<?xml version="1.0" encoding="UTF-8" ?>
<testsuite tests="1" failures="1" name="tests.Runner" time="4.976" errors="0" skipped="0">
  <properties>
    <property name="java.runtime.name" value="Java(TM) SE Runtime Environment"/>
    <property name="java.vm.version" value="11.0.17+10-LTS-269"/>
    <property name="sun.boot.library.path" value="C:\Program Files\Java\jdk-11.0.17\bin"/>
    <property name="maven.multiModuleProjectDirectory" value="C:\Users\kalyan chakravarthi\Desktop\kalyan\eclipse-workspace2 (2)\RestCountries.com"/>
    <property name="java.vm.vendor" value="Oracle Corporation"/>
    <property name="java.vendor.url" value="https://openjdk.java.net/"/>
    <property name="guice.disable.misplaced.annotation.check" value="true"/>
    <property name="path.separator" value=";"/>
    <property name="java.vm.name" value="Java HotSpot(TM) 64-Bit Server VM"/>
    <property name="sun.os.patch.level" value=""/>
    <property name="user.script" value=""/>
    <property name="user.country" value="US"/>
    <property name="sun.java.launcher" value="SUN_STANDARD"/>
    <property name="test" value="tests.Runner.java"/>
    <property name="java.vm.specification.name" value="Java Virtual Machine Specification"/>
    <property name="user.dir" value="C:\Users\kalyan chakravarthi\Desktop\kalyan\eclipse-workspace2 (2)\RestCountries.com"/>
    <property name="java.vm.compressedOopsMode" value="32-bit"/>
    <property name="java.runtime.version" value="11.0.17+10-LTS-269"/>
    <property name="java.awt.graphicsenv" value="sun.awt.Win32GraphicsEnvironment"/>
    <property name="os.arch" value="amd64"/>
    <property name="java.io.tmpdir" value="C:\Users\KALYAN~1\AppData\Local\Temp\"/>
    <property name="line.separator" value="
"/>
    <property name="java.vm.specification.vendor" value="Oracle Corporation"/>
    <property name="user.variant" value=""/>
    <property name="os.name" value="Windows 11"/>
    <property name="classworlds.conf" value="C:\apache-maven-3.8.4-bin\apache-maven-3.8.4\bin\m2.conf"/>
    <property name="sun.jnu.encoding" value="Cp1252"/>
    <property name="java.library.path" value="C:\Program Files\Java\jdk-11.0.17\bin;C:\WINDOWS\Sun\Java\bin;C:\WINDOWS\system32;C:\WINDOWS;C:\Program Files\Common Files\Oracle\Java\javapath;C:\Windows\system32;C:\Windows;C:\Windows\System32\Wbem;C:\Windows\System32\WindowsPowerShell\v1.0\;C:\Program Files (x86)\NVIDIA Corporation\PhysX\Common;C:\WINDOWS\system32;C:\WINDOWS;C:\WINDOWS\System32\Wbem;C:\WINDOWS\System32\WindowsPowerShell\v1.0\;C:\WINDOWS\System32\OpenSSH\;D:\batch258\apache-maven-3.8.4\bin;C:\Program Files\nodejs\;C:\ProgramData\chocolatey\bin;D:\batch259\axis2-1.8.1\bin;C:\Program Files\Java\jdk-11.0.17;C:\Program Files\nodejs\node_modules\npm\bin;C:\apache-maven-3.8.4-bin\apache-maven-3.8.4\bin;C:\Program Files\Git\cmd;C:\Program Files\dotnet\;C:\Program Files\MongoDB\Server\4.0\bin;C:\Users\kalyan chakravarthi\AppData\Local\Android\Sdk\tools\bin;C:\Users\kalyan chakravarthi\AppData\Local\Android\Sdk\tools;C:\Users\kalyan chakravarthi\AppData\Local\Android\Sdk\platform-tools;C:\Program Files\Docker\Docker\resources\bin;C:\Users\kalyan chakravarthi\scoop\shims;C:\Users\kalyan chakravarthi\AppData\Local\Programs\Python\Python311\Scripts\;C:\Users\kalyan chakravarthi\AppData\Local\Programs\Python\Python311\;C:\Users\kalyan chakravarthi\AppData\Local\Microsoft\WindowsApps;C:\Users\kalyan chakravarthi\AppData\Roaming\npm;C:\Users\kalyan chakravarthi\AppData\Local\Programs\Microsoft VS Code\bin;C:\Program Files\JetBrains\IntelliJ IDEA Community Edition 2023.1.2\bin;C:\Program Files\JetBrains\PyCharm Community Edition 2023.1.2\bin;;."/>
    <property name="maven.conf" value="C:\apache-maven-3.8.4-bin\apache-maven-3.8.4/conf"/>
    <property name="jdk.debug" value="release"/>
    <property name="java.class.version" value="55.0"/>
    <property name="java.specification.name" value="Java Platform API Specification"/>
    <property name="sun.management.compiler" value="HotSpot 64-Bit Tiered Compilers"/>
    <property name="os.version" value="10.0"/>
    <property name="library.jansi.path" value="C:\apache-maven-3.8.4-bin\apache-maven-3.8.4\lib\jansi-native"/>
    <property name="user.home" value="C:\Users\kalyan chakravarthi"/>
    <property name="user.timezone" value="Asia/Calcutta"/>
    <property name="java.awt.printerjob" value="sun.awt.windows.WPrinterJob"/>
    <property name="file.encoding" value="Cp1252"/>
    <property name="java.specification.version" value="11"/>
    <property name="user.name" value="kalyanchakravarthi"/>
    <property name="java.class.path" value="C:\apache-maven-3.8.4-bin\apache-maven-3.8.4\boot\plexus-classworlds-2.6.0.jar"/>
    <property name="java.vm.specification.version" value="11"/>
    <property name="sun.arch.data.model" value="64"/>
    <property name="sun.java.command" value="org.codehaus.plexus.classworlds.launcher.Launcher test -Dtest=tests.Runner.java"/>
    <property name="java.home" value="C:\Program Files\Java\jdk-11.0.17"/>
    <property name="user.language" value="en"/>
    <property name="java.specification.vendor" value="Oracle Corporation"/>
    <property name="awt.toolkit" value="sun.awt.windows.WToolkit"/>
    <property name="java.vm.info" value="mixed mode"/>
    <property name="java.version" value="11.0.17"/>
    <property name="java.vendor" value="Oracle Corporation"/>
    <property name="sun.stderr.encoding" value="cp437"/>
    <property name="maven.home" value="C:\apache-maven-3.8.4-bin\apache-maven-3.8.4"/>
    <property name="file.separator" value="\"/>
    <property name="java.version.date" value="2022-10-18"/>
    <property name="java.vendor.url.bug" value="https://bugreport.java.com/bugreport/"/>
    <property name="sun.io.unicode.encoding" value="UnicodeLittle"/>
    <property name="sun.cpu.endian" value="little"/>
    <property name="java.vendor.version" value="18.9"/>
    <property name="sun.stdout.encoding" value="cp437"/>
    <property name="sun.desktop" value="windows"/>
    <property name="sun.cpu.isalist" value="amd64"/>
  </properties>
  <testcase classname="tests.Runner" name="runScenario" time="4.976">
    <failure message="Get response: [cca2=PR].flag
Expected: ðŸ‡µðŸ‡·
     got: 🇵🇷
 ; [cca2=PR].translations.ara.common
Expected: Ø¨ÙˆÙŠØ±ØªÙˆØ±ÙŠÙƒÙˆ
     got: بويرتوريكو
 ; [cca2=PR].translations.ara.official
Expected: ÙƒÙˆÙ…Ù†ÙˆÙ„Ø« Ø¨ÙˆÙŠØ±ØªÙˆØ±ÙŠÙƒÙˆ
     got: كومنولث بويرتوريكو
 ; [cca2=PR].translations.est.official
Expected: Puerto Rico Ãœhendus
     got: Puerto Rico Ühendus
 ; [cca2=PR].translations.jpn.common
Expected: ãƒ—ã‚¨ãƒ«ãƒˆãƒªã‚³
     got: プエルトリコ
 ; [cca2=PR].translations.jpn.official
Expected: ãƒ—ã‚¨ãƒ«ãƒˆãƒªã‚³ã�®ã‚³ãƒ¢ãƒ³ã‚¦ã‚§ãƒ«ã‚¹
     got: プエルトリコのコモンウェルス
 ; [cca2=PR].translations.kor.common
Expected: í‘¸ì—�ë¥´í† ë¦¬ì½”
     got: 푸에르토리코
 ; [cca2=PR].translations.kor.official
Expected: í‘¸ì—�ë¥´í† ë¦¬ì½”
     got: 푸에르토리코
 ; [cca2=PR].translations.per.common
Expected: Ù¾ÙˆØ±ØªÙˆØ±ÛŒÚ©Ùˆ
     got: پورتوریکو
 ; [cca2=PR].translations.per.official
Expected: Ù‚Ù„Ù…Ø±Ùˆ Ù‡Ù…Ø³ÙˆØ¯ Ù¾ÙˆØ±ØªÙˆØ±ÛŒÚ©Ùˆ
     got: قلمرو همسود پورتوریکو
 ; [cca2=PR].translations.pol.official
Expected: Wolne Stowarzyszone PaÅ„stwo Portoryko
     got: Wolne Stowarzyszone Państwo Portoryko
 ; [cca2=PR].translations.rus.common
Expected: ÐŸÑƒÑ�Ñ€Ñ‚Ð¾-Ð Ð¸ÐºÐ¾
     got: Пуэрто-Рико
 ; [cca2=PR].translations.rus.official
Expected: Ð¡Ð¾Ð´Ñ€ÑƒÐ¶ÐµÑ�Ñ‚Ð²Ð¾ ÐŸÑƒÑ�Ñ€Ñ‚Ð¾-Ð Ð¸ÐºÐ¾
     got: Содружество Пуэрто-Рико
 ; [cca2=PR].translations.slk.official
Expected: PortorickÃ© spoloÄ�enstvo
     got: Portorické spoločenstvo
 ; [cca2=PR].translations.srp.common
Expected: ÐŸÐ¾Ñ€Ñ‚Ð¾Ñ€Ð¸ÐºÐ¾
     got: Порторико
 ; [cca2=PR].translations.srp.official
Expected: ÐšÐ¾Ð¼Ð¾Ð½Ð²ÐµÐ»Ñ‚ ÐŸÐ¾Ñ€Ñ‚Ð¾Ñ€Ð¸ÐºÐ¾
     got: Комонвелт Порторико
 ; [cca2=PR].translations.tur.official
Expected: Porto Riko TopluluÄŸu
     got: Porto Riko Topluluğu
 ; [cca2=PR].translations.urd.common
Expected: Ù¾ÙˆØ±Ù¹Ùˆ Ø±ÛŒÚ©Ùˆ
     got: پورٹو ریکو
 ; [cca2=PR].translations.urd.official
Expected:  Ø¯ÙˆÙ„ØªÙ� Ù…Ø´ØªØ±Ú©Û� Ù¾ÙˆØ±Ù¹Ùˆ Ø±ÛŒÚ©Ùˆ
     got:  دولتِ مشترکہ پورٹو ریکو
 ; [cca2=PR].translations.zho.common
Expected: æ³¢å¤šé»Žå�„
     got: 波多黎各
 ; [cca2=PR].translations.zho.official
Expected: æ³¢å¤šé»Žå�„è�”é‚¦
     got: 波多黎各联邦
 ; [cca2=PS].altSpellings[]
Expected: Dawlat Filasá¹­in
     but none found
 ; [cca2=PS].altSpellings[]
Unexpected: Dawlat Filasṭin
 ; [cca2=PS].currencies.EGP.symbol
Expected: EÂ£
     got: E£
 ; [cca2=PS].currencies.ILS.symbol
Expected: â‚ª
     got: ₪
 ; [cca2=PS].flag
Expected: ðŸ‡µðŸ‡¸
     got: 🇵🇸
 ; [cca2=PS].name.nativeName.ara.common
Expected: Ù�Ù„Ø³Ø·ÙŠÙ†
     got: فلسطين
 ; [cca2=PS].name.nativeName.ara.official
Expected: Ø¯ÙˆÙ„Ø© Ù�Ù„Ø³Ø·ÙŠÙ†
     got: دولة فلسطين
 ; [cca2=PS].tld[]
Expected: Ù�Ù„Ø³Ø·ÙŠÙ†.
     but none found
 ; [cca2=PS].tld[]
Unexpected: فلسطين.
 ; [cca2=PS].translations.ara.common
Expected: Ù�Ù„Ø³Ø·ÙŠÙ†
     got: فلسطين
 ; [cca2=PS].translations.ara.official
Expected: Ø¯ÙˆÙ„Ø© Ù�Ù„Ø³Ø·ÙŠÙ†
     got: دولة فلسطين
 ; [cca2=PS].translations.ces.official
Expected: StÃ¡t Palestina
     got: Stát Palestina
 ; [cca2=PS].translations.deu.common
Expected: PalÃ¤stina
     got: Palästina
 ; [cca2=PS].translations.deu.official
Expected: Staat PalÃ¤stina
     got: Staat Palästina
 ; [cca2=PS].translations.fra.official
Expected: Ã‰tat de Palestine
     got: État de Palestine
 ; [cca2=PS].translations.hun.official
Expected: Palesztin AutonÃ³mia
     got: Palesztin Autonómia
 ; [cca2=PS].translations.jpn.common
Expected: ãƒ‘ãƒ¬ã‚¹ãƒ�ãƒŠ
     got: パレスチナ
 ; [cca2=PS].translations.jpn.official
Expected: ãƒ‘ãƒ¬ã‚¹ãƒ�ãƒŠè‡ªæ²»æ”¿åºœ
     got: パレスチナ自治政府
 ; [cca2=PS].translations.kor.common
Expected: íŒ”ë ˆìŠ¤íƒ€ì�¸
     got: 팔레스타인
 ; [cca2=PS].translations.kor.official
Expected: íŒ”ë ˆìŠ¤íƒ€ì�¸êµ­
     got: 팔레스타인국
 ; [cca2=PS].translations.per.common
Expected: Ù�Ù„Ø³Ø·ÛŒÙ†
     got: فلسطین
 ; [cca2=PS].translations.per.official
Expected: Ø¯ÙˆÙ„Øª Ù�Ù„Ø³Ø·ÛŒÙ†
     got: دولت فلسطین
 ; [cca2=PS].translations.pol.official
Expected: PaÅ„stwo Palestyna
     got: Państwo Palestyna
 ; [cca2=PS].translations.rus.common
Expected: ÐŸÐ°Ð»ÐµÑ�Ñ‚Ð¸Ð½Ð°
     got: Палестина
 ; [cca2=PS].translations.rus.official
Expected: Ð“Ð¾Ñ�ÑƒÐ´Ð°Ñ€Ñ�Ñ‚Ð²Ð¾ ÐŸÐ°Ð»ÐµÑ�Ñ‚Ð¸Ð½Ð°
     got: Государство Палестина
 ; [cca2=PS].translations.slk.common
Expected: PalestÃ­na
     got: Palestína
 ; [cca2=PS].translations.slk.official
Expected: PalestÃ­nsky Å¡tÃ¡t
     got: Palestínsky štát
 ; [cca2=PS].translations.srp.common
Expected: ÐŸÐ°Ð»ÐµÑ�Ñ‚Ð¸Ð½Ð°
     got: Палестина
 ; [cca2=PS].translations.srp.official
Expected: Ð”Ñ€Ð¶Ð°Ð²Ð° ÐŸÐ°Ð»ÐµÑ�Ñ‚Ð¸Ð½Ð°
     got: Држава Палестина
 ; [cca2=PS].translations.urd.common
Expected: Ù�Ù„Ø³Ø·ÛŒÙ†
     got: فلسطین
 ; [cca2=PS].translations.urd.official
Expected: Ø±ÛŒØ§Ø³ØªÙ� Ù�Ù„Ø³Ø·ÛŒÙ†
     got: ریاستِ فلسطین
 ; [cca2=PS].translations.zho.common
Expected: å·´å‹’æ–¯å�¦
     got: 巴勒斯坦
 ; [cca2=PS].translations.zho.official
Expected: å·´å‹’æ–¯å�¦å›½
     got: 巴勒斯坦国
 ; [cca2=PT].altSpellings[]
Expected: RepÃºblica Portuguesa
     but none found
 ; [cca2=PT].altSpellings[]
Unexpected: República Portuguesa
 ; [cca2=PT].currencies.EUR.symbol
Expected: â‚¬
     got: €
 ; [cca2=PT].flag
Expected: ðŸ‡µðŸ‡¹
     got: 🇵🇹
 ; [cca2=PT].name.nativeName.por.official
Expected: RepÃºblica portuguÃªs
     got: República português
 ; [cca2=PT].translations.ara.common
Expected: Ø§Ù„Ø¨Ø±ØªØºØ§Ù„
     got: البرتغال
 ; [cca2=PT].translations.ara.official
Expected: Ø§Ù„Ø¬Ù…Ù‡ÙˆØ±ÙŠØ© Ø§Ù„Ø¨Ø±ØªØºØ§Ù„ÙŠØ©
     got: الجمهورية البرتغالية
 ; [cca2=PT].translations.ces.official
Expected: PortugalskÃ¡ republika
     got: Portugalská republika
 ; [cca2=PT].translations.fra.official
Expected: RÃ©publique portugaise
     got: République portugaise
 ; [cca2=PT].translations.hun.common
Expected: PortugÃ¡lia
     got: Portugália
 ; [cca2=PT].translations.hun.official
Expected: PortugÃ¡l KÃ¶ztÃ¡rsasÃ¡g
     got: Portugál Köztársaság
 ; [cca2=PT].translations.jpn.common
Expected: ãƒ�ãƒ«ãƒˆã‚¬ãƒ«
     got: ポルトガル
 ; [cca2=PT].translations.jpn.official
Expected: ãƒ�ãƒ«ãƒˆã‚¬ãƒ«å…±å’Œå›½
     got: ポルトガル共和国
 ; [cca2=PT].translations.kor.common
Expected: í�¬ë¥´íˆ¬ê°ˆ
     got: 포르투갈
 ; [cca2=PT].translations.kor.official
Expected: í�¬ë¥´íˆ¬ê°ˆ ê³µí™”êµ­
     got: 포르투갈 공화국
 ; [cca2=PT].translations.per.common
Expected: Ù¾Ø±ØªØºØ§Ù„
     got: پرتغال
 ; [cca2=PT].translations.per.official
Expected: Ø¬Ù…Ù‡ÙˆØ±ÛŒ Ù¾Ø±ØªØºØ§Ù„
     got: جمهوری پرتغال
 ; [cca2=PT].translations.por.official
Expected: RepÃºblica portuguÃªs
     got: República português
 ; [cca2=PT].translations.rus.common
Expected: ÐŸÐ¾Ñ€Ñ‚ÑƒÐ³Ð°Ð»Ð¸Ñ�
     got: Португалия
 ; [cca2=PT].translations.rus.official
Expected: ÐŸÐ¾Ñ€Ñ‚ÑƒÐ³Ð°Ð»ÑŒÑ�ÐºÐ°Ñ� Ð ÐµÑ�Ð¿ÑƒÐ±Ð»Ð¸ÐºÐ°
     got: Португальская Республика
 ; [cca2=PT].translations.slk.official
Expected: PortugalskÃ¡ republika
     got: Portugalská republika
 ; [cca2=PT].translations.spa.official
Expected: RepÃºblica Portuguesa
     got: República Portuguesa
 ; [cca2=PT].translations.srp.common
Expected: ÐŸÐ¾Ñ€Ñ‚ÑƒÐ³Ð°Ð»
     got: Португал
 ; [cca2=PT].translations.srp.official
Expected: ÐŸÐ¾Ñ€Ñ‚ÑƒÐ³Ð°Ð»Ñ�ÐºÐ° Ð ÐµÐ¿ÑƒÐ±Ð»Ð¸ÐºÐ°
     got: Португалска Република
 ; [cca2=PT].translations.urd.common
Expected: Ù¾Ø±ØªÚ¯Ø§Ù„
     got: پرتگال
 ; [cca2=PT].translations.urd.official
Expected: Ø¬Ù…Û�ÙˆØ±ÛŒÛ� Ù¾Ø±ØªÚ¯Ø§Ù„
     got: جمہوریہ پرتگال
 ; [cca2=PT].translations.zho.common
Expected: è‘¡è�„ç‰™
     got: 葡萄牙
 ; [cca2=PT].translations.zho.official
Expected: è‘¡è�„ç‰™å…±å’Œå›½
     got: 葡萄牙共和国
 ; [cca2=PW].flag
Expected: ðŸ‡µðŸ‡¼
     got: 🇵🇼
 ; [cca2=PW].translations.ara.common
Expected: Ø¨Ø§Ù„Ø§Ùˆ
     got: بالاو
 ; [cca2=PW].translations.ara.official
Expected: Ø¬Ù…Ù‡ÙˆØ±ÙŠØ© Ø¨Ø§Ù„Ø§Ùˆ
     got: جمهورية بالاو
 ; [cca2=PW].translations.fra.official
Expected: RÃ©publique des Palaos (Palau)
     got: République des Palaos (Palau)
 ; [cca2=PW].translations.hun.official
Expected: Palaui KÃ¶ztÃ¡rsasÃ¡g
     got: Palaui Köztársaság
 ; [cca2=PW].translations.jpn.common
Expected: ãƒ‘ãƒ©ã‚ª
     got: パラオ
 ; [cca2=PW].translations.jpn.official
Expected: ãƒ‘ãƒ©ã‚ªå…±å’Œå›½
     got: パラオ共和国
 ; [cca2=PW].translations.kor.common
Expected: íŒ”ë�¼ìš°
     got: 팔라우
 ; [cca2=PW].translations.kor.official
Expected: íŒ”ë�¼ìš° ê³µí™”êµ­
     got: 팔라우 공화국
 ; [cca2=PW].translations.per.common
Expected: Ù¾Ø§Ù„Ø§Ø¦Ùˆ
     got: پالائو
 ; [cca2=PW].translations.per.official
Expected: Ø¬Ù…Ù‡ÙˆØ±ÛŒ Ù¾Ø§Ù„Ø§Ø¦Ùˆ
     got: جمهوری پالائو
 ; [cca2=PW].translations.por.official
Expected: RepÃºblica de Palau
     got: República de Palau
 ; [cca2=PW].translations.rus.common
Expected: ÐŸÐ°Ð»Ð°Ñƒ
     got: Палау
 ; [cca2=PW].translations.rus.official
Expected: Ð ÐµÑ�Ð¿ÑƒÐ±Ð»Ð¸ÐºÐ° ÐŸÐ°Ð»Ð°Ñƒ
     got: Республика Палау
 ; [cca2=PW].translations.slk.official
Expected: PalauskÃ¡ republika
     got: Palauská republika
 ; [cca2=PW].translations.spa.official
Expected: RepÃºblica de Palau
     got: República de Palau
 ; [cca2=PW].translations.srp.common
Expected: ÐŸÐ°Ð»Ð°Ñƒ
     got: Палау
 ; [cca2=PW].translations.srp.official
Expected: Ð ÐµÐ¿ÑƒÐ±Ð»Ð¸ÐºÐ° ÐŸÐ°Ð»Ð°Ñƒ
     got: Република Палау
 ; [cca2=PW].translations.urd.common
Expected: Ù¾Ù„Ø§Ø¤
     got: پلاؤ
 ; [cca2=PW].translations.urd.official
Expected: Ø¬Ù…Û�ÙˆØ±ÛŒÛ� Ù¾Ù„Ø§Ø¤
     got: جمہوریہ پلاؤ
 ; [cca2=PW].translations.zho.common
Expected: å¸•åŠ³
     got: 帕劳
 ; [cca2=PW].translations.zho.official
Expected: å¸•åŠ³å…±å’Œå›½
     got: 帕劳共和国
 ; [cca2=PY].altSpellings[]
Expected: TetÃ£ ParaguÃ¡i
     but none found
 ; [cca2=PY].altSpellings[]
Expected: RepÃºblica del Paraguay
     but none found
 ; [cca2=PY].altSpellings[]
Unexpected: República del Paraguay
 ; [cca2=PY].altSpellings[]
Unexpected: Tetã Paraguái
 ; [cca2=PY].capital[]
Expected: AsunciÃ³n
     but none found
 ; [cca2=PY].capital[]
Unexpected: Asunción
 ; [cca2=PY].currencies.PYG.name
Expected: Paraguayan guaranÃ­
     got: Paraguayan guaraní
 ; [cca2=PY].currencies.PYG.symbol
Expected: â‚²
     got: ₲
 ; [cca2=PY].flag
Expected: ðŸ‡µðŸ‡¾
     got: 🇵🇾
 ; [cca2=PY].languages.grn
Expected: GuaranÃ­
     got: Guaraní
 ; [cca2=PY].name.nativeName.grn.common
Expected: ParaguÃ¡i
     got: Paraguái
 ; [cca2=PY].name.nativeName.grn.official
Expected: TetÃ£ ParaguÃ¡i
     got: Tetã Paraguái
 ; [cca2=PY].name.nativeName.spa.official
Expected: RepÃºblica de Paraguay
     got: República de Paraguay
 ; [cca2=PY].translations.ara.common
Expected: Ø¨Ø§Ø±Ø§ØºÙˆØ§ÙŠ
     got: باراغواي
 ; [cca2=PY].translations.ara.official
Expected: Ø¬Ù…Ù‡ÙˆØ±ÙŠØ© Ø¨Ø§Ø±Ø§ØºÙˆØ§ÙŠ
     got: جمهورية باراغواي
 ; [cca2=PY].translations.ces.official
Expected: ParaguayskÃ¡ republika
     got: Paraguayská republika
 ; [cca2=PY].translations.fra.official
Expected: RÃ©publique du Paraguay
     got: République du Paraguay
 ; [cca2=PY].translations.hun.official
Expected: Paraguayi KÃ¶ztÃ¡rsasÃ¡g
     got: Paraguayi Köztársaság
 ; [cca2=PY].translations.jpn.common
Expected: ãƒ‘ãƒ©ã‚°ã‚¢ã‚¤
     got: パラグアイ
 ; [cca2=PY].translations.jpn.official
Expected: ãƒ‘ãƒ©ã‚°ã‚¢ã‚¤å…±å’Œå›½
     got: パラグアイ共和国
 ; [cca2=PY].translations.kor.common
Expected: íŒŒë�¼ê³¼ì�´
     got: 파라과이
 ; [cca2=PY].translations.kor.official
Expected: íŒŒë�¼ê³¼ì�´ ê³µí™”êµ­
     got: 파라과이 공화국
 ; [cca2=PY].translations.per.common
Expected: Ù¾Ø§Ø±Ø§Ú¯ÙˆØ¦Ù‡
     got: پاراگوئه
 ; [cca2=PY].translations.per.official
Expected: Ø¬Ù…Ù‡ÙˆØ±ÛŒ Ù¾Ø§Ø±Ø§Ú¯ÙˆØ¦Ù‡
     got: جمهوری پاراگوئه
 ; [cca2=PY].translations.por.official
Expected: RepÃºblica do Paraguai
     got: República do Paraguai
 ; [cca2=PY].translations.rus.common
Expected: ÐŸÐ°Ñ€Ð°Ð³Ð²Ð°Ð¹
     got: Парагвай
 ; [cca2=PY].translations.rus.official
Expected: Ð ÐµÑ�Ð¿ÑƒÐ±Ð»Ð¸ÐºÐ° ÐŸÐ°Ñ€Ð°Ð³Ð²Ð°Ð¹
     got: Республика Парагвай
 ; [cca2=PY].translations.slk.official
Expected: ParaguajskÃ¡ republika
     got: Paraguajská republika
 ; [cca2=PY].translations.spa.official
Expected: RepÃºblica de Paraguay
     got: República de Paraguay
 ; [cca2=PY].translations.srp.common
Expected: ÐŸÐ°Ñ€Ð°Ð³Ð²Ð°Ñ˜
     got: Парагвај
 ; [cca2=PY].translations.srp.official
Expected: Ð ÐµÐ¿ÑƒÐ±Ð»Ð¸ÐºÐ° ÐŸÐ°Ñ€Ð°Ð³Ð²Ð°Ñ˜
     got: Република Парагвај
 ; [cca2=PY].translations.urd.common
Expected: Ù¾ÛŒØ±Ø§Ú¯ÙˆØ¦Û’
     got: پیراگوئے
 ; [cca2=PY].translations.urd.official
Expected: Ø¬Ù…Û�ÙˆØ±ÛŒÛ� Ù¾ÛŒØ±Ø§Ú¯ÙˆØ¦Û’
     got: جمہوریہ پیراگوئے
 ; [cca2=PY].translations.zho.common
Expected: å·´æ‹‰åœ­
     got: 巴拉圭
 ; [cca2=PY].translations.zho.official
Expected: å·´æ‹‰åœ­å…±å’Œå›½
     got: 巴拉圭共和国
 ; [cca2=QA].altSpellings[]
Expected: Dawlat Qaá¹­ar
     but none found
 ; [cca2=QA].altSpellings[]
Unexpected: Dawlat Qaṭar
 ; [cca2=QA].currencies.QAR.symbol
Expected: Ø±.Ù‚
     got: ر.ق
 ; [cca2=QA].flag
Expected: ðŸ‡¶ðŸ‡¦
     got: 🇶🇦
 ; [cca2=QA].name.nativeName.ara.common
Expected: Ù‚Ø·Ø±
     got: قطر
 ; [cca2=QA].name.nativeName.ara.official
Expected: Ø¯ÙˆÙ„Ø© Ù‚Ø·Ø±
     got: دولة قطر
 ; [cca2=QA].tld[]
Expected: Ù‚Ø·Ø±.
     but none found
 ; [cca2=QA].tld[]
Unexpected: قطر.
 ; [cca2=QA].translations.ara.common
Expected: Ù‚Ø·Ø±
     got: قطر
 ; [cca2=QA].translations.ara.official
Expected: Ø¯ÙˆÙ„Ø© Ù‚Ø·Ø±
     got: دولة قطر
 ; [cca2=QA].translations.ces.official
Expected: StÃ¡t Katar
     got: Stát Katar
 ; [cca2=QA].translations.fra.official
Expected: Ã‰tat du Qatar
     got: État du Qatar
 ; [cca2=QA].translations.hrv.official
Expected: DrÅ¾ava Katar
     got: Država Katar
 ; [cca2=QA].translations.hun.official
Expected: Katari Ã�llam
     got: Katari Állam
 ; [cca2=QA].translations.jpn.common
Expected: ã‚«ã‚¿ãƒ¼ãƒ«
     got: カタール
 ; [cca2=QA].translations.jpn.official
Expected: ã‚«ã‚¿ãƒ¼ãƒ«å›½
     got: カタール国
 ; [cca2=QA].translations.kor.common
Expected: ì¹´íƒ€ë¥´
     got: 카타르
 ; [cca2=QA].translations.kor.official
Expected: ì¹´íƒ€ë¥´êµ­
     got: 카타르국
 ; [cca2=QA].translations.per.common
Expected: Ù‚Ø·Ø±
     got: قطر
 ; [cca2=QA].translations.per.official
Expected: Ø¯ÙˆÙ„Øª Ù‚Ø·Ø±
     got: دولت قطر
 ; [cca2=QA].translations.pol.official
Expected: PaÅ„stwo Katar
     got: Państwo Katar
 ; [cca2=QA].translations.rus.common
Expected: ÐšÐ°Ñ‚Ð°Ñ€
     got: Катар
 ; [cca2=QA].translations.rus.official
Expected: Ð“Ð¾Ñ�ÑƒÐ´Ð°Ñ€Ñ�Ñ‚Ð²Ð¾ ÐšÐ°Ñ‚Ð°Ñ€
     got: Государство Катар
 ; [cca2=QA].translations.slk.official
Expected: KatarskÃ½ Å¡tÃ¡t
     got: Katarský štát
 ; [cca2=QA].translations.srp.common
Expected: ÐšÐ°Ñ‚Ð°Ñ€
     got: Катар
 ; [cca2=QA].translations.srp.official
Expected: Ð”Ñ€Ð¶Ð°Ð²Ð° ÐšÐ°Ñ‚Ð°Ñ€
     got: Држава Катар
 ; [cca2=QA].translations.urd.common
Expected: Ù‚Ø·Ø±
     got: قطر
 ; [cca2=QA].translations.urd.official
Expected: Ø±ÛŒØ§Ø³ØªÙ� Ù‚Ø·Ø±
     got: ریاستِ قطر
 ; [cca2=QA].translations.zho.common
Expected: å�¡å¡”å°”
     got: 卡塔尔
 ; [cca2=QA].translations.zho.official
Expected: å�¡å¡”å°”å›½
     got: 卡塔尔国
 ; [cca2=AD].currencies.EUR.symbol
Expected: â‚¬
     got: €
 ; [cca2=AD].flag
Expected: ðŸ‡¦ðŸ‡©
     got: 🇦🇩
 ; [cca2=AD].translations.ara.common
Expected: Ø£Ù†Ø¯ÙˆØ±Ø§
     got: أندورا
 ; [cca2=AD].translations.ara.official
Expected: Ø¥Ù…Ø§Ø±Ø© Ø£Ù†Ø¯ÙˆØ±Ø§
     got: إمارة أندورا
 ; [cca2=AD].translations.bre.official
Expected: PriÃ±selezh Andorra
     got: Priñselezh Andorra
 ; [cca2=AD].translations.ces.official
Expected: AndorrskÃ© knÃ­Å¾ectvÃ­
     got: Andorrské knížectví
 ; [cca2=AD].translations.deu.official
Expected: FÃ¼rstentum Andorra
     got: Fürstentum Andorra
 ; [cca2=AD].translations.est.official
Expected: Andorra VÃ¼rstiriik
     got: Andorra Vürstiriik
 ; [cca2=AD].translations.fra.official
Expected: PrincipautÃ© d&apos;Andorre
     got: Principauté d&apos;Andorre
 ; [cca2=AD].translations.hrv.official
Expected: KneÅ¾evina Andora
     got: Kneževina Andora
 ; [cca2=AD].translations.jpn.common
Expected: ã‚¢ãƒ³ãƒ‰ãƒ©
     got: アンドラ
 ; [cca2=AD].translations.jpn.official
Expected: ã‚¢ãƒ³ãƒ‰ãƒ©å…¬å›½
     got: アンドラ公国
 ; [cca2=AD].translations.kor.common
Expected: ì•ˆë�„ë�¼
     got: 안도라
 ; [cca2=AD].translations.kor.official
Expected: ì•ˆë�„ë�¼ ê³µêµ­
     got: 안도라 공국
 ; [cca2=AD].translations.per.common
Expected: Ø¢Ù†Ø¯ÙˆØ±Ø§
     got: آندورا
 ; [cca2=AD].translations.per.official
Expected: Ø´Ø§Ù‡Ø²Ø§Ø¯Ù‡â€ŒÙ†Ø´ÛŒÙ† Ø¢Ù†Ø¯ÙˆØ±Ø§
     got: شاهزاده‌نشین آندورا
 ; [cca2=AD].translations.pol.official
Expected: KsiÄ™stwo Andory
     got: Księstwo Andory
 ; [cca2=AD].translations.rus.common
Expected: Ð�Ð½Ð´Ð¾Ñ€Ñ€Ð°
     got: Андорра
 ; [cca2=AD].translations.rus.official
Expected: ÐšÐ½Ñ�Ð¶ÐµÑ�Ñ‚Ð²Ð¾ Ð�Ð½Ð´Ð¾Ñ€Ñ€Ð°
     got: Княжество Андорра
 ; [cca2=AD].translations.slk.official
Expected: AndorrskÃ© knieÅ¾atstvo
     got: Andorrské kniežatstvo
 ; [cca2=AD].translations.srp.common
Expected: Ð�Ð½Ð´Ð¾Ñ€Ð°
     got: Андора
 ; [cca2=AD].translations.srp.official
Expected: ÐšÐ½ÐµÐ¶ÐµÐ²Ð¸Ð½Ð° Ð�Ð½Ð´Ð¾Ñ€Ð°
     got: Кнежевина Андора
 ; [cca2=AD].translations.swe.official
Expected: FurstendÃ¶met Andorra
     got: Furstendömet Andorra
 ; [cca2=AD].translations.tur.official
Expected: Andorra PrensliÄŸi
     got: Andorra Prensliği
 ; [cca2=AD].translations.urd.common
Expected: Ø§Ù†ÚˆÙˆØ±Ø§
     got: انڈورا
 ; [cca2=AD].translations.urd.official
Expected: Ø§Ù…Ø§Ø±Ø§ØªÙ� Ø§Ù†ÚˆÙˆØ±Ø§
     got: اماراتِ انڈورا
 ; [cca2=AD].translations.zho.common
Expected: å®‰é�“å°”
     got: 安道尔
 ; [cca2=AD].translations.zho.official
Expected: å®‰é�“å°”å…¬å›½
     got: 安道尔公国
 ; [cca2=AE].currencies.AED.symbol
Expected: Ø¯.Ø¥
     got: د.إ
 ; [cca2=AE].flag
Expected: ðŸ‡¦ðŸ‡ª
     got: 🇦🇪
 ; [cca2=AE].name.nativeName.ara.common
Expected: Ø¯ÙˆÙ„Ø© Ø§Ù„Ø¥Ù…Ø§Ø±Ø§Øª Ø§Ù„Ø¹Ø±Ø¨ÙŠØ© Ø§Ù„Ù…ØªØ­Ø¯Ø©
     got: دولة الإمارات العربية المتحدة
 ; [cca2=AE].name.nativeName.ara.official
Expected: Ø§Ù„Ø¥Ù…Ø§Ø±Ø§Øª Ø§Ù„Ø¹Ø±Ø¨ÙŠØ© Ø§Ù„Ù…ØªØ­Ø¯Ø©
     got: الإمارات العربية المتحدة
 ; [cca2=AE].tld[]
Expected: Ø§Ù…Ø§Ø±Ø§Øª.
     but none found
 ; [cca2=AE].tld[]
Unexpected: امارات.
 ; [cca2=AE].translations.ara.common
Expected: Ø¯ÙˆÙ„Ø© Ø§Ù„Ø¥Ù…Ø§Ø±Ø§Øª Ø§Ù„Ø¹Ø±Ø¨ÙŠØ© Ø§Ù„Ù…ØªØ­Ø¯Ø©
     got: دولة الإمارات العربية المتحدة
 ; [cca2=AE].translations.ara.official
Expected: Ø§Ù„Ø¥Ù…Ø§Ø±Ø§Øª Ø§Ù„Ø¹Ø±Ø¨ÙŠØ© Ø§Ù„Ù…ØªØ­Ø¯Ø©
     got: الإمارات العربية المتحدة
 ; [cca2=AE].translations.bre.common
Expected: EmirelezhioÃ¹ Arab Unanet
     got: Emirelezhioù Arab Unanet
 ; [cca2=AE].translations.bre.official
Expected: EmirelezhioÃ¹ Arab Unanet
     got: Emirelezhioù Arab Unanet
 ; [cca2=AE].translations.ces.common
Expected: ArabskÃ© emirÃ¡ty
     got: Arabské emiráty
 ; [cca2=AE].translations.ces.official
Expected: SpojenÃ© arabskÃ© emirÃ¡ty
     got: Spojené arabské emiráty
 ; [cca2=AE].translations.est.common
Expected: Araabia Ãœhendemiraadid
     got: Araabia Ühendemiraadid
 ; [cca2=AE].translations.est.official
Expected: Araabia Ãœhendemiraadid
     got: Araabia Ühendemiraadid
 ; [cca2=AE].translations.fra.common
Expected: Ã‰mirats arabes unis
     got: Émirats arabes unis
 ; [cca2=AE].translations.fra.official
Expected: Ã‰mirats arabes unis
     got: Émirats arabes unis
 ; [cca2=AE].translations.hun.common
Expected: EgyesÃ¼lt Arab EmÃ­rsÃ©gek
     got: Egyesült Arab Emírségek
 ; [cca2=AE].translations.hun.official
Expected: EgyesÃ¼lt Arab EmÃ­rsÃ©gek
     got: Egyesült Arab Emírségek
 ; [cca2=AE].translations.jpn.common
Expected: ã‚¢ãƒ©ãƒ–é¦–é•·å›½é€£é‚¦
     got: アラブ首長国連邦
 ; [cca2=AE].translations.jpn.official
Expected: ã‚¢ãƒ©ãƒ–é¦–é•·å›½é€£é‚¦
     got: アラブ首長国連邦
 ; [cca2=AE].translations.kor.common
Expected: ì•„ëž�ì—�ë¯¸ë¦¬íŠ¸
     got: 아랍에미리트
 ; [cca2=AE].translations.kor.official
Expected: ì•„ëž� í† í›„êµ­ ì—°ë°©
     got: 아랍 토후국 연방
 ; [cca2=AE].translations.per.common
Expected: Ø§Ù…Ø§Ø±Ø§Øª
     got: امارات
 ; [cca2=AE].translations.per.official
Expected: Ø§Ù…Ø§Ø±Ø§Øª Ù…ØªØ­Ø¯Ù‡ Ø¹Ø±Ø¨ÛŒ
     got: امارات متحده عربی
 ; [cca2=AE].translations.por.common
Expected: Emirados Ã�rabes Unidos
     got: Emirados Árabes Unidos
 ; [cca2=AE].translations.por.official
Expected: Emirados Ã�rabes Unidos
     got: Emirados Árabes Unidos
 ; [cca2=AE].translations.rus.common
Expected: ÐžÐ±ÑŠÐµÐ´Ð¸Ð½Ñ‘Ð½Ð½Ñ‹Ðµ Ð�Ñ€Ð°Ð±Ñ�ÐºÐ¸Ðµ Ð­Ð¼Ð¸Ñ€Ð°Ñ‚Ñ‹
     got: Объединённые Арабские Эмираты
 ; [cca2=AE].translations.rus.official
Expected: ÐžÐ±ÑŠÐµÐ´Ð¸Ð½ÐµÐ½Ð½Ñ‹Ðµ Ð�Ñ€Ð°Ð±Ñ�ÐºÐ¸Ðµ Ð­Ð¼Ð¸Ñ€Ð°Ñ‚Ñ‹
     got: Объединенные Арабские Эмираты
 ; [cca2=AE].translations.slk.common
Expected: ArabskÃ© emirÃ¡ty
     got: Arabské emiráty
 ; [cca2=AE].translations.slk.official
Expected: SpojenÃ© arabskÃ© emirÃ¡ty
     got: Spojené arabské emiráty
 ; [cca2=AE].translations.spa.common
Expected: Emiratos Ã�rabes Unidos
     got: Emiratos Árabes Unidos
 ; [cca2=AE].translations.spa.official
Expected: Emiratos Ã�rabes Unidos
     got: Emiratos Árabes Unidos
 ; [cca2=AE].translations.srp.common
Expected: Ð£Ñ˜ÐµÐ´Ð¸ÑšÐµÐ½Ð¸ Ð�Ñ€Ð°Ð¿Ñ�ÐºÐ¸ Ð•Ð¼Ð¸Ñ€Ð°Ñ‚Ð¸
     got: Уједињени Арапски Емирати
 ; [cca2=AE].translations.srp.official
Expected: Ð£Ñ˜ÐµÐ´Ð¸ÑšÐµÐ½Ð¸ Ð�Ñ€Ð°Ð¿Ñ�ÐºÐ¸ Ð•Ð¼Ð¸Ñ€Ð°Ñ‚Ð¸
     got: Уједињени Арапски Емирати
 ; [cca2=AE].translations.swe.common
Expected: FÃ¶renade Arabemiraten
     got: Förenade Arabemiraten
 ; [cca2=AE].translations.swe.official
Expected: FÃ¶renade Arabemiraten
     got: Förenade Arabemiraten
 ; [cca2=AE].translations.tur.common
Expected: BirleÅŸik Arap Emirlikleri
     got: Birleşik Arap Emirlikleri
 ; [cca2=AE].translations.tur.official
Expected: BirleÅŸik Arap Emirlikleri
     got: Birleşik Arap Emirlikleri
 ; [cca2=AE].translations.urd.common
Expected: Ù…ØªØ­Ø¯Û� Ø¹Ø±Ø¨ Ø§Ù…Ø§Ø±Ø§Øª
     got: متحدہ عرب امارات
 ; [cca2=AE].translations.urd.official
Expected: Ù…ØªØ­Ø¯Û� Ø¹Ø±Ø¨ Ø§Ù…Ø§Ø±Ø§Øª
     got: متحدہ عرب امارات
 ; [cca2=AE].translations.zho.common
Expected: é˜¿æ‹‰ä¼¯è�”å�ˆé…‹é•¿å›½
     got: 阿拉伯联合酋长国
 ; [cca2=AE].translations.zho.official
Expected: é˜¿æ‹‰ä¼¯è�”å�ˆé…‹é•¿å›½
     got: 阿拉伯联合酋长国
 ; [cca2=AF].altSpellings[]
Expected: AfÄ¡Ä�nistÄ�n
     but none found
 ; [cca2=AF].altSpellings[]
Unexpected: Afġānistān
 ; [cca2=AF].currencies.AFN.symbol
Expected: Ø‹
     got: ؋
 ; [cca2=AF].flag
Expected: ðŸ‡¦ðŸ‡«
     got: 🇦🇫
 ; [cca2=AF].flags.alt
Expected: The flag of the Islamic Emirate of Afghanistan has a white field with Arabic inscriptions â€” the Shahada â€” in black across its center.
     got: The flag of the Islamic Emirate of Afghanistan has a white field with Arabic inscriptions — the Shahada — in black across its center.
 ; [cca2=AF].name.nativeName.prs.common
Expected: Ø§Ù�ØºØ§Ù†Ø³ØªØ§Ù†
     got: افغانستان
 ; [cca2=AF].name.nativeName.prs.official
Expected: Ø¬Ù…Ù‡ÙˆØ±ÛŒ Ø§Ø³Ù„Ø§Ù…ÛŒ Ø§Ù�ØºØ§Ù†Ø³ØªØ§Ù†
     got: جمهوری اسلامی افغانستان
 ; [cca2=AF].name.nativeName.pus.common
Expected: Ø§Ù�ØºØ§Ù†Ø³ØªØ§Ù†
     got: افغانستان
 ; [cca2=AF].name.nativeName.pus.official
Expected: Ø¯ Ø§Ù�ØºØ§Ù†Ø³ØªØ§Ù† Ø§Ø³Ù„Ø§Ù…ÙŠ Ø¬Ù…Ù‡ÙˆØ±ÛŒØª
     got: د افغانستان اسلامي جمهوریت
 ; [cca2=AF].translations.ara.common
Expected: Ø£Ù�ØºØ§Ù†Ø³ØªØ§Ù†
     got: أفغانستان
 ; [cca2=AF].translations.ara.official
Expected: Ø¬Ù…Ù‡ÙˆØ±ÙŠØ© Ø£Ù�Ù�Ø§Ù†Ø³ØªØ§Ù† Ø§Ù„Ø¥Ø³Ù„Ø§Ù…ÙŠØ©
     got: جمهورية أففانستان الإسلامية
 ; [cca2=AF].translations.ces.common
Expected: AfghÃ¡nistÃ¡n
     got: Afghánistán
 ; [cca2=AF].translations.ces.official
Expected: AfghÃ¡nskÃ¡ islÃ¡mskÃ¡ republika
     got: Afghánská islámská republika
 ; [cca2=AF].translations.fra.official
Expected: RÃ©publique islamique d&apos;Afghanistan
     got: République islamique d&apos;Afghanistan
 ; [cca2=AF].translations.hun.common
Expected: AfganisztÃ¡n
     got: Afganisztán
 ; [cca2=AF].translations.hun.official
Expected: AfganisztÃ¡ni IszlÃ¡m KÃ¶ztÃ¡rsasÃ¡g
     got: Afganisztáni Iszlám Köztársaság
 ; [cca2=AF].translations.jpn.common
Expected: ã‚¢ãƒ•ã‚¬ãƒ‹ã‚¹ã‚¿ãƒ³
     got: アフガニスタン
 ; [cca2=AF].translations.jpn.official
Expected: ã‚¢ãƒ•ã‚¬ãƒ‹ã‚¹ã‚¿ãƒ³Â·ã‚¤ã‚¹ãƒ©ãƒ å…±å’Œå›½
     got: アフガニスタン·イスラム共和国
 ; [cca2=AF].translations.kor.common
Expected: ì•„í”„ê°€ë‹ˆìŠ¤íƒ„
     got: 아프가니스탄
 ; [cca2=AF].translations.kor.official
Expected: ì•„í”„ê°€ë‹ˆìŠ¤íƒ„ ì�´ìŠ¬ëžŒ ê³µí™”êµ­
     got: 아프가니스탄 이슬람 공화국
 ; [cca2=AF].translations.per.common
Expected: Ø§Ù�ØºØ§Ù†Ø³ØªØ§Ù†
     got: افغانستان
 ; [cca2=AF].translations.per.official
Expected: Ø¬Ù…Ù‡ÙˆØ±ÛŒ Ø§Ø³Ù„Ø§Ù…ÛŒ Ø§Ù�ØºØ§Ù†Ø³ØªØ§Ù†
     got: جمهوری اسلامی افغانستان
 ; [cca2=AF].translations.por.common
Expected: AfeganistÃ£o
     got: Afeganistão
 ; [cca2=AF].translations.por.official
Expected: RepÃºblica IslÃ¢mica do AfeganistÃ£o
     got: República Islâmica do Afeganistão
 ; [cca2=AF].translations.rus.common
Expected: Ð�Ñ„Ð³Ð°Ð½Ð¸Ñ�Ñ‚Ð°Ð½
     got: Афганистан
 ; [cca2=AF].translations.rus.official
Expected: Ð˜Ñ�Ð»Ð°Ð¼Ñ�ÐºÐ°Ñ� Ð ÐµÑ�Ð¿ÑƒÐ±Ð»Ð¸ÐºÐ° Ð�Ñ„Ð³Ð°Ð½Ð¸Ñ�Ñ‚Ð°Ð½
     got: Исламская Республика Афганистан
 ; [cca2=AF].translations.slk.official
Expected: AfgÃ¡nsky islamskÃ½ Å¡tÃ¡t
     got: Afgánsky islamský štát
 ; [cca2=AF].translations.spa.common
Expected: AfganistÃ¡n
     got: Afganistán
 ; [cca2=AF].translations.spa.official
Expected: RepÃºblica IslÃ¡mica de AfganistÃ¡n
     got: República Islámica de Afganistán
 ; [cca2=AF].translations.srp.common
Expected: Ð�Ð²Ð³Ð°Ð½Ð¸Ñ�Ñ‚Ð°Ð½
     got: Авганистан
 ; [cca2=AF].translations.srp.official
Expected: Ð˜Ñ�Ð»Ð°Ð¼Ñ�ÐºÐ° Ð ÐµÐ¿ÑƒÐ±Ð»Ð¸ÐºÐ° Ð�Ð²Ð³Ð°Ð½Ð¸Ñ�Ñ‚Ð°Ð½
     got: Исламска Република Авганистан
 ; [cca2=AF].translations.tur.official
Expected: Afganistan Ä°slam Cumhuriyeti
     got: Afganistan İslam Cumhuriyeti
 ; [cca2=AF].translations.urd.common
Expected: Ø§Ù�ØºØ§Ù†Ø³ØªØ§Ù†
     got: افغانستان
 ; [cca2=AF].translations.urd.official
Expected: Ø§Ø³Ù„Ø§Ù…ÛŒ Ø¬Ù…Û�ÙˆØ±ÛŒÛ� Ø§Ù�ØºØ§Ù†Ø³ØªØ§Ù†
     got: اسلامی جمہوریہ افغانستان
 ; [cca2=AF].translations.zho.common
Expected: é˜¿å¯Œæ±—
     got: 阿富汗
 ; [cca2=AF].translations.zho.official
Expected: é˜¿å¯Œæ±—ä¼Šæ–¯å…°å…±å’Œå›½
     got: 阿富汗伊斯兰共和国
 ; [cca2=AG].flag
Expected: ðŸ‡¦ðŸ‡¬
     got: 🇦🇬
 ; [cca2=AG].translations.ara.common
Expected: Ø£Ù†ØªÙŠØºÙˆØ§ ÙˆØ¨Ø§Ø±Ø¨ÙˆØ¯Ø§
     got: أنتيغوا وباربودا
 ; [cca2=AG].translations.ara.official
Expected: Ø£Ù†ØªÙŠØºÙˆØ§ ÙˆØ¨Ø§Ø±Ø¨ÙˆØ¯Ø§
     got: أنتيغوا وباربودا
 ; [cca2=AG].translations.hun.common
Expected: Antigua Ã©s Barbuda
     got: Antigua és Barbuda
 ; [cca2=AG].translations.hun.official
Expected: Antigua Ã©s Barbuda
     got: Antigua és Barbuda
 ; [cca2=AG].translations.jpn.common
Expected: ã‚¢ãƒ³ãƒ†ã‚£ã‚°ã‚¢ãƒ»ãƒ�ãƒ¼ãƒ–ãƒ¼ãƒ€
     got: アンティグア・バーブーダ
 ; [cca2=AG].translations.jpn.official
Expected: ã‚¢ãƒ³ãƒ�ã‚°ã‚¢ãƒ�ãƒ¼ãƒ–ãƒ¼ãƒ€
     got: アンチグアバーブーダ
 ; [cca2=AG].translations.kor.common
Expected: ì•¤í‹°ê°€ ë°”ë¶€ë‹¤
     got: 앤티가 바부다
 ; [cca2=AG].translations.kor.official
Expected: ì•¤í‹°ê°€ ë°”ë¶€ë‹¤
     got: 앤티가 바부다
 ; [cca2=AG].translations.per.common
Expected: Ø¢Ù†ØªÛŒÚ¯ÙˆØ§ Ùˆ Ø¨Ø§Ø±Ø¨ÙˆØ¯Ø§
     got: آنتیگوا و باربودا
 ; [cca2=AG].translations.per.official
Expected: Ø¢Ù†ØªÛŒÚ¯ÙˆØ§ Ùˆ Ø¨Ø§Ø±Ø¨ÙˆØ¯Ø§
     got: آنتیگوا و باربودا
 ; [cca2=AG].translations.por.common
Expected: AntÃ­gua e Barbuda
     got: Antígua e Barbuda
 ; [cca2=AG].translations.rus.common
Expected: Ð�Ð½Ñ‚Ð¸Ð³ÑƒÐ° Ð¸ Ð‘Ð°Ñ€Ð±ÑƒÐ´Ð°
     got: Антигуа и Барбуда
 ; [cca2=AG].translations.rus.official
Expected: Ð�Ð½Ñ‚Ð¸Ð³ÑƒÐ° Ð¸ Ð‘Ð°Ñ€Ð±ÑƒÐ´Ð°
     got: Антигуа и Барбуда
 ; [cca2=AG].translations.srp.common
Expected: Ð�Ð½Ñ‚Ð¸Ð³Ð²Ð° Ð¸ Ð‘Ð°Ñ€Ð±ÑƒÐ´Ð°
     got: Антигва и Барбуда
 ; [cca2=AG].translations.srp.official
Expected: Ð�Ð½Ñ‚Ð¸Ð³Ð²Ð° Ð¸ Ð‘Ð°Ñ€Ð±ÑƒÐ´Ð°
     got: Антигва и Барбуда
 ; [cca2=AG].translations.urd.common
Expected: Ø§ÛŒÙ†Ù¹ÛŒÚ¯ÙˆØ§ Ùˆ Ø¨Ø§Ø±Ø¨ÙˆÚˆØ§
     got: اینٹیگوا و باربوڈا
 ; [cca2=AG].translations.urd.official
Expected: Ø§ÛŒÙ†Ù¹ÛŒÚ¯ÙˆØ§ Ùˆ Ø¨Ø§Ø±Ø¨ÙˆÚˆØ§
     got: اینٹیگوا و باربوڈا
 ; [cca2=AG].translations.zho.common
Expected: å®‰æ��ç“œå’Œå·´å¸ƒè¾¾
     got: 安提瓜和巴布达
 ; [cca2=AG].translations.zho.official
Expected: å®‰æ��ç“œå’Œå·´å¸ƒè¾¾
     got: 安提瓜和巴布达
 ; [cca2=AI].flag
Expected: ðŸ‡¦ðŸ‡®
     got: 🇦🇮
 ; [cca2=AI].translations.ara.common
Expected: Ø£Ù†ØºÙˆÙŠÙ„Ø§
     got: أنغويلا
 ; [cca2=AI].translations.ara.official
Expected: Ø£Ù†ØºÙˆÙŠÙ„Ø§
     got: أنغويلا
 ; [cca2=AI].translations.jpn.common
Expected: ã‚¢ãƒ³ã‚®ãƒ©
     got: アンギラ
 ; [cca2=AI].translations.jpn.official
Expected: ã‚¢ãƒ³ã‚°ã‚£ãƒ©
     got: アングィラ
 ; [cca2=AI].translations.kor.common
Expected: ì•µê·ˆë�¼
     got: 앵귈라
 ; [cca2=AI].translations.kor.official
Expected: ì•µê·ˆë�¼
     got: 앵귈라
 ; [cca2=AI].translations.per.common
Expected: Ø¢Ù†Ú¯ÙˆÛŒÙ„Ø§
     got: آنگویلا
 ; [cca2=AI].translations.per.official
Expected: Ø¢Ù†Ú¯ÙˆÛŒÙ„Ø§
     got: آنگویلا
 ; [cca2=AI].translations.rus.common
Expected: Ð�Ð½Ð³Ð¸Ð»ÑŒÑ�
     got: Ангилья
 ; [cca2=AI].translations.rus.official
Expected: Ð�Ð½Ð³Ð¸Ð»ÑŒÑ�
     got: Ангилья
 ; [cca2=AI].translations.srp.common
Expected: Ð�Ð½Ð³Ð²Ð¸Ð»Ð°
     got: Ангвила
 ; [cca2=AI].translations.srp.official
Expected: Ð�Ð½Ð³Ð²Ð¸Ð»Ð°
     got: Ангвила
 ; [cca2=AI].translations.urd.common
Expected: Ø§ÛŒÙ†Ú¯ÙˆÛŒÙ„Ø§
     got: اینگویلا
 ; [cca2=AI].translations.urd.official
Expected: Ø§ÛŒÙ†Ú¯ÙˆÛŒÙ„Ø§
     got: اینگویلا
 ; [cca2=AI].translations.zho.common
Expected: å®‰åœ­æ‹‰
     got: 安圭拉
 ; [cca2=AI].translations.zho.official
Expected: å®‰åœ­æ‹‰
     got: 安圭拉
 ; [cca2=AL].altSpellings[]
Expected: ShqipÃ«ria
     but none found
 ; [cca2=AL].altSpellings[]
Expected: ShqipÃ«ri
     but none found
 ; [cca2=AL].altSpellings[]
Unexpected: Shqipëri
 ; [cca2=AL].altSpellings[]
Unexpected: Shqipëria
 ; [cca2=AL].flag
Expected: ðŸ‡¦ðŸ‡±
     got: 🇦🇱
 ; [cca2=AL].name.nativeName.sqi.common
Expected: ShqipÃ«ria
     got: Shqipëria
 ; [cca2=AL].name.nativeName.sqi.official
Expected: Republika e ShqipÃ«risÃ«
     got: Republika e Shqipërisë
 ; [cca2=AL].translations.ara.common
Expected: Ø£Ù„Ø¨Ø§Ù†ÙŠØ§
     got: ألبانيا
 ; [cca2=AL].translations.ara.official
Expected: Ø¬Ù…Ù‡ÙˆØ±ÙŠØ© Ø£Ù„Ø¨Ø§Ù†ÙŠØ§
     got: جمهورية ألبانيا
 ; [cca2=AL].translations.ces.common
Expected: AlbÃ¡nie
     got: Albánie
 ; [cca2=AL].translations.ces.official
Expected: AlbÃ¡nskÃ¡ republika
     got: Albánská republika
 ; [cca2=AL].translations.fra.official
Expected: RÃ©publique d&apos;Albanie
     got: République d&apos;Albanie
 ; [cca2=AL].translations.hun.common
Expected: AlbÃ¡nia
     got: Albánia
 ; [cca2=AL].translations.hun.official
Expected: AlbÃ¡n KÃ¶ztÃ¡rsasÃ¡g
     got: Albán Köztársaság
 ; [cca2=AL].translations.jpn.common
Expected: ã‚¢ãƒ«ãƒ�ãƒ‹ã‚¢
     got: アルバニア
 ; [cca2=AL].translations.jpn.official
Expected: ã‚¢ãƒ«ãƒ�ãƒ‹ã‚¢å…±å’Œå›½
     got: アルバニア共和国
 ; [cca2=AL].translations.kor.common
Expected: ì•Œë°”ë‹ˆì•„
     got: 알바니아
 ; [cca2=AL].translations.kor.official
Expected: ì•Œë°”ë‹ˆì•„ ê³µí™”êµ­
     got: 알바니아 공화국
 ; [cca2=AL].translations.nld.common
Expected: AlbaniÃ«
     got: Albanië
 ; [cca2=AL].translations.nld.official
Expected: Republiek AlbaniÃ«
     got: Republiek Albanië
 ; [cca2=AL].translations.per.common
Expected: Ø¢Ù„Ø¨Ø§Ù†ÛŒ
     got: آلبانی
 ; [cca2=AL].translations.per.official
Expected: Ø¬Ù…Ù‡ÙˆØ±ÛŒ Ø¢Ù„Ø¨Ø§Ù†ÛŒ
     got: جمهوری آلبانی
 ; [cca2=AL].translations.por.common
Expected: AlbÃ¢nia
     got: Albânia
 ; [cca2=AL].translations.por.official
Expected: RepÃºblica da AlbÃ¢nia
     got: República da Albânia
 ; [cca2=AL].translations.rus.common
Expected: Ð�Ð»Ð±Ð°Ð½Ð¸Ñ�
     got: Албания
 ; [cca2=AL].translations.rus.official
Expected: Ð ÐµÑ�Ð¿ÑƒÐ±Ð»Ð¸ÐºÐ° Ð�Ð»Ð±Ð°Ð½Ð¸Ñ�
     got: Республика Албания
 ; [cca2=AL].translations.slk.common
Expected: AlbÃ¡nsko
     got: Albánsko
 ; [cca2=AL].translations.slk.official
Expected: AlbÃ¡nska republika
     got: Albánska republika
 ; [cca2=AL].translations.spa.official
Expected: RepÃºblica de Albania
     got: República de Albania
 ; [cca2=AL].translations.srp.common
Expected: Ð�Ð»Ð±Ð°Ð½Ð¸Ñ˜Ð°
     got: Албанија
 ; [cca2=AL].translations.srp.official
Expected: Ð ÐµÐ¿ÑƒÐ±Ð»Ð¸ÐºÐ° Ð�Ð»Ð±Ð°Ð½Ð¸Ñ˜Ð°
     got: Република Албанија
 ; [cca2=AL].translations.urd.common
Expected: Ø§Ù„Ø¨Ø§Ù†ÛŒØ§
     got: البانیا
 ; [cca2=AL].translations.urd.official
Expected: Ø¬Ù…Û�ÙˆØ±ÛŒÛ� Ø§Ù„Ø¨Ø§Ù†ÛŒØ§
     got: جمہوریہ البانیا
 ; [cca2=AL].translations.zho.common
Expected: é˜¿å°”å·´å°¼äºš
     got: 阿尔巴尼亚
 ; [cca2=AL].translations.zho.official
Expected: é˜¿å°”å·´å°¼äºšå…±å’Œå›½
     got: 阿尔巴尼亚共和国
 ; [cca2=AM].altSpellings[]
Expected: Õ€Õ¡ÕµÕ¡Õ½Õ¿Õ¡Õ¶Õ« Õ€Õ¡Õ¶Ö€Õ¡ÕºÕ¥Õ¿Õ¸Ö‚Õ©ÕµÕ¸Ö‚Õ¶
     but none found
 ; [cca2=AM].altSpellings[]
Unexpected: Հայաստանի Հանրապետություն
 ; [cca2=AM].currencies.AMD.symbol
Expected: Ö�
     got: ֏
 ; [cca2=AM].demonyms.fra.f
Expected: ArmÃ©nienne
     got: Arménienne
 ; [cca2=AM].demonyms.fra.m
Expected: ArmÃ©nien
     got: Arménien
 ; [cca2=AM].flag
Expected: ðŸ‡¦ðŸ‡²
     got: 🇦🇲
 ; [cca2=AM].name.nativeName.hye.common
Expected: Õ€Õ¡ÕµÕ¡Õ½Õ¿Õ¡Õ¶
     got: Հայաստան
 ; [cca2=AM].name.nativeName.hye.official
Expected: Õ€Õ¡ÕµÕ¡Õ½Õ¿Õ¡Õ¶Õ« Õ€Õ¡Õ¶Ö€Õ¡ÕºÕ¥Õ¿Õ¸Ö‚Õ©ÕµÕ¸Ö‚Õ¶
     got: Հայաստանի Հանրապետություն
 ; [cca2=AM].translations.ara.common
Expected: Ø£Ø±Ù…ÙŠÙ†ÙŠØ§
     got: أرمينيا
 ; [cca2=AM].translations.ara.official
Expected: Ø¬Ù…Ù‡ÙˆØ±ÙŠØ© Ø£Ø±Ù…ÙŠÙ†ÙŠØ§
     got: جمهورية أرمينيا
 ; [cca2=AM].translations.ces.common
Expected: ArmÃ©nie
     got: Arménie
 ; [cca2=AM].translations.ces.official
Expected: ArmÃ©nskÃ¡ republika
     got: Arménská republika
 ; [cca2=AM].translations.fra.common
Expected: ArmÃ©nie
     got: Arménie
 ; [cca2=AM].translations.fra.official
Expected: RÃ©publique d&apos;ArmÃ©nie
     got: République d&apos;Arménie
 ; [cca2=AM].translations.hun.common
Expected: Ã–rmÃ©nyorszÃ¡g
     got: Örményország
 ; [cca2=AM].translations.hun.official
Expected: Ã–rmÃ©nyorszÃ¡g
     got: Örményország
 ; [cca2=AM].translations.jpn.common
Expected: ã‚¢ãƒ«ãƒ¡ãƒ‹ã‚¢
     got: アルメニア
 ; [cca2=AM].translations.jpn.official
Expected: ã‚¢ãƒ«ãƒ¡ãƒ‹ã‚¢å…±å’Œå›½
     got: アルメニア共和国
 ; [cca2=AM].translations.kor.common
Expected: ì•„ë¥´ë©”ë‹ˆì•„
     got: 아르메니아
 ; [cca2=AM].translations.kor.official
Expected: ì•„ë¥´ë©”ë‹ˆì•„ ê³µí™”êµ­
     got: 아르메니아 공화국
 ; [cca2=AM].translations.nld.common
Expected: ArmeniÃ«
     got: Armenië
 ; [cca2=AM].translations.nld.official
Expected: Republiek ArmeniÃ«
     got: Republiek Armenië
 ; [cca2=AM].translations.per.common
Expected: Ø§Ø±Ù…Ù†Ø³ØªØ§Ù†
     got: ارمنستان
 ; [cca2=AM].translations.per.official
Expected: Ø¬Ù…Ù‡ÙˆØ±ÛŒ Ø§Ø±Ù…Ù†Ø³ØªØ§Ù†
     got: جمهوری ارمنستان
 ; [cca2=AM].translations.por.common
Expected: ArmÃ©nia
     got: Arménia
 ; [cca2=AM].translations.por.official
Expected: RepÃºblica da ArmÃ©nia
     got: República da Arménia
 ; [cca2=AM].translations.rus.common
Expected: Ð�Ñ€Ð¼ÐµÐ½Ð¸Ñ�
     got: Армения
 ; [cca2=AM].translations.rus.official
Expected: Ð ÐµÑ�Ð¿ÑƒÐ±Ð»Ð¸ÐºÐ° Ð�Ñ€Ð¼ÐµÐ½Ð¸Ñ�
     got: Республика Армения
 ; [cca2=AM].translations.slk.common
Expected: ArmÃ©nsko
     got: Arménsko
 ; [cca2=AM].translations.slk.official
Expected: ArmÃ©nska republika
     got: Arménska republika
 ; [cca2=AM].translations.spa.official
Expected: RepÃºblica de Armenia
     got: República de Armenia
 ; [cca2=AM].translations.srp.common
Expected: ÐˆÐµÑ€Ð¼ÐµÐ½Ð¸Ñ˜Ð°
     got: Јерменија
 ; [cca2=AM].translations.srp.official
Expected: Ð ÐµÐ¿ÑƒÐ±Ð»Ð¸ÐºÐ° ÐˆÐµÑ€Ð¼ÐµÐ½Ð¸Ñ˜Ð°
     got: Република Јерменија
 ; [cca2=AM].translations.urd.common
Expected: Ø¢Ø±Ù…ÛŒÙ†ÛŒØ§
     got: آرمینیا
 ; [cca2=AM].translations.urd.official
Expected: Ø¬Ù…Û�ÙˆØ±ÛŒÛ� Ø¢Ø±Ù…ÛŒÙ†ÛŒØ§
     got: جمہوریہ آرمینیا
 ; [cca2=AM].translations.zho.common
Expected: äºšç¾Žå°¼äºš
     got: 亚美尼亚
 ; [cca2=AM].translations.zho.official
Expected: äºšç¾Žå°¼äºšå…±å’Œå›½
     got: 亚美尼亚共和国
 ; [cca2=AO].altSpellings[]
Expected: RepÃºblica de Angola
     but none found
 ; [cca2=AO].altSpellings[]
Expected: Ê�É›publika de an&apos;É¡É”la
     but none found
 ; [cca2=AO].altSpellings[]
Unexpected: República de Angola
 ; [cca2=AO].altSpellings[]
Unexpected: ʁɛpublika de an&apos;ɡɔla
 ; [cca2=AO].flag
Expected: ðŸ‡¦ðŸ‡´
     got: 🇦🇴
 ; [cca2=AO].name.nativeName.por.official
Expected: RepÃºblica de Angola
     got: República de Angola
 ; [cca2=AO].translations.ara.common
Expected: Ø¬Ù…Ù‡ÙˆØ±ÙŠØ© Ø£Ù†ØºÙˆÙ„Ø§
     got: جمهورية أنغولا
 ; [cca2=AO].translations.ara.official
Expected: Ø£Ù†ØºÙˆÙ„Ø§
     got: أنغولا
 ; [cca2=AO].translations.ces.official
Expected: AngolskÃ¡ republika
     got: Angolská republika
 ; [cca2=AO].translations.fra.official
Expected: RÃ©publique d&apos;Angola
     got: République d&apos;Angola
 ; [cca2=AO].translations.jpn.common
Expected: ã‚¢ãƒ³ã‚´ãƒ©
     got: アンゴラ
 ; [cca2=AO].translations.jpn.official
Expected: ã‚¢ãƒ³ã‚´ãƒ©å…±å’Œå›½
     got: アンゴラ共和国
 ; [cca2=AO].translations.kor.common
Expected: ì•™ê³¨ë�¼
     got: 앙골라
 ; [cca2=AO].translations.kor.official
Expected: ì•™ê³¨ë�¼ ê³µí™”êµ­
     got: 앙골라 공화국
 ; [cca2=AO].translations.per.common
Expected: Ø¢Ù†Ú¯ÙˆÙ„Ø§
     got: آنگولا
 ; [cca2=AO].translations.per.official
Expected: Ø¬Ù…Ù‡ÙˆØ±ÛŒ Ø¢Ù†Ú¯ÙˆÙ„Ø§
     got: جمهوری آنگولا
 ; [cca2=AO].translations.por.official
Expected: RepÃºblica de Angola
     got: República de Angola
 ; [cca2=AO].translations.rus.common
Expected: Ð�Ð½Ð³Ð¾Ð»Ð°
     got: Ангола
 ; [cca2=AO].translations.rus.official
Expected: Ð ÐµÑ�Ð¿ÑƒÐ±Ð»Ð¸ÐºÐ° Ð�Ð½Ð³Ð¾Ð»Ð°
     got: Республика Ангола
 ; [cca2=AO].translations.slk.official
Expected: AngolskÃ¡ republika
     got: Angolská republika
 ; [cca2=AO].translations.spa.official
Expected: RepÃºblica de Angola
     got: República de Angola
 ; [cca2=AO].translations.srp.common
Expected: Ð�Ð½Ð³Ð¾Ð»Ð°
     got: Ангола
 ; [cca2=AO].translations.srp.official
Expected: Ð ÐµÐ¿ÑƒÐ±Ð»Ð¸ÐºÐ° Ð�Ð½Ð³Ð¾Ð»Ð°
     got: Република Ангола
 ; [cca2=AO].translations.urd.common
Expected: Ø§Ù†Ú¯ÙˆÙ„Û�
     got: انگولہ
 ; [cca2=AO].translations.urd.official
Expected: Ø¬Ù…Û�ÙˆØ±ÛŒÛ� Ø§Ù†Ú¯ÙˆÙ„Û�
     got: جمہوریہ انگولہ
 ; [cca2=AO].translations.zho.common
Expected: å®‰å“¥æ‹‰
     got: 安哥拉
 ; [cca2=AO].translations.zho.official
Expected: å®‰å“¥æ‹‰å…±å’Œå›½
     got: 安哥拉共和国
 ; [cca2=AQ].flag
Expected: ðŸ‡¦ðŸ‡¶
     got: 🇦🇶
 ; [cca2=AQ].translations.ara.common
Expected: Ø£Ù†ØªØ§Ø±ØªÙŠÙƒØ§
     got: أنتارتيكا
 ; [cca2=AQ].translations.ara.official
Expected: Ø£Ù†ØªØ§Ø±ØªÙŠÙƒØ§
     got: أنتارتيكا
 ; [cca2=AQ].translations.fin.common
Expected: EtelÃ¤manner
     got: Etelämanner
 ; [cca2=AQ].translations.fin.official
Expected: EtelÃ¤manner
     got: Etelämanner
 ; [cca2=AQ].translations.jpn.common
Expected: å�—æ¥µ
     got: 南極
 ; [cca2=AQ].translations.jpn.official
Expected: å�—æ¥µå¤§é™¸
     got: 南極大陸
 ; [cca2=AQ].translations.kor.common
Expected: ë‚¨ê·¹
     got: 남극
 ; [cca2=AQ].translations.kor.official
Expected: ë‚¨ê·¹
     got: 남극
 ; [cca2=AQ].translations.per.common
Expected: Ø¬Ù†ÙˆØ¨Ú¯Ø§Ù†
     got: جنوبگان
 ; [cca2=AQ].translations.per.official
Expected: Ø¬Ù†ÙˆØ¨Ú¯Ø§Ù†
     got: جنوبگان
 ; [cca2=AQ].translations.por.common
Expected: AntÃ¡rtida
     got: Antártida
 ; [cca2=AQ].translations.por.official
Expected: AntÃ¡rtica
     got: Antártica
 ; [cca2=AQ].translations.rus.common
Expected: Ð�Ð½Ñ‚Ð°Ñ€ÐºÑ‚Ð¸Ð´Ð°
     got: Антарктида
 ; [cca2=AQ].translations.rus.official
Expected: Ð�Ð½Ñ‚Ð°Ñ€ÐºÑ‚Ð¸Ð´Ð°
     got: Антарктида
 ; [cca2=AQ].translations.slk.common
Expected: AntarktÃ­da
     got: Antarktída
 ; [cca2=AQ].translations.slk.official
Expected: AntarktÃ­da
     got: Antarktída
 ; [cca2=AQ].translations.spa.common
Expected: AntÃ¡rtida
     got: Antártida
 ; [cca2=AQ].translations.spa.official
Expected: AntÃ¡rtida
     got: Antártida
 ; [cca2=AQ].translations.srp.common
Expected: Ð�Ð½Ñ‚Ð°Ñ€ÐºÑ‚Ð¸Ðº
     got: Антарктик
 ; [cca2=AQ].translations.srp.official
Expected: Ð�Ð½Ñ‚Ð°Ñ€ÐºÑ‚Ð¸Ðº
     got: Антарктик
 ; [cca2=AQ].translations.urd.common
Expected: Ø§Ù†Ù¹Ø§Ø±Ú©Ù¹Ú©Ø§
     got: انٹارکٹکا
 ; [cca2=AQ].translations.urd.official
Expected: Ø§Ù†Ù¹Ø§Ø±Ú©Ù¹Ú©Ø§
     got: انٹارکٹکا
 ; [cca2=AQ].translations.zho.common
Expected: å�—æž�æ´²
     got: 南极洲
 ; [cca2=AQ].translations.zho.official
Expected: å�—æž�æ´²
     got: 南极洲
 ; [cca2=AR].altSpellings[]
Expected: RepÃºblica Argentina
     but none found
 ; [cca2=AR].altSpellings[]
Unexpected: República Argentina
 ; [cca2=AR].flag
Expected: ðŸ‡¦ðŸ‡·
     got: 🇦🇷
 ; [cca2=AR].languages.grn
Expected: GuaranÃ­
     got: Guaraní
 ; [cca2=AR].name.nativeName.spa.official
Expected: RepÃºblica Argentina
     got: República Argentina
 ; [cca2=AR].translations.ara.common
Expected: Ø§Ù„Ø£Ø±Ø¬Ù†ØªÙŠÙ†
     got: الأرجنتين
 ; [cca2=AR].translations.ara.official
Expected: Ø¬Ù…Ù‡ÙˆØ±ÙŠØ© Ø§Ù„Ø£Ø±Ø¬Ù†ØªÙŠÙ†
     got: جمهورية الأرجنتين
 ; [cca2=AR].translations.ces.official
Expected: ArgentinskÃ¡ republika
     got: Argentinská republika
 ; [cca2=AR].translations.fra.official
Expected: RÃ©publique argentine
     got: République argentine
 ; [cca2=AR].translations.hun.common
Expected: ArgentÃ­na
     got: Argentína
 ; [cca2=AR].translations.hun.official
Expected: Argentin KÃ¶ztÃ¡rsasÃ¡g
     got: Argentin Köztársaság
 ; [cca2=AR].translations.jpn.common
Expected: ã‚¢ãƒ«ã‚¼ãƒ³ãƒ�ãƒ³
     got: アルゼンチン
 ; [cca2=AR].translations.jpn.official
Expected: ã‚¢ãƒ«ã‚¼ãƒ³ãƒ�ãƒ³å…±å’Œå›½
     got: アルゼンチン共和国
 ; [cca2=AR].translations.kor.common
Expected: ì•„ë¥´í—¨í‹°ë‚˜
     got: 아르헨티나
 ; [cca2=AR].translations.kor.official
Expected: ì•„ë¥´í—¨í‹°ë‚˜ ê³µí™”êµ­
     got: 아르헨티나 공화국
 ; [cca2=AR].translations.nld.common
Expected: ArgentiniÃ«
     got: Argentinië
 ; [cca2=AR].translations.per.common
Expected: Ø¢Ø±Ú˜Ø§Ù†ØªÛŒÙ†
     got: آرژانتین
 ; [cca2=AR].translations.per.official
Expected: Ø¬Ù…Ù‡ÙˆØ±ÛŒ Ø¢Ø±Ú˜Ø§Ù†ØªÛŒÙ†
     got: جمهوری آرژانتین
 ; [cca2=AR].translations.pol.official
Expected: Republika ArgentyÅ„ska
     got: Republika Argentyńska
 ; [cca2=AR].translations.por.official
Expected: RepÃºblica Argentina
     got: República Argentina
 ; [cca2=AR].translations.rus.common
Expected: Ð�Ñ€Ð³ÐµÐ½Ñ‚Ð¸Ð½Ð°
     got: Аргентина
 ; [cca2=AR].translations.rus.official
Expected: Ð�Ñ€Ð³ÐµÐ½Ñ‚Ð¸Ð½Ñ�ÐºÐ°Ñ� Ð ÐµÑ�Ð¿ÑƒÐ±Ð»Ð¸ÐºÐ°
     got: Аргентинская Республика
 ; [cca2=AR].translations.slk.common
Expected: ArgentÃ­na
     got: Argentína
 ; [cca2=AR].translations.slk.official
Expected: ArgentÃ­nska republika
     got: Argentínska republika
 ; [cca2=AR].translations.spa.official
Expected: RepÃºblica Argentina
     got: República Argentina
 ; [cca2=AR].translations.srp.common
Expected: Ð�Ñ€Ð³ÐµÐ½Ñ‚Ð¸Ð½Ð°
     got: Аргентина
 ; [cca2=AR].translations.srp.official
Expected: Ð�Ñ€Ð³ÐµÐ½Ñ‚Ð¸Ð½Ñ�ÐºÐ° Ð ÐµÐ¿ÑƒÐ±Ð»Ð¸ÐºÐ°
     got: Аргентинска Република
 ; [cca2=AR].translations.urd.common
Expected: Ø§Ø±Ø¬Ù†Ù¹Ø§Ø¦Ù†
     got: ارجنٹائن
 ; [cca2=AR].translations.urd.official
Expected: Ø¬Ù…Û�ÙˆØ±ÛŒÛ� Ø§Ø±Ø¬Ù†Ù¹Ø§Ø¦Ù†
     got: جمہوریہ ارجنٹائن
 ; [cca2=AR].translations.zho.common
Expected: é˜¿æ ¹å»·
     got: 阿根廷
 ; [cca2=AR].translations.zho.official
Expected: é˜¿æ ¹å»·å…±å’Œå›½
     got: 阿根廷共和国
 ; [cca2=AS].altSpellings[]
Expected: SÄ�moa Amelika
     but none found
 ; [cca2=AS].altSpellings[]
Expected: Amerika SÄ�moa
     but none found
 ; [cca2=AS].altSpellings[]
Expected: Amelika SÄ�moa
     but none found
 ; [cca2=AS].altSpellings[]
Unexpected: Amelika Sāmoa
 ; [cca2=AS].altSpellings[]
Unexpected: Amerika Sāmoa
 ; [cca2=AS].altSpellings[]
Unexpected: Sāmoa Amelika
 ; [cca2=AS].flag
Expected: ðŸ‡¦ðŸ‡¸
     got: 🇦🇸
 ; [cca2=AS].name.nativeName.smo.common
Expected: SÄ�moa Amelika
     got: Sāmoa Amelika
 ; [cca2=AS].name.nativeName.smo.official
Expected: SÄ�moa Amelika
     got: Sāmoa Amelika
 ; [cca2=AS].translations.ara.common
Expected: Ø³Ø§Ù…ÙˆØ§ Ø§Ù„Ø£Ù…Ø±ÙŠÙƒÙŠØ©
     got: ساموا الأمريكية
 ; [cca2=AS].translations.ara.official
Expected: Ø³Ø§Ù…ÙˆØ§ Ø§Ù„Ø£Ù…Ø±ÙŠÙƒÙŠØ©
     got: ساموا الأمريكية
 ; [cca2=AS].translations.ces.common
Expected: AmerickÃ¡ Samoa
     got: Americká Samoa
 ; [cca2=AS].translations.ces.official
Expected: AmerickÃ¡ Samoa
     got: Americká Samoa
 ; [cca2=AS].translations.fra.common
Expected: Samoa amÃ©ricaines
     got: Samoa américaines
 ; [cca2=AS].translations.fra.official
Expected: Samoa amÃ©ricaines
     got: Samoa américaines
 ; [cca2=AS].translations.hrv.common
Expected: AmeriÄ�ka Samoa
     got: Američka Samoa
 ; [cca2=AS].translations.hrv.official
Expected: ameriÄ�ka Samoa
     got: američka Samoa
 ; [cca2=AS].translations.jpn.common
Expected: ã‚¢ãƒ¡ãƒªã‚«é ˜ã‚µãƒ¢ã‚¢
     got: アメリカ領サモア
 ; [cca2=AS].translations.jpn.official
Expected: ç±³ã‚µãƒ¢ã‚¢
     got: 米サモア
 ; [cca2=AS].translations.kor.common
Expected: ì•„ë©”ë¦¬ì¹¸ì‚¬ëª¨ì•„
     got: 아메리칸사모아
 ; [cca2=AS].translations.kor.official
Expected: ì•„ë©”ë¦¬ì¹¸ì‚¬ëª¨ì•„
     got: 아메리칸사모아
 ; [cca2=AS].translations.per.common
Expected: Ø³Ø§Ù…ÙˆØ¢ÛŒ Ø¢Ù…Ø±ÛŒÚ©Ø§
     got: ساموآی آمریکا
 ; [cca2=AS].translations.per.official
Expected: Ø³Ø§Ù…ÙˆØ¢ÛŒ Ø¢Ù…Ø±ÛŒÚ©Ø§
     got: ساموآی آمریکا
 ; [cca2=AS].translations.pol.common
Expected: Samoa AmerykaÅ„skie
     got: Samoa Amerykańskie
 ; [cca2=AS].translations.pol.official
Expected: Samoa AmerykaÅ„skie
     got: Samoa Amerykańskie
 ; [cca2=AS].translations.rus.common
Expected: Ð�Ð¼ÐµÑ€Ð¸ÐºÐ°Ð½Ñ�ÐºÐ¾Ðµ Ð¡Ð°Ð¼Ð¾Ð°
     got: Американское Самоа
 ; [cca2=AS].translations.rus.official
Expected: Ð°Ð¼ÐµÑ€Ð¸ÐºÐ°Ð½Ñ�ÐºÐ¾Ðµ Ð¡Ð°Ð¼Ð¾Ð°
     got: американское Самоа
 ; [cca2=AS].translations.slk.common
Expected: AmerickÃ¡ Samoa
     got: Americká Samoa
 ; [cca2=AS].translations.slk.official
Expected: AmerickÃ¡ Samoa
     got: Americká Samoa
 ; [cca2=AS].translations.srp.common
Expected: Ð�Ð¼ÐµÑ€Ð¸Ñ‡ÐºÐ° Ð¡Ð°Ð¼Ð¾Ð°
     got: Америчка Самоа
 ; [cca2=AS].translations.srp.official
Expected: Ð�Ð¼ÐµÑ€Ð¸Ñ‡ÐºÐ° Ð¡Ð°Ð¼Ð¾Ð°
     got: Америчка Самоа
 ; [cca2=AS].translations.tur.common
Expected: Amerikan SamoasÄ±
     got: Amerikan Samoası
 ; [cca2=AS].translations.tur.official
Expected: Amerikan SamoasÄ±
     got: Amerikan Samoası
 ; [cca2=AS].translations.urd.common
Expected: Ø§Ù…Ø±ÛŒÚ©ÛŒ Ø³Ù…ÙˆÙˆØ§
     got: امریکی سمووا
 ; [cca2=AS].translations.urd.official
Expected: Ø§Ù…Ø±ÛŒÚ©ÛŒ Ø³Ù…ÙˆÙˆØ§
     got: امریکی سمووا
 ; [cca2=AS].translations.zho.common
Expected: ç¾Žå±žè�¨æ‘©äºš
     got: 美属萨摩亚
 ; [cca2=AS].translations.zho.official
Expected: ç¾Žå±žè�¨æ‘©äºš
     got: 美属萨摩亚
 ; [cca2=AT].currencies.EUR.symbol
Expected: â‚¬
     got: €
 ; [cca2=AT].flag
Expected: ðŸ‡¦ðŸ‡¹
     got: 🇦🇹
 ; [cca2=AT].name.nativeName.bar.common
Expected: Ã–sterreich
     got: Österreich
 ; [cca2=AT].name.nativeName.bar.official
Expected: Republik Ã–sterreich
     got: Republik Österreich
 ; [cca2=AT].translations.ara.common
Expected: Ø§Ù„Ù†Ù…Ø³Ø§
     got: النمسا
 ; [cca2=AT].translations.ara.official
Expected: Ø¬Ù…Ù‡ÙˆØ±ÙŠØ© Ø§Ù„Ù†Ù…Ø³Ø§
     got: جمهورية النمسا
 ; [cca2=AT].translations.ces.official
Expected: RakouskÃ¡ republika
     got: Rakouská republika
 ; [cca2=AT].translations.deu.common
Expected: Ã–sterreich
     got: Österreich
 ; [cca2=AT].translations.deu.official
Expected: Republik Ã–sterreich
     got: Republik Österreich
 ; [cca2=AT].translations.fin.common
Expected: ItÃ¤valta
     got: Itävalta
 ; [cca2=AT].translations.fin.official
Expected: ItÃ¤vallan tasavalta
     got: Itävallan tasavalta
 ; [cca2=AT].translations.fra.official
Expected: RÃ©publique d&apos;Autriche
     got: République d&apos;Autriche
 ; [cca2=AT].translations.jpn.common
Expected: ã‚ªãƒ¼ã‚¹ãƒˆãƒªã‚¢
     got: オーストリア
 ; [cca2=AT].translations.jpn.official
Expected: ã‚ªãƒ¼ã‚¹ãƒˆãƒªã‚¢å…±å’Œå›½
     got: オーストリア共和国
 ; [cca2=AT].translations.kor.common
Expected: ì˜¤ìŠ¤íŠ¸ë¦¬ì•„
     got: 오스트리아
 ; [cca2=AT].translations.kor.official
Expected: ì˜¤ìŠ¤íŠ¸ë¦¬ì•„ ê³µí™”êµ­
     got: 오스트리아 공화국
 ; [cca2=AT].translations.per.common
Expected: Ø§ØªØ±ÛŒØ´
     got: اتریش
 ; [cca2=AT].translations.per.official
Expected: Ø¬Ù…Ù‡ÙˆØ±ÛŒ Ø§ØªØ±ÛŒØ´
     got: جمهوری اتریش
 ; [cca2=AT].translations.por.common
Expected: Ã�ustria
     got: Áustria
 ; [cca2=AT].translations.por.official
Expected: RepÃºblica da Ã�ustria
     got: República da Áustria
 ; [cca2=AT].translations.rus.common
Expected: Ð�Ð²Ñ�Ñ‚Ñ€Ð¸Ñ�
     got: Австрия
 ; [cca2=AT].translations.rus.official
Expected: Ð�Ð²Ñ�Ñ‚Ñ€Ð¸Ð¹Ñ�ÐºÐ°Ñ� Ð ÐµÑ�Ð¿ÑƒÐ±Ð»Ð¸ÐºÐ°
     got: Австрийская Республика
 ; [cca2=AT].translations.slk.common
Expected: RakÃºsko
     got: Rakúsko
 ; [cca2=AT].translations.slk.official
Expected: RakÃºska republika
     got: Rakúska republika
 ; [cca2=AT].translations.spa.official
Expected: RepÃºblica de Austria
     got: República de Austria
 ; [cca2=AT].translations.srp.common
Expected: Ð�ÑƒÑ�Ñ‚Ñ€Ð¸Ñ˜Ð°
     got: Аустрија
 ; [cca2=AT].translations.srp.official
Expected: Ð ÐµÐ¿ÑƒÐ±Ð»Ð¸ÐºÐ° Ð�ÑƒÑ�Ñ‚Ñ€Ð¸Ñ˜Ð°
     got: Република Аустрија
 ; [cca2=AT].translations.swe.common
Expected: Ã–sterrike
     got: Österrike
 ; [cca2=AT].translations.swe.official
Expected: Republiken Ã–sterrike
     got: Republiken Österrike
 ; [cca2=AT].translations.urd.common
Expected: Ø¢Ø³Ù¹Ø±ÛŒØ§
     got: آسٹریا
 ; [cca2=AT].translations.urd.official
Expected: Ø¬Ù…Û�ÙˆØ±ÛŒÛ� Ø¢Ø³Ù¹Ø±ÛŒØ§
     got: جمہوریہ آسٹریا
 ; [cca2=AT].translations.zho.common
Expected: å¥¥åœ°åˆ©
     got: 奥地利
 ; [cca2=AT].translations.zho.official
Expected: å¥¥åœ°åˆ©å…±å’Œå›½
     got: 奥地利共和国
 ; [cca2=RE].currencies.EUR.symbol
Expected: â‚¬
     got: €
 ; [cca2=RE].demonyms.eng.f
Expected: RÃ©unionese
     got: Réunionese
 ; [cca2=RE].demonyms.eng.m
Expected: RÃ©unionese
     got: Réunionese
 ; [cca2=RE].demonyms.fra.f
Expected: RÃ©unionnaise
     got: Réunionnaise
 ; [cca2=RE].demonyms.fra.m
Expected: RÃ©unionnais
     got: Réunionnais
 ; [cca2=RE].flag
Expected: ðŸ‡·ðŸ‡ª
     got: 🇷🇪
 ; [cca2=RE].name.common
Expected: RÃ©union
     got: Réunion
 ; [cca2=RE].name.nativeName.fra.common
Expected: La RÃ©union
     got: La Réunion
 ; [cca2=RE].name.nativeName.fra.official
Expected: Ile de la RÃ©union
     got: Ile de la Réunion
 ; [cca2=RE].name.official
Expected: RÃ©union Island
     got: Réunion Island
 ; [cca2=RE].translations.ara.common
Expected: Ù„Ø§ Ø±ÙŠÙˆÙ†ÙŠÙˆÙ†
     got: لا ريونيون
 ; [cca2=RE].translations.ara.official
Expected: Ø¬Ø²ÙŠØ±Ø© Ù„Ø§ Ø±ÙŠÙˆÙ†ÙŠÙˆÙ†
     got: جزيرة لا ريونيون
 ; [cca2=RE].translations.bre.common
Expected: ReÃ¼nion
     got: Reünion
 ; [cca2=RE].translations.bre.official
Expected: Enez ar ReÃ¼nion
     got: Enez ar Reünion
 ; [cca2=RE].translations.ces.common
Expected: RÃ©union
     got: Réunion
 ; [cca2=RE].translations.ces.official
Expected: RÃ©union
     got: Réunion
 ; [cca2=RE].translations.cym.common
Expected: RÃ©union
     got: Réunion
 ; [cca2=RE].translations.cym.official
Expected: RÃ©union Island
     got: Réunion Island
 ; [cca2=RE].translations.deu.common
Expected: RÃ©union
     got: Réunion
 ; [cca2=RE].translations.deu.official
Expected: RÃ©union
     got: Réunion
 ; [cca2=RE].translations.est.common
Expected: RÃ©union
     got: Réunion
 ; [cca2=RE].translations.est.official
Expected: RÃ©unioni departemang
     got: Réunioni departemang
 ; [cca2=RE].translations.fin.common
Expected: RÃ©union
     got: Réunion
 ; [cca2=RE].translations.fin.official
Expected: RÃ©union
     got: Réunion
 ; [cca2=RE].translations.fra.common
Expected: RÃ©union
     got: Réunion
 ; [cca2=RE].translations.fra.official
Expected: Ile de la RÃ©union
     got: Ile de la Réunion
 ; [cca2=RE].translations.hrv.common
Expected: RÃ©union
     got: Réunion
 ; [cca2=RE].translations.hrv.official
Expected: RÃ©union Island
     got: Réunion Island
 ; [cca2=RE].translations.hun.common
Expected: RÃ©union
     got: Réunion
 ; [cca2=RE].translations.hun.official
Expected: RÃ©union
     got: Réunion
 ; [cca2=RE].translations.ita.official
Expected: RÃ©union
     got: Réunion
 ; [cca2=RE].translations.jpn.common
Expected: ãƒ¬ãƒ¦ãƒ‹ã‚ªãƒ³
     got: レユニオン
 ; [cca2=RE].translations.jpn.official
Expected: ãƒ¬ãƒ¦ãƒ‹ã‚ªãƒ³å³¶
     got: レユニオン島
 ; [cca2=RE].translations.kor.common
Expected: ë ˆìœ„ë‹ˆì˜¹
     got: 레위니옹
 ; [cca2=RE].translations.kor.official
Expected: ë ˆìœ„ë‹ˆì˜¹
     got: 레위니옹
 ; [cca2=RE].translations.nld.common
Expected: RÃ©union
     got: Réunion
 ; [cca2=RE].translations.nld.official
Expected: RÃ©union
     got: Réunion
 ; [cca2=RE].translations.per.common
Expected: Ø±Ø¦ÙˆÙ†ÛŒÙˆÙ†
     got: رئونیون
 ; [cca2=RE].translations.per.official
Expected: Ø±Ø¦ÙˆÙ†ÛŒÙˆÙ†
     got: رئونیون
 ; [cca2=RE].translations.por.common
Expected: ReuniÃ£o
     got: Reunião
 ; [cca2=RE].translations.por.official
Expected: Ilha da ReuniÃ£o
     got: Ilha da Reunião
 ; [cca2=RE].translations.rus.common
Expected: Ð ÐµÑŽÐ½ÑŒÐ¾Ð½
     got: Реюньон
 ; [cca2=RE].translations.rus.official
Expected: Ð ÐµÑŽÐ½ÑŒÐ¾Ð½
     got: Реюньон
 ; [cca2=RE].translations.slk.common
Expected: RÃ©union
     got: Réunion
 ; [cca2=RE].translations.slk.official
Expected: RÃ©unionskÃ½ zÃ¡morskÃ½ departmÃ¡n
     got: Réunionský zámorský departmán
 ; [cca2=RE].translations.spa.common
Expected: ReuniÃ³n
     got: Reunión
 ; [cca2=RE].translations.spa.official
Expected: Isla de la ReuniÃ³n
     got: Isla de la Reunión
 ; [cca2=RE].translations.srp.common
Expected: Ð ÐµÐ¸Ð½Ð¸Ð¾Ð½
     got: Реинион
 ; [cca2=RE].translations.srp.official
Expected: Ð ÐµÐ¸Ð½Ð¸Ð¾Ð½
     got: Реинион
 ; [cca2=RE].translations.swe.common
Expected: RÃ©union
     got: Réunion
 ; [cca2=RE].translations.swe.official
Expected: RÃ©union
     got: Réunion
 ; [cca2=RE].translations.tur.common
Expected: RÃ©union
     got: Réunion
 ; [cca2=RE].translations.tur.official
Expected: RÃ©union
     got: Réunion
 ; [cca2=RE].translations.urd.common
Expected: Ø±Û’ ÛŒÙˆÙ†ÛŒÙˆÚº
     got: رے یونیوں
 ; [cca2=RE].translations.urd.official
Expected: Ø±Û’ ÛŒÙˆÙ†ÛŒÙˆÚº Ø¬Ø²ÛŒØ±Û�
     got: رے یونیوں جزیرہ
 ; [cca2=RE].translations.zho.common
Expected: ç•™å°¼æ—ºå²›
     got: 留尼旺岛
 ; [cca2=RE].translations.zho.official
Expected: ç•™å°¼æ—ºå²›
     got: 留尼旺岛
 ; [cca2=AU].flag
Expected: ðŸ‡¦ðŸ‡º
     got: 🇦🇺
 ; [cca2=AU].flags.alt
Expected: The flag of Australia has a dark blue field. It features the flag of the United Kingdom â€” the Union Jack â€” in the canton, beneath which is a large white seven-pointed star. A representation of the Southern Cross constellation, made up of one small five-pointed and four larger seven-pointed white stars, is situated on the fly side of the field.
     got: The flag of Australia has a dark blue field. It features the flag of the United Kingdom — the Union Jack — in the canton, beneath which is a large white seven-pointed star. A representation of the Southern Cross constellation, made up of one small five-pointed and four larger seven-pointed white stars, is situated on the fly side of the field.
 ; [cca2=AU].translations.ara.common
Expected: Ø£Ø³ØªØ±Ø§Ù„ÙŠØ§
     got: أستراليا
 ; [cca2=AU].translations.ara.official
Expected: ÙƒÙˆÙ…ÙˆÙ†ÙˆÙ„Ø« Ø£Ø³ØªØ±Ø§Ù„ÙŠØ§
     got: كومونولث أستراليا
 ; [cca2=AU].translations.ces.common
Expected: AustrÃ¡lie
     got: Austrálie
 ; [cca2=AU].translations.ces.official
Expected: AustralskÃ© spoleÄ�enstvÃ­
     got: Australské společenství
 ; [cca2=AU].translations.est.official
Expected: Austraalia Ãœhendus
     got: Austraalia Ühendus
 ; [cca2=AU].translations.hun.common
Expected: AusztrÃ¡lia
     got: Ausztrália
 ; [cca2=AU].translations.hun.official
Expected: AusztrÃ¡l Ã�llamszÃ¶vetsÃ©g
     got: Ausztrál Államszövetség
 ; [cca2=AU].translations.jpn.common
Expected: ã‚ªãƒ¼ã‚¹ãƒˆãƒ©ãƒªã‚¢
     got: オーストラリア
 ; [cca2=AU].translations.jpn.official
Expected: ã‚ªãƒ¼ã‚¹ãƒˆãƒ©ãƒªã‚¢é€£é‚¦
     got: オーストラリア連邦
 ; [cca2=AU].translations.kor.common
Expected: í˜¸ì£¼
     got: 호주
 ; [cca2=AU].translations.kor.official
Expected: ì˜¤ìŠ¤íŠ¸ë ˆì�¼ë¦¬ì•„ ì—°ë°©
     got: 오스트레일리아 연방
 ; [cca2=AU].translations.nld.common
Expected: AustraliÃ«
     got: Australië
 ; [cca2=AU].translations.nld.official
Expected: Gemenebest van AustraliÃ«
     got: Gemenebest van Australië
 ; [cca2=AU].translations.per.common
Expected: Ø§Ø³ØªØ±Ø§Ù„ÛŒØ§
     got: استرالیا
 ; [cca2=AU].translations.per.official
Expected: Ù‚Ù„Ù…Ø±Ùˆ Ù‡Ù…Ø³ÙˆØ¯ Ø§Ø³ØªØ±Ø§Ù„ÛŒØ§
     got: قلمرو همسود استرالیا
 ; [cca2=AU].translations.pol.official
Expected: ZwiÄ…zek Australijski
     got: Związek Australijski
 ; [cca2=AU].translations.por.common
Expected: AustrÃ¡lia
     got: Austrália
 ; [cca2=AU].translations.por.official
Expected: Comunidade da AustrÃ¡lia
     got: Comunidade da Austrália
 ; [cca2=AU].translations.rus.common
Expected: Ð�Ð²Ñ�Ñ‚Ñ€Ð°Ð»Ð¸Ñ�
     got: Австралия
 ; [cca2=AU].translations.rus.official
Expected: Ð¡Ð¾Ð´Ñ€ÑƒÐ¶ÐµÑ�Ñ‚Ð²Ð¾ Ð�Ð²Ñ�Ñ‚Ñ€Ð°Ð»Ð¸Ð¸
     got: Содружество Австралии
 ; [cca2=AU].translations.slk.common
Expected: AustrÃ¡lia
     got: Austrália
 ; [cca2=AU].translations.slk.official
Expected: AustrÃ¡lsky zvÃ¤z
     got: Austrálsky zväz
 ; [cca2=AU].translations.srp.common
Expected: Ð�ÑƒÑ�Ñ‚Ñ€Ð°Ð»Ð¸Ñ˜Ð°
     got: Аустралија
 ; [cca2=AU].translations.srp.official
Expected: ÐšÐ¾Ð¼Ð¾Ð½Ð²ÐµÐ»Ñ‚ Ð�ÑƒÑ�Ñ‚Ñ€Ð°Ð»Ð¸Ñ˜Ð°
     got: Комонвелт Аустралија
 ; [cca2=AU].translations.swe.official
Expected: Australiska statsfÃ¶rbundet
     got: Australiska statsförbundet
 ; [cca2=AU].translations.urd.common
Expected: Ø¢Ø³Ù¹Ø±ÛŒÙ„ÛŒØ§
     got: آسٹریلیا
 ; [cca2=AU].translations.urd.official
Expected: Ø¯ÙˆÙ„ØªÙ� Ù…Ø´ØªØ±Ú©Û� Ø¢Ø³Ù¹Ø±ÛŒÙ„ÛŒØ§
     got: دولتِ مشترکہ آسٹریلیا
 ; [cca2=AU].translations.zho.common
Expected: æ¾³å¤§åˆ©äºš
     got: 澳大利亚
 ; [cca2=AU].translations.zho.official
Expected: æ¾³å¤§åˆ©äºšè�”é‚¦
     got: 澳大利亚联邦
 ; [cca2=AW].currencies.AWG.symbol
Expected: Æ’
     got: ƒ
 ; [cca2=AW].flag
Expected: ðŸ‡¦ðŸ‡¼
     got: 🇦🇼
 ; [cca2=AW].translations.ara.common
Expected: Ø£Ø±ÙˆØ¨Ø§
     got: أروبا
 ; [cca2=AW].translations.ara.official
Expected: Ø£Ø±ÙˆØ¨Ø§
     got: أروبا
 ; [cca2=AW].translations.jpn.common
Expected: ã‚¢ãƒ«ãƒ�
     got: アルバ
 ; [cca2=AW].translations.jpn.official
Expected: ã‚¢ãƒ«ãƒ�
     got: アルバ
 ; [cca2=AW].translations.kor.common
Expected: ì•„ë£¨ë°”
     got: 아루바
 ; [cca2=AW].translations.kor.official
Expected: ì•„ë£¨ë°”
     got: 아루바
 ; [cca2=AW].translations.per.common
Expected: Ø¢Ø±ÙˆØ¨Ø§
     got: آروبا
 ; [cca2=AW].translations.per.official
Expected: Ø¢Ø±ÙˆØ¨Ø§
     got: آروبا
 ; [cca2=AW].translations.rus.common
Expected: Ð�Ñ€ÑƒÐ±Ð°
     got: Аруба
 ; [cca2=AW].translations.rus.official
Expected: Ð�Ñ€ÑƒÐ±Ð°
     got: Аруба
 ; [cca2=AW].translations.srp.common
Expected: Ð�Ñ€ÑƒÐ±Ð°
     got: Аруба
 ; [cca2=AW].translations.srp.official
Expected: Ð�Ñ€ÑƒÐ±Ð°
     got: Аруба
 ; [cca2=AW].translations.urd.common
Expected: Ø§Ø±ÙˆØ¨Ø§
     got: اروبا
 ; [cca2=AW].translations.urd.official
Expected: Ø§Ø±ÙˆØ¨Ø§
     got: اروبا
 ; [cca2=AW].translations.zho.common
Expected: é˜¿é²�å·´
     got: 阿鲁巴
 ; [cca2=AW].translations.zho.official
Expected: é˜¿é²�å·´
     got: 阿鲁巴
 ; [cca2=AX].currencies.EUR.symbol
Expected: â‚¬
     got: €
 ; [cca2=AX].demonyms.eng.f
Expected: Ã…landish
     got: Ålandish
 ; [cca2=AX].demonyms.eng.m
Expected: Ã…landish
     got: Ålandish
 ; [cca2=AX].demonyms.fra.f
Expected: Ã…landaise
     got: Ålandaise
 ; [cca2=AX].demonyms.fra.m
Expected: Ã…landais
     got: Ålandais
 ; [cca2=AX].flag
Expected: ðŸ‡¦ðŸ‡½
     got: 🇦🇽
 ; [cca2=AX].name.common
Expected: Ã…land Islands
     got: Åland Islands
 ; [cca2=AX].name.nativeName.swe.common
Expected: Ã…land
     got: Åland
 ; [cca2=AX].name.nativeName.swe.official
Expected: Landskapet Ã…land
     got: Landskapet Åland
 ; [cca2=AX].name.official
Expected: Ã…land Islands
     got: Åland Islands
 ; [cca2=AX].translations.ara.common
Expected: Ø¬Ø²Ø± Ø£ÙˆÙ„Ø§Ù†Ø¯
     got: جزر أولاند
 ; [cca2=AX].translations.ara.official
Expected: Ø¬Ø²Ø± Ø£ÙˆÙ„Ø§Ù†Ø¯
     got: جزر أولاند
 ; [cca2=AX].translations.bre.common
Expected: Ã…land
     got: Åland
 ; [cca2=AX].translations.bre.official
Expected: Inizi Ã…land
     got: Inizi Åland
 ; [cca2=AX].translations.ces.common
Expected: Ã…landy
     got: Ålandy
 ; [cca2=AX].translations.ces.official
Expected: Ã…landskÃ© ostrovy
     got: Ålandské ostrovy
 ; [cca2=AX].translations.cym.common
Expected: Ã…land Islands
     got: Åland Islands
 ; [cca2=AX].translations.cym.official
Expected: Ã…land Islands
     got: Åland Islands
 ; [cca2=AX].translations.deu.common
Expected: Ã…land
     got: Åland
 ; [cca2=AX].translations.deu.official
Expected: Ã…land-Inseln
     got: Åland-Inseln
 ; [cca2=AX].translations.hrv.common
Expected: Ã…landski otoci
     got: Ålandski otoci
 ; [cca2=AX].translations.hun.common
Expected: Ã…land-szigetek
     got: Åland-szigetek
 ; [cca2=AX].translations.hun.official
Expected: Ã…land-szigetek
     got: Åland-szigetek
 ; [cca2=AX].translations.ita.official
Expected: Isole Ã…land
     got: Isole Åland
 ; [cca2=AX].translations.jpn.common
Expected: ã‚ªãƒ¼ãƒ©ãƒ³ãƒ‰è«¸å³¶
     got: オーランド諸島
 ; [cca2=AX].translations.jpn.official
Expected: ã‚ªãƒ¼ãƒ©ãƒ³ãƒ‰è«¸å³¶
     got: オーランド諸島
 ; [cca2=AX].translations.kor.common
Expected: ì˜¬ëž€ë“œ ì œë�„
     got: 올란드 제도
 ; [cca2=AX].translations.kor.official
Expected: ì˜¬ëž€ë“œ ì œë�„
     got: 올란드 제도
 ; [cca2=AX].translations.nld.common
Expected: Ã…landeilanden
     got: Ålandeilanden
 ; [cca2=AX].translations.nld.official
Expected: Ã…land eilanden
     got: Åland eilanden
 ; [cca2=AX].translations.per.common
Expected: Ø¬Ø²Ø§ÛŒØ± Ø§Ù„Ù†Ø¯
     got: جزایر الند
 ; [cca2=AX].translations.per.official
Expected: Ø¬Ø²Ø§ÛŒØ± Ø§Ù„Ù†Ø¯
     got: جزایر الند
 ; [cca2=AX].translations.por.common
Expected: AlÃ¢ndia
     got: Alândia
 ; [cca2=AX].translations.por.official
Expected: Ilhas Ã…land
     got: Ilhas Åland
 ; [cca2=AX].translations.rus.common
Expected: Ð�Ð»Ð°Ð½Ð´Ñ�ÐºÐ¸Ðµ Ð¾Ñ�Ñ‚Ñ€Ð¾Ð²Ð°
     got: Аландские острова
 ; [cca2=AX].translations.rus.official
Expected: Ð�Ð»Ð°Ð½Ð´Ñ�ÐºÐ¸Ðµ Ð¾Ñ�Ñ‚Ñ€Ð¾Ð²Ð°
     got: Аландские острова
 ; [cca2=AX].translations.slk.official
Expected: AlandskÃ© ostrovy
     got: Alandské ostrovy
 ; [cca2=AX].translations.spa.official
Expected: Islas Ã…land
     got: Islas Åland
 ; [cca2=AX].translations.srp.common
Expected: ÐžÐ»Ð°Ð½Ð´Ñ�ÐºÐ° ÐžÑ�Ñ‚Ñ€Ð²Ð°
     got: Оландска Острва
 ; [cca2=AX].translations.srp.official
Expected: ÐžÐ»Ð°Ð½Ð´Ñ�ÐºÐ° ÐžÑ�Ñ‚Ñ€Ð²Ð°
     got: Оландска Острва
 ; [cca2=AX].translations.swe.common
Expected: Ã…land
     got: Åland
 ; [cca2=AX].translations.swe.official
Expected: Ã…land
     got: Åland
 ; [cca2=AX].translations.tur.common
Expected: Ã…land
     got: Åland
 ; [cca2=AX].translations.tur.official
Expected: Ã…land AdalarÄ±
     got: Åland Adaları
 ; [cca2=AX].translations.urd.common
Expected: Ø¬Ø²Ø§Ø¦Ø± Ø§ÙˆÙ„Ù†Ø¯
     got: جزائر اولند
 ; [cca2=AX].translations.urd.official
Expected: Ø¬Ø²Ø§Ø¦Ø± Ø§ÙˆÙ„Ù†Ø¯
     got: جزائر اولند
 ; [cca2=AX].translations.zho.common
Expected: å¥¥å…°ç¾¤å²›
     got: 奥兰群岛
 ; [cca2=AX].translations.zho.official
Expected: å¥¥å…°ç¾¤å²›
     got: 奥兰群岛
 ; [cca2=AZ].altSpellings[]
Expected: AzÉ™rbaycan RespublikasÄ±
     but none found
 ; [cca2=AZ].altSpellings[]
Unexpected: Azərbaycan Respublikası
 ; [cca2=AZ].currencies.AZN.symbol
Expected: â‚¼
     got: ₼
 ; [cca2=AZ].demonyms.fra.f
Expected: AzerbaÃ¯djanaise
     got: Azerbaïdjanaise
 ; [cca2=AZ].demonyms.fra.m
Expected: AzerbaÃ¯djanais
     got: Azerbaïdjanais
 ; [cca2=AZ].flag
Expected: ðŸ‡¦ðŸ‡¿
     got: 🇦🇿
 ; [cca2=AZ].name.nativeName.aze.common
Expected: AzÉ™rbaycan
     got: Azərbaycan
 ; [cca2=AZ].name.nativeName.aze.official
Expected: AzÉ™rbaycan RespublikasÄ±
     got: Azərbaycan Respublikası
 ; [cca2=AZ].translations.ara.common
Expected: Ø£Ø°Ø±Ø¨ÙŠØ¬Ø§Ù†
     got: أذربيجان
 ; [cca2=AZ].translations.ara.official
Expected: Ø¬Ù…Ù‡ÙˆØ±ÙŠØ© Ø£Ø°Ø±Ø¨ÙŠØ¬Ø§Ù†
     got: جمهورية أذربيجان
 ; [cca2=AZ].translations.ces.common
Expected: Ã�zerbÃ¡jdÅ¾Ã¡n
     got: Ázerbájdžán
 ; [cca2=AZ].translations.ces.official
Expected: Ã�zerbÃ¡jdÅ¾Ã¡nskÃ¡ republika
     got: Ázerbájdžánská republika
 ; [cca2=AZ].translations.est.common
Expected: AserbaidÅ¾aan
     got: Aserbaidžaan
 ; [cca2=AZ].translations.est.official
Expected: AserbaidÅ¾aani Vabariik
     got: Aserbaidžaani Vabariik
 ; [cca2=AZ].translations.fra.common
Expected: AzerbaÃ¯djan
     got: Azerbaïdjan
 ; [cca2=AZ].translations.fra.official
Expected: RÃ©publique d&apos;AzerbaÃ¯djan
     got: République d&apos;Azerbaïdjan
 ; [cca2=AZ].translations.hrv.common
Expected: AzerbajdÅ¾an
     got: Azerbajdžan
 ; [cca2=AZ].translations.hrv.official
Expected: Republika AzerbajdÅ¾an
     got: Republika Azerbajdžan
 ; [cca2=AZ].translations.hun.common
Expected: AzerbajdzsÃ¡n
     got: Azerbajdzsán
 ; [cca2=AZ].translations.hun.official
Expected: AzerbajdzsÃ¡n
     got: Azerbajdzsán
 ; [cca2=AZ].translations.jpn.common
Expected: ã‚¢ã‚¼ãƒ«ãƒ�ã‚¤ã‚¸ãƒ£ãƒ³
     got: アゼルバイジャン
 ; [cca2=AZ].translations.jpn.official
Expected: ã‚¢ã‚¼ãƒ«ãƒ�ã‚¤ã‚¸ãƒ£ãƒ³å…±å’Œå›½
     got: アゼルバイジャン共和国
 ; [cca2=AZ].translations.kor.common
Expected: ì•„ì œë¥´ë°”ì�´ìž”
     got: 아제르바이잔
 ; [cca2=AZ].translations.kor.official
Expected: ì•„ì œë¥´ë°”ì�´ìž” ê³µí™”êµ­
     got: 아제르바이잔 공화국
 ; [cca2=AZ].translations.per.common
Expected: Ø¬Ù…Ù‡ÙˆØ±ÛŒ Ø¢Ø°Ø±Ø¨Ø§ÛŒØ¬Ø§Ù†
     got: جمهوری آذربایجان
 ; [cca2=AZ].translations.per.official
Expected: Ø¬Ù…Ù‡ÙˆØ±ÛŒ Ø¢Ø°Ø±Ø¨Ø§ÛŒØ¬Ø§Ù†
     got: جمهوری آذربایجان
 ; [cca2=AZ].translations.pol.common
Expected: AzerbejdÅ¼an
     got: Azerbejdżan
 ; [cca2=AZ].translations.pol.official
Expected: Republika AzerbejdÅ¼anu
     got: Republika Azerbejdżanu
 ; [cca2=AZ].translations.por.common
Expected: AzerbeijÃ£o
     got: Azerbeijão
 ; [cca2=AZ].translations.por.official
Expected: RepÃºblica do AzerbaijÃ£o
     got: República do Azerbaijão
 ; [cca2=AZ].translations.rus.common
Expected: Ð�Ð·ÐµÑ€Ð±Ð°Ð¹Ð´Ð¶Ð°Ð½
     got: Азербайджан
 ; [cca2=AZ].translations.rus.official
Expected: Ð�Ð·ÐµÑ€Ð±Ð°Ð¹Ð´Ð¶Ð°Ð½Ñ�ÐºÐ°Ñ� Ð ÐµÑ�Ð¿ÑƒÐ±Ð»Ð¸ÐºÐ°
     got: Азербайджанская Республика
 ; [cca2=AZ].translations.slk.common
Expected: AzerbajÇ‡an
     got: AzerbajǇan
 ; [cca2=AZ].translations.slk.official
Expected: AzerbajÇ†anskÃ¡ republika
     got: Azerbajǆanská republika
 ; [cca2=AZ].translations.spa.common
Expected: AzerbaiyÃ¡n
     got: Azerbaiyán
 ; [cca2=AZ].translations.spa.official
Expected: RepÃºblica de AzerbaiyÃ¡n
     got: República de Azerbaiyán
 ; [cca2=AZ].translations.srp.common
Expected: Ð�Ð·ÐµÑ€Ð±ÐµÑ˜ÑŸÐ°Ð½
     got: Азербејџан
 ; [cca2=AZ].translations.srp.official
Expected: Ð�Ð·ÐµÑ€Ð±ÐµÑ˜ÑŸÐ°Ð½Ñ�ÐºÐ° Ð ÐµÐ¿ÑƒÐ±Ð»Ð¸ÐºÐ°
     got: Азербејџанска Република
 ; [cca2=AZ].translations.urd.common
Expected: Ø¢Ø°Ø±Ø¨Ø§Ø¦ÛŒØ¬Ø§Ù†
     got: آذربائیجان
 ; [cca2=AZ].translations.urd.official
Expected: Ø¬Ù…Û�ÙˆØ±ÛŒÛ� Ø¢Ø°Ø±Ø¨Ø§Ø¦ÛŒØ¬Ø§Ù†
     got: جمہوریہ آذربائیجان
 ; [cca2=AZ].translations.zho.common
Expected: é˜¿å¡žæ‹œç–†
     got: 阿塞拜疆
 ; [cca2=AZ].translations.zho.official
Expected: é˜¿å¡žæ‹œç–†å…±å’Œå›½
     got: 阿塞拜疆共和国
 ; [cca2=RO].altSpellings[]
Expected: RomÃ¢nia
     but none found
 ; [cca2=RO].altSpellings[]
Unexpected: România
 ; [cca2=RO].flag
Expected: ðŸ‡·ðŸ‡´
     got: 🇷🇴
 ; [cca2=RO].name.nativeName.ron.common
Expected: RomÃ¢nia
     got: România
 ; [cca2=RO].name.nativeName.ron.official
Expected: RomÃ¢nia
     got: România
 ; [cca2=RO].translations.ara.common
Expected: Ø±ÙˆÙ…Ø§Ù†ÙŠØ§
     got: رومانيا
 ; [cca2=RO].translations.ara.official
Expected: Ø±ÙˆÙ…Ø§Ù†ÙŠØ§
     got: رومانيا
 ; [cca2=RO].translations.deu.common
Expected: RumÃ¤nien
     got: Rumänien
 ; [cca2=RO].translations.deu.official
Expected: RumÃ¤nien
     got: Rumänien
 ; [cca2=RO].translations.hun.common
Expected: RomÃ¡nia
     got: Románia
 ; [cca2=RO].translations.hun.official
Expected: RomÃ¡nia
     got: Románia
 ; [cca2=RO].translations.jpn.common
Expected: ãƒ«ãƒ¼ãƒžãƒ‹ã‚¢
     got: ルーマニア
 ; [cca2=RO].translations.jpn.official
Expected: ãƒ«ãƒ¼ãƒžãƒ‹ã‚¢
     got: ルーマニア
 ; [cca2=RO].translations.kor.common
Expected: ë£¨ë§ˆë‹ˆì•„
     got: 루마니아
 ; [cca2=RO].translations.kor.official
Expected: ë£¨ë§ˆë‹ˆì•„
     got: 루마니아
 ; [cca2=RO].translations.nld.common
Expected: RoemeniÃ«
     got: Roemenië
 ; [cca2=RO].translations.nld.official
Expected: RoemeniÃ«
     got: Roemenië
 ; [cca2=RO].translations.per.common
Expected: Ø±ÙˆÙ…Ø§Ù†ÛŒ
     got: رومانی
 ; [cca2=RO].translations.per.official
Expected: Ø±ÙˆÙ…Ø§Ù†ÛŒ
     got: رومانی
 ; [cca2=RO].translations.por.common
Expected: RomÃ©nia
     got: Roménia
 ; [cca2=RO].translations.por.official
Expected: RomÃªnia
     got: Romênia
 ; [cca2=RO].translations.rus.common
Expected: Ð ÑƒÐ¼Ñ‹Ð½Ð¸Ñ�
     got: Румыния
 ; [cca2=RO].translations.rus.official
Expected: Ð ÑƒÐ¼Ñ‹Ð½Ð¸Ñ�
     got: Румыния
 ; [cca2=RO].translations.srp.common
Expected: Ð ÑƒÐ¼ÑƒÐ½Ð¸Ñ˜Ð°
     got: Румунија
 ; [cca2=RO].translations.srp.official
Expected: Ð ÑƒÐ¼ÑƒÐ½Ð¸Ñ˜Ð°
     got: Румунија
 ; [cca2=RO].translations.swe.common
Expected: RumÃ¤nien
     got: Rumänien
 ; [cca2=RO].translations.swe.official
Expected: RumÃ¤nien
     got: Rumänien
 ; [cca2=RO].translations.urd.common
Expected: Ø±ÙˆÙ…Ø§Ù†ÛŒÛ�
     got: رومانیہ
 ; [cca2=RO].translations.urd.official
Expected: Ø±ÙˆÙ…Ø§Ù†ÛŒÛ�
     got: رومانیہ
 ; [cca2=RO].translations.zho.common
Expected: ç½—é©¬å°¼äºš
     got: 罗马尼亚
 ; [cca2=RO].translations.zho.official
Expected: ç½—é©¬å°¼äºš
     got: 罗马尼亚
 ; [cca2=BA].altSpellings[]
Expected: Ð‘Ð¾Ñ�Ð½Ð° Ð¸ Ð¥ÐµÑ€Ñ†ÐµÐ³Ð¾Ð²Ð¸Ð½Ð°
     but none found
 ; [cca2=BA].altSpellings[]
Unexpected: Босна и Херцеговина
 ; [cca2=BA].flag
Expected: ðŸ‡§ðŸ‡¦
     got: 🇧🇦
 ; [cca2=BA].name.nativeName.srp.common
Expected: Ð‘Ð¾Ñ�Ð½Ð° Ð¸ Ð¥ÐµÑ€Ñ†ÐµÐ³Ð¾Ð²Ð¸Ð½Ð°
     got: Босна и Херцеговина
 ; [cca2=BA].name.nativeName.srp.official
Expected: Ð‘Ð¾Ñ�Ð½Ð° Ð¸ Ð¥ÐµÑ€Ñ†ÐµÐ³Ð¾Ð²Ð¸Ð½Ð°
     got: Босна и Херцеговина
 ; [cca2=BA].translations.ara.common
Expected: Ø§Ù„Ø¨ÙˆØ³Ù†Ø© ÙˆØ§Ù„Ù‡Ø±Ø³Ùƒ
     got: البوسنة والهرسك
 ; [cca2=BA].translations.ara.official
Expected: Ø¬Ù…Ù‡ÙˆØ±ÙŠØ© Ø§Ù„Ø¨ÙˆØ³Ù†Ø© ÙˆØ§Ù„Ù‡Ø±Ø³Ùƒ
     got: جمهورية البوسنة والهرسك
 ; [cca2=BA].translations.fra.common
Expected: Bosnie-HerzÃ©govine
     got: Bosnie-Herzégovine
 ; [cca2=BA].translations.fra.official
Expected: Bosnie-et-HerzÃ©govine
     got: Bosnie-et-Herzégovine
 ; [cca2=BA].translations.jpn.common
Expected: ãƒœã‚¹ãƒ‹ã‚¢ãƒ»ãƒ˜ãƒ«ãƒ„ã‚§ã‚´ãƒ“ãƒŠ
     got: ボスニア・ヘルツェゴビナ
 ; [cca2=BA].translations.jpn.official
Expected: ãƒœã‚¹ãƒ‹ã‚¢Â·ãƒ˜ãƒ«ãƒ„ã‚§ã‚´ãƒ“ãƒŠ
     got: ボスニア·ヘルツェゴビナ
 ; [cca2=BA].translations.kor.common
Expected: ë³´ìŠ¤ë‹ˆì•„ í—¤ë¥´ì²´ê³ ë¹„ë‚˜
     got: 보스니아 헤르체고비나
 ; [cca2=BA].translations.kor.official
Expected: ë³´ìŠ¤ë‹ˆì•„ í—¤ë¥´ì²´ê³ ë¹„ë‚˜
     got: 보스니아 헤르체고비나
 ; [cca2=BA].translations.nld.common
Expected: BosniÃ« en Herzegovina
     got: Bosnië en Herzegovina
 ; [cca2=BA].translations.nld.official
Expected: BosniÃ«-Herzegovina
     got: Bosnië-Herzegovina
 ; [cca2=BA].translations.per.common
Expected: Ø¨ÙˆØ³Ù†ÛŒ Ùˆ Ù‡Ø±Ø²Ú¯ÙˆÛŒÙ†
     got: بوسنی و هرزگوین
 ; [cca2=BA].translations.per.official
Expected: Ø¨ÙˆØ³Ù†ÛŒ Ùˆ Ù‡Ø±Ø²Ú¯ÙˆÛŒÙ†
     got: بوسنی و هرزگوین
 ; [cca2=BA].translations.pol.common
Expected: BoÅ›nia i Hercegowina
     got: Bośnia i Hercegowina
 ; [cca2=BA].translations.pol.official
Expected: BoÅ›nia i Hercegowina
     got: Bośnia i Hercegowina
 ; [cca2=BA].translations.por.common
Expected: BÃ³snia e Herzegovina
     got: Bósnia e Herzegovina
 ; [cca2=BA].translations.por.official
Expected: BÃ³snia e Herzegovina
     got: Bósnia e Herzegovina
 ; [cca2=BA].translations.rus.common
Expected: Ð‘Ð¾Ñ�Ð½Ð¸Ñ� Ð¸ Ð“ÐµÑ€Ñ†ÐµÐ³Ð¾Ð²Ð¸Ð½Ð°
     got: Босния и Герцеговина
 ; [cca2=BA].translations.rus.official
Expected: Ð‘Ð¾Ñ�Ð½Ð¸Ñ� Ð¸ Ð“ÐµÑ€Ñ†ÐµÐ³Ð¾Ð²Ð¸Ð½Ð°
     got: Босния и Герцеговина
 ; [cca2=BA].translations.srp.common
Expected: Ð‘Ð¾Ñ�Ð½Ð° Ð¸ Ð¥ÐµÑ€Ñ†ÐµÐ³Ð¾Ð²Ð¸Ð½Ð°
     got: Босна и Херцеговина
 ; [cca2=BA].translations.srp.official
Expected: Ð‘Ð¾Ñ�Ð½Ð° Ð¸ Ð¥ÐµÑ€Ñ†ÐµÐ³Ð¾Ð²Ð¸Ð½Ð°
     got: Босна и Херцеговина
 ; [cca2=BA].translations.urd.common
Expected: Ø¨ÙˆØ³Ù†ÛŒØ§ Ùˆ Û�Ø±Ø²ÛŒÚ¯ÙˆÙˆÛŒÙ†Ø§
     got: بوسنیا و ہرزیگووینا
 ; [cca2=BA].translations.urd.official
Expected: Ø¨ÙˆØ³Ù†ÛŒØ§ Ùˆ Û�Ø±Ø²ÛŒÚ¯ÙˆÙˆÛŒÙ†Ø§
     got: بوسنیا و ہرزیگووینا
 ; [cca2=BA].translations.zho.common
Expected: æ³¢æ–¯å°¼äºšå’Œé»‘å¡žå“¥ç»´é‚£
     got: 波斯尼亚和黑塞哥维那
 ; [cca2=BA].translations.zho.official
Expected: æ³¢æ–¯å°¼äºšå’Œé»‘å¡žå“¥ç»´é‚£
     got: 波斯尼亚和黑塞哥维那
 ; [cca2=BB].flag
Expected: ðŸ‡§ðŸ‡§
     got: 🇧🇧
 ; [cca2=BB].translations.ara.common
Expected: Ø¨Ø§Ø±Ø¨Ø§Ø¯ÙˆØ³
     got: باربادوس
 ; [cca2=BB].translations.ara.official
Expected: Ø¨Ø§Ø±Ø¨Ø§Ø¯ÙˆØ³
     got: باربادوس
 ; [cca2=BB].translations.jpn.common
Expected: ãƒ�ãƒ«ãƒ�ãƒ‰ã‚¹
     got: バルバドス
 ; [cca2=BB].translations.jpn.official
Expected: ãƒ�ãƒ«ãƒ�ãƒ‰ã‚¹
     got: バルバドス
 ; [cca2=BB].translations.kor.common
Expected: ë°”ë² ì�´ë�„ìŠ¤
     got: 바베이도스
 ; [cca2=BB].translations.kor.official
Expected: ë°”ë² ì�´ë�„ìŠ¤
     got: 바베이도스
 ; [cca2=BB].translations.per.common
Expected: Ø¨Ø§Ø±Ø¨Ø§Ø¯ÙˆØ³
     got: باربادوس
 ; [cca2=BB].translations.per.official
Expected: Ø¨Ø§Ø±Ø¨Ø§Ø¯ÙˆØ³
     got: باربادوس
 ; [cca2=BB].translations.rus.common
Expected: Ð‘Ð°Ñ€Ð±Ð°Ð´Ð¾Ñ�
     got: Барбадос
 ; [cca2=BB].translations.rus.official
Expected: Ð‘Ð°Ñ€Ð±Ð°Ð´Ð¾Ñ�
     got: Барбадос
 ; [cca2=BB].translations.srp.common
Expected: Ð‘Ð°Ñ€Ð±Ð°Ð´Ð¾Ñ�
     got: Барбадос
 ; [cca2=BB].translations.srp.official
Expected: Ð‘Ð°Ñ€Ð±Ð°Ð´Ð¾Ñ�
     got: Барбадос
 ; [cca2=BB].translations.urd.common
Expected: Ø¨Ø§Ø±Ø¨Ø§ÚˆÙˆØ³
     got: بارباڈوس
 ; [cca2=BB].translations.urd.official
Expected: Ø¨Ø§Ø±Ø¨Ø§ÚˆÙˆØ³
     got: بارباڈوس
 ; [cca2=BB].translations.zho.common
Expected: å·´å·´å¤šæ–¯
     got: 巴巴多斯
 ; [cca2=BB].translations.zho.official
Expected: å·´å·´å¤šæ–¯
     got: 巴巴多斯
 ; [cca2=RS].altSpellings[]
Expected: Ð ÐµÐ¿ÑƒÐ±Ð»Ð¸ÐºÐ° Ð¡Ñ€Ð±Ð¸Ñ˜Ð°
     but none found
 ; [cca2=RS].altSpellings[]
Unexpected: Република Србија
 ; [cca2=RS].currencies.RSD.symbol
Expected: Ð´Ð¸Ð½.
     got: дин.
 ; [cca2=RS].flag
Expected: ðŸ‡·ðŸ‡¸
     got: 🇷🇸
 ; [cca2=RS].name.nativeName.srp.common
Expected: Ð¡Ñ€Ð±Ð¸Ñ˜Ð°
     got: Србија
 ; [cca2=RS].name.nativeName.srp.official
Expected: Ð ÐµÐ¿ÑƒÐ±Ð»Ð¸ÐºÐ° Ð¡Ñ€Ð±Ð¸Ñ˜Ð°
     got: Република Србија
 ; [cca2=RS].tld[]
Expected: .Ñ�Ñ€Ð±
     but none found
 ; [cca2=RS].tld[]
Unexpected: .срб
 ; [cca2=RS].translations.ara.common
Expected: ØµÙŠØ±Ø¨ÙŠØ§
     got: صيربيا
 ; [cca2=RS].translations.ara.official
Expected: Ø¬Ù…Ù‡ÙˆØ±ÙŠØ© ØµÙŠØ±Ø¨ÙŠØ§
     got: جمهورية صيربيا
 ; [cca2=RS].translations.ces.official
Expected: SrbskÃ¡ republika
     got: Srbská republika
 ; [cca2=RS].translations.fra.official
Expected: RÃ©publique de Serbie
     got: République de Serbie
 ; [cca2=RS].translations.hun.official
Expected: Szerb KÃ¶ztÃ¡rsasÃ¡g
     got: Szerb Köztársaság
 ; [cca2=RS].translations.jpn.common
Expected: ã‚»ãƒ«ãƒ“ã‚¢
     got: セルビア
 ; [cca2=RS].translations.jpn.official
Expected: ã‚»ãƒ«ãƒ“ã‚¢å…±å’Œå›½
     got: セルビア共和国
 ; [cca2=RS].translations.kor.common
Expected: ì„¸ë¥´ë¹„ì•„
     got: 세르비아
 ; [cca2=RS].translations.kor.official
Expected: ì„¸ë¥´ë¹„ì•„ ê³µí™”êµ­
     got: 세르비아 공화국
 ; [cca2=RS].translations.nld.common
Expected: ServiÃ«
     got: Servië
 ; [cca2=RS].translations.nld.official
Expected: Republiek ServiÃ«
     got: Republiek Servië
 ; [cca2=RS].translations.per.common
Expected: ØµØ±Ø¨Ø³ØªØ§Ù†
     got: صربستان
 ; [cca2=RS].translations.per.official
Expected: Ø¬Ù…Ù‡ÙˆØ±ÛŒ ØµØ±Ø¨Ø³ØªØ§Ù†
     got: جمهوری صربستان
 ; [cca2=RS].translations.por.common
Expected: SÃ©rvia
     got: Sérvia
 ; [cca2=RS].translations.por.official
Expected: RepÃºblica da SÃ©rvia
     got: República da Sérvia
 ; [cca2=RS].translations.rus.common
Expected: Ð¡ÐµÑ€Ð±Ð¸Ñ�
     got: Сербия
 ; [cca2=RS].translations.rus.official
Expected: Ð ÐµÑ�Ð¿ÑƒÐ±Ð»Ð¸ÐºÐ° Ð¡ÐµÑ€Ð±Ð¸Ñ�
     got: Республика Сербия
 ; [cca2=RS].translations.slk.official
Expected: SrbskÃ¡ republika
     got: Srbská republika
 ; [cca2=RS].translations.spa.official
Expected: RepÃºblica de Serbia
     got: República de Serbia
 ; [cca2=RS].translations.srp.common
Expected: Ð¡Ñ€Ð±Ð¸Ñ˜Ð°
     got: Србија
 ; [cca2=RS].translations.srp.official
Expected: Ð ÐµÐ¿ÑƒÐ±Ð»Ð¸ÐºÐ° Ð¡Ñ€Ð±Ð¸Ñ˜Ð°
     got: Република Србија
 ; [cca2=RS].translations.tur.common
Expected: SÄ±rbistan
     got: Sırbistan
 ; [cca2=RS].translations.tur.official
Expected: SÄ±rbistan Cumhuriyeti
     got: Sırbistan Cumhuriyeti
 ; [cca2=RS].translations.urd.common
Expected: Ø³Ø±Ø¨ÛŒØ§
     got: سربیا
 ; [cca2=RS].translations.urd.official
Expected: Ø¬Ù…Û�ÙˆØ±ÛŒÛ� Ø³Ø±Ø¨ÛŒØ§
     got: جمہوریہ سربیا
 ; [cca2=RS].translations.zho.common
Expected: å¡žå°”ç»´äºš
     got: 塞尔维亚
 ; [cca2=RS].translations.zho.official
Expected: å¡žå°”ç»´äºšå…±å’Œå›½
     got: 塞尔维亚共和国
 ; [cca2=BD].altSpellings[]
Expected: GÃ´nÃ´prÃ´jatÃ´ntri Bangladesh
     but none found
 ; [cca2=BD].altSpellings[]
Unexpected: Gônôprôjatôntri Bangladesh
 ; [cca2=BD].currencies.BDT.symbol
Expected: à§³
     got: ৳
 ; [cca2=BD].flag
Expected: ðŸ‡§ðŸ‡©
     got: 🇧🇩
 ; [cca2=BD].name.nativeName.ben.common
Expected: à¦¬à¦¾à¦‚à¦²à¦¾à¦¦à§‡à¦¶
     got: বাংলাদেশ
 ; [cca2=BD].name.nativeName.ben.official
Expected: à¦¬à¦¾à¦‚à¦²à¦¾à¦¦à§‡à¦¶ à¦—à¦£à¦ªà§�à¦°à¦œà¦¾à¦¤à¦¨à§�à¦¤à§�à¦°à§€
     got: বাংলাদেশ গণপ্রজাতন্ত্রী
 ; [cca2=BD].translations.ara.common
Expected: Ø¨Ù†ØºÙ„Ø§Ø¯ÙŠØ´
     got: بنغلاديش
 ; [cca2=BD].translations.ara.official
Expected: Ø¬Ù…Ù‡ÙˆØ±ÙŠØ© Ø¨Ù†ØºÙ„Ø§Ø¯ÙŠØ´ Ø§Ù„Ø´Ø¹Ø¨ÙŠØ©
     got: جمهورية بنغلاديش الشعبية
 ; [cca2=BD].translations.ces.common
Expected: BangladÃ©Å¡
     got: Bangladéš
 ; [cca2=BD].translations.ces.official
Expected: BangladÃ©Å¡skÃ¡ lidovÃ¡ republika
     got: Bangladéšská lidová republika
 ; [cca2=BD].translations.fra.official
Expected: La RÃ©publique populaire du Bangladesh
     got: La République populaire du Bangladesh
 ; [cca2=BD].translations.hrv.common
Expected: BangladeÅ¡
     got: Bangladeš
 ; [cca2=BD].translations.hrv.official
Expected: Narodna Republika BangladeÅ¡
     got: Narodna Republika Bangladeš
 ; [cca2=BD].translations.jpn.common
Expected: ãƒ�ãƒ³ã‚°ãƒ©ãƒ‡ã‚·ãƒ¥
     got: バングラデシュ
 ; [cca2=BD].translations.jpn.official
Expected: ãƒ�ãƒ³ã‚°ãƒ©ãƒ‡ã‚·ãƒ¥äººæ°‘å…±å’Œå›½
     got: バングラデシュ人民共和国
 ; [cca2=BD].translations.kor.common
Expected: ë°©ê¸€ë�¼ë�°ì‹œ
     got: 방글라데시
 ; [cca2=BD].translations.kor.official
Expected: ë°©ê¸€ë�¼ë�°ì‹œ ì�¸ë¯¼ ê³µí™”êµ­
     got: 방글라데시 인민 공화국
 ; [cca2=BD].translations.per.common
Expected: Ø¨Ù†Ú¯Ù„Ø§Ø¯Ø´
     got: بنگلادش
 ; [cca2=BD].translations.per.official
Expected: Ø¬Ù…Ù‡ÙˆØ±ÛŒ Ø®Ù„Ù‚ Ø¨Ù†Ú¯Ù„Ø§Ø¯Ø´
     got: جمهوری خلق بنگلادش
 ; [cca2=BD].translations.por.official
Expected: RepÃºblica Popular do Bangladesh
     got: República Popular do Bangladesh
 ; [cca2=BD].translations.rus.common
Expected: Ð‘Ð°Ð½Ð³Ð»Ð°Ð´ÐµÑˆ
     got: Бангладеш
 ; [cca2=BD].translations.rus.official
Expected: Ð�Ð°Ñ€Ð¾Ð´Ð½Ð°Ñ� Ð ÐµÑ�Ð¿ÑƒÐ±Ð»Ð¸ÐºÐ° Ð‘Ð°Ð½Ð³Ð»Ð°Ð´ÐµÑˆ
     got: Народная Республика Бангладеш
 ; [cca2=BD].translations.slk.common
Expected: BangladÃ©Å¡
     got: Bangladéš
 ; [cca2=BD].translations.slk.official
Expected: BangladÃ©Å¡ska Ä¾udovÃ¡ republika
     got: Bangladéšska ľudová republika
 ; [cca2=BD].translations.spa.official
Expected: RepÃºblica Popular de Bangladesh
     got: República Popular de Bangladesh
 ; [cca2=BD].translations.srp.common
Expected: Ð‘Ð°Ð½Ð³Ð»Ð°Ð´ÐµÑˆ
     got: Бангладеш
 ; [cca2=BD].translations.srp.official
Expected: Ð�Ð°Ñ€Ð¾Ð´Ð½Ð° Ð ÐµÐ¿ÑƒÐ±Ð»Ð¸ÐºÐ° Ð‘Ð°Ð½Ð³Ð»Ð°Ð´ÐµÑˆ
     got: Народна Република Бангладеш
 ; [cca2=BD].translations.tur.common
Expected: BangladeÅŸ
     got: Bangladeş
 ; [cca2=BD].translations.tur.official
Expected: BangladeÅŸ Halk Cumhuriyeti
     got: Bangladeş Halk Cumhuriyeti
 ; [cca2=BD].translations.urd.common
Expected: Ø¨Ù†Ú¯Ù„Û� Ø¯ÛŒØ´
     got: بنگلہ دیش
 ; [cca2=BD].translations.urd.official
Expected: Ø¹ÙˆØ§Ù…ÛŒ Ø¬Ù…Û�ÙˆØ±ÛŒÛ� Ø¨Ù†Ú¯Ù„Û� Ø¯ÛŒØ´
     got: عوامی جمہوریہ بنگلہ دیش
 ; [cca2=BD].translations.zho.common
Expected: å­ŸåŠ æ‹‰å›½
     got: 孟加拉国
 ; [cca2=BD].translations.zho.official
Expected: å­ŸåŠ æ‹‰äººæ°‘å…±å’Œå›½
     got: 孟加拉人民共和国
 ; [cca2=RU].altSpellings[]
Expected: Ð Ð¾Ñ�Ñ�Ð¸Ð¹Ñ�ÐºÐ°Ñ� Ð¤ÐµÐ´ÐµÑ€Ð°Ñ†Ð¸Ñ�
     but none found
 ; [cca2=RU].altSpellings[]
Unexpected: Российская Федерация
 ; [cca2=RU].currencies.RUB.symbol
Expected: â‚½
     got: ₽
 ; [cca2=RU].flag
Expected: ðŸ‡·ðŸ‡º
     got: 🇷🇺
 ; [cca2=RU].name.nativeName.rus.common
Expected: Ð Ð¾Ñ�Ñ�Ð¸Ñ�
     got: Россия
 ; [cca2=RU].name.nativeName.rus.official
Expected: Ð Ð¾Ñ�Ñ�Ð¸Ð¹Ñ�ÐºÐ°Ñ� Ð¤ÐµÐ´ÐµÑ€Ð°Ñ†Ð¸Ñ�
     got: Российская Федерация
 ; [cca2=RU].tld[]
Expected: .Ñ€Ñ„
     but none found
 ; [cca2=RU].tld[]
Unexpected: .рф
 ; [cca2=RU].translations.ara.common
Expected: Ø±ÙˆØ³ÙŠØ§
     got: روسيا
 ; [cca2=RU].translations.ara.official
Expected: Ø±ÙˆØ³ÙŠØ§ Ø§Ù„Ø§ØªØ­Ø§Ø¯ÙŠØ©
     got: روسيا الاتحادية
 ; [cca2=RU].translations.ces.official
Expected: RuskÃ¡ federace
     got: Ruská federace
 ; [cca2=RU].translations.deu.official
Expected: Russische FÃ¶deration
     got: Russische Föderation
 ; [cca2=RU].translations.est.official
Expected: Venemaa FÃ¶deratsioon
     got: Venemaa Föderatsioon
 ; [cca2=RU].translations.fin.common
Expected: VenÃ¤jÃ¤
     got: Venäjä
 ; [cca2=RU].translations.fin.official
Expected: VenÃ¤jÃ¤n federaatio
     got: Venäjän federaatio
 ; [cca2=RU].translations.fra.official
Expected: FÃ©dÃ©ration de Russie
     got: Fédération de Russie
 ; [cca2=RU].translations.hun.common
Expected: OroszorszÃ¡g
     got: Oroszország
 ; [cca2=RU].translations.hun.official
Expected: OroszorszÃ¡gi FÃ¶derÃ¡ciÃ³
     got: Oroszországi Föderáció
 ; [cca2=RU].translations.jpn.common
Expected: ãƒ­ã‚·ã‚¢é€£é‚¦
     got: ロシア連邦
 ; [cca2=RU].translations.jpn.official
Expected: ãƒ­ã‚·ã‚¢é€£é‚¦
     got: ロシア連邦
 ; [cca2=RU].translations.kor.common
Expected: ëŸ¬ì‹œì•„
     got: 러시아
 ; [cca2=RU].translations.kor.official
Expected: ëŸ¬ì‹œì•„ ì—°ë°©
     got: 러시아 연방
 ; [cca2=RU].translations.per.common
Expected: Ø±ÙˆØ³ÛŒÙ‡
     got: روسیه
 ; [cca2=RU].translations.per.official
Expected: Ù�Ø¯Ø±Ø§Ø³ÛŒÙˆÙ† Ø±ÙˆØ³ÛŒÙ‡
     got: فدراسیون روسیه
 ; [cca2=RU].translations.por.common
Expected: RÃºssia
     got: Rússia
 ; [cca2=RU].translations.por.official
Expected: FederaÃ§Ã£o Russa
     got: Federação Russa
 ; [cca2=RU].translations.rus.common
Expected: Ð Ð¾Ñ�Ñ�Ð¸Ñ�
     got: Россия
 ; [cca2=RU].translations.rus.official
Expected: Ð Ð¾Ñ�Ñ�Ð¸Ð¹Ñ�ÐºÐ°Ñ� Ð¤ÐµÐ´ÐµÑ€Ð°Ñ†Ð¸Ñ�
     got: Российская Федерация
 ; [cca2=RU].translations.slk.official
Expected: RuskÃ¡ federÃ¡cia
     got: Ruská federácia
 ; [cca2=RU].translations.spa.official
Expected: FederaciÃ³n de Rusia
     got: Federación de Rusia
 ; [cca2=RU].translations.srp.common
Expected: Ð ÑƒÑ�Ð¸Ñ˜Ð°
     got: Русија
 ; [cca2=RU].translations.srp.official
Expected: Ð ÑƒÑ�ÐºÐ° Ð¤ÐµÐ´ÐµÑ€Ð°Ñ†Ð¸Ñ˜Ð°
     got: Руска Федерација
 ; [cca2=RU].translations.urd.common
Expected: Ø±ÙˆØ³
     got: روس
 ; [cca2=RU].translations.urd.official
Expected: Ø±ÙˆØ³ÛŒ ÙˆÙ�Ø§Ù‚
     got: روسی وفاق
 ; [cca2=RU].translations.zho.common
Expected: ä¿„ç½—æ–¯
     got: 俄罗斯
 ; [cca2=RU].translations.zho.official
Expected: ä¿„ç½—æ–¯è�”é‚¦
     got: 俄罗斯联邦
 ; [cca2=BE].altSpellings[]
Expected: KÃ¶nigreich Belgien
     but none found
 ; [cca2=BE].altSpellings[]
Expected: BelgiÃ«
     but none found
 ; [cca2=BE].altSpellings[]
Expected: Koninkrijk BelgiÃ«
     but none found
 ; [cca2=BE].altSpellings[]
Unexpected: België
 ; [cca2=BE].altSpellings[]
Unexpected: Königreich Belgien
 ; [cca2=BE].altSpellings[]
Unexpected: Koninkrijk België
 ; [cca2=BE].currencies.EUR.symbol
Expected: â‚¬
     got: €
 ; [cca2=BE].flag
Expected: ðŸ‡§ðŸ‡ª
     got: 🇧🇪
 ; [cca2=BE].name.nativeName.deu.official
Expected: KÃ¶nigreich Belgien
     got: Königreich Belgien
 ; [cca2=BE].name.nativeName.nld.common
Expected: BelgiÃ«
     got: België
 ; [cca2=BE].name.nativeName.nld.official
Expected: Koninkrijk BelgiÃ«
     got: Koninkrijk België
 ; [cca2=BE].translations.ara.common
Expected: Ø¨Ù„Ø¬ÙŠÙƒØ§
     got: بلجيكا
 ; [cca2=BE].translations.ara.official
Expected: Ù…Ù…Ù„ÙƒØ© Ø¨Ù„Ø¬ÙŠÙƒØ§
     got: مملكة بلجيكا
 ; [cca2=BE].translations.ces.official
Expected: BelgickÃ© krÃ¡lovstvÃ­
     got: Belgické království
 ; [cca2=BE].translations.deu.official
Expected: KÃ¶nigreich Belgien
     got: Königreich Belgien
 ; [cca2=BE].translations.hun.official
Expected: Belga KirÃ¡lysÃ¡g
     got: Belga Királyság
 ; [cca2=BE].translations.jpn.common
Expected: ãƒ™ãƒ«ã‚®ãƒ¼
     got: ベルギー
 ; [cca2=BE].translations.jpn.official
Expected: ãƒ™ãƒ«ã‚®ãƒ¼çŽ‹å›½
     got: ベルギー王国
 ; [cca2=BE].translations.kor.common
Expected: ë²¨ê¸°ì—�
     got: 벨기에
 ; [cca2=BE].translations.kor.official
Expected: ë²¨ê¸°ì—� ì™•êµ­
     got: 벨기에 왕국
 ; [cca2=BE].translations.nld.common
Expected: BelgiÃ«
     got: België
 ; [cca2=BE].translations.nld.official
Expected: Koninkrijk BelgiÃ«
     got: Koninkrijk België
 ; [cca2=BE].translations.per.common
Expected: Ø¨Ù„Ú˜ÛŒÚ©
     got: بلژیک
 ; [cca2=BE].translations.per.official
Expected: Ù¾Ø§Ø¯Ø´Ø§Ù‡ÛŒ Ø¨Ù„Ú˜ÛŒÚ©
     got: پادشاهی بلژیک
 ; [cca2=BE].translations.pol.official
Expected: KrÃ³lestwo Belgii
     got: Królestwo Belgii
 ; [cca2=BE].translations.por.common
Expected: BÃ©lgica
     got: Bélgica
 ; [cca2=BE].translations.por.official
Expected: Reino da BÃ©lgica
     got: Reino da Bélgica
 ; [cca2=BE].translations.rus.common
Expected: Ð‘ÐµÐ»ÑŒÐ³Ð¸Ñ�
     got: Бельгия
 ; [cca2=BE].translations.rus.official
Expected: ÐšÐ¾Ñ€Ð¾Ð»ÐµÐ²Ñ�Ñ‚Ð²Ð¾ Ð‘ÐµÐ»ÑŒÐ³Ð¸Ñ�
     got: Королевство Бельгия
 ; [cca2=BE].translations.slk.official
Expected: BelgickÃ© krÃ¡Ä¾ovstvo
     got: Belgické kráľovstvo
 ; [cca2=BE].translations.spa.common
Expected: BÃ©lgica
     got: Bélgica
 ; [cca2=BE].translations.spa.official
Expected: Reino de BÃ©lgica
     got: Reino de Bélgica
 ; [cca2=BE].translations.srp.common
Expected: Ð‘ÐµÐ»Ð³Ð¸Ñ˜Ð°
     got: Белгија
 ; [cca2=BE].translations.srp.official
Expected: ÐšÑ€Ð°Ñ™ÐµÐ²Ð¸Ð½Ð° Ð‘ÐµÐ»Ð³Ð¸Ñ˜Ð°
     got: Краљевина Белгија
 ; [cca2=BE].translations.tur.common
Expected: BelÄŸika
     got: Belğika
 ; [cca2=BE].translations.tur.official
Expected: BelÃ§ika KrallÄ±ÄŸÄ±
     got: Belçika Krallığı
 ; [cca2=BE].translations.urd.common
Expected: Ø¨Ù„Ø¬Ø¦ÛŒÙ…
     got: بلجئیم
 ; [cca2=BE].translations.urd.official
Expected: Ù…Ù…Ù„Ú©ØªÙ� Ø¨Ù„Ø¬Ø¦ÛŒÙ…
     got: مملکتِ بلجئیم
 ; [cca2=BE].translations.zho.common
Expected: æ¯”åˆ©æ—¶
     got: 比利时
 ; [cca2=BE].translations.zho.official
Expected: æ¯”åˆ©æ—¶çŽ‹å›½
     got: 比利时王国
 ; [cca2=BF].demonyms.fra.f
Expected: BurkinabÃ©e
     got: Burkinabée
 ; [cca2=BF].demonyms.fra.m
Expected: BurkinabÃ©
     got: Burkinabé
 ; [cca2=BF].flag
Expected: ðŸ‡§ðŸ‡«
     got: 🇧🇫
 ; [cca2=BF].name.nativeName.fra.official
Expected: RÃ©publique du Burkina
     got: République du Burkina
 ; [cca2=BF].translations.ara.common
Expected: Ø¨ÙˆØ±ÙƒÙŠÙ†Ø§ Ù�Ø§Ø³Ùˆ
     got: بوركينا فاسو
 ; [cca2=BF].translations.ara.official
Expected: Ø¨ÙˆØ±ÙƒÙŠÙ†Ø§ Ù�Ø§Ø³Ùˆ
     got: بوركينا فاسو
 ; [cca2=BF].translations.fra.official
Expected: RÃ©publique du Burkina
     got: République du Burkina
 ; [cca2=BF].translations.jpn.common
Expected: ãƒ–ãƒ«ã‚­ãƒŠãƒ•ã‚¡ã‚½
     got: ブルキナファソ
 ; [cca2=BF].translations.jpn.official
Expected: ãƒ–ãƒ«ã‚­ãƒŠãƒ•ã‚¡ã‚½
     got: ブルキナファソ
 ; [cca2=BF].translations.kor.common
Expected: ë¶€ë¥´í‚¤ë‚˜íŒŒì†Œ
     got: 부르키나파소
 ; [cca2=BF].translations.kor.official
Expected: ë¶€ë¥´í‚¤ë‚˜íŒŒì†Œ
     got: 부르키나파소
 ; [cca2=BF].translations.per.common
Expected: Ø¨ÙˆØ±Ú©ÛŒÙ†Ø§Ù�Ø§Ø³Ùˆ
     got: بورکینافاسو
 ; [cca2=BF].translations.per.official
Expected: Ø¨ÙˆØ±Ú©ÛŒÙ†Ø§Ù�Ø§Ø³Ùˆ
     got: بورکینافاسو
 ; [cca2=BF].translations.rus.common
Expected: Ð‘ÑƒÑ€ÐºÐ¸Ð½Ð°-Ð¤Ð°Ñ�Ð¾
     got: Буркина-Фасо
 ; [cca2=BF].translations.rus.official
Expected: Ð‘ÑƒÑ€ÐºÐ¸Ð½Ð° -Ð¤Ð°Ñ�Ð¾
     got: Буркина -Фасо
 ; [cca2=BF].translations.srp.common
Expected: Ð‘ÑƒÑ€ÐºÐ¸Ð½Ð° Ð¤Ð°Ñ�Ð¾
     got: Буркина Фасо
 ; [cca2=BF].translations.srp.official
Expected: Ð‘ÑƒÑ€ÐºÐ¸Ð½Ð° Ð¤Ð°Ñ�Ð¾
     got: Буркина Фасо
 ; [cca2=BF].translations.urd.common
Expected: Ø¨Ø±Ú©ÛŒÙ†Ø§ Ù�Ø§Ø³Ùˆ
     got: برکینا فاسو
 ; [cca2=BF].translations.urd.official
Expected: Ø¨Ø±Ú©ÛŒÙ†Ø§ Ù�Ø§Ø³Ùˆ
     got: برکینا فاسو
 ; [cca2=BF].translations.zho.common
Expected: å¸ƒåŸºçº³æ³•ç´¢
     got: 布基纳法索
 ; [cca2=BF].translations.zho.official
Expected: å¸ƒåŸºçº³æ³•ç´¢
     got: 布基纳法索
 ; [cca2=BG].altSpellings[]
Expected: Ð ÐµÐ¿ÑƒÐ±Ð»Ð¸ÐºÐ° Ð‘ÑŠÐ»Ð³Ð°Ñ€Ð¸Ñ�
     but none found
 ; [cca2=BG].altSpellings[]
Unexpected: Република България
 ; [cca2=BG].currencies.BGN.symbol
Expected: Ð»Ð²
     got: лв
 ; [cca2=BG].flag
Expected: ðŸ‡§ðŸ‡¬
     got: 🇧🇬
 ; [cca2=BG].name.nativeName.bul.common
Expected: Ð‘ÑŠÐ»Ð³Ð°Ñ€Ð¸Ñ�
     got: България
 ; [cca2=BG].name.nativeName.bul.official
Expected: Ð ÐµÐ¿ÑƒÐ±Ð»Ð¸ÐºÐ° Ð‘ÑŠÐ»Ð³Ð°Ñ€Ð¸Ñ�
     got: Република България
 ; [cca2=BG].translations.ara.common
Expected: Ø¨Ù„ØºØ§Ø±ÙŠØ§
     got: بلغاريا
 ; [cca2=BG].translations.ara.official
Expected: Ø¬Ù…Ù‡ÙˆØ±ÙŠØ© Ø¨Ù„ØºØ§Ø±ÙŠØ§
     got: جمهورية بلغاريا
 ; [cca2=BG].translations.ces.official
Expected: BulharskÃ¡ republika
     got: Bulharská republika
 ; [cca2=BG].translations.fra.official
Expected: RÃ©publique de Bulgarie
     got: République de Bulgarie
 ; [cca2=BG].translations.hun.common
Expected: BulgÃ¡ria
     got: Bulgária
 ; [cca2=BG].translations.hun.official
Expected: BolgÃ¡r KÃ¶ztÃ¡rsasÃ¡g
     got: Bolgár Köztársaság
 ; [cca2=BG].translations.jpn.common
Expected: ãƒ–ãƒ«ã‚¬ãƒªã‚¢
     got: ブルガリア
 ; [cca2=BG].translations.jpn.official
Expected: ãƒ–ãƒ«ã‚¬ãƒªã‚¢å…±å’Œå›½
     got: ブルガリア共和国
 ; [cca2=BG].translations.kor.common
Expected: ë¶ˆê°€ë¦¬ì•„
     got: 불가리아
 ; [cca2=BG].translations.kor.official
Expected: ë¶ˆê°€ë¦¬ì•„ ê³µí™”êµ­
     got: 불가리아 공화국
 ; [cca2=BG].translations.per.common
Expected: Ø¨Ù„ØºØ§Ø±Ø³ØªØ§Ù†
     got: بلغارستان
 ; [cca2=BG].translations.per.official
Expected: Ø¬Ù…Ù‡ÙˆØ±ÛŒ Ø¨Ù„ØºØ§Ø±Ø³ØªØ§Ù†
     got: جمهوری بلغارستان
 ; [cca2=BG].translations.pol.common
Expected: BuÅ‚garia
     got: Bułgaria
 ; [cca2=BG].translations.pol.official
Expected: Republika BuÅ‚garii
     got: Republika Bułgarii
 ; [cca2=BG].translations.por.common
Expected: BulgÃ¡ria
     got: Bulgária
 ; [cca2=BG].translations.por.official
Expected: RepÃºblica da BulgÃ¡ria
     got: República da Bulgária
 ; [cca2=BG].translations.rus.common
Expected: Ð‘Ð¾Ð»Ð³Ð°Ñ€Ð¸Ñ�
     got: Болгария
 ; [cca2=BG].translations.rus.official
Expected: Ð ÐµÑ�Ð¿ÑƒÐ±Ð»Ð¸ÐºÐ° Ð‘Ð¾Ð»Ð³Ð°Ñ€Ð¸Ñ�
     got: Республика Болгария
 ; [cca2=BG].translations.slk.official
Expected: BulharskÃ¡ republika
     got: Bulharská republika
 ; [cca2=BG].translations.spa.official
Expected: RepÃºblica de Bulgaria
     got: República de Bulgaria
 ; [cca2=BG].translations.srp.common
Expected: Ð‘ÑƒÐ³Ð°Ñ€Ñ�ÐºÐ°
     got: Бугарска
 ; [cca2=BG].translations.srp.official
Expected: Ð ÐµÐ¿ÑƒÐ±Ð»Ð¸ÐºÐ° Ð‘ÑƒÐ³Ð°Ñ€Ñ�ÐºÐ°
     got: Република Бугарска
 ; [cca2=BG].translations.urd.common
Expected: Ø¨Ù„ØºØ§Ø±ÛŒÛ�
     got: بلغاریہ
 ; [cca2=BG].translations.urd.official
Expected: Ø¬Ù…Û�ÙˆØ±ÛŒÛ� Ø¨Ù„ØºØ§Ø±ÛŒÛ�
     got: جمہوریہ بلغاریہ
 ; [cca2=BG].translations.zho.common
Expected: ä¿�åŠ åˆ©äºš
     got: 保加利亚
 ; [cca2=BG].translations.zho.official
Expected: ä¿�åŠ åˆ©äºšå…±å’Œå›½
     got: 保加利亚共和国
 ; [cca2=RW].altSpellings[]
Expected: RÃ©publique du Rwanda
     but none found
 ; [cca2=RW].altSpellings[]
Unexpected: République du Rwanda
 ; [cca2=RW].flag
Expected: ðŸ‡·ðŸ‡¼
     got: 🇷🇼
 ; [cca2=RW].name.nativeName.fra.official
Expected: RÃ©publique rwandaise
     got: République rwandaise
 ; [cca2=RW].translations.ara.common
Expected: Ø±ÙˆØ§Ù†Ø¯Ø§
     got: رواندا
 ; [cca2=RW].translations.ara.official
Expected: Ø¬Ù…Ù‡ÙˆØ±ÙŠØ© Ø±ÙˆØ§Ù†Ø¯Ø§
     got: جمهورية رواندا
 ; [cca2=RW].translations.ces.official
Expected: RwandskÃ¡ republika
     got: Rwandská republika
 ; [cca2=RW].translations.fra.official
Expected: RÃ©publique rwandaise
     got: République rwandaise
 ; [cca2=RW].translations.hun.official
Expected: Ruandai KÃ¶ztÃ¡rsasÃ¡g
     got: Ruandai Köztársaság
 ; [cca2=RW].translations.jpn.common
Expected: ãƒ«ãƒ¯ãƒ³ãƒ€
     got: ルワンダ
 ; [cca2=RW].translations.jpn.official
Expected: ãƒ«ãƒ¯ãƒ³ãƒ€å…±å’Œå›½
     got: ルワンダ共和国
 ; [cca2=RW].translations.kor.common
Expected: ë¥´ì™„ë‹¤
     got: 르완다
 ; [cca2=RW].translations.kor.official
Expected: ë¥´ì™„ë‹¤ ê³µí™”êµ­
     got: 르완다 공화국
 ; [cca2=RW].translations.per.common
Expected: Ø±ÙˆØ§Ù†Ø¯Ø§
     got: رواندا
 ; [cca2=RW].translations.per.official
Expected: Ø¬Ù…Ù‡ÙˆØ±ÛŒ Ø±ÙˆØ§Ù†Ø¯Ø§
     got: جمهوری رواندا
 ; [cca2=RW].translations.por.official
Expected: RepÃºblica do Ruanda
     got: República do Ruanda
 ; [cca2=RW].translations.rus.common
Expected: Ð ÑƒÐ°Ð½Ð´Ð°
     got: Руанда
 ; [cca2=RW].translations.rus.official
Expected: Ð ÐµÑ�Ð¿ÑƒÐ±Ð»Ð¸ÐºÐ° Ð ÑƒÐ°Ð½Ð´Ð°
     got: Республика Руанда
 ; [cca2=RW].translations.slk.official
Expected: RwandskÃ¡ republika
     got: Rwandská republika
 ; [cca2=RW].translations.spa.official
Expected: RepÃºblica de Rwanda
     got: República de Rwanda
 ; [cca2=RW].translations.srp.common
Expected: Ð ÑƒÐ°Ð½Ð´Ð°
     got: Руанда
 ; [cca2=RW].translations.srp.official
Expected: Ð ÐµÐ¿ÑƒÐ±Ð»Ð¸ÐºÐ° Ð ÑƒÐ°Ð½Ð´Ð°
     got: Република Руанда
 ; [cca2=RW].translations.urd.common
Expected: Ø±ÙˆØ§Ù†ÚˆØ§
     got: روانڈا
 ; [cca2=RW].translations.urd.official
Expected: Ø¬Ù…Û�ÙˆØ±ÛŒÛ� Ø±ÙˆØ§Ù†ÚˆØ§
     got: جمہوریہ روانڈا
 ; [cca2=RW].translations.zho.common
Expected: å�¢æ—ºè¾¾
     got: 卢旺达
 ; [cca2=RW].translations.zho.official
Expected: å�¢æ—ºè¾¾å…±å’Œå›½
     got: 卢旺达共和国
 ; [cca2=BH].altSpellings[]
Expected: Mamlakat al-Baá¸¥rayn
     but none found
 ; [cca2=BH].altSpellings[]
Unexpected: Mamlakat al-Baḥrayn
 ; [cca2=BH].currencies.BHD.symbol
Expected: .Ø¯.Ø¨
     got: .د.ب
 ; [cca2=BH].demonyms.fra.f
Expected: BahreÃ¯nienne
     got: Bahreïnienne
 ; [cca2=BH].demonyms.fra.m
Expected: BahreÃ¯nien
     got: Bahreïnien
 ; [cca2=BH].flag
Expected: ðŸ‡§ðŸ‡­
     got: 🇧🇭
 ; [cca2=BH].name.nativeName.ara.common
Expected: â€�Ø§Ù„Ø¨Ø­Ø±ÙŠÙ†
     got: ‏البحرين
 ; [cca2=BH].name.nativeName.ara.official
Expected: Ù…Ù…Ù„ÙƒØ© Ø§Ù„Ø¨Ø­Ø±ÙŠÙ†
     got: مملكة البحرين
 ; [cca2=BH].translations.ara.common
Expected: â€�Ø§Ù„Ø¨Ø­Ø±ÙŠÙ†
     got: ‏البحرين
 ; [cca2=BH].translations.ara.official
Expected: Ù…Ù…Ù„ÙƒØ© Ø§Ù„Ø¨Ø­Ø±ÙŠÙ†
     got: مملكة البحرين
 ; [cca2=BH].translations.ces.official
Expected: KrÃ¡lovstvÃ­ Bahrajn
     got: Království Bahrajn
 ; [cca2=BH].translations.deu.official
Expected: KÃ¶nigreich Bahrain
     got: Königreich Bahrain
 ; [cca2=BH].translations.fra.common
Expected: BahreÃ¯n
     got: Bahreïn
 ; [cca2=BH].translations.fra.official
Expected: Royaume de BahreÃ¯n
     got: Royaume de Bahreïn
 ; [cca2=BH].translations.hun.official
Expected: Bahreini KirÃ¡lysÃ¡g
     got: Bahreini Királyság
 ; [cca2=BH].translations.jpn.common
Expected: ãƒ�ãƒ¼ãƒ¬ãƒ¼ãƒ³
     got: バーレーン
 ; [cca2=BH].translations.jpn.official
Expected: ãƒ�ãƒ¼ãƒ¬ãƒ¼ãƒ³çŽ‹å›½
     got: バーレーン王国
 ; [cca2=BH].translations.kor.common
Expected: ë°”ë ˆì�¸
     got: 바레인
 ; [cca2=BH].translations.kor.official
Expected: ë°”ë ˆì�¸ ì™•êµ­
     got: 바레인 왕국
 ; [cca2=BH].translations.per.common
Expected: Ø¨Ø­Ø±ÛŒÙ†
     got: بحرین
 ; [cca2=BH].translations.per.official
Expected: Ù¾Ø§Ø¯Ø´Ø§Ù‡ÛŒ Ø¨Ø­Ø±ÛŒÙ†
     got: پادشاهی بحرین
 ; [cca2=BH].translations.pol.official
Expected: KrÃ³lestwo Bahrajnu
     got: Królestwo Bahrajnu
 ; [cca2=BH].translations.rus.common
Expected: Ð‘Ð°Ñ…Ñ€ÐµÐ¹Ð½
     got: Бахрейн
 ; [cca2=BH].translations.rus.official
Expected: ÐšÐ¾Ñ€Ð¾Ð»ÐµÐ²Ñ�Ñ‚Ð²Ð¾ Ð‘Ð°Ñ…Ñ€ÐµÐ¹Ð½
     got: Королевство Бахрейн
 ; [cca2=BH].translations.slk.official
Expected: BahrajnskÃ© krÃ¡Ä¾ovstvo
     got: Bahrajnské kráľovstvo
 ; [cca2=BH].translations.srp.common
Expected: Ð‘Ð°Ñ…Ñ€ÐµÐ¸Ð½
     got: Бахреин
 ; [cca2=BH].translations.srp.official
Expected: ÐšÑ€Ð°Ñ™ÐµÐ²Ð¸Ð½Ð° Ð‘Ð°Ñ…Ñ€ÐµÐ¸Ð½
     got: Краљевина Бахреин
 ; [cca2=BH].translations.tur.official
Expected: Bahreyn KrallÄ±ÄŸÄ±
     got: Bahreyn Krallığı
 ; [cca2=BH].translations.urd.common
Expected: Ø¨Ø­Ø±ÛŒÙ†
     got: بحرین
 ; [cca2=BH].translations.urd.official
Expected: Ù…Ù…Ù„Ú©ØªÙ� Ø¨Ø­Ø±ÛŒÙ†
     got: مملکتِ بحرین
 ; [cca2=BH].translations.zho.common
Expected: å·´æž—
     got: 巴林
 ; [cca2=BH].translations.zho.official
Expected: å·´æž—çŽ‹å›½
     got: 巴林王国
 ; [cca2=BI].altSpellings[]
Expected: RÃ©publique du Burundi
     but none found
 ; [cca2=BI].altSpellings[]
Unexpected: République du Burundi
 ; [cca2=BI].flag
Expected: ðŸ‡§ðŸ‡®
     got: 🇧🇮
 ; [cca2=BI].name.nativeName.fra.official
Expected: RÃ©publique du Burundi
     got: République du Burundi
 ; [cca2=BI].translations.ara.common
Expected: Ø¨ÙˆØ±ÙˆÙ†Ø¯ÙŠ
     got: بوروندي
 ; [cca2=BI].translations.ara.official
Expected: Ø¬Ù…Ù‡ÙˆØ±ÙŠØ© Ø¨ÙˆØ±ÙˆÙ†Ø¯ÙŠ
     got: جمهورية بوروندي
 ; [cca2=BI].translations.ces.official
Expected: BurundskÃ¡ republika
     got: Burundská republika
 ; [cca2=BI].translations.fra.official
Expected: RÃ©publique du Burundi
     got: République du Burundi
 ; [cca2=BI].translations.jpn.common
Expected: ãƒ–ãƒ«ãƒ³ã‚¸
     got: ブルンジ
 ; [cca2=BI].translations.jpn.official
Expected: ãƒ–ãƒ«ãƒ³ã‚¸å…±å’Œå›½
     got: ブルンジ共和国
 ; [cca2=BI].translations.kor.common
Expected: ë¶€ë£¬ë””
     got: 부룬디
 ; [cca2=BI].translations.kor.official
Expected: ë¶€ë£¬ë””
     got: 부룬디
 ; [cca2=BI].translations.per.common
Expected: Ø¨ÙˆØ±ÙˆÙ†Ø¯ÛŒ
     got: بوروندی
 ; [cca2=BI].translations.per.official
Expected: Ø¬Ù…Ù‡ÙˆØ±ÛŒ Ø¨ÙˆØ±ÙˆÙ†Ø¯ÛŒ
     got: جمهوری بوروندی
 ; [cca2=BI].translations.por.official
Expected: RepÃºblica do Burundi
     got: República do Burundi
 ; [cca2=BI].translations.rus.common
Expected: Ð‘ÑƒÑ€ÑƒÐ½Ð´Ð¸
     got: Бурунди
 ; [cca2=BI].translations.rus.official
Expected: Ð ÐµÑ�Ð¿ÑƒÐ±Ð»Ð¸ÐºÐ° Ð‘ÑƒÑ€ÑƒÐ½Ð´Ð¸
     got: Республика Бурунди
 ; [cca2=BI].translations.slk.official
Expected: BurundskÃ¡ republika
     got: Burundská republika
 ; [cca2=BI].translations.spa.official
Expected: RepÃºblica de Burundi
     got: República de Burundi
 ; [cca2=BI].translations.srp.common
Expected: Ð‘ÑƒÑ€ÑƒÐ½Ð´Ð¸
     got: Бурунди
 ; [cca2=BI].translations.srp.official
Expected: Ð ÐµÐ¿ÑƒÐ±Ð»Ð¸ÐºÐ° Ð‘ÑƒÑ€ÑƒÐ½Ð´Ð¸
     got: Република Бурунди
 ; [cca2=BI].translations.urd.common
Expected: Ø¨Ø±ÙˆÙ†ÚˆÛŒ
     got: برونڈی
 ; [cca2=BI].translations.urd.official
Expected: Ø¬Ù…Û�ÙˆØ±ÛŒÛ� Ø¨Ø±ÙˆÙ†ÚˆÛŒ
     got: جمہوریہ برونڈی
 ; [cca2=BI].translations.zho.common
Expected: å¸ƒéš†è¿ª
     got: 布隆迪
 ; [cca2=BI].translations.zho.official
Expected: å¸ƒéš†è¿ªå…±å’Œå›½
     got: 布隆迪共和国
 ; [cca2=BJ].altSpellings[]
Expected: RÃ©publique du BÃ©nin
     but none found
 ; [cca2=BJ].altSpellings[]
Unexpected: République du Bénin
 ; [cca2=BJ].demonyms.fra.f
Expected: BÃ©ninoise
     got: Béninoise
 ; [cca2=BJ].demonyms.fra.m
Expected: BÃ©ninois
     got: Béninois
 ; [cca2=BJ].flag
Expected: ðŸ‡§ðŸ‡¯
     got: 🇧🇯
 ; [cca2=BJ].name.nativeName.fra.common
Expected: BÃ©nin
     got: Bénin
 ; [cca2=BJ].name.nativeName.fra.official
Expected: RÃ©publique du BÃ©nin
     got: République du Bénin
 ; [cca2=BJ].translations.ara.common
Expected: Ø¨Ù†ÙŠÙ†
     got: بنين
 ; [cca2=BJ].translations.ara.official
Expected: Ø¬Ù…Ù‡ÙˆØ±ÙŠØ© Ø¨Ù†ÙŠÙ†
     got: جمهورية بنين
 ; [cca2=BJ].translations.ces.official
Expected: BeninskÃ¡ republika
     got: Beninská republika
 ; [cca2=BJ].translations.fra.common
Expected: BÃ©nin
     got: Bénin
 ; [cca2=BJ].translations.fra.official
Expected: RÃ©publique du BÃ©nin
     got: République du Bénin
 ; [cca2=BJ].translations.hun.official
Expected: Benini KÃ¶ztÃ¡rsasÃ¡g
     got: Benini Köztársaság
 ; [cca2=BJ].translations.jpn.common
Expected: ãƒ™ãƒŠãƒ³
     got: ベナン
 ; [cca2=BJ].translations.jpn.official
Expected: ãƒ™ãƒŠãƒ³å…±å’Œå›½
     got: ベナン共和国
 ; [cca2=BJ].translations.kor.common
Expected: ë² ëƒ‰
     got: 베냉
 ; [cca2=BJ].translations.kor.official
Expected: ë² ëƒ‰ ê³µí™”êµ­
     got: 베냉 공화국
 ; [cca2=BJ].translations.per.common
Expected: Ø¨Ù†ÛŒÙ†
     got: بنین
 ; [cca2=BJ].translations.per.official
Expected: Ø¬Ù…Ù‡ÙˆØ±ÛŒ Ø¨Ù†ÛŒÙ†
     got: جمهوری بنین
 ; [cca2=BJ].translations.por.official
Expected: RepÃºblica do Benin
     got: República do Benin
 ; [cca2=BJ].translations.rus.common
Expected: Ð‘ÐµÐ½Ð¸Ð½
     got: Бенин
 ; [cca2=BJ].translations.rus.official
Expected: Ð ÐµÑ�Ð¿ÑƒÐ±Ð»Ð¸ÐºÐ° Ð‘ÐµÐ½Ð¸Ð½
     got: Республика Бенин
 ; [cca2=BJ].translations.slk.official
Expected: BeninskÃ¡ republika
     got: Beninská republika
 ; [cca2=BJ].translations.spa.common
Expected: BenÃ­n
     got: Benín
 ; [cca2=BJ].translations.spa.official
Expected: RepÃºblica de Benin
     got: República de Benin
 ; [cca2=BJ].translations.srp.common
Expected: Ð‘ÐµÐ½Ð¸Ð½
     got: Бенин
 ; [cca2=BJ].translations.srp.official
Expected: Ð ÐµÐ¿ÑƒÐ±Ð»Ð¸ÐºÐ° Ð‘ÐµÐ½Ð¸Ð½
     got: Република Бенин
 ; [cca2=BJ].translations.urd.common
Expected: Ø¨ÛŒÙ†Ù†
     got: بینن
 ; [cca2=BJ].translations.urd.official
Expected: Ø¬Ù…Û�ÙˆØ±ÛŒÛ� Ø¨ÛŒÙ†Ù†
     got: جمہوریہ بینن
 ; [cca2=BJ].translations.zho.common
Expected: è´�å®�
     got: 贝宁
 ; [cca2=BJ].translations.zho.official
Expected: è´�å®�å…±å’Œå›½
     got: 贝宁共和国
 ; [cca2=BL].altSpellings[]
Expected: Collectivity of Saint BarthÃ©lemy
     but none found
 ; [cca2=BL].altSpellings[]
Expected: CollectivitÃ© de Saint-BarthÃ©lemy
     but none found
 ; [cca2=BL].altSpellings[]
Unexpected: Collectivity of Saint Barthélemy
 ; [cca2=BL].altSpellings[]
Unexpected: Collectivité de Saint-Barthélemy
 ; [cca2=BL].currencies.EUR.symbol
Expected: â‚¬
     got: €
 ; [cca2=BL].demonyms.eng.f
Expected: Saint BarthÃ©lemy Islander
     got: Saint Barthélemy Islander
 ; [cca2=BL].demonyms.eng.m
Expected: Saint BarthÃ©lemy Islander
     got: Saint Barthélemy Islander
 ; [cca2=BL].demonyms.fra.f
Expected: BarthÃ©lomÃ©enne
     got: Barthéloméenne
 ; [cca2=BL].demonyms.fra.m
Expected: BarthÃ©lomÃ©en
     got: Barthéloméen
 ; [cca2=BL].flag
Expected: ðŸ‡§ðŸ‡±
     got: 🇧🇱
 ; [cca2=BL].name.common
Expected: Saint BarthÃ©lemy
     got: Saint Barthélemy
 ; [cca2=BL].name.nativeName.fra.common
Expected: Saint-BarthÃ©lemy
     got: Saint-Barthélemy
 ; [cca2=BL].name.nativeName.fra.official
Expected: CollectivitÃ© de Saint-BarthÃ©lemy
     got: Collectivité de Saint-Barthélemy
 ; [cca2=BL].name.official
Expected: Collectivity of Saint BarthÃ©lemy
     got: Collectivity of Saint Barthélemy
 ; [cca2=BL].translations.ara.common
Expected: Ø³Ø§Ù† Ø¨Ø§Ø±ØªÙ„ÙŠÙ…ÙŠ
     got: سان بارتليمي
 ; [cca2=BL].translations.ara.official
Expected: Ø§Ù„ØªØ¬Ù…Ø¹ Ø§Ù„Ø¥Ù‚Ù„ÙŠÙ…ÙŠ Ù„Ø³Ø§Ù†Øª Ø¨Ø§Ø±ØªÙŠÙ„ÙŠÙ…ÙŠ
     got: التجمع الإقليمي لسانت بارتيليمي
 ; [cca2=BL].translations.bre.common
Expected: Saint-BarthÃ©lemy
     got: Saint-Barthélemy
 ; [cca2=BL].translations.bre.official
Expected: Saint-BarthÃ©lemy
     got: Saint-Barthélemy
 ; [cca2=BL].translations.ces.common
Expected: SvatÃ½ BartolomÄ›j
     got: Svatý Bartoloměj
 ; [cca2=BL].translations.ces.official
Expected: SvatÃ½ BartolomÄ›j
     got: Svatý Bartoloměj
 ; [cca2=BL].translations.cym.common
Expected: Saint BarthÃ©lemy
     got: Saint Barthélemy
 ; [cca2=BL].translations.cym.official
Expected: Collectivity of Saint BarthÃ©lemy
     got: Collectivity of Saint Barthélemy
 ; [cca2=BL].translations.deu.common
Expected: Saint-BarthÃ©lemy
     got: Saint-Barthélemy
 ; [cca2=BL].translations.deu.official
Expected: GebietskÃ¶rperschaft Saint-BarthÃ©lemy
     got: Gebietskörperschaft Saint-Barthélemy
 ; [cca2=BL].translations.est.common
Expected: Saint-BarthÃ©lemy
     got: Saint-Barthélemy
 ; [cca2=BL].translations.est.official
Expected: Saint-BarthÃ©lemy territoriaalÃ¼hendus
     got: Saint-Barthélemy territoriaalühendus
 ; [cca2=BL].translations.fin.common
Expected: Saint-BarthÃ©lemy
     got: Saint-Barthélemy
 ; [cca2=BL].translations.fin.official
Expected: Saint-BarthÃ©lemyn yhteisÃ¶
     got: Saint-Barthélemyn yhteisö
 ; [cca2=BL].translations.fra.common
Expected: Saint-BarthÃ©lemy
     got: Saint-Barthélemy
 ; [cca2=BL].translations.fra.official
Expected: CollectivitÃ© de Saint-BarthÃ©lemy
     got: Collectivité de Saint-Barthélemy
 ; [cca2=BL].translations.hrv.common
Expected: Saint BarthÃ©lemy
     got: Saint Barthélemy
 ; [cca2=BL].translations.hrv.official
Expected: Kolektivnost sv BarthÃ©lemy
     got: Kolektivnost sv Barthélemy
 ; [cca2=BL].translations.hun.common
Expected: Saint-BarthÃ©lemy
     got: Saint-Barthélemy
 ; [cca2=BL].translations.hun.official
Expected: Saint-BarthÃ©lemy
     got: Saint-Barthélemy
 ; [cca2=BL].translations.ita.official
Expected: CollettivitÃ  di Saint BarthÃ©lemy
     got: Collettività di Saint Barthélemy
 ; [cca2=BL].translations.jpn.common
Expected: ã‚µãƒ³ãƒ»ãƒ�ãƒ«ãƒ†ãƒ«ãƒŸãƒ¼
     got: サン・バルテルミー
 ; [cca2=BL].translations.jpn.official
Expected: ã‚µãƒ³Â·ãƒ�ãƒ«ãƒ†ãƒ«ãƒŸãƒ¼å³¶ã�®é›†å�ˆä½“
     got: サン·バルテルミー島の集合体
 ; [cca2=BL].translations.kor.common
Expected: ìƒ�ë°”ë¥´í…”ë ˆë¯¸
     got: 생바르텔레미
 ; [cca2=BL].translations.kor.official
Expected: ìƒ�ë°”ë¥´í…”ë ˆë¯¸
     got: 생바르텔레미
 ; [cca2=BL].translations.nld.common
Expected: Saint BarthÃ©lemy
     got: Saint Barthélemy
 ; [cca2=BL].translations.nld.official
Expected: Gemeenschap Saint BarthÃ©lemy
     got: Gemeenschap Saint Barthélemy
 ; [cca2=BL].translations.per.common
Expected: Ø³Ù† Ø¨Ø§Ø±ØªÙ„Ù…ÛŒ
     got: سن بارتلمی
 ; [cca2=BL].translations.per.official
Expected: Ø³Ù† Ø¨Ø§Ø±ØªÙ„Ù…ÛŒ
     got: سن بارتلمی
 ; [cca2=BL].translations.pol.common
Expected: Saint-BarthÃ©lemy
     got: Saint-Barthélemy
 ; [cca2=BL].translations.pol.official
Expected: Saint-BarthÃ©lemy
     got: Saint-Barthélemy
 ; [cca2=BL].translations.por.common
Expected: SÃ£o Bartolomeu
     got: São Bartolomeu
 ; [cca2=BL].translations.por.official
Expected: Coletividade de Saint BarthÃ©lemy
     got: Coletividade de Saint Barthélemy
 ; [cca2=BL].translations.rus.common
Expected: Ð¡ÐµÐ½-Ð‘Ð°Ñ€Ñ‚ÐµÐ»ÐµÐ¼Ð¸
     got: Сен-Бартелеми
 ; [cca2=BL].translations.rus.official
Expected: ÐšÐ¾Ð»Ð»ÐµÐºÑ‚Ð¸Ð²Ð½Ð¾Ñ�Ñ‚ÑŒ Ð¡Ð°Ð½ÐºÑ‚ -Ð‘Ð°Ñ€Ñ‚ÐµÐ»ÑŒÐ¼Ð¸
     got: Коллективность Санкт -Бартельми
 ; [cca2=BL].translations.slk.common
Expected: SvÃ¤tÃ½ Bartolomej
     got: Svätý Bartolomej
 ; [cca2=BL].translations.slk.official
Expected: SvÃ¤tÃ½ Bartolomej
     got: Svätý Bartolomej
 ; [cca2=BL].translations.spa.common
Expected: San BartolomÃ©
     got: San Bartolomé
 ; [cca2=BL].translations.spa.official
Expected: Colectividad de San BarthÃ©lemy
     got: Colectividad de San Barthélemy
 ; [cca2=BL].translations.srp.common
Expected: Ð¢ÐµÑ€Ð¸Ñ‚Ð¾Ñ€Ð¸Ñ˜Ð°Ð»Ð½Ð¸ KÐ¾Ð»ÐµÐºÑ‚Ð¸Ð² Ð¡ÐµÐ½ Ð‘Ð°Ñ€Ñ‚ÐµÐ»ÐµÐ¼Ð¸
     got: Територијални Kолектив Сен Бартелеми
 ; [cca2=BL].translations.srp.official
Expected: Ð¡ÐµÐ½ Ð‘Ð°Ñ€Ñ‚ÐµÐ»ÐµÐ¼Ð¸
     got: Сен Бартелеми
 ; [cca2=BL].translations.swe.common
Expected: Saint-BarthÃ©lemy
     got: Saint-Barthélemy
 ; [cca2=BL].translations.swe.official
Expected: Saint-BarthÃ©lemy
     got: Saint-Barthélemy
 ; [cca2=BL].translations.tur.common
Expected: Saint BarthÃ©lemy
     got: Saint Barthélemy
 ; [cca2=BL].translations.tur.official
Expected: Saint BarthÃ©lemy
     got: Saint Barthélemy
 ; [cca2=BL].translations.urd.common
Expected: Ø³ÛŒÙ†Ù¹ Ø¨Ø§Ø±ØªÚ¾ÛŒÙ…Ù„Û’
     got: سینٹ بارتھیملے
 ; [cca2=BL].translations.urd.official
Expected: Ø³ÛŒÙ†Ù¹ Ø¨Ø§Ø±ØªÚ¾ÛŒÙ…Ù„Û’
     got: سینٹ بارتھیملے
 ; [cca2=BL].translations.zho.common
Expected: åœ£å·´æ³°å‹’ç±³
     got: 圣巴泰勒米
 ; [cca2=BL].translations.zho.official
Expected: åœ£å·´æ³°å‹’ç±³é›†ä½“
     got: 圣巴泰勒米集体
 ; [cca2=BM].flag
Expected: ðŸ‡§ðŸ‡²
     got: 🇧🇲
 ; [cca2=BM].translations.ara.common
Expected: Ø¨Ø±Ù…ÙˆØ¯Ø§
     got: برمودا
 ; [cca2=BM].translations.ara.official
Expected: Ø¨Ø±Ù…ÙˆØ¯Ø§
     got: برمودا
 ; [cca2=BM].translations.ces.official
Expected: BermudskÃ© ostrovy
     got: Bermudské ostrovy
 ; [cca2=BM].translations.jpn.common
Expected: ãƒ�ãƒŸãƒ¥ãƒ¼ãƒ€
     got: バミューダ
 ; [cca2=BM].translations.jpn.official
Expected: ãƒ�ãƒŸãƒ¥ãƒ¼ãƒ€
     got: バミューダ
 ; [cca2=BM].translations.kor.common
Expected: ë²„ë®¤ë‹¤
     got: 버뮤다
 ; [cca2=BM].translations.kor.official
Expected: ë²„ë®¤ë‹¤
     got: 버뮤다
 ; [cca2=BM].translations.per.common
Expected: Ø¨Ø±Ù…ÙˆØ¯Ø§
     got: برمودا
 ; [cca2=BM].translations.per.official
Expected: Ø¬Ø²Ø§ÛŒØ± Ø¨Ø±Ù…ÙˆØ¯Ø§
     got: جزایر برمودا
 ; [cca2=BM].translations.rus.common
Expected: Ð‘ÐµÑ€Ð¼ÑƒÐ´Ñ�ÐºÐ¸Ðµ ÐžÑ�Ñ‚Ñ€Ð¾Ð²Ð°
     got: Бермудские Острова
 ; [cca2=BM].translations.rus.official
Expected: Ð‘ÐµÑ€Ð¼ÑƒÐ´Ñ�ÐºÐ¸Ðµ Ð¾Ñ�Ñ‚Ñ€Ð¾Ð²Ð°
     got: Бермудские острова
 ; [cca2=BM].translations.srp.common
Expected: Ð‘ÐµÑ€Ð¼ÑƒÐ´Ð°
     got: Бермуда
 ; [cca2=BM].translations.srp.official
Expected: Ð‘ÐµÑ€Ð¼ÑƒÐ´Ð°
     got: Бермуда
 ; [cca2=BM].translations.urd.common
Expected: Ø¨Ø±Ù…ÙˆØ¯Ø§
     got: برمودا
 ; [cca2=BM].translations.urd.official
Expected: Ø¨Ø±Ù…ÙˆØ¯Ø§
     got: برمودا
 ; [cca2=BM].translations.zho.common
Expected: ç™¾æ…•å¤§
     got: 百慕大
 ; [cca2=BM].translations.zho.official
Expected: ç™¾æ…•å¤§
     got: 百慕大
 ; [cca2=BN].demonyms.fra.f
Expected: BrunÃ©ienne
     got: Brunéienne
 ; [cca2=BN].demonyms.fra.m
Expected: BrunÃ©ien
     got: Brunéien
 ; [cca2=BN].flag
Expected: ðŸ‡§ðŸ‡³
     got: 🇧🇳
 ; [cca2=BN].translations.ara.common
Expected: Ø¨Ø±ÙˆÙ†Ø§ÙŠ
     got: بروناي
 ; [cca2=BN].translations.ara.official
Expected: Ø¨Ø±ÙˆÙ†Ø§ÙŠ Ø¯Ø§Ø± Ø§Ù„Ø³Ù„Ø§Ù…
     got: بروناي دار السلام
 ; [cca2=BN].translations.ces.official
Expected: SultanÃ¡t Brunej
     got: Sultanát Brunej
 ; [cca2=BN].translations.fra.official
Expected: Ã‰tat de Brunei Darussalam
     got: État de Brunei Darussalam
 ; [cca2=BN].translations.hrv.official
Expected: Nacija od Bruneja, KuÄ‡u Mira
     got: Nacija od Bruneja, Kuću Mira
 ; [cca2=BN].translations.hun.official
Expected: Brunei SzultanÃ¡tus
     got: Brunei Szultanátus
 ; [cca2=BN].translations.jpn.common
Expected: ãƒ–ãƒ«ãƒ�ã‚¤ãƒ»ãƒ€ãƒ«ã‚µãƒ©ãƒ¼ãƒ 
     got: ブルネイ・ダルサラーム
 ; [cca2=BN].translations.jpn.official
Expected: ãƒ–ãƒ«ãƒ�ã‚¤ã€�å¹³å’Œã�®ç²¾èˆŽã�®å›½å®¶
     got: ブルネイ、平和の精舎の国家
 ; [cca2=BN].translations.kor.common
Expected: ë¸Œë£¨ë‚˜ì�´
     got: 브루나이
 ; [cca2=BN].translations.kor.official
Expected: ë¸Œë£¨ë‚˜ì�´ ë‹¤ë£¨ì‚´ëžŒêµ­
     got: 브루나이 다루살람국
 ; [cca2=BN].translations.per.common
Expected: Ø¨Ø±ÙˆÙ†Ø¦ÛŒ
     got: برونئی
 ; [cca2=BN].translations.per.official
Expected: Ø¨Ø±ÙˆÙ†Ø¦ÛŒ Ø³Ø±Ø§ÛŒ ØµÙ„Ø­
     got: برونئی سرای صلح
 ; [cca2=BN].translations.pol.official
Expected: PaÅ„stwo Brunei Darussalam
     got: Państwo Brunei Darussalam
 ; [cca2=BN].translations.por.official
Expected: NaÃ§Ã£o do Brunei, Morada da Paz
     got: Nação do Brunei, Morada da Paz
 ; [cca2=BN].translations.rus.common
Expected: Ð‘Ñ€ÑƒÐ½ÐµÐ¹
     got: Бруней
 ; [cca2=BN].translations.rus.official
Expected: Ð�Ð°Ñ†Ð¸Ñ� Ð‘Ñ€ÑƒÐ½ÐµÐ¹, Ð¾Ð±Ð¸Ñ‚ÐµÐ»ÑŒ Ð¼Ð¸Ñ€Ð°
     got: Нация Бруней, обитель мира
 ; [cca2=BN].translations.slk.official
Expected: BrunejskÃ½ sultanÃ¢t
     got: Brunejský sultanât
 ; [cca2=BN].translations.spa.official
Expected: NaciÃ³n de Brunei, Morada de la Paz
     got: Nación de Brunei, Morada de la Paz
 ; [cca2=BN].translations.srp.common
Expected: Ð‘Ñ€ÑƒÐ½ÐµÑ˜
     got: Брунеј
 ; [cca2=BN].translations.srp.official
Expected: Ð¡ÑƒÐ»Ñ‚Ð°Ð½Ð°Ñ‚ Ð‘Ñ€ÑƒÐ½ÐµÑ˜, Ð±Ð¾Ñ€Ð°Ð²Ð¸ÑˆÑ‚Ðµ Ð¼Ð¸Ñ€Ð°
     got: Султанат Брунеј, боравиште мира
 ; [cca2=BN].translations.tur.official
Expected: Brunei BarÄ±ÅŸ Ãœlkesi Devleti
     got: Brunei Barış Ülkesi Devleti
 ; [cca2=BN].translations.urd.common
Expected: Ø¨Ø±ÙˆÙ†Ø§Ø¦ÛŒ
     got: برونائی
 ; [cca2=BN].translations.urd.official
Expected: Ø±ÛŒØ§Ø³ØªÙ� Ø¨Ø±ÙˆÙ†Ø§Ø¦ÛŒ Ø¯Ø§Ø±Ø§Ù„Ø³Ù„Ø§Ù…
     got: ریاستِ برونائی دارالسلام
 ; [cca2=BN].translations.zho.common
Expected: æ–‡èŽ±
     got: 文莱
 ; [cca2=BN].translations.zho.official
Expected: æ–‡èŽ±å’Œå¹³ä¹‹å›½
     got: 文莱和平之国
 ; [cca2=BO].altSpellings[]
Expected: TetÃ£ VolÃ­via
     but none found
 ; [cca2=BO].altSpellings[]
Unexpected: Tetã Volívia
 ; [cca2=BO].flag
Expected: ðŸ‡§ðŸ‡´
     got: 🇧🇴
 ; [cca2=BO].languages.grn
Expected: GuaranÃ­
     got: Guaraní
 ; [cca2=BO].name.nativeName.grn.common
Expected: VolÃ­via
     got: Volívia
 ; [cca2=BO].name.nativeName.grn.official
Expected: TetÃ£ VolÃ­via
     got: Tetã Volívia
 ; [cca2=BO].translations.ara.common
Expected: Ø¨ÙˆÙ„ÙŠÙ�ÙŠØ§
     got: بوليفيا
 ; [cca2=BO].translations.ara.official
Expected: Ø¯ÙˆÙ„Ø© Ø¨ÙˆÙ„ÙŠÙ�ÙŠØ§ Ø§Ù„Ù…ØªØ¹Ø¯Ø¯Ø© Ø§Ù„Ù‚ÙˆÙ…ÙŠØ§Øª
     got: دولة بوليفيا المتعددة القوميات
 ; [cca2=BO].translations.ces.common
Expected: BolÃ­vie
     got: Bolívie
 ; [cca2=BO].translations.ces.official
Expected: MnohonÃ¡rodnostnÃ­ stÃ¡t BolÃ­vie
     got: Mnohonárodnostní stát Bolívie
 ; [cca2=BO].translations.fra.official
Expected: Ã‰tat plurinational de Bolivie
     got: État plurinational de Bolivie
 ; [cca2=BO].translations.hun.common
Expected: BolÃ­via
     got: Bolívia
 ; [cca2=BO].translations.hun.official
Expected: BolÃ­viai TÃ¶bbnemzetisÃ©gÅ± Ã�llam
     got: Bolíviai Többnemzetiségű Állam
 ; [cca2=BO].translations.jpn.common
Expected: ãƒœãƒªãƒ“ã‚¢å¤šæ°‘æ—�å›½
     got: ボリビア多民族国
 ; [cca2=BO].translations.jpn.official
Expected: ãƒœãƒªãƒ“ã‚¢ã�®å¤šæ°‘æ—�å›½
     got: ボリビアの多民族国
 ; [cca2=BO].translations.kor.common
Expected: ë³¼ë¦¬ë¹„ì•„
     got: 볼리비아
 ; [cca2=BO].translations.kor.official
Expected: ë³¼ë¦¬ë¹„ì•„ ë‹¤ë¯¼ì¡±êµ­
     got: 볼리비아 다민족국
 ; [cca2=BO].translations.per.common
Expected: Ø¨ÙˆÙ„ÛŒÙˆÛŒ
     got: بولیوی
 ; [cca2=BO].translations.per.official
Expected: Ø¬Ù…Ù‡ÙˆØ±ÛŒ Ø¨ÙˆÙ„ÛŒÙˆÛŒ
     got: جمهوری بولیوی
 ; [cca2=BO].translations.pol.official
Expected: Wielonarodowe PaÅ„stwo Boliwia
     got: Wielonarodowe Państwo Boliwia
 ; [cca2=BO].translations.por.common
Expected: BolÃ­via
     got: Bolívia
 ; [cca2=BO].translations.por.official
Expected: Estado Plurinacional da BolÃ­via
     got: Estado Plurinacional da Bolívia
 ; [cca2=BO].translations.rus.common
Expected: Ð‘Ð¾Ð»Ð¸Ð²Ð¸Ñ�
     got: Боливия
 ; [cca2=BO].translations.rus.official
Expected: ÐœÐ½Ð¾Ð³Ð¾Ð½Ð°Ñ†Ð¸Ð¾Ð½Ð°Ð»ÑŒÐ½Ð¾Ðµ Ð“Ð¾Ñ�ÑƒÐ´Ð°Ñ€Ñ�Ñ‚Ð²Ð¾ Ð‘Ð¾Ð»Ð¸Ð²Ð¸Ñ�
     got: Многонациональное Государство Боливия
 ; [cca2=BO].translations.slk.common
Expected: BolÃ­via
     got: Bolívia
 ; [cca2=BO].translations.slk.official
Expected: BolÃ­vijskÃ¡ republika
     got: Bolívijská republika
 ; [cca2=BO].translations.srp.common
Expected: Ð‘Ð¾Ð»Ð¸Ð²Ð¸Ñ˜Ð°
     got: Боливија
 ; [cca2=BO].translations.srp.official
Expected: Ð’Ð¸ÑˆÐµÐ½Ð°Ñ†Ð¸Ð¾Ð½Ð°Ð»Ð½Ð° Ð”Ñ€Ð¶Ð°Ð²Ð° Ð‘Ð¾Ð»Ð¸Ð²Ð¸Ñ˜Ð°
     got: Вишенационална Држава Боливија
 ; [cca2=BO].translations.swe.official
Expected: MÃ¥ngnationella staten Bolivia
     got: Mångnationella staten Bolivia
 ; [cca2=BO].translations.tur.official
Expected: Bolivya Ã‡okuluslu Devleti
     got: Bolivya Çokuluslu Devleti
 ; [cca2=BO].translations.urd.common
Expected: Ø¨ÙˆÙ„ÛŒÙˆÛŒØ§
     got: بولیویا
 ; [cca2=BO].translations.urd.official
Expected: Ø¬Ù…Û�ÙˆØ±ÛŒÛ� Ø¨ÙˆÙ„ÛŒÙˆÛŒØ§
     got: جمہوریہ بولیویا
 ; [cca2=BO].translations.zho.common
Expected: çŽ»åˆ©ç»´äºš
     got: 玻利维亚
 ; [cca2=BO].translations.zho.official
Expected: å¤šæ°‘æ—�çŽ»åˆ©ç»´äºšå›½
     got: 多民族玻利维亚国
 ; [cca2=SA].altSpellings[]
Expected: Al-Mamlakah al-â€˜Arabiyyah as-Suâ€˜Å«diyyah
     but none found
 ; [cca2=SA].altSpellings[]
Unexpected: Al-Mamlakah al-‘Arabiyyah as-Su‘ūdiyyah
 ; [cca2=SA].currencies.SAR.symbol
Expected: Ø±.Ø³
     got: ر.س
 ; [cca2=SA].flag
Expected: ðŸ‡¸ðŸ‡¦
     got: 🇸🇦
 ; [cca2=SA].flags.alt
Expected: The flag of Saudi Arabia has a green field, at the center of which is an Arabic inscription â€” the Shahada â€” in white above a white horizontal sabre with its tip pointed to the hoist side of the field.
     got: The flag of Saudi Arabia has a green field, at the center of which is an Arabic inscription — the Shahada — in white above a white horizontal sabre with its tip pointed to the hoist side of the field.
 ; [cca2=SA].name.nativeName.ara.common
Expected: Ø§Ù„Ø¹Ø±Ø¨ÙŠØ© Ø§Ù„Ø³Ø¹ÙˆØ¯ÙŠØ©
     got: العربية السعودية
 ; [cca2=SA].name.nativeName.ara.official
Expected: Ø§Ù„Ù…Ù…Ù„ÙƒØ© Ø§Ù„Ø¹Ø±Ø¨ÙŠØ© Ø§Ù„Ø³Ø¹ÙˆØ¯ÙŠØ©
     got: المملكة العربية السعودية
 ; [cca2=SA].tld[]
Expected: .Ø§Ù„Ø³Ø¹ÙˆØ¯ÙŠØ©
     but none found
 ; [cca2=SA].tld[]
Unexpected: .السعودية
 ; [cca2=SA].translations.ara.common
Expected: Ø§Ù„Ø³Ø¹ÙˆØ¯ÙŠØ©
     got: السعودية
 ; [cca2=SA].translations.ara.official
Expected: Ø§Ù„Ù…Ù…Ù„ÙƒØ© Ø§Ù„Ø¹Ø±Ø¨ÙŠØ© Ø§Ù„Ø³Ø¹ÙˆØ¯ÙŠØ©
     got: المملكة العربية السعودية
 ; [cca2=SA].translations.ces.common
Expected: SaÃºdskÃ¡ ArÃ¡bie
     got: Saúdská Arábie
 ; [cca2=SA].translations.ces.official
Expected: SaÃºdskoarabskÃ© krÃ¡lovstvÃ­
     got: Saúdskoarabské království
 ; [cca2=SA].translations.deu.official
Expected: KÃ¶nigreich Saudi-Arabien
     got: Königreich Saudi-Arabien
 ; [cca2=SA].translations.hun.common
Expected: SzaÃºd-ArÃ¡bia
     got: Szaúd-Arábia
 ; [cca2=SA].translations.hun.official
Expected: SzaÃºd-ArÃ¡bia
     got: Szaúd-Arábia
 ; [cca2=SA].translations.jpn.common
Expected: ã‚µã‚¦ã‚¸ã‚¢ãƒ©ãƒ“ã‚¢
     got: サウジアラビア
 ; [cca2=SA].translations.jpn.official
Expected: ã‚µã‚¦ã‚¸ã‚¢ãƒ©ãƒ“ã‚¢çŽ‹å›½
     got: サウジアラビア王国
 ; [cca2=SA].translations.kor.common
Expected: ì‚¬ìš°ë””ì•„ë�¼ë¹„ì•„
     got: 사우디아라비아
 ; [cca2=SA].translations.kor.official
Expected: ì‚¬ìš°ë””ì•„ë�¼ë¹„ì•„ ì™•êµ­
     got: 사우디아라비아 왕국
 ; [cca2=SA].translations.nld.common
Expected: Saoedi-ArabiÃ«
     got: Saoedi-Arabië
 ; [cca2=SA].translations.nld.official
Expected: Koninkrijk van Saoedi-ArabiÃ«
     got: Koninkrijk van Saoedi-Arabië
 ; [cca2=SA].translations.per.common
Expected: Ø¹Ø±Ø¨Ø³ØªØ§Ù† Ø³Ø¹ÙˆØ¯ÛŒ
     got: عربستان سعودی
 ; [cca2=SA].translations.per.official
Expected: Ù¾Ø§Ø¯Ø´Ø§Ù‡ÛŒ Ø¹Ø±Ø¨ÛŒ Ø³ÙŽØ¹ÙˆØ¯ÛŒ
     got: پادشاهی عربی سَعودی
 ; [cca2=SA].translations.pol.official
Expected: KrÃ³lestwo Arabii Saudyjskiej
     got: Królestwo Arabii Saudyjskiej
 ; [cca2=SA].translations.por.common
Expected: ArÃ¡bia Saudita
     got: Arábia Saudita
 ; [cca2=SA].translations.por.official
Expected: Reino da ArÃ¡bia Saudita
     got: Reino da Arábia Saudita
 ; [cca2=SA].translations.rus.common
Expected: Ð¡Ð°ÑƒÐ´Ð¾Ð²Ñ�ÐºÐ°Ñ� Ð�Ñ€Ð°Ð²Ð¸Ñ�
     got: Саудовская Аравия
 ; [cca2=SA].translations.rus.official
Expected: ÐšÐ¾Ñ€Ð¾Ð»ÐµÐ²Ñ�Ñ‚Ð²Ð¾ Ð¡Ð°ÑƒÐ´Ð¾Ð²Ñ�ÐºÐ°Ñ� Ð�Ñ€Ð°Ð²Ð¸Ñ�
     got: Королевство Саудовская Аравия
 ; [cca2=SA].translations.slk.common
Expected: SaudskÃ¡ ArÃ¡bia
     got: Saudská Arábia
 ; [cca2=SA].translations.slk.official
Expected: SaudskoarabskÃ© krÃ¡Ä¾ovstvo
     got: Saudskoarabské kráľovstvo
 ; [cca2=SA].translations.spa.common
Expected: Arabia SaudÃ­
     got: Arabia Saudí
 ; [cca2=SA].translations.srp.common
Expected: Ð¡Ð°ÑƒÐ´Ð¸Ñ˜Ñ�ÐºÐ° Ð�Ñ€Ð°Ð±Ð¸Ñ˜Ð°
     got: Саудијска Арабија
 ; [cca2=SA].translations.srp.official
Expected: ÐšÑ€Ð°Ñ™ÐµÐ²Ð¸Ð½Ð° Ð¡Ð°ÑƒÐ´Ð¸Ñ˜Ñ�ÐºÐ° Ð�Ñ€Ð°Ð±Ð¸Ñ˜Ð°
     got: Краљевина Саудијска Арабија
 ; [cca2=SA].translations.swe.official
Expected: KungadÃ¶met Saudiarabien
     got: Kungadömet Saudiarabien
 ; [cca2=SA].translations.tur.official
Expected: Suudi Arabistan KrallÄ±ÄŸÄ±
     got: Suudi Arabistan Krallığı
 ; [cca2=SA].translations.urd.common
Expected: Ø³Ø¹ÙˆØ¯ÛŒ Ø¹Ø±Ø¨
     got: سعودی عرب
 ; [cca2=SA].translations.urd.official
Expected: Ù…Ù…Ù„Ú©ØªÙ� Ø³Ø¹ÙˆØ¯ÛŒ Ø¹Ø±Ø¨
     got: مملکتِ سعودی عرب
 ; [cca2=SA].translations.zho.common
Expected: æ²™ç‰¹é˜¿æ‹‰ä¼¯
     got: 沙特阿拉伯
 ; [cca2=SA].translations.zho.official
Expected: æ²™ç‰¹é˜¿æ‹‰ä¼¯çŽ‹å›½
     got: 沙特阿拉伯王国
 ; [cca2=BQ].demonyms.fra.f
Expected: NÃ©erlandaise
     got: Néerlandaise
 ; [cca2=BQ].demonyms.fra.m
Expected: NÃ©erlandais
     got: Néerlandais
 ; [cca2=BQ].flag
Expected: ðŸ‡§ðŸ‡¶
     got: 🇧🇶
 ; [cca2=BQ].translations.ara.common
Expected: Ø§Ù„Ø¬Ø²Ø± Ø§Ù„ÙƒØ§Ø±ÙŠØ¨ÙŠØ© Ø§Ù„Ù‡ÙˆÙ„Ù†Ø¯ÙŠØ©
     got: الجزر الكاريبية الهولندية
 ; [cca2=BQ].translations.ara.official
Expected: Ø¨ÙˆÙ†ÙŠØ± ÙˆØ³ÙŠÙ†Øª Ø£ÙˆØ³ØªØ§ØªÙŠÙˆØ³ ÙˆØ³Ø§Ø¨Ø§
     got: بونير وسينت أوستاتيوس وسابا
 ; [cca2=BQ].translations.ces.common
Expected: KaribskÃ© Nizozemsko
     got: Karibské Nizozemsko
 ; [cca2=BQ].translations.ces.official
Expected: KaribskÃ© Nizozemsko
     got: Karibské Nizozemsko
 ; [cca2=BQ].translations.fra.common
Expected: Pays-Bas caribÃ©ens
     got: Pays-Bas caribéens
 ; [cca2=BQ].translations.jpn.common
Expected: ãƒœãƒ�ãƒ¼ãƒ«ã€�ã‚·ãƒ³ãƒˆãƒ»ãƒ¦ãƒ¼ã‚¹ã‚¿ãƒ†ã‚£ã‚¦ã‚¹ã�Šã‚ˆã�³ã‚µãƒ�
     got: ボネール、シント・ユースタティウスおよびサバ
 ; [cca2=BQ].translations.jpn.official
Expected: ãƒœãƒ�ãƒ¼ãƒ«ã€�ã‚·ãƒ³ãƒˆãƒ»ãƒ¦ãƒ¼ã‚¹ã‚¿ãƒ†ã‚£ã‚¦ã‚¹ã�Šã‚ˆã�³ã‚µãƒ�
     got: ボネール、シント・ユースタティウスおよびサバ
 ; [cca2=BQ].translations.kor.common
Expected: ì¹´ë¦¬ë¸Œ ë„¤ë�œëž€ë“œ
     got: 카리브 네덜란드
 ; [cca2=BQ].translations.kor.official
Expected: ë³´ë„¤ë¥´, ì‹ íŠ¸ì™¸ìŠ¤íƒ€í‹°ìœ„ìŠ¤, ì‚¬ë°”
     got: 보네르, 신트외스타티위스, 사바
 ; [cca2=BQ].translations.per.common
Expected: Ø¬Ø²Ø§ÛŒØ± Ú©Ø§Ø±Ø§Ø¦ÛŒØ¨ Ù‡Ù„Ù†Ø¯
     got: جزایر کارائیب هلند
 ; [cca2=BQ].translations.per.official
Expected: Ø¬Ø²Ø§ÛŒØ± Ú©Ø§Ø±Ø§Ø¦ÛŒØ¨ Ù‡Ù„Ù†Ø¯
     got: جزایر کارائیب هلند
 ; [cca2=BQ].translations.por.common
Expected: PaÃ­ses Baixos Caribenhos
     got: Países Baixos Caribenhos
 ; [cca2=BQ].translations.por.official
Expected: Bonaire, Saba e Santo EustÃ¡quio
     got: Bonaire, Saba e Santo Eustáquio
 ; [cca2=BQ].translations.rus.common
Expected: ÐšÐ°Ñ€Ð¸Ð±Ñ�ÐºÐ¸Ðµ Ð�Ð¸Ð´ÐµÑ€Ð»Ð°Ð½Ð´Ñ‹
     got: Карибские Нидерланды
 ; [cca2=BQ].translations.rus.official
Expected: Ð‘Ð¾Ð½Ñ�Ð¹Ñ€, Ð¡Ð¸Ð½Ñ‚-Ð­Ñ�Ñ‚Ð°Ñ‚Ð¸ÑƒÑ� Ð¸ Ð¡Ð°Ð±Ð°
     got: Бонэйр, Синт-Эстатиус и Саба
 ; [cca2=BQ].translations.spa.common
Expected: Caribe NeerlandÃ©s
     got: Caribe Neerlandés
 ; [cca2=BQ].translations.srp.common
Expected: ÐšÐ°Ñ€Ð¸Ð¿Ñ�ÐºÐ° Ð¥Ð¾Ð»Ð°Ð½Ð´Ð¸Ñ˜Ð°
     got: Карипска Холандија
 ; [cca2=BQ].translations.srp.official
Expected: Ð‘Ð¾Ð½ÐµÑ€, Ð¡Ð²ÐµÑ‚Ð¸ Ð•ÑƒÑ�Ñ‚Ð°Ñ…Ð¸Ñ˜Ðµ Ð¸ Ð¡Ð°Ð±Ð°
     got: Бонер, Свети Еустахије и Саба
 ; [cca2=BQ].translations.swe.common
Expected: Karibiska NederlÃ¤nderna
     got: Karibiska Nederländerna
 ; [cca2=BQ].translations.tur.common
Expected: Karayip HollandasÄ±
     got: Karayip Hollandası
 ; [cca2=BQ].translations.tur.official
Expected: Karayip HollandasÄ±
     got: Karayip Hollandası
 ; [cca2=BQ].translations.urd.common
Expected: Ú©ÛŒØ±ÛŒØ¨ÛŒÙ† Ù†ÛŒØ¯Ø±Ù„ÛŒÙ†ÚˆØ²
     got: کیریبین نیدرلینڈز
 ; [cca2=BQ].translations.urd.official
Expected: Ø¨ÙˆÙ†Ø§ÛŒØ±ØŒ Ø³ÛŒÙ†Ù¹ Ø§ÛŒÙˆØ³Ù¹Ø§Ø¦ÛŒØ³ Ø§ÙˆØ± Ø³Ø§Ø¨Ø§
     got: بونایر، سینٹ ایوسٹائیس اور سابا
 ; [cca2=BQ].translations.zho.common
Expected: è�·è˜­åŠ å‹’æ¯”å�€
     got: 荷蘭加勒比區
 ; [cca2=BQ].translations.zho.official
Expected: è�·è˜­åŠ å‹’æ¯”å�€
     got: 荷蘭加勒比區
 ; [cca2=SB].flag
Expected: ðŸ‡¸ðŸ‡§
     got: 🇸🇧
 ; [cca2=SB].translations.ara.common
Expected: Ø¬Ø²Ø± Ø³Ù„ÙŠÙ…Ø§Ù†
     got: جزر سليمان
 ; [cca2=SB].translations.ara.official
Expected: Ø¬Ø²Ø± Ø³Ù„ÙŠÙ…Ø§Ù†
     got: جزر سليمان
 ; [cca2=SB].translations.ces.common
Expected: Å alamounovy ostrovy
     got: Šalamounovy ostrovy
 ; [cca2=SB].translations.ces.official
Expected: Å alamounovy ostrovy
     got: Šalamounovy ostrovy
 ; [cca2=SB].translations.fra.common
Expected: ÃŽles Salomon
     got: Îles Salomon
 ; [cca2=SB].translations.fra.official
Expected: ÃŽles Salomon
     got: Îles Salomon
 ; [cca2=SB].translations.jpn.common
Expected: ã‚½ãƒ­ãƒ¢ãƒ³è«¸å³¶
     got: ソロモン諸島
 ; [cca2=SB].translations.jpn.official
Expected: ã‚½ãƒ­ãƒ¢ãƒ³è«¸å³¶
     got: ソロモン諸島
 ; [cca2=SB].translations.kor.common
Expected: ì†”ë¡œëª¬ ì œë�„
     got: 솔로몬 제도
 ; [cca2=SB].translations.kor.official
Expected: ì†”ë¡œëª¬ ì œë�„
     got: 솔로몬 제도
 ; [cca2=SB].translations.per.common
Expected: Ø¬Ø²Ø§ÛŒØ± Ø³Ù„ÛŒÙ…Ø§Ù†
     got: جزایر سلیمان
 ; [cca2=SB].translations.per.official
Expected: Ø¬Ø²Ø§ÛŒØ± Ø³Ù„ÛŒÙ…Ø§Ù†
     got: جزایر سلیمان
 ; [cca2=SB].translations.por.common
Expected: Ilhas SalomÃ£o
     got: Ilhas Salomão
 ; [cca2=SB].translations.por.official
Expected: Ilhas SalomÃ£o
     got: Ilhas Salomão
 ; [cca2=SB].translations.rus.common
Expected: Ð¡Ð¾Ð»Ð¾Ð¼Ð¾Ð½Ð¾Ð²Ñ‹ ÐžÑ�Ñ‚Ñ€Ð¾Ð²Ð°
     got: Соломоновы Острова
 ; [cca2=SB].translations.rus.official
Expected: Ð¡Ð¾Ð»Ð¾Ð¼Ð¾Ð½Ð¾Ð²Ñ‹ Ð¾Ñ�Ñ‚Ñ€Ð¾Ð²Ð°
     got: Соломоновы острова
 ; [cca2=SB].translations.spa.common
Expected: Islas SalomÃ³n
     got: Islas Salomón
 ; [cca2=SB].translations.spa.official
Expected: islas SalomÃ³n
     got: islas Salomón
 ; [cca2=SB].translations.srp.common
Expected: Ð¡Ð¾Ð»Ð¾Ð¼Ð¾Ð½Ñ�ÐºÐ° ÐžÑ�Ñ‚Ñ€Ð²Ð°
     got: Соломонска Острва
 ; [cca2=SB].translations.srp.official
Expected: Ð¡Ð¾Ð»Ð¾Ð¼Ð¾Ð½Ñ�ÐºÐ° ÐžÑ�Ñ‚Ñ€Ð²Ð°
     got: Соломонска Острва
 ; [cca2=SB].translations.swe.common
Expected: SalomonÃ¶arna
     got: Salomonöarna
 ; [cca2=SB].translations.swe.official
Expected: SalomonÃ¶arna
     got: Salomonöarna
 ; [cca2=SB].translations.tur.common
Expected: Solomon AdalarÄ±
     got: Solomon Adaları
 ; [cca2=SB].translations.tur.official
Expected: Solomon AdalarÄ±
     got: Solomon Adaları
 ; [cca2=SB].translations.urd.common
Expected: Ø¬Ø²Ø§Ø¦Ø± Ø³Ù„ÛŒÙ…Ø§Ù†
     got: جزائر سلیمان
 ; [cca2=SB].translations.urd.official
Expected: Ø¬Ø²Ø§Ø¦Ø± Ø³Ù„ÛŒÙ…Ø§Ù†
     got: جزائر سلیمان
 ; [cca2=SB].translations.zho.common
Expected: æ‰€ç½—é—¨ç¾¤å²›
     got: 所罗门群岛
 ; [cca2=SB].translations.zho.official
Expected: æ‰€ç½—é—¨ç¾¤å²›
     got: 所罗门群岛
 ; [cca2=SC].altSpellings[]
Expected: RÃ©publique des Seychelles
     but none found
 ; [cca2=SC].altSpellings[]
Unexpected: République des Seychelles
 ; [cca2=SC].currencies.SCR.symbol
Expected: â‚¨
     got: ₨
 ; [cca2=SC].flag
Expected: ðŸ‡¸ðŸ‡¨
     got: 🇸🇨
 ; [cca2=SC].name.nativeName.fra.official
Expected: RÃ©publique des Seychelles
     got: République des Seychelles
 ; [cca2=SC].translations.ara.common
Expected: Ø³ÙŠØ´Ù„
     got: سيشل
 ; [cca2=SC].translations.ara.official
Expected: Ø¬Ù…Ù‡ÙˆØ±ÙŠØ© Ø³ÙŠØ´Ù„
     got: جمهورية سيشل
 ; [cca2=SC].translations.ces.official
Expected: SeychelskÃ¡ republika
     got: Seychelská republika
 ; [cca2=SC].translations.est.common
Expected: SeiÅ¡ellid
     got: Seišellid
 ; [cca2=SC].translations.est.official
Expected: SeiÅ¡elli Vabariik
     got: Seišelli Vabariik
 ; [cca2=SC].translations.fra.official
Expected: RÃ©publique des Seychelles
     got: République des Seychelles
 ; [cca2=SC].translations.hrv.common
Expected: SejÅ¡eli
     got: Sejšeli
 ; [cca2=SC].translations.hrv.official
Expected: Republika SejÅ¡eli
     got: Republika Sejšeli
 ; [cca2=SC].translations.hun.official
Expected: Seychelle KÃ¶ztÃ¡rsasÃ¡g
     got: Seychelle Köztársaság
 ; [cca2=SC].translations.jpn.common
Expected: ã‚»ãƒ¼ã‚·ã‚§ãƒ«
     got: セーシェル
 ; [cca2=SC].translations.jpn.official
Expected: ã‚»ã‚¤ã‚·ã‚§ãƒ«å…±å’Œå›½
     got: セイシェル共和国
 ; [cca2=SC].translations.kor.common
Expected: ì„¸ì�´ì…¸
     got: 세이셸
 ; [cca2=SC].translations.kor.official
Expected: ì„¸ì�´ì…¸ ê³µí™”êµ­
     got: 세이셸 공화국
 ; [cca2=SC].translations.per.common
Expected: Ø³ÛŒØ´Ù„
     got: سیشل
 ; [cca2=SC].translations.per.official
Expected: Ø¬Ù…Ù‡ÙˆØ±ÛŒ Ø³ÛŒØ´Ù„
     got: جمهوری سیشل
 ; [cca2=SC].translations.por.official
Expected: RepÃºblica das Seychelles
     got: República das Seychelles
 ; [cca2=SC].translations.rus.common
Expected: Ð¡ÐµÐ¹ÑˆÐµÐ»ÑŒÑ�ÐºÐ¸Ðµ ÐžÑ�Ñ‚Ñ€Ð¾Ð²Ð°
     got: Сейшельские Острова
 ; [cca2=SC].translations.rus.official
Expected: Ð ÐµÑ�Ð¿ÑƒÐ±Ð»Ð¸ÐºÐ° Ð¡ÐµÐ¹ÑˆÐµÐ»ÑŒÑ�ÐºÐ¸Ðµ ÐžÑ�Ñ‚Ñ€Ð¾Ð²Ð°
     got: Республика Сейшельские Острова
 ; [cca2=SC].translations.slk.official
Expected: SeychelskÃ¡ republika
     got: Seychelská republika
 ; [cca2=SC].translations.spa.official
Expected: RepÃºblica de las Seychelles
     got: República de las Seychelles
 ; [cca2=SC].translations.srp.common
Expected: Ð¡ÐµÑ˜ÑˆÐµÐ»Ð¸
     got: Сејшели
 ; [cca2=SC].translations.srp.official
Expected: Ð ÐµÐ¿ÑƒÐ±Ð»Ð¸ÐºÐ° Ð¡ÐµÑ˜ÑˆÐµÐ»Ð¸
     got: Република Сејшели
 ; [cca2=SC].translations.tur.common
Expected: SeyÅŸeller
     got: Seyşeller
 ; [cca2=SC].translations.tur.official
Expected: SeyÅŸeller Cumhuriyeti
     got: Seyşeller Cumhuriyeti
 ; [cca2=SC].translations.urd.common
Expected: Ø³ÛŒÚ†ÛŒÙ„ÛŒØ³
     got: سیچیلیس
 ; [cca2=SC].translations.urd.official
Expected: Ø¬Ù…Û�ÙˆØ±ÛŒÛ� Ø³ÛŒÚ†ÛŒÙ„ÛŒØ³
     got: جمہوریہ سیچیلیس
 ; [cca2=SC].translations.zho.common
Expected: å¡žèˆŒå°”
     got: 塞舌尔
 ; [cca2=SC].translations.zho.official
Expected: å¡žèˆŒå°”å…±å’Œå›½
     got: 塞舌尔共和国
 ; [cca2=BR].altSpellings[]
Expected: RepÃºblica Federativa do Brasil
     but none found
 ; [cca2=BR].altSpellings[]
Unexpected: República Federativa do Brasil
 ; [cca2=BR].capital[]
Expected: BrasÃ­lia
     but none found
 ; [cca2=BR].capital[]
Unexpected: Brasília
 ; [cca2=BR].demonyms.fra.f
Expected: BrÃ©silienne
     got: Brésilienne
 ; [cca2=BR].demonyms.fra.m
Expected: BrÃ©silien
     got: Brésilien
 ; [cca2=BR].flag
Expected: ðŸ‡§ðŸ‡·
     got: 🇧🇷
 ; [cca2=BR].name.nativeName.por.official
Expected: RepÃºblica Federativa do Brasil
     got: República Federativa do Brasil
 ; [cca2=BR].translations.ara.common
Expected: Ø§Ù„Ø¨Ø±Ø§Ø²ÙŠÙ„
     got: البرازيل
 ; [cca2=BR].translations.ara.official
Expected: Ø¬Ù…Ù‡ÙˆØ±ÙŠØ© Ø§Ù„Ø¨Ø±Ø§Ø²ÙŠÙ„ Ø§Ù„Ø§ØªØ­Ø§Ø¯ÙŠØ©
     got: جمهورية البرازيل الاتحادية
 ; [cca2=BR].translations.ces.common
Expected: BrazÃ­lie
     got: Brazílie
 ; [cca2=BR].translations.ces.official
Expected: BrazilskÃ¡ federativnÃ­ republika
     got: Brazilská federativní republika
 ; [cca2=BR].translations.deu.official
Expected: FÃ¶derative Republik Brasilien
     got: Föderative Republik Brasilien
 ; [cca2=BR].translations.fra.common
Expected: BrÃ©sil
     got: Brésil
 ; [cca2=BR].translations.fra.official
Expected: RÃ©publique fÃ©dÃ©rative du BrÃ©sil
     got: République fédérative du Brésil
 ; [cca2=BR].translations.hun.common
Expected: BrazÃ­lia
     got: Brazília
 ; [cca2=BR].translations.hun.official
Expected: Brazil SzÃ¶vetsÃ©gi KÃ¶ztÃ¡rsasÃ¡g
     got: Brazil Szövetségi Köztársaság
 ; [cca2=BR].translations.jpn.common
Expected: ãƒ–ãƒ©ã‚¸ãƒ«
     got: ブラジル
 ; [cca2=BR].translations.jpn.official
Expected: ãƒ–ãƒ©ã‚¸ãƒ«é€£é‚¦å…±å’Œå›½
     got: ブラジル連邦共和国
 ; [cca2=BR].translations.kor.common
Expected: ë¸Œë�¼ì§ˆ
     got: 브라질
 ; [cca2=BR].translations.kor.official
Expected: ë¸Œë�¼ì§ˆ ì—°ë°© ê³µí™”êµ­
     got: 브라질 연방 공화국
 ; [cca2=BR].translations.nld.common
Expected: BraziliÃ«
     got: Brazilië
 ; [cca2=BR].translations.nld.official
Expected: Federale Republiek BraziliÃ«
     got: Federale Republiek Brazilië
 ; [cca2=BR].translations.per.common
Expected: Ø¨Ø±Ø²ÛŒÙ„
     got: برزیل
 ; [cca2=BR].translations.per.official
Expected: Ø¬Ù…Ù‡ÙˆØ±ÛŒ Ù�Ø¯Ø±Ø§ØªÛŒÙˆ Ø¨Ø±Ø²ÛŒÙ„
     got: جمهوری فدراتیو برزیل
 ; [cca2=BR].translations.por.official
Expected: RepÃºblica Federativa do Brasil
     got: República Federativa do Brasil
 ; [cca2=BR].translations.rus.common
Expected: Ð‘Ñ€Ð°Ð·Ð¸Ð»Ð¸Ñ�
     got: Бразилия
 ; [cca2=BR].translations.rus.official
Expected: Ð¤ÐµÐ´ÐµÑ€Ð°Ñ‚Ð¸Ð²Ð½Ð°Ñ� Ð ÐµÑ�Ð¿ÑƒÐ±Ð»Ð¸ÐºÐ° Ð‘Ñ€Ð°Ð·Ð¸Ð»Ð¸Ñ�
     got: Федеративная Республика Бразилия
 ; [cca2=BR].translations.slk.common
Expected: BrazÃ­lia
     got: Brazília
 ; [cca2=BR].translations.slk.official
Expected: BrazÃ­lska federatÃ­vna republika
     got: Brazílska federatívna republika
 ; [cca2=BR].translations.spa.official
Expected: RepÃºblica Federativa del Brasil
     got: República Federativa del Brasil
 ; [cca2=BR].translations.srp.common
Expected: Ð‘Ñ€Ð°Ð·Ð¸Ð»
     got: Бразил
 ; [cca2=BR].translations.srp.official
Expected: Ð¡Ð°Ð²ÐµÐ·Ð½Ð° Ð ÐµÐ¿ÑƒÐ±Ð»Ð¸ÐºÐ° Ð‘Ñ€Ð°Ð·Ð¸Ð»
     got: Савезна Република Бразил
 ; [cca2=BR].translations.swe.official
Expected: FÃ¶rbundsrepubliken Brasilien
     got: Förbundsrepubliken Brasilien
 ; [cca2=BR].translations.urd.common
Expected: Ø¨Ø±Ø§Ø²ÛŒÙ„
     got: برازیل
 ; [cca2=BR].translations.urd.official
Expected: ÙˆÙ�Ø§Ù‚ÛŒ Ø¬Ù…Û�ÙˆØ±ÛŒÛ� Ø¨Ø±Ø§Ø²ÛŒÙ„
     got: وفاقی جمہوریہ برازیل
 ; [cca2=BR].translations.zho.common
Expected: å·´è¥¿
     got: 巴西
 ; [cca2=BR].translations.zho.official
Expected: å·´è¥¿è�”é‚¦å…±å’Œå›½
     got: 巴西联邦共和国
 ; [cca2=SD].altSpellings[]
Expected: JumhÅ«rÄ«yat as-SÅ«dÄ�n
     but none found
 ; [cca2=SD].altSpellings[]
Unexpected: Jumhūrīyat as-Sūdān
 ; [cca2=SD].flag
Expected: ðŸ‡¸ðŸ‡©
     got: 🇸🇩
 ; [cca2=SD].name.nativeName.ara.common
Expected: Ø§Ù„Ø³ÙˆØ¯Ø§Ù†
     got: السودان
 ; [cca2=SD].name.nativeName.ara.official
Expected: Ø¬Ù…Ù‡ÙˆØ±ÙŠØ© Ø§Ù„Ø³ÙˆØ¯Ø§Ù†
     got: جمهورية السودان
 ; [cca2=SD].translations.ara.common
Expected: Ø§Ù„Ø³ÙˆØ¯Ø§Ù†
     got: السودان
 ; [cca2=SD].translations.ara.official
Expected: Ø¬Ù…Ù‡ÙˆØ±ÙŠØ© Ø§Ù„Ø³ÙˆØ¯Ø§Ù†
     got: جمهورية السودان
 ; [cca2=SD].translations.ces.common
Expected: SÃºdÃ¡n
     got: Súdán
 ; [cca2=SD].translations.ces.official
Expected: SÃºdÃ¡nskÃ¡ republika
     got: Súdánská republika
 ; [cca2=SD].translations.fra.official
Expected: RÃ©publique du Soudan
     got: République du Soudan
 ; [cca2=SD].translations.hun.common
Expected: SzudÃ¡n
     got: Szudán
 ; [cca2=SD].translations.hun.official
Expected: SzudÃ¡ni KÃ¶ztÃ¡rsasÃ¡g
     got: Szudáni Köztársaság
 ; [cca2=SD].translations.jpn.common
Expected: ã‚¹ãƒ¼ãƒ€ãƒ³
     got: スーダン
 ; [cca2=SD].translations.jpn.official
Expected: ã‚¹ãƒ¼ãƒ€ãƒ³å…±å’Œå›½
     got: スーダン共和国
 ; [cca2=SD].translations.kor.common
Expected: ìˆ˜ë‹¨
     got: 수단
 ; [cca2=SD].translations.kor.official
Expected: ìˆ˜ë‹¨ ê³µí™”êµ­
     got: 수단 공화국
 ; [cca2=SD].translations.per.common
Expected: Ø³ÙˆØ¯Ø§Ù†
     got: سودان
 ; [cca2=SD].translations.per.official
Expected: Ø¬Ù…Ù‡ÙˆØ±ÛŒ Ø³ÙˆØ¯Ø§Ù†
     got: جمهوری سودان
 ; [cca2=SD].translations.por.common
Expected: SudÃ£o
     got: Sudão
 ; [cca2=SD].translations.por.official
Expected: RepÃºblica do SudÃ£o
     got: República do Sudão
 ; [cca2=SD].translations.rus.common
Expected: Ð¡ÑƒÐ´Ð°Ð½
     got: Судан
 ; [cca2=SD].translations.rus.official
Expected: Ð ÐµÑ�Ð¿ÑƒÐ±Ð»Ð¸ÐºÐ° Ð¡ÑƒÐ´Ð°Ð½
     got: Республика Судан
 ; [cca2=SD].translations.slk.common
Expected: SudÃ¡n
     got: Sudán
 ; [cca2=SD].translations.slk.official
Expected: SudÃ¡nska republika
     got: Sudánska republika
 ; [cca2=SD].translations.spa.common
Expected: SudÃ¡n
     got: Sudán
 ; [cca2=SD].translations.spa.official
Expected: RepÃºblica de SudÃ¡n
     got: República de Sudán
 ; [cca2=SD].translations.srp.common
Expected: Ð¡ÑƒÐ´Ð°Ð½
     got: Судан
 ; [cca2=SD].translations.srp.official
Expected: Ð ÐµÐ¿ÑƒÐ±Ð»Ð¸ÐºÐ° Ð¡ÑƒÐ´Ð°Ð½
     got: Република Судан
 ; [cca2=SD].translations.urd.common
Expected: Ø³ÙˆØ¯Ø§Ù†
     got: سودان
 ; [cca2=SD].translations.urd.official
Expected: Ø¬Ù…Û�ÙˆØ±ÛŒÛ� Ø³ÙˆØ¯Ø§Ù†
     got: جمہوریہ سودان
 ; [cca2=SD].translations.zho.common
Expected: è‹�ä¸¹
     got: 苏丹
 ; [cca2=SD].translations.zho.official
Expected: è‹�ä¸¹å…±å’Œå›½
     got: 苏丹共和国
 ; [cca2=BS].flag
Expected: ðŸ‡§ðŸ‡¸
     got: 🇧🇸
 ; [cca2=BS].translations.ara.common
Expected: Ø¨Ø§Ù‡Ø§Ù…Ø§Ø³
     got: باهاماس
 ; [cca2=BS].translations.ara.official
Expected: ÙƒÙˆÙ…Ù†ÙˆÙ„Ø« Ø¬Ø²Ø± Ø§Ù„Ø¨Ù‡Ø§Ù…Ø§
     got: كومنولث جزر البهاما
 ; [cca2=BS].translations.ces.official
Expected: BahamskÃ© spoleÄ�enstvÃ­
     got: Bahamské společenství
 ; [cca2=BS].translations.est.official
Expected: Bahama Ãœhendus
     got: Bahama Ühendus
 ; [cca2=BS].translations.hun.official
Expected: Bahamai KÃ¶zÃ¶ssÃ©g
     got: Bahamai Közösség
 ; [cca2=BS].translations.jpn.common
Expected: ãƒ�ãƒ�ãƒž
     got: バハマ
 ; [cca2=BS].translations.jpn.official
Expected: ãƒ�ãƒ�ãƒž
     got: バハマ
 ; [cca2=BS].translations.kor.common
Expected: ë°”í•˜ë§ˆ
     got: 바하마
 ; [cca2=BS].translations.kor.official
Expected: ë°”í•˜ë§ˆ ì—°ë°©
     got: 바하마 연방
 ; [cca2=BS].translations.nld.common
Expected: Bahamaâ€™s
     got: Bahama’s
 ; [cca2=BS].translations.per.common
Expected: Ø¨Ø§Ù‡Ø§Ù…Ø§
     got: باهاما
 ; [cca2=BS].translations.per.official
Expected: Ù‚Ù„Ù…Ø±Ùˆ Ù‡Ù…Ø³ÙˆØ¯ Ø¨Ø§Ù‡Ø§Ù…Ø§
     got: قلمرو همسود باهاما
 ; [cca2=BS].translations.rus.common
Expected: Ð‘Ð°Ð³Ð°Ð¼Ñ�ÐºÐ¸Ðµ ÐžÑ�Ñ‚Ñ€Ð¾Ð²Ð°
     got: Багамские Острова
 ; [cca2=BS].translations.rus.official
Expected: Ð¡Ð¾Ð´Ñ€ÑƒÐ¶ÐµÑ�Ñ‚Ð²Ð¾ Ð‘Ð°Ð³Ð°Ð¼Ñ�ÐºÐ¸Ñ… ÐžÑ�Ñ‚Ñ€Ð¾Ð²Ð¾Ð²
     got: Содружество Багамских Островов
 ; [cca2=BS].translations.slk.official
Expected: BahamskÃ© spoloÄ�enstvo
     got: Bahamské spoločenstvo
 ; [cca2=BS].translations.srp.common
Expected: Ð‘Ð°Ñ…Ð°Ð¼Ð¸
     got: Бахами
 ; [cca2=BS].translations.srp.official
Expected: ÐšÐ¾Ð¼Ð¾Ð½Ð²ÐµÐ»Ñ‚ Ð‘Ð°Ñ…Ð°Ð¼Ð°
     got: Комонвелт Бахама
 ; [cca2=BS].translations.swe.official
Expected: SamvÃ¤ldet Bahamas
     got: Samväldet Bahamas
 ; [cca2=BS].translations.tur.official
Expected: Bahama Milletler TopluluÄŸu
     got: Bahama Milletler Topluluğu
 ; [cca2=BS].translations.urd.common
Expected: Ø¨Û�Ø§Ù…Ø§Ø³
     got: بہاماس
 ; [cca2=BS].translations.urd.official
Expected: Ø¯ÙˆÙ„ØªÙ� Ù…Ø´ØªØ±Ú©Û� Ø¨Û�Ø§Ù…Ø§Ø³
     got: دولتِ مشترکہ بہاماس
 ; [cca2=BS].translations.zho.common
Expected: å·´å“ˆé©¬
     got: 巴哈马
 ; [cca2=BS].translations.zho.official
Expected: å·´å“ˆé©¬è�”é‚¦
     got: 巴哈马联邦
 ; [cca2=SE].demonyms.fra.f
Expected: SuÃ©doise
     got: Suédoise
 ; [cca2=SE].demonyms.fra.m
Expected: SuÃ©dois
     got: Suédois
 ; [cca2=SE].flag
Expected: ðŸ‡¸ðŸ‡ª
     got: 🇸🇪
 ; [cca2=SE].translations.ara.common
Expected: Ø§Ù„Ø³ÙˆÙŠØ¯
     got: السويد
 ; [cca2=SE].translations.ara.official
Expected: Ù…Ù…Ù„ÙƒØ© Ø§Ù„Ø³ÙˆÙŠØ¯
     got: مملكة السويد
 ; [cca2=SE].translations.ces.common
Expected: Å vÃ©dsko
     got: Švédsko
 ; [cca2=SE].translations.ces.official
Expected: Å vÃ©dskÃ© krÃ¡lovstvÃ­
     got: Švédské království
 ; [cca2=SE].translations.deu.official
Expected: KÃ¶nigreich Schweden
     got: Königreich Schweden
 ; [cca2=SE].translations.fra.common
Expected: SuÃ¨de
     got: Suède
 ; [cca2=SE].translations.fra.official
Expected: Royaume de SuÃ¨de
     got: Royaume de Suède
 ; [cca2=SE].translations.hrv.common
Expected: Å vedska
     got: Švedska
 ; [cca2=SE].translations.hrv.official
Expected: Kraljevina Å vedska
     got: Kraljevina Švedska
 ; [cca2=SE].translations.hun.common
Expected: SvÃ©dorszÃ¡g
     got: Svédország
 ; [cca2=SE].translations.hun.official
Expected: SvÃ©d KirÃ¡lysÃ¡g
     got: Svéd Királyság
 ; [cca2=SE].translations.jpn.common
Expected: ã‚¹ã‚¦ã‚§ãƒ¼ãƒ‡ãƒ³
     got: スウェーデン
 ; [cca2=SE].translations.jpn.official
Expected: ã‚¹ã‚¦ã‚§ãƒ¼ãƒ‡ãƒ³çŽ‹å›½
     got: スウェーデン王国
 ; [cca2=SE].translations.kor.common
Expected: ìŠ¤ì›¨ë�´
     got: 스웨덴
 ; [cca2=SE].translations.kor.official
Expected: ìŠ¤ì›¨ë�´ ì™•êµ­
     got: 스웨덴 왕국
 ; [cca2=SE].translations.per.common
Expected: Ø³ÙˆØ¦Ø¯
     got: سوئد
 ; [cca2=SE].translations.per.official
Expected: Ù¾Ø§Ø¯Ø´Ø§Ù‡ÛŒ Ø³ÙˆØ¦Ø¯
     got: پادشاهی سوئد
 ; [cca2=SE].translations.pol.official
Expected: KrÃ³lestwo Szwecji
     got: Królestwo Szwecji
 ; [cca2=SE].translations.por.common
Expected: SuÃ©cia
     got: Suécia
 ; [cca2=SE].translations.por.official
Expected: Reino da SuÃ©cia
     got: Reino da Suécia
 ; [cca2=SE].translations.rus.common
Expected: Ð¨Ð²ÐµÑ†Ð¸Ñ�
     got: Швеция
 ; [cca2=SE].translations.rus.official
Expected: ÐšÐ¾Ñ€Ð¾Ð»ÐµÐ²Ñ�Ñ‚Ð²Ð¾ Ð¨Ð²ÐµÑ†Ð¸Ñ�
     got: Королевство Швеция
 ; [cca2=SE].translations.slk.common
Expected: Å vÃ©dsko
     got: Švédsko
 ; [cca2=SE].translations.slk.official
Expected: Å vÃ©dske krÃ¡Ä¾ovstvo
     got: Švédske kráľovstvo
 ; [cca2=SE].translations.srp.common
Expected: Ð¨Ð²ÐµÐ´Ñ�ÐºÐ°
     got: Шведска
 ; [cca2=SE].translations.srp.official
Expected: ÐšÑ€Ð°Ñ™ÐµÐ²Ð¸Ð½Ð° Ð¨Ð²ÐµÐ´Ñ�ÐºÐ°
     got: Краљевина Шведска
 ; [cca2=SE].translations.tur.common
Expected: Ä°sveÃ§
     got: İsveç
 ; [cca2=SE].translations.tur.official
Expected: Ä°sveÃ§ KrallÄ±ÄŸÄ±
     got: İsveç Krallığı
 ; [cca2=SE].translations.urd.common
Expected: Ø³ÙˆÛŒÚˆÙ†
     got: سویڈن
 ; [cca2=SE].translations.urd.official
Expected: Ù…Ù…Ù„Ú©ØªÙ� Ø³ÙˆÛŒÚˆÙ†
     got: مملکتِ سویڈن
 ; [cca2=SE].translations.zho.common
Expected: ç‘žå…¸
     got: 瑞典
 ; [cca2=SE].translations.zho.official
Expected: ç‘žå…¸çŽ‹å›½
     got: 瑞典王国
 ; [cca2=BT].currencies.INR.symbol
Expected: â‚¹
     got: ₹
 ; [cca2=BT].flag
Expected: ðŸ‡§ðŸ‡¹
     got: 🇧🇹
 ; [cca2=BT].name.nativeName.dzo.common
Expected: à½ à½–à¾²à½´à½‚à¼‹à½¡à½´à½£à¼‹
     got: འབྲུག་ཡུལ་
 ; [cca2=BT].name.nativeName.dzo.official
Expected: à½ à½–à¾²à½´à½‚à¼‹à½¢à¾’à¾±à½£à¼‹à½�à½–à¼‹
     got: འབྲུག་རྒྱལ་ཁབ་
 ; [cca2=BT].translations.ara.common
Expected: Ø¨ÙˆØªØ§Ù†
     got: بوتان
 ; [cca2=BT].translations.ara.official
Expected: Ù…Ù…Ù„ÙƒØ© Ø¨ÙˆØªØ§Ù†
     got: مملكة بوتان
 ; [cca2=BT].translations.ces.common
Expected: BhÃºtÃ¡n
     got: Bhútán
 ; [cca2=BT].translations.ces.official
Expected: BhÃºtÃ¡nskÃ© krÃ¡lovstvÃ­
     got: Bhútánské království
 ; [cca2=BT].translations.deu.official
Expected: KÃ¶nigreich Bhutan
     got: Königreich Bhutan
 ; [cca2=BT].translations.hun.common
Expected: BhutÃ¡n
     got: Bhután
 ; [cca2=BT].translations.hun.official
Expected: BhutÃ¡ni KirÃ¡lysÃ¡g
     got: Bhutáni Királyság
 ; [cca2=BT].translations.jpn.common
Expected: ãƒ–ãƒ¼ã‚¿ãƒ³
     got: ブータン
 ; [cca2=BT].translations.jpn.official
Expected: ãƒ–ãƒ¼ã‚¿ãƒ³çŽ‹å›½
     got: ブータン王国
 ; [cca2=BT].translations.kor.common
Expected: ë¶€íƒ„
     got: 부탄
 ; [cca2=BT].translations.kor.official
Expected: ë¶€íƒ„ ì™•êµ­
     got: 부탄 왕국
 ; [cca2=BT].translations.per.common
Expected: Ø¨ÙˆØªØ§Ù†
     got: بوتان
 ; [cca2=BT].translations.per.official
Expected: Ù¾Ø§Ø¯Ø´Ø§Ù‡ÛŒ Ø¨ÙˆØªØ§Ù†
     got: پادشاهی بوتان
 ; [cca2=BT].translations.por.common
Expected: ButÃ£o
     got: Butão
 ; [cca2=BT].translations.por.official
Expected: Reino do ButÃ£o
     got: Reino do Butão
 ; [cca2=BT].translations.rus.common
Expected: Ð‘ÑƒÑ‚Ð°Ð½
     got: Бутан
 ; [cca2=BT].translations.rus.official
Expected: ÐšÐ¾Ñ€Ð¾Ð»ÐµÐ²Ñ�Ñ‚Ð²Ð¾ Ð‘ÑƒÑ‚Ð°Ð½
     got: Королевство Бутан
 ; [cca2=BT].translations.slk.common
Expected: BhutÃ¡n
     got: Bhután
 ; [cca2=BT].translations.slk.official
Expected: BhutÃ¡nske krÃ¢Ä¾ovstvo
     got: Bhutánske krâľovstvo
 ; [cca2=BT].translations.spa.common
Expected: ButÃ¡n
     got: Bután
 ; [cca2=BT].translations.spa.official
Expected: Reino de ButÃ¡n
     got: Reino de Bután
 ; [cca2=BT].translations.srp.common
Expected: Ð‘ÑƒÑ‚Ð°Ð½
     got: Бутан
 ; [cca2=BT].translations.srp.official
Expected: ÐšÑ€Ð°Ñ™ÐµÐ²Ð¸Ð½Ð° Ð‘ÑƒÑ‚Ð°Ð½
     got: Краљевина Бутан
 ; [cca2=BT].translations.tur.official
Expected: Butan KrallÄ±ÄŸÄ±
     got: Butan Krallığı
 ; [cca2=BT].translations.urd.common
Expected: Ø¨Ú¾ÙˆÙ¹Ø§Ù†
     got: بھوٹان
 ; [cca2=BT].translations.urd.official
Expected: Ø³Ù„Ø·Ù†Øª Ø¨Ú¾ÙˆÙ¹Ø§Ù†
     got: سلطنت بھوٹان
 ; [cca2=BT].translations.zho.common
Expected: ä¸�ä¸¹
     got: 不丹
 ; [cca2=BT].translations.zho.official
Expected: ä¸�ä¸¹çŽ‹å›½
     got: 不丹王国
 ; [cca2=SG].altSpellings[]
Expected: æ–°åŠ å�¡å…±å’Œå›½
     but none found
 ; [cca2=SG].altSpellings[]
Unexpected: 新加坡共和国
 ; [cca2=SG].flag
Expected: ðŸ‡¸ðŸ‡¬
     got: 🇸🇬
 ; [cca2=SG].name.nativeName.tam.common
Expected: à®šà®¿à®™à¯�à®•à®ªà¯�à®ªà¯‚à®°à¯�
     got: சிங்கப்பூர்
 ; [cca2=SG].name.nativeName.tam.official
Expected: à®šà®¿à®™à¯�à®•à®ªà¯�à®ªà¯‚à®°à¯� à®•à¯�à®Ÿà®¿à®¯à®°à®šà¯�
     got: சிங்கப்பூர் குடியரசு
 ; [cca2=SG].name.nativeName.zho.common
Expected: æ–°åŠ å�¡
     got: 新加坡
 ; [cca2=SG].name.nativeName.zho.official
Expected: æ–°åŠ å�¡å…±å’Œå›½
     got: 新加坡共和国
 ; [cca2=SG].tld[]
Expected: .æ–°åŠ å�¡
     but none found
 ; [cca2=SG].tld[]
Expected: .à®šà®¿à®™à¯�à®•à®ªà¯�à®ªà¯‚à®°à¯�
     but none found
 ; [cca2=SG].tld[]
Unexpected: .சிங்கப்பூர்
 ; [cca2=SG].tld[]
Unexpected: .新加坡
 ; [cca2=SG].translations.ara.common
Expected: Ø³Ù†ØºØ§Ù�ÙˆØ±Ø©
     got: سنغافورة
 ; [cca2=SG].translations.ara.official
Expected: Ø¬Ù…Ù‡ÙˆØ±ÙŠØ© Ø³Ù†ØºØ§Ù�ÙˆØ±Ø©
     got: جمهورية سنغافورة
 ; [cca2=SG].translations.ces.official
Expected: SingapurskÃ¡ republika
     got: Singapurská republika
 ; [cca2=SG].translations.fra.official
Expected: RÃ©publique de Singapour
     got: République de Singapour
 ; [cca2=SG].translations.hun.common
Expected: SzingapÃºr
     got: Szingapúr
 ; [cca2=SG].translations.hun.official
Expected: SzingapÃºri KÃ¶ztÃ¡rsasÃ¡g
     got: Szingapúri Köztársaság
 ; [cca2=SG].translations.jpn.common
Expected: ã‚·ãƒ³ã‚¬ãƒ�ãƒ¼ãƒ«
     got: シンガポール
 ; [cca2=SG].translations.jpn.official
Expected: ã‚·ãƒ³ã‚¬ãƒ�ãƒ¼ãƒ«å…±å’Œå›½
     got: シンガポール共和国
 ; [cca2=SG].translations.kor.common
Expected: ì‹±ê°€í�¬ë¥´
     got: 싱가포르
 ; [cca2=SG].translations.kor.official
Expected: ì‹±ê°€í�¬ë¥´ ê³µí™”êµ­
     got: 싱가포르 공화국
 ; [cca2=SG].translations.per.common
Expected: Ø³Ù†Ú¯Ø§Ù¾ÙˆØ±
     got: سنگاپور
 ; [cca2=SG].translations.per.official
Expected: Ø¬Ù…Ù‡ÙˆØ±ÛŒ Ø³Ù†Ú¯Ø§Ù¾ÙˆØ±
     got: جمهوری سنگاپور
 ; [cca2=SG].translations.por.official
Expected: RepÃºblica de Singapura
     got: República de Singapura
 ; [cca2=SG].translations.rus.common
Expected: Ð¡Ð¸Ð½Ð³Ð°Ð¿ÑƒÑ€
     got: Сингапур
 ; [cca2=SG].translations.rus.official
Expected: Ð ÐµÑ�Ð¿ÑƒÐ±Ð»Ð¸ÐºÐ° Ð¡Ð¸Ð½Ð³Ð°Ð¿ÑƒÑ€
     got: Республика Сингапур
 ; [cca2=SG].translations.slk.official
Expected: SingapurskÃ¡ republika
     got: Singapurská republika
 ; [cca2=SG].translations.spa.official
Expected: RepÃºblica de Singapur
     got: República de Singapur
 ; [cca2=SG].translations.srp.common
Expected: Ð¡Ð¸Ð½Ð³Ð°Ð¿ÑƒÑ€
     got: Сингапур
 ; [cca2=SG].translations.srp.official
Expected: Ð ÐµÐ¿ÑƒÐ±Ð»Ð¸ÐºÐ° Ð¡Ð¸Ð½Ð³Ð°Ð¿ÑƒÑ€
     got: Република Сингапур
 ; [cca2=SG].translations.urd.common
Expected: Ø³Ù†Ú¯Ø§Ù¾ÙˆØ±
     got: سنگاپور
 ; [cca2=SG].translations.urd.official
Expected: Ø¬Ù…Û�ÙˆØ±ÛŒÛ� Ø³Ù†Ú¯Ø§Ù¾ÙˆØ±
     got: جمہوریہ سنگاپور
 ; [cca2=BV].altSpellings[]
Expected: BouvetÃ¸ya
     but none found
 ; [cca2=BV].altSpellings[]
Expected: Bouvet-Ã¸ya
     but none found
 ; [cca2=BV].altSpellings[]
Unexpected: Bouvetøya
 ; [cca2=BV].altSpellings[]
Unexpected: Bouvet-øya
 ; [cca2=BV].flag
Expected: ðŸ‡§ðŸ‡»
     got: 🇧🇻
 ; [cca2=BV].name.nativeName.nor.common
Expected: BouvetÃ¸ya
     got: Bouvetøya
 ; [cca2=BV].name.nativeName.nor.official
Expected: BouvetÃ¸ya
     got: Bouvetøya
 ; [cca2=BV].translations.ara.common
Expected: Ø¬Ø²Ø± Ø¨ÙˆÙ�ÙŠÙ‡
     got: جزر بوفيه
 ; [cca2=BV].translations.ara.official
Expected: Ø¬Ø²Ø± Ø¨ÙˆÙ�ÙŠÙ‡
     got: جزر بوفيه
 ; [cca2=BV].translations.ces.common
Expected: BouvetÅ¯v ostrov
     got: Bouvetův ostrov
 ; [cca2=BV].translations.ces.official
Expected: BouvetÅ¯v ostrov
     got: Bouvetův ostrov
 ; [cca2=BV].translations.est.common
Expected: Bouvetâ€™ saar
     got: Bouvet’ saar
 ; [cca2=BV].translations.est.official
Expected: Bouvetâ€™ saar
     got: Bouvet’ saar
 ; [cca2=BV].translations.fra.common
Expected: ÃŽle Bouvet
     got: Île Bouvet
 ; [cca2=BV].translations.fra.official
Expected: ÃŽle Bouvet
     got: Île Bouvet
 ; [cca2=BV].translations.jpn.common
Expected: ãƒ–ãƒ¼ãƒ™å³¶
     got: ブーベ島
 ; [cca2=BV].translations.jpn.official
Expected: ãƒ–ãƒ¼ãƒ´ã‚§å³¶
     got: ブーヴェ島
 ; [cca2=BV].translations.kor.common
Expected: ë¶€ë²  ì„¬
     got: 부베 섬
 ; [cca2=BV].translations.kor.official
Expected: ë¶€ë²  ì„¬
     got: 부베 섬
 ; [cca2=BV].translations.per.common
Expected: Ø¬Ø²ÛŒØ±Ù‡Ù” Ø¨ÙˆÙˆÙ‡
     got: جزیرهٔ بووه
 ; [cca2=BV].translations.per.official
Expected: Ø¬Ø²ÛŒØ±Ù‡Ù” Ø¨ÙˆÙˆÙ‡
     got: جزیرهٔ بووه
 ; [cca2=BV].translations.rus.common
Expected: ÐžÑ�Ñ‚Ñ€Ð¾Ð² Ð‘ÑƒÐ²Ðµ
     got: Остров Буве
 ; [cca2=BV].translations.rus.official
Expected: ÐžÑ�Ñ‚Ñ€Ð¾Ð² Ð‘ÑƒÐ²Ðµ
     got: Остров Буве
 ; [cca2=BV].translations.srp.common
Expected: Ð‘ÑƒÐ²Ðµ
     got: Буве
 ; [cca2=BV].translations.srp.official
Expected: Ð‘ÑƒÐ²Ðµ
     got: Буве
 ; [cca2=BV].translations.swe.common
Expected: BouvetÃ¶n
     got: Bouvetön
 ; [cca2=BV].translations.swe.official
Expected: BouvetÃ¶n
     got: Bouvetön
 ; [cca2=BV].translations.tur.common
Expected: Bouvet AdasÄ±
     got: Bouvet Adası
 ; [cca2=BV].translations.tur.official
Expected: Bouvet AdasÄ±
     got: Bouvet Adası
 ; [cca2=BV].translations.urd.common
Expected: Ø¬Ø²ÛŒØ±Û� Ø¨ÙˆÙˆÛ�
     got: جزیرہ بووہ
 ; [cca2=BV].translations.urd.official
Expected: Ø¬Ø²ÛŒØ±Û� Ø¨ÙˆÙˆÛ�
     got: جزیرہ بووہ
 ; [cca2=BV].translations.zho.common
Expected: å¸ƒç»´å²›
     got: 布维岛
 ; [cca2=BV].translations.zho.official
Expected: å¸ƒç»´å²›
     got: 布维岛
 ; [cca2=SH].currencies.GBP.symbol
Expected: Â£
     got: £
 ; [cca2=SH].currencies.SHP.symbol
Expected: Â£
     got: £
 ; [cca2=SH].demonyms.fra.f
Expected: Sainte-HÃ©lÃ©noise
     got: Sainte-Hélénoise
 ; [cca2=SH].demonyms.fra.m
Expected: Sainte-HÃ©lÃ¨nois
     got: Sainte-Hélènois
 ; [cca2=SH].flag
Expected: ðŸ‡¸ðŸ‡­
     got: 🇸🇭
 ; [cca2=SH].translations.ara.common
Expected: Ø³Ø§Ù†Øª Ù‡ÙŠÙ„ÙŠÙ†Ø§ ÙˆØ£Ø³ÙŠÙ†Ø´ÙŠÙ† ÙˆØªØ±ÙŠØ³ØªØ§Ù† Ø¯Ø§ ÙƒÙˆÙ†Ø§
     got: سانت هيلينا وأسينشين وتريستان دا كونا
 ; [cca2=SH].translations.ara.official
Expected: Ø³Ø§Ù†Øª Ù‡ÙŠÙ„ÙŠÙ†Ø§ ÙˆØ£Ø³ÙŠÙ†Ø´ÙŠÙ† ÙˆØªØ±ÙŠØ³ØªØ§Ù† Ø¯Ø§ ÙƒÙˆÙ†Ø§
     got: سانت هيلينا وأسينشين وتريستان دا كونا
 ; [cca2=SH].translations.ces.common
Expected: SvatÃ¡ Helena, Ascension a Tristan da Cunha
     got: Svatá Helena, Ascension a Tristan da Cunha
 ; [cca2=SH].translations.ces.official
Expected: SvatÃ¡ Helena, Ascension a Tristan da Cunha
     got: Svatá Helena, Ascension a Tristan da Cunha
 ; [cca2=SH].translations.fra.common
Expected: Sainte-HÃ©lÃ¨ne, Ascension et Tristan da Cunha
     got: Sainte-Hélène, Ascension et Tristan da Cunha
 ; [cca2=SH].translations.fra.official
Expected: Sainte-HÃ©lÃ¨ne, Ascension et Tristan da Cunha
     got: Sainte-Hélène, Ascension et Tristan da Cunha
 ; [cca2=SH].translations.jpn.common
Expected: ã‚»ãƒ³ãƒˆãƒ˜ãƒ¬ãƒŠãƒ»ã‚¢ã‚»ãƒ³ã‚·ãƒ§ãƒ³ã�Šã‚ˆã�³ãƒˆãƒªã‚¹ã‚¿ãƒ³ãƒ€ã‚¯ãƒ¼ãƒ‹ãƒ£
     got: セントヘレナ・アセンションおよびトリスタンダクーニャ
 ; [cca2=SH].translations.jpn.official
Expected: ã‚»ãƒ³ãƒˆãƒ˜ãƒ¬ãƒŠãƒ»ã‚¢ã‚»ãƒ³ã‚·ãƒ§ãƒ³ã�Šã‚ˆã�³ãƒˆãƒªã‚¹ã‚¿ãƒ³ãƒ€ã‚¯ãƒ¼ãƒ‹ãƒ£
     got: セントヘレナ・アセンションおよびトリスタンダクーニャ
 ; [cca2=SH].translations.kor.common
Expected: ì„¸ì�¸íŠ¸í—¬ë ˆë‚˜
     got: 세인트헬레나
 ; [cca2=SH].translations.kor.official
Expected: ì„¸ì�¸íŠ¸í—¬ë ˆë‚˜
     got: 세인트헬레나
 ; [cca2=SH].translations.per.common
Expected: Ø³Ù†Øª Ù‡Ù„Ù†
     got: سنت هلن
 ; [cca2=SH].translations.per.official
Expected: Ø³Ù†Øª Ù‡Ù„Ù†
     got: سنت هلن
 ; [cca2=SH].translations.pol.common
Expected: Wyspa ÅšwiÄ™tej Heleny, Wyspa WniebowstÄ…pienia i Tristan da Cunha
     got: Wyspa Świętej Heleny, Wyspa Wniebowstąpienia i Tristan da Cunha
 ; [cca2=SH].translations.pol.official
Expected: Wyspa ÅšwiÄ™tej Heleny, Wyspa WniebowstÄ…pienia i Tristan da Cunha
     got: Wyspa Świętej Heleny, Wyspa Wniebowstąpienia i Tristan da Cunha
 ; [cca2=SH].translations.por.common
Expected: Santa Helena, AscensÃ£o e TristÃ£o da Cunha
     got: Santa Helena, Ascensão e Tristão da Cunha
 ; [cca2=SH].translations.por.official
Expected: Santa Helena, AscensÃ£o e TristÃ£o da Cunha
     got: Santa Helena, Ascensão e Tristão da Cunha
 ; [cca2=SH].translations.rus.common
Expected: ÐžÑ�Ñ‚Ñ€Ð¾Ð²Ð° Ð¡Ð²Ñ�Ñ‚Ð¾Ð¹ Ð•Ð»ÐµÐ½Ñ‹, Ð’Ð¾Ð·Ð½ÐµÑ�ÐµÐ½Ð¸Ñ� Ð¸ Ð¢Ñ€Ð¸Ñ�Ñ‚Ð°Ð½-Ð´Ð°-ÐšÑƒÐ½ÑŒÑ�
     got: Острова Святой Елены, Вознесения и Тристан-да-Кунья
 ; [cca2=SH].translations.rus.official
Expected: ÐžÑ�Ñ‚Ñ€Ð¾Ð²Ð° Ð¡Ð²Ñ�Ñ‚Ð¾Ð¹ Ð•Ð»ÐµÐ½Ñ‹, Ð’Ð¾Ð·Ð½ÐµÑ�ÐµÐ½Ð¸Ñ� Ð¸ Ð¢Ñ€Ð¸Ñ�Ñ‚Ð°Ð½-Ð´Ð°-ÐšÑƒÐ½ÑŒÑ�
     got: Острова Святой Елены, Вознесения и Тристан-да-Кунья
 ; [cca2=SH].translations.slk.common
Expected: SvÃ¤tÃ¡ Helena (zÃ¡morskÃ© Ãºzemie)
     got: Svätá Helena (zámorské územie)
 ; [cca2=SH].translations.slk.official
Expected: SvÃ¤tÃ¡ Helena (zÃ¡morskÃ© Ãºzemie)
     got: Svätá Helena (zámorské územie)
 ; [cca2=SH].translations.spa.common
Expected: Santa Elena, AscensiÃ³n y TristÃ¡n de AcuÃ±a
     got: Santa Elena, Ascensión y Tristán de Acuña
 ; [cca2=SH].translations.spa.official
Expected: Santa Elena, AscensiÃ³n y TristÃ¡n de AcuÃ±a
     got: Santa Elena, Ascensión y Tristán de Acuña
 ; [cca2=SH].translations.srp.common
Expected: Ð¡Ð²ÐµÑ‚Ð° ÐˆÐµÐ»ÐµÐ½Ð°
     got: Света Јелена
 ; [cca2=SH].translations.srp.official
Expected: Ð¡Ð²ÐµÑ‚Ð° ÐˆÐµÐ»ÐµÐ½Ð°, Ð�Ñ�ÐµÐ½Ñ�Ð¸Ð¾Ð½ Ð¸ Ð¢Ñ€Ð¸Ñ�Ñ‚Ð°Ð½ Ð´Ð° ÐšÑƒÑšÐ°
     got: Света Јелена, Асенсион и Тристан да Куња
 ; [cca2=SH].translations.urd.common
Expected: Ø³ÛŒÙ†Ù¹ Û�Ù„ÛŒÙ†Ø§ØŒ Ø§Ø³ÛŒÙ†Ø´Ù† Ùˆ ØªØ±Ø³Ù¹Ø§Ù† Ø¯Ø§ Ú©ÙˆÙ†ÛŒØ§
     got: سینٹ ہلینا، اسینشن و ترسٹان دا کونیا
 ; [cca2=SH].translations.urd.official
Expected: Ø³ÛŒÙ†Ù¹ Û�Ù„ÛŒÙ†Ø§ØŒ Ø§Ø³ÛŒÙ†Ø´Ù† Ùˆ ØªØ±Ø³Ù¹Ø§Ù† Ø¯Ø§ Ú©ÙˆÙ†ÛŒØ§
     got: سینٹ ہلینا، اسینشن و ترسٹان دا کونیا
 ; [cca2=SH].translations.zho.common
Expected: åœ£èµ«å‹’æ‹¿ã€�é˜¿æ£®æ�¾å’Œç‰¹é‡Œæ–¯å�¦-è¾¾åº“å°¼äºš
     got: 圣赫勒拿、阿森松和特里斯坦-达库尼亚
 ; [cca2=SH].translations.zho.official
Expected: åœ£èµ«å‹’æ‹¿ã€�é˜¿æ£®æ�¾å’Œç‰¹é‡Œæ–¯å�¦-è¾¾åº“å°¼äºš
     got: 圣赫勒拿、阿森松和特里斯坦-达库尼亚
 ; [cca2=BW].flag
Expected: ðŸ‡§ðŸ‡¼
     got: 🇧🇼
 ; [cca2=BW].translations.ara.common
Expected: Ø¨ÙˆØªØ³ÙˆØ§Ù†Ø§
     got: بوتسوانا
 ; [cca2=BW].translations.ara.official
Expected: Ø¬Ù…Ù‡ÙˆØ±ÙŠØ© Ø¨ÙˆØªØ³ÙˆØ§Ù†Ø§
     got: جمهورية بوتسوانا
 ; [cca2=BW].translations.ces.official
Expected: BotswanskÃ¡ republika
     got: Botswanská republika
 ; [cca2=BW].translations.fra.official
Expected: RÃ©publique du Botswana
     got: République du Botswana
 ; [cca2=BW].translations.hun.official
Expected: Botswanai KÃ¶ztÃ¡rsasÃ¡g
     got: Botswanai Köztársaság
 ; [cca2=BW].translations.jpn.common
Expected: ãƒœãƒ„ãƒ¯ãƒŠ
     got: ボツワナ
 ; [cca2=BW].translations.jpn.official
Expected: ãƒœãƒ„ãƒ¯ãƒŠå…±å’Œå›½
     got: ボツワナ共和国
 ; [cca2=BW].translations.kor.common
Expected: ë³´ì¸ ì™€ë‚˜
     got: 보츠와나
 ; [cca2=BW].translations.kor.official
Expected: ë³´ì¸ ì™€ë‚˜ ê³µí™”êµ­
     got: 보츠와나 공화국
 ; [cca2=BW].translations.per.common
Expected: Ø¨ÙˆØªØ³ÙˆØ§Ù†Ø§
     got: بوتسوانا
 ; [cca2=BW].translations.per.official
Expected: Ø¬Ù…Ù‡ÙˆØ±ÛŒ Ø¨ÙˆØªØ³ÙˆØ§Ù†Ø§
     got: جمهوری بوتسوانا
 ; [cca2=BW].translations.por.official
Expected: RepÃºblica do Botswana
     got: República do Botswana
 ; [cca2=BW].translations.rus.common
Expected: Ð‘Ð¾Ñ‚Ñ�Ð²Ð°Ð½Ð°
     got: Ботсвана
 ; [cca2=BW].translations.rus.official
Expected: Ð ÐµÑ�Ð¿ÑƒÐ±Ð»Ð¸ÐºÐ° Ð‘Ð¾Ñ‚Ñ�Ð²Ð°Ð½Ð°
     got: Республика Ботсвана
 ; [cca2=BW].translations.slk.official
Expected: BotswanskÃ¡ republika
     got: Botswanská republika
 ; [cca2=BW].translations.spa.official
Expected: RepÃºblica de Botswana
     got: República de Botswana
 ; [cca2=BW].translations.srp.common
Expected: Ð‘Ð¾Ñ†Ð²Ð°Ð½Ð°
     got: Боцвана
 ; [cca2=BW].translations.srp.official
Expected: Ð ÐµÐ¿ÑƒÐ±Ð»Ð¸ÐºÐ° Ð‘Ð¾Ñ†Ð²Ð°Ð½Ð°
     got: Република Боцвана
 ; [cca2=BW].translations.urd.common
Expected: Ø¨ÙˆÙ¹Ø³ÙˆØ§Ù†Ø§
     got: بوٹسوانا
 ; [cca2=BW].translations.urd.official
Expected: Ø¬Ù…Û�ÙˆØ±ÛŒÛ� Ø¨ÙˆÙ¹Ø³ÙˆØ§Ù†Ø§
     got: جمہوریہ بوٹسوانا
 ; [cca2=BW].translations.zho.common
Expected: å�šèŒ¨ç“¦çº³
     got: 博茨瓦纳
 ; [cca2=BW].translations.zho.official
Expected: å�šèŒ¨ç“¦çº³å…±å’Œå›½
     got: 博茨瓦纳共和国
 ; [cca2=SI].currencies.EUR.symbol
Expected: â‚¬
     got: €
 ; [cca2=SI].demonyms.fra.f
Expected: SlovÃ¨ne
     got: Slovène
 ; [cca2=SI].demonyms.fra.m
Expected: SlovÃ¨ne
     got: Slovène
 ; [cca2=SI].flag
Expected: ðŸ‡¸ðŸ‡®
     got: 🇸🇮
 ; [cca2=SI].translations.ara.common
Expected: Ø³Ù„ÙˆÙ�ÙŠÙ†ÙŠØ§
     got: سلوفينيا
 ; [cca2=SI].translations.ara.official
Expected: Ø¬Ù…Ù‡ÙˆØ±ÙŠØ© Ø³Ù„ÙˆÙ�ÙŠÙ†ÙŠØ§
     got: جمهورية سلوفينيا
 ; [cca2=SI].translations.ces.official
Expected: SlovinskÃ¡ republika
     got: Slovinská republika
 ; [cca2=SI].translations.fra.common
Expected: SlovÃ©nie
     got: Slovénie
 ; [cca2=SI].translations.fra.official
Expected: RÃ©publique de SlovÃ©nie
     got: République de Slovénie
 ; [cca2=SI].translations.hun.common
Expected: SzlovÃ©nia
     got: Szlovénia
 ; [cca2=SI].translations.hun.official
Expected: SzlovÃ©n KÃ¶ztÃ¡rsasÃ¡g
     got: Szlovén Köztársaság
 ; [cca2=SI].translations.jpn.common
Expected: ã‚¹ãƒ­ãƒ™ãƒ‹ã‚¢
     got: スロベニア
 ; [cca2=SI].translations.jpn.official
Expected: ã‚¹ãƒ­ãƒ™ãƒ‹ã‚¢å…±å’Œå›½
     got: スロベニア共和国
 ; [cca2=SI].translations.kor.common
Expected: ìŠ¬ë¡œë² ë‹ˆì•„
     got: 슬로베니아
 ; [cca2=SI].translations.kor.official
Expected: ìŠ¬ë¡œë² ë‹ˆì•„ ê³µí™”êµ­
     got: 슬로베니아 공화국
 ; [cca2=SI].translations.nld.common
Expected: SloveniÃ«
     got: Slovenië
 ; [cca2=SI].translations.nld.official
Expected: Republiek SloveniÃ«
     got: Republiek Slovenië
 ; [cca2=SI].translations.per.common
Expected: Ø§Ø³Ù„ÙˆÙˆÙ†ÛŒ
     got: اسلوونی
 ; [cca2=SI].translations.per.official
Expected: Ø¬Ù…Ù‡ÙˆØ±ÛŒ Ø§Ø³Ù„ÙˆÙˆÙ†ÛŒ
     got: جمهوری اسلوونی
 ; [cca2=SI].translations.pol.common
Expected: SÅ‚owenia
     got: Słowenia
 ; [cca2=SI].translations.pol.official
Expected: Republika SÅ‚owenii
     got: Republika Słowenii
 ; [cca2=SI].translations.por.common
Expected: EslovÃ©nia
     got: Eslovénia
 ; [cca2=SI].translations.por.official
Expected: RepÃºblica da EslovÃ©nia
     got: República da Eslovénia
 ; [cca2=SI].translations.rus.common
Expected: Ð¡Ð»Ð¾Ð²ÐµÐ½Ð¸Ñ�
     got: Словения
 ; [cca2=SI].translations.rus.official
Expected: Ð ÐµÑ�Ð¿ÑƒÐ±Ð»Ð¸ÐºÐ° Ð¡Ð»Ð¾Ð²ÐµÐ½Ð¸Ñ�
     got: Республика Словения
 ; [cca2=SI].translations.slk.official
Expected: SlovinskÃ¡ republika
     got: Slovinská republika
 ; [cca2=SI].translations.spa.official
Expected: RepÃºblica de Eslovenia
     got: República de Eslovenia
 ; [cca2=SI].translations.srp.common
Expected: Ð¡Ð»Ð¾Ð²ÐµÐ½Ð¸Ñ˜Ð°
     got: Словенија
 ; [cca2=SI].translations.srp.official
Expected: Ð ÐµÐ¿ÑƒÐ±Ð»Ð¸ÐºÐ° Ð¡Ð»Ð¾Ð²ÐµÐ½Ð¸Ñ˜Ð°
     got: Република Словенија
 ; [cca2=SI].translations.urd.common
Expected: Ø³Ù„ÙˆÙˆÛŒÙ†ÛŒØ§
     got: سلووینیا
 ; [cca2=SI].translations.urd.official
Expected: Ø¬Ù…Û�ÙˆØ±ÛŒÛ� Ø³Ù„ÙˆÙˆÛŒÙ†ÛŒØ§
     got: جمہوریہ سلووینیا
 ; [cca2=SI].translations.zho.common
Expected: æ–¯æ´›æ–‡å°¼äºš
     got: 斯洛文尼亚
 ; [cca2=SI].translations.zho.official
Expected: æ–¯æ´›æ–‡å°¼äºšå…±å’Œå›½
     got: 斯洛文尼亚共和国
 ; [cca2=SJ].flag
Expected: ðŸ‡¸ðŸ‡¯
     got: 🇸🇯
 ; [cca2=SJ].translations.ara.common
Expected: Ø³Ù�Ø§Ù„Ø¨Ø§Ø±Ø¯ ÙˆÙŠØ§Ù† Ù…Ø§ÙŠÙ†
     got: سفالبارد ويان ماين
 ; [cca2=SJ].translations.ara.official
Expected: Ø³Ù�Ø§Ù„Ø¨Ø§Ø±Ø¯ ÙˆÙŠØ§Ù† Ù…Ø§ÙŠÙ†
     got: سفالبارد ويان ماين
 ; [cca2=SJ].translations.ces.common
Expected: Å picberky a Jan Mayen
     got: Špicberky a Jan Mayen
 ; [cca2=SJ].translations.ces.official
Expected: Å picberky a Jan Mayen
     got: Špicberky a Jan Mayen
 ; [cca2=SJ].translations.hun.common
Expected: Svalbard Ã©s Jan Mayen
     got: Svalbard és Jan Mayen
 ; [cca2=SJ].translations.hun.official
Expected: Svalbard Ã©s Jan Mayen
     got: Svalbard és Jan Mayen
 ; [cca2=SJ].translations.jpn.common
Expected: ã‚¹ãƒ´ã‚¡ãƒ¼ãƒ«ãƒ�ãƒ«è«¸å³¶ã�Šã‚ˆã�³ãƒ¤ãƒ³ãƒžã‚¤ã‚¨ãƒ³å³¶
     got: スヴァールバル諸島およびヤンマイエン島
 ; [cca2=SJ].translations.jpn.official
Expected: ã‚¹ãƒ�ãƒ¼ãƒ«ãƒ�ãƒ«è«¸å³¶OGãƒ¤ãƒ³ãƒžã‚¤ã‚¨ãƒ³
     got: スバールバル諸島OGヤンマイエン
 ; [cca2=SJ].translations.kor.common
Expected: ìŠ¤ë°œë°”ë¥´ ì–€ë§ˆì˜Œ ì œë�„
     got: 스발바르 얀마옌 제도
 ; [cca2=SJ].translations.kor.official
Expected: ìŠ¤ë°œë°”ë¥´ ì–€ë§ˆì˜Œ ì œë�„
     got: 스발바르 얀마옌 제도
 ; [cca2=SJ].translations.per.common
Expected: Ø³ÙˆØ§Ù„Ø¨Ø§Ø±Ø¯ Ùˆ ÛŒØ§Ù† Ù…Ø§ÛŒÙ†
     got: سوالبارد و یان ماین
 ; [cca2=SJ].translations.per.official
Expected: Ø³ÙˆØ§Ù„Ø¨Ø§Ø±Ø¯ Ùˆ ÛŒØ§Ù† Ù…Ø§ÛŒÙ†
     got: سوالبارد و یان ماین
 ; [cca2=SJ].translations.rus.common
Expected: Ð¨Ð¿Ð¸Ñ†Ð±ÐµÑ€Ð³ÐµÐ½ Ð¸ Ð¯Ð½-ÐœÐ°Ð¹ÐµÐ½
     got: Шпицберген и Ян-Майен
 ; [cca2=SJ].translations.rus.official
Expected: Ð¡Ð²Ð°Ð»ÑŒÐ±Ð°Ñ€Ð´Ð° Ð¾Ð³ Ð¯Ð½-ÐœÐ°Ð¹ÐµÐ½
     got: Свальбарда ог Ян-Майен
 ; [cca2=SJ].translations.srp.common
Expected: Ð¡Ð²Ð°Ð»Ð±Ð°Ñ€Ð´ Ð¸ ÐˆÐ°Ð½ ÐœÐ°Ñ˜ÐµÐ½
     got: Свалбард и Јан Мајен
 ; [cca2=SJ].translations.srp.official
Expected: Ð¡Ð²Ð°Ð»Ð±Ð°Ñ€Ð´ Ð¸ ÐˆÐ°Ð½ ÐœÐ°Ñ˜ÐµÐ½
     got: Свалбард и Јан Мајен
 ; [cca2=SJ].translations.urd.common
Expected: Ø³ÙˆØ§Ù„Ø¨Ø§Ø±Úˆ Ø§ÙˆØ± Ø¬Ø§Ù† Ù…ÛŒØ¦Ù†
     got: سوالبارڈ اور جان میئن
 ; [cca2=SJ].translations.urd.official
Expected: Ø³ÙˆØ§Ù„Ø¨Ø§Ø±Úˆ Ø§ÙˆØ± Ø¬Ø§Ù† Ù…ÛŒØ¦Ù†
     got: سوالبارڈ اور جان میئن
 ; [cca2=SJ].translations.zho.common
Expected: æ–¯ç“¦å°”å·´ç‰¹
     got: 斯瓦尔巴特
 ; [cca2=SJ].translations.zho.official
Expected: æ–¯ç“¦å°”å·´ç‰¹
     got: 斯瓦尔巴特
 ; [cca2=BY].altSpellings[]
Expected: BielaruÅ›
     but none found
 ; [cca2=BY].altSpellings[]
Expected: Ð‘ÐµÐ»Ð¾Ñ€ÑƒÑ�Ñ�Ð¸Ñ�
     but none found
 ; [cca2=BY].altSpellings[]
Expected: Ð ÐµÑ�Ð¿ÑƒÐ±Ð»Ð¸ÐºÐ° Ð‘ÐµÐ»Ð¾Ñ€ÑƒÑ�Ñ�Ð¸Ñ�
     but none found
 ; [cca2=BY].altSpellings[]
Unexpected: Bielaruś
 ; [cca2=BY].altSpellings[]
Unexpected: Республика Белоруссия
 ; [cca2=BY].altSpellings[]
Unexpected: Белоруссия
 ; [cca2=BY].demonyms.fra.f
Expected: BiÃ©lorusse
     got: Biélorusse
 ; [cca2=BY].demonyms.fra.m
Expected: BiÃ©lorusse
     got: Biélorusse
 ; [cca2=BY].flag
Expected: ðŸ‡§ðŸ‡¾
     got: 🇧🇾
 ; [cca2=BY].name.nativeName.bel.common
Expected: Ð‘ÐµÐ»Ð°Ñ€ÑƒÌ�Ñ�ÑŒ
     got: Белару́сь
 ; [cca2=BY].name.nativeName.bel.official
Expected: Ð Ñ�Ñ�Ð¿ÑƒÐ±Ð»Ñ–ÐºÐ° Ð‘ÐµÐ»Ð°Ñ€ÑƒÑ�ÑŒ
     got: Рэспубліка Беларусь
 ; [cca2=BY].name.nativeName.rus.common
Expected: Ð‘ÐµÐ»Ð°Ñ€ÑƒÑ�ÑŒ
     got: Беларусь
 ; [cca2=BY].name.nativeName.rus.official
Expected: Ð ÐµÑ�Ð¿ÑƒÐ±Ð»Ð¸ÐºÐ° Ð‘ÐµÐ»Ð°Ñ€ÑƒÑ�ÑŒ
     got: Республика Беларусь
 ; [cca2=BY].translations.ara.common
Expected: Ø¨ÙŠÙ„Ø§Ø±ÙˆØ³ÙŠØ§
     got: بيلاروسيا
 ; [cca2=BY].translations.ara.official
Expected: Ø¬Ù…Ù‡ÙˆØ±ÙŠØ© Ø¨ÙŠÙ„Ø§Ø±ÙˆØ³ÙŠØ§
     got: جمهورية بيلاروسيا
 ; [cca2=BY].translations.ces.common
Expected: BÄ›lorusko
     got: Bělorusko
 ; [cca2=BY].translations.ces.official
Expected: BÄ›loruskÃ¡ republika
     got: Běloruská republika
 ; [cca2=BY].translations.deu.common
Expected: WeiÃŸrussland
     got: Weißrussland
 ; [cca2=BY].translations.fin.common
Expected: Valko-VenÃ¤jÃ¤
     got: Valko-Venäjä
 ; [cca2=BY].translations.fin.official
Expected: Valko-VenÃ¤jÃ¤n tasavalta
     got: Valko-Venäjän tasavalta
 ; [cca2=BY].translations.fra.common
Expected: BiÃ©lorussie
     got: Biélorussie
 ; [cca2=BY].translations.fra.official
Expected: RÃ©publique de BiÃ©lorussie
     got: République de Biélorussie
 ; [cca2=BY].translations.hun.common
Expected: FehÃ©roroszorszÃ¡g
     got: Fehéroroszország
 ; [cca2=BY].translations.hun.official
Expected: FehÃ©rorosz KÃ¶ztÃ¡rsasÃ¡g
     got: Fehérorosz Köztársaság
 ; [cca2=BY].translations.jpn.common
Expected: ãƒ™ãƒ©ãƒ«ãƒ¼ã‚·
     got: ベラルーシ
 ; [cca2=BY].translations.jpn.official
Expected: ãƒ™ãƒ©ãƒ«ãƒ¼ã‚·å…±å’Œå›½
     got: ベラルーシ共和国
 ; [cca2=BY].translations.kor.common
Expected: ë²¨ë�¼ë£¨ìŠ¤
     got: 벨라루스
 ; [cca2=BY].translations.kor.official
Expected: ë²¨ë�¼ë£¨ìŠ¤ ê³µí™”êµ­
     got: 벨라루스 공화국
 ; [cca2=BY].translations.per.common
Expected: Ø¨Ù„Ø§Ø±ÙˆØ³
     got: بلاروس
 ; [cca2=BY].translations.per.official
Expected: Ø¬Ù…Ù‡ÙˆØ±ÛŒ Ø¨Ù„Ø§Ø±ÙˆØ³
     got: جمهوری بلاروس
 ; [cca2=BY].translations.pol.common
Expected: BiaÅ‚oruÅ›
     got: Białoruś
 ; [cca2=BY].translations.pol.official
Expected: Republika BiaÅ‚orusi
     got: Republika Białorusi
 ; [cca2=BY].translations.por.common
Expected: BielorÃºssia
     got: Bielorússia
 ; [cca2=BY].translations.por.official
Expected: RepÃºblica da BielorrÃºssia
     got: República da Bielorrússia
 ; [cca2=BY].translations.rus.common
Expected: Ð‘ÐµÐ»Ð°Ñ€ÑƒÑ�ÑŒ
     got: Беларусь
 ; [cca2=BY].translations.rus.official
Expected: Ð ÐµÑ�Ð¿ÑƒÐ±Ð»Ð¸ÐºÐ° Ð‘ÐµÐ»Ð°Ñ€ÑƒÑ�ÑŒ
     got: Республика Беларусь
 ; [cca2=BY].translations.slk.official
Expected: BieloruskÃ¡ republika
     got: Bieloruská republika
 ; [cca2=BY].translations.spa.official
Expected: RepÃºblica de BelarÃºs
     got: República de Belarús
 ; [cca2=BY].translations.srp.common
Expected: Ð‘ÐµÐ»Ð¾Ñ€ÑƒÑ�Ð¸Ñ˜Ð°
     got: Белорусија
 ; [cca2=BY].translations.srp.official
Expected: Ð ÐµÐ¿ÑƒÐ±Ð»Ð¸ÐºÐ° Ð‘ÐµÐ»Ð¾Ñ€ÑƒÑ�Ð¸Ñ˜Ð°
     got: Република Белорусија
 ; [cca2=BY].translations.urd.common
Expected: Ø¨ÛŒÙ„Ø§Ø±ÙˆØ³
     got: بیلاروس
 ; [cca2=BY].translations.urd.official
Expected: Ø¬Ù…Û�ÙˆØ±ÛŒÛ� Ø¨ÛŒÙ„Ø§Ø±ÙˆØ³
     got: جمہوریہ بیلاروس
 ; [cca2=BY].translations.zho.common
Expected: ç™½ä¿„ç½—æ–¯
     got: 白俄罗斯
 ; [cca2=BY].translations.zho.official
Expected: ç™½ä¿„ç½—æ–¯å…±å’Œå›½
     got: 白俄罗斯共和国
 ; [cca2=BZ].demonyms.fra.f
Expected: BÃ©lizienne
     got: Bélizienne
 ; [cca2=BZ].demonyms.fra.m
Expected: BÃ©lizien
     got: Bélizien
 ; [cca2=BZ].flag
Expected: ðŸ‡§ðŸ‡¿
     got: 🇧🇿
 ; [cca2=BZ].translations.ara.common
Expected: Ø¨Ù„ÙŠØ²
     got: بليز
 ; [cca2=BZ].translations.ara.official
Expected: Ø¨Ù„ÙŠØ²
     got: بليز
 ; [cca2=BZ].translations.cym.common
Expected: BelÃ®s
     got: Belîs
 ; [cca2=BZ].translations.cym.official
Expected: BelÃ®s
     got: Belîs
 ; [cca2=BZ].translations.jpn.common
Expected: ãƒ™ãƒªãƒ¼ã‚º
     got: ベリーズ
 ; [cca2=BZ].translations.jpn.official
Expected: ãƒ™ãƒªãƒ¼ã‚º
     got: ベリーズ
 ; [cca2=BZ].translations.kor.common
Expected: ë²¨ë¦¬ì¦ˆ
     got: 벨리즈
 ; [cca2=BZ].translations.kor.official
Expected: ë²¨ë¦¬ì¦ˆ
     got: 벨리즈
 ; [cca2=BZ].translations.per.common
Expected: Ø¨Ù„ÛŒØ²
     got: بلیز
 ; [cca2=BZ].translations.per.official
Expected: Ø¨Ù„ÛŒØ²
     got: بلیز
 ; [cca2=BZ].translations.rus.common
Expected: Ð‘ÐµÐ»Ð¸Ð·
     got: Белиз
 ; [cca2=BZ].translations.rus.official
Expected: Ð‘ÐµÐ»Ð¸Ð·
     got: Белиз
 ; [cca2=BZ].translations.srp.common
Expected: Ð‘ÐµÐ»Ð¸Ð·Ðµ
     got: Белизе
 ; [cca2=BZ].translations.srp.official
Expected: Ð‘ÐµÐ»Ð¸Ð·Ðµ
     got: Белизе
 ; [cca2=BZ].translations.urd.common
Expected: Ø¨ÛŒÙ„ÛŒØ²
     got: بیلیز
 ; [cca2=BZ].translations.urd.official
Expected: Ø¨ÛŒÙ„ÛŒØ²
     got: بیلیز
 ; [cca2=BZ].translations.zho.common
Expected: ä¼¯åˆ©å…¹
     got: 伯利兹
 ; [cca2=BZ].translations.zho.official
Expected: ä¼¯åˆ©å…¹
     got: 伯利兹
 ; [cca2=SK].altSpellings[]
Expected: SlovenskÃ¡ republika
     but none found
 ; [cca2=SK].altSpellings[]
Unexpected: Slovenská republika
 ; [cca2=SK].currencies.EUR.symbol
Expected: â‚¬
     got: €
 ; [cca2=SK].flag
Expected: ðŸ‡¸ðŸ‡°
     got: 🇸🇰
 ; [cca2=SK].name.nativeName.slk.official
Expected: SlovenskÃ¡ republika
     got: Slovenská republika
 ; [cca2=SK].translations.ara.common
Expected: Ø³Ù„ÙˆÙ�Ø§ÙƒÙŠØ§
     got: سلوفاكيا
 ; [cca2=SK].translations.ara.official
Expected: Ø¬Ù…Ù‡ÙˆØ±ÙŠØ© Ø³Ù„ÙˆÙ�Ø§ÙƒÙŠØ§
     got: جمهورية سلوفاكيا
 ; [cca2=SK].translations.ces.official
Expected: SlovenskÃ¡ republika
     got: Slovenská republika
 ; [cca2=SK].translations.fra.official
Expected: RÃ©publique slovaque
     got: République slovaque
 ; [cca2=SK].translations.hrv.common
Expected: SlovaÄ�ka
     got: Slovačka
 ; [cca2=SK].translations.hrv.official
Expected: slovaÄ�ka
     got: slovačka
 ; [cca2=SK].translations.hun.common
Expected: SzlovÃ¡kia
     got: Szlovákia
 ; [cca2=SK].translations.hun.official
Expected: SzlovÃ¡k KÃ¶ztÃ¡rsasÃ¡g
     got: Szlovák Köztársaság
 ; [cca2=SK].translations.jpn.common
Expected: ã‚¹ãƒ­ãƒ�ã‚­ã‚¢
     got: スロバキア
 ; [cca2=SK].translations.jpn.official
Expected: ã‚¹ãƒ­ãƒ�ã‚­ã‚¢å…±å’Œå›½
     got: スロバキア共和国
 ; [cca2=SK].translations.kor.common
Expected: ìŠ¬ë¡œë°”í‚¤ì•„
     got: 슬로바키아
 ; [cca2=SK].translations.kor.official
Expected: ìŠ¬ë¡œë°”í‚¤ì•„ ê³µí™”êµ­
     got: 슬로바키아 공화국
 ; [cca2=SK].translations.per.common
Expected: Ø§Ù�Ø³Ù„Ù�ÙˆØ§Ú©ÛŒ
     got: اِسلُواکی
 ; [cca2=SK].translations.per.official
Expected: Ø¬Ù…Ù‡ÙˆØ±ÛŒ Ø§Ø³Ù„ÙˆØ§Ú©ÛŒ
     got: جمهوری اسلواکی
 ; [cca2=SK].translations.pol.common
Expected: SÅ‚owacja
     got: Słowacja
 ; [cca2=SK].translations.pol.official
Expected: Republika SÅ‚owacka
     got: Republika Słowacka
 ; [cca2=SK].translations.por.common
Expected: EslovÃ¡quia
     got: Eslováquia
 ; [cca2=SK].translations.por.official
Expected: RepÃºblica Eslovaca
     got: República Eslovaca
 ; [cca2=SK].translations.rus.common
Expected: Ð¡Ð»Ð¾Ð²Ð°ÐºÐ¸Ñ�
     got: Словакия
 ; [cca2=SK].translations.rus.official
Expected: Ð¡Ð»Ð¾Ð²Ð°Ñ†ÐºÐ°Ñ� Ð ÐµÑ�Ð¿ÑƒÐ±Ð»Ð¸ÐºÐ°
     got: Словацкая Республика
 ; [cca2=SK].translations.slk.official
Expected: SlovenskÃ¡ republika
     got: Slovenská republika
 ; [cca2=SK].translations.spa.common
Expected: RepÃºblica Eslovaca
     got: República Eslovaca
 ; [cca2=SK].translations.spa.official
Expected: RepÃºblica Eslovaca
     got: República Eslovaca
 ; [cca2=SK].translations.srp.common
Expected: Ð¡Ð»Ð¾Ð²Ð°Ñ‡ÐºÐ°
     got: Словачка
 ; [cca2=SK].translations.srp.official
Expected: Ð¡Ð»Ð¾Ð²Ð°Ñ‡ÐºÐ° Ð ÐµÐ¿ÑƒÐ±Ð»Ð¸ÐºÐ°
     got: Словачка Република
 ; [cca2=SK].translations.urd.common
Expected: Ø³Ù„ÙˆÙˆØ§Ú©ÛŒÛ�
     got: سلوواکیہ
 ; [cca2=SK].translations.urd.official
Expected: Ø¬Ù…Û�ÙˆØ±ÛŒÛ� Ø³Ù„ÙˆÙˆØ§Ú©ÛŒÛ�
     got: جمہوریہ سلوواکیہ
 ; [cca2=SK].translations.zho.common
Expected: æ–¯æ´›ä¼�å…‹
     got: 斯洛伐克
 ; [cca2=SK].translations.zho.official
Expected: æ–¯æ´›ä¼�å…‹å…±å’Œå›½
     got: 斯洛伐克共和国
 ; [cca2=SL].flag
Expected: ðŸ‡¸ðŸ‡±
     got: 🇸🇱
 ; [cca2=SL].translations.ara.common
Expected: Ø³ÙŠØ±Ø§Ù„ÙŠÙˆÙ†
     got: سيراليون
 ; [cca2=SL].translations.ara.official
Expected: Ø¬Ù…Ù‡ÙˆØ±ÙŠØ© Ø³ÙŠØ±Ø§Ù„ÙŠÙˆÙ†
     got: جمهورية سيراليون
 ; [cca2=SL].translations.fra.official
Expected: RÃ©publique de Sierra Leone
     got: République de Sierra Leone
 ; [cca2=SL].translations.hun.official
Expected: Sierra Leone KÃ¶ztÃ¡rsasÃ¡g
     got: Sierra Leone Köztársaság
 ; [cca2=SL].translations.jpn.common
Expected: ã‚·ã‚¨ãƒ©ãƒ¬ã‚ªãƒ�
     got: シエラレオネ
 ; [cca2=SL].translations.jpn.official
Expected: ã‚·ã‚¨ãƒ©ãƒ¬ã‚ªãƒ�å…±å’Œå›½
     got: シエラレオネ共和国
 ; [cca2=SL].translations.kor.common
Expected: ì‹œì—�ë�¼ë¦¬ì˜¨
     got: 시에라리온
 ; [cca2=SL].translations.kor.official
Expected: ì‹œì—�ë�¼ë¦¬ì˜¨ ê³µí™”êµ­
     got: 시에라리온 공화국
 ; [cca2=SL].translations.per.common
Expected: Ø³ÛŒØ±Ø§Ù„Ø¦ÙˆÙ†
     got: سیرالئون
 ; [cca2=SL].translations.per.official
Expected: Ø¬Ù…Ù‡ÙˆØ±ÛŒ Ø³ÛŒØ±Ø§Ù„Ø¦ÙˆÙ†
     got: جمهوری سیرالئون
 ; [cca2=SL].translations.por.official
Expected: RepÃºblica da Serra Leoa
     got: República da Serra Leoa
 ; [cca2=SL].translations.rus.common
Expected: Ð¡ÑŒÐµÑ€Ñ€Ð°-Ð›ÐµÐ¾Ð½Ðµ
     got: Сьерра-Леоне
 ; [cca2=SL].translations.rus.official
Expected: Ð ÐµÑ�Ð¿ÑƒÐ±Ð»Ð¸ÐºÐ° Ð¡ÑŒÐµÑ€Ñ€Ð°-Ð›ÐµÐ¾Ð½Ðµ
     got: Республика Сьерра-Леоне
 ; [cca2=SL].translations.slk.official
Expected: SierraleonskÃ¡ republika
     got: Sierraleonská republika
 ; [cca2=SL].translations.spa.official
Expected: RepÃºblica de Sierra Leona
     got: República de Sierra Leona
 ; [cca2=SL].translations.srp.common
Expected: Ð¡Ð¸Ñ˜ÐµÑ€Ð° Ð›ÐµÐ¾Ð½Ðµ
     got: Сијера Леоне
 ; [cca2=SL].translations.srp.official
Expected: Ð ÐµÐ¿ÑƒÐ±Ð»Ð¸ÐºÐ° Ð¡Ð¸Ñ˜ÐµÑ€Ð° Ð›ÐµÐ¾Ð½Ðµ
     got: Република Сијера Леоне
 ; [cca2=SL].translations.urd.common
Expected: Ø³ÛŒØ±Ø§Ù„ÛŒÙˆÙ†
     got: سیرالیون
 ; [cca2=SL].translations.urd.official
Expected: Ø¬Ù…Û�ÙˆØ±ÛŒÛ� Ø³ÛŒØ±Ø§Ù„ÛŒÙˆÙ†
     got: جمہوریہ سیرالیون
 ; [cca2=SL].translations.zho.common
Expected: å¡žæ‹‰åˆ©æ˜‚
     got: 塞拉利昂
 ; [cca2=SL].translations.zho.official
Expected: å¡žæ‹‰åˆ©æ˜‚å…±å’Œå›½
     got: 塞拉利昂共和国
 ; [cca2=SM].currencies.EUR.symbol
Expected: â‚¬
     got: €
 ; [cca2=SM].flag
Expected: ðŸ‡¸ðŸ‡²
     got: 🇸🇲
 ; [cca2=SM].translations.ara.common
Expected: Ø³Ø§Ù† Ù…Ø§Ø±ÙŠÙ†Ùˆ
     got: سان مارينو
 ; [cca2=SM].translations.ara.official
Expected: Ø¬Ù…Ù‡ÙˆØ±ÙŠØ© Ø³Ø§Ù† Ù…Ø§Ø±ÙŠÙ†Ùˆ
     got: جمهورية سان مارينو
 ; [cca2=SM].translations.fra.official
Expected: RÃ©publique de Saint-Marin
     got: République de Saint-Marin
 ; [cca2=SM].translations.hrv.official
Expected: VeÄ‡ina Serene Republika San Marino
     got: Većina Serene Republika San Marino
 ; [cca2=SM].translations.hun.official
Expected: San Marino KÃ¶ztÃ¡rsasÃ¡g
     got: San Marino Köztársaság
 ; [cca2=SM].translations.jpn.common
Expected: ã‚µãƒ³ãƒžãƒªãƒŽ
     got: サンマリノ
 ; [cca2=SM].translations.jpn.official
Expected: ã‚µãƒ³ãƒžãƒªãƒŽã�®ã�»ã�¨ã‚“ã�©ã‚»ãƒªãƒ¼ãƒŒå…±å’Œå›½
     got: サンマリノのほとんどセリーヌ共和国
 ; [cca2=SM].translations.kor.common
Expected: ì‚°ë§ˆë¦¬ë…¸
     got: 산마리노
 ; [cca2=SM].translations.kor.official
Expected: ì‚°ë§ˆë¦¬ë…¸ ê³µí™”êµ­
     got: 산마리노 공화국
 ; [cca2=SM].translations.per.common
Expected: Ø³Ø§Ù† Ù…Ø§Ø±ÛŒÙ†Ùˆ
     got: سان مارینو
 ; [cca2=SM].translations.per.official
Expected: Ø¬Ù…Ù‡ÙˆØ±ÛŒ Ø³Ø§Ù† Ù…Ø§Ø±ÛŒÙ†Ùˆ
     got: جمهوری سان مارینو
 ; [cca2=SM].translations.por.official
Expected: SerenÃ­ssima RepÃºblica de San Marino
     got: Sereníssima República de San Marino
 ; [cca2=SM].translations.rus.common
Expected: Ð¡Ð°Ð½-ÐœÐ°Ñ€Ð¸Ð½Ð¾
     got: Сан-Марино
 ; [cca2=SM].translations.rus.official
Expected: Ð‘Ð¾Ð»ÑŒÑˆÐ¸Ð½Ñ�Ñ‚Ð²Ð¾ Serene Ð ÐµÑ�Ð¿ÑƒÐ±Ð»Ð¸ÐºÐ° Ð¡Ð°Ð½-ÐœÐ°Ñ€Ð¸Ð½Ð¾
     got: Большинство Serene Республика Сан-Марино
 ; [cca2=SM].translations.slk.common
Expected: San MarÃ­no
     got: San Maríno
 ; [cca2=SM].translations.slk.official
Expected: SanmarÃ­nska republika
     got: Sanmarínska republika
 ; [cca2=SM].translations.spa.official
Expected: SerenÃ­sima RepÃºblica de San Marino
     got: Serenísima República de San Marino
 ; [cca2=SM].translations.srp.common
Expected: Ð¡Ð°Ð½ ÐœÐ°Ñ€Ð¸Ð½Ð¾
     got: Сан Марино
 ; [cca2=SM].translations.srp.official
Expected: Ð�Ð°Ñ˜ÑƒÐ·Ð²Ð¸ÑˆÐµÐ½Ð¸Ñ˜Ð° Ð ÐµÐ¿ÑƒÐ±Ð»Ð¸ÐºÐ° Ð¡Ð°Ð½ ÐœÐ°Ñ€Ð¸Ð½Ð¾
     got: Најузвишенија Република Сан Марино
 ; [cca2=SM].translations.urd.common
Expected: Ø³Ø§Ù† Ù…Ø§Ø±ÛŒÙ†Ùˆ
     got: سان مارینو
 ; [cca2=SM].translations.urd.official
Expected: Ø¬Ù…Û�ÙˆØ±ÛŒÛ� Ø³Ø§Ù† Ù…Ø§Ø±ÛŒÙ†Ùˆ
     got: جمہوریہ سان مارینو
 ; [cca2=SM].translations.zho.common
Expected: åœ£é©¬åŠ›è¯º
     got: 圣马力诺
 ; [cca2=SM].translations.zho.official
Expected: åœ£é©¬åŠ›è¯ºå…±å’Œå›½
     got: 圣马力诺共和国
 ; [cca2=SN].altSpellings[]
Expected: RÃ©publique du SÃ©nÃ©gal
     but none found
 ; [cca2=SN].altSpellings[]
Unexpected: République du Sénégal
 ; [cca2=SN].demonyms.fra.f
Expected: SÃ©nÃ©galaise
     got: Sénégalaise
 ; [cca2=SN].demonyms.fra.m
Expected: SÃ©nÃ©galais
     got: Sénégalais
 ; [cca2=SN].flag
Expected: ðŸ‡¸ðŸ‡³
     got: 🇸🇳
 ; [cca2=SN].name.nativeName.fra.common
Expected: SÃ©nÃ©gal
     got: Sénégal
 ; [cca2=SN].name.nativeName.fra.official
Expected: RÃ©publique du SÃ©nÃ©gal
     got: République du Sénégal
 ; [cca2=SN].translations.ara.common
Expected: Ø§Ù„Ø³Ù†ØºØ§Ù„
     got: السنغال
 ; [cca2=SN].translations.ara.official
Expected: Ø¬Ù…Ù‡ÙˆØ±ÙŠØ© Ø§Ù„Ø³Ù†ØºØ§Ù„
     got: جمهورية السنغال
 ; [cca2=SN].translations.ces.official
Expected: SenegalskÃ¡ republika
     got: Senegalská republika
 ; [cca2=SN].translations.fra.common
Expected: SÃ©nÃ©gal
     got: Sénégal
 ; [cca2=SN].translations.fra.official
Expected: RÃ©publique du SÃ©nÃ©gal
     got: République du Sénégal
 ; [cca2=SN].translations.hun.common
Expected: SzenegÃ¡l
     got: Szenegál
 ; [cca2=SN].translations.hun.official
Expected: SzenegÃ¡li KÃ¶ztÃ¡rsasÃ¡g
     got: Szenegáli Köztársaság
 ; [cca2=SN].translations.jpn.common
Expected: ã‚»ãƒ�ã‚¬ãƒ«
     got: セネガル
 ; [cca2=SN].translations.jpn.official
Expected: ã‚»ãƒ�ã‚¬ãƒ«å…±å’Œå›½
     got: セネガル共和国
 ; [cca2=SN].translations.kor.common
Expected: ì„¸ë„¤ê°ˆ
     got: 세네갈
 ; [cca2=SN].translations.kor.official
Expected: ì„¸ë„¤ê°ˆ ê³µí™”êµ­
     got: 세네갈 공화국
 ; [cca2=SN].translations.per.common
Expected: Ø³Ù†Ú¯Ø§Ù„
     got: سنگال
 ; [cca2=SN].translations.per.official
Expected: Ø¬Ù…Ù‡ÙˆØ±ÛŒ Ø³Ù†Ú¯Ø§Ù„
     got: جمهوری سنگال
 ; [cca2=SN].translations.por.official
Expected: RepÃºblica do Senegal
     got: República do Senegal
 ; [cca2=SN].translations.rus.common
Expected: Ð¡ÐµÐ½ÐµÐ³Ð°Ð»
     got: Сенегал
 ; [cca2=SN].translations.rus.official
Expected: Ð ÐµÑ�Ð¿ÑƒÐ±Ð»Ð¸ÐºÐ° Ð¡ÐµÐ½ÐµÐ³Ð°Ð»
     got: Республика Сенегал
 ; [cca2=SN].translations.slk.official
Expected: SenegalskÃ¡ republika
     got: Senegalská republika
 ; [cca2=SN].translations.spa.official
Expected: RepÃºblica de Senegal
     got: República de Senegal
 ; [cca2=SN].translations.srp.common
Expected: Ð¡ÐµÐ½ÐµÐ³Ð°Ð»
     got: Сенегал
 ; [cca2=SN].translations.srp.official
Expected: Ð ÐµÐ¿ÑƒÐ±Ð»Ð¸ÐºÐ° Ð¡ÐµÐ½ÐµÐ³Ð°Ð»
     got: Република Сенегал
 ; [cca2=SN].translations.urd.common
Expected: Ø³ÛŒÙ†ÛŒÚ¯Ø§Ù„
     got: سینیگال
 ; [cca2=SN].translations.urd.official
Expected: Ø¬Ù…Û�ÙˆØ±ÛŒÛ� Ø³ÛŒÙ†ÛŒÚ¯Ø§Ù„
     got: جمہوریہ سینیگال
 ; [cca2=SN].translations.zho.common
Expected: å¡žå†…åŠ å°”
     got: 塞内加尔
 ; [cca2=SN].translations.zho.official
Expected: å¡žå†…åŠ å°”å…±å’Œå›½
     got: 塞内加尔共和国
 ; [cca2=SO].altSpellings[]
Expected: aá¹£-á¹¢Å«mÄ�l
     but none found
 ; [cca2=SO].altSpellings[]
Expected: JumhÅ«riyyat aá¹£-á¹¢Å«mÄ�l al-FiderÄ�liyya
     but none found
 ; [cca2=SO].altSpellings[]
Unexpected: aṣ-Ṣūmāl
 ; [cca2=SO].altSpellings[]
Unexpected: Jumhūriyyat aṣ-Ṣūmāl al-Fiderāliyya
 ; [cca2=SO].flag
Expected: ðŸ‡¸ðŸ‡´
     got: 🇸🇴
 ; [cca2=SO].name.nativeName.ara.common
Expected: Ø§Ù„ØµÙˆÙ…Ø§Ù„â€Žâ€Ž
     got: الصومال‎‎
 ; [cca2=SO].name.nativeName.ara.official
Expected: Ø¬Ù…Ù‡ÙˆØ±ÙŠØ© Ø§Ù„ØµÙˆÙ…Ø§Ù„â€Žâ€Ž
     got: جمهورية الصومال‎‎
 ; [cca2=SO].translations.ara.common
Expected: Ø§Ù„ØµÙˆÙ…Ø§Ù„
     got: الصومال
 ; [cca2=SO].translations.ara.official
Expected: Ø¬Ù…Ù‡ÙˆØ±ÙŠØ© Ø§Ù„ØµÙˆÙ…Ø§Ù„ Ø§Ù„Ù�ÙŠØ¯Ø±Ø§Ù„ÙŠØ©
     got: جمهورية الصومال الفيدرالية
 ; [cca2=SO].translations.ces.common
Expected: SomÃ¡lsko
     got: Somálsko
 ; [cca2=SO].translations.ces.official
Expected: SomÃ¡lskÃ¡ demokratickÃ¡ republika
     got: Somálská demokratická republika
 ; [cca2=SO].translations.fra.official
Expected: RÃ©publique fÃ©dÃ©rale de Somalie
     got: République fédérale de Somalie
 ; [cca2=SO].translations.hun.common
Expected: SzomÃ¡lia
     got: Szomália
 ; [cca2=SO].translations.hun.official
Expected: SzomÃ¡li SzÃ¶vetsÃ©gi KÃ¶ztÃ¡rsasÃ¡g
     got: Szomáli Szövetségi Köztársaság
 ; [cca2=SO].translations.jpn.common
Expected: ã‚½ãƒžãƒªã‚¢
     got: ソマリア
 ; [cca2=SO].translations.jpn.official
Expected: ã‚½ãƒžãƒªã‚¢é€£é‚¦å…±å’Œå›½
     got: ソマリア連邦共和国
 ; [cca2=SO].translations.kor.common
Expected: ì†Œë§�ë¦¬ì•„
     got: 소말리아
 ; [cca2=SO].translations.kor.official
Expected:  ì†Œë§�ë¦¬ì•„ ì—°ë°© ê³µí™”êµ­
     got:  소말리아 연방 공화국
 ; [cca2=SO].translations.nld.common
Expected: SomaliÃ«
     got: Somalië
 ; [cca2=SO].translations.nld.official
Expected: Federale Republiek SomaliÃ«
     got: Federale Republiek Somalië
 ; [cca2=SO].translations.per.common
Expected: Ø³ÙˆÙ…Ø§Ù„ÛŒ
     got: سومالی
 ; [cca2=SO].translations.per.official
Expected: Ø¬Ù…Ù‡ÙˆØ±ÛŒ Ù�Ø¯Ø±Ø§Ù„ Ø³ÙˆÙ…Ø§Ù„ÛŒ
     got: جمهوری فدرال سومالی
 ; [cca2=SO].translations.por.common
Expected: SomÃ¡lia
     got: Somália
 ; [cca2=SO].translations.por.official
Expected: RepÃºblica Federal da SomÃ¡lia
     got: República Federal da Somália
 ; [cca2=SO].translations.rus.common
Expected: Ð¡Ð¾Ð¼Ð°Ð»Ð¸
     got: Сомали
 ; [cca2=SO].translations.rus.official
Expected: Ð¤ÐµÐ´ÐµÑ€Ð°Ñ‚Ð¸Ð²Ð½Ð°Ñ� Ð ÐµÑ�Ð¿ÑƒÐ±Ð»Ð¸ÐºÐ° Ð¡Ð¾Ð¼Ð°Ð»Ð¸
     got: Федеративная Республика Сомали
 ; [cca2=SO].translations.slk.common
Expected: SomÃ¡lsko
     got: Somálsko
 ; [cca2=SO].translations.slk.official
Expected: SomÃ¡lska federatÃ­vna republika
     got: Somálska federatívna republika
 ; [cca2=SO].translations.spa.official
Expected: RepÃºblica Federal de Somalia
     got: República Federal de Somalia
 ; [cca2=SO].translations.srp.common
Expected: Ð¡Ð¾Ð¼Ð°Ð»Ð¸Ñ˜Ð°
     got: Сомалија
 ; [cca2=SO].translations.srp.official
Expected: Ð¡Ð°Ð²ÐµÐ·Ð½Ð° Ð ÐµÐ¿ÑƒÐ±Ð»Ð¸ÐºÐ° Ð¡Ð¾Ð¼Ð°Ð»Ð¸Ñ˜Ð°
     got: Савезна Република Сомалија
 ; [cca2=SO].translations.swe.official
Expected: FÃ¶rbundsrepubliken Somalia
     got: Förbundsrepubliken Somalia
 ; [cca2=SO].translations.urd.common
Expected: ØµÙˆÙ…Ø§Ù„ÛŒÛ�
     got: صومالیہ
 ; [cca2=SO].translations.urd.official
Expected: ÙˆÙ�Ø§Ù‚ÛŒ Ø¬Ù…Û�ÙˆØ±ÛŒÛ� ØµÙˆÙ…Ø§Ù„ÛŒÛ�
     got: وفاقی جمہوریہ صومالیہ
 ; [cca2=SO].translations.zho.common
Expected: ç´¢é©¬é‡Œ
     got: 索马里
 ; [cca2=SO].translations.zho.official
Expected: ç´¢é©¬é‡Œå…±å’Œå›½
     got: 索马里共和国
 ; [cca2=CA].flag
Expected: ðŸ‡¨ðŸ‡¦
     got: 🇨🇦
 ; [cca2=CA].translations.ara.common
Expected: ÙƒÙ†Ø¯Ø§
     got: كندا
 ; [cca2=CA].translations.ara.official
Expected: ÙƒÙ†Ø¯Ø§
     got: كندا
 ; [cca2=CA].translations.jpn.common
Expected: ã‚«ãƒŠãƒ€
     got: カナダ
 ; [cca2=CA].translations.jpn.official
Expected: ã‚«ãƒŠãƒ€
     got: カナダ
 ; [cca2=CA].translations.kor.common
Expected: ìº�ë‚˜ë‹¤
     got: 캐나다
 ; [cca2=CA].translations.kor.official
Expected: ìº�ë‚˜ë‹¤
     got: 캐나다
 ; [cca2=CA].translations.per.common
Expected: Ú©Ø§Ù†Ø§Ø¯Ø§
     got: کانادا
 ; [cca2=CA].translations.per.official
Expected: Ú©Ø§Ù†Ø§Ø¯Ø§
     got: کانادا
 ; [cca2=CA].translations.por.common
Expected: CanadÃ¡
     got: Canadá
 ; [cca2=CA].translations.por.official
Expected: CanadÃ¡
     got: Canadá
 ; [cca2=CA].translations.rus.common
Expected: ÐšÐ°Ð½Ð°Ð´Ð°
     got: Канада
 ; [cca2=CA].translations.rus.official
Expected: ÐšÐ°Ð½Ð°Ð´Ð°
     got: Канада
 ; [cca2=CA].translations.spa.common
Expected: CanadÃ¡
     got: Canadá
 ; [cca2=CA].translations.spa.official
Expected: CanadÃ¡
     got: Canadá
 ; [cca2=CA].translations.srp.common
Expected: ÐšÐ°Ð½Ð°Ð´Ð°
     got: Канада
 ; [cca2=CA].translations.srp.official
Expected: ÐšÐ°Ð½Ð°Ð´Ð°
     got: Канада
 ; [cca2=CA].translations.urd.common
Expected: Ú©ÛŒÙ†ÛŒÚˆØ§
     got: کینیڈا
 ; [cca2=CA].translations.urd.official
Expected: Ú©ÛŒÙ†ÛŒÚˆØ§
     got: کینیڈا
 ; [cca2=CA].translations.zho.common
Expected: åŠ æ‹¿å¤§
     got: 加拿大
 ; [cca2=CA].translations.zho.official
Expected: åŠ æ‹¿å¤§
     got: 加拿大
 ; [cca2=SR].flag
Expected: ðŸ‡¸ðŸ‡·
     got: 🇸🇷
 ; [cca2=SR].translations.ara.common
Expected: Ø³ÙˆØ±ÙŠÙ†Ø§Ù…
     got: سورينام
 ; [cca2=SR].translations.ara.official
Expected: Ø¬Ù…Ù‡ÙˆØ±ÙŠØ© Ø³ÙˆØ±ÙŠÙ†Ø§Ù…
     got: جمهورية سورينام
 ; [cca2=SR].translations.fra.official
Expected: RÃ©publique du Suriname
     got: République du Suriname
 ; [cca2=SR].translations.hun.official
Expected: Suriname KÃ¶ztÃ¡rsasÃ¡g
     got: Suriname Köztársaság
 ; [cca2=SR].translations.jpn.common
Expected: ã‚¹ãƒªãƒŠãƒ 
     got: スリナム
 ; [cca2=SR].translations.jpn.official
Expected: ã‚¹ãƒªãƒŠãƒ å…±å’Œå›½
     got: スリナム共和国
 ; [cca2=SR].translations.kor.common
Expected: ìˆ˜ë¦¬ë‚¨
     got: 수리남
 ; [cca2=SR].translations.kor.official
Expected: ìˆ˜ë¦¬ë‚¨ ê³µí™”êµ­
     got: 수리남 공화국
 ; [cca2=SR].translations.per.common
Expected: Ø³ÙˆØ±ÛŒÙ†Ø§Ù…
     got: سورینام
 ; [cca2=SR].translations.per.official
Expected: Ø¬Ù…Ù‡ÙˆØ±ÛŒ Ø³ÙˆØ±ÛŒÙ†Ø§Ù…
     got: جمهوری سورینام
 ; [cca2=SR].translations.por.official
Expected: RepÃºblica do Suriname
     got: República do Suriname
 ; [cca2=SR].translations.rus.common
Expected: Ð¡ÑƒÑ€Ð¸Ð½Ð°Ð¼
     got: Суринам
 ; [cca2=SR].translations.rus.official
Expected: Ð ÐµÑ�Ð¿ÑƒÐ±Ð»Ð¸ÐºÐ° Ð¡ÑƒÑ€Ð¸Ð½Ð°Ð¼
     got: Республика Суринам
 ; [cca2=SR].translations.slk.official
Expected: SurinamskÃ¡ republika
     got: Surinamská republika
 ; [cca2=SR].translations.spa.official
Expected: RepÃºblica de Suriname
     got: República de Suriname
 ; [cca2=SR].translations.srp.common
Expected: Ð¡ÑƒÑ€Ð¸Ð½Ð°Ð¼
     got: Суринам
 ; [cca2=SR].translations.srp.official
Expected: Ð ÐµÐ¿ÑƒÐ±Ð»Ð¸ÐºÐ° Ð¡ÑƒÑ€Ð¸Ð½Ð°Ð¼
     got: Република Суринам
 ; [cca2=SR].translations.urd.common
Expected: Ø³Ø±ÛŒÙ†Ø§Ù…
     got: سرینام
 ; [cca2=SR].translations.urd.official
Expected: Ø¬Ù…Û�ÙˆØ±ÛŒÛ� Ø³Ø±ÛŒÙ†Ø§Ù…
     got: جمہوریہ سرینام
 ; [cca2=SR].translations.zho.common
Expected: è‹�é‡Œå�—
     got: 苏里南
 ; [cca2=SR].translations.zho.official
Expected: è‹�é‡Œå�—å…±å’Œå›½
     got: 苏里南共和国
 ; [cca2=CC].flag
Expected: ðŸ‡¨ðŸ‡¨
     got: 🇨🇨
 ; [cca2=CC].translations.ara.common
Expected: Ø¬Ø²Ø± ÙƒÙˆÙƒÙˆØ³
     got: جزر كوكوس
 ; [cca2=CC].translations.ara.official
Expected: Ø¥Ù‚Ù„ÙŠÙ… Ø¬Ø²Ø± ÙƒÙˆÙƒÙˆØ³
     got: إقليم جزر كوكوس
 ; [cca2=CC].translations.ces.common
Expected: KokosovÃ© ostrovy
     got: Kokosové ostrovy
 ; [cca2=CC].translations.ces.official
Expected: KokosovÃ© ostrovy
     got: Kokosové ostrovy
 ; [cca2=CC].translations.fra.common
Expected: ÃŽles Cocos
     got: Îles Cocos
 ; [cca2=CC].translations.fra.official
Expected: Territoire des Ã®les Cocos (Keeling)
     got: Territoire des îles Cocos (Keeling)
 ; [cca2=CC].translations.hun.common
Expected: KÃ³kusz-szigetek
     got: Kókusz-szigetek
 ; [cca2=CC].translations.hun.official
Expected: KÃ³kusz-szigetek
     got: Kókusz-szigetek
 ; [cca2=CC].translations.jpn.common
Expected: ã‚³ã‚³ã‚¹ï¼ˆã‚­ãƒ¼ãƒªãƒ³ã‚°ï¼‰è«¸å³¶
     got: ココス（キーリング）諸島
 ; [cca2=CC].translations.jpn.official
Expected: ã‚³ã‚³ã‚¹è«¸å³¶ã�®é ˜åœŸ
     got: ココス諸島の領土
 ; [cca2=CC].translations.kor.common
Expected: ì½”ì½”ìŠ¤ ì œë�„
     got: 코코스 제도
 ; [cca2=CC].translations.kor.official
Expected: ì½”ì½”ìŠ¤ ì œë�„
     got: 코코스 제도
 ; [cca2=CC].translations.per.common
Expected: Ø¬Ø²Ø§ÛŒØ± Ú©ÙˆÚ©ÙˆØ³
     got: جزایر کوکوس
 ; [cca2=CC].translations.per.official
Expected: Ø¬Ø²Ø§ÛŒØ± Ú©ÙˆÚ©ÙˆØ³
     got: جزایر کوکوس
 ; [cca2=CC].translations.por.official
Expected: TerritÃ³rio dos Cocos (Keeling)
     got: Território dos Cocos (Keeling)
 ; [cca2=CC].translations.rus.common
Expected: ÐšÐ¾ÐºÐ¾Ñ�Ð¾Ð²Ñ‹Ðµ Ð¾Ñ�Ñ‚Ñ€Ð¾Ð²Ð°
     got: Кокосовые острова
 ; [cca2=CC].translations.rus.official
Expected: Ð¢ÐµÑ€Ñ€Ð¸Ñ‚Ð¾Ñ€Ð¸Ñ� ÐšÐ¾ÐºÐ¾Ñ�Ð¾Ð²Ñ‹Ðµ (ÐšÐ¸Ð»Ð¸Ð½Ð³) Ð¾Ñ�Ñ‚Ñ€Ð¾Ð²Ð°
     got: Территория Кокосовые (Килинг) острова
 ; [cca2=CC].translations.slk.common
Expected: KokosovÃ© ostrovy
     got: Kokosové ostrovy
 ; [cca2=CC].translations.slk.official
Expected: KokosovÃ© ostrovy
     got: Kokosové ostrovy
 ; [cca2=CC].translations.srp.common
Expected: ÐšÐ¾ÐºÐ¾Ñ�Ð¾Ð²Ð° ÐžÑ�Ñ‚Ñ€Ð²Ð°
     got: Кокосова Острва
 ; [cca2=CC].translations.srp.official
Expected: ÐšÐ¾ÐºÐ¾Ñ�Ð¾Ð²Ð° (ÐšÐ¸Ð»Ð¸Ð½Ð³) ÐžÑ�Ñ‚Ñ€Ð²Ð°
     got: Кокосова (Килинг) Острва
 ; [cca2=CC].translations.swe.common
Expected: KokosÃ¶arna
     got: Kokosöarna
 ; [cca2=CC].translations.swe.official
Expected: KokosÃ¶arna
     got: Kokosöarna
 ; [cca2=CC].translations.tur.common
Expected: Cocos (Keeling) AdalarÄ±
     got: Cocos (Keeling) Adaları
 ; [cca2=CC].translations.tur.official
Expected: Cocos (Keeling) AdalarÄ±
     got: Cocos (Keeling) Adaları
 ; [cca2=CC].translations.urd.common
Expected: Ø¬Ø²Ø§Ø¦Ø± Ú©ÙˆÚ©ÙˆØ³
     got: جزائر کوکوس
 ; [cca2=CC].translations.urd.official
Expected: Ø¬Ø²Ø§Ø¦Ø± (Ú©ÛŒÙ„Ù†Ú¯) Ú©ÙˆÚ©ÙˆØ³
     got: جزائر (کیلنگ) کوکوس
 ; [cca2=CC].translations.zho.common
Expected: ç§‘ç§‘æ–¯
     got: 科科斯
 ; [cca2=CC].translations.zho.official
Expected: ç§‘ç§‘æ–¯
     got: 科科斯
 ; [cca2=SS].currencies.SSP.symbol
Expected: Â£
     got: £
 ; [cca2=SS].flag
Expected: ðŸ‡¸ðŸ‡¸
     got: 🇸🇸
 ; [cca2=SS].translations.ara.common
Expected: Ø¬Ù†ÙˆØ¨ Ø§Ù„Ø³ÙˆØ¯Ø§Ù†
     got: جنوب السودان
 ; [cca2=SS].translations.ara.official
Expected: Ø¬Ù…Ù‡ÙˆØ±ÙŠØ© Ø¬Ù†ÙˆØ¨ Ø§Ù„Ø³ÙˆØ¯Ø§Ù†
     got: جمهورية جنوب السودان
 ; [cca2=SS].translations.ces.common
Expected: JiÅ¾nÃ­ SÃºdÃ¡n
     got: Jižní Súdán
 ; [cca2=SS].translations.ces.official
Expected: JihosÃºdÃ¡nskÃ¡ republika
     got: Jihosúdánská republika
 ; [cca2=SS].translations.deu.common
Expected: SÃ¼dsudan
     got: Südsudan
 ; [cca2=SS].translations.deu.official
Expected: Republik SÃ¼dsudan
     got: Republik Südsudan
 ; [cca2=SS].translations.est.common
Expected: LÃµuna-Sudaan
     got: Lõuna-Sudaan
 ; [cca2=SS].translations.est.official
Expected: LÃµuna-Sudaani Vabariik
     got: Lõuna-Sudaani Vabariik
 ; [cca2=SS].translations.fin.common
Expected: EtelÃ¤-Sudan
     got: Etelä-Sudan
 ; [cca2=SS].translations.fin.official
Expected: EtelÃ¤-Sudanin tasavalta
     got: Etelä-Sudanin tasavalta
 ; [cca2=SS].translations.fra.official
Expected: RÃ©publique du Soudan du Sud
     got: République du Soudan du Sud
 ; [cca2=SS].translations.hrv.common
Expected: JuÅ¾ni Sudan
     got: Južni Sudan
 ; [cca2=SS].translations.hrv.official
Expected: Republika JuÅ¾ni Sudan
     got: Republika Južni Sudan
 ; [cca2=SS].translations.hun.common
Expected: DÃ©l-SzudÃ¡n
     got: Dél-Szudán
 ; [cca2=SS].translations.hun.official
Expected: DÃ©l-szudÃ¡ni KÃ¶ztÃ¡rsasÃ¡g
     got: Dél-szudáni Köztársaság
 ; [cca2=SS].translations.jpn.common
Expected: å�—ã‚¹ãƒ¼ãƒ€ãƒ³
     got: 南スーダン
 ; [cca2=SS].translations.jpn.official
Expected: å�—ã‚¹ãƒ¼ãƒ€ãƒ³å…±å’Œå›½
     got: 南スーダン共和国
 ; [cca2=SS].translations.kor.common
Expected: ë‚¨ìˆ˜ë‹¨
     got: 남수단
 ; [cca2=SS].translations.kor.official
Expected: ë‚¨ìˆ˜ë‹¨ ê³µí™”êµ­
     got: 남수단 공화국
 ; [cca2=SS].translations.per.common
Expected: Ø³ÙˆØ¯Ø§Ù† Ø¬Ù†ÙˆØ¨ÛŒ
     got: سودان جنوبی
 ; [cca2=SS].translations.per.official
Expected: Ø¬Ù…Ù‡ÙˆØ±ÛŒ Ø³ÙˆØ¯Ø§Ù† Ø¬Ù†ÙˆØ¨ÛŒ
     got: جمهوری سودان جنوبی
 ; [cca2=SS].translations.por.common
Expected: SudÃ£o do Sul
     got: Sudão do Sul
 ; [cca2=SS].translations.por.official
Expected: RepÃºblica do SudÃ£o do Sul
     got: República do Sudão do Sul
 ; [cca2=SS].translations.rus.common
Expected: Ð®Ð¶Ð½Ñ‹Ð¹ Ð¡ÑƒÐ´Ð°Ð½
     got: Южный Судан
 ; [cca2=SS].translations.rus.official
Expected: Ð ÐµÑ�Ð¿ÑƒÐ±Ð»Ð¸ÐºÐ° Ð®Ð¶Ð½Ñ‹Ð¹ Ð¡ÑƒÐ´Ð°Ð½
     got: Республика Южный Судан
 ; [cca2=SS].translations.slk.common
Expected: JuÅ¾nÃ½ SudÃ¡n
     got: Južný Sudán
 ; [cca2=SS].translations.slk.official
Expected: JuhosudÃ¡nska republika
     got: Juhosudánska republika
 ; [cca2=SS].translations.spa.common
Expected: SudÃ¡n del Sur
     got: Sudán del Sur
 ; [cca2=SS].translations.spa.official
Expected: RepÃºblica de SudÃ¡n del Sur
     got: República de Sudán del Sur
 ; [cca2=SS].translations.srp.common
Expected: ÐˆÑƒÐ¶Ð½Ð¸ Ð¡ÑƒÐ´Ð°Ð½
     got: Јужни Судан
 ; [cca2=SS].translations.srp.official
Expected: Ð ÐµÐ¿ÑƒÐ±Ð»Ð¸ÐºÐ° ÐˆÑƒÐ¶Ð½Ð¸ Ð¡ÑƒÐ´Ð°Ð½
     got: Република Јужни Судан
 ; [cca2=SS].translations.tur.common
Expected: GÃ¼ney Sudan
     got: Güney Sudan
 ; [cca2=SS].translations.tur.official
Expected: GÃ¼ney Sudan Cumhuriyeti
     got: Güney Sudan Cumhuriyeti
 ; [cca2=SS].translations.urd.common
Expected: Ø¬Ù†ÙˆØ¨ÛŒ Ø³ÙˆÚˆØ§Ù†
     got: جنوبی سوڈان
 ; [cca2=SS].translations.urd.official
Expected: Ø¬Ù…Û�ÙˆØ±ÛŒÛ� Ø¬Ù†ÙˆØ¨ÛŒ Ø³ÙˆÚˆØ§Ù†
     got: جمہوریہ جنوبی سوڈان
 ; [cca2=SS].translations.zho.common
Expected: å�—è‹�ä¸¹
     got: 南苏丹
 ; [cca2=SS].translations.zho.official
Expected: å�—è‹�ä¸¹å…±å’Œå›½
     got: 南苏丹共和国
 ; [cca2=ST].altSpellings[]
Expected: RepÃºblica DemocrÃ¡tica de SÃ£o TomÃ© e PrÃ­ncipe
     but none found
 ; [cca2=ST].altSpellings[]
Expected: Democratic Republic of SÃ£o TomÃ© and PrÃ­ncipe
     but none found
 ; [cca2=ST].altSpellings[]
Unexpected: Democratic Republic of São Tomé and Príncipe
 ; [cca2=ST].altSpellings[]
Unexpected: República Democrática de São Tomé e Príncipe
 ; [cca2=ST].capital[]
Expected: SÃ£o TomÃ©
     but none found
 ; [cca2=ST].capital[]
Unexpected: São Tomé
 ; [cca2=ST].currencies.STN.name
Expected: SÃ£o TomÃ© and PrÃ­ncipe dobra
     got: São Tomé and Príncipe dobra
 ; [cca2=ST].demonyms.fra.f
Expected: SantomÃ©enne
     got: Santoméenne
 ; [cca2=ST].demonyms.fra.m
Expected: SantomÃ©en
     got: Santoméen
 ; [cca2=ST].flag
Expected: ðŸ‡¸ðŸ‡¹
     got: 🇸🇹
 ; [cca2=ST].name.common
Expected: SÃ£o TomÃ© and PrÃ­ncipe
     got: São Tomé and Príncipe
 ; [cca2=ST].name.nativeName.por.common
Expected: SÃ£o TomÃ© e PrÃ­ncipe
     got: São Tomé e Príncipe
 ; [cca2=ST].name.nativeName.por.official
Expected: RepÃºblica DemocrÃ¡tica do SÃ£o TomÃ© e PrÃ­ncipe
     got: República Democrática do São Tomé e Príncipe
 ; [cca2=ST].name.official
Expected: Democratic Republic of SÃ£o TomÃ© and PrÃ­ncipe
     got: Democratic Republic of São Tomé and Príncipe
 ; [cca2=ST].translations.ara.common
Expected: Ø³Ø§Ùˆ ØªÙˆÙ…ÙŠ ÙˆØ¨Ø±ÙŠÙ†Ø³ÙŠØ¨
     got: ساو تومي وبرينسيب
 ; [cca2=ST].translations.ara.official
Expected: Ø¬Ù…Ù‡ÙˆØ±ÙŠØ© Ø³Ø§Ùˆ ØªÙˆÙ…ÙŠ ÙˆØ¨Ø±ÙŠÙ†Ø³ÙŠØ¨ Ø§Ù„Ø¯ÙŠÙ…Ù‚Ø±Ø§Ø·ÙŠØ©
     got: جمهورية ساو تومي وبرينسيب الديمقراطية
 ; [cca2=ST].translations.bre.common
Expected: SÃ£o TomÃ© ha PrÃ­ncipe
     got: São Tomé ha Príncipe
 ; [cca2=ST].translations.bre.official
Expected: Republik Demokratel SÃ£o TomÃ© ha PrÃ­ncipe
     got: Republik Demokratel São Tomé ha Príncipe
 ; [cca2=ST].translations.ces.common
Expected: SvatÃ½ TomÃ¡Å¡ a PrincÅ¯v ostrov
     got: Svatý Tomáš a Princův ostrov
 ; [cca2=ST].translations.ces.official
Expected: DemokratickÃ¡ republika SvatÃ½ TomÃ¡Å¡ a PrincÅ¯v ostrov
     got: Demokratická republika Svatý Tomáš a Princův ostrov
 ; [cca2=ST].translations.cym.common
Expected: SÃ£o TomÃ© and PrÃ­ncipe
     got: São Tomé and Príncipe
 ; [cca2=ST].translations.cym.official
Expected: Democratic Republic of SÃ£o TomÃ© and PrÃ­ncipe
     got: Democratic Republic of São Tomé and Príncipe
 ; [cca2=ST].translations.deu.common
Expected: SÃ£o TomÃ© und PrÃ­ncipe
     got: São Tomé und Príncipe
 ; [cca2=ST].translations.deu.official
Expected: Demokratische Republik SÃ£o TomÃ© und PrÃ­ncipe
     got: Demokratische Republik São Tomé und Príncipe
 ; [cca2=ST].translations.est.common
Expected: SÃ£o TomÃ© ja PrÃ­ncipe
     got: São Tomé ja Príncipe
 ; [cca2=ST].translations.est.official
Expected: SÃ£o TomÃ© ja PrÃ­ncipe Demokraatlik Vabariik
     got: São Tomé ja Príncipe Demokraatlik Vabariik
 ; [cca2=ST].translations.fin.common
Expected: SÃ£o TÃ©me ja PrÃ­ncipe
     got: São Téme ja Príncipe
 ; [cca2=ST].translations.fin.official
Expected: SÃ£o TomÃ© ja PrÃ­ncipen demokraattinen tasavalta
     got: São Tomé ja Príncipen demokraattinen tasavalta
 ; [cca2=ST].translations.fra.common
Expected: SÃ£o TomÃ© et PrÃ­ncipe
     got: São Tomé et Príncipe
 ; [cca2=ST].translations.fra.official
Expected: RÃ©publique dÃ©mocratique de SÃ£o TomÃ© et PrÃ­ncipe
     got: République démocratique de São Tomé et Príncipe
 ; [cca2=ST].translations.hrv.official
Expected: Demokratska Republika SÃ£o Tome i Principe
     got: Demokratska Republika São Tome i Principe
 ; [cca2=ST].translations.hun.common
Expected: SÃ£o TomÃ© Ã©s PrÃ­ncipe
     got: São Tomé és Príncipe
 ; [cca2=ST].translations.hun.official
Expected: SÃ£o TomÃ© Ã©s PrÃ­ncipe Demokratikus KÃ¶ztÃ¡rsasÃ¡g
     got: São Tomé és Príncipe Demokratikus Köztársaság
 ; [cca2=ST].translations.ita.common
Expected: SÃ£o TomÃ© e PrÃ­ncipe
     got: São Tomé e Príncipe
 ; [cca2=ST].translations.ita.official
Expected: Repubblica democratica di SÃ£o TomÃ© e PrÃ­ncipe
     got: Repubblica democratica di São Tomé e Príncipe
 ; [cca2=ST].translations.jpn.common
Expected: ã‚µãƒ³ãƒˆãƒ¡ãƒ»ãƒ—ãƒªãƒ³ã‚·ãƒš
     got: サントメ・プリンシペ
 ; [cca2=ST].translations.jpn.official
Expected: ã‚µãƒ³ãƒˆãƒ¡Â·ãƒ—ãƒªãƒ³ã‚·ãƒšæ°‘ä¸»å…±å’Œå›½
     got: サントメ·プリンシペ民主共和国
 ; [cca2=ST].translations.kor.common
Expected: ìƒ�íˆ¬ë©” í”„ë¦°ì‹œíŽ˜
     got: 상투메 프린시페
 ; [cca2=ST].translations.kor.official
Expected: ìƒ�íˆ¬ë©” í”„ë¦°ì‹œíŽ˜ ë¯¼ì£¼ ê³µí™”êµ­
     got: 상투메 프린시페 민주 공화국
 ; [cca2=ST].translations.nld.common
Expected: Sao TomÃ© en Principe
     got: Sao Tomé en Principe
 ; [cca2=ST].translations.nld.official
Expected: Democratische Republiek Sao TomÃ© en Principe
     got: Democratische Republiek Sao Tomé en Principe
 ; [cca2=ST].translations.per.common
Expected: Ø³Ø§Ø¦ÙˆØªÙˆÙ…Ù‡ Ùˆ Ù¾Ø±Ù†Ø³ÛŒÙ¾
     got: سائوتومه و پرنسیپ
 ; [cca2=ST].translations.per.official
Expected: Ø¬Ù…Ù‡ÙˆØ±ÛŒ Ø¯Ù…ÙˆÚ©Ø±Ø§ØªÛŒÚ© Ø³Ø§Ø¦ÙˆØªÙˆÙ…Ù‡ Ùˆ Ù¾Ø±Ù†Ø³ÛŒÙ¾
     got: جمهوری دموکراتیک سائوتومه و پرنسیپ
 ; [cca2=ST].translations.pol.common
Expected: Wyspy ÅšwiÄ™tego Tomasza i KsiÄ…Å¼Ä™ca
     got: Wyspy Świętego Tomasza i Książęca
 ; [cca2=ST].translations.pol.official
Expected: Demokratyczna Republika Wysp ÅšwiÄ™tego Tomasza i KsiÄ…Å¼Ä™cej
     got: Demokratyczna Republika Wysp Świętego Tomasza i Książęcej
 ; [cca2=ST].translations.por.common
Expected: SÃ£o TomÃ© e PrÃ­ncipe
     got: São Tomé e Príncipe
 ; [cca2=ST].translations.por.official
Expected: RepÃºblica DemocrÃ¡tica de SÃ£o TomÃ© e PrÃ­ncipe
     got: República Democrática de São Tomé e Príncipe
 ; [cca2=ST].translations.rus.common
Expected: Ð¡Ð°Ð½-Ð¢Ð¾Ð¼Ðµ Ð¸ ÐŸÑ€Ð¸Ð½Ñ�Ð¸Ð¿Ð¸
     got: Сан-Томе и Принсипи
 ; [cca2=ST].translations.rus.official
Expected: Ð”ÐµÐ¼Ð¾ÐºÑ€Ð°Ñ‚Ð¸Ñ‡ÐµÑ�ÐºÐ°Ñ� Ð ÐµÑ�Ð¿ÑƒÐ±Ð»Ð¸ÐºÐ° Ð¡Ð°Ð½-Ð¢Ð¾Ð¼Ðµ Ð¸ ÐŸÑ€Ð¸Ð½Ñ�Ð¸Ð¿Ð¸
     got: Демократическая Республика Сан-Томе и Принсипи
 ; [cca2=ST].translations.slk.common
Expected: SvÃ¤tÃ½ TomÃ¡Å¡ a Princov ostrov
     got: Svätý Tomáš a Princov ostrov
 ; [cca2=ST].translations.slk.official
Expected: DemokratickÃ¡ republika SvÃ¤tÃ©ho TomÃ¡Å¡a A princovho ostrova
     got: Demokratická republika Svätého Tomáša A princovho ostrova
 ; [cca2=ST].translations.spa.common
Expected: Santo TomÃ© y PrÃ­ncipe
     got: Santo Tomé y Príncipe
 ; [cca2=ST].translations.spa.official
Expected: RepÃºblica DemocrÃ¡tica de Santo TomÃ© y PrÃ­ncipe
     got: República Democrática de Santo Tomé y Príncipe
 ; [cca2=ST].translations.srp.common
Expected: Ð¡Ð°Ð¾ Ð¢Ð¾Ð¼Ðµ Ð¸ ÐŸÑ€Ð¸Ð½Ñ�Ð¸Ð¿Ðµ
     got: Сао Томе и Принсипе
 ; [cca2=ST].translations.srp.official
Expected: Ð”ÐµÐ¼Ð¾ÐºÑ€Ð°Ñ‚Ñ�ÐºÐ° Ð ÐµÐ¿ÑƒÐ±Ð»Ð¸ÐºÐ° Ð¡Ð°Ð¾ Ð¢Ð¾Ð¼Ðµ Ð¸ ÐŸÑ€Ð¸Ð½Ñ�Ð¸Ð¿Ðµ
     got: Демократска Република Сао Томе и Принсипе
 ; [cca2=ST].translations.swe.common
Expected: SÃ£o TomÃ© och PrÃ­ncipe
     got: São Tomé och Príncipe
 ; [cca2=ST].translations.swe.official
Expected: Demokratiska republiken SÃ£o TomÃ© och PrÃ­ncipe
     got: Demokratiska republiken São Tomé och Príncipe
 ; [cca2=ST].translations.tur.common
Expected: SÃ£o TomÃ© ve PrÃ­ncipe
     got: São Tomé ve Príncipe
 ; [cca2=ST].translations.tur.official
Expected: SÃ£o TomÃ© ve PrÃ­ncipe Demokratik Cumhuriyeti
     got: São Tomé ve Príncipe Demokratik Cumhuriyeti
 ; [cca2=ST].translations.urd.common
Expected: Ø³Ø§Ø¤ Ù¹ÙˆÙ…Û’ Ùˆ Ù¾Ø±Ù†Ø³Ù¾Û’
     got: ساؤ ٹومے و پرنسپے
 ; [cca2=ST].translations.urd.official
Expected: Ø¬Ù…Û�ÙˆØ±ÛŒÛ� Ø³Ø§Ø¤ Ù¹ÙˆÙ…Û’ Ùˆ Ù¾Ø±Ù†Ø³Ù¾Û’
     got: جمہوریہ ساؤ ٹومے و پرنسپے
 ; [cca2=ST].translations.zho.common
Expected: åœ£å¤šç¾Žå’Œæ™®æž—è¥¿æ¯”
     got: 圣多美和普林西比
 ; [cca2=ST].translations.zho.official
Expected: åœ£å¤šç¾Žå’Œæ™®æž—è¥¿æ¯”æ°‘ä¸»å…±å’Œå›½
     got: 圣多美和普林西比民主共和国
 ; [cca2=CD].flag
Expected: ðŸ‡¨ðŸ‡©
     got: 🇨🇩
 ; [cca2=CD].name.nativeName.fra.official
Expected: RÃ©publique dÃ©mocratique du Congo
     got: République démocratique du Congo
 ; [cca2=CD].name.nativeName.lin.common
Expected: Republiki ya KongÃ³ Demokratiki
     got: Republiki ya Kongó Demokratiki
 ; [cca2=CD].name.nativeName.lin.official
Expected: Republiki ya KongÃ³ Demokratiki
     got: Republiki ya Kongó Demokratiki
 ; [cca2=CD].translations.ara.common
Expected: Ø§Ù„ÙƒÙˆÙ†ØºÙˆ
     got: الكونغو
 ; [cca2=CD].translations.ara.official
Expected: Ø¬Ù…Ù‡ÙˆØ±ÙŠØ© Ø§Ù„ÙƒÙˆÙ†ØºÙˆ Ø§Ù„Ø¯ÙŠÙ…Ù‚Ø±Ø§Ø·ÙŠØ©
     got: جمهورية الكونغو الديمقراطية
 ; [cca2=CD].translations.ces.official
Expected: DemokratickÃ¡ republika Kongo
     got: Demokratická republika Kongo
 ; [cca2=CD].translations.fra.common
Expected: Congo (RÃ©p. dÃ©m.)
     got: Congo (Rép. dém.)
 ; [cca2=CD].translations.fra.official
Expected: RÃ©publique dÃ©mocratique du Congo
     got: République démocratique du Congo
 ; [cca2=CD].translations.hun.common
Expected: KongÃ³i Demokratikus KÃ¶ztÃ¡rsasÃ¡g
     got: Kongói Demokratikus Köztársaság
 ; [cca2=CD].translations.hun.official
Expected: KongÃ³i Demokratikus KÃ¶ztÃ¡rsasÃ¡g
     got: Kongói Demokratikus Köztársaság
 ; [cca2=CD].translations.jpn.common
Expected: ã‚³ãƒ³ã‚´æ°‘ä¸»å…±å’Œå›½
     got: コンゴ民主共和国
 ; [cca2=CD].translations.jpn.official
Expected: ã‚³ãƒ³ã‚´æ°‘ä¸»å…±å’Œå›½
     got: コンゴ民主共和国
 ; [cca2=CD].translations.kor.common
Expected: ì½©ê³  ë¯¼ì£¼ ê³µí™”êµ­
     got: 콩고 민주 공화국
 ; [cca2=CD].translations.kor.official
Expected: ì½©ê³  ë¯¼ì£¼ ê³µí™”êµ­
     got: 콩고 민주 공화국
 ; [cca2=CD].translations.per.common
Expected: Ú©Ù†Ú¯Ùˆ Ø¯Ù…ÙˆÚ©Ø±Ø§ØªÛŒÚ©
     got: کنگو دموکراتیک
 ; [cca2=CD].translations.per.official
Expected: Ø¬Ù…Ù‡ÙˆØ±ÛŒ Ø¯Ù…ÙˆÚ©Ø±Ø§ØªÛŒÚ© Ú©Ù†Ú¯Ùˆ
     got: جمهوری دموکراتیک کنگو
 ; [cca2=CD].translations.por.common
Expected: RepÃºblica DemocrÃ¡tica do Congo
     got: República Democrática do Congo
 ; [cca2=CD].translations.por.official
Expected: RepÃºblica DemocrÃ¡tica do Congo
     got: República Democrática do Congo
 ; [cca2=CD].translations.rus.common
Expected: Ð”ÐµÐ¼Ð¾ÐºÑ€Ð°Ñ‚Ð¸Ñ‡ÐµÑ�ÐºÐ°Ñ� Ð ÐµÑ�Ð¿ÑƒÐ±Ð»Ð¸ÐºÐ° ÐšÐ¾Ð½Ð³Ð¾
     got: Демократическая Республика Конго
 ; [cca2=CD].translations.rus.official
Expected: Ð”ÐµÐ¼Ð¾ÐºÑ€Ð°Ñ‚Ð¸Ñ‡ÐµÑ�ÐºÐ°Ñ� Ð ÐµÑ�Ð¿ÑƒÐ±Ð»Ð¸ÐºÐ° ÐšÐ¾Ð½Ð³Ð¾
     got: Демократическая Республика Конго
 ; [cca2=CD].translations.slk.official
Expected: KonÅ¾skÃ¡ demokratickÃ¡ republika
     got: Konžská demokratická republika
 ; [cca2=CD].translations.spa.official
Expected: RepÃºblica DemocrÃ¡tica del Congo
     got: República Democrática del Congo
 ; [cca2=CD].translations.srp.common
Expected: Ð”Ð  ÐšÐ¾Ð½Ð³Ð¾
     got: ДР Конго
 ; [cca2=CD].translations.srp.official
Expected: Ð”ÐµÐ¼Ð¾ÐºÑ€Ð°Ñ‚Ñ�ÐºÐ° Ð ÐµÐ¿ÑƒÐ±Ð»Ð¸ÐºÐ° ÐšÐ¾Ð½Ð³Ð¾
     got: Демократска Република Конго
 ; [cca2=CD].translations.urd.common
Expected: Ú©Ø§Ù†Ú¯Ùˆ
     got: کانگو
 ; [cca2=CD].translations.urd.official
Expected: Ø¬Ù…Û�ÙˆØ±ÛŒ Ø¬Ù…Û�ÙˆØ±ÛŒÛ� Ú©Ø§Ù†Ú¯Ùˆ
     got: جمہوری جمہوریہ کانگو
 ; [cca2=CD].translations.zho.common
Expected: æ°‘ä¸»åˆšæžœ
     got: 民主刚果
 ; [cca2=CD].translations.zho.official
Expected: åˆšæžœæ°‘ä¸»å…±å’Œå›½
     got: 刚果民主共和国
 ; [cca2=SV].altSpellings[]
Expected: RepÃºblica de El Salvador
     but none found
 ; [cca2=SV].altSpellings[]
Unexpected: República de El Salvador
 ; [cca2=SV].flag
Expected: ðŸ‡¸ðŸ‡»
     got: 🇸🇻
 ; [cca2=SV].name.nativeName.spa.official
Expected: RepÃºblica de El Salvador
     got: República de El Salvador
 ; [cca2=SV].translations.ara.common
Expected: Ø§Ù„Ø³Ù„Ù�Ø§Ø¯ÙˆØ±
     got: السلفادور
 ; [cca2=SV].translations.ara.official
Expected: Ø¬Ù…Ù‡ÙˆØ±ÙŠØ© Ø§Ù„Ø³Ù„Ù�Ø§Ø¯ÙˆØ±
     got: جمهورية السلفادور
 ; [cca2=SV].translations.ces.official
Expected: SalvadorskÃ¡ republika
     got: Salvadorská republika
 ; [cca2=SV].translations.fra.official
Expected: RÃ©publique du Salvador
     got: République du Salvador
 ; [cca2=SV].translations.hun.official
Expected: Salvadori KÃ¶ztÃ¡rsasÃ¡g
     got: Salvadori Köztársaság
 ; [cca2=SV].translations.jpn.common
Expected: ã‚¨ãƒ«ã‚µãƒ«ãƒ�ãƒ‰ãƒ«
     got: エルサルバドル
 ; [cca2=SV].translations.jpn.official
Expected: ã‚¨ãƒ«ã‚µãƒ«ãƒ�ãƒ‰ãƒ«å…±å’Œå›½
     got: エルサルバドル共和国
 ; [cca2=SV].translations.kor.common
Expected: ì—˜ì‚´ë°”ë�„ë¥´
     got: 엘살바도르
 ; [cca2=SV].translations.kor.official
Expected: ì—˜ì‚´ë°”ë�„ë¥´ ê³µí™”êµ­
     got: 엘살바도르 공화국
 ; [cca2=SV].translations.per.common
Expected: Ø§Ù„Ø³Ø§Ù„ÙˆØ§Ø¯ÙˆØ±
     got: السالوادور
 ; [cca2=SV].translations.per.official
Expected: Ø¬Ù…Ù‡ÙˆØ±ÛŒ Ø§Ù„Ø³Ø§Ù„ÙˆØ§Ø¯ÙˆØ±
     got: جمهوری السالوادور
 ; [cca2=SV].translations.por.official
Expected: RepÃºblica de El Salvador
     got: República de El Salvador
 ; [cca2=SV].translations.rus.common
Expected: Ð¡Ð°Ð»ÑŒÐ²Ð°Ð´Ð¾Ñ€
     got: Сальвадор
 ; [cca2=SV].translations.rus.official
Expected: Ð ÐµÑ�Ð¿ÑƒÐ±Ð»Ð¸ÐºÐ° Ð­Ð»ÑŒ-Ð¡Ð°Ð»ÑŒÐ²Ð°Ð´Ð¾Ñ€
     got: Республика Эль-Сальвадор
 ; [cca2=SV].translations.slk.common
Expected: SalvÃ¡dor
     got: Salvádor
 ; [cca2=SV].translations.slk.official
Expected: SalvÃ¡dorskÃ¡ republika
     got: Salvádorská republika
 ; [cca2=SV].translations.spa.official
Expected: RepÃºblica de El Salvador
     got: República de El Salvador
 ; [cca2=SV].translations.srp.common
Expected: Ð¡Ð°Ð»Ð²Ð°Ð´Ð¾Ñ€
     got: Салвадор
 ; [cca2=SV].translations.srp.official
Expected: Ð ÐµÐ¿ÑƒÐ±Ð»Ð¸ÐºÐ° Ð•Ð» Ð¡Ð°Ð»Ð²Ð°Ð´Ð¾Ñ€
     got: Република Ел Салвадор
 ; [cca2=SV].translations.urd.common
Expected: Ø§ÛŒÙ„ Ø³ÛŒÙ„ÙˆØ§ÚˆÙˆØ±
     got: ایل سیلواڈور
 ; [cca2=SV].translations.urd.official
Expected: Ø¬Ù…Û�ÙˆØ±ÛŒÛ� Ø§ÛŒÙ„ Ø³ÛŒÙ„ÙˆØ§ÚˆÙˆØ±
     got: جمہوریہ ایل سیلواڈور
 ; [cca2=SV].translations.zho.common
Expected: è�¨å°”ç“¦å¤š
     got: 萨尔瓦多
 ; [cca2=SV].translations.zho.official
Expected: è�¨å°”ç“¦å¤šå…±å’Œå›½
     got: 萨尔瓦多共和国
 ; [cca2=CF].altSpellings[]
Expected: RÃ©publique centrafricaine
     but none found
 ; [cca2=CF].altSpellings[]
Unexpected: République centrafricaine
 ; [cca2=CF].flag
Expected: ðŸ‡¨ðŸ‡«
     got: 🇨🇫
 ; [cca2=CF].name.nativeName.fra.common
Expected: RÃ©publique centrafricaine
     got: République centrafricaine
 ; [cca2=CF].name.nativeName.fra.official
Expected: RÃ©publique centrafricaine
     got: République centrafricaine
 ; [cca2=CF].name.nativeName.sag.common
Expected: BÃªafrÃ®ka
     got: Bêafrîka
 ; [cca2=CF].name.nativeName.sag.official
Expected: KÃ¶dÃ¶rÃ¶sÃªse tÃ® BÃªafrÃ®ka
     got: Ködörösêse tî Bêafrîka
 ; [cca2=CF].translations.ara.common
Expected: Ø¬Ù…Ù‡ÙˆØ±ÙŠØ© Ø£Ù�Ø±ÙŠÙ‚ÙŠØ§ Ø§Ù„ÙˆØ³Ø·Ù‰
     got: جمهورية أفريقيا الوسطى
 ; [cca2=CF].translations.ara.official
Expected: Ø¬Ù…Ù‡ÙˆØ±ÙŠØ© Ø£Ù�Ø±ÙŠÙ‚ÙŠØ§ Ø§Ù„ÙˆØ³Ø·Ù‰
     got: جمهورية أفريقيا الوسطى
 ; [cca2=CF].translations.ces.common
Expected: StÅ™edoafrickÃ¡ republika
     got: Středoafrická republika
 ; [cca2=CF].translations.ces.official
Expected: StÅ™edoafrickÃ¡ republika
     got: Středoafrická republika
 ; [cca2=CF].translations.fra.common
Expected: RÃ©publique centrafricaine
     got: République centrafricaine
 ; [cca2=CF].translations.fra.official
Expected: RÃ©publique centrafricaine
     got: République centrafricaine
 ; [cca2=CF].translations.hrv.common
Expected: SrednjoafriÄ�ka Republika
     got: Srednjoafrička Republika
 ; [cca2=CF].translations.hrv.official
Expected: Centralna AfriÄ�ka Republika
     got: Centralna Afrička Republika
 ; [cca2=CF].translations.hun.common
Expected: KÃ¶zÃ©p-afrikai KÃ¶ztÃ¡rsasÃ¡g
     got: Közép-afrikai Köztársaság
 ; [cca2=CF].translations.hun.official
Expected: KÃ¶zÃ©p-afrikai KÃ¶ztÃ¡rsasÃ¡g
     got: Közép-afrikai Köztársaság
 ; [cca2=CF].translations.jpn.common
Expected: ä¸­å¤®ã‚¢ãƒ•ãƒªã‚«å…±å’Œå›½
     got: 中央アフリカ共和国
 ; [cca2=CF].translations.jpn.official
Expected: ä¸­å¤®ã‚¢ãƒ•ãƒªã‚«å…±å’Œå›½
     got: 中央アフリカ共和国
 ; [cca2=CF].translations.kor.common
Expected: ì¤‘ì•™ì•„í”„ë¦¬ì¹´ ê³µí™”êµ­
     got: 중앙아프리카 공화국
 ; [cca2=CF].translations.kor.official
Expected: ì¤‘ì•™ì•„í”„ë¦¬ì¹´ ê³µí™”êµ­
     got: 중앙아프리카 공화국
 ; [cca2=CF].translations.per.common
Expected: Ø¬Ù…Ù‡ÙˆØ±ÛŒ Ø¢Ù�Ø±ÛŒÙ‚Ø§ÛŒ Ù…Ø±Ú©Ø²ÛŒ
     got: جمهوری آفریقای مرکزی
 ; [cca2=CF].translations.per.official
Expected: Ø¬Ù…Ù‡ÙˆØ±ÛŒ Ø¢Ù�Ø±ÛŒÙ‚Ø§ÛŒ Ù…Ø±Ú©Ø²ÛŒ
     got: جمهوری آفریقای مرکزی
 ; [cca2=CF].translations.pol.common
Expected: Republika ÅšrodkowoafrykaÅ„ska
     got: Republika Środkowoafrykańska
 ; [cca2=CF].translations.pol.official
Expected: Republika ÅšrodkowoafrykaÅ„ska
     got: Republika Środkowoafrykańska
 ; [cca2=CF].translations.por.common
Expected: RepÃºblica Centro-Africana
     got: República Centro-Africana
 ; [cca2=CF].translations.por.official
Expected: RepÃºblica Centro-Africano
     got: República Centro-Africano
 ; [cca2=CF].translations.rus.common
Expected: Ð¦ÐµÐ½Ñ‚Ñ€Ð°Ð»ÑŒÐ½Ð¾Ð°Ñ„Ñ€Ð¸ÐºÐ°Ð½Ñ�ÐºÐ°Ñ� Ð ÐµÑ�Ð¿ÑƒÐ±Ð»Ð¸ÐºÐ°
     got: Центральноафриканская Республика
 ; [cca2=CF].translations.rus.official
Expected: Ð¦ÐµÐ½Ñ‚Ñ€Ð°Ð»ÑŒÐ½Ð¾-Ð�Ñ„Ñ€Ð¸ÐºÐ°Ð½Ñ�ÐºÐ°Ñ� Ð ÐµÑ�Ð¿ÑƒÐ±Ð»Ð¸ÐºÐ°
     got: Центрально-Африканская Республика
 ; [cca2=CF].translations.slk.common
Expected: StredoafrickÃ¡ republika
     got: Stredoafrická republika
 ; [cca2=CF].translations.slk.official
Expected: StredoafrickÃ¡ republika
     got: Stredoafrická republika
 ; [cca2=CF].translations.spa.common
Expected: RepÃºblica Centroafricana
     got: República Centroafricana
 ; [cca2=CF].translations.spa.official
Expected: RepÃºblica Centroafricana
     got: República Centroafricana
 ; [cca2=CF].translations.srp.common
Expected: Ð¦ÐµÐ½Ñ‚Ñ€Ð°Ð»Ð½Ð¾Ð°Ñ„Ñ€Ð¸Ñ‡ÐºÐ° Ð ÐµÐ¿ÑƒÐ±Ð»Ð¸ÐºÐ°
     got: Централноафричка Република
 ; [cca2=CF].translations.srp.official
Expected: Ð¦ÐµÐ½Ñ‚Ñ€Ð°Ð»Ð½Ð¾Ð°Ñ„Ñ€Ð¸Ñ‡ÐºÐ° Ð ÐµÐ¿ÑƒÐ±Ð»Ð¸ÐºÐ°
     got: Централноафричка Република
 ; [cca2=CF].translations.urd.common
Expected: ÙˆØ³Ø·ÛŒ Ø§Ù�Ø±ÛŒÙ‚ÛŒ Ø¬Ù…Û�ÙˆØ±ÛŒÛ�
     got: وسطی افریقی جمہوریہ
 ; [cca2=CF].translations.urd.official
Expected: ÙˆØ³Ø·ÛŒ Ø§Ù�Ø±ÛŒÙ‚ÛŒ Ø¬Ù…Û�ÙˆØ±ÛŒÛ�
     got: وسطی افریقی جمہوریہ
 ; [cca2=CF].translations.zho.common
Expected: ä¸­é�žå…±å’Œå›½
     got: 中非共和国
 ; [cca2=CF].translations.zho.official
Expected: ä¸­é�žå…±å’Œå›½
     got: 中非共和国
 ; [cca2=CG].flag
Expected: ðŸ‡¨ðŸ‡¬
     got: 🇨🇬
 ; [cca2=CG].name.nativeName.fra.common
Expected: RÃ©publique du Congo
     got: République du Congo
 ; [cca2=CG].name.nativeName.fra.official
Expected: RÃ©publique du Congo
     got: République du Congo
 ; [cca2=CG].name.nativeName.lin.common
Expected: RepublÃ­ki ya KongÃ³
     got: Republíki ya Kongó
 ; [cca2=CG].name.nativeName.lin.official
Expected: RepublÃ­ki ya KongÃ³
     got: Republíki ya Kongó
 ; [cca2=CG].translations.ara.common
Expected: Ø¬Ù…Ù‡ÙˆØ±ÙŠØ© Ø§Ù„ÙƒÙˆÙ†Ù�Ùˆ
     got: جمهورية الكونفو
 ; [cca2=CG].translations.ara.official
Expected: Ø¬Ù…Ù‡ÙˆØ±ÙŠØ© Ø§Ù„ÙƒÙˆÙ†ØºÙˆ
     got: جمهورية الكونغو
 ; [cca2=CG].translations.ces.official
Expected: KonÅ¾skÃ¡ republika
     got: Konžská republika
 ; [cca2=CG].translations.fra.official
Expected: RÃ©publique du Congo
     got: République du Congo
 ; [cca2=CG].translations.hun.common
Expected: KongÃ³i KÃ¶ztÃ¡rsasÃ¡g
     got: Kongói Köztársaság
 ; [cca2=CG].translations.hun.official
Expected: KongÃ³i KÃ¶ztÃ¡rsasÃ¡g
     got: Kongói Köztársaság
 ; [cca2=CG].translations.jpn.common
Expected: ã‚³ãƒ³ã‚´å…±å’Œå›½
     got: コンゴ共和国
 ; [cca2=CG].translations.jpn.official
Expected: ã‚³ãƒ³ã‚´å…±å’Œå›½
     got: コンゴ共和国
 ; [cca2=CG].translations.kor.common
Expected: ì½©ê³ 
     got: 콩고
 ; [cca2=CG].translations.kor.official
Expected: ì½©ê³ 
     got: 콩고
 ; [cca2=CG].translations.per.common
Expected: Ø¬Ù…Ù‡ÙˆØ±ÛŒ Ú©Ù�Ù†Ú¯Ùˆ
     got: جمهوری کُنگو
 ; [cca2=CG].translations.per.official
Expected: Ø¬Ù…Ù‡ÙˆØ±ÛŒ Ø¨Ø±Ø§Ø²Ø§ÙˆÛŒÙ„ Ú©Ù�Ù†Ú¯Ùˆ
     got: جمهوری برازاویل کُنگو
 ; [cca2=CG].translations.por.official
Expected: RepÃºblica do Congo
     got: República do Congo
 ; [cca2=CG].translations.rus.common
Expected: Ð ÐµÑ�Ð¿ÑƒÐ±Ð»Ð¸ÐºÐ° ÐšÐ¾Ð½Ð³Ð¾
     got: Республика Конго
 ; [cca2=CG].translations.rus.official
Expected: Ð ÐµÑ�Ð¿ÑƒÐ±Ð»Ð¸ÐºÐ° ÐšÐ¾Ð½Ð³Ð¾
     got: Республика Конго
 ; [cca2=CG].translations.slk.official
Expected: KonÅ¾skÃ¡ republika
     got: Konžská republika
 ; [cca2=CG].translations.spa.official
Expected: RepÃºblica del Congo
     got: República del Congo
 ; [cca2=CG].translations.srp.common
Expected: ÐšÐ¾Ð½Ð³Ð¾
     got: Конго
 ; [cca2=CG].translations.srp.official
Expected: Ð ÐµÐ¿ÑƒÐ±Ð»Ð¸ÐºÐ° ÐšÐ¾Ð½Ð³Ð¾
     got: Република Конго
 ; [cca2=CG].translations.urd.common
Expected: Ø¬Ù…Û�ÙˆØ±ÛŒÛ� Ú©Ø§Ù†Ú¯Ùˆ
     got: جمہوریہ کانگو
 ; [cca2=CG].translations.urd.official
Expected: Ø¬Ù…Û�ÙˆØ±ÛŒÛ� Ú©Ø§Ù†Ú¯Ùˆ
     got: جمہوریہ کانگو
 ; [cca2=CG].translations.zho.common
Expected: åˆšæžœ
     got: 刚果
 ; [cca2=CG].translations.zho.official
Expected: åˆšæžœå…±å’Œå›½
     got: 刚果共和国
 ; [cca2=CH].flag
Expected: ðŸ‡¨ðŸ‡­
     got: 🇨🇭
 ; [cca2=CH].name.nativeName.fra.official
Expected: ConfÃ©dÃ©ration suisse
     got: Confédération suisse
 ; [cca2=CH].translations.ara.common
Expected: Ø³ÙˆÙŠØ³Ø±Ø§
     got: سويسرا
 ; [cca2=CH].translations.ara.official
Expected: Ø§Ù„Ø§ØªØ­Ø§Ø¯ Ø§Ù„Ø³ÙˆÙŠØ³Ø±ÙŠ
     got: الاتحاد السويسري
 ; [cca2=CH].translations.ces.common
Expected: Å vÃ½carsko
     got: Švýcarsko
 ; [cca2=CH].translations.ces.official
Expected: Å vÃ½carskÃ¡ konfederace
     got: Švýcarská konfederace
 ; [cca2=CH].translations.est.common
Expected: Å veits
     got: Šveits
 ; [cca2=CH].translations.est.official
Expected: Å veitsi KonfÃ¶deratsioon
     got: Šveitsi Konföderatsioon
 ; [cca2=CH].translations.fra.official
Expected: ConfÃ©dÃ©ration suisse
     got: Confédération suisse
 ; [cca2=CH].translations.hrv.common
Expected: Å vicarska
     got: Švicarska
 ; [cca2=CH].translations.hrv.official
Expected: Å¡vicarska Konfederacija
     got: švicarska Konfederacija
 ; [cca2=CH].translations.hun.common
Expected: SvÃ¡jc
     got: Svájc
 ; [cca2=CH].translations.hun.official
Expected: SvÃ¡jc
     got: Svájc
 ; [cca2=CH].translations.jpn.common
Expected: ã‚¹ã‚¤ã‚¹
     got: スイス
 ; [cca2=CH].translations.jpn.official
Expected: ã‚¹ã‚¤ã‚¹é€£é‚¦
     got: スイス連邦
 ; [cca2=CH].translations.kor.common
Expected: ìŠ¤ìœ„ìŠ¤
     got: 스위스
 ; [cca2=CH].translations.kor.official
Expected: ìŠ¤ìœ„ìŠ¤ ì—°ë°©
     got: 스위스 연방
 ; [cca2=CH].translations.per.common
Expected: Ø³ÙˆØ¦ÛŒØ³
     got: سوئیس
 ; [cca2=CH].translations.per.official
Expected: Ú©Ù†Ù�Ø¯Ø±Ø§Ø³ÛŒÙˆÙ† Ø³ÙˆØ¦ÛŒØ³
     got: کنفدراسیون سوئیس
 ; [cca2=CH].translations.por.common
Expected: SuÃ­Ã§a
     got: Suíça
 ; [cca2=CH].translations.por.official
Expected: ConfederaÃ§Ã£o SuÃ­Ã§a
     got: Confederação Suíça
 ; [cca2=CH].translations.rus.common
Expected: Ð¨Ð²ÐµÐ¹Ñ†Ð°Ñ€Ð¸Ñ�
     got: Швейцария
 ; [cca2=CH].translations.rus.official
Expected: Ð¨Ð²ÐµÐ¹Ñ†Ð°Ñ€Ñ�ÐºÐ°Ñ� ÐšÐ¾Ð½Ñ„ÐµÐ´ÐµÑ€Ð°Ñ†Ð¸Ñ�
     got: Швейцарская Конфедерация
 ; [cca2=CH].translations.slk.common
Expected: Å vajÄ�iarsko
     got: Švajčiarsko
 ; [cca2=CH].translations.slk.official
Expected: Å vajÄ�iarska konfederÃ¡cia
     got: Švajčiarska konfederácia
 ; [cca2=CH].translations.spa.official
Expected: ConfederaciÃ³n Suiza
     got: Confederación Suiza
 ; [cca2=CH].translations.srp.common
Expected: Ð¨Ð²Ð°Ñ˜Ñ†Ð°Ñ€Ñ�ÐºÐ°
     got: Швајцарска
 ; [cca2=CH].translations.srp.official
Expected: Ð¨Ð²Ð°Ñ˜Ñ†Ð°Ñ€Ñ�ÐºÐ° ÐšÐ¾Ð½Ñ„ÐµÐ´ÐµÑ€Ð°Ñ†Ð¸Ñ˜Ð°
     got: Швајцарска Конфедерација
 ; [cca2=CH].translations.swe.official
Expected: Schweiziska edsfÃ¶rbundet
     got: Schweiziska edsförbundet
 ; [cca2=CH].translations.tur.common
Expected: Ä°sviÃ§re
     got: İsviçre
 ; [cca2=CH].translations.tur.official
Expected: Ä°sviÃ§re Konfederasyonu
     got: İsviçre Konfederasyonu
 ; [cca2=CH].translations.urd.common
Expected: Ø³ÙˆÛŒÙ¹Ø°Ø±Ù„ÛŒÙ†Úˆ
     got: سویٹذرلینڈ
 ; [cca2=CH].translations.urd.official
Expected: Ø³ÙˆØ¦ÛŒØ³  Ù…ØªØ­Ø¯Û�
     got: سوئیس  متحدہ
 ; [cca2=CH].translations.zho.common
Expected: ç‘žå£«
     got: 瑞士
 ; [cca2=CH].translations.zho.official
Expected: ç‘žå£«è�”é‚¦
     got: 瑞士联邦
 ; [cca2=SX].currencies.ANG.symbol
Expected: Æ’
     got: ƒ
 ; [cca2=SX].flag
Expected: ðŸ‡¸ðŸ‡½
     got: 🇸🇽
 ; [cca2=SX].translations.ara.common
Expected: Ø³ÙŠÙ†Øª Ù…Ø§Ø±ØªÙ†
     got: سينت مارتن
 ; [cca2=SX].translations.ara.official
Expected: Ø³ÙŠÙ†Øª Ù…Ø§Ø±ØªÙ†
     got: سينت مارتن
 ; [cca2=SX].translations.ces.common
Expected: SvatÃ½ Martin (Nizozemsko)
     got: Svatý Martin (Nizozemsko)
 ; [cca2=SX].translations.ces.official
Expected: SvatÃ½ Martin
     got: Svatý Martin
 ; [cca2=SX].translations.jpn.common
Expected: ã‚·ãƒ³ãƒˆãƒ»ãƒžãƒ¼ãƒ«ãƒ†ãƒ³
     got: シント・マールテン
 ; [cca2=SX].translations.jpn.official
Expected: ã‚·ãƒ³ãƒˆãƒžãƒ¼ãƒ«ãƒ†ãƒ³å³¶
     got: シントマールテン島
 ; [cca2=SX].translations.kor.common
Expected: ì‹ íŠ¸ë§ˆë¥´í„´
     got: 신트마르턴
 ; [cca2=SX].translations.kor.official
Expected: ì‹ íŠ¸ë§ˆë¥´í„´
     got: 신트마르턴
 ; [cca2=SX].translations.per.common
Expected: Ø³Ù† Ù…Ø§Ø±ØªÙ†
     got: سن مارتن
 ; [cca2=SX].translations.per.official
Expected: Ø³Ù† Ù…Ø§Ø±ØªÙ†
     got: سن مارتن
 ; [cca2=SX].translations.por.common
Expected: SÃ£o Martinho
     got: São Martinho
 ; [cca2=SX].translations.rus.common
Expected: Ð¡Ð¸Ð½Ñ‚-ÐœÐ°Ñ€Ñ‚ÐµÐ½
     got: Синт-Мартен
 ; [cca2=SX].translations.rus.official
Expected: Ð¡Ð¸Ð½Ñ‚-ÐœÐ°Ð°Ñ€Ñ‚ÐµÐ½
     got: Синт-Маартен
 ; [cca2=SX].translations.srp.common
Expected: Ð¡Ð²ÐµÑ‚Ð¸ ÐœÐ°Ñ€Ñ‚Ð¸Ð½
     got: Свети Мартин
 ; [cca2=SX].translations.srp.official
Expected: Ð¡Ð²ÐµÑ‚Ð¸ ÐœÐ°Ñ€Ñ‚Ð¸Ð½
     got: Свети Мартин
 ; [cca2=SX].translations.urd.common
Expected: Ø³Ù†Ù¹ Ù…Ø§Ø±Ù¹Ù†
     got: سنٹ مارٹن
 ; [cca2=SX].translations.urd.official
Expected: Ø³Ù†Ù¹ Ù…Ø§Ø±Ù¹Ù†
     got: سنٹ مارٹن
 ; [cca2=SX].translations.zho.common
Expected: åœ£é©¬ä¸�å²›
     got: 圣马丁岛
 ; [cca2=SX].translations.zho.official
Expected: åœ£é©¬ä¸�å²›
     got: 圣马丁岛
 ; [cca2=CI].altSpellings[]
Expected: RÃ©publique de CÃ´te d&apos;Ivoire
     but none found
 ; [cca2=CI].altSpellings[]
Expected: Republic of CÃ´te d&apos;Ivoire
     but none found
 ; [cca2=CI].altSpellings[]
Expected: CÃ´te d&apos;Ivoire
     but none found
 ; [cca2=CI].altSpellings[]
Unexpected: République de Côte d&apos;Ivoire
 ; [cca2=CI].altSpellings[]
Unexpected: Côte d&apos;Ivoire
 ; [cca2=CI].altSpellings[]
Unexpected: Republic of Côte d&apos;Ivoire
 ; [cca2=CI].flag
Expected: ðŸ‡¨ðŸ‡®
     got: 🇨🇮
 ; [cca2=CI].name.nativeName.fra.common
Expected: CÃ´te d&apos;Ivoire
     got: Côte d&apos;Ivoire
 ; [cca2=CI].name.nativeName.fra.official
Expected: RÃ©publique de CÃ´te d&apos;Ivoire
     got: République de Côte d&apos;Ivoire
 ; [cca2=CI].name.official
Expected: Republic of CÃ´te d&apos;Ivoire
     got: Republic of Côte d&apos;Ivoire
 ; [cca2=CI].translations.ara.common
Expected: Ø³Ø§Ø­Ù„ Ø§Ù„Ø¹Ø§Ø¬
     got: ساحل العاج
 ; [cca2=CI].translations.ara.official
Expected: Ø¬Ù…Ù‡ÙˆØ±ÙŠØ© Ø³Ø§Ø­Ù„ Ø§Ù„Ø¹Ø§Ø¬
     got: جمهورية ساحل العاج
 ; [cca2=CI].translations.ces.common
Expected: PobÅ™eÅ¾Ã­ slonoviny
     got: Pobřeží slonoviny
 ; [cca2=CI].translations.ces.official
Expected: Republika PobÅ™eÅ¾Ã­ slonoviny
     got: Republika Pobřeží slonoviny
 ; [cca2=CI].translations.cym.official
Expected: Republic of CÃ´te d&apos;Ivoire
     got: Republic of Côte d&apos;Ivoire
 ; [cca2=CI].translations.deu.common
Expected: ElfenbeinkÃ¼ste
     got: Elfenbeinküste
 ; [cca2=CI].translations.deu.official
Expected: Republik CÃ´te d&apos;Ivoire
     got: Republik Côte d&apos;Ivoire
 ; [cca2=CI].translations.est.official
Expected: CÃ´te dâ€™Ivoireâ€™i Vabariik
     got: Côte d’Ivoire’i Vabariik
 ; [cca2=CI].translations.fra.common
Expected: CÃ´te d&apos;Ivoire
     got: Côte d&apos;Ivoire
 ; [cca2=CI].translations.fra.official
Expected: RÃ©publique de CÃ´te d&apos; Ivoire
     got: République de Côte d&apos; Ivoire
 ; [cca2=CI].translations.hrv.official
Expected: Republika CÃ´te d&apos;Ivoire
     got: Republika Côte d&apos;Ivoire
 ; [cca2=CI].translations.hun.common
Expected: ElefÃ¡ntcsontpart
     got: Elefántcsontpart
 ; [cca2=CI].translations.hun.official
Expected: ElefÃ¡ntcsontparti KÃ¶ztÃ¡rsasÃ¡g
     got: Elefántcsontparti Köztársaság
 ; [cca2=CI].translations.jpn.common
Expected: ã‚³ãƒ¼ãƒˆã‚¸ãƒœãƒ¯ãƒ¼ãƒ«
     got: コートジボワール
 ; [cca2=CI].translations.jpn.official
Expected: ã‚³ãƒ¼ãƒˆã‚¸ãƒœãƒ¯ãƒ¼ãƒ«å…±å’Œå›½
     got: コートジボワール共和国
 ; [cca2=CI].translations.kor.common
Expected: ì½”íŠ¸ë””ë¶€ì•„ë¥´
     got: 코트디부아르
 ; [cca2=CI].translations.kor.official
Expected: ì½”íŠ¸ë””ë¶€ì•„ë¥´ ê³µí™”êµ­
     got: 코트디부아르 공화국
 ; [cca2=CI].translations.per.common
Expected: Ø³Ø§Ø­Ù„ Ø¹Ø§Ø¬
     got: ساحل عاج
 ; [cca2=CI].translations.per.official
Expected: Ø¬Ù…Ù‡ÙˆØ±ÛŒ Ø³Ø§Ø­Ù„ Ø¹Ø§Ø¬
     got: جمهوری ساحل عاج
 ; [cca2=CI].translations.pol.common
Expected: WybrzeÅ»e KoÅ›ci SÅ‚oniowej
     got: WybrzeŻe Kości Słoniowej
 ; [cca2=CI].translations.pol.official
Expected: Republika WybrzeÅ»a KoÅ›ci SÅ‚oniowej
     got: Republika WybrzeŻa Kości Słoniowej
 ; [cca2=CI].translations.por.official
Expected: RepÃºblica da CÃ´te d&apos;Ivoire
     got: República da Côte d&apos;Ivoire
 ; [cca2=CI].translations.rus.common
Expected: ÐšÐ¾Ñ‚-Ð´â€™Ð˜Ð²ÑƒÐ°Ñ€
     got: Кот-д’Ивуар
 ; [cca2=CI].translations.rus.official
Expected: Ð ÐµÑ�Ð¿ÑƒÐ±Ð»Ð¸ÐºÐ° ÐšÐ¾Ñ‚-Ð´&apos;Ð˜Ð²ÑƒÐ°Ñ€Ðµ
     got: Республика Кот-д&apos;Ивуаре
 ; [cca2=CI].translations.slk.common
Expected: PobrÅ¾ie Slonoviny
     got: Pobržie Slonoviny
 ; [cca2=CI].translations.slk.official
Expected: Republika PobreÅ¾ie Slonoviny
     got: Republika Pobrežie Slonoviny
 ; [cca2=CI].translations.spa.official
Expected: RepÃºblica de CÃ´te d&apos;Ivoire
     got: República de Côte d&apos;Ivoire
 ; [cca2=CI].translations.srp.common
Expected: ÐžÐ±Ð°Ð»Ð° Ð¡Ð»Ð¾Ð½Ð¾Ð²Ð°Ñ‡Ðµ
     got: Обала Слоноваче
 ; [cca2=CI].translations.srp.official
Expected: Ð ÐµÐ¿ÑƒÐ±Ð»Ð¸ÐºÐ° ÐžÐ±Ð°Ð»Ð° Ð¡Ð»Ð¾Ð½Ð¾Ð²Ð°Ñ‡Ðµ
     got: Република Обала Слоноваче
 ; [cca2=CI].translations.tur.common
Expected: FildiÅŸi Sahili
     got: Fildişi Sahili
 ; [cca2=CI].translations.tur.official
Expected: FildiÅŸi Sahili
     got: Fildişi Sahili
 ; [cca2=CI].translations.urd.common
Expected: Ø¢Ø¦ÛŒÙˆØ±ÛŒ Ú©ÙˆØ³Ù¹
     got: آئیوری کوسٹ
 ; [cca2=CI].translations.urd.official
Expected: Ø¬Ù…Û�ÙˆØ±ÛŒÛ� Ú©ÙˆØª Ø¯ÛŒÙˆØ§Øº
     got: جمہوریہ کوت دیواغ
 ; [cca2=CI].translations.zho.common
Expected: ç§‘ç‰¹è¿ªç“¦
     got: 科特迪瓦
 ; [cca2=CI].translations.zho.official
Expected: ç§‘ç‰¹è¿ªç“¦å…±å’Œå›½
     got: 科特迪瓦共和国
 ; [cca2=SY].altSpellings[]
Expected: Al-JumhÅ«rÄ«yah Al-Ê»ArabÄ«yah As-SÅ«rÄ«yah
     but none found
 ; [cca2=SY].altSpellings[]
Unexpected: Al-Jumhūrīyah Al-ʻArabīyah As-Sūrīyah
 ; [cca2=SY].currencies.SYP.symbol
Expected: Â£
     got: £
 ; [cca2=SY].flag
Expected: ðŸ‡¸ðŸ‡¾
     got: 🇸🇾
 ; [cca2=SY].name.nativeName.ara.common
Expected: Ø³ÙˆØ±ÙŠØ§
     got: سوريا
 ; [cca2=SY].name.nativeName.ara.official
Expected: Ø§Ù„Ø¬Ù…Ù‡ÙˆØ±ÙŠØ© Ø§Ù„Ø¹Ø±Ø¨ÙŠØ© Ø§Ù„Ø³ÙˆØ±ÙŠØ©
     got: الجمهورية العربية السورية
 ; [cca2=SY].tld[]
Expected: Ø³ÙˆØ±ÙŠØ§.
     but none found
 ; [cca2=SY].tld[]
Unexpected: سوريا.
 ; [cca2=SY].translations.ara.common
Expected: Ø³ÙˆØ±ÙŠØ§
     got: سوريا
 ; [cca2=SY].translations.ara.official
Expected: Ø§Ù„Ø¬Ù…Ù‡ÙˆØ±ÙŠØ© Ø§Ù„Ø¹Ø±Ø¨ÙŠØ© Ø§Ù„Ø³ÙˆØ±ÙŠØ©
     got: الجمهورية العربية السورية
 ; [cca2=SY].translations.ces.common
Expected: SÃ½rie
     got: Sýrie
 ; [cca2=SY].translations.ces.official
Expected: SyrskÃ¡ arabskÃ¡ republika
     got: Syrská arabská republika
 ; [cca2=SY].translations.est.common
Expected: SÃ¼Ã¼ria
     got: Süüria
 ; [cca2=SY].translations.est.official
Expected: SÃ¼Ã¼ria Araabia Vabariik
     got: Süüria Araabia Vabariik
 ; [cca2=SY].translations.fra.official
Expected: RÃ©publique arabe syrienne
     got: République arabe syrienne
 ; [cca2=SY].translations.hun.common
Expected: SzÃ­ria
     got: Szíria
 ; [cca2=SY].translations.hun.official
Expected: SzÃ­riai Arab KÃ¶ztÃ¡rsasÃ¡g
     got: Szíriai Arab Köztársaság
 ; [cca2=SY].translations.jpn.common
Expected: ã‚·ãƒªã‚¢ãƒ»ã‚¢ãƒ©ãƒ–å…±å’Œå›½
     got: シリア・アラブ共和国
 ; [cca2=SY].translations.jpn.official
Expected: ã‚·ãƒªã‚¢ã‚¢ãƒ©ãƒ–å…±å’Œå›½
     got: シリアアラブ共和国
 ; [cca2=SY].translations.kor.common
Expected: ì‹œë¦¬ì•„
     got: 시리아
 ; [cca2=SY].translations.kor.official
Expected: ì‹œë¦¬ì•„ ì•„ëž� ê³µí™”êµ­
     got: 시리아 아랍 공화국
 ; [cca2=SY].translations.nld.common
Expected: SyriÃ«
     got: Syrië
 ; [cca2=SY].translations.per.common
Expected: Ø³ÙˆØ±ÛŒÙ‡
     got: سوریه
 ; [cca2=SY].translations.per.official
Expected: Ø¬Ù…Ù‡ÙˆØ±ÛŒ Ø¹Ø±Ø¨ÛŒ Ø³ÙˆØ±ÛŒÙ‡
     got: جمهوری عربی سوریه
 ; [cca2=SY].translations.por.common
Expected: SÃ­ria
     got: Síria
 ; [cca2=SY].translations.por.official
Expected: RepÃºblica Ã�rabe SÃ­ria
     got: República Árabe Síria
 ; [cca2=SY].translations.rus.common
Expected: Ð¡Ð¸Ñ€Ð¸Ñ�
     got: Сирия
 ; [cca2=SY].translations.rus.official
Expected: Ð¡Ð¸Ñ€Ð¸Ð¹Ñ�ÐºÐ°Ñ� Ð�Ñ€Ð°Ð±Ñ�ÐºÐ°Ñ� Ð ÐµÑ�Ð¿ÑƒÐ±Ð»Ð¸ÐºÐ°
     got: Сирийская Арабская Республика
 ; [cca2=SY].translations.slk.common
Expected: SÃ½ria
     got: Sýria
 ; [cca2=SY].translations.slk.official
Expected: SÃ½rska arabskÃ¡ republika
     got: Sýrska arabská republika
 ; [cca2=SY].translations.spa.official
Expected: RepÃºblica Ã�rabe Siria
     got: República Árabe Siria
 ; [cca2=SY].translations.srp.common
Expected: Ð¡Ð¸Ñ€Ð¸Ñ˜Ð°
     got: Сирија
 ; [cca2=SY].translations.srp.official
Expected: Ð¡Ð¸Ñ€Ð¸Ñ˜Ñ�ÐºÐ° Ð�Ñ€Ð°Ð¿Ñ�ÐºÐ° Ð ÐµÐ¿ÑƒÐ±Ð»Ð¸ÐºÐ°
     got: Сиријска Арапска Република
 ; [cca2=SY].translations.urd.common
Expected: Ø³ÙˆØ±ÛŒÛ�
     got: سوریہ
 ; [cca2=SY].translations.urd.official
Expected: Ø¹Ø±Ø¨ Ø¬Ù…Û�ÙˆØ±ÛŒÛ� Ø³ÙˆØ±ÛŒÛ�
     got: عرب جمہوریہ سوریہ
 ; [cca2=SY].translations.zho.common
Expected: å�™åˆ©äºš
     got: 叙利亚
 ; [cca2=SY].translations.zho.official
Expected: å�™åˆ©äºšé˜¿æ‹‰ä¼¯å…±å’Œå›½
     got: 叙利亚阿拉伯共和国
 ; [cca2=SZ].flag
Expected: ðŸ‡¸ðŸ‡¿
     got: 🇸🇿
 ; [cca2=SZ].flags.alt
Expected: The flag of Eswatini is composed of three horizontal bands â€” a large central yellow-edged red band, and a light blue band above and beneath the red band. The red band is three times the height of the blue bands and bears a centered emblem made up of a large black and white Nguni shield covering two spears and a staff decorated with feather tassels, all placed horizontally.
     got: The flag of Eswatini is composed of three horizontal bands — a large central yellow-edged red band, and a light blue band above and beneath the red band. The red band is three times the height of the blue bands and bears a centered emblem made up of a large black and white Nguni shield covering two spears and a staff decorated with feather tassels, all placed horizontally.
 ; [cca2=SZ].translations.ara.common
Expected: Ø¥Ø³ÙˆØ§ØªÙŠÙ†ÙŠ
     got: إسواتيني
 ; [cca2=SZ].translations.ara.official
Expected: Ù…Ù…Ù„ÙƒØ© Ø¥Ø³ÙˆØ§ØªÙŠÙ†ÙŠ
     got: مملكة إسواتيني
 ; [cca2=SZ].translations.ces.official
Expected: SvazijskÃ© krÃ¡lovstvÃ­
     got: Svazijské království
 ; [cca2=SZ].translations.deu.official
Expected: KÃ¶nigreich Eswatini
     got: Königreich Eswatini
 ; [cca2=SZ].translations.fra.official
Expected: Royaume dâ€™Eswatini
     got: Royaume d’Eswatini
 ; [cca2=SZ].translations.hun.common
Expected: SzvÃ¡zifÃ¶ld
     got: Szváziföld
 ; [cca2=SZ].translations.hun.official
Expected: SzvÃ¡zifÃ¶ldi KirÃ¡lysÃ¡g
     got: Szváziföldi Királyság
 ; [cca2=SZ].translations.jpn.common
Expected: ã‚¹ãƒ¯ã‚¸ãƒ©ãƒ³ãƒ‰
     got: スワジランド
 ; [cca2=SZ].translations.jpn.official
Expected: ã‚¹ãƒ¯ã‚¸ãƒ©ãƒ³ãƒ‰çŽ‹å›½
     got: スワジランド王国
 ; [cca2=SZ].translations.kor.common
Expected: ì—�ìŠ¤ì™€í‹°ë‹ˆ
     got: 에스와티니
 ; [cca2=SZ].translations.kor.official
Expected: ì—�ìŠ¤ì™€í‹°ë‹ˆ ì™•êµ­
     got: 에스와티니 왕국
 ; [cca2=SZ].translations.per.common
Expected: Ø§Ø³ÙˆØ§ØªÛŒÙ†ÛŒ
     got: اسواتینی
 ; [cca2=SZ].translations.per.official
Expected: Ù¾Ø§Ø¯Ø´Ø§Ù‡ÛŒ Ø³ÙˆØ§Ø²ÛŒÙ„Ù†Ø¯
     got: پادشاهی سوازیلند
 ; [cca2=SZ].translations.pol.official
Expected: KrÃ³lestwo Suazi
     got: Królestwo Suazi
 ; [cca2=SZ].translations.por.common
Expected: SuazilÃ¢ndia
     got: Suazilândia
 ; [cca2=SZ].translations.rus.common
Expected: Ð¡Ð²Ð°Ð·Ð¸Ð»ÐµÐ½Ð´
     got: Свазиленд
 ; [cca2=SZ].translations.rus.official
Expected: ÐšÐ¾Ñ€Ð¾Ð»ÐµÐ²Ñ�Ñ‚Ð²Ð¾ Ð¡Ð²Ð°Ð·Ð¸Ð»ÐµÐ½Ð´
     got: Королевство Свазиленд
 ; [cca2=SZ].translations.slk.official
Expected: SvazijskÃ© krÃ¡Ä¾ovstvo
     got: Svazijské kráľovstvo
 ; [cca2=SZ].translations.srp.common
Expected: Ð•Ñ�Ð²Ð°Ñ‚Ð¸Ð½Ð¸
     got: Есватини
 ; [cca2=SZ].translations.srp.official
Expected: ÐšÑ€Ð°Ñ™ÐµÐ²Ð¸Ð½Ð° Ð•Ñ�Ð²Ð°Ñ‚Ð¸Ð½Ð¸
     got: Краљевина Есватини
 ; [cca2=SZ].translations.tur.official
Expected: Esvatini KrallÄ±ÄŸÄ±
     got: Esvatini Krallığı
 ; [cca2=SZ].translations.urd.common
Expected: Ø³ÙˆØ§Ø²ÛŒ Ù„ÛŒÙ†Úˆ
     got: سوازی لینڈ
 ; [cca2=SZ].translations.urd.official
Expected: Ù…Ù…Ù„Ú©ØªÙ� Ø³ÙˆØ§Ø²ÛŒ Ù„ÛŒÙ†Úˆ
     got: مملکتِ سوازی لینڈ
 ; [cca2=SZ].translations.zho.common
Expected: æ–¯å¨�å£«å…°
     got: 斯威士兰
 ; [cca2=SZ].translations.zho.official
Expected: æ–¯å¨�å£«å…°çŽ‹å›½
     got: 斯威士兰王国
 ; [cca2=CK].altSpellings[]
Expected: KÅ«ki &apos;Ä€irani
     but none found
 ; [cca2=CK].altSpellings[]
Unexpected: Kūki &apos;Āirani
 ; [cca2=CK].flag
Expected: ðŸ‡¨ðŸ‡°
     got: 🇨🇰
 ; [cca2=CK].languages.rar
Expected: Cook Islands MÄ�ori
     got: Cook Islands Māori
 ; [cca2=CK].name.nativeName.rar.common
Expected: KÅ«ki &apos;Ä€irani
     got: Kūki &apos;Āirani
 ; [cca2=CK].name.nativeName.rar.official
Expected: KÅ«ki &apos;Ä€irani
     got: Kūki &apos;Āirani
 ; [cca2=CK].translations.ara.common
Expected: Ø¬Ø²Ø± ÙƒÙˆÙƒ
     got: جزر كوك
 ; [cca2=CK].translations.ara.official
Expected: Ø¬Ø²Ø± ÙƒÙˆÙƒ
     got: جزر كوك
 ; [cca2=CK].translations.fra.common
Expected: ÃŽles Cook
     got: Îles Cook
 ; [cca2=CK].translations.fra.official
Expected: ÃŽles Cook
     got: Îles Cook
 ; [cca2=CK].translations.hrv.common
Expected: Cookovo OtoÄ�je
     got: Cookovo Otočje
 ; [cca2=CK].translations.jpn.common
Expected: ã‚¯ãƒƒã‚¯è«¸å³¶
     got: クック諸島
 ; [cca2=CK].translations.jpn.official
Expected: ã‚¯ãƒƒã‚¯è«¸å³¶
     got: クック諸島
 ; [cca2=CK].translations.kor.common
Expected: ì¿¡ ì œë�„
     got: 쿡 제도
 ; [cca2=CK].translations.kor.official
Expected: ì¿¡ ì œë�„
     got: 쿡 제도
 ; [cca2=CK].translations.per.common
Expected: Ø¬Ø²Ø§ÛŒØ± Ú©ÙˆÚ©
     got: جزایر کوک
 ; [cca2=CK].translations.per.official
Expected: Ø¬Ø²Ø§ÛŒØ± Ú©ÙˆÚ©
     got: جزایر کوک
 ; [cca2=CK].translations.rus.common
Expected: ÐžÑ�Ñ‚Ñ€Ð¾Ð²Ð° ÐšÑƒÐºÐ°
     got: Острова Кука
 ; [cca2=CK].translations.rus.official
Expected: Ð¾Ñ�Ñ‚Ñ€Ð¾Ð²Ð° ÐšÑƒÐºÐ°
     got: острова Кука
 ; [cca2=CK].translations.srp.common
Expected: ÐšÑƒÐºÐ¾Ð²Ð° ÐžÑ�Ñ‚Ñ€Ð²Ð°
     got: Кукова Острва
 ; [cca2=CK].translations.srp.official
Expected: ÐšÑƒÐºÐ¾Ð²Ð° ÐžÑ�Ñ‚Ñ€Ð²Ð°
     got: Кукова Острва
 ; [cca2=CK].translations.swe.common
Expected: CookÃ¶arna
     got: Cooköarna
 ; [cca2=CK].translations.swe.official
Expected: CookÃ¶arna
     got: Cooköarna
 ; [cca2=CK].translations.tur.common
Expected: Cook AdalarÄ±
     got: Cook Adaları
 ; [cca2=CK].translations.tur.official
Expected: Cook AdalarÄ±
     got: Cook Adaları
 ; [cca2=CK].translations.urd.common
Expected: Ø¬Ø²Ø§Ø¦Ø± Ú©Ú©
     got: جزائر کک
 ; [cca2=CK].translations.urd.official
Expected: Ø¬Ø²Ø§Ø¦Ø± Ú©Ú©
     got: جزائر کک
 ; [cca2=CK].translations.zho.common
Expected: åº“å…‹ç¾¤å²›
     got: 库克群岛
 ; [cca2=CK].translations.zho.official
Expected: åº“å…‹ç¾¤å²›
     got: 库克群岛
 ; [cca2=CL].altSpellings[]
Expected: RepÃºblica de Chile
     but none found
 ; [cca2=CL].altSpellings[]
Unexpected: República de Chile
 ; [cca2=CL].flag
Expected: ðŸ‡¨ðŸ‡±
     got: 🇨🇱
 ; [cca2=CL].name.nativeName.spa.official
Expected: RepÃºblica de Chile
     got: República de Chile
 ; [cca2=CL].translations.ara.common
Expected: ØªØ´ÙŠÙ„ÙŠ
     got: تشيلي
 ; [cca2=CL].translations.ara.official
Expected: Ø¬Ù…Ù‡ÙˆØ±ÙŠØ© ØªØ´ÙŠÙ„ÙŠ
     got: جمهورية تشيلي
 ; [cca2=CL].translations.ces.official
Expected: ChilskÃ¡ republika
     got: Chilská republika
 ; [cca2=CL].translations.est.common
Expected: TÅ¡iili
     got: Tšiili
 ; [cca2=CL].translations.est.official
Expected: TÅ¡iili Vabariik
     got: Tšiili Vabariik
 ; [cca2=CL].translations.fra.official
Expected: RÃ©publique du Chili
     got: République du Chili
 ; [cca2=CL].translations.hrv.common
Expected: ÄŒile
     got: Čile
 ; [cca2=CL].translations.hrv.official
Expected: Republika ÄŒile
     got: Republika Čile
 ; [cca2=CL].translations.hun.official
Expected: Chilei KÃ¶ztÃ¡rsasÃ¡g
     got: Chilei Köztársaság
 ; [cca2=CL].translations.jpn.common
Expected: ãƒ�ãƒª
     got: チリ
 ; [cca2=CL].translations.jpn.official
Expected: ãƒ�ãƒªå…±å’Œå›½
     got: チリ共和国
 ; [cca2=CL].translations.kor.common
Expected: ì¹ ë ˆ
     got: 칠레
 ; [cca2=CL].translations.kor.official
Expected: ì¹ ë ˆ ê³µí™”êµ­
     got: 칠레 공화국
 ; [cca2=CL].translations.per.common
Expected: Ø´ÛŒÙ„ÛŒ
     got: شیلی
 ; [cca2=CL].translations.per.official
Expected: Ø¬Ù…Ù‡ÙˆØ±ÛŒ Ø´ÛŒÙ„ÛŒ
     got: جمهوری شیلی
 ; [cca2=CL].translations.por.official
Expected: RepÃºblica do Chile
     got: República do Chile
 ; [cca2=CL].translations.rus.common
Expected: Ð§Ð¸Ð»Ð¸
     got: Чили
 ; [cca2=CL].translations.rus.official
Expected: Ð ÐµÑ�Ð¿ÑƒÐ±Ð»Ð¸ÐºÐ° Ð§Ð¸Ð»Ð¸
     got: Республика Чили
 ; [cca2=CL].translations.slk.common
Expected: ÄŒile
     got: Čile
 ; [cca2=CL].translations.slk.official
Expected: ÄŒÃ­lska republika
     got: Čílska republika
 ; [cca2=CL].translations.spa.official
Expected: RepÃºblica de Chile
     got: República de Chile
 ; [cca2=CL].translations.srp.common
Expected: Ð§Ð¸Ð»Ðµ
     got: Чиле
 ; [cca2=CL].translations.srp.official
Expected: Ð ÐµÐ¿ÑƒÐ±Ð»Ð¸ÐºÐ° Ð§Ð¸Ð»Ðµ
     got: Република Чиле
 ; [cca2=CL].translations.tur.common
Expected: Åžili
     got: Şili
 ; [cca2=CL].translations.tur.official
Expected: Åžili Cumhuriyeti
     got: Şili Cumhuriyeti
 ; [cca2=CL].translations.urd.common
Expected: Ú†Ù„ÛŒ
     got: چلی
 ; [cca2=CL].translations.urd.official
Expected: Ø¬Ù…Û�ÙˆØ±ÛŒÛ� Ú†Ù„ÛŒ
     got: جمہوریہ چلی
 ; [cca2=CL].translations.zho.common
Expected: æ™ºåˆ©
     got: 智利
 ; [cca2=CL].translations.zho.official
Expected: æ™ºåˆ©å…±å’Œå›½
     got: 智利共和国
 ; [cca2=CM].altSpellings[]
Expected: RÃ©publique du Cameroun
     but none found
 ; [cca2=CM].altSpellings[]
Unexpected: République du Cameroun
 ; [cca2=CM].capital[]
Expected: YaoundÃ©
     but none found
 ; [cca2=CM].capital[]
Unexpected: Yaoundé
 ; [cca2=CM].flag
Expected: ðŸ‡¨ðŸ‡²
     got: 🇨🇲
 ; [cca2=CM].name.nativeName.fra.official
Expected: RÃ©publique du Cameroun
     got: République du Cameroun
 ; [cca2=CM].translations.ara.common
Expected: Ø§Ù„ÙƒØ§Ù…ÙŠØ±ÙˆÙ†
     got: الكاميرون
 ; [cca2=CM].translations.ara.official
Expected: Ø¬Ù…Ù‡ÙˆØ±ÙŠØ© Ø§Ù„ÙƒØ§Ù…ÙŠØ±ÙˆÙ†
     got: جمهورية الكاميرون
 ; [cca2=CM].translations.ces.official
Expected: KamerunskÃ¡ republika
     got: Kamerunská republika
 ; [cca2=CM].translations.cym.common
Expected: CamerÅµn
     got: Camerŵn
 ; [cca2=CM].translations.cym.official
Expected: Gweriniaeth CamerÅµn
     got: Gweriniaeth Camerŵn
 ; [cca2=CM].translations.fra.official
Expected: RÃ©publique du Cameroun
     got: République du Cameroun
 ; [cca2=CM].translations.hun.official
Expected: Kameruni KÃ¶ztÃ¡rsasÃ¡g
     got: Kameruni Köztársaság
 ; [cca2=CM].translations.jpn.common
Expected: ã‚«ãƒ¡ãƒ«ãƒ¼ãƒ³
     got: カメルーン
 ; [cca2=CM].translations.jpn.official
Expected: ã‚«ãƒ¡ãƒ«ãƒ¼ãƒ³å…±å’Œå›½
     got: カメルーン共和国
 ; [cca2=CM].translations.kor.common
Expected: ì¹´ë©”ë£¬
     got: 카메룬
 ; [cca2=CM].translations.kor.official
Expected: ì¹´ë©”ë£¬ ê³µí™”êµ­
     got: 카메룬 공화국
 ; [cca2=CM].translations.per.common
Expected: Ú©Ø§Ù…Ù�Ø±ÙˆÙ†
     got: کامِرون
 ; [cca2=CM].translations.per.official
Expected: Ø¬Ù…Ù‡ÙˆØ±ÛŒ Ú©Ø§Ù…Ù�Ø±ÙˆÙ†
     got: جمهوری کامِرون
 ; [cca2=CM].translations.por.common
Expected: CamarÃµes
     got: Camarões
 ; [cca2=CM].translations.por.official
Expected: RepÃºblica dos CamarÃµes
     got: República dos Camarões
 ; [cca2=CM].translations.rus.common
Expected: ÐšÐ°Ð¼ÐµÑ€ÑƒÐ½
     got: Камерун
 ; [cca2=CM].translations.rus.official
Expected: Ð ÐµÑ�Ð¿ÑƒÐ±Ð»Ð¸ÐºÐ° ÐšÐ°Ð¼ÐµÑ€ÑƒÐ½
     got: Республика Камерун
 ; [cca2=CM].translations.slk.official
Expected: KamerunskÃ¡ republika
     got: Kamerunská republika
 ; [cca2=CM].translations.spa.common
Expected: CamerÃºn
     got: Camerún
 ; [cca2=CM].translations.spa.official
Expected: RepÃºblica de CamerÃºn
     got: República de Camerún
 ; [cca2=CM].translations.srp.common
Expected: ÐšÐ°Ð¼ÐµÑ€ÑƒÐ½
     got: Камерун
 ; [cca2=CM].translations.srp.official
Expected: Ð ÐµÐ¿ÑƒÐ±Ð»Ð¸ÐºÐ° ÐšÐ°Ð¼ÐµÑ€ÑƒÐ½
     got: Република Камерун
 ; [cca2=CM].translations.urd.common
Expected: Ú©ÛŒÙ…Ø±ÙˆÙ†
     got: کیمرون
 ; [cca2=CM].translations.urd.official
Expected: Ø¬Ù…Û�ÙˆØ±ÛŒÛ� Ú©ÛŒÙ…Ø±ÙˆÙ†
     got: جمہوریہ کیمرون
 ; [cca2=CM].translations.zho.common
Expected: å–€éº¦éš†
     got: 喀麦隆
 ; [cca2=CM].translations.zho.official
Expected: å–€éº¦éš†å…±å’Œå›½
     got: 喀麦隆共和国
 ; [cca2=CN].altSpellings[]
Expected: ZhÅ�ngguÃ³
     but none found
 ; [cca2=CN].altSpellings[]
Expected: ä¸­å�Žäººæ°‘å…±å’Œå›½
     but none found
 ; [cca2=CN].altSpellings[]
Expected: ZhÅ�nghuÃ¡ RÃ©nmÃ­n GÃ²nghÃ©guÃ³
     but none found
 ; [cca2=CN].altSpellings[]
Unexpected: Zhōngguó
 ; [cca2=CN].altSpellings[]
Unexpected: 中华人民共和国
 ; [cca2=CN].altSpellings[]
Unexpected: Zhōnghuá Rénmín Gònghéguó
 ; [cca2=CN].currencies.CNY.symbol
Expected: Â¥
     got: ¥
 ; [cca2=CN].flag
Expected: ðŸ‡¨ðŸ‡³
     got: 🇨🇳
 ; [cca2=CN].flags.alt
Expected: The flag of China has a red field. In the canton are five yellow five-pointed stars â€” a large star and four smaller stars arranged in a vertical arc on the fly side of the large star.
     got: The flag of China has a red field. In the canton are five yellow five-pointed stars — a large star and four smaller stars arranged in a vertical arc on the fly side of the large star.
 ; [cca2=CN].name.nativeName.zho.common
Expected: ä¸­å›½
     got: 中国
 ; [cca2=CN].name.nativeName.zho.official
Expected: ä¸­å�Žäººæ°‘å…±å’Œå›½
     got: 中华人民共和国
 ; [cca2=CN].tld[]
Expected: .ä¸­åœ‹
     but none found
 ; [cca2=CN].tld[]
Expected: .ç½‘ç»œ
     but none found
 ; [cca2=CN].tld[]
Expected: .ä¸­å›½
     but none found
 ; [cca2=CN].tld[]
Expected: .å…¬å�¸
     but none found
 ; [cca2=CN].tld[]
Unexpected: .公司
 ; [cca2=CN].tld[]
Unexpected: .中国
 ; [cca2=CN].tld[]
Unexpected: .中國
 ; [cca2=CN].tld[]
Unexpected: .网络
 ; [cca2=CN].translations.ara.common
Expected: Ø§Ù„ØµÙŠÙ†
     got: الصين
 ; [cca2=CN].translations.ara.official
Expected: Ø¬Ù…Ù‡ÙˆØ±ÙŠØ© Ø§Ù„ØµÙŠÙ† Ø§Ù„Ø´Ø¹Ø¨ÙŠØ©
     got: جمهورية الصين الشعبية
 ; [cca2=CN].translations.ces.common
Expected: ÄŒÃ­na
     got: Čína
 ; [cca2=CN].translations.ces.official
Expected: ÄŒÃ­nskÃ¡ lidovÃ¡ republika
     got: Čínská lidová republika
 ; [cca2=CN].translations.fra.official
Expected: RÃ©publique populaire de Chine
     got: République populaire de Chine
 ; [cca2=CN].translations.hun.common
Expected: KÃ­na
     got: Kína
 ; [cca2=CN].translations.hun.official
Expected: KÃ­nai NÃ©pkÃ¶ztÃ¡rsasÃ¡g
     got: Kínai Népköztársaság
 ; [cca2=CN].translations.jpn.common
Expected: ä¸­å›½
     got: 中国
 ; [cca2=CN].translations.jpn.official
Expected: ä¸­è�¯äººæ°‘å…±å’Œå›½
     got: 中華人民共和国
 ; [cca2=CN].translations.kor.common
Expected: ì¤‘êµ­
     got: 중국
 ; [cca2=CN].translations.kor.official
Expected: ì¤‘í™”ì�¸ë¯¼ê³µí™”êµ­
     got: 중화인민공화국
 ; [cca2=CN].translations.per.common
Expected: Ú†ÛŒÙ†
     got: چین
 ; [cca2=CN].translations.per.official
Expected: Ø¬Ù…Ù‡ÙˆØ±ÛŒ Ø®Ù„Ù‚ Ú†ÛŒÙ†
     got: جمهوری خلق چین
 ; [cca2=CN].translations.pol.official
Expected: ChiÅ„ska Republika Ludowa
     got: Chińska Republika Ludowa
 ; [cca2=CN].translations.por.official
Expected: RepÃºblica Popular da China
     got: República Popular da China
 ; [cca2=CN].translations.rus.common
Expected: ÐšÐ¸Ñ‚Ð°Ð¹
     got: Китай
 ; [cca2=CN].translations.rus.official
Expected: Ð�Ð°Ñ€Ð¾Ð´Ð½Ð°Ñ� Ð ÐµÑ�Ð¿ÑƒÐ±Ð»Ð¸ÐºÐ° ÐšÐ¸Ñ‚Ð°Ð¹
     got: Народная Республика Китай
 ; [cca2=CN].translations.slk.common
Expected: ÄŒÃ­na
     got: Čína
 ; [cca2=CN].translations.slk.official
Expected: ÄŒÃ­nska Ä¾udovÃ¡ republika
     got: Čínska ľudová republika
 ; [cca2=CN].translations.spa.official
Expected: RepÃºblica Popular de China
     got: República Popular de China
 ; [cca2=CN].translations.srp.common
Expected: ÐšÐ¸Ð½Ð°
     got: Кина
 ; [cca2=CN].translations.srp.official
Expected: Ð�Ð°Ñ€Ð¾Ð´Ð½Ð° Ð ÐµÐ¿ÑƒÐ±Ð»Ð¸ÐºÐ° ÐšÐ¸Ð½Ð°
     got: Народна Република Кина
 ; [cca2=CN].translations.tur.common
Expected: Ã‡in
     got: Çin
 ; [cca2=CN].translations.tur.official
Expected: Ã‡in Halk Cumhuriyeti
     got: Çin Halk Cumhuriyeti
 ; [cca2=CN].translations.urd.common
Expected: Ú†ÛŒÙ†
     got: چین
 ; [cca2=CN].translations.urd.official
Expected: Ø¹ÙˆØ§Ù…ÛŒ Ø¬Ù…Û�ÙˆØ±ÛŒÛ� Ú†ÛŒÙ†
     got: عوامی جمہوریہ چین
 ; [cca2=CO].altSpellings[]
Expected: RepÃºblica de Colombia
     but none found
 ; [cca2=CO].altSpellings[]
Unexpected: República de Colombia
 ; [cca2=CO].capital[]
Expected: BogotÃ¡
     but none found
 ; [cca2=CO].capital[]
Unexpected: Bogotá
 ; [cca2=CO].flag
Expected: ðŸ‡¨ðŸ‡´
     got: 🇨🇴
 ; [cca2=CO].name.nativeName.spa.official
Expected: RepÃºblica de Colombia
     got: República de Colombia
 ; [cca2=CO].translations.ara.common
Expected: ÙƒÙˆÙ„ÙˆÙ…Ø¨ÙŠØ§
     got: كولومبيا
 ; [cca2=CO].translations.ara.official
Expected: Ø¬Ù…Ù‡ÙˆØ±ÙŠØ© ÙƒÙˆÙ„ÙˆÙ…Ø¨ÙŠØ§
     got: جمهورية كولومبيا
 ; [cca2=CO].translations.ces.official
Expected: KolumbijskÃ¡ republika
     got: Kolumbijská republika
 ; [cca2=CO].translations.fra.official
Expected: RÃ©publique de Colombie
     got: République de Colombie
 ; [cca2=CO].translations.hun.official
Expected: Kolumbiai KÃ¶ztÃ¡rsasÃ¡g
     got: Kolumbiai Köztársaság
 ; [cca2=CO].translations.jpn.common
Expected: ã‚³ãƒ­ãƒ³ãƒ“ã‚¢
     got: コロンビア
 ; [cca2=CO].translations.jpn.official
Expected: ã‚³ãƒ­ãƒ³ãƒ“ã‚¢å…±å’Œå›½
     got: コロンビア共和国
 ; [cca2=CO].translations.kor.common
Expected: ì½œë¡¬ë¹„ì•„
     got: 콜롬비아
 ; [cca2=CO].translations.kor.official
Expected: ì½œë¡¬ë¹„ì•„ ê³µí™”êµ­
     got: 콜롬비아 공화국
 ; [cca2=CO].translations.per.common
Expected: Ú©Ù„Ù…Ø¨ÛŒØ§
     got: کلمبیا
 ; [cca2=CO].translations.per.official
Expected: Ø¬Ù…Ù‡ÙˆØ±ÛŒ Ú©Ù„Ù…Ø¨ÛŒØ§
     got: جمهوری کلمبیا
 ; [cca2=CO].translations.por.common
Expected: ColÃ´mbia
     got: Colômbia
 ; [cca2=CO].translations.por.official
Expected: RepÃºblica da ColÃ´mbia
     got: República da Colômbia
 ; [cca2=CO].translations.rus.common
Expected: ÐšÐ¾Ð»ÑƒÐ¼Ð±Ð¸Ñ�
     got: Колумбия
 ; [cca2=CO].translations.rus.official
Expected: Ð ÐµÑ�Ð¿ÑƒÐ±Ð»Ð¸ÐºÐ° ÐšÐ¾Ð»ÑƒÐ¼Ð±Ð¸Ñ�
     got: Республика Колумбия
 ; [cca2=CO].translations.slk.official
Expected: KolumbijskÃ¡ republika
     got: Kolumbijská republika
 ; [cca2=CO].translations.spa.official
Expected: RepÃºblica de Colombia
     got: República de Colombia
 ; [cca2=CO].translations.srp.common
Expected: ÐšÐ¾Ð»ÑƒÐ¼Ð±Ð¸Ñ˜Ð°
     got: Колумбија
 ; [cca2=CO].translations.srp.official
Expected: Ð ÐµÐ¿ÑƒÐ±Ð»Ð¸ÐºÐ° ÐšÐ¾Ð»ÑƒÐ¼Ð±Ð¸Ñ˜Ð°
     got: Република Колумбија
 ; [cca2=CO].translations.urd.common
Expected: Ú©ÙˆÙ„Ù…Ø¨ÛŒØ§
     got: کولمبیا
 ; [cca2=CO].translations.urd.official
Expected: Ø¬Ù…Û�ÙˆØ±ÛŒÛ� Ú©ÙˆÙ„Ù…Ø¨ÛŒØ§
     got: جمہوریہ کولمبیا
 ; [cca2=CO].translations.zho.common
Expected: å“¥ä¼¦æ¯”äºš
     got: 哥伦比亚
 ; [cca2=CO].translations.zho.official
Expected: å“¥ä¼¦æ¯”äºšå…±å’Œå›½
     got: 哥伦比亚共和国
 ; [cca2=CR].altSpellings[]
Expected: RepÃºblica de Costa Rica
     but none found
 ; [cca2=CR].altSpellings[]
Unexpected: República de Costa Rica
 ; [cca2=CR].capital[]
Expected: San JosÃ©
     but none found
 ; [cca2=CR].capital[]
Unexpected: San José
 ; [cca2=CR].currencies.CRC.name
Expected: Costa Rican colÃ³n
     got: Costa Rican colón
 ; [cca2=CR].currencies.CRC.symbol
Expected: â‚¡
     got: ₡
 ; [cca2=CR].flag
Expected: ðŸ‡¨ðŸ‡·
     got: 🇨🇷
 ; [cca2=CR].name.nativeName.spa.official
Expected: RepÃºblica de Costa Rica
     got: República de Costa Rica
 ; [cca2=CR].translations.ara.common
Expected: ÙƒÙˆØ³ØªØ§Ø±ÙŠÙƒØ§
     got: كوستاريكا
 ; [cca2=CR].translations.ara.official
Expected: Ø¬Ù…Ù‡ÙˆØ±ÙŠØ© ÙƒÙˆØ³ØªØ§Ø±ÙŠÙƒØ§
     got: جمهورية كوستاريكا
 ; [cca2=CR].translations.ces.official
Expected: KostarickÃ¡ republika
     got: Kostarická republika
 ; [cca2=CR].translations.fra.official
Expected: RÃ©publique du Costa Rica
     got: République du Costa Rica
 ; [cca2=CR].translations.hun.official
Expected: Costa Rica-i KÃ¶ztÃ¡rsasÃ¡g
     got: Costa Rica-i Köztársaság
 ; [cca2=CR].translations.jpn.common
Expected: ã‚³ã‚¹ã‚¿ãƒªã‚«
     got: コスタリカ
 ; [cca2=CR].translations.jpn.official
Expected: ã‚³ã‚¹ã‚¿ãƒªã‚«å…±å’Œå›½
     got: コスタリカ共和国
 ; [cca2=CR].translations.kor.common
Expected: ì½”ìŠ¤íƒ€ë¦¬ì¹´
     got: 코스타리카
 ; [cca2=CR].translations.kor.official
Expected: ì½”ìŠ¤íƒ€ë¦¬ì¹´ ê³µí™”êµ­
     got: 코스타리카 공화국
 ; [cca2=CR].translations.per.common
Expected: Ú©Ø§Ø³ØªØ§Ø±ÛŒÚ©Ø§
     got: کاستاریکا
 ; [cca2=CR].translations.per.official
Expected: Ø¬Ù…Ù‡ÙˆØ±ÛŒ Ú©Ø§Ø³ØªØ§Ø±ÛŒÚ©Ø§
     got: جمهوری کاستاریکا
 ; [cca2=CR].translations.por.official
Expected: RepÃºblica da Costa Rica
     got: República da Costa Rica
 ; [cca2=CR].translations.rus.common
Expected: ÐšÐ¾Ñ�Ñ‚Ð°-Ð Ð¸ÐºÐ°
     got: Коста-Рика
 ; [cca2=CR].translations.rus.official
Expected: Ð ÐµÑ�Ð¿ÑƒÐ±Ð»Ð¸ÐºÐ° ÐšÐ¾Ñ�Ñ‚Ð°-Ð Ð¸ÐºÐ°
     got: Республика Коста-Рика
 ; [cca2=CR].translations.slk.official
Expected: KostarickÃ¡ republika
     got: Kostarická republika
 ; [cca2=CR].translations.spa.official
Expected: RepÃºblica de Costa Rica
     got: República de Costa Rica
 ; [cca2=CR].translations.srp.common
Expected: ÐšÐ¾Ñ�Ñ‚Ð°Ñ€Ð¸ÐºÐ°
     got: Костарика
 ; [cca2=CR].translations.srp.official
Expected: Ð ÐµÐ¿ÑƒÐ±Ð»Ð¸ÐºÐ° ÐšÐ¾Ñ�Ñ‚Ð°Ñ€Ð¸ÐºÐ°
     got: Република Костарика
 ; [cca2=CR].translations.urd.common
Expected: Ú©ÙˆØ³Ù¹Ø§Ø±ÛŒÚ©Ø§
     got: کوسٹاریکا
 ; [cca2=CR].translations.urd.official
Expected: Ø¬Ù…Û�ÙˆØ±ÛŒÛ� Ú©ÙˆØ³Ù¹Ø§Ø±ÛŒÚ©Ø§
     got: جمہوریہ کوسٹاریکا
 ; [cca2=CR].translations.zho.common
Expected: å“¥æ–¯è¾¾é»ŽåŠ 
     got: 哥斯达黎加
 ; [cca2=CR].translations.zho.official
Expected: å“¥æ–¯è¾¾é»ŽåŠ å…±å’Œå›½
     got: 哥斯达黎加共和国
 ; [cca2=TC].flag
Expected: ðŸ‡¹ðŸ‡¨
     got: 🇹🇨
 ; [cca2=TC].translations.ara.common
Expected: Ø¬Ø²Ø± ØªÙˆØ±ÙƒØ³ ÙˆÙƒØ§ÙŠÙƒÙˆØ³
     got: جزر توركس وكايكوس
 ; [cca2=TC].translations.ara.official
Expected: Ø¬Ø²Ø± ØªÙˆØ±ÙƒØ³ ÙˆÙƒØ§ÙŠÙƒÙˆØ³
     got: جزر توركس وكايكوس
 ; [cca2=TC].translations.fra.common
Expected: ÃŽles Turques-et-CaÃ¯ques
     got: Îles Turques-et-Caïques
 ; [cca2=TC].translations.fra.official
Expected: ÃŽles Turques et CaÃ¯ques
     got: Îles Turques et Caïques
 ; [cca2=TC].translations.hun.common
Expected: Turks- Ã©s Caicos-szigetek
     got: Turks- és Caicos-szigetek
 ; [cca2=TC].translations.hun.official
Expected: Turks- Ã©s Caicos-szigetek
     got: Turks- és Caicos-szigetek
 ; [cca2=TC].translations.jpn.common
Expected: ã‚¿ãƒ¼ã‚¯ã‚¹ãƒ»ã‚«ã‚¤ã‚³ã‚¹è«¸å³¶
     got: タークス・カイコス諸島
 ; [cca2=TC].translations.jpn.official
Expected: ã‚¿ãƒ¼ã‚¯ã‚¹Â·ã‚«ã‚¤ã‚³ã‚¹è«¸å³¶
     got: タークス·カイコス諸島
 ; [cca2=TC].translations.kor.common
Expected: í„°í�¬ìŠ¤ ì¼€ì�´ì»¤ìŠ¤ ì œë�„
     got: 터크스 케이커스 제도
 ; [cca2=TC].translations.kor.official
Expected: í„°í�¬ìŠ¤ ì¼€ì�´ì»¤ìŠ¤ ì œë�„
     got: 터크스 케이커스 제도
 ; [cca2=TC].translations.per.common
Expected: Ø¬Ø²Ø§ÛŒØ± ØªÙˆØ±Ú©Ø³ Ùˆ Ú©Ø§ÛŒÚ©ÙˆØ³
     got: جزایر تورکس و کایکوس
 ; [cca2=TC].translations.per.official
Expected: Ø¬Ø²Ø§ÛŒØ± ØªÙˆØ±Ú©Ø³ Ùˆ Ú©Ø§ÛŒÚ©ÙˆØ³
     got: جزایر تورکس و کایکوس
 ; [cca2=TC].translations.rus.common
Expected: Ð¢ÐµÑ€ÐºÑ� Ð¸ ÐšÐ°Ð¹ÐºÐ¾Ñ�
     got: Теркс и Кайкос
 ; [cca2=TC].translations.rus.official
Expected: Ð¢ÐµÑ€ÐºÑ� Ð¸ ÐšÐ°Ð¹ÐºÐ¾Ñ� Ð¾Ñ�Ñ‚Ñ€Ð¾Ð²Ð°
     got: Теркс и Кайкос острова
 ; [cca2=TC].translations.srp.common
Expected: Ð¢ÐµÑ€ÐºÑ� Ð¸ ÐšÐµÑ˜ÐºÐ¾Ñ�
     got: Теркс и Кејкос
 ; [cca2=TC].translations.srp.official
Expected: ÐžÑ�Ñ‚Ñ€Ð²Ð° Ð¢ÐµÑ€ÐºÑ� Ð¸ ÐšÐµÑ˜ÐºÐ¾Ñ�
     got: Острва Теркс и Кејкос
 ; [cca2=TC].translations.swe.common
Expected: Turks- och CaicosÃ¶arna
     got: Turks- och Caicosöarna
 ; [cca2=TC].translations.swe.official
Expected: Turks- och CaicosÃ¶arna
     got: Turks- och Caicosöarna
 ; [cca2=TC].translations.tur.common
Expected: Turks ve Caicos AdalarÄ±
     got: Turks ve Caicos Adaları
 ; [cca2=TC].translations.tur.official
Expected: Turks ve Caicos AdalarÄ±
     got: Turks ve Caicos Adaları
 ; [cca2=TC].translations.urd.common
Expected: Ø¬Ø²Ø§Ø¦Ø± Ú©ÛŒÚ©Ø³ Ùˆ ØªØ±Ú©ÛŒÛ�
     got: جزائر کیکس و ترکیہ
 ; [cca2=TC].translations.urd.official
Expected: Ø¬Ø²Ø§Ø¦Ø± Ú©ÛŒÚ©Ø³ Ùˆ ØªØ±Ú©ÛŒÛ�
     got: جزائر کیکس و ترکیہ
 ; [cca2=TC].translations.zho.common
Expected: ç‰¹å…‹æ–¯å’Œå‡¯ç§‘æ–¯ç¾¤å²›
     got: 特克斯和凯科斯群岛
 ; [cca2=TC].translations.zho.official
Expected: ç‰¹å…‹æ–¯å’Œå‡¯ç§‘æ–¯ç¾¤å²›
     got: 特克斯和凯科斯群岛
 ; [cca2=TD].altSpellings[]
Expected: RÃ©publique du Tchad
     but none found
 ; [cca2=TD].altSpellings[]
Unexpected: République du Tchad
 ; [cca2=TD].flag
Expected: ðŸ‡¹ðŸ‡©
     got: 🇹🇩
 ; [cca2=TD].name.nativeName.ara.common
Expected: ØªØ´Ø§Ø¯â€Ž
     got: تشاد‎
 ; [cca2=TD].name.nativeName.ara.official
Expected: Ø¬Ù…Ù‡ÙˆØ±ÙŠØ© ØªØ´Ø§Ø¯
     got: جمهورية تشاد
 ; [cca2=TD].name.nativeName.fra.official
Expected: RÃ©publique du Tchad
     got: République du Tchad
 ; [cca2=TD].translations.ara.common
Expected: ØªØ´Ø§Ø¯
     got: تشاد
 ; [cca2=TD].translations.ara.official
Expected: Ø¬Ù…Ù‡ÙˆØ±ÙŠØ© ØªØ´Ø§Ø¯
     got: جمهورية تشاد
 ; [cca2=TD].translations.ces.common
Expected: ÄŒad
     got: Čad
 ; [cca2=TD].translations.ces.official
Expected: ÄŒadskÃ¡ republika
     got: Čadská republika
 ; [cca2=TD].translations.est.common
Expected: TÅ¡aad
     got: Tšaad
 ; [cca2=TD].translations.est.official
Expected: TÅ¡aadi Vabariik
     got: Tšaadi Vabariik
 ; [cca2=TD].translations.fin.common
Expected: TÅ¡ad
     got: Tšad
 ; [cca2=TD].translations.fin.official
Expected: TÅ¡adin tasavalta
     got: Tšadin tasavalta
 ; [cca2=TD].translations.fra.official
Expected: RÃ©publique du Tchad
     got: République du Tchad
 ; [cca2=TD].translations.hrv.common
Expected: ÄŒad
     got: Čad
 ; [cca2=TD].translations.hrv.official
Expected: ÄŒadu
     got: Čadu
 ; [cca2=TD].translations.hun.common
Expected: CsÃ¡d
     got: Csád
 ; [cca2=TD].translations.hun.official
Expected: CsÃ¡d KÃ¶ztÃ¡rsasÃ¡g
     got: Csád Köztársaság
 ; [cca2=TD].translations.jpn.common
Expected: ãƒ�ãƒ£ãƒ‰
     got: チャド
 ; [cca2=TD].translations.jpn.official
Expected: ãƒ�ãƒ£ãƒ‰å…±å’Œå›½
     got: チャド共和国
 ; [cca2=TD].translations.kor.common
Expected: ì°¨ë“œ
     got: 차드
 ; [cca2=TD].translations.kor.official
Expected: ì°¨ë“œ ê³µí™”êµ­
     got: 차드 공화국
 ; [cca2=TD].translations.per.common
Expected: Ú†Ø§Ø¯
     got: چاد
 ; [cca2=TD].translations.per.official
Expected: Ø¬Ù…Ù‡ÙˆØ±ÛŒ Ú†Ø§Ø¯
     got: جمهوری چاد
 ; [cca2=TD].translations.por.official
Expected: RepÃºblica do Chade
     got: República do Chade
 ; [cca2=TD].translations.rus.common
Expected: Ð§Ð°Ð´
     got: Чад
 ; [cca2=TD].translations.rus.official
Expected: Ð ÐµÑ�Ð¿ÑƒÐ±Ð»Ð¸ÐºÐ° Ð§Ð°Ð´
     got: Республика Чад
 ; [cca2=TD].translations.slk.common
Expected: ÄŒad
     got: Čad
 ; [cca2=TD].translations.slk.official
Expected: ÄŒadskÃ¡ republika
     got: Čadská republika
 ; [cca2=TD].translations.spa.official
Expected: RepÃºblica de Chad
     got: República de Chad
 ; [cca2=TD].translations.srp.common
Expected: Ð§Ð°Ð´
     got: Чад
 ; [cca2=TD].translations.srp.official
Expected: Ð ÐµÐ¿ÑƒÐ±Ð»Ð¸ÐºÐ° Ð§Ð°Ð´
     got: Република Чад
 ; [cca2=TD].translations.tur.common
Expected: Ã‡ad
     got: Çad
 ; [cca2=TD].translations.tur.official
Expected: Ã‡ad Cumhuriyeti
     got: Çad Cumhuriyeti
 ; [cca2=TD].translations.urd.common
Expected: Ú†Ø§Úˆ
     got: چاڈ
 ; [cca2=TD].translations.urd.official
Expected: Ø¬Ù…Û�ÙˆØ±ÛŒÛ� Ú†Ø§Úˆ
     got: جمہوریہ چاڈ
 ; [cca2=TD].translations.zho.common
Expected: ä¹�å¾—
     got: 乍得
 ; [cca2=TD].translations.zho.official
Expected: ä¹�å¾—å…±å’Œå›½
     got: 乍得共和国
 ; [cca2=TF].capital[]
Expected: Port-aux-FranÃ§ais
     but none found
 ; [cca2=TF].capital[]
Unexpected: Port-aux-Français
 ; [cca2=TF].currencies.EUR.symbol
Expected: â‚¬
     got: €
 ; [cca2=TF].demonyms.fra.f
Expected: FranÃ§aise
     got: Française
 ; [cca2=TF].demonyms.fra.m
Expected: FranÃ§ais
     got: Français
 ; [cca2=TF].flag
Expected: ðŸ‡¹ðŸ‡«
     got: 🇹🇫
 ; [cca2=TF].name.nativeName.fra.common
Expected: Terres australes et antarctiques franÃ§aises
     got: Terres australes et antarctiques françaises
 ; [cca2=TF].name.nativeName.fra.official
Expected: Territoire des Terres australes et antarctiques franÃ§aises
     got: Territoire des Terres australes et antarctiques françaises
 ; [cca2=TF].translations.ara.common
Expected: Ø£Ø±Ø§Ø¶ Ù�Ø±Ù†Ø³ÙŠØ© Ø¬Ù†ÙˆØ¨ÙŠØ© ÙˆØ£Ù†ØªØ§Ø±ØªÙŠÙƒÙŠØ©
     got: أراض فرنسية جنوبية وأنتارتيكية
 ; [cca2=TF].translations.ara.official
Expected: Ù…Ù‚Ø§Ø·Ø¹Ø§Øª ÙˆØ£Ù‚Ø§Ù„ÙŠÙ… Ù…Ø§ ÙˆØ±Ø§Ø¡ Ø§Ù„Ø¨Ø­Ø§Ø± Ø§Ù„Ù�Ø±Ù†Ø³ÙŠØ©
     got: مقاطعات وأقاليم ما وراء البحار الفرنسية
 ; [cca2=TF].translations.bre.common
Expected: DouaroÃ¹ Aostral hag Antarktikel FraÃ±s
     got: Douaroù Aostral hag Antarktikel Frañs
 ; [cca2=TF].translations.bre.official
Expected: Tiriad DouaroÃ¹ Aostral hag Antarktikel FraÃ±s
     got: Tiriad Douaroù Aostral hag Antarktikel Frañs
 ; [cca2=TF].translations.ces.common
Expected: FrancouzskÃ¡ jiÅ¾nÃ­ a antarktickÃ¡ ÃºzemÃ­
     got: Francouzská jižní a antarktická území
 ; [cca2=TF].translations.ces.official
Expected: Teritorium FrancouzskÃ¡ jiÅ¾nÃ­ a antarktickÃ¡ ÃºzemÃ­
     got: Teritorium Francouzská jižní a antarktická území
 ; [cca2=TF].translations.deu.common
Expected: FranzÃ¶sische SÃ¼d- und Antarktisgebiete
     got: Französische Süd- und Antarktisgebiete
 ; [cca2=TF].translations.deu.official
Expected: Gebiet der FranzÃ¶sisch SÃ¼d- und Antarktisgebiete
     got: Gebiet der Französisch Süd- und Antarktisgebiete
 ; [cca2=TF].translations.est.common
Expected: Prantsuse LÃµunaalad
     got: Prantsuse Lõunaalad
 ; [cca2=TF].translations.est.official
Expected: Prantsuse LÃµunaalad
     got: Prantsuse Lõunaalad
 ; [cca2=TF].translations.fin.common
Expected: Ranskan etelÃ¤iset ja antarktiset alueet
     got: Ranskan eteläiset ja antarktiset alueet
 ; [cca2=TF].translations.fin.official
Expected: Ranskan etelÃ¤iset ja antarktiset alueet
     got: Ranskan eteläiset ja antarktiset alueet
 ; [cca2=TF].translations.fra.common
Expected: Terres australes et antarctiques franÃ§aises
     got: Terres australes et antarctiques françaises
 ; [cca2=TF].translations.fra.official
Expected: Territoire des Terres australes et antarctiques franÃ§aises
     got: Territoire des Terres australes et antarctiques françaises
 ; [cca2=TF].translations.hrv.common
Expected: Francuski juÅ¾ni i antarktiÄ�ki teritoriji
     got: Francuski južni i antarktički teritoriji
 ; [cca2=TF].translations.hrv.official
Expected: Teritoriju Francuski juÅ¾ni i antarktiÄ�ki teritoriji
     got: Teritoriju Francuski južni i antarktički teritoriji
 ; [cca2=TF].translations.hun.common
Expected: Francia dÃ©li Ã©s antarktiszi terÃ¼letek
     got: Francia déli és antarktiszi területek
 ; [cca2=TF].translations.hun.official
Expected: Francia dÃ©li Ã©s antarktiszi terÃ¼letek
     got: Francia déli és antarktiszi területek
 ; [cca2=TF].translations.jpn.common
Expected: ãƒ•ãƒ©ãƒ³ã‚¹é ˜å�—æ–¹ãƒ»å�—æ¥µåœ°åŸŸ
     got: フランス領南方・南極地域
 ; [cca2=TF].translations.jpn.official
Expected: ãƒ•ãƒ©ãƒ³ã‚¹é ˜å�—æ–¹Â·å�—æ¥µåœ°åŸŸã�®é ˜åœŸ
     got: フランス領南方·南極地域の領土
 ; [cca2=TF].translations.kor.common
Expected: í”„ëž‘ìŠ¤ë ¹ ë‚¨ë¶€ì™€ ë‚¨ê·¹ ì§€ì—­
     got: 프랑스령 남부와 남극 지역
 ; [cca2=TF].translations.kor.official
Expected: í”„ëž‘ìŠ¤ë ¹ ë‚¨ë¶€ì™€ ë‚¨ê·¹ ì§€ì—­
     got: 프랑스령 남부와 남극 지역
 ; [cca2=TF].translations.per.common
Expected: Ø³Ø±Ø²Ù…ÛŒÙ†â€ŒÙ‡Ø§ÛŒ Ø¬Ù†ÙˆØ¨ÛŒ Ùˆ Ø¬Ù†ÙˆØ¨Ú¯Ø§Ù†ÛŒ Ù�Ø±Ø§Ù†Ø³Ù‡
     got: سرزمین‌های جنوبی و جنوبگانی فرانسه
 ; [cca2=TF].translations.per.official
Expected: Ø³Ø±Ø²Ù…ÛŒÙ†â€ŒÙ‡Ø§ÛŒ Ø¬Ù†ÙˆØ¨ÛŒ Ùˆ Ø¬Ù†ÙˆØ¨Ú¯Ø§Ù†ÛŒ Ù�Ø±Ø§Ù†Ø³Ù‡
     got: سرزمین‌های جنوبی و جنوبگانی فرانسه
 ; [cca2=TF].translations.pol.common
Expected: Francuskie Terytoria PoÅ‚udniowe i Antarktyczne
     got: Francuskie Terytoria Południowe i Antarktyczne
 ; [cca2=TF].translations.pol.official
Expected: Francuskie Terytoria PoÅ‚udniowe i Antarktyczne
     got: Francuskie Terytoria Południowe i Antarktyczne
 ; [cca2=TF].translations.por.common
Expected: Terras Austrais e AntÃ¡rticas Francesas
     got: Terras Austrais e Antárticas Francesas
 ; [cca2=TF].translations.por.official
Expected: TerritÃ³rio do Sul e AntÃ¡rtica Francesa
     got: Território do Sul e Antártica Francesa
 ; [cca2=TF].translations.rus.common
Expected: Ð¤Ñ€Ð°Ð½Ñ†ÑƒÐ·Ñ�ÐºÐ¸Ðµ Ð®Ð¶Ð½Ñ‹Ðµ Ð¸ Ð�Ð½Ñ‚Ð°Ñ€ÐºÑ‚Ð¸Ñ‡ÐµÑ�ÐºÐ¸Ðµ Ñ‚ÐµÑ€Ñ€Ð¸Ñ‚Ð¾Ñ€Ð¸Ð¸
     got: Французские Южные и Антарктические территории
 ; [cca2=TF].translations.rus.official
Expected: Ð¢ÐµÑ€Ñ€Ð¸Ñ‚Ð¾Ñ€Ð¸Ñ� Ð¤Ñ€Ð°Ð½Ñ†ÑƒÐ·Ñ�ÐºÐ¸Ðµ Ð®Ð¶Ð½Ñ‹Ðµ Ð¸ Ð�Ð½Ñ‚Ð°Ñ€ÐºÑ‚Ð¸Ñ‡ÐµÑ�ÐºÐ¸Ðµ Ð·ÐµÐ¼Ð»Ð¸
     got: Территория Французские Южные и Антарктические земли
 ; [cca2=TF].translations.slk.common
Expected: FrancÃºzske juÅ½nÃ© a antarktickÃ© Ãºzemia
     got: Francúzske juŽné a antarktické územia
 ; [cca2=TF].translations.slk.official
Expected: FrancÃºzske juÅ¾nÃ© a antarktickÃ© Ãºzemia
     got: Francúzske južné a antarktické územia
 ; [cca2=TF].translations.spa.common
Expected: Tierras Australes y AntÃ¡rticas Francesas
     got: Tierras Australes y Antárticas Francesas
 ; [cca2=TF].translations.spa.official
Expected: Territorio del FrancÃ©s Tierras australes y antÃ¡rticas
     got: Territorio del Francés Tierras australes y antárticas
 ; [cca2=TF].translations.srp.common
Expected: Ð¤Ñ€Ð°Ð½Ñ†ÑƒÑ�ÐºÐµ Ñ˜ÑƒÐ¶Ð½Ðµ Ð¸ Ð°Ð½Ñ‚Ð°Ñ€ÐºÑ‚Ð¸Ñ‡ÐºÐµ Ð·ÐµÐ¼Ñ™Ðµ
     got: Француске јужне и антарктичке земље
 ; [cca2=TF].translations.srp.official
Expected: Ð¤Ñ€Ð°Ð½Ñ†ÑƒÑ�ÐºÐµ Ñ˜ÑƒÐ¶Ð½Ðµ Ð¸ Ð°Ð½Ñ‚Ð°Ñ€ÐºÑ‚Ð¸Ñ‡ÐºÐµ Ð·ÐµÐ¼Ñ™Ðµ
     got: Француске јужне и антарктичке земље
 ; [cca2=TF].translations.swe.common
Expected: Franska sÃ¶dra territorierna
     got: Franska södra territorierna
 ; [cca2=TF].translations.tur.common
Expected: FransÄ±z GÃ¼ney ve Antarktika TopraklarÄ±
     got: Fransız Güney ve Antarktika Toprakları
 ; [cca2=TF].translations.tur.official
Expected: FransÄ±z GÃ¼ney ve Antarktika TopraklarÄ±
     got: Fransız Güney ve Antarktika Toprakları
 ; [cca2=TF].translations.urd.common
Expected: Ø³Ø±Ø²Ù…ÛŒÙ† Ø¬Ù†ÙˆØ¨ÛŒ Ù�Ø±Ø§Ù†Ø³ÛŒØ³ÛŒÛ� Ùˆ Ø§Ù†Ù¹Ø§Ø±Ú©Ù¹ÛŒÚ©Ø§
     got: سرزمین جنوبی فرانسیسیہ و انٹارکٹیکا
 ; [cca2=TF].translations.urd.official
Expected: Ø³Ø±Ø²Ù…ÛŒÙ†Ù� Ø¬Ù†ÙˆØ¨ÛŒ Ù�Ø±Ø§Ù†Ø³ÛŒØ³ÛŒÛ� Ùˆ Ø§Ù†Ù¹Ø§Ø±Ú©Ù¹ÛŒÚ©Û�
     got: سرزمینِ جنوبی فرانسیسیہ و انٹارکٹیکہ
 ; [cca2=TF].translations.zho.common
Expected: æ³•å›½å�—éƒ¨å’Œå�—æž�åœŸåœ°
     got: 法国南部和南极土地
 ; [cca2=TF].translations.zho.official
Expected: æ³•å›½å�—éƒ¨å’Œå�—æž�åœŸåœ°
     got: 法国南部和南极土地
 ; [cca2=CU].altSpellings[]
Expected: RepÃºblica de Cuba
     but none found
 ; [cca2=CU].altSpellings[]
Unexpected: República de Cuba
 ; [cca2=CU].flag
Expected: ðŸ‡¨ðŸ‡º
     got: 🇨🇺
 ; [cca2=CU].name.nativeName.spa.official
Expected: RepÃºblica de Cuba
     got: República de Cuba
 ; [cca2=CU].translations.ara.common
Expected: ÙƒÙˆØ¨Ø§
     got: كوبا
 ; [cca2=CU].translations.ara.official
Expected: Ø¬Ù…Ù‡ÙˆØ±ÙŠØ© ÙƒÙˆØ¨Ø§
     got: جمهورية كوبا
 ; [cca2=CU].translations.ces.official
Expected: KubÃ¡nskÃ¡ republika
     got: Kubánská republika
 ; [cca2=CU].translations.fra.official
Expected: RÃ©publique de Cuba
     got: République de Cuba
 ; [cca2=CU].translations.hun.official
Expected: Kubai KÃ¶ztÃ¡rsasÃ¡g
     got: Kubai Köztársaság
 ; [cca2=CU].translations.jpn.common
Expected: ã‚­ãƒ¥ãƒ¼ãƒ�
     got: キューバ
 ; [cca2=CU].translations.jpn.official
Expected: ã‚­ãƒ¥ãƒ¼ãƒ�å…±å’Œå›½
     got: キューバ共和国
 ; [cca2=CU].translations.kor.common
Expected: ì¿ ë°”
     got: 쿠바
 ; [cca2=CU].translations.kor.official
Expected: ì¿ ë°” ê³µí™”êµ­
     got: 쿠바 공화국
 ; [cca2=CU].translations.per.common
Expected: Ú©ÙˆØ¨Ø§
     got: کوبا
 ; [cca2=CU].translations.per.official
Expected: Ø¬Ù…Ù‡ÙˆØ±ÛŒ Ú©ÙˆØ¨Ø§
     got: جمهوری کوبا
 ; [cca2=CU].translations.por.official
Expected: RepÃºblica de Cuba
     got: República de Cuba
 ; [cca2=CU].translations.rus.common
Expected: ÐšÑƒÐ±Ð°
     got: Куба
 ; [cca2=CU].translations.rus.official
Expected: Ð ÐµÑ�Ð¿ÑƒÐ±Ð»Ð¸ÐºÐ° ÐšÑƒÐ±Ð°
     got: Республика Куба
 ; [cca2=CU].translations.slk.official
Expected: KubÃ¡nska republika
     got: Kubánska republika
 ; [cca2=CU].translations.spa.official
Expected: RepÃºblica de Cuba
     got: República de Cuba
 ; [cca2=CU].translations.srp.common
Expected: ÐšÑƒÐ±Ð°
     got: Куба
 ; [cca2=CU].translations.srp.official
Expected: Ð ÐµÐ¿ÑƒÐ±Ð»Ð¸ÐºÐ° ÐšÑƒÐ±Ð°
     got: Република Куба
 ; [cca2=CU].translations.tur.common
Expected: KÃ¼ba
     got: Küba
 ; [cca2=CU].translations.tur.official
Expected: KÃ¼ba Cumhuriyeti
     got: Küba Cumhuriyeti
 ; [cca2=CU].translations.urd.common
Expected: Ú©ÛŒÙˆØ¨Ø§
     got: کیوبا
 ; [cca2=CU].translations.urd.official
Expected: Ø¬Ù…Û�ÙˆØ±ÛŒÛ� Ú©ÛŒÙˆØ¨Ø§
     got: جمہوریہ کیوبا
 ; [cca2=CU].translations.zho.common
Expected: å�¤å·´
     got: 古巴
 ; [cca2=CU].translations.zho.official
Expected: å�¤å·´å…±å’Œå›½
     got: 古巴共和国
 ; [cca2=CV].altSpellings[]
Expected: RepÃºblica de Cabo Verde
     but none found
 ; [cca2=CV].altSpellings[]
Unexpected: República de Cabo Verde
 ; [cca2=CV].flag
Expected: ðŸ‡¨ðŸ‡»
     got: 🇨🇻
 ; [cca2=CV].name.nativeName.por.official
Expected: RepÃºblica de Cabo Verde
     got: República de Cabo Verde
 ; [cca2=CV].translations.ara.common
Expected: ÙƒØ§Ø¨Ùˆ Ù�ÙŠØ±Ø¯ÙŠ
     got: كابو فيردي
 ; [cca2=CV].translations.ara.official
Expected: Ø¬Ù…Ù‡ÙˆØ±ÙŠØ© ÙƒØ§Ø¨Ùˆ Ù�ÙŠØ±Ø¯ÙŠ
     got: جمهورية كابو فيردي
 ; [cca2=CV].translations.ces.official
Expected: KapverdskÃ¡ republika
     got: Kapverdská republika
 ; [cca2=CV].translations.fra.common
Expected: ÃŽles du Cap-Vert
     got: Îles du Cap-Vert
 ; [cca2=CV].translations.fra.official
Expected: RÃ©publique du Cap-Vert
     got: République du Cap-Vert
 ; [cca2=CV].translations.hun.common
Expected: ZÃ¶ld-foki KÃ¶ztÃ¡rsasÃ¡g
     got: Zöld-foki Köztársaság
 ; [cca2=CV].translations.hun.official
Expected: ZÃ¶ld-foki KÃ¶ztÃ¡rsasÃ¡g
     got: Zöld-foki Köztársaság
 ; [cca2=CV].translations.jpn.common
Expected: ã‚«ãƒ¼ãƒœãƒ™ãƒ«ãƒ‡
     got: カーボベルデ
 ; [cca2=CV].translations.jpn.official
Expected: ã‚«ãƒ¼ãƒœãƒ™ãƒ«ãƒ‡å…±å’Œå›½
     got: カーボベルデ共和国
 ; [cca2=CV].translations.kor.common
Expected: ì¹´ë³´ë² ë¥´ë�°
     got: 카보베르데
 ; [cca2=CV].translations.kor.official
Expected: ì¹´ë³´ë² ë¥´ë�° ê³µí™”êµ­
     got: 카보베르데 공화국
 ; [cca2=CV].translations.nld.common
Expected: KaapverdiÃ«
     got: Kaapverdië
 ; [cca2=CV].translations.per.common
Expected: Ø¯Ù…Ø§ØºÙ‡Ù” Ø³Ø¨Ø²
     got: دماغهٔ سبز
 ; [cca2=CV].translations.per.official
Expected: Ø¬Ù…Ù‡ÙˆØ±ÛŒ Ú©Ø¨Ùˆ ÙˆØ±Ø¯
     got: جمهوری کبو ورد
 ; [cca2=CV].translations.pol.common
Expected: Republika Zielonego PrzylÄ…dka
     got: Republika Zielonego Przylądka
 ; [cca2=CV].translations.pol.official
Expected: Republika Zielonego PrzylÄ…dka
     got: Republika Zielonego Przylądka
 ; [cca2=CV].translations.por.official
Expected: RepÃºblica de Cabo Verde
     got: República de Cabo Verde
 ; [cca2=CV].translations.rus.common
Expected: ÐšÐ°Ð±Ð¾-Ð’ÐµÑ€Ð´Ðµ
     got: Кабо-Верде
 ; [cca2=CV].translations.rus.official
Expected: Ð ÐµÑ�Ð¿ÑƒÐ±Ð»Ð¸ÐºÐ° ÐšÐ°Ð±Ð¾ -Ð’ÐµÑ€Ð´Ðµ
     got: Республика Кабо -Верде
 ; [cca2=CV].translations.slk.official
Expected: KapverdskÃ¡ republika
     got: Kapverdská republika
 ; [cca2=CV].translations.spa.official
Expected: RepÃºblica de Cabo Verde
     got: República de Cabo Verde
 ; [cca2=CV].translations.srp.common
Expected: Ð—ÐµÐ»ÐµÐ½Ð¾Ñ€Ñ‚Ñ�ÐºÐ° ÐžÑ�Ñ‚Ñ€Ð²Ð°
     got: Зеленортска Острва
 ; [cca2=CV].translations.srp.official
Expected: Ð—ÐµÐ»ÐµÐ½Ð¾Ñ€Ñ‚Ñ�ÐºÐ° Ð ÐµÐ¿ÑƒÐ±Ð»Ð¸ÐºÐ°
     got: Зеленортска Република
 ; [cca2=CV].translations.tur.common
Expected: YeÅŸil Burun
     got: Yeşil Burun
 ; [cca2=CV].translations.tur.official
Expected: YeÅŸil Burun Cumhuriyeti
     got: Yeşil Burun Cumhuriyeti
 ; [cca2=CV].translations.urd.common
Expected: Ú©ÛŒÙ¾ ÙˆØ±ÚˆÛŒ
     got: کیپ ورڈی
 ; [cca2=CV].translations.urd.official
Expected: Ø¬Ù…Û�ÙˆØ±ÛŒÛ� Ú©ÛŒÙ¾ ÙˆØ±ÚˆÛŒ
     got: جمہوریہ کیپ ورڈی
 ; [cca2=CV].translations.zho.common
Expected: ä½›å¾—è§’
     got: 佛得角
 ; [cca2=CV].translations.zho.official
Expected: ä½›å¾—è§’å…±å’Œå›½
     got: 佛得角共和国
 ; [cca2=TG].altSpellings[]
Expected: RÃ©publique Togolaise
     but none found
 ; [cca2=TG].altSpellings[]
Unexpected: République Togolaise
 ; [cca2=TG].capital[]
Expected: LomÃ©
     but none found
 ; [cca2=TG].capital[]
Unexpected: Lomé
 ; [cca2=TG].flag
Expected: ðŸ‡¹ðŸ‡¬
     got: 🇹🇬
 ; [cca2=TG].name.nativeName.fra.official
Expected: RÃ©publique togolaise
     got: République togolaise
 ; [cca2=TG].translations.ara.common
Expected: ØªÙˆØºÙˆ
     got: توغو
 ; [cca2=TG].translations.ara.official
Expected: Ø¬Ù…Ù‡ÙˆØ±ÙŠØ© ØªÙˆØºÙˆ
     got: جمهورية توغو
 ; [cca2=TG].translations.fra.official
Expected: RÃ©publique togolaise
     got: République togolaise
 ; [cca2=TG].translations.hun.official
Expected: TogÃ³i KÃ¶ztÃ¡rsasÃ¡g
     got: Togói Köztársaság
 ; [cca2=TG].translations.jpn.common
Expected: ãƒˆãƒ¼ã‚´
     got: トーゴ
 ; [cca2=TG].translations.jpn.official
Expected: ãƒˆãƒ¼ã‚´å…±å’Œå›½
     got: トーゴ共和国
 ; [cca2=TG].translations.kor.common
Expected: í† ê³ 
     got: 토고
 ; [cca2=TG].translations.kor.official
Expected: í† ê³  ê³µí™”êµ­
     got: 토고 공화국
 ; [cca2=TG].translations.per.common
Expected: ØªÙˆÚ¯Ùˆ
     got: توگو
 ; [cca2=TG].translations.per.official
Expected: Ø¬Ù…Ù‡ÙˆØ±ÛŒ ØªÙˆÚ¯Ùˆ
     got: جمهوری توگو
 ; [cca2=TG].translations.por.official
Expected: RepÃºblica do Togo
     got: República do Togo
 ; [cca2=TG].translations.rus.common
Expected: Ð¢Ð¾Ð³Ð¾
     got: Того
 ; [cca2=TG].translations.rus.official
Expected: Ð¢Ð¾Ð³Ð¾ Ð ÐµÑ�Ð¿ÑƒÐ±Ð»Ð¸ÐºÐ°
     got: Того Республика
 ; [cca2=TG].translations.slk.official
Expected: TogskÃ¡ republika
     got: Togská republika
 ; [cca2=TG].translations.spa.official
Expected: RepÃºblica de Togo
     got: República de Togo
 ; [cca2=TG].translations.srp.common
Expected: Ð¢Ð¾Ð³Ð¾
     got: Того
 ; [cca2=TG].translations.srp.official
Expected: Ð¢Ð¾Ð³Ð¾Ð»ÐµÑˆÐºÐ° Ð ÐµÐ¿ÑƒÐ±Ð»Ð¸ÐºÐ°
     got: Тоголешка Република
 ; [cca2=TG].translations.urd.common
Expected: Ù¹ÙˆÚ¯Ùˆ
     got: ٹوگو
 ; [cca2=TG].translations.urd.official
Expected: Ø¬Ù…Û�ÙˆØ±ÛŒÛ� Ù¹ÙˆÚ¯Ùˆ
     got: جمہوریہ ٹوگو
 ; [cca2=TG].translations.zho.common
Expected: å¤šå“¥
     got: 多哥
 ; [cca2=TG].translations.zho.official
Expected: å¤šå“¥å…±å’Œå›½
     got: 多哥共和国
 ; [cca2=TH].altSpellings[]
Expected: à¸£à¸²à¸Šà¸­à¸²à¸“à¸²à¸ˆà¸±à¸�à¸£à¹„à¸—à¸¢
     but none found
 ; [cca2=TH].altSpellings[]
Unexpected: ราชอาณาจักรไทย
 ; [cca2=TH].currencies.THB.symbol
Expected: à¸¿
     got: ฿
 ; [cca2=TH].demonyms.fra.f
Expected: ThaÃ¯landaise
     got: Thaïlandaise
 ; [cca2=TH].demonyms.fra.m
Expected: ThaÃ¯landais
     got: Thaïlandais
 ; [cca2=TH].flag
Expected: ðŸ‡¹ðŸ‡­
     got: 🇹🇭
 ; [cca2=TH].name.nativeName.tha.common
Expected: à¸›à¸£à¸°à¹€à¸—à¸¨à¹„à¸—à¸¢
     got: ประเทศไทย
 ; [cca2=TH].name.nativeName.tha.official
Expected: à¸£à¸²à¸Šà¸­à¸²à¸“à¸²à¸ˆà¸±à¸�à¸£à¹„à¸—à¸¢
     got: ราชอาณาจักรไทย
 ; [cca2=TH].tld[]
Expected: .à¹„à¸—à¸¢
     but none found
 ; [cca2=TH].tld[]
Unexpected: .ไทย
 ; [cca2=TH].translations.ara.common
Expected: ØªØ§ÙŠÙ„Ù†Ø¯
     got: تايلند
 ; [cca2=TH].translations.ara.official
Expected: Ù…Ù…Ù„ÙƒØ© ØªØ§ÙŠÙ„Ù†Ø¯
     got: مملكة تايلند
 ; [cca2=TH].translations.ces.official
Expected: ThajskÃ© krÃ¡lovstvÃ­
     got: Thajské království
 ; [cca2=TH].translations.deu.official
Expected: KÃ¶nigreich Thailand
     got: Königreich Thailand
 ; [cca2=TH].translations.fra.common
Expected: ThaÃ¯lande
     got: Thaïlande
 ; [cca2=TH].translations.fra.official
Expected: Royaume de ThaÃ¯lande
     got: Royaume de Thaïlande
 ; [cca2=TH].translations.hun.common
Expected: ThaifÃ¶ld
     got: Thaiföld
 ; [cca2=TH].translations.hun.official
Expected: ThaifÃ¶ldi KirÃ¡lysÃ¡g
     got: Thaiföldi Királyság
 ; [cca2=TH].translations.jpn.common
Expected: ã‚¿ã‚¤
     got: タイ
 ; [cca2=TH].translations.jpn.official
Expected: ã‚¿ã‚¤çŽ‹å›½
     got: タイ王国
 ; [cca2=TH].translations.kor.common
Expected: íƒœêµ­
     got: 태국
 ; [cca2=TH].translations.kor.official
Expected: íƒ€ì�´ ì™•êµ­
     got: 타이 왕국
 ; [cca2=TH].translations.per.common
Expected: ØªØ§ÛŒÙ„Ù†Ø¯
     got: تایلند
 ; [cca2=TH].translations.per.official
Expected: Ù¾Ø§Ø¯Ø´Ø§Ù‡ÛŒ ØªØ§ÛŒÙ„Ù†Ø¯
     got: پادشاهی تایلند
 ; [cca2=TH].translations.pol.official
Expected: KrÃ³lestwo Tajlandii
     got: Królestwo Tajlandii
 ; [cca2=TH].translations.por.common
Expected: TailÃ¢ndia
     got: Tailândia
 ; [cca2=TH].translations.por.official
Expected: Reino da TailÃ¢ndia
     got: Reino da Tailândia
 ; [cca2=TH].translations.rus.common
Expected: Ð¢Ð°Ð¸Ð»Ð°Ð½Ð´
     got: Таиланд
 ; [cca2=TH].translations.rus.official
Expected: ÐšÐ¾Ñ€Ð¾Ð»ÐµÐ²Ñ�Ñ‚Ð²Ð¾ Ð¢Ð°Ð¸Ð»Ð°Ð½Ð´
     got: Королевство Таиланд
 ; [cca2=TH].translations.slk.official
Expected: ThajskÃ© krÃ¡Ä¾ovstvo
     got: Thajské kráľovstvo
 ; [cca2=TH].translations.srp.common
Expected: Ð¢Ð°Ñ˜Ð»Ð°Ð½Ð´
     got: Тајланд
 ; [cca2=TH].translations.srp.official
Expected: ÐšÑ€Ð°Ñ™ÐµÐ²Ð¸Ð½Ð° Ð¢Ð°Ñ˜Ð»Ð°Ð½Ð´
     got: Краљевина Тајланд
 ; [cca2=TH].translations.tur.official
Expected: Tayland KrallÄ±ÄŸÄ±
     got: Tayland Krallığı
 ; [cca2=TH].translations.urd.common
Expected: ØªÚ¾Ø§Ø¦ÛŒ Ù„ÛŒÙ†Úˆ
     got: تھائی لینڈ
 ; [cca2=TH].translations.urd.official
Expected: Ù…Ù…Ù„Ú©ØªÙ� ØªÚ¾Ø§Ø¦ÛŒ Ù„ÛŒÙ†Úˆ
     got: مملکتِ تھائی لینڈ
 ; [cca2=TH].translations.zho.common
Expected: æ³°å›½
     got: 泰国
 ; [cca2=TH].translations.zho.official
Expected: æ³°çŽ‹å›½
     got: 泰王国
 ; [cca2=CW].altSpellings[]
Expected: Land CuraÃ§ao
     but none found
 ; [cca2=CW].altSpellings[]
Expected: Country of CuraÃ§ao
     but none found
 ; [cca2=CW].altSpellings[]
Expected: KÃ²rsou
     but none found
 ; [cca2=CW].altSpellings[]
Expected: Pais KÃ²rsou
     but none found
 ; [cca2=CW].altSpellings[]
Unexpected: Country of Curaçao
 ; [cca2=CW].altSpellings[]
Unexpected: Pais Kòrsou
 ; [cca2=CW].altSpellings[]
Unexpected: Kòrsou
 ; [cca2=CW].altSpellings[]
Unexpected: Land Curaçao
 ; [cca2=CW].currencies.ANG.symbol
Expected: Æ’
     got: ƒ
 ; [cca2=CW].demonyms.eng.f
Expected: CuraÃ§aoan
     got: Curaçaoan
 ; [cca2=CW].demonyms.eng.m
Expected: CuraÃ§aoan
     got: Curaçaoan
 ; [cca2=CW].flag
Expected: ðŸ‡¨ðŸ‡¼
     got: 🇨🇼
 ; [cca2=CW].name.common
Expected: CuraÃ§ao
     got: Curaçao
 ; [cca2=CW].name.nativeName.eng.common
Expected: CuraÃ§ao
     got: Curaçao
 ; [cca2=CW].name.nativeName.eng.official
Expected: Country of CuraÃ§ao
     got: Country of Curaçao
 ; [cca2=CW].name.nativeName.nld.common
Expected: CuraÃ§ao
     got: Curaçao
 ; [cca2=CW].name.nativeName.nld.official
Expected: Land CuraÃ§ao
     got: Land Curaçao
 ; [cca2=CW].name.nativeName.pap.common
Expected: Pais KÃ²rsou
     got: Pais Kòrsou
 ; [cca2=CW].name.nativeName.pap.official
Expected: Pais KÃ²rsou
     got: Pais Kòrsou
 ; [cca2=CW].name.official
Expected: Country of CuraÃ§ao
     got: Country of Curaçao
 ; [cca2=CW].translations.ara.common
Expected: ÙƒÙˆØ±Ø§Ø³Ø§Ùˆ
     got: كوراساو
 ; [cca2=CW].translations.ara.official
Expected: Ø¯ÙˆÙ„Ø© ÙƒÙˆØ±Ø§Ø³Ø§Ùˆ
     got: دولة كوراساو
 ; [cca2=CW].translations.bre.common
Expected: CuraÃ§ao
     got: Curaçao
 ; [cca2=CW].translations.bre.official
Expected: Bro CuraÃ§ao
     got: Bro Curaçao
 ; [cca2=CW].translations.ces.common
Expected: CuraÃ§ao
     got: Curaçao
 ; [cca2=CW].translations.ces.official
Expected: AutonomnÃ­ zemÄ› CuraÃ§ao
     got: Autonomní země Curaçao
 ; [cca2=CW].translations.cym.common
Expected: CuraÃ§ao
     got: Curaçao
 ; [cca2=CW].translations.cym.official
Expected: Country of CuraÃ§ao
     got: Country of Curaçao
 ; [cca2=CW].translations.deu.common
Expected: CuraÃ§ao
     got: Curaçao
 ; [cca2=CW].translations.deu.official
Expected: Land CuraÃ§ao
     got: Land Curaçao
 ; [cca2=CW].translations.est.common
Expected: CuraÃ§ao
     got: Curaçao
 ; [cca2=CW].translations.est.official
Expected: CuraÃ§ao
     got: Curaçao
 ; [cca2=CW].translations.fin.common
Expected: CuraÃ§ao
     got: Curaçao
 ; [cca2=CW].translations.fin.official
Expected: CuraÃ§ao
     got: Curaçao
 ; [cca2=CW].translations.fra.common
Expected: CuraÃ§ao
     got: Curaçao
 ; [cca2=CW].translations.fra.official
Expected: Pays de CuraÃ§ao
     got: Pays de Curaçao
 ; [cca2=CW].translations.hun.common
Expected: CuraÃ§ao
     got: Curaçao
 ; [cca2=CW].translations.hun.official
Expected: CuraÃ§ao
     got: Curaçao
 ; [cca2=CW].translations.ita.common
Expected: CuraÃ§ao
     got: Curaçao
 ; [cca2=CW].translations.ita.official
Expected: Paese di CuraÃ§ao
     got: Paese di Curaçao
 ; [cca2=CW].translations.kor.common
Expected: í€´ë�¼ì†Œ
     got: 퀴라소
 ; [cca2=CW].translations.kor.official
Expected: í€´ë�¼ì†Œ
     got: 퀴라소
 ; [cca2=CW].translations.nld.common
Expected: CuraÃ§ao
     got: Curaçao
 ; [cca2=CW].translations.nld.official
Expected: Land CuraÃ§ao
     got: Land Curaçao
 ; [cca2=CW].translations.per.common
Expected: Ú©ÙˆØ±Ø§Ø³Ø§Ø¦Ùˆ
     got: کوراسائو
 ; [cca2=CW].translations.per.official
Expected: Ú©ÙˆØ±Ø§Ø³Ø§Ø¦Ùˆ
     got: کوراسائو
 ; [cca2=CW].translations.pol.common
Expected: CuraÃ§ao
     got: Curaçao
 ; [cca2=CW].translations.pol.official
Expected: CuraÃ§ao
     got: Curaçao
 ; [cca2=CW].translations.por.common
Expected: ilha da CuraÃ§Ã£o
     got: ilha da Curação
 ; [cca2=CW].translations.por.official
Expected: PaÃ­s de CuraÃ§ao
     got: País de Curaçao
 ; [cca2=CW].translations.rus.common
Expected: ÐšÑŽÑ€Ð°Ñ�Ð°Ð¾
     got: Кюрасао
 ; [cca2=CW].translations.rus.official
Expected: Ð¡Ñ‚Ñ€Ð°Ð½Ð° ÐšÑŽÑ€Ð°Ñ�Ð°Ð¾
     got: Страна Кюрасао
 ; [cca2=CW].translations.spa.official
Expected: PaÃ­s de Curazao
     got: País de Curazao
 ; [cca2=CW].translations.srp.common
Expected: ÐšÑƒÑ€Ð°Ñ�Ð°Ð¾
     got: Курасао
 ; [cca2=CW].translations.srp.official
Expected: ÐšÑƒÑ€Ð°Ñ�Ð°Ð¾
     got: Курасао
 ; [cca2=CW].translations.swe.common
Expected: CuraÃ§ao
     got: Curaçao
 ; [cca2=CW].translations.swe.official
Expected: CuraÃ§ao
     got: Curaçao
 ; [cca2=CW].translations.tur.common
Expected: CuraÃ§ao
     got: Curaçao
 ; [cca2=CW].translations.tur.official
Expected: CuraÃ§ao
     got: Curaçao
 ; [cca2=CW].translations.urd.common
Expected: Ú©ÛŒÙˆØ±Ø§Ø³Ø§Ø¤
     got: کیوراساؤ
 ; [cca2=CW].translations.urd.official
Expected: Ù…Ù…Ù„Ú©ØªÙ� Ú©ÛŒÙˆØ±Ø§Ø³Ø§Ø¤
     got: مملکتِ کیوراساؤ
 ; [cca2=CW].translations.zho.common
Expected: åº“æ‹‰ç´¢
     got: 库拉索
 ; [cca2=CW].translations.zho.official
Expected: åº“æ‹‰ç´¢
     got: 库拉索
 ; [cca2=CX].flag
Expected: ðŸ‡¨ðŸ‡½
     got: 🇨🇽
 ; [cca2=CX].translations.ara.common
Expected: Ø¬Ø²ÙŠØ±Ø© ÙƒØ±ÙŠØ³Ù…Ø§Ø³
     got: جزيرة كريسماس
 ; [cca2=CX].translations.ara.official
Expected: Ø¬Ø²ÙŠØ±Ø© ÙƒØ±ÙŠØ³Ù…Ø§Ø³
     got: جزيرة كريسماس
 ; [cca2=CX].translations.ces.common
Expected: VÃ¡noÄ�nÃ­ ostrov
     got: Vánoční ostrov
 ; [cca2=CX].translations.ces.official
Expected: Teritorium VÃ¡noÄ�nÃ­ho ostrova
     got: Teritorium Vánočního ostrova
 ; [cca2=CX].translations.est.common
Expected: JÃµulusaar
     got: Jõulusaar
 ; [cca2=CX].translations.est.official
Expected: JÃµulusaare ala
     got: Jõulusaare ala
 ; [cca2=CX].translations.fra.common
Expected: ÃŽle Christmas
     got: Île Christmas
 ; [cca2=CX].translations.fra.official
Expected: Territoire de l&apos;Ã®le Christmas
     got: Territoire de l&apos;île Christmas
 ; [cca2=CX].translations.hrv.common
Expected: BoÅ¾iÄ‡ni otok
     got: Božićni otok
 ; [cca2=CX].translations.hrv.official
Expected: Teritorij BoÅ¾iÄ‡ni otok
     got: Teritorij Božićni otok
 ; [cca2=CX].translations.hun.common
Expected: KarÃ¡csony-sziget
     got: Karácsony-sziget
 ; [cca2=CX].translations.hun.official
Expected: KarÃ¡csony-sziget
     got: Karácsony-sziget
 ; [cca2=CX].translations.jpn.common
Expected: ã‚¯ãƒªã‚¹ãƒžã‚¹å³¶
     got: クリスマス島
 ; [cca2=CX].translations.jpn.official
Expected: ã‚¯ãƒªã‚¹ãƒžã‚¹å³¶ã�®é ˜åœŸ
     got: クリスマス島の領土
 ; [cca2=CX].translations.kor.common
Expected: í�¬ë¦¬ìŠ¤ë§ˆìŠ¤ ì„¬
     got: 크리스마스 섬
 ; [cca2=CX].translations.kor.official
Expected: í�¬ë¦¬ìŠ¤ë§ˆìŠ¤ ì„¬
     got: 크리스마스 섬
 ; [cca2=CX].translations.per.common
Expected: Ø¬Ø²ÛŒØ±Ù‡Ù” Ú©Ø±ÛŒØ³Ù…Ø³
     got: جزیرهٔ کریسمس
 ; [cca2=CX].translations.per.official
Expected: Ø¬Ø²ÛŒØ±Ù‡Ù” Ú©Ø±ÛŒØ³Ù…Ø³
     got: جزیرهٔ کریسمس
 ; [cca2=CX].translations.pol.common
Expected: Wyspa BoÅ¼ego Narodzenia
     got: Wyspa Bożego Narodzenia
 ; [cca2=CX].translations.pol.official
Expected: Wyspa BoÅ¼ego Narodzenia
     got: Wyspa Bożego Narodzenia
 ; [cca2=CX].translations.por.official
Expected: TerritÃ³rio da Ilha Christmas
     got: Território da Ilha Christmas
 ; [cca2=CX].translations.rus.common
Expected: ÐžÑ�Ñ‚Ñ€Ð¾Ð² Ð Ð¾Ð¶Ð´ÐµÑ�Ñ‚Ð²Ð°
     got: Остров Рождества
 ; [cca2=CX].translations.rus.official
Expected: Ð¢ÐµÑ€Ñ€Ð¸Ñ‚Ð¾Ñ€Ð¸Ñ� Ð¾Ñ�Ñ‚Ñ€Ð¾Ð²Ð° Ð Ð¾Ð¶Ð´ÐµÑ�Ñ‚Ð²Ð°
     got: Территория острова Рождества
 ; [cca2=CX].translations.slk.common
Expected: VianoÄ�nÃº ostrov
     got: Vianočnú ostrov
 ; [cca2=CX].translations.slk.official
Expected: TeritÃ³rium VianoÄ�nÃ©ho ostrova
     got: Teritórium Vianočného ostrova
 ; [cca2=CX].translations.srp.common
Expected: Ð‘Ð¾Ð¶Ð¸Ñ›Ð½Ð¾ ÐžÑ�Ñ‚Ñ€Ð²Ð¾
     got: Божићно Острво
 ; [cca2=CX].translations.srp.official
Expected: Ð‘Ð¾Ð¶Ð¸Ñ›Ð½Ð¾ ÐžÑ�Ñ‚Ñ€Ð²Ð¾
     got: Божићно Острво
 ; [cca2=CX].translations.swe.common
Expected: JulÃ¶n
     got: Julön
 ; [cca2=CX].translations.swe.official
Expected: JulÃ¶n
     got: Julön
 ; [cca2=CX].translations.tur.common
Expected: Christmas AdasÄ±
     got: Christmas Adası
 ; [cca2=CX].translations.tur.official
Expected: Christmas AdasÄ±
     got: Christmas Adası
 ; [cca2=CX].translations.urd.common
Expected: Ø¬Ø²ÛŒØ±Û� Ú©Ø±Ø³Ù…Ø³
     got: جزیرہ کرسمس
 ; [cca2=CX].translations.urd.official
Expected: Ø±ÛŒØ§Ø³ØªÙ� Ø¬Ø²ÛŒØ±Û� Ú©Ø±Ø³Ù…Ø³
     got: ریاستِ جزیرہ کرسمس
 ; [cca2=CX].translations.zho.common
Expected: åœ£è¯žå²›
     got: 圣诞岛
 ; [cca2=CX].translations.zho.official
Expected: åœ£è¯žå²›
     got: 圣诞岛
 ; [cca2=CY].altSpellings[]
Expected: ÎšÏ…Ï€Ï�Î¹Î±ÎºÎ® Î”Î·Î¼Î¿ÎºÏ�Î±Ï„Î¯Î±
     but none found
 ; [cca2=CY].altSpellings[]
Expected: KÄ±brÄ±s Cumhuriyeti
     but none found
 ; [cca2=CY].altSpellings[]
Expected: KÃ½pros
     but none found
 ; [cca2=CY].altSpellings[]
Expected: KÄ±brÄ±s
     but none found
 ; [cca2=CY].altSpellings[]
Unexpected: Kýpros
 ; [cca2=CY].altSpellings[]
Unexpected: Κυπριακή Δημοκρατία
 ; [cca2=CY].altSpellings[]
Unexpected: Kıbrıs
 ; [cca2=CY].altSpellings[]
Unexpected: Kıbrıs Cumhuriyeti
 ; [cca2=CY].currencies.EUR.symbol
Expected: â‚¬
     got: €
 ; [cca2=CY].flag
Expected: ðŸ‡¨ðŸ‡¾
     got: 🇨🇾
 ; [cca2=CY].name.nativeName.ell.common
Expected: ÎšÏ�Ï€Ï�Î¿Ï‚
     got: Κύπρος
 ; [cca2=CY].name.nativeName.ell.official
Expected: Î”Î·Î¼Î¿ÎºÏ�Î±Ï„Î¯Î± Ï„Î·Ï‚ ÎšÏ�Ï€Ï�Î¿Ï‚
     got: Δημοκρατία της Κύπρος
 ; [cca2=CY].name.nativeName.tur.common
Expected: KÄ±brÄ±s
     got: Kıbrıs
 ; [cca2=CY].name.nativeName.tur.official
Expected: KÄ±brÄ±s Cumhuriyeti
     got: Kıbrıs Cumhuriyeti
 ; [cca2=CY].translations.ara.common
Expected: Ù‚Ø¨Ø±Øµ
     got: قبرص
 ; [cca2=CY].translations.ara.official
Expected: Ø¬Ù…Ù‡ÙˆØ±ÙŠØ© Ù‚Ø¨Ø±Øµ
     got: جمهورية قبرص
 ; [cca2=CY].translations.ces.official
Expected: KyperskÃ¡ republika
     got: Kyperská republika
 ; [cca2=CY].translations.est.common
Expected: KÃ¼pros
     got: Küpros
 ; [cca2=CY].translations.est.official
Expected: KÃ¼prose Vabariik
     got: Küprose Vabariik
 ; [cca2=CY].translations.fra.official
Expected: RÃ©publique de Chypre
     got: République de Chypre
 ; [cca2=CY].translations.hun.official
Expected: Ciprusi KÃ¶ztÃ¡rsasÃ¡g
     got: Ciprusi Köztársaság
 ; [cca2=CY].translations.jpn.common
Expected: ã‚­ãƒ—ãƒ­ã‚¹
     got: キプロス
 ; [cca2=CY].translations.jpn.official
Expected: ã‚­ãƒ—ãƒ­ã‚¹å…±å’Œå›½
     got: キプロス共和国
 ; [cca2=CY].translations.kor.common
Expected: í‚¤í”„ë¡œìŠ¤
     got: 키프로스
 ; [cca2=CY].translations.kor.official
Expected: í‚¤í”„ë¡œìŠ¤ ê³µí™”êµ­
     got: 키프로스 공화국
 ; [cca2=CY].translations.per.common
Expected: Ù‚Ù�Ø¨Ø±Ù�Ø³
     got: قِبرِس
 ; [cca2=CY].translations.per.official
Expected: Ø¬Ù…Ù‡ÙˆØ±ÛŒ Ù‚Ø¨Ø±Ø³
     got: جمهوری قبرس
 ; [cca2=CY].translations.por.official
Expected: RepÃºblica de Chipre
     got: República de Chipre
 ; [cca2=CY].translations.rus.common
Expected: ÐšÐ¸Ð¿Ñ€
     got: Кипр
 ; [cca2=CY].translations.rus.official
Expected: Ð ÐµÑ�Ð¿ÑƒÐ±Ð»Ð¸ÐºÐ° ÐšÐ¸Ð¿Ñ€
     got: Республика Кипр
 ; [cca2=CY].translations.slk.official
Expected: CyperskÃ¡ republika
     got: Cyperská republika
 ; [cca2=CY].translations.spa.official
Expected: RepÃºblica de Chipre
     got: República de Chipre
 ; [cca2=CY].translations.srp.common
Expected: ÐšÐ¸Ð¿Ð°Ñ€
     got: Кипар
 ; [cca2=CY].translations.srp.official
Expected: ÐšÐ¸Ð¿Ð°Ñ€Ñ�ÐºÐ° Ð ÐµÐ¿ÑƒÐ±Ð»Ð¸ÐºÐ°
     got: Кипарска Република
 ; [cca2=CY].translations.tur.common
Expected: KÄ±brÄ±s
     got: Kıbrıs
 ; [cca2=CY].translations.tur.official
Expected: KÄ±brÄ±s Cumhuriyeti
     got: Kıbrıs Cumhuriyeti
 ; [cca2=CY].translations.urd.common
Expected: Ù‚Ø¨Ø±Øµ
     got: قبرص
 ; [cca2=CY].translations.urd.official
Expected: Ø¬Ù…Û�ÙˆØ±ÛŒÛ� Ù‚Ø¨Ø±Øµ
     got: جمہوریہ قبرص
 ; [cca2=CY].translations.zho.common
Expected: å¡žæµ¦è·¯æ–¯
     got: 塞浦路斯
 ; [cca2=CY].translations.zho.official
Expected: å¡žæµ¦è·¯æ–¯å…±å’Œå›½
     got: 塞浦路斯共和国
 ; [cca2=TJ].altSpellings[]
Expected: Ò¶ÑƒÐ¼Ò³ÑƒÑ€Ð¸Ð¸ Ð¢Ð¾Ò·Ð¸ÐºÐ¸Ñ�Ñ‚Ð¾Ð½
     but none found
 ; [cca2=TJ].altSpellings[]
Expected: ToÃ§ikiston
     but none found
 ; [cca2=TJ].altSpellings[]
Expected: Ã‡umhuriyi ToÃ§ikiston
     but none found
 ; [cca2=TJ].altSpellings[]
Unexpected: Çumhuriyi Toçikiston
 ; [cca2=TJ].altSpellings[]
Unexpected: Ҷумҳурии Тоҷикистон
 ; [cca2=TJ].altSpellings[]
Unexpected: Toçikiston
 ; [cca2=TJ].currencies.TJS.symbol
Expected: Ð…Ðœ
     got: ЅМ
 ; [cca2=TJ].flag
Expected: ðŸ‡¹ðŸ‡¯
     got: 🇹🇯
 ; [cca2=TJ].name.nativeName.rus.common
Expected: Ð¢Ð°Ð´Ð¶Ð¸ÐºÐ¸Ñ�Ñ‚Ð°Ð½
     got: Таджикистан
 ; [cca2=TJ].name.nativeName.rus.official
Expected: Ð ÐµÑ�Ð¿ÑƒÐ±Ð»Ð¸ÐºÐ° Ð¢Ð°Ð´Ð¶Ð¸ÐºÐ¸Ñ�Ñ‚Ð°Ð½
     got: Республика Таджикистан
 ; [cca2=TJ].name.nativeName.tgk.common
Expected: Ð¢Ð¾Ò·Ð¸ÐºÐ¸Ñ�Ñ‚Ð¾Ð½
     got: Тоҷикистон
 ; [cca2=TJ].name.nativeName.tgk.official
Expected: Ò¶ÑƒÐ¼Ò³ÑƒÑ€Ð¸Ð¸ Ð¢Ð¾Ò·Ð¸ÐºÐ¸Ñ�Ñ‚Ð¾Ð½
     got: Ҷумҳурии Тоҷикистон
 ; [cca2=TJ].translations.ara.common
Expected: Ø·Ø§Ø¬ÙŠÙƒØ³ØªØ§Ù†
     got: طاجيكستان
 ; [cca2=TJ].translations.ara.official
Expected: Ø¬Ù…Ù‡ÙˆØ±ÙŠØ© Ø·Ø§Ø¬ÙŠÙƒØ³ØªØ§Ù†
     got: جمهورية طاجيكستان
 ; [cca2=TJ].translations.ces.common
Expected: TÃ¡dÅ¾ikistÃ¡n
     got: Tádžikistán
 ; [cca2=TJ].translations.ces.official
Expected: Republika TÃ¡dÅ¾ikistÃ¡n
     got: Republika Tádžikistán
 ; [cca2=TJ].translations.est.common
Expected: TadÅ¾ikistan
     got: Tadžikistan
 ; [cca2=TJ].translations.est.official
Expected: TadÅ¾ikistani Vabariik
     got: Tadžikistani Vabariik
 ; [cca2=TJ].translations.fin.common
Expected: TadÅ¾ikistan
     got: Tadžikistan
 ; [cca2=TJ].translations.fin.official
Expected: TadÅ¾ikistanin tasavalta
     got: Tadžikistanin tasavalta
 ; [cca2=TJ].translations.fra.official
Expected: RÃ©publique du Tadjikistan
     got: République du Tadjikistan
 ; [cca2=TJ].translations.hrv.common
Expected: TaÄ‘ikistan
     got: Tađikistan
 ; [cca2=TJ].translations.hrv.official
Expected: Republika TadÅ¾ikistan
     got: Republika Tadžikistan
 ; [cca2=TJ].translations.hun.common
Expected: TÃ¡dzsikisztÃ¡n
     got: Tádzsikisztán
 ; [cca2=TJ].translations.hun.official
Expected: TÃ¡dzsik KÃ¶ztÃ¡rsasÃ¡g
     got: Tádzsik Köztársaság
 ; [cca2=TJ].translations.jpn.common
Expected: ã‚¿ã‚¸ã‚­ã‚¹ã‚¿ãƒ³
     got: タジキスタン
 ; [cca2=TJ].translations.jpn.official
Expected: ã‚¿ã‚¸ã‚­ã‚¹ã‚¿ãƒ³å…±å’Œå›½
     got: タジキスタン共和国
 ; [cca2=TJ].translations.kor.common
Expected: íƒ€ì§€í‚¤ìŠ¤íƒ„
     got: 타지키스탄
 ; [cca2=TJ].translations.kor.official
Expected: íƒ€ì§€í‚¤ìŠ¤íƒ„ ê³µí™”êµ­
     got: 타지키스탄 공화국
 ; [cca2=TJ].translations.per.common
Expected: ØªØ§Ø¬ÛŒÚ©Ù�Ø³ØªØ§Ù†
     got: تاجیکِستان
 ; [cca2=TJ].translations.per.official
Expected: Ø¬Ù…Ù‡ÙˆØ±ÛŒ ØªØ§Ø¬ÛŒÚ©Ø³ØªØ§Ù†
     got: جمهوری تاجیکستان
 ; [cca2=TJ].translations.pol.common
Expected: TadÅ¼ykistan
     got: Tadżykistan
 ; [cca2=TJ].translations.pol.official
Expected: Republika TadÅ¼ykistanu
     got: Republika Tadżykistanu
 ; [cca2=TJ].translations.por.common
Expected: TajiquistÃ£o
     got: Tajiquistão
 ; [cca2=TJ].translations.por.official
Expected: RepÃºblica do TajiquistÃ£o
     got: República do Tajiquistão
 ; [cca2=TJ].translations.rus.common
Expected: Ð¢Ð°Ð´Ð¶Ð¸ÐºÐ¸Ñ�Ñ‚Ð°Ð½
     got: Таджикистан
 ; [cca2=TJ].translations.rus.official
Expected: Ð ÐµÑ�Ð¿ÑƒÐ±Ð»Ð¸ÐºÐ° Ð¢Ð°Ð´Ð¶Ð¸ÐºÐ¸Ñ�Ñ‚Ð°Ð½
     got: Республика Таджикистан
 ; [cca2=TJ].translations.slk.common
Expected: TaÇ†ikistan
     got: Taǆikistan
 ; [cca2=TJ].translations.slk.official
Expected: TaÇ†ickÃ¡ republika
     got: Taǆická republika
 ; [cca2=TJ].translations.spa.common
Expected: TayikistÃ¡n
     got: Tayikistán
 ; [cca2=TJ].translations.spa.official
Expected: RepÃºblica de TayikistÃ¡n
     got: República de Tayikistán
 ; [cca2=TJ].translations.srp.common
Expected: Ð¢Ð°ÑŸÐ¸ÐºÐ¸Ñ�Ñ‚Ð°Ð½
     got: Таџикистан
 ; [cca2=TJ].translations.srp.official
Expected: Ð ÐµÐ¿ÑƒÐ±Ð»Ð¸ÐºÐ° Ð¢Ð°ÑŸÐ¸ÐºÐ¸Ñ�Ñ‚Ð°Ð½
     got: Република Таџикистан
 ; [cca2=TJ].translations.urd.common
Expected: ØªØ§Ø¬Ú©Ø³ØªØ§Ù†
     got: تاجکستان
 ; [cca2=TJ].translations.urd.official
Expected: Ø¬Ù…Û�ÙˆØ±ÛŒÛ� ØªØ§Ø¬Ú©Ø³ØªØ§Ù†
     got: جمہوریہ تاجکستان
 ; [cca2=TJ].translations.zho.common
Expected: å¡”å�‰å…‹æ–¯å�¦
     got: 塔吉克斯坦
 ; [cca2=TJ].translations.zho.official
Expected: å¡”å�‰å…‹æ–¯å�¦å…±å’Œå›½
     got: 塔吉克斯坦共和国
 ; [cca2=CZ].altSpellings[]
Expected: ÄŒesko
     but none found
 ; [cca2=CZ].altSpellings[]
Expected: ÄŒeskÃ¡ republika
     but none found
 ; [cca2=CZ].altSpellings[]
Unexpected: Česká republika
 ; [cca2=CZ].altSpellings[]
Unexpected: Česko
 ; [cca2=CZ].currencies.CZK.symbol
Expected: KÄ�
     got: Kč
 ; [cca2=CZ].demonyms.fra.f
Expected: TchÃ¨que
     got: Tchèque
 ; [cca2=CZ].demonyms.fra.m
Expected: TchÃ¨que
     got: Tchèque
 ; [cca2=CZ].flag
Expected: ðŸ‡¨ðŸ‡¿
     got: 🇨🇿
 ; [cca2=CZ].name.nativeName.ces.common
Expected: ÄŒesko
     got: Česko
 ; [cca2=CZ].name.nativeName.ces.official
Expected: ÄŒeskÃ¡ republika
     got: Česká republika
 ; [cca2=CZ].name.nativeName.slk.common
Expected: ÄŒesko
     got: Česko
 ; [cca2=CZ].name.nativeName.slk.official
Expected: ÄŒeskÃ¡ republika
     got: Česká republika
 ; [cca2=CZ].translations.ara.common
Expected: Ø§Ù„ØªØ´ÙŠÙƒ
     got: التشيك
 ; [cca2=CZ].translations.ara.official
Expected: Ø¬Ù…Ù‡ÙˆØ±ÙŠØ© Ø§Ù„ØªØ´ÙŠÙƒ
     got: جمهورية التشيك
 ; [cca2=CZ].translations.ces.common
Expected: ÄŒesko
     got: Česko
 ; [cca2=CZ].translations.ces.official
Expected: ÄŒeskÃ¡ republika
     got: Česká republika
 ; [cca2=CZ].translations.est.common
Expected: TÅ¡ehhi
     got: Tšehhi
 ; [cca2=CZ].translations.est.official
Expected: TÅ¡ehhi Vabariik
     got: Tšehhi Vabariik
 ; [cca2=CZ].translations.fin.common
Expected: TÅ¡ekki
     got: Tšekki
 ; [cca2=CZ].translations.fin.official
Expected: TÅ¡ekin tasavalta
     got: Tšekin tasavalta
 ; [cca2=CZ].translations.fra.common
Expected: TchÃ©quie
     got: Tchéquie
 ; [cca2=CZ].translations.fra.official
Expected: RÃ©publique tchÃ¨que
     got: République tchèque
 ; [cca2=CZ].translations.hrv.common
Expected: ÄŒeÅ¡ka
     got: Češka
 ; [cca2=CZ].translations.hrv.official
Expected: ÄŒeÅ¡ka
     got: Češka
 ; [cca2=CZ].translations.hun.common
Expected: CsehorszÃ¡g
     got: Csehország
 ; [cca2=CZ].translations.hun.official
Expected: Cseh KÃ¶ztÃ¡rsasÃ¡g
     got: Cseh Köztársaság
 ; [cca2=CZ].translations.jpn.common
Expected: ãƒ�ã‚§ã‚³
     got: チェコ
 ; [cca2=CZ].translations.jpn.official
Expected: ãƒ�ã‚§ã‚³å…±å’Œå›½
     got: チェコ共和国
 ; [cca2=CZ].translations.kor.common
Expected: ì²´ì½”
     got: 체코
 ; [cca2=CZ].translations.kor.official
Expected: ì²´ì½”
     got: 체코
 ; [cca2=CZ].translations.nld.common
Expected: TsjechiÃ«
     got: Tsjechië
 ; [cca2=CZ].translations.per.common
Expected: Ø¬Ù…Ù‡ÙˆØ±ÛŒ Ú†Ú©
     got: جمهوری چک
 ; [cca2=CZ].translations.per.official
Expected: Ø¬Ù…Ù‡ÙˆØ±ÛŒ Ú†Ú©
     got: جمهوری چک
 ; [cca2=CZ].translations.por.common
Expected: ChÃ©quia
     got: Chéquia
 ; [cca2=CZ].translations.por.official
Expected: RepÃºblica Checa
     got: República Checa
 ; [cca2=CZ].translations.rus.common
Expected: Ð§ÐµÑ…Ð¸Ñ�
     got: Чехия
 ; [cca2=CZ].translations.rus.official
Expected: Ð§ÐµÑˆÑ�ÐºÐ°Ñ� Ð ÐµÑ�Ð¿ÑƒÐ±Ð»Ð¸ÐºÐ°
     got: Чешская Республика
 ; [cca2=CZ].translations.slk.common
Expected: ÄŒesko
     got: Česko
 ; [cca2=CZ].translations.slk.official
Expected: ÄŒeskÃ¡ republika
     got: Česká republika
 ; [cca2=CZ].translations.spa.official
Expected: RepÃºblica Checa
     got: República Checa
 ; [cca2=CZ].translations.srp.common
Expected: Ð§ÐµÑˆÐºÐ°
     got: Чешка
 ; [cca2=CZ].translations.srp.official
Expected: Ð§ÐµÑˆÐºÐ° Ð ÐµÐ¿ÑƒÐ±Ð»Ð¸ÐºÐ°
     got: Чешка Република
 ; [cca2=CZ].translations.tur.common
Expected: Ã‡ekya
     got: Çekya
 ; [cca2=CZ].translations.tur.official
Expected: Ã‡ek Cumhuriyeti
     got: Çek Cumhuriyeti
 ; [cca2=CZ].translations.urd.common
Expected: Ú†ÙŠÚ©
     got: چيک
 ; [cca2=CZ].translations.urd.official
Expected: Ú†ÙŠÚ© Ø¬Ù…Û�ÙˆØ±ÙŠÛ�
     got: چيک جمہوريہ
 ; [cca2=CZ].translations.zho.common
Expected: æ�·å…‹
     got: 捷克
 ; [cca2=CZ].translations.zho.official
Expected: æ�·å…‹å…±å’Œå›½
     got: 捷克共和国
 ; [cca2=TK].flag
Expected: ðŸ‡¹ðŸ‡°
     got: 🇹🇰
 ; [cca2=TK].translations.ara.common
Expected: ØªÙˆÙƒÙŠÙ„Ø§Ùˆ
     got: توكيلاو
 ; [cca2=TK].translations.ara.official
Expected: ØªÙˆÙƒÙŠÙ„Ø§Ùˆ
     got: توكيلاو
 ; [cca2=TK].translations.fra.official
Expected: ÃŽles Tokelau
     got: Îles Tokelau
 ; [cca2=TK].translations.jpn.common
Expected: ãƒˆã‚±ãƒ©ã‚¦
     got: トケラウ
 ; [cca2=TK].translations.jpn.official
Expected: ãƒˆã‚±ãƒ©ã‚¦è«¸å³¶
     got: トケラウ諸島
 ; [cca2=TK].translations.kor.common
Expected: í† ì¼ˆë�¼ìš°
     got: 토켈라우
 ; [cca2=TK].translations.kor.official
Expected: í† ì¼ˆë�¼ìš°
     got: 토켈라우
 ; [cca2=TK].translations.per.common
Expected: ØªÙˆÚ©Ù„Ø§Ø¦Ùˆ
     got: توکلائو
 ; [cca2=TK].translations.per.official
Expected: ØªÙˆÚ©Ù„Ø§Ø¦Ùˆ
     got: توکلائو
 ; [cca2=TK].translations.rus.common
Expected: Ð¢Ð¾ÐºÐµÐ»Ð°Ñƒ
     got: Токелау
 ; [cca2=TK].translations.rus.official
Expected: Ð¢Ð¾ÐºÐµÐ»Ð°Ñƒ
     got: Токелау
 ; [cca2=TK].translations.slk.official
Expected: TokelauskÃ© ostrovy
     got: Tokelauské ostrovy
 ; [cca2=TK].translations.srp.common
Expected: Ð¢Ð¾ÐºÐµÐ»Ð°Ñƒ
     got: Токелау
 ; [cca2=TK].translations.srp.official
Expected: Ð¢Ð¾ÐºÐµÐ»Ð°Ñƒ
     got: Токелау
 ; [cca2=TK].translations.swe.common
Expected: TokelauÃ¶arna
     got: Tokelauöarna
 ; [cca2=TK].translations.swe.official
Expected: TokelauÃ¶arna
     got: Tokelauöarna
 ; [cca2=TK].translations.urd.common
Expected: Ù¹ÙˆÚ©ÛŒÙ„Ø§Ø¤
     got: ٹوکیلاؤ
 ; [cca2=TK].translations.urd.official
Expected: Ù¹ÙˆÚ©ÛŒÙ„Ø§Ø¤
     got: ٹوکیلاؤ
 ; [cca2=TK].translations.zho.common
Expected: æ‰˜å…‹åŠ³
     got: 托克劳
 ; [cca2=TK].translations.zho.official
Expected: æ‰˜å…‹åŠ³
     got: 托克劳
 ; [cca2=TL].altSpellings[]
Expected: TimÃ³r Lorosa&apos;e
     but none found
 ; [cca2=TL].altSpellings[]
Expected: RepÃºblika DemokrÃ¡tika TimÃ³r-Leste
     but none found
 ; [cca2=TL].altSpellings[]
Expected: RepÃºblica DemocrÃ¡tica de Timor-Leste
     but none found
 ; [cca2=TL].altSpellings[]
Unexpected: Timór Lorosa&apos;e
 ; [cca2=TL].altSpellings[]
Unexpected: República Democrática de Timor-Leste
 ; [cca2=TL].altSpellings[]
Unexpected: Repúblika Demokrátika Timór-Leste
 ; [cca2=TL].flag
Expected: ðŸ‡¹ðŸ‡±
     got: 🇹🇱
 ; [cca2=TL].name.nativeName.por.official
Expected: RepÃºblica DemocrÃ¡tica de Timor-Leste
     got: República Democrática de Timor-Leste
 ; [cca2=TL].name.nativeName.tet.common
Expected: TimÃ³r-Leste
     got: Timór-Leste
 ; [cca2=TL].name.nativeName.tet.official
Expected: RepÃºblika DemokrÃ¡tika TimÃ³r-Leste
     got: Repúblika Demokrátika Timór-Leste
 ; [cca2=TL].translations.ara.common
Expected: ØªÙŠÙ…ÙˆØ± Ø§Ù„Ø´Ø±Ù‚ÙŠØ©
     got: تيمور الشرقية
 ; [cca2=TL].translations.ara.official
Expected: Ø¬Ù…Ù‡ÙˆØ±ÙŠØ© ØªÙŠÙ…ÙˆØ± Ø§Ù„Ø´Ø±Ù‚ÙŠØ© Ø§Ù„Ø¯ÙŠÙ…Ù‚Ø±Ø§Ø·ÙŠØ©
     got: جمهورية تيمور الشرقية الديمقراطية
 ; [cca2=TL].translations.ces.common
Expected: VÃ½chodnÃ­ Timor
     got: Východní Timor
 ; [cca2=TL].translations.ces.official
Expected: DemokratickÃ¡ republika VÃ½chodnÃ­ Timor
     got: Demokratická republika Východní Timor
 ; [cca2=TL].translations.fin.common
Expected: ItÃ¤-Timor
     got: Itä-Timor
 ; [cca2=TL].translations.fin.official
Expected: ItÃ¤-Timorin demokraattinen tasavalta
     got: Itä-Timorin demokraattinen tasavalta
 ; [cca2=TL].translations.fra.official
Expected: RÃ©publique dÃ©mocratique du Timor oriental
     got: République démocratique du Timor oriental
 ; [cca2=TL].translations.hrv.common
Expected: IstoÄ�ni Timor
     got: Istočni Timor
 ; [cca2=TL].translations.hun.official
Expected: Kelet-timori Demokratikus KÃ¶ztÃ¡rsasÃ¡g
     got: Kelet-timori Demokratikus Köztársaság
 ; [cca2=TL].translations.jpn.common
Expected: æ�±ãƒ†ã‚£ãƒ¢ãƒ¼ãƒ«
     got: 東ティモール
 ; [cca2=TL].translations.jpn.official
Expected: æ�±ãƒ†ã‚£ãƒ¢ãƒ¼ãƒ«æ°‘ä¸»å…±å’Œå›½
     got: 東ティモール民主共和国
 ; [cca2=TL].translations.kor.common
Expected: ë�™í‹°ëª¨ë¥´
     got: 동티모르
 ; [cca2=TL].translations.kor.official
Expected: ë�™í‹°ëª¨ë¥´ ë¯¼ì£¼ ê³µí™”êµ­
     got: 동티모르 민주 공화국
 ; [cca2=TL].translations.per.common
Expected: ØªÛŒÙ…ÙˆØ± Ø´Ø±Ù‚ÛŒ
     got: تیمور شرقی
 ; [cca2=TL].translations.per.official
Expected: Ø¬Ù…Ù‡ÙˆØ±ÛŒ Ø¯Ù…ÙˆÚ©Ø±Ø§ØªÛŒÚ© ØªÛŒÙ…ÙˆØ± Ø´Ø±Ù‚ÛŒ
     got: جمهوری دموکراتیک تیمور شرقی
 ; [cca2=TL].translations.por.official
Expected: RepÃºblica DemocrÃ¡tica de Timor-Leste
     got: República Democrática de Timor-Leste
 ; [cca2=TL].translations.rus.common
Expected: Ð’Ð¾Ñ�Ñ‚Ð¾Ñ‡Ð½Ñ‹Ð¹ Ð¢Ð¸Ð¼Ð¾Ñ€
     got: Восточный Тимор
 ; [cca2=TL].translations.rus.official
Expected: Ð”ÐµÐ¼Ð¾ÐºÑ€Ð°Ñ‚Ð¸Ñ‡ÐµÑ�ÐºÐ°Ñ� Ð ÐµÑ�Ð¿ÑƒÐ±Ð»Ð¸ÐºÐ° Ð¢Ð¸Ð¼Ð¾Ñ€ -Ð›ÐµÑˆÑ‚Ð¸
     got: Демократическая Республика Тимор -Лешти
 ; [cca2=TL].translations.slk.common
Expected: VÃ½chodnÃ½ Timor
     got: Východný Timor
 ; [cca2=TL].translations.slk.official
Expected: VÃ½chodotimorskÃ¡ demokratickÃ¡ republika
     got: Východotimorská demokratická republika
 ; [cca2=TL].translations.spa.official
Expected: RepÃºblica DemocrÃ¡tica de Timor-Leste
     got: República Democrática de Timor-Leste
 ; [cca2=TL].translations.srp.common
Expected: Ð˜Ñ�Ñ‚Ð¾Ñ‡Ð½Ð¸ Ð¢Ð¸Ð¼Ð¾Ñ€
     got: Источни Тимор
 ; [cca2=TL].translations.srp.official
Expected: Ð”ÐµÐ¼Ð¾ÐºÑ€Ð°Ñ‚Ñ�ÐºÐ° Ð ÐµÐ¿ÑƒÐ±Ð»Ð¸ÐºÐ° Ð˜Ñ�Ñ‚Ð¾Ñ‡Ð½Ð¸ Ð¢Ð¸Ð¼Ð¾Ñ€
     got: Демократска Република Источни Тимор
 ; [cca2=TL].translations.swe.common
Expected: Ã–sttimor
     got: Östtimor
 ; [cca2=TL].translations.swe.official
Expected: Demokratiska republiken Ã–sttimor
     got: Demokratiska republiken Östtimor
 ; [cca2=TL].translations.tur.common
Expected: DoÄŸu Timor
     got: Doğu Timor
 ; [cca2=TL].translations.tur.official
Expected: DoÄŸu Timor Demokratik Cumhuriyeti
     got: Doğu Timor Demokratik Cumhuriyeti
 ; [cca2=TL].translations.urd.common
Expected: Ù…Ø´Ø±Ù‚ÛŒ ØªÛŒÙ…ÙˆØ±
     got: مشرقی تیمور
 ; [cca2=TL].translations.urd.official
Expected: Ø¬Ù…Û�ÙˆØ±ÛŒ Ø¬Ù…Û�ÙˆØ±ÛŒÛ� Ù…Ø´Ø±Ù‚ÛŒ ØªÛŒÙ…ÙˆØ±
     got: جمہوری جمہوریہ مشرقی تیمور
 ; [cca2=TL].translations.zho.common
Expected: ä¸œå¸�æ±¶
     got: 东帝汶
 ; [cca2=TL].translations.zho.official
Expected: ä¸œå¸�æ±¶æ°‘ä¸»å…±å’Œå›½
     got: 东帝汶民主共和国
 ; [cca2=TM].demonyms.fra.f
Expected: TurkmÃ¨ne
     got: Turkmène
 ; [cca2=TM].demonyms.fra.m
Expected: TurkmÃ¨ne
     got: Turkmène
 ; [cca2=TM].flag
Expected: ðŸ‡¹ðŸ‡²
     got: 🇹🇲
 ; [cca2=TM].name.nativeName.rus.common
Expected: Ð¢ÑƒÑ€ÐºÐ¼ÐµÐ½Ð¸Ñ�
     got: Туркмения
 ; [cca2=TM].name.nativeName.rus.official
Expected: Ð¢ÑƒÑ€ÐºÐ¼ÐµÐ½Ð¸Ñ�Ñ‚Ð°Ð½
     got: Туркменистан
 ; [cca2=TM].name.nativeName.tuk.common
Expected: TÃ¼rkmenistan
     got: Türkmenistan
 ; [cca2=TM].name.nativeName.tuk.official
Expected: TÃ¼rkmenistan
     got: Türkmenistan
 ; [cca2=TM].translations.ara.common
Expected: ØªØ±ÙƒÙ…Ø§Ù†Ø³ØªØ§Ù†
     got: تركمانستان
 ; [cca2=TM].translations.ara.official
Expected: ØªØ±ÙƒÙ…Ø§Ù†Ø³ØªØ§Ù†
     got: تركمانستان
 ; [cca2=TM].translations.ces.common
Expected: TurkmenistÃ¡n
     got: Turkmenistán
 ; [cca2=TM].translations.ces.official
Expected: TurkmenistÃ¡n
     got: Turkmenistán
 ; [cca2=TM].translations.est.common
Expected: TÃ¼rkmenistan
     got: Türkmenistan
 ; [cca2=TM].translations.est.official
Expected: TÃ¼rkmenistan
     got: Türkmenistan
 ; [cca2=TM].translations.fra.common
Expected: TurkmÃ©nistan
     got: Turkménistan
 ; [cca2=TM].translations.fra.official
Expected: TurkmÃ©nistan
     got: Turkménistan
 ; [cca2=TM].translations.hun.common
Expected: TÃ¼rkmenisztÃ¡n
     got: Türkmenisztán
 ; [cca2=TM].translations.hun.official
Expected: TÃ¼rkmÃ©n KÃ¶ztÃ¡rsasÃ¡g
     got: Türkmén Köztársaság
 ; [cca2=TM].translations.jpn.common
Expected: ãƒˆãƒ«ã‚¯ãƒ¡ãƒ‹ã‚¹ã‚¿ãƒ³
     got: トルクメニスタン
 ; [cca2=TM].translations.jpn.official
Expected: ãƒˆãƒ«ã‚¯ãƒ¡ãƒ‹ã‚¹ã‚¿ãƒ³
     got: トルクメニスタン
 ; [cca2=TM].translations.kor.common
Expected: íˆ¬ë¥´í�¬ë©”ë‹ˆìŠ¤íƒ„
     got: 투르크메니스탄
 ; [cca2=TM].translations.kor.official
Expected: íˆ¬ë¥´í�¬ë©”ë‹ˆìŠ¤íƒ„
     got: 투르크메니스탄
 ; [cca2=TM].translations.per.common
Expected: ØªØ±Ú©Ù…Ù†Ø³ØªØ§Ù†
     got: ترکمنستان
 ; [cca2=TM].translations.per.official
Expected: Ø¬Ù…Ù‡ÙˆØ±ÛŒ Ø®Ù„Ù‚ ØªØ±Ú©Ù…Ù†Ø³ØªØ§Ù†
     got: جمهوری خلق ترکمنستان
 ; [cca2=TM].translations.por.common
Expected: TurquemenistÃ£o
     got: Turquemenistão
 ; [cca2=TM].translations.por.official
Expected: TurcomenistÃ£o
     got: Turcomenistão
 ; [cca2=TM].translations.rus.common
Expected: Ð¢ÑƒÑ€ÐºÐ¼ÐµÐ½Ð¸Ñ�
     got: Туркмения
 ; [cca2=TM].translations.rus.official
Expected: Ð¢ÑƒÑ€ÐºÐ¼ÐµÐ½Ð¸Ñ�Ñ‚Ð°Ð½
     got: Туркменистан
 ; [cca2=TM].translations.slk.common
Expected: TurkmÃ©nsko
     got: Turkménsko
 ; [cca2=TM].translations.slk.official
Expected: TurkmÃ©nsko
     got: Turkménsko
 ; [cca2=TM].translations.spa.common
Expected: TurkmenistÃ¡n
     got: Turkmenistán
 ; [cca2=TM].translations.spa.official
Expected: TurkmenistÃ¡n
     got: Turkmenistán
 ; [cca2=TM].translations.srp.common
Expected: Ð¢ÑƒÑ€ÐºÐ¼ÐµÐ½Ð¸Ñ�Ñ‚Ð°Ð½
     got: Туркменистан
 ; [cca2=TM].translations.srp.official
Expected: Ð¢ÑƒÑ€ÐºÐ¼ÐµÐ½Ð¸Ñ�Ñ‚Ð°Ð½
     got: Туркменистан
 ; [cca2=TM].translations.tur.common
Expected: TÃ¼rkmenistan
     got: Türkmenistan
 ; [cca2=TM].translations.tur.official
Expected: TÃ¼rkmenistan
     got: Türkmenistan
 ; [cca2=TM].translations.urd.common
Expected: ØªØ±Ú©Ù…Ø§Ù†Ø³ØªØ§Ù†
     got: ترکمانستان
 ; [cca2=TM].translations.urd.official
Expected: ØªØ±Ú©Ù…Ø§Ù†Ø³ØªØ§Ù†
     got: ترکمانستان
 ; [cca2=TM].translations.zho.common
Expected: åœŸåº“æ›¼æ–¯å�¦
     got: 土库曼斯坦
 ; [cca2=TM].translations.zho.official
Expected: åœŸåº“æ›¼æ–¯å�¦
     got: 土库曼斯坦
 ; [cca2=TN].altSpellings[]
Expected: al-JumhÅ«riyyah at-TÅ«nisiyyah
     but none found
 ; [cca2=TN].altSpellings[]
Unexpected: al-Jumhūriyyah at-Tūnisiyyah
 ; [cca2=TN].currencies.TND.symbol
Expected: Ø¯.Øª
     got: د.ت
 ; [cca2=TN].flag
Expected: ðŸ‡¹ðŸ‡³
     got: 🇹🇳
 ; [cca2=TN].name.nativeName.ara.common
Expected: ØªÙˆÙ†Ø³
     got: تونس
 ; [cca2=TN].name.nativeName.ara.official
Expected: Ø§Ù„Ø¬Ù…Ù‡ÙˆØ±ÙŠØ© Ø§Ù„ØªÙˆÙ†Ø³ÙŠØ©
     got: الجمهورية التونسية
 ; [cca2=TN].translations.ara.common
Expected: ØªÙˆÙ†Ø³
     got: تونس
 ; [cca2=TN].translations.ara.official
Expected: Ø§Ù„Ø¬Ù…Ù‡ÙˆØ±ÙŠØ© Ø§Ù„ØªÙˆÙ†Ø³ÙŠØ©
     got: الجمهورية التونسية
 ; [cca2=TN].translations.ces.official
Expected: TuniskÃ¡ republika
     got: Tuniská republika
 ; [cca2=TN].translations.fra.official
Expected: RÃ©publique tunisienne
     got: République tunisienne
 ; [cca2=TN].translations.hun.common
Expected: TunÃ©zia
     got: Tunézia
 ; [cca2=TN].translations.hun.official
Expected: TunÃ©ziai KÃ¶ztÃ¡rsasÃ¡g
     got: Tunéziai Köztársaság
 ; [cca2=TN].translations.jpn.common
Expected: ãƒ�ãƒ¥ãƒ‹ã‚¸ã‚¢
     got: チュニジア
 ; [cca2=TN].translations.jpn.official
Expected: ãƒ�ãƒ¥ãƒ‹ã‚¸ã‚¢å…±å’Œå›½
     got: チュニジア共和国
 ; [cca2=TN].translations.kor.common
Expected: íŠ€ë‹ˆì§€
     got: 튀니지
 ; [cca2=TN].translations.kor.official
Expected: íŠ€ë‹ˆì§€ ê³µí™”êµ­
     got: 튀니지 공화국
 ; [cca2=TN].translations.nld.common
Expected: TunesiÃ«
     got: Tunesië
 ; [cca2=TN].translations.nld.official
Expected: Republiek TunesiÃ«
     got: Republiek Tunesië
 ; [cca2=TN].translations.per.common
Expected: ØªÙˆÙ†Ø³
     got: تونس
 ; [cca2=TN].translations.per.official
Expected: Ø¬Ù…Ù‡ÙˆØ±ÛŒ ØªÙˆÙ†Ø³
     got: جمهوری تونس
 ; [cca2=TN].translations.por.common
Expected: TunÃ­sia
     got: Tunísia
 ; [cca2=TN].translations.por.official
Expected: RepÃºblica da TunÃ­sia
     got: República da Tunísia
 ; [cca2=TN].translations.rus.common
Expected: Ð¢ÑƒÐ½Ð¸Ñ�
     got: Тунис
 ; [cca2=TN].translations.rus.official
Expected: Ð¢ÑƒÐ½Ð¸Ñ�Ñ�ÐºÐ¾Ð¹ Ð ÐµÑ�Ð¿ÑƒÐ±Ð»Ð¸ÐºÐ¸
     got: Тунисской Республики
 ; [cca2=TN].translations.slk.official
Expected: TuniskÃ¡ republika
     got: Tuniská republika
 ; [cca2=TN].translations.spa.common
Expected: TÃºnez
     got: Túnez
 ; [cca2=TN].translations.spa.official
Expected: RepÃºblica de TÃºnez
     got: República de Túnez
 ; [cca2=TN].translations.srp.common
Expected: Ð¢ÑƒÐ½Ð¸Ñ�
     got: Тунис
 ; [cca2=TN].translations.srp.official
Expected: Ð¢ÑƒÐ½Ð¸ÑˆÐ°Ð½Ñ�ÐºÐ° Ð ÐµÐ¿ÑƒÐ±Ð»Ð¸ÐºÐ°
     got: Тунишанска Република
 ; [cca2=TN].translations.urd.common
Expected: ØªÙˆÙ†Ø³
     got: تونس
 ; [cca2=TN].translations.urd.official
Expected: Ø¬Ù…Û�ÙˆØ±ÛŒÛ� ØªÙˆÙ†Ø³
     got: جمہوریہ تونس
 ; [cca2=TN].translations.zho.common
Expected: çª�å°¼æ–¯
     got: 突尼斯
 ; [cca2=TN].translations.zho.official
Expected: çª�å°¼æ–¯å…±å’Œå›½
     got: 突尼斯共和国
 ; [cca2=TO].currencies.TOP.name
Expected: Tongan paÊ»anga
     got: Tongan paʻanga
 ; [cca2=TO].flag
Expected: ðŸ‡¹ðŸ‡´
     got: 🇹🇴
 ; [cca2=TO].translations.ara.common
Expected: ØªÙˆÙ†ØºØ§
     got: تونغا
 ; [cca2=TO].translations.ara.official
Expected: Ù…Ù…Ù„ÙƒØ© ØªÙˆÙ†ØºØ§
     got: مملكة تونغا
 ; [cca2=TO].translations.ces.official
Expected: KrÃ¡lovstvÃ­ Tonga
     got: Království Tonga
 ; [cca2=TO].translations.deu.official
Expected: KÃ¶nigreich Tonga
     got: Königreich Tonga
 ; [cca2=TO].translations.hun.official
Expected: Tongai KirÃ¡lysÃ¡g
     got: Tongai Királyság
 ; [cca2=TO].translations.jpn.common
Expected: ãƒˆãƒ³ã‚¬
     got: トンガ
 ; [cca2=TO].translations.jpn.official
Expected: ãƒˆãƒ³ã‚¬çŽ‹å›½
     got: トンガ王国
 ; [cca2=TO].translations.kor.common
Expected: í†µê°€
     got: 통가
 ; [cca2=TO].translations.kor.official
Expected: í†µê°€ ì™•êµ­
     got: 통가 왕국
 ; [cca2=TO].translations.per.common
Expected: ØªÙˆÙ†Ú¯Ø§
     got: تونگا
 ; [cca2=TO].translations.per.official
Expected: Ù¾Ø§Ø¯Ø´Ø§Ù‡ÛŒ ØªÙˆÙ†Ú¯Ø§
     got: پادشاهی تونگا
 ; [cca2=TO].translations.pol.official
Expected: KrÃ³lestwo Tonga
     got: Królestwo Tonga
 ; [cca2=TO].translations.rus.common
Expected: Ð¢Ð¾Ð½Ð³Ð°
     got: Тонга
 ; [cca2=TO].translations.rus.official
Expected: ÐšÐ¾Ñ€Ð¾Ð»ÐµÐ²Ñ�Ñ‚Ð²Ð¾ Ð¢Ð¾Ð½Ð³Ð°
     got: Королевство Тонга
 ; [cca2=TO].translations.slk.official
Expected: TongskÃ© krÃ¡Ä¾ovstvo
     got: Tongské kráľovstvo
 ; [cca2=TO].translations.srp.common
Expected: Ð¢Ð¾Ð½Ð³Ð°
     got: Тонга
 ; [cca2=TO].translations.srp.official
Expected: ÐšÑ€Ð°Ñ™ÐµÐ²Ð¸Ð½Ð° Ð¢Ð¾Ð½Ð³Ð°
     got: Краљевина Тонга
 ; [cca2=TO].translations.tur.official
Expected: Tonga KrallÄ±ÄŸÄ±
     got: Tonga Krallığı
 ; [cca2=TO].translations.urd.common
Expected: Ù¹ÙˆÙ†Ú¯Ø§
     got: ٹونگا
 ; [cca2=TO].translations.urd.official
Expected: Ù…Ù…Ù„Ú©ØªÙ� Ù¹ÙˆÙ†Ú¯Ø§
     got: مملکتِ ٹونگا
 ; [cca2=TO].translations.zho.common
Expected: æ±¤åŠ 
     got: 汤加
 ; [cca2=TO].translations.zho.official
Expected: æ±¤åŠ çŽ‹å›½
     got: 汤加王国
 ; [cca2=TR].altSpellings[]
Expected: TÃ¼rkiye Cumhuriyeti
     but none found
 ; [cca2=TR].altSpellings[]
Unexpected: Türkiye Cumhuriyeti
 ; [cca2=TR].currencies.TRY.symbol
Expected: â‚º
     got: ₺
 ; [cca2=TR].flag
Expected: ðŸ‡¹ðŸ‡·
     got: 🇹🇷
 ; [cca2=TR].name.nativeName.tur.common
Expected: TÃ¼rkiye
     got: Türkiye
 ; [cca2=TR].name.nativeName.tur.official
Expected: TÃ¼rkiye Cumhuriyeti
     got: Türkiye Cumhuriyeti
 ; [cca2=TR].translations.ara.common
Expected: ØªØ±ÙƒÙŠØ§
     got: تركيا
 ; [cca2=TR].translations.ara.official
Expected: Ø§Ù„Ø¬Ù…Ù‡ÙˆØ±ÙŠØ© Ø§Ù„ØªØ±ÙƒÙŠØ©
     got: الجمهورية التركية
 ; [cca2=TR].translations.ces.official
Expected: TureckÃ¡ republika
     got: Turecká republika
 ; [cca2=TR].translations.deu.common
Expected: TÃ¼rkei
     got: Türkei
 ; [cca2=TR].translations.deu.official
Expected: Republik TÃ¼rkei
     got: Republik Türkei
 ; [cca2=TR].translations.est.common
Expected: TÃ¼rgi
     got: Türgi
 ; [cca2=TR].translations.est.official
Expected: TÃ¼rgi Vabariik
     got: Türgi Vabariik
 ; [cca2=TR].translations.fra.official
Expected: RÃ©publique de Turquie
     got: République de Turquie
 ; [cca2=TR].translations.hun.common
Expected: TÃ¶rÃ¶korszÃ¡g
     got: Törökország
 ; [cca2=TR].translations.hun.official
Expected: TÃ¶rÃ¶k KÃ¶ztÃ¡rsasÃ¡g
     got: Török Köztársaság
 ; [cca2=TR].translations.jpn.common
Expected: ãƒˆãƒ«ã‚³
     got: トルコ
 ; [cca2=TR].translations.jpn.official
Expected: ãƒˆãƒ«ã‚³å…±å’Œå›½
     got: トルコ共和国
 ; [cca2=TR].translations.kor.common
Expected: í„°í‚¤
     got: 터키
 ; [cca2=TR].translations.kor.official
Expected: í„°í‚¤ ê³µí™”êµ­
     got: 터키 공화국
 ; [cca2=TR].translations.per.common
Expected: ØªØ±Ú©ÛŒÙ‡
     got: ترکیه
 ; [cca2=TR].translations.per.official
Expected: Ø¬Ù…Ù‡ÙˆØ±ÛŒ ØªØ±Ú©ÛŒÙ‡
     got: جمهوری ترکیه
 ; [cca2=TR].translations.por.official
Expected: RepÃºblica da Turquia
     got: República da Turquia
 ; [cca2=TR].translations.rus.common
Expected: Ð¢ÑƒÑ€Ñ†Ð¸Ñ�
     got: Турция
 ; [cca2=TR].translations.rus.official
Expected: Ð ÐµÑ�Ð¿ÑƒÐ±Ð»Ð¸ÐºÐ° Ð¢ÑƒÑ€Ñ†Ð¸Ð¸
     got: Республика Турции
 ; [cca2=TR].translations.slk.official
Expected: TureckÃ¡ republika
     got: Turecká republika
 ; [cca2=TR].translations.spa.common
Expected: TurquÃ­a
     got: Turquía
 ; [cca2=TR].translations.spa.official
Expected: RepÃºblica de TurquÃ­a
     got: República de Turquía
 ; [cca2=TR].translations.srp.common
Expected: Ð¢ÑƒÑ€Ñ�ÐºÐ°
     got: Турска
 ; [cca2=TR].translations.srp.official
Expected: Ð¢ÑƒÑ€Ñ�ÐºÐ° Ð ÐµÐ¿ÑƒÐ±Ð»Ð¸ÐºÐ°
     got: Турска Република
 ; [cca2=TR].translations.tur.common
Expected: TÃ¼rkiye
     got: Türkiye
 ; [cca2=TR].translations.tur.official
Expected: TÃ¼rkiye Cumhuriyeti
     got: Türkiye Cumhuriyeti
 ; [cca2=TR].translations.urd.common
Expected: ØªØ±Ú©ÛŒ
     got: ترکی
 ; [cca2=TR].translations.urd.official
Expected: Ø¬Ù…Û�ÙˆØ±ÛŒÛ� ØªØ±Ú©ÛŒ
     got: جمہوریہ ترکی
 ; [cca2=TR].translations.zho.common
Expected: åœŸè€³å…¶
     got: 土耳其
 ; [cca2=TR].translations.zho.official
Expected: åœŸè€³å…¶å…±å’Œå›½
     got: 土耳其共和国
 ; [cca2=TT].flag
Expected: ðŸ‡¹ðŸ‡¹
     got: 🇹🇹
 ; [cca2=TT].translations.ara.common
Expected: ØªØ±ÙŠÙ†ÙŠØ¯Ø§Ø¯ ÙˆØªÙˆØ¨Ø§ØºÙˆ
     got: ترينيداد وتوباغو
 ; [cca2=TT].translations.ara.official
Expected: Ø¬Ù…Ù‡ÙˆØ±ÙŠØ© ØªØ±ÙŠÙ†ÙŠØ¯Ø§Ø¯ ÙˆØªÙˆØ¨Ø§ØºÙˆ
     got: جمهورية ترينيداد وتوباغو
 ; [cca2=TT].translations.fra.common
Expected: TrinitÃ©-et-Tobago
     got: Trinité-et-Tobago
 ; [cca2=TT].translations.fra.official
Expected: RÃ©publique de TrinitÃ©-et-Tobago
     got: République de Trinité-et-Tobago
 ; [cca2=TT].translations.hun.common
Expected: Trinidad Ã©s Tobago
     got: Trinidad és Tobago
 ; [cca2=TT].translations.hun.official
Expected: Trinidad Ã©s Tobago KÃ¶ztÃ¡rsasÃ¡g
     got: Trinidad és Tobago Köztársaság
 ; [cca2=TT].translations.jpn.common
Expected: ãƒˆãƒªãƒ‹ãƒ€ãƒ¼ãƒ‰ãƒ»ãƒˆãƒ�ã‚´
     got: トリニダード・トバゴ
 ; [cca2=TT].translations.jpn.official
Expected: ãƒˆãƒªãƒ‹ãƒ€ãƒ¼ãƒ‰Â·ãƒˆãƒ�ã‚´å…±å’Œå›½
     got: トリニダード·トバゴ共和国
 ; [cca2=TT].translations.kor.common
Expected: íŠ¸ë¦¬ë‹ˆë‹¤ë“œ í† ë°”ê³ 
     got: 트리니다드 토바고
 ; [cca2=TT].translations.kor.official
Expected: íŠ¸ë¦¬ë‹ˆë‹¤ë“œ í† ë°”ê³  ê³µí™”êµ­
     got: 트리니다드 토바고 공화국
 ; [cca2=TT].translations.per.common
Expected: ØªØ±ÛŒÙ†ÛŒØ¯Ø§Ø¯ Ùˆ ØªÙˆØ¨Ø§Ú¯Ùˆ
     got: ترینیداد و توباگو
 ; [cca2=TT].translations.per.official
Expected: Ø¬Ù…Ù‡ÙˆØ±ÛŒ ØªØ±ÛŒÙ†ÛŒØ¯Ø§Ø¯ Ùˆ ØªÙˆØ¨Ø§Ú¯Ùˆ
     got: جمهوری ترینیداد و توباگو
 ; [cca2=TT].translations.por.official
Expected: RepÃºblica de Trinidad e Tobago
     got: República de Trinidad e Tobago
 ; [cca2=TT].translations.rus.common
Expected: Ð¢Ñ€Ð¸Ð½Ð¸Ð´Ð°Ð´ Ð¸ Ð¢Ð¾Ð±Ð°Ð³Ð¾
     got: Тринидад и Тобаго
 ; [cca2=TT].translations.rus.official
Expected: Ð ÐµÑ�Ð¿ÑƒÐ±Ð»Ð¸ÐºÐ° Ð¢Ñ€Ð¸Ð½Ð¸Ð´Ð°Ð´ Ð¸ Ð¢Ð¾Ð±Ð°Ð³Ð¾
     got: Республика Тринидад и Тобаго
 ; [cca2=TT].translations.spa.official
Expected: RepÃºblica de Trinidad y Tobago
     got: República de Trinidad y Tobago
 ; [cca2=TT].translations.srp.common
Expected: Ð¢Ñ€Ð¸Ð½Ð¸Ð´Ð°Ð´ Ð¸ Ð¢Ð¾Ð±Ð°Ð³Ð¾
     got: Тринидад и Тобаго
 ; [cca2=TT].translations.srp.official
Expected: Ð ÐµÐ¿ÑƒÐ±Ð»Ð¸ÐºÐ° Ð¢Ñ€Ð¸Ð½Ð¸Ð´Ð°Ð´ Ð¸ Ð¢Ð¾Ð±Ð°Ð³Ð¾
     got: Република Тринидад и Тобаго
 ; [cca2=TT].translations.urd.common
Expected: Ù¹Ø±ÛŒÙ†ÛŒÚˆØ§Úˆ Ùˆ Ù¹ÙˆØ¨Ø§Ú¯Ùˆ
     got: ٹرینیڈاڈ و ٹوباگو
 ; [cca2=TT].translations.urd.official
Expected: Ø¬Ù…Û�ÙˆØ±ÛŒÛ� Ù¹Ø±ÛŒÙ†ÛŒÚˆØ§Úˆ Ùˆ Ù¹ÙˆØ¨Ø§Ú¯Ùˆ
     got: جمہوریہ ٹرینیڈاڈ و ٹوباگو
 ; [cca2=TT].translations.zho.common
Expected: ç‰¹ç«‹å°¼è¾¾å’Œå¤šå·´å“¥
     got: 特立尼达和多巴哥
 ; [cca2=TT].translations.zho.official
Expected: ç‰¹ç«‹å°¼è¾¾å’Œå¤šå·´å“¥å…±å’Œå›½
     got: 特立尼达和多巴哥共和国
 ; [cca2=DE].currencies.EUR.symbol
Expected: â‚¬
     got: €
 ; [cca2=DE].flag
Expected: ðŸ‡©ðŸ‡ª
     got: 🇩🇪
 ; [cca2=DE].translations.ara.common
Expected: Ø£Ù„Ù…Ø§Ù†ÙŠØ§
     got: ألمانيا
 ; [cca2=DE].translations.ara.official
Expected: Ø¬Ù…Ù‡ÙˆØ±ÙŠØ© Ø£Ù„Ù…Ø§Ù†ÙŠØ§ Ø§Ù„Ø§ØªØ­Ø§Ø¯ÙŠØ©
     got: جمهورية ألمانيا الاتحادية
 ; [cca2=DE].translations.ces.common
Expected: NÄ›mecko
     got: Německo
 ; [cca2=DE].translations.ces.official
Expected: SpolkovÃ¡ republika NÄ›mecko
     got: Spolková republika Německo
 ; [cca2=DE].translations.fra.official
Expected: RÃ©publique fÃ©dÃ©rale d&apos;Allemagne
     got: République fédérale d&apos;Allemagne
 ; [cca2=DE].translations.hrv.common
Expected: NjemaÄ�ka
     got: Njemačka
 ; [cca2=DE].translations.hrv.official
Expected: NjemaÄ�ka Federativna Republika
     got: Njemačka Federativna Republika
 ; [cca2=DE].translations.hun.common
Expected: NÃ©metorszÃ¡g
     got: Németország
 ; [cca2=DE].translations.hun.official
Expected: NÃ©met SzÃ¶vetsÃ©gi KÃ¶ztÃ¡rsasÃ¡g
     got: Német Szövetségi Köztársaság
 ; [cca2=DE].translations.jpn.common
Expected: ãƒ‰ã‚¤ãƒ„
     got: ドイツ
 ; [cca2=DE].translations.jpn.official
Expected: ãƒ‰ã‚¤ãƒ„é€£é‚¦å…±å’Œå›½
     got: ドイツ連邦共和国
 ; [cca2=DE].translations.kor.common
Expected: ë�…ì�¼
     got: 독일
 ; [cca2=DE].translations.kor.official
Expected: ë�…ì�¼ ì—°ë°© ê³µí™”êµ­
     got: 독일 연방 공화국
 ; [cca2=DE].translations.per.common
Expected: Ø¢Ù„Ù…Ø§Ù†
     got: آلمان
 ; [cca2=DE].translations.per.official
Expected: Ø¬Ù…Ù‡ÙˆØ±ÛŒ Ù�Ø¯Ø±Ø§Ù„ Ø¢Ù„Ù…Ø§Ù†
     got: جمهوری فدرال آلمان
 ; [cca2=DE].translations.por.official
Expected: RepÃºblica Federal da Alemanha
     got: República Federal da Alemanha
 ; [cca2=DE].translations.rus.common
Expected: Ð“ÐµÑ€Ð¼Ð°Ð½Ð¸Ñ�
     got: Германия
 ; [cca2=DE].translations.rus.official
Expected: Ð¤ÐµÐ´ÐµÑ€Ð°Ñ‚Ð¸Ð²Ð½Ð°Ñ� Ð ÐµÑ�Ð¿ÑƒÐ±Ð»Ð¸ÐºÐ° Ð“ÐµÑ€Ð¼Ð°Ð½Ð¸Ñ�
     got: Федеративная Республика Германия
 ; [cca2=DE].translations.slk.official
Expected: NemeckÃ¡ spolkovÃ¡ republika
     got: Nemecká spolková republika
 ; [cca2=DE].translations.spa.official
Expected: RepÃºblica Federal de Alemania
     got: República Federal de Alemania
 ; [cca2=DE].translations.srp.common
Expected: Ð�ÐµÐ¼Ð°Ñ‡ÐºÐ°
     got: Немачка
 ; [cca2=DE].translations.srp.official
Expected: Ð¡Ð°Ð²ÐµÐ·Ð½Ð° Ð ÐµÐ¿ÑƒÐ±Ð»Ð¸ÐºÐ° Ð�ÐµÐ¼Ð°Ñ‡ÐºÐ°
     got: Савезна Република Немачка
 ; [cca2=DE].translations.swe.official
Expected: FÃ¶rbundsrepubliken Tyskland
     got: Förbundsrepubliken Tyskland
 ; [cca2=DE].translations.urd.common
Expected: Ø¬Ø±Ù…Ù†ÛŒ
     got: جرمنی
 ; [cca2=DE].translations.urd.official
Expected: ÙˆÙ�Ø§Ù‚ÛŒ Ø¬Ù…Û�ÙˆØ±ÛŒÛ� Ø¬Ø±Ù…Ù†ÛŒ
     got: وفاقی جمہوریہ جرمنی
 ; [cca2=DE].translations.zho.common
Expected: å¾·å›½
     got: 德国
 ; [cca2=DE].translations.zho.official
Expected: å¾·æ„�å¿—è�”é‚¦å…±å’Œå›½
     got: 德意志联邦共和国
 ; [cca2=TV].flag
Expected: ðŸ‡¹ðŸ‡»
     got: 🇹🇻
 ; [cca2=TV].flags.alt
Expected: The flag of Tuvalu has a light blue field with the flag of the United Kingdom â€” the Union Jack â€” in the canton. A representation of the country&apos;s nine Islands using nine five-pointed yellow stars is situated in the fly half of the field.
     got: The flag of Tuvalu has a light blue field with the flag of the United Kingdom — the Union Jack — in the canton. A representation of the country&apos;s nine Islands using nine five-pointed yellow stars is situated in the fly half of the field.
 ; [cca2=TV].translations.ara.common
Expected: ØªÙˆÙ�Ø§Ù„Ùˆ
     got: توفالو
 ; [cca2=TV].translations.ara.official
Expected: ØªÙˆÙ�Ø§Ù„Ùˆ
     got: توفالو
 ; [cca2=TV].translations.jpn.common
Expected: ãƒ„ãƒ�ãƒ«
     got: ツバル
 ; [cca2=TV].translations.jpn.official
Expected: ãƒ„ãƒ�ãƒ«
     got: ツバル
 ; [cca2=TV].translations.kor.common
Expected: íˆ¬ë°œë£¨
     got: 투발루
 ; [cca2=TV].translations.kor.official
Expected: íˆ¬ë°œë£¨
     got: 투발루
 ; [cca2=TV].translations.per.common
Expected: ØªÙˆÙˆØ§Ù„Ùˆ
     got: تووالو
 ; [cca2=TV].translations.per.official
Expected: ØªÙˆÙˆØ§Ù„Ùˆ
     got: تووالو
 ; [cca2=TV].translations.rus.common
Expected: Ð¢ÑƒÐ²Ð°Ð»Ñƒ
     got: Тувалу
 ; [cca2=TV].translations.rus.official
Expected: Ð¢ÑƒÐ²Ð°Ð»Ñƒ
     got: Тувалу
 ; [cca2=TV].translations.srp.common
Expected: Ð¢ÑƒÐ²Ð°Ð»Ñƒ
     got: Тувалу
 ; [cca2=TV].translations.srp.official
Expected: Ð¢ÑƒÐ²Ð°Ð»Ñƒ
     got: Тувалу
 ; [cca2=TV].translations.urd.common
Expected: ØªÙˆÙˆØ§Ù„Ùˆ
     got: تووالو
 ; [cca2=TV].translations.urd.official
Expected: ØªÙˆÙˆØ§Ù„Ùˆ
     got: تووالو
 ; [cca2=TV].translations.zho.common
Expected: å›¾ç“¦å�¢
     got: 图瓦卢
 ; [cca2=TV].translations.zho.official
Expected: å›¾ç“¦å�¢
     got: 图瓦卢
 ; [cca2=TW].altSpellings[]
Expected: ZhÅ�nghuÃ¡ MÃ­nguÃ³
     but none found
 ; [cca2=TW].altSpellings[]
Expected: TÃ¡iwÄ�n
     but none found
 ; [cca2=TW].altSpellings[]
Expected: ä¸­è�¯æ°‘åœ‹
     but none found
 ; [cca2=TW].altSpellings[]
Unexpected: Táiwān
 ; [cca2=TW].altSpellings[]
Unexpected: 中華民國
 ; [cca2=TW].altSpellings[]
Unexpected: Zhōnghuá Mínguó
 ; [cca2=TW].demonyms.fra.f
Expected: TaÃ¯wanaise
     got: Taïwanaise
 ; [cca2=TW].demonyms.fra.m
Expected: TaÃ¯wanais
     got: Taïwanais
 ; [cca2=TW].flag
Expected: ðŸ‡¹ðŸ‡¼
     got: 🇹🇼
 ; [cca2=TW].name.nativeName.zho.common
Expected: å�°ç�£
     got: 台灣
 ; [cca2=TW].name.nativeName.zho.official
Expected: ä¸­è�¯æ°‘åœ‹
     got: 中華民國
 ; [cca2=TW].tld[]
Expected: .å�°ç�£
     but none found
 ; [cca2=TW].tld[]
Expected: .å�°æ¹¾
     but none found
 ; [cca2=TW].tld[]
Unexpected: .台湾
 ; [cca2=TW].tld[]
Unexpected: .台灣
 ; [cca2=TW].translations.ara.common
Expected: ØªØ§ÙŠÙˆØ§Ù†
     got: تايوان
 ; [cca2=TW].translations.ara.official
Expected: Ø¬Ù…Ù‡ÙˆØ±ÙŠØ© Ø§Ù„ØµÙŠÙ† (ØªØ§ÙŠÙˆØ§Ù†)
     got: جمهورية الصين (تايوان)
 ; [cca2=TW].translations.ces.official
Expected: ÄŒÃ­nskÃ¡ republika
     got: Čínská republika
 ; [cca2=TW].translations.fra.common
Expected: TaÃ¯wan
     got: Taïwan
 ; [cca2=TW].translations.fra.official
Expected: RÃ©publique de Chine (TaÃ¯wan)
     got: République de Chine (Taïwan)
 ; [cca2=TW].translations.hun.official
Expected: KÃ­nai KÃ¶ztÃ¡rsasÃ¡g
     got: Kínai Köztársaság
 ; [cca2=TW].translations.jpn.common
Expected: å�°æ¹¾
     got: 台湾
 ; [cca2=TW].translations.jpn.official
Expected: ä¸­è�¯æ°‘å›½
     got: 中華民国
 ; [cca2=TW].translations.kor.common
Expected: ëŒ€ë§Œ
     got: 대만
 ; [cca2=TW].translations.kor.official
Expected: ì¤‘í™”ë¯¼êµ­
     got: 중화민국
 ; [cca2=TW].translations.per.common
Expected: ØªØ§ÛŒÙˆØ§Ù†
     got: تایوان
 ; [cca2=TW].translations.per.official
Expected: Ø¬Ù…Ù‡ÙˆØ±ÛŒ Ú†ÛŒÙ†
     got: جمهوری چین
 ; [cca2=TW].translations.pol.official
Expected: Republika ChiÅ„ska (Tajwan)
     got: Republika Chińska (Tajwan)
 ; [cca2=TW].translations.por.official
Expected: RepÃºblica da China
     got: República da China
 ; [cca2=TW].translations.rus.common
Expected: Ð¢Ð°Ð¹Ð²Ð°Ð½ÑŒ
     got: Тайвань
 ; [cca2=TW].translations.rus.official
Expected: ÐšÐ¸Ñ‚Ð°Ð¹Ñ�ÐºÐ°Ñ� Ð ÐµÑ�Ð¿ÑƒÐ±Ð»Ð¸ÐºÐ°
     got: Китайская Республика
 ; [cca2=TW].translations.slk.official
Expected: ÄŒÃ­nska republika
     got: Čínska republika
 ; [cca2=TW].translations.spa.common
Expected: TaiwÃ¡n
     got: Taiwán
 ; [cca2=TW].translations.spa.official
Expected: RepÃºblica de China en TaiwÃ¡n
     got: República de China en Taiwán
 ; [cca2=TW].translations.srp.common
Expected: Ð¢Ð°Ñ˜Ð²Ð°Ð½
     got: Тајван
 ; [cca2=TW].translations.srp.official
Expected: Ð ÐµÐ¿ÑƒÐ±Ð»Ð¸ÐºÐ° ÐšÐ¸Ð½Ð°
     got: Република Кина
 ; [cca2=TW].translations.tur.official
Expected: Ã‡in Cumhuriyeti (Tayvan)
     got: Çin Cumhuriyeti (Tayvan)
 ; [cca2=TW].translations.urd.common
Expected: ØªØ§Ø¦ÛŒÙˆØ§Ù†
     got: تائیوان
 ; [cca2=TW].translations.urd.official
Expected: Ø¬Ù…Û�ÙˆØ±ÛŒÛ� Ú†ÛŒÙ† (ØªØ§Ø¦ÛŒÙˆØ§Ù†)
     got: جمہوریہ چین (تائیوان)
 ; [cca2=TZ].flag
Expected: ðŸ‡¹ðŸ‡¿
     got: 🇹🇿
 ; [cca2=TZ].translations.ara.common
Expected: ØªÙ†Ø²Ø§Ù†ÙŠØ§
     got: تنزانيا
 ; [cca2=TZ].translations.ara.official
Expected: Ø¬Ù…Ù‡ÙˆØ±ÙŠØ© ØªÙ†Ø²Ø§Ù†ÙŠØ§ Ø§Ù„Ø§ØªØ­Ø§Ø¯ÙŠØ©
     got: جمهورية تنزانيا الاتحادية
 ; [cca2=TZ].translations.ces.official
Expected: SjednocenÃ¡ tanzanskÃ¡ republika
     got: Sjednocená tanzanská republika
 ; [cca2=TZ].translations.est.official
Expected: Tansaania Ãœhendvabariik
     got: Tansaania Ühendvabariik
 ; [cca2=TZ].translations.fra.official
Expected: RÃ©publique -Unie de Tanzanie
     got: République -Unie de Tanzanie
 ; [cca2=TZ].translations.hun.common
Expected: TÃ¡dzsikisztÃ¡n
     got: Tádzsikisztán
 ; [cca2=TZ].translations.hun.official
Expected: TÃ¡dzsik KÃ¶ztÃ¡rsasÃ¡g
     got: Tádzsik Köztársaság
 ; [cca2=TZ].translations.jpn.common
Expected: ã‚¿ãƒ³ã‚¶ãƒ‹ã‚¢
     got: タンザニア
 ; [cca2=TZ].translations.jpn.official
Expected: ã‚¿ãƒ³ã‚¶ãƒ‹ã‚¢é€£å�ˆå…±å’Œå›½
     got: タンザニア連合共和国
 ; [cca2=TZ].translations.kor.common
Expected: íƒ„ìž�ë‹ˆì•„
     got: 탄자니아
 ; [cca2=TZ].translations.kor.official
Expected: íƒ„ìž�ë‹ˆì•„ ì—°í•© ê³µí™”êµ­
     got: 탄자니아 연합 공화국
 ; [cca2=TZ].translations.per.common
Expected: ØªØ§Ù†Ø²Ø§Ù†ÛŒØ§
     got: تانزانیا
 ; [cca2=TZ].translations.per.official
Expected: Ø¬Ù…Ù‡ÙˆØ±ÛŒ Ù…ØªØ­Ø¯ ØªØ§Ù†Ø²Ø§Ù†ÛŒØ§
     got: جمهوری متحد تانزانیا
 ; [cca2=TZ].translations.por.common
Expected: TanzÃ¢nia
     got: Tanzânia
 ; [cca2=TZ].translations.por.official
Expected: RepÃºblica Unida da TanzÃ¢nia
     got: República Unida da Tanzânia
 ; [cca2=TZ].translations.rus.common
Expected: Ð¢Ð°Ð½Ð·Ð°Ð½Ð¸Ñ�
     got: Танзания
 ; [cca2=TZ].translations.rus.official
Expected: ÐžÐ±ÑŠÐµÐ´Ð¸Ð½ÐµÐ½Ð½Ð°Ñ� Ð ÐµÑ�Ð¿ÑƒÐ±Ð»Ð¸ÐºÐ° Ð¢Ð°Ð½Ð·Ð°Ð½Ð¸Ñ�
     got: Объединенная Республика Танзания
 ; [cca2=TZ].translations.slk.common
Expected: TanzÃ¡nia
     got: Tanzánia
 ; [cca2=TZ].translations.slk.official
Expected: TanzÃ¡nijskÃ¡ zjednotenÃ¡ republika
     got: Tanzánijská zjednotená republika
 ; [cca2=TZ].translations.spa.official
Expected: RepÃºblica Unida de Tanzania
     got: República Unida de Tanzania
 ; [cca2=TZ].translations.srp.common
Expected: Ð¢Ð°Ð½Ð·Ð°Ð½Ð¸Ñ˜Ð°
     got: Танзанија
 ; [cca2=TZ].translations.srp.official
Expected: Ð£Ñ˜ÐµÐ´Ð¸ÑšÐµÐ½Ð° Ð ÐµÐ¿ÑƒÐ±Ð»Ð¸ÐºÐ° Ð¢Ð°Ð½Ð·Ð°Ð½Ð¸Ñ˜Ð°
     got: Уједињена Република Танзанија
 ; [cca2=TZ].translations.swe.official
Expected: FÃ¶renade republiken Tanzania
     got: Förenade republiken Tanzania
 ; [cca2=TZ].translations.tur.official
Expected: Tanzanya BirleÅŸik Cumhuriyeti
     got: Tanzanya Birleşik Cumhuriyeti
 ; [cca2=TZ].translations.urd.common
Expected: ØªÙ†Ø²Ø§Ù†ÛŒÛ�
     got: تنزانیہ
 ; [cca2=TZ].translations.urd.official
Expected: Ù…ØªØ­Ø¯Û� Ø¬Ù…Û�ÙˆØ±ÛŒÛ� ØªÙ†Ø²Ø§Ù†ÛŒÛ�
     got: متحدہ جمہوریہ تنزانیہ
 ; [cca2=TZ].translations.zho.common
Expected: å�¦æ¡‘å°¼äºš
     got: 坦桑尼亚
 ; [cca2=TZ].translations.zho.official
Expected: å�¦æ¡‘å°¼äºšè�”å�ˆå…±å’Œå›½
     got: 坦桑尼亚联合共和国
 ; [cca2=DJ].altSpellings[]
Expected: RÃ©publique de Djibouti
     but none found
 ; [cca2=DJ].altSpellings[]
Unexpected: République de Djibouti
 ; [cca2=DJ].flag
Expected: ðŸ‡©ðŸ‡¯
     got: 🇩🇯
 ; [cca2=DJ].name.nativeName.ara.common
Expected: Ø¬ÙŠØ¨ÙˆØªÙŠâ€Ž
     got: جيبوتي‎
 ; [cca2=DJ].name.nativeName.ara.official
Expected: Ø¬Ù…Ù‡ÙˆØ±ÙŠØ© Ø¬ÙŠØ¨ÙˆØªÙŠ
     got: جمهورية جيبوتي
 ; [cca2=DJ].name.nativeName.fra.official
Expected: RÃ©publique de Djibouti
     got: République de Djibouti
 ; [cca2=DJ].translations.ara.common
Expected: Ø¬ÙŠØ¨ÙˆØªÙŠ
     got: جيبوتي
 ; [cca2=DJ].translations.ara.official
Expected: Ø¬Ù…Ù‡ÙˆØ±ÙŠØ© Ø¬ÙŠØ¨ÙˆØªÙŠ
     got: جمهورية جيبوتي
 ; [cca2=DJ].translations.ces.common
Expected: DÅ¾ibutsko
     got: Džibutsko
 ; [cca2=DJ].translations.ces.official
Expected: DÅ¾ibutskÃ¡ republika
     got: Džibutská republika
 ; [cca2=DJ].translations.fra.official
Expected: RÃ©publique de Djibouti
     got: République de Djibouti
 ; [cca2=DJ].translations.hrv.common
Expected: DÅ¾ibuti
     got: Džibuti
 ; [cca2=DJ].translations.hrv.official
Expected: Republika DÅ¾ibuti
     got: Republika Džibuti
 ; [cca2=DJ].translations.hun.official
Expected: Dzsibuti KÃ¶ztÃ¡rsasÃ¡g
     got: Dzsibuti Köztársaság
 ; [cca2=DJ].translations.jpn.common
Expected: ã‚¸ãƒ–ãƒ�
     got: ジブチ
 ; [cca2=DJ].translations.jpn.official
Expected: ã‚¸ãƒ–ãƒ�å…±å’Œå›½
     got: ジブチ共和国
 ; [cca2=DJ].translations.kor.common
Expected: ì§€ë¶€í‹°
     got: 지부티
 ; [cca2=DJ].translations.kor.official
Expected: ì§€ë¶€í‹° ê³µí™”êµ­
     got: 지부티 공화국
 ; [cca2=DJ].translations.per.common
Expected: Ø¬ÛŒØ¨ÙˆØªÛŒ
     got: جیبوتی
 ; [cca2=DJ].translations.per.official
Expected: Ø¬Ù…Ù‡ÙˆØ±ÛŒ Ø¬ÛŒØ¨ÙˆØªÛŒ
     got: جمهوری جیبوتی
 ; [cca2=DJ].translations.pol.common
Expected: DÅ¼ibuti
     got: Dżibuti
 ; [cca2=DJ].translations.pol.official
Expected: Republika DÅ¼ibuti
     got: Republika Dżibuti
 ; [cca2=DJ].translations.por.official
Expected: RepÃºblica do Djibouti
     got: República do Djibouti
 ; [cca2=DJ].translations.rus.common
Expected: Ð”Ð¶Ð¸Ð±ÑƒÑ‚Ð¸
     got: Джибути
 ; [cca2=DJ].translations.rus.official
Expected: Ð ÐµÑ�Ð¿ÑƒÐ±Ð»Ð¸ÐºÐ° Ð”Ð¶Ð¸Ð±ÑƒÑ‚Ð¸
     got: Республика Джибути
 ; [cca2=DJ].translations.slk.common
Expected: Ç…ibutsko
     got: ǅibutsko
 ; [cca2=DJ].translations.slk.official
Expected: Ç…ibutskÃ¡ republika
     got: ǅibutská republika
 ; [cca2=DJ].translations.spa.official
Expected: RepÃºblica de Djibouti
     got: República de Djibouti
 ; [cca2=DJ].translations.srp.common
Expected: Ð�Ð¸Ð±ÑƒÑ‚Ð¸
     got: Џибути
 ; [cca2=DJ].translations.srp.official
Expected: Ð ÐµÐ¿ÑƒÐ±Ð»Ð¸ÐºÐ° Ð�Ð¸Ð±ÑƒÑ‚Ð¸
     got: Република Џибути
 ; [cca2=DJ].translations.urd.common
Expected: Ø¬Ø¨ÙˆØªÛŒ
     got: جبوتی
 ; [cca2=DJ].translations.urd.official
Expected: Ø¬Ù…Û�ÙˆØ±ÛŒÛ� Ø¬Ø¨ÙˆØªÛŒ
     got: جمہوریہ جبوتی
 ; [cca2=DJ].translations.zho.common
Expected: å�‰å¸ƒæ��
     got: 吉布提
 ; [cca2=DJ].translations.zho.official
Expected: å�‰å¸ƒæ��å…±å’Œå›½
     got: 吉布提共和国
 ; [cca2=DK].flag
Expected: ðŸ‡©ðŸ‡°
     got: 🇩🇰
 ; [cca2=DK].translations.ara.common
Expected: Ø§Ù„Ø¯Ù†Ù…Ø§Ø±Ùƒ
     got: الدنمارك
 ; [cca2=DK].translations.ara.official
Expected: Ù…Ù…Ù„ÙƒØ© Ø§Ù„Ø¯Ù†Ù…Ø§Ø±Ùƒ
     got: مملكة الدنمارك
 ; [cca2=DK].translations.ces.common
Expected: DÃ¡nsko
     got: Dánsko
 ; [cca2=DK].translations.ces.official
Expected: DÃ¡nskÃ© krÃ¡lovstvÃ­
     got: Dánské království
 ; [cca2=DK].translations.deu.common
Expected: DÃ¤nemark
     got: Dänemark
 ; [cca2=DK].translations.deu.official
Expected: KÃ¶nigreich DÃ¤nemark
     got: Königreich Dänemark
 ; [cca2=DK].translations.hun.common
Expected: DÃ¡nia
     got: Dánia
 ; [cca2=DK].translations.hun.official
Expected: DÃ¡n KirÃ¡lysÃ¡g
     got: Dán Királyság
 ; [cca2=DK].translations.jpn.common
Expected: ãƒ‡ãƒ³ãƒžãƒ¼ã‚¯
     got: デンマーク
 ; [cca2=DK].translations.jpn.official
Expected: ãƒ‡ãƒ³ãƒžãƒ¼ã‚¯çŽ‹å›½
     got: デンマーク王国
 ; [cca2=DK].translations.kor.common
Expected: ë�´ë§ˆí�¬
     got: 덴마크
 ; [cca2=DK].translations.kor.official
Expected: ë�´ë§ˆí�¬ ì™•êµ­
     got: 덴마크 왕국
 ; [cca2=DK].translations.per.common
Expected: Ø¯Ø§Ù†Ù…Ø§Ø±Ú©
     got: دانمارک
 ; [cca2=DK].translations.per.official
Expected: Ù¾Ø§Ø¯Ø´Ø§Ù‡ÛŒ Ø¯Ø§Ù†Ù…Ø§Ø±Ú©
     got: پادشاهی دانمارک
 ; [cca2=DK].translations.pol.official
Expected: KrÃ³lestwo Danii
     got: Królestwo Danii
 ; [cca2=DK].translations.rus.common
Expected: Ð”Ð°Ð½Ð¸Ñ�
     got: Дания
 ; [cca2=DK].translations.rus.official
Expected: ÐšÐ¾Ñ€Ð¾Ð»ÐµÐ²Ñ�Ñ‚Ð²Ð¾ Ð”Ð°Ð½Ð¸Ñ�
     got: Королевство Дания
 ; [cca2=DK].translations.slk.common
Expected: DÃ¡nsko
     got: Dánsko
 ; [cca2=DK].translations.slk.official
Expected: DÃ¡nske krÃ¡Ä¾ovstvo
     got: Dánske kráľovstvo
 ; [cca2=DK].translations.srp.common
Expected: Ð”Ð°Ð½Ñ�ÐºÐ°
     got: Данска
 ; [cca2=DK].translations.srp.official
Expected: ÐšÑ€Ð°Ñ™ÐµÐ²Ð¸Ð½Ð° Ð”Ð°Ð½Ñ�ÐºÐ°
     got: Краљевина Данска
 ; [cca2=DK].translations.tur.official
Expected: Danimarka KrallÄ±ÄŸÄ±
     got: Danimarka Krallığı
 ; [cca2=DK].translations.urd.common
Expected: ÚˆÙ†Ù…Ø§Ø±Ú©
     got: ڈنمارک
 ; [cca2=DK].translations.urd.official
Expected: Ù…Ù…Ù„Ú©ØªÙ� ÚˆÙ†Ù…Ø§Ø±Ú©
     got: مملکتِ ڈنمارک
 ; [cca2=DK].translations.zho.common
Expected: ä¸¹éº¦
     got: 丹麦
 ; [cca2=DK].translations.zho.official
Expected: ä¸¹éº¦çŽ‹å›½
     got: 丹麦王国
 ; [cca2=DM].altSpellings[]
Expected: Waiâ€˜tu kubuli
     but none found
 ; [cca2=DM].altSpellings[]
Unexpected: Wai‘tu kubuli
 ; [cca2=DM].flag
Expected: ðŸ‡©ðŸ‡²
     got: 🇩🇲
 ; [cca2=DM].translations.ara.common
Expected: Ø¯ÙˆÙ…ÙŠÙ†ÙŠÙƒØ§
     got: دومينيكا
 ; [cca2=DM].translations.ara.official
Expected: ÙƒÙˆÙ…ÙˆÙ†ÙˆÙ„Ø« Ø¯ÙˆÙ…ÙŠÙ†ÙŠÙƒØ§
     got: كومونولث دومينيكا
 ; [cca2=DM].translations.ces.official
Expected: DominikÃ¡nskÃ© spoleÄ�enstvÃ­
     got: Dominikánské společenství
 ; [cca2=DM].translations.est.official
Expected: Dominica Ãœhendus
     got: Dominica Ühendus
 ; [cca2=DM].translations.hun.common
Expected: Dominikai KÃ¶zÃ¶ssÃ©g
     got: Dominikai Közösség
 ; [cca2=DM].translations.hun.official
Expected: Dominikai KÃ¶zÃ¶ssÃ©g
     got: Dominikai Közösség
 ; [cca2=DM].translations.jpn.common
Expected: ãƒ‰ãƒŸãƒ‹ã‚«å›½
     got: ドミニカ国
 ; [cca2=DM].translations.jpn.official
Expected: ãƒ‰ãƒŸãƒ‹ã‚«å›½
     got: ドミニカ国
 ; [cca2=DM].translations.kor.common
Expected: ë�„ë¯¸ë‹ˆì¹´ ê³µí™”êµ­
     got: 도미니카 공화국
 ; [cca2=DM].translations.kor.official
Expected: ë�„ë¯¸ë‹ˆì¹´ ê³µí™”êµ­
     got: 도미니카 공화국
 ; [cca2=DM].translations.per.common
Expected: Ø¯ÙˆÙ…ÛŒÙ†ÛŒÚ©Ø§
     got: دومینیکا
 ; [cca2=DM].translations.per.official
Expected: Ù‚Ù„Ù…Ø±Ùˆ Ù‡Ù…Ø³ÙˆØ¯ Ø¯ÙˆÙ…ÛŒÙ†ÛŒÚ©Ø§
     got: قلمرو همسود دومینیکا
 ; [cca2=DM].translations.pol.official
Expected: WspÃ³lnota Dominiki
     got: Wspólnota Dominiki
 ; [cca2=DM].translations.rus.common
Expected: Ð”Ð¾Ð¼Ð¸Ð½Ð¸ÐºÐ°
     got: Доминика
 ; [cca2=DM].translations.rus.official
Expected: Ð¡Ð¾Ð´Ñ€ÑƒÐ¶ÐµÑ�Ñ‚Ð²Ð¾ Ð”Ð¾Ð¼Ð¸Ð½Ð¸ÐºÐ¸
     got: Содружество Доминики
 ; [cca2=DM].translations.slk.official
Expected: DominickÃ© spoloÄ�enstvo
     got: Dominické spoločenstvo
 ; [cca2=DM].translations.srp.common
Expected: Ð”Ð¾Ð¼Ð¸Ð½Ð¸ÐºÐ°
     got: Доминика
 ; [cca2=DM].translations.srp.official
Expected: ÐšÐ¾Ð¼Ð¾Ð½Ð²ÐµÐ»Ñ‚ Ð”Ð¾Ð¼Ð¸Ð½Ð¸ÐºÐ°
     got: Комонвелт Доминика
 ; [cca2=DM].translations.swe.official
Expected: SamvÃ¤ldet Dominica
     got: Samväldet Dominica
 ; [cca2=DM].translations.tur.official
Expected: Dominika TopluluÄŸu
     got: Dominika Topluluğu
 ; [cca2=DM].translations.urd.common
Expected: ÚˆÙˆÙ…ÛŒÙ†ÛŒÚ©Ø§
     got: ڈومینیکا
 ; [cca2=DM].translations.urd.official
Expected: Ø¯ÙˆÙ„ØªÙ� Ù…Ø´ØªØ±Ú©Û� ÚˆÙˆÙ…ÛŒÙ†ÛŒÚ©Ø§
     got: دولتِ مشترکہ ڈومینیکا
 ; [cca2=DM].translations.zho.common
Expected: å¤šç±³å°¼åŠ 
     got: 多米尼加
 ; [cca2=DM].translations.zho.official
Expected: å¤šç±³å°¼åŠ å…±å’Œå›½
     got: 多米尼加共和国
 ; [cca2=DO].flag
Expected: ðŸ‡©ðŸ‡´
     got: 🇩🇴
 ; [cca2=DO].name.nativeName.spa.common
Expected: RepÃºblica Dominicana
     got: República Dominicana
 ; [cca2=DO].name.nativeName.spa.official
Expected: RepÃºblica Dominicana
     got: República Dominicana
 ; [cca2=DO].translations.ara.common
Expected: Ø¬Ù…Ù‡ÙˆØ±ÙŠØ© Ø§Ù„Ø¯ÙˆÙ…ÙŠÙ†ÙŠÙƒØ§Ù†
     got: جمهورية الدومينيكان
 ; [cca2=DO].translations.ara.official
Expected: Ø¬Ù…Ù‡ÙˆØ±ÙŠØ© Ø§Ù„Ø¯ÙˆÙ…ÙŠÙ†ÙŠÙƒØ§Ù†
     got: جمهورية الدومينيكان
 ; [cca2=DO].translations.ces.common
Expected: DominikÃ¡nskÃ¡ republika
     got: Dominikánská republika
 ; [cca2=DO].translations.ces.official
Expected: DominikÃ¡nskÃ¡ republika
     got: Dominikánská republika
 ; [cca2=DO].translations.fra.common
Expected: RÃ©publique dominicaine
     got: République dominicaine
 ; [cca2=DO].translations.fra.official
Expected: RÃ©publique Dominicaine
     got: République Dominicaine
 ; [cca2=DO].translations.hun.common
Expected: Dominikai KÃ¶ztÃ¡rsasÃ¡g
     got: Dominikai Köztársaság
 ; [cca2=DO].translations.hun.official
Expected: Dominikai KÃ¶ztÃ¡rsasÃ¡g
     got: Dominikai Köztársaság
 ; [cca2=DO].translations.jpn.common
Expected: ãƒ‰ãƒŸãƒ‹ã‚«å…±å’Œå›½
     got: ドミニカ共和国
 ; [cca2=DO].translations.jpn.official
Expected: ãƒ‰ãƒŸãƒ‹ã‚«å…±å’Œå›½
     got: ドミニカ共和国
 ; [cca2=DO].translations.kor.common
Expected: ë�„ë¯¸ë‹ˆì¹´ ê³µí™”êµ­
     got: 도미니카 공화국
 ; [cca2=DO].translations.kor.official
Expected: ë�„ë¯¸ë‹ˆì¹´ ê³µí™”êµ­
     got: 도미니카 공화국
 ; [cca2=DO].translations.per.common
Expected: Ø¬Ù…Ù‡ÙˆØ±ÛŒ Ø¯ÙˆÙ…ÛŒÙ†ÛŒÚ©Ù†
     got: جمهوری دومینیکن
 ; [cca2=DO].translations.per.official
Expected: Ø¬Ù…Ù‡ÙˆØ±ÛŒ Ø¯ÙˆÙ…ÛŒÙ†ÛŒÚ©Ù†
     got: جمهوری دومینیکن
 ; [cca2=DO].translations.pol.official
Expected: Republika DominikaÅ„ska
     got: Republika Dominikańska
 ; [cca2=DO].translations.por.common
Expected: RepÃºblica Dominicana
     got: República Dominicana
 ; [cca2=DO].translations.por.official
Expected: RepÃºblica Dominicana
     got: República Dominicana
 ; [cca2=DO].translations.rus.common
Expected: Ð”Ð¾Ð¼Ð¸Ð½Ð¸ÐºÐ°Ð½Ñ�ÐºÐ°Ñ� Ð ÐµÑ�Ð¿ÑƒÐ±Ð»Ð¸ÐºÐ°
     got: Доминиканская Республика
 ; [cca2=DO].translations.rus.official
Expected: Ð”Ð¾Ð¼Ð¸Ð½Ð¸ÐºÐ°Ð½Ñ�ÐºÐ°Ñ� Ð ÐµÑ�Ð¿ÑƒÐ±Ð»Ð¸ÐºÐ°
     got: Доминиканская Республика
 ; [cca2=DO].translations.slk.common
Expected: DominikÃ¡nska republika
     got: Dominikánska republika
 ; [cca2=DO].translations.slk.official
Expected: DominikÃ¡nska republika
     got: Dominikánska republika
 ; [cca2=DO].translations.spa.common
Expected: RepÃºblica Dominicana
     got: República Dominicana
 ; [cca2=DO].translations.spa.official
Expected: RepÃºblica Dominicana
     got: República Dominicana
 ; [cca2=DO].translations.srp.common
Expected: Ð”Ð¾Ð¼Ð¸Ð½Ð¸ÐºÐ°Ð½Ð°
     got: Доминикана
 ; [cca2=DO].translations.srp.official
Expected: Ð”Ð¾Ð¼Ð¸Ð½Ð¸ÐºÐ°Ð½Ñ�ÐºÐ° Ð ÐµÐ¿ÑƒÐ±Ð»Ð¸ÐºÐ°
     got: Доминиканска Република
 ; [cca2=DO].translations.urd.common
Expected: ÚˆÙˆÙ…ÛŒÙ†ÛŒÚ©Ù†
     got: ڈومینیکن
 ; [cca2=DO].translations.urd.official
Expected: Ø¬Ù…Û�ÙˆØ±ÛŒÛ� ÚˆÙˆÙ…ÛŒÙ†ÛŒÚ©Ù†
     got: جمہوریہ ڈومینیکن
 ; [cca2=DO].translations.zho.common
Expected: å¤šæ˜Žå°¼åŠ 
     got: 多明尼加
 ; [cca2=DO].translations.zho.official
Expected: å¤šæ˜Žå°¼åŠ å…±å’Œå›½
     got: 多明尼加共和国
 ; [cca2=UA].currencies.UAH.symbol
Expected: â‚´
     got: ₴
 ; [cca2=UA].flag
Expected: ðŸ‡ºðŸ‡¦
     got: 🇺🇦
 ; [cca2=UA].name.nativeName.ukr.common
Expected: Ð£ÐºÑ€Ð°Ñ—Ð½Ð°
     got: Україна
 ; [cca2=UA].name.nativeName.ukr.official
Expected: Ð£ÐºÑ€Ð°Ñ—Ð½Ð°
     got: Україна
 ; [cca2=UA].tld[]
Expected: .ÑƒÐºÑ€
     but none found
 ; [cca2=UA].tld[]
Unexpected: .укр
 ; [cca2=UA].translations.ara.common
Expected: Ø£ÙˆÙƒØ±Ø§Ù†ÙŠØ§
     got: أوكرانيا
 ; [cca2=UA].translations.ara.official
Expected: Ø£ÙˆÙƒØ±Ø§Ù†ÙŠØ§
     got: أوكرانيا
 ; [cca2=UA].translations.jpn.common
Expected: ã‚¦ã‚¯ãƒ©ã‚¤ãƒŠ
     got: ウクライナ
 ; [cca2=UA].translations.jpn.official
Expected: ã‚¦ã‚¯ãƒ©ã‚¤ãƒŠ
     got: ウクライナ
 ; [cca2=UA].translations.kor.common
Expected: ìš°í�¬ë�¼ì�´ë‚˜
     got: 우크라이나
 ; [cca2=UA].translations.kor.official
Expected: ìš°í�¬ë�¼ì�´ë‚˜
     got: 우크라이나
 ; [cca2=UA].translations.nld.common
Expected: OekraÃ¯ne
     got: Oekraïne
 ; [cca2=UA].translations.nld.official
Expected: OekraÃ¯ne
     got: Oekraïne
 ; [cca2=UA].translations.per.common
Expected: Ø§ÙˆÚ©Ø±Ø§ÛŒÙ†
     got: اوکراین
 ; [cca2=UA].translations.per.official
Expected: Ø§ÙˆÚ©Ø±Ø§ÛŒÙ†
     got: اوکراین
 ; [cca2=UA].translations.por.common
Expected: UcrÃ¢nia
     got: Ucrânia
 ; [cca2=UA].translations.por.official
Expected: UcrÃ¢nia
     got: Ucrânia
 ; [cca2=UA].translations.rus.common
Expected: Ð£ÐºÑ€Ð°Ð¸Ð½Ð°
     got: Украина
 ; [cca2=UA].translations.rus.official
Expected: Ð£ÐºÑ€Ð°Ð¸Ð½Ð°
     got: Украина
 ; [cca2=UA].translations.srp.common
Expected: Ð£ÐºÑ€Ð°Ñ˜Ð¸Ð½Ð°
     got: Украјина
 ; [cca2=UA].translations.srp.official
Expected: Ð£ÐºÑ€Ð°Ñ˜Ð¸Ð½Ð°
     got: Украјина
 ; [cca2=UA].translations.urd.common
Expected: ÛŒÙˆÚ©Ø±ÛŒÙ†
     got: یوکرین
 ; [cca2=UA].translations.urd.official
Expected: ÛŒÙˆÚ©Ø±ÛŒÙ†
     got: یوکرین
 ; [cca2=UA].translations.zho.common
Expected: ä¹Œå…‹å…°
     got: 乌克兰
 ; [cca2=UA].translations.zho.official
Expected: ä¹Œå…‹å…°
     got: 乌克兰
 ; [cca2=UG].flag
Expected: ðŸ‡ºðŸ‡¬
     got: 🇺🇬
 ; [cca2=UG].translations.ara.common
Expected: Ø£ÙˆØºÙ†Ø¯Ø§
     got: أوغندا
 ; [cca2=UG].translations.ara.official
Expected: Ø¬Ù…Ù‡ÙˆØ±ÙŠØ© Ø£ÙˆØºÙ†Ø¯Ø§
     got: جمهورية أوغندا
 ; [cca2=UG].translations.ces.official
Expected: UgandskÃ¡ republika
     got: Ugandská republika
 ; [cca2=UG].translations.fra.official
Expected: RÃ©publique de l&apos;Ouganda
     got: République de l&apos;Ouganda
 ; [cca2=UG].translations.hun.official
Expected: Ugandai KÃ¶ztÃ¡rsasÃ¡g
     got: Ugandai Köztársaság
 ; [cca2=UG].translations.jpn.common
Expected: ã‚¦ã‚¬ãƒ³ãƒ€
     got: ウガンダ
 ; [cca2=UG].translations.jpn.official
Expected: ã‚¦ã‚¬ãƒ³ãƒ€å…±å’Œå›½
     got: ウガンダ共和国
 ; [cca2=UG].translations.kor.common
Expected: ìš°ê°„ë‹¤
     got: 우간다
 ; [cca2=UG].translations.kor.official
Expected: ìš°ê°„ë‹¤ ê³µí™”êµ­
     got: 우간다 공화국
 ; [cca2=UG].translations.per.common
Expected: Ø§ÙˆÚ¯Ø§Ù†Ø¯Ø§
     got: اوگاندا
 ; [cca2=UG].translations.per.official
Expected: Ø¬Ù…Ù‡ÙˆØ±ÛŒ Ø§ÙˆÚ¯Ø§Ù†Ø¯Ø§
     got: جمهوری اوگاندا
 ; [cca2=UG].translations.por.official
Expected: RepÃºblica do Uganda
     got: República do Uganda
 ; [cca2=UG].translations.rus.common
Expected: Ð£Ð³Ð°Ð½Ð´Ð°
     got: Уганда
 ; [cca2=UG].translations.rus.official
Expected: Ð ÐµÑ�Ð¿ÑƒÐ±Ð»Ð¸ÐºÐ° Ð£Ð³Ð°Ð½Ð´Ð°
     got: Республика Уганда
 ; [cca2=UG].translations.slk.official
Expected: UgandskÃ¡ republika
     got: Ugandská republika
 ; [cca2=UG].translations.spa.official
Expected: RepÃºblica de Uganda
     got: República de Uganda
 ; [cca2=UG].translations.srp.common
Expected: Ð£Ð³Ð°Ð½Ð´Ð°
     got: Уганда
 ; [cca2=UG].translations.srp.official
Expected: Ð ÐµÐ¿ÑƒÐ±Ð»Ð¸ÐºÐ° Ð£Ð³Ð°Ð½Ð´Ð°
     got: Република Уганда
 ; [cca2=UG].translations.urd.common
Expected: ÛŒÙˆÚ¯Ù†ÚˆØ§
     got: یوگنڈا
 ; [cca2=UG].translations.urd.official
Expected: Ø¬Ù…Û�ÙˆØ±ÛŒÛ� ÛŒÙˆÚ¯Ù†ÚˆØ§
     got: جمہوریہ یوگنڈا
 ; [cca2=UG].translations.zho.common
Expected: ä¹Œå¹²è¾¾
     got: 乌干达
 ; [cca2=UG].translations.zho.official
Expected: ä¹Œå¹²è¾¾å…±å’Œå›½
     got: 乌干达共和国
 ; [cca2=DZ].altSpellings[]
Expected: AlgÃ©rie
     but none found
 ; [cca2=DZ].altSpellings[]
Unexpected: Algérie
 ; [cca2=DZ].currencies.DZD.symbol
Expected: Ø¯.Ø¬
     got: د.ج
 ; [cca2=DZ].demonyms.fra.f
Expected: AlgÃ©rienne
     got: Algérienne
 ; [cca2=DZ].demonyms.fra.m
Expected: AlgÃ©rien
     got: Algérien
 ; [cca2=DZ].flag
Expected: ðŸ‡©ðŸ‡¿
     got: 🇩🇿
 ; [cca2=DZ].name.nativeName.ara.common
Expected: Ø§Ù„Ø¬Ø²Ø§Ø¦Ø±
     got: الجزائر
 ; [cca2=DZ].name.nativeName.ara.official
Expected: Ø§Ù„Ø¬Ù…Ù‡ÙˆØ±ÙŠØ© Ø§Ù„Ø¯ÙŠÙ…Ù‚Ø±Ø§Ø·ÙŠØ© Ø§Ù„Ø´Ø¹Ø¨ÙŠØ© Ø§Ù„Ø¬Ø²Ø§Ø¦Ø±ÙŠØ©
     got: الجمهورية الديمقراطية الشعبية الجزائرية
 ; [cca2=DZ].tld[]
Expected: Ø§Ù„Ø¬Ø²Ø§Ø¦Ø±.
     but none found
 ; [cca2=DZ].tld[]
Unexpected: الجزائر.
 ; [cca2=DZ].translations.ara.common
Expected: Ø§Ù„Ø¬Ø²Ø§Ø¦Ø±
     got: الجزائر
 ; [cca2=DZ].translations.ara.official
Expected: Ø§Ù„Ø¬Ù…Ù‡ÙˆØ±ÙŠØ© Ø§Ù„Ø¯ÙŠÙ…Ù‚Ø±Ø§Ø·ÙŠØ© Ø§Ù„Ø´Ø¹Ø¨ÙŠØ© Ø§Ù„Ø¬Ø²Ø§Ø¦Ø±ÙŠØ©
     got: الجمهورية الديمقراطية الشعبية الجزائرية
 ; [cca2=DZ].translations.ces.common
Expected: AlÅ¾Ã­rsko
     got: Alžírsko
 ; [cca2=DZ].translations.ces.official
Expected: AlÅ¾Ã­rskÃ¡ demokratickÃ¡ a lidovÃ¡ republika
     got: Alžírská demokratická a lidová republika
 ; [cca2=DZ].translations.est.common
Expected: AlÅ¾eeria
     got: Alžeeria
 ; [cca2=DZ].translations.est.official
Expected: AlÅ¾eeria Demokraatlik Rahvavabariik
     got: Alžeeria Demokraatlik Rahvavabariik
 ; [cca2=DZ].translations.fra.common
Expected: AlgÃ©rie
     got: Algérie
 ; [cca2=DZ].translations.fra.official
Expected: RÃ©publique dÃ©mocratique et populaire d&apos;AlgÃ©rie
     got: République démocratique et populaire d&apos;Algérie
 ; [cca2=DZ].translations.hrv.common
Expected: AlÅ¾ir
     got: Alžir
 ; [cca2=DZ].translations.hrv.official
Expected: Narodna Demokratska Republika AlÅ¾ir
     got: Narodna Demokratska Republika Alžir
 ; [cca2=DZ].translations.hun.common
Expected: AlgÃ©ria
     got: Algéria
 ; [cca2=DZ].translations.hun.official
Expected: AlgÃ©riai NÃ©pi Demokratikus KÃ¶ztÃ¡rsasÃ¡g
     got: Algériai Népi Demokratikus Köztársaság
 ; [cca2=DZ].translations.jpn.common
Expected: ã‚¢ãƒ«ã‚¸ã‚§ãƒªã‚¢
     got: アルジェリア
 ; [cca2=DZ].translations.jpn.official
Expected: ã‚¢ãƒ«ã‚¸ã‚§ãƒªã‚¢äººæ°‘æ°‘ä¸»å…±å’Œå›½
     got: アルジェリア人民民主共和国
 ; [cca2=DZ].translations.kor.common
Expected: ì•Œì œë¦¬
     got: 알제리
 ; [cca2=DZ].translations.kor.official
Expected: ì•Œì œë¦¬ ì�¸ë¯¼ ë¯¼ì£¼ ê³µí™”êµ­
     got: 알제리 인민 민주 공화국
 ; [cca2=DZ].translations.per.common
Expected: Ø§Ù„Ø¬Ø²Ø§ÛŒØ±
     got: الجزایر
 ; [cca2=DZ].translations.per.official
Expected: Ø¬Ù…Ù‡ÙˆØ±ÛŒ Ø¯Ù…ÙˆÚ©Ø±Ø§ØªÛŒÚ© Ø®Ù„Ù‚ Ø§Ù„Ø¬Ø²Ø§ÛŒØ±
     got: جمهوری دموکراتیک خلق الجزایر
 ; [cca2=DZ].translations.por.common
Expected: ArgÃ©lia
     got: Argélia
 ; [cca2=DZ].translations.por.official
Expected: RepÃºblica Argelina DemocrÃ¡tica e Popular
     got: República Argelina Democrática e Popular
 ; [cca2=DZ].translations.rus.common
Expected: Ð�Ð»Ð¶Ð¸Ñ€
     got: Алжир
 ; [cca2=DZ].translations.rus.official
Expected: Ð�Ð°Ñ€Ð¾Ð´Ð½Ð¾-Ð”ÐµÐ¼Ð¾ÐºÑ€Ð°Ñ‚Ð¸Ñ‡ÐµÑ�ÐºÐ°Ñ� Ð ÐµÑ�Ð¿ÑƒÐ±Ð»Ð¸ÐºÐ° Ð�Ð»Ð¶Ð¸Ñ€
     got: Народно-Демократическая Республика Алжир
 ; [cca2=DZ].translations.slk.common
Expected: AlÅ¾Ã­rsko
     got: Alžírsko
 ; [cca2=DZ].translations.slk.official
Expected: AlÅ¾Ã­rska demokratickÃ¡ Ä¾udovÃ¡ republika
     got: Alžírska demokratická ľudová republika
 ; [cca2=DZ].translations.spa.official
Expected: RepÃºblica Argelina DemocrÃ¡tica y Popular
     got: República Argelina Democrática y Popular
 ; [cca2=DZ].translations.srp.common
Expected: Ð�Ð»Ð¶Ð¸Ñ€
     got: Алжир
 ; [cca2=DZ].translations.srp.official
Expected: Ð�Ð°Ñ€Ð¾Ð´Ð½Ð° Ð”ÐµÐ¼Ð¾ÐºÑ€Ð°Ñ‚Ñ�ÐºÐ° Ð ÐµÐ¿ÑƒÐ±Ð»Ð¸ÐºÐ° Ð�Ð»Ð¶Ð¸Ñ€
     got: Народна Демократска Република Алжир
 ; [cca2=DZ].translations.urd.common
Expected: Ø§Ù„Ø¬Ø²Ø§Ø¦Ø±
     got: الجزائر
 ; [cca2=DZ].translations.urd.official
Expected: Ø¹ÙˆØ§Ù…ÛŒ Ø¬Ù…Û�ÙˆØ±ÛŒ Ø¬Ù…Û�ÙˆØ±ÛŒÛ� Ø§Ù„Ø¬Ø²Ø§Ø¦Ø±
     got: عوامی جمہوری جمہوریہ الجزائر
 ; [cca2=DZ].translations.zho.common
Expected: é˜¿å°”å�Šåˆ©äºš
     got: 阿尔及利亚
 ; [cca2=DZ].translations.zho.official
Expected: é˜¿å°”å�Šåˆ©äºšäººæ°‘æ°‘ä¸»å…±å’Œå›½
     got: 阿尔及利亚人民民主共和国
 ; [cca2=UM].flag
Expected: ðŸ‡ºðŸ‡²
     got: 🇺🇲
 ; [cca2=UM].translations.ara.common
Expected: Ø¬Ø²Ø± Ø§Ù„ÙˆÙ„Ø§ÙŠØ§Øª Ø§Ù„Ù…ØªØ­Ø¯Ø© Ø§Ù„ØµØºÙŠØ±Ø© Ø§Ù„Ù†Ø§Ø¦ÙŠØ©
     got: جزر الولايات المتحدة الصغيرة النائية
 ; [cca2=UM].translations.ara.official
Expected: Ø¬Ø²Ø± Ø§Ù„ÙˆÙ„Ø§ÙŠØ§Øª Ø§Ù„Ù…ØªØ­Ø¯Ø© Ø§Ù„ØµØºÙŠØ±Ø© Ø§Ù„Ù†Ø§Ø¦ÙŠØ©
     got: جزر الولايات المتحدة الصغيرة النائية
 ; [cca2=UM].translations.bre.common
Expected: Inizi Minor A-bell StadoÃ¹-Unanet
     got: Inizi Minor A-bell Stadoù-Unanet
 ; [cca2=UM].translations.bre.official
Expected: Inizi Minor A-bell StadoÃ¹-Unanet
     got: Inizi Minor A-bell Stadoù-Unanet
 ; [cca2=UM].translations.ces.common
Expected: MenÅ¡Ã­ odlehlÃ© ostrovy USA
     got: Menší odlehlé ostrovy USA
 ; [cca2=UM].translations.ces.official
Expected: MenÅ¡Ã­ odlehlÃ© ostrovy SpojenÃ½ch stÃ¡tÅ¯ americkÃ½ch
     got: Menší odlehlé ostrovy Spojených států amerických
 ; [cca2=UM].translations.est.common
Expected: Ãœhendriikide hajasaared
     got: Ühendriikide hajasaared
 ; [cca2=UM].translations.est.official
Expected: Ãœhendriikide vÃ¤ikesed hajasaared
     got: Ühendriikide väikesed hajasaared
 ; [cca2=UM].translations.fra.common
Expected: ÃŽles mineures Ã©loignÃ©es des Ã‰tats-Unis
     got: Îles mineures éloignées des États-Unis
 ; [cca2=UM].translations.fra.official
Expected: ÃŽles mineures Ã©loignÃ©es des Ã‰tats-Unis
     got: Îles mineures éloignées des États-Unis
 ; [cca2=UM].translations.hun.common
Expected: Az Amerikai EgyesÃ¼lt Ã�llamok lakatlan kÃ¼lbirtokai
     got: Az Amerikai Egyesült Államok lakatlan külbirtokai
 ; [cca2=UM].translations.hun.official
Expected: Az Amerikai EgyesÃ¼lt Ã�llamok lakatlan kÃ¼lbirtokai
     got: Az Amerikai Egyesült Államok lakatlan külbirtokai
 ; [cca2=UM].translations.jpn.common
Expected: å�ˆè¡†å›½é ˜æœ‰å°�é›¢å³¶
     got: 合衆国領有小離島
 ; [cca2=UM].translations.jpn.official
Expected: ã‚¢ãƒ¡ãƒªã‚«å�ˆè¡†å›½å¤–è«¸å³¶
     got: アメリカ合衆国外諸島
 ; [cca2=UM].translations.kor.common
Expected: ë¯¸êµ­ë ¹ êµ°ì†Œ ì œë�„
     got: 미국령 군소 제도
 ; [cca2=UM].translations.kor.official
Expected: ë¯¸êµ­ë ¹ êµ°ì†Œ ì œë�„
     got: 미국령 군소 제도
 ; [cca2=UM].translations.per.common
Expected: Ø¬Ø²Ø§ÛŒØ± Ú©ÙˆÚ†Ú© Ø­Ø§Ø´ÛŒÙ‡â€ŒØ§ÛŒ Ø§ÛŒØ§Ù„Ø§Øª Ù…ØªØ­Ø¯Ù‡ Ø¢Ù…Ø±ÛŒÚ©Ø§
     got: جزایر کوچک حاشیه‌ای ایالات متحده آمریکا
 ; [cca2=UM].translations.per.official
Expected: Ø¬Ø²Ø§ÛŒØ± Ú©ÙˆÚ†Ú© Ø­Ø§Ø´ÛŒÙ‡â€ŒØ§ÛŒ Ø§ÛŒØ§Ù„Ø§Øª Ù…ØªØ­Ø¯Ù‡ Ø¢Ù…Ø±ÛŒÚ©Ø§
     got: جزایر کوچک حاشیه‌ای ایالات متحده آمریکا
 ; [cca2=UM].translations.pol.common
Expected: Dalekie Wyspy Mniejsze StanÃ³w Zjednoczonych
     got: Dalekie Wyspy Mniejsze Stanów Zjednoczonych
 ; [cca2=UM].translations.pol.official
Expected: Dalekie Wyspy Mniejsze StanÃ³w Zjednoczonych
     got: Dalekie Wyspy Mniejsze Stanów Zjednoczonych
 ; [cca2=UM].translations.rus.common
Expected: Ð’Ð½ÐµÑˆÐ½Ð¸Ðµ Ð¼Ð°Ð»Ñ‹Ðµ Ð¾Ñ�Ñ‚Ñ€Ð¾Ð²Ð° Ð¡Ð¨Ð�
     got: Внешние малые острова США
 ; [cca2=UM].translations.rus.official
Expected: Ð’Ð½ÐµÑˆÐ½Ð¸Ðµ Ð¼Ð°Ð»Ñ‹Ðµ Ð¾Ñ�Ñ‚Ñ€Ð¾Ð²Ð° Ð¡Ð¨Ð�
     got: Внешние малые острова США
 ; [cca2=UM].translations.slk.common
Expected: MenÅ¡ie odÄ¾ahlÃ© ostrovy USA
     got: Menšie odľahlé ostrovy USA
 ; [cca2=UM].translations.slk.official
Expected: MenÅ¡ie odÄ¾ahlÃ© ostrovy SpjoenÃ½ch Å¡tÃ¡tov
     got: Menšie odľahlé ostrovy Spjoených štátov
 ; [cca2=UM].translations.srp.common
Expected: ÐœÐ°Ð»Ð° Ñ�Ð¿Ð¾Ñ™Ð½Ð° Ð¾Ñ�Ñ‚Ñ€Ð²Ð° Ð¡Ñ˜ÐµÐ´Ð¸ÑšÐµÐ½Ð¸Ñ… Ð�Ð¼ÐµÑ€Ð¸Ñ‡ÐºÐ¸Ñ… Ð”Ñ€Ð¶Ð°Ð²Ð°
     got: Мала спољна острва Сједињених Америчких Држава
 ; [cca2=UM].translations.srp.official
Expected: ÐœÐ°Ð»Ð° Ñ�Ð¿Ð¾Ñ™Ð½Ð° Ð¾Ñ�Ñ‚Ñ€Ð²Ð° Ð¡Ñ˜ÐµÐ´Ð¸ÑšÐµÐ½Ð¸Ñ… Ð�Ð¼ÐµÑ€Ð¸Ñ‡ÐºÐ¸Ñ… Ð”Ñ€Ð¶Ð°Ð²Ð°
     got: Мала спољна острва Сједињених Америчких Држава
 ; [cca2=UM].translations.swe.common
Expected: FÃ¶renta staternas mindre Ã¶ar i Oceanien och VÃ¤stindien
     got: Förenta staternas mindre öar i Oceanien och Västindien
 ; [cca2=UM].translations.swe.official
Expected: FÃ¶renta staternas mindre Ã¶ar i Oceanien och VÃ¤stindien
     got: Förenta staternas mindre öar i Oceanien och Västindien
 ; [cca2=UM].translations.tur.common
Expected: Amerika BirleÅŸik Devletleri KÃ¼Ã§Ã¼k DÄ±ÅŸ AdalarÄ±
     got: Amerika Birleşik Devletleri Küçük Dış Adaları
 ; [cca2=UM].translations.tur.official
Expected: Amerika BirleÅŸik Devletleri KÃ¼Ã§Ã¼k DÄ±ÅŸ AdalarÄ±
     got: Amerika Birleşik Devletleri Küçük Dış Adaları
 ; [cca2=UM].translations.urd.common
Expected: Ø§Ù…Ø±ÛŒÚ©ÛŒ Ú†Ú¾ÙˆÙ¹Û’ Ø¨ÛŒØ±ÙˆÙ†ÛŒ Ø¬Ø²Ø§Ø¦Ø±
     got: امریکی چھوٹے بیرونی جزائر
 ; [cca2=UM].translations.urd.official
Expected: Ø§Ù…Ø±ÛŒÚ©ÛŒ Ú†Ú¾ÙˆÙ¹Û’ Ø¨ÛŒØ±ÙˆÙ†ÛŒ Ø¬Ø²Ø§Ø¦Ø±
     got: امریکی چھوٹے بیرونی جزائر
 ; [cca2=UM].translations.zho.common
Expected: ç¾Žå›½æœ¬åœŸå¤–å°�å²›å±¿
     got: 美国本土外小岛屿
 ; [cca2=UM].translations.zho.official
Expected: ç¾Žå›½æœ¬åœŸå¤–å°�å²›å±¿
     got: 美国本土外小岛屿
 ; [cca2=US].demonyms.fra.f
Expected: AmÃ©ricaine
     got: Américaine
 ; [cca2=US].demonyms.fra.m
Expected: AmÃ©ricain
     got: Américain
 ; [cca2=US].flag
Expected: ðŸ‡ºðŸ‡¸
     got: 🇺🇸
 ; [cca2=US].translations.ara.common
Expected: Ø§Ù„ÙˆÙ„Ø§ÙŠØ§Øª Ø§Ù„Ù…ØªØ­Ø¯Ø©
     got: الولايات المتحدة
 ; [cca2=US].translations.ara.official
Expected: Ø§Ù„ÙˆÙ„Ø§ÙŠØ§Øª Ø§Ù„Ù…ØªØ­Ø¯Ø© Ø§Ù„Ø§Ù…Ø±ÙŠÙƒÙŠØ©
     got: الولايات المتحدة الامريكية
 ; [cca2=US].translations.bre.common
Expected: StadoÃ¹-Unanet
     got: Stadoù-Unanet
 ; [cca2=US].translations.bre.official
Expected: StadoÃ¹-Unanet Amerika
     got: Stadoù-Unanet Amerika
 ; [cca2=US].translations.ces.common
Expected: SpojenÃ© stÃ¡ty
     got: Spojené státy
 ; [cca2=US].translations.ces.official
Expected: SpojenÃ© stÃ¡ty americkÃ©
     got: Spojené státy americké
 ; [cca2=US].translations.est.common
Expected: Ameerika Ãœhendriigid
     got: Ameerika Ühendriigid
 ; [cca2=US].translations.est.official
Expected: Ameerika Ãœhendriigid
     got: Ameerika Ühendriigid
 ; [cca2=US].translations.fra.common
Expected: Ã‰tats-Unis
     got: États-Unis
 ; [cca2=US].translations.fra.official
Expected: Les Ã©tats-unis d&apos;AmÃ©rique
     got: Les états-unis d&apos;Amérique
 ; [cca2=US].translations.hrv.common
Expected: Sjedinjene AmeriÄ�ke DrÅ¾ave
     got: Sjedinjene Američke Države
 ; [cca2=US].translations.hrv.official
Expected: Sjedinjene DrÅ¾ave Amerike
     got: Sjedinjene Države Amerike
 ; [cca2=US].translations.hun.common
Expected: Amerikai EgyesÃ¼lt Ã�llamok
     got: Amerikai Egyesült Államok
 ; [cca2=US].translations.hun.official
Expected: Amerikai EgyesÃ¼lt Ã�llamok
     got: Amerikai Egyesült Államok
 ; [cca2=US].translations.jpn.common
Expected: ã‚¢ãƒ¡ãƒªã‚«å�ˆè¡†å›½
     got: アメリカ合衆国
 ; [cca2=US].translations.jpn.official
Expected: ã‚¢ãƒ¡ãƒªã‚«å�ˆè¡†å›½
     got: アメリカ合衆国
 ; [cca2=US].translations.kor.common
Expected: ë¯¸êµ­
     got: 미국
 ; [cca2=US].translations.kor.official
Expected: ì•„ë©”ë¦¬ì¹´ í•©ì¤‘êµ­
     got: 아메리카 합중국
 ; [cca2=US].translations.per.common
Expected: Ø§ÛŒØ§Ù„Ø§Øª Ù…ØªØ­Ø¯Ù‡ Ø¢Ù…Ø±ÛŒÚ©Ø§
     got: ایالات متحده آمریکا
 ; [cca2=US].translations.per.official
Expected: Ø§ÛŒØ§Ù„Ø§Øª Ù…ØªØ­Ø¯Ù‡ Ø¢Ù…Ø±ÛŒÚ©Ø§
     got: ایالات متحده آمریکا
 ; [cca2=US].translations.por.official
Expected: Estados Unidos da AmÃ©rica
     got: Estados Unidos da América
 ; [cca2=US].translations.rus.common
Expected: Ð¡Ð¾ÐµÐ´Ð¸Ð½Ñ‘Ð½Ð½Ñ‹Ðµ Ð¨Ñ‚Ð°Ñ‚Ñ‹ Ð�Ð¼ÐµÑ€Ð¸ÐºÐ¸
     got: Соединённые Штаты Америки
 ; [cca2=US].translations.rus.official
Expected: Ð¡Ð¾ÐµÐ´Ð¸Ð½ÐµÐ½Ð½Ñ‹Ðµ Ð¨Ñ‚Ð°Ñ‚Ñ‹ Ð�Ð¼ÐµÑ€Ð¸ÐºÐ¸
     got: Соединенные Штаты Америки
 ; [cca2=US].translations.slk.common
Expected: SpojenÃ© Å¡tÃ¡ty americkÃ©
     got: Spojené štáty americké
 ; [cca2=US].translations.slk.official
Expected: SpojenÃ© Å¡tÃ¡ty AmerickÃ©
     got: Spojené štáty Americké
 ; [cca2=US].translations.spa.official
Expected: Estados Unidos de AmÃ©rica
     got: Estados Unidos de América
 ; [cca2=US].translations.srp.common
Expected: Ð¡Ñ˜ÐµÐ´Ð¸ÑšÐµÐ½Ðµ Ð�Ð¼ÐµÑ€Ð¸Ñ‡ÐºÐµ Ð”Ñ€Ð¶Ð°Ð²Ðµ
     got: Сједињене Америчке Државе
 ; [cca2=US].translations.srp.official
Expected: Ð¡Ñ˜ÐµÐ´Ð¸ÑšÐµÐ½Ðµ Ð�Ð¼ÐµÑ€Ð¸Ñ‡ÐºÐµ Ð”Ñ€Ð¶Ð°Ð²Ðµ
     got: Сједињене Америчке Државе
 ; [cca2=US].translations.swe.official
Expected: Amerikas fÃ¶renta stater
     got: Amerikas förenta stater
 ; [cca2=US].translations.tur.common
Expected: Amerika BirleÅŸik Devletleri
     got: Amerika Birleşik Devletleri
 ; [cca2=US].translations.tur.official
Expected: Amerika BirleÅŸik Devletleri
     got: Amerika Birleşik Devletleri
 ; [cca2=US].translations.urd.common
Expected: Ø±ÛŒØ§Ø³ØªÛ�Ø§Ø¦Û’ Ù…ØªØ­Ø¯Û�
     got: ریاستہائے متحدہ
 ; [cca2=US].translations.urd.official
Expected: Ø±ÛŒØ§Ø³ØªÛ�Ø§Ø¦Û’ Ù…ØªØ­Ø¯Û� Ø§Ù…Ø±ÛŒÚ©Ø§
     got: ریاستہائے متحدہ امریکا
 ; [cca2=US].translations.zho.common
Expected: ç¾Žå›½
     got: 美国
 ; [cca2=US].translations.zho.official
Expected: ç¾Žåˆ©å�šå�ˆä¼—å›½
     got: 美利坚合众国
 ; [cca2=EC].altSpellings[]
Expected: RepÃºblica del Ecuador
     but none found
 ; [cca2=EC].altSpellings[]
Unexpected: República del Ecuador
 ; [cca2=EC].demonyms.fra.f
Expected: Ã‰quatorienne
     got: Équatorienne
 ; [cca2=EC].demonyms.fra.m
Expected: Ã‰quatorien
     got: Équatorien
 ; [cca2=EC].flag
Expected: ðŸ‡ªðŸ‡¨
     got: 🇪🇨
 ; [cca2=EC].name.nativeName.spa.official
Expected: RepÃºblica del Ecuador
     got: República del Ecuador
 ; [cca2=EC].translations.ara.common
Expected: Ø§Ù„Ø¥ÙƒÙˆØ§Ø¯ÙˆØ±
     got: الإكوادور
 ; [cca2=EC].translations.ara.official
Expected: Ø¬Ù…Ù‡ÙˆØ±ÙŠØ© Ø§Ù„Ø¥ÙƒÙˆØ§Ø¯ÙˆØ±
     got: جمهورية الإكوادور
 ; [cca2=EC].translations.ces.common
Expected: EkvÃ¡dor
     got: Ekvádor
 ; [cca2=EC].translations.ces.official
Expected: EkvÃ¡dorskÃ¡ republika
     got: Ekvádorská republika
 ; [cca2=EC].translations.fra.common
Expected: Ã‰quateur
     got: Équateur
 ; [cca2=EC].translations.fra.official
Expected: RÃ©publique de l&apos;Ã‰quateur
     got: République de l&apos;Équateur
 ; [cca2=EC].translations.hun.official
Expected: Ecuadori KÃ¶ztÃ¡rsasÃ¡g
     got: Ecuadori Köztársaság
 ; [cca2=EC].translations.jpn.common
Expected: ã‚¨ã‚¯ã‚¢ãƒ‰ãƒ«
     got: エクアドル
 ; [cca2=EC].translations.jpn.official
Expected: ã‚¨ã‚¯ã‚¢ãƒ‰ãƒ«å…±å’Œå›½
     got: エクアドル共和国
 ; [cca2=EC].translations.kor.common
Expected: ì—�ì½°ë�„ë¥´
     got: 에콰도르
 ; [cca2=EC].translations.kor.official
Expected: ì—�ì½°ë�„ë¥´ ê³µí™”êµ­
     got: 에콰도르 공화국
 ; [cca2=EC].translations.per.common
Expected: Ø§Ú©ÙˆØ§Ø¯ÙˆØ±
     got: اکوادور
 ; [cca2=EC].translations.per.official
Expected: Ø¬Ù…Ù‡ÙˆØ±ÛŒ Ø§Ú©ÙˆØ§Ø¯ÙˆØ±
     got: جمهوری اکوادور
 ; [cca2=EC].translations.por.official
Expected: RepÃºblica do Equador
     got: República do Equador
 ; [cca2=EC].translations.rus.common
Expected: Ð­ÐºÐ²Ð°Ð´Ð¾Ñ€
     got: Эквадор
 ; [cca2=EC].translations.rus.official
Expected: Ð ÐµÑ�Ð¿ÑƒÐ±Ð»Ð¸ÐºÐ° Ð­ÐºÐ²Ð°Ð´Ð¾Ñ€
     got: Республика Эквадор
 ; [cca2=EC].translations.slk.common
Expected: EkvÃ¡dor
     got: Ekvádor
 ; [cca2=EC].translations.slk.official
Expected: EkvÃ¡dorskÃ¡ republika
     got: Ekvádorská republika
 ; [cca2=EC].translations.spa.official
Expected: RepÃºblica del Ecuador
     got: República del Ecuador
 ; [cca2=EC].translations.srp.common
Expected: Ð•ÐºÐ²Ð°Ð´Ð¾Ñ€
     got: Еквадор
 ; [cca2=EC].translations.srp.official
Expected: Ð ÐµÐ¿ÑƒÐ±Ð»Ð¸ÐºÐ° Ð•ÐºÐ²Ð°Ð´Ð¾Ñ€
     got: Република Еквадор
 ; [cca2=EC].translations.urd.common
Expected: Ø§ÛŒÚ©ÙˆØ§ÚˆÙˆØ±
     got: ایکواڈور
 ; [cca2=EC].translations.urd.official
Expected: Ø¬Ù…Û�ÙˆØ±ÛŒÛ� Ø§ÛŒÚ©ÙˆÚˆÙˆØ±
     got: جمہوریہ ایکوڈور
 ; [cca2=EC].translations.zho.common
Expected: åŽ„ç“œå¤šå°”
     got: 厄瓜多尔
 ; [cca2=EC].translations.zho.official
Expected: åŽ„ç“œå¤šå°”å…±å’Œå›½
     got: 厄瓜多尔共和国
 ; [cca2=EE].currencies.EUR.symbol
Expected: â‚¬
     got: €
 ; [cca2=EE].flag
Expected: ðŸ‡ªðŸ‡ª
     got: 🇪🇪
 ; [cca2=EE].translations.ara.common
Expected: Ø¥Ø³ØªÙˆÙ†ÙŠØ§
     got: إستونيا
 ; [cca2=EE].translations.ara.official
Expected: Ø¬Ù…Ù‡ÙˆØ±ÙŠØ© Ø¥Ø³ØªÙˆÙ†ÙŠØ§
     got: جمهورية إستونيا
 ; [cca2=EE].translations.ces.official
Expected: EstonskÃ¡ republika
     got: Estonská republika
 ; [cca2=EE].translations.fra.official
Expected: RÃ©publique d&apos;Estonie
     got: République d&apos;Estonie
 ; [cca2=EE].translations.hun.common
Expected: Ã‰sztorszÃ¡g
     got: Észtország
 ; [cca2=EE].translations.hun.official
Expected: Ã‰szt KÃ¶ztÃ¡rsasÃ¡g
     got: Észt Köztársaság
 ; [cca2=EE].translations.jpn.common
Expected: ã‚¨ã‚¹ãƒˆãƒ‹ã‚¢
     got: エストニア
 ; [cca2=EE].translations.jpn.official
Expected: ã‚¨ã‚¹ãƒˆãƒ‹ã‚¢å…±å’Œå›½
     got: エストニア共和国
 ; [cca2=EE].translations.kor.common
Expected: ì—�ìŠ¤í† ë‹ˆì•„
     got: 에스토니아
 ; [cca2=EE].translations.kor.official
Expected: ì—�ìŠ¤í† ë‹ˆì•„ ê³µí™”êµ­
     got: 에스토니아 공화국
 ; [cca2=EE].translations.per.common
Expected: Ø§Ù�Ø³ØªÙˆÙ†ÛŒ
     got: اِستونی
 ; [cca2=EE].translations.per.official
Expected: Ø¬Ù…Ù‡ÙˆØ±ÛŒ Ø§Ø³ØªÙˆÙ†ÛŒ
     got: جمهوری استونی
 ; [cca2=EE].translations.pol.official
Expected: Republika EstoÅ„ska
     got: Republika Estońska
 ; [cca2=EE].translations.por.common
Expected: EstÃ³nia
     got: Estónia
 ; [cca2=EE].translations.por.official
Expected: RepÃºblica da EstÃ³nia
     got: República da Estónia
 ; [cca2=EE].translations.rus.common
Expected: Ð­Ñ�Ñ‚Ð¾Ð½Ð¸Ñ�
     got: Эстония
 ; [cca2=EE].translations.rus.official
Expected: Ð­Ñ�Ñ‚Ð¾Ð½Ñ�ÐºÐ°Ñ� Ð ÐµÑ�Ð¿ÑƒÐ±Ð»Ð¸ÐºÐ°
     got: Эстонская Республика
 ; [cca2=EE].translations.slk.common
Expected: EstÃ³nsko
     got: Estónsko
 ; [cca2=EE].translations.slk.official
Expected: EstÃ³nska republika
     got: Estónska republika
 ; [cca2=EE].translations.spa.official
Expected: RepÃºblica de Estonia
     got: República de Estonia
 ; [cca2=EE].translations.srp.common
Expected: Ð•Ñ�Ñ‚Ð¾Ð½Ð¸Ñ˜Ð°
     got: Естонија
 ; [cca2=EE].translations.srp.official
Expected: Ð•Ñ�Ñ‚Ð¾Ð½Ñ�ÐºÐ° Ð ÐµÐ¿ÑƒÐ±Ð»Ð¸ÐºÐ°
     got: Естонска Република
 ; [cca2=EE].translations.urd.common
Expected: Ø§Ø³Ù¹ÙˆÙ†ÛŒØ§
     got: اسٹونیا
 ; [cca2=EE].translations.urd.official
Expected: Ø¬Ù…Û�ÙˆØ±ÛŒÛ� Ø§Ø³Ù¹ÙˆÙ†ÛŒØ§
     got: جمہوریہ اسٹونیا
 ; [cca2=EE].translations.zho.common
Expected: çˆ±æ²™å°¼äºš
     got: 爱沙尼亚
 ; [cca2=EE].translations.zho.official
Expected: çˆ±æ²™å°¼äºšå…±å’Œå›½
     got: 爱沙尼亚共和国
 ; [cca2=EG].currencies.EGP.symbol
Expected: Â£
     got: £
 ; [cca2=EG].demonyms.fra.f
Expected: Ã‰gyptienne
     got: Égyptienne
 ; [cca2=EG].demonyms.fra.m
Expected: Ã‰gyptien
     got: Égyptien
 ; [cca2=EG].flag
Expected: ðŸ‡ªðŸ‡¬
     got: 🇪🇬
 ; [cca2=EG].flags.alt
Expected: The flag of Egypt is composed of three equal horizontal bands of red, white and black, with Egypt&apos;s national emblem â€” a hoist-side facing gold eagle of Saladin â€” centered in the white band.
     got: The flag of Egypt is composed of three equal horizontal bands of red, white and black, with Egypt&apos;s national emblem — a hoist-side facing gold eagle of Saladin — centered in the white band.
 ; [cca2=EG].name.nativeName.ara.common
Expected: Ù…ØµØ±
     got: مصر
 ; [cca2=EG].name.nativeName.ara.official
Expected: Ø¬Ù…Ù‡ÙˆØ±ÙŠØ© Ù…ØµØ± Ø§Ù„Ø¹Ø±Ø¨ÙŠØ©
     got: جمهورية مصر العربية
 ; [cca2=EG].tld[]
Expected: .Ù…ØµØ±
     but none found
 ; [cca2=EG].tld[]
Unexpected: .مصر
 ; [cca2=EG].translations.ara.common
Expected: Ù…ØµØ±
     got: مصر
 ; [cca2=EG].translations.ara.official
Expected: Ø¬Ù…Ù‡ÙˆØ±ÙŠØ© Ù…ØµØ± Ø§Ù„Ø¹Ø±Ø¨ÙŠØ©
     got: جمهورية مصر العربية
 ; [cca2=EG].translations.ces.official
Expected: EgyptskÃ¡ arabskÃ¡ republika
     got: Egyptská arabská republika
 ; [cca2=EG].translations.deu.common
Expected: Ã„gypten
     got: Ägypten
 ; [cca2=EG].translations.deu.official
Expected: Arabische Republik Ã„gypten
     got: Arabische Republik Ägypten
 ; [cca2=EG].translations.fra.common
Expected: Ã‰gypte
     got: Égypte
 ; [cca2=EG].translations.fra.official
Expected: RÃ©publique arabe d&apos;Ã‰gypte
     got: République arabe d&apos;Égypte
 ; [cca2=EG].translations.hun.official
Expected: Egyiptomi Arab KÃ¶ztÃ¡rsasÃ¡g
     got: Egyiptomi Arab Köztársaság
 ; [cca2=EG].translations.jpn.common
Expected: ã‚¨ã‚¸ãƒ—ãƒˆ
     got: エジプト
 ; [cca2=EG].translations.jpn.official
Expected: ã‚¨ã‚¸ãƒ—ãƒˆÂ·ã‚¢ãƒ©ãƒ–å…±å’Œå›½
     got: エジプト·アラブ共和国
 ; [cca2=EG].translations.kor.common
Expected: ì�´ì§‘íŠ¸
     got: 이집트
 ; [cca2=EG].translations.kor.official
Expected: ì�´ì§‘íŠ¸ ì•„ëž� ê³µí™”êµ­
     got: 이집트 아랍 공화국
 ; [cca2=EG].translations.per.common
Expected: Ù…ØµØ±
     got: مصر
 ; [cca2=EG].translations.per.official
Expected: Ø¬Ù…Ù‡ÙˆØ±ÛŒ Ø¹Ø±Ø¨ÛŒ Ù…ØµØ±
     got: جمهوری عربی مصر
 ; [cca2=EG].translations.por.official
Expected: RepÃºblica Ã�rabe do Egipto
     got: República Árabe do Egipto
 ; [cca2=EG].translations.rus.common
Expected: Ð•Ð³Ð¸Ð¿ÐµÑ‚
     got: Египет
 ; [cca2=EG].translations.rus.official
Expected: Ð�Ñ€Ð°Ð±Ñ�ÐºÐ°Ñ� Ð ÐµÑ�Ð¿ÑƒÐ±Ð»Ð¸ÐºÐ° Ð•Ð³Ð¸Ð¿ÐµÑ‚
     got: Арабская Республика Египет
 ; [cca2=EG].translations.slk.official
Expected: EgyptskÃ¡ arabskÃ¡ republika
     got: Egyptská arabská republika
 ; [cca2=EG].translations.spa.official
Expected: RepÃºblica Ã�rabe de Egipto
     got: República Árabe de Egipto
 ; [cca2=EG].translations.srp.common
Expected: Ð•Ð³Ð¸Ð¿Ð°Ñ‚
     got: Египат
 ; [cca2=EG].translations.srp.official
Expected: Ð�Ñ€Ð°Ð¿Ñ�ÐºÐ° Ð ÐµÐ¿ÑƒÐ±Ð»Ð¸ÐºÐ° Ð•Ð³Ð¸Ð¿Ð°Ñ‚
     got: Арапска Република Египат
 ; [cca2=EG].translations.tur.common
Expected: MÄ±sÄ±r
     got: Mısır
 ; [cca2=EG].translations.tur.official
Expected: MÄ±sÄ±r Arap Cumhuriyeti
     got: Mısır Arap Cumhuriyeti
 ; [cca2=EG].translations.urd.common
Expected: Ù…ØµØ±
     got: مصر
 ; [cca2=EG].translations.urd.official
Expected: Ù…ØµØ±ÛŒ Ø¹Ø±Ø¨ Ø¬Ù…Û�ÙˆØ±ÛŒÛ�
     got: مصری عرب جمہوریہ
 ; [cca2=EG].translations.zho.common
Expected: åŸƒå�Š
     got: 埃及
 ; [cca2=EG].translations.zho.official
Expected: é˜¿æ‹‰ä¼¯åŸƒå�Šå…±å’Œå›½
     got: 阿拉伯埃及共和国
 ; [cca2=EH].altSpellings[]
Expected: Taneáº“roft Tutrimt
     but none found
 ; [cca2=EH].altSpellings[]
Unexpected: Taneẓroft Tutrimt
 ; [cca2=EH].capital[]
Expected: El AaiÃºn
     but none found
 ; [cca2=EH].capital[]
Unexpected: El Aaiún
 ; [cca2=EH].currencies.DZD.symbol
Expected: Ø¯Ø¬
     got: دج
 ; [cca2=EH].flag
Expected: ðŸ‡ªðŸ‡­
     got: 🇪🇭
 ; [cca2=EH].name.nativeName.mey.common
Expected: Ø§Ù„ØµØ­Ø±Ø§Ø¡ Ø§Ù„ØºØ±Ø¨ÙŠØ©
     got: الصحراء الغربية
 ; [cca2=EH].name.nativeName.mey.official
Expected: Ø§Ù„Ø¬Ù…Ù‡ÙˆØ±ÙŠØ© Ø§Ù„Ø¹Ø±Ø¨ÙŠØ© Ø§Ù„ØµØ­Ø±Ø§ÙˆÙŠØ© Ø§Ù„Ø¯ÙŠÙ…Ù‚Ø±Ø§Ø·ÙŠØ©
     got: الجمهورية العربية الصحراوية الديمقراطية
 ; [cca2=EH].name.nativeName.spa.official
Expected: RepÃºblica Ã�rabe Saharaui DemocrÃ¡tica
     got: República Árabe Saharaui Democrática
 ; [cca2=EH].translations.ara.common
Expected: Ø§Ù„ØµØ­Ø±Ø§Ø¡ Ø§Ù„ØºØ±Ø¨ÙŠØ©
     got: الصحراء الغربية
 ; [cca2=EH].translations.ara.official
Expected: Ø§Ù„Ø¬Ù…Ù‡ÙˆØ±ÙŠØ© Ø§Ù„Ø¹Ø±Ø¨ÙŠØ© Ø§Ù„ØµØ­Ø±Ø§ÙˆÙŠØ© Ø§Ù„Ø¯ÙŠÙ…Ù‚Ø±Ø§Ø·ÙŠØ©
     got: الجمهورية العربية الصحراوية الديمقراطية
 ; [cca2=EH].translations.bre.common
Expected: Sahara ar C&apos;hornÃ´g
     got: Sahara ar C&apos;hornôg
 ; [cca2=EH].translations.ces.common
Expected: ZÃ¡padnÃ­ Sahara
     got: Západní Sahara
 ; [cca2=EH].translations.ces.official
Expected: ZÃ¡padnÃ­ Sahara
     got: Západní Sahara
 ; [cca2=EH].translations.est.common
Expected: LÃ¤Ã¤ne-Sahara
     got: Lääne-Sahara
 ; [cca2=EH].translations.est.official
Expected: LÃ¤Ã¤ne-Sahara
     got: Lääne-Sahara
 ; [cca2=EH].translations.fin.common
Expected: LÃ¤nsi-Sahara
     got: Länsi-Sahara
 ; [cca2=EH].translations.fin.official
Expected: LÃ¤nsi-Sahara
     got: Länsi-Sahara
 ; [cca2=EH].translations.fra.official
Expected: RÃ©publique arabe sahraouie dÃ©mocratique
     got: République arabe sahraouie démocratique
 ; [cca2=EH].translations.jpn.common
Expected: è¥¿ã‚µãƒ�ãƒ©
     got: 西サハラ
 ; [cca2=EH].translations.jpn.official
Expected: ã‚µãƒ�ãƒ©ã‚¢ãƒ©ãƒ–æ°‘ä¸»å…±å’Œå›½
     got: サハラアラブ民主共和国
 ; [cca2=EH].translations.kor.common
Expected: ì„œì‚¬í•˜ë�¼
     got: 서사하라
 ; [cca2=EH].translations.kor.official
Expected: ì‚¬í•˜ë�¼ ì•„ëž� ë¯¼ì£¼ ê³µí™”êµ­
     got: 사하라 아랍 민주 공화국
 ; [cca2=EH].translations.per.common
Expected: ØµØ­Ø±Ø§ÛŒ ØºØ±Ø¨ÛŒ
     got: صحرای غربی
 ; [cca2=EH].translations.per.official
Expected: ØµØ­Ø±Ø§ÛŒ ØºØ±Ø¨ÛŒ
     got: صحرای غربی
 ; [cca2=EH].translations.por.official
Expected: RepÃºblica Ã�rabe Saharaui DemocrÃ¡tica
     got: República Árabe Saharaui Democrática
 ; [cca2=EH].translations.rus.common
Expected: Ð—Ð°Ð¿Ð°Ð´Ð½Ð°Ñ� Ð¡Ð°Ñ…Ð°Ñ€Ð°
     got: Западная Сахара
 ; [cca2=EH].translations.rus.official
Expected: Sahrawi Ð�Ñ€Ð°Ð±Ñ�ÐºÐ°Ñ� Ð”ÐµÐ¼Ð¾ÐºÑ€Ð°Ñ‚Ð¸Ñ‡ÐµÑ�ÐºÐ°Ñ� Ð ÐµÑ�Ð¿ÑƒÐ±Ð»Ð¸ÐºÐ°
     got: Sahrawi Арабская Демократическая Республика
 ; [cca2=EH].translations.slk.common
Expected: ZÃ¡padnÃ¡ Sahara
     got: Západná Sahara
 ; [cca2=EH].translations.slk.official
Expected: ZÃ¡padnÃ¡ Sahara
     got: Západná Sahara
 ; [cca2=EH].translations.spa.official
Expected: RepÃºblica Ã�rabe Saharaui DemocrÃ¡tica
     got: República Árabe Saharaui Democrática
 ; [cca2=EH].translations.srp.common
Expected: Ð¡Ð°Ñ…Ð°Ñ€Ñ�ÐºÐ° Ð ÐµÐ¿ÑƒÐ±Ð»Ð¸ÐºÐ°
     got: Сахарска Република
 ; [cca2=EH].translations.srp.official
Expected: Ð¡Ð°Ñ…Ð°Ñ€Ñ�ÐºÐ° Ð�Ñ€Ð°Ð¿Ñ�ÐºÐ° Ð”ÐµÐ¼Ð¾ÐºÑ€Ð°Ñ‚Ñ�ÐºÐ° Ð ÐµÐ¿ÑƒÐ±Ð»Ð¸ÐºÐ°
     got: Сахарска Арапска Демократска Република
 ; [cca2=EH].translations.swe.common
Expected: VÃ¤stsahara
     got: Västsahara
 ; [cca2=EH].translations.swe.official
Expected: VÃ¤stsahara
     got: Västsahara
 ; [cca2=EH].translations.urd.common
Expected: Ù…ØºØ±Ø¨ÛŒ ØµØ­Ø§Ø±Ø§
     got: مغربی صحارا
 ; [cca2=EH].translations.urd.official
Expected: ØµØ­Ø±Ø§ÙˆÛŒ Ø¹Ø±Ø¨ Ø¹ÙˆØ§Ù…ÛŒ Ø¬Ù…Û�ÙˆØ±ÛŒÛ�
     got: صحراوی عرب عوامی جمہوریہ
 ; [cca2=EH].translations.zho.common
Expected: è¥¿æ’’å“ˆæ‹‰
     got: 西撒哈拉
 ; [cca2=EH].translations.zho.official
Expected: é˜¿æ‹‰ä¼¯æ’’å“ˆæ‹‰æ°‘ä¸»å…±å’Œå›½
     got: 阿拉伯撒哈拉民主共和国
 ; [cca2=UY].altSpellings[]
Expected: RepÃºblica Oriental del Uruguay
     but none found
 ; [cca2=UY].altSpellings[]
Unexpected: República Oriental del Uruguay
 ; [cca2=UY].flag
Expected: ðŸ‡ºðŸ‡¾
     got: 🇺🇾
 ; [cca2=UY].flags.alt
Expected: The flag of Uruguay is composed of nine equal horizontal bands of white alternating with blue, with a white square superimposed in the canton. In the white square is a yellow sun bearing a human face â€” the Sun of May â€” from which sixteen rays extend. The sun&apos;s rays alternate between triangular and wavy.
     got: The flag of Uruguay is composed of nine equal horizontal bands of white alternating with blue, with a white square superimposed in the canton. In the white square is a yellow sun bearing a human face — the Sun of May — from which sixteen rays extend. The sun&apos;s rays alternate between triangular and wavy.
 ; [cca2=UY].name.nativeName.spa.official
Expected: RepÃºblica Oriental del Uruguay
     got: República Oriental del Uruguay
 ; [cca2=UY].translations.ara.common
Expected: Ø§Ù„Ø£ÙˆØ±ÙˆØºÙˆØ§ÙŠ
     got: الأوروغواي
 ; [cca2=UY].translations.ara.official
Expected: Ø¬Ù…Ù‡ÙˆØ±ÙŠØ© Ø§Ù„Ø£ÙˆØ±ÙˆØºÙˆØ§ÙŠ Ø§Ù„Ø´Ø±Ù‚ÙŠØ©
     got: جمهورية الأوروغواي الشرقية
 ; [cca2=UY].translations.ces.official
Expected: UruguayskÃ¡ vÃ½chodnÃ­ republika
     got: Uruguayská východní republika
 ; [cca2=UY].translations.deu.official
Expected: Republik Ã–stlich des Uruguay
     got: Republik Östlich des Uruguay
 ; [cca2=UY].translations.fin.official
Expected: Uruguayn itÃ¤inen tasavalta
     got: Uruguayn itäinen tasavalta
 ; [cca2=UY].translations.fra.official
Expected: RÃ©publique orientale de l&apos;Uruguay
     got: République orientale de l&apos;Uruguay
 ; [cca2=UY].translations.hun.official
Expected: Uruguayi Keleti KÃ¶ztÃ¡rsasÃ¡g
     got: Uruguayi Keleti Köztársaság
 ; [cca2=UY].translations.jpn.common
Expected: ã‚¦ãƒ«ã‚°ã‚¢ã‚¤
     got: ウルグアイ
 ; [cca2=UY].translations.jpn.official
Expected: ã‚¦ãƒ«ã‚°ã‚¢ã‚¤æ�±æ–¹å…±å’Œå›½
     got: ウルグアイ東方共和国
 ; [cca2=UY].translations.kor.common
Expected: ìš°ë£¨ê³¼ì�´
     got: 우루과이
 ; [cca2=UY].translations.kor.official
Expected: ìš°ë£¨ê³¼ì�´ ë�™ë°© ê³µí™”êµ­
     got: 우루과이 동방 공화국
 ; [cca2=UY].translations.per.common
Expected: Ø§Ø±ÙˆÚ¯ÙˆØ¦Ù‡
     got: اروگوئه
 ; [cca2=UY].translations.per.official
Expected: Ø¬Ù…Ù‡ÙˆØ±ÛŒ Ø§Ø±ÙˆÚ¯ÙˆØ¦Ù‡
     got: جمهوری اروگوئه
 ; [cca2=UY].translations.por.official
Expected: RepÃºblica Oriental do Uruguai
     got: República Oriental do Uruguai
 ; [cca2=UY].translations.rus.common
Expected: Ð£Ñ€ÑƒÐ³Ð²Ð°Ð¹
     got: Уругвай
 ; [cca2=UY].translations.rus.official
Expected: Ð’Ð¾Ñ�Ñ‚Ð¾Ñ‡Ð½Ð¾Ð¹ Ð ÐµÑ�Ð¿ÑƒÐ±Ð»Ð¸ÐºÐ¸ Ð£Ñ€ÑƒÐ³Ð²Ð°Ð¹
     got: Восточной Республики Уругвай
 ; [cca2=UY].translations.slk.official
Expected: UruguajskÃ¡ vÃ½chodnÃ¡ republika
     got: Uruguajská východná republika
 ; [cca2=UY].translations.spa.official
Expected: RepÃºblica Oriental del Uruguay
     got: República Oriental del Uruguay
 ; [cca2=UY].translations.srp.common
Expected: Ð£Ñ€ÑƒÐ³Ð²Ð°Ñ˜
     got: Уругвај
 ; [cca2=UY].translations.srp.official
Expected: Ð˜Ñ�Ñ‚Ð¾Ñ‡Ð½Ð° Ð ÐµÐ¿ÑƒÐ±Ð»Ð¸ÐºÐ° Ð£Ñ€ÑƒÐ³Ð²Ð°Ñ˜
     got: Источна Република Уругвај
 ; [cca2=UY].translations.tur.official
Expected: Uruguay DoÄŸu Cumhuriyeti
     got: Uruguay Doğu Cumhuriyeti
 ; [cca2=UY].translations.urd.common
Expected: ÛŒÙˆØ±Ø§Ú¯ÙˆØ¦Û’
     got: یوراگوئے
 ; [cca2=UY].translations.urd.official
Expected: Ø¬Ù…Û�ÙˆØ±ÛŒÛ� Ø´Ø±Ù‚ÛŒÛ� ÛŒÙˆØ±Ø§Ú¯ÙˆØ¦Û’
     got: جمہوریہ شرقیہ یوراگوئے
 ; [cca2=UY].translations.zho.common
Expected: ä¹Œæ‹‰åœ­
     got: 乌拉圭
 ; [cca2=UY].translations.zho.official
Expected: ä¹Œæ‹‰åœ­ä¸œå²¸å…±å’Œå›½
     got: 乌拉圭东岸共和国
 ; [cca2=UZ].altSpellings[]
Expected: Oâ€˜zbekiston Respublikasi
     but none found
 ; [cca2=UZ].altSpellings[]
Expected: ÐŽÐ·Ð±ÐµÐºÐ¸Ñ�Ñ‚Ð¾Ð½ Ð ÐµÑ�Ð¿ÑƒÐ±Ð»Ð¸ÐºÐ°Ñ�Ð¸
     but none found
 ; [cca2=UZ].altSpellings[]
Unexpected: Ўзбекистон Республикаси
 ; [cca2=UZ].altSpellings[]
Unexpected: O‘zbekiston Respublikasi
 ; [cca2=UZ].currencies.UZS.name
Expected: Uzbekistani soÊ»m
     got: Uzbekistani soʻm
 ; [cca2=UZ].demonyms.fra.f
Expected: OuzbÃ¨ke
     got: Ouzbèke
 ; [cca2=UZ].demonyms.fra.m
Expected: OuzbÃ¨ke
     got: Ouzbèke
 ; [cca2=UZ].flag
Expected: ðŸ‡ºðŸ‡¿
     got: 🇺🇿
 ; [cca2=UZ].name.nativeName.rus.common
Expected: Ð£Ð·Ð±ÐµÐºÐ¸Ñ�Ñ‚Ð°Ð½
     got: Узбекистан
 ; [cca2=UZ].name.nativeName.rus.official
Expected: Ð ÐµÑ�Ð¿ÑƒÐ±Ð»Ð¸ÐºÐ° Ð£Ð·Ð±ÐµÐºÐ¸Ñ�Ñ‚Ð°Ð½
     got: Республика Узбекистан
 ; [cca2=UZ].name.nativeName.uzb.common
Expected: Oâ€˜zbekiston
     got: O‘zbekiston
 ; [cca2=UZ].translations.ara.common
Expected: Ø£ÙˆØ²Ø¨Ø§ÙƒØ³ØªØ§Ù†
     got: أوزباكستان
 ; [cca2=UZ].translations.ara.official
Expected: Ø¬Ù…Ù‡ÙˆØ±ÙŠØ© Ø£ÙˆØ²Ø¨Ø§ÙƒØ³ØªØ§Ù†
     got: جمهورية أوزباكستان
 ; [cca2=UZ].translations.ces.common
Expected: UzbekistÃ¡n
     got: Uzbekistán
 ; [cca2=UZ].translations.ces.official
Expected: Republika UzbekistÃ¡n
     got: Republika Uzbekistán
 ; [cca2=UZ].translations.fra.common
Expected: OuzbÃ©kistan
     got: Ouzbékistan
 ; [cca2=UZ].translations.fra.official
Expected: RÃ©publique d&apos;OuzbÃ©kistan
     got: République d&apos;Ouzbékistan
 ; [cca2=UZ].translations.hun.common
Expected: ÃœzbegisztÃ¡n
     got: Üzbegisztán
 ; [cca2=UZ].translations.hun.official
Expected: ÃœzbÃ©g KÃ¶ztÃ¡rsasÃ¡g
     got: Üzbég Köztársaság
 ; [cca2=UZ].translations.jpn.common
Expected: ã‚¦ã‚ºãƒ™ã‚­ã‚¹ã‚¿ãƒ³
     got: ウズベキスタン
 ; [cca2=UZ].translations.jpn.official
Expected: ã‚¦ã‚ºãƒ™ã‚­ã‚¹ã‚¿ãƒ³å…±å’Œå›½
     got: ウズベキスタン共和国
 ; [cca2=UZ].translations.kor.common
Expected: ìš°ì¦ˆë² í‚¤ìŠ¤íƒ„
     got: 우즈베키스탄
 ; [cca2=UZ].translations.kor.official
Expected: ìš°ì¦ˆë² í‚¤ìŠ¤íƒ„ ê³µí™”êµ­
     got: 우즈베키스탄 공화국
 ; [cca2=UZ].translations.per.common
Expected: Ø§Ø²Ø¨Ú©Ø³ØªØ§Ù†
     got: ازبکستان
 ; [cca2=UZ].translations.per.official
Expected: Ø¬Ù…Ù‡ÙˆØ±ÛŒ Ø§Ø²Ø¨Ú©Ø³ØªØ§Ù†
     got: جمهوری ازبکستان
 ; [cca2=UZ].translations.por.common
Expected: UzbequistÃ£o
     got: Uzbequistão
 ; [cca2=UZ].translations.por.official
Expected: RepÃºblica do UsbequistÃ£o
     got: República do Usbequistão
 ; [cca2=UZ].translations.rus.common
Expected: Ð£Ð·Ð±ÐµÐºÐ¸Ñ�Ñ‚Ð°Ð½
     got: Узбекистан
 ; [cca2=UZ].translations.rus.official
Expected: Ð ÐµÑ�Ð¿ÑƒÐ±Ð»Ð¸ÐºÐ° Ð£Ð·Ð±ÐµÐºÐ¸Ñ�Ñ‚Ð°Ð½
     got: Республика Узбекистан
 ; [cca2=UZ].translations.slk.official
Expected: UzbeckÃ¡ republika
     got: Uzbecká republika
 ; [cca2=UZ].translations.spa.common
Expected: UzbekistÃ¡n
     got: Uzbekistán
 ; [cca2=UZ].translations.spa.official
Expected: RepÃºblica de UzbekistÃ¡n
     got: República de Uzbekistán
 ; [cca2=UZ].translations.srp.common
Expected: Ð£Ð·Ð±ÐµÐºÐ¸Ñ�Ñ‚Ð°Ð½
     got: Узбекистан
 ; [cca2=UZ].translations.srp.official
Expected: Ð ÐµÐ¿ÑƒÐ±Ð»Ð¸ÐºÐ° Ð£Ð·Ð±ÐµÐºÐ¸Ñ�Ñ‚Ð°Ð½
     got: Република Узбекистан
 ; [cca2=UZ].translations.tur.common
Expected: Ã–zbekistan
     got: Özbekistan
 ; [cca2=UZ].translations.tur.official
Expected: Ã–zbekistan Cumhuriyeti
     got: Özbekistan Cumhuriyeti
 ; [cca2=UZ].translations.urd.common
Expected: Ø§Ø²Ø¨Ú©Ø³ØªØ§Ù†
     got: ازبکستان
 ; [cca2=UZ].translations.urd.official
Expected: Ø¬Ù…Û�ÙˆØ±ÛŒÛ� Ø§Ø²Ø¨Ú©Ø³ØªØ§Ù†
     got: جمہوریہ ازبکستان
 ; [cca2=UZ].translations.zho.common
Expected: ä¹Œå…¹åˆ«å…‹æ–¯å�¦
     got: 乌兹别克斯坦
 ; [cca2=UZ].translations.zho.official
Expected: ä¹Œå…¹åˆ«å…‹æ–¯å�¦å…±å’Œå›½
     got: 乌兹别克斯坦共和国
 ; [cca2=VA].altSpellings[]
Expected: Stato della CittÃ  del Vaticano
     but none found
 ; [cca2=VA].altSpellings[]
Unexpected: Stato della Città del Vaticano
 ; [cca2=VA].currencies.EUR.symbol
Expected: â‚¬
     got: €
 ; [cca2=VA].flag
Expected: ðŸ‡»ðŸ‡¦
     got: 🇻🇦
 ; [cca2=VA].name.nativeName.ita.official
Expected: Stato della CittÃ  del Vaticano
     got: Stato della Città del Vaticano
 ; [cca2=VA].name.nativeName.lat.common
Expected: VaticanÃ¦
     got: Vaticanæ
 ; [cca2=VA].name.nativeName.lat.official
Expected: Status Civitatis VaticanÃ¦
     got: Status Civitatis Vaticanæ
 ; [cca2=VA].translations.ara.common
Expected: Ù…Ø¯ÙŠÙ†Ø© Ø§Ù„Ù�Ø§ØªÙŠÙƒØ§Ù†
     got: مدينة الفاتيكان
 ; [cca2=VA].translations.ara.official
Expected: Ø¯ÙˆÙ„Ø© Ù…Ø¯ÙŠÙ†Ø© Ø§Ù„Ù�Ø§ØªÙŠÙƒØ§Ù†
     got: دولة مدينة الفاتيكان
 ; [cca2=VA].translations.ces.common
Expected: VatikÃ¡n
     got: Vatikán
 ; [cca2=VA].translations.ces.official
Expected: MÄ›stskÃ½ stÃ¡t VatikÃ¡n
     got: Městský stát Vatikán
 ; [cca2=VA].translations.fra.common
Expected: CitÃ© du Vatican
     got: Cité du Vatican
 ; [cca2=VA].translations.fra.official
Expected: CitÃ© du Vatican
     got: Cité du Vatican
 ; [cca2=VA].translations.hun.common
Expected: VatikÃ¡n
     got: Vatikán
 ; [cca2=VA].translations.hun.official
Expected: VatikÃ¡n Ã�llam
     got: Vatikán Állam
 ; [cca2=VA].translations.ita.common
Expected: CittÃ  del Vaticano
     got: Città del Vaticano
 ; [cca2=VA].translations.ita.official
Expected: CittÃ  del Vaticano
     got: Città del Vaticano
 ; [cca2=VA].translations.jpn.common
Expected: ãƒ�ãƒ�ã‚«ãƒ³å¸‚å›½
     got: バチカン市国
 ; [cca2=VA].translations.jpn.official
Expected: ãƒ�ãƒ�ã‚«ãƒ³å¸‚å›½ã�®çŠ¶æ…‹
     got: バチカン市国の状態
 ; [cca2=VA].translations.kor.common
Expected: ë°”í‹°ì¹¸
     got: 바티칸
 ; [cca2=VA].translations.kor.official
Expected: ë°”í‹°ì¹¸ ì‹œêµ­
     got: 바티칸 시국
 ; [cca2=VA].translations.per.common
Expected: ÙˆØ§ØªÛŒÚ©Ø§Ù†
     got: واتیکان
 ; [cca2=VA].translations.per.official
Expected: Ø¯ÙˆÙ„Øªâ€ŒØ´Ù‡Ø± ÙˆØ§ØªÛŒÚ©Ø§Ù†
     got: دولت‌شهر واتیکان
 ; [cca2=VA].translations.pol.official
Expected: PaÅ„stwo WatykaÅ„skie
     got: Państwo Watykańskie
 ; [cca2=VA].translations.rus.common
Expected: Ð’Ð°Ñ‚Ð¸ÐºÐ°Ð½
     got: Ватикан
 ; [cca2=VA].translations.rus.official
Expected: Ð“Ð¾Ñ€Ð¾Ð´-Ð³Ð¾Ñ�ÑƒÐ´Ð°Ñ€Ñ�Ñ‚Ð²Ð¾ Ð’Ð°Ñ‚Ð¸ÐºÐ°Ð½
     got: Город-государство Ватикан
 ; [cca2=VA].translations.slk.common
Expected: VatikÃ¡n
     got: Vatikán
 ; [cca2=VA].translations.slk.official
Expected: SvÃ¤tÃ¡ stolica (VatikÃ¡nsky mestskÃ½ Å¡tÃ¡t
     got: Svätá stolica (Vatikánsky mestský štát
 ; [cca2=VA].translations.srp.common
Expected: Ð’Ð°Ñ‚Ð¸ÐºÐ°Ð½
     got: Ватикан
 ; [cca2=VA].translations.srp.official
Expected: Ð“Ñ€Ð°Ð´ Ð’Ð°Ñ‚Ð¸ÐºÐ°Ð½
     got: Град Ватикан
 ; [cca2=VA].translations.tur.official
Expected: Vatikan Åžehir Devleti
     got: Vatikan Şehir Devleti
 ; [cca2=VA].translations.urd.common
Expected: ÙˆÛŒÙ¹ÛŒÚ©Ù† Ø³Ù¹ÛŒ
     got: ویٹیکن سٹی
 ; [cca2=VA].translations.urd.official
Expected: ÙˆÛŒÙ¹ÛŒÚ©Ù† Ø³Ù¹ÛŒ
     got: ویٹیکن سٹی
 ; [cca2=VA].translations.zho.common
Expected: æ¢µè’‚å†ˆ
     got: 梵蒂冈
 ; [cca2=VA].translations.zho.official
Expected: æ¢µè’‚å†ˆåŸŽå›½
     got: 梵蒂冈城国
 ; [cca2=ER].altSpellings[]
Expected: áˆƒáŒˆáˆ¨ áŠ¤áˆ­á‰µáˆ«
     but none found
 ; [cca2=ER].altSpellings[]
Expected: Ê¾ErtrÄ�
     but none found
 ; [cca2=ER].altSpellings[]
Expected: Dawlat IritriyÃ¡
     but none found
 ; [cca2=ER].altSpellings[]
Expected: IritriyÄ�
     but none found
 ; [cca2=ER].altSpellings[]
Unexpected: Iritriyā
 ; [cca2=ER].altSpellings[]
Unexpected: ʾErtrā
 ; [cca2=ER].altSpellings[]
Unexpected: Dawlat Iritriyá
 ; [cca2=ER].altSpellings[]
Unexpected: ሃገረ ኤርትራ
 ; [cca2=ER].demonyms.fra.f
Expected: Ã‰rythrÃ©enne
     got: Érythréenne
 ; [cca2=ER].demonyms.fra.m
Expected: Ã‰rythrÃ©en
     got: Érythréen
 ; [cca2=ER].flag
Expected: ðŸ‡ªðŸ‡·
     got: 🇪🇷
 ; [cca2=ER].flags.alt
Expected: The flag of Eritrea comprises three triangles â€” a large red isosceles triangle with its base spanning the hoist end and its apex at the midpoint on the fly end, and a green and blue right-angled triangle above and beneath the red triangle. On the hoist side of the red triangle is a golden vertical olive branch encircled by a golden olive wreath.
     got: The flag of Eritrea comprises three triangles — a large red isosceles triangle with its base spanning the hoist end and its apex at the midpoint on the fly end, and a green and blue right-angled triangle above and beneath the red triangle. On the hoist side of the red triangle is a golden vertical olive branch encircled by a golden olive wreath.
 ; [cca2=ER].name.nativeName.ara.common
Expected: Ø¥Ø±ØªØ±ÙŠØ§â€Ž
     got: إرتريا‎
 ; [cca2=ER].name.nativeName.ara.official
Expected: Ø¯ÙˆÙ„Ø© Ø¥Ø±ØªØ±ÙŠØ§
     got: دولة إرتريا
 ; [cca2=ER].name.nativeName.tir.common
Expected: áŠ¤áˆ­á‰µáˆ«
     got: ኤርትራ
 ; [cca2=ER].name.nativeName.tir.official
Expected: áˆƒáŒˆáˆ¨ áŠ¤áˆ­á‰µáˆ«
     got: ሃገረ ኤርትራ
 ; [cca2=ER].translations.ara.common
Expected: Ø¥Ø±ÙŠØªØ±ÙŠØ§
     got: إريتريا
 ; [cca2=ER].translations.ara.official
Expected: Ø¯ÙˆÙ„Ø© Ø¥Ø±ÙŠØªØ±ÙŠØ§
     got: دولة إريتريا
 ; [cca2=ER].translations.ces.official
Expected: StÃ¡t Eritrea
     got: Stát Eritrea
 ; [cca2=ER].translations.fra.common
Expected: Ã‰rythrÃ©e
     got: Érythrée
 ; [cca2=ER].translations.fra.official
Expected: Ã‰tat d&apos;Ã‰rythrÃ©e
     got: État d&apos;Érythrée
 ; [cca2=ER].translations.hrv.official
Expected: DrÅ¾ava Eritreji
     got: Država Eritreji
 ; [cca2=ER].translations.jpn.common
Expected: ã‚¨ãƒªãƒˆãƒªã‚¢
     got: エリトリア
 ; [cca2=ER].translations.jpn.official
Expected: ã‚¨ãƒªãƒˆãƒªã‚¢å›½
     got: エリトリア国
 ; [cca2=ER].translations.kor.common
Expected: ì—�ë¦¬íŠ¸ë ˆì•„
     got: 에리트레아
 ; [cca2=ER].translations.kor.official
Expected: ì—�ë¦¬íŠ¸ë ˆì•„êµ­
     got: 에리트레아국
 ; [cca2=ER].translations.per.common
Expected: Ø§Ø±ÛŒØªØ±Ù‡
     got: اریتره
 ; [cca2=ER].translations.per.official
Expected: Ø¬Ù…Ù‡ÙˆØ±ÛŒ Ø§Ø±ÛŒØªØ±Ù‡
     got: جمهوری اریتره
 ; [cca2=ER].translations.pol.official
Expected: PaÅ„stwo Erytrea
     got: Państwo Erytrea
 ; [cca2=ER].translations.rus.common
Expected: Ð­Ñ€Ð¸Ñ‚Ñ€ÐµÑ�
     got: Эритрея
 ; [cca2=ER].translations.rus.official
Expected: Ð“Ð¾Ñ�ÑƒÐ´Ð°Ñ€Ñ�Ñ‚Ð²Ð¾ Ð­Ñ€Ð¸Ñ‚Ñ€ÐµÑ�
     got: Государство Эритрея
 ; [cca2=ER].translations.slk.official
Expected: EritrejskÃ½ Å¡tÃ¡t
     got: Eritrejský štát
 ; [cca2=ER].translations.srp.common
Expected: Ð•Ñ€Ð¸Ñ‚Ñ€ÐµÑ˜Ð°
     got: Еритреја
 ; [cca2=ER].translations.srp.official
Expected: Ð”Ñ€Ð¶Ð°Ð²Ð° Ð•Ñ€Ð¸Ñ‚Ñ€ÐµÑ˜Ð°
     got: Држава Еритреја
 ; [cca2=ER].translations.urd.common
Expected: Ø§Ø±ØªØ±ÛŒØ§
     got: ارتریا
 ; [cca2=ER].translations.urd.official
Expected: Ø±ÛŒØ§Ø³ØªÙ� Ø§Ø±ØªØ±ÛŒØ§
     got: ریاستِ ارتریا
 ; [cca2=ER].translations.zho.common
Expected: åŽ„ç«‹ç‰¹é‡Œäºš
     got: 厄立特里亚
 ; [cca2=ER].translations.zho.official
Expected: åŽ„ç«‹ç‰¹é‡Œäºš
     got: 厄立特里亚
 ; [cca2=VC].flag
Expected: ðŸ‡»ðŸ‡¨
     got: 🇻🇨
 ; [cca2=VC].translations.ara.common
Expected: Ø³Ø§Ù†Øª Ù�ÙŠÙ†Ø³Ù†Øª ÙˆØ§Ù„ØºØ±ÙŠÙ†Ø§Ø¯ÙŠÙ†
     got: سانت فينسنت والغرينادين
 ; [cca2=VC].translations.ara.official
Expected: Ø³Ø§Ù†Øª Ù�ÙŠÙ†Ø³Ù†Øª ÙˆØ§Ù„ØºØ±ÙŠÙ†Ø§Ø¯ÙŠÙ†
     got: سانت فينسنت والغرينادين
 ; [cca2=VC].translations.ces.common
Expected: SvatÃ½ Vincenc a Grenadiny
     got: Svatý Vincenc a Grenadiny
 ; [cca2=VC].translations.ces.official
Expected: SvatÃ½ Vincenc a Grenadiny
     got: Svatý Vincenc a Grenadiny
 ; [cca2=VC].translations.hun.common
Expected: Saint Vincent Ã©s a Grenadine-szigetek
     got: Saint Vincent és a Grenadine-szigetek
 ; [cca2=VC].translations.hun.official
Expected: Saint Vincent Ã©s a Grenadine-szigetek
     got: Saint Vincent és a Grenadine-szigetek
 ; [cca2=VC].translations.jpn.common
Expected: ã‚»ãƒ³ãƒˆãƒ“ãƒ³ã‚»ãƒ³ãƒˆã�Šã‚ˆã�³ã‚°ãƒ¬ãƒŠãƒ‡ã‚£ãƒ¼ãƒ³è«¸å³¶
     got: セントビンセントおよびグレナディーン諸島
 ; [cca2=VC].translations.jpn.official
Expected: ã‚»ãƒ³ãƒˆãƒ“ãƒ³ã‚»ãƒ³ãƒˆã�Šã‚ˆã�³ã‚°ãƒ¬ãƒŠãƒ‡ã‚£ãƒ¼ãƒ³è«¸å³¶
     got: セントビンセントおよびグレナディーン諸島
 ; [cca2=VC].translations.kor.common
Expected: ì„¸ì�¸íŠ¸ë¹ˆì„¼íŠ¸ ê·¸ë ˆë‚˜ë”˜
     got: 세인트빈센트 그레나딘
 ; [cca2=VC].translations.kor.official
Expected: ì„¸ì�¸íŠ¸ë¹ˆì„¼íŠ¸ ê·¸ë ˆë‚˜ë”˜
     got: 세인트빈센트 그레나딘
 ; [cca2=VC].translations.per.common
Expected: Ø³Ù†Øª ÙˆÛŒÙ†Ø³Ù†Øª Ùˆ Ú¯Ø±Ù†Ø§Ø¯ÛŒÙ†â€ŒÙ‡Ø§
     got: سنت وینسنت و گرنادین‌ها
 ; [cca2=VC].translations.per.official
Expected: Ø³Ù†Øª ÙˆÛŒÙ†Ø³Ù†Øª Ùˆ Ú¯Ø±Ù†Ø§Ø¯ÛŒÙ†â€ŒÙ‡Ø§
     got: سنت وینسنت و گرنادین‌ها
 ; [cca2=VC].translations.por.common
Expected: SÃ£o Vincente e Granadinas
     got: São Vincente e Granadinas
 ; [cca2=VC].translations.por.official
Expected: SÃ£o Vicente e Granadinas
     got: São Vicente e Granadinas
 ; [cca2=VC].translations.rus.common
Expected: Ð¡ÐµÐ½Ñ‚-Ð’Ð¸Ð½Ñ�ÐµÐ½Ñ‚ Ð¸ Ð“Ñ€ÐµÐ½Ð°Ð´Ð¸Ð½Ñ‹
     got: Сент-Винсент и Гренадины
 ; [cca2=VC].translations.rus.official
Expected: Ð¡ÐµÐ½Ñ‚-Ð’Ð¸Ð½Ñ�ÐµÐ½Ñ‚ Ð¸ Ð“Ñ€ÐµÐ½Ð°Ð´Ð¸Ð½Ñ‹
     got: Сент-Винсент и Гренадины
 ; [cca2=VC].translations.slk.common
Expected: SvÃ¤tÃ½ Vincent a GrenadÃ­ny
     got: Svätý Vincent a Grenadíny
 ; [cca2=VC].translations.slk.official
Expected: SvÃ¤tÃ½ Vincent a GrenadÃ­ny
     got: Svätý Vincent a Grenadíny
 ; [cca2=VC].translations.srp.common
Expected: Ð¡Ð²ÐµÑ‚Ð¸ Ð’Ð¸Ð½Ñ�ÐµÐ½Ñ‚ Ð¸ Ð“Ñ€ÐµÐ½Ð°Ð´Ð¸Ð½Ð¸
     got: Свети Винсент и Гренадини
 ; [cca2=VC].translations.srp.official
Expected: Ð¡Ð²ÐµÑ‚Ð¸ Ð’Ð¸Ð½Ñ�ÐµÐ½Ñ‚ Ð¸ Ð“Ñ€ÐµÐ½Ð°Ð´Ð¸Ð½Ð¸
     got: Свети Винсент и Гренадини
 ; [cca2=VC].translations.urd.common
Expected: Ø³ÛŒÙ†Ù¹ ÙˆÛŒÙ†Ø³ÛŒÙ†Ù¹ Ùˆ Ú¯Ø±ÛŒÙ†Ø§ÚˆØ§Ø¦Ù†Ø²
     got: سینٹ وینسینٹ و گریناڈائنز
 ; [cca2=VC].translations.urd.official
Expected: Ø³ÛŒÙ†Ù¹ ÙˆÛŒÙ†Ø³ÛŒÙ†Ù¹ Ùˆ Ú¯Ø±ÛŒÙ†Ø§ÚˆØ§Ø¦Ù†Ø²
     got: سینٹ وینسینٹ و گریناڈائنز
 ; [cca2=VC].translations.zho.common
Expected: åœ£æ–‡æ£®ç‰¹å’Œæ ¼æž—çº³ä¸�æ–¯
     got: 圣文森特和格林纳丁斯
 ; [cca2=VC].translations.zho.official
Expected: åœ£æ–‡æ£®ç‰¹å’Œæ ¼æž—çº³ä¸�æ–¯
     got: 圣文森特和格林纳丁斯
 ; [cca2=ES].altSpellings[]
Expected: Reino de EspaÃ±a
     but none found
 ; [cca2=ES].altSpellings[]
Unexpected: Reino de España
 ; [cca2=ES].currencies.EUR.symbol
Expected: â‚¬
     got: €
 ; [cca2=ES].flag
Expected: ðŸ‡ªðŸ‡¸
     got: 🇪🇸
 ; [cca2=ES].name.nativeName.spa.common
Expected: EspaÃ±a
     got: España
 ; [cca2=ES].name.nativeName.spa.official
Expected: Reino de EspaÃ±a
     got: Reino de España
 ; [cca2=ES].translations.ara.common
Expected: Ø¥Ø³Ø¨Ø§Ù†ÙŠØ§
     got: إسبانيا
 ; [cca2=ES].translations.ara.official
Expected: Ù…Ù…Ù„ÙƒØ© Ø¥Ø³Ø¨Ø§Ù†ÙŠØ§
     got: مملكة إسبانيا
 ; [cca2=ES].translations.ces.common
Expected: Å panÄ›lsko
     got: Španělsko
 ; [cca2=ES].translations.ces.official
Expected: Å panÄ›lskÃ© krÃ¡lovstvÃ­
     got: Španělské království
 ; [cca2=ES].translations.deu.official
Expected: KÃ¶nigreich Spanien
     got: Königreich Spanien
 ; [cca2=ES].translations.hrv.common
Expected: Å panjolska
     got: Španjolska
 ; [cca2=ES].translations.hrv.official
Expected: Kraljevina Å panjolska
     got: Kraljevina Španjolska
 ; [cca2=ES].translations.hun.common
Expected: SpanyolorszÃ¡g
     got: Spanyolország
 ; [cca2=ES].translations.hun.official
Expected: Spanyol KirÃ¡lysÃ¡g
     got: Spanyol Királyság
 ; [cca2=ES].translations.jpn.common
Expected: ã‚¹ãƒšã‚¤ãƒ³
     got: スペイン
 ; [cca2=ES].translations.jpn.official
Expected: ã‚¹ãƒšã‚¤ãƒ³çŽ‹å›½
     got: スペイン王国
 ; [cca2=ES].translations.kor.common
Expected: ìŠ¤íŽ˜ì�¸
     got: 스페인
 ; [cca2=ES].translations.kor.official
Expected: ì—�ìŠ¤íŒŒëƒ� ì™•êµ­
     got: 에스파냐 왕국
 ; [cca2=ES].translations.per.common
Expected: Ø§Ø³Ù¾Ø§Ù†ÛŒØ§
     got: اسپانیا
 ; [cca2=ES].translations.per.official
Expected: Ù¾Ø§Ø¯Ø´Ø§Ù‡ÛŒ Ø§Ø³Ù¾Ø§Ù†ÛŒØ§
     got: پادشاهی اسپانیا
 ; [cca2=ES].translations.pol.official
Expected: KrÃ³lestwo Hiszpanii 
     got: Królestwo Hiszpanii 
 ; [cca2=ES].translations.rus.common
Expected: Ð˜Ñ�Ð¿Ð°Ð½Ð¸Ñ�
     got: Испания
 ; [cca2=ES].translations.rus.official
Expected: ÐšÐ¾Ñ€Ð¾Ð»ÐµÐ²Ñ�Ñ‚Ð²Ð¾ Ð˜Ñ�Ð¿Ð°Ð½Ð¸Ñ�
     got: Королевство Испания
 ; [cca2=ES].translations.slk.common
Expected: Å panielsko
     got: Španielsko
 ; [cca2=ES].translations.slk.official
Expected: Å panielske krÃ¡Ä¾ovstvo
     got: Španielske kráľovstvo
 ; [cca2=ES].translations.spa.common
Expected: EspaÃ±a
     got: España
 ; [cca2=ES].translations.spa.official
Expected: Reino de EspaÃ±a
     got: Reino de España
 ; [cca2=ES].translations.srp.common
Expected: Ð¨Ð¿Ð°Ð½Ð¸Ñ˜Ð°
     got: Шпанија
 ; [cca2=ES].translations.srp.official
Expected: ÐšÑ€Ð°Ñ™ÐµÐ²Ð¸Ð½Ð° Ð¨Ð¿Ð°Ð½Ð¸Ñ˜Ð°
     got: Краљевина Шпанија
 ; [cca2=ES].translations.tur.common
Expected: Ä°spanya
     got: İspanya
 ; [cca2=ES].translations.tur.official
Expected: Ä°spanya KrallÄ±ÄŸÄ±
     got: İspanya Krallığı
 ; [cca2=ES].translations.urd.common
Expected: Û�Ø³Ù¾Ø§Ù†ÛŒÛ�
     got: ہسپانیہ
 ; [cca2=ES].translations.urd.official
Expected: Ù…Ù…Ù„Ú©ØªÙ� Û�Ø³Ù¾Ø§Ù†ÛŒÛ�
     got: مملکتِ ہسپانیہ
 ; [cca2=ES].translations.zho.common
Expected: è¥¿ç�­ç‰™
     got: 西班牙
 ; [cca2=ES].translations.zho.official
Expected: è¥¿ç�­ç‰™çŽ‹å›½
     got: 西班牙王国
 ; [cca2=VE].altSpellings[]
Expected: RepÃºblica Bolivariana de Venezuela
     but none found
 ; [cca2=VE].altSpellings[]
Unexpected: República Bolivariana de Venezuela
 ; [cca2=VE].currencies.VES.name
Expected: Venezuelan bolÃ­var soberano
     got: Venezuelan bolívar soberano
 ; [cca2=VE].demonyms.fra.f
Expected: VÃ©nÃ©zuÃ©lienne
     got: Vénézuélienne
 ; [cca2=VE].demonyms.fra.m
Expected: VÃ©nÃ©zuÃ©lien
     got: Vénézuélien
 ; [cca2=VE].flag
Expected: ðŸ‡»ðŸ‡ª
     got: 🇻🇪
 ; [cca2=VE].name.nativeName.spa.official
Expected: RepÃºblica Bolivariana de Venezuela
     got: República Bolivariana de Venezuela
 ; [cca2=VE].translations.ara.common
Expected: Ù�Ù†Ø²ÙˆÙŠÙ„Ø§
     got: فنزويلا
 ; [cca2=VE].translations.ara.official
Expected: Ø¬Ù…Ù‡ÙˆØ±ÙŠØ© Ù�Ù†Ø²ÙˆÙŠÙ„Ø§ Ø§Ù„Ø¨ÙˆÙ„ÙŠÙ�Ø§Ø±ÙŠØ©
     got: جمهورية فنزويلا البوليفارية
 ; [cca2=VE].translations.ces.official
Expected: BolÃ­varskÃ¡ republika Venezuela
     got: Bolívarská republika Venezuela
 ; [cca2=VE].translations.est.official
Expected: Venezuela BolÃ­vari Vabariik
     got: Venezuela Bolívari Vabariik
 ; [cca2=VE].translations.fra.official
Expected: RÃ©publique bolivarienne du Venezuela
     got: République bolivarienne du Venezuela
 ; [cca2=VE].translations.hun.official
Expected: Venezuelai BolivÃ¡ri KÃ¶ztÃ¡rsasÃ¡g
     got: Venezuelai Bolivári Köztársaság
 ; [cca2=VE].translations.jpn.common
Expected: ãƒ™ãƒ�ã‚ºã‚¨ãƒ©ãƒ»ãƒœãƒªãƒ�ãƒ«å…±å’Œå›½
     got: ベネズエラ・ボリバル共和国
 ; [cca2=VE].translations.jpn.official
Expected: ãƒ™ãƒ�ã‚ºã‚¨ãƒ©Â·ãƒœãƒªãƒ�ãƒ«å…±å’Œå›½
     got: ベネズエラ·ボリバル共和国
 ; [cca2=VE].translations.kor.common
Expected: ë² ë„¤ìˆ˜ì—˜ë�¼
     got: 베네수엘라
 ; [cca2=VE].translations.kor.official
Expected: ë² ë„¤ìˆ˜ì—˜ë�¼ ë³¼ë¦¬ë°”ë¥´ ê³µí™”êµ­
     got: 베네수엘라 볼리바르 공화국
 ; [cca2=VE].translations.per.common
Expected: ÙˆÙ†Ø²ÙˆØ¦Ù„Ø§
     got: ونزوئلا
 ; [cca2=VE].translations.per.official
Expected: Ø¬Ù…Ù‡ÙˆØ±ÛŒ Ø¨ÙˆÙ„ÛŒÙˆØ§Ø±ÛŒ ÙˆÙ†Ø²ÙˆØ¦Ù„Ø§
     got: جمهوری بولیواری ونزوئلا
 ; [cca2=VE].translations.pol.official
Expected: BoliwariaÅ„ska Republika Wenezueli
     got: Boliwariańska Republika Wenezueli
 ; [cca2=VE].translations.por.official
Expected: RepÃºblica Bolivariana da Venezuela
     got: República Bolivariana da Venezuela
 ; [cca2=VE].translations.rus.common
Expected: Ð’ÐµÐ½ÐµÑ�ÑƒÑ�Ð»Ð°
     got: Венесуэла
 ; [cca2=VE].translations.rus.official
Expected: Ð‘Ð¾Ð»Ð¸Ð²Ð°Ñ€Ð¸Ð°Ð½Ñ�ÐºÐ°Ñ� Ð ÐµÑ�Ð¿ÑƒÐ±Ð»Ð¸ÐºÐ° Ð’ÐµÐ½ÐµÑ�ÑƒÑ�Ð»Ð°
     got: Боливарианская Республика Венесуэла
 ; [cca2=VE].translations.slk.official
Expected: VenezuelskÃ¡ bolÃ­varovskÃ¡ republika
     got: Venezuelská bolívarovská republika
 ; [cca2=VE].translations.spa.official
Expected: RepÃºblica Bolivariana de Venezuela
     got: República Bolivariana de Venezuela
 ; [cca2=VE].translations.srp.common
Expected: Ð’ÐµÐ½ÐµÑ†ÑƒÐµÐ»Ð°
     got: Венецуела
 ; [cca2=VE].translations.srp.official
Expected: Ð‘Ð¾Ð»Ð¸Ð²Ð°Ñ€Ñ�ÐºÐ° Ð ÐµÐ¿ÑƒÐ±Ð»Ð¸ÐºÐ° Ð’ÐµÐ½ÐµÑ†ÑƒÐµÐ»Ð°
     got: Боливарска Република Венецуела
 ; [cca2=VE].translations.tur.official
Expected: BolivarcÄ± Venezuela Cumhuriyeti
     got: Bolivarcı Venezuela Cumhuriyeti
 ; [cca2=VE].translations.urd.common
Expected: ÙˆÛŒÙ†ÛŒØ²ÙˆÛŒÙ„Ø§
     got: وینیزویلا
 ; [cca2=VE].translations.urd.official
Expected: Ø¬Ù…Û�ÙˆØ±ÛŒÛ� ÙˆÛŒÙ†ÛŒØ²ÙˆÛŒÙ„Ø§
     got: جمہوریہ وینیزویلا
 ; [cca2=VE].translations.zho.common
Expected: å§”å†…ç‘žæ‹‰
     got: 委内瑞拉
 ; [cca2=VE].translations.zho.official
Expected: å§”å†…ç‘žæ‹‰çŽ»åˆ©ç“¦å°”å…±å’Œå›½
     got: 委内瑞拉玻利瓦尔共和国
 ; [cca2=ET].altSpellings[]
Expected: á‹¨áŠ¢á‰µá‹®áŒµá‹« á�Œá‹´áˆ«áˆ‹á‹Š á‹²áˆžáŠ­áˆ«áˆ²á‹«á‹Š áˆªá��á‰¥áˆŠáŠ­
     but none found
 ; [cca2=ET].altSpellings[]
Expected: Ê¾ÄªtyÅ�á¹—á¹—yÄ�
     but none found
 ; [cca2=ET].altSpellings[]
Unexpected: ʾĪtyōṗṗyā
 ; [cca2=ET].altSpellings[]
Unexpected: የኢትዮጵያ ፌዴራላዊ ዲሞክራሲያዊ ሪፐብሊክ
 ; [cca2=ET].demonyms.fra.f
Expected: Ã‰thiopienne
     got: Éthiopienne
 ; [cca2=ET].demonyms.fra.m
Expected: Ã‰thiopien
     got: Éthiopien
 ; [cca2=ET].flag
Expected: ðŸ‡ªðŸ‡¹
     got: 🇪🇹
 ; [cca2=ET].name.nativeName.amh.common
Expected: áŠ¢á‰µá‹®áŒµá‹«
     got: ኢትዮጵያ
 ; [cca2=ET].name.nativeName.amh.official
Expected: á‹¨áŠ¢á‰µá‹®áŒµá‹« á�Œá‹´áˆ«áˆ‹á‹Š á‹²áˆžáŠ­áˆ«áˆ²á‹«á‹Š áˆªá��á‰¥áˆŠáŠ­
     got: የኢትዮጵያ ፌዴራላዊ ዲሞክራሲያዊ ሪፐብሊክ
 ; [cca2=ET].translations.ara.common
Expected: Ø¥Ø«ÙŠÙˆØ¨ÙŠØ§
     got: إثيوبيا
 ; [cca2=ET].translations.ara.official
Expected: Ø¬Ù…Ù‡ÙˆØ±ÙŠØ© Ø¥Ø«ÙŠÙˆØ¨ÙŠØ§ Ø§Ù„Ù�Ø¯Ø±Ø§Ù„ÙŠØ© Ø§Ù„Ø¯ÙŠÙ…ÙˆÙ‚Ø±Ø§Ø·ÙŠØ©
     got: جمهورية إثيوبيا الفدرالية الديموقراطية
 ; [cca2=ET].translations.ces.official
Expected: EtiopskÃ¡ federativnÃ­ demokratickÃ¡ republika
     got: Etiopská federativní demokratická republika
 ; [cca2=ET].translations.deu.common
Expected: Ã„thiopien
     got: Äthiopien
 ; [cca2=ET].translations.deu.official
Expected: Demokratische Bundesrepublik Ã„thiopien
     got: Demokratische Bundesrepublik Äthiopien
 ; [cca2=ET].translations.fra.common
Expected: Ã‰thiopie
     got: Éthiopie
 ; [cca2=ET].translations.fra.official
Expected: RÃ©publique fÃ©dÃ©rale dÃ©mocratique d&apos;Ã‰thiopie
     got: République fédérale démocratique d&apos;Éthiopie
 ; [cca2=ET].translations.hun.common
Expected: EtiÃ³pia
     got: Etiópia
 ; [cca2=ET].translations.hun.official
Expected: EtiÃ³p SzÃ¶vetsÃ©gi Demokratikus KÃ¶ztÃ¡rsasÃ¡g
     got: Etióp Szövetségi Demokratikus Köztársaság
 ; [cca2=ET].translations.jpn.common
Expected: ã‚¨ãƒ�ã‚ªãƒ”ã‚¢
     got: エチオピア
 ; [cca2=ET].translations.jpn.official
Expected: ã‚¨ãƒ�ã‚ªãƒ”ã‚¢é€£é‚¦æ°‘ä¸»å…±å’Œå›½
     got: エチオピア連邦民主共和国
 ; [cca2=ET].translations.kor.common
Expected: ì—�í‹°ì˜¤í”¼ì•„
     got: 에티오피아
 ; [cca2=ET].translations.kor.official
Expected: ì—�í‹°ì˜¤í”¼ì•„ ì—°ë°© ë¯¼ì£¼ ê³µí™”êµ­
     got: 에티오피아 연방 민주 공화국
 ; [cca2=ET].translations.nld.common
Expected: EthiopiÃ«
     got: Ethiopië
 ; [cca2=ET].translations.nld.official
Expected: Federale Democratische Republiek EthiopiÃ«
     got: Federale Democratische Republiek Ethiopië
 ; [cca2=ET].translations.per.common
Expected: Ø§Ù�ØªÛŒÙˆÙ¾ÛŒ
     got: اِتیوپی
 ; [cca2=ET].translations.per.official
Expected: Ø¬Ù…Ù‡ÙˆØ±ÛŒ Ù�Ø¯Ø±Ø§Ù„ Ø¯Ù…ÙˆÚ©Ø±Ø§ØªÛŒÚ© Ø§ØªÛŒÙˆÙ¾ÛŒ
     got: جمهوری فدرال دموکراتیک اتیوپی
 ; [cca2=ET].translations.por.common
Expected: EtiÃ³pia
     got: Etiópia
 ; [cca2=ET].translations.por.official
Expected: RepÃºblica Federal DemocrÃ¡tica da EtiÃ³pia
     got: República Federal Democrática da Etiópia
 ; [cca2=ET].translations.rus.common
Expected: Ð­Ñ„Ð¸Ð¾Ð¿Ð¸Ñ�
     got: Эфиопия
 ; [cca2=ET].translations.rus.official
Expected: Ð¤ÐµÐ´ÐµÑ€Ð°Ñ‚Ð¸Ð²Ð½Ð°Ñ� Ð”ÐµÐ¼Ð¾ÐºÑ€Ð°Ñ‚Ð¸Ñ‡ÐµÑ�ÐºÐ°Ñ� Ð ÐµÑ�Ð¿ÑƒÐ±Ð»Ð¸ÐºÐ° Ð­Ñ„Ð¸Ð¾Ð¿Ð¸Ñ�
     got: Федеративная Демократическая Республика Эфиопия
 ; [cca2=ET].translations.slk.common
Expected: EtiÃ³pia
     got: Etiópia
 ; [cca2=ET].translations.slk.official
Expected: EtiÃ³pska federatÃ­vna demokratickÃ¡ republika
     got: Etiópska federatívna demokratická republika
 ; [cca2=ET].translations.spa.common
Expected: EtiopÃ­a
     got: Etiopía
 ; [cca2=ET].translations.spa.official
Expected: RepÃºblica DemocrÃ¡tica Federal de EtiopÃ­a
     got: República Democrática Federal de Etiopía
 ; [cca2=ET].translations.srp.common
Expected: Ð•Ñ‚Ð¸Ð¾Ð¿Ð¸Ñ˜Ð°
     got: Етиопија
 ; [cca2=ET].translations.srp.official
Expected: Ð¡Ð°Ð²ÐµÐ·Ð½Ð° Ð”ÐµÐ¼Ð¾ÐºÑ€Ð°Ñ‚Ñ�ÐºÐ° Ð ÐµÐ¿ÑƒÐ±Ð»Ð¸ÐºÐ° Ð•Ñ‚Ð¸Ð¾Ð¿Ð¸Ñ˜Ð°
     got: Савезна Демократска Република Етиопија
 ; [cca2=ET].translations.swe.official
Expected: Demokratiska fÃ¶rbundsrepubliken Etiopien
     got: Demokratiska förbundsrepubliken Etiopien
 ; [cca2=ET].translations.urd.common
Expected: Ø§ÛŒØªÚ¾ÙˆÙ¾ÛŒØ§
     got: ایتھوپیا
 ; [cca2=ET].translations.urd.official
Expected: ÙˆÙ�Ø§Ù‚ÛŒ Ø¬Ù…Û�ÙˆØ±ÛŒ Ø¬Ù…Û�ÙˆØ±ÛŒÛ� Ø§ÛŒØªÚ¾ÙˆÙ¾ÛŒØ§
     got: وفاقی جمہوری جمہوریہ ایتھوپیا
 ; [cca2=ET].translations.zho.common
Expected: åŸƒå¡žä¿„æ¯”äºš
     got: 埃塞俄比亚
 ; [cca2=ET].translations.zho.official
Expected: åŸƒå¡žä¿„æ¯”äºšè�”é‚¦æ°‘ä¸»å…±å’Œå›½
     got: 埃塞俄比亚联邦民主共和国
 ; [cca2=VG].flag
Expected: ðŸ‡»ðŸ‡¬
     got: 🇻🇬
 ; [cca2=VG].translations.ara.common
Expected: Ø¬Ø²Ø± Ø§Ù„Ø¹Ø°Ø±Ø§Ø¡
     got: جزر العذراء
 ; [cca2=VG].translations.ara.official
Expected: Ø¬Ø²Ø± Ø§Ù„Ø¹Ø°Ø±Ø§Ø¡ Ø§Ù„Ø¨Ø±ÙŠØ·Ø§Ù†ÙŠØ©
     got: جزر العذراء البريطانية
 ; [cca2=VG].translations.ces.common
Expected: BritskÃ© PanenskÃ© ostrovy
     got: Britské Panenské ostrovy
 ; [cca2=VG].translations.ces.official
Expected: BritskÃ© PanenskÃ© ostrovy
     got: Britské Panenské ostrovy
 ; [cca2=VG].translations.fin.official
Expected: BrittilÃ¤iset Neitsytsaaret
     got: Brittiläiset Neitsytsaaret
 ; [cca2=VG].translations.fra.common
Expected: ÃŽles Vierges britanniques
     got: Îles Vierges britanniques
 ; [cca2=VG].translations.fra.official
Expected: Ã®les Vierges
     got: îles Vierges
 ; [cca2=VG].translations.hrv.common
Expected: Britanski DjeviÄ�anski Otoci
     got: Britanski Djevičanski Otoci
 ; [cca2=VG].translations.hrv.official
Expected: DjeviÄ�anski Otoci
     got: Djevičanski Otoci
 ; [cca2=VG].translations.jpn.common
Expected: ã‚¤ã‚®ãƒªã‚¹é ˜ãƒ´ã‚¡ãƒ¼ã‚¸ãƒ³è«¸å³¶
     got: イギリス領ヴァージン諸島
 ; [cca2=VG].translations.jpn.official
Expected: ãƒ�ãƒ¼ã‚¸ãƒ³è«¸å³¶
     got: バージン諸島
 ; [cca2=VG].translations.kor.common
Expected: ì˜�êµ­ë ¹ ë²„ì§„ì•„ì�¼ëžœë“œ
     got: 영국령 버진아일랜드
 ; [cca2=VG].translations.kor.official
Expected: ì˜�êµ­ë ¹ ë²„ì§„ì•„ì�¼ëžœë“œ
     got: 영국령 버진아일랜드
 ; [cca2=VG].translations.per.common
Expected: Ø¬Ø²Ø§ÛŒØ± ÙˆÛŒØ±Ø¬ÛŒÙ† Ø¨Ø±ÛŒØªØ§Ù†ÛŒØ§
     got: جزایر ویرجین بریتانیا
 ; [cca2=VG].translations.per.official
Expected: Ø¬Ø²Ø§ÛŒØ± ÙˆÛŒØ±Ø¬ÛŒÙ† Ø¨Ø±ÛŒØªØ§Ù†ÛŒØ§
     got: جزایر ویرجین بریتانیا
 ; [cca2=VG].translations.rus.common
Expected: Ð‘Ñ€Ð¸Ñ‚Ð°Ð½Ñ�ÐºÐ¸Ðµ Ð’Ð¸Ñ€Ð³Ð¸Ð½Ñ�ÐºÐ¸Ðµ Ð¾Ñ�Ñ‚Ñ€Ð¾Ð²Ð°
     got: Британские Виргинские острова
 ; [cca2=VG].translations.rus.official
Expected: Ð’Ð¸Ñ€Ð³Ð¸Ð½Ñ�ÐºÐ¸Ðµ Ð¾Ñ�Ñ‚Ñ€Ð¾Ð²Ð°
     got: Виргинские острова
 ; [cca2=VG].translations.slk.common
Expected: PanenskÃ© ostrovy
     got: Panenské ostrovy
 ; [cca2=VG].translations.slk.official
Expected: PanenskÃ© ostrovy
     got: Panenské ostrovy
 ; [cca2=VG].translations.spa.common
Expected: Islas VÃ­rgenes del Reino Unido
     got: Islas Vírgenes del Reino Unido
 ; [cca2=VG].translations.spa.official
Expected: Islas VÃ­rgenes
     got: Islas Vírgenes
 ; [cca2=VG].translations.srp.common
Expected: Ð‘Ñ€Ð¸Ñ‚Ð°Ð½Ñ�ÐºÐ° Ð”ÐµÐ²Ð¸Ñ‡Ð°Ð½Ñ�ÐºÐ° ÐžÑ�Ñ‚Ñ€Ð²Ð°
     got: Британска Девичанска Острва
 ; [cca2=VG].translations.srp.official
Expected: Ð‘Ñ€Ð¸Ñ‚Ð°Ð½Ñ�ÐºÐ° Ð”ÐµÐ²Ð¸Ñ‡Ð°Ð½Ñ�ÐºÐ° ÐžÑ�Ñ‚Ñ€Ð²Ð°
     got: Британска Девичанска Острва
 ; [cca2=VG].translations.swe.common
Expected: Brittiska JungfruÃ¶arna
     got: Brittiska Jungfruöarna
 ; [cca2=VG].translations.swe.official
Expected: Brittiska JungfruÃ¶arna
     got: Brittiska Jungfruöarna
 ; [cca2=VG].translations.tur.common
Expected: Virjin AdalarÄ±
     got: Virjin Adaları
 ; [cca2=VG].translations.tur.official
Expected: Virjin AdalarÄ±
     got: Virjin Adaları
 ; [cca2=VG].translations.urd.common
Expected: Ø¨Ø±Ø·Ø§Ù†ÙˆÛŒ Ø¬Ø²Ø§Ø¦Ø± ÙˆØ±Ø¬Ù†
     got: برطانوی جزائر ورجن
 ; [cca2=VG].translations.urd.official
Expected: Ø¨Ø±Ø·Ø§Ù†ÙˆÛŒ Ø¬Ø²Ø§Ø¦Ø± ÙˆØ±Ø¬Ù†
     got: برطانوی جزائر ورجن
 ; [cca2=VG].translations.zho.common
Expected: è‹±å±žç»´å°”äº¬ç¾¤å²›
     got: 英属维尔京群岛
 ; [cca2=VG].translations.zho.official
Expected: è‹±å±žç»´å°”äº¬ç¾¤å²›
     got: 英属维尔京群岛
 ; [cca2=VI].flag
Expected: ðŸ‡»ðŸ‡®
     got: 🇻🇮
 ; [cca2=VI].translations.ara.common
Expected: Ø¬Ø²Ø± Ø§Ù„Ø¹Ø°Ø±Ø§Ø¡ Ø§Ù„Ø§Ù…Ø±ÙŠÙƒÙŠØ©
     got: جزر العذراء الامريكية
 ; [cca2=VI].translations.ara.official
Expected: Ø¬Ø²Ø± Ø§Ù„Ø¹Ø°Ø±Ø§Ø¡ Ø§Ù„Ø§Ù…Ø±ÙŠÙƒÙŠØ©
     got: جزر العذراء الامريكية
 ; [cca2=VI].translations.bre.common
Expected: Inizi Gwerc&apos;h ar StadoÃ¹-Unanet
     got: Inizi Gwerc&apos;h ar Stadoù-Unanet
 ; [cca2=VI].translations.bre.official
Expected: Inizi Gwerc&apos;h ar StadoÃ¹-Unanet
     got: Inizi Gwerc&apos;h ar Stadoù-Unanet
 ; [cca2=VI].translations.ces.common
Expected: AmerickÃ© PanenskÃ© ostrovy
     got: Americké Panenské ostrovy
 ; [cca2=VI].translations.ces.official
Expected: AmerickÃ© PanenskÃ© ostrovy
     got: Americké Panenské ostrovy
 ; [cca2=VI].translations.est.official
Expected: Ãœhendriikide Neitsisaared
     got: Ühendriikide Neitsisaared
 ; [cca2=VI].translations.fra.common
Expected: ÃŽles Vierges des Ã‰tats-Unis
     got: Îles Vierges des États-Unis
 ; [cca2=VI].translations.fra.official
Expected: ÃŽles Vierges des Ã‰tats-Unis
     got: Îles Vierges des États-Unis
 ; [cca2=VI].translations.hrv.common
Expected: AmeriÄ�ki DjeviÄ�anski Otoci
     got: Američki Djevičanski Otoci
 ; [cca2=VI].translations.hrv.official
Expected: DjeviÄ�anski Otoci SAD
     got: Djevičanski Otoci SAD
 ; [cca2=VI].translations.jpn.common
Expected: ã‚¢ãƒ¡ãƒªã‚«é ˜ãƒ´ã‚¡ãƒ¼ã‚¸ãƒ³è«¸å³¶
     got: アメリカ領ヴァージン諸島
 ; [cca2=VI].translations.jpn.official
Expected: ç±³å›½ã�®ãƒ�ãƒ¼ã‚¸ãƒ³è«¸å³¶
     got: 米国のバージン諸島
 ; [cca2=VI].translations.kor.common
Expected: ë¯¸êµ­ë ¹ ë²„ì§„ì•„ì�¼ëžœë“œ
     got: 미국령 버진아일랜드
 ; [cca2=VI].translations.kor.official
Expected: ë¯¸êµ­ë ¹ ë²„ì§„ì•„ì�¼ëžœë“œ
     got: 미국령 버진아일랜드
 ; [cca2=VI].translations.per.common
Expected: Ø¬Ø²Ø§ÛŒØ± ÙˆÛŒØ±Ø¬ÛŒÙ† Ø§ÛŒØ§Ù„Ø§Øª Ù…ØªØ­Ø¯Ù‡ Ø¢Ù…Ø±ÛŒÚ©Ø§
     got: جزایر ویرجین ایالات متحده آمریکا
 ; [cca2=VI].translations.per.official
Expected: Ø¬Ø²Ø§ÛŒØ± ÙˆÛŒØ±Ø¬ÛŒÙ† Ø§ÛŒØ§Ù„Ø§Øª Ù…ØªØ­Ø¯Ù‡ Ø¢Ù…Ø±ÛŒÚ©Ø§
     got: جزایر ویرجین ایالات متحده آمریکا
 ; [cca2=VI].translations.pol.common
Expected: Wyspy Dziewicze StanÃ³w Zjednoczonych
     got: Wyspy Dziewicze Stanów Zjednoczonych
 ; [cca2=VI].translations.pol.official
Expected: Wyspy Dziewicze StanÃ³w Zjednoczonych
     got: Wyspy Dziewicze Stanów Zjednoczonych
 ; [cca2=VI].translations.rus.common
Expected: Ð’Ð¸Ñ€Ð³Ð¸Ð½Ñ�ÐºÐ¸Ðµ ÐžÑ�Ñ‚Ñ€Ð¾Ð²Ð°
     got: Виргинские Острова
 ; [cca2=VI].translations.rus.official
Expected: Ð’Ð¸Ñ€Ð³Ð¸Ð½Ñ�ÐºÐ¸Ðµ Ð¾Ñ�Ñ‚Ñ€Ð¾Ð²Ð° Ð¡Ð¾ÐµÐ´Ð¸Ð½ÐµÐ½Ð½Ñ‹Ñ… Ð¨Ñ‚Ð°Ñ‚Ð¾Ð²
     got: Виргинские острова Соединенных Штатов
 ; [cca2=VI].translations.slk.common
Expected: AmerickÃ© PanenskÃ© ostrovy
     got: Americké Panenské ostrovy
 ; [cca2=VI].translations.slk.official
Expected: AmerickÃ© PanenskÃ© ostrovy
     got: Americké Panenské ostrovy
 ; [cca2=VI].translations.spa.common
Expected: Islas VÃ­rgenes de los Estados Unidos
     got: Islas Vírgenes de los Estados Unidos
 ; [cca2=VI].translations.spa.official
Expected: Islas VÃ­rgenes de los Estados Unidos
     got: Islas Vírgenes de los Estados Unidos
 ; [cca2=VI].translations.srp.common
Expected: Ð�Ð¼ÐµÑ€Ð¸Ñ‡ÐºÐ° Ð”ÐµÐ²Ð¸Ñ‡Ð°Ð½Ñ�ÐºÐ° ÐžÑ�Ñ‚Ñ€Ð²Ð°
     got: Америчка Девичанска Острва
 ; [cca2=VI].translations.srp.official
Expected: Ð�Ð¼ÐµÑ€Ð¸Ñ‡ÐºÐ° Ð”ÐµÐ²Ð¸Ñ‡Ð°Ð½Ñ�ÐºÐ° ÐžÑ�Ñ‚Ñ€Ð²Ð°
     got: Америчка Девичанска Острва
 ; [cca2=VI].translations.swe.common
Expected: Amerikanska JungfruÃ¶arna
     got: Amerikanska Jungfruöarna
 ; [cca2=VI].translations.swe.official
Expected: Amerikanska JungfruÃ¶arna
     got: Amerikanska Jungfruöarna
 ; [cca2=VI].translations.tur.common
Expected: ABD Virjin AdalarÄ±
     got: ABD Virjin Adaları
 ; [cca2=VI].translations.tur.official
Expected: Amerika BirleÅŸik Devletleri Virjin AdalarÄ±
     got: Amerika Birleşik Devletleri Virjin Adaları
 ; [cca2=VI].translations.urd.common
Expected: Ø§Ù…Ø±ÛŒÚ©ÛŒ Ø¬Ø²Ø§Ø¦Ø± ÙˆØ±Ø¬Ù†
     got: امریکی جزائر ورجن
 ; [cca2=VI].translations.urd.official
Expected: Ø§Ù…Ø±ÛŒÚ©ÛŒ Ø¬Ø²Ø§Ø¦Ø± ÙˆØ±Ø¬Ù†
     got: امریکی جزائر ورجن
 ; [cca2=VI].translations.zho.common
Expected: ç¾Žå±žç»´å°”äº¬ç¾¤å²›
     got: 美属维尔京群岛
 ; [cca2=VI].translations.zho.official
Expected: ç¾Žå±žç»´å°”äº¬ç¾¤å²›
     got: 美属维尔京群岛
 ; [cca2=VN].altSpellings[]
Expected: Cá»™ng hÃ²a XÃ£ há»™i chá»§ nghÄ©a Viá»‡t Nam
     but none found
 ; [cca2=VN].altSpellings[]
Unexpected: Cộng hòa Xã hội chủ nghĩa Việt Nam
 ; [cca2=VN].currencies.VND.name
Expected: Vietnamese Ä‘á»“ng
     got: Vietnamese đồng
 ; [cca2=VN].currencies.VND.symbol
Expected: â‚«
     got: ₫
 ; [cca2=VN].flag
Expected: ðŸ‡»ðŸ‡³
     got: 🇻🇳
 ; [cca2=VN].name.nativeName.vie.common
Expected: Viá»‡t Nam
     got: Việt Nam
 ; [cca2=VN].name.nativeName.vie.official
Expected: Cá»™ng hÃ²a xÃ£ há»™i chá»§ nghÄ©a Viá»‡t Nam
     got: Cộng hòa xã hội chủ nghĩa Việt Nam
 ; [cca2=VN].translations.ara.common
Expected: Ù�ÙŠØªÙ†Ø§Ù…
     got: فيتنام
 ; [cca2=VN].translations.ara.official
Expected: Ø¬Ù…Ù‡ÙˆØ±ÙŠØ© Ù�ÙŠØªÙ†Ø§Ù… Ø§Ù„Ø§Ø´ØªØ±Ø§ÙƒÙŠØ©
     got: جمهورية فيتنام الاشتراكية
 ; [cca2=VN].translations.bre.common
Expected: ViÃªt Nam
     got: Viêt Nam
 ; [cca2=VN].translations.bre.official
Expected: Republik Sokialour ViÃªt Nam
     got: Republik Sokialour Viêt Nam
 ; [cca2=VN].translations.ces.official
Expected: VietnamskÃ¡ socialistickÃ¡ republika
     got: Vietnamská socialistická republika
 ; [cca2=VN].translations.fra.common
Expected: ViÃªt Nam
     got: Viêt Nam
 ; [cca2=VN].translations.fra.official
Expected: RÃ©publique socialiste du ViÃªt Nam
     got: République socialiste du Viêt Nam
 ; [cca2=VN].translations.hrv.official
Expected: SocijalistiÄ�ka Republika Vijetnam
     got: Socijalistička Republika Vijetnam
 ; [cca2=VN].translations.hun.common
Expected: VietnÃ¡m
     got: Vietnám
 ; [cca2=VN].translations.hun.official
Expected: VietnÃ¡mi Szocialista KÃ¶ztÃ¡rsasÃ¡g
     got: Vietnámi Szocialista Köztársaság
 ; [cca2=VN].translations.jpn.common
Expected: ãƒ™ãƒˆãƒŠãƒ 
     got: ベトナム
 ; [cca2=VN].translations.jpn.official
Expected: ãƒ™ãƒˆãƒŠãƒ ç¤¾ä¼šä¸»ç¾©å…±å’Œå›½
     got: ベトナム社会主義共和国
 ; [cca2=VN].translations.kor.common
Expected: ë² íŠ¸ë‚¨
     got: 베트남
 ; [cca2=VN].translations.kor.official
Expected: ë² íŠ¸ë‚¨ ì‚¬íšŒì£¼ì�˜ ê³µí™”êµ­
     got: 베트남 사회주의 공화국
 ; [cca2=VN].translations.per.common
Expected: ÙˆÛŒØªÙ†Ø§Ù…
     got: ویتنام
 ; [cca2=VN].translations.per.official
Expected: Ø¬Ù…Ù‡ÙˆØ±ÛŒ Ø³ÙˆØ³ÛŒØ§Ù„ÛŒØ³ØªÛŒ ÙˆÛŒØªÙ†Ø§Ù…
     got: جمهوری سوسیالیستی ویتنام
 ; [cca2=VN].translations.por.official
Expected: RepÃºblica Socialista do Vietname
     got: República Socialista do Vietname
 ; [cca2=VN].translations.rus.common
Expected: Ð’ÑŒÐµÑ‚Ð½Ð°Ð¼
     got: Вьетнам
 ; [cca2=VN].translations.rus.official
Expected: Ð¡Ð¾Ñ†Ð¸Ð°Ð»Ð¸Ñ�Ñ‚Ð¸Ñ‡ÐµÑ�ÐºÐ°Ñ� Ð ÐµÑ�Ð¿ÑƒÐ±Ð»Ð¸ÐºÐ° Ð’ÑŒÐµÑ‚Ð½Ð°Ð¼
     got: Социалистическая Республика Вьетнам
 ; [cca2=VN].translations.slk.official
Expected: VietnamskÃ¡ socialistickÃ¡ republika
     got: Vietnamská socialistická republika
 ; [cca2=VN].translations.spa.official
Expected: RepÃºblica Socialista de Vietnam
     got: República Socialista de Vietnam
 ; [cca2=VN].translations.srp.common
Expected: Ð’Ð¸Ñ˜ÐµÑ‚Ð½Ð°Ð¼
     got: Вијетнам
 ; [cca2=VN].translations.srp.official
Expected: Ð¡Ð¾Ñ†Ð¸Ñ˜Ð°Ð»Ð¸Ñ�Ñ‚Ð¸Ñ‡ÐºÐ° Ð ÐµÐ¿ÑƒÐ±Ð»Ð¸ÐºÐ° Ð’Ð¸Ñ˜ÐµÑ‚Ð½Ð°Ð¼
     got: Социјалистичка Република Вијетнам
 ; [cca2=VN].translations.urd.common
Expected: ÙˆÛŒØªÙ†Ø§Ù…
     got: ویتنام
 ; [cca2=VN].translations.urd.official
Expected: Ø§Ø´ØªØ±Ø§Ú©ÛŒ Ø¬Ù…Û�ÙˆØ±ÛŒÛ� ÙˆÛŒØªÙ†Ø§Ù…
     got: اشتراکی جمہوریہ ویتنام
 ; [cca2=VN].translations.zho.common
Expected: è¶Šå�—
     got: 越南
 ; [cca2=VN].translations.zho.official
Expected: è¶Šå�—ç¤¾ä¼šä¸»ä¹‰å…±å’Œå›½
     got: 越南社会主义共和国
 ; [cca2=VU].altSpellings[]
Expected: RÃ©publique de Vanuatu
     but none found
 ; [cca2=VU].altSpellings[]
Unexpected: République de Vanuatu
 ; [cca2=VU].flag
Expected: ðŸ‡»ðŸ‡º
     got: 🇻🇺
 ; [cca2=VU].name.nativeName.fra.official
Expected: RÃ©publique de Vanuatu
     got: République de Vanuatu
 ; [cca2=VU].translations.ara.common
Expected: Ù�Ø§Ù†ÙˆØ§ØªÙˆ
     got: فانواتو
 ; [cca2=VU].translations.ara.official
Expected: Ø¬Ù…Ù‡ÙˆØ±ÙŠØ© Ù�Ø§Ù†ÙˆØ§ØªÙˆ
     got: جمهورية فانواتو
 ; [cca2=VU].translations.fra.official
Expected: RÃ©publique de Vanuatu
     got: République de Vanuatu
 ; [cca2=VU].translations.hun.official
Expected: Vanuatui KÃ¶ztÃ¡rsasÃ¡g
     got: Vanuatui Köztársaság
 ; [cca2=VU].translations.jpn.common
Expected: ãƒ�ãƒŒã‚¢ãƒ„
     got: バヌアツ
 ; [cca2=VU].translations.jpn.official
Expected: ãƒ�ãƒŒã‚¢ãƒ„å…±å’Œå›½
     got: バヌアツ共和国
 ; [cca2=VU].translations.kor.common
Expected: ë°”ëˆ„ì•„íˆ¬
     got: 바누아투
 ; [cca2=VU].translations.kor.official
Expected: ë°”ëˆ„ì•„íˆ¬ ê³µí™”êµ­
     got: 바누아투 공화국
 ; [cca2=VU].translations.per.common
Expected: ÙˆØ§Ù†ÙˆØ§ØªÙˆ
     got: وانواتو
 ; [cca2=VU].translations.per.official
Expected: Ø¬Ù…Ù‡ÙˆØ±ÛŒ ÙˆØ§Ù†ÙˆØ§ØªÙˆ
     got: جمهوری وانواتو
 ; [cca2=VU].translations.por.official
Expected: RepÃºblica de Vanuatu
     got: República de Vanuatu
 ; [cca2=VU].translations.rus.common
Expected: Ð’Ð°Ð½ÑƒÐ°Ñ‚Ñƒ
     got: Вануату
 ; [cca2=VU].translations.rus.official
Expected: Ð ÐµÑ�Ð¿ÑƒÐ±Ð»Ð¸ÐºÐ° Ð’Ð°Ð½ÑƒÐ°Ñ‚Ñƒ
     got: Республика Вануату
 ; [cca2=VU].translations.slk.official
Expected: VanuatskÃ¡ republika
     got: Vanuatská republika
 ; [cca2=VU].translations.spa.official
Expected: RepÃºblica de Vanuatu
     got: República de Vanuatu
 ; [cca2=VU].translations.srp.common
Expected: Ð’Ð°Ð½ÑƒÐ°Ñ‚Ñƒ
     got: Вануату
 ; [cca2=VU].translations.srp.official
Expected: Ð ÐµÐ¿ÑƒÐ±Ð»Ð¸ÐºÐ° Ð’Ð°Ð½ÑƒÐ°Ñ‚Ñƒ
     got: Република Вануату
 ; [cca2=VU].translations.urd.common
Expected: ÙˆØ§Ù†ÙˆØ§ØªÙˆ
     got: وانواتو
 ; [cca2=VU].translations.urd.official
Expected: Ø¬Ù…Û�ÙˆØ±ÛŒÛ� ÙˆØ§Ù†ÙˆØ§ØªÙˆ
     got: جمہوریہ وانواتو
 ; [cca2=VU].translations.zho.common
Expected: ç“¦åŠªé˜¿å›¾
     got: 瓦努阿图
 ; [cca2=VU].translations.zho.official
Expected: ç“¦åŠªé˜¿å›¾å…±å’Œå›½
     got: 瓦努阿图共和国
 ; [cca2=FI].currencies.EUR.symbol
Expected: â‚¬
     got: €
 ; [cca2=FI].flag
Expected: ðŸ‡«ðŸ‡®
     got: 🇫🇮
 ; [cca2=FI].translations.ara.common
Expected: Ù�Ù†Ù„Ù†Ø¯Ø§
     got: فنلندا
 ; [cca2=FI].translations.ara.official
Expected: Ø¬Ù…Ù‡ÙˆØ±ÙŠØ© Ù�Ù†Ù„Ù†Ø¯Ø§
     got: جمهورية فنلندا
 ; [cca2=FI].translations.ces.official
Expected: FinskÃ¡ republika
     got: Finská republika
 ; [cca2=FI].translations.fra.official
Expected: RÃ©publique de Finlande
     got: République de Finlande
 ; [cca2=FI].translations.hun.common
Expected: FinnorszÃ¡g
     got: Finnország
 ; [cca2=FI].translations.hun.official
Expected: Finn KÃ¶ztÃ¡rsasÃ¡g
     got: Finn Köztársaság
 ; [cca2=FI].translations.jpn.common
Expected: ãƒ•ã‚£ãƒ³ãƒ©ãƒ³ãƒ‰
     got: フィンランド
 ; [cca2=FI].translations.jpn.official
Expected: ãƒ•ã‚£ãƒ³ãƒ©ãƒ³ãƒ‰å…±å’Œå›½
     got: フィンランド共和国
 ; [cca2=FI].translations.kor.common
Expected: í•€ëž€ë“œ
     got: 핀란드
 ; [cca2=FI].translations.kor.official
Expected: í•€ëž€ë“œ ê³µí™”êµ­
     got: 핀란드 공화국
 ; [cca2=FI].translations.per.common
Expected: Ù�Ù†Ù„Ø§Ù†Ø¯
     got: فنلاند
 ; [cca2=FI].translations.per.official
Expected: Ø¬Ù…Ù‡ÙˆØ±ÛŒ Ù�Ù†Ù„Ø§Ù†Ø¯
     got: جمهوری فنلاند
 ; [cca2=FI].translations.por.common
Expected: FinlÃ¢ndia
     got: Finlândia
 ; [cca2=FI].translations.por.official
Expected: RepÃºblica da FinlÃ¢ndia
     got: República da Finlândia
 ; [cca2=FI].translations.rus.common
Expected: Ð¤Ð¸Ð½Ð»Ñ�Ð½Ð´Ð¸Ñ�
     got: Финляндия
 ; [cca2=FI].translations.rus.official
Expected: Ð¤Ð¸Ð½Ð»Ñ�Ð½Ð´Ñ�ÐºÐ°Ñ� Ð ÐµÑ�Ð¿ÑƒÐ±Ð»Ð¸ÐºÐ°
     got: Финляндская Республика
 ; [cca2=FI].translations.slk.common
Expected: FÃ­nsko
     got: Fínsko
 ; [cca2=FI].translations.slk.official
Expected: FÃ­nska republika
     got: Fínska republika
 ; [cca2=FI].translations.spa.official
Expected: RepÃºblica de Finlandia
     got: República de Finlandia
 ; [cca2=FI].translations.srp.common
Expected: Ð¤Ð¸Ð½Ñ�ÐºÐ°
     got: Финска
 ; [cca2=FI].translations.srp.official
Expected: Ð ÐµÐ¿ÑƒÐ±Ð»Ð¸ÐºÐ° Ð¤Ð¸Ð½Ñ�ÐºÐ°
     got: Република Финска
 ; [cca2=FI].translations.urd.common
Expected: Ù�Ù† Ù„ÛŒÙ†Úˆ
     got: فن لینڈ
 ; [cca2=FI].translations.urd.official
Expected: Ø¬Ù…Û�ÙˆØ±ÛŒÛ� Ù�Ù† Ù„ÛŒÙ†Úˆ
     got: جمہوریہ فن لینڈ
 ; [cca2=FI].translations.zho.common
Expected: èŠ¬å…°
     got: 芬兰
 ; [cca2=FI].translations.zho.official
Expected: èŠ¬å…°å…±å’Œå›½
     got: 芬兰共和国
 ; [cca2=FJ].altSpellings[]
Expected: FijÄ« Gaá¹‡arÄ�jya
     but none found
 ; [cca2=FJ].altSpellings[]
Unexpected: Fijī Gaṇarājya
 ; [cca2=FJ].flag
Expected: ðŸ‡«ðŸ‡¯
     got: 🇫🇯
 ; [cca2=FJ].flags.alt
Expected: The flag of Fiji has a light blue field. It features the flag of the United Kingdom â€” the Union Jack â€” in the canton and the shield of the national coat of arms centered in the fly half.
     got: The flag of Fiji has a light blue field. It features the flag of the United Kingdom — the Union Jack — in the canton and the shield of the national coat of arms centered in the fly half.
 ; [cca2=FJ].name.nativeName.hif.common
Expected: à¤«à¤¿à¤œà¥€
     got: फिजी
 ; [cca2=FJ].name.nativeName.hif.official
Expected: à¤°à¤¿à¤ªà¤¬à¥�à¤²à¤¿à¤• à¤‘à¤« à¤«à¥€à¤œà¥€
     got: रिपब्लिक ऑफ फीजी
 ; [cca2=FJ].translations.ara.common
Expected: Ù�ÙŠØ¬ÙŠ
     got: فيجي
 ; [cca2=FJ].translations.ara.official
Expected: Ø¬Ù…Ù‡ÙˆØ±ÙŠØ© Ø¬Ø²Ø± Ù�ÙŠØ¬ÙŠ
     got: جمهورية جزر فيجي
 ; [cca2=FJ].translations.ces.common
Expected: FidÅ¾i
     got: Fidži
 ; [cca2=FJ].translations.ces.official
Expected: Republika FidÅ¾ijskÃ½ch ostrovÅ¯
     got: Republika Fidžijských ostrovů
 ; [cca2=FJ].translations.est.common
Expected: FidÅ¾i
     got: Fidži
 ; [cca2=FJ].translations.est.official
Expected: FidÅ¾i Vabariik
     got: Fidži Vabariik
 ; [cca2=FJ].translations.fin.common
Expected: FidÅ¾i
     got: Fidži
 ; [cca2=FJ].translations.fin.official
Expected: FidÅ¾in tasavalta
     got: Fidžin tasavalta
 ; [cca2=FJ].translations.fra.official
Expected: RÃ©publique des Fidji
     got: République des Fidji
 ; [cca2=FJ].translations.hrv.common
Expected: FiÄ‘i
     got: Fiđi
 ; [cca2=FJ].translations.hrv.official
Expected: Republika FidÅ¾i
     got: Republika Fidži
 ; [cca2=FJ].translations.hun.official
Expected: Fidzsi-szigeteki KÃ¶ztÃ¡rsasÃ¡g
     got: Fidzsi-szigeteki Köztársaság
 ; [cca2=FJ].translations.jpn.common
Expected: ãƒ•ã‚£ã‚¸ãƒ¼
     got: フィジー
 ; [cca2=FJ].translations.jpn.official
Expected: ãƒ•ã‚£ã‚¸ãƒ¼å…±å’Œå›½
     got: フィジー共和国
 ; [cca2=FJ].translations.kor.common
Expected: í”¼ì§€
     got: 피지
 ; [cca2=FJ].translations.kor.official
Expected: í”¼ì§€ ê³µí™”êµ­
     got: 피지 공화국
 ; [cca2=FJ].translations.per.common
Expected: Ù�ÛŒØ¬ÛŒ
     got: فیجی
 ; [cca2=FJ].translations.per.official
Expected: Ø¬Ù…Ù‡ÙˆØ±ÛŒ Ø¬Ø²Ø§ÛŒØ± Ù�ÛŒØ¬ÛŒ
     got: جمهوری جزایر فیجی
 ; [cca2=FJ].translations.pol.common
Expected: FidÅ¼i
     got: Fidżi
 ; [cca2=FJ].translations.pol.official
Expected: Republika FidÅ¼i
     got: Republika Fidżi
 ; [cca2=FJ].translations.por.official
Expected: RepÃºblica de Fiji
     got: República de Fiji
 ; [cca2=FJ].translations.rus.common
Expected: Ð¤Ð¸Ð´Ð¶Ð¸
     got: Фиджи
 ; [cca2=FJ].translations.rus.official
Expected: Ð ÐµÑ�Ð¿ÑƒÐ±Ð»Ð¸ÐºÐ° Ð¤Ð¸Ð´Ð¶Ð¸
     got: Республика Фиджи
 ; [cca2=FJ].translations.slk.common
Expected: FiÇ†i
     got: Fiǆi
 ; [cca2=FJ].translations.slk.official
Expected: FiÇ†ijskÃ¡ republika
     got: Fiǆijská republika
 ; [cca2=FJ].translations.spa.official
Expected: RepÃºblica de Fiji
     got: República de Fiji
 ; [cca2=FJ].translations.srp.common
Expected: Ð¤Ð¸ÑŸÐ¸
     got: Фиџи
 ; [cca2=FJ].translations.srp.official
Expected: Ð ÐµÐ¿ÑƒÐ±Ð»Ð¸ÐºÐ° Ð¤Ð¸ÑŸÐ¸
     got: Република Фиџи
 ; [cca2=FJ].translations.urd.common
Expected: Ù�Ø¬ÛŒ
     got: فجی
 ; [cca2=FJ].translations.urd.official
Expected: Ø¬Ù…Û�ÙˆØ±ÛŒÛ� Ù�Ø¬ÛŒ
     got: جمہوریہ فجی
 ; [cca2=FJ].translations.zho.common
Expected: æ–�æµŽ
     got: 斐济
 ; [cca2=FJ].translations.zho.official
Expected: æ–�æµŽå…±å’Œå›½
     got: 斐济共和国
 ; [cca2=FK].currencies.FKP.symbol
Expected: Â£
     got: £
 ; [cca2=FK].flag
Expected: ðŸ‡«ðŸ‡°
     got: 🇫🇰
 ; [cca2=FK].translations.ara.common
Expected: Ø¬Ø²Ø± Ù�ÙˆÙƒÙ„Ø§Ù†Ø¯
     got: جزر فوكلاند
 ; [cca2=FK].translations.ara.official
Expected: Ø¬Ø²Ø± Ù�ÙˆÙƒÙ„Ø§Ù†Ø¯
     got: جزر فوكلاند
 ; [cca2=FK].translations.bre.common
Expected: Inizi MaloÃ¹
     got: Inizi Maloù
 ; [cca2=FK].translations.bre.official
Expected: Inizi MaloÃ¹
     got: Inizi Maloù
 ; [cca2=FK].translations.ces.official
Expected: FalklandskÃ© ostrovy
     got: Falklandské ostrovy
 ; [cca2=FK].translations.fra.common
Expected: ÃŽles Malouines
     got: Îles Malouines
 ; [cca2=FK].translations.fra.official
Expected: ÃŽles Malouines
     got: Îles Malouines
 ; [cca2=FK].translations.jpn.common
Expected: ãƒ•ã‚©ãƒ¼ã‚¯ãƒ©ãƒ³ãƒ‰ï¼ˆãƒžãƒ«ãƒ“ãƒŠã‚¹ï¼‰è«¸å³¶
     got: フォークランド（マルビナス）諸島
 ; [cca2=FK].translations.jpn.official
Expected: ãƒ•ã‚©ãƒ¼ã‚¯ãƒ©ãƒ³ãƒ‰
     got: フォークランド
 ; [cca2=FK].translations.kor.common
Expected: í�¬í�´ëžœë“œ ì œë�„
     got: 포클랜드 제도
 ; [cca2=FK].translations.kor.official
Expected: í�¬í�´ëžœë“œ ì œë�„
     got: 포클랜드 제도
 ; [cca2=FK].translations.per.common
Expected: Ø¬Ø²Ø§ÛŒØ± Ù�Ø§Ù„Ú©Ù„Ù†Ø¯
     got: جزایر فالکلند
 ; [cca2=FK].translations.per.official
Expected: Ø¬Ø²Ø§ÛŒØ± Ù�Ø§Ù„Ú©Ù„Ù†Ø¯
     got: جزایر فالکلند
 ; [cca2=FK].translations.rus.common
Expected: Ð¤Ð¾Ð»ÐºÐ»ÐµÐ½Ð´Ñ�ÐºÐ¸Ðµ Ð¾Ñ�Ñ‚Ñ€Ð¾Ð²Ð°
     got: Фолклендские острова
 ; [cca2=FK].translations.rus.official
Expected: Ð¤Ð¾Ð»ÐºÐ»ÐµÐ½Ð´Ñ�ÐºÐ¸Ðµ Ð¾Ñ�Ñ‚Ñ€Ð¾Ð²Ð°
     got: Фолклендские острова
 ; [cca2=FK].translations.slk.official
Expected: FalklandskÃ© ostrovy
     got: Falklandské ostrovy
 ; [cca2=FK].translations.srp.common
Expected: Ð¤Ð¾Ð»ÐºÐ»Ð°Ð½Ð´Ð¸
     got: Фолкланди
 ; [cca2=FK].translations.srp.official
Expected: Ð¤Ð¾Ð»ÐºÐ»Ð°Ð½Ð´Ñ�ÐºÐ° ÐžÑ�Ñ‚Ñ€Ð²Ð°
     got: Фолкландска Острва
 ; [cca2=FK].translations.swe.common
Expected: FalklandsÃ¶arna
     got: Falklandsöarna
 ; [cca2=FK].translations.swe.official
Expected: FalklandsÃ¶arna
     got: Falklandsöarna
 ; [cca2=FK].translations.tur.common
Expected: Falkland (Malvina) AdalarÄ±
     got: Falkland (Malvina) Adaları
 ; [cca2=FK].translations.tur.official
Expected: Falkland (Malvina) AdalarÄ±
     got: Falkland (Malvina) Adaları
 ; [cca2=FK].translations.urd.common
Expected: Ø¬Ø²Ø§Ø¦Ø± Ù�Ø§Ú©Ù„ÛŒÙ†Úˆ
     got: جزائر فاکلینڈ
 ; [cca2=FK].translations.urd.official
Expected: Ø¬Ø²Ø§Ø¦Ø± Ù�Ø§Ú©Ù„ÛŒÙ†Úˆ
     got: جزائر فاکلینڈ
 ; [cca2=FK].translations.zho.common
Expected: ç¦�å…‹å…°ç¾¤å²›
     got: 福克兰群岛
 ; [cca2=FK].translations.zho.official
Expected: ç¦�å…‹å…°ç¾¤å²›
     got: 福克兰群岛
 ; [cca2=FM].demonyms.fra.f
Expected: MicronÃ©sienne
     got: Micronésienne
 ; [cca2=FM].demonyms.fra.m
Expected: MicronÃ©sien
     got: Micronésien
 ; [cca2=FM].flag
Expected: ðŸ‡«ðŸ‡²
     got: 🇫🇲
 ; [cca2=FM].translations.ara.common
Expected: Ù…ÙŠÙƒØ±ÙˆÙ†ÙŠØ³ÙŠØ§
     got: ميكرونيسيا
 ; [cca2=FM].translations.ara.official
Expected: ÙˆÙ„Ø§ÙŠØ§Øª Ù…ÙŠÙƒØ±ÙˆÙ†ÙŠØ³ÙŠØ§ Ø§Ù„Ù…ØªØ­Ø¯Ø©
     got: ولايات ميكرونيسيا المتحدة
 ; [cca2=FM].translations.bre.official
Expected: StadoÃ¹ Kevreet Mikronezia
     got: Stadoù Kevreet Mikronezia
 ; [cca2=FM].translations.ces.common
Expected: MikronÃ©sie
     got: Mikronésie
 ; [cca2=FM].translations.ces.official
Expected: FederativnÃ­ stÃ¡ty MikronÃ©sie
     got: Federativní státy Mikronésie
 ; [cca2=FM].translations.deu.official
Expected: FÃ¶derierte Staaten von Mikronesien
     got: Föderierte Staaten von Mikronesien
 ; [cca2=FM].translations.fra.common
Expected: MicronÃ©sie
     got: Micronésie
 ; [cca2=FM].translations.fra.official
Expected: Ã‰tats fÃ©dÃ©rÃ©s de MicronÃ©sie
     got: États fédérés de Micronésie
 ; [cca2=FM].translations.hrv.official
Expected: Savezne DrÅ¾ave Mikronezije
     got: Savezne Države Mikronezije
 ; [cca2=FM].translations.hun.common
Expected: MikronÃ©ziai SzÃ¶vetsÃ©gi Ã�llamok
     got: Mikronéziai Szövetségi Államok
 ; [cca2=FM].translations.hun.official
Expected: MikronÃ©ziai SzÃ¶vetsÃ©gi Ã�llamok
     got: Mikronéziai Szövetségi Államok
 ; [cca2=FM].translations.jpn.common
Expected: ãƒŸã‚¯ãƒ­ãƒ�ã‚·ã‚¢é€£é‚¦
     got: ミクロネシア連邦
 ; [cca2=FM].translations.jpn.official
Expected: ãƒŸã‚¯ãƒ­ãƒ�ã‚·ã‚¢é€£é‚¦
     got: ミクロネシア連邦
 ; [cca2=FM].translations.kor.common
Expected: ë¯¸í�¬ë¡œë„¤ì‹œì•„
     got: 미크로네시아
 ; [cca2=FM].translations.kor.official
Expected: ë¯¸í�¬ë¡œë„¤ì‹œì•„ ì—°ë°©
     got: 미크로네시아 연방
 ; [cca2=FM].translations.nld.common
Expected: MicronesiÃ«
     got: Micronesië
 ; [cca2=FM].translations.per.common
Expected: Ù…ÛŒÚ©Ø±ÙˆÙ†Ø²ÛŒ
     got: میکرونزی
 ; [cca2=FM].translations.per.official
Expected: Ø§ÛŒØ§Ù„Ø§Øª Ù�Ø¯Ø±Ø§Ù„ Ù…ÛŒÚ©Ø±ÙˆÙ†Ø²ÛŒ
     got: ایالات فدرال میکرونزی
 ; [cca2=FM].translations.por.common
Expected: MicronÃ©sia
     got: Micronésia
 ; [cca2=FM].translations.por.official
Expected: Estados Federados da MicronÃ©sia
     got: Estados Federados da Micronésia
 ; [cca2=FM].translations.rus.common
Expected: Ð¤ÐµÐ´ÐµÑ€Ð°Ñ‚Ð¸Ð²Ð½Ñ‹Ðµ Ð¨Ñ‚Ð°Ñ‚Ñ‹ ÐœÐ¸ÐºÑ€Ð¾Ð½ÐµÐ·Ð¸Ð¸
     got: Федеративные Штаты Микронезии
 ; [cca2=FM].translations.rus.official
Expected: Ð¤ÐµÐ´ÐµÑ€Ð°Ñ‚Ð¸Ð²Ð½Ñ‹Ðµ Ð¨Ñ‚Ð°Ñ‚Ñ‹ ÐœÐ¸ÐºÑ€Ð¾Ð½ÐµÐ·Ð¸Ð¸
     got: Федеративные Штаты Микронезии
 ; [cca2=FM].translations.slk.common
Expected: MikronÃ©zia
     got: Mikronézia
 ; [cca2=FM].translations.slk.official
Expected: MikronÃ©zske federatÃ­vne Å¡tÃ¡ty
     got: Mikronézske federatívne štáty
 ; [cca2=FM].translations.srp.common
Expected: ÐœÐ¸ÐºÑ€Ð¾Ð½ÐµÐ·Ð¸Ñ˜Ð°
     got: Микронезија
 ; [cca2=FM].translations.srp.official
Expected: Ð¡Ð°Ð²ÐµÐ· Ð”Ñ€Ð¶Ð°Ð²Ð° ÐœÐ¸ÐºÑ€Ð¾Ð½ÐµÐ·Ð¸Ñ˜Ðµ
     got: Савез Држава Микронезије
 ; [cca2=FM].translations.urd.common
Expected: Ù…Ø§Ø¦Ú©Ø±ÙˆÙ†ÛŒØ´ÛŒØ§
     got: مائکرونیشیا
 ; [cca2=FM].translations.urd.official
Expected: Ø±ÛŒØ§Ø³ØªÛ�Ø§Ø¦Û’ ÙˆÙ�Ø§Ù‚ÛŒÛ� Ù…Ø§Ø¦Ú©Ø±ÙˆÙ†ÛŒØ´ÛŒØ§
     got: ریاستہائے وفاقیہ مائکرونیشیا
 ; [cca2=FM].translations.zho.common
Expected: å¯†å…‹ç½—å°¼è¥¿äºš
     got: 密克罗尼西亚
 ; [cca2=FM].translations.zho.official
Expected: å¯†å…‹ç½—å°¼è¥¿äºšè�”é‚¦
     got: 密克罗尼西亚联邦
 ; [cca2=FO].altSpellings[]
Expected: FÃ¦rÃ¸erne
     but none found
 ; [cca2=FO].altSpellings[]
Expected: FÃ¸royar
     but none found
 ; [cca2=FO].altSpellings[]
Unexpected: Færøerne
 ; [cca2=FO].altSpellings[]
Unexpected: Føroyar
 ; [cca2=FO].capital[]
Expected: TÃ³rshavn
     but none found
 ; [cca2=FO].capital[]
Unexpected: Tórshavn
 ; [cca2=FO].currencies.FOK.name
Expected: Faroese krÃ³na
     got: Faroese króna
 ; [cca2=FO].demonyms.fra.f
Expected: FÃ©roÃ¯enne
     got: Féroïenne
 ; [cca2=FO].demonyms.fra.m
Expected: FÃ©roÃ¯en
     got: Féroïen
 ; [cca2=FO].flag
Expected: ðŸ‡«ðŸ‡´
     got: 🇫🇴
 ; [cca2=FO].name.nativeName.dan.common
Expected: FÃ¦rÃ¸erne
     got: Færøerne
 ; [cca2=FO].name.nativeName.dan.official
Expected: FÃ¦rÃ¸erne
     got: Færøerne
 ; [cca2=FO].name.nativeName.fao.common
Expected: FÃ¸royar
     got: Føroyar
 ; [cca2=FO].name.nativeName.fao.official
Expected: FÃ¸royar
     got: Føroyar
 ; [cca2=FO].translations.ara.common
Expected: Ø¬Ø²Ø± Ù�Ø§Ø±Ùˆ
     got: جزر فارو
 ; [cca2=FO].translations.ara.official
Expected: Ø¬Ø²Ø± Ù�Ø§Ø±Ùˆ
     got: جزر فارو
 ; [cca2=FO].translations.ces.common
Expected: FaerskÃ© ostrovy
     got: Faerské ostrovy
 ; [cca2=FO].translations.ces.official
Expected: FaerskÃ© ostrovy
     got: Faerské ostrovy
 ; [cca2=FO].translations.deu.common
Expected: FÃ¤rÃ¶er-Inseln
     got: Färöer-Inseln
 ; [cca2=FO].translations.deu.official
Expected: FÃ¤rÃ¶er
     got: Färöer
 ; [cca2=FO].translations.est.common
Expected: FÃ¤Ã¤ri saared
     got: Fääri saared
 ; [cca2=FO].translations.est.official
Expected: FÃ¤Ã¤ri saared
     got: Fääri saared
 ; [cca2=FO].translations.fin.common
Expected: FÃ¤rsaaret
     got: Färsaaret
 ; [cca2=FO].translations.fin.official
Expected: FÃ¤rsaaret
     got: Färsaaret
 ; [cca2=FO].translations.fra.common
Expected: ÃŽles FÃ©roÃ©
     got: Îles Féroé
 ; [cca2=FO].translations.fra.official
Expected: ÃŽles FÃ©roÃ©
     got: Îles Féroé
 ; [cca2=FO].translations.hun.common
Expected: FerÃ¶er
     got: Feröer
 ; [cca2=FO].translations.hun.official
Expected: FerÃ¶er
     got: Feröer
 ; [cca2=FO].translations.jpn.common
Expected: ãƒ•ã‚§ãƒ­ãƒ¼è«¸å³¶
     got: フェロー諸島
 ; [cca2=FO].translations.jpn.official
Expected: ãƒ•ã‚§ãƒ­ãƒ¼è«¸å³¶
     got: フェロー諸島
 ; [cca2=FO].translations.kor.common
Expected: íŽ˜ë¡œ ì œë�„
     got: 페로 제도
 ; [cca2=FO].translations.kor.official
Expected: íŽ˜ë¡œ ì œë�„
     got: 페로 제도
 ; [cca2=FO].translations.nld.common
Expected: FaerÃ¶er
     got: Faeröer
 ; [cca2=FO].translations.nld.official
Expected: FaerÃ¶er
     got: Faeröer
 ; [cca2=FO].translations.per.common
Expected: Ø¬Ø²Ø§ÛŒØ± Ù�Ø§Ø±ÙˆØ¦Ù‡
     got: جزایر فاروئه
 ; [cca2=FO].translations.per.official
Expected: Ø¬Ø²Ø§ÛŒØ± Ù�Ø§Ø±ÙˆØ¦Ù‡
     got: جزایر فاروئه
 ; [cca2=FO].translations.por.common
Expected: Ilhas FaroÃ©
     got: Ilhas Faroé
 ; [cca2=FO].translations.rus.common
Expected: Ð¤Ð°Ñ€ÐµÑ€Ñ�ÐºÐ¸Ðµ Ð¾Ñ�Ñ‚Ñ€Ð¾Ð²Ð°
     got: Фарерские острова
 ; [cca2=FO].translations.rus.official
Expected: Ð¤Ð°Ñ€ÐµÑ€Ñ�ÐºÐ¸Ðµ Ð¾Ñ�Ñ‚Ñ€Ð¾Ð²Ð°
     got: Фарерские острова
 ; [cca2=FO].translations.slk.common
Expected: FaerskÃ© ostrovy
     got: Faerské ostrovy
 ; [cca2=FO].translations.slk.official
Expected: FaerskÃ© ostrovy
     got: Faerské ostrovy
 ; [cca2=FO].translations.srp.common
Expected: Ð¤Ð°Ñ€Ñ�ÐºÐ° Ð¾Ñ�Ñ‚Ñ€Ð²Ð°
     got: Фарска острва
 ; [cca2=FO].translations.srp.official
Expected: Ð¤Ð°Ñ€Ñ�ÐºÐ° Ð¾Ñ�Ñ‚Ñ€Ð²Ð°
     got: Фарска острва
 ; [cca2=FO].translations.swe.common
Expected: FÃ¤rÃ¶arna
     got: Färöarna
 ; [cca2=FO].translations.swe.official
Expected: FÃ¤rÃ¶arna
     got: Färöarna
 ; [cca2=FO].translations.tur.common
Expected: Faroe AdalarÄ±
     got: Faroe Adaları
 ; [cca2=FO].translations.tur.official
Expected: Faroe AdalarÄ±
     got: Faroe Adaları
 ; [cca2=FO].translations.urd.common
Expected: Ø¬Ø²Ø§Ø¦Ø± Ù�Ø§Ø±Ùˆ
     got: جزائر فارو
 ; [cca2=FO].translations.urd.official
Expected: Ø¬Ø²Ø§Ø¦Ø± Ù�Ø§Ø±Ùˆ
     got: جزائر فارو
 ; [cca2=FO].translations.zho.common
Expected: æ³•ç½—ç¾¤å²›
     got: 法罗群岛
 ; [cca2=FO].translations.zho.official
Expected: æ³•ç½—ç¾¤å²›
     got: 法罗群岛
 ; [cca2=FR].altSpellings[]
Expected: RÃ©publique franÃ§aise
     but none found
 ; [cca2=FR].altSpellings[]
Unexpected: République française
 ; [cca2=FR].currencies.EUR.symbol
Expected: â‚¬
     got: €
 ; [cca2=FR].demonyms.fra.f
Expected: FranÃ§aise
     got: Française
 ; [cca2=FR].demonyms.fra.m
Expected: FranÃ§ais
     got: Français
 ; [cca2=FR].flag
Expected: ðŸ‡«ðŸ‡·
     got: 🇫🇷
 ; [cca2=FR].name.nativeName.fra.official
Expected: RÃ©publique franÃ§aise
     got: République française
 ; [cca2=FR].translations.ara.common
Expected: Ù�Ø±Ù†Ø³Ø§
     got: فرنسا
 ; [cca2=FR].translations.ara.official
Expected: Ø§Ù„Ø¬Ù…Ù‡ÙˆØ±ÙŠØ© Ø§Ù„Ù�Ø±Ù†Ø³ÙŠØ©
     got: الجمهورية الفرنسية
 ; [cca2=FR].translations.bre.common
Expected: FraÃ±s
     got: Frañs
 ; [cca2=FR].translations.bre.official
Expected: Republik FraÃ±s
     got: Republik Frañs
 ; [cca2=FR].translations.ces.official
Expected: FrancouzskÃ¡ republika
     got: Francouzská republika
 ; [cca2=FR].translations.deu.official
Expected: FranzÃ¶sische Republik
     got: Französische Republik
 ; [cca2=FR].translations.fra.official
Expected: RÃ©publique franÃ§aise
     got: République française
 ; [cca2=FR].translations.hun.common
Expected: FranciaorszÃ¡g
     got: Franciaország
 ; [cca2=FR].translations.hun.official
Expected: Francia KÃ¶ztÃ¡rsasÃ¡g
     got: Francia Köztársaság
 ; [cca2=FR].translations.jpn.common
Expected: ãƒ•ãƒ©ãƒ³ã‚¹
     got: フランス
 ; [cca2=FR].translations.jpn.official
Expected: ãƒ•ãƒ©ãƒ³ã‚¹å…±å’Œå›½
     got: フランス共和国
 ; [cca2=FR].translations.kor.common
Expected: í”„ëž‘ìŠ¤
     got: 프랑스
 ; [cca2=FR].translations.kor.official
Expected: í”„ëž‘ìŠ¤ ê³µí™”êµ­
     got: 프랑스 공화국
 ; [cca2=FR].translations.per.common
Expected: Ù�Ø±Ø§Ù†Ø³Ù‡
     got: فرانسه
 ; [cca2=FR].translations.per.official
Expected: Ø¬Ù…Ù‡ÙˆØ±ÛŒ Ù�Ø±Ø§Ù†Ø³Ù‡
     got: جمهوری فرانسه
 ; [cca2=FR].translations.por.common
Expected: FranÃ§a
     got: França
 ; [cca2=FR].translations.por.official
Expected: RepÃºblica Francesa
     got: República Francesa
 ; [cca2=FR].translations.rus.common
Expected: Ð¤Ñ€Ð°Ð½Ñ†Ð¸Ñ�
     got: Франция
 ; [cca2=FR].translations.rus.official
Expected: Ð¤Ñ€Ð°Ð½Ñ†ÑƒÐ·Ñ�ÐºÐ°Ñ� Ð ÐµÑ�Ð¿ÑƒÐ±Ð»Ð¸ÐºÐ°
     got: Французская Республика
 ; [cca2=FR].translations.slk.common
Expected: FrancÃºzsko
     got: Francúzsko
 ; [cca2=FR].translations.slk.official
Expected: FrancÃºzska republika
     got: Francúzska republika
 ; [cca2=FR].translations.spa.official
Expected: RepÃºblica francÃ©s
     got: República francés
 ; [cca2=FR].translations.srp.common
Expected: Ð¤Ñ€Ð°Ð½Ñ†ÑƒÑ�ÐºÐ°
     got: Француска
 ; [cca2=FR].translations.srp.official
Expected: Ð¤Ñ€Ð°Ð½Ñ†ÑƒÑ�ÐºÐ° Ð ÐµÐ¿ÑƒÐ±Ð»Ð¸ÐºÐ°
     got: Француска Република
 ; [cca2=FR].translations.urd.common
Expected: Ù�Ø±Ø§Ù†Ø³
     got: فرانس
 ; [cca2=FR].translations.urd.official
Expected: Ø¬Ù…Û�ÙˆØ±ÛŒÛ� Ù�Ø±Ø§Ù†Ø³
     got: جمہوریہ فرانس
 ; [cca2=FR].translations.zho.common
Expected: æ³•å›½
     got: 法国
 ; [cca2=FR].translations.zho.official
Expected: æ³•å…°è¥¿å…±å’Œå›½
     got: 法兰西共和国
 ; [cca2=WF].altSpellings[]
Expected: Territoire des Ã®les Wallis et Futuna
     but none found
 ; [cca2=WF].altSpellings[]
Unexpected: Territoire des îles Wallis et Futuna
 ; [cca2=WF].currencies.XPF.symbol
Expected: â‚£
     got: ₣
 ; [cca2=WF].flag
Expected: ðŸ‡¼ðŸ‡«
     got: 🇼🇫
 ; [cca2=WF].name.nativeName.fra.official
Expected: Territoire des Ã®les Wallis et Futuna
     got: Territoire des îles Wallis et Futuna
 ; [cca2=WF].translations.ara.common
Expected: ÙˆØ§Ù„ÙŠØ³ ÙˆÙ�ÙˆØªÙˆÙ†Ø§
     got: واليس وفوتونا
 ; [cca2=WF].translations.ara.official
Expected: Ø¥Ù‚Ù„ÙŠÙ… Ø¬Ø²Ø± ÙˆØ§Ù„ÙŠØ³ ÙˆÙ�ÙˆØªÙˆÙ†Ø§
     got: إقليم جزر واليس وفوتونا
 ; [cca2=WF].translations.ces.official
Expected: Teritorium ostrovÅ¯ Wallis a Futuna
     got: Teritorium ostrovů Wallis a Futuna
 ; [cca2=WF].translations.fin.official
Expected: Wallisin ja Futunan yhteisÃ¶
     got: Wallisin ja Futunan yhteisö
 ; [cca2=WF].translations.fra.official
Expected: Territoire des Ã®les Wallis et Futuna
     got: Territoire des îles Wallis et Futuna
 ; [cca2=WF].translations.hun.common
Expected: Wallis Ã©s Futuna
     got: Wallis és Futuna
 ; [cca2=WF].translations.hun.official
Expected: Wallis Ã©s Futuna
     got: Wallis és Futuna
 ; [cca2=WF].translations.jpn.common
Expected: ã‚¦ã‚©ãƒªã‚¹ãƒ»ãƒ•ãƒ„ãƒŠ
     got: ウォリス・フツナ
 ; [cca2=WF].translations.jpn.official
Expected: ã‚¦ã‚©ãƒªã‚¹Â·ãƒ•ãƒ„ãƒŠè«¸å³¶ã�®é ˜åœŸ
     got: ウォリス·フツナ諸島の領土
 ; [cca2=WF].translations.kor.common
Expected: ì™ˆë¦¬ìŠ¤ í“ŒíŠ€ë‚˜
     got: 왈리스 퓌튀나
 ; [cca2=WF].translations.kor.official
Expected: ì™ˆë¦¬ìŠ¤ í“ŒíŠ€ë‚˜
     got: 왈리스 퓌튀나
 ; [cca2=WF].translations.per.common
Expected: ÙˆØ§Ù„ÛŒØ³ Ùˆ Ù�ÙˆØªÙˆÙ†Ø§
     got: والیس و فوتونا
 ; [cca2=WF].translations.per.official
Expected: Ø¬Ø²Ø§ÛŒØ± ÙˆØ§Ù„ÛŒØ³ Ùˆ Ù�ÙˆØªÙˆÙ†Ø§
     got: جزایر والیس و فوتونا
 ; [cca2=WF].translations.por.official
Expected: TerritÃ³rio das Ilhas Wallis e Futuna
     got: Território das Ilhas Wallis e Futuna
 ; [cca2=WF].translations.rus.common
Expected: Ð£Ð¾Ð»Ð»Ð¸Ñ� Ð¸ Ð¤ÑƒÑ‚ÑƒÐ½Ð°
     got: Уоллис и Футуна
 ; [cca2=WF].translations.rus.official
Expected: Ð¢ÐµÑ€Ñ€Ð¸Ñ‚Ð¾Ñ€Ð¸Ñ� Ð£Ð¾Ð»Ð»Ð¸Ñ� Ð¸ Ð¤ÑƒÑ‚ÑƒÐ½Ð° Ð¾Ñ�Ñ‚Ñ€Ð¾Ð²Ð°
     got: Территория Уоллис и Футуна острова
 ; [cca2=WF].translations.slk.official
Expected: TeritÃ³rium ostrovov Wallis a Futuna
     got: Teritórium ostrovov Wallis a Futuna
 ; [cca2=WF].translations.srp.common
Expected: Ð’Ð°Ð»Ð¸Ñ� Ð¸ Ð¤ÑƒÑ‚ÑƒÐ½Ð°
     got: Валис и Футуна
 ; [cca2=WF].translations.srp.official
Expected: Ð¢ÐµÑ€Ð¸Ñ‚Ð¾Ñ€Ð¸Ñ˜Ð° Ð´Ñ€Ð¶Ð°Ð²Ðµ Ð’Ð°Ð»Ð¸Ñ� Ð¸ Ð¤ÑƒÑ‚ÑƒÐ½Ð°
     got: Територија државе Валис и Футуна
 ; [cca2=WF].translations.swe.common
Expected: Wallis- och FutunaÃ¶arna
     got: Wallis- och Futunaöarna
 ; [cca2=WF].translations.swe.official
Expected: Territoriet Wallis- och FutunaÃ¶arna
     got: Territoriet Wallis- och Futunaöarna
 ; [cca2=WF].translations.tur.common
Expected: Wallis ve Futuna AdalarÄ± BÃ¶lgesi
     got: Wallis ve Futuna Adaları Bölgesi
 ; [cca2=WF].translations.tur.official
Expected: Wallis ve Futuna AdalarÄ± BÃ¶lgesi
     got: Wallis ve Futuna Adaları Bölgesi
 ; [cca2=WF].translations.urd.common
Expected: ÙˆØ§Ù„Ø³ Ùˆ Ù�ØªÙˆÙ†Û�
     got: والس و فتونہ
 ; [cca2=WF].translations.urd.official
Expected: Ø³Ø± Ø²Ù…ÛŒÙ†Ù� ÙˆØ§Ù„Ø³ Ùˆ Ù�ØªÙˆÙ†Û� Ø¬Ø²Ø§Ø¦Ø±
     got: سر زمینِ والس و فتونہ جزائر
 ; [cca2=WF].translations.zho.common
Expected: ç“¦åˆ©æ–¯å’Œå¯Œå›¾çº³ç¾¤å²›
     got: 瓦利斯和富图纳群岛
 ; [cca2=WF].translations.zho.official
Expected: ç“¦åˆ©æ–¯å’Œå¯Œå›¾çº³ç¾¤å²›
     got: 瓦利斯和富图纳群岛
 ; [cca2=GA].altSpellings[]
Expected: RÃ©publique Gabonaise
     but none found
 ; [cca2=GA].altSpellings[]
Unexpected: République Gabonaise
 ; [cca2=GA].flag
Expected: ðŸ‡¬ðŸ‡¦
     got: 🇬🇦
 ; [cca2=GA].name.nativeName.fra.official
Expected: RÃ©publique gabonaise
     got: République gabonaise
 ; [cca2=GA].translations.ara.common
Expected: Ø§Ù„ØºØ§Ø¨ÙˆÙ†
     got: الغابون
 ; [cca2=GA].translations.ara.official
Expected: Ø¬Ù…Ù‡ÙˆØ±ÙŠØ© Ø§Ù„ØºØ§Ø¨ÙˆÙ†
     got: جمهورية الغابون
 ; [cca2=GA].translations.ces.official
Expected: GabonskÃ¡ republika
     got: Gabonská republika
 ; [cca2=GA].translations.fra.official
Expected: RÃ©publique gabonaise
     got: République gabonaise
 ; [cca2=GA].translations.hun.official
Expected: Gaboni KÃ¶ztÃ¡rsasÃ¡g
     got: Gaboni Köztársaság
 ; [cca2=GA].translations.jpn.common
Expected: ã‚¬ãƒœãƒ³
     got: ガボン
 ; [cca2=GA].translations.jpn.official
Expected: ã‚¬ãƒœãƒ³å…±å’Œå›½
     got: ガボン共和国
 ; [cca2=GA].translations.kor.common
Expected: ê°€ë´‰
     got: 가봉
 ; [cca2=GA].translations.kor.official
Expected: ê°€ë´‰ ê³µí™”êµ­
     got: 가봉 공화국
 ; [cca2=GA].translations.per.common
Expected: Ú¯Ø§Ø¨Ù†
     got: گابن
 ; [cca2=GA].translations.per.official
Expected: Ø¬Ù…Ù‡ÙˆØ±ÛŒ Ú¯Ø§Ø¨Ù�Ù†
     got: جمهوری گابُن
 ; [cca2=GA].translations.pol.official
Expected: Republika GaboÅ„ska
     got: Republika Gabońska
 ; [cca2=GA].translations.por.common
Expected: GabÃ£o
     got: Gabão
 ; [cca2=GA].translations.por.official
Expected: RepÃºblica do GabÃ£o
     got: República do Gabão
 ; [cca2=GA].translations.rus.common
Expected: Ð“Ð°Ð±Ð¾Ð½
     got: Габон
 ; [cca2=GA].translations.rus.official
Expected: Ð“Ð°Ð±Ð¾Ð½Ð° Ð ÐµÑ�Ð¿ÑƒÐ±Ð»Ð¸ÐºÐ°
     got: Габона Республика
 ; [cca2=GA].translations.slk.official
Expected: GabonskÃ¡ republika
     got: Gabonská republika
 ; [cca2=GA].translations.spa.common
Expected: GabÃ³n
     got: Gabón
 ; [cca2=GA].translations.spa.official
Expected: RepÃºblica de GabÃ³n
     got: República de Gabón
 ; [cca2=GA].translations.srp.common
Expected: Ð“Ð°Ð±Ð¾Ð½
     got: Габон
 ; [cca2=GA].translations.srp.official
Expected: Ð“Ð°Ð±Ð¾Ð½Ñ�ÐºÐ° Ð ÐµÐ¿ÑƒÐ±Ð»Ð¸ÐºÐ°
     got: Габонска Република
 ; [cca2=GA].translations.urd.common
Expected: Ú¯ÛŒØ¨ÙˆÙ†
     got: گیبون
 ; [cca2=GA].translations.urd.official
Expected: Ø¬Ù…Û�ÙˆØ±ÛŒÛ� Ú¯ÛŒØ¨ÙˆÙ†
     got: جمہوریہ گیبون
 ; [cca2=GA].translations.zho.common
Expected: åŠ è“¬
     got: 加蓬
 ; [cca2=GA].translations.zho.official
Expected: åŠ è“¬å…±å’Œå›½
     got: 加蓬共和国
 ; [cca2=GB].currencies.GBP.symbol
Expected: Â£
     got: £
 ; [cca2=GB].flag
Expected: ðŸ‡¬ðŸ‡§
     got: 🇬🇧
 ; [cca2=GB].flags.alt
Expected: The flag of the United Kingdom â€” the Union Jack â€” has a blue field. It features the white-edged red cross of Saint George superimposed on the diagonal red cross of Saint Patrick which is superimposed on the diagonal white cross of Saint Andrew.
     got: The flag of the United Kingdom — the Union Jack — has a blue field. It features the white-edged red cross of Saint George superimposed on the diagonal red cross of Saint Patrick which is superimposed on the diagonal white cross of Saint Andrew.
 ; [cca2=GB].translations.ara.common
Expected: Ø§Ù„Ù…Ù…Ù„ÙƒØ© Ø§Ù„Ù…ØªØ­Ø¯Ø©
     got: المملكة المتحدة
 ; [cca2=GB].translations.ara.official
Expected: Ø§Ù„Ù…Ù…Ù„ÙƒØ© Ø§Ù„Ù…ØªØ­Ø¯Ø© Ù„Ø¨Ø±ÙŠØ·Ø§Ù†ÙŠØ§ Ø§Ù„Ø¹Ø¸Ù…Ù‰ ÙˆØ§ÙŠØ±Ù„Ù†Ø¯Ø§ Ø§Ù„Ø´Ù…Ø§Ù„ÙŠØ©
     got: المملكة المتحدة لبريطانيا العظمى وايرلندا الشمالية
 ; [cca2=GB].translations.ces.common
Expected: SpojenÃ© krÃ¡lovstvÃ­
     got: Spojené království
 ; [cca2=GB].translations.ces.official
Expected: SpojenÃ© krÃ¡lovstvÃ­ VelkÃ© BritÃ¡nie a SevernÃ­ho Irska
     got: Spojené království Velké Británie a Severního Irska
 ; [cca2=GB].translations.deu.common
Expected: Vereinigtes KÃ¶nigreich
     got: Vereinigtes Königreich
 ; [cca2=GB].translations.deu.official
Expected: Vereinigtes KÃ¶nigreich GroÃŸbritannien und Nordirland
     got: Vereinigtes Königreich Großbritannien und Nordirland
 ; [cca2=GB].translations.est.official
Expected: Suurbritannia ja PÃµhja-Iiri Ãœhendkuningriik
     got: Suurbritannia ja Põhja-Iiri Ühendkuningriik
 ; [cca2=GB].translations.hun.common
Expected: EgyesÃ¼lt KirÃ¡lysÃ¡g
     got: Egyesült Királyság
 ; [cca2=GB].translations.hun.official
Expected: Nagy-Britannia Ã©s Ã‰szak-Ã�rorszÃ¡g EgyesÃ¼lt KirÃ¡lysÃ¡ga
     got: Nagy-Britannia és Észak-Írország Egyesült Királysága
 ; [cca2=GB].translations.jpn.common
Expected: ã‚¤ã‚®ãƒªã‚¹
     got: イギリス
 ; [cca2=GB].translations.jpn.official
Expected: ã‚°ãƒ¬ãƒ¼ãƒˆÂ·ãƒ–ãƒªãƒ†ãƒ³ã�Šã‚ˆã�³åŒ—ã‚¢ã‚¤ãƒ«ãƒ©ãƒ³ãƒ‰é€£å�ˆçŽ‹å›½
     got: グレート·ブリテンおよび北アイルランド連合王国
 ; [cca2=GB].translations.kor.common
Expected: ì˜�êµ­
     got: 영국
 ; [cca2=GB].translations.kor.official
Expected: ê·¸ë ˆì�´íŠ¸ë¸Œë¦¬íŠ¼ ë¶�ì•„ì�¼ëžœë“œ ì—°í•© ì™•êµ­
     got: 그레이트브리튼 북아일랜드 연합 왕국
 ; [cca2=GB].translations.nld.official
Expected: Verenigd Koninkrijk van Groot-BrittanniÃ« en Noord-Ierland
     got: Verenigd Koninkrijk van Groot-Brittannië en Noord-Ierland
 ; [cca2=GB].translations.per.common
Expected: Ø§Ù†Ú¯Ù„ÛŒØ³
     got: انگلیس
 ; [cca2=GB].translations.per.official
Expected: Ù¾Ø§Ø¯Ø´Ø§Ù‡ÛŒ Ù…ØªØ­Ø¯ Ø¨Ø±ÛŒØªØ§Ù†ÛŒØ§ÛŒ Ú©Ø¨ÛŒØ± Ùˆ Ø§ÛŒØ±Ù„Ù†Ø¯ Ø´Ù…Ø§Ù„ÛŒ
     got: پادشاهی متحد بریتانیای کبیر و ایرلند شمالی
 ; [cca2=GB].translations.pol.common
Expected: Zjednoczone KrÃ³lestwo
     got: Zjednoczone Królestwo
 ; [cca2=GB].translations.pol.official
Expected: Zjednoczone KrÃ³lestwo Wielkiej Brytanii i Irlandii PÃ³Å‚nocnej
     got: Zjednoczone Królestwo Wielkiej Brytanii i Irlandii Północnej
 ; [cca2=GB].translations.por.official
Expected: Reino Unido da GrÃ£-Bretanha e Irlanda do Norte
     got: Reino Unido da Grã-Bretanha e Irlanda do Norte
 ; [cca2=GB].translations.rus.common
Expected: Ð’ÐµÐ»Ð¸ÐºÐ¾Ð±Ñ€Ð¸Ñ‚Ð°Ð½Ð¸Ñ�
     got: Великобритания
 ; [cca2=GB].translations.rus.official
Expected: Ð¡Ð¾ÐµÐ´Ð¸Ð½ÐµÐ½Ð½Ð¾Ðµ ÐšÐ¾Ñ€Ð¾Ð»ÐµÐ²Ñ�Ñ‚Ð²Ð¾ Ð’ÐµÐ»Ð¸ÐºÐ¾Ð±Ñ€Ð¸Ñ‚Ð°Ð½Ð¸Ð¸ Ð¸ Ð¡ÐµÐ²ÐµÑ€Ð½Ð¾Ð¹ Ð˜Ñ€Ð»Ð°Ð½Ð´Ð¸Ð¸
     got: Соединенное Королевство Великобритании и Северной Ирландии
 ; [cca2=GB].translations.slk.common
Expected: VeÄ¾kÃ¡ BritÃ¡nia (SpojenÃ© krÃ¡Ä¾ovstvo)
     got: Veľká Británia (Spojené kráľovstvo)
 ; [cca2=GB].translations.slk.official
Expected: SpojenÃ© krÃ¡Ä¾ovstvo VeÄ¾kej BritÃ¡nie a SevernÃ©hoÃŒrska
     got: Spojené kráľovstvo Veľkej Británie a SevernéhoÌrska
 ; [cca2=GB].translations.spa.official
Expected: Reino Unido de Gran BretaÃ±a e Irlanda del Norte
     got: Reino Unido de Gran Bretaña e Irlanda del Norte
 ; [cca2=GB].translations.srp.common
Expected: Ð£Ñ˜ÐµÐ´Ð¸ÑšÐµÐ½Ð¾ ÐšÑ€Ð°Ñ™ÐµÐ²Ñ�Ñ‚Ð²Ð¾
     got: Уједињено Краљевство
 ; [cca2=GB].translations.srp.official
Expected: Ð£Ñ˜ÐµÐ´Ð¸ÑšÐµÐ½Ð¾ ÐšÑ€Ð°Ñ™ÐµÐ²Ñ�Ñ‚Ð²Ð¾ Ð’ÐµÐ»Ð¸ÐºÐµ Ð‘Ñ€Ð¸Ñ‚Ð°Ð½Ð¸Ñ˜Ðµ Ð¸ Ð¡ÐµÐ²ÐµÑ€Ð½Ðµ Ð˜Ñ€Ñ�ÐºÐµ
     got: Уједињено Краљевство Велике Британије и Северне Ирске
 ; [cca2=GB].translations.swe.official
Expected: FÃ¶renade konungariket Storbritannien och Nordirland
     got: Förenade konungariket Storbritannien och Nordirland
 ; [cca2=GB].translations.tur.common
Expected: BirleÅŸik KrallÄ±k
     got: Birleşik Krallık
 ; [cca2=GB].translations.tur.official
Expected: BÃ¼yÃ¼k Britanya ve Kuzey Ä°rlanda BirleÅŸik KrallÄ±ÄŸÄ±
     got: Büyük Britanya ve Kuzey İrlanda Birleşik Krallığı
 ; [cca2=GB].translations.urd.common
Expected: Ù…Ù…Ù„Ú©ØªÙ� Ù…ØªØ­Ø¯Û�
     got: مملکتِ متحدہ
 ; [cca2=GB].translations.urd.official
Expected: Ù…Ù…Ù„Ú©ØªÙ� Ù…ØªØ­Ø¯Û� Ø¨Ø±Ø·Ø§Ù†ÛŒÛ� Ø¹Ø¸Ù…ÛŒ Ùˆ Ø´Ù…Ø§Ù„ÛŒ Ø¢Ø¦Ø±Ù„ÛŒÙ†Úˆ
     got: مملکتِ متحدہ برطانیہ عظمی و شمالی آئرلینڈ
 ; [cca2=GB].translations.zho.common
Expected: è‹±å›½
     got: 英国
 ; [cca2=GB].translations.zho.official
Expected: å¤§ä¸�åˆ—é¢ å�ŠåŒ—çˆ±å°”å…°è�”å�ˆçŽ‹å›½
     got: 大不列颠及北爱尔兰联合王国
 ; [cca2=WS].altSpellings[]
Expected: Malo SaÊ»oloto TutoÊ»atasi o SÄ�moa
     but none found
 ; [cca2=WS].altSpellings[]
Unexpected: Malo Saʻoloto Tutoʻatasi o Sāmoa
 ; [cca2=WS].currencies.WST.name
Expected: Samoan tÄ�lÄ�
     got: Samoan tālā
 ; [cca2=WS].flag
Expected: ðŸ‡¼ðŸ‡¸
     got: 🇼🇸
 ; [cca2=WS].name.nativeName.smo.common
Expected: SÄ�moa
     got: Sāmoa
 ; [cca2=WS].name.nativeName.smo.official
Expected: Malo SaÊ»oloto TutoÊ»atasi o SÄ�moa
     got: Malo Saʻoloto Tutoʻatasi o Sāmoa
 ; [cca2=WS].translations.ara.common
Expected: Ø³Ø§Ù…ÙˆØ§
     got: ساموا
 ; [cca2=WS].translations.ara.official
Expected: Ø¯ÙˆÙ„Ø© Ø³Ø§Ù…ÙˆØ§ Ø§Ù„Ù…Ø³ØªÙ‚Ù„Ø©
     got: دولة ساموا المستقلة
 ; [cca2=WS].translations.ces.official
Expected: NezÃ¡vislÃ½ stÃ¡t Samoa
     got: Nezávislý stát Samoa
 ; [cca2=WS].translations.deu.official
Expected: UnabhÃ¤ngige Staat Samoa
     got: Unabhängige Staat Samoa
 ; [cca2=WS].translations.fin.official
Expected: Samoan itsenÃ¤inen valtio
     got: Samoan itsenäinen valtio
 ; [cca2=WS].translations.hrv.official
Expected: Nezavisna DrÅ¾ava Samoa
     got: Nezavisna Država Samoa
 ; [cca2=WS].translations.hun.official
Expected: Szamoai FÃ¼ggetlen Ã�llam
     got: Szamoai Független Állam
 ; [cca2=WS].translations.jpn.common
Expected: ã‚µãƒ¢ã‚¢
     got: サモア
 ; [cca2=WS].translations.jpn.official
Expected: ã‚µãƒ¢ã‚¢ç‹¬ç«‹å›½
     got: サモア独立国
 ; [cca2=WS].translations.kor.common
Expected: ì‚¬ëª¨ì•„
     got: 사모아
 ; [cca2=WS].translations.kor.official
Expected: ì‚¬ëª¨ì•„ ë�…ë¦½êµ­
     got: 사모아 독립국
 ; [cca2=WS].translations.per.common
Expected: Ø³Ø§Ù…ÙˆØ¢
     got: ساموآ
 ; [cca2=WS].translations.per.official
Expected: Ø§ÛŒØ§Ù„Øª Ù…Ø³ØªÙ‚Ù„ Ø³Ø§Ù…ÙˆØ¢
     got: ایالت مستقل ساموآ
 ; [cca2=WS].translations.pol.official
Expected: NiezaleÅ¼ne PaÅ„stwo Samoa
     got: Niezależne Państwo Samoa
 ; [cca2=WS].translations.rus.common
Expected: Ð¡Ð°Ð¼Ð¾Ð°
     got: Самоа
 ; [cca2=WS].translations.rus.official
Expected: Ð�ÐµÐ·Ð°Ð²Ð¸Ñ�Ð¸Ð¼Ð¾Ðµ Ð“Ð¾Ñ�ÑƒÐ´Ð°Ñ€Ñ�Ñ‚Ð²Ð¾ Ð¡Ð°Ð¼Ð¾Ð°
     got: Независимое Государство Самоа
 ; [cca2=WS].translations.slk.official
Expected: NezÃ¡vislÃ½ Å¡tÃ¡tSamoa
     got: Nezávislý štátSamoa
 ; [cca2=WS].translations.srp.common
Expected: Ð¡Ð°Ð¼Ð¾Ð°
     got: Самоа
 ; [cca2=WS].translations.srp.official
Expected: Ð�ÐµÐ·Ð°Ð²Ð¸Ñ�Ð½Ð° Ð”Ñ€Ð¶Ð°Ð²Ð° Ð¡Ð°Ð¼Ð¾Ð°
     got: Независна Држава Самоа
 ; [cca2=WS].translations.swe.official
Expected: SjÃ¤lvstÃ¤ndiga staten Samoa
     got: Självständiga staten Samoa
 ; [cca2=WS].translations.tur.common
Expected: BaÄŸÄ±msÄ±z Samoa Devleti
     got: Bağımsız Samoa Devleti
 ; [cca2=WS].translations.tur.official
Expected: BaÄŸÄ±msÄ±z Samoa Devleti
     got: Bağımsız Samoa Devleti
 ; [cca2=WS].translations.urd.common
Expected: Ø³Ø§Ù…ÙˆÙˆØ§
     got: سامووا
 ; [cca2=WS].translations.urd.official
Expected: Ø¢Ø²Ø§Ø¯ Ø³Ù„Ø·Ù†ØªÙ� Ø³Ø§Ù…ÙˆØ§
     got: آزاد سلطنتِ ساموا
 ; [cca2=WS].translations.zho.common
Expected: è�¨æ‘©äºš
     got: 萨摩亚
 ; [cca2=WS].translations.zho.official
Expected: è�¨æ‘©äºšç‹¬ç«‹å›½
     got: 萨摩亚独立国
 ; [cca2=GD].flag
Expected: ðŸ‡¬ðŸ‡©
     got: 🇬🇩
 ; [cca2=GD].translations.ara.common
Expected: ØºØ±ÙŠÙ†Ø§Ø¯Ø§
     got: غرينادا
 ; [cca2=GD].translations.ara.official
Expected: ØºØ±ÙŠÙ†Ø§Ø¯Ø§
     got: غرينادا
 ; [cca2=GD].translations.jpn.common
Expected: ã‚°ãƒ¬ãƒŠãƒ€
     got: グレナダ
 ; [cca2=GD].translations.jpn.official
Expected: ã‚°ãƒ¬ãƒŠãƒ€
     got: グレナダ
 ; [cca2=GD].translations.kor.common
Expected: ê·¸ë ˆë‚˜ë‹¤
     got: 그레나다
 ; [cca2=GD].translations.kor.official
Expected: ê·¸ë ˆë‚˜ë‹¤
     got: 그레나다
 ; [cca2=GD].translations.per.common
Expected: Ú¯Ø±Ù†Ø§Ø¯Ø§
     got: گرنادا
 ; [cca2=GD].translations.per.official
Expected: Ú¯Ø±Ù†Ø§Ø¯Ø§
     got: گرنادا
 ; [cca2=GD].translations.rus.common
Expected: Ð“Ñ€ÐµÐ½Ð°Ð´Ð°
     got: Гренада
 ; [cca2=GD].translations.rus.official
Expected: Ð“Ñ€ÐµÐ½Ð°Ð´Ð°
     got: Гренада
 ; [cca2=GD].translations.srp.common
Expected: Ð“Ñ€ÐµÐ½Ð°Ð´Ð°
     got: Гренада
 ; [cca2=GD].translations.srp.official
Expected: Ð“Ñ€ÐµÐ½Ð°Ð´Ð°
     got: Гренада
 ; [cca2=GD].translations.urd.common
Expected: Ú¯Ø±ÛŒÙ†Ø§ÚˆØ§
     got: گریناڈا
 ; [cca2=GD].translations.urd.official
Expected: Ú¯Ø±ÛŒÙ†Ø§ÚˆØ§
     got: گریناڈا
 ; [cca2=GD].translations.zho.common
Expected: æ ¼æž—çº³è¾¾
     got: 格林纳达
 ; [cca2=GD].translations.zho.official
Expected: æ ¼æž—çº³è¾¾
     got: 格林纳达
 ; [cca2=GE].currencies.GEL.symbol
Expected: â‚¾
     got: ₾
 ; [cca2=GE].demonyms.fra.f
Expected: GÃ©orgienne
     got: Géorgienne
 ; [cca2=GE].demonyms.fra.m
Expected: GÃ©orgien
     got: Géorgien
 ; [cca2=GE].flag
Expected: ðŸ‡¬ðŸ‡ª
     got: 🇬🇪
 ; [cca2=GE].name.nativeName.kat.common
Expected: áƒ¡áƒ�áƒ¥áƒ�áƒ áƒ—áƒ•áƒ”áƒšáƒ�
     got: საქართველო
 ; [cca2=GE].name.nativeName.kat.official
Expected: áƒ¡áƒ�áƒ¥áƒ�áƒ áƒ—áƒ•áƒ”áƒšáƒ�
     got: საქართველო
 ; [cca2=GE].translations.ara.common
Expected: Ø¬ÙˆØ±Ø¬ÙŠØ§
     got: جورجيا
 ; [cca2=GE].translations.ara.official
Expected: Ø¬ÙˆØ±Ø¬ÙŠØ§
     got: جورجيا
 ; [cca2=GE].translations.fra.common
Expected: GÃ©orgie
     got: Géorgie
 ; [cca2=GE].translations.fra.official
Expected: RÃ©publique de GÃ©orgie
     got: République de Géorgie
 ; [cca2=GE].translations.hun.common
Expected: GrÃºzia
     got: Grúzia
 ; [cca2=GE].translations.hun.official
Expected: GrÃºzia
     got: Grúzia
 ; [cca2=GE].translations.jpn.common
Expected: ã‚°ãƒ«ã‚¸ã‚¢
     got: グルジア
 ; [cca2=GE].translations.jpn.official
Expected: ã‚°ãƒ«ã‚¸ã‚¢
     got: グルジア
 ; [cca2=GE].translations.kor.common
Expected: ì¡°ì§€ì•„
     got: 조지아
 ; [cca2=GE].translations.kor.official
Expected: ì¡°ì§€ì•„
     got: 조지아
 ; [cca2=GE].translations.nld.common
Expected: GeorgiÃ«
     got: Georgië
 ; [cca2=GE].translations.per.common
Expected: Ú¯Ø±Ø¬Ø³ØªØ§Ù†
     got: گرجستان
 ; [cca2=GE].translations.per.official
Expected: Ú¯Ø±Ø¬Ø³ØªØ§Ù†
     got: گرجستان
 ; [cca2=GE].translations.por.common
Expected: GeÃ³rgia
     got: Geórgia
 ; [cca2=GE].translations.rus.common
Expected: Ð“Ñ€ÑƒÐ·Ð¸Ñ�
     got: Грузия
 ; [cca2=GE].translations.rus.official
Expected: Ð“Ñ€ÑƒÐ·Ð¸Ñ�
     got: Грузия
 ; [cca2=GE].translations.slk.common
Expected: GruzÃ­nsko
     got: Gruzínsko
 ; [cca2=GE].translations.slk.official
Expected: GruzÃ­nsko
     got: Gruzínsko
 ; [cca2=GE].translations.srp.common
Expected: Ð“Ñ€ÑƒÐ·Ð¸Ñ˜Ð°
     got: Грузија
 ; [cca2=GE].translations.srp.official
Expected: Ð“Ñ€ÑƒÐ·Ð¸Ñ˜Ð°
     got: Грузија
 ; [cca2=GE].translations.tur.common
Expected: GÃ¼rcistan
     got: Gürcistan
 ; [cca2=GE].translations.tur.official
Expected: GÃ¼rcistan
     got: Gürcistan
 ; [cca2=GE].translations.urd.common
Expected: Ø¬Ø§Ø±Ø¬ÛŒØ§
     got: جارجیا
 ; [cca2=GE].translations.urd.official
Expected: Ø¬Ø§Ø±Ø¬ÛŒØ§
     got: جارجیا
 ; [cca2=GE].translations.zho.common
Expected: æ ¼é²�å�‰äºš
     got: 格鲁吉亚
 ; [cca2=GE].translations.zho.official
Expected: æ ¼é²�å�‰äºš
     got: 格鲁吉亚
 ; [cca2=GF].currencies.EUR.symbol
Expected: â‚¬
     got: €
 ; [cca2=GF].flag
Expected: ðŸ‡¬ðŸ‡«
     got: 🇬🇫
 ; [cca2=GF].name.nativeName.fra.common
Expected: Guyane franÃ§aise
     got: Guyane française
 ; [cca2=GF].translations.ara.common
Expected: ØºÙˆÙŠØ§Ù†Ø§
     got: غويانا
 ; [cca2=GF].translations.ara.official
Expected: ØºÙˆÙŠØ§Ù†Ø§ Ø§Ù„Ù�Ø±Ù†Ø³ÙŠØ©
     got: غويانا الفرنسية
 ; [cca2=GF].translations.ces.common
Expected: FrancouzskÃ¡ Guyana
     got: Francouzská Guyana
 ; [cca2=GF].translations.ces.official
Expected: FrancouzskÃ¡ Guyana
     got: Francouzská Guyana
 ; [cca2=GF].translations.deu.common
Expected: FranzÃ¶sisch-Guayana
     got: Französisch-Guayana
 ; [cca2=GF].translations.deu.official
Expected: FranzÃ¶sisch-Guayana
     got: Französisch-Guayana
 ; [cca2=GF].translations.jpn.common
Expected: ãƒ•ãƒ©ãƒ³ã‚¹é ˜ã‚®ã‚¢ãƒŠ
     got: フランス領ギアナ
 ; [cca2=GF].translations.jpn.official
Expected: ã‚®ã‚¢ãƒŠ
     got: ギアナ
 ; [cca2=GF].translations.kor.common
Expected: í”„ëž‘ìŠ¤ë ¹ ê¸°ì•„ë‚˜
     got: 프랑스령 기아나
 ; [cca2=GF].translations.kor.official
Expected: í”„ëž‘ìŠ¤ë ¹ ê¸°ì•„ë‚˜
     got: 프랑스령 기아나
 ; [cca2=GF].translations.per.common
Expected: Ú¯ÙˆÛŒØ§Ù† Ù�Ø±Ø§Ù†Ø³Ù‡
     got: گویان فرانسه
 ; [cca2=GF].translations.per.official
Expected: Ú¯ÙˆÛŒØ§Ù† Ù�Ø±Ø§Ù†Ø³Ù‡
     got: گویان فرانسه
 ; [cca2=GF].translations.rus.common
Expected: Ð¤Ñ€Ð°Ð½Ñ†ÑƒÐ·Ñ�ÐºÐ°Ñ� Ð“Ð²Ð¸Ð°Ð½Ð°
     got: Французская Гвиана
 ; [cca2=GF].translations.rus.official
Expected: Ð“Ð²Ð¸Ð°Ð½Ð°
     got: Гвиана
 ; [cca2=GF].translations.slk.official
Expected: FrancÃºzska Guyana
     got: Francúzska Guyana
 ; [cca2=GF].translations.srp.common
Expected: Ð¤Ñ€Ð°Ð½Ñ†ÑƒÑ�ÐºÐ° Ð“Ð²Ð°Ñ˜Ð°Ð½Ð°
     got: Француска Гвајана
 ; [cca2=GF].translations.srp.official
Expected: Ð¤Ñ€Ð°Ð½Ñ†ÑƒÑ�ÐºÐ° Ð“Ð²Ð°Ñ˜Ð°Ð½Ð°
     got: Француска Гвајана
 ; [cca2=GF].translations.tur.common
Expected: FransÄ±z GuyanasÄ±
     got: Fransız Guyanası
 ; [cca2=GF].translations.tur.official
Expected: FransÄ±z GuyanasÄ±
     got: Fransız Guyanası
 ; [cca2=GF].translations.urd.common
Expected: Ù�Ø±Ø§Ù†Ø³ÛŒØ³ÛŒ Ú¯ÛŒØ§Ù†Ø§
     got: فرانسیسی گیانا
 ; [cca2=GF].translations.urd.official
Expected: Ú¯ÛŒØ§Ù†Ø§
     got: گیانا
 ; [cca2=GF].translations.zho.common
Expected: æ³•å±žåœ­äºšé‚£
     got: 法属圭亚那
 ; [cca2=GF].translations.zho.official
Expected: æ³•å±žåœ­äºšé‚£
     got: 法属圭亚那
 ; [cca2=GG].currencies.GBP.symbol
Expected: Â£
     got: £
 ; [cca2=GG].currencies.GGP.symbol
Expected: Â£
     got: £
 ; [cca2=GG].flag
Expected: ðŸ‡¬ðŸ‡¬
     got: 🇬🇬
 ; [cca2=GG].languages.nfr
Expected: GuernÃ©siais
     got: Guernésiais
 ; [cca2=GG].name.nativeName.nfr.common
Expected: DgÃ¨rnÃ©siais
     got: Dgèrnésiais
 ; [cca2=GG].name.nativeName.nfr.official
Expected: DgÃ¨rnÃ©siais
     got: Dgèrnésiais
 ; [cca2=GG].translations.ara.common
Expected: ØºÙŠØ±Ù†Ø²ÙŠ
     got: غيرنزي
 ; [cca2=GG].translations.ara.official
Expected: ØºÙŠØ±Ù†Ø²ÙŠ
     got: غيرنزي
 ; [cca2=GG].translations.ces.official
Expected: RychtÃ¡Å™stvÃ­ Guernsey
     got: Rychtářství Guernsey
 ; [cca2=GG].translations.jpn.common
Expected: ã‚¬ãƒ¼ãƒ³ã‚¸ãƒ¼
     got: ガーンジー
 ; [cca2=GG].translations.jpn.official
Expected: ã‚¬ãƒ¼ãƒ³ã‚¸ãƒ¼ã�®å¾—æ„�åˆ†é‡Ž
     got: ガーンジーの得意分野
 ; [cca2=GG].translations.kor.common
Expected: ê±´ì§€ ì„¬
     got: 건지 섬
 ; [cca2=GG].translations.kor.official
Expected: ê±´ì§€ ì„¬
     got: 건지 섬
 ; [cca2=GG].translations.per.common
Expected: Ú¯Ø±Ù†Ø²ÛŒ
     got: گرنزی
 ; [cca2=GG].translations.per.official
Expected: Ú¯Ø±Ù†Ø²ÛŒ
     got: گرنزی
 ; [cca2=GG].translations.rus.common
Expected: Ð“ÐµÑ€Ð½Ñ�Ð¸
     got: Гернси
 ; [cca2=GG].translations.rus.official
Expected: ÐšÐ¾Ñ€Ð¾Ð½Ð½Ð¾Ðµ Ð²Ð»Ð°Ð´ÐµÐ½Ð¸Ðµ Ð“ÐµÑ€Ð½Ñ�Ð¸
     got: Коронное владение Гернси
 ; [cca2=GG].translations.spa.official
Expected: BailÃ­a de Guernsey
     got: Bailía de Guernsey
 ; [cca2=GG].translations.srp.common
Expected: Ð“ÐµÑ€Ð½Ð·Ð¸
     got: Гернзи
 ; [cca2=GG].translations.srp.official
Expected: Ð‘ÐµÑ˜Ð»Ð¸Ð²Ð¸Ðº Ð“ÐµÑ€Ð½Ð·Ð¸
     got: Бејливик Гернзи
 ; [cca2=GG].translations.tur.official
Expected: Guernsey MuhafÄ±zlÄ±ÄŸÄ±
     got: Guernsey Muhafızlığı
 ; [cca2=GG].translations.urd.common
Expected: Ú¯Ø±Ù†Ø²ÛŒ
     got: گرنزی
 ; [cca2=GG].translations.urd.official
Expected: Ú¯Ø±Ù†Ø²ÛŒ Ø±ÙˆØ¯Ø¨Ø§Ø±
     got: گرنزی رودبار
 ; [cca2=GG].translations.zho.common
Expected: æ ¹è¥¿å²›
     got: 根西岛
 ; [cca2=GG].translations.zho.official
Expected: æ ¹è¥¿å²›
     got: 根西岛
 ; [cca2=GH].currencies.GHS.symbol
Expected: â‚µ
     got: ₵
 ; [cca2=GH].demonyms.fra.f
Expected: GhanÃ©enne
     got: Ghanéenne
 ; [cca2=GH].demonyms.fra.m
Expected: GhanÃ©en
     got: Ghanéen
 ; [cca2=GH].flag
Expected: ðŸ‡¬ðŸ‡­
     got: 🇬🇭
 ; [cca2=GH].translations.ara.common
Expected: ØºØ§Ù†Ø§
     got: غانا
 ; [cca2=GH].translations.ara.official
Expected: Ø¬Ù…Ù‡ÙˆØ±ÙŠØ© ØºØ§Ù†Ø§
     got: جمهورية غانا
 ; [cca2=GH].translations.ces.official
Expected: GhanskÃ¡ republika
     got: Ghanská republika
 ; [cca2=GH].translations.fra.official
Expected: RÃ©publique du Ghana
     got: République du Ghana
 ; [cca2=GH].translations.hun.common
Expected: GhÃ¡na
     got: Ghána
 ; [cca2=GH].translations.hun.official
Expected: GhÃ¡nai KÃ¶ztÃ¡rsasÃ¡g
     got: Ghánai Köztársaság
 ; [cca2=GH].translations.jpn.common
Expected: ã‚¬ãƒ¼ãƒŠ
     got: ガーナ
 ; [cca2=GH].translations.jpn.official
Expected: ã‚¬ãƒ¼ãƒŠå…±å’Œå›½
     got: ガーナ共和国
 ; [cca2=GH].translations.kor.common
Expected: ê°€ë‚˜
     got: 가나
 ; [cca2=GH].translations.kor.official
Expected: ê°€ë‚˜ ê³µí™”êµ­
     got: 가나 공화국
 ; [cca2=GH].translations.per.common
Expected: ØºÙ†Ø§
     got: غنا
 ; [cca2=GH].translations.per.official
Expected: Ø¬Ù…Ù‡ÙˆØ±ÛŒ ØºÙ†Ø§
     got: جمهوری غنا
 ; [cca2=GH].translations.por.official
Expected: RepÃºblica do Gana
     got: República do Gana
 ; [cca2=GH].translations.rus.common
Expected: Ð“Ð°Ð½Ð°
     got: Гана
 ; [cca2=GH].translations.rus.official
Expected: Ð ÐµÑ�Ð¿ÑƒÐ±Ð»Ð¸ÐºÐ° Ð“Ð°Ð½Ð°
     got: Республика Гана
 ; [cca2=GH].translations.slk.official
Expected: GhanskÃ¡ republika
     got: Ghanská republika
 ; [cca2=GH].translations.spa.official
Expected: RepÃºblica de Ghana
     got: República de Ghana
 ; [cca2=GH].translations.srp.common
Expected: Ð“Ð°Ð½Ð°
     got: Гана
 ; [cca2=GH].translations.srp.official
Expected: Ð ÐµÐ¿ÑƒÐ±Ð»Ð¸ÐºÐ° Ð“Ð°Ð½Ð°
     got: Република Гана
 ; [cca2=GH].translations.urd.common
Expected: Ú¯Ú¾Ø§Ù†Ø§
     got: گھانا
 ; [cca2=GH].translations.urd.official
Expected: Ø¬Ù…Û�ÙˆØ±ÛŒÛ� Ú¯Ú¾Ø§Ù†Ø§
     got: جمہوریہ گھانا
 ; [cca2=GH].translations.zho.common
Expected: åŠ çº³
     got: 加纳
 ; [cca2=GH].translations.zho.official
Expected: åŠ çº³å…±å’Œå›½
     got: 加纳共和国
 ; [cca2=GI].currencies.GIP.symbol
Expected: Â£
     got: £
 ; [cca2=GI].flag
Expected: ðŸ‡¬ðŸ‡®
     got: 🇬🇮
 ; [cca2=GI].translations.ara.common
Expected: Ø¬Ø¨Ù„ Ø·Ø§Ø±Ù‚
     got: جبل طارق
 ; [cca2=GI].translations.ara.official
Expected: Ø¬Ø¨Ù„ Ø·Ø§Ø±Ù‚
     got: جبل طارق
 ; [cca2=GI].translations.hun.common
Expected: GibraltÃ¡r
     got: Gibraltár
 ; [cca2=GI].translations.hun.official
Expected: GibraltÃ¡r
     got: Gibraltár
 ; [cca2=GI].translations.jpn.common
Expected: ã‚¸ãƒ–ãƒ©ãƒ«ã‚¿ãƒ«
     got: ジブラルタル
 ; [cca2=GI].translations.jpn.official
Expected: ã‚¸ãƒ–ãƒ©ãƒ«ã‚¿ãƒ«
     got: ジブラルタル
 ; [cca2=GI].translations.kor.common
Expected: ì§€ë¸Œë¡¤í„°
     got: 지브롤터
 ; [cca2=GI].translations.kor.official
Expected: ì§€ë¸Œë¡¤í„°
     got: 지브롤터
 ; [cca2=GI].translations.per.common
Expected: Ø¬Ø¨Ù„ Ø·Ø§Ø±Ù‚
     got: جبل طارق
 ; [cca2=GI].translations.per.official
Expected: Ø¬Ø¨Ù„ Ø·Ø§Ø±Ù‚
     got: جبل طارق
 ; [cca2=GI].translations.rus.common
Expected: Ð“Ð¸Ð±Ñ€Ð°Ð»Ñ‚Ð°Ñ€
     got: Гибралтар
 ; [cca2=GI].translations.rus.official
Expected: Ð“Ð¸Ð±Ñ€Ð°Ð»Ñ‚Ð°Ñ€
     got: Гибралтар
 ; [cca2=GI].translations.slk.common
Expected: GibraltÃ¡r
     got: Gibraltár
 ; [cca2=GI].translations.slk.official
Expected: GibraltÃ¡r
     got: Gibraltár
 ; [cca2=GI].translations.srp.common
Expected: Ð“Ð¸Ð±Ñ€Ð°Ð»Ñ‚Ð°Ñ€
     got: Гибралтар
 ; [cca2=GI].translations.srp.official
Expected: Ð“Ð¸Ð±Ñ€Ð°Ð»Ñ‚Ð°Ñ€
     got: Гибралтар
 ; [cca2=GI].translations.tur.common
Expected: CebelitarÄ±k
     got: Cebelitarık
 ; [cca2=GI].translations.tur.official
Expected: CebelitarÄ±k
     got: Cebelitarık
 ; [cca2=GI].translations.urd.common
Expected: Ø¬Ø¨Ù„ Ø§Ù„Ø·Ø§Ø±Ù‚
     got: جبل الطارق
 ; [cca2=GI].translations.urd.official
Expected: Ø¬Ø¨Ù„ Ø§Ù„Ø·Ø§Ø±Ù‚
     got: جبل الطارق
 ; [cca2=GI].translations.zho.common
Expected: ç›´å¸ƒç½—é™€
     got: 直布罗陀
 ; [cca2=GI].translations.zho.official
Expected: ç›´å¸ƒç½—é™€
     got: 直布罗陀
 ; [cca2=GL].altSpellings[]
Expected: GrÃ¸nland
     but none found
 ; [cca2=GL].altSpellings[]
Unexpected: Grønland
 ; [cca2=GL].flag
Expected: ðŸ‡¬ðŸ‡±
     got: 🇬🇱
 ; [cca2=GL].translations.ara.common
Expected: Ø¬Ø±ÙŠÙ†Ù„Ø§Ù†Ø¯
     got: جرينلاند
 ; [cca2=GL].translations.ara.official
Expected: Ø¬Ø±ÙŠÙ†Ù„Ø§Ù†Ø¯
     got: جرينلاند
 ; [cca2=GL].translations.ces.common
Expected: GrÃ³nsko
     got: Grónsko
 ; [cca2=GL].translations.ces.official
Expected: GrÃ³nsko
     got: Grónsko
 ; [cca2=GL].translations.deu.common
Expected: GrÃ¶nland
     got: Grönland
 ; [cca2=GL].translations.deu.official
Expected: GrÃ¶nland
     got: Grönland
 ; [cca2=GL].translations.est.common
Expected: GrÃ¶Ã¶nimaa
     got: Gröönimaa
 ; [cca2=GL].translations.est.official
Expected: GrÃ¶Ã¶nimaa
     got: Gröönimaa
 ; [cca2=GL].translations.fin.common
Expected: GroÃ¶nlanti
     got: Groönlanti
 ; [cca2=GL].translations.fin.official
Expected: GroÃ¶nlanti
     got: Groönlanti
 ; [cca2=GL].translations.hun.common
Expected: GrÃ¶nland
     got: Grönland
 ; [cca2=GL].translations.hun.official
Expected: GrÃ¶nland
     got: Grönland
 ; [cca2=GL].translations.jpn.common
Expected: ã‚°ãƒªãƒ¼ãƒ³ãƒ©ãƒ³ãƒ‰
     got: グリーンランド
 ; [cca2=GL].translations.jpn.official
Expected: ã‚°ãƒªãƒ¼ãƒ³ãƒ©ãƒ³ãƒ‰
     got: グリーンランド
 ; [cca2=GL].translations.kor.common
Expected: ê·¸ë¦°ëž€ë“œ
     got: 그린란드
 ; [cca2=GL].translations.kor.official
Expected: ê·¸ë¦°ëž€ë“œ
     got: 그린란드
 ; [cca2=GL].translations.per.common
Expected: Ú¯Ø±ÛŒÙ†Ù„Ù†Ø¯
     got: گرینلند
 ; [cca2=GL].translations.per.official
Expected: Ú¯Ø±ÙˆØ¦Ù†Ù„Ù†Ø¯
     got: گروئنلند
 ; [cca2=GL].translations.por.common
Expected: GronelÃ¢ndia
     got: Gronelândia
 ; [cca2=GL].translations.por.official
Expected: GroenlÃ¢ndia
     got: Groenlândia
 ; [cca2=GL].translations.rus.common
Expected: Ð“Ñ€ÐµÐ½Ð»Ð°Ð½Ð´Ð¸Ñ�
     got: Гренландия
 ; [cca2=GL].translations.rus.official
Expected: Ð“Ñ€ÐµÐ½Ð»Ð°Ð½Ð´Ð¸Ñ�
     got: Гренландия
 ; [cca2=GL].translations.slk.common
Expected: GrÃ³nsko
     got: Grónsko
 ; [cca2=GL].translations.slk.official
Expected: GrÃ³nsko
     got: Grónsko
 ; [cca2=GL].translations.srp.common
Expected: Ð“Ñ€ÐµÐ½Ð»Ð°Ð½Ð´
     got: Гренланд
 ; [cca2=GL].translations.srp.official
Expected: Ð“Ñ€ÐµÐ½Ð»Ð°Ð½Ð´
     got: Гренланд
 ; [cca2=GL].translations.swe.common
Expected: GrÃ¶nland
     got: Grönland
 ; [cca2=GL].translations.swe.official
Expected: GrÃ¶nland
     got: Grönland
 ; [cca2=GL].translations.tur.common
Expected: GrÃ¶nland
     got: Grönland
 ; [cca2=GL].translations.tur.official
Expected: GrÃ¶nland
     got: Grönland
 ; [cca2=GL].translations.urd.common
Expected: Ú¯Ø±ÛŒÙ† Ù„ÛŒÙ†Úˆ
     got: گرین لینڈ
 ; [cca2=GL].translations.urd.official
Expected: Ú¯Ø±ÛŒÙ† Ù„ÛŒÙ†Úˆ
     got: گرین لینڈ
 ; [cca2=GL].translations.zho.common
Expected: æ ¼é™µå…°
     got: 格陵兰
 ; [cca2=GL].translations.zho.official
Expected: æ ¼é™µå…°
     got: 格陵兰
 ; [cca2=GM].flag
Expected: ðŸ‡¬ðŸ‡²
     got: 🇬🇲
 ; [cca2=GM].translations.ara.common
Expected: ØºØ§Ù…Ø¨ÙŠØ§
     got: غامبيا
 ; [cca2=GM].translations.ara.official
Expected: Ø¬Ù…Ù‡ÙˆØ±ÙŠØ© ØºØ§Ù…Ø¨ÙŠØ§
     got: جمهورية غامبيا
 ; [cca2=GM].translations.ces.official
Expected: GambijskÃ¡ republika
     got: Gambijská republika
 ; [cca2=GM].translations.fra.official
Expected: RÃ©publique de Gambie
     got: République de Gambie
 ; [cca2=GM].translations.hun.official
Expected: Gambiai KÃ¶ztÃ¡rsasÃ¡g
     got: Gambiai Köztársaság
 ; [cca2=GM].translations.jpn.common
Expected: ã‚¬ãƒ³ãƒ“ã‚¢
     got: ガンビア
 ; [cca2=GM].translations.jpn.official
Expected: ã‚¬ãƒ³ãƒ“ã‚¢å…±å’Œå›½
     got: ガンビア共和国
 ; [cca2=GM].translations.kor.common
Expected: ê°�ë¹„ì•„
     got: 감비아
 ; [cca2=GM].translations.kor.official
Expected: ê°�ë¹„ì•„ ê³µí™”êµ­
     got: 감비아 공화국
 ; [cca2=GM].translations.per.common
Expected: Ú¯Ø§Ù…Ø¨ÛŒØ§
     got: گامبیا
 ; [cca2=GM].translations.per.official
Expected: Ø¬Ù…Ù‡ÙˆØ±ÛŒ Ú¯Ø§Ù…Ø¨ÛŒØ§
     got: جمهوری گامبیا
 ; [cca2=GM].translations.por.common
Expected: GÃ¢mbia
     got: Gâmbia
 ; [cca2=GM].translations.por.official
Expected: RepÃºblica da GÃ¢mbia
     got: República da Gâmbia
 ; [cca2=GM].translations.rus.common
Expected: Ð“Ð°Ð¼Ð±Ð¸Ñ�
     got: Гамбия
 ; [cca2=GM].translations.rus.official
Expected: Ð ÐµÑ�Ð¿ÑƒÐ±Ð»Ð¸ÐºÐ° Ð“Ð°Ð¼Ð±Ð¸Ñ�
     got: Республика Гамбия
 ; [cca2=GM].translations.slk.official
Expected: GambijskÃ¡ republika
     got: Gambijská republika
 ; [cca2=GM].translations.spa.official
Expected: RepÃºblica de Gambia
     got: República de Gambia
 ; [cca2=GM].translations.srp.common
Expected: Ð“Ð°Ð¼Ð±Ð¸Ñ˜Ð°
     got: Гамбија
 ; [cca2=GM].translations.srp.official
Expected: Ð ÐµÐ¿ÑƒÐ±Ð»Ð¸ÐºÐ° Ð“Ð°Ð¼Ð±Ð¸Ñ˜Ð°
     got: Република Гамбија
 ; [cca2=GM].translations.urd.common
Expected: Ú¯ÛŒÙ…Ø¨ÛŒØ§
     got: گیمبیا
 ; [cca2=GM].translations.urd.official
Expected: Ø¬Ù…Û�ÙˆØ±ÛŒÛ� Ú¯ÛŒÙ…Ø¨ÛŒØ§
     got: جمہوریہ گیمبیا
 ; [cca2=GM].translations.zho.common
Expected: å†ˆæ¯”äºš
     got: 冈比亚
 ; [cca2=GM].translations.zho.official
Expected: å†ˆæ¯”äºšå…±å’Œå›½
     got: 冈比亚共和国
 ; [cca2=GN].altSpellings[]
Expected: RÃ©publique de GuinÃ©e
     but none found
 ; [cca2=GN].altSpellings[]
Unexpected: République de Guinée
 ; [cca2=GN].demonyms.fra.f
Expected: GuinÃ©enne
     got: Guinéenne
 ; [cca2=GN].demonyms.fra.m
Expected: GuinÃ©en
     got: Guinéen
 ; [cca2=GN].flag
Expected: ðŸ‡¬ðŸ‡³
     got: 🇬🇳
 ; [cca2=GN].name.nativeName.fra.common
Expected: GuinÃ©e
     got: Guinée
 ; [cca2=GN].name.nativeName.fra.official
Expected: RÃ©publique de GuinÃ©e
     got: République de Guinée
 ; [cca2=GN].translations.ara.common
Expected: ØºÙŠÙ†ÙŠØ§
     got: غينيا
 ; [cca2=GN].translations.ara.official
Expected: Ø¬Ù…Ù‡ÙˆØ±ÙŠØ© ØºÙŠÙ†ÙŠØ§
     got: جمهورية غينيا
 ; [cca2=GN].translations.ces.official
Expected: GuinejskÃ¡ republika
     got: Guinejská republika
 ; [cca2=GN].translations.fra.common
Expected: GuinÃ©e
     got: Guinée
 ; [cca2=GN].translations.fra.official
Expected: RÃ©publique de GuinÃ©e
     got: République de Guinée
 ; [cca2=GN].translations.hun.official
Expected: Guineai KÃ¶ztÃ¡rsasÃ¡g
     got: Guineai Köztársaság
 ; [cca2=GN].translations.jpn.common
Expected: ã‚®ãƒ‹ã‚¢
     got: ギニア
 ; [cca2=GN].translations.jpn.official
Expected: ã‚®ãƒ‹ã‚¢å…±å’Œå›½
     got: ギニア共和国
 ; [cca2=GN].translations.kor.common
Expected: ê¸°ë‹ˆ
     got: 기니
 ; [cca2=GN].translations.kor.official
Expected: ê¸°ë‹ˆ ê³µí™”êµ­
     got: 기니 공화국
 ; [cca2=GN].translations.per.common
Expected: Ù¾Ø§Ù¾ÙˆØ¢ Ú¯ÛŒÙ†Ù‡ Ù†Ùˆ
     got: پاپوآ گینه نو
 ; [cca2=GN].translations.per.official
Expected: Ù…Ù…Ù„Ú©Øª Ù…Ø³ØªÙ‚Ù„ Ù¾Ø§Ù¾ÙˆØ¢ Ú¯ÛŒÙ†Ù‡ Ù†Ùˆ
     got: مملکت مستقل پاپوآ گینه نو
 ; [cca2=GN].translations.por.common
Expected: GuinÃ©
     got: Guiné
 ; [cca2=GN].translations.por.official
Expected: RepÃºblica da GuinÃ©
     got: República da Guiné
 ; [cca2=GN].translations.rus.common
Expected: Ð“Ð²Ð¸Ð½ÐµÑ�
     got: Гвинея
 ; [cca2=GN].translations.rus.official
Expected: Ð ÐµÑ�Ð¿ÑƒÐ±Ð»Ð¸ÐºÐ° Ð“Ð²Ð¸Ð½ÐµÑ�
     got: Республика Гвинея
 ; [cca2=GN].translations.slk.official
Expected: GuinejskÃ¡ republika
     got: Guinejská republika
 ; [cca2=GN].translations.spa.official
Expected: RepÃºblica de Guinea
     got: República de Guinea
 ; [cca2=GN].translations.srp.common
Expected: Ð“Ð²Ð°Ñ˜Ð°Ð½Ð°
     got: Гвајана
 ; [cca2=GN].translations.srp.official
Expected: ÐšÐ¾Ð¾Ð¿ÐµÑ€Ð°Ñ‚Ð¸Ð²Ð½Ð° Ð ÐµÐ¿ÑƒÐ±Ð»Ð¸ÐºÐ° Ð“Ð²Ð°Ñ˜Ð°Ð½Ð°
     got: Кооперативна Република Гвајана
 ; [cca2=GN].translations.urd.common
Expected: Ú¯Ù†ÛŒ
     got: گنی
 ; [cca2=GN].translations.urd.official
Expected: Ø¬Ù…Û�ÙˆØ±ÛŒÛ� Ú¯Ù†ÛŒ
     got: جمہوریہ گنی
 ; [cca2=GN].translations.zho.common
Expected: å‡ å†…äºš
     got: 几内亚
 ; [cca2=GN].translations.zho.official
Expected: å‡ å†…äºšå…±å’Œå›½
     got: 几内亚共和国
 ; [cca2=GP].currencies.EUR.symbol
Expected: â‚¬
     got: €
 ; [cca2=GP].demonyms.fra.f
Expected: GuadeloupÃ©enne
     got: Guadeloupéenne
 ; [cca2=GP].demonyms.fra.m
Expected: GuadeloupÃ©en
     got: Guadeloupéen
 ; [cca2=GP].flag
Expected: ðŸ‡¬ðŸ‡µ
     got: 🇬🇵
 ; [cca2=GP].translations.ara.common
Expected: ØºÙˆØ§Ø¯Ù„ÙˆØ¨
     got: غوادلوب
 ; [cca2=GP].translations.ara.official
Expected: ØºÙˆØ§Ø¯Ù„ÙˆØ¨
     got: غوادلوب
 ; [cca2=GP].translations.est.official
Expected: Guadeloupeâ€™i ja sÃµltkondade departemang
     got: Guadeloupe’i ja sõltkondade departemang
 ; [cca2=GP].translations.jpn.common
Expected: ã‚°ã‚¢ãƒ‰ãƒ«ãƒ¼ãƒ—
     got: グアドループ
 ; [cca2=GP].translations.jpn.official
Expected: ã‚°ã‚¢ãƒ‰ãƒ«ãƒ¼ãƒ—å³¶
     got: グアドループ島
 ; [cca2=GP].translations.kor.common
Expected: ê³¼ë“¤ë£¨í”„
     got: 과들루프
 ; [cca2=GP].translations.kor.official
Expected: ê³¼ë“¤ë£¨í”„
     got: 과들루프
 ; [cca2=GP].translations.per.common
Expected: Ú¯ÙˆØ§Ø¯Ù„ÙˆÙ¾
     got: گوادلوپ
 ; [cca2=GP].translations.per.official
Expected: Ú¯ÙˆØ§Ø¯Ù„ÙˆÙ¾
     got: گوادلوپ
 ; [cca2=GP].translations.rus.common
Expected: Ð“Ð²Ð°Ð´ÐµÐ»ÑƒÐ¿Ð°
     got: Гваделупа
 ; [cca2=GP].translations.rus.official
Expected: Ð“Ð²Ð°Ð´ÐµÐ»ÑƒÐ¿Ð°
     got: Гваделупа
 ; [cca2=GP].translations.srp.common
Expected: Ð“Ð²Ð°Ð´ÐµÐ»ÑƒÐ¿
     got: Гваделуп
 ; [cca2=GP].translations.srp.official
Expected: Ð“Ð²Ð°Ð´ÐµÐ»ÑƒÐ¿
     got: Гваделуп
 ; [cca2=GP].translations.urd.common
Expected: Ú¯ÙˆØ§ÚˆÛŒÙ„ÙˆÙ¾
     got: گواڈیلوپ
 ; [cca2=GP].translations.urd.official
Expected: Ú¯ÙˆØ§ÚˆÛŒÙ„ÙˆÙ¾
     got: گواڈیلوپ
 ; [cca2=GP].translations.zho.common
Expected: ç“œå¾·ç½—æ™®å²›
     got: 瓜德罗普岛
 ; [cca2=GP].translations.zho.official
Expected: ç“œå¾·ç½—æ™®å²›
     got: 瓜德罗普岛
 ; [cca2=GQ].altSpellings[]
Expected: RepÃºblica de Guinea Ecuatorial
     but none found
 ; [cca2=GQ].altSpellings[]
Expected: RepÃºblica da GuinÃ© Equatorial
     but none found
 ; [cca2=GQ].altSpellings[]
Expected: RÃ©publique de GuinÃ©e Ã©quatoriale
     but none found
 ; [cca2=GQ].altSpellings[]
Unexpected: República da Guiné Equatorial
 ; [cca2=GQ].altSpellings[]
Unexpected: République de Guinée équatoriale
 ; [cca2=GQ].altSpellings[]
Unexpected: República de Guinea Ecuatorial
 ; [cca2=GQ].demonyms.fra.f
Expected: Ã‰quato-guinÃ©enne
     got: Équato-guinéenne
 ; [cca2=GQ].demonyms.fra.m
Expected: Ã‰quato-guinÃ©en
     got: Équato-guinéen
 ; [cca2=GQ].flag
Expected: ðŸ‡¬ðŸ‡¶
     got: 🇬🇶
 ; [cca2=GQ].name.nativeName.fra.common
Expected: GuinÃ©e Ã©quatoriale
     got: Guinée équatoriale
 ; [cca2=GQ].name.nativeName.fra.official
Expected: RÃ©publique de la GuinÃ©e Ã‰quatoriale
     got: République de la Guinée Équatoriale
 ; [cca2=GQ].name.nativeName.por.common
Expected: GuinÃ© Equatorial
     got: Guiné Equatorial
 ; [cca2=GQ].name.nativeName.por.official
Expected: RepÃºblica da GuinÃ© Equatorial
     got: República da Guiné Equatorial
 ; [cca2=GQ].name.nativeName.spa.official
Expected: RepÃºblica de Guinea Ecuatorial
     got: República de Guinea Ecuatorial
 ; [cca2=GQ].translations.ara.common
Expected: ØºÙŠÙ†ÙŠØ§ Ø§Ù„Ø§Ø³ØªÙˆØ§Ø¦ÙŠØ©
     got: غينيا الاستوائية
 ; [cca2=GQ].translations.ara.official
Expected: Ø¬Ù…Ù‡ÙˆØ±ÙŠØ© ØºÙŠÙ†ÙŠØ§ Ø§Ù„Ø§Ø³ØªÙˆØ§Ø¦ÙŠØ©
     got: جمهورية غينيا الاستوائية
 ; [cca2=GQ].translations.ces.common
Expected: RovnÃ­kovÃ¡ Guinea
     got: Rovníková Guinea
 ; [cca2=GQ].translations.ces.official
Expected: Republika RovnÃ­kovÃ¡ Guinea
     got: Republika Rovníková Guinea
 ; [cca2=GQ].translations.deu.common
Expected: Ã„quatorialguinea
     got: Äquatorialguinea
 ; [cca2=GQ].translations.deu.official
Expected: Republik Ã„quatorialguinea
     got: Republik Äquatorialguinea
 ; [cca2=GQ].translations.fin.common
Expected: PÃ¤ivÃ¤ntasaajan Guinea
     got: Päiväntasaajan Guinea
 ; [cca2=GQ].translations.fin.official
Expected: PÃ¤ivÃ¤ntasaajan Guinean tasavalta
     got: Päiväntasaajan Guinean tasavalta
 ; [cca2=GQ].translations.fra.common
Expected: GuinÃ©e Ã©quatoriale
     got: Guinée équatoriale
 ; [cca2=GQ].translations.fra.official
Expected: RÃ©publique de GuinÃ©e Ã©quatoriale
     got: République de Guinée équatoriale
 ; [cca2=GQ].translations.hun.common
Expected: EgyenlÃ­tÅ‘i-Guinea
     got: Egyenlítői-Guinea
 ; [cca2=GQ].translations.hun.official
Expected: EgyenlÃ­tÅ‘i-Guinea-i KÃ¶ztÃ¡rsasÃ¡g
     got: Egyenlítői-Guinea-i Köztársaság
 ; [cca2=GQ].translations.jpn.common
Expected: èµ¤é�“ã‚®ãƒ‹ã‚¢
     got: 赤道ギニア
 ; [cca2=GQ].translations.jpn.official
Expected: èµ¤é�“ã‚®ãƒ‹ã‚¢å…±å’Œå›½
     got: 赤道ギニア共和国
 ; [cca2=GQ].translations.kor.common
Expected: ì �ë�„ ê¸°ë‹ˆ
     got: 적도 기니
 ; [cca2=GQ].translations.kor.official
Expected: ì �ë�„ ê¸°ë‹ˆ ê³µí™”êµ­
     got: 적도 기니 공화국
 ; [cca2=GQ].translations.per.common
Expected: Ú¯ÛŒÙ†Ù‡ Ø§Ø³ØªÙˆØ§ÛŒÛŒ
     got: گینه استوایی
 ; [cca2=GQ].translations.per.official
Expected: Ø¬Ù…Ù‡ÙˆØ±ÛŒ Ú¯ÛŒÙ†Ù‡ Ø§Ø³ØªÙˆØ§ÛŒÛŒ
     got: جمهوری گینه استوایی
 ; [cca2=GQ].translations.pol.common
Expected: Gwinea RÃ³wnikowa
     got: Gwinea Równikowa
 ; [cca2=GQ].translations.pol.official
Expected: Republika Gwinei RÃ³wnikowej
     got: Republika Gwinei Równikowej
 ; [cca2=GQ].translations.por.common
Expected: GuinÃ© Equatorial
     got: Guiné Equatorial
 ; [cca2=GQ].translations.por.official
Expected: RepÃºblica da GuinÃ© Equatorial
     got: República da Guiné Equatorial
 ; [cca2=GQ].translations.rus.common
Expected: Ð­ÐºÐ²Ð°Ñ‚Ð¾Ñ€Ð¸Ð°Ð»ÑŒÐ½Ð°Ñ� Ð“Ð²Ð¸Ð½ÐµÑ�
     got: Экваториальная Гвинея
 ; [cca2=GQ].translations.rus.official
Expected: Ð ÐµÑ�Ð¿ÑƒÐ±Ð»Ð¸ÐºÐ° Ð­ÐºÐ²Ð°Ñ‚Ð¾Ñ€Ð¸Ð°Ð»ÑŒÐ½Ð°Ñ� Ð“Ð²Ð¸Ð½ÐµÑ�
     got: Республика Экваториальная Гвинея
 ; [cca2=GQ].translations.slk.common
Expected: RovnÃ­kovÃ¡ Guinea
     got: Rovníková Guinea
 ; [cca2=GQ].translations.slk.official
Expected: Republika rovnÃ­kovej Guiney
     got: Republika rovníkovej Guiney
 ; [cca2=GQ].translations.spa.official
Expected: RepÃºblica de Guinea Ecuatorial
     got: República de Guinea Ecuatorial
 ; [cca2=GQ].translations.srp.common
Expected: Ð•ÐºÐ²Ð°Ñ‚Ð¾Ñ€Ð¸Ñ˜Ð°Ð»Ð½Ð° Ð“Ð²Ð¸Ð½ÐµÑ˜Ð°
     got: Екваторијална Гвинеја
 ; [cca2=GQ].translations.srp.official
Expected: Ð ÐµÐ¿ÑƒÐ±Ð»Ð¸ÐºÐ° Ð•ÐºÐ²Ð°Ñ‚Ð¾Ñ€Ð¸Ñ˜Ð°Ð»Ð½Ð° Ð“Ð²Ð¸Ð½ÐµÑ˜Ð°
     got: Република Екваторијална Гвинеја
 ; [cca2=GQ].translations.urd.common
Expected: Ø§Ø³ØªÙˆØ§Ø¦ÛŒ Ú¯Ù†ÛŒ
     got: استوائی گنی
 ; [cca2=GQ].translations.urd.official
Expected: Ø¬Ù…Û�ÙˆØ±ÛŒÛ� Ø§Ø³ØªÙˆØ§Ø¦ÛŒ Ú¯Ù†ÛŒ
     got: جمہوریہ استوائی گنی
 ; [cca2=GQ].translations.zho.common
Expected: èµ¤é�“å‡ å†…äºš
     got: 赤道几内亚
 ; [cca2=GQ].translations.zho.official
Expected: èµ¤é�“å‡ å†…äºšå…±å’Œå›½
     got: 赤道几内亚共和国
 ; [cca2=GR].altSpellings[]
Expected: Î•Î»Î»Î·Î½Î¹ÎºÎ® Î”Î·Î¼Î¿ÎºÏ�Î±Ï„Î¯Î±
     but none found
 ; [cca2=GR].altSpellings[]
Expected: EllÃ¡da
     but none found
 ; [cca2=GR].altSpellings[]
Unexpected: Elláda
 ; [cca2=GR].altSpellings[]
Unexpected: Ελληνική Δημοκρατία
 ; [cca2=GR].currencies.EUR.symbol
Expected: â‚¬
     got: €
 ; [cca2=GR].flag
Expected: ðŸ‡¬ðŸ‡·
     got: 🇬🇷
 ; [cca2=GR].name.nativeName.ell.common
Expected: Î•Î»Î»Î¬Î´Î±
     got: Ελλάδα
 ; [cca2=GR].name.nativeName.ell.official
Expected: Î•Î»Î»Î·Î½Î¹ÎºÎ® Î”Î·Î¼Î¿ÎºÏ�Î±Ï„Î¯Î±
     got: Ελληνική Δημοκρατία
 ; [cca2=GR].translations.ara.common
Expected: Ø§Ù„ÙŠÙˆÙ†Ø§Ù†
     got: اليونان
 ; [cca2=GR].translations.ara.official
Expected: Ø§Ù„Ø¬Ù…Ù‡ÙˆØ±ÙŠØ© Ø§Ù„Ù‡ÙŠÙ„ÙŠÙ†ÙŠØ©
     got: الجمهورية الهيلينية
 ; [cca2=GR].translations.ces.common
Expected: Å˜ecko
     got: Řecko
 ; [cca2=GR].translations.ces.official
Expected: Å˜eckÃ¡ republika
     got: Řecká republika
 ; [cca2=GR].translations.fra.common
Expected: GrÃ¨ce
     got: Grèce
 ; [cca2=GR].translations.fra.official
Expected: RÃ©publique hellÃ©nique
     got: République hellénique
 ; [cca2=GR].translations.hrv.common
Expected: GrÄ�ka
     got: Grčka
 ; [cca2=GR].translations.hun.common
Expected: GÃ¶rÃ¶gorszÃ¡g
     got: Görögország
 ; [cca2=GR].translations.hun.official
Expected: GÃ¶rÃ¶g KÃ¶ztÃ¡rsasÃ¡g
     got: Görög Köztársaság
 ; [cca2=GR].translations.jpn.common
Expected: ã‚®ãƒªã‚·ãƒ£
     got: ギリシャ
 ; [cca2=GR].translations.jpn.official
Expected: ã‚®ãƒªã‚·ãƒ£å…±å’Œå›½
     got: ギリシャ共和国
 ; [cca2=GR].translations.kor.common
Expected: ê·¸ë¦¬ìŠ¤
     got: 그리스
 ; [cca2=GR].translations.kor.official
Expected: ê·¸ë¦¬ìŠ¤ ê³µí™”êµ­
     got: 그리스 공화국
 ; [cca2=GR].translations.per.common
Expected: ÛŒÙˆÙ†Ø§Ù†
     got: یونان
 ; [cca2=GR].translations.per.official
Expected: Ø¬Ù…Ù‡ÙˆØ±ÛŒ ÛŒÙˆÙ†Ø§Ù†
     got: جمهوری یونان
 ; [cca2=GR].translations.por.common
Expected: GrÃ©cia
     got: Grécia
 ; [cca2=GR].translations.por.official
Expected: RepÃºblica HelÃ©nica
     got: República Helénica
 ; [cca2=GR].translations.rus.common
Expected: Ð“Ñ€ÐµÑ†Ð¸Ñ�
     got: Греция
 ; [cca2=GR].translations.rus.official
Expected: Ð“Ñ€ÐµÑ‡ÐµÑ�ÐºÐ°Ñ� Ð ÐµÑ�Ð¿ÑƒÐ±Ð»Ð¸ÐºÐ°
     got: Греческая Республика
 ; [cca2=GR].translations.slk.common
Expected: GreÃ©cko
     got: Greécko
 ; [cca2=GR].translations.slk.official
Expected: GrÃ©cka republika
     got: Grécka republika
 ; [cca2=GR].translations.spa.official
Expected: RepÃºblica HelÃ©nica
     got: República Helénica
 ; [cca2=GR].translations.srp.common
Expected: Ð“Ñ€Ñ‡ÐºÐ°
     got: Грчка
 ; [cca2=GR].translations.srp.official
Expected: Ð¥ÐµÐ»ÐµÐ½Ñ�ÐºÐ° Ð ÐµÐ¿ÑƒÐ±Ð»Ð¸ÐºÐ°
     got: Хеленска Република
 ; [cca2=GR].translations.urd.common
Expected: ÛŒÙˆÙ†Ø§Ù†
     got: یونان
 ; [cca2=GR].translations.urd.official
Expected: Ø¬Ù…Û�ÙˆØ±ÛŒÛ� Û�ÛŒÙ„ÛŒÙ†ÛŒÛ�
     got: جمہوریہ ہیلینیہ
 ; [cca2=GR].translations.zho.common
Expected: å¸Œè…Š
     got: 希腊
 ; [cca2=GR].translations.zho.official
Expected: å¸Œè…Šå…±å’Œå›½
     got: 希腊共和国
 ; [cca2=GS].currencies.SHP.symbol
Expected: Â£
     got: £
 ; [cca2=GS].flag
Expected: ðŸ‡¬ðŸ‡¸
     got: 🇬🇸
 ; [cca2=GS].translations.ara.common
Expected: Ø¬ÙˆØ±Ø¬ÙŠØ§ Ø§Ù„Ø¬Ù†ÙˆØ¨ÙŠØ©
     got: جورجيا الجنوبية
 ; [cca2=GS].translations.ara.official
Expected: Ø¬ÙˆØ±Ø¬ÙŠØ§ Ø§Ù„Ø¬Ù†ÙˆØ¨ÙŠØ© ÙˆØ¬Ø²Ø± Ø³Ø§Ù†Ø¯ÙˆØªØ´ Ø§Ù„Ø¬Ù†ÙˆØ¨ÙŠØ©
     got: جورجيا الجنوبية وجزر ساندوتش الجنوبية
 ; [cca2=GS].translations.ces.common
Expected: JiÅ¾nÃ­ Georgie a JiÅ¾nÃ­ Sandwichovy ostrovy
     got: Jižní Georgie a Jižní Sandwichovy ostrovy
 ; [cca2=GS].translations.ces.official
Expected: JiÅ¾nÃ­ Georgie a JiÅ¾nÃ­ Sandwichovy ostrovy
     got: Jižní Georgie a Jižní Sandwichovy ostrovy
 ; [cca2=GS].translations.deu.common
Expected: SÃ¼dgeorgien und die SÃ¼dlichen Sandwichinseln
     got: Südgeorgien und die Südlichen Sandwichinseln
 ; [cca2=GS].translations.deu.official
Expected: SÃ¼dgeorgien und die SÃ¼dlichen Sandwichinseln
     got: Südgeorgien und die Südlichen Sandwichinseln
 ; [cca2=GS].translations.est.common
Expected: LÃµuna-Georgia ja LÃµuna-Sandwichi saared
     got: Lõuna-Georgia ja Lõuna-Sandwichi saared
 ; [cca2=GS].translations.est.official
Expected: LÃµuna-Georgia ja LÃµuna-Sandwichi saared
     got: Lõuna-Georgia ja Lõuna-Sandwichi saared
 ; [cca2=GS].translations.fin.common
Expected: EtelÃ¤-Georgia ja EtelÃ¤iset Sandwichsaaret
     got: Etelä-Georgia ja Eteläiset Sandwichsaaret
 ; [cca2=GS].translations.fin.official
Expected: EtelÃ¤-Georgia ja EtelÃ¤iset Sandwichsaaret
     got: Etelä-Georgia ja Eteläiset Sandwichsaaret
 ; [cca2=GS].translations.fra.common
Expected: GÃ©orgie du Sud-et-les ÃŽles Sandwich du Sud
     got: Géorgie du Sud-et-les Îles Sandwich du Sud
 ; [cca2=GS].translations.fra.official
Expected: GÃ©orgie du Sud et les Ã®les Sandwich du Sud
     got: Géorgie du Sud et les îles Sandwich du Sud
 ; [cca2=GS].translations.hrv.common
Expected: JuÅ¾na Georgija i otoÄ�je JuÅ¾ni Sandwich
     got: Južna Georgija i otočje Južni Sandwich
 ; [cca2=GS].translations.hrv.official
Expected: JuÅ¾na DÅ¾ordÅ¾ija i Otoci JuÅ¾ni SendviÄ�
     got: Južna Džordžija i Otoci Južni Sendvič
 ; [cca2=GS].translations.hun.common
Expected: DÃ©li-Georgia Ã©s DÃ©li-Sandwich-szigetek
     got: Déli-Georgia és Déli-Sandwich-szigetek
 ; [cca2=GS].translations.hun.official
Expected: DÃ©li-Georgia Ã©s DÃ©li-Sandwich-szigetek
     got: Déli-Georgia és Déli-Sandwich-szigetek
 ; [cca2=GS].translations.jpn.common
Expected: ã‚µã‚¦ã‚¹ã‚¸ãƒ§ãƒ¼ã‚¸ã‚¢ãƒ»ã‚µã‚¦ã‚¹ã‚µãƒ³ãƒ‰ã‚¦ã‚£ãƒƒãƒ�è«¸å³¶
     got: サウスジョージア・サウスサンドウィッチ諸島
 ; [cca2=GS].translations.jpn.official
Expected: ã‚µã‚¦ã‚¹ã‚¸ãƒ§ãƒ¼ã‚¸ã‚¢Â·ã‚µã‚¦ã‚¹ã‚µãƒ³ãƒ‰ã‚¦ã‚£ãƒƒãƒ�è«¸å³¶
     got: サウスジョージア·サウスサンドウィッチ諸島
 ; [cca2=GS].translations.kor.common
Expected: ì¡°ì§€ì•„
     got: 조지아
 ; [cca2=GS].translations.kor.official
Expected: ì¡°ì§€ì•„
     got: 조지아
 ; [cca2=GS].translations.nld.official
Expected: Zuid-GeorgiÃ« en de Zuidelijke Sandwich-eilanden
     got: Zuid-Georgië en de Zuidelijke Sandwich-eilanden
 ; [cca2=GS].translations.per.common
Expected: Ø¬Ø²Ø§ÛŒØ± Ø¬ÙˆØ±Ø¬ÛŒØ§ÛŒ Ø¬Ù†ÙˆØ¨ÛŒ Ùˆ Ø³Ø§Ù†Ø¯ÙˆÛŒÚ† Ø¬Ù†ÙˆØ¨ÛŒ
     got: جزایر جورجیای جنوبی و ساندویچ جنوبی
 ; [cca2=GS].translations.per.official
Expected: Ø¬Ø²Ø§ÛŒØ± Ø¬ÙˆØ±Ø¬ÛŒØ§ÛŒ Ø¬Ù†ÙˆØ¨ÛŒ Ùˆ Ø³Ø§Ù†Ø¯ÙˆÛŒÚ† Ø¬Ù†ÙˆØ¨ÛŒ
     got: جزایر جورجیای جنوبی و ساندویچ جنوبی
 ; [cca2=GS].translations.pol.common
Expected: Georgia PoÅ‚udniowa i Sandwich PoÅ‚udniowy
     got: Georgia Południowa i Sandwich Południowy
 ; [cca2=GS].translations.pol.official
Expected: Georgia PoÅ‚udniowa i Sandwich PoÅ‚udniowy
     got: Georgia Południowa i Sandwich Południowy
 ; [cca2=GS].translations.por.common
Expected: Ilhas GeÃ³rgia do Sul e Sandwich do Sul
     got: Ilhas Geórgia do Sul e Sandwich do Sul
 ; [cca2=GS].translations.por.official
Expected: GeÃ³rgia do Sul e Sandwich do Sul
     got: Geórgia do Sul e Sandwich do Sul
 ; [cca2=GS].translations.rus.common
Expected: Ð®Ð¶Ð½Ð°Ñ� Ð“ÐµÐ¾Ñ€Ð³Ð¸Ñ� Ð¸ Ð®Ð¶Ð½Ñ‹Ðµ Ð¡Ð°Ð½Ð´Ð²Ð¸Ñ‡ÐµÐ²Ñ‹ Ð¾Ñ�Ñ‚Ñ€Ð¾Ð²Ð°
     got: Южная Георгия и Южные Сандвичевы острова
 ; [cca2=GS].translations.rus.official
Expected: Ð®Ð¶Ð½Ð°Ñ� Ð“ÐµÐ¾Ñ€Ð³Ð¸Ñ� Ð¸ Ð®Ð¶Ð½Ñ‹Ðµ Ð¡Ð°Ð½Ð´Ð²Ð¸Ñ‡ÐµÐ²Ñ‹ Ð¾Ñ�Ñ‚Ñ€Ð¾Ð²Ð°
     got: Южная Георгия и Южные Сандвичевы острова
 ; [cca2=GS].translations.slk.common
Expected: JuÅ¾nÃ¡ Georgia a JuÅ¾nÃ© Sandwichove ostrovy
     got: Južná Georgia a Južné Sandwichove ostrovy
 ; [cca2=GS].translations.slk.official
Expected: JuÅ¾nÃ¡ Georgia a JuÅ¾nÃ© Sandwichove ostrovy
     got: Južná Georgia a Južné Sandwichove ostrovy
 ; [cca2=GS].translations.srp.common
Expected: ÐˆÑƒÐ¶Ð½Ð° Ð�Ð¾Ñ€ÑŸÐ¸Ñ˜Ð° Ð¸ ÐˆÑƒÐ¶Ð½Ð° Ð¡ÐµÐ½Ð´Ð²Ð¸Ñ‡ÐºÐ° ÐžÑ�Ñ‚Ñ€Ð²Ð°
     got: Јужна Џорџија и Јужна Сендвичка Острва
 ; [cca2=GS].translations.srp.official
Expected: ÐˆÑƒÐ¶Ð½Ð° Ð�Ð¾Ñ€ÑŸÐ¸Ñ˜Ð° Ð¸ ÐˆÑƒÐ¶Ð½Ð° Ð¡ÐµÐ½Ð´Ð²Ð¸Ñ‡ÐºÐ° ÐžÑ�Ñ‚Ñ€Ð²Ð°
     got: Јужна Џорџија и Јужна Сендвичка Острва
 ; [cca2=GS].translations.tur.common
Expected: GÃ¼ney Georgia ve GÃ¼ney Sandwich AdalarÄ±
     got: Güney Georgia ve Güney Sandwich Adaları
 ; [cca2=GS].translations.tur.official
Expected: GÃ¼ney Georgia ve GÃ¼ney Sandwich AdalarÄ±
     got: Güney Georgia ve Güney Sandwich Adaları
 ; [cca2=GS].translations.urd.common
Expected: Ø¬Ù†ÙˆØ¨ÛŒ Ø¬Ø§Ø±Ø¬ÛŒØ§
     got: جنوبی جارجیا
 ; [cca2=GS].translations.urd.official
Expected: Ø¬Ù†ÙˆØ¨ÛŒ Ø¬Ø§Ø±Ø¬ÛŒØ§ Ùˆ Ø¬Ø²Ø§Ø¦Ø± Ø¬Ù†ÙˆØ¨ÛŒ Ø³ÛŒÙ†ÚˆÙˆÚ†
     got: جنوبی جارجیا و جزائر جنوبی سینڈوچ
 ; [cca2=GS].translations.zho.common
Expected: å�—ä¹”æ²»äºš
     got: 南乔治亚
 ; [cca2=GS].translations.zho.official
Expected: å�—ä¹”æ²»äºšå²›å’Œå�—æ¡‘å¨�å¥‡ç¾¤å²›
     got: 南乔治亚岛和南桑威奇群岛
 ; [cca2=GT].demonyms.fra.f
Expected: GuatÃ©maltÃ¨que
     got: Guatémaltèque
 ; [cca2=GT].demonyms.fra.m
Expected: GuatÃ©maltÃ¨que
     got: Guatémaltèque
 ; [cca2=GT].flag
Expected: ðŸ‡¬ðŸ‡¹
     got: 🇬🇹
 ; [cca2=GT].name.nativeName.spa.official
Expected: RepÃºblica de Guatemala
     got: República de Guatemala
 ; [cca2=GT].translations.ara.common
Expected: ØºÙˆØ§ØªÙŠÙ…Ø§Ù„Ø§
     got: غواتيمالا
 ; [cca2=GT].translations.ara.official
Expected: Ø¬Ù…Ù‡ÙˆØ±ÙŠØ© ØºÙˆØ§ØªÙŠÙ…Ø§Ù„Ø§
     got: جمهورية غواتيمالا
 ; [cca2=GT].translations.fra.official
Expected: RÃ©publique du Guatemala
     got: République du Guatemala
 ; [cca2=GT].translations.hun.official
Expected: Guatemalai KÃ¶ztÃ¡rsasÃ¡g
     got: Guatemalai Köztársaság
 ; [cca2=GT].translations.jpn.common
Expected: ã‚°ã‚¢ãƒ†ãƒžãƒ©
     got: グアテマラ
 ; [cca2=GT].translations.jpn.official
Expected: ã‚°ã‚¢ãƒ†ãƒžãƒ©å…±å’Œå›½
     got: グアテマラ共和国
 ; [cca2=GT].translations.kor.common
Expected: ê³¼í…Œë§�ë�¼
     got: 과테말라
 ; [cca2=GT].translations.kor.official
Expected: ê³¼í…Œë§�ë�¼ ê³µí™”êµ­
     got: 과테말라 공화국
 ; [cca2=GT].translations.per.common
Expected: Ú¯ÙˆØ§ØªÙ�Ù…Ø§Ù„Ø§
     got: گواتِمالا
 ; [cca2=GT].translations.per.official
Expected: Ø¬Ù…Ù‡ÙˆØ±ÛŒ Ú¯ÙˆØ§ØªÙ�Ù…Ø§Ù„Ø§
     got: جمهوری گواتِمالا
 ; [cca2=GT].translations.por.official
Expected: RepÃºblica da Guatemala
     got: República da Guatemala
 ; [cca2=GT].translations.rus.common
Expected: Ð“Ð²Ð°Ñ‚ÐµÐ¼Ð°Ð»Ð°
     got: Гватемала
 ; [cca2=GT].translations.rus.official
Expected: Ð ÐµÑ�Ð¿ÑƒÐ±Ð»Ð¸ÐºÐ° Ð“Ð²Ð°Ñ‚ÐµÐ¼Ð°Ð»Ð°
     got: Республика Гватемала
 ; [cca2=GT].translations.slk.official
Expected: GuatemalskÃ¡ republika
     got: Guatemalská republika
 ; [cca2=GT].translations.spa.official
Expected: RepÃºblica de Guatemala
     got: República de Guatemala
 ; [cca2=GT].translations.srp.common
Expected: Ð“Ð²Ð°Ñ‚ÐµÐ¼Ð°Ð»Ð°
     got: Гватемала
 ; [cca2=GT].translations.srp.official
Expected: Ð ÐµÐ¿ÑƒÐ±Ð»Ð¸ÐºÐ° Ð“Ð²Ð°Ñ‚ÐµÐ¼Ð°Ð»Ð°
     got: Република Гватемала
 ; [cca2=GT].translations.urd.common
Expected: Ú¯ÙˆØ§ØªÛŒÙ…Ø§Ù„Ø§
     got: گواتیمالا
 ; [cca2=GT].translations.urd.official
Expected: Ø¬Ù…Û�ÙˆØ±ÛŒÛ� Ú¯ÙˆØ§ØªÛŒÙ…Ø§Ù„Ø§
     got: جمہوریہ گواتیمالا
 ; [cca2=GT].translations.zho.common
Expected: å�±åœ°é©¬æ‹‰
     got: 危地马拉
 ; [cca2=GT].translations.zho.official
Expected: å�±åœ°é©¬æ‹‰å…±å’Œå›½
     got: 危地马拉共和国
 ; [cca2=GU].altSpellings[]
Expected: GuÃ¥hÃ¥n
     but none found
 ; [cca2=GU].altSpellings[]
Unexpected: Guåhån
 ; [cca2=GU].capital[]
Expected: HagÃ¥tÃ±a
     but none found
 ; [cca2=GU].capital[]
Unexpected: Hagåtña
 ; [cca2=GU].flag
Expected: ðŸ‡¬ðŸ‡º
     got: 🇬🇺
 ; [cca2=GU].name.nativeName.cha.common
Expected: GuÃ¥hÃ¥n
     got: Guåhån
 ; [cca2=GU].name.nativeName.cha.official
Expected: GuÃ¥hÃ¥n
     got: Guåhån
 ; [cca2=GU].translations.ara.common
Expected: ØºÙˆØ§Ù…
     got: غوام
 ; [cca2=GU].translations.ara.official
Expected: ØºÙˆØ§Ù…
     got: غوام
 ; [cca2=GU].translations.jpn.common
Expected: ã‚°ã‚¢ãƒ 
     got: グアム
 ; [cca2=GU].translations.jpn.official
Expected: ã‚°ã‚¢ãƒ 
     got: グアム
 ; [cca2=GU].translations.kor.common
Expected: ê´Œ
     got: 괌
 ; [cca2=GU].translations.kor.official
Expected: ê´Œ
     got: 괌
 ; [cca2=GU].translations.per.common
Expected: Ú¯ÙˆØ¢Ù…
     got: گوآم
 ; [cca2=GU].translations.per.official
Expected: Ú¯ÙˆØ¢Ù…
     got: گوآم
 ; [cca2=GU].translations.rus.common
Expected: Ð“ÑƒÐ°Ð¼
     got: Гуам
 ; [cca2=GU].translations.rus.official
Expected: Ð“ÑƒÐ°Ð¼
     got: Гуам
 ; [cca2=GU].translations.srp.common
Expected: Ð“ÑƒÐ°Ð¼
     got: Гуам
 ; [cca2=GU].translations.srp.official
Expected: Ð“ÑƒÐ°Ð¼
     got: Гуам
 ; [cca2=GU].translations.tur.official
Expected: Guam TopraÄŸÄ±
     got: Guam Toprağı
 ; [cca2=GU].translations.urd.common
Expected: Ú¯ÙˆØ§Ù…
     got: گوام
 ; [cca2=GU].translations.urd.official
Expected: Ú¯ÙˆØ§Ù…
     got: گوام
 ; [cca2=GU].translations.zho.common
Expected: å…³å²›
     got: 关岛
 ; [cca2=GU].translations.zho.official
Expected: å…³å²›
     got: 关岛
 ; [cca2=GW].altSpellings[]
Expected: RepÃºblica da GuinÃ©-Bissau
     but none found
 ; [cca2=GW].altSpellings[]
Unexpected: República da Guiné-Bissau
 ; [cca2=GW].demonyms.fra.f
Expected: Bissau-GuinÃ©enne
     got: Bissau-Guinéenne
 ; [cca2=GW].demonyms.fra.m
Expected: Bissau-GuinÃ©en
     got: Bissau-Guinéen
 ; [cca2=GW].flag
Expected: ðŸ‡¬ðŸ‡¼
     got: 🇬🇼
 ; [cca2=GW].name.nativeName.por.common
Expected: GuinÃ©-Bissau
     got: Guiné-Bissau
 ; [cca2=GW].name.nativeName.por.official
Expected: RepÃºblica da GuinÃ©-Bissau
     got: República da Guiné-Bissau
 ; [cca2=GW].name.nativeName.pov.common
Expected: GuinÃ©-Bissau
     got: Guiné-Bissau
 ; [cca2=GW].name.nativeName.pov.official
Expected: RepÃºblica da GuinÃ©-Bissau
     got: República da Guiné-Bissau
 ; [cca2=GW].translations.ara.common
Expected: ØºÙŠÙ†ÙŠØ§ Ø¨ÙŠØ³Ø§Ùˆ
     got: غينيا بيساو
 ; [cca2=GW].translations.ara.official
Expected: Ø¬Ù…Ù‡ÙˆØ±ÙŠØ© ØºÙŠÙ†ÙŠØ§ Ø¨ÙŠØ³Ø§Ùˆ
     got: جمهورية غينيا بيساو
 ; [cca2=GW].translations.fra.common
Expected: GuinÃ©e-Bissau
     got: Guinée-Bissau
 ; [cca2=GW].translations.fra.official
Expected: RÃ©publique de GuinÃ©e-Bissau
     got: République de Guinée-Bissau
 ; [cca2=GW].translations.hun.official
Expected: Bissau-Guineai KÃ¶ztÃ¡rsasÃ¡g
     got: Bissau-Guineai Köztársaság
 ; [cca2=GW].translations.jpn.common
Expected: ã‚®ãƒ‹ã‚¢ãƒ“ã‚µã‚¦
     got: ギニアビサウ
 ; [cca2=GW].translations.jpn.official
Expected: ã‚®ãƒ‹ã‚¢ãƒ“ã‚µã‚¦å…±å’Œå›½
     got: ギニアビサウ共和国
 ; [cca2=GW].translations.kor.common
Expected: ê¸°ë‹ˆë¹„ì‚¬ìš°
     got: 기니비사우
 ; [cca2=GW].translations.kor.official
Expected: ê¸°ë‹ˆë¹„ì‚¬ìš° ê³µí™”êµ­
     got: 기니비사우 공화국
 ; [cca2=GW].translations.per.common
Expected: Ú¯ÛŒÙ†Ù‡ Ø¨ÛŒØ³Ø§Ø¦Ùˆ
     got: گینه بیسائو
 ; [cca2=GW].translations.per.official
Expected: Ø¬Ù…Ù‡ÙˆØ±ÛŒ Ú¯ÛŒÙ†Ù‡ Ø¨ÛŒØ³Ø§Ø¦Ùˆ
     got: جمهوری گینه بیسائو
 ; [cca2=GW].translations.por.common
Expected: GuinÃ©-Bissau
     got: Guiné-Bissau
 ; [cca2=GW].translations.por.official
Expected: RepÃºblica da GuinÃ©-Bissau
     got: República da Guiné-Bissau
 ; [cca2=GW].translations.rus.common
Expected: Ð“Ð²Ð¸Ð½ÐµÑ�-Ð‘Ð¸Ñ�Ð°Ñƒ
     got: Гвинея-Бисау
 ; [cca2=GW].translations.rus.official
Expected: Ð ÐµÑ�Ð¿ÑƒÐ±Ð»Ð¸ÐºÐ° Ð“Ð²Ð¸Ð½ÐµÑ� -Ð‘Ð¸Ñ�Ð°Ñƒ
     got: Республика Гвинея -Бисау
 ; [cca2=GW].translations.slk.official
Expected: Guinejsko-bissauskÃ¡ republika
     got: Guinejsko-bissauská republika
 ; [cca2=GW].translations.spa.common
Expected: Guinea-BisÃ¡u
     got: Guinea-Bisáu
 ; [cca2=GW].translations.spa.official
Expected: RepÃºblica de Guinea-Bissau
     got: República de Guinea-Bissau
 ; [cca2=GW].translations.srp.common
Expected: Ð“Ð²Ð¸Ð½ÐµÑ˜Ð° Ð‘Ð¸Ñ�Ð°Ð¾
     got: Гвинеја Бисао
 ; [cca2=GW].translations.srp.official
Expected: Ð ÐµÐ¿ÑƒÐ±Ð»Ð¸ÐºÐ° Ð“Ð²Ð¸Ð½ÐµÑ˜Ð° Ð‘Ð¸Ñ�Ð°Ð¾
     got: Република Гвинеја Бисао
 ; [cca2=GW].translations.urd.common
Expected: Ú¯Ù†ÛŒ Ø¨Ø³Ø§Ø¤
     got: گنی بساؤ
 ; [cca2=GW].translations.urd.official
Expected: Ø¬Ù…Û�ÙˆØ±ÛŒÛ� Ú¯Ù†ÛŒ Ø¨Ø³Ø§Ø¤
     got: جمہوریہ گنی بساؤ
 ; [cca2=GW].translations.zho.common
Expected: å‡ å†…äºšæ¯”ç»�
     got: 几内亚比绍
 ; [cca2=GW].translations.zho.official
Expected: å‡ å†…äºšæ¯”ç»�å…±å’Œå›½
     got: 几内亚比绍共和国
 ; [cca2=GY].flag
Expected: ðŸ‡¬ðŸ‡¾
     got: 🇬🇾
 ; [cca2=GY].translations.ara.common
Expected: ØºÙŠØ§Ù†Ø§
     got: غيانا
 ; [cca2=GY].translations.ara.official
Expected: Ø¬Ù…Ù‡ÙˆØ±ÙŠØ© ØºÙŠØ§Ù†Ø§ Ø§Ù„ØªØ¹Ø§ÙˆÙ†ÙŠØ©
     got: جمهورية غيانا التعاونية
 ; [cca2=GY].translations.ces.official
Expected: KooperativnÃ­ republika Guyana
     got: Kooperativní republika Guyana
 ; [cca2=GY].translations.fra.official
Expected: RÃ©publique coopÃ©rative de Guyana
     got: République coopérative de Guyana
 ; [cca2=GY].translations.hun.official
Expected: Guyanai SzÃ¶vetkezeti KÃ¶ztÃ¡rsasÃ¡g
     got: Guyanai Szövetkezeti Köztársaság
 ; [cca2=GY].translations.jpn.common
Expected: ã‚¬ã‚¤ã‚¢ãƒŠ
     got: ガイアナ
 ; [cca2=GY].translations.jpn.official
Expected: ã‚¬ã‚¤ã‚¢ãƒŠã�®å�”å�Œå…±å’Œå›½
     got: ガイアナの協同共和国
 ; [cca2=GY].translations.kor.common
Expected: ê°€ì�´ì•„ë‚˜
     got: 가이아나
 ; [cca2=GY].translations.kor.official
Expected: ê°€ì�´ì•„ë‚˜ í˜‘ë�™ ê³µí™”êµ­
     got: 가이아나 협동 공화국
 ; [cca2=GY].translations.nld.official
Expected: CoÃ¶peratieve Republiek Guyana
     got: Coöperatieve Republiek Guyana
 ; [cca2=GY].translations.per.common
Expected: Ú¯ÙˆÛŒØ§Ù†
     got: گویان
 ; [cca2=GY].translations.per.official
Expected: Ø¬Ù…Ù‡ÙˆØ±ÛŒ ØªØ¹Ø§ÙˆÙ†ÛŒ Ú¯ÙˆÛŒØ§Ù†
     got: جمهوری تعاونی گویان
 ; [cca2=GY].translations.por.official
Expected: Co -operative RepÃºblica da Guiana
     got: Co -operative República da Guiana
 ; [cca2=GY].translations.rus.common
Expected: Ð“Ð°Ð¹Ð°Ð½Ð°
     got: Гайана
 ; [cca2=GY].translations.rus.official
Expected: ÐšÐ¾Ð¾Ð¿ÐµÑ€Ð°Ñ‚Ð¸Ð²Ð½Ð°Ñ� Ð ÐµÑ�Ð¿ÑƒÐ±Ð»Ð¸ÐºÐ° Ð“Ð°Ð¹Ð°Ð½Ð°
     got: Кооперативная Республика Гайана
 ; [cca2=GY].translations.slk.official
Expected: GuyanskÃ¡ kooperatÃ­vna republika
     got: Guyanská kooperatívna republika
 ; [cca2=GY].translations.spa.official
Expected: RepÃºblica Cooperativa de Guyana
     got: República Cooperativa de Guyana
 ; [cca2=GY].translations.srp.common
Expected: Ð“Ð²Ð°Ñ˜Ð°Ð½Ð°
     got: Гвајана
 ; [cca2=GY].translations.srp.official
Expected: ÐšÐ¾Ð¾Ð¿ÐµÑ€Ð°Ñ‚Ð¸Ð²Ð½Ð° Ð ÐµÐ¿ÑƒÐ±Ð»Ð¸ÐºÐ° Ð“Ð²Ð°Ñ˜Ð°Ð½Ð°
     got: Кооперативна Република Гвајана
 ; [cca2=GY].translations.urd.common
Expected: Ú¯ÛŒØ§Ù†Ø§
     got: گیانا
 ; [cca2=GY].translations.urd.official
Expected: ØªØ¹Ø§ÙˆÙ†ÛŒ Ø¬Ù…Û�ÙˆØ±ÛŒÛ� Ú¯ÛŒØ§Ù†Ø§
     got: تعاونی جمہوریہ گیانا
 ; [cca2=GY].translations.zho.common
Expected: åœ­äºšé‚£
     got: 圭亚那
 ; [cca2=GY].translations.zho.official
Expected: åœ­äºšé‚£å…±å’Œå›½
     got: 圭亚那共和国
 ; [cca2=XK].altSpellings[]
Expected: Ð ÐµÐ¿ÑƒÐ±Ð»Ð¸ÐºÐ° ÐšÐ¾Ñ�Ð¾Ð²Ð¾
     but none found
 ; [cca2=XK].altSpellings[]
Unexpected: Република Косово
 ; [cca2=XK].currencies.EUR.symbol
Expected: â‚¬
     got: €
 ; [cca2=XK].flag
Expected: ðŸ‡½ðŸ‡°
     got: 🇽🇰
 ; [cca2=XK].name.nativeName.sqi.official
Expected: Republika e KosovÃ«s
     got: Republika e Kosovës
 ; [cca2=XK].name.nativeName.srp.common
Expected: ÐšÐ¾Ñ�Ð¾Ð²Ð¾
     got: Косово
 ; [cca2=XK].name.nativeName.srp.official
Expected: Ð ÐµÐ¿ÑƒÐ±Ð»Ð¸ÐºÐ° ÐšÐ¾Ñ�Ð¾Ð²Ð¾
     got: Република Косово
 ; [cca2=XK].translations.ara.common
Expected: ÙƒÙˆØ³ÙˆÙ�Ùˆ
     got: كوسوفو
 ; [cca2=XK].translations.ara.official
Expected: Ø¬Ù…Ù‡ÙˆØ±ÙŠØ© ÙƒÙˆØ³ÙˆÙ�Ùˆ
     got: جمهورية كوسوفو
 ; [cca2=XK].translations.ces.official
Expected: KosovskÃ¡ republika
     got: Kosovská republika
 ; [cca2=XK].translations.fra.official
Expected: RÃ©publique du Kosovo
     got: République du Kosovo
 ; [cca2=XK].translations.hun.common
Expected: KoszovÃ³
     got: Koszovó
 ; [cca2=XK].translations.hun.official
Expected: KoszovÃ³
     got: Koszovó
 ; [cca2=XK].translations.kor.common
Expected: ì½”ì†Œë³´
     got: 코소보
 ; [cca2=XK].translations.kor.official
Expected: ì½”ì†Œë³´ ê³µí™”êµ­
     got: 코소보 공화국
 ; [cca2=XK].translations.per.common
Expected: Ú©ÙˆØ²ÙˆÙˆ
     got: کوزوو
 ; [cca2=XK].translations.per.official
Expected: Ø¬Ù…Ù‡ÙˆØ±ÛŒ Ú©ÙˆØ²ÙˆÙˆ
     got: جمهوری کوزوو
 ; [cca2=XK].translations.por.official
Expected: RepÃºblica do Kosovo
     got: República do Kosovo
 ; [cca2=XK].translations.rus.common
Expected: Ð ÐµÑ�Ð¿ÑƒÐ±Ð»Ð¸ÐºÐ° ÐšÐ¾Ñ�Ð¾Ð²Ð¾
     got: Республика Косово
 ; [cca2=XK].translations.rus.official
Expected: Ð ÐµÑ�Ð¿ÑƒÐ±Ð»Ð¸ÐºÐ° ÐšÐ¾Ñ�Ð¾Ð²Ð¾
     got: Республика Косово
 ; [cca2=XK].translations.spa.official
Expected: RepÃºblica de Kosovo
     got: República de Kosovo
 ; [cca2=XK].translations.srp.common
Expected: ÐšÐ¾Ñ�Ð¾Ð²Ð¾
     got: Косово
 ; [cca2=XK].translations.srp.official
Expected: Ð ÐµÐ¿ÑƒÐ±Ð»Ð¸ÐºÐ° ÐšÐ¾Ñ�Ð¾Ð²Ð¾
     got: Република Косово
 ; [cca2=XK].translations.urd.common
Expected: Ú©ÙˆØ³ÙˆÙˆÛ�
     got: کوسووہ
 ; [cca2=XK].translations.urd.official
Expected: Ø¬Ù…Û�ÙˆØ±ÛŒÛ� Ú©ÙˆØ³ÙˆÙˆÛ�
     got: جمہوریہ کوسووہ
 ; [cca2=XK].translations.zho.common
Expected: ç§‘ç´¢æ²ƒ
     got: 科索沃
 ; [cca2=XK].translations.zho.official
Expected: ç§‘ç´¢æ²ƒå…±å’Œå›½
     got: 科索沃共和国
 ; [cca2=HK].flag
Expected: ðŸ‡­ðŸ‡°
     got: 🇭🇰
 ; [cca2=HK].name.nativeName.zho.common
Expected: é¦™æ¸¯
     got: 香港
 ; [cca2=HK].name.nativeName.zho.official
Expected: ä¸­å�Žäººæ°‘å…±å’Œå›½é¦™æ¸¯ç‰¹åˆ«è¡Œæ”¿åŒº
     got: 中华人民共和国香港特别行政区
 ; [cca2=HK].tld[]
Expected: .é¦™æ¸¯
     but none found
 ; [cca2=HK].tld[]
Unexpected: .香港
 ; [cca2=HK].translations.ara.common
Expected: Ù‡ÙˆÙ†Øº ÙƒÙˆÙ†Øº
     got: هونغ كونغ
 ; [cca2=HK].translations.ara.official
Expected: Ù…Ù†Ø·Ù‚Ø© Ù‡ÙˆÙ†Øº ÙƒÙˆÙ†Øº Ø§Ù„Ø§Ø¯Ø§Ø±ÙŠØ© Ø§Ù„ØªØ§Ø¨Ø¹Ø© Ù„Ø¬Ù…Ù‡ÙˆØ±ÙŠØ© Ø§Ù„ØµÙŠÙ† Ø§Ù„Ø´Ø¹Ø¨ÙŠØ©
     got: منطقة هونغ كونغ الادارية التابعة لجمهورية الصين الشعبية
 ; [cca2=HK].translations.ces.official
Expected: ZvlÃ¡Å¡tnÃ­ administrativnÃ­ oblast ÄŒÃ­nskÃ© lidovÃ© republiky Hongkong
     got: Zvláštní administrativní oblast Čínské lidové republiky Hongkong
 ; [cca2=HK].translations.fra.official
Expected: RÃ©gion administrative spÃ©ciale de Hong Kong de la RÃ©publique populaire de Chine
     got: Région administrative spéciale de Hong Kong de la République populaire de Chine
 ; [cca2=HK].translations.hrv.official
Expected: Hong Kong Posebnog upravnog podruÄ�jaNarodne Republike Kine
     got: Hong Kong Posebnog upravnog područjaNarodne Republike Kine
 ; [cca2=HK].translations.jpn.common
Expected: é¦™æ¸¯
     got: 香港
 ; [cca2=HK].translations.jpn.official
Expected: ä¸­è�¯äººæ°‘å…±å’Œå›½é¦™æ¸¯ç‰¹åˆ¥è¡Œæ”¿åŒº
     got: 中華人民共和国香港特別行政区
 ; [cca2=HK].translations.kor.common
Expected: í™�ì½©
     got: 홍콩
 ; [cca2=HK].translations.kor.official
Expected: ì¤‘í™”ì�¸ë¯¼ê³µí™”êµ­ í™�ì½© íŠ¹ë³„í–‰ì •êµ¬
     got: 중화인민공화국 홍콩 특별행정구
 ; [cca2=HK].translations.per.common
Expected: Ù‡Ù�Ù†Ú¯ Ú©Ù�Ù†Ú¯
     got: هُنگ کُنگ
 ; [cca2=HK].translations.per.official
Expected: Ù‡Ù�Ù†Ú¯ Ú©Ù�Ù†Ú¯
     got: هُنگ کُنگ
 ; [cca2=HK].translations.pol.official
Expected: Specjalny Region Administracyjny ChiÅ„skiej Republiki Ludowej Hongkong
     got: Specjalny Region Administracyjny Chińskiej Republiki Ludowej Hongkong
 ; [cca2=HK].translations.por.official
Expected: Hong Kong RegiÃ£o Administrativa Especial da RepÃºblica Popular da China
     got: Hong Kong Região Administrativa Especial da República Popular da China
 ; [cca2=HK].translations.rus.common
Expected: Ð“Ð¾Ð½ÐºÐ¾Ð½Ð³
     got: Гонконг
 ; [cca2=HK].translations.rus.official
Expected: Hong Kong Ð¡Ð¿ÐµÑ†Ð¸Ð°Ð»ÑŒÐ½Ñ‹Ð¹ Ð°Ð´Ð¼Ð¸Ð½Ð¸Ñ�Ñ‚Ñ€Ð°Ñ‚Ð¸Ð²Ð½Ñ‹Ð¹ Ñ€Ð°Ð¹Ð¾Ð½ ÐšÐ¸Ñ‚Ð°Ð¹Ñ�ÐºÐ¾Ð¹ Ð�Ð°Ñ€Ð¾Ð´Ð½Ð¾Ð¹ Ð ÐµÑ�Ð¿ÑƒÐ±Ð»Ð¸ÐºÐ¸ ÐšÐ¸Ñ‚Ð°Ñ�
     got: Hong Kong Специальный административный район Китайской Народной Республики Китая
 ; [cca2=HK].translations.slk.official
Expected: Å peciÃ¡lna administratÃ­vna oblasÅ¥ÄŒÃ­nskej Ä¾udovej republiky Hongkong
     got: Špeciálna administratívna oblasťČínskej ľudovej republiky Hongkong
 ; [cca2=HK].translations.spa.official
Expected: Hong Kong RegiÃ³n Administrativa Especial de la RepÃºblica Popular China
     got: Hong Kong Región Administrativa Especial de la República Popular China
 ; [cca2=HK].translations.srp.common
Expected: Ð¥Ð¾Ð½Ð³ÐºÐ¾Ð½Ð³
     got: Хонгконг
 ; [cca2=HK].translations.srp.official
Expected: Ð¥Ð¾Ð½Ð³ÐºÐ¾Ð½Ð³ Ñ�Ð¿ÐµÑ†Ð¸Ñ˜Ð°Ð»Ð½Ð° Ð°Ð´Ð¼Ð¸Ð½Ð¸Ñ�Ñ‚Ñ€Ð°Ñ‚Ð¸Ð²Ð½Ð° Ð¾Ð±Ð»Ð°Ñ�Ñ‚ Ð�Ð°Ñ€Ð¾Ð´Ð½Ðµ Ð ÐµÐ¿ÑƒÐ±Ð»Ð¸ÐºÐµ ÐšÐ¸Ð½Ðµ
     got: Хонгконг специјална административна област Народне Републике Кине
 ; [cca2=HK].translations.tur.official
Expected: Ã‡in Halk Cumhuriyeti Hong Kong Ã–zel Ä°dari BÃ¶lgesi
     got: Çin Halk Cumhuriyeti Hong Kong Özel İdari Bölgesi
 ; [cca2=HK].translations.urd.common
Expected: Û�Ø§Ù†Ú¯ Ú©Ø§Ù†Ú¯
     got: ہانگ کانگ
 ; [cca2=HK].translations.urd.official
Expected: Û�Ø§Ù†Ú¯ Ú©Ø§Ù†Ú¯ Ø¹ÙˆØ§Ù…ÛŒ Ø¬Ù…Û�ÙˆØ±ÛŒÛ� Ú†ÛŒÙ† Ú©Ø§ Ø®ØµÙˆØµÛŒ Ø§Ù†ØªØ¸Ø§Ù…ÛŒ Ø¹Ù„Ø§Ù‚Û�
     got: ہانگ کانگ عوامی جمہوریہ چین کا خصوصی انتظامی علاقہ
 ; [cca2=HM].flag
Expected: ðŸ‡­ðŸ‡²
     got: 🇭🇲
 ; [cca2=HM].translations.ara.common
Expected: Ø¬Ø²ÙŠØ±Ø© Ù‡ÙŠØ±Ø¯ ÙˆØ¬Ø²Ø± Ù…Ø§ÙƒØ¯ÙˆÙ†Ø§Ù„Ø¯
     got: جزيرة هيرد وجزر ماكدونالد
 ; [cca2=HM].translations.ara.official
Expected: Ø¬Ø²ÙŠØ±Ø© Ù‡ÙŠØ±Ø¯ ÙˆØ¬Ø²Ø± Ù…Ø§ÙƒØ¯ÙˆÙ†Ø§Ù„Ø¯
     got: جزيرة هيرد وجزر ماكدونالد
 ; [cca2=HM].translations.ces.common
Expected: HeardÅ¯v ostrov a McDonaldovy ostrovy
     got: Heardův ostrov a McDonaldovy ostrovy
 ; [cca2=HM].translations.ces.official
Expected: HeardÅ¯v ostrov a McDonaldovy ostrovy
     got: Heardův ostrov a McDonaldovy ostrovy
 ; [cca2=HM].translations.fra.common
Expected: ÃŽles Heard-et-MacDonald
     got: Îles Heard-et-MacDonald
 ; [cca2=HM].translations.fra.official
Expected: Des Ã®les Heard et McDonald
     got: Des îles Heard et McDonald
 ; [cca2=HM].translations.hrv.common
Expected: Otok Heard i otoÄ�je McDonald
     got: Otok Heard i otočje McDonald
 ; [cca2=HM].translations.hrv.official
Expected: Otok Heard i otoÄ�je McDonald
     got: Otok Heard i otočje McDonald
 ; [cca2=HM].translations.hun.common
Expected: Heard-sziget Ã©s McDonald-szigetek
     got: Heard-sziget és McDonald-szigetek
 ; [cca2=HM].translations.hun.official
Expected: Heard-sziget Ã©s McDonald-szigetek
     got: Heard-sziget és McDonald-szigetek
 ; [cca2=HM].translations.jpn.common
Expected: ãƒ�ãƒ¼ãƒ‰å³¶ã�¨ãƒžã‚¯ãƒ‰ãƒŠãƒ«ãƒ‰è«¸å³¶
     got: ハード島とマクドナルド諸島
 ; [cca2=HM].translations.jpn.official
Expected: ãƒ�ãƒ¼ãƒ‰å³¶ã�¨ãƒžã‚¯ãƒ‰ãƒŠãƒ«ãƒ‰è«¸å³¶
     got: ハード島とマクドナルド諸島
 ; [cca2=HM].translations.kor.common
Expected: í—ˆë“œ ë§¥ë�„ë„�ë“œ ì œë�„
     got: 허드 맥도널드 제도
 ; [cca2=HM].translations.kor.official
Expected: í—ˆë“œ ë§¥ë�„ë„�ë“œ ì œë�„
     got: 허드 맥도널드 제도
 ; [cca2=HM].translations.per.common
Expected: Ø¬Ø²ÛŒØ±Ù‡ Ù‡Ø±Ø¯ Ùˆ Ø¬Ø²Ø§ÛŒØ± Ù…Ú©â€ŒØ¯ÙˆÙ†Ø§Ù„Ø¯
     got: جزیره هرد و جزایر مک‌دونالد
 ; [cca2=HM].translations.per.official
Expected: Ø¬Ø²ÛŒØ±Ù‡ Ù‡Ø±Ø¯ Ùˆ Ø¬Ø²Ø§ÛŒØ± Ù…Ú©â€ŒØ¯ÙˆÙ†Ø§Ù„Ø¯
     got: جزیره هرد و جزایر مک‌دونالد
 ; [cca2=HM].translations.rus.common
Expected: ÐžÑ�Ñ‚Ñ€Ð¾Ð² Ð¥ÐµÑ€Ð´ Ð¸ Ð¾Ñ�Ñ‚Ñ€Ð¾Ð²Ð° ÐœÐ°ÐºÐ´Ð¾Ð½Ð°Ð»ÑŒÐ´
     got: Остров Херд и острова Макдональд
 ; [cca2=HM].translations.rus.official
Expected: ÐžÑ�Ñ‚Ñ€Ð¾Ð² Ð¥ÐµÑ€Ð´ Ð¸ Ð¾Ñ�Ñ‚Ñ€Ð¾Ð²Ð° ÐœÐ°ÐºÐ´Ð¾Ð½Ð°Ð»ÑŒÐ´
     got: Остров Херд и острова Макдональд
 ; [cca2=HM].translations.slk.official
Expected: TeritÃ³rium Heardovho ostrova a MacdonaldovÃ½ch ostrovov
     got: Teritórium Heardovho ostrova a Macdonaldových ostrovov
 ; [cca2=HM].translations.srp.common
Expected: ÐžÑ�Ñ‚Ñ€Ð²Ð° Ð¥ÐµÑ€Ð´ Ð¸ ÐœÐ°ÐºÐ´Ð¾Ð½Ð°Ð»Ð´
     got: Острва Херд и Макдоналд
 ; [cca2=HM].translations.srp.official
Expected: ÐžÑ�Ñ‚Ñ€Ð²Ð° Ð¥ÐµÑ€Ð´ Ð¸ ÐœÐ°ÐºÐ´Ð¾Ð½Ð°Ð»Ð´
     got: Острва Херд и Макдоналд
 ; [cca2=HM].translations.swe.common
Expected: Heard- och McDonaldÃ¶arna
     got: Heard- och McDonaldöarna
 ; [cca2=HM].translations.swe.official
Expected: Heard- och McDonaldÃ¶arna
     got: Heard- och McDonaldöarna
 ; [cca2=HM].translations.tur.common
Expected: Heard AdasÄ± ve McDonald AdalarÄ±
     got: Heard Adası ve McDonald Adaları
 ; [cca2=HM].translations.tur.official
Expected: Heard AdasÄ± ve McDonald AdalarÄ±
     got: Heard Adası ve McDonald Adaları
 ; [cca2=HM].translations.urd.common
Expected: Ø¬Ø²ÛŒØ±Û� Û�Ø±Úˆ Ùˆ Ø¬Ø²Ø§Ø¦Ø± Ù…Ú©ÚˆÙˆÙ†Ù„Úˆ
     got: جزیرہ ہرڈ و جزائر مکڈونلڈ
 ; [cca2=HM].translations.urd.official
Expected: Ø¬Ø²ÛŒØ±Û� Û�Ø±Úˆ Ùˆ Ø¬Ø²Ø§Ø¦Ø± Ù…Ú©ÚˆÙˆÙ†Ù„Úˆ
     got: جزیرہ ہرڈ و جزائر مکڈونلڈ
 ; [cca2=HM].translations.zho.common
Expected: èµ«å¾·å²›å’Œéº¦å½“åŠ³ç¾¤å²›
     got: 赫德岛和麦当劳群岛
 ; [cca2=HM].translations.zho.official
Expected: èµ«å¾·å²›å’Œéº¦å½“åŠ³ç¾¤å²›
     got: 赫德岛和麦当劳群岛
 ; [cca2=HN].altSpellings[]
Expected: RepÃºblica de Honduras
     but none found
 ; [cca2=HN].altSpellings[]
Unexpected: República de Honduras
 ; [cca2=HN].flag
Expected: ðŸ‡­ðŸ‡³
     got: 🇭🇳
 ; [cca2=HN].name.nativeName.spa.official
Expected: RepÃºblica de Honduras
     got: República de Honduras
 ; [cca2=HN].translations.ara.common
Expected: Ù‡Ù†Ø¯ÙˆØ±Ø§Ø³
     got: هندوراس
 ; [cca2=HN].translations.ara.official
Expected: Ø¬Ù…Ù‡ÙˆØ±ÙŠØ© Ù‡Ù†Ø¯ÙˆØ±Ø§Ø³
     got: جمهورية هندوراس
 ; [cca2=HN].translations.ces.official
Expected: HonduraskÃ¡ republika
     got: Honduraská republika
 ; [cca2=HN].translations.fra.official
Expected: RÃ©publique du Honduras
     got: République du Honduras
 ; [cca2=HN].translations.hun.official
Expected: Hondurasi KÃ¶ztÃ¡rsasÃ¡g
     got: Hondurasi Köztársaság
 ; [cca2=HN].translations.jpn.common
Expected: ãƒ›ãƒ³ã‚¸ãƒ¥ãƒ©ã‚¹
     got: ホンジュラス
 ; [cca2=HN].translations.jpn.official
Expected: ãƒ›ãƒ³ã‚¸ãƒ¥ãƒ©ã‚¹å…±å’Œå›½
     got: ホンジュラス共和国
 ; [cca2=HN].translations.kor.common
Expected: ì˜¨ë‘�ë�¼ìŠ¤
     got: 온두라스
 ; [cca2=HN].translations.kor.official
Expected: ì˜¨ë‘�ë�¼ìŠ¤ ê³µí™”êµ­
     got: 온두라스 공화국
 ; [cca2=HN].translations.per.common
Expected: Ù‡Ù�Ù†Ø¯ÙˆØ±Ø§Ø³
     got: هُندوراس
 ; [cca2=HN].translations.per.official
Expected: Ø¬Ù…Ù‡ÙˆØ±ÛŒ Ù‡Ù†Ø¯ÙˆØ±Ø§Ø³
     got: جمهوری هندوراس
 ; [cca2=HN].translations.por.official
Expected: RepÃºblica de Honduras
     got: República de Honduras
 ; [cca2=HN].translations.rus.common
Expected: Ð“Ð¾Ð½Ð´ÑƒÑ€Ð°Ñ�
     got: Гондурас
 ; [cca2=HN].translations.rus.official
Expected: Ð ÐµÑ�Ð¿ÑƒÐ±Ð»Ð¸ÐºÐ° Ð“Ð¾Ð½Ð´ÑƒÑ€Ð°Ñ�
     got: Республика Гондурас
 ; [cca2=HN].translations.slk.official
Expected: HonduraskÃ¡ republika
     got: Honduraská republika
 ; [cca2=HN].translations.spa.official
Expected: RepÃºblica de Honduras
     got: República de Honduras
 ; [cca2=HN].translations.srp.common
Expected: Ð¥Ð¾Ð½Ð´ÑƒÑ€Ð°Ñ�
     got: Хондурас
 ; [cca2=HN].translations.srp.official
Expected: Ð ÐµÐ¿ÑƒÐ±Ð»Ð¸ÐºÐ° Ð¥Ð¾Ð½Ð´ÑƒÑ€Ð°Ñ�
     got: Република Хондурас
 ; [cca2=HN].translations.urd.common
Expected: Û�ÙˆÙ†ÚˆÙˆØ±Ø§Ø³
     got: ہونڈوراس
 ; [cca2=HN].translations.urd.official
Expected: Ø¬Ù…Û�ÙˆØ±ÛŒÛ� Û�ÙˆÙ†ÚˆÙˆØ±Ø§Ø³
     got: جمہوریہ ہونڈوراس
 ; [cca2=HN].translations.zho.common
Expected: æ´ªéƒ½æ‹‰æ–¯
     got: 洪都拉斯
 ; [cca2=HN].translations.zho.official
Expected: æ´ªéƒ½æ‹‰æ–¯å…±å’Œå›½
     got: 洪都拉斯共和国
 ; [cca2=HR].currencies.EUR.symbol
Expected: â‚¬
     got: €
 ; [cca2=HR].flag
Expected: ðŸ‡­ðŸ‡·
     got: 🇭🇷
 ; [cca2=HR].translations.ara.common
Expected: ÙƒØ±ÙˆØ§ØªÙŠØ§
     got: كرواتيا
 ; [cca2=HR].translations.ara.official
Expected: Ø¬Ù…Ù‡ÙˆØ±ÙŠØ© ÙƒØ±ÙˆØ§ØªÙŠØ§
     got: جمهورية كرواتيا
 ; [cca2=HR].translations.ces.official
Expected: ChorvatskÃ¡ republika
     got: Chorvatská republika
 ; [cca2=HR].translations.fra.official
Expected: RÃ©publique de Croatie
     got: République de Croatie
 ; [cca2=HR].translations.hun.common
Expected: HorvÃ¡torszÃ¡g
     got: Horvátország
 ; [cca2=HR].translations.hun.official
Expected: HorvÃ¡t KÃ¶ztÃ¡rsasÃ¡g
     got: Horvát Köztársaság
 ; [cca2=HR].translations.jpn.common
Expected: ã‚¯ãƒ­ã‚¢ãƒ�ã‚¢
     got: クロアチア
 ; [cca2=HR].translations.jpn.official
Expected: ã‚¯ãƒ­ã‚¢ãƒ�ã‚¢å…±å’Œå›½
     got: クロアチア共和国
 ; [cca2=HR].translations.kor.common
Expected: í�¬ë¡œì•„í‹°ì•„
     got: 크로아티아
 ; [cca2=HR].translations.kor.official
Expected: í�¬ë¡œì•„í‹°ì•„ ê³µí™”êµ­
     got: 크로아티아 공화국
 ; [cca2=HR].translations.nld.common
Expected: KroatiÃ«
     got: Kroatië
 ; [cca2=HR].translations.nld.official
Expected: Republiek KroatiÃ«
     got: Republiek Kroatië
 ; [cca2=HR].translations.per.common
Expected: Ú©Ø±Ù�ÙˆØ§Ø³ÛŒ
     got: کرُواسی
 ; [cca2=HR].translations.per.official
Expected: Ø¬Ù…Ù‡ÙˆØ±ÛŒ Ú©Ø±ÙˆØ§Ø³ÛŒ
     got: جمهوری کرواسی
 ; [cca2=HR].translations.por.common
Expected: CroÃ¡cia
     got: Croácia
 ; [cca2=HR].translations.por.official
Expected: RepÃºblica da CroÃ¡cia
     got: República da Croácia
 ; [cca2=HR].translations.rus.common
Expected: Ð¥Ð¾Ñ€Ð²Ð°Ñ‚Ð¸Ñ�
     got: Хорватия
 ; [cca2=HR].translations.rus.official
Expected: Ð ÐµÑ�Ð¿ÑƒÐ±Ð»Ð¸ÐºÐ° Ð¥Ð¾Ñ€Ð²Ð°Ñ‚Ð¸Ñ�
     got: Республика Хорватия
 ; [cca2=HR].translations.slk.common
Expected: ChorvÃ¡tsko
     got: Chorvátsko
 ; [cca2=HR].translations.slk.official
Expected: ChorvÃ¡tska republika
     got: Chorvátska republika
 ; [cca2=HR].translations.spa.official
Expected: RepÃºblica de Croacia
     got: República de Croacia
 ; [cca2=HR].translations.srp.common
Expected: Ð¥Ñ€Ð²Ð°Ñ‚Ñ�ÐºÐ°
     got: Хрватска
 ; [cca2=HR].translations.srp.official
Expected: Ð ÐµÐ¿ÑƒÐ±Ð»Ð¸ÐºÐ° Ð¥Ñ€Ð²Ð°Ñ‚Ñ�ÐºÐ°
     got: Република Хрватска
 ; [cca2=HR].translations.tur.common
Expected: HÄ±rvatistan
     got: Hırvatistan
 ; [cca2=HR].translations.tur.official
Expected: HÄ±rvatistan Cumhuriyeti
     got: Hırvatistan Cumhuriyeti
 ; [cca2=HR].translations.urd.common
Expected: Ú©Ø±ÙˆÛŒØ¦Ø´Ø§
     got: کرویئشا
 ; [cca2=HR].translations.urd.official
Expected: Ø¬Ù…Û�ÙˆØ±ÛŒÛ� Ú©Ø±ÙˆÛŒØ¦Ø´Ø§
     got: جمہوریہ کرویئشا
 ; [cca2=HR].translations.zho.common
Expected: å…‹ç½—åœ°äºš
     got: 克罗地亚
 ; [cca2=HR].translations.zho.official
Expected: å…‹ç½—åœ°äºšå…±å’Œå›½
     got: 克罗地亚共和国
 ; [cca2=HT].altSpellings[]
Expected: RÃ©publique d&apos;HaÃ¯ti
     but none found
 ; [cca2=HT].altSpellings[]
Unexpected: République d&apos;Haïti
 ; [cca2=HT].demonyms.fra.f
Expected: HaÃ¯tienne
     got: Haïtienne
 ; [cca2=HT].demonyms.fra.m
Expected: HaÃ¯tien
     got: Haïtien
 ; [cca2=HT].flag
Expected: ðŸ‡­ðŸ‡¹
     got: 🇭🇹
 ; [cca2=HT].name.nativeName.fra.common
Expected: HaÃ¯ti
     got: Haïti
 ; [cca2=HT].name.nativeName.fra.official
Expected: RÃ©publique d&apos;HaÃ¯ti
     got: République d&apos;Haïti
 ; [cca2=HT].translations.ara.common
Expected: Ù‡Ø§ÙŠØªÙŠ
     got: هايتي
 ; [cca2=HT].translations.ara.official
Expected: Ø¬Ù…Ù‡ÙˆØ±ÙŠØ© Ù‡Ø§ÙŠØªÙŠ
     got: جمهورية هايتي
 ; [cca2=HT].translations.fra.common
Expected: HaÃ¯ti
     got: Haïti
 ; [cca2=HT].translations.fra.official
Expected: RÃ©publique d&apos;HaÃ¯ti
     got: République d&apos;Haïti
 ; [cca2=HT].translations.hun.official
Expected: Haiti KÃ¶ztÃ¡rsasÃ¡g
     got: Haiti Köztársaság
 ; [cca2=HT].translations.jpn.common
Expected: ãƒ�ã‚¤ãƒ�
     got: ハイチ
 ; [cca2=HT].translations.jpn.official
Expected: ãƒ�ã‚¤ãƒ�å…±å’Œå›½
     got: ハイチ共和国
 ; [cca2=HT].translations.kor.common
Expected: ì•„ì�´í‹°
     got: 아이티
 ; [cca2=HT].translations.kor.official
Expected: ì•„ì�´í‹° ê³µí™”êµ­
     got: 아이티 공화국
 ; [cca2=HT].translations.nld.common
Expected: HaÃ¯ti
     got: Haïti
 ; [cca2=HT].translations.nld.official
Expected: Republiek HaÃ¯ti
     got: Republiek Haïti
 ; [cca2=HT].translations.per.common
Expected: Ù‡Ø§Ø¦ÛŒØªÛŒ
     got: هائیتی
 ; [cca2=HT].translations.per.official
Expected: Ø¬Ù…Ù‡ÙˆØ±ÛŒ Ù‡Ø§Ø¦ÛŒØªÛŒ
     got: جمهوری هائیتی
 ; [cca2=HT].translations.por.official
Expected: RepÃºblica do Haiti
     got: República do Haiti
 ; [cca2=HT].translations.rus.common
Expected: Ð“Ð°Ð¸Ñ‚Ð¸
     got: Гаити
 ; [cca2=HT].translations.rus.official
Expected: Ð ÐµÑ�Ð¿ÑƒÐ±Ð»Ð¸ÐºÐ° Ð“Ð°Ð¸Ñ‚Ð¸
     got: Республика Гаити
 ; [cca2=HT].translations.slk.official
Expected: HaitskÃ¡ republika
     got: Haitská republika
 ; [cca2=HT].translations.spa.common
Expected: HaitÃ­
     got: Haití
 ; [cca2=HT].translations.spa.official
Expected: RepÃºblica de HaitÃ­
     got: República de Haití
 ; [cca2=HT].translations.srp.common
Expected: Ð¥Ð°Ð¸Ñ‚Ð¸
     got: Хаити
 ; [cca2=HT].translations.srp.official
Expected: Ð ÐµÐ¿ÑƒÐ±Ð»Ð¸ÐºÐ° Ð¥Ð°Ð¸Ñ‚Ð¸
     got: Република Хаити
 ; [cca2=HT].translations.urd.common
Expected: Û�ÛŒÙ¹ÛŒ
     got: ہیٹی
 ; [cca2=HT].translations.urd.official
Expected: Ø¬Ù…Û�ÙˆØ±ÛŒÛ� Û�ÛŒÙ¹ÛŒ
     got: جمہوریہ ہیٹی
 ; [cca2=HT].translations.zho.common
Expected: æµ·åœ°
     got: 海地
 ; [cca2=HT].translations.zho.official
Expected: æµ·åœ°å…±å’Œå›½
     got: 海地共和国
 ; [cca2=YE].altSpellings[]
Expected: al-JumhÅ«riyyah al-Yamaniyyah
     but none found
 ; [cca2=YE].altSpellings[]
Unexpected: al-Jumhūriyyah al-Yamaniyyah
 ; [cca2=YE].currencies.YER.symbol
Expected: ï·¼
     got: ﷼
 ; [cca2=YE].demonyms.fra.f
Expected: YÃ©mÃ©nite
     got: Yéménite
 ; [cca2=YE].demonyms.fra.m
Expected: YÃ©mÃ©nite
     got: Yéménite
 ; [cca2=YE].flag
Expected: ðŸ‡¾ðŸ‡ª
     got: 🇾🇪
 ; [cca2=YE].name.nativeName.ara.common
Expected: Ø§Ù„ÙŠÙŽÙ…ÙŽÙ†
     got: اليَمَن
 ; [cca2=YE].name.nativeName.ara.official
Expected: Ø§Ù„Ø¬Ù…Ù‡ÙˆØ±ÙŠØ© Ø§Ù„ÙŠÙ…Ù†ÙŠØ©
     got: الجمهورية اليمنية
 ; [cca2=YE].translations.ara.common
Expected: Ø§Ù„ÙŠÙ…Ù†
     got: اليمن
 ; [cca2=YE].translations.ara.official
Expected: Ø§Ù„Ø¬Ù…Ù‡ÙˆØ±ÙŠØ© Ø§Ù„ÙŠÙ…Ù†ÙŠØ©
     got: الجمهورية اليمنية
 ; [cca2=YE].translations.ces.official
Expected: JemenskÃ¡ republika
     got: Jemenská republika
 ; [cca2=YE].translations.fra.common
Expected: YÃ©men
     got: Yémen
 ; [cca2=YE].translations.fra.official
Expected: RÃ©publique du YÃ©men
     got: République du Yémen
 ; [cca2=YE].translations.hun.official
Expected: Jemeni KÃ¶ztÃ¡rsasÃ¡g
     got: Jemeni Köztársaság
 ; [cca2=YE].translations.jpn.common
Expected: ã‚¤ã‚¨ãƒ¡ãƒ³
     got: イエメン
 ; [cca2=YE].translations.jpn.official
Expected: ã‚¤ã‚¨ãƒ¡ãƒ³å…±å’Œå›½
     got: イエメン共和国
 ; [cca2=YE].translations.kor.common
Expected: ì˜ˆë©˜
     got: 예멘
 ; [cca2=YE].translations.kor.official
Expected: ì˜ˆë©˜ ê³µí™”êµ­
     got: 예멘 공화국
 ; [cca2=YE].translations.per.common
Expected: ÛŒÙ…Ù†
     got: یمن
 ; [cca2=YE].translations.per.official
Expected: Ø¬Ù…Ù‡ÙˆØ±ÛŒ ÛŒÙ…Ù†
     got: جمهوری یمن
 ; [cca2=YE].translations.pol.official
Expected: Republika JemeÅ„ska
     got: Republika Jemeńska
 ; [cca2=YE].translations.por.common
Expected: IÃ©men
     got: Iémen
 ; [cca2=YE].translations.por.official
Expected: RepÃºblica do IÃªmen
     got: República do Iêmen
 ; [cca2=YE].translations.rus.common
Expected: Ð™ÐµÐ¼ÐµÐ½
     got: Йемен
 ; [cca2=YE].translations.rus.official
Expected: Ð™ÐµÐ¼ÐµÐ½Ñ�ÐºÐ°Ñ� Ð ÐµÑ�Ð¿ÑƒÐ±Ð»Ð¸ÐºÐ°
     got: Йеменская Республика
 ; [cca2=YE].translations.slk.official
Expected: JemenskÃ¡ republika
     got: Jemenská republika
 ; [cca2=YE].translations.spa.official
Expected: RepÃºblica de Yemen
     got: República de Yemen
 ; [cca2=YE].translations.srp.common
Expected: ÐˆÐµÐ¼ÐµÐ½
     got: Јемен
 ; [cca2=YE].translations.srp.official
Expected: Ð ÐµÐ¿ÑƒÐ±Ð»Ð¸ÐºÐ° ÐˆÐµÐ¼ÐµÐ½
     got: Република Јемен
 ; [cca2=YE].translations.urd.common
Expected: ÛŒÙ…Ù†
     got: یمن
 ; [cca2=YE].translations.urd.official
Expected: Ø¬Ù…Û�ÙˆØ±ÛŒÛ� ÛŒÙ…Ù†
     got: جمہوریہ یمن
 ; [cca2=YE].translations.zho.common
Expected: ä¹Ÿé—¨
     got: 也门
 ; [cca2=YE].translations.zho.official
Expected: ä¹Ÿé—¨å…±å’Œå›½
     got: 也门共和国
 ; [cca2=HU].flag
Expected: ðŸ‡­ðŸ‡º
     got: 🇭🇺
 ; [cca2=HU].name.nativeName.hun.common
Expected: MagyarorszÃ¡g
     got: Magyarország
 ; [cca2=HU].name.nativeName.hun.official
Expected: MagyarorszÃ¡g
     got: Magyarország
 ; [cca2=HU].translations.ara.common
Expected: Ø§Ù„Ù…Ø¬Ø±
     got: المجر
 ; [cca2=HU].translations.ara.official
Expected: Ø§Ù„Ø¬Ù…Ù‡ÙˆØ±ÙŠØ© Ø§Ù„Ù…Ø¬Ø±ÙŠØ©
     got: الجمهورية المجرية
 ; [cca2=HU].translations.ces.common
Expected: MaÄ�arsko
     got: Maďarsko
 ; [cca2=HU].translations.ces.official
Expected: MaÄ�arsko
     got: Maďarsko
 ; [cca2=HU].translations.hrv.common
Expected: MaÄ‘arska
     got: Mađarska
 ; [cca2=HU].translations.hrv.official
Expected: MadÅ¾arska
     got: Madžarska
 ; [cca2=HU].translations.hun.common
Expected: MagyarorszÃ¡g
     got: Magyarország
 ; [cca2=HU].translations.hun.official
Expected: MagyarorszÃ¡g
     got: Magyarország
 ; [cca2=HU].translations.jpn.common
Expected: ãƒ�ãƒ³ã‚¬ãƒªãƒ¼
     got: ハンガリー
 ; [cca2=HU].translations.jpn.official
Expected: ãƒ�ãƒ³ã‚¬ãƒªãƒ¼
     got: ハンガリー
 ; [cca2=HU].translations.kor.common
Expected: í—�ê°€ë¦¬
     got: 헝가리
 ; [cca2=HU].translations.kor.official
Expected: í—�ê°€ë¦¬
     got: 헝가리
 ; [cca2=HU].translations.per.common
Expected: Ù…Ø¬Ø§Ø±Ø³ØªØ§Ù†
     got: مجارستان
 ; [cca2=HU].translations.per.official
Expected: Ù…Ø¬Ø§Ø±Ø³ØªØ§Ù†
     got: مجارستان
 ; [cca2=HU].translations.pol.common
Expected: WÄ™gry
     got: Węgry
 ; [cca2=HU].translations.pol.official
Expected: WÄ™gry
     got: Węgry
 ; [cca2=HU].translations.rus.common
Expected: Ð’ÐµÐ½Ð³Ñ€Ð¸Ñ�
     got: Венгрия
 ; [cca2=HU].translations.rus.official
Expected: Ð’ÐµÐ½Ð³Ñ€Ð¸Ñ�
     got: Венгрия
 ; [cca2=HU].translations.slk.common
Expected: MaÄ�arsko
     got: Maďarsko
 ; [cca2=HU].translations.slk.official
Expected: MaÄ�arsko
     got: Maďarsko
 ; [cca2=HU].translations.spa.common
Expected: HungrÃ­a
     got: Hungría
 ; [cca2=HU].translations.spa.official
Expected: HungrÃ­a
     got: Hungría
 ; [cca2=HU].translations.srp.common
Expected: ÐœÐ°Ñ’Ð°Ñ€Ñ�ÐºÐ°
     got: Мађарска
 ; [cca2=HU].translations.srp.official
Expected: ÐœÐ°Ñ’Ð°Ñ€Ñ�ÐºÐ°
     got: Мађарска
 ; [cca2=HU].translations.urd.common
Expected: Ù…Ø¬Ø§Ø±Ø³ØªØ§Ù†
     got: مجارستان
 ; [cca2=HU].translations.urd.official
Expected: Ù…Ø¬Ø§Ø±Ø³ØªØ§Ù†
     got: مجارستان
 ; [cca2=HU].translations.zho.common
Expected: åŒˆç‰™åˆ©
     got: 匈牙利
 ; [cca2=HU].translations.zho.official
Expected: åŒˆç‰™åˆ©
     got: 匈牙利
 ; [cca2=YT].altSpellings[]
Expected: DÃ©partement de Mayotte
     but none found
 ; [cca2=YT].altSpellings[]
Unexpected: Département de Mayotte
 ; [cca2=YT].currencies.EUR.symbol
Expected: â‚¬
     got: €
 ; [cca2=YT].flag
Expected: ðŸ‡¾ðŸ‡¹
     got: 🇾🇹
 ; [cca2=YT].name.nativeName.fra.official
Expected: DÃ©partement de Mayotte
     got: Département de Mayotte
 ; [cca2=YT].translations.ara.common
Expected: Ù…Ø§ÙŠÙˆØª
     got: مايوت
 ; [cca2=YT].translations.ara.official
Expected: Ù…Ø§ÙŠÙˆØª
     got: مايوت
 ; [cca2=YT].translations.deu.official
Expected: Ãœbersee-DÃ©partement Mayotte
     got: Übersee-Département Mayotte
 ; [cca2=YT].translations.fra.official
Expected: DÃ©partement de Mayotte
     got: Département de Mayotte
 ; [cca2=YT].translations.jpn.common
Expected: ãƒžãƒ¨ãƒƒãƒˆ
     got: マヨット
 ; [cca2=YT].translations.jpn.official
Expected: ãƒžãƒ¨ãƒƒãƒˆç§‘
     got: マヨット科
 ; [cca2=YT].translations.kor.common
Expected: ë§ˆìš”íŠ¸
     got: 마요트
 ; [cca2=YT].translations.kor.official
Expected: ë§ˆìš”íŠ¸
     got: 마요트
 ; [cca2=YT].translations.per.common
Expected: Ù…Ø§ÛŒÙˆØª
     got: مایوت
 ; [cca2=YT].translations.per.official
Expected: Ù…Ø¬Ù…ÙˆØ¹Ù‡ Ø´Ù‡Ø±Ø³ØªØ§Ù†ÛŒ Ù…Ø§ÛŒÙˆØª
     got: مجموعه شهرستانی مایوت
 ; [cca2=YT].translations.rus.common
Expected: ÐœÐ°Ð¹Ð¾Ñ‚Ñ‚Ð°
     got: Майотта
 ; [cca2=YT].translations.rus.official
Expected: Ð”ÐµÐ¿Ð°Ñ€Ñ‚Ð°Ð¼ÐµÐ½Ñ‚ ÐœÐ°Ð¹Ð¾Ñ‚Ñ‚Ð°
     got: Департамент Майотта
 ; [cca2=YT].translations.srp.common
Expected: ÐœÐ°Ñ˜Ð¾Ñ‚
     got: Мајот
 ; [cca2=YT].translations.srp.official
Expected: ÐœÐ°Ñ˜Ð¾Ñ‚
     got: Мајот
 ; [cca2=YT].translations.swe.official
Expected: DepartementsomrÃ¥det Mayotte
     got: Departementsområdet Mayotte
 ; [cca2=YT].translations.urd.common
Expected: Ù…Ø§ÛŒÙˆÙ¹
     got: مایوٹ
 ; [cca2=YT].translations.urd.official
Expected: Ù…Ø§ÛŒÙˆÙ¹
     got: مایوٹ
 ; [cca2=YT].translations.zho.common
Expected: é©¬çº¦ç‰¹
     got: 马约特
 ; [cca2=YT].translations.zho.official
Expected: é©¬çº¦ç‰¹
     got: 马约特
 ; [cca2=ID].demonyms.fra.f
Expected: IndonÃ©sienne
     got: Indonésienne
 ; [cca2=ID].demonyms.fra.m
Expected: IndonÃ©sien
     got: Indonésien
 ; [cca2=ID].flag
Expected: ðŸ‡®ðŸ‡©
     got: 🇮🇩
 ; [cca2=ID].translations.ara.common
Expected: Ø¥Ù†Ø¯ÙˆÙ†ÙŠØ³ÙŠØ§
     got: إندونيسيا
 ; [cca2=ID].translations.ara.official
Expected: Ø¬Ù…Ù‡ÙˆØ±ÙŠØ© Ø¥Ù†Ø¯ÙˆÙ†ÙŠØ³ÙŠØ§
     got: جمهورية إندونيسيا
 ; [cca2=ID].translations.ces.common
Expected: IndonÃ©sie
     got: Indonésie
 ; [cca2=ID].translations.ces.official
Expected: IndonÃ©skÃ¡ republika
     got: Indonéská republika
 ; [cca2=ID].translations.fra.common
Expected: IndonÃ©sie
     got: Indonésie
 ; [cca2=ID].translations.fra.official
Expected: RÃ©publique d&apos;IndonÃ©sie
     got: République d&apos;Indonésie
 ; [cca2=ID].translations.hun.common
Expected: IndonÃ©zia
     got: Indonézia
 ; [cca2=ID].translations.hun.official
Expected: IndonÃ©z KÃ¶ztÃ¡rsasÃ¡g
     got: Indonéz Köztársaság
 ; [cca2=ID].translations.jpn.common
Expected: ã‚¤ãƒ³ãƒ‰ãƒ�ã‚·ã‚¢
     got: インドネシア
 ; [cca2=ID].translations.jpn.official
Expected: ã‚¤ãƒ³ãƒ‰ãƒ�ã‚·ã‚¢å…±å’Œå›½
     got: インドネシア共和国
 ; [cca2=ID].translations.kor.common
Expected: ì�¸ë�„ë„¤ì‹œì•„
     got: 인도네시아
 ; [cca2=ID].translations.kor.official
Expected: ì�¸ë�„ë„¤ì‹œì•„ ê³µí™”êµ­
     got: 인도네시아 공화국
 ; [cca2=ID].translations.nld.common
Expected: IndonesiÃ«
     got: Indonesië
 ; [cca2=ID].translations.nld.official
Expected: Republiek IndonesiÃ«
     got: Republiek Indonesië
 ; [cca2=ID].translations.per.common
Expected: Ø§Ù†Ø¯ÙˆÙ†Ø²ÛŒ
     got: اندونزی
 ; [cca2=ID].translations.per.official
Expected: Ø¬Ù…Ù‡ÙˆØ±ÛŒ Ø§Ù†Ø¯ÙˆÙ†Ø²ÛŒ
     got: جمهوری اندونزی
 ; [cca2=ID].translations.por.common
Expected: IndonÃ©sia
     got: Indonésia
 ; [cca2=ID].translations.por.official
Expected: RepÃºblica da IndonÃ©sia
     got: República da Indonésia
 ; [cca2=ID].translations.rus.common
Expected: Ð˜Ð½Ð´Ð¾Ð½ÐµÐ·Ð¸Ñ�
     got: Индонезия
 ; [cca2=ID].translations.rus.official
Expected: Ð ÐµÑ�Ð¿ÑƒÐ±Ð»Ð¸ÐºÐ° Ð˜Ð½Ð´Ð¾Ð½ÐµÐ·Ð¸Ñ�
     got: Республика Индонезия
 ; [cca2=ID].translations.slk.common
Expected: IndonÃ©zia
     got: Indonézia
 ; [cca2=ID].translations.slk.official
Expected: IndonÃ©zska republika
     got: Indonézska republika
 ; [cca2=ID].translations.spa.official
Expected: RepÃºblica de Indonesia
     got: República de Indonesia
 ; [cca2=ID].translations.srp.common
Expected: Ð˜Ð½Ð´Ð¾Ð½ÐµÐ·Ð¸Ñ˜Ð°
     got: Индонезија
 ; [cca2=ID].translations.srp.official
Expected: Ð ÐµÐ¿ÑƒÐ±Ð»Ð¸ÐºÐ° Ð˜Ð½Ð´Ð¾Ð½ÐµÐ·Ð¸Ñ˜Ð°
     got: Република Индонезија
 ; [cca2=ID].translations.urd.common
Expected: Ø§Ù†ÚˆÙˆÙ†ÛŒØ´ÛŒØ§
     got: انڈونیشیا
 ; [cca2=ID].translations.urd.official
Expected: Ø¬Ù…Û�ÙˆØ±ÛŒÛ� Ø§Ù†ÚˆÙˆÙ†ÛŒØ´ÛŒØ§
     got: جمہوریہ انڈونیشیا
 ; [cca2=ID].translations.zho.common
Expected: å�°åº¦å°¼è¥¿äºš
     got: 印度尼西亚
 ; [cca2=ID].translations.zho.official
Expected: å�°åº¦å°¼è¥¿äºšå…±å’Œå›½
     got: 印度尼西亚共和国
 ; [cca2=IE].altSpellings[]
Expected: Ã‰ire
     but none found
 ; [cca2=IE].altSpellings[]
Expected: Poblacht na hÃ‰ireann
     but none found
 ; [cca2=IE].altSpellings[]
Unexpected: Poblacht na hÉireann
 ; [cca2=IE].altSpellings[]
Unexpected: Éire
 ; [cca2=IE].currencies.EUR.symbol
Expected: â‚¬
     got: €
 ; [cca2=IE].flag
Expected: ðŸ‡®ðŸ‡ª
     got: 🇮🇪
 ; [cca2=IE].name.nativeName.gle.common
Expected: Ã‰ire
     got: Éire
 ; [cca2=IE].name.nativeName.gle.official
Expected: Poblacht na hÃ‰ireann
     got: Poblacht na hÉireann
 ; [cca2=IE].translations.ara.common
Expected: Ø£ÙŠØ±Ù„Ù†Ø¯Ø§
     got: أيرلندا
 ; [cca2=IE].translations.ara.official
Expected: Ø¬Ù…Ù‡ÙˆØ±ÙŠØ© Ø£ÙŠØ±Ù„Ù†Ø¯Ø§
     got: جمهورية أيرلندا
 ; [cca2=IE].translations.fra.official
Expected: RÃ©publique d&apos;Irlande
     got: République d&apos;Irlande
 ; [cca2=IE].translations.hun.common
Expected: Ã�rorszÃ¡g
     got: Írország
 ; [cca2=IE].translations.hun.official
Expected: Ã�r KÃ¶ztÃ¡rsasÃ¡g
     got: Ír Köztársaság
 ; [cca2=IE].translations.jpn.common
Expected: ã‚¢ã‚¤ãƒ«ãƒ©ãƒ³ãƒ‰
     got: アイルランド
 ; [cca2=IE].translations.jpn.official
Expected: ã‚¢ã‚¤ãƒ«ãƒ©ãƒ³ãƒ‰å…±å’Œå›½
     got: アイルランド共和国
 ; [cca2=IE].translations.kor.common
Expected: ì•„ì�¼ëžœë“œ
     got: 아일랜드
 ; [cca2=IE].translations.kor.official
Expected: ì•„ì�¼ëžœë“œ ê³µí™”êµ­
     got: 아일랜드 공화국
 ; [cca2=IE].translations.per.common
Expected: Ø§ÛŒØ±Ù„Ù†Ø¯
     got: ایرلند
 ; [cca2=IE].translations.per.official
Expected: Ø§ÛŒØ±Ù„Ù†Ø¯
     got: ایرلند
 ; [cca2=IE].translations.por.official
Expected: RepÃºblica da Irlanda
     got: República da Irlanda
 ; [cca2=IE].translations.rus.common
Expected: Ð˜Ñ€Ð»Ð°Ð½Ð´Ð¸Ñ�
     got: Ирландия
 ; [cca2=IE].translations.rus.official
Expected: Ð˜Ñ€Ð»Ð°Ð½Ð´Ð¸Ñ�
     got: Ирландия
 ; [cca2=IE].translations.slk.common
Expected: Ã�rsko
     got: Írsko
 ; [cca2=IE].translations.slk.official
Expected: Ã�rska republika
     got: Írska republika
 ; [cca2=IE].translations.spa.official
Expected: RepÃºblica de Irlanda
     got: República de Irlanda
 ; [cca2=IE].translations.srp.common
Expected: Ð˜Ñ€Ñ�ÐºÐ°
     got: Ирска
 ; [cca2=IE].translations.srp.official
Expected: Ð ÐµÐ¿ÑƒÐ±Ð»Ð¸ÐºÐ° Ð˜Ñ€Ñ�ÐºÐ°
     got: Република Ирска
 ; [cca2=IE].translations.tur.common
Expected: Ä°rlanda
     got: İrlanda
 ; [cca2=IE].translations.tur.official
Expected: Ä°rlanda Cumhuriyeti
     got: İrlanda Cumhuriyeti
 ; [cca2=IE].translations.urd.common
Expected: Ø¬Ø²ÛŒØ±Û� Ø¢Ø¦Ø±Ù„ÛŒÙ†Úˆ
     got: جزیرہ آئرلینڈ
 ; [cca2=IE].translations.urd.official
Expected: Ø¬Ù…Û�ÙˆØ±ÛŒÛ� Ø¬Ø²ÛŒØ±Û� Ø¢Ø¦Ø±Ù„ÛŒÙ†Úˆ
     got: جمہوریہ جزیرہ آئرلینڈ
 ; [cca2=IE].translations.zho.common
Expected: çˆ±å°”å…°
     got: 爱尔兰
 ; [cca2=IE].translations.zho.official
Expected: çˆ±å°”å…°å…±å’Œå›½
     got: 爱尔兰共和国
 ; [cca2=IL].altSpellings[]
Expected: MedÄ«nat YisrÄ�&apos;el
     but none found
 ; [cca2=IL].altSpellings[]
Unexpected: Medīnat Yisrā&apos;el
 ; [cca2=IL].currencies.ILS.symbol
Expected: â‚ª
     got: ₪
 ; [cca2=IL].demonyms.fra.f
Expected: IsraÃ©lienne
     got: Israélienne
 ; [cca2=IL].demonyms.fra.m
Expected: IsraÃ©lien
     got: Israélien
 ; [cca2=IL].flag
Expected: ðŸ‡®ðŸ‡±
     got: 🇮🇱
 ; [cca2=IL].flags.alt
Expected: The flag of Israel has a white field with a blue hexagram â€” the Magen David â€” centered between two equal horizontal blue bands situated near the top and bottom edges of the field.
     got: The flag of Israel has a white field with a blue hexagram — the Magen David — centered between two equal horizontal blue bands situated near the top and bottom edges of the field.
 ; [cca2=IL].name.nativeName.ara.common
Expected: Ø¥Ø³Ø±Ø§Ø¦ÙŠÙ„
     got: إسرائيل
 ; [cca2=IL].name.nativeName.ara.official
Expected: Ø¯ÙˆÙ„Ø© Ø¥Ø³Ø±Ø§Ø¦ÙŠÙ„
     got: دولة إسرائيل
 ; [cca2=IL].name.nativeName.heb.common
Expected: ×™×©×¨×�×œ
     got: ישראל
 ; [cca2=IL].name.nativeName.heb.official
Expected: ×ž×“×™× ×ª ×™×©×¨×�×œ
     got: מדינת ישראל
 ; [cca2=IL].translations.ara.common
Expected: Ø¥Ø³Ø±Ø§Ø¦ÙŠÙ„
     got: إسرائيل
 ; [cca2=IL].translations.ara.official
Expected: Ø¯ÙˆÙ„Ø© Ø¥Ø³Ø±Ø§Ø¦ÙŠÙ„
     got: دولة إسرائيل
 ; [cca2=IL].translations.ces.official
Expected: StÃ¡t Izrael
     got: Stát Izrael
 ; [cca2=IL].translations.fra.common
Expected: IsraÃ«l
     got: Israël
 ; [cca2=IL].translations.fra.official
Expected: Ã‰tat d&apos;IsraÃ«l
     got: État d&apos;Israël
 ; [cca2=IL].translations.hrv.official
Expected: DrÅ¾ava Izrael
     got: Država Izrael
 ; [cca2=IL].translations.jpn.common
Expected: ã‚¤ã‚¹ãƒ©ã‚¨ãƒ«
     got: イスラエル
 ; [cca2=IL].translations.jpn.official
Expected: ã‚¤ã‚¹ãƒ©ã‚¨ãƒ«å›½
     got: イスラエル国
 ; [cca2=IL].translations.kor.common
Expected: ì�´ìŠ¤ë�¼ì—˜
     got: 이스라엘
 ; [cca2=IL].translations.kor.official
Expected: ì�´ìŠ¤ë�¼ì—˜êµ­
     got: 이스라엘국
 ; [cca2=IL].translations.nld.common
Expected: IsraÃ«l
     got: Israël
 ; [cca2=IL].translations.nld.official
Expected: Staat IsraÃ«l
     got: Staat Israël
 ; [cca2=IL].translations.per.common
Expected: Ù�Ù„Ø³Ø·ÙŠÙ† Ø§Ø´ØºØ§Ù„ÛŒ
     got: فلسطين اشغالی
 ; [cca2=IL].translations.per.official
Expected: Ù�Ù„Ø³Ø·ÙŠÙ† Ø§Ø´ØºØ§Ù„ÛŒ
     got: فلسطين اشغالی
 ; [cca2=IL].translations.pol.official
Expected: PaÅ„stwo Izrael
     got: Państwo Izrael
 ; [cca2=IL].translations.rus.common
Expected: Ð˜Ð·Ñ€Ð°Ð¸Ð»ÑŒ
     got: Израиль
 ; [cca2=IL].translations.rus.official
Expected: Ð“Ð¾Ñ�ÑƒÐ´Ð°Ñ€Ñ�Ñ‚Ð²Ð¾ Ð˜Ð·Ñ€Ð°Ð¸Ð»ÑŒ
     got: Государство Израиль
 ; [cca2=IL].translations.slk.official
Expected: IzraelskÃ½ Å¡tÃ¡t
     got: Izraelský štát
 ; [cca2=IL].translations.srp.common
Expected: Ð˜Ð·Ñ€Ð°ÐµÐ»
     got: Израел
 ; [cca2=IL].translations.srp.official
Expected: Ð”Ñ€Ð¶Ð°Ð²Ð° Ð˜Ð·Ñ€Ð°ÐµÐ»
     got: Држава Израел
 ; [cca2=IL].translations.tur.common
Expected: Ä°srail
     got: İsrail
 ; [cca2=IL].translations.tur.official
Expected: Ä°srail Devleti
     got: İsrail Devleti
 ; [cca2=IL].translations.urd.common
Expected: Ø§Ø³Ø±Ø§Ø¦ÛŒÙ„
     got: اسرائیل
 ; [cca2=IL].translations.urd.official
Expected: Ø±ÛŒØ§Ø³ØªÙ� Ø§Ø³Ø±Ø§Ø¦ÛŒÙ„
     got: ریاستِ اسرائیل
 ; [cca2=IL].translations.zho.common
Expected: ä»¥è‰²åˆ—
     got: 以色列
 ; [cca2=IL].translations.zho.official
Expected: ä»¥è‰²åˆ—å›½
     got: 以色列国
 ; [cca2=IM].currencies.GBP.symbol
Expected: Â£
     got: £
 ; [cca2=IM].currencies.IMP.symbol
Expected: Â£
     got: £
 ; [cca2=IM].flag
Expected: ðŸ‡®ðŸ‡²
     got: 🇮🇲
 ; [cca2=IM].translations.ara.common
Expected: Ø¬Ø²ÙŠØ±Ø© Ù…Ø§Ù†
     got: جزيرة مان
 ; [cca2=IM].translations.ara.official
Expected: Ø¬Ø²ÙŠØ±Ø© Ù…Ø§Ù†
     got: جزيرة مان
 ; [cca2=IM].translations.fra.common
Expected: ÃŽle de Man
     got: Île de Man
 ; [cca2=IM].translations.jpn.common
Expected: ãƒžãƒ³å³¶
     got: マン島
 ; [cca2=IM].translations.jpn.official
Expected: ãƒžãƒ³å³¶
     got: マン島
 ; [cca2=IM].translations.kor.common
Expected: ë§¨ì„¬
     got: 맨섬
 ; [cca2=IM].translations.kor.official
Expected: ë§¨ì„¬
     got: 맨섬
 ; [cca2=IM].translations.per.common
Expected: Ø¬Ø²ÛŒØ±Ù‡Ù” Ù…ÙŽÙ†
     got: جزیرهٔ مَن
 ; [cca2=IM].translations.per.official
Expected: Ø¬Ø²ÛŒØ±Ù‡Ù” Ù…ÙŽÙ†
     got: جزیرهٔ مَن
 ; [cca2=IM].translations.rus.common
Expected: ÐžÑ�Ñ‚Ñ€Ð¾Ð² ÐœÑ�Ð½
     got: Остров Мэн
 ; [cca2=IM].translations.rus.official
Expected: ÐžÑ�Ñ‚Ñ€Ð¾Ð² ÐœÑ�Ð½
     got: Остров Мэн
 ; [cca2=IM].translations.srp.common
Expected: ÐžÑ�Ñ‚Ñ€Ð²Ð¾ ÐœÐµÐ½
     got: Острво Мен
 ; [cca2=IM].translations.srp.official
Expected: ÐžÑ�Ñ‚Ñ€Ð²Ð¾ ÐœÐµÐ½
     got: Острво Мен
 ; [cca2=IM].translations.tur.common
Expected: Man AdasÄ±
     got: Man Adası
 ; [cca2=IM].translations.tur.official
Expected: Man AdasÄ±
     got: Man Adası
 ; [cca2=IM].translations.urd.common
Expected: Ø¢Ø¦Ù„ Ø¢Ù� Ù…ÛŒÙ†
     got: آئل آف مین
 ; [cca2=IM].translations.urd.official
Expected: Ø¢Ø¦Ù„ Ø¢Ù� Ù…ÛŒÙ†
     got: آئل آف مین
 ; [cca2=IM].translations.zho.common
Expected: é©¬æ�©å²›
     got: 马恩岛
 ; [cca2=IM].translations.zho.official
Expected: é©¬æ�©å²›
     got: 马恩岛
 ; [cca2=IN].altSpellings[]
Expected: à®‡à®¨à¯�à®¤à®¿à®¯à®¾
     but none found
 ; [cca2=IN].altSpellings[]
Expected: BhÄ�rat
     but none found
 ; [cca2=IN].altSpellings[]
Unexpected: இந்தியா
 ; [cca2=IN].altSpellings[]
Unexpected: Bhārat
 ; [cca2=IN].currencies.INR.symbol
Expected: â‚¹
     got: ₹
 ; [cca2=IN].flag
Expected: ðŸ‡®ðŸ‡³
     got: 🇮🇳
 ; [cca2=IN].flags.alt
Expected: The flag of India is composed of three equal horizontal bands of saffron, white and green. A navy blue wheel with twenty-four spokes â€” the Ashoka Chakra â€” is centered in the white band.
     got: The flag of India is composed of three equal horizontal bands of saffron, white and green. A navy blue wheel with twenty-four spokes — the Ashoka Chakra — is centered in the white band.
 ; [cca2=IN].name.nativeName.hin.common
Expected: à¤­à¤¾à¤°à¤¤
     got: भारत
 ; [cca2=IN].name.nativeName.hin.official
Expected: à¤­à¤¾à¤°à¤¤ à¤—à¤£à¤°à¤¾à¤œà¥�à¤¯
     got: भारत गणराज्य
 ; [cca2=IN].name.nativeName.tam.common
Expected: à®‡à®¨à¯�à®¤à®¿à®¯à®¾
     got: இந்தியா
 ; [cca2=IN].name.nativeName.tam.official
Expected: à®‡à®¨à¯�à®¤à®¿à®¯à®•à¯� à®•à¯�à®Ÿà®¿à®¯à®°à®šà¯�
     got: இந்தியக் குடியரசு
 ; [cca2=IN].translations.ara.common
Expected: Ø§Ù„Ù‡Ù†Ø¯
     got: الهند
 ; [cca2=IN].translations.ara.official
Expected: Ø¬Ù…Ù‡ÙˆØ±ÙŠØ© Ø§Ù„Ù‡Ù†Ø¯
     got: جمهورية الهند
 ; [cca2=IN].translations.ces.official
Expected: IndickÃ¡ republika
     got: Indická republika
 ; [cca2=IN].translations.fra.official
Expected: RÃ©publique de l&apos;Inde
     got: République de l&apos;Inde
 ; [cca2=IN].translations.hun.official
Expected: Indiai KÃ¶ztÃ¡rsasÃ¡g
     got: Indiai Köztársaság
 ; [cca2=IN].translations.jpn.common
Expected: ã‚¤ãƒ³ãƒ‰
     got: インド
 ; [cca2=IN].translations.jpn.official
Expected: ã‚¤ãƒ³ãƒ‰å…±å’Œå›½
     got: インド共和国
 ; [cca2=IN].translations.kor.common
Expected: ì�¸ë�„
     got: 인도
 ; [cca2=IN].translations.kor.official
Expected: ì�¸ë�„ ê³µí™”êµ­
     got: 인도 공화국
 ; [cca2=IN].translations.per.common
Expected: Ù‡Ù†Ø¯
     got: هند
 ; [cca2=IN].translations.per.official
Expected: Ø¬Ù…Ù‡ÙˆØ±ÛŒ Ù‡Ù†Ø¯ÙˆØ³ØªØ§Ù†
     got: جمهوری هندوستان
 ; [cca2=IN].translations.por.common
Expected: Ã�ndia
     got: Índia
 ; [cca2=IN].translations.por.official
Expected: RepÃºblica da Ã�ndia
     got: República da Índia
 ; [cca2=IN].translations.rus.common
Expected: Ð˜Ð½Ð´Ð¸Ñ�
     got: Индия
 ; [cca2=IN].translations.rus.official
Expected: Ð ÐµÑ�Ð¿ÑƒÐ±Ð»Ð¸ÐºÐ° Ð˜Ð½Ð´Ð¸Ñ�
     got: Республика Индия
 ; [cca2=IN].translations.slk.official
Expected: IndickÃ¡ republika
     got: Indická republika
 ; [cca2=IN].translations.spa.official
Expected: RepÃºblica de la India
     got: República de la India
 ; [cca2=IN].translations.srp.common
Expected: Ð˜Ð½Ð´Ð¸Ñ˜Ð°
     got: Индија
 ; [cca2=IN].translations.srp.official
Expected: Ð ÐµÐ¿ÑƒÐ±Ð»Ð¸ÐºÐ° Ð˜Ð½Ð´Ð¸Ñ˜Ð°
     got: Република Индија
 ; [cca2=IN].translations.urd.common
Expected: Ø¨Ú¾Ø§Ø±Øª
     got: بھارت
 ; [cca2=IN].translations.urd.official
Expected: Ø¬Ù…Û�ÙˆØ±ÛŒÛ� Ø¨Ú¾Ø§Ø±Øª
     got: جمہوریہ بھارت
 ; [cca2=IN].translations.zho.common
Expected: å�°åº¦
     got: 印度
 ; [cca2=IN].translations.zho.official
Expected: å�°åº¦å…±å’Œå›½
     got: 印度共和国
 ; [cca2=IO].flag
Expected: ðŸ‡®ðŸ‡´
     got: 🇮🇴
 ; [cca2=IO].translations.ara.common
Expected: Ø¥Ù‚Ù„ÙŠÙ… Ø§Ù„Ù…Ø­ÙŠØ· Ø§Ù„Ù‡Ù†Ø¯ÙŠ Ø§Ù„Ø¨Ø±ÙŠØ·Ø§Ù†ÙŠ
     got: إقليم المحيط الهندي البريطاني
 ; [cca2=IO].translations.ara.official
Expected: Ø¥Ù‚Ù„ÙŠÙ… Ø§Ù„Ù…Ø­ÙŠØ· Ø§Ù„Ù‡Ù†Ø¯ÙŠ Ø§Ù„Ø¨Ø±ÙŠØ·Ø§Ù†ÙŠ
     got: إقليم المحيط الهندي البريطاني
 ; [cca2=IO].translations.ces.common
Expected: BritskÃ© indickooceÃ¡nskÃ© ÃºzemÃ­
     got: Britské indickooceánské území
 ; [cca2=IO].translations.ces.official
Expected: BritskÃ© indickooceÃ¡nskÃ© ÃºzemÃ­
     got: Britské indickooceánské území
 ; [cca2=IO].translations.fin.common
Expected: BrittilÃ¤inen Intian valtameren alue
     got: Brittiläinen Intian valtameren alue
 ; [cca2=IO].translations.fin.official
Expected: BrittilÃ¤inen Intian valtameren alue
     got: Brittiläinen Intian valtameren alue
 ; [cca2=IO].translations.fra.common
Expected: Territoire britannique de l&apos;ocÃ©an Indien
     got: Territoire britannique de l&apos;océan Indien
 ; [cca2=IO].translations.fra.official
Expected: Territoire britannique de l&apos; ocÃ©an Indien
     got: Territoire britannique de l&apos; océan Indien
 ; [cca2=IO].translations.hun.common
Expected: Brit Indiai-Ã³ceÃ¡ni TerÃ¼let
     got: Brit Indiai-óceáni Terület
 ; [cca2=IO].translations.hun.official
Expected: Brit Indiai-Ã³ceÃ¡ni TerÃ¼let
     got: Brit Indiai-óceáni Terület
 ; [cca2=IO].translations.jpn.common
Expected: ã‚¤ã‚®ãƒªã‚¹é ˜ã‚¤ãƒ³ãƒ‰æ´‹åœ°åŸŸ
     got: イギリス領インド洋地域
 ; [cca2=IO].translations.jpn.official
Expected: ã‚¤ã‚®ãƒªã‚¹é ˜ã‚¤ãƒ³ãƒ‰æ´‹åœ°åŸŸ
     got: イギリス領インド洋地域
 ; [cca2=IO].translations.kor.common
Expected: ì�¸ë�„
     got: 인도
 ; [cca2=IO].translations.kor.official
Expected: ì�¸ë�„ ê³µí™”êµ­
     got: 인도 공화국
 ; [cca2=IO].translations.per.common
Expected: Ù‚Ù„Ù…Ø±Ùˆ Ø¨Ø±ÛŒØªØ§Ù†ÛŒØ§ Ø¯Ø± Ø§Ù‚ÛŒØ§Ù†ÙˆØ³ Ù‡Ù†Ø¯
     got: قلمرو بریتانیا در اقیانوس هند
 ; [cca2=IO].translations.per.official
Expected: Ù‚Ù„Ù…Ø±Ùˆ Ø¨Ø±ÛŒØªØ§Ù†ÛŒØ§ Ø¯Ø± Ø§Ù‚ÛŒØ§Ù†ÙˆØ³ Ù‡Ù†Ø¯
     got: قلمرو بریتانیا در اقیانوس هند
 ; [cca2=IO].translations.por.common
Expected: TerritÃ³rio BritÃ¢nico do Oceano Ã�ndico
     got: Território Britânico do Oceano Índico
 ; [cca2=IO].translations.rus.common
Expected: Ð‘Ñ€Ð¸Ñ‚Ð°Ð½Ñ�ÐºÐ°Ñ� Ñ‚ÐµÑ€Ñ€Ð¸Ñ‚Ð¾Ñ€Ð¸Ñ� Ð² Ð˜Ð½Ð´Ð¸Ð¹Ñ�ÐºÐ¾Ð¼ Ð¾ÐºÐµÐ°Ð½Ðµ
     got: Британская территория в Индийском океане
 ; [cca2=IO].translations.rus.official
Expected: Ð‘Ñ€Ð¸Ñ‚Ð°Ð½Ñ�ÐºÐ°Ñ� Ñ‚ÐµÑ€Ñ€Ð¸Ñ‚Ð¾Ñ€Ð¸Ñ� Ð˜Ð½Ð´Ð¸Ð¹Ñ�ÐºÐ¾Ð³Ð¾ Ð¾ÐºÐµÐ°Ð½Ð°
     got: Британская территория Индийского океана
 ; [cca2=IO].translations.slk.common
Expected: BritskÃ© indickooceÃ¡nske Ãºzemie
     got: Britské indickooceánske územie
 ; [cca2=IO].translations.slk.official
Expected: BritskÃ© indickooceÃ¡nske Ãºzemie
     got: Britské indickooceánske územie
 ; [cca2=IO].translations.spa.common
Expected: Territorio BritÃ¡nico del OcÃ©ano Ã�ndico
     got: Territorio Británico del Océano Índico
 ; [cca2=IO].translations.spa.official
Expected: Territorio BritÃ¡nico del OcÃ©ano Ã�ndico
     got: Territorio Británico del Océano Índico
 ; [cca2=IO].translations.srp.common
Expected: Ð‘Ñ€Ð¸Ñ‚Ð°Ð½Ñ�ÐºÐ° Ñ‚ÐµÑ€Ð¸Ñ‚Ð¾Ñ€Ð¸Ñ˜Ð° Ð˜Ð½Ð´Ð¸Ñ˜Ñ�ÐºÐ¾Ð³ Ð¾ÐºÐµÐ°Ð½Ð°
     got: Британска територија Индијског океана
 ; [cca2=IO].translations.srp.official
Expected: Ð‘Ñ€Ð¸Ñ‚Ð°Ð½Ñ�ÐºÐ° Ñ‚ÐµÑ€Ð¸Ñ‚Ð¾Ñ€Ð¸Ñ˜Ð° Ð˜Ð½Ð´Ð¸Ñ˜Ñ�ÐºÐ¾Ð³ Ð¾ÐºÐµÐ°Ð½Ð°
     got: Британска територија Индијског океана
 ; [cca2=IO].translations.tur.common
Expected: Britanya Hint Okyanusu TopraklarÄ±
     got: Britanya Hint Okyanusu Toprakları
 ; [cca2=IO].translations.tur.official
Expected: Britanya Hint Okyanusu TopraklarÄ±
     got: Britanya Hint Okyanusu Toprakları
 ; [cca2=IO].translations.urd.common
Expected: Ø¨Ø±Ø·Ø§Ù†ÙˆÛŒ Ø¨Ø­Ø±Û�Ù†Ø¯ Ø®Ø·Û�
     got: برطانوی بحرہند خطہ
 ; [cca2=IO].translations.urd.official
Expected: Ø¨Ø±Ø·Ø§Ù†ÙˆÛŒ Ø¨Ø­Ø±Û�Ù†Ø¯ Ø®Ø·Û�
     got: برطانوی بحرہند خطہ
 ; [cca2=IO].translations.zho.common
Expected: è‹±å±žå�°åº¦æ´‹é¢†åœ°
     got: 英属印度洋领地
 ; [cca2=IO].translations.zho.official
Expected: è‹±å±žå�°åº¦æ´‹é¢†åœ°
     got: 英属印度洋领地
 ; [cca2=ZA].flag
Expected: ðŸ‡¿ðŸ‡¦
     got: 🇿🇦
 ; [cca2=ZA].name.nativeName.ven.official
Expected: Riphabuá¸½iki ya Afurika Tshipembe
     got: Riphabuḽiki ya Afurika Tshipembe
 ; [cca2=ZA].translations.ara.common
Expected: Ø¬Ù†ÙˆØ¨ Ø£Ù�Ø±ÙŠÙ‚ÙŠØ§
     got: جنوب أفريقيا
 ; [cca2=ZA].translations.ara.official
Expected: Ø¬Ù…Ù‡ÙˆØ±ÙŠØ© Ø¬Ù†ÙˆØ¨ Ø£Ù�Ø±ÙŠÙ‚ÙŠØ§
     got: جمهورية جنوب أفريقيا
 ; [cca2=ZA].translations.ces.common
Expected: JihoafrickÃ¡ republika
     got: Jihoafrická republika
 ; [cca2=ZA].translations.ces.official
Expected: JihoafrickÃ¡ republika
     got: Jihoafrická republika
 ; [cca2=ZA].translations.deu.common
Expected: SÃ¼dafrika
     got: Südafrika
 ; [cca2=ZA].translations.deu.official
Expected: Republik SÃ¼dafrika
     got: Republik Südafrika
 ; [cca2=ZA].translations.est.common
Expected: LÃµuna-Aafrika Vabariik
     got: Lõuna-Aafrika Vabariik
 ; [cca2=ZA].translations.est.official
Expected: LÃµuna-Aafrika Vabariik
     got: Lõuna-Aafrika Vabariik
 ; [cca2=ZA].translations.fin.common
Expected: EtelÃ¤-Afrikka
     got: Etelä-Afrikka
 ; [cca2=ZA].translations.fin.official
Expected: EtelÃ¤-Afrikan tasavalta
     got: Etelä-Afrikan tasavalta
 ; [cca2=ZA].translations.fra.official
Expected: RÃ©publique d&apos;Afrique du Sud
     got: République d&apos;Afrique du Sud
 ; [cca2=ZA].translations.hrv.common
Expected: JuÅ¾na Afrika
     got: Južna Afrika
 ; [cca2=ZA].translations.hrv.official
Expected: JuÅ¾noafriÄ�ka Republika
     got: Južnoafrička Republika
 ; [cca2=ZA].translations.hun.common
Expected: DÃ©l-afrikai KÃ¶ztÃ¡rsasÃ¡g
     got: Dél-afrikai Köztársaság
 ; [cca2=ZA].translations.hun.official
Expected: DÃ©l-afrikai KÃ¶ztÃ¡rsasÃ¡g
     got: Dél-afrikai Köztársaság
 ; [cca2=ZA].translations.jpn.common
Expected: å�—ã‚¢ãƒ•ãƒªã‚«
     got: 南アフリカ
 ; [cca2=ZA].translations.jpn.official
Expected: å�—ã‚¢ãƒ•ãƒªã‚«å…±å’Œå›½
     got: 南アフリカ共和国
 ; [cca2=ZA].translations.kor.common
Expected: ë‚¨ì•„í”„ë¦¬ì¹´
     got: 남아프리카
 ; [cca2=ZA].translations.kor.official
Expected: ë‚¨ì•„í”„ë¦¬ì¹´ ê³µí™”êµ­
     got: 남아프리카 공화국
 ; [cca2=ZA].translations.per.common
Expected: Ø¢Ù�Ø±ÛŒÙ‚Ø§ÛŒ Ø¬Ù†ÙˆØ¨ÛŒ
     got: آفریقای جنوبی
 ; [cca2=ZA].translations.per.official
Expected: Ø¬Ù…Ù‡ÙˆØ±ÛŒ Ø¢Ù�Ø±ÛŒÙ‚Ø§ÛŒ Ø¬Ù†ÙˆØ¨ÛŒ
     got: جمهوری آفریقای جنوبی
 ; [cca2=ZA].translations.pol.common
Expected: PoÅ‚udniowa Afryka
     got: Południowa Afryka
 ; [cca2=ZA].translations.pol.official
Expected: Republika PoÅ‚udniowej Afryki
     got: Republika Południowej Afryki
 ; [cca2=ZA].translations.por.common
Expected: Ã�frica do Sul
     got: África do Sul
 ; [cca2=ZA].translations.por.official
Expected: RepÃºblica da Ã�frica do Sul
     got: República da África do Sul
 ; [cca2=ZA].translations.rus.common
Expected: Ð®Ð¶Ð½Ð°Ñ� Ð�Ñ„Ñ€Ð¸ÐºÐ°
     got: Южная Африка
 ; [cca2=ZA].translations.rus.official
Expected: Ð®Ð¶Ð½Ð¾-Ð�Ñ„Ñ€Ð¸ÐºÐ°Ð½Ñ�ÐºÐ°Ñ� Ð ÐµÑ�Ð¿ÑƒÐ±Ð»Ð¸ÐºÐ°
     got: Южно-Африканская Республика
 ; [cca2=ZA].translations.slk.common
Expected: JuÅ¾nÃ¡ Afrika
     got: Južná Afrika
 ; [cca2=ZA].translations.slk.official
Expected: JuhoafrickÃ¡ republika
     got: Juhoafrická republika
 ; [cca2=ZA].translations.spa.common
Expected: SudÃ¡frica
     got: Sudáfrica
 ; [cca2=ZA].translations.spa.official
Expected: RepÃºblica de SudÃ¡frica
     got: República de Sudáfrica
 ; [cca2=ZA].translations.srp.common
Expected: ÐˆÑƒÐ¶Ð½Ð¾Ð°Ñ„Ñ€Ð¸Ñ‡ÐºÐ° Ð ÐµÐ¿ÑƒÐ±Ð»Ð¸ÐºÐ°
     got: Јужноафричка Република
 ; [cca2=ZA].translations.srp.official
Expected: Ð ÐµÐ¿ÑƒÐ±Ð»Ð¸ÐºÐ° ÐˆÑƒÐ¶Ð½Ð° Ð�Ñ„Ñ€Ð¸ÐºÐ°
     got: Република Јужна Африка
 ; [cca2=ZA].translations.tur.common
Expected: GÃ¼ney Afrika
     got: Güney Afrika
 ; [cca2=ZA].translations.tur.official
Expected: GÃ¼ney Afrika Cumhuriyeti
     got: Güney Afrika Cumhuriyeti
 ; [cca2=ZA].translations.urd.common
Expected: Ø¬Ù†ÙˆØ¨ÛŒ Ø§Ù�Ø±ÛŒÙ‚Ø§
     got: جنوبی افریقا
 ; [cca2=ZA].translations.urd.official
Expected: Ø¬Ù…Û�ÙˆØ±ÛŒÛ� Ø¬Ù†ÙˆØ¨ÛŒ Ø§Ù�Ø±ÛŒÙ‚Ø§
     got: جمہوریہ جنوبی افریقا
 ; [cca2=ZA].translations.zho.common
Expected: å�—é�ž
     got: 南非
 ; [cca2=ZA].translations.zho.official
Expected: å�—é�žå…±å’Œå›½
     got: 南非共和国
 ; [cca2=IQ].altSpellings[]
Expected: JumhÅ«riyyat al-â€˜IrÄ�q
     but none found
 ; [cca2=IQ].altSpellings[]
Unexpected: Jumhūriyyat al-‘Irāq
 ; [cca2=IQ].currencies.IQD.symbol
Expected: Ø¹.Ø¯
     got: ع.د
 ; [cca2=IQ].flag
Expected: ðŸ‡®ðŸ‡¶
     got: 🇮🇶
 ; [cca2=IQ].name.nativeName.ara.common
Expected: Ø§Ù„Ø¹Ø±Ø§Ù‚
     got: العراق
 ; [cca2=IQ].name.nativeName.ara.official
Expected: Ø¬Ù…Ù‡ÙˆØ±ÙŠØ© Ø§Ù„Ø¹Ø±Ø§Ù‚
     got: جمهورية العراق
 ; [cca2=IQ].name.nativeName.arc.common
Expected: Ü©Ü˜Ü¼Ü›Ü¢ÜµÜ�
     got: ܩܘܼܛܢܵܐ
 ; [cca2=IQ].name.nativeName.arc.official
Expected: Ü©Ü˜Ü¼Ü›Ü¢ÜµÜ� Ü�Ü�Ü¼ÜªÜ²Ü©
     got: ܩܘܼܛܢܵܐ ܐܝܼܪܲܩ
 ; [cca2=IQ].name.nativeName.ckb.common
Expected: Ú©Û†Ù…Ø§Ø±ÛŒ
     got: کۆماری
 ; [cca2=IQ].name.nativeName.ckb.official
Expected: Ú©Û†Ù…Ø§Ø±ÛŒ Ø¹ÛŽØ±Ø§Ù‚
     got: کۆماری عێراق
 ; [cca2=IQ].translations.ara.common
Expected: Ø§Ù„Ø¹Ø±Ø§Ù‚
     got: العراق
 ; [cca2=IQ].translations.ara.official
Expected: Ø¬Ù…Ù‡ÙˆØ±ÙŠØ© Ø§Ù„Ø¹Ø±Ø§Ù‚
     got: جمهورية العراق
 ; [cca2=IQ].translations.ces.common
Expected: IrÃ¡k
     got: Irák
 ; [cca2=IQ].translations.ces.official
Expected: IrÃ¡ckÃ¡ republika
     got: Irácká republika
 ; [cca2=IQ].translations.fra.official
Expected: RÃ©publique d&apos;Irak
     got: République d&apos;Irak
 ; [cca2=IQ].translations.hun.official
Expected: Iraki KÃ¶ztÃ¡rsasÃ¡g
     got: Iraki Köztársaság
 ; [cca2=IQ].translations.jpn.common
Expected: ã‚¤ãƒ©ã‚¯
     got: イラク
 ; [cca2=IQ].translations.jpn.official
Expected: ã‚¤ãƒ©ã‚¯å…±å’Œå›½
     got: イラク共和国
 ; [cca2=IQ].translations.kor.common
Expected: ì�´ë�¼í�¬
     got: 이라크
 ; [cca2=IQ].translations.kor.official
Expected: ì�´ë�¼í�¬ ê³µí™”êµ­
     got: 이라크 공화국
 ; [cca2=IQ].translations.per.common
Expected: Ø¹Ø±Ø§Ù‚
     got: عراق
 ; [cca2=IQ].translations.per.official
Expected: Ø¬Ù…Ù‡ÙˆØ±ÛŒ Ø¹Ø±Ø§Ù‚
     got: جمهوری عراق
 ; [cca2=IQ].translations.por.official
Expected: RepÃºblica do Iraque
     got: República do Iraque
 ; [cca2=IQ].translations.rus.common
Expected: Ð˜Ñ€Ð°Ðº
     got: Ирак
 ; [cca2=IQ].translations.rus.official
Expected: Ð ÐµÑ�Ð¿ÑƒÐ±Ð»Ð¸ÐºÐ° Ð˜Ñ€Ð°Ðº
     got: Республика Ирак
 ; [cca2=IQ].translations.slk.official
Expected: IrackÃ¡ republika
     got: Iracká republika
 ; [cca2=IQ].translations.spa.official
Expected: RepÃºblica de Irak
     got: República de Irak
 ; [cca2=IQ].translations.srp.common
Expected: Ð˜Ñ€Ð°Ðº
     got: Ирак
 ; [cca2=IQ].translations.srp.official
Expected: Ð ÐµÐ¿ÑƒÐ±Ð»Ð¸ÐºÐ° Ð˜Ñ€Ð°Ðº
     got: Република Ирак
 ; [cca2=IQ].translations.urd.common
Expected: Ø¹Ø±Ø§Ù‚
     got: عراق
 ; [cca2=IQ].translations.urd.official
Expected: Ø¬Ù…Û�ÙˆØ±ÛŒÛ� Ø¹Ø±Ø§Ù‚
     got: جمہوریہ عراق
 ; [cca2=IQ].translations.zho.common
Expected: ä¼Šæ‹‰å…‹
     got: 伊拉克
 ; [cca2=IQ].translations.zho.official
Expected: ä¼Šæ‹‰å…‹å…±å’Œå›½
     got: 伊拉克共和国
 ; [cca2=IR].altSpellings[]
Expected: Jomhuri-ye EslÄ�mi-ye IrÄ�n
     but none found
 ; [cca2=IR].altSpellings[]
Unexpected: Jomhuri-ye Eslāmi-ye Irān
 ; [cca2=IR].currencies.IRR.symbol
Expected: ï·¼
     got: ﷼
 ; [cca2=IR].flag
Expected: ðŸ‡®ðŸ‡·
     got: 🇮🇷
 ; [cca2=IR].name.nativeName.fas.common
Expected: Ø§ÛŒØ±Ø§Ù†
     got: ایران
 ; [cca2=IR].name.nativeName.fas.official
Expected: Ø¬Ù…Ù‡ÙˆØ±ÛŒ Ø§Ø³Ù„Ø§Ù…ÛŒ Ø§ÛŒØ±Ø§Ù†
     got: جمهوری اسلامی ایران
 ; [cca2=IR].tld[]
Expected: Ø§ÛŒØ±Ø§Ù†.
     but none found
 ; [cca2=IR].tld[]
Unexpected: ایران.
 ; [cca2=IR].translations.ara.common
Expected: Ø¥ÙŠØ±Ø§Ù†
     got: إيران
 ; [cca2=IR].translations.ara.official
Expected: Ø¬Ù…Ù‡ÙˆØ±ÙŠØ© Ø¥ÙŠØ±Ø§Ù† Ø§Ù„Ø¥Ø³Ù„Ø§Ù…ÙŠØ©
     got: جمهورية إيران الإسلامية
 ; [cca2=IR].translations.ces.common
Expected: Ã�rÃ¡n
     got: Írán
 ; [cca2=IR].translations.ces.official
Expected: IslÃ¡mskÃ¡ republika Ã�rÃ¡n
     got: Islámská republika Írán
 ; [cca2=IR].translations.fra.official
Expected: RÃ©publique islamique d&apos;Iran
     got: République islamique d&apos;Iran
 ; [cca2=IR].translations.hun.common
Expected: IrÃ¡n
     got: Irán
 ; [cca2=IR].translations.hun.official
Expected: IrÃ¡ni IszlÃ¡m KÃ¶ztÃ¡rsasÃ¡g
     got: Iráni Iszlám Köztársaság
 ; [cca2=IR].translations.jpn.common
Expected: ã‚¤ãƒ©ãƒ³ãƒ»ã‚¤ã‚¹ãƒ©ãƒ å…±å’Œå›½
     got: イラン・イスラム共和国
 ; [cca2=IR].translations.jpn.official
Expected: ã‚¤ãƒ©ãƒ³Â·ã‚¤ã‚¹ãƒ©ãƒ å…±å’Œå›½
     got: イラン·イスラム共和国
 ; [cca2=IR].translations.kor.common
Expected: ì�´ëž€
     got: 이란
 ; [cca2=IR].translations.kor.official
Expected: ì�´ëž€ ì�´ìŠ¬ëžŒ ê³µí™”êµ­
     got: 이란 이슬람 공화국
 ; [cca2=IR].translations.por.common
Expected: IrÃ£o
     got: Irão
 ; [cca2=IR].translations.por.official
Expected: RepÃºblica IslÃ¢mica do IrÃ£
     got: República Islâmica do Irã
 ; [cca2=IR].translations.rus.common
Expected: Ð˜Ñ€Ð°Ð½
     got: Иран
 ; [cca2=IR].translations.rus.official
Expected: Ð˜Ñ�Ð»Ð°Ð¼Ñ�ÐºÐ°Ñ� Ð ÐµÑ�Ð¿ÑƒÐ±Ð»Ð¸ÐºÐ° Ð˜Ñ€Ð°Ð½
     got: Исламская Республика Иран
 ; [cca2=IR].translations.slk.common
Expected: IrÃ¡n
     got: Irán
 ; [cca2=IR].translations.slk.official
Expected: IrÃ¡nska islamskÃ¡ republika
     got: Iránska islamská republika
 ; [cca2=IR].translations.spa.official
Expected: RepÃºblica IslÃ¡mica de IrÃ¡n
     got: República Islámica de Irán
 ; [cca2=IR].translations.srp.common
Expected: Ð˜Ñ€Ð°Ð½
     got: Иран
 ; [cca2=IR].translations.srp.official
Expected: Ð˜Ñ�Ð»Ð°Ð¼Ñ�ÐºÐ° Ð ÐµÐ¿ÑƒÐ±Ð»Ð¸ÐºÐ° Ð˜Ñ€Ð°Ð½
     got: Исламска Република Иран
 ; [cca2=IR].translations.tur.common
Expected: Ä°ran
     got: İran
 ; [cca2=IR].translations.tur.official
Expected: Ä°ran Ä°slam Cumhuriyeti
     got: İran İslam Cumhuriyeti
 ; [cca2=IR].translations.urd.common
Expected: Ø§ÛŒØ±Ø§Ù†
     got: ایران
 ; [cca2=IR].translations.urd.official
Expected: Ø¬Ù…Û�ÙˆØ±ÛŒÛ� Ø§ÛŒØ±Ø§Ù†
     got: جمہوریہ ایران
 ; [cca2=IR].translations.zho.common
Expected: ä¼Šæœ—
     got: 伊朗
 ; [cca2=IR].translations.zho.official
Expected: ä¼Šæœ—ä¼Šæ–¯å…°å…±å’Œå›½
     got: 伊朗伊斯兰共和国
 ; [cca2=IS].altSpellings[]
Expected: LÃ½Ã°veldiÃ° Ã�sland
     but none found
 ; [cca2=IS].altSpellings[]
Unexpected: Lýðveldið Ísland
 ; [cca2=IS].currencies.ISK.name
Expected: Icelandic krÃ³na
     got: Icelandic króna
 ; [cca2=IS].flag
Expected: ðŸ‡®ðŸ‡¸
     got: 🇮🇸
 ; [cca2=IS].name.nativeName.isl.common
Expected: Ã�sland
     got: Ísland
 ; [cca2=IS].name.nativeName.isl.official
Expected: Ã�sland
     got: Ísland
 ; [cca2=IS].translations.ara.common
Expected: Ø¢ÙŠØ³Ù„Ù†Ø¯Ø§
     got: آيسلندا
 ; [cca2=IS].translations.ara.official
Expected: Ø¢ÙŠØ³Ù„Ù†Ø¯Ø§
     got: آيسلندا
 ; [cca2=IS].translations.fra.official
Expected: RÃ©publique d&apos;Islande
     got: République d&apos;Islande
 ; [cca2=IS].translations.jpn.common
Expected: ã‚¢ã‚¤ã‚¹ãƒ©ãƒ³ãƒ‰
     got: アイスランド
 ; [cca2=IS].translations.jpn.official
Expected: ã‚¢ã‚¤ã‚¹ãƒ©ãƒ³ãƒ‰
     got: アイスランド
 ; [cca2=IS].translations.kor.common
Expected: ì•„ì�´ìŠ¬ëž€ë“œ
     got: 아이슬란드
 ; [cca2=IS].translations.kor.official
Expected: ì•„ì�´ìŠ¬ëž€ë“œ ê³µí™”êµ­
     got: 아이슬란드 공화국
 ; [cca2=IS].translations.per.common
Expected: Ø§ÛŒØ³Ù„Ù†Ø¯
     got: ایسلند
 ; [cca2=IS].translations.per.official
Expected: Ø¬Ù…Ù‡ÙˆØ±ÛŒ Ø§ÛŒØ³Ù„Ù†Ø¯
     got: جمهوری ایسلند
 ; [cca2=IS].translations.por.common
Expected: IslÃ¢ndia
     got: Islândia
 ; [cca2=IS].translations.por.official
Expected: IslÃ¢ndia
     got: Islândia
 ; [cca2=IS].translations.rus.common
Expected: Ð˜Ñ�Ð»Ð°Ð½Ð´Ð¸Ñ�
     got: Исландия
 ; [cca2=IS].translations.rus.official
Expected: Ð˜Ñ�Ð»Ð°Ð½Ð´Ð¸Ñ�
     got: Исландия
 ; [cca2=IS].translations.slk.official
Expected: IslandskÃ¡ republika
     got: Islandská republika
 ; [cca2=IS].translations.srp.common
Expected: Ð˜Ñ�Ð»Ð°Ð½Ð´
     got: Исланд
 ; [cca2=IS].translations.srp.official
Expected: Ð˜Ñ�Ð»Ð°Ð½Ð´
     got: Исланд
 ; [cca2=IS].translations.tur.common
Expected: Ä°zlanda
     got: İzlanda
 ; [cca2=IS].translations.tur.official
Expected: Ä°zlanda
     got: İzlanda
 ; [cca2=IS].translations.urd.common
Expected: Ø¢Ø¦Ø³ Ù„ÛŒÙ†Úˆ
     got: آئس لینڈ
 ; [cca2=IS].translations.urd.official
Expected: Ø¢Ø¦Ø³ Ù„ÛŒÙ†Úˆ
     got: آئس لینڈ
 ; [cca2=IS].translations.zho.common
Expected: å†°å²›
     got: 冰岛
 ; [cca2=IS].translations.zho.official
Expected: å†°å²›
     got: 冰岛
 ; [cca2=IT].currencies.EUR.symbol
Expected: â‚¬
     got: €
 ; [cca2=IT].flag
Expected: ðŸ‡®ðŸ‡¹
     got: 🇮🇹
 ; [cca2=IT].translations.ara.common
Expected: Ø¥ÙŠØ·Ø§Ù„ÙŠØ§
     got: إيطاليا
 ; [cca2=IT].translations.ara.official
Expected: Ø§Ù„Ø¬Ù…Ù‡ÙˆØ±ÙŠØ© Ø§Ù„Ø¥ÙŠØ·Ø§Ù„ÙŠØ©
     got: الجمهورية الإيطالية
 ; [cca2=IT].translations.ces.common
Expected: ItÃ¡lie
     got: Itálie
 ; [cca2=IT].translations.ces.official
Expected: ItalskÃ¡ republika
     got: Italská republika
 ; [cca2=IT].translations.fra.official
Expected: RÃ©publique italienne
     got: République italienne
 ; [cca2=IT].translations.hun.common
Expected: OlaszorszÃ¡g
     got: Olaszország
 ; [cca2=IT].translations.hun.official
Expected: Olasz KÃ¶ztÃ¡rsasÃ¡g
     got: Olasz Köztársaság
 ; [cca2=IT].translations.jpn.common
Expected: ã‚¤ã‚¿ãƒªã‚¢
     got: イタリア
 ; [cca2=IT].translations.jpn.official
Expected: ã‚¤ã‚¿ãƒªã‚¢å…±å’Œå›½
     got: イタリア共和国
 ; [cca2=IT].translations.kor.common
Expected: ì�´íƒˆë¦¬ì•„
     got: 이탈리아
 ; [cca2=IT].translations.kor.official
Expected: ì�´íƒˆë¦¬ì•„ ê³µí™”êµ­
     got: 이탈리아 공화국
 ; [cca2=IT].translations.nld.common
Expected: ItaliÃ«
     got: Italië
 ; [cca2=IT].translations.per.common
Expected: Ø§ÛŒØªØ§Ù„ÛŒØ§
     got: ایتالیا
 ; [cca2=IT].translations.per.official
Expected: Ø¬Ù…Ù‡ÙˆØ±ÛŒ Ø§ÛŒØªØ§Ù„ÛŒØ§
     got: جمهوری ایتالیا
 ; [cca2=IT].translations.pol.common
Expected: WÅ‚ochy
     got: Włochy
 ; [cca2=IT].translations.pol.official
Expected: Republika WÅ‚oska
     got: Republika Włoska
 ; [cca2=IT].translations.por.common
Expected: ItÃ¡lia
     got: Itália
 ; [cca2=IT].translations.por.official
Expected: RepÃºblica Italiana
     got: República Italiana
 ; [cca2=IT].translations.rus.common
Expected: Ð˜Ñ‚Ð°Ð»Ð¸Ñ�
     got: Италия
 ; [cca2=IT].translations.rus.official
Expected: Ð¸Ñ‚Ð°Ð»ÑŒÑ�Ð½Ñ�ÐºÐ°Ñ� Ð ÐµÑ�Ð¿ÑƒÐ±Ð»Ð¸ÐºÐ°
     got: итальянская Республика
 ; [cca2=IT].translations.spa.official
Expected: RepÃºblica Italiana
     got: República Italiana
 ; [cca2=IT].translations.srp.common
Expected: Ð˜Ñ‚Ð°Ð»Ð¸Ñ˜Ð°
     got: Италија
 ; [cca2=IT].translations.srp.official
Expected: Ð˜Ñ‚Ð°Ð»Ð¸Ñ˜Ð°Ð½Ñ�ÐºÐ° Ð ÐµÐ¿ÑƒÐ±Ð»Ð¸ÐºÐ°
     got: Италијанска Република
 ; [cca2=IT].translations.tur.common
Expected: Ä°talya
     got: İtalya
 ; [cca2=IT].translations.tur.official
Expected: Ä°talyan Cumhuriyeti
     got: İtalyan Cumhuriyeti
 ; [cca2=IT].translations.urd.common
Expected: Ø§Ø·Ø§Ù„ÛŒÛ�
     got: اطالیہ
 ; [cca2=IT].translations.urd.official
Expected: Ø¬Ù…Û�ÙˆØ±ÛŒÛ� Ø§Ø·Ø§Ù„ÛŒÛ�
     got: جمہوریہ اطالیہ
 ; [cca2=IT].translations.zho.common
Expected: æ„�å¤§åˆ©
     got: 意大利
 ; [cca2=IT].translations.zho.official
Expected: æ„�å¤§åˆ©å…±å’Œå›½
     got: 意大利共和国
 ; [cca2=ZM].flag
Expected: ðŸ‡¿ðŸ‡²
     got: 🇿🇲
 ; [cca2=ZM].translations.ara.common
Expected: Ø²Ø§Ù…Ø¨ÙŠØ§
     got: زامبيا
 ; [cca2=ZM].translations.ara.official
Expected: Ø¬Ù…Ù‡ÙˆØ±ÙŠØ© Ø²Ø§Ù…Ø¨ÙŠØ§
     got: جمهورية زامبيا
 ; [cca2=ZM].translations.ces.official
Expected: ZambijskÃ¡ republika
     got: Zambijská republika
 ; [cca2=ZM].translations.fra.official
Expected: RÃ©publique de Zambie
     got: République de Zambie
 ; [cca2=ZM].translations.hun.official
Expected: Zambiai KÃ¶ztÃ¡rsasÃ¡g
     got: Zambiai Köztársaság
 ; [cca2=ZM].translations.jpn.common
Expected: ã‚¶ãƒ³ãƒ“ã‚¢
     got: ザンビア
 ; [cca2=ZM].translations.jpn.official
Expected: ã‚¶ãƒ³ãƒ“ã‚¢å…±å’Œå›½
     got: ザンビア共和国
 ; [cca2=ZM].translations.kor.common
Expected: ìž ë¹„ì•„
     got: 잠비아
 ; [cca2=ZM].translations.kor.official
Expected: ìž ë¹„ì•„ ê³µí™”êµ­
     got: 잠비아 공화국
 ; [cca2=ZM].translations.per.common
Expected: Ø²Ø§Ù…Ø¨ÛŒØ§
     got: زامبیا
 ; [cca2=ZM].translations.per.official
Expected: Ø¬Ù…Ù‡ÙˆØ±ÛŒ Ø²Ø§Ù…Ø¨ÛŒØ§
     got: جمهوری زامبیا
 ; [cca2=ZM].translations.por.common
Expected: ZÃ¢mbia
     got: Zâmbia
 ; [cca2=ZM].translations.por.official
Expected: RepÃºblica da ZÃ¢mbia
     got: República da Zâmbia
 ; [cca2=ZM].translations.rus.common
Expected: Ð—Ð°Ð¼Ð±Ð¸Ñ�
     got: Замбия
 ; [cca2=ZM].translations.rus.official
Expected: Ð ÐµÑ�Ð¿ÑƒÐ±Ð»Ð¸ÐºÐ° Ð—Ð°Ð¼Ð±Ð¸Ñ�
     got: Республика Замбия
 ; [cca2=ZM].translations.slk.official
Expected: ZambijskÃ¡ republika
     got: Zambijská republika
 ; [cca2=ZM].translations.spa.official
Expected: RepÃºblica de Zambia
     got: República de Zambia
 ; [cca2=ZM].translations.srp.common
Expected: Ð—Ð°Ð¼Ð±Ð¸Ñ˜Ð°
     got: Замбија
 ; [cca2=ZM].translations.srp.official
Expected: Ð ÐµÐ¿ÑƒÐ±Ð»Ð¸ÐºÐ° Ð—Ð°Ð¼Ð±Ð¸Ñ˜Ð°
     got: Република Замбија
 ; [cca2=ZM].translations.urd.common
Expected: Ø²ÛŒÙ…Ø¨ÛŒØ§
     got: زیمبیا
 ; [cca2=ZM].translations.urd.official
Expected: Ø¬Ù…Û�ÙˆØ±ÛŒÛ� Ø²ÛŒÙ…Ø¨ÛŒØ§
     got: جمہوریہ زیمبیا
 ; [cca2=ZM].translations.zho.common
Expected: èµžæ¯”äºš
     got: 赞比亚
 ; [cca2=ZM].translations.zho.official
Expected: èµžæ¯”äºšå…±å’Œå›½
     got: 赞比亚共和国
 ; [cca2=JE].altSpellings[]
Expected: Bailliage dÃ© JÃ¨rri
     but none found
 ; [cca2=JE].altSpellings[]
Unexpected: Bailliage dé Jèrri
 ; [cca2=JE].currencies.GBP.symbol
Expected: Â£
     got: £
 ; [cca2=JE].currencies.JEP.symbol
Expected: Â£
     got: £
 ; [cca2=JE].flag
Expected: ðŸ‡¯ðŸ‡ª
     got: 🇯🇪
 ; [cca2=JE].languages.nrf
Expected: JÃ¨rriais
     got: Jèrriais
 ; [cca2=JE].name.nativeName.nrf.common
Expected: JÃ¨rri
     got: Jèrri
 ; [cca2=JE].name.nativeName.nrf.official
Expected: Bailliage dÃ© JÃ¨rri
     got: Bailliage dé Jèrri
 ; [cca2=JE].translations.ara.common
Expected: Ø¬ÙŠØ±Ø²ÙŠ
     got: جيرزي
 ; [cca2=JE].translations.ara.official
Expected: Ø¬ÙŠØ±Ø²ÙŠ
     got: جيرزي
 ; [cca2=JE].translations.ces.official
Expected: RychtÃ¡Å™stvÃ­ Jersey
     got: Rychtářství Jersey
 ; [cca2=JE].translations.jpn.common
Expected: ã‚¸ãƒ£ãƒ¼ã‚¸ãƒ¼
     got: ジャージー
 ; [cca2=JE].translations.jpn.official
Expected: ã‚¸ãƒ£ãƒ¼ã‚¸ã�®å¾—æ„�åˆ†é‡Ž
     got: ジャージの得意分野
 ; [cca2=JE].translations.kor.common
Expected: ì €ì§€ ì„¬
     got: 저지 섬
 ; [cca2=JE].translations.kor.official
Expected: ì €ì§€ ì„¬
     got: 저지 섬
 ; [cca2=JE].translations.per.common
Expected: Ø¬Ø±Ø²ÛŒ
     got: جرزی
 ; [cca2=JE].translations.per.official
Expected: Ø¬Ø±Ø²ÛŒ
     got: جرزی
 ; [cca2=JE].translations.rus.common
Expected: Ð”Ð¶ÐµÑ€Ñ�Ð¸
     got: Джерси
 ; [cca2=JE].translations.rus.official
Expected: ÐšÐ¾Ñ€Ð¾Ð½Ð½Ð¾Ðµ Ð²Ð»Ð°Ð´ÐµÐ½Ð¸Ðµ Ð”Ð¶ÐµÑ€Ñ�Ð¸
     got: Коронное владение Джерси
 ; [cca2=JE].translations.spa.official
Expected: BailÃ­a de Jersey
     got: Bailía de Jersey
 ; [cca2=JE].translations.srp.common
Expected: Ð�ÐµÑ€Ð·Ð¸
     got: Џерзи
 ; [cca2=JE].translations.srp.official
Expected: Ð�ÐµÑ€Ð·Ð¸
     got: Џерзи
 ; [cca2=JE].translations.urd.common
Expected: Ø¬Ø±Ø²ÛŒ
     got: جرزی
 ; [cca2=JE].translations.urd.official
Expected: Ø¬Ø±Ø²ÛŒ
     got: جرزی
 ; [cca2=JE].translations.zho.common
Expected: æ³½è¥¿å²›
     got: 泽西岛
 ; [cca2=JE].translations.zho.official
Expected: æ³½è¥¿å²›
     got: 泽西岛
 ; [cca2=ZW].demonyms.fra.f
Expected: ZimbabwÃ©enne
     got: Zimbabwéenne
 ; [cca2=ZW].demonyms.fra.m
Expected: ZimbabwÃ©en
     got: Zimbabwéen
 ; [cca2=ZW].flag
Expected: ðŸ‡¿ðŸ‡¼
     got: 🇿🇼
 ; [cca2=ZW].translations.ara.common
Expected: Ø²ÙŠÙ…Ø¨Ø§Ø¨ÙˆÙŠ
     got: زيمبابوي
 ; [cca2=ZW].translations.ara.official
Expected: Ø¬Ù…Ù‡ÙˆØ±ÙŠØ© Ø²ÙŠÙ…Ø¨Ø§Ø¨ÙˆÙŠ
     got: جمهورية زيمبابوي
 ; [cca2=ZW].translations.ces.official
Expected: ZimbabwskÃ¡ republika
     got: Zimbabwská republika
 ; [cca2=ZW].translations.fra.official
Expected: RÃ©publique du Zimbabwe
     got: République du Zimbabwe
 ; [cca2=ZW].translations.hun.official
Expected: Zimbabwei KÃ¶ztÃ¡rsasÃ¡g
     got: Zimbabwei Köztársaság
 ; [cca2=ZW].translations.jpn.common
Expected: ã‚¸ãƒ³ãƒ�ãƒ–ã‚¨
     got: ジンバブエ
 ; [cca2=ZW].translations.jpn.official
Expected: ã‚¸ãƒ³ãƒ�ãƒ–ã‚¨å…±å’Œå›½
     got: ジンバブエ共和国
 ; [cca2=ZW].translations.kor.common
Expected: ì§�ë°”ë¸Œì›¨
     got: 짐바브웨
 ; [cca2=ZW].translations.kor.official
Expected: ì§�ë°”ë¸Œì›¨ ê³µí™”êµ­
     got: 짐바브웨 공화국
 ; [cca2=ZW].translations.per.common
Expected: Ø²ÛŒÙ…Ø¨Ø§Ø¨ÙˆÙ‡
     got: زیمبابوه
 ; [cca2=ZW].translations.per.official
Expected: Ø¬Ù…Ù‡ÙˆØ±ÛŒ Ø²ÛŒÙ…Ø¨Ø§Ø¨ÙˆÙ‡
     got: جمهوری زیمبابوه
 ; [cca2=ZW].translations.por.official
Expected: RepÃºblica do Zimbabwe
     got: República do Zimbabwe
 ; [cca2=ZW].translations.rus.common
Expected: Ð—Ð¸Ð¼Ð±Ð°Ð±Ð²Ðµ
     got: Зимбабве
 ; [cca2=ZW].translations.rus.official
Expected: Ð ÐµÑ�Ð¿ÑƒÐ±Ð»Ð¸ÐºÐ° Ð—Ð¸Ð¼Ð±Ð°Ð±Ð²Ðµ
     got: Республика Зимбабве
 ; [cca2=ZW].translations.spa.official
Expected: RepÃºblica de Zimbabue
     got: República de Zimbabue
 ; [cca2=ZW].translations.srp.common
Expected: Ð—Ð¸Ð¼Ð±Ð°Ð±Ð²Ðµ
     got: Зимбабве
 ; [cca2=ZW].translations.srp.official
Expected: Ð ÐµÐ¿ÑƒÐ±Ð»Ð¸ÐºÐ° Ð—Ð¸Ð¼Ð±Ð°Ð±Ð²Ðµ
     got: Република Зимбабве
 ; [cca2=ZW].translations.urd.common
Expected: Ø²Ù…Ø¨Ø§Ø¨ÙˆÛ’
     got: زمبابوے
 ; [cca2=ZW].translations.urd.official
Expected: Ø¬Ù…Û�ÙˆØ±ÛŒÛ� Ø²Ù…Ø¨Ø§Ø¨ÙˆÛ’
     got: جمہوریہ زمبابوے
 ; [cca2=ZW].translations.zho.common
Expected: æ´¥å·´å¸ƒéŸ¦
     got: 津巴布韦
 ; [cca2=ZW].translations.zho.official
Expected: æ´¥å·´å¸ƒéŸ¦å…±å’Œå›½
     got: 津巴布韦共和国
 ; [cca2=JM].demonyms.fra.f
Expected: JamaÃ¯caine
     got: Jamaïcaine
 ; [cca2=JM].demonyms.fra.m
Expected: JamaÃ¯cain
     got: Jamaïcain
 ; [cca2=JM].flag
Expected: ðŸ‡¯ðŸ‡²
     got: 🇯🇲
 ; [cca2=JM].translations.ara.common
Expected: Ø¬Ø§Ù…Ø§ÙŠÙƒØ§
     got: جامايكا
 ; [cca2=JM].translations.ara.official
Expected: Ø¬Ø§Ù…Ø§ÙŠÙƒØ§
     got: جامايكا
 ; [cca2=JM].translations.fra.common
Expected: JamaÃ¯que
     got: Jamaïque
 ; [cca2=JM].translations.fra.official
Expected: JamaÃ¯que
     got: Jamaïque
 ; [cca2=JM].translations.jpn.common
Expected: ã‚¸ãƒ£ãƒžã‚¤ã‚«
     got: ジャマイカ
 ; [cca2=JM].translations.jpn.official
Expected: ã‚¸ãƒ£ãƒžã‚¤ã‚«
     got: ジャマイカ
 ; [cca2=JM].translations.kor.common
Expected: ìž�ë©”ì�´ì¹´
     got: 자메이카
 ; [cca2=JM].translations.kor.official
Expected: ìž�ë©”ì�´ì¹´
     got: 자메이카
 ; [cca2=JM].translations.per.common
Expected: Ø¬Ø§Ù…Ø§Ø¦ÛŒÚ©Ø§
     got: جامائیکا
 ; [cca2=JM].translations.per.official
Expected: Ø¬Ø§Ù…Ø§Ø¦ÛŒÚ©Ø§
     got: جامائیکا
 ; [cca2=JM].translations.rus.common
Expected: Ð¯Ð¼Ð°Ð¹ÐºÐ°
     got: Ямайка
 ; [cca2=JM].translations.rus.official
Expected: Ð¯Ð¼Ð°Ð¹ÐºÐ°
     got: Ямайка
 ; [cca2=JM].translations.srp.common
Expected: ÐˆÐ°Ð¼Ð°Ñ˜ÐºÐ°
     got: Јамајка
 ; [cca2=JM].translations.srp.official
Expected: ÐˆÐ°Ð¼Ð°Ñ˜ÐºÐ°
     got: Јамајка
 ; [cca2=JM].translations.urd.common
Expected: Ø¬Ù…ÛŒÚ©Ø§
     got: جمیکا
 ; [cca2=JM].translations.urd.official
Expected: Ø¬Ù…ÛŒÚ©Ø§
     got: جمیکا
 ; [cca2=JM].translations.zho.common
Expected: ç‰™ä¹°åŠ 
     got: 牙买加
 ; [cca2=JM].translations.zho.official
Expected: ç‰™ä¹°åŠ 
     got: 牙买加
 ; [cca2=JO].altSpellings[]
Expected: al-Mamlakah al-UrdunÄ«yah al-HÄ�shimÄ«yah
     but none found
 ; [cca2=JO].altSpellings[]
Unexpected: al-Mamlakah al-Urdunīyah al-Hāshimīyah
 ; [cca2=JO].currencies.JOD.symbol
Expected: Ø¯.Ø§
     got: د.ا
 ; [cca2=JO].flag
Expected: ðŸ‡¯ðŸ‡´
     got: 🇯🇴
 ; [cca2=JO].name.nativeName.ara.common
Expected: Ø§Ù„Ø£Ø±Ø¯Ù†
     got: الأردن
 ; [cca2=JO].name.nativeName.ara.official
Expected: Ø§Ù„Ù…Ù…Ù„ÙƒØ© Ø§Ù„Ø£Ø±Ø¯Ù†ÙŠØ© Ø§Ù„Ù‡Ø§Ø´Ù…ÙŠØ©
     got: المملكة الأردنية الهاشمية
 ; [cca2=JO].tld[]
Expected: Ø§Ù„Ø§Ø±Ø¯Ù†.
     but none found
 ; [cca2=JO].tld[]
Unexpected: الاردن.
 ; [cca2=JO].translations.ara.common
Expected: Ø§Ù„Ø£Ø±Ø¯Ù†
     got: الأردن
 ; [cca2=JO].translations.ara.official
Expected: Ø§Ù„Ù…Ù…Ù„ÙƒØ© Ø§Ù„Ø£Ø±Ø¯Ù†ÙŠØ© Ø§Ù„Ù‡Ø§Ø´Ù…ÙŠØ©
     got: المملكة الأردنية الهاشمية
 ; [cca2=JO].translations.ces.common
Expected: JordÃ¡nsko
     got: Jordánsko
 ; [cca2=JO].translations.ces.official
Expected: JordÃ¡nskÃ© hÃ¡Å¡imovskÃ© krÃ¡lovstvÃ­
     got: Jordánské hášimovské království
 ; [cca2=JO].translations.deu.official
Expected: Haschemitisches KÃ¶nigreich Jordanien
     got: Haschemitisches Königreich Jordanien
 ; [cca2=JO].translations.est.official
Expected: Jordaania HaÅ¡imiidi Kuningriik
     got: Jordaania Hašimiidi Kuningriik
 ; [cca2=JO].translations.fin.official
Expected: Jordanian haÅ¡emiittinen kunigaskunta
     got: Jordanian hašemiittinen kunigaskunta
 ; [cca2=JO].translations.fra.official
Expected: Royaume hachÃ©mite de Jordanie
     got: Royaume hachémite de Jordanie
 ; [cca2=JO].translations.hrv.official
Expected: HaÅ¡emitske Kraljevine Jordan
     got: Hašemitske Kraljevine Jordan
 ; [cca2=JO].translations.hun.common
Expected: JordÃ¡nia
     got: Jordánia
 ; [cca2=JO].translations.hun.official
Expected: JordÃ¡nia
     got: Jordánia
 ; [cca2=JO].translations.jpn.common
Expected: ãƒ¨ãƒ«ãƒ€ãƒ³
     got: ヨルダン
 ; [cca2=JO].translations.jpn.official
Expected: ãƒ¨ãƒ«ãƒ€ãƒ³Â·ãƒ�ã‚·ãƒŸãƒ†çŽ‹å›½
     got: ヨルダン·ハシミテ王国
 ; [cca2=JO].translations.kor.common
Expected: ìš”ë¥´ë‹¨
     got: 요르단
 ; [cca2=JO].translations.kor.official
Expected: ìš”ë¥´ë‹¨ í•˜ì‹¬ ì™•êµ­
     got: 요르단 하심 왕국
 ; [cca2=JO].translations.nld.common
Expected: JordaniÃ«
     got: Jordanië
 ; [cca2=JO].translations.nld.official
Expected: Hasjemitisch Koninkrijk JordaniÃ«
     got: Hasjemitisch Koninkrijk Jordanië
 ; [cca2=JO].translations.per.common
Expected: Ø§Ø±Ø¯Ù†
     got: اردن
 ; [cca2=JO].translations.per.official
Expected: Ù¾Ø§Ø¯Ø´Ø§Ù‡ÛŒ Ø§Ù�Ø±Ø¯Ù�Ù† Ù‡Ø§Ø´Ù…ÛŒ
     got: پادشاهی اُردُن هاشمی
 ; [cca2=JO].translations.pol.official
Expected: JordaÅ„skie KrÃ³lestwo Haszymidzkie
     got: Jordańskie Królestwo Haszymidzkie
 ; [cca2=JO].translations.por.common
Expected: JordÃ¢nia
     got: Jordânia
 ; [cca2=JO].translations.por.official
Expected: Reino Hachemita da JordÃ¢nia
     got: Reino Hachemita da Jordânia
 ; [cca2=JO].translations.rus.common
Expected: Ð˜Ð¾Ñ€Ð´Ð°Ð½Ð¸Ñ�
     got: Иордания
 ; [cca2=JO].translations.rus.official
Expected: Ð˜Ð¾Ñ€Ð´Ð°Ð½Ñ�ÐºÐ¾Ð³Ð¾ Ð¥Ð°ÑˆÐ¸Ð¼Ð¸Ñ‚Ñ�ÐºÐ¾Ð³Ð¾ ÐšÐ¾Ñ€Ð¾Ð»ÐµÐ²Ñ�Ñ‚Ð²Ð°
     got: Иорданского Хашимитского Королевства
 ; [cca2=JO].translations.slk.common
Expected: JordÃ¡nsko
     got: Jordánsko
 ; [cca2=JO].translations.slk.official
Expected: JordÃ¡nske hÃ¡Å¡imovskÃ© krÃ¡Ä¾ovstvo
     got: Jordánske hášimovské kráľovstvo
 ; [cca2=JO].translations.srp.common
Expected: ÐˆÐ¾Ñ€Ð´Ð°Ð½
     got: Јордан
 ; [cca2=JO].translations.srp.official
Expected: Ð¥Ð°ÑˆÐµÐ¼Ð¸Ñ‚Ñ�ÐºÐ° ÐšÑ€Ð°Ñ™ÐµÐ²Ð¸Ð½Ð° ÐˆÐ¾Ñ€Ð´Ð°Ð½
     got: Хашемитска Краљевина Јордан
 ; [cca2=JO].translations.swe.official
Expected: Hashimitiska kungadÃ¶met Jordanien
     got: Hashimitiska kungadömet Jordanien
 ; [cca2=JO].translations.tur.common
Expected: ÃœrdÃ¼n
     got: Ürdün
 ; [cca2=JO].translations.tur.official
Expected: ÃœrdÃ¼n HÃ¢ÅŸimi KrallÄ±ÄŸÄ±
     got: Ürdün Hâşimi Krallığı
 ; [cca2=JO].translations.urd.common
Expected: Ø§Ø±Ø¯Ù†
     got: اردن
 ; [cca2=JO].translations.urd.official
Expected: Ú¾Ø§Ø´Ù…ÛŒ Ù…Ù…Ù„Ú©ØªÙ� Ø§Ø±Ø¯Ù†
     got: ھاشمی مملکتِ اردن
 ; [cca2=JO].translations.zho.common
Expected: çº¦æ—¦
     got: 约旦
 ; [cca2=JO].translations.zho.official
Expected: çº¦æ—¦å“ˆå¸Œå§†çŽ‹å›½
     got: 约旦哈希姆王国
 ; [cca2=JP].currencies.JPY.symbol
Expected: Â¥
     got: ¥
 ; [cca2=JP].flag
Expected: ðŸ‡¯ðŸ‡µ
     got: 🇯🇵
 ; [cca2=JP].name.nativeName.jpn.common
Expected: æ—¥æœ¬
     got: 日本
 ; [cca2=JP].name.nativeName.jpn.official
Expected: æ—¥æœ¬
     got: 日本
 ; [cca2=JP].tld[]
Expected: .ã�¿ã‚“ã�ª
     but none found
 ; [cca2=JP].tld[]
Unexpected: .みんな
 ; [cca2=JP].translations.ara.common
Expected: Ø§Ù„ÙŠØ§Ø¨Ø§Ù†
     got: اليابان
 ; [cca2=JP].translations.ara.official
Expected: Ø§Ù„ÙŠØ§Ø¨Ø§Ù†
     got: اليابان
 ; [cca2=JP].translations.hun.common
Expected: JapÃ¡n
     got: Japán
 ; [cca2=JP].translations.hun.official
Expected: JapÃ¡n
     got: Japán
 ; [cca2=JP].translations.jpn.common
Expected: æ—¥æœ¬
     got: 日本
 ; [cca2=JP].translations.jpn.official
Expected: æ—¥æœ¬
     got: 日本
 ; [cca2=JP].translations.kor.common
Expected: ì�¼ë³¸
     got: 일본
 ; [cca2=JP].translations.kor.official
Expected: ì�¼ë³¸êµ­
     got: 일본국
 ; [cca2=JP].translations.per.common
Expected: Ú˜Ø§Ù¾Ù†
     got: ژاپن
 ; [cca2=JP].translations.per.official
Expected: Ú˜Ø§Ù¾Ù†
     got: ژاپن
 ; [cca2=JP].translations.por.common
Expected: JapÃ£o
     got: Japão
 ; [cca2=JP].translations.por.official
Expected: JapÃ£o
     got: Japão
 ; [cca2=JP].translations.rus.common
Expected: Ð¯Ð¿Ð¾Ð½Ð¸Ñ�
     got: Япония
 ; [cca2=JP].translations.rus.official
Expected: Ð¯Ð¿Ð¾Ð½Ð¸Ñ�
     got: Япония
 ; [cca2=JP].translations.spa.common
Expected: JapÃ³n
     got: Japón
 ; [cca2=JP].translations.spa.official
Expected: JapÃ³n
     got: Japón
 ; [cca2=JP].translations.srp.common
Expected: ÐˆÐ°Ð¿Ð°Ð½
     got: Јапан
 ; [cca2=JP].translations.srp.official
Expected: ÐˆÐ°Ð¿Ð°Ð½
     got: Јапан
 ; [cca2=JP].translations.urd.common
Expected: Ø¬Ø§Ù¾Ø§Ù†
     got: جاپان
 ; [cca2=JP].translations.urd.official
Expected: Ø¬Ø§Ù¾Ø§Ù†
     got: جاپان
 ; [cca2=JP].translations.zho.common
Expected: æ—¥æœ¬
     got: 日本
 ; [cca2=JP].translations.zho.official
Expected: æ—¥æœ¬å›½
     got: 日本国
 ; [cca2=KE].demonyms.fra.f
Expected: KÃ©nyane
     got: Kényane
 ; [cca2=KE].demonyms.fra.m
Expected: KÃ©nyan
     got: Kényan
 ; [cca2=KE].flag
Expected: ðŸ‡°ðŸ‡ª
     got: 🇰🇪
 ; [cca2=KE].translations.ara.common
Expected: ÙƒÙŠÙ†ÙŠØ§
     got: كينيا
 ; [cca2=KE].translations.ara.official
Expected: Ø¬Ù…Ù‡ÙˆØ±ÙŠØ© ÙƒÙŠÙ†ÙŠØ§
     got: جمهورية كينيا
 ; [cca2=KE].translations.ces.common
Expected: KeÅˆa
     got: Keňa
 ; [cca2=KE].translations.ces.official
Expected: KeÅˆskÃ¡ republika
     got: Keňská republika
 ; [cca2=KE].translations.fra.official
Expected: RÃ©publique du Kenya
     got: République du Kenya
 ; [cca2=KE].translations.hun.official
Expected: Kenyai KÃ¶ztÃ¡rsasÃ¡g
     got: Kenyai Köztársaság
 ; [cca2=KE].translations.jpn.common
Expected: ã‚±ãƒ‹ã‚¢
     got: ケニア
 ; [cca2=KE].translations.jpn.official
Expected: ã‚±ãƒ‹ã‚¢å…±å’Œå›½
     got: ケニア共和国
 ; [cca2=KE].translations.kor.common
Expected: ì¼€ëƒ�
     got: 케냐
 ; [cca2=KE].translations.kor.official
Expected: ì¼€ëƒ� ê³µí™”êµ­
     got: 케냐 공화국
 ; [cca2=KE].translations.per.common
Expected: Ú©Ù†ÛŒØ§
     got: کنیا
 ; [cca2=KE].translations.per.official
Expected: Ø¬Ù…Ù‡ÙˆØ±ÛŒ Ú©Ù†ÛŒØ§
     got: جمهوری کنیا
 ; [cca2=KE].translations.por.common
Expected: QuÃ©nia
     got: Quénia
 ; [cca2=KE].translations.por.official
Expected: RepÃºblica do QuÃ©nia
     got: República do Quénia
 ; [cca2=KE].translations.rus.common
Expected: ÐšÐµÐ½Ð¸Ñ�
     got: Кения
 ; [cca2=KE].translations.rus.official
Expected: Ð ÐµÑ�Ð¿ÑƒÐ±Ð»Ð¸ÐºÐ° ÐšÐµÐ½Ð¸Ñ�
     got: Республика Кения
 ; [cca2=KE].translations.slk.common
Expected: KeÅˆa
     got: Keňa
 ; [cca2=KE].translations.slk.official
Expected: KenskÃ¡ republika
     got: Kenská republika
 ; [cca2=KE].translations.spa.official
Expected: RepÃºblica de Kenya
     got: República de Kenya
 ; [cca2=KE].translations.srp.common
Expected: ÐšÐµÐ½Ð¸Ñ˜Ð°
     got: Кенија
 ; [cca2=KE].translations.srp.official
Expected: Ð ÐµÐ¿ÑƒÐ±Ð»Ð¸ÐºÐ° ÐšÐµÐ½Ð¸Ñ˜Ð°
     got: Република Кенија
 ; [cca2=KE].translations.urd.common
Expected: Ú©ÛŒÙ†ÛŒØ§
     got: کینیا
 ; [cca2=KE].translations.urd.official
Expected: Ø¬Ù…Û�ÙˆØ±ÛŒÛ� Ú©ÛŒÙ†ÛŒØ§
     got: جمہوریہ کینیا
 ; [cca2=KE].translations.zho.common
Expected: è‚¯å°¼äºš
     got: 肯尼亚
 ; [cca2=KE].translations.zho.official
Expected: è‚¯å°¼äºšå…±å’Œå›½
     got: 肯尼亚共和国
 ; [cca2=KG].altSpellings[]
Expected: ÐšÑ‹Ñ€Ð³Ñ‹Ð· Ð ÐµÑ�Ð¿ÑƒÐ±Ð»Ð¸ÐºÐ°Ñ�Ñ‹
     but none found
 ; [cca2=KG].altSpellings[]
Expected: ÐšÐ¸Ñ€Ð³Ð¸Ð·Ð¸Ñ�
     but none found
 ; [cca2=KG].altSpellings[]
Unexpected: Кыргыз Республикасы
 ; [cca2=KG].altSpellings[]
Unexpected: Киргизия
 ; [cca2=KG].currencies.KGS.symbol
Expected: Ñ�
     got: с
 ; [cca2=KG].flag
Expected: ðŸ‡°ðŸ‡¬
     got: 🇰🇬
 ; [cca2=KG].name.nativeName.kir.common
Expected: ÐšÑ‹Ñ€Ð³Ñ‹Ð·Ñ�Ñ‚Ð°Ð½
     got: Кыргызстан
 ; [cca2=KG].name.nativeName.kir.official
Expected: ÐšÑ‹Ñ€Ð³Ñ‹Ð· Ð ÐµÑ�Ð¿ÑƒÐ±Ð»Ð¸ÐºÐ°Ñ�Ñ‹
     got: Кыргыз Республикасы
 ; [cca2=KG].name.nativeName.rus.common
Expected: ÐšÐ¸Ñ€Ð³Ð¸Ð·Ð¸Ñ�
     got: Киргизия
 ; [cca2=KG].name.nativeName.rus.official
Expected: ÐšÑ‹Ñ€Ð³Ñ‹Ð·Ñ�ÐºÐ°Ñ� Ð ÐµÑ�Ð¿ÑƒÐ±Ð»Ð¸ÐºÐ°
     got: Кыргызская Республика
 ; [cca2=KG].translations.ara.common
Expected: Ù‚ÙŠØ±ØºÙŠØ²Ø³ØªØ§Ù†
     got: قيرغيزستان
 ; [cca2=KG].translations.ara.official
Expected: Ø§Ù„Ø¬Ù…Ù‡ÙˆØ±ÙŠØ© Ø§Ù„Ù‚ÙŠØ±ØºÙŠØ²ÙŠØ©
     got: الجمهورية القيرغيزية
 ; [cca2=KG].translations.ces.common
Expected: KyrgyzstÃ¡n
     got: Kyrgyzstán
 ; [cca2=KG].translations.ces.official
Expected: KyrgyzskÃ¡ republika
     got: Kyrgyzská republika
 ; [cca2=KG].translations.est.common
Expected: KÃµrgÃµzstan
     got: Kõrgõzstan
 ; [cca2=KG].translations.fra.official
Expected: RÃ©publique kirghize
     got: République kirghize
 ; [cca2=KG].translations.hun.common
Expected: KirgizisztÃ¡n
     got: Kirgizisztán
 ; [cca2=KG].translations.hun.official
Expected: Kirgiz KÃ¶ztÃ¡rsasÃ¡g
     got: Kirgiz Köztársaság
 ; [cca2=KG].translations.jpn.common
Expected: ã‚­ãƒ«ã‚®ã‚¹
     got: キルギス
 ; [cca2=KG].translations.jpn.official
Expected: ã‚­ãƒ«ã‚®ã‚¹å…±å’Œå›½
     got: キルギス共和国
 ; [cca2=KG].translations.kor.common
Expected: í‚¤ë¥´ê¸°ìŠ¤ìŠ¤íƒ„
     got: 키르기스스탄
 ; [cca2=KG].translations.kor.official
Expected: í‚¤ë¥´ê¸°ìŠ¤ ê³µí™”êµ­
     got: 키르기스 공화국
 ; [cca2=KG].translations.nld.common
Expected: KirgiziÃ«
     got: Kirgizië
 ; [cca2=KG].translations.per.common
Expected: Ù‚Ø±Ù‚ÛŒØ²Ø³ØªØ§Ù†
     got: قرقیزستان
 ; [cca2=KG].translations.per.official
Expected: Ø¬Ù…Ù‡ÙˆØ±ÛŒ Ù‚Ù�Ø±Ù‚ÛŒØ²Ø³ØªØ§Ù†
     got: جمهوری قِرقیزستان
 ; [cca2=KG].translations.por.common
Expected: QuirguistÃ£o
     got: Quirguistão
 ; [cca2=KG].translations.por.official
Expected: RepÃºblica do QuirguistÃ£o
     got: República do Quirguistão
 ; [cca2=KG].translations.rus.common
Expected: ÐšÐ¸Ñ€Ð³Ð¸Ð·Ð¸Ñ�
     got: Киргизия
 ; [cca2=KG].translations.rus.official
Expected: ÐšÑ‹Ñ€Ð³Ñ‹Ð·Ñ�ÐºÐ°Ñ� Ð ÐµÑ�Ð¿ÑƒÐ±Ð»Ð¸ÐºÐ°
     got: Кыргызская Республика
 ; [cca2=KG].translations.slk.official
Expected: KirgizskÃ¡ republika
     got: Kirgizská republika
 ; [cca2=KG].translations.spa.common
Expected: KirguizistÃ¡n
     got: Kirguizistán
 ; [cca2=KG].translations.spa.official
Expected: RepÃºblica Kirguisa
     got: República Kirguisa
 ; [cca2=KG].translations.srp.common
Expected: ÐšÐ¸Ñ€Ð³Ð¸Ð·Ð¸Ñ˜Ð°
     got: Киргизија
 ; [cca2=KG].translations.srp.official
Expected: ÐšÐ¸Ñ€Ð³Ð¸Ñ�ÐºÐ° Ð ÐµÐ¿ÑƒÐ±Ð»Ð¸ÐºÐ°
     got: Киргиска Република
 ; [cca2=KG].translations.tur.common
Expected: KÄ±rgÄ±zistan
     got: Kırgızistan
 ; [cca2=KG].translations.tur.official
Expected: KÄ±rgÄ±zistan Cumhuriyeti
     got: Kırgızistan Cumhuriyeti
 ; [cca2=KG].translations.urd.common
Expected: Ú©Ø±ØºÛŒØ²Ø³ØªØ§Ù†
     got: کرغیزستان
 ; [cca2=KG].translations.urd.official
Expected: Ø¬Ù…Û�ÙˆØ±ÛŒÛ� Ú©Ø±ØºÛŒØ²Ø³ØªØ§Ù†
     got: جمہوریہ کرغیزستان
 ; [cca2=KG].translations.zho.common
Expected: å�‰å°”å�‰æ–¯æ–¯å�¦
     got: 吉尔吉斯斯坦
 ; [cca2=KG].translations.zho.official
Expected: å�‰å°”å�‰æ–¯æ–¯å�¦å…±å’Œå›½
     got: 吉尔吉斯斯坦共和国
 ; [cca2=KH].currencies.KHR.symbol
Expected: áŸ›
     got: ៛
 ; [cca2=KH].flag
Expected: ðŸ‡°ðŸ‡­
     got: 🇰🇭
 ; [cca2=KH].name.nativeName.khm.common
Expected: KÃ¢mpÅ­chÃ©a
     got: Kâmpŭchéa
 ; [cca2=KH].name.nativeName.khm.official
Expected: áž–áŸ’ážšáŸ‡ážšáž¶áž‡áž¶ážŽáž¶áž…áž€áŸ’ážšáž€áž˜áŸ’áž–áž»áž‡áž¶
     got: ព្រះរាជាណាចក្រកម្ពុជា
 ; [cca2=KH].translations.ara.common
Expected: ÙƒÙ…Ø¨ÙˆØ¯ÙŠØ§
     got: كمبوديا
 ; [cca2=KH].translations.ara.official
Expected: Ù…Ù…Ù„ÙƒØ© ÙƒÙ…Ø¨ÙˆØ¯ÙŠØ§
     got: مملكة كمبوديا
 ; [cca2=KH].translations.ces.common
Expected: KambodÅ¾a
     got: Kambodža
 ; [cca2=KH].translations.ces.official
Expected: KambodÅ¾skÃ© krÃ¡lovstvÃ­
     got: Kambodžské království
 ; [cca2=KH].translations.deu.official
Expected: KÃ¶nigreich Kambodscha
     got: Königreich Kambodscha
 ; [cca2=KH].translations.est.common
Expected: KambodÅ¾a
     got: Kambodža
 ; [cca2=KH].translations.est.official
Expected: KambodÅ¾a Kuningriik
     got: Kambodža Kuningriik
 ; [cca2=KH].translations.fin.common
Expected: KambodÅ¾a
     got: Kambodža
 ; [cca2=KH].translations.fin.official
Expected: KambodÅ¾an kuningaskunta
     got: Kambodžan kuningaskunta
 ; [cca2=KH].translations.hrv.common
Expected: KambodÅ¾a
     got: Kambodža
 ; [cca2=KH].translations.hrv.official
Expected: Kraljevina KambodÅ¾a
     got: Kraljevina Kambodža
 ; [cca2=KH].translations.hun.official
Expected: Kambodzsai KirÃ¡lysÃ¡g
     got: Kambodzsai Királyság
 ; [cca2=KH].translations.jpn.common
Expected: ã‚«ãƒ³ãƒœã‚¸ã‚¢
     got: カンボジア
 ; [cca2=KH].translations.jpn.official
Expected: ã‚«ãƒ³ãƒœã‚¸ã‚¢çŽ‹å›½
     got: カンボジア王国
 ; [cca2=KH].translations.kor.common
Expected: ìº„ë³´ë””ì•„
     got: 캄보디아
 ; [cca2=KH].translations.kor.official
Expected: ìº„ë³´ë””ì•„ ì™•êµ­
     got: 캄보디아 왕국
 ; [cca2=KH].translations.per.common
Expected: Ú©Ø§Ù…Ø¨ÙˆØ¬
     got: کامبوج
 ; [cca2=KH].translations.per.official
Expected: Ù¾Ø§Ø¯Ø´Ø§Ù‡ÛŒ Ú©Ø§Ù…Ø¨ÙˆØ¬
     got: پادشاهی کامبوج
 ; [cca2=KH].translations.pol.common
Expected: KambodÅ¼a
     got: Kambodża
 ; [cca2=KH].translations.pol.official
Expected: KrÃ³lestwo KambodÅ¼y
     got: Królestwo Kambodży
 ; [cca2=KH].translations.rus.common
Expected: ÐšÐ°Ð¼Ð±Ð¾Ð´Ð¶Ð°
     got: Камбоджа
 ; [cca2=KH].translations.rus.official
Expected: ÐšÐ¾Ñ€Ð¾Ð»ÐµÐ²Ñ�Ñ‚Ð²Ð¾ ÐšÐ°Ð¼Ð±Ð¾Ð´Ð¶Ð°
     got: Королевство Камбоджа
 ; [cca2=KH].translations.slk.common
Expected: KamboÇ†a
     got: Kamboǆa
 ; [cca2=KH].translations.slk.official
Expected: KamboÇ†skÃ© krÃ¡Ä¾ovstvo
     got: Kamboǆské kráľovstvo
 ; [cca2=KH].translations.srp.common
Expected: ÐšÐ°Ð¼Ð±Ð¾ÑŸÐ°
     got: Камбоџа
 ; [cca2=KH].translations.srp.official
Expected: ÐšÑ€Ð°Ñ™ÐµÐ²Ð¸Ð½Ð° ÐšÐ°Ð¼Ð±Ð¾ÑŸÐ°
     got: Краљевина Камбоџа
 ; [cca2=KH].translations.tur.common
Expected: KamboÃ§ya
     got: Kamboçya
 ; [cca2=KH].translations.tur.official
Expected: KamboÃ§ya KrallÄ±ÄŸÄ±
     got: Kamboçya Krallığı
 ; [cca2=KH].translations.urd.common
Expected: Ú©Ù…Ø¨ÙˆÚˆÛŒØ§
     got: کمبوڈیا
 ; [cca2=KH].translations.urd.official
Expected: Ù…Ù…Ù„Ú©ØªÙ� Ú©Ù…Ø¨ÙˆÚˆÛŒØ§
     got: مملکتِ کمبوڈیا
 ; [cca2=KH].translations.zho.common
Expected: æŸ¬åŸ”å¯¨
     got: 柬埔寨
 ; [cca2=KH].translations.zho.official
Expected: æŸ¬åŸ”å¯¨çŽ‹å›½
     got: 柬埔寨王国
 ; [cca2=KI].flag
Expected: ðŸ‡°ðŸ‡®
     got: 🇰🇮
 ; [cca2=KI].translations.ara.common
Expected: ÙƒÙŠØ±ÙŠØ¨Ø§ØªÙŠ
     got: كيريباتي
 ; [cca2=KI].translations.ara.official
Expected: Ø¬Ù…Ù‡ÙˆØ±ÙŠØ© ÙƒÙŠØ±ÙŠØ¨Ø§ØªÙŠ
     got: جمهورية كيريباتي
 ; [cca2=KI].translations.fra.official
Expected: RÃ©publique de Kiribati
     got: République de Kiribati
 ; [cca2=KI].translations.hun.official
Expected: Kiribati KÃ¶ztÃ¡rsasÃ¡g
     got: Kiribati Köztársaság
 ; [cca2=KI].translations.jpn.common
Expected: ã‚­ãƒªãƒ�ã‚¹
     got: キリバス
 ; [cca2=KI].translations.jpn.official
Expected: ã‚­ãƒªãƒ�ã‚¹ã�®ç‹¬ç«‹ã�¨ä¸»æ¨©å…±å’Œå›½
     got: キリバスの独立と主権共和国
 ; [cca2=KI].translations.kor.common
Expected: í‚¤ë¦¬ë°”ì‹œ
     got: 키리바시
 ; [cca2=KI].translations.kor.official
Expected: í‚¤ë¦¬ë°”ì‹œ ê³µí™”êµ­
     got: 키리바시 공화국
 ; [cca2=KI].translations.per.common
Expected: Ú©ÛŒØ±ÛŒØ¨Ø§ØªÛŒ
     got: کیریباتی
 ; [cca2=KI].translations.per.official
Expected: Ø¬Ù…Ù‡ÙˆØ±ÛŒ Ú©ÛŒØ±ÛŒØ¨Ø§ØªÛŒ
     got: جمهوری کیریباتی
 ; [cca2=KI].translations.por.official
Expected: Independente e soberano RepÃºblica de Kiribati
     got: Independente e soberano República de Kiribati
 ; [cca2=KI].translations.rus.common
Expected: ÐšÐ¸Ñ€Ð¸Ð±Ð°Ñ‚Ð¸
     got: Кирибати
 ; [cca2=KI].translations.rus.official
Expected: Ð�ÐµÐ·Ð°Ð²Ð¸Ñ�Ð¸Ð¼Ð¾Ð¹ Ð¸ Ñ�ÑƒÐ²ÐµÑ€ÐµÐ½Ð½Ð¾Ð¹ Ð ÐµÑ�Ð¿ÑƒÐ±Ð»Ð¸ÐºÐ¸ ÐšÐ¸Ñ€Ð¸Ð±Ð°Ñ‚Ð¸
     got: Независимой и суверенной Республики Кирибати
 ; [cca2=KI].translations.slk.official
Expected: KiribatskÃ¡ republika
     got: Kiribatská republika
 ; [cca2=KI].translations.spa.official
Expected: RepÃºblica Independiente y Soberano de Kiribati
     got: República Independiente y Soberano de Kiribati
 ; [cca2=KI].translations.srp.common
Expected: ÐšÐ¸Ñ€Ð¸Ð±Ð°Ñ‚Ð¸
     got: Кирибати
 ; [cca2=KI].translations.srp.official
Expected: Ð�ÐµÐ·Ð°Ð²Ð¸Ñ�Ð½Ð° Ð¸ Ð¡ÑƒÐ²ÐµÑ€ÐµÐ½Ð° Ð ÐµÐ¿ÑƒÐ±Ð»Ð¸ÐºÐ° ÐšÐ¸Ñ€Ð¸Ð±Ð°Ñ‚Ð¸
     got: Независна и Суверена Република Кирибати
 ; [cca2=KI].translations.urd.common
Expected: Ú©ÛŒØ±ÛŒØ¨Ø§ØªÛŒ
     got: کیریباتی
 ; [cca2=KI].translations.urd.official
Expected: Ø³Ù„Ø·Ù†Øª Ø¢Ø²Ø§Ø¯ Ø¬Ù…Û�ÙˆØ±ÛŒÛ� Ú©ÛŒØ±ÛŒØ¨Ø§ØªÛŒ
     got: سلطنت آزاد جمہوریہ کیریباتی
 ; [cca2=KI].translations.zho.common
Expected: åŸºé‡Œå·´æ–¯
     got: 基里巴斯
 ; [cca2=KI].translations.zho.official
Expected: åŸºé‡Œå·´æ–¯å…±å’Œå›½
     got: 基里巴斯共和国
 ; [cca2=KM].altSpellings[]
Expected: al-Ittiá¸¥Ä�d al-QumurÄ«
     but none found
 ; [cca2=KM].altSpellings[]
Unexpected: al-Ittiḥād al-Qumurī
 ; [cca2=KM].flag
Expected: ðŸ‡°ðŸ‡²
     got: 🇰🇲
 ; [cca2=KM].name.nativeName.ara.common
Expected: Ø§Ù„Ù‚Ù…Ø±â€Ž
     got: القمر‎
 ; [cca2=KM].name.nativeName.ara.official
Expected: Ø§Ù„Ø§ØªØ­Ø§Ø¯ Ø§Ù„Ù‚Ù…Ø±ÙŠ
     got: الاتحاد القمري
 ; [cca2=KM].translations.ara.common
Expected: Ø¬Ø²Ø± Ø§Ù„Ù‚Ù…Ø±
     got: جزر القمر
 ; [cca2=KM].translations.ara.official
Expected: Ø§Ù„Ø¥ØªØ­Ø§Ø¯ Ø§Ù„Ù‚Ù…Ø±ÙŠ
     got: الإتحاد القمري
 ; [cca2=KM].translations.ces.official
Expected: KomorskÃ½ svaz
     got: Komorský svaz
 ; [cca2=KM].translations.hun.official
Expected: Comore-szigeteki UniÃ³
     got: Comore-szigeteki Unió
 ; [cca2=KM].translations.jpn.common
Expected: ã‚³ãƒ¢ãƒ­
     got: コモロ
 ; [cca2=KM].translations.jpn.official
Expected: ã‚³ãƒ¢ãƒ­é€£å�ˆ
     got: コモロ連合
 ; [cca2=KM].translations.kor.common
Expected: ì½”ëª¨ë¡œ
     got: 코모로
 ; [cca2=KM].translations.kor.official
Expected: ì½”ëª¨ë¡œ ì—°ë°©
     got: 코모로 연방
 ; [cca2=KM].translations.per.common
Expected: Ø§ØªØ­Ø§Ø¯ Ù‚Ù�Ù…Ù�Ø±
     got: اتحاد قُمُر
 ; [cca2=KM].translations.per.official
Expected: Ù…Ø¬Ù…Ø¹â€ŒØ§Ù„Ø¬Ø²Ø§ÛŒØ± Ù‚Ù…Ø±
     got: مجمع‌الجزایر قمر
 ; [cca2=KM].translations.pol.official
Expected: ZwiÄ…zek KomorÃ³w
     got: Związek Komorów
 ; [cca2=KM].translations.por.official
Expected: UniÃ£o das Comores
     got: União das Comores
 ; [cca2=KM].translations.rus.common
Expected: ÐšÐ¾Ð¼Ð¾Ñ€Ñ‹
     got: Коморы
 ; [cca2=KM].translations.rus.official
Expected: Ð¡Ð¾ÑŽÐ· ÐšÐ¾Ð¼Ð¾Ñ€Ñ�ÐºÐ¸Ñ… ÐžÑ�Ñ‚Ñ€Ð¾Ð²Ð¾Ð²
     got: Союз Коморских Островов
 ; [cca2=KM].translations.slk.official
Expected: KomorskÃ¡ Ãºnia
     got: Komorská únia
 ; [cca2=KM].translations.spa.official
Expected: UniÃ³n de las Comoras
     got: Unión de las Comoras
 ; [cca2=KM].translations.srp.common
Expected: ÐšÐ¾Ð¼Ð¾Ñ€Ð¸
     got: Комори
 ; [cca2=KM].translations.srp.official
Expected: Ð¡Ð°Ð²ÐµÐ· ÐšÐ¾Ð¼Ð¾Ñ€Ð°
     got: Савез Комора
 ; [cca2=KM].translations.tur.official
Expected: Komorlar BirliÄŸi
     got: Komorlar Birliği
 ; [cca2=KM].translations.urd.common
Expected: Ø§Ù„Ù‚Ù…Ø±ÛŒ
     got: القمری
 ; [cca2=KM].translations.urd.official
Expected: Ø§ØªØ­Ø§Ø¯ Ø§Ù„Ù‚Ù…Ø±ÛŒ
     got: اتحاد القمری
 ; [cca2=KM].translations.zho.common
Expected: ç§‘æ‘©ç½—
     got: 科摩罗
 ; [cca2=KM].translations.zho.official
Expected: ç§‘æ‘©ç½—è�”ç›Ÿ
     got: 科摩罗联盟
 ; [cca2=KN].flag
Expected: ðŸ‡°ðŸ‡³
     got: 🇰🇳
 ; [cca2=KN].translations.ara.common
Expected: Ø³Ø§Ù†Øª ÙƒÙŠØªØ³ ÙˆÙ†ÙŠÙ�ÙŠØ³
     got: سانت كيتس ونيفيس
 ; [cca2=KN].translations.ara.official
Expected: Ø§ØªØ­Ø§Ø¯ Ø§Ù„Ù‚Ø¯ÙŠØ³ ÙƒØ±ÙŠØ³ØªÙˆÙ�Ø± ÙˆÙ†ÙŠÙ�ÙŠØ³
     got: اتحاد القديس كريستوفر ونيفيس
 ; [cca2=KN].translations.ces.common
Expected: SvatÃ½ KryÅ¡tof a Nevis
     got: Svatý Kryštof a Nevis
 ; [cca2=KN].translations.ces.official
Expected: Federace Sv. KryÅ¡tof a Nevis
     got: Federace Sv. Kryštof a Nevis
 ; [cca2=KN].translations.deu.official
Expected: FÃ¶deration von St. Kitts und Nevis
     got: Föderation von St. Kitts und Nevis
 ; [cca2=KN].translations.est.official
Expected: Saint Kittsi ja Nevise FÃ¶deratsioon
     got: Saint Kittsi ja Nevise Föderatsioon
 ; [cca2=KN].translations.fra.common
Expected: Saint-Christophe-et-NiÃ©vÃ¨s
     got: Saint-Christophe-et-Niévès
 ; [cca2=KN].translations.fra.official
Expected: FÃ©dÃ©ration de Saint-Christophe-et-NiÃ©vÃ¨s
     got: Fédération de Saint-Christophe-et-Niévès
 ; [cca2=KN].translations.hun.common
Expected: Saint Kitts Ã©s Nevis
     got: Saint Kitts és Nevis
 ; [cca2=KN].translations.hun.official
Expected: Saint Christopher Ã©s Nevis Ã�llamszÃ¶vetsÃ©g
     got: Saint Christopher és Nevis Államszövetség
 ; [cca2=KN].translations.jpn.common
Expected: ã‚»ãƒ³ãƒˆã‚¯ãƒªã‚¹ãƒˆãƒ•ã‚¡ãƒ¼ãƒ»ãƒ�ã‚¤ãƒ“ã‚¹
     got: セントクリストファー・ネイビス
 ; [cca2=KN].translations.jpn.official
Expected: ã‚»ãƒ³ãƒˆã‚¯ãƒªã‚¹ãƒˆãƒ•ã‚¡ãƒ¼Nevisé€£ç›Ÿ
     got: セントクリストファーNevis連盟
 ; [cca2=KN].translations.kor.common
Expected: ì„¸ì�¸íŠ¸í‚¤ì¸  ë„¤ë¹„ìŠ¤
     got: 세인트키츠 네비스
 ; [cca2=KN].translations.kor.official
Expected: ì„¸ì�¸íŠ¸í‚¤ì¸  ë„¤ë¹„ìŠ¤ ì—°ë°©
     got: 세인트키츠 네비스 연방
 ; [cca2=KN].translations.per.common
Expected: Ø³Ù†Øª Ú©ÛŒØªØ³ Ùˆ Ù†ÙˆÛŒØ³
     got: سنت کیتس و نویس
 ; [cca2=KN].translations.per.official
Expected: Ù�Ø¯Ø±Ø§Ø³ÛŒÙˆÙ† Ø³Ù†Øª Ú©ÛŒØªØ³ Ùˆ Ù†ÙˆÛŒØ³
     got: فدراسیون سنت کیتس و نویس
 ; [cca2=KN].translations.por.common
Expected: SÃ£o CristÃ³vÃ£o e Nevis
     got: São Cristóvão e Nevis
 ; [cca2=KN].translations.por.official
Expected: FederaÃ§Ã£o de SÃ£o CristÃ³vÃ£o e Nevis
     got: Federação de São Cristóvão e Nevis
 ; [cca2=KN].translations.rus.common
Expected: Ð¡ÐµÐ½Ñ‚-ÐšÐ¸Ñ‚Ñ� Ð¸ Ð�ÐµÐ²Ð¸Ñ�
     got: Сент-Китс и Невис
 ; [cca2=KN].translations.rus.official
Expected: Ð¤ÐµÐ´ÐµÑ€Ð°Ñ†Ð¸Ñ� Ð¡ÐµÐ½Ñ‚-ÐšÑ€Ð¸Ñ�Ñ‚Ð¾Ñ„ÐµÑ€ Ð¸ Ð� Ðµ Ð² Ð¸ Ñ�
     got: Федерация Сент-Кристофер и Н е в и с
 ; [cca2=KN].translations.slk.common
Expected: SvÃ¤tÃ½ KriÅ¡tof a Nevis
     got: Svätý Krištof a Nevis
 ; [cca2=KN].translations.slk.official
Expected: Federà»¡cia SvÃ¤tÃ©ho KriÅ¡tofa a Nevisu
     got: Feder໡cia Svätého Krištofa a Nevisu
 ; [cca2=KN].translations.spa.common
Expected: San CristÃ³bal y Nieves
     got: San Cristóbal y Nieves
 ; [cca2=KN].translations.spa.official
Expected: FederaciÃ³n de San CristÃ³bal y Nevis
     got: Federación de San Cristóbal y Nevis
 ; [cca2=KN].translations.srp.common
Expected: Ð¡ÐµÐ½Ñ‚ ÐšÐ¸Ñ‚Ñ� Ð¸ Ð�ÐµÐ²Ð¸Ñ�
     got: Сент Китс и Невис
 ; [cca2=KN].translations.srp.official
Expected: Ð¤ÐµÐ´ÐµÑ€Ð°Ñ†Ð¸Ñ˜Ð° Ð¡Ð²ÐµÑ‚Ð¸ ÐšÑ€Ð¸Ñ�Ñ‚Ð¾Ñ„ÐµÑ€ Ð¸ Ð�ÐµÐ²Ð¸Ñ�
     got: Федерација Свети Кристофер и Невис
 ; [cca2=KN].translations.urd.common
Expected: Ø³ÛŒÙ†Ù¹ Ú©ÛŒÙ¹Ø² Ùˆ Ù†Ø§ÙˆÛŒØ³
     got: سینٹ کیٹز و ناویس
 ; [cca2=KN].translations.urd.official
Expected: ÙˆÙ�Ø§Ù‚Ù� Ø³ÛŒÙ†Ù¹ Ú©ÛŒÙ¹Ø² Ùˆ Ù†Ø§ÙˆÛŒØ³
     got: وفاقِ سینٹ کیٹز و ناویس
 ; [cca2=KN].translations.zho.common
Expected: åœ£åŸºèŒ¨å’Œå°¼ç»´æ–¯
     got: 圣基茨和尼维斯
 ; [cca2=KN].translations.zho.official
Expected: åœ£å…‹é‡Œæ–¯æ‰˜å¼—å’Œå°¼ç»´æ–¯è�”é‚¦
     got: 圣克里斯托弗和尼维斯联邦
 ; [cca2=KP].altSpellings[]
Expected: ë¶�í•œ
     but none found
 ; [cca2=KP].altSpellings[]
Expected: ë¶�ì¡°ì„ 
     but none found
 ; [cca2=KP].altSpellings[]
Expected: ì¡°ì„ ë¯¼ì£¼ì£¼ì�˜ì�¸ë¯¼ê³µí™”êµ­
     but none found
 ; [cca2=KP].altSpellings[]
Expected: ChosÅ�n MinjujuÅ­i Inmin Konghwaguk
     but none found
 ; [cca2=KP].altSpellings[]
Unexpected: 북조선
 ; [cca2=KP].altSpellings[]
Unexpected: 조선민주주의인민공화국
 ; [cca2=KP].altSpellings[]
Unexpected: Chosŏn Minjujuŭi Inmin Konghwaguk
 ; [cca2=KP].altSpellings[]
Unexpected: 북한
 ; [cca2=KP].currencies.KPW.symbol
Expected: â‚©
     got: ₩
 ; [cca2=KP].demonyms.fra.f
Expected: Nord-corÃ©enne
     got: Nord-coréenne
 ; [cca2=KP].demonyms.fra.m
Expected: Nord-corÃ©en
     got: Nord-coréen
 ; [cca2=KP].flag
Expected: ðŸ‡°ðŸ‡µ
     got: 🇰🇵
 ; [cca2=KP].flags.alt
Expected: The flag of North Korea is composed of three horizontal bands â€” a large central white-edged red band, and a blue band above and beneath the red band. On the hoist side of the red band is a red five-pointed star within a white circle.
     got: The flag of North Korea is composed of three horizontal bands — a large central white-edged red band, and a blue band above and beneath the red band. On the hoist side of the red band is a red five-pointed star within a white circle.
 ; [cca2=KP].name.nativeName.kor.common
Expected: ì¡°ì„ 
     got: 조선
 ; [cca2=KP].name.nativeName.kor.official
Expected: ì¡°ì„ ë¯¼ì£¼ì£¼ì�˜ì�¸ë¯¼ê³µí™”êµ­
     got: 조선민주주의인민공화국
 ; [cca2=KP].translations.ara.common
Expected: ÙƒÙˆØ±ÙŠØ§ Ø§Ù„Ø´Ù…Ø§Ù„ÙŠØ©
     got: كوريا الشمالية
 ; [cca2=KP].translations.ara.official
Expected: Ø¬Ù…Ù‡ÙˆØ±ÙŠØ© ÙƒÙˆØ±ÙŠØ§ Ø§Ù„Ø¯ÙŠÙ…Ù‚Ø±Ø§Ø·ÙŠØ© Ø§Ù„Ø´Ø¹Ø¨ÙŠØ©
     got: جمهورية كوريا الديمقراطية الشعبية
 ; [cca2=KP].translations.ces.common
Expected: SevernÃ­ Korea
     got: Severní Korea
 ; [cca2=KP].translations.ces.official
Expected: KorejskÃ¡ lidovÄ› demokratickÃ¡ republika
     got: Korejská lidově demokratická republika
 ; [cca2=KP].translations.est.common
Expected: PÃµhja-Korea
     got: Põhja-Korea
 ; [cca2=KP].translations.fra.common
Expected: CorÃ©e du Nord
     got: Corée du Nord
 ; [cca2=KP].translations.fra.official
Expected: RÃ©publique populaire dÃ©mocratique de CorÃ©e
     got: République populaire démocratique de Corée
 ; [cca2=KP].translations.hun.common
Expected: Ã‰szak-Korea
     got: Észak-Korea
 ; [cca2=KP].translations.hun.official
Expected: Koreai NÃ©pi Demokratikus KÃ¶ztÃ¡rsasÃ¡g
     got: Koreai Népi Demokratikus Köztársaság
 ; [cca2=KP].translations.jpn.common
Expected: æœ�é®®æ°‘ä¸»ä¸»ç¾©äººæ°‘å…±å’Œå›½
     got: 朝鮮民主主義人民共和国
 ; [cca2=KP].translations.jpn.official
Expected: æœ�é®®æ°‘ä¸»ä¸»ç¾©äººæ°‘å…±å’Œå›½
     got: 朝鮮民主主義人民共和国
 ; [cca2=KP].translations.kor.common
Expected: ì¡°ì„ 
     got: 조선
 ; [cca2=KP].translations.kor.official
Expected: ì¡°ì„ ë¯¼ì£¼ì£¼ì�˜ì�¸ë¯¼ê³µí™”êµ­
     got: 조선민주주의인민공화국
 ; [cca2=KP].translations.per.common
Expected: Ú©Ù�Ø±Ù‡ Ø´Ù…Ø§Ù„ÛŒ
     got: کُره شمالی
 ; [cca2=KP].translations.per.official
Expected: Ø¬Ù…Ù‡ÙˆØ±ÛŒ Ø¯Ù…ÙˆÚ©Ø±Ø§ØªÛŒÚ© Ø®Ù„Ù‚ Ú©Ø±Ù‡
     got: جمهوری دموکراتیک خلق کره
 ; [cca2=KP].translations.pol.common
Expected: Korea PÃ³Å‚nocna
     got: Korea Północna
 ; [cca2=KP].translations.pol.official
Expected: KoreaÅ„ska Republika Ludowo-Demokratyczna
     got: Koreańska Republika Ludowo-Demokratyczna
 ; [cca2=KP].translations.por.official
Expected: RepÃºblica Popular DemocrÃ¡tica da Coreia
     got: República Popular Democrática da Coreia
 ; [cca2=KP].translations.rus.common
Expected: Ð¡ÐµÐ²ÐµÑ€Ð½Ð°Ñ� ÐšÐ¾Ñ€ÐµÑ�
     got: Северная Корея
 ; [cca2=KP].translations.rus.official
Expected: ÐšÐ¾Ñ€ÐµÐ¹Ñ�ÐºÐ°Ñ� Ð�Ð°Ñ€Ð¾Ð´Ð½Ð¾-Ð”ÐµÐ¼Ð¾ÐºÑ€Ð°Ñ‚Ð¸Ñ‡ÐµÑ�ÐºÐ°Ñ� Ð ÐµÑ�Ð¿ÑƒÐ±Ð»Ð¸ÐºÐ° ÐšÐ¾Ñ€ÐµÑ�
     got: Корейская Народно-Демократическая Республика Корея
 ; [cca2=KP].translations.slk.common
Expected: SevernÃ¡ KÃ³rea
     got: Severná Kórea
 ; [cca2=KP].translations.slk.official
Expected: KÃ³rejskÃ¡ Ä¾udovodemokratickÃ¡ republika
     got: Kórejská ľudovodemokratická republika
 ; [cca2=KP].translations.spa.official
Expected: RepÃºblica Popular DemocrÃ¡tica de Corea
     got: República Popular Democrática de Corea
 ; [cca2=KP].translations.srp.common
Expected: Ð¡ÐµÐ²ÐµÑ€Ð½Ð° ÐšÐ¾Ñ€ÐµÑ˜Ð°
     got: Северна Кореја
 ; [cca2=KP].translations.srp.official
Expected: Ð”ÐµÐ¼Ð¾ÐºÑ€Ð°Ñ‚Ñ�ÐºÐ° Ð�Ð°Ñ€Ð¾Ð´Ð½Ð° Ð ÐµÐ¿ÑƒÐ±Ð»Ð¸ÐºÐ° ÐšÐ¾Ñ€ÐµÑ˜Ð°
     got: Демократска Народна Република Кореја
 ; [cca2=KP].translations.urd.common
Expected: Ø´Ù…Ø§Ù„ÛŒ Ú©ÙˆØ±ÛŒØ§
     got: شمالی کوریا
 ; [cca2=KP].translations.urd.official
Expected: Ø¬Ù…Û�ÙˆØ±ÛŒ Ø¹ÙˆØ§Ù…ÛŒ Ø¬Ù…Û�ÙˆØ±ÛŒÛ� Ú©ÙˆØ±ÛŒØ§
     got: جمہوری عوامی جمہوریہ کوریا
 ; [cca2=KP].translations.zho.common
Expected: æœ�é²œ
     got: 朝鲜
 ; [cca2=KP].translations.zho.official
Expected: æœ�é²œäººæ°‘æ°‘ä¸»å…±å’Œå›½
     got: 朝鲜人民民主共和国
 ; [cca2=KR].altSpellings[]
Expected: ë‚¨í•œ
     but none found
 ; [cca2=KR].altSpellings[]
Expected: ë‚¨ì¡°ì„ 
     but none found
 ; [cca2=KR].altSpellings[]
Unexpected: 남한
 ; [cca2=KR].altSpellings[]
Unexpected: 남조선
 ; [cca2=KR].currencies.KRW.symbol
Expected: â‚©
     got: ₩
 ; [cca2=KR].demonyms.fra.f
Expected: Sud-corÃ©enne
     got: Sud-coréenne
 ; [cca2=KR].demonyms.fra.m
Expected: Sud-corÃ©en
     got: Sud-coréen
 ; [cca2=KR].flag
Expected: ðŸ‡°ðŸ‡·
     got: 🇰🇷
 ; [cca2=KR].name.nativeName.kor.common
Expected: í•œêµ­
     got: 한국
 ; [cca2=KR].name.nativeName.kor.official
Expected: ëŒ€í•œë¯¼êµ­
     got: 대한민국
 ; [cca2=KR].tld[]
Expected: .í•œêµ­
     but none found
 ; [cca2=KR].tld[]
Unexpected: .한국
 ; [cca2=KR].translations.ara.common
Expected: ÙƒÙˆØ±ÙŠØ§ Ø§Ù„Ø¬Ù†ÙˆØ¨ÙŠØ©
     got: كوريا الجنوبية
 ; [cca2=KR].translations.ara.official
Expected: Ø¬Ù…Ù‡ÙˆØ±ÙŠØ© ÙƒÙˆØ±ÙŠØ§
     got: جمهورية كوريا
 ; [cca2=KR].translations.ces.common
Expected: JiÅ¾nÃ­ Korea
     got: Jižní Korea
 ; [cca2=KR].translations.ces.official
Expected: KorejskÃ¡ republika
     got: Korejská republika
 ; [cca2=KR].translations.deu.common
Expected: SÃ¼dkorea
     got: Südkorea
 ; [cca2=KR].translations.est.common
Expected: LÃµuna-Korea
     got: Lõuna-Korea
 ; [cca2=KR].translations.fin.common
Expected: EtelÃ¤-Korea
     got: Etelä-Korea
 ; [cca2=KR].translations.fra.common
Expected: CorÃ©e du Sud
     got: Corée du Sud
 ; [cca2=KR].translations.fra.official
Expected: RÃ©publique de CorÃ©e
     got: République de Corée
 ; [cca2=KR].translations.hrv.common
Expected: JuÅ¾na Koreja
     got: Južna Koreja
 ; [cca2=KR].translations.hun.common
Expected: DÃ©l-Korea
     got: Dél-Korea
 ; [cca2=KR].translations.hun.official
Expected: Koreai KÃ¶ztÃ¡rsasÃ¡g
     got: Koreai Köztársaság
 ; [cca2=KR].translations.jpn.common
Expected: éŸ“å›½
     got: 韓国
 ; [cca2=KR].translations.jpn.official
Expected: å¤§éŸ“æ°‘å›½
     got: 大韓民国
 ; [cca2=KR].translations.kor.common
Expected: í•œêµ­
     got: 한국
 ; [cca2=KR].translations.kor.official
Expected: ëŒ€í•œë¯¼êµ­
     got: 대한민국
 ; [cca2=KR].translations.per.common
Expected: Ú©Ø±Ù‡Ù” Ø¬Ù†ÙˆØ¨ÛŒ
     got: کرهٔ جنوبی
 ; [cca2=KR].translations.per.official
Expected: Ø¬Ù…Ù‡ÙˆØ±ÛŒ Ú©Ø±Ù‡
     got: جمهوری کره
 ; [cca2=KR].translations.pol.common
Expected: Korea PoÅ‚udniowa
     got: Korea Południowa
 ; [cca2=KR].translations.por.official
Expected: RepÃºblica da Coreia
     got: República da Coreia
 ; [cca2=KR].translations.rus.common
Expected: Ð®Ð¶Ð½Ð°Ñ� ÐšÐ¾Ñ€ÐµÑ�
     got: Южная Корея
 ; [cca2=KR].translations.rus.official
Expected: Ð ÐµÑ�Ð¿ÑƒÐ±Ð»Ð¸ÐºÐ° ÐšÐ¾Ñ€ÐµÑ�
     got: Республика Корея
 ; [cca2=KR].translations.slk.common
Expected: JuÅ¾nÃ¡ KÃ³rea
     got: Južná Kórea
 ; [cca2=KR].translations.slk.official
Expected: KÃ³rejskÃ¡ republika
     got: Kórejská republika
 ; [cca2=KR].translations.spa.official
Expected: RepÃºblica de Corea
     got: República de Corea
 ; [cca2=KR].translations.srp.common
Expected: ÐˆÑƒÐ¶Ð½Ð° ÐšÐ¾Ñ€ÐµÑ˜Ð°
     got: Јужна Кореја
 ; [cca2=KR].translations.srp.official
Expected: Ð ÐµÐ¿ÑƒÐ±Ð»Ð¸ÐºÐ° ÐšÐ¾Ñ€ÐµÑ˜Ð°
     got: Република Кореја
 ; [cca2=KR].translations.tur.common
Expected: GÃ¼ney Kore
     got: Güney Kore
 ; [cca2=KR].translations.urd.common
Expected: Ø¬Ù†ÙˆØ¨ÛŒ Ú©ÙˆØ±ÛŒØ§
     got: جنوبی کوریا
 ; [cca2=KR].translations.urd.official
Expected: Ø¬Ù…Û�ÙˆØ±ÛŒÛ� Ú©ÙˆØ±ÛŒØ§ 
     got: جمہوریہ کوریا 
 ; [cca2=KR].translations.zho.common
Expected: éŸ©å›½
     got: 韩国
 ; [cca2=KR].translations.zho.official
Expected: å¤§éŸ©æ°‘å›½
     got: 大韩民国
 ; [cca2=KW].currencies.KWD.symbol
Expected: Ø¯.Ùƒ
     got: د.ك
 ; [cca2=KW].demonyms.fra.f
Expected: KoweÃ¯tienne
     got: Koweïtienne
 ; [cca2=KW].demonyms.fra.m
Expected: KoweÃ¯tien
     got: Koweïtien
 ; [cca2=KW].flag
Expected: ðŸ‡°ðŸ‡¼
     got: 🇰🇼
 ; [cca2=KW].name.nativeName.ara.common
Expected: Ø§Ù„ÙƒÙˆÙŠØª
     got: الكويت
 ; [cca2=KW].name.nativeName.ara.official
Expected: Ø¯ÙˆÙ„Ø© Ø§Ù„ÙƒÙˆÙŠØª
     got: دولة الكويت
 ; [cca2=KW].translations.ara.common
Expected: Ø§Ù„ÙƒÙˆÙŠØª
     got: الكويت
 ; [cca2=KW].translations.ara.official
Expected: Ø¯ÙˆÙ„Ø© Ø§Ù„ÙƒÙˆÙŠØª
     got: دولة الكويت
 ; [cca2=KW].translations.ces.official
Expected: StÃ¡t Kuvajt
     got: Stát Kuvajt
 ; [cca2=KW].translations.fra.common
Expected: KoweÃ¯t
     got: Koweït
 ; [cca2=KW].translations.fra.official
Expected: Ã‰tat du KoweÃ¯t
     got: État du Koweït
 ; [cca2=KW].translations.hrv.official
Expected: DrÅ¾ava Kuvajt
     got: Država Kuvajt
 ; [cca2=KW].translations.hun.official
Expected: Kuvaiti Ã�llam
     got: Kuvaiti Állam
 ; [cca2=KW].translations.jpn.common
Expected: ã‚¯ã‚¦ã‚§ãƒ¼ãƒˆ
     got: クウェート
 ; [cca2=KW].translations.jpn.official
Expected: ã‚¯ã‚¦ã‚§ãƒ¼ãƒˆå›½
     got: クウェート国
 ; [cca2=KW].translations.kor.common
Expected: ì¿ ì›¨ì�´íŠ¸
     got: 쿠웨이트
 ; [cca2=KW].translations.kor.official
Expected: ì¿ ì›¨ì�´íŠ¸êµ­
     got: 쿠웨이트국
 ; [cca2=KW].translations.per.common
Expected: Ú©Ù�ÙˆÛŒØª
     got: کُویت
 ; [cca2=KW].translations.per.official
Expected: Ø¯ÙˆÙ„Øª Ú©ÙˆÛŒØª
     got: دولت کویت
 ; [cca2=KW].translations.pol.official
Expected: PaÅ„stwo Kuwejt
     got: Państwo Kuwejt
 ; [cca2=KW].translations.rus.common
Expected: ÐšÑƒÐ²ÐµÐ¹Ñ‚
     got: Кувейт
 ; [cca2=KW].translations.rus.official
Expected: Ð“Ð¾Ñ�ÑƒÐ´Ð°Ñ€Ñ�Ñ‚Ð²Ð¾ ÐšÑƒÐ²ÐµÐ¹Ñ‚
     got: Государство Кувейт
 ; [cca2=KW].translations.slk.official
Expected: KuvajtskÃ½ Å¡tÃ¡t
     got: Kuvajtský štát
 ; [cca2=KW].translations.srp.common
Expected: ÐšÑƒÐ²Ð°Ñ˜Ñ‚
     got: Кувајт
 ; [cca2=KW].translations.srp.official
Expected: Ð”Ñ€Ð¶Ð°Ð²Ð° ÐšÑƒÐ²Ð°Ñ˜Ñ‚
     got: Држава Кувајт
 ; [cca2=KW].translations.urd.common
Expected: Ú©ÙˆÛŒØª
     got: کویت
 ; [cca2=KW].translations.urd.official
Expected: Ø¯ÙˆÙ„ØªÙ� Ú©ÙˆÛŒØª
     got: دولتِ کویت
 ; [cca2=KW].translations.zho.common
Expected: ç§‘å¨�ç‰¹
     got: 科威特
 ; [cca2=KW].translations.zho.official
Expected: ç§‘å¨�ç‰¹å›½
     got: 科威特国
 ; [cca2=KY].demonyms.fra.f
Expected: CaÃ¯manienne
     got: Caïmanienne
 ; [cca2=KY].demonyms.fra.m
Expected: CaÃ¯manien
     got: Caïmanien
 ; [cca2=KY].flag
Expected: ðŸ‡°ðŸ‡¾
     got: 🇰🇾
 ; [cca2=KY].translations.ara.common
Expected: Ø¬Ø²Ø± ÙƒØ§ÙŠÙ…Ø§Ù†
     got: جزر كايمان
 ; [cca2=KY].translations.ara.official
Expected: Ø¬Ø²Ø± ÙƒØ§ÙŠÙ…Ø§Ù†
     got: جزر كايمان
 ; [cca2=KY].translations.ces.common
Expected: KajmanskÃ© ostrovy
     got: Kajmanské ostrovy
 ; [cca2=KY].translations.ces.official
Expected: KajmanskÃ© ostrovy
     got: Kajmanské ostrovy
 ; [cca2=KY].translations.fra.common
Expected: ÃŽles CaÃ¯mans
     got: Îles Caïmans
 ; [cca2=KY].translations.fra.official
Expected: ÃŽles CaÃ¯mans
     got: Îles Caïmans
 ; [cca2=KY].translations.hun.common
Expected: KajmÃ¡n-szigetek
     got: Kajmán-szigetek
 ; [cca2=KY].translations.hun.official
Expected: KajmÃ¡n-szigetek
     got: Kajmán-szigetek
 ; [cca2=KY].translations.jpn.common
Expected: ã‚±ã‚¤ãƒžãƒ³è«¸å³¶
     got: ケイマン諸島
 ; [cca2=KY].translations.jpn.official
Expected: ã‚±ã‚¤ãƒžãƒ³è«¸å³¶
     got: ケイマン諸島
 ; [cca2=KY].translations.kor.common
Expected: ì¼€ì�´ë§¨ ì œë�„
     got: 케이맨 제도
 ; [cca2=KY].translations.kor.official
Expected: ì¼€ì�´ë§¨ ì œë�„
     got: 케이맨 제도
 ; [cca2=KY].translations.per.common
Expected: Ø¬Ø²Ø§ÛŒØ± Ú©ÛŒÙ…Ù†
     got: جزایر کیمن
 ; [cca2=KY].translations.per.official
Expected: Ø¬Ø²Ø§ÛŒØ± Ú©ÛŒÙ…Ù†
     got: جزایر کیمن
 ; [cca2=KY].translations.por.common
Expected: Ilhas CaimÃ£o
     got: Ilhas Caimão
 ; [cca2=KY].translations.rus.common
Expected: ÐšÐ°Ð¹Ð¼Ð°Ð½Ð¾Ð²Ñ‹ Ð¾Ñ�Ñ‚Ñ€Ð¾Ð²Ð°
     got: Каймановы острова
 ; [cca2=KY].translations.rus.official
Expected: ÐšÐ°Ð¹Ð¼Ð°Ð½Ð¾Ð²Ñ‹ Ð¾Ñ�Ñ‚Ñ€Ð¾Ð²Ð°
     got: Каймановы острова
 ; [cca2=KY].translations.spa.common
Expected: Islas CaimÃ¡n
     got: Islas Caimán
 ; [cca2=KY].translations.spa.official
Expected: Islas CaimÃ¡n
     got: Islas Caimán
 ; [cca2=KY].translations.srp.common
Expected: ÐšÐ°Ñ˜Ð¼Ð°Ð½Ñ�ÐºÐ° ÐžÑ�Ñ‚Ñ€Ð²Ð°
     got: Кајманска Острва
 ; [cca2=KY].translations.srp.official
Expected: ÐšÐ°Ñ˜Ð¼Ð°Ð½Ñ�ÐºÐ° ÐžÑ�Ñ‚Ñ€Ð²Ð°
     got: Кајманска Острва
 ; [cca2=KY].translations.swe.common
Expected: CaymanÃ¶arna
     got: Caymanöarna
 ; [cca2=KY].translations.swe.official
Expected: CaymanÃ¶arna
     got: Caymanöarna
 ; [cca2=KY].translations.tur.common
Expected: Cayman AdalarÄ±
     got: Cayman Adaları
 ; [cca2=KY].translations.tur.official
Expected: Cayman AdalarÄ±
     got: Cayman Adaları
 ; [cca2=KY].translations.urd.common
Expected: Ø¬Ø²Ø§Ø¦Ø± Ú©ÛŒÙ…ÛŒÙ†
     got: جزائر کیمین
 ; [cca2=KY].translations.urd.official
Expected: Ø¬Ø²Ø§Ø¦Ø± Ú©ÛŒÙ…ÛŒÙ†
     got: جزائر کیمین
 ; [cca2=KY].translations.zho.common
Expected: å¼€æ›¼ç¾¤å²›
     got: 开曼群岛
 ; [cca2=KY].translations.zho.official
Expected: å¼€æ›¼ç¾¤å²›
     got: 开曼群岛
 ; [cca2=KZ].altSpellings[]
Expected: ÒšÐ°Ð·Ð°Ò›Ñ�Ñ‚Ð°Ð½ Ð ÐµÑ�Ð¿ÑƒÐ±Ð»Ð¸ÐºÐ°Ñ�Ñ‹
     but none found
 ; [cca2=KZ].altSpellings[]
Expected: Ð ÐµÑ�Ð¿ÑƒÐ±Ð»Ð¸ÐºÐ° ÐšÐ°Ð·Ð°Ñ…Ñ�Ñ‚Ð°Ð½
     but none found
 ; [cca2=KZ].altSpellings[]
Expected: Qazaqstan RespublÃ¯kasÄ±
     but none found
 ; [cca2=KZ].altSpellings[]
Expected: ÐšÐ°Ð·Ð°Ñ…Ñ�Ñ‚Ð°Ð½
     but none found
 ; [cca2=KZ].altSpellings[]
Unexpected: Казахстан
 ; [cca2=KZ].altSpellings[]
Unexpected: Республика Казахстан
 ; [cca2=KZ].altSpellings[]
Unexpected: Қазақстан Республикасы
 ; [cca2=KZ].altSpellings[]
Unexpected: Qazaqstan Respublïkası
 ; [cca2=KZ].currencies.KZT.symbol
Expected: â‚¸
     got: ₸
 ; [cca2=KZ].flag
Expected: ðŸ‡°ðŸ‡¿
     got: 🇰🇿
 ; [cca2=KZ].flags.alt
Expected: The flag of Kazakhstan has a turquoise field, at the center of which is a gold sun with thirty-two rays above a soaring golden steppe eagle. A thin vertical band displays a national ornamental pattern â€” koshkar-muiz â€” in gold near the hoist end.
     got: The flag of Kazakhstan has a turquoise field, at the center of which is a gold sun with thirty-two rays above a soaring golden steppe eagle. A thin vertical band displays a national ornamental pattern — koshkar-muiz — in gold near the hoist end.
 ; [cca2=KZ].name.nativeName.kaz.common
Expected: ÒšÐ°Ð·Ð°Ò›Ñ�Ñ‚Ð°Ð½
     got: Қазақстан
 ; [cca2=KZ].name.nativeName.kaz.official
Expected: ÒšÐ°Ð·Ð°Ò›Ñ�Ñ‚Ð°Ð½ Ð ÐµÑ�Ð¿ÑƒÐ±Ð»Ð¸ÐºÐ°Ñ�Ñ‹
     got: Қазақстан Республикасы
 ; [cca2=KZ].name.nativeName.rus.common
Expected: ÐšÐ°Ð·Ð°Ñ…Ñ�Ñ‚Ð°Ð½
     got: Казахстан
 ; [cca2=KZ].name.nativeName.rus.official
Expected: Ð ÐµÑ�Ð¿ÑƒÐ±Ð»Ð¸ÐºÐ° ÐšÐ°Ð·Ð°Ñ…Ñ�Ñ‚Ð°Ð½
     got: Республика Казахстан
 ; [cca2=KZ].tld[]
Expected: .Ò›Ð°Ð·
     but none found
 ; [cca2=KZ].tld[]
Unexpected: .қаз
 ; [cca2=KZ].translations.ara.common
Expected: ÙƒØ§Ø²Ø§Ø®Ø³ØªØ§Ù†
     got: كازاخستان
 ; [cca2=KZ].translations.ara.official
Expected: Ø¬Ù…Ù‡ÙˆØ±ÙŠØ© ÙƒØ§Ø²Ø§Ø®Ø³ØªØ§Ù†
     got: جمهورية كازاخستان
 ; [cca2=KZ].translations.ces.common
Expected: KazachstÃ¡n
     got: Kazachstán
 ; [cca2=KZ].translations.ces.official
Expected: Republika KazachstÃ¡n
     got: Republika Kazachstán
 ; [cca2=KZ].translations.fra.official
Expected: RÃ©publique du Kazakhstan
     got: République du Kazakhstan
 ; [cca2=KZ].translations.hun.common
Expected: KazahsztÃ¡n
     got: Kazahsztán
 ; [cca2=KZ].translations.hun.official
Expected: Kazah KÃ¶ztÃ¡rsasÃ¡g
     got: Kazah Köztársaság
 ; [cca2=KZ].translations.jpn.common
Expected: ã‚«ã‚¶ãƒ•ã‚¹ã‚¿ãƒ³
     got: カザフスタン
 ; [cca2=KZ].translations.jpn.official
Expected: ã‚«ã‚¶ãƒ•ã‚¹ã‚¿ãƒ³å…±å’Œå›½
     got: カザフスタン共和国
 ; [cca2=KZ].translations.kor.common
Expected: ì¹´ìž�í��ìŠ¤íƒ„
     got: 카자흐스탄
 ; [cca2=KZ].translations.kor.official
Expected: ì¹´ìž�í��ìŠ¤íƒ„ ê³µí™”êµ­
     got: 카자흐스탄 공화국
 ; [cca2=KZ].translations.per.common
Expected: Ù‚Ø²Ø§Ù‚Ø³ØªØ§Ù†
     got: قزاقستان
 ; [cca2=KZ].translations.per.official
Expected: Ø¬Ù…Ù‡ÙˆØ±ÛŒ Ù‚Ø²Ø§Ù‚Ø³ØªØ§Ù†
     got: جمهوری قزاقستان
 ; [cca2=KZ].translations.por.common
Expected: CazaquistÃ£o
     got: Cazaquistão
 ; [cca2=KZ].translations.por.official
Expected: RepÃºblica do CazaquistÃ£o
     got: República do Cazaquistão
 ; [cca2=KZ].translations.rus.common
Expected: ÐšÐ°Ð·Ð°Ñ…Ñ�Ñ‚Ð°Ð½
     got: Казахстан
 ; [cca2=KZ].translations.rus.official
Expected: Ð ÐµÑ�Ð¿ÑƒÐ±Ð»Ð¸ÐºÐ° ÐšÐ°Ð·Ð°Ñ…Ñ�Ñ‚Ð°Ð½
     got: Республика Казахстан
 ; [cca2=KZ].translations.slk.official
Expected: KazaÅ¡skÃ¡ republika
     got: Kazašská republika
 ; [cca2=KZ].translations.spa.common
Expected: KazajistÃ¡n
     got: Kazajistán
 ; [cca2=KZ].translations.spa.official
Expected: RepÃºblica de KazajstÃ¡n
     got: República de Kazajstán
 ; [cca2=KZ].translations.srp.common
Expected: ÐšÐ°Ð·Ð°Ñ…Ñ�Ñ‚Ð°Ð½
     got: Казахстан
 ; [cca2=KZ].translations.srp.official
Expected: Ð ÐµÐ¿ÑƒÐ±Ð»Ð¸ÐºÐ° ÐšÐ°Ð·Ð°Ñ…Ñ�Ñ‚Ð°Ð½
     got: Република Казахстан
 ; [cca2=KZ].translations.urd.common
Expected: Ù‚Ø§Ø²Ù‚Ø³ØªØ§Ù†
     got: قازقستان
 ; [cca2=KZ].translations.urd.official
Expected: Ø¬Ù…Û�ÙˆØ±ÛŒÛ� Ù‚Ø§Ø²Ù‚Ø³ØªØ§Ù†
     got: جمہوریہ قازقستان
 ; [cca2=KZ].translations.zho.common
Expected: å“ˆè�¨å…‹æ–¯å�¦
     got: 哈萨克斯坦
 ; [cca2=KZ].translations.zho.official
Expected: å“ˆè�¨å…‹æ–¯å�¦å…±å’Œå›½
     got: 哈萨克斯坦共和国
 ; [cca2=LA].currencies.LAK.symbol
Expected: â‚­
     got: ₭
 ; [cca2=LA].flag
Expected: ðŸ‡±ðŸ‡¦
     got: 🇱🇦
 ; [cca2=LA].name.nativeName.lao.common
Expected: àºªàº›àº›àº¥àº²àº§
     got: ສປປລາວ
 ; [cca2=LA].name.nativeName.lao.official
Expected: àºªàº²àº—àº²àº¥àº°àº™àº° àºŠàº²àº—àº´àº›àº°à»„àº• àº„àº»àº™àº¥àº²àº§ àº‚àº­àº‡
     got: ສາທາລະນະ ຊາທິປະໄຕ ຄົນລາວ ຂອງ
 ; [cca2=LA].translations.ara.common
Expected: Ù„Ø§ÙˆØ³
     got: لاوس
 ; [cca2=LA].translations.ara.official
Expected: Ø¬Ù…Ù‡ÙˆØ±ÙŠØ© Ù„Ø§ÙˆØ³ Ø§Ù„Ø¯ÙŠÙ…Ù‚Ø±Ø§Ø·ÙŠØ© Ø§Ù„Ø´Ø¹Ø¨ÙŠØ©
     got: جمهورية لاوس الديمقراطية الشعبية
 ; [cca2=LA].translations.ces.official
Expected: LaoskÃ¡ lidovÄ› demokratickÃ¡ republika
     got: Laoská lidově demokratická republika
 ; [cca2=LA].translations.fra.official
Expected: RÃ©publique dÃ©mocratique populaire lao
     got: République démocratique populaire lao
 ; [cca2=LA].translations.hun.official
Expected: Laoszi NÃ©pi Demokratikus KÃ¶ztÃ¡rsasÃ¡g
     got: Laoszi Népi Demokratikus Köztársaság
 ; [cca2=LA].translations.jpn.common
Expected: ãƒ©ã‚ªã‚¹äººæ°‘æ°‘ä¸»å…±å’Œå›½
     got: ラオス人民民主共和国
 ; [cca2=LA].translations.jpn.official
Expected: ãƒ©ã‚ªã‚¹äººæ°‘æ°‘ä¸»å…±å’Œå›½
     got: ラオス人民民主共和国
 ; [cca2=LA].translations.kor.common
Expected: ë�¼ì˜¤ìŠ¤
     got: 라오스
 ; [cca2=LA].translations.kor.official
Expected: ë�¼ì˜¤ ì�¸ë¯¼ ë¯¼ì£¼ ê³µí™”êµ­
     got: 라오 인민 민주 공화국
 ; [cca2=LA].translations.per.common
Expected: Ù„Ø§Ø¦ÙˆØ³
     got: لائوس
 ; [cca2=LA].translations.per.official
Expected: Ø¬Ù…Ù‡ÙˆØ±ÛŒ Ø¯Ù…ÙˆÚ©Ø±Ø§ØªÛŒÚ© Ø®Ù„Ù‚ Ù„Ø§Ø¦ÙˆØ³
     got: جمهوری دموکراتیک خلق لائوس
 ; [cca2=LA].translations.pol.official
Expected: LaotaÅ„ska Republika Ludowo-Demokratyczna
     got: Laotańska Republika Ludowo-Demokratyczna
 ; [cca2=LA].translations.por.official
Expected: Laos, RepÃºblica DemocrÃ¡tica
     got: Laos, República Democrática
 ; [cca2=LA].translations.rus.common
Expected: Ð›Ð°Ð¾Ñ�
     got: Лаос
 ; [cca2=LA].translations.rus.official
Expected: Ð›Ð°Ð¾Ñ�Ñ�ÐºÐ°Ñ� Ð�Ð°Ñ€Ð¾Ð´Ð½Ð¾-Ð”ÐµÐ¼Ð¾ÐºÑ€Ð°Ñ‚Ð¸Ñ‡ÐµÑ�ÐºÐ°Ñ� Ð ÐµÑ�Ð¿ÑƒÐ±Ð»Ð¸ÐºÐ°
     got: Лаосская Народно-Демократическая Республика
 ; [cca2=LA].translations.slk.official
Expected: LaoskÃ¡ Ä¾udovodemokratickÃ¡ republika
     got: Laoská ľudovodemokratická republika
 ; [cca2=LA].translations.spa.official
Expected: RepÃºblica DemocrÃ¡tica Popular Lao
     got: República Democrática Popular Lao
 ; [cca2=LA].translations.srp.common
Expected: Ð›Ð°Ð¾Ñ�
     got: Лаос
 ; [cca2=LA].translations.srp.official
Expected: Ð›Ð°Ð¾ÑˆÐºÐ° Ð�Ð°Ñ€Ð¾Ð´Ð½Ð° Ð”ÐµÐ¼Ð¾ÐºÑ€Ð°Ñ‚Ñ�ÐºÐ° Ð ÐµÐ¿ÑƒÐ±Ð»Ð¸ÐºÐ°
     got: Лаошка Народна Демократска Република
 ; [cca2=LA].translations.urd.common
Expected: Ù„Ø§Ø¤Ø³
     got: لاؤس
 ; [cca2=LA].translations.urd.official
Expected: Ø¹ÙˆØ§Ù…ÛŒ Ø¬Ù…Û�ÙˆØ±ÛŒ Ø¬Ù…Û�ÙˆØ±ÛŒÛ� Ù„Ø§Ø¤
     got: عوامی جمہوری جمہوریہ لاؤ
 ; [cca2=LA].translations.zho.common
Expected: è€�æŒ�
     got: 老挝
 ; [cca2=LA].translations.zho.official
Expected: è€�æŒ�äººæ°‘æ°‘ä¸»å…±å’Œå›½
     got: 老挝人民民主共和国
 ; [cca2=LB].altSpellings[]
Expected: Al-JumhÅ«rÄ«yah Al-LibnÄ�nÄ«yah
     but none found
 ; [cca2=LB].altSpellings[]
Unexpected: Al-Jumhūrīyah Al-Libnānīyah
 ; [cca2=LB].currencies.LBP.symbol
Expected: Ù„.Ù„
     got: ل.ل
 ; [cca2=LB].flag
Expected: ðŸ‡±ðŸ‡§
     got: 🇱🇧
 ; [cca2=LB].name.nativeName.ara.common
Expected: Ù„Ø¨Ù†Ø§Ù†
     got: لبنان
 ; [cca2=LB].name.nativeName.ara.official
Expected: Ø§Ù„Ø¬Ù…Ù‡ÙˆØ±ÙŠØ© Ø§Ù„Ù„Ø¨Ù†Ø§Ù†ÙŠØ©
     got: الجمهورية اللبنانية
 ; [cca2=LB].name.nativeName.fra.official
Expected: RÃ©publique libanaise
     got: République libanaise
 ; [cca2=LB].translations.ara.common
Expected: Ù„Ø¨Ù†Ø§Ù†
     got: لبنان
 ; [cca2=LB].translations.ara.official
Expected: Ø§Ù„Ø¬Ù…Ù‡ÙˆØ±ÙŠØ© Ø§Ù„Ù„Ø¨Ù†Ø§Ù†ÙŠØ©
     got: الجمهورية اللبنانية
 ; [cca2=LB].translations.ces.official
Expected: LibanonskÃ¡ republika
     got: Libanonská republika
 ; [cca2=LB].translations.fra.official
Expected: RÃ©publique libanaise
     got: République libanaise
 ; [cca2=LB].translations.hun.official
Expected: Libanoni KÃ¶ztÃ¡rsasÃ¡g
     got: Libanoni Köztársaság
 ; [cca2=LB].translations.jpn.common
Expected: ãƒ¬ãƒ�ãƒŽãƒ³
     got: レバノン
 ; [cca2=LB].translations.jpn.official
Expected: ãƒ¬ãƒ�ãƒŽãƒ³å…±å’Œå›½
     got: レバノン共和国
 ; [cca2=LB].translations.kor.common
Expected: ë ˆë°”ë…¼
     got: 레바논
 ; [cca2=LB].translations.kor.official
Expected: ë ˆë°”ë…¼ ê³µí™”êµ­
     got: 레바논 공화국
 ; [cca2=LB].translations.per.common
Expected: Ù„Ø¨Ù†Ø§Ù†
     got: لبنان
 ; [cca2=LB].translations.per.official
Expected: Ø¬Ù…Ù‡ÙˆØ±ÛŒ Ù„Ø¨Ù†Ø§Ù†
     got: جمهوری لبنان
 ; [cca2=LB].translations.pol.official
Expected: Republika LibaÅ„ska
     got: Republika Libańska
 ; [cca2=LB].translations.por.common
Expected: LÃ­bano
     got: Líbano
 ; [cca2=LB].translations.por.official
Expected: RepÃºblica Libanesa
     got: República Libanesa
 ; [cca2=LB].translations.rus.common
Expected: Ð›Ð¸Ð²Ð°Ð½
     got: Ливан
 ; [cca2=LB].translations.rus.official
Expected: Ð›Ð¸Ð²Ð°Ð½Ñ�ÐºÐ°Ñ� Ð ÐµÑ�Ð¿ÑƒÐ±Ð»Ð¸ÐºÐ°
     got: Ливанская Республика
 ; [cca2=LB].translations.slk.official
Expected: LibanonskÃ¡ republika
     got: Libanonská republika
 ; [cca2=LB].translations.spa.common
Expected: LÃ­bano
     got: Líbano
 ; [cca2=LB].translations.spa.official
Expected: RepÃºblica Libanesa
     got: República Libanesa
 ; [cca2=LB].translations.srp.common
Expected: Ð›Ð¸Ð±Ð°Ð½
     got: Либан
 ; [cca2=LB].translations.srp.official
Expected: Ð›Ð¸Ð±Ð°Ð½Ñ�ÐºÐ° Ð ÐµÐ¿ÑƒÐ±Ð»Ð¸ÐºÐ°
     got: Либанска Република
 ; [cca2=LB].translations.tur.common
Expected: LÃ¼bnan
     got: Lübnan
 ; [cca2=LB].translations.tur.official
Expected: LÃ¼bnan Cumhuriyeti
     got: Lübnan Cumhuriyeti
 ; [cca2=LB].translations.urd.common
Expected: Ù„Ø¨Ù†Ø§Ù†
     got: لبنان
 ; [cca2=LB].translations.urd.official
Expected: Ø¬Ù…Û�ÙˆØ±ÛŒÛ� Ù„Ø¨Ù†Ø§Ù†
     got: جمہوریہ لبنان
 ; [cca2=LB].translations.zho.common
Expected: é»Žå·´å«©
     got: 黎巴嫩
 ; [cca2=LB].translations.zho.official
Expected: é»Žå·´å«©å…±å’Œå›½
     got: 黎巴嫩共和国
 ; [cca2=LC].flag
Expected: ðŸ‡±ðŸ‡¨
     got: 🇱🇨
 ; [cca2=LC].flags.alt
Expected: The flag of Saint Lucia has a light blue field, at the center of which are two triangles which share a common base â€” a small golden-yellow isosceles triangle superimposed on a large white-edged black isosceles triangle.
     got: The flag of Saint Lucia has a light blue field, at the center of which are two triangles which share a common base — a small golden-yellow isosceles triangle superimposed on a large white-edged black isosceles triangle.
 ; [cca2=LC].translations.ara.common
Expected: Ø³Ø§Ù†Øª Ù„ÙˆØ³ÙŠØ§
     got: سانت لوسيا
 ; [cca2=LC].translations.ara.official
Expected: Ø³Ø§Ù†Øª Ù„ÙˆØ³ÙŠØ§
     got: سانت لوسيا
 ; [cca2=LC].translations.ces.common
Expected: SvatÃ¡ Lucie
     got: Svatá Lucie
 ; [cca2=LC].translations.ces.official
Expected: SvatÃ¡ Lucie
     got: Svatá Lucie
 ; [cca2=LC].translations.jpn.common
Expected: ã‚»ãƒ³ãƒˆãƒ«ã‚·ã‚¢
     got: セントルシア
 ; [cca2=LC].translations.jpn.official
Expected: ã‚»ãƒ³ãƒˆãƒ«ã‚·ã‚¢
     got: セントルシア
 ; [cca2=LC].translations.kor.common
Expected: ì„¸ì�¸íŠ¸ë£¨ì‹œì•„
     got: 세인트루시아
 ; [cca2=LC].translations.kor.official
Expected: ì„¸ì�¸íŠ¸ë£¨ì‹œì•„
     got: 세인트루시아
 ; [cca2=LC].translations.per.common
Expected: Ø³Ù†Øª Ù„ÙˆØ³ÛŒØ§
     got: سنت لوسیا
 ; [cca2=LC].translations.per.official
Expected: Ø³Ù†Øª Ù„ÙˆØ³ÛŒØ§
     got: سنت لوسیا
 ; [cca2=LC].translations.por.common
Expected: Santa LÃºcia
     got: Santa Lúcia
 ; [cca2=LC].translations.por.official
Expected: Santa LÃºcia
     got: Santa Lúcia
 ; [cca2=LC].translations.rus.common
Expected: Ð¡ÐµÐ½Ñ‚-Ð›ÑŽÑ�Ð¸Ñ�
     got: Сент-Люсия
 ; [cca2=LC].translations.rus.official
Expected: Ð¡ÐµÐ½Ñ‚-Ð›ÑŽÑ�Ð¸Ñ�
     got: Сент-Люсия
 ; [cca2=LC].translations.slk.common
Expected: SvÃ¤tÃ¡ Lucia
     got: Svätá Lucia
 ; [cca2=LC].translations.slk.official
Expected: SvÃ¤tÃ¡ Lucia
     got: Svätá Lucia
 ; [cca2=LC].translations.spa.common
Expected: Santa LucÃ­a
     got: Santa Lucía
 ; [cca2=LC].translations.spa.official
Expected: Santa LucÃ­a
     got: Santa Lucía
 ; [cca2=LC].translations.srp.common
Expected: Ð¡Ð²ÐµÑ‚Ð° Ð›ÑƒÑ†Ð¸Ñ˜Ð°
     got: Света Луција
 ; [cca2=LC].translations.srp.official
Expected: Ð¡Ð²ÐµÑ‚Ð° Ð›ÑƒÑ†Ð¸Ñ˜Ð°
     got: Света Луција
 ; [cca2=LC].translations.urd.common
Expected: Ø³ÛŒÙ†Ù¹ Ù„ÙˆØ³ÛŒØ§
     got: سینٹ لوسیا
 ; [cca2=LC].translations.urd.official
Expected: Ø³ÛŒÙ†Ù¹ Ù„ÙˆØ³ÛŒØ§
     got: سینٹ لوسیا
 ; [cca2=LC].translations.zho.common
Expected: åœ£å�¢è¥¿äºš
     got: 圣卢西亚
 ; [cca2=LC].translations.zho.official
Expected: åœ£å�¢è¥¿äºš
     got: 圣卢西亚
 ; [cca2=LI].altSpellings[]
Expected: FÃ¼rstentum Liechtenstein
     but none found
 ; [cca2=LI].altSpellings[]
Unexpected: Fürstentum Liechtenstein
 ; [cca2=LI].flag
Expected: ðŸ‡±ðŸ‡®
     got: 🇱🇮
 ; [cca2=LI].name.nativeName.deu.official
Expected: FÃ¼rstentum Liechtenstein
     got: Fürstentum Liechtenstein
 ; [cca2=LI].translations.ara.common
Expected: Ù„ÙŠØ®ØªÙ†Ø´ØªØ§ÙŠÙ†
     got: ليختنشتاين
 ; [cca2=LI].translations.ara.official
Expected: Ø¥Ù…Ø§Ø±Ø© Ù„ÙŠØ®ØªÙ†Ø´ØªØ§ÙŠÙ†
     got: إمارة ليختنشتاين
 ; [cca2=LI].translations.bre.official
Expected: PriÃ±selezh Liechtenstein
     got: Priñselezh Liechtenstein
 ; [cca2=LI].translations.ces.common
Expected: LichtenÅ¡tejnsko
     got: Lichtenštejnsko
 ; [cca2=LI].translations.ces.official
Expected: KnÃ­Å¾ectvÃ­ LichtenÅ¡tejnskÃ©
     got: Knížectví Lichtenštejnské
 ; [cca2=LI].translations.deu.official
Expected: FÃ¼rstentum Liechtenstein
     got: Fürstentum Liechtenstein
 ; [cca2=LI].translations.est.official
Expected: Liechtensteini VÃ¼rstiriik
     got: Liechtensteini Vürstiriik
 ; [cca2=LI].translations.fra.official
Expected: PrincipautÃ© du Liechtenstein
     got: Principauté du Liechtenstein
 ; [cca2=LI].translations.hrv.common
Expected: LihtenÅ¡tajn
     got: Lihtenštajn
 ; [cca2=LI].translations.hrv.official
Expected: KneÅ¾evina LihtenÅ¡tajn
     got: Kneževina Lihtenštajn
 ; [cca2=LI].translations.hun.official
Expected: Liechtensteini HercegsÃ©g
     got: Liechtensteini Hercegség
 ; [cca2=LI].translations.jpn.common
Expected: ãƒªãƒ’ãƒ†ãƒ³ã‚·ãƒ¥ã‚¿ã‚¤ãƒ³
     got: リヒテンシュタイン
 ; [cca2=LI].translations.jpn.official
Expected: ãƒªãƒ’ãƒ†ãƒ³ã‚·ãƒ¥ã‚¿ã‚¤ãƒ³å…¬å›½
     got: リヒテンシュタイン公国
 ; [cca2=LI].translations.kor.common
Expected: ë¦¬ížˆí…�ìŠˆíƒ€ì�¸
     got: 리히텐슈타인
 ; [cca2=LI].translations.kor.official
Expected: ë¦¬ížˆí…�ìŠˆíƒ€ì�¸ ê³µêµ­
     got: 리히텐슈타인 공국
 ; [cca2=LI].translations.per.common
Expected: Ù„ÛŒØ®ØªÙ†â€ŒØ§Ø´ØªØ§ÛŒÙ†
     got: لیختن‌اشتاین
 ; [cca2=LI].translations.per.official
Expected: Ø´Ø§Ù‡Ø²Ø§Ø¯Ù‡â€ŒÙ†Ø´ÛŒÙ† Ù„ÛŒØ®ØªÙ†â€ŒØ§Ø´ØªØ§ÛŒÙ†
     got: شاهزاده‌نشین لیختن‌اشتاین
 ; [cca2=LI].translations.pol.official
Expected: KsiÄ™stwo Liechtensteinu
     got: Księstwo Liechtensteinu
 ; [cca2=LI].translations.rus.common
Expected: Ð›Ð¸Ñ…Ñ‚ÐµÐ½ÑˆÑ‚ÐµÐ¹Ð½
     got: Лихтенштейн
 ; [cca2=LI].translations.rus.official
Expected: ÐšÐ½Ñ�Ð¶ÐµÑ�Ñ‚Ð²Ð¾ Ð›Ð¸Ñ…Ñ‚ÐµÐ½ÑˆÑ‚ÐµÐ¹Ð½
     got: Княжество Лихтенштейн
 ; [cca2=LI].translations.slk.common
Expected: LichtenÅ¡tajnsko
     got: Lichtenštajnsko
 ; [cca2=LI].translations.slk.official
Expected: LichtenÅ¡tajnskÃ© knieÅ¾atstvo
     got: Lichtenštajnské kniežatstvo
 ; [cca2=LI].translations.srp.common
Expected: Ð›Ð¸Ñ…Ñ‚ÐµÐ½ÑˆÑ‚Ð°Ñ˜Ð½
     got: Лихтенштајн
 ; [cca2=LI].translations.srp.official
Expected: ÐšÐ½ÐµÐ¶ÐµÐ²Ð¸Ð½Ð° Ð›Ð¸Ñ…Ñ‚ÐµÐ½ÑˆÑ‚Ð°Ñ˜Ð½
     got: Кнежевина Лихтенштајн
 ; [cca2=LI].translations.swe.official
Expected: FurstendÃ¶met Liechtenstein
     got: Furstendömet Liechtenstein
 ; [cca2=LI].translations.tur.common
Expected: LihtenÅŸtayn
     got: Lihtenştayn
 ; [cca2=LI].translations.tur.official
Expected: LihtenÅŸtayn PrensliÄŸi
     got: Lihtenştayn Prensliği
 ; [cca2=LI].translations.urd.common
Expected: Ù„ÛŒØ®ØªÛŒÙ†Ø³ØªØ§Ø¦Ù†
     got: لیختینستائن
 ; [cca2=LI].translations.urd.official
Expected: Ø§Ù…Ø§Ø±Ø§Øª Ù„ÛŒØ®ØªÛŒÙ†Ø³ØªØ§Ø¦Ù†
     got: امارات لیختینستائن
 ; [cca2=LI].translations.zho.common
Expected: åˆ—æ”¯æ•¦å£«ç™»
     got: 列支敦士登
 ; [cca2=LI].translations.zho.official
Expected: åˆ—æ”¯æ•¦å£«ç™»å…¬å›½
     got: 列支敦士登公国
 ; [cca2=LK].altSpellings[]
Expected: ilaá¹…kai
     but none found
 ; [cca2=LK].altSpellings[]
Unexpected: ilaṅkai
 ; [cca2=LK].currencies.LKR.symbol
Expected: Rs  à¶»à·”
     got: Rs  රු
 ; [cca2=LK].flag
Expected: ðŸ‡±ðŸ‡°
     got: 🇱🇰
 ; [cca2=LK].name.nativeName.sin.common
Expected: à·�à·Šâ€�à¶»à·“ à¶½à¶‚à¶šà·�à·€
     got: ශ්‍රී ලංකාව
 ; [cca2=LK].name.nativeName.sin.official
Expected: à·�à·Šâ€�à¶»à·“ à¶½à¶‚à¶šà·� à¶´à·Šâ€�à¶»à¶¢à·�à¶­à·�à¶±à·Šà¶­à·Šâ€�à¶»à·’à¶š à·ƒà¶¸à·�à¶¢à·€à·�à¶¯à·“ à¶¢à¶±à¶»à¶¢à¶º
     got: ශ්‍රී ලංකා ප්‍රජාතාන්ත්‍රික සමාජවාදී ජනරජය
 ; [cca2=LK].name.nativeName.tam.common
Expected: à®‡à®²à®™à¯�à®•à¯ˆ
     got: இலங்கை
 ; [cca2=LK].name.nativeName.tam.official
Expected: à®‡à®²à®™à¯�à®•à¯ˆ à®šà®©à®¨à®¾à®¯à®• à®šà¯‹à®šà®²à®¿à®šà®•à¯� à®•à¯�à®Ÿà®¿à®¯à®°à®šà¯�
     got: இலங்கை சனநாயக சோசலிசக் குடியரசு
 ; [cca2=LK].tld[]
Expected: .à®‡à®²à®™à¯�à®•à¯ˆ
     but none found
 ; [cca2=LK].tld[]
Expected: .à¶½à¶‚à¶šà·�
     but none found
 ; [cca2=LK].tld[]
Unexpected: .ලංකා
 ; [cca2=LK].tld[]
Unexpected: .இலங்கை
 ; [cca2=LK].translations.ara.common
Expected: Ø³Ø±ÙŠÙ„Ø§Ù†ÙƒØ§
     got: سريلانكا
 ; [cca2=LK].translations.ara.official
Expected: Ø¬Ù…Ù‡ÙˆØ±ÙŠØ© Ø³Ø±ÙŠÙ„Ø§Ù†ÙƒØ§ Ø§Ù„Ø¯ÙŠÙ…Ù‚Ø±Ø§Ø·ÙŠØ© Ø§Ù„Ø´Ø¹Ø¨ÙŠØ©
     got: جمهورية سريلانكا الديمقراطية الشعبية
 ; [cca2=LK].translations.ces.common
Expected: SrÃ­ Lanka
     got: Srí Lanka
 ; [cca2=LK].translations.ces.official
Expected: SrÃ­lanskÃ¡ demokratickÃ¡ socialistickÃ¡ republika
     got: Srílanská demokratická socialistická republika
 ; [cca2=LK].translations.fra.official
Expected: RÃ©publique dÃ©mocratique socialiste du Sri Lanka
     got: République démocratique socialiste du Sri Lanka
 ; [cca2=LK].translations.hrv.common
Expected: Å ri Lanka
     got: Šri Lanka
 ; [cca2=LK].translations.hrv.official
Expected: Demokratska SocijalistiÄ�ke Republike Å ri Lanke
     got: Demokratska Socijalističke Republike Šri Lanke
 ; [cca2=LK].translations.hun.common
Expected: SrÃ­ Lanka
     got: Srí Lanka
 ; [cca2=LK].translations.hun.official
Expected: SrÃ­ Lanka-i Demokratikus Szocialista KÃ¶ztÃ¡rsasÃ¡g
     got: Srí Lanka-i Demokratikus Szocialista Köztársaság
 ; [cca2=LK].translations.jpn.common
Expected: ã‚¹ãƒªãƒ©ãƒ³ã‚«
     got: スリランカ
 ; [cca2=LK].translations.jpn.official
Expected: ã‚¹ãƒªãƒ©ãƒ³ã‚«æ°‘ä¸»ç¤¾ä¼šä¸»ç¾©å…±å’Œå›½
     got: スリランカ民主社会主義共和国
 ; [cca2=LK].translations.kor.common
Expected: ìŠ¤ë¦¬ëž‘ì¹´
     got: 스리랑카
 ; [cca2=LK].translations.kor.official
Expected: ìŠ¤ë¦¬ëž‘ì¹´ ë¯¼ì£¼ ì‚¬íšŒì£¼ì�˜ ê³µí™”êµ­
     got: 스리랑카 민주 사회주의 공화국
 ; [cca2=LK].translations.per.common
Expected: Ø³Ø±ÛŒâ€ŒÙ„Ø§Ù†Ú©Ø§
     got: سری‌لانکا
 ; [cca2=LK].translations.per.official
Expected: Ø¬Ù…Ù‡ÙˆØ±ÛŒ Ø¯Ù…ÙˆÚ©Ø±Ø§ØªÛŒÚ© Ø³ÙˆØ³ÛŒØ§Ù„ÛŒØ³ØªÛŒ Ø³Ø±ÛŒâ€ŒÙ„Ø§Ù†Ú©Ø§
     got: جمهوری دموکراتیک سوسیالیستی سری‌لانکا
 ; [cca2=LK].translations.por.official
Expected: RepÃºblica DemocrÃ¡tica Socialista do Sri Lanka
     got: República Democrática Socialista do Sri Lanka
 ; [cca2=LK].translations.rus.common
Expected: Ð¨Ñ€Ð¸-Ð›Ð°Ð½ÐºÐ°
     got: Шри-Ланка
 ; [cca2=LK].translations.rus.official
Expected: Ð”ÐµÐ¼Ð¾ÐºÑ€Ð°Ñ‚Ð¸Ñ‡ÐµÑ�ÐºÐ°Ñ� Ð¡Ð¾Ñ†Ð¸Ð°Ð»Ð¸Ñ�Ñ‚Ð¸Ñ‡ÐµÑ�ÐºÐ°Ñ� Ð ÐµÑ�Ð¿ÑƒÐ±Ð»Ð¸ÐºÐ° Ð¨Ñ€Ð¸-Ð›Ð°Ð½ÐºÐ°
     got: Демократическая Социалистическая Республика Шри-Ланка
 ; [cca2=LK].translations.slk.common
Expected: SrÃ­ Lanka
     got: Srí Lanka
 ; [cca2=LK].translations.slk.official
Expected: SrÃ­lanskÃ¡ demokratickÃ¡ socialistickÃ¡ republika
     got: Srílanská demokratická socialistická republika
 ; [cca2=LK].translations.spa.official
Expected: RepÃºblica DemocrÃ¡tica Socialista de Sri Lanka
     got: República Democrática Socialista de Sri Lanka
 ; [cca2=LK].translations.srp.common
Expected: Ð¡Ñ€Ð¸ Ð›Ð°Ð½ÐºÐ°
     got: Сри Ланка
 ; [cca2=LK].translations.srp.official
Expected: Ð”ÐµÐ¼Ð¾ÐºÑ€Ð°Ñ‚Ñ�ÐºÐ° Ð¡Ð¾Ñ†Ð¸Ñ˜Ð°Ð»Ð¸Ñ�Ñ‚Ð¸Ñ‡ÐºÐ° Ð ÐµÐ¿ÑƒÐ±Ð»Ð¸ÐºÐ° Ð¡Ñ€Ð¸ Ð›Ð°Ð½ÐºÐ°
     got: Демократска Социјалистичка Република Сри Ланка
 ; [cca2=LK].translations.urd.common
Expected: Ø³Ø±ÛŒ Ù„Ù†Ú©Ø§
     got: سری لنکا
 ; [cca2=LK].translations.urd.official
Expected: Ø¬Ù…Û�ÙˆØ±ÛŒ Ùˆ Ø§Ø´ØªØ±Ø§Ú©ÛŒ Ø¬Ù…Û�ÙˆØ±ÛŒÛ� Ø³Ø±ÛŒ Ù„Ù†Ú©Ø§
     got: جمہوری و اشتراکی جمہوریہ سری لنکا
 ; [cca2=LK].translations.zho.common
Expected: æ–¯é‡Œå…°å�¡
     got: 斯里兰卡
 ; [cca2=LK].translations.zho.official
Expected: æ–¯é‡Œå…°å�¡æ°‘ä¸»ç¤¾ä¼šä¸»ä¹‰å…±å’Œå›½
     got: 斯里兰卡民主社会主义共和国
 ; [cca2=LR].demonyms.fra.f
Expected: LibÃ©rienne
     got: Libérienne
 ; [cca2=LR].demonyms.fra.m
Expected: LibÃ©rien
     got: Libérien
 ; [cca2=LR].flag
Expected: ðŸ‡±ðŸ‡·
     got: 🇱🇷
 ; [cca2=LR].translations.ara.common
Expected: Ù„ÙŠØ¨ÙŠØ±ÙŠØ§
     got: ليبيريا
 ; [cca2=LR].translations.ara.official
Expected: Ø¬Ù…Ù‡ÙˆØ±ÙŠØ© Ù„ÙŠØ¨ÙŠØ±ÙŠØ§
     got: جمهورية ليبيريا
 ; [cca2=LR].translations.ces.common
Expected: LibÃ©rie
     got: Libérie
 ; [cca2=LR].translations.ces.official
Expected: LiberijskÃ¡ republika
     got: Liberijská republika
 ; [cca2=LR].translations.fra.official
Expected: RÃ©publique du LibÃ©ria
     got: République du Libéria
 ; [cca2=LR].translations.hun.common
Expected: LibÃ©ria
     got: Libéria
 ; [cca2=LR].translations.hun.official
Expected: LibÃ©riai KÃ¶ztÃ¡rsasÃ¡g
     got: Libériai Köztársaság
 ; [cca2=LR].translations.jpn.common
Expected: ãƒªãƒ™ãƒªã‚¢
     got: リベリア
 ; [cca2=LR].translations.jpn.official
Expected: ãƒªãƒ™ãƒªã‚¢å…±å’Œå›½
     got: リベリア共和国
 ; [cca2=LR].translations.kor.common
Expected: ë�¼ì�´ë² ë¦¬ì•„
     got: 라이베리아
 ; [cca2=LR].translations.kor.official
Expected: ë�¼ì�´ë² ë¦¬ì•„ ê³µí™”êµ­
     got: 라이베리아 공화국
 ; [cca2=LR].translations.per.common
Expected: Ù„ÛŒØ¨Ù€Ù�Ø±ÛŒØ§
     got: لیبـِریا
 ; [cca2=LR].translations.per.official
Expected: Ø¬Ù…Ù‡ÙˆØ±ÛŒ Ù„ÛŒØ¨Ø±ÛŒØ§
     got: جمهوری لیبریا
 ; [cca2=LR].translations.por.common
Expected: LibÃ©ria
     got: Libéria
 ; [cca2=LR].translations.por.official
Expected: RepÃºblica da LibÃ©ria
     got: República da Libéria
 ; [cca2=LR].translations.rus.common
Expected: Ð›Ð¸Ð±ÐµÑ€Ð¸Ñ�
     got: Либерия
 ; [cca2=LR].translations.rus.official
Expected: Ð ÐµÑ�Ð¿ÑƒÐ±Ð»Ð¸ÐºÐ° Ð›Ð¸Ð±ÐµÑ€Ð¸Ñ�
     got: Республика Либерия
 ; [cca2=LR].translations.slk.common
Expected: LibÃ©ria
     got: Libéria
 ; [cca2=LR].translations.slk.official
Expected: LibÃ©rijskÃ¡ republika
     got: Libérijská republika
 ; [cca2=LR].translations.spa.official
Expected: RepÃºblica de Liberia
     got: República de Liberia
 ; [cca2=LR].translations.srp.common
Expected: Ð›Ð¸Ð±ÐµÑ€Ð¸Ñ˜Ð°
     got: Либерија
 ; [cca2=LR].translations.srp.official
Expected: Ð ÐµÐ¿ÑƒÐ±Ð»Ð¸ÐºÐ° Ð›Ð¸Ð±ÐµÑ€Ð¸Ñ˜Ð°
     got: Република Либерија
 ; [cca2=LR].translations.urd.common
Expected: Ù„Ø§Ø¦Ø¨ÛŒØ±ÛŒØ§
     got: لائبیریا
 ; [cca2=LR].translations.urd.official
Expected: Ø¬Ù…Û�ÙˆØ±ÛŒÛ� Ù„Ø§Ø¦Ø¨ÛŒØ±ÛŒØ§
     got: جمہوریہ لائبیریا
 ; [cca2=LR].translations.zho.common
Expected: åˆ©æ¯”é‡Œäºš
     got: 利比里亚
 ; [cca2=LR].translations.zho.official
Expected: åˆ©æ¯”é‡Œäºšå…±å’Œå›½
     got: 利比里亚共和国
 ; [cca2=LS].demonyms.fra.f
Expected: LÃ©sothienne
     got: Lésothienne
 ; [cca2=LS].demonyms.fra.m
Expected: LÃ©sothien
     got: Lésothien
 ; [cca2=LS].flag
Expected: ðŸ‡±ðŸ‡¸
     got: 🇱🇸
 ; [cca2=LS].flags.alt
Expected: The flag of Lesotho is composed of three horizontal bands of blue, white and green in the ratio of 3:4:3. A black mokorotlo â€” a Basotho hat â€” is centered in the white band.
     got: The flag of Lesotho is composed of three horizontal bands of blue, white and green in the ratio of 3:4:3. A black mokorotlo — a Basotho hat — is centered in the white band.
 ; [cca2=LS].translations.ara.common
Expected: Ù„ÙŠØ³ÙˆØªÙˆ
     got: ليسوتو
 ; [cca2=LS].translations.ara.official
Expected: Ù…Ù…Ù„ÙƒØ© Ù„ÙŠØ³ÙˆØªÙˆ
     got: مملكة ليسوتو
 ; [cca2=LS].translations.ces.official
Expected: LesothskÃ© krÃ¡lovstvÃ­
     got: Lesothské království
 ; [cca2=LS].translations.deu.official
Expected: KÃ¶nigreich Lesotho
     got: Königreich Lesotho
 ; [cca2=LS].translations.hun.official
Expected: LesothÃ³i KirÃ¡lysÃ¡g
     got: Lesothói Királyság
 ; [cca2=LS].translations.jpn.common
Expected: ãƒ¬ã‚½ãƒˆ
     got: レソト
 ; [cca2=LS].translations.jpn.official
Expected: ãƒ¬ã‚½ãƒˆçŽ‹å›½
     got: レソト王国
 ; [cca2=LS].translations.kor.common
Expected: ë ˆì†Œí† 
     got: 레소토
 ; [cca2=LS].translations.kor.official
Expected: ë ˆì†Œí†  ì™•êµ­
     got: 레소토 왕국
 ; [cca2=LS].translations.per.common
Expected: Ù„Ø³ÙˆØªÙˆ
     got: لسوتو
 ; [cca2=LS].translations.per.official
Expected: Ù¾Ø§Ø¯Ø´Ø§Ù‡ÛŒ Ù„Ø³ÙˆØªÙˆ
     got: پادشاهی لسوتو
 ; [cca2=LS].translations.pol.official
Expected: KrÃ³lestwo Lesotho
     got: Królestwo Lesotho
 ; [cca2=LS].translations.rus.common
Expected: Ð›ÐµÑ�Ð¾Ñ‚Ð¾
     got: Лесото
 ; [cca2=LS].translations.rus.official
Expected: ÐšÐ¾Ñ€Ð¾Ð»ÐµÐ²Ñ�Ñ‚Ð²Ð¾ Ð›ÐµÑ�Ð¾Ñ‚Ð¾
     got: Королевство Лесото
 ; [cca2=LS].translations.slk.official
Expected: LesothskÃ© krÃ¡Ä¾ovstvo
     got: Lesothské kráľovstvo
 ; [cca2=LS].translations.srp.common
Expected: Ð›ÐµÑ�Ð¾Ñ‚Ð¾
     got: Лесото
 ; [cca2=LS].translations.srp.official
Expected: ÐšÑ€Ð°Ñ™ÐµÐ²Ð¸Ð½Ð° Ð›ÐµÑ�Ð¾Ñ‚Ð¾
     got: Краљевина Лесото
 ; [cca2=LS].translations.tur.official
Expected: Lesotho KrallÄ±ÄŸÄ±
     got: Lesotho Krallığı
 ; [cca2=LS].translations.urd.common
Expected: Ù„ÛŒØ³ÙˆØªÚ¾Ùˆ
     got: لیسوتھو
 ; [cca2=LS].translations.urd.official
Expected: Ù…Ù…Ù„Ú©ØªÙ� Ù„ÛŒØ³ÙˆØªÚ¾Ùˆ
     got: مملکتِ لیسوتھو
 ; [cca2=LS].translations.zho.common
Expected: èŽ±ç´¢æ‰˜
     got: 莱索托
 ; [cca2=LS].translations.zho.official
Expected: èŽ±ç´¢æ‰˜çŽ‹å›½
     got: 莱索托王国
 ; [cca2=LT].currencies.EUR.symbol
Expected: â‚¬
     got: €
 ; [cca2=LT].flag
Expected: ðŸ‡±ðŸ‡¹
     got: 🇱🇹
 ; [cca2=LT].translations.ara.common
Expected: Ù„ÙŠØªÙˆØ§Ù†ÙŠØ§
     got: ليتوانيا
 ; [cca2=LT].translations.ara.official
Expected: Ø¬Ù…Ù‡ÙˆØ±ÙŠØ© Ù„ÙŠØªÙˆØ§Ù†ÙŠØ§
     got: جمهورية ليتوانيا
 ; [cca2=LT].translations.ces.official
Expected: LitevskÃ¡ republika
     got: Litevská republika
 ; [cca2=LT].translations.fra.official
Expected: RÃ©publique de Lituanie
     got: République de Lituanie
 ; [cca2=LT].translations.hun.common
Expected: LitvÃ¡nia
     got: Litvánia
 ; [cca2=LT].translations.hun.official
Expected: LitvÃ¡n KÃ¶ztÃ¡rsasÃ¡g
     got: Litván Köztársaság
 ; [cca2=LT].translations.jpn.common
Expected: ãƒªãƒˆã‚¢ãƒ‹ã‚¢
     got: リトアニア
 ; [cca2=LT].translations.jpn.official
Expected: ãƒªãƒˆã‚¢ãƒ‹ã‚¢å…±å’Œå›½
     got: リトアニア共和国
 ; [cca2=LT].translations.kor.common
Expected: ë¦¬íˆ¬ì•„ë‹ˆì•„
     got: 리투아니아
 ; [cca2=LT].translations.kor.official
Expected: ë¦¬íˆ¬ì•„ë‹ˆì•„ ê³µí™”êµ­
     got: 리투아니아 공화국
 ; [cca2=LT].translations.per.common
Expected: Ù„ÛŒØªÙˆØ§Ù†ÛŒØ§ÛŒÛŒâ€ŒÙ‡Ø§
     got: لیتوانیایی‌ها
 ; [cca2=LT].translations.per.official
Expected: Ù„ÛŒØªÙˆØ§Ù†ÛŒØ§ÛŒÛŒâ€ŒÙ‡Ø§
     got: لیتوانیایی‌ها
 ; [cca2=LT].translations.por.common
Expected: LituÃ¢nia
     got: Lituânia
 ; [cca2=LT].translations.por.official
Expected: RepÃºblica da LituÃ¢nia
     got: República da Lituânia
 ; [cca2=LT].translations.rus.common
Expected: Ð›Ð¸Ñ‚Ð²Ð°
     got: Литва
 ; [cca2=LT].translations.rus.official
Expected: Ð›Ð¸Ñ‚Ð¾Ð²Ñ�ÐºÐ°Ñ� Ð ÐµÑ�Ð¿ÑƒÐ±Ð»Ð¸ÐºÐ°
     got: Литовская Республика
 ; [cca2=LT].translations.slk.official
Expected: LitovskÃ¡ republika
     got: Litovská republika
 ; [cca2=LT].translations.spa.official
Expected: RepÃºblica de Lituania
     got: República de Lituania
 ; [cca2=LT].translations.srp.common
Expected: Ð›Ð¸Ñ‚Ð²Ð°Ð½Ð¸Ñ˜Ð°
     got: Литванија
 ; [cca2=LT].translations.srp.official
Expected: Ð›Ð¸Ñ‚Ð²Ð°Ð½Ñ�ÐºÐ° Ð ÐµÐ¿ÑƒÐ±Ð»Ð¸ÐºÐ°
     got: Литванска Република
 ; [cca2=LT].translations.urd.common
Expected: Ù„ØªÚ¾ÙˆÙˆÛŒÙ†ÛŒØ§
     got: لتھووینیا
 ; [cca2=LT].translations.urd.official
Expected: Ø¬Ù…Û�ÙˆØ±ÛŒÛ� Ù„ØªÚ¾ÙˆÙˆÛŒÙ†ÛŒØ§
     got: جمہوریہ لتھووینیا
 ; [cca2=LT].translations.zho.common
Expected: ç«‹é™¶å®›
     got: 立陶宛
 ; [cca2=LT].translations.zho.official
Expected: ç«‹é™¶å®›å…±å’Œå›½
     got: 立陶宛共和国
 ; [cca2=LU].altSpellings[]
Expected: Grand-DuchÃ© de Luxembourg
     but none found
 ; [cca2=LU].altSpellings[]
Expected: Groussherzogtum LÃ«tzebuerg
     but none found
 ; [cca2=LU].altSpellings[]
Expected: GroÃŸherzogtum Luxemburg
     but none found
 ; [cca2=LU].altSpellings[]
Unexpected: Grand-Duché de Luxembourg
 ; [cca2=LU].altSpellings[]
Unexpected: Großherzogtum Luxemburg
 ; [cca2=LU].altSpellings[]
Unexpected: Groussherzogtum Lëtzebuerg
 ; [cca2=LU].currencies.EUR.symbol
Expected: â‚¬
     got: €
 ; [cca2=LU].flag
Expected: ðŸ‡±ðŸ‡º
     got: 🇱🇺
 ; [cca2=LU].name.nativeName.deu.official
Expected: GroÃŸherzogtum Luxemburg
     got: Großherzogtum Luxemburg
 ; [cca2=LU].name.nativeName.fra.official
Expected: Grand-DuchÃ© de Luxembourg
     got: Grand-Duché de Luxembourg
 ; [cca2=LU].name.nativeName.ltz.common
Expected: LÃ«tzebuerg
     got: Lëtzebuerg
 ; [cca2=LU].name.nativeName.ltz.official
Expected: Groussherzogtum LÃ«tzebuerg
     got: Groussherzogtum Lëtzebuerg
 ; [cca2=LU].translations.ara.common
Expected: Ù„ÙˆÙƒØ³Ù…Ø¨ÙˆØ±Øº
     got: لوكسمبورغ
 ; [cca2=LU].translations.ara.official
Expected: Ø¯ÙˆÙ‚ÙŠØ© Ù„ÙˆÙƒØ³Ù…Ø¨ÙˆØ±Øº
     got: دوقية لوكسمبورغ
 ; [cca2=LU].translations.ces.official
Expected: LucemburskÃ© velkovÃ©vodstvÃ­
     got: Lucemburské velkovévodství
 ; [cca2=LU].translations.deu.official
Expected: GroÃŸherzogtum Luxemburg,
     got: Großherzogtum Luxemburg,
 ; [cca2=LU].translations.fra.official
Expected: Grand-DuchÃ© de Luxembourg
     got: Grand-Duché de Luxembourg
 ; [cca2=LU].translations.hun.official
Expected: Luxemburgi NagyhercegsÃ©g
     got: Luxemburgi Nagyhercegség
 ; [cca2=LU].translations.jpn.common
Expected: ãƒ«ã‚¯ã‚»ãƒ³ãƒ–ãƒ«ã‚¯
     got: ルクセンブルク
 ; [cca2=LU].translations.jpn.official
Expected: ãƒ«ã‚¯ã‚»ãƒ³ãƒ–ãƒ«ã‚¯å¤§å…¬å›½
     got: ルクセンブルク大公国
 ; [cca2=LU].translations.kor.common
Expected: ë£©ì…ˆë¶€ë¥´í�¬
     got: 룩셈부르크
 ; [cca2=LU].translations.kor.official
Expected: ë£©ì…ˆë¶€ë¥´í�¬ ëŒ€ê³µêµ­
     got: 룩셈부르크 대공국
 ; [cca2=LU].translations.per.common
Expected: Ù„ÙˆÚ©Ø²Ø§Ù…Ø¨ÙˆØ±Ú¯
     got: لوکزامبورگ
 ; [cca2=LU].translations.per.official
Expected: Ø¯ÙˆÚ©â€ŒÙ†Ø´ÛŒÙ† Ù„ÙˆÚ©Ø²Ø§Ù…Ø¨ÙˆØ±Ú¯
     got: دوک‌نشین لوکزامبورگ
 ; [cca2=LU].translations.pol.official
Expected: Wielkie KsiÄ™stwo Luksemburga
     got: Wielkie Księstwo Luksemburga
 ; [cca2=LU].translations.por.official
Expected: GrÃ£o-Ducado do Luxemburgo
     got: Grão-Ducado do Luxemburgo
 ; [cca2=LU].translations.rus.common
Expected: Ð›ÑŽÐºÑ�ÐµÐ¼Ð±ÑƒÑ€Ð³
     got: Люксембург
 ; [cca2=LU].translations.rus.official
Expected: Ð’ÐµÐ»Ð¸ÐºÐ¾Ðµ Ð“ÐµÑ€Ñ†Ð¾Ð³Ñ�Ñ‚Ð²Ð¾ Ð›ÑŽÐºÑ�ÐµÐ¼Ð±ÑƒÑ€Ð³
     got: Великое Герцогство Люксембург
 ; [cca2=LU].translations.slk.official
Expected: LuxemburskÃ© veÄ¾kovojvodstvo
     got: Luxemburské veľkovojvodstvo
 ; [cca2=LU].translations.srp.common
Expected: Ð›ÑƒÐºÑ�ÐµÐ¼Ð±ÑƒÑ€Ð³
     got: Луксембург
 ; [cca2=LU].translations.srp.official
Expected: Ð’ÐµÐ»Ð¸ÐºÐ¾ Ð’Ð¾Ñ˜Ð²Ð¾Ð´Ñ�Ñ‚Ð²Ð¾ Ð›ÑƒÐºÑ�ÐµÐ¼Ð±ÑƒÑ€Ð³
     got: Велико Војводство Луксембург
 ; [cca2=LU].translations.swe.official
Expected: StorhertigdÃ¶met Luxemburg
     got: Storhertigdömet Luxemburg
 ; [cca2=LU].translations.tur.common
Expected: LÃ¼ksemburg
     got: Lüksemburg
 ; [cca2=LU].translations.tur.official
Expected: LÃ¼ksemburg BÃ¼yÃ¼k DÃ¼kalÄ±ÄŸÄ±
     got: Lüksemburg Büyük Dükalığı
 ; [cca2=LU].translations.urd.common
Expected: Ù„Ú©Ø³Ù…Ø¨Ø±Ú¯
     got: لکسمبرگ
 ; [cca2=LU].translations.urd.official
Expected: Ø¯ÙˆÙ‚ÛŒÛ� Ú©Ø¨ÛŒØ±Ù„Ú©Ø³Ù…Ø¨Ø±Ú¯
     got: دوقیہ کبیرلکسمبرگ
 ; [cca2=LU].translations.zho.common
Expected: å�¢æ£®å ¡
     got: 卢森堡
 ; [cca2=LU].translations.zho.official
Expected: å�¢æ£®å ¡å¤§å…¬å›½
     got: 卢森堡大公国
 ; [cca2=LV].currencies.EUR.symbol
Expected: â‚¬
     got: €
 ; [cca2=LV].flag
Expected: ðŸ‡±ðŸ‡»
     got: 🇱🇻
 ; [cca2=LV].translations.ara.common
Expected: Ù„Ø§ØªÙ�ÙŠØ§
     got: لاتفيا
 ; [cca2=LV].translations.ara.official
Expected: Ø¬Ù…Ù‡ÙˆØ±ÙŠØ© Ù„Ø§ØªÙ�ÙŠØ§
     got: جمهورية لاتفيا
 ; [cca2=LV].translations.ces.common
Expected: LotyÅ¡sko
     got: Lotyšsko
 ; [cca2=LV].translations.ces.official
Expected: LotyÅ¡skÃ¡ republika
     got: Lotyšská republika
 ; [cca2=LV].translations.est.common
Expected: LÃ¤ti
     got: Läti
 ; [cca2=LV].translations.est.official
Expected: LÃ¤ti Vabariik
     got: Läti Vabariik
 ; [cca2=LV].translations.fra.official
Expected: RÃ©publique de Lettonie
     got: République de Lettonie
 ; [cca2=LV].translations.hun.common
Expected: LettorszÃ¡g
     got: Lettország
 ; [cca2=LV].translations.hun.official
Expected: Lett KÃ¶ztÃ¡rsasÃ¡g
     got: Lett Köztársaság
 ; [cca2=LV].translations.jpn.common
Expected: ãƒ©ãƒˆãƒ“ã‚¢
     got: ラトビア
 ; [cca2=LV].translations.jpn.official
Expected: ãƒ©ãƒˆãƒ“ã‚¢å…±å’Œå›½
     got: ラトビア共和国
 ; [cca2=LV].translations.kor.common
Expected: ë�¼íŠ¸ë¹„ì•„
     got: 라트비아
 ; [cca2=LV].translations.kor.official
Expected: ë�¼íŠ¸ë¹„ì•„ ê³µí™”êµ­
     got: 라트비아 공화국
 ; [cca2=LV].translations.per.common
Expected: Ù„ØªÙˆÙ†ÛŒ
     got: لتونی
 ; [cca2=LV].translations.per.official
Expected: Ø¬Ù…Ù‡ÙˆØ±ÛŒ Ù„ØªÙˆÙ†ÛŒ
     got: جمهوری لتونی
 ; [cca2=LV].translations.pol.common
Expected: Å�otwa
     got: Łotwa
 ; [cca2=LV].translations.pol.official
Expected: Republika Å�otewska
     got: Republika Łotewska
 ; [cca2=LV].translations.por.common
Expected: LetÃ³nia
     got: Letónia
 ; [cca2=LV].translations.por.official
Expected: RepÃºblica da LetÃ³nia
     got: República da Letónia
 ; [cca2=LV].translations.rus.common
Expected: Ð›Ð°Ñ‚Ð²Ð¸Ñ�
     got: Латвия
 ; [cca2=LV].translations.rus.official
Expected: Ð›Ð°Ñ‚Ð²Ð¸Ð¹Ñ�ÐºÐ°Ñ� Ð ÐµÑ�Ð¿ÑƒÐ±Ð»Ð¸ÐºÐ°
     got: Латвийская Республика
 ; [cca2=LV].translations.slk.common
Expected: LotyÅ¡sko
     got: Lotyšsko
 ; [cca2=LV].translations.slk.official
Expected: LotyÅ¡skÃ¡ republika
     got: Lotyšská republika
 ; [cca2=LV].translations.spa.official
Expected: RepÃºblica de Letonia
     got: República de Letonia
 ; [cca2=LV].translations.srp.common
Expected: Ð›ÐµÑ‚Ð¾Ð½Ð¸Ñ˜Ð°
     got: Летонија
 ; [cca2=LV].translations.srp.official
Expected: Ð›ÐµÑ‚Ð¾Ð½Ñ�ÐºÐ° Ð ÐµÐ¿ÑƒÐ±Ð»Ð¸ÐºÐ°
     got: Летонска Република
 ; [cca2=LV].translations.urd.common
Expected: Ù„Ù¹ÙˆÛŒØ§
     got: لٹویا
 ; [cca2=LV].translations.urd.official
Expected: Ø¬Ù…Û�ÙˆØ±ÛŒÛ� Ù„Ù¹ÙˆÛŒØ§
     got: جمہوریہ لٹویا
 ; [cca2=LV].translations.zho.common
Expected: æ‹‰è„±ç»´äºš
     got: 拉脱维亚
 ; [cca2=LV].translations.zho.official
Expected: æ‹‰è„±ç»´äºšå…±å’Œå›½
     got: 拉脱维亚共和国
 ; [cca2=LY].currencies.LYD.symbol
Expected: Ù„.Ø¯
     got: ل.د
 ; [cca2=LY].flag
Expected: ðŸ‡±ðŸ‡¾
     got: 🇱🇾
 ; [cca2=LY].name.nativeName.ara.common
Expected: â€�Ù„ÙŠØ¨ÙŠØ§
     got: ‏ليبيا
 ; [cca2=LY].name.nativeName.ara.official
Expected: Ø§Ù„Ø¯ÙˆÙ„Ø© Ù„ÙŠØ¨ÙŠØ§
     got: الدولة ليبيا
 ; [cca2=LY].translations.ara.common
Expected: â€�Ù„ÙŠØ¨ÙŠØ§
     got: ‏ليبيا
 ; [cca2=LY].translations.ara.official
Expected: Ø¯ÙˆÙ„Ø© Ù„ÙŠØ¨ÙŠØ§
     got: دولة ليبيا
 ; [cca2=LY].translations.ces.official
Expected: StÃ¡t Libye
     got: Stát Libye
 ; [cca2=LY].translations.est.common
Expected: LiibÃ¼a
     got: Liibüa
 ; [cca2=LY].translations.est.official
Expected: LiibÃ¼a
     got: Liibüa
 ; [cca2=LY].translations.fra.official
Expected: Grande RÃ©publique arabe libyenne populaire et socialiste
     got: Grande République arabe libyenne populaire et socialiste
 ; [cca2=LY].translations.hrv.official
Expected: DrÅ¾ava Libiji
     got: Država Libiji
 ; [cca2=LY].translations.hun.common
Expected: LÃ­bia
     got: Líbia
 ; [cca2=LY].translations.hun.official
Expected: LÃ­bia Ã�llam
     got: Líbia Állam
 ; [cca2=LY].translations.jpn.common
Expected: ãƒªãƒ“ã‚¢
     got: リビア
 ; [cca2=LY].translations.jpn.official
Expected: ãƒªãƒ“ã‚¢ã�®å›½å®¶
     got: リビアの国家
 ; [cca2=LY].translations.kor.common
Expected: ë¦¬ë¹„ì•„
     got: 리비아
 ; [cca2=LY].translations.kor.official
Expected: ë¦¬ë¹„ì•„
     got: 리비아
 ; [cca2=LY].translations.nld.common
Expected: LibiÃ«
     got: Libië
 ; [cca2=LY].translations.nld.official
Expected: Staat van LibiÃ«
     got: Staat van Libië
 ; [cca2=LY].translations.per.common
Expected: Ù„ÛŒØ¨ÛŒ
     got: لیبی
 ; [cca2=LY].translations.per.official
Expected: Ø¯ÙˆÙ„Øª Ù„ÛŒØ¨ÛŒ
     got: دولت لیبی
 ; [cca2=LY].translations.pol.official
Expected: PaÅ„stwo Libia
     got: Państwo Libia
 ; [cca2=LY].translations.por.common
Expected: LÃ­bia
     got: Líbia
 ; [cca2=LY].translations.por.official
Expected: Estado da LÃ­bia
     got: Estado da Líbia
 ; [cca2=LY].translations.rus.common
Expected: Ð›Ð¸Ð²Ð¸Ñ�
     got: Ливия
 ; [cca2=LY].translations.rus.official
Expected: Ð“Ð¾Ñ�ÑƒÐ´Ð°Ñ€Ñ�Ñ‚Ð²Ð¾ Ð›Ð¸Ð²Ð¸Ð¸
     got: Государство Ливии
 ; [cca2=LY].translations.slk.common
Expected: LÃ­bya
     got: Líbya
 ; [cca2=LY].translations.slk.official
Expected: LÃ­bya
     got: Líbya
 ; [cca2=LY].translations.srp.common
Expected: Ð›Ð¸Ð±Ð¸Ñ˜Ð°
     got: Либија
 ; [cca2=LY].translations.srp.official
Expected: Ð”Ñ€Ð¶Ð°Ð²Ð° Ð›Ð¸Ð±Ð¸Ñ˜Ð°
     got: Држава Либија
 ; [cca2=LY].translations.urd.common
Expected: Ù„ÛŒØ¨ÛŒØ§
     got: لیبیا
 ; [cca2=LY].translations.urd.official
Expected: Ø±ÛŒØ§Ø³ØªÙ� Ù„ÛŒØ¨ÛŒØ§
     got: ریاستِ لیبیا
 ; [cca2=LY].translations.zho.common
Expected: åˆ©æ¯”äºš
     got: 利比亚
 ; [cca2=LY].translations.zho.official
Expected: åˆ©æ¯”äºšå›½
     got: 利比亚国
 ; [cca2=MA].altSpellings[]
Expected: Al-Mamlakah al-MaÄ¡ribiyah
     but none found
 ; [cca2=MA].altSpellings[]
Unexpected: Al-Mamlakah al-Maġribiyah
 ; [cca2=MA].currencies.MAD.symbol
Expected: Ø¯.Ù….
     got: د.م.
 ; [cca2=MA].flag
Expected: ðŸ‡²ðŸ‡¦
     got: 🇲🇦
 ; [cca2=MA].flags.alt
Expected: The flag of Morocco features a green pentagram â€” a five-pointed linear star â€” centered on a red field.
     got: The flag of Morocco features a green pentagram — a five-pointed linear star — centered on a red field.
 ; [cca2=MA].name.nativeName.ara.common
Expected: Ø§Ù„Ù…ØºØ±Ø¨
     got: المغرب
 ; [cca2=MA].name.nativeName.ara.official
Expected: Ø§Ù„Ù…Ù…Ù„ÙƒØ© Ø§Ù„Ù…ØºØ±Ø¨ÙŠØ©
     got: المملكة المغربية
 ; [cca2=MA].name.nativeName.ber.common
Expected: âµ�âµŽâ´°âµ–âµ”âµ‰â´±
     got: ⵍⵎⴰⵖⵔⵉⴱ
 ; [cca2=MA].name.nativeName.ber.official
Expected: âµœâ´°â´³âµ�â´·âµ‰âµœ âµ� âµ�âµŽâµ–âµ”âµ‰â´±
     got: ⵜⴰⴳⵍⴷⵉⵜ ⵏ ⵍⵎⵖⵔⵉⴱ
 ; [cca2=MA].tld[]
Expected: Ø§Ù„Ù…ØºØ±Ø¨.
     but none found
 ; [cca2=MA].tld[]
Unexpected: المغرب.
 ; [cca2=MA].translations.ara.common
Expected: Ø§Ù„Ù…ØºØ±Ø¨
     got: المغرب
 ; [cca2=MA].translations.ara.official
Expected: Ø§Ù„Ù…Ù…Ù„ÙƒØ© Ø§Ù„Ù…ØºØ±Ø¨ÙŠØ©
     got: المملكة المغربية
 ; [cca2=MA].translations.ces.official
Expected: MarockÃ© krÃ¡lovstvÃ­
     got: Marocké království
 ; [cca2=MA].translations.deu.official
Expected: KÃ¶nigreich Marokko
     got: Königreich Marokko
 ; [cca2=MA].translations.hun.common
Expected: MarokkÃ³
     got: Marokkó
 ; [cca2=MA].translations.hun.official
Expected: MarokkÃ³i KirÃ¡lysÃ¡g
     got: Marokkói Királyság
 ; [cca2=MA].translations.jpn.common
Expected: ãƒ¢ãƒ­ãƒƒã‚³
     got: モロッコ
 ; [cca2=MA].translations.jpn.official
Expected: ãƒ¢ãƒ­ãƒƒã‚³çŽ‹å›½
     got: モロッコ王国
 ; [cca2=MA].translations.kor.common
Expected: ëª¨ë¡œì½”
     got: 모로코
 ; [cca2=MA].translations.kor.official
Expected: ëª¨ë¡œì½” ì™•êµ­
     got: 모로코 왕국
 ; [cca2=MA].translations.per.common
Expected: Ù…Ø±Ø§Ú©Ø´
     got: مراکش
 ; [cca2=MA].translations.per.official
Expected: Ù¾Ø§Ø¯Ø´Ø§Ù‡ÛŒ Ù…Ø±Ø§Ú©Ø´
     got: پادشاهی مراکش
 ; [cca2=MA].translations.pol.official
Expected: KrÃ³lestwo MarokaÅ„skie
     got: Królestwo Marokańskie
 ; [cca2=MA].translations.rus.common
Expected: ÐœÐ°Ñ€Ð¾ÐºÐºÐ¾
     got: Марокко
 ; [cca2=MA].translations.rus.official
Expected: ÐšÐ¾Ñ€Ð¾Ð»ÐµÐ²Ñ�Ñ‚Ð²Ð¾ ÐœÐ°Ñ€Ð¾ÐºÐºÐ¾
     got: Королевство Марокко
 ; [cca2=MA].translations.slk.official
Expected: MarockÃ© knieÅ¾atstvo
     got: Marocké kniežatstvo
 ; [cca2=MA].translations.srp.common
Expected: ÐœÐ°Ñ€Ð¾ÐºÐ¾
     got: Мароко
 ; [cca2=MA].translations.srp.official
Expected: ÐšÑ€Ð°Ñ™ÐµÐ²Ð¸Ð½Ð° ÐœÐ°Ñ€Ð¾ÐºÐ¾
     got: Краљевина Мароко
 ; [cca2=MA].translations.tur.official
Expected: Fas KrallÄ±ÄŸÄ±
     got: Fas Krallığı
 ; [cca2=MA].translations.urd.common
Expected: Ù…Ø±Ø§Ú©Ø´
     got: مراکش
 ; [cca2=MA].translations.urd.official
Expected: Ù…Ù…Ù„Ú©ØªÙ� Ù…Ø±Ø§Ú©Ø´
     got: مملکتِ مراکش
 ; [cca2=MA].translations.zho.common
Expected: æ‘©æ´›å“¥
     got: 摩洛哥
 ; [cca2=MA].translations.zho.official
Expected: æ‘©æ´›å“¥çŽ‹å›½
     got: 摩洛哥王国
 ; [cca2=MC].altSpellings[]
Expected: PrincipautÃ© de Monaco
     but none found
 ; [cca2=MC].altSpellings[]
Unexpected: Principauté de Monaco
 ; [cca2=MC].currencies.EUR.symbol
Expected: â‚¬
     got: €
 ; [cca2=MC].demonyms.fra.f
Expected: MonÃ©gasque
     got: Monégasque
 ; [cca2=MC].demonyms.fra.m
Expected: MonÃ©gasque
     got: Monégasque
 ; [cca2=MC].flag
Expected: ðŸ‡²ðŸ‡¨
     got: 🇲🇨
 ; [cca2=MC].name.nativeName.fra.official
Expected: PrincipautÃ© de Monaco
     got: Principauté de Monaco
 ; [cca2=MC].translations.ara.common
Expected: Ù…ÙˆÙ†Ø§ÙƒÙˆ
     got: موناكو
 ; [cca2=MC].translations.ara.official
Expected: Ø¥Ù…Ø§Ø±Ø© Ù…ÙˆÙ†Ø§ÙƒÙˆ
     got: إمارة موناكو
 ; [cca2=MC].translations.bre.official
Expected: PriÃ±selezh Monako
     got: Priñselezh Monako
 ; [cca2=MC].translations.ces.official
Expected: MonackÃ© knÃ­Å¾ectvÃ­
     got: Monacké knížectví
 ; [cca2=MC].translations.deu.official
Expected: FÃ¼rstentum Monaco
     got: Fürstentum Monaco
 ; [cca2=MC].translations.est.official
Expected: Monaco VÃ¼rstiriik
     got: Monaco Vürstiriik
 ; [cca2=MC].translations.fra.official
Expected: PrincipautÃ© de Monaco
     got: Principauté de Monaco
 ; [cca2=MC].translations.hrv.official
Expected: KneÅ¾evina Monako
     got: Kneževina Monako
 ; [cca2=MC].translations.hun.official
Expected: MonacÃ³i HercegsÃ©g
     got: Monacói Hercegség
 ; [cca2=MC].translations.jpn.common
Expected: ãƒ¢ãƒŠã‚³
     got: モナコ
 ; [cca2=MC].translations.jpn.official
Expected: ãƒ¢ãƒŠã‚³å…¬å›½
     got: モナコ公国
 ; [cca2=MC].translations.kor.common
Expected: ëª¨ë‚˜ì½”
     got: 모나코
 ; [cca2=MC].translations.kor.official
Expected: ëª¨ë‚˜ì½” ê³µêµ­
     got: 모나코 공국
 ; [cca2=MC].translations.per.common
Expected: Ù…ÙˆÙ†Ø§Ú©Ùˆ
     got: موناکو
 ; [cca2=MC].translations.per.official
Expected: Ø´Ø§Ù‡Ø²Ø§Ø¯Ù‡â€ŒÙ†Ø´ÛŒÙ† Ù…ÙˆÙ†Ø§Ú©Ùˆ
     got: شاهزاده‌نشین موناکو
 ; [cca2=MC].translations.pol.official
Expected: KsiÄ™stwo Monako
     got: Księstwo Monako
 ; [cca2=MC].translations.por.common
Expected: MÃ³naco
     got: Mónaco
 ; [cca2=MC].translations.por.official
Expected: Principado do MÃ³naco
     got: Principado do Mónaco
 ; [cca2=MC].translations.rus.common
Expected: ÐœÐ¾Ð½Ð°ÐºÐ¾
     got: Монако
 ; [cca2=MC].translations.rus.official
Expected: ÐšÐ½Ñ�Ð¶ÐµÑ�Ñ‚Ð²Ð¾ ÐœÐ¾Ð½Ð°ÐºÐ¾
     got: Княжество Монако
 ; [cca2=MC].translations.slk.official
Expected: MonackÃ© knieÅ¾atstvo
     got: Monacké kniežatstvo
 ; [cca2=MC].translations.spa.common
Expected: MÃ³naco
     got: Mónaco
 ; [cca2=MC].translations.spa.official
Expected: Principado de MÃ³naco
     got: Principado de Mónaco
 ; [cca2=MC].translations.srp.common
Expected: ÐœÐ¾Ð½Ð°ÐºÐ¾
     got: Монако
 ; [cca2=MC].translations.srp.official
Expected: ÐšÐ½ÐµÐ¶ÐµÐ²Ð¸Ð½Ð° ÐœÐ¾Ð½Ð°ÐºÐ¾
     got: Кнежевина Монако
 ; [cca2=MC].translations.swe.official
Expected: FurstendÃ¶met Monaco
     got: Furstendömet Monaco
 ; [cca2=MC].translations.tur.official
Expected: Monako PrensliÄŸi
     got: Monako Prensliği
 ; [cca2=MC].translations.urd.common
Expected: Ù…ÙˆÙ†Ø§Ú©Ùˆ
     got: موناکو
 ; [cca2=MC].translations.urd.official
Expected: Ø¬Ù…Û�ÙˆØ±ÛŒÛ� Ù…Ù†Ø§Ú©Ùˆ
     got: جمہوریہ مناکو
 ; [cca2=MC].translations.zho.common
Expected: æ‘©çº³å“¥
     got: 摩纳哥
 ; [cca2=MC].translations.zho.official
Expected: æ‘©çº³å“¥å…¬å›½
     got: 摩纳哥公国
 ; [cca2=MD].capital[]
Expected: ChiÈ™inÄƒu
     but none found
 ; [cca2=MD].capital[]
Unexpected: Chișinău
 ; [cca2=MD].flag
Expected: ðŸ‡²ðŸ‡©
     got: 🇲🇩
 ; [cca2=MD].translations.ara.common
Expected: Ù…ÙˆÙ„Ø¯ÙˆÚ¤Ø§
     got: مولدوڤا
 ; [cca2=MD].translations.ara.official
Expected: Ø¬Ù…Ù‡ÙˆØ±ÙŠØ© Ù…ÙˆÙ„Ø¯ÙˆÚ¤Ø§
     got: جمهورية مولدوڤا
 ; [cca2=MD].translations.ces.official
Expected: MoldavskÃ¡ republika
     got: Moldavská republika
 ; [cca2=MD].translations.fra.official
Expected: RÃ©publique de Moldavie
     got: République de Moldavie
 ; [cca2=MD].translations.hun.official
Expected: Moldovai KÃ¶ztÃ¡rsasÃ¡g
     got: Moldovai Köztársaság
 ; [cca2=MD].translations.jpn.common
Expected: ãƒ¢ãƒ«ãƒ‰ãƒ�å…±å’Œå›½
     got: モルドバ共和国
 ; [cca2=MD].translations.jpn.official
Expected: ãƒ¢ãƒ«ãƒ‰ãƒ�å…±å’Œå›½
     got: モルドバ共和国
 ; [cca2=MD].translations.kor.common
Expected: ëª°ë�„ë°”
     got: 몰도바
 ; [cca2=MD].translations.kor.official
Expected: ëª°ë�„ë°” ê³µí™”êµ­
     got: 몰도바 공화국
 ; [cca2=MD].translations.nld.common
Expected: MoldaviÃ«
     got: Moldavië
 ; [cca2=MD].translations.nld.official
Expected: Republiek MoldaviÃ«
     got: Republiek Moldavië
 ; [cca2=MD].translations.per.common
Expected: Ù…ÙˆÙ„Ø¯Ø§ÙˆÛŒ
     got: مولداوی
 ; [cca2=MD].translations.per.official
Expected: Ø¬Ù…Ù‡ÙˆØ±ÛŒ Ù…ÙˆÙ„Ø¯Ø§ÙˆÛŒ
     got: جمهوری مولداوی
 ; [cca2=MD].translations.pol.common
Expected: MoÅ‚dawia
     got: Mołdawia
 ; [cca2=MD].translations.pol.official
Expected: Republika MoÅ‚dawii
     got: Republika Mołdawii
 ; [cca2=MD].translations.por.common
Expected: MoldÃ¡via
     got: Moldávia
 ; [cca2=MD].translations.por.official
Expected: RepÃºblica da MoldÃ¡via
     got: República da Moldávia
 ; [cca2=MD].translations.rus.common
Expected: ÐœÐ¾Ð»Ð´Ð°Ð²Ð¸Ñ�
     got: Молдавия
 ; [cca2=MD].translations.rus.official
Expected: ÐœÐ¾Ð»Ð´Ð¾Ð²Ð°
     got: Молдова
 ; [cca2=MD].translations.slk.official
Expected: MoldavskÃ¡ republika
     got: Moldavská republika
 ; [cca2=MD].translations.spa.official
Expected: RepÃºblica de Moldova
     got: República de Moldova
 ; [cca2=MD].translations.srp.common
Expected: ÐœÐ¾Ð»Ð´Ð°Ð²Ð¸Ñ˜Ð°
     got: Молдавија
 ; [cca2=MD].translations.srp.official
Expected: Ð ÐµÐ¿ÑƒÐ±Ð»Ð¸ÐºÐ° ÐœÐ¾Ð»Ð´Ð°Ð²Ð¸Ñ˜Ð°
     got: Република Молдавија
 ; [cca2=MD].translations.urd.common
Expected: Ù…Ø§Ù„Ø¯ÙˆÙˆØ§
     got: مالدووا
 ; [cca2=MD].translations.urd.official
Expected: Ø¬Ù…Û�ÙˆØ±ÛŒÛ� Ù…Ø§Ù„Ø¯ÙˆÙˆØ§
     got: جمہوریہ مالدووا
 ; [cca2=MD].translations.zho.common
Expected: æ‘©å°”å¤šç“¦
     got: 摩尔多瓦
 ; [cca2=MD].translations.zho.official
Expected: æ‘©å°”å¤šç“¦å…±å’Œå›½
     got: 摩尔多瓦共和国
 ; [cca2=ME].currencies.EUR.symbol
Expected: â‚¬
     got: €
 ; [cca2=ME].demonyms.fra.f
Expected: MontÃ©nÃ©grine
     got: Monténégrine
 ; [cca2=ME].demonyms.fra.m
Expected: MontÃ©nÃ©grin
     got: Monténégrin
 ; [cca2=ME].flag
Expected: ðŸ‡²ðŸ‡ª
     got: 🇲🇪
 ; [cca2=ME].name.nativeName.cnr.common
Expected: Ð¦Ñ€Ð½Ð° Ð“Ð¾Ñ€Ð°
     got: Црна Гора
 ; [cca2=ME].name.nativeName.cnr.official
Expected: Ð¦Ñ€Ð½Ð° Ð“Ð¾Ñ€Ð°
     got: Црна Гора
 ; [cca2=ME].translations.ara.common
Expected: Ø§Ù„Ø¬Ø¨Ù„ Ø§Ù„Ø§Ø³ÙˆØ¯
     got: الجبل الاسود
 ; [cca2=ME].translations.ara.official
Expected: Ø§Ù„Ø¬Ø¨Ù„ Ø§Ù„Ø§Ø³ÙˆØ¯
     got: الجبل الاسود
 ; [cca2=ME].translations.ces.common
Expected: ÄŒernÃ¡ Hora
     got: Černá Hora
 ; [cca2=ME].translations.ces.official
Expected: ÄŒernÃ¡ Hora
     got: Černá Hora
 ; [cca2=ME].translations.fra.common
Expected: MontÃ©nÃ©gro
     got: Monténégro
 ; [cca2=ME].translations.fra.official
Expected: MontÃ©nÃ©gro
     got: Monténégro
 ; [cca2=ME].translations.hun.common
Expected: MontenegrÃ³
     got: Montenegró
 ; [cca2=ME].translations.hun.official
Expected: MontenegrÃ³
     got: Montenegró
 ; [cca2=ME].translations.jpn.common
Expected: ãƒ¢ãƒ³ãƒ†ãƒ�ã‚°ãƒ­
     got: モンテネグロ
 ; [cca2=ME].translations.jpn.official
Expected: ãƒ¢ãƒ³ãƒ†ãƒ�ã‚°ãƒ­
     got: モンテネグロ
 ; [cca2=ME].translations.kor.common
Expected: ëª¬í…Œë„¤ê·¸ë¡œ
     got: 몬테네그로
 ; [cca2=ME].translations.kor.official
Expected: ëª¬í…Œë„¤ê·¸ë¡œ
     got: 몬테네그로
 ; [cca2=ME].translations.per.common
Expected: Ù…ÙˆÙ†ØªÙ‡â€ŒÙ†Ú¯Ø±Ùˆ
     got: مونته‌نگرو
 ; [cca2=ME].translations.per.official
Expected: Ù…ÙˆÙ†ØªÙ‡â€ŒÙ†Ú¯Ø±Ùˆ
     got: مونته‌نگرو
 ; [cca2=ME].translations.pol.common
Expected: CzarnogÃ³ra
     got: Czarnogóra
 ; [cca2=ME].translations.pol.official
Expected: CzarnogÃ³ra
     got: Czarnogóra
 ; [cca2=ME].translations.rus.common
Expected: Ð§ÐµÑ€Ð½Ð¾Ð³Ð¾Ñ€Ð¸Ñ�
     got: Черногория
 ; [cca2=ME].translations.rus.official
Expected: Ð§ÐµÑ€Ð½Ð¾Ð³Ð¾Ñ€Ð¸Ñ�
     got: Черногория
 ; [cca2=ME].translations.slk.common
Expected: ÄŒierna Hora
     got: Čierna Hora
 ; [cca2=ME].translations.slk.official
Expected: ÄŒierna Hora
     got: Čierna Hora
 ; [cca2=ME].translations.srp.common
Expected: Ð¦Ñ€Ð½Ð° Ð“Ð¾Ñ€Ð°
     got: Црна Гора
 ; [cca2=ME].translations.srp.official
Expected: Ð¦Ñ€Ð½Ð° Ð“Ð¾Ñ€Ð°
     got: Црна Гора
 ; [cca2=ME].translations.tur.common
Expected: KaradaÄŸ
     got: Karadağ
 ; [cca2=ME].translations.tur.official
Expected: KaradaÄŸ
     got: Karadağ
 ; [cca2=ME].translations.urd.common
Expected: Ù…ÙˆÙ†Ù¹ÛŒÙ†ÛŒÚ¯Ø±Ùˆ
     got: مونٹینیگرو
 ; [cca2=ME].translations.urd.official
Expected: Ù…ÙˆÙ†Ù¹ÛŒÙ†ÛŒÚ¯Ø±Ùˆ
     got: مونٹینیگرو
 ; [cca2=ME].translations.zho.common
Expected: é»‘å±±
     got: 黑山
 ; [cca2=ME].translations.zho.official
Expected: é»‘å±±
     got: 黑山
 ; [cca2=MF].altSpellings[]
Expected: CollectivitÃ© de Saint-Martin
     but none found
 ; [cca2=MF].altSpellings[]
Unexpected: Collectivité de Saint-Martin
 ; [cca2=MF].currencies.EUR.symbol
Expected: â‚¬
     got: €
 ; [cca2=MF].flag
Expected: ðŸ‡²ðŸ‡«
     got: 🇲🇫
 ; [cca2=MF].translations.ara.common
Expected: Ø³Ø§Ù†Øª Ù…Ø§Ø±ØªÙ†
     got: سانت مارتن
 ; [cca2=MF].translations.ara.official
Expected: Ø³Ø§Ù†Øª Ù…Ø§Ø±ØªÙ†
     got: سانت مارتن
 ; [cca2=MF].translations.ces.common
Expected: SvatÃ½ Martin (Francie)
     got: Svatý Martin (Francie)
 ; [cca2=MF].translations.ces.official
Expected: SvatÃ½ Martin
     got: Svatý Martin
 ; [cca2=MF].translations.est.official
Expected: Saint-Martini Ã¼hendus
     got: Saint-Martini ühendus
 ; [cca2=MF].translations.hun.official
Expected: Saint-Martin KÃ¶zÃ¶ssÃ©g
     got: Saint-Martin Közösség
 ; [cca2=MF].translations.jpn.common
Expected: ã‚µãƒ³ãƒ»ãƒžãƒ«ã‚¿ãƒ³ï¼ˆãƒ•ãƒ©ãƒ³ã‚¹é ˜ï¼‰
     got: サン・マルタン（フランス領）
 ; [cca2=MF].translations.jpn.official
Expected: ã‚µãƒ³ãƒžãƒ«ã‚¿ãƒ³å³¶
     got: サンマルタン島
 ; [cca2=MF].translations.kor.common
Expected: ìƒ�ë§ˆë¥´íƒ±
     got: 생마르탱
 ; [cca2=MF].translations.kor.official
Expected: ìƒ�ë§ˆë¥´íƒ±
     got: 생마르탱
 ; [cca2=MF].translations.per.common
Expected: Ø³Ù† Ù…Ø§Ø±ØªÙ†
     got: سن مارتن
 ; [cca2=MF].translations.per.official
Expected: Ø³Ù† Ù…Ø§Ø±ØªÙ†
     got: سن مارتن
 ; [cca2=MF].translations.pol.official
Expected: WspÃ³lnota Saint-Martin
     got: Wspólnota Saint-Martin
 ; [cca2=MF].translations.por.common
Expected: SÃ£o Martinho
     got: São Martinho
 ; [cca2=MF].translations.rus.common
Expected: Ð¡ÐµÐ½-ÐœÐ°Ñ€Ñ‚ÐµÐ½
     got: Сен-Мартен
 ; [cca2=MF].translations.rus.official
Expected: Ð¡ÐµÐ½-ÐœÐ°Ñ€Ñ‚ÐµÐ½
     got: Сен-Мартен
 ; [cca2=MF].translations.srp.common
Expected: Ð¡Ð²ÐµÑ‚Ð¸ ÐœÐ°Ñ€Ñ‚Ð¸Ð½
     got: Свети Мартин
 ; [cca2=MF].translations.srp.official
Expected: Ð¡Ð²ÐµÑ‚Ð¸ ÐœÐ°Ñ€Ñ‚Ð¸Ð½
     got: Свети Мартин
 ; [cca2=MF].translations.swe.official
Expected: FÃ¶rvaltningsomrÃ¥det Saint-Martin
     got: Förvaltningsområdet Saint-Martin
 ; [cca2=MF].translations.urd.common
Expected: Ø³ÛŒÙ†Ù¹ Ù…Ø§Ø±Ù¹Ù†
     got: سینٹ مارٹن
 ; [cca2=MF].translations.urd.official
Expected: Ø³ÛŒÙ†Ù¹ Ù…Ø§Ø±Ù¹Ù†
     got: سینٹ مارٹن
 ; [cca2=MF].translations.zho.common
Expected: åœ£é©¬ä¸�
     got: 圣马丁
 ; [cca2=MF].translations.zho.official
Expected: åœ£é©¬ä¸�
     got: 圣马丁
 ; [cca2=MG].altSpellings[]
Expected: RÃ©publique de Madagascar
     but none found
 ; [cca2=MG].altSpellings[]
Unexpected: République de Madagascar
 ; [cca2=MG].flag
Expected: ðŸ‡²ðŸ‡¬
     got: 🇲🇬
 ; [cca2=MG].name.nativeName.fra.official
Expected: RÃ©publique de Madagascar
     got: République de Madagascar
 ; [cca2=MG].translations.ara.common
Expected: Ù…Ø¯ØºØ´Ù‚Ø±
     got: مدغشقر
 ; [cca2=MG].translations.ara.official
Expected: Ø¬Ù…Ù‡ÙˆØ±ÙŠØ© Ù…Ø¯ØºØ´Ù‚Ø±
     got: جمهورية مدغشقر
 ; [cca2=MG].translations.ces.official
Expected: MadagaskarskÃ¡ republika
     got: Madagaskarská republika
 ; [cca2=MG].translations.fra.official
Expected: RÃ©publique de Madagascar
     got: République de Madagascar
 ; [cca2=MG].translations.hun.common
Expected: MadagaszkÃ¡r
     got: Madagaszkár
 ; [cca2=MG].translations.hun.official
Expected: MadagaszkÃ¡ri KÃ¶ztÃ¡rsasÃ¡g
     got: Madagaszkári Köztársaság
 ; [cca2=MG].translations.jpn.common
Expected: ãƒžãƒ€ã‚¬ã‚¹ã‚«ãƒ«
     got: マダガスカル
 ; [cca2=MG].translations.jpn.official
Expected: ãƒžãƒ€ã‚¬ã‚¹ã‚«ãƒ«å…±å’Œå›½
     got: マダガスカル共和国
 ; [cca2=MG].translations.kor.common
Expected: ë§ˆë‹¤ê°€ìŠ¤ì¹´ë¥´
     got: 마다가스카르
 ; [cca2=MG].translations.kor.official
Expected: ë§ˆë‹¤ê°€ìŠ¤ì¹´ë¥´ ê³µí™”êµ­
     got: 마다가스카르 공화국
 ; [cca2=MG].translations.per.common
Expected: Ù…Ø§Ø¯Ø§Ú¯Ø§Ø³Ú©Ø§Ø±
     got: ماداگاسکار
 ; [cca2=MG].translations.per.official
Expected: Ø¬Ù…Ù‡ÙˆØ±ÛŒ Ù…Ø§Ø¯Ø§Ú¯Ø§Ø³Ú©Ø§Ø±
     got: جمهوری ماداگاسکار
 ; [cca2=MG].translations.por.common
Expected: MadagÃ¡scar
     got: Madagáscar
 ; [cca2=MG].translations.por.official
Expected: RepÃºblica de MadagÃ¡scar
     got: República de Madagáscar
 ; [cca2=MG].translations.rus.common
Expected: ÐœÐ°Ð´Ð°Ð³Ð°Ñ�ÐºÐ°Ñ€
     got: Мадагаскар
 ; [cca2=MG].translations.rus.official
Expected: Ð ÐµÑ�Ð¿ÑƒÐ±Ð»Ð¸ÐºÐ° ÐœÐ°Ð´Ð°Ð³Ð°Ñ�ÐºÐ°Ñ€
     got: Республика Мадагаскар
 ; [cca2=MG].translations.slk.official
Expected: MadagaskarskÃ¡ republika
     got: Madagaskarská republika
 ; [cca2=MG].translations.spa.official
Expected: RepÃºblica de Madagascar
     got: República de Madagascar
 ; [cca2=MG].translations.srp.common
Expected: ÐœÐ°Ð´Ð°Ð³Ð°Ñ�ÐºÐ°Ñ€
     got: Мадагаскар
 ; [cca2=MG].translations.srp.official
Expected: Ð ÐµÐ¿ÑƒÐ±Ð»Ð¸ÐºÐ° ÐœÐ°Ð´Ð°Ð³Ð°Ñ�ÐºÐ°Ñ€
     got: Република Мадагаскар
 ; [cca2=MG].translations.urd.common
Expected: Ù…ÚˆØºØ§Ø³Ú©Ø±
     got: مڈغاسکر
 ; [cca2=MG].translations.urd.official
Expected: Ø¬Ù…Û�ÙˆØ±ÛŒÛ� Ù…ÚˆØºØ§Ø³Ú©Ø±
     got: جمہوریہ مڈغاسکر
 ; [cca2=MG].translations.zho.common
Expected: é©¬è¾¾åŠ æ–¯åŠ 
     got: 马达加斯加
 ; [cca2=MG].translations.zho.official
Expected: é©¬è¾¾åŠ æ–¯åŠ å…±å’Œå›½
     got: 马达加斯加共和国
 ; [cca2=MH].altSpellings[]
Expected: AolepÄ�n AorÅ�kin MÌ§ajeÄ¼
     but none found
 ; [cca2=MH].altSpellings[]
Unexpected: Aolepān Aorōkin M̧ajeļ
 ; [cca2=MH].flag
Expected: ðŸ‡²ðŸ‡­
     got: 🇲🇭
 ; [cca2=MH].flags.alt
Expected: The flag of Marshall Islands has a blue field with two broadening adjacent diagonal bands of orange and white that extend from the lower hoist-side corner to the upper fly-side corner of the field. A large white star with twenty-four rays â€” four large rays at the cardinal points and twenty smaller rays â€” is situated in the upper hoist-side corner above the diagonal bands.
     got: The flag of Marshall Islands has a blue field with two broadening adjacent diagonal bands of orange and white that extend from the lower hoist-side corner to the upper fly-side corner of the field. A large white star with twenty-four rays — four large rays at the cardinal points and twenty smaller rays — is situated in the upper hoist-side corner above the diagonal bands.
 ; [cca2=MH].name.nativeName.mah.common
Expected: MÌ§ajeÄ¼
     got: M̧ajeļ
 ; [cca2=MH].translations.ara.common
Expected: Ø¬Ø²Ø± Ù…Ø§Ø±Ø´Ø§Ù„
     got: جزر مارشال
 ; [cca2=MH].translations.ara.official
Expected: Ø¬Ù…Ù‡ÙˆØ±ÙŠØ© Ø¬Ø²Ø± Ù…Ø§Ø±Ø´Ø§Ù„
     got: جمهورية جزر مارشال
 ; [cca2=MH].translations.fra.common
Expected: ÃŽles Marshall
     got: Îles Marshall
 ; [cca2=MH].translations.fra.official
Expected: RÃ©publique des ÃŽles Marshall
     got: République des Îles Marshall
 ; [cca2=MH].translations.hrv.common
Expected: MarÅ¡alovi Otoci
     got: Maršalovi Otoci
 ; [cca2=MH].translations.hrv.official
Expected: Republika MarÅ¡alovi Otoci
     got: Republika Maršalovi Otoci
 ; [cca2=MH].translations.jpn.common
Expected: ãƒžãƒ¼ã‚·ãƒ£ãƒ«è«¸å³¶
     got: マーシャル諸島
 ; [cca2=MH].translations.jpn.official
Expected: ãƒžãƒ¼ã‚·ãƒ£ãƒ«è«¸å³¶å…±å’Œå›½
     got: マーシャル諸島共和国
 ; [cca2=MH].translations.kor.common
Expected: ë§ˆì…œ ì œë�„
     got: 마셜 제도
 ; [cca2=MH].translations.kor.official
Expected: ë§ˆì…œ ì œë�„ ê³µí™”êµ­
     got: 마셜 제도 공화국
 ; [cca2=MH].translations.per.common
Expected: Ø¬Ø²Ø§ÛŒØ± Ù…Ø§Ø±Ø´Ø§Ù„
     got: جزایر مارشال
 ; [cca2=MH].translations.per.official
Expected: Ø¬Ù…Ù‡ÙˆØ±ÛŒ Ø¬Ø²Ø§ÛŒØ± Ù…Ø§Ø±Ø´Ø§Ù„
     got: جمهوری جزایر مارشال
 ; [cca2=MH].translations.por.official
Expected: RepÃºblica das Ilhas Marshall
     got: República das Ilhas Marshall
 ; [cca2=MH].translations.rus.common
Expected: ÐœÐ°Ñ€ÑˆÐ°Ð»Ð»Ð¾Ð²Ñ‹ ÐžÑ�Ñ‚Ñ€Ð¾Ð²Ð°
     got: Маршалловы Острова
 ; [cca2=MH].translations.rus.official
Expected: Ð ÐµÑ�Ð¿ÑƒÐ±Ð»Ð¸ÐºÐ° ÐœÐ°Ñ€ÑˆÐ°Ð»Ð»Ð¾Ð²Ñ‹ Ð¾Ñ�Ñ‚Ñ€Ð¾Ð²Ð°
     got: Республика Маршалловы острова
 ; [cca2=MH].translations.slk.official
Expected: Republika MarshallovÃ½ch ostrovov
     got: Republika Marshallových ostrovov
 ; [cca2=MH].translations.spa.official
Expected: RepÃºblica de las Islas Marshall
     got: República de las Islas Marshall
 ; [cca2=MH].translations.srp.common
Expected: ÐœÐ°Ñ€ÑˆÐ°Ð»Ñ�ÐºÐ° ÐžÑ�Ñ‚Ñ€Ð²Ð°
     got: Маршалска Острва
 ; [cca2=MH].translations.srp.official
Expected: Ð ÐµÐ¿ÑƒÐ±Ð»Ð¸ÐºÐ° ÐœÐ°Ñ€ÑˆÐ°Ð»Ñ�ÐºÐ° ÐžÑ�Ñ‚Ñ€Ð²Ð°
     got: Република Маршалска Острва
 ; [cca2=MH].translations.swe.common
Expected: MarshallÃ¶arna
     got: Marshallöarna
 ; [cca2=MH].translations.swe.official
Expected: Republiken MarshallÃ¶arna
     got: Republiken Marshallöarna
 ; [cca2=MH].translations.tur.common
Expected: Marshall AdalarÄ±
     got: Marshall Adaları
 ; [cca2=MH].translations.tur.official
Expected: Marshall AdalarÄ± Cumhuriyeti
     got: Marshall Adaları Cumhuriyeti
 ; [cca2=MH].translations.urd.common
Expected: Ø¬Ø²Ø§Ø¦Ø± Ù…Ø§Ø±Ø´Ù„
     got: جزائر مارشل
 ; [cca2=MH].translations.urd.official
Expected: Ø¬Ù…Û�ÙˆØ±ÛŒÛ� Ø¬Ø²Ø§Ø¦Ø± Ù…Ø§Ø±Ø´Ù„
     got: جمہوریہ جزائر مارشل
 ; [cca2=MH].translations.zho.common
Expected: é©¬ç»�å°”ç¾¤å²›
     got: 马绍尔群岛
 ; [cca2=MH].translations.zho.official
Expected: é©¬ç»�å°”ç¾¤å²›å…±å’Œå›½
     got: 马绍尔群岛共和国
 ; [cca2=MK].altSpellings[]
Expected: Ð ÐµÐ¿ÑƒÐ±Ð»Ð¸ÐºÐ° Ð¡ÐµÐ²ÐµÑ€Ð½Ð° ÐœÐ°ÐºÐµÐ´Ð¾Ð½Ð¸Ñ˜Ð°
     but none found
 ; [cca2=MK].altSpellings[]
Unexpected: Република Северна Македонија
 ; [cca2=MK].demonyms.fra.f
Expected: MacÃ©donienne
     got: Macédonienne
 ; [cca2=MK].demonyms.fra.m
Expected: MacÃ©donien
     got: Macédonien
 ; [cca2=MK].flag
Expected: ðŸ‡²ðŸ‡°
     got: 🇲🇰
 ; [cca2=MK].name.nativeName.mkd.common
Expected: ÐœÐ°ÐºÐµÐ´Ð¾Ð½Ð¸Ñ˜Ð°
     got: Македонија
 ; [cca2=MK].name.nativeName.mkd.official
Expected: Ð ÐµÐ¿ÑƒÐ±Ð»Ð¸ÐºÐ° Ð¡ÐµÐ²ÐµÑ€Ð½Ð° ÐœÐ°ÐºÐµÐ´Ð¾Ð½Ð¸Ñ˜Ð°
     got: Република Северна Македонија
 ; [cca2=MK].translations.ara.common
Expected: Ø´Ù…Ø§Ù„ Ù…Ù‚Ø¯ÙˆÙ†ÙŠØ§
     got: شمال مقدونيا
 ; [cca2=MK].translations.ara.official
Expected: Ø¬Ù…Ù‡ÙˆØ±ÙŠØ© Ø´Ù…Ø§Ù„ Ù…Ù‚Ø¯ÙˆÙ†ÙŠØ§
     got: جمهورية شمال مقدونيا
 ; [cca2=MK].translations.ces.common
Expected: SevernÃ­ Makedonie
     got: Severní Makedonie
 ; [cca2=MK].translations.ces.official
Expected: Republika SevernÃ­ Makedonie
     got: Republika Severní Makedonie
 ; [cca2=MK].translations.est.common
Expected: PÃµhja-Makedoonia
     got: Põhja-Makedoonia
 ; [cca2=MK].translations.est.official
Expected: PÃµhja-Makedoonia Vabariik
     got: Põhja-Makedoonia Vabariik
 ; [cca2=MK].translations.fra.common
Expected: MacÃ©doine du Nord
     got: Macédoine du Nord
 ; [cca2=MK].translations.fra.official
Expected: RÃ©publique de MacÃ©doine du Nord
     got: République de Macédoine du Nord
 ; [cca2=MK].translations.hun.common
Expected: Ã‰szak-MacedÃ³nia
     got: Észak-Macedónia
 ; [cca2=MK].translations.hun.official
Expected: Ã‰szak-macedÃ³n KÃ¶ztÃ¡rsasÃ¡g
     got: Észak-macedón Köztársaság
 ; [cca2=MK].translations.jpn.common
Expected: åŒ—ãƒžã‚±ãƒ‰ãƒ‹ã‚¢ 
     got: 北マケドニア 
 ; [cca2=MK].translations.jpn.official
Expected: åŒ—ãƒžã‚±ãƒ‰ãƒ‹ã‚¢å…±å’Œå›½
     got: 北マケドニア共和国
 ; [cca2=MK].translations.kor.common
Expected: ë¶�ë§ˆì¼€ë�„ë‹ˆì•„
     got: 북마케도니아
 ; [cca2=MK].translations.kor.official
Expected: ë¶�ë§ˆì¼€ë�„ë‹ˆì•„ ê³µí™”êµ­
     got: 북마케도니아 공화국
 ; [cca2=MK].translations.nld.common
Expected: Noord-MacedoniÃ«
     got: Noord-Macedonië
 ; [cca2=MK].translations.nld.official
Expected: Republiek Noord-MacedoniÃ«
     got: Republiek Noord-Macedonië
 ; [cca2=MK].translations.per.common
Expected: Ù…Ù‚Ø¯ÙˆÙ†ÛŒÙ‡ Ø´Ù…Ø§Ù„ÛŒ
     got: مقدونیه شمالی
 ; [cca2=MK].translations.per.official
Expected: Ø¬Ù…Ù‡ÙˆØ±ÛŒ Ù…Ù‚Ø¯ÙˆÙ†ÛŒÙ‡ Ø´Ù…Ø§Ù„ÛŒ
     got: جمهوری مقدونیه شمالی
 ; [cca2=MK].translations.pol.common
Expected: Macedonia PÃ³Å‚nocna
     got: Macedonia Północna
 ; [cca2=MK].translations.pol.official
Expected: Republika Macedonii PÃ³Å‚nocnej
     got: Republika Macedonii Północnej
 ; [cca2=MK].translations.por.common
Expected: MacedÃ³nia do Norte
     got: Macedónia do Norte
 ; [cca2=MK].translations.por.official
Expected: RepÃºblica da MacedÃ´nia do Norte
     got: República da Macedônia do Norte
 ; [cca2=MK].translations.rus.common
Expected: Ð¡ÐµÐ²ÐµÑ€Ð½Ð°Ñ� ÐœÐ°ÐºÐµÐ´Ð¾Ð½Ð¸Ñ�
     got: Северная Македония
 ; [cca2=MK].translations.rus.official
Expected: Ð ÐµÑ�Ð¿ÑƒÐ±Ð»Ð¸ÐºÐ° Ð¡ÐµÐ²ÐµÑ€Ð½Ð°Ñ� ÐœÐ°ÐºÐµÐ´Ð¾Ð½Ð¸Ñ�
     got: Республика Северная Македония
 ; [cca2=MK].translations.slk.common
Expected: SevernÃ© MacedÃ³nsko
     got: Severné Macedónsko
 ; [cca2=MK].translations.slk.official
Expected: SeveromacedÃ³nska republika
     got: Severomacedónska republika
 ; [cca2=MK].translations.spa.official
Expected: RepÃºblica de Macedonia del Norte
     got: República de Macedonia del Norte
 ; [cca2=MK].translations.srp.common
Expected: Ð¡ÐµÐ²ÐµÑ€Ð½Ð° ÐœÐ°ÐºÐµÐ´Ð¾Ð½Ð¸Ñ˜Ð°
     got: Северна Македонија
 ; [cca2=MK].translations.srp.official
Expected: Ð ÐµÐ¿ÑƒÐ±Ð»Ð¸ÐºÐ° Ð¡ÐµÐ²ÐµÑ€Ð½Ð° ÐœÐ°ÐºÐµÐ´Ð¾Ð½Ð¸Ñ˜Ð°
     got: Република Северна Македонија
 ; [cca2=MK].translations.urd.common
Expected: Ø´Ù…Ø§Ù„ÛŒ Ù…Ù‚Ø¯ÙˆÙ†ÛŒÛ�
     got: شمالی مقدونیہ
 ; [cca2=MK].translations.urd.official
Expected: Ø¬Ù…Û�ÙˆØ±ÛŒÛ� Ù…Ù‚Ø¯ÙˆÙ†ÛŒÛ�
     got: جمہوریہ مقدونیہ
 ; [cca2=MK].translations.zho.common
Expected: åŒ—é¦¬å…¶é “
     got: 北馬其頓
 ; [cca2=MK].translations.zho.official
Expected: åŒ—é¦¬å…¶é “å…±å’Œåœ‹
     got: 北馬其頓共和國
 ; [cca2=ML].altSpellings[]
Expected: RÃ©publique du Mali
     but none found
 ; [cca2=ML].altSpellings[]
Unexpected: République du Mali
 ; [cca2=ML].flag
Expected: ðŸ‡²ðŸ‡±
     got: 🇲🇱
 ; [cca2=ML].name.nativeName.fra.official
Expected: RÃ©publique du Mali
     got: République du Mali
 ; [cca2=ML].translations.ara.common
Expected: Ù…Ø§Ù„ÙŠ
     got: مالي
 ; [cca2=ML].translations.ara.official
Expected: Ø¬Ù…Ù‡ÙˆØ±ÙŠØ© Ù…Ø§Ù„ÙŠ
     got: جمهورية مالي
 ; [cca2=ML].translations.fra.official
Expected: RÃ©publique du Mali
     got: République du Mali
 ; [cca2=ML].translations.hun.official
Expected: Mali KÃ¶ztÃ¡rsasÃ¡g
     got: Mali Köztársaság
 ; [cca2=ML].translations.jpn.common
Expected: ãƒžãƒª
     got: マリ
 ; [cca2=ML].translations.jpn.official
Expected: ãƒžãƒªå…±å’Œå›½
     got: マリ共和国
 ; [cca2=ML].translations.kor.common
Expected: ë§�ë¦¬
     got: 말리
 ; [cca2=ML].translations.kor.official
Expected: ë§�ë¦¬ ê³µí™”êµ­
     got: 말리 공화국
 ; [cca2=ML].translations.per.common
Expected: Ù…Ø§Ù„ÛŒ
     got: مالی
 ; [cca2=ML].translations.per.official
Expected: Ø¬Ù…Ù‡ÙˆØ±ÛŒ Ù…Ø§Ù„ÛŒ
     got: جمهوری مالی
 ; [cca2=ML].translations.por.official
Expected: RepÃºblica do Mali
     got: República do Mali
 ; [cca2=ML].translations.rus.common
Expected: ÐœÐ°Ð»Ð¸
     got: Мали
 ; [cca2=ML].translations.rus.official
Expected: Ð ÐµÑ�Ð¿ÑƒÐ±Ð»Ð¸ÐºÐ° ÐœÐ°Ð»Ð¸
     got: Республика Мали
 ; [cca2=ML].translations.slk.official
Expected: MalijskÃ¡ republika
     got: Malijská republika
 ; [cca2=ML].translations.spa.official
Expected: RepÃºblica de MalÃ­
     got: República de Malí
 ; [cca2=ML].translations.srp.common
Expected: ÐœÐ°Ð»Ð¸
     got: Мали
 ; [cca2=ML].translations.srp.official
Expected: Ð ÐµÐ¿ÑƒÐ±Ð»Ð¸ÐºÐ° ÐœÐ°Ð»Ð¸
     got: Република Мали
 ; [cca2=ML].translations.urd.common
Expected: Ù…Ø§Ù„ÛŒ
     got: مالی
 ; [cca2=ML].translations.urd.official
Expected: Ø¬Ù…Û�ÙˆØ±ÛŒÛ� Ù…Ø§Ù„ÛŒ
     got: جمہوریہ مالی
 ; [cca2=ML].translations.zho.common
Expected: é©¬é‡Œ
     got: 马里
 ; [cca2=ML].translations.zho.official
Expected: é©¬é‡Œå…±å’Œå›½
     got: 马里共和国
 ; [cca2=MM].altSpellings[]
Expected: Pyidaunzu ThanmÄƒda MyÄƒma Nainngandaw
     but none found
 ; [cca2=MM].altSpellings[]
Unexpected: Pyidaunzu Thanmăda Myăma Nainngandaw
 ; [cca2=MM].flag
Expected: ðŸ‡²ðŸ‡²
     got: 🇲🇲
 ; [cca2=MM].name.nativeName.mya.common
Expected: á€™á€¼á€”á€ºá€™á€¬
     got: မြန်မာ
 ; [cca2=MM].name.nativeName.mya.official
Expected: á€•á€¼á€Šá€ºá€‘á€±á€¬á€„á€ºá€…á€¯ á€žá€™á€¹á€™á€� á€™á€¼á€”á€ºá€™á€¬á€”á€­á€¯á€„á€ºá€„á€¶á€�á€±á€¬á€º
     got: ပြည်ထောင်စု သမ္မတ မြန်မာနိုင်ငံတော်
 ; [cca2=MM].translations.ara.common
Expected: Ù…ÙŠØ§Ù†Ù…Ø§Ø±
     got: ميانمار
 ; [cca2=MM].translations.ara.official
Expected: Ø¬Ù…Ù‡ÙˆØ±ÙŠØ© Ø§ØªØ­Ø§Ø¯ Ù…ÙŠØ§Ù†Ù…Ø§Ø±
     got: جمهورية اتحاد ميانمار
 ; [cca2=MM].translations.ces.official
Expected: Republika MyanmarskÃ½ svaz
     got: Republika Myanmarský svaz
 ; [cca2=MM].translations.fra.official
Expected: RÃ©publique de l&apos;Union du Myanmar
     got: République de l&apos;Union du Myanmar
 ; [cca2=MM].translations.hun.official
Expected: Mianmari Ã�llamszÃ¶vetsÃ©g KÃ¶ztÃ¡rsasÃ¡ga
     got: Mianmari Államszövetség Köztársasága
 ; [cca2=MM].translations.jpn.common
Expected: ãƒŸãƒ£ãƒ³ãƒžãƒ¼
     got: ミャンマー
 ; [cca2=MM].translations.jpn.official
Expected: ãƒŸãƒ£ãƒ³ãƒžãƒ¼é€£é‚¦å…±å’Œå›½
     got: ミャンマー連邦共和国
 ; [cca2=MM].translations.kor.common
Expected: ë¯¸ì–€ë§ˆ
     got: 미얀마
 ; [cca2=MM].translations.kor.official
Expected: ë¯¸ì–€ë§ˆ ì—°ë°© ê³µí™”êµ­
     got: 미얀마 연방 공화국
 ; [cca2=MM].translations.per.common
Expected: Ù…ÛŒØ§Ù†Ù…Ø§Ø±
     got: میانمار
 ; [cca2=MM].translations.per.official
Expected: Ø§ØªØ­Ø§Ø¯ÛŒÙ‡ Ø¬Ù…Ù‡ÙˆØ±ÛŒ Ù…ÛŒØ§Ù†Ù…Ø§Ø±
     got: اتحادیه جمهوری میانمار
 ; [cca2=MM].translations.pol.official
Expected: Republika ZwiÄ…zku Mjanmy
     got: Republika Związku Mjanmy
 ; [cca2=MM].translations.por.official
Expected: RepÃºblica da UniÃ£o de Myanmar
     got: República da União de Myanmar
 ; [cca2=MM].translations.rus.common
Expected: ÐœÑŒÑ�Ð½Ð¼Ð°
     got: Мьянма
 ; [cca2=MM].translations.rus.official
Expected: Ð ÐµÑ�Ð¿ÑƒÐ±Ð»Ð¸ÐºÐ° Ð¡Ð¾ÑŽÐ·Ð° ÐœÑŒÑ�Ð½Ð¼Ð°
     got: Республика Союза Мьянма
 ; [cca2=MM].translations.slk.official
Expected: MjanmarskÃ¡ zvÃ¤zovÃ¡ republika
     got: Mjanmarská zväzová republika
 ; [cca2=MM].translations.spa.official
Expected: RepÃºblica de la UniÃ³n de Myanmar
     got: República de la Unión de Myanmar
 ; [cca2=MM].translations.srp.common
Expected: ÐœÑ˜Ð°Ð½Ð¼Ð°Ñ€
     got: Мјанмар
 ; [cca2=MM].translations.srp.official
Expected: Ð ÐµÐ¿ÑƒÐ±Ð»Ð¸ÐºÐ° Ð¡Ð°Ð²ÐµÐ· ÐœÑ˜Ð°Ð½Ð¼Ð°Ñ€Ð°
     got: Република Савез Мјанмара
 ; [cca2=MM].translations.tur.official
Expected: Myanmar BirliÄŸi Cumhuriyeti
     got: Myanmar Birliği Cumhuriyeti
 ; [cca2=MM].translations.urd.common
Expected: Ù…ÛŒØ§Ù†Ù…Ø§Ø±
     got: میانمار
 ; [cca2=MM].translations.urd.official
Expected: Ù…ØªØ­Ø¯Û� Ø¬Ù…Û�ÙˆØ±ÛŒÛ� Ù…ÛŒØ§Ù†Ù…Ø§Ø±
     got: متحدہ جمہوریہ میانمار
 ; [cca2=MM].translations.zho.common
Expected: ç¼…ç”¸
     got: 缅甸
 ; [cca2=MM].translations.zho.official
Expected: ç¼…ç”¸è�”é‚¦å…±å’Œå›½
     got: 缅甸联邦共和国
 ; [cca2=MN].currencies.MNT.name
Expected: Mongolian tÃ¶grÃ¶g
     got: Mongolian tögrög
 ; [cca2=MN].currencies.MNT.symbol
Expected: â‚®
     got: ₮
 ; [cca2=MN].flag
Expected: ðŸ‡²ðŸ‡³
     got: 🇲🇳
 ; [cca2=MN].flags.alt
Expected: The flag of Mongolia is composed of three equal vertical bands of red, blue and red, with the national emblem â€” the Soyombo â€” in gold centered in the hoist-side red band.
     got: The flag of Mongolia is composed of three equal vertical bands of red, blue and red, with the national emblem — the Soyombo — in gold centered in the hoist-side red band.
 ; [cca2=MN].name.nativeName.mon.common
Expected: ÐœÐ¾Ð½Ð³Ð¾Ð» ÑƒÐ»Ñ�
     got: Монгол улс
 ; [cca2=MN].name.nativeName.mon.official
Expected: ÐœÐ¾Ð½Ð³Ð¾Ð» ÑƒÐ»Ñ�
     got: Монгол улс
 ; [cca2=MN].translations.ara.common
Expected: Ù…Ù†ØºÙˆÙ„ÙŠØ§
     got: منغوليا
 ; [cca2=MN].translations.ara.official
Expected: Ø¬Ù…Ù‡ÙˆØ±ÙŠØ© Ù…Ù†ØºÙˆÙ„ÙŠØ§
     got: جمهورية منغوليا
 ; [cca2=MN].translations.ces.official
Expected: StÃ¡t Mongolsko
     got: Stát Mongolsko
 ; [cca2=MN].translations.hun.common
Expected: MongÃ³lia
     got: Mongólia
 ; [cca2=MN].translations.hun.official
Expected: MongÃ³lia
     got: Mongólia
 ; [cca2=MN].translations.jpn.common
Expected: ãƒ¢ãƒ³ã‚´ãƒ«
     got: モンゴル
 ; [cca2=MN].translations.jpn.official
Expected: ãƒ¢ãƒ³ã‚´ãƒ«
     got: モンゴル
 ; [cca2=MN].translations.kor.common
Expected: ëª½ê³¨êµ­
     got: 몽골국
 ; [cca2=MN].translations.kor.official
Expected: ëª½ê³¨
     got: 몽골
 ; [cca2=MN].translations.nld.common
Expected: MongoliÃ«
     got: Mongolië
 ; [cca2=MN].translations.nld.official
Expected: MongoliÃ«
     got: Mongolië
 ; [cca2=MN].translations.per.common
Expected: Ù…ØºÙˆÙ„Ø³ØªØ§Ù†
     got: مغولستان
 ; [cca2=MN].translations.per.official
Expected: Ù…ØºÙˆÙ„Ø³ØªØ§Ù†
     got: مغولستان
 ; [cca2=MN].translations.por.common
Expected: MongÃ³lia
     got: Mongólia
 ; [cca2=MN].translations.por.official
Expected: MongÃ³lia
     got: Mongólia
 ; [cca2=MN].translations.rus.common
Expected: ÐœÐ¾Ð½Ð³Ð¾Ð»Ð¸Ñ�
     got: Монголия
 ; [cca2=MN].translations.rus.official
Expected: ÐœÐ¾Ð½Ð³Ð¾Ð»Ð¸Ñ�
     got: Монголия
 ; [cca2=MN].translations.srp.common
Expected: ÐœÐ¾Ð½Ð³Ð¾Ð»Ð¸Ñ˜Ð°
     got: Монголија
 ; [cca2=MN].translations.srp.official
Expected: ÐœÐ¾Ð½Ð³Ð¾Ð»Ð¸Ñ˜Ð°
     got: Монголија
 ; [cca2=MN].translations.tur.common
Expected: MoÄŸolistan
     got: Moğolistan
 ; [cca2=MN].translations.tur.official
Expected: MoÄŸolistan
     got: Moğolistan
 ; [cca2=MN].translations.urd.common
Expected: Ù…Ù†Ú¯ÙˆÙ„ÛŒØ§
     got: منگولیا
 ; [cca2=MN].translations.urd.official
Expected: Ù…Ù†Ú¯ÙˆÙ„ÛŒØ§
     got: منگولیا
 ; [cca2=MN].translations.zho.common
Expected: è’™å�¤
     got: 蒙古
 ; [cca2=MN].translations.zho.official
Expected: è’™å�¤
     got: 蒙古
 ; [cca2=MO].altSpellings[]
Expected: æ¾³é—¨
     but none found
 ; [cca2=MO].altSpellings[]
Expected: ä¸­è�¯äººæ°‘å…±å’Œåœ‹æ¾³é–€ç‰¹åˆ¥è¡Œæ”¿å�€
     but none found
 ; [cca2=MO].altSpellings[]
Expected: RegiÃ£o Administrativa Especial de Macau da RepÃºblica Popular da China
     but none found
 ; [cca2=MO].altSpellings[]
Unexpected: 中華人民共和國澳門特別行政區
 ; [cca2=MO].altSpellings[]
Unexpected: 澳门
 ; [cca2=MO].altSpellings[]
Unexpected: Região Administrativa Especial de Macau da República Popular da China
 ; [cca2=MO].flag
Expected: ðŸ‡²ðŸ‡´
     got: 🇲🇴
 ; [cca2=MO].name.nativeName.por.official
Expected: RegiÃ£o Administrativa Especial de Macau da RepÃºblica Popular da China
     got: Região Administrativa Especial de Macau da República Popular da China
 ; [cca2=MO].name.nativeName.zho.common
Expected: æ¾³é—¨
     got: 澳门
 ; [cca2=MO].name.nativeName.zho.official
Expected: ä¸­å�Žäººæ°‘å…±å’Œå›½æ¾³é—¨ç‰¹åˆ«è¡Œæ”¿åŒº
     got: 中华人民共和国澳门特别行政区
 ; [cca2=MO].translations.ara.common
Expected: Ù…Ø§ÙƒØ§Ùˆ
     got: ماكاو
 ; [cca2=MO].translations.ara.official
Expected: Ù…Ù†Ø·Ù‚Ø© Ù…Ø§ÙƒØ§Ùˆ Ø§Ù„Ø¥Ø¯Ø§Ø±ÙŠØ© Ø§Ù„ØªØ§Ø¨Ø¹Ø© Ù„Ø¬Ù…Ù‡ÙˆØ±ÙŠØ© Ø§Ù„ØµÙŠÙ† Ø§Ù„Ø´Ø¹Ø¨ÙŠØ©
     got: منطقة ماكاو الإدارية التابعة لجمهورية الصين الشعبية
 ; [cca2=MO].translations.ces.official
Expected: ZvlÃ¡Å¡tnÃ­ sprÃ¡vnÃ­ oblast ÄŒÃ­nskÃ© lidovÃ© republiky Macao
     got: Zvláštní správní oblast Čínské lidové republiky Macao
 ; [cca2=MO].translations.fra.official
Expected: RÃ©gion administrative spÃ©ciale de Macao de la RÃ©publique populaire de Chine
     got: Région administrative spéciale de Macao de la République populaire de Chine
 ; [cca2=MO].translations.hrv.official
Expected: Makao Posebnog upravnog podruÄ�jaNarodne Republike Kine
     got: Makao Posebnog upravnog područjaNarodne Republike Kine
 ; [cca2=MO].translations.hun.common
Expected: MakaÃ³
     got: Makaó
 ; [cca2=MO].translations.hun.official
Expected: MakaÃ³
     got: Makaó
 ; [cca2=MO].translations.jpn.common
Expected: ãƒžã‚«ã‚ª
     got: マカオ
 ; [cca2=MO].translations.jpn.official
Expected: ä¸­è�¯äººæ°‘å…±å’Œå›½ãƒžã‚«ã‚ªç‰¹åˆ¥è¡Œæ”¿åŒº
     got: 中華人民共和国マカオ特別行政区
 ; [cca2=MO].translations.kor.common
Expected: ë§ˆì¹´ì˜¤
     got: 마카오
 ; [cca2=MO].translations.kor.official
Expected: ì¤‘í™”ì�¸ë¯¼ê³µí™”êµ­ ë§ˆì¹´ì˜¤ íŠ¹ë³„í–‰ì •êµ¬
     got: 중화인민공화국 마카오 특별행정구
 ; [cca2=MO].translations.per.common
Expected: Ù…Ø§Ú©Ø§Ø¦Ùˆ
     got: ماکائو
 ; [cca2=MO].translations.per.official
Expected: Ù…Ø§Ú©Ø§Ø¦Ùˆ
     got: ماکائو
 ; [cca2=MO].translations.pol.official
Expected: Specjalny Region Administracyjny ChiÅ„skiej Republiki Ludowej Makau
     got: Specjalny Region Administracyjny Chińskiej Republiki Ludowej Makau
 ; [cca2=MO].translations.por.official
Expected: Macau RegiÃ£o Administrativa Especial da RepÃºblica Popular da China
     got: Macau Região Administrativa Especial da República Popular da China
 ; [cca2=MO].translations.rus.common
Expected: ÐœÐ°ÐºÐ°Ð¾
     got: Макао
 ; [cca2=MO].translations.rus.official
Expected: Ð¡Ð¿ÐµÑ†Ð¸Ð°Ð»ÑŒÐ½Ñ‹Ð¹ Ð°Ð´Ð¼Ð¸Ð½Ð¸Ñ�Ñ‚Ñ€Ð°Ñ‚Ð¸Ð²Ð½Ñ‹Ð¹ Ñ€Ð°Ð¹Ð¾Ð½ ÐœÐ°ÐºÐ°Ð¾ ÐšÐ¸Ñ‚Ð°Ð¹Ñ�ÐºÐ¾Ð¹ Ð�Ð°Ñ€Ð¾Ð´Ð½Ð¾Ð¹ Ð ÐµÑ�Ð¿ÑƒÐ±Ð»Ð¸ÐºÐ¸ ÐšÐ¸Ñ‚Ð°Ð¹
     got: Специальный административный район Макао Китайской Народной Республики Китай
 ; [cca2=MO].translations.slk.official
Expected: Macao, Å peciÃ lna administratÃ­vna oblasÅ¦
     got: Macao, Špeciàlna administratívna oblasŦ
 ; [cca2=MO].translations.spa.official
Expected: Macao, RegiÃ³n Administrativa Especial de la RepÃºblica Popular China
     got: Macao, Región Administrativa Especial de la República Popular China
 ; [cca2=MO].translations.srp.common
Expected: ÐœÐ°ÐºÐ°Ð¾
     got: Макао
 ; [cca2=MO].translations.srp.official
Expected: ÐœÐ°ÐºÐ°Ð¾ Ñ�Ð¿ÐµÑ†Ð¸Ñ˜Ð°Ð»Ð½Ð° Ð°Ð´Ð¼Ð¸Ð½Ð¸Ñ�Ñ‚Ñ€Ð°Ñ‚Ð¸Ð²Ð½Ð° Ð¾Ð±Ð»Ð°Ñ�Ñ‚ Ð�Ð°Ñ€Ð¾Ð´Ð½Ðµ Ð ÐµÐ¿ÑƒÐ±Ð»Ð¸ÐºÐµ ÐšÐ¸Ð½Ðµ
     got: Макао специјална административна област Народне Републике Кине
 ; [cca2=MO].translations.tur.official
Expected: Ã‡in Halk Cumhuriyeti Makao Ã–zel Ä°dari BÃ¶lgesi
     got: Çin Halk Cumhuriyeti Makao Özel İdari Bölgesi
 ; [cca2=MO].translations.urd.common
Expected: Ù…Ú©Ø§Ø¤
     got: مکاؤ
 ; [cca2=MO].translations.urd.official
Expected: Ù…Ú©Ø§Ø¤ Ø¹ÙˆØ§Ù…ÛŒ Ø¬Ù…Û�ÙˆØ±ÛŒÛ� Ú†ÛŒÙ† Ú©Ø§ Ø®ØµÙˆØµÛŒ Ø§Ù†ØªØ¸Ø§Ù…ÛŒ Ø¹Ù„Ø§Ù‚Û�
     got: مکاؤ عوامی جمہوریہ چین کا خصوصی انتظامی علاقہ
 ; [cca2=MP].altSpellings[]
Expected: Sankattan Siha Na Islas MariÃ¥nas
     but none found
 ; [cca2=MP].altSpellings[]
Unexpected: Sankattan Siha Na Islas Mariånas
 ; [cca2=MP].demonyms.fra.f
Expected: AmÃ©ricaine
     got: Américaine
 ; [cca2=MP].demonyms.fra.m
Expected: AmÃ©rican
     got: Américan
 ; [cca2=MP].flag
Expected: ðŸ‡²ðŸ‡µ
     got: 🇲🇵
 ; [cca2=MP].name.nativeName.cha.common
Expected: Na Islas MariÃ¥nas
     got: Na Islas Mariånas
 ; [cca2=MP].name.nativeName.cha.official
Expected: Sankattan Siha Na Islas MariÃ¥nas
     got: Sankattan Siha Na Islas Mariånas
 ; [cca2=MP].translations.ara.common
Expected: Ø¬Ø²Ø± Ù…Ø§Ø±ÙŠØ§Ù†Ø§ Ø§Ù„Ø´Ù…Ø§Ù„ÙŠØ©
     got: جزر ماريانا الشمالية
 ; [cca2=MP].translations.ara.official
Expected: ÙƒÙˆÙ…ÙˆÙ†ÙˆÙ„Ø« Ø¬Ø²Ø± Ù…Ø§Ø±ÙŠØ§Ù†Ø§ Ø§Ù„Ø´Ù…Ø§Ù„ÙŠØ©
     got: كومونولث جزر ماريانا الشمالية
 ; [cca2=MP].translations.ces.common
Expected: SevernÃ­ Mariany
     got: Severní Mariany
 ; [cca2=MP].translations.ces.official
Expected: SpoleÄ�enstvÃ­ SevernÃ­ch Marian
     got: Společenství Severních Marian
 ; [cca2=MP].translations.deu.common
Expected: NÃ¶rdliche Marianen
     got: Nördliche Marianen
 ; [cca2=MP].translations.deu.official
Expected: Commonwealth der NÃ¶rdlichen Marianen
     got: Commonwealth der Nördlichen Marianen
 ; [cca2=MP].translations.est.common
Expected: PÃµhja-Mariaanid
     got: Põhja-Mariaanid
 ; [cca2=MP].translations.est.official
Expected: PÃµhja-Mariaani Ãœhendus
     got: Põhja-Mariaani Ühendus
 ; [cca2=MP].translations.fra.common
Expected: ÃŽles Mariannes du Nord
     got: Îles Mariannes du Nord
 ; [cca2=MP].translations.fra.official
Expected: Commonwealth des Ã®les Mariannes du Nord
     got: Commonwealth des îles Mariannes du Nord
 ; [cca2=MP].translations.hun.common
Expected: Ã‰szaki-Mariana-szigetek
     got: Északi-Mariana-szigetek
 ; [cca2=MP].translations.hun.official
Expected: Ã‰szaki-Mariana-szigetek
     got: Északi-Mariana-szigetek
 ; [cca2=MP].translations.jpn.common
Expected: åŒ—ãƒžãƒªã‚¢ãƒŠè«¸å³¶
     got: 北マリアナ諸島
 ; [cca2=MP].translations.jpn.official
Expected: åŒ—ãƒžãƒªã‚¢ãƒŠè«¸å³¶
     got: 北マリアナ諸島
 ; [cca2=MP].translations.kor.common
Expected: ë¶�ë§ˆë¦¬ì•„ë‚˜ ì œë�„
     got: 북마리아나 제도
 ; [cca2=MP].translations.kor.official
Expected: ë¶�ë§ˆë¦¬ì•„ë‚˜ ì œë�„
     got: 북마리아나 제도
 ; [cca2=MP].translations.per.common
Expected: Ø¬Ø²Ø§ÛŒØ± Ù…Ø§Ø±ÛŒØ§Ù†Ø§ÛŒ Ø´Ù…Ø§Ù„ÛŒ
     got: جزایر ماریانای شمالی
 ; [cca2=MP].translations.per.official
Expected: Ø¬Ø²Ø§ÛŒØ± Ù…Ø§Ø±ÛŒØ§Ù†Ø§ÛŒ Ø´Ù…Ø§Ù„ÛŒ
     got: جزایر ماریانای شمالی
 ; [cca2=MP].translations.pol.common
Expected: Mariany PÃ³Å‚nocne
     got: Mariany Północne
 ; [cca2=MP].translations.pol.official
Expected: WspÃ³lnota MarianÃ³w PÃ³Å‚nocnych
     got: Wspólnota Marianów Północnych
 ; [cca2=MP].translations.rus.common
Expected: Ð¡ÐµÐ²ÐµÑ€Ð½Ñ‹Ðµ ÐœÐ°Ñ€Ð¸Ð°Ð½Ñ�ÐºÐ¸Ðµ Ð¾Ñ�Ñ‚Ñ€Ð¾Ð²Ð°
     got: Северные Марианские острова
 ; [cca2=MP].translations.rus.official
Expected: Ð¡Ð¾Ð´Ñ€ÑƒÐ¶ÐµÑ�Ñ‚Ð²Ð¾ Ð¡ÐµÐ²ÐµÑ€Ð½Ñ‹Ñ… ÐœÐ°Ñ€Ð¸Ð°Ð½Ñ�ÐºÐ¸Ñ… Ð¾Ñ�Ñ‚Ñ€Ð¾Ð²Ð¾Ð²
     got: Содружество Северных Марианских островов
 ; [cca2=MP].translations.slk.common
Expected: SevernÃ© MariÃ¡ny
     got: Severné Mariány
 ; [cca2=MP].translations.slk.official
Expected: SpoloÄ�enstvo ostrovov SevernÃ© MariÃ¡ny
     got: Spoločenstvo ostrovov Severné Mariány
 ; [cca2=MP].translations.srp.common
Expected: Ð¡ÐµÐ²ÐµÑ€Ð½Ð° ÐœÐ°Ñ€Ð¸Ñ˜Ð°Ð½Ñ�ÐºÐ° ÐžÑ�Ñ‚Ñ€Ð²Ð°
     got: Северна Маријанска Острва
 ; [cca2=MP].translations.srp.official
Expected: ÐšÐ¾Ð¼Ð¾Ð½Ð²ÐµÐ»Ñ‚ Ð¡ÐµÐ²ÐµÑ€Ð½Ð° ÐœÐ°Ñ€Ð¸Ñ˜Ð°Ð½Ñ�ÐºÐ° ÐžÑ�Ñ‚Ñ€Ð²Ð°
     got: Комонвелт Северна Маријанска Острва
 ; [cca2=MP].translations.tur.common
Expected: Kuzey Mariana AdalarÄ±
     got: Kuzey Mariana Adaları
 ; [cca2=MP].translations.tur.official
Expected: Kuzey Mariana AdalarÄ± Milletler TopluluÄŸu
     got: Kuzey Mariana Adaları Milletler Topluluğu
 ; [cca2=MP].translations.urd.common
Expected: Ø¬Ø²Ø§Ø¦Ø± Ø´Ù…Ø§Ù„ÛŒ Ù…Ø§Ø±ÛŒØ§Ù†Ø§
     got: جزائر شمالی ماریانا
 ; [cca2=MP].translations.urd.official
Expected: Ø¯ÙˆÙ„ØªÙ� Ù…Ø´ØªØ±Ú©Û� Ø¬Ø²Ø§Ø¦Ø± Ø´Ù…Ø§Ù„ÛŒ Ù…Ø§Ø±ÛŒØ§Ù†Ø§
     got: دولتِ مشترکہ جزائر شمالی ماریانا
 ; [cca2=MP].translations.zho.common
Expected: åŒ—é©¬é‡Œäºšçº³ç¾¤å²›
     got: 北马里亚纳群岛
 ; [cca2=MP].translations.zho.official
Expected: åŒ—é©¬é‡Œäºšçº³ç¾¤å²›
     got: 北马里亚纳群岛
 ; [cca2=MQ].currencies.EUR.symbol
Expected: â‚¬
     got: €
 ; [cca2=MQ].flag
Expected: ðŸ‡²ðŸ‡¶
     got: 🇲🇶
 ; [cca2=MQ].translations.ara.common
Expected: Ù…Ø§Ø±ØªÙŠÙ†ÙŠÙƒ
     got: مارتينيك
 ; [cca2=MQ].translations.ara.official
Expected: Ù…Ø§Ø±ØªÙŠÙ†ÙŠÙƒ
     got: مارتينيك
 ; [cca2=MQ].translations.est.official
Expected: Martiniqueâ€™i departemang
     got: Martinique’i departemang
 ; [cca2=MQ].translations.jpn.common
Expected: ãƒžãƒ«ãƒ†ã‚£ãƒ‹ãƒ¼ã‚¯
     got: マルティニーク
 ; [cca2=MQ].translations.jpn.official
Expected: ãƒžãƒ«ãƒ†ã‚£ãƒ‹ãƒ¼ã‚¯å³¶
     got: マルティニーク島
 ; [cca2=MQ].translations.kor.common
Expected: ë§ˆë¥´í‹°ë‹ˆí�¬
     got: 마르티니크
 ; [cca2=MQ].translations.kor.official
Expected: ë§ˆë¥´í‹°ë‹ˆí�¬
     got: 마르티니크
 ; [cca2=MQ].translations.per.common
Expected: Ù…Ø§Ø±ØªÛŒÙ†ÛŒÚ©
     got: مارتینیک
 ; [cca2=MQ].translations.per.official
Expected: Ù…Ø§Ø±ØªÛŒÙ†ÛŒÚ©
     got: مارتینیک
 ; [cca2=MQ].translations.rus.common
Expected: ÐœÐ°Ñ€Ñ‚Ð¸Ð½Ð¸ÐºÐ°
     got: Мартиника
 ; [cca2=MQ].translations.rus.official
Expected: ÐœÐ°Ñ€Ñ‚Ð¸Ð½Ð¸ÐºÐ°
     got: Мартиника
 ; [cca2=MQ].translations.srp.common
Expected: ÐœÐ°Ñ€Ñ‚Ð¸Ð½Ð¸Ðº
     got: Мартиник
 ; [cca2=MQ].translations.srp.official
Expected: ÐœÐ°Ñ€Ñ‚Ð¸Ð½Ð¸Ðº
     got: Мартиник
 ; [cca2=MQ].translations.urd.common
Expected: Ù…Ø§Ø±Ù¹ÛŒÙ†ÛŒÚ©
     got: مارٹینیک
 ; [cca2=MQ].translations.urd.official
Expected: Ù…Ø§Ø±Ù¹ÛŒÙ†ÛŒÚ©
     got: مارٹینیک
 ; [cca2=MQ].translations.zho.common
Expected: é©¬æ��å°¼å…‹
     got: 马提尼克
 ; [cca2=MQ].translations.zho.official
Expected: é©¬æ��å°¼å…‹
     got: 马提尼克
 ; [cca2=MR].altSpellings[]
Expected: al-JumhÅ«riyyah al-Ê¾IslÄ�miyyah al-MÅ«rÄ«tÄ�niyyah
     but none found
 ; [cca2=MR].altSpellings[]
Unexpected: al-Jumhūriyyah al-ʾIslāmiyyah al-Mūrītāniyyah
 ; [cca2=MR].flag
Expected: ðŸ‡²ðŸ‡·
     got: 🇲🇷
 ; [cca2=MR].name.nativeName.ara.common
Expected: Ù…ÙˆØ±ÙŠØªØ§Ù†ÙŠØ§
     got: موريتانيا
 ; [cca2=MR].name.nativeName.ara.official
Expected: Ø§Ù„Ø¬Ù…Ù‡ÙˆØ±ÙŠØ© Ø§Ù„Ø¥Ø³Ù„Ø§Ù…ÙŠØ© Ø§Ù„Ù…ÙˆØ±ÙŠØªØ§Ù†ÙŠØ©
     got: الجمهورية الإسلامية الموريتانية
 ; [cca2=MR].translations.ara.common
Expected: Ù…ÙˆØ±ÙŠØªØ§Ù†ÙŠØ§
     got: موريتانيا
 ; [cca2=MR].translations.ara.official
Expected: Ø§Ù„Ø¬Ù…Ù‡ÙˆØ±ÙŠØ© Ø§Ù„Ø¥Ø³Ù„Ø§Ù…ÙŠØ© Ø§Ù„Ù…ÙˆØ±ÙŠØªØ§Ù†ÙŠØ©
     got: الجمهورية الإسلامية الموريتانية
 ; [cca2=MR].translations.ces.common
Expected: MauritÃ¡nie
     got: Mauritánie
 ; [cca2=MR].translations.ces.official
Expected: MauritÃ¡nskÃ¡ islÃ¡mskÃ¡ republika
     got: Mauritánská islámská republika
 ; [cca2=MR].translations.fra.official
Expected: RÃ©publique islamique de Mauritanie
     got: République islamique de Mauritanie
 ; [cca2=MR].translations.hun.common
Expected: MauritÃ¡nia
     got: Mauritánia
 ; [cca2=MR].translations.hun.official
Expected: MauritÃ¡niai IszlÃ¡m KÃ¶ztÃ¡rsasÃ¡g
     got: Mauritániai Iszlám Köztársaság
 ; [cca2=MR].translations.jpn.common
Expected: ãƒ¢ãƒ¼ãƒªã‚¿ãƒ‹ã‚¢
     got: モーリタニア
 ; [cca2=MR].translations.jpn.official
Expected: ãƒ¢ãƒ¼ãƒªã‚¿ãƒ‹ã‚¢Â·ã‚¤ã‚¹ãƒ©ãƒ å…±å’Œå›½
     got: モーリタニア·イスラム共和国
 ; [cca2=MR].translations.kor.common
Expected: ëª¨ë¦¬íƒ€ë‹ˆ
     got: 모리타니
 ; [cca2=MR].translations.kor.official
Expected: ëª¨ë¦¬íƒ€ë‹ˆ ì�´ìŠ¬ëžŒ ê³µí™”êµ­
     got: 모리타니 이슬람 공화국
 ; [cca2=MR].translations.nld.common
Expected: MauritaniÃ«
     got: Mauritanië
 ; [cca2=MR].translations.nld.official
Expected: Islamitische Republiek MauritaniÃ«
     got: Islamitische Republiek Mauritanië
 ; [cca2=MR].translations.per.common
Expected: Ù…ÙˆØ±ÛŒØªØ§Ù†ÛŒ
     got: موریتانی
 ; [cca2=MR].translations.per.official
Expected: Ø¬Ù…Ù‡ÙˆØ±ÛŒ Ø§Ø³Ù„Ø§Ù…ÛŒ Ù…ÙˆØ±ÛŒØªØ§Ù†ÛŒ
     got: جمهوری اسلامی موریتانی
 ; [cca2=MR].translations.pol.official
Expected: Islamska Republika MauretaÅ„ska
     got: Islamska Republika Mauretańska
 ; [cca2=MR].translations.por.common
Expected: MauritÃ¢nia
     got: Mauritânia
 ; [cca2=MR].translations.por.official
Expected: RepÃºblica IslÃ¢mica da MauritÃ¢nia
     got: República Islâmica da Mauritânia
 ; [cca2=MR].translations.rus.common
Expected: ÐœÐ°Ð²Ñ€Ð¸Ñ‚Ð°Ð½Ð¸Ñ�
     got: Мавритания
 ; [cca2=MR].translations.rus.official
Expected: Ð˜Ñ�Ð»Ð°Ð¼Ñ�ÐºÐ°Ñ� Ð ÐµÑ�Ð¿ÑƒÐ±Ð»Ð¸ÐºÐ° ÐœÐ°Ð²Ñ€Ð¸Ñ‚Ð°Ð½Ð¸Ñ�
     got: Исламская Республика Мавритания
 ; [cca2=MR].translations.slk.common
Expected: MauritÃ¡nia
     got: Mauritánia
 ; [cca2=MR].translations.slk.official
Expected: MauritÃ¡nska islamskÃ¡ republika
     got: Mauritánska islamská republika
 ; [cca2=MR].translations.spa.official
Expected: RepÃºblica IslÃ¡mica de Mauritania
     got: República Islámica de Mauritania
 ; [cca2=MR].translations.srp.common
Expected: ÐœÐ°ÑƒÑ€Ð¸Ñ‚Ð°Ð½Ð¸Ñ˜Ð°
     got: Мауританија
 ; [cca2=MR].translations.srp.official
Expected: Ð˜Ñ�Ð»Ð°Ð¼Ñ�ÐºÐ° Ð ÐµÐ¿ÑƒÐ±Ð»Ð¸ÐºÐ° ÐœÐ°ÑƒÑ€Ð¸Ñ‚Ð°Ð½Ð¸Ñ˜Ð°
     got: Исламска Република Мауританија
 ; [cca2=MR].translations.tur.official
Expected: Moritanya Ä°slam Cumhuriyeti
     got: Moritanya İslam Cumhuriyeti
 ; [cca2=MR].translations.urd.common
Expected: Ù…ÙˆØ±ÛŒØªØ§Ù†ÛŒÛ�
     got: موریتانیہ
 ; [cca2=MR].translations.urd.official
Expected: Ø§Ø³Ù„Ø§Ù…ÛŒ Ø¬Ù…Û�ÙˆØ±ÛŒÛ� Ù…ÙˆØ±ÛŒØªØ§Ù†ÛŒÛ�
     got: اسلامی جمہوریہ موریتانیہ
 ; [cca2=MR].translations.zho.common
Expected: æ¯›é‡Œå¡”å°¼äºš
     got: 毛里塔尼亚
 ; [cca2=MR].translations.zho.official
Expected: æ¯›é‡Œå¡”å°¼äºšä¼Šæ–¯å…°å…±å’Œå›½
     got: 毛里塔尼亚伊斯兰共和国
 ; [cca2=MS].flag
Expected: ðŸ‡²ðŸ‡¸
     got: 🇲🇸
 ; [cca2=MS].translations.ara.common
Expected: Ù…ÙˆÙ†ØªØ³Ø±Ø§Øª
     got: مونتسرات
 ; [cca2=MS].translations.ara.official
Expected: Ù…ÙˆÙ†ØªØ³Ø±Ø§Øª
     got: مونتسرات
 ; [cca2=MS].translations.jpn.common
Expected: ãƒ¢ãƒ³ãƒˆã‚»ãƒ©ãƒˆ
     got: モントセラト
 ; [cca2=MS].translations.jpn.official
Expected: ãƒ¢ãƒ³ãƒˆã‚»ãƒ©ãƒˆ
     got: モントセラト
 ; [cca2=MS].translations.kor.common
Expected: ëª¬íŠ¸ì„¸ëž«
     got: 몬트세랫
 ; [cca2=MS].translations.kor.official
Expected: ëª¬íŠ¸ì„¸ëž«
     got: 몬트세랫
 ; [cca2=MS].translations.per.common
Expected: Ù…ÙˆÙ†ØªØ³Ø±Ø§Øª
     got: مونتسرات
 ; [cca2=MS].translations.per.official
Expected: Ù…ÙˆÙ†ØªØ³Ø±Ø§Øª
     got: مونتسرات
 ; [cca2=MS].translations.rus.common
Expected: ÐœÐ¾Ð½Ñ‚Ñ�ÐµÑ€Ñ€Ð°Ñ‚
     got: Монтсеррат
 ; [cca2=MS].translations.rus.official
Expected: ÐœÐ¾Ð½Ñ‚Ñ�ÐµÑ€Ñ€Ð°Ñ‚
     got: Монтсеррат
 ; [cca2=MS].translations.srp.common
Expected: ÐœÐ¾Ð½Ñ‚Ñ�ÐµÑ€Ð°Ñ‚
     got: Монтсерат
 ; [cca2=MS].translations.srp.official
Expected: ÐœÐ¾Ð½Ñ‚Ñ�ÐµÑ€Ð°Ñ‚
     got: Монтсерат
 ; [cca2=MS].translations.urd.common
Expected: Ù…Ø§Ù†Ù¹Ø³Ø±ÛŒÙ¹
     got: مانٹسریٹ
 ; [cca2=MS].translations.urd.official
Expected: Ù…Ø§Ù†Ù¹Ø³Ø±ÛŒÙ¹
     got: مانٹسریٹ
 ; [cca2=MS].translations.zho.common
Expected: è’™ç‰¹å¡žæ‹‰ç‰¹
     got: 蒙特塞拉特
 ; [cca2=MS].translations.zho.official
Expected: è’™ç‰¹å¡žæ‹‰ç‰¹
     got: 蒙特塞拉特
 ; [cca2=MT].currencies.EUR.symbol
Expected: â‚¬
     got: €
 ; [cca2=MT].flag
Expected: ðŸ‡²ðŸ‡¹
     got: 🇲🇹
 ; [cca2=MT].translations.ara.common
Expected: Ù…Ø§Ù„Ø·Ø§
     got: مالطا
 ; [cca2=MT].translations.ara.official
Expected: Ø¬Ù…Ù‡ÙˆØ±ÙŠØ© Ù…Ø§Ù„Ø·Ø§
     got: جمهورية مالطا
 ; [cca2=MT].translations.ces.official
Expected: MaltskÃ¡ republika
     got: Maltská republika
 ; [cca2=MT].translations.fra.official
Expected: RÃ©publique de Malte
     got: République de Malte
 ; [cca2=MT].translations.hun.common
Expected: MÃ¡lta
     got: Málta
 ; [cca2=MT].translations.hun.official
Expected: MÃ¡ltai KÃ¶ztÃ¡rsasÃ¡g
     got: Máltai Köztársaság
 ; [cca2=MT].translations.jpn.common
Expected: ãƒžãƒ«ã‚¿
     got: マルタ
 ; [cca2=MT].translations.jpn.official
Expected: ãƒžãƒ«ã‚¿å…±å’Œå›½
     got: マルタ共和国
 ; [cca2=MT].translations.kor.common
Expected: ëª°íƒ€
     got: 몰타
 ; [cca2=MT].translations.kor.official
Expected: ëª°íƒ€ ê³µí™”êµ­
     got: 몰타 공화국
 ; [cca2=MT].translations.per.common
Expected: Ù…Ø§Ù„Øª
     got: مالت
 ; [cca2=MT].translations.per.official
Expected: Ø¬Ù…Ù‡ÙˆØ±ÛŒ Ù…Ø§Ù„Øª
     got: جمهوری مالت
 ; [cca2=MT].translations.por.official
Expected: RepÃºblica de Malta
     got: República de Malta
 ; [cca2=MT].translations.rus.common
Expected: ÐœÐ°Ð»ÑŒÑ‚Ð°
     got: Мальта
 ; [cca2=MT].translations.rus.official
Expected: Ð ÐµÑ�Ð¿ÑƒÐ±Ð»Ð¸ÐºÐ° ÐœÐ°Ð»ÑŒÑ‚Ð°
     got: Республика Мальта
 ; [cca2=MT].translations.slk.official
Expected: MaltskÃ¡ republika
     got: Maltská republika
 ; [cca2=MT].translations.spa.official
Expected: RepÃºblica de Malta
     got: República de Malta
 ; [cca2=MT].translations.srp.common
Expected: ÐœÐ°Ð»Ñ‚Ð°
     got: Малта
 ; [cca2=MT].translations.srp.official
Expected:  Ð ÐµÐ¿ÑƒÐ±Ð»Ð¸ÐºÐ° ÐœÐ°Ð»Ñ‚Ð°
     got:  Република Малта
 ; [cca2=MT].translations.urd.common
Expected: Ù…Ø§Ù„Ù¹Ø§
     got: مالٹا
 ; [cca2=MT].translations.urd.official
Expected: Ø¬Ù…Û�ÙˆØ±ÛŒÛ� Ù…Ø§Ù„Ù¹Ø§
     got: جمہوریہ مالٹا
 ; [cca2=MT].translations.zho.common
Expected: é©¬è€³ä»–
     got: 马耳他
 ; [cca2=MT].translations.zho.official
Expected: é©¬è€³ä»–å…±å’Œå›½
     got: 马耳他共和国
 ; [cca2=MU].altSpellings[]
Expected: RÃ©publique de Maurice
     but none found
 ; [cca2=MU].altSpellings[]
Unexpected: République de Maurice
 ; [cca2=MU].currencies.MUR.symbol
Expected: â‚¨
     got: ₨
 ; [cca2=MU].flag
Expected: ðŸ‡²ðŸ‡º
     got: 🇲🇺
 ; [cca2=MU].name.nativeName.fra.official
Expected: RÃ©publique de Maurice
     got: République de Maurice
 ; [cca2=MU].translations.ara.common
Expected: Ù…ÙˆØ±ÙŠØ´ÙŠÙˆØ³
     got: موريشيوس
 ; [cca2=MU].translations.ara.official
Expected: Ø¬Ù…Ù‡ÙˆØ±ÙŠØ© Ù…ÙˆØ±ÙŠØ´ÙŠÙˆØ³
     got: جمهورية موريشيوس
 ; [cca2=MU].translations.ces.official
Expected: MauricijskÃ¡ republika
     got: Mauricijská republika
 ; [cca2=MU].translations.fra.common
Expected: ÃŽle Maurice
     got: Île Maurice
 ; [cca2=MU].translations.fra.official
Expected: RÃ©publique de Maurice
     got: République de Maurice
 ; [cca2=MU].translations.hun.official
Expected: Mauritiusi KÃ¶ztÃ¡rsasÃ¡g
     got: Mauritiusi Köztársaság
 ; [cca2=MU].translations.jpn.common
Expected: ãƒ¢ãƒ¼ãƒªã‚·ãƒ£ã‚¹
     got: モーリシャス
 ; [cca2=MU].translations.jpn.official
Expected: ãƒ¢ãƒ¼ãƒªã‚·ãƒ£ã‚¹å…±å’Œå›½
     got: モーリシャス共和国
 ; [cca2=MU].translations.kor.common
Expected: ëª¨ë¦¬ì…”ìŠ¤
     got: 모리셔스
 ; [cca2=MU].translations.kor.official
Expected: ëª¨ë¦¬ì…”ìŠ¤ ê³µí™”êµ­
     got: 모리셔스 공화국
 ; [cca2=MU].translations.per.common
Expected: Ù…ÙˆØ±ÛŒØ³
     got: موریس
 ; [cca2=MU].translations.per.official
Expected: Ø¬Ù…Ù‡ÙˆØ±ÛŒ Ù…ÙˆØ±ÛŒØ³
     got: جمهوری موریس
 ; [cca2=MU].translations.por.common
Expected: MaurÃ­cio
     got: Maurício
 ; [cca2=MU].translations.por.official
Expected: RepÃºblica das MaurÃ­cias
     got: República das Maurícias
 ; [cca2=MU].translations.rus.common
Expected: ÐœÐ°Ð²Ñ€Ð¸ÐºÐ¸Ð¹
     got: Маврикий
 ; [cca2=MU].translations.rus.official
Expected: Ð ÐµÑ�Ð¿ÑƒÐ±Ð»Ð¸ÐºÐ° ÐœÐ°Ð²Ñ€Ð¸ÐºÐ¸Ð¹
     got: Республика Маврикий
 ; [cca2=MU].translations.slk.common
Expected: MaurÃ­cius
     got: Maurícius
 ; [cca2=MU].translations.slk.official
Expected: MaurÃ­cijskÃ¡ republika
     got: Maurícijská republika
 ; [cca2=MU].translations.spa.official
Expected: RepÃºblica de Mauricio
     got: República de Mauricio
 ; [cca2=MU].translations.srp.common
Expected: ÐœÐ°ÑƒÑ€Ð¸Ñ†Ð¸Ñ˜ÑƒÑ�
     got: Маурицијус
 ; [cca2=MU].translations.srp.official
Expected: Ð ÐµÐ¿ÑƒÐ±Ð»Ð¸ÐºÐ° ÐœÐ°ÑƒÑ€Ð¸Ñ†Ð¸Ñ˜ÑƒÑ�
     got: Република Маурицијус
 ; [cca2=MU].translations.urd.common
Expected: Ù…ÙˆØ±ÛŒØ´Ø³
     got: موریشس
 ; [cca2=MU].translations.urd.official
Expected: Ø¬Ù…Û�ÙˆØ±ÛŒÛ� Ù…ÙˆØ±ÛŒØ´Ø³
     got: جمہوریہ موریشس
 ; [cca2=MU].translations.zho.common
Expected: æ¯›é‡Œæ±‚æ–¯
     got: 毛里求斯
 ; [cca2=MU].translations.zho.official
Expected: æ¯›é‡Œæ±‚æ–¯å…±å’Œå›½
     got: 毛里求斯共和国
 ; [cca2=MV].capital[]
Expected: MalÃ©
     but none found
 ; [cca2=MV].capital[]
Unexpected: Malé
 ; [cca2=MV].currencies.MVR.symbol
Expected: .Þƒ
     got: .ރ
 ; [cca2=MV].flag
Expected: ðŸ‡²ðŸ‡»
     got: 🇲🇻
 ; [cca2=MV].name.nativeName.div.common
Expected: Þ‹Þ¨ÞˆÞ¬Þ€Þ¨ÞƒÞ§Þ‡Þ°Þ–Þ­ÞŽÞ¬
     got: ދިވެހިރާއްޖޭގެ
 ; [cca2=MV].name.nativeName.div.official
Expected: Þ‹Þ¨ÞˆÞ¬Þ€Þ¨ÞƒÞ§Þ‡Þ°Þ–Þ­ÞŽÞ¬ Þ–ÞªÞ‰Þ°Þ€Þ«ÞƒÞ¨Þ‡Þ°Þ”Þ§
     got: ދިވެހިރާއްޖޭގެ ޖުމްހޫރިއްޔާ
 ; [cca2=MV].translations.ara.common
Expected: Ø§Ù„Ù…Ø§Ù„Ø¯ÙŠÙ�
     got: المالديف
 ; [cca2=MV].translations.ara.official
Expected: Ø¬Ù…Ù‡ÙˆØ±ÙŠØ© Ø§Ù„Ù…Ø§Ù„Ø¯ÙŠÙ�
     got: جمهورية المالديف
 ; [cca2=MV].translations.ces.official
Expected: MaledivskÃ¡ republika
     got: Maledivská republika
 ; [cca2=MV].translations.fra.official
Expected: RÃ©publique des Maldives
     got: République des Maldives
 ; [cca2=MV].translations.hun.common
Expected: MaldÃ­v-szigetek
     got: Maldív-szigetek
 ; [cca2=MV].translations.hun.official
Expected: MaldÃ­v-szigetek
     got: Maldív-szigetek
 ; [cca2=MV].translations.jpn.common
Expected: ãƒ¢ãƒ«ãƒ‡ã‚£ãƒ–
     got: モルディブ
 ; [cca2=MV].translations.jpn.official
Expected: ãƒ¢ãƒ«ãƒ‡ã‚£ãƒ–å…±å’Œå›½
     got: モルディブ共和国
 ; [cca2=MV].translations.kor.common
Expected: ëª°ë””ë¸Œ
     got: 몰디브
 ; [cca2=MV].translations.kor.official
Expected: ëª°ë””ë¸Œ ê³µí™”êµ­
     got: 몰디브 공화국
 ; [cca2=MV].translations.per.common
Expected: Ù…Ø§Ù„Ø¯ÛŒÙˆ
     got: مالدیو
 ; [cca2=MV].translations.per.official
Expected: Ø¬Ù…Ù‡ÙˆØ±ÛŒ Ù…Ø§Ù„Ø¯ÛŒÙˆ
     got: جمهوری مالدیو
 ; [cca2=MV].translations.pol.official
Expected: Republika MalediwÃ³w
     got: Republika Malediwów
 ; [cca2=MV].translations.por.official
Expected: RepÃºblica das Maldivas
     got: República das Maldivas
 ; [cca2=MV].translations.rus.common
Expected: ÐœÐ°Ð»ÑŒÐ´Ð¸Ð²Ñ‹
     got: Мальдивы
 ; [cca2=MV].translations.rus.official
Expected: Ð ÐµÑ�Ð¿ÑƒÐ±Ð»Ð¸ÐºÐ° ÐœÐ°Ð»ÑŒÐ´Ð¸Ð²Ñ‹
     got: Республика Мальдивы
 ; [cca2=MV].translations.slk.official
Expected: MaldivskÃ¡ republika
     got: Maldivská republika
 ; [cca2=MV].translations.spa.official
Expected: RepÃºblica de las Maldivas
     got: República de las Maldivas
 ; [cca2=MV].translations.srp.common
Expected: ÐœÐ°Ð»Ð´Ð¸Ð²Ð¸
     got: Малдиви
 ; [cca2=MV].translations.srp.official
Expected: ÐœÐ°Ð»Ð´Ð¸Ð²Ñ�ÐºÐ° Ð ÐµÐ¿ÑƒÐ±Ð»Ð¸ÐºÐ°
     got: Малдивска Република
 ; [cca2=MV].translations.urd.common
Expected: Ù…Ø§Ù„Ø¯ÛŒÙ¾
     got: مالدیپ
 ; [cca2=MV].translations.urd.official
Expected: Ø¬Ù…Û�ÙˆØ±ÛŒÛ� Ù…Ø§Ù„Ø¯ÛŒÙ¾
     got: جمہوریہ مالدیپ
 ; [cca2=MV].translations.zho.common
Expected: é©¬å°”ä»£å¤«
     got: 马尔代夫
 ; [cca2=MV].translations.zho.official
Expected: é©¬å°”ä»£å¤«å…±å’Œå›½
     got: 马尔代夫共和国
 ; [cca2=MW].flag
Expected: ðŸ‡²ðŸ‡¼
     got: 🇲🇼
 ; [cca2=MW].name.nativeName.nya.common
Expected: MalaÅµi
     got: Malaŵi
 ; [cca2=MW].name.nativeName.nya.official
Expected: Chalo cha Malawi, Dziko la MalaÅµi
     got: Chalo cha Malawi, Dziko la Malaŵi
 ; [cca2=MW].translations.ara.common
Expected: Ù…Ø§Ù„Ø§ÙˆÙŠ
     got: مالاوي
 ; [cca2=MW].translations.ara.official
Expected: Ø¬Ù…Ù‡ÙˆØ±ÙŠØ© Ù…Ø§Ù„Ø§ÙˆÙŠ
     got: جمهورية مالاوي
 ; [cca2=MW].translations.ces.official
Expected: MalawiskÃ¡ republika
     got: Malawiská republika
 ; [cca2=MW].translations.fra.official
Expected: RÃ©publique du Malawi
     got: République du Malawi
 ; [cca2=MW].translations.hun.official
Expected: Malawi KÃ¶ztÃ¡rsasÃ¡g
     got: Malawi Köztársaság
 ; [cca2=MW].translations.jpn.common
Expected: ãƒžãƒ©ã‚¦ã‚¤
     got: マラウイ
 ; [cca2=MW].translations.jpn.official
Expected: ãƒžãƒ©ã‚¦ã‚¤å…±å’Œå›½
     got: マラウイ共和国
 ; [cca2=MW].translations.kor.common
Expected: ë§�ë�¼ìœ„
     got: 말라위
 ; [cca2=MW].translations.kor.official
Expected: ë§�ë�¼ìœ„ ê³µí™”êµ­
     got: 말라위 공화국
 ; [cca2=MW].translations.per.common
Expected: Ù…Ø§Ù„Ø§ÙˆÛŒ
     got: مالاوی
 ; [cca2=MW].translations.per.official
Expected: Ø¬Ù…Ù‡ÙˆØ±ÛŒ Ù…Ø§Ù„Ø§ÙˆÛŒ
     got: جمهوری مالاوی
 ; [cca2=MW].translations.por.official
Expected: RepÃºblica do Malawi
     got: República do Malawi
 ; [cca2=MW].translations.rus.common
Expected: ÐœÐ°Ð»Ð°Ð²Ð¸
     got: Малави
 ; [cca2=MW].translations.rus.official
Expected: Ð ÐµÑ�Ð¿ÑƒÐ±Ð»Ð¸ÐºÐ° ÐœÐ°Ð»Ð°Ð²Ð¸
     got: Республика Малави
 ; [cca2=MW].translations.slk.official
Expected: MalawijskÃ¡ republika
     got: Malawijská republika
 ; [cca2=MW].translations.spa.official
Expected: RepÃºblica de Malawi
     got: República de Malawi
 ; [cca2=MW].translations.srp.common
Expected: ÐœÐ°Ð»Ð°Ð²Ð¸
     got: Малави
 ; [cca2=MW].translations.srp.official
Expected: Ð ÐµÐ¿ÑƒÐ±Ð»Ð¸ÐºÐ° ÐœÐ°Ð»Ð°Ð²Ð¸
     got: Република Малави
 ; [cca2=MW].translations.urd.common
Expected: Ù…Ù„Ø§ÙˆÛŒ
     got: ملاوی
 ; [cca2=MW].translations.urd.official
Expected: Ø¬Ù…Û�ÙˆØ±ÛŒÛ� Ù…Ù„Ø§ÙˆÛŒ
     got: جمہوریہ ملاوی
 ; [cca2=MW].translations.zho.common
Expected: é©¬æ‹‰ç»´
     got: 马拉维
 ; [cca2=MW].translations.zho.official
Expected: é©¬æ‹‰ç»´å…±å’Œå›½
     got: 马拉维共和国
 ; [cca2=MX].flag
Expected: ðŸ‡²ðŸ‡½
     got: 🇲🇽
 ; [cca2=MX].name.nativeName.spa.common
Expected: MÃ©xico
     got: México
 ; [cca2=MX].translations.ara.common
Expected: Ø§Ù„Ù…Ø³ÙƒÙŠÙƒ
     got: المسكيك
 ; [cca2=MX].translations.ara.official
Expected: Ø§Ù„ÙˆÙ„Ø§ÙŠØ§Øª Ø§Ù„Ù…ØªØ­Ø¯Ø© Ø§Ù„Ù…ÙƒØ³ÙŠÙƒÙŠØ©
     got: الولايات المتحدة المكسيكية
 ; [cca2=MX].translations.bre.official
Expected: StadoÃ¹-Unanet Mec&apos;hiko
     got: Stadoù-Unanet Mec&apos;hiko
 ; [cca2=MX].translations.ces.official
Expected: SpojenÃ© stÃ¡ty mexickÃ©
     got: Spojené státy mexické
 ; [cca2=MX].translations.est.official
Expected: Mehhiko Ãœhendriigid
     got: Mehhiko Ühendriigid
 ; [cca2=MX].translations.fra.official
Expected: Ã‰tats-Unis du Mexique
     got: États-Unis du Mexique
 ; [cca2=MX].translations.hrv.official
Expected: Sjedinjene MeksiÄ�ke DrÅ¾ave
     got: Sjedinjene Meksičke Države
 ; [cca2=MX].translations.hun.common
Expected: MexikÃ³
     got: Mexikó
 ; [cca2=MX].translations.hun.official
Expected: MexikÃ³i EgyesÃ¼lt Ã�llamok
     got: Mexikói Egyesült Államok
 ; [cca2=MX].translations.jpn.common
Expected: ãƒ¡ã‚­ã‚·ã‚³
     got: メキシコ
 ; [cca2=MX].translations.jpn.official
Expected: ãƒ¡ã‚­ã‚·ã‚³å�ˆè¡†å›½
     got: メキシコ合衆国
 ; [cca2=MX].translations.kor.common
Expected: ë©•ì‹œì½”
     got: 멕시코
 ; [cca2=MX].translations.kor.official
Expected: ë©•ì‹œì½” í•©ì¤‘êµ­
     got: 멕시코 합중국
 ; [cca2=MX].translations.per.common
Expected: Ù…Ú©Ø²ÛŒÚ©
     got: مکزیک
 ; [cca2=MX].translations.per.official
Expected: Ø§ÛŒØ§Ù„Ø§Øª Ù…ØªØ­Ø¯ Ù…Ú©Ø²ÛŒÚ©
     got: ایالات متحد مکزیک
 ; [cca2=MX].translations.pol.official
Expected: MeksykaÅ„skie Stany Zjednoczone
     got: Meksykańskie Stany Zjednoczone
 ; [cca2=MX].translations.por.common
Expected: MÃ©xico
     got: México
 ; [cca2=MX].translations.rus.common
Expected: ÐœÐµÐºÑ�Ð¸ÐºÐ°
     got: Мексика
 ; [cca2=MX].translations.rus.official
Expected: ÐœÐµÐºÑ�Ð¸ÐºÐ°Ð½Ñ�ÐºÐ¸Ðµ Ð¡Ð¾ÐµÐ´Ð¸Ð½Ñ‘Ð½Ð½Ñ‹Ðµ Ð¨Ñ‚Ð°Ñ‚Ñ‹
     got: Мексиканские Соединённые Штаты
 ; [cca2=MX].translations.slk.official
Expected: SpojenÃ© Å¡tÃ¡Å¡y mexickÃ©
     got: Spojené štášy mexické
 ; [cca2=MX].translations.spa.common
Expected: MÃ©xico
     got: México
 ; [cca2=MX].translations.srp.common
Expected: ÐœÐµÐºÑ�Ð¸ÐºÐ¾
     got: Мексико
 ; [cca2=MX].translations.srp.official
Expected: Ð¡Ñ˜ÐµÐ´Ð¸ÑšÐµÐ½Ðµ ÐœÐµÐºÑ�Ð¸Ñ‡ÐºÐµ Ð”Ñ€Ð¶Ð°Ð²Ðµ
     got: Сједињене Мексичке Државе
 ; [cca2=MX].translations.swe.official
Expected: Mexikos fÃ¶renta stater
     got: Mexikos förenta stater
 ; [cca2=MX].translations.tur.official
Expected: BirleÅŸik Meksika Devletleri
     got: Birleşik Meksika Devletleri
 ; [cca2=MX].translations.urd.common
Expected: Ù…ÛŒÚ©Ø³ÛŒÚ©Ùˆ
     got: میکسیکو
 ; [cca2=MX].translations.urd.official
Expected: Ø±ÛŒØ§Ø³ØªÛ�Ø§Ø¦Û’ Ù…ØªØ­Ø¯Û� Ù…ÛŒÚ©Ø³ÛŒÚ©Ùˆ
     got: ریاستہائے متحدہ میکسیکو
 ; [cca2=MX].translations.zho.common
Expected: å¢¨è¥¿å“¥
     got: 墨西哥
 ; [cca2=MX].translations.zho.official
Expected: å¢¨è¥¿å“¥å�ˆä¼—å›½
     got: 墨西哥合众国
 ; [cca2=MY].flag
Expected: ðŸ‡²ðŸ‡¾
     got: 🇲🇾
 ; [cca2=MY].name.nativeName.msa.common
Expected: Ù…Ù„ÙŠØ³ÙŠØ§
     got: مليسيا
 ; [cca2=MY].name.nativeName.msa.official
Expected: Ù…Ù„ÙŠØ³ÙŠØ§
     got: مليسيا
 ; [cca2=MY].translations.ara.common
Expected: Ù…Ø§Ù„ÙŠØ²ÙŠØ§
     got: ماليزيا
 ; [cca2=MY].translations.ara.official
Expected: Ù…Ø§Ù„ÙŠØ²ÙŠØ§
     got: ماليزيا
 ; [cca2=MY].translations.fra.official
Expected: FÃ©dÃ©ration de Malaisie
     got: Fédération de Malaisie
 ; [cca2=MY].translations.jpn.common
Expected: ãƒžãƒ¬ãƒ¼ã‚·ã‚¢
     got: マレーシア
 ; [cca2=MY].translations.jpn.official
Expected: ãƒžãƒ¬ãƒ¼ã‚·ã‚¢
     got: マレーシア
 ; [cca2=MY].translations.kor.common
Expected: ë§�ë ˆì�´ì‹œì•„
     got: 말레이시아
 ; [cca2=MY].translations.kor.official
Expected: ë§�ë ˆì�´ì‹œì•„
     got: 말레이시아
 ; [cca2=MY].translations.nld.common
Expected: MaleisiÃ«
     got: Maleisië
 ; [cca2=MY].translations.nld.official
Expected: MaleisiÃ«
     got: Maleisië
 ; [cca2=MY].translations.per.common
Expected: Ù…Ø§Ù„Ø²ÛŒ
     got: مالزی
 ; [cca2=MY].translations.per.official
Expected: Ù�Ø¯Ø±Ø§Ø³ÛŒÙˆÙ† Ù…Ø§Ù„Ø²ÛŒ
     got: فدراسیون مالزی
 ; [cca2=MY].translations.por.common
Expected: MalÃ¡sia
     got: Malásia
 ; [cca2=MY].translations.por.official
Expected: MalÃ¡sia
     got: Malásia
 ; [cca2=MY].translations.rus.common
Expected: ÐœÐ°Ð»Ð°Ð¹Ð·Ð¸Ñ�
     got: Малайзия
 ; [cca2=MY].translations.rus.official
Expected: ÐœÐ°Ð»Ð°Ð¹Ð·Ð¸Ñ�
     got: Малайзия
 ; [cca2=MY].translations.srp.common
Expected: ÐœÐ°Ð»ÐµÐ·Ð¸Ñ˜Ð°
     got: Малезија
 ; [cca2=MY].translations.srp.official
Expected: ÐœÐ°Ð»ÐµÐ·Ð¸Ñ˜Ð°
     got: Малезија
 ; [cca2=MY].translations.urd.common
Expected: Ù…Ù„Ø§Ø¦ÛŒØ´ÛŒØ§
     got: ملائیشیا
 ; [cca2=MY].translations.urd.official
Expected: Ù…Ù„Ø§Ø¦ÛŒØ´ÛŒØ§
     got: ملائیشیا
 ; [cca2=MY].translations.zho.common
Expected: é©¬æ�¥è¥¿äºš
     got: 马来西亚
 ; [cca2=MY].translations.zho.official
Expected: é©¬æ�¥è¥¿äºš
     got: 马来西亚
 ; [cca2=MZ].altSpellings[]
Expected: RepÃºblica de MoÃ§ambique
     but none found
 ; [cca2=MZ].altSpellings[]
Unexpected: República de Moçambique
 ; [cca2=MZ].flag
Expected: ðŸ‡²ðŸ‡¿
     got: 🇲🇿
 ; [cca2=MZ].name.nativeName.por.common
Expected: MoÃ§ambique
     got: Moçambique
 ; [cca2=MZ].name.nativeName.por.official
Expected: RepÃºblica de MoÃ§ambique
     got: República de Moçambique
 ; [cca2=MZ].translations.ara.common
Expected: Ù…ÙˆØ²Ù…Ø¨ÙŠÙ‚
     got: موزمبيق
 ; [cca2=MZ].translations.ara.official
Expected: Ø¬Ù…Ù‡ÙˆØ±ÙŠØ© Ù…ÙˆØ²Ù…Ø¨ÙŠÙ‚
     got: جمهورية موزمبيق
 ; [cca2=MZ].translations.ces.official
Expected: MosambickÃ¡ republika
     got: Mosambická republika
 ; [cca2=MZ].translations.fra.official
Expected: RÃ©publique du Mozambique
     got: République du Mozambique
 ; [cca2=MZ].translations.hun.official
Expected: Mozambiki KÃ¶ztÃ¡rsasÃ¡g
     got: Mozambiki Köztársaság
 ; [cca2=MZ].translations.jpn.common
Expected: ãƒ¢ã‚¶ãƒ³ãƒ“ãƒ¼ã‚¯
     got: モザンビーク
 ; [cca2=MZ].translations.jpn.official
Expected: ãƒ¢ã‚¶ãƒ³ãƒ“ãƒ¼ã‚¯å…±å’Œå›½
     got: モザンビーク共和国
 ; [cca2=MZ].translations.kor.common
Expected: ëª¨ìž ë¹„í�¬
     got: 모잠비크
 ; [cca2=MZ].translations.kor.official
Expected: ëª¨ìž ë¹„í�¬ ê³µí™”êµ­
     got: 모잠비크 공화국
 ; [cca2=MZ].translations.per.common
Expected: Ù…ÙˆØ²Ø§Ù…Ø¨ÛŒÚ©
     got: موزامبیک
 ; [cca2=MZ].translations.per.official
Expected: Ø¬Ù…Ù‡ÙˆØ±ÛŒ Ù…ÙˆØ²Ø§Ù…Ø¨ÛŒÚ©
     got: جمهوری موزامبیک
 ; [cca2=MZ].translations.por.common
Expected: MoÃ§ambique
     got: Moçambique
 ; [cca2=MZ].translations.por.official
Expected: RepÃºblica de MoÃ§ambique
     got: República de Moçambique
 ; [cca2=MZ].translations.rus.common
Expected: ÐœÐ¾Ð·Ð°Ð¼Ð±Ð¸Ðº
     got: Мозамбик
 ; [cca2=MZ].translations.rus.official
Expected: Ð ÐµÑ�Ð¿ÑƒÐ±Ð»Ð¸ÐºÐ° ÐœÐ¾Ð·Ð°Ð¼Ð±Ð¸Ðº
     got: Республика Мозамбик
 ; [cca2=MZ].translations.slk.official
Expected: MozambickÃ¡ republika
     got: Mozambická republika
 ; [cca2=MZ].translations.spa.official
Expected: RepÃºblica de Mozambique
     got: República de Mozambique
 ; [cca2=MZ].translations.srp.common
Expected: ÐœÐ¾Ð·Ð°Ð¼Ð±Ð¸Ðº
     got: Мозамбик
 ; [cca2=MZ].translations.srp.official
Expected: Ð ÐµÐ¿ÑƒÐ±Ð»Ð¸ÐºÐ° ÐœÐ¾Ð·Ð°Ð¼Ð±Ð¸Ðº
     got: Република Мозамбик
 ; [cca2=MZ].translations.swe.common
Expected: MoÃ§ambique
     got: Moçambique
 ; [cca2=MZ].translations.swe.official
Expected: Republiken MoÃ§ambique
     got: Republiken Moçambique
 ; [cca2=MZ].translations.urd.common
Expected: Ù…ÙˆØ²Ù…Ø¨ÛŒÙ‚
     got: موزمبیق
 ; [cca2=MZ].translations.urd.official
Expected: Ø¬Ù…Û�ÙˆØ±ÛŒÛ� Ù…ÙˆØ²Ù…Ø¨ÛŒÙ‚
     got: جمہوریہ موزمبیق
 ; [cca2=MZ].translations.zho.common
Expected: èŽ«æ¡‘æ¯”å…‹
     got: 莫桑比克
 ; [cca2=MZ].translations.zho.official
Expected: èŽ«æ¡‘æ¯”å…‹å…±å’Œå›½
     got: 莫桑比克共和国
 ; [cca2=NA].altSpellings[]
Expected: NamibiÃ«
     but none found
 ; [cca2=NA].altSpellings[]
Unexpected: Namibië
 ; [cca2=NA].flag
Expected: ðŸ‡³ðŸ‡¦
     got: 🇳🇦
 ; [cca2=NA].name.nativeName.afr.common
Expected: NamibiÃ«
     got: Namibië
 ; [cca2=NA].name.nativeName.afr.official
Expected: Republiek van NamibiÃ«
     got: Republiek van Namibië
 ; [cca2=NA].translations.ara.common
Expected: Ù†Ø§Ù…ÙŠØ¨ÙŠØ§
     got: ناميبيا
 ; [cca2=NA].translations.ara.official
Expected: Ø¬Ù…Ù‡ÙˆØ±ÙŠØ© Ù†Ø§Ù…ÙŠØ¨ÙŠØ§
     got: جمهورية ناميبيا
 ; [cca2=NA].translations.ces.official
Expected: NamibijskÃ¡ republika
     got: Namibijská republika
 ; [cca2=NA].translations.fra.official
Expected: RÃ©publique de Namibie
     got: République de Namibie
 ; [cca2=NA].translations.hun.common
Expected: NamÃ­bia
     got: Namíbia
 ; [cca2=NA].translations.hun.official
Expected: NamÃ­biai KÃ¶ztÃ¡rsasÃ¡g
     got: Namíbiai Köztársaság
 ; [cca2=NA].translations.jpn.common
Expected: ãƒŠãƒŸãƒ“ã‚¢
     got: ナミビア
 ; [cca2=NA].translations.jpn.official
Expected: ãƒŠãƒŸãƒ“ã‚¢å…±å’Œå›½
     got: ナミビア共和国
 ; [cca2=NA].translations.kor.common
Expected: ë‚˜ë¯¸ë¹„ì•„
     got: 나미비아
 ; [cca2=NA].translations.kor.official
Expected: ë‚˜ë¯¸ë¹„ì•„ ê³µí™”êµ­
     got: 나미비아 공화국
 ; [cca2=NA].translations.nld.common
Expected: NamibiÃ«
     got: Namibië
 ; [cca2=NA].translations.nld.official
Expected: Republiek NamibiÃ«
     got: Republiek Namibië
 ; [cca2=NA].translations.per.common
Expected: Ù†Ø§Ù…ÛŒØ¨ÛŒØ§
     got: نامیبیا
 ; [cca2=NA].translations.per.official
Expected: Ø¬Ù…Ù‡ÙˆØ±ÛŒ Ù†Ø§Ù…ÛŒØ¨ÛŒØ§
     got: جمهوری نامیبیا
 ; [cca2=NA].translations.por.common
Expected: NamÃ­bia
     got: Namíbia
 ; [cca2=NA].translations.por.official
Expected: RepÃºblica da NamÃ­bia
     got: República da Namíbia
 ; [cca2=NA].translations.rus.common
Expected: Ð�Ð°Ð¼Ð¸Ð±Ð¸Ñ�
     got: Намибия
 ; [cca2=NA].translations.rus.official
Expected: Ð ÐµÑ�Ð¿ÑƒÐ±Ð»Ð¸ÐºÐ° Ð�Ð°Ð¼Ð¸Ð±Ð¸Ñ�
     got: Республика Намибия
 ; [cca2=NA].translations.slk.common
Expected: NamÃ­bia
     got: Namíbia
 ; [cca2=NA].translations.slk.official
Expected: NamÃ­bijskÃ¡ republika
     got: Namíbijská republika
 ; [cca2=NA].translations.spa.official
Expected: RepÃºblica de Namibia
     got: República de Namibia
 ; [cca2=NA].translations.srp.common
Expected: Ð�Ð°Ð¼Ð¸Ð±Ð¸Ñ˜Ð°
     got: Намибија
 ; [cca2=NA].translations.srp.official
Expected: Ð ÐµÐ¿ÑƒÐ±Ð»Ð¸ÐºÐ° Ð�Ð°Ð¼Ð¸Ð±Ð¸Ñ˜Ð°
     got: Република Намибија
 ; [cca2=NA].translations.urd.common
Expected: Ù†Ù…ÛŒØ¨ÛŒØ§
     got: نمیبیا
 ; [cca2=NA].translations.urd.official
Expected: Ø¬Ù…Û�ÙˆØ±ÛŒÛ� Ù†Ù…ÛŒØ¨ÛŒØ§
     got: جمہوریہ نمیبیا
 ; [cca2=NA].translations.zho.common
Expected: çº³ç±³æ¯”äºš
     got: 纳米比亚
 ; [cca2=NA].translations.zho.official
Expected: çº³ç±³æ¯”äºšå…±å’Œå›½
     got: 纳米比亚共和国
 ; [cca2=NC].capital[]
Expected: NoumÃ©a
     but none found
 ; [cca2=NC].capital[]
Unexpected: Nouméa
 ; [cca2=NC].currencies.XPF.symbol
Expected: â‚£
     got: ₣
 ; [cca2=NC].demonyms.fra.f
Expected: NÃ©o-CalÃ©donienne
     got: Néo-Calédonienne
 ; [cca2=NC].demonyms.fra.m
Expected: NÃ©o-CalÃ©donien
     got: Néo-Calédonien
 ; [cca2=NC].flag
Expected: ðŸ‡³ðŸ‡¨
     got: 🇳🇨
 ; [cca2=NC].name.nativeName.fra.common
Expected: Nouvelle-CalÃ©donie
     got: Nouvelle-Calédonie
 ; [cca2=NC].name.nativeName.fra.official
Expected: Nouvelle-CalÃ©donie
     got: Nouvelle-Calédonie
 ; [cca2=NC].translations.ara.common
Expected: ÙƒØ§Ù„ÙŠØ¯ÙˆÙ†ÙŠØ§ Ø§Ù„Ø¬Ø¯ÙŠØ¯Ø©
     got: كاليدونيا الجديدة
 ; [cca2=NC].translations.ara.official
Expected: ÙƒØ§Ù„ÙŠØ¯ÙˆÙ†ÙŠØ§ Ø§Ù„Ø¬Ø¯ÙŠØ¯Ø©
     got: كاليدونيا الجديدة
 ; [cca2=NC].translations.ces.common
Expected: NovÃ¡ Kaledonie
     got: Nová Kaledonie
 ; [cca2=NC].translations.ces.official
Expected: NovÃ¡ Kaledonie
     got: Nová Kaledonie
 ; [cca2=NC].translations.fra.common
Expected: Nouvelle-CalÃ©donie
     got: Nouvelle-Calédonie
 ; [cca2=NC].translations.fra.official
Expected: Nouvelle-CalÃ©donie
     got: Nouvelle-Calédonie
 ; [cca2=NC].translations.hun.common
Expected: Ãšj-KaledÃ³nia
     got: Új-Kaledónia
 ; [cca2=NC].translations.hun.official
Expected: Ãšj-KaledÃ³nia
     got: Új-Kaledónia
 ; [cca2=NC].translations.jpn.common
Expected: ãƒ‹ãƒ¥ãƒ¼ã‚«ãƒ¬ãƒ‰ãƒ‹ã‚¢
     got: ニューカレドニア
 ; [cca2=NC].translations.jpn.official
Expected: ãƒ‹ãƒ¥ãƒ¼ã‚«ãƒ¬ãƒ‰ãƒ‹ã‚¢
     got: ニューカレドニア
 ; [cca2=NC].translations.kor.common
Expected: ëˆ„ë²¨ì¹¼ë ˆë�„ë‹ˆ
     got: 누벨칼레도니
 ; [cca2=NC].translations.kor.official
Expected: ëˆ„ë²¨ì¹¼ë ˆë�„ë‹ˆ
     got: 누벨칼레도니
 ; [cca2=NC].translations.nld.common
Expected: Nieuw-CaledoniÃ«
     got: Nieuw-Caledonië
 ; [cca2=NC].translations.nld.official
Expected: nieuw -CaledoniÃ«
     got: nieuw -Caledonië
 ; [cca2=NC].translations.per.common
Expected: Ú©Ø§Ù„Ø¯ÙˆÙ†ÛŒØ§ÛŒ Ø¬Ø¯ÛŒØ¯
     got: کالدونیای جدید
 ; [cca2=NC].translations.per.official
Expected: Ú©Ø§Ù„Ø¯ÙˆÙ†ÛŒØ§ÛŒ Ø¬Ø¯ÛŒØ¯
     got: کالدونیای جدید
 ; [cca2=NC].translations.por.common
Expected: Nova CaledÃ³nia
     got: Nova Caledónia
 ; [cca2=NC].translations.rus.common
Expected: Ð�Ð¾Ð²Ð°Ñ� ÐšÐ°Ð»ÐµÐ´Ð¾Ð½Ð¸Ñ�
     got: Новая Каледония
 ; [cca2=NC].translations.rus.official
Expected: Ð�Ð¾Ð²Ð°Ñ� ÐšÐ°Ð»ÐµÐ´Ð¾Ð½Ð¸Ñ�
     got: Новая Каледония
 ; [cca2=NC].translations.slk.common
Expected: NovÃ¡ KaledÃ³nia
     got: Nová Kaledónia
 ; [cca2=NC].translations.slk.official
Expected: NovÃ¡ KaledÃ³nia
     got: Nová Kaledónia
 ; [cca2=NC].translations.srp.common
Expected: Ð�Ð¾Ð²Ð° ÐšÐ°Ð»ÐµÐ´Ð¾Ð½Ð¸Ñ˜Ð°
     got: Нова Каледонија
 ; [cca2=NC].translations.srp.official
Expected: Ð�Ð¾Ð²Ð° ÐšÐ°Ð»ÐµÐ´Ð¾Ð½Ð¸Ñ˜Ð°
     got: Нова Каледонија
 ; [cca2=NC].translations.urd.common
Expected: Ù†ÛŒÙˆ Ú©ÛŒÙ„ÛŒÚˆÙˆÙ†ÛŒØ§
     got: نیو کیلیڈونیا
 ; [cca2=NC].translations.urd.official
Expected: Ù†ÛŒÙˆ Ú©ÛŒÙ„ÛŒÚˆÙˆÙ†ÛŒØ§
     got: نیو کیلیڈونیا
 ; [cca2=NC].translations.zho.common
Expected: æ–°å–€é‡Œå¤šå°¼äºš
     got: 新喀里多尼亚
 ; [cca2=NC].translations.zho.official
Expected: æ–°å–€é‡Œå¤šå°¼äºš
     got: 新喀里多尼亚
 ; [cca2=NE].demonyms.fra.f
Expected: NigÃ©rienne
     got: Nigérienne
 ; [cca2=NE].demonyms.fra.m
Expected: NigÃ©rien
     got: Nigérien
 ; [cca2=NE].flag
Expected: ðŸ‡³ðŸ‡ª
     got: 🇳🇪
 ; [cca2=NE].name.nativeName.fra.official
Expected: RÃ©publique du Niger
     got: République du Niger
 ; [cca2=NE].translations.ara.common
Expected: Ø§Ù„Ù†ÙŠØ¬Ø±
     got: النيجر
 ; [cca2=NE].translations.ara.official
Expected: Ø¬Ù…Ù‡ÙˆØ±ÙŠØ© Ø§Ù„Ù†ÙŠØ¬Ø±
     got: جمهورية النيجر
 ; [cca2=NE].translations.ces.official
Expected: NigerskÃ¡ republika
     got: Nigerská republika
 ; [cca2=NE].translations.fra.official
Expected: RÃ©publique du Niger
     got: République du Niger
 ; [cca2=NE].translations.hun.official
Expected: Nigeri KÃ¶ztÃ¡rsasÃ¡g
     got: Nigeri Köztársaság
 ; [cca2=NE].translations.jpn.common
Expected: ãƒ‹ã‚¸ã‚§ãƒ¼ãƒ«
     got: ニジェール
 ; [cca2=NE].translations.jpn.official
Expected: ãƒ‹ã‚¸ã‚§ãƒ¼ãƒ«å…±å’Œå›½
     got: ニジェール共和国
 ; [cca2=NE].translations.kor.common
Expected: ë‹ˆì œë¥´
     got: 니제르
 ; [cca2=NE].translations.kor.official
Expected: ë‹ˆì œë¥´ ê³µí™”êµ­
     got: 니제르 공화국
 ; [cca2=NE].translations.per.common
Expected: Ù†ÛŒØ¬Ø±
     got: نیجر
 ; [cca2=NE].translations.per.official
Expected: Ø¬Ù…Ù‡ÙˆØ±ÛŒ Ù†ÛŒØ¬Ø±
     got: جمهوری نیجر
 ; [cca2=NE].translations.por.common
Expected: NÃ­ger
     got: Níger
 ; [cca2=NE].translations.por.official
Expected: RepÃºblica do NÃ­ger
     got: República do Níger
 ; [cca2=NE].translations.rus.common
Expected: Ð�Ð¸Ð³ÐµÑ€
     got: Нигер
 ; [cca2=NE].translations.rus.official
Expected: Ð ÐµÑ�Ð¿ÑƒÐ±Ð»Ð¸ÐºÐ° Ð�Ð¸Ð³ÐµÑ€
     got: Республика Нигер
 ; [cca2=NE].translations.slk.official
Expected: NigÃ©rskÃ¡ republika
     got: Nigérská republika
 ; [cca2=NE].translations.spa.common
Expected: NÃ­ger
     got: Níger
 ; [cca2=NE].translations.spa.official
Expected: RepÃºblica de NÃ­ger
     got: República de Níger
 ; [cca2=NE].translations.srp.common
Expected: Ð�Ð¸Ð³ÐµÑ€
     got: Нигер
 ; [cca2=NE].translations.srp.official
Expected: Ð ÐµÐ¿ÑƒÐ±Ð»Ð¸ÐºÐ° Ð�Ð¸Ð³ÐµÑ€
     got: Република Нигер
 ; [cca2=NE].translations.urd.common
Expected: Ù†Ø§Ø¦Ø¬Ø±
     got: نائجر
 ; [cca2=NE].translations.urd.official
Expected: Ø¬Ù…Û�ÙˆØ±ÛŒÛ� Ù†Ø§Ø¦Ø¬Ø±
     got: جمہوریہ نائجر
 ; [cca2=NE].translations.zho.common
Expected: å°¼æ—¥å°”
     got: 尼日尔
 ; [cca2=NE].translations.zho.official
Expected: å°¼æ—¥å°”å…±å’Œå›½
     got: 尼日尔共和国
 ; [cca2=NF].flag
Expected: ðŸ‡³ðŸ‡«
     got: 🇳🇫
 ; [cca2=NF].translations.ara.common
Expected: Ø¬Ø²ÙŠØ±Ø© Ù†ÙˆØ±Ù�ÙˆÙ„Ùƒ
     got: جزيرة نورفولك
 ; [cca2=NF].translations.ara.official
Expected: Ø¥Ù‚Ù„ÙŠÙ… Ø¬Ø²ÙŠØ±Ø© Ù†ÙˆØ±Ù�ÙˆÙ„Ùƒ
     got: إقليم جزيرة نورفولك
 ; [cca2=NF].translations.fra.common
Expected: ÃŽle Norfolk
     got: Île Norfolk
 ; [cca2=NF].translations.fra.official
Expected: Territoire de l&apos;Ã®le Norfolk
     got: Territoire de l&apos;île Norfolk
 ; [cca2=NF].translations.jpn.common
Expected: ãƒŽãƒ¼ãƒ•ã‚©ãƒ¼ã‚¯å³¶
     got: ノーフォーク島
 ; [cca2=NF].translations.jpn.official
Expected: ãƒŽãƒ¼ãƒ•ã‚©ãƒ¼ã‚¯å³¶ã�®é ˜åœŸ
     got: ノーフォーク島の領土
 ; [cca2=NF].translations.kor.common
Expected: ë…¸í�½ ì„¬
     got: 노퍽 섬
 ; [cca2=NF].translations.kor.official
Expected: ë…¸í�½ ì„¬
     got: 노퍽 섬
 ; [cca2=NF].translations.per.common
Expected: Ø¬Ø²ÛŒØ±Ù‡ Ù†ÙˆØ±Ù�Ú©
     got: جزیره نورفک
 ; [cca2=NF].translations.per.official
Expected: Ù‚Ù„Ù…Ø±Ùˆ Ø¬Ø²Ø§ÛŒØ± Ù†ÙˆØ±Ù�Ú©
     got: قلمرو جزایر نورفک
 ; [cca2=NF].translations.por.official
Expected: TerritÃ³rio da Ilha Norfolk
     got: Território da Ilha Norfolk
 ; [cca2=NF].translations.rus.common
Expected: Ð�Ð¾Ñ€Ñ„Ð¾Ð»Ðº
     got: Норфолк
 ; [cca2=NF].translations.rus.official
Expected: Ð¢ÐµÑ€Ñ€Ð¸Ñ‚Ð¾Ñ€Ð¸Ñ� Ð¾Ñ�Ñ‚Ñ€Ð¾Ð²Ð° Ð�Ð¾Ñ€Ñ„Ð¾Ð»Ðº
     got: Территория острова Норфолк
 ; [cca2=NF].translations.slk.official
Expected: TeritÃ³rium ostrova Norfolk
     got: Teritórium ostrova Norfolk
 ; [cca2=NF].translations.srp.common
Expected: Ð�Ð¾Ñ€Ñ„Ð¾Ðº
     got: Норфок
 ; [cca2=NF].translations.srp.official
Expected: Ð¢ÐµÑ€Ð¸Ñ‚Ð¾Ñ€Ð¸Ñ˜Ð° ÐžÑ�Ñ‚Ñ€Ð²Ð° Ð�Ð¾Ñ€Ñ„Ð¾Ðº
     got: Територија Острва Норфок
 ; [cca2=NF].translations.swe.common
Expected: NorfolkÃ¶n
     got: Norfolkön
 ; [cca2=NF].translations.swe.official
Expected: NorfolkÃ¶n
     got: Norfolkön
 ; [cca2=NF].translations.tur.common
Expected: Norfolk AdasÄ±
     got: Norfolk Adası
 ; [cca2=NF].translations.tur.official
Expected: Norfolk AdasÄ±
     got: Norfolk Adası
 ; [cca2=NF].translations.urd.common
Expected: Ø¬Ø²ÛŒØ±Û� Ù†ÙˆØ±Ù�Ú©
     got: جزیرہ نورفک
 ; [cca2=NF].translations.urd.official
Expected: Ø¬Ø²ÛŒØ±Û� Ù†ÙˆØ±Ù�Ú© Ø®Ø·Û�
     got: جزیرہ نورفک خطہ
 ; [cca2=NF].translations.zho.common
Expected: è¯ºç¦�å…‹å²›
     got: 诺福克岛
 ; [cca2=NF].translations.zho.official
Expected: è¯ºç¦�å…‹å²›
     got: 诺福克岛
 ; [cca2=NG].altSpellings[]
Expected: NaÃ­jÃ­rÃ­Ã 
     but none found
 ; [cca2=NG].altSpellings[]
Unexpected: Naíjíríà
 ; [cca2=NG].currencies.NGN.symbol
Expected: â‚¦
     got: ₦
 ; [cca2=NG].demonyms.fra.f
Expected: NigÃ©riane
     got: Nigériane
 ; [cca2=NG].demonyms.fra.m
Expected: NigÃ©rian
     got: Nigérian
 ; [cca2=NG].flag
Expected: ðŸ‡³ðŸ‡¬
     got: 🇳🇬
 ; [cca2=NG].translations.ara.common
Expected: Ù†ÙŠØ¬ÙŠØ±ÙŠØ§
     got: نيجيريا
 ; [cca2=NG].translations.ara.official
Expected: Ø¬Ù…Ù‡ÙˆØ±ÙŠØ© Ù†ÙŠØ¬ÙŠØ±ÙŠØ§ Ø§Ù„Ø§ØªØ­Ø§Ø¯ÙŠØ©
     got: جمهورية نيجيريا الاتحادية
 ; [cca2=NG].translations.ces.common
Expected: NigÃ©rie
     got: Nigérie
 ; [cca2=NG].translations.ces.official
Expected: NigerijskÃ¡ federativnÃ­ republika
     got: Nigerijská federativní republika
 ; [cca2=NG].translations.fra.common
Expected: NigÃ©ria
     got: Nigéria
 ; [cca2=NG].translations.fra.official
Expected: RÃ©publique fÃ©dÃ©rale du Nigeria
     got: République fédérale du Nigeria
 ; [cca2=NG].translations.hun.common
Expected: NigÃ©ria
     got: Nigéria
 ; [cca2=NG].translations.hun.official
Expected: NigÃ©ria
     got: Nigéria
 ; [cca2=NG].translations.jpn.common
Expected: ãƒŠã‚¤ã‚¸ã‚§ãƒªã‚¢
     got: ナイジェリア
 ; [cca2=NG].translations.jpn.official
Expected: ãƒŠã‚¤ã‚¸ã‚§ãƒªã‚¢é€£é‚¦å…±å’Œå›½
     got: ナイジェリア連邦共和国
 ; [cca2=NG].translations.kor.common
Expected: ë‚˜ì�´ì§€ë¦¬ì•„
     got: 나이지리아
 ; [cca2=NG].translations.kor.official
Expected: ë‚˜ì�´ì§€ë¦¬ì•„ ì—°ë°© ê³µí™”êµ­
     got: 나이지리아 연방 공화국
 ; [cca2=NG].translations.per.common
Expected: Ù†ÛŒØ¬Ø±ÛŒÙ‡
     got: نیجریه
 ; [cca2=NG].translations.per.official
Expected: Ø¬Ù…Ù‡ÙˆØ±ÛŒ Ù�Ø¯Ø±Ø§Ù„ Ù†ÛŒØ¬Ø±ÛŒÙ‡
     got: جمهوری فدرال نیجریه
 ; [cca2=NG].translations.por.common
Expected: NigÃ©ria
     got: Nigéria
 ; [cca2=NG].translations.por.official
Expected: RepÃºblica Federal da NigÃ©ria
     got: República Federal da Nigéria
 ; [cca2=NG].translations.rus.common
Expected: Ð�Ð¸Ð³ÐµÑ€Ð¸Ñ�
     got: Нигерия
 ; [cca2=NG].translations.rus.official
Expected: Ð¤ÐµÐ´ÐµÑ€Ð°Ñ‚Ð¸Ð²Ð½Ð°Ñ� Ð ÐµÑ�Ð¿ÑƒÐ±Ð»Ð¸ÐºÐ° Ð�Ð¸Ð³ÐµÑ€Ð¸Ñ�
     got: Федеративная Республика Нигерия
 ; [cca2=NG].translations.slk.common
Expected: NigÃ©ria
     got: Nigéria
 ; [cca2=NG].translations.slk.official
Expected: NigÃ©rijskÃ¡ federatÃ­vna republika
     got: Nigérijská federatívna republika
 ; [cca2=NG].translations.spa.official
Expected: RepÃºblica Federal de Nigeria
     got: República Federal de Nigeria
 ; [cca2=NG].translations.srp.common
Expected: Ð�Ð¸Ð³ÐµÑ€Ð¸Ñ˜Ð° 
     got: Нигерија 
 ; [cca2=NG].translations.srp.official
Expected: Ð¡Ð°Ð²ÐµÐ·Ð½Ð° Ð ÐµÐ¿ÑƒÐ±Ð»Ð¸ÐºÐ° Ð�Ð¸Ð³ÐµÑ€Ð¸Ñ˜Ð°
     got: Савезна Република Нигерија
 ; [cca2=NG].translations.swe.official
Expected: FÃ¶rbundsrepubliken Nigeria
     got: Förbundsrepubliken Nigeria
 ; [cca2=NG].translations.urd.common
Expected: Ù†Ø§Ø¦Ø¬ÛŒØ±ÛŒØ§
     got: نائجیریا
 ; [cca2=NG].translations.urd.official
Expected: ÙˆÙ�Ø§Ù‚ÛŒ Ø¬Ù…Û�ÙˆØ±ÛŒÛ� Ù†Ø§Ø¦Ø¬ÛŒØ±ÛŒØ§
     got: وفاقی جمہوریہ نائجیریا
 ; [cca2=NG].translations.zho.common
Expected: å°¼æ—¥åˆ©äºš
     got: 尼日利亚
 ; [cca2=NG].translations.zho.official
Expected: å°¼æ—¥åˆ©äºšè�”é‚¦å…±å’Œå›½
     got: 尼日利亚联邦共和国
 ; [cca2=NI].altSpellings[]
Expected: RepÃºblica de Nicaragua
     but none found
 ; [cca2=NI].altSpellings[]
Unexpected: República de Nicaragua
 ; [cca2=NI].currencies.NIO.name
Expected: Nicaraguan cÃ³rdoba
     got: Nicaraguan córdoba
 ; [cca2=NI].flag
Expected: ðŸ‡³ðŸ‡®
     got: 🇳🇮
 ; [cca2=NI].name.nativeName.spa.official
Expected: RepÃºblica de Nicaragua
     got: República de Nicaragua
 ; [cca2=NI].translations.ara.common
Expected: Ù†ÙŠÙƒØ§Ø±Ø§ØºÙˆØ§
     got: نيكاراغوا
 ; [cca2=NI].translations.ara.official
Expected: Ø¬Ù…Ù‡ÙˆØ±ÙŠØ© Ù†ÙŠÙƒØ§Ø±Ø§ØºÙˆØ§
     got: جمهورية نيكاراغوا
 ; [cca2=NI].translations.fra.official
Expected: RÃ©publique du Nicaragua
     got: République du Nicaragua
 ; [cca2=NI].translations.hun.official
Expected: Nicaraguai KÃ¶ztÃ¡rsasÃ¡g
     got: Nicaraguai Köztársaság
 ; [cca2=NI].translations.jpn.common
Expected: ãƒ‹ã‚«ãƒ©ã‚°ã‚¢
     got: ニカラグア
 ; [cca2=NI].translations.jpn.official
Expected: ãƒ‹ã‚«ãƒ©ã‚°ã‚¢å…±å’Œå›½
     got: ニカラグア共和国
 ; [cca2=NI].translations.kor.common
Expected: ë‹ˆì¹´ë�¼ê³¼
     got: 니카라과
 ; [cca2=NI].translations.kor.official
Expected: ë‹ˆì¹´ë�¼ê³¼ ê³µí™”êµ­
     got: 니카라과 공화국
 ; [cca2=NI].translations.per.common
Expected: Ù†ÛŒÚ©Ø§Ø±Ø§Ú¯ÙˆØ¦Ù‡
     got: نیکاراگوئه
 ; [cca2=NI].translations.per.official
Expected: Ø¬Ù…Ù‡ÙˆØ±ÛŒ Ù†ÛŒÚ©Ø§Ø±Ø§Ú¯ÙˆØ¦Ù‡
     got: جمهوری نیکاراگوئه
 ; [cca2=NI].translations.por.common
Expected: NicarÃ¡gua
     got: Nicarágua
 ; [cca2=NI].translations.por.official
Expected: RepÃºblica da NicarÃ¡gua
     got: República da Nicarágua
 ; [cca2=NI].translations.rus.common
Expected: Ð�Ð¸ÐºÐ°Ñ€Ð°Ð³ÑƒÐ°
     got: Никарагуа
 ; [cca2=NI].translations.rus.official
Expected: Ð ÐµÑ�Ð¿ÑƒÐ±Ð»Ð¸ÐºÐ° Ð�Ð¸ÐºÐ°Ñ€Ð°Ð³ÑƒÐ°
     got: Республика Никарагуа
 ; [cca2=NI].translations.slk.official
Expected: NikaragujskÃ¡ republika
     got: Nikaragujská republika
 ; [cca2=NI].translations.spa.official
Expected: RepÃºblica de Nicaragua
     got: República de Nicaragua
 ; [cca2=NI].translations.srp.common
Expected: Ð�Ð¸ÐºÐ°Ñ€Ð°Ð³Ð²Ð°
     got: Никарагва
 ; [cca2=NI].translations.srp.official
Expected: Ð ÐµÐ¿ÑƒÐ±Ð»Ð¸ÐºÐ° Ð�Ð¸ÐºÐ°Ñ€Ð°Ð³Ð²Ð°
     got: Република Никарагва
 ; [cca2=NI].translations.urd.common
Expected: Ù†Ú©Ø§Ø±Ø§Ú¯ÙˆØ§
     got: نکاراگوا
 ; [cca2=NI].translations.urd.official
Expected: Ø¬Ù…Û�ÙˆØ±ÛŒÛ� Ù†Ú©Ø§Ø±Ø§Ú¯ÙˆØ§
     got: جمہوریہ نکاراگوا
 ; [cca2=NI].translations.zho.common
Expected: å°¼åŠ æ‹‰ç“œ
     got: 尼加拉瓜
 ; [cca2=NI].translations.zho.official
Expected: å°¼åŠ æ‹‰ç“œå…±å’Œå›½
     got: 尼加拉瓜共和国
 ; [cca2=NL].currencies.EUR.symbol
Expected: â‚¬
     got: €
 ; [cca2=NL].demonyms.fra.f
Expected: NÃ©erlandaise
     got: Néerlandaise
 ; [cca2=NL].demonyms.fra.m
Expected: NÃ©erlandais
     got: Néerlandais
 ; [cca2=NL].flag
Expected: ðŸ‡³ðŸ‡±
     got: 🇳🇱
 ; [cca2=NL].translations.ara.common
Expected: Ù‡ÙˆÙ„Ù†Ø¯Ø§
     got: هولندا
 ; [cca2=NL].translations.ara.official
Expected: Ù…Ù…Ù„ÙƒØ© Ù‡ÙˆÙ„Ù†Ø¯Ø§
     got: مملكة هولندا
 ; [cca2=NL].translations.bre.common
Expected: IzelvroioÃ¹
     got: Izelvroioù
 ; [cca2=NL].translations.bre.official
Expected: Rouantelezh an IzelvroioÃ¹
     got: Rouantelezh an Izelvroioù
 ; [cca2=NL].translations.ces.official
Expected: NizozemskÃ© krÃ¡lovstvÃ­
     got: Nizozemské království
 ; [cca2=NL].translations.hun.official
Expected: Holland KirÃ¡lysÃ¡g
     got: Holland Királyság
 ; [cca2=NL].translations.jpn.common
Expected: ã‚ªãƒ©ãƒ³ãƒ€
     got: オランダ
 ; [cca2=NL].translations.jpn.official
Expected: ã‚ªãƒ©ãƒ³ãƒ€
     got: オランダ
 ; [cca2=NL].translations.kor.common
Expected: ë„¤ë�œëž€ë“œ
     got: 네덜란드
 ; [cca2=NL].translations.kor.official
Expected: ë„¤ë�œëž€ë“œ ì™•êµ­
     got: 네덜란드 왕국
 ; [cca2=NL].translations.per.common
Expected: Ù‡Ù„Ù†Ø¯
     got: هلند
 ; [cca2=NL].translations.per.official
Expected: Ù‡Ù„Ù†Ø¯
     got: هلند
 ; [cca2=NL].translations.pol.official
Expected: KrÃ³lestwo NiderlandÃ³w
     got: Królestwo Niderlandów
 ; [cca2=NL].translations.rus.common
Expected: Ð�Ð¸Ð´ÐµÑ€Ð»Ð°Ð½Ð´Ñ‹
     got: Нидерланды
 ; [cca2=NL].translations.rus.official
Expected: Ð�Ð¸Ð´ÐµÑ€Ð»Ð°Ð½Ð´Ñ‹
     got: Нидерланды
 ; [cca2=NL].translations.slk.official
Expected: HolandskÃ© krÃ¡Ä¾ovstvo
     got: Holandské kráľovstvo
 ; [cca2=NL].translations.spa.common
Expected: PaÃ­ses Bajos
     got: Países Bajos
 ; [cca2=NL].translations.spa.official
Expected: PaÃ­ses Bajos
     got: Países Bajos
 ; [cca2=NL].translations.srp.common
Expected: Ð¥Ð¾Ð»Ð°Ð½Ð´Ð¸Ñ˜Ð°
     got: Холандија
 ; [cca2=NL].translations.srp.official
Expected: ÐšÑ€Ð°Ñ™ÐµÐ²Ð¸Ð½Ð° Ð¥Ð¾Ð»Ð°Ð½Ð´Ð¸Ñ˜Ð°
     got: Краљевина Холандија
 ; [cca2=NL].translations.swe.common
Expected: NederlÃ¤nderna
     got: Nederländerna
 ; [cca2=NL].translations.swe.official
Expected: NederlÃ¤nderna
     got: Nederländerna
 ; [cca2=NL].translations.urd.common
Expected: Ù†ÛŒØ¯Ø±Ù„ÛŒÙ†ÚˆØ²
     got: نیدرلینڈز
 ; [cca2=NL].translations.urd.official
Expected: Ù…Ù…Ù„Ú©ØªÙ� Ù†ÛŒØ¯Ø±Ù„ÛŒÙ†ÚˆØ²
     got: مملکتِ نیدرلینڈز
 ; [cca2=NL].translations.zho.common
Expected: è�·å…°
     got: 荷兰
 ; [cca2=NL].translations.zho.official
Expected: è�·å…°
     got: 荷兰
 ; [cca2=NO].demonyms.fra.f
Expected: NorvÃ©gienne
     got: Norvégienne
 ; [cca2=NO].demonyms.fra.m
Expected: NorvÃ©gien
     got: Norvégien
 ; [cca2=NO].flag
Expected: ðŸ‡³ðŸ‡´
     got: 🇳🇴
 ; [cca2=NO].languages.nob
Expected: Norwegian BokmÃ¥l
     got: Norwegian Bokmål
 ; [cca2=NO].translations.ara.common
Expected: Ø§Ù„Ù†Ø±ÙˆÙŠØ¬
     got: النرويج
 ; [cca2=NO].translations.ara.official
Expected: Ù…Ù…Ù„ÙƒØ© Ø§Ù„Ù†Ø±ÙˆÙŠØ¬
     got: مملكة النرويج
 ; [cca2=NO].translations.ces.official
Expected: NorskÃ© krÃ¡lovstvÃ­
     got: Norské království
 ; [cca2=NO].translations.deu.official
Expected: KÃ¶nigreich Norwegen
     got: Königreich Norwegen
 ; [cca2=NO].translations.fra.common
Expected: NorvÃ¨ge
     got: Norvège
 ; [cca2=NO].translations.fra.official
Expected: Royaume de NorvÃ¨ge
     got: Royaume de Norvège
 ; [cca2=NO].translations.hrv.common
Expected: NorveÅ¡ka
     got: Norveška
 ; [cca2=NO].translations.hrv.official
Expected: Kraljevina NorveÅ¡ka
     got: Kraljevina Norveška
 ; [cca2=NO].translations.hun.common
Expected: NorvÃ©gia
     got: Norvégia
 ; [cca2=NO].translations.hun.official
Expected: NorvÃ©g KirÃ¡lysÃ¡g
     got: Norvég Királyság
 ; [cca2=NO].translations.jpn.common
Expected: ãƒŽãƒ«ã‚¦ã‚§ãƒ¼
     got: ノルウェー
 ; [cca2=NO].translations.jpn.official
Expected: ãƒŽãƒ«ã‚¦ã‚§ãƒ¼çŽ‹å›½
     got: ノルウェー王国
 ; [cca2=NO].translations.kor.common
Expected: ë…¸ë¥´ì›¨ì�´
     got: 노르웨이
 ; [cca2=NO].translations.kor.official
Expected: ë…¸ë¥´ì›¨ì�´ ì™•êµ­
     got: 노르웨이 왕국
 ; [cca2=NO].translations.per.common
Expected: Ù†Ø±ÙˆÚ˜
     got: نروژ
 ; [cca2=NO].translations.per.official
Expected: Ù¾Ø§Ø¯Ø´Ø§Ù‡ÛŒ Ù†Ø±ÙˆÚ˜
     got: پادشاهی نروژ
 ; [cca2=NO].translations.pol.official
Expected: KrÃ³lestwo Norwegii
     got: Królestwo Norwegii
 ; [cca2=NO].translations.rus.common
Expected: Ð�Ð¾Ñ€Ð²ÐµÐ³Ð¸Ñ�
     got: Норвегия
 ; [cca2=NO].translations.rus.official
Expected: ÐšÐ¾Ñ€Ð¾Ð»ÐµÐ²Ñ�Ñ‚Ð²Ð¾ Ð�Ð¾Ñ€Ð²ÐµÐ³Ð¸Ñ�
     got: Королевство Норвегия
 ; [cca2=NO].translations.slk.common
Expected: NÃ³rsko
     got: Nórsko
 ; [cca2=NO].translations.slk.official
Expected: NÃ³rske krÃ¡Ä¾ovstvo
     got: Nórske kráľovstvo
 ; [cca2=NO].translations.srp.common
Expected: Ð�Ð¾Ñ€Ð²ÐµÑˆÐºÐ°
     got: Норвешка
 ; [cca2=NO].translations.srp.official
Expected: ÐšÑ€Ð°Ñ™ÐµÐ²Ð¸Ð½Ð° Ð�Ð¾Ñ€Ð²ÐµÑˆÐºÐ°
     got: Краљевина Норвешка
 ; [cca2=NO].translations.tur.common
Expected: NorveÃ§
     got: Norveç
 ; [cca2=NO].translations.tur.official
Expected: NorveÃ§ KrallÄ±ÄŸÄ±
     got: Norveç Krallığı
 ; [cca2=NO].translations.urd.common
Expected: Ù†Ø§Ø±ÙˆÛ’
     got: ناروے
 ; [cca2=NO].translations.urd.official
Expected: Ù…Ù…Ù„Ú©ØªÙ� Ù†Ø§Ø±ÙˆÛ’
     got: مملکتِ ناروے
 ; [cca2=NO].translations.zho.common
Expected: æŒªå¨�
     got: 挪威
 ; [cca2=NO].translations.zho.official
Expected: æŒªå¨�çŽ‹å›½
     got: 挪威王国
 ; [cca2=NP].altSpellings[]
Expected: LoktÄ�ntrik Ganatantra NepÄ�l
     but none found
 ; [cca2=NP].altSpellings[]
Unexpected: Loktāntrik Ganatantra Nepāl
 ; [cca2=NP].currencies.NPR.symbol
Expected: â‚¨
     got: ₨
 ; [cca2=NP].demonyms.fra.f
Expected: NÃ©palaise
     got: Népalaise
 ; [cca2=NP].demonyms.fra.m
Expected: NÃ©palais
     got: Népalais
 ; [cca2=NP].flag
Expected: ðŸ‡³ðŸ‡µ
     got: 🇳🇵
 ; [cca2=NP].name.nativeName.nep.common
Expected: à¤¨à¥‡à¤ªà¤¾à¤²
     got: नेपाल
 ; [cca2=NP].name.nativeName.nep.official
Expected: à¤¨à¥‡à¤ªà¤¾à¤² à¤¸à¤‚à¤˜à¥€à¤¯ à¤²à¥‹à¤•à¤¤à¤¾à¤¨à¥�à¤¤à¥�à¤°à¤¿à¤• à¤—à¤£à¤¤à¤¨à¥�à¤¤à¥�à¤°
     got: नेपाल संघीय लोकतान्त्रिक गणतन्त्र
 ; [cca2=NP].translations.ara.common
Expected: Ù†ÙŠØ¨Ø§Ù„
     got: نيبال
 ; [cca2=NP].translations.ara.official
Expected: Ø¬Ù…Ù‡ÙˆØ±ÙŠØ© Ù†ÙŠØ¨Ø§Ù„ Ø§Ù„Ø¯ÙŠÙ…Ù‚Ø±Ø§Ø·ÙŠØ© Ø§Ù„Ø§ØªØ­Ø§Ø¯ÙŠØ©
     got: جمهورية نيبال الديمقراطية الاتحادية
 ; [cca2=NP].translations.ces.common
Expected: NepÃ¡l
     got: Nepál
 ; [cca2=NP].translations.ces.official
Expected: FederativnÃ­ demokratickÃ¡ republika NepÃ¡l
     got: Federativní demokratická republika Nepál
 ; [cca2=NP].translations.fra.common
Expected: NÃ©pal
     got: Népal
 ; [cca2=NP].translations.fra.official
Expected: RÃ©publique du NÃ©pal
     got: République du Népal
 ; [cca2=NP].translations.hun.common
Expected: NepÃ¡l
     got: Nepál
 ; [cca2=NP].translations.hun.official
Expected: NepÃ¡li SzÃ¶vetsÃ©gi Demokratikus KÃ¶ztÃ¡rsasÃ¡g
     got: Nepáli Szövetségi Demokratikus Köztársaság
 ; [cca2=NP].translations.jpn.common
Expected: ãƒ�ãƒ‘ãƒ¼ãƒ«
     got: ネパール
 ; [cca2=NP].translations.jpn.official
Expected: ãƒ�ãƒ‘ãƒ¼ãƒ«é€£é‚¦æ°‘ä¸»å…±å’Œå›½
     got: ネパール連邦民主共和国
 ; [cca2=NP].translations.kor.common
Expected: ë„¤íŒ”
     got: 네팔
 ; [cca2=NP].translations.kor.official
Expected: ë„¤íŒ” ì—°ë°© ë¯¼ì£¼ ê³µí™”êµ­
     got: 네팔 연방 민주 공화국
 ; [cca2=NP].translations.per.common
Expected: Ù†Ù¾Ø§Ù„
     got: نپال
 ; [cca2=NP].translations.per.official
Expected: Ø¬Ù…Ù‡ÙˆØ±ÛŒ Ù�Ø¯Ø±Ø§Ù„ Ø¯Ù…ÙˆÚ©Ø±Ø§ØªÛŒÚ© Ù†Ù¾Ø§Ù„
     got: جمهوری فدرال دموکراتیک نپال
 ; [cca2=NP].translations.por.official
Expected: RepÃºblica DemocrÃ¡tica Federal do Nepal
     got: República Democrática Federal do Nepal
 ; [cca2=NP].translations.rus.common
Expected: Ð�ÐµÐ¿Ð°Ð»
     got: Непал
 ; [cca2=NP].translations.rus.official
Expected: Ð¤ÐµÐ´ÐµÑ€Ð°Ñ‚Ð¸Ð²Ð½Ð°Ñ� Ð”ÐµÐ¼Ð¾ÐºÑ€Ð°Ñ‚Ð¸Ñ‡ÐµÑ�ÐºÐ°Ñ� Ð ÐµÑ�Ð¿ÑƒÐ±Ð»Ð¸ÐºÐ° Ð�ÐµÐ¿Ð°Ð»
     got: Федеративная Демократическая Республика Непал
 ; [cca2=NP].translations.slk.common
Expected: NepÃ¡l
     got: Nepál
 ; [cca2=NP].translations.slk.official
Expected: NepÃ¡lska federatÃ­vna demokratickÃ¡ republika
     got: Nepálska federatívna demokratická republika
 ; [cca2=NP].translations.spa.official
Expected: RepÃºblica DemocrÃ¡tica Federal de Nepal
     got: República Democrática Federal de Nepal
 ; [cca2=NP].translations.srp.common
Expected: Ð�ÐµÐ¿Ð°Ð»
     got: Непал
 ; [cca2=NP].translations.srp.official
Expected: Ð¡Ð°Ð²ÐµÐ·Ð½Ð° Ð”ÐµÐ¼Ð¾ÐºÑ€Ð°Ñ‚Ñ�ÐºÐ° Ð ÐµÐ¿ÑƒÐ±Ð»Ð¸ÐºÐ° Ð�ÐµÐ¿Ð°Ð»
     got: Савезна Демократска Република Непал
 ; [cca2=NP].translations.swe.official
Expected: Demokratiska fÃ¶rbundsrepubliken Nepal
     got: Demokratiska förbundsrepubliken Nepal
 ; [cca2=NP].translations.urd.common
Expected: Ù†ÛŒÙ¾Ø§Ù„
     got: نیپال
 ; [cca2=NP].translations.urd.official
Expected: ÙˆÙ�Ø§Ù‚ÛŒ Ø¬Ù…Û�ÙˆØ±ÛŒ Ø¬Ù…Û�ÙˆØ±ÛŒÛ� Ù†ÛŒÙ¾Ø§Ù„
     got: وفاقی جمہوری جمہوریہ نیپال
 ; [cca2=NP].translations.zho.common
Expected: å°¼æ³Šå°”
     got: 尼泊尔
 ; [cca2=NP].translations.zho.official
Expected: å°¼æ³Šå°”è�”é‚¦æ°‘ä¸»å…±å’Œå›½
     got: 尼泊尔联邦民主共和国
 ; [cca2=NR].flag
Expected: ðŸ‡³ðŸ‡·
     got: 🇳🇷
 ; [cca2=NR].translations.ara.common
Expected: Ù†Ø§ÙˆØ±Ùˆ
     got: ناورو
 ; [cca2=NR].translations.ara.official
Expected: Ø¬Ù…Ù‡ÙˆØ±ÙŠØ© Ù†Ø§ÙˆØ±Ùˆ
     got: جمهورية ناورو
 ; [cca2=NR].translations.fra.official
Expected: RÃ©publique de Nauru
     got: République de Nauru
 ; [cca2=NR].translations.hun.official
Expected: Naurui KÃ¶ztÃ¡rsasÃ¡g
     got: Naurui Köztársaság
 ; [cca2=NR].translations.jpn.common
Expected: ãƒŠã‚¦ãƒ«
     got: ナウル
 ; [cca2=NR].translations.jpn.official
Expected: ãƒŠã‚¦ãƒ«å…±å’Œå›½
     got: ナウル共和国
 ; [cca2=NR].translations.kor.common
Expected: ë‚˜ìš°ë£¨
     got: 나우루
 ; [cca2=NR].translations.kor.official
Expected: ë‚˜ìš°ë£¨ ê³µí™”êµ­
     got: 나우루 공화국
 ; [cca2=NR].translations.per.common
Expected: Ù†Ø§Ø¦ÙˆØ±Ùˆ
     got: نائورو
 ; [cca2=NR].translations.per.official
Expected: Ø¬Ù…Ù‡ÙˆØ±ÛŒ Ù†Ø§Ø¦ÙˆØ±Ùˆ
     got: جمهوری نائورو
 ; [cca2=NR].translations.por.official
Expected: RepÃºblica de Nauru
     got: República de Nauru
 ; [cca2=NR].translations.rus.common
Expected: Ð�Ð°ÑƒÑ€Ñƒ
     got: Науру
 ; [cca2=NR].translations.rus.official
Expected: Ð ÐµÑ�Ð¿ÑƒÐ±Ð»Ð¸ÐºÐ° Ð�Ð°ÑƒÑ€Ñƒ
     got: Республика Науру
 ; [cca2=NR].translations.slk.official
Expected: NaurskÃ¡ republika
     got: Naurská republika
 ; [cca2=NR].translations.spa.official
Expected: RepÃºblica de Nauru
     got: República de Nauru
 ; [cca2=NR].translations.srp.common
Expected: Ð�Ð°ÑƒÑ€Ñƒ
     got: Науру
 ; [cca2=NR].translations.srp.official
Expected: Ð ÐµÐ¿ÑƒÐ±Ð»Ð¸ÐºÐ° Ð�Ð°ÑƒÑ€Ñƒ
     got: Република Науру
 ; [cca2=NR].translations.urd.common
Expected: Ù†Ø§ÙˆØ±Ùˆ
     got: ناورو
 ; [cca2=NR].translations.urd.official
Expected: Ø¬Ù…Û�ÙˆØ±ÛŒÛ� Ù†Ø§ÙˆØ±Ùˆ
     got: جمہوریہ ناورو
 ; [cca2=NR].translations.zho.common
Expected: ç‘™é²�
     got: 瑙鲁
 ; [cca2=NR].translations.zho.official
Expected: ç‘™é²�å…±å’Œå›½
     got: 瑙鲁共和国
 ; [cca2=NU].demonyms.fra.f
Expected: NiuÃ©enne
     got: Niuéenne
 ; [cca2=NU].demonyms.fra.m
Expected: NiuÃ©en
     got: Niuéen
 ; [cca2=NU].flag
Expected: ðŸ‡³ðŸ‡º
     got: 🇳🇺
 ; [cca2=NU].name.nativeName.niu.common
Expected: NiuÄ“
     got: Niuē
 ; [cca2=NU].name.nativeName.niu.official
Expected: NiuÄ“
     got: Niuē
 ; [cca2=NU].translations.ara.common
Expected: Ù†ÙŠÙŠÙˆÙŠ
     got: نييوي
 ; [cca2=NU].translations.ara.official
Expected: Ù†ÙŠÙŠÙˆÙŠ
     got: نييوي
 ; [cca2=NU].translations.jpn.common
Expected: ãƒ‹ã‚¦ã‚¨
     got: ニウエ
 ; [cca2=NU].translations.jpn.official
Expected: ãƒ‹ã‚¦ã‚¨
     got: ニウエ
 ; [cca2=NU].translations.kor.common
Expected: ë‹ˆìš°ì—�
     got: 니우에
 ; [cca2=NU].translations.kor.official
Expected: ë‹ˆìš°ì—�
     got: 니우에
 ; [cca2=NU].translations.per.common
Expected: Ù†ÛŒÙˆÙˆÛŒ
     got: نیووی
 ; [cca2=NU].translations.per.official
Expected: Ù†ÛŒÙˆÙˆÛŒ
     got: نیووی
 ; [cca2=NU].translations.rus.common
Expected: Ð�Ð¸ÑƒÑ�
     got: Ниуэ
 ; [cca2=NU].translations.rus.official
Expected: Ð�Ð¸ÑƒÑ�
     got: Ниуэ
 ; [cca2=NU].translations.srp.common
Expected: Ð�Ð¸Ñ˜ÑƒÐµ
     got: Нијуе
 ; [cca2=NU].translations.srp.official
Expected: Ð�Ð¸Ñ˜ÑƒÐµ
     got: Нијуе
 ; [cca2=NU].translations.urd.common
Expected: Ù†ÛŒÙˆÙˆÛ’
     got: نیووے
 ; [cca2=NU].translations.urd.official
Expected: Ù†ÛŒÙˆÙˆÛ’
     got: نیووے
 ; [cca2=NU].translations.zho.common
Expected: çº½åŸƒ
     got: 纽埃
 ; [cca2=NU].translations.zho.official
Expected: çº½åŸƒ
     got: 纽埃
 ; [cca2=NZ].demonyms.fra.f
Expected: Neo-ZÃ©landaise
     got: Neo-Zélandaise
 ; [cca2=NZ].demonyms.fra.m
Expected: Neo-ZÃ©landais
     got: Neo-Zélandais
 ; [cca2=NZ].flag
Expected: ðŸ‡³ðŸ‡¿
     got: 🇳🇿
 ; [cca2=NZ].flags.alt
Expected: The flag of New Zealand has a dark blue field with the flag of the United Kingdom â€” the Union Jack â€” in the canton and a representation of the Southern Cross constellation, made up of four five-pointed white-edged red stars, on the fly side of the field.
     got: The flag of New Zealand has a dark blue field with the flag of the United Kingdom — the Union Jack — in the canton and a representation of the Southern Cross constellation, made up of four five-pointed white-edged red stars, on the fly side of the field.
 ; [cca2=NZ].languages.mri
Expected: MÄ�ori
     got: Māori
 ; [cca2=NZ].translations.ara.common
Expected: Ù†ÙŠÙˆØ²ÙŠÙ„Ù†Ø¯Ø§
     got: نيوزيلندا
 ; [cca2=NZ].translations.ara.official
Expected: Ù†ÙŠÙˆØ²ÙŠÙ„Ù†Ø¯Ø§
     got: نيوزيلندا
 ; [cca2=NZ].translations.ces.common
Expected: NovÃ½ ZÃ©land
     got: Nový Zéland
 ; [cca2=NZ].translations.ces.official
Expected: NovÃ½ ZÃ©land
     got: Nový Zéland
 ; [cca2=NZ].translations.fra.common
Expected: Nouvelle-ZÃ©lande
     got: Nouvelle-Zélande
 ; [cca2=NZ].translations.fra.official
Expected: Nouvelle-ZÃ©lande
     got: Nouvelle-Zélande
 ; [cca2=NZ].translations.hun.common
Expected: Ãšj-ZÃ©land
     got: Új-Zéland
 ; [cca2=NZ].translations.hun.official
Expected: Ãšj-ZÃ©land
     got: Új-Zéland
 ; [cca2=NZ].translations.jpn.common
Expected: ãƒ‹ãƒ¥ãƒ¼ã‚¸ãƒ¼ãƒ©ãƒ³ãƒ‰
     got: ニュージーランド
 ; [cca2=NZ].translations.jpn.official
Expected: ãƒ‹ãƒ¥ãƒ¼ã‚¸ãƒ¼ãƒ©ãƒ³ãƒ‰
     got: ニュージーランド
 ; [cca2=NZ].translations.kor.common
Expected: ë‰´ì§ˆëžœë“œ
     got: 뉴질랜드
 ; [cca2=NZ].translations.kor.official
Expected: ë‰´ì§ˆëžœë“œ
     got: 뉴질랜드
 ; [cca2=NZ].translations.per.common
Expected: Ù†ÛŒÙˆØ²ÛŒÙ„Ù†Ø¯
     got: نیوزیلند
 ; [cca2=NZ].translations.per.official
Expected: Ù†ÛŒÙˆØ²ÛŒÙ„Ù†Ø¯
     got: نیوزیلند
 ; [cca2=NZ].translations.por.common
Expected: Nova ZelÃ¢ndia
     got: Nova Zelândia
 ; [cca2=NZ].translations.por.official
Expected: nova ZelÃ¢ndia
     got: nova Zelândia
 ; [cca2=NZ].translations.rus.common
Expected: Ð�Ð¾Ð²Ð°Ñ� Ð—ÐµÐ»Ð°Ð½Ð´Ð¸Ñ�
     got: Новая Зеландия
 ; [cca2=NZ].translations.rus.official
Expected: Ð�Ð¾Ð²Ð°Ñ� Ð—ÐµÐ»Ð°Ð½Ð´Ð¸Ñ�
     got: Новая Зеландия
 ; [cca2=NZ].translations.slk.common
Expected: NovÃ½ ZÃ©land
     got: Nový Zéland
 ; [cca2=NZ].translations.slk.official
Expected: NovÃ½ ZÃ©land
     got: Nový Zéland
 ; [cca2=NZ].translations.srp.common
Expected: Ð�Ð¾Ð²Ð¸ Ð—ÐµÐ»Ð°Ð½Ð´
     got: Нови Зеланд
 ; [cca2=NZ].translations.srp.official
Expected: Ð�Ð¾Ð²Ð¸ Ð—ÐµÐ»Ð°Ð½Ð´
     got: Нови Зеланд
 ; [cca2=NZ].translations.urd.common
Expected: Ù†ÛŒÙˆØ²ÛŒ Ù„ÛŒÙ†Úˆ
     got: نیوزی لینڈ
 ; [cca2=NZ].translations.urd.official
Expected: Ù†ÛŒÙˆØ²ÛŒ Ù„ÛŒÙ†Úˆ
     got: نیوزی لینڈ
 ; [cca2=NZ].translations.zho.common
Expected: æ–°è¥¿å…°
     got: 新西兰
 ; [cca2=NZ].translations.zho.official
Expected: æ–°è¥¿å…°
     got: 新西兰
 ; [cca2=OM].altSpellings[]
Expected: Salá¹­anat Ê»UmÄ�n
     but none found
 ; [cca2=OM].altSpellings[]
Unexpected: Salṭanat ʻUmān
 ; [cca2=OM].currencies.OMR.symbol
Expected: Ø±.Ø¹.
     got: ر.ع.
 ; [cca2=OM].flag
Expected: ðŸ‡´ðŸ‡²
     got: 🇴🇲
 ; [cca2=OM].name.nativeName.ara.common
Expected: Ø¹Ù…Ø§Ù†
     got: عمان
 ; [cca2=OM].name.nativeName.ara.official
Expected: Ø³Ù„Ø·Ù†Ø© Ø¹Ù…Ø§Ù†
     got: سلطنة عمان
 ; [cca2=OM].translations.ara.common
Expected: Ø¹Ù…Ø§Ù†
     got: عمان
 ; [cca2=OM].translations.ara.official
Expected: Ø³Ù„Ø·Ù†Ø© Ø¹Ù…Ø§Ù†
     got: سلطنة عمان
 ; [cca2=OM].translations.ces.common
Expected: OmÃ¡n
     got: Omán
 ; [cca2=OM].translations.ces.official
Expected: SultanÃ¡t OmÃ¡n
     got: Sultanát Omán
 ; [cca2=OM].translations.hun.common
Expected: OmÃ¡n
     got: Omán
 ; [cca2=OM].translations.hun.official
Expected: OmÃ¡ni SzultanÃ¡tus
     got: Ománi Szultanátus
 ; [cca2=OM].translations.jpn.common
Expected: ã‚ªãƒžãƒ¼ãƒ³
     got: オマーン
 ; [cca2=OM].translations.jpn.official
Expected: ã‚ªãƒžãƒ¼ãƒ³Â·ã‚¹ãƒ«ã‚¿ãƒ³å›½
     got: オマーン·スルタン国
 ; [cca2=OM].translations.kor.common
Expected: ì˜¤ë§Œ
     got: 오만
 ; [cca2=OM].translations.kor.official
Expected: ì˜¤ë§Œ ìˆ íƒ„êµ­
     got: 오만 술탄국
 ; [cca2=OM].translations.per.common
Expected: Ø¹Ù…Ø§Ù†
     got: عمان
 ; [cca2=OM].translations.per.official
Expected: Ø³Ù„Ø·Ø§Ù†â€ŒÙ†Ø´ÛŒÙ† Ø¹Ù�Ù…Ø§Ù†
     got: سلطان‌نشین عُمان
 ; [cca2=OM].translations.pol.official
Expected: SuÅ‚tanat Omanu
     got: Sułtanat Omanu
 ; [cca2=OM].translations.por.common
Expected: OmÃ£
     got: Omã
 ; [cca2=OM].translations.por.official
Expected: Sultanato de OmÃ£
     got: Sultanato de Omã
 ; [cca2=OM].translations.rus.common
Expected: ÐžÐ¼Ð°Ð½
     got: Оман
 ; [cca2=OM].translations.rus.official
Expected: Ð¡ÑƒÐ»Ñ‚Ð°Ð½Ð°Ñ‚ ÐžÐ¼Ð°Ð½
     got: Султанат Оман
 ; [cca2=OM].translations.slk.common
Expected: OmÃ¡n
     got: Omán
 ; [cca2=OM].translations.slk.official
Expected: OmÃ¡nsky sultanÃ¡t
     got: Ománsky sultanát
 ; [cca2=OM].translations.spa.common
Expected: OmÃ¡n
     got: Omán
 ; [cca2=OM].translations.spa.official
Expected: Sultanato de OmÃ¡n
     got: Sultanato de Omán
 ; [cca2=OM].translations.srp.common
Expected: ÐžÐ¼Ð°Ð½
     got: Оман
 ; [cca2=OM].translations.srp.official
Expected: Ð¡ÑƒÐ»Ñ‚Ð°Ð½Ð°Ñ‚ ÐžÐ¼Ð°Ð½
     got: Султанат Оман
 ; [cca2=OM].translations.tur.official
Expected: Umman SultanlÄ±ÄŸÄ±
     got: Umman Sultanlığı
 ; [cca2=OM].translations.urd.common
Expected: Ø¹Ù…Ø§Ù†
     got: عمان
 ; [cca2=OM].translations.urd.official
Expected: Ø³Ù„Ø·Ù†Øª Ø¹Ù…Ø§Ù†
     got: سلطنت عمان
 ; [cca2=OM].translations.zho.common
Expected: é˜¿æ›¼
     got: 阿曼
 ; [cca2=OM].translations.zho.official
Expected: é˜¿æ›¼è‹�ä¸¹å›½
     got: 阿曼苏丹国
 ; [cca2=PA].altSpellings[]
Expected: RepÃºblica de PanamÃ¡
     but none found
 ; [cca2=PA].altSpellings[]
Unexpected: República de Panamá
 ; [cca2=PA].demonyms.fra.f
Expected: PanamÃ©enne
     got: Panaméenne
 ; [cca2=PA].demonyms.fra.m
Expected: PanamÃ©en
     got: Panaméen
 ; [cca2=PA].flag
Expected: ðŸ‡µðŸ‡¦
     got: 🇵🇦
 ; [cca2=PA].flags.alt
Expected: The flag of Panama is composed of four equal rectangular areas â€” a white rectangular area with a blue five-pointed star at its center, a red rectangular area, a white rectangular area with a red five-pointed star at its center, and a blue rectangular area â€” in the upper hoist side, upper fly side, lower fly side and lower hoist side respectively.
     got: The flag of Panama is composed of four equal rectangular areas — a white rectangular area with a blue five-pointed star at its center, a red rectangular area, a white rectangular area with a red five-pointed star at its center, and a blue rectangular area — in the upper hoist side, upper fly side, lower fly side and lower hoist side respectively.
 ; [cca2=PA].name.nativeName.spa.common
Expected: PanamÃ¡
     got: Panamá
 ; [cca2=PA].name.nativeName.spa.official
Expected: RepÃºblica de PanamÃ¡
     got: República de Panamá
 ; [cca2=PA].translations.ara.common
Expected: Ø¨Ù†Ù…Ø§
     got: بنما
 ; [cca2=PA].translations.ara.official
Expected: Ø¬Ù…Ù‡ÙˆØ±ÙŠØ© Ø¨Ù†Ù…Ø§
     got: جمهورية بنما
 ; [cca2=PA].translations.ces.official
Expected: PanamskÃ¡ republika
     got: Panamská republika
 ; [cca2=PA].translations.fra.official
Expected: RÃ©publique du Panama
     got: République du Panama
 ; [cca2=PA].translations.hun.official
Expected: Panamai KÃ¶ztÃ¡rsasÃ¡g
     got: Panamai Köztársaság
 ; [cca2=PA].translations.jpn.common
Expected: ãƒ‘ãƒŠãƒž
     got: パナマ
 ; [cca2=PA].translations.jpn.official
Expected: ãƒ‘ãƒŠãƒžå…±å’Œå›½
     got: パナマ共和国
 ; [cca2=PA].translations.kor.common
Expected: íŒŒë‚˜ë§ˆ
     got: 파나마
 ; [cca2=PA].translations.kor.official
Expected: íŒŒë‚˜ë§ˆ ê³µí™”êµ­
     got: 파나마 공화국
 ; [cca2=PA].translations.per.common
Expected: Ù¾Ø§Ù†Ø§Ù…Ø§
     got: پاناما
 ; [cca2=PA].translations.per.official
Expected: Ø¬Ù…Ù‡ÙˆØ±ÛŒ Ù¾Ø§Ù†Ø§Ù…Ø§
     got: جمهوری پاناما
 ; [cca2=PA].translations.por.common
Expected: PanamÃ¡
     got: Panamá
 ; [cca2=PA].translations.por.official
Expected: RepÃºblica do PanamÃ¡
     got: República do Panamá
 ; [cca2=PA].translations.rus.common
Expected: ÐŸÐ°Ð½Ð°Ð¼Ð°
     got: Панама
 ; [cca2=PA].translations.rus.official
Expected: Ð ÐµÑ�Ð¿ÑƒÐ±Ð»Ð¸ÐºÐ° ÐŸÐ°Ð½Ð°Ð¼Ð°
     got: Республика Панама
 ; [cca2=PA].translations.slk.official
Expected: PanamskÃ¡ republika
     got: Panamská republika
 ; [cca2=PA].translations.spa.common
Expected: PanamÃ¡
     got: Panamá
 ; [cca2=PA].translations.spa.official
Expected: RepÃºblica de PanamÃ¡
     got: República de Panamá
 ; [cca2=PA].translations.srp.common
Expected: ÐŸÐ°Ð½Ð°Ð¼Ð°
     got: Панама
 ; [cca2=PA].translations.srp.official
Expected: Ð ÐµÐ¿ÑƒÐ±Ð»Ð¸ÐºÐ° ÐŸÐ°Ð½Ð°Ð¼Ð°
     got: Република Панама
 ; [cca2=PA].translations.urd.common
Expected: Ù¾Ø§Ù†Ø§Ù…Ø§
     got: پاناما
 ; [cca2=PA].translations.urd.official
Expected: Ø¬Ù…Û�ÙˆØ±ÛŒÛ� Ù¾Ø§Ù†Ø§Ù…Ø§
     got: جمہوریہ پاناما
 ; [cca2=PA].translations.zho.common
Expected: å·´æ‹¿é©¬
     got: 巴拿马
 ; [cca2=PA].translations.zho.official
Expected: å·´æ‹¿é©¬å…±å’Œå›½
     got: 巴拿马共和国
 ; [cca2=PE].altSpellings[]
Expected: RepÃºblica del PerÃº
     but none found
 ; [cca2=PE].altSpellings[]
Unexpected: República del Perú
 ; [cca2=PE].demonyms.fra.f
Expected: PÃ©ruvienne
     got: Péruvienne
 ; [cca2=PE].demonyms.fra.m
Expected: PÃ©ruvien
     got: Péruvien
 ; [cca2=PE].flag
Expected: ðŸ‡µðŸ‡ª
     got: 🇵🇪
 ; [cca2=PE].name.nativeName.spa.common
Expected: PerÃº
     got: Perú
 ; [cca2=PE].name.nativeName.spa.official
Expected: RepÃºblica del PerÃº
     got: República del Perú
 ; [cca2=PE].translations.ara.common
Expected: Ø¨ÙŠØ±Ùˆ
     got: بيرو
 ; [cca2=PE].translations.ara.official
Expected: Ø¬Ù…Ù‡ÙˆØ±ÙŠØ© Ø¨ÙŠØ±Ùˆ
     got: جمهورية بيرو
 ; [cca2=PE].translations.ces.official
Expected: PeruÃ¡nskÃ¡ republika
     got: Peruánská republika
 ; [cca2=PE].translations.fra.common
Expected: PÃ©rou
     got: Pérou
 ; [cca2=PE].translations.fra.official
Expected: RÃ©publique du PÃ©rou
     got: République du Pérou
 ; [cca2=PE].translations.hun.official
Expected: Perui KÃ¶ztÃ¡rsasÃ¡g
     got: Perui Köztársaság
 ; [cca2=PE].translations.ita.common
Expected: PerÃ¹
     got: Perù
 ; [cca2=PE].translations.ita.official
Expected: Repubblica del PerÃ¹
     got: Repubblica del Perù
 ; [cca2=PE].translations.jpn.common
Expected: ãƒšãƒ«ãƒ¼
     got: ペルー
 ; [cca2=PE].translations.jpn.official
Expected: ãƒšãƒ«ãƒ¼å…±å’Œå›½
     got: ペルー共和国
 ; [cca2=PE].translations.kor.common
Expected: íŽ˜ë£¨
     got: 페루
 ; [cca2=PE].translations.kor.official
Expected: íŽ˜ë£¨ ê³µí™”êµ­
     got: 페루 공화국
 ; [cca2=PE].translations.per.common
Expected: Ù¾Ø±Ùˆ
     got: پرو
 ; [cca2=PE].translations.per.official
Expected: Ø¬Ù…Ù‡ÙˆØ±ÛŒ Ù¾Ø±Ùˆ
     got: جمهوری پرو
 ; [cca2=PE].translations.por.common
Expected: PerÃº
     got: Perú
 ; [cca2=PE].translations.por.official
Expected: RepÃºblica do Peru
     got: República do Peru
 ; [cca2=PE].translations.rus.common
Expected: ÐŸÐµÑ€Ñƒ
     got: Перу
 ; [cca2=PE].translations.rus.official
Expected: Ð ÐµÑ�Ð¿ÑƒÐ±Ð»Ð¸ÐºÐ° ÐŸÐµÑ€Ñƒ
     got: Республика Перу
 ; [cca2=PE].translations.slk.official
Expected: PeruÃ¡nska republika
     got: Peruánska republika
 ; [cca2=PE].translations.spa.common
Expected: PerÃº
     got: Perú
 ; [cca2=PE].translations.spa.official
Expected: RepÃºblica de PerÃº
     got: República de Perú
 ; [cca2=PE].translations.srp.common
Expected: ÐŸÐµÑ€Ñƒ
     got: Перу
 ; [cca2=PE].translations.srp.official
Expected: Ð ÐµÐ¿ÑƒÐ±Ð»Ð¸ÐºÐ° ÐŸÐµÑ€Ñƒ
     got: Република Перу
 ; [cca2=PE].translations.urd.common
Expected: Ù¾ÛŒØ±Ùˆ
     got: پیرو
 ; [cca2=PE].translations.urd.official
Expected: Ø¬Ù…Û�ÙˆØ±ÛŒÛ� Ù¾ÛŒØ±Ùˆ
     got: جمہوریہ پیرو
 ; [cca2=PE].translations.zho.common
Expected: ç§˜é²�
     got: 秘鲁
 ; [cca2=PE].translations.zho.official
Expected: ç§˜é²�å…±å’Œå›½
     got: 秘鲁共和国
 ; [cca2=PF].altSpellings[]
Expected: PÅ�rÄ«netia FarÄ�ni
     but none found
 ; [cca2=PF].altSpellings[]
Expected: PolynÃ©sie franÃ§aise
     but none found
 ; [cca2=PF].altSpellings[]
Unexpected: Polynésie française
 ; [cca2=PF].altSpellings[]
Unexpected: Pōrīnetia Farāni
 ; [cca2=PF].capital[]
Expected: PapeetÄ“
     but none found
 ; [cca2=PF].capital[]
Unexpected: Papeetē
 ; [cca2=PF].currencies.XPF.symbol
Expected: â‚£
     got: ₣
 ; [cca2=PF].demonyms.fra.f
Expected: PolynÃ©sienne
     got: Polynésienne
 ; [cca2=PF].demonyms.fra.m
Expected: PolynÃ©sien
     got: Polynésien
 ; [cca2=PF].flag
Expected: ðŸ‡µðŸ‡«
     got: 🇵🇫
 ; [cca2=PF].name.nativeName.fra.common
Expected: PolynÃ©sie franÃ§aise
     got: Polynésie française
 ; [cca2=PF].name.nativeName.fra.official
Expected: PolynÃ©sie franÃ§aise
     got: Polynésie française
 ; [cca2=PF].translations.ara.common
Expected: Ø¨ÙˆÙ„ÙŠÙ†Ø²ÙŠØ§ Ø§Ù„Ù�Ø±Ù†Ø³ÙŠØ©
     got: بولينزيا الفرنسية
 ; [cca2=PF].translations.ara.official
Expected: Ø¨ÙˆÙ„ÙŠÙ†Ø²ÙŠØ§ Ø§Ù„Ù�Ø±Ù†Ø³ÙŠØ©
     got: بولينزيا الفرنسية
 ; [cca2=PF].translations.ces.common
Expected: FrancouzskÃ¡ PolynÃ©sie
     got: Francouzská Polynésie
 ; [cca2=PF].translations.ces.official
Expected: FrancouzskÃ¡ PolynÃ©sie
     got: Francouzská Polynésie
 ; [cca2=PF].translations.deu.common
Expected: FranzÃ¶sisch-Polynesien
     got: Französisch-Polynesien
 ; [cca2=PF].translations.deu.official
Expected: FranzÃ¶sisch-Polynesien
     got: Französisch-Polynesien
 ; [cca2=PF].translations.est.common
Expected: Prantsuse PolÃ¼neesia
     got: Prantsuse Polüneesia
 ; [cca2=PF].translations.est.official
Expected: Prantsuse PolÃ¼neesia
     got: Prantsuse Polüneesia
 ; [cca2=PF].translations.fra.common
Expected: PolynÃ©sie franÃ§aise
     got: Polynésie française
 ; [cca2=PF].translations.fra.official
Expected: PolynÃ©sie franÃ§aise
     got: Polynésie française
 ; [cca2=PF].translations.hun.common
Expected: Francia PolinÃ©zia
     got: Francia Polinézia
 ; [cca2=PF].translations.hun.official
Expected: Francia PolinÃ©zia
     got: Francia Polinézia
 ; [cca2=PF].translations.jpn.common
Expected: ãƒ•ãƒ©ãƒ³ã‚¹é ˜ãƒ�ãƒªãƒ�ã‚·ã‚¢
     got: フランス領ポリネシア
 ; [cca2=PF].translations.jpn.official
Expected: ãƒ•ãƒ©ãƒ³ã‚¹é ˜ãƒ�ãƒªãƒ�ã‚·ã‚¢
     got: フランス領ポリネシア
 ; [cca2=PF].translations.kor.common
Expected: í”„ëž‘ìŠ¤ë ¹ í�´ë¦¬ë„¤ì‹œì•„
     got: 프랑스령 폴리네시아
 ; [cca2=PF].translations.kor.official
Expected: í”„ëž‘ìŠ¤ë ¹ í�´ë¦¬ë„¤ì‹œì•„
     got: 프랑스령 폴리네시아
 ; [cca2=PF].translations.nld.common
Expected: Frans-PolynesiÃ«
     got: Frans-Polynesië
 ; [cca2=PF].translations.nld.official
Expected: Frans-PolynesiÃ«
     got: Frans-Polynesië
 ; [cca2=PF].translations.per.common
Expected: Ù¾Ù�Ù„ÛŒâ€ŒÙ†Ù�Ø²ÛŒ Ù�Ø±Ø§Ù†Ø³Ù‡
     got: پُلی‌نِزی فرانسه
 ; [cca2=PF].translations.per.official
Expected: Ù¾Ù�Ù„ÛŒâ€ŒÙ†Ù�Ø²ÛŒ Ù�Ø±Ø§Ù†Ø³Ù‡
     got: پُلی‌نِزی فرانسه
 ; [cca2=PF].translations.por.common
Expected: PolinÃ©sia Francesa
     got: Polinésia Francesa
 ; [cca2=PF].translations.por.official
Expected: PolinÃ©sia Francesa
     got: Polinésia Francesa
 ; [cca2=PF].translations.rus.common
Expected: Ð¤Ñ€Ð°Ð½Ñ†ÑƒÐ·Ñ�ÐºÐ°Ñ� ÐŸÐ¾Ð»Ð¸Ð½ÐµÐ·Ð¸Ñ�
     got: Французская Полинезия
 ; [cca2=PF].translations.rus.official
Expected: Ð¤Ñ€Ð°Ð½Ñ†ÑƒÐ·Ñ�ÐºÐ°Ñ� ÐŸÐ¾Ð»Ð¸Ð½ÐµÐ·Ð¸Ñ�
     got: Французская Полинезия
 ; [cca2=PF].translations.slk.common
Expected: FrancÃºzska PolynÃ©zia
     got: Francúzska Polynézia
 ; [cca2=PF].translations.slk.official
Expected: FrancÃºzska PolynÃ©zia
     got: Francúzska Polynézia
 ; [cca2=PF].translations.spa.official
Expected: Polinesia francÃ©s
     got: Polinesia francés
 ; [cca2=PF].translations.srp.common
Expected: Ð¤Ñ€Ð°Ð½Ñ†ÑƒÑ�ÐºÐ° ÐŸÐ¾Ð»Ð¸Ð½ÐµÐ·Ð¸Ñ˜Ð°
     got: Француска Полинезија
 ; [cca2=PF].translations.srp.official
Expected: Ð¤Ñ€Ð°Ð½Ñ†ÑƒÑ�ÐºÐ° ÐŸÐ¾Ð»Ð¸Ð½ÐµÐ·Ð¸Ñ˜Ð°
     got: Француска Полинезија
 ; [cca2=PF].translations.tur.common
Expected: FransÄ±z PolinezyasÄ±
     got: Fransız Polinezyası
 ; [cca2=PF].translations.tur.official
Expected: FransÄ±z PolinezyasÄ±
     got: Fransız Polinezyası
 ; [cca2=PF].translations.urd.common
Expected: Ù�Ø±Ø§Ù†Ø³ÛŒØ³ÛŒ Ù¾ÙˆÙ„ÛŒÙ†ÛŒØ´ÛŒØ§
     got: فرانسیسی پولینیشیا
 ; [cca2=PF].translations.urd.official
Expected: Ù�Ø±Ø§Ù†Ø³ÛŒØ³ÛŒ Ù¾ÙˆÙ„ÛŒÙ†ÛŒØ´ÛŒØ§
     got: فرانسیسی پولینیشیا
 ; [cca2=PF].translations.zho.common
Expected: æ³•å±žæ³¢åˆ©å°¼è¥¿äºš
     got: 法属波利尼西亚
 ; [cca2=PF].translations.zho.official
Expected: æ³•å±žæ³¢åˆ©å°¼è¥¿äºš
     got: 法属波利尼西亚
 ; [cca2=PG].flag
Expected: ðŸ‡µðŸ‡¬
     got: 🇵🇬
 ; [cca2=PG].translations.ara.common
Expected: Ø¨Ø§Ø¨ÙˆØ§ ØºÙŠÙ†ÙŠØ§ Ø§Ù„Ø¬Ø¯ÙŠØ¯Ø©
     got: بابوا غينيا الجديدة
 ; [cca2=PG].translations.ara.official
Expected: Ø¯ÙˆÙ„Ø© Ø¨Ø§Ø¨ÙˆØ§ ØºÙŠÙ†ÙŠØ§ Ø§Ù„Ø¬Ø¯ÙŠØ¯Ø©
     got: دولة بابوا غينيا الجديدة
 ; [cca2=PG].translations.ces.common
Expected: Papua-NovÃ¡ Guinea
     got: Papua-Nová Guinea
 ; [cca2=PG].translations.ces.official
Expected: NezÃ¡vislÃ½ stÃ¡t Papua NovÃ¡ Guinea
     got: Nezávislý stát Papua Nová Guinea
 ; [cca2=PG].translations.deu.official
Expected: UnabhÃ¤ngiger Staat Papua-Neuguinea
     got: Unabhängiger Staat Papua-Neuguinea
 ; [cca2=PG].translations.fin.official
Expected: Papua-Uuden-Guinean ItsenÃ¤inen valtio
     got: Papua-Uuden-Guinean Itsenäinen valtio
 ; [cca2=PG].translations.fra.common
Expected: Papouasie-Nouvelle-GuinÃ©e
     got: Papouasie-Nouvelle-Guinée
 ; [cca2=PG].translations.fra.official
Expected: Ã‰tat indÃ©pendant de Papouasie-Nouvelle-GuinÃ©e
     got: État indépendant de Papouasie-Nouvelle-Guinée
 ; [cca2=PG].translations.hrv.official
Expected: Nezavisna DrÅ¾ava Papui Novoj Gvineji
     got: Nezavisna Država Papui Novoj Gvineji
 ; [cca2=PG].translations.hun.common
Expected: PÃ¡pua Ãšj-Guinea
     got: Pápua Új-Guinea
 ; [cca2=PG].translations.hun.official
Expected: PÃ¡pua Ãšj-Guinea FÃ¼ggetlen Ã�llam
     got: Pápua Új-Guinea Független Állam
 ; [cca2=PG].translations.jpn.common
Expected: ãƒ‘ãƒ—ã‚¢ãƒ‹ãƒ¥ãƒ¼ã‚®ãƒ‹ã‚¢
     got: パプアニューギニア
 ; [cca2=PG].translations.jpn.official
Expected: ãƒ‘ãƒ—ã‚¢ãƒ‹ãƒ¥ãƒ¼ã‚®ãƒ‹ã‚¢ç‹¬ç«‹å›½
     got: パプアニューギニア独立国
 ; [cca2=PG].translations.kor.common
Expected: íŒŒí‘¸ì•„ë‰´ê¸°ë‹ˆ
     got: 파푸아뉴기니
 ; [cca2=PG].translations.kor.official
Expected: íŒŒí‘¸ì•„ë‰´ê¸°ë‹ˆ ë�…ë¦½êµ­
     got: 파푸아뉴기니 독립국
 ; [cca2=PG].translations.per.common
Expected: Ù¾Ø§Ù¾ÙˆØ¢ Ú¯ÛŒÙ†Ù‡ Ù†Ùˆ
     got: پاپوآ گینه نو
 ; [cca2=PG].translations.per.official
Expected: Ù…Ù…Ù„Ú©Øª Ù…Ø³ØªÙ‚Ù„ Ù¾Ø§Ù¾ÙˆØ¢ Ú¯ÛŒÙ†Ù‡Ù” Ù†Ùˆ
     got: مملکت مستقل پاپوآ گینهٔ نو
 ; [cca2=PG].translations.pol.official
Expected: NiezaleÅ¼ne PaÅ„stwo Papui-Nowej Gwinei
     got: Niezależne Państwo Papui-Nowej Gwinei
 ; [cca2=PG].translations.por.common
Expected: Papua Nova GuinÃ©
     got: Papua Nova Guiné
 ; [cca2=PG].translations.por.official
Expected: Estado Independente da Papua Nova GuinÃ©
     got: Estado Independente da Papua Nova Guiné
 ; [cca2=PG].translations.rus.common
Expected: ÐŸÐ°Ð¿ÑƒÐ° â€” Ð�Ð¾Ð²Ð°Ñ� Ð“Ð²Ð¸Ð½ÐµÑ�
     got: Папуа — Новая Гвинея
 ; [cca2=PG].translations.rus.official
Expected: Ð�ÐµÐ·Ð°Ð²Ð¸Ñ�Ð¸Ð¼Ð¾Ðµ Ð“Ð¾Ñ�ÑƒÐ´Ð°Ñ€Ñ�Ñ‚Ð²Ð¾ ÐŸÐ°Ð¿ÑƒÐ°-Ð�Ð¾Ð²Ð¾Ð¹ Ð“Ð²Ð¸Ð½ÐµÐ¸
     got: Независимое Государство Папуа-Новой Гвинеи
 ; [cca2=PG].translations.slk.common
Expected: Papua-NovÃ¡ Guinea
     got: Papua-Nová Guinea
 ; [cca2=PG].translations.slk.official
Expected: NezÃ¡vislÃ½ Å¡tÃ¡t Papua-NovÃ¡ Guinea
     got: Nezávislý štát Papua-Nová Guinea
 ; [cca2=PG].translations.spa.common
Expected: PapÃºa Nueva Guinea
     got: Papúa Nueva Guinea
 ; [cca2=PG].translations.spa.official
Expected: Estado Independiente de PapÃºa Nueva Guinea
     got: Estado Independiente de Papúa Nueva Guinea
 ; [cca2=PG].translations.srp.common
Expected: ÐŸÐ°Ð¿ÑƒÐ° Ð�Ð¾Ð²Ð° Ð“Ð²Ð¸Ð½ÐµÑ˜Ð°
     got: Папуа Нова Гвинеја
 ; [cca2=PG].translations.srp.official
Expected: Ð�ÐµÐ·Ð°Ð²Ð¸Ñ�Ð½Ð° Ð”Ñ€Ð¶Ð°Ð²Ð° ÐŸÐ°Ð¿ÑƒÐ° Ð�Ð¾Ð²Ð° Ð“Ð²Ð¸Ð½ÐµÑ˜Ð°
     got: Независна Држава Папуа Нова Гвинеја
 ; [cca2=PG].translations.tur.official
Expected: Papua Yeni Gine BaÄŸÄ±msÄ±z Devleti
     got: Papua Yeni Gine Bağımsız Devleti
 ; [cca2=PG].translations.urd.common
Expected: Ù¾Ø§Ù¾ÙˆØ§ Ù†ÛŒÙˆ Ú¯Ù†ÛŒ
     got: پاپوا نیو گنی
 ; [cca2=PG].translations.urd.official
Expected: Ø¢Ø²Ø§Ø¯ Ø±ÛŒØ§Ø³ØªÙ� Ù¾Ø§Ù¾ÙˆØ§ Ù†ÛŒÙˆ Ú¯Ù†ÛŒ
     got: آزاد ریاستِ پاپوا نیو گنی
 ; [cca2=PG].translations.zho.common
Expected: å·´å¸ƒäºšæ–°å‡ å†…äºš
     got: 巴布亚新几内亚
 ; [cca2=PG].translations.zho.official
Expected: å·´å¸ƒäºšæ–°å‡ å†…äºš
     got: 巴布亚新几内亚
 ; [cca2=PH].altSpellings[]
Expected: RepÃºblika ng Pilipinas
     but none found
 ; [cca2=PH].altSpellings[]
Unexpected: Repúblika ng Pilipinas
 ; [cca2=PH].currencies.PHP.symbol
Expected: â‚±
     got: ₱
 ; [cca2=PH].flag
Expected: ðŸ‡µðŸ‡­
     got: 🇵🇭
 ; [cca2=PH].translations.ara.common
Expected: Ø§Ù„Ù�Ù„Ø¨ÙŠÙ†
     got: الفلبين
 ; [cca2=PH].translations.ara.official
Expected: Ø¬Ù…Ù‡ÙˆØ±ÙŠØ© Ø§Ù„Ù�Ù„Ø¨ÙŠÙ†
     got: جمهورية الفلبين
 ; [cca2=PH].translations.ces.common
Expected: FilipÃ­ny
     got: Filipíny
 ; [cca2=PH].translations.ces.official
Expected: FilipÃ­nskÃ¡ republika
     got: Filipínská republika
 ; [cca2=PH].translations.fra.official
Expected: RÃ©publique des Philippines
     got: République des Philippines
 ; [cca2=PH].translations.hun.common
Expected: FÃ¼lÃ¶p-szigetek
     got: Fülöp-szigetek
 ; [cca2=PH].translations.hun.official
Expected: FÃ¼lÃ¶p-szigeteki KÃ¶ztÃ¡rsasÃ¡g
     got: Fülöp-szigeteki Köztársaság
 ; [cca2=PH].translations.jpn.common
Expected: ãƒ•ã‚£ãƒªãƒ”ãƒ³
     got: フィリピン
 ; [cca2=PH].translations.jpn.official
Expected: ãƒ•ã‚£ãƒªãƒ”ãƒ³å…±å’Œå›½
     got: フィリピン共和国
 ; [cca2=PH].translations.kor.common
Expected: í•„ë¦¬í•€
     got: 필리핀
 ; [cca2=PH].translations.kor.official
Expected: í•„ë¦¬í•€ ê³µí™”êµ­
     got: 필리핀 공화국
 ; [cca2=PH].translations.per.common
Expected: Ù�ÛŒÙ„ÛŒÙ¾ÛŒÙ†
     got: فیلیپین
 ; [cca2=PH].translations.per.official
Expected: Ø¬Ù…Ù‡ÙˆØ±ÛŒ Ù�ÛŒÙ„ÛŒÙ¾ÛŒÙ†
     got: جمهوری فیلیپین
 ; [cca2=PH].translations.por.official
Expected: RepÃºblica das Filipinas
     got: República das Filipinas
 ; [cca2=PH].translations.rus.common
Expected: Ð¤Ð¸Ð»Ð¸Ð¿Ð¿Ð¸Ð½Ñ‹
     got: Филиппины
 ; [cca2=PH].translations.rus.official
Expected: Ð ÐµÑ�Ð¿ÑƒÐ±Ð»Ð¸ÐºÐ° Ð¤Ð¸Ð»Ð¸Ð¿Ð¿Ð¸Ð½Ñ‹
     got: Республика Филиппины
 ; [cca2=PH].translations.slk.common
Expected: FilipÃ­ny
     got: Filipíny
 ; [cca2=PH].translations.slk.official
Expected: FilipÃ­nska republika
     got: Filipínska republika
 ; [cca2=PH].translations.spa.official
Expected: RepÃºblica de las Filipinas
     got: República de las Filipinas
 ; [cca2=PH].translations.srp.common
Expected: Ð¤Ð¸Ð»Ð¸Ð¿Ð¸Ð½Ð¸
     got: Филипини
 ; [cca2=PH].translations.srp.official
Expected: Ð ÐµÐ¿ÑƒÐ±Ð»Ð¸ÐºÐ° Ð¤Ð¸Ð»Ð¸Ð¿Ð¸Ð½Ð¸
     got: Република Филипини
 ; [cca2=PH].translations.urd.common
Expected: Ù�Ù„Ù¾Ø§Ø¦Ù†
     got: فلپائن
 ; [cca2=PH].translations.urd.official
Expected: Ø¬Ù…Û�ÙˆØ±ÛŒÛ� Ù�Ù„Ù¾Ø§Ø¦Ù†
     got: جمہوریہ فلپائن
 ; [cca2=PH].translations.zho.common
Expected: è�²å¾‹å®¾
     got: 菲律宾
 ; [cca2=PH].translations.zho.official
Expected: è�²å¾‹å®¾å…±å’Œå›½
     got: 菲律宾共和国
 ; [cca2=PK].altSpellings[]
Expected: IslÄ�mÄ« JumhÅ«riya&apos;eh PÄ�kistÄ�n
     but none found
 ; [cca2=PK].altSpellings[]
Expected: PÄ�kistÄ�n
     but none found
 ; [cca2=PK].altSpellings[]
Unexpected: Pākistān
 ; [cca2=PK].altSpellings[]
Unexpected: Islāmī Jumhūriya&apos;eh Pākistān
 ; [cca2=PK].currencies.PKR.symbol
Expected: â‚¨
     got: ₨
 ; [cca2=PK].flag
Expected: ðŸ‡µðŸ‡°
     got: 🇵🇰
 ; [cca2=PK].name.nativeName.urd.common
Expected: Ù¾Ø§ÙƒØ³ØªØ§Ù†
     got: پاكستان
 ; [cca2=PK].name.nativeName.urd.official
Expected: Ø§Ø³Ù„Ø§Ù…ÛŒ Ø¬Ù…Û�ÙˆØ±ÛŒÛ‚ Ù¾Ø§ÙƒØ³ØªØ§Ù†
     got: اسلامی جمہوریۂ پاكستان
 ; [cca2=PK].translations.ara.common
Expected: Ø¨Ø§ÙƒØ³ØªØ§Ù†
     got: باكستان
 ; [cca2=PK].translations.ara.official
Expected: Ø¬Ù…Ù‡ÙˆØ±ÙŠØ© Ø¨Ø§ÙƒØ³ØªØ§Ù† Ø§Ù„Ø¥Ø³Ù„Ø§Ù…ÙŠØ©
     got: جمهورية باكستان الإسلامية
 ; [cca2=PK].translations.ces.common
Expected: PÃ¡kistÃ¡n
     got: Pákistán
 ; [cca2=PK].translations.ces.official
Expected: PÃ¡kistÃ¡nskÃ¡ islÃ¡mskÃ¡ republika
     got: Pákistánská islámská republika
 ; [cca2=PK].translations.fra.official
Expected: RÃ©publique islamique du Pakistan
     got: République islamique du Pakistan
 ; [cca2=PK].translations.hun.common
Expected: PakisztÃ¡n
     got: Pakisztán
 ; [cca2=PK].translations.hun.official
Expected: PakisztÃ¡n
     got: Pakisztán
 ; [cca2=PK].translations.jpn.common
Expected: ãƒ‘ã‚­ã‚¹ã‚¿ãƒ³
     got: パキスタン
 ; [cca2=PK].translations.jpn.official
Expected: ãƒ‘ã‚­ã‚¹ã‚¿ãƒ³
     got: パキスタン
 ; [cca2=PK].translations.kor.common
Expected: íŒŒí‚¤ìŠ¤íƒ„
     got: 파키스탄
 ; [cca2=PK].translations.kor.official
Expected: íŒŒí‚¤ìŠ¤íƒ„ ì�´ìŠ¬ëžŒ ê³µí™”êµ­
     got: 파키스탄 이슬람 공화국
 ; [cca2=PK].translations.per.common
Expected: Ù¾Ø§Ú©Ø³ØªØ§Ù†
     got: پاکستان
 ; [cca2=PK].translations.per.official
Expected: Ø¬Ù…Ù‡ÙˆØ±ÛŒ Ø§Ø³Ù„Ø§Ù…ÛŒ Ù¾Ø§Ú©Ø³ØªØ§Ù†
     got: جمهوری اسلامی پاکستان
 ; [cca2=PK].translations.por.common
Expected: PaquistÃ£o
     got: Paquistão
 ; [cca2=PK].translations.por.official
Expected: RepÃºblica IslÃ¢mica do PaquistÃ£o
     got: República Islâmica do Paquistão
 ; [cca2=PK].translations.rus.common
Expected: ÐŸÐ°ÐºÐ¸Ñ�Ñ‚Ð°Ð½
     got: Пакистан
 ; [cca2=PK].translations.rus.official
Expected: Ð˜Ñ�Ð»Ð°Ð¼Ñ�ÐºÐ°Ñ� Ð ÐµÑ�Ð¿ÑƒÐ±Ð»Ð¸ÐºÐ° ÐŸÐ°ÐºÐ¸Ñ�Ñ‚Ð°Ð½
     got: Исламская Республика Пакистан
 ; [cca2=PK].translations.slk.official
Expected: PakistanskÃ¡ islamskÃ¡ republika
     got: Pakistanská islamská republika
 ; [cca2=PK].translations.spa.common
Expected: PakistÃ¡n
     got: Pakistán
 ; [cca2=PK].translations.spa.official
Expected: RepÃºblica IslÃ¡mica de PakistÃ¡n
     got: República Islámica de Pakistán
 ; [cca2=PK].translations.srp.common
Expected: ÐŸÐ°ÐºÐ¸Ñ�Ñ‚Ð°Ð½
     got: Пакистан
 ; [cca2=PK].translations.srp.official
Expected: Ð˜Ñ�Ð»Ð°Ð¼Ñ�ÐºÐ° Ð ÐµÐ¿ÑƒÐ±Ð»Ð¸ÐºÐ° ÐŸÐ°ÐºÐ¸Ñ�Ñ‚Ð°Ð½
     got: Исламска Република Пакистан
 ; [cca2=PK].translations.tur.official
Expected: Pakistan Ä°slam Cumhuriyeti
     got: Pakistan İslam Cumhuriyeti
 ; [cca2=PK].translations.urd.common
Expected: Ù¾Ø§Ú©Ø³ØªØ§Ù†
     got: پاکستان
 ; [cca2=PK].translations.urd.official
Expected: Ø§Ø³Ù„Ø§Ù…ÛŒ Ø¬Ù…Û�ÙˆØ±ÛŒÛ� Ù¾Ø§Ú©Ø³ØªØ§Ù†
     got: اسلامی جمہوریہ پاکستان
 ; [cca2=PK].translations.zho.common
Expected: å·´åŸºæ–¯å�¦
     got: 巴基斯坦
 ; [cca2=PK].translations.zho.official
Expected: å·´åŸºæ–¯å�¦ä¼Šæ–¯å…°å…±å’Œå›½
     got: 巴基斯坦伊斯兰共和国
 ; [cca2=PL].currencies.PLN.name
Expected: Polish zÅ‚oty
     got: Polish złoty
 ; [cca2=PL].currencies.PLN.symbol
Expected: zÅ‚
     got: zł
 ; [cca2=PL].flag
Expected: ðŸ‡µðŸ‡±
     got: 🇵🇱
 ; [cca2=PL].translations.ara.common
Expected: Ø¨ÙˆÙ„Ù†Ø¯Ø§
     got: بولندا
 ; [cca2=PL].translations.ara.official
Expected: Ø§Ù„Ø¬Ù…Ù‡ÙˆØ±ÙŠØ© Ø§Ù„Ø¨ÙˆÙ„Ù†Ø¯ÙŠØ©
     got: الجمهورية البولندية
 ; [cca2=PL].translations.ces.official
Expected: PolskÃ¡ republika
     got: Polská republika
 ; [cca2=PL].translations.fra.official
Expected: RÃ©publique de Pologne
     got: République de Pologne
 ; [cca2=PL].translations.hun.common
Expected: LengyelorszÃ¡g
     got: Lengyelország
 ; [cca2=PL].translations.hun.official
Expected: Lengyel KÃ¶ztÃ¡rsasÃ¡g
     got: Lengyel Köztársaság
 ; [cca2=PL].translations.jpn.common
Expected: ãƒ�ãƒ¼ãƒ©ãƒ³ãƒ‰
     got: ポーランド
 ; [cca2=PL].translations.jpn.official
Expected: ãƒ�ãƒ¼ãƒ©ãƒ³ãƒ‰å…±å’Œå›½
     got: ポーランド共和国
 ; [cca2=PL].translations.kor.common
Expected: í�´ëž€ë“œ
     got: 폴란드
 ; [cca2=PL].translations.kor.official
Expected: í�´ëž€ë“œ ê³µí™”êµ­
     got: 폴란드 공화국
 ; [cca2=PL].translations.per.common
Expected: Ù„Ù‡Ø³ØªØ§Ù†
     got: لهستان
 ; [cca2=PL].translations.per.official
Expected: Ø¬Ù…Ù‡ÙˆØ±ÛŒ Ù„Ù‡Ø³ØªØ§Ù†
     got: جمهوری لهستان
 ; [cca2=PL].translations.por.common
Expected: PolÃ³nia
     got: Polónia
 ; [cca2=PL].translations.por.official
Expected: RepÃºblica da PolÃ³nia
     got: República da Polónia
 ; [cca2=PL].translations.rus.common
Expected: ÐŸÐ¾Ð»ÑŒÑˆÐ°
     got: Польша
 ; [cca2=PL].translations.rus.official
Expected: Ð ÐµÑ�Ð¿ÑƒÐ±Ð»Ð¸ÐºÐ° ÐŸÐ¾Ð»ÑŒÑˆÐ°
     got: Республика Польша
 ; [cca2=PL].translations.slk.common
Expected: PoÄ¾sko
     got: Poľsko
 ; [cca2=PL].translations.slk.official
Expected: PoÄ¾skÃ¡ republika
     got: Poľská republika
 ; [cca2=PL].translations.spa.official
Expected: RepÃºblica de Polonia
     got: República de Polonia
 ; [cca2=PL].translations.srp.common
Expected: ÐŸÐ¾Ñ™Ñ�ÐºÐ°
     got: Пољска
 ; [cca2=PL].translations.srp.official
Expected: Ð ÐµÐ¿ÑƒÐ±Ð»Ð¸ÐºÐ° ÐŸÐ¾Ñ™Ñ�ÐºÐ°
     got: Република Пољска
 ; [cca2=PL].translations.urd.common
Expected: Ù¾ÙˆÙ„ÛŒÙ†Úˆ
     got: پولینڈ
 ; [cca2=PL].translations.urd.official
Expected: Ø¬Ù…Û�ÙˆØ±ÛŒÛ� Ù¾ÙˆÙ„ÛŒÙ†Úˆ
     got: جمہوریہ پولینڈ
 ; [cca2=PL].translations.zho.common
Expected: æ³¢å…°
     got: 波兰
 ; [cca2=PL].translations.zho.official
Expected: æ³¢å…°å…±å’Œå›½
     got: 波兰共和国
 ; [cca2=PM].altSpellings[]
Expected: CollectivitÃ© territoriale de Saint-Pierre-et-Miquelon
     but none found
 ; [cca2=PM].altSpellings[]
Unexpected: Collectivité territoriale de Saint-Pierre-et-Miquelon
 ; [cca2=PM].currencies.EUR.symbol
Expected: â‚¬
     got: €
 ; [cca2=PM].flag
Expected: ðŸ‡µðŸ‡²
     got: 🇵🇲
 ; [cca2=PM].name.nativeName.fra.official
Expected: CollectivitÃ© territoriale de Saint-Pierre-et-Miquelon
     got: Collectivité territoriale de Saint-Pierre-et-Miquelon
 ; [cca2=PM].translations.ara.common
Expected: Ø³Ø§Ù† Ø¨ÙŠÙŠØ± ÙˆÙ…ÙŠÙƒÙ„ÙˆÙ†
     got: سان بيير وميكلون
 ; [cca2=PM].translations.ara.official
Expected: Ø³Ø§Ù† Ø¨ÙŠÙŠØ± ÙˆÙ…ÙŠÙƒÙ„ÙˆÙ†
     got: سان بيير وميكلون
 ; [cca2=PM].translations.bre.common
Expected: Sant-PÃªr-ha-Mikelon
     got: Sant-Pêr-ha-Mikelon
 ; [cca2=PM].translations.bre.official
Expected: Sant-PÃªr-ha-Mikelon
     got: Sant-Pêr-ha-Mikelon
 ; [cca2=PM].translations.est.official
Expected: Saint-Pierreâ€™i ja Miqueloni territoriaalÃ¼hendus
     got: Saint-Pierre’i ja Miqueloni territoriaalühendus
 ; [cca2=PM].translations.hun.common
Expected: Saint-Pierre Ã©s Miquelon
     got: Saint-Pierre és Miquelon
 ; [cca2=PM].translations.hun.official
Expected: Saint-Pierre Ã©s Miquelon
     got: Saint-Pierre és Miquelon
 ; [cca2=PM].translations.jpn.common
Expected: ã‚µãƒ³ãƒ”ã‚¨ãƒ¼ãƒ«å³¶ãƒ»ãƒŸã‚¯ãƒ­ãƒ³å³¶
     got: サンピエール島・ミクロン島
 ; [cca2=PM].translations.jpn.official
Expected: ã‚µãƒ³ãƒ”ã‚¨ãƒ¼ãƒ«å³¶Â·ãƒŸã‚¯ãƒ­ãƒ³å³¶
     got: サンピエール島·ミクロン島
 ; [cca2=PM].translations.kor.common
Expected: ìƒ�í”¼ì—�ë¥´ ë¯¸í�´ë¡±
     got: 생피에르 미클롱
 ; [cca2=PM].translations.kor.official
Expected: ìƒ�í”¼ì—�ë¥´ ë¯¸í�´ë¡±
     got: 생피에르 미클롱
 ; [cca2=PM].translations.per.common
Expected: Ø³Ù†-Ù¾ÛŒÙ�Ø± Ùˆ Ù…ÛŒÚ©Ù„Ù�Ù†
     got: سن-پیِر و میکلُن
 ; [cca2=PM].translations.per.official
Expected: Ø³Ù†-Ù¾ÛŒØ±-Ø§-Ù…ÛŒÚ©Ù„ÙˆÙ†
     got: سن-پیر-ا-میکلون
 ; [cca2=PM].translations.rus.common
Expected: Ð¡ÐµÐ½-ÐŸÑŒÐµÑ€ Ð¸ ÐœÐ¸ÐºÐµÐ»Ð¾Ð½
     got: Сен-Пьер и Микелон
 ; [cca2=PM].translations.rus.official
Expected: Ð¡ÐµÐ½-ÐŸÑŒÐµÑ€ Ð¸ ÐœÐ¸ÐºÐµÐ»Ð¾Ð½
     got: Сен-Пьер и Микелон
 ; [cca2=PM].translations.spa.common
Expected: San Pedro y MiquelÃ³n
     got: San Pedro y Miquelón
 ; [cca2=PM].translations.spa.official
Expected: San Pedro y MiquelÃ³n
     got: San Pedro y Miquelón
 ; [cca2=PM].translations.srp.common
Expected: Ð¡ÐµÐ½ ÐŸÑ˜ÐµÑ€ Ð¸ ÐœÐ¸ÐºÐµÐ»Ð¾Ð½
     got: Сен Пјер и Микелон
 ; [cca2=PM].translations.srp.official
Expected: Ð¡ÐµÐ½ ÐŸÑ˜ÐµÑ€ Ð¸ ÐœÐ¸ÐºÐµÐ»Ð¾Ð½
     got: Сен Пјер и Микелон
 ; [cca2=PM].translations.urd.common
Expected: Ø³ÛŒÙ†Ù¹ Ù¾ÛŒØ¦Ø± Ùˆ Ù…ÛŒÚ©ÛŒÙ„ÙˆÙ†
     got: سینٹ پیئر و میکیلون
 ; [cca2=PM].translations.urd.official
Expected: Ø³ÛŒÙ†Ù¹ Ù¾ÛŒØ¦Ø± Ùˆ Ù…ÛŒÚ©ÛŒÙ„ÙˆÙ†
     got: سینٹ پیئر و میکیلون
 ; [cca2=PM].translations.zho.common
Expected: åœ£çš®åŸƒå°”å’Œå¯†å…‹éš†
     got: 圣皮埃尔和密克隆
 ; [cca2=PM].translations.zho.official
Expected: åœ£çš®åŸƒå°”å’Œå¯†å…‹éš†
     got: 圣皮埃尔和密克隆
 ; [cca2=PN].flag
Expected: ðŸ‡µðŸ‡³
     got: 🇵🇳
 ; [cca2=PN].translations.ara.common
Expected: Ø¬Ø²Ø± Ø¨ÙŠØªÙƒÙŠØ±Ù†
     got: جزر بيتكيرن
 ; [cca2=PN].translations.ara.official
Expected: Ø¬Ø²Ø± Ø¨ÙŠØªÙƒÙŠØ±Ù†
     got: جزر بيتكيرن
 ; [cca2=PN].translations.fra.common
Expected: ÃŽles Pitcairn
     got: Îles Pitcairn
 ; [cca2=PN].translations.fra.official
Expected: Groupe d&apos;Ã®les Pitcairn
     got: Groupe d&apos;îles Pitcairn
 ; [cca2=PN].translations.hrv.common
Expected: Pitcairnovo otoÄ�je
     got: Pitcairnovo otočje
 ; [cca2=PN].translations.jpn.common
Expected: ãƒ”ãƒˆã‚±ã‚¢ãƒ³
     got: ピトケアン
 ; [cca2=PN].translations.jpn.official
Expected: å³¶ã�®ãƒ”ãƒˆã‚±ã‚¢ãƒ³ã‚°ãƒ«ãƒ¼ãƒ—
     got: 島のピトケアングループ
 ; [cca2=PN].translations.kor.common
Expected: í•�ì¼€ì–¸ ì œë�„
     got: 핏케언 제도
 ; [cca2=PN].translations.kor.official
Expected: í•�ì¼€ì–¸ ì œë�„
     got: 핏케언 제도
 ; [cca2=PN].translations.per.common
Expected: Ø¬Ø²Ø§ÛŒØ± Ù¾ÛŒØªâ€ŒÚ©Ø±Ù†
     got: جزایر پیت‌کرن
 ; [cca2=PN].translations.per.official
Expected: Ø¬Ø²Ø§ÛŒØ± Ù¾ÛŒØªâ€ŒÚ©Ø±Ù†
     got: جزایر پیت‌کرن
 ; [cca2=PN].translations.rus.common
Expected: ÐžÑ�Ñ‚Ñ€Ð¾Ð²Ð° ÐŸÐ¸Ñ‚ÐºÑ�Ñ€Ð½
     got: Острова Питкэрн
 ; [cca2=PN].translations.rus.official
Expected: ÐŸÐ¸Ñ‚ÐºÑ�Ñ€Ð½ Ð³Ñ€ÑƒÐ¿Ð¿Ð° Ð¾Ñ�Ñ‚Ñ€Ð¾Ð²Ð¾Ð²
     got: Питкэрн группа островов
 ; [cca2=PN].translations.srp.common
Expected: ÐžÑ�Ñ‚Ñ€Ð²Ð° ÐŸÐ¸Ñ‚ÐºÐµÑ€Ð½
     got: Острва Питкерн
 ; [cca2=PN].translations.srp.official
Expected: ÐžÑ�Ñ‚Ñ€Ð²Ð° ÐŸÐ¸Ñ‚ÐºÐµÑ€Ð½, Ð¥ÐµÐ½Ð´ÐµÑ€Ñ�Ð¾Ð½, Ð”ÑƒÑ†Ð¸ Ð¸ ÐžÐ¸Ð½
     got: Острва Питкерн, Хендерсон, Дуци и Оин
 ; [cca2=PN].translations.swe.common
Expected: PitcairnÃ¶arna
     got: Pitcairnöarna
 ; [cca2=PN].translations.swe.official
Expected: PitcairnÃ¶arna
     got: Pitcairnöarna
 ; [cca2=PN].translations.tur.common
Expected: Pitcairn AdalarÄ±
     got: Pitcairn Adaları
 ; [cca2=PN].translations.tur.official
Expected: Pitcairn, Henderson, Ducie ve Oeno AdalarÄ±
     got: Pitcairn, Henderson, Ducie ve Oeno Adaları
 ; [cca2=PN].translations.urd.common
Expected: Ø¬Ø²Ø§Ø¦Ø± Ù¾Ù¹Ú©ÛŒØ±Ù†
     got: جزائر پٹکیرن
 ; [cca2=PN].translations.urd.official
Expected: Ù¾Ù¹Ú©ÛŒØ±Ù† Ø¬Ø²Ø§Ø¦Ø±
     got: پٹکیرن جزائر
 ; [cca2=PN].translations.zho.common
Expected: çš®ç‰¹å‡¯æ�©ç¾¤å²›
     got: 皮特凯恩群岛
 ; [cca2=PN].translations.zho.official
Expected: çš®ç‰¹å‡¯æ�©ç¾¤å²›
     got: 皮特凯恩群岛
" type="java.lang.AssertionError">java.lang.AssertionError: Get response: [cca2=PR].flag
Expected: ðŸ‡µðŸ‡·
     got: 🇵🇷
 ; [cca2=PR].translations.ara.common
Expected: Ø¨ÙˆÙŠØ±ØªÙˆØ±ÙŠÙƒÙˆ
     got: بويرتوريكو
 ; [cca2=PR].translations.ara.official
Expected: ÙƒÙˆÙ…Ù†ÙˆÙ„Ø« Ø¨ÙˆÙŠØ±ØªÙˆØ±ÙŠÙƒÙˆ
     got: كومنولث بويرتوريكو
 ; [cca2=PR].translations.est.official
Expected: Puerto Rico Ãœhendus
     got: Puerto Rico Ühendus
 ; [cca2=PR].translations.jpn.common
Expected: ãƒ—ã‚¨ãƒ«ãƒˆãƒªã‚³
     got: プエルトリコ
 ; [cca2=PR].translations.jpn.official
Expected: ãƒ—ã‚¨ãƒ«ãƒˆãƒªã‚³ã�®ã‚³ãƒ¢ãƒ³ã‚¦ã‚§ãƒ«ã‚¹
     got: プエルトリコのコモンウェルス
 ; [cca2=PR].translations.kor.common
Expected: í‘¸ì—�ë¥´í† ë¦¬ì½”
     got: 푸에르토리코
 ; [cca2=PR].translations.kor.official
Expected: í‘¸ì—�ë¥´í† ë¦¬ì½”
     got: 푸에르토리코
 ; [cca2=PR].translations.per.common
Expected: Ù¾ÙˆØ±ØªÙˆØ±ÛŒÚ©Ùˆ
     got: پورتوریکو
 ; [cca2=PR].translations.per.official
Expected: Ù‚Ù„Ù…Ø±Ùˆ Ù‡Ù…Ø³ÙˆØ¯ Ù¾ÙˆØ±ØªÙˆØ±ÛŒÚ©Ùˆ
     got: قلمرو همسود پورتوریکو
 ; [cca2=PR].translations.pol.official
Expected: Wolne Stowarzyszone PaÅ„stwo Portoryko
     got: Wolne Stowarzyszone Państwo Portoryko
 ; [cca2=PR].translations.rus.common
Expected: ÐŸÑƒÑ�Ñ€Ñ‚Ð¾-Ð Ð¸ÐºÐ¾
     got: Пуэрто-Рико
 ; [cca2=PR].translations.rus.official
Expected: Ð¡Ð¾Ð´Ñ€ÑƒÐ¶ÐµÑ�Ñ‚Ð²Ð¾ ÐŸÑƒÑ�Ñ€Ñ‚Ð¾-Ð Ð¸ÐºÐ¾
     got: Содружество Пуэрто-Рико
 ; [cca2=PR].translations.slk.official
Expected: PortorickÃ© spoloÄ�enstvo
     got: Portorické spoločenstvo
 ; [cca2=PR].translations.srp.common
Expected: ÐŸÐ¾Ñ€Ñ‚Ð¾Ñ€Ð¸ÐºÐ¾
     got: Порторико
 ; [cca2=PR].translations.srp.official
Expected: ÐšÐ¾Ð¼Ð¾Ð½Ð²ÐµÐ»Ñ‚ ÐŸÐ¾Ñ€Ñ‚Ð¾Ñ€Ð¸ÐºÐ¾
     got: Комонвелт Порторико
 ; [cca2=PR].translations.tur.official
Expected: Porto Riko TopluluÄŸu
     got: Porto Riko Topluluğu
 ; [cca2=PR].translations.urd.common
Expected: Ù¾ÙˆØ±Ù¹Ùˆ Ø±ÛŒÚ©Ùˆ
     got: پورٹو ریکو
 ; [cca2=PR].translations.urd.official
Expected:  Ø¯ÙˆÙ„ØªÙ� Ù…Ø´ØªØ±Ú©Û� Ù¾ÙˆØ±Ù¹Ùˆ Ø±ÛŒÚ©Ùˆ
     got:  دولتِ مشترکہ پورٹو ریکو
 ; [cca2=PR].translations.zho.common
Expected: æ³¢å¤šé»Žå�„
     got: 波多黎各
 ; [cca2=PR].translations.zho.official
Expected: æ³¢å¤šé»Žå�„è�”é‚¦
     got: 波多黎各联邦
 ; [cca2=PS].altSpellings[]
Expected: Dawlat Filasá¹­in
     but none found
 ; [cca2=PS].altSpellings[]
Unexpected: Dawlat Filasṭin
 ; [cca2=PS].currencies.EGP.symbol
Expected: EÂ£
     got: E£
 ; [cca2=PS].currencies.ILS.symbol
Expected: â‚ª
     got: ₪
 ; [cca2=PS].flag
Expected: ðŸ‡µðŸ‡¸
     got: 🇵🇸
 ; [cca2=PS].name.nativeName.ara.common
Expected: Ù�Ù„Ø³Ø·ÙŠÙ†
     got: فلسطين
 ; [cca2=PS].name.nativeName.ara.official
Expected: Ø¯ÙˆÙ„Ø© Ù�Ù„Ø³Ø·ÙŠÙ†
     got: دولة فلسطين
 ; [cca2=PS].tld[]
Expected: Ù�Ù„Ø³Ø·ÙŠÙ†.
     but none found
 ; [cca2=PS].tld[]
Unexpected: فلسطين.
 ; [cca2=PS].translations.ara.common
Expected: Ù�Ù„Ø³Ø·ÙŠÙ†
     got: فلسطين
 ; [cca2=PS].translations.ara.official
Expected: Ø¯ÙˆÙ„Ø© Ù�Ù„Ø³Ø·ÙŠÙ†
     got: دولة فلسطين
 ; [cca2=PS].translations.ces.official
Expected: StÃ¡t Palestina
     got: Stát Palestina
 ; [cca2=PS].translations.deu.common
Expected: PalÃ¤stina
     got: Palästina
 ; [cca2=PS].translations.deu.official
Expected: Staat PalÃ¤stina
     got: Staat Palästina
 ; [cca2=PS].translations.fra.official
Expected: Ã‰tat de Palestine
     got: État de Palestine
 ; [cca2=PS].translations.hun.official
Expected: Palesztin AutonÃ³mia
     got: Palesztin Autonómia
 ; [cca2=PS].translations.jpn.common
Expected: ãƒ‘ãƒ¬ã‚¹ãƒ�ãƒŠ
     got: パレスチナ
 ; [cca2=PS].translations.jpn.official
Expected: ãƒ‘ãƒ¬ã‚¹ãƒ�ãƒŠè‡ªæ²»æ”¿åºœ
     got: パレスチナ自治政府
 ; [cca2=PS].translations.kor.common
Expected: íŒ”ë ˆìŠ¤íƒ€ì�¸
     got: 팔레스타인
 ; [cca2=PS].translations.kor.official
Expected: íŒ”ë ˆìŠ¤íƒ€ì�¸êµ­
     got: 팔레스타인국
 ; [cca2=PS].translations.per.common
Expected: Ù�Ù„Ø³Ø·ÛŒÙ†
     got: فلسطین
 ; [cca2=PS].translations.per.official
Expected: Ø¯ÙˆÙ„Øª Ù�Ù„Ø³Ø·ÛŒÙ†
     got: دولت فلسطین
 ; [cca2=PS].translations.pol.official
Expected: PaÅ„stwo Palestyna
     got: Państwo Palestyna
 ; [cca2=PS].translations.rus.common
Expected: ÐŸÐ°Ð»ÐµÑ�Ñ‚Ð¸Ð½Ð°
     got: Палестина
 ; [cca2=PS].translations.rus.official
Expected: Ð“Ð¾Ñ�ÑƒÐ´Ð°Ñ€Ñ�Ñ‚Ð²Ð¾ ÐŸÐ°Ð»ÐµÑ�Ñ‚Ð¸Ð½Ð°
     got: Государство Палестина
 ; [cca2=PS].translations.slk.common
Expected: PalestÃ­na
     got: Palestína
 ; [cca2=PS].translations.slk.official
Expected: PalestÃ­nsky Å¡tÃ¡t
     got: Palestínsky štát
 ; [cca2=PS].translations.srp.common
Expected: ÐŸÐ°Ð»ÐµÑ�Ñ‚Ð¸Ð½Ð°
     got: Палестина
 ; [cca2=PS].translations.srp.official
Expected: Ð”Ñ€Ð¶Ð°Ð²Ð° ÐŸÐ°Ð»ÐµÑ�Ñ‚Ð¸Ð½Ð°
     got: Држава Палестина
 ; [cca2=PS].translations.urd.common
Expected: Ù�Ù„Ø³Ø·ÛŒÙ†
     got: فلسطین
 ; [cca2=PS].translations.urd.official
Expected: Ø±ÛŒØ§Ø³ØªÙ� Ù�Ù„Ø³Ø·ÛŒÙ†
     got: ریاستِ فلسطین
 ; [cca2=PS].translations.zho.common
Expected: å·´å‹’æ–¯å�¦
     got: 巴勒斯坦
 ; [cca2=PS].translations.zho.official
Expected: å·´å‹’æ–¯å�¦å›½
     got: 巴勒斯坦国
 ; [cca2=PT].altSpellings[]
Expected: RepÃºblica Portuguesa
     but none found
 ; [cca2=PT].altSpellings[]
Unexpected: República Portuguesa
 ; [cca2=PT].currencies.EUR.symbol
Expected: â‚¬
     got: €
 ; [cca2=PT].flag
Expected: ðŸ‡µðŸ‡¹
     got: 🇵🇹
 ; [cca2=PT].name.nativeName.por.official
Expected: RepÃºblica portuguÃªs
     got: República português
 ; [cca2=PT].translations.ara.common
Expected: Ø§Ù„Ø¨Ø±ØªØºØ§Ù„
     got: البرتغال
 ; [cca2=PT].translations.ara.official
Expected: Ø§Ù„Ø¬Ù…Ù‡ÙˆØ±ÙŠØ© Ø§Ù„Ø¨Ø±ØªØºØ§Ù„ÙŠØ©
     got: الجمهورية البرتغالية
 ; [cca2=PT].translations.ces.official
Expected: PortugalskÃ¡ republika
     got: Portugalská republika
 ; [cca2=PT].translations.fra.official
Expected: RÃ©publique portugaise
     got: République portugaise
 ; [cca2=PT].translations.hun.common
Expected: PortugÃ¡lia
     got: Portugália
 ; [cca2=PT].translations.hun.official
Expected: PortugÃ¡l KÃ¶ztÃ¡rsasÃ¡g
     got: Portugál Köztársaság
 ; [cca2=PT].translations.jpn.common
Expected: ãƒ�ãƒ«ãƒˆã‚¬ãƒ«
     got: ポルトガル
 ; [cca2=PT].translations.jpn.official
Expected: ãƒ�ãƒ«ãƒˆã‚¬ãƒ«å…±å’Œå›½
     got: ポルトガル共和国
 ; [cca2=PT].translations.kor.common
Expected: í�¬ë¥´íˆ¬ê°ˆ
     got: 포르투갈
 ; [cca2=PT].translations.kor.official
Expected: í�¬ë¥´íˆ¬ê°ˆ ê³µí™”êµ­
     got: 포르투갈 공화국
 ; [cca2=PT].translations.per.common
Expected: Ù¾Ø±ØªØºØ§Ù„
     got: پرتغال
 ; [cca2=PT].translations.per.official
Expected: Ø¬Ù…Ù‡ÙˆØ±ÛŒ Ù¾Ø±ØªØºØ§Ù„
     got: جمهوری پرتغال
 ; [cca2=PT].translations.por.official
Expected: RepÃºblica portuguÃªs
     got: República português
 ; [cca2=PT].translations.rus.common
Expected: ÐŸÐ¾Ñ€Ñ‚ÑƒÐ³Ð°Ð»Ð¸Ñ�
     got: Португалия
 ; [cca2=PT].translations.rus.official
Expected: ÐŸÐ¾Ñ€Ñ‚ÑƒÐ³Ð°Ð»ÑŒÑ�ÐºÐ°Ñ� Ð ÐµÑ�Ð¿ÑƒÐ±Ð»Ð¸ÐºÐ°
     got: Португальская Республика
 ; [cca2=PT].translations.slk.official
Expected: PortugalskÃ¡ republika
     got: Portugalská republika
 ; [cca2=PT].translations.spa.official
Expected: RepÃºblica Portuguesa
     got: República Portuguesa
 ; [cca2=PT].translations.srp.common
Expected: ÐŸÐ¾Ñ€Ñ‚ÑƒÐ³Ð°Ð»
     got: Португал
 ; [cca2=PT].translations.srp.official
Expected: ÐŸÐ¾Ñ€Ñ‚ÑƒÐ³Ð°Ð»Ñ�ÐºÐ° Ð ÐµÐ¿ÑƒÐ±Ð»Ð¸ÐºÐ°
     got: Португалска Република
 ; [cca2=PT].translations.urd.common
Expected: Ù¾Ø±ØªÚ¯Ø§Ù„
     got: پرتگال
 ; [cca2=PT].translations.urd.official
Expected: Ø¬Ù…Û�ÙˆØ±ÛŒÛ� Ù¾Ø±ØªÚ¯Ø§Ù„
     got: جمہوریہ پرتگال
 ; [cca2=PT].translations.zho.common
Expected: è‘¡è�„ç‰™
     got: 葡萄牙
 ; [cca2=PT].translations.zho.official
Expected: è‘¡è�„ç‰™å…±å’Œå›½
     got: 葡萄牙共和国
 ; [cca2=PW].flag
Expected: ðŸ‡µðŸ‡¼
     got: 🇵🇼
 ; [cca2=PW].translations.ara.common
Expected: Ø¨Ø§Ù„Ø§Ùˆ
     got: بالاو
 ; [cca2=PW].translations.ara.official
Expected: Ø¬Ù…Ù‡ÙˆØ±ÙŠØ© Ø¨Ø§Ù„Ø§Ùˆ
     got: جمهورية بالاو
 ; [cca2=PW].translations.fra.official
Expected: RÃ©publique des Palaos (Palau)
     got: République des Palaos (Palau)
 ; [cca2=PW].translations.hun.official
Expected: Palaui KÃ¶ztÃ¡rsasÃ¡g
     got: Palaui Köztársaság
 ; [cca2=PW].translations.jpn.common
Expected: ãƒ‘ãƒ©ã‚ª
     got: パラオ
 ; [cca2=PW].translations.jpn.official
Expected: ãƒ‘ãƒ©ã‚ªå…±å’Œå›½
     got: パラオ共和国
 ; [cca2=PW].translations.kor.common
Expected: íŒ”ë�¼ìš°
     got: 팔라우
 ; [cca2=PW].translations.kor.official
Expected: íŒ”ë�¼ìš° ê³µí™”êµ­
     got: 팔라우 공화국
 ; [cca2=PW].translations.per.common
Expected: Ù¾Ø§Ù„Ø§Ø¦Ùˆ
     got: پالائو
 ; [cca2=PW].translations.per.official
Expected: Ø¬Ù…Ù‡ÙˆØ±ÛŒ Ù¾Ø§Ù„Ø§Ø¦Ùˆ
     got: جمهوری پالائو
 ; [cca2=PW].translations.por.official
Expected: RepÃºblica de Palau
     got: República de Palau
 ; [cca2=PW].translations.rus.common
Expected: ÐŸÐ°Ð»Ð°Ñƒ
     got: Палау
 ; [cca2=PW].translations.rus.official
Expected: Ð ÐµÑ�Ð¿ÑƒÐ±Ð»Ð¸ÐºÐ° ÐŸÐ°Ð»Ð°Ñƒ
     got: Республика Палау
 ; [cca2=PW].translations.slk.official
Expected: PalauskÃ¡ republika
     got: Palauská republika
 ; [cca2=PW].translations.spa.official
Expected: RepÃºblica de Palau
     got: República de Palau
 ; [cca2=PW].translations.srp.common
Expected: ÐŸÐ°Ð»Ð°Ñƒ
     got: Палау
 ; [cca2=PW].translations.srp.official
Expected: Ð ÐµÐ¿ÑƒÐ±Ð»Ð¸ÐºÐ° ÐŸÐ°Ð»Ð°Ñƒ
     got: Република Палау
 ; [cca2=PW].translations.urd.common
Expected: Ù¾Ù„Ø§Ø¤
     got: پلاؤ
 ; [cca2=PW].translations.urd.official
Expected: Ø¬Ù…Û�ÙˆØ±ÛŒÛ� Ù¾Ù„Ø§Ø¤
     got: جمہوریہ پلاؤ
 ; [cca2=PW].translations.zho.common
Expected: å¸•åŠ³
     got: 帕劳
 ; [cca2=PW].translations.zho.official
Expected: å¸•åŠ³å…±å’Œå›½
     got: 帕劳共和国
 ; [cca2=PY].altSpellings[]
Expected: TetÃ£ ParaguÃ¡i
     but none found
 ; [cca2=PY].altSpellings[]
Expected: RepÃºblica del Paraguay
     but none found
 ; [cca2=PY].altSpellings[]
Unexpected: República del Paraguay
 ; [cca2=PY].altSpellings[]
Unexpected: Tetã Paraguái
 ; [cca2=PY].capital[]
Expected: AsunciÃ³n
     but none found
 ; [cca2=PY].capital[]
Unexpected: Asunción
 ; [cca2=PY].currencies.PYG.name
Expected: Paraguayan guaranÃ­
     got: Paraguayan guaraní
 ; [cca2=PY].currencies.PYG.symbol
Expected: â‚²
     got: ₲
 ; [cca2=PY].flag
Expected: ðŸ‡µðŸ‡¾
     got: 🇵🇾
 ; [cca2=PY].languages.grn
Expected: GuaranÃ­
     got: Guaraní
 ; [cca2=PY].name.nativeName.grn.common
Expected: ParaguÃ¡i
     got: Paraguái
 ; [cca2=PY].name.nativeName.grn.official
Expected: TetÃ£ ParaguÃ¡i
     got: Tetã Paraguái
 ; [cca2=PY].name.nativeName.spa.official
Expected: RepÃºblica de Paraguay
     got: República de Paraguay
 ; [cca2=PY].translations.ara.common
Expected: Ø¨Ø§Ø±Ø§ØºÙˆØ§ÙŠ
     got: باراغواي
 ; [cca2=PY].translations.ara.official
Expected: Ø¬Ù…Ù‡ÙˆØ±ÙŠØ© Ø¨Ø§Ø±Ø§ØºÙˆØ§ÙŠ
     got: جمهورية باراغواي
 ; [cca2=PY].translations.ces.official
Expected: ParaguayskÃ¡ republika
     got: Paraguayská republika
 ; [cca2=PY].translations.fra.official
Expected: RÃ©publique du Paraguay
     got: République du Paraguay
 ; [cca2=PY].translations.hun.official
Expected: Paraguayi KÃ¶ztÃ¡rsasÃ¡g
     got: Paraguayi Köztársaság
 ; [cca2=PY].translations.jpn.common
Expected: ãƒ‘ãƒ©ã‚°ã‚¢ã‚¤
     got: パラグアイ
 ; [cca2=PY].translations.jpn.official
Expected: ãƒ‘ãƒ©ã‚°ã‚¢ã‚¤å…±å’Œå›½
     got: パラグアイ共和国
 ; [cca2=PY].translations.kor.common
Expected: íŒŒë�¼ê³¼ì�´
     got: 파라과이
 ; [cca2=PY].translations.kor.official
Expected: íŒŒë�¼ê³¼ì�´ ê³µí™”êµ­
     got: 파라과이 공화국
 ; [cca2=PY].translations.per.common
Expected: Ù¾Ø§Ø±Ø§Ú¯ÙˆØ¦Ù‡
     got: پاراگوئه
 ; [cca2=PY].translations.per.official
Expected: Ø¬Ù…Ù‡ÙˆØ±ÛŒ Ù¾Ø§Ø±Ø§Ú¯ÙˆØ¦Ù‡
     got: جمهوری پاراگوئه
 ; [cca2=PY].translations.por.official
Expected: RepÃºblica do Paraguai
     got: República do Paraguai
 ; [cca2=PY].translations.rus.common
Expected: ÐŸÐ°Ñ€Ð°Ð³Ð²Ð°Ð¹
     got: Парагвай
 ; [cca2=PY].translations.rus.official
Expected: Ð ÐµÑ�Ð¿ÑƒÐ±Ð»Ð¸ÐºÐ° ÐŸÐ°Ñ€Ð°Ð³Ð²Ð°Ð¹
     got: Республика Парагвай
 ; [cca2=PY].translations.slk.official
Expected: ParaguajskÃ¡ republika
     got: Paraguajská republika
 ; [cca2=PY].translations.spa.official
Expected: RepÃºblica de Paraguay
     got: República de Paraguay
 ; [cca2=PY].translations.srp.common
Expected: ÐŸÐ°Ñ€Ð°Ð³Ð²Ð°Ñ˜
     got: Парагвај
 ; [cca2=PY].translations.srp.official
Expected: Ð ÐµÐ¿ÑƒÐ±Ð»Ð¸ÐºÐ° ÐŸÐ°Ñ€Ð°Ð³Ð²Ð°Ñ˜
     got: Република Парагвај
 ; [cca2=PY].translations.urd.common
Expected: Ù¾ÛŒØ±Ø§Ú¯ÙˆØ¦Û’
     got: پیراگوئے
 ; [cca2=PY].translations.urd.official
Expected: Ø¬Ù…Û�ÙˆØ±ÛŒÛ� Ù¾ÛŒØ±Ø§Ú¯ÙˆØ¦Û’
     got: جمہوریہ پیراگوئے
 ; [cca2=PY].translations.zho.common
Expected: å·´æ‹‰åœ­
     got: 巴拉圭
 ; [cca2=PY].translations.zho.official
Expected: å·´æ‹‰åœ­å…±å’Œå›½
     got: 巴拉圭共和国
 ; [cca2=QA].altSpellings[]
Expected: Dawlat Qaá¹­ar
     but none found
 ; [cca2=QA].altSpellings[]
Unexpected: Dawlat Qaṭar
 ; [cca2=QA].currencies.QAR.symbol
Expected: Ø±.Ù‚
     got: ر.ق
 ; [cca2=QA].flag
Expected: ðŸ‡¶ðŸ‡¦
     got: 🇶🇦
 ; [cca2=QA].name.nativeName.ara.common
Expected: Ù‚Ø·Ø±
     got: قطر
 ; [cca2=QA].name.nativeName.ara.official
Expected: Ø¯ÙˆÙ„Ø© Ù‚Ø·Ø±
     got: دولة قطر
 ; [cca2=QA].tld[]
Expected: Ù‚Ø·Ø±.
     but none found
 ; [cca2=QA].tld[]
Unexpected: قطر.
 ; [cca2=QA].translations.ara.common
Expected: Ù‚Ø·Ø±
     got: قطر
 ; [cca2=QA].translations.ara.official
Expected: Ø¯ÙˆÙ„Ø© Ù‚Ø·Ø±
     got: دولة قطر
 ; [cca2=QA].translations.ces.official
Expected: StÃ¡t Katar
     got: Stát Katar
 ; [cca2=QA].translations.fra.official
Expected: Ã‰tat du Qatar
     got: État du Qatar
 ; [cca2=QA].translations.hrv.official
Expected: DrÅ¾ava Katar
     got: Država Katar
 ; [cca2=QA].translations.hun.official
Expected: Katari Ã�llam
     got: Katari Állam
 ; [cca2=QA].translations.jpn.common
Expected: ã‚«ã‚¿ãƒ¼ãƒ«
     got: カタール
 ; [cca2=QA].translations.jpn.official
Expected: ã‚«ã‚¿ãƒ¼ãƒ«å›½
     got: カタール国
 ; [cca2=QA].translations.kor.common
Expected: ì¹´íƒ€ë¥´
     got: 카타르
 ; [cca2=QA].translations.kor.official
Expected: ì¹´íƒ€ë¥´êµ­
     got: 카타르국
 ; [cca2=QA].translations.per.common
Expected: Ù‚Ø·Ø±
     got: قطر
 ; [cca2=QA].translations.per.official
Expected: Ø¯ÙˆÙ„Øª Ù‚Ø·Ø±
     got: دولت قطر
 ; [cca2=QA].translations.pol.official
Expected: PaÅ„stwo Katar
     got: Państwo Katar
 ; [cca2=QA].translations.rus.common
Expected: ÐšÐ°Ñ‚Ð°Ñ€
     got: Катар
 ; [cca2=QA].translations.rus.official
Expected: Ð“Ð¾Ñ�ÑƒÐ´Ð°Ñ€Ñ�Ñ‚Ð²Ð¾ ÐšÐ°Ñ‚Ð°Ñ€
     got: Государство Катар
 ; [cca2=QA].translations.slk.official
Expected: KatarskÃ½ Å¡tÃ¡t
     got: Katarský štát
 ; [cca2=QA].translations.srp.common
Expected: ÐšÐ°Ñ‚Ð°Ñ€
     got: Катар
 ; [cca2=QA].translations.srp.official
Expected: Ð”Ñ€Ð¶Ð°Ð²Ð° ÐšÐ°Ñ‚Ð°Ñ€
     got: Држава Катар
 ; [cca2=QA].translations.urd.common
Expected: Ù‚Ø·Ø±
     got: قطر
 ; [cca2=QA].translations.urd.official
Expected: Ø±ÛŒØ§Ø³ØªÙ� Ù‚Ø·Ø±
     got: ریاستِ قطر
 ; [cca2=QA].translations.zho.common
Expected: å�¡å¡”å°”
     got: 卡塔尔
 ; [cca2=QA].translations.zho.official
Expected: å�¡å¡”å°”å›½
     got: 卡塔尔国
 ; [cca2=AD].currencies.EUR.symbol
Expected: â‚¬
     got: €
 ; [cca2=AD].flag
Expected: ðŸ‡¦ðŸ‡©
     got: 🇦🇩
 ; [cca2=AD].translations.ara.common
Expected: Ø£Ù†Ø¯ÙˆØ±Ø§
     got: أندورا
 ; [cca2=AD].translations.ara.official
Expected: Ø¥Ù…Ø§Ø±Ø© Ø£Ù†Ø¯ÙˆØ±Ø§
     got: إمارة أندورا
 ; [cca2=AD].translations.bre.official
Expected: PriÃ±selezh Andorra
     got: Priñselezh Andorra
 ; [cca2=AD].translations.ces.official
Expected: AndorrskÃ© knÃ­Å¾ectvÃ­
     got: Andorrské knížectví
 ; [cca2=AD].translations.deu.official
Expected: FÃ¼rstentum Andorra
     got: Fürstentum Andorra
 ; [cca2=AD].translations.est.official
Expected: Andorra VÃ¼rstiriik
     got: Andorra Vürstiriik
 ; [cca2=AD].translations.fra.official
Expected: PrincipautÃ© d&apos;Andorre
     got: Principauté d&apos;Andorre
 ; [cca2=AD].translations.hrv.official
Expected: KneÅ¾evina Andora
     got: Kneževina Andora
 ; [cca2=AD].translations.jpn.common
Expected: ã‚¢ãƒ³ãƒ‰ãƒ©
     got: アンドラ
 ; [cca2=AD].translations.jpn.official
Expected: ã‚¢ãƒ³ãƒ‰ãƒ©å…¬å›½
     got: アンドラ公国
 ; [cca2=AD].translations.kor.common
Expected: ì•ˆë�„ë�¼
     got: 안도라
 ; [cca2=AD].translations.kor.official
Expected: ì•ˆë�„ë�¼ ê³µêµ­
     got: 안도라 공국
 ; [cca2=AD].translations.per.common
Expected: Ø¢Ù†Ø¯ÙˆØ±Ø§
     got: آندورا
 ; [cca2=AD].translations.per.official
Expected: Ø´Ø§Ù‡Ø²Ø§Ø¯Ù‡â€ŒÙ†Ø´ÛŒÙ† Ø¢Ù†Ø¯ÙˆØ±Ø§
     got: شاهزاده‌نشین آندورا
 ; [cca2=AD].translations.pol.official
Expected: KsiÄ™stwo Andory
     got: Księstwo Andory
 ; [cca2=AD].translations.rus.common
Expected: Ð�Ð½Ð´Ð¾Ñ€Ñ€Ð°
     got: Андорра
 ; [cca2=AD].translations.rus.official
Expected: ÐšÐ½Ñ�Ð¶ÐµÑ�Ñ‚Ð²Ð¾ Ð�Ð½Ð´Ð¾Ñ€Ñ€Ð°
     got: Княжество Андорра
 ; [cca2=AD].translations.slk.official
Expected: AndorrskÃ© knieÅ¾atstvo
     got: Andorrské kniežatstvo
 ; [cca2=AD].translations.srp.common
Expected: Ð�Ð½Ð´Ð¾Ñ€Ð°
     got: Андора
 ; [cca2=AD].translations.srp.official
Expected: ÐšÐ½ÐµÐ¶ÐµÐ²Ð¸Ð½Ð° Ð�Ð½Ð´Ð¾Ñ€Ð°
     got: Кнежевина Андора
 ; [cca2=AD].translations.swe.official
Expected: FurstendÃ¶met Andorra
     got: Furstendömet Andorra
 ; [cca2=AD].translations.tur.official
Expected: Andorra PrensliÄŸi
     got: Andorra Prensliği
 ; [cca2=AD].translations.urd.common
Expected: Ø§Ù†ÚˆÙˆØ±Ø§
     got: انڈورا
 ; [cca2=AD].translations.urd.official
Expected: Ø§Ù…Ø§Ø±Ø§ØªÙ� Ø§Ù†ÚˆÙˆØ±Ø§
     got: اماراتِ انڈورا
 ; [cca2=AD].translations.zho.common
Expected: å®‰é�“å°”
     got: 安道尔
 ; [cca2=AD].translations.zho.official
Expected: å®‰é�“å°”å…¬å›½
     got: 安道尔公国
 ; [cca2=AE].currencies.AED.symbol
Expected: Ø¯.Ø¥
     got: د.إ
 ; [cca2=AE].flag
Expected: ðŸ‡¦ðŸ‡ª
     got: 🇦🇪
 ; [cca2=AE].name.nativeName.ara.common
Expected: Ø¯ÙˆÙ„Ø© Ø§Ù„Ø¥Ù…Ø§Ø±Ø§Øª Ø§Ù„Ø¹Ø±Ø¨ÙŠØ© Ø§Ù„Ù…ØªØ­Ø¯Ø©
     got: دولة الإمارات العربية المتحدة
 ; [cca2=AE].name.nativeName.ara.official
Expected: Ø§Ù„Ø¥Ù…Ø§Ø±Ø§Øª Ø§Ù„Ø¹Ø±Ø¨ÙŠØ© Ø§Ù„Ù…ØªØ­Ø¯Ø©
     got: الإمارات العربية المتحدة
 ; [cca2=AE].tld[]
Expected: Ø§Ù…Ø§Ø±Ø§Øª.
     but none found
 ; [cca2=AE].tld[]
Unexpected: امارات.
 ; [cca2=AE].translations.ara.common
Expected: Ø¯ÙˆÙ„Ø© Ø§Ù„Ø¥Ù…Ø§Ø±Ø§Øª Ø§Ù„Ø¹Ø±Ø¨ÙŠØ© Ø§Ù„Ù…ØªØ­Ø¯Ø©
     got: دولة الإمارات العربية المتحدة
 ; [cca2=AE].translations.ara.official
Expected: Ø§Ù„Ø¥Ù…Ø§Ø±Ø§Øª Ø§Ù„Ø¹Ø±Ø¨ÙŠØ© Ø§Ù„Ù…ØªØ­Ø¯Ø©
     got: الإمارات العربية المتحدة
 ; [cca2=AE].translations.bre.common
Expected: EmirelezhioÃ¹ Arab Unanet
     got: Emirelezhioù Arab Unanet
 ; [cca2=AE].translations.bre.official
Expected: EmirelezhioÃ¹ Arab Unanet
     got: Emirelezhioù Arab Unanet
 ; [cca2=AE].translations.ces.common
Expected: ArabskÃ© emirÃ¡ty
     got: Arabské emiráty
 ; [cca2=AE].translations.ces.official
Expected: SpojenÃ© arabskÃ© emirÃ¡ty
     got: Spojené arabské emiráty
 ; [cca2=AE].translations.est.common
Expected: Araabia Ãœhendemiraadid
     got: Araabia Ühendemiraadid
 ; [cca2=AE].translations.est.official
Expected: Araabia Ãœhendemiraadid
     got: Araabia Ühendemiraadid
 ; [cca2=AE].translations.fra.common
Expected: Ã‰mirats arabes unis
     got: Émirats arabes unis
 ; [cca2=AE].translations.fra.official
Expected: Ã‰mirats arabes unis
     got: Émirats arabes unis
 ; [cca2=AE].translations.hun.common
Expected: EgyesÃ¼lt Arab EmÃ­rsÃ©gek
     got: Egyesült Arab Emírségek
 ; [cca2=AE].translations.hun.official
Expected: EgyesÃ¼lt Arab EmÃ­rsÃ©gek
     got: Egyesült Arab Emírségek
 ; [cca2=AE].translations.jpn.common
Expected: ã‚¢ãƒ©ãƒ–é¦–é•·å›½é€£é‚¦
     got: アラブ首長国連邦
 ; [cca2=AE].translations.jpn.official
Expected: ã‚¢ãƒ©ãƒ–é¦–é•·å›½é€£é‚¦
     got: アラブ首長国連邦
 ; [cca2=AE].translations.kor.common
Expected: ì•„ëž�ì—�ë¯¸ë¦¬íŠ¸
     got: 아랍에미리트
 ; [cca2=AE].translations.kor.official
Expected: ì•„ëž� í† í›„êµ­ ì—°ë°©
     got: 아랍 토후국 연방
 ; [cca2=AE].translations.per.common
Expected: Ø§Ù…Ø§Ø±Ø§Øª
     got: امارات
 ; [cca2=AE].translations.per.official
Expected: Ø§Ù…Ø§Ø±Ø§Øª Ù…ØªØ­Ø¯Ù‡ Ø¹Ø±Ø¨ÛŒ
     got: امارات متحده عربی
 ; [cca2=AE].translations.por.common
Expected: Emirados Ã�rabes Unidos
     got: Emirados Árabes Unidos
 ; [cca2=AE].translations.por.official
Expected: Emirados Ã�rabes Unidos
     got: Emirados Árabes Unidos
 ; [cca2=AE].translations.rus.common
Expected: ÐžÐ±ÑŠÐµÐ´Ð¸Ð½Ñ‘Ð½Ð½Ñ‹Ðµ Ð�Ñ€Ð°Ð±Ñ�ÐºÐ¸Ðµ Ð­Ð¼Ð¸Ñ€Ð°Ñ‚Ñ‹
     got: Объединённые Арабские Эмираты
 ; [cca2=AE].translations.rus.official
Expected: ÐžÐ±ÑŠÐµÐ´Ð¸Ð½ÐµÐ½Ð½Ñ‹Ðµ Ð�Ñ€Ð°Ð±Ñ�ÐºÐ¸Ðµ Ð­Ð¼Ð¸Ñ€Ð°Ñ‚Ñ‹
     got: Объединенные Арабские Эмираты
 ; [cca2=AE].translations.slk.common
Expected: ArabskÃ© emirÃ¡ty
     got: Arabské emiráty
 ; [cca2=AE].translations.slk.official
Expected: SpojenÃ© arabskÃ© emirÃ¡ty
     got: Spojené arabské emiráty
 ; [cca2=AE].translations.spa.common
Expected: Emiratos Ã�rabes Unidos
     got: Emiratos Árabes Unidos
 ; [cca2=AE].translations.spa.official
Expected: Emiratos Ã�rabes Unidos
     got: Emiratos Árabes Unidos
 ; [cca2=AE].translations.srp.common
Expected: Ð£Ñ˜ÐµÐ´Ð¸ÑšÐµÐ½Ð¸ Ð�Ñ€Ð°Ð¿Ñ�ÐºÐ¸ Ð•Ð¼Ð¸Ñ€Ð°Ñ‚Ð¸
     got: Уједињени Арапски Емирати
 ; [cca2=AE].translations.srp.official
Expected: Ð£Ñ˜ÐµÐ´Ð¸ÑšÐµÐ½Ð¸ Ð�Ñ€Ð°Ð¿Ñ�ÐºÐ¸ Ð•Ð¼Ð¸Ñ€Ð°Ñ‚Ð¸
     got: Уједињени Арапски Емирати
 ; [cca2=AE].translations.swe.common
Expected: FÃ¶renade Arabemiraten
     got: Förenade Arabemiraten
 ; [cca2=AE].translations.swe.official
Expected: FÃ¶renade Arabemiraten
     got: Förenade Arabemiraten
 ; [cca2=AE].translations.tur.common
Expected: BirleÅŸik Arap Emirlikleri
     got: Birleşik Arap Emirlikleri
 ; [cca2=AE].translations.tur.official
Expected: BirleÅŸik Arap Emirlikleri
     got: Birleşik Arap Emirlikleri
 ; [cca2=AE].translations.urd.common
Expected: Ù…ØªØ­Ø¯Û� Ø¹Ø±Ø¨ Ø§Ù…Ø§Ø±Ø§Øª
     got: متحدہ عرب امارات
 ; [cca2=AE].translations.urd.official
Expected: Ù…ØªØ­Ø¯Û� Ø¹Ø±Ø¨ Ø§Ù…Ø§Ø±Ø§Øª
     got: متحدہ عرب امارات
 ; [cca2=AE].translations.zho.common
Expected: é˜¿æ‹‰ä¼¯è�”å�ˆé…‹é•¿å›½
     got: 阿拉伯联合酋长国
 ; [cca2=AE].translations.zho.official
Expected: é˜¿æ‹‰ä¼¯è�”å�ˆé…‹é•¿å›½
     got: 阿拉伯联合酋长国
 ; [cca2=AF].altSpellings[]
Expected: AfÄ¡Ä�nistÄ�n
     but none found
 ; [cca2=AF].altSpellings[]
Unexpected: Afġānistān
 ; [cca2=AF].currencies.AFN.symbol
Expected: Ø‹
     got: ؋
 ; [cca2=AF].flag
Expected: ðŸ‡¦ðŸ‡«
     got: 🇦🇫
 ; [cca2=AF].flags.alt
Expected: The flag of the Islamic Emirate of Afghanistan has a white field with Arabic inscriptions â€” the Shahada â€” in black across its center.
     got: The flag of the Islamic Emirate of Afghanistan has a white field with Arabic inscriptions — the Shahada — in black across its center.
 ; [cca2=AF].name.nativeName.prs.common
Expected: Ø§Ù�ØºØ§Ù†Ø³ØªØ§Ù†
     got: افغانستان
 ; [cca2=AF].name.nativeName.prs.official
Expected: Ø¬Ù…Ù‡ÙˆØ±ÛŒ Ø§Ø³Ù„Ø§Ù…ÛŒ Ø§Ù�ØºØ§Ù†Ø³ØªØ§Ù†
     got: جمهوری اسلامی افغانستان
 ; [cca2=AF].name.nativeName.pus.common
Expected: Ø§Ù�ØºØ§Ù†Ø³ØªØ§Ù†
     got: افغانستان
 ; [cca2=AF].name.nativeName.pus.official
Expected: Ø¯ Ø§Ù�ØºØ§Ù†Ø³ØªØ§Ù† Ø§Ø³Ù„Ø§Ù…ÙŠ Ø¬Ù…Ù‡ÙˆØ±ÛŒØª
     got: د افغانستان اسلامي جمهوریت
 ; [cca2=AF].translations.ara.common
Expected: Ø£Ù�ØºØ§Ù†Ø³ØªØ§Ù†
     got: أفغانستان
 ; [cca2=AF].translations.ara.official
Expected: Ø¬Ù…Ù‡ÙˆØ±ÙŠØ© Ø£Ù�Ù�Ø§Ù†Ø³ØªØ§Ù† Ø§Ù„Ø¥Ø³Ù„Ø§Ù…ÙŠØ©
     got: جمهورية أففانستان الإسلامية
 ; [cca2=AF].translations.ces.common
Expected: AfghÃ¡nistÃ¡n
     got: Afghánistán
 ; [cca2=AF].translations.ces.official
Expected: AfghÃ¡nskÃ¡ islÃ¡mskÃ¡ republika
     got: Afghánská islámská republika
 ; [cca2=AF].translations.fra.official
Expected: RÃ©publique islamique d&apos;Afghanistan
     got: République islamique d&apos;Afghanistan
 ; [cca2=AF].translations.hun.common
Expected: AfganisztÃ¡n
     got: Afganisztán
 ; [cca2=AF].translations.hun.official
Expected: AfganisztÃ¡ni IszlÃ¡m KÃ¶ztÃ¡rsasÃ¡g
     got: Afganisztáni Iszlám Köztársaság
 ; [cca2=AF].translations.jpn.common
Expected: ã‚¢ãƒ•ã‚¬ãƒ‹ã‚¹ã‚¿ãƒ³
     got: アフガニスタン
 ; [cca2=AF].translations.jpn.official
Expected: ã‚¢ãƒ•ã‚¬ãƒ‹ã‚¹ã‚¿ãƒ³Â·ã‚¤ã‚¹ãƒ©ãƒ å…±å’Œå›½
     got: アフガニスタン·イスラム共和国
 ; [cca2=AF].translations.kor.common
Expected: ì•„í”„ê°€ë‹ˆìŠ¤íƒ„
     got: 아프가니스탄
 ; [cca2=AF].translations.kor.official
Expected: ì•„í”„ê°€ë‹ˆìŠ¤íƒ„ ì�´ìŠ¬ëžŒ ê³µí™”êµ­
     got: 아프가니스탄 이슬람 공화국
 ; [cca2=AF].translations.per.common
Expected: Ø§Ù�ØºØ§Ù†Ø³ØªØ§Ù†
     got: افغانستان
 ; [cca2=AF].translations.per.official
Expected: Ø¬Ù…Ù‡ÙˆØ±ÛŒ Ø§Ø³Ù„Ø§Ù…ÛŒ Ø§Ù�ØºØ§Ù†Ø³ØªØ§Ù†
     got: جمهوری اسلامی افغانستان
 ; [cca2=AF].translations.por.common
Expected: AfeganistÃ£o
     got: Afeganistão
 ; [cca2=AF].translations.por.official
Expected: RepÃºblica IslÃ¢mica do AfeganistÃ£o
     got: República Islâmica do Afeganistão
 ; [cca2=AF].translations.rus.common
Expected: Ð�Ñ„Ð³Ð°Ð½Ð¸Ñ�Ñ‚Ð°Ð½
     got: Афганистан
 ; [cca2=AF].translations.rus.official
Expected: Ð˜Ñ�Ð»Ð°Ð¼Ñ�ÐºÐ°Ñ� Ð ÐµÑ�Ð¿ÑƒÐ±Ð»Ð¸ÐºÐ° Ð�Ñ„Ð³Ð°Ð½Ð¸Ñ�Ñ‚Ð°Ð½
     got: Исламская Республика Афганистан
 ; [cca2=AF].translations.slk.official
Expected: AfgÃ¡nsky islamskÃ½ Å¡tÃ¡t
     got: Afgánsky islamský štát
 ; [cca2=AF].translations.spa.common
Expected: AfganistÃ¡n
     got: Afganistán
 ; [cca2=AF].translations.spa.official
Expected: RepÃºblica IslÃ¡mica de AfganistÃ¡n
     got: República Islámica de Afganistán
 ; [cca2=AF].translations.srp.common
Expected: Ð�Ð²Ð³Ð°Ð½Ð¸Ñ�Ñ‚Ð°Ð½
     got: Авганистан
 ; [cca2=AF].translations.srp.official
Expected: Ð˜Ñ�Ð»Ð°Ð¼Ñ�ÐºÐ° Ð ÐµÐ¿ÑƒÐ±Ð»Ð¸ÐºÐ° Ð�Ð²Ð³Ð°Ð½Ð¸Ñ�Ñ‚Ð°Ð½
     got: Исламска Република Авганистан
 ; [cca2=AF].translations.tur.official
Expected: Afganistan Ä°slam Cumhuriyeti
     got: Afganistan İslam Cumhuriyeti
 ; [cca2=AF].translations.urd.common
Expected: Ø§Ù�ØºØ§Ù†Ø³ØªØ§Ù†
     got: افغانستان
 ; [cca2=AF].translations.urd.official
Expected: Ø§Ø³Ù„Ø§Ù…ÛŒ Ø¬Ù…Û�ÙˆØ±ÛŒÛ� Ø§Ù�ØºØ§Ù†Ø³ØªØ§Ù†
     got: اسلامی جمہوریہ افغانستان
 ; [cca2=AF].translations.zho.common
Expected: é˜¿å¯Œæ±—
     got: 阿富汗
 ; [cca2=AF].translations.zho.official
Expected: é˜¿å¯Œæ±—ä¼Šæ–¯å…°å…±å’Œå›½
     got: 阿富汗伊斯兰共和国
 ; [cca2=AG].flag
Expected: ðŸ‡¦ðŸ‡¬
     got: 🇦🇬
 ; [cca2=AG].translations.ara.common
Expected: Ø£Ù†ØªÙŠØºÙˆØ§ ÙˆØ¨Ø§Ø±Ø¨ÙˆØ¯Ø§
     got: أنتيغوا وباربودا
 ; [cca2=AG].translations.ara.official
Expected: Ø£Ù†ØªÙŠØºÙˆØ§ ÙˆØ¨Ø§Ø±Ø¨ÙˆØ¯Ø§
     got: أنتيغوا وباربودا
 ; [cca2=AG].translations.hun.common
Expected: Antigua Ã©s Barbuda
     got: Antigua és Barbuda
 ; [cca2=AG].translations.hun.official
Expected: Antigua Ã©s Barbuda
     got: Antigua és Barbuda
 ; [cca2=AG].translations.jpn.common
Expected: ã‚¢ãƒ³ãƒ†ã‚£ã‚°ã‚¢ãƒ»ãƒ�ãƒ¼ãƒ–ãƒ¼ãƒ€
     got: アンティグア・バーブーダ
 ; [cca2=AG].translations.jpn.official
Expected: ã‚¢ãƒ³ãƒ�ã‚°ã‚¢ãƒ�ãƒ¼ãƒ–ãƒ¼ãƒ€
     got: アンチグアバーブーダ
 ; [cca2=AG].translations.kor.common
Expected: ì•¤í‹°ê°€ ë°”ë¶€ë‹¤
     got: 앤티가 바부다
 ; [cca2=AG].translations.kor.official
Expected: ì•¤í‹°ê°€ ë°”ë¶€ë‹¤
     got: 앤티가 바부다
 ; [cca2=AG].translations.per.common
Expected: Ø¢Ù†ØªÛŒÚ¯ÙˆØ§ Ùˆ Ø¨Ø§Ø±Ø¨ÙˆØ¯Ø§
     got: آنتیگوا و باربودا
 ; [cca2=AG].translations.per.official
Expected: Ø¢Ù†ØªÛŒÚ¯ÙˆØ§ Ùˆ Ø¨Ø§Ø±Ø¨ÙˆØ¯Ø§
     got: آنتیگوا و باربودا
 ; [cca2=AG].translations.por.common
Expected: AntÃ­gua e Barbuda
     got: Antígua e Barbuda
 ; [cca2=AG].translations.rus.common
Expected: Ð�Ð½Ñ‚Ð¸Ð³ÑƒÐ° Ð¸ Ð‘Ð°Ñ€Ð±ÑƒÐ´Ð°
     got: Антигуа и Барбуда
 ; [cca2=AG].translations.rus.official
Expected: Ð�Ð½Ñ‚Ð¸Ð³ÑƒÐ° Ð¸ Ð‘Ð°Ñ€Ð±ÑƒÐ´Ð°
     got: Антигуа и Барбуда
 ; [cca2=AG].translations.srp.common
Expected: Ð�Ð½Ñ‚Ð¸Ð³Ð²Ð° Ð¸ Ð‘Ð°Ñ€Ð±ÑƒÐ´Ð°
     got: Антигва и Барбуда
 ; [cca2=AG].translations.srp.official
Expected: Ð�Ð½Ñ‚Ð¸Ð³Ð²Ð° Ð¸ Ð‘Ð°Ñ€Ð±ÑƒÐ´Ð°
     got: Антигва и Барбуда
 ; [cca2=AG].translations.urd.common
Expected: Ø§ÛŒÙ†Ù¹ÛŒÚ¯ÙˆØ§ Ùˆ Ø¨Ø§Ø±Ø¨ÙˆÚˆØ§
     got: اینٹیگوا و باربوڈا
 ; [cca2=AG].translations.urd.official
Expected: Ø§ÛŒÙ†Ù¹ÛŒÚ¯ÙˆØ§ Ùˆ Ø¨Ø§Ø±Ø¨ÙˆÚˆØ§
     got: اینٹیگوا و باربوڈا
 ; [cca2=AG].translations.zho.common
Expected: å®‰æ��ç“œå’Œå·´å¸ƒè¾¾
     got: 安提瓜和巴布达
 ; [cca2=AG].translations.zho.official
Expected: å®‰æ��ç“œå’Œå·´å¸ƒè¾¾
     got: 安提瓜和巴布达
 ; [cca2=AI].flag
Expected: ðŸ‡¦ðŸ‡®
     got: 🇦🇮
 ; [cca2=AI].translations.ara.common
Expected: Ø£Ù†ØºÙˆÙŠÙ„Ø§
     got: أنغويلا
 ; [cca2=AI].translations.ara.official
Expected: Ø£Ù†ØºÙˆÙŠÙ„Ø§
     got: أنغويلا
 ; [cca2=AI].translations.jpn.common
Expected: ã‚¢ãƒ³ã‚®ãƒ©
     got: アンギラ
 ; [cca2=AI].translations.jpn.official
Expected: ã‚¢ãƒ³ã‚°ã‚£ãƒ©
     got: アングィラ
 ; [cca2=AI].translations.kor.common
Expected: ì•µê·ˆë�¼
     got: 앵귈라
 ; [cca2=AI].translations.kor.official
Expected: ì•µê·ˆë�¼
     got: 앵귈라
 ; [cca2=AI].translations.per.common
Expected: Ø¢Ù†Ú¯ÙˆÛŒÙ„Ø§
     got: آنگویلا
 ; [cca2=AI].translations.per.official
Expected: Ø¢Ù†Ú¯ÙˆÛŒÙ„Ø§
     got: آنگویلا
 ; [cca2=AI].translations.rus.common
Expected: Ð�Ð½Ð³Ð¸Ð»ÑŒÑ�
     got: Ангилья
 ; [cca2=AI].translations.rus.official
Expected: Ð�Ð½Ð³Ð¸Ð»ÑŒÑ�
     got: Ангилья
 ; [cca2=AI].translations.srp.common
Expected: Ð�Ð½Ð³Ð²Ð¸Ð»Ð°
     got: Ангвила
 ; [cca2=AI].translations.srp.official
Expected: Ð�Ð½Ð³Ð²Ð¸Ð»Ð°
     got: Ангвила
 ; [cca2=AI].translations.urd.common
Expected: Ø§ÛŒÙ†Ú¯ÙˆÛŒÙ„Ø§
     got: اینگویلا
 ; [cca2=AI].translations.urd.official
Expected: Ø§ÛŒÙ†Ú¯ÙˆÛŒÙ„Ø§
     got: اینگویلا
 ; [cca2=AI].translations.zho.common
Expected: å®‰åœ­æ‹‰
     got: 安圭拉
 ; [cca2=AI].translations.zho.official
Expected: å®‰åœ­æ‹‰
     got: 安圭拉
 ; [cca2=AL].altSpellings[]
Expected: ShqipÃ«ria
     but none found
 ; [cca2=AL].altSpellings[]
Expected: ShqipÃ«ri
     but none found
 ; [cca2=AL].altSpellings[]
Unexpected: Shqipëri
 ; [cca2=AL].altSpellings[]
Unexpected: Shqipëria
 ; [cca2=AL].flag
Expected: ðŸ‡¦ðŸ‡±
     got: 🇦🇱
 ; [cca2=AL].name.nativeName.sqi.common
Expected: ShqipÃ«ria
     got: Shqipëria
 ; [cca2=AL].name.nativeName.sqi.official
Expected: Republika e ShqipÃ«risÃ«
     got: Republika e Shqipërisë
 ; [cca2=AL].translations.ara.common
Expected: Ø£Ù„Ø¨Ø§Ù†ÙŠØ§
     got: ألبانيا
 ; [cca2=AL].translations.ara.official
Expected: Ø¬Ù…Ù‡ÙˆØ±ÙŠØ© Ø£Ù„Ø¨Ø§Ù†ÙŠØ§
     got: جمهورية ألبانيا
 ; [cca2=AL].translations.ces.common
Expected: AlbÃ¡nie
     got: Albánie
 ; [cca2=AL].translations.ces.official
Expected: AlbÃ¡nskÃ¡ republika
     got: Albánská republika
 ; [cca2=AL].translations.fra.official
Expected: RÃ©publique d&apos;Albanie
     got: République d&apos;Albanie
 ; [cca2=AL].translations.hun.common
Expected: AlbÃ¡nia
     got: Albánia
 ; [cca2=AL].translations.hun.official
Expected: AlbÃ¡n KÃ¶ztÃ¡rsasÃ¡g
     got: Albán Köztársaság
 ; [cca2=AL].translations.jpn.common
Expected: ã‚¢ãƒ«ãƒ�ãƒ‹ã‚¢
     got: アルバニア
 ; [cca2=AL].translations.jpn.official
Expected: ã‚¢ãƒ«ãƒ�ãƒ‹ã‚¢å…±å’Œå›½
     got: アルバニア共和国
 ; [cca2=AL].translations.kor.common
Expected: ì•Œë°”ë‹ˆì•„
     got: 알바니아
 ; [cca2=AL].translations.kor.official
Expected: ì•Œë°”ë‹ˆì•„ ê³µí™”êµ­
     got: 알바니아 공화국
 ; [cca2=AL].translations.nld.common
Expected: AlbaniÃ«
     got: Albanië
 ; [cca2=AL].translations.nld.official
Expected: Republiek AlbaniÃ«
     got: Republiek Albanië
 ; [cca2=AL].translations.per.common
Expected: Ø¢Ù„Ø¨Ø§Ù†ÛŒ
     got: آلبانی
 ; [cca2=AL].translations.per.official
Expected: Ø¬Ù…Ù‡ÙˆØ±ÛŒ Ø¢Ù„Ø¨Ø§Ù†ÛŒ
     got: جمهوری آلبانی
 ; [cca2=AL].translations.por.common
Expected: AlbÃ¢nia
     got: Albânia
 ; [cca2=AL].translations.por.official
Expected: RepÃºblica da AlbÃ¢nia
     got: República da Albânia
 ; [cca2=AL].translations.rus.common
Expected: Ð�Ð»Ð±Ð°Ð½Ð¸Ñ�
     got: Албания
 ; [cca2=AL].translations.rus.official
Expected: Ð ÐµÑ�Ð¿ÑƒÐ±Ð»Ð¸ÐºÐ° Ð�Ð»Ð±Ð°Ð½Ð¸Ñ�
     got: Республика Албания
 ; [cca2=AL].translations.slk.common
Expected: AlbÃ¡nsko
     got: Albánsko
 ; [cca2=AL].translations.slk.official
Expected: AlbÃ¡nska republika
     got: Albánska republika
 ; [cca2=AL].translations.spa.official
Expected: RepÃºblica de Albania
     got: República de Albania
 ; [cca2=AL].translations.srp.common
Expected: Ð�Ð»Ð±Ð°Ð½Ð¸Ñ˜Ð°
     got: Албанија
 ; [cca2=AL].translations.srp.official
Expected: Ð ÐµÐ¿ÑƒÐ±Ð»Ð¸ÐºÐ° Ð�Ð»Ð±Ð°Ð½Ð¸Ñ˜Ð°
     got: Република Албанија
 ; [cca2=AL].translations.urd.common
Expected: Ø§Ù„Ø¨Ø§Ù†ÛŒØ§
     got: البانیا
 ; [cca2=AL].translations.urd.official
Expected: Ø¬Ù…Û�ÙˆØ±ÛŒÛ� Ø§Ù„Ø¨Ø§Ù†ÛŒØ§
     got: جمہوریہ البانیا
 ; [cca2=AL].translations.zho.common
Expected: é˜¿å°”å·´å°¼äºš
     got: 阿尔巴尼亚
 ; [cca2=AL].translations.zho.official
Expected: é˜¿å°”å·´å°¼äºšå…±å’Œå›½
     got: 阿尔巴尼亚共和国
 ; [cca2=AM].altSpellings[]
Expected: Õ€Õ¡ÕµÕ¡Õ½Õ¿Õ¡Õ¶Õ« Õ€Õ¡Õ¶Ö€Õ¡ÕºÕ¥Õ¿Õ¸Ö‚Õ©ÕµÕ¸Ö‚Õ¶
     but none found
 ; [cca2=AM].altSpellings[]
Unexpected: Հայաստանի Հանրապետություն
 ; [cca2=AM].currencies.AMD.symbol
Expected: Ö�
     got: ֏
 ; [cca2=AM].demonyms.fra.f
Expected: ArmÃ©nienne
     got: Arménienne
 ; [cca2=AM].demonyms.fra.m
Expected: ArmÃ©nien
     got: Arménien
 ; [cca2=AM].flag
Expected: ðŸ‡¦ðŸ‡²
     got: 🇦🇲
 ; [cca2=AM].name.nativeName.hye.common
Expected: Õ€Õ¡ÕµÕ¡Õ½Õ¿Õ¡Õ¶
     got: Հայաստան
 ; [cca2=AM].name.nativeName.hye.official
Expected: Õ€Õ¡ÕµÕ¡Õ½Õ¿Õ¡Õ¶Õ« Õ€Õ¡Õ¶Ö€Õ¡ÕºÕ¥Õ¿Õ¸Ö‚Õ©ÕµÕ¸Ö‚Õ¶
     got: Հայաստանի Հանրապետություն
 ; [cca2=AM].translations.ara.common
Expected: Ø£Ø±Ù…ÙŠÙ†ÙŠØ§
     got: أرمينيا
 ; [cca2=AM].translations.ara.official
Expected: Ø¬Ù…Ù‡ÙˆØ±ÙŠØ© Ø£Ø±Ù…ÙŠÙ†ÙŠØ§
     got: جمهورية أرمينيا
 ; [cca2=AM].translations.ces.common
Expected: ArmÃ©nie
     got: Arménie
 ; [cca2=AM].translations.ces.official
Expected: ArmÃ©nskÃ¡ republika
     got: Arménská republika
 ; [cca2=AM].translations.fra.common
Expected: ArmÃ©nie
     got: Arménie
 ; [cca2=AM].translations.fra.official
Expected: RÃ©publique d&apos;ArmÃ©nie
     got: République d&apos;Arménie
 ; [cca2=AM].translations.hun.common
Expected: Ã–rmÃ©nyorszÃ¡g
     got: Örményország
 ; [cca2=AM].translations.hun.official
Expected: Ã–rmÃ©nyorszÃ¡g
     got: Örményország
 ; [cca2=AM].translations.jpn.common
Expected: ã‚¢ãƒ«ãƒ¡ãƒ‹ã‚¢
     got: アルメニア
 ; [cca2=AM].translations.jpn.official
Expected: ã‚¢ãƒ«ãƒ¡ãƒ‹ã‚¢å…±å’Œå›½
     got: アルメニア共和国
 ; [cca2=AM].translations.kor.common
Expected: ì•„ë¥´ë©”ë‹ˆì•„
     got: 아르메니아
 ; [cca2=AM].translations.kor.official
Expected: ì•„ë¥´ë©”ë‹ˆì•„ ê³µí™”êµ­
     got: 아르메니아 공화국
 ; [cca2=AM].translations.nld.common
Expected: ArmeniÃ«
     got: Armenië
 ; [cca2=AM].translations.nld.official
Expected: Republiek ArmeniÃ«
     got: Republiek Armenië
 ; [cca2=AM].translations.per.common
Expected: Ø§Ø±Ù…Ù†Ø³ØªØ§Ù†
     got: ارمنستان
 ; [cca2=AM].translations.per.official
Expected: Ø¬Ù…Ù‡ÙˆØ±ÛŒ Ø§Ø±Ù…Ù†Ø³ØªØ§Ù†
     got: جمهوری ارمنستان
 ; [cca2=AM].translations.por.common
Expected: ArmÃ©nia
     got: Arménia
 ; [cca2=AM].translations.por.official
Expected: RepÃºblica da ArmÃ©nia
     got: República da Arménia
 ; [cca2=AM].translations.rus.common
Expected: Ð�Ñ€Ð¼ÐµÐ½Ð¸Ñ�
     got: Армения
 ; [cca2=AM].translations.rus.official
Expected: Ð ÐµÑ�Ð¿ÑƒÐ±Ð»Ð¸ÐºÐ° Ð�Ñ€Ð¼ÐµÐ½Ð¸Ñ�
     got: Республика Армения
 ; [cca2=AM].translations.slk.common
Expected: ArmÃ©nsko
     got: Arménsko
 ; [cca2=AM].translations.slk.official
Expected: ArmÃ©nska republika
     got: Arménska republika
 ; [cca2=AM].translations.spa.official
Expected: RepÃºblica de Armenia
     got: República de Armenia
 ; [cca2=AM].translations.srp.common
Expected: ÐˆÐµÑ€Ð¼ÐµÐ½Ð¸Ñ˜Ð°
     got: Јерменија
 ; [cca2=AM].translations.srp.official
Expected: Ð ÐµÐ¿ÑƒÐ±Ð»Ð¸ÐºÐ° ÐˆÐµÑ€Ð¼ÐµÐ½Ð¸Ñ˜Ð°
     got: Република Јерменија
 ; [cca2=AM].translations.urd.common
Expected: Ø¢Ø±Ù…ÛŒÙ†ÛŒØ§
     got: آرمینیا
 ; [cca2=AM].translations.urd.official
Expected: Ø¬Ù…Û�ÙˆØ±ÛŒÛ� Ø¢Ø±Ù…ÛŒÙ†ÛŒØ§
     got: جمہوریہ آرمینیا
 ; [cca2=AM].translations.zho.common
Expected: äºšç¾Žå°¼äºš
     got: 亚美尼亚
 ; [cca2=AM].translations.zho.official
Expected: äºšç¾Žå°¼äºšå…±å’Œå›½
     got: 亚美尼亚共和国
 ; [cca2=AO].altSpellings[]
Expected: RepÃºblica de Angola
     but none found
 ; [cca2=AO].altSpellings[]
Expected: Ê�É›publika de an&apos;É¡É”la
     but none found
 ; [cca2=AO].altSpellings[]
Unexpected: República de Angola
 ; [cca2=AO].altSpellings[]
Unexpected: ʁɛpublika de an&apos;ɡɔla
 ; [cca2=AO].flag
Expected: ðŸ‡¦ðŸ‡´
     got: 🇦🇴
 ; [cca2=AO].name.nativeName.por.official
Expected: RepÃºblica de Angola
     got: República de Angola
 ; [cca2=AO].translations.ara.common
Expected: Ø¬Ù…Ù‡ÙˆØ±ÙŠØ© Ø£Ù†ØºÙˆÙ„Ø§
     got: جمهورية أنغولا
 ; [cca2=AO].translations.ara.official
Expected: Ø£Ù†ØºÙˆÙ„Ø§
     got: أنغولا
 ; [cca2=AO].translations.ces.official
Expected: AngolskÃ¡ republika
     got: Angolská republika
 ; [cca2=AO].translations.fra.official
Expected: RÃ©publique d&apos;Angola
     got: République d&apos;Angola
 ; [cca2=AO].translations.jpn.common
Expected: ã‚¢ãƒ³ã‚´ãƒ©
     got: アンゴラ
 ; [cca2=AO].translations.jpn.official
Expected: ã‚¢ãƒ³ã‚´ãƒ©å…±å’Œå›½
     got: アンゴラ共和国
 ; [cca2=AO].translations.kor.common
Expected: ì•™ê³¨ë�¼
     got: 앙골라
 ; [cca2=AO].translations.kor.official
Expected: ì•™ê³¨ë�¼ ê³µí™”êµ­
     got: 앙골라 공화국
 ; [cca2=AO].translations.per.common
Expected: Ø¢Ù†Ú¯ÙˆÙ„Ø§
     got: آنگولا
 ; [cca2=AO].translations.per.official
Expected: Ø¬Ù…Ù‡ÙˆØ±ÛŒ Ø¢Ù†Ú¯ÙˆÙ„Ø§
     got: جمهوری آنگولا
 ; [cca2=AO].translations.por.official
Expected: RepÃºblica de Angola
     got: República de Angola
 ; [cca2=AO].translations.rus.common
Expected: Ð�Ð½Ð³Ð¾Ð»Ð°
     got: Ангола
 ; [cca2=AO].translations.rus.official
Expected: Ð ÐµÑ�Ð¿ÑƒÐ±Ð»Ð¸ÐºÐ° Ð�Ð½Ð³Ð¾Ð»Ð°
     got: Республика Ангола
 ; [cca2=AO].translations.slk.official
Expected: AngolskÃ¡ republika
     got: Angolská republika
 ; [cca2=AO].translations.spa.official
Expected: RepÃºblica de Angola
     got: República de Angola
 ; [cca2=AO].translations.srp.common
Expected: Ð�Ð½Ð³Ð¾Ð»Ð°
     got: Ангола
 ; [cca2=AO].translations.srp.official
Expected: Ð ÐµÐ¿ÑƒÐ±Ð»Ð¸ÐºÐ° Ð�Ð½Ð³Ð¾Ð»Ð°
     got: Република Ангола
 ; [cca2=AO].translations.urd.common
Expected: Ø§Ù†Ú¯ÙˆÙ„Û�
     got: انگولہ
 ; [cca2=AO].translations.urd.official
Expected: Ø¬Ù…Û�ÙˆØ±ÛŒÛ� Ø§Ù†Ú¯ÙˆÙ„Û�
     got: جمہوریہ انگولہ
 ; [cca2=AO].translations.zho.common
Expected: å®‰å“¥æ‹‰
     got: 安哥拉
 ; [cca2=AO].translations.zho.official
Expected: å®‰å“¥æ‹‰å…±å’Œå›½
     got: 安哥拉共和国
 ; [cca2=AQ].flag
Expected: ðŸ‡¦ðŸ‡¶
     got: 🇦🇶
 ; [cca2=AQ].translations.ara.common
Expected: Ø£Ù†ØªØ§Ø±ØªÙŠÙƒØ§
     got: أنتارتيكا
 ; [cca2=AQ].translations.ara.official
Expected: Ø£Ù†ØªØ§Ø±ØªÙŠÙƒØ§
     got: أنتارتيكا
 ; [cca2=AQ].translations.fin.common
Expected: EtelÃ¤manner
     got: Etelämanner
 ; [cca2=AQ].translations.fin.official
Expected: EtelÃ¤manner
     got: Etelämanner
 ; [cca2=AQ].translations.jpn.common
Expected: å�—æ¥µ
     got: 南極
 ; [cca2=AQ].translations.jpn.official
Expected: å�—æ¥µå¤§é™¸
     got: 南極大陸
 ; [cca2=AQ].translations.kor.common
Expected: ë‚¨ê·¹
     got: 남극
 ; [cca2=AQ].translations.kor.official
Expected: ë‚¨ê·¹
     got: 남극
 ; [cca2=AQ].translations.per.common
Expected: Ø¬Ù†ÙˆØ¨Ú¯Ø§Ù†
     got: جنوبگان
 ; [cca2=AQ].translations.per.official
Expected: Ø¬Ù†ÙˆØ¨Ú¯Ø§Ù†
     got: جنوبگان
 ; [cca2=AQ].translations.por.common
Expected: AntÃ¡rtida
     got: Antártida
 ; [cca2=AQ].translations.por.official
Expected: AntÃ¡rtica
     got: Antártica
 ; [cca2=AQ].translations.rus.common
Expected: Ð�Ð½Ñ‚Ð°Ñ€ÐºÑ‚Ð¸Ð´Ð°
     got: Антарктида
 ; [cca2=AQ].translations.rus.official
Expected: Ð�Ð½Ñ‚Ð°Ñ€ÐºÑ‚Ð¸Ð´Ð°
     got: Антарктида
 ; [cca2=AQ].translations.slk.common
Expected: AntarktÃ­da
     got: Antarktída
 ; [cca2=AQ].translations.slk.official
Expected: AntarktÃ­da
     got: Antarktída
 ; [cca2=AQ].translations.spa.common
Expected: AntÃ¡rtida
     got: Antártida
 ; [cca2=AQ].translations.spa.official
Expected: AntÃ¡rtida
     got: Antártida
 ; [cca2=AQ].translations.srp.common
Expected: Ð�Ð½Ñ‚Ð°Ñ€ÐºÑ‚Ð¸Ðº
     got: Антарктик
 ; [cca2=AQ].translations.srp.official
Expected: Ð�Ð½Ñ‚Ð°Ñ€ÐºÑ‚Ð¸Ðº
     got: Антарктик
 ; [cca2=AQ].translations.urd.common
Expected: Ø§Ù†Ù¹Ø§Ø±Ú©Ù¹Ú©Ø§
     got: انٹارکٹکا
 ; [cca2=AQ].translations.urd.official
Expected: Ø§Ù†Ù¹Ø§Ø±Ú©Ù¹Ú©Ø§
     got: انٹارکٹکا
 ; [cca2=AQ].translations.zho.common
Expected: å�—æž�æ´²
     got: 南极洲
 ; [cca2=AQ].translations.zho.official
Expected: å�—æž�æ´²
     got: 南极洲
 ; [cca2=AR].altSpellings[]
Expected: RepÃºblica Argentina
     but none found
 ; [cca2=AR].altSpellings[]
Unexpected: República Argentina
 ; [cca2=AR].flag
Expected: ðŸ‡¦ðŸ‡·
     got: 🇦🇷
 ; [cca2=AR].languages.grn
Expected: GuaranÃ­
     got: Guaraní
 ; [cca2=AR].name.nativeName.spa.official
Expected: RepÃºblica Argentina
     got: República Argentina
 ; [cca2=AR].translations.ara.common
Expected: Ø§Ù„Ø£Ø±Ø¬Ù†ØªÙŠÙ†
     got: الأرجنتين
 ; [cca2=AR].translations.ara.official
Expected: Ø¬Ù…Ù‡ÙˆØ±ÙŠØ© Ø§Ù„Ø£Ø±Ø¬Ù†ØªÙŠÙ†
     got: جمهورية الأرجنتين
 ; [cca2=AR].translations.ces.official
Expected: ArgentinskÃ¡ republika
     got: Argentinská republika
 ; [cca2=AR].translations.fra.official
Expected: RÃ©publique argentine
     got: République argentine
 ; [cca2=AR].translations.hun.common
Expected: ArgentÃ­na
     got: Argentína
 ; [cca2=AR].translations.hun.official
Expected: Argentin KÃ¶ztÃ¡rsasÃ¡g
     got: Argentin Köztársaság
 ; [cca2=AR].translations.jpn.common
Expected: ã‚¢ãƒ«ã‚¼ãƒ³ãƒ�ãƒ³
     got: アルゼンチン
 ; [cca2=AR].translations.jpn.official
Expected: ã‚¢ãƒ«ã‚¼ãƒ³ãƒ�ãƒ³å…±å’Œå›½
     got: アルゼンチン共和国
 ; [cca2=AR].translations.kor.common
Expected: ì•„ë¥´í—¨í‹°ë‚˜
     got: 아르헨티나
 ; [cca2=AR].translations.kor.official
Expected: ì•„ë¥´í—¨í‹°ë‚˜ ê³µí™”êµ­
     got: 아르헨티나 공화국
 ; [cca2=AR].translations.nld.common
Expected: ArgentiniÃ«
     got: Argentinië
 ; [cca2=AR].translations.per.common
Expected: Ø¢Ø±Ú˜Ø§Ù†ØªÛŒÙ†
     got: آرژانتین
 ; [cca2=AR].translations.per.official
Expected: Ø¬Ù…Ù‡ÙˆØ±ÛŒ Ø¢Ø±Ú˜Ø§Ù†ØªÛŒÙ†
     got: جمهوری آرژانتین
 ; [cca2=AR].translations.pol.official
Expected: Republika ArgentyÅ„ska
     got: Republika Argentyńska
 ; [cca2=AR].translations.por.official
Expected: RepÃºblica Argentina
     got: República Argentina
 ; [cca2=AR].translations.rus.common
Expected: Ð�Ñ€Ð³ÐµÐ½Ñ‚Ð¸Ð½Ð°
     got: Аргентина
 ; [cca2=AR].translations.rus.official
Expected: Ð�Ñ€Ð³ÐµÐ½Ñ‚Ð¸Ð½Ñ�ÐºÐ°Ñ� Ð ÐµÑ�Ð¿ÑƒÐ±Ð»Ð¸ÐºÐ°
     got: Аргентинская Республика
 ; [cca2=AR].translations.slk.common
Expected: ArgentÃ­na
     got: Argentína
 ; [cca2=AR].translations.slk.official
Expected: ArgentÃ­nska republika
     got: Argentínska republika
 ; [cca2=AR].translations.spa.official
Expected: RepÃºblica Argentina
     got: República Argentina
 ; [cca2=AR].translations.srp.common
Expected: Ð�Ñ€Ð³ÐµÐ½Ñ‚Ð¸Ð½Ð°
     got: Аргентина
 ; [cca2=AR].translations.srp.official
Expected: Ð�Ñ€Ð³ÐµÐ½Ñ‚Ð¸Ð½Ñ�ÐºÐ° Ð ÐµÐ¿ÑƒÐ±Ð»Ð¸ÐºÐ°
     got: Аргентинска Република
 ; [cca2=AR].translations.urd.common
Expected: Ø§Ø±Ø¬Ù†Ù¹Ø§Ø¦Ù†
     got: ارجنٹائن
 ; [cca2=AR].translations.urd.official
Expected: Ø¬Ù…Û�ÙˆØ±ÛŒÛ� Ø§Ø±Ø¬Ù†Ù¹Ø§Ø¦Ù†
     got: جمہوریہ ارجنٹائن
 ; [cca2=AR].translations.zho.common
Expected: é˜¿æ ¹å»·
     got: 阿根廷
 ; [cca2=AR].translations.zho.official
Expected: é˜¿æ ¹å»·å…±å’Œå›½
     got: 阿根廷共和国
 ; [cca2=AS].altSpellings[]
Expected: SÄ�moa Amelika
     but none found
 ; [cca2=AS].altSpellings[]
Expected: Amerika SÄ�moa
     but none found
 ; [cca2=AS].altSpellings[]
Expected: Amelika SÄ�moa
     but none found
 ; [cca2=AS].altSpellings[]
Unexpected: Amelika Sāmoa
 ; [cca2=AS].altSpellings[]
Unexpected: Amerika Sāmoa
 ; [cca2=AS].altSpellings[]
Unexpected: Sāmoa Amelika
 ; [cca2=AS].flag
Expected: ðŸ‡¦ðŸ‡¸
     got: 🇦🇸
 ; [cca2=AS].name.nativeName.smo.common
Expected: SÄ�moa Amelika
     got: Sāmoa Amelika
 ; [cca2=AS].name.nativeName.smo.official
Expected: SÄ�moa Amelika
     got: Sāmoa Amelika
 ; [cca2=AS].translations.ara.common
Expected: Ø³Ø§Ù…ÙˆØ§ Ø§Ù„Ø£Ù…Ø±ÙŠÙƒÙŠØ©
     got: ساموا الأمريكية
 ; [cca2=AS].translations.ara.official
Expected: Ø³Ø§Ù…ÙˆØ§ Ø§Ù„Ø£Ù…Ø±ÙŠÙƒÙŠØ©
     got: ساموا الأمريكية
 ; [cca2=AS].translations.ces.common
Expected: AmerickÃ¡ Samoa
     got: Americká Samoa
 ; [cca2=AS].translations.ces.official
Expected: AmerickÃ¡ Samoa
     got: Americká Samoa
 ; [cca2=AS].translations.fra.common
Expected: Samoa amÃ©ricaines
     got: Samoa américaines
 ; [cca2=AS].translations.fra.official
Expected: Samoa amÃ©ricaines
     got: Samoa américaines
 ; [cca2=AS].translations.hrv.common
Expected: AmeriÄ�ka Samoa
     got: Američka Samoa
 ; [cca2=AS].translations.hrv.official
Expected: ameriÄ�ka Samoa
     got: američka Samoa
 ; [cca2=AS].translations.jpn.common
Expected: ã‚¢ãƒ¡ãƒªã‚«é ˜ã‚µãƒ¢ã‚¢
     got: アメリカ領サモア
 ; [cca2=AS].translations.jpn.official
Expected: ç±³ã‚µãƒ¢ã‚¢
     got: 米サモア
 ; [cca2=AS].translations.kor.common
Expected: ì•„ë©”ë¦¬ì¹¸ì‚¬ëª¨ì•„
     got: 아메리칸사모아
 ; [cca2=AS].translations.kor.official
Expected: ì•„ë©”ë¦¬ì¹¸ì‚¬ëª¨ì•„
     got: 아메리칸사모아
 ; [cca2=AS].translations.per.common
Expected: Ø³Ø§Ù…ÙˆØ¢ÛŒ Ø¢Ù…Ø±ÛŒÚ©Ø§
     got: ساموآی آمریکا
 ; [cca2=AS].translations.per.official
Expected: Ø³Ø§Ù…ÙˆØ¢ÛŒ Ø¢Ù…Ø±ÛŒÚ©Ø§
     got: ساموآی آمریکا
 ; [cca2=AS].translations.pol.common
Expected: Samoa AmerykaÅ„skie
     got: Samoa Amerykańskie
 ; [cca2=AS].translations.pol.official
Expected: Samoa AmerykaÅ„skie
     got: Samoa Amerykańskie
 ; [cca2=AS].translations.rus.common
Expected: Ð�Ð¼ÐµÑ€Ð¸ÐºÐ°Ð½Ñ�ÐºÐ¾Ðµ Ð¡Ð°Ð¼Ð¾Ð°
     got: Американское Самоа
 ; [cca2=AS].translations.rus.official
Expected: Ð°Ð¼ÐµÑ€Ð¸ÐºÐ°Ð½Ñ�ÐºÐ¾Ðµ Ð¡Ð°Ð¼Ð¾Ð°
     got: американское Самоа
 ; [cca2=AS].translations.slk.common
Expected: AmerickÃ¡ Samoa
     got: Americká Samoa
 ; [cca2=AS].translations.slk.official
Expected: AmerickÃ¡ Samoa
     got: Americká Samoa
 ; [cca2=AS].translations.srp.common
Expected: Ð�Ð¼ÐµÑ€Ð¸Ñ‡ÐºÐ° Ð¡Ð°Ð¼Ð¾Ð°
     got: Америчка Самоа
 ; [cca2=AS].translations.srp.official
Expected: Ð�Ð¼ÐµÑ€Ð¸Ñ‡ÐºÐ° Ð¡Ð°Ð¼Ð¾Ð°
     got: Америчка Самоа
 ; [cca2=AS].translations.tur.common
Expected: Amerikan SamoasÄ±
     got: Amerikan Samoası
 ; [cca2=AS].translations.tur.official
Expected: Amerikan SamoasÄ±
     got: Amerikan Samoası
 ; [cca2=AS].translations.urd.common
Expected: Ø§Ù…Ø±ÛŒÚ©ÛŒ Ø³Ù…ÙˆÙˆØ§
     got: امریکی سمووا
 ; [cca2=AS].translations.urd.official
Expected: Ø§Ù…Ø±ÛŒÚ©ÛŒ Ø³Ù…ÙˆÙˆØ§
     got: امریکی سمووا
 ; [cca2=AS].translations.zho.common
Expected: ç¾Žå±žè�¨æ‘©äºš
     got: 美属萨摩亚
 ; [cca2=AS].translations.zho.official
Expected: ç¾Žå±žè�¨æ‘©äºš
     got: 美属萨摩亚
 ; [cca2=AT].currencies.EUR.symbol
Expected: â‚¬
     got: €
 ; [cca2=AT].flag
Expected: ðŸ‡¦ðŸ‡¹
     got: 🇦🇹
 ; [cca2=AT].name.nativeName.bar.common
Expected: Ã–sterreich
     got: Österreich
 ; [cca2=AT].name.nativeName.bar.official
Expected: Republik Ã–sterreich
     got: Republik Österreich
 ; [cca2=AT].translations.ara.common
Expected: Ø§Ù„Ù†Ù…Ø³Ø§
     got: النمسا
 ; [cca2=AT].translations.ara.official
Expected: Ø¬Ù…Ù‡ÙˆØ±ÙŠØ© Ø§Ù„Ù†Ù…Ø³Ø§
     got: جمهورية النمسا
 ; [cca2=AT].translations.ces.official
Expected: RakouskÃ¡ republika
     got: Rakouská republika
 ; [cca2=AT].translations.deu.common
Expected: Ã–sterreich
     got: Österreich
 ; [cca2=AT].translations.deu.official
Expected: Republik Ã–sterreich
     got: Republik Österreich
 ; [cca2=AT].translations.fin.common
Expected: ItÃ¤valta
     got: Itävalta
 ; [cca2=AT].translations.fin.official
Expected: ItÃ¤vallan tasavalta
     got: Itävallan tasavalta
 ; [cca2=AT].translations.fra.official
Expected: RÃ©publique d&apos;Autriche
     got: République d&apos;Autriche
 ; [cca2=AT].translations.jpn.common
Expected: ã‚ªãƒ¼ã‚¹ãƒˆãƒªã‚¢
     got: オーストリア
 ; [cca2=AT].translations.jpn.official
Expected: ã‚ªãƒ¼ã‚¹ãƒˆãƒªã‚¢å…±å’Œå›½
     got: オーストリア共和国
 ; [cca2=AT].translations.kor.common
Expected: ì˜¤ìŠ¤íŠ¸ë¦¬ì•„
     got: 오스트리아
 ; [cca2=AT].translations.kor.official
Expected: ì˜¤ìŠ¤íŠ¸ë¦¬ì•„ ê³µí™”êµ­
     got: 오스트리아 공화국
 ; [cca2=AT].translations.per.common
Expected: Ø§ØªØ±ÛŒØ´
     got: اتریش
 ; [cca2=AT].translations.per.official
Expected: Ø¬Ù…Ù‡ÙˆØ±ÛŒ Ø§ØªØ±ÛŒØ´
     got: جمهوری اتریش
 ; [cca2=AT].translations.por.common
Expected: Ã�ustria
     got: Áustria
 ; [cca2=AT].translations.por.official
Expected: RepÃºblica da Ã�ustria
     got: República da Áustria
 ; [cca2=AT].translations.rus.common
Expected: Ð�Ð²Ñ�Ñ‚Ñ€Ð¸Ñ�
     got: Австрия
 ; [cca2=AT].translations.rus.official
Expected: Ð�Ð²Ñ�Ñ‚Ñ€Ð¸Ð¹Ñ�ÐºÐ°Ñ� Ð ÐµÑ�Ð¿ÑƒÐ±Ð»Ð¸ÐºÐ°
     got: Австрийская Республика
 ; [cca2=AT].translations.slk.common
Expected: RakÃºsko
     got: Rakúsko
 ; [cca2=AT].translations.slk.official
Expected: RakÃºska republika
     got: Rakúska republika
 ; [cca2=AT].translations.spa.official
Expected: RepÃºblica de Austria
     got: República de Austria
 ; [cca2=AT].translations.srp.common
Expected: Ð�ÑƒÑ�Ñ‚Ñ€Ð¸Ñ˜Ð°
     got: Аустрија
 ; [cca2=AT].translations.srp.official
Expected: Ð ÐµÐ¿ÑƒÐ±Ð»Ð¸ÐºÐ° Ð�ÑƒÑ�Ñ‚Ñ€Ð¸Ñ˜Ð°
     got: Република Аустрија
 ; [cca2=AT].translations.swe.common
Expected: Ã–sterrike
     got: Österrike
 ; [cca2=AT].translations.swe.official
Expected: Republiken Ã–sterrike
     got: Republiken Österrike
 ; [cca2=AT].translations.urd.common
Expected: Ø¢Ø³Ù¹Ø±ÛŒØ§
     got: آسٹریا
 ; [cca2=AT].translations.urd.official
Expected: Ø¬Ù…Û�ÙˆØ±ÛŒÛ� Ø¢Ø³Ù¹Ø±ÛŒØ§
     got: جمہوریہ آسٹریا
 ; [cca2=AT].translations.zho.common
Expected: å¥¥åœ°åˆ©
     got: 奥地利
 ; [cca2=AT].translations.zho.official
Expected: å¥¥åœ°åˆ©å…±å’Œå›½
     got: 奥地利共和国
 ; [cca2=RE].currencies.EUR.symbol
Expected: â‚¬
     got: €
 ; [cca2=RE].demonyms.eng.f
Expected: RÃ©unionese
     got: Réunionese
 ; [cca2=RE].demonyms.eng.m
Expected: RÃ©unionese
     got: Réunionese
 ; [cca2=RE].demonyms.fra.f
Expected: RÃ©unionnaise
     got: Réunionnaise
 ; [cca2=RE].demonyms.fra.m
Expected: RÃ©unionnais
     got: Réunionnais
 ; [cca2=RE].flag
Expected: ðŸ‡·ðŸ‡ª
     got: 🇷🇪
 ; [cca2=RE].name.common
Expected: RÃ©union
     got: Réunion
 ; [cca2=RE].name.nativeName.fra.common
Expected: La RÃ©union
     got: La Réunion
 ; [cca2=RE].name.nativeName.fra.official
Expected: Ile de la RÃ©union
     got: Ile de la Réunion
 ; [cca2=RE].name.official
Expected: RÃ©union Island
     got: Réunion Island
 ; [cca2=RE].translations.ara.common
Expected: Ù„Ø§ Ø±ÙŠÙˆÙ†ÙŠÙˆÙ†
     got: لا ريونيون
 ; [cca2=RE].translations.ara.official
Expected: Ø¬Ø²ÙŠØ±Ø© Ù„Ø§ Ø±ÙŠÙˆÙ†ÙŠÙˆÙ†
     got: جزيرة لا ريونيون
 ; [cca2=RE].translations.bre.common
Expected: ReÃ¼nion
     got: Reünion
 ; [cca2=RE].translations.bre.official
Expected: Enez ar ReÃ¼nion
     got: Enez ar Reünion
 ; [cca2=RE].translations.ces.common
Expected: RÃ©union
     got: Réunion
 ; [cca2=RE].translations.ces.official
Expected: RÃ©union
     got: Réunion
 ; [cca2=RE].translations.cym.common
Expected: RÃ©union
     got: Réunion
 ; [cca2=RE].translations.cym.official
Expected: RÃ©union Island
     got: Réunion Island
 ; [cca2=RE].translations.deu.common
Expected: RÃ©union
     got: Réunion
 ; [cca2=RE].translations.deu.official
Expected: RÃ©union
     got: Réunion
 ; [cca2=RE].translations.est.common
Expected: RÃ©union
     got: Réunion
 ; [cca2=RE].translations.est.official
Expected: RÃ©unioni departemang
     got: Réunioni departemang
 ; [cca2=RE].translations.fin.common
Expected: RÃ©union
     got: Réunion
 ; [cca2=RE].translations.fin.official
Expected: RÃ©union
     got: Réunion
 ; [cca2=RE].translations.fra.common
Expected: RÃ©union
     got: Réunion
 ; [cca2=RE].translations.fra.official
Expected: Ile de la RÃ©union
     got: Ile de la Réunion
 ; [cca2=RE].translations.hrv.common
Expected: RÃ©union
     got: Réunion
 ; [cca2=RE].translations.hrv.official
Expected: RÃ©union Island
     got: Réunion Island
 ; [cca2=RE].translations.hun.common
Expected: RÃ©union
     got: Réunion
 ; [cca2=RE].translations.hun.official
Expected: RÃ©union
     got: Réunion
 ; [cca2=RE].translations.ita.official
Expected: RÃ©union
     got: Réunion
 ; [cca2=RE].translations.jpn.common
Expected: ãƒ¬ãƒ¦ãƒ‹ã‚ªãƒ³
     got: レユニオン
 ; [cca2=RE].translations.jpn.official
Expected: ãƒ¬ãƒ¦ãƒ‹ã‚ªãƒ³å³¶
     got: レユニオン島
 ; [cca2=RE].translations.kor.common
Expected: ë ˆìœ„ë‹ˆì˜¹
     got: 레위니옹
 ; [cca2=RE].translations.kor.official
Expected: ë ˆìœ„ë‹ˆì˜¹
     got: 레위니옹
 ; [cca2=RE].translations.nld.common
Expected: RÃ©union
     got: Réunion
 ; [cca2=RE].translations.nld.official
Expected: RÃ©union
     got: Réunion
 ; [cca2=RE].translations.per.common
Expected: Ø±Ø¦ÙˆÙ†ÛŒÙˆÙ†
     got: رئونیون
 ; [cca2=RE].translations.per.official
Expected: Ø±Ø¦ÙˆÙ†ÛŒÙˆÙ†
     got: رئونیون
 ; [cca2=RE].translations.por.common
Expected: ReuniÃ£o
     got: Reunião
 ; [cca2=RE].translations.por.official
Expected: Ilha da ReuniÃ£o
     got: Ilha da Reunião
 ; [cca2=RE].translations.rus.common
Expected: Ð ÐµÑŽÐ½ÑŒÐ¾Ð½
     got: Реюньон
 ; [cca2=RE].translations.rus.official
Expected: Ð ÐµÑŽÐ½ÑŒÐ¾Ð½
     got: Реюньон
 ; [cca2=RE].translations.slk.common
Expected: RÃ©union
     got: Réunion
 ; [cca2=RE].translations.slk.official
Expected: RÃ©unionskÃ½ zÃ¡morskÃ½ departmÃ¡n
     got: Réunionský zámorský departmán
 ; [cca2=RE].translations.spa.common
Expected: ReuniÃ³n
     got: Reunión
 ; [cca2=RE].translations.spa.official
Expected: Isla de la ReuniÃ³n
     got: Isla de la Reunión
 ; [cca2=RE].translations.srp.common
Expected: Ð ÐµÐ¸Ð½Ð¸Ð¾Ð½
     got: Реинион
 ; [cca2=RE].translations.srp.official
Expected: Ð ÐµÐ¸Ð½Ð¸Ð¾Ð½
     got: Реинион
 ; [cca2=RE].translations.swe.common
Expected: RÃ©union
     got: Réunion
 ; [cca2=RE].translations.swe.official
Expected: RÃ©union
     got: Réunion
 ; [cca2=RE].translations.tur.common
Expected: RÃ©union
     got: Réunion
 ; [cca2=RE].translations.tur.official
Expected: RÃ©union
     got: Réunion
 ; [cca2=RE].translations.urd.common
Expected: Ø±Û’ ÛŒÙˆÙ†ÛŒÙˆÚº
     got: رے یونیوں
 ; [cca2=RE].translations.urd.official
Expected: Ø±Û’ ÛŒÙˆÙ†ÛŒÙˆÚº Ø¬Ø²ÛŒØ±Û�
     got: رے یونیوں جزیرہ
 ; [cca2=RE].translations.zho.common
Expected: ç•™å°¼æ—ºå²›
     got: 留尼旺岛
 ; [cca2=RE].translations.zho.official
Expected: ç•™å°¼æ—ºå²›
     got: 留尼旺岛
 ; [cca2=AU].flag
Expected: ðŸ‡¦ðŸ‡º
     got: 🇦🇺
 ; [cca2=AU].flags.alt
Expected: The flag of Australia has a dark blue field. It features the flag of the United Kingdom â€” the Union Jack â€” in the canton, beneath which is a large white seven-pointed star. A representation of the Southern Cross constellation, made up of one small five-pointed and four larger seven-pointed white stars, is situated on the fly side of the field.
     got: The flag of Australia has a dark blue field. It features the flag of the United Kingdom — the Union Jack — in the canton, beneath which is a large white seven-pointed star. A representation of the Southern Cross constellation, made up of one small five-pointed and four larger seven-pointed white stars, is situated on the fly side of the field.
 ; [cca2=AU].translations.ara.common
Expected: Ø£Ø³ØªØ±Ø§Ù„ÙŠØ§
     got: أستراليا
 ; [cca2=AU].translations.ara.official
Expected: ÙƒÙˆÙ…ÙˆÙ†ÙˆÙ„Ø« Ø£Ø³ØªØ±Ø§Ù„ÙŠØ§
     got: كومونولث أستراليا
 ; [cca2=AU].translations.ces.common
Expected: AustrÃ¡lie
     got: Austrálie
 ; [cca2=AU].translations.ces.official
Expected: AustralskÃ© spoleÄ�enstvÃ­
     got: Australské společenství
 ; [cca2=AU].translations.est.official
Expected: Austraalia Ãœhendus
     got: Austraalia Ühendus
 ; [cca2=AU].translations.hun.common
Expected: AusztrÃ¡lia
     got: Ausztrália
 ; [cca2=AU].translations.hun.official
Expected: AusztrÃ¡l Ã�llamszÃ¶vetsÃ©g
     got: Ausztrál Államszövetség
 ; [cca2=AU].translations.jpn.common
Expected: ã‚ªãƒ¼ã‚¹ãƒˆãƒ©ãƒªã‚¢
     got: オーストラリア
 ; [cca2=AU].translations.jpn.official
Expected: ã‚ªãƒ¼ã‚¹ãƒˆãƒ©ãƒªã‚¢é€£é‚¦
     got: オーストラリア連邦
 ; [cca2=AU].translations.kor.common
Expected: í˜¸ì£¼
     got: 호주
 ; [cca2=AU].translations.kor.official
Expected: ì˜¤ìŠ¤íŠ¸ë ˆì�¼ë¦¬ì•„ ì—°ë°©
     got: 오스트레일리아 연방
 ; [cca2=AU].translations.nld.common
Expected: AustraliÃ«
     got: Australië
 ; [cca2=AU].translations.nld.official
Expected: Gemenebest van AustraliÃ«
     got: Gemenebest van Australië
 ; [cca2=AU].translations.per.common
Expected: Ø§Ø³ØªØ±Ø§Ù„ÛŒØ§
     got: استرالیا
 ; [cca2=AU].translations.per.official
Expected: Ù‚Ù„Ù…Ø±Ùˆ Ù‡Ù…Ø³ÙˆØ¯ Ø§Ø³ØªØ±Ø§Ù„ÛŒØ§
     got: قلمرو همسود استرالیا
 ; [cca2=AU].translations.pol.official
Expected: ZwiÄ…zek Australijski
     got: Związek Australijski
 ; [cca2=AU].translations.por.common
Expected: AustrÃ¡lia
     got: Austrália
 ; [cca2=AU].translations.por.official
Expected: Comunidade da AustrÃ¡lia
     got: Comunidade da Austrália
 ; [cca2=AU].translations.rus.common
Expected: Ð�Ð²Ñ�Ñ‚Ñ€Ð°Ð»Ð¸Ñ�
     got: Австралия
 ; [cca2=AU].translations.rus.official
Expected: Ð¡Ð¾Ð´Ñ€ÑƒÐ¶ÐµÑ�Ñ‚Ð²Ð¾ Ð�Ð²Ñ�Ñ‚Ñ€Ð°Ð»Ð¸Ð¸
     got: Содружество Австралии
 ; [cca2=AU].translations.slk.common
Expected: AustrÃ¡lia
     got: Austrália
 ; [cca2=AU].translations.slk.official
Expected: AustrÃ¡lsky zvÃ¤z
     got: Austrálsky zväz
 ; [cca2=AU].translations.srp.common
Expected: Ð�ÑƒÑ�Ñ‚Ñ€Ð°Ð»Ð¸Ñ˜Ð°
     got: Аустралија
 ; [cca2=AU].translations.srp.official
Expected: ÐšÐ¾Ð¼Ð¾Ð½Ð²ÐµÐ»Ñ‚ Ð�ÑƒÑ�Ñ‚Ñ€Ð°Ð»Ð¸Ñ˜Ð°
     got: Комонвелт Аустралија
 ; [cca2=AU].translations.swe.official
Expected: Australiska statsfÃ¶rbundet
     got: Australiska statsförbundet
 ; [cca2=AU].translations.urd.common
Expected: Ø¢Ø³Ù¹Ø±ÛŒÙ„ÛŒØ§
     got: آسٹریلیا
 ; [cca2=AU].translations.urd.official
Expected: Ø¯ÙˆÙ„ØªÙ� Ù…Ø´ØªØ±Ú©Û� Ø¢Ø³Ù¹Ø±ÛŒÙ„ÛŒØ§
     got: دولتِ مشترکہ آسٹریلیا
 ; [cca2=AU].translations.zho.common
Expected: æ¾³å¤§åˆ©äºš
     got: 澳大利亚
 ; [cca2=AU].translations.zho.official
Expected: æ¾³å¤§åˆ©äºšè�”é‚¦
     got: 澳大利亚联邦
 ; [cca2=AW].currencies.AWG.symbol
Expected: Æ’
     got: ƒ
 ; [cca2=AW].flag
Expected: ðŸ‡¦ðŸ‡¼
     got: 🇦🇼
 ; [cca2=AW].translations.ara.common
Expected: Ø£Ø±ÙˆØ¨Ø§
     got: أروبا
 ; [cca2=AW].translations.ara.official
Expected: Ø£Ø±ÙˆØ¨Ø§
     got: أروبا
 ; [cca2=AW].translations.jpn.common
Expected: ã‚¢ãƒ«ãƒ�
     got: アルバ
 ; [cca2=AW].translations.jpn.official
Expected: ã‚¢ãƒ«ãƒ�
     got: アルバ
 ; [cca2=AW].translations.kor.common
Expected: ì•„ë£¨ë°”
     got: 아루바
 ; [cca2=AW].translations.kor.official
Expected: ì•„ë£¨ë°”
     got: 아루바
 ; [cca2=AW].translations.per.common
Expected: Ø¢Ø±ÙˆØ¨Ø§
     got: آروبا
 ; [cca2=AW].translations.per.official
Expected: Ø¢Ø±ÙˆØ¨Ø§
     got: آروبا
 ; [cca2=AW].translations.rus.common
Expected: Ð�Ñ€ÑƒÐ±Ð°
     got: Аруба
 ; [cca2=AW].translations.rus.official
Expected: Ð�Ñ€ÑƒÐ±Ð°
     got: Аруба
 ; [cca2=AW].translations.srp.common
Expected: Ð�Ñ€ÑƒÐ±Ð°
     got: Аруба
 ; [cca2=AW].translations.srp.official
Expected: Ð�Ñ€ÑƒÐ±Ð°
     got: Аруба
 ; [cca2=AW].translations.urd.common
Expected: Ø§Ø±ÙˆØ¨Ø§
     got: اروبا
 ; [cca2=AW].translations.urd.official
Expected: Ø§Ø±ÙˆØ¨Ø§
     got: اروبا
 ; [cca2=AW].translations.zho.common
Expected: é˜¿é²�å·´
     got: 阿鲁巴
 ; [cca2=AW].translations.zho.official
Expected: é˜¿é²�å·´
     got: 阿鲁巴
 ; [cca2=AX].currencies.EUR.symbol
Expected: â‚¬
     got: €
 ; [cca2=AX].demonyms.eng.f
Expected: Ã…landish
     got: Ålandish
 ; [cca2=AX].demonyms.eng.m
Expected: Ã…landish
     got: Ålandish
 ; [cca2=AX].demonyms.fra.f
Expected: Ã…landaise
     got: Ålandaise
 ; [cca2=AX].demonyms.fra.m
Expected: Ã…landais
     got: Ålandais
 ; [cca2=AX].flag
Expected: ðŸ‡¦ðŸ‡½
     got: 🇦🇽
 ; [cca2=AX].name.common
Expected: Ã…land Islands
     got: Åland Islands
 ; [cca2=AX].name.nativeName.swe.common
Expected: Ã…land
     got: Åland
 ; [cca2=AX].name.nativeName.swe.official
Expected: Landskapet Ã…land
     got: Landskapet Åland
 ; [cca2=AX].name.official
Expected: Ã…land Islands
     got: Åland Islands
 ; [cca2=AX].translations.ara.common
Expected: Ø¬Ø²Ø± Ø£ÙˆÙ„Ø§Ù†Ø¯
     got: جزر أولاند
 ; [cca2=AX].translations.ara.official
Expected: Ø¬Ø²Ø± Ø£ÙˆÙ„Ø§Ù†Ø¯
     got: جزر أولاند
 ; [cca2=AX].translations.bre.common
Expected: Ã…land
     got: Åland
 ; [cca2=AX].translations.bre.official
Expected: Inizi Ã…land
     got: Inizi Åland
 ; [cca2=AX].translations.ces.common
Expected: Ã…landy
     got: Ålandy
 ; [cca2=AX].translations.ces.official
Expected: Ã…landskÃ© ostrovy
     got: Ålandské ostrovy
 ; [cca2=AX].translations.cym.common
Expected: Ã…land Islands
     got: Åland Islands
 ; [cca2=AX].translations.cym.official
Expected: Ã…land Islands
     got: Åland Islands
 ; [cca2=AX].translations.deu.common
Expected: Ã…land
     got: Åland
 ; [cca2=AX].translations.deu.official
Expected: Ã…land-Inseln
     got: Åland-Inseln
 ; [cca2=AX].translations.hrv.common
Expected: Ã…landski otoci
     got: Ålandski otoci
 ; [cca2=AX].translations.hun.common
Expected: Ã…land-szigetek
     got: Åland-szigetek
 ; [cca2=AX].translations.hun.official
Expected: Ã…land-szigetek
     got: Åland-szigetek
 ; [cca2=AX].translations.ita.official
Expected: Isole Ã…land
     got: Isole Åland
 ; [cca2=AX].translations.jpn.common
Expected: ã‚ªãƒ¼ãƒ©ãƒ³ãƒ‰è«¸å³¶
     got: オーランド諸島
 ; [cca2=AX].translations.jpn.official
Expected: ã‚ªãƒ¼ãƒ©ãƒ³ãƒ‰è«¸å³¶
     got: オーランド諸島
 ; [cca2=AX].translations.kor.common
Expected: ì˜¬ëž€ë“œ ì œë�„
     got: 올란드 제도
 ; [cca2=AX].translations.kor.official
Expected: ì˜¬ëž€ë“œ ì œë�„
     got: 올란드 제도
 ; [cca2=AX].translations.nld.common
Expected: Ã…landeilanden
     got: Ålandeilanden
 ; [cca2=AX].translations.nld.official
Expected: Ã…land eilanden
     got: Åland eilanden
 ; [cca2=AX].translations.per.common
Expected: Ø¬Ø²Ø§ÛŒØ± Ø§Ù„Ù†Ø¯
     got: جزایر الند
 ; [cca2=AX].translations.per.official
Expected: Ø¬Ø²Ø§ÛŒØ± Ø§Ù„Ù†Ø¯
     got: جزایر الند
 ; [cca2=AX].translations.por.common
Expected: AlÃ¢ndia
     got: Alândia
 ; [cca2=AX].translations.por.official
Expected: Ilhas Ã…land
     got: Ilhas Åland
 ; [cca2=AX].translations.rus.common
Expected: Ð�Ð»Ð°Ð½Ð´Ñ�ÐºÐ¸Ðµ Ð¾Ñ�Ñ‚Ñ€Ð¾Ð²Ð°
     got: Аландские острова
 ; [cca2=AX].translations.rus.official
Expected: Ð�Ð»Ð°Ð½Ð´Ñ�ÐºÐ¸Ðµ Ð¾Ñ�Ñ‚Ñ€Ð¾Ð²Ð°
     got: Аландские острова
 ; [cca2=AX].translations.slk.official
Expected: AlandskÃ© ostrovy
     got: Alandské ostrovy
 ; [cca2=AX].translations.spa.official
Expected: Islas Ã…land
     got: Islas Åland
 ; [cca2=AX].translations.srp.common
Expected: ÐžÐ»Ð°Ð½Ð´Ñ�ÐºÐ° ÐžÑ�Ñ‚Ñ€Ð²Ð°
     got: Оландска Острва
 ; [cca2=AX].translations.srp.official
Expected: ÐžÐ»Ð°Ð½Ð´Ñ�ÐºÐ° ÐžÑ�Ñ‚Ñ€Ð²Ð°
     got: Оландска Острва
 ; [cca2=AX].translations.swe.common
Expected: Ã…land
     got: Åland
 ; [cca2=AX].translations.swe.official
Expected: Ã…land
     got: Åland
 ; [cca2=AX].translations.tur.common
Expected: Ã…land
     got: Åland
 ; [cca2=AX].translations.tur.official
Expected: Ã…land AdalarÄ±
     got: Åland Adaları
 ; [cca2=AX].translations.urd.common
Expected: Ø¬Ø²Ø§Ø¦Ø± Ø§ÙˆÙ„Ù†Ø¯
     got: جزائر اولند
 ; [cca2=AX].translations.urd.official
Expected: Ø¬Ø²Ø§Ø¦Ø± Ø§ÙˆÙ„Ù†Ø¯
     got: جزائر اولند
 ; [cca2=AX].translations.zho.common
Expected: å¥¥å…°ç¾¤å²›
     got: 奥兰群岛
 ; [cca2=AX].translations.zho.official
Expected: å¥¥å…°ç¾¤å²›
     got: 奥兰群岛
 ; [cca2=AZ].altSpellings[]
Expected: AzÉ™rbaycan RespublikasÄ±
     but none found
 ; [cca2=AZ].altSpellings[]
Unexpected: Azərbaycan Respublikası
 ; [cca2=AZ].currencies.AZN.symbol
Expected: â‚¼
     got: ₼
 ; [cca2=AZ].demonyms.fra.f
Expected: AzerbaÃ¯djanaise
     got: Azerbaïdjanaise
 ; [cca2=AZ].demonyms.fra.m
Expected: AzerbaÃ¯djanais
     got: Azerbaïdjanais
 ; [cca2=AZ].flag
Expected: ðŸ‡¦ðŸ‡¿
     got: 🇦🇿
 ; [cca2=AZ].name.nativeName.aze.common
Expected: AzÉ™rbaycan
     got: Azərbaycan
 ; [cca2=AZ].name.nativeName.aze.official
Expected: AzÉ™rbaycan RespublikasÄ±
     got: Azərbaycan Respublikası
 ; [cca2=AZ].translations.ara.common
Expected: Ø£Ø°Ø±Ø¨ÙŠØ¬Ø§Ù†
     got: أذربيجان
 ; [cca2=AZ].translations.ara.official
Expected: Ø¬Ù…Ù‡ÙˆØ±ÙŠØ© Ø£Ø°Ø±Ø¨ÙŠØ¬Ø§Ù†
     got: جمهورية أذربيجان
 ; [cca2=AZ].translations.ces.common
Expected: Ã�zerbÃ¡jdÅ¾Ã¡n
     got: Ázerbájdžán
 ; [cca2=AZ].translations.ces.official
Expected: Ã�zerbÃ¡jdÅ¾Ã¡nskÃ¡ republika
     got: Ázerbájdžánská republika
 ; [cca2=AZ].translations.est.common
Expected: AserbaidÅ¾aan
     got: Aserbaidžaan
 ; [cca2=AZ].translations.est.official
Expected: AserbaidÅ¾aani Vabariik
     got: Aserbaidžaani Vabariik
 ; [cca2=AZ].translations.fra.common
Expected: AzerbaÃ¯djan
     got: Azerbaïdjan
 ; [cca2=AZ].translations.fra.official
Expected: RÃ©publique d&apos;AzerbaÃ¯djan
     got: République d&apos;Azerbaïdjan
 ; [cca2=AZ].translations.hrv.common
Expected: AzerbajdÅ¾an
     got: Azerbajdžan
 ; [cca2=AZ].translations.hrv.official
Expected: Republika AzerbajdÅ¾an
     got: Republika Azerbajdžan
 ; [cca2=AZ].translations.hun.common
Expected: AzerbajdzsÃ¡n
     got: Azerbajdzsán
 ; [cca2=AZ].translations.hun.official
Expected: AzerbajdzsÃ¡n
     got: Azerbajdzsán
 ; [cca2=AZ].translations.jpn.common
Expected: ã‚¢ã‚¼ãƒ«ãƒ�ã‚¤ã‚¸ãƒ£ãƒ³
     got: アゼルバイジャン
 ; [cca2=AZ].translations.jpn.official
Expected: ã‚¢ã‚¼ãƒ«ãƒ�ã‚¤ã‚¸ãƒ£ãƒ³å…±å’Œå›½
     got: アゼルバイジャン共和国
 ; [cca2=AZ].translations.kor.common
Expected: ì•„ì œë¥´ë°”ì�´ìž”
     got: 아제르바이잔
 ; [cca2=AZ].translations.kor.official
Expected: ì•„ì œë¥´ë°”ì�´ìž” ê³µí™”êµ­
     got: 아제르바이잔 공화국
 ; [cca2=AZ].translations.per.common
Expected: Ø¬Ù…Ù‡ÙˆØ±ÛŒ Ø¢Ø°Ø±Ø¨Ø§ÛŒØ¬Ø§Ù†
     got: جمهوری آذربایجان
 ; [cca2=AZ].translations.per.official
Expected: Ø¬Ù…Ù‡ÙˆØ±ÛŒ Ø¢Ø°Ø±Ø¨Ø§ÛŒØ¬Ø§Ù†
     got: جمهوری آذربایجان
 ; [cca2=AZ].translations.pol.common
Expected: AzerbejdÅ¼an
     got: Azerbejdżan
 ; [cca2=AZ].translations.pol.official
Expected: Republika AzerbejdÅ¼anu
     got: Republika Azerbejdżanu
 ; [cca2=AZ].translations.por.common
Expected: AzerbeijÃ£o
     got: Azerbeijão
 ; [cca2=AZ].translations.por.official
Expected: RepÃºblica do AzerbaijÃ£o
     got: República do Azerbaijão
 ; [cca2=AZ].translations.rus.common
Expected: Ð�Ð·ÐµÑ€Ð±Ð°Ð¹Ð´Ð¶Ð°Ð½
     got: Азербайджан
 ; [cca2=AZ].translations.rus.official
Expected: Ð�Ð·ÐµÑ€Ð±Ð°Ð¹Ð´Ð¶Ð°Ð½Ñ�ÐºÐ°Ñ� Ð ÐµÑ�Ð¿ÑƒÐ±Ð»Ð¸ÐºÐ°
     got: Азербайджанская Республика
 ; [cca2=AZ].translations.slk.common
Expected: AzerbajÇ‡an
     got: AzerbajǇan
 ; [cca2=AZ].translations.slk.official
Expected: AzerbajÇ†anskÃ¡ republika
     got: Azerbajǆanská republika
 ; [cca2=AZ].translations.spa.common
Expected: AzerbaiyÃ¡n
     got: Azerbaiyán
 ; [cca2=AZ].translations.spa.official
Expected: RepÃºblica de AzerbaiyÃ¡n
     got: República de Azerbaiyán
 ; [cca2=AZ].translations.srp.common
Expected: Ð�Ð·ÐµÑ€Ð±ÐµÑ˜ÑŸÐ°Ð½
     got: Азербејџан
 ; [cca2=AZ].translations.srp.official
Expected: Ð�Ð·ÐµÑ€Ð±ÐµÑ˜ÑŸÐ°Ð½Ñ�ÐºÐ° Ð ÐµÐ¿ÑƒÐ±Ð»Ð¸ÐºÐ°
     got: Азербејџанска Република
 ; [cca2=AZ].translations.urd.common
Expected: Ø¢Ø°Ø±Ø¨Ø§Ø¦ÛŒØ¬Ø§Ù†
     got: آذربائیجان
 ; [cca2=AZ].translations.urd.official
Expected: Ø¬Ù…Û�ÙˆØ±ÛŒÛ� Ø¢Ø°Ø±Ø¨Ø§Ø¦ÛŒØ¬Ø§Ù†
     got: جمہوریہ آذربائیجان
 ; [cca2=AZ].translations.zho.common
Expected: é˜¿å¡žæ‹œç–†
     got: 阿塞拜疆
 ; [cca2=AZ].translations.zho.official
Expected: é˜¿å¡žæ‹œç–†å…±å’Œå›½
     got: 阿塞拜疆共和国
 ; [cca2=RO].altSpellings[]
Expected: RomÃ¢nia
     but none found
 ; [cca2=RO].altSpellings[]
Unexpected: România
 ; [cca2=RO].flag
Expected: ðŸ‡·ðŸ‡´
     got: 🇷🇴
 ; [cca2=RO].name.nativeName.ron.common
Expected: RomÃ¢nia
     got: România
 ; [cca2=RO].name.nativeName.ron.official
Expected: RomÃ¢nia
     got: România
 ; [cca2=RO].translations.ara.common
Expected: Ø±ÙˆÙ…Ø§Ù†ÙŠØ§
     got: رومانيا
 ; [cca2=RO].translations.ara.official
Expected: Ø±ÙˆÙ…Ø§Ù†ÙŠØ§
     got: رومانيا
 ; [cca2=RO].translations.deu.common
Expected: RumÃ¤nien
     got: Rumänien
 ; [cca2=RO].translations.deu.official
Expected: RumÃ¤nien
     got: Rumänien
 ; [cca2=RO].translations.hun.common
Expected: RomÃ¡nia
     got: Románia
 ; [cca2=RO].translations.hun.official
Expected: RomÃ¡nia
     got: Románia
 ; [cca2=RO].translations.jpn.common
Expected: ãƒ«ãƒ¼ãƒžãƒ‹ã‚¢
     got: ルーマニア
 ; [cca2=RO].translations.jpn.official
Expected: ãƒ«ãƒ¼ãƒžãƒ‹ã‚¢
     got: ルーマニア
 ; [cca2=RO].translations.kor.common
Expected: ë£¨ë§ˆë‹ˆì•„
     got: 루마니아
 ; [cca2=RO].translations.kor.official
Expected: ë£¨ë§ˆë‹ˆì•„
     got: 루마니아
 ; [cca2=RO].translations.nld.common
Expected: RoemeniÃ«
     got: Roemenië
 ; [cca2=RO].translations.nld.official
Expected: RoemeniÃ«
     got: Roemenië
 ; [cca2=RO].translations.per.common
Expected: Ø±ÙˆÙ…Ø§Ù†ÛŒ
     got: رومانی
 ; [cca2=RO].translations.per.official
Expected: Ø±ÙˆÙ…Ø§Ù†ÛŒ
     got: رومانی
 ; [cca2=RO].translations.por.common
Expected: RomÃ©nia
     got: Roménia
 ; [cca2=RO].translations.por.official
Expected: RomÃªnia
     got: Romênia
 ; [cca2=RO].translations.rus.common
Expected: Ð ÑƒÐ¼Ñ‹Ð½Ð¸Ñ�
     got: Румыния
 ; [cca2=RO].translations.rus.official
Expected: Ð ÑƒÐ¼Ñ‹Ð½Ð¸Ñ�
     got: Румыния
 ; [cca2=RO].translations.srp.common
Expected: Ð ÑƒÐ¼ÑƒÐ½Ð¸Ñ˜Ð°
     got: Румунија
 ; [cca2=RO].translations.srp.official
Expected: Ð ÑƒÐ¼ÑƒÐ½Ð¸Ñ˜Ð°
     got: Румунија
 ; [cca2=RO].translations.swe.common
Expected: RumÃ¤nien
     got: Rumänien
 ; [cca2=RO].translations.swe.official
Expected: RumÃ¤nien
     got: Rumänien
 ; [cca2=RO].translations.urd.common
Expected: Ø±ÙˆÙ…Ø§Ù†ÛŒÛ�
     got: رومانیہ
 ; [cca2=RO].translations.urd.official
Expected: Ø±ÙˆÙ…Ø§Ù†ÛŒÛ�
     got: رومانیہ
 ; [cca2=RO].translations.zho.common
Expected: ç½—é©¬å°¼äºš
     got: 罗马尼亚
 ; [cca2=RO].translations.zho.official
Expected: ç½—é©¬å°¼äºš
     got: 罗马尼亚
 ; [cca2=BA].altSpellings[]
Expected: Ð‘Ð¾Ñ�Ð½Ð° Ð¸ Ð¥ÐµÑ€Ñ†ÐµÐ³Ð¾Ð²Ð¸Ð½Ð°
     but none found
 ; [cca2=BA].altSpellings[]
Unexpected: Босна и Херцеговина
 ; [cca2=BA].flag
Expected: ðŸ‡§ðŸ‡¦
     got: 🇧🇦
 ; [cca2=BA].name.nativeName.srp.common
Expected: Ð‘Ð¾Ñ�Ð½Ð° Ð¸ Ð¥ÐµÑ€Ñ†ÐµÐ³Ð¾Ð²Ð¸Ð½Ð°
     got: Босна и Херцеговина
 ; [cca2=BA].name.nativeName.srp.official
Expected: Ð‘Ð¾Ñ�Ð½Ð° Ð¸ Ð¥ÐµÑ€Ñ†ÐµÐ³Ð¾Ð²Ð¸Ð½Ð°
     got: Босна и Херцеговина
 ; [cca2=BA].translations.ara.common
Expected: Ø§Ù„Ø¨ÙˆØ³Ù†Ø© ÙˆØ§Ù„Ù‡Ø±Ø³Ùƒ
     got: البوسنة والهرسك
 ; [cca2=BA].translations.ara.official
Expected: Ø¬Ù…Ù‡ÙˆØ±ÙŠØ© Ø§Ù„Ø¨ÙˆØ³Ù†Ø© ÙˆØ§Ù„Ù‡Ø±Ø³Ùƒ
     got: جمهورية البوسنة والهرسك
 ; [cca2=BA].translations.fra.common
Expected: Bosnie-HerzÃ©govine
     got: Bosnie-Herzégovine
 ; [cca2=BA].translations.fra.official
Expected: Bosnie-et-HerzÃ©govine
     got: Bosnie-et-Herzégovine
 ; [cca2=BA].translations.jpn.common
Expected: ãƒœã‚¹ãƒ‹ã‚¢ãƒ»ãƒ˜ãƒ«ãƒ„ã‚§ã‚´ãƒ“ãƒŠ
     got: ボスニア・ヘルツェゴビナ
 ; [cca2=BA].translations.jpn.official
Expected: ãƒœã‚¹ãƒ‹ã‚¢Â·ãƒ˜ãƒ«ãƒ„ã‚§ã‚´ãƒ“ãƒŠ
     got: ボスニア·ヘルツェゴビナ
 ; [cca2=BA].translations.kor.common
Expected: ë³´ìŠ¤ë‹ˆì•„ í—¤ë¥´ì²´ê³ ë¹„ë‚˜
     got: 보스니아 헤르체고비나
 ; [cca2=BA].translations.kor.official
Expected: ë³´ìŠ¤ë‹ˆì•„ í—¤ë¥´ì²´ê³ ë¹„ë‚˜
     got: 보스니아 헤르체고비나
 ; [cca2=BA].translations.nld.common
Expected: BosniÃ« en Herzegovina
     got: Bosnië en Herzegovina
 ; [cca2=BA].translations.nld.official
Expected: BosniÃ«-Herzegovina
     got: Bosnië-Herzegovina
 ; [cca2=BA].translations.per.common
Expected: Ø¨ÙˆØ³Ù†ÛŒ Ùˆ Ù‡Ø±Ø²Ú¯ÙˆÛŒÙ†
     got: بوسنی و هرزگوین
 ; [cca2=BA].translations.per.official
Expected: Ø¨ÙˆØ³Ù†ÛŒ Ùˆ Ù‡Ø±Ø²Ú¯ÙˆÛŒÙ†
     got: بوسنی و هرزگوین
 ; [cca2=BA].translations.pol.common
Expected: BoÅ›nia i Hercegowina
     got: Bośnia i Hercegowina
 ; [cca2=BA].translations.pol.official
Expected: BoÅ›nia i Hercegowina
     got: Bośnia i Hercegowina
 ; [cca2=BA].translations.por.common
Expected: BÃ³snia e Herzegovina
     got: Bósnia e Herzegovina
 ; [cca2=BA].translations.por.official
Expected: BÃ³snia e Herzegovina
     got: Bósnia e Herzegovina
 ; [cca2=BA].translations.rus.common
Expected: Ð‘Ð¾Ñ�Ð½Ð¸Ñ� Ð¸ Ð“ÐµÑ€Ñ†ÐµÐ³Ð¾Ð²Ð¸Ð½Ð°
     got: Босния и Герцеговина
 ; [cca2=BA].translations.rus.official
Expected: Ð‘Ð¾Ñ�Ð½Ð¸Ñ� Ð¸ Ð“ÐµÑ€Ñ†ÐµÐ³Ð¾Ð²Ð¸Ð½Ð°
     got: Босния и Герцеговина
 ; [cca2=BA].translations.srp.common
Expected: Ð‘Ð¾Ñ�Ð½Ð° Ð¸ Ð¥ÐµÑ€Ñ†ÐµÐ³Ð¾Ð²Ð¸Ð½Ð°
     got: Босна и Херцеговина
 ; [cca2=BA].translations.srp.official
Expected: Ð‘Ð¾Ñ�Ð½Ð° Ð¸ Ð¥ÐµÑ€Ñ†ÐµÐ³Ð¾Ð²Ð¸Ð½Ð°
     got: Босна и Херцеговина
 ; [cca2=BA].translations.urd.common
Expected: Ø¨ÙˆØ³Ù†ÛŒØ§ Ùˆ Û�Ø±Ø²ÛŒÚ¯ÙˆÙˆÛŒÙ†Ø§
     got: بوسنیا و ہرزیگووینا
 ; [cca2=BA].translations.urd.official
Expected: Ø¨ÙˆØ³Ù†ÛŒØ§ Ùˆ Û�Ø±Ø²ÛŒÚ¯ÙˆÙˆÛŒÙ†Ø§
     got: بوسنیا و ہرزیگووینا
 ; [cca2=BA].translations.zho.common
Expected: æ³¢æ–¯å°¼äºšå’Œé»‘å¡žå“¥ç»´é‚£
     got: 波斯尼亚和黑塞哥维那
 ; [cca2=BA].translations.zho.official
Expected: æ³¢æ–¯å°¼äºšå’Œé»‘å¡žå“¥ç»´é‚£
     got: 波斯尼亚和黑塞哥维那
 ; [cca2=BB].flag
Expected: ðŸ‡§ðŸ‡§
     got: 🇧🇧
 ; [cca2=BB].translations.ara.common
Expected: Ø¨Ø§Ø±Ø¨Ø§Ø¯ÙˆØ³
     got: باربادوس
 ; [cca2=BB].translations.ara.official
Expected: Ø¨Ø§Ø±Ø¨Ø§Ø¯ÙˆØ³
     got: باربادوس
 ; [cca2=BB].translations.jpn.common
Expected: ãƒ�ãƒ«ãƒ�ãƒ‰ã‚¹
     got: バルバドス
 ; [cca2=BB].translations.jpn.official
Expected: ãƒ�ãƒ«ãƒ�ãƒ‰ã‚¹
     got: バルバドス
 ; [cca2=BB].translations.kor.common
Expected: ë°”ë² ì�´ë�„ìŠ¤
     got: 바베이도스
 ; [cca2=BB].translations.kor.official
Expected: ë°”ë² ì�´ë�„ìŠ¤
     got: 바베이도스
 ; [cca2=BB].translations.per.common
Expected: Ø¨Ø§Ø±Ø¨Ø§Ø¯ÙˆØ³
     got: باربادوس
 ; [cca2=BB].translations.per.official
Expected: Ø¨Ø§Ø±Ø¨Ø§Ø¯ÙˆØ³
     got: باربادوس
 ; [cca2=BB].translations.rus.common
Expected: Ð‘Ð°Ñ€Ð±Ð°Ð´Ð¾Ñ�
     got: Барбадос
 ; [cca2=BB].translations.rus.official
Expected: Ð‘Ð°Ñ€Ð±Ð°Ð´Ð¾Ñ�
     got: Барбадос
 ; [cca2=BB].translations.srp.common
Expected: Ð‘Ð°Ñ€Ð±Ð°Ð´Ð¾Ñ�
     got: Барбадос
 ; [cca2=BB].translations.srp.official
Expected: Ð‘Ð°Ñ€Ð±Ð°Ð´Ð¾Ñ�
     got: Барбадос
 ; [cca2=BB].translations.urd.common
Expected: Ø¨Ø§Ø±Ø¨Ø§ÚˆÙˆØ³
     got: بارباڈوس
 ; [cca2=BB].translations.urd.official
Expected: Ø¨Ø§Ø±Ø¨Ø§ÚˆÙˆØ³
     got: بارباڈوس
 ; [cca2=BB].translations.zho.common
Expected: å·´å·´å¤šæ–¯
     got: 巴巴多斯
 ; [cca2=BB].translations.zho.official
Expected: å·´å·´å¤šæ–¯
     got: 巴巴多斯
 ; [cca2=RS].altSpellings[]
Expected: Ð ÐµÐ¿ÑƒÐ±Ð»Ð¸ÐºÐ° Ð¡Ñ€Ð±Ð¸Ñ˜Ð°
     but none found
 ; [cca2=RS].altSpellings[]
Unexpected: Република Србија
 ; [cca2=RS].currencies.RSD.symbol
Expected: Ð´Ð¸Ð½.
     got: дин.
 ; [cca2=RS].flag
Expected: ðŸ‡·ðŸ‡¸
     got: 🇷🇸
 ; [cca2=RS].name.nativeName.srp.common
Expected: Ð¡Ñ€Ð±Ð¸Ñ˜Ð°
     got: Србија
 ; [cca2=RS].name.nativeName.srp.official
Expected: Ð ÐµÐ¿ÑƒÐ±Ð»Ð¸ÐºÐ° Ð¡Ñ€Ð±Ð¸Ñ˜Ð°
     got: Република Србија
 ; [cca2=RS].tld[]
Expected: .Ñ�Ñ€Ð±
     but none found
 ; [cca2=RS].tld[]
Unexpected: .срб
 ; [cca2=RS].translations.ara.common
Expected: ØµÙŠØ±Ø¨ÙŠØ§
     got: صيربيا
 ; [cca2=RS].translations.ara.official
Expected: Ø¬Ù…Ù‡ÙˆØ±ÙŠØ© ØµÙŠØ±Ø¨ÙŠØ§
     got: جمهورية صيربيا
 ; [cca2=RS].translations.ces.official
Expected: SrbskÃ¡ republika
     got: Srbská republika
 ; [cca2=RS].translations.fra.official
Expected: RÃ©publique de Serbie
     got: République de Serbie
 ; [cca2=RS].translations.hun.official
Expected: Szerb KÃ¶ztÃ¡rsasÃ¡g
     got: Szerb Köztársaság
 ; [cca2=RS].translations.jpn.common
Expected: ã‚»ãƒ«ãƒ“ã‚¢
     got: セルビア
 ; [cca2=RS].translations.jpn.official
Expected: ã‚»ãƒ«ãƒ“ã‚¢å…±å’Œå›½
     got: セルビア共和国
 ; [cca2=RS].translations.kor.common
Expected: ì„¸ë¥´ë¹„ì•„
     got: 세르비아
 ; [cca2=RS].translations.kor.official
Expected: ì„¸ë¥´ë¹„ì•„ ê³µí™”êµ­
     got: 세르비아 공화국
 ; [cca2=RS].translations.nld.common
Expected: ServiÃ«
     got: Servië
 ; [cca2=RS].translations.nld.official
Expected: Republiek ServiÃ«
     got: Republiek Servië
 ; [cca2=RS].translations.per.common
Expected: ØµØ±Ø¨Ø³ØªØ§Ù†
     got: صربستان
 ; [cca2=RS].translations.per.official
Expected: Ø¬Ù…Ù‡ÙˆØ±ÛŒ ØµØ±Ø¨Ø³ØªØ§Ù†
     got: جمهوری صربستان
 ; [cca2=RS].translations.por.common
Expected: SÃ©rvia
     got: Sérvia
 ; [cca2=RS].translations.por.official
Expected: RepÃºblica da SÃ©rvia
     got: República da Sérvia
 ; [cca2=RS].translations.rus.common
Expected: Ð¡ÐµÑ€Ð±Ð¸Ñ�
     got: Сербия
 ; [cca2=RS].translations.rus.official
Expected: Ð ÐµÑ�Ð¿ÑƒÐ±Ð»Ð¸ÐºÐ° Ð¡ÐµÑ€Ð±Ð¸Ñ�
     got: Республика Сербия
 ; [cca2=RS].translations.slk.official
Expected: SrbskÃ¡ republika
     got: Srbská republika
 ; [cca2=RS].translations.spa.official
Expected: RepÃºblica de Serbia
     got: República de Serbia
 ; [cca2=RS].translations.srp.common
Expected: Ð¡Ñ€Ð±Ð¸Ñ˜Ð°
     got: Србија
 ; [cca2=RS].translations.srp.official
Expected: Ð ÐµÐ¿ÑƒÐ±Ð»Ð¸ÐºÐ° Ð¡Ñ€Ð±Ð¸Ñ˜Ð°
     got: Република Србија
 ; [cca2=RS].translations.tur.common
Expected: SÄ±rbistan
     got: Sırbistan
 ; [cca2=RS].translations.tur.official
Expected: SÄ±rbistan Cumhuriyeti
     got: Sırbistan Cumhuriyeti
 ; [cca2=RS].translations.urd.common
Expected: Ø³Ø±Ø¨ÛŒØ§
     got: سربیا
 ; [cca2=RS].translations.urd.official
Expected: Ø¬Ù…Û�ÙˆØ±ÛŒÛ� Ø³Ø±Ø¨ÛŒØ§
     got: جمہوریہ سربیا
 ; [cca2=RS].translations.zho.common
Expected: å¡žå°”ç»´äºš
     got: 塞尔维亚
 ; [cca2=RS].translations.zho.official
Expected: å¡žå°”ç»´äºšå…±å’Œå›½
     got: 塞尔维亚共和国
 ; [cca2=BD].altSpellings[]
Expected: GÃ´nÃ´prÃ´jatÃ´ntri Bangladesh
     but none found
 ; [cca2=BD].altSpellings[]
Unexpected: Gônôprôjatôntri Bangladesh
 ; [cca2=BD].currencies.BDT.symbol
Expected: à§³
     got: ৳
 ; [cca2=BD].flag
Expected: ðŸ‡§ðŸ‡©
     got: 🇧🇩
 ; [cca2=BD].name.nativeName.ben.common
Expected: à¦¬à¦¾à¦‚à¦²à¦¾à¦¦à§‡à¦¶
     got: বাংলাদেশ
 ; [cca2=BD].name.nativeName.ben.official
Expected: à¦¬à¦¾à¦‚à¦²à¦¾à¦¦à§‡à¦¶ à¦—à¦£à¦ªà§�à¦°à¦œà¦¾à¦¤à¦¨à§�à¦¤à§�à¦°à§€
     got: বাংলাদেশ গণপ্রজাতন্ত্রী
 ; [cca2=BD].translations.ara.common
Expected: Ø¨Ù†ØºÙ„Ø§Ø¯ÙŠØ´
     got: بنغلاديش
 ; [cca2=BD].translations.ara.official
Expected: Ø¬Ù…Ù‡ÙˆØ±ÙŠØ© Ø¨Ù†ØºÙ„Ø§Ø¯ÙŠØ´ Ø§Ù„Ø´Ø¹Ø¨ÙŠØ©
     got: جمهورية بنغلاديش الشعبية
 ; [cca2=BD].translations.ces.common
Expected: BangladÃ©Å¡
     got: Bangladéš
 ; [cca2=BD].translations.ces.official
Expected: BangladÃ©Å¡skÃ¡ lidovÃ¡ republika
     got: Bangladéšská lidová republika
 ; [cca2=BD].translations.fra.official
Expected: La RÃ©publique populaire du Bangladesh
     got: La République populaire du Bangladesh
 ; [cca2=BD].translations.hrv.common
Expected: BangladeÅ¡
     got: Bangladeš
 ; [cca2=BD].translations.hrv.official
Expected: Narodna Republika BangladeÅ¡
     got: Narodna Republika Bangladeš
 ; [cca2=BD].translations.jpn.common
Expected: ãƒ�ãƒ³ã‚°ãƒ©ãƒ‡ã‚·ãƒ¥
     got: バングラデシュ
 ; [cca2=BD].translations.jpn.official
Expected: ãƒ�ãƒ³ã‚°ãƒ©ãƒ‡ã‚·ãƒ¥äººæ°‘å…±å’Œå›½
     got: バングラデシュ人民共和国
 ; [cca2=BD].translations.kor.common
Expected: ë°©ê¸€ë�¼ë�°ì‹œ
     got: 방글라데시
 ; [cca2=BD].translations.kor.official
Expected: ë°©ê¸€ë�¼ë�°ì‹œ ì�¸ë¯¼ ê³µí™”êµ­
     got: 방글라데시 인민 공화국
 ; [cca2=BD].translations.per.common
Expected: Ø¨Ù†Ú¯Ù„Ø§Ø¯Ø´
     got: بنگلادش
 ; [cca2=BD].translations.per.official
Expected: Ø¬Ù…Ù‡ÙˆØ±ÛŒ Ø®Ù„Ù‚ Ø¨Ù†Ú¯Ù„Ø§Ø¯Ø´
     got: جمهوری خلق بنگلادش
 ; [cca2=BD].translations.por.official
Expected: RepÃºblica Popular do Bangladesh
     got: República Popular do Bangladesh
 ; [cca2=BD].translations.rus.common
Expected: Ð‘Ð°Ð½Ð³Ð»Ð°Ð´ÐµÑˆ
     got: Бангладеш
 ; [cca2=BD].translations.rus.official
Expected: Ð�Ð°Ñ€Ð¾Ð´Ð½Ð°Ñ� Ð ÐµÑ�Ð¿ÑƒÐ±Ð»Ð¸ÐºÐ° Ð‘Ð°Ð½Ð³Ð»Ð°Ð´ÐµÑˆ
     got: Народная Республика Бангладеш
 ; [cca2=BD].translations.slk.common
Expected: BangladÃ©Å¡
     got: Bangladéš
 ; [cca2=BD].translations.slk.official
Expected: BangladÃ©Å¡ska Ä¾udovÃ¡ republika
     got: Bangladéšska ľudová republika
 ; [cca2=BD].translations.spa.official
Expected: RepÃºblica Popular de Bangladesh
     got: República Popular de Bangladesh
 ; [cca2=BD].translations.srp.common
Expected: Ð‘Ð°Ð½Ð³Ð»Ð°Ð´ÐµÑˆ
     got: Бангладеш
 ; [cca2=BD].translations.srp.official
Expected: Ð�Ð°Ñ€Ð¾Ð´Ð½Ð° Ð ÐµÐ¿ÑƒÐ±Ð»Ð¸ÐºÐ° Ð‘Ð°Ð½Ð³Ð»Ð°Ð´ÐµÑˆ
     got: Народна Република Бангладеш
 ; [cca2=BD].translations.tur.common
Expected: BangladeÅŸ
     got: Bangladeş
 ; [cca2=BD].translations.tur.official
Expected: BangladeÅŸ Halk Cumhuriyeti
     got: Bangladeş Halk Cumhuriyeti
 ; [cca2=BD].translations.urd.common
Expected: Ø¨Ù†Ú¯Ù„Û� Ø¯ÛŒØ´
     got: بنگلہ دیش
 ; [cca2=BD].translations.urd.official
Expected: Ø¹ÙˆØ§Ù…ÛŒ Ø¬Ù…Û�ÙˆØ±ÛŒÛ� Ø¨Ù†Ú¯Ù„Û� Ø¯ÛŒØ´
     got: عوامی جمہوریہ بنگلہ دیش
 ; [cca2=BD].translations.zho.common
Expected: å­ŸåŠ æ‹‰å›½
     got: 孟加拉国
 ; [cca2=BD].translations.zho.official
Expected: å­ŸåŠ æ‹‰äººæ°‘å…±å’Œå›½
     got: 孟加拉人民共和国
 ; [cca2=RU].altSpellings[]
Expected: Ð Ð¾Ñ�Ñ�Ð¸Ð¹Ñ�ÐºÐ°Ñ� Ð¤ÐµÐ´ÐµÑ€Ð°Ñ†Ð¸Ñ�
     but none found
 ; [cca2=RU].altSpellings[]
Unexpected: Российская Федерация
 ; [cca2=RU].currencies.RUB.symbol
Expected: â‚½
     got: ₽
 ; [cca2=RU].flag
Expected: ðŸ‡·ðŸ‡º
     got: 🇷🇺
 ; [cca2=RU].name.nativeName.rus.common
Expected: Ð Ð¾Ñ�Ñ�Ð¸Ñ�
     got: Россия
 ; [cca2=RU].name.nativeName.rus.official
Expected: Ð Ð¾Ñ�Ñ�Ð¸Ð¹Ñ�ÐºÐ°Ñ� Ð¤ÐµÐ´ÐµÑ€Ð°Ñ†Ð¸Ñ�
     got: Российская Федерация
 ; [cca2=RU].tld[]
Expected: .Ñ€Ñ„
     but none found
 ; [cca2=RU].tld[]
Unexpected: .рф
 ; [cca2=RU].translations.ara.common
Expected: Ø±ÙˆØ³ÙŠØ§
     got: روسيا
 ; [cca2=RU].translations.ara.official
Expected: Ø±ÙˆØ³ÙŠØ§ Ø§Ù„Ø§ØªØ­Ø§Ø¯ÙŠØ©
     got: روسيا الاتحادية
 ; [cca2=RU].translations.ces.official
Expected: RuskÃ¡ federace
     got: Ruská federace
 ; [cca2=RU].translations.deu.official
Expected: Russische FÃ¶deration
     got: Russische Föderation
 ; [cca2=RU].translations.est.official
Expected: Venemaa FÃ¶deratsioon
     got: Venemaa Föderatsioon
 ; [cca2=RU].translations.fin.common
Expected: VenÃ¤jÃ¤
     got: Venäjä
 ; [cca2=RU].translations.fin.official
Expected: VenÃ¤jÃ¤n federaatio
     got: Venäjän federaatio
 ; [cca2=RU].translations.fra.official
Expected: FÃ©dÃ©ration de Russie
     got: Fédération de Russie
 ; [cca2=RU].translations.hun.common
Expected: OroszorszÃ¡g
     got: Oroszország
 ; [cca2=RU].translations.hun.official
Expected: OroszorszÃ¡gi FÃ¶derÃ¡ciÃ³
     got: Oroszországi Föderáció
 ; [cca2=RU].translations.jpn.common
Expected: ãƒ­ã‚·ã‚¢é€£é‚¦
     got: ロシア連邦
 ; [cca2=RU].translations.jpn.official
Expected: ãƒ­ã‚·ã‚¢é€£é‚¦
     got: ロシア連邦
 ; [cca2=RU].translations.kor.common
Expected: ëŸ¬ì‹œì•„
     got: 러시아
 ; [cca2=RU].translations.kor.official
Expected: ëŸ¬ì‹œì•„ ì—°ë°©
     got: 러시아 연방
 ; [cca2=RU].translations.per.common
Expected: Ø±ÙˆØ³ÛŒÙ‡
     got: روسیه
 ; [cca2=RU].translations.per.official
Expected: Ù�Ø¯Ø±Ø§Ø³ÛŒÙˆÙ† Ø±ÙˆØ³ÛŒÙ‡
     got: فدراسیون روسیه
 ; [cca2=RU].translations.por.common
Expected: RÃºssia
     got: Rússia
 ; [cca2=RU].translations.por.official
Expected: FederaÃ§Ã£o Russa
     got: Federação Russa
 ; [cca2=RU].translations.rus.common
Expected: Ð Ð¾Ñ�Ñ�Ð¸Ñ�
     got: Россия
 ; [cca2=RU].translations.rus.official
Expected: Ð Ð¾Ñ�Ñ�Ð¸Ð¹Ñ�ÐºÐ°Ñ� Ð¤ÐµÐ´ÐµÑ€Ð°Ñ†Ð¸Ñ�
     got: Российская Федерация
 ; [cca2=RU].translations.slk.official
Expected: RuskÃ¡ federÃ¡cia
     got: Ruská federácia
 ; [cca2=RU].translations.spa.official
Expected: FederaciÃ³n de Rusia
     got: Federación de Rusia
 ; [cca2=RU].translations.srp.common
Expected: Ð ÑƒÑ�Ð¸Ñ˜Ð°
     got: Русија
 ; [cca2=RU].translations.srp.official
Expected: Ð ÑƒÑ�ÐºÐ° Ð¤ÐµÐ´ÐµÑ€Ð°Ñ†Ð¸Ñ˜Ð°
     got: Руска Федерација
 ; [cca2=RU].translations.urd.common
Expected: Ø±ÙˆØ³
     got: روس
 ; [cca2=RU].translations.urd.official
Expected: Ø±ÙˆØ³ÛŒ ÙˆÙ�Ø§Ù‚
     got: روسی وفاق
 ; [cca2=RU].translations.zho.common
Expected: ä¿„ç½—æ–¯
     got: 俄罗斯
 ; [cca2=RU].translations.zho.official
Expected: ä¿„ç½—æ–¯è�”é‚¦
     got: 俄罗斯联邦
 ; [cca2=BE].altSpellings[]
Expected: KÃ¶nigreich Belgien
     but none found
 ; [cca2=BE].altSpellings[]
Expected: BelgiÃ«
     but none found
 ; [cca2=BE].altSpellings[]
Expected: Koninkrijk BelgiÃ«
     but none found
 ; [cca2=BE].altSpellings[]
Unexpected: België
 ; [cca2=BE].altSpellings[]
Unexpected: Königreich Belgien
 ; [cca2=BE].altSpellings[]
Unexpected: Koninkrijk België
 ; [cca2=BE].currencies.EUR.symbol
Expected: â‚¬
     got: €
 ; [cca2=BE].flag
Expected: ðŸ‡§ðŸ‡ª
     got: 🇧🇪
 ; [cca2=BE].name.nativeName.deu.official
Expected: KÃ¶nigreich Belgien
     got: Königreich Belgien
 ; [cca2=BE].name.nativeName.nld.common
Expected: BelgiÃ«
     got: België
 ; [cca2=BE].name.nativeName.nld.official
Expected: Koninkrijk BelgiÃ«
     got: Koninkrijk België
 ; [cca2=BE].translations.ara.common
Expected: Ø¨Ù„Ø¬ÙŠÙƒØ§
     got: بلجيكا
 ; [cca2=BE].translations.ara.official
Expected: Ù…Ù…Ù„ÙƒØ© Ø¨Ù„Ø¬ÙŠÙƒØ§
     got: مملكة بلجيكا
 ; [cca2=BE].translations.ces.official
Expected: BelgickÃ© krÃ¡lovstvÃ­
     got: Belgické království
 ; [cca2=BE].translations.deu.official
Expected: KÃ¶nigreich Belgien
     got: Königreich Belgien
 ; [cca2=BE].translations.hun.official
Expected: Belga KirÃ¡lysÃ¡g
     got: Belga Királyság
 ; [cca2=BE].translations.jpn.common
Expected: ãƒ™ãƒ«ã‚®ãƒ¼
     got: ベルギー
 ; [cca2=BE].translations.jpn.official
Expected: ãƒ™ãƒ«ã‚®ãƒ¼çŽ‹å›½
     got: ベルギー王国
 ; [cca2=BE].translations.kor.common
Expected: ë²¨ê¸°ì—�
     got: 벨기에
 ; [cca2=BE].translations.kor.official
Expected: ë²¨ê¸°ì—� ì™•êµ­
     got: 벨기에 왕국
 ; [cca2=BE].translations.nld.common
Expected: BelgiÃ«
     got: België
 ; [cca2=BE].translations.nld.official
Expected: Koninkrijk BelgiÃ«
     got: Koninkrijk België
 ; [cca2=BE].translations.per.common
Expected: Ø¨Ù„Ú˜ÛŒÚ©
     got: بلژیک
 ; [cca2=BE].translations.per.official
Expected: Ù¾Ø§Ø¯Ø´Ø§Ù‡ÛŒ Ø¨Ù„Ú˜ÛŒÚ©
     got: پادشاهی بلژیک
 ; [cca2=BE].translations.pol.official
Expected: KrÃ³lestwo Belgii
     got: Królestwo Belgii
 ; [cca2=BE].translations.por.common
Expected: BÃ©lgica
     got: Bélgica
 ; [cca2=BE].translations.por.official
Expected: Reino da BÃ©lgica
     got: Reino da Bélgica
 ; [cca2=BE].translations.rus.common
Expected: Ð‘ÐµÐ»ÑŒÐ³Ð¸Ñ�
     got: Бельгия
 ; [cca2=BE].translations.rus.official
Expected: ÐšÐ¾Ñ€Ð¾Ð»ÐµÐ²Ñ�Ñ‚Ð²Ð¾ Ð‘ÐµÐ»ÑŒÐ³Ð¸Ñ�
     got: Королевство Бельгия
 ; [cca2=BE].translations.slk.official
Expected: BelgickÃ© krÃ¡Ä¾ovstvo
     got: Belgické kráľovstvo
 ; [cca2=BE].translations.spa.common
Expected: BÃ©lgica
     got: Bélgica
 ; [cca2=BE].translations.spa.official
Expected: Reino de BÃ©lgica
     got: Reino de Bélgica
 ; [cca2=BE].translations.srp.common
Expected: Ð‘ÐµÐ»Ð³Ð¸Ñ˜Ð°
     got: Белгија
 ; [cca2=BE].translations.srp.official
Expected: ÐšÑ€Ð°Ñ™ÐµÐ²Ð¸Ð½Ð° Ð‘ÐµÐ»Ð³Ð¸Ñ˜Ð°
     got: Краљевина Белгија
 ; [cca2=BE].translations.tur.common
Expected: BelÄŸika
     got: Belğika
 ; [cca2=BE].translations.tur.official
Expected: BelÃ§ika KrallÄ±ÄŸÄ±
     got: Belçika Krallığı
 ; [cca2=BE].translations.urd.common
Expected: Ø¨Ù„Ø¬Ø¦ÛŒÙ…
     got: بلجئیم
 ; [cca2=BE].translations.urd.official
Expected: Ù…Ù…Ù„Ú©ØªÙ� Ø¨Ù„Ø¬Ø¦ÛŒÙ…
     got: مملکتِ بلجئیم
 ; [cca2=BE].translations.zho.common
Expected: æ¯”åˆ©æ—¶
     got: 比利时
 ; [cca2=BE].translations.zho.official
Expected: æ¯”åˆ©æ—¶çŽ‹å›½
     got: 比利时王国
 ; [cca2=BF].demonyms.fra.f
Expected: BurkinabÃ©e
     got: Burkinabée
 ; [cca2=BF].demonyms.fra.m
Expected: BurkinabÃ©
     got: Burkinabé
 ; [cca2=BF].flag
Expected: ðŸ‡§ðŸ‡«
     got: 🇧🇫
 ; [cca2=BF].name.nativeName.fra.official
Expected: RÃ©publique du Burkina
     got: République du Burkina
 ; [cca2=BF].translations.ara.common
Expected: Ø¨ÙˆØ±ÙƒÙŠÙ†Ø§ Ù�Ø§Ø³Ùˆ
     got: بوركينا فاسو
 ; [cca2=BF].translations.ara.official
Expected: Ø¨ÙˆØ±ÙƒÙŠÙ†Ø§ Ù�Ø§Ø³Ùˆ
     got: بوركينا فاسو
 ; [cca2=BF].translations.fra.official
Expected: RÃ©publique du Burkina
     got: République du Burkina
 ; [cca2=BF].translations.jpn.common
Expected: ãƒ–ãƒ«ã‚­ãƒŠãƒ•ã‚¡ã‚½
     got: ブルキナファソ
 ; [cca2=BF].translations.jpn.official
Expected: ãƒ–ãƒ«ã‚­ãƒŠãƒ•ã‚¡ã‚½
     got: ブルキナファソ
 ; [cca2=BF].translations.kor.common
Expected: ë¶€ë¥´í‚¤ë‚˜íŒŒì†Œ
     got: 부르키나파소
 ; [cca2=BF].translations.kor.official
Expected: ë¶€ë¥´í‚¤ë‚˜íŒŒì†Œ
     got: 부르키나파소
 ; [cca2=BF].translations.per.common
Expected: Ø¨ÙˆØ±Ú©ÛŒÙ†Ø§Ù�Ø§Ø³Ùˆ
     got: بورکینافاسو
 ; [cca2=BF].translations.per.official
Expected: Ø¨ÙˆØ±Ú©ÛŒÙ†Ø§Ù�Ø§Ø³Ùˆ
     got: بورکینافاسو
 ; [cca2=BF].translations.rus.common
Expected: Ð‘ÑƒÑ€ÐºÐ¸Ð½Ð°-Ð¤Ð°Ñ�Ð¾
     got: Буркина-Фасо
 ; [cca2=BF].translations.rus.official
Expected: Ð‘ÑƒÑ€ÐºÐ¸Ð½Ð° -Ð¤Ð°Ñ�Ð¾
     got: Буркина -Фасо
 ; [cca2=BF].translations.srp.common
Expected: Ð‘ÑƒÑ€ÐºÐ¸Ð½Ð° Ð¤Ð°Ñ�Ð¾
     got: Буркина Фасо
 ; [cca2=BF].translations.srp.official
Expected: Ð‘ÑƒÑ€ÐºÐ¸Ð½Ð° Ð¤Ð°Ñ�Ð¾
     got: Буркина Фасо
 ; [cca2=BF].translations.urd.common
Expected: Ø¨Ø±Ú©ÛŒÙ†Ø§ Ù�Ø§Ø³Ùˆ
     got: برکینا فاسو
 ; [cca2=BF].translations.urd.official
Expected: Ø¨Ø±Ú©ÛŒÙ†Ø§ Ù�Ø§Ø³Ùˆ
     got: برکینا فاسو
 ; [cca2=BF].translations.zho.common
Expected: å¸ƒåŸºçº³æ³•ç´¢
     got: 布基纳法索
 ; [cca2=BF].translations.zho.official
Expected: å¸ƒåŸºçº³æ³•ç´¢
     got: 布基纳法索
 ; [cca2=BG].altSpellings[]
Expected: Ð ÐµÐ¿ÑƒÐ±Ð»Ð¸ÐºÐ° Ð‘ÑŠÐ»Ð³Ð°Ñ€Ð¸Ñ�
     but none found
 ; [cca2=BG].altSpellings[]
Unexpected: Република България
 ; [cca2=BG].currencies.BGN.symbol
Expected: Ð»Ð²
     got: лв
 ; [cca2=BG].flag
Expected: ðŸ‡§ðŸ‡¬
     got: 🇧🇬
 ; [cca2=BG].name.nativeName.bul.common
Expected: Ð‘ÑŠÐ»Ð³Ð°Ñ€Ð¸Ñ�
     got: България
 ; [cca2=BG].name.nativeName.bul.official
Expected: Ð ÐµÐ¿ÑƒÐ±Ð»Ð¸ÐºÐ° Ð‘ÑŠÐ»Ð³Ð°Ñ€Ð¸Ñ�
     got: Република България
 ; [cca2=BG].translations.ara.common
Expected: Ø¨Ù„ØºØ§Ø±ÙŠØ§
     got: بلغاريا
 ; [cca2=BG].translations.ara.official
Expected: Ø¬Ù…Ù‡ÙˆØ±ÙŠØ© Ø¨Ù„ØºØ§Ø±ÙŠØ§
     got: جمهورية بلغاريا
 ; [cca2=BG].translations.ces.official
Expected: BulharskÃ¡ republika
     got: Bulharská republika
 ; [cca2=BG].translations.fra.official
Expected: RÃ©publique de Bulgarie
     got: République de Bulgarie
 ; [cca2=BG].translations.hun.common
Expected: BulgÃ¡ria
     got: Bulgária
 ; [cca2=BG].translations.hun.official
Expected: BolgÃ¡r KÃ¶ztÃ¡rsasÃ¡g
     got: Bolgár Köztársaság
 ; [cca2=BG].translations.jpn.common
Expected: ãƒ–ãƒ«ã‚¬ãƒªã‚¢
     got: ブルガリア
 ; [cca2=BG].translations.jpn.official
Expected: ãƒ–ãƒ«ã‚¬ãƒªã‚¢å…±å’Œå›½
     got: ブルガリア共和国
 ; [cca2=BG].translations.kor.common
Expected: ë¶ˆê°€ë¦¬ì•„
     got: 불가리아
 ; [cca2=BG].translations.kor.official
Expected: ë¶ˆê°€ë¦¬ì•„ ê³µí™”êµ­
     got: 불가리아 공화국
 ; [cca2=BG].translations.per.common
Expected: Ø¨Ù„ØºØ§Ø±Ø³ØªØ§Ù†
     got: بلغارستان
 ; [cca2=BG].translations.per.official
Expected: Ø¬Ù…Ù‡ÙˆØ±ÛŒ Ø¨Ù„ØºØ§Ø±Ø³ØªØ§Ù†
     got: جمهوری بلغارستان
 ; [cca2=BG].translations.pol.common
Expected: BuÅ‚garia
     got: Bułgaria
 ; [cca2=BG].translations.pol.official
Expected: Republika BuÅ‚garii
     got: Republika Bułgarii
 ; [cca2=BG].translations.por.common
Expected: BulgÃ¡ria
     got: Bulgária
 ; [cca2=BG].translations.por.official
Expected: RepÃºblica da BulgÃ¡ria
     got: República da Bulgária
 ; [cca2=BG].translations.rus.common
Expected: Ð‘Ð¾Ð»Ð³Ð°Ñ€Ð¸Ñ�
     got: Болгария
 ; [cca2=BG].translations.rus.official
Expected: Ð ÐµÑ�Ð¿ÑƒÐ±Ð»Ð¸ÐºÐ° Ð‘Ð¾Ð»Ð³Ð°Ñ€Ð¸Ñ�
     got: Республика Болгария
 ; [cca2=BG].translations.slk.official
Expected: BulharskÃ¡ republika
     got: Bulharská republika
 ; [cca2=BG].translations.spa.official
Expected: RepÃºblica de Bulgaria
     got: República de Bulgaria
 ; [cca2=BG].translations.srp.common
Expected: Ð‘ÑƒÐ³Ð°Ñ€Ñ�ÐºÐ°
     got: Бугарска
 ; [cca2=BG].translations.srp.official
Expected: Ð ÐµÐ¿ÑƒÐ±Ð»Ð¸ÐºÐ° Ð‘ÑƒÐ³Ð°Ñ€Ñ�ÐºÐ°
     got: Република Бугарска
 ; [cca2=BG].translations.urd.common
Expected: Ø¨Ù„ØºØ§Ø±ÛŒÛ�
     got: بلغاریہ
 ; [cca2=BG].translations.urd.official
Expected: Ø¬Ù…Û�ÙˆØ±ÛŒÛ� Ø¨Ù„ØºØ§Ø±ÛŒÛ�
     got: جمہوریہ بلغاریہ
 ; [cca2=BG].translations.zho.common
Expected: ä¿�åŠ åˆ©äºš
     got: 保加利亚
 ; [cca2=BG].translations.zho.official
Expected: ä¿�åŠ åˆ©äºšå…±å’Œå›½
     got: 保加利亚共和国
 ; [cca2=RW].altSpellings[]
Expected: RÃ©publique du Rwanda
     but none found
 ; [cca2=RW].altSpellings[]
Unexpected: République du Rwanda
 ; [cca2=RW].flag
Expected: ðŸ‡·ðŸ‡¼
     got: 🇷🇼
 ; [cca2=RW].name.nativeName.fra.official
Expected: RÃ©publique rwandaise
     got: République rwandaise
 ; [cca2=RW].translations.ara.common
Expected: Ø±ÙˆØ§Ù†Ø¯Ø§
     got: رواندا
 ; [cca2=RW].translations.ara.official
Expected: Ø¬Ù…Ù‡ÙˆØ±ÙŠØ© Ø±ÙˆØ§Ù†Ø¯Ø§
     got: جمهورية رواندا
 ; [cca2=RW].translations.ces.official
Expected: RwandskÃ¡ republika
     got: Rwandská republika
 ; [cca2=RW].translations.fra.official
Expected: RÃ©publique rwandaise
     got: République rwandaise
 ; [cca2=RW].translations.hun.official
Expected: Ruandai KÃ¶ztÃ¡rsasÃ¡g
     got: Ruandai Köztársaság
 ; [cca2=RW].translations.jpn.common
Expected: ãƒ«ãƒ¯ãƒ³ãƒ€
     got: ルワンダ
 ; [cca2=RW].translations.jpn.official
Expected: ãƒ«ãƒ¯ãƒ³ãƒ€å…±å’Œå›½
     got: ルワンダ共和国
 ; [cca2=RW].translations.kor.common
Expected: ë¥´ì™„ë‹¤
     got: 르완다
 ; [cca2=RW].translations.kor.official
Expected: ë¥´ì™„ë‹¤ ê³µí™”êµ­
     got: 르완다 공화국
 ; [cca2=RW].translations.per.common
Expected: Ø±ÙˆØ§Ù†Ø¯Ø§
     got: رواندا
 ; [cca2=RW].translations.per.official
Expected: Ø¬Ù…Ù‡ÙˆØ±ÛŒ Ø±ÙˆØ§Ù†Ø¯Ø§
     got: جمهوری رواندا
 ; [cca2=RW].translations.por.official
Expected: RepÃºblica do Ruanda
     got: República do Ruanda
 ; [cca2=RW].translations.rus.common
Expected: Ð ÑƒÐ°Ð½Ð´Ð°
     got: Руанда
 ; [cca2=RW].translations.rus.official
Expected: Ð ÐµÑ�Ð¿ÑƒÐ±Ð»Ð¸ÐºÐ° Ð ÑƒÐ°Ð½Ð´Ð°
     got: Республика Руанда
 ; [cca2=RW].translations.slk.official
Expected: RwandskÃ¡ republika
     got: Rwandská republika
 ; [cca2=RW].translations.spa.official
Expected: RepÃºblica de Rwanda
     got: República de Rwanda
 ; [cca2=RW].translations.srp.common
Expected: Ð ÑƒÐ°Ð½Ð´Ð°
     got: Руанда
 ; [cca2=RW].translations.srp.official
Expected: Ð ÐµÐ¿ÑƒÐ±Ð»Ð¸ÐºÐ° Ð ÑƒÐ°Ð½Ð´Ð°
     got: Република Руанда
 ; [cca2=RW].translations.urd.common
Expected: Ø±ÙˆØ§Ù†ÚˆØ§
     got: روانڈا
 ; [cca2=RW].translations.urd.official
Expected: Ø¬Ù…Û�ÙˆØ±ÛŒÛ� Ø±ÙˆØ§Ù†ÚˆØ§
     got: جمہوریہ روانڈا
 ; [cca2=RW].translations.zho.common
Expected: å�¢æ—ºè¾¾
     got: 卢旺达
 ; [cca2=RW].translations.zho.official
Expected: å�¢æ—ºè¾¾å…±å’Œå›½
     got: 卢旺达共和国
 ; [cca2=BH].altSpellings[]
Expected: Mamlakat al-Baá¸¥rayn
     but none found
 ; [cca2=BH].altSpellings[]
Unexpected: Mamlakat al-Baḥrayn
 ; [cca2=BH].currencies.BHD.symbol
Expected: .Ø¯.Ø¨
     got: .د.ب
 ; [cca2=BH].demonyms.fra.f
Expected: BahreÃ¯nienne
     got: Bahreïnienne
 ; [cca2=BH].demonyms.fra.m
Expected: BahreÃ¯nien
     got: Bahreïnien
 ; [cca2=BH].flag
Expected: ðŸ‡§ðŸ‡­
     got: 🇧🇭
 ; [cca2=BH].name.nativeName.ara.common
Expected: â€�Ø§Ù„Ø¨Ø­Ø±ÙŠÙ†
     got: ‏البحرين
 ; [cca2=BH].name.nativeName.ara.official
Expected: Ù…Ù…Ù„ÙƒØ© Ø§Ù„Ø¨Ø­Ø±ÙŠÙ†
     got: مملكة البحرين
 ; [cca2=BH].translations.ara.common
Expected: â€�Ø§Ù„Ø¨Ø­Ø±ÙŠÙ†
     got: ‏البحرين
 ; [cca2=BH].translations.ara.official
Expected: Ù…Ù…Ù„ÙƒØ© Ø§Ù„Ø¨Ø­Ø±ÙŠÙ†
     got: مملكة البحرين
 ; [cca2=BH].translations.ces.official
Expected: KrÃ¡lovstvÃ­ Bahrajn
     got: Království Bahrajn
 ; [cca2=BH].translations.deu.official
Expected: KÃ¶nigreich Bahrain
     got: Königreich Bahrain
 ; [cca2=BH].translations.fra.common
Expected: BahreÃ¯n
     got: Bahreïn
 ; [cca2=BH].translations.fra.official
Expected: Royaume de BahreÃ¯n
     got: Royaume de Bahreïn
 ; [cca2=BH].translations.hun.official
Expected: Bahreini KirÃ¡lysÃ¡g
     got: Bahreini Királyság
 ; [cca2=BH].translations.jpn.common
Expected: ãƒ�ãƒ¼ãƒ¬ãƒ¼ãƒ³
     got: バーレーン
 ; [cca2=BH].translations.jpn.official
Expected: ãƒ�ãƒ¼ãƒ¬ãƒ¼ãƒ³çŽ‹å›½
     got: バーレーン王国
 ; [cca2=BH].translations.kor.common
Expected: ë°”ë ˆì�¸
     got: 바레인
 ; [cca2=BH].translations.kor.official
Expected: ë°”ë ˆì�¸ ì™•êµ­
     got: 바레인 왕국
 ; [cca2=BH].translations.per.common
Expected: Ø¨Ø­Ø±ÛŒÙ†
     got: بحرین
 ; [cca2=BH].translations.per.official
Expected: Ù¾Ø§Ø¯Ø´Ø§Ù‡ÛŒ Ø¨Ø­Ø±ÛŒÙ†
     got: پادشاهی بحرین
 ; [cca2=BH].translations.pol.official
Expected: KrÃ³lestwo Bahrajnu
     got: Królestwo Bahrajnu
 ; [cca2=BH].translations.rus.common
Expected: Ð‘Ð°Ñ…Ñ€ÐµÐ¹Ð½
     got: Бахрейн
 ; [cca2=BH].translations.rus.official
Expected: ÐšÐ¾Ñ€Ð¾Ð»ÐµÐ²Ñ�Ñ‚Ð²Ð¾ Ð‘Ð°Ñ…Ñ€ÐµÐ¹Ð½
     got: Королевство Бахрейн
 ; [cca2=BH].translations.slk.official
Expected: BahrajnskÃ© krÃ¡Ä¾ovstvo
     got: Bahrajnské kráľovstvo
 ; [cca2=BH].translations.srp.common
Expected: Ð‘Ð°Ñ…Ñ€ÐµÐ¸Ð½
     got: Бахреин
 ; [cca2=BH].translations.srp.official
Expected: ÐšÑ€Ð°Ñ™ÐµÐ²Ð¸Ð½Ð° Ð‘Ð°Ñ…Ñ€ÐµÐ¸Ð½
     got: Краљевина Бахреин
 ; [cca2=BH].translations.tur.official
Expected: Bahreyn KrallÄ±ÄŸÄ±
     got: Bahreyn Krallığı
 ; [cca2=BH].translations.urd.common
Expected: Ø¨Ø­Ø±ÛŒÙ†
     got: بحرین
 ; [cca2=BH].translations.urd.official
Expected: Ù…Ù…Ù„Ú©ØªÙ� Ø¨Ø­Ø±ÛŒÙ†
     got: مملکتِ بحرین
 ; [cca2=BH].translations.zho.common
Expected: å·´æž—
     got: 巴林
 ; [cca2=BH].translations.zho.official
Expected: å·´æž—çŽ‹å›½
     got: 巴林王国
 ; [cca2=BI].altSpellings[]
Expected: RÃ©publique du Burundi
     but none found
 ; [cca2=BI].altSpellings[]
Unexpected: République du Burundi
 ; [cca2=BI].flag
Expected: ðŸ‡§ðŸ‡®
     got: 🇧🇮
 ; [cca2=BI].name.nativeName.fra.official
Expected: RÃ©publique du Burundi
     got: République du Burundi
 ; [cca2=BI].translations.ara.common
Expected: Ø¨ÙˆØ±ÙˆÙ†Ø¯ÙŠ
     got: بوروندي
 ; [cca2=BI].translations.ara.official
Expected: Ø¬Ù…Ù‡ÙˆØ±ÙŠØ© Ø¨ÙˆØ±ÙˆÙ†Ø¯ÙŠ
     got: جمهورية بوروندي
 ; [cca2=BI].translations.ces.official
Expected: BurundskÃ¡ republika
     got: Burundská republika
 ; [cca2=BI].translations.fra.official
Expected: RÃ©publique du Burundi
     got: République du Burundi
 ; [cca2=BI].translations.jpn.common
Expected: ãƒ–ãƒ«ãƒ³ã‚¸
     got: ブルンジ
 ; [cca2=BI].translations.jpn.official
Expected: ãƒ–ãƒ«ãƒ³ã‚¸å…±å’Œå›½
     got: ブルンジ共和国
 ; [cca2=BI].translations.kor.common
Expected: ë¶€ë£¬ë””
     got: 부룬디
 ; [cca2=BI].translations.kor.official
Expected: ë¶€ë£¬ë””
     got: 부룬디
 ; [cca2=BI].translations.per.common
Expected: Ø¨ÙˆØ±ÙˆÙ†Ø¯ÛŒ
     got: بوروندی
 ; [cca2=BI].translations.per.official
Expected: Ø¬Ù…Ù‡ÙˆØ±ÛŒ Ø¨ÙˆØ±ÙˆÙ†Ø¯ÛŒ
     got: جمهوری بوروندی
 ; [cca2=BI].translations.por.official
Expected: RepÃºblica do Burundi
     got: República do Burundi
 ; [cca2=BI].translations.rus.common
Expected: Ð‘ÑƒÑ€ÑƒÐ½Ð´Ð¸
     got: Бурунди
 ; [cca2=BI].translations.rus.official
Expected: Ð ÐµÑ�Ð¿ÑƒÐ±Ð»Ð¸ÐºÐ° Ð‘ÑƒÑ€ÑƒÐ½Ð´Ð¸
     got: Республика Бурунди
 ; [cca2=BI].translations.slk.official
Expected: BurundskÃ¡ republika
     got: Burundská republika
 ; [cca2=BI].translations.spa.official
Expected: RepÃºblica de Burundi
     got: República de Burundi
 ; [cca2=BI].translations.srp.common
Expected: Ð‘ÑƒÑ€ÑƒÐ½Ð´Ð¸
     got: Бурунди
 ; [cca2=BI].translations.srp.official
Expected: Ð ÐµÐ¿ÑƒÐ±Ð»Ð¸ÐºÐ° Ð‘ÑƒÑ€ÑƒÐ½Ð´Ð¸
     got: Република Бурунди
 ; [cca2=BI].translations.urd.common
Expected: Ø¨Ø±ÙˆÙ†ÚˆÛŒ
     got: برونڈی
 ; [cca2=BI].translations.urd.official
Expected: Ø¬Ù…Û�ÙˆØ±ÛŒÛ� Ø¨Ø±ÙˆÙ†ÚˆÛŒ
     got: جمہوریہ برونڈی
 ; [cca2=BI].translations.zho.common
Expected: å¸ƒéš†è¿ª
     got: 布隆迪
 ; [cca2=BI].translations.zho.official
Expected: å¸ƒéš†è¿ªå…±å’Œå›½
     got: 布隆迪共和国
 ; [cca2=BJ].altSpellings[]
Expected: RÃ©publique du BÃ©nin
     but none found
 ; [cca2=BJ].altSpellings[]
Unexpected: République du Bénin
 ; [cca2=BJ].demonyms.fra.f
Expected: BÃ©ninoise
     got: Béninoise
 ; [cca2=BJ].demonyms.fra.m
Expected: BÃ©ninois
     got: Béninois
 ; [cca2=BJ].flag
Expected: ðŸ‡§ðŸ‡¯
     got: 🇧🇯
 ; [cca2=BJ].name.nativeName.fra.common
Expected: BÃ©nin
     got: Bénin
 ; [cca2=BJ].name.nativeName.fra.official
Expected: RÃ©publique du BÃ©nin
     got: République du Bénin
 ; [cca2=BJ].translations.ara.common
Expected: Ø¨Ù†ÙŠÙ†
     got: بنين
 ; [cca2=BJ].translations.ara.official
Expected: Ø¬Ù…Ù‡ÙˆØ±ÙŠØ© Ø¨Ù†ÙŠÙ†
     got: جمهورية بنين
 ; [cca2=BJ].translations.ces.official
Expected: BeninskÃ¡ republika
     got: Beninská republika
 ; [cca2=BJ].translations.fra.common
Expected: BÃ©nin
     got: Bénin
 ; [cca2=BJ].translations.fra.official
Expected: RÃ©publique du BÃ©nin
     got: République du Bénin
 ; [cca2=BJ].translations.hun.official
Expected: Benini KÃ¶ztÃ¡rsasÃ¡g
     got: Benini Köztársaság
 ; [cca2=BJ].translations.jpn.common
Expected: ãƒ™ãƒŠãƒ³
     got: ベナン
 ; [cca2=BJ].translations.jpn.official
Expected: ãƒ™ãƒŠãƒ³å…±å’Œå›½
     got: ベナン共和国
 ; [cca2=BJ].translations.kor.common
Expected: ë² ëƒ‰
     got: 베냉
 ; [cca2=BJ].translations.kor.official
Expected: ë² ëƒ‰ ê³µí™”êµ­
     got: 베냉 공화국
 ; [cca2=BJ].translations.per.common
Expected: Ø¨Ù†ÛŒÙ†
     got: بنین
 ; [cca2=BJ].translations.per.official
Expected: Ø¬Ù…Ù‡ÙˆØ±ÛŒ Ø¨Ù†ÛŒÙ†
     got: جمهوری بنین
 ; [cca2=BJ].translations.por.official
Expected: RepÃºblica do Benin
     got: República do Benin
 ; [cca2=BJ].translations.rus.common
Expected: Ð‘ÐµÐ½Ð¸Ð½
     got: Бенин
 ; [cca2=BJ].translations.rus.official
Expected: Ð ÐµÑ�Ð¿ÑƒÐ±Ð»Ð¸ÐºÐ° Ð‘ÐµÐ½Ð¸Ð½
     got: Республика Бенин
 ; [cca2=BJ].translations.slk.official
Expected: BeninskÃ¡ republika
     got: Beninská republika
 ; [cca2=BJ].translations.spa.common
Expected: BenÃ­n
     got: Benín
 ; [cca2=BJ].translations.spa.official
Expected: RepÃºblica de Benin
     got: República de Benin
 ; [cca2=BJ].translations.srp.common
Expected: Ð‘ÐµÐ½Ð¸Ð½
     got: Бенин
 ; [cca2=BJ].translations.srp.official
Expected: Ð ÐµÐ¿ÑƒÐ±Ð»Ð¸ÐºÐ° Ð‘ÐµÐ½Ð¸Ð½
     got: Република Бенин
 ; [cca2=BJ].translations.urd.common
Expected: Ø¨ÛŒÙ†Ù†
     got: بینن
 ; [cca2=BJ].translations.urd.official
Expected: Ø¬Ù…Û�ÙˆØ±ÛŒÛ� Ø¨ÛŒÙ†Ù†
     got: جمہوریہ بینن
 ; [cca2=BJ].translations.zho.common
Expected: è´�å®�
     got: 贝宁
 ; [cca2=BJ].translations.zho.official
Expected: è´�å®�å…±å’Œå›½
     got: 贝宁共和国
 ; [cca2=BL].altSpellings[]
Expected: Collectivity of Saint BarthÃ©lemy
     but none found
 ; [cca2=BL].altSpellings[]
Expected: CollectivitÃ© de Saint-BarthÃ©lemy
     but none found
 ; [cca2=BL].altSpellings[]
Unexpected: Collectivity of Saint Barthélemy
 ; [cca2=BL].altSpellings[]
Unexpected: Collectivité de Saint-Barthélemy
 ; [cca2=BL].currencies.EUR.symbol
Expected: â‚¬
     got: €
 ; [cca2=BL].demonyms.eng.f
Expected: Saint BarthÃ©lemy Islander
     got: Saint Barthélemy Islander
 ; [cca2=BL].demonyms.eng.m
Expected: Saint BarthÃ©lemy Islander
     got: Saint Barthélemy Islander
 ; [cca2=BL].demonyms.fra.f
Expected: BarthÃ©lomÃ©enne
     got: Barthéloméenne
 ; [cca2=BL].demonyms.fra.m
Expected: BarthÃ©lomÃ©en
     got: Barthéloméen
 ; [cca2=BL].flag
Expected: ðŸ‡§ðŸ‡±
     got: 🇧🇱
 ; [cca2=BL].name.common
Expected: Saint BarthÃ©lemy
     got: Saint Barthélemy
 ; [cca2=BL].name.nativeName.fra.common
Expected: Saint-BarthÃ©lemy
     got: Saint-Barthélemy
 ; [cca2=BL].name.nativeName.fra.official
Expected: CollectivitÃ© de Saint-BarthÃ©lemy
     got: Collectivité de Saint-Barthélemy
 ; [cca2=BL].name.official
Expected: Collectivity of Saint BarthÃ©lemy
     got: Collectivity of Saint Barthélemy
 ; [cca2=BL].translations.ara.common
Expected: Ø³Ø§Ù† Ø¨Ø§Ø±ØªÙ„ÙŠÙ…ÙŠ
     got: سان بارتليمي
 ; [cca2=BL].translations.ara.official
Expected: Ø§Ù„ØªØ¬Ù…Ø¹ Ø§Ù„Ø¥Ù‚Ù„ÙŠÙ…ÙŠ Ù„Ø³Ø§Ù†Øª Ø¨Ø§Ø±ØªÙŠÙ„ÙŠÙ…ÙŠ
     got: التجمع الإقليمي لسانت بارتيليمي
 ; [cca2=BL].translations.bre.common
Expected: Saint-BarthÃ©lemy
     got: Saint-Barthélemy
 ; [cca2=BL].translations.bre.official
Expected: Saint-BarthÃ©lemy
     got: Saint-Barthélemy
 ; [cca2=BL].translations.ces.common
Expected: SvatÃ½ BartolomÄ›j
     got: Svatý Bartoloměj
 ; [cca2=BL].translations.ces.official
Expected: SvatÃ½ BartolomÄ›j
     got: Svatý Bartoloměj
 ; [cca2=BL].translations.cym.common
Expected: Saint BarthÃ©lemy
     got: Saint Barthélemy
 ; [cca2=BL].translations.cym.official
Expected: Collectivity of Saint BarthÃ©lemy
     got: Collectivity of Saint Barthélemy
 ; [cca2=BL].translations.deu.common
Expected: Saint-BarthÃ©lemy
     got: Saint-Barthélemy
 ; [cca2=BL].translations.deu.official
Expected: GebietskÃ¶rperschaft Saint-BarthÃ©lemy
     got: Gebietskörperschaft Saint-Barthélemy
 ; [cca2=BL].translations.est.common
Expected: Saint-BarthÃ©lemy
     got: Saint-Barthélemy
 ; [cca2=BL].translations.est.official
Expected: Saint-BarthÃ©lemy territoriaalÃ¼hendus
     got: Saint-Barthélemy territoriaalühendus
 ; [cca2=BL].translations.fin.common
Expected: Saint-BarthÃ©lemy
     got: Saint-Barthélemy
 ; [cca2=BL].translations.fin.official
Expected: Saint-BarthÃ©lemyn yhteisÃ¶
     got: Saint-Barthélemyn yhteisö
 ; [cca2=BL].translations.fra.common
Expected: Saint-BarthÃ©lemy
     got: Saint-Barthélemy
 ; [cca2=BL].translations.fra.official
Expected: CollectivitÃ© de Saint-BarthÃ©lemy
     got: Collectivité de Saint-Barthélemy
 ; [cca2=BL].translations.hrv.common
Expected: Saint BarthÃ©lemy
     got: Saint Barthélemy
 ; [cca2=BL].translations.hrv.official
Expected: Kolektivnost sv BarthÃ©lemy
     got: Kolektivnost sv Barthélemy
 ; [cca2=BL].translations.hun.common
Expected: Saint-BarthÃ©lemy
     got: Saint-Barthélemy
 ; [cca2=BL].translations.hun.official
Expected: Saint-BarthÃ©lemy
     got: Saint-Barthélemy
 ; [cca2=BL].translations.ita.official
Expected: CollettivitÃ  di Saint BarthÃ©lemy
     got: Collettività di Saint Barthélemy
 ; [cca2=BL].translations.jpn.common
Expected: ã‚µãƒ³ãƒ»ãƒ�ãƒ«ãƒ†ãƒ«ãƒŸãƒ¼
     got: サン・バルテルミー
 ; [cca2=BL].translations.jpn.official
Expected: ã‚µãƒ³Â·ãƒ�ãƒ«ãƒ†ãƒ«ãƒŸãƒ¼å³¶ã�®é›†å�ˆä½“
     got: サン·バルテルミー島の集合体
 ; [cca2=BL].translations.kor.common
Expected: ìƒ�ë°”ë¥´í…”ë ˆë¯¸
     got: 생바르텔레미
 ; [cca2=BL].translations.kor.official
Expected: ìƒ�ë°”ë¥´í…”ë ˆë¯¸
     got: 생바르텔레미
 ; [cca2=BL].translations.nld.common
Expected: Saint BarthÃ©lemy
     got: Saint Barthélemy
 ; [cca2=BL].translations.nld.official
Expected: Gemeenschap Saint BarthÃ©lemy
     got: Gemeenschap Saint Barthélemy
 ; [cca2=BL].translations.per.common
Expected: Ø³Ù† Ø¨Ø§Ø±ØªÙ„Ù…ÛŒ
     got: سن بارتلمی
 ; [cca2=BL].translations.per.official
Expected: Ø³Ù† Ø¨Ø§Ø±ØªÙ„Ù…ÛŒ
     got: سن بارتلمی
 ; [cca2=BL].translations.pol.common
Expected: Saint-BarthÃ©lemy
     got: Saint-Barthélemy
 ; [cca2=BL].translations.pol.official
Expected: Saint-BarthÃ©lemy
     got: Saint-Barthélemy
 ; [cca2=BL].translations.por.common
Expected: SÃ£o Bartolomeu
     got: São Bartolomeu
 ; [cca2=BL].translations.por.official
Expected: Coletividade de Saint BarthÃ©lemy
     got: Coletividade de Saint Barthélemy
 ; [cca2=BL].translations.rus.common
Expected: Ð¡ÐµÐ½-Ð‘Ð°Ñ€Ñ‚ÐµÐ»ÐµÐ¼Ð¸
     got: Сен-Бартелеми
 ; [cca2=BL].translations.rus.official
Expected: ÐšÐ¾Ð»Ð»ÐµÐºÑ‚Ð¸Ð²Ð½Ð¾Ñ�Ñ‚ÑŒ Ð¡Ð°Ð½ÐºÑ‚ -Ð‘Ð°Ñ€Ñ‚ÐµÐ»ÑŒÐ¼Ð¸
     got: Коллективность Санкт -Бартельми
 ; [cca2=BL].translations.slk.common
Expected: SvÃ¤tÃ½ Bartolomej
     got: Svätý Bartolomej
 ; [cca2=BL].translations.slk.official
Expected: SvÃ¤tÃ½ Bartolomej
     got: Svätý Bartolomej
 ; [cca2=BL].translations.spa.common
Expected: San BartolomÃ©
     got: San Bartolomé
 ; [cca2=BL].translations.spa.official
Expected: Colectividad de San BarthÃ©lemy
     got: Colectividad de San Barthélemy
 ; [cca2=BL].translations.srp.common
Expected: Ð¢ÐµÑ€Ð¸Ñ‚Ð¾Ñ€Ð¸Ñ˜Ð°Ð»Ð½Ð¸ KÐ¾Ð»ÐµÐºÑ‚Ð¸Ð² Ð¡ÐµÐ½ Ð‘Ð°Ñ€Ñ‚ÐµÐ»ÐµÐ¼Ð¸
     got: Територијални Kолектив Сен Бартелеми
 ; [cca2=BL].translations.srp.official
Expected: Ð¡ÐµÐ½ Ð‘Ð°Ñ€Ñ‚ÐµÐ»ÐµÐ¼Ð¸
     got: Сен Бартелеми
 ; [cca2=BL].translations.swe.common
Expected: Saint-BarthÃ©lemy
     got: Saint-Barthélemy
 ; [cca2=BL].translations.swe.official
Expected: Saint-BarthÃ©lemy
     got: Saint-Barthélemy
 ; [cca2=BL].translations.tur.common
Expected: Saint BarthÃ©lemy
     got: Saint Barthélemy
 ; [cca2=BL].translations.tur.official
Expected: Saint BarthÃ©lemy
     got: Saint Barthélemy
 ; [cca2=BL].translations.urd.common
Expected: Ø³ÛŒÙ†Ù¹ Ø¨Ø§Ø±ØªÚ¾ÛŒÙ…Ù„Û’
     got: سینٹ بارتھیملے
 ; [cca2=BL].translations.urd.official
Expected: Ø³ÛŒÙ†Ù¹ Ø¨Ø§Ø±ØªÚ¾ÛŒÙ…Ù„Û’
     got: سینٹ بارتھیملے
 ; [cca2=BL].translations.zho.common
Expected: åœ£å·´æ³°å‹’ç±³
     got: 圣巴泰勒米
 ; [cca2=BL].translations.zho.official
Expected: åœ£å·´æ³°å‹’ç±³é›†ä½“
     got: 圣巴泰勒米集体
 ; [cca2=BM].flag
Expected: ðŸ‡§ðŸ‡²
     got: 🇧🇲
 ; [cca2=BM].translations.ara.common
Expected: Ø¨Ø±Ù…ÙˆØ¯Ø§
     got: برمودا
 ; [cca2=BM].translations.ara.official
Expected: Ø¨Ø±Ù…ÙˆØ¯Ø§
     got: برمودا
 ; [cca2=BM].translations.ces.official
Expected: BermudskÃ© ostrovy
     got: Bermudské ostrovy
 ; [cca2=BM].translations.jpn.common
Expected: ãƒ�ãƒŸãƒ¥ãƒ¼ãƒ€
     got: バミューダ
 ; [cca2=BM].translations.jpn.official
Expected: ãƒ�ãƒŸãƒ¥ãƒ¼ãƒ€
     got: バミューダ
 ; [cca2=BM].translations.kor.common
Expected: ë²„ë®¤ë‹¤
     got: 버뮤다
 ; [cca2=BM].translations.kor.official
Expected: ë²„ë®¤ë‹¤
     got: 버뮤다
 ; [cca2=BM].translations.per.common
Expected: Ø¨Ø±Ù…ÙˆØ¯Ø§
     got: برمودا
 ; [cca2=BM].translations.per.official
Expected: Ø¬Ø²Ø§ÛŒØ± Ø¨Ø±Ù…ÙˆØ¯Ø§
     got: جزایر برمودا
 ; [cca2=BM].translations.rus.common
Expected: Ð‘ÐµÑ€Ð¼ÑƒÐ´Ñ�ÐºÐ¸Ðµ ÐžÑ�Ñ‚Ñ€Ð¾Ð²Ð°
     got: Бермудские Острова
 ; [cca2=BM].translations.rus.official
Expected: Ð‘ÐµÑ€Ð¼ÑƒÐ´Ñ�ÐºÐ¸Ðµ Ð¾Ñ�Ñ‚Ñ€Ð¾Ð²Ð°
     got: Бермудские острова
 ; [cca2=BM].translations.srp.common
Expected: Ð‘ÐµÑ€Ð¼ÑƒÐ´Ð°
     got: Бермуда
 ; [cca2=BM].translations.srp.official
Expected: Ð‘ÐµÑ€Ð¼ÑƒÐ´Ð°
     got: Бермуда
 ; [cca2=BM].translations.urd.common
Expected: Ø¨Ø±Ù…ÙˆØ¯Ø§
     got: برمودا
 ; [cca2=BM].translations.urd.official
Expected: Ø¨Ø±Ù…ÙˆØ¯Ø§
     got: برمودا
 ; [cca2=BM].translations.zho.common
Expected: ç™¾æ…•å¤§
     got: 百慕大
 ; [cca2=BM].translations.zho.official
Expected: ç™¾æ…•å¤§
     got: 百慕大
 ; [cca2=BN].demonyms.fra.f
Expected: BrunÃ©ienne
     got: Brunéienne
 ; [cca2=BN].demonyms.fra.m
Expected: BrunÃ©ien
     got: Brunéien
 ; [cca2=BN].flag
Expected: ðŸ‡§ðŸ‡³
     got: 🇧🇳
 ; [cca2=BN].translations.ara.common
Expected: Ø¨Ø±ÙˆÙ†Ø§ÙŠ
     got: بروناي
 ; [cca2=BN].translations.ara.official
Expected: Ø¨Ø±ÙˆÙ†Ø§ÙŠ Ø¯Ø§Ø± Ø§Ù„Ø³Ù„Ø§Ù…
     got: بروناي دار السلام
 ; [cca2=BN].translations.ces.official
Expected: SultanÃ¡t Brunej
     got: Sultanát Brunej
 ; [cca2=BN].translations.fra.official
Expected: Ã‰tat de Brunei Darussalam
     got: État de Brunei Darussalam
 ; [cca2=BN].translations.hrv.official
Expected: Nacija od Bruneja, KuÄ‡u Mira
     got: Nacija od Bruneja, Kuću Mira
 ; [cca2=BN].translations.hun.official
Expected: Brunei SzultanÃ¡tus
     got: Brunei Szultanátus
 ; [cca2=BN].translations.jpn.common
Expected: ãƒ–ãƒ«ãƒ�ã‚¤ãƒ»ãƒ€ãƒ«ã‚µãƒ©ãƒ¼ãƒ 
     got: ブルネイ・ダルサラーム
 ; [cca2=BN].translations.jpn.official
Expected: ãƒ–ãƒ«ãƒ�ã‚¤ã€�å¹³å’Œã�®ç²¾èˆŽã�®å›½å®¶
     got: ブルネイ、平和の精舎の国家
 ; [cca2=BN].translations.kor.common
Expected: ë¸Œë£¨ë‚˜ì�´
     got: 브루나이
 ; [cca2=BN].translations.kor.official
Expected: ë¸Œë£¨ë‚˜ì�´ ë‹¤ë£¨ì‚´ëžŒêµ­
     got: 브루나이 다루살람국
 ; [cca2=BN].translations.per.common
Expected: Ø¨Ø±ÙˆÙ†Ø¦ÛŒ
     got: برونئی
 ; [cca2=BN].translations.per.official
Expected: Ø¨Ø±ÙˆÙ†Ø¦ÛŒ Ø³Ø±Ø§ÛŒ ØµÙ„Ø­
     got: برونئی سرای صلح
 ; [cca2=BN].translations.pol.official
Expected: PaÅ„stwo Brunei Darussalam
     got: Państwo Brunei Darussalam
 ; [cca2=BN].translations.por.official
Expected: NaÃ§Ã£o do Brunei, Morada da Paz
     got: Nação do Brunei, Morada da Paz
 ; [cca2=BN].translations.rus.common
Expected: Ð‘Ñ€ÑƒÐ½ÐµÐ¹
     got: Бруней
 ; [cca2=BN].translations.rus.official
Expected: Ð�Ð°Ñ†Ð¸Ñ� Ð‘Ñ€ÑƒÐ½ÐµÐ¹, Ð¾Ð±Ð¸Ñ‚ÐµÐ»ÑŒ Ð¼Ð¸Ñ€Ð°
     got: Нация Бруней, обитель мира
 ; [cca2=BN].translations.slk.official
Expected: BrunejskÃ½ sultanÃ¢t
     got: Brunejský sultanât
 ; [cca2=BN].translations.spa.official
Expected: NaciÃ³n de Brunei, Morada de la Paz
     got: Nación de Brunei, Morada de la Paz
 ; [cca2=BN].translations.srp.common
Expected: Ð‘Ñ€ÑƒÐ½ÐµÑ˜
     got: Брунеј
 ; [cca2=BN].translations.srp.official
Expected: Ð¡ÑƒÐ»Ñ‚Ð°Ð½Ð°Ñ‚ Ð‘Ñ€ÑƒÐ½ÐµÑ˜, Ð±Ð¾Ñ€Ð°Ð²Ð¸ÑˆÑ‚Ðµ Ð¼Ð¸Ñ€Ð°
     got: Султанат Брунеј, боравиште мира
 ; [cca2=BN].translations.tur.official
Expected: Brunei BarÄ±ÅŸ Ãœlkesi Devleti
     got: Brunei Barış Ülkesi Devleti
 ; [cca2=BN].translations.urd.common
Expected: Ø¨Ø±ÙˆÙ†Ø§Ø¦ÛŒ
     got: برونائی
 ; [cca2=BN].translations.urd.official
Expected: Ø±ÛŒØ§Ø³ØªÙ� Ø¨Ø±ÙˆÙ†Ø§Ø¦ÛŒ Ø¯Ø§Ø±Ø§Ù„Ø³Ù„Ø§Ù…
     got: ریاستِ برونائی دارالسلام
 ; [cca2=BN].translations.zho.common
Expected: æ–‡èŽ±
     got: 文莱
 ; [cca2=BN].translations.zho.official
Expected: æ–‡èŽ±å’Œå¹³ä¹‹å›½
     got: 文莱和平之国
 ; [cca2=BO].altSpellings[]
Expected: TetÃ£ VolÃ­via
     but none found
 ; [cca2=BO].altSpellings[]
Unexpected: Tetã Volívia
 ; [cca2=BO].flag
Expected: ðŸ‡§ðŸ‡´
     got: 🇧🇴
 ; [cca2=BO].languages.grn
Expected: GuaranÃ­
     got: Guaraní
 ; [cca2=BO].name.nativeName.grn.common
Expected: VolÃ­via
     got: Volívia
 ; [cca2=BO].name.nativeName.grn.official
Expected: TetÃ£ VolÃ­via
     got: Tetã Volívia
 ; [cca2=BO].translations.ara.common
Expected: Ø¨ÙˆÙ„ÙŠÙ�ÙŠØ§
     got: بوليفيا
 ; [cca2=BO].translations.ara.official
Expected: Ø¯ÙˆÙ„Ø© Ø¨ÙˆÙ„ÙŠÙ�ÙŠØ§ Ø§Ù„Ù…ØªØ¹Ø¯Ø¯Ø© Ø§Ù„Ù‚ÙˆÙ…ÙŠØ§Øª
     got: دولة بوليفيا المتعددة القوميات
 ; [cca2=BO].translations.ces.common
Expected: BolÃ­vie
     got: Bolívie
 ; [cca2=BO].translations.ces.official
Expected: MnohonÃ¡rodnostnÃ­ stÃ¡t BolÃ­vie
     got: Mnohonárodnostní stát Bolívie
 ; [cca2=BO].translations.fra.official
Expected: Ã‰tat plurinational de Bolivie
     got: État plurinational de Bolivie
 ; [cca2=BO].translations.hun.common
Expected: BolÃ­via
     got: Bolívia
 ; [cca2=BO].translations.hun.official
Expected: BolÃ­viai TÃ¶bbnemzetisÃ©gÅ± Ã�llam
     got: Bolíviai Többnemzetiségű Állam
 ; [cca2=BO].translations.jpn.common
Expected: ãƒœãƒªãƒ“ã‚¢å¤šæ°‘æ—�å›½
     got: ボリビア多民族国
 ; [cca2=BO].translations.jpn.official
Expected: ãƒœãƒªãƒ“ã‚¢ã�®å¤šæ°‘æ—�å›½
     got: ボリビアの多民族国
 ; [cca2=BO].translations.kor.common
Expected: ë³¼ë¦¬ë¹„ì•„
     got: 볼리비아
 ; [cca2=BO].translations.kor.official
Expected: ë³¼ë¦¬ë¹„ì•„ ë‹¤ë¯¼ì¡±êµ­
     got: 볼리비아 다민족국
 ; [cca2=BO].translations.per.common
Expected: Ø¨ÙˆÙ„ÛŒÙˆÛŒ
     got: بولیوی
 ; [cca2=BO].translations.per.official
Expected: Ø¬Ù…Ù‡ÙˆØ±ÛŒ Ø¨ÙˆÙ„ÛŒÙˆÛŒ
     got: جمهوری بولیوی
 ; [cca2=BO].translations.pol.official
Expected: Wielonarodowe PaÅ„stwo Boliwia
     got: Wielonarodowe Państwo Boliwia
 ; [cca2=BO].translations.por.common
Expected: BolÃ­via
     got: Bolívia
 ; [cca2=BO].translations.por.official
Expected: Estado Plurinacional da BolÃ­via
     got: Estado Plurinacional da Bolívia
 ; [cca2=BO].translations.rus.common
Expected: Ð‘Ð¾Ð»Ð¸Ð²Ð¸Ñ�
     got: Боливия
 ; [cca2=BO].translations.rus.official
Expected: ÐœÐ½Ð¾Ð³Ð¾Ð½Ð°Ñ†Ð¸Ð¾Ð½Ð°Ð»ÑŒÐ½Ð¾Ðµ Ð“Ð¾Ñ�ÑƒÐ´Ð°Ñ€Ñ�Ñ‚Ð²Ð¾ Ð‘Ð¾Ð»Ð¸Ð²Ð¸Ñ�
     got: Многонациональное Государство Боливия
 ; [cca2=BO].translations.slk.common
Expected: BolÃ­via
     got: Bolívia
 ; [cca2=BO].translations.slk.official
Expected: BolÃ­vijskÃ¡ republika
     got: Bolívijská republika
 ; [cca2=BO].translations.srp.common
Expected: Ð‘Ð¾Ð»Ð¸Ð²Ð¸Ñ˜Ð°
     got: Боливија
 ; [cca2=BO].translations.srp.official
Expected: Ð’Ð¸ÑˆÐµÐ½Ð°Ñ†Ð¸Ð¾Ð½Ð°Ð»Ð½Ð° Ð”Ñ€Ð¶Ð°Ð²Ð° Ð‘Ð¾Ð»Ð¸Ð²Ð¸Ñ˜Ð°
     got: Вишенационална Држава Боливија
 ; [cca2=BO].translations.swe.official
Expected: MÃ¥ngnationella staten Bolivia
     got: Mångnationella staten Bolivia
 ; [cca2=BO].translations.tur.official
Expected: Bolivya Ã‡okuluslu Devleti
     got: Bolivya Çokuluslu Devleti
 ; [cca2=BO].translations.urd.common
Expected: Ø¨ÙˆÙ„ÛŒÙˆÛŒØ§
     got: بولیویا
 ; [cca2=BO].translations.urd.official
Expected: Ø¬Ù…Û�ÙˆØ±ÛŒÛ� Ø¨ÙˆÙ„ÛŒÙˆÛŒØ§
     got: جمہوریہ بولیویا
 ; [cca2=BO].translations.zho.common
Expected: çŽ»åˆ©ç»´äºš
     got: 玻利维亚
 ; [cca2=BO].translations.zho.official
Expected: å¤šæ°‘æ—�çŽ»åˆ©ç»´äºšå›½
     got: 多民族玻利维亚国
 ; [cca2=SA].altSpellings[]
Expected: Al-Mamlakah al-â€˜Arabiyyah as-Suâ€˜Å«diyyah
     but none found
 ; [cca2=SA].altSpellings[]
Unexpected: Al-Mamlakah al-‘Arabiyyah as-Su‘ūdiyyah
 ; [cca2=SA].currencies.SAR.symbol
Expected: Ø±.Ø³
     got: ر.س
 ; [cca2=SA].flag
Expected: ðŸ‡¸ðŸ‡¦
     got: 🇸🇦
 ; [cca2=SA].flags.alt
Expected: The flag of Saudi Arabia has a green field, at the center of which is an Arabic inscription â€” the Shahada â€” in white above a white horizontal sabre with its tip pointed to the hoist side of the field.
     got: The flag of Saudi Arabia has a green field, at the center of which is an Arabic inscription — the Shahada — in white above a white horizontal sabre with its tip pointed to the hoist side of the field.
 ; [cca2=SA].name.nativeName.ara.common
Expected: Ø§Ù„Ø¹Ø±Ø¨ÙŠØ© Ø§Ù„Ø³Ø¹ÙˆØ¯ÙŠØ©
     got: العربية السعودية
 ; [cca2=SA].name.nativeName.ara.official
Expected: Ø§Ù„Ù…Ù…Ù„ÙƒØ© Ø§Ù„Ø¹Ø±Ø¨ÙŠØ© Ø§Ù„Ø³Ø¹ÙˆØ¯ÙŠØ©
     got: المملكة العربية السعودية
 ; [cca2=SA].tld[]
Expected: .Ø§Ù„Ø³Ø¹ÙˆØ¯ÙŠØ©
     but none found
 ; [cca2=SA].tld[]
Unexpected: .السعودية
 ; [cca2=SA].translations.ara.common
Expected: Ø§Ù„Ø³Ø¹ÙˆØ¯ÙŠØ©
     got: السعودية
 ; [cca2=SA].translations.ara.official
Expected: Ø§Ù„Ù…Ù…Ù„ÙƒØ© Ø§Ù„Ø¹Ø±Ø¨ÙŠØ© Ø§Ù„Ø³Ø¹ÙˆØ¯ÙŠØ©
     got: المملكة العربية السعودية
 ; [cca2=SA].translations.ces.common
Expected: SaÃºdskÃ¡ ArÃ¡bie
     got: Saúdská Arábie
 ; [cca2=SA].translations.ces.official
Expected: SaÃºdskoarabskÃ© krÃ¡lovstvÃ­
     got: Saúdskoarabské království
 ; [cca2=SA].translations.deu.official
Expected: KÃ¶nigreich Saudi-Arabien
     got: Königreich Saudi-Arabien
 ; [cca2=SA].translations.hun.common
Expected: SzaÃºd-ArÃ¡bia
     got: Szaúd-Arábia
 ; [cca2=SA].translations.hun.official
Expected: SzaÃºd-ArÃ¡bia
     got: Szaúd-Arábia
 ; [cca2=SA].translations.jpn.common
Expected: ã‚µã‚¦ã‚¸ã‚¢ãƒ©ãƒ“ã‚¢
     got: サウジアラビア
 ; [cca2=SA].translations.jpn.official
Expected: ã‚µã‚¦ã‚¸ã‚¢ãƒ©ãƒ“ã‚¢çŽ‹å›½
     got: サウジアラビア王国
 ; [cca2=SA].translations.kor.common
Expected: ì‚¬ìš°ë””ì•„ë�¼ë¹„ì•„
     got: 사우디아라비아
 ; [cca2=SA].translations.kor.official
Expected: ì‚¬ìš°ë””ì•„ë�¼ë¹„ì•„ ì™•êµ­
     got: 사우디아라비아 왕국
 ; [cca2=SA].translations.nld.common
Expected: Saoedi-ArabiÃ«
     got: Saoedi-Arabië
 ; [cca2=SA].translations.nld.official
Expected: Koninkrijk van Saoedi-ArabiÃ«
     got: Koninkrijk van Saoedi-Arabië
 ; [cca2=SA].translations.per.common
Expected: Ø¹Ø±Ø¨Ø³ØªØ§Ù† Ø³Ø¹ÙˆØ¯ÛŒ
     got: عربستان سعودی
 ; [cca2=SA].translations.per.official
Expected: Ù¾Ø§Ø¯Ø´Ø§Ù‡ÛŒ Ø¹Ø±Ø¨ÛŒ Ø³ÙŽØ¹ÙˆØ¯ÛŒ
     got: پادشاهی عربی سَعودی
 ; [cca2=SA].translations.pol.official
Expected: KrÃ³lestwo Arabii Saudyjskiej
     got: Królestwo Arabii Saudyjskiej
 ; [cca2=SA].translations.por.common
Expected: ArÃ¡bia Saudita
     got: Arábia Saudita
 ; [cca2=SA].translations.por.official
Expected: Reino da ArÃ¡bia Saudita
     got: Reino da Arábia Saudita
 ; [cca2=SA].translations.rus.common
Expected: Ð¡Ð°ÑƒÐ´Ð¾Ð²Ñ�ÐºÐ°Ñ� Ð�Ñ€Ð°Ð²Ð¸Ñ�
     got: Саудовская Аравия
 ; [cca2=SA].translations.rus.official
Expected: ÐšÐ¾Ñ€Ð¾Ð»ÐµÐ²Ñ�Ñ‚Ð²Ð¾ Ð¡Ð°ÑƒÐ´Ð¾Ð²Ñ�ÐºÐ°Ñ� Ð�Ñ€Ð°Ð²Ð¸Ñ�
     got: Королевство Саудовская Аравия
 ; [cca2=SA].translations.slk.common
Expected: SaudskÃ¡ ArÃ¡bia
     got: Saudská Arábia
 ; [cca2=SA].translations.slk.official
Expected: SaudskoarabskÃ© krÃ¡Ä¾ovstvo
     got: Saudskoarabské kráľovstvo
 ; [cca2=SA].translations.spa.common
Expected: Arabia SaudÃ­
     got: Arabia Saudí
 ; [cca2=SA].translations.srp.common
Expected: Ð¡Ð°ÑƒÐ´Ð¸Ñ˜Ñ�ÐºÐ° Ð�Ñ€Ð°Ð±Ð¸Ñ˜Ð°
     got: Саудијска Арабија
 ; [cca2=SA].translations.srp.official
Expected: ÐšÑ€Ð°Ñ™ÐµÐ²Ð¸Ð½Ð° Ð¡Ð°ÑƒÐ´Ð¸Ñ˜Ñ�ÐºÐ° Ð�Ñ€Ð°Ð±Ð¸Ñ˜Ð°
     got: Краљевина Саудијска Арабија
 ; [cca2=SA].translations.swe.official
Expected: KungadÃ¶met Saudiarabien
     got: Kungadömet Saudiarabien
 ; [cca2=SA].translations.tur.official
Expected: Suudi Arabistan KrallÄ±ÄŸÄ±
     got: Suudi Arabistan Krallığı
 ; [cca2=SA].translations.urd.common
Expected: Ø³Ø¹ÙˆØ¯ÛŒ Ø¹Ø±Ø¨
     got: سعودی عرب
 ; [cca2=SA].translations.urd.official
Expected: Ù…Ù…Ù„Ú©ØªÙ� Ø³Ø¹ÙˆØ¯ÛŒ Ø¹Ø±Ø¨
     got: مملکتِ سعودی عرب
 ; [cca2=SA].translations.zho.common
Expected: æ²™ç‰¹é˜¿æ‹‰ä¼¯
     got: 沙特阿拉伯
 ; [cca2=SA].translations.zho.official
Expected: æ²™ç‰¹é˜¿æ‹‰ä¼¯çŽ‹å›½
     got: 沙特阿拉伯王国
 ; [cca2=BQ].demonyms.fra.f
Expected: NÃ©erlandaise
     got: Néerlandaise
 ; [cca2=BQ].demonyms.fra.m
Expected: NÃ©erlandais
     got: Néerlandais
 ; [cca2=BQ].flag
Expected: ðŸ‡§ðŸ‡¶
     got: 🇧🇶
 ; [cca2=BQ].translations.ara.common
Expected: Ø§Ù„Ø¬Ø²Ø± Ø§Ù„ÙƒØ§Ø±ÙŠØ¨ÙŠØ© Ø§Ù„Ù‡ÙˆÙ„Ù†Ø¯ÙŠØ©
     got: الجزر الكاريبية الهولندية
 ; [cca2=BQ].translations.ara.official
Expected: Ø¨ÙˆÙ†ÙŠØ± ÙˆØ³ÙŠÙ†Øª Ø£ÙˆØ³ØªØ§ØªÙŠÙˆØ³ ÙˆØ³Ø§Ø¨Ø§
     got: بونير وسينت أوستاتيوس وسابا
 ; [cca2=BQ].translations.ces.common
Expected: KaribskÃ© Nizozemsko
     got: Karibské Nizozemsko
 ; [cca2=BQ].translations.ces.official
Expected: KaribskÃ© Nizozemsko
     got: Karibské Nizozemsko
 ; [cca2=BQ].translations.fra.common
Expected: Pays-Bas caribÃ©ens
     got: Pays-Bas caribéens
 ; [cca2=BQ].translations.jpn.common
Expected: ãƒœãƒ�ãƒ¼ãƒ«ã€�ã‚·ãƒ³ãƒˆãƒ»ãƒ¦ãƒ¼ã‚¹ã‚¿ãƒ†ã‚£ã‚¦ã‚¹ã�Šã‚ˆã�³ã‚µãƒ�
     got: ボネール、シント・ユースタティウスおよびサバ
 ; [cca2=BQ].translations.jpn.official
Expected: ãƒœãƒ�ãƒ¼ãƒ«ã€�ã‚·ãƒ³ãƒˆãƒ»ãƒ¦ãƒ¼ã‚¹ã‚¿ãƒ†ã‚£ã‚¦ã‚¹ã�Šã‚ˆã�³ã‚µãƒ�
     got: ボネール、シント・ユースタティウスおよびサバ
 ; [cca2=BQ].translations.kor.common
Expected: ì¹´ë¦¬ë¸Œ ë„¤ë�œëž€ë“œ
     got: 카리브 네덜란드
 ; [cca2=BQ].translations.kor.official
Expected: ë³´ë„¤ë¥´, ì‹ íŠ¸ì™¸ìŠ¤íƒ€í‹°ìœ„ìŠ¤, ì‚¬ë°”
     got: 보네르, 신트외스타티위스, 사바
 ; [cca2=BQ].translations.per.common
Expected: Ø¬Ø²Ø§ÛŒØ± Ú©Ø§Ø±Ø§Ø¦ÛŒØ¨ Ù‡Ù„Ù†Ø¯
     got: جزایر کارائیب هلند
 ; [cca2=BQ].translations.per.official
Expected: Ø¬Ø²Ø§ÛŒØ± Ú©Ø§Ø±Ø§Ø¦ÛŒØ¨ Ù‡Ù„Ù†Ø¯
     got: جزایر کارائیب هلند
 ; [cca2=BQ].translations.por.common
Expected: PaÃ­ses Baixos Caribenhos
     got: Países Baixos Caribenhos
 ; [cca2=BQ].translations.por.official
Expected: Bonaire, Saba e Santo EustÃ¡quio
     got: Bonaire, Saba e Santo Eustáquio
 ; [cca2=BQ].translations.rus.common
Expected: ÐšÐ°Ñ€Ð¸Ð±Ñ�ÐºÐ¸Ðµ Ð�Ð¸Ð´ÐµÑ€Ð»Ð°Ð½Ð´Ñ‹
     got: Карибские Нидерланды
 ; [cca2=BQ].translations.rus.official
Expected: Ð‘Ð¾Ð½Ñ�Ð¹Ñ€, Ð¡Ð¸Ð½Ñ‚-Ð­Ñ�Ñ‚Ð°Ñ‚Ð¸ÑƒÑ� Ð¸ Ð¡Ð°Ð±Ð°
     got: Бонэйр, Синт-Эстатиус и Саба
 ; [cca2=BQ].translations.spa.common
Expected: Caribe NeerlandÃ©s
     got: Caribe Neerlandés
 ; [cca2=BQ].translations.srp.common
Expected: ÐšÐ°Ñ€Ð¸Ð¿Ñ�ÐºÐ° Ð¥Ð¾Ð»Ð°Ð½Ð´Ð¸Ñ˜Ð°
     got: Карипска Холандија
 ; [cca2=BQ].translations.srp.official
Expected: Ð‘Ð¾Ð½ÐµÑ€, Ð¡Ð²ÐµÑ‚Ð¸ Ð•ÑƒÑ�Ñ‚Ð°Ñ…Ð¸Ñ˜Ðµ Ð¸ Ð¡Ð°Ð±Ð°
     got: Бонер, Свети Еустахије и Саба
 ; [cca2=BQ].translations.swe.common
Expected: Karibiska NederlÃ¤nderna
     got: Karibiska Nederländerna
 ; [cca2=BQ].translations.tur.common
Expected: Karayip HollandasÄ±
     got: Karayip Hollandası
 ; [cca2=BQ].translations.tur.official
Expected: Karayip HollandasÄ±
     got: Karayip Hollandası
 ; [cca2=BQ].translations.urd.common
Expected: Ú©ÛŒØ±ÛŒØ¨ÛŒÙ† Ù†ÛŒØ¯Ø±Ù„ÛŒÙ†ÚˆØ²
     got: کیریبین نیدرلینڈز
 ; [cca2=BQ].translations.urd.official
Expected: Ø¨ÙˆÙ†Ø§ÛŒØ±ØŒ Ø³ÛŒÙ†Ù¹ Ø§ÛŒÙˆØ³Ù¹Ø§Ø¦ÛŒØ³ Ø§ÙˆØ± Ø³Ø§Ø¨Ø§
     got: بونایر، سینٹ ایوسٹائیس اور سابا
 ; [cca2=BQ].translations.zho.common
Expected: è�·è˜­åŠ å‹’æ¯”å�€
     got: 荷蘭加勒比區
 ; [cca2=BQ].translations.zho.official
Expected: è�·è˜­åŠ å‹’æ¯”å�€
     got: 荷蘭加勒比區
 ; [cca2=SB].flag
Expected: ðŸ‡¸ðŸ‡§
     got: 🇸🇧
 ; [cca2=SB].translations.ara.common
Expected: Ø¬Ø²Ø± Ø³Ù„ÙŠÙ…Ø§Ù†
     got: جزر سليمان
 ; [cca2=SB].translations.ara.official
Expected: Ø¬Ø²Ø± Ø³Ù„ÙŠÙ…Ø§Ù†
     got: جزر سليمان
 ; [cca2=SB].translations.ces.common
Expected: Å alamounovy ostrovy
     got: Šalamounovy ostrovy
 ; [cca2=SB].translations.ces.official
Expected: Å alamounovy ostrovy
     got: Šalamounovy ostrovy
 ; [cca2=SB].translations.fra.common
Expected: ÃŽles Salomon
     got: Îles Salomon
 ; [cca2=SB].translations.fra.official
Expected: ÃŽles Salomon
     got: Îles Salomon
 ; [cca2=SB].translations.jpn.common
Expected: ã‚½ãƒ­ãƒ¢ãƒ³è«¸å³¶
     got: ソロモン諸島
 ; [cca2=SB].translations.jpn.official
Expected: ã‚½ãƒ­ãƒ¢ãƒ³è«¸å³¶
     got: ソロモン諸島
 ; [cca2=SB].translations.kor.common
Expected: ì†”ë¡œëª¬ ì œë�„
     got: 솔로몬 제도
 ; [cca2=SB].translations.kor.official
Expected: ì†”ë¡œëª¬ ì œë�„
     got: 솔로몬 제도
 ; [cca2=SB].translations.per.common
Expected: Ø¬Ø²Ø§ÛŒØ± Ø³Ù„ÛŒÙ…Ø§Ù†
     got: جزایر سلیمان
 ; [cca2=SB].translations.per.official
Expected: Ø¬Ø²Ø§ÛŒØ± Ø³Ù„ÛŒÙ…Ø§Ù†
     got: جزایر سلیمان
 ; [cca2=SB].translations.por.common
Expected: Ilhas SalomÃ£o
     got: Ilhas Salomão
 ; [cca2=SB].translations.por.official
Expected: Ilhas SalomÃ£o
     got: Ilhas Salomão
 ; [cca2=SB].translations.rus.common
Expected: Ð¡Ð¾Ð»Ð¾Ð¼Ð¾Ð½Ð¾Ð²Ñ‹ ÐžÑ�Ñ‚Ñ€Ð¾Ð²Ð°
     got: Соломоновы Острова
 ; [cca2=SB].translations.rus.official
Expected: Ð¡Ð¾Ð»Ð¾Ð¼Ð¾Ð½Ð¾Ð²Ñ‹ Ð¾Ñ�Ñ‚Ñ€Ð¾Ð²Ð°
     got: Соломоновы острова
 ; [cca2=SB].translations.spa.common
Expected: Islas SalomÃ³n
     got: Islas Salomón
 ; [cca2=SB].translations.spa.official
Expected: islas SalomÃ³n
     got: islas Salomón
 ; [cca2=SB].translations.srp.common
Expected: Ð¡Ð¾Ð»Ð¾Ð¼Ð¾Ð½Ñ�ÐºÐ° ÐžÑ�Ñ‚Ñ€Ð²Ð°
     got: Соломонска Острва
 ; [cca2=SB].translations.srp.official
Expected: Ð¡Ð¾Ð»Ð¾Ð¼Ð¾Ð½Ñ�ÐºÐ° ÐžÑ�Ñ‚Ñ€Ð²Ð°
     got: Соломонска Острва
 ; [cca2=SB].translations.swe.common
Expected: SalomonÃ¶arna
     got: Salomonöarna
 ; [cca2=SB].translations.swe.official
Expected: SalomonÃ¶arna
     got: Salomonöarna
 ; [cca2=SB].translations.tur.common
Expected: Solomon AdalarÄ±
     got: Solomon Adaları
 ; [cca2=SB].translations.tur.official
Expected: Solomon AdalarÄ±
     got: Solomon Adaları
 ; [cca2=SB].translations.urd.common
Expected: Ø¬Ø²Ø§Ø¦Ø± Ø³Ù„ÛŒÙ…Ø§Ù†
     got: جزائر سلیمان
 ; [cca2=SB].translations.urd.official
Expected: Ø¬Ø²Ø§Ø¦Ø± Ø³Ù„ÛŒÙ…Ø§Ù†
     got: جزائر سلیمان
 ; [cca2=SB].translations.zho.common
Expected: æ‰€ç½—é—¨ç¾¤å²›
     got: 所罗门群岛
 ; [cca2=SB].translations.zho.official
Expected: æ‰€ç½—é—¨ç¾¤å²›
     got: 所罗门群岛
 ; [cca2=SC].altSpellings[]
Expected: RÃ©publique des Seychelles
     but none found
 ; [cca2=SC].altSpellings[]
Unexpected: République des Seychelles
 ; [cca2=SC].currencies.SCR.symbol
Expected: â‚¨
     got: ₨
 ; [cca2=SC].flag
Expected: ðŸ‡¸ðŸ‡¨
     got: 🇸🇨
 ; [cca2=SC].name.nativeName.fra.official
Expected: RÃ©publique des Seychelles
     got: République des Seychelles
 ; [cca2=SC].translations.ara.common
Expected: Ø³ÙŠØ´Ù„
     got: سيشل
 ; [cca2=SC].translations.ara.official
Expected: Ø¬Ù…Ù‡ÙˆØ±ÙŠØ© Ø³ÙŠØ´Ù„
     got: جمهورية سيشل
 ; [cca2=SC].translations.ces.official
Expected: SeychelskÃ¡ republika
     got: Seychelská republika
 ; [cca2=SC].translations.est.common
Expected: SeiÅ¡ellid
     got: Seišellid
 ; [cca2=SC].translations.est.official
Expected: SeiÅ¡elli Vabariik
     got: Seišelli Vabariik
 ; [cca2=SC].translations.fra.official
Expected: RÃ©publique des Seychelles
     got: République des Seychelles
 ; [cca2=SC].translations.hrv.common
Expected: SejÅ¡eli
     got: Sejšeli
 ; [cca2=SC].translations.hrv.official
Expected: Republika SejÅ¡eli
     got: Republika Sejšeli
 ; [cca2=SC].translations.hun.official
Expected: Seychelle KÃ¶ztÃ¡rsasÃ¡g
     got: Seychelle Köztársaság
 ; [cca2=SC].translations.jpn.common
Expected: ã‚»ãƒ¼ã‚·ã‚§ãƒ«
     got: セーシェル
 ; [cca2=SC].translations.jpn.official
Expected: ã‚»ã‚¤ã‚·ã‚§ãƒ«å…±å’Œå›½
     got: セイシェル共和国
 ; [cca2=SC].translations.kor.common
Expected: ì„¸ì�´ì…¸
     got: 세이셸
 ; [cca2=SC].translations.kor.official
Expected: ì„¸ì�´ì…¸ ê³µí™”êµ­
     got: 세이셸 공화국
 ; [cca2=SC].translations.per.common
Expected: Ø³ÛŒØ´Ù„
     got: سیشل
 ; [cca2=SC].translations.per.official
Expected: Ø¬Ù…Ù‡ÙˆØ±ÛŒ Ø³ÛŒØ´Ù„
     got: جمهوری سیشل
 ; [cca2=SC].translations.por.official
Expected: RepÃºblica das Seychelles
     got: República das Seychelles
 ; [cca2=SC].translations.rus.common
Expected: Ð¡ÐµÐ¹ÑˆÐµÐ»ÑŒÑ�ÐºÐ¸Ðµ ÐžÑ�Ñ‚Ñ€Ð¾Ð²Ð°
     got: Сейшельские Острова
 ; [cca2=SC].translations.rus.official
Expected: Ð ÐµÑ�Ð¿ÑƒÐ±Ð»Ð¸ÐºÐ° Ð¡ÐµÐ¹ÑˆÐµÐ»ÑŒÑ�ÐºÐ¸Ðµ ÐžÑ�Ñ‚Ñ€Ð¾Ð²Ð°
     got: Республика Сейшельские Острова
 ; [cca2=SC].translations.slk.official
Expected: SeychelskÃ¡ republika
     got: Seychelská republika
 ; [cca2=SC].translations.spa.official
Expected: RepÃºblica de las Seychelles
     got: República de las Seychelles
 ; [cca2=SC].translations.srp.common
Expected: Ð¡ÐµÑ˜ÑˆÐµÐ»Ð¸
     got: Сејшели
 ; [cca2=SC].translations.srp.official
Expected: Ð ÐµÐ¿ÑƒÐ±Ð»Ð¸ÐºÐ° Ð¡ÐµÑ˜ÑˆÐµÐ»Ð¸
     got: Република Сејшели
 ; [cca2=SC].translations.tur.common
Expected: SeyÅŸeller
     got: Seyşeller
 ; [cca2=SC].translations.tur.official
Expected: SeyÅŸeller Cumhuriyeti
     got: Seyşeller Cumhuriyeti
 ; [cca2=SC].translations.urd.common
Expected: Ø³ÛŒÚ†ÛŒÙ„ÛŒØ³
     got: سیچیلیس
 ; [cca2=SC].translations.urd.official
Expected: Ø¬Ù…Û�ÙˆØ±ÛŒÛ� Ø³ÛŒÚ†ÛŒÙ„ÛŒØ³
     got: جمہوریہ سیچیلیس
 ; [cca2=SC].translations.zho.common
Expected: å¡žèˆŒå°”
     got: 塞舌尔
 ; [cca2=SC].translations.zho.official
Expected: å¡žèˆŒå°”å…±å’Œå›½
     got: 塞舌尔共和国
 ; [cca2=BR].altSpellings[]
Expected: RepÃºblica Federativa do Brasil
     but none found
 ; [cca2=BR].altSpellings[]
Unexpected: República Federativa do Brasil
 ; [cca2=BR].capital[]
Expected: BrasÃ­lia
     but none found
 ; [cca2=BR].capital[]
Unexpected: Brasília
 ; [cca2=BR].demonyms.fra.f
Expected: BrÃ©silienne
     got: Brésilienne
 ; [cca2=BR].demonyms.fra.m
Expected: BrÃ©silien
     got: Brésilien
 ; [cca2=BR].flag
Expected: ðŸ‡§ðŸ‡·
     got: 🇧🇷
 ; [cca2=BR].name.nativeName.por.official
Expected: RepÃºblica Federativa do Brasil
     got: República Federativa do Brasil
 ; [cca2=BR].translations.ara.common
Expected: Ø§Ù„Ø¨Ø±Ø§Ø²ÙŠÙ„
     got: البرازيل
 ; [cca2=BR].translations.ara.official
Expected: Ø¬Ù…Ù‡ÙˆØ±ÙŠØ© Ø§Ù„Ø¨Ø±Ø§Ø²ÙŠÙ„ Ø§Ù„Ø§ØªØ­Ø§Ø¯ÙŠØ©
     got: جمهورية البرازيل الاتحادية
 ; [cca2=BR].translations.ces.common
Expected: BrazÃ­lie
     got: Brazílie
 ; [cca2=BR].translations.ces.official
Expected: BrazilskÃ¡ federativnÃ­ republika
     got: Brazilská federativní republika
 ; [cca2=BR].translations.deu.official
Expected: FÃ¶derative Republik Brasilien
     got: Föderative Republik Brasilien
 ; [cca2=BR].translations.fra.common
Expected: BrÃ©sil
     got: Brésil
 ; [cca2=BR].translations.fra.official
Expected: RÃ©publique fÃ©dÃ©rative du BrÃ©sil
     got: République fédérative du Brésil
 ; [cca2=BR].translations.hun.common
Expected: BrazÃ­lia
     got: Brazília
 ; [cca2=BR].translations.hun.official
Expected: Brazil SzÃ¶vetsÃ©gi KÃ¶ztÃ¡rsasÃ¡g
     got: Brazil Szövetségi Köztársaság
 ; [cca2=BR].translations.jpn.common
Expected: ãƒ–ãƒ©ã‚¸ãƒ«
     got: ブラジル
 ; [cca2=BR].translations.jpn.official
Expected: ãƒ–ãƒ©ã‚¸ãƒ«é€£é‚¦å…±å’Œå›½
     got: ブラジル連邦共和国
 ; [cca2=BR].translations.kor.common
Expected: ë¸Œë�¼ì§ˆ
     got: 브라질
 ; [cca2=BR].translations.kor.official
Expected: ë¸Œë�¼ì§ˆ ì—°ë°© ê³µí™”êµ­
     got: 브라질 연방 공화국
 ; [cca2=BR].translations.nld.common
Expected: BraziliÃ«
     got: Brazilië
 ; [cca2=BR].translations.nld.official
Expected: Federale Republiek BraziliÃ«
     got: Federale Republiek Brazilië
 ; [cca2=BR].translations.per.common
Expected: Ø¨Ø±Ø²ÛŒÙ„
     got: برزیل
 ; [cca2=BR].translations.per.official
Expected: Ø¬Ù…Ù‡ÙˆØ±ÛŒ Ù�Ø¯Ø±Ø§ØªÛŒÙˆ Ø¨Ø±Ø²ÛŒÙ„
     got: جمهوری فدراتیو برزیل
 ; [cca2=BR].translations.por.official
Expected: RepÃºblica Federativa do Brasil
     got: República Federativa do Brasil
 ; [cca2=BR].translations.rus.common
Expected: Ð‘Ñ€Ð°Ð·Ð¸Ð»Ð¸Ñ�
     got: Бразилия
 ; [cca2=BR].translations.rus.official
Expected: Ð¤ÐµÐ´ÐµÑ€Ð°Ñ‚Ð¸Ð²Ð½Ð°Ñ� Ð ÐµÑ�Ð¿ÑƒÐ±Ð»Ð¸ÐºÐ° Ð‘Ñ€Ð°Ð·Ð¸Ð»Ð¸Ñ�
     got: Федеративная Республика Бразилия
 ; [cca2=BR].translations.slk.common
Expected: BrazÃ­lia
     got: Brazília
 ; [cca2=BR].translations.slk.official
Expected: BrazÃ­lska federatÃ­vna republika
     got: Brazílska federatívna republika
 ; [cca2=BR].translations.spa.official
Expected: RepÃºblica Federativa del Brasil
     got: República Federativa del Brasil
 ; [cca2=BR].translations.srp.common
Expected: Ð‘Ñ€Ð°Ð·Ð¸Ð»
     got: Бразил
 ; [cca2=BR].translations.srp.official
Expected: Ð¡Ð°Ð²ÐµÐ·Ð½Ð° Ð ÐµÐ¿ÑƒÐ±Ð»Ð¸ÐºÐ° Ð‘Ñ€Ð°Ð·Ð¸Ð»
     got: Савезна Република Бразил
 ; [cca2=BR].translations.swe.official
Expected: FÃ¶rbundsrepubliken Brasilien
     got: Förbundsrepubliken Brasilien
 ; [cca2=BR].translations.urd.common
Expected: Ø¨Ø±Ø§Ø²ÛŒÙ„
     got: برازیل
 ; [cca2=BR].translations.urd.official
Expected: ÙˆÙ�Ø§Ù‚ÛŒ Ø¬Ù…Û�ÙˆØ±ÛŒÛ� Ø¨Ø±Ø§Ø²ÛŒÙ„
     got: وفاقی جمہوریہ برازیل
 ; [cca2=BR].translations.zho.common
Expected: å·´è¥¿
     got: 巴西
 ; [cca2=BR].translations.zho.official
Expected: å·´è¥¿è�”é‚¦å…±å’Œå›½
     got: 巴西联邦共和国
 ; [cca2=SD].altSpellings[]
Expected: JumhÅ«rÄ«yat as-SÅ«dÄ�n
     but none found
 ; [cca2=SD].altSpellings[]
Unexpected: Jumhūrīyat as-Sūdān
 ; [cca2=SD].flag
Expected: ðŸ‡¸ðŸ‡©
     got: 🇸🇩
 ; [cca2=SD].name.nativeName.ara.common
Expected: Ø§Ù„Ø³ÙˆØ¯Ø§Ù†
     got: السودان
 ; [cca2=SD].name.nativeName.ara.official
Expected: Ø¬Ù…Ù‡ÙˆØ±ÙŠØ© Ø§Ù„Ø³ÙˆØ¯Ø§Ù†
     got: جمهورية السودان
 ; [cca2=SD].translations.ara.common
Expected: Ø§Ù„Ø³ÙˆØ¯Ø§Ù†
     got: السودان
 ; [cca2=SD].translations.ara.official
Expected: Ø¬Ù…Ù‡ÙˆØ±ÙŠØ© Ø§Ù„Ø³ÙˆØ¯Ø§Ù†
     got: جمهورية السودان
 ; [cca2=SD].translations.ces.common
Expected: SÃºdÃ¡n
     got: Súdán
 ; [cca2=SD].translations.ces.official
Expected: SÃºdÃ¡nskÃ¡ republika
     got: Súdánská republika
 ; [cca2=SD].translations.fra.official
Expected: RÃ©publique du Soudan
     got: République du Soudan
 ; [cca2=SD].translations.hun.common
Expected: SzudÃ¡n
     got: Szudán
 ; [cca2=SD].translations.hun.official
Expected: SzudÃ¡ni KÃ¶ztÃ¡rsasÃ¡g
     got: Szudáni Köztársaság
 ; [cca2=SD].translations.jpn.common
Expected: ã‚¹ãƒ¼ãƒ€ãƒ³
     got: スーダン
 ; [cca2=SD].translations.jpn.official
Expected: ã‚¹ãƒ¼ãƒ€ãƒ³å…±å’Œå›½
     got: スーダン共和国
 ; [cca2=SD].translations.kor.common
Expected: ìˆ˜ë‹¨
     got: 수단
 ; [cca2=SD].translations.kor.official
Expected: ìˆ˜ë‹¨ ê³µí™”êµ­
     got: 수단 공화국
 ; [cca2=SD].translations.per.common
Expected: Ø³ÙˆØ¯Ø§Ù†
     got: سودان
 ; [cca2=SD].translations.per.official
Expected: Ø¬Ù…Ù‡ÙˆØ±ÛŒ Ø³ÙˆØ¯Ø§Ù†
     got: جمهوری سودان
 ; [cca2=SD].translations.por.common
Expected: SudÃ£o
     got: Sudão
 ; [cca2=SD].translations.por.official
Expected: RepÃºblica do SudÃ£o
     got: República do Sudão
 ; [cca2=SD].translations.rus.common
Expected: Ð¡ÑƒÐ´Ð°Ð½
     got: Судан
 ; [cca2=SD].translations.rus.official
Expected: Ð ÐµÑ�Ð¿ÑƒÐ±Ð»Ð¸ÐºÐ° Ð¡ÑƒÐ´Ð°Ð½
     got: Республика Судан
 ; [cca2=SD].translations.slk.common
Expected: SudÃ¡n
     got: Sudán
 ; [cca2=SD].translations.slk.official
Expected: SudÃ¡nska republika
     got: Sudánska republika
 ; [cca2=SD].translations.spa.common
Expected: SudÃ¡n
     got: Sudán
 ; [cca2=SD].translations.spa.official
Expected: RepÃºblica de SudÃ¡n
     got: República de Sudán
 ; [cca2=SD].translations.srp.common
Expected: Ð¡ÑƒÐ´Ð°Ð½
     got: Судан
 ; [cca2=SD].translations.srp.official
Expected: Ð ÐµÐ¿ÑƒÐ±Ð»Ð¸ÐºÐ° Ð¡ÑƒÐ´Ð°Ð½
     got: Република Судан
 ; [cca2=SD].translations.urd.common
Expected: Ø³ÙˆØ¯Ø§Ù†
     got: سودان
 ; [cca2=SD].translations.urd.official
Expected: Ø¬Ù…Û�ÙˆØ±ÛŒÛ� Ø³ÙˆØ¯Ø§Ù†
     got: جمہوریہ سودان
 ; [cca2=SD].translations.zho.common
Expected: è‹�ä¸¹
     got: 苏丹
 ; [cca2=SD].translations.zho.official
Expected: è‹�ä¸¹å…±å’Œå›½
     got: 苏丹共和国
 ; [cca2=BS].flag
Expected: ðŸ‡§ðŸ‡¸
     got: 🇧🇸
 ; [cca2=BS].translations.ara.common
Expected: Ø¨Ø§Ù‡Ø§Ù…Ø§Ø³
     got: باهاماس
 ; [cca2=BS].translations.ara.official
Expected: ÙƒÙˆÙ…Ù†ÙˆÙ„Ø« Ø¬Ø²Ø± Ø§Ù„Ø¨Ù‡Ø§Ù…Ø§
     got: كومنولث جزر البهاما
 ; [cca2=BS].translations.ces.official
Expected: BahamskÃ© spoleÄ�enstvÃ­
     got: Bahamské společenství
 ; [cca2=BS].translations.est.official
Expected: Bahama Ãœhendus
     got: Bahama Ühendus
 ; [cca2=BS].translations.hun.official
Expected: Bahamai KÃ¶zÃ¶ssÃ©g
     got: Bahamai Közösség
 ; [cca2=BS].translations.jpn.common
Expected: ãƒ�ãƒ�ãƒž
     got: バハマ
 ; [cca2=BS].translations.jpn.official
Expected: ãƒ�ãƒ�ãƒž
     got: バハマ
 ; [cca2=BS].translations.kor.common
Expected: ë°”í•˜ë§ˆ
     got: 바하마
 ; [cca2=BS].translations.kor.official
Expected: ë°”í•˜ë§ˆ ì—°ë°©
     got: 바하마 연방
 ; [cca2=BS].translations.nld.common
Expected: Bahamaâ€™s
     got: Bahama’s
 ; [cca2=BS].translations.per.common
Expected: Ø¨Ø§Ù‡Ø§Ù…Ø§
     got: باهاما
 ; [cca2=BS].translations.per.official
Expected: Ù‚Ù„Ù…Ø±Ùˆ Ù‡Ù…Ø³ÙˆØ¯ Ø¨Ø§Ù‡Ø§Ù…Ø§
     got: قلمرو همسود باهاما
 ; [cca2=BS].translations.rus.common
Expected: Ð‘Ð°Ð³Ð°Ð¼Ñ�ÐºÐ¸Ðµ ÐžÑ�Ñ‚Ñ€Ð¾Ð²Ð°
     got: Багамские Острова
 ; [cca2=BS].translations.rus.official
Expected: Ð¡Ð¾Ð´Ñ€ÑƒÐ¶ÐµÑ�Ñ‚Ð²Ð¾ Ð‘Ð°Ð³Ð°Ð¼Ñ�ÐºÐ¸Ñ… ÐžÑ�Ñ‚Ñ€Ð¾Ð²Ð¾Ð²
     got: Содружество Багамских Островов
 ; [cca2=BS].translations.slk.official
Expected: BahamskÃ© spoloÄ�enstvo
     got: Bahamské spoločenstvo
 ; [cca2=BS].translations.srp.common
Expected: Ð‘Ð°Ñ…Ð°Ð¼Ð¸
     got: Бахами
 ; [cca2=BS].translations.srp.official
Expected: ÐšÐ¾Ð¼Ð¾Ð½Ð²ÐµÐ»Ñ‚ Ð‘Ð°Ñ…Ð°Ð¼Ð°
     got: Комонвелт Бахама
 ; [cca2=BS].translations.swe.official
Expected: SamvÃ¤ldet Bahamas
     got: Samväldet Bahamas
 ; [cca2=BS].translations.tur.official
Expected: Bahama Milletler TopluluÄŸu
     got: Bahama Milletler Topluluğu
 ; [cca2=BS].translations.urd.common
Expected: Ø¨Û�Ø§Ù…Ø§Ø³
     got: بہاماس
 ; [cca2=BS].translations.urd.official
Expected: Ø¯ÙˆÙ„ØªÙ� Ù…Ø´ØªØ±Ú©Û� Ø¨Û�Ø§Ù…Ø§Ø³
     got: دولتِ مشترکہ بہاماس
 ; [cca2=BS].translations.zho.common
Expected: å·´å“ˆé©¬
     got: 巴哈马
 ; [cca2=BS].translations.zho.official
Expected: å·´å“ˆé©¬è�”é‚¦
     got: 巴哈马联邦
 ; [cca2=SE].demonyms.fra.f
Expected: SuÃ©doise
     got: Suédoise
 ; [cca2=SE].demonyms.fra.m
Expected: SuÃ©dois
     got: Suédois
 ; [cca2=SE].flag
Expected: ðŸ‡¸ðŸ‡ª
     got: 🇸🇪
 ; [cca2=SE].translations.ara.common
Expected: Ø§Ù„Ø³ÙˆÙŠØ¯
     got: السويد
 ; [cca2=SE].translations.ara.official
Expected: Ù…Ù…Ù„ÙƒØ© Ø§Ù„Ø³ÙˆÙŠØ¯
     got: مملكة السويد
 ; [cca2=SE].translations.ces.common
Expected: Å vÃ©dsko
     got: Švédsko
 ; [cca2=SE].translations.ces.official
Expected: Å vÃ©dskÃ© krÃ¡lovstvÃ­
     got: Švédské království
 ; [cca2=SE].translations.deu.official
Expected: KÃ¶nigreich Schweden
     got: Königreich Schweden
 ; [cca2=SE].translations.fra.common
Expected: SuÃ¨de
     got: Suède
 ; [cca2=SE].translations.fra.official
Expected: Royaume de SuÃ¨de
     got: Royaume de Suède
 ; [cca2=SE].translations.hrv.common
Expected: Å vedska
     got: Švedska
 ; [cca2=SE].translations.hrv.official
Expected: Kraljevina Å vedska
     got: Kraljevina Švedska
 ; [cca2=SE].translations.hun.common
Expected: SvÃ©dorszÃ¡g
     got: Svédország
 ; [cca2=SE].translations.hun.official
Expected: SvÃ©d KirÃ¡lysÃ¡g
     got: Svéd Királyság
 ; [cca2=SE].translations.jpn.common
Expected: ã‚¹ã‚¦ã‚§ãƒ¼ãƒ‡ãƒ³
     got: スウェーデン
 ; [cca2=SE].translations.jpn.official
Expected: ã‚¹ã‚¦ã‚§ãƒ¼ãƒ‡ãƒ³çŽ‹å›½
     got: スウェーデン王国
 ; [cca2=SE].translations.kor.common
Expected: ìŠ¤ì›¨ë�´
     got: 스웨덴
 ; [cca2=SE].translations.kor.official
Expected: ìŠ¤ì›¨ë�´ ì™•êµ­
     got: 스웨덴 왕국
 ; [cca2=SE].translations.per.common
Expected: Ø³ÙˆØ¦Ø¯
     got: سوئد
 ; [cca2=SE].translations.per.official
Expected: Ù¾Ø§Ø¯Ø´Ø§Ù‡ÛŒ Ø³ÙˆØ¦Ø¯
     got: پادشاهی سوئد
 ; [cca2=SE].translations.pol.official
Expected: KrÃ³lestwo Szwecji
     got: Królestwo Szwecji
 ; [cca2=SE].translations.por.common
Expected: SuÃ©cia
     got: Suécia
 ; [cca2=SE].translations.por.official
Expected: Reino da SuÃ©cia
     got: Reino da Suécia
 ; [cca2=SE].translations.rus.common
Expected: Ð¨Ð²ÐµÑ†Ð¸Ñ�
     got: Швеция
 ; [cca2=SE].translations.rus.official
Expected: ÐšÐ¾Ñ€Ð¾Ð»ÐµÐ²Ñ�Ñ‚Ð²Ð¾ Ð¨Ð²ÐµÑ†Ð¸Ñ�
     got: Королевство Швеция
 ; [cca2=SE].translations.slk.common
Expected: Å vÃ©dsko
     got: Švédsko
 ; [cca2=SE].translations.slk.official
Expected: Å vÃ©dske krÃ¡Ä¾ovstvo
     got: Švédske kráľovstvo
 ; [cca2=SE].translations.srp.common
Expected: Ð¨Ð²ÐµÐ´Ñ�ÐºÐ°
     got: Шведска
 ; [cca2=SE].translations.srp.official
Expected: ÐšÑ€Ð°Ñ™ÐµÐ²Ð¸Ð½Ð° Ð¨Ð²ÐµÐ´Ñ�ÐºÐ°
     got: Краљевина Шведска
 ; [cca2=SE].translations.tur.common
Expected: Ä°sveÃ§
     got: İsveç
 ; [cca2=SE].translations.tur.official
Expected: Ä°sveÃ§ KrallÄ±ÄŸÄ±
     got: İsveç Krallığı
 ; [cca2=SE].translations.urd.common
Expected: Ø³ÙˆÛŒÚˆÙ†
     got: سویڈن
 ; [cca2=SE].translations.urd.official
Expected: Ù…Ù…Ù„Ú©ØªÙ� Ø³ÙˆÛŒÚˆÙ†
     got: مملکتِ سویڈن
 ; [cca2=SE].translations.zho.common
Expected: ç‘žå…¸
     got: 瑞典
 ; [cca2=SE].translations.zho.official
Expected: ç‘žå…¸çŽ‹å›½
     got: 瑞典王国
 ; [cca2=BT].currencies.INR.symbol
Expected: â‚¹
     got: ₹
 ; [cca2=BT].flag
Expected: ðŸ‡§ðŸ‡¹
     got: 🇧🇹
 ; [cca2=BT].name.nativeName.dzo.common
Expected: à½ à½–à¾²à½´à½‚à¼‹à½¡à½´à½£à¼‹
     got: འབྲུག་ཡུལ་
 ; [cca2=BT].name.nativeName.dzo.official
Expected: à½ à½–à¾²à½´à½‚à¼‹à½¢à¾’à¾±à½£à¼‹à½�à½–à¼‹
     got: འབྲུག་རྒྱལ་ཁབ་
 ; [cca2=BT].translations.ara.common
Expected: Ø¨ÙˆØªØ§Ù†
     got: بوتان
 ; [cca2=BT].translations.ara.official
Expected: Ù…Ù…Ù„ÙƒØ© Ø¨ÙˆØªØ§Ù†
     got: مملكة بوتان
 ; [cca2=BT].translations.ces.common
Expected: BhÃºtÃ¡n
     got: Bhútán
 ; [cca2=BT].translations.ces.official
Expected: BhÃºtÃ¡nskÃ© krÃ¡lovstvÃ­
     got: Bhútánské království
 ; [cca2=BT].translations.deu.official
Expected: KÃ¶nigreich Bhutan
     got: Königreich Bhutan
 ; [cca2=BT].translations.hun.common
Expected: BhutÃ¡n
     got: Bhután
 ; [cca2=BT].translations.hun.official
Expected: BhutÃ¡ni KirÃ¡lysÃ¡g
     got: Bhutáni Királyság
 ; [cca2=BT].translations.jpn.common
Expected: ãƒ–ãƒ¼ã‚¿ãƒ³
     got: ブータン
 ; [cca2=BT].translations.jpn.official
Expected: ãƒ–ãƒ¼ã‚¿ãƒ³çŽ‹å›½
     got: ブータン王国
 ; [cca2=BT].translations.kor.common
Expected: ë¶€íƒ„
     got: 부탄
 ; [cca2=BT].translations.kor.official
Expected: ë¶€íƒ„ ì™•êµ­
     got: 부탄 왕국
 ; [cca2=BT].translations.per.common
Expected: Ø¨ÙˆØªØ§Ù†
     got: بوتان
 ; [cca2=BT].translations.per.official
Expected: Ù¾Ø§Ø¯Ø´Ø§Ù‡ÛŒ Ø¨ÙˆØªØ§Ù†
     got: پادشاهی بوتان
 ; [cca2=BT].translations.por.common
Expected: ButÃ£o
     got: Butão
 ; [cca2=BT].translations.por.official
Expected: Reino do ButÃ£o
     got: Reino do Butão
 ; [cca2=BT].translations.rus.common
Expected: Ð‘ÑƒÑ‚Ð°Ð½
     got: Бутан
 ; [cca2=BT].translations.rus.official
Expected: ÐšÐ¾Ñ€Ð¾Ð»ÐµÐ²Ñ�Ñ‚Ð²Ð¾ Ð‘ÑƒÑ‚Ð°Ð½
     got: Королевство Бутан
 ; [cca2=BT].translations.slk.common
Expected: BhutÃ¡n
     got: Bhután
 ; [cca2=BT].translations.slk.official
Expected: BhutÃ¡nske krÃ¢Ä¾ovstvo
     got: Bhutánske krâľovstvo
 ; [cca2=BT].translations.spa.common
Expected: ButÃ¡n
     got: Bután
 ; [cca2=BT].translations.spa.official
Expected: Reino de ButÃ¡n
     got: Reino de Bután
 ; [cca2=BT].translations.srp.common
Expected: Ð‘ÑƒÑ‚Ð°Ð½
     got: Бутан
 ; [cca2=BT].translations.srp.official
Expected: ÐšÑ€Ð°Ñ™ÐµÐ²Ð¸Ð½Ð° Ð‘ÑƒÑ‚Ð°Ð½
     got: Краљевина Бутан
 ; [cca2=BT].translations.tur.official
Expected: Butan KrallÄ±ÄŸÄ±
     got: Butan Krallığı
 ; [cca2=BT].translations.urd.common
Expected: Ø¨Ú¾ÙˆÙ¹Ø§Ù†
     got: بھوٹان
 ; [cca2=BT].translations.urd.official
Expected: Ø³Ù„Ø·Ù†Øª Ø¨Ú¾ÙˆÙ¹Ø§Ù†
     got: سلطنت بھوٹان
 ; [cca2=BT].translations.zho.common
Expected: ä¸�ä¸¹
     got: 不丹
 ; [cca2=BT].translations.zho.official
Expected: ä¸�ä¸¹çŽ‹å›½
     got: 不丹王国
 ; [cca2=SG].altSpellings[]
Expected: æ–°åŠ å�¡å…±å’Œå›½
     but none found
 ; [cca2=SG].altSpellings[]
Unexpected: 新加坡共和国
 ; [cca2=SG].flag
Expected: ðŸ‡¸ðŸ‡¬
     got: 🇸🇬
 ; [cca2=SG].name.nativeName.tam.common
Expected: à®šà®¿à®™à¯�à®•à®ªà¯�à®ªà¯‚à®°à¯�
     got: சிங்கப்பூர்
 ; [cca2=SG].name.nativeName.tam.official
Expected: à®šà®¿à®™à¯�à®•à®ªà¯�à®ªà¯‚à®°à¯� à®•à¯�à®Ÿà®¿à®¯à®°à®šà¯�
     got: சிங்கப்பூர் குடியரசு
 ; [cca2=SG].name.nativeName.zho.common
Expected: æ–°åŠ å�¡
     got: 新加坡
 ; [cca2=SG].name.nativeName.zho.official
Expected: æ–°åŠ å�¡å…±å’Œå›½
     got: 新加坡共和国
 ; [cca2=SG].tld[]
Expected: .æ–°åŠ å�¡
     but none found
 ; [cca2=SG].tld[]
Expected: .à®šà®¿à®™à¯�à®•à®ªà¯�à®ªà¯‚à®°à¯�
     but none found
 ; [cca2=SG].tld[]
Unexpected: .சிங்கப்பூர்
 ; [cca2=SG].tld[]
Unexpected: .新加坡
 ; [cca2=SG].translations.ara.common
Expected: Ø³Ù†ØºØ§Ù�ÙˆØ±Ø©
     got: سنغافورة
 ; [cca2=SG].translations.ara.official
Expected: Ø¬Ù…Ù‡ÙˆØ±ÙŠØ© Ø³Ù†ØºØ§Ù�ÙˆØ±Ø©
     got: جمهورية سنغافورة
 ; [cca2=SG].translations.ces.official
Expected: SingapurskÃ¡ republika
     got: Singapurská republika
 ; [cca2=SG].translations.fra.official
Expected: RÃ©publique de Singapour
     got: République de Singapour
 ; [cca2=SG].translations.hun.common
Expected: SzingapÃºr
     got: Szingapúr
 ; [cca2=SG].translations.hun.official
Expected: SzingapÃºri KÃ¶ztÃ¡rsasÃ¡g
     got: Szingapúri Köztársaság
 ; [cca2=SG].translations.jpn.common
Expected: ã‚·ãƒ³ã‚¬ãƒ�ãƒ¼ãƒ«
     got: シンガポール
 ; [cca2=SG].translations.jpn.official
Expected: ã‚·ãƒ³ã‚¬ãƒ�ãƒ¼ãƒ«å…±å’Œå›½
     got: シンガポール共和国
 ; [cca2=SG].translations.kor.common
Expected: ì‹±ê°€í�¬ë¥´
     got: 싱가포르
 ; [cca2=SG].translations.kor.official
Expected: ì‹±ê°€í�¬ë¥´ ê³µí™”êµ­
     got: 싱가포르 공화국
 ; [cca2=SG].translations.per.common
Expected: Ø³Ù†Ú¯Ø§Ù¾ÙˆØ±
     got: سنگاپور
 ; [cca2=SG].translations.per.official
Expected: Ø¬Ù…Ù‡ÙˆØ±ÛŒ Ø³Ù†Ú¯Ø§Ù¾ÙˆØ±
     got: جمهوری سنگاپور
 ; [cca2=SG].translations.por.official
Expected: RepÃºblica de Singapura
     got: República de Singapura
 ; [cca2=SG].translations.rus.common
Expected: Ð¡Ð¸Ð½Ð³Ð°Ð¿ÑƒÑ€
     got: Сингапур
 ; [cca2=SG].translations.rus.official
Expected: Ð ÐµÑ�Ð¿ÑƒÐ±Ð»Ð¸ÐºÐ° Ð¡Ð¸Ð½Ð³Ð°Ð¿ÑƒÑ€
     got: Республика Сингапур
 ; [cca2=SG].translations.slk.official
Expected: SingapurskÃ¡ republika
     got: Singapurská republika
 ; [cca2=SG].translations.spa.official
Expected: RepÃºblica de Singapur
     got: República de Singapur
 ; [cca2=SG].translations.srp.common
Expected: Ð¡Ð¸Ð½Ð³Ð°Ð¿ÑƒÑ€
     got: Сингапур
 ; [cca2=SG].translations.srp.official
Expected: Ð ÐµÐ¿ÑƒÐ±Ð»Ð¸ÐºÐ° Ð¡Ð¸Ð½Ð³Ð°Ð¿ÑƒÑ€
     got: Република Сингапур
 ; [cca2=SG].translations.urd.common
Expected: Ø³Ù†Ú¯Ø§Ù¾ÙˆØ±
     got: سنگاپور
 ; [cca2=SG].translations.urd.official
Expected: Ø¬Ù…Û�ÙˆØ±ÛŒÛ� Ø³Ù†Ú¯Ø§Ù¾ÙˆØ±
     got: جمہوریہ سنگاپور
 ; [cca2=BV].altSpellings[]
Expected: BouvetÃ¸ya
     but none found
 ; [cca2=BV].altSpellings[]
Expected: Bouvet-Ã¸ya
     but none found
 ; [cca2=BV].altSpellings[]
Unexpected: Bouvetøya
 ; [cca2=BV].altSpellings[]
Unexpected: Bouvet-øya
 ; [cca2=BV].flag
Expected: ðŸ‡§ðŸ‡»
     got: 🇧🇻
 ; [cca2=BV].name.nativeName.nor.common
Expected: BouvetÃ¸ya
     got: Bouvetøya
 ; [cca2=BV].name.nativeName.nor.official
Expected: BouvetÃ¸ya
     got: Bouvetøya
 ; [cca2=BV].translations.ara.common
Expected: Ø¬Ø²Ø± Ø¨ÙˆÙ�ÙŠÙ‡
     got: جزر بوفيه
 ; [cca2=BV].translations.ara.official
Expected: Ø¬Ø²Ø± Ø¨ÙˆÙ�ÙŠÙ‡
     got: جزر بوفيه
 ; [cca2=BV].translations.ces.common
Expected: BouvetÅ¯v ostrov
     got: Bouvetův ostrov
 ; [cca2=BV].translations.ces.official
Expected: BouvetÅ¯v ostrov
     got: Bouvetův ostrov
 ; [cca2=BV].translations.est.common
Expected: Bouvetâ€™ saar
     got: Bouvet’ saar
 ; [cca2=BV].translations.est.official
Expected: Bouvetâ€™ saar
     got: Bouvet’ saar
 ; [cca2=BV].translations.fra.common
Expected: ÃŽle Bouvet
     got: Île Bouvet
 ; [cca2=BV].translations.fra.official
Expected: ÃŽle Bouvet
     got: Île Bouvet
 ; [cca2=BV].translations.jpn.common
Expected: ãƒ–ãƒ¼ãƒ™å³¶
     got: ブーベ島
 ; [cca2=BV].translations.jpn.official
Expected: ãƒ–ãƒ¼ãƒ´ã‚§å³¶
     got: ブーヴェ島
 ; [cca2=BV].translations.kor.common
Expected: ë¶€ë²  ì„¬
     got: 부베 섬
 ; [cca2=BV].translations.kor.official
Expected: ë¶€ë²  ì„¬
     got: 부베 섬
 ; [cca2=BV].translations.per.common
Expected: Ø¬Ø²ÛŒØ±Ù‡Ù” Ø¨ÙˆÙˆÙ‡
     got: جزیرهٔ بووه
 ; [cca2=BV].translations.per.official
Expected: Ø¬Ø²ÛŒØ±Ù‡Ù” Ø¨ÙˆÙˆÙ‡
     got: جزیرهٔ بووه
 ; [cca2=BV].translations.rus.common
Expected: ÐžÑ�Ñ‚Ñ€Ð¾Ð² Ð‘ÑƒÐ²Ðµ
     got: Остров Буве
 ; [cca2=BV].translations.rus.official
Expected: ÐžÑ�Ñ‚Ñ€Ð¾Ð² Ð‘ÑƒÐ²Ðµ
     got: Остров Буве
 ; [cca2=BV].translations.srp.common
Expected: Ð‘ÑƒÐ²Ðµ
     got: Буве
 ; [cca2=BV].translations.srp.official
Expected: Ð‘ÑƒÐ²Ðµ
     got: Буве
 ; [cca2=BV].translations.swe.common
Expected: BouvetÃ¶n
     got: Bouvetön
 ; [cca2=BV].translations.swe.official
Expected: BouvetÃ¶n
     got: Bouvetön
 ; [cca2=BV].translations.tur.common
Expected: Bouvet AdasÄ±
     got: Bouvet Adası
 ; [cca2=BV].translations.tur.official
Expected: Bouvet AdasÄ±
     got: Bouvet Adası
 ; [cca2=BV].translations.urd.common
Expected: Ø¬Ø²ÛŒØ±Û� Ø¨ÙˆÙˆÛ�
     got: جزیرہ بووہ
 ; [cca2=BV].translations.urd.official
Expected: Ø¬Ø²ÛŒØ±Û� Ø¨ÙˆÙˆÛ�
     got: جزیرہ بووہ
 ; [cca2=BV].translations.zho.common
Expected: å¸ƒç»´å²›
     got: 布维岛
 ; [cca2=BV].translations.zho.official
Expected: å¸ƒç»´å²›
     got: 布维岛
 ; [cca2=SH].currencies.GBP.symbol
Expected: Â£
     got: £
 ; [cca2=SH].currencies.SHP.symbol
Expected: Â£
     got: £
 ; [cca2=SH].demonyms.fra.f
Expected: Sainte-HÃ©lÃ©noise
     got: Sainte-Hélénoise
 ; [cca2=SH].demonyms.fra.m
Expected: Sainte-HÃ©lÃ¨nois
     got: Sainte-Hélènois
 ; [cca2=SH].flag
Expected: ðŸ‡¸ðŸ‡­
     got: 🇸🇭
 ; [cca2=SH].translations.ara.common
Expected: Ø³Ø§Ù†Øª Ù‡ÙŠÙ„ÙŠÙ†Ø§ ÙˆØ£Ø³ÙŠÙ†Ø´ÙŠÙ† ÙˆØªØ±ÙŠØ³ØªØ§Ù† Ø¯Ø§ ÙƒÙˆÙ†Ø§
     got: سانت هيلينا وأسينشين وتريستان دا كونا
 ; [cca2=SH].translations.ara.official
Expected: Ø³Ø§Ù†Øª Ù‡ÙŠÙ„ÙŠÙ†Ø§ ÙˆØ£Ø³ÙŠÙ†Ø´ÙŠÙ† ÙˆØªØ±ÙŠØ³ØªØ§Ù† Ø¯Ø§ ÙƒÙˆÙ†Ø§
     got: سانت هيلينا وأسينشين وتريستان دا كونا
 ; [cca2=SH].translations.ces.common
Expected: SvatÃ¡ Helena, Ascension a Tristan da Cunha
     got: Svatá Helena, Ascension a Tristan da Cunha
 ; [cca2=SH].translations.ces.official
Expected: SvatÃ¡ Helena, Ascension a Tristan da Cunha
     got: Svatá Helena, Ascension a Tristan da Cunha
 ; [cca2=SH].translations.fra.common
Expected: Sainte-HÃ©lÃ¨ne, Ascension et Tristan da Cunha
     got: Sainte-Hélène, Ascension et Tristan da Cunha
 ; [cca2=SH].translations.fra.official
Expected: Sainte-HÃ©lÃ¨ne, Ascension et Tristan da Cunha
     got: Sainte-Hélène, Ascension et Tristan da Cunha
 ; [cca2=SH].translations.jpn.common
Expected: ã‚»ãƒ³ãƒˆãƒ˜ãƒ¬ãƒŠãƒ»ã‚¢ã‚»ãƒ³ã‚·ãƒ§ãƒ³ã�Šã‚ˆã�³ãƒˆãƒªã‚¹ã‚¿ãƒ³ãƒ€ã‚¯ãƒ¼ãƒ‹ãƒ£
     got: セントヘレナ・アセンションおよびトリスタンダクーニャ
 ; [cca2=SH].translations.jpn.official
Expected: ã‚»ãƒ³ãƒˆãƒ˜ãƒ¬ãƒŠãƒ»ã‚¢ã‚»ãƒ³ã‚·ãƒ§ãƒ³ã�Šã‚ˆã�³ãƒˆãƒªã‚¹ã‚¿ãƒ³ãƒ€ã‚¯ãƒ¼ãƒ‹ãƒ£
     got: セントヘレナ・アセンションおよびトリスタンダクーニャ
 ; [cca2=SH].translations.kor.common
Expected: ì„¸ì�¸íŠ¸í—¬ë ˆë‚˜
     got: 세인트헬레나
 ; [cca2=SH].translations.kor.official
Expected: ì„¸ì�¸íŠ¸í—¬ë ˆë‚˜
     got: 세인트헬레나
 ; [cca2=SH].translations.per.common
Expected: Ø³Ù†Øª Ù‡Ù„Ù†
     got: سنت هلن
 ; [cca2=SH].translations.per.official
Expected: Ø³Ù†Øª Ù‡Ù„Ù†
     got: سنت هلن
 ; [cca2=SH].translations.pol.common
Expected: Wyspa ÅšwiÄ™tej Heleny, Wyspa WniebowstÄ…pienia i Tristan da Cunha
     got: Wyspa Świętej Heleny, Wyspa Wniebowstąpienia i Tristan da Cunha
 ; [cca2=SH].translations.pol.official
Expected: Wyspa ÅšwiÄ™tej Heleny, Wyspa WniebowstÄ…pienia i Tristan da Cunha
     got: Wyspa Świętej Heleny, Wyspa Wniebowstąpienia i Tristan da Cunha
 ; [cca2=SH].translations.por.common
Expected: Santa Helena, AscensÃ£o e TristÃ£o da Cunha
     got: Santa Helena, Ascensão e Tristão da Cunha
 ; [cca2=SH].translations.por.official
Expected: Santa Helena, AscensÃ£o e TristÃ£o da Cunha
     got: Santa Helena, Ascensão e Tristão da Cunha
 ; [cca2=SH].translations.rus.common
Expected: ÐžÑ�Ñ‚Ñ€Ð¾Ð²Ð° Ð¡Ð²Ñ�Ñ‚Ð¾Ð¹ Ð•Ð»ÐµÐ½Ñ‹, Ð’Ð¾Ð·Ð½ÐµÑ�ÐµÐ½Ð¸Ñ� Ð¸ Ð¢Ñ€Ð¸Ñ�Ñ‚Ð°Ð½-Ð´Ð°-ÐšÑƒÐ½ÑŒÑ�
     got: Острова Святой Елены, Вознесения и Тристан-да-Кунья
 ; [cca2=SH].translations.rus.official
Expected: ÐžÑ�Ñ‚Ñ€Ð¾Ð²Ð° Ð¡Ð²Ñ�Ñ‚Ð¾Ð¹ Ð•Ð»ÐµÐ½Ñ‹, Ð’Ð¾Ð·Ð½ÐµÑ�ÐµÐ½Ð¸Ñ� Ð¸ Ð¢Ñ€Ð¸Ñ�Ñ‚Ð°Ð½-Ð´Ð°-ÐšÑƒÐ½ÑŒÑ�
     got: Острова Святой Елены, Вознесения и Тристан-да-Кунья
 ; [cca2=SH].translations.slk.common
Expected: SvÃ¤tÃ¡ Helena (zÃ¡morskÃ© Ãºzemie)
     got: Svätá Helena (zámorské územie)
 ; [cca2=SH].translations.slk.official
Expected: SvÃ¤tÃ¡ Helena (zÃ¡morskÃ© Ãºzemie)
     got: Svätá Helena (zámorské územie)
 ; [cca2=SH].translations.spa.common
Expected: Santa Elena, AscensiÃ³n y TristÃ¡n de AcuÃ±a
     got: Santa Elena, Ascensión y Tristán de Acuña
 ; [cca2=SH].translations.spa.official
Expected: Santa Elena, AscensiÃ³n y TristÃ¡n de AcuÃ±a
     got: Santa Elena, Ascensión y Tristán de Acuña
 ; [cca2=SH].translations.srp.common
Expected: Ð¡Ð²ÐµÑ‚Ð° ÐˆÐµÐ»ÐµÐ½Ð°
     got: Света Јелена
 ; [cca2=SH].translations.srp.official
Expected: Ð¡Ð²ÐµÑ‚Ð° ÐˆÐµÐ»ÐµÐ½Ð°, Ð�Ñ�ÐµÐ½Ñ�Ð¸Ð¾Ð½ Ð¸ Ð¢Ñ€Ð¸Ñ�Ñ‚Ð°Ð½ Ð´Ð° ÐšÑƒÑšÐ°
     got: Света Јелена, Асенсион и Тристан да Куња
 ; [cca2=SH].translations.urd.common
Expected: Ø³ÛŒÙ†Ù¹ Û�Ù„ÛŒÙ†Ø§ØŒ Ø§Ø³ÛŒÙ†Ø´Ù† Ùˆ ØªØ±Ø³Ù¹Ø§Ù† Ø¯Ø§ Ú©ÙˆÙ†ÛŒØ§
     got: سینٹ ہلینا، اسینشن و ترسٹان دا کونیا
 ; [cca2=SH].translations.urd.official
Expected: Ø³ÛŒÙ†Ù¹ Û�Ù„ÛŒÙ†Ø§ØŒ Ø§Ø³ÛŒÙ†Ø´Ù† Ùˆ ØªØ±Ø³Ù¹Ø§Ù† Ø¯Ø§ Ú©ÙˆÙ†ÛŒØ§
     got: سینٹ ہلینا، اسینشن و ترسٹان دا کونیا
 ; [cca2=SH].translations.zho.common
Expected: åœ£èµ«å‹’æ‹¿ã€�é˜¿æ£®æ�¾å’Œç‰¹é‡Œæ–¯å�¦-è¾¾åº“å°¼äºš
     got: 圣赫勒拿、阿森松和特里斯坦-达库尼亚
 ; [cca2=SH].translations.zho.official
Expected: åœ£èµ«å‹’æ‹¿ã€�é˜¿æ£®æ�¾å’Œç‰¹é‡Œæ–¯å�¦-è¾¾åº“å°¼äºš
     got: 圣赫勒拿、阿森松和特里斯坦-达库尼亚
 ; [cca2=BW].flag
Expected: ðŸ‡§ðŸ‡¼
     got: 🇧🇼
 ; [cca2=BW].translations.ara.common
Expected: Ø¨ÙˆØªØ³ÙˆØ§Ù†Ø§
     got: بوتسوانا
 ; [cca2=BW].translations.ara.official
Expected: Ø¬Ù…Ù‡ÙˆØ±ÙŠØ© Ø¨ÙˆØªØ³ÙˆØ§Ù†Ø§
     got: جمهورية بوتسوانا
 ; [cca2=BW].translations.ces.official
Expected: BotswanskÃ¡ republika
     got: Botswanská republika
 ; [cca2=BW].translations.fra.official
Expected: RÃ©publique du Botswana
     got: République du Botswana
 ; [cca2=BW].translations.hun.official
Expected: Botswanai KÃ¶ztÃ¡rsasÃ¡g
     got: Botswanai Köztársaság
 ; [cca2=BW].translations.jpn.common
Expected: ãƒœãƒ„ãƒ¯ãƒŠ
     got: ボツワナ
 ; [cca2=BW].translations.jpn.official
Expected: ãƒœãƒ„ãƒ¯ãƒŠå…±å’Œå›½
     got: ボツワナ共和国
 ; [cca2=BW].translations.kor.common
Expected: ë³´ì¸ ì™€ë‚˜
     got: 보츠와나
 ; [cca2=BW].translations.kor.official
Expected: ë³´ì¸ ì™€ë‚˜ ê³µí™”êµ­
     got: 보츠와나 공화국
 ; [cca2=BW].translations.per.common
Expected: Ø¨ÙˆØªØ³ÙˆØ§Ù†Ø§
     got: بوتسوانا
 ; [cca2=BW].translations.per.official
Expected: Ø¬Ù…Ù‡ÙˆØ±ÛŒ Ø¨ÙˆØªØ³ÙˆØ§Ù†Ø§
     got: جمهوری بوتسوانا
 ; [cca2=BW].translations.por.official
Expected: RepÃºblica do Botswana
     got: República do Botswana
 ; [cca2=BW].translations.rus.common
Expected: Ð‘Ð¾Ñ‚Ñ�Ð²Ð°Ð½Ð°
     got: Ботсвана
 ; [cca2=BW].translations.rus.official
Expected: Ð ÐµÑ�Ð¿ÑƒÐ±Ð»Ð¸ÐºÐ° Ð‘Ð¾Ñ‚Ñ�Ð²Ð°Ð½Ð°
     got: Республика Ботсвана
 ; [cca2=BW].translations.slk.official
Expected: BotswanskÃ¡ republika
     got: Botswanská republika
 ; [cca2=BW].translations.spa.official
Expected: RepÃºblica de Botswana
     got: República de Botswana
 ; [cca2=BW].translations.srp.common
Expected: Ð‘Ð¾Ñ†Ð²Ð°Ð½Ð°
     got: Боцвана
 ; [cca2=BW].translations.srp.official
Expected: Ð ÐµÐ¿ÑƒÐ±Ð»Ð¸ÐºÐ° Ð‘Ð¾Ñ†Ð²Ð°Ð½Ð°
     got: Република Боцвана
 ; [cca2=BW].translations.urd.common
Expected: Ø¨ÙˆÙ¹Ø³ÙˆØ§Ù†Ø§
     got: بوٹسوانا
 ; [cca2=BW].translations.urd.official
Expected: Ø¬Ù…Û�ÙˆØ±ÛŒÛ� Ø¨ÙˆÙ¹Ø³ÙˆØ§Ù†Ø§
     got: جمہوریہ بوٹسوانا
 ; [cca2=BW].translations.zho.common
Expected: å�šèŒ¨ç“¦çº³
     got: 博茨瓦纳
 ; [cca2=BW].translations.zho.official
Expected: å�šèŒ¨ç“¦çº³å…±å’Œå›½
     got: 博茨瓦纳共和国
 ; [cca2=SI].currencies.EUR.symbol
Expected: â‚¬
     got: €
 ; [cca2=SI].demonyms.fra.f
Expected: SlovÃ¨ne
     got: Slovène
 ; [cca2=SI].demonyms.fra.m
Expected: SlovÃ¨ne
     got: Slovène
 ; [cca2=SI].flag
Expected: ðŸ‡¸ðŸ‡®
     got: 🇸🇮
 ; [cca2=SI].translations.ara.common
Expected: Ø³Ù„ÙˆÙ�ÙŠÙ†ÙŠØ§
     got: سلوفينيا
 ; [cca2=SI].translations.ara.official
Expected: Ø¬Ù…Ù‡ÙˆØ±ÙŠØ© Ø³Ù„ÙˆÙ�ÙŠÙ†ÙŠØ§
     got: جمهورية سلوفينيا
 ; [cca2=SI].translations.ces.official
Expected: SlovinskÃ¡ republika
     got: Slovinská republika
 ; [cca2=SI].translations.fra.common
Expected: SlovÃ©nie
     got: Slovénie
 ; [cca2=SI].translations.fra.official
Expected: RÃ©publique de SlovÃ©nie
     got: République de Slovénie
 ; [cca2=SI].translations.hun.common
Expected: SzlovÃ©nia
     got: Szlovénia
 ; [cca2=SI].translations.hun.official
Expected: SzlovÃ©n KÃ¶ztÃ¡rsasÃ¡g
     got: Szlovén Köztársaság
 ; [cca2=SI].translations.jpn.common
Expected: ã‚¹ãƒ­ãƒ™ãƒ‹ã‚¢
     got: スロベニア
 ; [cca2=SI].translations.jpn.official
Expected: ã‚¹ãƒ­ãƒ™ãƒ‹ã‚¢å…±å’Œå›½
     got: スロベニア共和国
 ; [cca2=SI].translations.kor.common
Expected: ìŠ¬ë¡œë² ë‹ˆì•„
     got: 슬로베니아
 ; [cca2=SI].translations.kor.official
Expected: ìŠ¬ë¡œë² ë‹ˆì•„ ê³µí™”êµ­
     got: 슬로베니아 공화국
 ; [cca2=SI].translations.nld.common
Expected: SloveniÃ«
     got: Slovenië
 ; [cca2=SI].translations.nld.official
Expected: Republiek SloveniÃ«
     got: Republiek Slovenië
 ; [cca2=SI].translations.per.common
Expected: Ø§Ø³Ù„ÙˆÙˆÙ†ÛŒ
     got: اسلوونی
 ; [cca2=SI].translations.per.official
Expected: Ø¬Ù…Ù‡ÙˆØ±ÛŒ Ø§Ø³Ù„ÙˆÙˆÙ†ÛŒ
     got: جمهوری اسلوونی
 ; [cca2=SI].translations.pol.common
Expected: SÅ‚owenia
     got: Słowenia
 ; [cca2=SI].translations.pol.official
Expected: Republika SÅ‚owenii
     got: Republika Słowenii
 ; [cca2=SI].translations.por.common
Expected: EslovÃ©nia
     got: Eslovénia
 ; [cca2=SI].translations.por.official
Expected: RepÃºblica da EslovÃ©nia
     got: República da Eslovénia
 ; [cca2=SI].translations.rus.common
Expected: Ð¡Ð»Ð¾Ð²ÐµÐ½Ð¸Ñ�
     got: Словения
 ; [cca2=SI].translations.rus.official
Expected: Ð ÐµÑ�Ð¿ÑƒÐ±Ð»Ð¸ÐºÐ° Ð¡Ð»Ð¾Ð²ÐµÐ½Ð¸Ñ�
     got: Республика Словения
 ; [cca2=SI].translations.slk.official
Expected: SlovinskÃ¡ republika
     got: Slovinská republika
 ; [cca2=SI].translations.spa.official
Expected: RepÃºblica de Eslovenia
     got: República de Eslovenia
 ; [cca2=SI].translations.srp.common
Expected: Ð¡Ð»Ð¾Ð²ÐµÐ½Ð¸Ñ˜Ð°
     got: Словенија
 ; [cca2=SI].translations.srp.official
Expected: Ð ÐµÐ¿ÑƒÐ±Ð»Ð¸ÐºÐ° Ð¡Ð»Ð¾Ð²ÐµÐ½Ð¸Ñ˜Ð°
     got: Република Словенија
 ; [cca2=SI].translations.urd.common
Expected: Ø³Ù„ÙˆÙˆÛŒÙ†ÛŒØ§
     got: سلووینیا
 ; [cca2=SI].translations.urd.official
Expected: Ø¬Ù…Û�ÙˆØ±ÛŒÛ� Ø³Ù„ÙˆÙˆÛŒÙ†ÛŒØ§
     got: جمہوریہ سلووینیا
 ; [cca2=SI].translations.zho.common
Expected: æ–¯æ´›æ–‡å°¼äºš
     got: 斯洛文尼亚
 ; [cca2=SI].translations.zho.official
Expected: æ–¯æ´›æ–‡å°¼äºšå…±å’Œå›½
     got: 斯洛文尼亚共和国
 ; [cca2=SJ].flag
Expected: ðŸ‡¸ðŸ‡¯
     got: 🇸🇯
 ; [cca2=SJ].translations.ara.common
Expected: Ø³Ù�Ø§Ù„Ø¨Ø§Ø±Ø¯ ÙˆÙŠØ§Ù† Ù…Ø§ÙŠÙ†
     got: سفالبارد ويان ماين
 ; [cca2=SJ].translations.ara.official
Expected: Ø³Ù�Ø§Ù„Ø¨Ø§Ø±Ø¯ ÙˆÙŠØ§Ù† Ù…Ø§ÙŠÙ†
     got: سفالبارد ويان ماين
 ; [cca2=SJ].translations.ces.common
Expected: Å picberky a Jan Mayen
     got: Špicberky a Jan Mayen
 ; [cca2=SJ].translations.ces.official
Expected: Å picberky a Jan Mayen
     got: Špicberky a Jan Mayen
 ; [cca2=SJ].translations.hun.common
Expected: Svalbard Ã©s Jan Mayen
     got: Svalbard és Jan Mayen
 ; [cca2=SJ].translations.hun.official
Expected: Svalbard Ã©s Jan Mayen
     got: Svalbard és Jan Mayen
 ; [cca2=SJ].translations.jpn.common
Expected: ã‚¹ãƒ´ã‚¡ãƒ¼ãƒ«ãƒ�ãƒ«è«¸å³¶ã�Šã‚ˆã�³ãƒ¤ãƒ³ãƒžã‚¤ã‚¨ãƒ³å³¶
     got: スヴァールバル諸島およびヤンマイエン島
 ; [cca2=SJ].translations.jpn.official
Expected: ã‚¹ãƒ�ãƒ¼ãƒ«ãƒ�ãƒ«è«¸å³¶OGãƒ¤ãƒ³ãƒžã‚¤ã‚¨ãƒ³
     got: スバールバル諸島OGヤンマイエン
 ; [cca2=SJ].translations.kor.common
Expected: ìŠ¤ë°œë°”ë¥´ ì–€ë§ˆì˜Œ ì œë�„
     got: 스발바르 얀마옌 제도
 ; [cca2=SJ].translations.kor.official
Expected: ìŠ¤ë°œë°”ë¥´ ì–€ë§ˆì˜Œ ì œë�„
     got: 스발바르 얀마옌 제도
 ; [cca2=SJ].translations.per.common
Expected: Ø³ÙˆØ§Ù„Ø¨Ø§Ø±Ø¯ Ùˆ ÛŒØ§Ù† Ù…Ø§ÛŒÙ†
     got: سوالبارد و یان ماین
 ; [cca2=SJ].translations.per.official
Expected: Ø³ÙˆØ§Ù„Ø¨Ø§Ø±Ø¯ Ùˆ ÛŒØ§Ù† Ù…Ø§ÛŒÙ†
     got: سوالبارد و یان ماین
 ; [cca2=SJ].translations.rus.common
Expected: Ð¨Ð¿Ð¸Ñ†Ð±ÐµÑ€Ð³ÐµÐ½ Ð¸ Ð¯Ð½-ÐœÐ°Ð¹ÐµÐ½
     got: Шпицберген и Ян-Майен
 ; [cca2=SJ].translations.rus.official
Expected: Ð¡Ð²Ð°Ð»ÑŒÐ±Ð°Ñ€Ð´Ð° Ð¾Ð³ Ð¯Ð½-ÐœÐ°Ð¹ÐµÐ½
     got: Свальбарда ог Ян-Майен
 ; [cca2=SJ].translations.srp.common
Expected: Ð¡Ð²Ð°Ð»Ð±Ð°Ñ€Ð´ Ð¸ ÐˆÐ°Ð½ ÐœÐ°Ñ˜ÐµÐ½
     got: Свалбард и Јан Мајен
 ; [cca2=SJ].translations.srp.official
Expected: Ð¡Ð²Ð°Ð»Ð±Ð°Ñ€Ð´ Ð¸ ÐˆÐ°Ð½ ÐœÐ°Ñ˜ÐµÐ½
     got: Свалбард и Јан Мајен
 ; [cca2=SJ].translations.urd.common
Expected: Ø³ÙˆØ§Ù„Ø¨Ø§Ø±Úˆ Ø§ÙˆØ± Ø¬Ø§Ù† Ù…ÛŒØ¦Ù†
     got: سوالبارڈ اور جان میئن
 ; [cca2=SJ].translations.urd.official
Expected: Ø³ÙˆØ§Ù„Ø¨Ø§Ø±Úˆ Ø§ÙˆØ± Ø¬Ø§Ù† Ù…ÛŒØ¦Ù†
     got: سوالبارڈ اور جان میئن
 ; [cca2=SJ].translations.zho.common
Expected: æ–¯ç“¦å°”å·´ç‰¹
     got: 斯瓦尔巴特
 ; [cca2=SJ].translations.zho.official
Expected: æ–¯ç“¦å°”å·´ç‰¹
     got: 斯瓦尔巴特
 ; [cca2=BY].altSpellings[]
Expected: BielaruÅ›
     but none found
 ; [cca2=BY].altSpellings[]
Expected: Ð‘ÐµÐ»Ð¾Ñ€ÑƒÑ�Ñ�Ð¸Ñ�
     but none found
 ; [cca2=BY].altSpellings[]
Expected: Ð ÐµÑ�Ð¿ÑƒÐ±Ð»Ð¸ÐºÐ° Ð‘ÐµÐ»Ð¾Ñ€ÑƒÑ�Ñ�Ð¸Ñ�
     but none found
 ; [cca2=BY].altSpellings[]
Unexpected: Bielaruś
 ; [cca2=BY].altSpellings[]
Unexpected: Республика Белоруссия
 ; [cca2=BY].altSpellings[]
Unexpected: Белоруссия
 ; [cca2=BY].demonyms.fra.f
Expected: BiÃ©lorusse
     got: Biélorusse
 ; [cca2=BY].demonyms.fra.m
Expected: BiÃ©lorusse
     got: Biélorusse
 ; [cca2=BY].flag
Expected: ðŸ‡§ðŸ‡¾
     got: 🇧🇾
 ; [cca2=BY].name.nativeName.bel.common
Expected: Ð‘ÐµÐ»Ð°Ñ€ÑƒÌ�Ñ�ÑŒ
     got: Белару́сь
 ; [cca2=BY].name.nativeName.bel.official
Expected: Ð Ñ�Ñ�Ð¿ÑƒÐ±Ð»Ñ–ÐºÐ° Ð‘ÐµÐ»Ð°Ñ€ÑƒÑ�ÑŒ
     got: Рэспубліка Беларусь
 ; [cca2=BY].name.nativeName.rus.common
Expected: Ð‘ÐµÐ»Ð°Ñ€ÑƒÑ�ÑŒ
     got: Беларусь
 ; [cca2=BY].name.nativeName.rus.official
Expected: Ð ÐµÑ�Ð¿ÑƒÐ±Ð»Ð¸ÐºÐ° Ð‘ÐµÐ»Ð°Ñ€ÑƒÑ�ÑŒ
     got: Республика Беларусь
 ; [cca2=BY].translations.ara.common
Expected: Ø¨ÙŠÙ„Ø§Ø±ÙˆØ³ÙŠØ§
     got: بيلاروسيا
 ; [cca2=BY].translations.ara.official
Expected: Ø¬Ù…Ù‡ÙˆØ±ÙŠØ© Ø¨ÙŠÙ„Ø§Ø±ÙˆØ³ÙŠØ§
     got: جمهورية بيلاروسيا
 ; [cca2=BY].translations.ces.common
Expected: BÄ›lorusko
     got: Bělorusko
 ; [cca2=BY].translations.ces.official
Expected: BÄ›loruskÃ¡ republika
     got: Běloruská republika
 ; [cca2=BY].translations.deu.common
Expected: WeiÃŸrussland
     got: Weißrussland
 ; [cca2=BY].translations.fin.common
Expected: Valko-VenÃ¤jÃ¤
     got: Valko-Venäjä
 ; [cca2=BY].translations.fin.official
Expected: Valko-VenÃ¤jÃ¤n tasavalta
     got: Valko-Venäjän tasavalta
 ; [cca2=BY].translations.fra.common
Expected: BiÃ©lorussie
     got: Biélorussie
 ; [cca2=BY].translations.fra.official
Expected: RÃ©publique de BiÃ©lorussie
     got: République de Biélorussie
 ; [cca2=BY].translations.hun.common
Expected: FehÃ©roroszorszÃ¡g
     got: Fehéroroszország
 ; [cca2=BY].translations.hun.official
Expected: FehÃ©rorosz KÃ¶ztÃ¡rsasÃ¡g
     got: Fehérorosz Köztársaság
 ; [cca2=BY].translations.jpn.common
Expected: ãƒ™ãƒ©ãƒ«ãƒ¼ã‚·
     got: ベラルーシ
 ; [cca2=BY].translations.jpn.official
Expected: ãƒ™ãƒ©ãƒ«ãƒ¼ã‚·å…±å’Œå›½
     got: ベラルーシ共和国
 ; [cca2=BY].translations.kor.common
Expected: ë²¨ë�¼ë£¨ìŠ¤
     got: 벨라루스
 ; [cca2=BY].translations.kor.official
Expected: ë²¨ë�¼ë£¨ìŠ¤ ê³µí™”êµ­
     got: 벨라루스 공화국
 ; [cca2=BY].translations.per.common
Expected: Ø¨Ù„Ø§Ø±ÙˆØ³
     got: بلاروس
 ; [cca2=BY].translations.per.official
Expected: Ø¬Ù…Ù‡ÙˆØ±ÛŒ Ø¨Ù„Ø§Ø±ÙˆØ³
     got: جمهوری بلاروس
 ; [cca2=BY].translations.pol.common
Expected: BiaÅ‚oruÅ›
     got: Białoruś
 ; [cca2=BY].translations.pol.official
Expected: Republika BiaÅ‚orusi
     got: Republika Białorusi
 ; [cca2=BY].translations.por.common
Expected: BielorÃºssia
     got: Bielorússia
 ; [cca2=BY].translations.por.official
Expected: RepÃºblica da BielorrÃºssia
     got: República da Bielorrússia
 ; [cca2=BY].translations.rus.common
Expected: Ð‘ÐµÐ»Ð°Ñ€ÑƒÑ�ÑŒ
     got: Беларусь
 ; [cca2=BY].translations.rus.official
Expected: Ð ÐµÑ�Ð¿ÑƒÐ±Ð»Ð¸ÐºÐ° Ð‘ÐµÐ»Ð°Ñ€ÑƒÑ�ÑŒ
     got: Республика Беларусь
 ; [cca2=BY].translations.slk.official
Expected: BieloruskÃ¡ republika
     got: Bieloruská republika
 ; [cca2=BY].translations.spa.official
Expected: RepÃºblica de BelarÃºs
     got: República de Belarús
 ; [cca2=BY].translations.srp.common
Expected: Ð‘ÐµÐ»Ð¾Ñ€ÑƒÑ�Ð¸Ñ˜Ð°
     got: Белорусија
 ; [cca2=BY].translations.srp.official
Expected: Ð ÐµÐ¿ÑƒÐ±Ð»Ð¸ÐºÐ° Ð‘ÐµÐ»Ð¾Ñ€ÑƒÑ�Ð¸Ñ˜Ð°
     got: Република Белорусија
 ; [cca2=BY].translations.urd.common
Expected: Ø¨ÛŒÙ„Ø§Ø±ÙˆØ³
     got: بیلاروس
 ; [cca2=BY].translations.urd.official
Expected: Ø¬Ù…Û�ÙˆØ±ÛŒÛ� Ø¨ÛŒÙ„Ø§Ø±ÙˆØ³
     got: جمہوریہ بیلاروس
 ; [cca2=BY].translations.zho.common
Expected: ç™½ä¿„ç½—æ–¯
     got: 白俄罗斯
 ; [cca2=BY].translations.zho.official
Expected: ç™½ä¿„ç½—æ–¯å…±å’Œå›½
     got: 白俄罗斯共和国
 ; [cca2=BZ].demonyms.fra.f
Expected: BÃ©lizienne
     got: Bélizienne
 ; [cca2=BZ].demonyms.fra.m
Expected: BÃ©lizien
     got: Bélizien
 ; [cca2=BZ].flag
Expected: ðŸ‡§ðŸ‡¿
     got: 🇧🇿
 ; [cca2=BZ].translations.ara.common
Expected: Ø¨Ù„ÙŠØ²
     got: بليز
 ; [cca2=BZ].translations.ara.official
Expected: Ø¨Ù„ÙŠØ²
     got: بليز
 ; [cca2=BZ].translations.cym.common
Expected: BelÃ®s
     got: Belîs
 ; [cca2=BZ].translations.cym.official
Expected: BelÃ®s
     got: Belîs
 ; [cca2=BZ].translations.jpn.common
Expected: ãƒ™ãƒªãƒ¼ã‚º
     got: ベリーズ
 ; [cca2=BZ].translations.jpn.official
Expected: ãƒ™ãƒªãƒ¼ã‚º
     got: ベリーズ
 ; [cca2=BZ].translations.kor.common
Expected: ë²¨ë¦¬ì¦ˆ
     got: 벨리즈
 ; [cca2=BZ].translations.kor.official
Expected: ë²¨ë¦¬ì¦ˆ
     got: 벨리즈
 ; [cca2=BZ].translations.per.common
Expected: Ø¨Ù„ÛŒØ²
     got: بلیز
 ; [cca2=BZ].translations.per.official
Expected: Ø¨Ù„ÛŒØ²
     got: بلیز
 ; [cca2=BZ].translations.rus.common
Expected: Ð‘ÐµÐ»Ð¸Ð·
     got: Белиз
 ; [cca2=BZ].translations.rus.official
Expected: Ð‘ÐµÐ»Ð¸Ð·
     got: Белиз
 ; [cca2=BZ].translations.srp.common
Expected: Ð‘ÐµÐ»Ð¸Ð·Ðµ
     got: Белизе
 ; [cca2=BZ].translations.srp.official
Expected: Ð‘ÐµÐ»Ð¸Ð·Ðµ
     got: Белизе
 ; [cca2=BZ].translations.urd.common
Expected: Ø¨ÛŒÙ„ÛŒØ²
     got: بیلیز
 ; [cca2=BZ].translations.urd.official
Expected: Ø¨ÛŒÙ„ÛŒØ²
     got: بیلیز
 ; [cca2=BZ].translations.zho.common
Expected: ä¼¯åˆ©å…¹
     got: 伯利兹
 ; [cca2=BZ].translations.zho.official
Expected: ä¼¯åˆ©å…¹
     got: 伯利兹
 ; [cca2=SK].altSpellings[]
Expected: SlovenskÃ¡ republika
     but none found
 ; [cca2=SK].altSpellings[]
Unexpected: Slovenská republika
 ; [cca2=SK].currencies.EUR.symbol
Expected: â‚¬
     got: €
 ; [cca2=SK].flag
Expected: ðŸ‡¸ðŸ‡°
     got: 🇸🇰
 ; [cca2=SK].name.nativeName.slk.official
Expected: SlovenskÃ¡ republika
     got: Slovenská republika
 ; [cca2=SK].translations.ara.common
Expected: Ø³Ù„ÙˆÙ�Ø§ÙƒÙŠØ§
     got: سلوفاكيا
 ; [cca2=SK].translations.ara.official
Expected: Ø¬Ù…Ù‡ÙˆØ±ÙŠØ© Ø³Ù„ÙˆÙ�Ø§ÙƒÙŠØ§
     got: جمهورية سلوفاكيا
 ; [cca2=SK].translations.ces.official
Expected: SlovenskÃ¡ republika
     got: Slovenská republika
 ; [cca2=SK].translations.fra.official
Expected: RÃ©publique slovaque
     got: République slovaque
 ; [cca2=SK].translations.hrv.common
Expected: SlovaÄ�ka
     got: Slovačka
 ; [cca2=SK].translations.hrv.official
Expected: slovaÄ�ka
     got: slovačka
 ; [cca2=SK].translations.hun.common
Expected: SzlovÃ¡kia
     got: Szlovákia
 ; [cca2=SK].translations.hun.official
Expected: SzlovÃ¡k KÃ¶ztÃ¡rsasÃ¡g
     got: Szlovák Köztársaság
 ; [cca2=SK].translations.jpn.common
Expected: ã‚¹ãƒ­ãƒ�ã‚­ã‚¢
     got: スロバキア
 ; [cca2=SK].translations.jpn.official
Expected: ã‚¹ãƒ­ãƒ�ã‚­ã‚¢å…±å’Œå›½
     got: スロバキア共和国
 ; [cca2=SK].translations.kor.common
Expected: ìŠ¬ë¡œë°”í‚¤ì•„
     got: 슬로바키아
 ; [cca2=SK].translations.kor.official
Expected: ìŠ¬ë¡œë°”í‚¤ì•„ ê³µí™”êµ­
     got: 슬로바키아 공화국
 ; [cca2=SK].translations.per.common
Expected: Ø§Ù�Ø³Ù„Ù�ÙˆØ§Ú©ÛŒ
     got: اِسلُواکی
 ; [cca2=SK].translations.per.official
Expected: Ø¬Ù…Ù‡ÙˆØ±ÛŒ Ø§Ø³Ù„ÙˆØ§Ú©ÛŒ
     got: جمهوری اسلواکی
 ; [cca2=SK].translations.pol.common
Expected: SÅ‚owacja
     got: Słowacja
 ; [cca2=SK].translations.pol.official
Expected: Republika SÅ‚owacka
     got: Republika Słowacka
 ; [cca2=SK].translations.por.common
Expected: EslovÃ¡quia
     got: Eslováquia
 ; [cca2=SK].translations.por.official
Expected: RepÃºblica Eslovaca
     got: República Eslovaca
 ; [cca2=SK].translations.rus.common
Expected: Ð¡Ð»Ð¾Ð²Ð°ÐºÐ¸Ñ�
     got: Словакия
 ; [cca2=SK].translations.rus.official
Expected: Ð¡Ð»Ð¾Ð²Ð°Ñ†ÐºÐ°Ñ� Ð ÐµÑ�Ð¿ÑƒÐ±Ð»Ð¸ÐºÐ°
     got: Словацкая Республика
 ; [cca2=SK].translations.slk.official
Expected: SlovenskÃ¡ republika
     got: Slovenská republika
 ; [cca2=SK].translations.spa.common
Expected: RepÃºblica Eslovaca
     got: República Eslovaca
 ; [cca2=SK].translations.spa.official
Expected: RepÃºblica Eslovaca
     got: República Eslovaca
 ; [cca2=SK].translations.srp.common
Expected: Ð¡Ð»Ð¾Ð²Ð°Ñ‡ÐºÐ°
     got: Словачка
 ; [cca2=SK].translations.srp.official
Expected: Ð¡Ð»Ð¾Ð²Ð°Ñ‡ÐºÐ° Ð ÐµÐ¿ÑƒÐ±Ð»Ð¸ÐºÐ°
     got: Словачка Република
 ; [cca2=SK].translations.urd.common
Expected: Ø³Ù„ÙˆÙˆØ§Ú©ÛŒÛ�
     got: سلوواکیہ
 ; [cca2=SK].translations.urd.official
Expected: Ø¬Ù…Û�ÙˆØ±ÛŒÛ� Ø³Ù„ÙˆÙˆØ§Ú©ÛŒÛ�
     got: جمہوریہ سلوواکیہ
 ; [cca2=SK].translations.zho.common
Expected: æ–¯æ´›ä¼�å…‹
     got: 斯洛伐克
 ; [cca2=SK].translations.zho.official
Expected: æ–¯æ´›ä¼�å…‹å…±å’Œå›½
     got: 斯洛伐克共和国
 ; [cca2=SL].flag
Expected: ðŸ‡¸ðŸ‡±
     got: 🇸🇱
 ; [cca2=SL].translations.ara.common
Expected: Ø³ÙŠØ±Ø§Ù„ÙŠÙˆÙ†
     got: سيراليون
 ; [cca2=SL].translations.ara.official
Expected: Ø¬Ù…Ù‡ÙˆØ±ÙŠØ© Ø³ÙŠØ±Ø§Ù„ÙŠÙˆÙ†
     got: جمهورية سيراليون
 ; [cca2=SL].translations.fra.official
Expected: RÃ©publique de Sierra Leone
     got: République de Sierra Leone
 ; [cca2=SL].translations.hun.official
Expected: Sierra Leone KÃ¶ztÃ¡rsasÃ¡g
     got: Sierra Leone Köztársaság
 ; [cca2=SL].translations.jpn.common
Expected: ã‚·ã‚¨ãƒ©ãƒ¬ã‚ªãƒ�
     got: シエラレオネ
 ; [cca2=SL].translations.jpn.official
Expected: ã‚·ã‚¨ãƒ©ãƒ¬ã‚ªãƒ�å…±å’Œå›½
     got: シエラレオネ共和国
 ; [cca2=SL].translations.kor.common
Expected: ì‹œì—�ë�¼ë¦¬ì˜¨
     got: 시에라리온
 ; [cca2=SL].translations.kor.official
Expected: ì‹œì—�ë�¼ë¦¬ì˜¨ ê³µí™”êµ­
     got: 시에라리온 공화국
 ; [cca2=SL].translations.per.common
Expected: Ø³ÛŒØ±Ø§Ù„Ø¦ÙˆÙ†
     got: سیرالئون
 ; [cca2=SL].translations.per.official
Expected: Ø¬Ù…Ù‡ÙˆØ±ÛŒ Ø³ÛŒØ±Ø§Ù„Ø¦ÙˆÙ†
     got: جمهوری سیرالئون
 ; [cca2=SL].translations.por.official
Expected: RepÃºblica da Serra Leoa
     got: República da Serra Leoa
 ; [cca2=SL].translations.rus.common
Expected: Ð¡ÑŒÐµÑ€Ñ€Ð°-Ð›ÐµÐ¾Ð½Ðµ
     got: Сьерра-Леоне
 ; [cca2=SL].translations.rus.official
Expected: Ð ÐµÑ�Ð¿ÑƒÐ±Ð»Ð¸ÐºÐ° Ð¡ÑŒÐµÑ€Ñ€Ð°-Ð›ÐµÐ¾Ð½Ðµ
     got: Республика Сьерра-Леоне
 ; [cca2=SL].translations.slk.official
Expected: SierraleonskÃ¡ republika
     got: Sierraleonská republika
 ; [cca2=SL].translations.spa.official
Expected: RepÃºblica de Sierra Leona
     got: República de Sierra Leona
 ; [cca2=SL].translations.srp.common
Expected: Ð¡Ð¸Ñ˜ÐµÑ€Ð° Ð›ÐµÐ¾Ð½Ðµ
     got: Сијера Леоне
 ; [cca2=SL].translations.srp.official
Expected: Ð ÐµÐ¿ÑƒÐ±Ð»Ð¸ÐºÐ° Ð¡Ð¸Ñ˜ÐµÑ€Ð° Ð›ÐµÐ¾Ð½Ðµ
     got: Република Сијера Леоне
 ; [cca2=SL].translations.urd.common
Expected: Ø³ÛŒØ±Ø§Ù„ÛŒÙˆÙ†
     got: سیرالیون
 ; [cca2=SL].translations.urd.official
Expected: Ø¬Ù…Û�ÙˆØ±ÛŒÛ� Ø³ÛŒØ±Ø§Ù„ÛŒÙˆÙ†
     got: جمہوریہ سیرالیون
 ; [cca2=SL].translations.zho.common
Expected: å¡žæ‹‰åˆ©æ˜‚
     got: 塞拉利昂
 ; [cca2=SL].translations.zho.official
Expected: å¡žæ‹‰åˆ©æ˜‚å…±å’Œå›½
     got: 塞拉利昂共和国
 ; [cca2=SM].currencies.EUR.symbol
Expected: â‚¬
     got: €
 ; [cca2=SM].flag
Expected: ðŸ‡¸ðŸ‡²
     got: 🇸🇲
 ; [cca2=SM].translations.ara.common
Expected: Ø³Ø§Ù† Ù…Ø§Ø±ÙŠÙ†Ùˆ
     got: سان مارينو
 ; [cca2=SM].translations.ara.official
Expected: Ø¬Ù…Ù‡ÙˆØ±ÙŠØ© Ø³Ø§Ù† Ù…Ø§Ø±ÙŠÙ†Ùˆ
     got: جمهورية سان مارينو
 ; [cca2=SM].translations.fra.official
Expected: RÃ©publique de Saint-Marin
     got: République de Saint-Marin
 ; [cca2=SM].translations.hrv.official
Expected: VeÄ‡ina Serene Republika San Marino
     got: Većina Serene Republika San Marino
 ; [cca2=SM].translations.hun.official
Expected: San Marino KÃ¶ztÃ¡rsasÃ¡g
     got: San Marino Köztársaság
 ; [cca2=SM].translations.jpn.common
Expected: ã‚µãƒ³ãƒžãƒªãƒŽ
     got: サンマリノ
 ; [cca2=SM].translations.jpn.official
Expected: ã‚µãƒ³ãƒžãƒªãƒŽã�®ã�»ã�¨ã‚“ã�©ã‚»ãƒªãƒ¼ãƒŒå…±å’Œå›½
     got: サンマリノのほとんどセリーヌ共和国
 ; [cca2=SM].translations.kor.common
Expected: ì‚°ë§ˆë¦¬ë…¸
     got: 산마리노
 ; [cca2=SM].translations.kor.official
Expected: ì‚°ë§ˆë¦¬ë…¸ ê³µí™”êµ­
     got: 산마리노 공화국
 ; [cca2=SM].translations.per.common
Expected: Ø³Ø§Ù† Ù…Ø§Ø±ÛŒÙ†Ùˆ
     got: سان مارینو
 ; [cca2=SM].translations.per.official
Expected: Ø¬Ù…Ù‡ÙˆØ±ÛŒ Ø³Ø§Ù† Ù…Ø§Ø±ÛŒÙ†Ùˆ
     got: جمهوری سان مارینو
 ; [cca2=SM].translations.por.official
Expected: SerenÃ­ssima RepÃºblica de San Marino
     got: Sereníssima República de San Marino
 ; [cca2=SM].translations.rus.common
Expected: Ð¡Ð°Ð½-ÐœÐ°Ñ€Ð¸Ð½Ð¾
     got: Сан-Марино
 ; [cca2=SM].translations.rus.official
Expected: Ð‘Ð¾Ð»ÑŒÑˆÐ¸Ð½Ñ�Ñ‚Ð²Ð¾ Serene Ð ÐµÑ�Ð¿ÑƒÐ±Ð»Ð¸ÐºÐ° Ð¡Ð°Ð½-ÐœÐ°Ñ€Ð¸Ð½Ð¾
     got: Большинство Serene Республика Сан-Марино
 ; [cca2=SM].translations.slk.common
Expected: San MarÃ­no
     got: San Maríno
 ; [cca2=SM].translations.slk.official
Expected: SanmarÃ­nska republika
     got: Sanmarínska republika
 ; [cca2=SM].translations.spa.official
Expected: SerenÃ­sima RepÃºblica de San Marino
     got: Serenísima República de San Marino
 ; [cca2=SM].translations.srp.common
Expected: Ð¡Ð°Ð½ ÐœÐ°Ñ€Ð¸Ð½Ð¾
     got: Сан Марино
 ; [cca2=SM].translations.srp.official
Expected: Ð�Ð°Ñ˜ÑƒÐ·Ð²Ð¸ÑˆÐµÐ½Ð¸Ñ˜Ð° Ð ÐµÐ¿ÑƒÐ±Ð»Ð¸ÐºÐ° Ð¡Ð°Ð½ ÐœÐ°Ñ€Ð¸Ð½Ð¾
     got: Најузвишенија Република Сан Марино
 ; [cca2=SM].translations.urd.common
Expected: Ø³Ø§Ù† Ù…Ø§Ø±ÛŒÙ†Ùˆ
     got: سان مارینو
 ; [cca2=SM].translations.urd.official
Expected: Ø¬Ù…Û�ÙˆØ±ÛŒÛ� Ø³Ø§Ù† Ù…Ø§Ø±ÛŒÙ†Ùˆ
     got: جمہوریہ سان مارینو
 ; [cca2=SM].translations.zho.common
Expected: åœ£é©¬åŠ›è¯º
     got: 圣马力诺
 ; [cca2=SM].translations.zho.official
Expected: åœ£é©¬åŠ›è¯ºå…±å’Œå›½
     got: 圣马力诺共和国
 ; [cca2=SN].altSpellings[]
Expected: RÃ©publique du SÃ©nÃ©gal
     but none found
 ; [cca2=SN].altSpellings[]
Unexpected: République du Sénégal
 ; [cca2=SN].demonyms.fra.f
Expected: SÃ©nÃ©galaise
     got: Sénégalaise
 ; [cca2=SN].demonyms.fra.m
Expected: SÃ©nÃ©galais
     got: Sénégalais
 ; [cca2=SN].flag
Expected: ðŸ‡¸ðŸ‡³
     got: 🇸🇳
 ; [cca2=SN].name.nativeName.fra.common
Expected: SÃ©nÃ©gal
     got: Sénégal
 ; [cca2=SN].name.nativeName.fra.official
Expected: RÃ©publique du SÃ©nÃ©gal
     got: République du Sénégal
 ; [cca2=SN].translations.ara.common
Expected: Ø§Ù„Ø³Ù†ØºØ§Ù„
     got: السنغال
 ; [cca2=SN].translations.ara.official
Expected: Ø¬Ù…Ù‡ÙˆØ±ÙŠØ© Ø§Ù„Ø³Ù†ØºØ§Ù„
     got: جمهورية السنغال
 ; [cca2=SN].translations.ces.official
Expected: SenegalskÃ¡ republika
     got: Senegalská republika
 ; [cca2=SN].translations.fra.common
Expected: SÃ©nÃ©gal
     got: Sénégal
 ; [cca2=SN].translations.fra.official
Expected: RÃ©publique du SÃ©nÃ©gal
     got: République du Sénégal
 ; [cca2=SN].translations.hun.common
Expected: SzenegÃ¡l
     got: Szenegál
 ; [cca2=SN].translations.hun.official
Expected: SzenegÃ¡li KÃ¶ztÃ¡rsasÃ¡g
     got: Szenegáli Köztársaság
 ; [cca2=SN].translations.jpn.common
Expected: ã‚»ãƒ�ã‚¬ãƒ«
     got: セネガル
 ; [cca2=SN].translations.jpn.official
Expected: ã‚»ãƒ�ã‚¬ãƒ«å…±å’Œå›½
     got: セネガル共和国
 ; [cca2=SN].translations.kor.common
Expected: ì„¸ë„¤ê°ˆ
     got: 세네갈
 ; [cca2=SN].translations.kor.official
Expected: ì„¸ë„¤ê°ˆ ê³µí™”êµ­
     got: 세네갈 공화국
 ; [cca2=SN].translations.per.common
Expected: Ø³Ù†Ú¯Ø§Ù„
     got: سنگال
 ; [cca2=SN].translations.per.official
Expected: Ø¬Ù…Ù‡ÙˆØ±ÛŒ Ø³Ù†Ú¯Ø§Ù„
     got: جمهوری سنگال
 ; [cca2=SN].translations.por.official
Expected: RepÃºblica do Senegal
     got: República do Senegal
 ; [cca2=SN].translations.rus.common
Expected: Ð¡ÐµÐ½ÐµÐ³Ð°Ð»
     got: Сенегал
 ; [cca2=SN].translations.rus.official
Expected: Ð ÐµÑ�Ð¿ÑƒÐ±Ð»Ð¸ÐºÐ° Ð¡ÐµÐ½ÐµÐ³Ð°Ð»
     got: Республика Сенегал
 ; [cca2=SN].translations.slk.official
Expected: SenegalskÃ¡ republika
     got: Senegalská republika
 ; [cca2=SN].translations.spa.official
Expected: RepÃºblica de Senegal
     got: República de Senegal
 ; [cca2=SN].translations.srp.common
Expected: Ð¡ÐµÐ½ÐµÐ³Ð°Ð»
     got: Сенегал
 ; [cca2=SN].translations.srp.official
Expected: Ð ÐµÐ¿ÑƒÐ±Ð»Ð¸ÐºÐ° Ð¡ÐµÐ½ÐµÐ³Ð°Ð»
     got: Република Сенегал
 ; [cca2=SN].translations.urd.common
Expected: Ø³ÛŒÙ†ÛŒÚ¯Ø§Ù„
     got: سینیگال
 ; [cca2=SN].translations.urd.official
Expected: Ø¬Ù…Û�ÙˆØ±ÛŒÛ� Ø³ÛŒÙ†ÛŒÚ¯Ø§Ù„
     got: جمہوریہ سینیگال
 ; [cca2=SN].translations.zho.common
Expected: å¡žå†…åŠ å°”
     got: 塞内加尔
 ; [cca2=SN].translations.zho.official
Expected: å¡žå†…åŠ å°”å…±å’Œå›½
     got: 塞内加尔共和国
 ; [cca2=SO].altSpellings[]
Expected: aá¹£-á¹¢Å«mÄ�l
     but none found
 ; [cca2=SO].altSpellings[]
Expected: JumhÅ«riyyat aá¹£-á¹¢Å«mÄ�l al-FiderÄ�liyya
     but none found
 ; [cca2=SO].altSpellings[]
Unexpected: aṣ-Ṣūmāl
 ; [cca2=SO].altSpellings[]
Unexpected: Jumhūriyyat aṣ-Ṣūmāl al-Fiderāliyya
 ; [cca2=SO].flag
Expected: ðŸ‡¸ðŸ‡´
     got: 🇸🇴
 ; [cca2=SO].name.nativeName.ara.common
Expected: Ø§Ù„ØµÙˆÙ…Ø§Ù„â€Žâ€Ž
     got: الصومال‎‎
 ; [cca2=SO].name.nativeName.ara.official
Expected: Ø¬Ù…Ù‡ÙˆØ±ÙŠØ© Ø§Ù„ØµÙˆÙ…Ø§Ù„â€Žâ€Ž
     got: جمهورية الصومال‎‎
 ; [cca2=SO].translations.ara.common
Expected: Ø§Ù„ØµÙˆÙ…Ø§Ù„
     got: الصومال
 ; [cca2=SO].translations.ara.official
Expected: Ø¬Ù…Ù‡ÙˆØ±ÙŠØ© Ø§Ù„ØµÙˆÙ…Ø§Ù„ Ø§Ù„Ù�ÙŠØ¯Ø±Ø§Ù„ÙŠØ©
     got: جمهورية الصومال الفيدرالية
 ; [cca2=SO].translations.ces.common
Expected: SomÃ¡lsko
     got: Somálsko
 ; [cca2=SO].translations.ces.official
Expected: SomÃ¡lskÃ¡ demokratickÃ¡ republika
     got: Somálská demokratická republika
 ; [cca2=SO].translations.fra.official
Expected: RÃ©publique fÃ©dÃ©rale de Somalie
     got: République fédérale de Somalie
 ; [cca2=SO].translations.hun.common
Expected: SzomÃ¡lia
     got: Szomália
 ; [cca2=SO].translations.hun.official
Expected: SzomÃ¡li SzÃ¶vetsÃ©gi KÃ¶ztÃ¡rsasÃ¡g
     got: Szomáli Szövetségi Köztársaság
 ; [cca2=SO].translations.jpn.common
Expected: ã‚½ãƒžãƒªã‚¢
     got: ソマリア
 ; [cca2=SO].translations.jpn.official
Expected: ã‚½ãƒžãƒªã‚¢é€£é‚¦å…±å’Œå›½
     got: ソマリア連邦共和国
 ; [cca2=SO].translations.kor.common
Expected: ì†Œë§�ë¦¬ì•„
     got: 소말리아
 ; [cca2=SO].translations.kor.official
Expected:  ì†Œë§�ë¦¬ì•„ ì—°ë°© ê³µí™”êµ­
     got:  소말리아 연방 공화국
 ; [cca2=SO].translations.nld.common
Expected: SomaliÃ«
     got: Somalië
 ; [cca2=SO].translations.nld.official
Expected: Federale Republiek SomaliÃ«
     got: Federale Republiek Somalië
 ; [cca2=SO].translations.per.common
Expected: Ø³ÙˆÙ…Ø§Ù„ÛŒ
     got: سومالی
 ; [cca2=SO].translations.per.official
Expected: Ø¬Ù…Ù‡ÙˆØ±ÛŒ Ù�Ø¯Ø±Ø§Ù„ Ø³ÙˆÙ…Ø§Ù„ÛŒ
     got: جمهوری فدرال سومالی
 ; [cca2=SO].translations.por.common
Expected: SomÃ¡lia
     got: Somália
 ; [cca2=SO].translations.por.official
Expected: RepÃºblica Federal da SomÃ¡lia
     got: República Federal da Somália
 ; [cca2=SO].translations.rus.common
Expected: Ð¡Ð¾Ð¼Ð°Ð»Ð¸
     got: Сомали
 ; [cca2=SO].translations.rus.official
Expected: Ð¤ÐµÐ´ÐµÑ€Ð°Ñ‚Ð¸Ð²Ð½Ð°Ñ� Ð ÐµÑ�Ð¿ÑƒÐ±Ð»Ð¸ÐºÐ° Ð¡Ð¾Ð¼Ð°Ð»Ð¸
     got: Федеративная Республика Сомали
 ; [cca2=SO].translations.slk.common
Expected: SomÃ¡lsko
     got: Somálsko
 ; [cca2=SO].translations.slk.official
Expected: SomÃ¡lska federatÃ­vna republika
     got: Somálska federatívna republika
 ; [cca2=SO].translations.spa.official
Expected: RepÃºblica Federal de Somalia
     got: República Federal de Somalia
 ; [cca2=SO].translations.srp.common
Expected: Ð¡Ð¾Ð¼Ð°Ð»Ð¸Ñ˜Ð°
     got: Сомалија
 ; [cca2=SO].translations.srp.official
Expected: Ð¡Ð°Ð²ÐµÐ·Ð½Ð° Ð ÐµÐ¿ÑƒÐ±Ð»Ð¸ÐºÐ° Ð¡Ð¾Ð¼Ð°Ð»Ð¸Ñ˜Ð°
     got: Савезна Република Сомалија
 ; [cca2=SO].translations.swe.official
Expected: FÃ¶rbundsrepubliken Somalia
     got: Förbundsrepubliken Somalia
 ; [cca2=SO].translations.urd.common
Expected: ØµÙˆÙ…Ø§Ù„ÛŒÛ�
     got: صومالیہ
 ; [cca2=SO].translations.urd.official
Expected: ÙˆÙ�Ø§Ù‚ÛŒ Ø¬Ù…Û�ÙˆØ±ÛŒÛ� ØµÙˆÙ…Ø§Ù„ÛŒÛ�
     got: وفاقی جمہوریہ صومالیہ
 ; [cca2=SO].translations.zho.common
Expected: ç´¢é©¬é‡Œ
     got: 索马里
 ; [cca2=SO].translations.zho.official
Expected: ç´¢é©¬é‡Œå…±å’Œå›½
     got: 索马里共和国
 ; [cca2=CA].flag
Expected: ðŸ‡¨ðŸ‡¦
     got: 🇨🇦
 ; [cca2=CA].translations.ara.common
Expected: ÙƒÙ†Ø¯Ø§
     got: كندا
 ; [cca2=CA].translations.ara.official
Expected: ÙƒÙ†Ø¯Ø§
     got: كندا
 ; [cca2=CA].translations.jpn.common
Expected: ã‚«ãƒŠãƒ€
     got: カナダ
 ; [cca2=CA].translations.jpn.official
Expected: ã‚«ãƒŠãƒ€
     got: カナダ
 ; [cca2=CA].translations.kor.common
Expected: ìº�ë‚˜ë‹¤
     got: 캐나다
 ; [cca2=CA].translations.kor.official
Expected: ìº�ë‚˜ë‹¤
     got: 캐나다
 ; [cca2=CA].translations.per.common
Expected: Ú©Ø§Ù†Ø§Ø¯Ø§
     got: کانادا
 ; [cca2=CA].translations.per.official
Expected: Ú©Ø§Ù†Ø§Ø¯Ø§
     got: کانادا
 ; [cca2=CA].translations.por.common
Expected: CanadÃ¡
     got: Canadá
 ; [cca2=CA].translations.por.official
Expected: CanadÃ¡
     got: Canadá
 ; [cca2=CA].translations.rus.common
Expected: ÐšÐ°Ð½Ð°Ð´Ð°
     got: Канада
 ; [cca2=CA].translations.rus.official
Expected: ÐšÐ°Ð½Ð°Ð´Ð°
     got: Канада
 ; [cca2=CA].translations.spa.common
Expected: CanadÃ¡
     got: Canadá
 ; [cca2=CA].translations.spa.official
Expected: CanadÃ¡
     got: Canadá
 ; [cca2=CA].translations.srp.common
Expected: ÐšÐ°Ð½Ð°Ð´Ð°
     got: Канада
 ; [cca2=CA].translations.srp.official
Expected: ÐšÐ°Ð½Ð°Ð´Ð°
     got: Канада
 ; [cca2=CA].translations.urd.common
Expected: Ú©ÛŒÙ†ÛŒÚˆØ§
     got: کینیڈا
 ; [cca2=CA].translations.urd.official
Expected: Ú©ÛŒÙ†ÛŒÚˆØ§
     got: کینیڈا
 ; [cca2=CA].translations.zho.common
Expected: åŠ æ‹¿å¤§
     got: 加拿大
 ; [cca2=CA].translations.zho.official
Expected: åŠ æ‹¿å¤§
     got: 加拿大
 ; [cca2=SR].flag
Expected: ðŸ‡¸ðŸ‡·
     got: 🇸🇷
 ; [cca2=SR].translations.ara.common
Expected: Ø³ÙˆØ±ÙŠÙ†Ø§Ù…
     got: سورينام
 ; [cca2=SR].translations.ara.official
Expected: Ø¬Ù…Ù‡ÙˆØ±ÙŠØ© Ø³ÙˆØ±ÙŠÙ†Ø§Ù…
     got: جمهورية سورينام
 ; [cca2=SR].translations.fra.official
Expected: RÃ©publique du Suriname
     got: République du Suriname
 ; [cca2=SR].translations.hun.official
Expected: Suriname KÃ¶ztÃ¡rsasÃ¡g
     got: Suriname Köztársaság
 ; [cca2=SR].translations.jpn.common
Expected: ã‚¹ãƒªãƒŠãƒ 
     got: スリナム
 ; [cca2=SR].translations.jpn.official
Expected: ã‚¹ãƒªãƒŠãƒ å…±å’Œå›½
     got: スリナム共和国
 ; [cca2=SR].translations.kor.common
Expected: ìˆ˜ë¦¬ë‚¨
     got: 수리남
 ; [cca2=SR].translations.kor.official
Expected: ìˆ˜ë¦¬ë‚¨ ê³µí™”êµ­
     got: 수리남 공화국
 ; [cca2=SR].translations.per.common
Expected: Ø³ÙˆØ±ÛŒÙ†Ø§Ù…
     got: سورینام
 ; [cca2=SR].translations.per.official
Expected: Ø¬Ù…Ù‡ÙˆØ±ÛŒ Ø³ÙˆØ±ÛŒÙ†Ø§Ù…
     got: جمهوری سورینام
 ; [cca2=SR].translations.por.official
Expected: RepÃºblica do Suriname
     got: República do Suriname
 ; [cca2=SR].translations.rus.common
Expected: Ð¡ÑƒÑ€Ð¸Ð½Ð°Ð¼
     got: Суринам
 ; [cca2=SR].translations.rus.official
Expected: Ð ÐµÑ�Ð¿ÑƒÐ±Ð»Ð¸ÐºÐ° Ð¡ÑƒÑ€Ð¸Ð½Ð°Ð¼
     got: Республика Суринам
 ; [cca2=SR].translations.slk.official
Expected: SurinamskÃ¡ republika
     got: Surinamská republika
 ; [cca2=SR].translations.spa.official
Expected: RepÃºblica de Suriname
     got: República de Suriname
 ; [cca2=SR].translations.srp.common
Expected: Ð¡ÑƒÑ€Ð¸Ð½Ð°Ð¼
     got: Суринам
 ; [cca2=SR].translations.srp.official
Expected: Ð ÐµÐ¿ÑƒÐ±Ð»Ð¸ÐºÐ° Ð¡ÑƒÑ€Ð¸Ð½Ð°Ð¼
     got: Република Суринам
 ; [cca2=SR].translations.urd.common
Expected: Ø³Ø±ÛŒÙ†Ø§Ù…
     got: سرینام
 ; [cca2=SR].translations.urd.official
Expected: Ø¬Ù…Û�ÙˆØ±ÛŒÛ� Ø³Ø±ÛŒÙ†Ø§Ù…
     got: جمہوریہ سرینام
 ; [cca2=SR].translations.zho.common
Expected: è‹�é‡Œå�—
     got: 苏里南
 ; [cca2=SR].translations.zho.official
Expected: è‹�é‡Œå�—å…±å’Œå›½
     got: 苏里南共和国
 ; [cca2=CC].flag
Expected: ðŸ‡¨ðŸ‡¨
     got: 🇨🇨
 ; [cca2=CC].translations.ara.common
Expected: Ø¬Ø²Ø± ÙƒÙˆÙƒÙˆØ³
     got: جزر كوكوس
 ; [cca2=CC].translations.ara.official
Expected: Ø¥Ù‚Ù„ÙŠÙ… Ø¬Ø²Ø± ÙƒÙˆÙƒÙˆØ³
     got: إقليم جزر كوكوس
 ; [cca2=CC].translations.ces.common
Expected: KokosovÃ© ostrovy
     got: Kokosové ostrovy
 ; [cca2=CC].translations.ces.official
Expected: KokosovÃ© ostrovy
     got: Kokosové ostrovy
 ; [cca2=CC].translations.fra.common
Expected: ÃŽles Cocos
     got: Îles Cocos
 ; [cca2=CC].translations.fra.official
Expected: Territoire des Ã®les Cocos (Keeling)
     got: Territoire des îles Cocos (Keeling)
 ; [cca2=CC].translations.hun.common
Expected: KÃ³kusz-szigetek
     got: Kókusz-szigetek
 ; [cca2=CC].translations.hun.official
Expected: KÃ³kusz-szigetek
     got: Kókusz-szigetek
 ; [cca2=CC].translations.jpn.common
Expected: ã‚³ã‚³ã‚¹ï¼ˆã‚­ãƒ¼ãƒªãƒ³ã‚°ï¼‰è«¸å³¶
     got: ココス（キーリング）諸島
 ; [cca2=CC].translations.jpn.official
Expected: ã‚³ã‚³ã‚¹è«¸å³¶ã�®é ˜åœŸ
     got: ココス諸島の領土
 ; [cca2=CC].translations.kor.common
Expected: ì½”ì½”ìŠ¤ ì œë�„
     got: 코코스 제도
 ; [cca2=CC].translations.kor.official
Expected: ì½”ì½”ìŠ¤ ì œë�„
     got: 코코스 제도
 ; [cca2=CC].translations.per.common
Expected: Ø¬Ø²Ø§ÛŒØ± Ú©ÙˆÚ©ÙˆØ³
     got: جزایر کوکوس
 ; [cca2=CC].translations.per.official
Expected: Ø¬Ø²Ø§ÛŒØ± Ú©ÙˆÚ©ÙˆØ³
     got: جزایر کوکوس
 ; [cca2=CC].translations.por.official
Expected: TerritÃ³rio dos Cocos (Keeling)
     got: Território dos Cocos (Keeling)
 ; [cca2=CC].translations.rus.common
Expected: ÐšÐ¾ÐºÐ¾Ñ�Ð¾Ð²Ñ‹Ðµ Ð¾Ñ�Ñ‚Ñ€Ð¾Ð²Ð°
     got: Кокосовые острова
 ; [cca2=CC].translations.rus.official
Expected: Ð¢ÐµÑ€Ñ€Ð¸Ñ‚Ð¾Ñ€Ð¸Ñ� ÐšÐ¾ÐºÐ¾Ñ�Ð¾Ð²Ñ‹Ðµ (ÐšÐ¸Ð»Ð¸Ð½Ð³) Ð¾Ñ�Ñ‚Ñ€Ð¾Ð²Ð°
     got: Территория Кокосовые (Килинг) острова
 ; [cca2=CC].translations.slk.common
Expected: KokosovÃ© ostrovy
     got: Kokosové ostrovy
 ; [cca2=CC].translations.slk.official
Expected: KokosovÃ© ostrovy
     got: Kokosové ostrovy
 ; [cca2=CC].translations.srp.common
Expected: ÐšÐ¾ÐºÐ¾Ñ�Ð¾Ð²Ð° ÐžÑ�Ñ‚Ñ€Ð²Ð°
     got: Кокосова Острва
 ; [cca2=CC].translations.srp.official
Expected: ÐšÐ¾ÐºÐ¾Ñ�Ð¾Ð²Ð° (ÐšÐ¸Ð»Ð¸Ð½Ð³) ÐžÑ�Ñ‚Ñ€Ð²Ð°
     got: Кокосова (Килинг) Острва
 ; [cca2=CC].translations.swe.common
Expected: KokosÃ¶arna
     got: Kokosöarna
 ; [cca2=CC].translations.swe.official
Expected: KokosÃ¶arna
     got: Kokosöarna
 ; [cca2=CC].translations.tur.common
Expected: Cocos (Keeling) AdalarÄ±
     got: Cocos (Keeling) Adaları
 ; [cca2=CC].translations.tur.official
Expected: Cocos (Keeling) AdalarÄ±
     got: Cocos (Keeling) Adaları
 ; [cca2=CC].translations.urd.common
Expected: Ø¬Ø²Ø§Ø¦Ø± Ú©ÙˆÚ©ÙˆØ³
     got: جزائر کوکوس
 ; [cca2=CC].translations.urd.official
Expected: Ø¬Ø²Ø§Ø¦Ø± (Ú©ÛŒÙ„Ù†Ú¯) Ú©ÙˆÚ©ÙˆØ³
     got: جزائر (کیلنگ) کوکوس
 ; [cca2=CC].translations.zho.common
Expected: ç§‘ç§‘æ–¯
     got: 科科斯
 ; [cca2=CC].translations.zho.official
Expected: ç§‘ç§‘æ–¯
     got: 科科斯
 ; [cca2=SS].currencies.SSP.symbol
Expected: Â£
     got: £
 ; [cca2=SS].flag
Expected: ðŸ‡¸ðŸ‡¸
     got: 🇸🇸
 ; [cca2=SS].translations.ara.common
Expected: Ø¬Ù†ÙˆØ¨ Ø§Ù„Ø³ÙˆØ¯Ø§Ù†
     got: جنوب السودان
 ; [cca2=SS].translations.ara.official
Expected: Ø¬Ù…Ù‡ÙˆØ±ÙŠØ© Ø¬Ù†ÙˆØ¨ Ø§Ù„Ø³ÙˆØ¯Ø§Ù†
     got: جمهورية جنوب السودان
 ; [cca2=SS].translations.ces.common
Expected: JiÅ¾nÃ­ SÃºdÃ¡n
     got: Jižní Súdán
 ; [cca2=SS].translations.ces.official
Expected: JihosÃºdÃ¡nskÃ¡ republika
     got: Jihosúdánská republika
 ; [cca2=SS].translations.deu.common
Expected: SÃ¼dsudan
     got: Südsudan
 ; [cca2=SS].translations.deu.official
Expected: Republik SÃ¼dsudan
     got: Republik Südsudan
 ; [cca2=SS].translations.est.common
Expected: LÃµuna-Sudaan
     got: Lõuna-Sudaan
 ; [cca2=SS].translations.est.official
Expected: LÃµuna-Sudaani Vabariik
     got: Lõuna-Sudaani Vabariik
 ; [cca2=SS].translations.fin.common
Expected: EtelÃ¤-Sudan
     got: Etelä-Sudan
 ; [cca2=SS].translations.fin.official
Expected: EtelÃ¤-Sudanin tasavalta
     got: Etelä-Sudanin tasavalta
 ; [cca2=SS].translations.fra.official
Expected: RÃ©publique du Soudan du Sud
     got: République du Soudan du Sud
 ; [cca2=SS].translations.hrv.common
Expected: JuÅ¾ni Sudan
     got: Južni Sudan
 ; [cca2=SS].translations.hrv.official
Expected: Republika JuÅ¾ni Sudan
     got: Republika Južni Sudan
 ; [cca2=SS].translations.hun.common
Expected: DÃ©l-SzudÃ¡n
     got: Dél-Szudán
 ; [cca2=SS].translations.hun.official
Expected: DÃ©l-szudÃ¡ni KÃ¶ztÃ¡rsasÃ¡g
     got: Dél-szudáni Köztársaság
 ; [cca2=SS].translations.jpn.common
Expected: å�—ã‚¹ãƒ¼ãƒ€ãƒ³
     got: 南スーダン
 ; [cca2=SS].translations.jpn.official
Expected: å�—ã‚¹ãƒ¼ãƒ€ãƒ³å…±å’Œå›½
     got: 南スーダン共和国
 ; [cca2=SS].translations.kor.common
Expected: ë‚¨ìˆ˜ë‹¨
     got: 남수단
 ; [cca2=SS].translations.kor.official
Expected: ë‚¨ìˆ˜ë‹¨ ê³µí™”êµ­
     got: 남수단 공화국
 ; [cca2=SS].translations.per.common
Expected: Ø³ÙˆØ¯Ø§Ù† Ø¬Ù†ÙˆØ¨ÛŒ
     got: سودان جنوبی
 ; [cca2=SS].translations.per.official
Expected: Ø¬Ù…Ù‡ÙˆØ±ÛŒ Ø³ÙˆØ¯Ø§Ù† Ø¬Ù†ÙˆØ¨ÛŒ
     got: جمهوری سودان جنوبی
 ; [cca2=SS].translations.por.common
Expected: SudÃ£o do Sul
     got: Sudão do Sul
 ; [cca2=SS].translations.por.official
Expected: RepÃºblica do SudÃ£o do Sul
     got: República do Sudão do Sul
 ; [cca2=SS].translations.rus.common
Expected: Ð®Ð¶Ð½Ñ‹Ð¹ Ð¡ÑƒÐ´Ð°Ð½
     got: Южный Судан
 ; [cca2=SS].translations.rus.official
Expected: Ð ÐµÑ�Ð¿ÑƒÐ±Ð»Ð¸ÐºÐ° Ð®Ð¶Ð½Ñ‹Ð¹ Ð¡ÑƒÐ´Ð°Ð½
     got: Республика Южный Судан
 ; [cca2=SS].translations.slk.common
Expected: JuÅ¾nÃ½ SudÃ¡n
     got: Južný Sudán
 ; [cca2=SS].translations.slk.official
Expected: JuhosudÃ¡nska republika
     got: Juhosudánska republika
 ; [cca2=SS].translations.spa.common
Expected: SudÃ¡n del Sur
     got: Sudán del Sur
 ; [cca2=SS].translations.spa.official
Expected: RepÃºblica de SudÃ¡n del Sur
     got: República de Sudán del Sur
 ; [cca2=SS].translations.srp.common
Expected: ÐˆÑƒÐ¶Ð½Ð¸ Ð¡ÑƒÐ´Ð°Ð½
     got: Јужни Судан
 ; [cca2=SS].translations.srp.official
Expected: Ð ÐµÐ¿ÑƒÐ±Ð»Ð¸ÐºÐ° ÐˆÑƒÐ¶Ð½Ð¸ Ð¡ÑƒÐ´Ð°Ð½
     got: Република Јужни Судан
 ; [cca2=SS].translations.tur.common
Expected: GÃ¼ney Sudan
     got: Güney Sudan
 ; [cca2=SS].translations.tur.official
Expected: GÃ¼ney Sudan Cumhuriyeti
     got: Güney Sudan Cumhuriyeti
 ; [cca2=SS].translations.urd.common
Expected: Ø¬Ù†ÙˆØ¨ÛŒ Ø³ÙˆÚˆØ§Ù†
     got: جنوبی سوڈان
 ; [cca2=SS].translations.urd.official
Expected: Ø¬Ù…Û�ÙˆØ±ÛŒÛ� Ø¬Ù†ÙˆØ¨ÛŒ Ø³ÙˆÚˆØ§Ù†
     got: جمہوریہ جنوبی سوڈان
 ; [cca2=SS].translations.zho.common
Expected: å�—è‹�ä¸¹
     got: 南苏丹
 ; [cca2=SS].translations.zho.official
Expected: å�—è‹�ä¸¹å…±å’Œå›½
     got: 南苏丹共和国
 ; [cca2=ST].altSpellings[]
Expected: RepÃºblica DemocrÃ¡tica de SÃ£o TomÃ© e PrÃ­ncipe
     but none found
 ; [cca2=ST].altSpellings[]
Expected: Democratic Republic of SÃ£o TomÃ© and PrÃ­ncipe
     but none found
 ; [cca2=ST].altSpellings[]
Unexpected: Democratic Republic of São Tomé and Príncipe
 ; [cca2=ST].altSpellings[]
Unexpected: República Democrática de São Tomé e Príncipe
 ; [cca2=ST].capital[]
Expected: SÃ£o TomÃ©
     but none found
 ; [cca2=ST].capital[]
Unexpected: São Tomé
 ; [cca2=ST].currencies.STN.name
Expected: SÃ£o TomÃ© and PrÃ­ncipe dobra
     got: São Tomé and Príncipe dobra
 ; [cca2=ST].demonyms.fra.f
Expected: SantomÃ©enne
     got: Santoméenne
 ; [cca2=ST].demonyms.fra.m
Expected: SantomÃ©en
     got: Santoméen
 ; [cca2=ST].flag
Expected: ðŸ‡¸ðŸ‡¹
     got: 🇸🇹
 ; [cca2=ST].name.common
Expected: SÃ£o TomÃ© and PrÃ­ncipe
     got: São Tomé and Príncipe
 ; [cca2=ST].name.nativeName.por.common
Expected: SÃ£o TomÃ© e PrÃ­ncipe
     got: São Tomé e Príncipe
 ; [cca2=ST].name.nativeName.por.official
Expected: RepÃºblica DemocrÃ¡tica do SÃ£o TomÃ© e PrÃ­ncipe
     got: República Democrática do São Tomé e Príncipe
 ; [cca2=ST].name.official
Expected: Democratic Republic of SÃ£o TomÃ© and PrÃ­ncipe
     got: Democratic Republic of São Tomé and Príncipe
 ; [cca2=ST].translations.ara.common
Expected: Ø³Ø§Ùˆ ØªÙˆÙ…ÙŠ ÙˆØ¨Ø±ÙŠÙ†Ø³ÙŠØ¨
     got: ساو تومي وبرينسيب
 ; [cca2=ST].translations.ara.official
Expected: Ø¬Ù…Ù‡ÙˆØ±ÙŠØ© Ø³Ø§Ùˆ ØªÙˆÙ…ÙŠ ÙˆØ¨Ø±ÙŠÙ†Ø³ÙŠØ¨ Ø§Ù„Ø¯ÙŠÙ…Ù‚Ø±Ø§Ø·ÙŠØ©
     got: جمهورية ساو تومي وبرينسيب الديمقراطية
 ; [cca2=ST].translations.bre.common
Expected: SÃ£o TomÃ© ha PrÃ­ncipe
     got: São Tomé ha Príncipe
 ; [cca2=ST].translations.bre.official
Expected: Republik Demokratel SÃ£o TomÃ© ha PrÃ­ncipe
     got: Republik Demokratel São Tomé ha Príncipe
 ; [cca2=ST].translations.ces.common
Expected: SvatÃ½ TomÃ¡Å¡ a PrincÅ¯v ostrov
     got: Svatý Tomáš a Princův ostrov
 ; [cca2=ST].translations.ces.official
Expected: DemokratickÃ¡ republika SvatÃ½ TomÃ¡Å¡ a PrincÅ¯v ostrov
     got: Demokratická republika Svatý Tomáš a Princův ostrov
 ; [cca2=ST].translations.cym.common
Expected: SÃ£o TomÃ© and PrÃ­ncipe
     got: São Tomé and Príncipe
 ; [cca2=ST].translations.cym.official
Expected: Democratic Republic of SÃ£o TomÃ© and PrÃ­ncipe
     got: Democratic Republic of São Tomé and Príncipe
 ; [cca2=ST].translations.deu.common
Expected: SÃ£o TomÃ© und PrÃ­ncipe
     got: São Tomé und Príncipe
 ; [cca2=ST].translations.deu.official
Expected: Demokratische Republik SÃ£o TomÃ© und PrÃ­ncipe
     got: Demokratische Republik São Tomé und Príncipe
 ; [cca2=ST].translations.est.common
Expected: SÃ£o TomÃ© ja PrÃ­ncipe
     got: São Tomé ja Príncipe
 ; [cca2=ST].translations.est.official
Expected: SÃ£o TomÃ© ja PrÃ­ncipe Demokraatlik Vabariik
     got: São Tomé ja Príncipe Demokraatlik Vabariik
 ; [cca2=ST].translations.fin.common
Expected: SÃ£o TÃ©me ja PrÃ­ncipe
     got: São Téme ja Príncipe
 ; [cca2=ST].translations.fin.official
Expected: SÃ£o TomÃ© ja PrÃ­ncipen demokraattinen tasavalta
     got: São Tomé ja Príncipen demokraattinen tasavalta
 ; [cca2=ST].translations.fra.common
Expected: SÃ£o TomÃ© et PrÃ­ncipe
     got: São Tomé et Príncipe
 ; [cca2=ST].translations.fra.official
Expected: RÃ©publique dÃ©mocratique de SÃ£o TomÃ© et PrÃ­ncipe
     got: République démocratique de São Tomé et Príncipe
 ; [cca2=ST].translations.hrv.official
Expected: Demokratska Republika SÃ£o Tome i Principe
     got: Demokratska Republika São Tome i Principe
 ; [cca2=ST].translations.hun.common
Expected: SÃ£o TomÃ© Ã©s PrÃ­ncipe
     got: São Tomé és Príncipe
 ; [cca2=ST].translations.hun.official
Expected: SÃ£o TomÃ© Ã©s PrÃ­ncipe Demokratikus KÃ¶ztÃ¡rsasÃ¡g
     got: São Tomé és Príncipe Demokratikus Köztársaság
 ; [cca2=ST].translations.ita.common
Expected: SÃ£o TomÃ© e PrÃ­ncipe
     got: São Tomé e Príncipe
 ; [cca2=ST].translations.ita.official
Expected: Repubblica democratica di SÃ£o TomÃ© e PrÃ­ncipe
     got: Repubblica democratica di São Tomé e Príncipe
 ; [cca2=ST].translations.jpn.common
Expected: ã‚µãƒ³ãƒˆãƒ¡ãƒ»ãƒ—ãƒªãƒ³ã‚·ãƒš
     got: サントメ・プリンシペ
 ; [cca2=ST].translations.jpn.official
Expected: ã‚µãƒ³ãƒˆãƒ¡Â·ãƒ—ãƒªãƒ³ã‚·ãƒšæ°‘ä¸»å…±å’Œå›½
     got: サントメ·プリンシペ民主共和国
 ; [cca2=ST].translations.kor.common
Expected: ìƒ�íˆ¬ë©” í”„ë¦°ì‹œíŽ˜
     got: 상투메 프린시페
 ; [cca2=ST].translations.kor.official
Expected: ìƒ�íˆ¬ë©” í”„ë¦°ì‹œíŽ˜ ë¯¼ì£¼ ê³µí™”êµ­
     got: 상투메 프린시페 민주 공화국
 ; [cca2=ST].translations.nld.common
Expected: Sao TomÃ© en Principe
     got: Sao Tomé en Principe
 ; [cca2=ST].translations.nld.official
Expected: Democratische Republiek Sao TomÃ© en Principe
     got: Democratische Republiek Sao Tomé en Principe
 ; [cca2=ST].translations.per.common
Expected: Ø³Ø§Ø¦ÙˆØªÙˆÙ…Ù‡ Ùˆ Ù¾Ø±Ù†Ø³ÛŒÙ¾
     got: سائوتومه و پرنسیپ
 ; [cca2=ST].translations.per.official
Expected: Ø¬Ù…Ù‡ÙˆØ±ÛŒ Ø¯Ù…ÙˆÚ©Ø±Ø§ØªÛŒÚ© Ø³Ø§Ø¦ÙˆØªÙˆÙ…Ù‡ Ùˆ Ù¾Ø±Ù†Ø³ÛŒÙ¾
     got: جمهوری دموکراتیک سائوتومه و پرنسیپ
 ; [cca2=ST].translations.pol.common
Expected: Wyspy ÅšwiÄ™tego Tomasza i KsiÄ…Å¼Ä™ca
     got: Wyspy Świętego Tomasza i Książęca
 ; [cca2=ST].translations.pol.official
Expected: Demokratyczna Republika Wysp ÅšwiÄ™tego Tomasza i KsiÄ…Å¼Ä™cej
     got: Demokratyczna Republika Wysp Świętego Tomasza i Książęcej
 ; [cca2=ST].translations.por.common
Expected: SÃ£o TomÃ© e PrÃ­ncipe
     got: São Tomé e Príncipe
 ; [cca2=ST].translations.por.official
Expected: RepÃºblica DemocrÃ¡tica de SÃ£o TomÃ© e PrÃ­ncipe
     got: República Democrática de São Tomé e Príncipe
 ; [cca2=ST].translations.rus.common
Expected: Ð¡Ð°Ð½-Ð¢Ð¾Ð¼Ðµ Ð¸ ÐŸÑ€Ð¸Ð½Ñ�Ð¸Ð¿Ð¸
     got: Сан-Томе и Принсипи
 ; [cca2=ST].translations.rus.official
Expected: Ð”ÐµÐ¼Ð¾ÐºÑ€Ð°Ñ‚Ð¸Ñ‡ÐµÑ�ÐºÐ°Ñ� Ð ÐµÑ�Ð¿ÑƒÐ±Ð»Ð¸ÐºÐ° Ð¡Ð°Ð½-Ð¢Ð¾Ð¼Ðµ Ð¸ ÐŸÑ€Ð¸Ð½Ñ�Ð¸Ð¿Ð¸
     got: Демократическая Республика Сан-Томе и Принсипи
 ; [cca2=ST].translations.slk.common
Expected: SvÃ¤tÃ½ TomÃ¡Å¡ a Princov ostrov
     got: Svätý Tomáš a Princov ostrov
 ; [cca2=ST].translations.slk.official
Expected: DemokratickÃ¡ republika SvÃ¤tÃ©ho TomÃ¡Å¡a A princovho ostrova
     got: Demokratická republika Svätého Tomáša A princovho ostrova
 ; [cca2=ST].translations.spa.common
Expected: Santo TomÃ© y PrÃ­ncipe
     got: Santo Tomé y Príncipe
 ; [cca2=ST].translations.spa.official
Expected: RepÃºblica DemocrÃ¡tica de Santo TomÃ© y PrÃ­ncipe
     got: República Democrática de Santo Tomé y Príncipe
 ; [cca2=ST].translations.srp.common
Expected: Ð¡Ð°Ð¾ Ð¢Ð¾Ð¼Ðµ Ð¸ ÐŸÑ€Ð¸Ð½Ñ�Ð¸Ð¿Ðµ
     got: Сао Томе и Принсипе
 ; [cca2=ST].translations.srp.official
Expected: Ð”ÐµÐ¼Ð¾ÐºÑ€Ð°Ñ‚Ñ�ÐºÐ° Ð ÐµÐ¿ÑƒÐ±Ð»Ð¸ÐºÐ° Ð¡Ð°Ð¾ Ð¢Ð¾Ð¼Ðµ Ð¸ ÐŸÑ€Ð¸Ð½Ñ�Ð¸Ð¿Ðµ
     got: Демократска Република Сао Томе и Принсипе
 ; [cca2=ST].translations.swe.common
Expected: SÃ£o TomÃ© och PrÃ­ncipe
     got: São Tomé och Príncipe
 ; [cca2=ST].translations.swe.official
Expected: Demokratiska republiken SÃ£o TomÃ© och PrÃ­ncipe
     got: Demokratiska republiken São Tomé och Príncipe
 ; [cca2=ST].translations.tur.common
Expected: SÃ£o TomÃ© ve PrÃ­ncipe
     got: São Tomé ve Príncipe
 ; [cca2=ST].translations.tur.official
Expected: SÃ£o TomÃ© ve PrÃ­ncipe Demokratik Cumhuriyeti
     got: São Tomé ve Príncipe Demokratik Cumhuriyeti
 ; [cca2=ST].translations.urd.common
Expected: Ø³Ø§Ø¤ Ù¹ÙˆÙ…Û’ Ùˆ Ù¾Ø±Ù†Ø³Ù¾Û’
     got: ساؤ ٹومے و پرنسپے
 ; [cca2=ST].translations.urd.official
Expected: Ø¬Ù…Û�ÙˆØ±ÛŒÛ� Ø³Ø§Ø¤ Ù¹ÙˆÙ…Û’ Ùˆ Ù¾Ø±Ù†Ø³Ù¾Û’
     got: جمہوریہ ساؤ ٹومے و پرنسپے
 ; [cca2=ST].translations.zho.common
Expected: åœ£å¤šç¾Žå’Œæ™®æž—è¥¿æ¯”
     got: 圣多美和普林西比
 ; [cca2=ST].translations.zho.official
Expected: åœ£å¤šç¾Žå’Œæ™®æž—è¥¿æ¯”æ°‘ä¸»å…±å’Œå›½
     got: 圣多美和普林西比民主共和国
 ; [cca2=CD].flag
Expected: ðŸ‡¨ðŸ‡©
     got: 🇨🇩
 ; [cca2=CD].name.nativeName.fra.official
Expected: RÃ©publique dÃ©mocratique du Congo
     got: République démocratique du Congo
 ; [cca2=CD].name.nativeName.lin.common
Expected: Republiki ya KongÃ³ Demokratiki
     got: Republiki ya Kongó Demokratiki
 ; [cca2=CD].name.nativeName.lin.official
Expected: Republiki ya KongÃ³ Demokratiki
     got: Republiki ya Kongó Demokratiki
 ; [cca2=CD].translations.ara.common
Expected: Ø§Ù„ÙƒÙˆÙ†ØºÙˆ
     got: الكونغو
 ; [cca2=CD].translations.ara.official
Expected: Ø¬Ù…Ù‡ÙˆØ±ÙŠØ© Ø§Ù„ÙƒÙˆÙ†ØºÙˆ Ø§Ù„Ø¯ÙŠÙ…Ù‚Ø±Ø§Ø·ÙŠØ©
     got: جمهورية الكونغو الديمقراطية
 ; [cca2=CD].translations.ces.official
Expected: DemokratickÃ¡ republika Kongo
     got: Demokratická republika Kongo
 ; [cca2=CD].translations.fra.common
Expected: Congo (RÃ©p. dÃ©m.)
     got: Congo (Rép. dém.)
 ; [cca2=CD].translations.fra.official
Expected: RÃ©publique dÃ©mocratique du Congo
     got: République démocratique du Congo
 ; [cca2=CD].translations.hun.common
Expected: KongÃ³i Demokratikus KÃ¶ztÃ¡rsasÃ¡g
     got: Kongói Demokratikus Köztársaság
 ; [cca2=CD].translations.hun.official
Expected: KongÃ³i Demokratikus KÃ¶ztÃ¡rsasÃ¡g
     got: Kongói Demokratikus Köztársaság
 ; [cca2=CD].translations.jpn.common
Expected: ã‚³ãƒ³ã‚´æ°‘ä¸»å…±å’Œå›½
     got: コンゴ民主共和国
 ; [cca2=CD].translations.jpn.official
Expected: ã‚³ãƒ³ã‚´æ°‘ä¸»å…±å’Œå›½
     got: コンゴ民主共和国
 ; [cca2=CD].translations.kor.common
Expected: ì½©ê³  ë¯¼ì£¼ ê³µí™”êµ­
     got: 콩고 민주 공화국
 ; [cca2=CD].translations.kor.official
Expected: ì½©ê³  ë¯¼ì£¼ ê³µí™”êµ­
     got: 콩고 민주 공화국
 ; [cca2=CD].translations.per.common
Expected: Ú©Ù†Ú¯Ùˆ Ø¯Ù…ÙˆÚ©Ø±Ø§ØªÛŒÚ©
     got: کنگو دموکراتیک
 ; [cca2=CD].translations.per.official
Expected: Ø¬Ù…Ù‡ÙˆØ±ÛŒ Ø¯Ù…ÙˆÚ©Ø±Ø§ØªÛŒÚ© Ú©Ù†Ú¯Ùˆ
     got: جمهوری دموکراتیک کنگو
 ; [cca2=CD].translations.por.common
Expected: RepÃºblica DemocrÃ¡tica do Congo
     got: República Democrática do Congo
 ; [cca2=CD].translations.por.official
Expected: RepÃºblica DemocrÃ¡tica do Congo
     got: República Democrática do Congo
 ; [cca2=CD].translations.rus.common
Expected: Ð”ÐµÐ¼Ð¾ÐºÑ€Ð°Ñ‚Ð¸Ñ‡ÐµÑ�ÐºÐ°Ñ� Ð ÐµÑ�Ð¿ÑƒÐ±Ð»Ð¸ÐºÐ° ÐšÐ¾Ð½Ð³Ð¾
     got: Демократическая Республика Конго
 ; [cca2=CD].translations.rus.official
Expected: Ð”ÐµÐ¼Ð¾ÐºÑ€Ð°Ñ‚Ð¸Ñ‡ÐµÑ�ÐºÐ°Ñ� Ð ÐµÑ�Ð¿ÑƒÐ±Ð»Ð¸ÐºÐ° ÐšÐ¾Ð½Ð³Ð¾
     got: Демократическая Республика Конго
 ; [cca2=CD].translations.slk.official
Expected: KonÅ¾skÃ¡ demokratickÃ¡ republika
     got: Konžská demokratická republika
 ; [cca2=CD].translations.spa.official
Expected: RepÃºblica DemocrÃ¡tica del Congo
     got: República Democrática del Congo
 ; [cca2=CD].translations.srp.common
Expected: Ð”Ð  ÐšÐ¾Ð½Ð³Ð¾
     got: ДР Конго
 ; [cca2=CD].translations.srp.official
Expected: Ð”ÐµÐ¼Ð¾ÐºÑ€Ð°Ñ‚Ñ�ÐºÐ° Ð ÐµÐ¿ÑƒÐ±Ð»Ð¸ÐºÐ° ÐšÐ¾Ð½Ð³Ð¾
     got: Демократска Република Конго
 ; [cca2=CD].translations.urd.common
Expected: Ú©Ø§Ù†Ú¯Ùˆ
     got: کانگو
 ; [cca2=CD].translations.urd.official
Expected: Ø¬Ù…Û�ÙˆØ±ÛŒ Ø¬Ù…Û�ÙˆØ±ÛŒÛ� Ú©Ø§Ù†Ú¯Ùˆ
     got: جمہوری جمہوریہ کانگو
 ; [cca2=CD].translations.zho.common
Expected: æ°‘ä¸»åˆšæžœ
     got: 民主刚果
 ; [cca2=CD].translations.zho.official
Expected: åˆšæžœæ°‘ä¸»å…±å’Œå›½
     got: 刚果民主共和国
 ; [cca2=SV].altSpellings[]
Expected: RepÃºblica de El Salvador
     but none found
 ; [cca2=SV].altSpellings[]
Unexpected: República de El Salvador
 ; [cca2=SV].flag
Expected: ðŸ‡¸ðŸ‡»
     got: 🇸🇻
 ; [cca2=SV].name.nativeName.spa.official
Expected: RepÃºblica de El Salvador
     got: República de El Salvador
 ; [cca2=SV].translations.ara.common
Expected: Ø§Ù„Ø³Ù„Ù�Ø§Ø¯ÙˆØ±
     got: السلفادور
 ; [cca2=SV].translations.ara.official
Expected: Ø¬Ù…Ù‡ÙˆØ±ÙŠØ© Ø§Ù„Ø³Ù„Ù�Ø§Ø¯ÙˆØ±
     got: جمهورية السلفادور
 ; [cca2=SV].translations.ces.official
Expected: SalvadorskÃ¡ republika
     got: Salvadorská republika
 ; [cca2=SV].translations.fra.official
Expected: RÃ©publique du Salvador
     got: République du Salvador
 ; [cca2=SV].translations.hun.official
Expected: Salvadori KÃ¶ztÃ¡rsasÃ¡g
     got: Salvadori Köztársaság
 ; [cca2=SV].translations.jpn.common
Expected: ã‚¨ãƒ«ã‚µãƒ«ãƒ�ãƒ‰ãƒ«
     got: エルサルバドル
 ; [cca2=SV].translations.jpn.official
Expected: ã‚¨ãƒ«ã‚µãƒ«ãƒ�ãƒ‰ãƒ«å…±å’Œå›½
     got: エルサルバドル共和国
 ; [cca2=SV].translations.kor.common
Expected: ì—˜ì‚´ë°”ë�„ë¥´
     got: 엘살바도르
 ; [cca2=SV].translations.kor.official
Expected: ì—˜ì‚´ë°”ë�„ë¥´ ê³µí™”êµ­
     got: 엘살바도르 공화국
 ; [cca2=SV].translations.per.common
Expected: Ø§Ù„Ø³Ø§Ù„ÙˆØ§Ø¯ÙˆØ±
     got: السالوادور
 ; [cca2=SV].translations.per.official
Expected: Ø¬Ù…Ù‡ÙˆØ±ÛŒ Ø§Ù„Ø³Ø§Ù„ÙˆØ§Ø¯ÙˆØ±
     got: جمهوری السالوادور
 ; [cca2=SV].translations.por.official
Expected: RepÃºblica de El Salvador
     got: República de El Salvador
 ; [cca2=SV].translations.rus.common
Expected: Ð¡Ð°Ð»ÑŒÐ²Ð°Ð´Ð¾Ñ€
     got: Сальвадор
 ; [cca2=SV].translations.rus.official
Expected: Ð ÐµÑ�Ð¿ÑƒÐ±Ð»Ð¸ÐºÐ° Ð­Ð»ÑŒ-Ð¡Ð°Ð»ÑŒÐ²Ð°Ð´Ð¾Ñ€
     got: Республика Эль-Сальвадор
 ; [cca2=SV].translations.slk.common
Expected: SalvÃ¡dor
     got: Salvádor
 ; [cca2=SV].translations.slk.official
Expected: SalvÃ¡dorskÃ¡ republika
     got: Salvádorská republika
 ; [cca2=SV].translations.spa.official
Expected: RepÃºblica de El Salvador
     got: República de El Salvador
 ; [cca2=SV].translations.srp.common
Expected: Ð¡Ð°Ð»Ð²Ð°Ð´Ð¾Ñ€
     got: Салвадор
 ; [cca2=SV].translations.srp.official
Expected: Ð ÐµÐ¿ÑƒÐ±Ð»Ð¸ÐºÐ° Ð•Ð» Ð¡Ð°Ð»Ð²Ð°Ð´Ð¾Ñ€
     got: Република Ел Салвадор
 ; [cca2=SV].translations.urd.common
Expected: Ø§ÛŒÙ„ Ø³ÛŒÙ„ÙˆØ§ÚˆÙˆØ±
     got: ایل سیلواڈور
 ; [cca2=SV].translations.urd.official
Expected: Ø¬Ù…Û�ÙˆØ±ÛŒÛ� Ø§ÛŒÙ„ Ø³ÛŒÙ„ÙˆØ§ÚˆÙˆØ±
     got: جمہوریہ ایل سیلواڈور
 ; [cca2=SV].translations.zho.common
Expected: è�¨å°”ç“¦å¤š
     got: 萨尔瓦多
 ; [cca2=SV].translations.zho.official
Expected: è�¨å°”ç“¦å¤šå…±å’Œå›½
     got: 萨尔瓦多共和国
 ; [cca2=CF].altSpellings[]
Expected: RÃ©publique centrafricaine
     but none found
 ; [cca2=CF].altSpellings[]
Unexpected: République centrafricaine
 ; [cca2=CF].flag
Expected: ðŸ‡¨ðŸ‡«
     got: 🇨🇫
 ; [cca2=CF].name.nativeName.fra.common
Expected: RÃ©publique centrafricaine
     got: République centrafricaine
 ; [cca2=CF].name.nativeName.fra.official
Expected: RÃ©publique centrafricaine
     got: République centrafricaine
 ; [cca2=CF].name.nativeName.sag.common
Expected: BÃªafrÃ®ka
     got: Bêafrîka
 ; [cca2=CF].name.nativeName.sag.official
Expected: KÃ¶dÃ¶rÃ¶sÃªse tÃ® BÃªafrÃ®ka
     got: Ködörösêse tî Bêafrîka
 ; [cca2=CF].translations.ara.common
Expected: Ø¬Ù…Ù‡ÙˆØ±ÙŠØ© Ø£Ù�Ø±ÙŠÙ‚ÙŠØ§ Ø§Ù„ÙˆØ³Ø·Ù‰
     got: جمهورية أفريقيا الوسطى
 ; [cca2=CF].translations.ara.official
Expected: Ø¬Ù…Ù‡ÙˆØ±ÙŠØ© Ø£Ù�Ø±ÙŠÙ‚ÙŠØ§ Ø§Ù„ÙˆØ³Ø·Ù‰
     got: جمهورية أفريقيا الوسطى
 ; [cca2=CF].translations.ces.common
Expected: StÅ™edoafrickÃ¡ republika
     got: Středoafrická republika
 ; [cca2=CF].translations.ces.official
Expected: StÅ™edoafrickÃ¡ republika
     got: Středoafrická republika
 ; [cca2=CF].translations.fra.common
Expected: RÃ©publique centrafricaine
     got: République centrafricaine
 ; [cca2=CF].translations.fra.official
Expected: RÃ©publique centrafricaine
     got: République centrafricaine
 ; [cca2=CF].translations.hrv.common
Expected: SrednjoafriÄ�ka Republika
     got: Srednjoafrička Republika
 ; [cca2=CF].translations.hrv.official
Expected: Centralna AfriÄ�ka Republika
     got: Centralna Afrička Republika
 ; [cca2=CF].translations.hun.common
Expected: KÃ¶zÃ©p-afrikai KÃ¶ztÃ¡rsasÃ¡g
     got: Közép-afrikai Köztársaság
 ; [cca2=CF].translations.hun.official
Expected: KÃ¶zÃ©p-afrikai KÃ¶ztÃ¡rsasÃ¡g
     got: Közép-afrikai Köztársaság
 ; [cca2=CF].translations.jpn.common
Expected: ä¸­å¤®ã‚¢ãƒ•ãƒªã‚«å…±å’Œå›½
     got: 中央アフリカ共和国
 ; [cca2=CF].translations.jpn.official
Expected: ä¸­å¤®ã‚¢ãƒ•ãƒªã‚«å…±å’Œå›½
     got: 中央アフリカ共和国
 ; [cca2=CF].translations.kor.common
Expected: ì¤‘ì•™ì•„í”„ë¦¬ì¹´ ê³µí™”êµ­
     got: 중앙아프리카 공화국
 ; [cca2=CF].translations.kor.official
Expected: ì¤‘ì•™ì•„í”„ë¦¬ì¹´ ê³µí™”êµ­
     got: 중앙아프리카 공화국
 ; [cca2=CF].translations.per.common
Expected: Ø¬Ù…Ù‡ÙˆØ±ÛŒ Ø¢Ù�Ø±ÛŒÙ‚Ø§ÛŒ Ù…Ø±Ú©Ø²ÛŒ
     got: جمهوری آفریقای مرکزی
 ; [cca2=CF].translations.per.official
Expected: Ø¬Ù…Ù‡ÙˆØ±ÛŒ Ø¢Ù�Ø±ÛŒÙ‚Ø§ÛŒ Ù…Ø±Ú©Ø²ÛŒ
     got: جمهوری آفریقای مرکزی
 ; [cca2=CF].translations.pol.common
Expected: Republika ÅšrodkowoafrykaÅ„ska
     got: Republika Środkowoafrykańska
 ; [cca2=CF].translations.pol.official
Expected: Republika ÅšrodkowoafrykaÅ„ska
     got: Republika Środkowoafrykańska
 ; [cca2=CF].translations.por.common
Expected: RepÃºblica Centro-Africana
     got: República Centro-Africana
 ; [cca2=CF].translations.por.official
Expected: RepÃºblica Centro-Africano
     got: República Centro-Africano
 ; [cca2=CF].translations.rus.common
Expected: Ð¦ÐµÐ½Ñ‚Ñ€Ð°Ð»ÑŒÐ½Ð¾Ð°Ñ„Ñ€Ð¸ÐºÐ°Ð½Ñ�ÐºÐ°Ñ� Ð ÐµÑ�Ð¿ÑƒÐ±Ð»Ð¸ÐºÐ°
     got: Центральноафриканская Республика
 ; [cca2=CF].translations.rus.official
Expected: Ð¦ÐµÐ½Ñ‚Ñ€Ð°Ð»ÑŒÐ½Ð¾-Ð�Ñ„Ñ€Ð¸ÐºÐ°Ð½Ñ�ÐºÐ°Ñ� Ð ÐµÑ�Ð¿ÑƒÐ±Ð»Ð¸ÐºÐ°
     got: Центрально-Африканская Республика
 ; [cca2=CF].translations.slk.common
Expected: StredoafrickÃ¡ republika
     got: Stredoafrická republika
 ; [cca2=CF].translations.slk.official
Expected: StredoafrickÃ¡ republika
     got: Stredoafrická republika
 ; [cca2=CF].translations.spa.common
Expected: RepÃºblica Centroafricana
     got: República Centroafricana
 ; [cca2=CF].translations.spa.official
Expected: RepÃºblica Centroafricana
     got: República Centroafricana
 ; [cca2=CF].translations.srp.common
Expected: Ð¦ÐµÐ½Ñ‚Ñ€Ð°Ð»Ð½Ð¾Ð°Ñ„Ñ€Ð¸Ñ‡ÐºÐ° Ð ÐµÐ¿ÑƒÐ±Ð»Ð¸ÐºÐ°
     got: Централноафричка Република
 ; [cca2=CF].translations.srp.official
Expected: Ð¦ÐµÐ½Ñ‚Ñ€Ð°Ð»Ð½Ð¾Ð°Ñ„Ñ€Ð¸Ñ‡ÐºÐ° Ð ÐµÐ¿ÑƒÐ±Ð»Ð¸ÐºÐ°
     got: Централноафричка Република
 ; [cca2=CF].translations.urd.common
Expected: ÙˆØ³Ø·ÛŒ Ø§Ù�Ø±ÛŒÙ‚ÛŒ Ø¬Ù…Û�ÙˆØ±ÛŒÛ�
     got: وسطی افریقی جمہوریہ
 ; [cca2=CF].translations.urd.official
Expected: ÙˆØ³Ø·ÛŒ Ø§Ù�Ø±ÛŒÙ‚ÛŒ Ø¬Ù…Û�ÙˆØ±ÛŒÛ�
     got: وسطی افریقی جمہوریہ
 ; [cca2=CF].translations.zho.common
Expected: ä¸­é�žå…±å’Œå›½
     got: 中非共和国
 ; [cca2=CF].translations.zho.official
Expected: ä¸­é�žå…±å’Œå›½
     got: 中非共和国
 ; [cca2=CG].flag
Expected: ðŸ‡¨ðŸ‡¬
     got: 🇨🇬
 ; [cca2=CG].name.nativeName.fra.common
Expected: RÃ©publique du Congo
     got: République du Congo
 ; [cca2=CG].name.nativeName.fra.official
Expected: RÃ©publique du Congo
     got: République du Congo
 ; [cca2=CG].name.nativeName.lin.common
Expected: RepublÃ­ki ya KongÃ³
     got: Republíki ya Kongó
 ; [cca2=CG].name.nativeName.lin.official
Expected: RepublÃ­ki ya KongÃ³
     got: Republíki ya Kongó
 ; [cca2=CG].translations.ara.common
Expected: Ø¬Ù…Ù‡ÙˆØ±ÙŠØ© Ø§Ù„ÙƒÙˆÙ†Ù�Ùˆ
     got: جمهورية الكونفو
 ; [cca2=CG].translations.ara.official
Expected: Ø¬Ù…Ù‡ÙˆØ±ÙŠØ© Ø§Ù„ÙƒÙˆÙ†ØºÙˆ
     got: جمهورية الكونغو
 ; [cca2=CG].translations.ces.official
Expected: KonÅ¾skÃ¡ republika
     got: Konžská republika
 ; [cca2=CG].translations.fra.official
Expected: RÃ©publique du Congo
     got: République du Congo
 ; [cca2=CG].translations.hun.common
Expected: KongÃ³i KÃ¶ztÃ¡rsasÃ¡g
     got: Kongói Köztársaság
 ; [cca2=CG].translations.hun.official
Expected: KongÃ³i KÃ¶ztÃ¡rsasÃ¡g
     got: Kongói Köztársaság
 ; [cca2=CG].translations.jpn.common
Expected: ã‚³ãƒ³ã‚´å…±å’Œå›½
     got: コンゴ共和国
 ; [cca2=CG].translations.jpn.official
Expected: ã‚³ãƒ³ã‚´å…±å’Œå›½
     got: コンゴ共和国
 ; [cca2=CG].translations.kor.common
Expected: ì½©ê³ 
     got: 콩고
 ; [cca2=CG].translations.kor.official
Expected: ì½©ê³ 
     got: 콩고
 ; [cca2=CG].translations.per.common
Expected: Ø¬Ù…Ù‡ÙˆØ±ÛŒ Ú©Ù�Ù†Ú¯Ùˆ
     got: جمهوری کُنگو
 ; [cca2=CG].translations.per.official
Expected: Ø¬Ù…Ù‡ÙˆØ±ÛŒ Ø¨Ø±Ø§Ø²Ø§ÙˆÛŒÙ„ Ú©Ù�Ù†Ú¯Ùˆ
     got: جمهوری برازاویل کُنگو
 ; [cca2=CG].translations.por.official
Expected: RepÃºblica do Congo
     got: República do Congo
 ; [cca2=CG].translations.rus.common
Expected: Ð ÐµÑ�Ð¿ÑƒÐ±Ð»Ð¸ÐºÐ° ÐšÐ¾Ð½Ð³Ð¾
     got: Республика Конго
 ; [cca2=CG].translations.rus.official
Expected: Ð ÐµÑ�Ð¿ÑƒÐ±Ð»Ð¸ÐºÐ° ÐšÐ¾Ð½Ð³Ð¾
     got: Республика Конго
 ; [cca2=CG].translations.slk.official
Expected: KonÅ¾skÃ¡ republika
     got: Konžská republika
 ; [cca2=CG].translations.spa.official
Expected: RepÃºblica del Congo
     got: República del Congo
 ; [cca2=CG].translations.srp.common
Expected: ÐšÐ¾Ð½Ð³Ð¾
     got: Конго
 ; [cca2=CG].translations.srp.official
Expected: Ð ÐµÐ¿ÑƒÐ±Ð»Ð¸ÐºÐ° ÐšÐ¾Ð½Ð³Ð¾
     got: Република Конго
 ; [cca2=CG].translations.urd.common
Expected: Ø¬Ù…Û�ÙˆØ±ÛŒÛ� Ú©Ø§Ù†Ú¯Ùˆ
     got: جمہوریہ کانگو
 ; [cca2=CG].translations.urd.official
Expected: Ø¬Ù…Û�ÙˆØ±ÛŒÛ� Ú©Ø§Ù†Ú¯Ùˆ
     got: جمہوریہ کانگو
 ; [cca2=CG].translations.zho.common
Expected: åˆšæžœ
     got: 刚果
 ; [cca2=CG].translations.zho.official
Expected: åˆšæžœå…±å’Œå›½
     got: 刚果共和国
 ; [cca2=CH].flag
Expected: ðŸ‡¨ðŸ‡­
     got: 🇨🇭
 ; [cca2=CH].name.nativeName.fra.official
Expected: ConfÃ©dÃ©ration suisse
     got: Confédération suisse
 ; [cca2=CH].translations.ara.common
Expected: Ø³ÙˆÙŠØ³Ø±Ø§
     got: سويسرا
 ; [cca2=CH].translations.ara.official
Expected: Ø§Ù„Ø§ØªØ­Ø§Ø¯ Ø§Ù„Ø³ÙˆÙŠØ³Ø±ÙŠ
     got: الاتحاد السويسري
 ; [cca2=CH].translations.ces.common
Expected: Å vÃ½carsko
     got: Švýcarsko
 ; [cca2=CH].translations.ces.official
Expected: Å vÃ½carskÃ¡ konfederace
     got: Švýcarská konfederace
 ; [cca2=CH].translations.est.common
Expected: Å veits
     got: Šveits
 ; [cca2=CH].translations.est.official
Expected: Å veitsi KonfÃ¶deratsioon
     got: Šveitsi Konföderatsioon
 ; [cca2=CH].translations.fra.official
Expected: ConfÃ©dÃ©ration suisse
     got: Confédération suisse
 ; [cca2=CH].translations.hrv.common
Expected: Å vicarska
     got: Švicarska
 ; [cca2=CH].translations.hrv.official
Expected: Å¡vicarska Konfederacija
     got: švicarska Konfederacija
 ; [cca2=CH].translations.hun.common
Expected: SvÃ¡jc
     got: Svájc
 ; [cca2=CH].translations.hun.official
Expected: SvÃ¡jc
     got: Svájc
 ; [cca2=CH].translations.jpn.common
Expected: ã‚¹ã‚¤ã‚¹
     got: スイス
 ; [cca2=CH].translations.jpn.official
Expected: ã‚¹ã‚¤ã‚¹é€£é‚¦
     got: スイス連邦
 ; [cca2=CH].translations.kor.common
Expected: ìŠ¤ìœ„ìŠ¤
     got: 스위스
 ; [cca2=CH].translations.kor.official
Expected: ìŠ¤ìœ„ìŠ¤ ì—°ë°©
     got: 스위스 연방
 ; [cca2=CH].translations.per.common
Expected: Ø³ÙˆØ¦ÛŒØ³
     got: سوئیس
 ; [cca2=CH].translations.per.official
Expected: Ú©Ù†Ù�Ø¯Ø±Ø§Ø³ÛŒÙˆÙ† Ø³ÙˆØ¦ÛŒØ³
     got: کنفدراسیون سوئیس
 ; [cca2=CH].translations.por.common
Expected: SuÃ­Ã§a
     got: Suíça
 ; [cca2=CH].translations.por.official
Expected: ConfederaÃ§Ã£o SuÃ­Ã§a
     got: Confederação Suíça
 ; [cca2=CH].translations.rus.common
Expected: Ð¨Ð²ÐµÐ¹Ñ†Ð°Ñ€Ð¸Ñ�
     got: Швейцария
 ; [cca2=CH].translations.rus.official
Expected: Ð¨Ð²ÐµÐ¹Ñ†Ð°Ñ€Ñ�ÐºÐ°Ñ� ÐšÐ¾Ð½Ñ„ÐµÐ´ÐµÑ€Ð°Ñ†Ð¸Ñ�
     got: Швейцарская Конфедерация
 ; [cca2=CH].translations.slk.common
Expected: Å vajÄ�iarsko
     got: Švajčiarsko
 ; [cca2=CH].translations.slk.official
Expected: Å vajÄ�iarska konfederÃ¡cia
     got: Švajčiarska konfederácia
 ; [cca2=CH].translations.spa.official
Expected: ConfederaciÃ³n Suiza
     got: Confederación Suiza
 ; [cca2=CH].translations.srp.common
Expected: Ð¨Ð²Ð°Ñ˜Ñ†Ð°Ñ€Ñ�ÐºÐ°
     got: Швајцарска
 ; [cca2=CH].translations.srp.official
Expected: Ð¨Ð²Ð°Ñ˜Ñ†Ð°Ñ€Ñ�ÐºÐ° ÐšÐ¾Ð½Ñ„ÐµÐ´ÐµÑ€Ð°Ñ†Ð¸Ñ˜Ð°
     got: Швајцарска Конфедерација
 ; [cca2=CH].translations.swe.official
Expected: Schweiziska edsfÃ¶rbundet
     got: Schweiziska edsförbundet
 ; [cca2=CH].translations.tur.common
Expected: Ä°sviÃ§re
     got: İsviçre
 ; [cca2=CH].translations.tur.official
Expected: Ä°sviÃ§re Konfederasyonu
     got: İsviçre Konfederasyonu
 ; [cca2=CH].translations.urd.common
Expected: Ø³ÙˆÛŒÙ¹Ø°Ø±Ù„ÛŒÙ†Úˆ
     got: سویٹذرلینڈ
 ; [cca2=CH].translations.urd.official
Expected: Ø³ÙˆØ¦ÛŒØ³  Ù…ØªØ­Ø¯Û�
     got: سوئیس  متحدہ
 ; [cca2=CH].translations.zho.common
Expected: ç‘žå£«
     got: 瑞士
 ; [cca2=CH].translations.zho.official
Expected: ç‘žå£«è�”é‚¦
     got: 瑞士联邦
 ; [cca2=SX].currencies.ANG.symbol
Expected: Æ’
     got: ƒ
 ; [cca2=SX].flag
Expected: ðŸ‡¸ðŸ‡½
     got: 🇸🇽
 ; [cca2=SX].translations.ara.common
Expected: Ø³ÙŠÙ†Øª Ù…Ø§Ø±ØªÙ†
     got: سينت مارتن
 ; [cca2=SX].translations.ara.official
Expected: Ø³ÙŠÙ†Øª Ù…Ø§Ø±ØªÙ†
     got: سينت مارتن
 ; [cca2=SX].translations.ces.common
Expected: SvatÃ½ Martin (Nizozemsko)
     got: Svatý Martin (Nizozemsko)
 ; [cca2=SX].translations.ces.official
Expected: SvatÃ½ Martin
     got: Svatý Martin
 ; [cca2=SX].translations.jpn.common
Expected: ã‚·ãƒ³ãƒˆãƒ»ãƒžãƒ¼ãƒ«ãƒ†ãƒ³
     got: シント・マールテン
 ; [cca2=SX].translations.jpn.official
Expected: ã‚·ãƒ³ãƒˆãƒžãƒ¼ãƒ«ãƒ†ãƒ³å³¶
     got: シントマールテン島
 ; [cca2=SX].translations.kor.common
Expected: ì‹ íŠ¸ë§ˆë¥´í„´
     got: 신트마르턴
 ; [cca2=SX].translations.kor.official
Expected: ì‹ íŠ¸ë§ˆë¥´í„´
     got: 신트마르턴
 ; [cca2=SX].translations.per.common
Expected: Ø³Ù† Ù…Ø§Ø±ØªÙ†
     got: سن مارتن
 ; [cca2=SX].translations.per.official
Expected: Ø³Ù† Ù…Ø§Ø±ØªÙ†
     got: سن مارتن
 ; [cca2=SX].translations.por.common
Expected: SÃ£o Martinho
     got: São Martinho
 ; [cca2=SX].translations.rus.common
Expected: Ð¡Ð¸Ð½Ñ‚-ÐœÐ°Ñ€Ñ‚ÐµÐ½
     got: Синт-Мартен
 ; [cca2=SX].translations.rus.official
Expected: Ð¡Ð¸Ð½Ñ‚-ÐœÐ°Ð°Ñ€Ñ‚ÐµÐ½
     got: Синт-Маартен
 ; [cca2=SX].translations.srp.common
Expected: Ð¡Ð²ÐµÑ‚Ð¸ ÐœÐ°Ñ€Ñ‚Ð¸Ð½
     got: Свети Мартин
 ; [cca2=SX].translations.srp.official
Expected: Ð¡Ð²ÐµÑ‚Ð¸ ÐœÐ°Ñ€Ñ‚Ð¸Ð½
     got: Свети Мартин
 ; [cca2=SX].translations.urd.common
Expected: Ø³Ù†Ù¹ Ù…Ø§Ø±Ù¹Ù†
     got: سنٹ مارٹن
 ; [cca2=SX].translations.urd.official
Expected: Ø³Ù†Ù¹ Ù…Ø§Ø±Ù¹Ù†
     got: سنٹ مارٹن
 ; [cca2=SX].translations.zho.common
Expected: åœ£é©¬ä¸�å²›
     got: 圣马丁岛
 ; [cca2=SX].translations.zho.official
Expected: åœ£é©¬ä¸�å²›
     got: 圣马丁岛
 ; [cca2=CI].altSpellings[]
Expected: RÃ©publique de CÃ´te d&apos;Ivoire
     but none found
 ; [cca2=CI].altSpellings[]
Expected: Republic of CÃ´te d&apos;Ivoire
     but none found
 ; [cca2=CI].altSpellings[]
Expected: CÃ´te d&apos;Ivoire
     but none found
 ; [cca2=CI].altSpellings[]
Unexpected: République de Côte d&apos;Ivoire
 ; [cca2=CI].altSpellings[]
Unexpected: Côte d&apos;Ivoire
 ; [cca2=CI].altSpellings[]
Unexpected: Republic of Côte d&apos;Ivoire
 ; [cca2=CI].flag
Expected: ðŸ‡¨ðŸ‡®
     got: 🇨🇮
 ; [cca2=CI].name.nativeName.fra.common
Expected: CÃ´te d&apos;Ivoire
     got: Côte d&apos;Ivoire
 ; [cca2=CI].name.nativeName.fra.official
Expected: RÃ©publique de CÃ´te d&apos;Ivoire
     got: République de Côte d&apos;Ivoire
 ; [cca2=CI].name.official
Expected: Republic of CÃ´te d&apos;Ivoire
     got: Republic of Côte d&apos;Ivoire
 ; [cca2=CI].translations.ara.common
Expected: Ø³Ø§Ø­Ù„ Ø§Ù„Ø¹Ø§Ø¬
     got: ساحل العاج
 ; [cca2=CI].translations.ara.official
Expected: Ø¬Ù…Ù‡ÙˆØ±ÙŠØ© Ø³Ø§Ø­Ù„ Ø§Ù„Ø¹Ø§Ø¬
     got: جمهورية ساحل العاج
 ; [cca2=CI].translations.ces.common
Expected: PobÅ™eÅ¾Ã­ slonoviny
     got: Pobřeží slonoviny
 ; [cca2=CI].translations.ces.official
Expected: Republika PobÅ™eÅ¾Ã­ slonoviny
     got: Republika Pobřeží slonoviny
 ; [cca2=CI].translations.cym.official
Expected: Republic of CÃ´te d&apos;Ivoire
     got: Republic of Côte d&apos;Ivoire
 ; [cca2=CI].translations.deu.common
Expected: ElfenbeinkÃ¼ste
     got: Elfenbeinküste
 ; [cca2=CI].translations.deu.official
Expected: Republik CÃ´te d&apos;Ivoire
     got: Republik Côte d&apos;Ivoire
 ; [cca2=CI].translations.est.official
Expected: CÃ´te dâ€™Ivoireâ€™i Vabariik
     got: Côte d’Ivoire’i Vabariik
 ; [cca2=CI].translations.fra.common
Expected: CÃ´te d&apos;Ivoire
     got: Côte d&apos;Ivoire
 ; [cca2=CI].translations.fra.official
Expected: RÃ©publique de CÃ´te d&apos; Ivoire
     got: République de Côte d&apos; Ivoire
 ; [cca2=CI].translations.hrv.official
Expected: Republika CÃ´te d&apos;Ivoire
     got: Republika Côte d&apos;Ivoire
 ; [cca2=CI].translations.hun.common
Expected: ElefÃ¡ntcsontpart
     got: Elefántcsontpart
 ; [cca2=CI].translations.hun.official
Expected: ElefÃ¡ntcsontparti KÃ¶ztÃ¡rsasÃ¡g
     got: Elefántcsontparti Köztársaság
 ; [cca2=CI].translations.jpn.common
Expected: ã‚³ãƒ¼ãƒˆã‚¸ãƒœãƒ¯ãƒ¼ãƒ«
     got: コートジボワール
 ; [cca2=CI].translations.jpn.official
Expected: ã‚³ãƒ¼ãƒˆã‚¸ãƒœãƒ¯ãƒ¼ãƒ«å…±å’Œå›½
     got: コートジボワール共和国
 ; [cca2=CI].translations.kor.common
Expected: ì½”íŠ¸ë””ë¶€ì•„ë¥´
     got: 코트디부아르
 ; [cca2=CI].translations.kor.official
Expected: ì½”íŠ¸ë””ë¶€ì•„ë¥´ ê³µí™”êµ­
     got: 코트디부아르 공화국
 ; [cca2=CI].translations.per.common
Expected: Ø³Ø§Ø­Ù„ Ø¹Ø§Ø¬
     got: ساحل عاج
 ; [cca2=CI].translations.per.official
Expected: Ø¬Ù…Ù‡ÙˆØ±ÛŒ Ø³Ø§Ø­Ù„ Ø¹Ø§Ø¬
     got: جمهوری ساحل عاج
 ; [cca2=CI].translations.pol.common
Expected: WybrzeÅ»e KoÅ›ci SÅ‚oniowej
     got: WybrzeŻe Kości Słoniowej
 ; [cca2=CI].translations.pol.official
Expected: Republika WybrzeÅ»a KoÅ›ci SÅ‚oniowej
     got: Republika WybrzeŻa Kości Słoniowej
 ; [cca2=CI].translations.por.official
Expected: RepÃºblica da CÃ´te d&apos;Ivoire
     got: República da Côte d&apos;Ivoire
 ; [cca2=CI].translations.rus.common
Expected: ÐšÐ¾Ñ‚-Ð´â€™Ð˜Ð²ÑƒÐ°Ñ€
     got: Кот-д’Ивуар
 ; [cca2=CI].translations.rus.official
Expected: Ð ÐµÑ�Ð¿ÑƒÐ±Ð»Ð¸ÐºÐ° ÐšÐ¾Ñ‚-Ð´&apos;Ð˜Ð²ÑƒÐ°Ñ€Ðµ
     got: Республика Кот-д&apos;Ивуаре
 ; [cca2=CI].translations.slk.common
Expected: PobrÅ¾ie Slonoviny
     got: Pobržie Slonoviny
 ; [cca2=CI].translations.slk.official
Expected: Republika PobreÅ¾ie Slonoviny
     got: Republika Pobrežie Slonoviny
 ; [cca2=CI].translations.spa.official
Expected: RepÃºblica de CÃ´te d&apos;Ivoire
     got: República de Côte d&apos;Ivoire
 ; [cca2=CI].translations.srp.common
Expected: ÐžÐ±Ð°Ð»Ð° Ð¡Ð»Ð¾Ð½Ð¾Ð²Ð°Ñ‡Ðµ
     got: Обала Слоноваче
 ; [cca2=CI].translations.srp.official
Expected: Ð ÐµÐ¿ÑƒÐ±Ð»Ð¸ÐºÐ° ÐžÐ±Ð°Ð»Ð° Ð¡Ð»Ð¾Ð½Ð¾Ð²Ð°Ñ‡Ðµ
     got: Република Обала Слоноваче
 ; [cca2=CI].translations.tur.common
Expected: FildiÅŸi Sahili
     got: Fildişi Sahili
 ; [cca2=CI].translations.tur.official
Expected: FildiÅŸi Sahili
     got: Fildişi Sahili
 ; [cca2=CI].translations.urd.common
Expected: Ø¢Ø¦ÛŒÙˆØ±ÛŒ Ú©ÙˆØ³Ù¹
     got: آئیوری کوسٹ
 ; [cca2=CI].translations.urd.official
Expected: Ø¬Ù…Û�ÙˆØ±ÛŒÛ� Ú©ÙˆØª Ø¯ÛŒÙˆØ§Øº
     got: جمہوریہ کوت دیواغ
 ; [cca2=CI].translations.zho.common
Expected: ç§‘ç‰¹è¿ªç“¦
     got: 科特迪瓦
 ; [cca2=CI].translations.zho.official
Expected: ç§‘ç‰¹è¿ªç“¦å…±å’Œå›½
     got: 科特迪瓦共和国
 ; [cca2=SY].altSpellings[]
Expected: Al-JumhÅ«rÄ«yah Al-Ê»ArabÄ«yah As-SÅ«rÄ«yah
     but none found
 ; [cca2=SY].altSpellings[]
Unexpected: Al-Jumhūrīyah Al-ʻArabīyah As-Sūrīyah
 ; [cca2=SY].currencies.SYP.symbol
Expected: Â£
     got: £
 ; [cca2=SY].flag
Expected: ðŸ‡¸ðŸ‡¾
     got: 🇸🇾
 ; [cca2=SY].name.nativeName.ara.common
Expected: Ø³ÙˆØ±ÙŠØ§
     got: سوريا
 ; [cca2=SY].name.nativeName.ara.official
Expected: Ø§Ù„Ø¬Ù…Ù‡ÙˆØ±ÙŠØ© Ø§Ù„Ø¹Ø±Ø¨ÙŠØ© Ø§Ù„Ø³ÙˆØ±ÙŠØ©
     got: الجمهورية العربية السورية
 ; [cca2=SY].tld[]
Expected: Ø³ÙˆØ±ÙŠØ§.
     but none found
 ; [cca2=SY].tld[]
Unexpected: سوريا.
 ; [cca2=SY].translations.ara.common
Expected: Ø³ÙˆØ±ÙŠØ§
     got: سوريا
 ; [cca2=SY].translations.ara.official
Expected: Ø§Ù„Ø¬Ù…Ù‡ÙˆØ±ÙŠØ© Ø§Ù„Ø¹Ø±Ø¨ÙŠØ© Ø§Ù„Ø³ÙˆØ±ÙŠØ©
     got: الجمهورية العربية السورية
 ; [cca2=SY].translations.ces.common
Expected: SÃ½rie
     got: Sýrie
 ; [cca2=SY].translations.ces.official
Expected: SyrskÃ¡ arabskÃ¡ republika
     got: Syrská arabská republika
 ; [cca2=SY].translations.est.common
Expected: SÃ¼Ã¼ria
     got: Süüria
 ; [cca2=SY].translations.est.official
Expected: SÃ¼Ã¼ria Araabia Vabariik
     got: Süüria Araabia Vabariik
 ; [cca2=SY].translations.fra.official
Expected: RÃ©publique arabe syrienne
     got: République arabe syrienne
 ; [cca2=SY].translations.hun.common
Expected: SzÃ­ria
     got: Szíria
 ; [cca2=SY].translations.hun.official
Expected: SzÃ­riai Arab KÃ¶ztÃ¡rsasÃ¡g
     got: Szíriai Arab Köztársaság
 ; [cca2=SY].translations.jpn.common
Expected: ã‚·ãƒªã‚¢ãƒ»ã‚¢ãƒ©ãƒ–å…±å’Œå›½
     got: シリア・アラブ共和国
 ; [cca2=SY].translations.jpn.official
Expected: ã‚·ãƒªã‚¢ã‚¢ãƒ©ãƒ–å…±å’Œå›½
     got: シリアアラブ共和国
 ; [cca2=SY].translations.kor.common
Expected: ì‹œë¦¬ì•„
     got: 시리아
 ; [cca2=SY].translations.kor.official
Expected: ì‹œë¦¬ì•„ ì•„ëž� ê³µí™”êµ­
     got: 시리아 아랍 공화국
 ; [cca2=SY].translations.nld.common
Expected: SyriÃ«
     got: Syrië
 ; [cca2=SY].translations.per.common
Expected: Ø³ÙˆØ±ÛŒÙ‡
     got: سوریه
 ; [cca2=SY].translations.per.official
Expected: Ø¬Ù…Ù‡ÙˆØ±ÛŒ Ø¹Ø±Ø¨ÛŒ Ø³ÙˆØ±ÛŒÙ‡
     got: جمهوری عربی سوریه
 ; [cca2=SY].translations.por.common
Expected: SÃ­ria
     got: Síria
 ; [cca2=SY].translations.por.official
Expected: RepÃºblica Ã�rabe SÃ­ria
     got: República Árabe Síria
 ; [cca2=SY].translations.rus.common
Expected: Ð¡Ð¸Ñ€Ð¸Ñ�
     got: Сирия
 ; [cca2=SY].translations.rus.official
Expected: Ð¡Ð¸Ñ€Ð¸Ð¹Ñ�ÐºÐ°Ñ� Ð�Ñ€Ð°Ð±Ñ�ÐºÐ°Ñ� Ð ÐµÑ�Ð¿ÑƒÐ±Ð»Ð¸ÐºÐ°
     got: Сирийская Арабская Республика
 ; [cca2=SY].translations.slk.common
Expected: SÃ½ria
     got: Sýria
 ; [cca2=SY].translations.slk.official
Expected: SÃ½rska arabskÃ¡ republika
     got: Sýrska arabská republika
 ; [cca2=SY].translations.spa.official
Expected: RepÃºblica Ã�rabe Siria
     got: República Árabe Siria
 ; [cca2=SY].translations.srp.common
Expected: Ð¡Ð¸Ñ€Ð¸Ñ˜Ð°
     got: Сирија
 ; [cca2=SY].translations.srp.official
Expected: Ð¡Ð¸Ñ€Ð¸Ñ˜Ñ�ÐºÐ° Ð�Ñ€Ð°Ð¿Ñ�ÐºÐ° Ð ÐµÐ¿ÑƒÐ±Ð»Ð¸ÐºÐ°
     got: Сиријска Арапска Република
 ; [cca2=SY].translations.urd.common
Expected: Ø³ÙˆØ±ÛŒÛ�
     got: سوریہ
 ; [cca2=SY].translations.urd.official
Expected: Ø¹Ø±Ø¨ Ø¬Ù…Û�ÙˆØ±ÛŒÛ� Ø³ÙˆØ±ÛŒÛ�
     got: عرب جمہوریہ سوریہ
 ; [cca2=SY].translations.zho.common
Expected: å�™åˆ©äºš
     got: 叙利亚
 ; [cca2=SY].translations.zho.official
Expected: å�™åˆ©äºšé˜¿æ‹‰ä¼¯å…±å’Œå›½
     got: 叙利亚阿拉伯共和国
 ; [cca2=SZ].flag
Expected: ðŸ‡¸ðŸ‡¿
     got: 🇸🇿
 ; [cca2=SZ].flags.alt
Expected: The flag of Eswatini is composed of three horizontal bands â€” a large central yellow-edged red band, and a light blue band above and beneath the red band. The red band is three times the height of the blue bands and bears a centered emblem made up of a large black and white Nguni shield covering two spears and a staff decorated with feather tassels, all placed horizontally.
     got: The flag of Eswatini is composed of three horizontal bands — a large central yellow-edged red band, and a light blue band above and beneath the red band. The red band is three times the height of the blue bands and bears a centered emblem made up of a large black and white Nguni shield covering two spears and a staff decorated with feather tassels, all placed horizontally.
 ; [cca2=SZ].translations.ara.common
Expected: Ø¥Ø³ÙˆØ§ØªÙŠÙ†ÙŠ
     got: إسواتيني
 ; [cca2=SZ].translations.ara.official
Expected: Ù…Ù…Ù„ÙƒØ© Ø¥Ø³ÙˆØ§ØªÙŠÙ†ÙŠ
     got: مملكة إسواتيني
 ; [cca2=SZ].translations.ces.official
Expected: SvazijskÃ© krÃ¡lovstvÃ­
     got: Svazijské království
 ; [cca2=SZ].translations.deu.official
Expected: KÃ¶nigreich Eswatini
     got: Königreich Eswatini
 ; [cca2=SZ].translations.fra.official
Expected: Royaume dâ€™Eswatini
     got: Royaume d’Eswatini
 ; [cca2=SZ].translations.hun.common
Expected: SzvÃ¡zifÃ¶ld
     got: Szváziföld
 ; [cca2=SZ].translations.hun.official
Expected: SzvÃ¡zifÃ¶ldi KirÃ¡lysÃ¡g
     got: Szváziföldi Királyság
 ; [cca2=SZ].translations.jpn.common
Expected: ã‚¹ãƒ¯ã‚¸ãƒ©ãƒ³ãƒ‰
     got: スワジランド
 ; [cca2=SZ].translations.jpn.official
Expected: ã‚¹ãƒ¯ã‚¸ãƒ©ãƒ³ãƒ‰çŽ‹å›½
     got: スワジランド王国
 ; [cca2=SZ].translations.kor.common
Expected: ì—�ìŠ¤ì™€í‹°ë‹ˆ
     got: 에스와티니
 ; [cca2=SZ].translations.kor.official
Expected: ì—�ìŠ¤ì™€í‹°ë‹ˆ ì™•êµ­
     got: 에스와티니 왕국
 ; [cca2=SZ].translations.per.common
Expected: Ø§Ø³ÙˆØ§ØªÛŒÙ†ÛŒ
     got: اسواتینی
 ; [cca2=SZ].translations.per.official
Expected: Ù¾Ø§Ø¯Ø´Ø§Ù‡ÛŒ Ø³ÙˆØ§Ø²ÛŒÙ„Ù†Ø¯
     got: پادشاهی سوازیلند
 ; [cca2=SZ].translations.pol.official
Expected: KrÃ³lestwo Suazi
     got: Królestwo Suazi
 ; [cca2=SZ].translations.por.common
Expected: SuazilÃ¢ndia
     got: Suazilândia
 ; [cca2=SZ].translations.rus.common
Expected: Ð¡Ð²Ð°Ð·Ð¸Ð»ÐµÐ½Ð´
     got: Свазиленд
 ; [cca2=SZ].translations.rus.official
Expected: ÐšÐ¾Ñ€Ð¾Ð»ÐµÐ²Ñ�Ñ‚Ð²Ð¾ Ð¡Ð²Ð°Ð·Ð¸Ð»ÐµÐ½Ð´
     got: Королевство Свазиленд
 ; [cca2=SZ].translations.slk.official
Expected: SvazijskÃ© krÃ¡Ä¾ovstvo
     got: Svazijské kráľovstvo
 ; [cca2=SZ].translations.srp.common
Expected: Ð•Ñ�Ð²Ð°Ñ‚Ð¸Ð½Ð¸
     got: Есватини
 ; [cca2=SZ].translations.srp.official
Expected: ÐšÑ€Ð°Ñ™ÐµÐ²Ð¸Ð½Ð° Ð•Ñ�Ð²Ð°Ñ‚Ð¸Ð½Ð¸
     got: Краљевина Есватини
 ; [cca2=SZ].translations.tur.official
Expected: Esvatini KrallÄ±ÄŸÄ±
     got: Esvatini Krallığı
 ; [cca2=SZ].translations.urd.common
Expected: Ø³ÙˆØ§Ø²ÛŒ Ù„ÛŒÙ†Úˆ
     got: سوازی لینڈ
 ; [cca2=SZ].translations.urd.official
Expected: Ù…Ù…Ù„Ú©ØªÙ� Ø³ÙˆØ§Ø²ÛŒ Ù„ÛŒÙ†Úˆ
     got: مملکتِ سوازی لینڈ
 ; [cca2=SZ].translations.zho.common
Expected: æ–¯å¨�å£«å…°
     got: 斯威士兰
 ; [cca2=SZ].translations.zho.official
Expected: æ–¯å¨�å£«å…°çŽ‹å›½
     got: 斯威士兰王国
 ; [cca2=CK].altSpellings[]
Expected: KÅ«ki &apos;Ä€irani
     but none found
 ; [cca2=CK].altSpellings[]
Unexpected: Kūki &apos;Āirani
 ; [cca2=CK].flag
Expected: ðŸ‡¨ðŸ‡°
     got: 🇨🇰
 ; [cca2=CK].languages.rar
Expected: Cook Islands MÄ�ori
     got: Cook Islands Māori
 ; [cca2=CK].name.nativeName.rar.common
Expected: KÅ«ki &apos;Ä€irani
     got: Kūki &apos;Āirani
 ; [cca2=CK].name.nativeName.rar.official
Expected: KÅ«ki &apos;Ä€irani
     got: Kūki &apos;Āirani
 ; [cca2=CK].translations.ara.common
Expected: Ø¬Ø²Ø± ÙƒÙˆÙƒ
     got: جزر كوك
 ; [cca2=CK].translations.ara.official
Expected: Ø¬Ø²Ø± ÙƒÙˆÙƒ
     got: جزر كوك
 ; [cca2=CK].translations.fra.common
Expected: ÃŽles Cook
     got: Îles Cook
 ; [cca2=CK].translations.fra.official
Expected: ÃŽles Cook
     got: Îles Cook
 ; [cca2=CK].translations.hrv.common
Expected: Cookovo OtoÄ�je
     got: Cookovo Otočje
 ; [cca2=CK].translations.jpn.common
Expected: ã‚¯ãƒƒã‚¯è«¸å³¶
     got: クック諸島
 ; [cca2=CK].translations.jpn.official
Expected: ã‚¯ãƒƒã‚¯è«¸å³¶
     got: クック諸島
 ; [cca2=CK].translations.kor.common
Expected: ì¿¡ ì œë�„
     got: 쿡 제도
 ; [cca2=CK].translations.kor.official
Expected: ì¿¡ ì œë�„
     got: 쿡 제도
 ; [cca2=CK].translations.per.common
Expected: Ø¬Ø²Ø§ÛŒØ± Ú©ÙˆÚ©
     got: جزایر کوک
 ; [cca2=CK].translations.per.official
Expected: Ø¬Ø²Ø§ÛŒØ± Ú©ÙˆÚ©
     got: جزایر کوک
 ; [cca2=CK].translations.rus.common
Expected: ÐžÑ�Ñ‚Ñ€Ð¾Ð²Ð° ÐšÑƒÐºÐ°
     got: Острова Кука
 ; [cca2=CK].translations.rus.official
Expected: Ð¾Ñ�Ñ‚Ñ€Ð¾Ð²Ð° ÐšÑƒÐºÐ°
     got: острова Кука
 ; [cca2=CK].translations.srp.common
Expected: ÐšÑƒÐºÐ¾Ð²Ð° ÐžÑ�Ñ‚Ñ€Ð²Ð°
     got: Кукова Острва
 ; [cca2=CK].translations.srp.official
Expected: ÐšÑƒÐºÐ¾Ð²Ð° ÐžÑ�Ñ‚Ñ€Ð²Ð°
     got: Кукова Острва
 ; [cca2=CK].translations.swe.common
Expected: CookÃ¶arna
     got: Cooköarna
 ; [cca2=CK].translations.swe.official
Expected: CookÃ¶arna
     got: Cooköarna
 ; [cca2=CK].translations.tur.common
Expected: Cook AdalarÄ±
     got: Cook Adaları
 ; [cca2=CK].translations.tur.official
Expected: Cook AdalarÄ±
     got: Cook Adaları
 ; [cca2=CK].translations.urd.common
Expected: Ø¬Ø²Ø§Ø¦Ø± Ú©Ú©
     got: جزائر کک
 ; [cca2=CK].translations.urd.official
Expected: Ø¬Ø²Ø§Ø¦Ø± Ú©Ú©
     got: جزائر کک
 ; [cca2=CK].translations.zho.common
Expected: åº“å…‹ç¾¤å²›
     got: 库克群岛
 ; [cca2=CK].translations.zho.official
Expected: åº“å…‹ç¾¤å²›
     got: 库克群岛
 ; [cca2=CL].altSpellings[]
Expected: RepÃºblica de Chile
     but none found
 ; [cca2=CL].altSpellings[]
Unexpected: República de Chile
 ; [cca2=CL].flag
Expected: ðŸ‡¨ðŸ‡±
     got: 🇨🇱
 ; [cca2=CL].name.nativeName.spa.official
Expected: RepÃºblica de Chile
     got: República de Chile
 ; [cca2=CL].translations.ara.common
Expected: ØªØ´ÙŠÙ„ÙŠ
     got: تشيلي
 ; [cca2=CL].translations.ara.official
Expected: Ø¬Ù…Ù‡ÙˆØ±ÙŠØ© ØªØ´ÙŠÙ„ÙŠ
     got: جمهورية تشيلي
 ; [cca2=CL].translations.ces.official
Expected: ChilskÃ¡ republika
     got: Chilská republika
 ; [cca2=CL].translations.est.common
Expected: TÅ¡iili
     got: Tšiili
 ; [cca2=CL].translations.est.official
Expected: TÅ¡iili Vabariik
     got: Tšiili Vabariik
 ; [cca2=CL].translations.fra.official
Expected: RÃ©publique du Chili
     got: République du Chili
 ; [cca2=CL].translations.hrv.common
Expected: ÄŒile
     got: Čile
 ; [cca2=CL].translations.hrv.official
Expected: Republika ÄŒile
     got: Republika Čile
 ; [cca2=CL].translations.hun.official
Expected: Chilei KÃ¶ztÃ¡rsasÃ¡g
     got: Chilei Köztársaság
 ; [cca2=CL].translations.jpn.common
Expected: ãƒ�ãƒª
     got: チリ
 ; [cca2=CL].translations.jpn.official
Expected: ãƒ�ãƒªå…±å’Œå›½
     got: チリ共和国
 ; [cca2=CL].translations.kor.common
Expected: ì¹ ë ˆ
     got: 칠레
 ; [cca2=CL].translations.kor.official
Expected: ì¹ ë ˆ ê³µí™”êµ­
     got: 칠레 공화국
 ; [cca2=CL].translations.per.common
Expected: Ø´ÛŒÙ„ÛŒ
     got: شیلی
 ; [cca2=CL].translations.per.official
Expected: Ø¬Ù…Ù‡ÙˆØ±ÛŒ Ø´ÛŒÙ„ÛŒ
     got: جمهوری شیلی
 ; [cca2=CL].translations.por.official
Expected: RepÃºblica do Chile
     got: República do Chile
 ; [cca2=CL].translations.rus.common
Expected: Ð§Ð¸Ð»Ð¸
     got: Чили
 ; [cca2=CL].translations.rus.official
Expected: Ð ÐµÑ�Ð¿ÑƒÐ±Ð»Ð¸ÐºÐ° Ð§Ð¸Ð»Ð¸
     got: Республика Чили
 ; [cca2=CL].translations.slk.common
Expected: ÄŒile
     got: Čile
 ; [cca2=CL].translations.slk.official
Expected: ÄŒÃ­lska republika
     got: Čílska republika
 ; [cca2=CL].translations.spa.official
Expected: RepÃºblica de Chile
     got: República de Chile
 ; [cca2=CL].translations.srp.common
Expected: Ð§Ð¸Ð»Ðµ
     got: Чиле
 ; [cca2=CL].translations.srp.official
Expected: Ð ÐµÐ¿ÑƒÐ±Ð»Ð¸ÐºÐ° Ð§Ð¸Ð»Ðµ
     got: Република Чиле
 ; [cca2=CL].translations.tur.common
Expected: Åžili
     got: Şili
 ; [cca2=CL].translations.tur.official
Expected: Åžili Cumhuriyeti
     got: Şili Cumhuriyeti
 ; [cca2=CL].translations.urd.common
Expected: Ú†Ù„ÛŒ
     got: چلی
 ; [cca2=CL].translations.urd.official
Expected: Ø¬Ù…Û�ÙˆØ±ÛŒÛ� Ú†Ù„ÛŒ
     got: جمہوریہ چلی
 ; [cca2=CL].translations.zho.common
Expected: æ™ºåˆ©
     got: 智利
 ; [cca2=CL].translations.zho.official
Expected: æ™ºåˆ©å…±å’Œå›½
     got: 智利共和国
 ; [cca2=CM].altSpellings[]
Expected: RÃ©publique du Cameroun
     but none found
 ; [cca2=CM].altSpellings[]
Unexpected: République du Cameroun
 ; [cca2=CM].capital[]
Expected: YaoundÃ©
     but none found
 ; [cca2=CM].capital[]
Unexpected: Yaoundé
 ; [cca2=CM].flag
Expected: ðŸ‡¨ðŸ‡²
     got: 🇨🇲
 ; [cca2=CM].name.nativeName.fra.official
Expected: RÃ©publique du Cameroun
     got: République du Cameroun
 ; [cca2=CM].translations.ara.common
Expected: Ø§Ù„ÙƒØ§Ù…ÙŠØ±ÙˆÙ†
     got: الكاميرون
 ; [cca2=CM].translations.ara.official
Expected: Ø¬Ù…Ù‡ÙˆØ±ÙŠØ© Ø§Ù„ÙƒØ§Ù…ÙŠØ±ÙˆÙ†
     got: جمهورية الكاميرون
 ; [cca2=CM].translations.ces.official
Expected: KamerunskÃ¡ republika
     got: Kamerunská republika
 ; [cca2=CM].translations.cym.common
Expected: CamerÅµn
     got: Camerŵn
 ; [cca2=CM].translations.cym.official
Expected: Gweriniaeth CamerÅµn
     got: Gweriniaeth Camerŵn
 ; [cca2=CM].translations.fra.official
Expected: RÃ©publique du Cameroun
     got: République du Cameroun
 ; [cca2=CM].translations.hun.official
Expected: Kameruni KÃ¶ztÃ¡rsasÃ¡g
     got: Kameruni Köztársaság
 ; [cca2=CM].translations.jpn.common
Expected: ã‚«ãƒ¡ãƒ«ãƒ¼ãƒ³
     got: カメルーン
 ; [cca2=CM].translations.jpn.official
Expected: ã‚«ãƒ¡ãƒ«ãƒ¼ãƒ³å…±å’Œå›½
     got: カメルーン共和国
 ; [cca2=CM].translations.kor.common
Expected: ì¹´ë©”ë£¬
     got: 카메룬
 ; [cca2=CM].translations.kor.official
Expected: ì¹´ë©”ë£¬ ê³µí™”êµ­
     got: 카메룬 공화국
 ; [cca2=CM].translations.per.common
Expected: Ú©Ø§Ù…Ù�Ø±ÙˆÙ†
     got: کامِرون
 ; [cca2=CM].translations.per.official
Expected: Ø¬Ù…Ù‡ÙˆØ±ÛŒ Ú©Ø§Ù…Ù�Ø±ÙˆÙ†
     got: جمهوری کامِرون
 ; [cca2=CM].translations.por.common
Expected: CamarÃµes
     got: Camarões
 ; [cca2=CM].translations.por.official
Expected: RepÃºblica dos CamarÃµes
     got: República dos Camarões
 ; [cca2=CM].translations.rus.common
Expected: ÐšÐ°Ð¼ÐµÑ€ÑƒÐ½
     got: Камерун
 ; [cca2=CM].translations.rus.official
Expected: Ð ÐµÑ�Ð¿ÑƒÐ±Ð»Ð¸ÐºÐ° ÐšÐ°Ð¼ÐµÑ€ÑƒÐ½
     got: Республика Камерун
 ; [cca2=CM].translations.slk.official
Expected: KamerunskÃ¡ republika
     got: Kamerunská republika
 ; [cca2=CM].translations.spa.common
Expected: CamerÃºn
     got: Camerún
 ; [cca2=CM].translations.spa.official
Expected: RepÃºblica de CamerÃºn
     got: República de Camerún
 ; [cca2=CM].translations.srp.common
Expected: ÐšÐ°Ð¼ÐµÑ€ÑƒÐ½
     got: Камерун
 ; [cca2=CM].translations.srp.official
Expected: Ð ÐµÐ¿ÑƒÐ±Ð»Ð¸ÐºÐ° ÐšÐ°Ð¼ÐµÑ€ÑƒÐ½
     got: Република Камерун
 ; [cca2=CM].translations.urd.common
Expected: Ú©ÛŒÙ…Ø±ÙˆÙ†
     got: کیمرون
 ; [cca2=CM].translations.urd.official
Expected: Ø¬Ù…Û�ÙˆØ±ÛŒÛ� Ú©ÛŒÙ…Ø±ÙˆÙ†
     got: جمہوریہ کیمرون
 ; [cca2=CM].translations.zho.common
Expected: å–€éº¦éš†
     got: 喀麦隆
 ; [cca2=CM].translations.zho.official
Expected: å–€éº¦éš†å…±å’Œå›½
     got: 喀麦隆共和国
 ; [cca2=CN].altSpellings[]
Expected: ZhÅ�ngguÃ³
     but none found
 ; [cca2=CN].altSpellings[]
Expected: ä¸­å�Žäººæ°‘å…±å’Œå›½
     but none found
 ; [cca2=CN].altSpellings[]
Expected: ZhÅ�nghuÃ¡ RÃ©nmÃ­n GÃ²nghÃ©guÃ³
     but none found
 ; [cca2=CN].altSpellings[]
Unexpected: Zhōngguó
 ; [cca2=CN].altSpellings[]
Unexpected: 中华人民共和国
 ; [cca2=CN].altSpellings[]
Unexpected: Zhōnghuá Rénmín Gònghéguó
 ; [cca2=CN].currencies.CNY.symbol
Expected: Â¥
     got: ¥
 ; [cca2=CN].flag
Expected: ðŸ‡¨ðŸ‡³
     got: 🇨🇳
 ; [cca2=CN].flags.alt
Expected: The flag of China has a red field. In the canton are five yellow five-pointed stars â€” a large star and four smaller stars arranged in a vertical arc on the fly side of the large star.
     got: The flag of China has a red field. In the canton are five yellow five-pointed stars — a large star and four smaller stars arranged in a vertical arc on the fly side of the large star.
 ; [cca2=CN].name.nativeName.zho.common
Expected: ä¸­å›½
     got: 中国
 ; [cca2=CN].name.nativeName.zho.official
Expected: ä¸­å�Žäººæ°‘å…±å’Œå›½
     got: 中华人民共和国
 ; [cca2=CN].tld[]
Expected: .ä¸­åœ‹
     but none found
 ; [cca2=CN].tld[]
Expected: .ç½‘ç»œ
     but none found
 ; [cca2=CN].tld[]
Expected: .ä¸­å›½
     but none found
 ; [cca2=CN].tld[]
Expected: .å…¬å�¸
     but none found
 ; [cca2=CN].tld[]
Unexpected: .公司
 ; [cca2=CN].tld[]
Unexpected: .中国
 ; [cca2=CN].tld[]
Unexpected: .中國
 ; [cca2=CN].tld[]
Unexpected: .网络
 ; [cca2=CN].translations.ara.common
Expected: Ø§Ù„ØµÙŠÙ†
     got: الصين
 ; [cca2=CN].translations.ara.official
Expected: Ø¬Ù…Ù‡ÙˆØ±ÙŠØ© Ø§Ù„ØµÙŠÙ† Ø§Ù„Ø´Ø¹Ø¨ÙŠØ©
     got: جمهورية الصين الشعبية
 ; [cca2=CN].translations.ces.common
Expected: ÄŒÃ­na
     got: Čína
 ; [cca2=CN].translations.ces.official
Expected: ÄŒÃ­nskÃ¡ lidovÃ¡ republika
     got: Čínská lidová republika
 ; [cca2=CN].translations.fra.official
Expected: RÃ©publique populaire de Chine
     got: République populaire de Chine
 ; [cca2=CN].translations.hun.common
Expected: KÃ­na
     got: Kína
 ; [cca2=CN].translations.hun.official
Expected: KÃ­nai NÃ©pkÃ¶ztÃ¡rsasÃ¡g
     got: Kínai Népköztársaság
 ; [cca2=CN].translations.jpn.common
Expected: ä¸­å›½
     got: 中国
 ; [cca2=CN].translations.jpn.official
Expected: ä¸­è�¯äººæ°‘å…±å’Œå›½
     got: 中華人民共和国
 ; [cca2=CN].translations.kor.common
Expected: ì¤‘êµ­
     got: 중국
 ; [cca2=CN].translations.kor.official
Expected: ì¤‘í™”ì�¸ë¯¼ê³µí™”êµ­
     got: 중화인민공화국
 ; [cca2=CN].translations.per.common
Expected: Ú†ÛŒÙ†
     got: چین
 ; [cca2=CN].translations.per.official
Expected: Ø¬Ù…Ù‡ÙˆØ±ÛŒ Ø®Ù„Ù‚ Ú†ÛŒÙ†
     got: جمهوری خلق چین
 ; [cca2=CN].translations.pol.official
Expected: ChiÅ„ska Republika Ludowa
     got: Chińska Republika Ludowa
 ; [cca2=CN].translations.por.official
Expected: RepÃºblica Popular da China
     got: República Popular da China
 ; [cca2=CN].translations.rus.common
Expected: ÐšÐ¸Ñ‚Ð°Ð¹
     got: Китай
 ; [cca2=CN].translations.rus.official
Expected: Ð�Ð°Ñ€Ð¾Ð´Ð½Ð°Ñ� Ð ÐµÑ�Ð¿ÑƒÐ±Ð»Ð¸ÐºÐ° ÐšÐ¸Ñ‚Ð°Ð¹
     got: Народная Республика Китай
 ; [cca2=CN].translations.slk.common
Expected: ÄŒÃ­na
     got: Čína
 ; [cca2=CN].translations.slk.official
Expected: ÄŒÃ­nska Ä¾udovÃ¡ republika
     got: Čínska ľudová republika
 ; [cca2=CN].translations.spa.official
Expected: RepÃºblica Popular de China
     got: República Popular de China
 ; [cca2=CN].translations.srp.common
Expected: ÐšÐ¸Ð½Ð°
     got: Кина
 ; [cca2=CN].translations.srp.official
Expected: Ð�Ð°Ñ€Ð¾Ð´Ð½Ð° Ð ÐµÐ¿ÑƒÐ±Ð»Ð¸ÐºÐ° ÐšÐ¸Ð½Ð°
     got: Народна Република Кина
 ; [cca2=CN].translations.tur.common
Expected: Ã‡in
     got: Çin
 ; [cca2=CN].translations.tur.official
Expected: Ã‡in Halk Cumhuriyeti
     got: Çin Halk Cumhuriyeti
 ; [cca2=CN].translations.urd.common
Expected: Ú†ÛŒÙ†
     got: چین
 ; [cca2=CN].translations.urd.official
Expected: Ø¹ÙˆØ§Ù…ÛŒ Ø¬Ù…Û�ÙˆØ±ÛŒÛ� Ú†ÛŒÙ†
     got: عوامی جمہوریہ چین
 ; [cca2=CO].altSpellings[]
Expected: RepÃºblica de Colombia
     but none found
 ; [cca2=CO].altSpellings[]
Unexpected: República de Colombia
 ; [cca2=CO].capital[]
Expected: BogotÃ¡
     but none found
 ; [cca2=CO].capital[]
Unexpected: Bogotá
 ; [cca2=CO].flag
Expected: ðŸ‡¨ðŸ‡´
     got: 🇨🇴
 ; [cca2=CO].name.nativeName.spa.official
Expected: RepÃºblica de Colombia
     got: República de Colombia
 ; [cca2=CO].translations.ara.common
Expected: ÙƒÙˆÙ„ÙˆÙ…Ø¨ÙŠØ§
     got: كولومبيا
 ; [cca2=CO].translations.ara.official
Expected: Ø¬Ù…Ù‡ÙˆØ±ÙŠØ© ÙƒÙˆÙ„ÙˆÙ…Ø¨ÙŠØ§
     got: جمهورية كولومبيا
 ; [cca2=CO].translations.ces.official
Expected: KolumbijskÃ¡ republika
     got: Kolumbijská republika
 ; [cca2=CO].translations.fra.official
Expected: RÃ©publique de Colombie
     got: République de Colombie
 ; [cca2=CO].translations.hun.official
Expected: Kolumbiai KÃ¶ztÃ¡rsasÃ¡g
     got: Kolumbiai Köztársaság
 ; [cca2=CO].translations.jpn.common
Expected: ã‚³ãƒ­ãƒ³ãƒ“ã‚¢
     got: コロンビア
 ; [cca2=CO].translations.jpn.official
Expected: ã‚³ãƒ­ãƒ³ãƒ“ã‚¢å…±å’Œå›½
     got: コロンビア共和国
 ; [cca2=CO].translations.kor.common
Expected: ì½œë¡¬ë¹„ì•„
     got: 콜롬비아
 ; [cca2=CO].translations.kor.official
Expected: ì½œë¡¬ë¹„ì•„ ê³µí™”êµ­
     got: 콜롬비아 공화국
 ; [cca2=CO].translations.per.common
Expected: Ú©Ù„Ù…Ø¨ÛŒØ§
     got: کلمبیا
 ; [cca2=CO].translations.per.official
Expected: Ø¬Ù…Ù‡ÙˆØ±ÛŒ Ú©Ù„Ù…Ø¨ÛŒØ§
     got: جمهوری کلمبیا
 ; [cca2=CO].translations.por.common
Expected: ColÃ´mbia
     got: Colômbia
 ; [cca2=CO].translations.por.official
Expected: RepÃºblica da ColÃ´mbia
     got: República da Colômbia
 ; [cca2=CO].translations.rus.common
Expected: ÐšÐ¾Ð»ÑƒÐ¼Ð±Ð¸Ñ�
     got: Колумбия
 ; [cca2=CO].translations.rus.official
Expected: Ð ÐµÑ�Ð¿ÑƒÐ±Ð»Ð¸ÐºÐ° ÐšÐ¾Ð»ÑƒÐ¼Ð±Ð¸Ñ�
     got: Республика Колумбия
 ; [cca2=CO].translations.slk.official
Expected: KolumbijskÃ¡ republika
     got: Kolumbijská republika
 ; [cca2=CO].translations.spa.official
Expected: RepÃºblica de Colombia
     got: República de Colombia
 ; [cca2=CO].translations.srp.common
Expected: ÐšÐ¾Ð»ÑƒÐ¼Ð±Ð¸Ñ˜Ð°
     got: Колумбија
 ; [cca2=CO].translations.srp.official
Expected: Ð ÐµÐ¿ÑƒÐ±Ð»Ð¸ÐºÐ° ÐšÐ¾Ð»ÑƒÐ¼Ð±Ð¸Ñ˜Ð°
     got: Република Колумбија
 ; [cca2=CO].translations.urd.common
Expected: Ú©ÙˆÙ„Ù…Ø¨ÛŒØ§
     got: کولمبیا
 ; [cca2=CO].translations.urd.official
Expected: Ø¬Ù…Û�ÙˆØ±ÛŒÛ� Ú©ÙˆÙ„Ù…Ø¨ÛŒØ§
     got: جمہوریہ کولمبیا
 ; [cca2=CO].translations.zho.common
Expected: å“¥ä¼¦æ¯”äºš
     got: 哥伦比亚
 ; [cca2=CO].translations.zho.official
Expected: å“¥ä¼¦æ¯”äºšå…±å’Œå›½
     got: 哥伦比亚共和国
 ; [cca2=CR].altSpellings[]
Expected: RepÃºblica de Costa Rica
     but none found
 ; [cca2=CR].altSpellings[]
Unexpected: República de Costa Rica
 ; [cca2=CR].capital[]
Expected: San JosÃ©
     but none found
 ; [cca2=CR].capital[]
Unexpected: San José
 ; [cca2=CR].currencies.CRC.name
Expected: Costa Rican colÃ³n
     got: Costa Rican colón
 ; [cca2=CR].currencies.CRC.symbol
Expected: â‚¡
     got: ₡
 ; [cca2=CR].flag
Expected: ðŸ‡¨ðŸ‡·
     got: 🇨🇷
 ; [cca2=CR].name.nativeName.spa.official
Expected: RepÃºblica de Costa Rica
     got: República de Costa Rica
 ; [cca2=CR].translations.ara.common
Expected: ÙƒÙˆØ³ØªØ§Ø±ÙŠÙƒØ§
     got: كوستاريكا
 ; [cca2=CR].translations.ara.official
Expected: Ø¬Ù…Ù‡ÙˆØ±ÙŠØ© ÙƒÙˆØ³ØªØ§Ø±ÙŠÙƒØ§
     got: جمهورية كوستاريكا
 ; [cca2=CR].translations.ces.official
Expected: KostarickÃ¡ republika
     got: Kostarická republika
 ; [cca2=CR].translations.fra.official
Expected: RÃ©publique du Costa Rica
     got: République du Costa Rica
 ; [cca2=CR].translations.hun.official
Expected: Costa Rica-i KÃ¶ztÃ¡rsasÃ¡g
     got: Costa Rica-i Köztársaság
 ; [cca2=CR].translations.jpn.common
Expected: ã‚³ã‚¹ã‚¿ãƒªã‚«
     got: コスタリカ
 ; [cca2=CR].translations.jpn.official
Expected: ã‚³ã‚¹ã‚¿ãƒªã‚«å…±å’Œå›½
     got: コスタリカ共和国
 ; [cca2=CR].translations.kor.common
Expected: ì½”ìŠ¤íƒ€ë¦¬ì¹´
     got: 코스타리카
 ; [cca2=CR].translations.kor.official
Expected: ì½”ìŠ¤íƒ€ë¦¬ì¹´ ê³µí™”êµ­
     got: 코스타리카 공화국
 ; [cca2=CR].translations.per.common
Expected: Ú©Ø§Ø³ØªØ§Ø±ÛŒÚ©Ø§
     got: کاستاریکا
 ; [cca2=CR].translations.per.official
Expected: Ø¬Ù…Ù‡ÙˆØ±ÛŒ Ú©Ø§Ø³ØªØ§Ø±ÛŒÚ©Ø§
     got: جمهوری کاستاریکا
 ; [cca2=CR].translations.por.official
Expected: RepÃºblica da Costa Rica
     got: República da Costa Rica
 ; [cca2=CR].translations.rus.common
Expected: ÐšÐ¾Ñ�Ñ‚Ð°-Ð Ð¸ÐºÐ°
     got: Коста-Рика
 ; [cca2=CR].translations.rus.official
Expected: Ð ÐµÑ�Ð¿ÑƒÐ±Ð»Ð¸ÐºÐ° ÐšÐ¾Ñ�Ñ‚Ð°-Ð Ð¸ÐºÐ°
     got: Республика Коста-Рика
 ; [cca2=CR].translations.slk.official
Expected: KostarickÃ¡ republika
     got: Kostarická republika
 ; [cca2=CR].translations.spa.official
Expected: RepÃºblica de Costa Rica
     got: República de Costa Rica
 ; [cca2=CR].translations.srp.common
Expected: ÐšÐ¾Ñ�Ñ‚Ð°Ñ€Ð¸ÐºÐ°
     got: Костарика
 ; [cca2=CR].translations.srp.official
Expected: Ð ÐµÐ¿ÑƒÐ±Ð»Ð¸ÐºÐ° ÐšÐ¾Ñ�Ñ‚Ð°Ñ€Ð¸ÐºÐ°
     got: Република Костарика
 ; [cca2=CR].translations.urd.common
Expected: Ú©ÙˆØ³Ù¹Ø§Ø±ÛŒÚ©Ø§
     got: کوسٹاریکا
 ; [cca2=CR].translations.urd.official
Expected: Ø¬Ù…Û�ÙˆØ±ÛŒÛ� Ú©ÙˆØ³Ù¹Ø§Ø±ÛŒÚ©Ø§
     got: جمہوریہ کوسٹاریکا
 ; [cca2=CR].translations.zho.common
Expected: å“¥æ–¯è¾¾é»ŽåŠ 
     got: 哥斯达黎加
 ; [cca2=CR].translations.zho.official
Expected: å“¥æ–¯è¾¾é»ŽåŠ å…±å’Œå›½
     got: 哥斯达黎加共和国
 ; [cca2=TC].flag
Expected: ðŸ‡¹ðŸ‡¨
     got: 🇹🇨
 ; [cca2=TC].translations.ara.common
Expected: Ø¬Ø²Ø± ØªÙˆØ±ÙƒØ³ ÙˆÙƒØ§ÙŠÙƒÙˆØ³
     got: جزر توركس وكايكوس
 ; [cca2=TC].translations.ara.official
Expected: Ø¬Ø²Ø± ØªÙˆØ±ÙƒØ³ ÙˆÙƒØ§ÙŠÙƒÙˆØ³
     got: جزر توركس وكايكوس
 ; [cca2=TC].translations.fra.common
Expected: ÃŽles Turques-et-CaÃ¯ques
     got: Îles Turques-et-Caïques
 ; [cca2=TC].translations.fra.official
Expected: ÃŽles Turques et CaÃ¯ques
     got: Îles Turques et Caïques
 ; [cca2=TC].translations.hun.common
Expected: Turks- Ã©s Caicos-szigetek
     got: Turks- és Caicos-szigetek
 ; [cca2=TC].translations.hun.official
Expected: Turks- Ã©s Caicos-szigetek
     got: Turks- és Caicos-szigetek
 ; [cca2=TC].translations.jpn.common
Expected: ã‚¿ãƒ¼ã‚¯ã‚¹ãƒ»ã‚«ã‚¤ã‚³ã‚¹è«¸å³¶
     got: タークス・カイコス諸島
 ; [cca2=TC].translations.jpn.official
Expected: ã‚¿ãƒ¼ã‚¯ã‚¹Â·ã‚«ã‚¤ã‚³ã‚¹è«¸å³¶
     got: タークス·カイコス諸島
 ; [cca2=TC].translations.kor.common
Expected: í„°í�¬ìŠ¤ ì¼€ì�´ì»¤ìŠ¤ ì œë�„
     got: 터크스 케이커스 제도
 ; [cca2=TC].translations.kor.official
Expected: í„°í�¬ìŠ¤ ì¼€ì�´ì»¤ìŠ¤ ì œë�„
     got: 터크스 케이커스 제도
 ; [cca2=TC].translations.per.common
Expected: Ø¬Ø²Ø§ÛŒØ± ØªÙˆØ±Ú©Ø³ Ùˆ Ú©Ø§ÛŒÚ©ÙˆØ³
     got: جزایر تورکس و کایکوس
 ; [cca2=TC].translations.per.official
Expected: Ø¬Ø²Ø§ÛŒØ± ØªÙˆØ±Ú©Ø³ Ùˆ Ú©Ø§ÛŒÚ©ÙˆØ³
     got: جزایر تورکس و کایکوس
 ; [cca2=TC].translations.rus.common
Expected: Ð¢ÐµÑ€ÐºÑ� Ð¸ ÐšÐ°Ð¹ÐºÐ¾Ñ�
     got: Теркс и Кайкос
 ; [cca2=TC].translations.rus.official
Expected: Ð¢ÐµÑ€ÐºÑ� Ð¸ ÐšÐ°Ð¹ÐºÐ¾Ñ� Ð¾Ñ�Ñ‚Ñ€Ð¾Ð²Ð°
     got: Теркс и Кайкос острова
 ; [cca2=TC].translations.srp.common
Expected: Ð¢ÐµÑ€ÐºÑ� Ð¸ ÐšÐµÑ˜ÐºÐ¾Ñ�
     got: Теркс и Кејкос
 ; [cca2=TC].translations.srp.official
Expected: ÐžÑ�Ñ‚Ñ€Ð²Ð° Ð¢ÐµÑ€ÐºÑ� Ð¸ ÐšÐµÑ˜ÐºÐ¾Ñ�
     got: Острва Теркс и Кејкос
 ; [cca2=TC].translations.swe.common
Expected: Turks- och CaicosÃ¶arna
     got: Turks- och Caicosöarna
 ; [cca2=TC].translations.swe.official
Expected: Turks- och CaicosÃ¶arna
     got: Turks- och Caicosöarna
 ; [cca2=TC].translations.tur.common
Expected: Turks ve Caicos AdalarÄ±
     got: Turks ve Caicos Adaları
 ; [cca2=TC].translations.tur.official
Expected: Turks ve Caicos AdalarÄ±
     got: Turks ve Caicos Adaları
 ; [cca2=TC].translations.urd.common
Expected: Ø¬Ø²Ø§Ø¦Ø± Ú©ÛŒÚ©Ø³ Ùˆ ØªØ±Ú©ÛŒÛ�
     got: جزائر کیکس و ترکیہ
 ; [cca2=TC].translations.urd.official
Expected: Ø¬Ø²Ø§Ø¦Ø± Ú©ÛŒÚ©Ø³ Ùˆ ØªØ±Ú©ÛŒÛ�
     got: جزائر کیکس و ترکیہ
 ; [cca2=TC].translations.zho.common
Expected: ç‰¹å…‹æ–¯å’Œå‡¯ç§‘æ–¯ç¾¤å²›
     got: 特克斯和凯科斯群岛
 ; [cca2=TC].translations.zho.official
Expected: ç‰¹å…‹æ–¯å’Œå‡¯ç§‘æ–¯ç¾¤å²›
     got: 特克斯和凯科斯群岛
 ; [cca2=TD].altSpellings[]
Expected: RÃ©publique du Tchad
     but none found
 ; [cca2=TD].altSpellings[]
Unexpected: République du Tchad
 ; [cca2=TD].flag
Expected: ðŸ‡¹ðŸ‡©
     got: 🇹🇩
 ; [cca2=TD].name.nativeName.ara.common
Expected: ØªØ´Ø§Ø¯â€Ž
     got: تشاد‎
 ; [cca2=TD].name.nativeName.ara.official
Expected: Ø¬Ù…Ù‡ÙˆØ±ÙŠØ© ØªØ´Ø§Ø¯
     got: جمهورية تشاد
 ; [cca2=TD].name.nativeName.fra.official
Expected: RÃ©publique du Tchad
     got: République du Tchad
 ; [cca2=TD].translations.ara.common
Expected: ØªØ´Ø§Ø¯
     got: تشاد
 ; [cca2=TD].translations.ara.official
Expected: Ø¬Ù…Ù‡ÙˆØ±ÙŠØ© ØªØ´Ø§Ø¯
     got: جمهورية تشاد
 ; [cca2=TD].translations.ces.common
Expected: ÄŒad
     got: Čad
 ; [cca2=TD].translations.ces.official
Expected: ÄŒadskÃ¡ republika
     got: Čadská republika
 ; [cca2=TD].translations.est.common
Expected: TÅ¡aad
     got: Tšaad
 ; [cca2=TD].translations.est.official
Expected: TÅ¡aadi Vabariik
     got: Tšaadi Vabariik
 ; [cca2=TD].translations.fin.common
Expected: TÅ¡ad
     got: Tšad
 ; [cca2=TD].translations.fin.official
Expected: TÅ¡adin tasavalta
     got: Tšadin tasavalta
 ; [cca2=TD].translations.fra.official
Expected: RÃ©publique du Tchad
     got: République du Tchad
 ; [cca2=TD].translations.hrv.common
Expected: ÄŒad
     got: Čad
 ; [cca2=TD].translations.hrv.official
Expected: ÄŒadu
     got: Čadu
 ; [cca2=TD].translations.hun.common
Expected: CsÃ¡d
     got: Csád
 ; [cca2=TD].translations.hun.official
Expected: CsÃ¡d KÃ¶ztÃ¡rsasÃ¡g
     got: Csád Köztársaság
 ; [cca2=TD].translations.jpn.common
Expected: ãƒ�ãƒ£ãƒ‰
     got: チャド
 ; [cca2=TD].translations.jpn.official
Expected: ãƒ�ãƒ£ãƒ‰å…±å’Œå›½
     got: チャド共和国
 ; [cca2=TD].translations.kor.common
Expected: ì°¨ë“œ
     got: 차드
 ; [cca2=TD].translations.kor.official
Expected: ì°¨ë“œ ê³µí™”êµ­
     got: 차드 공화국
 ; [cca2=TD].translations.per.common
Expected: Ú†Ø§Ø¯
     got: چاد
 ; [cca2=TD].translations.per.official
Expected: Ø¬Ù…Ù‡ÙˆØ±ÛŒ Ú†Ø§Ø¯
     got: جمهوری چاد
 ; [cca2=TD].translations.por.official
Expected: RepÃºblica do Chade
     got: República do Chade
 ; [cca2=TD].translations.rus.common
Expected: Ð§Ð°Ð´
     got: Чад
 ; [cca2=TD].translations.rus.official
Expected: Ð ÐµÑ�Ð¿ÑƒÐ±Ð»Ð¸ÐºÐ° Ð§Ð°Ð´
     got: Республика Чад
 ; [cca2=TD].translations.slk.common
Expected: ÄŒad
     got: Čad
 ; [cca2=TD].translations.slk.official
Expected: ÄŒadskÃ¡ republika
     got: Čadská republika
 ; [cca2=TD].translations.spa.official
Expected: RepÃºblica de Chad
     got: República de Chad
 ; [cca2=TD].translations.srp.common
Expected: Ð§Ð°Ð´
     got: Чад
 ; [cca2=TD].translations.srp.official
Expected: Ð ÐµÐ¿ÑƒÐ±Ð»Ð¸ÐºÐ° Ð§Ð°Ð´
     got: Република Чад
 ; [cca2=TD].translations.tur.common
Expected: Ã‡ad
     got: Çad
 ; [cca2=TD].translations.tur.official
Expected: Ã‡ad Cumhuriyeti
     got: Çad Cumhuriyeti
 ; [cca2=TD].translations.urd.common
Expected: Ú†Ø§Úˆ
     got: چاڈ
 ; [cca2=TD].translations.urd.official
Expected: Ø¬Ù…Û�ÙˆØ±ÛŒÛ� Ú†Ø§Úˆ
     got: جمہوریہ چاڈ
 ; [cca2=TD].translations.zho.common
Expected: ä¹�å¾—
     got: 乍得
 ; [cca2=TD].translations.zho.official
Expected: ä¹�å¾—å…±å’Œå›½
     got: 乍得共和国
 ; [cca2=TF].capital[]
Expected: Port-aux-FranÃ§ais
     but none found
 ; [cca2=TF].capital[]
Unexpected: Port-aux-Français
 ; [cca2=TF].currencies.EUR.symbol
Expected: â‚¬
     got: €
 ; [cca2=TF].demonyms.fra.f
Expected: FranÃ§aise
     got: Française
 ; [cca2=TF].demonyms.fra.m
Expected: FranÃ§ais
     got: Français
 ; [cca2=TF].flag
Expected: ðŸ‡¹ðŸ‡«
     got: 🇹🇫
 ; [cca2=TF].name.nativeName.fra.common
Expected: Terres australes et antarctiques franÃ§aises
     got: Terres australes et antarctiques françaises
 ; [cca2=TF].name.nativeName.fra.official
Expected: Territoire des Terres australes et antarctiques franÃ§aises
     got: Territoire des Terres australes et antarctiques françaises
 ; [cca2=TF].translations.ara.common
Expected: Ø£Ø±Ø§Ø¶ Ù�Ø±Ù†Ø³ÙŠØ© Ø¬Ù†ÙˆØ¨ÙŠØ© ÙˆØ£Ù†ØªØ§Ø±ØªÙŠÙƒÙŠØ©
     got: أراض فرنسية جنوبية وأنتارتيكية
 ; [cca2=TF].translations.ara.official
Expected: Ù…Ù‚Ø§Ø·Ø¹Ø§Øª ÙˆØ£Ù‚Ø§Ù„ÙŠÙ… Ù…Ø§ ÙˆØ±Ø§Ø¡ Ø§Ù„Ø¨Ø­Ø§Ø± Ø§Ù„Ù�Ø±Ù†Ø³ÙŠØ©
     got: مقاطعات وأقاليم ما وراء البحار الفرنسية
 ; [cca2=TF].translations.bre.common
Expected: DouaroÃ¹ Aostral hag Antarktikel FraÃ±s
     got: Douaroù Aostral hag Antarktikel Frañs
 ; [cca2=TF].translations.bre.official
Expected: Tiriad DouaroÃ¹ Aostral hag Antarktikel FraÃ±s
     got: Tiriad Douaroù Aostral hag Antarktikel Frañs
 ; [cca2=TF].translations.ces.common
Expected: FrancouzskÃ¡ jiÅ¾nÃ­ a antarktickÃ¡ ÃºzemÃ­
     got: Francouzská jižní a antarktická území
 ; [cca2=TF].translations.ces.official
Expected: Teritorium FrancouzskÃ¡ jiÅ¾nÃ­ a antarktickÃ¡ ÃºzemÃ­
     got: Teritorium Francouzská jižní a antarktická území
 ; [cca2=TF].translations.deu.common
Expected: FranzÃ¶sische SÃ¼d- und Antarktisgebiete
     got: Französische Süd- und Antarktisgebiete
 ; [cca2=TF].translations.deu.official
Expected: Gebiet der FranzÃ¶sisch SÃ¼d- und Antarktisgebiete
     got: Gebiet der Französisch Süd- und Antarktisgebiete
 ; [cca2=TF].translations.est.common
Expected: Prantsuse LÃµunaalad
     got: Prantsuse Lõunaalad
 ; [cca2=TF].translations.est.official
Expected: Prantsuse LÃµunaalad
     got: Prantsuse Lõunaalad
 ; [cca2=TF].translations.fin.common
Expected: Ranskan etelÃ¤iset ja antarktiset alueet
     got: Ranskan eteläiset ja antarktiset alueet
 ; [cca2=TF].translations.fin.official
Expected: Ranskan etelÃ¤iset ja antarktiset alueet
     got: Ranskan eteläiset ja antarktiset alueet
 ; [cca2=TF].translations.fra.common
Expected: Terres australes et antarctiques franÃ§aises
     got: Terres australes et antarctiques françaises
 ; [cca2=TF].translations.fra.official
Expected: Territoire des Terres australes et antarctiques franÃ§aises
     got: Territoire des Terres australes et antarctiques françaises
 ; [cca2=TF].translations.hrv.common
Expected: Francuski juÅ¾ni i antarktiÄ�ki teritoriji
     got: Francuski južni i antarktički teritoriji
 ; [cca2=TF].translations.hrv.official
Expected: Teritoriju Francuski juÅ¾ni i antarktiÄ�ki teritoriji
     got: Teritoriju Francuski južni i antarktički teritoriji
 ; [cca2=TF].translations.hun.common
Expected: Francia dÃ©li Ã©s antarktiszi terÃ¼letek
     got: Francia déli és antarktiszi területek
 ; [cca2=TF].translations.hun.official
Expected: Francia dÃ©li Ã©s antarktiszi terÃ¼letek
     got: Francia déli és antarktiszi területek
 ; [cca2=TF].translations.jpn.common
Expected: ãƒ•ãƒ©ãƒ³ã‚¹é ˜å�—æ–¹ãƒ»å�—æ¥µåœ°åŸŸ
     got: フランス領南方・南極地域
 ; [cca2=TF].translations.jpn.official
Expected: ãƒ•ãƒ©ãƒ³ã‚¹é ˜å�—æ–¹Â·å�—æ¥µåœ°åŸŸã�®é ˜åœŸ
     got: フランス領南方·南極地域の領土
 ; [cca2=TF].translations.kor.common
Expected: í”„ëž‘ìŠ¤ë ¹ ë‚¨ë¶€ì™€ ë‚¨ê·¹ ì§€ì—­
     got: 프랑스령 남부와 남극 지역
 ; [cca2=TF].translations.kor.official
Expected: í”„ëž‘ìŠ¤ë ¹ ë‚¨ë¶€ì™€ ë‚¨ê·¹ ì§€ì—­
     got: 프랑스령 남부와 남극 지역
 ; [cca2=TF].translations.per.common
Expected: Ø³Ø±Ø²Ù…ÛŒÙ†â€ŒÙ‡Ø§ÛŒ Ø¬Ù†ÙˆØ¨ÛŒ Ùˆ Ø¬Ù†ÙˆØ¨Ú¯Ø§Ù†ÛŒ Ù�Ø±Ø§Ù†Ø³Ù‡
     got: سرزمین‌های جنوبی و جنوبگانی فرانسه
 ; [cca2=TF].translations.per.official
Expected: Ø³Ø±Ø²Ù…ÛŒÙ†â€ŒÙ‡Ø§ÛŒ Ø¬Ù†ÙˆØ¨ÛŒ Ùˆ Ø¬Ù†ÙˆØ¨Ú¯Ø§Ù†ÛŒ Ù�Ø±Ø§Ù†Ø³Ù‡
     got: سرزمین‌های جنوبی و جنوبگانی فرانسه
 ; [cca2=TF].translations.pol.common
Expected: Francuskie Terytoria PoÅ‚udniowe i Antarktyczne
     got: Francuskie Terytoria Południowe i Antarktyczne
 ; [cca2=TF].translations.pol.official
Expected: Francuskie Terytoria PoÅ‚udniowe i Antarktyczne
     got: Francuskie Terytoria Południowe i Antarktyczne
 ; [cca2=TF].translations.por.common
Expected: Terras Austrais e AntÃ¡rticas Francesas
     got: Terras Austrais e Antárticas Francesas
 ; [cca2=TF].translations.por.official
Expected: TerritÃ³rio do Sul e AntÃ¡rtica Francesa
     got: Território do Sul e Antártica Francesa
 ; [cca2=TF].translations.rus.common
Expected: Ð¤Ñ€Ð°Ð½Ñ†ÑƒÐ·Ñ�ÐºÐ¸Ðµ Ð®Ð¶Ð½Ñ‹Ðµ Ð¸ Ð�Ð½Ñ‚Ð°Ñ€ÐºÑ‚Ð¸Ñ‡ÐµÑ�ÐºÐ¸Ðµ Ñ‚ÐµÑ€Ñ€Ð¸Ñ‚Ð¾Ñ€Ð¸Ð¸
     got: Французские Южные и Антарктические территории
 ; [cca2=TF].translations.rus.official
Expected: Ð¢ÐµÑ€Ñ€Ð¸Ñ‚Ð¾Ñ€Ð¸Ñ� Ð¤Ñ€Ð°Ð½Ñ†ÑƒÐ·Ñ�ÐºÐ¸Ðµ Ð®Ð¶Ð½Ñ‹Ðµ Ð¸ Ð�Ð½Ñ‚Ð°Ñ€ÐºÑ‚Ð¸Ñ‡ÐµÑ�ÐºÐ¸Ðµ Ð·ÐµÐ¼Ð»Ð¸
     got: Территория Французские Южные и Антарктические земли
 ; [cca2=TF].translations.slk.common
Expected: FrancÃºzske juÅ½nÃ© a antarktickÃ© Ãºzemia
     got: Francúzske juŽné a antarktické územia
 ; [cca2=TF].translations.slk.official
Expected: FrancÃºzske juÅ¾nÃ© a antarktickÃ© Ãºzemia
     got: Francúzske južné a antarktické územia
 ; [cca2=TF].translations.spa.common
Expected: Tierras Australes y AntÃ¡rticas Francesas
     got: Tierras Australes y Antárticas Francesas
 ; [cca2=TF].translations.spa.official
Expected: Territorio del FrancÃ©s Tierras australes y antÃ¡rticas
     got: Territorio del Francés Tierras australes y antárticas
 ; [cca2=TF].translations.srp.common
Expected: Ð¤Ñ€Ð°Ð½Ñ†ÑƒÑ�ÐºÐµ Ñ˜ÑƒÐ¶Ð½Ðµ Ð¸ Ð°Ð½Ñ‚Ð°Ñ€ÐºÑ‚Ð¸Ñ‡ÐºÐµ Ð·ÐµÐ¼Ñ™Ðµ
     got: Француске јужне и антарктичке земље
 ; [cca2=TF].translations.srp.official
Expected: Ð¤Ñ€Ð°Ð½Ñ†ÑƒÑ�ÐºÐµ Ñ˜ÑƒÐ¶Ð½Ðµ Ð¸ Ð°Ð½Ñ‚Ð°Ñ€ÐºÑ‚Ð¸Ñ‡ÐºÐµ Ð·ÐµÐ¼Ñ™Ðµ
     got: Француске јужне и антарктичке земље
 ; [cca2=TF].translations.swe.common
Expected: Franska sÃ¶dra territorierna
     got: Franska södra territorierna
 ; [cca2=TF].translations.tur.common
Expected: FransÄ±z GÃ¼ney ve Antarktika TopraklarÄ±
     got: Fransız Güney ve Antarktika Toprakları
 ; [cca2=TF].translations.tur.official
Expected: FransÄ±z GÃ¼ney ve Antarktika TopraklarÄ±
     got: Fransız Güney ve Antarktika Toprakları
 ; [cca2=TF].translations.urd.common
Expected: Ø³Ø±Ø²Ù…ÛŒÙ† Ø¬Ù†ÙˆØ¨ÛŒ Ù�Ø±Ø§Ù†Ø³ÛŒØ³ÛŒÛ� Ùˆ Ø§Ù†Ù¹Ø§Ø±Ú©Ù¹ÛŒÚ©Ø§
     got: سرزمین جنوبی فرانسیسیہ و انٹارکٹیکا
 ; [cca2=TF].translations.urd.official
Expected: Ø³Ø±Ø²Ù…ÛŒÙ†Ù� Ø¬Ù†ÙˆØ¨ÛŒ Ù�Ø±Ø§Ù†Ø³ÛŒØ³ÛŒÛ� Ùˆ Ø§Ù†Ù¹Ø§Ø±Ú©Ù¹ÛŒÚ©Û�
     got: سرزمینِ جنوبی فرانسیسیہ و انٹارکٹیکہ
 ; [cca2=TF].translations.zho.common
Expected: æ³•å›½å�—éƒ¨å’Œå�—æž�åœŸåœ°
     got: 法国南部和南极土地
 ; [cca2=TF].translations.zho.official
Expected: æ³•å›½å�—éƒ¨å’Œå�—æž�åœŸåœ°
     got: 法国南部和南极土地
 ; [cca2=CU].altSpellings[]
Expected: RepÃºblica de Cuba
     but none found
 ; [cca2=CU].altSpellings[]
Unexpected: República de Cuba
 ; [cca2=CU].flag
Expected: ðŸ‡¨ðŸ‡º
     got: 🇨🇺
 ; [cca2=CU].name.nativeName.spa.official
Expected: RepÃºblica de Cuba
     got: República de Cuba
 ; [cca2=CU].translations.ara.common
Expected: ÙƒÙˆØ¨Ø§
     got: كوبا
 ; [cca2=CU].translations.ara.official
Expected: Ø¬Ù…Ù‡ÙˆØ±ÙŠØ© ÙƒÙˆØ¨Ø§
     got: جمهورية كوبا
 ; [cca2=CU].translations.ces.official
Expected: KubÃ¡nskÃ¡ republika
     got: Kubánská republika
 ; [cca2=CU].translations.fra.official
Expected: RÃ©publique de Cuba
     got: République de Cuba
 ; [cca2=CU].translations.hun.official
Expected: Kubai KÃ¶ztÃ¡rsasÃ¡g
     got: Kubai Köztársaság
 ; [cca2=CU].translations.jpn.common
Expected: ã‚­ãƒ¥ãƒ¼ãƒ�
     got: キューバ
 ; [cca2=CU].translations.jpn.official
Expected: ã‚­ãƒ¥ãƒ¼ãƒ�å…±å’Œå›½
     got: キューバ共和国
 ; [cca2=CU].translations.kor.common
Expected: ì¿ ë°”
     got: 쿠바
 ; [cca2=CU].translations.kor.official
Expected: ì¿ ë°” ê³µí™”êµ­
     got: 쿠바 공화국
 ; [cca2=CU].translations.per.common
Expected: Ú©ÙˆØ¨Ø§
     got: کوبا
 ; [cca2=CU].translations.per.official
Expected: Ø¬Ù…Ù‡ÙˆØ±ÛŒ Ú©ÙˆØ¨Ø§
     got: جمهوری کوبا
 ; [cca2=CU].translations.por.official
Expected: RepÃºblica de Cuba
     got: República de Cuba
 ; [cca2=CU].translations.rus.common
Expected: ÐšÑƒÐ±Ð°
     got: Куба
 ; [cca2=CU].translations.rus.official
Expected: Ð ÐµÑ�Ð¿ÑƒÐ±Ð»Ð¸ÐºÐ° ÐšÑƒÐ±Ð°
     got: Республика Куба
 ; [cca2=CU].translations.slk.official
Expected: KubÃ¡nska republika
     got: Kubánska republika
 ; [cca2=CU].translations.spa.official
Expected: RepÃºblica de Cuba
     got: República de Cuba
 ; [cca2=CU].translations.srp.common
Expected: ÐšÑƒÐ±Ð°
     got: Куба
 ; [cca2=CU].translations.srp.official
Expected: Ð ÐµÐ¿ÑƒÐ±Ð»Ð¸ÐºÐ° ÐšÑƒÐ±Ð°
     got: Република Куба
 ; [cca2=CU].translations.tur.common
Expected: KÃ¼ba
     got: Küba
 ; [cca2=CU].translations.tur.official
Expected: KÃ¼ba Cumhuriyeti
     got: Küba Cumhuriyeti
 ; [cca2=CU].translations.urd.common
Expected: Ú©ÛŒÙˆØ¨Ø§
     got: کیوبا
 ; [cca2=CU].translations.urd.official
Expected: Ø¬Ù…Û�ÙˆØ±ÛŒÛ� Ú©ÛŒÙˆØ¨Ø§
     got: جمہوریہ کیوبا
 ; [cca2=CU].translations.zho.common
Expected: å�¤å·´
     got: 古巴
 ; [cca2=CU].translations.zho.official
Expected: å�¤å·´å…±å’Œå›½
     got: 古巴共和国
 ; [cca2=CV].altSpellings[]
Expected: RepÃºblica de Cabo Verde
     but none found
 ; [cca2=CV].altSpellings[]
Unexpected: República de Cabo Verde
 ; [cca2=CV].flag
Expected: ðŸ‡¨ðŸ‡»
     got: 🇨🇻
 ; [cca2=CV].name.nativeName.por.official
Expected: RepÃºblica de Cabo Verde
     got: República de Cabo Verde
 ; [cca2=CV].translations.ara.common
Expected: ÙƒØ§Ø¨Ùˆ Ù�ÙŠØ±Ø¯ÙŠ
     got: كابو فيردي
 ; [cca2=CV].translations.ara.official
Expected: Ø¬Ù…Ù‡ÙˆØ±ÙŠØ© ÙƒØ§Ø¨Ùˆ Ù�ÙŠØ±Ø¯ÙŠ
     got: جمهورية كابو فيردي
 ; [cca2=CV].translations.ces.official
Expected: KapverdskÃ¡ republika
     got: Kapverdská republika
 ; [cca2=CV].translations.fra.common
Expected: ÃŽles du Cap-Vert
     got: Îles du Cap-Vert
 ; [cca2=CV].translations.fra.official
Expected: RÃ©publique du Cap-Vert
     got: République du Cap-Vert
 ; [cca2=CV].translations.hun.common
Expected: ZÃ¶ld-foki KÃ¶ztÃ¡rsasÃ¡g
     got: Zöld-foki Köztársaság
 ; [cca2=CV].translations.hun.official
Expected: ZÃ¶ld-foki KÃ¶ztÃ¡rsasÃ¡g
     got: Zöld-foki Köztársaság
 ; [cca2=CV].translations.jpn.common
Expected: ã‚«ãƒ¼ãƒœãƒ™ãƒ«ãƒ‡
     got: カーボベルデ
 ; [cca2=CV].translations.jpn.official
Expected: ã‚«ãƒ¼ãƒœãƒ™ãƒ«ãƒ‡å…±å’Œå›½
     got: カーボベルデ共和国
 ; [cca2=CV].translations.kor.common
Expected: ì¹´ë³´ë² ë¥´ë�°
     got: 카보베르데
 ; [cca2=CV].translations.kor.official
Expected: ì¹´ë³´ë² ë¥´ë�° ê³µí™”êµ­
     got: 카보베르데 공화국
 ; [cca2=CV].translations.nld.common
Expected: KaapverdiÃ«
     got: Kaapverdië
 ; [cca2=CV].translations.per.common
Expected: Ø¯Ù…Ø§ØºÙ‡Ù” Ø³Ø¨Ø²
     got: دماغهٔ سبز
 ; [cca2=CV].translations.per.official
Expected: Ø¬Ù…Ù‡ÙˆØ±ÛŒ Ú©Ø¨Ùˆ ÙˆØ±Ø¯
     got: جمهوری کبو ورد
 ; [cca2=CV].translations.pol.common
Expected: Republika Zielonego PrzylÄ…dka
     got: Republika Zielonego Przylądka
 ; [cca2=CV].translations.pol.official
Expected: Republika Zielonego PrzylÄ…dka
     got: Republika Zielonego Przylądka
 ; [cca2=CV].translations.por.official
Expected: RepÃºblica de Cabo Verde
     got: República de Cabo Verde
 ; [cca2=CV].translations.rus.common
Expected: ÐšÐ°Ð±Ð¾-Ð’ÐµÑ€Ð´Ðµ
     got: Кабо-Верде
 ; [cca2=CV].translations.rus.official
Expected: Ð ÐµÑ�Ð¿ÑƒÐ±Ð»Ð¸ÐºÐ° ÐšÐ°Ð±Ð¾ -Ð’ÐµÑ€Ð´Ðµ
     got: Республика Кабо -Верде
 ; [cca2=CV].translations.slk.official
Expected: KapverdskÃ¡ republika
     got: Kapverdská republika
 ; [cca2=CV].translations.spa.official
Expected: RepÃºblica de Cabo Verde
     got: República de Cabo Verde
 ; [cca2=CV].translations.srp.common
Expected: Ð—ÐµÐ»ÐµÐ½Ð¾Ñ€Ñ‚Ñ�ÐºÐ° ÐžÑ�Ñ‚Ñ€Ð²Ð°
     got: Зеленортска Острва
 ; [cca2=CV].translations.srp.official
Expected: Ð—ÐµÐ»ÐµÐ½Ð¾Ñ€Ñ‚Ñ�ÐºÐ° Ð ÐµÐ¿ÑƒÐ±Ð»Ð¸ÐºÐ°
     got: Зеленортска Република
 ; [cca2=CV].translations.tur.common
Expected: YeÅŸil Burun
     got: Yeşil Burun
 ; [cca2=CV].translations.tur.official
Expected: YeÅŸil Burun Cumhuriyeti
     got: Yeşil Burun Cumhuriyeti
 ; [cca2=CV].translations.urd.common
Expected: Ú©ÛŒÙ¾ ÙˆØ±ÚˆÛŒ
     got: کیپ ورڈی
 ; [cca2=CV].translations.urd.official
Expected: Ø¬Ù…Û�ÙˆØ±ÛŒÛ� Ú©ÛŒÙ¾ ÙˆØ±ÚˆÛŒ
     got: جمہوریہ کیپ ورڈی
 ; [cca2=CV].translations.zho.common
Expected: ä½›å¾—è§’
     got: 佛得角
 ; [cca2=CV].translations.zho.official
Expected: ä½›å¾—è§’å…±å’Œå›½
     got: 佛得角共和国
 ; [cca2=TG].altSpellings[]
Expected: RÃ©publique Togolaise
     but none found
 ; [cca2=TG].altSpellings[]
Unexpected: République Togolaise
 ; [cca2=TG].capital[]
Expected: LomÃ©
     but none found
 ; [cca2=TG].capital[]
Unexpected: Lomé
 ; [cca2=TG].flag
Expected: ðŸ‡¹ðŸ‡¬
     got: 🇹🇬
 ; [cca2=TG].name.nativeName.fra.official
Expected: RÃ©publique togolaise
     got: République togolaise
 ; [cca2=TG].translations.ara.common
Expected: ØªÙˆØºÙˆ
     got: توغو
 ; [cca2=TG].translations.ara.official
Expected: Ø¬Ù…Ù‡ÙˆØ±ÙŠØ© ØªÙˆØºÙˆ
     got: جمهورية توغو
 ; [cca2=TG].translations.fra.official
Expected: RÃ©publique togolaise
     got: République togolaise
 ; [cca2=TG].translations.hun.official
Expected: TogÃ³i KÃ¶ztÃ¡rsasÃ¡g
     got: Togói Köztársaság
 ; [cca2=TG].translations.jpn.common
Expected: ãƒˆãƒ¼ã‚´
     got: トーゴ
 ; [cca2=TG].translations.jpn.official
Expected: ãƒˆãƒ¼ã‚´å…±å’Œå›½
     got: トーゴ共和国
 ; [cca2=TG].translations.kor.common
Expected: í† ê³ 
     got: 토고
 ; [cca2=TG].translations.kor.official
Expected: í† ê³  ê³µí™”êµ­
     got: 토고 공화국
 ; [cca2=TG].translations.per.common
Expected: ØªÙˆÚ¯Ùˆ
     got: توگو
 ; [cca2=TG].translations.per.official
Expected: Ø¬Ù…Ù‡ÙˆØ±ÛŒ ØªÙˆÚ¯Ùˆ
     got: جمهوری توگو
 ; [cca2=TG].translations.por.official
Expected: RepÃºblica do Togo
     got: República do Togo
 ; [cca2=TG].translations.rus.common
Expected: Ð¢Ð¾Ð³Ð¾
     got: Того
 ; [cca2=TG].translations.rus.official
Expected: Ð¢Ð¾Ð³Ð¾ Ð ÐµÑ�Ð¿ÑƒÐ±Ð»Ð¸ÐºÐ°
     got: Того Республика
 ; [cca2=TG].translations.slk.official
Expected: TogskÃ¡ republika
     got: Togská republika
 ; [cca2=TG].translations.spa.official
Expected: RepÃºblica de Togo
     got: República de Togo
 ; [cca2=TG].translations.srp.common
Expected: Ð¢Ð¾Ð³Ð¾
     got: Того
 ; [cca2=TG].translations.srp.official
Expected: Ð¢Ð¾Ð³Ð¾Ð»ÐµÑˆÐºÐ° Ð ÐµÐ¿ÑƒÐ±Ð»Ð¸ÐºÐ°
     got: Тоголешка Република
 ; [cca2=TG].translations.urd.common
Expected: Ù¹ÙˆÚ¯Ùˆ
     got: ٹوگو
 ; [cca2=TG].translations.urd.official
Expected: Ø¬Ù…Û�ÙˆØ±ÛŒÛ� Ù¹ÙˆÚ¯Ùˆ
     got: جمہوریہ ٹوگو
 ; [cca2=TG].translations.zho.common
Expected: å¤šå“¥
     got: 多哥
 ; [cca2=TG].translations.zho.official
Expected: å¤šå“¥å…±å’Œå›½
     got: 多哥共和国
 ; [cca2=TH].altSpellings[]
Expected: à¸£à¸²à¸Šà¸­à¸²à¸“à¸²à¸ˆà¸±à¸�à¸£à¹„à¸—à¸¢
     but none found
 ; [cca2=TH].altSpellings[]
Unexpected: ราชอาณาจักรไทย
 ; [cca2=TH].currencies.THB.symbol
Expected: à¸¿
     got: ฿
 ; [cca2=TH].demonyms.fra.f
Expected: ThaÃ¯landaise
     got: Thaïlandaise
 ; [cca2=TH].demonyms.fra.m
Expected: ThaÃ¯landais
     got: Thaïlandais
 ; [cca2=TH].flag
Expected: ðŸ‡¹ðŸ‡­
     got: 🇹🇭
 ; [cca2=TH].name.nativeName.tha.common
Expected: à¸›à¸£à¸°à¹€à¸—à¸¨à¹„à¸—à¸¢
     got: ประเทศไทย
 ; [cca2=TH].name.nativeName.tha.official
Expected: à¸£à¸²à¸Šà¸­à¸²à¸“à¸²à¸ˆà¸±à¸�à¸£à¹„à¸—à¸¢
     got: ราชอาณาจักรไทย
 ; [cca2=TH].tld[]
Expected: .à¹„à¸—à¸¢
     but none found
 ; [cca2=TH].tld[]
Unexpected: .ไทย
 ; [cca2=TH].translations.ara.common
Expected: ØªØ§ÙŠÙ„Ù†Ø¯
     got: تايلند
 ; [cca2=TH].translations.ara.official
Expected: Ù…Ù…Ù„ÙƒØ© ØªØ§ÙŠÙ„Ù†Ø¯
     got: مملكة تايلند
 ; [cca2=TH].translations.ces.official
Expected: ThajskÃ© krÃ¡lovstvÃ­
     got: Thajské království
 ; [cca2=TH].translations.deu.official
Expected: KÃ¶nigreich Thailand
     got: Königreich Thailand
 ; [cca2=TH].translations.fra.common
Expected: ThaÃ¯lande
     got: Thaïlande
 ; [cca2=TH].translations.fra.official
Expected: Royaume de ThaÃ¯lande
     got: Royaume de Thaïlande
 ; [cca2=TH].translations.hun.common
Expected: ThaifÃ¶ld
     got: Thaiföld
 ; [cca2=TH].translations.hun.official
Expected: ThaifÃ¶ldi KirÃ¡lysÃ¡g
     got: Thaiföldi Királyság
 ; [cca2=TH].translations.jpn.common
Expected: ã‚¿ã‚¤
     got: タイ
 ; [cca2=TH].translations.jpn.official
Expected: ã‚¿ã‚¤çŽ‹å›½
     got: タイ王国
 ; [cca2=TH].translations.kor.common
Expected: íƒœêµ­
     got: 태국
 ; [cca2=TH].translations.kor.official
Expected: íƒ€ì�´ ì™•êµ­
     got: 타이 왕국
 ; [cca2=TH].translations.per.common
Expected: ØªØ§ÛŒÙ„Ù†Ø¯
     got: تایلند
 ; [cca2=TH].translations.per.official
Expected: Ù¾Ø§Ø¯Ø´Ø§Ù‡ÛŒ ØªØ§ÛŒÙ„Ù†Ø¯
     got: پادشاهی تایلند
 ; [cca2=TH].translations.pol.official
Expected: KrÃ³lestwo Tajlandii
     got: Królestwo Tajlandii
 ; [cca2=TH].translations.por.common
Expected: TailÃ¢ndia
     got: Tailândia
 ; [cca2=TH].translations.por.official
Expected: Reino da TailÃ¢ndia
     got: Reino da Tailândia
 ; [cca2=TH].translations.rus.common
Expected: Ð¢Ð°Ð¸Ð»Ð°Ð½Ð´
     got: Таиланд
 ; [cca2=TH].translations.rus.official
Expected: ÐšÐ¾Ñ€Ð¾Ð»ÐµÐ²Ñ�Ñ‚Ð²Ð¾ Ð¢Ð°Ð¸Ð»Ð°Ð½Ð´
     got: Королевство Таиланд
 ; [cca2=TH].translations.slk.official
Expected: ThajskÃ© krÃ¡Ä¾ovstvo
     got: Thajské kráľovstvo
 ; [cca2=TH].translations.srp.common
Expected: Ð¢Ð°Ñ˜Ð»Ð°Ð½Ð´
     got: Тајланд
 ; [cca2=TH].translations.srp.official
Expected: ÐšÑ€Ð°Ñ™ÐµÐ²Ð¸Ð½Ð° Ð¢Ð°Ñ˜Ð»Ð°Ð½Ð´
     got: Краљевина Тајланд
 ; [cca2=TH].translations.tur.official
Expected: Tayland KrallÄ±ÄŸÄ±
     got: Tayland Krallığı
 ; [cca2=TH].translations.urd.common
Expected: ØªÚ¾Ø§Ø¦ÛŒ Ù„ÛŒÙ†Úˆ
     got: تھائی لینڈ
 ; [cca2=TH].translations.urd.official
Expected: Ù…Ù…Ù„Ú©ØªÙ� ØªÚ¾Ø§Ø¦ÛŒ Ù„ÛŒÙ†Úˆ
     got: مملکتِ تھائی لینڈ
 ; [cca2=TH].translations.zho.common
Expected: æ³°å›½
     got: 泰国
 ; [cca2=TH].translations.zho.official
Expected: æ³°çŽ‹å›½
     got: 泰王国
 ; [cca2=CW].altSpellings[]
Expected: Land CuraÃ§ao
     but none found
 ; [cca2=CW].altSpellings[]
Expected: Country of CuraÃ§ao
     but none found
 ; [cca2=CW].altSpellings[]
Expected: KÃ²rsou
     but none found
 ; [cca2=CW].altSpellings[]
Expected: Pais KÃ²rsou
     but none found
 ; [cca2=CW].altSpellings[]
Unexpected: Country of Curaçao
 ; [cca2=CW].altSpellings[]
Unexpected: Pais Kòrsou
 ; [cca2=CW].altSpellings[]
Unexpected: Kòrsou
 ; [cca2=CW].altSpellings[]
Unexpected: Land Curaçao
 ; [cca2=CW].currencies.ANG.symbol
Expected: Æ’
     got: ƒ
 ; [cca2=CW].demonyms.eng.f
Expected: CuraÃ§aoan
     got: Curaçaoan
 ; [cca2=CW].demonyms.eng.m
Expected: CuraÃ§aoan
     got: Curaçaoan
 ; [cca2=CW].flag
Expected: ðŸ‡¨ðŸ‡¼
     got: 🇨🇼
 ; [cca2=CW].name.common
Expected: CuraÃ§ao
     got: Curaçao
 ; [cca2=CW].name.nativeName.eng.common
Expected: CuraÃ§ao
     got: Curaçao
 ; [cca2=CW].name.nativeName.eng.official
Expected: Country of CuraÃ§ao
     got: Country of Curaçao
 ; [cca2=CW].name.nativeName.nld.common
Expected: CuraÃ§ao
     got: Curaçao
 ; [cca2=CW].name.nativeName.nld.official
Expected: Land CuraÃ§ao
     got: Land Curaçao
 ; [cca2=CW].name.nativeName.pap.common
Expected: Pais KÃ²rsou
     got: Pais Kòrsou
 ; [cca2=CW].name.nativeName.pap.official
Expected: Pais KÃ²rsou
     got: Pais Kòrsou
 ; [cca2=CW].name.official
Expected: Country of CuraÃ§ao
     got: Country of Curaçao
 ; [cca2=CW].translations.ara.common
Expected: ÙƒÙˆØ±Ø§Ø³Ø§Ùˆ
     got: كوراساو
 ; [cca2=CW].translations.ara.official
Expected: Ø¯ÙˆÙ„Ø© ÙƒÙˆØ±Ø§Ø³Ø§Ùˆ
     got: دولة كوراساو
 ; [cca2=CW].translations.bre.common
Expected: CuraÃ§ao
     got: Curaçao
 ; [cca2=CW].translations.bre.official
Expected: Bro CuraÃ§ao
     got: Bro Curaçao
 ; [cca2=CW].translations.ces.common
Expected: CuraÃ§ao
     got: Curaçao
 ; [cca2=CW].translations.ces.official
Expected: AutonomnÃ­ zemÄ› CuraÃ§ao
     got: Autonomní země Curaçao
 ; [cca2=CW].translations.cym.common
Expected: CuraÃ§ao
     got: Curaçao
 ; [cca2=CW].translations.cym.official
Expected: Country of CuraÃ§ao
     got: Country of Curaçao
 ; [cca2=CW].translations.deu.common
Expected: CuraÃ§ao
     got: Curaçao
 ; [cca2=CW].translations.deu.official
Expected: Land CuraÃ§ao
     got: Land Curaçao
 ; [cca2=CW].translations.est.common
Expected: CuraÃ§ao
     got: Curaçao
 ; [cca2=CW].translations.est.official
Expected: CuraÃ§ao
     got: Curaçao
 ; [cca2=CW].translations.fin.common
Expected: CuraÃ§ao
     got: Curaçao
 ; [cca2=CW].translations.fin.official
Expected: CuraÃ§ao
     got: Curaçao
 ; [cca2=CW].translations.fra.common
Expected: CuraÃ§ao
     got: Curaçao
 ; [cca2=CW].translations.fra.official
Expected: Pays de CuraÃ§ao
     got: Pays de Curaçao
 ; [cca2=CW].translations.hun.common
Expected: CuraÃ§ao
     got: Curaçao
 ; [cca2=CW].translations.hun.official
Expected: CuraÃ§ao
     got: Curaçao
 ; [cca2=CW].translations.ita.common
Expected: CuraÃ§ao
     got: Curaçao
 ; [cca2=CW].translations.ita.official
Expected: Paese di CuraÃ§ao
     got: Paese di Curaçao
 ; [cca2=CW].translations.kor.common
Expected: í€´ë�¼ì†Œ
     got: 퀴라소
 ; [cca2=CW].translations.kor.official
Expected: í€´ë�¼ì†Œ
     got: 퀴라소
 ; [cca2=CW].translations.nld.common
Expected: CuraÃ§ao
     got: Curaçao
 ; [cca2=CW].translations.nld.official
Expected: Land CuraÃ§ao
     got: Land Curaçao
 ; [cca2=CW].translations.per.common
Expected: Ú©ÙˆØ±Ø§Ø³Ø§Ø¦Ùˆ
     got: کوراسائو
 ; [cca2=CW].translations.per.official
Expected: Ú©ÙˆØ±Ø§Ø³Ø§Ø¦Ùˆ
     got: کوراسائو
 ; [cca2=CW].translations.pol.common
Expected: CuraÃ§ao
     got: Curaçao
 ; [cca2=CW].translations.pol.official
Expected: CuraÃ§ao
     got: Curaçao
 ; [cca2=CW].translations.por.common
Expected: ilha da CuraÃ§Ã£o
     got: ilha da Curação
 ; [cca2=CW].translations.por.official
Expected: PaÃ­s de CuraÃ§ao
     got: País de Curaçao
 ; [cca2=CW].translations.rus.common
Expected: ÐšÑŽÑ€Ð°Ñ�Ð°Ð¾
     got: Кюрасао
 ; [cca2=CW].translations.rus.official
Expected: Ð¡Ñ‚Ñ€Ð°Ð½Ð° ÐšÑŽÑ€Ð°Ñ�Ð°Ð¾
     got: Страна Кюрасао
 ; [cca2=CW].translations.spa.official
Expected: PaÃ­s de Curazao
     got: País de Curazao
 ; [cca2=CW].translations.srp.common
Expected: ÐšÑƒÑ€Ð°Ñ�Ð°Ð¾
     got: Курасао
 ; [cca2=CW].translations.srp.official
Expected: ÐšÑƒÑ€Ð°Ñ�Ð°Ð¾
     got: Курасао
 ; [cca2=CW].translations.swe.common
Expected: CuraÃ§ao
     got: Curaçao
 ; [cca2=CW].translations.swe.official
Expected: CuraÃ§ao
     got: Curaçao
 ; [cca2=CW].translations.tur.common
Expected: CuraÃ§ao
     got: Curaçao
 ; [cca2=CW].translations.tur.official
Expected: CuraÃ§ao
     got: Curaçao
 ; [cca2=CW].translations.urd.common
Expected: Ú©ÛŒÙˆØ±Ø§Ø³Ø§Ø¤
     got: کیوراساؤ
 ; [cca2=CW].translations.urd.official
Expected: Ù…Ù…Ù„Ú©ØªÙ� Ú©ÛŒÙˆØ±Ø§Ø³Ø§Ø¤
     got: مملکتِ کیوراساؤ
 ; [cca2=CW].translations.zho.common
Expected: åº“æ‹‰ç´¢
     got: 库拉索
 ; [cca2=CW].translations.zho.official
Expected: åº“æ‹‰ç´¢
     got: 库拉索
 ; [cca2=CX].flag
Expected: ðŸ‡¨ðŸ‡½
     got: 🇨🇽
 ; [cca2=CX].translations.ara.common
Expected: Ø¬Ø²ÙŠØ±Ø© ÙƒØ±ÙŠØ³Ù…Ø§Ø³
     got: جزيرة كريسماس
 ; [cca2=CX].translations.ara.official
Expected: Ø¬Ø²ÙŠØ±Ø© ÙƒØ±ÙŠØ³Ù…Ø§Ø³
     got: جزيرة كريسماس
 ; [cca2=CX].translations.ces.common
Expected: VÃ¡noÄ�nÃ­ ostrov
     got: Vánoční ostrov
 ; [cca2=CX].translations.ces.official
Expected: Teritorium VÃ¡noÄ�nÃ­ho ostrova
     got: Teritorium Vánočního ostrova
 ; [cca2=CX].translations.est.common
Expected: JÃµulusaar
     got: Jõulusaar
 ; [cca2=CX].translations.est.official
Expected: JÃµulusaare ala
     got: Jõulusaare ala
 ; [cca2=CX].translations.fra.common
Expected: ÃŽle Christmas
     got: Île Christmas
 ; [cca2=CX].translations.fra.official
Expected: Territoire de l&apos;Ã®le Christmas
     got: Territoire de l&apos;île Christmas
 ; [cca2=CX].translations.hrv.common
Expected: BoÅ¾iÄ‡ni otok
     got: Božićni otok
 ; [cca2=CX].translations.hrv.official
Expected: Teritorij BoÅ¾iÄ‡ni otok
     got: Teritorij Božićni otok
 ; [cca2=CX].translations.hun.common
Expected: KarÃ¡csony-sziget
     got: Karácsony-sziget
 ; [cca2=CX].translations.hun.official
Expected: KarÃ¡csony-sziget
     got: Karácsony-sziget
 ; [cca2=CX].translations.jpn.common
Expected: ã‚¯ãƒªã‚¹ãƒžã‚¹å³¶
     got: クリスマス島
 ; [cca2=CX].translations.jpn.official
Expected: ã‚¯ãƒªã‚¹ãƒžã‚¹å³¶ã�®é ˜åœŸ
     got: クリスマス島の領土
 ; [cca2=CX].translations.kor.common
Expected: í�¬ë¦¬ìŠ¤ë§ˆìŠ¤ ì„¬
     got: 크리스마스 섬
 ; [cca2=CX].translations.kor.official
Expected: í�¬ë¦¬ìŠ¤ë§ˆìŠ¤ ì„¬
     got: 크리스마스 섬
 ; [cca2=CX].translations.per.common
Expected: Ø¬Ø²ÛŒØ±Ù‡Ù” Ú©Ø±ÛŒØ³Ù…Ø³
     got: جزیرهٔ کریسمس
 ; [cca2=CX].translations.per.official
Expected: Ø¬Ø²ÛŒØ±Ù‡Ù” Ú©Ø±ÛŒØ³Ù…Ø³
     got: جزیرهٔ کریسمس
 ; [cca2=CX].translations.pol.common
Expected: Wyspa BoÅ¼ego Narodzenia
     got: Wyspa Bożego Narodzenia
 ; [cca2=CX].translations.pol.official
Expected: Wyspa BoÅ¼ego Narodzenia
     got: Wyspa Bożego Narodzenia
 ; [cca2=CX].translations.por.official
Expected: TerritÃ³rio da Ilha Christmas
     got: Território da Ilha Christmas
 ; [cca2=CX].translations.rus.common
Expected: ÐžÑ�Ñ‚Ñ€Ð¾Ð² Ð Ð¾Ð¶Ð´ÐµÑ�Ñ‚Ð²Ð°
     got: Остров Рождества
 ; [cca2=CX].translations.rus.official
Expected: Ð¢ÐµÑ€Ñ€Ð¸Ñ‚Ð¾Ñ€Ð¸Ñ� Ð¾Ñ�Ñ‚Ñ€Ð¾Ð²Ð° Ð Ð¾Ð¶Ð´ÐµÑ�Ñ‚Ð²Ð°
     got: Территория острова Рождества
 ; [cca2=CX].translations.slk.common
Expected: VianoÄ�nÃº ostrov
     got: Vianočnú ostrov
 ; [cca2=CX].translations.slk.official
Expected: TeritÃ³rium VianoÄ�nÃ©ho ostrova
     got: Teritórium Vianočného ostrova
 ; [cca2=CX].translations.srp.common
Expected: Ð‘Ð¾Ð¶Ð¸Ñ›Ð½Ð¾ ÐžÑ�Ñ‚Ñ€Ð²Ð¾
     got: Божићно Острво
 ; [cca2=CX].translations.srp.official
Expected: Ð‘Ð¾Ð¶Ð¸Ñ›Ð½Ð¾ ÐžÑ�Ñ‚Ñ€Ð²Ð¾
     got: Божићно Острво
 ; [cca2=CX].translations.swe.common
Expected: JulÃ¶n
     got: Julön
 ; [cca2=CX].translations.swe.official
Expected: JulÃ¶n
     got: Julön
 ; [cca2=CX].translations.tur.common
Expected: Christmas AdasÄ±
     got: Christmas Adası
 ; [cca2=CX].translations.tur.official
Expected: Christmas AdasÄ±
     got: Christmas Adası
 ; [cca2=CX].translations.urd.common
Expected: Ø¬Ø²ÛŒØ±Û� Ú©Ø±Ø³Ù…Ø³
     got: جزیرہ کرسمس
 ; [cca2=CX].translations.urd.official
Expected: Ø±ÛŒØ§Ø³ØªÙ� Ø¬Ø²ÛŒØ±Û� Ú©Ø±Ø³Ù…Ø³
     got: ریاستِ جزیرہ کرسمس
 ; [cca2=CX].translations.zho.common
Expected: åœ£è¯žå²›
     got: 圣诞岛
 ; [cca2=CX].translations.zho.official
Expected: åœ£è¯žå²›
     got: 圣诞岛
 ; [cca2=CY].altSpellings[]
Expected: ÎšÏ…Ï€Ï�Î¹Î±ÎºÎ® Î”Î·Î¼Î¿ÎºÏ�Î±Ï„Î¯Î±
     but none found
 ; [cca2=CY].altSpellings[]
Expected: KÄ±brÄ±s Cumhuriyeti
     but none found
 ; [cca2=CY].altSpellings[]
Expected: KÃ½pros
     but none found
 ; [cca2=CY].altSpellings[]
Expected: KÄ±brÄ±s
     but none found
 ; [cca2=CY].altSpellings[]
Unexpected: Kýpros
 ; [cca2=CY].altSpellings[]
Unexpected: Κυπριακή Δημοκρατία
 ; [cca2=CY].altSpellings[]
Unexpected: Kıbrıs
 ; [cca2=CY].altSpellings[]
Unexpected: Kıbrıs Cumhuriyeti
 ; [cca2=CY].currencies.EUR.symbol
Expected: â‚¬
     got: €
 ; [cca2=CY].flag
Expected: ðŸ‡¨ðŸ‡¾
     got: 🇨🇾
 ; [cca2=CY].name.nativeName.ell.common
Expected: ÎšÏ�Ï€Ï�Î¿Ï‚
     got: Κύπρος
 ; [cca2=CY].name.nativeName.ell.official
Expected: Î”Î·Î¼Î¿ÎºÏ�Î±Ï„Î¯Î± Ï„Î·Ï‚ ÎšÏ�Ï€Ï�Î¿Ï‚
     got: Δημοκρατία της Κύπρος
 ; [cca2=CY].name.nativeName.tur.common
Expected: KÄ±brÄ±s
     got: Kıbrıs
 ; [cca2=CY].name.nativeName.tur.official
Expected: KÄ±brÄ±s Cumhuriyeti
     got: Kıbrıs Cumhuriyeti
 ; [cca2=CY].translations.ara.common
Expected: Ù‚Ø¨Ø±Øµ
     got: قبرص
 ; [cca2=CY].translations.ara.official
Expected: Ø¬Ù…Ù‡ÙˆØ±ÙŠØ© Ù‚Ø¨Ø±Øµ
     got: جمهورية قبرص
 ; [cca2=CY].translations.ces.official
Expected: KyperskÃ¡ republika
     got: Kyperská republika
 ; [cca2=CY].translations.est.common
Expected: KÃ¼pros
     got: Küpros
 ; [cca2=CY].translations.est.official
Expected: KÃ¼prose Vabariik
     got: Küprose Vabariik
 ; [cca2=CY].translations.fra.official
Expected: RÃ©publique de Chypre
     got: République de Chypre
 ; [cca2=CY].translations.hun.official
Expected: Ciprusi KÃ¶ztÃ¡rsasÃ¡g
     got: Ciprusi Köztársaság
 ; [cca2=CY].translations.jpn.common
Expected: ã‚­ãƒ—ãƒ­ã‚¹
     got: キプロス
 ; [cca2=CY].translations.jpn.official
Expected: ã‚­ãƒ—ãƒ­ã‚¹å…±å’Œå›½
     got: キプロス共和国
 ; [cca2=CY].translations.kor.common
Expected: í‚¤í”„ë¡œìŠ¤
     got: 키프로스
 ; [cca2=CY].translations.kor.official
Expected: í‚¤í”„ë¡œìŠ¤ ê³µí™”êµ­
     got: 키프로스 공화국
 ; [cca2=CY].translations.per.common
Expected: Ù‚Ù�Ø¨Ø±Ù�Ø³
     got: قِبرِس
 ; [cca2=CY].translations.per.official
Expected: Ø¬Ù…Ù‡ÙˆØ±ÛŒ Ù‚Ø¨Ø±Ø³
     got: جمهوری قبرس
 ; [cca2=CY].translations.por.official
Expected: RepÃºblica de Chipre
     got: República de Chipre
 ; [cca2=CY].translations.rus.common
Expected: ÐšÐ¸Ð¿Ñ€
     got: Кипр
 ; [cca2=CY].translations.rus.official
Expected: Ð ÐµÑ�Ð¿ÑƒÐ±Ð»Ð¸ÐºÐ° ÐšÐ¸Ð¿Ñ€
     got: Республика Кипр
 ; [cca2=CY].translations.slk.official
Expected: CyperskÃ¡ republika
     got: Cyperská republika
 ; [cca2=CY].translations.spa.official
Expected: RepÃºblica de Chipre
     got: República de Chipre
 ; [cca2=CY].translations.srp.common
Expected: ÐšÐ¸Ð¿Ð°Ñ€
     got: Кипар
 ; [cca2=CY].translations.srp.official
Expected: ÐšÐ¸Ð¿Ð°Ñ€Ñ�ÐºÐ° Ð ÐµÐ¿ÑƒÐ±Ð»Ð¸ÐºÐ°
     got: Кипарска Република
 ; [cca2=CY].translations.tur.common
Expected: KÄ±brÄ±s
     got: Kıbrıs
 ; [cca2=CY].translations.tur.official
Expected: KÄ±brÄ±s Cumhuriyeti
     got: Kıbrıs Cumhuriyeti
 ; [cca2=CY].translations.urd.common
Expected: Ù‚Ø¨Ø±Øµ
     got: قبرص
 ; [cca2=CY].translations.urd.official
Expected: Ø¬Ù…Û�ÙˆØ±ÛŒÛ� Ù‚Ø¨Ø±Øµ
     got: جمہوریہ قبرص
 ; [cca2=CY].translations.zho.common
Expected: å¡žæµ¦è·¯æ–¯
     got: 塞浦路斯
 ; [cca2=CY].translations.zho.official
Expected: å¡žæµ¦è·¯æ–¯å…±å’Œå›½
     got: 塞浦路斯共和国
 ; [cca2=TJ].altSpellings[]
Expected: Ò¶ÑƒÐ¼Ò³ÑƒÑ€Ð¸Ð¸ Ð¢Ð¾Ò·Ð¸ÐºÐ¸Ñ�Ñ‚Ð¾Ð½
     but none found
 ; [cca2=TJ].altSpellings[]
Expected: ToÃ§ikiston
     but none found
 ; [cca2=TJ].altSpellings[]
Expected: Ã‡umhuriyi ToÃ§ikiston
     but none found
 ; [cca2=TJ].altSpellings[]
Unexpected: Çumhuriyi Toçikiston
 ; [cca2=TJ].altSpellings[]
Unexpected: Ҷумҳурии Тоҷикистон
 ; [cca2=TJ].altSpellings[]
Unexpected: Toçikiston
 ; [cca2=TJ].currencies.TJS.symbol
Expected: Ð…Ðœ
     got: ЅМ
 ; [cca2=TJ].flag
Expected: ðŸ‡¹ðŸ‡¯
     got: 🇹🇯
 ; [cca2=TJ].name.nativeName.rus.common
Expected: Ð¢Ð°Ð´Ð¶Ð¸ÐºÐ¸Ñ�Ñ‚Ð°Ð½
     got: Таджикистан
 ; [cca2=TJ].name.nativeName.rus.official
Expected: Ð ÐµÑ�Ð¿ÑƒÐ±Ð»Ð¸ÐºÐ° Ð¢Ð°Ð´Ð¶Ð¸ÐºÐ¸Ñ�Ñ‚Ð°Ð½
     got: Республика Таджикистан
 ; [cca2=TJ].name.nativeName.tgk.common
Expected: Ð¢Ð¾Ò·Ð¸ÐºÐ¸Ñ�Ñ‚Ð¾Ð½
     got: Тоҷикистон
 ; [cca2=TJ].name.nativeName.tgk.official
Expected: Ò¶ÑƒÐ¼Ò³ÑƒÑ€Ð¸Ð¸ Ð¢Ð¾Ò·Ð¸ÐºÐ¸Ñ�Ñ‚Ð¾Ð½
     got: Ҷумҳурии Тоҷикистон
 ; [cca2=TJ].translations.ara.common
Expected: Ø·Ø§Ø¬ÙŠÙƒØ³ØªØ§Ù†
     got: طاجيكستان
 ; [cca2=TJ].translations.ara.official
Expected: Ø¬Ù…Ù‡ÙˆØ±ÙŠØ© Ø·Ø§Ø¬ÙŠÙƒØ³ØªØ§Ù†
     got: جمهورية طاجيكستان
 ; [cca2=TJ].translations.ces.common
Expected: TÃ¡dÅ¾ikistÃ¡n
     got: Tádžikistán
 ; [cca2=TJ].translations.ces.official
Expected: Republika TÃ¡dÅ¾ikistÃ¡n
     got: Republika Tádžikistán
 ; [cca2=TJ].translations.est.common
Expected: TadÅ¾ikistan
     got: Tadžikistan
 ; [cca2=TJ].translations.est.official
Expected: TadÅ¾ikistani Vabariik
     got: Tadžikistani Vabariik
 ; [cca2=TJ].translations.fin.common
Expected: TadÅ¾ikistan
     got: Tadžikistan
 ; [cca2=TJ].translations.fin.official
Expected: TadÅ¾ikistanin tasavalta
     got: Tadžikistanin tasavalta
 ; [cca2=TJ].translations.fra.official
Expected: RÃ©publique du Tadjikistan
     got: République du Tadjikistan
 ; [cca2=TJ].translations.hrv.common
Expected: TaÄ‘ikistan
     got: Tađikistan
 ; [cca2=TJ].translations.hrv.official
Expected: Republika TadÅ¾ikistan
     got: Republika Tadžikistan
 ; [cca2=TJ].translations.hun.common
Expected: TÃ¡dzsikisztÃ¡n
     got: Tádzsikisztán
 ; [cca2=TJ].translations.hun.official
Expected: TÃ¡dzsik KÃ¶ztÃ¡rsasÃ¡g
     got: Tádzsik Köztársaság
 ; [cca2=TJ].translations.jpn.common
Expected: ã‚¿ã‚¸ã‚­ã‚¹ã‚¿ãƒ³
     got: タジキスタン
 ; [cca2=TJ].translations.jpn.official
Expected: ã‚¿ã‚¸ã‚­ã‚¹ã‚¿ãƒ³å…±å’Œå›½
     got: タジキスタン共和国
 ; [cca2=TJ].translations.kor.common
Expected: íƒ€ì§€í‚¤ìŠ¤íƒ„
     got: 타지키스탄
 ; [cca2=TJ].translations.kor.official
Expected: íƒ€ì§€í‚¤ìŠ¤íƒ„ ê³µí™”êµ­
     got: 타지키스탄 공화국
 ; [cca2=TJ].translations.per.common
Expected: ØªØ§Ø¬ÛŒÚ©Ù�Ø³ØªØ§Ù†
     got: تاجیکِستان
 ; [cca2=TJ].translations.per.official
Expected: Ø¬Ù…Ù‡ÙˆØ±ÛŒ ØªØ§Ø¬ÛŒÚ©Ø³ØªØ§Ù†
     got: جمهوری تاجیکستان
 ; [cca2=TJ].translations.pol.common
Expected: TadÅ¼ykistan
     got: Tadżykistan
 ; [cca2=TJ].translations.pol.official
Expected: Republika TadÅ¼ykistanu
     got: Republika Tadżykistanu
 ; [cca2=TJ].translations.por.common
Expected: TajiquistÃ£o
     got: Tajiquistão
 ; [cca2=TJ].translations.por.official
Expected: RepÃºblica do TajiquistÃ£o
     got: República do Tajiquistão
 ; [cca2=TJ].translations.rus.common
Expected: Ð¢Ð°Ð´Ð¶Ð¸ÐºÐ¸Ñ�Ñ‚Ð°Ð½
     got: Таджикистан
 ; [cca2=TJ].translations.rus.official
Expected: Ð ÐµÑ�Ð¿ÑƒÐ±Ð»Ð¸ÐºÐ° Ð¢Ð°Ð´Ð¶Ð¸ÐºÐ¸Ñ�Ñ‚Ð°Ð½
     got: Республика Таджикистан
 ; [cca2=TJ].translations.slk.common
Expected: TaÇ†ikistan
     got: Taǆikistan
 ; [cca2=TJ].translations.slk.official
Expected: TaÇ†ickÃ¡ republika
     got: Taǆická republika
 ; [cca2=TJ].translations.spa.common
Expected: TayikistÃ¡n
     got: Tayikistán
 ; [cca2=TJ].translations.spa.official
Expected: RepÃºblica de TayikistÃ¡n
     got: República de Tayikistán
 ; [cca2=TJ].translations.srp.common
Expected: Ð¢Ð°ÑŸÐ¸ÐºÐ¸Ñ�Ñ‚Ð°Ð½
     got: Таџикистан
 ; [cca2=TJ].translations.srp.official
Expected: Ð ÐµÐ¿ÑƒÐ±Ð»Ð¸ÐºÐ° Ð¢Ð°ÑŸÐ¸ÐºÐ¸Ñ�Ñ‚Ð°Ð½
     got: Република Таџикистан
 ; [cca2=TJ].translations.urd.common
Expected: ØªØ§Ø¬Ú©Ø³ØªØ§Ù†
     got: تاجکستان
 ; [cca2=TJ].translations.urd.official
Expected: Ø¬Ù…Û�ÙˆØ±ÛŒÛ� ØªØ§Ø¬Ú©Ø³ØªØ§Ù†
     got: جمہوریہ تاجکستان
 ; [cca2=TJ].translations.zho.common
Expected: å¡”å�‰å…‹æ–¯å�¦
     got: 塔吉克斯坦
 ; [cca2=TJ].translations.zho.official
Expected: å¡”å�‰å…‹æ–¯å�¦å…±å’Œå›½
     got: 塔吉克斯坦共和国
 ; [cca2=CZ].altSpellings[]
Expected: ÄŒesko
     but none found
 ; [cca2=CZ].altSpellings[]
Expected: ÄŒeskÃ¡ republika
     but none found
 ; [cca2=CZ].altSpellings[]
Unexpected: Česká republika
 ; [cca2=CZ].altSpellings[]
Unexpected: Česko
 ; [cca2=CZ].currencies.CZK.symbol
Expected: KÄ�
     got: Kč
 ; [cca2=CZ].demonyms.fra.f
Expected: TchÃ¨que
     got: Tchèque
 ; [cca2=CZ].demonyms.fra.m
Expected: TchÃ¨que
     got: Tchèque
 ; [cca2=CZ].flag
Expected: ðŸ‡¨ðŸ‡¿
     got: 🇨🇿
 ; [cca2=CZ].name.nativeName.ces.common
Expected: ÄŒesko
     got: Česko
 ; [cca2=CZ].name.nativeName.ces.official
Expected: ÄŒeskÃ¡ republika
     got: Česká republika
 ; [cca2=CZ].name.nativeName.slk.common
Expected: ÄŒesko
     got: Česko
 ; [cca2=CZ].name.nativeName.slk.official
Expected: ÄŒeskÃ¡ republika
     got: Česká republika
 ; [cca2=CZ].translations.ara.common
Expected: Ø§Ù„ØªØ´ÙŠÙƒ
     got: التشيك
 ; [cca2=CZ].translations.ara.official
Expected: Ø¬Ù…Ù‡ÙˆØ±ÙŠØ© Ø§Ù„ØªØ´ÙŠÙƒ
     got: جمهورية التشيك
 ; [cca2=CZ].translations.ces.common
Expected: ÄŒesko
     got: Česko
 ; [cca2=CZ].translations.ces.official
Expected: ÄŒeskÃ¡ republika
     got: Česká republika
 ; [cca2=CZ].translations.est.common
Expected: TÅ¡ehhi
     got: Tšehhi
 ; [cca2=CZ].translations.est.official
Expected: TÅ¡ehhi Vabariik
     got: Tšehhi Vabariik
 ; [cca2=CZ].translations.fin.common
Expected: TÅ¡ekki
     got: Tšekki
 ; [cca2=CZ].translations.fin.official
Expected: TÅ¡ekin tasavalta
     got: Tšekin tasavalta
 ; [cca2=CZ].translations.fra.common
Expected: TchÃ©quie
     got: Tchéquie
 ; [cca2=CZ].translations.fra.official
Expected: RÃ©publique tchÃ¨que
     got: République tchèque
 ; [cca2=CZ].translations.hrv.common
Expected: ÄŒeÅ¡ka
     got: Češka
 ; [cca2=CZ].translations.hrv.official
Expected: ÄŒeÅ¡ka
     got: Češka
 ; [cca2=CZ].translations.hun.common
Expected: CsehorszÃ¡g
     got: Csehország
 ; [cca2=CZ].translations.hun.official
Expected: Cseh KÃ¶ztÃ¡rsasÃ¡g
     got: Cseh Köztársaság
 ; [cca2=CZ].translations.jpn.common
Expected: ãƒ�ã‚§ã‚³
     got: チェコ
 ; [cca2=CZ].translations.jpn.official
Expected: ãƒ�ã‚§ã‚³å…±å’Œå›½
     got: チェコ共和国
 ; [cca2=CZ].translations.kor.common
Expected: ì²´ì½”
     got: 체코
 ; [cca2=CZ].translations.kor.official
Expected: ì²´ì½”
     got: 체코
 ; [cca2=CZ].translations.nld.common
Expected: TsjechiÃ«
     got: Tsjechië
 ; [cca2=CZ].translations.per.common
Expected: Ø¬Ù…Ù‡ÙˆØ±ÛŒ Ú†Ú©
     got: جمهوری چک
 ; [cca2=CZ].translations.per.official
Expected: Ø¬Ù…Ù‡ÙˆØ±ÛŒ Ú†Ú©
     got: جمهوری چک
 ; [cca2=CZ].translations.por.common
Expected: ChÃ©quia
     got: Chéquia
 ; [cca2=CZ].translations.por.official
Expected: RepÃºblica Checa
     got: República Checa
 ; [cca2=CZ].translations.rus.common
Expected: Ð§ÐµÑ…Ð¸Ñ�
     got: Чехия
 ; [cca2=CZ].translations.rus.official
Expected: Ð§ÐµÑˆÑ�ÐºÐ°Ñ� Ð ÐµÑ�Ð¿ÑƒÐ±Ð»Ð¸ÐºÐ°
     got: Чешская Республика
 ; [cca2=CZ].translations.slk.common
Expected: ÄŒesko
     got: Česko
 ; [cca2=CZ].translations.slk.official
Expected: ÄŒeskÃ¡ republika
     got: Česká republika
 ; [cca2=CZ].translations.spa.official
Expected: RepÃºblica Checa
     got: República Checa
 ; [cca2=CZ].translations.srp.common
Expected: Ð§ÐµÑˆÐºÐ°
     got: Чешка
 ; [cca2=CZ].translations.srp.official
Expected: Ð§ÐµÑˆÐºÐ° Ð ÐµÐ¿ÑƒÐ±Ð»Ð¸ÐºÐ°
     got: Чешка Република
 ; [cca2=CZ].translations.tur.common
Expected: Ã‡ekya
     got: Çekya
 ; [cca2=CZ].translations.tur.official
Expected: Ã‡ek Cumhuriyeti
     got: Çek Cumhuriyeti
 ; [cca2=CZ].translations.urd.common
Expected: Ú†ÙŠÚ©
     got: چيک
 ; [cca2=CZ].translations.urd.official
Expected: Ú†ÙŠÚ© Ø¬Ù…Û�ÙˆØ±ÙŠÛ�
     got: چيک جمہوريہ
 ; [cca2=CZ].translations.zho.common
Expected: æ�·å…‹
     got: 捷克
 ; [cca2=CZ].translations.zho.official
Expected: æ�·å…‹å…±å’Œå›½
     got: 捷克共和国
 ; [cca2=TK].flag
Expected: ðŸ‡¹ðŸ‡°
     got: 🇹🇰
 ; [cca2=TK].translations.ara.common
Expected: ØªÙˆÙƒÙŠÙ„Ø§Ùˆ
     got: توكيلاو
 ; [cca2=TK].translations.ara.official
Expected: ØªÙˆÙƒÙŠÙ„Ø§Ùˆ
     got: توكيلاو
 ; [cca2=TK].translations.fra.official
Expected: ÃŽles Tokelau
     got: Îles Tokelau
 ; [cca2=TK].translations.jpn.common
Expected: ãƒˆã‚±ãƒ©ã‚¦
     got: トケラウ
 ; [cca2=TK].translations.jpn.official
Expected: ãƒˆã‚±ãƒ©ã‚¦è«¸å³¶
     got: トケラウ諸島
 ; [cca2=TK].translations.kor.common
Expected: í† ì¼ˆë�¼ìš°
     got: 토켈라우
 ; [cca2=TK].translations.kor.official
Expected: í† ì¼ˆë�¼ìš°
     got: 토켈라우
 ; [cca2=TK].translations.per.common
Expected: ØªÙˆÚ©Ù„Ø§Ø¦Ùˆ
     got: توکلائو
 ; [cca2=TK].translations.per.official
Expected: ØªÙˆÚ©Ù„Ø§Ø¦Ùˆ
     got: توکلائو
 ; [cca2=TK].translations.rus.common
Expected: Ð¢Ð¾ÐºÐµÐ»Ð°Ñƒ
     got: Токелау
 ; [cca2=TK].translations.rus.official
Expected: Ð¢Ð¾ÐºÐµÐ»Ð°Ñƒ
     got: Токелау
 ; [cca2=TK].translations.slk.official
Expected: TokelauskÃ© ostrovy
     got: Tokelauské ostrovy
 ; [cca2=TK].translations.srp.common
Expected: Ð¢Ð¾ÐºÐµÐ»Ð°Ñƒ
     got: Токелау
 ; [cca2=TK].translations.srp.official
Expected: Ð¢Ð¾ÐºÐµÐ»Ð°Ñƒ
     got: Токелау
 ; [cca2=TK].translations.swe.common
Expected: TokelauÃ¶arna
     got: Tokelauöarna
 ; [cca2=TK].translations.swe.official
Expected: TokelauÃ¶arna
     got: Tokelauöarna
 ; [cca2=TK].translations.urd.common
Expected: Ù¹ÙˆÚ©ÛŒÙ„Ø§Ø¤
     got: ٹوکیلاؤ
 ; [cca2=TK].translations.urd.official
Expected: Ù¹ÙˆÚ©ÛŒÙ„Ø§Ø¤
     got: ٹوکیلاؤ
 ; [cca2=TK].translations.zho.common
Expected: æ‰˜å…‹åŠ³
     got: 托克劳
 ; [cca2=TK].translations.zho.official
Expected: æ‰˜å…‹åŠ³
     got: 托克劳
 ; [cca2=TL].altSpellings[]
Expected: TimÃ³r Lorosa&apos;e
     but none found
 ; [cca2=TL].altSpellings[]
Expected: RepÃºblika DemokrÃ¡tika TimÃ³r-Leste
     but none found
 ; [cca2=TL].altSpellings[]
Expected: RepÃºblica DemocrÃ¡tica de Timor-Leste
     but none found
 ; [cca2=TL].altSpellings[]
Unexpected: Timór Lorosa&apos;e
 ; [cca2=TL].altSpellings[]
Unexpected: República Democrática de Timor-Leste
 ; [cca2=TL].altSpellings[]
Unexpected: Repúblika Demokrátika Timór-Leste
 ; [cca2=TL].flag
Expected: ðŸ‡¹ðŸ‡±
     got: 🇹🇱
 ; [cca2=TL].name.nativeName.por.official
Expected: RepÃºblica DemocrÃ¡tica de Timor-Leste
     got: República Democrática de Timor-Leste
 ; [cca2=TL].name.nativeName.tet.common
Expected: TimÃ³r-Leste
     got: Timór-Leste
 ; [cca2=TL].name.nativeName.tet.official
Expected: RepÃºblika DemokrÃ¡tika TimÃ³r-Leste
     got: Repúblika Demokrátika Timór-Leste
 ; [cca2=TL].translations.ara.common
Expected: ØªÙŠÙ…ÙˆØ± Ø§Ù„Ø´Ø±Ù‚ÙŠØ©
     got: تيمور الشرقية
 ; [cca2=TL].translations.ara.official
Expected: Ø¬Ù…Ù‡ÙˆØ±ÙŠØ© ØªÙŠÙ…ÙˆØ± Ø§Ù„Ø´Ø±Ù‚ÙŠØ© Ø§Ù„Ø¯ÙŠÙ…Ù‚Ø±Ø§Ø·ÙŠØ©
     got: جمهورية تيمور الشرقية الديمقراطية
 ; [cca2=TL].translations.ces.common
Expected: VÃ½chodnÃ­ Timor
     got: Východní Timor
 ; [cca2=TL].translations.ces.official
Expected: DemokratickÃ¡ republika VÃ½chodnÃ­ Timor
     got: Demokratická republika Východní Timor
 ; [cca2=TL].translations.fin.common
Expected: ItÃ¤-Timor
     got: Itä-Timor
 ; [cca2=TL].translations.fin.official
Expected: ItÃ¤-Timorin demokraattinen tasavalta
     got: Itä-Timorin demokraattinen tasavalta
 ; [cca2=TL].translations.fra.official
Expected: RÃ©publique dÃ©mocratique du Timor oriental
     got: République démocratique du Timor oriental
 ; [cca2=TL].translations.hrv.common
Expected: IstoÄ�ni Timor
     got: Istočni Timor
 ; [cca2=TL].translations.hun.official
Expected: Kelet-timori Demokratikus KÃ¶ztÃ¡rsasÃ¡g
     got: Kelet-timori Demokratikus Köztársaság
 ; [cca2=TL].translations.jpn.common
Expected: æ�±ãƒ†ã‚£ãƒ¢ãƒ¼ãƒ«
     got: 東ティモール
 ; [cca2=TL].translations.jpn.official
Expected: æ�±ãƒ†ã‚£ãƒ¢ãƒ¼ãƒ«æ°‘ä¸»å…±å’Œå›½
     got: 東ティモール民主共和国
 ; [cca2=TL].translations.kor.common
Expected: ë�™í‹°ëª¨ë¥´
     got: 동티모르
 ; [cca2=TL].translations.kor.official
Expected: ë�™í‹°ëª¨ë¥´ ë¯¼ì£¼ ê³µí™”êµ­
     got: 동티모르 민주 공화국
 ; [cca2=TL].translations.per.common
Expected: ØªÛŒÙ…ÙˆØ± Ø´Ø±Ù‚ÛŒ
     got: تیمور شرقی
 ; [cca2=TL].translations.per.official
Expected: Ø¬Ù…Ù‡ÙˆØ±ÛŒ Ø¯Ù…ÙˆÚ©Ø±Ø§ØªÛŒÚ© ØªÛŒÙ…ÙˆØ± Ø´Ø±Ù‚ÛŒ
     got: جمهوری دموکراتیک تیمور شرقی
 ; [cca2=TL].translations.por.official
Expected: RepÃºblica DemocrÃ¡tica de Timor-Leste
     got: República Democrática de Timor-Leste
 ; [cca2=TL].translations.rus.common
Expected: Ð’Ð¾Ñ�Ñ‚Ð¾Ñ‡Ð½Ñ‹Ð¹ Ð¢Ð¸Ð¼Ð¾Ñ€
     got: Восточный Тимор
 ; [cca2=TL].translations.rus.official
Expected: Ð”ÐµÐ¼Ð¾ÐºÑ€Ð°Ñ‚Ð¸Ñ‡ÐµÑ�ÐºÐ°Ñ� Ð ÐµÑ�Ð¿ÑƒÐ±Ð»Ð¸ÐºÐ° Ð¢Ð¸Ð¼Ð¾Ñ€ -Ð›ÐµÑˆÑ‚Ð¸
     got: Демократическая Республика Тимор -Лешти
 ; [cca2=TL].translations.slk.common
Expected: VÃ½chodnÃ½ Timor
     got: Východný Timor
 ; [cca2=TL].translations.slk.official
Expected: VÃ½chodotimorskÃ¡ demokratickÃ¡ republika
     got: Východotimorská demokratická republika
 ; [cca2=TL].translations.spa.official
Expected: RepÃºblica DemocrÃ¡tica de Timor-Leste
     got: República Democrática de Timor-Leste
 ; [cca2=TL].translations.srp.common
Expected: Ð˜Ñ�Ñ‚Ð¾Ñ‡Ð½Ð¸ Ð¢Ð¸Ð¼Ð¾Ñ€
     got: Источни Тимор
 ; [cca2=TL].translations.srp.official
Expected: Ð”ÐµÐ¼Ð¾ÐºÑ€Ð°Ñ‚Ñ�ÐºÐ° Ð ÐµÐ¿ÑƒÐ±Ð»Ð¸ÐºÐ° Ð˜Ñ�Ñ‚Ð¾Ñ‡Ð½Ð¸ Ð¢Ð¸Ð¼Ð¾Ñ€
     got: Демократска Република Источни Тимор
 ; [cca2=TL].translations.swe.common
Expected: Ã–sttimor
     got: Östtimor
 ; [cca2=TL].translations.swe.official
Expected: Demokratiska republiken Ã–sttimor
     got: Demokratiska republiken Östtimor
 ; [cca2=TL].translations.tur.common
Expected: DoÄŸu Timor
     got: Doğu Timor
 ; [cca2=TL].translations.tur.official
Expected: DoÄŸu Timor Demokratik Cumhuriyeti
     got: Doğu Timor Demokratik Cumhuriyeti
 ; [cca2=TL].translations.urd.common
Expected: Ù…Ø´Ø±Ù‚ÛŒ ØªÛŒÙ…ÙˆØ±
     got: مشرقی تیمور
 ; [cca2=TL].translations.urd.official
Expected: Ø¬Ù…Û�ÙˆØ±ÛŒ Ø¬Ù…Û�ÙˆØ±ÛŒÛ� Ù…Ø´Ø±Ù‚ÛŒ ØªÛŒÙ…ÙˆØ±
     got: جمہوری جمہوریہ مشرقی تیمور
 ; [cca2=TL].translations.zho.common
Expected: ä¸œå¸�æ±¶
     got: 东帝汶
 ; [cca2=TL].translations.zho.official
Expected: ä¸œå¸�æ±¶æ°‘ä¸»å…±å’Œå›½
     got: 东帝汶民主共和国
 ; [cca2=TM].demonyms.fra.f
Expected: TurkmÃ¨ne
     got: Turkmène
 ; [cca2=TM].demonyms.fra.m
Expected: TurkmÃ¨ne
     got: Turkmène
 ; [cca2=TM].flag
Expected: ðŸ‡¹ðŸ‡²
     got: 🇹🇲
 ; [cca2=TM].name.nativeName.rus.common
Expected: Ð¢ÑƒÑ€ÐºÐ¼ÐµÐ½Ð¸Ñ�
     got: Туркмения
 ; [cca2=TM].name.nativeName.rus.official
Expected: Ð¢ÑƒÑ€ÐºÐ¼ÐµÐ½Ð¸Ñ�Ñ‚Ð°Ð½
     got: Туркменистан
 ; [cca2=TM].name.nativeName.tuk.common
Expected: TÃ¼rkmenistan
     got: Türkmenistan
 ; [cca2=TM].name.nativeName.tuk.official
Expected: TÃ¼rkmenistan
     got: Türkmenistan
 ; [cca2=TM].translations.ara.common
Expected: ØªØ±ÙƒÙ…Ø§Ù†Ø³ØªØ§Ù†
     got: تركمانستان
 ; [cca2=TM].translations.ara.official
Expected: ØªØ±ÙƒÙ…Ø§Ù†Ø³ØªØ§Ù†
     got: تركمانستان
 ; [cca2=TM].translations.ces.common
Expected: TurkmenistÃ¡n
     got: Turkmenistán
 ; [cca2=TM].translations.ces.official
Expected: TurkmenistÃ¡n
     got: Turkmenistán
 ; [cca2=TM].translations.est.common
Expected: TÃ¼rkmenistan
     got: Türkmenistan
 ; [cca2=TM].translations.est.official
Expected: TÃ¼rkmenistan
     got: Türkmenistan
 ; [cca2=TM].translations.fra.common
Expected: TurkmÃ©nistan
     got: Turkménistan
 ; [cca2=TM].translations.fra.official
Expected: TurkmÃ©nistan
     got: Turkménistan
 ; [cca2=TM].translations.hun.common
Expected: TÃ¼rkmenisztÃ¡n
     got: Türkmenisztán
 ; [cca2=TM].translations.hun.official
Expected: TÃ¼rkmÃ©n KÃ¶ztÃ¡rsasÃ¡g
     got: Türkmén Köztársaság
 ; [cca2=TM].translations.jpn.common
Expected: ãƒˆãƒ«ã‚¯ãƒ¡ãƒ‹ã‚¹ã‚¿ãƒ³
     got: トルクメニスタン
 ; [cca2=TM].translations.jpn.official
Expected: ãƒˆãƒ«ã‚¯ãƒ¡ãƒ‹ã‚¹ã‚¿ãƒ³
     got: トルクメニスタン
 ; [cca2=TM].translations.kor.common
Expected: íˆ¬ë¥´í�¬ë©”ë‹ˆìŠ¤íƒ„
     got: 투르크메니스탄
 ; [cca2=TM].translations.kor.official
Expected: íˆ¬ë¥´í�¬ë©”ë‹ˆìŠ¤íƒ„
     got: 투르크메니스탄
 ; [cca2=TM].translations.per.common
Expected: ØªØ±Ú©Ù…Ù†Ø³ØªØ§Ù†
     got: ترکمنستان
 ; [cca2=TM].translations.per.official
Expected: Ø¬Ù…Ù‡ÙˆØ±ÛŒ Ø®Ù„Ù‚ ØªØ±Ú©Ù…Ù†Ø³ØªØ§Ù†
     got: جمهوری خلق ترکمنستان
 ; [cca2=TM].translations.por.common
Expected: TurquemenistÃ£o
     got: Turquemenistão
 ; [cca2=TM].translations.por.official
Expected: TurcomenistÃ£o
     got: Turcomenistão
 ; [cca2=TM].translations.rus.common
Expected: Ð¢ÑƒÑ€ÐºÐ¼ÐµÐ½Ð¸Ñ�
     got: Туркмения
 ; [cca2=TM].translations.rus.official
Expected: Ð¢ÑƒÑ€ÐºÐ¼ÐµÐ½Ð¸Ñ�Ñ‚Ð°Ð½
     got: Туркменистан
 ; [cca2=TM].translations.slk.common
Expected: TurkmÃ©nsko
     got: Turkménsko
 ; [cca2=TM].translations.slk.official
Expected: TurkmÃ©nsko
     got: Turkménsko
 ; [cca2=TM].translations.spa.common
Expected: TurkmenistÃ¡n
     got: Turkmenistán
 ; [cca2=TM].translations.spa.official
Expected: TurkmenistÃ¡n
     got: Turkmenistán
 ; [cca2=TM].translations.srp.common
Expected: Ð¢ÑƒÑ€ÐºÐ¼ÐµÐ½Ð¸Ñ�Ñ‚Ð°Ð½
     got: Туркменистан
 ; [cca2=TM].translations.srp.official
Expected: Ð¢ÑƒÑ€ÐºÐ¼ÐµÐ½Ð¸Ñ�Ñ‚Ð°Ð½
     got: Туркменистан
 ; [cca2=TM].translations.tur.common
Expected: TÃ¼rkmenistan
     got: Türkmenistan
 ; [cca2=TM].translations.tur.official
Expected: TÃ¼rkmenistan
     got: Türkmenistan
 ; [cca2=TM].translations.urd.common
Expected: ØªØ±Ú©Ù…Ø§Ù†Ø³ØªØ§Ù†
     got: ترکمانستان
 ; [cca2=TM].translations.urd.official
Expected: ØªØ±Ú©Ù…Ø§Ù†Ø³ØªØ§Ù†
     got: ترکمانستان
 ; [cca2=TM].translations.zho.common
Expected: åœŸåº“æ›¼æ–¯å�¦
     got: 土库曼斯坦
 ; [cca2=TM].translations.zho.official
Expected: åœŸåº“æ›¼æ–¯å�¦
     got: 土库曼斯坦
 ; [cca2=TN].altSpellings[]
Expected: al-JumhÅ«riyyah at-TÅ«nisiyyah
     but none found
 ; [cca2=TN].altSpellings[]
Unexpected: al-Jumhūriyyah at-Tūnisiyyah
 ; [cca2=TN].currencies.TND.symbol
Expected: Ø¯.Øª
     got: د.ت
 ; [cca2=TN].flag
Expected: ðŸ‡¹ðŸ‡³
     got: 🇹🇳
 ; [cca2=TN].name.nativeName.ara.common
Expected: ØªÙˆÙ†Ø³
     got: تونس
 ; [cca2=TN].name.nativeName.ara.official
Expected: Ø§Ù„Ø¬Ù…Ù‡ÙˆØ±ÙŠØ© Ø§Ù„ØªÙˆÙ†Ø³ÙŠØ©
     got: الجمهورية التونسية
 ; [cca2=TN].translations.ara.common
Expected: ØªÙˆÙ†Ø³
     got: تونس
 ; [cca2=TN].translations.ara.official
Expected: Ø§Ù„Ø¬Ù…Ù‡ÙˆØ±ÙŠØ© Ø§Ù„ØªÙˆÙ†Ø³ÙŠØ©
     got: الجمهورية التونسية
 ; [cca2=TN].translations.ces.official
Expected: TuniskÃ¡ republika
     got: Tuniská republika
 ; [cca2=TN].translations.fra.official
Expected: RÃ©publique tunisienne
     got: République tunisienne
 ; [cca2=TN].translations.hun.common
Expected: TunÃ©zia
     got: Tunézia
 ; [cca2=TN].translations.hun.official
Expected: TunÃ©ziai KÃ¶ztÃ¡rsasÃ¡g
     got: Tunéziai Köztársaság
 ; [cca2=TN].translations.jpn.common
Expected: ãƒ�ãƒ¥ãƒ‹ã‚¸ã‚¢
     got: チュニジア
 ; [cca2=TN].translations.jpn.official
Expected: ãƒ�ãƒ¥ãƒ‹ã‚¸ã‚¢å…±å’Œå›½
     got: チュニジア共和国
 ; [cca2=TN].translations.kor.common
Expected: íŠ€ë‹ˆì§€
     got: 튀니지
 ; [cca2=TN].translations.kor.official
Expected: íŠ€ë‹ˆì§€ ê³µí™”êµ­
     got: 튀니지 공화국
 ; [cca2=TN].translations.nld.common
Expected: TunesiÃ«
     got: Tunesië
 ; [cca2=TN].translations.nld.official
Expected: Republiek TunesiÃ«
     got: Republiek Tunesië
 ; [cca2=TN].translations.per.common
Expected: ØªÙˆÙ†Ø³
     got: تونس
 ; [cca2=TN].translations.per.official
Expected: Ø¬Ù…Ù‡ÙˆØ±ÛŒ ØªÙˆÙ†Ø³
     got: جمهوری تونس
 ; [cca2=TN].translations.por.common
Expected: TunÃ­sia
     got: Tunísia
 ; [cca2=TN].translations.por.official
Expected: RepÃºblica da TunÃ­sia
     got: República da Tunísia
 ; [cca2=TN].translations.rus.common
Expected: Ð¢ÑƒÐ½Ð¸Ñ�
     got: Тунис
 ; [cca2=TN].translations.rus.official
Expected: Ð¢ÑƒÐ½Ð¸Ñ�Ñ�ÐºÐ¾Ð¹ Ð ÐµÑ�Ð¿ÑƒÐ±Ð»Ð¸ÐºÐ¸
     got: Тунисской Республики
 ; [cca2=TN].translations.slk.official
Expected: TuniskÃ¡ republika
     got: Tuniská republika
 ; [cca2=TN].translations.spa.common
Expected: TÃºnez
     got: Túnez
 ; [cca2=TN].translations.spa.official
Expected: RepÃºblica de TÃºnez
     got: República de Túnez
 ; [cca2=TN].translations.srp.common
Expected: Ð¢ÑƒÐ½Ð¸Ñ�
     got: Тунис
 ; [cca2=TN].translations.srp.official
Expected: Ð¢ÑƒÐ½Ð¸ÑˆÐ°Ð½Ñ�ÐºÐ° Ð ÐµÐ¿ÑƒÐ±Ð»Ð¸ÐºÐ°
     got: Тунишанска Република
 ; [cca2=TN].translations.urd.common
Expected: ØªÙˆÙ†Ø³
     got: تونس
 ; [cca2=TN].translations.urd.official
Expected: Ø¬Ù…Û�ÙˆØ±ÛŒÛ� ØªÙˆÙ†Ø³
     got: جمہوریہ تونس
 ; [cca2=TN].translations.zho.common
Expected: çª�å°¼æ–¯
     got: 突尼斯
 ; [cca2=TN].translations.zho.official
Expected: çª�å°¼æ–¯å…±å’Œå›½
     got: 突尼斯共和国
 ; [cca2=TO].currencies.TOP.name
Expected: Tongan paÊ»anga
     got: Tongan paʻanga
 ; [cca2=TO].flag
Expected: ðŸ‡¹ðŸ‡´
     got: 🇹🇴
 ; [cca2=TO].translations.ara.common
Expected: ØªÙˆÙ†ØºØ§
     got: تونغا
 ; [cca2=TO].translations.ara.official
Expected: Ù…Ù…Ù„ÙƒØ© ØªÙˆÙ†ØºØ§
     got: مملكة تونغا
 ; [cca2=TO].translations.ces.official
Expected: KrÃ¡lovstvÃ­ Tonga
     got: Království Tonga
 ; [cca2=TO].translations.deu.official
Expected: KÃ¶nigreich Tonga
     got: Königreich Tonga
 ; [cca2=TO].translations.hun.official
Expected: Tongai KirÃ¡lysÃ¡g
     got: Tongai Királyság
 ; [cca2=TO].translations.jpn.common
Expected: ãƒˆãƒ³ã‚¬
     got: トンガ
 ; [cca2=TO].translations.jpn.official
Expected: ãƒˆãƒ³ã‚¬çŽ‹å›½
     got: トンガ王国
 ; [cca2=TO].translations.kor.common
Expected: í†µê°€
     got: 통가
 ; [cca2=TO].translations.kor.official
Expected: í†µê°€ ì™•êµ­
     got: 통가 왕국
 ; [cca2=TO].translations.per.common
Expected: ØªÙˆÙ†Ú¯Ø§
     got: تونگا
 ; [cca2=TO].translations.per.official
Expected: Ù¾Ø§Ø¯Ø´Ø§Ù‡ÛŒ ØªÙˆÙ†Ú¯Ø§
     got: پادشاهی تونگا
 ; [cca2=TO].translations.pol.official
Expected: KrÃ³lestwo Tonga
     got: Królestwo Tonga
 ; [cca2=TO].translations.rus.common
Expected: Ð¢Ð¾Ð½Ð³Ð°
     got: Тонга
 ; [cca2=TO].translations.rus.official
Expected: ÐšÐ¾Ñ€Ð¾Ð»ÐµÐ²Ñ�Ñ‚Ð²Ð¾ Ð¢Ð¾Ð½Ð³Ð°
     got: Королевство Тонга
 ; [cca2=TO].translations.slk.official
Expected: TongskÃ© krÃ¡Ä¾ovstvo
     got: Tongské kráľovstvo
 ; [cca2=TO].translations.srp.common
Expected: Ð¢Ð¾Ð½Ð³Ð°
     got: Тонга
 ; [cca2=TO].translations.srp.official
Expected: ÐšÑ€Ð°Ñ™ÐµÐ²Ð¸Ð½Ð° Ð¢Ð¾Ð½Ð³Ð°
     got: Краљевина Тонга
 ; [cca2=TO].translations.tur.official
Expected: Tonga KrallÄ±ÄŸÄ±
     got: Tonga Krallığı
 ; [cca2=TO].translations.urd.common
Expected: Ù¹ÙˆÙ†Ú¯Ø§
     got: ٹونگا
 ; [cca2=TO].translations.urd.official
Expected: Ù…Ù…Ù„Ú©ØªÙ� Ù¹ÙˆÙ†Ú¯Ø§
     got: مملکتِ ٹونگا
 ; [cca2=TO].translations.zho.common
Expected: æ±¤åŠ 
     got: 汤加
 ; [cca2=TO].translations.zho.official
Expected: æ±¤åŠ çŽ‹å›½
     got: 汤加王国
 ; [cca2=TR].altSpellings[]
Expected: TÃ¼rkiye Cumhuriyeti
     but none found
 ; [cca2=TR].altSpellings[]
Unexpected: Türkiye Cumhuriyeti
 ; [cca2=TR].currencies.TRY.symbol
Expected: â‚º
     got: ₺
 ; [cca2=TR].flag
Expected: ðŸ‡¹ðŸ‡·
     got: 🇹🇷
 ; [cca2=TR].name.nativeName.tur.common
Expected: TÃ¼rkiye
     got: Türkiye
 ; [cca2=TR].name.nativeName.tur.official
Expected: TÃ¼rkiye Cumhuriyeti
     got: Türkiye Cumhuriyeti
 ; [cca2=TR].translations.ara.common
Expected: ØªØ±ÙƒÙŠØ§
     got: تركيا
 ; [cca2=TR].translations.ara.official
Expected: Ø§Ù„Ø¬Ù…Ù‡ÙˆØ±ÙŠØ© Ø§Ù„ØªØ±ÙƒÙŠØ©
     got: الجمهورية التركية
 ; [cca2=TR].translations.ces.official
Expected: TureckÃ¡ republika
     got: Turecká republika
 ; [cca2=TR].translations.deu.common
Expected: TÃ¼rkei
     got: Türkei
 ; [cca2=TR].translations.deu.official
Expected: Republik TÃ¼rkei
     got: Republik Türkei
 ; [cca2=TR].translations.est.common
Expected: TÃ¼rgi
     got: Türgi
 ; [cca2=TR].translations.est.official
Expected: TÃ¼rgi Vabariik
     got: Türgi Vabariik
 ; [cca2=TR].translations.fra.official
Expected: RÃ©publique de Turquie
     got: République de Turquie
 ; [cca2=TR].translations.hun.common
Expected: TÃ¶rÃ¶korszÃ¡g
     got: Törökország
 ; [cca2=TR].translations.hun.official
Expected: TÃ¶rÃ¶k KÃ¶ztÃ¡rsasÃ¡g
     got: Török Köztársaság
 ; [cca2=TR].translations.jpn.common
Expected: ãƒˆãƒ«ã‚³
     got: トルコ
 ; [cca2=TR].translations.jpn.official
Expected: ãƒˆãƒ«ã‚³å…±å’Œå›½
     got: トルコ共和国
 ; [cca2=TR].translations.kor.common
Expected: í„°í‚¤
     got: 터키
 ; [cca2=TR].translations.kor.official
Expected: í„°í‚¤ ê³µí™”êµ­
     got: 터키 공화국
 ; [cca2=TR].translations.per.common
Expected: ØªØ±Ú©ÛŒÙ‡
     got: ترکیه
 ; [cca2=TR].translations.per.official
Expected: Ø¬Ù…Ù‡ÙˆØ±ÛŒ ØªØ±Ú©ÛŒÙ‡
     got: جمهوری ترکیه
 ; [cca2=TR].translations.por.official
Expected: RepÃºblica da Turquia
     got: República da Turquia
 ; [cca2=TR].translations.rus.common
Expected: Ð¢ÑƒÑ€Ñ†Ð¸Ñ�
     got: Турция
 ; [cca2=TR].translations.rus.official
Expected: Ð ÐµÑ�Ð¿ÑƒÐ±Ð»Ð¸ÐºÐ° Ð¢ÑƒÑ€Ñ†Ð¸Ð¸
     got: Республика Турции
 ; [cca2=TR].translations.slk.official
Expected: TureckÃ¡ republika
     got: Turecká republika
 ; [cca2=TR].translations.spa.common
Expected: TurquÃ­a
     got: Turquía
 ; [cca2=TR].translations.spa.official
Expected: RepÃºblica de TurquÃ­a
     got: República de Turquía
 ; [cca2=TR].translations.srp.common
Expected: Ð¢ÑƒÑ€Ñ�ÐºÐ°
     got: Турска
 ; [cca2=TR].translations.srp.official
Expected: Ð¢ÑƒÑ€Ñ�ÐºÐ° Ð ÐµÐ¿ÑƒÐ±Ð»Ð¸ÐºÐ°
     got: Турска Република
 ; [cca2=TR].translations.tur.common
Expected: TÃ¼rkiye
     got: Türkiye
 ; [cca2=TR].translations.tur.official
Expected: TÃ¼rkiye Cumhuriyeti
     got: Türkiye Cumhuriyeti
 ; [cca2=TR].translations.urd.common
Expected: ØªØ±Ú©ÛŒ
     got: ترکی
 ; [cca2=TR].translations.urd.official
Expected: Ø¬Ù…Û�ÙˆØ±ÛŒÛ� ØªØ±Ú©ÛŒ
     got: جمہوریہ ترکی
 ; [cca2=TR].translations.zho.common
Expected: åœŸè€³å…¶
     got: 土耳其
 ; [cca2=TR].translations.zho.official
Expected: åœŸè€³å…¶å…±å’Œå›½
     got: 土耳其共和国
 ; [cca2=TT].flag
Expected: ðŸ‡¹ðŸ‡¹
     got: 🇹🇹
 ; [cca2=TT].translations.ara.common
Expected: ØªØ±ÙŠÙ†ÙŠØ¯Ø§Ø¯ ÙˆØªÙˆØ¨Ø§ØºÙˆ
     got: ترينيداد وتوباغو
 ; [cca2=TT].translations.ara.official
Expected: Ø¬Ù…Ù‡ÙˆØ±ÙŠØ© ØªØ±ÙŠÙ†ÙŠØ¯Ø§Ø¯ ÙˆØªÙˆØ¨Ø§ØºÙˆ
     got: جمهورية ترينيداد وتوباغو
 ; [cca2=TT].translations.fra.common
Expected: TrinitÃ©-et-Tobago
     got: Trinité-et-Tobago
 ; [cca2=TT].translations.fra.official
Expected: RÃ©publique de TrinitÃ©-et-Tobago
     got: République de Trinité-et-Tobago
 ; [cca2=TT].translations.hun.common
Expected: Trinidad Ã©s Tobago
     got: Trinidad és Tobago
 ; [cca2=TT].translations.hun.official
Expected: Trinidad Ã©s Tobago KÃ¶ztÃ¡rsasÃ¡g
     got: Trinidad és Tobago Köztársaság
 ; [cca2=TT].translations.jpn.common
Expected: ãƒˆãƒªãƒ‹ãƒ€ãƒ¼ãƒ‰ãƒ»ãƒˆãƒ�ã‚´
     got: トリニダード・トバゴ
 ; [cca2=TT].translations.jpn.official
Expected: ãƒˆãƒªãƒ‹ãƒ€ãƒ¼ãƒ‰Â·ãƒˆãƒ�ã‚´å…±å’Œå›½
     got: トリニダード·トバゴ共和国
 ; [cca2=TT].translations.kor.common
Expected: íŠ¸ë¦¬ë‹ˆë‹¤ë“œ í† ë°”ê³ 
     got: 트리니다드 토바고
 ; [cca2=TT].translations.kor.official
Expected: íŠ¸ë¦¬ë‹ˆë‹¤ë“œ í† ë°”ê³  ê³µí™”êµ­
     got: 트리니다드 토바고 공화국
 ; [cca2=TT].translations.per.common
Expected: ØªØ±ÛŒÙ†ÛŒØ¯Ø§Ø¯ Ùˆ ØªÙˆØ¨Ø§Ú¯Ùˆ
     got: ترینیداد و توباگو
 ; [cca2=TT].translations.per.official
Expected: Ø¬Ù…Ù‡ÙˆØ±ÛŒ ØªØ±ÛŒÙ†ÛŒØ¯Ø§Ø¯ Ùˆ ØªÙˆØ¨Ø§Ú¯Ùˆ
     got: جمهوری ترینیداد و توباگو
 ; [cca2=TT].translations.por.official
Expected: RepÃºblica de Trinidad e Tobago
     got: República de Trinidad e Tobago
 ; [cca2=TT].translations.rus.common
Expected: Ð¢Ñ€Ð¸Ð½Ð¸Ð´Ð°Ð´ Ð¸ Ð¢Ð¾Ð±Ð°Ð³Ð¾
     got: Тринидад и Тобаго
 ; [cca2=TT].translations.rus.official
Expected: Ð ÐµÑ�Ð¿ÑƒÐ±Ð»Ð¸ÐºÐ° Ð¢Ñ€Ð¸Ð½Ð¸Ð´Ð°Ð´ Ð¸ Ð¢Ð¾Ð±Ð°Ð³Ð¾
     got: Республика Тринидад и Тобаго
 ; [cca2=TT].translations.spa.official
Expected: RepÃºblica de Trinidad y Tobago
     got: República de Trinidad y Tobago
 ; [cca2=TT].translations.srp.common
Expected: Ð¢Ñ€Ð¸Ð½Ð¸Ð´Ð°Ð´ Ð¸ Ð¢Ð¾Ð±Ð°Ð³Ð¾
     got: Тринидад и Тобаго
 ; [cca2=TT].translations.srp.official
Expected: Ð ÐµÐ¿ÑƒÐ±Ð»Ð¸ÐºÐ° Ð¢Ñ€Ð¸Ð½Ð¸Ð´Ð°Ð´ Ð¸ Ð¢Ð¾Ð±Ð°Ð³Ð¾
     got: Република Тринидад и Тобаго
 ; [cca2=TT].translations.urd.common
Expected: Ù¹Ø±ÛŒÙ†ÛŒÚˆØ§Úˆ Ùˆ Ù¹ÙˆØ¨Ø§Ú¯Ùˆ
     got: ٹرینیڈاڈ و ٹوباگو
 ; [cca2=TT].translations.urd.official
Expected: Ø¬Ù…Û�ÙˆØ±ÛŒÛ� Ù¹Ø±ÛŒÙ†ÛŒÚˆØ§Úˆ Ùˆ Ù¹ÙˆØ¨Ø§Ú¯Ùˆ
     got: جمہوریہ ٹرینیڈاڈ و ٹوباگو
 ; [cca2=TT].translations.zho.common
Expected: ç‰¹ç«‹å°¼è¾¾å’Œå¤šå·´å“¥
     got: 特立尼达和多巴哥
 ; [cca2=TT].translations.zho.official
Expected: ç‰¹ç«‹å°¼è¾¾å’Œå¤šå·´å“¥å…±å’Œå›½
     got: 特立尼达和多巴哥共和国
 ; [cca2=DE].currencies.EUR.symbol
Expected: â‚¬
     got: €
 ; [cca2=DE].flag
Expected: ðŸ‡©ðŸ‡ª
     got: 🇩🇪
 ; [cca2=DE].translations.ara.common
Expected: Ø£Ù„Ù…Ø§Ù†ÙŠØ§
     got: ألمانيا
 ; [cca2=DE].translations.ara.official
Expected: Ø¬Ù…Ù‡ÙˆØ±ÙŠØ© Ø£Ù„Ù…Ø§Ù†ÙŠØ§ Ø§Ù„Ø§ØªØ­Ø§Ø¯ÙŠØ©
     got: جمهورية ألمانيا الاتحادية
 ; [cca2=DE].translations.ces.common
Expected: NÄ›mecko
     got: Německo
 ; [cca2=DE].translations.ces.official
Expected: SpolkovÃ¡ republika NÄ›mecko
     got: Spolková republika Německo
 ; [cca2=DE].translations.fra.official
Expected: RÃ©publique fÃ©dÃ©rale d&apos;Allemagne
     got: République fédérale d&apos;Allemagne
 ; [cca2=DE].translations.hrv.common
Expected: NjemaÄ�ka
     got: Njemačka
 ; [cca2=DE].translations.hrv.official
Expected: NjemaÄ�ka Federativna Republika
     got: Njemačka Federativna Republika
 ; [cca2=DE].translations.hun.common
Expected: NÃ©metorszÃ¡g
     got: Németország
 ; [cca2=DE].translations.hun.official
Expected: NÃ©met SzÃ¶vetsÃ©gi KÃ¶ztÃ¡rsasÃ¡g
     got: Német Szövetségi Köztársaság
 ; [cca2=DE].translations.jpn.common
Expected: ãƒ‰ã‚¤ãƒ„
     got: ドイツ
 ; [cca2=DE].translations.jpn.official
Expected: ãƒ‰ã‚¤ãƒ„é€£é‚¦å…±å’Œå›½
     got: ドイツ連邦共和国
 ; [cca2=DE].translations.kor.common
Expected: ë�…ì�¼
     got: 독일
 ; [cca2=DE].translations.kor.official
Expected: ë�…ì�¼ ì—°ë°© ê³µí™”êµ­
     got: 독일 연방 공화국
 ; [cca2=DE].translations.per.common
Expected: Ø¢Ù„Ù…Ø§Ù†
     got: آلمان
 ; [cca2=DE].translations.per.official
Expected: Ø¬Ù…Ù‡ÙˆØ±ÛŒ Ù�Ø¯Ø±Ø§Ù„ Ø¢Ù„Ù…Ø§Ù†
     got: جمهوری فدرال آلمان
 ; [cca2=DE].translations.por.official
Expected: RepÃºblica Federal da Alemanha
     got: República Federal da Alemanha
 ; [cca2=DE].translations.rus.common
Expected: Ð“ÐµÑ€Ð¼Ð°Ð½Ð¸Ñ�
     got: Германия
 ; [cca2=DE].translations.rus.official
Expected: Ð¤ÐµÐ´ÐµÑ€Ð°Ñ‚Ð¸Ð²Ð½Ð°Ñ� Ð ÐµÑ�Ð¿ÑƒÐ±Ð»Ð¸ÐºÐ° Ð“ÐµÑ€Ð¼Ð°Ð½Ð¸Ñ�
     got: Федеративная Республика Германия
 ; [cca2=DE].translations.slk.official
Expected: NemeckÃ¡ spolkovÃ¡ republika
     got: Nemecká spolková republika
 ; [cca2=DE].translations.spa.official
Expected: RepÃºblica Federal de Alemania
     got: República Federal de Alemania
 ; [cca2=DE].translations.srp.common
Expected: Ð�ÐµÐ¼Ð°Ñ‡ÐºÐ°
     got: Немачка
 ; [cca2=DE].translations.srp.official
Expected: Ð¡Ð°Ð²ÐµÐ·Ð½Ð° Ð ÐµÐ¿ÑƒÐ±Ð»Ð¸ÐºÐ° Ð�ÐµÐ¼Ð°Ñ‡ÐºÐ°
     got: Савезна Република Немачка
 ; [cca2=DE].translations.swe.official
Expected: FÃ¶rbundsrepubliken Tyskland
     got: Förbundsrepubliken Tyskland
 ; [cca2=DE].translations.urd.common
Expected: Ø¬Ø±Ù…Ù†ÛŒ
     got: جرمنی
 ; [cca2=DE].translations.urd.official
Expected: ÙˆÙ�Ø§Ù‚ÛŒ Ø¬Ù…Û�ÙˆØ±ÛŒÛ� Ø¬Ø±Ù…Ù†ÛŒ
     got: وفاقی جمہوریہ جرمنی
 ; [cca2=DE].translations.zho.common
Expected: å¾·å›½
     got: 德国
 ; [cca2=DE].translations.zho.official
Expected: å¾·æ„�å¿—è�”é‚¦å…±å’Œå›½
     got: 德意志联邦共和国
 ; [cca2=TV].flag
Expected: ðŸ‡¹ðŸ‡»
     got: 🇹🇻
 ; [cca2=TV].flags.alt
Expected: The flag of Tuvalu has a light blue field with the flag of the United Kingdom â€” the Union Jack â€” in the canton. A representation of the country&apos;s nine Islands using nine five-pointed yellow stars is situated in the fly half of the field.
     got: The flag of Tuvalu has a light blue field with the flag of the United Kingdom — the Union Jack — in the canton. A representation of the country&apos;s nine Islands using nine five-pointed yellow stars is situated in the fly half of the field.
 ; [cca2=TV].translations.ara.common
Expected: ØªÙˆÙ�Ø§Ù„Ùˆ
     got: توفالو
 ; [cca2=TV].translations.ara.official
Expected: ØªÙˆÙ�Ø§Ù„Ùˆ
     got: توفالو
 ; [cca2=TV].translations.jpn.common
Expected: ãƒ„ãƒ�ãƒ«
     got: ツバル
 ; [cca2=TV].translations.jpn.official
Expected: ãƒ„ãƒ�ãƒ«
     got: ツバル
 ; [cca2=TV].translations.kor.common
Expected: íˆ¬ë°œë£¨
     got: 투발루
 ; [cca2=TV].translations.kor.official
Expected: íˆ¬ë°œë£¨
     got: 투발루
 ; [cca2=TV].translations.per.common
Expected: ØªÙˆÙˆØ§Ù„Ùˆ
     got: تووالو
 ; [cca2=TV].translations.per.official
Expected: ØªÙˆÙˆØ§Ù„Ùˆ
     got: تووالو
 ; [cca2=TV].translations.rus.common
Expected: Ð¢ÑƒÐ²Ð°Ð»Ñƒ
     got: Тувалу
 ; [cca2=TV].translations.rus.official
Expected: Ð¢ÑƒÐ²Ð°Ð»Ñƒ
     got: Тувалу
 ; [cca2=TV].translations.srp.common
Expected: Ð¢ÑƒÐ²Ð°Ð»Ñƒ
     got: Тувалу
 ; [cca2=TV].translations.srp.official
Expected: Ð¢ÑƒÐ²Ð°Ð»Ñƒ
     got: Тувалу
 ; [cca2=TV].translations.urd.common
Expected: ØªÙˆÙˆØ§Ù„Ùˆ
     got: تووالو
 ; [cca2=TV].translations.urd.official
Expected: ØªÙˆÙˆØ§Ù„Ùˆ
     got: تووالو
 ; [cca2=TV].translations.zho.common
Expected: å›¾ç“¦å�¢
     got: 图瓦卢
 ; [cca2=TV].translations.zho.official
Expected: å›¾ç“¦å�¢
     got: 图瓦卢
 ; [cca2=TW].altSpellings[]
Expected: ZhÅ�nghuÃ¡ MÃ­nguÃ³
     but none found
 ; [cca2=TW].altSpellings[]
Expected: TÃ¡iwÄ�n
     but none found
 ; [cca2=TW].altSpellings[]
Expected: ä¸­è�¯æ°‘åœ‹
     but none found
 ; [cca2=TW].altSpellings[]
Unexpected: Táiwān
 ; [cca2=TW].altSpellings[]
Unexpected: 中華民國
 ; [cca2=TW].altSpellings[]
Unexpected: Zhōnghuá Mínguó
 ; [cca2=TW].demonyms.fra.f
Expected: TaÃ¯wanaise
     got: Taïwanaise
 ; [cca2=TW].demonyms.fra.m
Expected: TaÃ¯wanais
     got: Taïwanais
 ; [cca2=TW].flag
Expected: ðŸ‡¹ðŸ‡¼
     got: 🇹🇼
 ; [cca2=TW].name.nativeName.zho.common
Expected: å�°ç�£
     got: 台灣
 ; [cca2=TW].name.nativeName.zho.official
Expected: ä¸­è�¯æ°‘åœ‹
     got: 中華民國
 ; [cca2=TW].tld[]
Expected: .å�°ç�£
     but none found
 ; [cca2=TW].tld[]
Expected: .å�°æ¹¾
     but none found
 ; [cca2=TW].tld[]
Unexpected: .台湾
 ; [cca2=TW].tld[]
Unexpected: .台灣
 ; [cca2=TW].translations.ara.common
Expected: ØªØ§ÙŠÙˆØ§Ù†
     got: تايوان
 ; [cca2=TW].translations.ara.official
Expected: Ø¬Ù…Ù‡ÙˆØ±ÙŠØ© Ø§Ù„ØµÙŠÙ† (ØªØ§ÙŠÙˆØ§Ù†)
     got: جمهورية الصين (تايوان)
 ; [cca2=TW].translations.ces.official
Expected: ÄŒÃ­nskÃ¡ republika
     got: Čínská republika
 ; [cca2=TW].translations.fra.common
Expected: TaÃ¯wan
     got: Taïwan
 ; [cca2=TW].translations.fra.official
Expected: RÃ©publique de Chine (TaÃ¯wan)
     got: République de Chine (Taïwan)
 ; [cca2=TW].translations.hun.official
Expected: KÃ­nai KÃ¶ztÃ¡rsasÃ¡g
     got: Kínai Köztársaság
 ; [cca2=TW].translations.jpn.common
Expected: å�°æ¹¾
     got: 台湾
 ; [cca2=TW].translations.jpn.official
Expected: ä¸­è�¯æ°‘å›½
     got: 中華民国
 ; [cca2=TW].translations.kor.common
Expected: ëŒ€ë§Œ
     got: 대만
 ; [cca2=TW].translations.kor.official
Expected: ì¤‘í™”ë¯¼êµ­
     got: 중화민국
 ; [cca2=TW].translations.per.common
Expected: ØªØ§ÛŒÙˆØ§Ù†
     got: تایوان
 ; [cca2=TW].translations.per.official
Expected: Ø¬Ù…Ù‡ÙˆØ±ÛŒ Ú†ÛŒÙ†
     got: جمهوری چین
 ; [cca2=TW].translations.pol.official
Expected: Republika ChiÅ„ska (Tajwan)
     got: Republika Chińska (Tajwan)
 ; [cca2=TW].translations.por.official
Expected: RepÃºblica da China
     got: República da China
 ; [cca2=TW].translations.rus.common
Expected: Ð¢Ð°Ð¹Ð²Ð°Ð½ÑŒ
     got: Тайвань
 ; [cca2=TW].translations.rus.official
Expected: ÐšÐ¸Ñ‚Ð°Ð¹Ñ�ÐºÐ°Ñ� Ð ÐµÑ�Ð¿ÑƒÐ±Ð»Ð¸ÐºÐ°
     got: Китайская Республика
 ; [cca2=TW].translations.slk.official
Expected: ÄŒÃ­nska republika
     got: Čínska republika
 ; [cca2=TW].translations.spa.common
Expected: TaiwÃ¡n
     got: Taiwán
 ; [cca2=TW].translations.spa.official
Expected: RepÃºblica de China en TaiwÃ¡n
     got: República de China en Taiwán
 ; [cca2=TW].translations.srp.common
Expected: Ð¢Ð°Ñ˜Ð²Ð°Ð½
     got: Тајван
 ; [cca2=TW].translations.srp.official
Expected: Ð ÐµÐ¿ÑƒÐ±Ð»Ð¸ÐºÐ° ÐšÐ¸Ð½Ð°
     got: Република Кина
 ; [cca2=TW].translations.tur.official
Expected: Ã‡in Cumhuriyeti (Tayvan)
     got: Çin Cumhuriyeti (Tayvan)
 ; [cca2=TW].translations.urd.common
Expected: ØªØ§Ø¦ÛŒÙˆØ§Ù†
     got: تائیوان
 ; [cca2=TW].translations.urd.official
Expected: Ø¬Ù…Û�ÙˆØ±ÛŒÛ� Ú†ÛŒÙ† (ØªØ§Ø¦ÛŒÙˆØ§Ù†)
     got: جمہوریہ چین (تائیوان)
 ; [cca2=TZ].flag
Expected: ðŸ‡¹ðŸ‡¿
     got: 🇹🇿
 ; [cca2=TZ].translations.ara.common
Expected: ØªÙ†Ø²Ø§Ù†ÙŠØ§
     got: تنزانيا
 ; [cca2=TZ].translations.ara.official
Expected: Ø¬Ù…Ù‡ÙˆØ±ÙŠØ© ØªÙ†Ø²Ø§Ù†ÙŠØ§ Ø§Ù„Ø§ØªØ­Ø§Ø¯ÙŠØ©
     got: جمهورية تنزانيا الاتحادية
 ; [cca2=TZ].translations.ces.official
Expected: SjednocenÃ¡ tanzanskÃ¡ republika
     got: Sjednocená tanzanská republika
 ; [cca2=TZ].translations.est.official
Expected: Tansaania Ãœhendvabariik
     got: Tansaania Ühendvabariik
 ; [cca2=TZ].translations.fra.official
Expected: RÃ©publique -Unie de Tanzanie
     got: République -Unie de Tanzanie
 ; [cca2=TZ].translations.hun.common
Expected: TÃ¡dzsikisztÃ¡n
     got: Tádzsikisztán
 ; [cca2=TZ].translations.hun.official
Expected: TÃ¡dzsik KÃ¶ztÃ¡rsasÃ¡g
     got: Tádzsik Köztársaság
 ; [cca2=TZ].translations.jpn.common
Expected: ã‚¿ãƒ³ã‚¶ãƒ‹ã‚¢
     got: タンザニア
 ; [cca2=TZ].translations.jpn.official
Expected: ã‚¿ãƒ³ã‚¶ãƒ‹ã‚¢é€£å�ˆå…±å’Œå›½
     got: タンザニア連合共和国
 ; [cca2=TZ].translations.kor.common
Expected: íƒ„ìž�ë‹ˆì•„
     got: 탄자니아
 ; [cca2=TZ].translations.kor.official
Expected: íƒ„ìž�ë‹ˆì•„ ì—°í•© ê³µí™”êµ­
     got: 탄자니아 연합 공화국
 ; [cca2=TZ].translations.per.common
Expected: ØªØ§Ù†Ø²Ø§Ù†ÛŒØ§
     got: تانزانیا
 ; [cca2=TZ].translations.per.official
Expected: Ø¬Ù…Ù‡ÙˆØ±ÛŒ Ù…ØªØ­Ø¯ ØªØ§Ù†Ø²Ø§Ù†ÛŒØ§
     got: جمهوری متحد تانزانیا
 ; [cca2=TZ].translations.por.common
Expected: TanzÃ¢nia
     got: Tanzânia
 ; [cca2=TZ].translations.por.official
Expected: RepÃºblica Unida da TanzÃ¢nia
     got: República Unida da Tanzânia
 ; [cca2=TZ].translations.rus.common
Expected: Ð¢Ð°Ð½Ð·Ð°Ð½Ð¸Ñ�
     got: Танзания
 ; [cca2=TZ].translations.rus.official
Expected: ÐžÐ±ÑŠÐµÐ´Ð¸Ð½ÐµÐ½Ð½Ð°Ñ� Ð ÐµÑ�Ð¿ÑƒÐ±Ð»Ð¸ÐºÐ° Ð¢Ð°Ð½Ð·Ð°Ð½Ð¸Ñ�
     got: Объединенная Республика Танзания
 ; [cca2=TZ].translations.slk.common
Expected: TanzÃ¡nia
     got: Tanzánia
 ; [cca2=TZ].translations.slk.official
Expected: TanzÃ¡nijskÃ¡ zjednotenÃ¡ republika
     got: Tanzánijská zjednotená republika
 ; [cca2=TZ].translations.spa.official
Expected: RepÃºblica Unida de Tanzania
     got: República Unida de Tanzania
 ; [cca2=TZ].translations.srp.common
Expected: Ð¢Ð°Ð½Ð·Ð°Ð½Ð¸Ñ˜Ð°
     got: Танзанија
 ; [cca2=TZ].translations.srp.official
Expected: Ð£Ñ˜ÐµÐ´Ð¸ÑšÐµÐ½Ð° Ð ÐµÐ¿ÑƒÐ±Ð»Ð¸ÐºÐ° Ð¢Ð°Ð½Ð·Ð°Ð½Ð¸Ñ˜Ð°
     got: Уједињена Република Танзанија
 ; [cca2=TZ].translations.swe.official
Expected: FÃ¶renade republiken Tanzania
     got: Förenade republiken Tanzania
 ; [cca2=TZ].translations.tur.official
Expected: Tanzanya BirleÅŸik Cumhuriyeti
     got: Tanzanya Birleşik Cumhuriyeti
 ; [cca2=TZ].translations.urd.common
Expected: ØªÙ†Ø²Ø§Ù†ÛŒÛ�
     got: تنزانیہ
 ; [cca2=TZ].translations.urd.official
Expected: Ù…ØªØ­Ø¯Û� Ø¬Ù…Û�ÙˆØ±ÛŒÛ� ØªÙ†Ø²Ø§Ù†ÛŒÛ�
     got: متحدہ جمہوریہ تنزانیہ
 ; [cca2=TZ].translations.zho.common
Expected: å�¦æ¡‘å°¼äºš
     got: 坦桑尼亚
 ; [cca2=TZ].translations.zho.official
Expected: å�¦æ¡‘å°¼äºšè�”å�ˆå…±å’Œå›½
     got: 坦桑尼亚联合共和国
 ; [cca2=DJ].altSpellings[]
Expected: RÃ©publique de Djibouti
     but none found
 ; [cca2=DJ].altSpellings[]
Unexpected: République de Djibouti
 ; [cca2=DJ].flag
Expected: ðŸ‡©ðŸ‡¯
     got: 🇩🇯
 ; [cca2=DJ].name.nativeName.ara.common
Expected: Ø¬ÙŠØ¨ÙˆØªÙŠâ€Ž
     got: جيبوتي‎
 ; [cca2=DJ].name.nativeName.ara.official
Expected: Ø¬Ù…Ù‡ÙˆØ±ÙŠØ© Ø¬ÙŠØ¨ÙˆØªÙŠ
     got: جمهورية جيبوتي
 ; [cca2=DJ].name.nativeName.fra.official
Expected: RÃ©publique de Djibouti
     got: République de Djibouti
 ; [cca2=DJ].translations.ara.common
Expected: Ø¬ÙŠØ¨ÙˆØªÙŠ
     got: جيبوتي
 ; [cca2=DJ].translations.ara.official
Expected: Ø¬Ù…Ù‡ÙˆØ±ÙŠØ© Ø¬ÙŠØ¨ÙˆØªÙŠ
     got: جمهورية جيبوتي
 ; [cca2=DJ].translations.ces.common
Expected: DÅ¾ibutsko
     got: Džibutsko
 ; [cca2=DJ].translations.ces.official
Expected: DÅ¾ibutskÃ¡ republika
     got: Džibutská republika
 ; [cca2=DJ].translations.fra.official
Expected: RÃ©publique de Djibouti
     got: République de Djibouti
 ; [cca2=DJ].translations.hrv.common
Expected: DÅ¾ibuti
     got: Džibuti
 ; [cca2=DJ].translations.hrv.official
Expected: Republika DÅ¾ibuti
     got: Republika Džibuti
 ; [cca2=DJ].translations.hun.official
Expected: Dzsibuti KÃ¶ztÃ¡rsasÃ¡g
     got: Dzsibuti Köztársaság
 ; [cca2=DJ].translations.jpn.common
Expected: ã‚¸ãƒ–ãƒ�
     got: ジブチ
 ; [cca2=DJ].translations.jpn.official
Expected: ã‚¸ãƒ–ãƒ�å…±å’Œå›½
     got: ジブチ共和国
 ; [cca2=DJ].translations.kor.common
Expected: ì§€ë¶€í‹°
     got: 지부티
 ; [cca2=DJ].translations.kor.official
Expected: ì§€ë¶€í‹° ê³µí™”êµ­
     got: 지부티 공화국
 ; [cca2=DJ].translations.per.common
Expected: Ø¬ÛŒØ¨ÙˆØªÛŒ
     got: جیبوتی
 ; [cca2=DJ].translations.per.official
Expected: Ø¬Ù…Ù‡ÙˆØ±ÛŒ Ø¬ÛŒØ¨ÙˆØªÛŒ
     got: جمهوری جیبوتی
 ; [cca2=DJ].translations.pol.common
Expected: DÅ¼ibuti
     got: Dżibuti
 ; [cca2=DJ].translations.pol.official
Expected: Republika DÅ¼ibuti
     got: Republika Dżibuti
 ; [cca2=DJ].translations.por.official
Expected: RepÃºblica do Djibouti
     got: República do Djibouti
 ; [cca2=DJ].translations.rus.common
Expected: Ð”Ð¶Ð¸Ð±ÑƒÑ‚Ð¸
     got: Джибути
 ; [cca2=DJ].translations.rus.official
Expected: Ð ÐµÑ�Ð¿ÑƒÐ±Ð»Ð¸ÐºÐ° Ð”Ð¶Ð¸Ð±ÑƒÑ‚Ð¸
     got: Республика Джибути
 ; [cca2=DJ].translations.slk.common
Expected: Ç…ibutsko
     got: ǅibutsko
 ; [cca2=DJ].translations.slk.official
Expected: Ç…ibutskÃ¡ republika
     got: ǅibutská republika
 ; [cca2=DJ].translations.spa.official
Expected: RepÃºblica de Djibouti
     got: República de Djibouti
 ; [cca2=DJ].translations.srp.common
Expected: Ð�Ð¸Ð±ÑƒÑ‚Ð¸
     got: Џибути
 ; [cca2=DJ].translations.srp.official
Expected: Ð ÐµÐ¿ÑƒÐ±Ð»Ð¸ÐºÐ° Ð�Ð¸Ð±ÑƒÑ‚Ð¸
     got: Република Џибути
 ; [cca2=DJ].translations.urd.common
Expected: Ø¬Ø¨ÙˆØªÛŒ
     got: جبوتی
 ; [cca2=DJ].translations.urd.official
Expected: Ø¬Ù…Û�ÙˆØ±ÛŒÛ� Ø¬Ø¨ÙˆØªÛŒ
     got: جمہوریہ جبوتی
 ; [cca2=DJ].translations.zho.common
Expected: å�‰å¸ƒæ��
     got: 吉布提
 ; [cca2=DJ].translations.zho.official
Expected: å�‰å¸ƒæ��å…±å’Œå›½
     got: 吉布提共和国
 ; [cca2=DK].flag
Expected: ðŸ‡©ðŸ‡°
     got: 🇩🇰
 ; [cca2=DK].translations.ara.common
Expected: Ø§Ù„Ø¯Ù†Ù…Ø§Ø±Ùƒ
     got: الدنمارك
 ; [cca2=DK].translations.ara.official
Expected: Ù…Ù…Ù„ÙƒØ© Ø§Ù„Ø¯Ù†Ù…Ø§Ø±Ùƒ
     got: مملكة الدنمارك
 ; [cca2=DK].translations.ces.common
Expected: DÃ¡nsko
     got: Dánsko
 ; [cca2=DK].translations.ces.official
Expected: DÃ¡nskÃ© krÃ¡lovstvÃ­
     got: Dánské království
 ; [cca2=DK].translations.deu.common
Expected: DÃ¤nemark
     got: Dänemark
 ; [cca2=DK].translations.deu.official
Expected: KÃ¶nigreich DÃ¤nemark
     got: Königreich Dänemark
 ; [cca2=DK].translations.hun.common
Expected: DÃ¡nia
     got: Dánia
 ; [cca2=DK].translations.hun.official
Expected: DÃ¡n KirÃ¡lysÃ¡g
     got: Dán Királyság
 ; [cca2=DK].translations.jpn.common
Expected: ãƒ‡ãƒ³ãƒžãƒ¼ã‚¯
     got: デンマーク
 ; [cca2=DK].translations.jpn.official
Expected: ãƒ‡ãƒ³ãƒžãƒ¼ã‚¯çŽ‹å›½
     got: デンマーク王国
 ; [cca2=DK].translations.kor.common
Expected: ë�´ë§ˆí�¬
     got: 덴마크
 ; [cca2=DK].translations.kor.official
Expected: ë�´ë§ˆí�¬ ì™•êµ­
     got: 덴마크 왕국
 ; [cca2=DK].translations.per.common
Expected: Ø¯Ø§Ù†Ù…Ø§Ø±Ú©
     got: دانمارک
 ; [cca2=DK].translations.per.official
Expected: Ù¾Ø§Ø¯Ø´Ø§Ù‡ÛŒ Ø¯Ø§Ù†Ù…Ø§Ø±Ú©
     got: پادشاهی دانمارک
 ; [cca2=DK].translations.pol.official
Expected: KrÃ³lestwo Danii
     got: Królestwo Danii
 ; [cca2=DK].translations.rus.common
Expected: Ð”Ð°Ð½Ð¸Ñ�
     got: Дания
 ; [cca2=DK].translations.rus.official
Expected: ÐšÐ¾Ñ€Ð¾Ð»ÐµÐ²Ñ�Ñ‚Ð²Ð¾ Ð”Ð°Ð½Ð¸Ñ�
     got: Королевство Дания
 ; [cca2=DK].translations.slk.common
Expected: DÃ¡nsko
     got: Dánsko
 ; [cca2=DK].translations.slk.official
Expected: DÃ¡nske krÃ¡Ä¾ovstvo
     got: Dánske kráľovstvo
 ; [cca2=DK].translations.srp.common
Expected: Ð”Ð°Ð½Ñ�ÐºÐ°
     got: Данска
 ; [cca2=DK].translations.srp.official
Expected: ÐšÑ€Ð°Ñ™ÐµÐ²Ð¸Ð½Ð° Ð”Ð°Ð½Ñ�ÐºÐ°
     got: Краљевина Данска
 ; [cca2=DK].translations.tur.official
Expected: Danimarka KrallÄ±ÄŸÄ±
     got: Danimarka Krallığı
 ; [cca2=DK].translations.urd.common
Expected: ÚˆÙ†Ù…Ø§Ø±Ú©
     got: ڈنمارک
 ; [cca2=DK].translations.urd.official
Expected: Ù…Ù…Ù„Ú©ØªÙ� ÚˆÙ†Ù…Ø§Ø±Ú©
     got: مملکتِ ڈنمارک
 ; [cca2=DK].translations.zho.common
Expected: ä¸¹éº¦
     got: 丹麦
 ; [cca2=DK].translations.zho.official
Expected: ä¸¹éº¦çŽ‹å›½
     got: 丹麦王国
 ; [cca2=DM].altSpellings[]
Expected: Waiâ€˜tu kubuli
     but none found
 ; [cca2=DM].altSpellings[]
Unexpected: Wai‘tu kubuli
 ; [cca2=DM].flag
Expected: ðŸ‡©ðŸ‡²
     got: 🇩🇲
 ; [cca2=DM].translations.ara.common
Expected: Ø¯ÙˆÙ…ÙŠÙ†ÙŠÙƒØ§
     got: دومينيكا
 ; [cca2=DM].translations.ara.official
Expected: ÙƒÙˆÙ…ÙˆÙ†ÙˆÙ„Ø« Ø¯ÙˆÙ…ÙŠÙ†ÙŠÙƒØ§
     got: كومونولث دومينيكا
 ; [cca2=DM].translations.ces.official
Expected: DominikÃ¡nskÃ© spoleÄ�enstvÃ­
     got: Dominikánské společenství
 ; [cca2=DM].translations.est.official
Expected: Dominica Ãœhendus
     got: Dominica Ühendus
 ; [cca2=DM].translations.hun.common
Expected: Dominikai KÃ¶zÃ¶ssÃ©g
     got: Dominikai Közösség
 ; [cca2=DM].translations.hun.official
Expected: Dominikai KÃ¶zÃ¶ssÃ©g
     got: Dominikai Közösség
 ; [cca2=DM].translations.jpn.common
Expected: ãƒ‰ãƒŸãƒ‹ã‚«å›½
     got: ドミニカ国
 ; [cca2=DM].translations.jpn.official
Expected: ãƒ‰ãƒŸãƒ‹ã‚«å›½
     got: ドミニカ国
 ; [cca2=DM].translations.kor.common
Expected: ë�„ë¯¸ë‹ˆì¹´ ê³µí™”êµ­
     got: 도미니카 공화국
 ; [cca2=DM].translations.kor.official
Expected: ë�„ë¯¸ë‹ˆì¹´ ê³µí™”êµ­
     got: 도미니카 공화국
 ; [cca2=DM].translations.per.common
Expected: Ø¯ÙˆÙ…ÛŒÙ†ÛŒÚ©Ø§
     got: دومینیکا
 ; [cca2=DM].translations.per.official
Expected: Ù‚Ù„Ù…Ø±Ùˆ Ù‡Ù…Ø³ÙˆØ¯ Ø¯ÙˆÙ…ÛŒÙ†ÛŒÚ©Ø§
     got: قلمرو همسود دومینیکا
 ; [cca2=DM].translations.pol.official
Expected: WspÃ³lnota Dominiki
     got: Wspólnota Dominiki
 ; [cca2=DM].translations.rus.common
Expected: Ð”Ð¾Ð¼Ð¸Ð½Ð¸ÐºÐ°
     got: Доминика
 ; [cca2=DM].translations.rus.official
Expected: Ð¡Ð¾Ð´Ñ€ÑƒÐ¶ÐµÑ�Ñ‚Ð²Ð¾ Ð”Ð¾Ð¼Ð¸Ð½Ð¸ÐºÐ¸
     got: Содружество Доминики
 ; [cca2=DM].translations.slk.official
Expected: DominickÃ© spoloÄ�enstvo
     got: Dominické spoločenstvo
 ; [cca2=DM].translations.srp.common
Expected: Ð”Ð¾Ð¼Ð¸Ð½Ð¸ÐºÐ°
     got: Доминика
 ; [cca2=DM].translations.srp.official
Expected: ÐšÐ¾Ð¼Ð¾Ð½Ð²ÐµÐ»Ñ‚ Ð”Ð¾Ð¼Ð¸Ð½Ð¸ÐºÐ°
     got: Комонвелт Доминика
 ; [cca2=DM].translations.swe.official
Expected: SamvÃ¤ldet Dominica
     got: Samväldet Dominica
 ; [cca2=DM].translations.tur.official
Expected: Dominika TopluluÄŸu
     got: Dominika Topluluğu
 ; [cca2=DM].translations.urd.common
Expected: ÚˆÙˆÙ…ÛŒÙ†ÛŒÚ©Ø§
     got: ڈومینیکا
 ; [cca2=DM].translations.urd.official
Expected: Ø¯ÙˆÙ„ØªÙ� Ù…Ø´ØªØ±Ú©Û� ÚˆÙˆÙ…ÛŒÙ†ÛŒÚ©Ø§
     got: دولتِ مشترکہ ڈومینیکا
 ; [cca2=DM].translations.zho.common
Expected: å¤šç±³å°¼åŠ 
     got: 多米尼加
 ; [cca2=DM].translations.zho.official
Expected: å¤šç±³å°¼åŠ å…±å’Œå›½
     got: 多米尼加共和国
 ; [cca2=DO].flag
Expected: ðŸ‡©ðŸ‡´
     got: 🇩🇴
 ; [cca2=DO].name.nativeName.spa.common
Expected: RepÃºblica Dominicana
     got: República Dominicana
 ; [cca2=DO].name.nativeName.spa.official
Expected: RepÃºblica Dominicana
     got: República Dominicana
 ; [cca2=DO].translations.ara.common
Expected: Ø¬Ù…Ù‡ÙˆØ±ÙŠØ© Ø§Ù„Ø¯ÙˆÙ…ÙŠÙ†ÙŠÙƒØ§Ù†
     got: جمهورية الدومينيكان
 ; [cca2=DO].translations.ara.official
Expected: Ø¬Ù…Ù‡ÙˆØ±ÙŠØ© Ø§Ù„Ø¯ÙˆÙ…ÙŠÙ†ÙŠÙƒØ§Ù†
     got: جمهورية الدومينيكان
 ; [cca2=DO].translations.ces.common
Expected: DominikÃ¡nskÃ¡ republika
     got: Dominikánská republika
 ; [cca2=DO].translations.ces.official
Expected: DominikÃ¡nskÃ¡ republika
     got: Dominikánská republika
 ; [cca2=DO].translations.fra.common
Expected: RÃ©publique dominicaine
     got: République dominicaine
 ; [cca2=DO].translations.fra.official
Expected: RÃ©publique Dominicaine
     got: République Dominicaine
 ; [cca2=DO].translations.hun.common
Expected: Dominikai KÃ¶ztÃ¡rsasÃ¡g
     got: Dominikai Köztársaság
 ; [cca2=DO].translations.hun.official
Expected: Dominikai KÃ¶ztÃ¡rsasÃ¡g
     got: Dominikai Köztársaság
 ; [cca2=DO].translations.jpn.common
Expected: ãƒ‰ãƒŸãƒ‹ã‚«å…±å’Œå›½
     got: ドミニカ共和国
 ; [cca2=DO].translations.jpn.official
Expected: ãƒ‰ãƒŸãƒ‹ã‚«å…±å’Œå›½
     got: ドミニカ共和国
 ; [cca2=DO].translations.kor.common
Expected: ë�„ë¯¸ë‹ˆì¹´ ê³µí™”êµ­
     got: 도미니카 공화국
 ; [cca2=DO].translations.kor.official
Expected: ë�„ë¯¸ë‹ˆì¹´ ê³µí™”êµ­
     got: 도미니카 공화국
 ; [cca2=DO].translations.per.common
Expected: Ø¬Ù…Ù‡ÙˆØ±ÛŒ Ø¯ÙˆÙ…ÛŒÙ†ÛŒÚ©Ù†
     got: جمهوری دومینیکن
 ; [cca2=DO].translations.per.official
Expected: Ø¬Ù…Ù‡ÙˆØ±ÛŒ Ø¯ÙˆÙ…ÛŒÙ†ÛŒÚ©Ù†
     got: جمهوری دومینیکن
 ; [cca2=DO].translations.pol.official
Expected: Republika DominikaÅ„ska
     got: Republika Dominikańska
 ; [cca2=DO].translations.por.common
Expected: RepÃºblica Dominicana
     got: República Dominicana
 ; [cca2=DO].translations.por.official
Expected: RepÃºblica Dominicana
     got: República Dominicana
 ; [cca2=DO].translations.rus.common
Expected: Ð”Ð¾Ð¼Ð¸Ð½Ð¸ÐºÐ°Ð½Ñ�ÐºÐ°Ñ� Ð ÐµÑ�Ð¿ÑƒÐ±Ð»Ð¸ÐºÐ°
     got: Доминиканская Республика
 ; [cca2=DO].translations.rus.official
Expected: Ð”Ð¾Ð¼Ð¸Ð½Ð¸ÐºÐ°Ð½Ñ�ÐºÐ°Ñ� Ð ÐµÑ�Ð¿ÑƒÐ±Ð»Ð¸ÐºÐ°
     got: Доминиканская Республика
 ; [cca2=DO].translations.slk.common
Expected: DominikÃ¡nska republika
     got: Dominikánska republika
 ; [cca2=DO].translations.slk.official
Expected: DominikÃ¡nska republika
     got: Dominikánska republika
 ; [cca2=DO].translations.spa.common
Expected: RepÃºblica Dominicana
     got: República Dominicana
 ; [cca2=DO].translations.spa.official
Expected: RepÃºblica Dominicana
     got: República Dominicana
 ; [cca2=DO].translations.srp.common
Expected: Ð”Ð¾Ð¼Ð¸Ð½Ð¸ÐºÐ°Ð½Ð°
     got: Доминикана
 ; [cca2=DO].translations.srp.official
Expected: Ð”Ð¾Ð¼Ð¸Ð½Ð¸ÐºÐ°Ð½Ñ�ÐºÐ° Ð ÐµÐ¿ÑƒÐ±Ð»Ð¸ÐºÐ°
     got: Доминиканска Република
 ; [cca2=DO].translations.urd.common
Expected: ÚˆÙˆÙ…ÛŒÙ†ÛŒÚ©Ù†
     got: ڈومینیکن
 ; [cca2=DO].translations.urd.official
Expected: Ø¬Ù…Û�ÙˆØ±ÛŒÛ� ÚˆÙˆÙ…ÛŒÙ†ÛŒÚ©Ù†
     got: جمہوریہ ڈومینیکن
 ; [cca2=DO].translations.zho.common
Expected: å¤šæ˜Žå°¼åŠ 
     got: 多明尼加
 ; [cca2=DO].translations.zho.official
Expected: å¤šæ˜Žå°¼åŠ å…±å’Œå›½
     got: 多明尼加共和国
 ; [cca2=UA].currencies.UAH.symbol
Expected: â‚´
     got: ₴
 ; [cca2=UA].flag
Expected: ðŸ‡ºðŸ‡¦
     got: 🇺🇦
 ; [cca2=UA].name.nativeName.ukr.common
Expected: Ð£ÐºÑ€Ð°Ñ—Ð½Ð°
     got: Україна
 ; [cca2=UA].name.nativeName.ukr.official
Expected: Ð£ÐºÑ€Ð°Ñ—Ð½Ð°
     got: Україна
 ; [cca2=UA].tld[]
Expected: .ÑƒÐºÑ€
     but none found
 ; [cca2=UA].tld[]
Unexpected: .укр
 ; [cca2=UA].translations.ara.common
Expected: Ø£ÙˆÙƒØ±Ø§Ù†ÙŠØ§
     got: أوكرانيا
 ; [cca2=UA].translations.ara.official
Expected: Ø£ÙˆÙƒØ±Ø§Ù†ÙŠØ§
     got: أوكرانيا
 ; [cca2=UA].translations.jpn.common
Expected: ã‚¦ã‚¯ãƒ©ã‚¤ãƒŠ
     got: ウクライナ
 ; [cca2=UA].translations.jpn.official
Expected: ã‚¦ã‚¯ãƒ©ã‚¤ãƒŠ
     got: ウクライナ
 ; [cca2=UA].translations.kor.common
Expected: ìš°í�¬ë�¼ì�´ë‚˜
     got: 우크라이나
 ; [cca2=UA].translations.kor.official
Expected: ìš°í�¬ë�¼ì�´ë‚˜
     got: 우크라이나
 ; [cca2=UA].translations.nld.common
Expected: OekraÃ¯ne
     got: Oekraïne
 ; [cca2=UA].translations.nld.official
Expected: OekraÃ¯ne
     got: Oekraïne
 ; [cca2=UA].translations.per.common
Expected: Ø§ÙˆÚ©Ø±Ø§ÛŒÙ†
     got: اوکراین
 ; [cca2=UA].translations.per.official
Expected: Ø§ÙˆÚ©Ø±Ø§ÛŒÙ†
     got: اوکراین
 ; [cca2=UA].translations.por.common
Expected: UcrÃ¢nia
     got: Ucrânia
 ; [cca2=UA].translations.por.official
Expected: UcrÃ¢nia
     got: Ucrânia
 ; [cca2=UA].translations.rus.common
Expected: Ð£ÐºÑ€Ð°Ð¸Ð½Ð°
     got: Украина
 ; [cca2=UA].translations.rus.official
Expected: Ð£ÐºÑ€Ð°Ð¸Ð½Ð°
     got: Украина
 ; [cca2=UA].translations.srp.common
Expected: Ð£ÐºÑ€Ð°Ñ˜Ð¸Ð½Ð°
     got: Украјина
 ; [cca2=UA].translations.srp.official
Expected: Ð£ÐºÑ€Ð°Ñ˜Ð¸Ð½Ð°
     got: Украјина
 ; [cca2=UA].translations.urd.common
Expected: ÛŒÙˆÚ©Ø±ÛŒÙ†
     got: یوکرین
 ; [cca2=UA].translations.urd.official
Expected: ÛŒÙˆÚ©Ø±ÛŒÙ†
     got: یوکرین
 ; [cca2=UA].translations.zho.common
Expected: ä¹Œå…‹å…°
     got: 乌克兰
 ; [cca2=UA].translations.zho.official
Expected: ä¹Œå…‹å…°
     got: 乌克兰
 ; [cca2=UG].flag
Expected: ðŸ‡ºðŸ‡¬
     got: 🇺🇬
 ; [cca2=UG].translations.ara.common
Expected: Ø£ÙˆØºÙ†Ø¯Ø§
     got: أوغندا
 ; [cca2=UG].translations.ara.official
Expected: Ø¬Ù…Ù‡ÙˆØ±ÙŠØ© Ø£ÙˆØºÙ†Ø¯Ø§
     got: جمهورية أوغندا
 ; [cca2=UG].translations.ces.official
Expected: UgandskÃ¡ republika
     got: Ugandská republika
 ; [cca2=UG].translations.fra.official
Expected: RÃ©publique de l&apos;Ouganda
     got: République de l&apos;Ouganda
 ; [cca2=UG].translations.hun.official
Expected: Ugandai KÃ¶ztÃ¡rsasÃ¡g
     got: Ugandai Köztársaság
 ; [cca2=UG].translations.jpn.common
Expected: ã‚¦ã‚¬ãƒ³ãƒ€
     got: ウガンダ
 ; [cca2=UG].translations.jpn.official
Expected: ã‚¦ã‚¬ãƒ³ãƒ€å…±å’Œå›½
     got: ウガンダ共和国
 ; [cca2=UG].translations.kor.common
Expected: ìš°ê°„ë‹¤
     got: 우간다
 ; [cca2=UG].translations.kor.official
Expected: ìš°ê°„ë‹¤ ê³µí™”êµ­
     got: 우간다 공화국
 ; [cca2=UG].translations.per.common
Expected: Ø§ÙˆÚ¯Ø§Ù†Ø¯Ø§
     got: اوگاندا
 ; [cca2=UG].translations.per.official
Expected: Ø¬Ù…Ù‡ÙˆØ±ÛŒ Ø§ÙˆÚ¯Ø§Ù†Ø¯Ø§
     got: جمهوری اوگاندا
 ; [cca2=UG].translations.por.official
Expected: RepÃºblica do Uganda
     got: República do Uganda
 ; [cca2=UG].translations.rus.common
Expected: Ð£Ð³Ð°Ð½Ð´Ð°
     got: Уганда
 ; [cca2=UG].translations.rus.official
Expected: Ð ÐµÑ�Ð¿ÑƒÐ±Ð»Ð¸ÐºÐ° Ð£Ð³Ð°Ð½Ð´Ð°
     got: Республика Уганда
 ; [cca2=UG].translations.slk.official
Expected: UgandskÃ¡ republika
     got: Ugandská republika
 ; [cca2=UG].translations.spa.official
Expected: RepÃºblica de Uganda
     got: República de Uganda
 ; [cca2=UG].translations.srp.common
Expected: Ð£Ð³Ð°Ð½Ð´Ð°
     got: Уганда
 ; [cca2=UG].translations.srp.official
Expected: Ð ÐµÐ¿ÑƒÐ±Ð»Ð¸ÐºÐ° Ð£Ð³Ð°Ð½Ð´Ð°
     got: Република Уганда
 ; [cca2=UG].translations.urd.common
Expected: ÛŒÙˆÚ¯Ù†ÚˆØ§
     got: یوگنڈا
 ; [cca2=UG].translations.urd.official
Expected: Ø¬Ù…Û�ÙˆØ±ÛŒÛ� ÛŒÙˆÚ¯Ù†ÚˆØ§
     got: جمہوریہ یوگنڈا
 ; [cca2=UG].translations.zho.common
Expected: ä¹Œå¹²è¾¾
     got: 乌干达
 ; [cca2=UG].translations.zho.official
Expected: ä¹Œå¹²è¾¾å…±å’Œå›½
     got: 乌干达共和国
 ; [cca2=DZ].altSpellings[]
Expected: AlgÃ©rie
     but none found
 ; [cca2=DZ].altSpellings[]
Unexpected: Algérie
 ; [cca2=DZ].currencies.DZD.symbol
Expected: Ø¯.Ø¬
     got: د.ج
 ; [cca2=DZ].demonyms.fra.f
Expected: AlgÃ©rienne
     got: Algérienne
 ; [cca2=DZ].demonyms.fra.m
Expected: AlgÃ©rien
     got: Algérien
 ; [cca2=DZ].flag
Expected: ðŸ‡©ðŸ‡¿
     got: 🇩🇿
 ; [cca2=DZ].name.nativeName.ara.common
Expected: Ø§Ù„Ø¬Ø²Ø§Ø¦Ø±
     got: الجزائر
 ; [cca2=DZ].name.nativeName.ara.official
Expected: Ø§Ù„Ø¬Ù…Ù‡ÙˆØ±ÙŠØ© Ø§Ù„Ø¯ÙŠÙ…Ù‚Ø±Ø§Ø·ÙŠØ© Ø§Ù„Ø´Ø¹Ø¨ÙŠØ© Ø§Ù„Ø¬Ø²Ø§Ø¦Ø±ÙŠØ©
     got: الجمهورية الديمقراطية الشعبية الجزائرية
 ; [cca2=DZ].tld[]
Expected: Ø§Ù„Ø¬Ø²Ø§Ø¦Ø±.
     but none found
 ; [cca2=DZ].tld[]
Unexpected: الجزائر.
 ; [cca2=DZ].translations.ara.common
Expected: Ø§Ù„Ø¬Ø²Ø§Ø¦Ø±
     got: الجزائر
 ; [cca2=DZ].translations.ara.official
Expected: Ø§Ù„Ø¬Ù…Ù‡ÙˆØ±ÙŠØ© Ø§Ù„Ø¯ÙŠÙ…Ù‚Ø±Ø§Ø·ÙŠØ© Ø§Ù„Ø´Ø¹Ø¨ÙŠØ© Ø§Ù„Ø¬Ø²Ø§Ø¦Ø±ÙŠØ©
     got: الجمهورية الديمقراطية الشعبية الجزائرية
 ; [cca2=DZ].translations.ces.common
Expected: AlÅ¾Ã­rsko
     got: Alžírsko
 ; [cca2=DZ].translations.ces.official
Expected: AlÅ¾Ã­rskÃ¡ demokratickÃ¡ a lidovÃ¡ republika
     got: Alžírská demokratická a lidová republika
 ; [cca2=DZ].translations.est.common
Expected: AlÅ¾eeria
     got: Alžeeria
 ; [cca2=DZ].translations.est.official
Expected: AlÅ¾eeria Demokraatlik Rahvavabariik
     got: Alžeeria Demokraatlik Rahvavabariik
 ; [cca2=DZ].translations.fra.common
Expected: AlgÃ©rie
     got: Algérie
 ; [cca2=DZ].translations.fra.official
Expected: RÃ©publique dÃ©mocratique et populaire d&apos;AlgÃ©rie
     got: République démocratique et populaire d&apos;Algérie
 ; [cca2=DZ].translations.hrv.common
Expected: AlÅ¾ir
     got: Alžir
 ; [cca2=DZ].translations.hrv.official
Expected: Narodna Demokratska Republika AlÅ¾ir
     got: Narodna Demokratska Republika Alžir
 ; [cca2=DZ].translations.hun.common
Expected: AlgÃ©ria
     got: Algéria
 ; [cca2=DZ].translations.hun.official
Expected: AlgÃ©riai NÃ©pi Demokratikus KÃ¶ztÃ¡rsasÃ¡g
     got: Algériai Népi Demokratikus Köztársaság
 ; [cca2=DZ].translations.jpn.common
Expected: ã‚¢ãƒ«ã‚¸ã‚§ãƒªã‚¢
     got: アルジェリア
 ; [cca2=DZ].translations.jpn.official
Expected: ã‚¢ãƒ«ã‚¸ã‚§ãƒªã‚¢äººæ°‘æ°‘ä¸»å…±å’Œå›½
     got: アルジェリア人民民主共和国
 ; [cca2=DZ].translations.kor.common
Expected: ì•Œì œë¦¬
     got: 알제리
 ; [cca2=DZ].translations.kor.official
Expected: ì•Œì œë¦¬ ì�¸ë¯¼ ë¯¼ì£¼ ê³µí™”êµ­
     got: 알제리 인민 민주 공화국
 ; [cca2=DZ].translations.per.common
Expected: Ø§Ù„Ø¬Ø²Ø§ÛŒØ±
     got: الجزایر
 ; [cca2=DZ].translations.per.official
Expected: Ø¬Ù…Ù‡ÙˆØ±ÛŒ Ø¯Ù…ÙˆÚ©Ø±Ø§ØªÛŒÚ© Ø®Ù„Ù‚ Ø§Ù„Ø¬Ø²Ø§ÛŒØ±
     got: جمهوری دموکراتیک خلق الجزایر
 ; [cca2=DZ].translations.por.common
Expected: ArgÃ©lia
     got: Argélia
 ; [cca2=DZ].translations.por.official
Expected: RepÃºblica Argelina DemocrÃ¡tica e Popular
     got: República Argelina Democrática e Popular
 ; [cca2=DZ].translations.rus.common
Expected: Ð�Ð»Ð¶Ð¸Ñ€
     got: Алжир
 ; [cca2=DZ].translations.rus.official
Expected: Ð�Ð°Ñ€Ð¾Ð´Ð½Ð¾-Ð”ÐµÐ¼Ð¾ÐºÑ€Ð°Ñ‚Ð¸Ñ‡ÐµÑ�ÐºÐ°Ñ� Ð ÐµÑ�Ð¿ÑƒÐ±Ð»Ð¸ÐºÐ° Ð�Ð»Ð¶Ð¸Ñ€
     got: Народно-Демократическая Республика Алжир
 ; [cca2=DZ].translations.slk.common
Expected: AlÅ¾Ã­rsko
     got: Alžírsko
 ; [cca2=DZ].translations.slk.official
Expected: AlÅ¾Ã­rska demokratickÃ¡ Ä¾udovÃ¡ republika
     got: Alžírska demokratická ľudová republika
 ; [cca2=DZ].translations.spa.official
Expected: RepÃºblica Argelina DemocrÃ¡tica y Popular
     got: República Argelina Democrática y Popular
 ; [cca2=DZ].translations.srp.common
Expected: Ð�Ð»Ð¶Ð¸Ñ€
     got: Алжир
 ; [cca2=DZ].translations.srp.official
Expected: Ð�Ð°Ñ€Ð¾Ð´Ð½Ð° Ð”ÐµÐ¼Ð¾ÐºÑ€Ð°Ñ‚Ñ�ÐºÐ° Ð ÐµÐ¿ÑƒÐ±Ð»Ð¸ÐºÐ° Ð�Ð»Ð¶Ð¸Ñ€
     got: Народна Демократска Република Алжир
 ; [cca2=DZ].translations.urd.common
Expected: Ø§Ù„Ø¬Ø²Ø§Ø¦Ø±
     got: الجزائر
 ; [cca2=DZ].translations.urd.official
Expected: Ø¹ÙˆØ§Ù…ÛŒ Ø¬Ù…Û�ÙˆØ±ÛŒ Ø¬Ù…Û�ÙˆØ±ÛŒÛ� Ø§Ù„Ø¬Ø²Ø§Ø¦Ø±
     got: عوامی جمہوری جمہوریہ الجزائر
 ; [cca2=DZ].translations.zho.common
Expected: é˜¿å°”å�Šåˆ©äºš
     got: 阿尔及利亚
 ; [cca2=DZ].translations.zho.official
Expected: é˜¿å°”å�Šåˆ©äºšäººæ°‘æ°‘ä¸»å…±å’Œå›½
     got: 阿尔及利亚人民民主共和国
 ; [cca2=UM].flag
Expected: ðŸ‡ºðŸ‡²
     got: 🇺🇲
 ; [cca2=UM].translations.ara.common
Expected: Ø¬Ø²Ø± Ø§Ù„ÙˆÙ„Ø§ÙŠØ§Øª Ø§Ù„Ù…ØªØ­Ø¯Ø© Ø§Ù„ØµØºÙŠØ±Ø© Ø§Ù„Ù†Ø§Ø¦ÙŠØ©
     got: جزر الولايات المتحدة الصغيرة النائية
 ; [cca2=UM].translations.ara.official
Expected: Ø¬Ø²Ø± Ø§Ù„ÙˆÙ„Ø§ÙŠØ§Øª Ø§Ù„Ù…ØªØ­Ø¯Ø© Ø§Ù„ØµØºÙŠØ±Ø© Ø§Ù„Ù†Ø§Ø¦ÙŠØ©
     got: جزر الولايات المتحدة الصغيرة النائية
 ; [cca2=UM].translations.bre.common
Expected: Inizi Minor A-bell StadoÃ¹-Unanet
     got: Inizi Minor A-bell Stadoù-Unanet
 ; [cca2=UM].translations.bre.official
Expected: Inizi Minor A-bell StadoÃ¹-Unanet
     got: Inizi Minor A-bell Stadoù-Unanet
 ; [cca2=UM].translations.ces.common
Expected: MenÅ¡Ã­ odlehlÃ© ostrovy USA
     got: Menší odlehlé ostrovy USA
 ; [cca2=UM].translations.ces.official
Expected: MenÅ¡Ã­ odlehlÃ© ostrovy SpojenÃ½ch stÃ¡tÅ¯ americkÃ½ch
     got: Menší odlehlé ostrovy Spojených států amerických
 ; [cca2=UM].translations.est.common
Expected: Ãœhendriikide hajasaared
     got: Ühendriikide hajasaared
 ; [cca2=UM].translations.est.official
Expected: Ãœhendriikide vÃ¤ikesed hajasaared
     got: Ühendriikide väikesed hajasaared
 ; [cca2=UM].translations.fra.common
Expected: ÃŽles mineures Ã©loignÃ©es des Ã‰tats-Unis
     got: Îles mineures éloignées des États-Unis
 ; [cca2=UM].translations.fra.official
Expected: ÃŽles mineures Ã©loignÃ©es des Ã‰tats-Unis
     got: Îles mineures éloignées des États-Unis
 ; [cca2=UM].translations.hun.common
Expected: Az Amerikai EgyesÃ¼lt Ã�llamok lakatlan kÃ¼lbirtokai
     got: Az Amerikai Egyesült Államok lakatlan külbirtokai
 ; [cca2=UM].translations.hun.official
Expected: Az Amerikai EgyesÃ¼lt Ã�llamok lakatlan kÃ¼lbirtokai
     got: Az Amerikai Egyesült Államok lakatlan külbirtokai
 ; [cca2=UM].translations.jpn.common
Expected: å�ˆè¡†å›½é ˜æœ‰å°�é›¢å³¶
     got: 合衆国領有小離島
 ; [cca2=UM].translations.jpn.official
Expected: ã‚¢ãƒ¡ãƒªã‚«å�ˆè¡†å›½å¤–è«¸å³¶
     got: アメリカ合衆国外諸島
 ; [cca2=UM].translations.kor.common
Expected: ë¯¸êµ­ë ¹ êµ°ì†Œ ì œë�„
     got: 미국령 군소 제도
 ; [cca2=UM].translations.kor.official
Expected: ë¯¸êµ­ë ¹ êµ°ì†Œ ì œë�„
     got: 미국령 군소 제도
 ; [cca2=UM].translations.per.common
Expected: Ø¬Ø²Ø§ÛŒØ± Ú©ÙˆÚ†Ú© Ø­Ø§Ø´ÛŒÙ‡â€ŒØ§ÛŒ Ø§ÛŒØ§Ù„Ø§Øª Ù…ØªØ­Ø¯Ù‡ Ø¢Ù…Ø±ÛŒÚ©Ø§
     got: جزایر کوچک حاشیه‌ای ایالات متحده آمریکا
 ; [cca2=UM].translations.per.official
Expected: Ø¬Ø²Ø§ÛŒØ± Ú©ÙˆÚ†Ú© Ø­Ø§Ø´ÛŒÙ‡â€ŒØ§ÛŒ Ø§ÛŒØ§Ù„Ø§Øª Ù…ØªØ­Ø¯Ù‡ Ø¢Ù…Ø±ÛŒÚ©Ø§
     got: جزایر کوچک حاشیه‌ای ایالات متحده آمریکا
 ; [cca2=UM].translations.pol.common
Expected: Dalekie Wyspy Mniejsze StanÃ³w Zjednoczonych
     got: Dalekie Wyspy Mniejsze Stanów Zjednoczonych
 ; [cca2=UM].translations.pol.official
Expected: Dalekie Wyspy Mniejsze StanÃ³w Zjednoczonych
     got: Dalekie Wyspy Mniejsze Stanów Zjednoczonych
 ; [cca2=UM].translations.rus.common
Expected: Ð’Ð½ÐµÑˆÐ½Ð¸Ðµ Ð¼Ð°Ð»Ñ‹Ðµ Ð¾Ñ�Ñ‚Ñ€Ð¾Ð²Ð° Ð¡Ð¨Ð�
     got: Внешние малые острова США
 ; [cca2=UM].translations.rus.official
Expected: Ð’Ð½ÐµÑˆÐ½Ð¸Ðµ Ð¼Ð°Ð»Ñ‹Ðµ Ð¾Ñ�Ñ‚Ñ€Ð¾Ð²Ð° Ð¡Ð¨Ð�
     got: Внешние малые острова США
 ; [cca2=UM].translations.slk.common
Expected: MenÅ¡ie odÄ¾ahlÃ© ostrovy USA
     got: Menšie odľahlé ostrovy USA
 ; [cca2=UM].translations.slk.official
Expected: MenÅ¡ie odÄ¾ahlÃ© ostrovy SpjoenÃ½ch Å¡tÃ¡tov
     got: Menšie odľahlé ostrovy Spjoených štátov
 ; [cca2=UM].translations.srp.common
Expected: ÐœÐ°Ð»Ð° Ñ�Ð¿Ð¾Ñ™Ð½Ð° Ð¾Ñ�Ñ‚Ñ€Ð²Ð° Ð¡Ñ˜ÐµÐ´Ð¸ÑšÐµÐ½Ð¸Ñ… Ð�Ð¼ÐµÑ€Ð¸Ñ‡ÐºÐ¸Ñ… Ð”Ñ€Ð¶Ð°Ð²Ð°
     got: Мала спољна острва Сједињених Америчких Држава
 ; [cca2=UM].translations.srp.official
Expected: ÐœÐ°Ð»Ð° Ñ�Ð¿Ð¾Ñ™Ð½Ð° Ð¾Ñ�Ñ‚Ñ€Ð²Ð° Ð¡Ñ˜ÐµÐ´Ð¸ÑšÐµÐ½Ð¸Ñ… Ð�Ð¼ÐµÑ€Ð¸Ñ‡ÐºÐ¸Ñ… Ð”Ñ€Ð¶Ð°Ð²Ð°
     got: Мала спољна острва Сједињених Америчких Држава
 ; [cca2=UM].translations.swe.common
Expected: FÃ¶renta staternas mindre Ã¶ar i Oceanien och VÃ¤stindien
     got: Förenta staternas mindre öar i Oceanien och Västindien
 ; [cca2=UM].translations.swe.official
Expected: FÃ¶renta staternas mindre Ã¶ar i Oceanien och VÃ¤stindien
     got: Förenta staternas mindre öar i Oceanien och Västindien
 ; [cca2=UM].translations.tur.common
Expected: Amerika BirleÅŸik Devletleri KÃ¼Ã§Ã¼k DÄ±ÅŸ AdalarÄ±
     got: Amerika Birleşik Devletleri Küçük Dış Adaları
 ; [cca2=UM].translations.tur.official
Expected: Amerika BirleÅŸik Devletleri KÃ¼Ã§Ã¼k DÄ±ÅŸ AdalarÄ±
     got: Amerika Birleşik Devletleri Küçük Dış Adaları
 ; [cca2=UM].translations.urd.common
Expected: Ø§Ù…Ø±ÛŒÚ©ÛŒ Ú†Ú¾ÙˆÙ¹Û’ Ø¨ÛŒØ±ÙˆÙ†ÛŒ Ø¬Ø²Ø§Ø¦Ø±
     got: امریکی چھوٹے بیرونی جزائر
 ; [cca2=UM].translations.urd.official
Expected: Ø§Ù…Ø±ÛŒÚ©ÛŒ Ú†Ú¾ÙˆÙ¹Û’ Ø¨ÛŒØ±ÙˆÙ†ÛŒ Ø¬Ø²Ø§Ø¦Ø±
     got: امریکی چھوٹے بیرونی جزائر
 ; [cca2=UM].translations.zho.common
Expected: ç¾Žå›½æœ¬åœŸå¤–å°�å²›å±¿
     got: 美国本土外小岛屿
 ; [cca2=UM].translations.zho.official
Expected: ç¾Žå›½æœ¬åœŸå¤–å°�å²›å±¿
     got: 美国本土外小岛屿
 ; [cca2=US].demonyms.fra.f
Expected: AmÃ©ricaine
     got: Américaine
 ; [cca2=US].demonyms.fra.m
Expected: AmÃ©ricain
     got: Américain
 ; [cca2=US].flag
Expected: ðŸ‡ºðŸ‡¸
     got: 🇺🇸
 ; [cca2=US].translations.ara.common
Expected: Ø§Ù„ÙˆÙ„Ø§ÙŠØ§Øª Ø§Ù„Ù…ØªØ­Ø¯Ø©
     got: الولايات المتحدة
 ; [cca2=US].translations.ara.official
Expected: Ø§Ù„ÙˆÙ„Ø§ÙŠØ§Øª Ø§Ù„Ù…ØªØ­Ø¯Ø© Ø§Ù„Ø§Ù…Ø±ÙŠÙƒÙŠØ©
     got: الولايات المتحدة الامريكية
 ; [cca2=US].translations.bre.common
Expected: StadoÃ¹-Unanet
     got: Stadoù-Unanet
 ; [cca2=US].translations.bre.official
Expected: StadoÃ¹-Unanet Amerika
     got: Stadoù-Unanet Amerika
 ; [cca2=US].translations.ces.common
Expected: SpojenÃ© stÃ¡ty
     got: Spojené státy
 ; [cca2=US].translations.ces.official
Expected: SpojenÃ© stÃ¡ty americkÃ©
     got: Spojené státy americké
 ; [cca2=US].translations.est.common
Expected: Ameerika Ãœhendriigid
     got: Ameerika Ühendriigid
 ; [cca2=US].translations.est.official
Expected: Ameerika Ãœhendriigid
     got: Ameerika Ühendriigid
 ; [cca2=US].translations.fra.common
Expected: Ã‰tats-Unis
     got: États-Unis
 ; [cca2=US].translations.fra.official
Expected: Les Ã©tats-unis d&apos;AmÃ©rique
     got: Les états-unis d&apos;Amérique
 ; [cca2=US].translations.hrv.common
Expected: Sjedinjene AmeriÄ�ke DrÅ¾ave
     got: Sjedinjene Američke Države
 ; [cca2=US].translations.hrv.official
Expected: Sjedinjene DrÅ¾ave Amerike
     got: Sjedinjene Države Amerike
 ; [cca2=US].translations.hun.common
Expected: Amerikai EgyesÃ¼lt Ã�llamok
     got: Amerikai Egyesült Államok
 ; [cca2=US].translations.hun.official
Expected: Amerikai EgyesÃ¼lt Ã�llamok
     got: Amerikai Egyesült Államok
 ; [cca2=US].translations.jpn.common
Expected: ã‚¢ãƒ¡ãƒªã‚«å�ˆè¡†å›½
     got: アメリカ合衆国
 ; [cca2=US].translations.jpn.official
Expected: ã‚¢ãƒ¡ãƒªã‚«å�ˆè¡†å›½
     got: アメリカ合衆国
 ; [cca2=US].translations.kor.common
Expected: ë¯¸êµ­
     got: 미국
 ; [cca2=US].translations.kor.official
Expected: ì•„ë©”ë¦¬ì¹´ í•©ì¤‘êµ­
     got: 아메리카 합중국
 ; [cca2=US].translations.per.common
Expected: Ø§ÛŒØ§Ù„Ø§Øª Ù…ØªØ­Ø¯Ù‡ Ø¢Ù…Ø±ÛŒÚ©Ø§
     got: ایالات متحده آمریکا
 ; [cca2=US].translations.per.official
Expected: Ø§ÛŒØ§Ù„Ø§Øª Ù…ØªØ­Ø¯Ù‡ Ø¢Ù…Ø±ÛŒÚ©Ø§
     got: ایالات متحده آمریکا
 ; [cca2=US].translations.por.official
Expected: Estados Unidos da AmÃ©rica
     got: Estados Unidos da América
 ; [cca2=US].translations.rus.common
Expected: Ð¡Ð¾ÐµÐ´Ð¸Ð½Ñ‘Ð½Ð½Ñ‹Ðµ Ð¨Ñ‚Ð°Ñ‚Ñ‹ Ð�Ð¼ÐµÑ€Ð¸ÐºÐ¸
     got: Соединённые Штаты Америки
 ; [cca2=US].translations.rus.official
Expected: Ð¡Ð¾ÐµÐ´Ð¸Ð½ÐµÐ½Ð½Ñ‹Ðµ Ð¨Ñ‚Ð°Ñ‚Ñ‹ Ð�Ð¼ÐµÑ€Ð¸ÐºÐ¸
     got: Соединенные Штаты Америки
 ; [cca2=US].translations.slk.common
Expected: SpojenÃ© Å¡tÃ¡ty americkÃ©
     got: Spojené štáty americké
 ; [cca2=US].translations.slk.official
Expected: SpojenÃ© Å¡tÃ¡ty AmerickÃ©
     got: Spojené štáty Americké
 ; [cca2=US].translations.spa.official
Expected: Estados Unidos de AmÃ©rica
     got: Estados Unidos de América
 ; [cca2=US].translations.srp.common
Expected: Ð¡Ñ˜ÐµÐ´Ð¸ÑšÐµÐ½Ðµ Ð�Ð¼ÐµÑ€Ð¸Ñ‡ÐºÐµ Ð”Ñ€Ð¶Ð°Ð²Ðµ
     got: Сједињене Америчке Државе
 ; [cca2=US].translations.srp.official
Expected: Ð¡Ñ˜ÐµÐ´Ð¸ÑšÐµÐ½Ðµ Ð�Ð¼ÐµÑ€Ð¸Ñ‡ÐºÐµ Ð”Ñ€Ð¶Ð°Ð²Ðµ
     got: Сједињене Америчке Државе
 ; [cca2=US].translations.swe.official
Expected: Amerikas fÃ¶renta stater
     got: Amerikas förenta stater
 ; [cca2=US].translations.tur.common
Expected: Amerika BirleÅŸik Devletleri
     got: Amerika Birleşik Devletleri
 ; [cca2=US].translations.tur.official
Expected: Amerika BirleÅŸik Devletleri
     got: Amerika Birleşik Devletleri
 ; [cca2=US].translations.urd.common
Expected: Ø±ÛŒØ§Ø³ØªÛ�Ø§Ø¦Û’ Ù…ØªØ­Ø¯Û�
     got: ریاستہائے متحدہ
 ; [cca2=US].translations.urd.official
Expected: Ø±ÛŒØ§Ø³ØªÛ�Ø§Ø¦Û’ Ù…ØªØ­Ø¯Û� Ø§Ù…Ø±ÛŒÚ©Ø§
     got: ریاستہائے متحدہ امریکا
 ; [cca2=US].translations.zho.common
Expected: ç¾Žå›½
     got: 美国
 ; [cca2=US].translations.zho.official
Expected: ç¾Žåˆ©å�šå�ˆä¼—å›½
     got: 美利坚合众国
 ; [cca2=EC].altSpellings[]
Expected: RepÃºblica del Ecuador
     but none found
 ; [cca2=EC].altSpellings[]
Unexpected: República del Ecuador
 ; [cca2=EC].demonyms.fra.f
Expected: Ã‰quatorienne
     got: Équatorienne
 ; [cca2=EC].demonyms.fra.m
Expected: Ã‰quatorien
     got: Équatorien
 ; [cca2=EC].flag
Expected: ðŸ‡ªðŸ‡¨
     got: 🇪🇨
 ; [cca2=EC].name.nativeName.spa.official
Expected: RepÃºblica del Ecuador
     got: República del Ecuador
 ; [cca2=EC].translations.ara.common
Expected: Ø§Ù„Ø¥ÙƒÙˆØ§Ø¯ÙˆØ±
     got: الإكوادور
 ; [cca2=EC].translations.ara.official
Expected: Ø¬Ù…Ù‡ÙˆØ±ÙŠØ© Ø§Ù„Ø¥ÙƒÙˆØ§Ø¯ÙˆØ±
     got: جمهورية الإكوادور
 ; [cca2=EC].translations.ces.common
Expected: EkvÃ¡dor
     got: Ekvádor
 ; [cca2=EC].translations.ces.official
Expected: EkvÃ¡dorskÃ¡ republika
     got: Ekvádorská republika
 ; [cca2=EC].translations.fra.common
Expected: Ã‰quateur
     got: Équateur
 ; [cca2=EC].translations.fra.official
Expected: RÃ©publique de l&apos;Ã‰quateur
     got: République de l&apos;Équateur
 ; [cca2=EC].translations.hun.official
Expected: Ecuadori KÃ¶ztÃ¡rsasÃ¡g
     got: Ecuadori Köztársaság
 ; [cca2=EC].translations.jpn.common
Expected: ã‚¨ã‚¯ã‚¢ãƒ‰ãƒ«
     got: エクアドル
 ; [cca2=EC].translations.jpn.official
Expected: ã‚¨ã‚¯ã‚¢ãƒ‰ãƒ«å…±å’Œå›½
     got: エクアドル共和国
 ; [cca2=EC].translations.kor.common
Expected: ì—�ì½°ë�„ë¥´
     got: 에콰도르
 ; [cca2=EC].translations.kor.official
Expected: ì—�ì½°ë�„ë¥´ ê³µí™”êµ­
     got: 에콰도르 공화국
 ; [cca2=EC].translations.per.common
Expected: Ø§Ú©ÙˆØ§Ø¯ÙˆØ±
     got: اکوادور
 ; [cca2=EC].translations.per.official
Expected: Ø¬Ù…Ù‡ÙˆØ±ÛŒ Ø§Ú©ÙˆØ§Ø¯ÙˆØ±
     got: جمهوری اکوادور
 ; [cca2=EC].translations.por.official
Expected: RepÃºblica do Equador
     got: República do Equador
 ; [cca2=EC].translations.rus.common
Expected: Ð­ÐºÐ²Ð°Ð´Ð¾Ñ€
     got: Эквадор
 ; [cca2=EC].translations.rus.official
Expected: Ð ÐµÑ�Ð¿ÑƒÐ±Ð»Ð¸ÐºÐ° Ð­ÐºÐ²Ð°Ð´Ð¾Ñ€
     got: Республика Эквадор
 ; [cca2=EC].translations.slk.common
Expected: EkvÃ¡dor
     got: Ekvádor
 ; [cca2=EC].translations.slk.official
Expected: EkvÃ¡dorskÃ¡ republika
     got: Ekvádorská republika
 ; [cca2=EC].translations.spa.official
Expected: RepÃºblica del Ecuador
     got: República del Ecuador
 ; [cca2=EC].translations.srp.common
Expected: Ð•ÐºÐ²Ð°Ð´Ð¾Ñ€
     got: Еквадор
 ; [cca2=EC].translations.srp.official
Expected: Ð ÐµÐ¿ÑƒÐ±Ð»Ð¸ÐºÐ° Ð•ÐºÐ²Ð°Ð´Ð¾Ñ€
     got: Република Еквадор
 ; [cca2=EC].translations.urd.common
Expected: Ø§ÛŒÚ©ÙˆØ§ÚˆÙˆØ±
     got: ایکواڈور
 ; [cca2=EC].translations.urd.official
Expected: Ø¬Ù…Û�ÙˆØ±ÛŒÛ� Ø§ÛŒÚ©ÙˆÚˆÙˆØ±
     got: جمہوریہ ایکوڈور
 ; [cca2=EC].translations.zho.common
Expected: åŽ„ç“œå¤šå°”
     got: 厄瓜多尔
 ; [cca2=EC].translations.zho.official
Expected: åŽ„ç“œå¤šå°”å…±å’Œå›½
     got: 厄瓜多尔共和国
 ; [cca2=EE].currencies.EUR.symbol
Expected: â‚¬
     got: €
 ; [cca2=EE].flag
Expected: ðŸ‡ªðŸ‡ª
     got: 🇪🇪
 ; [cca2=EE].translations.ara.common
Expected: Ø¥Ø³ØªÙˆÙ†ÙŠØ§
     got: إستونيا
 ; [cca2=EE].translations.ara.official
Expected: Ø¬Ù…Ù‡ÙˆØ±ÙŠØ© Ø¥Ø³ØªÙˆÙ†ÙŠØ§
     got: جمهورية إستونيا
 ; [cca2=EE].translations.ces.official
Expected: EstonskÃ¡ republika
     got: Estonská republika
 ; [cca2=EE].translations.fra.official
Expected: RÃ©publique d&apos;Estonie
     got: République d&apos;Estonie
 ; [cca2=EE].translations.hun.common
Expected: Ã‰sztorszÃ¡g
     got: Észtország
 ; [cca2=EE].translations.hun.official
Expected: Ã‰szt KÃ¶ztÃ¡rsasÃ¡g
     got: Észt Köztársaság
 ; [cca2=EE].translations.jpn.common
Expected: ã‚¨ã‚¹ãƒˆãƒ‹ã‚¢
     got: エストニア
 ; [cca2=EE].translations.jpn.official
Expected: ã‚¨ã‚¹ãƒˆãƒ‹ã‚¢å…±å’Œå›½
     got: エストニア共和国
 ; [cca2=EE].translations.kor.common
Expected: ì—�ìŠ¤í† ë‹ˆì•„
     got: 에스토니아
 ; [cca2=EE].translations.kor.official
Expected: ì—�ìŠ¤í† ë‹ˆì•„ ê³µí™”êµ­
     got: 에스토니아 공화국
 ; [cca2=EE].translations.per.common
Expected: Ø§Ù�Ø³ØªÙˆÙ†ÛŒ
     got: اِستونی
 ; [cca2=EE].translations.per.official
Expected: Ø¬Ù…Ù‡ÙˆØ±ÛŒ Ø§Ø³ØªÙˆÙ†ÛŒ
     got: جمهوری استونی
 ; [cca2=EE].translations.pol.official
Expected: Republika EstoÅ„ska
     got: Republika Estońska
 ; [cca2=EE].translations.por.common
Expected: EstÃ³nia
     got: Estónia
 ; [cca2=EE].translations.por.official
Expected: RepÃºblica da EstÃ³nia
     got: República da Estónia
 ; [cca2=EE].translations.rus.common
Expected: Ð­Ñ�Ñ‚Ð¾Ð½Ð¸Ñ�
     got: Эстония
 ; [cca2=EE].translations.rus.official
Expected: Ð­Ñ�Ñ‚Ð¾Ð½Ñ�ÐºÐ°Ñ� Ð ÐµÑ�Ð¿ÑƒÐ±Ð»Ð¸ÐºÐ°
     got: Эстонская Республика
 ; [cca2=EE].translations.slk.common
Expected: EstÃ³nsko
     got: Estónsko
 ; [cca2=EE].translations.slk.official
Expected: EstÃ³nska republika
     got: Estónska republika
 ; [cca2=EE].translations.spa.official
Expected: RepÃºblica de Estonia
     got: República de Estonia
 ; [cca2=EE].translations.srp.common
Expected: Ð•Ñ�Ñ‚Ð¾Ð½Ð¸Ñ˜Ð°
     got: Естонија
 ; [cca2=EE].translations.srp.official
Expected: Ð•Ñ�Ñ‚Ð¾Ð½Ñ�ÐºÐ° Ð ÐµÐ¿ÑƒÐ±Ð»Ð¸ÐºÐ°
     got: Естонска Република
 ; [cca2=EE].translations.urd.common
Expected: Ø§Ø³Ù¹ÙˆÙ†ÛŒØ§
     got: اسٹونیا
 ; [cca2=EE].translations.urd.official
Expected: Ø¬Ù…Û�ÙˆØ±ÛŒÛ� Ø§Ø³Ù¹ÙˆÙ†ÛŒØ§
     got: جمہوریہ اسٹونیا
 ; [cca2=EE].translations.zho.common
Expected: çˆ±æ²™å°¼äºš
     got: 爱沙尼亚
 ; [cca2=EE].translations.zho.official
Expected: çˆ±æ²™å°¼äºšå…±å’Œå›½
     got: 爱沙尼亚共和国
 ; [cca2=EG].currencies.EGP.symbol
Expected: Â£
     got: £
 ; [cca2=EG].demonyms.fra.f
Expected: Ã‰gyptienne
     got: Égyptienne
 ; [cca2=EG].demonyms.fra.m
Expected: Ã‰gyptien
     got: Égyptien
 ; [cca2=EG].flag
Expected: ðŸ‡ªðŸ‡¬
     got: 🇪🇬
 ; [cca2=EG].flags.alt
Expected: The flag of Egypt is composed of three equal horizontal bands of red, white and black, with Egypt&apos;s national emblem â€” a hoist-side facing gold eagle of Saladin â€” centered in the white band.
     got: The flag of Egypt is composed of three equal horizontal bands of red, white and black, with Egypt&apos;s national emblem — a hoist-side facing gold eagle of Saladin — centered in the white band.
 ; [cca2=EG].name.nativeName.ara.common
Expected: Ù…ØµØ±
     got: مصر
 ; [cca2=EG].name.nativeName.ara.official
Expected: Ø¬Ù…Ù‡ÙˆØ±ÙŠØ© Ù…ØµØ± Ø§Ù„Ø¹Ø±Ø¨ÙŠØ©
     got: جمهورية مصر العربية
 ; [cca2=EG].tld[]
Expected: .Ù…ØµØ±
     but none found
 ; [cca2=EG].tld[]
Unexpected: .مصر
 ; [cca2=EG].translations.ara.common
Expected: Ù…ØµØ±
     got: مصر
 ; [cca2=EG].translations.ara.official
Expected: Ø¬Ù…Ù‡ÙˆØ±ÙŠØ© Ù…ØµØ± Ø§Ù„Ø¹Ø±Ø¨ÙŠØ©
     got: جمهورية مصر العربية
 ; [cca2=EG].translations.ces.official
Expected: EgyptskÃ¡ arabskÃ¡ republika
     got: Egyptská arabská republika
 ; [cca2=EG].translations.deu.common
Expected: Ã„gypten
     got: Ägypten
 ; [cca2=EG].translations.deu.official
Expected: Arabische Republik Ã„gypten
     got: Arabische Republik Ägypten
 ; [cca2=EG].translations.fra.common
Expected: Ã‰gypte
     got: Égypte
 ; [cca2=EG].translations.fra.official
Expected: RÃ©publique arabe d&apos;Ã‰gypte
     got: République arabe d&apos;Égypte
 ; [cca2=EG].translations.hun.official
Expected: Egyiptomi Arab KÃ¶ztÃ¡rsasÃ¡g
     got: Egyiptomi Arab Köztársaság
 ; [cca2=EG].translations.jpn.common
Expected: ã‚¨ã‚¸ãƒ—ãƒˆ
     got: エジプト
 ; [cca2=EG].translations.jpn.official
Expected: ã‚¨ã‚¸ãƒ—ãƒˆÂ·ã‚¢ãƒ©ãƒ–å…±å’Œå›½
     got: エジプト·アラブ共和国
 ; [cca2=EG].translations.kor.common
Expected: ì�´ì§‘íŠ¸
     got: 이집트
 ; [cca2=EG].translations.kor.official
Expected: ì�´ì§‘íŠ¸ ì•„ëž� ê³µí™”êµ­
     got: 이집트 아랍 공화국
 ; [cca2=EG].translations.per.common
Expected: Ù…ØµØ±
     got: مصر
 ; [cca2=EG].translations.per.official
Expected: Ø¬Ù…Ù‡ÙˆØ±ÛŒ Ø¹Ø±Ø¨ÛŒ Ù…ØµØ±
     got: جمهوری عربی مصر
 ; [cca2=EG].translations.por.official
Expected: RepÃºblica Ã�rabe do Egipto
     got: República Árabe do Egipto
 ; [cca2=EG].translations.rus.common
Expected: Ð•Ð³Ð¸Ð¿ÐµÑ‚
     got: Египет
 ; [cca2=EG].translations.rus.official
Expected: Ð�Ñ€Ð°Ð±Ñ�ÐºÐ°Ñ� Ð ÐµÑ�Ð¿ÑƒÐ±Ð»Ð¸ÐºÐ° Ð•Ð³Ð¸Ð¿ÐµÑ‚
     got: Арабская Республика Египет
 ; [cca2=EG].translations.slk.official
Expected: EgyptskÃ¡ arabskÃ¡ republika
     got: Egyptská arabská republika
 ; [cca2=EG].translations.spa.official
Expected: RepÃºblica Ã�rabe de Egipto
     got: República Árabe de Egipto
 ; [cca2=EG].translations.srp.common
Expected: Ð•Ð³Ð¸Ð¿Ð°Ñ‚
     got: Египат
 ; [cca2=EG].translations.srp.official
Expected: Ð�Ñ€Ð°Ð¿Ñ�ÐºÐ° Ð ÐµÐ¿ÑƒÐ±Ð»Ð¸ÐºÐ° Ð•Ð³Ð¸Ð¿Ð°Ñ‚
     got: Арапска Република Египат
 ; [cca2=EG].translations.tur.common
Expected: MÄ±sÄ±r
     got: Mısır
 ; [cca2=EG].translations.tur.official
Expected: MÄ±sÄ±r Arap Cumhuriyeti
     got: Mısır Arap Cumhuriyeti
 ; [cca2=EG].translations.urd.common
Expected: Ù…ØµØ±
     got: مصر
 ; [cca2=EG].translations.urd.official
Expected: Ù…ØµØ±ÛŒ Ø¹Ø±Ø¨ Ø¬Ù…Û�ÙˆØ±ÛŒÛ�
     got: مصری عرب جمہوریہ
 ; [cca2=EG].translations.zho.common
Expected: åŸƒå�Š
     got: 埃及
 ; [cca2=EG].translations.zho.official
Expected: é˜¿æ‹‰ä¼¯åŸƒå�Šå…±å’Œå›½
     got: 阿拉伯埃及共和国
 ; [cca2=EH].altSpellings[]
Expected: Taneáº“roft Tutrimt
     but none found
 ; [cca2=EH].altSpellings[]
Unexpected: Taneẓroft Tutrimt
 ; [cca2=EH].capital[]
Expected: El AaiÃºn
     but none found
 ; [cca2=EH].capital[]
Unexpected: El Aaiún
 ; [cca2=EH].currencies.DZD.symbol
Expected: Ø¯Ø¬
     got: دج
 ; [cca2=EH].flag
Expected: ðŸ‡ªðŸ‡­
     got: 🇪🇭
 ; [cca2=EH].name.nativeName.mey.common
Expected: Ø§Ù„ØµØ­Ø±Ø§Ø¡ Ø§Ù„ØºØ±Ø¨ÙŠØ©
     got: الصحراء الغربية
 ; [cca2=EH].name.nativeName.mey.official
Expected: Ø§Ù„Ø¬Ù…Ù‡ÙˆØ±ÙŠØ© Ø§Ù„Ø¹Ø±Ø¨ÙŠØ© Ø§Ù„ØµØ­Ø±Ø§ÙˆÙŠØ© Ø§Ù„Ø¯ÙŠÙ…Ù‚Ø±Ø§Ø·ÙŠØ©
     got: الجمهورية العربية الصحراوية الديمقراطية
 ; [cca2=EH].name.nativeName.spa.official
Expected: RepÃºblica Ã�rabe Saharaui DemocrÃ¡tica
     got: República Árabe Saharaui Democrática
 ; [cca2=EH].translations.ara.common
Expected: Ø§Ù„ØµØ­Ø±Ø§Ø¡ Ø§Ù„ØºØ±Ø¨ÙŠØ©
     got: الصحراء الغربية
 ; [cca2=EH].translations.ara.official
Expected: Ø§Ù„Ø¬Ù…Ù‡ÙˆØ±ÙŠØ© Ø§Ù„Ø¹Ø±Ø¨ÙŠØ© Ø§Ù„ØµØ­Ø±Ø§ÙˆÙŠØ© Ø§Ù„Ø¯ÙŠÙ…Ù‚Ø±Ø§Ø·ÙŠØ©
     got: الجمهورية العربية الصحراوية الديمقراطية
 ; [cca2=EH].translations.bre.common
Expected: Sahara ar C&apos;hornÃ´g
     got: Sahara ar C&apos;hornôg
 ; [cca2=EH].translations.ces.common
Expected: ZÃ¡padnÃ­ Sahara
     got: Západní Sahara
 ; [cca2=EH].translations.ces.official
Expected: ZÃ¡padnÃ­ Sahara
     got: Západní Sahara
 ; [cca2=EH].translations.est.common
Expected: LÃ¤Ã¤ne-Sahara
     got: Lääne-Sahara
 ; [cca2=EH].translations.est.official
Expected: LÃ¤Ã¤ne-Sahara
     got: Lääne-Sahara
 ; [cca2=EH].translations.fin.common
Expected: LÃ¤nsi-Sahara
     got: Länsi-Sahara
 ; [cca2=EH].translations.fin.official
Expected: LÃ¤nsi-Sahara
     got: Länsi-Sahara
 ; [cca2=EH].translations.fra.official
Expected: RÃ©publique arabe sahraouie dÃ©mocratique
     got: République arabe sahraouie démocratique
 ; [cca2=EH].translations.jpn.common
Expected: è¥¿ã‚µãƒ�ãƒ©
     got: 西サハラ
 ; [cca2=EH].translations.jpn.official
Expected: ã‚µãƒ�ãƒ©ã‚¢ãƒ©ãƒ–æ°‘ä¸»å…±å’Œå›½
     got: サハラアラブ民主共和国
 ; [cca2=EH].translations.kor.common
Expected: ì„œì‚¬í•˜ë�¼
     got: 서사하라
 ; [cca2=EH].translations.kor.official
Expected: ì‚¬í•˜ë�¼ ì•„ëž� ë¯¼ì£¼ ê³µí™”êµ­
     got: 사하라 아랍 민주 공화국
 ; [cca2=EH].translations.per.common
Expected: ØµØ­Ø±Ø§ÛŒ ØºØ±Ø¨ÛŒ
     got: صحرای غربی
 ; [cca2=EH].translations.per.official
Expected: ØµØ­Ø±Ø§ÛŒ ØºØ±Ø¨ÛŒ
     got: صحرای غربی
 ; [cca2=EH].translations.por.official
Expected: RepÃºblica Ã�rabe Saharaui DemocrÃ¡tica
     got: República Árabe Saharaui Democrática
 ; [cca2=EH].translations.rus.common
Expected: Ð—Ð°Ð¿Ð°Ð´Ð½Ð°Ñ� Ð¡Ð°Ñ…Ð°Ñ€Ð°
     got: Западная Сахара
 ; [cca2=EH].translations.rus.official
Expected: Sahrawi Ð�Ñ€Ð°Ð±Ñ�ÐºÐ°Ñ� Ð”ÐµÐ¼Ð¾ÐºÑ€Ð°Ñ‚Ð¸Ñ‡ÐµÑ�ÐºÐ°Ñ� Ð ÐµÑ�Ð¿ÑƒÐ±Ð»Ð¸ÐºÐ°
     got: Sahrawi Арабская Демократическая Республика
 ; [cca2=EH].translations.slk.common
Expected: ZÃ¡padnÃ¡ Sahara
     got: Západná Sahara
 ; [cca2=EH].translations.slk.official
Expected: ZÃ¡padnÃ¡ Sahara
     got: Západná Sahara
 ; [cca2=EH].translations.spa.official
Expected: RepÃºblica Ã�rabe Saharaui DemocrÃ¡tica
     got: República Árabe Saharaui Democrática
 ; [cca2=EH].translations.srp.common
Expected: Ð¡Ð°Ñ…Ð°Ñ€Ñ�ÐºÐ° Ð ÐµÐ¿ÑƒÐ±Ð»Ð¸ÐºÐ°
     got: Сахарска Република
 ; [cca2=EH].translations.srp.official
Expected: Ð¡Ð°Ñ…Ð°Ñ€Ñ�ÐºÐ° Ð�Ñ€Ð°Ð¿Ñ�ÐºÐ° Ð”ÐµÐ¼Ð¾ÐºÑ€Ð°Ñ‚Ñ�ÐºÐ° Ð ÐµÐ¿ÑƒÐ±Ð»Ð¸ÐºÐ°
     got: Сахарска Арапска Демократска Република
 ; [cca2=EH].translations.swe.common
Expected: VÃ¤stsahara
     got: Västsahara
 ; [cca2=EH].translations.swe.official
Expected: VÃ¤stsahara
     got: Västsahara
 ; [cca2=EH].translations.urd.common
Expected: Ù…ØºØ±Ø¨ÛŒ ØµØ­Ø§Ø±Ø§
     got: مغربی صحارا
 ; [cca2=EH].translations.urd.official
Expected: ØµØ­Ø±Ø§ÙˆÛŒ Ø¹Ø±Ø¨ Ø¹ÙˆØ§Ù…ÛŒ Ø¬Ù…Û�ÙˆØ±ÛŒÛ�
     got: صحراوی عرب عوامی جمہوریہ
 ; [cca2=EH].translations.zho.common
Expected: è¥¿æ’’å“ˆæ‹‰
     got: 西撒哈拉
 ; [cca2=EH].translations.zho.official
Expected: é˜¿æ‹‰ä¼¯æ’’å“ˆæ‹‰æ°‘ä¸»å…±å’Œå›½
     got: 阿拉伯撒哈拉民主共和国
 ; [cca2=UY].altSpellings[]
Expected: RepÃºblica Oriental del Uruguay
     but none found
 ; [cca2=UY].altSpellings[]
Unexpected: República Oriental del Uruguay
 ; [cca2=UY].flag
Expected: ðŸ‡ºðŸ‡¾
     got: 🇺🇾
 ; [cca2=UY].flags.alt
Expected: The flag of Uruguay is composed of nine equal horizontal bands of white alternating with blue, with a white square superimposed in the canton. In the white square is a yellow sun bearing a human face â€” the Sun of May â€” from which sixteen rays extend. The sun&apos;s rays alternate between triangular and wavy.
     got: The flag of Uruguay is composed of nine equal horizontal bands of white alternating with blue, with a white square superimposed in the canton. In the white square is a yellow sun bearing a human face — the Sun of May — from which sixteen rays extend. The sun&apos;s rays alternate between triangular and wavy.
 ; [cca2=UY].name.nativeName.spa.official
Expected: RepÃºblica Oriental del Uruguay
     got: República Oriental del Uruguay
 ; [cca2=UY].translations.ara.common
Expected: Ø§Ù„Ø£ÙˆØ±ÙˆØºÙˆØ§ÙŠ
     got: الأوروغواي
 ; [cca2=UY].translations.ara.official
Expected: Ø¬Ù…Ù‡ÙˆØ±ÙŠØ© Ø§Ù„Ø£ÙˆØ±ÙˆØºÙˆØ§ÙŠ Ø§Ù„Ø´Ø±Ù‚ÙŠØ©
     got: جمهورية الأوروغواي الشرقية
 ; [cca2=UY].translations.ces.official
Expected: UruguayskÃ¡ vÃ½chodnÃ­ republika
     got: Uruguayská východní republika
 ; [cca2=UY].translations.deu.official
Expected: Republik Ã–stlich des Uruguay
     got: Republik Östlich des Uruguay
 ; [cca2=UY].translations.fin.official
Expected: Uruguayn itÃ¤inen tasavalta
     got: Uruguayn itäinen tasavalta
 ; [cca2=UY].translations.fra.official
Expected: RÃ©publique orientale de l&apos;Uruguay
     got: République orientale de l&apos;Uruguay
 ; [cca2=UY].translations.hun.official
Expected: Uruguayi Keleti KÃ¶ztÃ¡rsasÃ¡g
     got: Uruguayi Keleti Köztársaság
 ; [cca2=UY].translations.jpn.common
Expected: ã‚¦ãƒ«ã‚°ã‚¢ã‚¤
     got: ウルグアイ
 ; [cca2=UY].translations.jpn.official
Expected: ã‚¦ãƒ«ã‚°ã‚¢ã‚¤æ�±æ–¹å…±å’Œå›½
     got: ウルグアイ東方共和国
 ; [cca2=UY].translations.kor.common
Expected: ìš°ë£¨ê³¼ì�´
     got: 우루과이
 ; [cca2=UY].translations.kor.official
Expected: ìš°ë£¨ê³¼ì�´ ë�™ë°© ê³µí™”êµ­
     got: 우루과이 동방 공화국
 ; [cca2=UY].translations.per.common
Expected: Ø§Ø±ÙˆÚ¯ÙˆØ¦Ù‡
     got: اروگوئه
 ; [cca2=UY].translations.per.official
Expected: Ø¬Ù…Ù‡ÙˆØ±ÛŒ Ø§Ø±ÙˆÚ¯ÙˆØ¦Ù‡
     got: جمهوری اروگوئه
 ; [cca2=UY].translations.por.official
Expected: RepÃºblica Oriental do Uruguai
     got: República Oriental do Uruguai
 ; [cca2=UY].translations.rus.common
Expected: Ð£Ñ€ÑƒÐ³Ð²Ð°Ð¹
     got: Уругвай
 ; [cca2=UY].translations.rus.official
Expected: Ð’Ð¾Ñ�Ñ‚Ð¾Ñ‡Ð½Ð¾Ð¹ Ð ÐµÑ�Ð¿ÑƒÐ±Ð»Ð¸ÐºÐ¸ Ð£Ñ€ÑƒÐ³Ð²Ð°Ð¹
     got: Восточной Республики Уругвай
 ; [cca2=UY].translations.slk.official
Expected: UruguajskÃ¡ vÃ½chodnÃ¡ republika
     got: Uruguajská východná republika
 ; [cca2=UY].translations.spa.official
Expected: RepÃºblica Oriental del Uruguay
     got: República Oriental del Uruguay
 ; [cca2=UY].translations.srp.common
Expected: Ð£Ñ€ÑƒÐ³Ð²Ð°Ñ˜
     got: Уругвај
 ; [cca2=UY].translations.srp.official
Expected: Ð˜Ñ�Ñ‚Ð¾Ñ‡Ð½Ð° Ð ÐµÐ¿ÑƒÐ±Ð»Ð¸ÐºÐ° Ð£Ñ€ÑƒÐ³Ð²Ð°Ñ˜
     got: Источна Република Уругвај
 ; [cca2=UY].translations.tur.official
Expected: Uruguay DoÄŸu Cumhuriyeti
     got: Uruguay Doğu Cumhuriyeti
 ; [cca2=UY].translations.urd.common
Expected: ÛŒÙˆØ±Ø§Ú¯ÙˆØ¦Û’
     got: یوراگوئے
 ; [cca2=UY].translations.urd.official
Expected: Ø¬Ù…Û�ÙˆØ±ÛŒÛ� Ø´Ø±Ù‚ÛŒÛ� ÛŒÙˆØ±Ø§Ú¯ÙˆØ¦Û’
     got: جمہوریہ شرقیہ یوراگوئے
 ; [cca2=UY].translations.zho.common
Expected: ä¹Œæ‹‰åœ­
     got: 乌拉圭
 ; [cca2=UY].translations.zho.official
Expected: ä¹Œæ‹‰åœ­ä¸œå²¸å…±å’Œå›½
     got: 乌拉圭东岸共和国
 ; [cca2=UZ].altSpellings[]
Expected: Oâ€˜zbekiston Respublikasi
     but none found
 ; [cca2=UZ].altSpellings[]
Expected: ÐŽÐ·Ð±ÐµÐºÐ¸Ñ�Ñ‚Ð¾Ð½ Ð ÐµÑ�Ð¿ÑƒÐ±Ð»Ð¸ÐºÐ°Ñ�Ð¸
     but none found
 ; [cca2=UZ].altSpellings[]
Unexpected: Ўзбекистон Республикаси
 ; [cca2=UZ].altSpellings[]
Unexpected: O‘zbekiston Respublikasi
 ; [cca2=UZ].currencies.UZS.name
Expected: Uzbekistani soÊ»m
     got: Uzbekistani soʻm
 ; [cca2=UZ].demonyms.fra.f
Expected: OuzbÃ¨ke
     got: Ouzbèke
 ; [cca2=UZ].demonyms.fra.m
Expected: OuzbÃ¨ke
     got: Ouzbèke
 ; [cca2=UZ].flag
Expected: ðŸ‡ºðŸ‡¿
     got: 🇺🇿
 ; [cca2=UZ].name.nativeName.rus.common
Expected: Ð£Ð·Ð±ÐµÐºÐ¸Ñ�Ñ‚Ð°Ð½
     got: Узбекистан
 ; [cca2=UZ].name.nativeName.rus.official
Expected: Ð ÐµÑ�Ð¿ÑƒÐ±Ð»Ð¸ÐºÐ° Ð£Ð·Ð±ÐµÐºÐ¸Ñ�Ñ‚Ð°Ð½
     got: Республика Узбекистан
 ; [cca2=UZ].name.nativeName.uzb.common
Expected: Oâ€˜zbekiston
     got: O‘zbekiston
 ; [cca2=UZ].translations.ara.common
Expected: Ø£ÙˆØ²Ø¨Ø§ÙƒØ³ØªØ§Ù†
     got: أوزباكستان
 ; [cca2=UZ].translations.ara.official
Expected: Ø¬Ù…Ù‡ÙˆØ±ÙŠØ© Ø£ÙˆØ²Ø¨Ø§ÙƒØ³ØªØ§Ù†
     got: جمهورية أوزباكستان
 ; [cca2=UZ].translations.ces.common
Expected: UzbekistÃ¡n
     got: Uzbekistán
 ; [cca2=UZ].translations.ces.official
Expected: Republika UzbekistÃ¡n
     got: Republika Uzbekistán
 ; [cca2=UZ].translations.fra.common
Expected: OuzbÃ©kistan
     got: Ouzbékistan
 ; [cca2=UZ].translations.fra.official
Expected: RÃ©publique d&apos;OuzbÃ©kistan
     got: République d&apos;Ouzbékistan
 ; [cca2=UZ].translations.hun.common
Expected: ÃœzbegisztÃ¡n
     got: Üzbegisztán
 ; [cca2=UZ].translations.hun.official
Expected: ÃœzbÃ©g KÃ¶ztÃ¡rsasÃ¡g
     got: Üzbég Köztársaság
 ; [cca2=UZ].translations.jpn.common
Expected: ã‚¦ã‚ºãƒ™ã‚­ã‚¹ã‚¿ãƒ³
     got: ウズベキスタン
 ; [cca2=UZ].translations.jpn.official
Expected: ã‚¦ã‚ºãƒ™ã‚­ã‚¹ã‚¿ãƒ³å…±å’Œå›½
     got: ウズベキスタン共和国
 ; [cca2=UZ].translations.kor.common
Expected: ìš°ì¦ˆë² í‚¤ìŠ¤íƒ„
     got: 우즈베키스탄
 ; [cca2=UZ].translations.kor.official
Expected: ìš°ì¦ˆë² í‚¤ìŠ¤íƒ„ ê³µí™”êµ­
     got: 우즈베키스탄 공화국
 ; [cca2=UZ].translations.per.common
Expected: Ø§Ø²Ø¨Ú©Ø³ØªØ§Ù†
     got: ازبکستان
 ; [cca2=UZ].translations.per.official
Expected: Ø¬Ù…Ù‡ÙˆØ±ÛŒ Ø§Ø²Ø¨Ú©Ø³ØªØ§Ù†
     got: جمهوری ازبکستان
 ; [cca2=UZ].translations.por.common
Expected: UzbequistÃ£o
     got: Uzbequistão
 ; [cca2=UZ].translations.por.official
Expected: RepÃºblica do UsbequistÃ£o
     got: República do Usbequistão
 ; [cca2=UZ].translations.rus.common
Expected: Ð£Ð·Ð±ÐµÐºÐ¸Ñ�Ñ‚Ð°Ð½
     got: Узбекистан
 ; [cca2=UZ].translations.rus.official
Expected: Ð ÐµÑ�Ð¿ÑƒÐ±Ð»Ð¸ÐºÐ° Ð£Ð·Ð±ÐµÐºÐ¸Ñ�Ñ‚Ð°Ð½
     got: Республика Узбекистан
 ; [cca2=UZ].translations.slk.official
Expected: UzbeckÃ¡ republika
     got: Uzbecká republika
 ; [cca2=UZ].translations.spa.common
Expected: UzbekistÃ¡n
     got: Uzbekistán
 ; [cca2=UZ].translations.spa.official
Expected: RepÃºblica de UzbekistÃ¡n
     got: República de Uzbekistán
 ; [cca2=UZ].translations.srp.common
Expected: Ð£Ð·Ð±ÐµÐºÐ¸Ñ�Ñ‚Ð°Ð½
     got: Узбекистан
 ; [cca2=UZ].translations.srp.official
Expected: Ð ÐµÐ¿ÑƒÐ±Ð»Ð¸ÐºÐ° Ð£Ð·Ð±ÐµÐºÐ¸Ñ�Ñ‚Ð°Ð½
     got: Република Узбекистан
 ; [cca2=UZ].translations.tur.common
Expected: Ã–zbekistan
     got: Özbekistan
 ; [cca2=UZ].translations.tur.official
Expected: Ã–zbekistan Cumhuriyeti
     got: Özbekistan Cumhuriyeti
 ; [cca2=UZ].translations.urd.common
Expected: Ø§Ø²Ø¨Ú©Ø³ØªØ§Ù†
     got: ازبکستان
 ; [cca2=UZ].translations.urd.official
Expected: Ø¬Ù…Û�ÙˆØ±ÛŒÛ� Ø§Ø²Ø¨Ú©Ø³ØªØ§Ù†
     got: جمہوریہ ازبکستان
 ; [cca2=UZ].translations.zho.common
Expected: ä¹Œå…¹åˆ«å…‹æ–¯å�¦
     got: 乌兹别克斯坦
 ; [cca2=UZ].translations.zho.official
Expected: ä¹Œå…¹åˆ«å…‹æ–¯å�¦å…±å’Œå›½
     got: 乌兹别克斯坦共和国
 ; [cca2=VA].altSpellings[]
Expected: Stato della CittÃ  del Vaticano
     but none found
 ; [cca2=VA].altSpellings[]
Unexpected: Stato della Città del Vaticano
 ; [cca2=VA].currencies.EUR.symbol
Expected: â‚¬
     got: €
 ; [cca2=VA].flag
Expected: ðŸ‡»ðŸ‡¦
     got: 🇻🇦
 ; [cca2=VA].name.nativeName.ita.official
Expected: Stato della CittÃ  del Vaticano
     got: Stato della Città del Vaticano
 ; [cca2=VA].name.nativeName.lat.common
Expected: VaticanÃ¦
     got: Vaticanæ
 ; [cca2=VA].name.nativeName.lat.official
Expected: Status Civitatis VaticanÃ¦
     got: Status Civitatis Vaticanæ
 ; [cca2=VA].translations.ara.common
Expected: Ù…Ø¯ÙŠÙ†Ø© Ø§Ù„Ù�Ø§ØªÙŠÙƒØ§Ù†
     got: مدينة الفاتيكان
 ; [cca2=VA].translations.ara.official
Expected: Ø¯ÙˆÙ„Ø© Ù…Ø¯ÙŠÙ†Ø© Ø§Ù„Ù�Ø§ØªÙŠÙƒØ§Ù†
     got: دولة مدينة الفاتيكان
 ; [cca2=VA].translations.ces.common
Expected: VatikÃ¡n
     got: Vatikán
 ; [cca2=VA].translations.ces.official
Expected: MÄ›stskÃ½ stÃ¡t VatikÃ¡n
     got: Městský stát Vatikán
 ; [cca2=VA].translations.fra.common
Expected: CitÃ© du Vatican
     got: Cité du Vatican
 ; [cca2=VA].translations.fra.official
Expected: CitÃ© du Vatican
     got: Cité du Vatican
 ; [cca2=VA].translations.hun.common
Expected: VatikÃ¡n
     got: Vatikán
 ; [cca2=VA].translations.hun.official
Expected: VatikÃ¡n Ã�llam
     got: Vatikán Állam
 ; [cca2=VA].translations.ita.common
Expected: CittÃ  del Vaticano
     got: Città del Vaticano
 ; [cca2=VA].translations.ita.official
Expected: CittÃ  del Vaticano
     got: Città del Vaticano
 ; [cca2=VA].translations.jpn.common
Expected: ãƒ�ãƒ�ã‚«ãƒ³å¸‚å›½
     got: バチカン市国
 ; [cca2=VA].translations.jpn.official
Expected: ãƒ�ãƒ�ã‚«ãƒ³å¸‚å›½ã�®çŠ¶æ…‹
     got: バチカン市国の状態
 ; [cca2=VA].translations.kor.common
Expected: ë°”í‹°ì¹¸
     got: 바티칸
 ; [cca2=VA].translations.kor.official
Expected: ë°”í‹°ì¹¸ ì‹œêµ­
     got: 바티칸 시국
 ; [cca2=VA].translations.per.common
Expected: ÙˆØ§ØªÛŒÚ©Ø§Ù†
     got: واتیکان
 ; [cca2=VA].translations.per.official
Expected: Ø¯ÙˆÙ„Øªâ€ŒØ´Ù‡Ø± ÙˆØ§ØªÛŒÚ©Ø§Ù†
     got: دولت‌شهر واتیکان
 ; [cca2=VA].translations.pol.official
Expected: PaÅ„stwo WatykaÅ„skie
     got: Państwo Watykańskie
 ; [cca2=VA].translations.rus.common
Expected: Ð’Ð°Ñ‚Ð¸ÐºÐ°Ð½
     got: Ватикан
 ; [cca2=VA].translations.rus.official
Expected: Ð“Ð¾Ñ€Ð¾Ð´-Ð³Ð¾Ñ�ÑƒÐ´Ð°Ñ€Ñ�Ñ‚Ð²Ð¾ Ð’Ð°Ñ‚Ð¸ÐºÐ°Ð½
     got: Город-государство Ватикан
 ; [cca2=VA].translations.slk.common
Expected: VatikÃ¡n
     got: Vatikán
 ; [cca2=VA].translations.slk.official
Expected: SvÃ¤tÃ¡ stolica (VatikÃ¡nsky mestskÃ½ Å¡tÃ¡t
     got: Svätá stolica (Vatikánsky mestský štát
 ; [cca2=VA].translations.srp.common
Expected: Ð’Ð°Ñ‚Ð¸ÐºÐ°Ð½
     got: Ватикан
 ; [cca2=VA].translations.srp.official
Expected: Ð“Ñ€Ð°Ð´ Ð’Ð°Ñ‚Ð¸ÐºÐ°Ð½
     got: Град Ватикан
 ; [cca2=VA].translations.tur.official
Expected: Vatikan Åžehir Devleti
     got: Vatikan Şehir Devleti
 ; [cca2=VA].translations.urd.common
Expected: ÙˆÛŒÙ¹ÛŒÚ©Ù† Ø³Ù¹ÛŒ
     got: ویٹیکن سٹی
 ; [cca2=VA].translations.urd.official
Expected: ÙˆÛŒÙ¹ÛŒÚ©Ù† Ø³Ù¹ÛŒ
     got: ویٹیکن سٹی
 ; [cca2=VA].translations.zho.common
Expected: æ¢µè’‚å†ˆ
     got: 梵蒂冈
 ; [cca2=VA].translations.zho.official
Expected: æ¢µè’‚å†ˆåŸŽå›½
     got: 梵蒂冈城国
 ; [cca2=ER].altSpellings[]
Expected: áˆƒáŒˆáˆ¨ áŠ¤áˆ­á‰µáˆ«
     but none found
 ; [cca2=ER].altSpellings[]
Expected: Ê¾ErtrÄ�
     but none found
 ; [cca2=ER].altSpellings[]
Expected: Dawlat IritriyÃ¡
     but none found
 ; [cca2=ER].altSpellings[]
Expected: IritriyÄ�
     but none found
 ; [cca2=ER].altSpellings[]
Unexpected: Iritriyā
 ; [cca2=ER].altSpellings[]
Unexpected: ʾErtrā
 ; [cca2=ER].altSpellings[]
Unexpected: Dawlat Iritriyá
 ; [cca2=ER].altSpellings[]
Unexpected: ሃገረ ኤርትራ
 ; [cca2=ER].demonyms.fra.f
Expected: Ã‰rythrÃ©enne
     got: Érythréenne
 ; [cca2=ER].demonyms.fra.m
Expected: Ã‰rythrÃ©en
     got: Érythréen
 ; [cca2=ER].flag
Expected: ðŸ‡ªðŸ‡·
     got: 🇪🇷
 ; [cca2=ER].flags.alt
Expected: The flag of Eritrea comprises three triangles â€” a large red isosceles triangle with its base spanning the hoist end and its apex at the midpoint on the fly end, and a green and blue right-angled triangle above and beneath the red triangle. On the hoist side of the red triangle is a golden vertical olive branch encircled by a golden olive wreath.
     got: The flag of Eritrea comprises three triangles — a large red isosceles triangle with its base spanning the hoist end and its apex at the midpoint on the fly end, and a green and blue right-angled triangle above and beneath the red triangle. On the hoist side of the red triangle is a golden vertical olive branch encircled by a golden olive wreath.
 ; [cca2=ER].name.nativeName.ara.common
Expected: Ø¥Ø±ØªØ±ÙŠØ§â€Ž
     got: إرتريا‎
 ; [cca2=ER].name.nativeName.ara.official
Expected: Ø¯ÙˆÙ„Ø© Ø¥Ø±ØªØ±ÙŠØ§
     got: دولة إرتريا
 ; [cca2=ER].name.nativeName.tir.common
Expected: áŠ¤áˆ­á‰µáˆ«
     got: ኤርትራ
 ; [cca2=ER].name.nativeName.tir.official
Expected: áˆƒáŒˆáˆ¨ áŠ¤áˆ­á‰µáˆ«
     got: ሃገረ ኤርትራ
 ; [cca2=ER].translations.ara.common
Expected: Ø¥Ø±ÙŠØªØ±ÙŠØ§
     got: إريتريا
 ; [cca2=ER].translations.ara.official
Expected: Ø¯ÙˆÙ„Ø© Ø¥Ø±ÙŠØªØ±ÙŠØ§
     got: دولة إريتريا
 ; [cca2=ER].translations.ces.official
Expected: StÃ¡t Eritrea
     got: Stát Eritrea
 ; [cca2=ER].translations.fra.common
Expected: Ã‰rythrÃ©e
     got: Érythrée
 ; [cca2=ER].translations.fra.official
Expected: Ã‰tat d&apos;Ã‰rythrÃ©e
     got: État d&apos;Érythrée
 ; [cca2=ER].translations.hrv.official
Expected: DrÅ¾ava Eritreji
     got: Država Eritreji
 ; [cca2=ER].translations.jpn.common
Expected: ã‚¨ãƒªãƒˆãƒªã‚¢
     got: エリトリア
 ; [cca2=ER].translations.jpn.official
Expected: ã‚¨ãƒªãƒˆãƒªã‚¢å›½
     got: エリトリア国
 ; [cca2=ER].translations.kor.common
Expected: ì—�ë¦¬íŠ¸ë ˆì•„
     got: 에리트레아
 ; [cca2=ER].translations.kor.official
Expected: ì—�ë¦¬íŠ¸ë ˆì•„êµ­
     got: 에리트레아국
 ; [cca2=ER].translations.per.common
Expected: Ø§Ø±ÛŒØªØ±Ù‡
     got: اریتره
 ; [cca2=ER].translations.per.official
Expected: Ø¬Ù…Ù‡ÙˆØ±ÛŒ Ø§Ø±ÛŒØªØ±Ù‡
     got: جمهوری اریتره
 ; [cca2=ER].translations.pol.official
Expected: PaÅ„stwo Erytrea
     got: Państwo Erytrea
 ; [cca2=ER].translations.rus.common
Expected: Ð­Ñ€Ð¸Ñ‚Ñ€ÐµÑ�
     got: Эритрея
 ; [cca2=ER].translations.rus.official
Expected: Ð“Ð¾Ñ�ÑƒÐ´Ð°Ñ€Ñ�Ñ‚Ð²Ð¾ Ð­Ñ€Ð¸Ñ‚Ñ€ÐµÑ�
     got: Государство Эритрея
 ; [cca2=ER].translations.slk.official
Expected: EritrejskÃ½ Å¡tÃ¡t
     got: Eritrejský štát
 ; [cca2=ER].translations.srp.common
Expected: Ð•Ñ€Ð¸Ñ‚Ñ€ÐµÑ˜Ð°
     got: Еритреја
 ; [cca2=ER].translations.srp.official
Expected: Ð”Ñ€Ð¶Ð°Ð²Ð° Ð•Ñ€Ð¸Ñ‚Ñ€ÐµÑ˜Ð°
     got: Држава Еритреја
 ; [cca2=ER].translations.urd.common
Expected: Ø§Ø±ØªØ±ÛŒØ§
     got: ارتریا
 ; [cca2=ER].translations.urd.official
Expected: Ø±ÛŒØ§Ø³ØªÙ� Ø§Ø±ØªØ±ÛŒØ§
     got: ریاستِ ارتریا
 ; [cca2=ER].translations.zho.common
Expected: åŽ„ç«‹ç‰¹é‡Œäºš
     got: 厄立特里亚
 ; [cca2=ER].translations.zho.official
Expected: åŽ„ç«‹ç‰¹é‡Œäºš
     got: 厄立特里亚
 ; [cca2=VC].flag
Expected: ðŸ‡»ðŸ‡¨
     got: 🇻🇨
 ; [cca2=VC].translations.ara.common
Expected: Ø³Ø§Ù†Øª Ù�ÙŠÙ†Ø³Ù†Øª ÙˆØ§Ù„ØºØ±ÙŠÙ†Ø§Ø¯ÙŠÙ†
     got: سانت فينسنت والغرينادين
 ; [cca2=VC].translations.ara.official
Expected: Ø³Ø§Ù†Øª Ù�ÙŠÙ†Ø³Ù†Øª ÙˆØ§Ù„ØºØ±ÙŠÙ†Ø§Ø¯ÙŠÙ†
     got: سانت فينسنت والغرينادين
 ; [cca2=VC].translations.ces.common
Expected: SvatÃ½ Vincenc a Grenadiny
     got: Svatý Vincenc a Grenadiny
 ; [cca2=VC].translations.ces.official
Expected: SvatÃ½ Vincenc a Grenadiny
     got: Svatý Vincenc a Grenadiny
 ; [cca2=VC].translations.hun.common
Expected: Saint Vincent Ã©s a Grenadine-szigetek
     got: Saint Vincent és a Grenadine-szigetek
 ; [cca2=VC].translations.hun.official
Expected: Saint Vincent Ã©s a Grenadine-szigetek
     got: Saint Vincent és a Grenadine-szigetek
 ; [cca2=VC].translations.jpn.common
Expected: ã‚»ãƒ³ãƒˆãƒ“ãƒ³ã‚»ãƒ³ãƒˆã�Šã‚ˆã�³ã‚°ãƒ¬ãƒŠãƒ‡ã‚£ãƒ¼ãƒ³è«¸å³¶
     got: セントビンセントおよびグレナディーン諸島
 ; [cca2=VC].translations.jpn.official
Expected: ã‚»ãƒ³ãƒˆãƒ“ãƒ³ã‚»ãƒ³ãƒˆã�Šã‚ˆã�³ã‚°ãƒ¬ãƒŠãƒ‡ã‚£ãƒ¼ãƒ³è«¸å³¶
     got: セントビンセントおよびグレナディーン諸島
 ; [cca2=VC].translations.kor.common
Expected: ì„¸ì�¸íŠ¸ë¹ˆì„¼íŠ¸ ê·¸ë ˆë‚˜ë”˜
     got: 세인트빈센트 그레나딘
 ; [cca2=VC].translations.kor.official
Expected: ì„¸ì�¸íŠ¸ë¹ˆì„¼íŠ¸ ê·¸ë ˆë‚˜ë”˜
     got: 세인트빈센트 그레나딘
 ; [cca2=VC].translations.per.common
Expected: Ø³Ù†Øª ÙˆÛŒÙ†Ø³Ù†Øª Ùˆ Ú¯Ø±Ù†Ø§Ø¯ÛŒÙ†â€ŒÙ‡Ø§
     got: سنت وینسنت و گرنادین‌ها
 ; [cca2=VC].translations.per.official
Expected: Ø³Ù†Øª ÙˆÛŒÙ†Ø³Ù†Øª Ùˆ Ú¯Ø±Ù†Ø§Ø¯ÛŒÙ†â€ŒÙ‡Ø§
     got: سنت وینسنت و گرنادین‌ها
 ; [cca2=VC].translations.por.common
Expected: SÃ£o Vincente e Granadinas
     got: São Vincente e Granadinas
 ; [cca2=VC].translations.por.official
Expected: SÃ£o Vicente e Granadinas
     got: São Vicente e Granadinas
 ; [cca2=VC].translations.rus.common
Expected: Ð¡ÐµÐ½Ñ‚-Ð’Ð¸Ð½Ñ�ÐµÐ½Ñ‚ Ð¸ Ð“Ñ€ÐµÐ½Ð°Ð´Ð¸Ð½Ñ‹
     got: Сент-Винсент и Гренадины
 ; [cca2=VC].translations.rus.official
Expected: Ð¡ÐµÐ½Ñ‚-Ð’Ð¸Ð½Ñ�ÐµÐ½Ñ‚ Ð¸ Ð“Ñ€ÐµÐ½Ð°Ð´Ð¸Ð½Ñ‹
     got: Сент-Винсент и Гренадины
 ; [cca2=VC].translations.slk.common
Expected: SvÃ¤tÃ½ Vincent a GrenadÃ­ny
     got: Svätý Vincent a Grenadíny
 ; [cca2=VC].translations.slk.official
Expected: SvÃ¤tÃ½ Vincent a GrenadÃ­ny
     got: Svätý Vincent a Grenadíny
 ; [cca2=VC].translations.srp.common
Expected: Ð¡Ð²ÐµÑ‚Ð¸ Ð’Ð¸Ð½Ñ�ÐµÐ½Ñ‚ Ð¸ Ð“Ñ€ÐµÐ½Ð°Ð´Ð¸Ð½Ð¸
     got: Свети Винсент и Гренадини
 ; [cca2=VC].translations.srp.official
Expected: Ð¡Ð²ÐµÑ‚Ð¸ Ð’Ð¸Ð½Ñ�ÐµÐ½Ñ‚ Ð¸ Ð“Ñ€ÐµÐ½Ð°Ð´Ð¸Ð½Ð¸
     got: Свети Винсент и Гренадини
 ; [cca2=VC].translations.urd.common
Expected: Ø³ÛŒÙ†Ù¹ ÙˆÛŒÙ†Ø³ÛŒÙ†Ù¹ Ùˆ Ú¯Ø±ÛŒÙ†Ø§ÚˆØ§Ø¦Ù†Ø²
     got: سینٹ وینسینٹ و گریناڈائنز
 ; [cca2=VC].translations.urd.official
Expected: Ø³ÛŒÙ†Ù¹ ÙˆÛŒÙ†Ø³ÛŒÙ†Ù¹ Ùˆ Ú¯Ø±ÛŒÙ†Ø§ÚˆØ§Ø¦Ù†Ø²
     got: سینٹ وینسینٹ و گریناڈائنز
 ; [cca2=VC].translations.zho.common
Expected: åœ£æ–‡æ£®ç‰¹å’Œæ ¼æž—çº³ä¸�æ–¯
     got: 圣文森特和格林纳丁斯
 ; [cca2=VC].translations.zho.official
Expected: åœ£æ–‡æ£®ç‰¹å’Œæ ¼æž—çº³ä¸�æ–¯
     got: 圣文森特和格林纳丁斯
 ; [cca2=ES].altSpellings[]
Expected: Reino de EspaÃ±a
     but none found
 ; [cca2=ES].altSpellings[]
Unexpected: Reino de España
 ; [cca2=ES].currencies.EUR.symbol
Expected: â‚¬
     got: €
 ; [cca2=ES].flag
Expected: ðŸ‡ªðŸ‡¸
     got: 🇪🇸
 ; [cca2=ES].name.nativeName.spa.common
Expected: EspaÃ±a
     got: España
 ; [cca2=ES].name.nativeName.spa.official
Expected: Reino de EspaÃ±a
     got: Reino de España
 ; [cca2=ES].translations.ara.common
Expected: Ø¥Ø³Ø¨Ø§Ù†ÙŠØ§
     got: إسبانيا
 ; [cca2=ES].translations.ara.official
Expected: Ù…Ù…Ù„ÙƒØ© Ø¥Ø³Ø¨Ø§Ù†ÙŠØ§
     got: مملكة إسبانيا
 ; [cca2=ES].translations.ces.common
Expected: Å panÄ›lsko
     got: Španělsko
 ; [cca2=ES].translations.ces.official
Expected: Å panÄ›lskÃ© krÃ¡lovstvÃ­
     got: Španělské království
 ; [cca2=ES].translations.deu.official
Expected: KÃ¶nigreich Spanien
     got: Königreich Spanien
 ; [cca2=ES].translations.hrv.common
Expected: Å panjolska
     got: Španjolska
 ; [cca2=ES].translations.hrv.official
Expected: Kraljevina Å panjolska
     got: Kraljevina Španjolska
 ; [cca2=ES].translations.hun.common
Expected: SpanyolorszÃ¡g
     got: Spanyolország
 ; [cca2=ES].translations.hun.official
Expected: Spanyol KirÃ¡lysÃ¡g
     got: Spanyol Királyság
 ; [cca2=ES].translations.jpn.common
Expected: ã‚¹ãƒšã‚¤ãƒ³
     got: スペイン
 ; [cca2=ES].translations.jpn.official
Expected: ã‚¹ãƒšã‚¤ãƒ³çŽ‹å›½
     got: スペイン王国
 ; [cca2=ES].translations.kor.common
Expected: ìŠ¤íŽ˜ì�¸
     got: 스페인
 ; [cca2=ES].translations.kor.official
Expected: ì—�ìŠ¤íŒŒëƒ� ì™•êµ­
     got: 에스파냐 왕국
 ; [cca2=ES].translations.per.common
Expected: Ø§Ø³Ù¾Ø§Ù†ÛŒØ§
     got: اسپانیا
 ; [cca2=ES].translations.per.official
Expected: Ù¾Ø§Ø¯Ø´Ø§Ù‡ÛŒ Ø§Ø³Ù¾Ø§Ù†ÛŒØ§
     got: پادشاهی اسپانیا
 ; [cca2=ES].translations.pol.official
Expected: KrÃ³lestwo Hiszpanii 
     got: Królestwo Hiszpanii 
 ; [cca2=ES].translations.rus.common
Expected: Ð˜Ñ�Ð¿Ð°Ð½Ð¸Ñ�
     got: Испания
 ; [cca2=ES].translations.rus.official
Expected: ÐšÐ¾Ñ€Ð¾Ð»ÐµÐ²Ñ�Ñ‚Ð²Ð¾ Ð˜Ñ�Ð¿Ð°Ð½Ð¸Ñ�
     got: Королевство Испания
 ; [cca2=ES].translations.slk.common
Expected: Å panielsko
     got: Španielsko
 ; [cca2=ES].translations.slk.official
Expected: Å panielske krÃ¡Ä¾ovstvo
     got: Španielske kráľovstvo
 ; [cca2=ES].translations.spa.common
Expected: EspaÃ±a
     got: España
 ; [cca2=ES].translations.spa.official
Expected: Reino de EspaÃ±a
     got: Reino de España
 ; [cca2=ES].translations.srp.common
Expected: Ð¨Ð¿Ð°Ð½Ð¸Ñ˜Ð°
     got: Шпанија
 ; [cca2=ES].translations.srp.official
Expected: ÐšÑ€Ð°Ñ™ÐµÐ²Ð¸Ð½Ð° Ð¨Ð¿Ð°Ð½Ð¸Ñ˜Ð°
     got: Краљевина Шпанија
 ; [cca2=ES].translations.tur.common
Expected: Ä°spanya
     got: İspanya
 ; [cca2=ES].translations.tur.official
Expected: Ä°spanya KrallÄ±ÄŸÄ±
     got: İspanya Krallığı
 ; [cca2=ES].translations.urd.common
Expected: Û�Ø³Ù¾Ø§Ù†ÛŒÛ�
     got: ہسپانیہ
 ; [cca2=ES].translations.urd.official
Expected: Ù…Ù…Ù„Ú©ØªÙ� Û�Ø³Ù¾Ø§Ù†ÛŒÛ�
     got: مملکتِ ہسپانیہ
 ; [cca2=ES].translations.zho.common
Expected: è¥¿ç�­ç‰™
     got: 西班牙
 ; [cca2=ES].translations.zho.official
Expected: è¥¿ç�­ç‰™çŽ‹å›½
     got: 西班牙王国
 ; [cca2=VE].altSpellings[]
Expected: RepÃºblica Bolivariana de Venezuela
     but none found
 ; [cca2=VE].altSpellings[]
Unexpected: República Bolivariana de Venezuela
 ; [cca2=VE].currencies.VES.name
Expected: Venezuelan bolÃ­var soberano
     got: Venezuelan bolívar soberano
 ; [cca2=VE].demonyms.fra.f
Expected: VÃ©nÃ©zuÃ©lienne
     got: Vénézuélienne
 ; [cca2=VE].demonyms.fra.m
Expected: VÃ©nÃ©zuÃ©lien
     got: Vénézuélien
 ; [cca2=VE].flag
Expected: ðŸ‡»ðŸ‡ª
     got: 🇻🇪
 ; [cca2=VE].name.nativeName.spa.official
Expected: RepÃºblica Bolivariana de Venezuela
     got: República Bolivariana de Venezuela
 ; [cca2=VE].translations.ara.common
Expected: Ù�Ù†Ø²ÙˆÙŠÙ„Ø§
     got: فنزويلا
 ; [cca2=VE].translations.ara.official
Expected: Ø¬Ù…Ù‡ÙˆØ±ÙŠØ© Ù�Ù†Ø²ÙˆÙŠÙ„Ø§ Ø§Ù„Ø¨ÙˆÙ„ÙŠÙ�Ø§Ø±ÙŠØ©
     got: جمهورية فنزويلا البوليفارية
 ; [cca2=VE].translations.ces.official
Expected: BolÃ­varskÃ¡ republika Venezuela
     got: Bolívarská republika Venezuela
 ; [cca2=VE].translations.est.official
Expected: Venezuela BolÃ­vari Vabariik
     got: Venezuela Bolívari Vabariik
 ; [cca2=VE].translations.fra.official
Expected: RÃ©publique bolivarienne du Venezuela
     got: République bolivarienne du Venezuela
 ; [cca2=VE].translations.hun.official
Expected: Venezuelai BolivÃ¡ri KÃ¶ztÃ¡rsasÃ¡g
     got: Venezuelai Bolivári Köztársaság
 ; [cca2=VE].translations.jpn.common
Expected: ãƒ™ãƒ�ã‚ºã‚¨ãƒ©ãƒ»ãƒœãƒªãƒ�ãƒ«å…±å’Œå›½
     got: ベネズエラ・ボリバル共和国
 ; [cca2=VE].translations.jpn.official
Expected: ãƒ™ãƒ�ã‚ºã‚¨ãƒ©Â·ãƒœãƒªãƒ�ãƒ«å…±å’Œå›½
     got: ベネズエラ·ボリバル共和国
 ; [cca2=VE].translations.kor.common
Expected: ë² ë„¤ìˆ˜ì—˜ë�¼
     got: 베네수엘라
 ; [cca2=VE].translations.kor.official
Expected: ë² ë„¤ìˆ˜ì—˜ë�¼ ë³¼ë¦¬ë°”ë¥´ ê³µí™”êµ­
     got: 베네수엘라 볼리바르 공화국
 ; [cca2=VE].translations.per.common
Expected: ÙˆÙ†Ø²ÙˆØ¦Ù„Ø§
     got: ونزوئلا
 ; [cca2=VE].translations.per.official
Expected: Ø¬Ù…Ù‡ÙˆØ±ÛŒ Ø¨ÙˆÙ„ÛŒÙˆØ§Ø±ÛŒ ÙˆÙ†Ø²ÙˆØ¦Ù„Ø§
     got: جمهوری بولیواری ونزوئلا
 ; [cca2=VE].translations.pol.official
Expected: BoliwariaÅ„ska Republika Wenezueli
     got: Boliwariańska Republika Wenezueli
 ; [cca2=VE].translations.por.official
Expected: RepÃºblica Bolivariana da Venezuela
     got: República Bolivariana da Venezuela
 ; [cca2=VE].translations.rus.common
Expected: Ð’ÐµÐ½ÐµÑ�ÑƒÑ�Ð»Ð°
     got: Венесуэла
 ; [cca2=VE].translations.rus.official
Expected: Ð‘Ð¾Ð»Ð¸Ð²Ð°Ñ€Ð¸Ð°Ð½Ñ�ÐºÐ°Ñ� Ð ÐµÑ�Ð¿ÑƒÐ±Ð»Ð¸ÐºÐ° Ð’ÐµÐ½ÐµÑ�ÑƒÑ�Ð»Ð°
     got: Боливарианская Республика Венесуэла
 ; [cca2=VE].translations.slk.official
Expected: VenezuelskÃ¡ bolÃ­varovskÃ¡ republika
     got: Venezuelská bolívarovská republika
 ; [cca2=VE].translations.spa.official
Expected: RepÃºblica Bolivariana de Venezuela
     got: República Bolivariana de Venezuela
 ; [cca2=VE].translations.srp.common
Expected: Ð’ÐµÐ½ÐµÑ†ÑƒÐµÐ»Ð°
     got: Венецуела
 ; [cca2=VE].translations.srp.official
Expected: Ð‘Ð¾Ð»Ð¸Ð²Ð°Ñ€Ñ�ÐºÐ° Ð ÐµÐ¿ÑƒÐ±Ð»Ð¸ÐºÐ° Ð’ÐµÐ½ÐµÑ†ÑƒÐµÐ»Ð°
     got: Боливарска Република Венецуела
 ; [cca2=VE].translations.tur.official
Expected: BolivarcÄ± Venezuela Cumhuriyeti
     got: Bolivarcı Venezuela Cumhuriyeti
 ; [cca2=VE].translations.urd.common
Expected: ÙˆÛŒÙ†ÛŒØ²ÙˆÛŒÙ„Ø§
     got: وینیزویلا
 ; [cca2=VE].translations.urd.official
Expected: Ø¬Ù…Û�ÙˆØ±ÛŒÛ� ÙˆÛŒÙ†ÛŒØ²ÙˆÛŒÙ„Ø§
     got: جمہوریہ وینیزویلا
 ; [cca2=VE].translations.zho.common
Expected: å§”å†…ç‘žæ‹‰
     got: 委内瑞拉
 ; [cca2=VE].translations.zho.official
Expected: å§”å†…ç‘žæ‹‰çŽ»åˆ©ç“¦å°”å…±å’Œå›½
     got: 委内瑞拉玻利瓦尔共和国
 ; [cca2=ET].altSpellings[]
Expected: á‹¨áŠ¢á‰µá‹®áŒµá‹« á�Œá‹´áˆ«áˆ‹á‹Š á‹²áˆžáŠ­áˆ«áˆ²á‹«á‹Š áˆªá��á‰¥áˆŠáŠ­
     but none found
 ; [cca2=ET].altSpellings[]
Expected: Ê¾ÄªtyÅ�á¹—á¹—yÄ�
     but none found
 ; [cca2=ET].altSpellings[]
Unexpected: ʾĪtyōṗṗyā
 ; [cca2=ET].altSpellings[]
Unexpected: የኢትዮጵያ ፌዴራላዊ ዲሞክራሲያዊ ሪፐብሊክ
 ; [cca2=ET].demonyms.fra.f
Expected: Ã‰thiopienne
     got: Éthiopienne
 ; [cca2=ET].demonyms.fra.m
Expected: Ã‰thiopien
     got: Éthiopien
 ; [cca2=ET].flag
Expected: ðŸ‡ªðŸ‡¹
     got: 🇪🇹
 ; [cca2=ET].name.nativeName.amh.common
Expected: áŠ¢á‰µá‹®áŒµá‹«
     got: ኢትዮጵያ
 ; [cca2=ET].name.nativeName.amh.official
Expected: á‹¨áŠ¢á‰µá‹®áŒµá‹« á�Œá‹´áˆ«áˆ‹á‹Š á‹²áˆžáŠ­áˆ«áˆ²á‹«á‹Š áˆªá��á‰¥áˆŠáŠ­
     got: የኢትዮጵያ ፌዴራላዊ ዲሞክራሲያዊ ሪፐብሊክ
 ; [cca2=ET].translations.ara.common
Expected: Ø¥Ø«ÙŠÙˆØ¨ÙŠØ§
     got: إثيوبيا
 ; [cca2=ET].translations.ara.official
Expected: Ø¬Ù…Ù‡ÙˆØ±ÙŠØ© Ø¥Ø«ÙŠÙˆØ¨ÙŠØ§ Ø§Ù„Ù�Ø¯Ø±Ø§Ù„ÙŠØ© Ø§Ù„Ø¯ÙŠÙ…ÙˆÙ‚Ø±Ø§Ø·ÙŠØ©
     got: جمهورية إثيوبيا الفدرالية الديموقراطية
 ; [cca2=ET].translations.ces.official
Expected: EtiopskÃ¡ federativnÃ­ demokratickÃ¡ republika
     got: Etiopská federativní demokratická republika
 ; [cca2=ET].translations.deu.common
Expected: Ã„thiopien
     got: Äthiopien
 ; [cca2=ET].translations.deu.official
Expected: Demokratische Bundesrepublik Ã„thiopien
     got: Demokratische Bundesrepublik Äthiopien
 ; [cca2=ET].translations.fra.common
Expected: Ã‰thiopie
     got: Éthiopie
 ; [cca2=ET].translations.fra.official
Expected: RÃ©publique fÃ©dÃ©rale dÃ©mocratique d&apos;Ã‰thiopie
     got: République fédérale démocratique d&apos;Éthiopie
 ; [cca2=ET].translations.hun.common
Expected: EtiÃ³pia
     got: Etiópia
 ; [cca2=ET].translations.hun.official
Expected: EtiÃ³p SzÃ¶vetsÃ©gi Demokratikus KÃ¶ztÃ¡rsasÃ¡g
     got: Etióp Szövetségi Demokratikus Köztársaság
 ; [cca2=ET].translations.jpn.common
Expected: ã‚¨ãƒ�ã‚ªãƒ”ã‚¢
     got: エチオピア
 ; [cca2=ET].translations.jpn.official
Expected: ã‚¨ãƒ�ã‚ªãƒ”ã‚¢é€£é‚¦æ°‘ä¸»å…±å’Œå›½
     got: エチオピア連邦民主共和国
 ; [cca2=ET].translations.kor.common
Expected: ì—�í‹°ì˜¤í”¼ì•„
     got: 에티오피아
 ; [cca2=ET].translations.kor.official
Expected: ì—�í‹°ì˜¤í”¼ì•„ ì—°ë°© ë¯¼ì£¼ ê³µí™”êµ­
     got: 에티오피아 연방 민주 공화국
 ; [cca2=ET].translations.nld.common
Expected: EthiopiÃ«
     got: Ethiopië
 ; [cca2=ET].translations.nld.official
Expected: Federale Democratische Republiek EthiopiÃ«
     got: Federale Democratische Republiek Ethiopië
 ; [cca2=ET].translations.per.common
Expected: Ø§Ù�ØªÛŒÙˆÙ¾ÛŒ
     got: اِتیوپی
 ; [cca2=ET].translations.per.official
Expected: Ø¬Ù…Ù‡ÙˆØ±ÛŒ Ù�Ø¯Ø±Ø§Ù„ Ø¯Ù…ÙˆÚ©Ø±Ø§ØªÛŒÚ© Ø§ØªÛŒÙˆÙ¾ÛŒ
     got: جمهوری فدرال دموکراتیک اتیوپی
 ; [cca2=ET].translations.por.common
Expected: EtiÃ³pia
     got: Etiópia
 ; [cca2=ET].translations.por.official
Expected: RepÃºblica Federal DemocrÃ¡tica da EtiÃ³pia
     got: República Federal Democrática da Etiópia
 ; [cca2=ET].translations.rus.common
Expected: Ð­Ñ„Ð¸Ð¾Ð¿Ð¸Ñ�
     got: Эфиопия
 ; [cca2=ET].translations.rus.official
Expected: Ð¤ÐµÐ´ÐµÑ€Ð°Ñ‚Ð¸Ð²Ð½Ð°Ñ� Ð”ÐµÐ¼Ð¾ÐºÑ€Ð°Ñ‚Ð¸Ñ‡ÐµÑ�ÐºÐ°Ñ� Ð ÐµÑ�Ð¿ÑƒÐ±Ð»Ð¸ÐºÐ° Ð­Ñ„Ð¸Ð¾Ð¿Ð¸Ñ�
     got: Федеративная Демократическая Республика Эфиопия
 ; [cca2=ET].translations.slk.common
Expected: EtiÃ³pia
     got: Etiópia
 ; [cca2=ET].translations.slk.official
Expected: EtiÃ³pska federatÃ­vna demokratickÃ¡ republika
     got: Etiópska federatívna demokratická republika
 ; [cca2=ET].translations.spa.common
Expected: EtiopÃ­a
     got: Etiopía
 ; [cca2=ET].translations.spa.official
Expected: RepÃºblica DemocrÃ¡tica Federal de EtiopÃ­a
     got: República Democrática Federal de Etiopía
 ; [cca2=ET].translations.srp.common
Expected: Ð•Ñ‚Ð¸Ð¾Ð¿Ð¸Ñ˜Ð°
     got: Етиопија
 ; [cca2=ET].translations.srp.official
Expected: Ð¡Ð°Ð²ÐµÐ·Ð½Ð° Ð”ÐµÐ¼Ð¾ÐºÑ€Ð°Ñ‚Ñ�ÐºÐ° Ð ÐµÐ¿ÑƒÐ±Ð»Ð¸ÐºÐ° Ð•Ñ‚Ð¸Ð¾Ð¿Ð¸Ñ˜Ð°
     got: Савезна Демократска Република Етиопија
 ; [cca2=ET].translations.swe.official
Expected: Demokratiska fÃ¶rbundsrepubliken Etiopien
     got: Demokratiska förbundsrepubliken Etiopien
 ; [cca2=ET].translations.urd.common
Expected: Ø§ÛŒØªÚ¾ÙˆÙ¾ÛŒØ§
     got: ایتھوپیا
 ; [cca2=ET].translations.urd.official
Expected: ÙˆÙ�Ø§Ù‚ÛŒ Ø¬Ù…Û�ÙˆØ±ÛŒ Ø¬Ù…Û�ÙˆØ±ÛŒÛ� Ø§ÛŒØªÚ¾ÙˆÙ¾ÛŒØ§
     got: وفاقی جمہوری جمہوریہ ایتھوپیا
 ; [cca2=ET].translations.zho.common
Expected: åŸƒå¡žä¿„æ¯”äºš
     got: 埃塞俄比亚
 ; [cca2=ET].translations.zho.official
Expected: åŸƒå¡žä¿„æ¯”äºšè�”é‚¦æ°‘ä¸»å…±å’Œå›½
     got: 埃塞俄比亚联邦民主共和国
 ; [cca2=VG].flag
Expected: ðŸ‡»ðŸ‡¬
     got: 🇻🇬
 ; [cca2=VG].translations.ara.common
Expected: Ø¬Ø²Ø± Ø§Ù„Ø¹Ø°Ø±Ø§Ø¡
     got: جزر العذراء
 ; [cca2=VG].translations.ara.official
Expected: Ø¬Ø²Ø± Ø§Ù„Ø¹Ø°Ø±Ø§Ø¡ Ø§Ù„Ø¨Ø±ÙŠØ·Ø§Ù†ÙŠØ©
     got: جزر العذراء البريطانية
 ; [cca2=VG].translations.ces.common
Expected: BritskÃ© PanenskÃ© ostrovy
     got: Britské Panenské ostrovy
 ; [cca2=VG].translations.ces.official
Expected: BritskÃ© PanenskÃ© ostrovy
     got: Britské Panenské ostrovy
 ; [cca2=VG].translations.fin.official
Expected: BrittilÃ¤iset Neitsytsaaret
     got: Brittiläiset Neitsytsaaret
 ; [cca2=VG].translations.fra.common
Expected: ÃŽles Vierges britanniques
     got: Îles Vierges britanniques
 ; [cca2=VG].translations.fra.official
Expected: Ã®les Vierges
     got: îles Vierges
 ; [cca2=VG].translations.hrv.common
Expected: Britanski DjeviÄ�anski Otoci
     got: Britanski Djevičanski Otoci
 ; [cca2=VG].translations.hrv.official
Expected: DjeviÄ�anski Otoci
     got: Djevičanski Otoci
 ; [cca2=VG].translations.jpn.common
Expected: ã‚¤ã‚®ãƒªã‚¹é ˜ãƒ´ã‚¡ãƒ¼ã‚¸ãƒ³è«¸å³¶
     got: イギリス領ヴァージン諸島
 ; [cca2=VG].translations.jpn.official
Expected: ãƒ�ãƒ¼ã‚¸ãƒ³è«¸å³¶
     got: バージン諸島
 ; [cca2=VG].translations.kor.common
Expected: ì˜�êµ­ë ¹ ë²„ì§„ì•„ì�¼ëžœë“œ
     got: 영국령 버진아일랜드
 ; [cca2=VG].translations.kor.official
Expected: ì˜�êµ­ë ¹ ë²„ì§„ì•„ì�¼ëžœë“œ
     got: 영국령 버진아일랜드
 ; [cca2=VG].translations.per.common
Expected: Ø¬Ø²Ø§ÛŒØ± ÙˆÛŒØ±Ø¬ÛŒÙ† Ø¨Ø±ÛŒØªØ§Ù†ÛŒØ§
     got: جزایر ویرجین بریتانیا
 ; [cca2=VG].translations.per.official
Expected: Ø¬Ø²Ø§ÛŒØ± ÙˆÛŒØ±Ø¬ÛŒÙ† Ø¨Ø±ÛŒØªØ§Ù†ÛŒØ§
     got: جزایر ویرجین بریتانیا
 ; [cca2=VG].translations.rus.common
Expected: Ð‘Ñ€Ð¸Ñ‚Ð°Ð½Ñ�ÐºÐ¸Ðµ Ð’Ð¸Ñ€Ð³Ð¸Ð½Ñ�ÐºÐ¸Ðµ Ð¾Ñ�Ñ‚Ñ€Ð¾Ð²Ð°
     got: Британские Виргинские острова
 ; [cca2=VG].translations.rus.official
Expected: Ð’Ð¸Ñ€Ð³Ð¸Ð½Ñ�ÐºÐ¸Ðµ Ð¾Ñ�Ñ‚Ñ€Ð¾Ð²Ð°
     got: Виргинские острова
 ; [cca2=VG].translations.slk.common
Expected: PanenskÃ© ostrovy
     got: Panenské ostrovy
 ; [cca2=VG].translations.slk.official
Expected: PanenskÃ© ostrovy
     got: Panenské ostrovy
 ; [cca2=VG].translations.spa.common
Expected: Islas VÃ­rgenes del Reino Unido
     got: Islas Vírgenes del Reino Unido
 ; [cca2=VG].translations.spa.official
Expected: Islas VÃ­rgenes
     got: Islas Vírgenes
 ; [cca2=VG].translations.srp.common
Expected: Ð‘Ñ€Ð¸Ñ‚Ð°Ð½Ñ�ÐºÐ° Ð”ÐµÐ²Ð¸Ñ‡Ð°Ð½Ñ�ÐºÐ° ÐžÑ�Ñ‚Ñ€Ð²Ð°
     got: Британска Девичанска Острва
 ; [cca2=VG].translations.srp.official
Expected: Ð‘Ñ€Ð¸Ñ‚Ð°Ð½Ñ�ÐºÐ° Ð”ÐµÐ²Ð¸Ñ‡Ð°Ð½Ñ�ÐºÐ° ÐžÑ�Ñ‚Ñ€Ð²Ð°
     got: Британска Девичанска Острва
 ; [cca2=VG].translations.swe.common
Expected: Brittiska JungfruÃ¶arna
     got: Brittiska Jungfruöarna
 ; [cca2=VG].translations.swe.official
Expected: Brittiska JungfruÃ¶arna
     got: Brittiska Jungfruöarna
 ; [cca2=VG].translations.tur.common
Expected: Virjin AdalarÄ±
     got: Virjin Adaları
 ; [cca2=VG].translations.tur.official
Expected: Virjin AdalarÄ±
     got: Virjin Adaları
 ; [cca2=VG].translations.urd.common
Expected: Ø¨Ø±Ø·Ø§Ù†ÙˆÛŒ Ø¬Ø²Ø§Ø¦Ø± ÙˆØ±Ø¬Ù†
     got: برطانوی جزائر ورجن
 ; [cca2=VG].translations.urd.official
Expected: Ø¨Ø±Ø·Ø§Ù†ÙˆÛŒ Ø¬Ø²Ø§Ø¦Ø± ÙˆØ±Ø¬Ù†
     got: برطانوی جزائر ورجن
 ; [cca2=VG].translations.zho.common
Expected: è‹±å±žç»´å°”äº¬ç¾¤å²›
     got: 英属维尔京群岛
 ; [cca2=VG].translations.zho.official
Expected: è‹±å±žç»´å°”äº¬ç¾¤å²›
     got: 英属维尔京群岛
 ; [cca2=VI].flag
Expected: ðŸ‡»ðŸ‡®
     got: 🇻🇮
 ; [cca2=VI].translations.ara.common
Expected: Ø¬Ø²Ø± Ø§Ù„Ø¹Ø°Ø±Ø§Ø¡ Ø§Ù„Ø§Ù…Ø±ÙŠÙƒÙŠØ©
     got: جزر العذراء الامريكية
 ; [cca2=VI].translations.ara.official
Expected: Ø¬Ø²Ø± Ø§Ù„Ø¹Ø°Ø±Ø§Ø¡ Ø§Ù„Ø§Ù…Ø±ÙŠÙƒÙŠØ©
     got: جزر العذراء الامريكية
 ; [cca2=VI].translations.bre.common
Expected: Inizi Gwerc&apos;h ar StadoÃ¹-Unanet
     got: Inizi Gwerc&apos;h ar Stadoù-Unanet
 ; [cca2=VI].translations.bre.official
Expected: Inizi Gwerc&apos;h ar StadoÃ¹-Unanet
     got: Inizi Gwerc&apos;h ar Stadoù-Unanet
 ; [cca2=VI].translations.ces.common
Expected: AmerickÃ© PanenskÃ© ostrovy
     got: Americké Panenské ostrovy
 ; [cca2=VI].translations.ces.official
Expected: AmerickÃ© PanenskÃ© ostrovy
     got: Americké Panenské ostrovy
 ; [cca2=VI].translations.est.official
Expected: Ãœhendriikide Neitsisaared
     got: Ühendriikide Neitsisaared
 ; [cca2=VI].translations.fra.common
Expected: ÃŽles Vierges des Ã‰tats-Unis
     got: Îles Vierges des États-Unis
 ; [cca2=VI].translations.fra.official
Expected: ÃŽles Vierges des Ã‰tats-Unis
     got: Îles Vierges des États-Unis
 ; [cca2=VI].translations.hrv.common
Expected: AmeriÄ�ki DjeviÄ�anski Otoci
     got: Američki Djevičanski Otoci
 ; [cca2=VI].translations.hrv.official
Expected: DjeviÄ�anski Otoci SAD
     got: Djevičanski Otoci SAD
 ; [cca2=VI].translations.jpn.common
Expected: ã‚¢ãƒ¡ãƒªã‚«é ˜ãƒ´ã‚¡ãƒ¼ã‚¸ãƒ³è«¸å³¶
     got: アメリカ領ヴァージン諸島
 ; [cca2=VI].translations.jpn.official
Expected: ç±³å›½ã�®ãƒ�ãƒ¼ã‚¸ãƒ³è«¸å³¶
     got: 米国のバージン諸島
 ; [cca2=VI].translations.kor.common
Expected: ë¯¸êµ­ë ¹ ë²„ì§„ì•„ì�¼ëžœë“œ
     got: 미국령 버진아일랜드
 ; [cca2=VI].translations.kor.official
Expected: ë¯¸êµ­ë ¹ ë²„ì§„ì•„ì�¼ëžœë“œ
     got: 미국령 버진아일랜드
 ; [cca2=VI].translations.per.common
Expected: Ø¬Ø²Ø§ÛŒØ± ÙˆÛŒØ±Ø¬ÛŒÙ† Ø§ÛŒØ§Ù„Ø§Øª Ù…ØªØ­Ø¯Ù‡ Ø¢Ù…Ø±ÛŒÚ©Ø§
     got: جزایر ویرجین ایالات متحده آمریکا
 ; [cca2=VI].translations.per.official
Expected: Ø¬Ø²Ø§ÛŒØ± ÙˆÛŒØ±Ø¬ÛŒÙ† Ø§ÛŒØ§Ù„Ø§Øª Ù…ØªØ­Ø¯Ù‡ Ø¢Ù…Ø±ÛŒÚ©Ø§
     got: جزایر ویرجین ایالات متحده آمریکا
 ; [cca2=VI].translations.pol.common
Expected: Wyspy Dziewicze StanÃ³w Zjednoczonych
     got: Wyspy Dziewicze Stanów Zjednoczonych
 ; [cca2=VI].translations.pol.official
Expected: Wyspy Dziewicze StanÃ³w Zjednoczonych
     got: Wyspy Dziewicze Stanów Zjednoczonych
 ; [cca2=VI].translations.rus.common
Expected: Ð’Ð¸Ñ€Ð³Ð¸Ð½Ñ�ÐºÐ¸Ðµ ÐžÑ�Ñ‚Ñ€Ð¾Ð²Ð°
     got: Виргинские Острова
 ; [cca2=VI].translations.rus.official
Expected: Ð’Ð¸Ñ€Ð³Ð¸Ð½Ñ�ÐºÐ¸Ðµ Ð¾Ñ�Ñ‚Ñ€Ð¾Ð²Ð° Ð¡Ð¾ÐµÐ´Ð¸Ð½ÐµÐ½Ð½Ñ‹Ñ… Ð¨Ñ‚Ð°Ñ‚Ð¾Ð²
     got: Виргинские острова Соединенных Штатов
 ; [cca2=VI].translations.slk.common
Expected: AmerickÃ© PanenskÃ© ostrovy
     got: Americké Panenské ostrovy
 ; [cca2=VI].translations.slk.official
Expected: AmerickÃ© PanenskÃ© ostrovy
     got: Americké Panenské ostrovy
 ; [cca2=VI].translations.spa.common
Expected: Islas VÃ­rgenes de los Estados Unidos
     got: Islas Vírgenes de los Estados Unidos
 ; [cca2=VI].translations.spa.official
Expected: Islas VÃ­rgenes de los Estados Unidos
     got: Islas Vírgenes de los Estados Unidos
 ; [cca2=VI].translations.srp.common
Expected: Ð�Ð¼ÐµÑ€Ð¸Ñ‡ÐºÐ° Ð”ÐµÐ²Ð¸Ñ‡Ð°Ð½Ñ�ÐºÐ° ÐžÑ�Ñ‚Ñ€Ð²Ð°
     got: Америчка Девичанска Острва
 ; [cca2=VI].translations.srp.official
Expected: Ð�Ð¼ÐµÑ€Ð¸Ñ‡ÐºÐ° Ð”ÐµÐ²Ð¸Ñ‡Ð°Ð½Ñ�ÐºÐ° ÐžÑ�Ñ‚Ñ€Ð²Ð°
     got: Америчка Девичанска Острва
 ; [cca2=VI].translations.swe.common
Expected: Amerikanska JungfruÃ¶arna
     got: Amerikanska Jungfruöarna
 ; [cca2=VI].translations.swe.official
Expected: Amerikanska JungfruÃ¶arna
     got: Amerikanska Jungfruöarna
 ; [cca2=VI].translations.tur.common
Expected: ABD Virjin AdalarÄ±
     got: ABD Virjin Adaları
 ; [cca2=VI].translations.tur.official
Expected: Amerika BirleÅŸik Devletleri Virjin AdalarÄ±
     got: Amerika Birleşik Devletleri Virjin Adaları
 ; [cca2=VI].translations.urd.common
Expected: Ø§Ù…Ø±ÛŒÚ©ÛŒ Ø¬Ø²Ø§Ø¦Ø± ÙˆØ±Ø¬Ù†
     got: امریکی جزائر ورجن
 ; [cca2=VI].translations.urd.official
Expected: Ø§Ù…Ø±ÛŒÚ©ÛŒ Ø¬Ø²Ø§Ø¦Ø± ÙˆØ±Ø¬Ù†
     got: امریکی جزائر ورجن
 ; [cca2=VI].translations.zho.common
Expected: ç¾Žå±žç»´å°”äº¬ç¾¤å²›
     got: 美属维尔京群岛
 ; [cca2=VI].translations.zho.official
Expected: ç¾Žå±žç»´å°”äº¬ç¾¤å²›
     got: 美属维尔京群岛
 ; [cca2=VN].altSpellings[]
Expected: Cá»™ng hÃ²a XÃ£ há»™i chá»§ nghÄ©a Viá»‡t Nam
     but none found
 ; [cca2=VN].altSpellings[]
Unexpected: Cộng hòa Xã hội chủ nghĩa Việt Nam
 ; [cca2=VN].currencies.VND.name
Expected: Vietnamese Ä‘á»“ng
     got: Vietnamese đồng
 ; [cca2=VN].currencies.VND.symbol
Expected: â‚«
     got: ₫
 ; [cca2=VN].flag
Expected: ðŸ‡»ðŸ‡³
     got: 🇻🇳
 ; [cca2=VN].name.nativeName.vie.common
Expected: Viá»‡t Nam
     got: Việt Nam
 ; [cca2=VN].name.nativeName.vie.official
Expected: Cá»™ng hÃ²a xÃ£ há»™i chá»§ nghÄ©a Viá»‡t Nam
     got: Cộng hòa xã hội chủ nghĩa Việt Nam
 ; [cca2=VN].translations.ara.common
Expected: Ù�ÙŠØªÙ†Ø§Ù…
     got: فيتنام
 ; [cca2=VN].translations.ara.official
Expected: Ø¬Ù…Ù‡ÙˆØ±ÙŠØ© Ù�ÙŠØªÙ†Ø§Ù… Ø§Ù„Ø§Ø´ØªØ±Ø§ÙƒÙŠØ©
     got: جمهورية فيتنام الاشتراكية
 ; [cca2=VN].translations.bre.common
Expected: ViÃªt Nam
     got: Viêt Nam
 ; [cca2=VN].translations.bre.official
Expected: Republik Sokialour ViÃªt Nam
     got: Republik Sokialour Viêt Nam
 ; [cca2=VN].translations.ces.official
Expected: VietnamskÃ¡ socialistickÃ¡ republika
     got: Vietnamská socialistická republika
 ; [cca2=VN].translations.fra.common
Expected: ViÃªt Nam
     got: Viêt Nam
 ; [cca2=VN].translations.fra.official
Expected: RÃ©publique socialiste du ViÃªt Nam
     got: République socialiste du Viêt Nam
 ; [cca2=VN].translations.hrv.official
Expected: SocijalistiÄ�ka Republika Vijetnam
     got: Socijalistička Republika Vijetnam
 ; [cca2=VN].translations.hun.common
Expected: VietnÃ¡m
     got: Vietnám
 ; [cca2=VN].translations.hun.official
Expected: VietnÃ¡mi Szocialista KÃ¶ztÃ¡rsasÃ¡g
     got: Vietnámi Szocialista Köztársaság
 ; [cca2=VN].translations.jpn.common
Expected: ãƒ™ãƒˆãƒŠãƒ 
     got: ベトナム
 ; [cca2=VN].translations.jpn.official
Expected: ãƒ™ãƒˆãƒŠãƒ ç¤¾ä¼šä¸»ç¾©å…±å’Œå›½
     got: ベトナム社会主義共和国
 ; [cca2=VN].translations.kor.common
Expected: ë² íŠ¸ë‚¨
     got: 베트남
 ; [cca2=VN].translations.kor.official
Expected: ë² íŠ¸ë‚¨ ì‚¬íšŒì£¼ì�˜ ê³µí™”êµ­
     got: 베트남 사회주의 공화국
 ; [cca2=VN].translations.per.common
Expected: ÙˆÛŒØªÙ†Ø§Ù…
     got: ویتنام
 ; [cca2=VN].translations.per.official
Expected: Ø¬Ù…Ù‡ÙˆØ±ÛŒ Ø³ÙˆØ³ÛŒØ§Ù„ÛŒØ³ØªÛŒ ÙˆÛŒØªÙ†Ø§Ù…
     got: جمهوری سوسیالیستی ویتنام
 ; [cca2=VN].translations.por.official
Expected: RepÃºblica Socialista do Vietname
     got: República Socialista do Vietname
 ; [cca2=VN].translations.rus.common
Expected: Ð’ÑŒÐµÑ‚Ð½Ð°Ð¼
     got: Вьетнам
 ; [cca2=VN].translations.rus.official
Expected: Ð¡Ð¾Ñ†Ð¸Ð°Ð»Ð¸Ñ�Ñ‚Ð¸Ñ‡ÐµÑ�ÐºÐ°Ñ� Ð ÐµÑ�Ð¿ÑƒÐ±Ð»Ð¸ÐºÐ° Ð’ÑŒÐµÑ‚Ð½Ð°Ð¼
     got: Социалистическая Республика Вьетнам
 ; [cca2=VN].translations.slk.official
Expected: VietnamskÃ¡ socialistickÃ¡ republika
     got: Vietnamská socialistická republika
 ; [cca2=VN].translations.spa.official
Expected: RepÃºblica Socialista de Vietnam
     got: República Socialista de Vietnam
 ; [cca2=VN].translations.srp.common
Expected: Ð’Ð¸Ñ˜ÐµÑ‚Ð½Ð°Ð¼
     got: Вијетнам
 ; [cca2=VN].translations.srp.official
Expected: Ð¡Ð¾Ñ†Ð¸Ñ˜Ð°Ð»Ð¸Ñ�Ñ‚Ð¸Ñ‡ÐºÐ° Ð ÐµÐ¿ÑƒÐ±Ð»Ð¸ÐºÐ° Ð’Ð¸Ñ˜ÐµÑ‚Ð½Ð°Ð¼
     got: Социјалистичка Република Вијетнам
 ; [cca2=VN].translations.urd.common
Expected: ÙˆÛŒØªÙ†Ø§Ù…
     got: ویتنام
 ; [cca2=VN].translations.urd.official
Expected: Ø§Ø´ØªØ±Ø§Ú©ÛŒ Ø¬Ù…Û�ÙˆØ±ÛŒÛ� ÙˆÛŒØªÙ†Ø§Ù…
     got: اشتراکی جمہوریہ ویتنام
 ; [cca2=VN].translations.zho.common
Expected: è¶Šå�—
     got: 越南
 ; [cca2=VN].translations.zho.official
Expected: è¶Šå�—ç¤¾ä¼šä¸»ä¹‰å…±å’Œå›½
     got: 越南社会主义共和国
 ; [cca2=VU].altSpellings[]
Expected: RÃ©publique de Vanuatu
     but none found
 ; [cca2=VU].altSpellings[]
Unexpected: République de Vanuatu
 ; [cca2=VU].flag
Expected: ðŸ‡»ðŸ‡º
     got: 🇻🇺
 ; [cca2=VU].name.nativeName.fra.official
Expected: RÃ©publique de Vanuatu
     got: République de Vanuatu
 ; [cca2=VU].translations.ara.common
Expected: Ù�Ø§Ù†ÙˆØ§ØªÙˆ
     got: فانواتو
 ; [cca2=VU].translations.ara.official
Expected: Ø¬Ù…Ù‡ÙˆØ±ÙŠØ© Ù�Ø§Ù†ÙˆØ§ØªÙˆ
     got: جمهورية فانواتو
 ; [cca2=VU].translations.fra.official
Expected: RÃ©publique de Vanuatu
     got: République de Vanuatu
 ; [cca2=VU].translations.hun.official
Expected: Vanuatui KÃ¶ztÃ¡rsasÃ¡g
     got: Vanuatui Köztársaság
 ; [cca2=VU].translations.jpn.common
Expected: ãƒ�ãƒŒã‚¢ãƒ„
     got: バヌアツ
 ; [cca2=VU].translations.jpn.official
Expected: ãƒ�ãƒŒã‚¢ãƒ„å…±å’Œå›½
     got: バヌアツ共和国
 ; [cca2=VU].translations.kor.common
Expected: ë°”ëˆ„ì•„íˆ¬
     got: 바누아투
 ; [cca2=VU].translations.kor.official
Expected: ë°”ëˆ„ì•„íˆ¬ ê³µí™”êµ­
     got: 바누아투 공화국
 ; [cca2=VU].translations.per.common
Expected: ÙˆØ§Ù†ÙˆØ§ØªÙˆ
     got: وانواتو
 ; [cca2=VU].translations.per.official
Expected: Ø¬Ù…Ù‡ÙˆØ±ÛŒ ÙˆØ§Ù†ÙˆØ§ØªÙˆ
     got: جمهوری وانواتو
 ; [cca2=VU].translations.por.official
Expected: RepÃºblica de Vanuatu
     got: República de Vanuatu
 ; [cca2=VU].translations.rus.common
Expected: Ð’Ð°Ð½ÑƒÐ°Ñ‚Ñƒ
     got: Вануату
 ; [cca2=VU].translations.rus.official
Expected: Ð ÐµÑ�Ð¿ÑƒÐ±Ð»Ð¸ÐºÐ° Ð’Ð°Ð½ÑƒÐ°Ñ‚Ñƒ
     got: Республика Вануату
 ; [cca2=VU].translations.slk.official
Expected: VanuatskÃ¡ republika
     got: Vanuatská republika
 ; [cca2=VU].translations.spa.official
Expected: RepÃºblica de Vanuatu
     got: República de Vanuatu
 ; [cca2=VU].translations.srp.common
Expected: Ð’Ð°Ð½ÑƒÐ°Ñ‚Ñƒ
     got: Вануату
 ; [cca2=VU].translations.srp.official
Expected: Ð ÐµÐ¿ÑƒÐ±Ð»Ð¸ÐºÐ° Ð’Ð°Ð½ÑƒÐ°Ñ‚Ñƒ
     got: Република Вануату
 ; [cca2=VU].translations.urd.common
Expected: ÙˆØ§Ù†ÙˆØ§ØªÙˆ
     got: وانواتو
 ; [cca2=VU].translations.urd.official
Expected: Ø¬Ù…Û�ÙˆØ±ÛŒÛ� ÙˆØ§Ù†ÙˆØ§ØªÙˆ
     got: جمہوریہ وانواتو
 ; [cca2=VU].translations.zho.common
Expected: ç“¦åŠªé˜¿å›¾
     got: 瓦努阿图
 ; [cca2=VU].translations.zho.official
Expected: ç“¦åŠªé˜¿å›¾å…±å’Œå›½
     got: 瓦努阿图共和国
 ; [cca2=FI].currencies.EUR.symbol
Expected: â‚¬
     got: €
 ; [cca2=FI].flag
Expected: ðŸ‡«ðŸ‡®
     got: 🇫🇮
 ; [cca2=FI].translations.ara.common
Expected: Ù�Ù†Ù„Ù†Ø¯Ø§
     got: فنلندا
 ; [cca2=FI].translations.ara.official
Expected: Ø¬Ù…Ù‡ÙˆØ±ÙŠØ© Ù�Ù†Ù„Ù†Ø¯Ø§
     got: جمهورية فنلندا
 ; [cca2=FI].translations.ces.official
Expected: FinskÃ¡ republika
     got: Finská republika
 ; [cca2=FI].translations.fra.official
Expected: RÃ©publique de Finlande
     got: République de Finlande
 ; [cca2=FI].translations.hun.common
Expected: FinnorszÃ¡g
     got: Finnország
 ; [cca2=FI].translations.hun.official
Expected: Finn KÃ¶ztÃ¡rsasÃ¡g
     got: Finn Köztársaság
 ; [cca2=FI].translations.jpn.common
Expected: ãƒ•ã‚£ãƒ³ãƒ©ãƒ³ãƒ‰
     got: フィンランド
 ; [cca2=FI].translations.jpn.official
Expected: ãƒ•ã‚£ãƒ³ãƒ©ãƒ³ãƒ‰å…±å’Œå›½
     got: フィンランド共和国
 ; [cca2=FI].translations.kor.common
Expected: í•€ëž€ë“œ
     got: 핀란드
 ; [cca2=FI].translations.kor.official
Expected: í•€ëž€ë“œ ê³µí™”êµ­
     got: 핀란드 공화국
 ; [cca2=FI].translations.per.common
Expected: Ù�Ù†Ù„Ø§Ù†Ø¯
     got: فنلاند
 ; [cca2=FI].translations.per.official
Expected: Ø¬Ù…Ù‡ÙˆØ±ÛŒ Ù�Ù†Ù„Ø§Ù†Ø¯
     got: جمهوری فنلاند
 ; [cca2=FI].translations.por.common
Expected: FinlÃ¢ndia
     got: Finlândia
 ; [cca2=FI].translations.por.official
Expected: RepÃºblica da FinlÃ¢ndia
     got: República da Finlândia
 ; [cca2=FI].translations.rus.common
Expected: Ð¤Ð¸Ð½Ð»Ñ�Ð½Ð´Ð¸Ñ�
     got: Финляндия
 ; [cca2=FI].translations.rus.official
Expected: Ð¤Ð¸Ð½Ð»Ñ�Ð½Ð´Ñ�ÐºÐ°Ñ� Ð ÐµÑ�Ð¿ÑƒÐ±Ð»Ð¸ÐºÐ°
     got: Финляндская Республика
 ; [cca2=FI].translations.slk.common
Expected: FÃ­nsko
     got: Fínsko
 ; [cca2=FI].translations.slk.official
Expected: FÃ­nska republika
     got: Fínska republika
 ; [cca2=FI].translations.spa.official
Expected: RepÃºblica de Finlandia
     got: República de Finlandia
 ; [cca2=FI].translations.srp.common
Expected: Ð¤Ð¸Ð½Ñ�ÐºÐ°
     got: Финска
 ; [cca2=FI].translations.srp.official
Expected: Ð ÐµÐ¿ÑƒÐ±Ð»Ð¸ÐºÐ° Ð¤Ð¸Ð½Ñ�ÐºÐ°
     got: Република Финска
 ; [cca2=FI].translations.urd.common
Expected: Ù�Ù† Ù„ÛŒÙ†Úˆ
     got: فن لینڈ
 ; [cca2=FI].translations.urd.official
Expected: Ø¬Ù…Û�ÙˆØ±ÛŒÛ� Ù�Ù† Ù„ÛŒÙ†Úˆ
     got: جمہوریہ فن لینڈ
 ; [cca2=FI].translations.zho.common
Expected: èŠ¬å…°
     got: 芬兰
 ; [cca2=FI].translations.zho.official
Expected: èŠ¬å…°å…±å’Œå›½
     got: 芬兰共和国
 ; [cca2=FJ].altSpellings[]
Expected: FijÄ« Gaá¹‡arÄ�jya
     but none found
 ; [cca2=FJ].altSpellings[]
Unexpected: Fijī Gaṇarājya
 ; [cca2=FJ].flag
Expected: ðŸ‡«ðŸ‡¯
     got: 🇫🇯
 ; [cca2=FJ].flags.alt
Expected: The flag of Fiji has a light blue field. It features the flag of the United Kingdom â€” the Union Jack â€” in the canton and the shield of the national coat of arms centered in the fly half.
     got: The flag of Fiji has a light blue field. It features the flag of the United Kingdom — the Union Jack — in the canton and the shield of the national coat of arms centered in the fly half.
 ; [cca2=FJ].name.nativeName.hif.common
Expected: à¤«à¤¿à¤œà¥€
     got: फिजी
 ; [cca2=FJ].name.nativeName.hif.official
Expected: à¤°à¤¿à¤ªà¤¬à¥�à¤²à¤¿à¤• à¤‘à¤« à¤«à¥€à¤œà¥€
     got: रिपब्लिक ऑफ फीजी
 ; [cca2=FJ].translations.ara.common
Expected: Ù�ÙŠØ¬ÙŠ
     got: فيجي
 ; [cca2=FJ].translations.ara.official
Expected: Ø¬Ù…Ù‡ÙˆØ±ÙŠØ© Ø¬Ø²Ø± Ù�ÙŠØ¬ÙŠ
     got: جمهورية جزر فيجي
 ; [cca2=FJ].translations.ces.common
Expected: FidÅ¾i
     got: Fidži
 ; [cca2=FJ].translations.ces.official
Expected: Republika FidÅ¾ijskÃ½ch ostrovÅ¯
     got: Republika Fidžijských ostrovů
 ; [cca2=FJ].translations.est.common
Expected: FidÅ¾i
     got: Fidži
 ; [cca2=FJ].translations.est.official
Expected: FidÅ¾i Vabariik
     got: Fidži Vabariik
 ; [cca2=FJ].translations.fin.common
Expected: FidÅ¾i
     got: Fidži
 ; [cca2=FJ].translations.fin.official
Expected: FidÅ¾in tasavalta
     got: Fidžin tasavalta
 ; [cca2=FJ].translations.fra.official
Expected: RÃ©publique des Fidji
     got: République des Fidji
 ; [cca2=FJ].translations.hrv.common
Expected: FiÄ‘i
     got: Fiđi
 ; [cca2=FJ].translations.hrv.official
Expected: Republika FidÅ¾i
     got: Republika Fidži
 ; [cca2=FJ].translations.hun.official
Expected: Fidzsi-szigeteki KÃ¶ztÃ¡rsasÃ¡g
     got: Fidzsi-szigeteki Köztársaság
 ; [cca2=FJ].translations.jpn.common
Expected: ãƒ•ã‚£ã‚¸ãƒ¼
     got: フィジー
 ; [cca2=FJ].translations.jpn.official
Expected: ãƒ•ã‚£ã‚¸ãƒ¼å…±å’Œå›½
     got: フィジー共和国
 ; [cca2=FJ].translations.kor.common
Expected: í”¼ì§€
     got: 피지
 ; [cca2=FJ].translations.kor.official
Expected: í”¼ì§€ ê³µí™”êµ­
     got: 피지 공화국
 ; [cca2=FJ].translations.per.common
Expected: Ù�ÛŒØ¬ÛŒ
     got: فیجی
 ; [cca2=FJ].translations.per.official
Expected: Ø¬Ù…Ù‡ÙˆØ±ÛŒ Ø¬Ø²Ø§ÛŒØ± Ù�ÛŒØ¬ÛŒ
     got: جمهوری جزایر فیجی
 ; [cca2=FJ].translations.pol.common
Expected: FidÅ¼i
     got: Fidżi
 ; [cca2=FJ].translations.pol.official
Expected: Republika FidÅ¼i
     got: Republika Fidżi
 ; [cca2=FJ].translations.por.official
Expected: RepÃºblica de Fiji
     got: República de Fiji
 ; [cca2=FJ].translations.rus.common
Expected: Ð¤Ð¸Ð´Ð¶Ð¸
     got: Фиджи
 ; [cca2=FJ].translations.rus.official
Expected: Ð ÐµÑ�Ð¿ÑƒÐ±Ð»Ð¸ÐºÐ° Ð¤Ð¸Ð´Ð¶Ð¸
     got: Республика Фиджи
 ; [cca2=FJ].translations.slk.common
Expected: FiÇ†i
     got: Fiǆi
 ; [cca2=FJ].translations.slk.official
Expected: FiÇ†ijskÃ¡ republika
     got: Fiǆijská republika
 ; [cca2=FJ].translations.spa.official
Expected: RepÃºblica de Fiji
     got: República de Fiji
 ; [cca2=FJ].translations.srp.common
Expected: Ð¤Ð¸ÑŸÐ¸
     got: Фиџи
 ; [cca2=FJ].translations.srp.official
Expected: Ð ÐµÐ¿ÑƒÐ±Ð»Ð¸ÐºÐ° Ð¤Ð¸ÑŸÐ¸
     got: Република Фиџи
 ; [cca2=FJ].translations.urd.common
Expected: Ù�Ø¬ÛŒ
     got: فجی
 ; [cca2=FJ].translations.urd.official
Expected: Ø¬Ù…Û�ÙˆØ±ÛŒÛ� Ù�Ø¬ÛŒ
     got: جمہوریہ فجی
 ; [cca2=FJ].translations.zho.common
Expected: æ–�æµŽ
     got: 斐济
 ; [cca2=FJ].translations.zho.official
Expected: æ–�æµŽå…±å’Œå›½
     got: 斐济共和国
 ; [cca2=FK].currencies.FKP.symbol
Expected: Â£
     got: £
 ; [cca2=FK].flag
Expected: ðŸ‡«ðŸ‡°
     got: 🇫🇰
 ; [cca2=FK].translations.ara.common
Expected: Ø¬Ø²Ø± Ù�ÙˆÙƒÙ„Ø§Ù†Ø¯
     got: جزر فوكلاند
 ; [cca2=FK].translations.ara.official
Expected: Ø¬Ø²Ø± Ù�ÙˆÙƒÙ„Ø§Ù†Ø¯
     got: جزر فوكلاند
 ; [cca2=FK].translations.bre.common
Expected: Inizi MaloÃ¹
     got: Inizi Maloù
 ; [cca2=FK].translations.bre.official
Expected: Inizi MaloÃ¹
     got: Inizi Maloù
 ; [cca2=FK].translations.ces.official
Expected: FalklandskÃ© ostrovy
     got: Falklandské ostrovy
 ; [cca2=FK].translations.fra.common
Expected: ÃŽles Malouines
     got: Îles Malouines
 ; [cca2=FK].translations.fra.official
Expected: ÃŽles Malouines
     got: Îles Malouines
 ; [cca2=FK].translations.jpn.common
Expected: ãƒ•ã‚©ãƒ¼ã‚¯ãƒ©ãƒ³ãƒ‰ï¼ˆãƒžãƒ«ãƒ“ãƒŠã‚¹ï¼‰è«¸å³¶
     got: フォークランド（マルビナス）諸島
 ; [cca2=FK].translations.jpn.official
Expected: ãƒ•ã‚©ãƒ¼ã‚¯ãƒ©ãƒ³ãƒ‰
     got: フォークランド
 ; [cca2=FK].translations.kor.common
Expected: í�¬í�´ëžœë“œ ì œë�„
     got: 포클랜드 제도
 ; [cca2=FK].translations.kor.official
Expected: í�¬í�´ëžœë“œ ì œë�„
     got: 포클랜드 제도
 ; [cca2=FK].translations.per.common
Expected: Ø¬Ø²Ø§ÛŒØ± Ù�Ø§Ù„Ú©Ù„Ù†Ø¯
     got: جزایر فالکلند
 ; [cca2=FK].translations.per.official
Expected: Ø¬Ø²Ø§ÛŒØ± Ù�Ø§Ù„Ú©Ù„Ù†Ø¯
     got: جزایر فالکلند
 ; [cca2=FK].translations.rus.common
Expected: Ð¤Ð¾Ð»ÐºÐ»ÐµÐ½Ð´Ñ�ÐºÐ¸Ðµ Ð¾Ñ�Ñ‚Ñ€Ð¾Ð²Ð°
     got: Фолклендские острова
 ; [cca2=FK].translations.rus.official
Expected: Ð¤Ð¾Ð»ÐºÐ»ÐµÐ½Ð´Ñ�ÐºÐ¸Ðµ Ð¾Ñ�Ñ‚Ñ€Ð¾Ð²Ð°
     got: Фолклендские острова
 ; [cca2=FK].translations.slk.official
Expected: FalklandskÃ© ostrovy
     got: Falklandské ostrovy
 ; [cca2=FK].translations.srp.common
Expected: Ð¤Ð¾Ð»ÐºÐ»Ð°Ð½Ð´Ð¸
     got: Фолкланди
 ; [cca2=FK].translations.srp.official
Expected: Ð¤Ð¾Ð»ÐºÐ»Ð°Ð½Ð´Ñ�ÐºÐ° ÐžÑ�Ñ‚Ñ€Ð²Ð°
     got: Фолкландска Острва
 ; [cca2=FK].translations.swe.common
Expected: FalklandsÃ¶arna
     got: Falklandsöarna
 ; [cca2=FK].translations.swe.official
Expected: FalklandsÃ¶arna
     got: Falklandsöarna
 ; [cca2=FK].translations.tur.common
Expected: Falkland (Malvina) AdalarÄ±
     got: Falkland (Malvina) Adaları
 ; [cca2=FK].translations.tur.official
Expected: Falkland (Malvina) AdalarÄ±
     got: Falkland (Malvina) Adaları
 ; [cca2=FK].translations.urd.common
Expected: Ø¬Ø²Ø§Ø¦Ø± Ù�Ø§Ú©Ù„ÛŒÙ†Úˆ
     got: جزائر فاکلینڈ
 ; [cca2=FK].translations.urd.official
Expected: Ø¬Ø²Ø§Ø¦Ø± Ù�Ø§Ú©Ù„ÛŒÙ†Úˆ
     got: جزائر فاکلینڈ
 ; [cca2=FK].translations.zho.common
Expected: ç¦�å…‹å…°ç¾¤å²›
     got: 福克兰群岛
 ; [cca2=FK].translations.zho.official
Expected: ç¦�å…‹å…°ç¾¤å²›
     got: 福克兰群岛
 ; [cca2=FM].demonyms.fra.f
Expected: MicronÃ©sienne
     got: Micronésienne
 ; [cca2=FM].demonyms.fra.m
Expected: MicronÃ©sien
     got: Micronésien
 ; [cca2=FM].flag
Expected: ðŸ‡«ðŸ‡²
     got: 🇫🇲
 ; [cca2=FM].translations.ara.common
Expected: Ù…ÙŠÙƒØ±ÙˆÙ†ÙŠØ³ÙŠØ§
     got: ميكرونيسيا
 ; [cca2=FM].translations.ara.official
Expected: ÙˆÙ„Ø§ÙŠØ§Øª Ù…ÙŠÙƒØ±ÙˆÙ†ÙŠØ³ÙŠØ§ Ø§Ù„Ù…ØªØ­Ø¯Ø©
     got: ولايات ميكرونيسيا المتحدة
 ; [cca2=FM].translations.bre.official
Expected: StadoÃ¹ Kevreet Mikronezia
     got: Stadoù Kevreet Mikronezia
 ; [cca2=FM].translations.ces.common
Expected: MikronÃ©sie
     got: Mikronésie
 ; [cca2=FM].translations.ces.official
Expected: FederativnÃ­ stÃ¡ty MikronÃ©sie
     got: Federativní státy Mikronésie
 ; [cca2=FM].translations.deu.official
Expected: FÃ¶derierte Staaten von Mikronesien
     got: Föderierte Staaten von Mikronesien
 ; [cca2=FM].translations.fra.common
Expected: MicronÃ©sie
     got: Micronésie
 ; [cca2=FM].translations.fra.official
Expected: Ã‰tats fÃ©dÃ©rÃ©s de MicronÃ©sie
     got: États fédérés de Micronésie
 ; [cca2=FM].translations.hrv.official
Expected: Savezne DrÅ¾ave Mikronezije
     got: Savezne Države Mikronezije
 ; [cca2=FM].translations.hun.common
Expected: MikronÃ©ziai SzÃ¶vetsÃ©gi Ã�llamok
     got: Mikronéziai Szövetségi Államok
 ; [cca2=FM].translations.hun.official
Expected: MikronÃ©ziai SzÃ¶vetsÃ©gi Ã�llamok
     got: Mikronéziai Szövetségi Államok
 ; [cca2=FM].translations.jpn.common
Expected: ãƒŸã‚¯ãƒ­ãƒ�ã‚·ã‚¢é€£é‚¦
     got: ミクロネシア連邦
 ; [cca2=FM].translations.jpn.official
Expected: ãƒŸã‚¯ãƒ­ãƒ�ã‚·ã‚¢é€£é‚¦
     got: ミクロネシア連邦
 ; [cca2=FM].translations.kor.common
Expected: ë¯¸í�¬ë¡œë„¤ì‹œì•„
     got: 미크로네시아
 ; [cca2=FM].translations.kor.official
Expected: ë¯¸í�¬ë¡œë„¤ì‹œì•„ ì—°ë°©
     got: 미크로네시아 연방
 ; [cca2=FM].translations.nld.common
Expected: MicronesiÃ«
     got: Micronesië
 ; [cca2=FM].translations.per.common
Expected: Ù…ÛŒÚ©Ø±ÙˆÙ†Ø²ÛŒ
     got: میکرونزی
 ; [cca2=FM].translations.per.official
Expected: Ø§ÛŒØ§Ù„Ø§Øª Ù�Ø¯Ø±Ø§Ù„ Ù…ÛŒÚ©Ø±ÙˆÙ†Ø²ÛŒ
     got: ایالات فدرال میکرونزی
 ; [cca2=FM].translations.por.common
Expected: MicronÃ©sia
     got: Micronésia
 ; [cca2=FM].translations.por.official
Expected: Estados Federados da MicronÃ©sia
     got: Estados Federados da Micronésia
 ; [cca2=FM].translations.rus.common
Expected: Ð¤ÐµÐ´ÐµÑ€Ð°Ñ‚Ð¸Ð²Ð½Ñ‹Ðµ Ð¨Ñ‚Ð°Ñ‚Ñ‹ ÐœÐ¸ÐºÑ€Ð¾Ð½ÐµÐ·Ð¸Ð¸
     got: Федеративные Штаты Микронезии
 ; [cca2=FM].translations.rus.official
Expected: Ð¤ÐµÐ´ÐµÑ€Ð°Ñ‚Ð¸Ð²Ð½Ñ‹Ðµ Ð¨Ñ‚Ð°Ñ‚Ñ‹ ÐœÐ¸ÐºÑ€Ð¾Ð½ÐµÐ·Ð¸Ð¸
     got: Федеративные Штаты Микронезии
 ; [cca2=FM].translations.slk.common
Expected: MikronÃ©zia
     got: Mikronézia
 ; [cca2=FM].translations.slk.official
Expected: MikronÃ©zske federatÃ­vne Å¡tÃ¡ty
     got: Mikronézske federatívne štáty
 ; [cca2=FM].translations.srp.common
Expected: ÐœÐ¸ÐºÑ€Ð¾Ð½ÐµÐ·Ð¸Ñ˜Ð°
     got: Микронезија
 ; [cca2=FM].translations.srp.official
Expected: Ð¡Ð°Ð²ÐµÐ· Ð”Ñ€Ð¶Ð°Ð²Ð° ÐœÐ¸ÐºÑ€Ð¾Ð½ÐµÐ·Ð¸Ñ˜Ðµ
     got: Савез Држава Микронезије
 ; [cca2=FM].translations.urd.common
Expected: Ù…Ø§Ø¦Ú©Ø±ÙˆÙ†ÛŒØ´ÛŒØ§
     got: مائکرونیشیا
 ; [cca2=FM].translations.urd.official
Expected: Ø±ÛŒØ§Ø³ØªÛ�Ø§Ø¦Û’ ÙˆÙ�Ø§Ù‚ÛŒÛ� Ù…Ø§Ø¦Ú©Ø±ÙˆÙ†ÛŒØ´ÛŒØ§
     got: ریاستہائے وفاقیہ مائکرونیشیا
 ; [cca2=FM].translations.zho.common
Expected: å¯†å…‹ç½—å°¼è¥¿äºš
     got: 密克罗尼西亚
 ; [cca2=FM].translations.zho.official
Expected: å¯†å…‹ç½—å°¼è¥¿äºšè�”é‚¦
     got: 密克罗尼西亚联邦
 ; [cca2=FO].altSpellings[]
Expected: FÃ¦rÃ¸erne
     but none found
 ; [cca2=FO].altSpellings[]
Expected: FÃ¸royar
     but none found
 ; [cca2=FO].altSpellings[]
Unexpected: Færøerne
 ; [cca2=FO].altSpellings[]
Unexpected: Føroyar
 ; [cca2=FO].capital[]
Expected: TÃ³rshavn
     but none found
 ; [cca2=FO].capital[]
Unexpected: Tórshavn
 ; [cca2=FO].currencies.FOK.name
Expected: Faroese krÃ³na
     got: Faroese króna
 ; [cca2=FO].demonyms.fra.f
Expected: FÃ©roÃ¯enne
     got: Féroïenne
 ; [cca2=FO].demonyms.fra.m
Expected: FÃ©roÃ¯en
     got: Féroïen
 ; [cca2=FO].flag
Expected: ðŸ‡«ðŸ‡´
     got: 🇫🇴
 ; [cca2=FO].name.nativeName.dan.common
Expected: FÃ¦rÃ¸erne
     got: Færøerne
 ; [cca2=FO].name.nativeName.dan.official
Expected: FÃ¦rÃ¸erne
     got: Færøerne
 ; [cca2=FO].name.nativeName.fao.common
Expected: FÃ¸royar
     got: Føroyar
 ; [cca2=FO].name.nativeName.fao.official
Expected: FÃ¸royar
     got: Føroyar
 ; [cca2=FO].translations.ara.common
Expected: Ø¬Ø²Ø± Ù�Ø§Ø±Ùˆ
     got: جزر فارو
 ; [cca2=FO].translations.ara.official
Expected: Ø¬Ø²Ø± Ù�Ø§Ø±Ùˆ
     got: جزر فارو
 ; [cca2=FO].translations.ces.common
Expected: FaerskÃ© ostrovy
     got: Faerské ostrovy
 ; [cca2=FO].translations.ces.official
Expected: FaerskÃ© ostrovy
     got: Faerské ostrovy
 ; [cca2=FO].translations.deu.common
Expected: FÃ¤rÃ¶er-Inseln
     got: Färöer-Inseln
 ; [cca2=FO].translations.deu.official
Expected: FÃ¤rÃ¶er
     got: Färöer
 ; [cca2=FO].translations.est.common
Expected: FÃ¤Ã¤ri saared
     got: Fääri saared
 ; [cca2=FO].translations.est.official
Expected: FÃ¤Ã¤ri saared
     got: Fääri saared
 ; [cca2=FO].translations.fin.common
Expected: FÃ¤rsaaret
     got: Färsaaret
 ; [cca2=FO].translations.fin.official
Expected: FÃ¤rsaaret
     got: Färsaaret
 ; [cca2=FO].translations.fra.common
Expected: ÃŽles FÃ©roÃ©
     got: Îles Féroé
 ; [cca2=FO].translations.fra.official
Expected: ÃŽles FÃ©roÃ©
     got: Îles Féroé
 ; [cca2=FO].translations.hun.common
Expected: FerÃ¶er
     got: Feröer
 ; [cca2=FO].translations.hun.official
Expected: FerÃ¶er
     got: Feröer
 ; [cca2=FO].translations.jpn.common
Expected: ãƒ•ã‚§ãƒ­ãƒ¼è«¸å³¶
     got: フェロー諸島
 ; [cca2=FO].translations.jpn.official
Expected: ãƒ•ã‚§ãƒ­ãƒ¼è«¸å³¶
     got: フェロー諸島
 ; [cca2=FO].translations.kor.common
Expected: íŽ˜ë¡œ ì œë�„
     got: 페로 제도
 ; [cca2=FO].translations.kor.official
Expected: íŽ˜ë¡œ ì œë�„
     got: 페로 제도
 ; [cca2=FO].translations.nld.common
Expected: FaerÃ¶er
     got: Faeröer
 ; [cca2=FO].translations.nld.official
Expected: FaerÃ¶er
     got: Faeröer
 ; [cca2=FO].translations.per.common
Expected: Ø¬Ø²Ø§ÛŒØ± Ù�Ø§Ø±ÙˆØ¦Ù‡
     got: جزایر فاروئه
 ; [cca2=FO].translations.per.official
Expected: Ø¬Ø²Ø§ÛŒØ± Ù�Ø§Ø±ÙˆØ¦Ù‡
     got: جزایر فاروئه
 ; [cca2=FO].translations.por.common
Expected: Ilhas FaroÃ©
     got: Ilhas Faroé
 ; [cca2=FO].translations.rus.common
Expected: Ð¤Ð°Ñ€ÐµÑ€Ñ�ÐºÐ¸Ðµ Ð¾Ñ�Ñ‚Ñ€Ð¾Ð²Ð°
     got: Фарерские острова
 ; [cca2=FO].translations.rus.official
Expected: Ð¤Ð°Ñ€ÐµÑ€Ñ�ÐºÐ¸Ðµ Ð¾Ñ�Ñ‚Ñ€Ð¾Ð²Ð°
     got: Фарерские острова
 ; [cca2=FO].translations.slk.common
Expected: FaerskÃ© ostrovy
     got: Faerské ostrovy
 ; [cca2=FO].translations.slk.official
Expected: FaerskÃ© ostrovy
     got: Faerské ostrovy
 ; [cca2=FO].translations.srp.common
Expected: Ð¤Ð°Ñ€Ñ�ÐºÐ° Ð¾Ñ�Ñ‚Ñ€Ð²Ð°
     got: Фарска острва
 ; [cca2=FO].translations.srp.official
Expected: Ð¤Ð°Ñ€Ñ�ÐºÐ° Ð¾Ñ�Ñ‚Ñ€Ð²Ð°
     got: Фарска острва
 ; [cca2=FO].translations.swe.common
Expected: FÃ¤rÃ¶arna
     got: Färöarna
 ; [cca2=FO].translations.swe.official
Expected: FÃ¤rÃ¶arna
     got: Färöarna
 ; [cca2=FO].translations.tur.common
Expected: Faroe AdalarÄ±
     got: Faroe Adaları
 ; [cca2=FO].translations.tur.official
Expected: Faroe AdalarÄ±
     got: Faroe Adaları
 ; [cca2=FO].translations.urd.common
Expected: Ø¬Ø²Ø§Ø¦Ø± Ù�Ø§Ø±Ùˆ
     got: جزائر فارو
 ; [cca2=FO].translations.urd.official
Expected: Ø¬Ø²Ø§Ø¦Ø± Ù�Ø§Ø±Ùˆ
     got: جزائر فارو
 ; [cca2=FO].translations.zho.common
Expected: æ³•ç½—ç¾¤å²›
     got: 法罗群岛
 ; [cca2=FO].translations.zho.official
Expected: æ³•ç½—ç¾¤å²›
     got: 法罗群岛
 ; [cca2=FR].altSpellings[]
Expected: RÃ©publique franÃ§aise
     but none found
 ; [cca2=FR].altSpellings[]
Unexpected: République française
 ; [cca2=FR].currencies.EUR.symbol
Expected: â‚¬
     got: €
 ; [cca2=FR].demonyms.fra.f
Expected: FranÃ§aise
     got: Française
 ; [cca2=FR].demonyms.fra.m
Expected: FranÃ§ais
     got: Français
 ; [cca2=FR].flag
Expected: ðŸ‡«ðŸ‡·
     got: 🇫🇷
 ; [cca2=FR].name.nativeName.fra.official
Expected: RÃ©publique franÃ§aise
     got: République française
 ; [cca2=FR].translations.ara.common
Expected: Ù�Ø±Ù†Ø³Ø§
     got: فرنسا
 ; [cca2=FR].translations.ara.official
Expected: Ø§Ù„Ø¬Ù…Ù‡ÙˆØ±ÙŠØ© Ø§Ù„Ù�Ø±Ù†Ø³ÙŠØ©
     got: الجمهورية الفرنسية
 ; [cca2=FR].translations.bre.common
Expected: FraÃ±s
     got: Frañs
 ; [cca2=FR].translations.bre.official
Expected: Republik FraÃ±s
     got: Republik Frañs
 ; [cca2=FR].translations.ces.official
Expected: FrancouzskÃ¡ republika
     got: Francouzská republika
 ; [cca2=FR].translations.deu.official
Expected: FranzÃ¶sische Republik
     got: Französische Republik
 ; [cca2=FR].translations.fra.official
Expected: RÃ©publique franÃ§aise
     got: République française
 ; [cca2=FR].translations.hun.common
Expected: FranciaorszÃ¡g
     got: Franciaország
 ; [cca2=FR].translations.hun.official
Expected: Francia KÃ¶ztÃ¡rsasÃ¡g
     got: Francia Köztársaság
 ; [cca2=FR].translations.jpn.common
Expected: ãƒ•ãƒ©ãƒ³ã‚¹
     got: フランス
 ; [cca2=FR].translations.jpn.official
Expected: ãƒ•ãƒ©ãƒ³ã‚¹å…±å’Œå›½
     got: フランス共和国
 ; [cca2=FR].translations.kor.common
Expected: í”„ëž‘ìŠ¤
     got: 프랑스
 ; [cca2=FR].translations.kor.official
Expected: í”„ëž‘ìŠ¤ ê³µí™”êµ­
     got: 프랑스 공화국
 ; [cca2=FR].translations.per.common
Expected: Ù�Ø±Ø§Ù†Ø³Ù‡
     got: فرانسه
 ; [cca2=FR].translations.per.official
Expected: Ø¬Ù…Ù‡ÙˆØ±ÛŒ Ù�Ø±Ø§Ù†Ø³Ù‡
     got: جمهوری فرانسه
 ; [cca2=FR].translations.por.common
Expected: FranÃ§a
     got: França
 ; [cca2=FR].translations.por.official
Expected: RepÃºblica Francesa
     got: República Francesa
 ; [cca2=FR].translations.rus.common
Expected: Ð¤Ñ€Ð°Ð½Ñ†Ð¸Ñ�
     got: Франция
 ; [cca2=FR].translations.rus.official
Expected: Ð¤Ñ€Ð°Ð½Ñ†ÑƒÐ·Ñ�ÐºÐ°Ñ� Ð ÐµÑ�Ð¿ÑƒÐ±Ð»Ð¸ÐºÐ°
     got: Французская Республика
 ; [cca2=FR].translations.slk.common
Expected: FrancÃºzsko
     got: Francúzsko
 ; [cca2=FR].translations.slk.official
Expected: FrancÃºzska republika
     got: Francúzska republika
 ; [cca2=FR].translations.spa.official
Expected: RepÃºblica francÃ©s
     got: República francés
 ; [cca2=FR].translations.srp.common
Expected: Ð¤Ñ€Ð°Ð½Ñ†ÑƒÑ�ÐºÐ°
     got: Француска
 ; [cca2=FR].translations.srp.official
Expected: Ð¤Ñ€Ð°Ð½Ñ†ÑƒÑ�ÐºÐ° Ð ÐµÐ¿ÑƒÐ±Ð»Ð¸ÐºÐ°
     got: Француска Република
 ; [cca2=FR].translations.urd.common
Expected: Ù�Ø±Ø§Ù†Ø³
     got: فرانس
 ; [cca2=FR].translations.urd.official
Expected: Ø¬Ù…Û�ÙˆØ±ÛŒÛ� Ù�Ø±Ø§Ù†Ø³
     got: جمہوریہ فرانس
 ; [cca2=FR].translations.zho.common
Expected: æ³•å›½
     got: 法国
 ; [cca2=FR].translations.zho.official
Expected: æ³•å…°è¥¿å…±å’Œå›½
     got: 法兰西共和国
 ; [cca2=WF].altSpellings[]
Expected: Territoire des Ã®les Wallis et Futuna
     but none found
 ; [cca2=WF].altSpellings[]
Unexpected: Territoire des îles Wallis et Futuna
 ; [cca2=WF].currencies.XPF.symbol
Expected: â‚£
     got: ₣
 ; [cca2=WF].flag
Expected: ðŸ‡¼ðŸ‡«
     got: 🇼🇫
 ; [cca2=WF].name.nativeName.fra.official
Expected: Territoire des Ã®les Wallis et Futuna
     got: Territoire des îles Wallis et Futuna
 ; [cca2=WF].translations.ara.common
Expected: ÙˆØ§Ù„ÙŠØ³ ÙˆÙ�ÙˆØªÙˆÙ†Ø§
     got: واليس وفوتونا
 ; [cca2=WF].translations.ara.official
Expected: Ø¥Ù‚Ù„ÙŠÙ… Ø¬Ø²Ø± ÙˆØ§Ù„ÙŠØ³ ÙˆÙ�ÙˆØªÙˆÙ†Ø§
     got: إقليم جزر واليس وفوتونا
 ; [cca2=WF].translations.ces.official
Expected: Teritorium ostrovÅ¯ Wallis a Futuna
     got: Teritorium ostrovů Wallis a Futuna
 ; [cca2=WF].translations.fin.official
Expected: Wallisin ja Futunan yhteisÃ¶
     got: Wallisin ja Futunan yhteisö
 ; [cca2=WF].translations.fra.official
Expected: Territoire des Ã®les Wallis et Futuna
     got: Territoire des îles Wallis et Futuna
 ; [cca2=WF].translations.hun.common
Expected: Wallis Ã©s Futuna
     got: Wallis és Futuna
 ; [cca2=WF].translations.hun.official
Expected: Wallis Ã©s Futuna
     got: Wallis és Futuna
 ; [cca2=WF].translations.jpn.common
Expected: ã‚¦ã‚©ãƒªã‚¹ãƒ»ãƒ•ãƒ„ãƒŠ
     got: ウォリス・フツナ
 ; [cca2=WF].translations.jpn.official
Expected: ã‚¦ã‚©ãƒªã‚¹Â·ãƒ•ãƒ„ãƒŠè«¸å³¶ã�®é ˜åœŸ
     got: ウォリス·フツナ諸島の領土
 ; [cca2=WF].translations.kor.common
Expected: ì™ˆë¦¬ìŠ¤ í“ŒíŠ€ë‚˜
     got: 왈리스 퓌튀나
 ; [cca2=WF].translations.kor.official
Expected: ì™ˆë¦¬ìŠ¤ í“ŒíŠ€ë‚˜
     got: 왈리스 퓌튀나
 ; [cca2=WF].translations.per.common
Expected: ÙˆØ§Ù„ÛŒØ³ Ùˆ Ù�ÙˆØªÙˆÙ†Ø§
     got: والیس و فوتونا
 ; [cca2=WF].translations.per.official
Expected: Ø¬Ø²Ø§ÛŒØ± ÙˆØ§Ù„ÛŒØ³ Ùˆ Ù�ÙˆØªÙˆÙ†Ø§
     got: جزایر والیس و فوتونا
 ; [cca2=WF].translations.por.official
Expected: TerritÃ³rio das Ilhas Wallis e Futuna
     got: Território das Ilhas Wallis e Futuna
 ; [cca2=WF].translations.rus.common
Expected: Ð£Ð¾Ð»Ð»Ð¸Ñ� Ð¸ Ð¤ÑƒÑ‚ÑƒÐ½Ð°
     got: Уоллис и Футуна
 ; [cca2=WF].translations.rus.official
Expected: Ð¢ÐµÑ€Ñ€Ð¸Ñ‚Ð¾Ñ€Ð¸Ñ� Ð£Ð¾Ð»Ð»Ð¸Ñ� Ð¸ Ð¤ÑƒÑ‚ÑƒÐ½Ð° Ð¾Ñ�Ñ‚Ñ€Ð¾Ð²Ð°
     got: Территория Уоллис и Футуна острова
 ; [cca2=WF].translations.slk.official
Expected: TeritÃ³rium ostrovov Wallis a Futuna
     got: Teritórium ostrovov Wallis a Futuna
 ; [cca2=WF].translations.srp.common
Expected: Ð’Ð°Ð»Ð¸Ñ� Ð¸ Ð¤ÑƒÑ‚ÑƒÐ½Ð°
     got: Валис и Футуна
 ; [cca2=WF].translations.srp.official
Expected: Ð¢ÐµÑ€Ð¸Ñ‚Ð¾Ñ€Ð¸Ñ˜Ð° Ð´Ñ€Ð¶Ð°Ð²Ðµ Ð’Ð°Ð»Ð¸Ñ� Ð¸ Ð¤ÑƒÑ‚ÑƒÐ½Ð°
     got: Територија државе Валис и Футуна
 ; [cca2=WF].translations.swe.common
Expected: Wallis- och FutunaÃ¶arna
     got: Wallis- och Futunaöarna
 ; [cca2=WF].translations.swe.official
Expected: Territoriet Wallis- och FutunaÃ¶arna
     got: Territoriet Wallis- och Futunaöarna
 ; [cca2=WF].translations.tur.common
Expected: Wallis ve Futuna AdalarÄ± BÃ¶lgesi
     got: Wallis ve Futuna Adaları Bölgesi
 ; [cca2=WF].translations.tur.official
Expected: Wallis ve Futuna AdalarÄ± BÃ¶lgesi
     got: Wallis ve Futuna Adaları Bölgesi
 ; [cca2=WF].translations.urd.common
Expected: ÙˆØ§Ù„Ø³ Ùˆ Ù�ØªÙˆÙ†Û�
     got: والس و فتونہ
 ; [cca2=WF].translations.urd.official
Expected: Ø³Ø± Ø²Ù…ÛŒÙ†Ù� ÙˆØ§Ù„Ø³ Ùˆ Ù�ØªÙˆÙ†Û� Ø¬Ø²Ø§Ø¦Ø±
     got: سر زمینِ والس و فتونہ جزائر
 ; [cca2=WF].translations.zho.common
Expected: ç“¦åˆ©æ–¯å’Œå¯Œå›¾çº³ç¾¤å²›
     got: 瓦利斯和富图纳群岛
 ; [cca2=WF].translations.zho.official
Expected: ç“¦åˆ©æ–¯å’Œå¯Œå›¾çº³ç¾¤å²›
     got: 瓦利斯和富图纳群岛
 ; [cca2=GA].altSpellings[]
Expected: RÃ©publique Gabonaise
     but none found
 ; [cca2=GA].altSpellings[]
Unexpected: République Gabonaise
 ; [cca2=GA].flag
Expected: ðŸ‡¬ðŸ‡¦
     got: 🇬🇦
 ; [cca2=GA].name.nativeName.fra.official
Expected: RÃ©publique gabonaise
     got: République gabonaise
 ; [cca2=GA].translations.ara.common
Expected: Ø§Ù„ØºØ§Ø¨ÙˆÙ†
     got: الغابون
 ; [cca2=GA].translations.ara.official
Expected: Ø¬Ù…Ù‡ÙˆØ±ÙŠØ© Ø§Ù„ØºØ§Ø¨ÙˆÙ†
     got: جمهورية الغابون
 ; [cca2=GA].translations.ces.official
Expected: GabonskÃ¡ republika
     got: Gabonská republika
 ; [cca2=GA].translations.fra.official
Expected: RÃ©publique gabonaise
     got: République gabonaise
 ; [cca2=GA].translations.hun.official
Expected: Gaboni KÃ¶ztÃ¡rsasÃ¡g
     got: Gaboni Köztársaság
 ; [cca2=GA].translations.jpn.common
Expected: ã‚¬ãƒœãƒ³
     got: ガボン
 ; [cca2=GA].translations.jpn.official
Expected: ã‚¬ãƒœãƒ³å…±å’Œå›½
     got: ガボン共和国
 ; [cca2=GA].translations.kor.common
Expected: ê°€ë´‰
     got: 가봉
 ; [cca2=GA].translations.kor.official
Expected: ê°€ë´‰ ê³µí™”êµ­
     got: 가봉 공화국
 ; [cca2=GA].translations.per.common
Expected: Ú¯Ø§Ø¨Ù†
     got: گابن
 ; [cca2=GA].translations.per.official
Expected: Ø¬Ù…Ù‡ÙˆØ±ÛŒ Ú¯Ø§Ø¨Ù�Ù†
     got: جمهوری گابُن
 ; [cca2=GA].translations.pol.official
Expected: Republika GaboÅ„ska
     got: Republika Gabońska
 ; [cca2=GA].translations.por.common
Expected: GabÃ£o
     got: Gabão
 ; [cca2=GA].translations.por.official
Expected: RepÃºblica do GabÃ£o
     got: República do Gabão
 ; [cca2=GA].translations.rus.common
Expected: Ð“Ð°Ð±Ð¾Ð½
     got: Габон
 ; [cca2=GA].translations.rus.official
Expected: Ð“Ð°Ð±Ð¾Ð½Ð° Ð ÐµÑ�Ð¿ÑƒÐ±Ð»Ð¸ÐºÐ°
     got: Габона Республика
 ; [cca2=GA].translations.slk.official
Expected: GabonskÃ¡ republika
     got: Gabonská republika
 ; [cca2=GA].translations.spa.common
Expected: GabÃ³n
     got: Gabón
 ; [cca2=GA].translations.spa.official
Expected: RepÃºblica de GabÃ³n
     got: República de Gabón
 ; [cca2=GA].translations.srp.common
Expected: Ð“Ð°Ð±Ð¾Ð½
     got: Габон
 ; [cca2=GA].translations.srp.official
Expected: Ð“Ð°Ð±Ð¾Ð½Ñ�ÐºÐ° Ð ÐµÐ¿ÑƒÐ±Ð»Ð¸ÐºÐ°
     got: Габонска Република
 ; [cca2=GA].translations.urd.common
Expected: Ú¯ÛŒØ¨ÙˆÙ†
     got: گیبون
 ; [cca2=GA].translations.urd.official
Expected: Ø¬Ù…Û�ÙˆØ±ÛŒÛ� Ú¯ÛŒØ¨ÙˆÙ†
     got: جمہوریہ گیبون
 ; [cca2=GA].translations.zho.common
Expected: åŠ è“¬
     got: 加蓬
 ; [cca2=GA].translations.zho.official
Expected: åŠ è“¬å…±å’Œå›½
     got: 加蓬共和国
 ; [cca2=GB].currencies.GBP.symbol
Expected: Â£
     got: £
 ; [cca2=GB].flag
Expected: ðŸ‡¬ðŸ‡§
     got: 🇬🇧
 ; [cca2=GB].flags.alt
Expected: The flag of the United Kingdom â€” the Union Jack â€” has a blue field. It features the white-edged red cross of Saint George superimposed on the diagonal red cross of Saint Patrick which is superimposed on the diagonal white cross of Saint Andrew.
     got: The flag of the United Kingdom — the Union Jack — has a blue field. It features the white-edged red cross of Saint George superimposed on the diagonal red cross of Saint Patrick which is superimposed on the diagonal white cross of Saint Andrew.
 ; [cca2=GB].translations.ara.common
Expected: Ø§Ù„Ù…Ù…Ù„ÙƒØ© Ø§Ù„Ù…ØªØ­Ø¯Ø©
     got: المملكة المتحدة
 ; [cca2=GB].translations.ara.official
Expected: Ø§Ù„Ù…Ù…Ù„ÙƒØ© Ø§Ù„Ù…ØªØ­Ø¯Ø© Ù„Ø¨Ø±ÙŠØ·Ø§Ù†ÙŠØ§ Ø§Ù„Ø¹Ø¸Ù…Ù‰ ÙˆØ§ÙŠØ±Ù„Ù†Ø¯Ø§ Ø§Ù„Ø´Ù…Ø§Ù„ÙŠØ©
     got: المملكة المتحدة لبريطانيا العظمى وايرلندا الشمالية
 ; [cca2=GB].translations.ces.common
Expected: SpojenÃ© krÃ¡lovstvÃ­
     got: Spojené království
 ; [cca2=GB].translations.ces.official
Expected: SpojenÃ© krÃ¡lovstvÃ­ VelkÃ© BritÃ¡nie a SevernÃ­ho Irska
     got: Spojené království Velké Británie a Severního Irska
 ; [cca2=GB].translations.deu.common
Expected: Vereinigtes KÃ¶nigreich
     got: Vereinigtes Königreich
 ; [cca2=GB].translations.deu.official
Expected: Vereinigtes KÃ¶nigreich GroÃŸbritannien und Nordirland
     got: Vereinigtes Königreich Großbritannien und Nordirland
 ; [cca2=GB].translations.est.official
Expected: Suurbritannia ja PÃµhja-Iiri Ãœhendkuningriik
     got: Suurbritannia ja Põhja-Iiri Ühendkuningriik
 ; [cca2=GB].translations.hun.common
Expected: EgyesÃ¼lt KirÃ¡lysÃ¡g
     got: Egyesült Királyság
 ; [cca2=GB].translations.hun.official
Expected: Nagy-Britannia Ã©s Ã‰szak-Ã�rorszÃ¡g EgyesÃ¼lt KirÃ¡lysÃ¡ga
     got: Nagy-Britannia és Észak-Írország Egyesült Királysága
 ; [cca2=GB].translations.jpn.common
Expected: ã‚¤ã‚®ãƒªã‚¹
     got: イギリス
 ; [cca2=GB].translations.jpn.official
Expected: ã‚°ãƒ¬ãƒ¼ãƒˆÂ·ãƒ–ãƒªãƒ†ãƒ³ã�Šã‚ˆã�³åŒ—ã‚¢ã‚¤ãƒ«ãƒ©ãƒ³ãƒ‰é€£å�ˆçŽ‹å›½
     got: グレート·ブリテンおよび北アイルランド連合王国
 ; [cca2=GB].translations.kor.common
Expected: ì˜�êµ­
     got: 영국
 ; [cca2=GB].translations.kor.official
Expected: ê·¸ë ˆì�´íŠ¸ë¸Œë¦¬íŠ¼ ë¶�ì•„ì�¼ëžœë“œ ì—°í•© ì™•êµ­
     got: 그레이트브리튼 북아일랜드 연합 왕국
 ; [cca2=GB].translations.nld.official
Expected: Verenigd Koninkrijk van Groot-BrittanniÃ« en Noord-Ierland
     got: Verenigd Koninkrijk van Groot-Brittannië en Noord-Ierland
 ; [cca2=GB].translations.per.common
Expected: Ø§Ù†Ú¯Ù„ÛŒØ³
     got: انگلیس
 ; [cca2=GB].translations.per.official
Expected: Ù¾Ø§Ø¯Ø´Ø§Ù‡ÛŒ Ù…ØªØ­Ø¯ Ø¨Ø±ÛŒØªØ§Ù†ÛŒØ§ÛŒ Ú©Ø¨ÛŒØ± Ùˆ Ø§ÛŒØ±Ù„Ù†Ø¯ Ø´Ù…Ø§Ù„ÛŒ
     got: پادشاهی متحد بریتانیای کبیر و ایرلند شمالی
 ; [cca2=GB].translations.pol.common
Expected: Zjednoczone KrÃ³lestwo
     got: Zjednoczone Królestwo
 ; [cca2=GB].translations.pol.official
Expected: Zjednoczone KrÃ³lestwo Wielkiej Brytanii i Irlandii PÃ³Å‚nocnej
     got: Zjednoczone Królestwo Wielkiej Brytanii i Irlandii Północnej
 ; [cca2=GB].translations.por.official
Expected: Reino Unido da GrÃ£-Bretanha e Irlanda do Norte
     got: Reino Unido da Grã-Bretanha e Irlanda do Norte
 ; [cca2=GB].translations.rus.common
Expected: Ð’ÐµÐ»Ð¸ÐºÐ¾Ð±Ñ€Ð¸Ñ‚Ð°Ð½Ð¸Ñ�
     got: Великобритания
 ; [cca2=GB].translations.rus.official
Expected: Ð¡Ð¾ÐµÐ´Ð¸Ð½ÐµÐ½Ð½Ð¾Ðµ ÐšÐ¾Ñ€Ð¾Ð»ÐµÐ²Ñ�Ñ‚Ð²Ð¾ Ð’ÐµÐ»Ð¸ÐºÐ¾Ð±Ñ€Ð¸Ñ‚Ð°Ð½Ð¸Ð¸ Ð¸ Ð¡ÐµÐ²ÐµÑ€Ð½Ð¾Ð¹ Ð˜Ñ€Ð»Ð°Ð½Ð´Ð¸Ð¸
     got: Соединенное Королевство Великобритании и Северной Ирландии
 ; [cca2=GB].translations.slk.common
Expected: VeÄ¾kÃ¡ BritÃ¡nia (SpojenÃ© krÃ¡Ä¾ovstvo)
     got: Veľká Británia (Spojené kráľovstvo)
 ; [cca2=GB].translations.slk.official
Expected: SpojenÃ© krÃ¡Ä¾ovstvo VeÄ¾kej BritÃ¡nie a SevernÃ©hoÃŒrska
     got: Spojené kráľovstvo Veľkej Británie a SevernéhoÌrska
 ; [cca2=GB].translations.spa.official
Expected: Reino Unido de Gran BretaÃ±a e Irlanda del Norte
     got: Reino Unido de Gran Bretaña e Irlanda del Norte
 ; [cca2=GB].translations.srp.common
Expected: Ð£Ñ˜ÐµÐ´Ð¸ÑšÐµÐ½Ð¾ ÐšÑ€Ð°Ñ™ÐµÐ²Ñ�Ñ‚Ð²Ð¾
     got: Уједињено Краљевство
 ; [cca2=GB].translations.srp.official
Expected: Ð£Ñ˜ÐµÐ´Ð¸ÑšÐµÐ½Ð¾ ÐšÑ€Ð°Ñ™ÐµÐ²Ñ�Ñ‚Ð²Ð¾ Ð’ÐµÐ»Ð¸ÐºÐµ Ð‘Ñ€Ð¸Ñ‚Ð°Ð½Ð¸Ñ˜Ðµ Ð¸ Ð¡ÐµÐ²ÐµÑ€Ð½Ðµ Ð˜Ñ€Ñ�ÐºÐµ
     got: Уједињено Краљевство Велике Британије и Северне Ирске
 ; [cca2=GB].translations.swe.official
Expected: FÃ¶renade konungariket Storbritannien och Nordirland
     got: Förenade konungariket Storbritannien och Nordirland
 ; [cca2=GB].translations.tur.common
Expected: BirleÅŸik KrallÄ±k
     got: Birleşik Krallık
 ; [cca2=GB].translations.tur.official
Expected: BÃ¼yÃ¼k Britanya ve Kuzey Ä°rlanda BirleÅŸik KrallÄ±ÄŸÄ±
     got: Büyük Britanya ve Kuzey İrlanda Birleşik Krallığı
 ; [cca2=GB].translations.urd.common
Expected: Ù…Ù…Ù„Ú©ØªÙ� Ù…ØªØ­Ø¯Û�
     got: مملکتِ متحدہ
 ; [cca2=GB].translations.urd.official
Expected: Ù…Ù…Ù„Ú©ØªÙ� Ù…ØªØ­Ø¯Û� Ø¨Ø±Ø·Ø§Ù†ÛŒÛ� Ø¹Ø¸Ù…ÛŒ Ùˆ Ø´Ù…Ø§Ù„ÛŒ Ø¢Ø¦Ø±Ù„ÛŒÙ†Úˆ
     got: مملکتِ متحدہ برطانیہ عظمی و شمالی آئرلینڈ
 ; [cca2=GB].translations.zho.common
Expected: è‹±å›½
     got: 英国
 ; [cca2=GB].translations.zho.official
Expected: å¤§ä¸�åˆ—é¢ å�ŠåŒ—çˆ±å°”å…°è�”å�ˆçŽ‹å›½
     got: 大不列颠及北爱尔兰联合王国
 ; [cca2=WS].altSpellings[]
Expected: Malo SaÊ»oloto TutoÊ»atasi o SÄ�moa
     but none found
 ; [cca2=WS].altSpellings[]
Unexpected: Malo Saʻoloto Tutoʻatasi o Sāmoa
 ; [cca2=WS].currencies.WST.name
Expected: Samoan tÄ�lÄ�
     got: Samoan tālā
 ; [cca2=WS].flag
Expected: ðŸ‡¼ðŸ‡¸
     got: 🇼🇸
 ; [cca2=WS].name.nativeName.smo.common
Expected: SÄ�moa
     got: Sāmoa
 ; [cca2=WS].name.nativeName.smo.official
Expected: Malo SaÊ»oloto TutoÊ»atasi o SÄ�moa
     got: Malo Saʻoloto Tutoʻatasi o Sāmoa
 ; [cca2=WS].translations.ara.common
Expected: Ø³Ø§Ù…ÙˆØ§
     got: ساموا
 ; [cca2=WS].translations.ara.official
Expected: Ø¯ÙˆÙ„Ø© Ø³Ø§Ù…ÙˆØ§ Ø§Ù„Ù…Ø³ØªÙ‚Ù„Ø©
     got: دولة ساموا المستقلة
 ; [cca2=WS].translations.ces.official
Expected: NezÃ¡vislÃ½ stÃ¡t Samoa
     got: Nezávislý stát Samoa
 ; [cca2=WS].translations.deu.official
Expected: UnabhÃ¤ngige Staat Samoa
     got: Unabhängige Staat Samoa
 ; [cca2=WS].translations.fin.official
Expected: Samoan itsenÃ¤inen valtio
     got: Samoan itsenäinen valtio
 ; [cca2=WS].translations.hrv.official
Expected: Nezavisna DrÅ¾ava Samoa
     got: Nezavisna Država Samoa
 ; [cca2=WS].translations.hun.official
Expected: Szamoai FÃ¼ggetlen Ã�llam
     got: Szamoai Független Állam
 ; [cca2=WS].translations.jpn.common
Expected: ã‚µãƒ¢ã‚¢
     got: サモア
 ; [cca2=WS].translations.jpn.official
Expected: ã‚µãƒ¢ã‚¢ç‹¬ç«‹å›½
     got: サモア独立国
 ; [cca2=WS].translations.kor.common
Expected: ì‚¬ëª¨ì•„
     got: 사모아
 ; [cca2=WS].translations.kor.official
Expected: ì‚¬ëª¨ì•„ ë�…ë¦½êµ­
     got: 사모아 독립국
 ; [cca2=WS].translations.per.common
Expected: Ø³Ø§Ù…ÙˆØ¢
     got: ساموآ
 ; [cca2=WS].translations.per.official
Expected: Ø§ÛŒØ§Ù„Øª Ù…Ø³ØªÙ‚Ù„ Ø³Ø§Ù…ÙˆØ¢
     got: ایالت مستقل ساموآ
 ; [cca2=WS].translations.pol.official
Expected: NiezaleÅ¼ne PaÅ„stwo Samoa
     got: Niezależne Państwo Samoa
 ; [cca2=WS].translations.rus.common
Expected: Ð¡Ð°Ð¼Ð¾Ð°
     got: Самоа
 ; [cca2=WS].translations.rus.official
Expected: Ð�ÐµÐ·Ð°Ð²Ð¸Ñ�Ð¸Ð¼Ð¾Ðµ Ð“Ð¾Ñ�ÑƒÐ´Ð°Ñ€Ñ�Ñ‚Ð²Ð¾ Ð¡Ð°Ð¼Ð¾Ð°
     got: Независимое Государство Самоа
 ; [cca2=WS].translations.slk.official
Expected: NezÃ¡vislÃ½ Å¡tÃ¡tSamoa
     got: Nezávislý štátSamoa
 ; [cca2=WS].translations.srp.common
Expected: Ð¡Ð°Ð¼Ð¾Ð°
     got: Самоа
 ; [cca2=WS].translations.srp.official
Expected: Ð�ÐµÐ·Ð°Ð²Ð¸Ñ�Ð½Ð° Ð”Ñ€Ð¶Ð°Ð²Ð° Ð¡Ð°Ð¼Ð¾Ð°
     got: Независна Држава Самоа
 ; [cca2=WS].translations.swe.official
Expected: SjÃ¤lvstÃ¤ndiga staten Samoa
     got: Självständiga staten Samoa
 ; [cca2=WS].translations.tur.common
Expected: BaÄŸÄ±msÄ±z Samoa Devleti
     got: Bağımsız Samoa Devleti
 ; [cca2=WS].translations.tur.official
Expected: BaÄŸÄ±msÄ±z Samoa Devleti
     got: Bağımsız Samoa Devleti
 ; [cca2=WS].translations.urd.common
Expected: Ø³Ø§Ù…ÙˆÙˆØ§
     got: سامووا
 ; [cca2=WS].translations.urd.official
Expected: Ø¢Ø²Ø§Ø¯ Ø³Ù„Ø·Ù†ØªÙ� Ø³Ø§Ù…ÙˆØ§
     got: آزاد سلطنتِ ساموا
 ; [cca2=WS].translations.zho.common
Expected: è�¨æ‘©äºš
     got: 萨摩亚
 ; [cca2=WS].translations.zho.official
Expected: è�¨æ‘©äºšç‹¬ç«‹å›½
     got: 萨摩亚独立国
 ; [cca2=GD].flag
Expected: ðŸ‡¬ðŸ‡©
     got: 🇬🇩
 ; [cca2=GD].translations.ara.common
Expected: ØºØ±ÙŠÙ†Ø§Ø¯Ø§
     got: غرينادا
 ; [cca2=GD].translations.ara.official
Expected: ØºØ±ÙŠÙ†Ø§Ø¯Ø§
     got: غرينادا
 ; [cca2=GD].translations.jpn.common
Expected: ã‚°ãƒ¬ãƒŠãƒ€
     got: グレナダ
 ; [cca2=GD].translations.jpn.official
Expected: ã‚°ãƒ¬ãƒŠãƒ€
     got: グレナダ
 ; [cca2=GD].translations.kor.common
Expected: ê·¸ë ˆë‚˜ë‹¤
     got: 그레나다
 ; [cca2=GD].translations.kor.official
Expected: ê·¸ë ˆë‚˜ë‹¤
     got: 그레나다
 ; [cca2=GD].translations.per.common
Expected: Ú¯Ø±Ù†Ø§Ø¯Ø§
     got: گرنادا
 ; [cca2=GD].translations.per.official
Expected: Ú¯Ø±Ù†Ø§Ø¯Ø§
     got: گرنادا
 ; [cca2=GD].translations.rus.common
Expected: Ð“Ñ€ÐµÐ½Ð°Ð´Ð°
     got: Гренада
 ; [cca2=GD].translations.rus.official
Expected: Ð“Ñ€ÐµÐ½Ð°Ð´Ð°
     got: Гренада
 ; [cca2=GD].translations.srp.common
Expected: Ð“Ñ€ÐµÐ½Ð°Ð´Ð°
     got: Гренада
 ; [cca2=GD].translations.srp.official
Expected: Ð“Ñ€ÐµÐ½Ð°Ð´Ð°
     got: Гренада
 ; [cca2=GD].translations.urd.common
Expected: Ú¯Ø±ÛŒÙ†Ø§ÚˆØ§
     got: گریناڈا
 ; [cca2=GD].translations.urd.official
Expected: Ú¯Ø±ÛŒÙ†Ø§ÚˆØ§
     got: گریناڈا
 ; [cca2=GD].translations.zho.common
Expected: æ ¼æž—çº³è¾¾
     got: 格林纳达
 ; [cca2=GD].translations.zho.official
Expected: æ ¼æž—çº³è¾¾
     got: 格林纳达
 ; [cca2=GE].currencies.GEL.symbol
Expected: â‚¾
     got: ₾
 ; [cca2=GE].demonyms.fra.f
Expected: GÃ©orgienne
     got: Géorgienne
 ; [cca2=GE].demonyms.fra.m
Expected: GÃ©orgien
     got: Géorgien
 ; [cca2=GE].flag
Expected: ðŸ‡¬ðŸ‡ª
     got: 🇬🇪
 ; [cca2=GE].name.nativeName.kat.common
Expected: áƒ¡áƒ�áƒ¥áƒ�áƒ áƒ—áƒ•áƒ”áƒšáƒ�
     got: საქართველო
 ; [cca2=GE].name.nativeName.kat.official
Expected: áƒ¡áƒ�áƒ¥áƒ�áƒ áƒ—áƒ•áƒ”áƒšáƒ�
     got: საქართველო
 ; [cca2=GE].translations.ara.common
Expected: Ø¬ÙˆØ±Ø¬ÙŠØ§
     got: جورجيا
 ; [cca2=GE].translations.ara.official
Expected: Ø¬ÙˆØ±Ø¬ÙŠØ§
     got: جورجيا
 ; [cca2=GE].translations.fra.common
Expected: GÃ©orgie
     got: Géorgie
 ; [cca2=GE].translations.fra.official
Expected: RÃ©publique de GÃ©orgie
     got: République de Géorgie
 ; [cca2=GE].translations.hun.common
Expected: GrÃºzia
     got: Grúzia
 ; [cca2=GE].translations.hun.official
Expected: GrÃºzia
     got: Grúzia
 ; [cca2=GE].translations.jpn.common
Expected: ã‚°ãƒ«ã‚¸ã‚¢
     got: グルジア
 ; [cca2=GE].translations.jpn.official
Expected: ã‚°ãƒ«ã‚¸ã‚¢
     got: グルジア
 ; [cca2=GE].translations.kor.common
Expected: ì¡°ì§€ì•„
     got: 조지아
 ; [cca2=GE].translations.kor.official
Expected: ì¡°ì§€ì•„
     got: 조지아
 ; [cca2=GE].translations.nld.common
Expected: GeorgiÃ«
     got: Georgië
 ; [cca2=GE].translations.per.common
Expected: Ú¯Ø±Ø¬Ø³ØªØ§Ù†
     got: گرجستان
 ; [cca2=GE].translations.per.official
Expected: Ú¯Ø±Ø¬Ø³ØªØ§Ù†
     got: گرجستان
 ; [cca2=GE].translations.por.common
Expected: GeÃ³rgia
     got: Geórgia
 ; [cca2=GE].translations.rus.common
Expected: Ð“Ñ€ÑƒÐ·Ð¸Ñ�
     got: Грузия
 ; [cca2=GE].translations.rus.official
Expected: Ð“Ñ€ÑƒÐ·Ð¸Ñ�
     got: Грузия
 ; [cca2=GE].translations.slk.common
Expected: GruzÃ­nsko
     got: Gruzínsko
 ; [cca2=GE].translations.slk.official
Expected: GruzÃ­nsko
     got: Gruzínsko
 ; [cca2=GE].translations.srp.common
Expected: Ð“Ñ€ÑƒÐ·Ð¸Ñ˜Ð°
     got: Грузија
 ; [cca2=GE].translations.srp.official
Expected: Ð“Ñ€ÑƒÐ·Ð¸Ñ˜Ð°
     got: Грузија
 ; [cca2=GE].translations.tur.common
Expected: GÃ¼rcistan
     got: Gürcistan
 ; [cca2=GE].translations.tur.official
Expected: GÃ¼rcistan
     got: Gürcistan
 ; [cca2=GE].translations.urd.common
Expected: Ø¬Ø§Ø±Ø¬ÛŒØ§
     got: جارجیا
 ; [cca2=GE].translations.urd.official
Expected: Ø¬Ø§Ø±Ø¬ÛŒØ§
     got: جارجیا
 ; [cca2=GE].translations.zho.common
Expected: æ ¼é²�å�‰äºš
     got: 格鲁吉亚
 ; [cca2=GE].translations.zho.official
Expected: æ ¼é²�å�‰äºš
     got: 格鲁吉亚
 ; [cca2=GF].currencies.EUR.symbol
Expected: â‚¬
     got: €
 ; [cca2=GF].flag
Expected: ðŸ‡¬ðŸ‡«
     got: 🇬🇫
 ; [cca2=GF].name.nativeName.fra.common
Expected: Guyane franÃ§aise
     got: Guyane française
 ; [cca2=GF].translations.ara.common
Expected: ØºÙˆÙŠØ§Ù†Ø§
     got: غويانا
 ; [cca2=GF].translations.ara.official
Expected: ØºÙˆÙŠØ§Ù†Ø§ Ø§Ù„Ù�Ø±Ù†Ø³ÙŠØ©
     got: غويانا الفرنسية
 ; [cca2=GF].translations.ces.common
Expected: FrancouzskÃ¡ Guyana
     got: Francouzská Guyana
 ; [cca2=GF].translations.ces.official
Expected: FrancouzskÃ¡ Guyana
     got: Francouzská Guyana
 ; [cca2=GF].translations.deu.common
Expected: FranzÃ¶sisch-Guayana
     got: Französisch-Guayana
 ; [cca2=GF].translations.deu.official
Expected: FranzÃ¶sisch-Guayana
     got: Französisch-Guayana
 ; [cca2=GF].translations.jpn.common
Expected: ãƒ•ãƒ©ãƒ³ã‚¹é ˜ã‚®ã‚¢ãƒŠ
     got: フランス領ギアナ
 ; [cca2=GF].translations.jpn.official
Expected: ã‚®ã‚¢ãƒŠ
     got: ギアナ
 ; [cca2=GF].translations.kor.common
Expected: í”„ëž‘ìŠ¤ë ¹ ê¸°ì•„ë‚˜
     got: 프랑스령 기아나
 ; [cca2=GF].translations.kor.official
Expected: í”„ëž‘ìŠ¤ë ¹ ê¸°ì•„ë‚˜
     got: 프랑스령 기아나
 ; [cca2=GF].translations.per.common
Expected: Ú¯ÙˆÛŒØ§Ù† Ù�Ø±Ø§Ù†Ø³Ù‡
     got: گویان فرانسه
 ; [cca2=GF].translations.per.official
Expected: Ú¯ÙˆÛŒØ§Ù† Ù�Ø±Ø§Ù†Ø³Ù‡
     got: گویان فرانسه
 ; [cca2=GF].translations.rus.common
Expected: Ð¤Ñ€Ð°Ð½Ñ†ÑƒÐ·Ñ�ÐºÐ°Ñ� Ð“Ð²Ð¸Ð°Ð½Ð°
     got: Французская Гвиана
 ; [cca2=GF].translations.rus.official
Expected: Ð“Ð²Ð¸Ð°Ð½Ð°
     got: Гвиана
 ; [cca2=GF].translations.slk.official
Expected: FrancÃºzska Guyana
     got: Francúzska Guyana
 ; [cca2=GF].translations.srp.common
Expected: Ð¤Ñ€Ð°Ð½Ñ†ÑƒÑ�ÐºÐ° Ð“Ð²Ð°Ñ˜Ð°Ð½Ð°
     got: Француска Гвајана
 ; [cca2=GF].translations.srp.official
Expected: Ð¤Ñ€Ð°Ð½Ñ†ÑƒÑ�ÐºÐ° Ð“Ð²Ð°Ñ˜Ð°Ð½Ð°
     got: Француска Гвајана
 ; [cca2=GF].translations.tur.common
Expected: FransÄ±z GuyanasÄ±
     got: Fransız Guyanası
 ; [cca2=GF].translations.tur.official
Expected: FransÄ±z GuyanasÄ±
     got: Fransız Guyanası
 ; [cca2=GF].translations.urd.common
Expected: Ù�Ø±Ø§Ù†Ø³ÛŒØ³ÛŒ Ú¯ÛŒØ§Ù†Ø§
     got: فرانسیسی گیانا
 ; [cca2=GF].translations.urd.official
Expected: Ú¯ÛŒØ§Ù†Ø§
     got: گیانا
 ; [cca2=GF].translations.zho.common
Expected: æ³•å±žåœ­äºšé‚£
     got: 法属圭亚那
 ; [cca2=GF].translations.zho.official
Expected: æ³•å±žåœ­äºšé‚£
     got: 法属圭亚那
 ; [cca2=GG].currencies.GBP.symbol
Expected: Â£
     got: £
 ; [cca2=GG].currencies.GGP.symbol
Expected: Â£
     got: £
 ; [cca2=GG].flag
Expected: ðŸ‡¬ðŸ‡¬
     got: 🇬🇬
 ; [cca2=GG].languages.nfr
Expected: GuernÃ©siais
     got: Guernésiais
 ; [cca2=GG].name.nativeName.nfr.common
Expected: DgÃ¨rnÃ©siais
     got: Dgèrnésiais
 ; [cca2=GG].name.nativeName.nfr.official
Expected: DgÃ¨rnÃ©siais
     got: Dgèrnésiais
 ; [cca2=GG].translations.ara.common
Expected: ØºÙŠØ±Ù†Ø²ÙŠ
     got: غيرنزي
 ; [cca2=GG].translations.ara.official
Expected: ØºÙŠØ±Ù†Ø²ÙŠ
     got: غيرنزي
 ; [cca2=GG].translations.ces.official
Expected: RychtÃ¡Å™stvÃ­ Guernsey
     got: Rychtářství Guernsey
 ; [cca2=GG].translations.jpn.common
Expected: ã‚¬ãƒ¼ãƒ³ã‚¸ãƒ¼
     got: ガーンジー
 ; [cca2=GG].translations.jpn.official
Expected: ã‚¬ãƒ¼ãƒ³ã‚¸ãƒ¼ã�®å¾—æ„�åˆ†é‡Ž
     got: ガーンジーの得意分野
 ; [cca2=GG].translations.kor.common
Expected: ê±´ì§€ ì„¬
     got: 건지 섬
 ; [cca2=GG].translations.kor.official
Expected: ê±´ì§€ ì„¬
     got: 건지 섬
 ; [cca2=GG].translations.per.common
Expected: Ú¯Ø±Ù†Ø²ÛŒ
     got: گرنزی
 ; [cca2=GG].translations.per.official
Expected: Ú¯Ø±Ù†Ø²ÛŒ
     got: گرنزی
 ; [cca2=GG].translations.rus.common
Expected: Ð“ÐµÑ€Ð½Ñ�Ð¸
     got: Гернси
 ; [cca2=GG].translations.rus.official
Expected: ÐšÐ¾Ñ€Ð¾Ð½Ð½Ð¾Ðµ Ð²Ð»Ð°Ð´ÐµÐ½Ð¸Ðµ Ð“ÐµÑ€Ð½Ñ�Ð¸
     got: Коронное владение Гернси
 ; [cca2=GG].translations.spa.official
Expected: BailÃ­a de Guernsey
     got: Bailía de Guernsey
 ; [cca2=GG].translations.srp.common
Expected: Ð“ÐµÑ€Ð½Ð·Ð¸
     got: Гернзи
 ; [cca2=GG].translations.srp.official
Expected: Ð‘ÐµÑ˜Ð»Ð¸Ð²Ð¸Ðº Ð“ÐµÑ€Ð½Ð·Ð¸
     got: Бејливик Гернзи
 ; [cca2=GG].translations.tur.official
Expected: Guernsey MuhafÄ±zlÄ±ÄŸÄ±
     got: Guernsey Muhafızlığı
 ; [cca2=GG].translations.urd.common
Expected: Ú¯Ø±Ù†Ø²ÛŒ
     got: گرنزی
 ; [cca2=GG].translations.urd.official
Expected: Ú¯Ø±Ù†Ø²ÛŒ Ø±ÙˆØ¯Ø¨Ø§Ø±
     got: گرنزی رودبار
 ; [cca2=GG].translations.zho.common
Expected: æ ¹è¥¿å²›
     got: 根西岛
 ; [cca2=GG].translations.zho.official
Expected: æ ¹è¥¿å²›
     got: 根西岛
 ; [cca2=GH].currencies.GHS.symbol
Expected: â‚µ
     got: ₵
 ; [cca2=GH].demonyms.fra.f
Expected: GhanÃ©enne
     got: Ghanéenne
 ; [cca2=GH].demonyms.fra.m
Expected: GhanÃ©en
     got: Ghanéen
 ; [cca2=GH].flag
Expected: ðŸ‡¬ðŸ‡­
     got: 🇬🇭
 ; [cca2=GH].translations.ara.common
Expected: ØºØ§Ù†Ø§
     got: غانا
 ; [cca2=GH].translations.ara.official
Expected: Ø¬Ù…Ù‡ÙˆØ±ÙŠØ© ØºØ§Ù†Ø§
     got: جمهورية غانا
 ; [cca2=GH].translations.ces.official
Expected: GhanskÃ¡ republika
     got: Ghanská republika
 ; [cca2=GH].translations.fra.official
Expected: RÃ©publique du Ghana
     got: République du Ghana
 ; [cca2=GH].translations.hun.common
Expected: GhÃ¡na
     got: Ghána
 ; [cca2=GH].translations.hun.official
Expected: GhÃ¡nai KÃ¶ztÃ¡rsasÃ¡g
     got: Ghánai Köztársaság
 ; [cca2=GH].translations.jpn.common
Expected: ã‚¬ãƒ¼ãƒŠ
     got: ガーナ
 ; [cca2=GH].translations.jpn.official
Expected: ã‚¬ãƒ¼ãƒŠå…±å’Œå›½
     got: ガーナ共和国
 ; [cca2=GH].translations.kor.common
Expected: ê°€ë‚˜
     got: 가나
 ; [cca2=GH].translations.kor.official
Expected: ê°€ë‚˜ ê³µí™”êµ­
     got: 가나 공화국
 ; [cca2=GH].translations.per.common
Expected: ØºÙ†Ø§
     got: غنا
 ; [cca2=GH].translations.per.official
Expected: Ø¬Ù…Ù‡ÙˆØ±ÛŒ ØºÙ†Ø§
     got: جمهوری غنا
 ; [cca2=GH].translations.por.official
Expected: RepÃºblica do Gana
     got: República do Gana
 ; [cca2=GH].translations.rus.common
Expected: Ð“Ð°Ð½Ð°
     got: Гана
 ; [cca2=GH].translations.rus.official
Expected: Ð ÐµÑ�Ð¿ÑƒÐ±Ð»Ð¸ÐºÐ° Ð“Ð°Ð½Ð°
     got: Республика Гана
 ; [cca2=GH].translations.slk.official
Expected: GhanskÃ¡ republika
     got: Ghanská republika
 ; [cca2=GH].translations.spa.official
Expected: RepÃºblica de Ghana
     got: República de Ghana
 ; [cca2=GH].translations.srp.common
Expected: Ð“Ð°Ð½Ð°
     got: Гана
 ; [cca2=GH].translations.srp.official
Expected: Ð ÐµÐ¿ÑƒÐ±Ð»Ð¸ÐºÐ° Ð“Ð°Ð½Ð°
     got: Република Гана
 ; [cca2=GH].translations.urd.common
Expected: Ú¯Ú¾Ø§Ù†Ø§
     got: گھانا
 ; [cca2=GH].translations.urd.official
Expected: Ø¬Ù…Û�ÙˆØ±ÛŒÛ� Ú¯Ú¾Ø§Ù†Ø§
     got: جمہوریہ گھانا
 ; [cca2=GH].translations.zho.common
Expected: åŠ çº³
     got: 加纳
 ; [cca2=GH].translations.zho.official
Expected: åŠ çº³å…±å’Œå›½
     got: 加纳共和国
 ; [cca2=GI].currencies.GIP.symbol
Expected: Â£
     got: £
 ; [cca2=GI].flag
Expected: ðŸ‡¬ðŸ‡®
     got: 🇬🇮
 ; [cca2=GI].translations.ara.common
Expected: Ø¬Ø¨Ù„ Ø·Ø§Ø±Ù‚
     got: جبل طارق
 ; [cca2=GI].translations.ara.official
Expected: Ø¬Ø¨Ù„ Ø·Ø§Ø±Ù‚
     got: جبل طارق
 ; [cca2=GI].translations.hun.common
Expected: GibraltÃ¡r
     got: Gibraltár
 ; [cca2=GI].translations.hun.official
Expected: GibraltÃ¡r
     got: Gibraltár
 ; [cca2=GI].translations.jpn.common
Expected: ã‚¸ãƒ–ãƒ©ãƒ«ã‚¿ãƒ«
     got: ジブラルタル
 ; [cca2=GI].translations.jpn.official
Expected: ã‚¸ãƒ–ãƒ©ãƒ«ã‚¿ãƒ«
     got: ジブラルタル
 ; [cca2=GI].translations.kor.common
Expected: ì§€ë¸Œë¡¤í„°
     got: 지브롤터
 ; [cca2=GI].translations.kor.official
Expected: ì§€ë¸Œë¡¤í„°
     got: 지브롤터
 ; [cca2=GI].translations.per.common
Expected: Ø¬Ø¨Ù„ Ø·Ø§Ø±Ù‚
     got: جبل طارق
 ; [cca2=GI].translations.per.official
Expected: Ø¬Ø¨Ù„ Ø·Ø§Ø±Ù‚
     got: جبل طارق
 ; [cca2=GI].translations.rus.common
Expected: Ð“Ð¸Ð±Ñ€Ð°Ð»Ñ‚Ð°Ñ€
     got: Гибралтар
 ; [cca2=GI].translations.rus.official
Expected: Ð“Ð¸Ð±Ñ€Ð°Ð»Ñ‚Ð°Ñ€
     got: Гибралтар
 ; [cca2=GI].translations.slk.common
Expected: GibraltÃ¡r
     got: Gibraltár
 ; [cca2=GI].translations.slk.official
Expected: GibraltÃ¡r
     got: Gibraltár
 ; [cca2=GI].translations.srp.common
Expected: Ð“Ð¸Ð±Ñ€Ð°Ð»Ñ‚Ð°Ñ€
     got: Гибралтар
 ; [cca2=GI].translations.srp.official
Expected: Ð“Ð¸Ð±Ñ€Ð°Ð»Ñ‚Ð°Ñ€
     got: Гибралтар
 ; [cca2=GI].translations.tur.common
Expected: CebelitarÄ±k
     got: Cebelitarık
 ; [cca2=GI].translations.tur.official
Expected: CebelitarÄ±k
     got: Cebelitarık
 ; [cca2=GI].translations.urd.common
Expected: Ø¬Ø¨Ù„ Ø§Ù„Ø·Ø§Ø±Ù‚
     got: جبل الطارق
 ; [cca2=GI].translations.urd.official
Expected: Ø¬Ø¨Ù„ Ø§Ù„Ø·Ø§Ø±Ù‚
     got: جبل الطارق
 ; [cca2=GI].translations.zho.common
Expected: ç›´å¸ƒç½—é™€
     got: 直布罗陀
 ; [cca2=GI].translations.zho.official
Expected: ç›´å¸ƒç½—é™€
     got: 直布罗陀
 ; [cca2=GL].altSpellings[]
Expected: GrÃ¸nland
     but none found
 ; [cca2=GL].altSpellings[]
Unexpected: Grønland
 ; [cca2=GL].flag
Expected: ðŸ‡¬ðŸ‡±
     got: 🇬🇱
 ; [cca2=GL].translations.ara.common
Expected: Ø¬Ø±ÙŠÙ†Ù„Ø§Ù†Ø¯
     got: جرينلاند
 ; [cca2=GL].translations.ara.official
Expected: Ø¬Ø±ÙŠÙ†Ù„Ø§Ù†Ø¯
     got: جرينلاند
 ; [cca2=GL].translations.ces.common
Expected: GrÃ³nsko
     got: Grónsko
 ; [cca2=GL].translations.ces.official
Expected: GrÃ³nsko
     got: Grónsko
 ; [cca2=GL].translations.deu.common
Expected: GrÃ¶nland
     got: Grönland
 ; [cca2=GL].translations.deu.official
Expected: GrÃ¶nland
     got: Grönland
 ; [cca2=GL].translations.est.common
Expected: GrÃ¶Ã¶nimaa
     got: Gröönimaa
 ; [cca2=GL].translations.est.official
Expected: GrÃ¶Ã¶nimaa
     got: Gröönimaa
 ; [cca2=GL].translations.fin.common
Expected: GroÃ¶nlanti
     got: Groönlanti
 ; [cca2=GL].translations.fin.official
Expected: GroÃ¶nlanti
     got: Groönlanti
 ; [cca2=GL].translations.hun.common
Expected: GrÃ¶nland
     got: Grönland
 ; [cca2=GL].translations.hun.official
Expected: GrÃ¶nland
     got: Grönland
 ; [cca2=GL].translations.jpn.common
Expected: ã‚°ãƒªãƒ¼ãƒ³ãƒ©ãƒ³ãƒ‰
     got: グリーンランド
 ; [cca2=GL].translations.jpn.official
Expected: ã‚°ãƒªãƒ¼ãƒ³ãƒ©ãƒ³ãƒ‰
     got: グリーンランド
 ; [cca2=GL].translations.kor.common
Expected: ê·¸ë¦°ëž€ë“œ
     got: 그린란드
 ; [cca2=GL].translations.kor.official
Expected: ê·¸ë¦°ëž€ë“œ
     got: 그린란드
 ; [cca2=GL].translations.per.common
Expected: Ú¯Ø±ÛŒÙ†Ù„Ù†Ø¯
     got: گرینلند
 ; [cca2=GL].translations.per.official
Expected: Ú¯Ø±ÙˆØ¦Ù†Ù„Ù†Ø¯
     got: گروئنلند
 ; [cca2=GL].translations.por.common
Expected: GronelÃ¢ndia
     got: Gronelândia
 ; [cca2=GL].translations.por.official
Expected: GroenlÃ¢ndia
     got: Groenlândia
 ; [cca2=GL].translations.rus.common
Expected: Ð“Ñ€ÐµÐ½Ð»Ð°Ð½Ð´Ð¸Ñ�
     got: Гренландия
 ; [cca2=GL].translations.rus.official
Expected: Ð“Ñ€ÐµÐ½Ð»Ð°Ð½Ð´Ð¸Ñ�
     got: Гренландия
 ; [cca2=GL].translations.slk.common
Expected: GrÃ³nsko
     got: Grónsko
 ; [cca2=GL].translations.slk.official
Expected: GrÃ³nsko
     got: Grónsko
 ; [cca2=GL].translations.srp.common
Expected: Ð“Ñ€ÐµÐ½Ð»Ð°Ð½Ð´
     got: Гренланд
 ; [cca2=GL].translations.srp.official
Expected: Ð“Ñ€ÐµÐ½Ð»Ð°Ð½Ð´
     got: Гренланд
 ; [cca2=GL].translations.swe.common
Expected: GrÃ¶nland
     got: Grönland
 ; [cca2=GL].translations.swe.official
Expected: GrÃ¶nland
     got: Grönland
 ; [cca2=GL].translations.tur.common
Expected: GrÃ¶nland
     got: Grönland
 ; [cca2=GL].translations.tur.official
Expected: GrÃ¶nland
     got: Grönland
 ; [cca2=GL].translations.urd.common
Expected: Ú¯Ø±ÛŒÙ† Ù„ÛŒÙ†Úˆ
     got: گرین لینڈ
 ; [cca2=GL].translations.urd.official
Expected: Ú¯Ø±ÛŒÙ† Ù„ÛŒÙ†Úˆ
     got: گرین لینڈ
 ; [cca2=GL].translations.zho.common
Expected: æ ¼é™µå…°
     got: 格陵兰
 ; [cca2=GL].translations.zho.official
Expected: æ ¼é™µå…°
     got: 格陵兰
 ; [cca2=GM].flag
Expected: ðŸ‡¬ðŸ‡²
     got: 🇬🇲
 ; [cca2=GM].translations.ara.common
Expected: ØºØ§Ù…Ø¨ÙŠØ§
     got: غامبيا
 ; [cca2=GM].translations.ara.official
Expected: Ø¬Ù…Ù‡ÙˆØ±ÙŠØ© ØºØ§Ù…Ø¨ÙŠØ§
     got: جمهورية غامبيا
 ; [cca2=GM].translations.ces.official
Expected: GambijskÃ¡ republika
     got: Gambijská republika
 ; [cca2=GM].translations.fra.official
Expected: RÃ©publique de Gambie
     got: République de Gambie
 ; [cca2=GM].translations.hun.official
Expected: Gambiai KÃ¶ztÃ¡rsasÃ¡g
     got: Gambiai Köztársaság
 ; [cca2=GM].translations.jpn.common
Expected: ã‚¬ãƒ³ãƒ“ã‚¢
     got: ガンビア
 ; [cca2=GM].translations.jpn.official
Expected: ã‚¬ãƒ³ãƒ“ã‚¢å…±å’Œå›½
     got: ガンビア共和国
 ; [cca2=GM].translations.kor.common
Expected: ê°�ë¹„ì•„
     got: 감비아
 ; [cca2=GM].translations.kor.official
Expected: ê°�ë¹„ì•„ ê³µí™”êµ­
     got: 감비아 공화국
 ; [cca2=GM].translations.per.common
Expected: Ú¯Ø§Ù…Ø¨ÛŒØ§
     got: گامبیا
 ; [cca2=GM].translations.per.official
Expected: Ø¬Ù…Ù‡ÙˆØ±ÛŒ Ú¯Ø§Ù…Ø¨ÛŒØ§
     got: جمهوری گامبیا
 ; [cca2=GM].translations.por.common
Expected: GÃ¢mbia
     got: Gâmbia
 ; [cca2=GM].translations.por.official
Expected: RepÃºblica da GÃ¢mbia
     got: República da Gâmbia
 ; [cca2=GM].translations.rus.common
Expected: Ð“Ð°Ð¼Ð±Ð¸Ñ�
     got: Гамбия
 ; [cca2=GM].translations.rus.official
Expected: Ð ÐµÑ�Ð¿ÑƒÐ±Ð»Ð¸ÐºÐ° Ð“Ð°Ð¼Ð±Ð¸Ñ�
     got: Республика Гамбия
 ; [cca2=GM].translations.slk.official
Expected: GambijskÃ¡ republika
     got: Gambijská republika
 ; [cca2=GM].translations.spa.official
Expected: RepÃºblica de Gambia
     got: República de Gambia
 ; [cca2=GM].translations.srp.common
Expected: Ð“Ð°Ð¼Ð±Ð¸Ñ˜Ð°
     got: Гамбија
 ; [cca2=GM].translations.srp.official
Expected: Ð ÐµÐ¿ÑƒÐ±Ð»Ð¸ÐºÐ° Ð“Ð°Ð¼Ð±Ð¸Ñ˜Ð°
     got: Република Гамбија
 ; [cca2=GM].translations.urd.common
Expected: Ú¯ÛŒÙ…Ø¨ÛŒØ§
     got: گیمبیا
 ; [cca2=GM].translations.urd.official
Expected: Ø¬Ù…Û�ÙˆØ±ÛŒÛ� Ú¯ÛŒÙ…Ø¨ÛŒØ§
     got: جمہوریہ گیمبیا
 ; [cca2=GM].translations.zho.common
Expected: å†ˆæ¯”äºš
     got: 冈比亚
 ; [cca2=GM].translations.zho.official
Expected: å†ˆæ¯”äºšå…±å’Œå›½
     got: 冈比亚共和国
 ; [cca2=GN].altSpellings[]
Expected: RÃ©publique de GuinÃ©e
     but none found
 ; [cca2=GN].altSpellings[]
Unexpected: République de Guinée
 ; [cca2=GN].demonyms.fra.f
Expected: GuinÃ©enne
     got: Guinéenne
 ; [cca2=GN].demonyms.fra.m
Expected: GuinÃ©en
     got: Guinéen
 ; [cca2=GN].flag
Expected: ðŸ‡¬ðŸ‡³
     got: 🇬🇳
 ; [cca2=GN].name.nativeName.fra.common
Expected: GuinÃ©e
     got: Guinée
 ; [cca2=GN].name.nativeName.fra.official
Expected: RÃ©publique de GuinÃ©e
     got: République de Guinée
 ; [cca2=GN].translations.ara.common
Expected: ØºÙŠÙ†ÙŠØ§
     got: غينيا
 ; [cca2=GN].translations.ara.official
Expected: Ø¬Ù…Ù‡ÙˆØ±ÙŠØ© ØºÙŠÙ†ÙŠØ§
     got: جمهورية غينيا
 ; [cca2=GN].translations.ces.official
Expected: GuinejskÃ¡ republika
     got: Guinejská republika
 ; [cca2=GN].translations.fra.common
Expected: GuinÃ©e
     got: Guinée
 ; [cca2=GN].translations.fra.official
Expected: RÃ©publique de GuinÃ©e
     got: République de Guinée
 ; [cca2=GN].translations.hun.official
Expected: Guineai KÃ¶ztÃ¡rsasÃ¡g
     got: Guineai Köztársaság
 ; [cca2=GN].translations.jpn.common
Expected: ã‚®ãƒ‹ã‚¢
     got: ギニア
 ; [cca2=GN].translations.jpn.official
Expected: ã‚®ãƒ‹ã‚¢å…±å’Œå›½
     got: ギニア共和国
 ; [cca2=GN].translations.kor.common
Expected: ê¸°ë‹ˆ
     got: 기니
 ; [cca2=GN].translations.kor.official
Expected: ê¸°ë‹ˆ ê³µí™”êµ­
     got: 기니 공화국
 ; [cca2=GN].translations.per.common
Expected: Ù¾Ø§Ù¾ÙˆØ¢ Ú¯ÛŒÙ†Ù‡ Ù†Ùˆ
     got: پاپوآ گینه نو
 ; [cca2=GN].translations.per.official
Expected: Ù…Ù…Ù„Ú©Øª Ù…Ø³ØªÙ‚Ù„ Ù¾Ø§Ù¾ÙˆØ¢ Ú¯ÛŒÙ†Ù‡ Ù†Ùˆ
     got: مملکت مستقل پاپوآ گینه نو
 ; [cca2=GN].translations.por.common
Expected: GuinÃ©
     got: Guiné
 ; [cca2=GN].translations.por.official
Expected: RepÃºblica da GuinÃ©
     got: República da Guiné
 ; [cca2=GN].translations.rus.common
Expected: Ð“Ð²Ð¸Ð½ÐµÑ�
     got: Гвинея
 ; [cca2=GN].translations.rus.official
Expected: Ð ÐµÑ�Ð¿ÑƒÐ±Ð»Ð¸ÐºÐ° Ð“Ð²Ð¸Ð½ÐµÑ�
     got: Республика Гвинея
 ; [cca2=GN].translations.slk.official
Expected: GuinejskÃ¡ republika
     got: Guinejská republika
 ; [cca2=GN].translations.spa.official
Expected: RepÃºblica de Guinea
     got: República de Guinea
 ; [cca2=GN].translations.srp.common
Expected: Ð“Ð²Ð°Ñ˜Ð°Ð½Ð°
     got: Гвајана
 ; [cca2=GN].translations.srp.official
Expected: ÐšÐ¾Ð¾Ð¿ÐµÑ€Ð°Ñ‚Ð¸Ð²Ð½Ð° Ð ÐµÐ¿ÑƒÐ±Ð»Ð¸ÐºÐ° Ð“Ð²Ð°Ñ˜Ð°Ð½Ð°
     got: Кооперативна Република Гвајана
 ; [cca2=GN].translations.urd.common
Expected: Ú¯Ù†ÛŒ
     got: گنی
 ; [cca2=GN].translations.urd.official
Expected: Ø¬Ù…Û�ÙˆØ±ÛŒÛ� Ú¯Ù†ÛŒ
     got: جمہوریہ گنی
 ; [cca2=GN].translations.zho.common
Expected: å‡ å†…äºš
     got: 几内亚
 ; [cca2=GN].translations.zho.official
Expected: å‡ å†…äºšå…±å’Œå›½
     got: 几内亚共和国
 ; [cca2=GP].currencies.EUR.symbol
Expected: â‚¬
     got: €
 ; [cca2=GP].demonyms.fra.f
Expected: GuadeloupÃ©enne
     got: Guadeloupéenne
 ; [cca2=GP].demonyms.fra.m
Expected: GuadeloupÃ©en
     got: Guadeloupéen
 ; [cca2=GP].flag
Expected: ðŸ‡¬ðŸ‡µ
     got: 🇬🇵
 ; [cca2=GP].translations.ara.common
Expected: ØºÙˆØ§Ø¯Ù„ÙˆØ¨
     got: غوادلوب
 ; [cca2=GP].translations.ara.official
Expected: ØºÙˆØ§Ø¯Ù„ÙˆØ¨
     got: غوادلوب
 ; [cca2=GP].translations.est.official
Expected: Guadeloupeâ€™i ja sÃµltkondade departemang
     got: Guadeloupe’i ja sõltkondade departemang
 ; [cca2=GP].translations.jpn.common
Expected: ã‚°ã‚¢ãƒ‰ãƒ«ãƒ¼ãƒ—
     got: グアドループ
 ; [cca2=GP].translations.jpn.official
Expected: ã‚°ã‚¢ãƒ‰ãƒ«ãƒ¼ãƒ—å³¶
     got: グアドループ島
 ; [cca2=GP].translations.kor.common
Expected: ê³¼ë“¤ë£¨í”„
     got: 과들루프
 ; [cca2=GP].translations.kor.official
Expected: ê³¼ë“¤ë£¨í”„
     got: 과들루프
 ; [cca2=GP].translations.per.common
Expected: Ú¯ÙˆØ§Ø¯Ù„ÙˆÙ¾
     got: گوادلوپ
 ; [cca2=GP].translations.per.official
Expected: Ú¯ÙˆØ§Ø¯Ù„ÙˆÙ¾
     got: گوادلوپ
 ; [cca2=GP].translations.rus.common
Expected: Ð“Ð²Ð°Ð´ÐµÐ»ÑƒÐ¿Ð°
     got: Гваделупа
 ; [cca2=GP].translations.rus.official
Expected: Ð“Ð²Ð°Ð´ÐµÐ»ÑƒÐ¿Ð°
     got: Гваделупа
 ; [cca2=GP].translations.srp.common
Expected: Ð“Ð²Ð°Ð´ÐµÐ»ÑƒÐ¿
     got: Гваделуп
 ; [cca2=GP].translations.srp.official
Expected: Ð“Ð²Ð°Ð´ÐµÐ»ÑƒÐ¿
     got: Гваделуп
 ; [cca2=GP].translations.urd.common
Expected: Ú¯ÙˆØ§ÚˆÛŒÙ„ÙˆÙ¾
     got: گواڈیلوپ
 ; [cca2=GP].translations.urd.official
Expected: Ú¯ÙˆØ§ÚˆÛŒÙ„ÙˆÙ¾
     got: گواڈیلوپ
 ; [cca2=GP].translations.zho.common
Expected: ç“œå¾·ç½—æ™®å²›
     got: 瓜德罗普岛
 ; [cca2=GP].translations.zho.official
Expected: ç“œå¾·ç½—æ™®å²›
     got: 瓜德罗普岛
 ; [cca2=GQ].altSpellings[]
Expected: RepÃºblica de Guinea Ecuatorial
     but none found
 ; [cca2=GQ].altSpellings[]
Expected: RepÃºblica da GuinÃ© Equatorial
     but none found
 ; [cca2=GQ].altSpellings[]
Expected: RÃ©publique de GuinÃ©e Ã©quatoriale
     but none found
 ; [cca2=GQ].altSpellings[]
Unexpected: República da Guiné Equatorial
 ; [cca2=GQ].altSpellings[]
Unexpected: République de Guinée équatoriale
 ; [cca2=GQ].altSpellings[]
Unexpected: República de Guinea Ecuatorial
 ; [cca2=GQ].demonyms.fra.f
Expected: Ã‰quato-guinÃ©enne
     got: Équato-guinéenne
 ; [cca2=GQ].demonyms.fra.m
Expected: Ã‰quato-guinÃ©en
     got: Équato-guinéen
 ; [cca2=GQ].flag
Expected: ðŸ‡¬ðŸ‡¶
     got: 🇬🇶
 ; [cca2=GQ].name.nativeName.fra.common
Expected: GuinÃ©e Ã©quatoriale
     got: Guinée équatoriale
 ; [cca2=GQ].name.nativeName.fra.official
Expected: RÃ©publique de la GuinÃ©e Ã‰quatoriale
     got: République de la Guinée Équatoriale
 ; [cca2=GQ].name.nativeName.por.common
Expected: GuinÃ© Equatorial
     got: Guiné Equatorial
 ; [cca2=GQ].name.nativeName.por.official
Expected: RepÃºblica da GuinÃ© Equatorial
     got: República da Guiné Equatorial
 ; [cca2=GQ].name.nativeName.spa.official
Expected: RepÃºblica de Guinea Ecuatorial
     got: República de Guinea Ecuatorial
 ; [cca2=GQ].translations.ara.common
Expected: ØºÙŠÙ†ÙŠØ§ Ø§Ù„Ø§Ø³ØªÙˆØ§Ø¦ÙŠØ©
     got: غينيا الاستوائية
 ; [cca2=GQ].translations.ara.official
Expected: Ø¬Ù…Ù‡ÙˆØ±ÙŠØ© ØºÙŠÙ†ÙŠØ§ Ø§Ù„Ø§Ø³ØªÙˆØ§Ø¦ÙŠØ©
     got: جمهورية غينيا الاستوائية
 ; [cca2=GQ].translations.ces.common
Expected: RovnÃ­kovÃ¡ Guinea
     got: Rovníková Guinea
 ; [cca2=GQ].translations.ces.official
Expected: Republika RovnÃ­kovÃ¡ Guinea
     got: Republika Rovníková Guinea
 ; [cca2=GQ].translations.deu.common
Expected: Ã„quatorialguinea
     got: Äquatorialguinea
 ; [cca2=GQ].translations.deu.official
Expected: Republik Ã„quatorialguinea
     got: Republik Äquatorialguinea
 ; [cca2=GQ].translations.fin.common
Expected: PÃ¤ivÃ¤ntasaajan Guinea
     got: Päiväntasaajan Guinea
 ; [cca2=GQ].translations.fin.official
Expected: PÃ¤ivÃ¤ntasaajan Guinean tasavalta
     got: Päiväntasaajan Guinean tasavalta
 ; [cca2=GQ].translations.fra.common
Expected: GuinÃ©e Ã©quatoriale
     got: Guinée équatoriale
 ; [cca2=GQ].translations.fra.official
Expected: RÃ©publique de GuinÃ©e Ã©quatoriale
     got: République de Guinée équatoriale
 ; [cca2=GQ].translations.hun.common
Expected: EgyenlÃ­tÅ‘i-Guinea
     got: Egyenlítői-Guinea
 ; [cca2=GQ].translations.hun.official
Expected: EgyenlÃ­tÅ‘i-Guinea-i KÃ¶ztÃ¡rsasÃ¡g
     got: Egyenlítői-Guinea-i Köztársaság
 ; [cca2=GQ].translations.jpn.common
Expected: èµ¤é�“ã‚®ãƒ‹ã‚¢
     got: 赤道ギニア
 ; [cca2=GQ].translations.jpn.official
Expected: èµ¤é�“ã‚®ãƒ‹ã‚¢å…±å’Œå›½
     got: 赤道ギニア共和国
 ; [cca2=GQ].translations.kor.common
Expected: ì �ë�„ ê¸°ë‹ˆ
     got: 적도 기니
 ; [cca2=GQ].translations.kor.official
Expected: ì �ë�„ ê¸°ë‹ˆ ê³µí™”êµ­
     got: 적도 기니 공화국
 ; [cca2=GQ].translations.per.common
Expected: Ú¯ÛŒÙ†Ù‡ Ø§Ø³ØªÙˆØ§ÛŒÛŒ
     got: گینه استوایی
 ; [cca2=GQ].translations.per.official
Expected: Ø¬Ù…Ù‡ÙˆØ±ÛŒ Ú¯ÛŒÙ†Ù‡ Ø§Ø³ØªÙˆØ§ÛŒÛŒ
     got: جمهوری گینه استوایی
 ; [cca2=GQ].translations.pol.common
Expected: Gwinea RÃ³wnikowa
     got: Gwinea Równikowa
 ; [cca2=GQ].translations.pol.official
Expected: Republika Gwinei RÃ³wnikowej
     got: Republika Gwinei Równikowej
 ; [cca2=GQ].translations.por.common
Expected: GuinÃ© Equatorial
     got: Guiné Equatorial
 ; [cca2=GQ].translations.por.official
Expected: RepÃºblica da GuinÃ© Equatorial
     got: República da Guiné Equatorial
 ; [cca2=GQ].translations.rus.common
Expected: Ð­ÐºÐ²Ð°Ñ‚Ð¾Ñ€Ð¸Ð°Ð»ÑŒÐ½Ð°Ñ� Ð“Ð²Ð¸Ð½ÐµÑ�
     got: Экваториальная Гвинея
 ; [cca2=GQ].translations.rus.official
Expected: Ð ÐµÑ�Ð¿ÑƒÐ±Ð»Ð¸ÐºÐ° Ð­ÐºÐ²Ð°Ñ‚Ð¾Ñ€Ð¸Ð°Ð»ÑŒÐ½Ð°Ñ� Ð“Ð²Ð¸Ð½ÐµÑ�
     got: Республика Экваториальная Гвинея
 ; [cca2=GQ].translations.slk.common
Expected: RovnÃ­kovÃ¡ Guinea
     got: Rovníková Guinea
 ; [cca2=GQ].translations.slk.official
Expected: Republika rovnÃ­kovej Guiney
     got: Republika rovníkovej Guiney
 ; [cca2=GQ].translations.spa.official
Expected: RepÃºblica de Guinea Ecuatorial
     got: República de Guinea Ecuatorial
 ; [cca2=GQ].translations.srp.common
Expected: Ð•ÐºÐ²Ð°Ñ‚Ð¾Ñ€Ð¸Ñ˜Ð°Ð»Ð½Ð° Ð“Ð²Ð¸Ð½ÐµÑ˜Ð°
     got: Екваторијална Гвинеја
 ; [cca2=GQ].translations.srp.official
Expected: Ð ÐµÐ¿ÑƒÐ±Ð»Ð¸ÐºÐ° Ð•ÐºÐ²Ð°Ñ‚Ð¾Ñ€Ð¸Ñ˜Ð°Ð»Ð½Ð° Ð“Ð²Ð¸Ð½ÐµÑ˜Ð°
     got: Република Екваторијална Гвинеја
 ; [cca2=GQ].translations.urd.common
Expected: Ø§Ø³ØªÙˆØ§Ø¦ÛŒ Ú¯Ù†ÛŒ
     got: استوائی گنی
 ; [cca2=GQ].translations.urd.official
Expected: Ø¬Ù…Û�ÙˆØ±ÛŒÛ� Ø§Ø³ØªÙˆØ§Ø¦ÛŒ Ú¯Ù†ÛŒ
     got: جمہوریہ استوائی گنی
 ; [cca2=GQ].translations.zho.common
Expected: èµ¤é�“å‡ å†…äºš
     got: 赤道几内亚
 ; [cca2=GQ].translations.zho.official
Expected: èµ¤é�“å‡ å†…äºšå…±å’Œå›½
     got: 赤道几内亚共和国
 ; [cca2=GR].altSpellings[]
Expected: Î•Î»Î»Î·Î½Î¹ÎºÎ® Î”Î·Î¼Î¿ÎºÏ�Î±Ï„Î¯Î±
     but none found
 ; [cca2=GR].altSpellings[]
Expected: EllÃ¡da
     but none found
 ; [cca2=GR].altSpellings[]
Unexpected: Elláda
 ; [cca2=GR].altSpellings[]
Unexpected: Ελληνική Δημοκρατία
 ; [cca2=GR].currencies.EUR.symbol
Expected: â‚¬
     got: €
 ; [cca2=GR].flag
Expected: ðŸ‡¬ðŸ‡·
     got: 🇬🇷
 ; [cca2=GR].name.nativeName.ell.common
Expected: Î•Î»Î»Î¬Î´Î±
     got: Ελλάδα
 ; [cca2=GR].name.nativeName.ell.official
Expected: Î•Î»Î»Î·Î½Î¹ÎºÎ® Î”Î·Î¼Î¿ÎºÏ�Î±Ï„Î¯Î±
     got: Ελληνική Δημοκρατία
 ; [cca2=GR].translations.ara.common
Expected: Ø§Ù„ÙŠÙˆÙ†Ø§Ù†
     got: اليونان
 ; [cca2=GR].translations.ara.official
Expected: Ø§Ù„Ø¬Ù…Ù‡ÙˆØ±ÙŠØ© Ø§Ù„Ù‡ÙŠÙ„ÙŠÙ†ÙŠØ©
     got: الجمهورية الهيلينية
 ; [cca2=GR].translations.ces.common
Expected: Å˜ecko
     got: Řecko
 ; [cca2=GR].translations.ces.official
Expected: Å˜eckÃ¡ republika
     got: Řecká republika
 ; [cca2=GR].translations.fra.common
Expected: GrÃ¨ce
     got: Grèce
 ; [cca2=GR].translations.fra.official
Expected: RÃ©publique hellÃ©nique
     got: République hellénique
 ; [cca2=GR].translations.hrv.common
Expected: GrÄ�ka
     got: Grčka
 ; [cca2=GR].translations.hun.common
Expected: GÃ¶rÃ¶gorszÃ¡g
     got: Görögország
 ; [cca2=GR].translations.hun.official
Expected: GÃ¶rÃ¶g KÃ¶ztÃ¡rsasÃ¡g
     got: Görög Köztársaság
 ; [cca2=GR].translations.jpn.common
Expected: ã‚®ãƒªã‚·ãƒ£
     got: ギリシャ
 ; [cca2=GR].translations.jpn.official
Expected: ã‚®ãƒªã‚·ãƒ£å…±å’Œå›½
     got: ギリシャ共和国
 ; [cca2=GR].translations.kor.common
Expected: ê·¸ë¦¬ìŠ¤
     got: 그리스
 ; [cca2=GR].translations.kor.official
Expected: ê·¸ë¦¬ìŠ¤ ê³µí™”êµ­
     got: 그리스 공화국
 ; [cca2=GR].translations.per.common
Expected: ÛŒÙˆÙ†Ø§Ù†
     got: یونان
 ; [cca2=GR].translations.per.official
Expected: Ø¬Ù…Ù‡ÙˆØ±ÛŒ ÛŒÙˆÙ†Ø§Ù†
     got: جمهوری یونان
 ; [cca2=GR].translations.por.common
Expected: GrÃ©cia
     got: Grécia
 ; [cca2=GR].translations.por.official
Expected: RepÃºblica HelÃ©nica
     got: República Helénica
 ; [cca2=GR].translations.rus.common
Expected: Ð“Ñ€ÐµÑ†Ð¸Ñ�
     got: Греция
 ; [cca2=GR].translations.rus.official
Expected: Ð“Ñ€ÐµÑ‡ÐµÑ�ÐºÐ°Ñ� Ð ÐµÑ�Ð¿ÑƒÐ±Ð»Ð¸ÐºÐ°
     got: Греческая Республика
 ; [cca2=GR].translations.slk.common
Expected: GreÃ©cko
     got: Greécko
 ; [cca2=GR].translations.slk.official
Expected: GrÃ©cka republika
     got: Grécka republika
 ; [cca2=GR].translations.spa.official
Expected: RepÃºblica HelÃ©nica
     got: República Helénica
 ; [cca2=GR].translations.srp.common
Expected: Ð“Ñ€Ñ‡ÐºÐ°
     got: Грчка
 ; [cca2=GR].translations.srp.official
Expected: Ð¥ÐµÐ»ÐµÐ½Ñ�ÐºÐ° Ð ÐµÐ¿ÑƒÐ±Ð»Ð¸ÐºÐ°
     got: Хеленска Република
 ; [cca2=GR].translations.urd.common
Expected: ÛŒÙˆÙ†Ø§Ù†
     got: یونان
 ; [cca2=GR].translations.urd.official
Expected: Ø¬Ù…Û�ÙˆØ±ÛŒÛ� Û�ÛŒÙ„ÛŒÙ†ÛŒÛ�
     got: جمہوریہ ہیلینیہ
 ; [cca2=GR].translations.zho.common
Expected: å¸Œè…Š
     got: 希腊
 ; [cca2=GR].translations.zho.official
Expected: å¸Œè…Šå…±å’Œå›½
     got: 希腊共和国
 ; [cca2=GS].currencies.SHP.symbol
Expected: Â£
     got: £
 ; [cca2=GS].flag
Expected: ðŸ‡¬ðŸ‡¸
     got: 🇬🇸
 ; [cca2=GS].translations.ara.common
Expected: Ø¬ÙˆØ±Ø¬ÙŠØ§ Ø§Ù„Ø¬Ù†ÙˆØ¨ÙŠØ©
     got: جورجيا الجنوبية
 ; [cca2=GS].translations.ara.official
Expected: Ø¬ÙˆØ±Ø¬ÙŠØ§ Ø§Ù„Ø¬Ù†ÙˆØ¨ÙŠØ© ÙˆØ¬Ø²Ø± Ø³Ø§Ù†Ø¯ÙˆØªØ´ Ø§Ù„Ø¬Ù†ÙˆØ¨ÙŠØ©
     got: جورجيا الجنوبية وجزر ساندوتش الجنوبية
 ; [cca2=GS].translations.ces.common
Expected: JiÅ¾nÃ­ Georgie a JiÅ¾nÃ­ Sandwichovy ostrovy
     got: Jižní Georgie a Jižní Sandwichovy ostrovy
 ; [cca2=GS].translations.ces.official
Expected: JiÅ¾nÃ­ Georgie a JiÅ¾nÃ­ Sandwichovy ostrovy
     got: Jižní Georgie a Jižní Sandwichovy ostrovy
 ; [cca2=GS].translations.deu.common
Expected: SÃ¼dgeorgien und die SÃ¼dlichen Sandwichinseln
     got: Südgeorgien und die Südlichen Sandwichinseln
 ; [cca2=GS].translations.deu.official
Expected: SÃ¼dgeorgien und die SÃ¼dlichen Sandwichinseln
     got: Südgeorgien und die Südlichen Sandwichinseln
 ; [cca2=GS].translations.est.common
Expected: LÃµuna-Georgia ja LÃµuna-Sandwichi saared
     got: Lõuna-Georgia ja Lõuna-Sandwichi saared
 ; [cca2=GS].translations.est.official
Expected: LÃµuna-Georgia ja LÃµuna-Sandwichi saared
     got: Lõuna-Georgia ja Lõuna-Sandwichi saared
 ; [cca2=GS].translations.fin.common
Expected: EtelÃ¤-Georgia ja EtelÃ¤iset Sandwichsaaret
     got: Etelä-Georgia ja Eteläiset Sandwichsaaret
 ; [cca2=GS].translations.fin.official
Expected: EtelÃ¤-Georgia ja EtelÃ¤iset Sandwichsaaret
     got: Etelä-Georgia ja Eteläiset Sandwichsaaret
 ; [cca2=GS].translations.fra.common
Expected: GÃ©orgie du Sud-et-les ÃŽles Sandwich du Sud
     got: Géorgie du Sud-et-les Îles Sandwich du Sud
 ; [cca2=GS].translations.fra.official
Expected: GÃ©orgie du Sud et les Ã®les Sandwich du Sud
     got: Géorgie du Sud et les îles Sandwich du Sud
 ; [cca2=GS].translations.hrv.common
Expected: JuÅ¾na Georgija i otoÄ�je JuÅ¾ni Sandwich
     got: Južna Georgija i otočje Južni Sandwich
 ; [cca2=GS].translations.hrv.official
Expected: JuÅ¾na DÅ¾ordÅ¾ija i Otoci JuÅ¾ni SendviÄ�
     got: Južna Džordžija i Otoci Južni Sendvič
 ; [cca2=GS].translations.hun.common
Expected: DÃ©li-Georgia Ã©s DÃ©li-Sandwich-szigetek
     got: Déli-Georgia és Déli-Sandwich-szigetek
 ; [cca2=GS].translations.hun.official
Expected: DÃ©li-Georgia Ã©s DÃ©li-Sandwich-szigetek
     got: Déli-Georgia és Déli-Sandwich-szigetek
 ; [cca2=GS].translations.jpn.common
Expected: ã‚µã‚¦ã‚¹ã‚¸ãƒ§ãƒ¼ã‚¸ã‚¢ãƒ»ã‚µã‚¦ã‚¹ã‚µãƒ³ãƒ‰ã‚¦ã‚£ãƒƒãƒ�è«¸å³¶
     got: サウスジョージア・サウスサンドウィッチ諸島
 ; [cca2=GS].translations.jpn.official
Expected: ã‚µã‚¦ã‚¹ã‚¸ãƒ§ãƒ¼ã‚¸ã‚¢Â·ã‚µã‚¦ã‚¹ã‚µãƒ³ãƒ‰ã‚¦ã‚£ãƒƒãƒ�è«¸å³¶
     got: サウスジョージア·サウスサンドウィッチ諸島
 ; [cca2=GS].translations.kor.common
Expected: ì¡°ì§€ì•„
     got: 조지아
 ; [cca2=GS].translations.kor.official
Expected: ì¡°ì§€ì•„
     got: 조지아
 ; [cca2=GS].translations.nld.official
Expected: Zuid-GeorgiÃ« en de Zuidelijke Sandwich-eilanden
     got: Zuid-Georgië en de Zuidelijke Sandwich-eilanden
 ; [cca2=GS].translations.per.common
Expected: Ø¬Ø²Ø§ÛŒØ± Ø¬ÙˆØ±Ø¬ÛŒØ§ÛŒ Ø¬Ù†ÙˆØ¨ÛŒ Ùˆ Ø³Ø§Ù†Ø¯ÙˆÛŒÚ† Ø¬Ù†ÙˆØ¨ÛŒ
     got: جزایر جورجیای جنوبی و ساندویچ جنوبی
 ; [cca2=GS].translations.per.official
Expected: Ø¬Ø²Ø§ÛŒØ± Ø¬ÙˆØ±Ø¬ÛŒØ§ÛŒ Ø¬Ù†ÙˆØ¨ÛŒ Ùˆ Ø³Ø§Ù†Ø¯ÙˆÛŒÚ† Ø¬Ù†ÙˆØ¨ÛŒ
     got: جزایر جورجیای جنوبی و ساندویچ جنوبی
 ; [cca2=GS].translations.pol.common
Expected: Georgia PoÅ‚udniowa i Sandwich PoÅ‚udniowy
     got: Georgia Południowa i Sandwich Południowy
 ; [cca2=GS].translations.pol.official
Expected: Georgia PoÅ‚udniowa i Sandwich PoÅ‚udniowy
     got: Georgia Południowa i Sandwich Południowy
 ; [cca2=GS].translations.por.common
Expected: Ilhas GeÃ³rgia do Sul e Sandwich do Sul
     got: Ilhas Geórgia do Sul e Sandwich do Sul
 ; [cca2=GS].translations.por.official
Expected: GeÃ³rgia do Sul e Sandwich do Sul
     got: Geórgia do Sul e Sandwich do Sul
 ; [cca2=GS].translations.rus.common
Expected: Ð®Ð¶Ð½Ð°Ñ� Ð“ÐµÐ¾Ñ€Ð³Ð¸Ñ� Ð¸ Ð®Ð¶Ð½Ñ‹Ðµ Ð¡Ð°Ð½Ð´Ð²Ð¸Ñ‡ÐµÐ²Ñ‹ Ð¾Ñ�Ñ‚Ñ€Ð¾Ð²Ð°
     got: Южная Георгия и Южные Сандвичевы острова
 ; [cca2=GS].translations.rus.official
Expected: Ð®Ð¶Ð½Ð°Ñ� Ð“ÐµÐ¾Ñ€Ð³Ð¸Ñ� Ð¸ Ð®Ð¶Ð½Ñ‹Ðµ Ð¡Ð°Ð½Ð´Ð²Ð¸Ñ‡ÐµÐ²Ñ‹ Ð¾Ñ�Ñ‚Ñ€Ð¾Ð²Ð°
     got: Южная Георгия и Южные Сандвичевы острова
 ; [cca2=GS].translations.slk.common
Expected: JuÅ¾nÃ¡ Georgia a JuÅ¾nÃ© Sandwichove ostrovy
     got: Južná Georgia a Južné Sandwichove ostrovy
 ; [cca2=GS].translations.slk.official
Expected: JuÅ¾nÃ¡ Georgia a JuÅ¾nÃ© Sandwichove ostrovy
     got: Južná Georgia a Južné Sandwichove ostrovy
 ; [cca2=GS].translations.srp.common
Expected: ÐˆÑƒÐ¶Ð½Ð° Ð�Ð¾Ñ€ÑŸÐ¸Ñ˜Ð° Ð¸ ÐˆÑƒÐ¶Ð½Ð° Ð¡ÐµÐ½Ð´Ð²Ð¸Ñ‡ÐºÐ° ÐžÑ�Ñ‚Ñ€Ð²Ð°
     got: Јужна Џорџија и Јужна Сендвичка Острва
 ; [cca2=GS].translations.srp.official
Expected: ÐˆÑƒÐ¶Ð½Ð° Ð�Ð¾Ñ€ÑŸÐ¸Ñ˜Ð° Ð¸ ÐˆÑƒÐ¶Ð½Ð° Ð¡ÐµÐ½Ð´Ð²Ð¸Ñ‡ÐºÐ° ÐžÑ�Ñ‚Ñ€Ð²Ð°
     got: Јужна Џорџија и Јужна Сендвичка Острва
 ; [cca2=GS].translations.tur.common
Expected: GÃ¼ney Georgia ve GÃ¼ney Sandwich AdalarÄ±
     got: Güney Georgia ve Güney Sandwich Adaları
 ; [cca2=GS].translations.tur.official
Expected: GÃ¼ney Georgia ve GÃ¼ney Sandwich AdalarÄ±
     got: Güney Georgia ve Güney Sandwich Adaları
 ; [cca2=GS].translations.urd.common
Expected: Ø¬Ù†ÙˆØ¨ÛŒ Ø¬Ø§Ø±Ø¬ÛŒØ§
     got: جنوبی جارجیا
 ; [cca2=GS].translations.urd.official
Expected: Ø¬Ù†ÙˆØ¨ÛŒ Ø¬Ø§Ø±Ø¬ÛŒØ§ Ùˆ Ø¬Ø²Ø§Ø¦Ø± Ø¬Ù†ÙˆØ¨ÛŒ Ø³ÛŒÙ†ÚˆÙˆÚ†
     got: جنوبی جارجیا و جزائر جنوبی سینڈوچ
 ; [cca2=GS].translations.zho.common
Expected: å�—ä¹”æ²»äºš
     got: 南乔治亚
 ; [cca2=GS].translations.zho.official
Expected: å�—ä¹”æ²»äºšå²›å’Œå�—æ¡‘å¨�å¥‡ç¾¤å²›
     got: 南乔治亚岛和南桑威奇群岛
 ; [cca2=GT].demonyms.fra.f
Expected: GuatÃ©maltÃ¨que
     got: Guatémaltèque
 ; [cca2=GT].demonyms.fra.m
Expected: GuatÃ©maltÃ¨que
     got: Guatémaltèque
 ; [cca2=GT].flag
Expected: ðŸ‡¬ðŸ‡¹
     got: 🇬🇹
 ; [cca2=GT].name.nativeName.spa.official
Expected: RepÃºblica de Guatemala
     got: República de Guatemala
 ; [cca2=GT].translations.ara.common
Expected: ØºÙˆØ§ØªÙŠÙ…Ø§Ù„Ø§
     got: غواتيمالا
 ; [cca2=GT].translations.ara.official
Expected: Ø¬Ù…Ù‡ÙˆØ±ÙŠØ© ØºÙˆØ§ØªÙŠÙ…Ø§Ù„Ø§
     got: جمهورية غواتيمالا
 ; [cca2=GT].translations.fra.official
Expected: RÃ©publique du Guatemala
     got: République du Guatemala
 ; [cca2=GT].translations.hun.official
Expected: Guatemalai KÃ¶ztÃ¡rsasÃ¡g
     got: Guatemalai Köztársaság
 ; [cca2=GT].translations.jpn.common
Expected: ã‚°ã‚¢ãƒ†ãƒžãƒ©
     got: グアテマラ
 ; [cca2=GT].translations.jpn.official
Expected: ã‚°ã‚¢ãƒ†ãƒžãƒ©å…±å’Œå›½
     got: グアテマラ共和国
 ; [cca2=GT].translations.kor.common
Expected: ê³¼í…Œë§�ë�¼
     got: 과테말라
 ; [cca2=GT].translations.kor.official
Expected: ê³¼í…Œë§�ë�¼ ê³µí™”êµ­
     got: 과테말라 공화국
 ; [cca2=GT].translations.per.common
Expected: Ú¯ÙˆØ§ØªÙ�Ù…Ø§Ù„Ø§
     got: گواتِمالا
 ; [cca2=GT].translations.per.official
Expected: Ø¬Ù…Ù‡ÙˆØ±ÛŒ Ú¯ÙˆØ§ØªÙ�Ù…Ø§Ù„Ø§
     got: جمهوری گواتِمالا
 ; [cca2=GT].translations.por.official
Expected: RepÃºblica da Guatemala
     got: República da Guatemala
 ; [cca2=GT].translations.rus.common
Expected: Ð“Ð²Ð°Ñ‚ÐµÐ¼Ð°Ð»Ð°
     got: Гватемала
 ; [cca2=GT].translations.rus.official
Expected: Ð ÐµÑ�Ð¿ÑƒÐ±Ð»Ð¸ÐºÐ° Ð“Ð²Ð°Ñ‚ÐµÐ¼Ð°Ð»Ð°
     got: Республика Гватемала
 ; [cca2=GT].translations.slk.official
Expected: GuatemalskÃ¡ republika
     got: Guatemalská republika
 ; [cca2=GT].translations.spa.official
Expected: RepÃºblica de Guatemala
     got: República de Guatemala
 ; [cca2=GT].translations.srp.common
Expected: Ð“Ð²Ð°Ñ‚ÐµÐ¼Ð°Ð»Ð°
     got: Гватемала
 ; [cca2=GT].translations.srp.official
Expected: Ð ÐµÐ¿ÑƒÐ±Ð»Ð¸ÐºÐ° Ð“Ð²Ð°Ñ‚ÐµÐ¼Ð°Ð»Ð°
     got: Република Гватемала
 ; [cca2=GT].translations.urd.common
Expected: Ú¯ÙˆØ§ØªÛŒÙ…Ø§Ù„Ø§
     got: گواتیمالا
 ; [cca2=GT].translations.urd.official
Expected: Ø¬Ù…Û�ÙˆØ±ÛŒÛ� Ú¯ÙˆØ§ØªÛŒÙ…Ø§Ù„Ø§
     got: جمہوریہ گواتیمالا
 ; [cca2=GT].translations.zho.common
Expected: å�±åœ°é©¬æ‹‰
     got: 危地马拉
 ; [cca2=GT].translations.zho.official
Expected: å�±åœ°é©¬æ‹‰å…±å’Œå›½
     got: 危地马拉共和国
 ; [cca2=GU].altSpellings[]
Expected: GuÃ¥hÃ¥n
     but none found
 ; [cca2=GU].altSpellings[]
Unexpected: Guåhån
 ; [cca2=GU].capital[]
Expected: HagÃ¥tÃ±a
     but none found
 ; [cca2=GU].capital[]
Unexpected: Hagåtña
 ; [cca2=GU].flag
Expected: ðŸ‡¬ðŸ‡º
     got: 🇬🇺
 ; [cca2=GU].name.nativeName.cha.common
Expected: GuÃ¥hÃ¥n
     got: Guåhån
 ; [cca2=GU].name.nativeName.cha.official
Expected: GuÃ¥hÃ¥n
     got: Guåhån
 ; [cca2=GU].translations.ara.common
Expected: ØºÙˆØ§Ù…
     got: غوام
 ; [cca2=GU].translations.ara.official
Expected: ØºÙˆØ§Ù…
     got: غوام
 ; [cca2=GU].translations.jpn.common
Expected: ã‚°ã‚¢ãƒ 
     got: グアム
 ; [cca2=GU].translations.jpn.official
Expected: ã‚°ã‚¢ãƒ 
     got: グアム
 ; [cca2=GU].translations.kor.common
Expected: ê´Œ
     got: 괌
 ; [cca2=GU].translations.kor.official
Expected: ê´Œ
     got: 괌
 ; [cca2=GU].translations.per.common
Expected: Ú¯ÙˆØ¢Ù…
     got: گوآم
 ; [cca2=GU].translations.per.official
Expected: Ú¯ÙˆØ¢Ù…
     got: گوآم
 ; [cca2=GU].translations.rus.common
Expected: Ð“ÑƒÐ°Ð¼
     got: Гуам
 ; [cca2=GU].translations.rus.official
Expected: Ð“ÑƒÐ°Ð¼
     got: Гуам
 ; [cca2=GU].translations.srp.common
Expected: Ð“ÑƒÐ°Ð¼
     got: Гуам
 ; [cca2=GU].translations.srp.official
Expected: Ð“ÑƒÐ°Ð¼
     got: Гуам
 ; [cca2=GU].translations.tur.official
Expected: Guam TopraÄŸÄ±
     got: Guam Toprağı
 ; [cca2=GU].translations.urd.common
Expected: Ú¯ÙˆØ§Ù…
     got: گوام
 ; [cca2=GU].translations.urd.official
Expected: Ú¯ÙˆØ§Ù…
     got: گوام
 ; [cca2=GU].translations.zho.common
Expected: å…³å²›
     got: 关岛
 ; [cca2=GU].translations.zho.official
Expected: å…³å²›
     got: 关岛
 ; [cca2=GW].altSpellings[]
Expected: RepÃºblica da GuinÃ©-Bissau
     but none found
 ; [cca2=GW].altSpellings[]
Unexpected: República da Guiné-Bissau
 ; [cca2=GW].demonyms.fra.f
Expected: Bissau-GuinÃ©enne
     got: Bissau-Guinéenne
 ; [cca2=GW].demonyms.fra.m
Expected: Bissau-GuinÃ©en
     got: Bissau-Guinéen
 ; [cca2=GW].flag
Expected: ðŸ‡¬ðŸ‡¼
     got: 🇬🇼
 ; [cca2=GW].name.nativeName.por.common
Expected: GuinÃ©-Bissau
     got: Guiné-Bissau
 ; [cca2=GW].name.nativeName.por.official
Expected: RepÃºblica da GuinÃ©-Bissau
     got: República da Guiné-Bissau
 ; [cca2=GW].name.nativeName.pov.common
Expected: GuinÃ©-Bissau
     got: Guiné-Bissau
 ; [cca2=GW].name.nativeName.pov.official
Expected: RepÃºblica da GuinÃ©-Bissau
     got: República da Guiné-Bissau
 ; [cca2=GW].translations.ara.common
Expected: ØºÙŠÙ†ÙŠØ§ Ø¨ÙŠØ³Ø§Ùˆ
     got: غينيا بيساو
 ; [cca2=GW].translations.ara.official
Expected: Ø¬Ù…Ù‡ÙˆØ±ÙŠØ© ØºÙŠÙ†ÙŠØ§ Ø¨ÙŠØ³Ø§Ùˆ
     got: جمهورية غينيا بيساو
 ; [cca2=GW].translations.fra.common
Expected: GuinÃ©e-Bissau
     got: Guinée-Bissau
 ; [cca2=GW].translations.fra.official
Expected: RÃ©publique de GuinÃ©e-Bissau
     got: République de Guinée-Bissau
 ; [cca2=GW].translations.hun.official
Expected: Bissau-Guineai KÃ¶ztÃ¡rsasÃ¡g
     got: Bissau-Guineai Köztársaság
 ; [cca2=GW].translations.jpn.common
Expected: ã‚®ãƒ‹ã‚¢ãƒ“ã‚µã‚¦
     got: ギニアビサウ
 ; [cca2=GW].translations.jpn.official
Expected: ã‚®ãƒ‹ã‚¢ãƒ“ã‚µã‚¦å…±å’Œå›½
     got: ギニアビサウ共和国
 ; [cca2=GW].translations.kor.common
Expected: ê¸°ë‹ˆë¹„ì‚¬ìš°
     got: 기니비사우
 ; [cca2=GW].translations.kor.official
Expected: ê¸°ë‹ˆë¹„ì‚¬ìš° ê³µí™”êµ­
     got: 기니비사우 공화국
 ; [cca2=GW].translations.per.common
Expected: Ú¯ÛŒÙ†Ù‡ Ø¨ÛŒØ³Ø§Ø¦Ùˆ
     got: گینه بیسائو
 ; [cca2=GW].translations.per.official
Expected: Ø¬Ù…Ù‡ÙˆØ±ÛŒ Ú¯ÛŒÙ†Ù‡ Ø¨ÛŒØ³Ø§Ø¦Ùˆ
     got: جمهوری گینه بیسائو
 ; [cca2=GW].translations.por.common
Expected: GuinÃ©-Bissau
     got: Guiné-Bissau
 ; [cca2=GW].translations.por.official
Expected: RepÃºblica da GuinÃ©-Bissau
     got: República da Guiné-Bissau
 ; [cca2=GW].translations.rus.common
Expected: Ð“Ð²Ð¸Ð½ÐµÑ�-Ð‘Ð¸Ñ�Ð°Ñƒ
     got: Гвинея-Бисау
 ; [cca2=GW].translations.rus.official
Expected: Ð ÐµÑ�Ð¿ÑƒÐ±Ð»Ð¸ÐºÐ° Ð“Ð²Ð¸Ð½ÐµÑ� -Ð‘Ð¸Ñ�Ð°Ñƒ
     got: Республика Гвинея -Бисау
 ; [cca2=GW].translations.slk.official
Expected: Guinejsko-bissauskÃ¡ republika
     got: Guinejsko-bissauská republika
 ; [cca2=GW].translations.spa.common
Expected: Guinea-BisÃ¡u
     got: Guinea-Bisáu
 ; [cca2=GW].translations.spa.official
Expected: RepÃºblica de Guinea-Bissau
     got: República de Guinea-Bissau
 ; [cca2=GW].translations.srp.common
Expected: Ð“Ð²Ð¸Ð½ÐµÑ˜Ð° Ð‘Ð¸Ñ�Ð°Ð¾
     got: Гвинеја Бисао
 ; [cca2=GW].translations.srp.official
Expected: Ð ÐµÐ¿ÑƒÐ±Ð»Ð¸ÐºÐ° Ð“Ð²Ð¸Ð½ÐµÑ˜Ð° Ð‘Ð¸Ñ�Ð°Ð¾
     got: Република Гвинеја Бисао
 ; [cca2=GW].translations.urd.common
Expected: Ú¯Ù†ÛŒ Ø¨Ø³Ø§Ø¤
     got: گنی بساؤ
 ; [cca2=GW].translations.urd.official
Expected: Ø¬Ù…Û�ÙˆØ±ÛŒÛ� Ú¯Ù†ÛŒ Ø¨Ø³Ø§Ø¤
     got: جمہوریہ گنی بساؤ
 ; [cca2=GW].translations.zho.common
Expected: å‡ å†…äºšæ¯”ç»�
     got: 几内亚比绍
 ; [cca2=GW].translations.zho.official
Expected: å‡ å†…äºšæ¯”ç»�å…±å’Œå›½
     got: 几内亚比绍共和国
 ; [cca2=GY].flag
Expected: ðŸ‡¬ðŸ‡¾
     got: 🇬🇾
 ; [cca2=GY].translations.ara.common
Expected: ØºÙŠØ§Ù†Ø§
     got: غيانا
 ; [cca2=GY].translations.ara.official
Expected: Ø¬Ù…Ù‡ÙˆØ±ÙŠØ© ØºÙŠØ§Ù†Ø§ Ø§Ù„ØªØ¹Ø§ÙˆÙ†ÙŠØ©
     got: جمهورية غيانا التعاونية
 ; [cca2=GY].translations.ces.official
Expected: KooperativnÃ­ republika Guyana
     got: Kooperativní republika Guyana
 ; [cca2=GY].translations.fra.official
Expected: RÃ©publique coopÃ©rative de Guyana
     got: République coopérative de Guyana
 ; [cca2=GY].translations.hun.official
Expected: Guyanai SzÃ¶vetkezeti KÃ¶ztÃ¡rsasÃ¡g
     got: Guyanai Szövetkezeti Köztársaság
 ; [cca2=GY].translations.jpn.common
Expected: ã‚¬ã‚¤ã‚¢ãƒŠ
     got: ガイアナ
 ; [cca2=GY].translations.jpn.official
Expected: ã‚¬ã‚¤ã‚¢ãƒŠã�®å�”å�Œå…±å’Œå›½
     got: ガイアナの協同共和国
 ; [cca2=GY].translations.kor.common
Expected: ê°€ì�´ì•„ë‚˜
     got: 가이아나
 ; [cca2=GY].translations.kor.official
Expected: ê°€ì�´ì•„ë‚˜ í˜‘ë�™ ê³µí™”êµ­
     got: 가이아나 협동 공화국
 ; [cca2=GY].translations.nld.official
Expected: CoÃ¶peratieve Republiek Guyana
     got: Coöperatieve Republiek Guyana
 ; [cca2=GY].translations.per.common
Expected: Ú¯ÙˆÛŒØ§Ù†
     got: گویان
 ; [cca2=GY].translations.per.official
Expected: Ø¬Ù…Ù‡ÙˆØ±ÛŒ ØªØ¹Ø§ÙˆÙ†ÛŒ Ú¯ÙˆÛŒØ§Ù†
     got: جمهوری تعاونی گویان
 ; [cca2=GY].translations.por.official
Expected: Co -operative RepÃºblica da Guiana
     got: Co -operative República da Guiana
 ; [cca2=GY].translations.rus.common
Expected: Ð“Ð°Ð¹Ð°Ð½Ð°
     got: Гайана
 ; [cca2=GY].translations.rus.official
Expected: ÐšÐ¾Ð¾Ð¿ÐµÑ€Ð°Ñ‚Ð¸Ð²Ð½Ð°Ñ� Ð ÐµÑ�Ð¿ÑƒÐ±Ð»Ð¸ÐºÐ° Ð“Ð°Ð¹Ð°Ð½Ð°
     got: Кооперативная Республика Гайана
 ; [cca2=GY].translations.slk.official
Expected: GuyanskÃ¡ kooperatÃ­vna republika
     got: Guyanská kooperatívna republika
 ; [cca2=GY].translations.spa.official
Expected: RepÃºblica Cooperativa de Guyana
     got: República Cooperativa de Guyana
 ; [cca2=GY].translations.srp.common
Expected: Ð“Ð²Ð°Ñ˜Ð°Ð½Ð°
     got: Гвајана
 ; [cca2=GY].translations.srp.official
Expected: ÐšÐ¾Ð¾Ð¿ÐµÑ€Ð°Ñ‚Ð¸Ð²Ð½Ð° Ð ÐµÐ¿ÑƒÐ±Ð»Ð¸ÐºÐ° Ð“Ð²Ð°Ñ˜Ð°Ð½Ð°
     got: Кооперативна Република Гвајана
 ; [cca2=GY].translations.urd.common
Expected: Ú¯ÛŒØ§Ù†Ø§
     got: گیانا
 ; [cca2=GY].translations.urd.official
Expected: ØªØ¹Ø§ÙˆÙ†ÛŒ Ø¬Ù…Û�ÙˆØ±ÛŒÛ� Ú¯ÛŒØ§Ù†Ø§
     got: تعاونی جمہوریہ گیانا
 ; [cca2=GY].translations.zho.common
Expected: åœ­äºšé‚£
     got: 圭亚那
 ; [cca2=GY].translations.zho.official
Expected: åœ­äºšé‚£å…±å’Œå›½
     got: 圭亚那共和国
 ; [cca2=XK].altSpellings[]
Expected: Ð ÐµÐ¿ÑƒÐ±Ð»Ð¸ÐºÐ° ÐšÐ¾Ñ�Ð¾Ð²Ð¾
     but none found
 ; [cca2=XK].altSpellings[]
Unexpected: Република Косово
 ; [cca2=XK].currencies.EUR.symbol
Expected: â‚¬
     got: €
 ; [cca2=XK].flag
Expected: ðŸ‡½ðŸ‡°
     got: 🇽🇰
 ; [cca2=XK].name.nativeName.sqi.official
Expected: Republika e KosovÃ«s
     got: Republika e Kosovës
 ; [cca2=XK].name.nativeName.srp.common
Expected: ÐšÐ¾Ñ�Ð¾Ð²Ð¾
     got: Косово
 ; [cca2=XK].name.nativeName.srp.official
Expected: Ð ÐµÐ¿ÑƒÐ±Ð»Ð¸ÐºÐ° ÐšÐ¾Ñ�Ð¾Ð²Ð¾
     got: Република Косово
 ; [cca2=XK].translations.ara.common
Expected: ÙƒÙˆØ³ÙˆÙ�Ùˆ
     got: كوسوفو
 ; [cca2=XK].translations.ara.official
Expected: Ø¬Ù…Ù‡ÙˆØ±ÙŠØ© ÙƒÙˆØ³ÙˆÙ�Ùˆ
     got: جمهورية كوسوفو
 ; [cca2=XK].translations.ces.official
Expected: KosovskÃ¡ republika
     got: Kosovská republika
 ; [cca2=XK].translations.fra.official
Expected: RÃ©publique du Kosovo
     got: République du Kosovo
 ; [cca2=XK].translations.hun.common
Expected: KoszovÃ³
     got: Koszovó
 ; [cca2=XK].translations.hun.official
Expected: KoszovÃ³
     got: Koszovó
 ; [cca2=XK].translations.kor.common
Expected: ì½”ì†Œë³´
     got: 코소보
 ; [cca2=XK].translations.kor.official
Expected: ì½”ì†Œë³´ ê³µí™”êµ­
     got: 코소보 공화국
 ; [cca2=XK].translations.per.common
Expected: Ú©ÙˆØ²ÙˆÙˆ
     got: کوزوو
 ; [cca2=XK].translations.per.official
Expected: Ø¬Ù…Ù‡ÙˆØ±ÛŒ Ú©ÙˆØ²ÙˆÙˆ
     got: جمهوری کوزوو
 ; [cca2=XK].translations.por.official
Expected: RepÃºblica do Kosovo
     got: República do Kosovo
 ; [cca2=XK].translations.rus.common
Expected: Ð ÐµÑ�Ð¿ÑƒÐ±Ð»Ð¸ÐºÐ° ÐšÐ¾Ñ�Ð¾Ð²Ð¾
     got: Республика Косово
 ; [cca2=XK].translations.rus.official
Expected: Ð ÐµÑ�Ð¿ÑƒÐ±Ð»Ð¸ÐºÐ° ÐšÐ¾Ñ�Ð¾Ð²Ð¾
     got: Республика Косово
 ; [cca2=XK].translations.spa.official
Expected: RepÃºblica de Kosovo
     got: República de Kosovo
 ; [cca2=XK].translations.srp.common
Expected: ÐšÐ¾Ñ�Ð¾Ð²Ð¾
     got: Косово
 ; [cca2=XK].translations.srp.official
Expected: Ð ÐµÐ¿ÑƒÐ±Ð»Ð¸ÐºÐ° ÐšÐ¾Ñ�Ð¾Ð²Ð¾
     got: Република Косово
 ; [cca2=XK].translations.urd.common
Expected: Ú©ÙˆØ³ÙˆÙˆÛ�
     got: کوسووہ
 ; [cca2=XK].translations.urd.official
Expected: Ø¬Ù…Û�ÙˆØ±ÛŒÛ� Ú©ÙˆØ³ÙˆÙˆÛ�
     got: جمہوریہ کوسووہ
 ; [cca2=XK].translations.zho.common
Expected: ç§‘ç´¢æ²ƒ
     got: 科索沃
 ; [cca2=XK].translations.zho.official
Expected: ç§‘ç´¢æ²ƒå…±å’Œå›½
     got: 科索沃共和国
 ; [cca2=HK].flag
Expected: ðŸ‡­ðŸ‡°
     got: 🇭🇰
 ; [cca2=HK].name.nativeName.zho.common
Expected: é¦™æ¸¯
     got: 香港
 ; [cca2=HK].name.nativeName.zho.official
Expected: ä¸­å�Žäººæ°‘å…±å’Œå›½é¦™æ¸¯ç‰¹åˆ«è¡Œæ”¿åŒº
     got: 中华人民共和国香港特别行政区
 ; [cca2=HK].tld[]
Expected: .é¦™æ¸¯
     but none found
 ; [cca2=HK].tld[]
Unexpected: .香港
 ; [cca2=HK].translations.ara.common
Expected: Ù‡ÙˆÙ†Øº ÙƒÙˆÙ†Øº
     got: هونغ كونغ
 ; [cca2=HK].translations.ara.official
Expected: Ù…Ù†Ø·Ù‚Ø© Ù‡ÙˆÙ†Øº ÙƒÙˆÙ†Øº Ø§Ù„Ø§Ø¯Ø§Ø±ÙŠØ© Ø§Ù„ØªØ§Ø¨Ø¹Ø© Ù„Ø¬Ù…Ù‡ÙˆØ±ÙŠØ© Ø§Ù„ØµÙŠÙ† Ø§Ù„Ø´Ø¹Ø¨ÙŠØ©
     got: منطقة هونغ كونغ الادارية التابعة لجمهورية الصين الشعبية
 ; [cca2=HK].translations.ces.official
Expected: ZvlÃ¡Å¡tnÃ­ administrativnÃ­ oblast ÄŒÃ­nskÃ© lidovÃ© republiky Hongkong
     got: Zvláštní administrativní oblast Čínské lidové republiky Hongkong
 ; [cca2=HK].translations.fra.official
Expected: RÃ©gion administrative spÃ©ciale de Hong Kong de la RÃ©publique populaire de Chine
     got: Région administrative spéciale de Hong Kong de la République populaire de Chine
 ; [cca2=HK].translations.hrv.official
Expected: Hong Kong Posebnog upravnog podruÄ�jaNarodne Republike Kine
     got: Hong Kong Posebnog upravnog područjaNarodne Republike Kine
 ; [cca2=HK].translations.jpn.common
Expected: é¦™æ¸¯
     got: 香港
 ; [cca2=HK].translations.jpn.official
Expected: ä¸­è�¯äººæ°‘å…±å’Œå›½é¦™æ¸¯ç‰¹åˆ¥è¡Œæ”¿åŒº
     got: 中華人民共和国香港特別行政区
 ; [cca2=HK].translations.kor.common
Expected: í™�ì½©
     got: 홍콩
 ; [cca2=HK].translations.kor.official
Expected: ì¤‘í™”ì�¸ë¯¼ê³µí™”êµ­ í™�ì½© íŠ¹ë³„í–‰ì •êµ¬
     got: 중화인민공화국 홍콩 특별행정구
 ; [cca2=HK].translations.per.common
Expected: Ù‡Ù�Ù†Ú¯ Ú©Ù�Ù†Ú¯
     got: هُنگ کُنگ
 ; [cca2=HK].translations.per.official
Expected: Ù‡Ù�Ù†Ú¯ Ú©Ù�Ù†Ú¯
     got: هُنگ کُنگ
 ; [cca2=HK].translations.pol.official
Expected: Specjalny Region Administracyjny ChiÅ„skiej Republiki Ludowej Hongkong
     got: Specjalny Region Administracyjny Chińskiej Republiki Ludowej Hongkong
 ; [cca2=HK].translations.por.official
Expected: Hong Kong RegiÃ£o Administrativa Especial da RepÃºblica Popular da China
     got: Hong Kong Região Administrativa Especial da República Popular da China
 ; [cca2=HK].translations.rus.common
Expected: Ð“Ð¾Ð½ÐºÐ¾Ð½Ð³
     got: Гонконг
 ; [cca2=HK].translations.rus.official
Expected: Hong Kong Ð¡Ð¿ÐµÑ†Ð¸Ð°Ð»ÑŒÐ½Ñ‹Ð¹ Ð°Ð´Ð¼Ð¸Ð½Ð¸Ñ�Ñ‚Ñ€Ð°Ñ‚Ð¸Ð²Ð½Ñ‹Ð¹ Ñ€Ð°Ð¹Ð¾Ð½ ÐšÐ¸Ñ‚Ð°Ð¹Ñ�ÐºÐ¾Ð¹ Ð�Ð°Ñ€Ð¾Ð´Ð½Ð¾Ð¹ Ð ÐµÑ�Ð¿ÑƒÐ±Ð»Ð¸ÐºÐ¸ ÐšÐ¸Ñ‚Ð°Ñ�
     got: Hong Kong Специальный административный район Китайской Народной Республики Китая
 ; [cca2=HK].translations.slk.official
Expected: Å peciÃ¡lna administratÃ­vna oblasÅ¥ÄŒÃ­nskej Ä¾udovej republiky Hongkong
     got: Špeciálna administratívna oblasťČínskej ľudovej republiky Hongkong
 ; [cca2=HK].translations.spa.official
Expected: Hong Kong RegiÃ³n Administrativa Especial de la RepÃºblica Popular China
     got: Hong Kong Región Administrativa Especial de la República Popular China
 ; [cca2=HK].translations.srp.common
Expected: Ð¥Ð¾Ð½Ð³ÐºÐ¾Ð½Ð³
     got: Хонгконг
 ; [cca2=HK].translations.srp.official
Expected: Ð¥Ð¾Ð½Ð³ÐºÐ¾Ð½Ð³ Ñ�Ð¿ÐµÑ†Ð¸Ñ˜Ð°Ð»Ð½Ð° Ð°Ð´Ð¼Ð¸Ð½Ð¸Ñ�Ñ‚Ñ€Ð°Ñ‚Ð¸Ð²Ð½Ð° Ð¾Ð±Ð»Ð°Ñ�Ñ‚ Ð�Ð°Ñ€Ð¾Ð´Ð½Ðµ Ð ÐµÐ¿ÑƒÐ±Ð»Ð¸ÐºÐµ ÐšÐ¸Ð½Ðµ
     got: Хонгконг специјална административна област Народне Републике Кине
 ; [cca2=HK].translations.tur.official
Expected: Ã‡in Halk Cumhuriyeti Hong Kong Ã–zel Ä°dari BÃ¶lgesi
     got: Çin Halk Cumhuriyeti Hong Kong Özel İdari Bölgesi
 ; [cca2=HK].translations.urd.common
Expected: Û�Ø§Ù†Ú¯ Ú©Ø§Ù†Ú¯
     got: ہانگ کانگ
 ; [cca2=HK].translations.urd.official
Expected: Û�Ø§Ù†Ú¯ Ú©Ø§Ù†Ú¯ Ø¹ÙˆØ§Ù…ÛŒ Ø¬Ù…Û�ÙˆØ±ÛŒÛ� Ú†ÛŒÙ† Ú©Ø§ Ø®ØµÙˆØµÛŒ Ø§Ù†ØªØ¸Ø§Ù…ÛŒ Ø¹Ù„Ø§Ù‚Û�
     got: ہانگ کانگ عوامی جمہوریہ چین کا خصوصی انتظامی علاقہ
 ; [cca2=HM].flag
Expected: ðŸ‡­ðŸ‡²
     got: 🇭🇲
 ; [cca2=HM].translations.ara.common
Expected: Ø¬Ø²ÙŠØ±Ø© Ù‡ÙŠØ±Ø¯ ÙˆØ¬Ø²Ø± Ù…Ø§ÙƒØ¯ÙˆÙ†Ø§Ù„Ø¯
     got: جزيرة هيرد وجزر ماكدونالد
 ; [cca2=HM].translations.ara.official
Expected: Ø¬Ø²ÙŠØ±Ø© Ù‡ÙŠØ±Ø¯ ÙˆØ¬Ø²Ø± Ù…Ø§ÙƒØ¯ÙˆÙ†Ø§Ù„Ø¯
     got: جزيرة هيرد وجزر ماكدونالد
 ; [cca2=HM].translations.ces.common
Expected: HeardÅ¯v ostrov a McDonaldovy ostrovy
     got: Heardův ostrov a McDonaldovy ostrovy
 ; [cca2=HM].translations.ces.official
Expected: HeardÅ¯v ostrov a McDonaldovy ostrovy
     got: Heardův ostrov a McDonaldovy ostrovy
 ; [cca2=HM].translations.fra.common
Expected: ÃŽles Heard-et-MacDonald
     got: Îles Heard-et-MacDonald
 ; [cca2=HM].translations.fra.official
Expected: Des Ã®les Heard et McDonald
     got: Des îles Heard et McDonald
 ; [cca2=HM].translations.hrv.common
Expected: Otok Heard i otoÄ�je McDonald
     got: Otok Heard i otočje McDonald
 ; [cca2=HM].translations.hrv.official
Expected: Otok Heard i otoÄ�je McDonald
     got: Otok Heard i otočje McDonald
 ; [cca2=HM].translations.hun.common
Expected: Heard-sziget Ã©s McDonald-szigetek
     got: Heard-sziget és McDonald-szigetek
 ; [cca2=HM].translations.hun.official
Expected: Heard-sziget Ã©s McDonald-szigetek
     got: Heard-sziget és McDonald-szigetek
 ; [cca2=HM].translations.jpn.common
Expected: ãƒ�ãƒ¼ãƒ‰å³¶ã�¨ãƒžã‚¯ãƒ‰ãƒŠãƒ«ãƒ‰è«¸å³¶
     got: ハード島とマクドナルド諸島
 ; [cca2=HM].translations.jpn.official
Expected: ãƒ�ãƒ¼ãƒ‰å³¶ã�¨ãƒžã‚¯ãƒ‰ãƒŠãƒ«ãƒ‰è«¸å³¶
     got: ハード島とマクドナルド諸島
 ; [cca2=HM].translations.kor.common
Expected: í—ˆë“œ ë§¥ë�„ë„�ë“œ ì œë�„
     got: 허드 맥도널드 제도
 ; [cca2=HM].translations.kor.official
Expected: í—ˆë“œ ë§¥ë�„ë„�ë“œ ì œë�„
     got: 허드 맥도널드 제도
 ; [cca2=HM].translations.per.common
Expected: Ø¬Ø²ÛŒØ±Ù‡ Ù‡Ø±Ø¯ Ùˆ Ø¬Ø²Ø§ÛŒØ± Ù…Ú©â€ŒØ¯ÙˆÙ†Ø§Ù„Ø¯
     got: جزیره هرد و جزایر مک‌دونالد
 ; [cca2=HM].translations.per.official
Expected: Ø¬Ø²ÛŒØ±Ù‡ Ù‡Ø±Ø¯ Ùˆ Ø¬Ø²Ø§ÛŒØ± Ù…Ú©â€ŒØ¯ÙˆÙ†Ø§Ù„Ø¯
     got: جزیره هرد و جزایر مک‌دونالد
 ; [cca2=HM].translations.rus.common
Expected: ÐžÑ�Ñ‚Ñ€Ð¾Ð² Ð¥ÐµÑ€Ð´ Ð¸ Ð¾Ñ�Ñ‚Ñ€Ð¾Ð²Ð° ÐœÐ°ÐºÐ´Ð¾Ð½Ð°Ð»ÑŒÐ´
     got: Остров Херд и острова Макдональд
 ; [cca2=HM].translations.rus.official
Expected: ÐžÑ�Ñ‚Ñ€Ð¾Ð² Ð¥ÐµÑ€Ð´ Ð¸ Ð¾Ñ�Ñ‚Ñ€Ð¾Ð²Ð° ÐœÐ°ÐºÐ´Ð¾Ð½Ð°Ð»ÑŒÐ´
     got: Остров Херд и острова Макдональд
 ; [cca2=HM].translations.slk.official
Expected: TeritÃ³rium Heardovho ostrova a MacdonaldovÃ½ch ostrovov
     got: Teritórium Heardovho ostrova a Macdonaldových ostrovov
 ; [cca2=HM].translations.srp.common
Expected: ÐžÑ�Ñ‚Ñ€Ð²Ð° Ð¥ÐµÑ€Ð´ Ð¸ ÐœÐ°ÐºÐ´Ð¾Ð½Ð°Ð»Ð´
     got: Острва Херд и Макдоналд
 ; [cca2=HM].translations.srp.official
Expected: ÐžÑ�Ñ‚Ñ€Ð²Ð° Ð¥ÐµÑ€Ð´ Ð¸ ÐœÐ°ÐºÐ´Ð¾Ð½Ð°Ð»Ð´
     got: Острва Херд и Макдоналд
 ; [cca2=HM].translations.swe.common
Expected: Heard- och McDonaldÃ¶arna
     got: Heard- och McDonaldöarna
 ; [cca2=HM].translations.swe.official
Expected: Heard- och McDonaldÃ¶arna
     got: Heard- och McDonaldöarna
 ; [cca2=HM].translations.tur.common
Expected: Heard AdasÄ± ve McDonald AdalarÄ±
     got: Heard Adası ve McDonald Adaları
 ; [cca2=HM].translations.tur.official
Expected: Heard AdasÄ± ve McDonald AdalarÄ±
     got: Heard Adası ve McDonald Adaları
 ; [cca2=HM].translations.urd.common
Expected: Ø¬Ø²ÛŒØ±Û� Û�Ø±Úˆ Ùˆ Ø¬Ø²Ø§Ø¦Ø± Ù…Ú©ÚˆÙˆÙ†Ù„Úˆ
     got: جزیرہ ہرڈ و جزائر مکڈونلڈ
 ; [cca2=HM].translations.urd.official
Expected: Ø¬Ø²ÛŒØ±Û� Û�Ø±Úˆ Ùˆ Ø¬Ø²Ø§Ø¦Ø± Ù…Ú©ÚˆÙˆÙ†Ù„Úˆ
     got: جزیرہ ہرڈ و جزائر مکڈونلڈ
 ; [cca2=HM].translations.zho.common
Expected: èµ«å¾·å²›å’Œéº¦å½“åŠ³ç¾¤å²›
     got: 赫德岛和麦当劳群岛
 ; [cca2=HM].translations.zho.official
Expected: èµ«å¾·å²›å’Œéº¦å½“åŠ³ç¾¤å²›
     got: 赫德岛和麦当劳群岛
 ; [cca2=HN].altSpellings[]
Expected: RepÃºblica de Honduras
     but none found
 ; [cca2=HN].altSpellings[]
Unexpected: República de Honduras
 ; [cca2=HN].flag
Expected: ðŸ‡­ðŸ‡³
     got: 🇭🇳
 ; [cca2=HN].name.nativeName.spa.official
Expected: RepÃºblica de Honduras
     got: República de Honduras
 ; [cca2=HN].translations.ara.common
Expected: Ù‡Ù†Ø¯ÙˆØ±Ø§Ø³
     got: هندوراس
 ; [cca2=HN].translations.ara.official
Expected: Ø¬Ù…Ù‡ÙˆØ±ÙŠØ© Ù‡Ù†Ø¯ÙˆØ±Ø§Ø³
     got: جمهورية هندوراس
 ; [cca2=HN].translations.ces.official
Expected: HonduraskÃ¡ republika
     got: Honduraská republika
 ; [cca2=HN].translations.fra.official
Expected: RÃ©publique du Honduras
     got: République du Honduras
 ; [cca2=HN].translations.hun.official
Expected: Hondurasi KÃ¶ztÃ¡rsasÃ¡g
     got: Hondurasi Köztársaság
 ; [cca2=HN].translations.jpn.common
Expected: ãƒ›ãƒ³ã‚¸ãƒ¥ãƒ©ã‚¹
     got: ホンジュラス
 ; [cca2=HN].translations.jpn.official
Expected: ãƒ›ãƒ³ã‚¸ãƒ¥ãƒ©ã‚¹å…±å’Œå›½
     got: ホンジュラス共和国
 ; [cca2=HN].translations.kor.common
Expected: ì˜¨ë‘�ë�¼ìŠ¤
     got: 온두라스
 ; [cca2=HN].translations.kor.official
Expected: ì˜¨ë‘�ë�¼ìŠ¤ ê³µí™”êµ­
     got: 온두라스 공화국
 ; [cca2=HN].translations.per.common
Expected: Ù‡Ù�Ù†Ø¯ÙˆØ±Ø§Ø³
     got: هُندوراس
 ; [cca2=HN].translations.per.official
Expected: Ø¬Ù…Ù‡ÙˆØ±ÛŒ Ù‡Ù†Ø¯ÙˆØ±Ø§Ø³
     got: جمهوری هندوراس
 ; [cca2=HN].translations.por.official
Expected: RepÃºblica de Honduras
     got: República de Honduras
 ; [cca2=HN].translations.rus.common
Expected: Ð“Ð¾Ð½Ð´ÑƒÑ€Ð°Ñ�
     got: Гондурас
 ; [cca2=HN].translations.rus.official
Expected: Ð ÐµÑ�Ð¿ÑƒÐ±Ð»Ð¸ÐºÐ° Ð“Ð¾Ð½Ð´ÑƒÑ€Ð°Ñ�
     got: Республика Гондурас
 ; [cca2=HN].translations.slk.official
Expected: HonduraskÃ¡ republika
     got: Honduraská republika
 ; [cca2=HN].translations.spa.official
Expected: RepÃºblica de Honduras
     got: República de Honduras
 ; [cca2=HN].translations.srp.common
Expected: Ð¥Ð¾Ð½Ð´ÑƒÑ€Ð°Ñ�
     got: Хондурас
 ; [cca2=HN].translations.srp.official
Expected: Ð ÐµÐ¿ÑƒÐ±Ð»Ð¸ÐºÐ° Ð¥Ð¾Ð½Ð´ÑƒÑ€Ð°Ñ�
     got: Република Хондурас
 ; [cca2=HN].translations.urd.common
Expected: Û�ÙˆÙ†ÚˆÙˆØ±Ø§Ø³
     got: ہونڈوراس
 ; [cca2=HN].translations.urd.official
Expected: Ø¬Ù…Û�ÙˆØ±ÛŒÛ� Û�ÙˆÙ†ÚˆÙˆØ±Ø§Ø³
     got: جمہوریہ ہونڈوراس
 ; [cca2=HN].translations.zho.common
Expected: æ´ªéƒ½æ‹‰æ–¯
     got: 洪都拉斯
 ; [cca2=HN].translations.zho.official
Expected: æ´ªéƒ½æ‹‰æ–¯å…±å’Œå›½
     got: 洪都拉斯共和国
 ; [cca2=HR].currencies.EUR.symbol
Expected: â‚¬
     got: €
 ; [cca2=HR].flag
Expected: ðŸ‡­ðŸ‡·
     got: 🇭🇷
 ; [cca2=HR].translations.ara.common
Expected: ÙƒØ±ÙˆØ§ØªÙŠØ§
     got: كرواتيا
 ; [cca2=HR].translations.ara.official
Expected: Ø¬Ù…Ù‡ÙˆØ±ÙŠØ© ÙƒØ±ÙˆØ§ØªÙŠØ§
     got: جمهورية كرواتيا
 ; [cca2=HR].translations.ces.official
Expected: ChorvatskÃ¡ republika
     got: Chorvatská republika
 ; [cca2=HR].translations.fra.official
Expected: RÃ©publique de Croatie
     got: République de Croatie
 ; [cca2=HR].translations.hun.common
Expected: HorvÃ¡torszÃ¡g
     got: Horvátország
 ; [cca2=HR].translations.hun.official
Expected: HorvÃ¡t KÃ¶ztÃ¡rsasÃ¡g
     got: Horvát Köztársaság
 ; [cca2=HR].translations.jpn.common
Expected: ã‚¯ãƒ­ã‚¢ãƒ�ã‚¢
     got: クロアチア
 ; [cca2=HR].translations.jpn.official
Expected: ã‚¯ãƒ­ã‚¢ãƒ�ã‚¢å…±å’Œå›½
     got: クロアチア共和国
 ; [cca2=HR].translations.kor.common
Expected: í�¬ë¡œì•„í‹°ì•„
     got: 크로아티아
 ; [cca2=HR].translations.kor.official
Expected: í�¬ë¡œì•„í‹°ì•„ ê³µí™”êµ­
     got: 크로아티아 공화국
 ; [cca2=HR].translations.nld.common
Expected: KroatiÃ«
     got: Kroatië
 ; [cca2=HR].translations.nld.official
Expected: Republiek KroatiÃ«
     got: Republiek Kroatië
 ; [cca2=HR].translations.per.common
Expected: Ú©Ø±Ù�ÙˆØ§Ø³ÛŒ
     got: کرُواسی
 ; [cca2=HR].translations.per.official
Expected: Ø¬Ù…Ù‡ÙˆØ±ÛŒ Ú©Ø±ÙˆØ§Ø³ÛŒ
     got: جمهوری کرواسی
 ; [cca2=HR].translations.por.common
Expected: CroÃ¡cia
     got: Croácia
 ; [cca2=HR].translations.por.official
Expected: RepÃºblica da CroÃ¡cia
     got: República da Croácia
 ; [cca2=HR].translations.rus.common
Expected: Ð¥Ð¾Ñ€Ð²Ð°Ñ‚Ð¸Ñ�
     got: Хорватия
 ; [cca2=HR].translations.rus.official
Expected: Ð ÐµÑ�Ð¿ÑƒÐ±Ð»Ð¸ÐºÐ° Ð¥Ð¾Ñ€Ð²Ð°Ñ‚Ð¸Ñ�
     got: Республика Хорватия
 ; [cca2=HR].translations.slk.common
Expected: ChorvÃ¡tsko
     got: Chorvátsko
 ; [cca2=HR].translations.slk.official
Expected: ChorvÃ¡tska republika
     got: Chorvátska republika
 ; [cca2=HR].translations.spa.official
Expected: RepÃºblica de Croacia
     got: República de Croacia
 ; [cca2=HR].translations.srp.common
Expected: Ð¥Ñ€Ð²Ð°Ñ‚Ñ�ÐºÐ°
     got: Хрватска
 ; [cca2=HR].translations.srp.official
Expected: Ð ÐµÐ¿ÑƒÐ±Ð»Ð¸ÐºÐ° Ð¥Ñ€Ð²Ð°Ñ‚Ñ�ÐºÐ°
     got: Република Хрватска
 ; [cca2=HR].translations.tur.common
Expected: HÄ±rvatistan
     got: Hırvatistan
 ; [cca2=HR].translations.tur.official
Expected: HÄ±rvatistan Cumhuriyeti
     got: Hırvatistan Cumhuriyeti
 ; [cca2=HR].translations.urd.common
Expected: Ú©Ø±ÙˆÛŒØ¦Ø´Ø§
     got: کرویئشا
 ; [cca2=HR].translations.urd.official
Expected: Ø¬Ù…Û�ÙˆØ±ÛŒÛ� Ú©Ø±ÙˆÛŒØ¦Ø´Ø§
     got: جمہوریہ کرویئشا
 ; [cca2=HR].translations.zho.common
Expected: å…‹ç½—åœ°äºš
     got: 克罗地亚
 ; [cca2=HR].translations.zho.official
Expected: å…‹ç½—åœ°äºšå…±å’Œå›½
     got: 克罗地亚共和国
 ; [cca2=HT].altSpellings[]
Expected: RÃ©publique d&apos;HaÃ¯ti
     but none found
 ; [cca2=HT].altSpellings[]
Unexpected: République d&apos;Haïti
 ; [cca2=HT].demonyms.fra.f
Expected: HaÃ¯tienne
     got: Haïtienne
 ; [cca2=HT].demonyms.fra.m
Expected: HaÃ¯tien
     got: Haïtien
 ; [cca2=HT].flag
Expected: ðŸ‡­ðŸ‡¹
     got: 🇭🇹
 ; [cca2=HT].name.nativeName.fra.common
Expected: HaÃ¯ti
     got: Haïti
 ; [cca2=HT].name.nativeName.fra.official
Expected: RÃ©publique d&apos;HaÃ¯ti
     got: République d&apos;Haïti
 ; [cca2=HT].translations.ara.common
Expected: Ù‡Ø§ÙŠØªÙŠ
     got: هايتي
 ; [cca2=HT].translations.ara.official
Expected: Ø¬Ù…Ù‡ÙˆØ±ÙŠØ© Ù‡Ø§ÙŠØªÙŠ
     got: جمهورية هايتي
 ; [cca2=HT].translations.fra.common
Expected: HaÃ¯ti
     got: Haïti
 ; [cca2=HT].translations.fra.official
Expected: RÃ©publique d&apos;HaÃ¯ti
     got: République d&apos;Haïti
 ; [cca2=HT].translations.hun.official
Expected: Haiti KÃ¶ztÃ¡rsasÃ¡g
     got: Haiti Köztársaság
 ; [cca2=HT].translations.jpn.common
Expected: ãƒ�ã‚¤ãƒ�
     got: ハイチ
 ; [cca2=HT].translations.jpn.official
Expected: ãƒ�ã‚¤ãƒ�å…±å’Œå›½
     got: ハイチ共和国
 ; [cca2=HT].translations.kor.common
Expected: ì•„ì�´í‹°
     got: 아이티
 ; [cca2=HT].translations.kor.official
Expected: ì•„ì�´í‹° ê³µí™”êµ­
     got: 아이티 공화국
 ; [cca2=HT].translations.nld.common
Expected: HaÃ¯ti
     got: Haïti
 ; [cca2=HT].translations.nld.official
Expected: Republiek HaÃ¯ti
     got: Republiek Haïti
 ; [cca2=HT].translations.per.common
Expected: Ù‡Ø§Ø¦ÛŒØªÛŒ
     got: هائیتی
 ; [cca2=HT].translations.per.official
Expected: Ø¬Ù…Ù‡ÙˆØ±ÛŒ Ù‡Ø§Ø¦ÛŒØªÛŒ
     got: جمهوری هائیتی
 ; [cca2=HT].translations.por.official
Expected: RepÃºblica do Haiti
     got: República do Haiti
 ; [cca2=HT].translations.rus.common
Expected: Ð“Ð°Ð¸Ñ‚Ð¸
     got: Гаити
 ; [cca2=HT].translations.rus.official
Expected: Ð ÐµÑ�Ð¿ÑƒÐ±Ð»Ð¸ÐºÐ° Ð“Ð°Ð¸Ñ‚Ð¸
     got: Республика Гаити
 ; [cca2=HT].translations.slk.official
Expected: HaitskÃ¡ republika
     got: Haitská republika
 ; [cca2=HT].translations.spa.common
Expected: HaitÃ­
     got: Haití
 ; [cca2=HT].translations.spa.official
Expected: RepÃºblica de HaitÃ­
     got: República de Haití
 ; [cca2=HT].translations.srp.common
Expected: Ð¥Ð°Ð¸Ñ‚Ð¸
     got: Хаити
 ; [cca2=HT].translations.srp.official
Expected: Ð ÐµÐ¿ÑƒÐ±Ð»Ð¸ÐºÐ° Ð¥Ð°Ð¸Ñ‚Ð¸
     got: Република Хаити
 ; [cca2=HT].translations.urd.common
Expected: Û�ÛŒÙ¹ÛŒ
     got: ہیٹی
 ; [cca2=HT].translations.urd.official
Expected: Ø¬Ù…Û�ÙˆØ±ÛŒÛ� Û�ÛŒÙ¹ÛŒ
     got: جمہوریہ ہیٹی
 ; [cca2=HT].translations.zho.common
Expected: æµ·åœ°
     got: 海地
 ; [cca2=HT].translations.zho.official
Expected: æµ·åœ°å…±å’Œå›½
     got: 海地共和国
 ; [cca2=YE].altSpellings[]
Expected: al-JumhÅ«riyyah al-Yamaniyyah
     but none found
 ; [cca2=YE].altSpellings[]
Unexpected: al-Jumhūriyyah al-Yamaniyyah
 ; [cca2=YE].currencies.YER.symbol
Expected: ï·¼
     got: ﷼
 ; [cca2=YE].demonyms.fra.f
Expected: YÃ©mÃ©nite
     got: Yéménite
 ; [cca2=YE].demonyms.fra.m
Expected: YÃ©mÃ©nite
     got: Yéménite
 ; [cca2=YE].flag
Expected: ðŸ‡¾ðŸ‡ª
     got: 🇾🇪
 ; [cca2=YE].name.nativeName.ara.common
Expected: Ø§Ù„ÙŠÙŽÙ…ÙŽÙ†
     got: اليَمَن
 ; [cca2=YE].name.nativeName.ara.official
Expected: Ø§Ù„Ø¬Ù…Ù‡ÙˆØ±ÙŠØ© Ø§Ù„ÙŠÙ…Ù†ÙŠØ©
     got: الجمهورية اليمنية
 ; [cca2=YE].translations.ara.common
Expected: Ø§Ù„ÙŠÙ…Ù†
     got: اليمن
 ; [cca2=YE].translations.ara.official
Expected: Ø§Ù„Ø¬Ù…Ù‡ÙˆØ±ÙŠØ© Ø§Ù„ÙŠÙ…Ù†ÙŠØ©
     got: الجمهورية اليمنية
 ; [cca2=YE].translations.ces.official
Expected: JemenskÃ¡ republika
     got: Jemenská republika
 ; [cca2=YE].translations.fra.common
Expected: YÃ©men
     got: Yémen
 ; [cca2=YE].translations.fra.official
Expected: RÃ©publique du YÃ©men
     got: République du Yémen
 ; [cca2=YE].translations.hun.official
Expected: Jemeni KÃ¶ztÃ¡rsasÃ¡g
     got: Jemeni Köztársaság
 ; [cca2=YE].translations.jpn.common
Expected: ã‚¤ã‚¨ãƒ¡ãƒ³
     got: イエメン
 ; [cca2=YE].translations.jpn.official
Expected: ã‚¤ã‚¨ãƒ¡ãƒ³å…±å’Œå›½
     got: イエメン共和国
 ; [cca2=YE].translations.kor.common
Expected: ì˜ˆë©˜
     got: 예멘
 ; [cca2=YE].translations.kor.official
Expected: ì˜ˆë©˜ ê³µí™”êµ­
     got: 예멘 공화국
 ; [cca2=YE].translations.per.common
Expected: ÛŒÙ…Ù†
     got: یمن
 ; [cca2=YE].translations.per.official
Expected: Ø¬Ù…Ù‡ÙˆØ±ÛŒ ÛŒÙ…Ù†
     got: جمهوری یمن
 ; [cca2=YE].translations.pol.official
Expected: Republika JemeÅ„ska
     got: Republika Jemeńska
 ; [cca2=YE].translations.por.common
Expected: IÃ©men
     got: Iémen
 ; [cca2=YE].translations.por.official
Expected: RepÃºblica do IÃªmen
     got: República do Iêmen
 ; [cca2=YE].translations.rus.common
Expected: Ð™ÐµÐ¼ÐµÐ½
     got: Йемен
 ; [cca2=YE].translations.rus.official
Expected: Ð™ÐµÐ¼ÐµÐ½Ñ�ÐºÐ°Ñ� Ð ÐµÑ�Ð¿ÑƒÐ±Ð»Ð¸ÐºÐ°
     got: Йеменская Республика
 ; [cca2=YE].translations.slk.official
Expected: JemenskÃ¡ republika
     got: Jemenská republika
 ; [cca2=YE].translations.spa.official
Expected: RepÃºblica de Yemen
     got: República de Yemen
 ; [cca2=YE].translations.srp.common
Expected: ÐˆÐµÐ¼ÐµÐ½
     got: Јемен
 ; [cca2=YE].translations.srp.official
Expected: Ð ÐµÐ¿ÑƒÐ±Ð»Ð¸ÐºÐ° ÐˆÐµÐ¼ÐµÐ½
     got: Република Јемен
 ; [cca2=YE].translations.urd.common
Expected: ÛŒÙ…Ù†
     got: یمن
 ; [cca2=YE].translations.urd.official
Expected: Ø¬Ù…Û�ÙˆØ±ÛŒÛ� ÛŒÙ…Ù†
     got: جمہوریہ یمن
 ; [cca2=YE].translations.zho.common
Expected: ä¹Ÿé—¨
     got: 也门
 ; [cca2=YE].translations.zho.official
Expected: ä¹Ÿé—¨å…±å’Œå›½
     got: 也门共和国
 ; [cca2=HU].flag
Expected: ðŸ‡­ðŸ‡º
     got: 🇭🇺
 ; [cca2=HU].name.nativeName.hun.common
Expected: MagyarorszÃ¡g
     got: Magyarország
 ; [cca2=HU].name.nativeName.hun.official
Expected: MagyarorszÃ¡g
     got: Magyarország
 ; [cca2=HU].translations.ara.common
Expected: Ø§Ù„Ù…Ø¬Ø±
     got: المجر
 ; [cca2=HU].translations.ara.official
Expected: Ø§Ù„Ø¬Ù…Ù‡ÙˆØ±ÙŠØ© Ø§Ù„Ù…Ø¬Ø±ÙŠØ©
     got: الجمهورية المجرية
 ; [cca2=HU].translations.ces.common
Expected: MaÄ�arsko
     got: Maďarsko
 ; [cca2=HU].translations.ces.official
Expected: MaÄ�arsko
     got: Maďarsko
 ; [cca2=HU].translations.hrv.common
Expected: MaÄ‘arska
     got: Mađarska
 ; [cca2=HU].translations.hrv.official
Expected: MadÅ¾arska
     got: Madžarska
 ; [cca2=HU].translations.hun.common
Expected: MagyarorszÃ¡g
     got: Magyarország
 ; [cca2=HU].translations.hun.official
Expected: MagyarorszÃ¡g
     got: Magyarország
 ; [cca2=HU].translations.jpn.common
Expected: ãƒ�ãƒ³ã‚¬ãƒªãƒ¼
     got: ハンガリー
 ; [cca2=HU].translations.jpn.official
Expected: ãƒ�ãƒ³ã‚¬ãƒªãƒ¼
     got: ハンガリー
 ; [cca2=HU].translations.kor.common
Expected: í—�ê°€ë¦¬
     got: 헝가리
 ; [cca2=HU].translations.kor.official
Expected: í—�ê°€ë¦¬
     got: 헝가리
 ; [cca2=HU].translations.per.common
Expected: Ù…Ø¬Ø§Ø±Ø³ØªØ§Ù†
     got: مجارستان
 ; [cca2=HU].translations.per.official
Expected: Ù…Ø¬Ø§Ø±Ø³ØªØ§Ù†
     got: مجارستان
 ; [cca2=HU].translations.pol.common
Expected: WÄ™gry
     got: Węgry
 ; [cca2=HU].translations.pol.official
Expected: WÄ™gry
     got: Węgry
 ; [cca2=HU].translations.rus.common
Expected: Ð’ÐµÐ½Ð³Ñ€Ð¸Ñ�
     got: Венгрия
 ; [cca2=HU].translations.rus.official
Expected: Ð’ÐµÐ½Ð³Ñ€Ð¸Ñ�
     got: Венгрия
 ; [cca2=HU].translations.slk.common
Expected: MaÄ�arsko
     got: Maďarsko
 ; [cca2=HU].translations.slk.official
Expected: MaÄ�arsko
     got: Maďarsko
 ; [cca2=HU].translations.spa.common
Expected: HungrÃ­a
     got: Hungría
 ; [cca2=HU].translations.spa.official
Expected: HungrÃ­a
     got: Hungría
 ; [cca2=HU].translations.srp.common
Expected: ÐœÐ°Ñ’Ð°Ñ€Ñ�ÐºÐ°
     got: Мађарска
 ; [cca2=HU].translations.srp.official
Expected: ÐœÐ°Ñ’Ð°Ñ€Ñ�ÐºÐ°
     got: Мађарска
 ; [cca2=HU].translations.urd.common
Expected: Ù…Ø¬Ø§Ø±Ø³ØªØ§Ù†
     got: مجارستان
 ; [cca2=HU].translations.urd.official
Expected: Ù…Ø¬Ø§Ø±Ø³ØªØ§Ù†
     got: مجارستان
 ; [cca2=HU].translations.zho.common
Expected: åŒˆç‰™åˆ©
     got: 匈牙利
 ; [cca2=HU].translations.zho.official
Expected: åŒˆç‰™åˆ©
     got: 匈牙利
 ; [cca2=YT].altSpellings[]
Expected: DÃ©partement de Mayotte
     but none found
 ; [cca2=YT].altSpellings[]
Unexpected: Département de Mayotte
 ; [cca2=YT].currencies.EUR.symbol
Expected: â‚¬
     got: €
 ; [cca2=YT].flag
Expected: ðŸ‡¾ðŸ‡¹
     got: 🇾🇹
 ; [cca2=YT].name.nativeName.fra.official
Expected: DÃ©partement de Mayotte
     got: Département de Mayotte
 ; [cca2=YT].translations.ara.common
Expected: Ù…Ø§ÙŠÙˆØª
     got: مايوت
 ; [cca2=YT].translations.ara.official
Expected: Ù…Ø§ÙŠÙˆØª
     got: مايوت
 ; [cca2=YT].translations.deu.official
Expected: Ãœbersee-DÃ©partement Mayotte
     got: Übersee-Département Mayotte
 ; [cca2=YT].translations.fra.official
Expected: DÃ©partement de Mayotte
     got: Département de Mayotte
 ; [cca2=YT].translations.jpn.common
Expected: ãƒžãƒ¨ãƒƒãƒˆ
     got: マヨット
 ; [cca2=YT].translations.jpn.official
Expected: ãƒžãƒ¨ãƒƒãƒˆç§‘
     got: マヨット科
 ; [cca2=YT].translations.kor.common
Expected: ë§ˆìš”íŠ¸
     got: 마요트
 ; [cca2=YT].translations.kor.official
Expected: ë§ˆìš”íŠ¸
     got: 마요트
 ; [cca2=YT].translations.per.common
Expected: Ù…Ø§ÛŒÙˆØª
     got: مایوت
 ; [cca2=YT].translations.per.official
Expected: Ù…Ø¬Ù…ÙˆØ¹Ù‡ Ø´Ù‡Ø±Ø³ØªØ§Ù†ÛŒ Ù…Ø§ÛŒÙˆØª
     got: مجموعه شهرستانی مایوت
 ; [cca2=YT].translations.rus.common
Expected: ÐœÐ°Ð¹Ð¾Ñ‚Ñ‚Ð°
     got: Майотта
 ; [cca2=YT].translations.rus.official
Expected: Ð”ÐµÐ¿Ð°Ñ€Ñ‚Ð°Ð¼ÐµÐ½Ñ‚ ÐœÐ°Ð¹Ð¾Ñ‚Ñ‚Ð°
     got: Департамент Майотта
 ; [cca2=YT].translations.srp.common
Expected: ÐœÐ°Ñ˜Ð¾Ñ‚
     got: Мајот
 ; [cca2=YT].translations.srp.official
Expected: ÐœÐ°Ñ˜Ð¾Ñ‚
     got: Мајот
 ; [cca2=YT].translations.swe.official
Expected: DepartementsomrÃ¥det Mayotte
     got: Departementsområdet Mayotte
 ; [cca2=YT].translations.urd.common
Expected: Ù…Ø§ÛŒÙˆÙ¹
     got: مایوٹ
 ; [cca2=YT].translations.urd.official
Expected: Ù…Ø§ÛŒÙˆÙ¹
     got: مایوٹ
 ; [cca2=YT].translations.zho.common
Expected: é©¬çº¦ç‰¹
     got: 马约特
 ; [cca2=YT].translations.zho.official
Expected: é©¬çº¦ç‰¹
     got: 马约特
 ; [cca2=ID].demonyms.fra.f
Expected: IndonÃ©sienne
     got: Indonésienne
 ; [cca2=ID].demonyms.fra.m
Expected: IndonÃ©sien
     got: Indonésien
 ; [cca2=ID].flag
Expected: ðŸ‡®ðŸ‡©
     got: 🇮🇩
 ; [cca2=ID].translations.ara.common
Expected: Ø¥Ù†Ø¯ÙˆÙ†ÙŠØ³ÙŠØ§
     got: إندونيسيا
 ; [cca2=ID].translations.ara.official
Expected: Ø¬Ù…Ù‡ÙˆØ±ÙŠØ© Ø¥Ù†Ø¯ÙˆÙ†ÙŠØ³ÙŠØ§
     got: جمهورية إندونيسيا
 ; [cca2=ID].translations.ces.common
Expected: IndonÃ©sie
     got: Indonésie
 ; [cca2=ID].translations.ces.official
Expected: IndonÃ©skÃ¡ republika
     got: Indonéská republika
 ; [cca2=ID].translations.fra.common
Expected: IndonÃ©sie
     got: Indonésie
 ; [cca2=ID].translations.fra.official
Expected: RÃ©publique d&apos;IndonÃ©sie
     got: République d&apos;Indonésie
 ; [cca2=ID].translations.hun.common
Expected: IndonÃ©zia
     got: Indonézia
 ; [cca2=ID].translations.hun.official
Expected: IndonÃ©z KÃ¶ztÃ¡rsasÃ¡g
     got: Indonéz Köztársaság
 ; [cca2=ID].translations.jpn.common
Expected: ã‚¤ãƒ³ãƒ‰ãƒ�ã‚·ã‚¢
     got: インドネシア
 ; [cca2=ID].translations.jpn.official
Expected: ã‚¤ãƒ³ãƒ‰ãƒ�ã‚·ã‚¢å…±å’Œå›½
     got: インドネシア共和国
 ; [cca2=ID].translations.kor.common
Expected: ì�¸ë�„ë„¤ì‹œì•„
     got: 인도네시아
 ; [cca2=ID].translations.kor.official
Expected: ì�¸ë�„ë„¤ì‹œì•„ ê³µí™”êµ­
     got: 인도네시아 공화국
 ; [cca2=ID].translations.nld.common
Expected: IndonesiÃ«
     got: Indonesië
 ; [cca2=ID].translations.nld.official
Expected: Republiek IndonesiÃ«
     got: Republiek Indonesië
 ; [cca2=ID].translations.per.common
Expected: Ø§Ù†Ø¯ÙˆÙ†Ø²ÛŒ
     got: اندونزی
 ; [cca2=ID].translations.per.official
Expected: Ø¬Ù…Ù‡ÙˆØ±ÛŒ Ø§Ù†Ø¯ÙˆÙ†Ø²ÛŒ
     got: جمهوری اندونزی
 ; [cca2=ID].translations.por.common
Expected: IndonÃ©sia
     got: Indonésia
 ; [cca2=ID].translations.por.official
Expected: RepÃºblica da IndonÃ©sia
     got: República da Indonésia
 ; [cca2=ID].translations.rus.common
Expected: Ð˜Ð½Ð´Ð¾Ð½ÐµÐ·Ð¸Ñ�
     got: Индонезия
 ; [cca2=ID].translations.rus.official
Expected: Ð ÐµÑ�Ð¿ÑƒÐ±Ð»Ð¸ÐºÐ° Ð˜Ð½Ð´Ð¾Ð½ÐµÐ·Ð¸Ñ�
     got: Республика Индонезия
 ; [cca2=ID].translations.slk.common
Expected: IndonÃ©zia
     got: Indonézia
 ; [cca2=ID].translations.slk.official
Expected: IndonÃ©zska republika
     got: Indonézska republika
 ; [cca2=ID].translations.spa.official
Expected: RepÃºblica de Indonesia
     got: República de Indonesia
 ; [cca2=ID].translations.srp.common
Expected: Ð˜Ð½Ð´Ð¾Ð½ÐµÐ·Ð¸Ñ˜Ð°
     got: Индонезија
 ; [cca2=ID].translations.srp.official
Expected: Ð ÐµÐ¿ÑƒÐ±Ð»Ð¸ÐºÐ° Ð˜Ð½Ð´Ð¾Ð½ÐµÐ·Ð¸Ñ˜Ð°
     got: Република Индонезија
 ; [cca2=ID].translations.urd.common
Expected: Ø§Ù†ÚˆÙˆÙ†ÛŒØ´ÛŒØ§
     got: انڈونیشیا
 ; [cca2=ID].translations.urd.official
Expected: Ø¬Ù…Û�ÙˆØ±ÛŒÛ� Ø§Ù†ÚˆÙˆÙ†ÛŒØ´ÛŒØ§
     got: جمہوریہ انڈونیشیا
 ; [cca2=ID].translations.zho.common
Expected: å�°åº¦å°¼è¥¿äºš
     got: 印度尼西亚
 ; [cca2=ID].translations.zho.official
Expected: å�°åº¦å°¼è¥¿äºšå…±å’Œå›½
     got: 印度尼西亚共和国
 ; [cca2=IE].altSpellings[]
Expected: Ã‰ire
     but none found
 ; [cca2=IE].altSpellings[]
Expected: Poblacht na hÃ‰ireann
     but none found
 ; [cca2=IE].altSpellings[]
Unexpected: Poblacht na hÉireann
 ; [cca2=IE].altSpellings[]
Unexpected: Éire
 ; [cca2=IE].currencies.EUR.symbol
Expected: â‚¬
     got: €
 ; [cca2=IE].flag
Expected: ðŸ‡®ðŸ‡ª
     got: 🇮🇪
 ; [cca2=IE].name.nativeName.gle.common
Expected: Ã‰ire
     got: Éire
 ; [cca2=IE].name.nativeName.gle.official
Expected: Poblacht na hÃ‰ireann
     got: Poblacht na hÉireann
 ; [cca2=IE].translations.ara.common
Expected: Ø£ÙŠØ±Ù„Ù†Ø¯Ø§
     got: أيرلندا
 ; [cca2=IE].translations.ara.official
Expected: Ø¬Ù…Ù‡ÙˆØ±ÙŠØ© Ø£ÙŠØ±Ù„Ù†Ø¯Ø§
     got: جمهورية أيرلندا
 ; [cca2=IE].translations.fra.official
Expected: RÃ©publique d&apos;Irlande
     got: République d&apos;Irlande
 ; [cca2=IE].translations.hun.common
Expected: Ã�rorszÃ¡g
     got: Írország
 ; [cca2=IE].translations.hun.official
Expected: Ã�r KÃ¶ztÃ¡rsasÃ¡g
     got: Ír Köztársaság
 ; [cca2=IE].translations.jpn.common
Expected: ã‚¢ã‚¤ãƒ«ãƒ©ãƒ³ãƒ‰
     got: アイルランド
 ; [cca2=IE].translations.jpn.official
Expected: ã‚¢ã‚¤ãƒ«ãƒ©ãƒ³ãƒ‰å…±å’Œå›½
     got: アイルランド共和国
 ; [cca2=IE].translations.kor.common
Expected: ì•„ì�¼ëžœë“œ
     got: 아일랜드
 ; [cca2=IE].translations.kor.official
Expected: ì•„ì�¼ëžœë“œ ê³µí™”êµ­
     got: 아일랜드 공화국
 ; [cca2=IE].translations.per.common
Expected: Ø§ÛŒØ±Ù„Ù†Ø¯
     got: ایرلند
 ; [cca2=IE].translations.per.official
Expected: Ø§ÛŒØ±Ù„Ù†Ø¯
     got: ایرلند
 ; [cca2=IE].translations.por.official
Expected: RepÃºblica da Irlanda
     got: República da Irlanda
 ; [cca2=IE].translations.rus.common
Expected: Ð˜Ñ€Ð»Ð°Ð½Ð´Ð¸Ñ�
     got: Ирландия
 ; [cca2=IE].translations.rus.official
Expected: Ð˜Ñ€Ð»Ð°Ð½Ð´Ð¸Ñ�
     got: Ирландия
 ; [cca2=IE].translations.slk.common
Expected: Ã�rsko
     got: Írsko
 ; [cca2=IE].translations.slk.official
Expected: Ã�rska republika
     got: Írska republika
 ; [cca2=IE].translations.spa.official
Expected: RepÃºblica de Irlanda
     got: República de Irlanda
 ; [cca2=IE].translations.srp.common
Expected: Ð˜Ñ€Ñ�ÐºÐ°
     got: Ирска
 ; [cca2=IE].translations.srp.official
Expected: Ð ÐµÐ¿ÑƒÐ±Ð»Ð¸ÐºÐ° Ð˜Ñ€Ñ�ÐºÐ°
     got: Република Ирска
 ; [cca2=IE].translations.tur.common
Expected: Ä°rlanda
     got: İrlanda
 ; [cca2=IE].translations.tur.official
Expected: Ä°rlanda Cumhuriyeti
     got: İrlanda Cumhuriyeti
 ; [cca2=IE].translations.urd.common
Expected: Ø¬Ø²ÛŒØ±Û� Ø¢Ø¦Ø±Ù„ÛŒÙ†Úˆ
     got: جزیرہ آئرلینڈ
 ; [cca2=IE].translations.urd.official
Expected: Ø¬Ù…Û�ÙˆØ±ÛŒÛ� Ø¬Ø²ÛŒØ±Û� Ø¢Ø¦Ø±Ù„ÛŒÙ†Úˆ
     got: جمہوریہ جزیرہ آئرلینڈ
 ; [cca2=IE].translations.zho.common
Expected: çˆ±å°”å…°
     got: 爱尔兰
 ; [cca2=IE].translations.zho.official
Expected: çˆ±å°”å…°å…±å’Œå›½
     got: 爱尔兰共和国
 ; [cca2=IL].altSpellings[]
Expected: MedÄ«nat YisrÄ�&apos;el
     but none found
 ; [cca2=IL].altSpellings[]
Unexpected: Medīnat Yisrā&apos;el
 ; [cca2=IL].currencies.ILS.symbol
Expected: â‚ª
     got: ₪
 ; [cca2=IL].demonyms.fra.f
Expected: IsraÃ©lienne
     got: Israélienne
 ; [cca2=IL].demonyms.fra.m
Expected: IsraÃ©lien
     got: Israélien
 ; [cca2=IL].flag
Expected: ðŸ‡®ðŸ‡±
     got: 🇮🇱
 ; [cca2=IL].flags.alt
Expected: The flag of Israel has a white field with a blue hexagram â€” the Magen David â€” centered between two equal horizontal blue bands situated near the top and bottom edges of the field.
     got: The flag of Israel has a white field with a blue hexagram — the Magen David — centered between two equal horizontal blue bands situated near the top and bottom edges of the field.
 ; [cca2=IL].name.nativeName.ara.common
Expected: Ø¥Ø³Ø±Ø§Ø¦ÙŠÙ„
     got: إسرائيل
 ; [cca2=IL].name.nativeName.ara.official
Expected: Ø¯ÙˆÙ„Ø© Ø¥Ø³Ø±Ø§Ø¦ÙŠÙ„
     got: دولة إسرائيل
 ; [cca2=IL].name.nativeName.heb.common
Expected: ×™×©×¨×�×œ
     got: ישראל
 ; [cca2=IL].name.nativeName.heb.official
Expected: ×ž×“×™× ×ª ×™×©×¨×�×œ
     got: מדינת ישראל
 ; [cca2=IL].translations.ara.common
Expected: Ø¥Ø³Ø±Ø§Ø¦ÙŠÙ„
     got: إسرائيل
 ; [cca2=IL].translations.ara.official
Expected: Ø¯ÙˆÙ„Ø© Ø¥Ø³Ø±Ø§Ø¦ÙŠÙ„
     got: دولة إسرائيل
 ; [cca2=IL].translations.ces.official
Expected: StÃ¡t Izrael
     got: Stát Izrael
 ; [cca2=IL].translations.fra.common
Expected: IsraÃ«l
     got: Israël
 ; [cca2=IL].translations.fra.official
Expected: Ã‰tat d&apos;IsraÃ«l
     got: État d&apos;Israël
 ; [cca2=IL].translations.hrv.official
Expected: DrÅ¾ava Izrael
     got: Država Izrael
 ; [cca2=IL].translations.jpn.common
Expected: ã‚¤ã‚¹ãƒ©ã‚¨ãƒ«
     got: イスラエル
 ; [cca2=IL].translations.jpn.official
Expected: ã‚¤ã‚¹ãƒ©ã‚¨ãƒ«å›½
     got: イスラエル国
 ; [cca2=IL].translations.kor.common
Expected: ì�´ìŠ¤ë�¼ì—˜
     got: 이스라엘
 ; [cca2=IL].translations.kor.official
Expected: ì�´ìŠ¤ë�¼ì—˜êµ­
     got: 이스라엘국
 ; [cca2=IL].translations.nld.common
Expected: IsraÃ«l
     got: Israël
 ; [cca2=IL].translations.nld.official
Expected: Staat IsraÃ«l
     got: Staat Israël
 ; [cca2=IL].translations.per.common
Expected: Ù�Ù„Ø³Ø·ÙŠÙ† Ø§Ø´ØºØ§Ù„ÛŒ
     got: فلسطين اشغالی
 ; [cca2=IL].translations.per.official
Expected: Ù�Ù„Ø³Ø·ÙŠÙ† Ø§Ø´ØºØ§Ù„ÛŒ
     got: فلسطين اشغالی
 ; [cca2=IL].translations.pol.official
Expected: PaÅ„stwo Izrael
     got: Państwo Izrael
 ; [cca2=IL].translations.rus.common
Expected: Ð˜Ð·Ñ€Ð°Ð¸Ð»ÑŒ
     got: Израиль
 ; [cca2=IL].translations.rus.official
Expected: Ð“Ð¾Ñ�ÑƒÐ´Ð°Ñ€Ñ�Ñ‚Ð²Ð¾ Ð˜Ð·Ñ€Ð°Ð¸Ð»ÑŒ
     got: Государство Израиль
 ; [cca2=IL].translations.slk.official
Expected: IzraelskÃ½ Å¡tÃ¡t
     got: Izraelský štát
 ; [cca2=IL].translations.srp.common
Expected: Ð˜Ð·Ñ€Ð°ÐµÐ»
     got: Израел
 ; [cca2=IL].translations.srp.official
Expected: Ð”Ñ€Ð¶Ð°Ð²Ð° Ð˜Ð·Ñ€Ð°ÐµÐ»
     got: Држава Израел
 ; [cca2=IL].translations.tur.common
Expected: Ä°srail
     got: İsrail
 ; [cca2=IL].translations.tur.official
Expected: Ä°srail Devleti
     got: İsrail Devleti
 ; [cca2=IL].translations.urd.common
Expected: Ø§Ø³Ø±Ø§Ø¦ÛŒÙ„
     got: اسرائیل
 ; [cca2=IL].translations.urd.official
Expected: Ø±ÛŒØ§Ø³ØªÙ� Ø§Ø³Ø±Ø§Ø¦ÛŒÙ„
     got: ریاستِ اسرائیل
 ; [cca2=IL].translations.zho.common
Expected: ä»¥è‰²åˆ—
     got: 以色列
 ; [cca2=IL].translations.zho.official
Expected: ä»¥è‰²åˆ—å›½
     got: 以色列国
 ; [cca2=IM].currencies.GBP.symbol
Expected: Â£
     got: £
 ; [cca2=IM].currencies.IMP.symbol
Expected: Â£
     got: £
 ; [cca2=IM].flag
Expected: ðŸ‡®ðŸ‡²
     got: 🇮🇲
 ; [cca2=IM].translations.ara.common
Expected: Ø¬Ø²ÙŠØ±Ø© Ù…Ø§Ù†
     got: جزيرة مان
 ; [cca2=IM].translations.ara.official
Expected: Ø¬Ø²ÙŠØ±Ø© Ù…Ø§Ù†
     got: جزيرة مان
 ; [cca2=IM].translations.fra.common
Expected: ÃŽle de Man
     got: Île de Man
 ; [cca2=IM].translations.jpn.common
Expected: ãƒžãƒ³å³¶
     got: マン島
 ; [cca2=IM].translations.jpn.official
Expected: ãƒžãƒ³å³¶
     got: マン島
 ; [cca2=IM].translations.kor.common
Expected: ë§¨ì„¬
     got: 맨섬
 ; [cca2=IM].translations.kor.official
Expected: ë§¨ì„¬
     got: 맨섬
 ; [cca2=IM].translations.per.common
Expected: Ø¬Ø²ÛŒØ±Ù‡Ù” Ù…ÙŽÙ†
     got: جزیرهٔ مَن
 ; [cca2=IM].translations.per.official
Expected: Ø¬Ø²ÛŒØ±Ù‡Ù” Ù…ÙŽÙ†
     got: جزیرهٔ مَن
 ; [cca2=IM].translations.rus.common
Expected: ÐžÑ�Ñ‚Ñ€Ð¾Ð² ÐœÑ�Ð½
     got: Остров Мэн
 ; [cca2=IM].translations.rus.official
Expected: ÐžÑ�Ñ‚Ñ€Ð¾Ð² ÐœÑ�Ð½
     got: Остров Мэн
 ; [cca2=IM].translations.srp.common
Expected: ÐžÑ�Ñ‚Ñ€Ð²Ð¾ ÐœÐµÐ½
     got: Острво Мен
 ; [cca2=IM].translations.srp.official
Expected: ÐžÑ�Ñ‚Ñ€Ð²Ð¾ ÐœÐµÐ½
     got: Острво Мен
 ; [cca2=IM].translations.tur.common
Expected: Man AdasÄ±
     got: Man Adası
 ; [cca2=IM].translations.tur.official
Expected: Man AdasÄ±
     got: Man Adası
 ; [cca2=IM].translations.urd.common
Expected: Ø¢Ø¦Ù„ Ø¢Ù� Ù…ÛŒÙ†
     got: آئل آف مین
 ; [cca2=IM].translations.urd.official
Expected: Ø¢Ø¦Ù„ Ø¢Ù� Ù…ÛŒÙ†
     got: آئل آف مین
 ; [cca2=IM].translations.zho.common
Expected: é©¬æ�©å²›
     got: 马恩岛
 ; [cca2=IM].translations.zho.official
Expected: é©¬æ�©å²›
     got: 马恩岛
 ; [cca2=IN].altSpellings[]
Expected: à®‡à®¨à¯�à®¤à®¿à®¯à®¾
     but none found
 ; [cca2=IN].altSpellings[]
Expected: BhÄ�rat
     but none found
 ; [cca2=IN].altSpellings[]
Unexpected: இந்தியா
 ; [cca2=IN].altSpellings[]
Unexpected: Bhārat
 ; [cca2=IN].currencies.INR.symbol
Expected: â‚¹
     got: ₹
 ; [cca2=IN].flag
Expected: ðŸ‡®ðŸ‡³
     got: 🇮🇳
 ; [cca2=IN].flags.alt
Expected: The flag of India is composed of three equal horizontal bands of saffron, white and green. A navy blue wheel with twenty-four spokes â€” the Ashoka Chakra â€” is centered in the white band.
     got: The flag of India is composed of three equal horizontal bands of saffron, white and green. A navy blue wheel with twenty-four spokes — the Ashoka Chakra — is centered in the white band.
 ; [cca2=IN].name.nativeName.hin.common
Expected: à¤­à¤¾à¤°à¤¤
     got: भारत
 ; [cca2=IN].name.nativeName.hin.official
Expected: à¤­à¤¾à¤°à¤¤ à¤—à¤£à¤°à¤¾à¤œà¥�à¤¯
     got: भारत गणराज्य
 ; [cca2=IN].name.nativeName.tam.common
Expected: à®‡à®¨à¯�à®¤à®¿à®¯à®¾
     got: இந்தியா
 ; [cca2=IN].name.nativeName.tam.official
Expected: à®‡à®¨à¯�à®¤à®¿à®¯à®•à¯� à®•à¯�à®Ÿà®¿à®¯à®°à®šà¯�
     got: இந்தியக் குடியரசு
 ; [cca2=IN].translations.ara.common
Expected: Ø§Ù„Ù‡Ù†Ø¯
     got: الهند
 ; [cca2=IN].translations.ara.official
Expected: Ø¬Ù…Ù‡ÙˆØ±ÙŠØ© Ø§Ù„Ù‡Ù†Ø¯
     got: جمهورية الهند
 ; [cca2=IN].translations.ces.official
Expected: IndickÃ¡ republika
     got: Indická republika
 ; [cca2=IN].translations.fra.official
Expected: RÃ©publique de l&apos;Inde
     got: République de l&apos;Inde
 ; [cca2=IN].translations.hun.official
Expected: Indiai KÃ¶ztÃ¡rsasÃ¡g
     got: Indiai Köztársaság
 ; [cca2=IN].translations.jpn.common
Expected: ã‚¤ãƒ³ãƒ‰
     got: インド
 ; [cca2=IN].translations.jpn.official
Expected: ã‚¤ãƒ³ãƒ‰å…±å’Œå›½
     got: インド共和国
 ; [cca2=IN].translations.kor.common
Expected: ì�¸ë�„
     got: 인도
 ; [cca2=IN].translations.kor.official
Expected: ì�¸ë�„ ê³µí™”êµ­
     got: 인도 공화국
 ; [cca2=IN].translations.per.common
Expected: Ù‡Ù†Ø¯
     got: هند
 ; [cca2=IN].translations.per.official
Expected: Ø¬Ù…Ù‡ÙˆØ±ÛŒ Ù‡Ù†Ø¯ÙˆØ³ØªØ§Ù†
     got: جمهوری هندوستان
 ; [cca2=IN].translations.por.common
Expected: Ã�ndia
     got: Índia
 ; [cca2=IN].translations.por.official
Expected: RepÃºblica da Ã�ndia
     got: República da Índia
 ; [cca2=IN].translations.rus.common
Expected: Ð˜Ð½Ð´Ð¸Ñ�
     got: Индия
 ; [cca2=IN].translations.rus.official
Expected: Ð ÐµÑ�Ð¿ÑƒÐ±Ð»Ð¸ÐºÐ° Ð˜Ð½Ð´Ð¸Ñ�
     got: Республика Индия
 ; [cca2=IN].translations.slk.official
Expected: IndickÃ¡ republika
     got: Indická republika
 ; [cca2=IN].translations.spa.official
Expected: RepÃºblica de la India
     got: República de la India
 ; [cca2=IN].translations.srp.common
Expected: Ð˜Ð½Ð´Ð¸Ñ˜Ð°
     got: Индија
 ; [cca2=IN].translations.srp.official
Expected: Ð ÐµÐ¿ÑƒÐ±Ð»Ð¸ÐºÐ° Ð˜Ð½Ð´Ð¸Ñ˜Ð°
     got: Република Индија
 ; [cca2=IN].translations.urd.common
Expected: Ø¨Ú¾Ø§Ø±Øª
     got: بھارت
 ; [cca2=IN].translations.urd.official
Expected: Ø¬Ù…Û�ÙˆØ±ÛŒÛ� Ø¨Ú¾Ø§Ø±Øª
     got: جمہوریہ بھارت
 ; [cca2=IN].translations.zho.common
Expected: å�°åº¦
     got: 印度
 ; [cca2=IN].translations.zho.official
Expected: å�°åº¦å…±å’Œå›½
     got: 印度共和国
 ; [cca2=IO].flag
Expected: ðŸ‡®ðŸ‡´
     got: 🇮🇴
 ; [cca2=IO].translations.ara.common
Expected: Ø¥Ù‚Ù„ÙŠÙ… Ø§Ù„Ù…Ø­ÙŠØ· Ø§Ù„Ù‡Ù†Ø¯ÙŠ Ø§Ù„Ø¨Ø±ÙŠØ·Ø§Ù†ÙŠ
     got: إقليم المحيط الهندي البريطاني
 ; [cca2=IO].translations.ara.official
Expected: Ø¥Ù‚Ù„ÙŠÙ… Ø§Ù„Ù…Ø­ÙŠØ· Ø§Ù„Ù‡Ù†Ø¯ÙŠ Ø§Ù„Ø¨Ø±ÙŠØ·Ø§Ù†ÙŠ
     got: إقليم المحيط الهندي البريطاني
 ; [cca2=IO].translations.ces.common
Expected: BritskÃ© indickooceÃ¡nskÃ© ÃºzemÃ­
     got: Britské indickooceánské území
 ; [cca2=IO].translations.ces.official
Expected: BritskÃ© indickooceÃ¡nskÃ© ÃºzemÃ­
     got: Britské indickooceánské území
 ; [cca2=IO].translations.fin.common
Expected: BrittilÃ¤inen Intian valtameren alue
     got: Brittiläinen Intian valtameren alue
 ; [cca2=IO].translations.fin.official
Expected: BrittilÃ¤inen Intian valtameren alue
     got: Brittiläinen Intian valtameren alue
 ; [cca2=IO].translations.fra.common
Expected: Territoire britannique de l&apos;ocÃ©an Indien
     got: Territoire britannique de l&apos;océan Indien
 ; [cca2=IO].translations.fra.official
Expected: Territoire britannique de l&apos; ocÃ©an Indien
     got: Territoire britannique de l&apos; océan Indien
 ; [cca2=IO].translations.hun.common
Expected: Brit Indiai-Ã³ceÃ¡ni TerÃ¼let
     got: Brit Indiai-óceáni Terület
 ; [cca2=IO].translations.hun.official
Expected: Brit Indiai-Ã³ceÃ¡ni TerÃ¼let
     got: Brit Indiai-óceáni Terület
 ; [cca2=IO].translations.jpn.common
Expected: ã‚¤ã‚®ãƒªã‚¹é ˜ã‚¤ãƒ³ãƒ‰æ´‹åœ°åŸŸ
     got: イギリス領インド洋地域
 ; [cca2=IO].translations.jpn.official
Expected: ã‚¤ã‚®ãƒªã‚¹é ˜ã‚¤ãƒ³ãƒ‰æ´‹åœ°åŸŸ
     got: イギリス領インド洋地域
 ; [cca2=IO].translations.kor.common
Expected: ì�¸ë�„
     got: 인도
 ; [cca2=IO].translations.kor.official
Expected: ì�¸ë�„ ê³µí™”êµ­
     got: 인도 공화국
 ; [cca2=IO].translations.per.common
Expected: Ù‚Ù„Ù…Ø±Ùˆ Ø¨Ø±ÛŒØªØ§Ù†ÛŒØ§ Ø¯Ø± Ø§Ù‚ÛŒØ§Ù†ÙˆØ³ Ù‡Ù†Ø¯
     got: قلمرو بریتانیا در اقیانوس هند
 ; [cca2=IO].translations.per.official
Expected: Ù‚Ù„Ù…Ø±Ùˆ Ø¨Ø±ÛŒØªØ§Ù†ÛŒØ§ Ø¯Ø± Ø§Ù‚ÛŒØ§Ù†ÙˆØ³ Ù‡Ù†Ø¯
     got: قلمرو بریتانیا در اقیانوس هند
 ; [cca2=IO].translations.por.common
Expected: TerritÃ³rio BritÃ¢nico do Oceano Ã�ndico
     got: Território Britânico do Oceano Índico
 ; [cca2=IO].translations.rus.common
Expected: Ð‘Ñ€Ð¸Ñ‚Ð°Ð½Ñ�ÐºÐ°Ñ� Ñ‚ÐµÑ€Ñ€Ð¸Ñ‚Ð¾Ñ€Ð¸Ñ� Ð² Ð˜Ð½Ð´Ð¸Ð¹Ñ�ÐºÐ¾Ð¼ Ð¾ÐºÐµÐ°Ð½Ðµ
     got: Британская территория в Индийском океане
 ; [cca2=IO].translations.rus.official
Expected: Ð‘Ñ€Ð¸Ñ‚Ð°Ð½Ñ�ÐºÐ°Ñ� Ñ‚ÐµÑ€Ñ€Ð¸Ñ‚Ð¾Ñ€Ð¸Ñ� Ð˜Ð½Ð´Ð¸Ð¹Ñ�ÐºÐ¾Ð³Ð¾ Ð¾ÐºÐµÐ°Ð½Ð°
     got: Британская территория Индийского океана
 ; [cca2=IO].translations.slk.common
Expected: BritskÃ© indickooceÃ¡nske Ãºzemie
     got: Britské indickooceánske územie
 ; [cca2=IO].translations.slk.official
Expected: BritskÃ© indickooceÃ¡nske Ãºzemie
     got: Britské indickooceánske územie
 ; [cca2=IO].translations.spa.common
Expected: Territorio BritÃ¡nico del OcÃ©ano Ã�ndico
     got: Territorio Británico del Océano Índico
 ; [cca2=IO].translations.spa.official
Expected: Territorio BritÃ¡nico del OcÃ©ano Ã�ndico
     got: Territorio Británico del Océano Índico
 ; [cca2=IO].translations.srp.common
Expected: Ð‘Ñ€Ð¸Ñ‚Ð°Ð½Ñ�ÐºÐ° Ñ‚ÐµÑ€Ð¸Ñ‚Ð¾Ñ€Ð¸Ñ˜Ð° Ð˜Ð½Ð´Ð¸Ñ˜Ñ�ÐºÐ¾Ð³ Ð¾ÐºÐµÐ°Ð½Ð°
     got: Британска територија Индијског океана
 ; [cca2=IO].translations.srp.official
Expected: Ð‘Ñ€Ð¸Ñ‚Ð°Ð½Ñ�ÐºÐ° Ñ‚ÐµÑ€Ð¸Ñ‚Ð¾Ñ€Ð¸Ñ˜Ð° Ð˜Ð½Ð´Ð¸Ñ˜Ñ�ÐºÐ¾Ð³ Ð¾ÐºÐµÐ°Ð½Ð°
     got: Британска територија Индијског океана
 ; [cca2=IO].translations.tur.common
Expected: Britanya Hint Okyanusu TopraklarÄ±
     got: Britanya Hint Okyanusu Toprakları
 ; [cca2=IO].translations.tur.official
Expected: Britanya Hint Okyanusu TopraklarÄ±
     got: Britanya Hint Okyanusu Toprakları
 ; [cca2=IO].translations.urd.common
Expected: Ø¨Ø±Ø·Ø§Ù†ÙˆÛŒ Ø¨Ø­Ø±Û�Ù†Ø¯ Ø®Ø·Û�
     got: برطانوی بحرہند خطہ
 ; [cca2=IO].translations.urd.official
Expected: Ø¨Ø±Ø·Ø§Ù†ÙˆÛŒ Ø¨Ø­Ø±Û�Ù†Ø¯ Ø®Ø·Û�
     got: برطانوی بحرہند خطہ
 ; [cca2=IO].translations.zho.common
Expected: è‹±å±žå�°åº¦æ´‹é¢†åœ°
     got: 英属印度洋领地
 ; [cca2=IO].translations.zho.official
Expected: è‹±å±žå�°åº¦æ´‹é¢†åœ°
     got: 英属印度洋领地
 ; [cca2=ZA].flag
Expected: ðŸ‡¿ðŸ‡¦
     got: 🇿🇦
 ; [cca2=ZA].name.nativeName.ven.official
Expected: Riphabuá¸½iki ya Afurika Tshipembe
     got: Riphabuḽiki ya Afurika Tshipembe
 ; [cca2=ZA].translations.ara.common
Expected: Ø¬Ù†ÙˆØ¨ Ø£Ù�Ø±ÙŠÙ‚ÙŠØ§
     got: جنوب أفريقيا
 ; [cca2=ZA].translations.ara.official
Expected: Ø¬Ù…Ù‡ÙˆØ±ÙŠØ© Ø¬Ù†ÙˆØ¨ Ø£Ù�Ø±ÙŠÙ‚ÙŠØ§
     got: جمهورية جنوب أفريقيا
 ; [cca2=ZA].translations.ces.common
Expected: JihoafrickÃ¡ republika
     got: Jihoafrická republika
 ; [cca2=ZA].translations.ces.official
Expected: JihoafrickÃ¡ republika
     got: Jihoafrická republika
 ; [cca2=ZA].translations.deu.common
Expected: SÃ¼dafrika
     got: Südafrika
 ; [cca2=ZA].translations.deu.official
Expected: Republik SÃ¼dafrika
     got: Republik Südafrika
 ; [cca2=ZA].translations.est.common
Expected: LÃµuna-Aafrika Vabariik
     got: Lõuna-Aafrika Vabariik
 ; [cca2=ZA].translations.est.official
Expected: LÃµuna-Aafrika Vabariik
     got: Lõuna-Aafrika Vabariik
 ; [cca2=ZA].translations.fin.common
Expected: EtelÃ¤-Afrikka
     got: Etelä-Afrikka
 ; [cca2=ZA].translations.fin.official
Expected: EtelÃ¤-Afrikan tasavalta
     got: Etelä-Afrikan tasavalta
 ; [cca2=ZA].translations.fra.official
Expected: RÃ©publique d&apos;Afrique du Sud
     got: République d&apos;Afrique du Sud
 ; [cca2=ZA].translations.hrv.common
Expected: JuÅ¾na Afrika
     got: Južna Afrika
 ; [cca2=ZA].translations.hrv.official
Expected: JuÅ¾noafriÄ�ka Republika
     got: Južnoafrička Republika
 ; [cca2=ZA].translations.hun.common
Expected: DÃ©l-afrikai KÃ¶ztÃ¡rsasÃ¡g
     got: Dél-afrikai Köztársaság
 ; [cca2=ZA].translations.hun.official
Expected: DÃ©l-afrikai KÃ¶ztÃ¡rsasÃ¡g
     got: Dél-afrikai Köztársaság
 ; [cca2=ZA].translations.jpn.common
Expected: å�—ã‚¢ãƒ•ãƒªã‚«
     got: 南アフリカ
 ; [cca2=ZA].translations.jpn.official
Expected: å�—ã‚¢ãƒ•ãƒªã‚«å…±å’Œå›½
     got: 南アフリカ共和国
 ; [cca2=ZA].translations.kor.common
Expected: ë‚¨ì•„í”„ë¦¬ì¹´
     got: 남아프리카
 ; [cca2=ZA].translations.kor.official
Expected: ë‚¨ì•„í”„ë¦¬ì¹´ ê³µí™”êµ­
     got: 남아프리카 공화국
 ; [cca2=ZA].translations.per.common
Expected: Ø¢Ù�Ø±ÛŒÙ‚Ø§ÛŒ Ø¬Ù†ÙˆØ¨ÛŒ
     got: آفریقای جنوبی
 ; [cca2=ZA].translations.per.official
Expected: Ø¬Ù…Ù‡ÙˆØ±ÛŒ Ø¢Ù�Ø±ÛŒÙ‚Ø§ÛŒ Ø¬Ù†ÙˆØ¨ÛŒ
     got: جمهوری آفریقای جنوبی
 ; [cca2=ZA].translations.pol.common
Expected: PoÅ‚udniowa Afryka
     got: Południowa Afryka
 ; [cca2=ZA].translations.pol.official
Expected: Republika PoÅ‚udniowej Afryki
     got: Republika Południowej Afryki
 ; [cca2=ZA].translations.por.common
Expected: Ã�frica do Sul
     got: África do Sul
 ; [cca2=ZA].translations.por.official
Expected: RepÃºblica da Ã�frica do Sul
     got: República da África do Sul
 ; [cca2=ZA].translations.rus.common
Expected: Ð®Ð¶Ð½Ð°Ñ� Ð�Ñ„Ñ€Ð¸ÐºÐ°
     got: Южная Африка
 ; [cca2=ZA].translations.rus.official
Expected: Ð®Ð¶Ð½Ð¾-Ð�Ñ„Ñ€Ð¸ÐºÐ°Ð½Ñ�ÐºÐ°Ñ� Ð ÐµÑ�Ð¿ÑƒÐ±Ð»Ð¸ÐºÐ°
     got: Южно-Африканская Республика
 ; [cca2=ZA].translations.slk.common
Expected: JuÅ¾nÃ¡ Afrika
     got: Južná Afrika
 ; [cca2=ZA].translations.slk.official
Expected: JuhoafrickÃ¡ republika
     got: Juhoafrická republika
 ; [cca2=ZA].translations.spa.common
Expected: SudÃ¡frica
     got: Sudáfrica
 ; [cca2=ZA].translations.spa.official
Expected: RepÃºblica de SudÃ¡frica
     got: República de Sudáfrica
 ; [cca2=ZA].translations.srp.common
Expected: ÐˆÑƒÐ¶Ð½Ð¾Ð°Ñ„Ñ€Ð¸Ñ‡ÐºÐ° Ð ÐµÐ¿ÑƒÐ±Ð»Ð¸ÐºÐ°
     got: Јужноафричка Република
 ; [cca2=ZA].translations.srp.official
Expected: Ð ÐµÐ¿ÑƒÐ±Ð»Ð¸ÐºÐ° ÐˆÑƒÐ¶Ð½Ð° Ð�Ñ„Ñ€Ð¸ÐºÐ°
     got: Република Јужна Африка
 ; [cca2=ZA].translations.tur.common
Expected: GÃ¼ney Afrika
     got: Güney Afrika
 ; [cca2=ZA].translations.tur.official
Expected: GÃ¼ney Afrika Cumhuriyeti
     got: Güney Afrika Cumhuriyeti
 ; [cca2=ZA].translations.urd.common
Expected: Ø¬Ù†ÙˆØ¨ÛŒ Ø§Ù�Ø±ÛŒÙ‚Ø§
     got: جنوبی افریقا
 ; [cca2=ZA].translations.urd.official
Expected: Ø¬Ù…Û�ÙˆØ±ÛŒÛ� Ø¬Ù†ÙˆØ¨ÛŒ Ø§Ù�Ø±ÛŒÙ‚Ø§
     got: جمہوریہ جنوبی افریقا
 ; [cca2=ZA].translations.zho.common
Expected: å�—é�ž
     got: 南非
 ; [cca2=ZA].translations.zho.official
Expected: å�—é�žå…±å’Œå›½
     got: 南非共和国
 ; [cca2=IQ].altSpellings[]
Expected: JumhÅ«riyyat al-â€˜IrÄ�q
     but none found
 ; [cca2=IQ].altSpellings[]
Unexpected: Jumhūriyyat al-‘Irāq
 ; [cca2=IQ].currencies.IQD.symbol
Expected: Ø¹.Ø¯
     got: ع.د
 ; [cca2=IQ].flag
Expected: ðŸ‡®ðŸ‡¶
     got: 🇮🇶
 ; [cca2=IQ].name.nativeName.ara.common
Expected: Ø§Ù„Ø¹Ø±Ø§Ù‚
     got: العراق
 ; [cca2=IQ].name.nativeName.ara.official
Expected: Ø¬Ù…Ù‡ÙˆØ±ÙŠØ© Ø§Ù„Ø¹Ø±Ø§Ù‚
     got: جمهورية العراق
 ; [cca2=IQ].name.nativeName.arc.common
Expected: Ü©Ü˜Ü¼Ü›Ü¢ÜµÜ�
     got: ܩܘܼܛܢܵܐ
 ; [cca2=IQ].name.nativeName.arc.official
Expected: Ü©Ü˜Ü¼Ü›Ü¢ÜµÜ� Ü�Ü�Ü¼ÜªÜ²Ü©
     got: ܩܘܼܛܢܵܐ ܐܝܼܪܲܩ
 ; [cca2=IQ].name.nativeName.ckb.common
Expected: Ú©Û†Ù…Ø§Ø±ÛŒ
     got: کۆماری
 ; [cca2=IQ].name.nativeName.ckb.official
Expected: Ú©Û†Ù…Ø§Ø±ÛŒ Ø¹ÛŽØ±Ø§Ù‚
     got: کۆماری عێراق
 ; [cca2=IQ].translations.ara.common
Expected: Ø§Ù„Ø¹Ø±Ø§Ù‚
     got: العراق
 ; [cca2=IQ].translations.ara.official
Expected: Ø¬Ù…Ù‡ÙˆØ±ÙŠØ© Ø§Ù„Ø¹Ø±Ø§Ù‚
     got: جمهورية العراق
 ; [cca2=IQ].translations.ces.common
Expected: IrÃ¡k
     got: Irák
 ; [cca2=IQ].translations.ces.official
Expected: IrÃ¡ckÃ¡ republika
     got: Irácká republika
 ; [cca2=IQ].translations.fra.official
Expected: RÃ©publique d&apos;Irak
     got: République d&apos;Irak
 ; [cca2=IQ].translations.hun.official
Expected: Iraki KÃ¶ztÃ¡rsasÃ¡g
     got: Iraki Köztársaság
 ; [cca2=IQ].translations.jpn.common
Expected: ã‚¤ãƒ©ã‚¯
     got: イラク
 ; [cca2=IQ].translations.jpn.official
Expected: ã‚¤ãƒ©ã‚¯å…±å’Œå›½
     got: イラク共和国
 ; [cca2=IQ].translations.kor.common
Expected: ì�´ë�¼í�¬
     got: 이라크
 ; [cca2=IQ].translations.kor.official
Expected: ì�´ë�¼í�¬ ê³µí™”êµ­
     got: 이라크 공화국
 ; [cca2=IQ].translations.per.common
Expected: Ø¹Ø±Ø§Ù‚
     got: عراق
 ; [cca2=IQ].translations.per.official
Expected: Ø¬Ù…Ù‡ÙˆØ±ÛŒ Ø¹Ø±Ø§Ù‚
     got: جمهوری عراق
 ; [cca2=IQ].translations.por.official
Expected: RepÃºblica do Iraque
     got: República do Iraque
 ; [cca2=IQ].translations.rus.common
Expected: Ð˜Ñ€Ð°Ðº
     got: Ирак
 ; [cca2=IQ].translations.rus.official
Expected: Ð ÐµÑ�Ð¿ÑƒÐ±Ð»Ð¸ÐºÐ° Ð˜Ñ€Ð°Ðº
     got: Республика Ирак
 ; [cca2=IQ].translations.slk.official
Expected: IrackÃ¡ republika
     got: Iracká republika
 ; [cca2=IQ].translations.spa.official
Expected: RepÃºblica de Irak
     got: República de Irak
 ; [cca2=IQ].translations.srp.common
Expected: Ð˜Ñ€Ð°Ðº
     got: Ирак
 ; [cca2=IQ].translations.srp.official
Expected: Ð ÐµÐ¿ÑƒÐ±Ð»Ð¸ÐºÐ° Ð˜Ñ€Ð°Ðº
     got: Република Ирак
 ; [cca2=IQ].translations.urd.common
Expected: Ø¹Ø±Ø§Ù‚
     got: عراق
 ; [cca2=IQ].translations.urd.official
Expected: Ø¬Ù…Û�ÙˆØ±ÛŒÛ� Ø¹Ø±Ø§Ù‚
     got: جمہوریہ عراق
 ; [cca2=IQ].translations.zho.common
Expected: ä¼Šæ‹‰å…‹
     got: 伊拉克
 ; [cca2=IQ].translations.zho.official
Expected: ä¼Šæ‹‰å…‹å…±å’Œå›½
     got: 伊拉克共和国
 ; [cca2=IR].altSpellings[]
Expected: Jomhuri-ye EslÄ�mi-ye IrÄ�n
     but none found
 ; [cca2=IR].altSpellings[]
Unexpected: Jomhuri-ye Eslāmi-ye Irān
 ; [cca2=IR].currencies.IRR.symbol
Expected: ï·¼
     got: ﷼
 ; [cca2=IR].flag
Expected: ðŸ‡®ðŸ‡·
     got: 🇮🇷
 ; [cca2=IR].name.nativeName.fas.common
Expected: Ø§ÛŒØ±Ø§Ù†
     got: ایران
 ; [cca2=IR].name.nativeName.fas.official
Expected: Ø¬Ù…Ù‡ÙˆØ±ÛŒ Ø§Ø³Ù„Ø§Ù…ÛŒ Ø§ÛŒØ±Ø§Ù†
     got: جمهوری اسلامی ایران
 ; [cca2=IR].tld[]
Expected: Ø§ÛŒØ±Ø§Ù†.
     but none found
 ; [cca2=IR].tld[]
Unexpected: ایران.
 ; [cca2=IR].translations.ara.common
Expected: Ø¥ÙŠØ±Ø§Ù†
     got: إيران
 ; [cca2=IR].translations.ara.official
Expected: Ø¬Ù…Ù‡ÙˆØ±ÙŠØ© Ø¥ÙŠØ±Ø§Ù† Ø§Ù„Ø¥Ø³Ù„Ø§Ù…ÙŠØ©
     got: جمهورية إيران الإسلامية
 ; [cca2=IR].translations.ces.common
Expected: Ã�rÃ¡n
     got: Írán
 ; [cca2=IR].translations.ces.official
Expected: IslÃ¡mskÃ¡ republika Ã�rÃ¡n
     got: Islámská republika Írán
 ; [cca2=IR].translations.fra.official
Expected: RÃ©publique islamique d&apos;Iran
     got: République islamique d&apos;Iran
 ; [cca2=IR].translations.hun.common
Expected: IrÃ¡n
     got: Irán
 ; [cca2=IR].translations.hun.official
Expected: IrÃ¡ni IszlÃ¡m KÃ¶ztÃ¡rsasÃ¡g
     got: Iráni Iszlám Köztársaság
 ; [cca2=IR].translations.jpn.common
Expected: ã‚¤ãƒ©ãƒ³ãƒ»ã‚¤ã‚¹ãƒ©ãƒ å…±å’Œå›½
     got: イラン・イスラム共和国
 ; [cca2=IR].translations.jpn.official
Expected: ã‚¤ãƒ©ãƒ³Â·ã‚¤ã‚¹ãƒ©ãƒ å…±å’Œå›½
     got: イラン·イスラム共和国
 ; [cca2=IR].translations.kor.common
Expected: ì�´ëž€
     got: 이란
 ; [cca2=IR].translations.kor.official
Expected: ì�´ëž€ ì�´ìŠ¬ëžŒ ê³µí™”êµ­
     got: 이란 이슬람 공화국
 ; [cca2=IR].translations.por.common
Expected: IrÃ£o
     got: Irão
 ; [cca2=IR].translations.por.official
Expected: RepÃºblica IslÃ¢mica do IrÃ£
     got: República Islâmica do Irã
 ; [cca2=IR].translations.rus.common
Expected: Ð˜Ñ€Ð°Ð½
     got: Иран
 ; [cca2=IR].translations.rus.official
Expected: Ð˜Ñ�Ð»Ð°Ð¼Ñ�ÐºÐ°Ñ� Ð ÐµÑ�Ð¿ÑƒÐ±Ð»Ð¸ÐºÐ° Ð˜Ñ€Ð°Ð½
     got: Исламская Республика Иран
 ; [cca2=IR].translations.slk.common
Expected: IrÃ¡n
     got: Irán
 ; [cca2=IR].translations.slk.official
Expected: IrÃ¡nska islamskÃ¡ republika
     got: Iránska islamská republika
 ; [cca2=IR].translations.spa.official
Expected: RepÃºblica IslÃ¡mica de IrÃ¡n
     got: República Islámica de Irán
 ; [cca2=IR].translations.srp.common
Expected: Ð˜Ñ€Ð°Ð½
     got: Иран
 ; [cca2=IR].translations.srp.official
Expected: Ð˜Ñ�Ð»Ð°Ð¼Ñ�ÐºÐ° Ð ÐµÐ¿ÑƒÐ±Ð»Ð¸ÐºÐ° Ð˜Ñ€Ð°Ð½
     got: Исламска Република Иран
 ; [cca2=IR].translations.tur.common
Expected: Ä°ran
     got: İran
 ; [cca2=IR].translations.tur.official
Expected: Ä°ran Ä°slam Cumhuriyeti
     got: İran İslam Cumhuriyeti
 ; [cca2=IR].translations.urd.common
Expected: Ø§ÛŒØ±Ø§Ù†
     got: ایران
 ; [cca2=IR].translations.urd.official
Expected: Ø¬Ù…Û�ÙˆØ±ÛŒÛ� Ø§ÛŒØ±Ø§Ù†
     got: جمہوریہ ایران
 ; [cca2=IR].translations.zho.common
Expected: ä¼Šæœ—
     got: 伊朗
 ; [cca2=IR].translations.zho.official
Expected: ä¼Šæœ—ä¼Šæ–¯å…°å…±å’Œå›½
     got: 伊朗伊斯兰共和国
 ; [cca2=IS].altSpellings[]
Expected: LÃ½Ã°veldiÃ° Ã�sland
     but none found
 ; [cca2=IS].altSpellings[]
Unexpected: Lýðveldið Ísland
 ; [cca2=IS].currencies.ISK.name
Expected: Icelandic krÃ³na
     got: Icelandic króna
 ; [cca2=IS].flag
Expected: ðŸ‡®ðŸ‡¸
     got: 🇮🇸
 ; [cca2=IS].name.nativeName.isl.common
Expected: Ã�sland
     got: Ísland
 ; [cca2=IS].name.nativeName.isl.official
Expected: Ã�sland
     got: Ísland
 ; [cca2=IS].translations.ara.common
Expected: Ø¢ÙŠØ³Ù„Ù†Ø¯Ø§
     got: آيسلندا
 ; [cca2=IS].translations.ara.official
Expected: Ø¢ÙŠØ³Ù„Ù†Ø¯Ø§
     got: آيسلندا
 ; [cca2=IS].translations.fra.official
Expected: RÃ©publique d&apos;Islande
     got: République d&apos;Islande
 ; [cca2=IS].translations.jpn.common
Expected: ã‚¢ã‚¤ã‚¹ãƒ©ãƒ³ãƒ‰
     got: アイスランド
 ; [cca2=IS].translations.jpn.official
Expected: ã‚¢ã‚¤ã‚¹ãƒ©ãƒ³ãƒ‰
     got: アイスランド
 ; [cca2=IS].translations.kor.common
Expected: ì•„ì�´ìŠ¬ëž€ë“œ
     got: 아이슬란드
 ; [cca2=IS].translations.kor.official
Expected: ì•„ì�´ìŠ¬ëž€ë“œ ê³µí™”êµ­
     got: 아이슬란드 공화국
 ; [cca2=IS].translations.per.common
Expected: Ø§ÛŒØ³Ù„Ù†Ø¯
     got: ایسلند
 ; [cca2=IS].translations.per.official
Expected: Ø¬Ù…Ù‡ÙˆØ±ÛŒ Ø§ÛŒØ³Ù„Ù†Ø¯
     got: جمهوری ایسلند
 ; [cca2=IS].translations.por.common
Expected: IslÃ¢ndia
     got: Islândia
 ; [cca2=IS].translations.por.official
Expected: IslÃ¢ndia
     got: Islândia
 ; [cca2=IS].translations.rus.common
Expected: Ð˜Ñ�Ð»Ð°Ð½Ð´Ð¸Ñ�
     got: Исландия
 ; [cca2=IS].translations.rus.official
Expected: Ð˜Ñ�Ð»Ð°Ð½Ð´Ð¸Ñ�
     got: Исландия
 ; [cca2=IS].translations.slk.official
Expected: IslandskÃ¡ republika
     got: Islandská republika
 ; [cca2=IS].translations.srp.common
Expected: Ð˜Ñ�Ð»Ð°Ð½Ð´
     got: Исланд
 ; [cca2=IS].translations.srp.official
Expected: Ð˜Ñ�Ð»Ð°Ð½Ð´
     got: Исланд
 ; [cca2=IS].translations.tur.common
Expected: Ä°zlanda
     got: İzlanda
 ; [cca2=IS].translations.tur.official
Expected: Ä°zlanda
     got: İzlanda
 ; [cca2=IS].translations.urd.common
Expected: Ø¢Ø¦Ø³ Ù„ÛŒÙ†Úˆ
     got: آئس لینڈ
 ; [cca2=IS].translations.urd.official
Expected: Ø¢Ø¦Ø³ Ù„ÛŒÙ†Úˆ
     got: آئس لینڈ
 ; [cca2=IS].translations.zho.common
Expected: å†°å²›
     got: 冰岛
 ; [cca2=IS].translations.zho.official
Expected: å†°å²›
     got: 冰岛
 ; [cca2=IT].currencies.EUR.symbol
Expected: â‚¬
     got: €
 ; [cca2=IT].flag
Expected: ðŸ‡®ðŸ‡¹
     got: 🇮🇹
 ; [cca2=IT].translations.ara.common
Expected: Ø¥ÙŠØ·Ø§Ù„ÙŠØ§
     got: إيطاليا
 ; [cca2=IT].translations.ara.official
Expected: Ø§Ù„Ø¬Ù…Ù‡ÙˆØ±ÙŠØ© Ø§Ù„Ø¥ÙŠØ·Ø§Ù„ÙŠØ©
     got: الجمهورية الإيطالية
 ; [cca2=IT].translations.ces.common
Expected: ItÃ¡lie
     got: Itálie
 ; [cca2=IT].translations.ces.official
Expected: ItalskÃ¡ republika
     got: Italská republika
 ; [cca2=IT].translations.fra.official
Expected: RÃ©publique italienne
     got: République italienne
 ; [cca2=IT].translations.hun.common
Expected: OlaszorszÃ¡g
     got: Olaszország
 ; [cca2=IT].translations.hun.official
Expected: Olasz KÃ¶ztÃ¡rsasÃ¡g
     got: Olasz Köztársaság
 ; [cca2=IT].translations.jpn.common
Expected: ã‚¤ã‚¿ãƒªã‚¢
     got: イタリア
 ; [cca2=IT].translations.jpn.official
Expected: ã‚¤ã‚¿ãƒªã‚¢å…±å’Œå›½
     got: イタリア共和国
 ; [cca2=IT].translations.kor.common
Expected: ì�´íƒˆë¦¬ì•„
     got: 이탈리아
 ; [cca2=IT].translations.kor.official
Expected: ì�´íƒˆë¦¬ì•„ ê³µí™”êµ­
     got: 이탈리아 공화국
 ; [cca2=IT].translations.nld.common
Expected: ItaliÃ«
     got: Italië
 ; [cca2=IT].translations.per.common
Expected: Ø§ÛŒØªØ§Ù„ÛŒØ§
     got: ایتالیا
 ; [cca2=IT].translations.per.official
Expected: Ø¬Ù…Ù‡ÙˆØ±ÛŒ Ø§ÛŒØªØ§Ù„ÛŒØ§
     got: جمهوری ایتالیا
 ; [cca2=IT].translations.pol.common
Expected: WÅ‚ochy
     got: Włochy
 ; [cca2=IT].translations.pol.official
Expected: Republika WÅ‚oska
     got: Republika Włoska
 ; [cca2=IT].translations.por.common
Expected: ItÃ¡lia
     got: Itália
 ; [cca2=IT].translations.por.official
Expected: RepÃºblica Italiana
     got: República Italiana
 ; [cca2=IT].translations.rus.common
Expected: Ð˜Ñ‚Ð°Ð»Ð¸Ñ�
     got: Италия
 ; [cca2=IT].translations.rus.official
Expected: Ð¸Ñ‚Ð°Ð»ÑŒÑ�Ð½Ñ�ÐºÐ°Ñ� Ð ÐµÑ�Ð¿ÑƒÐ±Ð»Ð¸ÐºÐ°
     got: итальянская Республика
 ; [cca2=IT].translations.spa.official
Expected: RepÃºblica Italiana
     got: República Italiana
 ; [cca2=IT].translations.srp.common
Expected: Ð˜Ñ‚Ð°Ð»Ð¸Ñ˜Ð°
     got: Италија
 ; [cca2=IT].translations.srp.official
Expected: Ð˜Ñ‚Ð°Ð»Ð¸Ñ˜Ð°Ð½Ñ�ÐºÐ° Ð ÐµÐ¿ÑƒÐ±Ð»Ð¸ÐºÐ°
     got: Италијанска Република
 ; [cca2=IT].translations.tur.common
Expected: Ä°talya
     got: İtalya
 ; [cca2=IT].translations.tur.official
Expected: Ä°talyan Cumhuriyeti
     got: İtalyan Cumhuriyeti
 ; [cca2=IT].translations.urd.common
Expected: Ø§Ø·Ø§Ù„ÛŒÛ�
     got: اطالیہ
 ; [cca2=IT].translations.urd.official
Expected: Ø¬Ù…Û�ÙˆØ±ÛŒÛ� Ø§Ø·Ø§Ù„ÛŒÛ�
     got: جمہوریہ اطالیہ
 ; [cca2=IT].translations.zho.common
Expected: æ„�å¤§åˆ©
     got: 意大利
 ; [cca2=IT].translations.zho.official
Expected: æ„�å¤§åˆ©å…±å’Œå›½
     got: 意大利共和国
 ; [cca2=ZM].flag
Expected: ðŸ‡¿ðŸ‡²
     got: 🇿🇲
 ; [cca2=ZM].translations.ara.common
Expected: Ø²Ø§Ù…Ø¨ÙŠØ§
     got: زامبيا
 ; [cca2=ZM].translations.ara.official
Expected: Ø¬Ù…Ù‡ÙˆØ±ÙŠØ© Ø²Ø§Ù…Ø¨ÙŠØ§
     got: جمهورية زامبيا
 ; [cca2=ZM].translations.ces.official
Expected: ZambijskÃ¡ republika
     got: Zambijská republika
 ; [cca2=ZM].translations.fra.official
Expected: RÃ©publique de Zambie
     got: République de Zambie
 ; [cca2=ZM].translations.hun.official
Expected: Zambiai KÃ¶ztÃ¡rsasÃ¡g
     got: Zambiai Köztársaság
 ; [cca2=ZM].translations.jpn.common
Expected: ã‚¶ãƒ³ãƒ“ã‚¢
     got: ザンビア
 ; [cca2=ZM].translations.jpn.official
Expected: ã‚¶ãƒ³ãƒ“ã‚¢å…±å’Œå›½
     got: ザンビア共和国
 ; [cca2=ZM].translations.kor.common
Expected: ìž ë¹„ì•„
     got: 잠비아
 ; [cca2=ZM].translations.kor.official
Expected: ìž ë¹„ì•„ ê³µí™”êµ­
     got: 잠비아 공화국
 ; [cca2=ZM].translations.per.common
Expected: Ø²Ø§Ù…Ø¨ÛŒØ§
     got: زامبیا
 ; [cca2=ZM].translations.per.official
Expected: Ø¬Ù…Ù‡ÙˆØ±ÛŒ Ø²Ø§Ù…Ø¨ÛŒØ§
     got: جمهوری زامبیا
 ; [cca2=ZM].translations.por.common
Expected: ZÃ¢mbia
     got: Zâmbia
 ; [cca2=ZM].translations.por.official
Expected: RepÃºblica da ZÃ¢mbia
     got: República da Zâmbia
 ; [cca2=ZM].translations.rus.common
Expected: Ð—Ð°Ð¼Ð±Ð¸Ñ�
     got: Замбия
 ; [cca2=ZM].translations.rus.official
Expected: Ð ÐµÑ�Ð¿ÑƒÐ±Ð»Ð¸ÐºÐ° Ð—Ð°Ð¼Ð±Ð¸Ñ�
     got: Республика Замбия
 ; [cca2=ZM].translations.slk.official
Expected: ZambijskÃ¡ republika
     got: Zambijská republika
 ; [cca2=ZM].translations.spa.official
Expected: RepÃºblica de Zambia
     got: República de Zambia
 ; [cca2=ZM].translations.srp.common
Expected: Ð—Ð°Ð¼Ð±Ð¸Ñ˜Ð°
     got: Замбија
 ; [cca2=ZM].translations.srp.official
Expected: Ð ÐµÐ¿ÑƒÐ±Ð»Ð¸ÐºÐ° Ð—Ð°Ð¼Ð±Ð¸Ñ˜Ð°
     got: Република Замбија
 ; [cca2=ZM].translations.urd.common
Expected: Ø²ÛŒÙ…Ø¨ÛŒØ§
     got: زیمبیا
 ; [cca2=ZM].translations.urd.official
Expected: Ø¬Ù…Û�ÙˆØ±ÛŒÛ� Ø²ÛŒÙ…Ø¨ÛŒØ§
     got: جمہوریہ زیمبیا
 ; [cca2=ZM].translations.zho.common
Expected: èµžæ¯”äºš
     got: 赞比亚
 ; [cca2=ZM].translations.zho.official
Expected: èµžæ¯”äºšå…±å’Œå›½
     got: 赞比亚共和国
 ; [cca2=JE].altSpellings[]
Expected: Bailliage dÃ© JÃ¨rri
     but none found
 ; [cca2=JE].altSpellings[]
Unexpected: Bailliage dé Jèrri
 ; [cca2=JE].currencies.GBP.symbol
Expected: Â£
     got: £
 ; [cca2=JE].currencies.JEP.symbol
Expected: Â£
     got: £
 ; [cca2=JE].flag
Expected: ðŸ‡¯ðŸ‡ª
     got: 🇯🇪
 ; [cca2=JE].languages.nrf
Expected: JÃ¨rriais
     got: Jèrriais
 ; [cca2=JE].name.nativeName.nrf.common
Expected: JÃ¨rri
     got: Jèrri
 ; [cca2=JE].name.nativeName.nrf.official
Expected: Bailliage dÃ© JÃ¨rri
     got: Bailliage dé Jèrri
 ; [cca2=JE].translations.ara.common
Expected: Ø¬ÙŠØ±Ø²ÙŠ
     got: جيرزي
 ; [cca2=JE].translations.ara.official
Expected: Ø¬ÙŠØ±Ø²ÙŠ
     got: جيرزي
 ; [cca2=JE].translations.ces.official
Expected: RychtÃ¡Å™stvÃ­ Jersey
     got: Rychtářství Jersey
 ; [cca2=JE].translations.jpn.common
Expected: ã‚¸ãƒ£ãƒ¼ã‚¸ãƒ¼
     got: ジャージー
 ; [cca2=JE].translations.jpn.official
Expected: ã‚¸ãƒ£ãƒ¼ã‚¸ã�®å¾—æ„�åˆ†é‡Ž
     got: ジャージの得意分野
 ; [cca2=JE].translations.kor.common
Expected: ì €ì§€ ì„¬
     got: 저지 섬
 ; [cca2=JE].translations.kor.official
Expected: ì €ì§€ ì„¬
     got: 저지 섬
 ; [cca2=JE].translations.per.common
Expected: Ø¬Ø±Ø²ÛŒ
     got: جرزی
 ; [cca2=JE].translations.per.official
Expected: Ø¬Ø±Ø²ÛŒ
     got: جرزی
 ; [cca2=JE].translations.rus.common
Expected: Ð”Ð¶ÐµÑ€Ñ�Ð¸
     got: Джерси
 ; [cca2=JE].translations.rus.official
Expected: ÐšÐ¾Ñ€Ð¾Ð½Ð½Ð¾Ðµ Ð²Ð»Ð°Ð´ÐµÐ½Ð¸Ðµ Ð”Ð¶ÐµÑ€Ñ�Ð¸
     got: Коронное владение Джерси
 ; [cca2=JE].translations.spa.official
Expected: BailÃ­a de Jersey
     got: Bailía de Jersey
 ; [cca2=JE].translations.srp.common
Expected: Ð�ÐµÑ€Ð·Ð¸
     got: Џерзи
 ; [cca2=JE].translations.srp.official
Expected: Ð�ÐµÑ€Ð·Ð¸
     got: Џерзи
 ; [cca2=JE].translations.urd.common
Expected: Ø¬Ø±Ø²ÛŒ
     got: جرزی
 ; [cca2=JE].translations.urd.official
Expected: Ø¬Ø±Ø²ÛŒ
     got: جرزی
 ; [cca2=JE].translations.zho.common
Expected: æ³½è¥¿å²›
     got: 泽西岛
 ; [cca2=JE].translations.zho.official
Expected: æ³½è¥¿å²›
     got: 泽西岛
 ; [cca2=ZW].demonyms.fra.f
Expected: ZimbabwÃ©enne
     got: Zimbabwéenne
 ; [cca2=ZW].demonyms.fra.m
Expected: ZimbabwÃ©en
     got: Zimbabwéen
 ; [cca2=ZW].flag
Expected: ðŸ‡¿ðŸ‡¼
     got: 🇿🇼
 ; [cca2=ZW].translations.ara.common
Expected: Ø²ÙŠÙ…Ø¨Ø§Ø¨ÙˆÙŠ
     got: زيمبابوي
 ; [cca2=ZW].translations.ara.official
Expected: Ø¬Ù…Ù‡ÙˆØ±ÙŠØ© Ø²ÙŠÙ…Ø¨Ø§Ø¨ÙˆÙŠ
     got: جمهورية زيمبابوي
 ; [cca2=ZW].translations.ces.official
Expected: ZimbabwskÃ¡ republika
     got: Zimbabwská republika
 ; [cca2=ZW].translations.fra.official
Expected: RÃ©publique du Zimbabwe
     got: République du Zimbabwe
 ; [cca2=ZW].translations.hun.official
Expected: Zimbabwei KÃ¶ztÃ¡rsasÃ¡g
     got: Zimbabwei Köztársaság
 ; [cca2=ZW].translations.jpn.common
Expected: ã‚¸ãƒ³ãƒ�ãƒ–ã‚¨
     got: ジンバブエ
 ; [cca2=ZW].translations.jpn.official
Expected: ã‚¸ãƒ³ãƒ�ãƒ–ã‚¨å…±å’Œå›½
     got: ジンバブエ共和国
 ; [cca2=ZW].translations.kor.common
Expected: ì§�ë°”ë¸Œì›¨
     got: 짐바브웨
 ; [cca2=ZW].translations.kor.official
Expected: ì§�ë°”ë¸Œì›¨ ê³µí™”êµ­
     got: 짐바브웨 공화국
 ; [cca2=ZW].translations.per.common
Expected: Ø²ÛŒÙ…Ø¨Ø§Ø¨ÙˆÙ‡
     got: زیمبابوه
 ; [cca2=ZW].translations.per.official
Expected: Ø¬Ù…Ù‡ÙˆØ±ÛŒ Ø²ÛŒÙ…Ø¨Ø§Ø¨ÙˆÙ‡
     got: جمهوری زیمبابوه
 ; [cca2=ZW].translations.por.official
Expected: RepÃºblica do Zimbabwe
     got: República do Zimbabwe
 ; [cca2=ZW].translations.rus.common
Expected: Ð—Ð¸Ð¼Ð±Ð°Ð±Ð²Ðµ
     got: Зимбабве
 ; [cca2=ZW].translations.rus.official
Expected: Ð ÐµÑ�Ð¿ÑƒÐ±Ð»Ð¸ÐºÐ° Ð—Ð¸Ð¼Ð±Ð°Ð±Ð²Ðµ
     got: Республика Зимбабве
 ; [cca2=ZW].translations.spa.official
Expected: RepÃºblica de Zimbabue
     got: República de Zimbabue
 ; [cca2=ZW].translations.srp.common
Expected: Ð—Ð¸Ð¼Ð±Ð°Ð±Ð²Ðµ
     got: Зимбабве
 ; [cca2=ZW].translations.srp.official
Expected: Ð ÐµÐ¿ÑƒÐ±Ð»Ð¸ÐºÐ° Ð—Ð¸Ð¼Ð±Ð°Ð±Ð²Ðµ
     got: Република Зимбабве
 ; [cca2=ZW].translations.urd.common
Expected: Ø²Ù…Ø¨Ø§Ø¨ÙˆÛ’
     got: زمبابوے
 ; [cca2=ZW].translations.urd.official
Expected: Ø¬Ù…Û�ÙˆØ±ÛŒÛ� Ø²Ù…Ø¨Ø§Ø¨ÙˆÛ’
     got: جمہوریہ زمبابوے
 ; [cca2=ZW].translations.zho.common
Expected: æ´¥å·´å¸ƒéŸ¦
     got: 津巴布韦
 ; [cca2=ZW].translations.zho.official
Expected: æ´¥å·´å¸ƒéŸ¦å…±å’Œå›½
     got: 津巴布韦共和国
 ; [cca2=JM].demonyms.fra.f
Expected: JamaÃ¯caine
     got: Jamaïcaine
 ; [cca2=JM].demonyms.fra.m
Expected: JamaÃ¯cain
     got: Jamaïcain
 ; [cca2=JM].flag
Expected: ðŸ‡¯ðŸ‡²
     got: 🇯🇲
 ; [cca2=JM].translations.ara.common
Expected: Ø¬Ø§Ù…Ø§ÙŠÙƒØ§
     got: جامايكا
 ; [cca2=JM].translations.ara.official
Expected: Ø¬Ø§Ù…Ø§ÙŠÙƒØ§
     got: جامايكا
 ; [cca2=JM].translations.fra.common
Expected: JamaÃ¯que
     got: Jamaïque
 ; [cca2=JM].translations.fra.official
Expected: JamaÃ¯que
     got: Jamaïque
 ; [cca2=JM].translations.jpn.common
Expected: ã‚¸ãƒ£ãƒžã‚¤ã‚«
     got: ジャマイカ
 ; [cca2=JM].translations.jpn.official
Expected: ã‚¸ãƒ£ãƒžã‚¤ã‚«
     got: ジャマイカ
 ; [cca2=JM].translations.kor.common
Expected: ìž�ë©”ì�´ì¹´
     got: 자메이카
 ; [cca2=JM].translations.kor.official
Expected: ìž�ë©”ì�´ì¹´
     got: 자메이카
 ; [cca2=JM].translations.per.common
Expected: Ø¬Ø§Ù…Ø§Ø¦ÛŒÚ©Ø§
     got: جامائیکا
 ; [cca2=JM].translations.per.official
Expected: Ø¬Ø§Ù…Ø§Ø¦ÛŒÚ©Ø§
     got: جامائیکا
 ; [cca2=JM].translations.rus.common
Expected: Ð¯Ð¼Ð°Ð¹ÐºÐ°
     got: Ямайка
 ; [cca2=JM].translations.rus.official
Expected: Ð¯Ð¼Ð°Ð¹ÐºÐ°
     got: Ямайка
 ; [cca2=JM].translations.srp.common
Expected: ÐˆÐ°Ð¼Ð°Ñ˜ÐºÐ°
     got: Јамајка
 ; [cca2=JM].translations.srp.official
Expected: ÐˆÐ°Ð¼Ð°Ñ˜ÐºÐ°
     got: Јамајка
 ; [cca2=JM].translations.urd.common
Expected: Ø¬Ù…ÛŒÚ©Ø§
     got: جمیکا
 ; [cca2=JM].translations.urd.official
Expected: Ø¬Ù…ÛŒÚ©Ø§
     got: جمیکا
 ; [cca2=JM].translations.zho.common
Expected: ç‰™ä¹°åŠ 
     got: 牙买加
 ; [cca2=JM].translations.zho.official
Expected: ç‰™ä¹°åŠ 
     got: 牙买加
 ; [cca2=JO].altSpellings[]
Expected: al-Mamlakah al-UrdunÄ«yah al-HÄ�shimÄ«yah
     but none found
 ; [cca2=JO].altSpellings[]
Unexpected: al-Mamlakah al-Urdunīyah al-Hāshimīyah
 ; [cca2=JO].currencies.JOD.symbol
Expected: Ø¯.Ø§
     got: د.ا
 ; [cca2=JO].flag
Expected: ðŸ‡¯ðŸ‡´
     got: 🇯🇴
 ; [cca2=JO].name.nativeName.ara.common
Expected: Ø§Ù„Ø£Ø±Ø¯Ù†
     got: الأردن
 ; [cca2=JO].name.nativeName.ara.official
Expected: Ø§Ù„Ù…Ù…Ù„ÙƒØ© Ø§Ù„Ø£Ø±Ø¯Ù†ÙŠØ© Ø§Ù„Ù‡Ø§Ø´Ù…ÙŠØ©
     got: المملكة الأردنية الهاشمية
 ; [cca2=JO].tld[]
Expected: Ø§Ù„Ø§Ø±Ø¯Ù†.
     but none found
 ; [cca2=JO].tld[]
Unexpected: الاردن.
 ; [cca2=JO].translations.ara.common
Expected: Ø§Ù„Ø£Ø±Ø¯Ù†
     got: الأردن
 ; [cca2=JO].translations.ara.official
Expected: Ø§Ù„Ù…Ù…Ù„ÙƒØ© Ø§Ù„Ø£Ø±Ø¯Ù†ÙŠØ© Ø§Ù„Ù‡Ø§Ø´Ù…ÙŠØ©
     got: المملكة الأردنية الهاشمية
 ; [cca2=JO].translations.ces.common
Expected: JordÃ¡nsko
     got: Jordánsko
 ; [cca2=JO].translations.ces.official
Expected: JordÃ¡nskÃ© hÃ¡Å¡imovskÃ© krÃ¡lovstvÃ­
     got: Jordánské hášimovské království
 ; [cca2=JO].translations.deu.official
Expected: Haschemitisches KÃ¶nigreich Jordanien
     got: Haschemitisches Königreich Jordanien
 ; [cca2=JO].translations.est.official
Expected: Jordaania HaÅ¡imiidi Kuningriik
     got: Jordaania Hašimiidi Kuningriik
 ; [cca2=JO].translations.fin.official
Expected: Jordanian haÅ¡emiittinen kunigaskunta
     got: Jordanian hašemiittinen kunigaskunta
 ; [cca2=JO].translations.fra.official
Expected: Royaume hachÃ©mite de Jordanie
     got: Royaume hachémite de Jordanie
 ; [cca2=JO].translations.hrv.official
Expected: HaÅ¡emitske Kraljevine Jordan
     got: Hašemitske Kraljevine Jordan
 ; [cca2=JO].translations.hun.common
Expected: JordÃ¡nia
     got: Jordánia
 ; [cca2=JO].translations.hun.official
Expected: JordÃ¡nia
     got: Jordánia
 ; [cca2=JO].translations.jpn.common
Expected: ãƒ¨ãƒ«ãƒ€ãƒ³
     got: ヨルダン
 ; [cca2=JO].translations.jpn.official
Expected: ãƒ¨ãƒ«ãƒ€ãƒ³Â·ãƒ�ã‚·ãƒŸãƒ†çŽ‹å›½
     got: ヨルダン·ハシミテ王国
 ; [cca2=JO].translations.kor.common
Expected: ìš”ë¥´ë‹¨
     got: 요르단
 ; [cca2=JO].translations.kor.official
Expected: ìš”ë¥´ë‹¨ í•˜ì‹¬ ì™•êµ­
     got: 요르단 하심 왕국
 ; [cca2=JO].translations.nld.common
Expected: JordaniÃ«
     got: Jordanië
 ; [cca2=JO].translations.nld.official
Expected: Hasjemitisch Koninkrijk JordaniÃ«
     got: Hasjemitisch Koninkrijk Jordanië
 ; [cca2=JO].translations.per.common
Expected: Ø§Ø±Ø¯Ù†
     got: اردن
 ; [cca2=JO].translations.per.official
Expected: Ù¾Ø§Ø¯Ø´Ø§Ù‡ÛŒ Ø§Ù�Ø±Ø¯Ù�Ù† Ù‡Ø§Ø´Ù…ÛŒ
     got: پادشاهی اُردُن هاشمی
 ; [cca2=JO].translations.pol.official
Expected: JordaÅ„skie KrÃ³lestwo Haszymidzkie
     got: Jordańskie Królestwo Haszymidzkie
 ; [cca2=JO].translations.por.common
Expected: JordÃ¢nia
     got: Jordânia
 ; [cca2=JO].translations.por.official
Expected: Reino Hachemita da JordÃ¢nia
     got: Reino Hachemita da Jordânia
 ; [cca2=JO].translations.rus.common
Expected: Ð˜Ð¾Ñ€Ð´Ð°Ð½Ð¸Ñ�
     got: Иордания
 ; [cca2=JO].translations.rus.official
Expected: Ð˜Ð¾Ñ€Ð´Ð°Ð½Ñ�ÐºÐ¾Ð³Ð¾ Ð¥Ð°ÑˆÐ¸Ð¼Ð¸Ñ‚Ñ�ÐºÐ¾Ð³Ð¾ ÐšÐ¾Ñ€Ð¾Ð»ÐµÐ²Ñ�Ñ‚Ð²Ð°
     got: Иорданского Хашимитского Королевства
 ; [cca2=JO].translations.slk.common
Expected: JordÃ¡nsko
     got: Jordánsko
 ; [cca2=JO].translations.slk.official
Expected: JordÃ¡nske hÃ¡Å¡imovskÃ© krÃ¡Ä¾ovstvo
     got: Jordánske hášimovské kráľovstvo
 ; [cca2=JO].translations.srp.common
Expected: ÐˆÐ¾Ñ€Ð´Ð°Ð½
     got: Јордан
 ; [cca2=JO].translations.srp.official
Expected: Ð¥Ð°ÑˆÐµÐ¼Ð¸Ñ‚Ñ�ÐºÐ° ÐšÑ€Ð°Ñ™ÐµÐ²Ð¸Ð½Ð° ÐˆÐ¾Ñ€Ð´Ð°Ð½
     got: Хашемитска Краљевина Јордан
 ; [cca2=JO].translations.swe.official
Expected: Hashimitiska kungadÃ¶met Jordanien
     got: Hashimitiska kungadömet Jordanien
 ; [cca2=JO].translations.tur.common
Expected: ÃœrdÃ¼n
     got: Ürdün
 ; [cca2=JO].translations.tur.official
Expected: ÃœrdÃ¼n HÃ¢ÅŸimi KrallÄ±ÄŸÄ±
     got: Ürdün Hâşimi Krallığı
 ; [cca2=JO].translations.urd.common
Expected: Ø§Ø±Ø¯Ù†
     got: اردن
 ; [cca2=JO].translations.urd.official
Expected: Ú¾Ø§Ø´Ù…ÛŒ Ù…Ù…Ù„Ú©ØªÙ� Ø§Ø±Ø¯Ù†
     got: ھاشمی مملکتِ اردن
 ; [cca2=JO].translations.zho.common
Expected: çº¦æ—¦
     got: 约旦
 ; [cca2=JO].translations.zho.official
Expected: çº¦æ—¦å“ˆå¸Œå§†çŽ‹å›½
     got: 约旦哈希姆王国
 ; [cca2=JP].currencies.JPY.symbol
Expected: Â¥
     got: ¥
 ; [cca2=JP].flag
Expected: ðŸ‡¯ðŸ‡µ
     got: 🇯🇵
 ; [cca2=JP].name.nativeName.jpn.common
Expected: æ—¥æœ¬
     got: 日本
 ; [cca2=JP].name.nativeName.jpn.official
Expected: æ—¥æœ¬
     got: 日本
 ; [cca2=JP].tld[]
Expected: .ã�¿ã‚“ã�ª
     but none found
 ; [cca2=JP].tld[]
Unexpected: .みんな
 ; [cca2=JP].translations.ara.common
Expected: Ø§Ù„ÙŠØ§Ø¨Ø§Ù†
     got: اليابان
 ; [cca2=JP].translations.ara.official
Expected: Ø§Ù„ÙŠØ§Ø¨Ø§Ù†
     got: اليابان
 ; [cca2=JP].translations.hun.common
Expected: JapÃ¡n
     got: Japán
 ; [cca2=JP].translations.hun.official
Expected: JapÃ¡n
     got: Japán
 ; [cca2=JP].translations.jpn.common
Expected: æ—¥æœ¬
     got: 日本
 ; [cca2=JP].translations.jpn.official
Expected: æ—¥æœ¬
     got: 日本
 ; [cca2=JP].translations.kor.common
Expected: ì�¼ë³¸
     got: 일본
 ; [cca2=JP].translations.kor.official
Expected: ì�¼ë³¸êµ­
     got: 일본국
 ; [cca2=JP].translations.per.common
Expected: Ú˜Ø§Ù¾Ù†
     got: ژاپن
 ; [cca2=JP].translations.per.official
Expected: Ú˜Ø§Ù¾Ù†
     got: ژاپن
 ; [cca2=JP].translations.por.common
Expected: JapÃ£o
     got: Japão
 ; [cca2=JP].translations.por.official
Expected: JapÃ£o
     got: Japão
 ; [cca2=JP].translations.rus.common
Expected: Ð¯Ð¿Ð¾Ð½Ð¸Ñ�
     got: Япония
 ; [cca2=JP].translations.rus.official
Expected: Ð¯Ð¿Ð¾Ð½Ð¸Ñ�
     got: Япония
 ; [cca2=JP].translations.spa.common
Expected: JapÃ³n
     got: Japón
 ; [cca2=JP].translations.spa.official
Expected: JapÃ³n
     got: Japón
 ; [cca2=JP].translations.srp.common
Expected: ÐˆÐ°Ð¿Ð°Ð½
     got: Јапан
 ; [cca2=JP].translations.srp.official
Expected: ÐˆÐ°Ð¿Ð°Ð½
     got: Јапан
 ; [cca2=JP].translations.urd.common
Expected: Ø¬Ø§Ù¾Ø§Ù†
     got: جاپان
 ; [cca2=JP].translations.urd.official
Expected: Ø¬Ø§Ù¾Ø§Ù†
     got: جاپان
 ; [cca2=JP].translations.zho.common
Expected: æ—¥æœ¬
     got: 日本
 ; [cca2=JP].translations.zho.official
Expected: æ—¥æœ¬å›½
     got: 日本国
 ; [cca2=KE].demonyms.fra.f
Expected: KÃ©nyane
     got: Kényane
 ; [cca2=KE].demonyms.fra.m
Expected: KÃ©nyan
     got: Kényan
 ; [cca2=KE].flag
Expected: ðŸ‡°ðŸ‡ª
     got: 🇰🇪
 ; [cca2=KE].translations.ara.common
Expected: ÙƒÙŠÙ†ÙŠØ§
     got: كينيا
 ; [cca2=KE].translations.ara.official
Expected: Ø¬Ù…Ù‡ÙˆØ±ÙŠØ© ÙƒÙŠÙ†ÙŠØ§
     got: جمهورية كينيا
 ; [cca2=KE].translations.ces.common
Expected: KeÅˆa
     got: Keňa
 ; [cca2=KE].translations.ces.official
Expected: KeÅˆskÃ¡ republika
     got: Keňská republika
 ; [cca2=KE].translations.fra.official
Expected: RÃ©publique du Kenya
     got: République du Kenya
 ; [cca2=KE].translations.hun.official
Expected: Kenyai KÃ¶ztÃ¡rsasÃ¡g
     got: Kenyai Köztársaság
 ; [cca2=KE].translations.jpn.common
Expected: ã‚±ãƒ‹ã‚¢
     got: ケニア
 ; [cca2=KE].translations.jpn.official
Expected: ã‚±ãƒ‹ã‚¢å…±å’Œå›½
     got: ケニア共和国
 ; [cca2=KE].translations.kor.common
Expected: ì¼€ëƒ�
     got: 케냐
 ; [cca2=KE].translations.kor.official
Expected: ì¼€ëƒ� ê³µí™”êµ­
     got: 케냐 공화국
 ; [cca2=KE].translations.per.common
Expected: Ú©Ù†ÛŒØ§
     got: کنیا
 ; [cca2=KE].translations.per.official
Expected: Ø¬Ù…Ù‡ÙˆØ±ÛŒ Ú©Ù†ÛŒØ§
     got: جمهوری کنیا
 ; [cca2=KE].translations.por.common
Expected: QuÃ©nia
     got: Quénia
 ; [cca2=KE].translations.por.official
Expected: RepÃºblica do QuÃ©nia
     got: República do Quénia
 ; [cca2=KE].translations.rus.common
Expected: ÐšÐµÐ½Ð¸Ñ�
     got: Кения
 ; [cca2=KE].translations.rus.official
Expected: Ð ÐµÑ�Ð¿ÑƒÐ±Ð»Ð¸ÐºÐ° ÐšÐµÐ½Ð¸Ñ�
     got: Республика Кения
 ; [cca2=KE].translations.slk.common
Expected: KeÅˆa
     got: Keňa
 ; [cca2=KE].translations.slk.official
Expected: KenskÃ¡ republika
     got: Kenská republika
 ; [cca2=KE].translations.spa.official
Expected: RepÃºblica de Kenya
     got: República de Kenya
 ; [cca2=KE].translations.srp.common
Expected: ÐšÐµÐ½Ð¸Ñ˜Ð°
     got: Кенија
 ; [cca2=KE].translations.srp.official
Expected: Ð ÐµÐ¿ÑƒÐ±Ð»Ð¸ÐºÐ° ÐšÐµÐ½Ð¸Ñ˜Ð°
     got: Република Кенија
 ; [cca2=KE].translations.urd.common
Expected: Ú©ÛŒÙ†ÛŒØ§
     got: کینیا
 ; [cca2=KE].translations.urd.official
Expected: Ø¬Ù…Û�ÙˆØ±ÛŒÛ� Ú©ÛŒÙ†ÛŒØ§
     got: جمہوریہ کینیا
 ; [cca2=KE].translations.zho.common
Expected: è‚¯å°¼äºš
     got: 肯尼亚
 ; [cca2=KE].translations.zho.official
Expected: è‚¯å°¼äºšå…±å’Œå›½
     got: 肯尼亚共和国
 ; [cca2=KG].altSpellings[]
Expected: ÐšÑ‹Ñ€Ð³Ñ‹Ð· Ð ÐµÑ�Ð¿ÑƒÐ±Ð»Ð¸ÐºÐ°Ñ�Ñ‹
     but none found
 ; [cca2=KG].altSpellings[]
Expected: ÐšÐ¸Ñ€Ð³Ð¸Ð·Ð¸Ñ�
     but none found
 ; [cca2=KG].altSpellings[]
Unexpected: Кыргыз Республикасы
 ; [cca2=KG].altSpellings[]
Unexpected: Киргизия
 ; [cca2=KG].currencies.KGS.symbol
Expected: Ñ�
     got: с
 ; [cca2=KG].flag
Expected: ðŸ‡°ðŸ‡¬
     got: 🇰🇬
 ; [cca2=KG].name.nativeName.kir.common
Expected: ÐšÑ‹Ñ€Ð³Ñ‹Ð·Ñ�Ñ‚Ð°Ð½
     got: Кыргызстан
 ; [cca2=KG].name.nativeName.kir.official
Expected: ÐšÑ‹Ñ€Ð³Ñ‹Ð· Ð ÐµÑ�Ð¿ÑƒÐ±Ð»Ð¸ÐºÐ°Ñ�Ñ‹
     got: Кыргыз Республикасы
 ; [cca2=KG].name.nativeName.rus.common
Expected: ÐšÐ¸Ñ€Ð³Ð¸Ð·Ð¸Ñ�
     got: Киргизия
 ; [cca2=KG].name.nativeName.rus.official
Expected: ÐšÑ‹Ñ€Ð³Ñ‹Ð·Ñ�ÐºÐ°Ñ� Ð ÐµÑ�Ð¿ÑƒÐ±Ð»Ð¸ÐºÐ°
     got: Кыргызская Республика
 ; [cca2=KG].translations.ara.common
Expected: Ù‚ÙŠØ±ØºÙŠØ²Ø³ØªØ§Ù†
     got: قيرغيزستان
 ; [cca2=KG].translations.ara.official
Expected: Ø§Ù„Ø¬Ù…Ù‡ÙˆØ±ÙŠØ© Ø§Ù„Ù‚ÙŠØ±ØºÙŠØ²ÙŠØ©
     got: الجمهورية القيرغيزية
 ; [cca2=KG].translations.ces.common
Expected: KyrgyzstÃ¡n
     got: Kyrgyzstán
 ; [cca2=KG].translations.ces.official
Expected: KyrgyzskÃ¡ republika
     got: Kyrgyzská republika
 ; [cca2=KG].translations.est.common
Expected: KÃµrgÃµzstan
     got: Kõrgõzstan
 ; [cca2=KG].translations.fra.official
Expected: RÃ©publique kirghize
     got: République kirghize
 ; [cca2=KG].translations.hun.common
Expected: KirgizisztÃ¡n
     got: Kirgizisztán
 ; [cca2=KG].translations.hun.official
Expected: Kirgiz KÃ¶ztÃ¡rsasÃ¡g
     got: Kirgiz Köztársaság
 ; [cca2=KG].translations.jpn.common
Expected: ã‚­ãƒ«ã‚®ã‚¹
     got: キルギス
 ; [cca2=KG].translations.jpn.official
Expected: ã‚­ãƒ«ã‚®ã‚¹å…±å’Œå›½
     got: キルギス共和国
 ; [cca2=KG].translations.kor.common
Expected: í‚¤ë¥´ê¸°ìŠ¤ìŠ¤íƒ„
     got: 키르기스스탄
 ; [cca2=KG].translations.kor.official
Expected: í‚¤ë¥´ê¸°ìŠ¤ ê³µí™”êµ­
     got: 키르기스 공화국
 ; [cca2=KG].translations.nld.common
Expected: KirgiziÃ«
     got: Kirgizië
 ; [cca2=KG].translations.per.common
Expected: Ù‚Ø±Ù‚ÛŒØ²Ø³ØªØ§Ù†
     got: قرقیزستان
 ; [cca2=KG].translations.per.official
Expected: Ø¬Ù…Ù‡ÙˆØ±ÛŒ Ù‚Ù�Ø±Ù‚ÛŒØ²Ø³ØªØ§Ù†
     got: جمهوری قِرقیزستان
 ; [cca2=KG].translations.por.common
Expected: QuirguistÃ£o
     got: Quirguistão
 ; [cca2=KG].translations.por.official
Expected: RepÃºblica do QuirguistÃ£o
     got: República do Quirguistão
 ; [cca2=KG].translations.rus.common
Expected: ÐšÐ¸Ñ€Ð³Ð¸Ð·Ð¸Ñ�
     got: Киргизия
 ; [cca2=KG].translations.rus.official
Expected: ÐšÑ‹Ñ€Ð³Ñ‹Ð·Ñ�ÐºÐ°Ñ� Ð ÐµÑ�Ð¿ÑƒÐ±Ð»Ð¸ÐºÐ°
     got: Кыргызская Республика
 ; [cca2=KG].translations.slk.official
Expected: KirgizskÃ¡ republika
     got: Kirgizská republika
 ; [cca2=KG].translations.spa.common
Expected: KirguizistÃ¡n
     got: Kirguizistán
 ; [cca2=KG].translations.spa.official
Expected: RepÃºblica Kirguisa
     got: República Kirguisa
 ; [cca2=KG].translations.srp.common
Expected: ÐšÐ¸Ñ€Ð³Ð¸Ð·Ð¸Ñ˜Ð°
     got: Киргизија
 ; [cca2=KG].translations.srp.official
Expected: ÐšÐ¸Ñ€Ð³Ð¸Ñ�ÐºÐ° Ð ÐµÐ¿ÑƒÐ±Ð»Ð¸ÐºÐ°
     got: Киргиска Република
 ; [cca2=KG].translations.tur.common
Expected: KÄ±rgÄ±zistan
     got: Kırgızistan
 ; [cca2=KG].translations.tur.official
Expected: KÄ±rgÄ±zistan Cumhuriyeti
     got: Kırgızistan Cumhuriyeti
 ; [cca2=KG].translations.urd.common
Expected: Ú©Ø±ØºÛŒØ²Ø³ØªØ§Ù†
     got: کرغیزستان
 ; [cca2=KG].translations.urd.official
Expected: Ø¬Ù…Û�ÙˆØ±ÛŒÛ� Ú©Ø±ØºÛŒØ²Ø³ØªØ§Ù†
     got: جمہوریہ کرغیزستان
 ; [cca2=KG].translations.zho.common
Expected: å�‰å°”å�‰æ–¯æ–¯å�¦
     got: 吉尔吉斯斯坦
 ; [cca2=KG].translations.zho.official
Expected: å�‰å°”å�‰æ–¯æ–¯å�¦å…±å’Œå›½
     got: 吉尔吉斯斯坦共和国
 ; [cca2=KH].currencies.KHR.symbol
Expected: áŸ›
     got: ៛
 ; [cca2=KH].flag
Expected: ðŸ‡°ðŸ‡­
     got: 🇰🇭
 ; [cca2=KH].name.nativeName.khm.common
Expected: KÃ¢mpÅ­chÃ©a
     got: Kâmpŭchéa
 ; [cca2=KH].name.nativeName.khm.official
Expected: áž–áŸ’ážšáŸ‡ážšáž¶áž‡áž¶ážŽáž¶áž…áž€áŸ’ážšáž€áž˜áŸ’áž–áž»áž‡áž¶
     got: ព្រះរាជាណាចក្រកម្ពុជា
 ; [cca2=KH].translations.ara.common
Expected: ÙƒÙ…Ø¨ÙˆØ¯ÙŠØ§
     got: كمبوديا
 ; [cca2=KH].translations.ara.official
Expected: Ù…Ù…Ù„ÙƒØ© ÙƒÙ…Ø¨ÙˆØ¯ÙŠØ§
     got: مملكة كمبوديا
 ; [cca2=KH].translations.ces.common
Expected: KambodÅ¾a
     got: Kambodža
 ; [cca2=KH].translations.ces.official
Expected: KambodÅ¾skÃ© krÃ¡lovstvÃ­
     got: Kambodžské království
 ; [cca2=KH].translations.deu.official
Expected: KÃ¶nigreich Kambodscha
     got: Königreich Kambodscha
 ; [cca2=KH].translations.est.common
Expected: KambodÅ¾a
     got: Kambodža
 ; [cca2=KH].translations.est.official
Expected: KambodÅ¾a Kuningriik
     got: Kambodža Kuningriik
 ; [cca2=KH].translations.fin.common
Expected: KambodÅ¾a
     got: Kambodža
 ; [cca2=KH].translations.fin.official
Expected: KambodÅ¾an kuningaskunta
     got: Kambodžan kuningaskunta
 ; [cca2=KH].translations.hrv.common
Expected: KambodÅ¾a
     got: Kambodža
 ; [cca2=KH].translations.hrv.official
Expected: Kraljevina KambodÅ¾a
     got: Kraljevina Kambodža
 ; [cca2=KH].translations.hun.official
Expected: Kambodzsai KirÃ¡lysÃ¡g
     got: Kambodzsai Királyság
 ; [cca2=KH].translations.jpn.common
Expected: ã‚«ãƒ³ãƒœã‚¸ã‚¢
     got: カンボジア
 ; [cca2=KH].translations.jpn.official
Expected: ã‚«ãƒ³ãƒœã‚¸ã‚¢çŽ‹å›½
     got: カンボジア王国
 ; [cca2=KH].translations.kor.common
Expected: ìº„ë³´ë””ì•„
     got: 캄보디아
 ; [cca2=KH].translations.kor.official
Expected: ìº„ë³´ë””ì•„ ì™•êµ­
     got: 캄보디아 왕국
 ; [cca2=KH].translations.per.common
Expected: Ú©Ø§Ù…Ø¨ÙˆØ¬
     got: کامبوج
 ; [cca2=KH].translations.per.official
Expected: Ù¾Ø§Ø¯Ø´Ø§Ù‡ÛŒ Ú©Ø§Ù…Ø¨ÙˆØ¬
     got: پادشاهی کامبوج
 ; [cca2=KH].translations.pol.common
Expected: KambodÅ¼a
     got: Kambodża
 ; [cca2=KH].translations.pol.official
Expected: KrÃ³lestwo KambodÅ¼y
     got: Królestwo Kambodży
 ; [cca2=KH].translations.rus.common
Expected: ÐšÐ°Ð¼Ð±Ð¾Ð´Ð¶Ð°
     got: Камбоджа
 ; [cca2=KH].translations.rus.official
Expected: ÐšÐ¾Ñ€Ð¾Ð»ÐµÐ²Ñ�Ñ‚Ð²Ð¾ ÐšÐ°Ð¼Ð±Ð¾Ð´Ð¶Ð°
     got: Королевство Камбоджа
 ; [cca2=KH].translations.slk.common
Expected: KamboÇ†a
     got: Kamboǆa
 ; [cca2=KH].translations.slk.official
Expected: KamboÇ†skÃ© krÃ¡Ä¾ovstvo
     got: Kamboǆské kráľovstvo
 ; [cca2=KH].translations.srp.common
Expected: ÐšÐ°Ð¼Ð±Ð¾ÑŸÐ°
     got: Камбоџа
 ; [cca2=KH].translations.srp.official
Expected: ÐšÑ€Ð°Ñ™ÐµÐ²Ð¸Ð½Ð° ÐšÐ°Ð¼Ð±Ð¾ÑŸÐ°
     got: Краљевина Камбоџа
 ; [cca2=KH].translations.tur.common
Expected: KamboÃ§ya
     got: Kamboçya
 ; [cca2=KH].translations.tur.official
Expected: KamboÃ§ya KrallÄ±ÄŸÄ±
     got: Kamboçya Krallığı
 ; [cca2=KH].translations.urd.common
Expected: Ú©Ù…Ø¨ÙˆÚˆÛŒØ§
     got: کمبوڈیا
 ; [cca2=KH].translations.urd.official
Expected: Ù…Ù…Ù„Ú©ØªÙ� Ú©Ù…Ø¨ÙˆÚˆÛŒØ§
     got: مملکتِ کمبوڈیا
 ; [cca2=KH].translations.zho.common
Expected: æŸ¬åŸ”å¯¨
     got: 柬埔寨
 ; [cca2=KH].translations.zho.official
Expected: æŸ¬åŸ”å¯¨çŽ‹å›½
     got: 柬埔寨王国
 ; [cca2=KI].flag
Expected: ðŸ‡°ðŸ‡®
     got: 🇰🇮
 ; [cca2=KI].translations.ara.common
Expected: ÙƒÙŠØ±ÙŠØ¨Ø§ØªÙŠ
     got: كيريباتي
 ; [cca2=KI].translations.ara.official
Expected: Ø¬Ù…Ù‡ÙˆØ±ÙŠØ© ÙƒÙŠØ±ÙŠØ¨Ø§ØªÙŠ
     got: جمهورية كيريباتي
 ; [cca2=KI].translations.fra.official
Expected: RÃ©publique de Kiribati
     got: République de Kiribati
 ; [cca2=KI].translations.hun.official
Expected: Kiribati KÃ¶ztÃ¡rsasÃ¡g
     got: Kiribati Köztársaság
 ; [cca2=KI].translations.jpn.common
Expected: ã‚­ãƒªãƒ�ã‚¹
     got: キリバス
 ; [cca2=KI].translations.jpn.official
Expected: ã‚­ãƒªãƒ�ã‚¹ã�®ç‹¬ç«‹ã�¨ä¸»æ¨©å…±å’Œå›½
     got: キリバスの独立と主権共和国
 ; [cca2=KI].translations.kor.common
Expected: í‚¤ë¦¬ë°”ì‹œ
     got: 키리바시
 ; [cca2=KI].translations.kor.official
Expected: í‚¤ë¦¬ë°”ì‹œ ê³µí™”êµ­
     got: 키리바시 공화국
 ; [cca2=KI].translations.per.common
Expected: Ú©ÛŒØ±ÛŒØ¨Ø§ØªÛŒ
     got: کیریباتی
 ; [cca2=KI].translations.per.official
Expected: Ø¬Ù…Ù‡ÙˆØ±ÛŒ Ú©ÛŒØ±ÛŒØ¨Ø§ØªÛŒ
     got: جمهوری کیریباتی
 ; [cca2=KI].translations.por.official
Expected: Independente e soberano RepÃºblica de Kiribati
     got: Independente e soberano República de Kiribati
 ; [cca2=KI].translations.rus.common
Expected: ÐšÐ¸Ñ€Ð¸Ð±Ð°Ñ‚Ð¸
     got: Кирибати
 ; [cca2=KI].translations.rus.official
Expected: Ð�ÐµÐ·Ð°Ð²Ð¸Ñ�Ð¸Ð¼Ð¾Ð¹ Ð¸ Ñ�ÑƒÐ²ÐµÑ€ÐµÐ½Ð½Ð¾Ð¹ Ð ÐµÑ�Ð¿ÑƒÐ±Ð»Ð¸ÐºÐ¸ ÐšÐ¸Ñ€Ð¸Ð±Ð°Ñ‚Ð¸
     got: Независимой и суверенной Республики Кирибати
 ; [cca2=KI].translations.slk.official
Expected: KiribatskÃ¡ republika
     got: Kiribatská republika
 ; [cca2=KI].translations.spa.official
Expected: RepÃºblica Independiente y Soberano de Kiribati
     got: República Independiente y Soberano de Kiribati
 ; [cca2=KI].translations.srp.common
Expected: ÐšÐ¸Ñ€Ð¸Ð±Ð°Ñ‚Ð¸
     got: Кирибати
 ; [cca2=KI].translations.srp.official
Expected: Ð�ÐµÐ·Ð°Ð²Ð¸Ñ�Ð½Ð° Ð¸ Ð¡ÑƒÐ²ÐµÑ€ÐµÐ½Ð° Ð ÐµÐ¿ÑƒÐ±Ð»Ð¸ÐºÐ° ÐšÐ¸Ñ€Ð¸Ð±Ð°Ñ‚Ð¸
     got: Независна и Суверена Република Кирибати
 ; [cca2=KI].translations.urd.common
Expected: Ú©ÛŒØ±ÛŒØ¨Ø§ØªÛŒ
     got: کیریباتی
 ; [cca2=KI].translations.urd.official
Expected: Ø³Ù„Ø·Ù†Øª Ø¢Ø²Ø§Ø¯ Ø¬Ù…Û�ÙˆØ±ÛŒÛ� Ú©ÛŒØ±ÛŒØ¨Ø§ØªÛŒ
     got: سلطنت آزاد جمہوریہ کیریباتی
 ; [cca2=KI].translations.zho.common
Expected: åŸºé‡Œå·´æ–¯
     got: 基里巴斯
 ; [cca2=KI].translations.zho.official
Expected: åŸºé‡Œå·´æ–¯å…±å’Œå›½
     got: 基里巴斯共和国
 ; [cca2=KM].altSpellings[]
Expected: al-Ittiá¸¥Ä�d al-QumurÄ«
     but none found
 ; [cca2=KM].altSpellings[]
Unexpected: al-Ittiḥād al-Qumurī
 ; [cca2=KM].flag
Expected: ðŸ‡°ðŸ‡²
     got: 🇰🇲
 ; [cca2=KM].name.nativeName.ara.common
Expected: Ø§Ù„Ù‚Ù…Ø±â€Ž
     got: القمر‎
 ; [cca2=KM].name.nativeName.ara.official
Expected: Ø§Ù„Ø§ØªØ­Ø§Ø¯ Ø§Ù„Ù‚Ù…Ø±ÙŠ
     got: الاتحاد القمري
 ; [cca2=KM].translations.ara.common
Expected: Ø¬Ø²Ø± Ø§Ù„Ù‚Ù…Ø±
     got: جزر القمر
 ; [cca2=KM].translations.ara.official
Expected: Ø§Ù„Ø¥ØªØ­Ø§Ø¯ Ø§Ù„Ù‚Ù…Ø±ÙŠ
     got: الإتحاد القمري
 ; [cca2=KM].translations.ces.official
Expected: KomorskÃ½ svaz
     got: Komorský svaz
 ; [cca2=KM].translations.hun.official
Expected: Comore-szigeteki UniÃ³
     got: Comore-szigeteki Unió
 ; [cca2=KM].translations.jpn.common
Expected: ã‚³ãƒ¢ãƒ­
     got: コモロ
 ; [cca2=KM].translations.jpn.official
Expected: ã‚³ãƒ¢ãƒ­é€£å�ˆ
     got: コモロ連合
 ; [cca2=KM].translations.kor.common
Expected: ì½”ëª¨ë¡œ
     got: 코모로
 ; [cca2=KM].translations.kor.official
Expected: ì½”ëª¨ë¡œ ì—°ë°©
     got: 코모로 연방
 ; [cca2=KM].translations.per.common
Expected: Ø§ØªØ­Ø§Ø¯ Ù‚Ù�Ù…Ù�Ø±
     got: اتحاد قُمُر
 ; [cca2=KM].translations.per.official
Expected: Ù…Ø¬Ù…Ø¹â€ŒØ§Ù„Ø¬Ø²Ø§ÛŒØ± Ù‚Ù…Ø±
     got: مجمع‌الجزایر قمر
 ; [cca2=KM].translations.pol.official
Expected: ZwiÄ…zek KomorÃ³w
     got: Związek Komorów
 ; [cca2=KM].translations.por.official
Expected: UniÃ£o das Comores
     got: União das Comores
 ; [cca2=KM].translations.rus.common
Expected: ÐšÐ¾Ð¼Ð¾Ñ€Ñ‹
     got: Коморы
 ; [cca2=KM].translations.rus.official
Expected: Ð¡Ð¾ÑŽÐ· ÐšÐ¾Ð¼Ð¾Ñ€Ñ�ÐºÐ¸Ñ… ÐžÑ�Ñ‚Ñ€Ð¾Ð²Ð¾Ð²
     got: Союз Коморских Островов
 ; [cca2=KM].translations.slk.official
Expected: KomorskÃ¡ Ãºnia
     got: Komorská únia
 ; [cca2=KM].translations.spa.official
Expected: UniÃ³n de las Comoras
     got: Unión de las Comoras
 ; [cca2=KM].translations.srp.common
Expected: ÐšÐ¾Ð¼Ð¾Ñ€Ð¸
     got: Комори
 ; [cca2=KM].translations.srp.official
Expected: Ð¡Ð°Ð²ÐµÐ· ÐšÐ¾Ð¼Ð¾Ñ€Ð°
     got: Савез Комора
 ; [cca2=KM].translations.tur.official
Expected: Komorlar BirliÄŸi
     got: Komorlar Birliği
 ; [cca2=KM].translations.urd.common
Expected: Ø§Ù„Ù‚Ù…Ø±ÛŒ
     got: القمری
 ; [cca2=KM].translations.urd.official
Expected: Ø§ØªØ­Ø§Ø¯ Ø§Ù„Ù‚Ù…Ø±ÛŒ
     got: اتحاد القمری
 ; [cca2=KM].translations.zho.common
Expected: ç§‘æ‘©ç½—
     got: 科摩罗
 ; [cca2=KM].translations.zho.official
Expected: ç§‘æ‘©ç½—è�”ç›Ÿ
     got: 科摩罗联盟
 ; [cca2=KN].flag
Expected: ðŸ‡°ðŸ‡³
     got: 🇰🇳
 ; [cca2=KN].translations.ara.common
Expected: Ø³Ø§Ù†Øª ÙƒÙŠØªØ³ ÙˆÙ†ÙŠÙ�ÙŠØ³
     got: سانت كيتس ونيفيس
 ; [cca2=KN].translations.ara.official
Expected: Ø§ØªØ­Ø§Ø¯ Ø§Ù„Ù‚Ø¯ÙŠØ³ ÙƒØ±ÙŠØ³ØªÙˆÙ�Ø± ÙˆÙ†ÙŠÙ�ÙŠØ³
     got: اتحاد القديس كريستوفر ونيفيس
 ; [cca2=KN].translations.ces.common
Expected: SvatÃ½ KryÅ¡tof a Nevis
     got: Svatý Kryštof a Nevis
 ; [cca2=KN].translations.ces.official
Expected: Federace Sv. KryÅ¡tof a Nevis
     got: Federace Sv. Kryštof a Nevis
 ; [cca2=KN].translations.deu.official
Expected: FÃ¶deration von St. Kitts und Nevis
     got: Föderation von St. Kitts und Nevis
 ; [cca2=KN].translations.est.official
Expected: Saint Kittsi ja Nevise FÃ¶deratsioon
     got: Saint Kittsi ja Nevise Föderatsioon
 ; [cca2=KN].translations.fra.common
Expected: Saint-Christophe-et-NiÃ©vÃ¨s
     got: Saint-Christophe-et-Niévès
 ; [cca2=KN].translations.fra.official
Expected: FÃ©dÃ©ration de Saint-Christophe-et-NiÃ©vÃ¨s
     got: Fédération de Saint-Christophe-et-Niévès
 ; [cca2=KN].translations.hun.common
Expected: Saint Kitts Ã©s Nevis
     got: Saint Kitts és Nevis
 ; [cca2=KN].translations.hun.official
Expected: Saint Christopher Ã©s Nevis Ã�llamszÃ¶vetsÃ©g
     got: Saint Christopher és Nevis Államszövetség
 ; [cca2=KN].translations.jpn.common
Expected: ã‚»ãƒ³ãƒˆã‚¯ãƒªã‚¹ãƒˆãƒ•ã‚¡ãƒ¼ãƒ»ãƒ�ã‚¤ãƒ“ã‚¹
     got: セントクリストファー・ネイビス
 ; [cca2=KN].translations.jpn.official
Expected: ã‚»ãƒ³ãƒˆã‚¯ãƒªã‚¹ãƒˆãƒ•ã‚¡ãƒ¼Nevisé€£ç›Ÿ
     got: セントクリストファーNevis連盟
 ; [cca2=KN].translations.kor.common
Expected: ì„¸ì�¸íŠ¸í‚¤ì¸  ë„¤ë¹„ìŠ¤
     got: 세인트키츠 네비스
 ; [cca2=KN].translations.kor.official
Expected: ì„¸ì�¸íŠ¸í‚¤ì¸  ë„¤ë¹„ìŠ¤ ì—°ë°©
     got: 세인트키츠 네비스 연방
 ; [cca2=KN].translations.per.common
Expected: Ø³Ù†Øª Ú©ÛŒØªØ³ Ùˆ Ù†ÙˆÛŒØ³
     got: سنت کیتس و نویس
 ; [cca2=KN].translations.per.official
Expected: Ù�Ø¯Ø±Ø§Ø³ÛŒÙˆÙ† Ø³Ù†Øª Ú©ÛŒØªØ³ Ùˆ Ù†ÙˆÛŒØ³
     got: فدراسیون سنت کیتس و نویس
 ; [cca2=KN].translations.por.common
Expected: SÃ£o CristÃ³vÃ£o e Nevis
     got: São Cristóvão e Nevis
 ; [cca2=KN].translations.por.official
Expected: FederaÃ§Ã£o de SÃ£o CristÃ³vÃ£o e Nevis
     got: Federação de São Cristóvão e Nevis
 ; [cca2=KN].translations.rus.common
Expected: Ð¡ÐµÐ½Ñ‚-ÐšÐ¸Ñ‚Ñ� Ð¸ Ð�ÐµÐ²Ð¸Ñ�
     got: Сент-Китс и Невис
 ; [cca2=KN].translations.rus.official
Expected: Ð¤ÐµÐ´ÐµÑ€Ð°Ñ†Ð¸Ñ� Ð¡ÐµÐ½Ñ‚-ÐšÑ€Ð¸Ñ�Ñ‚Ð¾Ñ„ÐµÑ€ Ð¸ Ð� Ðµ Ð² Ð¸ Ñ�
     got: Федерация Сент-Кристофер и Н е в и с
 ; [cca2=KN].translations.slk.common
Expected: SvÃ¤tÃ½ KriÅ¡tof a Nevis
     got: Svätý Krištof a Nevis
 ; [cca2=KN].translations.slk.official
Expected: Federà»¡cia SvÃ¤tÃ©ho KriÅ¡tofa a Nevisu
     got: Feder໡cia Svätého Krištofa a Nevisu
 ; [cca2=KN].translations.spa.common
Expected: San CristÃ³bal y Nieves
     got: San Cristóbal y Nieves
 ; [cca2=KN].translations.spa.official
Expected: FederaciÃ³n de San CristÃ³bal y Nevis
     got: Federación de San Cristóbal y Nevis
 ; [cca2=KN].translations.srp.common
Expected: Ð¡ÐµÐ½Ñ‚ ÐšÐ¸Ñ‚Ñ� Ð¸ Ð�ÐµÐ²Ð¸Ñ�
     got: Сент Китс и Невис
 ; [cca2=KN].translations.srp.official
Expected: Ð¤ÐµÐ´ÐµÑ€Ð°Ñ†Ð¸Ñ˜Ð° Ð¡Ð²ÐµÑ‚Ð¸ ÐšÑ€Ð¸Ñ�Ñ‚Ð¾Ñ„ÐµÑ€ Ð¸ Ð�ÐµÐ²Ð¸Ñ�
     got: Федерација Свети Кристофер и Невис
 ; [cca2=KN].translations.urd.common
Expected: Ø³ÛŒÙ†Ù¹ Ú©ÛŒÙ¹Ø² Ùˆ Ù†Ø§ÙˆÛŒØ³
     got: سینٹ کیٹز و ناویس
 ; [cca2=KN].translations.urd.official
Expected: ÙˆÙ�Ø§Ù‚Ù� Ø³ÛŒÙ†Ù¹ Ú©ÛŒÙ¹Ø² Ùˆ Ù†Ø§ÙˆÛŒØ³
     got: وفاقِ سینٹ کیٹز و ناویس
 ; [cca2=KN].translations.zho.common
Expected: åœ£åŸºèŒ¨å’Œå°¼ç»´æ–¯
     got: 圣基茨和尼维斯
 ; [cca2=KN].translations.zho.official
Expected: åœ£å…‹é‡Œæ–¯æ‰˜å¼—å’Œå°¼ç»´æ–¯è�”é‚¦
     got: 圣克里斯托弗和尼维斯联邦
 ; [cca2=KP].altSpellings[]
Expected: ë¶�í•œ
     but none found
 ; [cca2=KP].altSpellings[]
Expected: ë¶�ì¡°ì„ 
     but none found
 ; [cca2=KP].altSpellings[]
Expected: ì¡°ì„ ë¯¼ì£¼ì£¼ì�˜ì�¸ë¯¼ê³µí™”êµ­
     but none found
 ; [cca2=KP].altSpellings[]
Expected: ChosÅ�n MinjujuÅ­i Inmin Konghwaguk
     but none found
 ; [cca2=KP].altSpellings[]
Unexpected: 북조선
 ; [cca2=KP].altSpellings[]
Unexpected: 조선민주주의인민공화국
 ; [cca2=KP].altSpellings[]
Unexpected: Chosŏn Minjujuŭi Inmin Konghwaguk
 ; [cca2=KP].altSpellings[]
Unexpected: 북한
 ; [cca2=KP].currencies.KPW.symbol
Expected: â‚©
     got: ₩
 ; [cca2=KP].demonyms.fra.f
Expected: Nord-corÃ©enne
     got: Nord-coréenne
 ; [cca2=KP].demonyms.fra.m
Expected: Nord-corÃ©en
     got: Nord-coréen
 ; [cca2=KP].flag
Expected: ðŸ‡°ðŸ‡µ
     got: 🇰🇵
 ; [cca2=KP].flags.alt
Expected: The flag of North Korea is composed of three horizontal bands â€” a large central white-edged red band, and a blue band above and beneath the red band. On the hoist side of the red band is a red five-pointed star within a white circle.
     got: The flag of North Korea is composed of three horizontal bands — a large central white-edged red band, and a blue band above and beneath the red band. On the hoist side of the red band is a red five-pointed star within a white circle.
 ; [cca2=KP].name.nativeName.kor.common
Expected: ì¡°ì„ 
     got: 조선
 ; [cca2=KP].name.nativeName.kor.official
Expected: ì¡°ì„ ë¯¼ì£¼ì£¼ì�˜ì�¸ë¯¼ê³µí™”êµ­
     got: 조선민주주의인민공화국
 ; [cca2=KP].translations.ara.common
Expected: ÙƒÙˆØ±ÙŠØ§ Ø§Ù„Ø´Ù…Ø§Ù„ÙŠØ©
     got: كوريا الشمالية
 ; [cca2=KP].translations.ara.official
Expected: Ø¬Ù…Ù‡ÙˆØ±ÙŠØ© ÙƒÙˆØ±ÙŠØ§ Ø§Ù„Ø¯ÙŠÙ…Ù‚Ø±Ø§Ø·ÙŠØ© Ø§Ù„Ø´Ø¹Ø¨ÙŠØ©
     got: جمهورية كوريا الديمقراطية الشعبية
 ; [cca2=KP].translations.ces.common
Expected: SevernÃ­ Korea
     got: Severní Korea
 ; [cca2=KP].translations.ces.official
Expected: KorejskÃ¡ lidovÄ› demokratickÃ¡ republika
     got: Korejská lidově demokratická republika
 ; [cca2=KP].translations.est.common
Expected: PÃµhja-Korea
     got: Põhja-Korea
 ; [cca2=KP].translations.fra.common
Expected: CorÃ©e du Nord
     got: Corée du Nord
 ; [cca2=KP].translations.fra.official
Expected: RÃ©publique populaire dÃ©mocratique de CorÃ©e
     got: République populaire démocratique de Corée
 ; [cca2=KP].translations.hun.common
Expected: Ã‰szak-Korea
     got: Észak-Korea
 ; [cca2=KP].translations.hun.official
Expected: Koreai NÃ©pi Demokratikus KÃ¶ztÃ¡rsasÃ¡g
     got: Koreai Népi Demokratikus Köztársaság
 ; [cca2=KP].translations.jpn.common
Expected: æœ�é®®æ°‘ä¸»ä¸»ç¾©äººæ°‘å…±å’Œå›½
     got: 朝鮮民主主義人民共和国
 ; [cca2=KP].translations.jpn.official
Expected: æœ�é®®æ°‘ä¸»ä¸»ç¾©äººæ°‘å…±å’Œå›½
     got: 朝鮮民主主義人民共和国
 ; [cca2=KP].translations.kor.common
Expected: ì¡°ì„ 
     got: 조선
 ; [cca2=KP].translations.kor.official
Expected: ì¡°ì„ ë¯¼ì£¼ì£¼ì�˜ì�¸ë¯¼ê³µí™”êµ­
     got: 조선민주주의인민공화국
 ; [cca2=KP].translations.per.common
Expected: Ú©Ù�Ø±Ù‡ Ø´Ù…Ø§Ù„ÛŒ
     got: کُره شمالی
 ; [cca2=KP].translations.per.official
Expected: Ø¬Ù…Ù‡ÙˆØ±ÛŒ Ø¯Ù…ÙˆÚ©Ø±Ø§ØªÛŒÚ© Ø®Ù„Ù‚ Ú©Ø±Ù‡
     got: جمهوری دموکراتیک خلق کره
 ; [cca2=KP].translations.pol.common
Expected: Korea PÃ³Å‚nocna
     got: Korea Północna
 ; [cca2=KP].translations.pol.official
Expected: KoreaÅ„ska Republika Ludowo-Demokratyczna
     got: Koreańska Republika Ludowo-Demokratyczna
 ; [cca2=KP].translations.por.official
Expected: RepÃºblica Popular DemocrÃ¡tica da Coreia
     got: República Popular Democrática da Coreia
 ; [cca2=KP].translations.rus.common
Expected: Ð¡ÐµÐ²ÐµÑ€Ð½Ð°Ñ� ÐšÐ¾Ñ€ÐµÑ�
     got: Северная Корея
 ; [cca2=KP].translations.rus.official
Expected: ÐšÐ¾Ñ€ÐµÐ¹Ñ�ÐºÐ°Ñ� Ð�Ð°Ñ€Ð¾Ð´Ð½Ð¾-Ð”ÐµÐ¼Ð¾ÐºÑ€Ð°Ñ‚Ð¸Ñ‡ÐµÑ�ÐºÐ°Ñ� Ð ÐµÑ�Ð¿ÑƒÐ±Ð»Ð¸ÐºÐ° ÐšÐ¾Ñ€ÐµÑ�
     got: Корейская Народно-Демократическая Республика Корея
 ; [cca2=KP].translations.slk.common
Expected: SevernÃ¡ KÃ³rea
     got: Severná Kórea
 ; [cca2=KP].translations.slk.official
Expected: KÃ³rejskÃ¡ Ä¾udovodemokratickÃ¡ republika
     got: Kórejská ľudovodemokratická republika
 ; [cca2=KP].translations.spa.official
Expected: RepÃºblica Popular DemocrÃ¡tica de Corea
     got: República Popular Democrática de Corea
 ; [cca2=KP].translations.srp.common
Expected: Ð¡ÐµÐ²ÐµÑ€Ð½Ð° ÐšÐ¾Ñ€ÐµÑ˜Ð°
     got: Северна Кореја
 ; [cca2=KP].translations.srp.official
Expected: Ð”ÐµÐ¼Ð¾ÐºÑ€Ð°Ñ‚Ñ�ÐºÐ° Ð�Ð°Ñ€Ð¾Ð´Ð½Ð° Ð ÐµÐ¿ÑƒÐ±Ð»Ð¸ÐºÐ° ÐšÐ¾Ñ€ÐµÑ˜Ð°
     got: Демократска Народна Република Кореја
 ; [cca2=KP].translations.urd.common
Expected: Ø´Ù…Ø§Ù„ÛŒ Ú©ÙˆØ±ÛŒØ§
     got: شمالی کوریا
 ; [cca2=KP].translations.urd.official
Expected: Ø¬Ù…Û�ÙˆØ±ÛŒ Ø¹ÙˆØ§Ù…ÛŒ Ø¬Ù…Û�ÙˆØ±ÛŒÛ� Ú©ÙˆØ±ÛŒØ§
     got: جمہوری عوامی جمہوریہ کوریا
 ; [cca2=KP].translations.zho.common
Expected: æœ�é²œ
     got: 朝鲜
 ; [cca2=KP].translations.zho.official
Expected: æœ�é²œäººæ°‘æ°‘ä¸»å…±å’Œå›½
     got: 朝鲜人民民主共和国
 ; [cca2=KR].altSpellings[]
Expected: ë‚¨í•œ
     but none found
 ; [cca2=KR].altSpellings[]
Expected: ë‚¨ì¡°ì„ 
     but none found
 ; [cca2=KR].altSpellings[]
Unexpected: 남한
 ; [cca2=KR].altSpellings[]
Unexpected: 남조선
 ; [cca2=KR].currencies.KRW.symbol
Expected: â‚©
     got: ₩
 ; [cca2=KR].demonyms.fra.f
Expected: Sud-corÃ©enne
     got: Sud-coréenne
 ; [cca2=KR].demonyms.fra.m
Expected: Sud-corÃ©en
     got: Sud-coréen
 ; [cca2=KR].flag
Expected: ðŸ‡°ðŸ‡·
     got: 🇰🇷
 ; [cca2=KR].name.nativeName.kor.common
Expected: í•œêµ­
     got: 한국
 ; [cca2=KR].name.nativeName.kor.official
Expected: ëŒ€í•œë¯¼êµ­
     got: 대한민국
 ; [cca2=KR].tld[]
Expected: .í•œêµ­
     but none found
 ; [cca2=KR].tld[]
Unexpected: .한국
 ; [cca2=KR].translations.ara.common
Expected: ÙƒÙˆØ±ÙŠØ§ Ø§Ù„Ø¬Ù†ÙˆØ¨ÙŠØ©
     got: كوريا الجنوبية
 ; [cca2=KR].translations.ara.official
Expected: Ø¬Ù…Ù‡ÙˆØ±ÙŠØ© ÙƒÙˆØ±ÙŠØ§
     got: جمهورية كوريا
 ; [cca2=KR].translations.ces.common
Expected: JiÅ¾nÃ­ Korea
     got: Jižní Korea
 ; [cca2=KR].translations.ces.official
Expected: KorejskÃ¡ republika
     got: Korejská republika
 ; [cca2=KR].translations.deu.common
Expected: SÃ¼dkorea
     got: Südkorea
 ; [cca2=KR].translations.est.common
Expected: LÃµuna-Korea
     got: Lõuna-Korea
 ; [cca2=KR].translations.fin.common
Expected: EtelÃ¤-Korea
     got: Etelä-Korea
 ; [cca2=KR].translations.fra.common
Expected: CorÃ©e du Sud
     got: Corée du Sud
 ; [cca2=KR].translations.fra.official
Expected: RÃ©publique de CorÃ©e
     got: République de Corée
 ; [cca2=KR].translations.hrv.common
Expected: JuÅ¾na Koreja
     got: Južna Koreja
 ; [cca2=KR].translations.hun.common
Expected: DÃ©l-Korea
     got: Dél-Korea
 ; [cca2=KR].translations.hun.official
Expected: Koreai KÃ¶ztÃ¡rsasÃ¡g
     got: Koreai Köztársaság
 ; [cca2=KR].translations.jpn.common
Expected: éŸ“å›½
     got: 韓国
 ; [cca2=KR].translations.jpn.official
Expected: å¤§éŸ“æ°‘å›½
     got: 大韓民国
 ; [cca2=KR].translations.kor.common
Expected: í•œêµ­
     got: 한국
 ; [cca2=KR].translations.kor.official
Expected: ëŒ€í•œë¯¼êµ­
     got: 대한민국
 ; [cca2=KR].translations.per.common
Expected: Ú©Ø±Ù‡Ù” Ø¬Ù†ÙˆØ¨ÛŒ
     got: کرهٔ جنوبی
 ; [cca2=KR].translations.per.official
Expected: Ø¬Ù…Ù‡ÙˆØ±ÛŒ Ú©Ø±Ù‡
     got: جمهوری کره
 ; [cca2=KR].translations.pol.common
Expected: Korea PoÅ‚udniowa
     got: Korea Południowa
 ; [cca2=KR].translations.por.official
Expected: RepÃºblica da Coreia
     got: República da Coreia
 ; [cca2=KR].translations.rus.common
Expected: Ð®Ð¶Ð½Ð°Ñ� ÐšÐ¾Ñ€ÐµÑ�
     got: Южная Корея
 ; [cca2=KR].translations.rus.official
Expected: Ð ÐµÑ�Ð¿ÑƒÐ±Ð»Ð¸ÐºÐ° ÐšÐ¾Ñ€ÐµÑ�
     got: Республика Корея
 ; [cca2=KR].translations.slk.common
Expected: JuÅ¾nÃ¡ KÃ³rea
     got: Južná Kórea
 ; [cca2=KR].translations.slk.official
Expected: KÃ³rejskÃ¡ republika
     got: Kórejská republika
 ; [cca2=KR].translations.spa.official
Expected: RepÃºblica de Corea
     got: República de Corea
 ; [cca2=KR].translations.srp.common
Expected: ÐˆÑƒÐ¶Ð½Ð° ÐšÐ¾Ñ€ÐµÑ˜Ð°
     got: Јужна Кореја
 ; [cca2=KR].translations.srp.official
Expected: Ð ÐµÐ¿ÑƒÐ±Ð»Ð¸ÐºÐ° ÐšÐ¾Ñ€ÐµÑ˜Ð°
     got: Република Кореја
 ; [cca2=KR].translations.tur.common
Expected: GÃ¼ney Kore
     got: Güney Kore
 ; [cca2=KR].translations.urd.common
Expected: Ø¬Ù†ÙˆØ¨ÛŒ Ú©ÙˆØ±ÛŒØ§
     got: جنوبی کوریا
 ; [cca2=KR].translations.urd.official
Expected: Ø¬Ù…Û�ÙˆØ±ÛŒÛ� Ú©ÙˆØ±ÛŒØ§ 
     got: جمہوریہ کوریا 
 ; [cca2=KR].translations.zho.common
Expected: éŸ©å›½
     got: 韩国
 ; [cca2=KR].translations.zho.official
Expected: å¤§éŸ©æ°‘å›½
     got: 大韩民国
 ; [cca2=KW].currencies.KWD.symbol
Expected: Ø¯.Ùƒ
     got: د.ك
 ; [cca2=KW].demonyms.fra.f
Expected: KoweÃ¯tienne
     got: Koweïtienne
 ; [cca2=KW].demonyms.fra.m
Expected: KoweÃ¯tien
     got: Koweïtien
 ; [cca2=KW].flag
Expected: ðŸ‡°ðŸ‡¼
     got: 🇰🇼
 ; [cca2=KW].name.nativeName.ara.common
Expected: Ø§Ù„ÙƒÙˆÙŠØª
     got: الكويت
 ; [cca2=KW].name.nativeName.ara.official
Expected: Ø¯ÙˆÙ„Ø© Ø§Ù„ÙƒÙˆÙŠØª
     got: دولة الكويت
 ; [cca2=KW].translations.ara.common
Expected: Ø§Ù„ÙƒÙˆÙŠØª
     got: الكويت
 ; [cca2=KW].translations.ara.official
Expected: Ø¯ÙˆÙ„Ø© Ø§Ù„ÙƒÙˆÙŠØª
     got: دولة الكويت
 ; [cca2=KW].translations.ces.official
Expected: StÃ¡t Kuvajt
     got: Stát Kuvajt
 ; [cca2=KW].translations.fra.common
Expected: KoweÃ¯t
     got: Koweït
 ; [cca2=KW].translations.fra.official
Expected: Ã‰tat du KoweÃ¯t
     got: État du Koweït
 ; [cca2=KW].translations.hrv.official
Expected: DrÅ¾ava Kuvajt
     got: Država Kuvajt
 ; [cca2=KW].translations.hun.official
Expected: Kuvaiti Ã�llam
     got: Kuvaiti Állam
 ; [cca2=KW].translations.jpn.common
Expected: ã‚¯ã‚¦ã‚§ãƒ¼ãƒˆ
     got: クウェート
 ; [cca2=KW].translations.jpn.official
Expected: ã‚¯ã‚¦ã‚§ãƒ¼ãƒˆå›½
     got: クウェート国
 ; [cca2=KW].translations.kor.common
Expected: ì¿ ì›¨ì�´íŠ¸
     got: 쿠웨이트
 ; [cca2=KW].translations.kor.official
Expected: ì¿ ì›¨ì�´íŠ¸êµ­
     got: 쿠웨이트국
 ; [cca2=KW].translations.per.common
Expected: Ú©Ù�ÙˆÛŒØª
     got: کُویت
 ; [cca2=KW].translations.per.official
Expected: Ø¯ÙˆÙ„Øª Ú©ÙˆÛŒØª
     got: دولت کویت
 ; [cca2=KW].translations.pol.official
Expected: PaÅ„stwo Kuwejt
     got: Państwo Kuwejt
 ; [cca2=KW].translations.rus.common
Expected: ÐšÑƒÐ²ÐµÐ¹Ñ‚
     got: Кувейт
 ; [cca2=KW].translations.rus.official
Expected: Ð“Ð¾Ñ�ÑƒÐ´Ð°Ñ€Ñ�Ñ‚Ð²Ð¾ ÐšÑƒÐ²ÐµÐ¹Ñ‚
     got: Государство Кувейт
 ; [cca2=KW].translations.slk.official
Expected: KuvajtskÃ½ Å¡tÃ¡t
     got: Kuvajtský štát
 ; [cca2=KW].translations.srp.common
Expected: ÐšÑƒÐ²Ð°Ñ˜Ñ‚
     got: Кувајт
 ; [cca2=KW].translations.srp.official
Expected: Ð”Ñ€Ð¶Ð°Ð²Ð° ÐšÑƒÐ²Ð°Ñ˜Ñ‚
     got: Држава Кувајт
 ; [cca2=KW].translations.urd.common
Expected: Ú©ÙˆÛŒØª
     got: کویت
 ; [cca2=KW].translations.urd.official
Expected: Ø¯ÙˆÙ„ØªÙ� Ú©ÙˆÛŒØª
     got: دولتِ کویت
 ; [cca2=KW].translations.zho.common
Expected: ç§‘å¨�ç‰¹
     got: 科威特
 ; [cca2=KW].translations.zho.official
Expected: ç§‘å¨�ç‰¹å›½
     got: 科威特国
 ; [cca2=KY].demonyms.fra.f
Expected: CaÃ¯manienne
     got: Caïmanienne
 ; [cca2=KY].demonyms.fra.m
Expected: CaÃ¯manien
     got: Caïmanien
 ; [cca2=KY].flag
Expected: ðŸ‡°ðŸ‡¾
     got: 🇰🇾
 ; [cca2=KY].translations.ara.common
Expected: Ø¬Ø²Ø± ÙƒØ§ÙŠÙ…Ø§Ù†
     got: جزر كايمان
 ; [cca2=KY].translations.ara.official
Expected: Ø¬Ø²Ø± ÙƒØ§ÙŠÙ…Ø§Ù†
     got: جزر كايمان
 ; [cca2=KY].translations.ces.common
Expected: KajmanskÃ© ostrovy
     got: Kajmanské ostrovy
 ; [cca2=KY].translations.ces.official
Expected: KajmanskÃ© ostrovy
     got: Kajmanské ostrovy
 ; [cca2=KY].translations.fra.common
Expected: ÃŽles CaÃ¯mans
     got: Îles Caïmans
 ; [cca2=KY].translations.fra.official
Expected: ÃŽles CaÃ¯mans
     got: Îles Caïmans
 ; [cca2=KY].translations.hun.common
Expected: KajmÃ¡n-szigetek
     got: Kajmán-szigetek
 ; [cca2=KY].translations.hun.official
Expected: KajmÃ¡n-szigetek
     got: Kajmán-szigetek
 ; [cca2=KY].translations.jpn.common
Expected: ã‚±ã‚¤ãƒžãƒ³è«¸å³¶
     got: ケイマン諸島
 ; [cca2=KY].translations.jpn.official
Expected: ã‚±ã‚¤ãƒžãƒ³è«¸å³¶
     got: ケイマン諸島
 ; [cca2=KY].translations.kor.common
Expected: ì¼€ì�´ë§¨ ì œë�„
     got: 케이맨 제도
 ; [cca2=KY].translations.kor.official
Expected: ì¼€ì�´ë§¨ ì œë�„
     got: 케이맨 제도
 ; [cca2=KY].translations.per.common
Expected: Ø¬Ø²Ø§ÛŒØ± Ú©ÛŒÙ…Ù†
     got: جزایر کیمن
 ; [cca2=KY].translations.per.official
Expected: Ø¬Ø²Ø§ÛŒØ± Ú©ÛŒÙ…Ù†
     got: جزایر کیمن
 ; [cca2=KY].translations.por.common
Expected: Ilhas CaimÃ£o
     got: Ilhas Caimão
 ; [cca2=KY].translations.rus.common
Expected: ÐšÐ°Ð¹Ð¼Ð°Ð½Ð¾Ð²Ñ‹ Ð¾Ñ�Ñ‚Ñ€Ð¾Ð²Ð°
     got: Каймановы острова
 ; [cca2=KY].translations.rus.official
Expected: ÐšÐ°Ð¹Ð¼Ð°Ð½Ð¾Ð²Ñ‹ Ð¾Ñ�Ñ‚Ñ€Ð¾Ð²Ð°
     got: Каймановы острова
 ; [cca2=KY].translations.spa.common
Expected: Islas CaimÃ¡n
     got: Islas Caimán
 ; [cca2=KY].translations.spa.official
Expected: Islas CaimÃ¡n
     got: Islas Caimán
 ; [cca2=KY].translations.srp.common
Expected: ÐšÐ°Ñ˜Ð¼Ð°Ð½Ñ�ÐºÐ° ÐžÑ�Ñ‚Ñ€Ð²Ð°
     got: Кајманска Острва
 ; [cca2=KY].translations.srp.official
Expected: ÐšÐ°Ñ˜Ð¼Ð°Ð½Ñ�ÐºÐ° ÐžÑ�Ñ‚Ñ€Ð²Ð°
     got: Кајманска Острва
 ; [cca2=KY].translations.swe.common
Expected: CaymanÃ¶arna
     got: Caymanöarna
 ; [cca2=KY].translations.swe.official
Expected: CaymanÃ¶arna
     got: Caymanöarna
 ; [cca2=KY].translations.tur.common
Expected: Cayman AdalarÄ±
     got: Cayman Adaları
 ; [cca2=KY].translations.tur.official
Expected: Cayman AdalarÄ±
     got: Cayman Adaları
 ; [cca2=KY].translations.urd.common
Expected: Ø¬Ø²Ø§Ø¦Ø± Ú©ÛŒÙ…ÛŒÙ†
     got: جزائر کیمین
 ; [cca2=KY].translations.urd.official
Expected: Ø¬Ø²Ø§Ø¦Ø± Ú©ÛŒÙ…ÛŒÙ†
     got: جزائر کیمین
 ; [cca2=KY].translations.zho.common
Expected: å¼€æ›¼ç¾¤å²›
     got: 开曼群岛
 ; [cca2=KY].translations.zho.official
Expected: å¼€æ›¼ç¾¤å²›
     got: 开曼群岛
 ; [cca2=KZ].altSpellings[]
Expected: ÒšÐ°Ð·Ð°Ò›Ñ�Ñ‚Ð°Ð½ Ð ÐµÑ�Ð¿ÑƒÐ±Ð»Ð¸ÐºÐ°Ñ�Ñ‹
     but none found
 ; [cca2=KZ].altSpellings[]
Expected: Ð ÐµÑ�Ð¿ÑƒÐ±Ð»Ð¸ÐºÐ° ÐšÐ°Ð·Ð°Ñ…Ñ�Ñ‚Ð°Ð½
     but none found
 ; [cca2=KZ].altSpellings[]
Expected: Qazaqstan RespublÃ¯kasÄ±
     but none found
 ; [cca2=KZ].altSpellings[]
Expected: ÐšÐ°Ð·Ð°Ñ…Ñ�Ñ‚Ð°Ð½
     but none found
 ; [cca2=KZ].altSpellings[]
Unexpected: Казахстан
 ; [cca2=KZ].altSpellings[]
Unexpected: Республика Казахстан
 ; [cca2=KZ].altSpellings[]
Unexpected: Қазақстан Республикасы
 ; [cca2=KZ].altSpellings[]
Unexpected: Qazaqstan Respublïkası
 ; [cca2=KZ].currencies.KZT.symbol
Expected: â‚¸
     got: ₸
 ; [cca2=KZ].flag
Expected: ðŸ‡°ðŸ‡¿
     got: 🇰🇿
 ; [cca2=KZ].flags.alt
Expected: The flag of Kazakhstan has a turquoise field, at the center of which is a gold sun with thirty-two rays above a soaring golden steppe eagle. A thin vertical band displays a national ornamental pattern â€” koshkar-muiz â€” in gold near the hoist end.
     got: The flag of Kazakhstan has a turquoise field, at the center of which is a gold sun with thirty-two rays above a soaring golden steppe eagle. A thin vertical band displays a national ornamental pattern — koshkar-muiz — in gold near the hoist end.
 ; [cca2=KZ].name.nativeName.kaz.common
Expected: ÒšÐ°Ð·Ð°Ò›Ñ�Ñ‚Ð°Ð½
     got: Қазақстан
 ; [cca2=KZ].name.nativeName.kaz.official
Expected: ÒšÐ°Ð·Ð°Ò›Ñ�Ñ‚Ð°Ð½ Ð ÐµÑ�Ð¿ÑƒÐ±Ð»Ð¸ÐºÐ°Ñ�Ñ‹
     got: Қазақстан Республикасы
 ; [cca2=KZ].name.nativeName.rus.common
Expected: ÐšÐ°Ð·Ð°Ñ…Ñ�Ñ‚Ð°Ð½
     got: Казахстан
 ; [cca2=KZ].name.nativeName.rus.official
Expected: Ð ÐµÑ�Ð¿ÑƒÐ±Ð»Ð¸ÐºÐ° ÐšÐ°Ð·Ð°Ñ…Ñ�Ñ‚Ð°Ð½
     got: Республика Казахстан
 ; [cca2=KZ].tld[]
Expected: .Ò›Ð°Ð·
     but none found
 ; [cca2=KZ].tld[]
Unexpected: .қаз
 ; [cca2=KZ].translations.ara.common
Expected: ÙƒØ§Ø²Ø§Ø®Ø³ØªØ§Ù†
     got: كازاخستان
 ; [cca2=KZ].translations.ara.official
Expected: Ø¬Ù…Ù‡ÙˆØ±ÙŠØ© ÙƒØ§Ø²Ø§Ø®Ø³ØªØ§Ù†
     got: جمهورية كازاخستان
 ; [cca2=KZ].translations.ces.common
Expected: KazachstÃ¡n
     got: Kazachstán
 ; [cca2=KZ].translations.ces.official
Expected: Republika KazachstÃ¡n
     got: Republika Kazachstán
 ; [cca2=KZ].translations.fra.official
Expected: RÃ©publique du Kazakhstan
     got: République du Kazakhstan
 ; [cca2=KZ].translations.hun.common
Expected: KazahsztÃ¡n
     got: Kazahsztán
 ; [cca2=KZ].translations.hun.official
Expected: Kazah KÃ¶ztÃ¡rsasÃ¡g
     got: Kazah Köztársaság
 ; [cca2=KZ].translations.jpn.common
Expected: ã‚«ã‚¶ãƒ•ã‚¹ã‚¿ãƒ³
     got: カザフスタン
 ; [cca2=KZ].translations.jpn.official
Expected: ã‚«ã‚¶ãƒ•ã‚¹ã‚¿ãƒ³å…±å’Œå›½
     got: カザフスタン共和国
 ; [cca2=KZ].translations.kor.common
Expected: ì¹´ìž�í��ìŠ¤íƒ„
     got: 카자흐스탄
 ; [cca2=KZ].translations.kor.official
Expected: ì¹´ìž�í��ìŠ¤íƒ„ ê³µí™”êµ­
     got: 카자흐스탄 공화국
 ; [cca2=KZ].translations.per.common
Expected: Ù‚Ø²Ø§Ù‚Ø³ØªØ§Ù†
     got: قزاقستان
 ; [cca2=KZ].translations.per.official
Expected: Ø¬Ù…Ù‡ÙˆØ±ÛŒ Ù‚Ø²Ø§Ù‚Ø³ØªØ§Ù†
     got: جمهوری قزاقستان
 ; [cca2=KZ].translations.por.common
Expected: CazaquistÃ£o
     got: Cazaquistão
 ; [cca2=KZ].translations.por.official
Expected: RepÃºblica do CazaquistÃ£o
     got: República do Cazaquistão
 ; [cca2=KZ].translations.rus.common
Expected: ÐšÐ°Ð·Ð°Ñ…Ñ�Ñ‚Ð°Ð½
     got: Казахстан
 ; [cca2=KZ].translations.rus.official
Expected: Ð ÐµÑ�Ð¿ÑƒÐ±Ð»Ð¸ÐºÐ° ÐšÐ°Ð·Ð°Ñ…Ñ�Ñ‚Ð°Ð½
     got: Республика Казахстан
 ; [cca2=KZ].translations.slk.official
Expected: KazaÅ¡skÃ¡ republika
     got: Kazašská republika
 ; [cca2=KZ].translations.spa.common
Expected: KazajistÃ¡n
     got: Kazajistán
 ; [cca2=KZ].translations.spa.official
Expected: RepÃºblica de KazajstÃ¡n
     got: República de Kazajstán
 ; [cca2=KZ].translations.srp.common
Expected: ÐšÐ°Ð·Ð°Ñ…Ñ�Ñ‚Ð°Ð½
     got: Казахстан
 ; [cca2=KZ].translations.srp.official
Expected: Ð ÐµÐ¿ÑƒÐ±Ð»Ð¸ÐºÐ° ÐšÐ°Ð·Ð°Ñ…Ñ�Ñ‚Ð°Ð½
     got: Република Казахстан
 ; [cca2=KZ].translations.urd.common
Expected: Ù‚Ø§Ø²Ù‚Ø³ØªØ§Ù†
     got: قازقستان
 ; [cca2=KZ].translations.urd.official
Expected: Ø¬Ù…Û�ÙˆØ±ÛŒÛ� Ù‚Ø§Ø²Ù‚Ø³ØªØ§Ù†
     got: جمہوریہ قازقستان
 ; [cca2=KZ].translations.zho.common
Expected: å“ˆè�¨å…‹æ–¯å�¦
     got: 哈萨克斯坦
 ; [cca2=KZ].translations.zho.official
Expected: å“ˆè�¨å…‹æ–¯å�¦å…±å’Œå›½
     got: 哈萨克斯坦共和国
 ; [cca2=LA].currencies.LAK.symbol
Expected: â‚­
     got: ₭
 ; [cca2=LA].flag
Expected: ðŸ‡±ðŸ‡¦
     got: 🇱🇦
 ; [cca2=LA].name.nativeName.lao.common
Expected: àºªàº›àº›àº¥àº²àº§
     got: ສປປລາວ
 ; [cca2=LA].name.nativeName.lao.official
Expected: àºªàº²àº—àº²àº¥àº°àº™àº° àºŠàº²àº—àº´àº›àº°à»„àº• àº„àº»àº™àº¥àº²àº§ àº‚àº­àº‡
     got: ສາທາລະນະ ຊາທິປະໄຕ ຄົນລາວ ຂອງ
 ; [cca2=LA].translations.ara.common
Expected: Ù„Ø§ÙˆØ³
     got: لاوس
 ; [cca2=LA].translations.ara.official
Expected: Ø¬Ù…Ù‡ÙˆØ±ÙŠØ© Ù„Ø§ÙˆØ³ Ø§Ù„Ø¯ÙŠÙ…Ù‚Ø±Ø§Ø·ÙŠØ© Ø§Ù„Ø´Ø¹Ø¨ÙŠØ©
     got: جمهورية لاوس الديمقراطية الشعبية
 ; [cca2=LA].translations.ces.official
Expected: LaoskÃ¡ lidovÄ› demokratickÃ¡ republika
     got: Laoská lidově demokratická republika
 ; [cca2=LA].translations.fra.official
Expected: RÃ©publique dÃ©mocratique populaire lao
     got: République démocratique populaire lao
 ; [cca2=LA].translations.hun.official
Expected: Laoszi NÃ©pi Demokratikus KÃ¶ztÃ¡rsasÃ¡g
     got: Laoszi Népi Demokratikus Köztársaság
 ; [cca2=LA].translations.jpn.common
Expected: ãƒ©ã‚ªã‚¹äººæ°‘æ°‘ä¸»å…±å’Œå›½
     got: ラオス人民民主共和国
 ; [cca2=LA].translations.jpn.official
Expected: ãƒ©ã‚ªã‚¹äººæ°‘æ°‘ä¸»å…±å’Œå›½
     got: ラオス人民民主共和国
 ; [cca2=LA].translations.kor.common
Expected: ë�¼ì˜¤ìŠ¤
     got: 라오스
 ; [cca2=LA].translations.kor.official
Expected: ë�¼ì˜¤ ì�¸ë¯¼ ë¯¼ì£¼ ê³µí™”êµ­
     got: 라오 인민 민주 공화국
 ; [cca2=LA].translations.per.common
Expected: Ù„Ø§Ø¦ÙˆØ³
     got: لائوس
 ; [cca2=LA].translations.per.official
Expected: Ø¬Ù…Ù‡ÙˆØ±ÛŒ Ø¯Ù…ÙˆÚ©Ø±Ø§ØªÛŒÚ© Ø®Ù„Ù‚ Ù„Ø§Ø¦ÙˆØ³
     got: جمهوری دموکراتیک خلق لائوس
 ; [cca2=LA].translations.pol.official
Expected: LaotaÅ„ska Republika Ludowo-Demokratyczna
     got: Laotańska Republika Ludowo-Demokratyczna
 ; [cca2=LA].translations.por.official
Expected: Laos, RepÃºblica DemocrÃ¡tica
     got: Laos, República Democrática
 ; [cca2=LA].translations.rus.common
Expected: Ð›Ð°Ð¾Ñ�
     got: Лаос
 ; [cca2=LA].translations.rus.official
Expected: Ð›Ð°Ð¾Ñ�Ñ�ÐºÐ°Ñ� Ð�Ð°Ñ€Ð¾Ð´Ð½Ð¾-Ð”ÐµÐ¼Ð¾ÐºÑ€Ð°Ñ‚Ð¸Ñ‡ÐµÑ�ÐºÐ°Ñ� Ð ÐµÑ�Ð¿ÑƒÐ±Ð»Ð¸ÐºÐ°
     got: Лаосская Народно-Демократическая Республика
 ; [cca2=LA].translations.slk.official
Expected: LaoskÃ¡ Ä¾udovodemokratickÃ¡ republika
     got: Laoská ľudovodemokratická republika
 ; [cca2=LA].translations.spa.official
Expected: RepÃºblica DemocrÃ¡tica Popular Lao
     got: República Democrática Popular Lao
 ; [cca2=LA].translations.srp.common
Expected: Ð›Ð°Ð¾Ñ�
     got: Лаос
 ; [cca2=LA].translations.srp.official
Expected: Ð›Ð°Ð¾ÑˆÐºÐ° Ð�Ð°Ñ€Ð¾Ð´Ð½Ð° Ð”ÐµÐ¼Ð¾ÐºÑ€Ð°Ñ‚Ñ�ÐºÐ° Ð ÐµÐ¿ÑƒÐ±Ð»Ð¸ÐºÐ°
     got: Лаошка Народна Демократска Република
 ; [cca2=LA].translations.urd.common
Expected: Ù„Ø§Ø¤Ø³
     got: لاؤس
 ; [cca2=LA].translations.urd.official
Expected: Ø¹ÙˆØ§Ù…ÛŒ Ø¬Ù…Û�ÙˆØ±ÛŒ Ø¬Ù…Û�ÙˆØ±ÛŒÛ� Ù„Ø§Ø¤
     got: عوامی جمہوری جمہوریہ لاؤ
 ; [cca2=LA].translations.zho.common
Expected: è€�æŒ�
     got: 老挝
 ; [cca2=LA].translations.zho.official
Expected: è€�æŒ�äººæ°‘æ°‘ä¸»å…±å’Œå›½
     got: 老挝人民民主共和国
 ; [cca2=LB].altSpellings[]
Expected: Al-JumhÅ«rÄ«yah Al-LibnÄ�nÄ«yah
     but none found
 ; [cca2=LB].altSpellings[]
Unexpected: Al-Jumhūrīyah Al-Libnānīyah
 ; [cca2=LB].currencies.LBP.symbol
Expected: Ù„.Ù„
     got: ل.ل
 ; [cca2=LB].flag
Expected: ðŸ‡±ðŸ‡§
     got: 🇱🇧
 ; [cca2=LB].name.nativeName.ara.common
Expected: Ù„Ø¨Ù†Ø§Ù†
     got: لبنان
 ; [cca2=LB].name.nativeName.ara.official
Expected: Ø§Ù„Ø¬Ù…Ù‡ÙˆØ±ÙŠØ© Ø§Ù„Ù„Ø¨Ù†Ø§Ù†ÙŠØ©
     got: الجمهورية اللبنانية
 ; [cca2=LB].name.nativeName.fra.official
Expected: RÃ©publique libanaise
     got: République libanaise
 ; [cca2=LB].translations.ara.common
Expected: Ù„Ø¨Ù†Ø§Ù†
     got: لبنان
 ; [cca2=LB].translations.ara.official
Expected: Ø§Ù„Ø¬Ù…Ù‡ÙˆØ±ÙŠØ© Ø§Ù„Ù„Ø¨Ù†Ø§Ù†ÙŠØ©
     got: الجمهورية اللبنانية
 ; [cca2=LB].translations.ces.official
Expected: LibanonskÃ¡ republika
     got: Libanonská republika
 ; [cca2=LB].translations.fra.official
Expected: RÃ©publique libanaise
     got: République libanaise
 ; [cca2=LB].translations.hun.official
Expected: Libanoni KÃ¶ztÃ¡rsasÃ¡g
     got: Libanoni Köztársaság
 ; [cca2=LB].translations.jpn.common
Expected: ãƒ¬ãƒ�ãƒŽãƒ³
     got: レバノン
 ; [cca2=LB].translations.jpn.official
Expected: ãƒ¬ãƒ�ãƒŽãƒ³å…±å’Œå›½
     got: レバノン共和国
 ; [cca2=LB].translations.kor.common
Expected: ë ˆë°”ë…¼
     got: 레바논
 ; [cca2=LB].translations.kor.official
Expected: ë ˆë°”ë…¼ ê³µí™”êµ­
     got: 레바논 공화국
 ; [cca2=LB].translations.per.common
Expected: Ù„Ø¨Ù†Ø§Ù†
     got: لبنان
 ; [cca2=LB].translations.per.official
Expected: Ø¬Ù…Ù‡ÙˆØ±ÛŒ Ù„Ø¨Ù†Ø§Ù†
     got: جمهوری لبنان
 ; [cca2=LB].translations.pol.official
Expected: Republika LibaÅ„ska
     got: Republika Libańska
 ; [cca2=LB].translations.por.common
Expected: LÃ­bano
     got: Líbano
 ; [cca2=LB].translations.por.official
Expected: RepÃºblica Libanesa
     got: República Libanesa
 ; [cca2=LB].translations.rus.common
Expected: Ð›Ð¸Ð²Ð°Ð½
     got: Ливан
 ; [cca2=LB].translations.rus.official
Expected: Ð›Ð¸Ð²Ð°Ð½Ñ�ÐºÐ°Ñ� Ð ÐµÑ�Ð¿ÑƒÐ±Ð»Ð¸ÐºÐ°
     got: Ливанская Республика
 ; [cca2=LB].translations.slk.official
Expected: LibanonskÃ¡ republika
     got: Libanonská republika
 ; [cca2=LB].translations.spa.common
Expected: LÃ­bano
     got: Líbano
 ; [cca2=LB].translations.spa.official
Expected: RepÃºblica Libanesa
     got: República Libanesa
 ; [cca2=LB].translations.srp.common
Expected: Ð›Ð¸Ð±Ð°Ð½
     got: Либан
 ; [cca2=LB].translations.srp.official
Expected: Ð›Ð¸Ð±Ð°Ð½Ñ�ÐºÐ° Ð ÐµÐ¿ÑƒÐ±Ð»Ð¸ÐºÐ°
     got: Либанска Република
 ; [cca2=LB].translations.tur.common
Expected: LÃ¼bnan
     got: Lübnan
 ; [cca2=LB].translations.tur.official
Expected: LÃ¼bnan Cumhuriyeti
     got: Lübnan Cumhuriyeti
 ; [cca2=LB].translations.urd.common
Expected: Ù„Ø¨Ù†Ø§Ù†
     got: لبنان
 ; [cca2=LB].translations.urd.official
Expected: Ø¬Ù…Û�ÙˆØ±ÛŒÛ� Ù„Ø¨Ù†Ø§Ù†
     got: جمہوریہ لبنان
 ; [cca2=LB].translations.zho.common
Expected: é»Žå·´å«©
     got: 黎巴嫩
 ; [cca2=LB].translations.zho.official
Expected: é»Žå·´å«©å…±å’Œå›½
     got: 黎巴嫩共和国
 ; [cca2=LC].flag
Expected: ðŸ‡±ðŸ‡¨
     got: 🇱🇨
 ; [cca2=LC].flags.alt
Expected: The flag of Saint Lucia has a light blue field, at the center of which are two triangles which share a common base â€” a small golden-yellow isosceles triangle superimposed on a large white-edged black isosceles triangle.
     got: The flag of Saint Lucia has a light blue field, at the center of which are two triangles which share a common base — a small golden-yellow isosceles triangle superimposed on a large white-edged black isosceles triangle.
 ; [cca2=LC].translations.ara.common
Expected: Ø³Ø§Ù†Øª Ù„ÙˆØ³ÙŠØ§
     got: سانت لوسيا
 ; [cca2=LC].translations.ara.official
Expected: Ø³Ø§Ù†Øª Ù„ÙˆØ³ÙŠØ§
     got: سانت لوسيا
 ; [cca2=LC].translations.ces.common
Expected: SvatÃ¡ Lucie
     got: Svatá Lucie
 ; [cca2=LC].translations.ces.official
Expected: SvatÃ¡ Lucie
     got: Svatá Lucie
 ; [cca2=LC].translations.jpn.common
Expected: ã‚»ãƒ³ãƒˆãƒ«ã‚·ã‚¢
     got: セントルシア
 ; [cca2=LC].translations.jpn.official
Expected: ã‚»ãƒ³ãƒˆãƒ«ã‚·ã‚¢
     got: セントルシア
 ; [cca2=LC].translations.kor.common
Expected: ì„¸ì�¸íŠ¸ë£¨ì‹œì•„
     got: 세인트루시아
 ; [cca2=LC].translations.kor.official
Expected: ì„¸ì�¸íŠ¸ë£¨ì‹œì•„
     got: 세인트루시아
 ; [cca2=LC].translations.per.common
Expected: Ø³Ù†Øª Ù„ÙˆØ³ÛŒØ§
     got: سنت لوسیا
 ; [cca2=LC].translations.per.official
Expected: Ø³Ù†Øª Ù„ÙˆØ³ÛŒØ§
     got: سنت لوسیا
 ; [cca2=LC].translations.por.common
Expected: Santa LÃºcia
     got: Santa Lúcia
 ; [cca2=LC].translations.por.official
Expected: Santa LÃºcia
     got: Santa Lúcia
 ; [cca2=LC].translations.rus.common
Expected: Ð¡ÐµÐ½Ñ‚-Ð›ÑŽÑ�Ð¸Ñ�
     got: Сент-Люсия
 ; [cca2=LC].translations.rus.official
Expected: Ð¡ÐµÐ½Ñ‚-Ð›ÑŽÑ�Ð¸Ñ�
     got: Сент-Люсия
 ; [cca2=LC].translations.slk.common
Expected: SvÃ¤tÃ¡ Lucia
     got: Svätá Lucia
 ; [cca2=LC].translations.slk.official
Expected: SvÃ¤tÃ¡ Lucia
     got: Svätá Lucia
 ; [cca2=LC].translations.spa.common
Expected: Santa LucÃ­a
     got: Santa Lucía
 ; [cca2=LC].translations.spa.official
Expected: Santa LucÃ­a
     got: Santa Lucía
 ; [cca2=LC].translations.srp.common
Expected: Ð¡Ð²ÐµÑ‚Ð° Ð›ÑƒÑ†Ð¸Ñ˜Ð°
     got: Света Луција
 ; [cca2=LC].translations.srp.official
Expected: Ð¡Ð²ÐµÑ‚Ð° Ð›ÑƒÑ†Ð¸Ñ˜Ð°
     got: Света Луција
 ; [cca2=LC].translations.urd.common
Expected: Ø³ÛŒÙ†Ù¹ Ù„ÙˆØ³ÛŒØ§
     got: سینٹ لوسیا
 ; [cca2=LC].translations.urd.official
Expected: Ø³ÛŒÙ†Ù¹ Ù„ÙˆØ³ÛŒØ§
     got: سینٹ لوسیا
 ; [cca2=LC].translations.zho.common
Expected: åœ£å�¢è¥¿äºš
     got: 圣卢西亚
 ; [cca2=LC].translations.zho.official
Expected: åœ£å�¢è¥¿äºš
     got: 圣卢西亚
 ; [cca2=LI].altSpellings[]
Expected: FÃ¼rstentum Liechtenstein
     but none found
 ; [cca2=LI].altSpellings[]
Unexpected: Fürstentum Liechtenstein
 ; [cca2=LI].flag
Expected: ðŸ‡±ðŸ‡®
     got: 🇱🇮
 ; [cca2=LI].name.nativeName.deu.official
Expected: FÃ¼rstentum Liechtenstein
     got: Fürstentum Liechtenstein
 ; [cca2=LI].translations.ara.common
Expected: Ù„ÙŠØ®ØªÙ†Ø´ØªØ§ÙŠÙ†
     got: ليختنشتاين
 ; [cca2=LI].translations.ara.official
Expected: Ø¥Ù…Ø§Ø±Ø© Ù„ÙŠØ®ØªÙ†Ø´ØªØ§ÙŠÙ†
     got: إمارة ليختنشتاين
 ; [cca2=LI].translations.bre.official
Expected: PriÃ±selezh Liechtenstein
     got: Priñselezh Liechtenstein
 ; [cca2=LI].translations.ces.common
Expected: LichtenÅ¡tejnsko
     got: Lichtenštejnsko
 ; [cca2=LI].translations.ces.official
Expected: KnÃ­Å¾ectvÃ­ LichtenÅ¡tejnskÃ©
     got: Knížectví Lichtenštejnské
 ; [cca2=LI].translations.deu.official
Expected: FÃ¼rstentum Liechtenstein
     got: Fürstentum Liechtenstein
 ; [cca2=LI].translations.est.official
Expected: Liechtensteini VÃ¼rstiriik
     got: Liechtensteini Vürstiriik
 ; [cca2=LI].translations.fra.official
Expected: PrincipautÃ© du Liechtenstein
     got: Principauté du Liechtenstein
 ; [cca2=LI].translations.hrv.common
Expected: LihtenÅ¡tajn
     got: Lihtenštajn
 ; [cca2=LI].translations.hrv.official
Expected: KneÅ¾evina LihtenÅ¡tajn
     got: Kneževina Lihtenštajn
 ; [cca2=LI].translations.hun.official
Expected: Liechtensteini HercegsÃ©g
     got: Liechtensteini Hercegség
 ; [cca2=LI].translations.jpn.common
Expected: ãƒªãƒ’ãƒ†ãƒ³ã‚·ãƒ¥ã‚¿ã‚¤ãƒ³
     got: リヒテンシュタイン
 ; [cca2=LI].translations.jpn.official
Expected: ãƒªãƒ’ãƒ†ãƒ³ã‚·ãƒ¥ã‚¿ã‚¤ãƒ³å…¬å›½
     got: リヒテンシュタイン公国
 ; [cca2=LI].translations.kor.common
Expected: ë¦¬ížˆí…�ìŠˆíƒ€ì�¸
     got: 리히텐슈타인
 ; [cca2=LI].translations.kor.official
Expected: ë¦¬ížˆí…�ìŠˆíƒ€ì�¸ ê³µêµ­
     got: 리히텐슈타인 공국
 ; [cca2=LI].translations.per.common
Expected: Ù„ÛŒØ®ØªÙ†â€ŒØ§Ø´ØªØ§ÛŒÙ†
     got: لیختن‌اشتاین
 ; [cca2=LI].translations.per.official
Expected: Ø´Ø§Ù‡Ø²Ø§Ø¯Ù‡â€ŒÙ†Ø´ÛŒÙ† Ù„ÛŒØ®ØªÙ†â€ŒØ§Ø´ØªØ§ÛŒÙ†
     got: شاهزاده‌نشین لیختن‌اشتاین
 ; [cca2=LI].translations.pol.official
Expected: KsiÄ™stwo Liechtensteinu
     got: Księstwo Liechtensteinu
 ; [cca2=LI].translations.rus.common
Expected: Ð›Ð¸Ñ…Ñ‚ÐµÐ½ÑˆÑ‚ÐµÐ¹Ð½
     got: Лихтенштейн
 ; [cca2=LI].translations.rus.official
Expected: ÐšÐ½Ñ�Ð¶ÐµÑ�Ñ‚Ð²Ð¾ Ð›Ð¸Ñ…Ñ‚ÐµÐ½ÑˆÑ‚ÐµÐ¹Ð½
     got: Княжество Лихтенштейн
 ; [cca2=LI].translations.slk.common
Expected: LichtenÅ¡tajnsko
     got: Lichtenštajnsko
 ; [cca2=LI].translations.slk.official
Expected: LichtenÅ¡tajnskÃ© knieÅ¾atstvo
     got: Lichtenštajnské kniežatstvo
 ; [cca2=LI].translations.srp.common
Expected: Ð›Ð¸Ñ…Ñ‚ÐµÐ½ÑˆÑ‚Ð°Ñ˜Ð½
     got: Лихтенштајн
 ; [cca2=LI].translations.srp.official
Expected: ÐšÐ½ÐµÐ¶ÐµÐ²Ð¸Ð½Ð° Ð›Ð¸Ñ…Ñ‚ÐµÐ½ÑˆÑ‚Ð°Ñ˜Ð½
     got: Кнежевина Лихтенштајн
 ; [cca2=LI].translations.swe.official
Expected: FurstendÃ¶met Liechtenstein
     got: Furstendömet Liechtenstein
 ; [cca2=LI].translations.tur.common
Expected: LihtenÅŸtayn
     got: Lihtenştayn
 ; [cca2=LI].translations.tur.official
Expected: LihtenÅŸtayn PrensliÄŸi
     got: Lihtenştayn Prensliği
 ; [cca2=LI].translations.urd.common
Expected: Ù„ÛŒØ®ØªÛŒÙ†Ø³ØªØ§Ø¦Ù†
     got: لیختینستائن
 ; [cca2=LI].translations.urd.official
Expected: Ø§Ù…Ø§Ø±Ø§Øª Ù„ÛŒØ®ØªÛŒÙ†Ø³ØªØ§Ø¦Ù†
     got: امارات لیختینستائن
 ; [cca2=LI].translations.zho.common
Expected: åˆ—æ”¯æ•¦å£«ç™»
     got: 列支敦士登
 ; [cca2=LI].translations.zho.official
Expected: åˆ—æ”¯æ•¦å£«ç™»å…¬å›½
     got: 列支敦士登公国
 ; [cca2=LK].altSpellings[]
Expected: ilaá¹…kai
     but none found
 ; [cca2=LK].altSpellings[]
Unexpected: ilaṅkai
 ; [cca2=LK].currencies.LKR.symbol
Expected: Rs  à¶»à·”
     got: Rs  රු
 ; [cca2=LK].flag
Expected: ðŸ‡±ðŸ‡°
     got: 🇱🇰
 ; [cca2=LK].name.nativeName.sin.common
Expected: à·�à·Šâ€�à¶»à·“ à¶½à¶‚à¶šà·�à·€
     got: ශ්‍රී ලංකාව
 ; [cca2=LK].name.nativeName.sin.official
Expected: à·�à·Šâ€�à¶»à·“ à¶½à¶‚à¶šà·� à¶´à·Šâ€�à¶»à¶¢à·�à¶­à·�à¶±à·Šà¶­à·Šâ€�à¶»à·’à¶š à·ƒà¶¸à·�à¶¢à·€à·�à¶¯à·“ à¶¢à¶±à¶»à¶¢à¶º
     got: ශ්‍රී ලංකා ප්‍රජාතාන්ත්‍රික සමාජවාදී ජනරජය
 ; [cca2=LK].name.nativeName.tam.common
Expected: à®‡à®²à®™à¯�à®•à¯ˆ
     got: இலங்கை
 ; [cca2=LK].name.nativeName.tam.official
Expected: à®‡à®²à®™à¯�à®•à¯ˆ à®šà®©à®¨à®¾à®¯à®• à®šà¯‹à®šà®²à®¿à®šà®•à¯� à®•à¯�à®Ÿà®¿à®¯à®°à®šà¯�
     got: இலங்கை சனநாயக சோசலிசக் குடியரசு
 ; [cca2=LK].tld[]
Expected: .à®‡à®²à®™à¯�à®•à¯ˆ
     but none found
 ; [cca2=LK].tld[]
Expected: .à¶½à¶‚à¶šà·�
     but none found
 ; [cca2=LK].tld[]
Unexpected: .ලංකා
 ; [cca2=LK].tld[]
Unexpected: .இலங்கை
 ; [cca2=LK].translations.ara.common
Expected: Ø³Ø±ÙŠÙ„Ø§Ù†ÙƒØ§
     got: سريلانكا
 ; [cca2=LK].translations.ara.official
Expected: Ø¬Ù…Ù‡ÙˆØ±ÙŠØ© Ø³Ø±ÙŠÙ„Ø§Ù†ÙƒØ§ Ø§Ù„Ø¯ÙŠÙ…Ù‚Ø±Ø§Ø·ÙŠØ© Ø§Ù„Ø´Ø¹Ø¨ÙŠØ©
     got: جمهورية سريلانكا الديمقراطية الشعبية
 ; [cca2=LK].translations.ces.common
Expected: SrÃ­ Lanka
     got: Srí Lanka
 ; [cca2=LK].translations.ces.official
Expected: SrÃ­lanskÃ¡ demokratickÃ¡ socialistickÃ¡ republika
     got: Srílanská demokratická socialistická republika
 ; [cca2=LK].translations.fra.official
Expected: RÃ©publique dÃ©mocratique socialiste du Sri Lanka
     got: République démocratique socialiste du Sri Lanka
 ; [cca2=LK].translations.hrv.common
Expected: Å ri Lanka
     got: Šri Lanka
 ; [cca2=LK].translations.hrv.official
Expected: Demokratska SocijalistiÄ�ke Republike Å ri Lanke
     got: Demokratska Socijalističke Republike Šri Lanke
 ; [cca2=LK].translations.hun.common
Expected: SrÃ­ Lanka
     got: Srí Lanka
 ; [cca2=LK].translations.hun.official
Expected: SrÃ­ Lanka-i Demokratikus Szocialista KÃ¶ztÃ¡rsasÃ¡g
     got: Srí Lanka-i Demokratikus Szocialista Köztársaság
 ; [cca2=LK].translations.jpn.common
Expected: ã‚¹ãƒªãƒ©ãƒ³ã‚«
     got: スリランカ
 ; [cca2=LK].translations.jpn.official
Expected: ã‚¹ãƒªãƒ©ãƒ³ã‚«æ°‘ä¸»ç¤¾ä¼šä¸»ç¾©å…±å’Œå›½
     got: スリランカ民主社会主義共和国
 ; [cca2=LK].translations.kor.common
Expected: ìŠ¤ë¦¬ëž‘ì¹´
     got: 스리랑카
 ; [cca2=LK].translations.kor.official
Expected: ìŠ¤ë¦¬ëž‘ì¹´ ë¯¼ì£¼ ì‚¬íšŒì£¼ì�˜ ê³µí™”êµ­
     got: 스리랑카 민주 사회주의 공화국
 ; [cca2=LK].translations.per.common
Expected: Ø³Ø±ÛŒâ€ŒÙ„Ø§Ù†Ú©Ø§
     got: سری‌لانکا
 ; [cca2=LK].translations.per.official
Expected: Ø¬Ù…Ù‡ÙˆØ±ÛŒ Ø¯Ù…ÙˆÚ©Ø±Ø§ØªÛŒÚ© Ø³ÙˆØ³ÛŒØ§Ù„ÛŒØ³ØªÛŒ Ø³Ø±ÛŒâ€ŒÙ„Ø§Ù†Ú©Ø§
     got: جمهوری دموکراتیک سوسیالیستی سری‌لانکا
 ; [cca2=LK].translations.por.official
Expected: RepÃºblica DemocrÃ¡tica Socialista do Sri Lanka
     got: República Democrática Socialista do Sri Lanka
 ; [cca2=LK].translations.rus.common
Expected: Ð¨Ñ€Ð¸-Ð›Ð°Ð½ÐºÐ°
     got: Шри-Ланка
 ; [cca2=LK].translations.rus.official
Expected: Ð”ÐµÐ¼Ð¾ÐºÑ€Ð°Ñ‚Ð¸Ñ‡ÐµÑ�ÐºÐ°Ñ� Ð¡Ð¾Ñ†Ð¸Ð°Ð»Ð¸Ñ�Ñ‚Ð¸Ñ‡ÐµÑ�ÐºÐ°Ñ� Ð ÐµÑ�Ð¿ÑƒÐ±Ð»Ð¸ÐºÐ° Ð¨Ñ€Ð¸-Ð›Ð°Ð½ÐºÐ°
     got: Демократическая Социалистическая Республика Шри-Ланка
 ; [cca2=LK].translations.slk.common
Expected: SrÃ­ Lanka
     got: Srí Lanka
 ; [cca2=LK].translations.slk.official
Expected: SrÃ­lanskÃ¡ demokratickÃ¡ socialistickÃ¡ republika
     got: Srílanská demokratická socialistická republika
 ; [cca2=LK].translations.spa.official
Expected: RepÃºblica DemocrÃ¡tica Socialista de Sri Lanka
     got: República Democrática Socialista de Sri Lanka
 ; [cca2=LK].translations.srp.common
Expected: Ð¡Ñ€Ð¸ Ð›Ð°Ð½ÐºÐ°
     got: Сри Ланка
 ; [cca2=LK].translations.srp.official
Expected: Ð”ÐµÐ¼Ð¾ÐºÑ€Ð°Ñ‚Ñ�ÐºÐ° Ð¡Ð¾Ñ†Ð¸Ñ˜Ð°Ð»Ð¸Ñ�Ñ‚Ð¸Ñ‡ÐºÐ° Ð ÐµÐ¿ÑƒÐ±Ð»Ð¸ÐºÐ° Ð¡Ñ€Ð¸ Ð›Ð°Ð½ÐºÐ°
     got: Демократска Социјалистичка Република Сри Ланка
 ; [cca2=LK].translations.urd.common
Expected: Ø³Ø±ÛŒ Ù„Ù†Ú©Ø§
     got: سری لنکا
 ; [cca2=LK].translations.urd.official
Expected: Ø¬Ù…Û�ÙˆØ±ÛŒ Ùˆ Ø§Ø´ØªØ±Ø§Ú©ÛŒ Ø¬Ù…Û�ÙˆØ±ÛŒÛ� Ø³Ø±ÛŒ Ù„Ù†Ú©Ø§
     got: جمہوری و اشتراکی جمہوریہ سری لنکا
 ; [cca2=LK].translations.zho.common
Expected: æ–¯é‡Œå…°å�¡
     got: 斯里兰卡
 ; [cca2=LK].translations.zho.official
Expected: æ–¯é‡Œå…°å�¡æ°‘ä¸»ç¤¾ä¼šä¸»ä¹‰å…±å’Œå›½
     got: 斯里兰卡民主社会主义共和国
 ; [cca2=LR].demonyms.fra.f
Expected: LibÃ©rienne
     got: Libérienne
 ; [cca2=LR].demonyms.fra.m
Expected: LibÃ©rien
     got: Libérien
 ; [cca2=LR].flag
Expected: ðŸ‡±ðŸ‡·
     got: 🇱🇷
 ; [cca2=LR].translations.ara.common
Expected: Ù„ÙŠØ¨ÙŠØ±ÙŠØ§
     got: ليبيريا
 ; [cca2=LR].translations.ara.official
Expected: Ø¬Ù…Ù‡ÙˆØ±ÙŠØ© Ù„ÙŠØ¨ÙŠØ±ÙŠØ§
     got: جمهورية ليبيريا
 ; [cca2=LR].translations.ces.common
Expected: LibÃ©rie
     got: Libérie
 ; [cca2=LR].translations.ces.official
Expected: LiberijskÃ¡ republika
     got: Liberijská republika
 ; [cca2=LR].translations.fra.official
Expected: RÃ©publique du LibÃ©ria
     got: République du Libéria
 ; [cca2=LR].translations.hun.common
Expected: LibÃ©ria
     got: Libéria
 ; [cca2=LR].translations.hun.official
Expected: LibÃ©riai KÃ¶ztÃ¡rsasÃ¡g
     got: Libériai Köztársaság
 ; [cca2=LR].translations.jpn.common
Expected: ãƒªãƒ™ãƒªã‚¢
     got: リベリア
 ; [cca2=LR].translations.jpn.official
Expected: ãƒªãƒ™ãƒªã‚¢å…±å’Œå›½
     got: リベリア共和国
 ; [cca2=LR].translations.kor.common
Expected: ë�¼ì�´ë² ë¦¬ì•„
     got: 라이베리아
 ; [cca2=LR].translations.kor.official
Expected: ë�¼ì�´ë² ë¦¬ì•„ ê³µí™”êµ­
     got: 라이베리아 공화국
 ; [cca2=LR].translations.per.common
Expected: Ù„ÛŒØ¨Ù€Ù�Ø±ÛŒØ§
     got: لیبـِریا
 ; [cca2=LR].translations.per.official
Expected: Ø¬Ù…Ù‡ÙˆØ±ÛŒ Ù„ÛŒØ¨Ø±ÛŒØ§
     got: جمهوری لیبریا
 ; [cca2=LR].translations.por.common
Expected: LibÃ©ria
     got: Libéria
 ; [cca2=LR].translations.por.official
Expected: RepÃºblica da LibÃ©ria
     got: República da Libéria
 ; [cca2=LR].translations.rus.common
Expected: Ð›Ð¸Ð±ÐµÑ€Ð¸Ñ�
     got: Либерия
 ; [cca2=LR].translations.rus.official
Expected: Ð ÐµÑ�Ð¿ÑƒÐ±Ð»Ð¸ÐºÐ° Ð›Ð¸Ð±ÐµÑ€Ð¸Ñ�
     got: Республика Либерия
 ; [cca2=LR].translations.slk.common
Expected: LibÃ©ria
     got: Libéria
 ; [cca2=LR].translations.slk.official
Expected: LibÃ©rijskÃ¡ republika
     got: Libérijská republika
 ; [cca2=LR].translations.spa.official
Expected: RepÃºblica de Liberia
     got: República de Liberia
 ; [cca2=LR].translations.srp.common
Expected: Ð›Ð¸Ð±ÐµÑ€Ð¸Ñ˜Ð°
     got: Либерија
 ; [cca2=LR].translations.srp.official
Expected: Ð ÐµÐ¿ÑƒÐ±Ð»Ð¸ÐºÐ° Ð›Ð¸Ð±ÐµÑ€Ð¸Ñ˜Ð°
     got: Република Либерија
 ; [cca2=LR].translations.urd.common
Expected: Ù„Ø§Ø¦Ø¨ÛŒØ±ÛŒØ§
     got: لائبیریا
 ; [cca2=LR].translations.urd.official
Expected: Ø¬Ù…Û�ÙˆØ±ÛŒÛ� Ù„Ø§Ø¦Ø¨ÛŒØ±ÛŒØ§
     got: جمہوریہ لائبیریا
 ; [cca2=LR].translations.zho.common
Expected: åˆ©æ¯”é‡Œäºš
     got: 利比里亚
 ; [cca2=LR].translations.zho.official
Expected: åˆ©æ¯”é‡Œäºšå…±å’Œå›½
     got: 利比里亚共和国
 ; [cca2=LS].demonyms.fra.f
Expected: LÃ©sothienne
     got: Lésothienne
 ; [cca2=LS].demonyms.fra.m
Expected: LÃ©sothien
     got: Lésothien
 ; [cca2=LS].flag
Expected: ðŸ‡±ðŸ‡¸
     got: 🇱🇸
 ; [cca2=LS].flags.alt
Expected: The flag of Lesotho is composed of three horizontal bands of blue, white and green in the ratio of 3:4:3. A black mokorotlo â€” a Basotho hat â€” is centered in the white band.
     got: The flag of Lesotho is composed of three horizontal bands of blue, white and green in the ratio of 3:4:3. A black mokorotlo — a Basotho hat — is centered in the white band.
 ; [cca2=LS].translations.ara.common
Expected: Ù„ÙŠØ³ÙˆØªÙˆ
     got: ليسوتو
 ; [cca2=LS].translations.ara.official
Expected: Ù…Ù…Ù„ÙƒØ© Ù„ÙŠØ³ÙˆØªÙˆ
     got: مملكة ليسوتو
 ; [cca2=LS].translations.ces.official
Expected: LesothskÃ© krÃ¡lovstvÃ­
     got: Lesothské království
 ; [cca2=LS].translations.deu.official
Expected: KÃ¶nigreich Lesotho
     got: Königreich Lesotho
 ; [cca2=LS].translations.hun.official
Expected: LesothÃ³i KirÃ¡lysÃ¡g
     got: Lesothói Királyság
 ; [cca2=LS].translations.jpn.common
Expected: ãƒ¬ã‚½ãƒˆ
     got: レソト
 ; [cca2=LS].translations.jpn.official
Expected: ãƒ¬ã‚½ãƒˆçŽ‹å›½
     got: レソト王国
 ; [cca2=LS].translations.kor.common
Expected: ë ˆì†Œí† 
     got: 레소토
 ; [cca2=LS].translations.kor.official
Expected: ë ˆì†Œí†  ì™•êµ­
     got: 레소토 왕국
 ; [cca2=LS].translations.per.common
Expected: Ù„Ø³ÙˆØªÙˆ
     got: لسوتو
 ; [cca2=LS].translations.per.official
Expected: Ù¾Ø§Ø¯Ø´Ø§Ù‡ÛŒ Ù„Ø³ÙˆØªÙˆ
     got: پادشاهی لسوتو
 ; [cca2=LS].translations.pol.official
Expected: KrÃ³lestwo Lesotho
     got: Królestwo Lesotho
 ; [cca2=LS].translations.rus.common
Expected: Ð›ÐµÑ�Ð¾Ñ‚Ð¾
     got: Лесото
 ; [cca2=LS].translations.rus.official
Expected: ÐšÐ¾Ñ€Ð¾Ð»ÐµÐ²Ñ�Ñ‚Ð²Ð¾ Ð›ÐµÑ�Ð¾Ñ‚Ð¾
     got: Королевство Лесото
 ; [cca2=LS].translations.slk.official
Expected: LesothskÃ© krÃ¡Ä¾ovstvo
     got: Lesothské kráľovstvo
 ; [cca2=LS].translations.srp.common
Expected: Ð›ÐµÑ�Ð¾Ñ‚Ð¾
     got: Лесото
 ; [cca2=LS].translations.srp.official
Expected: ÐšÑ€Ð°Ñ™ÐµÐ²Ð¸Ð½Ð° Ð›ÐµÑ�Ð¾Ñ‚Ð¾
     got: Краљевина Лесото
 ; [cca2=LS].translations.tur.official
Expected: Lesotho KrallÄ±ÄŸÄ±
     got: Lesotho Krallığı
 ; [cca2=LS].translations.urd.common
Expected: Ù„ÛŒØ³ÙˆØªÚ¾Ùˆ
     got: لیسوتھو
 ; [cca2=LS].translations.urd.official
Expected: Ù…Ù…Ù„Ú©ØªÙ� Ù„ÛŒØ³ÙˆØªÚ¾Ùˆ
     got: مملکتِ لیسوتھو
 ; [cca2=LS].translations.zho.common
Expected: èŽ±ç´¢æ‰˜
     got: 莱索托
 ; [cca2=LS].translations.zho.official
Expected: èŽ±ç´¢æ‰˜çŽ‹å›½
     got: 莱索托王国
 ; [cca2=LT].currencies.EUR.symbol
Expected: â‚¬
     got: €
 ; [cca2=LT].flag
Expected: ðŸ‡±ðŸ‡¹
     got: 🇱🇹
 ; [cca2=LT].translations.ara.common
Expected: Ù„ÙŠØªÙˆØ§Ù†ÙŠØ§
     got: ليتوانيا
 ; [cca2=LT].translations.ara.official
Expected: Ø¬Ù…Ù‡ÙˆØ±ÙŠØ© Ù„ÙŠØªÙˆØ§Ù†ÙŠØ§
     got: جمهورية ليتوانيا
 ; [cca2=LT].translations.ces.official
Expected: LitevskÃ¡ republika
     got: Litevská republika
 ; [cca2=LT].translations.fra.official
Expected: RÃ©publique de Lituanie
     got: République de Lituanie
 ; [cca2=LT].translations.hun.common
Expected: LitvÃ¡nia
     got: Litvánia
 ; [cca2=LT].translations.hun.official
Expected: LitvÃ¡n KÃ¶ztÃ¡rsasÃ¡g
     got: Litván Köztársaság
 ; [cca2=LT].translations.jpn.common
Expected: ãƒªãƒˆã‚¢ãƒ‹ã‚¢
     got: リトアニア
 ; [cca2=LT].translations.jpn.official
Expected: ãƒªãƒˆã‚¢ãƒ‹ã‚¢å…±å’Œå›½
     got: リトアニア共和国
 ; [cca2=LT].translations.kor.common
Expected: ë¦¬íˆ¬ì•„ë‹ˆì•„
     got: 리투아니아
 ; [cca2=LT].translations.kor.official
Expected: ë¦¬íˆ¬ì•„ë‹ˆì•„ ê³µí™”êµ­
     got: 리투아니아 공화국
 ; [cca2=LT].translations.per.common
Expected: Ù„ÛŒØªÙˆØ§Ù†ÛŒØ§ÛŒÛŒâ€ŒÙ‡Ø§
     got: لیتوانیایی‌ها
 ; [cca2=LT].translations.per.official
Expected: Ù„ÛŒØªÙˆØ§Ù†ÛŒØ§ÛŒÛŒâ€ŒÙ‡Ø§
     got: لیتوانیایی‌ها
 ; [cca2=LT].translations.por.common
Expected: LituÃ¢nia
     got: Lituânia
 ; [cca2=LT].translations.por.official
Expected: RepÃºblica da LituÃ¢nia
     got: República da Lituânia
 ; [cca2=LT].translations.rus.common
Expected: Ð›Ð¸Ñ‚Ð²Ð°
     got: Литва
 ; [cca2=LT].translations.rus.official
Expected: Ð›Ð¸Ñ‚Ð¾Ð²Ñ�ÐºÐ°Ñ� Ð ÐµÑ�Ð¿ÑƒÐ±Ð»Ð¸ÐºÐ°
     got: Литовская Республика
 ; [cca2=LT].translations.slk.official
Expected: LitovskÃ¡ republika
     got: Litovská republika
 ; [cca2=LT].translations.spa.official
Expected: RepÃºblica de Lituania
     got: República de Lituania
 ; [cca2=LT].translations.srp.common
Expected: Ð›Ð¸Ñ‚Ð²Ð°Ð½Ð¸Ñ˜Ð°
     got: Литванија
 ; [cca2=LT].translations.srp.official
Expected: Ð›Ð¸Ñ‚Ð²Ð°Ð½Ñ�ÐºÐ° Ð ÐµÐ¿ÑƒÐ±Ð»Ð¸ÐºÐ°
     got: Литванска Република
 ; [cca2=LT].translations.urd.common
Expected: Ù„ØªÚ¾ÙˆÙˆÛŒÙ†ÛŒØ§
     got: لتھووینیا
 ; [cca2=LT].translations.urd.official
Expected: Ø¬Ù…Û�ÙˆØ±ÛŒÛ� Ù„ØªÚ¾ÙˆÙˆÛŒÙ†ÛŒØ§
     got: جمہوریہ لتھووینیا
 ; [cca2=LT].translations.zho.common
Expected: ç«‹é™¶å®›
     got: 立陶宛
 ; [cca2=LT].translations.zho.official
Expected: ç«‹é™¶å®›å…±å’Œå›½
     got: 立陶宛共和国
 ; [cca2=LU].altSpellings[]
Expected: Grand-DuchÃ© de Luxembourg
     but none found
 ; [cca2=LU].altSpellings[]
Expected: Groussherzogtum LÃ«tzebuerg
     but none found
 ; [cca2=LU].altSpellings[]
Expected: GroÃŸherzogtum Luxemburg
     but none found
 ; [cca2=LU].altSpellings[]
Unexpected: Grand-Duché de Luxembourg
 ; [cca2=LU].altSpellings[]
Unexpected: Großherzogtum Luxemburg
 ; [cca2=LU].altSpellings[]
Unexpected: Groussherzogtum Lëtzebuerg
 ; [cca2=LU].currencies.EUR.symbol
Expected: â‚¬
     got: €
 ; [cca2=LU].flag
Expected: ðŸ‡±ðŸ‡º
     got: 🇱🇺
 ; [cca2=LU].name.nativeName.deu.official
Expected: GroÃŸherzogtum Luxemburg
     got: Großherzogtum Luxemburg
 ; [cca2=LU].name.nativeName.fra.official
Expected: Grand-DuchÃ© de Luxembourg
     got: Grand-Duché de Luxembourg
 ; [cca2=LU].name.nativeName.ltz.common
Expected: LÃ«tzebuerg
     got: Lëtzebuerg
 ; [cca2=LU].name.nativeName.ltz.official
Expected: Groussherzogtum LÃ«tzebuerg
     got: Groussherzogtum Lëtzebuerg
 ; [cca2=LU].translations.ara.common
Expected: Ù„ÙˆÙƒØ³Ù…Ø¨ÙˆØ±Øº
     got: لوكسمبورغ
 ; [cca2=LU].translations.ara.official
Expected: Ø¯ÙˆÙ‚ÙŠØ© Ù„ÙˆÙƒØ³Ù…Ø¨ÙˆØ±Øº
     got: دوقية لوكسمبورغ
 ; [cca2=LU].translations.ces.official
Expected: LucemburskÃ© velkovÃ©vodstvÃ­
     got: Lucemburské velkovévodství
 ; [cca2=LU].translations.deu.official
Expected: GroÃŸherzogtum Luxemburg,
     got: Großherzogtum Luxemburg,
 ; [cca2=LU].translations.fra.official
Expected: Grand-DuchÃ© de Luxembourg
     got: Grand-Duché de Luxembourg
 ; [cca2=LU].translations.hun.official
Expected: Luxemburgi NagyhercegsÃ©g
     got: Luxemburgi Nagyhercegség
 ; [cca2=LU].translations.jpn.common
Expected: ãƒ«ã‚¯ã‚»ãƒ³ãƒ–ãƒ«ã‚¯
     got: ルクセンブルク
 ; [cca2=LU].translations.jpn.official
Expected: ãƒ«ã‚¯ã‚»ãƒ³ãƒ–ãƒ«ã‚¯å¤§å…¬å›½
     got: ルクセンブルク大公国
 ; [cca2=LU].translations.kor.common
Expected: ë£©ì…ˆë¶€ë¥´í�¬
     got: 룩셈부르크
 ; [cca2=LU].translations.kor.official
Expected: ë£©ì…ˆë¶€ë¥´í�¬ ëŒ€ê³µêµ­
     got: 룩셈부르크 대공국
 ; [cca2=LU].translations.per.common
Expected: Ù„ÙˆÚ©Ø²Ø§Ù…Ø¨ÙˆØ±Ú¯
     got: لوکزامبورگ
 ; [cca2=LU].translations.per.official
Expected: Ø¯ÙˆÚ©â€ŒÙ†Ø´ÛŒÙ† Ù„ÙˆÚ©Ø²Ø§Ù…Ø¨ÙˆØ±Ú¯
     got: دوک‌نشین لوکزامبورگ
 ; [cca2=LU].translations.pol.official
Expected: Wielkie KsiÄ™stwo Luksemburga
     got: Wielkie Księstwo Luksemburga
 ; [cca2=LU].translations.por.official
Expected: GrÃ£o-Ducado do Luxemburgo
     got: Grão-Ducado do Luxemburgo
 ; [cca2=LU].translations.rus.common
Expected: Ð›ÑŽÐºÑ�ÐµÐ¼Ð±ÑƒÑ€Ð³
     got: Люксембург
 ; [cca2=LU].translations.rus.official
Expected: Ð’ÐµÐ»Ð¸ÐºÐ¾Ðµ Ð“ÐµÑ€Ñ†Ð¾Ð³Ñ�Ñ‚Ð²Ð¾ Ð›ÑŽÐºÑ�ÐµÐ¼Ð±ÑƒÑ€Ð³
     got: Великое Герцогство Люксембург
 ; [cca2=LU].translations.slk.official
Expected: LuxemburskÃ© veÄ¾kovojvodstvo
     got: Luxemburské veľkovojvodstvo
 ; [cca2=LU].translations.srp.common
Expected: Ð›ÑƒÐºÑ�ÐµÐ¼Ð±ÑƒÑ€Ð³
     got: Луксембург
 ; [cca2=LU].translations.srp.official
Expected: Ð’ÐµÐ»Ð¸ÐºÐ¾ Ð’Ð¾Ñ˜Ð²Ð¾Ð´Ñ�Ñ‚Ð²Ð¾ Ð›ÑƒÐºÑ�ÐµÐ¼Ð±ÑƒÑ€Ð³
     got: Велико Војводство Луксембург
 ; [cca2=LU].translations.swe.official
Expected: StorhertigdÃ¶met Luxemburg
     got: Storhertigdömet Luxemburg
 ; [cca2=LU].translations.tur.common
Expected: LÃ¼ksemburg
     got: Lüksemburg
 ; [cca2=LU].translations.tur.official
Expected: LÃ¼ksemburg BÃ¼yÃ¼k DÃ¼kalÄ±ÄŸÄ±
     got: Lüksemburg Büyük Dükalığı
 ; [cca2=LU].translations.urd.common
Expected: Ù„Ú©Ø³Ù…Ø¨Ø±Ú¯
     got: لکسمبرگ
 ; [cca2=LU].translations.urd.official
Expected: Ø¯ÙˆÙ‚ÛŒÛ� Ú©Ø¨ÛŒØ±Ù„Ú©Ø³Ù…Ø¨Ø±Ú¯
     got: دوقیہ کبیرلکسمبرگ
 ; [cca2=LU].translations.zho.common
Expected: å�¢æ£®å ¡
     got: 卢森堡
 ; [cca2=LU].translations.zho.official
Expected: å�¢æ£®å ¡å¤§å…¬å›½
     got: 卢森堡大公国
 ; [cca2=LV].currencies.EUR.symbol
Expected: â‚¬
     got: €
 ; [cca2=LV].flag
Expected: ðŸ‡±ðŸ‡»
     got: 🇱🇻
 ; [cca2=LV].translations.ara.common
Expected: Ù„Ø§ØªÙ�ÙŠØ§
     got: لاتفيا
 ; [cca2=LV].translations.ara.official
Expected: Ø¬Ù…Ù‡ÙˆØ±ÙŠØ© Ù„Ø§ØªÙ�ÙŠØ§
     got: جمهورية لاتفيا
 ; [cca2=LV].translations.ces.common
Expected: LotyÅ¡sko
     got: Lotyšsko
 ; [cca2=LV].translations.ces.official
Expected: LotyÅ¡skÃ¡ republika
     got: Lotyšská republika
 ; [cca2=LV].translations.est.common
Expected: LÃ¤ti
     got: Läti
 ; [cca2=LV].translations.est.official
Expected: LÃ¤ti Vabariik
     got: Läti Vabariik
 ; [cca2=LV].translations.fra.official
Expected: RÃ©publique de Lettonie
     got: République de Lettonie
 ; [cca2=LV].translations.hun.common
Expected: LettorszÃ¡g
     got: Lettország
 ; [cca2=LV].translations.hun.official
Expected: Lett KÃ¶ztÃ¡rsasÃ¡g
     got: Lett Köztársaság
 ; [cca2=LV].translations.jpn.common
Expected: ãƒ©ãƒˆãƒ“ã‚¢
     got: ラトビア
 ; [cca2=LV].translations.jpn.official
Expected: ãƒ©ãƒˆãƒ“ã‚¢å…±å’Œå›½
     got: ラトビア共和国
 ; [cca2=LV].translations.kor.common
Expected: ë�¼íŠ¸ë¹„ì•„
     got: 라트비아
 ; [cca2=LV].translations.kor.official
Expected: ë�¼íŠ¸ë¹„ì•„ ê³µí™”êµ­
     got: 라트비아 공화국
 ; [cca2=LV].translations.per.common
Expected: Ù„ØªÙˆÙ†ÛŒ
     got: لتونی
 ; [cca2=LV].translations.per.official
Expected: Ø¬Ù…Ù‡ÙˆØ±ÛŒ Ù„ØªÙˆÙ†ÛŒ
     got: جمهوری لتونی
 ; [cca2=LV].translations.pol.common
Expected: Å�otwa
     got: Łotwa
 ; [cca2=LV].translations.pol.official
Expected: Republika Å�otewska
     got: Republika Łotewska
 ; [cca2=LV].translations.por.common
Expected: LetÃ³nia
     got: Letónia
 ; [cca2=LV].translations.por.official
Expected: RepÃºblica da LetÃ³nia
     got: República da Letónia
 ; [cca2=LV].translations.rus.common
Expected: Ð›Ð°Ñ‚Ð²Ð¸Ñ�
     got: Латвия
 ; [cca2=LV].translations.rus.official
Expected: Ð›Ð°Ñ‚Ð²Ð¸Ð¹Ñ�ÐºÐ°Ñ� Ð ÐµÑ�Ð¿ÑƒÐ±Ð»Ð¸ÐºÐ°
     got: Латвийская Республика
 ; [cca2=LV].translations.slk.common
Expected: LotyÅ¡sko
     got: Lotyšsko
 ; [cca2=LV].translations.slk.official
Expected: LotyÅ¡skÃ¡ republika
     got: Lotyšská republika
 ; [cca2=LV].translations.spa.official
Expected: RepÃºblica de Letonia
     got: República de Letonia
 ; [cca2=LV].translations.srp.common
Expected: Ð›ÐµÑ‚Ð¾Ð½Ð¸Ñ˜Ð°
     got: Летонија
 ; [cca2=LV].translations.srp.official
Expected: Ð›ÐµÑ‚Ð¾Ð½Ñ�ÐºÐ° Ð ÐµÐ¿ÑƒÐ±Ð»Ð¸ÐºÐ°
     got: Летонска Република
 ; [cca2=LV].translations.urd.common
Expected: Ù„Ù¹ÙˆÛŒØ§
     got: لٹویا
 ; [cca2=LV].translations.urd.official
Expected: Ø¬Ù…Û�ÙˆØ±ÛŒÛ� Ù„Ù¹ÙˆÛŒØ§
     got: جمہوریہ لٹویا
 ; [cca2=LV].translations.zho.common
Expected: æ‹‰è„±ç»´äºš
     got: 拉脱维亚
 ; [cca2=LV].translations.zho.official
Expected: æ‹‰è„±ç»´äºšå…±å’Œå›½
     got: 拉脱维亚共和国
 ; [cca2=LY].currencies.LYD.symbol
Expected: Ù„.Ø¯
     got: ل.د
 ; [cca2=LY].flag
Expected: ðŸ‡±ðŸ‡¾
     got: 🇱🇾
 ; [cca2=LY].name.nativeName.ara.common
Expected: â€�Ù„ÙŠØ¨ÙŠØ§
     got: ‏ليبيا
 ; [cca2=LY].name.nativeName.ara.official
Expected: Ø§Ù„Ø¯ÙˆÙ„Ø© Ù„ÙŠØ¨ÙŠØ§
     got: الدولة ليبيا
 ; [cca2=LY].translations.ara.common
Expected: â€�Ù„ÙŠØ¨ÙŠØ§
     got: ‏ليبيا
 ; [cca2=LY].translations.ara.official
Expected: Ø¯ÙˆÙ„Ø© Ù„ÙŠØ¨ÙŠØ§
     got: دولة ليبيا
 ; [cca2=LY].translations.ces.official
Expected: StÃ¡t Libye
     got: Stát Libye
 ; [cca2=LY].translations.est.common
Expected: LiibÃ¼a
     got: Liibüa
 ; [cca2=LY].translations.est.official
Expected: LiibÃ¼a
     got: Liibüa
 ; [cca2=LY].translations.fra.official
Expected: Grande RÃ©publique arabe libyenne populaire et socialiste
     got: Grande République arabe libyenne populaire et socialiste
 ; [cca2=LY].translations.hrv.official
Expected: DrÅ¾ava Libiji
     got: Država Libiji
 ; [cca2=LY].translations.hun.common
Expected: LÃ­bia
     got: Líbia
 ; [cca2=LY].translations.hun.official
Expected: LÃ­bia Ã�llam
     got: Líbia Állam
 ; [cca2=LY].translations.jpn.common
Expected: ãƒªãƒ“ã‚¢
     got: リビア
 ; [cca2=LY].translations.jpn.official
Expected: ãƒªãƒ“ã‚¢ã�®å›½å®¶
     got: リビアの国家
 ; [cca2=LY].translations.kor.common
Expected: ë¦¬ë¹„ì•„
     got: 리비아
 ; [cca2=LY].translations.kor.official
Expected: ë¦¬ë¹„ì•„
     got: 리비아
 ; [cca2=LY].translations.nld.common
Expected: LibiÃ«
     got: Libië
 ; [cca2=LY].translations.nld.official
Expected: Staat van LibiÃ«
     got: Staat van Libië
 ; [cca2=LY].translations.per.common
Expected: Ù„ÛŒØ¨ÛŒ
     got: لیبی
 ; [cca2=LY].translations.per.official
Expected: Ø¯ÙˆÙ„Øª Ù„ÛŒØ¨ÛŒ
     got: دولت لیبی
 ; [cca2=LY].translations.pol.official
Expected: PaÅ„stwo Libia
     got: Państwo Libia
 ; [cca2=LY].translations.por.common
Expected: LÃ­bia
     got: Líbia
 ; [cca2=LY].translations.por.official
Expected: Estado da LÃ­bia
     got: Estado da Líbia
 ; [cca2=LY].translations.rus.common
Expected: Ð›Ð¸Ð²Ð¸Ñ�
     got: Ливия
 ; [cca2=LY].translations.rus.official
Expected: Ð“Ð¾Ñ�ÑƒÐ´Ð°Ñ€Ñ�Ñ‚Ð²Ð¾ Ð›Ð¸Ð²Ð¸Ð¸
     got: Государство Ливии
 ; [cca2=LY].translations.slk.common
Expected: LÃ­bya
     got: Líbya
 ; [cca2=LY].translations.slk.official
Expected: LÃ­bya
     got: Líbya
 ; [cca2=LY].translations.srp.common
Expected: Ð›Ð¸Ð±Ð¸Ñ˜Ð°
     got: Либија
 ; [cca2=LY].translations.srp.official
Expected: Ð”Ñ€Ð¶Ð°Ð²Ð° Ð›Ð¸Ð±Ð¸Ñ˜Ð°
     got: Држава Либија
 ; [cca2=LY].translations.urd.common
Expected: Ù„ÛŒØ¨ÛŒØ§
     got: لیبیا
 ; [cca2=LY].translations.urd.official
Expected: Ø±ÛŒØ§Ø³ØªÙ� Ù„ÛŒØ¨ÛŒØ§
     got: ریاستِ لیبیا
 ; [cca2=LY].translations.zho.common
Expected: åˆ©æ¯”äºš
     got: 利比亚
 ; [cca2=LY].translations.zho.official
Expected: åˆ©æ¯”äºšå›½
     got: 利比亚国
 ; [cca2=MA].altSpellings[]
Expected: Al-Mamlakah al-MaÄ¡ribiyah
     but none found
 ; [cca2=MA].altSpellings[]
Unexpected: Al-Mamlakah al-Maġribiyah
 ; [cca2=MA].currencies.MAD.symbol
Expected: Ø¯.Ù….
     got: د.م.
 ; [cca2=MA].flag
Expected: ðŸ‡²ðŸ‡¦
     got: 🇲🇦
 ; [cca2=MA].flags.alt
Expected: The flag of Morocco features a green pentagram â€” a five-pointed linear star â€” centered on a red field.
     got: The flag of Morocco features a green pentagram — a five-pointed linear star — centered on a red field.
 ; [cca2=MA].name.nativeName.ara.common
Expected: Ø§Ù„Ù…ØºØ±Ø¨
     got: المغرب
 ; [cca2=MA].name.nativeName.ara.official
Expected: Ø§Ù„Ù…Ù…Ù„ÙƒØ© Ø§Ù„Ù…ØºØ±Ø¨ÙŠØ©
     got: المملكة المغربية
 ; [cca2=MA].name.nativeName.ber.common
Expected: âµ�âµŽâ´°âµ–âµ”âµ‰â´±
     got: ⵍⵎⴰⵖⵔⵉⴱ
 ; [cca2=MA].name.nativeName.ber.official
Expected: âµœâ´°â´³âµ�â´·âµ‰âµœ âµ� âµ�âµŽâµ–âµ”âµ‰â´±
     got: ⵜⴰⴳⵍⴷⵉⵜ ⵏ ⵍⵎⵖⵔⵉⴱ
 ; [cca2=MA].tld[]
Expected: Ø§Ù„Ù…ØºØ±Ø¨.
     but none found
 ; [cca2=MA].tld[]
Unexpected: المغرب.
 ; [cca2=MA].translations.ara.common
Expected: Ø§Ù„Ù…ØºØ±Ø¨
     got: المغرب
 ; [cca2=MA].translations.ara.official
Expected: Ø§Ù„Ù…Ù…Ù„ÙƒØ© Ø§Ù„Ù…ØºØ±Ø¨ÙŠØ©
     got: المملكة المغربية
 ; [cca2=MA].translations.ces.official
Expected: MarockÃ© krÃ¡lovstvÃ­
     got: Marocké království
 ; [cca2=MA].translations.deu.official
Expected: KÃ¶nigreich Marokko
     got: Königreich Marokko
 ; [cca2=MA].translations.hun.common
Expected: MarokkÃ³
     got: Marokkó
 ; [cca2=MA].translations.hun.official
Expected: MarokkÃ³i KirÃ¡lysÃ¡g
     got: Marokkói Királyság
 ; [cca2=MA].translations.jpn.common
Expected: ãƒ¢ãƒ­ãƒƒã‚³
     got: モロッコ
 ; [cca2=MA].translations.jpn.official
Expected: ãƒ¢ãƒ­ãƒƒã‚³çŽ‹å›½
     got: モロッコ王国
 ; [cca2=MA].translations.kor.common
Expected: ëª¨ë¡œì½”
     got: 모로코
 ; [cca2=MA].translations.kor.official
Expected: ëª¨ë¡œì½” ì™•êµ­
     got: 모로코 왕국
 ; [cca2=MA].translations.per.common
Expected: Ù…Ø±Ø§Ú©Ø´
     got: مراکش
 ; [cca2=MA].translations.per.official
Expected: Ù¾Ø§Ø¯Ø´Ø§Ù‡ÛŒ Ù…Ø±Ø§Ú©Ø´
     got: پادشاهی مراکش
 ; [cca2=MA].translations.pol.official
Expected: KrÃ³lestwo MarokaÅ„skie
     got: Królestwo Marokańskie
 ; [cca2=MA].translations.rus.common
Expected: ÐœÐ°Ñ€Ð¾ÐºÐºÐ¾
     got: Марокко
 ; [cca2=MA].translations.rus.official
Expected: ÐšÐ¾Ñ€Ð¾Ð»ÐµÐ²Ñ�Ñ‚Ð²Ð¾ ÐœÐ°Ñ€Ð¾ÐºÐºÐ¾
     got: Королевство Марокко
 ; [cca2=MA].translations.slk.official
Expected: MarockÃ© knieÅ¾atstvo
     got: Marocké kniežatstvo
 ; [cca2=MA].translations.srp.common
Expected: ÐœÐ°Ñ€Ð¾ÐºÐ¾
     got: Мароко
 ; [cca2=MA].translations.srp.official
Expected: ÐšÑ€Ð°Ñ™ÐµÐ²Ð¸Ð½Ð° ÐœÐ°Ñ€Ð¾ÐºÐ¾
     got: Краљевина Мароко
 ; [cca2=MA].translations.tur.official
Expected: Fas KrallÄ±ÄŸÄ±
     got: Fas Krallığı
 ; [cca2=MA].translations.urd.common
Expected: Ù…Ø±Ø§Ú©Ø´
     got: مراکش
 ; [cca2=MA].translations.urd.official
Expected: Ù…Ù…Ù„Ú©ØªÙ� Ù…Ø±Ø§Ú©Ø´
     got: مملکتِ مراکش
 ; [cca2=MA].translations.zho.common
Expected: æ‘©æ´›å“¥
     got: 摩洛哥
 ; [cca2=MA].translations.zho.official
Expected: æ‘©æ´›å“¥çŽ‹å›½
     got: 摩洛哥王国
 ; [cca2=MC].altSpellings[]
Expected: PrincipautÃ© de Monaco
     but none found
 ; [cca2=MC].altSpellings[]
Unexpected: Principauté de Monaco
 ; [cca2=MC].currencies.EUR.symbol
Expected: â‚¬
     got: €
 ; [cca2=MC].demonyms.fra.f
Expected: MonÃ©gasque
     got: Monégasque
 ; [cca2=MC].demonyms.fra.m
Expected: MonÃ©gasque
     got: Monégasque
 ; [cca2=MC].flag
Expected: ðŸ‡²ðŸ‡¨
     got: 🇲🇨
 ; [cca2=MC].name.nativeName.fra.official
Expected: PrincipautÃ© de Monaco
     got: Principauté de Monaco
 ; [cca2=MC].translations.ara.common
Expected: Ù…ÙˆÙ†Ø§ÙƒÙˆ
     got: موناكو
 ; [cca2=MC].translations.ara.official
Expected: Ø¥Ù…Ø§Ø±Ø© Ù…ÙˆÙ†Ø§ÙƒÙˆ
     got: إمارة موناكو
 ; [cca2=MC].translations.bre.official
Expected: PriÃ±selezh Monako
     got: Priñselezh Monako
 ; [cca2=MC].translations.ces.official
Expected: MonackÃ© knÃ­Å¾ectvÃ­
     got: Monacké knížectví
 ; [cca2=MC].translations.deu.official
Expected: FÃ¼rstentum Monaco
     got: Fürstentum Monaco
 ; [cca2=MC].translations.est.official
Expected: Monaco VÃ¼rstiriik
     got: Monaco Vürstiriik
 ; [cca2=MC].translations.fra.official
Expected: PrincipautÃ© de Monaco
     got: Principauté de Monaco
 ; [cca2=MC].translations.hrv.official
Expected: KneÅ¾evina Monako
     got: Kneževina Monako
 ; [cca2=MC].translations.hun.official
Expected: MonacÃ³i HercegsÃ©g
     got: Monacói Hercegség
 ; [cca2=MC].translations.jpn.common
Expected: ãƒ¢ãƒŠã‚³
     got: モナコ
 ; [cca2=MC].translations.jpn.official
Expected: ãƒ¢ãƒŠã‚³å…¬å›½
     got: モナコ公国
 ; [cca2=MC].translations.kor.common
Expected: ëª¨ë‚˜ì½”
     got: 모나코
 ; [cca2=MC].translations.kor.official
Expected: ëª¨ë‚˜ì½” ê³µêµ­
     got: 모나코 공국
 ; [cca2=MC].translations.per.common
Expected: Ù…ÙˆÙ†Ø§Ú©Ùˆ
     got: موناکو
 ; [cca2=MC].translations.per.official
Expected: Ø´Ø§Ù‡Ø²Ø§Ø¯Ù‡â€ŒÙ†Ø´ÛŒÙ† Ù…ÙˆÙ†Ø§Ú©Ùˆ
     got: شاهزاده‌نشین موناکو
 ; [cca2=MC].translations.pol.official
Expected: KsiÄ™stwo Monako
     got: Księstwo Monako
 ; [cca2=MC].translations.por.common
Expected: MÃ³naco
     got: Mónaco
 ; [cca2=MC].translations.por.official
Expected: Principado do MÃ³naco
     got: Principado do Mónaco
 ; [cca2=MC].translations.rus.common
Expected: ÐœÐ¾Ð½Ð°ÐºÐ¾
     got: Монако
 ; [cca2=MC].translations.rus.official
Expected: ÐšÐ½Ñ�Ð¶ÐµÑ�Ñ‚Ð²Ð¾ ÐœÐ¾Ð½Ð°ÐºÐ¾
     got: Княжество Монако
 ; [cca2=MC].translations.slk.official
Expected: MonackÃ© knieÅ¾atstvo
     got: Monacké kniežatstvo
 ; [cca2=MC].translations.spa.common
Expected: MÃ³naco
     got: Mónaco
 ; [cca2=MC].translations.spa.official
Expected: Principado de MÃ³naco
     got: Principado de Mónaco
 ; [cca2=MC].translations.srp.common
Expected: ÐœÐ¾Ð½Ð°ÐºÐ¾
     got: Монако
 ; [cca2=MC].translations.srp.official
Expected: ÐšÐ½ÐµÐ¶ÐµÐ²Ð¸Ð½Ð° ÐœÐ¾Ð½Ð°ÐºÐ¾
     got: Кнежевина Монако
 ; [cca2=MC].translations.swe.official
Expected: FurstendÃ¶met Monaco
     got: Furstendömet Monaco
 ; [cca2=MC].translations.tur.official
Expected: Monako PrensliÄŸi
     got: Monako Prensliği
 ; [cca2=MC].translations.urd.common
Expected: Ù…ÙˆÙ†Ø§Ú©Ùˆ
     got: موناکو
 ; [cca2=MC].translations.urd.official
Expected: Ø¬Ù…Û�ÙˆØ±ÛŒÛ� Ù…Ù†Ø§Ú©Ùˆ
     got: جمہوریہ مناکو
 ; [cca2=MC].translations.zho.common
Expected: æ‘©çº³å“¥
     got: 摩纳哥
 ; [cca2=MC].translations.zho.official
Expected: æ‘©çº³å“¥å…¬å›½
     got: 摩纳哥公国
 ; [cca2=MD].capital[]
Expected: ChiÈ™inÄƒu
     but none found
 ; [cca2=MD].capital[]
Unexpected: Chișinău
 ; [cca2=MD].flag
Expected: ðŸ‡²ðŸ‡©
     got: 🇲🇩
 ; [cca2=MD].translations.ara.common
Expected: Ù…ÙˆÙ„Ø¯ÙˆÚ¤Ø§
     got: مولدوڤا
 ; [cca2=MD].translations.ara.official
Expected: Ø¬Ù…Ù‡ÙˆØ±ÙŠØ© Ù…ÙˆÙ„Ø¯ÙˆÚ¤Ø§
     got: جمهورية مولدوڤا
 ; [cca2=MD].translations.ces.official
Expected: MoldavskÃ¡ republika
     got: Moldavská republika
 ; [cca2=MD].translations.fra.official
Expected: RÃ©publique de Moldavie
     got: République de Moldavie
 ; [cca2=MD].translations.hun.official
Expected: Moldovai KÃ¶ztÃ¡rsasÃ¡g
     got: Moldovai Köztársaság
 ; [cca2=MD].translations.jpn.common
Expected: ãƒ¢ãƒ«ãƒ‰ãƒ�å…±å’Œå›½
     got: モルドバ共和国
 ; [cca2=MD].translations.jpn.official
Expected: ãƒ¢ãƒ«ãƒ‰ãƒ�å…±å’Œå›½
     got: モルドバ共和国
 ; [cca2=MD].translations.kor.common
Expected: ëª°ë�„ë°”
     got: 몰도바
 ; [cca2=MD].translations.kor.official
Expected: ëª°ë�„ë°” ê³µí™”êµ­
     got: 몰도바 공화국
 ; [cca2=MD].translations.nld.common
Expected: MoldaviÃ«
     got: Moldavië
 ; [cca2=MD].translations.nld.official
Expected: Republiek MoldaviÃ«
     got: Republiek Moldavië
 ; [cca2=MD].translations.per.common
Expected: Ù…ÙˆÙ„Ø¯Ø§ÙˆÛŒ
     got: مولداوی
 ; [cca2=MD].translations.per.official
Expected: Ø¬Ù…Ù‡ÙˆØ±ÛŒ Ù…ÙˆÙ„Ø¯Ø§ÙˆÛŒ
     got: جمهوری مولداوی
 ; [cca2=MD].translations.pol.common
Expected: MoÅ‚dawia
     got: Mołdawia
 ; [cca2=MD].translations.pol.official
Expected: Republika MoÅ‚dawii
     got: Republika Mołdawii
 ; [cca2=MD].translations.por.common
Expected: MoldÃ¡via
     got: Moldávia
 ; [cca2=MD].translations.por.official
Expected: RepÃºblica da MoldÃ¡via
     got: República da Moldávia
 ; [cca2=MD].translations.rus.common
Expected: ÐœÐ¾Ð»Ð´Ð°Ð²Ð¸Ñ�
     got: Молдавия
 ; [cca2=MD].translations.rus.official
Expected: ÐœÐ¾Ð»Ð´Ð¾Ð²Ð°
     got: Молдова
 ; [cca2=MD].translations.slk.official
Expected: MoldavskÃ¡ republika
     got: Moldavská republika
 ; [cca2=MD].translations.spa.official
Expected: RepÃºblica de Moldova
     got: República de Moldova
 ; [cca2=MD].translations.srp.common
Expected: ÐœÐ¾Ð»Ð´Ð°Ð²Ð¸Ñ˜Ð°
     got: Молдавија
 ; [cca2=MD].translations.srp.official
Expected: Ð ÐµÐ¿ÑƒÐ±Ð»Ð¸ÐºÐ° ÐœÐ¾Ð»Ð´Ð°Ð²Ð¸Ñ˜Ð°
     got: Република Молдавија
 ; [cca2=MD].translations.urd.common
Expected: Ù…Ø§Ù„Ø¯ÙˆÙˆØ§
     got: مالدووا
 ; [cca2=MD].translations.urd.official
Expected: Ø¬Ù…Û�ÙˆØ±ÛŒÛ� Ù…Ø§Ù„Ø¯ÙˆÙˆØ§
     got: جمہوریہ مالدووا
 ; [cca2=MD].translations.zho.common
Expected: æ‘©å°”å¤šç“¦
     got: 摩尔多瓦
 ; [cca2=MD].translations.zho.official
Expected: æ‘©å°”å¤šç“¦å…±å’Œå›½
     got: 摩尔多瓦共和国
 ; [cca2=ME].currencies.EUR.symbol
Expected: â‚¬
     got: €
 ; [cca2=ME].demonyms.fra.f
Expected: MontÃ©nÃ©grine
     got: Monténégrine
 ; [cca2=ME].demonyms.fra.m
Expected: MontÃ©nÃ©grin
     got: Monténégrin
 ; [cca2=ME].flag
Expected: ðŸ‡²ðŸ‡ª
     got: 🇲🇪
 ; [cca2=ME].name.nativeName.cnr.common
Expected: Ð¦Ñ€Ð½Ð° Ð“Ð¾Ñ€Ð°
     got: Црна Гора
 ; [cca2=ME].name.nativeName.cnr.official
Expected: Ð¦Ñ€Ð½Ð° Ð“Ð¾Ñ€Ð°
     got: Црна Гора
 ; [cca2=ME].translations.ara.common
Expected: Ø§Ù„Ø¬Ø¨Ù„ Ø§Ù„Ø§Ø³ÙˆØ¯
     got: الجبل الاسود
 ; [cca2=ME].translations.ara.official
Expected: Ø§Ù„Ø¬Ø¨Ù„ Ø§Ù„Ø§Ø³ÙˆØ¯
     got: الجبل الاسود
 ; [cca2=ME].translations.ces.common
Expected: ÄŒernÃ¡ Hora
     got: Černá Hora
 ; [cca2=ME].translations.ces.official
Expected: ÄŒernÃ¡ Hora
     got: Černá Hora
 ; [cca2=ME].translations.fra.common
Expected: MontÃ©nÃ©gro
     got: Monténégro
 ; [cca2=ME].translations.fra.official
Expected: MontÃ©nÃ©gro
     got: Monténégro
 ; [cca2=ME].translations.hun.common
Expected: MontenegrÃ³
     got: Montenegró
 ; [cca2=ME].translations.hun.official
Expected: MontenegrÃ³
     got: Montenegró
 ; [cca2=ME].translations.jpn.common
Expected: ãƒ¢ãƒ³ãƒ†ãƒ�ã‚°ãƒ­
     got: モンテネグロ
 ; [cca2=ME].translations.jpn.official
Expected: ãƒ¢ãƒ³ãƒ†ãƒ�ã‚°ãƒ­
     got: モンテネグロ
 ; [cca2=ME].translations.kor.common
Expected: ëª¬í…Œë„¤ê·¸ë¡œ
     got: 몬테네그로
 ; [cca2=ME].translations.kor.official
Expected: ëª¬í…Œë„¤ê·¸ë¡œ
     got: 몬테네그로
 ; [cca2=ME].translations.per.common
Expected: Ù…ÙˆÙ†ØªÙ‡â€ŒÙ†Ú¯Ø±Ùˆ
     got: مونته‌نگرو
 ; [cca2=ME].translations.per.official
Expected: Ù…ÙˆÙ†ØªÙ‡â€ŒÙ†Ú¯Ø±Ùˆ
     got: مونته‌نگرو
 ; [cca2=ME].translations.pol.common
Expected: CzarnogÃ³ra
     got: Czarnogóra
 ; [cca2=ME].translations.pol.official
Expected: CzarnogÃ³ra
     got: Czarnogóra
 ; [cca2=ME].translations.rus.common
Expected: Ð§ÐµÑ€Ð½Ð¾Ð³Ð¾Ñ€Ð¸Ñ�
     got: Черногория
 ; [cca2=ME].translations.rus.official
Expected: Ð§ÐµÑ€Ð½Ð¾Ð³Ð¾Ñ€Ð¸Ñ�
     got: Черногория
 ; [cca2=ME].translations.slk.common
Expected: ÄŒierna Hora
     got: Čierna Hora
 ; [cca2=ME].translations.slk.official
Expected: ÄŒierna Hora
     got: Čierna Hora
 ; [cca2=ME].translations.srp.common
Expected: Ð¦Ñ€Ð½Ð° Ð“Ð¾Ñ€Ð°
     got: Црна Гора
 ; [cca2=ME].translations.srp.official
Expected: Ð¦Ñ€Ð½Ð° Ð“Ð¾Ñ€Ð°
     got: Црна Гора
 ; [cca2=ME].translations.tur.common
Expected: KaradaÄŸ
     got: Karadağ
 ; [cca2=ME].translations.tur.official
Expected: KaradaÄŸ
     got: Karadağ
 ; [cca2=ME].translations.urd.common
Expected: Ù…ÙˆÙ†Ù¹ÛŒÙ†ÛŒÚ¯Ø±Ùˆ
     got: مونٹینیگرو
 ; [cca2=ME].translations.urd.official
Expected: Ù…ÙˆÙ†Ù¹ÛŒÙ†ÛŒÚ¯Ø±Ùˆ
     got: مونٹینیگرو
 ; [cca2=ME].translations.zho.common
Expected: é»‘å±±
     got: 黑山
 ; [cca2=ME].translations.zho.official
Expected: é»‘å±±
     got: 黑山
 ; [cca2=MF].altSpellings[]
Expected: CollectivitÃ© de Saint-Martin
     but none found
 ; [cca2=MF].altSpellings[]
Unexpected: Collectivité de Saint-Martin
 ; [cca2=MF].currencies.EUR.symbol
Expected: â‚¬
     got: €
 ; [cca2=MF].flag
Expected: ðŸ‡²ðŸ‡«
     got: 🇲🇫
 ; [cca2=MF].translations.ara.common
Expected: Ø³Ø§Ù†Øª Ù…Ø§Ø±ØªÙ†
     got: سانت مارتن
 ; [cca2=MF].translations.ara.official
Expected: Ø³Ø§Ù†Øª Ù…Ø§Ø±ØªÙ†
     got: سانت مارتن
 ; [cca2=MF].translations.ces.common
Expected: SvatÃ½ Martin (Francie)
     got: Svatý Martin (Francie)
 ; [cca2=MF].translations.ces.official
Expected: SvatÃ½ Martin
     got: Svatý Martin
 ; [cca2=MF].translations.est.official
Expected: Saint-Martini Ã¼hendus
     got: Saint-Martini ühendus
 ; [cca2=MF].translations.hun.official
Expected: Saint-Martin KÃ¶zÃ¶ssÃ©g
     got: Saint-Martin Közösség
 ; [cca2=MF].translations.jpn.common
Expected: ã‚µãƒ³ãƒ»ãƒžãƒ«ã‚¿ãƒ³ï¼ˆãƒ•ãƒ©ãƒ³ã‚¹é ˜ï¼‰
     got: サン・マルタン（フランス領）
 ; [cca2=MF].translations.jpn.official
Expected: ã‚µãƒ³ãƒžãƒ«ã‚¿ãƒ³å³¶
     got: サンマルタン島
 ; [cca2=MF].translations.kor.common
Expected: ìƒ�ë§ˆë¥´íƒ±
     got: 생마르탱
 ; [cca2=MF].translations.kor.official
Expected: ìƒ�ë§ˆë¥´íƒ±
     got: 생마르탱
 ; [cca2=MF].translations.per.common
Expected: Ø³Ù† Ù…Ø§Ø±ØªÙ†
     got: سن مارتن
 ; [cca2=MF].translations.per.official
Expected: Ø³Ù† Ù…Ø§Ø±ØªÙ†
     got: سن مارتن
 ; [cca2=MF].translations.pol.official
Expected: WspÃ³lnota Saint-Martin
     got: Wspólnota Saint-Martin
 ; [cca2=MF].translations.por.common
Expected: SÃ£o Martinho
     got: São Martinho
 ; [cca2=MF].translations.rus.common
Expected: Ð¡ÐµÐ½-ÐœÐ°Ñ€Ñ‚ÐµÐ½
     got: Сен-Мартен
 ; [cca2=MF].translations.rus.official
Expected: Ð¡ÐµÐ½-ÐœÐ°Ñ€Ñ‚ÐµÐ½
     got: Сен-Мартен
 ; [cca2=MF].translations.srp.common
Expected: Ð¡Ð²ÐµÑ‚Ð¸ ÐœÐ°Ñ€Ñ‚Ð¸Ð½
     got: Свети Мартин
 ; [cca2=MF].translations.srp.official
Expected: Ð¡Ð²ÐµÑ‚Ð¸ ÐœÐ°Ñ€Ñ‚Ð¸Ð½
     got: Свети Мартин
 ; [cca2=MF].translations.swe.official
Expected: FÃ¶rvaltningsomrÃ¥det Saint-Martin
     got: Förvaltningsområdet Saint-Martin
 ; [cca2=MF].translations.urd.common
Expected: Ø³ÛŒÙ†Ù¹ Ù…Ø§Ø±Ù¹Ù†
     got: سینٹ مارٹن
 ; [cca2=MF].translations.urd.official
Expected: Ø³ÛŒÙ†Ù¹ Ù…Ø§Ø±Ù¹Ù†
     got: سینٹ مارٹن
 ; [cca2=MF].translations.zho.common
Expected: åœ£é©¬ä¸�
     got: 圣马丁
 ; [cca2=MF].translations.zho.official
Expected: åœ£é©¬ä¸�
     got: 圣马丁
 ; [cca2=MG].altSpellings[]
Expected: RÃ©publique de Madagascar
     but none found
 ; [cca2=MG].altSpellings[]
Unexpected: République de Madagascar
 ; [cca2=MG].flag
Expected: ðŸ‡²ðŸ‡¬
     got: 🇲🇬
 ; [cca2=MG].name.nativeName.fra.official
Expected: RÃ©publique de Madagascar
     got: République de Madagascar
 ; [cca2=MG].translations.ara.common
Expected: Ù…Ø¯ØºØ´Ù‚Ø±
     got: مدغشقر
 ; [cca2=MG].translations.ara.official
Expected: Ø¬Ù…Ù‡ÙˆØ±ÙŠØ© Ù…Ø¯ØºØ´Ù‚Ø±
     got: جمهورية مدغشقر
 ; [cca2=MG].translations.ces.official
Expected: MadagaskarskÃ¡ republika
     got: Madagaskarská republika
 ; [cca2=MG].translations.fra.official
Expected: RÃ©publique de Madagascar
     got: République de Madagascar
 ; [cca2=MG].translations.hun.common
Expected: MadagaszkÃ¡r
     got: Madagaszkár
 ; [cca2=MG].translations.hun.official
Expected: MadagaszkÃ¡ri KÃ¶ztÃ¡rsasÃ¡g
     got: Madagaszkári Köztársaság
 ; [cca2=MG].translations.jpn.common
Expected: ãƒžãƒ€ã‚¬ã‚¹ã‚«ãƒ«
     got: マダガスカル
 ; [cca2=MG].translations.jpn.official
Expected: ãƒžãƒ€ã‚¬ã‚¹ã‚«ãƒ«å…±å’Œå›½
     got: マダガスカル共和国
 ; [cca2=MG].translations.kor.common
Expected: ë§ˆë‹¤ê°€ìŠ¤ì¹´ë¥´
     got: 마다가스카르
 ; [cca2=MG].translations.kor.official
Expected: ë§ˆë‹¤ê°€ìŠ¤ì¹´ë¥´ ê³µí™”êµ­
     got: 마다가스카르 공화국
 ; [cca2=MG].translations.per.common
Expected: Ù…Ø§Ø¯Ø§Ú¯Ø§Ø³Ú©Ø§Ø±
     got: ماداگاسکار
 ; [cca2=MG].translations.per.official
Expected: Ø¬Ù…Ù‡ÙˆØ±ÛŒ Ù…Ø§Ø¯Ø§Ú¯Ø§Ø³Ú©Ø§Ø±
     got: جمهوری ماداگاسکار
 ; [cca2=MG].translations.por.common
Expected: MadagÃ¡scar
     got: Madagáscar
 ; [cca2=MG].translations.por.official
Expected: RepÃºblica de MadagÃ¡scar
     got: República de Madagáscar
 ; [cca2=MG].translations.rus.common
Expected: ÐœÐ°Ð´Ð°Ð³Ð°Ñ�ÐºÐ°Ñ€
     got: Мадагаскар
 ; [cca2=MG].translations.rus.official
Expected: Ð ÐµÑ�Ð¿ÑƒÐ±Ð»Ð¸ÐºÐ° ÐœÐ°Ð´Ð°Ð³Ð°Ñ�ÐºÐ°Ñ€
     got: Республика Мадагаскар
 ; [cca2=MG].translations.slk.official
Expected: MadagaskarskÃ¡ republika
     got: Madagaskarská republika
 ; [cca2=MG].translations.spa.official
Expected: RepÃºblica de Madagascar
     got: República de Madagascar
 ; [cca2=MG].translations.srp.common
Expected: ÐœÐ°Ð´Ð°Ð³Ð°Ñ�ÐºÐ°Ñ€
     got: Мадагаскар
 ; [cca2=MG].translations.srp.official
Expected: Ð ÐµÐ¿ÑƒÐ±Ð»Ð¸ÐºÐ° ÐœÐ°Ð´Ð°Ð³Ð°Ñ�ÐºÐ°Ñ€
     got: Република Мадагаскар
 ; [cca2=MG].translations.urd.common
Expected: Ù…ÚˆØºØ§Ø³Ú©Ø±
     got: مڈغاسکر
 ; [cca2=MG].translations.urd.official
Expected: Ø¬Ù…Û�ÙˆØ±ÛŒÛ� Ù…ÚˆØºØ§Ø³Ú©Ø±
     got: جمہوریہ مڈغاسکر
 ; [cca2=MG].translations.zho.common
Expected: é©¬è¾¾åŠ æ–¯åŠ 
     got: 马达加斯加
 ; [cca2=MG].translations.zho.official
Expected: é©¬è¾¾åŠ æ–¯åŠ å…±å’Œå›½
     got: 马达加斯加共和国
 ; [cca2=MH].altSpellings[]
Expected: AolepÄ�n AorÅ�kin MÌ§ajeÄ¼
     but none found
 ; [cca2=MH].altSpellings[]
Unexpected: Aolepān Aorōkin M̧ajeļ
 ; [cca2=MH].flag
Expected: ðŸ‡²ðŸ‡­
     got: 🇲🇭
 ; [cca2=MH].flags.alt
Expected: The flag of Marshall Islands has a blue field with two broadening adjacent diagonal bands of orange and white that extend from the lower hoist-side corner to the upper fly-side corner of the field. A large white star with twenty-four rays â€” four large rays at the cardinal points and twenty smaller rays â€” is situated in the upper hoist-side corner above the diagonal bands.
     got: The flag of Marshall Islands has a blue field with two broadening adjacent diagonal bands of orange and white that extend from the lower hoist-side corner to the upper fly-side corner of the field. A large white star with twenty-four rays — four large rays at the cardinal points and twenty smaller rays — is situated in the upper hoist-side corner above the diagonal bands.
 ; [cca2=MH].name.nativeName.mah.common
Expected: MÌ§ajeÄ¼
     got: M̧ajeļ
 ; [cca2=MH].translations.ara.common
Expected: Ø¬Ø²Ø± Ù…Ø§Ø±Ø´Ø§Ù„
     got: جزر مارشال
 ; [cca2=MH].translations.ara.official
Expected: Ø¬Ù…Ù‡ÙˆØ±ÙŠØ© Ø¬Ø²Ø± Ù…Ø§Ø±Ø´Ø§Ù„
     got: جمهورية جزر مارشال
 ; [cca2=MH].translations.fra.common
Expected: ÃŽles Marshall
     got: Îles Marshall
 ; [cca2=MH].translations.fra.official
Expected: RÃ©publique des ÃŽles Marshall
     got: République des Îles Marshall
 ; [cca2=MH].translations.hrv.common
Expected: MarÅ¡alovi Otoci
     got: Maršalovi Otoci
 ; [cca2=MH].translations.hrv.official
Expected: Republika MarÅ¡alovi Otoci
     got: Republika Maršalovi Otoci
 ; [cca2=MH].translations.jpn.common
Expected: ãƒžãƒ¼ã‚·ãƒ£ãƒ«è«¸å³¶
     got: マーシャル諸島
 ; [cca2=MH].translations.jpn.official
Expected: ãƒžãƒ¼ã‚·ãƒ£ãƒ«è«¸å³¶å…±å’Œå›½
     got: マーシャル諸島共和国
 ; [cca2=MH].translations.kor.common
Expected: ë§ˆì…œ ì œë�„
     got: 마셜 제도
 ; [cca2=MH].translations.kor.official
Expected: ë§ˆì…œ ì œë�„ ê³µí™”êµ­
     got: 마셜 제도 공화국
 ; [cca2=MH].translations.per.common
Expected: Ø¬Ø²Ø§ÛŒØ± Ù…Ø§Ø±Ø´Ø§Ù„
     got: جزایر مارشال
 ; [cca2=MH].translations.per.official
Expected: Ø¬Ù…Ù‡ÙˆØ±ÛŒ Ø¬Ø²Ø§ÛŒØ± Ù…Ø§Ø±Ø´Ø§Ù„
     got: جمهوری جزایر مارشال
 ; [cca2=MH].translations.por.official
Expected: RepÃºblica das Ilhas Marshall
     got: República das Ilhas Marshall
 ; [cca2=MH].translations.rus.common
Expected: ÐœÐ°Ñ€ÑˆÐ°Ð»Ð»Ð¾Ð²Ñ‹ ÐžÑ�Ñ‚Ñ€Ð¾Ð²Ð°
     got: Маршалловы Острова
 ; [cca2=MH].translations.rus.official
Expected: Ð ÐµÑ�Ð¿ÑƒÐ±Ð»Ð¸ÐºÐ° ÐœÐ°Ñ€ÑˆÐ°Ð»Ð»Ð¾Ð²Ñ‹ Ð¾Ñ�Ñ‚Ñ€Ð¾Ð²Ð°
     got: Республика Маршалловы острова
 ; [cca2=MH].translations.slk.official
Expected: Republika MarshallovÃ½ch ostrovov
     got: Republika Marshallových ostrovov
 ; [cca2=MH].translations.spa.official
Expected: RepÃºblica de las Islas Marshall
     got: República de las Islas Marshall
 ; [cca2=MH].translations.srp.common
Expected: ÐœÐ°Ñ€ÑˆÐ°Ð»Ñ�ÐºÐ° ÐžÑ�Ñ‚Ñ€Ð²Ð°
     got: Маршалска Острва
 ; [cca2=MH].translations.srp.official
Expected: Ð ÐµÐ¿ÑƒÐ±Ð»Ð¸ÐºÐ° ÐœÐ°Ñ€ÑˆÐ°Ð»Ñ�ÐºÐ° ÐžÑ�Ñ‚Ñ€Ð²Ð°
     got: Република Маршалска Острва
 ; [cca2=MH].translations.swe.common
Expected: MarshallÃ¶arna
     got: Marshallöarna
 ; [cca2=MH].translations.swe.official
Expected: Republiken MarshallÃ¶arna
     got: Republiken Marshallöarna
 ; [cca2=MH].translations.tur.common
Expected: Marshall AdalarÄ±
     got: Marshall Adaları
 ; [cca2=MH].translations.tur.official
Expected: Marshall AdalarÄ± Cumhuriyeti
     got: Marshall Adaları Cumhuriyeti
 ; [cca2=MH].translations.urd.common
Expected: Ø¬Ø²Ø§Ø¦Ø± Ù…Ø§Ø±Ø´Ù„
     got: جزائر مارشل
 ; [cca2=MH].translations.urd.official
Expected: Ø¬Ù…Û�ÙˆØ±ÛŒÛ� Ø¬Ø²Ø§Ø¦Ø± Ù…Ø§Ø±Ø´Ù„
     got: جمہوریہ جزائر مارشل
 ; [cca2=MH].translations.zho.common
Expected: é©¬ç»�å°”ç¾¤å²›
     got: 马绍尔群岛
 ; [cca2=MH].translations.zho.official
Expected: é©¬ç»�å°”ç¾¤å²›å…±å’Œå›½
     got: 马绍尔群岛共和国
 ; [cca2=MK].altSpellings[]
Expected: Ð ÐµÐ¿ÑƒÐ±Ð»Ð¸ÐºÐ° Ð¡ÐµÐ²ÐµÑ€Ð½Ð° ÐœÐ°ÐºÐµÐ´Ð¾Ð½Ð¸Ñ˜Ð°
     but none found
 ; [cca2=MK].altSpellings[]
Unexpected: Република Северна Македонија
 ; [cca2=MK].demonyms.fra.f
Expected: MacÃ©donienne
     got: Macédonienne
 ; [cca2=MK].demonyms.fra.m
Expected: MacÃ©donien
     got: Macédonien
 ; [cca2=MK].flag
Expected: ðŸ‡²ðŸ‡°
     got: 🇲🇰
 ; [cca2=MK].name.nativeName.mkd.common
Expected: ÐœÐ°ÐºÐµÐ´Ð¾Ð½Ð¸Ñ˜Ð°
     got: Македонија
 ; [cca2=MK].name.nativeName.mkd.official
Expected: Ð ÐµÐ¿ÑƒÐ±Ð»Ð¸ÐºÐ° Ð¡ÐµÐ²ÐµÑ€Ð½Ð° ÐœÐ°ÐºÐµÐ´Ð¾Ð½Ð¸Ñ˜Ð°
     got: Република Северна Македонија
 ; [cca2=MK].translations.ara.common
Expected: Ø´Ù…Ø§Ù„ Ù…Ù‚Ø¯ÙˆÙ†ÙŠØ§
     got: شمال مقدونيا
 ; [cca2=MK].translations.ara.official
Expected: Ø¬Ù…Ù‡ÙˆØ±ÙŠØ© Ø´Ù…Ø§Ù„ Ù…Ù‚Ø¯ÙˆÙ†ÙŠØ§
     got: جمهورية شمال مقدونيا
 ; [cca2=MK].translations.ces.common
Expected: SevernÃ­ Makedonie
     got: Severní Makedonie
 ; [cca2=MK].translations.ces.official
Expected: Republika SevernÃ­ Makedonie
     got: Republika Severní Makedonie
 ; [cca2=MK].translations.est.common
Expected: PÃµhja-Makedoonia
     got: Põhja-Makedoonia
 ; [cca2=MK].translations.est.official
Expected: PÃµhja-Makedoonia Vabariik
     got: Põhja-Makedoonia Vabariik
 ; [cca2=MK].translations.fra.common
Expected: MacÃ©doine du Nord
     got: Macédoine du Nord
 ; [cca2=MK].translations.fra.official
Expected: RÃ©publique de MacÃ©doine du Nord
     got: République de Macédoine du Nord
 ; [cca2=MK].translations.hun.common
Expected: Ã‰szak-MacedÃ³nia
     got: Észak-Macedónia
 ; [cca2=MK].translations.hun.official
Expected: Ã‰szak-macedÃ³n KÃ¶ztÃ¡rsasÃ¡g
     got: Észak-macedón Köztársaság
 ; [cca2=MK].translations.jpn.common
Expected: åŒ—ãƒžã‚±ãƒ‰ãƒ‹ã‚¢ 
     got: 北マケドニア 
 ; [cca2=MK].translations.jpn.official
Expected: åŒ—ãƒžã‚±ãƒ‰ãƒ‹ã‚¢å…±å’Œå›½
     got: 北マケドニア共和国
 ; [cca2=MK].translations.kor.common
Expected: ë¶�ë§ˆì¼€ë�„ë‹ˆì•„
     got: 북마케도니아
 ; [cca2=MK].translations.kor.official
Expected: ë¶�ë§ˆì¼€ë�„ë‹ˆì•„ ê³µí™”êµ­
     got: 북마케도니아 공화국
 ; [cca2=MK].translations.nld.common
Expected: Noord-MacedoniÃ«
     got: Noord-Macedonië
 ; [cca2=MK].translations.nld.official
Expected: Republiek Noord-MacedoniÃ«
     got: Republiek Noord-Macedonië
 ; [cca2=MK].translations.per.common
Expected: Ù…Ù‚Ø¯ÙˆÙ†ÛŒÙ‡ Ø´Ù…Ø§Ù„ÛŒ
     got: مقدونیه شمالی
 ; [cca2=MK].translations.per.official
Expected: Ø¬Ù…Ù‡ÙˆØ±ÛŒ Ù…Ù‚Ø¯ÙˆÙ†ÛŒÙ‡ Ø´Ù…Ø§Ù„ÛŒ
     got: جمهوری مقدونیه شمالی
 ; [cca2=MK].translations.pol.common
Expected: Macedonia PÃ³Å‚nocna
     got: Macedonia Północna
 ; [cca2=MK].translations.pol.official
Expected: Republika Macedonii PÃ³Å‚nocnej
     got: Republika Macedonii Północnej
 ; [cca2=MK].translations.por.common
Expected: MacedÃ³nia do Norte
     got: Macedónia do Norte
 ; [cca2=MK].translations.por.official
Expected: RepÃºblica da MacedÃ´nia do Norte
     got: República da Macedônia do Norte
 ; [cca2=MK].translations.rus.common
Expected: Ð¡ÐµÐ²ÐµÑ€Ð½Ð°Ñ� ÐœÐ°ÐºÐµÐ´Ð¾Ð½Ð¸Ñ�
     got: Северная Македония
 ; [cca2=MK].translations.rus.official
Expected: Ð ÐµÑ�Ð¿ÑƒÐ±Ð»Ð¸ÐºÐ° Ð¡ÐµÐ²ÐµÑ€Ð½Ð°Ñ� ÐœÐ°ÐºÐµÐ´Ð¾Ð½Ð¸Ñ�
     got: Республика Северная Македония
 ; [cca2=MK].translations.slk.common
Expected: SevernÃ© MacedÃ³nsko
     got: Severné Macedónsko
 ; [cca2=MK].translations.slk.official
Expected: SeveromacedÃ³nska republika
     got: Severomacedónska republika
 ; [cca2=MK].translations.spa.official
Expected: RepÃºblica de Macedonia del Norte
     got: República de Macedonia del Norte
 ; [cca2=MK].translations.srp.common
Expected: Ð¡ÐµÐ²ÐµÑ€Ð½Ð° ÐœÐ°ÐºÐµÐ´Ð¾Ð½Ð¸Ñ˜Ð°
     got: Северна Македонија
 ; [cca2=MK].translations.srp.official
Expected: Ð ÐµÐ¿ÑƒÐ±Ð»Ð¸ÐºÐ° Ð¡ÐµÐ²ÐµÑ€Ð½Ð° ÐœÐ°ÐºÐµÐ´Ð¾Ð½Ð¸Ñ˜Ð°
     got: Република Северна Македонија
 ; [cca2=MK].translations.urd.common
Expected: Ø´Ù…Ø§Ù„ÛŒ Ù…Ù‚Ø¯ÙˆÙ†ÛŒÛ�
     got: شمالی مقدونیہ
 ; [cca2=MK].translations.urd.official
Expected: Ø¬Ù…Û�ÙˆØ±ÛŒÛ� Ù…Ù‚Ø¯ÙˆÙ†ÛŒÛ�
     got: جمہوریہ مقدونیہ
 ; [cca2=MK].translations.zho.common
Expected: åŒ—é¦¬å…¶é “
     got: 北馬其頓
 ; [cca2=MK].translations.zho.official
Expected: åŒ—é¦¬å…¶é “å…±å’Œåœ‹
     got: 北馬其頓共和國
 ; [cca2=ML].altSpellings[]
Expected: RÃ©publique du Mali
     but none found
 ; [cca2=ML].altSpellings[]
Unexpected: République du Mali
 ; [cca2=ML].flag
Expected: ðŸ‡²ðŸ‡±
     got: 🇲🇱
 ; [cca2=ML].name.nativeName.fra.official
Expected: RÃ©publique du Mali
     got: République du Mali
 ; [cca2=ML].translations.ara.common
Expected: Ù…Ø§Ù„ÙŠ
     got: مالي
 ; [cca2=ML].translations.ara.official
Expected: Ø¬Ù…Ù‡ÙˆØ±ÙŠØ© Ù…Ø§Ù„ÙŠ
     got: جمهورية مالي
 ; [cca2=ML].translations.fra.official
Expected: RÃ©publique du Mali
     got: République du Mali
 ; [cca2=ML].translations.hun.official
Expected: Mali KÃ¶ztÃ¡rsasÃ¡g
     got: Mali Köztársaság
 ; [cca2=ML].translations.jpn.common
Expected: ãƒžãƒª
     got: マリ
 ; [cca2=ML].translations.jpn.official
Expected: ãƒžãƒªå…±å’Œå›½
     got: マリ共和国
 ; [cca2=ML].translations.kor.common
Expected: ë§�ë¦¬
     got: 말리
 ; [cca2=ML].translations.kor.official
Expected: ë§�ë¦¬ ê³µí™”êµ­
     got: 말리 공화국
 ; [cca2=ML].translations.per.common
Expected: Ù…Ø§Ù„ÛŒ
     got: مالی
 ; [cca2=ML].translations.per.official
Expected: Ø¬Ù…Ù‡ÙˆØ±ÛŒ Ù…Ø§Ù„ÛŒ
     got: جمهوری مالی
 ; [cca2=ML].translations.por.official
Expected: RepÃºblica do Mali
     got: República do Mali
 ; [cca2=ML].translations.rus.common
Expected: ÐœÐ°Ð»Ð¸
     got: Мали
 ; [cca2=ML].translations.rus.official
Expected: Ð ÐµÑ�Ð¿ÑƒÐ±Ð»Ð¸ÐºÐ° ÐœÐ°Ð»Ð¸
     got: Республика Мали
 ; [cca2=ML].translations.slk.official
Expected: MalijskÃ¡ republika
     got: Malijská republika
 ; [cca2=ML].translations.spa.official
Expected: RepÃºblica de MalÃ­
     got: República de Malí
 ; [cca2=ML].translations.srp.common
Expected: ÐœÐ°Ð»Ð¸
     got: Мали
 ; [cca2=ML].translations.srp.official
Expected: Ð ÐµÐ¿ÑƒÐ±Ð»Ð¸ÐºÐ° ÐœÐ°Ð»Ð¸
     got: Република Мали
 ; [cca2=ML].translations.urd.common
Expected: Ù…Ø§Ù„ÛŒ
     got: مالی
 ; [cca2=ML].translations.urd.official
Expected: Ø¬Ù…Û�ÙˆØ±ÛŒÛ� Ù…Ø§Ù„ÛŒ
     got: جمہوریہ مالی
 ; [cca2=ML].translations.zho.common
Expected: é©¬é‡Œ
     got: 马里
 ; [cca2=ML].translations.zho.official
Expected: é©¬é‡Œå…±å’Œå›½
     got: 马里共和国
 ; [cca2=MM].altSpellings[]
Expected: Pyidaunzu ThanmÄƒda MyÄƒma Nainngandaw
     but none found
 ; [cca2=MM].altSpellings[]
Unexpected: Pyidaunzu Thanmăda Myăma Nainngandaw
 ; [cca2=MM].flag
Expected: ðŸ‡²ðŸ‡²
     got: 🇲🇲
 ; [cca2=MM].name.nativeName.mya.common
Expected: á€™á€¼á€”á€ºá€™á€¬
     got: မြန်မာ
 ; [cca2=MM].name.nativeName.mya.official
Expected: á€•á€¼á€Šá€ºá€‘á€±á€¬á€„á€ºá€…á€¯ á€žá€™á€¹á€™á€� á€™á€¼á€”á€ºá€™á€¬á€”á€­á€¯á€„á€ºá€„á€¶á€�á€±á€¬á€º
     got: ပြည်ထောင်စု သမ္မတ မြန်မာနိုင်ငံတော်
 ; [cca2=MM].translations.ara.common
Expected: Ù…ÙŠØ§Ù†Ù…Ø§Ø±
     got: ميانمار
 ; [cca2=MM].translations.ara.official
Expected: Ø¬Ù…Ù‡ÙˆØ±ÙŠØ© Ø§ØªØ­Ø§Ø¯ Ù…ÙŠØ§Ù†Ù…Ø§Ø±
     got: جمهورية اتحاد ميانمار
 ; [cca2=MM].translations.ces.official
Expected: Republika MyanmarskÃ½ svaz
     got: Republika Myanmarský svaz
 ; [cca2=MM].translations.fra.official
Expected: RÃ©publique de l&apos;Union du Myanmar
     got: République de l&apos;Union du Myanmar
 ; [cca2=MM].translations.hun.official
Expected: Mianmari Ã�llamszÃ¶vetsÃ©g KÃ¶ztÃ¡rsasÃ¡ga
     got: Mianmari Államszövetség Köztársasága
 ; [cca2=MM].translations.jpn.common
Expected: ãƒŸãƒ£ãƒ³ãƒžãƒ¼
     got: ミャンマー
 ; [cca2=MM].translations.jpn.official
Expected: ãƒŸãƒ£ãƒ³ãƒžãƒ¼é€£é‚¦å…±å’Œå›½
     got: ミャンマー連邦共和国
 ; [cca2=MM].translations.kor.common
Expected: ë¯¸ì–€ë§ˆ
     got: 미얀마
 ; [cca2=MM].translations.kor.official
Expected: ë¯¸ì–€ë§ˆ ì—°ë°© ê³µí™”êµ­
     got: 미얀마 연방 공화국
 ; [cca2=MM].translations.per.common
Expected: Ù…ÛŒØ§Ù†Ù…Ø§Ø±
     got: میانمار
 ; [cca2=MM].translations.per.official
Expected: Ø§ØªØ­Ø§Ø¯ÛŒÙ‡ Ø¬Ù…Ù‡ÙˆØ±ÛŒ Ù…ÛŒØ§Ù†Ù…Ø§Ø±
     got: اتحادیه جمهوری میانمار
 ; [cca2=MM].translations.pol.official
Expected: Republika ZwiÄ…zku Mjanmy
     got: Republika Związku Mjanmy
 ; [cca2=MM].translations.por.official
Expected: RepÃºblica da UniÃ£o de Myanmar
     got: República da União de Myanmar
 ; [cca2=MM].translations.rus.common
Expected: ÐœÑŒÑ�Ð½Ð¼Ð°
     got: Мьянма
 ; [cca2=MM].translations.rus.official
Expected: Ð ÐµÑ�Ð¿ÑƒÐ±Ð»Ð¸ÐºÐ° Ð¡Ð¾ÑŽÐ·Ð° ÐœÑŒÑ�Ð½Ð¼Ð°
     got: Республика Союза Мьянма
 ; [cca2=MM].translations.slk.official
Expected: MjanmarskÃ¡ zvÃ¤zovÃ¡ republika
     got: Mjanmarská zväzová republika
 ; [cca2=MM].translations.spa.official
Expected: RepÃºblica de la UniÃ³n de Myanmar
     got: República de la Unión de Myanmar
 ; [cca2=MM].translations.srp.common
Expected: ÐœÑ˜Ð°Ð½Ð¼Ð°Ñ€
     got: Мјанмар
 ; [cca2=MM].translations.srp.official
Expected: Ð ÐµÐ¿ÑƒÐ±Ð»Ð¸ÐºÐ° Ð¡Ð°Ð²ÐµÐ· ÐœÑ˜Ð°Ð½Ð¼Ð°Ñ€Ð°
     got: Република Савез Мјанмара
 ; [cca2=MM].translations.tur.official
Expected: Myanmar BirliÄŸi Cumhuriyeti
     got: Myanmar Birliği Cumhuriyeti
 ; [cca2=MM].translations.urd.common
Expected: Ù…ÛŒØ§Ù†Ù…Ø§Ø±
     got: میانمار
 ; [cca2=MM].translations.urd.official
Expected: Ù…ØªØ­Ø¯Û� Ø¬Ù…Û�ÙˆØ±ÛŒÛ� Ù…ÛŒØ§Ù†Ù…Ø§Ø±
     got: متحدہ جمہوریہ میانمار
 ; [cca2=MM].translations.zho.common
Expected: ç¼…ç”¸
     got: 缅甸
 ; [cca2=MM].translations.zho.official
Expected: ç¼…ç”¸è�”é‚¦å…±å’Œå›½
     got: 缅甸联邦共和国
 ; [cca2=MN].currencies.MNT.name
Expected: Mongolian tÃ¶grÃ¶g
     got: Mongolian tögrög
 ; [cca2=MN].currencies.MNT.symbol
Expected: â‚®
     got: ₮
 ; [cca2=MN].flag
Expected: ðŸ‡²ðŸ‡³
     got: 🇲🇳
 ; [cca2=MN].flags.alt
Expected: The flag of Mongolia is composed of three equal vertical bands of red, blue and red, with the national emblem â€” the Soyombo â€” in gold centered in the hoist-side red band.
     got: The flag of Mongolia is composed of three equal vertical bands of red, blue and red, with the national emblem — the Soyombo — in gold centered in the hoist-side red band.
 ; [cca2=MN].name.nativeName.mon.common
Expected: ÐœÐ¾Ð½Ð³Ð¾Ð» ÑƒÐ»Ñ�
     got: Монгол улс
 ; [cca2=MN].name.nativeName.mon.official
Expected: ÐœÐ¾Ð½Ð³Ð¾Ð» ÑƒÐ»Ñ�
     got: Монгол улс
 ; [cca2=MN].translations.ara.common
Expected: Ù…Ù†ØºÙˆÙ„ÙŠØ§
     got: منغوليا
 ; [cca2=MN].translations.ara.official
Expected: Ø¬Ù…Ù‡ÙˆØ±ÙŠØ© Ù…Ù†ØºÙˆÙ„ÙŠØ§
     got: جمهورية منغوليا
 ; [cca2=MN].translations.ces.official
Expected: StÃ¡t Mongolsko
     got: Stát Mongolsko
 ; [cca2=MN].translations.hun.common
Expected: MongÃ³lia
     got: Mongólia
 ; [cca2=MN].translations.hun.official
Expected: MongÃ³lia
     got: Mongólia
 ; [cca2=MN].translations.jpn.common
Expected: ãƒ¢ãƒ³ã‚´ãƒ«
     got: モンゴル
 ; [cca2=MN].translations.jpn.official
Expected: ãƒ¢ãƒ³ã‚´ãƒ«
     got: モンゴル
 ; [cca2=MN].translations.kor.common
Expected: ëª½ê³¨êµ­
     got: 몽골국
 ; [cca2=MN].translations.kor.official
Expected: ëª½ê³¨
     got: 몽골
 ; [cca2=MN].translations.nld.common
Expected: MongoliÃ«
     got: Mongolië
 ; [cca2=MN].translations.nld.official
Expected: MongoliÃ«
     got: Mongolië
 ; [cca2=MN].translations.per.common
Expected: Ù…ØºÙˆÙ„Ø³ØªØ§Ù†
     got: مغولستان
 ; [cca2=MN].translations.per.official
Expected: Ù…ØºÙˆÙ„Ø³ØªØ§Ù†
     got: مغولستان
 ; [cca2=MN].translations.por.common
Expected: MongÃ³lia
     got: Mongólia
 ; [cca2=MN].translations.por.official
Expected: MongÃ³lia
     got: Mongólia
 ; [cca2=MN].translations.rus.common
Expected: ÐœÐ¾Ð½Ð³Ð¾Ð»Ð¸Ñ�
     got: Монголия
 ; [cca2=MN].translations.rus.official
Expected: ÐœÐ¾Ð½Ð³Ð¾Ð»Ð¸Ñ�
     got: Монголия
 ; [cca2=MN].translations.srp.common
Expected: ÐœÐ¾Ð½Ð³Ð¾Ð»Ð¸Ñ˜Ð°
     got: Монголија
 ; [cca2=MN].translations.srp.official
Expected: ÐœÐ¾Ð½Ð³Ð¾Ð»Ð¸Ñ˜Ð°
     got: Монголија
 ; [cca2=MN].translations.tur.common
Expected: MoÄŸolistan
     got: Moğolistan
 ; [cca2=MN].translations.tur.official
Expected: MoÄŸolistan
     got: Moğolistan
 ; [cca2=MN].translations.urd.common
Expected: Ù…Ù†Ú¯ÙˆÙ„ÛŒØ§
     got: منگولیا
 ; [cca2=MN].translations.urd.official
Expected: Ù…Ù†Ú¯ÙˆÙ„ÛŒØ§
     got: منگولیا
 ; [cca2=MN].translations.zho.common
Expected: è’™å�¤
     got: 蒙古
 ; [cca2=MN].translations.zho.official
Expected: è’™å�¤
     got: 蒙古
 ; [cca2=MO].altSpellings[]
Expected: æ¾³é—¨
     but none found
 ; [cca2=MO].altSpellings[]
Expected: ä¸­è�¯äººæ°‘å…±å’Œåœ‹æ¾³é–€ç‰¹åˆ¥è¡Œæ”¿å�€
     but none found
 ; [cca2=MO].altSpellings[]
Expected: RegiÃ£o Administrativa Especial de Macau da RepÃºblica Popular da China
     but none found
 ; [cca2=MO].altSpellings[]
Unexpected: 中華人民共和國澳門特別行政區
 ; [cca2=MO].altSpellings[]
Unexpected: 澳门
 ; [cca2=MO].altSpellings[]
Unexpected: Região Administrativa Especial de Macau da República Popular da China
 ; [cca2=MO].flag
Expected: ðŸ‡²ðŸ‡´
     got: 🇲🇴
 ; [cca2=MO].name.nativeName.por.official
Expected: RegiÃ£o Administrativa Especial de Macau da RepÃºblica Popular da China
     got: Região Administrativa Especial de Macau da República Popular da China
 ; [cca2=MO].name.nativeName.zho.common
Expected: æ¾³é—¨
     got: 澳门
 ; [cca2=MO].name.nativeName.zho.official
Expected: ä¸­å�Žäººæ°‘å…±å’Œå›½æ¾³é—¨ç‰¹åˆ«è¡Œæ”¿åŒº
     got: 中华人民共和国澳门特别行政区
 ; [cca2=MO].translations.ara.common
Expected: Ù…Ø§ÙƒØ§Ùˆ
     got: ماكاو
 ; [cca2=MO].translations.ara.official
Expected: Ù…Ù†Ø·Ù‚Ø© Ù…Ø§ÙƒØ§Ùˆ Ø§Ù„Ø¥Ø¯Ø§Ø±ÙŠØ© Ø§Ù„ØªØ§Ø¨Ø¹Ø© Ù„Ø¬Ù…Ù‡ÙˆØ±ÙŠØ© Ø§Ù„ØµÙŠÙ† Ø§Ù„Ø´Ø¹Ø¨ÙŠØ©
     got: منطقة ماكاو الإدارية التابعة لجمهورية الصين الشعبية
 ; [cca2=MO].translations.ces.official
Expected: ZvlÃ¡Å¡tnÃ­ sprÃ¡vnÃ­ oblast ÄŒÃ­nskÃ© lidovÃ© republiky Macao
     got: Zvláštní správní oblast Čínské lidové republiky Macao
 ; [cca2=MO].translations.fra.official
Expected: RÃ©gion administrative spÃ©ciale de Macao de la RÃ©publique populaire de Chine
     got: Région administrative spéciale de Macao de la République populaire de Chine
 ; [cca2=MO].translations.hrv.official
Expected: Makao Posebnog upravnog podruÄ�jaNarodne Republike Kine
     got: Makao Posebnog upravnog područjaNarodne Republike Kine
 ; [cca2=MO].translations.hun.common
Expected: MakaÃ³
     got: Makaó
 ; [cca2=MO].translations.hun.official
Expected: MakaÃ³
     got: Makaó
 ; [cca2=MO].translations.jpn.common
Expected: ãƒžã‚«ã‚ª
     got: マカオ
 ; [cca2=MO].translations.jpn.official
Expected: ä¸­è�¯äººæ°‘å…±å’Œå›½ãƒžã‚«ã‚ªç‰¹åˆ¥è¡Œæ”¿åŒº
     got: 中華人民共和国マカオ特別行政区
 ; [cca2=MO].translations.kor.common
Expected: ë§ˆì¹´ì˜¤
     got: 마카오
 ; [cca2=MO].translations.kor.official
Expected: ì¤‘í™”ì�¸ë¯¼ê³µí™”êµ­ ë§ˆì¹´ì˜¤ íŠ¹ë³„í–‰ì •êµ¬
     got: 중화인민공화국 마카오 특별행정구
 ; [cca2=MO].translations.per.common
Expected: Ù…Ø§Ú©Ø§Ø¦Ùˆ
     got: ماکائو
 ; [cca2=MO].translations.per.official
Expected: Ù…Ø§Ú©Ø§Ø¦Ùˆ
     got: ماکائو
 ; [cca2=MO].translations.pol.official
Expected: Specjalny Region Administracyjny ChiÅ„skiej Republiki Ludowej Makau
     got: Specjalny Region Administracyjny Chińskiej Republiki Ludowej Makau
 ; [cca2=MO].translations.por.official
Expected: Macau RegiÃ£o Administrativa Especial da RepÃºblica Popular da China
     got: Macau Região Administrativa Especial da República Popular da China
 ; [cca2=MO].translations.rus.common
Expected: ÐœÐ°ÐºÐ°Ð¾
     got: Макао
 ; [cca2=MO].translations.rus.official
Expected: Ð¡Ð¿ÐµÑ†Ð¸Ð°Ð»ÑŒÐ½Ñ‹Ð¹ Ð°Ð´Ð¼Ð¸Ð½Ð¸Ñ�Ñ‚Ñ€Ð°Ñ‚Ð¸Ð²Ð½Ñ‹Ð¹ Ñ€Ð°Ð¹Ð¾Ð½ ÐœÐ°ÐºÐ°Ð¾ ÐšÐ¸Ñ‚Ð°Ð¹Ñ�ÐºÐ¾Ð¹ Ð�Ð°Ñ€Ð¾Ð´Ð½Ð¾Ð¹ Ð ÐµÑ�Ð¿ÑƒÐ±Ð»Ð¸ÐºÐ¸ ÐšÐ¸Ñ‚Ð°Ð¹
     got: Специальный административный район Макао Китайской Народной Республики Китай
 ; [cca2=MO].translations.slk.official
Expected: Macao, Å peciÃ lna administratÃ­vna oblasÅ¦
     got: Macao, Špeciàlna administratívna oblasŦ
 ; [cca2=MO].translations.spa.official
Expected: Macao, RegiÃ³n Administrativa Especial de la RepÃºblica Popular China
     got: Macao, Región Administrativa Especial de la República Popular China
 ; [cca2=MO].translations.srp.common
Expected: ÐœÐ°ÐºÐ°Ð¾
     got: Макао
 ; [cca2=MO].translations.srp.official
Expected: ÐœÐ°ÐºÐ°Ð¾ Ñ�Ð¿ÐµÑ†Ð¸Ñ˜Ð°Ð»Ð½Ð° Ð°Ð´Ð¼Ð¸Ð½Ð¸Ñ�Ñ‚Ñ€Ð°Ñ‚Ð¸Ð²Ð½Ð° Ð¾Ð±Ð»Ð°Ñ�Ñ‚ Ð�Ð°Ñ€Ð¾Ð´Ð½Ðµ Ð ÐµÐ¿ÑƒÐ±Ð»Ð¸ÐºÐµ ÐšÐ¸Ð½Ðµ
     got: Макао специјална административна област Народне Републике Кине
 ; [cca2=MO].translations.tur.official
Expected: Ã‡in Halk Cumhuriyeti Makao Ã–zel Ä°dari BÃ¶lgesi
     got: Çin Halk Cumhuriyeti Makao Özel İdari Bölgesi
 ; [cca2=MO].translations.urd.common
Expected: Ù…Ú©Ø§Ø¤
     got: مکاؤ
 ; [cca2=MO].translations.urd.official
Expected: Ù…Ú©Ø§Ø¤ Ø¹ÙˆØ§Ù…ÛŒ Ø¬Ù…Û�ÙˆØ±ÛŒÛ� Ú†ÛŒÙ† Ú©Ø§ Ø®ØµÙˆØµÛŒ Ø§Ù†ØªØ¸Ø§Ù…ÛŒ Ø¹Ù„Ø§Ù‚Û�
     got: مکاؤ عوامی جمہوریہ چین کا خصوصی انتظامی علاقہ
 ; [cca2=MP].altSpellings[]
Expected: Sankattan Siha Na Islas MariÃ¥nas
     but none found
 ; [cca2=MP].altSpellings[]
Unexpected: Sankattan Siha Na Islas Mariånas
 ; [cca2=MP].demonyms.fra.f
Expected: AmÃ©ricaine
     got: Américaine
 ; [cca2=MP].demonyms.fra.m
Expected: AmÃ©rican
     got: Américan
 ; [cca2=MP].flag
Expected: ðŸ‡²ðŸ‡µ
     got: 🇲🇵
 ; [cca2=MP].name.nativeName.cha.common
Expected: Na Islas MariÃ¥nas
     got: Na Islas Mariånas
 ; [cca2=MP].name.nativeName.cha.official
Expected: Sankattan Siha Na Islas MariÃ¥nas
     got: Sankattan Siha Na Islas Mariånas
 ; [cca2=MP].translations.ara.common
Expected: Ø¬Ø²Ø± Ù…Ø§Ø±ÙŠØ§Ù†Ø§ Ø§Ù„Ø´Ù…Ø§Ù„ÙŠØ©
     got: جزر ماريانا الشمالية
 ; [cca2=MP].translations.ara.official
Expected: ÙƒÙˆÙ…ÙˆÙ†ÙˆÙ„Ø« Ø¬Ø²Ø± Ù…Ø§Ø±ÙŠØ§Ù†Ø§ Ø§Ù„Ø´Ù…Ø§Ù„ÙŠØ©
     got: كومونولث جزر ماريانا الشمالية
 ; [cca2=MP].translations.ces.common
Expected: SevernÃ­ Mariany
     got: Severní Mariany
 ; [cca2=MP].translations.ces.official
Expected: SpoleÄ�enstvÃ­ SevernÃ­ch Marian
     got: Společenství Severních Marian
 ; [cca2=MP].translations.deu.common
Expected: NÃ¶rdliche Marianen
     got: Nördliche Marianen
 ; [cca2=MP].translations.deu.official
Expected: Commonwealth der NÃ¶rdlichen Marianen
     got: Commonwealth der Nördlichen Marianen
 ; [cca2=MP].translations.est.common
Expected: PÃµhja-Mariaanid
     got: Põhja-Mariaanid
 ; [cca2=MP].translations.est.official
Expected: PÃµhja-Mariaani Ãœhendus
     got: Põhja-Mariaani Ühendus
 ; [cca2=MP].translations.fra.common
Expected: ÃŽles Mariannes du Nord
     got: Îles Mariannes du Nord
 ; [cca2=MP].translations.fra.official
Expected: Commonwealth des Ã®les Mariannes du Nord
     got: Commonwealth des îles Mariannes du Nord
 ; [cca2=MP].translations.hun.common
Expected: Ã‰szaki-Mariana-szigetek
     got: Északi-Mariana-szigetek
 ; [cca2=MP].translations.hun.official
Expected: Ã‰szaki-Mariana-szigetek
     got: Északi-Mariana-szigetek
 ; [cca2=MP].translations.jpn.common
Expected: åŒ—ãƒžãƒªã‚¢ãƒŠè«¸å³¶
     got: 北マリアナ諸島
 ; [cca2=MP].translations.jpn.official
Expected: åŒ—ãƒžãƒªã‚¢ãƒŠè«¸å³¶
     got: 北マリアナ諸島
 ; [cca2=MP].translations.kor.common
Expected: ë¶�ë§ˆë¦¬ì•„ë‚˜ ì œë�„
     got: 북마리아나 제도
 ; [cca2=MP].translations.kor.official
Expected: ë¶�ë§ˆë¦¬ì•„ë‚˜ ì œë�„
     got: 북마리아나 제도
 ; [cca2=MP].translations.per.common
Expected: Ø¬Ø²Ø§ÛŒØ± Ù…Ø§Ø±ÛŒØ§Ù†Ø§ÛŒ Ø´Ù…Ø§Ù„ÛŒ
     got: جزایر ماریانای شمالی
 ; [cca2=MP].translations.per.official
Expected: Ø¬Ø²Ø§ÛŒØ± Ù…Ø§Ø±ÛŒØ§Ù†Ø§ÛŒ Ø´Ù…Ø§Ù„ÛŒ
     got: جزایر ماریانای شمالی
 ; [cca2=MP].translations.pol.common
Expected: Mariany PÃ³Å‚nocne
     got: Mariany Północne
 ; [cca2=MP].translations.pol.official
Expected: WspÃ³lnota MarianÃ³w PÃ³Å‚nocnych
     got: Wspólnota Marianów Północnych
 ; [cca2=MP].translations.rus.common
Expected: Ð¡ÐµÐ²ÐµÑ€Ð½Ñ‹Ðµ ÐœÐ°Ñ€Ð¸Ð°Ð½Ñ�ÐºÐ¸Ðµ Ð¾Ñ�Ñ‚Ñ€Ð¾Ð²Ð°
     got: Северные Марианские острова
 ; [cca2=MP].translations.rus.official
Expected: Ð¡Ð¾Ð´Ñ€ÑƒÐ¶ÐµÑ�Ñ‚Ð²Ð¾ Ð¡ÐµÐ²ÐµÑ€Ð½Ñ‹Ñ… ÐœÐ°Ñ€Ð¸Ð°Ð½Ñ�ÐºÐ¸Ñ… Ð¾Ñ�Ñ‚Ñ€Ð¾Ð²Ð¾Ð²
     got: Содружество Северных Марианских островов
 ; [cca2=MP].translations.slk.common
Expected: SevernÃ© MariÃ¡ny
     got: Severné Mariány
 ; [cca2=MP].translations.slk.official
Expected: SpoloÄ�enstvo ostrovov SevernÃ© MariÃ¡ny
     got: Spoločenstvo ostrovov Severné Mariány
 ; [cca2=MP].translations.srp.common
Expected: Ð¡ÐµÐ²ÐµÑ€Ð½Ð° ÐœÐ°Ñ€Ð¸Ñ˜Ð°Ð½Ñ�ÐºÐ° ÐžÑ�Ñ‚Ñ€Ð²Ð°
     got: Северна Маријанска Острва
 ; [cca2=MP].translations.srp.official
Expected: ÐšÐ¾Ð¼Ð¾Ð½Ð²ÐµÐ»Ñ‚ Ð¡ÐµÐ²ÐµÑ€Ð½Ð° ÐœÐ°Ñ€Ð¸Ñ˜Ð°Ð½Ñ�ÐºÐ° ÐžÑ�Ñ‚Ñ€Ð²Ð°
     got: Комонвелт Северна Маријанска Острва
 ; [cca2=MP].translations.tur.common
Expected: Kuzey Mariana AdalarÄ±
     got: Kuzey Mariana Adaları
 ; [cca2=MP].translations.tur.official
Expected: Kuzey Mariana AdalarÄ± Milletler TopluluÄŸu
     got: Kuzey Mariana Adaları Milletler Topluluğu
 ; [cca2=MP].translations.urd.common
Expected: Ø¬Ø²Ø§Ø¦Ø± Ø´Ù…Ø§Ù„ÛŒ Ù…Ø§Ø±ÛŒØ§Ù†Ø§
     got: جزائر شمالی ماریانا
 ; [cca2=MP].translations.urd.official
Expected: Ø¯ÙˆÙ„ØªÙ� Ù…Ø´ØªØ±Ú©Û� Ø¬Ø²Ø§Ø¦Ø± Ø´Ù…Ø§Ù„ÛŒ Ù…Ø§Ø±ÛŒØ§Ù†Ø§
     got: دولتِ مشترکہ جزائر شمالی ماریانا
 ; [cca2=MP].translations.zho.common
Expected: åŒ—é©¬é‡Œäºšçº³ç¾¤å²›
     got: 北马里亚纳群岛
 ; [cca2=MP].translations.zho.official
Expected: åŒ—é©¬é‡Œäºšçº³ç¾¤å²›
     got: 北马里亚纳群岛
 ; [cca2=MQ].currencies.EUR.symbol
Expected: â‚¬
     got: €
 ; [cca2=MQ].flag
Expected: ðŸ‡²ðŸ‡¶
     got: 🇲🇶
 ; [cca2=MQ].translations.ara.common
Expected: Ù…Ø§Ø±ØªÙŠÙ†ÙŠÙƒ
     got: مارتينيك
 ; [cca2=MQ].translations.ara.official
Expected: Ù…Ø§Ø±ØªÙŠÙ†ÙŠÙƒ
     got: مارتينيك
 ; [cca2=MQ].translations.est.official
Expected: Martiniqueâ€™i departemang
     got: Martinique’i departemang
 ; [cca2=MQ].translations.jpn.common
Expected: ãƒžãƒ«ãƒ†ã‚£ãƒ‹ãƒ¼ã‚¯
     got: マルティニーク
 ; [cca2=MQ].translations.jpn.official
Expected: ãƒžãƒ«ãƒ†ã‚£ãƒ‹ãƒ¼ã‚¯å³¶
     got: マルティニーク島
 ; [cca2=MQ].translations.kor.common
Expected: ë§ˆë¥´í‹°ë‹ˆí�¬
     got: 마르티니크
 ; [cca2=MQ].translations.kor.official
Expected: ë§ˆë¥´í‹°ë‹ˆí�¬
     got: 마르티니크
 ; [cca2=MQ].translations.per.common
Expected: Ù…Ø§Ø±ØªÛŒÙ†ÛŒÚ©
     got: مارتینیک
 ; [cca2=MQ].translations.per.official
Expected: Ù…Ø§Ø±ØªÛŒÙ†ÛŒÚ©
     got: مارتینیک
 ; [cca2=MQ].translations.rus.common
Expected: ÐœÐ°Ñ€Ñ‚Ð¸Ð½Ð¸ÐºÐ°
     got: Мартиника
 ; [cca2=MQ].translations.rus.official
Expected: ÐœÐ°Ñ€Ñ‚Ð¸Ð½Ð¸ÐºÐ°
     got: Мартиника
 ; [cca2=MQ].translations.srp.common
Expected: ÐœÐ°Ñ€Ñ‚Ð¸Ð½Ð¸Ðº
     got: Мартиник
 ; [cca2=MQ].translations.srp.official
Expected: ÐœÐ°Ñ€Ñ‚Ð¸Ð½Ð¸Ðº
     got: Мартиник
 ; [cca2=MQ].translations.urd.common
Expected: Ù…Ø§Ø±Ù¹ÛŒÙ†ÛŒÚ©
     got: مارٹینیک
 ; [cca2=MQ].translations.urd.official
Expected: Ù…Ø§Ø±Ù¹ÛŒÙ†ÛŒÚ©
     got: مارٹینیک
 ; [cca2=MQ].translations.zho.common
Expected: é©¬æ��å°¼å…‹
     got: 马提尼克
 ; [cca2=MQ].translations.zho.official
Expected: é©¬æ��å°¼å…‹
     got: 马提尼克
 ; [cca2=MR].altSpellings[]
Expected: al-JumhÅ«riyyah al-Ê¾IslÄ�miyyah al-MÅ«rÄ«tÄ�niyyah
     but none found
 ; [cca2=MR].altSpellings[]
Unexpected: al-Jumhūriyyah al-ʾIslāmiyyah al-Mūrītāniyyah
 ; [cca2=MR].flag
Expected: ðŸ‡²ðŸ‡·
     got: 🇲🇷
 ; [cca2=MR].name.nativeName.ara.common
Expected: Ù…ÙˆØ±ÙŠØªØ§Ù†ÙŠØ§
     got: موريتانيا
 ; [cca2=MR].name.nativeName.ara.official
Expected: Ø§Ù„Ø¬Ù…Ù‡ÙˆØ±ÙŠØ© Ø§Ù„Ø¥Ø³Ù„Ø§Ù…ÙŠØ© Ø§Ù„Ù…ÙˆØ±ÙŠØªØ§Ù†ÙŠØ©
     got: الجمهورية الإسلامية الموريتانية
 ; [cca2=MR].translations.ara.common
Expected: Ù…ÙˆØ±ÙŠØªØ§Ù†ÙŠØ§
     got: موريتانيا
 ; [cca2=MR].translations.ara.official
Expected: Ø§Ù„Ø¬Ù…Ù‡ÙˆØ±ÙŠØ© Ø§Ù„Ø¥Ø³Ù„Ø§Ù…ÙŠØ© Ø§Ù„Ù…ÙˆØ±ÙŠØªØ§Ù†ÙŠØ©
     got: الجمهورية الإسلامية الموريتانية
 ; [cca2=MR].translations.ces.common
Expected: MauritÃ¡nie
     got: Mauritánie
 ; [cca2=MR].translations.ces.official
Expected: MauritÃ¡nskÃ¡ islÃ¡mskÃ¡ republika
     got: Mauritánská islámská republika
 ; [cca2=MR].translations.fra.official
Expected: RÃ©publique islamique de Mauritanie
     got: République islamique de Mauritanie
 ; [cca2=MR].translations.hun.common
Expected: MauritÃ¡nia
     got: Mauritánia
 ; [cca2=MR].translations.hun.official
Expected: MauritÃ¡niai IszlÃ¡m KÃ¶ztÃ¡rsasÃ¡g
     got: Mauritániai Iszlám Köztársaság
 ; [cca2=MR].translations.jpn.common
Expected: ãƒ¢ãƒ¼ãƒªã‚¿ãƒ‹ã‚¢
     got: モーリタニア
 ; [cca2=MR].translations.jpn.official
Expected: ãƒ¢ãƒ¼ãƒªã‚¿ãƒ‹ã‚¢Â·ã‚¤ã‚¹ãƒ©ãƒ å…±å’Œå›½
     got: モーリタニア·イスラム共和国
 ; [cca2=MR].translations.kor.common
Expected: ëª¨ë¦¬íƒ€ë‹ˆ
     got: 모리타니
 ; [cca2=MR].translations.kor.official
Expected: ëª¨ë¦¬íƒ€ë‹ˆ ì�´ìŠ¬ëžŒ ê³µí™”êµ­
     got: 모리타니 이슬람 공화국
 ; [cca2=MR].translations.nld.common
Expected: MauritaniÃ«
     got: Mauritanië
 ; [cca2=MR].translations.nld.official
Expected: Islamitische Republiek MauritaniÃ«
     got: Islamitische Republiek Mauritanië
 ; [cca2=MR].translations.per.common
Expected: Ù…ÙˆØ±ÛŒØªØ§Ù†ÛŒ
     got: موریتانی
 ; [cca2=MR].translations.per.official
Expected: Ø¬Ù…Ù‡ÙˆØ±ÛŒ Ø§Ø³Ù„Ø§Ù…ÛŒ Ù…ÙˆØ±ÛŒØªØ§Ù†ÛŒ
     got: جمهوری اسلامی موریتانی
 ; [cca2=MR].translations.pol.official
Expected: Islamska Republika MauretaÅ„ska
     got: Islamska Republika Mauretańska
 ; [cca2=MR].translations.por.common
Expected: MauritÃ¢nia
     got: Mauritânia
 ; [cca2=MR].translations.por.official
Expected: RepÃºblica IslÃ¢mica da MauritÃ¢nia
     got: República Islâmica da Mauritânia
 ; [cca2=MR].translations.rus.common
Expected: ÐœÐ°Ð²Ñ€Ð¸Ñ‚Ð°Ð½Ð¸Ñ�
     got: Мавритания
 ; [cca2=MR].translations.rus.official
Expected: Ð˜Ñ�Ð»Ð°Ð¼Ñ�ÐºÐ°Ñ� Ð ÐµÑ�Ð¿ÑƒÐ±Ð»Ð¸ÐºÐ° ÐœÐ°Ð²Ñ€Ð¸Ñ‚Ð°Ð½Ð¸Ñ�
     got: Исламская Республика Мавритания
 ; [cca2=MR].translations.slk.common
Expected: MauritÃ¡nia
     got: Mauritánia
 ; [cca2=MR].translations.slk.official
Expected: MauritÃ¡nska islamskÃ¡ republika
     got: Mauritánska islamská republika
 ; [cca2=MR].translations.spa.official
Expected: RepÃºblica IslÃ¡mica de Mauritania
     got: República Islámica de Mauritania
 ; [cca2=MR].translations.srp.common
Expected: ÐœÐ°ÑƒÑ€Ð¸Ñ‚Ð°Ð½Ð¸Ñ˜Ð°
     got: Мауританија
 ; [cca2=MR].translations.srp.official
Expected: Ð˜Ñ�Ð»Ð°Ð¼Ñ�ÐºÐ° Ð ÐµÐ¿ÑƒÐ±Ð»Ð¸ÐºÐ° ÐœÐ°ÑƒÑ€Ð¸Ñ‚Ð°Ð½Ð¸Ñ˜Ð°
     got: Исламска Република Мауританија
 ; [cca2=MR].translations.tur.official
Expected: Moritanya Ä°slam Cumhuriyeti
     got: Moritanya İslam Cumhuriyeti
 ; [cca2=MR].translations.urd.common
Expected: Ù…ÙˆØ±ÛŒØªØ§Ù†ÛŒÛ�
     got: موریتانیہ
 ; [cca2=MR].translations.urd.official
Expected: Ø§Ø³Ù„Ø§Ù…ÛŒ Ø¬Ù…Û�ÙˆØ±ÛŒÛ� Ù…ÙˆØ±ÛŒØªØ§Ù†ÛŒÛ�
     got: اسلامی جمہوریہ موریتانیہ
 ; [cca2=MR].translations.zho.common
Expected: æ¯›é‡Œå¡”å°¼äºš
     got: 毛里塔尼亚
 ; [cca2=MR].translations.zho.official
Expected: æ¯›é‡Œå¡”å°¼äºšä¼Šæ–¯å…°å…±å’Œå›½
     got: 毛里塔尼亚伊斯兰共和国
 ; [cca2=MS].flag
Expected: ðŸ‡²ðŸ‡¸
     got: 🇲🇸
 ; [cca2=MS].translations.ara.common
Expected: Ù…ÙˆÙ†ØªØ³Ø±Ø§Øª
     got: مونتسرات
 ; [cca2=MS].translations.ara.official
Expected: Ù…ÙˆÙ†ØªØ³Ø±Ø§Øª
     got: مونتسرات
 ; [cca2=MS].translations.jpn.common
Expected: ãƒ¢ãƒ³ãƒˆã‚»ãƒ©ãƒˆ
     got: モントセラト
 ; [cca2=MS].translations.jpn.official
Expected: ãƒ¢ãƒ³ãƒˆã‚»ãƒ©ãƒˆ
     got: モントセラト
 ; [cca2=MS].translations.kor.common
Expected: ëª¬íŠ¸ì„¸ëž«
     got: 몬트세랫
 ; [cca2=MS].translations.kor.official
Expected: ëª¬íŠ¸ì„¸ëž«
     got: 몬트세랫
 ; [cca2=MS].translations.per.common
Expected: Ù…ÙˆÙ†ØªØ³Ø±Ø§Øª
     got: مونتسرات
 ; [cca2=MS].translations.per.official
Expected: Ù…ÙˆÙ†ØªØ³Ø±Ø§Øª
     got: مونتسرات
 ; [cca2=MS].translations.rus.common
Expected: ÐœÐ¾Ð½Ñ‚Ñ�ÐµÑ€Ñ€Ð°Ñ‚
     got: Монтсеррат
 ; [cca2=MS].translations.rus.official
Expected: ÐœÐ¾Ð½Ñ‚Ñ�ÐµÑ€Ñ€Ð°Ñ‚
     got: Монтсеррат
 ; [cca2=MS].translations.srp.common
Expected: ÐœÐ¾Ð½Ñ‚Ñ�ÐµÑ€Ð°Ñ‚
     got: Монтсерат
 ; [cca2=MS].translations.srp.official
Expected: ÐœÐ¾Ð½Ñ‚Ñ�ÐµÑ€Ð°Ñ‚
     got: Монтсерат
 ; [cca2=MS].translations.urd.common
Expected: Ù…Ø§Ù†Ù¹Ø³Ø±ÛŒÙ¹
     got: مانٹسریٹ
 ; [cca2=MS].translations.urd.official
Expected: Ù…Ø§Ù†Ù¹Ø³Ø±ÛŒÙ¹
     got: مانٹسریٹ
 ; [cca2=MS].translations.zho.common
Expected: è’™ç‰¹å¡žæ‹‰ç‰¹
     got: 蒙特塞拉特
 ; [cca2=MS].translations.zho.official
Expected: è’™ç‰¹å¡žæ‹‰ç‰¹
     got: 蒙特塞拉特
 ; [cca2=MT].currencies.EUR.symbol
Expected: â‚¬
     got: €
 ; [cca2=MT].flag
Expected: ðŸ‡²ðŸ‡¹
     got: 🇲🇹
 ; [cca2=MT].translations.ara.common
Expected: Ù…Ø§Ù„Ø·Ø§
     got: مالطا
 ; [cca2=MT].translations.ara.official
Expected: Ø¬Ù…Ù‡ÙˆØ±ÙŠØ© Ù…Ø§Ù„Ø·Ø§
     got: جمهورية مالطا
 ; [cca2=MT].translations.ces.official
Expected: MaltskÃ¡ republika
     got: Maltská republika
 ; [cca2=MT].translations.fra.official
Expected: RÃ©publique de Malte
     got: République de Malte
 ; [cca2=MT].translations.hun.common
Expected: MÃ¡lta
     got: Málta
 ; [cca2=MT].translations.hun.official
Expected: MÃ¡ltai KÃ¶ztÃ¡rsasÃ¡g
     got: Máltai Köztársaság
 ; [cca2=MT].translations.jpn.common
Expected: ãƒžãƒ«ã‚¿
     got: マルタ
 ; [cca2=MT].translations.jpn.official
Expected: ãƒžãƒ«ã‚¿å…±å’Œå›½
     got: マルタ共和国
 ; [cca2=MT].translations.kor.common
Expected: ëª°íƒ€
     got: 몰타
 ; [cca2=MT].translations.kor.official
Expected: ëª°íƒ€ ê³µí™”êµ­
     got: 몰타 공화국
 ; [cca2=MT].translations.per.common
Expected: Ù…Ø§Ù„Øª
     got: مالت
 ; [cca2=MT].translations.per.official
Expected: Ø¬Ù…Ù‡ÙˆØ±ÛŒ Ù…Ø§Ù„Øª
     got: جمهوری مالت
 ; [cca2=MT].translations.por.official
Expected: RepÃºblica de Malta
     got: República de Malta
 ; [cca2=MT].translations.rus.common
Expected: ÐœÐ°Ð»ÑŒÑ‚Ð°
     got: Мальта
 ; [cca2=MT].translations.rus.official
Expected: Ð ÐµÑ�Ð¿ÑƒÐ±Ð»Ð¸ÐºÐ° ÐœÐ°Ð»ÑŒÑ‚Ð°
     got: Республика Мальта
 ; [cca2=MT].translations.slk.official
Expected: MaltskÃ¡ republika
     got: Maltská republika
 ; [cca2=MT].translations.spa.official
Expected: RepÃºblica de Malta
     got: República de Malta
 ; [cca2=MT].translations.srp.common
Expected: ÐœÐ°Ð»Ñ‚Ð°
     got: Малта
 ; [cca2=MT].translations.srp.official
Expected:  Ð ÐµÐ¿ÑƒÐ±Ð»Ð¸ÐºÐ° ÐœÐ°Ð»Ñ‚Ð°
     got:  Република Малта
 ; [cca2=MT].translations.urd.common
Expected: Ù…Ø§Ù„Ù¹Ø§
     got: مالٹا
 ; [cca2=MT].translations.urd.official
Expected: Ø¬Ù…Û�ÙˆØ±ÛŒÛ� Ù…Ø§Ù„Ù¹Ø§
     got: جمہوریہ مالٹا
 ; [cca2=MT].translations.zho.common
Expected: é©¬è€³ä»–
     got: 马耳他
 ; [cca2=MT].translations.zho.official
Expected: é©¬è€³ä»–å…±å’Œå›½
     got: 马耳他共和国
 ; [cca2=MU].altSpellings[]
Expected: RÃ©publique de Maurice
     but none found
 ; [cca2=MU].altSpellings[]
Unexpected: République de Maurice
 ; [cca2=MU].currencies.MUR.symbol
Expected: â‚¨
     got: ₨
 ; [cca2=MU].flag
Expected: ðŸ‡²ðŸ‡º
     got: 🇲🇺
 ; [cca2=MU].name.nativeName.fra.official
Expected: RÃ©publique de Maurice
     got: République de Maurice
 ; [cca2=MU].translations.ara.common
Expected: Ù…ÙˆØ±ÙŠØ´ÙŠÙˆØ³
     got: موريشيوس
 ; [cca2=MU].translations.ara.official
Expected: Ø¬Ù…Ù‡ÙˆØ±ÙŠØ© Ù…ÙˆØ±ÙŠØ´ÙŠÙˆØ³
     got: جمهورية موريشيوس
 ; [cca2=MU].translations.ces.official
Expected: MauricijskÃ¡ republika
     got: Mauricijská republika
 ; [cca2=MU].translations.fra.common
Expected: ÃŽle Maurice
     got: Île Maurice
 ; [cca2=MU].translations.fra.official
Expected: RÃ©publique de Maurice
     got: République de Maurice
 ; [cca2=MU].translations.hun.official
Expected: Mauritiusi KÃ¶ztÃ¡rsasÃ¡g
     got: Mauritiusi Köztársaság
 ; [cca2=MU].translations.jpn.common
Expected: ãƒ¢ãƒ¼ãƒªã‚·ãƒ£ã‚¹
     got: モーリシャス
 ; [cca2=MU].translations.jpn.official
Expected: ãƒ¢ãƒ¼ãƒªã‚·ãƒ£ã‚¹å…±å’Œå›½
     got: モーリシャス共和国
 ; [cca2=MU].translations.kor.common
Expected: ëª¨ë¦¬ì…”ìŠ¤
     got: 모리셔스
 ; [cca2=MU].translations.kor.official
Expected: ëª¨ë¦¬ì…”ìŠ¤ ê³µí™”êµ­
     got: 모리셔스 공화국
 ; [cca2=MU].translations.per.common
Expected: Ù…ÙˆØ±ÛŒØ³
     got: موریس
 ; [cca2=MU].translations.per.official
Expected: Ø¬Ù…Ù‡ÙˆØ±ÛŒ Ù…ÙˆØ±ÛŒØ³
     got: جمهوری موریس
 ; [cca2=MU].translations.por.common
Expected: MaurÃ­cio
     got: Maurício
 ; [cca2=MU].translations.por.official
Expected: RepÃºblica das MaurÃ­cias
     got: República das Maurícias
 ; [cca2=MU].translations.rus.common
Expected: ÐœÐ°Ð²Ñ€Ð¸ÐºÐ¸Ð¹
     got: Маврикий
 ; [cca2=MU].translations.rus.official
Expected: Ð ÐµÑ�Ð¿ÑƒÐ±Ð»Ð¸ÐºÐ° ÐœÐ°Ð²Ñ€Ð¸ÐºÐ¸Ð¹
     got: Республика Маврикий
 ; [cca2=MU].translations.slk.common
Expected: MaurÃ­cius
     got: Maurícius
 ; [cca2=MU].translations.slk.official
Expected: MaurÃ­cijskÃ¡ republika
     got: Maurícijská republika
 ; [cca2=MU].translations.spa.official
Expected: RepÃºblica de Mauricio
     got: República de Mauricio
 ; [cca2=MU].translations.srp.common
Expected: ÐœÐ°ÑƒÑ€Ð¸Ñ†Ð¸Ñ˜ÑƒÑ�
     got: Маурицијус
 ; [cca2=MU].translations.srp.official
Expected: Ð ÐµÐ¿ÑƒÐ±Ð»Ð¸ÐºÐ° ÐœÐ°ÑƒÑ€Ð¸Ñ†Ð¸Ñ˜ÑƒÑ�
     got: Република Маурицијус
 ; [cca2=MU].translations.urd.common
Expected: Ù…ÙˆØ±ÛŒØ´Ø³
     got: موریشس
 ; [cca2=MU].translations.urd.official
Expected: Ø¬Ù…Û�ÙˆØ±ÛŒÛ� Ù…ÙˆØ±ÛŒØ´Ø³
     got: جمہوریہ موریشس
 ; [cca2=MU].translations.zho.common
Expected: æ¯›é‡Œæ±‚æ–¯
     got: 毛里求斯
 ; [cca2=MU].translations.zho.official
Expected: æ¯›é‡Œæ±‚æ–¯å…±å’Œå›½
     got: 毛里求斯共和国
 ; [cca2=MV].capital[]
Expected: MalÃ©
     but none found
 ; [cca2=MV].capital[]
Unexpected: Malé
 ; [cca2=MV].currencies.MVR.symbol
Expected: .Þƒ
     got: .ރ
 ; [cca2=MV].flag
Expected: ðŸ‡²ðŸ‡»
     got: 🇲🇻
 ; [cca2=MV].name.nativeName.div.common
Expected: Þ‹Þ¨ÞˆÞ¬Þ€Þ¨ÞƒÞ§Þ‡Þ°Þ–Þ­ÞŽÞ¬
     got: ދިވެހިރާއްޖޭގެ
 ; [cca2=MV].name.nativeName.div.official
Expected: Þ‹Þ¨ÞˆÞ¬Þ€Þ¨ÞƒÞ§Þ‡Þ°Þ–Þ­ÞŽÞ¬ Þ–ÞªÞ‰Þ°Þ€Þ«ÞƒÞ¨Þ‡Þ°Þ”Þ§
     got: ދިވެހިރާއްޖޭގެ ޖުމްހޫރިއްޔާ
 ; [cca2=MV].translations.ara.common
Expected: Ø§Ù„Ù…Ø§Ù„Ø¯ÙŠÙ�
     got: المالديف
 ; [cca2=MV].translations.ara.official
Expected: Ø¬Ù…Ù‡ÙˆØ±ÙŠØ© Ø§Ù„Ù…Ø§Ù„Ø¯ÙŠÙ�
     got: جمهورية المالديف
 ; [cca2=MV].translations.ces.official
Expected: MaledivskÃ¡ republika
     got: Maledivská republika
 ; [cca2=MV].translations.fra.official
Expected: RÃ©publique des Maldives
     got: République des Maldives
 ; [cca2=MV].translations.hun.common
Expected: MaldÃ­v-szigetek
     got: Maldív-szigetek
 ; [cca2=MV].translations.hun.official
Expected: MaldÃ­v-szigetek
     got: Maldív-szigetek
 ; [cca2=MV].translations.jpn.common
Expected: ãƒ¢ãƒ«ãƒ‡ã‚£ãƒ–
     got: モルディブ
 ; [cca2=MV].translations.jpn.official
Expected: ãƒ¢ãƒ«ãƒ‡ã‚£ãƒ–å…±å’Œå›½
     got: モルディブ共和国
 ; [cca2=MV].translations.kor.common
Expected: ëª°ë””ë¸Œ
     got: 몰디브
 ; [cca2=MV].translations.kor.official
Expected: ëª°ë””ë¸Œ ê³µí™”êµ­
     got: 몰디브 공화국
 ; [cca2=MV].translations.per.common
Expected: Ù…Ø§Ù„Ø¯ÛŒÙˆ
     got: مالدیو
 ; [cca2=MV].translations.per.official
Expected: Ø¬Ù…Ù‡ÙˆØ±ÛŒ Ù…Ø§Ù„Ø¯ÛŒÙˆ
     got: جمهوری مالدیو
 ; [cca2=MV].translations.pol.official
Expected: Republika MalediwÃ³w
     got: Republika Malediwów
 ; [cca2=MV].translations.por.official
Expected: RepÃºblica das Maldivas
     got: República das Maldivas
 ; [cca2=MV].translations.rus.common
Expected: ÐœÐ°Ð»ÑŒÐ´Ð¸Ð²Ñ‹
     got: Мальдивы
 ; [cca2=MV].translations.rus.official
Expected: Ð ÐµÑ�Ð¿ÑƒÐ±Ð»Ð¸ÐºÐ° ÐœÐ°Ð»ÑŒÐ´Ð¸Ð²Ñ‹
     got: Республика Мальдивы
 ; [cca2=MV].translations.slk.official
Expected: MaldivskÃ¡ republika
     got: Maldivská republika
 ; [cca2=MV].translations.spa.official
Expected: RepÃºblica de las Maldivas
     got: República de las Maldivas
 ; [cca2=MV].translations.srp.common
Expected: ÐœÐ°Ð»Ð´Ð¸Ð²Ð¸
     got: Малдиви
 ; [cca2=MV].translations.srp.official
Expected: ÐœÐ°Ð»Ð´Ð¸Ð²Ñ�ÐºÐ° Ð ÐµÐ¿ÑƒÐ±Ð»Ð¸ÐºÐ°
     got: Малдивска Република
 ; [cca2=MV].translations.urd.common
Expected: Ù…Ø§Ù„Ø¯ÛŒÙ¾
     got: مالدیپ
 ; [cca2=MV].translations.urd.official
Expected: Ø¬Ù…Û�ÙˆØ±ÛŒÛ� Ù…Ø§Ù„Ø¯ÛŒÙ¾
     got: جمہوریہ مالدیپ
 ; [cca2=MV].translations.zho.common
Expected: é©¬å°”ä»£å¤«
     got: 马尔代夫
 ; [cca2=MV].translations.zho.official
Expected: é©¬å°”ä»£å¤«å…±å’Œå›½
     got: 马尔代夫共和国
 ; [cca2=MW].flag
Expected: ðŸ‡²ðŸ‡¼
     got: 🇲🇼
 ; [cca2=MW].name.nativeName.nya.common
Expected: MalaÅµi
     got: Malaŵi
 ; [cca2=MW].name.nativeName.nya.official
Expected: Chalo cha Malawi, Dziko la MalaÅµi
     got: Chalo cha Malawi, Dziko la Malaŵi
 ; [cca2=MW].translations.ara.common
Expected: Ù…Ø§Ù„Ø§ÙˆÙŠ
     got: مالاوي
 ; [cca2=MW].translations.ara.official
Expected: Ø¬Ù…Ù‡ÙˆØ±ÙŠØ© Ù…Ø§Ù„Ø§ÙˆÙŠ
     got: جمهورية مالاوي
 ; [cca2=MW].translations.ces.official
Expected: MalawiskÃ¡ republika
     got: Malawiská republika
 ; [cca2=MW].translations.fra.official
Expected: RÃ©publique du Malawi
     got: République du Malawi
 ; [cca2=MW].translations.hun.official
Expected: Malawi KÃ¶ztÃ¡rsasÃ¡g
     got: Malawi Köztársaság
 ; [cca2=MW].translations.jpn.common
Expected: ãƒžãƒ©ã‚¦ã‚¤
     got: マラウイ
 ; [cca2=MW].translations.jpn.official
Expected: ãƒžãƒ©ã‚¦ã‚¤å…±å’Œå›½
     got: マラウイ共和国
 ; [cca2=MW].translations.kor.common
Expected: ë§�ë�¼ìœ„
     got: 말라위
 ; [cca2=MW].translations.kor.official
Expected: ë§�ë�¼ìœ„ ê³µí™”êµ­
     got: 말라위 공화국
 ; [cca2=MW].translations.per.common
Expected: Ù…Ø§Ù„Ø§ÙˆÛŒ
     got: مالاوی
 ; [cca2=MW].translations.per.official
Expected: Ø¬Ù…Ù‡ÙˆØ±ÛŒ Ù…Ø§Ù„Ø§ÙˆÛŒ
     got: جمهوری مالاوی
 ; [cca2=MW].translations.por.official
Expected: RepÃºblica do Malawi
     got: República do Malawi
 ; [cca2=MW].translations.rus.common
Expected: ÐœÐ°Ð»Ð°Ð²Ð¸
     got: Малави
 ; [cca2=MW].translations.rus.official
Expected: Ð ÐµÑ�Ð¿ÑƒÐ±Ð»Ð¸ÐºÐ° ÐœÐ°Ð»Ð°Ð²Ð¸
     got: Республика Малави
 ; [cca2=MW].translations.slk.official
Expected: MalawijskÃ¡ republika
     got: Malawijská republika
 ; [cca2=MW].translations.spa.official
Expected: RepÃºblica de Malawi
     got: República de Malawi
 ; [cca2=MW].translations.srp.common
Expected: ÐœÐ°Ð»Ð°Ð²Ð¸
     got: Малави
 ; [cca2=MW].translations.srp.official
Expected: Ð ÐµÐ¿ÑƒÐ±Ð»Ð¸ÐºÐ° ÐœÐ°Ð»Ð°Ð²Ð¸
     got: Република Малави
 ; [cca2=MW].translations.urd.common
Expected: Ù…Ù„Ø§ÙˆÛŒ
     got: ملاوی
 ; [cca2=MW].translations.urd.official
Expected: Ø¬Ù…Û�ÙˆØ±ÛŒÛ� Ù…Ù„Ø§ÙˆÛŒ
     got: جمہوریہ ملاوی
 ; [cca2=MW].translations.zho.common
Expected: é©¬æ‹‰ç»´
     got: 马拉维
 ; [cca2=MW].translations.zho.official
Expected: é©¬æ‹‰ç»´å…±å’Œå›½
     got: 马拉维共和国
 ; [cca2=MX].flag
Expected: ðŸ‡²ðŸ‡½
     got: 🇲🇽
 ; [cca2=MX].name.nativeName.spa.common
Expected: MÃ©xico
     got: México
 ; [cca2=MX].translations.ara.common
Expected: Ø§Ù„Ù…Ø³ÙƒÙŠÙƒ
     got: المسكيك
 ; [cca2=MX].translations.ara.official
Expected: Ø§Ù„ÙˆÙ„Ø§ÙŠØ§Øª Ø§Ù„Ù…ØªØ­Ø¯Ø© Ø§Ù„Ù…ÙƒØ³ÙŠÙƒÙŠØ©
     got: الولايات المتحدة المكسيكية
 ; [cca2=MX].translations.bre.official
Expected: StadoÃ¹-Unanet Mec&apos;hiko
     got: Stadoù-Unanet Mec&apos;hiko
 ; [cca2=MX].translations.ces.official
Expected: SpojenÃ© stÃ¡ty mexickÃ©
     got: Spojené státy mexické
 ; [cca2=MX].translations.est.official
Expected: Mehhiko Ãœhendriigid
     got: Mehhiko Ühendriigid
 ; [cca2=MX].translations.fra.official
Expected: Ã‰tats-Unis du Mexique
     got: États-Unis du Mexique
 ; [cca2=MX].translations.hrv.official
Expected: Sjedinjene MeksiÄ�ke DrÅ¾ave
     got: Sjedinjene Meksičke Države
 ; [cca2=MX].translations.hun.common
Expected: MexikÃ³
     got: Mexikó
 ; [cca2=MX].translations.hun.official
Expected: MexikÃ³i EgyesÃ¼lt Ã�llamok
     got: Mexikói Egyesült Államok
 ; [cca2=MX].translations.jpn.common
Expected: ãƒ¡ã‚­ã‚·ã‚³
     got: メキシコ
 ; [cca2=MX].translations.jpn.official
Expected: ãƒ¡ã‚­ã‚·ã‚³å�ˆè¡†å›½
     got: メキシコ合衆国
 ; [cca2=MX].translations.kor.common
Expected: ë©•ì‹œì½”
     got: 멕시코
 ; [cca2=MX].translations.kor.official
Expected: ë©•ì‹œì½” í•©ì¤‘êµ­
     got: 멕시코 합중국
 ; [cca2=MX].translations.per.common
Expected: Ù…Ú©Ø²ÛŒÚ©
     got: مکزیک
 ; [cca2=MX].translations.per.official
Expected: Ø§ÛŒØ§Ù„Ø§Øª Ù…ØªØ­Ø¯ Ù…Ú©Ø²ÛŒÚ©
     got: ایالات متحد مکزیک
 ; [cca2=MX].translations.pol.official
Expected: MeksykaÅ„skie Stany Zjednoczone
     got: Meksykańskie Stany Zjednoczone
 ; [cca2=MX].translations.por.common
Expected: MÃ©xico
     got: México
 ; [cca2=MX].translations.rus.common
Expected: ÐœÐµÐºÑ�Ð¸ÐºÐ°
     got: Мексика
 ; [cca2=MX].translations.rus.official
Expected: ÐœÐµÐºÑ�Ð¸ÐºÐ°Ð½Ñ�ÐºÐ¸Ðµ Ð¡Ð¾ÐµÐ´Ð¸Ð½Ñ‘Ð½Ð½Ñ‹Ðµ Ð¨Ñ‚Ð°Ñ‚Ñ‹
     got: Мексиканские Соединённые Штаты
 ; [cca2=MX].translations.slk.official
Expected: SpojenÃ© Å¡tÃ¡Å¡y mexickÃ©
     got: Spojené štášy mexické
 ; [cca2=MX].translations.spa.common
Expected: MÃ©xico
     got: México
 ; [cca2=MX].translations.srp.common
Expected: ÐœÐµÐºÑ�Ð¸ÐºÐ¾
     got: Мексико
 ; [cca2=MX].translations.srp.official
Expected: Ð¡Ñ˜ÐµÐ´Ð¸ÑšÐµÐ½Ðµ ÐœÐµÐºÑ�Ð¸Ñ‡ÐºÐµ Ð”Ñ€Ð¶Ð°Ð²Ðµ
     got: Сједињене Мексичке Државе
 ; [cca2=MX].translations.swe.official
Expected: Mexikos fÃ¶renta stater
     got: Mexikos förenta stater
 ; [cca2=MX].translations.tur.official
Expected: BirleÅŸik Meksika Devletleri
     got: Birleşik Meksika Devletleri
 ; [cca2=MX].translations.urd.common
Expected: Ù…ÛŒÚ©Ø³ÛŒÚ©Ùˆ
     got: میکسیکو
 ; [cca2=MX].translations.urd.official
Expected: Ø±ÛŒØ§Ø³ØªÛ�Ø§Ø¦Û’ Ù…ØªØ­Ø¯Û� Ù…ÛŒÚ©Ø³ÛŒÚ©Ùˆ
     got: ریاستہائے متحدہ میکسیکو
 ; [cca2=MX].translations.zho.common
Expected: å¢¨è¥¿å“¥
     got: 墨西哥
 ; [cca2=MX].translations.zho.official
Expected: å¢¨è¥¿å“¥å�ˆä¼—å›½
     got: 墨西哥合众国
 ; [cca2=MY].flag
Expected: ðŸ‡²ðŸ‡¾
     got: 🇲🇾
 ; [cca2=MY].name.nativeName.msa.common
Expected: Ù…Ù„ÙŠØ³ÙŠØ§
     got: مليسيا
 ; [cca2=MY].name.nativeName.msa.official
Expected: Ù…Ù„ÙŠØ³ÙŠØ§
     got: مليسيا
 ; [cca2=MY].translations.ara.common
Expected: Ù…Ø§Ù„ÙŠØ²ÙŠØ§
     got: ماليزيا
 ; [cca2=MY].translations.ara.official
Expected: Ù…Ø§Ù„ÙŠØ²ÙŠØ§
     got: ماليزيا
 ; [cca2=MY].translations.fra.official
Expected: FÃ©dÃ©ration de Malaisie
     got: Fédération de Malaisie
 ; [cca2=MY].translations.jpn.common
Expected: ãƒžãƒ¬ãƒ¼ã‚·ã‚¢
     got: マレーシア
 ; [cca2=MY].translations.jpn.official
Expected: ãƒžãƒ¬ãƒ¼ã‚·ã‚¢
     got: マレーシア
 ; [cca2=MY].translations.kor.common
Expected: ë§�ë ˆì�´ì‹œì•„
     got: 말레이시아
 ; [cca2=MY].translations.kor.official
Expected: ë§�ë ˆì�´ì‹œì•„
     got: 말레이시아
 ; [cca2=MY].translations.nld.common
Expected: MaleisiÃ«
     got: Maleisië
 ; [cca2=MY].translations.nld.official
Expected: MaleisiÃ«
     got: Maleisië
 ; [cca2=MY].translations.per.common
Expected: Ù…Ø§Ù„Ø²ÛŒ
     got: مالزی
 ; [cca2=MY].translations.per.official
Expected: Ù�Ø¯Ø±Ø§Ø³ÛŒÙˆÙ† Ù…Ø§Ù„Ø²ÛŒ
     got: فدراسیون مالزی
 ; [cca2=MY].translations.por.common
Expected: MalÃ¡sia
     got: Malásia
 ; [cca2=MY].translations.por.official
Expected: MalÃ¡sia
     got: Malásia
 ; [cca2=MY].translations.rus.common
Expected: ÐœÐ°Ð»Ð°Ð¹Ð·Ð¸Ñ�
     got: Малайзия
 ; [cca2=MY].translations.rus.official
Expected: ÐœÐ°Ð»Ð°Ð¹Ð·Ð¸Ñ�
     got: Малайзия
 ; [cca2=MY].translations.srp.common
Expected: ÐœÐ°Ð»ÐµÐ·Ð¸Ñ˜Ð°
     got: Малезија
 ; [cca2=MY].translations.srp.official
Expected: ÐœÐ°Ð»ÐµÐ·Ð¸Ñ˜Ð°
     got: Малезија
 ; [cca2=MY].translations.urd.common
Expected: Ù…Ù„Ø§Ø¦ÛŒØ´ÛŒØ§
     got: ملائیشیا
 ; [cca2=MY].translations.urd.official
Expected: Ù…Ù„Ø§Ø¦ÛŒØ´ÛŒØ§
     got: ملائیشیا
 ; [cca2=MY].translations.zho.common
Expected: é©¬æ�¥è¥¿äºš
     got: 马来西亚
 ; [cca2=MY].translations.zho.official
Expected: é©¬æ�¥è¥¿äºš
     got: 马来西亚
 ; [cca2=MZ].altSpellings[]
Expected: RepÃºblica de MoÃ§ambique
     but none found
 ; [cca2=MZ].altSpellings[]
Unexpected: República de Moçambique
 ; [cca2=MZ].flag
Expected: ðŸ‡²ðŸ‡¿
     got: 🇲🇿
 ; [cca2=MZ].name.nativeName.por.common
Expected: MoÃ§ambique
     got: Moçambique
 ; [cca2=MZ].name.nativeName.por.official
Expected: RepÃºblica de MoÃ§ambique
     got: República de Moçambique
 ; [cca2=MZ].translations.ara.common
Expected: Ù…ÙˆØ²Ù…Ø¨ÙŠÙ‚
     got: موزمبيق
 ; [cca2=MZ].translations.ara.official
Expected: Ø¬Ù…Ù‡ÙˆØ±ÙŠØ© Ù…ÙˆØ²Ù…Ø¨ÙŠÙ‚
     got: جمهورية موزمبيق
 ; [cca2=MZ].translations.ces.official
Expected: MosambickÃ¡ republika
     got: Mosambická republika
 ; [cca2=MZ].translations.fra.official
Expected: RÃ©publique du Mozambique
     got: République du Mozambique
 ; [cca2=MZ].translations.hun.official
Expected: Mozambiki KÃ¶ztÃ¡rsasÃ¡g
     got: Mozambiki Köztársaság
 ; [cca2=MZ].translations.jpn.common
Expected: ãƒ¢ã‚¶ãƒ³ãƒ“ãƒ¼ã‚¯
     got: モザンビーク
 ; [cca2=MZ].translations.jpn.official
Expected: ãƒ¢ã‚¶ãƒ³ãƒ“ãƒ¼ã‚¯å…±å’Œå›½
     got: モザンビーク共和国
 ; [cca2=MZ].translations.kor.common
Expected: ëª¨ìž ë¹„í�¬
     got: 모잠비크
 ; [cca2=MZ].translations.kor.official
Expected: ëª¨ìž ë¹„í�¬ ê³µí™”êµ­
     got: 모잠비크 공화국
 ; [cca2=MZ].translations.per.common
Expected: Ù…ÙˆØ²Ø§Ù…Ø¨ÛŒÚ©
     got: موزامبیک
 ; [cca2=MZ].translations.per.official
Expected: Ø¬Ù…Ù‡ÙˆØ±ÛŒ Ù…ÙˆØ²Ø§Ù…Ø¨ÛŒÚ©
     got: جمهوری موزامبیک
 ; [cca2=MZ].translations.por.common
Expected: MoÃ§ambique
     got: Moçambique
 ; [cca2=MZ].translations.por.official
Expected: RepÃºblica de MoÃ§ambique
     got: República de Moçambique
 ; [cca2=MZ].translations.rus.common
Expected: ÐœÐ¾Ð·Ð°Ð¼Ð±Ð¸Ðº
     got: Мозамбик
 ; [cca2=MZ].translations.rus.official
Expected: Ð ÐµÑ�Ð¿ÑƒÐ±Ð»Ð¸ÐºÐ° ÐœÐ¾Ð·Ð°Ð¼Ð±Ð¸Ðº
     got: Республика Мозамбик
 ; [cca2=MZ].translations.slk.official
Expected: MozambickÃ¡ republika
     got: Mozambická republika
 ; [cca2=MZ].translations.spa.official
Expected: RepÃºblica de Mozambique
     got: República de Mozambique
 ; [cca2=MZ].translations.srp.common
Expected: ÐœÐ¾Ð·Ð°Ð¼Ð±Ð¸Ðº
     got: Мозамбик
 ; [cca2=MZ].translations.srp.official
Expected: Ð ÐµÐ¿ÑƒÐ±Ð»Ð¸ÐºÐ° ÐœÐ¾Ð·Ð°Ð¼Ð±Ð¸Ðº
     got: Република Мозамбик
 ; [cca2=MZ].translations.swe.common
Expected: MoÃ§ambique
     got: Moçambique
 ; [cca2=MZ].translations.swe.official
Expected: Republiken MoÃ§ambique
     got: Republiken Moçambique
 ; [cca2=MZ].translations.urd.common
Expected: Ù…ÙˆØ²Ù…Ø¨ÛŒÙ‚
     got: موزمبیق
 ; [cca2=MZ].translations.urd.official
Expected: Ø¬Ù…Û�ÙˆØ±ÛŒÛ� Ù…ÙˆØ²Ù…Ø¨ÛŒÙ‚
     got: جمہوریہ موزمبیق
 ; [cca2=MZ].translations.zho.common
Expected: èŽ«æ¡‘æ¯”å…‹
     got: 莫桑比克
 ; [cca2=MZ].translations.zho.official
Expected: èŽ«æ¡‘æ¯”å…‹å…±å’Œå›½
     got: 莫桑比克共和国
 ; [cca2=NA].altSpellings[]
Expected: NamibiÃ«
     but none found
 ; [cca2=NA].altSpellings[]
Unexpected: Namibië
 ; [cca2=NA].flag
Expected: ðŸ‡³ðŸ‡¦
     got: 🇳🇦
 ; [cca2=NA].name.nativeName.afr.common
Expected: NamibiÃ«
     got: Namibië
 ; [cca2=NA].name.nativeName.afr.official
Expected: Republiek van NamibiÃ«
     got: Republiek van Namibië
 ; [cca2=NA].translations.ara.common
Expected: Ù†Ø§Ù…ÙŠØ¨ÙŠØ§
     got: ناميبيا
 ; [cca2=NA].translations.ara.official
Expected: Ø¬Ù…Ù‡ÙˆØ±ÙŠØ© Ù†Ø§Ù…ÙŠØ¨ÙŠØ§
     got: جمهورية ناميبيا
 ; [cca2=NA].translations.ces.official
Expected: NamibijskÃ¡ republika
     got: Namibijská republika
 ; [cca2=NA].translations.fra.official
Expected: RÃ©publique de Namibie
     got: République de Namibie
 ; [cca2=NA].translations.hun.common
Expected: NamÃ­bia
     got: Namíbia
 ; [cca2=NA].translations.hun.official
Expected: NamÃ­biai KÃ¶ztÃ¡rsasÃ¡g
     got: Namíbiai Köztársaság
 ; [cca2=NA].translations.jpn.common
Expected: ãƒŠãƒŸãƒ“ã‚¢
     got: ナミビア
 ; [cca2=NA].translations.jpn.official
Expected: ãƒŠãƒŸãƒ“ã‚¢å…±å’Œå›½
     got: ナミビア共和国
 ; [cca2=NA].translations.kor.common
Expected: ë‚˜ë¯¸ë¹„ì•„
     got: 나미비아
 ; [cca2=NA].translations.kor.official
Expected: ë‚˜ë¯¸ë¹„ì•„ ê³µí™”êµ­
     got: 나미비아 공화국
 ; [cca2=NA].translations.nld.common
Expected: NamibiÃ«
     got: Namibië
 ; [cca2=NA].translations.nld.official
Expected: Republiek NamibiÃ«
     got: Republiek Namibië
 ; [cca2=NA].translations.per.common
Expected: Ù†Ø§Ù…ÛŒØ¨ÛŒØ§
     got: نامیبیا
 ; [cca2=NA].translations.per.official
Expected: Ø¬Ù…Ù‡ÙˆØ±ÛŒ Ù†Ø§Ù…ÛŒØ¨ÛŒØ§
     got: جمهوری نامیبیا
 ; [cca2=NA].translations.por.common
Expected: NamÃ­bia
     got: Namíbia
 ; [cca2=NA].translations.por.official
Expected: RepÃºblica da NamÃ­bia
     got: República da Namíbia
 ; [cca2=NA].translations.rus.common
Expected: Ð�Ð°Ð¼Ð¸Ð±Ð¸Ñ�
     got: Намибия
 ; [cca2=NA].translations.rus.official
Expected: Ð ÐµÑ�Ð¿ÑƒÐ±Ð»Ð¸ÐºÐ° Ð�Ð°Ð¼Ð¸Ð±Ð¸Ñ�
     got: Республика Намибия
 ; [cca2=NA].translations.slk.common
Expected: NamÃ­bia
     got: Namíbia
 ; [cca2=NA].translations.slk.official
Expected: NamÃ­bijskÃ¡ republika
     got: Namíbijská republika
 ; [cca2=NA].translations.spa.official
Expected: RepÃºblica de Namibia
     got: República de Namibia
 ; [cca2=NA].translations.srp.common
Expected: Ð�Ð°Ð¼Ð¸Ð±Ð¸Ñ˜Ð°
     got: Намибија
 ; [cca2=NA].translations.srp.official
Expected: Ð ÐµÐ¿ÑƒÐ±Ð»Ð¸ÐºÐ° Ð�Ð°Ð¼Ð¸Ð±Ð¸Ñ˜Ð°
     got: Република Намибија
 ; [cca2=NA].translations.urd.common
Expected: Ù†Ù…ÛŒØ¨ÛŒØ§
     got: نمیبیا
 ; [cca2=NA].translations.urd.official
Expected: Ø¬Ù…Û�ÙˆØ±ÛŒÛ� Ù†Ù…ÛŒØ¨ÛŒØ§
     got: جمہوریہ نمیبیا
 ; [cca2=NA].translations.zho.common
Expected: çº³ç±³æ¯”äºš
     got: 纳米比亚
 ; [cca2=NA].translations.zho.official
Expected: çº³ç±³æ¯”äºšå…±å’Œå›½
     got: 纳米比亚共和国
 ; [cca2=NC].capital[]
Expected: NoumÃ©a
     but none found
 ; [cca2=NC].capital[]
Unexpected: Nouméa
 ; [cca2=NC].currencies.XPF.symbol
Expected: â‚£
     got: ₣
 ; [cca2=NC].demonyms.fra.f
Expected: NÃ©o-CalÃ©donienne
     got: Néo-Calédonienne
 ; [cca2=NC].demonyms.fra.m
Expected: NÃ©o-CalÃ©donien
     got: Néo-Calédonien
 ; [cca2=NC].flag
Expected: ðŸ‡³ðŸ‡¨
     got: 🇳🇨
 ; [cca2=NC].name.nativeName.fra.common
Expected: Nouvelle-CalÃ©donie
     got: Nouvelle-Calédonie
 ; [cca2=NC].name.nativeName.fra.official
Expected: Nouvelle-CalÃ©donie
     got: Nouvelle-Calédonie
 ; [cca2=NC].translations.ara.common
Expected: ÙƒØ§Ù„ÙŠØ¯ÙˆÙ†ÙŠØ§ Ø§Ù„Ø¬Ø¯ÙŠØ¯Ø©
     got: كاليدونيا الجديدة
 ; [cca2=NC].translations.ara.official
Expected: ÙƒØ§Ù„ÙŠØ¯ÙˆÙ†ÙŠØ§ Ø§Ù„Ø¬Ø¯ÙŠØ¯Ø©
     got: كاليدونيا الجديدة
 ; [cca2=NC].translations.ces.common
Expected: NovÃ¡ Kaledonie
     got: Nová Kaledonie
 ; [cca2=NC].translations.ces.official
Expected: NovÃ¡ Kaledonie
     got: Nová Kaledonie
 ; [cca2=NC].translations.fra.common
Expected: Nouvelle-CalÃ©donie
     got: Nouvelle-Calédonie
 ; [cca2=NC].translations.fra.official
Expected: Nouvelle-CalÃ©donie
     got: Nouvelle-Calédonie
 ; [cca2=NC].translations.hun.common
Expected: Ãšj-KaledÃ³nia
     got: Új-Kaledónia
 ; [cca2=NC].translations.hun.official
Expected: Ãšj-KaledÃ³nia
     got: Új-Kaledónia
 ; [cca2=NC].translations.jpn.common
Expected: ãƒ‹ãƒ¥ãƒ¼ã‚«ãƒ¬ãƒ‰ãƒ‹ã‚¢
     got: ニューカレドニア
 ; [cca2=NC].translations.jpn.official
Expected: ãƒ‹ãƒ¥ãƒ¼ã‚«ãƒ¬ãƒ‰ãƒ‹ã‚¢
     got: ニューカレドニア
 ; [cca2=NC].translations.kor.common
Expected: ëˆ„ë²¨ì¹¼ë ˆë�„ë‹ˆ
     got: 누벨칼레도니
 ; [cca2=NC].translations.kor.official
Expected: ëˆ„ë²¨ì¹¼ë ˆë�„ë‹ˆ
     got: 누벨칼레도니
 ; [cca2=NC].translations.nld.common
Expected: Nieuw-CaledoniÃ«
     got: Nieuw-Caledonië
 ; [cca2=NC].translations.nld.official
Expected: nieuw -CaledoniÃ«
     got: nieuw -Caledonië
 ; [cca2=NC].translations.per.common
Expected: Ú©Ø§Ù„Ø¯ÙˆÙ†ÛŒØ§ÛŒ Ø¬Ø¯ÛŒØ¯
     got: کالدونیای جدید
 ; [cca2=NC].translations.per.official
Expected: Ú©Ø§Ù„Ø¯ÙˆÙ†ÛŒØ§ÛŒ Ø¬Ø¯ÛŒØ¯
     got: کالدونیای جدید
 ; [cca2=NC].translations.por.common
Expected: Nova CaledÃ³nia
     got: Nova Caledónia
 ; [cca2=NC].translations.rus.common
Expected: Ð�Ð¾Ð²Ð°Ñ� ÐšÐ°Ð»ÐµÐ´Ð¾Ð½Ð¸Ñ�
     got: Новая Каледония
 ; [cca2=NC].translations.rus.official
Expected: Ð�Ð¾Ð²Ð°Ñ� ÐšÐ°Ð»ÐµÐ´Ð¾Ð½Ð¸Ñ�
     got: Новая Каледония
 ; [cca2=NC].translations.slk.common
Expected: NovÃ¡ KaledÃ³nia
     got: Nová Kaledónia
 ; [cca2=NC].translations.slk.official
Expected: NovÃ¡ KaledÃ³nia
     got: Nová Kaledónia
 ; [cca2=NC].translations.srp.common
Expected: Ð�Ð¾Ð²Ð° ÐšÐ°Ð»ÐµÐ´Ð¾Ð½Ð¸Ñ˜Ð°
     got: Нова Каледонија
 ; [cca2=NC].translations.srp.official
Expected: Ð�Ð¾Ð²Ð° ÐšÐ°Ð»ÐµÐ´Ð¾Ð½Ð¸Ñ˜Ð°
     got: Нова Каледонија
 ; [cca2=NC].translations.urd.common
Expected: Ù†ÛŒÙˆ Ú©ÛŒÙ„ÛŒÚˆÙˆÙ†ÛŒØ§
     got: نیو کیلیڈونیا
 ; [cca2=NC].translations.urd.official
Expected: Ù†ÛŒÙˆ Ú©ÛŒÙ„ÛŒÚˆÙˆÙ†ÛŒØ§
     got: نیو کیلیڈونیا
 ; [cca2=NC].translations.zho.common
Expected: æ–°å–€é‡Œå¤šå°¼äºš
     got: 新喀里多尼亚
 ; [cca2=NC].translations.zho.official
Expected: æ–°å–€é‡Œå¤šå°¼äºš
     got: 新喀里多尼亚
 ; [cca2=NE].demonyms.fra.f
Expected: NigÃ©rienne
     got: Nigérienne
 ; [cca2=NE].demonyms.fra.m
Expected: NigÃ©rien
     got: Nigérien
 ; [cca2=NE].flag
Expected: ðŸ‡³ðŸ‡ª
     got: 🇳🇪
 ; [cca2=NE].name.nativeName.fra.official
Expected: RÃ©publique du Niger
     got: République du Niger
 ; [cca2=NE].translations.ara.common
Expected: Ø§Ù„Ù†ÙŠØ¬Ø±
     got: النيجر
 ; [cca2=NE].translations.ara.official
Expected: Ø¬Ù…Ù‡ÙˆØ±ÙŠØ© Ø§Ù„Ù†ÙŠØ¬Ø±
     got: جمهورية النيجر
 ; [cca2=NE].translations.ces.official
Expected: NigerskÃ¡ republika
     got: Nigerská republika
 ; [cca2=NE].translations.fra.official
Expected: RÃ©publique du Niger
     got: République du Niger
 ; [cca2=NE].translations.hun.official
Expected: Nigeri KÃ¶ztÃ¡rsasÃ¡g
     got: Nigeri Köztársaság
 ; [cca2=NE].translations.jpn.common
Expected: ãƒ‹ã‚¸ã‚§ãƒ¼ãƒ«
     got: ニジェール
 ; [cca2=NE].translations.jpn.official
Expected: ãƒ‹ã‚¸ã‚§ãƒ¼ãƒ«å…±å’Œå›½
     got: ニジェール共和国
 ; [cca2=NE].translations.kor.common
Expected: ë‹ˆì œë¥´
     got: 니제르
 ; [cca2=NE].translations.kor.official
Expected: ë‹ˆì œë¥´ ê³µí™”êµ­
     got: 니제르 공화국
 ; [cca2=NE].translations.per.common
Expected: Ù†ÛŒØ¬Ø±
     got: نیجر
 ; [cca2=NE].translations.per.official
Expected: Ø¬Ù…Ù‡ÙˆØ±ÛŒ Ù†ÛŒØ¬Ø±
     got: جمهوری نیجر
 ; [cca2=NE].translations.por.common
Expected: NÃ­ger
     got: Níger
 ; [cca2=NE].translations.por.official
Expected: RepÃºblica do NÃ­ger
     got: República do Níger
 ; [cca2=NE].translations.rus.common
Expected: Ð�Ð¸Ð³ÐµÑ€
     got: Нигер
 ; [cca2=NE].translations.rus.official
Expected: Ð ÐµÑ�Ð¿ÑƒÐ±Ð»Ð¸ÐºÐ° Ð�Ð¸Ð³ÐµÑ€
     got: Республика Нигер
 ; [cca2=NE].translations.slk.official
Expected: NigÃ©rskÃ¡ republika
     got: Nigérská republika
 ; [cca2=NE].translations.spa.common
Expected: NÃ­ger
     got: Níger
 ; [cca2=NE].translations.spa.official
Expected: RepÃºblica de NÃ­ger
     got: República de Níger
 ; [cca2=NE].translations.srp.common
Expected: Ð�Ð¸Ð³ÐµÑ€
     got: Нигер
 ; [cca2=NE].translations.srp.official
Expected: Ð ÐµÐ¿ÑƒÐ±Ð»Ð¸ÐºÐ° Ð�Ð¸Ð³ÐµÑ€
     got: Република Нигер
 ; [cca2=NE].translations.urd.common
Expected: Ù†Ø§Ø¦Ø¬Ø±
     got: نائجر
 ; [cca2=NE].translations.urd.official
Expected: Ø¬Ù…Û�ÙˆØ±ÛŒÛ� Ù†Ø§Ø¦Ø¬Ø±
     got: جمہوریہ نائجر
 ; [cca2=NE].translations.zho.common
Expected: å°¼æ—¥å°”
     got: 尼日尔
 ; [cca2=NE].translations.zho.official
Expected: å°¼æ—¥å°”å…±å’Œå›½
     got: 尼日尔共和国
 ; [cca2=NF].flag
Expected: ðŸ‡³ðŸ‡«
     got: 🇳🇫
 ; [cca2=NF].translations.ara.common
Expected: Ø¬Ø²ÙŠØ±Ø© Ù†ÙˆØ±Ù�ÙˆÙ„Ùƒ
     got: جزيرة نورفولك
 ; [cca2=NF].translations.ara.official
Expected: Ø¥Ù‚Ù„ÙŠÙ… Ø¬Ø²ÙŠØ±Ø© Ù†ÙˆØ±Ù�ÙˆÙ„Ùƒ
     got: إقليم جزيرة نورفولك
 ; [cca2=NF].translations.fra.common
Expected: ÃŽle Norfolk
     got: Île Norfolk
 ; [cca2=NF].translations.fra.official
Expected: Territoire de l&apos;Ã®le Norfolk
     got: Territoire de l&apos;île Norfolk
 ; [cca2=NF].translations.jpn.common
Expected: ãƒŽãƒ¼ãƒ•ã‚©ãƒ¼ã‚¯å³¶
     got: ノーフォーク島
 ; [cca2=NF].translations.jpn.official
Expected: ãƒŽãƒ¼ãƒ•ã‚©ãƒ¼ã‚¯å³¶ã�®é ˜åœŸ
     got: ノーフォーク島の領土
 ; [cca2=NF].translations.kor.common
Expected: ë…¸í�½ ì„¬
     got: 노퍽 섬
 ; [cca2=NF].translations.kor.official
Expected: ë…¸í�½ ì„¬
     got: 노퍽 섬
 ; [cca2=NF].translations.per.common
Expected: Ø¬Ø²ÛŒØ±Ù‡ Ù†ÙˆØ±Ù�Ú©
     got: جزیره نورفک
 ; [cca2=NF].translations.per.official
Expected: Ù‚Ù„Ù…Ø±Ùˆ Ø¬Ø²Ø§ÛŒØ± Ù†ÙˆØ±Ù�Ú©
     got: قلمرو جزایر نورفک
 ; [cca2=NF].translations.por.official
Expected: TerritÃ³rio da Ilha Norfolk
     got: Território da Ilha Norfolk
 ; [cca2=NF].translations.rus.common
Expected: Ð�Ð¾Ñ€Ñ„Ð¾Ð»Ðº
     got: Норфолк
 ; [cca2=NF].translations.rus.official
Expected: Ð¢ÐµÑ€Ñ€Ð¸Ñ‚Ð¾Ñ€Ð¸Ñ� Ð¾Ñ�Ñ‚Ñ€Ð¾Ð²Ð° Ð�Ð¾Ñ€Ñ„Ð¾Ð»Ðº
     got: Территория острова Норфолк
 ; [cca2=NF].translations.slk.official
Expected: TeritÃ³rium ostrova Norfolk
     got: Teritórium ostrova Norfolk
 ; [cca2=NF].translations.srp.common
Expected: Ð�Ð¾Ñ€Ñ„Ð¾Ðº
     got: Норфок
 ; [cca2=NF].translations.srp.official
Expected: Ð¢ÐµÑ€Ð¸Ñ‚Ð¾Ñ€Ð¸Ñ˜Ð° ÐžÑ�Ñ‚Ñ€Ð²Ð° Ð�Ð¾Ñ€Ñ„Ð¾Ðº
     got: Територија Острва Норфок
 ; [cca2=NF].translations.swe.common
Expected: NorfolkÃ¶n
     got: Norfolkön
 ; [cca2=NF].translations.swe.official
Expected: NorfolkÃ¶n
     got: Norfolkön
 ; [cca2=NF].translations.tur.common
Expected: Norfolk AdasÄ±
     got: Norfolk Adası
 ; [cca2=NF].translations.tur.official
Expected: Norfolk AdasÄ±
     got: Norfolk Adası
 ; [cca2=NF].translations.urd.common
Expected: Ø¬Ø²ÛŒØ±Û� Ù†ÙˆØ±Ù�Ú©
     got: جزیرہ نورفک
 ; [cca2=NF].translations.urd.official
Expected: Ø¬Ø²ÛŒØ±Û� Ù†ÙˆØ±Ù�Ú© Ø®Ø·Û�
     got: جزیرہ نورفک خطہ
 ; [cca2=NF].translations.zho.common
Expected: è¯ºç¦�å…‹å²›
     got: 诺福克岛
 ; [cca2=NF].translations.zho.official
Expected: è¯ºç¦�å…‹å²›
     got: 诺福克岛
 ; [cca2=NG].altSpellings[]
Expected: NaÃ­jÃ­rÃ­Ã 
     but none found
 ; [cca2=NG].altSpellings[]
Unexpected: Naíjíríà
 ; [cca2=NG].currencies.NGN.symbol
Expected: â‚¦
     got: ₦
 ; [cca2=NG].demonyms.fra.f
Expected: NigÃ©riane
     got: Nigériane
 ; [cca2=NG].demonyms.fra.m
Expected: NigÃ©rian
     got: Nigérian
 ; [cca2=NG].flag
Expected: ðŸ‡³ðŸ‡¬
     got: 🇳🇬
 ; [cca2=NG].translations.ara.common
Expected: Ù†ÙŠØ¬ÙŠØ±ÙŠØ§
     got: نيجيريا
 ; [cca2=NG].translations.ara.official
Expected: Ø¬Ù…Ù‡ÙˆØ±ÙŠØ© Ù†ÙŠØ¬ÙŠØ±ÙŠØ§ Ø§Ù„Ø§ØªØ­Ø§Ø¯ÙŠØ©
     got: جمهورية نيجيريا الاتحادية
 ; [cca2=NG].translations.ces.common
Expected: NigÃ©rie
     got: Nigérie
 ; [cca2=NG].translations.ces.official
Expected: NigerijskÃ¡ federativnÃ­ republika
     got: Nigerijská federativní republika
 ; [cca2=NG].translations.fra.common
Expected: NigÃ©ria
     got: Nigéria
 ; [cca2=NG].translations.fra.official
Expected: RÃ©publique fÃ©dÃ©rale du Nigeria
     got: République fédérale du Nigeria
 ; [cca2=NG].translations.hun.common
Expected: NigÃ©ria
     got: Nigéria
 ; [cca2=NG].translations.hun.official
Expected: NigÃ©ria
     got: Nigéria
 ; [cca2=NG].translations.jpn.common
Expected: ãƒŠã‚¤ã‚¸ã‚§ãƒªã‚¢
     got: ナイジェリア
 ; [cca2=NG].translations.jpn.official
Expected: ãƒŠã‚¤ã‚¸ã‚§ãƒªã‚¢é€£é‚¦å…±å’Œå›½
     got: ナイジェリア連邦共和国
 ; [cca2=NG].translations.kor.common
Expected: ë‚˜ì�´ì§€ë¦¬ì•„
     got: 나이지리아
 ; [cca2=NG].translations.kor.official
Expected: ë‚˜ì�´ì§€ë¦¬ì•„ ì—°ë°© ê³µí™”êµ­
     got: 나이지리아 연방 공화국
 ; [cca2=NG].translations.per.common
Expected: Ù†ÛŒØ¬Ø±ÛŒÙ‡
     got: نیجریه
 ; [cca2=NG].translations.per.official
Expected: Ø¬Ù…Ù‡ÙˆØ±ÛŒ Ù�Ø¯Ø±Ø§Ù„ Ù†ÛŒØ¬Ø±ÛŒÙ‡
     got: جمهوری فدرال نیجریه
 ; [cca2=NG].translations.por.common
Expected: NigÃ©ria
     got: Nigéria
 ; [cca2=NG].translations.por.official
Expected: RepÃºblica Federal da NigÃ©ria
     got: República Federal da Nigéria
 ; [cca2=NG].translations.rus.common
Expected: Ð�Ð¸Ð³ÐµÑ€Ð¸Ñ�
     got: Нигерия
 ; [cca2=NG].translations.rus.official
Expected: Ð¤ÐµÐ´ÐµÑ€Ð°Ñ‚Ð¸Ð²Ð½Ð°Ñ� Ð ÐµÑ�Ð¿ÑƒÐ±Ð»Ð¸ÐºÐ° Ð�Ð¸Ð³ÐµÑ€Ð¸Ñ�
     got: Федеративная Республика Нигерия
 ; [cca2=NG].translations.slk.common
Expected: NigÃ©ria
     got: Nigéria
 ; [cca2=NG].translations.slk.official
Expected: NigÃ©rijskÃ¡ federatÃ­vna republika
     got: Nigérijská federatívna republika
 ; [cca2=NG].translations.spa.official
Expected: RepÃºblica Federal de Nigeria
     got: República Federal de Nigeria
 ; [cca2=NG].translations.srp.common
Expected: Ð�Ð¸Ð³ÐµÑ€Ð¸Ñ˜Ð° 
     got: Нигерија 
 ; [cca2=NG].translations.srp.official
Expected: Ð¡Ð°Ð²ÐµÐ·Ð½Ð° Ð ÐµÐ¿ÑƒÐ±Ð»Ð¸ÐºÐ° Ð�Ð¸Ð³ÐµÑ€Ð¸Ñ˜Ð°
     got: Савезна Република Нигерија
 ; [cca2=NG].translations.swe.official
Expected: FÃ¶rbundsrepubliken Nigeria
     got: Förbundsrepubliken Nigeria
 ; [cca2=NG].translations.urd.common
Expected: Ù†Ø§Ø¦Ø¬ÛŒØ±ÛŒØ§
     got: نائجیریا
 ; [cca2=NG].translations.urd.official
Expected: ÙˆÙ�Ø§Ù‚ÛŒ Ø¬Ù…Û�ÙˆØ±ÛŒÛ� Ù†Ø§Ø¦Ø¬ÛŒØ±ÛŒØ§
     got: وفاقی جمہوریہ نائجیریا
 ; [cca2=NG].translations.zho.common
Expected: å°¼æ—¥åˆ©äºš
     got: 尼日利亚
 ; [cca2=NG].translations.zho.official
Expected: å°¼æ—¥åˆ©äºšè�”é‚¦å…±å’Œå›½
     got: 尼日利亚联邦共和国
 ; [cca2=NI].altSpellings[]
Expected: RepÃºblica de Nicaragua
     but none found
 ; [cca2=NI].altSpellings[]
Unexpected: República de Nicaragua
 ; [cca2=NI].currencies.NIO.name
Expected: Nicaraguan cÃ³rdoba
     got: Nicaraguan córdoba
 ; [cca2=NI].flag
Expected: ðŸ‡³ðŸ‡®
     got: 🇳🇮
 ; [cca2=NI].name.nativeName.spa.official
Expected: RepÃºblica de Nicaragua
     got: República de Nicaragua
 ; [cca2=NI].translations.ara.common
Expected: Ù†ÙŠÙƒØ§Ø±Ø§ØºÙˆØ§
     got: نيكاراغوا
 ; [cca2=NI].translations.ara.official
Expected: Ø¬Ù…Ù‡ÙˆØ±ÙŠØ© Ù†ÙŠÙƒØ§Ø±Ø§ØºÙˆØ§
     got: جمهورية نيكاراغوا
 ; [cca2=NI].translations.fra.official
Expected: RÃ©publique du Nicaragua
     got: République du Nicaragua
 ; [cca2=NI].translations.hun.official
Expected: Nicaraguai KÃ¶ztÃ¡rsasÃ¡g
     got: Nicaraguai Köztársaság
 ; [cca2=NI].translations.jpn.common
Expected: ãƒ‹ã‚«ãƒ©ã‚°ã‚¢
     got: ニカラグア
 ; [cca2=NI].translations.jpn.official
Expected: ãƒ‹ã‚«ãƒ©ã‚°ã‚¢å…±å’Œå›½
     got: ニカラグア共和国
 ; [cca2=NI].translations.kor.common
Expected: ë‹ˆì¹´ë�¼ê³¼
     got: 니카라과
 ; [cca2=NI].translations.kor.official
Expected: ë‹ˆì¹´ë�¼ê³¼ ê³µí™”êµ­
     got: 니카라과 공화국
 ; [cca2=NI].translations.per.common
Expected: Ù†ÛŒÚ©Ø§Ø±Ø§Ú¯ÙˆØ¦Ù‡
     got: نیکاراگوئه
 ; [cca2=NI].translations.per.official
Expected: Ø¬Ù…Ù‡ÙˆØ±ÛŒ Ù†ÛŒÚ©Ø§Ø±Ø§Ú¯ÙˆØ¦Ù‡
     got: جمهوری نیکاراگوئه
 ; [cca2=NI].translations.por.common
Expected: NicarÃ¡gua
     got: Nicarágua
 ; [cca2=NI].translations.por.official
Expected: RepÃºblica da NicarÃ¡gua
     got: República da Nicarágua
 ; [cca2=NI].translations.rus.common
Expected: Ð�Ð¸ÐºÐ°Ñ€Ð°Ð³ÑƒÐ°
     got: Никарагуа
 ; [cca2=NI].translations.rus.official
Expected: Ð ÐµÑ�Ð¿ÑƒÐ±Ð»Ð¸ÐºÐ° Ð�Ð¸ÐºÐ°Ñ€Ð°Ð³ÑƒÐ°
     got: Республика Никарагуа
 ; [cca2=NI].translations.slk.official
Expected: NikaragujskÃ¡ republika
     got: Nikaragujská republika
 ; [cca2=NI].translations.spa.official
Expected: RepÃºblica de Nicaragua
     got: República de Nicaragua
 ; [cca2=NI].translations.srp.common
Expected: Ð�Ð¸ÐºÐ°Ñ€Ð°Ð³Ð²Ð°
     got: Никарагва
 ; [cca2=NI].translations.srp.official
Expected: Ð ÐµÐ¿ÑƒÐ±Ð»Ð¸ÐºÐ° Ð�Ð¸ÐºÐ°Ñ€Ð°Ð³Ð²Ð°
     got: Република Никарагва
 ; [cca2=NI].translations.urd.common
Expected: Ù†Ú©Ø§Ø±Ø§Ú¯ÙˆØ§
     got: نکاراگوا
 ; [cca2=NI].translations.urd.official
Expected: Ø¬Ù…Û�ÙˆØ±ÛŒÛ� Ù†Ú©Ø§Ø±Ø§Ú¯ÙˆØ§
     got: جمہوریہ نکاراگوا
 ; [cca2=NI].translations.zho.common
Expected: å°¼åŠ æ‹‰ç“œ
     got: 尼加拉瓜
 ; [cca2=NI].translations.zho.official
Expected: å°¼åŠ æ‹‰ç“œå…±å’Œå›½
     got: 尼加拉瓜共和国
 ; [cca2=NL].currencies.EUR.symbol
Expected: â‚¬
     got: €
 ; [cca2=NL].demonyms.fra.f
Expected: NÃ©erlandaise
     got: Néerlandaise
 ; [cca2=NL].demonyms.fra.m
Expected: NÃ©erlandais
     got: Néerlandais
 ; [cca2=NL].flag
Expected: ðŸ‡³ðŸ‡±
     got: 🇳🇱
 ; [cca2=NL].translations.ara.common
Expected: Ù‡ÙˆÙ„Ù†Ø¯Ø§
     got: هولندا
 ; [cca2=NL].translations.ara.official
Expected: Ù…Ù…Ù„ÙƒØ© Ù‡ÙˆÙ„Ù†Ø¯Ø§
     got: مملكة هولندا
 ; [cca2=NL].translations.bre.common
Expected: IzelvroioÃ¹
     got: Izelvroioù
 ; [cca2=NL].translations.bre.official
Expected: Rouantelezh an IzelvroioÃ¹
     got: Rouantelezh an Izelvroioù
 ; [cca2=NL].translations.ces.official
Expected: NizozemskÃ© krÃ¡lovstvÃ­
     got: Nizozemské království
 ; [cca2=NL].translations.hun.official
Expected: Holland KirÃ¡lysÃ¡g
     got: Holland Királyság
 ; [cca2=NL].translations.jpn.common
Expected: ã‚ªãƒ©ãƒ³ãƒ€
     got: オランダ
 ; [cca2=NL].translations.jpn.official
Expected: ã‚ªãƒ©ãƒ³ãƒ€
     got: オランダ
 ; [cca2=NL].translations.kor.common
Expected: ë„¤ë�œëž€ë“œ
     got: 네덜란드
 ; [cca2=NL].translations.kor.official
Expected: ë„¤ë�œëž€ë“œ ì™•êµ­
     got: 네덜란드 왕국
 ; [cca2=NL].translations.per.common
Expected: Ù‡Ù„Ù†Ø¯
     got: هلند
 ; [cca2=NL].translations.per.official
Expected: Ù‡Ù„Ù†Ø¯
     got: هلند
 ; [cca2=NL].translations.pol.official
Expected: KrÃ³lestwo NiderlandÃ³w
     got: Królestwo Niderlandów
 ; [cca2=NL].translations.rus.common
Expected: Ð�Ð¸Ð´ÐµÑ€Ð»Ð°Ð½Ð´Ñ‹
     got: Нидерланды
 ; [cca2=NL].translations.rus.official
Expected: Ð�Ð¸Ð´ÐµÑ€Ð»Ð°Ð½Ð´Ñ‹
     got: Нидерланды
 ; [cca2=NL].translations.slk.official
Expected: HolandskÃ© krÃ¡Ä¾ovstvo
     got: Holandské kráľovstvo
 ; [cca2=NL].translations.spa.common
Expected: PaÃ­ses Bajos
     got: Países Bajos
 ; [cca2=NL].translations.spa.official
Expected: PaÃ­ses Bajos
     got: Países Bajos
 ; [cca2=NL].translations.srp.common
Expected: Ð¥Ð¾Ð»Ð°Ð½Ð´Ð¸Ñ˜Ð°
     got: Холандија
 ; [cca2=NL].translations.srp.official
Expected: ÐšÑ€Ð°Ñ™ÐµÐ²Ð¸Ð½Ð° Ð¥Ð¾Ð»Ð°Ð½Ð´Ð¸Ñ˜Ð°
     got: Краљевина Холандија
 ; [cca2=NL].translations.swe.common
Expected: NederlÃ¤nderna
     got: Nederländerna
 ; [cca2=NL].translations.swe.official
Expected: NederlÃ¤nderna
     got: Nederländerna
 ; [cca2=NL].translations.urd.common
Expected: Ù†ÛŒØ¯Ø±Ù„ÛŒÙ†ÚˆØ²
     got: نیدرلینڈز
 ; [cca2=NL].translations.urd.official
Expected: Ù…Ù…Ù„Ú©ØªÙ� Ù†ÛŒØ¯Ø±Ù„ÛŒÙ†ÚˆØ²
     got: مملکتِ نیدرلینڈز
 ; [cca2=NL].translations.zho.common
Expected: è�·å…°
     got: 荷兰
 ; [cca2=NL].translations.zho.official
Expected: è�·å…°
     got: 荷兰
 ; [cca2=NO].demonyms.fra.f
Expected: NorvÃ©gienne
     got: Norvégienne
 ; [cca2=NO].demonyms.fra.m
Expected: NorvÃ©gien
     got: Norvégien
 ; [cca2=NO].flag
Expected: ðŸ‡³ðŸ‡´
     got: 🇳🇴
 ; [cca2=NO].languages.nob
Expected: Norwegian BokmÃ¥l
     got: Norwegian Bokmål
 ; [cca2=NO].translations.ara.common
Expected: Ø§Ù„Ù†Ø±ÙˆÙŠØ¬
     got: النرويج
 ; [cca2=NO].translations.ara.official
Expected: Ù…Ù…Ù„ÙƒØ© Ø§Ù„Ù†Ø±ÙˆÙŠØ¬
     got: مملكة النرويج
 ; [cca2=NO].translations.ces.official
Expected: NorskÃ© krÃ¡lovstvÃ­
     got: Norské království
 ; [cca2=NO].translations.deu.official
Expected: KÃ¶nigreich Norwegen
     got: Königreich Norwegen
 ; [cca2=NO].translations.fra.common
Expected: NorvÃ¨ge
     got: Norvège
 ; [cca2=NO].translations.fra.official
Expected: Royaume de NorvÃ¨ge
     got: Royaume de Norvège
 ; [cca2=NO].translations.hrv.common
Expected: NorveÅ¡ka
     got: Norveška
 ; [cca2=NO].translations.hrv.official
Expected: Kraljevina NorveÅ¡ka
     got: Kraljevina Norveška
 ; [cca2=NO].translations.hun.common
Expected: NorvÃ©gia
     got: Norvégia
 ; [cca2=NO].translations.hun.official
Expected: NorvÃ©g KirÃ¡lysÃ¡g
     got: Norvég Királyság
 ; [cca2=NO].translations.jpn.common
Expected: ãƒŽãƒ«ã‚¦ã‚§ãƒ¼
     got: ノルウェー
 ; [cca2=NO].translations.jpn.official
Expected: ãƒŽãƒ«ã‚¦ã‚§ãƒ¼çŽ‹å›½
     got: ノルウェー王国
 ; [cca2=NO].translations.kor.common
Expected: ë…¸ë¥´ì›¨ì�´
     got: 노르웨이
 ; [cca2=NO].translations.kor.official
Expected: ë…¸ë¥´ì›¨ì�´ ì™•êµ­
     got: 노르웨이 왕국
 ; [cca2=NO].translations.per.common
Expected: Ù†Ø±ÙˆÚ˜
     got: نروژ
 ; [cca2=NO].translations.per.official
Expected: Ù¾Ø§Ø¯Ø´Ø§Ù‡ÛŒ Ù†Ø±ÙˆÚ˜
     got: پادشاهی نروژ
 ; [cca2=NO].translations.pol.official
Expected: KrÃ³lestwo Norwegii
     got: Królestwo Norwegii
 ; [cca2=NO].translations.rus.common
Expected: Ð�Ð¾Ñ€Ð²ÐµÐ³Ð¸Ñ�
     got: Норвегия
 ; [cca2=NO].translations.rus.official
Expected: ÐšÐ¾Ñ€Ð¾Ð»ÐµÐ²Ñ�Ñ‚Ð²Ð¾ Ð�Ð¾Ñ€Ð²ÐµÐ³Ð¸Ñ�
     got: Королевство Норвегия
 ; [cca2=NO].translations.slk.common
Expected: NÃ³rsko
     got: Nórsko
 ; [cca2=NO].translations.slk.official
Expected: NÃ³rske krÃ¡Ä¾ovstvo
     got: Nórske kráľovstvo
 ; [cca2=NO].translations.srp.common
Expected: Ð�Ð¾Ñ€Ð²ÐµÑˆÐºÐ°
     got: Норвешка
 ; [cca2=NO].translations.srp.official
Expected: ÐšÑ€Ð°Ñ™ÐµÐ²Ð¸Ð½Ð° Ð�Ð¾Ñ€Ð²ÐµÑˆÐºÐ°
     got: Краљевина Норвешка
 ; [cca2=NO].translations.tur.common
Expected: NorveÃ§
     got: Norveç
 ; [cca2=NO].translations.tur.official
Expected: NorveÃ§ KrallÄ±ÄŸÄ±
     got: Norveç Krallığı
 ; [cca2=NO].translations.urd.common
Expected: Ù†Ø§Ø±ÙˆÛ’
     got: ناروے
 ; [cca2=NO].translations.urd.official
Expected: Ù…Ù…Ù„Ú©ØªÙ� Ù†Ø§Ø±ÙˆÛ’
     got: مملکتِ ناروے
 ; [cca2=NO].translations.zho.common
Expected: æŒªå¨�
     got: 挪威
 ; [cca2=NO].translations.zho.official
Expected: æŒªå¨�çŽ‹å›½
     got: 挪威王国
 ; [cca2=NP].altSpellings[]
Expected: LoktÄ�ntrik Ganatantra NepÄ�l
     but none found
 ; [cca2=NP].altSpellings[]
Unexpected: Loktāntrik Ganatantra Nepāl
 ; [cca2=NP].currencies.NPR.symbol
Expected: â‚¨
     got: ₨
 ; [cca2=NP].demonyms.fra.f
Expected: NÃ©palaise
     got: Népalaise
 ; [cca2=NP].demonyms.fra.m
Expected: NÃ©palais
     got: Népalais
 ; [cca2=NP].flag
Expected: ðŸ‡³ðŸ‡µ
     got: 🇳🇵
 ; [cca2=NP].name.nativeName.nep.common
Expected: à¤¨à¥‡à¤ªà¤¾à¤²
     got: नेपाल
 ; [cca2=NP].name.nativeName.nep.official
Expected: à¤¨à¥‡à¤ªà¤¾à¤² à¤¸à¤‚à¤˜à¥€à¤¯ à¤²à¥‹à¤•à¤¤à¤¾à¤¨à¥�à¤¤à¥�à¤°à¤¿à¤• à¤—à¤£à¤¤à¤¨à¥�à¤¤à¥�à¤°
     got: नेपाल संघीय लोकतान्त्रिक गणतन्त्र
 ; [cca2=NP].translations.ara.common
Expected: Ù†ÙŠØ¨Ø§Ù„
     got: نيبال
 ; [cca2=NP].translations.ara.official
Expected: Ø¬Ù…Ù‡ÙˆØ±ÙŠØ© Ù†ÙŠØ¨Ø§Ù„ Ø§Ù„Ø¯ÙŠÙ…Ù‚Ø±Ø§Ø·ÙŠØ© Ø§Ù„Ø§ØªØ­Ø§Ø¯ÙŠØ©
     got: جمهورية نيبال الديمقراطية الاتحادية
 ; [cca2=NP].translations.ces.common
Expected: NepÃ¡l
     got: Nepál
 ; [cca2=NP].translations.ces.official
Expected: FederativnÃ­ demokratickÃ¡ republika NepÃ¡l
     got: Federativní demokratická republika Nepál
 ; [cca2=NP].translations.fra.common
Expected: NÃ©pal
     got: Népal
 ; [cca2=NP].translations.fra.official
Expected: RÃ©publique du NÃ©pal
     got: République du Népal
 ; [cca2=NP].translations.hun.common
Expected: NepÃ¡l
     got: Nepál
 ; [cca2=NP].translations.hun.official
Expected: NepÃ¡li SzÃ¶vetsÃ©gi Demokratikus KÃ¶ztÃ¡rsasÃ¡g
     got: Nepáli Szövetségi Demokratikus Köztársaság
 ; [cca2=NP].translations.jpn.common
Expected: ãƒ�ãƒ‘ãƒ¼ãƒ«
     got: ネパール
 ; [cca2=NP].translations.jpn.official
Expected: ãƒ�ãƒ‘ãƒ¼ãƒ«é€£é‚¦æ°‘ä¸»å…±å’Œå›½
     got: ネパール連邦民主共和国
 ; [cca2=NP].translations.kor.common
Expected: ë„¤íŒ”
     got: 네팔
 ; [cca2=NP].translations.kor.official
Expected: ë„¤íŒ” ì—°ë°© ë¯¼ì£¼ ê³µí™”êµ­
     got: 네팔 연방 민주 공화국
 ; [cca2=NP].translations.per.common
Expected: Ù†Ù¾Ø§Ù„
     got: نپال
 ; [cca2=NP].translations.per.official
Expected: Ø¬Ù…Ù‡ÙˆØ±ÛŒ Ù�Ø¯Ø±Ø§Ù„ Ø¯Ù…ÙˆÚ©Ø±Ø§ØªÛŒÚ© Ù†Ù¾Ø§Ù„
     got: جمهوری فدرال دموکراتیک نپال
 ; [cca2=NP].translations.por.official
Expected: RepÃºblica DemocrÃ¡tica Federal do Nepal
     got: República Democrática Federal do Nepal
 ; [cca2=NP].translations.rus.common
Expected: Ð�ÐµÐ¿Ð°Ð»
     got: Непал
 ; [cca2=NP].translations.rus.official
Expected: Ð¤ÐµÐ´ÐµÑ€Ð°Ñ‚Ð¸Ð²Ð½Ð°Ñ� Ð”ÐµÐ¼Ð¾ÐºÑ€Ð°Ñ‚Ð¸Ñ‡ÐµÑ�ÐºÐ°Ñ� Ð ÐµÑ�Ð¿ÑƒÐ±Ð»Ð¸ÐºÐ° Ð�ÐµÐ¿Ð°Ð»
     got: Федеративная Демократическая Республика Непал
 ; [cca2=NP].translations.slk.common
Expected: NepÃ¡l
     got: Nepál
 ; [cca2=NP].translations.slk.official
Expected: NepÃ¡lska federatÃ­vna demokratickÃ¡ republika
     got: Nepálska federatívna demokratická republika
 ; [cca2=NP].translations.spa.official
Expected: RepÃºblica DemocrÃ¡tica Federal de Nepal
     got: República Democrática Federal de Nepal
 ; [cca2=NP].translations.srp.common
Expected: Ð�ÐµÐ¿Ð°Ð»
     got: Непал
 ; [cca2=NP].translations.srp.official
Expected: Ð¡Ð°Ð²ÐµÐ·Ð½Ð° Ð”ÐµÐ¼Ð¾ÐºÑ€Ð°Ñ‚Ñ�ÐºÐ° Ð ÐµÐ¿ÑƒÐ±Ð»Ð¸ÐºÐ° Ð�ÐµÐ¿Ð°Ð»
     got: Савезна Демократска Република Непал
 ; [cca2=NP].translations.swe.official
Expected: Demokratiska fÃ¶rbundsrepubliken Nepal
     got: Demokratiska förbundsrepubliken Nepal
 ; [cca2=NP].translations.urd.common
Expected: Ù†ÛŒÙ¾Ø§Ù„
     got: نیپال
 ; [cca2=NP].translations.urd.official
Expected: ÙˆÙ�Ø§Ù‚ÛŒ Ø¬Ù…Û�ÙˆØ±ÛŒ Ø¬Ù…Û�ÙˆØ±ÛŒÛ� Ù†ÛŒÙ¾Ø§Ù„
     got: وفاقی جمہوری جمہوریہ نیپال
 ; [cca2=NP].translations.zho.common
Expected: å°¼æ³Šå°”
     got: 尼泊尔
 ; [cca2=NP].translations.zho.official
Expected: å°¼æ³Šå°”è�”é‚¦æ°‘ä¸»å…±å’Œå›½
     got: 尼泊尔联邦民主共和国
 ; [cca2=NR].flag
Expected: ðŸ‡³ðŸ‡·
     got: 🇳🇷
 ; [cca2=NR].translations.ara.common
Expected: Ù†Ø§ÙˆØ±Ùˆ
     got: ناورو
 ; [cca2=NR].translations.ara.official
Expected: Ø¬Ù…Ù‡ÙˆØ±ÙŠØ© Ù†Ø§ÙˆØ±Ùˆ
     got: جمهورية ناورو
 ; [cca2=NR].translations.fra.official
Expected: RÃ©publique de Nauru
     got: République de Nauru
 ; [cca2=NR].translations.hun.official
Expected: Naurui KÃ¶ztÃ¡rsasÃ¡g
     got: Naurui Köztársaság
 ; [cca2=NR].translations.jpn.common
Expected: ãƒŠã‚¦ãƒ«
     got: ナウル
 ; [cca2=NR].translations.jpn.official
Expected: ãƒŠã‚¦ãƒ«å…±å’Œå›½
     got: ナウル共和国
 ; [cca2=NR].translations.kor.common
Expected: ë‚˜ìš°ë£¨
     got: 나우루
 ; [cca2=NR].translations.kor.official
Expected: ë‚˜ìš°ë£¨ ê³µí™”êµ­
     got: 나우루 공화국
 ; [cca2=NR].translations.per.common
Expected: Ù†Ø§Ø¦ÙˆØ±Ùˆ
     got: نائورو
 ; [cca2=NR].translations.per.official
Expected: Ø¬Ù…Ù‡ÙˆØ±ÛŒ Ù†Ø§Ø¦ÙˆØ±Ùˆ
     got: جمهوری نائورو
 ; [cca2=NR].translations.por.official
Expected: RepÃºblica de Nauru
     got: República de Nauru
 ; [cca2=NR].translations.rus.common
Expected: Ð�Ð°ÑƒÑ€Ñƒ
     got: Науру
 ; [cca2=NR].translations.rus.official
Expected: Ð ÐµÑ�Ð¿ÑƒÐ±Ð»Ð¸ÐºÐ° Ð�Ð°ÑƒÑ€Ñƒ
     got: Республика Науру
 ; [cca2=NR].translations.slk.official
Expected: NaurskÃ¡ republika
     got: Naurská republika
 ; [cca2=NR].translations.spa.official
Expected: RepÃºblica de Nauru
     got: República de Nauru
 ; [cca2=NR].translations.srp.common
Expected: Ð�Ð°ÑƒÑ€Ñƒ
     got: Науру
 ; [cca2=NR].translations.srp.official
Expected: Ð ÐµÐ¿ÑƒÐ±Ð»Ð¸ÐºÐ° Ð�Ð°ÑƒÑ€Ñƒ
     got: Република Науру
 ; [cca2=NR].translations.urd.common
Expected: Ù†Ø§ÙˆØ±Ùˆ
     got: ناورو
 ; [cca2=NR].translations.urd.official
Expected: Ø¬Ù…Û�ÙˆØ±ÛŒÛ� Ù†Ø§ÙˆØ±Ùˆ
     got: جمہوریہ ناورو
 ; [cca2=NR].translations.zho.common
Expected: ç‘™é²�
     got: 瑙鲁
 ; [cca2=NR].translations.zho.official
Expected: ç‘™é²�å…±å’Œå›½
     got: 瑙鲁共和国
 ; [cca2=NU].demonyms.fra.f
Expected: NiuÃ©enne
     got: Niuéenne
 ; [cca2=NU].demonyms.fra.m
Expected: NiuÃ©en
     got: Niuéen
 ; [cca2=NU].flag
Expected: ðŸ‡³ðŸ‡º
     got: 🇳🇺
 ; [cca2=NU].name.nativeName.niu.common
Expected: NiuÄ“
     got: Niuē
 ; [cca2=NU].name.nativeName.niu.official
Expected: NiuÄ“
     got: Niuē
 ; [cca2=NU].translations.ara.common
Expected: Ù†ÙŠÙŠÙˆÙŠ
     got: نييوي
 ; [cca2=NU].translations.ara.official
Expected: Ù†ÙŠÙŠÙˆÙŠ
     got: نييوي
 ; [cca2=NU].translations.jpn.common
Expected: ãƒ‹ã‚¦ã‚¨
     got: ニウエ
 ; [cca2=NU].translations.jpn.official
Expected: ãƒ‹ã‚¦ã‚¨
     got: ニウエ
 ; [cca2=NU].translations.kor.common
Expected: ë‹ˆìš°ì—�
     got: 니우에
 ; [cca2=NU].translations.kor.official
Expected: ë‹ˆìš°ì—�
     got: 니우에
 ; [cca2=NU].translations.per.common
Expected: Ù†ÛŒÙˆÙˆÛŒ
     got: نیووی
 ; [cca2=NU].translations.per.official
Expected: Ù†ÛŒÙˆÙˆÛŒ
     got: نیووی
 ; [cca2=NU].translations.rus.common
Expected: Ð�Ð¸ÑƒÑ�
     got: Ниуэ
 ; [cca2=NU].translations.rus.official
Expected: Ð�Ð¸ÑƒÑ�
     got: Ниуэ
 ; [cca2=NU].translations.srp.common
Expected: Ð�Ð¸Ñ˜ÑƒÐµ
     got: Нијуе
 ; [cca2=NU].translations.srp.official
Expected: Ð�Ð¸Ñ˜ÑƒÐµ
     got: Нијуе
 ; [cca2=NU].translations.urd.common
Expected: Ù†ÛŒÙˆÙˆÛ’
     got: نیووے
 ; [cca2=NU].translations.urd.official
Expected: Ù†ÛŒÙˆÙˆÛ’
     got: نیووے
 ; [cca2=NU].translations.zho.common
Expected: çº½åŸƒ
     got: 纽埃
 ; [cca2=NU].translations.zho.official
Expected: çº½åŸƒ
     got: 纽埃
 ; [cca2=NZ].demonyms.fra.f
Expected: Neo-ZÃ©landaise
     got: Neo-Zélandaise
 ; [cca2=NZ].demonyms.fra.m
Expected: Neo-ZÃ©landais
     got: Neo-Zélandais
 ; [cca2=NZ].flag
Expected: ðŸ‡³ðŸ‡¿
     got: 🇳🇿
 ; [cca2=NZ].flags.alt
Expected: The flag of New Zealand has a dark blue field with the flag of the United Kingdom â€” the Union Jack â€” in the canton and a representation of the Southern Cross constellation, made up of four five-pointed white-edged red stars, on the fly side of the field.
     got: The flag of New Zealand has a dark blue field with the flag of the United Kingdom — the Union Jack — in the canton and a representation of the Southern Cross constellation, made up of four five-pointed white-edged red stars, on the fly side of the field.
 ; [cca2=NZ].languages.mri
Expected: MÄ�ori
     got: Māori
 ; [cca2=NZ].translations.ara.common
Expected: Ù†ÙŠÙˆØ²ÙŠÙ„Ù†Ø¯Ø§
     got: نيوزيلندا
 ; [cca2=NZ].translations.ara.official
Expected: Ù†ÙŠÙˆØ²ÙŠÙ„Ù†Ø¯Ø§
     got: نيوزيلندا
 ; [cca2=NZ].translations.ces.common
Expected: NovÃ½ ZÃ©land
     got: Nový Zéland
 ; [cca2=NZ].translations.ces.official
Expected: NovÃ½ ZÃ©land
     got: Nový Zéland
 ; [cca2=NZ].translations.fra.common
Expected: Nouvelle-ZÃ©lande
     got: Nouvelle-Zélande
 ; [cca2=NZ].translations.fra.official
Expected: Nouvelle-ZÃ©lande
     got: Nouvelle-Zélande
 ; [cca2=NZ].translations.hun.common
Expected: Ãšj-ZÃ©land
     got: Új-Zéland
 ; [cca2=NZ].translations.hun.official
Expected: Ãšj-ZÃ©land
     got: Új-Zéland
 ; [cca2=NZ].translations.jpn.common
Expected: ãƒ‹ãƒ¥ãƒ¼ã‚¸ãƒ¼ãƒ©ãƒ³ãƒ‰
     got: ニュージーランド
 ; [cca2=NZ].translations.jpn.official
Expected: ãƒ‹ãƒ¥ãƒ¼ã‚¸ãƒ¼ãƒ©ãƒ³ãƒ‰
     got: ニュージーランド
 ; [cca2=NZ].translations.kor.common
Expected: ë‰´ì§ˆëžœë“œ
     got: 뉴질랜드
 ; [cca2=NZ].translations.kor.official
Expected: ë‰´ì§ˆëžœë“œ
     got: 뉴질랜드
 ; [cca2=NZ].translations.per.common
Expected: Ù†ÛŒÙˆØ²ÛŒÙ„Ù†Ø¯
     got: نیوزیلند
 ; [cca2=NZ].translations.per.official
Expected: Ù†ÛŒÙˆØ²ÛŒÙ„Ù†Ø¯
     got: نیوزیلند
 ; [cca2=NZ].translations.por.common
Expected: Nova ZelÃ¢ndia
     got: Nova Zelândia
 ; [cca2=NZ].translations.por.official
Expected: nova ZelÃ¢ndia
     got: nova Zelândia
 ; [cca2=NZ].translations.rus.common
Expected: Ð�Ð¾Ð²Ð°Ñ� Ð—ÐµÐ»Ð°Ð½Ð´Ð¸Ñ�
     got: Новая Зеландия
 ; [cca2=NZ].translations.rus.official
Expected: Ð�Ð¾Ð²Ð°Ñ� Ð—ÐµÐ»Ð°Ð½Ð´Ð¸Ñ�
     got: Новая Зеландия
 ; [cca2=NZ].translations.slk.common
Expected: NovÃ½ ZÃ©land
     got: Nový Zéland
 ; [cca2=NZ].translations.slk.official
Expected: NovÃ½ ZÃ©land
     got: Nový Zéland
 ; [cca2=NZ].translations.srp.common
Expected: Ð�Ð¾Ð²Ð¸ Ð—ÐµÐ»Ð°Ð½Ð´
     got: Нови Зеланд
 ; [cca2=NZ].translations.srp.official
Expected: Ð�Ð¾Ð²Ð¸ Ð—ÐµÐ»Ð°Ð½Ð´
     got: Нови Зеланд
 ; [cca2=NZ].translations.urd.common
Expected: Ù†ÛŒÙˆØ²ÛŒ Ù„ÛŒÙ†Úˆ
     got: نیوزی لینڈ
 ; [cca2=NZ].translations.urd.official
Expected: Ù†ÛŒÙˆØ²ÛŒ Ù„ÛŒÙ†Úˆ
     got: نیوزی لینڈ
 ; [cca2=NZ].translations.zho.common
Expected: æ–°è¥¿å…°
     got: 新西兰
 ; [cca2=NZ].translations.zho.official
Expected: æ–°è¥¿å…°
     got: 新西兰
 ; [cca2=OM].altSpellings[]
Expected: Salá¹­anat Ê»UmÄ�n
     but none found
 ; [cca2=OM].altSpellings[]
Unexpected: Salṭanat ʻUmān
 ; [cca2=OM].currencies.OMR.symbol
Expected: Ø±.Ø¹.
     got: ر.ع.
 ; [cca2=OM].flag
Expected: ðŸ‡´ðŸ‡²
     got: 🇴🇲
 ; [cca2=OM].name.nativeName.ara.common
Expected: Ø¹Ù…Ø§Ù†
     got: عمان
 ; [cca2=OM].name.nativeName.ara.official
Expected: Ø³Ù„Ø·Ù†Ø© Ø¹Ù…Ø§Ù†
     got: سلطنة عمان
 ; [cca2=OM].translations.ara.common
Expected: Ø¹Ù…Ø§Ù†
     got: عمان
 ; [cca2=OM].translations.ara.official
Expected: Ø³Ù„Ø·Ù†Ø© Ø¹Ù…Ø§Ù†
     got: سلطنة عمان
 ; [cca2=OM].translations.ces.common
Expected: OmÃ¡n
     got: Omán
 ; [cca2=OM].translations.ces.official
Expected: SultanÃ¡t OmÃ¡n
     got: Sultanát Omán
 ; [cca2=OM].translations.hun.common
Expected: OmÃ¡n
     got: Omán
 ; [cca2=OM].translations.hun.official
Expected: OmÃ¡ni SzultanÃ¡tus
     got: Ománi Szultanátus
 ; [cca2=OM].translations.jpn.common
Expected: ã‚ªãƒžãƒ¼ãƒ³
     got: オマーン
 ; [cca2=OM].translations.jpn.official
Expected: ã‚ªãƒžãƒ¼ãƒ³Â·ã‚¹ãƒ«ã‚¿ãƒ³å›½
     got: オマーン·スルタン国
 ; [cca2=OM].translations.kor.common
Expected: ì˜¤ë§Œ
     got: 오만
 ; [cca2=OM].translations.kor.official
Expected: ì˜¤ë§Œ ìˆ íƒ„êµ­
     got: 오만 술탄국
 ; [cca2=OM].translations.per.common
Expected: Ø¹Ù…Ø§Ù†
     got: عمان
 ; [cca2=OM].translations.per.official
Expected: Ø³Ù„Ø·Ø§Ù†â€ŒÙ†Ø´ÛŒÙ† Ø¹Ù�Ù…Ø§Ù†
     got: سلطان‌نشین عُمان
 ; [cca2=OM].translations.pol.official
Expected: SuÅ‚tanat Omanu
     got: Sułtanat Omanu
 ; [cca2=OM].translations.por.common
Expected: OmÃ£
     got: Omã
 ; [cca2=OM].translations.por.official
Expected: Sultanato de OmÃ£
     got: Sultanato de Omã
 ; [cca2=OM].translations.rus.common
Expected: ÐžÐ¼Ð°Ð½
     got: Оман
 ; [cca2=OM].translations.rus.official
Expected: Ð¡ÑƒÐ»Ñ‚Ð°Ð½Ð°Ñ‚ ÐžÐ¼Ð°Ð½
     got: Султанат Оман
 ; [cca2=OM].translations.slk.common
Expected: OmÃ¡n
     got: Omán
 ; [cca2=OM].translations.slk.official
Expected: OmÃ¡nsky sultanÃ¡t
     got: Ománsky sultanát
 ; [cca2=OM].translations.spa.common
Expected: OmÃ¡n
     got: Omán
 ; [cca2=OM].translations.spa.official
Expected: Sultanato de OmÃ¡n
     got: Sultanato de Omán
 ; [cca2=OM].translations.srp.common
Expected: ÐžÐ¼Ð°Ð½
     got: Оман
 ; [cca2=OM].translations.srp.official
Expected: Ð¡ÑƒÐ»Ñ‚Ð°Ð½Ð°Ñ‚ ÐžÐ¼Ð°Ð½
     got: Султанат Оман
 ; [cca2=OM].translations.tur.official
Expected: Umman SultanlÄ±ÄŸÄ±
     got: Umman Sultanlığı
 ; [cca2=OM].translations.urd.common
Expected: Ø¹Ù…Ø§Ù†
     got: عمان
 ; [cca2=OM].translations.urd.official
Expected: Ø³Ù„Ø·Ù†Øª Ø¹Ù…Ø§Ù†
     got: سلطنت عمان
 ; [cca2=OM].translations.zho.common
Expected: é˜¿æ›¼
     got: 阿曼
 ; [cca2=OM].translations.zho.official
Expected: é˜¿æ›¼è‹�ä¸¹å›½
     got: 阿曼苏丹国
 ; [cca2=PA].altSpellings[]
Expected: RepÃºblica de PanamÃ¡
     but none found
 ; [cca2=PA].altSpellings[]
Unexpected: República de Panamá
 ; [cca2=PA].demonyms.fra.f
Expected: PanamÃ©enne
     got: Panaméenne
 ; [cca2=PA].demonyms.fra.m
Expected: PanamÃ©en
     got: Panaméen
 ; [cca2=PA].flag
Expected: ðŸ‡µðŸ‡¦
     got: 🇵🇦
 ; [cca2=PA].flags.alt
Expected: The flag of Panama is composed of four equal rectangular areas â€” a white rectangular area with a blue five-pointed star at its center, a red rectangular area, a white rectangular area with a red five-pointed star at its center, and a blue rectangular area â€” in the upper hoist side, upper fly side, lower fly side and lower hoist side respectively.
     got: The flag of Panama is composed of four equal rectangular areas — a white rectangular area with a blue five-pointed star at its center, a red rectangular area, a white rectangular area with a red five-pointed star at its center, and a blue rectangular area — in the upper hoist side, upper fly side, lower fly side and lower hoist side respectively.
 ; [cca2=PA].name.nativeName.spa.common
Expected: PanamÃ¡
     got: Panamá
 ; [cca2=PA].name.nativeName.spa.official
Expected: RepÃºblica de PanamÃ¡
     got: República de Panamá
 ; [cca2=PA].translations.ara.common
Expected: Ø¨Ù†Ù…Ø§
     got: بنما
 ; [cca2=PA].translations.ara.official
Expected: Ø¬Ù…Ù‡ÙˆØ±ÙŠØ© Ø¨Ù†Ù…Ø§
     got: جمهورية بنما
 ; [cca2=PA].translations.ces.official
Expected: PanamskÃ¡ republika
     got: Panamská republika
 ; [cca2=PA].translations.fra.official
Expected: RÃ©publique du Panama
     got: République du Panama
 ; [cca2=PA].translations.hun.official
Expected: Panamai KÃ¶ztÃ¡rsasÃ¡g
     got: Panamai Köztársaság
 ; [cca2=PA].translations.jpn.common
Expected: ãƒ‘ãƒŠãƒž
     got: パナマ
 ; [cca2=PA].translations.jpn.official
Expected: ãƒ‘ãƒŠãƒžå…±å’Œå›½
     got: パナマ共和国
 ; [cca2=PA].translations.kor.common
Expected: íŒŒë‚˜ë§ˆ
     got: 파나마
 ; [cca2=PA].translations.kor.official
Expected: íŒŒë‚˜ë§ˆ ê³µí™”êµ­
     got: 파나마 공화국
 ; [cca2=PA].translations.per.common
Expected: Ù¾Ø§Ù†Ø§Ù…Ø§
     got: پاناما
 ; [cca2=PA].translations.per.official
Expected: Ø¬Ù…Ù‡ÙˆØ±ÛŒ Ù¾Ø§Ù†Ø§Ù…Ø§
     got: جمهوری پاناما
 ; [cca2=PA].translations.por.common
Expected: PanamÃ¡
     got: Panamá
 ; [cca2=PA].translations.por.official
Expected: RepÃºblica do PanamÃ¡
     got: República do Panamá
 ; [cca2=PA].translations.rus.common
Expected: ÐŸÐ°Ð½Ð°Ð¼Ð°
     got: Панама
 ; [cca2=PA].translations.rus.official
Expected: Ð ÐµÑ�Ð¿ÑƒÐ±Ð»Ð¸ÐºÐ° ÐŸÐ°Ð½Ð°Ð¼Ð°
     got: Республика Панама
 ; [cca2=PA].translations.slk.official
Expected: PanamskÃ¡ republika
     got: Panamská republika
 ; [cca2=PA].translations.spa.common
Expected: PanamÃ¡
     got: Panamá
 ; [cca2=PA].translations.spa.official
Expected: RepÃºblica de PanamÃ¡
     got: República de Panamá
 ; [cca2=PA].translations.srp.common
Expected: ÐŸÐ°Ð½Ð°Ð¼Ð°
     got: Панама
 ; [cca2=PA].translations.srp.official
Expected: Ð ÐµÐ¿ÑƒÐ±Ð»Ð¸ÐºÐ° ÐŸÐ°Ð½Ð°Ð¼Ð°
     got: Република Панама
 ; [cca2=PA].translations.urd.common
Expected: Ù¾Ø§Ù†Ø§Ù…Ø§
     got: پاناما
 ; [cca2=PA].translations.urd.official
Expected: Ø¬Ù…Û�ÙˆØ±ÛŒÛ� Ù¾Ø§Ù†Ø§Ù…Ø§
     got: جمہوریہ پاناما
 ; [cca2=PA].translations.zho.common
Expected: å·´æ‹¿é©¬
     got: 巴拿马
 ; [cca2=PA].translations.zho.official
Expected: å·´æ‹¿é©¬å…±å’Œå›½
     got: 巴拿马共和国
 ; [cca2=PE].altSpellings[]
Expected: RepÃºblica del PerÃº
     but none found
 ; [cca2=PE].altSpellings[]
Unexpected: República del Perú
 ; [cca2=PE].demonyms.fra.f
Expected: PÃ©ruvienne
     got: Péruvienne
 ; [cca2=PE].demonyms.fra.m
Expected: PÃ©ruvien
     got: Péruvien
 ; [cca2=PE].flag
Expected: ðŸ‡µðŸ‡ª
     got: 🇵🇪
 ; [cca2=PE].name.nativeName.spa.common
Expected: PerÃº
     got: Perú
 ; [cca2=PE].name.nativeName.spa.official
Expected: RepÃºblica del PerÃº
     got: República del Perú
 ; [cca2=PE].translations.ara.common
Expected: Ø¨ÙŠØ±Ùˆ
     got: بيرو
 ; [cca2=PE].translations.ara.official
Expected: Ø¬Ù…Ù‡ÙˆØ±ÙŠØ© Ø¨ÙŠØ±Ùˆ
     got: جمهورية بيرو
 ; [cca2=PE].translations.ces.official
Expected: PeruÃ¡nskÃ¡ republika
     got: Peruánská republika
 ; [cca2=PE].translations.fra.common
Expected: PÃ©rou
     got: Pérou
 ; [cca2=PE].translations.fra.official
Expected: RÃ©publique du PÃ©rou
     got: République du Pérou
 ; [cca2=PE].translations.hun.official
Expected: Perui KÃ¶ztÃ¡rsasÃ¡g
     got: Perui Köztársaság
 ; [cca2=PE].translations.ita.common
Expected: PerÃ¹
     got: Perù
 ; [cca2=PE].translations.ita.official
Expected: Repubblica del PerÃ¹
     got: Repubblica del Perù
 ; [cca2=PE].translations.jpn.common
Expected: ãƒšãƒ«ãƒ¼
     got: ペルー
 ; [cca2=PE].translations.jpn.official
Expected: ãƒšãƒ«ãƒ¼å…±å’Œå›½
     got: ペルー共和国
 ; [cca2=PE].translations.kor.common
Expected: íŽ˜ë£¨
     got: 페루
 ; [cca2=PE].translations.kor.official
Expected: íŽ˜ë£¨ ê³µí™”êµ­
     got: 페루 공화국
 ; [cca2=PE].translations.per.common
Expected: Ù¾Ø±Ùˆ
     got: پرو
 ; [cca2=PE].translations.per.official
Expected: Ø¬Ù…Ù‡ÙˆØ±ÛŒ Ù¾Ø±Ùˆ
     got: جمهوری پرو
 ; [cca2=PE].translations.por.common
Expected: PerÃº
     got: Perú
 ; [cca2=PE].translations.por.official
Expected: RepÃºblica do Peru
     got: República do Peru
 ; [cca2=PE].translations.rus.common
Expected: ÐŸÐµÑ€Ñƒ
     got: Перу
 ; [cca2=PE].translations.rus.official
Expected: Ð ÐµÑ�Ð¿ÑƒÐ±Ð»Ð¸ÐºÐ° ÐŸÐµÑ€Ñƒ
     got: Республика Перу
 ; [cca2=PE].translations.slk.official
Expected: PeruÃ¡nska republika
     got: Peruánska republika
 ; [cca2=PE].translations.spa.common
Expected: PerÃº
     got: Perú
 ; [cca2=PE].translations.spa.official
Expected: RepÃºblica de PerÃº
     got: República de Perú
 ; [cca2=PE].translations.srp.common
Expected: ÐŸÐµÑ€Ñƒ
     got: Перу
 ; [cca2=PE].translations.srp.official
Expected: Ð ÐµÐ¿ÑƒÐ±Ð»Ð¸ÐºÐ° ÐŸÐµÑ€Ñƒ
     got: Република Перу
 ; [cca2=PE].translations.urd.common
Expected: Ù¾ÛŒØ±Ùˆ
     got: پیرو
 ; [cca2=PE].translations.urd.official
Expected: Ø¬Ù…Û�ÙˆØ±ÛŒÛ� Ù¾ÛŒØ±Ùˆ
     got: جمہوریہ پیرو
 ; [cca2=PE].translations.zho.common
Expected: ç§˜é²�
     got: 秘鲁
 ; [cca2=PE].translations.zho.official
Expected: ç§˜é²�å…±å’Œå›½
     got: 秘鲁共和国
 ; [cca2=PF].altSpellings[]
Expected: PÅ�rÄ«netia FarÄ�ni
     but none found
 ; [cca2=PF].altSpellings[]
Expected: PolynÃ©sie franÃ§aise
     but none found
 ; [cca2=PF].altSpellings[]
Unexpected: Polynésie française
 ; [cca2=PF].altSpellings[]
Unexpected: Pōrīnetia Farāni
 ; [cca2=PF].capital[]
Expected: PapeetÄ“
     but none found
 ; [cca2=PF].capital[]
Unexpected: Papeetē
 ; [cca2=PF].currencies.XPF.symbol
Expected: â‚£
     got: ₣
 ; [cca2=PF].demonyms.fra.f
Expected: PolynÃ©sienne
     got: Polynésienne
 ; [cca2=PF].demonyms.fra.m
Expected: PolynÃ©sien
     got: Polynésien
 ; [cca2=PF].flag
Expected: ðŸ‡µðŸ‡«
     got: 🇵🇫
 ; [cca2=PF].name.nativeName.fra.common
Expected: PolynÃ©sie franÃ§aise
     got: Polynésie française
 ; [cca2=PF].name.nativeName.fra.official
Expected: PolynÃ©sie franÃ§aise
     got: Polynésie française
 ; [cca2=PF].translations.ara.common
Expected: Ø¨ÙˆÙ„ÙŠÙ†Ø²ÙŠØ§ Ø§Ù„Ù�Ø±Ù†Ø³ÙŠØ©
     got: بولينزيا الفرنسية
 ; [cca2=PF].translations.ara.official
Expected: Ø¨ÙˆÙ„ÙŠÙ†Ø²ÙŠØ§ Ø§Ù„Ù�Ø±Ù†Ø³ÙŠØ©
     got: بولينزيا الفرنسية
 ; [cca2=PF].translations.ces.common
Expected: FrancouzskÃ¡ PolynÃ©sie
     got: Francouzská Polynésie
 ; [cca2=PF].translations.ces.official
Expected: FrancouzskÃ¡ PolynÃ©sie
     got: Francouzská Polynésie
 ; [cca2=PF].translations.deu.common
Expected: FranzÃ¶sisch-Polynesien
     got: Französisch-Polynesien
 ; [cca2=PF].translations.deu.official
Expected: FranzÃ¶sisch-Polynesien
     got: Französisch-Polynesien
 ; [cca2=PF].translations.est.common
Expected: Prantsuse PolÃ¼neesia
     got: Prantsuse Polüneesia
 ; [cca2=PF].translations.est.official
Expected: Prantsuse PolÃ¼neesia
     got: Prantsuse Polüneesia
 ; [cca2=PF].translations.fra.common
Expected: PolynÃ©sie franÃ§aise
     got: Polynésie française
 ; [cca2=PF].translations.fra.official
Expected: PolynÃ©sie franÃ§aise
     got: Polynésie française
 ; [cca2=PF].translations.hun.common
Expected: Francia PolinÃ©zia
     got: Francia Polinézia
 ; [cca2=PF].translations.hun.official
Expected: Francia PolinÃ©zia
     got: Francia Polinézia
 ; [cca2=PF].translations.jpn.common
Expected: ãƒ•ãƒ©ãƒ³ã‚¹é ˜ãƒ�ãƒªãƒ�ã‚·ã‚¢
     got: フランス領ポリネシア
 ; [cca2=PF].translations.jpn.official
Expected: ãƒ•ãƒ©ãƒ³ã‚¹é ˜ãƒ�ãƒªãƒ�ã‚·ã‚¢
     got: フランス領ポリネシア
 ; [cca2=PF].translations.kor.common
Expected: í”„ëž‘ìŠ¤ë ¹ í�´ë¦¬ë„¤ì‹œì•„
     got: 프랑스령 폴리네시아
 ; [cca2=PF].translations.kor.official
Expected: í”„ëž‘ìŠ¤ë ¹ í�´ë¦¬ë„¤ì‹œì•„
     got: 프랑스령 폴리네시아
 ; [cca2=PF].translations.nld.common
Expected: Frans-PolynesiÃ«
     got: Frans-Polynesië
 ; [cca2=PF].translations.nld.official
Expected: Frans-PolynesiÃ«
     got: Frans-Polynesië
 ; [cca2=PF].translations.per.common
Expected: Ù¾Ù�Ù„ÛŒâ€ŒÙ†Ù�Ø²ÛŒ Ù�Ø±Ø§Ù†Ø³Ù‡
     got: پُلی‌نِزی فرانسه
 ; [cca2=PF].translations.per.official
Expected: Ù¾Ù�Ù„ÛŒâ€ŒÙ†Ù�Ø²ÛŒ Ù�Ø±Ø§Ù†Ø³Ù‡
     got: پُلی‌نِزی فرانسه
 ; [cca2=PF].translations.por.common
Expected: PolinÃ©sia Francesa
     got: Polinésia Francesa
 ; [cca2=PF].translations.por.official
Expected: PolinÃ©sia Francesa
     got: Polinésia Francesa
 ; [cca2=PF].translations.rus.common
Expected: Ð¤Ñ€Ð°Ð½Ñ†ÑƒÐ·Ñ�ÐºÐ°Ñ� ÐŸÐ¾Ð»Ð¸Ð½ÐµÐ·Ð¸Ñ�
     got: Французская Полинезия
 ; [cca2=PF].translations.rus.official
Expected: Ð¤Ñ€Ð°Ð½Ñ†ÑƒÐ·Ñ�ÐºÐ°Ñ� ÐŸÐ¾Ð»Ð¸Ð½ÐµÐ·Ð¸Ñ�
     got: Французская Полинезия
 ; [cca2=PF].translations.slk.common
Expected: FrancÃºzska PolynÃ©zia
     got: Francúzska Polynézia
 ; [cca2=PF].translations.slk.official
Expected: FrancÃºzska PolynÃ©zia
     got: Francúzska Polynézia
 ; [cca2=PF].translations.spa.official
Expected: Polinesia francÃ©s
     got: Polinesia francés
 ; [cca2=PF].translations.srp.common
Expected: Ð¤Ñ€Ð°Ð½Ñ†ÑƒÑ�ÐºÐ° ÐŸÐ¾Ð»Ð¸Ð½ÐµÐ·Ð¸Ñ˜Ð°
     got: Француска Полинезија
 ; [cca2=PF].translations.srp.official
Expected: Ð¤Ñ€Ð°Ð½Ñ†ÑƒÑ�ÐºÐ° ÐŸÐ¾Ð»Ð¸Ð½ÐµÐ·Ð¸Ñ˜Ð°
     got: Француска Полинезија
 ; [cca2=PF].translations.tur.common
Expected: FransÄ±z PolinezyasÄ±
     got: Fransız Polinezyası
 ; [cca2=PF].translations.tur.official
Expected: FransÄ±z PolinezyasÄ±
     got: Fransız Polinezyası
 ; [cca2=PF].translations.urd.common
Expected: Ù�Ø±Ø§Ù†Ø³ÛŒØ³ÛŒ Ù¾ÙˆÙ„ÛŒÙ†ÛŒØ´ÛŒØ§
     got: فرانسیسی پولینیشیا
 ; [cca2=PF].translations.urd.official
Expected: Ù�Ø±Ø§Ù†Ø³ÛŒØ³ÛŒ Ù¾ÙˆÙ„ÛŒÙ†ÛŒØ´ÛŒØ§
     got: فرانسیسی پولینیشیا
 ; [cca2=PF].translations.zho.common
Expected: æ³•å±žæ³¢åˆ©å°¼è¥¿äºš
     got: 法属波利尼西亚
 ; [cca2=PF].translations.zho.official
Expected: æ³•å±žæ³¢åˆ©å°¼è¥¿äºš
     got: 法属波利尼西亚
 ; [cca2=PG].flag
Expected: ðŸ‡µðŸ‡¬
     got: 🇵🇬
 ; [cca2=PG].translations.ara.common
Expected: Ø¨Ø§Ø¨ÙˆØ§ ØºÙŠÙ†ÙŠØ§ Ø§Ù„Ø¬Ø¯ÙŠØ¯Ø©
     got: بابوا غينيا الجديدة
 ; [cca2=PG].translations.ara.official
Expected: Ø¯ÙˆÙ„Ø© Ø¨Ø§Ø¨ÙˆØ§ ØºÙŠÙ†ÙŠØ§ Ø§Ù„Ø¬Ø¯ÙŠØ¯Ø©
     got: دولة بابوا غينيا الجديدة
 ; [cca2=PG].translations.ces.common
Expected: Papua-NovÃ¡ Guinea
     got: Papua-Nová Guinea
 ; [cca2=PG].translations.ces.official
Expected: NezÃ¡vislÃ½ stÃ¡t Papua NovÃ¡ Guinea
     got: Nezávislý stát Papua Nová Guinea
 ; [cca2=PG].translations.deu.official
Expected: UnabhÃ¤ngiger Staat Papua-Neuguinea
     got: Unabhängiger Staat Papua-Neuguinea
 ; [cca2=PG].translations.fin.official
Expected: Papua-Uuden-Guinean ItsenÃ¤inen valtio
     got: Papua-Uuden-Guinean Itsenäinen valtio
 ; [cca2=PG].translations.fra.common
Expected: Papouasie-Nouvelle-GuinÃ©e
     got: Papouasie-Nouvelle-Guinée
 ; [cca2=PG].translations.fra.official
Expected: Ã‰tat indÃ©pendant de Papouasie-Nouvelle-GuinÃ©e
     got: État indépendant de Papouasie-Nouvelle-Guinée
 ; [cca2=PG].translations.hrv.official
Expected: Nezavisna DrÅ¾ava Papui Novoj Gvineji
     got: Nezavisna Država Papui Novoj Gvineji
 ; [cca2=PG].translations.hun.common
Expected: PÃ¡pua Ãšj-Guinea
     got: Pápua Új-Guinea
 ; [cca2=PG].translations.hun.official
Expected: PÃ¡pua Ãšj-Guinea FÃ¼ggetlen Ã�llam
     got: Pápua Új-Guinea Független Állam
 ; [cca2=PG].translations.jpn.common
Expected: ãƒ‘ãƒ—ã‚¢ãƒ‹ãƒ¥ãƒ¼ã‚®ãƒ‹ã‚¢
     got: パプアニューギニア
 ; [cca2=PG].translations.jpn.official
Expected: ãƒ‘ãƒ—ã‚¢ãƒ‹ãƒ¥ãƒ¼ã‚®ãƒ‹ã‚¢ç‹¬ç«‹å›½
     got: パプアニューギニア独立国
 ; [cca2=PG].translations.kor.common
Expected: íŒŒí‘¸ì•„ë‰´ê¸°ë‹ˆ
     got: 파푸아뉴기니
 ; [cca2=PG].translations.kor.official
Expected: íŒŒí‘¸ì•„ë‰´ê¸°ë‹ˆ ë�…ë¦½êµ­
     got: 파푸아뉴기니 독립국
 ; [cca2=PG].translations.per.common
Expected: Ù¾Ø§Ù¾ÙˆØ¢ Ú¯ÛŒÙ†Ù‡ Ù†Ùˆ
     got: پاپوآ گینه نو
 ; [cca2=PG].translations.per.official
Expected: Ù…Ù…Ù„Ú©Øª Ù…Ø³ØªÙ‚Ù„ Ù¾Ø§Ù¾ÙˆØ¢ Ú¯ÛŒÙ†Ù‡Ù” Ù†Ùˆ
     got: مملکت مستقل پاپوآ گینهٔ نو
 ; [cca2=PG].translations.pol.official
Expected: NiezaleÅ¼ne PaÅ„stwo Papui-Nowej Gwinei
     got: Niezależne Państwo Papui-Nowej Gwinei
 ; [cca2=PG].translations.por.common
Expected: Papua Nova GuinÃ©
     got: Papua Nova Guiné
 ; [cca2=PG].translations.por.official
Expected: Estado Independente da Papua Nova GuinÃ©
     got: Estado Independente da Papua Nova Guiné
 ; [cca2=PG].translations.rus.common
Expected: ÐŸÐ°Ð¿ÑƒÐ° â€” Ð�Ð¾Ð²Ð°Ñ� Ð“Ð²Ð¸Ð½ÐµÑ�
     got: Папуа — Новая Гвинея
 ; [cca2=PG].translations.rus.official
Expected: Ð�ÐµÐ·Ð°Ð²Ð¸Ñ�Ð¸Ð¼Ð¾Ðµ Ð“Ð¾Ñ�ÑƒÐ´Ð°Ñ€Ñ�Ñ‚Ð²Ð¾ ÐŸÐ°Ð¿ÑƒÐ°-Ð�Ð¾Ð²Ð¾Ð¹ Ð“Ð²Ð¸Ð½ÐµÐ¸
     got: Независимое Государство Папуа-Новой Гвинеи
 ; [cca2=PG].translations.slk.common
Expected: Papua-NovÃ¡ Guinea
     got: Papua-Nová Guinea
 ; [cca2=PG].translations.slk.official
Expected: NezÃ¡vislÃ½ Å¡tÃ¡t Papua-NovÃ¡ Guinea
     got: Nezávislý štát Papua-Nová Guinea
 ; [cca2=PG].translations.spa.common
Expected: PapÃºa Nueva Guinea
     got: Papúa Nueva Guinea
 ; [cca2=PG].translations.spa.official
Expected: Estado Independiente de PapÃºa Nueva Guinea
     got: Estado Independiente de Papúa Nueva Guinea
 ; [cca2=PG].translations.srp.common
Expected: ÐŸÐ°Ð¿ÑƒÐ° Ð�Ð¾Ð²Ð° Ð“Ð²Ð¸Ð½ÐµÑ˜Ð°
     got: Папуа Нова Гвинеја
 ; [cca2=PG].translations.srp.official
Expected: Ð�ÐµÐ·Ð°Ð²Ð¸Ñ�Ð½Ð° Ð”Ñ€Ð¶Ð°Ð²Ð° ÐŸÐ°Ð¿ÑƒÐ° Ð�Ð¾Ð²Ð° Ð“Ð²Ð¸Ð½ÐµÑ˜Ð°
     got: Независна Држава Папуа Нова Гвинеја
 ; [cca2=PG].translations.tur.official
Expected: Papua Yeni Gine BaÄŸÄ±msÄ±z Devleti
     got: Papua Yeni Gine Bağımsız Devleti
 ; [cca2=PG].translations.urd.common
Expected: Ù¾Ø§Ù¾ÙˆØ§ Ù†ÛŒÙˆ Ú¯Ù†ÛŒ
     got: پاپوا نیو گنی
 ; [cca2=PG].translations.urd.official
Expected: Ø¢Ø²Ø§Ø¯ Ø±ÛŒØ§Ø³ØªÙ� Ù¾Ø§Ù¾ÙˆØ§ Ù†ÛŒÙˆ Ú¯Ù†ÛŒ
     got: آزاد ریاستِ پاپوا نیو گنی
 ; [cca2=PG].translations.zho.common
Expected: å·´å¸ƒäºšæ–°å‡ å†…äºš
     got: 巴布亚新几内亚
 ; [cca2=PG].translations.zho.official
Expected: å·´å¸ƒäºšæ–°å‡ å†…äºš
     got: 巴布亚新几内亚
 ; [cca2=PH].altSpellings[]
Expected: RepÃºblika ng Pilipinas
     but none found
 ; [cca2=PH].altSpellings[]
Unexpected: Repúblika ng Pilipinas
 ; [cca2=PH].currencies.PHP.symbol
Expected: â‚±
     got: ₱
 ; [cca2=PH].flag
Expected: ðŸ‡µðŸ‡­
     got: 🇵🇭
 ; [cca2=PH].translations.ara.common
Expected: Ø§Ù„Ù�Ù„Ø¨ÙŠÙ†
     got: الفلبين
 ; [cca2=PH].translations.ara.official
Expected: Ø¬Ù…Ù‡ÙˆØ±ÙŠØ© Ø§Ù„Ù�Ù„Ø¨ÙŠÙ†
     got: جمهورية الفلبين
 ; [cca2=PH].translations.ces.common
Expected: FilipÃ­ny
     got: Filipíny
 ; [cca2=PH].translations.ces.official
Expected: FilipÃ­nskÃ¡ republika
     got: Filipínská republika
 ; [cca2=PH].translations.fra.official
Expected: RÃ©publique des Philippines
     got: République des Philippines
 ; [cca2=PH].translations.hun.common
Expected: FÃ¼lÃ¶p-szigetek
     got: Fülöp-szigetek
 ; [cca2=PH].translations.hun.official
Expected: FÃ¼lÃ¶p-szigeteki KÃ¶ztÃ¡rsasÃ¡g
     got: Fülöp-szigeteki Köztársaság
 ; [cca2=PH].translations.jpn.common
Expected: ãƒ•ã‚£ãƒªãƒ”ãƒ³
     got: フィリピン
 ; [cca2=PH].translations.jpn.official
Expected: ãƒ•ã‚£ãƒªãƒ”ãƒ³å…±å’Œå›½
     got: フィリピン共和国
 ; [cca2=PH].translations.kor.common
Expected: í•„ë¦¬í•€
     got: 필리핀
 ; [cca2=PH].translations.kor.official
Expected: í•„ë¦¬í•€ ê³µí™”êµ­
     got: 필리핀 공화국
 ; [cca2=PH].translations.per.common
Expected: Ù�ÛŒÙ„ÛŒÙ¾ÛŒÙ†
     got: فیلیپین
 ; [cca2=PH].translations.per.official
Expected: Ø¬Ù…Ù‡ÙˆØ±ÛŒ Ù�ÛŒÙ„ÛŒÙ¾ÛŒÙ†
     got: جمهوری فیلیپین
 ; [cca2=PH].translations.por.official
Expected: RepÃºblica das Filipinas
     got: República das Filipinas
 ; [cca2=PH].translations.rus.common
Expected: Ð¤Ð¸Ð»Ð¸Ð¿Ð¿Ð¸Ð½Ñ‹
     got: Филиппины
 ; [cca2=PH].translations.rus.official
Expected: Ð ÐµÑ�Ð¿ÑƒÐ±Ð»Ð¸ÐºÐ° Ð¤Ð¸Ð»Ð¸Ð¿Ð¿Ð¸Ð½Ñ‹
     got: Республика Филиппины
 ; [cca2=PH].translations.slk.common
Expected: FilipÃ­ny
     got: Filipíny
 ; [cca2=PH].translations.slk.official
Expected: FilipÃ­nska republika
     got: Filipínska republika
 ; [cca2=PH].translations.spa.official
Expected: RepÃºblica de las Filipinas
     got: República de las Filipinas
 ; [cca2=PH].translations.srp.common
Expected: Ð¤Ð¸Ð»Ð¸Ð¿Ð¸Ð½Ð¸
     got: Филипини
 ; [cca2=PH].translations.srp.official
Expected: Ð ÐµÐ¿ÑƒÐ±Ð»Ð¸ÐºÐ° Ð¤Ð¸Ð»Ð¸Ð¿Ð¸Ð½Ð¸
     got: Република Филипини
 ; [cca2=PH].translations.urd.common
Expected: Ù�Ù„Ù¾Ø§Ø¦Ù†
     got: فلپائن
 ; [cca2=PH].translations.urd.official
Expected: Ø¬Ù…Û�ÙˆØ±ÛŒÛ� Ù�Ù„Ù¾Ø§Ø¦Ù†
     got: جمہوریہ فلپائن
 ; [cca2=PH].translations.zho.common
Expected: è�²å¾‹å®¾
     got: 菲律宾
 ; [cca2=PH].translations.zho.official
Expected: è�²å¾‹å®¾å…±å’Œå›½
     got: 菲律宾共和国
 ; [cca2=PK].altSpellings[]
Expected: IslÄ�mÄ« JumhÅ«riya&apos;eh PÄ�kistÄ�n
     but none found
 ; [cca2=PK].altSpellings[]
Expected: PÄ�kistÄ�n
     but none found
 ; [cca2=PK].altSpellings[]
Unexpected: Pākistān
 ; [cca2=PK].altSpellings[]
Unexpected: Islāmī Jumhūriya&apos;eh Pākistān
 ; [cca2=PK].currencies.PKR.symbol
Expected: â‚¨
     got: ₨
 ; [cca2=PK].flag
Expected: ðŸ‡µðŸ‡°
     got: 🇵🇰
 ; [cca2=PK].name.nativeName.urd.common
Expected: Ù¾Ø§ÙƒØ³ØªØ§Ù†
     got: پاكستان
 ; [cca2=PK].name.nativeName.urd.official
Expected: Ø§Ø³Ù„Ø§Ù…ÛŒ Ø¬Ù…Û�ÙˆØ±ÛŒÛ‚ Ù¾Ø§ÙƒØ³ØªØ§Ù†
     got: اسلامی جمہوریۂ پاكستان
 ; [cca2=PK].translations.ara.common
Expected: Ø¨Ø§ÙƒØ³ØªØ§Ù†
     got: باكستان
 ; [cca2=PK].translations.ara.official
Expected: Ø¬Ù…Ù‡ÙˆØ±ÙŠØ© Ø¨Ø§ÙƒØ³ØªØ§Ù† Ø§Ù„Ø¥Ø³Ù„Ø§Ù…ÙŠØ©
     got: جمهورية باكستان الإسلامية
 ; [cca2=PK].translations.ces.common
Expected: PÃ¡kistÃ¡n
     got: Pákistán
 ; [cca2=PK].translations.ces.official
Expected: PÃ¡kistÃ¡nskÃ¡ islÃ¡mskÃ¡ republika
     got: Pákistánská islámská republika
 ; [cca2=PK].translations.fra.official
Expected: RÃ©publique islamique du Pakistan
     got: République islamique du Pakistan
 ; [cca2=PK].translations.hun.common
Expected: PakisztÃ¡n
     got: Pakisztán
 ; [cca2=PK].translations.hun.official
Expected: PakisztÃ¡n
     got: Pakisztán
 ; [cca2=PK].translations.jpn.common
Expected: ãƒ‘ã‚­ã‚¹ã‚¿ãƒ³
     got: パキスタン
 ; [cca2=PK].translations.jpn.official
Expected: ãƒ‘ã‚­ã‚¹ã‚¿ãƒ³
     got: パキスタン
 ; [cca2=PK].translations.kor.common
Expected: íŒŒí‚¤ìŠ¤íƒ„
     got: 파키스탄
 ; [cca2=PK].translations.kor.official
Expected: íŒŒí‚¤ìŠ¤íƒ„ ì�´ìŠ¬ëžŒ ê³µí™”êµ­
     got: 파키스탄 이슬람 공화국
 ; [cca2=PK].translations.per.common
Expected: Ù¾Ø§Ú©Ø³ØªØ§Ù†
     got: پاکستان
 ; [cca2=PK].translations.per.official
Expected: Ø¬Ù…Ù‡ÙˆØ±ÛŒ Ø§Ø³Ù„Ø§Ù…ÛŒ Ù¾Ø§Ú©Ø³ØªØ§Ù†
     got: جمهوری اسلامی پاکستان
 ; [cca2=PK].translations.por.common
Expected: PaquistÃ£o
     got: Paquistão
 ; [cca2=PK].translations.por.official
Expected: RepÃºblica IslÃ¢mica do PaquistÃ£o
     got: República Islâmica do Paquistão
 ; [cca2=PK].translations.rus.common
Expected: ÐŸÐ°ÐºÐ¸Ñ�Ñ‚Ð°Ð½
     got: Пакистан
 ; [cca2=PK].translations.rus.official
Expected: Ð˜Ñ�Ð»Ð°Ð¼Ñ�ÐºÐ°Ñ� Ð ÐµÑ�Ð¿ÑƒÐ±Ð»Ð¸ÐºÐ° ÐŸÐ°ÐºÐ¸Ñ�Ñ‚Ð°Ð½
     got: Исламская Республика Пакистан
 ; [cca2=PK].translations.slk.official
Expected: PakistanskÃ¡ islamskÃ¡ republika
     got: Pakistanská islamská republika
 ; [cca2=PK].translations.spa.common
Expected: PakistÃ¡n
     got: Pakistán
 ; [cca2=PK].translations.spa.official
Expected: RepÃºblica IslÃ¡mica de PakistÃ¡n
     got: República Islámica de Pakistán
 ; [cca2=PK].translations.srp.common
Expected: ÐŸÐ°ÐºÐ¸Ñ�Ñ‚Ð°Ð½
     got: Пакистан
 ; [cca2=PK].translations.srp.official
Expected: Ð˜Ñ�Ð»Ð°Ð¼Ñ�ÐºÐ° Ð ÐµÐ¿ÑƒÐ±Ð»Ð¸ÐºÐ° ÐŸÐ°ÐºÐ¸Ñ�Ñ‚Ð°Ð½
     got: Исламска Република Пакистан
 ; [cca2=PK].translations.tur.official
Expected: Pakistan Ä°slam Cumhuriyeti
     got: Pakistan İslam Cumhuriyeti
 ; [cca2=PK].translations.urd.common
Expected: Ù¾Ø§Ú©Ø³ØªØ§Ù†
     got: پاکستان
 ; [cca2=PK].translations.urd.official
Expected: Ø§Ø³Ù„Ø§Ù…ÛŒ Ø¬Ù…Û�ÙˆØ±ÛŒÛ� Ù¾Ø§Ú©Ø³ØªØ§Ù†
     got: اسلامی جمہوریہ پاکستان
 ; [cca2=PK].translations.zho.common
Expected: å·´åŸºæ–¯å�¦
     got: 巴基斯坦
 ; [cca2=PK].translations.zho.official
Expected: å·´åŸºæ–¯å�¦ä¼Šæ–¯å…°å…±å’Œå›½
     got: 巴基斯坦伊斯兰共和国
 ; [cca2=PL].currencies.PLN.name
Expected: Polish zÅ‚oty
     got: Polish złoty
 ; [cca2=PL].currencies.PLN.symbol
Expected: zÅ‚
     got: zł
 ; [cca2=PL].flag
Expected: ðŸ‡µðŸ‡±
     got: 🇵🇱
 ; [cca2=PL].translations.ara.common
Expected: Ø¨ÙˆÙ„Ù†Ø¯Ø§
     got: بولندا
 ; [cca2=PL].translations.ara.official
Expected: Ø§Ù„Ø¬Ù…Ù‡ÙˆØ±ÙŠØ© Ø§Ù„Ø¨ÙˆÙ„Ù†Ø¯ÙŠØ©
     got: الجمهورية البولندية
 ; [cca2=PL].translations.ces.official
Expected: PolskÃ¡ republika
     got: Polská republika
 ; [cca2=PL].translations.fra.official
Expected: RÃ©publique de Pologne
     got: République de Pologne
 ; [cca2=PL].translations.hun.common
Expected: LengyelorszÃ¡g
     got: Lengyelország
 ; [cca2=PL].translations.hun.official
Expected: Lengyel KÃ¶ztÃ¡rsasÃ¡g
     got: Lengyel Köztársaság
 ; [cca2=PL].translations.jpn.common
Expected: ãƒ�ãƒ¼ãƒ©ãƒ³ãƒ‰
     got: ポーランド
 ; [cca2=PL].translations.jpn.official
Expected: ãƒ�ãƒ¼ãƒ©ãƒ³ãƒ‰å…±å’Œå›½
     got: ポーランド共和国
 ; [cca2=PL].translations.kor.common
Expected: í�´ëž€ë“œ
     got: 폴란드
 ; [cca2=PL].translations.kor.official
Expected: í�´ëž€ë“œ ê³µí™”êµ­
     got: 폴란드 공화국
 ; [cca2=PL].translations.per.common
Expected: Ù„Ù‡Ø³ØªØ§Ù†
     got: لهستان
 ; [cca2=PL].translations.per.official
Expected: Ø¬Ù…Ù‡ÙˆØ±ÛŒ Ù„Ù‡Ø³ØªØ§Ù†
     got: جمهوری لهستان
 ; [cca2=PL].translations.por.common
Expected: PolÃ³nia
     got: Polónia
 ; [cca2=PL].translations.por.official
Expected: RepÃºblica da PolÃ³nia
     got: República da Polónia
 ; [cca2=PL].translations.rus.common
Expected: ÐŸÐ¾Ð»ÑŒÑˆÐ°
     got: Польша
 ; [cca2=PL].translations.rus.official
Expected: Ð ÐµÑ�Ð¿ÑƒÐ±Ð»Ð¸ÐºÐ° ÐŸÐ¾Ð»ÑŒÑˆÐ°
     got: Республика Польша
 ; [cca2=PL].translations.slk.common
Expected: PoÄ¾sko
     got: Poľsko
 ; [cca2=PL].translations.slk.official
Expected: PoÄ¾skÃ¡ republika
     got: Poľská republika
 ; [cca2=PL].translations.spa.official
Expected: RepÃºblica de Polonia
     got: República de Polonia
 ; [cca2=PL].translations.srp.common
Expected: ÐŸÐ¾Ñ™Ñ�ÐºÐ°
     got: Пољска
 ; [cca2=PL].translations.srp.official
Expected: Ð ÐµÐ¿ÑƒÐ±Ð»Ð¸ÐºÐ° ÐŸÐ¾Ñ™Ñ�ÐºÐ°
     got: Република Пољска
 ; [cca2=PL].translations.urd.common
Expected: Ù¾ÙˆÙ„ÛŒÙ†Úˆ
     got: پولینڈ
 ; [cca2=PL].translations.urd.official
Expected: Ø¬Ù…Û�ÙˆØ±ÛŒÛ� Ù¾ÙˆÙ„ÛŒÙ†Úˆ
     got: جمہوریہ پولینڈ
 ; [cca2=PL].translations.zho.common
Expected: æ³¢å…°
     got: 波兰
 ; [cca2=PL].translations.zho.official
Expected: æ³¢å…°å…±å’Œå›½
     got: 波兰共和国
 ; [cca2=PM].altSpellings[]
Expected: CollectivitÃ© territoriale de Saint-Pierre-et-Miquelon
     but none found
 ; [cca2=PM].altSpellings[]
Unexpected: Collectivité territoriale de Saint-Pierre-et-Miquelon
 ; [cca2=PM].currencies.EUR.symbol
Expected: â‚¬
     got: €
 ; [cca2=PM].flag
Expected: ðŸ‡µðŸ‡²
     got: 🇵🇲
 ; [cca2=PM].name.nativeName.fra.official
Expected: CollectivitÃ© territoriale de Saint-Pierre-et-Miquelon
     got: Collectivité territoriale de Saint-Pierre-et-Miquelon
 ; [cca2=PM].translations.ara.common
Expected: Ø³Ø§Ù† Ø¨ÙŠÙŠØ± ÙˆÙ…ÙŠÙƒÙ„ÙˆÙ†
     got: سان بيير وميكلون
 ; [cca2=PM].translations.ara.official
Expected: Ø³Ø§Ù† Ø¨ÙŠÙŠØ± ÙˆÙ…ÙŠÙƒÙ„ÙˆÙ†
     got: سان بيير وميكلون
 ; [cca2=PM].translations.bre.common
Expected: Sant-PÃªr-ha-Mikelon
     got: Sant-Pêr-ha-Mikelon
 ; [cca2=PM].translations.bre.official
Expected: Sant-PÃªr-ha-Mikelon
     got: Sant-Pêr-ha-Mikelon
 ; [cca2=PM].translations.est.official
Expected: Saint-Pierreâ€™i ja Miqueloni territoriaalÃ¼hendus
     got: Saint-Pierre’i ja Miqueloni territoriaalühendus
 ; [cca2=PM].translations.hun.common
Expected: Saint-Pierre Ã©s Miquelon
     got: Saint-Pierre és Miquelon
 ; [cca2=PM].translations.hun.official
Expected: Saint-Pierre Ã©s Miquelon
     got: Saint-Pierre és Miquelon
 ; [cca2=PM].translations.jpn.common
Expected: ã‚µãƒ³ãƒ”ã‚¨ãƒ¼ãƒ«å³¶ãƒ»ãƒŸã‚¯ãƒ­ãƒ³å³¶
     got: サンピエール島・ミクロン島
 ; [cca2=PM].translations.jpn.official
Expected: ã‚µãƒ³ãƒ”ã‚¨ãƒ¼ãƒ«å³¶Â·ãƒŸã‚¯ãƒ­ãƒ³å³¶
     got: サンピエール島·ミクロン島
 ; [cca2=PM].translations.kor.common
Expected: ìƒ�í”¼ì—�ë¥´ ë¯¸í�´ë¡±
     got: 생피에르 미클롱
 ; [cca2=PM].translations.kor.official
Expected: ìƒ�í”¼ì—�ë¥´ ë¯¸í�´ë¡±
     got: 생피에르 미클롱
 ; [cca2=PM].translations.per.common
Expected: Ø³Ù†-Ù¾ÛŒÙ�Ø± Ùˆ Ù…ÛŒÚ©Ù„Ù�Ù†
     got: سن-پیِر و میکلُن
 ; [cca2=PM].translations.per.official
Expected: Ø³Ù†-Ù¾ÛŒØ±-Ø§-Ù…ÛŒÚ©Ù„ÙˆÙ†
     got: سن-پیر-ا-میکلون
 ; [cca2=PM].translations.rus.common
Expected: Ð¡ÐµÐ½-ÐŸÑŒÐµÑ€ Ð¸ ÐœÐ¸ÐºÐµÐ»Ð¾Ð½
     got: Сен-Пьер и Микелон
 ; [cca2=PM].translations.rus.official
Expected: Ð¡ÐµÐ½-ÐŸÑŒÐµÑ€ Ð¸ ÐœÐ¸ÐºÐµÐ»Ð¾Ð½
     got: Сен-Пьер и Микелон
 ; [cca2=PM].translations.spa.common
Expected: San Pedro y MiquelÃ³n
     got: San Pedro y Miquelón
 ; [cca2=PM].translations.spa.official
Expected: San Pedro y MiquelÃ³n
     got: San Pedro y Miquelón
 ; [cca2=PM].translations.srp.common
Expected: Ð¡ÐµÐ½ ÐŸÑ˜ÐµÑ€ Ð¸ ÐœÐ¸ÐºÐµÐ»Ð¾Ð½
     got: Сен Пјер и Микелон
 ; [cca2=PM].translations.srp.official
Expected: Ð¡ÐµÐ½ ÐŸÑ˜ÐµÑ€ Ð¸ ÐœÐ¸ÐºÐµÐ»Ð¾Ð½
     got: Сен Пјер и Микелон
 ; [cca2=PM].translations.urd.common
Expected: Ø³ÛŒÙ†Ù¹ Ù¾ÛŒØ¦Ø± Ùˆ Ù…ÛŒÚ©ÛŒÙ„ÙˆÙ†
     got: سینٹ پیئر و میکیلون
 ; [cca2=PM].translations.urd.official
Expected: Ø³ÛŒÙ†Ù¹ Ù¾ÛŒØ¦Ø± Ùˆ Ù…ÛŒÚ©ÛŒÙ„ÙˆÙ†
     got: سینٹ پیئر و میکیلون
 ; [cca2=PM].translations.zho.common
Expected: åœ£çš®åŸƒå°”å’Œå¯†å…‹éš†
     got: 圣皮埃尔和密克隆
 ; [cca2=PM].translations.zho.official
Expected: åœ£çš®åŸƒå°”å’Œå¯†å…‹éš†
     got: 圣皮埃尔和密克隆
 ; [cca2=PN].flag
Expected: ðŸ‡µðŸ‡³
     got: 🇵🇳
 ; [cca2=PN].translations.ara.common
Expected: Ø¬Ø²Ø± Ø¨ÙŠØªÙƒÙŠØ±Ù†
     got: جزر بيتكيرن
 ; [cca2=PN].translations.ara.official
Expected: Ø¬Ø²Ø± Ø¨ÙŠØªÙƒÙŠØ±Ù†
     got: جزر بيتكيرن
 ; [cca2=PN].translations.fra.common
Expected: ÃŽles Pitcairn
     got: Îles Pitcairn
 ; [cca2=PN].translations.fra.official
Expected: Groupe d&apos;Ã®les Pitcairn
     got: Groupe d&apos;îles Pitcairn
 ; [cca2=PN].translations.hrv.common
Expected: Pitcairnovo otoÄ�je
     got: Pitcairnovo otočje
 ; [cca2=PN].translations.jpn.common
Expected: ãƒ”ãƒˆã‚±ã‚¢ãƒ³
     got: ピトケアン
 ; [cca2=PN].translations.jpn.official
Expected: å³¶ã�®ãƒ”ãƒˆã‚±ã‚¢ãƒ³ã‚°ãƒ«ãƒ¼ãƒ—
     got: 島のピトケアングループ
 ; [cca2=PN].translations.kor.common
Expected: í•�ì¼€ì–¸ ì œë�„
     got: 핏케언 제도
 ; [cca2=PN].translations.kor.official
Expected: í•�ì¼€ì–¸ ì œë�„
     got: 핏케언 제도
 ; [cca2=PN].translations.per.common
Expected: Ø¬Ø²Ø§ÛŒØ± Ù¾ÛŒØªâ€ŒÚ©Ø±Ù†
     got: جزایر پیت‌کرن
 ; [cca2=PN].translations.per.official
Expected: Ø¬Ø²Ø§ÛŒØ± Ù¾ÛŒØªâ€ŒÚ©Ø±Ù†
     got: جزایر پیت‌کرن
 ; [cca2=PN].translations.rus.common
Expected: ÐžÑ�Ñ‚Ñ€Ð¾Ð²Ð° ÐŸÐ¸Ñ‚ÐºÑ�Ñ€Ð½
     got: Острова Питкэрн
 ; [cca2=PN].translations.rus.official
Expected: ÐŸÐ¸Ñ‚ÐºÑ�Ñ€Ð½ Ð³Ñ€ÑƒÐ¿Ð¿Ð° Ð¾Ñ�Ñ‚Ñ€Ð¾Ð²Ð¾Ð²
     got: Питкэрн группа островов
 ; [cca2=PN].translations.srp.common
Expected: ÐžÑ�Ñ‚Ñ€Ð²Ð° ÐŸÐ¸Ñ‚ÐºÐµÑ€Ð½
     got: Острва Питкерн
 ; [cca2=PN].translations.srp.official
Expected: ÐžÑ�Ñ‚Ñ€Ð²Ð° ÐŸÐ¸Ñ‚ÐºÐµÑ€Ð½, Ð¥ÐµÐ½Ð´ÐµÑ€Ñ�Ð¾Ð½, Ð”ÑƒÑ†Ð¸ Ð¸ ÐžÐ¸Ð½
     got: Острва Питкерн, Хендерсон, Дуци и Оин
 ; [cca2=PN].translations.swe.common
Expected: PitcairnÃ¶arna
     got: Pitcairnöarna
 ; [cca2=PN].translations.swe.official
Expected: PitcairnÃ¶arna
     got: Pitcairnöarna
 ; [cca2=PN].translations.tur.common
Expected: Pitcairn AdalarÄ±
     got: Pitcairn Adaları
 ; [cca2=PN].translations.tur.official
Expected: Pitcairn, Henderson, Ducie ve Oeno AdalarÄ±
     got: Pitcairn, Henderson, Ducie ve Oeno Adaları
 ; [cca2=PN].translations.urd.common
Expected: Ø¬Ø²Ø§Ø¦Ø± Ù¾Ù¹Ú©ÛŒØ±Ù†
     got: جزائر پٹکیرن
 ; [cca2=PN].translations.urd.official
Expected: Ù¾Ù¹Ú©ÛŒØ±Ù† Ø¬Ø²Ø§Ø¦Ø±
     got: پٹکیرن جزائر
 ; [cca2=PN].translations.zho.common
Expected: çš®ç‰¹å‡¯æ�©ç¾¤å²›
     got: 皮特凯恩群岛
 ; [cca2=PN].translations.zho.official
Expected: çš®ç‰¹å‡¯æ�©ç¾¤å²›
     got: 皮特凯恩群岛

	at org.skyscreamer.jsonassert.JSONAssert.assertEquals(JSONAssert.java:790)
	at gluecode.AllCountriesStepDef.vefiry_the_expected_body_and_actual_body_both_are_same(AllCountriesStepDef.java:61)
	at ✽.vefiry the expected body and actual body both are same &quot;src\test\resources\TestDataFiles\allCountriesDetails.json&quot;(file:///C:/Users/kalyan%20chakravarthi/Desktop/kalyan/eclipse-workspace2%20(2)/RestCountries.com/src/test/resources/FeaturesFiles/AllCountriesDetails.feature:7)
</failure>
    <system-out>Configuring TestNG with: org.apache.maven.surefire.testng.conf.TestNG652Configurator@4516af24

Scenario: featch all countries details                                                                                   # src/test/resources/FeaturesFiles/AllCountriesDetails.feature:3

    Hi, featch all countries details is going to run now- 06/21/19/30/Mar/2024

  Given define HTTP request using path &quot;/all&quot;                                                                            # gluecode.AllCountriesStepDef.define_HTTP_request_using_path(java.lang.String)
  When submit request via HTTP GET method                                                                                # gluecode.AllCountriesStepDef.submit_request_via_HTTP_GET_method()

    Statsu code test passed

  Then verify the status code is 200                                                                                     # gluecode.AllCountriesStepDef.verify_the_status_code_is(int)
  And vefiry the expected body and actual body both are same &quot;src\test\resources\TestDataFiles\allCountriesDetails.json&quot; # gluecode.AllCountriesStepDef.vefiry_the_expected_body_and_actual_body_both_are_same(java.lang.String)
      java.lang.AssertionError: Get response: [cca2=PR].flag
Expected: Ã°Å¸â€¡ÂµÃ°Å¸â€¡Â·
     got: ðŸ‡µðŸ‡·
 ; [cca2=PR].translations.ara.common
Expected: Ã˜Â¨Ã™Ë†Ã™Å Ã˜Â±Ã˜ÂªÃ™Ë†Ã˜Â±Ã™Å Ã™Æ’Ã™Ë†
     got: Ø¨ÙˆÙŠØ±ØªÙˆØ±ÙŠÙƒÙˆ
 ; [cca2=PR].translations.ara.official
Expected: Ã™Æ’Ã™Ë†Ã™â€¦Ã™â€ Ã™Ë†Ã™â€žÃ˜Â« Ã˜Â¨Ã™Ë†Ã™Å Ã˜Â±Ã˜ÂªÃ™Ë†Ã˜Â±Ã™Å Ã™Æ’Ã™Ë†
     got: ÙƒÙˆÙ…Ù†ÙˆÙ„Ø« Ø¨ÙˆÙŠØ±ØªÙˆØ±ÙŠÙƒÙˆ
 ; [cca2=PR].translations.est.official
Expected: Puerto Rico ÃƒÅ“hendus
     got: Puerto Rico Ãœhendus
 ; [cca2=PR].translations.jpn.common
Expected: Ã£Æ’â€”Ã£â€šÂ¨Ã£Æ’Â«Ã£Æ’Ë†Ã£Æ’ÂªÃ£â€šÂ³
     got: ãƒ—ã‚¨ãƒ«ãƒˆãƒªã‚³
 ; [cca2=PR].translations.jpn.official
Expected: Ã£Æ’â€”Ã£â€šÂ¨Ã£Æ’Â«Ã£Æ’Ë†Ã£Æ’ÂªÃ£â€šÂ³Ã£ï¿½Â®Ã£â€šÂ³Ã£Æ’Â¢Ã£Æ’Â³Ã£â€šÂ¦Ã£â€šÂ§Ã£Æ’Â«Ã£â€šÂ¹
     got: ãƒ—ã‚¨ãƒ«ãƒˆãƒªã‚³ã�®ã‚³ãƒ¢ãƒ³ã‚¦ã‚§ãƒ«ã‚¹
 ; [cca2=PR].translations.kor.common
Expected: Ã­â€˜Â¸Ã¬â€”ï¿½Ã«Â¥Â´Ã­â€ Â Ã«Â¦Â¬Ã¬Â½â€�
     got: í‘¸ì—�ë¥´í† ë¦¬ì½”
 ; [cca2=PR].translations.kor.official
Expected: Ã­â€˜Â¸Ã¬â€”ï¿½Ã«Â¥Â´Ã­â€ Â Ã«Â¦Â¬Ã¬Â½â€�
     got: í‘¸ì—�ë¥´í† ë¦¬ì½”
 ; [cca2=PR].translations.per.common
Expected: Ã™Â¾Ã™Ë†Ã˜Â±Ã˜ÂªÃ™Ë†Ã˜Â±Ã›Å’ÃšÂ©Ã™Ë†
     got: Ù¾ÙˆØ±ØªÙˆØ±ÛŒÚ©Ùˆ
 ; [cca2=PR].translations.per.official
Expected: Ã™â€šÃ™â€žÃ™â€¦Ã˜Â±Ã™Ë† Ã™â€¡Ã™â€¦Ã˜Â³Ã™Ë†Ã˜Â¯ Ã™Â¾Ã™Ë†Ã˜Â±Ã˜ÂªÃ™Ë†Ã˜Â±Ã›Å’ÃšÂ©Ã™Ë†
     got: Ù‚Ù„Ù…Ø±Ùˆ Ù‡Ù…Ø³ÙˆØ¯ Ù¾ÙˆØ±ØªÙˆØ±ÛŒÚ©Ùˆ
 ; [cca2=PR].translations.pol.official
Expected: Wolne Stowarzyszone PaÃ…â€žstwo Portoryko
     got: Wolne Stowarzyszone PaÅ„stwo Portoryko
 ; [cca2=PR].translations.rus.common
Expected: Ã�Å¸Ã‘Æ’Ã‘ï¿½Ã‘â‚¬Ã‘â€šÃ�Â¾-Ã�Â Ã�Â¸Ã�ÂºÃ�Â¾
     got: ÐŸÑƒÑ�Ñ€Ñ‚Ð¾-Ð Ð¸ÐºÐ¾
 ; [cca2=PR].translations.rus.official
Expected: Ã�Â¡Ã�Â¾Ã�Â´Ã‘â‚¬Ã‘Æ’Ã�Â¶Ã�ÂµÃ‘ï¿½Ã‘â€šÃ�Â²Ã�Â¾ Ã�Å¸Ã‘Æ’Ã‘ï¿½Ã‘â‚¬Ã‘â€šÃ�Â¾-Ã�Â Ã�Â¸Ã�ÂºÃ�Â¾
     got: Ð¡Ð¾Ð´Ñ€ÑƒÐ¶ÐµÑ�Ñ‚Ð²Ð¾ ÐŸÑƒÑ�Ñ€Ñ‚Ð¾-Ð Ð¸ÐºÐ¾
 ; [cca2=PR].translations.slk.official
Expected: PortorickÃƒÂ© spoloÃ„ï¿½enstvo
     got: PortorickÃ© spoloÄ�enstvo
 ; [cca2=PR].translations.srp.common
Expected: Ã�Å¸Ã�Â¾Ã‘â‚¬Ã‘â€šÃ�Â¾Ã‘â‚¬Ã�Â¸Ã�ÂºÃ�Â¾
     got: ÐŸÐ¾Ñ€Ñ‚Ð¾Ñ€Ð¸ÐºÐ¾
 ; [cca2=PR].translations.srp.official
Expected: Ã�Å¡Ã�Â¾Ã�Â¼Ã�Â¾Ã�Â½Ã�Â²Ã�ÂµÃ�Â»Ã‘â€š Ã�Å¸Ã�Â¾Ã‘â‚¬Ã‘â€šÃ�Â¾Ã‘â‚¬Ã�Â¸Ã�ÂºÃ�Â¾
     got: ÐšÐ¾Ð¼Ð¾Ð½Ð²ÐµÐ»Ñ‚ ÐŸÐ¾Ñ€Ñ‚Ð¾Ñ€Ð¸ÐºÐ¾
 ; [cca2=PR].translations.tur.official
Expected: Porto Riko TopluluÃ„Å¸u
     got: Porto Riko TopluluÄŸu
 ; [cca2=PR].translations.urd.common
Expected: Ã™Â¾Ã™Ë†Ã˜Â±Ã™Â¹Ã™Ë† Ã˜Â±Ã›Å’ÃšÂ©Ã™Ë†
     got: Ù¾ÙˆØ±Ù¹Ùˆ Ø±ÛŒÚ©Ùˆ
 ; [cca2=PR].translations.urd.official
Expected:  Ã˜Â¯Ã™Ë†Ã™â€žÃ˜ÂªÃ™ï¿½ Ã™â€¦Ã˜Â´Ã˜ÂªÃ˜Â±ÃšÂ©Ã›ï¿½ Ã™Â¾Ã™Ë†Ã˜Â±Ã™Â¹Ã™Ë† Ã˜Â±Ã›Å’ÃšÂ©Ã™Ë†
     got:  Ø¯ÙˆÙ„ØªÙ� Ù…Ø´ØªØ±Ú©Û� Ù¾ÙˆØ±Ù¹Ùˆ Ø±ÛŒÚ©Ùˆ
 ; [cca2=PR].translations.zho.common
Expected: Ã¦Â³Â¢Ã¥Â¤Å¡Ã©Â»Å½Ã¥ï¿½â€ž
     got: æ³¢å¤šé»Žå�„
 ; [cca2=PR].translations.zho.official
Expected: Ã¦Â³Â¢Ã¥Â¤Å¡Ã©Â»Å½Ã¥ï¿½â€žÃ¨ï¿½â€�Ã©â€šÂ¦
     got: æ³¢å¤šé»Žå�„è�”é‚¦
 ; [cca2=PS].altSpellings[]
Expected: Dawlat FilasÃ¡Â¹Â­in
     but none found
 ; [cca2=PS].altSpellings[]
Unexpected: Dawlat Filasá¹­in
 ; [cca2=PS].currencies.EGP.symbol
Expected: EÃ‚Â£
     got: EÂ£
 ; [cca2=PS].currencies.ILS.symbol
Expected: Ã¢â€šÂª
     got: â‚ª
 ; [cca2=PS].flag
Expected: Ã°Å¸â€¡ÂµÃ°Å¸â€¡Â¸
     got: ðŸ‡µðŸ‡¸
 ; [cca2=PS].name.nativeName.ara.common
Expected: Ã™ï¿½Ã™â€žÃ˜Â³Ã˜Â·Ã™Å Ã™â€ 
     got: Ù�Ù„Ø³Ø·ÙŠÙ†
 ; [cca2=PS].name.nativeName.ara.official
Expected: Ã˜Â¯Ã™Ë†Ã™â€žÃ˜Â© Ã™ï¿½Ã™â€žÃ˜Â³Ã˜Â·Ã™Å Ã™â€ 
     got: Ø¯ÙˆÙ„Ø© Ù�Ù„Ø³Ø·ÙŠÙ†
 ; [cca2=PS].tld[]
Expected: Ã™ï¿½Ã™â€žÃ˜Â³Ã˜Â·Ã™Å Ã™â€ .
     but none found
 ; [cca2=PS].tld[]
Unexpected: Ù�Ù„Ø³Ø·ÙŠÙ†.
 ; [cca2=PS].translations.ara.common
Expected: Ã™ï¿½Ã™â€žÃ˜Â³Ã˜Â·Ã™Å Ã™â€ 
     got: Ù�Ù„Ø³Ø·ÙŠÙ†
 ; [cca2=PS].translations.ara.official
Expected: Ã˜Â¯Ã™Ë†Ã™â€žÃ˜Â© Ã™ï¿½Ã™â€žÃ˜Â³Ã˜Â·Ã™Å Ã™â€ 
     got: Ø¯ÙˆÙ„Ø© Ù�Ù„Ø³Ø·ÙŠÙ†
 ; [cca2=PS].translations.ces.official
Expected: StÃƒÂ¡t Palestina
     got: StÃ¡t Palestina
 ; [cca2=PS].translations.deu.common
Expected: PalÃƒÂ¤stina
     got: PalÃ¤stina
 ; [cca2=PS].translations.deu.official
Expected: Staat PalÃƒÂ¤stina
     got: Staat PalÃ¤stina
 ; [cca2=PS].translations.fra.official
Expected: Ãƒâ€°tat de Palestine
     got: Ã‰tat de Palestine
 ; [cca2=PS].translations.hun.official
Expected: Palesztin AutonÃƒÂ³mia
     got: Palesztin AutonÃ³mia
 ; [cca2=PS].translations.jpn.common
Expected: Ã£Æ’â€˜Ã£Æ’Â¬Ã£â€šÂ¹Ã£Æ’ï¿½Ã£Æ’Å 
     got: ãƒ‘ãƒ¬ã‚¹ãƒ�ãƒŠ
 ; [cca2=PS].translations.jpn.official
Expected: Ã£Æ’â€˜Ã£Æ’Â¬Ã£â€šÂ¹Ã£Æ’ï¿½Ã£Æ’Å Ã¨â€¡ÂªÃ¦Â²Â»Ã¦â€�Â¿Ã¥ÂºÅ“
     got: ãƒ‘ãƒ¬ã‚¹ãƒ�ãƒŠè‡ªæ²»æ”¿åºœ
 ; [cca2=PS].translations.kor.common
Expected: Ã­Å’â€�Ã«Â Ë†Ã¬Å Â¤Ã­Æ’â‚¬Ã¬ï¿½Â¸
     got: íŒ”ë ˆìŠ¤íƒ€ì�¸
 ; [cca2=PS].translations.kor.official
Expected: Ã­Å’â€�Ã«Â Ë†Ã¬Å Â¤Ã­Æ’â‚¬Ã¬ï¿½Â¸ÃªÂµÂ­
     got: íŒ”ë ˆìŠ¤íƒ€ì�¸êµ­
 ; [cca2=PS].translations.per.common
Expected: Ã™ï¿½Ã™â€žÃ˜Â³Ã˜Â·Ã›Å’Ã™â€ 
     got: Ù�Ù„Ø³Ø·ÛŒÙ†
 ; [cca2=PS].translations.per.official
Expected: Ã˜Â¯Ã™Ë†Ã™â€žÃ˜Âª Ã™ï¿½Ã™â€žÃ˜Â³Ã˜Â·Ã›Å’Ã™â€ 
     got: Ø¯ÙˆÙ„Øª Ù�Ù„Ø³Ø·ÛŒÙ†
 ; [cca2=PS].translations.pol.official
Expected: PaÃ…â€žstwo Palestyna
     got: PaÅ„stwo Palestyna
 ; [cca2=PS].translations.rus.common
Expected: Ã�Å¸Ã�Â°Ã�Â»Ã�ÂµÃ‘ï¿½Ã‘â€šÃ�Â¸Ã�Â½Ã�Â°
     got: ÐŸÐ°Ð»ÐµÑ�Ñ‚Ð¸Ð½Ð°
 ; [cca2=PS].translations.rus.official
Expected: Ã�â€œÃ�Â¾Ã‘ï¿½Ã‘Æ’Ã�Â´Ã�Â°Ã‘â‚¬Ã‘ï¿½Ã‘â€šÃ�Â²Ã�Â¾ Ã�Å¸Ã�Â°Ã�Â»Ã�ÂµÃ‘ï¿½Ã‘â€šÃ�Â¸Ã�Â½Ã�Â°
     got: Ð“Ð¾Ñ�ÑƒÐ´Ð°Ñ€Ñ�Ñ‚Ð²Ð¾ ÐŸÐ°Ð»ÐµÑ�Ñ‚Ð¸Ð½Ð°
 ; [cca2=PS].translations.slk.common
Expected: PalestÃƒÂ­na
     got: PalestÃ­na
 ; [cca2=PS].translations.slk.official
Expected: PalestÃƒÂ­nsky Ã…Â¡tÃƒÂ¡t
     got: PalestÃ­nsky Å¡tÃ¡t
 ; [cca2=PS].translations.srp.common
Expected: Ã�Å¸Ã�Â°Ã�Â»Ã�ÂµÃ‘ï¿½Ã‘â€šÃ�Â¸Ã�Â½Ã�Â°
     got: ÐŸÐ°Ð»ÐµÑ�Ñ‚Ð¸Ð½Ð°
 ; [cca2=PS].translations.srp.official
Expected: Ã�â€�Ã‘â‚¬Ã�Â¶Ã�Â°Ã�Â²Ã�Â° Ã�Å¸Ã�Â°Ã�Â»Ã�ÂµÃ‘ï¿½Ã‘â€šÃ�Â¸Ã�Â½Ã�Â°
     got: Ð”Ñ€Ð¶Ð°Ð²Ð° ÐŸÐ°Ð»ÐµÑ�Ñ‚Ð¸Ð½Ð°
 ; [cca2=PS].translations.urd.common
Expected: Ã™ï¿½Ã™â€žÃ˜Â³Ã˜Â·Ã›Å’Ã™â€ 
     got: Ù�Ù„Ø³Ø·ÛŒÙ†
 ; [cca2=PS].translations.urd.official
Expected: Ã˜Â±Ã›Å’Ã˜Â§Ã˜Â³Ã˜ÂªÃ™ï¿½ Ã™ï¿½Ã™â€žÃ˜Â³Ã˜Â·Ã›Å’Ã™â€ 
     got: Ø±ÛŒØ§Ø³ØªÙ� Ù�Ù„Ø³Ø·ÛŒÙ†
 ; [cca2=PS].translations.zho.common
Expected: Ã¥Â·Â´Ã¥â€¹â€™Ã¦â€“Â¯Ã¥ï¿½Â¦
     got: å·´å‹’æ–¯å�¦
 ; [cca2=PS].translations.zho.official
Expected: Ã¥Â·Â´Ã¥â€¹â€™Ã¦â€“Â¯Ã¥ï¿½Â¦Ã¥â€ºÂ½
     got: å·´å‹’æ–¯å�¦å›½
 ; [cca2=PT].altSpellings[]
Expected: RepÃƒÂºblica Portuguesa
     but none found
 ; [cca2=PT].altSpellings[]
Unexpected: RepÃºblica Portuguesa
 ; [cca2=PT].currencies.EUR.symbol
Expected: Ã¢â€šÂ¬
     got: â‚¬
 ; [cca2=PT].flag
Expected: Ã°Å¸â€¡ÂµÃ°Å¸â€¡Â¹
     got: ðŸ‡µðŸ‡¹
 ; [cca2=PT].name.nativeName.por.official
Expected: RepÃƒÂºblica portuguÃƒÂªs
     got: RepÃºblica portuguÃªs
 ; [cca2=PT].translations.ara.common
Expected: Ã˜Â§Ã™â€žÃ˜Â¨Ã˜Â±Ã˜ÂªÃ˜ÂºÃ˜Â§Ã™â€ž
     got: Ø§Ù„Ø¨Ø±ØªØºØ§Ù„
 ; [cca2=PT].translations.ara.official
Expected: Ã˜Â§Ã™â€žÃ˜Â¬Ã™â€¦Ã™â€¡Ã™Ë†Ã˜Â±Ã™Å Ã˜Â© Ã˜Â§Ã™â€žÃ˜Â¨Ã˜Â±Ã˜ÂªÃ˜ÂºÃ˜Â§Ã™â€žÃ™Å Ã˜Â©
     got: Ø§Ù„Ø¬Ù…Ù‡ÙˆØ±ÙŠØ© Ø§Ù„Ø¨Ø±ØªØºØ§Ù„ÙŠØ©
 ; [cca2=PT].translations.ces.official
Expected: PortugalskÃƒÂ¡ republika
     got: PortugalskÃ¡ republika
 ; [cca2=PT].translations.fra.official
Expected: RÃƒÂ©publique portugaise
     got: RÃ©publique portugaise
 ; [cca2=PT].translations.hun.common
Expected: PortugÃƒÂ¡lia
     got: PortugÃ¡lia
 ; [cca2=PT].translations.hun.official
Expected: PortugÃƒÂ¡l KÃƒÂ¶ztÃƒÂ¡rsasÃƒÂ¡g
     got: PortugÃ¡l KÃ¶ztÃ¡rsasÃ¡g
 ; [cca2=PT].translations.jpn.common
Expected: Ã£Æ’ï¿½Ã£Æ’Â«Ã£Æ’Ë†Ã£â€šÂ¬Ã£Æ’Â«
     got: ãƒ�ãƒ«ãƒˆã‚¬ãƒ«
 ; [cca2=PT].translations.jpn.official
Expected: Ã£Æ’ï¿½Ã£Æ’Â«Ã£Æ’Ë†Ã£â€šÂ¬Ã£Æ’Â«Ã¥â€¦Â±Ã¥â€™Å’Ã¥â€ºÂ½
     got: ãƒ�ãƒ«ãƒˆã‚¬ãƒ«å…±å’Œå›½
 ; [cca2=PT].translations.kor.common
Expected: Ã­ï¿½Â¬Ã«Â¥Â´Ã­Ë†Â¬ÃªÂ°Ë†
     got: í�¬ë¥´íˆ¬ê°ˆ
 ; [cca2=PT].translations.kor.official
Expected: Ã­ï¿½Â¬Ã«Â¥Â´Ã­Ë†Â¬ÃªÂ°Ë† ÃªÂ³ÂµÃ­â„¢â€�ÃªÂµÂ­
     got: í�¬ë¥´íˆ¬ê°ˆ ê³µí™”êµ­
 ; [cca2=PT].translations.per.common
Expected: Ã™Â¾Ã˜Â±Ã˜ÂªÃ˜ÂºÃ˜Â§Ã™â€ž
     got: Ù¾Ø±ØªØºØ§Ù„
 ; [cca2=PT].translations.per.official
Expected: Ã˜Â¬Ã™â€¦Ã™â€¡Ã™Ë†Ã˜Â±Ã›Å’ Ã™Â¾Ã˜Â±Ã˜ÂªÃ˜ÂºÃ˜Â§Ã™â€ž
     got: Ø¬Ù…Ù‡ÙˆØ±ÛŒ Ù¾Ø±ØªØºØ§Ù„
 ; [cca2=PT].translations.por.official
Expected: RepÃƒÂºblica portuguÃƒÂªs
     got: RepÃºblica portuguÃªs
 ; [cca2=PT].translations.rus.common
Expected: Ã�Å¸Ã�Â¾Ã‘â‚¬Ã‘â€šÃ‘Æ’Ã�Â³Ã�Â°Ã�Â»Ã�Â¸Ã‘ï¿½
     got: ÐŸÐ¾Ñ€Ñ‚ÑƒÐ³Ð°Ð»Ð¸Ñ�
 ; [cca2=PT].translations.rus.official
Expected: Ã�Å¸Ã�Â¾Ã‘â‚¬Ã‘â€šÃ‘Æ’Ã�Â³Ã�Â°Ã�Â»Ã‘Å’Ã‘ï¿½Ã�ÂºÃ�Â°Ã‘ï¿½ Ã�Â Ã�ÂµÃ‘ï¿½Ã�Â¿Ã‘Æ’Ã�Â±Ã�Â»Ã�Â¸Ã�ÂºÃ�Â°
     got: ÐŸÐ¾Ñ€Ñ‚ÑƒÐ³Ð°Ð»ÑŒÑ�ÐºÐ°Ñ� Ð ÐµÑ�Ð¿ÑƒÐ±Ð»Ð¸ÐºÐ°
 ; [cca2=PT].translations.slk.official
Expected: PortugalskÃƒÂ¡ republika
     got: PortugalskÃ¡ republika
 ; [cca2=PT].translations.spa.official
Expected: RepÃƒÂºblica Portuguesa
     got: RepÃºblica Portuguesa
 ; [cca2=PT].translations.srp.common
Expected: Ã�Å¸Ã�Â¾Ã‘â‚¬Ã‘â€šÃ‘Æ’Ã�Â³Ã�Â°Ã�Â»
     got: ÐŸÐ¾Ñ€Ñ‚ÑƒÐ³Ð°Ð»
 ; [cca2=PT].translations.srp.official
Expected: Ã�Å¸Ã�Â¾Ã‘â‚¬Ã‘â€šÃ‘Æ’Ã�Â³Ã�Â°Ã�Â»Ã‘ï¿½Ã�ÂºÃ�Â° Ã�Â Ã�ÂµÃ�Â¿Ã‘Æ’Ã�Â±Ã�Â»Ã�Â¸Ã�ÂºÃ�Â°
     got: ÐŸÐ¾Ñ€Ñ‚ÑƒÐ³Ð°Ð»Ñ�ÐºÐ° Ð ÐµÐ¿ÑƒÐ±Ð»Ð¸ÐºÐ°
 ; [cca2=PT].translations.urd.common
Expected: Ã™Â¾Ã˜Â±Ã˜ÂªÃšÂ¯Ã˜Â§Ã™â€ž
     got: Ù¾Ø±ØªÚ¯Ø§Ù„
 ; [cca2=PT].translations.urd.official
Expected: Ã˜Â¬Ã™â€¦Ã›ï¿½Ã™Ë†Ã˜Â±Ã›Å’Ã›ï¿½ Ã™Â¾Ã˜Â±Ã˜ÂªÃšÂ¯Ã˜Â§Ã™â€ž
     got: Ø¬Ù…Û�ÙˆØ±ÛŒÛ� Ù¾Ø±ØªÚ¯Ø§Ù„
 ; [cca2=PT].translations.zho.common
Expected: Ã¨â€˜Â¡Ã¨ï¿½â€žÃ§â€°â„¢
     got: è‘¡è�„ç‰™
 ; [cca2=PT].translations.zho.official
Expected: Ã¨â€˜Â¡Ã¨ï¿½â€žÃ§â€°â„¢Ã¥â€¦Â±Ã¥â€™Å’Ã¥â€ºÂ½
     got: è‘¡è�„ç‰™å…±å’Œå›½
 ; [cca2=PW].flag
Expected: Ã°Å¸â€¡ÂµÃ°Å¸â€¡Â¼
     got: ðŸ‡µðŸ‡¼
 ; [cca2=PW].translations.ara.common
Expected: Ã˜Â¨Ã˜Â§Ã™â€žÃ˜Â§Ã™Ë†
     got: Ø¨Ø§Ù„Ø§Ùˆ
 ; [cca2=PW].translations.ara.official
Expected: Ã˜Â¬Ã™â€¦Ã™â€¡Ã™Ë†Ã˜Â±Ã™Å Ã˜Â© Ã˜Â¨Ã˜Â§Ã™â€žÃ˜Â§Ã™Ë†
     got: Ø¬Ù…Ù‡ÙˆØ±ÙŠØ© Ø¨Ø§Ù„Ø§Ùˆ
 ; [cca2=PW].translations.fra.official
Expected: RÃƒÂ©publique des Palaos (Palau)
     got: RÃ©publique des Palaos (Palau)
 ; [cca2=PW].translations.hun.official
Expected: Palaui KÃƒÂ¶ztÃƒÂ¡rsasÃƒÂ¡g
     got: Palaui KÃ¶ztÃ¡rsasÃ¡g
 ; [cca2=PW].translations.jpn.common
Expected: Ã£Æ’â€˜Ã£Æ’Â©Ã£â€šÂª
     got: ãƒ‘ãƒ©ã‚ª
 ; [cca2=PW].translations.jpn.official
Expected: Ã£Æ’â€˜Ã£Æ’Â©Ã£â€šÂªÃ¥â€¦Â±Ã¥â€™Å’Ã¥â€ºÂ½
     got: ãƒ‘ãƒ©ã‚ªå…±å’Œå›½
 ; [cca2=PW].translations.kor.common
Expected: Ã­Å’â€�Ã«ï¿½Â¼Ã¬Å¡Â°
     got: íŒ”ë�¼ìš°
 ; [cca2=PW].translations.kor.official
Expected: Ã­Å’â€�Ã«ï¿½Â¼Ã¬Å¡Â° ÃªÂ³ÂµÃ­â„¢â€�ÃªÂµÂ­
     got: íŒ”ë�¼ìš° ê³µí™”êµ­
 ; [cca2=PW].translations.per.common
Expected: Ã™Â¾Ã˜Â§Ã™â€žÃ˜Â§Ã˜Â¦Ã™Ë†
     got: Ù¾Ø§Ù„Ø§Ø¦Ùˆ
 ; [cca2=PW].translations.per.official
Expected: Ã˜Â¬Ã™â€¦Ã™â€¡Ã™Ë†Ã˜Â±Ã›Å’ Ã™Â¾Ã˜Â§Ã™â€žÃ˜Â§Ã˜Â¦Ã™Ë†
     got: Ø¬Ù…Ù‡ÙˆØ±ÛŒ Ù¾Ø§Ù„Ø§Ø¦Ùˆ
 ; [cca2=PW].translations.por.official
Expected: RepÃƒÂºblica de Palau
     got: RepÃºblica de Palau
 ; [cca2=PW].translations.rus.common
Expected: Ã�Å¸Ã�Â°Ã�Â»Ã�Â°Ã‘Æ’
     got: ÐŸÐ°Ð»Ð°Ñƒ
 ; [cca2=PW].translations.rus.official
Expected: Ã�Â Ã�ÂµÃ‘ï¿½Ã�Â¿Ã‘Æ’Ã�Â±Ã�Â»Ã�Â¸Ã�ÂºÃ�Â° Ã�Å¸Ã�Â°Ã�Â»Ã�Â°Ã‘Æ’
     got: Ð ÐµÑ�Ð¿ÑƒÐ±Ð»Ð¸ÐºÐ° ÐŸÐ°Ð»Ð°Ñƒ
 ; [cca2=PW].translations.slk.official
Expected: PalauskÃƒÂ¡ republika
     got: PalauskÃ¡ republika
 ; [cca2=PW].translations.spa.official
Expected: RepÃƒÂºblica de Palau
     got: RepÃºblica de Palau
 ; [cca2=PW].translations.srp.common
Expected: Ã�Å¸Ã�Â°Ã�Â»Ã�Â°Ã‘Æ’
     got: ÐŸÐ°Ð»Ð°Ñƒ
 ; [cca2=PW].translations.srp.official
Expected: Ã�Â Ã�ÂµÃ�Â¿Ã‘Æ’Ã�Â±Ã�Â»Ã�Â¸Ã�ÂºÃ�Â° Ã�Å¸Ã�Â°Ã�Â»Ã�Â°Ã‘Æ’
     got: Ð ÐµÐ¿ÑƒÐ±Ð»Ð¸ÐºÐ° ÐŸÐ°Ð»Ð°Ñƒ
 ; [cca2=PW].translations.urd.common
Expected: Ã™Â¾Ã™â€žÃ˜Â§Ã˜Â¤
     got: Ù¾Ù„Ø§Ø¤
 ; [cca2=PW].translations.urd.official
Expected: Ã˜Â¬Ã™â€¦Ã›ï¿½Ã™Ë†Ã˜Â±Ã›Å’Ã›ï¿½ Ã™Â¾Ã™â€žÃ˜Â§Ã˜Â¤
     got: Ø¬Ù…Û�ÙˆØ±ÛŒÛ� Ù¾Ù„Ø§Ø¤
 ; [cca2=PW].translations.zho.common
Expected: Ã¥Â¸â€¢Ã¥Å Â³
     got: å¸•åŠ³
 ; [cca2=PW].translations.zho.official
Expected: Ã¥Â¸â€¢Ã¥Å Â³Ã¥â€¦Â±Ã¥â€™Å’Ã¥â€ºÂ½
     got: å¸•åŠ³å…±å’Œå›½
 ; [cca2=PY].altSpellings[]
Expected: TetÃƒÂ£ ParaguÃƒÂ¡i
     but none found
 ; [cca2=PY].altSpellings[]
Expected: RepÃƒÂºblica del Paraguay
     but none found
 ; [cca2=PY].altSpellings[]
Unexpected: RepÃºblica del Paraguay
 ; [cca2=PY].altSpellings[]
Unexpected: TetÃ£ ParaguÃ¡i
 ; [cca2=PY].capital[]
Expected: AsunciÃƒÂ³n
     but none found
 ; [cca2=PY].capital[]
Unexpected: AsunciÃ³n
 ; [cca2=PY].currencies.PYG.name
Expected: Paraguayan guaranÃƒÂ­
     got: Paraguayan guaranÃ­
 ; [cca2=PY].currencies.PYG.symbol
Expected: Ã¢â€šÂ²
     got: â‚²
 ; [cca2=PY].flag
Expected: Ã°Å¸â€¡ÂµÃ°Å¸â€¡Â¾
     got: ðŸ‡µðŸ‡¾
 ; [cca2=PY].languages.grn
Expected: GuaranÃƒÂ­
     got: GuaranÃ­
 ; [cca2=PY].name.nativeName.grn.common
Expected: ParaguÃƒÂ¡i
     got: ParaguÃ¡i
 ; [cca2=PY].name.nativeName.grn.official
Expected: TetÃƒÂ£ ParaguÃƒÂ¡i
     got: TetÃ£ ParaguÃ¡i
 ; [cca2=PY].name.nativeName.spa.official
Expected: RepÃƒÂºblica de Paraguay
     got: RepÃºblica de Paraguay
 ; [cca2=PY].translations.ara.common
Expected: Ã˜Â¨Ã˜Â§Ã˜Â±Ã˜Â§Ã˜ÂºÃ™Ë†Ã˜Â§Ã™Å 
     got: Ø¨Ø§Ø±Ø§ØºÙˆØ§ÙŠ
 ; [cca2=PY].translations.ara.official
Expected: Ã˜Â¬Ã™â€¦Ã™â€¡Ã™Ë†Ã˜Â±Ã™Å Ã˜Â© Ã˜Â¨Ã˜Â§Ã˜Â±Ã˜Â§Ã˜ÂºÃ™Ë†Ã˜Â§Ã™Å 
     got: Ø¬Ù…Ù‡ÙˆØ±ÙŠØ© Ø¨Ø§Ø±Ø§ØºÙˆØ§ÙŠ
 ; [cca2=PY].translations.ces.official
Expected: ParaguayskÃƒÂ¡ republika
     got: ParaguayskÃ¡ republika
 ; [cca2=PY].translations.fra.official
Expected: RÃƒÂ©publique du Paraguay
     got: RÃ©publique du Paraguay
 ; [cca2=PY].translations.hun.official
Expected: Paraguayi KÃƒÂ¶ztÃƒÂ¡rsasÃƒÂ¡g
     got: Paraguayi KÃ¶ztÃ¡rsasÃ¡g
 ; [cca2=PY].translations.jpn.common
Expected: Ã£Æ’â€˜Ã£Æ’Â©Ã£â€šÂ°Ã£â€šÂ¢Ã£â€šÂ¤
     got: ãƒ‘ãƒ©ã‚°ã‚¢ã‚¤
 ; [cca2=PY].translations.jpn.official
Expected: Ã£Æ’â€˜Ã£Æ’Â©Ã£â€šÂ°Ã£â€šÂ¢Ã£â€šÂ¤Ã¥â€¦Â±Ã¥â€™Å’Ã¥â€ºÂ½
     got: ãƒ‘ãƒ©ã‚°ã‚¢ã‚¤å…±å’Œå›½
 ; [cca2=PY].translations.kor.common
Expected: Ã­Å’Å’Ã«ï¿½Â¼ÃªÂ³Â¼Ã¬ï¿½Â´
     got: íŒŒë�¼ê³¼ì�´
 ; [cca2=PY].translations.kor.official
Expected: Ã­Å’Å’Ã«ï¿½Â¼ÃªÂ³Â¼Ã¬ï¿½Â´ ÃªÂ³ÂµÃ­â„¢â€�ÃªÂµÂ­
     got: íŒŒë�¼ê³¼ì�´ ê³µí™”êµ­
 ; [cca2=PY].translations.per.common
Expected: Ã™Â¾Ã˜Â§Ã˜Â±Ã˜Â§ÃšÂ¯Ã™Ë†Ã˜Â¦Ã™â€¡
     got: Ù¾Ø§Ø±Ø§Ú¯ÙˆØ¦Ù‡
 ; [cca2=PY].translations.per.official
Expected: Ã˜Â¬Ã™â€¦Ã™â€¡Ã™Ë†Ã˜Â±Ã›Å’ Ã™Â¾Ã˜Â§Ã˜Â±Ã˜Â§ÃšÂ¯Ã™Ë†Ã˜Â¦Ã™â€¡
     got: Ø¬Ù…Ù‡ÙˆØ±ÛŒ Ù¾Ø§Ø±Ø§Ú¯ÙˆØ¦Ù‡
 ; [cca2=PY].translations.por.official
Expected: RepÃƒÂºblica do Paraguai
     got: RepÃºblica do Paraguai
 ; [cca2=PY].translations.rus.common
Expected: Ã�Å¸Ã�Â°Ã‘â‚¬Ã�Â°Ã�Â³Ã�Â²Ã�Â°Ã�Â¹
     got: ÐŸÐ°Ñ€Ð°Ð³Ð²Ð°Ð¹
 ; [cca2=PY].translations.rus.official
Expected: Ã�Â Ã�ÂµÃ‘ï¿½Ã�Â¿Ã‘Æ’Ã�Â±Ã�Â»Ã�Â¸Ã�ÂºÃ�Â° Ã�Å¸Ã�Â°Ã‘â‚¬Ã�Â°Ã�Â³Ã�Â²Ã�Â°Ã�Â¹
     got: Ð ÐµÑ�Ð¿ÑƒÐ±Ð»Ð¸ÐºÐ° ÐŸÐ°Ñ€Ð°Ð³Ð²Ð°Ð¹
 ; [cca2=PY].translations.slk.official
Expected: ParaguajskÃƒÂ¡ republika
     got: ParaguajskÃ¡ republika
 ; [cca2=PY].translations.spa.official
Expected: RepÃƒÂºblica de Paraguay
     got: RepÃºblica de Paraguay
 ; [cca2=PY].translations.srp.common
Expected: Ã�Å¸Ã�Â°Ã‘â‚¬Ã�Â°Ã�Â³Ã�Â²Ã�Â°Ã‘Ëœ
     got: ÐŸÐ°Ñ€Ð°Ð³Ð²Ð°Ñ˜
 ; [cca2=PY].translations.srp.official
Expected: Ã�Â Ã�ÂµÃ�Â¿Ã‘Æ’Ã�Â±Ã�Â»Ã�Â¸Ã�ÂºÃ�Â° Ã�Å¸Ã�Â°Ã‘â‚¬Ã�Â°Ã�Â³Ã�Â²Ã�Â°Ã‘Ëœ
     got: Ð ÐµÐ¿ÑƒÐ±Ð»Ð¸ÐºÐ° ÐŸÐ°Ñ€Ð°Ð³Ð²Ð°Ñ˜
 ; [cca2=PY].translations.urd.common
Expected: Ã™Â¾Ã›Å’Ã˜Â±Ã˜Â§ÃšÂ¯Ã™Ë†Ã˜Â¦Ã›â€™
     got: Ù¾ÛŒØ±Ø§Ú¯ÙˆØ¦Û’
 ; [cca2=PY].translations.urd.official
Expected: Ã˜Â¬Ã™â€¦Ã›ï¿½Ã™Ë†Ã˜Â±Ã›Å’Ã›ï¿½ Ã™Â¾Ã›Å’Ã˜Â±Ã˜Â§ÃšÂ¯Ã™Ë†Ã˜Â¦Ã›â€™
     got: Ø¬Ù…Û�ÙˆØ±ÛŒÛ� Ù¾ÛŒØ±Ø§Ú¯ÙˆØ¦Û’
 ; [cca2=PY].translations.zho.common
Expected: Ã¥Â·Â´Ã¦â€¹â€°Ã¥Å“Â­
     got: å·´æ‹‰åœ­
 ; [cca2=PY].translations.zho.official
Expected: Ã¥Â·Â´Ã¦â€¹â€°Ã¥Å“Â­Ã¥â€¦Â±Ã¥â€™Å’Ã¥â€ºÂ½
     got: å·´æ‹‰åœ­å…±å’Œå›½
 ; [cca2=QA].altSpellings[]
Expected: Dawlat QaÃ¡Â¹Â­ar
     but none found
 ; [cca2=QA].altSpellings[]
Unexpected: Dawlat Qaá¹­ar
 ; [cca2=QA].currencies.QAR.symbol
Expected: Ã˜Â±.Ã™â€š
     got: Ø±.Ù‚
 ; [cca2=QA].flag
Expected: Ã°Å¸â€¡Â¶Ã°Å¸â€¡Â¦
     got: ðŸ‡¶ðŸ‡¦
 ; [cca2=QA].name.nativeName.ara.common
Expected: Ã™â€šÃ˜Â·Ã˜Â±
     got: Ù‚Ø·Ø±
 ; [cca2=QA].name.nativeName.ara.official
Expected: Ã˜Â¯Ã™Ë†Ã™â€žÃ˜Â© Ã™â€šÃ˜Â·Ã˜Â±
     got: Ø¯ÙˆÙ„Ø© Ù‚Ø·Ø±
 ; [cca2=QA].tld[]
Expected: Ã™â€šÃ˜Â·Ã˜Â±.
     but none found
 ; [cca2=QA].tld[]
Unexpected: Ù‚Ø·Ø±.
 ; [cca2=QA].translations.ara.common
Expected: Ã™â€šÃ˜Â·Ã˜Â±
     got: Ù‚Ø·Ø±
 ; [cca2=QA].translations.ara.official
Expected: Ã˜Â¯Ã™Ë†Ã™â€žÃ˜Â© Ã™â€šÃ˜Â·Ã˜Â±
     got: Ø¯ÙˆÙ„Ø© Ù‚Ø·Ø±
 ; [cca2=QA].translations.ces.official
Expected: StÃƒÂ¡t Katar
     got: StÃ¡t Katar
 ; [cca2=QA].translations.fra.official
Expected: Ãƒâ€°tat du Qatar
     got: Ã‰tat du Qatar
 ; [cca2=QA].translations.hrv.official
Expected: DrÃ…Â¾ava Katar
     got: DrÅ¾ava Katar
 ; [cca2=QA].translations.hun.official
Expected: Katari Ãƒï¿½llam
     got: Katari Ã�llam
 ; [cca2=QA].translations.jpn.common
Expected: Ã£â€šÂ«Ã£â€šÂ¿Ã£Æ’Â¼Ã£Æ’Â«
     got: ã‚«ã‚¿ãƒ¼ãƒ«
 ; [cca2=QA].translations.jpn.official
Expected: Ã£â€šÂ«Ã£â€šÂ¿Ã£Æ’Â¼Ã£Æ’Â«Ã¥â€ºÂ½
     got: ã‚«ã‚¿ãƒ¼ãƒ«å›½
 ; [cca2=QA].translations.kor.common
Expected: Ã¬Â¹Â´Ã­Æ’â‚¬Ã«Â¥Â´
     got: ì¹´íƒ€ë¥´
 ; [cca2=QA].translations.kor.official
Expected: Ã¬Â¹Â´Ã­Æ’â‚¬Ã«Â¥Â´ÃªÂµÂ­
     got: ì¹´íƒ€ë¥´êµ­
 ; [cca2=QA].translations.per.common
Expected: Ã™â€šÃ˜Â·Ã˜Â±
     got: Ù‚Ø·Ø±
 ; [cca2=QA].translations.per.official
Expected: Ã˜Â¯Ã™Ë†Ã™â€žÃ˜Âª Ã™â€šÃ˜Â·Ã˜Â±
     got: Ø¯ÙˆÙ„Øª Ù‚Ø·Ø±
 ; [cca2=QA].translations.pol.official
Expected: PaÃ…â€žstwo Katar
     got: PaÅ„stwo Katar
 ; [cca2=QA].translations.rus.common
Expected: Ã�Å¡Ã�Â°Ã‘â€šÃ�Â°Ã‘â‚¬
     got: ÐšÐ°Ñ‚Ð°Ñ€
 ; [cca2=QA].translations.rus.official
Expected: Ã�â€œÃ�Â¾Ã‘ï¿½Ã‘Æ’Ã�Â´Ã�Â°Ã‘â‚¬Ã‘ï¿½Ã‘â€šÃ�Â²Ã�Â¾ Ã�Å¡Ã�Â°Ã‘â€šÃ�Â°Ã‘â‚¬
     got: Ð“Ð¾Ñ�ÑƒÐ´Ð°Ñ€Ñ�Ñ‚Ð²Ð¾ ÐšÐ°Ñ‚Ð°Ñ€
 ; [cca2=QA].translations.slk.official
Expected: KatarskÃƒÂ½ Ã…Â¡tÃƒÂ¡t
     got: KatarskÃ½ Å¡tÃ¡t
 ; [cca2=QA].translations.srp.common
Expected: Ã�Å¡Ã�Â°Ã‘â€šÃ�Â°Ã‘â‚¬
     got: ÐšÐ°Ñ‚Ð°Ñ€
 ; [cca2=QA].translations.srp.official
Expected: Ã�â€�Ã‘â‚¬Ã�Â¶Ã�Â°Ã�Â²Ã�Â° Ã�Å¡Ã�Â°Ã‘â€šÃ�Â°Ã‘â‚¬
     got: Ð”Ñ€Ð¶Ð°Ð²Ð° ÐšÐ°Ñ‚Ð°Ñ€
 ; [cca2=QA].translations.urd.common
Expected: Ã™â€šÃ˜Â·Ã˜Â±
     got: Ù‚Ø·Ø±
 ; [cca2=QA].translations.urd.official
Expected: Ã˜Â±Ã›Å’Ã˜Â§Ã˜Â³Ã˜ÂªÃ™ï¿½ Ã™â€šÃ˜Â·Ã˜Â±
     got: Ø±ÛŒØ§Ø³ØªÙ� Ù‚Ø·Ø±
 ; [cca2=QA].translations.zho.common
Expected: Ã¥ï¿½Â¡Ã¥Â¡â€�Ã¥Â°â€�
     got: å�¡å¡”å°”
 ; [cca2=QA].translations.zho.official
Expected: Ã¥ï¿½Â¡Ã¥Â¡â€�Ã¥Â°â€�Ã¥â€ºÂ½
     got: å�¡å¡”å°”å›½
 ; [cca2=AD].currencies.EUR.symbol
Expected: Ã¢â€šÂ¬
     got: â‚¬
 ; [cca2=AD].flag
Expected: Ã°Å¸â€¡Â¦Ã°Å¸â€¡Â©
     got: ðŸ‡¦ðŸ‡©
 ; [cca2=AD].translations.ara.common
Expected: Ã˜Â£Ã™â€ Ã˜Â¯Ã™Ë†Ã˜Â±Ã˜Â§
     got: Ø£Ù†Ø¯ÙˆØ±Ø§
 ; [cca2=AD].translations.ara.official
Expected: Ã˜Â¥Ã™â€¦Ã˜Â§Ã˜Â±Ã˜Â© Ã˜Â£Ã™â€ Ã˜Â¯Ã™Ë†Ã˜Â±Ã˜Â§
     got: Ø¥Ù…Ø§Ø±Ø© Ø£Ù†Ø¯ÙˆØ±Ø§
 ; [cca2=AD].translations.bre.official
Expected: PriÃƒÂ±selezh Andorra
     got: PriÃ±selezh Andorra
 ; [cca2=AD].translations.ces.official
Expected: AndorrskÃƒÂ© knÃƒÂ­Ã…Â¾ectvÃƒÂ­
     got: AndorrskÃ© knÃ­Å¾ectvÃ­
 ; [cca2=AD].translations.deu.official
Expected: FÃƒÂ¼rstentum Andorra
     got: FÃ¼rstentum Andorra
 ; [cca2=AD].translations.est.official
Expected: Andorra VÃƒÂ¼rstiriik
     got: Andorra VÃ¼rstiriik
 ; [cca2=AD].translations.fra.official
Expected: PrincipautÃƒÂ© d&apos;Andorre
     got: PrincipautÃ© d&apos;Andorre
 ; [cca2=AD].translations.hrv.official
Expected: KneÃ…Â¾evina Andora
     got: KneÅ¾evina Andora
 ; [cca2=AD].translations.jpn.common
Expected: Ã£â€šÂ¢Ã£Æ’Â³Ã£Æ’â€°Ã£Æ’Â©
     got: ã‚¢ãƒ³ãƒ‰ãƒ©
 ; [cca2=AD].translations.jpn.official
Expected: Ã£â€šÂ¢Ã£Æ’Â³Ã£Æ’â€°Ã£Æ’Â©Ã¥â€¦Â¬Ã¥â€ºÂ½
     got: ã‚¢ãƒ³ãƒ‰ãƒ©å…¬å›½
 ; [cca2=AD].translations.kor.common
Expected: Ã¬â€¢Ë†Ã«ï¿½â€žÃ«ï¿½Â¼
     got: ì•ˆë�„ë�¼
 ; [cca2=AD].translations.kor.official
Expected: Ã¬â€¢Ë†Ã«ï¿½â€žÃ«ï¿½Â¼ ÃªÂ³ÂµÃªÂµÂ­
     got: ì•ˆë�„ë�¼ ê³µêµ­
 ; [cca2=AD].translations.per.common
Expected: Ã˜Â¢Ã™â€ Ã˜Â¯Ã™Ë†Ã˜Â±Ã˜Â§
     got: Ø¢Ù†Ø¯ÙˆØ±Ø§
 ; [cca2=AD].translations.per.official
Expected: Ã˜Â´Ã˜Â§Ã™â€¡Ã˜Â²Ã˜Â§Ã˜Â¯Ã™â€¡Ã¢â‚¬Å’Ã™â€ Ã˜Â´Ã›Å’Ã™â€  Ã˜Â¢Ã™â€ Ã˜Â¯Ã™Ë†Ã˜Â±Ã˜Â§
     got: Ø´Ø§Ù‡Ø²Ø§Ø¯Ù‡â€ŒÙ†Ø´ÛŒÙ† Ø¢Ù†Ø¯ÙˆØ±Ø§
 ; [cca2=AD].translations.pol.official
Expected: KsiÃ„â„¢stwo Andory
     got: KsiÄ™stwo Andory
 ; [cca2=AD].translations.rus.common
Expected: Ã�ï¿½Ã�Â½Ã�Â´Ã�Â¾Ã‘â‚¬Ã‘â‚¬Ã�Â°
     got: Ð�Ð½Ð´Ð¾Ñ€Ñ€Ð°
 ; [cca2=AD].translations.rus.official
Expected: Ã�Å¡Ã�Â½Ã‘ï¿½Ã�Â¶Ã�ÂµÃ‘ï¿½Ã‘â€šÃ�Â²Ã�Â¾ Ã�ï¿½Ã�Â½Ã�Â´Ã�Â¾Ã‘â‚¬Ã‘â‚¬Ã�Â°
     got: ÐšÐ½Ñ�Ð¶ÐµÑ�Ñ‚Ð²Ð¾ Ð�Ð½Ð´Ð¾Ñ€Ñ€Ð°
 ; [cca2=AD].translations.slk.official
Expected: AndorrskÃƒÂ© knieÃ…Â¾atstvo
     got: AndorrskÃ© knieÅ¾atstvo
 ; [cca2=AD].translations.srp.common
Expected: Ã�ï¿½Ã�Â½Ã�Â´Ã�Â¾Ã‘â‚¬Ã�Â°
     got: Ð�Ð½Ð´Ð¾Ñ€Ð°
 ; [cca2=AD].translations.srp.official
Expected: Ã�Å¡Ã�Â½Ã�ÂµÃ�Â¶Ã�ÂµÃ�Â²Ã�Â¸Ã�Â½Ã�Â° Ã�ï¿½Ã�Â½Ã�Â´Ã�Â¾Ã‘â‚¬Ã�Â°
     got: ÐšÐ½ÐµÐ¶ÐµÐ²Ð¸Ð½Ð° Ð�Ð½Ð´Ð¾Ñ€Ð°
 ; [cca2=AD].translations.swe.official
Expected: FurstendÃƒÂ¶met Andorra
     got: FurstendÃ¶met Andorra
 ; [cca2=AD].translations.tur.official
Expected: Andorra PrensliÃ„Å¸i
     got: Andorra PrensliÄŸi
 ; [cca2=AD].translations.urd.common
Expected: Ã˜Â§Ã™â€ ÃšË†Ã™Ë†Ã˜Â±Ã˜Â§
     got: Ø§Ù†ÚˆÙˆØ±Ø§
 ; [cca2=AD].translations.urd.official
Expected: Ã˜Â§Ã™â€¦Ã˜Â§Ã˜Â±Ã˜Â§Ã˜ÂªÃ™ï¿½ Ã˜Â§Ã™â€ ÃšË†Ã™Ë†Ã˜Â±Ã˜Â§
     got: Ø§Ù…Ø§Ø±Ø§ØªÙ� Ø§Ù†ÚˆÙˆØ±Ø§
 ; [cca2=AD].translations.zho.common
Expected: Ã¥Â®â€°Ã©ï¿½â€œÃ¥Â°â€�
     got: å®‰é�“å°”
 ; [cca2=AD].translations.zho.official
Expected: Ã¥Â®â€°Ã©ï¿½â€œÃ¥Â°â€�Ã¥â€¦Â¬Ã¥â€ºÂ½
     got: å®‰é�“å°”å…¬å›½
 ; [cca2=AE].currencies.AED.symbol
Expected: Ã˜Â¯.Ã˜Â¥
     got: Ø¯.Ø¥
 ; [cca2=AE].flag
Expected: Ã°Å¸â€¡Â¦Ã°Å¸â€¡Âª
     got: ðŸ‡¦ðŸ‡ª
 ; [cca2=AE].name.nativeName.ara.common
Expected: Ã˜Â¯Ã™Ë†Ã™â€žÃ˜Â© Ã˜Â§Ã™â€žÃ˜Â¥Ã™â€¦Ã˜Â§Ã˜Â±Ã˜Â§Ã˜Âª Ã˜Â§Ã™â€žÃ˜Â¹Ã˜Â±Ã˜Â¨Ã™Å Ã˜Â© Ã˜Â§Ã™â€žÃ™â€¦Ã˜ÂªÃ˜Â­Ã˜Â¯Ã˜Â©
     got: Ø¯ÙˆÙ„Ø© Ø§Ù„Ø¥Ù…Ø§Ø±Ø§Øª Ø§Ù„Ø¹Ø±Ø¨ÙŠØ© Ø§Ù„Ù…ØªØ­Ø¯Ø©
 ; [cca2=AE].name.nativeName.ara.official
Expected: Ã˜Â§Ã™â€žÃ˜Â¥Ã™â€¦Ã˜Â§Ã˜Â±Ã˜Â§Ã˜Âª Ã˜Â§Ã™â€žÃ˜Â¹Ã˜Â±Ã˜Â¨Ã™Å Ã˜Â© Ã˜Â§Ã™â€žÃ™â€¦Ã˜ÂªÃ˜Â­Ã˜Â¯Ã˜Â©
     got: Ø§Ù„Ø¥Ù…Ø§Ø±Ø§Øª Ø§Ù„Ø¹Ø±Ø¨ÙŠØ© Ø§Ù„Ù…ØªØ­Ø¯Ø©
 ; [cca2=AE].tld[]
Expected: Ã˜Â§Ã™â€¦Ã˜Â§Ã˜Â±Ã˜Â§Ã˜Âª.
     but none found
 ; [cca2=AE].tld[]
Unexpected: Ø§Ù…Ø§Ø±Ø§Øª.
 ; [cca2=AE].translations.ara.common
Expected: Ã˜Â¯Ã™Ë†Ã™â€žÃ˜Â© Ã˜Â§Ã™â€žÃ˜Â¥Ã™â€¦Ã˜Â§Ã˜Â±Ã˜Â§Ã˜Âª Ã˜Â§Ã™â€žÃ˜Â¹Ã˜Â±Ã˜Â¨Ã™Å Ã˜Â© Ã˜Â§Ã™â€žÃ™â€¦Ã˜ÂªÃ˜Â­Ã˜Â¯Ã˜Â©
     got: Ø¯ÙˆÙ„Ø© Ø§Ù„Ø¥Ù…Ø§Ø±Ø§Øª Ø§Ù„Ø¹Ø±Ø¨ÙŠØ© Ø§Ù„Ù…ØªØ­Ø¯Ø©
 ; [cca2=AE].translations.ara.official
Expected: Ã˜Â§Ã™â€žÃ˜Â¥Ã™â€¦Ã˜Â§Ã˜Â±Ã˜Â§Ã˜Âª Ã˜Â§Ã™â€žÃ˜Â¹Ã˜Â±Ã˜Â¨Ã™Å Ã˜Â© Ã˜Â§Ã™â€žÃ™â€¦Ã˜ÂªÃ˜Â­Ã˜Â¯Ã˜Â©
     got: Ø§Ù„Ø¥Ù…Ø§Ø±Ø§Øª Ø§Ù„Ø¹Ø±Ø¨ÙŠØ© Ø§Ù„Ù…ØªØ­Ø¯Ø©
 ; [cca2=AE].translations.bre.common
Expected: EmirelezhioÃƒÂ¹ Arab Unanet
     got: EmirelezhioÃ¹ Arab Unanet
 ; [cca2=AE].translations.bre.official
Expected: EmirelezhioÃƒÂ¹ Arab Unanet
     got: EmirelezhioÃ¹ Arab Unanet
 ; [cca2=AE].translations.ces.common
Expected: ArabskÃƒÂ© emirÃƒÂ¡ty
     got: ArabskÃ© emirÃ¡ty
 ; [cca2=AE].translations.ces.official
Expected: SpojenÃƒÂ© arabskÃƒÂ© emirÃƒÂ¡ty
     got: SpojenÃ© arabskÃ© emirÃ¡ty
 ; [cca2=AE].translations.est.common
Expected: Araabia ÃƒÅ“hendemiraadid
     got: Araabia Ãœhendemiraadid
 ; [cca2=AE].translations.est.official
Expected: Araabia ÃƒÅ“hendemiraadid
     got: Araabia Ãœhendemiraadid
 ; [cca2=AE].translations.fra.common
Expected: Ãƒâ€°mirats arabes unis
     got: Ã‰mirats arabes unis
 ; [cca2=AE].translations.fra.official
Expected: Ãƒâ€°mirats arabes unis
     got: Ã‰mirats arabes unis
 ; [cca2=AE].translations.hun.common
Expected: EgyesÃƒÂ¼lt Arab EmÃƒÂ­rsÃƒÂ©gek
     got: EgyesÃ¼lt Arab EmÃ­rsÃ©gek
 ; [cca2=AE].translations.hun.official
Expected: EgyesÃƒÂ¼lt Arab EmÃƒÂ­rsÃƒÂ©gek
     got: EgyesÃ¼lt Arab EmÃ­rsÃ©gek
 ; [cca2=AE].translations.jpn.common
Expected: Ã£â€šÂ¢Ã£Æ’Â©Ã£Æ’â€“Ã©Â¦â€“Ã©â€¢Â·Ã¥â€ºÂ½Ã©â‚¬Â£Ã©â€šÂ¦
     got: ã‚¢ãƒ©ãƒ–é¦–é•·å›½é€£é‚¦
 ; [cca2=AE].translations.jpn.official
Expected: Ã£â€šÂ¢Ã£Æ’Â©Ã£Æ’â€“Ã©Â¦â€“Ã©â€¢Â·Ã¥â€ºÂ½Ã©â‚¬Â£Ã©â€šÂ¦
     got: ã‚¢ãƒ©ãƒ–é¦–é•·å›½é€£é‚¦
 ; [cca2=AE].translations.kor.common
Expected: Ã¬â€¢â€žÃ«Å¾ï¿½Ã¬â€”ï¿½Ã«Â¯Â¸Ã«Â¦Â¬Ã­Å Â¸
     got: ì•„ëž�ì—�ë¯¸ë¦¬íŠ¸
 ; [cca2=AE].translations.kor.official
Expected: Ã¬â€¢â€žÃ«Å¾ï¿½ Ã­â€ Â Ã­â€ºâ€žÃªÂµÂ­ Ã¬â€”Â°Ã«Â°Â©
     got: ì•„ëž� í† í›„êµ­ ì—°ë°©
 ; [cca2=AE].translations.per.common
Expected: Ã˜Â§Ã™â€¦Ã˜Â§Ã˜Â±Ã˜Â§Ã˜Âª
     got: Ø§Ù…Ø§Ø±Ø§Øª
 ; [cca2=AE].translations.per.official
Expected: Ã˜Â§Ã™â€¦Ã˜Â§Ã˜Â±Ã˜Â§Ã˜Âª Ã™â€¦Ã˜ÂªÃ˜Â­Ã˜Â¯Ã™â€¡ Ã˜Â¹Ã˜Â±Ã˜Â¨Ã›Å’
     got: Ø§Ù…Ø§Ø±Ø§Øª Ù…ØªØ­Ø¯Ù‡ Ø¹Ø±Ø¨ÛŒ
 ; [cca2=AE].translations.por.common
Expected: Emirados Ãƒï¿½rabes Unidos
     got: Emirados Ã�rabes Unidos
 ; [cca2=AE].translations.por.official
Expected: Emirados Ãƒï¿½rabes Unidos
     got: Emirados Ã�rabes Unidos
 ; [cca2=AE].translations.rus.common
Expected: Ã�Å¾Ã�Â±Ã‘Å Ã�ÂµÃ�Â´Ã�Â¸Ã�Â½Ã‘â€˜Ã�Â½Ã�Â½Ã‘â€¹Ã�Âµ Ã�ï¿½Ã‘â‚¬Ã�Â°Ã�Â±Ã‘ï¿½Ã�ÂºÃ�Â¸Ã�Âµ Ã�Â­Ã�Â¼Ã�Â¸Ã‘â‚¬Ã�Â°Ã‘â€šÃ‘â€¹
     got: ÐžÐ±ÑŠÐµÐ´Ð¸Ð½Ñ‘Ð½Ð½Ñ‹Ðµ Ð�Ñ€Ð°Ð±Ñ�ÐºÐ¸Ðµ Ð­Ð¼Ð¸Ñ€Ð°Ñ‚Ñ‹
 ; [cca2=AE].translations.rus.official
Expected: Ã�Å¾Ã�Â±Ã‘Å Ã�ÂµÃ�Â´Ã�Â¸Ã�Â½Ã�ÂµÃ�Â½Ã�Â½Ã‘â€¹Ã�Âµ Ã�ï¿½Ã‘â‚¬Ã�Â°Ã�Â±Ã‘ï¿½Ã�ÂºÃ�Â¸Ã�Âµ Ã�Â­Ã�Â¼Ã�Â¸Ã‘â‚¬Ã�Â°Ã‘â€šÃ‘â€¹
     got: ÐžÐ±ÑŠÐµÐ´Ð¸Ð½ÐµÐ½Ð½Ñ‹Ðµ Ð�Ñ€Ð°Ð±Ñ�ÐºÐ¸Ðµ Ð­Ð¼Ð¸Ñ€Ð°Ñ‚Ñ‹
 ; [cca2=AE].translations.slk.common
Expected: ArabskÃƒÂ© emirÃƒÂ¡ty
     got: ArabskÃ© emirÃ¡ty
 ; [cca2=AE].translations.slk.official
Expected: SpojenÃƒÂ© arabskÃƒÂ© emirÃƒÂ¡ty
     got: SpojenÃ© arabskÃ© emirÃ¡ty
 ; [cca2=AE].translations.spa.common
Expected: Emiratos Ãƒï¿½rabes Unidos
     got: Emiratos Ã�rabes Unidos
 ; [cca2=AE].translations.spa.official
Expected: Emiratos Ãƒï¿½rabes Unidos
     got: Emiratos Ã�rabes Unidos
 ; [cca2=AE].translations.srp.common
Expected: Ã�Â£Ã‘ËœÃ�ÂµÃ�Â´Ã�Â¸Ã‘Å¡Ã�ÂµÃ�Â½Ã�Â¸ Ã�ï¿½Ã‘â‚¬Ã�Â°Ã�Â¿Ã‘ï¿½Ã�ÂºÃ�Â¸ Ã�â€¢Ã�Â¼Ã�Â¸Ã‘â‚¬Ã�Â°Ã‘â€šÃ�Â¸
     got: Ð£Ñ˜ÐµÐ´Ð¸ÑšÐµÐ½Ð¸ Ð�Ñ€Ð°Ð¿Ñ�ÐºÐ¸ Ð•Ð¼Ð¸Ñ€Ð°Ñ‚Ð¸
 ; [cca2=AE].translations.srp.official
Expected: Ã�Â£Ã‘ËœÃ�ÂµÃ�Â´Ã�Â¸Ã‘Å¡Ã�ÂµÃ�Â½Ã�Â¸ Ã�ï¿½Ã‘â‚¬Ã�Â°Ã�Â¿Ã‘ï¿½Ã�ÂºÃ�Â¸ Ã�â€¢Ã�Â¼Ã�Â¸Ã‘â‚¬Ã�Â°Ã‘â€šÃ�Â¸
     got: Ð£Ñ˜ÐµÐ´Ð¸ÑšÐµÐ½Ð¸ Ð�Ñ€Ð°Ð¿Ñ�ÐºÐ¸ Ð•Ð¼Ð¸Ñ€Ð°Ñ‚Ð¸
 ; [cca2=AE].translations.swe.common
Expected: FÃƒÂ¶renade Arabemiraten
     got: FÃ¶renade Arabemiraten
 ; [cca2=AE].translations.swe.official
Expected: FÃƒÂ¶renade Arabemiraten
     got: FÃ¶renade Arabemiraten
 ; [cca2=AE].translations.tur.common
Expected: BirleÃ…Å¸ik Arap Emirlikleri
     got: BirleÅŸik Arap Emirlikleri
 ; [cca2=AE].translations.tur.official
Expected: BirleÃ…Å¸ik Arap Emirlikleri
     got: BirleÅŸik Arap Emirlikleri
 ; [cca2=AE].translations.urd.common
Expected: Ã™â€¦Ã˜ÂªÃ˜Â­Ã˜Â¯Ã›ï¿½ Ã˜Â¹Ã˜Â±Ã˜Â¨ Ã˜Â§Ã™â€¦Ã˜Â§Ã˜Â±Ã˜Â§Ã˜Âª
     got: Ù…ØªØ­Ø¯Û� Ø¹Ø±Ø¨ Ø§Ù…Ø§Ø±Ø§Øª
 ; [cca2=AE].translations.urd.official
Expected: Ã™â€¦Ã˜ÂªÃ˜Â­Ã˜Â¯Ã›ï¿½ Ã˜Â¹Ã˜Â±Ã˜Â¨ Ã˜Â§Ã™â€¦Ã˜Â§Ã˜Â±Ã˜Â§Ã˜Âª
     got: Ù…ØªØ­Ø¯Û� Ø¹Ø±Ø¨ Ø§Ù…Ø§Ø±Ø§Øª
 ; [cca2=AE].translations.zho.common
Expected: Ã©ËœÂ¿Ã¦â€¹â€°Ã¤Â¼Â¯Ã¨ï¿½â€�Ã¥ï¿½Ë†Ã©â€¦â€¹Ã©â€¢Â¿Ã¥â€ºÂ½
     got: é˜¿æ‹‰ä¼¯è�”å�ˆé…‹é•¿å›½
 ; [cca2=AE].translations.zho.official
Expected: Ã©ËœÂ¿Ã¦â€¹â€°Ã¤Â¼Â¯Ã¨ï¿½â€�Ã¥ï¿½Ë†Ã©â€¦â€¹Ã©â€¢Â¿Ã¥â€ºÂ½
     got: é˜¿æ‹‰ä¼¯è�”å�ˆé…‹é•¿å›½
 ; [cca2=AF].altSpellings[]
Expected: AfÃ„Â¡Ã„ï¿½nistÃ„ï¿½n
     but none found
 ; [cca2=AF].altSpellings[]
Unexpected: AfÄ¡Ä�nistÄ�n
 ; [cca2=AF].currencies.AFN.symbol
Expected: Ã˜â€¹
     got: Ø‹
 ; [cca2=AF].flag
Expected: Ã°Å¸â€¡Â¦Ã°Å¸â€¡Â«
     got: ðŸ‡¦ðŸ‡«
 ; [cca2=AF].flags.alt
Expected: The flag of the Islamic Emirate of Afghanistan has a white field with Arabic inscriptions Ã¢â‚¬â€� the Shahada Ã¢â‚¬â€� in black across its center.
     got: The flag of the Islamic Emirate of Afghanistan has a white field with Arabic inscriptions â€” the Shahada â€” in black across its center.
 ; [cca2=AF].name.nativeName.prs.common
Expected: Ã˜Â§Ã™ï¿½Ã˜ÂºÃ˜Â§Ã™â€ Ã˜Â³Ã˜ÂªÃ˜Â§Ã™â€ 
     got: Ø§Ù�ØºØ§Ù†Ø³ØªØ§Ù†
 ; [cca2=AF].name.nativeName.prs.official
Expected: Ã˜Â¬Ã™â€¦Ã™â€¡Ã™Ë†Ã˜Â±Ã›Å’ Ã˜Â§Ã˜Â³Ã™â€žÃ˜Â§Ã™â€¦Ã›Å’ Ã˜Â§Ã™ï¿½Ã˜ÂºÃ˜Â§Ã™â€ Ã˜Â³Ã˜ÂªÃ˜Â§Ã™â€ 
     got: Ø¬Ù…Ù‡ÙˆØ±ÛŒ Ø§Ø³Ù„Ø§Ù…ÛŒ Ø§Ù�ØºØ§Ù†Ø³ØªØ§Ù†
 ; [cca2=AF].name.nativeName.pus.common
Expected: Ã˜Â§Ã™ï¿½Ã˜ÂºÃ˜Â§Ã™â€ Ã˜Â³Ã˜ÂªÃ˜Â§Ã™â€ 
     got: Ø§Ù�ØºØ§Ù†Ø³ØªØ§Ù†
 ; [cca2=AF].name.nativeName.pus.official
Expected: Ã˜Â¯ Ã˜Â§Ã™ï¿½Ã˜ÂºÃ˜Â§Ã™â€ Ã˜Â³Ã˜ÂªÃ˜Â§Ã™â€  Ã˜Â§Ã˜Â³Ã™â€žÃ˜Â§Ã™â€¦Ã™Å  Ã˜Â¬Ã™â€¦Ã™â€¡Ã™Ë†Ã˜Â±Ã›Å’Ã˜Âª
     got: Ø¯ Ø§Ù�ØºØ§Ù†Ø³ØªØ§Ù† Ø§Ø³Ù„Ø§Ù…ÙŠ Ø¬Ù…Ù‡ÙˆØ±ÛŒØª
 ; [cca2=AF].translations.ara.common
Expected: Ã˜Â£Ã™ï¿½Ã˜ÂºÃ˜Â§Ã™â€ Ã˜Â³Ã˜ÂªÃ˜Â§Ã™â€ 
     got: Ø£Ù�ØºØ§Ù†Ø³ØªØ§Ù†
 ; [cca2=AF].translations.ara.official
Expected: Ã˜Â¬Ã™â€¦Ã™â€¡Ã™Ë†Ã˜Â±Ã™Å Ã˜Â© Ã˜Â£Ã™ï¿½Ã™ï¿½Ã˜Â§Ã™â€ Ã˜Â³Ã˜ÂªÃ˜Â§Ã™â€  Ã˜Â§Ã™â€žÃ˜Â¥Ã˜Â³Ã™â€žÃ˜Â§Ã™â€¦Ã™Å Ã˜Â©
     got: Ø¬Ù…Ù‡ÙˆØ±ÙŠØ© Ø£Ù�Ù�Ø§Ù†Ø³ØªØ§Ù† Ø§Ù„Ø¥Ø³Ù„Ø§Ù…ÙŠØ©
 ; [cca2=AF].translations.ces.common
Expected: AfghÃƒÂ¡nistÃƒÂ¡n
     got: AfghÃ¡nistÃ¡n
 ; [cca2=AF].translations.ces.official
Expected: AfghÃƒÂ¡nskÃƒÂ¡ islÃƒÂ¡mskÃƒÂ¡ republika
     got: AfghÃ¡nskÃ¡ islÃ¡mskÃ¡ republika
 ; [cca2=AF].translations.fra.official
Expected: RÃƒÂ©publique islamique d&apos;Afghanistan
     got: RÃ©publique islamique d&apos;Afghanistan
 ; [cca2=AF].translations.hun.common
Expected: AfganisztÃƒÂ¡n
     got: AfganisztÃ¡n
 ; [cca2=AF].translations.hun.official
Expected: AfganisztÃƒÂ¡ni IszlÃƒÂ¡m KÃƒÂ¶ztÃƒÂ¡rsasÃƒÂ¡g
     got: AfganisztÃ¡ni IszlÃ¡m KÃ¶ztÃ¡rsasÃ¡g
 ; [cca2=AF].translations.jpn.common
Expected: Ã£â€šÂ¢Ã£Æ’â€¢Ã£â€šÂ¬Ã£Æ’â€¹Ã£â€šÂ¹Ã£â€šÂ¿Ã£Æ’Â³
     got: ã‚¢ãƒ•ã‚¬ãƒ‹ã‚¹ã‚¿ãƒ³
 ; [cca2=AF].translations.jpn.official
Expected: Ã£â€šÂ¢Ã£Æ’â€¢Ã£â€šÂ¬Ã£Æ’â€¹Ã£â€šÂ¹Ã£â€šÂ¿Ã£Æ’Â³Ã‚Â·Ã£â€šÂ¤Ã£â€šÂ¹Ã£Æ’Â©Ã£Æ’Â Ã¥â€¦Â±Ã¥â€™Å’Ã¥â€ºÂ½
     got: ã‚¢ãƒ•ã‚¬ãƒ‹ã‚¹ã‚¿ãƒ³Â·ã‚¤ã‚¹ãƒ©ãƒ å…±å’Œå›½
 ; [cca2=AF].translations.kor.common
Expected: Ã¬â€¢â€žÃ­â€�â€žÃªÂ°â‚¬Ã«â€¹Ë†Ã¬Å Â¤Ã­Æ’â€ž
     got: ì•„í”„ê°€ë‹ˆìŠ¤íƒ„
 ; [cca2=AF].translations.kor.official
Expected: Ã¬â€¢â€žÃ­â€�â€žÃªÂ°â‚¬Ã«â€¹Ë†Ã¬Å Â¤Ã­Æ’â€ž Ã¬ï¿½Â´Ã¬Å Â¬Ã«Å¾Å’ ÃªÂ³ÂµÃ­â„¢â€�ÃªÂµÂ­
     got: ì•„í”„ê°€ë‹ˆìŠ¤íƒ„ ì�´ìŠ¬ëžŒ ê³µí™”êµ­
 ; [cca2=AF].translations.per.common
Expected: Ã˜Â§Ã™ï¿½Ã˜ÂºÃ˜Â§Ã™â€ Ã˜Â³Ã˜ÂªÃ˜Â§Ã™â€ 
     got: Ø§Ù�ØºØ§Ù†Ø³ØªØ§Ù†
 ; [cca2=AF].translations.per.official
Expected: Ã˜Â¬Ã™â€¦Ã™â€¡Ã™Ë†Ã˜Â±Ã›Å’ Ã˜Â§Ã˜Â³Ã™â€žÃ˜Â§Ã™â€¦Ã›Å’ Ã˜Â§Ã™ï¿½Ã˜ÂºÃ˜Â§Ã™â€ Ã˜Â³Ã˜ÂªÃ˜Â§Ã™â€ 
     got: Ø¬Ù…Ù‡ÙˆØ±ÛŒ Ø§Ø³Ù„Ø§Ù…ÛŒ Ø§Ù�ØºØ§Ù†Ø³ØªØ§Ù†
 ; [cca2=AF].translations.por.common
Expected: AfeganistÃƒÂ£o
     got: AfeganistÃ£o
 ; [cca2=AF].translations.por.official
Expected: RepÃƒÂºblica IslÃƒÂ¢mica do AfeganistÃƒÂ£o
     got: RepÃºblica IslÃ¢mica do AfeganistÃ£o
 ; [cca2=AF].translations.rus.common
Expected: Ã�ï¿½Ã‘â€žÃ�Â³Ã�Â°Ã�Â½Ã�Â¸Ã‘ï¿½Ã‘â€šÃ�Â°Ã�Â½
     got: Ð�Ñ„Ð³Ð°Ð½Ð¸Ñ�Ñ‚Ð°Ð½
 ; [cca2=AF].translations.rus.official
Expected: Ã�ËœÃ‘ï¿½Ã�Â»Ã�Â°Ã�Â¼Ã‘ï¿½Ã�ÂºÃ�Â°Ã‘ï¿½ Ã�Â Ã�ÂµÃ‘ï¿½Ã�Â¿Ã‘Æ’Ã�Â±Ã�Â»Ã�Â¸Ã�ÂºÃ�Â° Ã�ï¿½Ã‘â€žÃ�Â³Ã�Â°Ã�Â½Ã�Â¸Ã‘ï¿½Ã‘â€šÃ�Â°Ã�Â½
     got: Ð˜Ñ�Ð»Ð°Ð¼Ñ�ÐºÐ°Ñ� Ð ÐµÑ�Ð¿ÑƒÐ±Ð»Ð¸ÐºÐ° Ð�Ñ„Ð³Ð°Ð½Ð¸Ñ�Ñ‚Ð°Ð½
 ; [cca2=AF].translations.slk.official
Expected: AfgÃƒÂ¡nsky islamskÃƒÂ½ Ã…Â¡tÃƒÂ¡t
     got: AfgÃ¡nsky islamskÃ½ Å¡tÃ¡t
 ; [cca2=AF].translations.spa.common
Expected: AfganistÃƒÂ¡n
     got: AfganistÃ¡n
 ; [cca2=AF].translations.spa.official
Expected: RepÃƒÂºblica IslÃƒÂ¡mica de AfganistÃƒÂ¡n
     got: RepÃºblica IslÃ¡mica de AfganistÃ¡n
 ; [cca2=AF].translations.srp.common
Expected: Ã�ï¿½Ã�Â²Ã�Â³Ã�Â°Ã�Â½Ã�Â¸Ã‘ï¿½Ã‘â€šÃ�Â°Ã�Â½
     got: Ð�Ð²Ð³Ð°Ð½Ð¸Ñ�Ñ‚Ð°Ð½
 ; [cca2=AF].translations.srp.official
Expected: Ã�ËœÃ‘ï¿½Ã�Â»Ã�Â°Ã�Â¼Ã‘ï¿½Ã�ÂºÃ�Â° Ã�Â Ã�ÂµÃ�Â¿Ã‘Æ’Ã�Â±Ã�Â»Ã�Â¸Ã�ÂºÃ�Â° Ã�ï¿½Ã�Â²Ã�Â³Ã�Â°Ã�Â½Ã�Â¸Ã‘ï¿½Ã‘â€šÃ�Â°Ã�Â½
     got: Ð˜Ñ�Ð»Ð°Ð¼Ñ�ÐºÐ° Ð ÐµÐ¿ÑƒÐ±Ð»Ð¸ÐºÐ° Ð�Ð²Ð³Ð°Ð½Ð¸Ñ�Ñ‚Ð°Ð½
 ; [cca2=AF].translations.tur.official
Expected: Afganistan Ã„Â°slam Cumhuriyeti
     got: Afganistan Ä°slam Cumhuriyeti
 ; [cca2=AF].translations.urd.common
Expected: Ã˜Â§Ã™ï¿½Ã˜ÂºÃ˜Â§Ã™â€ Ã˜Â³Ã˜ÂªÃ˜Â§Ã™â€ 
     got: Ø§Ù�ØºØ§Ù†Ø³ØªØ§Ù†
 ; [cca2=AF].translations.urd.official
Expected: Ã˜Â§Ã˜Â³Ã™â€žÃ˜Â§Ã™â€¦Ã›Å’ Ã˜Â¬Ã™â€¦Ã›ï¿½Ã™Ë†Ã˜Â±Ã›Å’Ã›ï¿½ Ã˜Â§Ã™ï¿½Ã˜ÂºÃ˜Â§Ã™â€ Ã˜Â³Ã˜ÂªÃ˜Â§Ã™â€ 
     got: Ø§Ø³Ù„Ø§Ù…ÛŒ Ø¬Ù…Û�ÙˆØ±ÛŒÛ� Ø§Ù�ØºØ§Ù†Ø³ØªØ§Ù†
 ; [cca2=AF].translations.zho.common
Expected: Ã©ËœÂ¿Ã¥Â¯Å’Ã¦Â±â€”
     got: é˜¿å¯Œæ±—
 ; [cca2=AF].translations.zho.official
Expected: Ã©ËœÂ¿Ã¥Â¯Å’Ã¦Â±â€”Ã¤Â¼Å Ã¦â€“Â¯Ã¥â€¦Â°Ã¥â€¦Â±Ã¥â€™Å’Ã¥â€ºÂ½
     got: é˜¿å¯Œæ±—ä¼Šæ–¯å…°å…±å’Œå›½
 ; [cca2=AG].flag
Expected: Ã°Å¸â€¡Â¦Ã°Å¸â€¡Â¬
     got: ðŸ‡¦ðŸ‡¬
 ; [cca2=AG].translations.ara.common
Expected: Ã˜Â£Ã™â€ Ã˜ÂªÃ™Å Ã˜ÂºÃ™Ë†Ã˜Â§ Ã™Ë†Ã˜Â¨Ã˜Â§Ã˜Â±Ã˜Â¨Ã™Ë†Ã˜Â¯Ã˜Â§
     got: Ø£Ù†ØªÙŠØºÙˆØ§ ÙˆØ¨Ø§Ø±Ø¨ÙˆØ¯Ø§
 ; [cca2=AG].translations.ara.official
Expected: Ã˜Â£Ã™â€ Ã˜ÂªÃ™Å Ã˜ÂºÃ™Ë†Ã˜Â§ Ã™Ë†Ã˜Â¨Ã˜Â§Ã˜Â±Ã˜Â¨Ã™Ë†Ã˜Â¯Ã˜Â§
     got: Ø£Ù†ØªÙŠØºÙˆØ§ ÙˆØ¨Ø§Ø±Ø¨ÙˆØ¯Ø§
 ; [cca2=AG].translations.hun.common
Expected: Antigua ÃƒÂ©s Barbuda
     got: Antigua Ã©s Barbuda
 ; [cca2=AG].translations.hun.official
Expected: Antigua ÃƒÂ©s Barbuda
     got: Antigua Ã©s Barbuda
 ; [cca2=AG].translations.jpn.common
Expected: Ã£â€šÂ¢Ã£Æ’Â³Ã£Æ’â€ Ã£â€šÂ£Ã£â€šÂ°Ã£â€šÂ¢Ã£Æ’Â»Ã£Æ’ï¿½Ã£Æ’Â¼Ã£Æ’â€“Ã£Æ’Â¼Ã£Æ’â‚¬
     got: ã‚¢ãƒ³ãƒ†ã‚£ã‚°ã‚¢ãƒ»ãƒ�ãƒ¼ãƒ–ãƒ¼ãƒ€
 ; [cca2=AG].translations.jpn.official
Expected: Ã£â€šÂ¢Ã£Æ’Â³Ã£Æ’ï¿½Ã£â€šÂ°Ã£â€šÂ¢Ã£Æ’ï¿½Ã£Æ’Â¼Ã£Æ’â€“Ã£Æ’Â¼Ã£Æ’â‚¬
     got: ã‚¢ãƒ³ãƒ�ã‚°ã‚¢ãƒ�ãƒ¼ãƒ–ãƒ¼ãƒ€
 ; [cca2=AG].translations.kor.common
Expected: Ã¬â€¢Â¤Ã­â€¹Â°ÃªÂ°â‚¬ Ã«Â°â€�Ã«Â¶â‚¬Ã«â€¹Â¤
     got: ì•¤í‹°ê°€ ë°”ë¶€ë‹¤
 ; [cca2=AG].translations.kor.official
Expected: Ã¬â€¢Â¤Ã­â€¹Â°ÃªÂ°â‚¬ Ã«Â°â€�Ã«Â¶â‚¬Ã«â€¹Â¤
     got: ì•¤í‹°ê°€ ë°”ë¶€ë‹¤
 ; [cca2=AG].translations.per.common
Expected: Ã˜Â¢Ã™â€ Ã˜ÂªÃ›Å’ÃšÂ¯Ã™Ë†Ã˜Â§ Ã™Ë† Ã˜Â¨Ã˜Â§Ã˜Â±Ã˜Â¨Ã™Ë†Ã˜Â¯Ã˜Â§
     got: Ø¢Ù†ØªÛŒÚ¯ÙˆØ§ Ùˆ Ø¨Ø§Ø±Ø¨ÙˆØ¯Ø§
 ; [cca2=AG].translations.per.official
Expected: Ã˜Â¢Ã™â€ Ã˜ÂªÃ›Å’ÃšÂ¯Ã™Ë†Ã˜Â§ Ã™Ë† Ã˜Â¨Ã˜Â§Ã˜Â±Ã˜Â¨Ã™Ë†Ã˜Â¯Ã˜Â§
     got: Ø¢Ù†ØªÛŒÚ¯ÙˆØ§ Ùˆ Ø¨Ø§Ø±Ø¨ÙˆØ¯Ø§
 ; [cca2=AG].translations.por.common
Expected: AntÃƒÂ­gua e Barbuda
     got: AntÃ­gua e Barbuda
 ; [cca2=AG].translations.rus.common
Expected: Ã�ï¿½Ã�Â½Ã‘â€šÃ�Â¸Ã�Â³Ã‘Æ’Ã�Â° Ã�Â¸ Ã�â€˜Ã�Â°Ã‘â‚¬Ã�Â±Ã‘Æ’Ã�Â´Ã�Â°
     got: Ð�Ð½Ñ‚Ð¸Ð³ÑƒÐ° Ð¸ Ð‘Ð°Ñ€Ð±ÑƒÐ´Ð°
 ; [cca2=AG].translations.rus.official
Expected: Ã�ï¿½Ã�Â½Ã‘â€šÃ�Â¸Ã�Â³Ã‘Æ’Ã�Â° Ã�Â¸ Ã�â€˜Ã�Â°Ã‘â‚¬Ã�Â±Ã‘Æ’Ã�Â´Ã�Â°
     got: Ð�Ð½Ñ‚Ð¸Ð³ÑƒÐ° Ð¸ Ð‘Ð°Ñ€Ð±ÑƒÐ´Ð°
 ; [cca2=AG].translations.srp.common
Expected: Ã�ï¿½Ã�Â½Ã‘â€šÃ�Â¸Ã�Â³Ã�Â²Ã�Â° Ã�Â¸ Ã�â€˜Ã�Â°Ã‘â‚¬Ã�Â±Ã‘Æ’Ã�Â´Ã�Â°
     got: Ð�Ð½Ñ‚Ð¸Ð³Ð²Ð° Ð¸ Ð‘Ð°Ñ€Ð±ÑƒÐ´Ð°
 ; [cca2=AG].translations.srp.official
Expected: Ã�ï¿½Ã�Â½Ã‘â€šÃ�Â¸Ã�Â³Ã�Â²Ã�Â° Ã�Â¸ Ã�â€˜Ã�Â°Ã‘â‚¬Ã�Â±Ã‘Æ’Ã�Â´Ã�Â°
     got: Ð�Ð½Ñ‚Ð¸Ð³Ð²Ð° Ð¸ Ð‘Ð°Ñ€Ð±ÑƒÐ´Ð°
 ; [cca2=AG].translations.urd.common
Expected: Ã˜Â§Ã›Å’Ã™â€ Ã™Â¹Ã›Å’ÃšÂ¯Ã™Ë†Ã˜Â§ Ã™Ë† Ã˜Â¨Ã˜Â§Ã˜Â±Ã˜Â¨Ã™Ë†ÃšË†Ã˜Â§
     got: Ø§ÛŒÙ†Ù¹ÛŒÚ¯ÙˆØ§ Ùˆ Ø¨Ø§Ø±Ø¨ÙˆÚˆØ§
 ; [cca2=AG].translations.urd.official
Expected: Ã˜Â§Ã›Å’Ã™â€ Ã™Â¹Ã›Å’ÃšÂ¯Ã™Ë†Ã˜Â§ Ã™Ë† Ã˜Â¨Ã˜Â§Ã˜Â±Ã˜Â¨Ã™Ë†ÃšË†Ã˜Â§
     got: Ø§ÛŒÙ†Ù¹ÛŒÚ¯ÙˆØ§ Ùˆ Ø¨Ø§Ø±Ø¨ÙˆÚˆØ§
 ; [cca2=AG].translations.zho.common
Expected: Ã¥Â®â€°Ã¦ï¿½ï¿½Ã§â€œÅ“Ã¥â€™Å’Ã¥Â·Â´Ã¥Â¸Æ’Ã¨Â¾Â¾
     got: å®‰æ��ç“œå’Œå·´å¸ƒè¾¾
 ; [cca2=AG].translations.zho.official
Expected: Ã¥Â®â€°Ã¦ï¿½ï¿½Ã§â€œÅ“Ã¥â€™Å’Ã¥Â·Â´Ã¥Â¸Æ’Ã¨Â¾Â¾
     got: å®‰æ��ç“œå’Œå·´å¸ƒè¾¾
 ; [cca2=AI].flag
Expected: Ã°Å¸â€¡Â¦Ã°Å¸â€¡Â®
     got: ðŸ‡¦ðŸ‡®
 ; [cca2=AI].translations.ara.common
Expected: Ã˜Â£Ã™â€ Ã˜ÂºÃ™Ë†Ã™Å Ã™â€žÃ˜Â§
     got: Ø£Ù†ØºÙˆÙŠÙ„Ø§
 ; [cca2=AI].translations.ara.official
Expected: Ã˜Â£Ã™â€ Ã˜ÂºÃ™Ë†Ã™Å Ã™â€žÃ˜Â§
     got: Ø£Ù†ØºÙˆÙŠÙ„Ø§
 ; [cca2=AI].translations.jpn.common
Expected: Ã£â€šÂ¢Ã£Æ’Â³Ã£â€šÂ®Ã£Æ’Â©
     got: ã‚¢ãƒ³ã‚®ãƒ©
 ; [cca2=AI].translations.jpn.official
Expected: Ã£â€šÂ¢Ã£Æ’Â³Ã£â€šÂ°Ã£â€šÂ£Ã£Æ’Â©
     got: ã‚¢ãƒ³ã‚°ã‚£ãƒ©
 ; [cca2=AI].translations.kor.common
Expected: Ã¬â€¢ÂµÃªÂ·Ë†Ã«ï¿½Â¼
     got: ì•µê·ˆë�¼
 ; [cca2=AI].translations.kor.official
Expected: Ã¬â€¢ÂµÃªÂ·Ë†Ã«ï¿½Â¼
     got: ì•µê·ˆë�¼
 ; [cca2=AI].translations.per.common
Expected: Ã˜Â¢Ã™â€ ÃšÂ¯Ã™Ë†Ã›Å’Ã™â€žÃ˜Â§
     got: Ø¢Ù†Ú¯ÙˆÛŒÙ„Ø§
 ; [cca2=AI].translations.per.official
Expected: Ã˜Â¢Ã™â€ ÃšÂ¯Ã™Ë†Ã›Å’Ã™â€žÃ˜Â§
     got: Ø¢Ù†Ú¯ÙˆÛŒÙ„Ø§
 ; [cca2=AI].translations.rus.common
Expected: Ã�ï¿½Ã�Â½Ã�Â³Ã�Â¸Ã�Â»Ã‘Å’Ã‘ï¿½
     got: Ð�Ð½Ð³Ð¸Ð»ÑŒÑ�
 ; [cca2=AI].translations.rus.official
Expected: Ã�ï¿½Ã�Â½Ã�Â³Ã�Â¸Ã�Â»Ã‘Å’Ã‘ï¿½
     got: Ð�Ð½Ð³Ð¸Ð»ÑŒÑ�
 ; [cca2=AI].translations.srp.common
Expected: Ã�ï¿½Ã�Â½Ã�Â³Ã�Â²Ã�Â¸Ã�Â»Ã�Â°
     got: Ð�Ð½Ð³Ð²Ð¸Ð»Ð°
 ; [cca2=AI].translations.srp.official
Expected: Ã�ï¿½Ã�Â½Ã�Â³Ã�Â²Ã�Â¸Ã�Â»Ã�Â°
     got: Ð�Ð½Ð³Ð²Ð¸Ð»Ð°
 ; [cca2=AI].translations.urd.common
Expected: Ã˜Â§Ã›Å’Ã™â€ ÃšÂ¯Ã™Ë†Ã›Å’Ã™â€žÃ˜Â§
     got: Ø§ÛŒÙ†Ú¯ÙˆÛŒÙ„Ø§
 ; [cca2=AI].translations.urd.official
Expected: Ã˜Â§Ã›Å’Ã™â€ ÃšÂ¯Ã™Ë†Ã›Å’Ã™â€žÃ˜Â§
     got: Ø§ÛŒÙ†Ú¯ÙˆÛŒÙ„Ø§
 ; [cca2=AI].translations.zho.common
Expected: Ã¥Â®â€°Ã¥Å“Â­Ã¦â€¹â€°
     got: å®‰åœ­æ‹‰
 ; [cca2=AI].translations.zho.official
Expected: Ã¥Â®â€°Ã¥Å“Â­Ã¦â€¹â€°
     got: å®‰åœ­æ‹‰
 ; [cca2=AL].altSpellings[]
Expected: ShqipÃƒÂ«ria
     but none found
 ; [cca2=AL].altSpellings[]
Expected: ShqipÃƒÂ«ri
     but none found
 ; [cca2=AL].altSpellings[]
Unexpected: ShqipÃ«ri
 ; [cca2=AL].altSpellings[]
Unexpected: ShqipÃ«ria
 ; [cca2=AL].flag
Expected: Ã°Å¸â€¡Â¦Ã°Å¸â€¡Â±
     got: ðŸ‡¦ðŸ‡±
 ; [cca2=AL].name.nativeName.sqi.common
Expected: ShqipÃƒÂ«ria
     got: ShqipÃ«ria
 ; [cca2=AL].name.nativeName.sqi.official
Expected: Republika e ShqipÃƒÂ«risÃƒÂ«
     got: Republika e ShqipÃ«risÃ«
 ; [cca2=AL].translations.ara.common
Expected: Ã˜Â£Ã™â€žÃ˜Â¨Ã˜Â§Ã™â€ Ã™Å Ã˜Â§
     got: Ø£Ù„Ø¨Ø§Ù†ÙŠØ§
 ; [cca2=AL].translations.ara.official
Expected: Ã˜Â¬Ã™â€¦Ã™â€¡Ã™Ë†Ã˜Â±Ã™Å Ã˜Â© Ã˜Â£Ã™â€žÃ˜Â¨Ã˜Â§Ã™â€ Ã™Å Ã˜Â§
     got: Ø¬Ù…Ù‡ÙˆØ±ÙŠØ© Ø£Ù„Ø¨Ø§Ù†ÙŠØ§
 ; [cca2=AL].translations.ces.common
Expected: AlbÃƒÂ¡nie
     got: AlbÃ¡nie
 ; [cca2=AL].translations.ces.official
Expected: AlbÃƒÂ¡nskÃƒÂ¡ republika
     got: AlbÃ¡nskÃ¡ republika
 ; [cca2=AL].translations.fra.official
Expected: RÃƒÂ©publique d&apos;Albanie
     got: RÃ©publique d&apos;Albanie
 ; [cca2=AL].translations.hun.common
Expected: AlbÃƒÂ¡nia
     got: AlbÃ¡nia
 ; [cca2=AL].translations.hun.official
Expected: AlbÃƒÂ¡n KÃƒÂ¶ztÃƒÂ¡rsasÃƒÂ¡g
     got: AlbÃ¡n KÃ¶ztÃ¡rsasÃ¡g
 ; [cca2=AL].translations.jpn.common
Expected: Ã£â€šÂ¢Ã£Æ’Â«Ã£Æ’ï¿½Ã£Æ’â€¹Ã£â€šÂ¢
     got: ã‚¢ãƒ«ãƒ�ãƒ‹ã‚¢
 ; [cca2=AL].translations.jpn.official
Expected: Ã£â€šÂ¢Ã£Æ’Â«Ã£Æ’ï¿½Ã£Æ’â€¹Ã£â€šÂ¢Ã¥â€¦Â±Ã¥â€™Å’Ã¥â€ºÂ½
     got: ã‚¢ãƒ«ãƒ�ãƒ‹ã‚¢å…±å’Œå›½
 ; [cca2=AL].translations.kor.common
Expected: Ã¬â€¢Å’Ã«Â°â€�Ã«â€¹Ë†Ã¬â€¢â€ž
     got: ì•Œë°”ë‹ˆì•„
 ; [cca2=AL].translations.kor.official
Expected: Ã¬â€¢Å’Ã«Â°â€�Ã«â€¹Ë†Ã¬â€¢â€ž ÃªÂ³ÂµÃ­â„¢â€�ÃªÂµÂ­
     got: ì•Œë°”ë‹ˆì•„ ê³µí™”êµ­
 ; [cca2=AL].translations.nld.common
Expected: AlbaniÃƒÂ«
     got: AlbaniÃ«
 ; [cca2=AL].translations.nld.official
Expected: Republiek AlbaniÃƒÂ«
     got: Republiek AlbaniÃ«
 ; [cca2=AL].translations.per.common
Expected: Ã˜Â¢Ã™â€žÃ˜Â¨Ã˜Â§Ã™â€ Ã›Å’
     got: Ø¢Ù„Ø¨Ø§Ù†ÛŒ
 ; [cca2=AL].translations.per.official
Expected: Ã˜Â¬Ã™â€¦Ã™â€¡Ã™Ë†Ã˜Â±Ã›Å’ Ã˜Â¢Ã™â€žÃ˜Â¨Ã˜Â§Ã™â€ Ã›Å’
     got: Ø¬Ù…Ù‡ÙˆØ±ÛŒ Ø¢Ù„Ø¨Ø§Ù†ÛŒ
 ; [cca2=AL].translations.por.common
Expected: AlbÃƒÂ¢nia
     got: AlbÃ¢nia
 ; [cca2=AL].translations.por.official
Expected: RepÃƒÂºblica da AlbÃƒÂ¢nia
     got: RepÃºblica da AlbÃ¢nia
 ; [cca2=AL].translations.rus.common
Expected: Ã�ï¿½Ã�Â»Ã�Â±Ã�Â°Ã�Â½Ã�Â¸Ã‘ï¿½
     got: Ð�Ð»Ð±Ð°Ð½Ð¸Ñ�
 ; [cca2=AL].translations.rus.official
Expected: Ã�Â Ã�ÂµÃ‘ï¿½Ã�Â¿Ã‘Æ’Ã�Â±Ã�Â»Ã�Â¸Ã�ÂºÃ�Â° Ã�ï¿½Ã�Â»Ã�Â±Ã�Â°Ã�Â½Ã�Â¸Ã‘ï¿½
     got: Ð ÐµÑ�Ð¿ÑƒÐ±Ð»Ð¸ÐºÐ° Ð�Ð»Ð±Ð°Ð½Ð¸Ñ�
 ; [cca2=AL].translations.slk.common
Expected: AlbÃƒÂ¡nsko
     got: AlbÃ¡nsko
 ; [cca2=AL].translations.slk.official
Expected: AlbÃƒÂ¡nska republika
     got: AlbÃ¡nska republika
 ; [cca2=AL].translations.spa.official
Expected: RepÃƒÂºblica de Albania
     got: RepÃºblica de Albania
 ; [cca2=AL].translations.srp.common
Expected: Ã�ï¿½Ã�Â»Ã�Â±Ã�Â°Ã�Â½Ã�Â¸Ã‘ËœÃ�Â°
     got: Ð�Ð»Ð±Ð°Ð½Ð¸Ñ˜Ð°
 ; [cca2=AL].translations.srp.official
Expected: Ã�Â Ã�ÂµÃ�Â¿Ã‘Æ’Ã�Â±Ã�Â»Ã�Â¸Ã�ÂºÃ�Â° Ã�ï¿½Ã�Â»Ã�Â±Ã�Â°Ã�Â½Ã�Â¸Ã‘ËœÃ�Â°
     got: Ð ÐµÐ¿ÑƒÐ±Ð»Ð¸ÐºÐ° Ð�Ð»Ð±Ð°Ð½Ð¸Ñ˜Ð°
 ; [cca2=AL].translations.urd.common
Expected: Ã˜Â§Ã™â€žÃ˜Â¨Ã˜Â§Ã™â€ Ã›Å’Ã˜Â§
     got: Ø§Ù„Ø¨Ø§Ù†ÛŒØ§
 ; [cca2=AL].translations.urd.official
Expected: Ã˜Â¬Ã™â€¦Ã›ï¿½Ã™Ë†Ã˜Â±Ã›Å’Ã›ï¿½ Ã˜Â§Ã™â€žÃ˜Â¨Ã˜Â§Ã™â€ Ã›Å’Ã˜Â§
     got: Ø¬Ù…Û�ÙˆØ±ÛŒÛ� Ø§Ù„Ø¨Ø§Ù†ÛŒØ§
 ; [cca2=AL].translations.zho.common
Expected: Ã©ËœÂ¿Ã¥Â°â€�Ã¥Â·Â´Ã¥Â°Â¼Ã¤ÂºÅ¡
     got: é˜¿å°”å·´å°¼äºš
 ; [cca2=AL].translations.zho.official
Expected: Ã©ËœÂ¿Ã¥Â°â€�Ã¥Â·Â´Ã¥Â°Â¼Ã¤ÂºÅ¡Ã¥â€¦Â±Ã¥â€™Å’Ã¥â€ºÂ½
     got: é˜¿å°”å·´å°¼äºšå…±å’Œå›½
 ; [cca2=AM].altSpellings[]
Expected: Ã•â‚¬Ã•Â¡Ã•ÂµÃ•Â¡Ã•Â½Ã•Â¿Ã•Â¡Ã•Â¶Ã•Â« Ã•â‚¬Ã•Â¡Ã•Â¶Ã–â‚¬Ã•Â¡Ã•ÂºÃ•Â¥Ã•Â¿Ã•Â¸Ã–â€šÃ•Â©Ã•ÂµÃ•Â¸Ã–â€šÃ•Â¶
     but none found
 ; [cca2=AM].altSpellings[]
Unexpected: Õ€Õ¡ÕµÕ¡Õ½Õ¿Õ¡Õ¶Õ« Õ€Õ¡Õ¶Ö€Õ¡ÕºÕ¥Õ¿Õ¸Ö‚Õ©ÕµÕ¸Ö‚Õ¶
 ; [cca2=AM].currencies.AMD.symbol
Expected: Ã–ï¿½
     got: Ö�
 ; [cca2=AM].demonyms.fra.f
Expected: ArmÃƒÂ©nienne
     got: ArmÃ©nienne
 ; [cca2=AM].demonyms.fra.m
Expected: ArmÃƒÂ©nien
     got: ArmÃ©nien
 ; [cca2=AM].flag
Expected: Ã°Å¸â€¡Â¦Ã°Å¸â€¡Â²
     got: ðŸ‡¦ðŸ‡²
 ; [cca2=AM].name.nativeName.hye.common
Expected: Ã•â‚¬Ã•Â¡Ã•ÂµÃ•Â¡Ã•Â½Ã•Â¿Ã•Â¡Ã•Â¶
     got: Õ€Õ¡ÕµÕ¡Õ½Õ¿Õ¡Õ¶
 ; [cca2=AM].name.nativeName.hye.official
Expected: Ã•â‚¬Ã•Â¡Ã•ÂµÃ•Â¡Ã•Â½Ã•Â¿Ã•Â¡Ã•Â¶Ã•Â« Ã•â‚¬Ã•Â¡Ã•Â¶Ã–â‚¬Ã•Â¡Ã•ÂºÃ•Â¥Ã•Â¿Ã•Â¸Ã–â€šÃ•Â©Ã•ÂµÃ•Â¸Ã–â€šÃ•Â¶
     got: Õ€Õ¡ÕµÕ¡Õ½Õ¿Õ¡Õ¶Õ« Õ€Õ¡Õ¶Ö€Õ¡ÕºÕ¥Õ¿Õ¸Ö‚Õ©ÕµÕ¸Ö‚Õ¶
 ; [cca2=AM].translations.ara.common
Expected: Ã˜Â£Ã˜Â±Ã™â€¦Ã™Å Ã™â€ Ã™Å Ã˜Â§
     got: Ø£Ø±Ù…ÙŠÙ†ÙŠØ§
 ; [cca2=AM].translations.ara.official
Expected: Ã˜Â¬Ã™â€¦Ã™â€¡Ã™Ë†Ã˜Â±Ã™Å Ã˜Â© Ã˜Â£Ã˜Â±Ã™â€¦Ã™Å Ã™â€ Ã™Å Ã˜Â§
     got: Ø¬Ù…Ù‡ÙˆØ±ÙŠØ© Ø£Ø±Ù…ÙŠÙ†ÙŠØ§
 ; [cca2=AM].translations.ces.common
Expected: ArmÃƒÂ©nie
     got: ArmÃ©nie
 ; [cca2=AM].translations.ces.official
Expected: ArmÃƒÂ©nskÃƒÂ¡ republika
     got: ArmÃ©nskÃ¡ republika
 ; [cca2=AM].translations.fra.common
Expected: ArmÃƒÂ©nie
     got: ArmÃ©nie
 ; [cca2=AM].translations.fra.official
Expected: RÃƒÂ©publique d&apos;ArmÃƒÂ©nie
     got: RÃ©publique d&apos;ArmÃ©nie
 ; [cca2=AM].translations.hun.common
Expected: Ãƒâ€“rmÃƒÂ©nyorszÃƒÂ¡g
     got: Ã–rmÃ©nyorszÃ¡g
 ; [cca2=AM].translations.hun.official
Expected: Ãƒâ€“rmÃƒÂ©nyorszÃƒÂ¡g
     got: Ã–rmÃ©nyorszÃ¡g
 ; [cca2=AM].translations.jpn.common
Expected: Ã£â€šÂ¢Ã£Æ’Â«Ã£Æ’Â¡Ã£Æ’â€¹Ã£â€šÂ¢
     got: ã‚¢ãƒ«ãƒ¡ãƒ‹ã‚¢
 ; [cca2=AM].translations.jpn.official
Expected: Ã£â€šÂ¢Ã£Æ’Â«Ã£Æ’Â¡Ã£Æ’â€¹Ã£â€šÂ¢Ã¥â€¦Â±Ã¥â€™Å’Ã¥â€ºÂ½
     got: ã‚¢ãƒ«ãƒ¡ãƒ‹ã‚¢å…±å’Œå›½
 ; [cca2=AM].translations.kor.common
Expected: Ã¬â€¢â€žÃ«Â¥Â´Ã«Â©â€�Ã«â€¹Ë†Ã¬â€¢â€ž
     got: ì•„ë¥´ë©”ë‹ˆì•„
 ; [cca2=AM].translations.kor.official
Expected: Ã¬â€¢â€žÃ«Â¥Â´Ã«Â©â€�Ã«â€¹Ë†Ã¬â€¢â€ž ÃªÂ³ÂµÃ­â„¢â€�ÃªÂµÂ­
     got: ì•„ë¥´ë©”ë‹ˆì•„ ê³µí™”êµ­
 ; [cca2=AM].translations.nld.common
Expected: ArmeniÃƒÂ«
     got: ArmeniÃ«
 ; [cca2=AM].translations.nld.official
Expected: Republiek ArmeniÃƒÂ«
     got: Republiek ArmeniÃ«
 ; [cca2=AM].translations.per.common
Expected: Ã˜Â§Ã˜Â±Ã™â€¦Ã™â€ Ã˜Â³Ã˜ÂªÃ˜Â§Ã™â€ 
     got: Ø§Ø±Ù…Ù†Ø³ØªØ§Ù†
 ; [cca2=AM].translations.per.official
Expected: Ã˜Â¬Ã™â€¦Ã™â€¡Ã™Ë†Ã˜Â±Ã›Å’ Ã˜Â§Ã˜Â±Ã™â€¦Ã™â€ Ã˜Â³Ã˜ÂªÃ˜Â§Ã™â€ 
     got: Ø¬Ù…Ù‡ÙˆØ±ÛŒ Ø§Ø±Ù…Ù†Ø³ØªØ§Ù†
 ; [cca2=AM].translations.por.common
Expected: ArmÃƒÂ©nia
     got: ArmÃ©nia
 ; [cca2=AM].translations.por.official
Expected: RepÃƒÂºblica da ArmÃƒÂ©nia
     got: RepÃºblica da ArmÃ©nia
 ; [cca2=AM].translations.rus.common
Expected: Ã�ï¿½Ã‘â‚¬Ã�Â¼Ã�ÂµÃ�Â½Ã�Â¸Ã‘ï¿½
     got: Ð�Ñ€Ð¼ÐµÐ½Ð¸Ñ�
 ; [cca2=AM].translations.rus.official
Expected: Ã�Â Ã�ÂµÃ‘ï¿½Ã�Â¿Ã‘Æ’Ã�Â±Ã�Â»Ã�Â¸Ã�ÂºÃ�Â° Ã�ï¿½Ã‘â‚¬Ã�Â¼Ã�ÂµÃ�Â½Ã�Â¸Ã‘ï¿½
     got: Ð ÐµÑ�Ð¿ÑƒÐ±Ð»Ð¸ÐºÐ° Ð�Ñ€Ð¼ÐµÐ½Ð¸Ñ�
 ; [cca2=AM].translations.slk.common
Expected: ArmÃƒÂ©nsko
     got: ArmÃ©nsko
 ; [cca2=AM].translations.slk.official
Expected: ArmÃƒÂ©nska republika
     got: ArmÃ©nska republika
 ; [cca2=AM].translations.spa.official
Expected: RepÃƒÂºblica de Armenia
     got: RepÃºblica de Armenia
 ; [cca2=AM].translations.srp.common
Expected: Ã�Ë†Ã�ÂµÃ‘â‚¬Ã�Â¼Ã�ÂµÃ�Â½Ã�Â¸Ã‘ËœÃ�Â°
     got: ÐˆÐµÑ€Ð¼ÐµÐ½Ð¸Ñ˜Ð°
 ; [cca2=AM].translations.srp.official
Expected: Ã�Â Ã�ÂµÃ�Â¿Ã‘Æ’Ã�Â±Ã�Â»Ã�Â¸Ã�ÂºÃ�Â° Ã�Ë†Ã�ÂµÃ‘â‚¬Ã�Â¼Ã�ÂµÃ�Â½Ã�Â¸Ã‘ËœÃ�Â°
     got: Ð ÐµÐ¿ÑƒÐ±Ð»Ð¸ÐºÐ° ÐˆÐµÑ€Ð¼ÐµÐ½Ð¸Ñ˜Ð°
 ; [cca2=AM].translations.urd.common
Expected: Ã˜Â¢Ã˜Â±Ã™â€¦Ã›Å’Ã™â€ Ã›Å’Ã˜Â§
     got: Ø¢Ø±Ù…ÛŒÙ†ÛŒØ§
 ; [cca2=AM].translations.urd.official
Expected: Ã˜Â¬Ã™â€¦Ã›ï¿½Ã™Ë†Ã˜Â±Ã›Å’Ã›ï¿½ Ã˜Â¢Ã˜Â±Ã™â€¦Ã›Å’Ã™â€ Ã›Å’Ã˜Â§
     got: Ø¬Ù…Û�ÙˆØ±ÛŒÛ� Ø¢Ø±Ù…ÛŒÙ†ÛŒØ§
 ; [cca2=AM].translations.zho.common
Expected: Ã¤ÂºÅ¡Ã§Â¾Å½Ã¥Â°Â¼Ã¤ÂºÅ¡
     got: äºšç¾Žå°¼äºš
 ; [cca2=AM].translations.zho.official
Expected: Ã¤ÂºÅ¡Ã§Â¾Å½Ã¥Â°Â¼Ã¤ÂºÅ¡Ã¥â€¦Â±Ã¥â€™Å’Ã¥â€ºÂ½
     got: äºšç¾Žå°¼äºšå…±å’Œå›½
 ; [cca2=AO].altSpellings[]
Expected: RepÃƒÂºblica de Angola
     but none found
 ; [cca2=AO].altSpellings[]
Expected: ÃŠï¿½Ã‰â€ºpublika de an&apos;Ã‰Â¡Ã‰â€�la
     but none found
 ; [cca2=AO].altSpellings[]
Unexpected: RepÃºblica de Angola
 ; [cca2=AO].altSpellings[]
Unexpected: Ê�É›publika de an&apos;É¡É”la
 ; [cca2=AO].flag
Expected: Ã°Å¸â€¡Â¦Ã°Å¸â€¡Â´
     got: ðŸ‡¦ðŸ‡´
 ; [cca2=AO].name.nativeName.por.official
Expected: RepÃƒÂºblica de Angola
     got: RepÃºblica de Angola
 ; [cca2=AO].translations.ara.common
Expected: Ã˜Â¬Ã™â€¦Ã™â€¡Ã™Ë†Ã˜Â±Ã™Å Ã˜Â© Ã˜Â£Ã™â€ Ã˜ÂºÃ™Ë†Ã™â€žÃ˜Â§
     got: Ø¬Ù…Ù‡ÙˆØ±ÙŠØ© Ø£Ù†ØºÙˆÙ„Ø§
 ; [cca2=AO].translations.ara.official
Expected: Ã˜Â£Ã™â€ Ã˜ÂºÃ™Ë†Ã™â€žÃ˜Â§
     got: Ø£Ù†ØºÙˆÙ„Ø§
 ; [cca2=AO].translations.ces.official
Expected: AngolskÃƒÂ¡ republika
     got: AngolskÃ¡ republika
 ; [cca2=AO].translations.fra.official
Expected: RÃƒÂ©publique d&apos;Angola
     got: RÃ©publique d&apos;Angola
 ; [cca2=AO].translations.jpn.common
Expected: Ã£â€šÂ¢Ã£Æ’Â³Ã£â€šÂ´Ã£Æ’Â©
     got: ã‚¢ãƒ³ã‚´ãƒ©
 ; [cca2=AO].translations.jpn.official
Expected: Ã£â€šÂ¢Ã£Æ’Â³Ã£â€šÂ´Ã£Æ’Â©Ã¥â€¦Â±Ã¥â€™Å’Ã¥â€ºÂ½
     got: ã‚¢ãƒ³ã‚´ãƒ©å…±å’Œå›½
 ; [cca2=AO].translations.kor.common
Expected: Ã¬â€¢â„¢ÃªÂ³Â¨Ã«ï¿½Â¼
     got: ì•™ê³¨ë�¼
 ; [cca2=AO].translations.kor.official
Expected: Ã¬â€¢â„¢ÃªÂ³Â¨Ã«ï¿½Â¼ ÃªÂ³ÂµÃ­â„¢â€�ÃªÂµÂ­
     got: ì•™ê³¨ë�¼ ê³µí™”êµ­
 ; [cca2=AO].translations.per.common
Expected: Ã˜Â¢Ã™â€ ÃšÂ¯Ã™Ë†Ã™â€žÃ˜Â§
     got: Ø¢Ù†Ú¯ÙˆÙ„Ø§
 ; [cca2=AO].translations.per.official
Expected: Ã˜Â¬Ã™â€¦Ã™â€¡Ã™Ë†Ã˜Â±Ã›Å’ Ã˜Â¢Ã™â€ ÃšÂ¯Ã™Ë†Ã™â€žÃ˜Â§
     got: Ø¬Ù…Ù‡ÙˆØ±ÛŒ Ø¢Ù†Ú¯ÙˆÙ„Ø§
 ; [cca2=AO].translations.por.official
Expected: RepÃƒÂºblica de Angola
     got: RepÃºblica de Angola
 ; [cca2=AO].translations.rus.common
Expected: Ã�ï¿½Ã�Â½Ã�Â³Ã�Â¾Ã�Â»Ã�Â°
     got: Ð�Ð½Ð³Ð¾Ð»Ð°
 ; [cca2=AO].translations.rus.official
Expected: Ã�Â Ã�ÂµÃ‘ï¿½Ã�Â¿Ã‘Æ’Ã�Â±Ã�Â»Ã�Â¸Ã�ÂºÃ�Â° Ã�ï¿½Ã�Â½Ã�Â³Ã�Â¾Ã�Â»Ã�Â°
     got: Ð ÐµÑ�Ð¿ÑƒÐ±Ð»Ð¸ÐºÐ° Ð�Ð½Ð³Ð¾Ð»Ð°
 ; [cca2=AO].translations.slk.official
Expected: AngolskÃƒÂ¡ republika
     got: AngolskÃ¡ republika
 ; [cca2=AO].translations.spa.official
Expected: RepÃƒÂºblica de Angola
     got: RepÃºblica de Angola
 ; [cca2=AO].translations.srp.common
Expected: Ã�ï¿½Ã�Â½Ã�Â³Ã�Â¾Ã�Â»Ã�Â°
     got: Ð�Ð½Ð³Ð¾Ð»Ð°
 ; [cca2=AO].translations.srp.official
Expected: Ã�Â Ã�ÂµÃ�Â¿Ã‘Æ’Ã�Â±Ã�Â»Ã�Â¸Ã�ÂºÃ�Â° Ã�ï¿½Ã�Â½Ã�Â³Ã�Â¾Ã�Â»Ã�Â°
     got: Ð ÐµÐ¿ÑƒÐ±Ð»Ð¸ÐºÐ° Ð�Ð½Ð³Ð¾Ð»Ð°
 ; [cca2=AO].translations.urd.common
Expected: Ã˜Â§Ã™â€ ÃšÂ¯Ã™Ë†Ã™â€žÃ›ï¿½
     got: Ø§Ù†Ú¯ÙˆÙ„Û�
 ; [cca2=AO].translations.urd.official
Expected: Ã˜Â¬Ã™â€¦Ã›ï¿½Ã™Ë†Ã˜Â±Ã›Å’Ã›ï¿½ Ã˜Â§Ã™â€ ÃšÂ¯Ã™Ë†Ã™â€žÃ›ï¿½
     got: Ø¬Ù…Û�ÙˆØ±ÛŒÛ� Ø§Ù†Ú¯ÙˆÙ„Û�
 ; [cca2=AO].translations.zho.common
Expected: Ã¥Â®â€°Ã¥â€œÂ¥Ã¦â€¹â€°
     got: å®‰å“¥æ‹‰
 ; [cca2=AO].translations.zho.official
Expected: Ã¥Â®â€°Ã¥â€œÂ¥Ã¦â€¹â€°Ã¥â€¦Â±Ã¥â€™Å’Ã¥â€ºÂ½
     got: å®‰å“¥æ‹‰å…±å’Œå›½
 ; [cca2=AQ].flag
Expected: Ã°Å¸â€¡Â¦Ã°Å¸â€¡Â¶
     got: ðŸ‡¦ðŸ‡¶
 ; [cca2=AQ].translations.ara.common
Expected: Ã˜Â£Ã™â€ Ã˜ÂªÃ˜Â§Ã˜Â±Ã˜ÂªÃ™Å Ã™Æ’Ã˜Â§
     got: Ø£Ù†ØªØ§Ø±ØªÙŠÙƒØ§
 ; [cca2=AQ].translations.ara.official
Expected: Ã˜Â£Ã™â€ Ã˜ÂªÃ˜Â§Ã˜Â±Ã˜ÂªÃ™Å Ã™Æ’Ã˜Â§
     got: Ø£Ù†ØªØ§Ø±ØªÙŠÙƒØ§
 ; [cca2=AQ].translations.fin.common
Expected: EtelÃƒÂ¤manner
     got: EtelÃ¤manner
 ; [cca2=AQ].translations.fin.official
Expected: EtelÃƒÂ¤manner
     got: EtelÃ¤manner
 ; [cca2=AQ].translations.jpn.common
Expected: Ã¥ï¿½â€”Ã¦Â¥Âµ
     got: å�—æ¥µ
 ; [cca2=AQ].translations.jpn.official
Expected: Ã¥ï¿½â€”Ã¦Â¥ÂµÃ¥Â¤Â§Ã©â„¢Â¸
     got: å�—æ¥µå¤§é™¸
 ; [cca2=AQ].translations.kor.common
Expected: Ã«â€šÂ¨ÃªÂ·Â¹
     got: ë‚¨ê·¹
 ; [cca2=AQ].translations.kor.official
Expected: Ã«â€šÂ¨ÃªÂ·Â¹
     got: ë‚¨ê·¹
 ; [cca2=AQ].translations.per.common
Expected: Ã˜Â¬Ã™â€ Ã™Ë†Ã˜Â¨ÃšÂ¯Ã˜Â§Ã™â€ 
     got: Ø¬Ù†ÙˆØ¨Ú¯Ø§Ù†
 ; [cca2=AQ].translations.per.official
Expected: Ã˜Â¬Ã™â€ Ã™Ë†Ã˜Â¨ÃšÂ¯Ã˜Â§Ã™â€ 
     got: Ø¬Ù†ÙˆØ¨Ú¯Ø§Ù†
 ; [cca2=AQ].translations.por.common
Expected: AntÃƒÂ¡rtida
     got: AntÃ¡rtida
 ; [cca2=AQ].translations.por.official
Expected: AntÃƒÂ¡rtica
     got: AntÃ¡rtica
 ; [cca2=AQ].translations.rus.common
Expected: Ã�ï¿½Ã�Â½Ã‘â€šÃ�Â°Ã‘â‚¬Ã�ÂºÃ‘â€šÃ�Â¸Ã�Â´Ã�Â°
     got: Ð�Ð½Ñ‚Ð°Ñ€ÐºÑ‚Ð¸Ð´Ð°
 ; [cca2=AQ].translations.rus.official
Expected: Ã�ï¿½Ã�Â½Ã‘â€šÃ�Â°Ã‘â‚¬Ã�ÂºÃ‘â€šÃ�Â¸Ã�Â´Ã�Â°
     got: Ð�Ð½Ñ‚Ð°Ñ€ÐºÑ‚Ð¸Ð´Ð°
 ; [cca2=AQ].translations.slk.common
Expected: AntarktÃƒÂ­da
     got: AntarktÃ­da
 ; [cca2=AQ].translations.slk.official
Expected: AntarktÃƒÂ­da
     got: AntarktÃ­da
 ; [cca2=AQ].translations.spa.common
Expected: AntÃƒÂ¡rtida
     got: AntÃ¡rtida
 ; [cca2=AQ].translations.spa.official
Expected: AntÃƒÂ¡rtida
     got: AntÃ¡rtida
 ; [cca2=AQ].translations.srp.common
Expected: Ã�ï¿½Ã�Â½Ã‘â€šÃ�Â°Ã‘â‚¬Ã�ÂºÃ‘â€šÃ�Â¸Ã�Âº
     got: Ð�Ð½Ñ‚Ð°Ñ€ÐºÑ‚Ð¸Ðº
 ; [cca2=AQ].translations.srp.official
Expected: Ã�ï¿½Ã�Â½Ã‘â€šÃ�Â°Ã‘â‚¬Ã�ÂºÃ‘â€šÃ�Â¸Ã�Âº
     got: Ð�Ð½Ñ‚Ð°Ñ€ÐºÑ‚Ð¸Ðº
 ; [cca2=AQ].translations.urd.common
Expected: Ã˜Â§Ã™â€ Ã™Â¹Ã˜Â§Ã˜Â±ÃšÂ©Ã™Â¹ÃšÂ©Ã˜Â§
     got: Ø§Ù†Ù¹Ø§Ø±Ú©Ù¹Ú©Ø§
 ; [cca2=AQ].translations.urd.official
Expected: Ã˜Â§Ã™â€ Ã™Â¹Ã˜Â§Ã˜Â±ÃšÂ©Ã™Â¹ÃšÂ©Ã˜Â§
     got: Ø§Ù†Ù¹Ø§Ø±Ú©Ù¹Ú©Ø§
 ; [cca2=AQ].translations.zho.common
Expected: Ã¥ï¿½â€”Ã¦Å¾ï¿½Ã¦Â´Â²
     got: å�—æž�æ´²
 ; [cca2=AQ].translations.zho.official
Expected: Ã¥ï¿½â€”Ã¦Å¾ï¿½Ã¦Â´Â²
     got: å�—æž�æ´²
 ; [cca2=AR].altSpellings[]
Expected: RepÃƒÂºblica Argentina
     but none found
 ; [cca2=AR].altSpellings[]
Unexpected: RepÃºblica Argentina
 ; [cca2=AR].flag
Expected: Ã°Å¸â€¡Â¦Ã°Å¸â€¡Â·
     got: ðŸ‡¦ðŸ‡·
 ; [cca2=AR].languages.grn
Expected: GuaranÃƒÂ­
     got: GuaranÃ­
 ; [cca2=AR].name.nativeName.spa.official
Expected: RepÃƒÂºblica Argentina
     got: RepÃºblica Argentina
 ; [cca2=AR].translations.ara.common
Expected: Ã˜Â§Ã™â€žÃ˜Â£Ã˜Â±Ã˜Â¬Ã™â€ Ã˜ÂªÃ™Å Ã™â€ 
     got: Ø§Ù„Ø£Ø±Ø¬Ù†ØªÙŠÙ†
 ; [cca2=AR].translations.ara.official
Expected: Ã˜Â¬Ã™â€¦Ã™â€¡Ã™Ë†Ã˜Â±Ã™Å Ã˜Â© Ã˜Â§Ã™â€žÃ˜Â£Ã˜Â±Ã˜Â¬Ã™â€ Ã˜ÂªÃ™Å Ã™â€ 
     got: Ø¬Ù…Ù‡ÙˆØ±ÙŠØ© Ø§Ù„Ø£Ø±Ø¬Ù†ØªÙŠÙ†
 ; [cca2=AR].translations.ces.official
Expected: ArgentinskÃƒÂ¡ republika
     got: ArgentinskÃ¡ republika
 ; [cca2=AR].translations.fra.official
Expected: RÃƒÂ©publique argentine
     got: RÃ©publique argentine
 ; [cca2=AR].translations.hun.common
Expected: ArgentÃƒÂ­na
     got: ArgentÃ­na
 ; [cca2=AR].translations.hun.official
Expected: Argentin KÃƒÂ¶ztÃƒÂ¡rsasÃƒÂ¡g
     got: Argentin KÃ¶ztÃ¡rsasÃ¡g
 ; [cca2=AR].translations.jpn.common
Expected: Ã£â€šÂ¢Ã£Æ’Â«Ã£â€šÂ¼Ã£Æ’Â³Ã£Æ’ï¿½Ã£Æ’Â³
     got: ã‚¢ãƒ«ã‚¼ãƒ³ãƒ�ãƒ³
 ; [cca2=AR].translations.jpn.official
Expected: Ã£â€šÂ¢Ã£Æ’Â«Ã£â€šÂ¼Ã£Æ’Â³Ã£Æ’ï¿½Ã£Æ’Â³Ã¥â€¦Â±Ã¥â€™Å’Ã¥â€ºÂ½
     got: ã‚¢ãƒ«ã‚¼ãƒ³ãƒ�ãƒ³å…±å’Œå›½
 ; [cca2=AR].translations.kor.common
Expected: Ã¬â€¢â€žÃ«Â¥Â´Ã­â€”Â¨Ã­â€¹Â°Ã«â€šËœ
     got: ì•„ë¥´í—¨í‹°ë‚˜
 ; [cca2=AR].translations.kor.official
Expected: Ã¬â€¢â€žÃ«Â¥Â´Ã­â€”Â¨Ã­â€¹Â°Ã«â€šËœ ÃªÂ³ÂµÃ­â„¢â€�ÃªÂµÂ­
     got: ì•„ë¥´í—¨í‹°ë‚˜ ê³µí™”êµ­
 ; [cca2=AR].translations.nld.common
Expected: ArgentiniÃƒÂ«
     got: ArgentiniÃ«
 ; [cca2=AR].translations.per.common
Expected: Ã˜Â¢Ã˜Â±ÃšËœÃ˜Â§Ã™â€ Ã˜ÂªÃ›Å’Ã™â€ 
     got: Ø¢Ø±Ú˜Ø§Ù†ØªÛŒÙ†
 ; [cca2=AR].translations.per.official
Expected: Ã˜Â¬Ã™â€¦Ã™â€¡Ã™Ë†Ã˜Â±Ã›Å’ Ã˜Â¢Ã˜Â±ÃšËœÃ˜Â§Ã™â€ Ã˜ÂªÃ›Å’Ã™â€ 
     got: Ø¬Ù…Ù‡ÙˆØ±ÛŒ Ø¢Ø±Ú˜Ø§Ù†ØªÛŒÙ†
 ; [cca2=AR].translations.pol.official
Expected: Republika ArgentyÃ…â€žska
     got: Republika ArgentyÅ„ska
 ; [cca2=AR].translations.por.official
Expected: RepÃƒÂºblica Argentina
     got: RepÃºblica Argentina
 ; [cca2=AR].translations.rus.common
Expected: Ã�ï¿½Ã‘â‚¬Ã�Â³Ã�ÂµÃ�Â½Ã‘â€šÃ�Â¸Ã�Â½Ã�Â°
     got: Ð�Ñ€Ð³ÐµÐ½Ñ‚Ð¸Ð½Ð°
 ; [cca2=AR].translations.rus.official
Expected: Ã�ï¿½Ã‘â‚¬Ã�Â³Ã�ÂµÃ�Â½Ã‘â€šÃ�Â¸Ã�Â½Ã‘ï¿½Ã�ÂºÃ�Â°Ã‘ï¿½ Ã�Â Ã�ÂµÃ‘ï¿½Ã�Â¿Ã‘Æ’Ã�Â±Ã�Â»Ã�Â¸Ã�ÂºÃ�Â°
     got: Ð�Ñ€Ð³ÐµÐ½Ñ‚Ð¸Ð½Ñ�ÐºÐ°Ñ� Ð ÐµÑ�Ð¿ÑƒÐ±Ð»Ð¸ÐºÐ°
 ; [cca2=AR].translations.slk.common
Expected: ArgentÃƒÂ­na
     got: ArgentÃ­na
 ; [cca2=AR].translations.slk.official
Expected: ArgentÃƒÂ­nska republika
     got: ArgentÃ­nska republika
 ; [cca2=AR].translations.spa.official
Expected: RepÃƒÂºblica Argentina
     got: RepÃºblica Argentina
 ; [cca2=AR].translations.srp.common
Expected: Ã�ï¿½Ã‘â‚¬Ã�Â³Ã�ÂµÃ�Â½Ã‘â€šÃ�Â¸Ã�Â½Ã�Â°
     got: Ð�Ñ€Ð³ÐµÐ½Ñ‚Ð¸Ð½Ð°
 ; [cca2=AR].translations.srp.official
Expected: Ã�ï¿½Ã‘â‚¬Ã�Â³Ã�ÂµÃ�Â½Ã‘â€šÃ�Â¸Ã�Â½Ã‘ï¿½Ã�ÂºÃ�Â° Ã�Â Ã�ÂµÃ�Â¿Ã‘Æ’Ã�Â±Ã�Â»Ã�Â¸Ã�ÂºÃ�Â°
     got: Ð�Ñ€Ð³ÐµÐ½Ñ‚Ð¸Ð½Ñ�ÐºÐ° Ð ÐµÐ¿ÑƒÐ±Ð»Ð¸ÐºÐ°
 ; [cca2=AR].translations.urd.common
Expected: Ã˜Â§Ã˜Â±Ã˜Â¬Ã™â€ Ã™Â¹Ã˜Â§Ã˜Â¦Ã™â€ 
     got: Ø§Ø±Ø¬Ù†Ù¹Ø§Ø¦Ù†
 ; [cca2=AR].translations.urd.official
Expected: Ã˜Â¬Ã™â€¦Ã›ï¿½Ã™Ë†Ã˜Â±Ã›Å’Ã›ï¿½ Ã˜Â§Ã˜Â±Ã˜Â¬Ã™â€ Ã™Â¹Ã˜Â§Ã˜Â¦Ã™â€ 
     got: Ø¬Ù…Û�ÙˆØ±ÛŒÛ� Ø§Ø±Ø¬Ù†Ù¹Ø§Ø¦Ù†
 ; [cca2=AR].translations.zho.common
Expected: Ã©ËœÂ¿Ã¦Â Â¹Ã¥Â»Â·
     got: é˜¿æ ¹å»·
 ; [cca2=AR].translations.zho.official
Expected: Ã©ËœÂ¿Ã¦Â Â¹Ã¥Â»Â·Ã¥â€¦Â±Ã¥â€™Å’Ã¥â€ºÂ½
     got: é˜¿æ ¹å»·å…±å’Œå›½
 ; [cca2=AS].altSpellings[]
Expected: SÃ„ï¿½moa Amelika
     but none found
 ; [cca2=AS].altSpellings[]
Expected: Amerika SÃ„ï¿½moa
     but none found
 ; [cca2=AS].altSpellings[]
Expected: Amelika SÃ„ï¿½moa
     but none found
 ; [cca2=AS].altSpellings[]
Unexpected: Amelika SÄ�moa
 ; [cca2=AS].altSpellings[]
Unexpected: Amerika SÄ�moa
 ; [cca2=AS].altSpellings[]
Unexpected: SÄ�moa Amelika
 ; [cca2=AS].flag
Expected: Ã°Å¸â€¡Â¦Ã°Å¸â€¡Â¸
     got: ðŸ‡¦ðŸ‡¸
 ; [cca2=AS].name.nativeName.smo.common
Expected: SÃ„ï¿½moa Amelika
     got: SÄ�moa Amelika
 ; [cca2=AS].name.nativeName.smo.official
Expected: SÃ„ï¿½moa Amelika
     got: SÄ�moa Amelika
 ; [cca2=AS].translations.ara.common
Expected: Ã˜Â³Ã˜Â§Ã™â€¦Ã™Ë†Ã˜Â§ Ã˜Â§Ã™â€žÃ˜Â£Ã™â€¦Ã˜Â±Ã™Å Ã™Æ’Ã™Å Ã˜Â©
     got: Ø³Ø§Ù…ÙˆØ§ Ø§Ù„Ø£Ù…Ø±ÙŠÙƒÙŠØ©
 ; [cca2=AS].translations.ara.official
Expected: Ã˜Â³Ã˜Â§Ã™â€¦Ã™Ë†Ã˜Â§ Ã˜Â§Ã™â€žÃ˜Â£Ã™â€¦Ã˜Â±Ã™Å Ã™Æ’Ã™Å Ã˜Â©
     got: Ø³Ø§Ù…ÙˆØ§ Ø§Ù„Ø£Ù…Ø±ÙŠÙƒÙŠØ©
 ; [cca2=AS].translations.ces.common
Expected: AmerickÃƒÂ¡ Samoa
     got: AmerickÃ¡ Samoa
 ; [cca2=AS].translations.ces.official
Expected: AmerickÃƒÂ¡ Samoa
     got: AmerickÃ¡ Samoa
 ; [cca2=AS].translations.fra.common
Expected: Samoa amÃƒÂ©ricaines
     got: Samoa amÃ©ricaines
 ; [cca2=AS].translations.fra.official
Expected: Samoa amÃƒÂ©ricaines
     got: Samoa amÃ©ricaines
 ; [cca2=AS].translations.hrv.common
Expected: AmeriÃ„ï¿½ka Samoa
     got: AmeriÄ�ka Samoa
 ; [cca2=AS].translations.hrv.official
Expected: ameriÃ„ï¿½ka Samoa
     got: ameriÄ�ka Samoa
 ; [cca2=AS].translations.jpn.common
Expected: Ã£â€šÂ¢Ã£Æ’Â¡Ã£Æ’ÂªÃ£â€šÂ«Ã©Â ËœÃ£â€šÂµÃ£Æ’Â¢Ã£â€šÂ¢
     got: ã‚¢ãƒ¡ãƒªã‚«é ˜ã‚µãƒ¢ã‚¢
 ; [cca2=AS].translations.jpn.official
Expected: Ã§Â±Â³Ã£â€šÂµÃ£Æ’Â¢Ã£â€šÂ¢
     got: ç±³ã‚µãƒ¢ã‚¢
 ; [cca2=AS].translations.kor.common
Expected: Ã¬â€¢â€žÃ«Â©â€�Ã«Â¦Â¬Ã¬Â¹Â¸Ã¬â€šÂ¬Ã«ÂªÂ¨Ã¬â€¢â€ž
     got: ì•„ë©”ë¦¬ì¹¸ì‚¬ëª¨ì•„
 ; [cca2=AS].translations.kor.official
Expected: Ã¬â€¢â€žÃ«Â©â€�Ã«Â¦Â¬Ã¬Â¹Â¸Ã¬â€šÂ¬Ã«ÂªÂ¨Ã¬â€¢â€ž
     got: ì•„ë©”ë¦¬ì¹¸ì‚¬ëª¨ì•„
 ; [cca2=AS].translations.per.common
Expected: Ã˜Â³Ã˜Â§Ã™â€¦Ã™Ë†Ã˜Â¢Ã›Å’ Ã˜Â¢Ã™â€¦Ã˜Â±Ã›Å’ÃšÂ©Ã˜Â§
     got: Ø³Ø§Ù…ÙˆØ¢ÛŒ Ø¢Ù…Ø±ÛŒÚ©Ø§
 ; [cca2=AS].translations.per.official
Expected: Ã˜Â³Ã˜Â§Ã™â€¦Ã™Ë†Ã˜Â¢Ã›Å’ Ã˜Â¢Ã™â€¦Ã˜Â±Ã›Å’ÃšÂ©Ã˜Â§
     got: Ø³Ø§Ù…ÙˆØ¢ÛŒ Ø¢Ù…Ø±ÛŒÚ©Ø§
 ; [cca2=AS].translations.pol.common
Expected: Samoa AmerykaÃ…â€žskie
     got: Samoa AmerykaÅ„skie
 ; [cca2=AS].translations.pol.official
Expected: Samoa AmerykaÃ…â€žskie
     got: Samoa AmerykaÅ„skie
 ; [cca2=AS].translations.rus.common
Expected: Ã�ï¿½Ã�Â¼Ã�ÂµÃ‘â‚¬Ã�Â¸Ã�ÂºÃ�Â°Ã�Â½Ã‘ï¿½Ã�ÂºÃ�Â¾Ã�Âµ Ã�Â¡Ã�Â°Ã�Â¼Ã�Â¾Ã�Â°
     got: Ð�Ð¼ÐµÑ€Ð¸ÐºÐ°Ð½Ñ�ÐºÐ¾Ðµ Ð¡Ð°Ð¼Ð¾Ð°
 ; [cca2=AS].translations.rus.official
Expected: Ã�Â°Ã�Â¼Ã�ÂµÃ‘â‚¬Ã�Â¸Ã�ÂºÃ�Â°Ã�Â½Ã‘ï¿½Ã�ÂºÃ�Â¾Ã�Âµ Ã�Â¡Ã�Â°Ã�Â¼Ã�Â¾Ã�Â°
     got: Ð°Ð¼ÐµÑ€Ð¸ÐºÐ°Ð½Ñ�ÐºÐ¾Ðµ Ð¡Ð°Ð¼Ð¾Ð°
 ; [cca2=AS].translations.slk.common
Expected: AmerickÃƒÂ¡ Samoa
     got: AmerickÃ¡ Samoa
 ; [cca2=AS].translations.slk.official
Expected: AmerickÃƒÂ¡ Samoa
     got: AmerickÃ¡ Samoa
 ; [cca2=AS].translations.srp.common
Expected: Ã�ï¿½Ã�Â¼Ã�ÂµÃ‘â‚¬Ã�Â¸Ã‘â€¡Ã�ÂºÃ�Â° Ã�Â¡Ã�Â°Ã�Â¼Ã�Â¾Ã�Â°
     got: Ð�Ð¼ÐµÑ€Ð¸Ñ‡ÐºÐ° Ð¡Ð°Ð¼Ð¾Ð°
 ; [cca2=AS].translations.srp.official
Expected: Ã�ï¿½Ã�Â¼Ã�ÂµÃ‘â‚¬Ã�Â¸Ã‘â€¡Ã�ÂºÃ�Â° Ã�Â¡Ã�Â°Ã�Â¼Ã�Â¾Ã�Â°
     got: Ð�Ð¼ÐµÑ€Ð¸Ñ‡ÐºÐ° Ð¡Ð°Ð¼Ð¾Ð°
 ; [cca2=AS].translations.tur.common
Expected: Amerikan SamoasÃ„Â±
     got: Amerikan SamoasÄ±
 ; [cca2=AS].translations.tur.official
Expected: Amerikan SamoasÃ„Â±
     got: Amerikan SamoasÄ±
 ; [cca2=AS].translations.urd.common
Expected: Ã˜Â§Ã™â€¦Ã˜Â±Ã›Å’ÃšÂ©Ã›Å’ Ã˜Â³Ã™â€¦Ã™Ë†Ã™Ë†Ã˜Â§
     got: Ø§Ù…Ø±ÛŒÚ©ÛŒ Ø³Ù…ÙˆÙˆØ§
 ; [cca2=AS].translations.urd.official
Expected: Ã˜Â§Ã™â€¦Ã˜Â±Ã›Å’ÃšÂ©Ã›Å’ Ã˜Â³Ã™â€¦Ã™Ë†Ã™Ë†Ã˜Â§
     got: Ø§Ù…Ø±ÛŒÚ©ÛŒ Ø³Ù…ÙˆÙˆØ§
 ; [cca2=AS].translations.zho.common
Expected: Ã§Â¾Å½Ã¥Â±Å¾Ã¨ï¿½Â¨Ã¦â€˜Â©Ã¤ÂºÅ¡
     got: ç¾Žå±žè�¨æ‘©äºš
 ; [cca2=AS].translations.zho.official
Expected: Ã§Â¾Å½Ã¥Â±Å¾Ã¨ï¿½Â¨Ã¦â€˜Â©Ã¤ÂºÅ¡
     got: ç¾Žå±žè�¨æ‘©äºš
 ; [cca2=AT].currencies.EUR.symbol
Expected: Ã¢â€šÂ¬
     got: â‚¬
 ; [cca2=AT].flag
Expected: Ã°Å¸â€¡Â¦Ã°Å¸â€¡Â¹
     got: ðŸ‡¦ðŸ‡¹
 ; [cca2=AT].name.nativeName.bar.common
Expected: Ãƒâ€“sterreich
     got: Ã–sterreich
 ; [cca2=AT].name.nativeName.bar.official
Expected: Republik Ãƒâ€“sterreich
     got: Republik Ã–sterreich
 ; [cca2=AT].translations.ara.common
Expected: Ã˜Â§Ã™â€žÃ™â€ Ã™â€¦Ã˜Â³Ã˜Â§
     got: Ø§Ù„Ù†Ù…Ø³Ø§
 ; [cca2=AT].translations.ara.official
Expected: Ã˜Â¬Ã™â€¦Ã™â€¡Ã™Ë†Ã˜Â±Ã™Å Ã˜Â© Ã˜Â§Ã™â€žÃ™â€ Ã™â€¦Ã˜Â³Ã˜Â§
     got: Ø¬Ù…Ù‡ÙˆØ±ÙŠØ© Ø§Ù„Ù†Ù…Ø³Ø§
 ; [cca2=AT].translations.ces.official
Expected: RakouskÃƒÂ¡ republika
     got: RakouskÃ¡ republika
 ; [cca2=AT].translations.deu.common
Expected: Ãƒâ€“sterreich
     got: Ã–sterreich
 ; [cca2=AT].translations.deu.official
Expected: Republik Ãƒâ€“sterreich
     got: Republik Ã–sterreich
 ; [cca2=AT].translations.fin.common
Expected: ItÃƒÂ¤valta
     got: ItÃ¤valta
 ; [cca2=AT].translations.fin.official
Expected: ItÃƒÂ¤vallan tasavalta
     got: ItÃ¤vallan tasavalta
 ; [cca2=AT].translations.fra.official
Expected: RÃƒÂ©publique d&apos;Autriche
     got: RÃ©publique d&apos;Autriche
 ; [cca2=AT].translations.jpn.common
Expected: Ã£â€šÂªÃ£Æ’Â¼Ã£â€šÂ¹Ã£Æ’Ë†Ã£Æ’ÂªÃ£â€šÂ¢
     got: ã‚ªãƒ¼ã‚¹ãƒˆãƒªã‚¢
 ; [cca2=AT].translations.jpn.official
Expected: Ã£â€šÂªÃ£Æ’Â¼Ã£â€šÂ¹Ã£Æ’Ë†Ã£Æ’ÂªÃ£â€šÂ¢Ã¥â€¦Â±Ã¥â€™Å’Ã¥â€ºÂ½
     got: ã‚ªãƒ¼ã‚¹ãƒˆãƒªã‚¢å…±å’Œå›½
 ; [cca2=AT].translations.kor.common
Expected: Ã¬ËœÂ¤Ã¬Å Â¤Ã­Å Â¸Ã«Â¦Â¬Ã¬â€¢â€ž
     got: ì˜¤ìŠ¤íŠ¸ë¦¬ì•„
 ; [cca2=AT].translations.kor.official
Expected: Ã¬ËœÂ¤Ã¬Å Â¤Ã­Å Â¸Ã«Â¦Â¬Ã¬â€¢â€ž ÃªÂ³ÂµÃ­â„¢â€�ÃªÂµÂ­
     got: ì˜¤ìŠ¤íŠ¸ë¦¬ì•„ ê³µí™”êµ­
 ; [cca2=AT].translations.per.common
Expected: Ã˜Â§Ã˜ÂªÃ˜Â±Ã›Å’Ã˜Â´
     got: Ø§ØªØ±ÛŒØ´
 ; [cca2=AT].translations.per.official
Expected: Ã˜Â¬Ã™â€¦Ã™â€¡Ã™Ë†Ã˜Â±Ã›Å’ Ã˜Â§Ã˜ÂªÃ˜Â±Ã›Å’Ã˜Â´
     got: Ø¬Ù…Ù‡ÙˆØ±ÛŒ Ø§ØªØ±ÛŒØ´
 ; [cca2=AT].translations.por.common
Expected: Ãƒï¿½ustria
     got: Ã�ustria
 ; [cca2=AT].translations.por.official
Expected: RepÃƒÂºblica da Ãƒï¿½ustria
     got: RepÃºblica da Ã�ustria
 ; [cca2=AT].translations.rus.common
Expected: Ã�ï¿½Ã�Â²Ã‘ï¿½Ã‘â€šÃ‘â‚¬Ã�Â¸Ã‘ï¿½
     got: Ð�Ð²Ñ�Ñ‚Ñ€Ð¸Ñ�
 ; [cca2=AT].translations.rus.official
Expected: Ã�ï¿½Ã�Â²Ã‘ï¿½Ã‘â€šÃ‘â‚¬Ã�Â¸Ã�Â¹Ã‘ï¿½Ã�ÂºÃ�Â°Ã‘ï¿½ Ã�Â Ã�ÂµÃ‘ï¿½Ã�Â¿Ã‘Æ’Ã�Â±Ã�Â»Ã�Â¸Ã�ÂºÃ�Â°
     got: Ð�Ð²Ñ�Ñ‚Ñ€Ð¸Ð¹Ñ�ÐºÐ°Ñ� Ð ÐµÑ�Ð¿ÑƒÐ±Ð»Ð¸ÐºÐ°
 ; [cca2=AT].translations.slk.common
Expected: RakÃƒÂºsko
     got: RakÃºsko
 ; [cca2=AT].translations.slk.official
Expected: RakÃƒÂºska republika
     got: RakÃºska republika
 ; [cca2=AT].translations.spa.official
Expected: RepÃƒÂºblica de Austria
     got: RepÃºblica de Austria
 ; [cca2=AT].translations.srp.common
Expected: Ã�ï¿½Ã‘Æ’Ã‘ï¿½Ã‘â€šÃ‘â‚¬Ã�Â¸Ã‘ËœÃ�Â°
     got: Ð�ÑƒÑ�Ñ‚Ñ€Ð¸Ñ˜Ð°
 ; [cca2=AT].translations.srp.official
Expected: Ã�Â Ã�ÂµÃ�Â¿Ã‘Æ’Ã�Â±Ã�Â»Ã�Â¸Ã�ÂºÃ�Â° Ã�ï¿½Ã‘Æ’Ã‘ï¿½Ã‘â€šÃ‘â‚¬Ã�Â¸Ã‘ËœÃ�Â°
     got: Ð ÐµÐ¿ÑƒÐ±Ð»Ð¸ÐºÐ° Ð�ÑƒÑ�Ñ‚Ñ€Ð¸Ñ˜Ð°
 ; [cca2=AT].translations.swe.common
Expected: Ãƒâ€“sterrike
     got: Ã–sterrike
 ; [cca2=AT].translations.swe.official
Expected: Republiken Ãƒâ€“sterrike
     got: Republiken Ã–sterrike
 ; [cca2=AT].translations.urd.common
Expected: Ã˜Â¢Ã˜Â³Ã™Â¹Ã˜Â±Ã›Å’Ã˜Â§
     got: Ø¢Ø³Ù¹Ø±ÛŒØ§
 ; [cca2=AT].translations.urd.official
Expected: Ã˜Â¬Ã™â€¦Ã›ï¿½Ã™Ë†Ã˜Â±Ã›Å’Ã›ï¿½ Ã˜Â¢Ã˜Â³Ã™Â¹Ã˜Â±Ã›Å’Ã˜Â§
     got: Ø¬Ù…Û�ÙˆØ±ÛŒÛ� Ø¢Ø³Ù¹Ø±ÛŒØ§
 ; [cca2=AT].translations.zho.common
Expected: Ã¥Â¥Â¥Ã¥Å“Â°Ã¥Ë†Â©
     got: å¥¥åœ°åˆ©
 ; [cca2=AT].translations.zho.official
Expected: Ã¥Â¥Â¥Ã¥Å“Â°Ã¥Ë†Â©Ã¥â€¦Â±Ã¥â€™Å’Ã¥â€ºÂ½
     got: å¥¥åœ°åˆ©å…±å’Œå›½
 ; [cca2=RE].currencies.EUR.symbol
Expected: Ã¢â€šÂ¬
     got: â‚¬
 ; [cca2=RE].demonyms.eng.f
Expected: RÃƒÂ©unionese
     got: RÃ©unionese
 ; [cca2=RE].demonyms.eng.m
Expected: RÃƒÂ©unionese
     got: RÃ©unionese
 ; [cca2=RE].demonyms.fra.f
Expected: RÃƒÂ©unionnaise
     got: RÃ©unionnaise
 ; [cca2=RE].demonyms.fra.m
Expected: RÃƒÂ©unionnais
     got: RÃ©unionnais
 ; [cca2=RE].flag
Expected: Ã°Å¸â€¡Â·Ã°Å¸â€¡Âª
     got: ðŸ‡·ðŸ‡ª
 ; [cca2=RE].name.common
Expected: RÃƒÂ©union
     got: RÃ©union
 ; [cca2=RE].name.nativeName.fra.common
Expected: La RÃƒÂ©union
     got: La RÃ©union
 ; [cca2=RE].name.nativeName.fra.official
Expected: Ile de la RÃƒÂ©union
     got: Ile de la RÃ©union
 ; [cca2=RE].name.official
Expected: RÃƒÂ©union Island
     got: RÃ©union Island
 ; [cca2=RE].translations.ara.common
Expected: Ã™â€žÃ˜Â§ Ã˜Â±Ã™Å Ã™Ë†Ã™â€ Ã™Å Ã™Ë†Ã™â€ 
     got: Ù„Ø§ Ø±ÙŠÙˆÙ†ÙŠÙˆÙ†
 ; [cca2=RE].translations.ara.official
Expected: Ã˜Â¬Ã˜Â²Ã™Å Ã˜Â±Ã˜Â© Ã™â€žÃ˜Â§ Ã˜Â±Ã™Å Ã™Ë†Ã™â€ Ã™Å Ã™Ë†Ã™â€ 
     got: Ø¬Ø²ÙŠØ±Ø© Ù„Ø§ Ø±ÙŠÙˆÙ†ÙŠÙˆÙ†
 ; [cca2=RE].translations.bre.common
Expected: ReÃƒÂ¼nion
     got: ReÃ¼nion
 ; [cca2=RE].translations.bre.official
Expected: Enez ar ReÃƒÂ¼nion
     got: Enez ar ReÃ¼nion
 ; [cca2=RE].translations.ces.common
Expected: RÃƒÂ©union
     got: RÃ©union
 ; [cca2=RE].translations.ces.official
Expected: RÃƒÂ©union
     got: RÃ©union
 ; [cca2=RE].translations.cym.common
Expected: RÃƒÂ©union
     got: RÃ©union
 ; [cca2=RE].translations.cym.official
Expected: RÃƒÂ©union Island
     got: RÃ©union Island
 ; [cca2=RE].translations.deu.common
Expected: RÃƒÂ©union
     got: RÃ©union
 ; [cca2=RE].translations.deu.official
Expected: RÃƒÂ©union
     got: RÃ©union
 ; [cca2=RE].translations.est.common
Expected: RÃƒÂ©union
     got: RÃ©union
 ; [cca2=RE].translations.est.official
Expected: RÃƒÂ©unioni departemang
     got: RÃ©unioni departemang
 ; [cca2=RE].translations.fin.common
Expected: RÃƒÂ©union
     got: RÃ©union
 ; [cca2=RE].translations.fin.official
Expected: RÃƒÂ©union
     got: RÃ©union
 ; [cca2=RE].translations.fra.common
Expected: RÃƒÂ©union
     got: RÃ©union
 ; [cca2=RE].translations.fra.official
Expected: Ile de la RÃƒÂ©union
     got: Ile de la RÃ©union
 ; [cca2=RE].translations.hrv.common
Expected: RÃƒÂ©union
     got: RÃ©union
 ; [cca2=RE].translations.hrv.official
Expected: RÃƒÂ©union Island
     got: RÃ©union Island
 ; [cca2=RE].translations.hun.common
Expected: RÃƒÂ©union
     got: RÃ©union
 ; [cca2=RE].translations.hun.official
Expected: RÃƒÂ©union
     got: RÃ©union
 ; [cca2=RE].translations.ita.official
Expected: RÃƒÂ©union
     got: RÃ©union
 ; [cca2=RE].translations.jpn.common
Expected: Ã£Æ’Â¬Ã£Æ’Â¦Ã£Æ’â€¹Ã£â€šÂªÃ£Æ’Â³
     got: ãƒ¬ãƒ¦ãƒ‹ã‚ªãƒ³
 ; [cca2=RE].translations.jpn.official
Expected: Ã£Æ’Â¬Ã£Æ’Â¦Ã£Æ’â€¹Ã£â€šÂªÃ£Æ’Â³Ã¥Â³Â¶
     got: ãƒ¬ãƒ¦ãƒ‹ã‚ªãƒ³å³¶
 ; [cca2=RE].translations.kor.common
Expected: Ã«Â Ë†Ã¬Å“â€žÃ«â€¹Ë†Ã¬ËœÂ¹
     got: ë ˆìœ„ë‹ˆì˜¹
 ; [cca2=RE].translations.kor.official
Expected: Ã«Â Ë†Ã¬Å“â€žÃ«â€¹Ë†Ã¬ËœÂ¹
     got: ë ˆìœ„ë‹ˆì˜¹
 ; [cca2=RE].translations.nld.common
Expected: RÃƒÂ©union
     got: RÃ©union
 ; [cca2=RE].translations.nld.official
Expected: RÃƒÂ©union
     got: RÃ©union
 ; [cca2=RE].translations.per.common
Expected: Ã˜Â±Ã˜Â¦Ã™Ë†Ã™â€ Ã›Å’Ã™Ë†Ã™â€ 
     got: Ø±Ø¦ÙˆÙ†ÛŒÙˆÙ†
 ; [cca2=RE].translations.per.official
Expected: Ã˜Â±Ã˜Â¦Ã™Ë†Ã™â€ Ã›Å’Ã™Ë†Ã™â€ 
     got: Ø±Ø¦ÙˆÙ†ÛŒÙˆÙ†
 ; [cca2=RE].translations.por.common
Expected: ReuniÃƒÂ£o
     got: ReuniÃ£o
 ; [cca2=RE].translations.por.official
Expected: Ilha da ReuniÃƒÂ£o
     got: Ilha da ReuniÃ£o
 ; [cca2=RE].translations.rus.common
Expected: Ã�Â Ã�ÂµÃ‘Å½Ã�Â½Ã‘Å’Ã�Â¾Ã�Â½
     got: Ð ÐµÑŽÐ½ÑŒÐ¾Ð½
 ; [cca2=RE].translations.rus.official
Expected: Ã�Â Ã�ÂµÃ‘Å½Ã�Â½Ã‘Å’Ã�Â¾Ã�Â½
     got: Ð ÐµÑŽÐ½ÑŒÐ¾Ð½
 ; [cca2=RE].translations.slk.common
Expected: RÃƒÂ©union
     got: RÃ©union
 ; [cca2=RE].translations.slk.official
Expected: RÃƒÂ©unionskÃƒÂ½ zÃƒÂ¡morskÃƒÂ½ departmÃƒÂ¡n
     got: RÃ©unionskÃ½ zÃ¡morskÃ½ departmÃ¡n
 ; [cca2=RE].translations.spa.common
Expected: ReuniÃƒÂ³n
     got: ReuniÃ³n
 ; [cca2=RE].translations.spa.official
Expected: Isla de la ReuniÃƒÂ³n
     got: Isla de la ReuniÃ³n
 ; [cca2=RE].translations.srp.common
Expected: Ã�Â Ã�ÂµÃ�Â¸Ã�Â½Ã�Â¸Ã�Â¾Ã�Â½
     got: Ð ÐµÐ¸Ð½Ð¸Ð¾Ð½
 ; [cca2=RE].translations.srp.official
Expected: Ã�Â Ã�ÂµÃ�Â¸Ã�Â½Ã�Â¸Ã�Â¾Ã�Â½
     got: Ð ÐµÐ¸Ð½Ð¸Ð¾Ð½
 ; [cca2=RE].translations.swe.common
Expected: RÃƒÂ©union
     got: RÃ©union
 ; [cca2=RE].translations.swe.official
Expected: RÃƒÂ©union
     got: RÃ©union
 ; [cca2=RE].translations.tur.common
Expected: RÃƒÂ©union
     got: RÃ©union
 ; [cca2=RE].translations.tur.official
Expected: RÃƒÂ©union
     got: RÃ©union
 ; [cca2=RE].translations.urd.common
Expected: Ã˜Â±Ã›â€™ Ã›Å’Ã™Ë†Ã™â€ Ã›Å’Ã™Ë†ÃšÂº
     got: Ø±Û’ ÛŒÙˆÙ†ÛŒÙˆÚº
 ; [cca2=RE].translations.urd.official
Expected: Ã˜Â±Ã›â€™ Ã›Å’Ã™Ë†Ã™â€ Ã›Å’Ã™Ë†ÃšÂº Ã˜Â¬Ã˜Â²Ã›Å’Ã˜Â±Ã›ï¿½
     got: Ø±Û’ ÛŒÙˆÙ†ÛŒÙˆÚº Ø¬Ø²ÛŒØ±Û�
 ; [cca2=RE].translations.zho.common
Expected: Ã§â€¢â„¢Ã¥Â°Â¼Ã¦â€”ÂºÃ¥Â²â€º
     got: ç•™å°¼æ—ºå²›
 ; [cca2=RE].translations.zho.official
Expected: Ã§â€¢â„¢Ã¥Â°Â¼Ã¦â€”ÂºÃ¥Â²â€º
     got: ç•™å°¼æ—ºå²›
 ; [cca2=AU].flag
Expected: Ã°Å¸â€¡Â¦Ã°Å¸â€¡Âº
     got: ðŸ‡¦ðŸ‡º
 ; [cca2=AU].flags.alt
Expected: The flag of Australia has a dark blue field. It features the flag of the United Kingdom Ã¢â‚¬â€� the Union Jack Ã¢â‚¬â€� in the canton, beneath which is a large white seven-pointed star. A representation of the Southern Cross constellation, made up of one small five-pointed and four larger seven-pointed white stars, is situated on the fly side of the field.
     got: The flag of Australia has a dark blue field. It features the flag of the United Kingdom â€” the Union Jack â€” in the canton, beneath which is a large white seven-pointed star. A representation of the Southern Cross constellation, made up of one small five-pointed and four larger seven-pointed white stars, is situated on the fly side of the field.
 ; [cca2=AU].translations.ara.common
Expected: Ã˜Â£Ã˜Â³Ã˜ÂªÃ˜Â±Ã˜Â§Ã™â€žÃ™Å Ã˜Â§
     got: Ø£Ø³ØªØ±Ø§Ù„ÙŠØ§
 ; [cca2=AU].translations.ara.official
Expected: Ã™Æ’Ã™Ë†Ã™â€¦Ã™Ë†Ã™â€ Ã™Ë†Ã™â€žÃ˜Â« Ã˜Â£Ã˜Â³Ã˜ÂªÃ˜Â±Ã˜Â§Ã™â€žÃ™Å Ã˜Â§
     got: ÙƒÙˆÙ…ÙˆÙ†ÙˆÙ„Ø« Ø£Ø³ØªØ±Ø§Ù„ÙŠØ§
 ; [cca2=AU].translations.ces.common
Expected: AustrÃƒÂ¡lie
     got: AustrÃ¡lie
 ; [cca2=AU].translations.ces.official
Expected: AustralskÃƒÂ© spoleÃ„ï¿½enstvÃƒÂ­
     got: AustralskÃ© spoleÄ�enstvÃ­
 ; [cca2=AU].translations.est.official
Expected: Austraalia ÃƒÅ“hendus
     got: Austraalia Ãœhendus
 ; [cca2=AU].translations.hun.common
Expected: AusztrÃƒÂ¡lia
     got: AusztrÃ¡lia
 ; [cca2=AU].translations.hun.official
Expected: AusztrÃƒÂ¡l Ãƒï¿½llamszÃƒÂ¶vetsÃƒÂ©g
     got: AusztrÃ¡l Ã�llamszÃ¶vetsÃ©g
 ; [cca2=AU].translations.jpn.common
Expected: Ã£â€šÂªÃ£Æ’Â¼Ã£â€šÂ¹Ã£Æ’Ë†Ã£Æ’Â©Ã£Æ’ÂªÃ£â€šÂ¢
     got: ã‚ªãƒ¼ã‚¹ãƒˆãƒ©ãƒªã‚¢
 ; [cca2=AU].translations.jpn.official
Expected: Ã£â€šÂªÃ£Æ’Â¼Ã£â€šÂ¹Ã£Æ’Ë†Ã£Æ’Â©Ã£Æ’ÂªÃ£â€šÂ¢Ã©â‚¬Â£Ã©â€šÂ¦
     got: ã‚ªãƒ¼ã‚¹ãƒˆãƒ©ãƒªã‚¢é€£é‚¦
 ; [cca2=AU].translations.kor.common
Expected: Ã­ËœÂ¸Ã¬Â£Â¼
     got: í˜¸ì£¼
 ; [cca2=AU].translations.kor.official
Expected: Ã¬ËœÂ¤Ã¬Å Â¤Ã­Å Â¸Ã«Â Ë†Ã¬ï¿½Â¼Ã«Â¦Â¬Ã¬â€¢â€ž Ã¬â€”Â°Ã«Â°Â©
     got: ì˜¤ìŠ¤íŠ¸ë ˆì�¼ë¦¬ì•„ ì—°ë°©
 ; [cca2=AU].translations.nld.common
Expected: AustraliÃƒÂ«
     got: AustraliÃ«
 ; [cca2=AU].translations.nld.official
Expected: Gemenebest van AustraliÃƒÂ«
     got: Gemenebest van AustraliÃ«
 ; [cca2=AU].translations.per.common
Expected: Ã˜Â§Ã˜Â³Ã˜ÂªÃ˜Â±Ã˜Â§Ã™â€žÃ›Å’Ã˜Â§
     got: Ø§Ø³ØªØ±Ø§Ù„ÛŒØ§
 ; [cca2=AU].translations.per.official
Expected: Ã™â€šÃ™â€žÃ™â€¦Ã˜Â±Ã™Ë† Ã™â€¡Ã™â€¦Ã˜Â³Ã™Ë†Ã˜Â¯ Ã˜Â§Ã˜Â³Ã˜ÂªÃ˜Â±Ã˜Â§Ã™â€žÃ›Å’Ã˜Â§
     got: Ù‚Ù„Ù…Ø±Ùˆ Ù‡Ù…Ø³ÙˆØ¯ Ø§Ø³ØªØ±Ø§Ù„ÛŒØ§
 ; [cca2=AU].translations.pol.official
Expected: ZwiÃ„â€¦zek Australijski
     got: ZwiÄ…zek Australijski
 ; [cca2=AU].translations.por.common
Expected: AustrÃƒÂ¡lia
     got: AustrÃ¡lia
 ; [cca2=AU].translations.por.official
Expected: Comunidade da AustrÃƒÂ¡lia
     got: Comunidade da AustrÃ¡lia
 ; [cca2=AU].translations.rus.common
Expected: Ã�ï¿½Ã�Â²Ã‘ï¿½Ã‘â€šÃ‘â‚¬Ã�Â°Ã�Â»Ã�Â¸Ã‘ï¿½
     got: Ð�Ð²Ñ�Ñ‚Ñ€Ð°Ð»Ð¸Ñ�
 ; [cca2=AU].translations.rus.official
Expected: Ã�Â¡Ã�Â¾Ã�Â´Ã‘â‚¬Ã‘Æ’Ã�Â¶Ã�ÂµÃ‘ï¿½Ã‘â€šÃ�Â²Ã�Â¾ Ã�ï¿½Ã�Â²Ã‘ï¿½Ã‘â€šÃ‘â‚¬Ã�Â°Ã�Â»Ã�Â¸Ã�Â¸
     got: Ð¡Ð¾Ð´Ñ€ÑƒÐ¶ÐµÑ�Ñ‚Ð²Ð¾ Ð�Ð²Ñ�Ñ‚Ñ€Ð°Ð»Ð¸Ð¸
 ; [cca2=AU].translations.slk.common
Expected: AustrÃƒÂ¡lia
     got: AustrÃ¡lia
 ; [cca2=AU].translations.slk.official
Expected: AustrÃƒÂ¡lsky zvÃƒÂ¤z
     got: AustrÃ¡lsky zvÃ¤z
 ; [cca2=AU].translations.srp.common
Expected: Ã�ï¿½Ã‘Æ’Ã‘ï¿½Ã‘â€šÃ‘â‚¬Ã�Â°Ã�Â»Ã�Â¸Ã‘ËœÃ�Â°
     got: Ð�ÑƒÑ�Ñ‚Ñ€Ð°Ð»Ð¸Ñ˜Ð°
 ; [cca2=AU].translations.srp.official
Expected: Ã�Å¡Ã�Â¾Ã�Â¼Ã�Â¾Ã�Â½Ã�Â²Ã�ÂµÃ�Â»Ã‘â€š Ã�ï¿½Ã‘Æ’Ã‘ï¿½Ã‘â€šÃ‘â‚¬Ã�Â°Ã�Â»Ã�Â¸Ã‘ËœÃ�Â°
     got: ÐšÐ¾Ð¼Ð¾Ð½Ð²ÐµÐ»Ñ‚ Ð�ÑƒÑ�Ñ‚Ñ€Ð°Ð»Ð¸Ñ˜Ð°
 ; [cca2=AU].translations.swe.official
Expected: Australiska statsfÃƒÂ¶rbundet
     got: Australiska statsfÃ¶rbundet
 ; [cca2=AU].translations.urd.common
Expected: Ã˜Â¢Ã˜Â³Ã™Â¹Ã˜Â±Ã›Å’Ã™â€žÃ›Å’Ã˜Â§
     got: Ø¢Ø³Ù¹Ø±ÛŒÙ„ÛŒØ§
 ; [cca2=AU].translations.urd.official
Expected: Ã˜Â¯Ã™Ë†Ã™â€žÃ˜ÂªÃ™ï¿½ Ã™â€¦Ã˜Â´Ã˜ÂªÃ˜Â±ÃšÂ©Ã›ï¿½ Ã˜Â¢Ã˜Â³Ã™Â¹Ã˜Â±Ã›Å’Ã™â€žÃ›Å’Ã˜Â§
     got: Ø¯ÙˆÙ„ØªÙ� Ù…Ø´ØªØ±Ú©Û� Ø¢Ø³Ù¹Ø±ÛŒÙ„ÛŒØ§
 ; [cca2=AU].translations.zho.common
Expected: Ã¦Â¾Â³Ã¥Â¤Â§Ã¥Ë†Â©Ã¤ÂºÅ¡
     got: æ¾³å¤§åˆ©äºš
 ; [cca2=AU].translations.zho.official
Expected: Ã¦Â¾Â³Ã¥Â¤Â§Ã¥Ë†Â©Ã¤ÂºÅ¡Ã¨ï¿½â€�Ã©â€šÂ¦
     got: æ¾³å¤§åˆ©äºšè�”é‚¦
 ; [cca2=AW].currencies.AWG.symbol
Expected: Ã†â€™
     got: Æ’
 ; [cca2=AW].flag
Expected: Ã°Å¸â€¡Â¦Ã°Å¸â€¡Â¼
     got: ðŸ‡¦ðŸ‡¼
 ; [cca2=AW].translations.ara.common
Expected: Ã˜Â£Ã˜Â±Ã™Ë†Ã˜Â¨Ã˜Â§
     got: Ø£Ø±ÙˆØ¨Ø§
 ; [cca2=AW].translations.ara.official
Expected: Ã˜Â£Ã˜Â±Ã™Ë†Ã˜Â¨Ã˜Â§
     got: Ø£Ø±ÙˆØ¨Ø§
 ; [cca2=AW].translations.jpn.common
Expected: Ã£â€šÂ¢Ã£Æ’Â«Ã£Æ’ï¿½
     got: ã‚¢ãƒ«ãƒ�
 ; [cca2=AW].translations.jpn.official
Expected: Ã£â€šÂ¢Ã£Æ’Â«Ã£Æ’ï¿½
     got: ã‚¢ãƒ«ãƒ�
 ; [cca2=AW].translations.kor.common
Expected: Ã¬â€¢â€žÃ«Â£Â¨Ã«Â°â€�
     got: ì•„ë£¨ë°”
 ; [cca2=AW].translations.kor.official
Expected: Ã¬â€¢â€žÃ«Â£Â¨Ã«Â°â€�
     got: ì•„ë£¨ë°”
 ; [cca2=AW].translations.per.common
Expected: Ã˜Â¢Ã˜Â±Ã™Ë†Ã˜Â¨Ã˜Â§
     got: Ø¢Ø±ÙˆØ¨Ø§
 ; [cca2=AW].translations.per.official
Expected: Ã˜Â¢Ã˜Â±Ã™Ë†Ã˜Â¨Ã˜Â§
     got: Ø¢Ø±ÙˆØ¨Ø§
 ; [cca2=AW].translations.rus.common
Expected: Ã�ï¿½Ã‘â‚¬Ã‘Æ’Ã�Â±Ã�Â°
     got: Ð�Ñ€ÑƒÐ±Ð°
 ; [cca2=AW].translations.rus.official
Expected: Ã�ï¿½Ã‘â‚¬Ã‘Æ’Ã�Â±Ã�Â°
     got: Ð�Ñ€ÑƒÐ±Ð°
 ; [cca2=AW].translations.srp.common
Expected: Ã�ï¿½Ã‘â‚¬Ã‘Æ’Ã�Â±Ã�Â°
     got: Ð�Ñ€ÑƒÐ±Ð°
 ; [cca2=AW].translations.srp.official
Expected: Ã�ï¿½Ã‘â‚¬Ã‘Æ’Ã�Â±Ã�Â°
     got: Ð�Ñ€ÑƒÐ±Ð°
 ; [cca2=AW].translations.urd.common
Expected: Ã˜Â§Ã˜Â±Ã™Ë†Ã˜Â¨Ã˜Â§
     got: Ø§Ø±ÙˆØ¨Ø§
 ; [cca2=AW].translations.urd.official
Expected: Ã˜Â§Ã˜Â±Ã™Ë†Ã˜Â¨Ã˜Â§
     got: Ø§Ø±ÙˆØ¨Ø§
 ; [cca2=AW].translations.zho.common
Expected: Ã©ËœÂ¿Ã©Â²ï¿½Ã¥Â·Â´
     got: é˜¿é²�å·´
 ; [cca2=AW].translations.zho.official
Expected: Ã©ËœÂ¿Ã©Â²ï¿½Ã¥Â·Â´
     got: é˜¿é²�å·´
 ; [cca2=AX].currencies.EUR.symbol
Expected: Ã¢â€šÂ¬
     got: â‚¬
 ; [cca2=AX].demonyms.eng.f
Expected: Ãƒâ€¦landish
     got: Ã…landish
 ; [cca2=AX].demonyms.eng.m
Expected: Ãƒâ€¦landish
     got: Ã…landish
 ; [cca2=AX].demonyms.fra.f
Expected: Ãƒâ€¦landaise
     got: Ã…landaise
 ; [cca2=AX].demonyms.fra.m
Expected: Ãƒâ€¦landais
     got: Ã…landais
 ; [cca2=AX].flag
Expected: Ã°Å¸â€¡Â¦Ã°Å¸â€¡Â½
     got: ðŸ‡¦ðŸ‡½
 ; [cca2=AX].name.common
Expected: Ãƒâ€¦land Islands
     got: Ã…land Islands
 ; [cca2=AX].name.nativeName.swe.common
Expected: Ãƒâ€¦land
     got: Ã…land
 ; [cca2=AX].name.nativeName.swe.official
Expected: Landskapet Ãƒâ€¦land
     got: Landskapet Ã…land
 ; [cca2=AX].name.official
Expected: Ãƒâ€¦land Islands
     got: Ã…land Islands
 ; [cca2=AX].translations.ara.common
Expected: Ã˜Â¬Ã˜Â²Ã˜Â± Ã˜Â£Ã™Ë†Ã™â€žÃ˜Â§Ã™â€ Ã˜Â¯
     got: Ø¬Ø²Ø± Ø£ÙˆÙ„Ø§Ù†Ø¯
 ; [cca2=AX].translations.ara.official
Expected: Ã˜Â¬Ã˜Â²Ã˜Â± Ã˜Â£Ã™Ë†Ã™â€žÃ˜Â§Ã™â€ Ã˜Â¯
     got: Ø¬Ø²Ø± Ø£ÙˆÙ„Ø§Ù†Ø¯
 ; [cca2=AX].translations.bre.common
Expected: Ãƒâ€¦land
     got: Ã…land
 ; [cca2=AX].translations.bre.official
Expected: Inizi Ãƒâ€¦land
     got: Inizi Ã…land
 ; [cca2=AX].translations.ces.common
Expected: Ãƒâ€¦landy
     got: Ã…landy
 ; [cca2=AX].translations.ces.official
Expected: Ãƒâ€¦landskÃƒÂ© ostrovy
     got: Ã…landskÃ© ostrovy
 ; [cca2=AX].translations.cym.common
Expected: Ãƒâ€¦land Islands
     got: Ã…land Islands
 ; [cca2=AX].translations.cym.official
Expected: Ãƒâ€¦land Islands
     got: Ã…land Islands
 ; [cca2=AX].translations.deu.common
Expected: Ãƒâ€¦land
     got: Ã…land
 ; [cca2=AX].translations.deu.official
Expected: Ãƒâ€¦land-Inseln
     got: Ã…land-Inseln
 ; [cca2=AX].translations.hrv.common
Expected: Ãƒâ€¦landski otoci
     got: Ã…landski otoci
 ; [cca2=AX].translations.hun.common
Expected: Ãƒâ€¦land-szigetek
     got: Ã…land-szigetek
 ; [cca2=AX].translations.hun.official
Expected: Ãƒâ€¦land-szigetek
     got: Ã…land-szigetek
 ; [cca2=AX].translations.ita.official
Expected: Isole Ãƒâ€¦land
     got: Isole Ã…land
 ; [cca2=AX].translations.jpn.common
Expected: Ã£â€šÂªÃ£Æ’Â¼Ã£Æ’Â©Ã£Æ’Â³Ã£Æ’â€°Ã¨Â«Â¸Ã¥Â³Â¶
     got: ã‚ªãƒ¼ãƒ©ãƒ³ãƒ‰è«¸å³¶
 ; [cca2=AX].translations.jpn.official
Expected: Ã£â€šÂªÃ£Æ’Â¼Ã£Æ’Â©Ã£Æ’Â³Ã£Æ’â€°Ã¨Â«Â¸Ã¥Â³Â¶
     got: ã‚ªãƒ¼ãƒ©ãƒ³ãƒ‰è«¸å³¶
 ; [cca2=AX].translations.kor.common
Expected: Ã¬ËœÂ¬Ã«Å¾â‚¬Ã«â€œÅ“ Ã¬Â Å“Ã«ï¿½â€ž
     got: ì˜¬ëž€ë“œ ì œë�„
 ; [cca2=AX].translations.kor.official
Expected: Ã¬ËœÂ¬Ã«Å¾â‚¬Ã«â€œÅ“ Ã¬Â Å“Ã«ï¿½â€ž
     got: ì˜¬ëž€ë“œ ì œë�„
 ; [cca2=AX].translations.nld.common
Expected: Ãƒâ€¦landeilanden
     got: Ã…landeilanden
 ; [cca2=AX].translations.nld.official
Expected: Ãƒâ€¦land eilanden
     got: Ã…land eilanden
 ; [cca2=AX].translations.per.common
Expected: Ã˜Â¬Ã˜Â²Ã˜Â§Ã›Å’Ã˜Â± Ã˜Â§Ã™â€žÃ™â€ Ã˜Â¯
     got: Ø¬Ø²Ø§ÛŒØ± Ø§Ù„Ù†Ø¯
 ; [cca2=AX].translations.per.official
Expected: Ã˜Â¬Ã˜Â²Ã˜Â§Ã›Å’Ã˜Â± Ã˜Â§Ã™â€žÃ™â€ Ã˜Â¯
     got: Ø¬Ø²Ø§ÛŒØ± Ø§Ù„Ù†Ø¯
 ; [cca2=AX].translations.por.common
Expected: AlÃƒÂ¢ndia
     got: AlÃ¢ndia
 ; [cca2=AX].translations.por.official
Expected: Ilhas Ãƒâ€¦land
     got: Ilhas Ã…land
 ; [cca2=AX].translations.rus.common
Expected: Ã�ï¿½Ã�Â»Ã�Â°Ã�Â½Ã�Â´Ã‘ï¿½Ã�ÂºÃ�Â¸Ã�Âµ Ã�Â¾Ã‘ï¿½Ã‘â€šÃ‘â‚¬Ã�Â¾Ã�Â²Ã�Â°
     got: Ð�Ð»Ð°Ð½Ð´Ñ�ÐºÐ¸Ðµ Ð¾Ñ�Ñ‚Ñ€Ð¾Ð²Ð°
 ; [cca2=AX].translations.rus.official
Expected: Ã�ï¿½Ã�Â»Ã�Â°Ã�Â½Ã�Â´Ã‘ï¿½Ã�ÂºÃ�Â¸Ã�Âµ Ã�Â¾Ã‘ï¿½Ã‘â€šÃ‘â‚¬Ã�Â¾Ã�Â²Ã�Â°
     got: Ð�Ð»Ð°Ð½Ð´Ñ�ÐºÐ¸Ðµ Ð¾Ñ�Ñ‚Ñ€Ð¾Ð²Ð°
 ; [cca2=AX].translations.slk.official
Expected: AlandskÃƒÂ© ostrovy
     got: AlandskÃ© ostrovy
 ; [cca2=AX].translations.spa.official
Expected: Islas Ãƒâ€¦land
     got: Islas Ã…land
 ; [cca2=AX].translations.srp.common
Expected: Ã�Å¾Ã�Â»Ã�Â°Ã�Â½Ã�Â´Ã‘ï¿½Ã�ÂºÃ�Â° Ã�Å¾Ã‘ï¿½Ã‘â€šÃ‘â‚¬Ã�Â²Ã�Â°
     got: ÐžÐ»Ð°Ð½Ð´Ñ�ÐºÐ° ÐžÑ�Ñ‚Ñ€Ð²Ð°
 ; [cca2=AX].translations.srp.official
Expected: Ã�Å¾Ã�Â»Ã�Â°Ã�Â½Ã�Â´Ã‘ï¿½Ã�ÂºÃ�Â° Ã�Å¾Ã‘ï¿½Ã‘â€šÃ‘â‚¬Ã�Â²Ã�Â°
     got: ÐžÐ»Ð°Ð½Ð´Ñ�ÐºÐ° ÐžÑ�Ñ‚Ñ€Ð²Ð°
 ; [cca2=AX].translations.swe.common
Expected: Ãƒâ€¦land
     got: Ã…land
 ; [cca2=AX].translations.swe.official
Expected: Ãƒâ€¦land
     got: Ã…land
 ; [cca2=AX].translations.tur.common
Expected: Ãƒâ€¦land
     got: Ã…land
 ; [cca2=AX].translations.tur.official
Expected: Ãƒâ€¦land AdalarÃ„Â±
     got: Ã…land AdalarÄ±
 ; [cca2=AX].translations.urd.common
Expected: Ã˜Â¬Ã˜Â²Ã˜Â§Ã˜Â¦Ã˜Â± Ã˜Â§Ã™Ë†Ã™â€žÃ™â€ Ã˜Â¯
     got: Ø¬Ø²Ø§Ø¦Ø± Ø§ÙˆÙ„Ù†Ø¯
 ; [cca2=AX].translations.urd.official
Expected: Ã˜Â¬Ã˜Â²Ã˜Â§Ã˜Â¦Ã˜Â± Ã˜Â§Ã™Ë†Ã™â€žÃ™â€ Ã˜Â¯
     got: Ø¬Ø²Ø§Ø¦Ø± Ø§ÙˆÙ„Ù†Ø¯
 ; [cca2=AX].translations.zho.common
Expected: Ã¥Â¥Â¥Ã¥â€¦Â°Ã§Â¾Â¤Ã¥Â²â€º
     got: å¥¥å…°ç¾¤å²›
 ; [cca2=AX].translations.zho.official
Expected: Ã¥Â¥Â¥Ã¥â€¦Â°Ã§Â¾Â¤Ã¥Â²â€º
     got: å¥¥å…°ç¾¤å²›
 ; [cca2=AZ].altSpellings[]
Expected: AzÃ‰â„¢rbaycan RespublikasÃ„Â±
     but none found
 ; [cca2=AZ].altSpellings[]
Unexpected: AzÉ™rbaycan RespublikasÄ±
 ; [cca2=AZ].currencies.AZN.symbol
Expected: Ã¢â€šÂ¼
     got: â‚¼
 ; [cca2=AZ].demonyms.fra.f
Expected: AzerbaÃƒÂ¯djanaise
     got: AzerbaÃ¯djanaise
 ; [cca2=AZ].demonyms.fra.m
Expected: AzerbaÃƒÂ¯djanais
     got: AzerbaÃ¯djanais
 ; [cca2=AZ].flag
Expected: Ã°Å¸â€¡Â¦Ã°Å¸â€¡Â¿
     got: ðŸ‡¦ðŸ‡¿
 ; [cca2=AZ].name.nativeName.aze.common
Expected: AzÃ‰â„¢rbaycan
     got: AzÉ™rbaycan
 ; [cca2=AZ].name.nativeName.aze.official
Expected: AzÃ‰â„¢rbaycan RespublikasÃ„Â±
     got: AzÉ™rbaycan RespublikasÄ±
 ; [cca2=AZ].translations.ara.common
Expected: Ã˜Â£Ã˜Â°Ã˜Â±Ã˜Â¨Ã™Å Ã˜Â¬Ã˜Â§Ã™â€ 
     got: Ø£Ø°Ø±Ø¨ÙŠØ¬Ø§Ù†
 ; [cca2=AZ].translations.ara.official
Expected: Ã˜Â¬Ã™â€¦Ã™â€¡Ã™Ë†Ã˜Â±Ã™Å Ã˜Â© Ã˜Â£Ã˜Â°Ã˜Â±Ã˜Â¨Ã™Å Ã˜Â¬Ã˜Â§Ã™â€ 
     got: Ø¬Ù…Ù‡ÙˆØ±ÙŠØ© Ø£Ø°Ø±Ø¨ÙŠØ¬Ø§Ù†
 ; [cca2=AZ].translations.ces.common
Expected: Ãƒï¿½zerbÃƒÂ¡jdÃ…Â¾ÃƒÂ¡n
     got: Ã�zerbÃ¡jdÅ¾Ã¡n
 ; [cca2=AZ].translations.ces.official
Expected: Ãƒï¿½zerbÃƒÂ¡jdÃ…Â¾ÃƒÂ¡nskÃƒÂ¡ republika
     got: Ã�zerbÃ¡jdÅ¾Ã¡nskÃ¡ republika
 ; [cca2=AZ].translations.est.common
Expected: AserbaidÃ…Â¾aan
     got: AserbaidÅ¾aan
 ; [cca2=AZ].translations.est.official
Expected: AserbaidÃ…Â¾aani Vabariik
     got: AserbaidÅ¾aani Vabariik
 ; [cca2=AZ].translations.fra.common
Expected: AzerbaÃƒÂ¯djan
     got: AzerbaÃ¯djan
 ; [cca2=AZ].translations.fra.official
Expected: RÃƒÂ©publique d&apos;AzerbaÃƒÂ¯djan
     got: RÃ©publique d&apos;AzerbaÃ¯djan
 ; [cca2=AZ].translations.hrv.common
Expected: AzerbajdÃ…Â¾an
     got: AzerbajdÅ¾an
 ; [cca2=AZ].translations.hrv.official
Expected: Republika AzerbajdÃ…Â¾an
     got: Republika AzerbajdÅ¾an
 ; [cca2=AZ].translations.hun.common
Expected: AzerbajdzsÃƒÂ¡n
     got: AzerbajdzsÃ¡n
 ; [cca2=AZ].translations.hun.official
Expected: AzerbajdzsÃƒÂ¡n
     got: AzerbajdzsÃ¡n
 ; [cca2=AZ].translations.jpn.common
Expected: Ã£â€šÂ¢Ã£â€šÂ¼Ã£Æ’Â«Ã£Æ’ï¿½Ã£â€šÂ¤Ã£â€šÂ¸Ã£Æ’Â£Ã£Æ’Â³
     got: ã‚¢ã‚¼ãƒ«ãƒ�ã‚¤ã‚¸ãƒ£ãƒ³
 ; [cca2=AZ].translations.jpn.official
Expected: Ã£â€šÂ¢Ã£â€šÂ¼Ã£Æ’Â«Ã£Æ’ï¿½Ã£â€šÂ¤Ã£â€šÂ¸Ã£Æ’Â£Ã£Æ’Â³Ã¥â€¦Â±Ã¥â€™Å’Ã¥â€ºÂ½
     got: ã‚¢ã‚¼ãƒ«ãƒ�ã‚¤ã‚¸ãƒ£ãƒ³å…±å’Œå›½
 ; [cca2=AZ].translations.kor.common
Expected: Ã¬â€¢â€žÃ¬Â Å“Ã«Â¥Â´Ã«Â°â€�Ã¬ï¿½Â´Ã¬Å¾â€�
     got: ì•„ì œë¥´ë°”ì�´ìž”
 ; [cca2=AZ].translations.kor.official
Expected: Ã¬â€¢â€žÃ¬Â Å“Ã«Â¥Â´Ã«Â°â€�Ã¬ï¿½Â´Ã¬Å¾â€� ÃªÂ³ÂµÃ­â„¢â€�ÃªÂµÂ­
     got: ì•„ì œë¥´ë°”ì�´ìž” ê³µí™”êµ­
 ; [cca2=AZ].translations.per.common
Expected: Ã˜Â¬Ã™â€¦Ã™â€¡Ã™Ë†Ã˜Â±Ã›Å’ Ã˜Â¢Ã˜Â°Ã˜Â±Ã˜Â¨Ã˜Â§Ã›Å’Ã˜Â¬Ã˜Â§Ã™â€ 
     got: Ø¬Ù…Ù‡ÙˆØ±ÛŒ Ø¢Ø°Ø±Ø¨Ø§ÛŒØ¬Ø§Ù†
 ; [cca2=AZ].translations.per.official
Expected: Ã˜Â¬Ã™â€¦Ã™â€¡Ã™Ë†Ã˜Â±Ã›Å’ Ã˜Â¢Ã˜Â°Ã˜Â±Ã˜Â¨Ã˜Â§Ã›Å’Ã˜Â¬Ã˜Â§Ã™â€ 
     got: Ø¬Ù…Ù‡ÙˆØ±ÛŒ Ø¢Ø°Ø±Ø¨Ø§ÛŒØ¬Ø§Ù†
 ; [cca2=AZ].translations.pol.common
Expected: AzerbejdÃ…Â¼an
     got: AzerbejdÅ¼an
 ; [cca2=AZ].translations.pol.official
Expected: Republika AzerbejdÃ…Â¼anu
     got: Republika AzerbejdÅ¼anu
 ; [cca2=AZ].translations.por.common
Expected: AzerbeijÃƒÂ£o
     got: AzerbeijÃ£o
 ; [cca2=AZ].translations.por.official
Expected: RepÃƒÂºblica do AzerbaijÃƒÂ£o
     got: RepÃºblica do AzerbaijÃ£o
 ; [cca2=AZ].translations.rus.common
Expected: Ã�ï¿½Ã�Â·Ã�ÂµÃ‘â‚¬Ã�Â±Ã�Â°Ã�Â¹Ã�Â´Ã�Â¶Ã�Â°Ã�Â½
     got: Ð�Ð·ÐµÑ€Ð±Ð°Ð¹Ð´Ð¶Ð°Ð½
 ; [cca2=AZ].translations.rus.official
Expected: Ã�ï¿½Ã�Â·Ã�ÂµÃ‘â‚¬Ã�Â±Ã�Â°Ã�Â¹Ã�Â´Ã�Â¶Ã�Â°Ã�Â½Ã‘ï¿½Ã�ÂºÃ�Â°Ã‘ï¿½ Ã�Â Ã�ÂµÃ‘ï¿½Ã�Â¿Ã‘Æ’Ã�Â±Ã�Â»Ã�Â¸Ã�ÂºÃ�Â°
     got: Ð�Ð·ÐµÑ€Ð±Ð°Ð¹Ð´Ð¶Ð°Ð½Ñ�ÐºÐ°Ñ� Ð ÐµÑ�Ð¿ÑƒÐ±Ð»Ð¸ÐºÐ°
 ; [cca2=AZ].translations.slk.common
Expected: AzerbajÃ‡â€¡an
     got: AzerbajÇ‡an
 ; [cca2=AZ].translations.slk.official
Expected: AzerbajÃ‡â€ anskÃƒÂ¡ republika
     got: AzerbajÇ†anskÃ¡ republika
 ; [cca2=AZ].translations.spa.common
Expected: AzerbaiyÃƒÂ¡n
     got: AzerbaiyÃ¡n
 ; [cca2=AZ].translations.spa.official
Expected: RepÃƒÂºblica de AzerbaiyÃƒÂ¡n
     got: RepÃºblica de AzerbaiyÃ¡n
 ; [cca2=AZ].translations.srp.common
Expected: Ã�ï¿½Ã�Â·Ã�ÂµÃ‘â‚¬Ã�Â±Ã�ÂµÃ‘ËœÃ‘Å¸Ã�Â°Ã�Â½
     got: Ð�Ð·ÐµÑ€Ð±ÐµÑ˜ÑŸÐ°Ð½
 ; [cca2=AZ].translations.srp.official
Expected: Ã�ï¿½Ã�Â·Ã�ÂµÃ‘â‚¬Ã�Â±Ã�ÂµÃ‘ËœÃ‘Å¸Ã�Â°Ã�Â½Ã‘ï¿½Ã�ÂºÃ�Â° Ã�Â Ã�ÂµÃ�Â¿Ã‘Æ’Ã�Â±Ã�Â»Ã�Â¸Ã�ÂºÃ�Â°
     got: Ð�Ð·ÐµÑ€Ð±ÐµÑ˜ÑŸÐ°Ð½Ñ�ÐºÐ° Ð ÐµÐ¿ÑƒÐ±Ð»Ð¸ÐºÐ°
 ; [cca2=AZ].translations.urd.common
Expected: Ã˜Â¢Ã˜Â°Ã˜Â±Ã˜Â¨Ã˜Â§Ã˜Â¦Ã›Å’Ã˜Â¬Ã˜Â§Ã™â€ 
     got: Ø¢Ø°Ø±Ø¨Ø§Ø¦ÛŒØ¬Ø§Ù†
 ; [cca2=AZ].translations.urd.official
Expected: Ã˜Â¬Ã™â€¦Ã›ï¿½Ã™Ë†Ã˜Â±Ã›Å’Ã›ï¿½ Ã˜Â¢Ã˜Â°Ã˜Â±Ã˜Â¨Ã˜Â§Ã˜Â¦Ã›Å’Ã˜Â¬Ã˜Â§Ã™â€ 
     got: Ø¬Ù…Û�ÙˆØ±ÛŒÛ� Ø¢Ø°Ø±Ø¨Ø§Ø¦ÛŒØ¬Ø§Ù†
 ; [cca2=AZ].translations.zho.common
Expected: Ã©ËœÂ¿Ã¥Â¡Å¾Ã¦â€¹Å“Ã§â€“â€ 
     got: é˜¿å¡žæ‹œç–†
 ; [cca2=AZ].translations.zho.official
Expected: Ã©ËœÂ¿Ã¥Â¡Å¾Ã¦â€¹Å“Ã§â€“â€ Ã¥â€¦Â±Ã¥â€™Å’Ã¥â€ºÂ½
     got: é˜¿å¡žæ‹œç–†å…±å’Œå›½
 ; [cca2=RO].altSpellings[]
Expected: RomÃƒÂ¢nia
     but none found
 ; [cca2=RO].altSpellings[]
Unexpected: RomÃ¢nia
 ; [cca2=RO].flag
Expected: Ã°Å¸â€¡Â·Ã°Å¸â€¡Â´
     got: ðŸ‡·ðŸ‡´
 ; [cca2=RO].name.nativeName.ron.common
Expected: RomÃƒÂ¢nia
     got: RomÃ¢nia
 ; [cca2=RO].name.nativeName.ron.official
Expected: RomÃƒÂ¢nia
     got: RomÃ¢nia
 ; [cca2=RO].translations.ara.common
Expected: Ã˜Â±Ã™Ë†Ã™â€¦Ã˜Â§Ã™â€ Ã™Å Ã˜Â§
     got: Ø±ÙˆÙ…Ø§Ù†ÙŠØ§
 ; [cca2=RO].translations.ara.official
Expected: Ã˜Â±Ã™Ë†Ã™â€¦Ã˜Â§Ã™â€ Ã™Å Ã˜Â§
     got: Ø±ÙˆÙ…Ø§Ù†ÙŠØ§
 ; [cca2=RO].translations.deu.common
Expected: RumÃƒÂ¤nien
     got: RumÃ¤nien
 ; [cca2=RO].translations.deu.official
Expected: RumÃƒÂ¤nien
     got: RumÃ¤nien
 ; [cca2=RO].translations.hun.common
Expected: RomÃƒÂ¡nia
     got: RomÃ¡nia
 ; [cca2=RO].translations.hun.official
Expected: RomÃƒÂ¡nia
     got: RomÃ¡nia
 ; [cca2=RO].translations.jpn.common
Expected: Ã£Æ’Â«Ã£Æ’Â¼Ã£Æ’Å¾Ã£Æ’â€¹Ã£â€šÂ¢
     got: ãƒ«ãƒ¼ãƒžãƒ‹ã‚¢
 ; [cca2=RO].translations.jpn.official
Expected: Ã£Æ’Â«Ã£Æ’Â¼Ã£Æ’Å¾Ã£Æ’â€¹Ã£â€šÂ¢
     got: ãƒ«ãƒ¼ãƒžãƒ‹ã‚¢
 ; [cca2=RO].translations.kor.common
Expected: Ã«Â£Â¨Ã«Â§Ë†Ã«â€¹Ë†Ã¬â€¢â€ž
     got: ë£¨ë§ˆë‹ˆì•„
 ; [cca2=RO].translations.kor.official
Expected: Ã«Â£Â¨Ã«Â§Ë†Ã«â€¹Ë†Ã¬â€¢â€ž
     got: ë£¨ë§ˆë‹ˆì•„
 ; [cca2=RO].translations.nld.common
Expected: RoemeniÃƒÂ«
     got: RoemeniÃ«
 ; [cca2=RO].translations.nld.official
Expected: RoemeniÃƒÂ«
     got: RoemeniÃ«
 ; [cca2=RO].translations.per.common
Expected: Ã˜Â±Ã™Ë†Ã™â€¦Ã˜Â§Ã™â€ Ã›Å’
     got: Ø±ÙˆÙ…Ø§Ù†ÛŒ
 ; [cca2=RO].translations.per.official
Expected: Ã˜Â±Ã™Ë†Ã™â€¦Ã˜Â§Ã™â€ Ã›Å’
     got: Ø±ÙˆÙ…Ø§Ù†ÛŒ
 ; [cca2=RO].translations.por.common
Expected: RomÃƒÂ©nia
     got: RomÃ©nia
 ; [cca2=RO].translations.por.official
Expected: RomÃƒÂªnia
     got: RomÃªnia
 ; [cca2=RO].translations.rus.common
Expected: Ã�Â Ã‘Æ’Ã�Â¼Ã‘â€¹Ã�Â½Ã�Â¸Ã‘ï¿½
     got: Ð ÑƒÐ¼Ñ‹Ð½Ð¸Ñ�
 ; [cca2=RO].translations.rus.official
Expected: Ã�Â Ã‘Æ’Ã�Â¼Ã‘â€¹Ã�Â½Ã�Â¸Ã‘ï¿½
     got: Ð ÑƒÐ¼Ñ‹Ð½Ð¸Ñ�
 ; [cca2=RO].translations.srp.common
Expected: Ã�Â Ã‘Æ’Ã�Â¼Ã‘Æ’Ã�Â½Ã�Â¸Ã‘ËœÃ�Â°
     got: Ð ÑƒÐ¼ÑƒÐ½Ð¸Ñ˜Ð°
 ; [cca2=RO].translations.srp.official
Expected: Ã�Â Ã‘Æ’Ã�Â¼Ã‘Æ’Ã�Â½Ã�Â¸Ã‘ËœÃ�Â°
     got: Ð ÑƒÐ¼ÑƒÐ½Ð¸Ñ˜Ð°
 ; [cca2=RO].translations.swe.common
Expected: RumÃƒÂ¤nien
     got: RumÃ¤nien
 ; [cca2=RO].translations.swe.official
Expected: RumÃƒÂ¤nien
     got: RumÃ¤nien
 ; [cca2=RO].translations.urd.common
Expected: Ã˜Â±Ã™Ë†Ã™â€¦Ã˜Â§Ã™â€ Ã›Å’Ã›ï¿½
     got: Ø±ÙˆÙ…Ø§Ù†ÛŒÛ�
 ; [cca2=RO].translations.urd.official
Expected: Ã˜Â±Ã™Ë†Ã™â€¦Ã˜Â§Ã™â€ Ã›Å’Ã›ï¿½
     got: Ø±ÙˆÙ…Ø§Ù†ÛŒÛ�
 ; [cca2=RO].translations.zho.common
Expected: Ã§Â½â€”Ã©Â©Â¬Ã¥Â°Â¼Ã¤ÂºÅ¡
     got: ç½—é©¬å°¼äºš
 ; [cca2=RO].translations.zho.official
Expected: Ã§Â½â€”Ã©Â©Â¬Ã¥Â°Â¼Ã¤ÂºÅ¡
     got: ç½—é©¬å°¼äºš
 ; [cca2=BA].altSpellings[]
Expected: Ã�â€˜Ã�Â¾Ã‘ï¿½Ã�Â½Ã�Â° Ã�Â¸ Ã�Â¥Ã�ÂµÃ‘â‚¬Ã‘â€ Ã�ÂµÃ�Â³Ã�Â¾Ã�Â²Ã�Â¸Ã�Â½Ã�Â°
     but none found
 ; [cca2=BA].altSpellings[]
Unexpected: Ð‘Ð¾Ñ�Ð½Ð° Ð¸ Ð¥ÐµÑ€Ñ†ÐµÐ³Ð¾Ð²Ð¸Ð½Ð°
 ; [cca2=BA].flag
Expected: Ã°Å¸â€¡Â§Ã°Å¸â€¡Â¦
     got: ðŸ‡§ðŸ‡¦
 ; [cca2=BA].name.nativeName.srp.common
Expected: Ã�â€˜Ã�Â¾Ã‘ï¿½Ã�Â½Ã�Â° Ã�Â¸ Ã�Â¥Ã�ÂµÃ‘â‚¬Ã‘â€ Ã�ÂµÃ�Â³Ã�Â¾Ã�Â²Ã�Â¸Ã�Â½Ã�Â°
     got: Ð‘Ð¾Ñ�Ð½Ð° Ð¸ Ð¥ÐµÑ€Ñ†ÐµÐ³Ð¾Ð²Ð¸Ð½Ð°
 ; [cca2=BA].name.nativeName.srp.official
Expected: Ã�â€˜Ã�Â¾Ã‘ï¿½Ã�Â½Ã�Â° Ã�Â¸ Ã�Â¥Ã�ÂµÃ‘â‚¬Ã‘â€ Ã�ÂµÃ�Â³Ã�Â¾Ã�Â²Ã�Â¸Ã�Â½Ã�Â°
     got: Ð‘Ð¾Ñ�Ð½Ð° Ð¸ Ð¥ÐµÑ€Ñ†ÐµÐ³Ð¾Ð²Ð¸Ð½Ð°
 ; [cca2=BA].translations.ara.common
Expected: Ã˜Â§Ã™â€žÃ˜Â¨Ã™Ë†Ã˜Â³Ã™â€ Ã˜Â© Ã™Ë†Ã˜Â§Ã™â€žÃ™â€¡Ã˜Â±Ã˜Â³Ã™Æ’
     got: Ø§Ù„Ø¨ÙˆØ³Ù†Ø© ÙˆØ§Ù„Ù‡Ø±Ø³Ùƒ
 ; [cca2=BA].translations.ara.official
Expected: Ã˜Â¬Ã™â€¦Ã™â€¡Ã™Ë†Ã˜Â±Ã™Å Ã˜Â© Ã˜Â§Ã™â€žÃ˜Â¨Ã™Ë†Ã˜Â³Ã™â€ Ã˜Â© Ã™Ë†Ã˜Â§Ã™â€žÃ™â€¡Ã˜Â±Ã˜Â³Ã™Æ’
     got: Ø¬Ù…Ù‡ÙˆØ±ÙŠØ© Ø§Ù„Ø¨ÙˆØ³Ù†Ø© ÙˆØ§Ù„Ù‡Ø±Ø³Ùƒ
 ; [cca2=BA].translations.fra.common
Expected: Bosnie-HerzÃƒÂ©govine
     got: Bosnie-HerzÃ©govine
 ; [cca2=BA].translations.fra.official
Expected: Bosnie-et-HerzÃƒÂ©govine
     got: Bosnie-et-HerzÃ©govine
 ; [cca2=BA].translations.jpn.common
Expected: Ã£Æ’Å“Ã£â€šÂ¹Ã£Æ’â€¹Ã£â€šÂ¢Ã£Æ’Â»Ã£Æ’ËœÃ£Æ’Â«Ã£Æ’â€žÃ£â€šÂ§Ã£â€šÂ´Ã£Æ’â€œÃ£Æ’Å 
     got: ãƒœã‚¹ãƒ‹ã‚¢ãƒ»ãƒ˜ãƒ«ãƒ„ã‚§ã‚´ãƒ“ãƒŠ
 ; [cca2=BA].translations.jpn.official
Expected: Ã£Æ’Å“Ã£â€šÂ¹Ã£Æ’â€¹Ã£â€šÂ¢Ã‚Â·Ã£Æ’ËœÃ£Æ’Â«Ã£Æ’â€žÃ£â€šÂ§Ã£â€šÂ´Ã£Æ’â€œÃ£Æ’Å 
     got: ãƒœã‚¹ãƒ‹ã‚¢Â·ãƒ˜ãƒ«ãƒ„ã‚§ã‚´ãƒ“ãƒŠ
 ; [cca2=BA].translations.kor.common
Expected: Ã«Â³Â´Ã¬Å Â¤Ã«â€¹Ë†Ã¬â€¢â€ž Ã­â€”Â¤Ã«Â¥Â´Ã¬Â²Â´ÃªÂ³Â Ã«Â¹â€žÃ«â€šËœ
     got: ë³´ìŠ¤ë‹ˆì•„ í—¤ë¥´ì²´ê³ ë¹„ë‚˜
 ; [cca2=BA].translations.kor.official
Expected: Ã«Â³Â´Ã¬Å Â¤Ã«â€¹Ë†Ã¬â€¢â€ž Ã­â€”Â¤Ã«Â¥Â´Ã¬Â²Â´ÃªÂ³Â Ã«Â¹â€žÃ«â€šËœ
     got: ë³´ìŠ¤ë‹ˆì•„ í—¤ë¥´ì²´ê³ ë¹„ë‚˜
 ; [cca2=BA].translations.nld.common
Expected: BosniÃƒÂ« en Herzegovina
     got: BosniÃ« en Herzegovina
 ; [cca2=BA].translations.nld.official
Expected: BosniÃƒÂ«-Herzegovina
     got: BosniÃ«-Herzegovina
 ; [cca2=BA].translations.per.common
Expected: Ã˜Â¨Ã™Ë†Ã˜Â³Ã™â€ Ã›Å’ Ã™Ë† Ã™â€¡Ã˜Â±Ã˜Â²ÃšÂ¯Ã™Ë†Ã›Å’Ã™â€ 
     got: Ø¨ÙˆØ³Ù†ÛŒ Ùˆ Ù‡Ø±Ø²Ú¯ÙˆÛŒÙ†
 ; [cca2=BA].translations.per.official
Expected: Ã˜Â¨Ã™Ë†Ã˜Â³Ã™â€ Ã›Å’ Ã™Ë† Ã™â€¡Ã˜Â±Ã˜Â²ÃšÂ¯Ã™Ë†Ã›Å’Ã™â€ 
     got: Ø¨ÙˆØ³Ù†ÛŒ Ùˆ Ù‡Ø±Ø²Ú¯ÙˆÛŒÙ†
 ; [cca2=BA].translations.pol.common
Expected: BoÃ…â€ºnia i Hercegowina
     got: BoÅ›nia i Hercegowina
 ; [cca2=BA].translations.pol.official
Expected: BoÃ…â€ºnia i Hercegowina
     got: BoÅ›nia i Hercegowina
 ; [cca2=BA].translations.por.common
Expected: BÃƒÂ³snia e Herzegovina
     got: BÃ³snia e Herzegovina
 ; [cca2=BA].translations.por.official
Expected: BÃƒÂ³snia e Herzegovina
     got: BÃ³snia e Herzegovina
 ; [cca2=BA].translations.rus.common
Expected: Ã�â€˜Ã�Â¾Ã‘ï¿½Ã�Â½Ã�Â¸Ã‘ï¿½ Ã�Â¸ Ã�â€œÃ�ÂµÃ‘â‚¬Ã‘â€ Ã�ÂµÃ�Â³Ã�Â¾Ã�Â²Ã�Â¸Ã�Â½Ã�Â°
     got: Ð‘Ð¾Ñ�Ð½Ð¸Ñ� Ð¸ Ð“ÐµÑ€Ñ†ÐµÐ³Ð¾Ð²Ð¸Ð½Ð°
 ; [cca2=BA].translations.rus.official
Expected: Ã�â€˜Ã�Â¾Ã‘ï¿½Ã�Â½Ã�Â¸Ã‘ï¿½ Ã�Â¸ Ã�â€œÃ�ÂµÃ‘â‚¬Ã‘â€ Ã�ÂµÃ�Â³Ã�Â¾Ã�Â²Ã�Â¸Ã�Â½Ã�Â°
     got: Ð‘Ð¾Ñ�Ð½Ð¸Ñ� Ð¸ Ð“ÐµÑ€Ñ†ÐµÐ³Ð¾Ð²Ð¸Ð½Ð°
 ; [cca2=BA].translations.srp.common
Expected: Ã�â€˜Ã�Â¾Ã‘ï¿½Ã�Â½Ã�Â° Ã�Â¸ Ã�Â¥Ã�ÂµÃ‘â‚¬Ã‘â€ Ã�ÂµÃ�Â³Ã�Â¾Ã�Â²Ã�Â¸Ã�Â½Ã�Â°
     got: Ð‘Ð¾Ñ�Ð½Ð° Ð¸ Ð¥ÐµÑ€Ñ†ÐµÐ³Ð¾Ð²Ð¸Ð½Ð°
 ; [cca2=BA].translations.srp.official
Expected: Ã�â€˜Ã�Â¾Ã‘ï¿½Ã�Â½Ã�Â° Ã�Â¸ Ã�Â¥Ã�ÂµÃ‘â‚¬Ã‘â€ Ã�ÂµÃ�Â³Ã�Â¾Ã�Â²Ã�Â¸Ã�Â½Ã�Â°
     got: Ð‘Ð¾Ñ�Ð½Ð° Ð¸ Ð¥ÐµÑ€Ñ†ÐµÐ³Ð¾Ð²Ð¸Ð½Ð°
 ; [cca2=BA].translations.urd.common
Expected: Ã˜Â¨Ã™Ë†Ã˜Â³Ã™â€ Ã›Å’Ã˜Â§ Ã™Ë† Ã›ï¿½Ã˜Â±Ã˜Â²Ã›Å’ÃšÂ¯Ã™Ë†Ã™Ë†Ã›Å’Ã™â€ Ã˜Â§
     got: Ø¨ÙˆØ³Ù†ÛŒØ§ Ùˆ Û�Ø±Ø²ÛŒÚ¯ÙˆÙˆÛŒÙ†Ø§
 ; [cca2=BA].translations.urd.official
Expected: Ã˜Â¨Ã™Ë†Ã˜Â³Ã™â€ Ã›Å’Ã˜Â§ Ã™Ë† Ã›ï¿½Ã˜Â±Ã˜Â²Ã›Å’ÃšÂ¯Ã™Ë†Ã™Ë†Ã›Å’Ã™â€ Ã˜Â§
     got: Ø¨ÙˆØ³Ù†ÛŒØ§ Ùˆ Û�Ø±Ø²ÛŒÚ¯ÙˆÙˆÛŒÙ†Ø§
 ; [cca2=BA].translations.zho.common
Expected: Ã¦Â³Â¢Ã¦â€“Â¯Ã¥Â°Â¼Ã¤ÂºÅ¡Ã¥â€™Å’Ã©Â»â€˜Ã¥Â¡Å¾Ã¥â€œÂ¥Ã§Â»Â´Ã©â€šÂ£
     got: æ³¢æ–¯å°¼äºšå’Œé»‘å¡žå“¥ç»´é‚£
 ; [cca2=BA].translations.zho.official
Expected: Ã¦Â³Â¢Ã¦â€“Â¯Ã¥Â°Â¼Ã¤ÂºÅ¡Ã¥â€™Å’Ã©Â»â€˜Ã¥Â¡Å¾Ã¥â€œÂ¥Ã§Â»Â´Ã©â€šÂ£
     got: æ³¢æ–¯å°¼äºšå’Œé»‘å¡žå“¥ç»´é‚£
 ; [cca2=BB].flag
Expected: Ã°Å¸â€¡Â§Ã°Å¸â€¡Â§
     got: ðŸ‡§ðŸ‡§
 ; [cca2=BB].translations.ara.common
Expected: Ã˜Â¨Ã˜Â§Ã˜Â±Ã˜Â¨Ã˜Â§Ã˜Â¯Ã™Ë†Ã˜Â³
     got: Ø¨Ø§Ø±Ø¨Ø§Ø¯ÙˆØ³
 ; [cca2=BB].translations.ara.official
Expected: Ã˜Â¨Ã˜Â§Ã˜Â±Ã˜Â¨Ã˜Â§Ã˜Â¯Ã™Ë†Ã˜Â³
     got: Ø¨Ø§Ø±Ø¨Ø§Ø¯ÙˆØ³
 ; [cca2=BB].translations.jpn.common
Expected: Ã£Æ’ï¿½Ã£Æ’Â«Ã£Æ’ï¿½Ã£Æ’â€°Ã£â€šÂ¹
     got: ãƒ�ãƒ«ãƒ�ãƒ‰ã‚¹
 ; [cca2=BB].translations.jpn.official
Expected: Ã£Æ’ï¿½Ã£Æ’Â«Ã£Æ’ï¿½Ã£Æ’â€°Ã£â€šÂ¹
     got: ãƒ�ãƒ«ãƒ�ãƒ‰ã‚¹
 ; [cca2=BB].translations.kor.common
Expected: Ã«Â°â€�Ã«Â²Â Ã¬ï¿½Â´Ã«ï¿½â€žÃ¬Å Â¤
     got: ë°”ë² ì�´ë�„ìŠ¤
 ; [cca2=BB].translations.kor.official
Expected: Ã«Â°â€�Ã«Â²Â Ã¬ï¿½Â´Ã«ï¿½â€žÃ¬Å Â¤
     got: ë°”ë² ì�´ë�„ìŠ¤
 ; [cca2=BB].translations.per.common
Expected: Ã˜Â¨Ã˜Â§Ã˜Â±Ã˜Â¨Ã˜Â§Ã˜Â¯Ã™Ë†Ã˜Â³
     got: Ø¨Ø§Ø±Ø¨Ø§Ø¯ÙˆØ³
 ; [cca2=BB].translations.per.official
Expected: Ã˜Â¨Ã˜Â§Ã˜Â±Ã˜Â¨Ã˜Â§Ã˜Â¯Ã™Ë†Ã˜Â³
     got: Ø¨Ø§Ø±Ø¨Ø§Ø¯ÙˆØ³
 ; [cca2=BB].translations.rus.common
Expected: Ã�â€˜Ã�Â°Ã‘â‚¬Ã�Â±Ã�Â°Ã�Â´Ã�Â¾Ã‘ï¿½
     got: Ð‘Ð°Ñ€Ð±Ð°Ð´Ð¾Ñ�
 ; [cca2=BB].translations.rus.official
Expected: Ã�â€˜Ã�Â°Ã‘â‚¬Ã�Â±Ã�Â°Ã�Â´Ã�Â¾Ã‘ï¿½
     got: Ð‘Ð°Ñ€Ð±Ð°Ð´Ð¾Ñ�
 ; [cca2=BB].translations.srp.common
Expected: Ã�â€˜Ã�Â°Ã‘â‚¬Ã�Â±Ã�Â°Ã�Â´Ã�Â¾Ã‘ï¿½
     got: Ð‘Ð°Ñ€Ð±Ð°Ð´Ð¾Ñ�
 ; [cca2=BB].translations.srp.official
Expected: Ã�â€˜Ã�Â°Ã‘â‚¬Ã�Â±Ã�Â°Ã�Â´Ã�Â¾Ã‘ï¿½
     got: Ð‘Ð°Ñ€Ð±Ð°Ð´Ð¾Ñ�
 ; [cca2=BB].translations.urd.common
Expected: Ã˜Â¨Ã˜Â§Ã˜Â±Ã˜Â¨Ã˜Â§ÃšË†Ã™Ë†Ã˜Â³
     got: Ø¨Ø§Ø±Ø¨Ø§ÚˆÙˆØ³
 ; [cca2=BB].translations.urd.official
Expected: Ã˜Â¨Ã˜Â§Ã˜Â±Ã˜Â¨Ã˜Â§ÃšË†Ã™Ë†Ã˜Â³
     got: Ø¨Ø§Ø±Ø¨Ø§ÚˆÙˆØ³
 ; [cca2=BB].translations.zho.common
Expected: Ã¥Â·Â´Ã¥Â·Â´Ã¥Â¤Å¡Ã¦â€“Â¯
     got: å·´å·´å¤šæ–¯
 ; [cca2=BB].translations.zho.official
Expected: Ã¥Â·Â´Ã¥Â·Â´Ã¥Â¤Å¡Ã¦â€“Â¯
     got: å·´å·´å¤šæ–¯
 ; [cca2=RS].altSpellings[]
Expected: Ã�Â Ã�ÂµÃ�Â¿Ã‘Æ’Ã�Â±Ã�Â»Ã�Â¸Ã�ÂºÃ�Â° Ã�Â¡Ã‘â‚¬Ã�Â±Ã�Â¸Ã‘ËœÃ�Â°
     but none found
 ; [cca2=RS].altSpellings[]
Unexpected: Ð ÐµÐ¿ÑƒÐ±Ð»Ð¸ÐºÐ° Ð¡Ñ€Ð±Ð¸Ñ˜Ð°
 ; [cca2=RS].currencies.RSD.symbol
Expected: Ã�Â´Ã�Â¸Ã�Â½.
     got: Ð´Ð¸Ð½.
 ; [cca2=RS].flag
Expected: Ã°Å¸â€¡Â·Ã°Å¸â€¡Â¸
     got: ðŸ‡·ðŸ‡¸
 ; [cca2=RS].name.nativeName.srp.common
Expected: Ã�Â¡Ã‘â‚¬Ã�Â±Ã�Â¸Ã‘ËœÃ�Â°
     got: Ð¡Ñ€Ð±Ð¸Ñ˜Ð°
 ; [cca2=RS].name.nativeName.srp.official
Expected: Ã�Â Ã�ÂµÃ�Â¿Ã‘Æ’Ã�Â±Ã�Â»Ã�Â¸Ã�ÂºÃ�Â° Ã�Â¡Ã‘â‚¬Ã�Â±Ã�Â¸Ã‘ËœÃ�Â°
     got: Ð ÐµÐ¿ÑƒÐ±Ð»Ð¸ÐºÐ° Ð¡Ñ€Ð±Ð¸Ñ˜Ð°
 ; [cca2=RS].tld[]
Expected: .Ã‘ï¿½Ã‘â‚¬Ã�Â±
     but none found
 ; [cca2=RS].tld[]
Unexpected: .Ñ�Ñ€Ð±
 ; [cca2=RS].translations.ara.common
Expected: Ã˜ÂµÃ™Å Ã˜Â±Ã˜Â¨Ã™Å Ã˜Â§
     got: ØµÙŠØ±Ø¨ÙŠØ§
 ; [cca2=RS].translations.ara.official
Expected: Ã˜Â¬Ã™â€¦Ã™â€¡Ã™Ë†Ã˜Â±Ã™Å Ã˜Â© Ã˜ÂµÃ™Å Ã˜Â±Ã˜Â¨Ã™Å Ã˜Â§
     got: Ø¬Ù…Ù‡ÙˆØ±ÙŠØ© ØµÙŠØ±Ø¨ÙŠØ§
 ; [cca2=RS].translations.ces.official
Expected: SrbskÃƒÂ¡ republika
     got: SrbskÃ¡ republika
 ; [cca2=RS].translations.fra.official
Expected: RÃƒÂ©publique de Serbie
     got: RÃ©publique de Serbie
 ; [cca2=RS].translations.hun.official
Expected: Szerb KÃƒÂ¶ztÃƒÂ¡rsasÃƒÂ¡g
     got: Szerb KÃ¶ztÃ¡rsasÃ¡g
 ; [cca2=RS].translations.jpn.common
Expected: Ã£â€šÂ»Ã£Æ’Â«Ã£Æ’â€œÃ£â€šÂ¢
     got: ã‚»ãƒ«ãƒ“ã‚¢
 ; [cca2=RS].translations.jpn.official
Expected: Ã£â€šÂ»Ã£Æ’Â«Ã£Æ’â€œÃ£â€šÂ¢Ã¥â€¦Â±Ã¥â€™Å’Ã¥â€ºÂ½
     got: ã‚»ãƒ«ãƒ“ã‚¢å…±å’Œå›½
 ; [cca2=RS].translations.kor.common
Expected: Ã¬â€žÂ¸Ã«Â¥Â´Ã«Â¹â€žÃ¬â€¢â€ž
     got: ì„¸ë¥´ë¹„ì•„
 ; [cca2=RS].translations.kor.official
Expected: Ã¬â€žÂ¸Ã«Â¥Â´Ã«Â¹â€žÃ¬â€¢â€ž ÃªÂ³ÂµÃ­â„¢â€�ÃªÂµÂ­
     got: ì„¸ë¥´ë¹„ì•„ ê³µí™”êµ­
 ; [cca2=RS].translations.nld.common
Expected: ServiÃƒÂ«
     got: ServiÃ«
 ; [cca2=RS].translations.nld.official
Expected: Republiek ServiÃƒÂ«
     got: Republiek ServiÃ«
 ; [cca2=RS].translations.per.common
Expected: Ã˜ÂµÃ˜Â±Ã˜Â¨Ã˜Â³Ã˜ÂªÃ˜Â§Ã™â€ 
     got: ØµØ±Ø¨Ø³ØªØ§Ù†
 ; [cca2=RS].translations.per.official
Expected: Ã˜Â¬Ã™â€¦Ã™â€¡Ã™Ë†Ã˜Â±Ã›Å’ Ã˜ÂµÃ˜Â±Ã˜Â¨Ã˜Â³Ã˜ÂªÃ˜Â§Ã™â€ 
     got: Ø¬Ù…Ù‡ÙˆØ±ÛŒ ØµØ±Ø¨Ø³ØªØ§Ù†
 ; [cca2=RS].translations.por.common
Expected: SÃƒÂ©rvia
     got: SÃ©rvia
 ; [cca2=RS].translations.por.official
Expected: RepÃƒÂºblica da SÃƒÂ©rvia
     got: RepÃºblica da SÃ©rvia
 ; [cca2=RS].translations.rus.common
Expected: Ã�Â¡Ã�ÂµÃ‘â‚¬Ã�Â±Ã�Â¸Ã‘ï¿½
     got: Ð¡ÐµÑ€Ð±Ð¸Ñ�
 ; [cca2=RS].translations.rus.official
Expected: Ã�Â Ã�ÂµÃ‘ï¿½Ã�Â¿Ã‘Æ’Ã�Â±Ã�Â»Ã�Â¸Ã�ÂºÃ�Â° Ã�Â¡Ã�ÂµÃ‘â‚¬Ã�Â±Ã�Â¸Ã‘ï¿½
     got: Ð ÐµÑ�Ð¿ÑƒÐ±Ð»Ð¸ÐºÐ° Ð¡ÐµÑ€Ð±Ð¸Ñ�
 ; [cca2=RS].translations.slk.official
Expected: SrbskÃƒÂ¡ republika
     got: SrbskÃ¡ republika
 ; [cca2=RS].translations.spa.official
Expected: RepÃƒÂºblica de Serbia
     got: RepÃºblica de Serbia
 ; [cca2=RS].translations.srp.common
Expected: Ã�Â¡Ã‘â‚¬Ã�Â±Ã�Â¸Ã‘ËœÃ�Â°
     got: Ð¡Ñ€Ð±Ð¸Ñ˜Ð°
 ; [cca2=RS].translations.srp.official
Expected: Ã�Â Ã�ÂµÃ�Â¿Ã‘Æ’Ã�Â±Ã�Â»Ã�Â¸Ã�ÂºÃ�Â° Ã�Â¡Ã‘â‚¬Ã�Â±Ã�Â¸Ã‘ËœÃ�Â°
     got: Ð ÐµÐ¿ÑƒÐ±Ð»Ð¸ÐºÐ° Ð¡Ñ€Ð±Ð¸Ñ˜Ð°
 ; [cca2=RS].translations.tur.common
Expected: SÃ„Â±rbistan
     got: SÄ±rbistan
 ; [cca2=RS].translations.tur.official
Expected: SÃ„Â±rbistan Cumhuriyeti
     got: SÄ±rbistan Cumhuriyeti
 ; [cca2=RS].translations.urd.common
Expected: Ã˜Â³Ã˜Â±Ã˜Â¨Ã›Å’Ã˜Â§
     got: Ø³Ø±Ø¨ÛŒØ§
 ; [cca2=RS].translations.urd.official
Expected: Ã˜Â¬Ã™â€¦Ã›ï¿½Ã™Ë†Ã˜Â±Ã›Å’Ã›ï¿½ Ã˜Â³Ã˜Â±Ã˜Â¨Ã›Å’Ã˜Â§
     got: Ø¬Ù…Û�ÙˆØ±ÛŒÛ� Ø³Ø±Ø¨ÛŒØ§
 ; [cca2=RS].translations.zho.common
Expected: Ã¥Â¡Å¾Ã¥Â°â€�Ã§Â»Â´Ã¤ÂºÅ¡
     got: å¡žå°”ç»´äºš
 ; [cca2=RS].translations.zho.official
Expected: Ã¥Â¡Å¾Ã¥Â°â€�Ã§Â»Â´Ã¤ÂºÅ¡Ã¥â€¦Â±Ã¥â€™Å’Ã¥â€ºÂ½
     got: å¡žå°”ç»´äºšå…±å’Œå›½
 ; [cca2=BD].altSpellings[]
Expected: GÃƒÂ´nÃƒÂ´prÃƒÂ´jatÃƒÂ´ntri Bangladesh
     but none found
 ; [cca2=BD].altSpellings[]
Unexpected: GÃ´nÃ´prÃ´jatÃ´ntri Bangladesh
 ; [cca2=BD].currencies.BDT.symbol
Expected: Ã Â§Â³
     got: à§³
 ; [cca2=BD].flag
Expected: Ã°Å¸â€¡Â§Ã°Å¸â€¡Â©
     got: ðŸ‡§ðŸ‡©
 ; [cca2=BD].name.nativeName.ben.common
Expected: Ã Â¦Â¬Ã Â¦Â¾Ã Â¦â€šÃ Â¦Â²Ã Â¦Â¾Ã Â¦Â¦Ã Â§â€¡Ã Â¦Â¶
     got: à¦¬à¦¾à¦‚à¦²à¦¾à¦¦à§‡à¦¶
 ; [cca2=BD].name.nativeName.ben.official
Expected: Ã Â¦Â¬Ã Â¦Â¾Ã Â¦â€šÃ Â¦Â²Ã Â¦Â¾Ã Â¦Â¦Ã Â§â€¡Ã Â¦Â¶ Ã Â¦â€”Ã Â¦Â£Ã Â¦ÂªÃ Â§ï¿½Ã Â¦Â°Ã Â¦Å“Ã Â¦Â¾Ã Â¦Â¤Ã Â¦Â¨Ã Â§ï¿½Ã Â¦Â¤Ã Â§ï¿½Ã Â¦Â°Ã Â§â‚¬
     got: à¦¬à¦¾à¦‚à¦²à¦¾à¦¦à§‡à¦¶ à¦—à¦£à¦ªà§�à¦°à¦œà¦¾à¦¤à¦¨à§�à¦¤à§�à¦°à§€
 ; [cca2=BD].translations.ara.common
Expected: Ã˜Â¨Ã™â€ Ã˜ÂºÃ™â€žÃ˜Â§Ã˜Â¯Ã™Å Ã˜Â´
     got: Ø¨Ù†ØºÙ„Ø§Ø¯ÙŠØ´
 ; [cca2=BD].translations.ara.official
Expected: Ã˜Â¬Ã™â€¦Ã™â€¡Ã™Ë†Ã˜Â±Ã™Å Ã˜Â© Ã˜Â¨Ã™â€ Ã˜ÂºÃ™â€žÃ˜Â§Ã˜Â¯Ã™Å Ã˜Â´ Ã˜Â§Ã™â€žÃ˜Â´Ã˜Â¹Ã˜Â¨Ã™Å Ã˜Â©
     got: Ø¬Ù…Ù‡ÙˆØ±ÙŠØ© Ø¨Ù†ØºÙ„Ø§Ø¯ÙŠØ´ Ø§Ù„Ø´Ø¹Ø¨ÙŠØ©
 ; [cca2=BD].translations.ces.common
Expected: BangladÃƒÂ©Ã…Â¡
     got: BangladÃ©Å¡
 ; [cca2=BD].translations.ces.official
Expected: BangladÃƒÂ©Ã…Â¡skÃƒÂ¡ lidovÃƒÂ¡ republika
     got: BangladÃ©Å¡skÃ¡ lidovÃ¡ republika
 ; [cca2=BD].translations.fra.official
Expected: La RÃƒÂ©publique populaire du Bangladesh
     got: La RÃ©publique populaire du Bangladesh
 ; [cca2=BD].translations.hrv.common
Expected: BangladeÃ…Â¡
     got: BangladeÅ¡
 ; [cca2=BD].translations.hrv.official
Expected: Narodna Republika BangladeÃ…Â¡
     got: Narodna Republika BangladeÅ¡
 ; [cca2=BD].translations.jpn.common
Expected: Ã£Æ’ï¿½Ã£Æ’Â³Ã£â€šÂ°Ã£Æ’Â©Ã£Æ’â€¡Ã£â€šÂ·Ã£Æ’Â¥
     got: ãƒ�ãƒ³ã‚°ãƒ©ãƒ‡ã‚·ãƒ¥
 ; [cca2=BD].translations.jpn.official
Expected: Ã£Æ’ï¿½Ã£Æ’Â³Ã£â€šÂ°Ã£Æ’Â©Ã£Æ’â€¡Ã£â€šÂ·Ã£Æ’Â¥Ã¤ÂºÂºÃ¦Â°â€˜Ã¥â€¦Â±Ã¥â€™Å’Ã¥â€ºÂ½
     got: ãƒ�ãƒ³ã‚°ãƒ©ãƒ‡ã‚·ãƒ¥äººæ°‘å…±å’Œå›½
 ; [cca2=BD].translations.kor.common
Expected: Ã«Â°Â©ÃªÂ¸â‚¬Ã«ï¿½Â¼Ã«ï¿½Â°Ã¬â€¹Å“
     got: ë°©ê¸€ë�¼ë�°ì‹œ
 ; [cca2=BD].translations.kor.official
Expected: Ã«Â°Â©ÃªÂ¸â‚¬Ã«ï¿½Â¼Ã«ï¿½Â°Ã¬â€¹Å“ Ã¬ï¿½Â¸Ã«Â¯Â¼ ÃªÂ³ÂµÃ­â„¢â€�ÃªÂµÂ­
     got: ë°©ê¸€ë�¼ë�°ì‹œ ì�¸ë¯¼ ê³µí™”êµ­
 ; [cca2=BD].translations.per.common
Expected: Ã˜Â¨Ã™â€ ÃšÂ¯Ã™â€žÃ˜Â§Ã˜Â¯Ã˜Â´
     got: Ø¨Ù†Ú¯Ù„Ø§Ø¯Ø´
 ; [cca2=BD].translations.per.official
Expected: Ã˜Â¬Ã™â€¦Ã™â€¡Ã™Ë†Ã˜Â±Ã›Å’ Ã˜Â®Ã™â€žÃ™â€š Ã˜Â¨Ã™â€ ÃšÂ¯Ã™â€žÃ˜Â§Ã˜Â¯Ã˜Â´
     got: Ø¬Ù…Ù‡ÙˆØ±ÛŒ Ø®Ù„Ù‚ Ø¨Ù†Ú¯Ù„Ø§Ø¯Ø´
 ; [cca2=BD].translations.por.official
Expected: RepÃƒÂºblica Popular do Bangladesh
     got: RepÃºblica Popular do Bangladesh
 ; [cca2=BD].translations.rus.common
Expected: Ã�â€˜Ã�Â°Ã�Â½Ã�Â³Ã�Â»Ã�Â°Ã�Â´Ã�ÂµÃ‘Ë†
     got: Ð‘Ð°Ð½Ð³Ð»Ð°Ð´ÐµÑˆ
 ; [cca2=BD].translations.rus.official
Expected: Ã�ï¿½Ã�Â°Ã‘â‚¬Ã�Â¾Ã�Â´Ã�Â½Ã�Â°Ã‘ï¿½ Ã�Â Ã�ÂµÃ‘ï¿½Ã�Â¿Ã‘Æ’Ã�Â±Ã�Â»Ã�Â¸Ã�ÂºÃ�Â° Ã�â€˜Ã�Â°Ã�Â½Ã�Â³Ã�Â»Ã�Â°Ã�Â´Ã�ÂµÃ‘Ë†
     got: Ð�Ð°Ñ€Ð¾Ð´Ð½Ð°Ñ� Ð ÐµÑ�Ð¿ÑƒÐ±Ð»Ð¸ÐºÐ° Ð‘Ð°Ð½Ð³Ð»Ð°Ð´ÐµÑˆ
 ; [cca2=BD].translations.slk.common
Expected: BangladÃƒÂ©Ã…Â¡
     got: BangladÃ©Å¡
 ; [cca2=BD].translations.slk.official
Expected: BangladÃƒÂ©Ã…Â¡ska Ã„Â¾udovÃƒÂ¡ republika
     got: BangladÃ©Å¡ska Ä¾udovÃ¡ republika
 ; [cca2=BD].translations.spa.official
Expected: RepÃƒÂºblica Popular de Bangladesh
     got: RepÃºblica Popular de Bangladesh
 ; [cca2=BD].translations.srp.common
Expected: Ã�â€˜Ã�Â°Ã�Â½Ã�Â³Ã�Â»Ã�Â°Ã�Â´Ã�ÂµÃ‘Ë†
     got: Ð‘Ð°Ð½Ð³Ð»Ð°Ð´ÐµÑˆ
 ; [cca2=BD].translations.srp.official
Expected: Ã�ï¿½Ã�Â°Ã‘â‚¬Ã�Â¾Ã�Â´Ã�Â½Ã�Â° Ã�Â Ã�ÂµÃ�Â¿Ã‘Æ’Ã�Â±Ã�Â»Ã�Â¸Ã�ÂºÃ�Â° Ã�â€˜Ã�Â°Ã�Â½Ã�Â³Ã�Â»Ã�Â°Ã�Â´Ã�ÂµÃ‘Ë†
     got: Ð�Ð°Ñ€Ð¾Ð´Ð½Ð° Ð ÐµÐ¿ÑƒÐ±Ð»Ð¸ÐºÐ° Ð‘Ð°Ð½Ð³Ð»Ð°Ð´ÐµÑˆ
 ; [cca2=BD].translations.tur.common
Expected: BangladeÃ…Å¸
     got: BangladeÅŸ
 ; [cca2=BD].translations.tur.official
Expected: BangladeÃ…Å¸ Halk Cumhuriyeti
     got: BangladeÅŸ Halk Cumhuriyeti
 ; [cca2=BD].translations.urd.common
Expected: Ã˜Â¨Ã™â€ ÃšÂ¯Ã™â€žÃ›ï¿½ Ã˜Â¯Ã›Å’Ã˜Â´
     got: Ø¨Ù†Ú¯Ù„Û� Ø¯ÛŒØ´
 ; [cca2=BD].translations.urd.official
Expected: Ã˜Â¹Ã™Ë†Ã˜Â§Ã™â€¦Ã›Å’ Ã˜Â¬Ã™â€¦Ã›ï¿½Ã™Ë†Ã˜Â±Ã›Å’Ã›ï¿½ Ã˜Â¨Ã™â€ ÃšÂ¯Ã™â€žÃ›ï¿½ Ã˜Â¯Ã›Å’Ã˜Â´
     got: Ø¹ÙˆØ§Ù…ÛŒ Ø¬Ù…Û�ÙˆØ±ÛŒÛ� Ø¨Ù†Ú¯Ù„Û� Ø¯ÛŒØ´
 ; [cca2=BD].translations.zho.common
Expected: Ã¥Â­Å¸Ã¥Å Â Ã¦â€¹â€°Ã¥â€ºÂ½
     got: å­ŸåŠ æ‹‰å›½
 ; [cca2=BD].translations.zho.official
Expected: Ã¥Â­Å¸Ã¥Å Â Ã¦â€¹â€°Ã¤ÂºÂºÃ¦Â°â€˜Ã¥â€¦Â±Ã¥â€™Å’Ã¥â€ºÂ½
     got: å­ŸåŠ æ‹‰äººæ°‘å…±å’Œå›½
 ; [cca2=RU].altSpellings[]
Expected: Ã�Â Ã�Â¾Ã‘ï¿½Ã‘ï¿½Ã�Â¸Ã�Â¹Ã‘ï¿½Ã�ÂºÃ�Â°Ã‘ï¿½ Ã�Â¤Ã�ÂµÃ�Â´Ã�ÂµÃ‘â‚¬Ã�Â°Ã‘â€ Ã�Â¸Ã‘ï¿½
     but none found
 ; [cca2=RU].altSpellings[]
Unexpected: Ð Ð¾Ñ�Ñ�Ð¸Ð¹Ñ�ÐºÐ°Ñ� Ð¤ÐµÐ´ÐµÑ€Ð°Ñ†Ð¸Ñ�
 ; [cca2=RU].currencies.RUB.symbol
Expected: Ã¢â€šÂ½
     got: â‚½
 ; [cca2=RU].flag
Expected: Ã°Å¸â€¡Â·Ã°Å¸â€¡Âº
     got: ðŸ‡·ðŸ‡º
 ; [cca2=RU].name.nativeName.rus.common
Expected: Ã�Â Ã�Â¾Ã‘ï¿½Ã‘ï¿½Ã�Â¸Ã‘ï¿½
     got: Ð Ð¾Ñ�Ñ�Ð¸Ñ�
 ; [cca2=RU].name.nativeName.rus.official
Expected: Ã�Â Ã�Â¾Ã‘ï¿½Ã‘ï¿½Ã�Â¸Ã�Â¹Ã‘ï¿½Ã�ÂºÃ�Â°Ã‘ï¿½ Ã�Â¤Ã�ÂµÃ�Â´Ã�ÂµÃ‘â‚¬Ã�Â°Ã‘â€ Ã�Â¸Ã‘ï¿½
     got: Ð Ð¾Ñ�Ñ�Ð¸Ð¹Ñ�ÐºÐ°Ñ� Ð¤ÐµÐ´ÐµÑ€Ð°Ñ†Ð¸Ñ�
 ; [cca2=RU].tld[]
Expected: .Ã‘â‚¬Ã‘â€ž
     but none found
 ; [cca2=RU].tld[]
Unexpected: .Ñ€Ñ„
 ; [cca2=RU].translations.ara.common
Expected: Ã˜Â±Ã™Ë†Ã˜Â³Ã™Å Ã˜Â§
     got: Ø±ÙˆØ³ÙŠØ§
 ; [cca2=RU].translations.ara.official
Expected: Ã˜Â±Ã™Ë†Ã˜Â³Ã™Å Ã˜Â§ Ã˜Â§Ã™â€žÃ˜Â§Ã˜ÂªÃ˜Â­Ã˜Â§Ã˜Â¯Ã™Å Ã˜Â©
     got: Ø±ÙˆØ³ÙŠØ§ Ø§Ù„Ø§ØªØ­Ø§Ø¯ÙŠØ©
 ; [cca2=RU].translations.ces.official
Expected: RuskÃƒÂ¡ federace
     got: RuskÃ¡ federace
 ; [cca2=RU].translations.deu.official
Expected: Russische FÃƒÂ¶deration
     got: Russische FÃ¶deration
 ; [cca2=RU].translations.est.official
Expected: Venemaa FÃƒÂ¶deratsioon
     got: Venemaa FÃ¶deratsioon
 ; [cca2=RU].translations.fin.common
Expected: VenÃƒÂ¤jÃƒÂ¤
     got: VenÃ¤jÃ¤
 ; [cca2=RU].translations.fin.official
Expected: VenÃƒÂ¤jÃƒÂ¤n federaatio
     got: VenÃ¤jÃ¤n federaatio
 ; [cca2=RU].translations.fra.official
Expected: FÃƒÂ©dÃƒÂ©ration de Russie
     got: FÃ©dÃ©ration de Russie
 ; [cca2=RU].translations.hun.common
Expected: OroszorszÃƒÂ¡g
     got: OroszorszÃ¡g
 ; [cca2=RU].translations.hun.official
Expected: OroszorszÃƒÂ¡gi FÃƒÂ¶derÃƒÂ¡ciÃƒÂ³
     got: OroszorszÃ¡gi FÃ¶derÃ¡ciÃ³
 ; [cca2=RU].translations.jpn.common
Expected: Ã£Æ’Â­Ã£â€šÂ·Ã£â€šÂ¢Ã©â‚¬Â£Ã©â€šÂ¦
     got: ãƒ­ã‚·ã‚¢é€£é‚¦
 ; [cca2=RU].translations.jpn.official
Expected: Ã£Æ’Â­Ã£â€šÂ·Ã£â€šÂ¢Ã©â‚¬Â£Ã©â€šÂ¦
     got: ãƒ­ã‚·ã‚¢é€£é‚¦
 ; [cca2=RU].translations.kor.common
Expected: Ã«Å¸Â¬Ã¬â€¹Å“Ã¬â€¢â€ž
     got: ëŸ¬ì‹œì•„
 ; [cca2=RU].translations.kor.official
Expected: Ã«Å¸Â¬Ã¬â€¹Å“Ã¬â€¢â€ž Ã¬â€”Â°Ã«Â°Â©
     got: ëŸ¬ì‹œì•„ ì—°ë°©
 ; [cca2=RU].translations.per.common
Expected: Ã˜Â±Ã™Ë†Ã˜Â³Ã›Å’Ã™â€¡
     got: Ø±ÙˆØ³ÛŒÙ‡
 ; [cca2=RU].translations.per.official
Expected: Ã™ï¿½Ã˜Â¯Ã˜Â±Ã˜Â§Ã˜Â³Ã›Å’Ã™Ë†Ã™â€  Ã˜Â±Ã™Ë†Ã˜Â³Ã›Å’Ã™â€¡
     got: Ù�Ø¯Ø±Ø§Ø³ÛŒÙˆÙ† Ø±ÙˆØ³ÛŒÙ‡
 ; [cca2=RU].translations.por.common
Expected: RÃƒÂºssia
     got: RÃºssia
 ; [cca2=RU].translations.por.official
Expected: FederaÃƒÂ§ÃƒÂ£o Russa
     got: FederaÃ§Ã£o Russa
 ; [cca2=RU].translations.rus.common
Expected: Ã�Â Ã�Â¾Ã‘ï¿½Ã‘ï¿½Ã�Â¸Ã‘ï¿½
     got: Ð Ð¾Ñ�Ñ�Ð¸Ñ�
 ; [cca2=RU].translations.rus.official
Expected: Ã�Â Ã�Â¾Ã‘ï¿½Ã‘ï¿½Ã�Â¸Ã�Â¹Ã‘ï¿½Ã�ÂºÃ�Â°Ã‘ï¿½ Ã�Â¤Ã�ÂµÃ�Â´Ã�ÂµÃ‘â‚¬Ã�Â°Ã‘â€ Ã�Â¸Ã‘ï¿½
     got: Ð Ð¾Ñ�Ñ�Ð¸Ð¹Ñ�ÐºÐ°Ñ� Ð¤ÐµÐ´ÐµÑ€Ð°Ñ†Ð¸Ñ�
 ; [cca2=RU].translations.slk.official
Expected: RuskÃƒÂ¡ federÃƒÂ¡cia
     got: RuskÃ¡ federÃ¡cia
 ; [cca2=RU].translations.spa.official
Expected: FederaciÃƒÂ³n de Rusia
     got: FederaciÃ³n de Rusia
 ; [cca2=RU].translations.srp.common
Expected: Ã�Â Ã‘Æ’Ã‘ï¿½Ã�Â¸Ã‘ËœÃ�Â°
     got: Ð ÑƒÑ�Ð¸Ñ˜Ð°
 ; [cca2=RU].translations.srp.official
Expected: Ã�Â Ã‘Æ’Ã‘ï¿½Ã�ÂºÃ�Â° Ã�Â¤Ã�ÂµÃ�Â´Ã�ÂµÃ‘â‚¬Ã�Â°Ã‘â€ Ã�Â¸Ã‘ËœÃ�Â°
     got: Ð ÑƒÑ�ÐºÐ° Ð¤ÐµÐ´ÐµÑ€Ð°Ñ†Ð¸Ñ˜Ð°
 ; [cca2=RU].translations.urd.common
Expected: Ã˜Â±Ã™Ë†Ã˜Â³
     got: Ø±ÙˆØ³
 ; [cca2=RU].translations.urd.official
Expected: Ã˜Â±Ã™Ë†Ã˜Â³Ã›Å’ Ã™Ë†Ã™ï¿½Ã˜Â§Ã™â€š
     got: Ø±ÙˆØ³ÛŒ ÙˆÙ�Ø§Ù‚
 ; [cca2=RU].translations.zho.common
Expected: Ã¤Â¿â€žÃ§Â½â€”Ã¦â€“Â¯
     got: ä¿„ç½—æ–¯
 ; [cca2=RU].translations.zho.official
Expected: Ã¤Â¿â€žÃ§Â½â€”Ã¦â€“Â¯Ã¨ï¿½â€�Ã©â€šÂ¦
     got: ä¿„ç½—æ–¯è�”é‚¦
 ; [cca2=BE].altSpellings[]
Expected: KÃƒÂ¶nigreich Belgien
     but none found
 ; [cca2=BE].altSpellings[]
Expected: BelgiÃƒÂ«
     but none found
 ; [cca2=BE].altSpellings[]
Expected: Koninkrijk BelgiÃƒÂ«
     but none found
 ; [cca2=BE].altSpellings[]
Unexpected: BelgiÃ«
 ; [cca2=BE].altSpellings[]
Unexpected: KÃ¶nigreich Belgien
 ; [cca2=BE].altSpellings[]
Unexpected: Koninkrijk BelgiÃ«
 ; [cca2=BE].currencies.EUR.symbol
Expected: Ã¢â€šÂ¬
     got: â‚¬
 ; [cca2=BE].flag
Expected: Ã°Å¸â€¡Â§Ã°Å¸â€¡Âª
     got: ðŸ‡§ðŸ‡ª
 ; [cca2=BE].name.nativeName.deu.official
Expected: KÃƒÂ¶nigreich Belgien
     got: KÃ¶nigreich Belgien
 ; [cca2=BE].name.nativeName.nld.common
Expected: BelgiÃƒÂ«
     got: BelgiÃ«
 ; [cca2=BE].name.nativeName.nld.official
Expected: Koninkrijk BelgiÃƒÂ«
     got: Koninkrijk BelgiÃ«
 ; [cca2=BE].translations.ara.common
Expected: Ã˜Â¨Ã™â€žÃ˜Â¬Ã™Å Ã™Æ’Ã˜Â§
     got: Ø¨Ù„Ø¬ÙŠÙƒØ§
 ; [cca2=BE].translations.ara.official
Expected: Ã™â€¦Ã™â€¦Ã™â€žÃ™Æ’Ã˜Â© Ã˜Â¨Ã™â€žÃ˜Â¬Ã™Å Ã™Æ’Ã˜Â§
     got: Ù…Ù…Ù„ÙƒØ© Ø¨Ù„Ø¬ÙŠÙƒØ§
 ; [cca2=BE].translations.ces.official
Expected: BelgickÃƒÂ© krÃƒÂ¡lovstvÃƒÂ­
     got: BelgickÃ© krÃ¡lovstvÃ­
 ; [cca2=BE].translations.deu.official
Expected: KÃƒÂ¶nigreich Belgien
     got: KÃ¶nigreich Belgien
 ; [cca2=BE].translations.hun.official
Expected: Belga KirÃƒÂ¡lysÃƒÂ¡g
     got: Belga KirÃ¡lysÃ¡g
 ; [cca2=BE].translations.jpn.common
Expected: Ã£Æ’â„¢Ã£Æ’Â«Ã£â€šÂ®Ã£Æ’Â¼
     got: ãƒ™ãƒ«ã‚®ãƒ¼
 ; [cca2=BE].translations.jpn.official
Expected: Ã£Æ’â„¢Ã£Æ’Â«Ã£â€šÂ®Ã£Æ’Â¼Ã§Å½â€¹Ã¥â€ºÂ½
     got: ãƒ™ãƒ«ã‚®ãƒ¼çŽ‹å›½
 ; [cca2=BE].translations.kor.common
Expected: Ã«Â²Â¨ÃªÂ¸Â°Ã¬â€”ï¿½
     got: ë²¨ê¸°ì—�
 ; [cca2=BE].translations.kor.official
Expected: Ã«Â²Â¨ÃªÂ¸Â°Ã¬â€”ï¿½ Ã¬â„¢â€¢ÃªÂµÂ­
     got: ë²¨ê¸°ì—� ì™•êµ­
 ; [cca2=BE].translations.nld.common
Expected: BelgiÃƒÂ«
     got: BelgiÃ«
 ; [cca2=BE].translations.nld.official
Expected: Koninkrijk BelgiÃƒÂ«
     got: Koninkrijk BelgiÃ«
 ; [cca2=BE].translations.per.common
Expected: Ã˜Â¨Ã™â€žÃšËœÃ›Å’ÃšÂ©
     got: Ø¨Ù„Ú˜ÛŒÚ©
 ; [cca2=BE].translations.per.official
Expected: Ã™Â¾Ã˜Â§Ã˜Â¯Ã˜Â´Ã˜Â§Ã™â€¡Ã›Å’ Ã˜Â¨Ã™â€žÃšËœÃ›Å’ÃšÂ©
     got: Ù¾Ø§Ø¯Ø´Ø§Ù‡ÛŒ Ø¨Ù„Ú˜ÛŒÚ©
 ; [cca2=BE].translations.pol.official
Expected: KrÃƒÂ³lestwo Belgii
     got: KrÃ³lestwo Belgii
 ; [cca2=BE].translations.por.common
Expected: BÃƒÂ©lgica
     got: BÃ©lgica
 ; [cca2=BE].translations.por.official
Expected: Reino da BÃƒÂ©lgica
     got: Reino da BÃ©lgica
 ; [cca2=BE].translations.rus.common
Expected: Ã�â€˜Ã�ÂµÃ�Â»Ã‘Å’Ã�Â³Ã�Â¸Ã‘ï¿½
     got: Ð‘ÐµÐ»ÑŒÐ³Ð¸Ñ�
 ; [cca2=BE].translations.rus.official
Expected: Ã�Å¡Ã�Â¾Ã‘â‚¬Ã�Â¾Ã�Â»Ã�ÂµÃ�Â²Ã‘ï¿½Ã‘â€šÃ�Â²Ã�Â¾ Ã�â€˜Ã�ÂµÃ�Â»Ã‘Å’Ã�Â³Ã�Â¸Ã‘ï¿½
     got: ÐšÐ¾Ñ€Ð¾Ð»ÐµÐ²Ñ�Ñ‚Ð²Ð¾ Ð‘ÐµÐ»ÑŒÐ³Ð¸Ñ�
 ; [cca2=BE].translations.slk.official
Expected: BelgickÃƒÂ© krÃƒÂ¡Ã„Â¾ovstvo
     got: BelgickÃ© krÃ¡Ä¾ovstvo
 ; [cca2=BE].translations.spa.common
Expected: BÃƒÂ©lgica
     got: BÃ©lgica
 ; [cca2=BE].translations.spa.official
Expected: Reino de BÃƒÂ©lgica
     got: Reino de BÃ©lgica
 ; [cca2=BE].translations.srp.common
Expected: Ã�â€˜Ã�ÂµÃ�Â»Ã�Â³Ã�Â¸Ã‘ËœÃ�Â°
     got: Ð‘ÐµÐ»Ð³Ð¸Ñ˜Ð°
 ; [cca2=BE].translations.srp.official
Expected: Ã�Å¡Ã‘â‚¬Ã�Â°Ã‘â„¢Ã�ÂµÃ�Â²Ã�Â¸Ã�Â½Ã�Â° Ã�â€˜Ã�ÂµÃ�Â»Ã�Â³Ã�Â¸Ã‘ËœÃ�Â°
     got: ÐšÑ€Ð°Ñ™ÐµÐ²Ð¸Ð½Ð° Ð‘ÐµÐ»Ð³Ð¸Ñ˜Ð°
 ; [cca2=BE].translations.tur.common
Expected: BelÃ„Å¸ika
     got: BelÄŸika
 ; [cca2=BE].translations.tur.official
Expected: BelÃƒÂ§ika KrallÃ„Â±Ã„Å¸Ã„Â±
     got: BelÃ§ika KrallÄ±ÄŸÄ±
 ; [cca2=BE].translations.urd.common
Expected: Ã˜Â¨Ã™â€žÃ˜Â¬Ã˜Â¦Ã›Å’Ã™â€¦
     got: Ø¨Ù„Ø¬Ø¦ÛŒÙ…
 ; [cca2=BE].translations.urd.official
Expected: Ã™â€¦Ã™â€¦Ã™â€žÃšÂ©Ã˜ÂªÃ™ï¿½ Ã˜Â¨Ã™â€žÃ˜Â¬Ã˜Â¦Ã›Å’Ã™â€¦
     got: Ù…Ù…Ù„Ú©ØªÙ� Ø¨Ù„Ø¬Ø¦ÛŒÙ…
 ; [cca2=BE].translations.zho.common
Expected: Ã¦Â¯â€�Ã¥Ë†Â©Ã¦â€”Â¶
     got: æ¯”åˆ©æ—¶
 ; [cca2=BE].translations.zho.official
Expected: Ã¦Â¯â€�Ã¥Ë†Â©Ã¦â€”Â¶Ã§Å½â€¹Ã¥â€ºÂ½
     got: æ¯”åˆ©æ—¶çŽ‹å›½
 ; [cca2=BF].demonyms.fra.f
Expected: BurkinabÃƒÂ©e
     got: BurkinabÃ©e
 ; [cca2=BF].demonyms.fra.m
Expected: BurkinabÃƒÂ©
     got: BurkinabÃ©
 ; [cca2=BF].flag
Expected: Ã°Å¸â€¡Â§Ã°Å¸â€¡Â«
     got: ðŸ‡§ðŸ‡«
 ; [cca2=BF].name.nativeName.fra.official
Expected: RÃƒÂ©publique du Burkina
     got: RÃ©publique du Burkina
 ; [cca2=BF].translations.ara.common
Expected: Ã˜Â¨Ã™Ë†Ã˜Â±Ã™Æ’Ã™Å Ã™â€ Ã˜Â§ Ã™ï¿½Ã˜Â§Ã˜Â³Ã™Ë†
     got: Ø¨ÙˆØ±ÙƒÙŠÙ†Ø§ Ù�Ø§Ø³Ùˆ
 ; [cca2=BF].translations.ara.official
Expected: Ã˜Â¨Ã™Ë†Ã˜Â±Ã™Æ’Ã™Å Ã™â€ Ã˜Â§ Ã™ï¿½Ã˜Â§Ã˜Â³Ã™Ë†
     got: Ø¨ÙˆØ±ÙƒÙŠÙ†Ø§ Ù�Ø§Ø³Ùˆ
 ; [cca2=BF].translations.fra.official
Expected: RÃƒÂ©publique du Burkina
     got: RÃ©publique du Burkina
 ; [cca2=BF].translations.jpn.common
Expected: Ã£Æ’â€“Ã£Æ’Â«Ã£â€šÂ­Ã£Æ’Å Ã£Æ’â€¢Ã£â€šÂ¡Ã£â€šÂ½
     got: ãƒ–ãƒ«ã‚­ãƒŠãƒ•ã‚¡ã‚½
 ; [cca2=BF].translations.jpn.official
Expected: Ã£Æ’â€“Ã£Æ’Â«Ã£â€šÂ­Ã£Æ’Å Ã£Æ’â€¢Ã£â€šÂ¡Ã£â€šÂ½
     got: ãƒ–ãƒ«ã‚­ãƒŠãƒ•ã‚¡ã‚½
 ; [cca2=BF].translations.kor.common
Expected: Ã«Â¶â‚¬Ã«Â¥Â´Ã­â€šÂ¤Ã«â€šËœÃ­Å’Å’Ã¬â€ Å’
     got: ë¶€ë¥´í‚¤ë‚˜íŒŒì†Œ
 ; [cca2=BF].translations.kor.official
Expected: Ã«Â¶â‚¬Ã«Â¥Â´Ã­â€šÂ¤Ã«â€šËœÃ­Å’Å’Ã¬â€ Å’
     got: ë¶€ë¥´í‚¤ë‚˜íŒŒì†Œ
 ; [cca2=BF].translations.per.common
Expected: Ã˜Â¨Ã™Ë†Ã˜Â±ÃšÂ©Ã›Å’Ã™â€ Ã˜Â§Ã™ï¿½Ã˜Â§Ã˜Â³Ã™Ë†
     got: Ø¨ÙˆØ±Ú©ÛŒÙ†Ø§Ù�Ø§Ø³Ùˆ
 ; [cca2=BF].translations.per.official
Expected: Ã˜Â¨Ã™Ë†Ã˜Â±ÃšÂ©Ã›Å’Ã™â€ Ã˜Â§Ã™ï¿½Ã˜Â§Ã˜Â³Ã™Ë†
     got: Ø¨ÙˆØ±Ú©ÛŒÙ†Ø§Ù�Ø§Ø³Ùˆ
 ; [cca2=BF].translations.rus.common
Expected: Ã�â€˜Ã‘Æ’Ã‘â‚¬Ã�ÂºÃ�Â¸Ã�Â½Ã�Â°-Ã�Â¤Ã�Â°Ã‘ï¿½Ã�Â¾
     got: Ð‘ÑƒÑ€ÐºÐ¸Ð½Ð°-Ð¤Ð°Ñ�Ð¾
 ; [cca2=BF].translations.rus.official
Expected: Ã�â€˜Ã‘Æ’Ã‘â‚¬Ã�ÂºÃ�Â¸Ã�Â½Ã�Â° -Ã�Â¤Ã�Â°Ã‘ï¿½Ã�Â¾
     got: Ð‘ÑƒÑ€ÐºÐ¸Ð½Ð° -Ð¤Ð°Ñ�Ð¾
 ; [cca2=BF].translations.srp.common
Expected: Ã�â€˜Ã‘Æ’Ã‘â‚¬Ã�ÂºÃ�Â¸Ã�Â½Ã�Â° Ã�Â¤Ã�Â°Ã‘ï¿½Ã�Â¾
     got: Ð‘ÑƒÑ€ÐºÐ¸Ð½Ð° Ð¤Ð°Ñ�Ð¾
 ; [cca2=BF].translations.srp.official
Expected: Ã�â€˜Ã‘Æ’Ã‘â‚¬Ã�ÂºÃ�Â¸Ã�Â½Ã�Â° Ã�Â¤Ã�Â°Ã‘ï¿½Ã�Â¾
     got: Ð‘ÑƒÑ€ÐºÐ¸Ð½Ð° Ð¤Ð°Ñ�Ð¾
 ; [cca2=BF].translations.urd.common
Expected: Ã˜Â¨Ã˜Â±ÃšÂ©Ã›Å’Ã™â€ Ã˜Â§ Ã™ï¿½Ã˜Â§Ã˜Â³Ã™Ë†
     got: Ø¨Ø±Ú©ÛŒÙ†Ø§ Ù�Ø§Ø³Ùˆ
 ; [cca2=BF].translations.urd.official
Expected: Ã˜Â¨Ã˜Â±ÃšÂ©Ã›Å’Ã™â€ Ã˜Â§ Ã™ï¿½Ã˜Â§Ã˜Â³Ã™Ë†
     got: Ø¨Ø±Ú©ÛŒÙ†Ø§ Ù�Ø§Ø³Ùˆ
 ; [cca2=BF].translations.zho.common
Expected: Ã¥Â¸Æ’Ã¥Å¸ÂºÃ§ÂºÂ³Ã¦Â³â€¢Ã§Â´Â¢
     got: å¸ƒåŸºçº³æ³•ç´¢
 ; [cca2=BF].translations.zho.official
Expected: Ã¥Â¸Æ’Ã¥Å¸ÂºÃ§ÂºÂ³Ã¦Â³â€¢Ã§Â´Â¢
     got: å¸ƒåŸºçº³æ³•ç´¢
 ; [cca2=BG].altSpellings[]
Expected: Ã�Â Ã�ÂµÃ�Â¿Ã‘Æ’Ã�Â±Ã�Â»Ã�Â¸Ã�ÂºÃ�Â° Ã�â€˜Ã‘Å Ã�Â»Ã�Â³Ã�Â°Ã‘â‚¬Ã�Â¸Ã‘ï¿½
     but none found
 ; [cca2=BG].altSpellings[]
Unexpected: Ð ÐµÐ¿ÑƒÐ±Ð»Ð¸ÐºÐ° Ð‘ÑŠÐ»Ð³Ð°Ñ€Ð¸Ñ�
 ; [cca2=BG].currencies.BGN.symbol
Expected: Ã�Â»Ã�Â²
     got: Ð»Ð²
 ; [cca2=BG].flag
Expected: Ã°Å¸â€¡Â§Ã°Å¸â€¡Â¬
     got: ðŸ‡§ðŸ‡¬
 ; [cca2=BG].name.nativeName.bul.common
Expected: Ã�â€˜Ã‘Å Ã�Â»Ã�Â³Ã�Â°Ã‘â‚¬Ã�Â¸Ã‘ï¿½
     got: Ð‘ÑŠÐ»Ð³Ð°Ñ€Ð¸Ñ�
 ; [cca2=BG].name.nativeName.bul.official
Expected: Ã�Â Ã�ÂµÃ�Â¿Ã‘Æ’Ã�Â±Ã�Â»Ã�Â¸Ã�ÂºÃ�Â° Ã�â€˜Ã‘Å Ã�Â»Ã�Â³Ã�Â°Ã‘â‚¬Ã�Â¸Ã‘ï¿½
     got: Ð ÐµÐ¿ÑƒÐ±Ð»Ð¸ÐºÐ° Ð‘ÑŠÐ»Ð³Ð°Ñ€Ð¸Ñ�
 ; [cca2=BG].translations.ara.common
Expected: Ã˜Â¨Ã™â€žÃ˜ÂºÃ˜Â§Ã˜Â±Ã™Å Ã˜Â§
     got: Ø¨Ù„ØºØ§Ø±ÙŠØ§
 ; [cca2=BG].translations.ara.official
Expected: Ã˜Â¬Ã™â€¦Ã™â€¡Ã™Ë†Ã˜Â±Ã™Å Ã˜Â© Ã˜Â¨Ã™â€žÃ˜ÂºÃ˜Â§Ã˜Â±Ã™Å Ã˜Â§
     got: Ø¬Ù…Ù‡ÙˆØ±ÙŠØ© Ø¨Ù„ØºØ§Ø±ÙŠØ§
 ; [cca2=BG].translations.ces.official
Expected: BulharskÃƒÂ¡ republika
     got: BulharskÃ¡ republika
 ; [cca2=BG].translations.fra.official
Expected: RÃƒÂ©publique de Bulgarie
     got: RÃ©publique de Bulgarie
 ; [cca2=BG].translations.hun.common
Expected: BulgÃƒÂ¡ria
     got: BulgÃ¡ria
 ; [cca2=BG].translations.hun.official
Expected: BolgÃƒÂ¡r KÃƒÂ¶ztÃƒÂ¡rsasÃƒÂ¡g
     got: BolgÃ¡r KÃ¶ztÃ¡rsasÃ¡g
 ; [cca2=BG].translations.jpn.common
Expected: Ã£Æ’â€“Ã£Æ’Â«Ã£â€šÂ¬Ã£Æ’ÂªÃ£â€šÂ¢
     got: ãƒ–ãƒ«ã‚¬ãƒªã‚¢
 ; [cca2=BG].translations.jpn.official
Expected: Ã£Æ’â€“Ã£Æ’Â«Ã£â€šÂ¬Ã£Æ’ÂªÃ£â€šÂ¢Ã¥â€¦Â±Ã¥â€™Å’Ã¥â€ºÂ½
     got: ãƒ–ãƒ«ã‚¬ãƒªã‚¢å…±å’Œå›½
 ; [cca2=BG].translations.kor.common
Expected: Ã«Â¶Ë†ÃªÂ°â‚¬Ã«Â¦Â¬Ã¬â€¢â€ž
     got: ë¶ˆê°€ë¦¬ì•„
 ; [cca2=BG].translations.kor.official
Expected: Ã«Â¶Ë†ÃªÂ°â‚¬Ã«Â¦Â¬Ã¬â€¢â€ž ÃªÂ³ÂµÃ­â„¢â€�ÃªÂµÂ­
     got: ë¶ˆê°€ë¦¬ì•„ ê³µí™”êµ­
 ; [cca2=BG].translations.per.common
Expected: Ã˜Â¨Ã™â€žÃ˜ÂºÃ˜Â§Ã˜Â±Ã˜Â³Ã˜ÂªÃ˜Â§Ã™â€ 
     got: Ø¨Ù„ØºØ§Ø±Ø³ØªØ§Ù†
 ; [cca2=BG].translations.per.official
Expected: Ã˜Â¬Ã™â€¦Ã™â€¡Ã™Ë†Ã˜Â±Ã›Å’ Ã˜Â¨Ã™â€žÃ˜ÂºÃ˜Â§Ã˜Â±Ã˜Â³Ã˜ÂªÃ˜Â§Ã™â€ 
     got: Ø¬Ù…Ù‡ÙˆØ±ÛŒ Ø¨Ù„ØºØ§Ø±Ø³ØªØ§Ù†
 ; [cca2=BG].translations.pol.common
Expected: BuÃ…â€šgaria
     got: BuÅ‚garia
 ; [cca2=BG].translations.pol.official
Expected: Republika BuÃ…â€šgarii
     got: Republika BuÅ‚garii
 ; [cca2=BG].translations.por.common
Expected: BulgÃƒÂ¡ria
     got: BulgÃ¡ria
 ; [cca2=BG].translations.por.official
Expected: RepÃƒÂºblica da BulgÃƒÂ¡ria
     got: RepÃºblica da BulgÃ¡ria
 ; [cca2=BG].translations.rus.common
Expected: Ã�â€˜Ã�Â¾Ã�Â»Ã�Â³Ã�Â°Ã‘â‚¬Ã�Â¸Ã‘ï¿½
     got: Ð‘Ð¾Ð»Ð³Ð°Ñ€Ð¸Ñ�
 ; [cca2=BG].translations.rus.official
Expected: Ã�Â Ã�ÂµÃ‘ï¿½Ã�Â¿Ã‘Æ’Ã�Â±Ã�Â»Ã�Â¸Ã�ÂºÃ�Â° Ã�â€˜Ã�Â¾Ã�Â»Ã�Â³Ã�Â°Ã‘â‚¬Ã�Â¸Ã‘ï¿½
     got: Ð ÐµÑ�Ð¿ÑƒÐ±Ð»Ð¸ÐºÐ° Ð‘Ð¾Ð»Ð³Ð°Ñ€Ð¸Ñ�
 ; [cca2=BG].translations.slk.official
Expected: BulharskÃƒÂ¡ republika
     got: BulharskÃ¡ republika
 ; [cca2=BG].translations.spa.official
Expected: RepÃƒÂºblica de Bulgaria
     got: RepÃºblica de Bulgaria
 ; [cca2=BG].translations.srp.common
Expected: Ã�â€˜Ã‘Æ’Ã�Â³Ã�Â°Ã‘â‚¬Ã‘ï¿½Ã�ÂºÃ�Â°
     got: Ð‘ÑƒÐ³Ð°Ñ€Ñ�ÐºÐ°
 ; [cca2=BG].translations.srp.official
Expected: Ã�Â Ã�ÂµÃ�Â¿Ã‘Æ’Ã�Â±Ã�Â»Ã�Â¸Ã�ÂºÃ�Â° Ã�â€˜Ã‘Æ’Ã�Â³Ã�Â°Ã‘â‚¬Ã‘ï¿½Ã�ÂºÃ�Â°
     got: Ð ÐµÐ¿ÑƒÐ±Ð»Ð¸ÐºÐ° Ð‘ÑƒÐ³Ð°Ñ€Ñ�ÐºÐ°
 ; [cca2=BG].translations.urd.common
Expected: Ã˜Â¨Ã™â€žÃ˜ÂºÃ˜Â§Ã˜Â±Ã›Å’Ã›ï¿½
     got: Ø¨Ù„ØºØ§Ø±ÛŒÛ�
 ; [cca2=BG].translations.urd.official
Expected: Ã˜Â¬Ã™â€¦Ã›ï¿½Ã™Ë†Ã˜Â±Ã›Å’Ã›ï¿½ Ã˜Â¨Ã™â€žÃ˜ÂºÃ˜Â§Ã˜Â±Ã›Å’Ã›ï¿½
     got: Ø¬Ù…Û�ÙˆØ±ÛŒÛ� Ø¨Ù„ØºØ§Ø±ÛŒÛ�
 ; [cca2=BG].translations.zho.common
Expected: Ã¤Â¿ï¿½Ã¥Å Â Ã¥Ë†Â©Ã¤ÂºÅ¡
     got: ä¿�åŠ åˆ©äºš
 ; [cca2=BG].translations.zho.official
Expected: Ã¤Â¿ï¿½Ã¥Å Â Ã¥Ë†Â©Ã¤ÂºÅ¡Ã¥â€¦Â±Ã¥â€™Å’Ã¥â€ºÂ½
     got: ä¿�åŠ åˆ©äºšå…±å’Œå›½
 ; [cca2=RW].altSpellings[]
Expected: RÃƒÂ©publique du Rwanda
     but none found
 ; [cca2=RW].altSpellings[]
Unexpected: RÃ©publique du Rwanda
 ; [cca2=RW].flag
Expected: Ã°Å¸â€¡Â·Ã°Å¸â€¡Â¼
     got: ðŸ‡·ðŸ‡¼
 ; [cca2=RW].name.nativeName.fra.official
Expected: RÃƒÂ©publique rwandaise
     got: RÃ©publique rwandaise
 ; [cca2=RW].translations.ara.common
Expected: Ã˜Â±Ã™Ë†Ã˜Â§Ã™â€ Ã˜Â¯Ã˜Â§
     got: Ø±ÙˆØ§Ù†Ø¯Ø§
 ; [cca2=RW].translations.ara.official
Expected: Ã˜Â¬Ã™â€¦Ã™â€¡Ã™Ë†Ã˜Â±Ã™Å Ã˜Â© Ã˜Â±Ã™Ë†Ã˜Â§Ã™â€ Ã˜Â¯Ã˜Â§
     got: Ø¬Ù…Ù‡ÙˆØ±ÙŠØ© Ø±ÙˆØ§Ù†Ø¯Ø§
 ; [cca2=RW].translations.ces.official
Expected: RwandskÃƒÂ¡ republika
     got: RwandskÃ¡ republika
 ; [cca2=RW].translations.fra.official
Expected: RÃƒÂ©publique rwandaise
     got: RÃ©publique rwandaise
 ; [cca2=RW].translations.hun.official
Expected: Ruandai KÃƒÂ¶ztÃƒÂ¡rsasÃƒÂ¡g
     got: Ruandai KÃ¶ztÃ¡rsasÃ¡g
 ; [cca2=RW].translations.jpn.common
Expected: Ã£Æ’Â«Ã£Æ’Â¯Ã£Æ’Â³Ã£Æ’â‚¬
     got: ãƒ«ãƒ¯ãƒ³ãƒ€
 ; [cca2=RW].translations.jpn.official
Expected: Ã£Æ’Â«Ã£Æ’Â¯Ã£Æ’Â³Ã£Æ’â‚¬Ã¥â€¦Â±Ã¥â€™Å’Ã¥â€ºÂ½
     got: ãƒ«ãƒ¯ãƒ³ãƒ€å…±å’Œå›½
 ; [cca2=RW].translations.kor.common
Expected: Ã«Â¥Â´Ã¬â„¢â€žÃ«â€¹Â¤
     got: ë¥´ì™„ë‹¤
 ; [cca2=RW].translations.kor.official
Expected: Ã«Â¥Â´Ã¬â„¢â€žÃ«â€¹Â¤ ÃªÂ³ÂµÃ­â„¢â€�ÃªÂµÂ­
     got: ë¥´ì™„ë‹¤ ê³µí™”êµ­
 ; [cca2=RW].translations.per.common
Expected: Ã˜Â±Ã™Ë†Ã˜Â§Ã™â€ Ã˜Â¯Ã˜Â§
     got: Ø±ÙˆØ§Ù†Ø¯Ø§
 ; [cca2=RW].translations.per.official
Expected: Ã˜Â¬Ã™â€¦Ã™â€¡Ã™Ë†Ã˜Â±Ã›Å’ Ã˜Â±Ã™Ë†Ã˜Â§Ã™â€ Ã˜Â¯Ã˜Â§
     got: Ø¬Ù…Ù‡ÙˆØ±ÛŒ Ø±ÙˆØ§Ù†Ø¯Ø§
 ; [cca2=RW].translations.por.official
Expected: RepÃƒÂºblica do Ruanda
     got: RepÃºblica do Ruanda
 ; [cca2=RW].translations.rus.common
Expected: Ã�Â Ã‘Æ’Ã�Â°Ã�Â½Ã�Â´Ã�Â°
     got: Ð ÑƒÐ°Ð½Ð´Ð°
 ; [cca2=RW].translations.rus.official
Expected: Ã�Â Ã�ÂµÃ‘ï¿½Ã�Â¿Ã‘Æ’Ã�Â±Ã�Â»Ã�Â¸Ã�ÂºÃ�Â° Ã�Â Ã‘Æ’Ã�Â°Ã�Â½Ã�Â´Ã�Â°
     got: Ð ÐµÑ�Ð¿ÑƒÐ±Ð»Ð¸ÐºÐ° Ð ÑƒÐ°Ð½Ð´Ð°
 ; [cca2=RW].translations.slk.official
Expected: RwandskÃƒÂ¡ republika
     got: RwandskÃ¡ republika
 ; [cca2=RW].translations.spa.official
Expected: RepÃƒÂºblica de Rwanda
     got: RepÃºblica de Rwanda
 ; [cca2=RW].translations.srp.common
Expected: Ã�Â Ã‘Æ’Ã�Â°Ã�Â½Ã�Â´Ã�Â°
     got: Ð ÑƒÐ°Ð½Ð´Ð°
 ; [cca2=RW].translations.srp.official
Expected: Ã�Â Ã�ÂµÃ�Â¿Ã‘Æ’Ã�Â±Ã�Â»Ã�Â¸Ã�ÂºÃ�Â° Ã�Â Ã‘Æ’Ã�Â°Ã�Â½Ã�Â´Ã�Â°
     got: Ð ÐµÐ¿ÑƒÐ±Ð»Ð¸ÐºÐ° Ð ÑƒÐ°Ð½Ð´Ð°
 ; [cca2=RW].translations.urd.common
Expected: Ã˜Â±Ã™Ë†Ã˜Â§Ã™â€ ÃšË†Ã˜Â§
     got: Ø±ÙˆØ§Ù†ÚˆØ§
 ; [cca2=RW].translations.urd.official
Expected: Ã˜Â¬Ã™â€¦Ã›ï¿½Ã™Ë†Ã˜Â±Ã›Å’Ã›ï¿½ Ã˜Â±Ã™Ë†Ã˜Â§Ã™â€ ÃšË†Ã˜Â§
     got: Ø¬Ù…Û�ÙˆØ±ÛŒÛ� Ø±ÙˆØ§Ù†ÚˆØ§
 ; [cca2=RW].translations.zho.common
Expected: Ã¥ï¿½Â¢Ã¦â€”ÂºÃ¨Â¾Â¾
     got: å�¢æ—ºè¾¾
 ; [cca2=RW].translations.zho.official
Expected: Ã¥ï¿½Â¢Ã¦â€”ÂºÃ¨Â¾Â¾Ã¥â€¦Â±Ã¥â€™Å’Ã¥â€ºÂ½
     got: å�¢æ—ºè¾¾å…±å’Œå›½
 ; [cca2=BH].altSpellings[]
Expected: Mamlakat al-BaÃ¡Â¸Â¥rayn
     but none found
 ; [cca2=BH].altSpellings[]
Unexpected: Mamlakat al-Baá¸¥rayn
 ; [cca2=BH].currencies.BHD.symbol
Expected: .Ã˜Â¯.Ã˜Â¨
     got: .Ø¯.Ø¨
 ; [cca2=BH].demonyms.fra.f
Expected: BahreÃƒÂ¯nienne
     got: BahreÃ¯nienne
 ; [cca2=BH].demonyms.fra.m
Expected: BahreÃƒÂ¯nien
     got: BahreÃ¯nien
 ; [cca2=BH].flag
Expected: Ã°Å¸â€¡Â§Ã°Å¸â€¡Â­
     got: ðŸ‡§ðŸ‡­
 ; [cca2=BH].name.nativeName.ara.common
Expected: Ã¢â‚¬ï¿½Ã˜Â§Ã™â€žÃ˜Â¨Ã˜Â­Ã˜Â±Ã™Å Ã™â€ 
     got: â€�Ø§Ù„Ø¨Ø­Ø±ÙŠÙ†
 ; [cca2=BH].name.nativeName.ara.official
Expected: Ã™â€¦Ã™â€¦Ã™â€žÃ™Æ’Ã˜Â© Ã˜Â§Ã™â€žÃ˜Â¨Ã˜Â­Ã˜Â±Ã™Å Ã™â€ 
     got: Ù…Ù…Ù„ÙƒØ© Ø§Ù„Ø¨Ø­Ø±ÙŠÙ†
 ; [cca2=BH].translations.ara.common
Expected: Ã¢â‚¬ï¿½Ã˜Â§Ã™â€žÃ˜Â¨Ã˜Â­Ã˜Â±Ã™Å Ã™â€ 
     got: â€�Ø§Ù„Ø¨Ø­Ø±ÙŠÙ†
 ; [cca2=BH].translations.ara.official
Expected: Ã™â€¦Ã™â€¦Ã™â€žÃ™Æ’Ã˜Â© Ã˜Â§Ã™â€žÃ˜Â¨Ã˜Â­Ã˜Â±Ã™Å Ã™â€ 
     got: Ù…Ù…Ù„ÙƒØ© Ø§Ù„Ø¨Ø­Ø±ÙŠÙ†
 ; [cca2=BH].translations.ces.official
Expected: KrÃƒÂ¡lovstvÃƒÂ­ Bahrajn
     got: KrÃ¡lovstvÃ­ Bahrajn
 ; [cca2=BH].translations.deu.official
Expected: KÃƒÂ¶nigreich Bahrain
     got: KÃ¶nigreich Bahrain
 ; [cca2=BH].translations.fra.common
Expected: BahreÃƒÂ¯n
     got: BahreÃ¯n
 ; [cca2=BH].translations.fra.official
Expected: Royaume de BahreÃƒÂ¯n
     got: Royaume de BahreÃ¯n
 ; [cca2=BH].translations.hun.official
Expected: Bahreini KirÃƒÂ¡lysÃƒÂ¡g
     got: Bahreini KirÃ¡lysÃ¡g
 ; [cca2=BH].translations.jpn.common
Expected: Ã£Æ’ï¿½Ã£Æ’Â¼Ã£Æ’Â¬Ã£Æ’Â¼Ã£Æ’Â³
     got: ãƒ�ãƒ¼ãƒ¬ãƒ¼ãƒ³
 ; [cca2=BH].translations.jpn.official
Expected: Ã£Æ’ï¿½Ã£Æ’Â¼Ã£Æ’Â¬Ã£Æ’Â¼Ã£Æ’Â³Ã§Å½â€¹Ã¥â€ºÂ½
     got: ãƒ�ãƒ¼ãƒ¬ãƒ¼ãƒ³çŽ‹å›½
 ; [cca2=BH].translations.kor.common
Expected: Ã«Â°â€�Ã«Â Ë†Ã¬ï¿½Â¸
     got: ë°”ë ˆì�¸
 ; [cca2=BH].translations.kor.official
Expected: Ã«Â°â€�Ã«Â Ë†Ã¬ï¿½Â¸ Ã¬â„¢â€¢ÃªÂµÂ­
     got: ë°”ë ˆì�¸ ì™•êµ­
 ; [cca2=BH].translations.per.common
Expected: Ã˜Â¨Ã˜Â­Ã˜Â±Ã›Å’Ã™â€ 
     got: Ø¨Ø­Ø±ÛŒÙ†
 ; [cca2=BH].translations.per.official
Expected: Ã™Â¾Ã˜Â§Ã˜Â¯Ã˜Â´Ã˜Â§Ã™â€¡Ã›Å’ Ã˜Â¨Ã˜Â­Ã˜Â±Ã›Å’Ã™â€ 
     got: Ù¾Ø§Ø¯Ø´Ø§Ù‡ÛŒ Ø¨Ø­Ø±ÛŒÙ†
 ; [cca2=BH].translations.pol.official
Expected: KrÃƒÂ³lestwo Bahrajnu
     got: KrÃ³lestwo Bahrajnu
 ; [cca2=BH].translations.rus.common
Expected: Ã�â€˜Ã�Â°Ã‘â€¦Ã‘â‚¬Ã�ÂµÃ�Â¹Ã�Â½
     got: Ð‘Ð°Ñ…Ñ€ÐµÐ¹Ð½
 ; [cca2=BH].translations.rus.official
Expected: Ã�Å¡Ã�Â¾Ã‘â‚¬Ã�Â¾Ã�Â»Ã�ÂµÃ�Â²Ã‘ï¿½Ã‘â€šÃ�Â²Ã�Â¾ Ã�â€˜Ã�Â°Ã‘â€¦Ã‘â‚¬Ã�ÂµÃ�Â¹Ã�Â½
     got: ÐšÐ¾Ñ€Ð¾Ð»ÐµÐ²Ñ�Ñ‚Ð²Ð¾ Ð‘Ð°Ñ…Ñ€ÐµÐ¹Ð½
 ; [cca2=BH].translations.slk.official
Expected: BahrajnskÃƒÂ© krÃƒÂ¡Ã„Â¾ovstvo
     got: BahrajnskÃ© krÃ¡Ä¾ovstvo
 ; [cca2=BH].translations.srp.common
Expected: Ã�â€˜Ã�Â°Ã‘â€¦Ã‘â‚¬Ã�ÂµÃ�Â¸Ã�Â½
     got: Ð‘Ð°Ñ…Ñ€ÐµÐ¸Ð½
 ; [cca2=BH].translations.srp.official
Expected: Ã�Å¡Ã‘â‚¬Ã�Â°Ã‘â„¢Ã�ÂµÃ�Â²Ã�Â¸Ã�Â½Ã�Â° Ã�â€˜Ã�Â°Ã‘â€¦Ã‘â‚¬Ã�ÂµÃ�Â¸Ã�Â½
     got: ÐšÑ€Ð°Ñ™ÐµÐ²Ð¸Ð½Ð° Ð‘Ð°Ñ…Ñ€ÐµÐ¸Ð½
 ; [cca2=BH].translations.tur.official
Expected: Bahreyn KrallÃ„Â±Ã„Å¸Ã„Â±
     got: Bahreyn KrallÄ±ÄŸÄ±
 ; [cca2=BH].translations.urd.common
Expected: Ã˜Â¨Ã˜Â­Ã˜Â±Ã›Å’Ã™â€ 
     got: Ø¨Ø­Ø±ÛŒÙ†
 ; [cca2=BH].translations.urd.official
Expected: Ã™â€¦Ã™â€¦Ã™â€žÃšÂ©Ã˜ÂªÃ™ï¿½ Ã˜Â¨Ã˜Â­Ã˜Â±Ã›Å’Ã™â€ 
     got: Ù…Ù…Ù„Ú©ØªÙ� Ø¨Ø­Ø±ÛŒÙ†
 ; [cca2=BH].translations.zho.common
Expected: Ã¥Â·Â´Ã¦Å¾â€”
     got: å·´æž—
 ; [cca2=BH].translations.zho.official
Expected: Ã¥Â·Â´Ã¦Å¾â€”Ã§Å½â€¹Ã¥â€ºÂ½
     got: å·´æž—çŽ‹å›½
 ; [cca2=BI].altSpellings[]
Expected: RÃƒÂ©publique du Burundi
     but none found
 ; [cca2=BI].altSpellings[]
Unexpected: RÃ©publique du Burundi
 ; [cca2=BI].flag
Expected: Ã°Å¸â€¡Â§Ã°Å¸â€¡Â®
     got: ðŸ‡§ðŸ‡®
 ; [cca2=BI].name.nativeName.fra.official
Expected: RÃƒÂ©publique du Burundi
     got: RÃ©publique du Burundi
 ; [cca2=BI].translations.ara.common
Expected: Ã˜Â¨Ã™Ë†Ã˜Â±Ã™Ë†Ã™â€ Ã˜Â¯Ã™Å 
     got: Ø¨ÙˆØ±ÙˆÙ†Ø¯ÙŠ
 ; [cca2=BI].translations.ara.official
Expected: Ã˜Â¬Ã™â€¦Ã™â€¡Ã™Ë†Ã˜Â±Ã™Å Ã˜Â© Ã˜Â¨Ã™Ë†Ã˜Â±Ã™Ë†Ã™â€ Ã˜Â¯Ã™Å 
     got: Ø¬Ù…Ù‡ÙˆØ±ÙŠØ© Ø¨ÙˆØ±ÙˆÙ†Ø¯ÙŠ
 ; [cca2=BI].translations.ces.official
Expected: BurundskÃƒÂ¡ republika
     got: BurundskÃ¡ republika
 ; [cca2=BI].translations.fra.official
Expected: RÃƒÂ©publique du Burundi
     got: RÃ©publique du Burundi
 ; [cca2=BI].translations.jpn.common
Expected: Ã£Æ’â€“Ã£Æ’Â«Ã£Æ’Â³Ã£â€šÂ¸
     got: ãƒ–ãƒ«ãƒ³ã‚¸
 ; [cca2=BI].translations.jpn.official
Expected: Ã£Æ’â€“Ã£Æ’Â«Ã£Æ’Â³Ã£â€šÂ¸Ã¥â€¦Â±Ã¥â€™Å’Ã¥â€ºÂ½
     got: ãƒ–ãƒ«ãƒ³ã‚¸å…±å’Œå›½
 ; [cca2=BI].translations.kor.common
Expected: Ã«Â¶â‚¬Ã«Â£Â¬Ã«â€�â€�
     got: ë¶€ë£¬ë””
 ; [cca2=BI].translations.kor.official
Expected: Ã«Â¶â‚¬Ã«Â£Â¬Ã«â€�â€�
     got: ë¶€ë£¬ë””
 ; [cca2=BI].translations.per.common
Expected: Ã˜Â¨Ã™Ë†Ã˜Â±Ã™Ë†Ã™â€ Ã˜Â¯Ã›Å’
     got: Ø¨ÙˆØ±ÙˆÙ†Ø¯ÛŒ
 ; [cca2=BI].translations.per.official
Expected: Ã˜Â¬Ã™â€¦Ã™â€¡Ã™Ë†Ã˜Â±Ã›Å’ Ã˜Â¨Ã™Ë†Ã˜Â±Ã™Ë†Ã™â€ Ã˜Â¯Ã›Å’
     got: Ø¬Ù…Ù‡ÙˆØ±ÛŒ Ø¨ÙˆØ±ÙˆÙ†Ø¯ÛŒ
 ; [cca2=BI].translations.por.official
Expected: RepÃƒÂºblica do Burundi
     got: RepÃºblica do Burundi
 ; [cca2=BI].translations.rus.common
Expected: Ã�â€˜Ã‘Æ’Ã‘â‚¬Ã‘Æ’Ã�Â½Ã�Â´Ã�Â¸
     got: Ð‘ÑƒÑ€ÑƒÐ½Ð´Ð¸
 ; [cca2=BI].translations.rus.official
Expected: Ã�Â Ã�ÂµÃ‘ï¿½Ã�Â¿Ã‘Æ’Ã�Â±Ã�Â»Ã�Â¸Ã�ÂºÃ�Â° Ã�â€˜Ã‘Æ’Ã‘â‚¬Ã‘Æ’Ã�Â½Ã�Â´Ã�Â¸
     got: Ð ÐµÑ�Ð¿ÑƒÐ±Ð»Ð¸ÐºÐ° Ð‘ÑƒÑ€ÑƒÐ½Ð´Ð¸
 ; [cca2=BI].translations.slk.official
Expected: BurundskÃƒÂ¡ republika
     got: BurundskÃ¡ republika
 ; [cca2=BI].translations.spa.official
Expected: RepÃƒÂºblica de Burundi
     got: RepÃºblica de Burundi
 ; [cca2=BI].translations.srp.common
Expected: Ã�â€˜Ã‘Æ’Ã‘â‚¬Ã‘Æ’Ã�Â½Ã�Â´Ã�Â¸
     got: Ð‘ÑƒÑ€ÑƒÐ½Ð´Ð¸
 ; [cca2=BI].translations.srp.official
Expected: Ã�Â Ã�ÂµÃ�Â¿Ã‘Æ’Ã�Â±Ã�Â»Ã�Â¸Ã�ÂºÃ�Â° Ã�â€˜Ã‘Æ’Ã‘â‚¬Ã‘Æ’Ã�Â½Ã�Â´Ã�Â¸
     got: Ð ÐµÐ¿ÑƒÐ±Ð»Ð¸ÐºÐ° Ð‘ÑƒÑ€ÑƒÐ½Ð´Ð¸
 ; [cca2=BI].translations.urd.common
Expected: Ã˜Â¨Ã˜Â±Ã™Ë†Ã™â€ ÃšË†Ã›Å’
     got: Ø¨Ø±ÙˆÙ†ÚˆÛŒ
 ; [cca2=BI].translations.urd.official
Expected: Ã˜Â¬Ã™â€¦Ã›ï¿½Ã™Ë†Ã˜Â±Ã›Å’Ã›ï¿½ Ã˜Â¨Ã˜Â±Ã™Ë†Ã™â€ ÃšË†Ã›Å’
     got: Ø¬Ù…Û�ÙˆØ±ÛŒÛ� Ø¨Ø±ÙˆÙ†ÚˆÛŒ
 ; [cca2=BI].translations.zho.common
Expected: Ã¥Â¸Æ’Ã©Å¡â€ Ã¨Â¿Âª
     got: å¸ƒéš†è¿ª
 ; [cca2=BI].translations.zho.official
Expected: Ã¥Â¸Æ’Ã©Å¡â€ Ã¨Â¿ÂªÃ¥â€¦Â±Ã¥â€™Å’Ã¥â€ºÂ½
     got: å¸ƒéš†è¿ªå…±å’Œå›½
 ; [cca2=BJ].altSpellings[]
Expected: RÃƒÂ©publique du BÃƒÂ©nin
     but none found
 ; [cca2=BJ].altSpellings[]
Unexpected: RÃ©publique du BÃ©nin
 ; [cca2=BJ].demonyms.fra.f
Expected: BÃƒÂ©ninoise
     got: BÃ©ninoise
 ; [cca2=BJ].demonyms.fra.m
Expected: BÃƒÂ©ninois
     got: BÃ©ninois
 ; [cca2=BJ].flag
Expected: Ã°Å¸â€¡Â§Ã°Å¸â€¡Â¯
     got: ðŸ‡§ðŸ‡¯
 ; [cca2=BJ].name.nativeName.fra.common
Expected: BÃƒÂ©nin
     got: BÃ©nin
 ; [cca2=BJ].name.nativeName.fra.official
Expected: RÃƒÂ©publique du BÃƒÂ©nin
     got: RÃ©publique du BÃ©nin
 ; [cca2=BJ].translations.ara.common
Expected: Ã˜Â¨Ã™â€ Ã™Å Ã™â€ 
     got: Ø¨Ù†ÙŠÙ†
 ; [cca2=BJ].translations.ara.official
Expected: Ã˜Â¬Ã™â€¦Ã™â€¡Ã™Ë†Ã˜Â±Ã™Å Ã˜Â© Ã˜Â¨Ã™â€ Ã™Å Ã™â€ 
     got: Ø¬Ù…Ù‡ÙˆØ±ÙŠØ© Ø¨Ù†ÙŠÙ†
 ; [cca2=BJ].translations.ces.official
Expected: BeninskÃƒÂ¡ republika
     got: BeninskÃ¡ republika
 ; [cca2=BJ].translations.fra.common
Expected: BÃƒÂ©nin
     got: BÃ©nin
 ; [cca2=BJ].translations.fra.official
Expected: RÃƒÂ©publique du BÃƒÂ©nin
     got: RÃ©publique du BÃ©nin
 ; [cca2=BJ].translations.hun.official
Expected: Benini KÃƒÂ¶ztÃƒÂ¡rsasÃƒÂ¡g
     got: Benini KÃ¶ztÃ¡rsasÃ¡g
 ; [cca2=BJ].translations.jpn.common
Expected: Ã£Æ’â„¢Ã£Æ’Å Ã£Æ’Â³
     got: ãƒ™ãƒŠãƒ³
 ; [cca2=BJ].translations.jpn.official
Expected: Ã£Æ’â„¢Ã£Æ’Å Ã£Æ’Â³Ã¥â€¦Â±Ã¥â€™Å’Ã¥â€ºÂ½
     got: ãƒ™ãƒŠãƒ³å…±å’Œå›½
 ; [cca2=BJ].translations.kor.common
Expected: Ã«Â²Â Ã«Æ’â€°
     got: ë² ëƒ‰
 ; [cca2=BJ].translations.kor.official
Expected: Ã«Â²Â Ã«Æ’â€° ÃªÂ³ÂµÃ­â„¢â€�ÃªÂµÂ­
     got: ë² ëƒ‰ ê³µí™”êµ­
 ; [cca2=BJ].translations.per.common
Expected: Ã˜Â¨Ã™â€ Ã›Å’Ã™â€ 
     got: Ø¨Ù†ÛŒÙ†
 ; [cca2=BJ].translations.per.official
Expected: Ã˜Â¬Ã™â€¦Ã™â€¡Ã™Ë†Ã˜Â±Ã›Å’ Ã˜Â¨Ã™â€ Ã›Å’Ã™â€ 
     got: Ø¬Ù…Ù‡ÙˆØ±ÛŒ Ø¨Ù†ÛŒÙ†
 ; [cca2=BJ].translations.por.official
Expected: RepÃƒÂºblica do Benin
     got: RepÃºblica do Benin
 ; [cca2=BJ].translations.rus.common
Expected: Ã�â€˜Ã�ÂµÃ�Â½Ã�Â¸Ã�Â½
     got: Ð‘ÐµÐ½Ð¸Ð½
 ; [cca2=BJ].translations.rus.official
Expected: Ã�Â Ã�ÂµÃ‘ï¿½Ã�Â¿Ã‘Æ’Ã�Â±Ã�Â»Ã�Â¸Ã�ÂºÃ�Â° Ã�â€˜Ã�ÂµÃ�Â½Ã�Â¸Ã�Â½
     got: Ð ÐµÑ�Ð¿ÑƒÐ±Ð»Ð¸ÐºÐ° Ð‘ÐµÐ½Ð¸Ð½
 ; [cca2=BJ].translations.slk.official
Expected: BeninskÃƒÂ¡ republika
     got: BeninskÃ¡ republika
 ; [cca2=BJ].translations.spa.common
Expected: BenÃƒÂ­n
     got: BenÃ­n
 ; [cca2=BJ].translations.spa.official
Expected: RepÃƒÂºblica de Benin
     got: RepÃºblica de Benin
 ; [cca2=BJ].translations.srp.common
Expected: Ã�â€˜Ã�ÂµÃ�Â½Ã�Â¸Ã�Â½
     got: Ð‘ÐµÐ½Ð¸Ð½
 ; [cca2=BJ].translations.srp.official
Expected: Ã�Â Ã�ÂµÃ�Â¿Ã‘Æ’Ã�Â±Ã�Â»Ã�Â¸Ã�ÂºÃ�Â° Ã�â€˜Ã�ÂµÃ�Â½Ã�Â¸Ã�Â½
     got: Ð ÐµÐ¿ÑƒÐ±Ð»Ð¸ÐºÐ° Ð‘ÐµÐ½Ð¸Ð½
 ; [cca2=BJ].translations.urd.common
Expected: Ã˜Â¨Ã›Å’Ã™â€ Ã™â€ 
     got: Ø¨ÛŒÙ†Ù†
 ; [cca2=BJ].translations.urd.official
Expected: Ã˜Â¬Ã™â€¦Ã›ï¿½Ã™Ë†Ã˜Â±Ã›Å’Ã›ï¿½ Ã˜Â¨Ã›Å’Ã™â€ Ã™â€ 
     got: Ø¬Ù…Û�ÙˆØ±ÛŒÛ� Ø¨ÛŒÙ†Ù†
 ; [cca2=BJ].translations.zho.common
Expected: Ã¨Â´ï¿½Ã¥Â®ï¿½
     got: è´�å®�
 ; [cca2=BJ].translations.zho.official
Expected: Ã¨Â´ï¿½Ã¥Â®ï¿½Ã¥â€¦Â±Ã¥â€™Å’Ã¥â€ºÂ½
     got: è´�å®�å…±å’Œå›½
 ; [cca2=BL].altSpellings[]
Expected: Collectivity of Saint BarthÃƒÂ©lemy
     but none found
 ; [cca2=BL].altSpellings[]
Expected: CollectivitÃƒÂ© de Saint-BarthÃƒÂ©lemy
     but none found
 ; [cca2=BL].altSpellings[]
Unexpected: Collectivity of Saint BarthÃ©lemy
 ; [cca2=BL].altSpellings[]
Unexpected: CollectivitÃ© de Saint-BarthÃ©lemy
 ; [cca2=BL].currencies.EUR.symbol
Expected: Ã¢â€šÂ¬
     got: â‚¬
 ; [cca2=BL].demonyms.eng.f
Expected: Saint BarthÃƒÂ©lemy Islander
     got: Saint BarthÃ©lemy Islander
 ; [cca2=BL].demonyms.eng.m
Expected: Saint BarthÃƒÂ©lemy Islander
     got: Saint BarthÃ©lemy Islander
 ; [cca2=BL].demonyms.fra.f
Expected: BarthÃƒÂ©lomÃƒÂ©enne
     got: BarthÃ©lomÃ©enne
 ; [cca2=BL].demonyms.fra.m
Expected: BarthÃƒÂ©lomÃƒÂ©en
     got: BarthÃ©lomÃ©en
 ; [cca2=BL].flag
Expected: Ã°Å¸â€¡Â§Ã°Å¸â€¡Â±
     got: ðŸ‡§ðŸ‡±
 ; [cca2=BL].name.common
Expected: Saint BarthÃƒÂ©lemy
     got: Saint BarthÃ©lemy
 ; [cca2=BL].name.nativeName.fra.common
Expected: Saint-BarthÃƒÂ©lemy
     got: Saint-BarthÃ©lemy
 ; [cca2=BL].name.nativeName.fra.official
Expected: CollectivitÃƒÂ© de Saint-BarthÃƒÂ©lemy
     got: CollectivitÃ© de Saint-BarthÃ©lemy
 ; [cca2=BL].name.official
Expected: Collectivity of Saint BarthÃƒÂ©lemy
     got: Collectivity of Saint BarthÃ©lemy
 ; [cca2=BL].translations.ara.common
Expected: Ã˜Â³Ã˜Â§Ã™â€  Ã˜Â¨Ã˜Â§Ã˜Â±Ã˜ÂªÃ™â€žÃ™Å Ã™â€¦Ã™Å 
     got: Ø³Ø§Ù† Ø¨Ø§Ø±ØªÙ„ÙŠÙ…ÙŠ
 ; [cca2=BL].translations.ara.official
Expected: Ã˜Â§Ã™â€žÃ˜ÂªÃ˜Â¬Ã™â€¦Ã˜Â¹ Ã˜Â§Ã™â€žÃ˜Â¥Ã™â€šÃ™â€žÃ™Å Ã™â€¦Ã™Å  Ã™â€žÃ˜Â³Ã˜Â§Ã™â€ Ã˜Âª Ã˜Â¨Ã˜Â§Ã˜Â±Ã˜ÂªÃ™Å Ã™â€žÃ™Å Ã™â€¦Ã™Å 
     got: Ø§Ù„ØªØ¬Ù…Ø¹ Ø§Ù„Ø¥Ù‚Ù„ÙŠÙ…ÙŠ Ù„Ø³Ø§Ù†Øª Ø¨Ø§Ø±ØªÙŠÙ„ÙŠÙ…ÙŠ
 ; [cca2=BL].translations.bre.common
Expected: Saint-BarthÃƒÂ©lemy
     got: Saint-BarthÃ©lemy
 ; [cca2=BL].translations.bre.official
Expected: Saint-BarthÃƒÂ©lemy
     got: Saint-BarthÃ©lemy
 ; [cca2=BL].translations.ces.common
Expected: SvatÃƒÂ½ BartolomÃ„â€ºj
     got: SvatÃ½ BartolomÄ›j
 ; [cca2=BL].translations.ces.official
Expected: SvatÃƒÂ½ BartolomÃ„â€ºj
     got: SvatÃ½ BartolomÄ›j
 ; [cca2=BL].translations.cym.common
Expected: Saint BarthÃƒÂ©lemy
     got: Saint BarthÃ©lemy
 ; [cca2=BL].translations.cym.official
Expected: Collectivity of Saint BarthÃƒÂ©lemy
     got: Collectivity of Saint BarthÃ©lemy
 ; [cca2=BL].translations.deu.common
Expected: Saint-BarthÃƒÂ©lemy
     got: Saint-BarthÃ©lemy
 ; [cca2=BL].translations.deu.official
Expected: GebietskÃƒÂ¶rperschaft Saint-BarthÃƒÂ©lemy
     got: GebietskÃ¶rperschaft Saint-BarthÃ©lemy
 ; [cca2=BL].translations.est.common
Expected: Saint-BarthÃƒÂ©lemy
     got: Saint-BarthÃ©lemy
 ; [cca2=BL].translations.est.official
Expected: Saint-BarthÃƒÂ©lemy territoriaalÃƒÂ¼hendus
     got: Saint-BarthÃ©lemy territoriaalÃ¼hendus
 ; [cca2=BL].translations.fin.common
Expected: Saint-BarthÃƒÂ©lemy
     got: Saint-BarthÃ©lemy
 ; [cca2=BL].translations.fin.official
Expected: Saint-BarthÃƒÂ©lemyn yhteisÃƒÂ¶
     got: Saint-BarthÃ©lemyn yhteisÃ¶
 ; [cca2=BL].translations.fra.common
Expected: Saint-BarthÃƒÂ©lemy
     got: Saint-BarthÃ©lemy
 ; [cca2=BL].translations.fra.official
Expected: CollectivitÃƒÂ© de Saint-BarthÃƒÂ©lemy
     got: CollectivitÃ© de Saint-BarthÃ©lemy
 ; [cca2=BL].translations.hrv.common
Expected: Saint BarthÃƒÂ©lemy
     got: Saint BarthÃ©lemy
 ; [cca2=BL].translations.hrv.official
Expected: Kolektivnost sv BarthÃƒÂ©lemy
     got: Kolektivnost sv BarthÃ©lemy
 ; [cca2=BL].translations.hun.common
Expected: Saint-BarthÃƒÂ©lemy
     got: Saint-BarthÃ©lemy
 ; [cca2=BL].translations.hun.official
Expected: Saint-BarthÃƒÂ©lemy
     got: Saint-BarthÃ©lemy
 ; [cca2=BL].translations.ita.official
Expected: CollettivitÃƒÂ  di Saint BarthÃƒÂ©lemy
     got: CollettivitÃ  di Saint BarthÃ©lemy
 ; [cca2=BL].translations.jpn.common
Expected: Ã£â€šÂµÃ£Æ’Â³Ã£Æ’Â»Ã£Æ’ï¿½Ã£Æ’Â«Ã£Æ’â€ Ã£Æ’Â«Ã£Æ’Å¸Ã£Æ’Â¼
     got: ã‚µãƒ³ãƒ»ãƒ�ãƒ«ãƒ†ãƒ«ãƒŸãƒ¼
 ; [cca2=BL].translations.jpn.official
Expected: Ã£â€šÂµÃ£Æ’Â³Ã‚Â·Ã£Æ’ï¿½Ã£Æ’Â«Ã£Æ’â€ Ã£Æ’Â«Ã£Æ’Å¸Ã£Æ’Â¼Ã¥Â³Â¶Ã£ï¿½Â®Ã©â€ºâ€ Ã¥ï¿½Ë†Ã¤Â½â€œ
     got: ã‚µãƒ³Â·ãƒ�ãƒ«ãƒ†ãƒ«ãƒŸãƒ¼å³¶ã�®é›†å�ˆä½“
 ; [cca2=BL].translations.kor.common
Expected: Ã¬Æ’ï¿½Ã«Â°â€�Ã«Â¥Â´Ã­â€¦â€�Ã«Â Ë†Ã«Â¯Â¸
     got: ìƒ�ë°”ë¥´í…”ë ˆë¯¸
 ; [cca2=BL].translations.kor.official
Expected: Ã¬Æ’ï¿½Ã«Â°â€�Ã«Â¥Â´Ã­â€¦â€�Ã«Â Ë†Ã«Â¯Â¸
     got: ìƒ�ë°”ë¥´í…”ë ˆë¯¸
 ; [cca2=BL].translations.nld.common
Expected: Saint BarthÃƒÂ©lemy
     got: Saint BarthÃ©lemy
 ; [cca2=BL].translations.nld.official
Expected: Gemeenschap Saint BarthÃƒÂ©lemy
     got: Gemeenschap Saint BarthÃ©lemy
 ; [cca2=BL].translations.per.common
Expected: Ã˜Â³Ã™â€  Ã˜Â¨Ã˜Â§Ã˜Â±Ã˜ÂªÃ™â€žÃ™â€¦Ã›Å’
     got: Ø³Ù† Ø¨Ø§Ø±ØªÙ„Ù…ÛŒ
 ; [cca2=BL].translations.per.official
Expected: Ã˜Â³Ã™â€  Ã˜Â¨Ã˜Â§Ã˜Â±Ã˜ÂªÃ™â€žÃ™â€¦Ã›Å’
     got: Ø³Ù† Ø¨Ø§Ø±ØªÙ„Ù…ÛŒ
 ; [cca2=BL].translations.pol.common
Expected: Saint-BarthÃƒÂ©lemy
     got: Saint-BarthÃ©lemy
 ; [cca2=BL].translations.pol.official
Expected: Saint-BarthÃƒÂ©lemy
     got: Saint-BarthÃ©lemy
 ; [cca2=BL].translations.por.common
Expected: SÃƒÂ£o Bartolomeu
     got: SÃ£o Bartolomeu
 ; [cca2=BL].translations.por.official
Expected: Coletividade de Saint BarthÃƒÂ©lemy
     got: Coletividade de Saint BarthÃ©lemy
 ; [cca2=BL].translations.rus.common
Expected: Ã�Â¡Ã�ÂµÃ�Â½-Ã�â€˜Ã�Â°Ã‘â‚¬Ã‘â€šÃ�ÂµÃ�Â»Ã�ÂµÃ�Â¼Ã�Â¸
     got: Ð¡ÐµÐ½-Ð‘Ð°Ñ€Ñ‚ÐµÐ»ÐµÐ¼Ð¸
 ; [cca2=BL].translations.rus.official
Expected: Ã�Å¡Ã�Â¾Ã�Â»Ã�Â»Ã�ÂµÃ�ÂºÃ‘â€šÃ�Â¸Ã�Â²Ã�Â½Ã�Â¾Ã‘ï¿½Ã‘â€šÃ‘Å’ Ã�Â¡Ã�Â°Ã�Â½Ã�ÂºÃ‘â€š -Ã�â€˜Ã�Â°Ã‘â‚¬Ã‘â€šÃ�ÂµÃ�Â»Ã‘Å’Ã�Â¼Ã�Â¸
     got: ÐšÐ¾Ð»Ð»ÐµÐºÑ‚Ð¸Ð²Ð½Ð¾Ñ�Ñ‚ÑŒ Ð¡Ð°Ð½ÐºÑ‚ -Ð‘Ð°Ñ€Ñ‚ÐµÐ»ÑŒÐ¼Ð¸
 ; [cca2=BL].translations.slk.common
Expected: SvÃƒÂ¤tÃƒÂ½ Bartolomej
     got: SvÃ¤tÃ½ Bartolomej
 ; [cca2=BL].translations.slk.official
Expected: SvÃƒÂ¤tÃƒÂ½ Bartolomej
     got: SvÃ¤tÃ½ Bartolomej
 ; [cca2=BL].translations.spa.common
Expected: San BartolomÃƒÂ©
     got: San BartolomÃ©
 ; [cca2=BL].translations.spa.official
Expected: Colectividad de San BarthÃƒÂ©lemy
     got: Colectividad de San BarthÃ©lemy
 ; [cca2=BL].translations.srp.common
Expected: Ã�Â¢Ã�ÂµÃ‘â‚¬Ã�Â¸Ã‘â€šÃ�Â¾Ã‘â‚¬Ã�Â¸Ã‘ËœÃ�Â°Ã�Â»Ã�Â½Ã�Â¸ KÃ�Â¾Ã�Â»Ã�ÂµÃ�ÂºÃ‘â€šÃ�Â¸Ã�Â² Ã�Â¡Ã�ÂµÃ�Â½ Ã�â€˜Ã�Â°Ã‘â‚¬Ã‘â€šÃ�ÂµÃ�Â»Ã�ÂµÃ�Â¼Ã�Â¸
     got: Ð¢ÐµÑ€Ð¸Ñ‚Ð¾Ñ€Ð¸Ñ˜Ð°Ð»Ð½Ð¸ KÐ¾Ð»ÐµÐºÑ‚Ð¸Ð² Ð¡ÐµÐ½ Ð‘Ð°Ñ€Ñ‚ÐµÐ»ÐµÐ¼Ð¸
 ; [cca2=BL].translations.srp.official
Expected: Ã�Â¡Ã�ÂµÃ�Â½ Ã�â€˜Ã�Â°Ã‘â‚¬Ã‘â€šÃ�ÂµÃ�Â»Ã�ÂµÃ�Â¼Ã�Â¸
     got: Ð¡ÐµÐ½ Ð‘Ð°Ñ€Ñ‚ÐµÐ»ÐµÐ¼Ð¸
 ; [cca2=BL].translations.swe.common
Expected: Saint-BarthÃƒÂ©lemy
     got: Saint-BarthÃ©lemy
 ; [cca2=BL].translations.swe.official
Expected: Saint-BarthÃƒÂ©lemy
     got: Saint-BarthÃ©lemy
 ; [cca2=BL].translations.tur.common
Expected: Saint BarthÃƒÂ©lemy
     got: Saint BarthÃ©lemy
 ; [cca2=BL].translations.tur.official
Expected: Saint BarthÃƒÂ©lemy
     got: Saint BarthÃ©lemy
 ; [cca2=BL].translations.urd.common
Expected: Ã˜Â³Ã›Å’Ã™â€ Ã™Â¹ Ã˜Â¨Ã˜Â§Ã˜Â±Ã˜ÂªÃšÂ¾Ã›Å’Ã™â€¦Ã™â€žÃ›â€™
     got: Ø³ÛŒÙ†Ù¹ Ø¨Ø§Ø±ØªÚ¾ÛŒÙ…Ù„Û’
 ; [cca2=BL].translations.urd.official
Expected: Ã˜Â³Ã›Å’Ã™â€ Ã™Â¹ Ã˜Â¨Ã˜Â§Ã˜Â±Ã˜ÂªÃšÂ¾Ã›Å’Ã™â€¦Ã™â€žÃ›â€™
     got: Ø³ÛŒÙ†Ù¹ Ø¨Ø§Ø±ØªÚ¾ÛŒÙ…Ù„Û’
 ; [cca2=BL].translations.zho.common
Expected: Ã¥Å“Â£Ã¥Â·Â´Ã¦Â³Â°Ã¥â€¹â€™Ã§Â±Â³
     got: åœ£å·´æ³°å‹’ç±³
 ; [cca2=BL].translations.zho.official
Expected: Ã¥Å“Â£Ã¥Â·Â´Ã¦Â³Â°Ã¥â€¹â€™Ã§Â±Â³Ã©â€ºâ€ Ã¤Â½â€œ
     got: åœ£å·´æ³°å‹’ç±³é›†ä½“
 ; [cca2=BM].flag
Expected: Ã°Å¸â€¡Â§Ã°Å¸â€¡Â²
     got: ðŸ‡§ðŸ‡²
 ; [cca2=BM].translations.ara.common
Expected: Ã˜Â¨Ã˜Â±Ã™â€¦Ã™Ë†Ã˜Â¯Ã˜Â§
     got: Ø¨Ø±Ù…ÙˆØ¯Ø§
 ; [cca2=BM].translations.ara.official
Expected: Ã˜Â¨Ã˜Â±Ã™â€¦Ã™Ë†Ã˜Â¯Ã˜Â§
     got: Ø¨Ø±Ù…ÙˆØ¯Ø§
 ; [cca2=BM].translations.ces.official
Expected: BermudskÃƒÂ© ostrovy
     got: BermudskÃ© ostrovy
 ; [cca2=BM].translations.jpn.common
Expected: Ã£Æ’ï¿½Ã£Æ’Å¸Ã£Æ’Â¥Ã£Æ’Â¼Ã£Æ’â‚¬
     got: ãƒ�ãƒŸãƒ¥ãƒ¼ãƒ€
 ; [cca2=BM].translations.jpn.official
Expected: Ã£Æ’ï¿½Ã£Æ’Å¸Ã£Æ’Â¥Ã£Æ’Â¼Ã£Æ’â‚¬
     got: ãƒ�ãƒŸãƒ¥ãƒ¼ãƒ€
 ; [cca2=BM].translations.kor.common
Expected: Ã«Â²â€žÃ«Â®Â¤Ã«â€¹Â¤
     got: ë²„ë®¤ë‹¤
 ; [cca2=BM].translations.kor.official
Expected: Ã«Â²â€žÃ«Â®Â¤Ã«â€¹Â¤
     got: ë²„ë®¤ë‹¤
 ; [cca2=BM].translations.per.common
Expected: Ã˜Â¨Ã˜Â±Ã™â€¦Ã™Ë†Ã˜Â¯Ã˜Â§
     got: Ø¨Ø±Ù…ÙˆØ¯Ø§
 ; [cca2=BM].translations.per.official
Expected: Ã˜Â¬Ã˜Â²Ã˜Â§Ã›Å’Ã˜Â± Ã˜Â¨Ã˜Â±Ã™â€¦Ã™Ë†Ã˜Â¯Ã˜Â§
     got: Ø¬Ø²Ø§ÛŒØ± Ø¨Ø±Ù…ÙˆØ¯Ø§
 ; [cca2=BM].translations.rus.common
Expected: Ã�â€˜Ã�ÂµÃ‘â‚¬Ã�Â¼Ã‘Æ’Ã�Â´Ã‘ï¿½Ã�ÂºÃ�Â¸Ã�Âµ Ã�Å¾Ã‘ï¿½Ã‘â€šÃ‘â‚¬Ã�Â¾Ã�Â²Ã�Â°
     got: Ð‘ÐµÑ€Ð¼ÑƒÐ´Ñ�ÐºÐ¸Ðµ ÐžÑ�Ñ‚Ñ€Ð¾Ð²Ð°
 ; [cca2=BM].translations.rus.official
Expected: Ã�â€˜Ã�ÂµÃ‘â‚¬Ã�Â¼Ã‘Æ’Ã�Â´Ã‘ï¿½Ã�ÂºÃ�Â¸Ã�Âµ Ã�Â¾Ã‘ï¿½Ã‘â€šÃ‘â‚¬Ã�Â¾Ã�Â²Ã�Â°
     got: Ð‘ÐµÑ€Ð¼ÑƒÐ´Ñ�ÐºÐ¸Ðµ Ð¾Ñ�Ñ‚Ñ€Ð¾Ð²Ð°
 ; [cca2=BM].translations.srp.common
Expected: Ã�â€˜Ã�ÂµÃ‘â‚¬Ã�Â¼Ã‘Æ’Ã�Â´Ã�Â°
     got: Ð‘ÐµÑ€Ð¼ÑƒÐ´Ð°
 ; [cca2=BM].translations.srp.official
Expected: Ã�â€˜Ã�ÂµÃ‘â‚¬Ã�Â¼Ã‘Æ’Ã�Â´Ã�Â°
     got: Ð‘ÐµÑ€Ð¼ÑƒÐ´Ð°
 ; [cca2=BM].translations.urd.common
Expected: Ã˜Â¨Ã˜Â±Ã™â€¦Ã™Ë†Ã˜Â¯Ã˜Â§
     got: Ø¨Ø±Ù…ÙˆØ¯Ø§
 ; [cca2=BM].translations.urd.official
Expected: Ã˜Â¨Ã˜Â±Ã™â€¦Ã™Ë†Ã˜Â¯Ã˜Â§
     got: Ø¨Ø±Ù…ÙˆØ¯Ø§
 ; [cca2=BM].translations.zho.common
Expected: Ã§â„¢Â¾Ã¦â€¦â€¢Ã¥Â¤Â§
     got: ç™¾æ…•å¤§
 ; [cca2=BM].translations.zho.official
Expected: Ã§â„¢Â¾Ã¦â€¦â€¢Ã¥Â¤Â§
     got: ç™¾æ…•å¤§
 ; [cca2=BN].demonyms.fra.f
Expected: BrunÃƒÂ©ienne
     got: BrunÃ©ienne
 ; [cca2=BN].demonyms.fra.m
Expected: BrunÃƒÂ©ien
     got: BrunÃ©ien
 ; [cca2=BN].flag
Expected: Ã°Å¸â€¡Â§Ã°Å¸â€¡Â³
     got: ðŸ‡§ðŸ‡³
 ; [cca2=BN].translations.ara.common
Expected: Ã˜Â¨Ã˜Â±Ã™Ë†Ã™â€ Ã˜Â§Ã™Å 
     got: Ø¨Ø±ÙˆÙ†Ø§ÙŠ
 ; [cca2=BN].translations.ara.official
Expected: Ã˜Â¨Ã˜Â±Ã™Ë†Ã™â€ Ã˜Â§Ã™Å  Ã˜Â¯Ã˜Â§Ã˜Â± Ã˜Â§Ã™â€žÃ˜Â³Ã™â€žÃ˜Â§Ã™â€¦
     got: Ø¨Ø±ÙˆÙ†Ø§ÙŠ Ø¯Ø§Ø± Ø§Ù„Ø³Ù„Ø§Ù…
 ; [cca2=BN].translations.ces.official
Expected: SultanÃƒÂ¡t Brunej
     got: SultanÃ¡t Brunej
 ; [cca2=BN].translations.fra.official
Expected: Ãƒâ€°tat de Brunei Darussalam
     got: Ã‰tat de Brunei Darussalam
 ; [cca2=BN].translations.hrv.official
Expected: Nacija od Bruneja, KuÃ„â€¡u Mira
     got: Nacija od Bruneja, KuÄ‡u Mira
 ; [cca2=BN].translations.hun.official
Expected: Brunei SzultanÃƒÂ¡tus
     got: Brunei SzultanÃ¡tus
 ; [cca2=BN].translations.jpn.common
Expected: Ã£Æ’â€“Ã£Æ’Â«Ã£Æ’ï¿½Ã£â€šÂ¤Ã£Æ’Â»Ã£Æ’â‚¬Ã£Æ’Â«Ã£â€šÂµÃ£Æ’Â©Ã£Æ’Â¼Ã£Æ’Â 
     got: ãƒ–ãƒ«ãƒ�ã‚¤ãƒ»ãƒ€ãƒ«ã‚µãƒ©ãƒ¼ãƒ 
 ; [cca2=BN].translations.jpn.official
Expected: Ã£Æ’â€“Ã£Æ’Â«Ã£Æ’ï¿½Ã£â€šÂ¤Ã£â‚¬ï¿½Ã¥Â¹Â³Ã¥â€™Å’Ã£ï¿½Â®Ã§Â²Â¾Ã¨Ë†Å½Ã£ï¿½Â®Ã¥â€ºÂ½Ã¥Â®Â¶
     got: ãƒ–ãƒ«ãƒ�ã‚¤ã€�å¹³å’Œã�®ç²¾èˆŽã�®å›½å®¶
 ; [cca2=BN].translations.kor.common
Expected: Ã«Â¸Å’Ã«Â£Â¨Ã«â€šËœÃ¬ï¿½Â´
     got: ë¸Œë£¨ë‚˜ì�´
 ; [cca2=BN].translations.kor.official
Expected: Ã«Â¸Å’Ã«Â£Â¨Ã«â€šËœÃ¬ï¿½Â´ Ã«â€¹Â¤Ã«Â£Â¨Ã¬â€šÂ´Ã«Å¾Å’ÃªÂµÂ­
     got: ë¸Œë£¨ë‚˜ì�´ ë‹¤ë£¨ì‚´ëžŒêµ­
 ; [cca2=BN].translations.per.common
Expected: Ã˜Â¨Ã˜Â±Ã™Ë†Ã™â€ Ã˜Â¦Ã›Å’
     got: Ø¨Ø±ÙˆÙ†Ø¦ÛŒ
 ; [cca2=BN].translations.per.official
Expected: Ã˜Â¨Ã˜Â±Ã™Ë†Ã™â€ Ã˜Â¦Ã›Å’ Ã˜Â³Ã˜Â±Ã˜Â§Ã›Å’ Ã˜ÂµÃ™â€žÃ˜Â­
     got: Ø¨Ø±ÙˆÙ†Ø¦ÛŒ Ø³Ø±Ø§ÛŒ ØµÙ„Ø­
 ; [cca2=BN].translations.pol.official
Expected: PaÃ…â€žstwo Brunei Darussalam
     got: PaÅ„stwo Brunei Darussalam
 ; [cca2=BN].translations.por.official
Expected: NaÃƒÂ§ÃƒÂ£o do Brunei, Morada da Paz
     got: NaÃ§Ã£o do Brunei, Morada da Paz
 ; [cca2=BN].translations.rus.common
Expected: Ã�â€˜Ã‘â‚¬Ã‘Æ’Ã�Â½Ã�ÂµÃ�Â¹
     got: Ð‘Ñ€ÑƒÐ½ÐµÐ¹
 ; [cca2=BN].translations.rus.official
Expected: Ã�ï¿½Ã�Â°Ã‘â€ Ã�Â¸Ã‘ï¿½ Ã�â€˜Ã‘â‚¬Ã‘Æ’Ã�Â½Ã�ÂµÃ�Â¹, Ã�Â¾Ã�Â±Ã�Â¸Ã‘â€šÃ�ÂµÃ�Â»Ã‘Å’ Ã�Â¼Ã�Â¸Ã‘â‚¬Ã�Â°
     got: Ð�Ð°Ñ†Ð¸Ñ� Ð‘Ñ€ÑƒÐ½ÐµÐ¹, Ð¾Ð±Ð¸Ñ‚ÐµÐ»ÑŒ Ð¼Ð¸Ñ€Ð°
 ; [cca2=BN].translations.slk.official
Expected: BrunejskÃƒÂ½ sultanÃƒÂ¢t
     got: BrunejskÃ½ sultanÃ¢t
 ; [cca2=BN].translations.spa.official
Expected: NaciÃƒÂ³n de Brunei, Morada de la Paz
     got: NaciÃ³n de Brunei, Morada de la Paz
 ; [cca2=BN].translations.srp.common
Expected: Ã�â€˜Ã‘â‚¬Ã‘Æ’Ã�Â½Ã�ÂµÃ‘Ëœ
     got: Ð‘Ñ€ÑƒÐ½ÐµÑ˜
 ; [cca2=BN].translations.srp.official
Expected: Ã�Â¡Ã‘Æ’Ã�Â»Ã‘â€šÃ�Â°Ã�Â½Ã�Â°Ã‘â€š Ã�â€˜Ã‘â‚¬Ã‘Æ’Ã�Â½Ã�ÂµÃ‘Ëœ, Ã�Â±Ã�Â¾Ã‘â‚¬Ã�Â°Ã�Â²Ã�Â¸Ã‘Ë†Ã‘â€šÃ�Âµ Ã�Â¼Ã�Â¸Ã‘â‚¬Ã�Â°
     got: Ð¡ÑƒÐ»Ñ‚Ð°Ð½Ð°Ñ‚ Ð‘Ñ€ÑƒÐ½ÐµÑ˜, Ð±Ð¾Ñ€Ð°Ð²Ð¸ÑˆÑ‚Ðµ Ð¼Ð¸Ñ€Ð°
 ; [cca2=BN].translations.tur.official
Expected: Brunei BarÃ„Â±Ã…Å¸ ÃƒÅ“lkesi Devleti
     got: Brunei BarÄ±ÅŸ Ãœlkesi Devleti
 ; [cca2=BN].translations.urd.common
Expected: Ã˜Â¨Ã˜Â±Ã™Ë†Ã™â€ Ã˜Â§Ã˜Â¦Ã›Å’
     got: Ø¨Ø±ÙˆÙ†Ø§Ø¦ÛŒ
 ; [cca2=BN].translations.urd.official
Expected: Ã˜Â±Ã›Å’Ã˜Â§Ã˜Â³Ã˜ÂªÃ™ï¿½ Ã˜Â¨Ã˜Â±Ã™Ë†Ã™â€ Ã˜Â§Ã˜Â¦Ã›Å’ Ã˜Â¯Ã˜Â§Ã˜Â±Ã˜Â§Ã™â€žÃ˜Â³Ã™â€žÃ˜Â§Ã™â€¦
     got: Ø±ÛŒØ§Ø³ØªÙ� Ø¨Ø±ÙˆÙ†Ø§Ø¦ÛŒ Ø¯Ø§Ø±Ø§Ù„Ø³Ù„Ø§Ù…
 ; [cca2=BN].translations.zho.common
Expected: Ã¦â€“â€¡Ã¨Å½Â±
     got: æ–‡èŽ±
 ; [cca2=BN].translations.zho.official
Expected: Ã¦â€“â€¡Ã¨Å½Â±Ã¥â€™Å’Ã¥Â¹Â³Ã¤Â¹â€¹Ã¥â€ºÂ½
     got: æ–‡èŽ±å’Œå¹³ä¹‹å›½
 ; [cca2=BO].altSpellings[]
Expected: TetÃƒÂ£ VolÃƒÂ­via
     but none found
 ; [cca2=BO].altSpellings[]
Unexpected: TetÃ£ VolÃ­via
 ; [cca2=BO].flag
Expected: Ã°Å¸â€¡Â§Ã°Å¸â€¡Â´
     got: ðŸ‡§ðŸ‡´
 ; [cca2=BO].languages.grn
Expected: GuaranÃƒÂ­
     got: GuaranÃ­
 ; [cca2=BO].name.nativeName.grn.common
Expected: VolÃƒÂ­via
     got: VolÃ­via
 ; [cca2=BO].name.nativeName.grn.official
Expected: TetÃƒÂ£ VolÃƒÂ­via
     got: TetÃ£ VolÃ­via
 ; [cca2=BO].translations.ara.common
Expected: Ã˜Â¨Ã™Ë†Ã™â€žÃ™Å Ã™ï¿½Ã™Å Ã˜Â§
     got: Ø¨ÙˆÙ„ÙŠÙ�ÙŠØ§
 ; [cca2=BO].translations.ara.official
Expected: Ã˜Â¯Ã™Ë†Ã™â€žÃ˜Â© Ã˜Â¨Ã™Ë†Ã™â€žÃ™Å Ã™ï¿½Ã™Å Ã˜Â§ Ã˜Â§Ã™â€žÃ™â€¦Ã˜ÂªÃ˜Â¹Ã˜Â¯Ã˜Â¯Ã˜Â© Ã˜Â§Ã™â€žÃ™â€šÃ™Ë†Ã™â€¦Ã™Å Ã˜Â§Ã˜Âª
     got: Ø¯ÙˆÙ„Ø© Ø¨ÙˆÙ„ÙŠÙ�ÙŠØ§ Ø§Ù„Ù…ØªØ¹Ø¯Ø¯Ø© Ø§Ù„Ù‚ÙˆÙ…ÙŠØ§Øª
 ; [cca2=BO].translations.ces.common
Expected: BolÃƒÂ­vie
     got: BolÃ­vie
 ; [cca2=BO].translations.ces.official
Expected: MnohonÃƒÂ¡rodnostnÃƒÂ­ stÃƒÂ¡t BolÃƒÂ­vie
     got: MnohonÃ¡rodnostnÃ­ stÃ¡t BolÃ­vie
 ; [cca2=BO].translations.fra.official
Expected: Ãƒâ€°tat plurinational de Bolivie
     got: Ã‰tat plurinational de Bolivie
 ; [cca2=BO].translations.hun.common
Expected: BolÃƒÂ­via
     got: BolÃ­via
 ; [cca2=BO].translations.hun.official
Expected: BolÃƒÂ­viai TÃƒÂ¶bbnemzetisÃƒÂ©gÃ…Â± Ãƒï¿½llam
     got: BolÃ­viai TÃ¶bbnemzetisÃ©gÅ± Ã�llam
 ; [cca2=BO].translations.jpn.common
Expected: Ã£Æ’Å“Ã£Æ’ÂªÃ£Æ’â€œÃ£â€šÂ¢Ã¥Â¤Å¡Ã¦Â°â€˜Ã¦â€”ï¿½Ã¥â€ºÂ½
     got: ãƒœãƒªãƒ“ã‚¢å¤šæ°‘æ—�å›½
 ; [cca2=BO].translations.jpn.official
Expected: Ã£Æ’Å“Ã£Æ’ÂªÃ£Æ’â€œÃ£â€šÂ¢Ã£ï¿½Â®Ã¥Â¤Å¡Ã¦Â°â€˜Ã¦â€”ï¿½Ã¥â€ºÂ½
     got: ãƒœãƒªãƒ“ã‚¢ã�®å¤šæ°‘æ—�å›½
 ; [cca2=BO].translations.kor.common
Expected: Ã«Â³Â¼Ã«Â¦Â¬Ã«Â¹â€žÃ¬â€¢â€ž
     got: ë³¼ë¦¬ë¹„ì•„
 ; [cca2=BO].translations.kor.official
Expected: Ã«Â³Â¼Ã«Â¦Â¬Ã«Â¹â€žÃ¬â€¢â€ž Ã«â€¹Â¤Ã«Â¯Â¼Ã¬Â¡Â±ÃªÂµÂ­
     got: ë³¼ë¦¬ë¹„ì•„ ë‹¤ë¯¼ì¡±êµ­
 ; [cca2=BO].translations.per.common
Expected: Ã˜Â¨Ã™Ë†Ã™â€žÃ›Å’Ã™Ë†Ã›Å’
     got: Ø¨ÙˆÙ„ÛŒÙˆÛŒ
 ; [cca2=BO].translations.per.official
Expected: Ã˜Â¬Ã™â€¦Ã™â€¡Ã™Ë†Ã˜Â±Ã›Å’ Ã˜Â¨Ã™Ë†Ã™â€žÃ›Å’Ã™Ë†Ã›Å’
     got: Ø¬Ù…Ù‡ÙˆØ±ÛŒ Ø¨ÙˆÙ„ÛŒÙˆÛŒ
 ; [cca2=BO].translations.pol.official
Expected: Wielonarodowe PaÃ…â€žstwo Boliwia
     got: Wielonarodowe PaÅ„stwo Boliwia
 ; [cca2=BO].translations.por.common
Expected: BolÃƒÂ­via
     got: BolÃ­via
 ; [cca2=BO].translations.por.official
Expected: Estado Plurinacional da BolÃƒÂ­via
     got: Estado Plurinacional da BolÃ­via
 ; [cca2=BO].translations.rus.common
Expected: Ã�â€˜Ã�Â¾Ã�Â»Ã�Â¸Ã�Â²Ã�Â¸Ã‘ï¿½
     got: Ð‘Ð¾Ð»Ð¸Ð²Ð¸Ñ�
 ; [cca2=BO].translations.rus.official
Expected: Ã�Å“Ã�Â½Ã�Â¾Ã�Â³Ã�Â¾Ã�Â½Ã�Â°Ã‘â€ Ã�Â¸Ã�Â¾Ã�Â½Ã�Â°Ã�Â»Ã‘Å’Ã�Â½Ã�Â¾Ã�Âµ Ã�â€œÃ�Â¾Ã‘ï¿½Ã‘Æ’Ã�Â´Ã�Â°Ã‘â‚¬Ã‘ï¿½Ã‘â€šÃ�Â²Ã�Â¾ Ã�â€˜Ã�Â¾Ã�Â»Ã�Â¸Ã�Â²Ã�Â¸Ã‘ï¿½
     got: ÐœÐ½Ð¾Ð³Ð¾Ð½Ð°Ñ†Ð¸Ð¾Ð½Ð°Ð»ÑŒÐ½Ð¾Ðµ Ð“Ð¾Ñ�ÑƒÐ´Ð°Ñ€Ñ�Ñ‚Ð²Ð¾ Ð‘Ð¾Ð»Ð¸Ð²Ð¸Ñ�
 ; [cca2=BO].translations.slk.common
Expected: BolÃƒÂ­via
     got: BolÃ­via
 ; [cca2=BO].translations.slk.official
Expected: BolÃƒÂ­vijskÃƒÂ¡ republika
     got: BolÃ­vijskÃ¡ republika
 ; [cca2=BO].translations.srp.common
Expected: Ã�â€˜Ã�Â¾Ã�Â»Ã�Â¸Ã�Â²Ã�Â¸Ã‘ËœÃ�Â°
     got: Ð‘Ð¾Ð»Ð¸Ð²Ð¸Ñ˜Ð°
 ; [cca2=BO].translations.srp.official
Expected: Ã�â€™Ã�Â¸Ã‘Ë†Ã�ÂµÃ�Â½Ã�Â°Ã‘â€ Ã�Â¸Ã�Â¾Ã�Â½Ã�Â°Ã�Â»Ã�Â½Ã�Â° Ã�â€�Ã‘â‚¬Ã�Â¶Ã�Â°Ã�Â²Ã�Â° Ã�â€˜Ã�Â¾Ã�Â»Ã�Â¸Ã�Â²Ã�Â¸Ã‘ËœÃ�Â°
     got: Ð’Ð¸ÑˆÐµÐ½Ð°Ñ†Ð¸Ð¾Ð½Ð°Ð»Ð½Ð° Ð”Ñ€Ð¶Ð°Ð²Ð° Ð‘Ð¾Ð»Ð¸Ð²Ð¸Ñ˜Ð°
 ; [cca2=BO].translations.swe.official
Expected: MÃƒÂ¥ngnationella staten Bolivia
     got: MÃ¥ngnationella staten Bolivia
 ; [cca2=BO].translations.tur.official
Expected: Bolivya Ãƒâ€¡okuluslu Devleti
     got: Bolivya Ã‡okuluslu Devleti
 ; [cca2=BO].translations.urd.common
Expected: Ã˜Â¨Ã™Ë†Ã™â€žÃ›Å’Ã™Ë†Ã›Å’Ã˜Â§
     got: Ø¨ÙˆÙ„ÛŒÙˆÛŒØ§
 ; [cca2=BO].translations.urd.official
Expected: Ã˜Â¬Ã™â€¦Ã›ï¿½Ã™Ë†Ã˜Â±Ã›Å’Ã›ï¿½ Ã˜Â¨Ã™Ë†Ã™â€žÃ›Å’Ã™Ë†Ã›Å’Ã˜Â§
     got: Ø¬Ù…Û�ÙˆØ±ÛŒÛ� Ø¨ÙˆÙ„ÛŒÙˆÛŒØ§
 ; [cca2=BO].translations.zho.common
Expected: Ã§Å½Â»Ã¥Ë†Â©Ã§Â»Â´Ã¤ÂºÅ¡
     got: çŽ»åˆ©ç»´äºš
 ; [cca2=BO].translations.zho.official
Expected: Ã¥Â¤Å¡Ã¦Â°â€˜Ã¦â€”ï¿½Ã§Å½Â»Ã¥Ë†Â©Ã§Â»Â´Ã¤ÂºÅ¡Ã¥â€ºÂ½
     got: å¤šæ°‘æ—�çŽ»åˆ©ç»´äºšå›½
 ; [cca2=SA].altSpellings[]
Expected: Al-Mamlakah al-Ã¢â‚¬ËœArabiyyah as-SuÃ¢â‚¬ËœÃ…Â«diyyah
     but none found
 ; [cca2=SA].altSpellings[]
Unexpected: Al-Mamlakah al-â€˜Arabiyyah as-Suâ€˜Å«diyyah
 ; [cca2=SA].currencies.SAR.symbol
Expected: Ã˜Â±.Ã˜Â³
     got: Ø±.Ø³
 ; [cca2=SA].flag
Expected: Ã°Å¸â€¡Â¸Ã°Å¸â€¡Â¦
     got: ðŸ‡¸ðŸ‡¦
 ; [cca2=SA].flags.alt
Expected: The flag of Saudi Arabia has a green field, at the center of which is an Arabic inscription Ã¢â‚¬â€� the Shahada Ã¢â‚¬â€� in white above a white horizontal sabre with its tip pointed to the hoist side of the field.
     got: The flag of Saudi Arabia has a green field, at the center of which is an Arabic inscription â€” the Shahada â€” in white above a white horizontal sabre with its tip pointed to the hoist side of the field.
 ; [cca2=SA].name.nativeName.ara.common
Expected: Ã˜Â§Ã™â€žÃ˜Â¹Ã˜Â±Ã˜Â¨Ã™Å Ã˜Â© Ã˜Â§Ã™â€žÃ˜Â³Ã˜Â¹Ã™Ë†Ã˜Â¯Ã™Å Ã˜Â©
     got: Ø§Ù„Ø¹Ø±Ø¨ÙŠØ© Ø§Ù„Ø³Ø¹ÙˆØ¯ÙŠØ©
 ; [cca2=SA].name.nativeName.ara.official
Expected: Ã˜Â§Ã™â€žÃ™â€¦Ã™â€¦Ã™â€žÃ™Æ’Ã˜Â© Ã˜Â§Ã™â€žÃ˜Â¹Ã˜Â±Ã˜Â¨Ã™Å Ã˜Â© Ã˜Â§Ã™â€žÃ˜Â³Ã˜Â¹Ã™Ë†Ã˜Â¯Ã™Å Ã˜Â©
     got: Ø§Ù„Ù…Ù…Ù„ÙƒØ© Ø§Ù„Ø¹Ø±Ø¨ÙŠØ© Ø§Ù„Ø³Ø¹ÙˆØ¯ÙŠØ©
 ; [cca2=SA].tld[]
Expected: .Ã˜Â§Ã™â€žÃ˜Â³Ã˜Â¹Ã™Ë†Ã˜Â¯Ã™Å Ã˜Â©
     but none found
 ; [cca2=SA].tld[]
Unexpected: .Ø§Ù„Ø³Ø¹ÙˆØ¯ÙŠØ©
 ; [cca2=SA].translations.ara.common
Expected: Ã˜Â§Ã™â€žÃ˜Â³Ã˜Â¹Ã™Ë†Ã˜Â¯Ã™Å Ã˜Â©
     got: Ø§Ù„Ø³Ø¹ÙˆØ¯ÙŠØ©
 ; [cca2=SA].translations.ara.official
Expected: Ã˜Â§Ã™â€žÃ™â€¦Ã™â€¦Ã™â€žÃ™Æ’Ã˜Â© Ã˜Â§Ã™â€žÃ˜Â¹Ã˜Â±Ã˜Â¨Ã™Å Ã˜Â© Ã˜Â§Ã™â€žÃ˜Â³Ã˜Â¹Ã™Ë†Ã˜Â¯Ã™Å Ã˜Â©
     got: Ø§Ù„Ù…Ù…Ù„ÙƒØ© Ø§Ù„Ø¹Ø±Ø¨ÙŠØ© Ø§Ù„Ø³Ø¹ÙˆØ¯ÙŠØ©
 ; [cca2=SA].translations.ces.common
Expected: SaÃƒÂºdskÃƒÂ¡ ArÃƒÂ¡bie
     got: SaÃºdskÃ¡ ArÃ¡bie
 ; [cca2=SA].translations.ces.official
Expected: SaÃƒÂºdskoarabskÃƒÂ© krÃƒÂ¡lovstvÃƒÂ­
     got: SaÃºdskoarabskÃ© krÃ¡lovstvÃ­
 ; [cca2=SA].translations.deu.official
Expected: KÃƒÂ¶nigreich Saudi-Arabien
     got: KÃ¶nigreich Saudi-Arabien
 ; [cca2=SA].translations.hun.common
Expected: SzaÃƒÂºd-ArÃƒÂ¡bia
     got: SzaÃºd-ArÃ¡bia
 ; [cca2=SA].translations.hun.official
Expected: SzaÃƒÂºd-ArÃƒÂ¡bia
     got: SzaÃºd-ArÃ¡bia
 ; [cca2=SA].translations.jpn.common
Expected: Ã£â€šÂµÃ£â€šÂ¦Ã£â€šÂ¸Ã£â€šÂ¢Ã£Æ’Â©Ã£Æ’â€œÃ£â€šÂ¢
     got: ã‚µã‚¦ã‚¸ã‚¢ãƒ©ãƒ“ã‚¢
 ; [cca2=SA].translations.jpn.official
Expected: Ã£â€šÂµÃ£â€šÂ¦Ã£â€šÂ¸Ã£â€šÂ¢Ã£Æ’Â©Ã£Æ’â€œÃ£â€šÂ¢Ã§Å½â€¹Ã¥â€ºÂ½
     got: ã‚µã‚¦ã‚¸ã‚¢ãƒ©ãƒ“ã‚¢çŽ‹å›½
 ; [cca2=SA].translations.kor.common
Expected: Ã¬â€šÂ¬Ã¬Å¡Â°Ã«â€�â€�Ã¬â€¢â€žÃ«ï¿½Â¼Ã«Â¹â€žÃ¬â€¢â€ž
     got: ì‚¬ìš°ë””ì•„ë�¼ë¹„ì•„
 ; [cca2=SA].translations.kor.official
Expected: Ã¬â€šÂ¬Ã¬Å¡Â°Ã«â€�â€�Ã¬â€¢â€žÃ«ï¿½Â¼Ã«Â¹â€žÃ¬â€¢â€ž Ã¬â„¢â€¢ÃªÂµÂ­
     got: ì‚¬ìš°ë””ì•„ë�¼ë¹„ì•„ ì™•êµ­
 ; [cca2=SA].translations.nld.common
Expected: Saoedi-ArabiÃƒÂ«
     got: Saoedi-ArabiÃ«
 ; [cca2=SA].translations.nld.official
Expected: Koninkrijk van Saoedi-ArabiÃƒÂ«
     got: Koninkrijk van Saoedi-ArabiÃ«
 ; [cca2=SA].translations.per.common
Expected: Ã˜Â¹Ã˜Â±Ã˜Â¨Ã˜Â³Ã˜ÂªÃ˜Â§Ã™â€  Ã˜Â³Ã˜Â¹Ã™Ë†Ã˜Â¯Ã›Å’
     got: Ø¹Ø±Ø¨Ø³ØªØ§Ù† Ø³Ø¹ÙˆØ¯ÛŒ
 ; [cca2=SA].translations.per.official
Expected: Ã™Â¾Ã˜Â§Ã˜Â¯Ã˜Â´Ã˜Â§Ã™â€¡Ã›Å’ Ã˜Â¹Ã˜Â±Ã˜Â¨Ã›Å’ Ã˜Â³Ã™Å½Ã˜Â¹Ã™Ë†Ã˜Â¯Ã›Å’
     got: Ù¾Ø§Ø¯Ø´Ø§Ù‡ÛŒ Ø¹Ø±Ø¨ÛŒ Ø³ÙŽØ¹ÙˆØ¯ÛŒ
 ; [cca2=SA].translations.pol.official
Expected: KrÃƒÂ³lestwo Arabii Saudyjskiej
     got: KrÃ³lestwo Arabii Saudyjskiej
 ; [cca2=SA].translations.por.common
Expected: ArÃƒÂ¡bia Saudita
     got: ArÃ¡bia Saudita
 ; [cca2=SA].translations.por.official
Expected: Reino da ArÃƒÂ¡bia Saudita
     got: Reino da ArÃ¡bia Saudita
 ; [cca2=SA].translations.rus.common
Expected: Ã�Â¡Ã�Â°Ã‘Æ’Ã�Â´Ã�Â¾Ã�Â²Ã‘ï¿½Ã�ÂºÃ�Â°Ã‘ï¿½ Ã�ï¿½Ã‘â‚¬Ã�Â°Ã�Â²Ã�Â¸Ã‘ï¿½
     got: Ð¡Ð°ÑƒÐ´Ð¾Ð²Ñ�ÐºÐ°Ñ� Ð�Ñ€Ð°Ð²Ð¸Ñ�
 ; [cca2=SA].translations.rus.official
Expected: Ã�Å¡Ã�Â¾Ã‘â‚¬Ã�Â¾Ã�Â»Ã�ÂµÃ�Â²Ã‘ï¿½Ã‘â€šÃ�Â²Ã�Â¾ Ã�Â¡Ã�Â°Ã‘Æ’Ã�Â´Ã�Â¾Ã�Â²Ã‘ï¿½Ã�ÂºÃ�Â°Ã‘ï¿½ Ã�ï¿½Ã‘â‚¬Ã�Â°Ã�Â²Ã�Â¸Ã‘ï¿½
     got: ÐšÐ¾Ñ€Ð¾Ð»ÐµÐ²Ñ�Ñ‚Ð²Ð¾ Ð¡Ð°ÑƒÐ´Ð¾Ð²Ñ�ÐºÐ°Ñ� Ð�Ñ€Ð°Ð²Ð¸Ñ�
 ; [cca2=SA].translations.slk.common
Expected: SaudskÃƒÂ¡ ArÃƒÂ¡bia
     got: SaudskÃ¡ ArÃ¡bia
 ; [cca2=SA].translations.slk.official
Expected: SaudskoarabskÃƒÂ© krÃƒÂ¡Ã„Â¾ovstvo
     got: SaudskoarabskÃ© krÃ¡Ä¾ovstvo
 ; [cca2=SA].translations.spa.common
Expected: Arabia SaudÃƒÂ­
     got: Arabia SaudÃ­
 ; [cca2=SA].translations.srp.common
Expected: Ã�Â¡Ã�Â°Ã‘Æ’Ã�Â´Ã�Â¸Ã‘ËœÃ‘ï¿½Ã�ÂºÃ�Â° Ã�ï¿½Ã‘â‚¬Ã�Â°Ã�Â±Ã�Â¸Ã‘ËœÃ�Â°
     got: Ð¡Ð°ÑƒÐ´Ð¸Ñ˜Ñ�ÐºÐ° Ð�Ñ€Ð°Ð±Ð¸Ñ˜Ð°
 ; [cca2=SA].translations.srp.official
Expected: Ã�Å¡Ã‘â‚¬Ã�Â°Ã‘â„¢Ã�ÂµÃ�Â²Ã�Â¸Ã�Â½Ã�Â° Ã�Â¡Ã�Â°Ã‘Æ’Ã�Â´Ã�Â¸Ã‘ËœÃ‘ï¿½Ã�ÂºÃ�Â° Ã�ï¿½Ã‘â‚¬Ã�Â°Ã�Â±Ã�Â¸Ã‘ËœÃ�Â°
     got: ÐšÑ€Ð°Ñ™ÐµÐ²Ð¸Ð½Ð° Ð¡Ð°ÑƒÐ´Ð¸Ñ˜Ñ�ÐºÐ° Ð�Ñ€Ð°Ð±Ð¸Ñ˜Ð°
 ; [cca2=SA].translations.swe.official
Expected: KungadÃƒÂ¶met Saudiarabien
     got: KungadÃ¶met Saudiarabien
 ; [cca2=SA].translations.tur.official
Expected: Suudi Arabistan KrallÃ„Â±Ã„Å¸Ã„Â±
     got: Suudi Arabistan KrallÄ±ÄŸÄ±
 ; [cca2=SA].translations.urd.common
Expected: Ã˜Â³Ã˜Â¹Ã™Ë†Ã˜Â¯Ã›Å’ Ã˜Â¹Ã˜Â±Ã˜Â¨
     got: Ø³Ø¹ÙˆØ¯ÛŒ Ø¹Ø±Ø¨
 ; [cca2=SA].translations.urd.official
Expected: Ã™â€¦Ã™â€¦Ã™â€žÃšÂ©Ã˜ÂªÃ™ï¿½ Ã˜Â³Ã˜Â¹Ã™Ë†Ã˜Â¯Ã›Å’ Ã˜Â¹Ã˜Â±Ã˜Â¨
     got: Ù…Ù…Ù„Ú©ØªÙ� Ø³Ø¹ÙˆØ¯ÛŒ Ø¹Ø±Ø¨
 ; [cca2=SA].translations.zho.common
Expected: Ã¦Â²â„¢Ã§â€°Â¹Ã©ËœÂ¿Ã¦â€¹â€°Ã¤Â¼Â¯
     got: æ²™ç‰¹é˜¿æ‹‰ä¼¯
 ; [cca2=SA].translations.zho.official
Expected: Ã¦Â²â„¢Ã§â€°Â¹Ã©ËœÂ¿Ã¦â€¹â€°Ã¤Â¼Â¯Ã§Å½â€¹Ã¥â€ºÂ½
     got: æ²™ç‰¹é˜¿æ‹‰ä¼¯çŽ‹å›½
 ; [cca2=BQ].demonyms.fra.f
Expected: NÃƒÂ©erlandaise
     got: NÃ©erlandaise
 ; [cca2=BQ].demonyms.fra.m
Expected: NÃƒÂ©erlandais
     got: NÃ©erlandais
 ; [cca2=BQ].flag
Expected: Ã°Å¸â€¡Â§Ã°Å¸â€¡Â¶
     got: ðŸ‡§ðŸ‡¶
 ; [cca2=BQ].translations.ara.common
Expected: Ã˜Â§Ã™â€žÃ˜Â¬Ã˜Â²Ã˜Â± Ã˜Â§Ã™â€žÃ™Æ’Ã˜Â§Ã˜Â±Ã™Å Ã˜Â¨Ã™Å Ã˜Â© Ã˜Â§Ã™â€žÃ™â€¡Ã™Ë†Ã™â€žÃ™â€ Ã˜Â¯Ã™Å Ã˜Â©
     got: Ø§Ù„Ø¬Ø²Ø± Ø§Ù„ÙƒØ§Ø±ÙŠØ¨ÙŠØ© Ø§Ù„Ù‡ÙˆÙ„Ù†Ø¯ÙŠØ©
 ; [cca2=BQ].translations.ara.official
Expected: Ã˜Â¨Ã™Ë†Ã™â€ Ã™Å Ã˜Â± Ã™Ë†Ã˜Â³Ã™Å Ã™â€ Ã˜Âª Ã˜Â£Ã™Ë†Ã˜Â³Ã˜ÂªÃ˜Â§Ã˜ÂªÃ™Å Ã™Ë†Ã˜Â³ Ã™Ë†Ã˜Â³Ã˜Â§Ã˜Â¨Ã˜Â§
     got: Ø¨ÙˆÙ†ÙŠØ± ÙˆØ³ÙŠÙ†Øª Ø£ÙˆØ³ØªØ§ØªÙŠÙˆØ³ ÙˆØ³Ø§Ø¨Ø§
 ; [cca2=BQ].translations.ces.common
Expected: KaribskÃƒÂ© Nizozemsko
     got: KaribskÃ© Nizozemsko
 ; [cca2=BQ].translations.ces.official
Expected: KaribskÃƒÂ© Nizozemsko
     got: KaribskÃ© Nizozemsko
 ; [cca2=BQ].translations.fra.common
Expected: Pays-Bas caribÃƒÂ©ens
     got: Pays-Bas caribÃ©ens
 ; [cca2=BQ].translations.jpn.common
Expected: Ã£Æ’Å“Ã£Æ’ï¿½Ã£Æ’Â¼Ã£Æ’Â«Ã£â‚¬ï¿½Ã£â€šÂ·Ã£Æ’Â³Ã£Æ’Ë†Ã£Æ’Â»Ã£Æ’Â¦Ã£Æ’Â¼Ã£â€šÂ¹Ã£â€šÂ¿Ã£Æ’â€ Ã£â€šÂ£Ã£â€šÂ¦Ã£â€šÂ¹Ã£ï¿½Å Ã£â€šË†Ã£ï¿½Â³Ã£â€šÂµÃ£Æ’ï¿½
     got: ãƒœãƒ�ãƒ¼ãƒ«ã€�ã‚·ãƒ³ãƒˆãƒ»ãƒ¦ãƒ¼ã‚¹ã‚¿ãƒ†ã‚£ã‚¦ã‚¹ã�Šã‚ˆã�³ã‚µãƒ�
 ; [cca2=BQ].translations.jpn.official
Expected: Ã£Æ’Å“Ã£Æ’ï¿½Ã£Æ’Â¼Ã£Æ’Â«Ã£â‚¬ï¿½Ã£â€šÂ·Ã£Æ’Â³Ã£Æ’Ë†Ã£Æ’Â»Ã£Æ’Â¦Ã£Æ’Â¼Ã£â€šÂ¹Ã£â€šÂ¿Ã£Æ’â€ Ã£â€šÂ£Ã£â€šÂ¦Ã£â€šÂ¹Ã£ï¿½Å Ã£â€šË†Ã£ï¿½Â³Ã£â€šÂµÃ£Æ’ï¿½
     got: ãƒœãƒ�ãƒ¼ãƒ«ã€�ã‚·ãƒ³ãƒˆãƒ»ãƒ¦ãƒ¼ã‚¹ã‚¿ãƒ†ã‚£ã‚¦ã‚¹ã�Šã‚ˆã�³ã‚µãƒ�
 ; [cca2=BQ].translations.kor.common
Expected: Ã¬Â¹Â´Ã«Â¦Â¬Ã«Â¸Å’ Ã«â€žÂ¤Ã«ï¿½Å“Ã«Å¾â‚¬Ã«â€œÅ“
     got: ì¹´ë¦¬ë¸Œ ë„¤ë�œëž€ë“œ
 ; [cca2=BQ].translations.kor.official
Expected: Ã«Â³Â´Ã«â€žÂ¤Ã«Â¥Â´, Ã¬â€¹Â Ã­Å Â¸Ã¬â„¢Â¸Ã¬Å Â¤Ã­Æ’â‚¬Ã­â€¹Â°Ã¬Å“â€žÃ¬Å Â¤, Ã¬â€šÂ¬Ã«Â°â€�
     got: ë³´ë„¤ë¥´, ì‹ íŠ¸ì™¸ìŠ¤íƒ€í‹°ìœ„ìŠ¤, ì‚¬ë°”
 ; [cca2=BQ].translations.per.common
Expected: Ã˜Â¬Ã˜Â²Ã˜Â§Ã›Å’Ã˜Â± ÃšÂ©Ã˜Â§Ã˜Â±Ã˜Â§Ã˜Â¦Ã›Å’Ã˜Â¨ Ã™â€¡Ã™â€žÃ™â€ Ã˜Â¯
     got: Ø¬Ø²Ø§ÛŒØ± Ú©Ø§Ø±Ø§Ø¦ÛŒØ¨ Ù‡Ù„Ù†Ø¯
 ; [cca2=BQ].translations.per.official
Expected: Ã˜Â¬Ã˜Â²Ã˜Â§Ã›Å’Ã˜Â± ÃšÂ©Ã˜Â§Ã˜Â±Ã˜Â§Ã˜Â¦Ã›Å’Ã˜Â¨ Ã™â€¡Ã™â€žÃ™â€ Ã˜Â¯
     got: Ø¬Ø²Ø§ÛŒØ± Ú©Ø§Ø±Ø§Ø¦ÛŒØ¨ Ù‡Ù„Ù†Ø¯
 ; [cca2=BQ].translations.por.common
Expected: PaÃƒÂ­ses Baixos Caribenhos
     got: PaÃ­ses Baixos Caribenhos
 ; [cca2=BQ].translations.por.official
Expected: Bonaire, Saba e Santo EustÃƒÂ¡quio
     got: Bonaire, Saba e Santo EustÃ¡quio
 ; [cca2=BQ].translations.rus.common
Expected: Ã�Å¡Ã�Â°Ã‘â‚¬Ã�Â¸Ã�Â±Ã‘ï¿½Ã�ÂºÃ�Â¸Ã�Âµ Ã�ï¿½Ã�Â¸Ã�Â´Ã�ÂµÃ‘â‚¬Ã�Â»Ã�Â°Ã�Â½Ã�Â´Ã‘â€¹
     got: ÐšÐ°Ñ€Ð¸Ð±Ñ�ÐºÐ¸Ðµ Ð�Ð¸Ð´ÐµÑ€Ð»Ð°Ð½Ð´Ñ‹
 ; [cca2=BQ].translations.rus.official
Expected: Ã�â€˜Ã�Â¾Ã�Â½Ã‘ï¿½Ã�Â¹Ã‘â‚¬, Ã�Â¡Ã�Â¸Ã�Â½Ã‘â€š-Ã�Â­Ã‘ï¿½Ã‘â€šÃ�Â°Ã‘â€šÃ�Â¸Ã‘Æ’Ã‘ï¿½ Ã�Â¸ Ã�Â¡Ã�Â°Ã�Â±Ã�Â°
     got: Ð‘Ð¾Ð½Ñ�Ð¹Ñ€, Ð¡Ð¸Ð½Ñ‚-Ð­Ñ�Ñ‚Ð°Ñ‚Ð¸ÑƒÑ� Ð¸ Ð¡Ð°Ð±Ð°
 ; [cca2=BQ].translations.spa.common
Expected: Caribe NeerlandÃƒÂ©s
     got: Caribe NeerlandÃ©s
 ; [cca2=BQ].translations.srp.common
Expected: Ã�Å¡Ã�Â°Ã‘â‚¬Ã�Â¸Ã�Â¿Ã‘ï¿½Ã�ÂºÃ�Â° Ã�Â¥Ã�Â¾Ã�Â»Ã�Â°Ã�Â½Ã�Â´Ã�Â¸Ã‘ËœÃ�Â°
     got: ÐšÐ°Ñ€Ð¸Ð¿Ñ�ÐºÐ° Ð¥Ð¾Ð»Ð°Ð½Ð´Ð¸Ñ˜Ð°
 ; [cca2=BQ].translations.srp.official
Expected: Ã�â€˜Ã�Â¾Ã�Â½Ã�ÂµÃ‘â‚¬, Ã�Â¡Ã�Â²Ã�ÂµÃ‘â€šÃ�Â¸ Ã�â€¢Ã‘Æ’Ã‘ï¿½Ã‘â€šÃ�Â°Ã‘â€¦Ã�Â¸Ã‘ËœÃ�Âµ Ã�Â¸ Ã�Â¡Ã�Â°Ã�Â±Ã�Â°
     got: Ð‘Ð¾Ð½ÐµÑ€, Ð¡Ð²ÐµÑ‚Ð¸ Ð•ÑƒÑ�Ñ‚Ð°Ñ…Ð¸Ñ˜Ðµ Ð¸ Ð¡Ð°Ð±Ð°
 ; [cca2=BQ].translations.swe.common
Expected: Karibiska NederlÃƒÂ¤nderna
     got: Karibiska NederlÃ¤nderna
 ; [cca2=BQ].translations.tur.common
Expected: Karayip HollandasÃ„Â±
     got: Karayip HollandasÄ±
 ; [cca2=BQ].translations.tur.official
Expected: Karayip HollandasÃ„Â±
     got: Karayip HollandasÄ±
 ; [cca2=BQ].translations.urd.common
Expected: ÃšÂ©Ã›Å’Ã˜Â±Ã›Å’Ã˜Â¨Ã›Å’Ã™â€  Ã™â€ Ã›Å’Ã˜Â¯Ã˜Â±Ã™â€žÃ›Å’Ã™â€ ÃšË†Ã˜Â²
     got: Ú©ÛŒØ±ÛŒØ¨ÛŒÙ† Ù†ÛŒØ¯Ø±Ù„ÛŒÙ†ÚˆØ²
 ; [cca2=BQ].translations.urd.official
Expected: Ã˜Â¨Ã™Ë†Ã™â€ Ã˜Â§Ã›Å’Ã˜Â±Ã˜Å’ Ã˜Â³Ã›Å’Ã™â€ Ã™Â¹ Ã˜Â§Ã›Å’Ã™Ë†Ã˜Â³Ã™Â¹Ã˜Â§Ã˜Â¦Ã›Å’Ã˜Â³ Ã˜Â§Ã™Ë†Ã˜Â± Ã˜Â³Ã˜Â§Ã˜Â¨Ã˜Â§
     got: Ø¨ÙˆÙ†Ø§ÛŒØ±ØŒ Ø³ÛŒÙ†Ù¹ Ø§ÛŒÙˆØ³Ù¹Ø§Ø¦ÛŒØ³ Ø§ÙˆØ± Ø³Ø§Ø¨Ø§
 ; [cca2=BQ].translations.zho.common
Expected: Ã¨ï¿½Â·Ã¨ËœÂ­Ã¥Å Â Ã¥â€¹â€™Ã¦Â¯â€�Ã¥ï¿½â‚¬
     got: è�·è˜­åŠ å‹’æ¯”å�€
 ; [cca2=BQ].translations.zho.official
Expected: Ã¨ï¿½Â·Ã¨ËœÂ­Ã¥Å Â Ã¥â€¹â€™Ã¦Â¯â€�Ã¥ï¿½â‚¬
     got: è�·è˜­åŠ å‹’æ¯”å�€
 ; [cca2=SB].flag
Expected: Ã°Å¸â€¡Â¸Ã°Å¸â€¡Â§
     got: ðŸ‡¸ðŸ‡§
 ; [cca2=SB].translations.ara.common
Expected: Ã˜Â¬Ã˜Â²Ã˜Â± Ã˜Â³Ã™â€žÃ™Å Ã™â€¦Ã˜Â§Ã™â€ 
     got: Ø¬Ø²Ø± Ø³Ù„ÙŠÙ…Ø§Ù†
 ; [cca2=SB].translations.ara.official
Expected: Ã˜Â¬Ã˜Â²Ã˜Â± Ã˜Â³Ã™â€žÃ™Å Ã™â€¦Ã˜Â§Ã™â€ 
     got: Ø¬Ø²Ø± Ø³Ù„ÙŠÙ…Ø§Ù†
 ; [cca2=SB].translations.ces.common
Expected: Ã…Â alamounovy ostrovy
     got: Å alamounovy ostrovy
 ; [cca2=SB].translations.ces.official
Expected: Ã…Â alamounovy ostrovy
     got: Å alamounovy ostrovy
 ; [cca2=SB].translations.fra.common
Expected: ÃƒÅ½les Salomon
     got: ÃŽles Salomon
 ; [cca2=SB].translations.fra.official
Expected: ÃƒÅ½les Salomon
     got: ÃŽles Salomon
 ; [cca2=SB].translations.jpn.common
Expected: Ã£â€šÂ½Ã£Æ’Â­Ã£Æ’Â¢Ã£Æ’Â³Ã¨Â«Â¸Ã¥Â³Â¶
     got: ã‚½ãƒ­ãƒ¢ãƒ³è«¸å³¶
 ; [cca2=SB].translations.jpn.official
Expected: Ã£â€šÂ½Ã£Æ’Â­Ã£Æ’Â¢Ã£Æ’Â³Ã¨Â«Â¸Ã¥Â³Â¶
     got: ã‚½ãƒ­ãƒ¢ãƒ³è«¸å³¶
 ; [cca2=SB].translations.kor.common
Expected: Ã¬â€ â€�Ã«Â¡Å“Ã«ÂªÂ¬ Ã¬Â Å“Ã«ï¿½â€ž
     got: ì†”ë¡œëª¬ ì œë�„
 ; [cca2=SB].translations.kor.official
Expected: Ã¬â€ â€�Ã«Â¡Å“Ã«ÂªÂ¬ Ã¬Â Å“Ã«ï¿½â€ž
     got: ì†”ë¡œëª¬ ì œë�„
 ; [cca2=SB].translations.per.common
Expected: Ã˜Â¬Ã˜Â²Ã˜Â§Ã›Å’Ã˜Â± Ã˜Â³Ã™â€žÃ›Å’Ã™â€¦Ã˜Â§Ã™â€ 
     got: Ø¬Ø²Ø§ÛŒØ± Ø³Ù„ÛŒÙ…Ø§Ù†
 ; [cca2=SB].translations.per.official
Expected: Ã˜Â¬Ã˜Â²Ã˜Â§Ã›Å’Ã˜Â± Ã˜Â³Ã™â€žÃ›Å’Ã™â€¦Ã˜Â§Ã™â€ 
     got: Ø¬Ø²Ø§ÛŒØ± Ø³Ù„ÛŒÙ…Ø§Ù†
 ; [cca2=SB].translations.por.common
Expected: Ilhas SalomÃƒÂ£o
     got: Ilhas SalomÃ£o
 ; [cca2=SB].translations.por.official
Expected: Ilhas SalomÃƒÂ£o
     got: Ilhas SalomÃ£o
 ; [cca2=SB].translations.rus.common
Expected: Ã�Â¡Ã�Â¾Ã�Â»Ã�Â¾Ã�Â¼Ã�Â¾Ã�Â½Ã�Â¾Ã�Â²Ã‘â€¹ Ã�Å¾Ã‘ï¿½Ã‘â€šÃ‘â‚¬Ã�Â¾Ã�Â²Ã�Â°
     got: Ð¡Ð¾Ð»Ð¾Ð¼Ð¾Ð½Ð¾Ð²Ñ‹ ÐžÑ�Ñ‚Ñ€Ð¾Ð²Ð°
 ; [cca2=SB].translations.rus.official
Expected: Ã�Â¡Ã�Â¾Ã�Â»Ã�Â¾Ã�Â¼Ã�Â¾Ã�Â½Ã�Â¾Ã�Â²Ã‘â€¹ Ã�Â¾Ã‘ï¿½Ã‘â€šÃ‘â‚¬Ã�Â¾Ã�Â²Ã�Â°
     got: Ð¡Ð¾Ð»Ð¾Ð¼Ð¾Ð½Ð¾Ð²Ñ‹ Ð¾Ñ�Ñ‚Ñ€Ð¾Ð²Ð°
 ; [cca2=SB].translations.spa.common
Expected: Islas SalomÃƒÂ³n
     got: Islas SalomÃ³n
 ; [cca2=SB].translations.spa.official
Expected: islas SalomÃƒÂ³n
     got: islas SalomÃ³n
 ; [cca2=SB].translations.srp.common
Expected: Ã�Â¡Ã�Â¾Ã�Â»Ã�Â¾Ã�Â¼Ã�Â¾Ã�Â½Ã‘ï¿½Ã�ÂºÃ�Â° Ã�Å¾Ã‘ï¿½Ã‘â€šÃ‘â‚¬Ã�Â²Ã�Â°
     got: Ð¡Ð¾Ð»Ð¾Ð¼Ð¾Ð½Ñ�ÐºÐ° ÐžÑ�Ñ‚Ñ€Ð²Ð°
 ; [cca2=SB].translations.srp.official
Expected: Ã�Â¡Ã�Â¾Ã�Â»Ã�Â¾Ã�Â¼Ã�Â¾Ã�Â½Ã‘ï¿½Ã�ÂºÃ�Â° Ã�Å¾Ã‘ï¿½Ã‘â€šÃ‘â‚¬Ã�Â²Ã�Â°
     got: Ð¡Ð¾Ð»Ð¾Ð¼Ð¾Ð½Ñ�ÐºÐ° ÐžÑ�Ñ‚Ñ€Ð²Ð°
 ; [cca2=SB].translations.swe.common
Expected: SalomonÃƒÂ¶arna
     got: SalomonÃ¶arna
 ; [cca2=SB].translations.swe.official
Expected: SalomonÃƒÂ¶arna
     got: SalomonÃ¶arna
 ; [cca2=SB].translations.tur.common
Expected: Solomon AdalarÃ„Â±
     got: Solomon AdalarÄ±
 ; [cca2=SB].translations.tur.official
Expected: Solomon AdalarÃ„Â±
     got: Solomon AdalarÄ±
 ; [cca2=SB].translations.urd.common
Expected: Ã˜Â¬Ã˜Â²Ã˜Â§Ã˜Â¦Ã˜Â± Ã˜Â³Ã™â€žÃ›Å’Ã™â€¦Ã˜Â§Ã™â€ 
     got: Ø¬Ø²Ø§Ø¦Ø± Ø³Ù„ÛŒÙ…Ø§Ù†
 ; [cca2=SB].translations.urd.official
Expected: Ã˜Â¬Ã˜Â²Ã˜Â§Ã˜Â¦Ã˜Â± Ã˜Â³Ã™â€žÃ›Å’Ã™â€¦Ã˜Â§Ã™â€ 
     got: Ø¬Ø²Ø§Ø¦Ø± Ø³Ù„ÛŒÙ…Ø§Ù†
 ; [cca2=SB].translations.zho.common
Expected: Ã¦â€°â‚¬Ã§Â½â€”Ã©â€”Â¨Ã§Â¾Â¤Ã¥Â²â€º
     got: æ‰€ç½—é—¨ç¾¤å²›
 ; [cca2=SB].translations.zho.official
Expected: Ã¦â€°â‚¬Ã§Â½â€”Ã©â€”Â¨Ã§Â¾Â¤Ã¥Â²â€º
     got: æ‰€ç½—é—¨ç¾¤å²›
 ; [cca2=SC].altSpellings[]
Expected: RÃƒÂ©publique des Seychelles
     but none found
 ; [cca2=SC].altSpellings[]
Unexpected: RÃ©publique des Seychelles
 ; [cca2=SC].currencies.SCR.symbol
Expected: Ã¢â€šÂ¨
     got: â‚¨
 ; [cca2=SC].flag
Expected: Ã°Å¸â€¡Â¸Ã°Å¸â€¡Â¨
     got: ðŸ‡¸ðŸ‡¨
 ; [cca2=SC].name.nativeName.fra.official
Expected: RÃƒÂ©publique des Seychelles
     got: RÃ©publique des Seychelles
 ; [cca2=SC].translations.ara.common
Expected: Ã˜Â³Ã™Å Ã˜Â´Ã™â€ž
     got: Ø³ÙŠØ´Ù„
 ; [cca2=SC].translations.ara.official
Expected: Ã˜Â¬Ã™â€¦Ã™â€¡Ã™Ë†Ã˜Â±Ã™Å Ã˜Â© Ã˜Â³Ã™Å Ã˜Â´Ã™â€ž
     got: Ø¬Ù…Ù‡ÙˆØ±ÙŠØ© Ø³ÙŠØ´Ù„
 ; [cca2=SC].translations.ces.official
Expected: SeychelskÃƒÂ¡ republika
     got: SeychelskÃ¡ republika
 ; [cca2=SC].translations.est.common
Expected: SeiÃ…Â¡ellid
     got: SeiÅ¡ellid
 ; [cca2=SC].translations.est.official
Expected: SeiÃ…Â¡elli Vabariik
     got: SeiÅ¡elli Vabariik
 ; [cca2=SC].translations.fra.official
Expected: RÃƒÂ©publique des Seychelles
     got: RÃ©publique des Seychelles
 ; [cca2=SC].translations.hrv.common
Expected: SejÃ…Â¡eli
     got: SejÅ¡eli
 ; [cca2=SC].translations.hrv.official
Expected: Republika SejÃ…Â¡eli
     got: Republika SejÅ¡eli
 ; [cca2=SC].translations.hun.official
Expected: Seychelle KÃƒÂ¶ztÃƒÂ¡rsasÃƒÂ¡g
     got: Seychelle KÃ¶ztÃ¡rsasÃ¡g
 ; [cca2=SC].translations.jpn.common
Expected: Ã£â€šÂ»Ã£Æ’Â¼Ã£â€šÂ·Ã£â€šÂ§Ã£Æ’Â«
     got: ã‚»ãƒ¼ã‚·ã‚§ãƒ«
 ; [cca2=SC].translations.jpn.official
Expected: Ã£â€šÂ»Ã£â€šÂ¤Ã£â€šÂ·Ã£â€šÂ§Ã£Æ’Â«Ã¥â€¦Â±Ã¥â€™Å’Ã¥â€ºÂ½
     got: ã‚»ã‚¤ã‚·ã‚§ãƒ«å…±å’Œå›½
 ; [cca2=SC].translations.kor.common
Expected: Ã¬â€žÂ¸Ã¬ï¿½Â´Ã¬â€¦Â¸
     got: ì„¸ì�´ì…¸
 ; [cca2=SC].translations.kor.official
Expected: Ã¬â€žÂ¸Ã¬ï¿½Â´Ã¬â€¦Â¸ ÃªÂ³ÂµÃ­â„¢â€�ÃªÂµÂ­
     got: ì„¸ì�´ì…¸ ê³µí™”êµ­
 ; [cca2=SC].translations.per.common
Expected: Ã˜Â³Ã›Å’Ã˜Â´Ã™â€ž
     got: Ø³ÛŒØ´Ù„
 ; [cca2=SC].translations.per.official
Expected: Ã˜Â¬Ã™â€¦Ã™â€¡Ã™Ë†Ã˜Â±Ã›Å’ Ã˜Â³Ã›Å’Ã˜Â´Ã™â€ž
     got: Ø¬Ù…Ù‡ÙˆØ±ÛŒ Ø³ÛŒØ´Ù„
 ; [cca2=SC].translations.por.official
Expected: RepÃƒÂºblica das Seychelles
     got: RepÃºblica das Seychelles
 ; [cca2=SC].translations.rus.common
Expected: Ã�Â¡Ã�ÂµÃ�Â¹Ã‘Ë†Ã�ÂµÃ�Â»Ã‘Å’Ã‘ï¿½Ã�ÂºÃ�Â¸Ã�Âµ Ã�Å¾Ã‘ï¿½Ã‘â€šÃ‘â‚¬Ã�Â¾Ã�Â²Ã�Â°
     got: Ð¡ÐµÐ¹ÑˆÐµÐ»ÑŒÑ�ÐºÐ¸Ðµ ÐžÑ�Ñ‚Ñ€Ð¾Ð²Ð°
 ; [cca2=SC].translations.rus.official
Expected: Ã�Â Ã�ÂµÃ‘ï¿½Ã�Â¿Ã‘Æ’Ã�Â±Ã�Â»Ã�Â¸Ã�ÂºÃ�Â° Ã�Â¡Ã�ÂµÃ�Â¹Ã‘Ë†Ã�ÂµÃ�Â»Ã‘Å’Ã‘ï¿½Ã�ÂºÃ�Â¸Ã�Âµ Ã�Å¾Ã‘ï¿½Ã‘â€šÃ‘â‚¬Ã�Â¾Ã�Â²Ã�Â°
     got: Ð ÐµÑ�Ð¿ÑƒÐ±Ð»Ð¸ÐºÐ° Ð¡ÐµÐ¹ÑˆÐµÐ»ÑŒÑ�ÐºÐ¸Ðµ ÐžÑ�Ñ‚Ñ€Ð¾Ð²Ð°
 ; [cca2=SC].translations.slk.official
Expected: SeychelskÃƒÂ¡ republika
     got: SeychelskÃ¡ republika
 ; [cca2=SC].translations.spa.official
Expected: RepÃƒÂºblica de las Seychelles
     got: RepÃºblica de las Seychelles
 ; [cca2=SC].translations.srp.common
Expected: Ã�Â¡Ã�ÂµÃ‘ËœÃ‘Ë†Ã�ÂµÃ�Â»Ã�Â¸
     got: Ð¡ÐµÑ˜ÑˆÐµÐ»Ð¸
 ; [cca2=SC].translations.srp.official
Expected: Ã�Â Ã�ÂµÃ�Â¿Ã‘Æ’Ã�Â±Ã�Â»Ã�Â¸Ã�ÂºÃ�Â° Ã�Â¡Ã�ÂµÃ‘ËœÃ‘Ë†Ã�ÂµÃ�Â»Ã�Â¸
     got: Ð ÐµÐ¿ÑƒÐ±Ð»Ð¸ÐºÐ° Ð¡ÐµÑ˜ÑˆÐµÐ»Ð¸
 ; [cca2=SC].translations.tur.common
Expected: SeyÃ…Å¸eller
     got: SeyÅŸeller
 ; [cca2=SC].translations.tur.official
Expected: SeyÃ…Å¸eller Cumhuriyeti
     got: SeyÅŸeller Cumhuriyeti
 ; [cca2=SC].translations.urd.common
Expected: Ã˜Â³Ã›Å’Ãšâ€ Ã›Å’Ã™â€žÃ›Å’Ã˜Â³
     got: Ø³ÛŒÚ†ÛŒÙ„ÛŒØ³
 ; [cca2=SC].translations.urd.official
Expected: Ã˜Â¬Ã™â€¦Ã›ï¿½Ã™Ë†Ã˜Â±Ã›Å’Ã›ï¿½ Ã˜Â³Ã›Å’Ãšâ€ Ã›Å’Ã™â€žÃ›Å’Ã˜Â³
     got: Ø¬Ù…Û�ÙˆØ±ÛŒÛ� Ø³ÛŒÚ†ÛŒÙ„ÛŒØ³
 ; [cca2=SC].translations.zho.common
Expected: Ã¥Â¡Å¾Ã¨Ë†Å’Ã¥Â°â€�
     got: å¡žèˆŒå°”
 ; [cca2=SC].translations.zho.official
Expected: Ã¥Â¡Å¾Ã¨Ë†Å’Ã¥Â°â€�Ã¥â€¦Â±Ã¥â€™Å’Ã¥â€ºÂ½
     got: å¡žèˆŒå°”å…±å’Œå›½
 ; [cca2=BR].altSpellings[]
Expected: RepÃƒÂºblica Federativa do Brasil
     but none found
 ; [cca2=BR].altSpellings[]
Unexpected: RepÃºblica Federativa do Brasil
 ; [cca2=BR].capital[]
Expected: BrasÃƒÂ­lia
     but none found
 ; [cca2=BR].capital[]
Unexpected: BrasÃ­lia
 ; [cca2=BR].demonyms.fra.f
Expected: BrÃƒÂ©silienne
     got: BrÃ©silienne
 ; [cca2=BR].demonyms.fra.m
Expected: BrÃƒÂ©silien
     got: BrÃ©silien
 ; [cca2=BR].flag
Expected: Ã°Å¸â€¡Â§Ã°Å¸â€¡Â·
     got: ðŸ‡§ðŸ‡·
 ; [cca2=BR].name.nativeName.por.official
Expected: RepÃƒÂºblica Federativa do Brasil
     got: RepÃºblica Federativa do Brasil
 ; [cca2=BR].translations.ara.common
Expected: Ã˜Â§Ã™â€žÃ˜Â¨Ã˜Â±Ã˜Â§Ã˜Â²Ã™Å Ã™â€ž
     got: Ø§Ù„Ø¨Ø±Ø§Ø²ÙŠÙ„
 ; [cca2=BR].translations.ara.official
Expected: Ã˜Â¬Ã™â€¦Ã™â€¡Ã™Ë†Ã˜Â±Ã™Å Ã˜Â© Ã˜Â§Ã™â€žÃ˜Â¨Ã˜Â±Ã˜Â§Ã˜Â²Ã™Å Ã™â€ž Ã˜Â§Ã™â€žÃ˜Â§Ã˜ÂªÃ˜Â­Ã˜Â§Ã˜Â¯Ã™Å Ã˜Â©
     got: Ø¬Ù…Ù‡ÙˆØ±ÙŠØ© Ø§Ù„Ø¨Ø±Ø§Ø²ÙŠÙ„ Ø§Ù„Ø§ØªØ­Ø§Ø¯ÙŠØ©
 ; [cca2=BR].translations.ces.common
Expected: BrazÃƒÂ­lie
     got: BrazÃ­lie
 ; [cca2=BR].translations.ces.official
Expected: BrazilskÃƒÂ¡ federativnÃƒÂ­ republika
     got: BrazilskÃ¡ federativnÃ­ republika
 ; [cca2=BR].translations.deu.official
Expected: FÃƒÂ¶derative Republik Brasilien
     got: FÃ¶derative Republik Brasilien
 ; [cca2=BR].translations.fra.common
Expected: BrÃƒÂ©sil
     got: BrÃ©sil
 ; [cca2=BR].translations.fra.official
Expected: RÃƒÂ©publique fÃƒÂ©dÃƒÂ©rative du BrÃƒÂ©sil
     got: RÃ©publique fÃ©dÃ©rative du BrÃ©sil
 ; [cca2=BR].translations.hun.common
Expected: BrazÃƒÂ­lia
     got: BrazÃ­lia
 ; [cca2=BR].translations.hun.official
Expected: Brazil SzÃƒÂ¶vetsÃƒÂ©gi KÃƒÂ¶ztÃƒÂ¡rsasÃƒÂ¡g
     got: Brazil SzÃ¶vetsÃ©gi KÃ¶ztÃ¡rsasÃ¡g
 ; [cca2=BR].translations.jpn.common
Expected: Ã£Æ’â€“Ã£Æ’Â©Ã£â€šÂ¸Ã£Æ’Â«
     got: ãƒ–ãƒ©ã‚¸ãƒ«
 ; [cca2=BR].translations.jpn.official
Expected: Ã£Æ’â€“Ã£Æ’Â©Ã£â€šÂ¸Ã£Æ’Â«Ã©â‚¬Â£Ã©â€šÂ¦Ã¥â€¦Â±Ã¥â€™Å’Ã¥â€ºÂ½
     got: ãƒ–ãƒ©ã‚¸ãƒ«é€£é‚¦å…±å’Œå›½
 ; [cca2=BR].translations.kor.common
Expected: Ã«Â¸Å’Ã«ï¿½Â¼Ã¬Â§Ë†
     got: ë¸Œë�¼ì§ˆ
 ; [cca2=BR].translations.kor.official
Expected: Ã«Â¸Å’Ã«ï¿½Â¼Ã¬Â§Ë† Ã¬â€”Â°Ã«Â°Â© ÃªÂ³ÂµÃ­â„¢â€�ÃªÂµÂ­
     got: ë¸Œë�¼ì§ˆ ì—°ë°© ê³µí™”êµ­
 ; [cca2=BR].translations.nld.common
Expected: BraziliÃƒÂ«
     got: BraziliÃ«
 ; [cca2=BR].translations.nld.official
Expected: Federale Republiek BraziliÃƒÂ«
     got: Federale Republiek BraziliÃ«
 ; [cca2=BR].translations.per.common
Expected: Ã˜Â¨Ã˜Â±Ã˜Â²Ã›Å’Ã™â€ž
     got: Ø¨Ø±Ø²ÛŒÙ„
 ; [cca2=BR].translations.per.official
Expected: Ã˜Â¬Ã™â€¦Ã™â€¡Ã™Ë†Ã˜Â±Ã›Å’ Ã™ï¿½Ã˜Â¯Ã˜Â±Ã˜Â§Ã˜ÂªÃ›Å’Ã™Ë† Ã˜Â¨Ã˜Â±Ã˜Â²Ã›Å’Ã™â€ž
     got: Ø¬Ù…Ù‡ÙˆØ±ÛŒ Ù�Ø¯Ø±Ø§ØªÛŒÙˆ Ø¨Ø±Ø²ÛŒÙ„
 ; [cca2=BR].translations.por.official
Expected: RepÃƒÂºblica Federativa do Brasil
     got: RepÃºblica Federativa do Brasil
 ; [cca2=BR].translations.rus.common
Expected: Ã�â€˜Ã‘â‚¬Ã�Â°Ã�Â·Ã�Â¸Ã�Â»Ã�Â¸Ã‘ï¿½
     got: Ð‘Ñ€Ð°Ð·Ð¸Ð»Ð¸Ñ�
 ; [cca2=BR].translations.rus.official
Expected: Ã�Â¤Ã�ÂµÃ�Â´Ã�ÂµÃ‘â‚¬Ã�Â°Ã‘â€šÃ�Â¸Ã�Â²Ã�Â½Ã�Â°Ã‘ï¿½ Ã�Â Ã�ÂµÃ‘ï¿½Ã�Â¿Ã‘Æ’Ã�Â±Ã�Â»Ã�Â¸Ã�ÂºÃ�Â° Ã�â€˜Ã‘â‚¬Ã�Â°Ã�Â·Ã�Â¸Ã�Â»Ã�Â¸Ã‘ï¿½
     got: Ð¤ÐµÐ´ÐµÑ€Ð°Ñ‚Ð¸Ð²Ð½Ð°Ñ� Ð ÐµÑ�Ð¿ÑƒÐ±Ð»Ð¸ÐºÐ° Ð‘Ñ€Ð°Ð·Ð¸Ð»Ð¸Ñ�
 ; [cca2=BR].translations.slk.common
Expected: BrazÃƒÂ­lia
     got: BrazÃ­lia
 ; [cca2=BR].translations.slk.official
Expected: BrazÃƒÂ­lska federatÃƒÂ­vna republika
     got: BrazÃ­lska federatÃ­vna republika
 ; [cca2=BR].translations.spa.official
Expected: RepÃƒÂºblica Federativa del Brasil
     got: RepÃºblica Federativa del Brasil
 ; [cca2=BR].translations.srp.common
Expected: Ã�â€˜Ã‘â‚¬Ã�Â°Ã�Â·Ã�Â¸Ã�Â»
     got: Ð‘Ñ€Ð°Ð·Ð¸Ð»
 ; [cca2=BR].translations.srp.official
Expected: Ã�Â¡Ã�Â°Ã�Â²Ã�ÂµÃ�Â·Ã�Â½Ã�Â° Ã�Â Ã�ÂµÃ�Â¿Ã‘Æ’Ã�Â±Ã�Â»Ã�Â¸Ã�ÂºÃ�Â° Ã�â€˜Ã‘â‚¬Ã�Â°Ã�Â·Ã�Â¸Ã�Â»
     got: Ð¡Ð°Ð²ÐµÐ·Ð½Ð° Ð ÐµÐ¿ÑƒÐ±Ð»Ð¸ÐºÐ° Ð‘Ñ€Ð°Ð·Ð¸Ð»
 ; [cca2=BR].translations.swe.official
Expected: FÃƒÂ¶rbundsrepubliken Brasilien
     got: FÃ¶rbundsrepubliken Brasilien
 ; [cca2=BR].translations.urd.common
Expected: Ã˜Â¨Ã˜Â±Ã˜Â§Ã˜Â²Ã›Å’Ã™â€ž
     got: Ø¨Ø±Ø§Ø²ÛŒÙ„
 ; [cca2=BR].translations.urd.official
Expected: Ã™Ë†Ã™ï¿½Ã˜Â§Ã™â€šÃ›Å’ Ã˜Â¬Ã™â€¦Ã›ï¿½Ã™Ë†Ã˜Â±Ã›Å’Ã›ï¿½ Ã˜Â¨Ã˜Â±Ã˜Â§Ã˜Â²Ã›Å’Ã™â€ž
     got: ÙˆÙ�Ø§Ù‚ÛŒ Ø¬Ù…Û�ÙˆØ±ÛŒÛ� Ø¨Ø±Ø§Ø²ÛŒÙ„
 ; [cca2=BR].translations.zho.common
Expected: Ã¥Â·Â´Ã¨Â¥Â¿
     got: å·´è¥¿
 ; [cca2=BR].translations.zho.official
Expected: Ã¥Â·Â´Ã¨Â¥Â¿Ã¨ï¿½â€�Ã©â€šÂ¦Ã¥â€¦Â±Ã¥â€™Å’Ã¥â€ºÂ½
     got: å·´è¥¿è�”é‚¦å…±å’Œå›½
 ; [cca2=SD].altSpellings[]
Expected: JumhÃ…Â«rÃ„Â«yat as-SÃ…Â«dÃ„ï¿½n
     but none found
 ; [cca2=SD].altSpellings[]
Unexpected: JumhÅ«rÄ«yat as-SÅ«dÄ�n
 ; [cca2=SD].flag
Expected: Ã°Å¸â€¡Â¸Ã°Å¸â€¡Â©
     got: ðŸ‡¸ðŸ‡©
 ; [cca2=SD].name.nativeName.ara.common
Expected: Ã˜Â§Ã™â€žÃ˜Â³Ã™Ë†Ã˜Â¯Ã˜Â§Ã™â€ 
     got: Ø§Ù„Ø³ÙˆØ¯Ø§Ù†
 ; [cca2=SD].name.nativeName.ara.official
Expected: Ã˜Â¬Ã™â€¦Ã™â€¡Ã™Ë†Ã˜Â±Ã™Å Ã˜Â© Ã˜Â§Ã™â€žÃ˜Â³Ã™Ë†Ã˜Â¯Ã˜Â§Ã™â€ 
     got: Ø¬Ù…Ù‡ÙˆØ±ÙŠØ© Ø§Ù„Ø³ÙˆØ¯Ø§Ù†
 ; [cca2=SD].translations.ara.common
Expected: Ã˜Â§Ã™â€žÃ˜Â³Ã™Ë†Ã˜Â¯Ã˜Â§Ã™â€ 
     got: Ø§Ù„Ø³ÙˆØ¯Ø§Ù†
 ; [cca2=SD].translations.ara.official
Expected: Ã˜Â¬Ã™â€¦Ã™â€¡Ã™Ë†Ã˜Â±Ã™Å Ã˜Â© Ã˜Â§Ã™â€žÃ˜Â³Ã™Ë†Ã˜Â¯Ã˜Â§Ã™â€ 
     got: Ø¬Ù…Ù‡ÙˆØ±ÙŠØ© Ø§Ù„Ø³ÙˆØ¯Ø§Ù†
 ; [cca2=SD].translations.ces.common
Expected: SÃƒÂºdÃƒÂ¡n
     got: SÃºdÃ¡n
 ; [cca2=SD].translations.ces.official
Expected: SÃƒÂºdÃƒÂ¡nskÃƒÂ¡ republika
     got: SÃºdÃ¡nskÃ¡ republika
 ; [cca2=SD].translations.fra.official
Expected: RÃƒÂ©publique du Soudan
     got: RÃ©publique du Soudan
 ; [cca2=SD].translations.hun.common
Expected: SzudÃƒÂ¡n
     got: SzudÃ¡n
 ; [cca2=SD].translations.hun.official
Expected: SzudÃƒÂ¡ni KÃƒÂ¶ztÃƒÂ¡rsasÃƒÂ¡g
     got: SzudÃ¡ni KÃ¶ztÃ¡rsasÃ¡g
 ; [cca2=SD].translations.jpn.common
Expected: Ã£â€šÂ¹Ã£Æ’Â¼Ã£Æ’â‚¬Ã£Æ’Â³
     got: ã‚¹ãƒ¼ãƒ€ãƒ³
 ; [cca2=SD].translations.jpn.official
Expected: Ã£â€šÂ¹Ã£Æ’Â¼Ã£Æ’â‚¬Ã£Æ’Â³Ã¥â€¦Â±Ã¥â€™Å’Ã¥â€ºÂ½
     got: ã‚¹ãƒ¼ãƒ€ãƒ³å…±å’Œå›½
 ; [cca2=SD].translations.kor.common
Expected: Ã¬Ë†ËœÃ«â€¹Â¨
     got: ìˆ˜ë‹¨
 ; [cca2=SD].translations.kor.official
Expected: Ã¬Ë†ËœÃ«â€¹Â¨ ÃªÂ³ÂµÃ­â„¢â€�ÃªÂµÂ­
     got: ìˆ˜ë‹¨ ê³µí™”êµ­
 ; [cca2=SD].translations.per.common
Expected: Ã˜Â³Ã™Ë†Ã˜Â¯Ã˜Â§Ã™â€ 
     got: Ø³ÙˆØ¯Ø§Ù†
 ; [cca2=SD].translations.per.official
Expected: Ã˜Â¬Ã™â€¦Ã™â€¡Ã™Ë†Ã˜Â±Ã›Å’ Ã˜Â³Ã™Ë†Ã˜Â¯Ã˜Â§Ã™â€ 
     got: Ø¬Ù…Ù‡ÙˆØ±ÛŒ Ø³ÙˆØ¯Ø§Ù†
 ; [cca2=SD].translations.por.common
Expected: SudÃƒÂ£o
     got: SudÃ£o
 ; [cca2=SD].translations.por.official
Expected: RepÃƒÂºblica do SudÃƒÂ£o
     got: RepÃºblica do SudÃ£o
 ; [cca2=SD].translations.rus.common
Expected: Ã�Â¡Ã‘Æ’Ã�Â´Ã�Â°Ã�Â½
     got: Ð¡ÑƒÐ´Ð°Ð½
 ; [cca2=SD].translations.rus.official
Expected: Ã�Â Ã�ÂµÃ‘ï¿½Ã�Â¿Ã‘Æ’Ã�Â±Ã�Â»Ã�Â¸Ã�ÂºÃ�Â° Ã�Â¡Ã‘Æ’Ã�Â´Ã�Â°Ã�Â½
     got: Ð ÐµÑ�Ð¿ÑƒÐ±Ð»Ð¸ÐºÐ° Ð¡ÑƒÐ´Ð°Ð½
 ; [cca2=SD].translations.slk.common
Expected: SudÃƒÂ¡n
     got: SudÃ¡n
 ; [cca2=SD].translations.slk.official
Expected: SudÃƒÂ¡nska republika
     got: SudÃ¡nska republika
 ; [cca2=SD].translations.spa.common
Expected: SudÃƒÂ¡n
     got: SudÃ¡n
 ; [cca2=SD].translations.spa.official
Expected: RepÃƒÂºblica de SudÃƒÂ¡n
     got: RepÃºblica de SudÃ¡n
 ; [cca2=SD].translations.srp.common
Expected: Ã�Â¡Ã‘Æ’Ã�Â´Ã�Â°Ã�Â½
     got: Ð¡ÑƒÐ´Ð°Ð½
 ; [cca2=SD].translations.srp.official
Expected: Ã�Â Ã�ÂµÃ�Â¿Ã‘Æ’Ã�Â±Ã�Â»Ã�Â¸Ã�ÂºÃ�Â° Ã�Â¡Ã‘Æ’Ã�Â´Ã�Â°Ã�Â½
     got: Ð ÐµÐ¿ÑƒÐ±Ð»Ð¸ÐºÐ° Ð¡ÑƒÐ´Ð°Ð½
 ; [cca2=SD].translations.urd.common
Expected: Ã˜Â³Ã™Ë†Ã˜Â¯Ã˜Â§Ã™â€ 
     got: Ø³ÙˆØ¯Ø§Ù†
 ; [cca2=SD].translations.urd.official
Expected: Ã˜Â¬Ã™â€¦Ã›ï¿½Ã™Ë†Ã˜Â±Ã›Å’Ã›ï¿½ Ã˜Â³Ã™Ë†Ã˜Â¯Ã˜Â§Ã™â€ 
     got: Ø¬Ù…Û�ÙˆØ±ÛŒÛ� Ø³ÙˆØ¯Ø§Ù†
 ; [cca2=SD].translations.zho.common
Expected: Ã¨â€¹ï¿½Ã¤Â¸Â¹
     got: è‹�ä¸¹
 ; [cca2=SD].translations.zho.official
Expected: Ã¨â€¹ï¿½Ã¤Â¸Â¹Ã¥â€¦Â±Ã¥â€™Å’Ã¥â€ºÂ½
     got: è‹�ä¸¹å…±å’Œå›½
 ; [cca2=BS].flag
Expected: Ã°Å¸â€¡Â§Ã°Å¸â€¡Â¸
     got: ðŸ‡§ðŸ‡¸
 ; [cca2=BS].translations.ara.common
Expected: Ã˜Â¨Ã˜Â§Ã™â€¡Ã˜Â§Ã™â€¦Ã˜Â§Ã˜Â³
     got: Ø¨Ø§Ù‡Ø§Ù…Ø§Ø³
 ; [cca2=BS].translations.ara.official
Expected: Ã™Æ’Ã™Ë†Ã™â€¦Ã™â€ Ã™Ë†Ã™â€žÃ˜Â« Ã˜Â¬Ã˜Â²Ã˜Â± Ã˜Â§Ã™â€žÃ˜Â¨Ã™â€¡Ã˜Â§Ã™â€¦Ã˜Â§
     got: ÙƒÙˆÙ…Ù†ÙˆÙ„Ø« Ø¬Ø²Ø± Ø§Ù„Ø¨Ù‡Ø§Ù…Ø§
 ; [cca2=BS].translations.ces.official
Expected: BahamskÃƒÂ© spoleÃ„ï¿½enstvÃƒÂ­
     got: BahamskÃ© spoleÄ�enstvÃ­
 ; [cca2=BS].translations.est.official
Expected: Bahama ÃƒÅ“hendus
     got: Bahama Ãœhendus
 ; [cca2=BS].translations.hun.official
Expected: Bahamai KÃƒÂ¶zÃƒÂ¶ssÃƒÂ©g
     got: Bahamai KÃ¶zÃ¶ssÃ©g
 ; [cca2=BS].translations.jpn.common
Expected: Ã£Æ’ï¿½Ã£Æ’ï¿½Ã£Æ’Å¾
     got: ãƒ�ãƒ�ãƒž
 ; [cca2=BS].translations.jpn.official
Expected: Ã£Æ’ï¿½Ã£Æ’ï¿½Ã£Æ’Å¾
     got: ãƒ�ãƒ�ãƒž
 ; [cca2=BS].translations.kor.common
Expected: Ã«Â°â€�Ã­â€¢ËœÃ«Â§Ë†
     got: ë°”í•˜ë§ˆ
 ; [cca2=BS].translations.kor.official
Expected: Ã«Â°â€�Ã­â€¢ËœÃ«Â§Ë† Ã¬â€”Â°Ã«Â°Â©
     got: ë°”í•˜ë§ˆ ì—°ë°©
 ; [cca2=BS].translations.nld.common
Expected: BahamaÃ¢â‚¬â„¢s
     got: Bahamaâ€™s
 ; [cca2=BS].translations.per.common
Expected: Ã˜Â¨Ã˜Â§Ã™â€¡Ã˜Â§Ã™â€¦Ã˜Â§
     got: Ø¨Ø§Ù‡Ø§Ù…Ø§
 ; [cca2=BS].translations.per.official
Expected: Ã™â€šÃ™â€žÃ™â€¦Ã˜Â±Ã™Ë† Ã™â€¡Ã™â€¦Ã˜Â³Ã™Ë†Ã˜Â¯ Ã˜Â¨Ã˜Â§Ã™â€¡Ã˜Â§Ã™â€¦Ã˜Â§
     got: Ù‚Ù„Ù…Ø±Ùˆ Ù‡Ù…Ø³ÙˆØ¯ Ø¨Ø§Ù‡Ø§Ù…Ø§
 ; [cca2=BS].translations.rus.common
Expected: Ã�â€˜Ã�Â°Ã�Â³Ã�Â°Ã�Â¼Ã‘ï¿½Ã�ÂºÃ�Â¸Ã�Âµ Ã�Å¾Ã‘ï¿½Ã‘â€šÃ‘â‚¬Ã�Â¾Ã�Â²Ã�Â°
     got: Ð‘Ð°Ð³Ð°Ð¼Ñ�ÐºÐ¸Ðµ ÐžÑ�Ñ‚Ñ€Ð¾Ð²Ð°
 ; [cca2=BS].translations.rus.official
Expected: Ã�Â¡Ã�Â¾Ã�Â´Ã‘â‚¬Ã‘Æ’Ã�Â¶Ã�ÂµÃ‘ï¿½Ã‘â€šÃ�Â²Ã�Â¾ Ã�â€˜Ã�Â°Ã�Â³Ã�Â°Ã�Â¼Ã‘ï¿½Ã�ÂºÃ�Â¸Ã‘â€¦ Ã�Å¾Ã‘ï¿½Ã‘â€šÃ‘â‚¬Ã�Â¾Ã�Â²Ã�Â¾Ã�Â²
     got: Ð¡Ð¾Ð´Ñ€ÑƒÐ¶ÐµÑ�Ñ‚Ð²Ð¾ Ð‘Ð°Ð³Ð°Ð¼Ñ�ÐºÐ¸Ñ… ÐžÑ�Ñ‚Ñ€Ð¾Ð²Ð¾Ð²
 ; [cca2=BS].translations.slk.official
Expected: BahamskÃƒÂ© spoloÃ„ï¿½enstvo
     got: BahamskÃ© spoloÄ�enstvo
 ; [cca2=BS].translations.srp.common
Expected: Ã�â€˜Ã�Â°Ã‘â€¦Ã�Â°Ã�Â¼Ã�Â¸
     got: Ð‘Ð°Ñ…Ð°Ð¼Ð¸
 ; [cca2=BS].translations.srp.official
Expected: Ã�Å¡Ã�Â¾Ã�Â¼Ã�Â¾Ã�Â½Ã�Â²Ã�ÂµÃ�Â»Ã‘â€š Ã�â€˜Ã�Â°Ã‘â€¦Ã�Â°Ã�Â¼Ã�Â°
     got: ÐšÐ¾Ð¼Ð¾Ð½Ð²ÐµÐ»Ñ‚ Ð‘Ð°Ñ…Ð°Ð¼Ð°
 ; [cca2=BS].translations.swe.official
Expected: SamvÃƒÂ¤ldet Bahamas
     got: SamvÃ¤ldet Bahamas
 ; [cca2=BS].translations.tur.official
Expected: Bahama Milletler TopluluÃ„Å¸u
     got: Bahama Milletler TopluluÄŸu
 ; [cca2=BS].translations.urd.common
Expected: Ã˜Â¨Ã›ï¿½Ã˜Â§Ã™â€¦Ã˜Â§Ã˜Â³
     got: Ø¨Û�Ø§Ù…Ø§Ø³
 ; [cca2=BS].translations.urd.official
Expected: Ã˜Â¯Ã™Ë†Ã™â€žÃ˜ÂªÃ™ï¿½ Ã™â€¦Ã˜Â´Ã˜ÂªÃ˜Â±ÃšÂ©Ã›ï¿½ Ã˜Â¨Ã›ï¿½Ã˜Â§Ã™â€¦Ã˜Â§Ã˜Â³
     got: Ø¯ÙˆÙ„ØªÙ� Ù…Ø´ØªØ±Ú©Û� Ø¨Û�Ø§Ù…Ø§Ø³
 ; [cca2=BS].translations.zho.common
Expected: Ã¥Â·Â´Ã¥â€œË†Ã©Â©Â¬
     got: å·´å“ˆé©¬
 ; [cca2=BS].translations.zho.official
Expected: Ã¥Â·Â´Ã¥â€œË†Ã©Â©Â¬Ã¨ï¿½â€�Ã©â€šÂ¦
     got: å·´å“ˆé©¬è�”é‚¦
 ; [cca2=SE].demonyms.fra.f
Expected: SuÃƒÂ©doise
     got: SuÃ©doise
 ; [cca2=SE].demonyms.fra.m
Expected: SuÃƒÂ©dois
     got: SuÃ©dois
 ; [cca2=SE].flag
Expected: Ã°Å¸â€¡Â¸Ã°Å¸â€¡Âª
     got: ðŸ‡¸ðŸ‡ª
 ; [cca2=SE].translations.ara.common
Expected: Ã˜Â§Ã™â€žÃ˜Â³Ã™Ë†Ã™Å Ã˜Â¯
     got: Ø§Ù„Ø³ÙˆÙŠØ¯
 ; [cca2=SE].translations.ara.official
Expected: Ã™â€¦Ã™â€¦Ã™â€žÃ™Æ’Ã˜Â© Ã˜Â§Ã™â€žÃ˜Â³Ã™Ë†Ã™Å Ã˜Â¯
     got: Ù…Ù…Ù„ÙƒØ© Ø§Ù„Ø³ÙˆÙŠØ¯
 ; [cca2=SE].translations.ces.common
Expected: Ã…Â vÃƒÂ©dsko
     got: Å vÃ©dsko
 ; [cca2=SE].translations.ces.official
Expected: Ã…Â vÃƒÂ©dskÃƒÂ© krÃƒÂ¡lovstvÃƒÂ­
     got: Å vÃ©dskÃ© krÃ¡lovstvÃ­
 ; [cca2=SE].translations.deu.official
Expected: KÃƒÂ¶nigreich Schweden
     got: KÃ¶nigreich Schweden
 ; [cca2=SE].translations.fra.common
Expected: SuÃƒÂ¨de
     got: SuÃ¨de
 ; [cca2=SE].translations.fra.official
Expected: Royaume de SuÃƒÂ¨de
     got: Royaume de SuÃ¨de
 ; [cca2=SE].translations.hrv.common
Expected: Ã…Â vedska
     got: Å vedska
 ; [cca2=SE].translations.hrv.official
Expected: Kraljevina Ã…Â vedska
     got: Kraljevina Å vedska
 ; [cca2=SE].translations.hun.common
Expected: SvÃƒÂ©dorszÃƒÂ¡g
     got: SvÃ©dorszÃ¡g
 ; [cca2=SE].translations.hun.official
Expected: SvÃƒÂ©d KirÃƒÂ¡lysÃƒÂ¡g
     got: SvÃ©d KirÃ¡lysÃ¡g
 ; [cca2=SE].translations.jpn.common
Expected: Ã£â€šÂ¹Ã£â€šÂ¦Ã£â€šÂ§Ã£Æ’Â¼Ã£Æ’â€¡Ã£Æ’Â³
     got: ã‚¹ã‚¦ã‚§ãƒ¼ãƒ‡ãƒ³
 ; [cca2=SE].translations.jpn.official
Expected: Ã£â€šÂ¹Ã£â€šÂ¦Ã£â€šÂ§Ã£Æ’Â¼Ã£Æ’â€¡Ã£Æ’Â³Ã§Å½â€¹Ã¥â€ºÂ½
     got: ã‚¹ã‚¦ã‚§ãƒ¼ãƒ‡ãƒ³çŽ‹å›½
 ; [cca2=SE].translations.kor.common
Expected: Ã¬Å Â¤Ã¬â€ºÂ¨Ã«ï¿½Â´
     got: ìŠ¤ì›¨ë�´
 ; [cca2=SE].translations.kor.official
Expected: Ã¬Å Â¤Ã¬â€ºÂ¨Ã«ï¿½Â´ Ã¬â„¢â€¢ÃªÂµÂ­
     got: ìŠ¤ì›¨ë�´ ì™•êµ­
 ; [cca2=SE].translations.per.common
Expected: Ã˜Â³Ã™Ë†Ã˜Â¦Ã˜Â¯
     got: Ø³ÙˆØ¦Ø¯
 ; [cca2=SE].translations.per.official
Expected: Ã™Â¾Ã˜Â§Ã˜Â¯Ã˜Â´Ã˜Â§Ã™â€¡Ã›Å’ Ã˜Â³Ã™Ë†Ã˜Â¦Ã˜Â¯
     got: Ù¾Ø§Ø¯Ø´Ø§Ù‡ÛŒ Ø³ÙˆØ¦Ø¯
 ; [cca2=SE].translations.pol.official
Expected: KrÃƒÂ³lestwo Szwecji
     got: KrÃ³lestwo Szwecji
 ; [cca2=SE].translations.por.common
Expected: SuÃƒÂ©cia
     got: SuÃ©cia
 ; [cca2=SE].translations.por.official
Expected: Reino da SuÃƒÂ©cia
     got: Reino da SuÃ©cia
 ; [cca2=SE].translations.rus.common
Expected: Ã�Â¨Ã�Â²Ã�ÂµÃ‘â€ Ã�Â¸Ã‘ï¿½
     got: Ð¨Ð²ÐµÑ†Ð¸Ñ�
 ; [cca2=SE].translations.rus.official
Expected: Ã�Å¡Ã�Â¾Ã‘â‚¬Ã�Â¾Ã�Â»Ã�ÂµÃ�Â²Ã‘ï¿½Ã‘â€šÃ�Â²Ã�Â¾ Ã�Â¨Ã�Â²Ã�ÂµÃ‘â€ Ã�Â¸Ã‘ï¿½
     got: ÐšÐ¾Ñ€Ð¾Ð»ÐµÐ²Ñ�Ñ‚Ð²Ð¾ Ð¨Ð²ÐµÑ†Ð¸Ñ�
 ; [cca2=SE].translations.slk.common
Expected: Ã…Â vÃƒÂ©dsko
     got: Å vÃ©dsko
 ; [cca2=SE].translations.slk.official
Expected: Ã…Â vÃƒÂ©dske krÃƒÂ¡Ã„Â¾ovstvo
     got: Å vÃ©dske krÃ¡Ä¾ovstvo
 ; [cca2=SE].translations.srp.common
Expected: Ã�Â¨Ã�Â²Ã�ÂµÃ�Â´Ã‘ï¿½Ã�ÂºÃ�Â°
     got: Ð¨Ð²ÐµÐ´Ñ�ÐºÐ°
 ; [cca2=SE].translations.srp.official
Expected: Ã�Å¡Ã‘â‚¬Ã�Â°Ã‘â„¢Ã�ÂµÃ�Â²Ã�Â¸Ã�Â½Ã�Â° Ã�Â¨Ã�Â²Ã�ÂµÃ�Â´Ã‘ï¿½Ã�ÂºÃ�Â°
     got: ÐšÑ€Ð°Ñ™ÐµÐ²Ð¸Ð½Ð° Ð¨Ð²ÐµÐ´Ñ�ÐºÐ°
 ; [cca2=SE].translations.tur.common
Expected: Ã„Â°sveÃƒÂ§
     got: Ä°sveÃ§
 ; [cca2=SE].translations.tur.official
Expected: Ã„Â°sveÃƒÂ§ KrallÃ„Â±Ã„Å¸Ã„Â±
     got: Ä°sveÃ§ KrallÄ±ÄŸÄ±
 ; [cca2=SE].translations.urd.common
Expected: Ã˜Â³Ã™Ë†Ã›Å’ÃšË†Ã™â€ 
     got: Ø³ÙˆÛŒÚˆÙ†
 ; [cca2=SE].translations.urd.official
Expected: Ã™â€¦Ã™â€¦Ã™â€žÃšÂ©Ã˜ÂªÃ™ï¿½ Ã˜Â³Ã™Ë†Ã›Å’ÃšË†Ã™â€ 
     got: Ù…Ù…Ù„Ú©ØªÙ� Ø³ÙˆÛŒÚˆÙ†
 ; [cca2=SE].translations.zho.common
Expected: Ã§â€˜Å¾Ã¥â€¦Â¸
     got: ç‘žå…¸
 ; [cca2=SE].translations.zho.official
Expected: Ã§â€˜Å¾Ã¥â€¦Â¸Ã§Å½â€¹Ã¥â€ºÂ½
     got: ç‘žå…¸çŽ‹å›½
 ; [cca2=BT].currencies.INR.symbol
Expected: Ã¢â€šÂ¹
     got: â‚¹
 ; [cca2=BT].flag
Expected: Ã°Å¸â€¡Â§Ã°Å¸â€¡Â¹
     got: ðŸ‡§ðŸ‡¹
 ; [cca2=BT].name.nativeName.dzo.common
Expected: Ã Â½Â Ã Â½â€“Ã Â¾Â²Ã Â½Â´Ã Â½â€šÃ Â¼â€¹Ã Â½Â¡Ã Â½Â´Ã Â½Â£Ã Â¼â€¹
     got: à½ à½–à¾²à½´à½‚à¼‹à½¡à½´à½£à¼‹
 ; [cca2=BT].name.nativeName.dzo.official
Expected: Ã Â½Â Ã Â½â€“Ã Â¾Â²Ã Â½Â´Ã Â½â€šÃ Â¼â€¹Ã Â½Â¢Ã Â¾â€™Ã Â¾Â±Ã Â½Â£Ã Â¼â€¹Ã Â½ï¿½Ã Â½â€“Ã Â¼â€¹
     got: à½ à½–à¾²à½´à½‚à¼‹à½¢à¾’à¾±à½£à¼‹à½�à½–à¼‹
 ; [cca2=BT].translations.ara.common
Expected: Ã˜Â¨Ã™Ë†Ã˜ÂªÃ˜Â§Ã™â€ 
     got: Ø¨ÙˆØªØ§Ù†
 ; [cca2=BT].translations.ara.official
Expected: Ã™â€¦Ã™â€¦Ã™â€žÃ™Æ’Ã˜Â© Ã˜Â¨Ã™Ë†Ã˜ÂªÃ˜Â§Ã™â€ 
     got: Ù…Ù…Ù„ÙƒØ© Ø¨ÙˆØªØ§Ù†
 ; [cca2=BT].translations.ces.common
Expected: BhÃƒÂºtÃƒÂ¡n
     got: BhÃºtÃ¡n
 ; [cca2=BT].translations.ces.official
Expected: BhÃƒÂºtÃƒÂ¡nskÃƒÂ© krÃƒÂ¡lovstvÃƒÂ­
     got: BhÃºtÃ¡nskÃ© krÃ¡lovstvÃ­
 ; [cca2=BT].translations.deu.official
Expected: KÃƒÂ¶nigreich Bhutan
     got: KÃ¶nigreich Bhutan
 ; [cca2=BT].translations.hun.common
Expected: BhutÃƒÂ¡n
     got: BhutÃ¡n
 ; [cca2=BT].translations.hun.official
Expected: BhutÃƒÂ¡ni KirÃƒÂ¡lysÃƒÂ¡g
     got: BhutÃ¡ni KirÃ¡lysÃ¡g
 ; [cca2=BT].translations.jpn.common
Expected: Ã£Æ’â€“Ã£Æ’Â¼Ã£â€šÂ¿Ã£Æ’Â³
     got: ãƒ–ãƒ¼ã‚¿ãƒ³
 ; [cca2=BT].translations.jpn.official
Expected: Ã£Æ’â€“Ã£Æ’Â¼Ã£â€šÂ¿Ã£Æ’Â³Ã§Å½â€¹Ã¥â€ºÂ½
     got: ãƒ–ãƒ¼ã‚¿ãƒ³çŽ‹å›½
 ; [cca2=BT].translations.kor.common
Expected: Ã«Â¶â‚¬Ã­Æ’â€ž
     got: ë¶€íƒ„
 ; [cca2=BT].translations.kor.official
Expected: Ã«Â¶â‚¬Ã­Æ’â€ž Ã¬â„¢â€¢ÃªÂµÂ­
     got: ë¶€íƒ„ ì™•êµ­
 ; [cca2=BT].translations.per.common
Expected: Ã˜Â¨Ã™Ë†Ã˜ÂªÃ˜Â§Ã™â€ 
     got: Ø¨ÙˆØªØ§Ù†
 ; [cca2=BT].translations.per.official
Expected: Ã™Â¾Ã˜Â§Ã˜Â¯Ã˜Â´Ã˜Â§Ã™â€¡Ã›Å’ Ã˜Â¨Ã™Ë†Ã˜ÂªÃ˜Â§Ã™â€ 
     got: Ù¾Ø§Ø¯Ø´Ø§Ù‡ÛŒ Ø¨ÙˆØªØ§Ù†
 ; [cca2=BT].translations.por.common
Expected: ButÃƒÂ£o
     got: ButÃ£o
 ; [cca2=BT].translations.por.official
Expected: Reino do ButÃƒÂ£o
     got: Reino do ButÃ£o
 ; [cca2=BT].translations.rus.common
Expected: Ã�â€˜Ã‘Æ’Ã‘â€šÃ�Â°Ã�Â½
     got: Ð‘ÑƒÑ‚Ð°Ð½
 ; [cca2=BT].translations.rus.official
Expected: Ã�Å¡Ã�Â¾Ã‘â‚¬Ã�Â¾Ã�Â»Ã�ÂµÃ�Â²Ã‘ï¿½Ã‘â€šÃ�Â²Ã�Â¾ Ã�â€˜Ã‘Æ’Ã‘â€šÃ�Â°Ã�Â½
     got: ÐšÐ¾Ñ€Ð¾Ð»ÐµÐ²Ñ�Ñ‚Ð²Ð¾ Ð‘ÑƒÑ‚Ð°Ð½
 ; [cca2=BT].translations.slk.common
Expected: BhutÃƒÂ¡n
     got: BhutÃ¡n
 ; [cca2=BT].translations.slk.official
Expected: BhutÃƒÂ¡nske krÃƒÂ¢Ã„Â¾ovstvo
     got: BhutÃ¡nske krÃ¢Ä¾ovstvo
 ; [cca2=BT].translations.spa.common
Expected: ButÃƒÂ¡n
     got: ButÃ¡n
 ; [cca2=BT].translations.spa.official
Expected: Reino de ButÃƒÂ¡n
     got: Reino de ButÃ¡n
 ; [cca2=BT].translations.srp.common
Expected: Ã�â€˜Ã‘Æ’Ã‘â€šÃ�Â°Ã�Â½
     got: Ð‘ÑƒÑ‚Ð°Ð½
 ; [cca2=BT].translations.srp.official
Expected: Ã�Å¡Ã‘â‚¬Ã�Â°Ã‘â„¢Ã�ÂµÃ�Â²Ã�Â¸Ã�Â½Ã�Â° Ã�â€˜Ã‘Æ’Ã‘â€šÃ�Â°Ã�Â½
     got: ÐšÑ€Ð°Ñ™ÐµÐ²Ð¸Ð½Ð° Ð‘ÑƒÑ‚Ð°Ð½
 ; [cca2=BT].translations.tur.official
Expected: Butan KrallÃ„Â±Ã„Å¸Ã„Â±
     got: Butan KrallÄ±ÄŸÄ±
 ; [cca2=BT].translations.urd.common
Expected: Ã˜Â¨ÃšÂ¾Ã™Ë†Ã™Â¹Ã˜Â§Ã™â€ 
     got: Ø¨Ú¾ÙˆÙ¹Ø§Ù†
 ; [cca2=BT].translations.urd.official
Expected: Ã˜Â³Ã™â€žÃ˜Â·Ã™â€ Ã˜Âª Ã˜Â¨ÃšÂ¾Ã™Ë†Ã™Â¹Ã˜Â§Ã™â€ 
     got: Ø³Ù„Ø·Ù†Øª Ø¨Ú¾ÙˆÙ¹Ø§Ù†
 ; [cca2=BT].translations.zho.common
Expected: Ã¤Â¸ï¿½Ã¤Â¸Â¹
     got: ä¸�ä¸¹
 ; [cca2=BT].translations.zho.official
Expected: Ã¤Â¸ï¿½Ã¤Â¸Â¹Ã§Å½â€¹Ã¥â€ºÂ½
     got: ä¸�ä¸¹çŽ‹å›½
 ; [cca2=SG].altSpellings[]
Expected: Ã¦â€“Â°Ã¥Å Â Ã¥ï¿½Â¡Ã¥â€¦Â±Ã¥â€™Å’Ã¥â€ºÂ½
     but none found
 ; [cca2=SG].altSpellings[]
Unexpected: æ–°åŠ å�¡å…±å’Œå›½
 ; [cca2=SG].flag
Expected: Ã°Å¸â€¡Â¸Ã°Å¸â€¡Â¬
     got: ðŸ‡¸ðŸ‡¬
 ; [cca2=SG].name.nativeName.tam.common
Expected: Ã Â®Å¡Ã Â®Â¿Ã Â®â„¢Ã Â¯ï¿½Ã Â®â€¢Ã Â®ÂªÃ Â¯ï¿½Ã Â®ÂªÃ Â¯â€šÃ Â®Â°Ã Â¯ï¿½
     got: à®šà®¿à®™à¯�à®•à®ªà¯�à®ªà¯‚à®°à¯�
 ; [cca2=SG].name.nativeName.tam.official
Expected: Ã Â®Å¡Ã Â®Â¿Ã Â®â„¢Ã Â¯ï¿½Ã Â®â€¢Ã Â®ÂªÃ Â¯ï¿½Ã Â®ÂªÃ Â¯â€šÃ Â®Â°Ã Â¯ï¿½ Ã Â®â€¢Ã Â¯ï¿½Ã Â®Å¸Ã Â®Â¿Ã Â®Â¯Ã Â®Â°Ã Â®Å¡Ã Â¯ï¿½
     got: à®šà®¿à®™à¯�à®•à®ªà¯�à®ªà¯‚à®°à¯� à®•à¯�à®Ÿà®¿à®¯à®°à®šà¯�
 ; [cca2=SG].name.nativeName.zho.common
Expected: Ã¦â€“Â°Ã¥Å Â Ã¥ï¿½Â¡
     got: æ–°åŠ å�¡
 ; [cca2=SG].name.nativeName.zho.official
Expected: Ã¦â€“Â°Ã¥Å Â Ã¥ï¿½Â¡Ã¥â€¦Â±Ã¥â€™Å’Ã¥â€ºÂ½
     got: æ–°åŠ å�¡å…±å’Œå›½
 ; [cca2=SG].tld[]
Expected: .Ã¦â€“Â°Ã¥Å Â Ã¥ï¿½Â¡
     but none found
 ; [cca2=SG].tld[]
Expected: .Ã Â®Å¡Ã Â®Â¿Ã Â®â„¢Ã Â¯ï¿½Ã Â®â€¢Ã Â®ÂªÃ Â¯ï¿½Ã Â®ÂªÃ Â¯â€šÃ Â®Â°Ã Â¯ï¿½
     but none found
 ; [cca2=SG].tld[]
Unexpected: .à®šà®¿à®™à¯�à®•à®ªà¯�à®ªà¯‚à®°à¯�
 ; [cca2=SG].tld[]
Unexpected: .æ–°åŠ å�¡
 ; [cca2=SG].translations.ara.common
Expected: Ã˜Â³Ã™â€ Ã˜ÂºÃ˜Â§Ã™ï¿½Ã™Ë†Ã˜Â±Ã˜Â©
     got: Ø³Ù†ØºØ§Ù�ÙˆØ±Ø©
 ; [cca2=SG].translations.ara.official
Expected: Ã˜Â¬Ã™â€¦Ã™â€¡Ã™Ë†Ã˜Â±Ã™Å Ã˜Â© Ã˜Â³Ã™â€ Ã˜ÂºÃ˜Â§Ã™ï¿½Ã™Ë†Ã˜Â±Ã˜Â©
     got: Ø¬Ù…Ù‡ÙˆØ±ÙŠØ© Ø³Ù†ØºØ§Ù�ÙˆØ±Ø©
 ; [cca2=SG].translations.ces.official
Expected: SingapurskÃƒÂ¡ republika
     got: SingapurskÃ¡ republika
 ; [cca2=SG].translations.fra.official
Expected: RÃƒÂ©publique de Singapour
     got: RÃ©publique de Singapour
 ; [cca2=SG].translations.hun.common
Expected: SzingapÃƒÂºr
     got: SzingapÃºr
 ; [cca2=SG].translations.hun.official
Expected: SzingapÃƒÂºri KÃƒÂ¶ztÃƒÂ¡rsasÃƒÂ¡g
     got: SzingapÃºri KÃ¶ztÃ¡rsasÃ¡g
 ; [cca2=SG].translations.jpn.common
Expected: Ã£â€šÂ·Ã£Æ’Â³Ã£â€šÂ¬Ã£Æ’ï¿½Ã£Æ’Â¼Ã£Æ’Â«
     got: ã‚·ãƒ³ã‚¬ãƒ�ãƒ¼ãƒ«
 ; [cca2=SG].translations.jpn.official
Expected: Ã£â€šÂ·Ã£Æ’Â³Ã£â€šÂ¬Ã£Æ’ï¿½Ã£Æ’Â¼Ã£Æ’Â«Ã¥â€¦Â±Ã¥â€™Å’Ã¥â€ºÂ½
     got: ã‚·ãƒ³ã‚¬ãƒ�ãƒ¼ãƒ«å…±å’Œå›½
 ; [cca2=SG].translations.kor.common
Expected: Ã¬â€¹Â±ÃªÂ°â‚¬Ã­ï¿½Â¬Ã«Â¥Â´
     got: ì‹±ê°€í�¬ë¥´
 ; [cca2=SG].translations.kor.official
Expected: Ã¬â€¹Â±ÃªÂ°â‚¬Ã­ï¿½Â¬Ã«Â¥Â´ ÃªÂ³ÂµÃ­â„¢â€�ÃªÂµÂ­
     got: ì‹±ê°€í�¬ë¥´ ê³µí™”êµ­
 ; [cca2=SG].translations.per.common
Expected: Ã˜Â³Ã™â€ ÃšÂ¯Ã˜Â§Ã™Â¾Ã™Ë†Ã˜Â±
     got: Ø³Ù†Ú¯Ø§Ù¾ÙˆØ±
 ; [cca2=SG].translations.per.official
Expected: Ã˜Â¬Ã™â€¦Ã™â€¡Ã™Ë†Ã˜Â±Ã›Å’ Ã˜Â³Ã™â€ ÃšÂ¯Ã˜Â§Ã™Â¾Ã™Ë†Ã˜Â±
     got: Ø¬Ù…Ù‡ÙˆØ±ÛŒ Ø³Ù†Ú¯Ø§Ù¾ÙˆØ±
 ; [cca2=SG].translations.por.official
Expected: RepÃƒÂºblica de Singapura
     got: RepÃºblica de Singapura
 ; [cca2=SG].translations.rus.common
Expected: Ã�Â¡Ã�Â¸Ã�Â½Ã�Â³Ã�Â°Ã�Â¿Ã‘Æ’Ã‘â‚¬
     got: Ð¡Ð¸Ð½Ð³Ð°Ð¿ÑƒÑ€
 ; [cca2=SG].translations.rus.official
Expected: Ã�Â Ã�ÂµÃ‘ï¿½Ã�Â¿Ã‘Æ’Ã�Â±Ã�Â»Ã�Â¸Ã�ÂºÃ�Â° Ã�Â¡Ã�Â¸Ã�Â½Ã�Â³Ã�Â°Ã�Â¿Ã‘Æ’Ã‘â‚¬
     got: Ð ÐµÑ�Ð¿ÑƒÐ±Ð»Ð¸ÐºÐ° Ð¡Ð¸Ð½Ð³Ð°Ð¿ÑƒÑ€
 ; [cca2=SG].translations.slk.official
Expected: SingapurskÃƒÂ¡ republika
     got: SingapurskÃ¡ republika
 ; [cca2=SG].translations.spa.official
Expected: RepÃƒÂºblica de Singapur
     got: RepÃºblica de Singapur
 ; [cca2=SG].translations.srp.common
Expected: Ã�Â¡Ã�Â¸Ã�Â½Ã�Â³Ã�Â°Ã�Â¿Ã‘Æ’Ã‘â‚¬
     got: Ð¡Ð¸Ð½Ð³Ð°Ð¿ÑƒÑ€
 ; [cca2=SG].translations.srp.official
Expected: Ã�Â Ã�ÂµÃ�Â¿Ã‘Æ’Ã�Â±Ã�Â»Ã�Â¸Ã�ÂºÃ�Â° Ã�Â¡Ã�Â¸Ã�Â½Ã�Â³Ã�Â°Ã�Â¿Ã‘Æ’Ã‘â‚¬
     got: Ð ÐµÐ¿ÑƒÐ±Ð»Ð¸ÐºÐ° Ð¡Ð¸Ð½Ð³Ð°Ð¿ÑƒÑ€
 ; [cca2=SG].translations.urd.common
Expected: Ã˜Â³Ã™â€ ÃšÂ¯Ã˜Â§Ã™Â¾Ã™Ë†Ã˜Â±
     got: Ø³Ù†Ú¯Ø§Ù¾ÙˆØ±
 ; [cca2=SG].translations.urd.official
Expected: Ã˜Â¬Ã™â€¦Ã›ï¿½Ã™Ë†Ã˜Â±Ã›Å’Ã›ï¿½ Ã˜Â³Ã™â€ ÃšÂ¯Ã˜Â§Ã™Â¾Ã™Ë†Ã˜Â±
     got: Ø¬Ù…Û�ÙˆØ±ÛŒÛ� Ø³Ù†Ú¯Ø§Ù¾ÙˆØ±
 ; [cca2=BV].altSpellings[]
Expected: BouvetÃƒÂ¸ya
     but none found
 ; [cca2=BV].altSpellings[]
Expected: Bouvet-ÃƒÂ¸ya
     but none found
 ; [cca2=BV].altSpellings[]
Unexpected: BouvetÃ¸ya
 ; [cca2=BV].altSpellings[]
Unexpected: Bouvet-Ã¸ya
 ; [cca2=BV].flag
Expected: Ã°Å¸â€¡Â§Ã°Å¸â€¡Â»
     got: ðŸ‡§ðŸ‡»
 ; [cca2=BV].name.nativeName.nor.common
Expected: BouvetÃƒÂ¸ya
     got: BouvetÃ¸ya
 ; [cca2=BV].name.nativeName.nor.official
Expected: BouvetÃƒÂ¸ya
     got: BouvetÃ¸ya
 ; [cca2=BV].translations.ara.common
Expected: Ã˜Â¬Ã˜Â²Ã˜Â± Ã˜Â¨Ã™Ë†Ã™ï¿½Ã™Å Ã™â€¡
     got: Ø¬Ø²Ø± Ø¨ÙˆÙ�ÙŠÙ‡
 ; [cca2=BV].translations.ara.official
Expected: Ã˜Â¬Ã˜Â²Ã˜Â± Ã˜Â¨Ã™Ë†Ã™ï¿½Ã™Å Ã™â€¡
     got: Ø¬Ø²Ø± Ø¨ÙˆÙ�ÙŠÙ‡
 ; [cca2=BV].translations.ces.common
Expected: BouvetÃ…Â¯v ostrov
     got: BouvetÅ¯v ostrov
 ; [cca2=BV].translations.ces.official
Expected: BouvetÃ…Â¯v ostrov
     got: BouvetÅ¯v ostrov
 ; [cca2=BV].translations.est.common
Expected: BouvetÃ¢â‚¬â„¢ saar
     got: Bouvetâ€™ saar
 ; [cca2=BV].translations.est.official
Expected: BouvetÃ¢â‚¬â„¢ saar
     got: Bouvetâ€™ saar
 ; [cca2=BV].translations.fra.common
Expected: ÃƒÅ½le Bouvet
     got: ÃŽle Bouvet
 ; [cca2=BV].translations.fra.official
Expected: ÃƒÅ½le Bouvet
     got: ÃŽle Bouvet
 ; [cca2=BV].translations.jpn.common
Expected: Ã£Æ’â€“Ã£Æ’Â¼Ã£Æ’â„¢Ã¥Â³Â¶
     got: ãƒ–ãƒ¼ãƒ™å³¶
 ; [cca2=BV].translations.jpn.official
Expected: Ã£Æ’â€“Ã£Æ’Â¼Ã£Æ’Â´Ã£â€šÂ§Ã¥Â³Â¶
     got: ãƒ–ãƒ¼ãƒ´ã‚§å³¶
 ; [cca2=BV].translations.kor.common
Expected: Ã«Â¶â‚¬Ã«Â²Â  Ã¬â€žÂ¬
     got: ë¶€ë²  ì„¬
 ; [cca2=BV].translations.kor.official
Expected: Ã«Â¶â‚¬Ã«Â²Â  Ã¬â€žÂ¬
     got: ë¶€ë²  ì„¬
 ; [cca2=BV].translations.per.common
Expected: Ã˜Â¬Ã˜Â²Ã›Å’Ã˜Â±Ã™â€¡Ã™â€� Ã˜Â¨Ã™Ë†Ã™Ë†Ã™â€¡
     got: Ø¬Ø²ÛŒØ±Ù‡Ù” Ø¨ÙˆÙˆÙ‡
 ; [cca2=BV].translations.per.official
Expected: Ã˜Â¬Ã˜Â²Ã›Å’Ã˜Â±Ã™â€¡Ã™â€� Ã˜Â¨Ã™Ë†Ã™Ë†Ã™â€¡
     got: Ø¬Ø²ÛŒØ±Ù‡Ù” Ø¨ÙˆÙˆÙ‡
 ; [cca2=BV].translations.rus.common
Expected: Ã�Å¾Ã‘ï¿½Ã‘â€šÃ‘â‚¬Ã�Â¾Ã�Â² Ã�â€˜Ã‘Æ’Ã�Â²Ã�Âµ
     got: ÐžÑ�Ñ‚Ñ€Ð¾Ð² Ð‘ÑƒÐ²Ðµ
 ; [cca2=BV].translations.rus.official
Expected: Ã�Å¾Ã‘ï¿½Ã‘â€šÃ‘â‚¬Ã�Â¾Ã�Â² Ã�â€˜Ã‘Æ’Ã�Â²Ã�Âµ
     got: ÐžÑ�Ñ‚Ñ€Ð¾Ð² Ð‘ÑƒÐ²Ðµ
 ; [cca2=BV].translations.srp.common
Expected: Ã�â€˜Ã‘Æ’Ã�Â²Ã�Âµ
     got: Ð‘ÑƒÐ²Ðµ
 ; [cca2=BV].translations.srp.official
Expected: Ã�â€˜Ã‘Æ’Ã�Â²Ã�Âµ
     got: Ð‘ÑƒÐ²Ðµ
 ; [cca2=BV].translations.swe.common
Expected: BouvetÃƒÂ¶n
     got: BouvetÃ¶n
 ; [cca2=BV].translations.swe.official
Expected: BouvetÃƒÂ¶n
     got: BouvetÃ¶n
 ; [cca2=BV].translations.tur.common
Expected: Bouvet AdasÃ„Â±
     got: Bouvet AdasÄ±
 ; [cca2=BV].translations.tur.official
Expected: Bouvet AdasÃ„Â±
     got: Bouvet AdasÄ±
 ; [cca2=BV].translations.urd.common
Expected: Ã˜Â¬Ã˜Â²Ã›Å’Ã˜Â±Ã›ï¿½ Ã˜Â¨Ã™Ë†Ã™Ë†Ã›ï¿½
     got: Ø¬Ø²ÛŒØ±Û� Ø¨ÙˆÙˆÛ�
 ; [cca2=BV].translations.urd.official
Expected: Ã˜Â¬Ã˜Â²Ã›Å’Ã˜Â±Ã›ï¿½ Ã˜Â¨Ã™Ë†Ã™Ë†Ã›ï¿½
     got: Ø¬Ø²ÛŒØ±Û� Ø¨ÙˆÙˆÛ�
 ; [cca2=BV].translations.zho.common
Expected: Ã¥Â¸Æ’Ã§Â»Â´Ã¥Â²â€º
     got: å¸ƒç»´å²›
 ; [cca2=BV].translations.zho.official
Expected: Ã¥Â¸Æ’Ã§Â»Â´Ã¥Â²â€º
     got: å¸ƒç»´å²›
 ; [cca2=SH].currencies.GBP.symbol
Expected: Ã‚Â£
     got: Â£
 ; [cca2=SH].currencies.SHP.symbol
Expected: Ã‚Â£
     got: Â£
 ; [cca2=SH].demonyms.fra.f
Expected: Sainte-HÃƒÂ©lÃƒÂ©noise
     got: Sainte-HÃ©lÃ©noise
 ; [cca2=SH].demonyms.fra.m
Expected: Sainte-HÃƒÂ©lÃƒÂ¨nois
     got: Sainte-HÃ©lÃ¨nois
 ; [cca2=SH].flag
Expected: Ã°Å¸â€¡Â¸Ã°Å¸â€¡Â­
     got: ðŸ‡¸ðŸ‡­
 ; [cca2=SH].translations.ara.common
Expected: Ã˜Â³Ã˜Â§Ã™â€ Ã˜Âª Ã™â€¡Ã™Å Ã™â€žÃ™Å Ã™â€ Ã˜Â§ Ã™Ë†Ã˜Â£Ã˜Â³Ã™Å Ã™â€ Ã˜Â´Ã™Å Ã™â€  Ã™Ë†Ã˜ÂªÃ˜Â±Ã™Å Ã˜Â³Ã˜ÂªÃ˜Â§Ã™â€  Ã˜Â¯Ã˜Â§ Ã™Æ’Ã™Ë†Ã™â€ Ã˜Â§
     got: Ø³Ø§Ù†Øª Ù‡ÙŠÙ„ÙŠÙ†Ø§ ÙˆØ£Ø³ÙŠÙ†Ø´ÙŠÙ† ÙˆØªØ±ÙŠØ³ØªØ§Ù† Ø¯Ø§ ÙƒÙˆÙ†Ø§
 ; [cca2=SH].translations.ara.official
Expected: Ã˜Â³Ã˜Â§Ã™â€ Ã˜Âª Ã™â€¡Ã™Å Ã™â€žÃ™Å Ã™â€ Ã˜Â§ Ã™Ë†Ã˜Â£Ã˜Â³Ã™Å Ã™â€ Ã˜Â´Ã™Å Ã™â€  Ã™Ë†Ã˜ÂªÃ˜Â±Ã™Å Ã˜Â³Ã˜ÂªÃ˜Â§Ã™â€  Ã˜Â¯Ã˜Â§ Ã™Æ’Ã™Ë†Ã™â€ Ã˜Â§
     got: Ø³Ø§Ù†Øª Ù‡ÙŠÙ„ÙŠÙ†Ø§ ÙˆØ£Ø³ÙŠÙ†Ø´ÙŠÙ† ÙˆØªØ±ÙŠØ³ØªØ§Ù† Ø¯Ø§ ÙƒÙˆÙ†Ø§
 ; [cca2=SH].translations.ces.common
Expected: SvatÃƒÂ¡ Helena, Ascension a Tristan da Cunha
     got: SvatÃ¡ Helena, Ascension a Tristan da Cunha
 ; [cca2=SH].translations.ces.official
Expected: SvatÃƒÂ¡ Helena, Ascension a Tristan da Cunha
     got: SvatÃ¡ Helena, Ascension a Tristan da Cunha
 ; [cca2=SH].translations.fra.common
Expected: Sainte-HÃƒÂ©lÃƒÂ¨ne, Ascension et Tristan da Cunha
     got: Sainte-HÃ©lÃ¨ne, Ascension et Tristan da Cunha
 ; [cca2=SH].translations.fra.official
Expected: Sainte-HÃƒÂ©lÃƒÂ¨ne, Ascension et Tristan da Cunha
     got: Sainte-HÃ©lÃ¨ne, Ascension et Tristan da Cunha
 ; [cca2=SH].translations.jpn.common
Expected: Ã£â€šÂ»Ã£Æ’Â³Ã£Æ’Ë†Ã£Æ’ËœÃ£Æ’Â¬Ã£Æ’Å Ã£Æ’Â»Ã£â€šÂ¢Ã£â€šÂ»Ã£Æ’Â³Ã£â€šÂ·Ã£Æ’Â§Ã£Æ’Â³Ã£ï¿½Å Ã£â€šË†Ã£ï¿½Â³Ã£Æ’Ë†Ã£Æ’ÂªÃ£â€šÂ¹Ã£â€šÂ¿Ã£Æ’Â³Ã£Æ’â‚¬Ã£â€šÂ¯Ã£Æ’Â¼Ã£Æ’â€¹Ã£Æ’Â£
     got: ã‚»ãƒ³ãƒˆãƒ˜ãƒ¬ãƒŠãƒ»ã‚¢ã‚»ãƒ³ã‚·ãƒ§ãƒ³ã�Šã‚ˆã�³ãƒˆãƒªã‚¹ã‚¿ãƒ³ãƒ€ã‚¯ãƒ¼ãƒ‹ãƒ£
 ; [cca2=SH].translations.jpn.official
Expected: Ã£â€šÂ»Ã£Æ’Â³Ã£Æ’Ë†Ã£Æ’ËœÃ£Æ’Â¬Ã£Æ’Å Ã£Æ’Â»Ã£â€šÂ¢Ã£â€šÂ»Ã£Æ’Â³Ã£â€šÂ·Ã£Æ’Â§Ã£Æ’Â³Ã£ï¿½Å Ã£â€šË†Ã£ï¿½Â³Ã£Æ’Ë†Ã£Æ’ÂªÃ£â€šÂ¹Ã£â€šÂ¿Ã£Æ’Â³Ã£Æ’â‚¬Ã£â€šÂ¯Ã£Æ’Â¼Ã£Æ’â€¹Ã£Æ’Â£
     got: ã‚»ãƒ³ãƒˆãƒ˜ãƒ¬ãƒŠãƒ»ã‚¢ã‚»ãƒ³ã‚·ãƒ§ãƒ³ã�Šã‚ˆã�³ãƒˆãƒªã‚¹ã‚¿ãƒ³ãƒ€ã‚¯ãƒ¼ãƒ‹ãƒ£
 ; [cca2=SH].translations.kor.common
Expected: Ã¬â€žÂ¸Ã¬ï¿½Â¸Ã­Å Â¸Ã­â€”Â¬Ã«Â Ë†Ã«â€šËœ
     got: ì„¸ì�¸íŠ¸í—¬ë ˆë‚˜
 ; [cca2=SH].translations.kor.official
Expected: Ã¬â€žÂ¸Ã¬ï¿½Â¸Ã­Å Â¸Ã­â€”Â¬Ã«Â Ë†Ã«â€šËœ
     got: ì„¸ì�¸íŠ¸í—¬ë ˆë‚˜
 ; [cca2=SH].translations.per.common
Expected: Ã˜Â³Ã™â€ Ã˜Âª Ã™â€¡Ã™â€žÃ™â€ 
     got: Ø³Ù†Øª Ù‡Ù„Ù†
 ; [cca2=SH].translations.per.official
Expected: Ã˜Â³Ã™â€ Ã˜Âª Ã™â€¡Ã™â€žÃ™â€ 
     got: Ø³Ù†Øª Ù‡Ù„Ù†
 ; [cca2=SH].translations.pol.common
Expected: Wyspa Ã…Å¡wiÃ„â„¢tej Heleny, Wyspa WniebowstÃ„â€¦pienia i Tristan da Cunha
     got: Wyspa ÅšwiÄ™tej Heleny, Wyspa WniebowstÄ…pienia i Tristan da Cunha
 ; [cca2=SH].translations.pol.official
Expected: Wyspa Ã…Å¡wiÃ„â„¢tej Heleny, Wyspa WniebowstÃ„â€¦pienia i Tristan da Cunha
     got: Wyspa ÅšwiÄ™tej Heleny, Wyspa WniebowstÄ…pienia i Tristan da Cunha
 ; [cca2=SH].translations.por.common
Expected: Santa Helena, AscensÃƒÂ£o e TristÃƒÂ£o da Cunha
     got: Santa Helena, AscensÃ£o e TristÃ£o da Cunha
 ; [cca2=SH].translations.por.official
Expected: Santa Helena, AscensÃƒÂ£o e TristÃƒÂ£o da Cunha
     got: Santa Helena, AscensÃ£o e TristÃ£o da Cunha
 ; [cca2=SH].translations.rus.common
Expected: Ã�Å¾Ã‘ï¿½Ã‘â€šÃ‘â‚¬Ã�Â¾Ã�Â²Ã�Â° Ã�Â¡Ã�Â²Ã‘ï¿½Ã‘â€šÃ�Â¾Ã�Â¹ Ã�â€¢Ã�Â»Ã�ÂµÃ�Â½Ã‘â€¹, Ã�â€™Ã�Â¾Ã�Â·Ã�Â½Ã�ÂµÃ‘ï¿½Ã�ÂµÃ�Â½Ã�Â¸Ã‘ï¿½ Ã�Â¸ Ã�Â¢Ã‘â‚¬Ã�Â¸Ã‘ï¿½Ã‘â€šÃ�Â°Ã�Â½-Ã�Â´Ã�Â°-Ã�Å¡Ã‘Æ’Ã�Â½Ã‘Å’Ã‘ï¿½
     got: ÐžÑ�Ñ‚Ñ€Ð¾Ð²Ð° Ð¡Ð²Ñ�Ñ‚Ð¾Ð¹ Ð•Ð»ÐµÐ½Ñ‹, Ð’Ð¾Ð·Ð½ÐµÑ�ÐµÐ½Ð¸Ñ� Ð¸ Ð¢Ñ€Ð¸Ñ�Ñ‚Ð°Ð½-Ð´Ð°-ÐšÑƒÐ½ÑŒÑ�
 ; [cca2=SH].translations.rus.official
Expected: Ã�Å¾Ã‘ï¿½Ã‘â€šÃ‘â‚¬Ã�Â¾Ã�Â²Ã�Â° Ã�Â¡Ã�Â²Ã‘ï¿½Ã‘â€šÃ�Â¾Ã�Â¹ Ã�â€¢Ã�Â»Ã�ÂµÃ�Â½Ã‘â€¹, Ã�â€™Ã�Â¾Ã�Â·Ã�Â½Ã�ÂµÃ‘ï¿½Ã�ÂµÃ�Â½Ã�Â¸Ã‘ï¿½ Ã�Â¸ Ã�Â¢Ã‘â‚¬Ã�Â¸Ã‘ï¿½Ã‘â€šÃ�Â°Ã�Â½-Ã�Â´Ã�Â°-Ã�Å¡Ã‘Æ’Ã�Â½Ã‘Å’Ã‘ï¿½
     got: ÐžÑ�Ñ‚Ñ€Ð¾Ð²Ð° Ð¡Ð²Ñ�Ñ‚Ð¾Ð¹ Ð•Ð»ÐµÐ½Ñ‹, Ð’Ð¾Ð·Ð½ÐµÑ�ÐµÐ½Ð¸Ñ� Ð¸ Ð¢Ñ€Ð¸Ñ�Ñ‚Ð°Ð½-Ð´Ð°-ÐšÑƒÐ½ÑŒÑ�
 ; [cca2=SH].translations.slk.common
Expected: SvÃƒÂ¤tÃƒÂ¡ Helena (zÃƒÂ¡morskÃƒÂ© ÃƒÂºzemie)
     got: SvÃ¤tÃ¡ Helena (zÃ¡morskÃ© Ãºzemie)
 ; [cca2=SH].translations.slk.official
Expected: SvÃƒÂ¤tÃƒÂ¡ Helena (zÃƒÂ¡morskÃƒÂ© ÃƒÂºzemie)
     got: SvÃ¤tÃ¡ Helena (zÃ¡morskÃ© Ãºzemie)
 ; [cca2=SH].translations.spa.common
Expected: Santa Elena, AscensiÃƒÂ³n y TristÃƒÂ¡n de AcuÃƒÂ±a
     got: Santa Elena, AscensiÃ³n y TristÃ¡n de AcuÃ±a
 ; [cca2=SH].translations.spa.official
Expected: Santa Elena, AscensiÃƒÂ³n y TristÃƒÂ¡n de AcuÃƒÂ±a
     got: Santa Elena, AscensiÃ³n y TristÃ¡n de AcuÃ±a
 ; [cca2=SH].translations.srp.common
Expected: Ã�Â¡Ã�Â²Ã�ÂµÃ‘â€šÃ�Â° Ã�Ë†Ã�ÂµÃ�Â»Ã�ÂµÃ�Â½Ã�Â°
     got: Ð¡Ð²ÐµÑ‚Ð° ÐˆÐµÐ»ÐµÐ½Ð°
 ; [cca2=SH].translations.srp.official
Expected: Ã�Â¡Ã�Â²Ã�ÂµÃ‘â€šÃ�Â° Ã�Ë†Ã�ÂµÃ�Â»Ã�ÂµÃ�Â½Ã�Â°, Ã�ï¿½Ã‘ï¿½Ã�ÂµÃ�Â½Ã‘ï¿½Ã�Â¸Ã�Â¾Ã�Â½ Ã�Â¸ Ã�Â¢Ã‘â‚¬Ã�Â¸Ã‘ï¿½Ã‘â€šÃ�Â°Ã�Â½ Ã�Â´Ã�Â° Ã�Å¡Ã‘Æ’Ã‘Å¡Ã�Â°
     got: Ð¡Ð²ÐµÑ‚Ð° ÐˆÐµÐ»ÐµÐ½Ð°, Ð�Ñ�ÐµÐ½Ñ�Ð¸Ð¾Ð½ Ð¸ Ð¢Ñ€Ð¸Ñ�Ñ‚Ð°Ð½ Ð´Ð° ÐšÑƒÑšÐ°
 ; [cca2=SH].translations.urd.common
Expected: Ã˜Â³Ã›Å’Ã™â€ Ã™Â¹ Ã›ï¿½Ã™â€žÃ›Å’Ã™â€ Ã˜Â§Ã˜Å’ Ã˜Â§Ã˜Â³Ã›Å’Ã™â€ Ã˜Â´Ã™â€  Ã™Ë† Ã˜ÂªÃ˜Â±Ã˜Â³Ã™Â¹Ã˜Â§Ã™â€  Ã˜Â¯Ã˜Â§ ÃšÂ©Ã™Ë†Ã™â€ Ã›Å’Ã˜Â§
     got: Ø³ÛŒÙ†Ù¹ Û�Ù„ÛŒÙ†Ø§ØŒ Ø§Ø³ÛŒÙ†Ø´Ù† Ùˆ ØªØ±Ø³Ù¹Ø§Ù† Ø¯Ø§ Ú©ÙˆÙ†ÛŒØ§
 ; [cca2=SH].translations.urd.official
Expected: Ã˜Â³Ã›Å’Ã™â€ Ã™Â¹ Ã›ï¿½Ã™â€žÃ›Å’Ã™â€ Ã˜Â§Ã˜Å’ Ã˜Â§Ã˜Â³Ã›Å’Ã™â€ Ã˜Â´Ã™â€  Ã™Ë† Ã˜ÂªÃ˜Â±Ã˜Â³Ã™Â¹Ã˜Â§Ã™â€  Ã˜Â¯Ã˜Â§ ÃšÂ©Ã™Ë†Ã™â€ Ã›Å’Ã˜Â§
     got: Ø³ÛŒÙ†Ù¹ Û�Ù„ÛŒÙ†Ø§ØŒ Ø§Ø³ÛŒÙ†Ø´Ù† Ùˆ ØªØ±Ø³Ù¹Ø§Ù† Ø¯Ø§ Ú©ÙˆÙ†ÛŒØ§
 ; [cca2=SH].translations.zho.common
Expected: Ã¥Å“Â£Ã¨ÂµÂ«Ã¥â€¹â€™Ã¦â€¹Â¿Ã£â‚¬ï¿½Ã©ËœÂ¿Ã¦Â£Â®Ã¦ï¿½Â¾Ã¥â€™Å’Ã§â€°Â¹Ã©â€¡Å’Ã¦â€“Â¯Ã¥ï¿½Â¦-Ã¨Â¾Â¾Ã¥Âºâ€œÃ¥Â°Â¼Ã¤ÂºÅ¡
     got: åœ£èµ«å‹’æ‹¿ã€�é˜¿æ£®æ�¾å’Œç‰¹é‡Œæ–¯å�¦-è¾¾åº“å°¼äºš
 ; [cca2=SH].translations.zho.official
Expected: Ã¥Å“Â£Ã¨ÂµÂ«Ã¥â€¹â€™Ã¦â€¹Â¿Ã£â‚¬ï¿½Ã©ËœÂ¿Ã¦Â£Â®Ã¦ï¿½Â¾Ã¥â€™Å’Ã§â€°Â¹Ã©â€¡Å’Ã¦â€“Â¯Ã¥ï¿½Â¦-Ã¨Â¾Â¾Ã¥Âºâ€œÃ¥Â°Â¼Ã¤ÂºÅ¡
     got: åœ£èµ«å‹’æ‹¿ã€�é˜¿æ£®æ�¾å’Œç‰¹é‡Œæ–¯å�¦-è¾¾åº“å°¼äºš
 ; [cca2=BW].flag
Expected: Ã°Å¸â€¡Â§Ã°Å¸â€¡Â¼
     got: ðŸ‡§ðŸ‡¼
 ; [cca2=BW].translations.ara.common
Expected: Ã˜Â¨Ã™Ë†Ã˜ÂªÃ˜Â³Ã™Ë†Ã˜Â§Ã™â€ Ã˜Â§
     got: Ø¨ÙˆØªØ³ÙˆØ§Ù†Ø§
 ; [cca2=BW].translations.ara.official
Expected: Ã˜Â¬Ã™â€¦Ã™â€¡Ã™Ë†Ã˜Â±Ã™Å Ã˜Â© Ã˜Â¨Ã™Ë†Ã˜ÂªÃ˜Â³Ã™Ë†Ã˜Â§Ã™â€ Ã˜Â§
     got: Ø¬Ù…Ù‡ÙˆØ±ÙŠØ© Ø¨ÙˆØªØ³ÙˆØ§Ù†Ø§
 ; [cca2=BW].translations.ces.official
Expected: BotswanskÃƒÂ¡ republika
     got: BotswanskÃ¡ republika
 ; [cca2=BW].translations.fra.official
Expected: RÃƒÂ©publique du Botswana
     got: RÃ©publique du Botswana
 ; [cca2=BW].translations.hun.official
Expected: Botswanai KÃƒÂ¶ztÃƒÂ¡rsasÃƒÂ¡g
     got: Botswanai KÃ¶ztÃ¡rsasÃ¡g
 ; [cca2=BW].translations.jpn.common
Expected: Ã£Æ’Å“Ã£Æ’â€žÃ£Æ’Â¯Ã£Æ’Å 
     got: ãƒœãƒ„ãƒ¯ãƒŠ
 ; [cca2=BW].translations.jpn.official
Expected: Ã£Æ’Å“Ã£Æ’â€žÃ£Æ’Â¯Ã£Æ’Å Ã¥â€¦Â±Ã¥â€™Å’Ã¥â€ºÂ½
     got: ãƒœãƒ„ãƒ¯ãƒŠå…±å’Œå›½
 ; [cca2=BW].translations.kor.common
Expected: Ã«Â³Â´Ã¬Â¸Â Ã¬â„¢â‚¬Ã«â€šËœ
     got: ë³´ì¸ ì™€ë‚˜
 ; [cca2=BW].translations.kor.official
Expected: Ã«Â³Â´Ã¬Â¸Â Ã¬â„¢â‚¬Ã«â€šËœ ÃªÂ³ÂµÃ­â„¢â€�ÃªÂµÂ­
     got: ë³´ì¸ ì™€ë‚˜ ê³µí™”êµ­
 ; [cca2=BW].translations.per.common
Expected: Ã˜Â¨Ã™Ë†Ã˜ÂªÃ˜Â³Ã™Ë†Ã˜Â§Ã™â€ Ã˜Â§
     got: Ø¨ÙˆØªØ³ÙˆØ§Ù†Ø§
 ; [cca2=BW].translations.per.official
Expected: Ã˜Â¬Ã™â€¦Ã™â€¡Ã™Ë†Ã˜Â±Ã›Å’ Ã˜Â¨Ã™Ë†Ã˜ÂªÃ˜Â³Ã™Ë†Ã˜Â§Ã™â€ Ã˜Â§
     got: Ø¬Ù…Ù‡ÙˆØ±ÛŒ Ø¨ÙˆØªØ³ÙˆØ§Ù†Ø§
 ; [cca2=BW].translations.por.official
Expected: RepÃƒÂºblica do Botswana
     got: RepÃºblica do Botswana
 ; [cca2=BW].translations.rus.common
Expected: Ã�â€˜Ã�Â¾Ã‘â€šÃ‘ï¿½Ã�Â²Ã�Â°Ã�Â½Ã�Â°
     got: Ð‘Ð¾Ñ‚Ñ�Ð²Ð°Ð½Ð°
 ; [cca2=BW].translations.rus.official
Expected: Ã�Â Ã�ÂµÃ‘ï¿½Ã�Â¿Ã‘Æ’Ã�Â±Ã�Â»Ã�Â¸Ã�ÂºÃ�Â° Ã�â€˜Ã�Â¾Ã‘â€šÃ‘ï¿½Ã�Â²Ã�Â°Ã�Â½Ã�Â°
     got: Ð ÐµÑ�Ð¿ÑƒÐ±Ð»Ð¸ÐºÐ° Ð‘Ð¾Ñ‚Ñ�Ð²Ð°Ð½Ð°
 ; [cca2=BW].translations.slk.official
Expected: BotswanskÃƒÂ¡ republika
     got: BotswanskÃ¡ republika
 ; [cca2=BW].translations.spa.official
Expected: RepÃƒÂºblica de Botswana
     got: RepÃºblica de Botswana
 ; [cca2=BW].translations.srp.common
Expected: Ã�â€˜Ã�Â¾Ã‘â€ Ã�Â²Ã�Â°Ã�Â½Ã�Â°
     got: Ð‘Ð¾Ñ†Ð²Ð°Ð½Ð°
 ; [cca2=BW].translations.srp.official
Expected: Ã�Â Ã�ÂµÃ�Â¿Ã‘Æ’Ã�Â±Ã�Â»Ã�Â¸Ã�ÂºÃ�Â° Ã�â€˜Ã�Â¾Ã‘â€ Ã�Â²Ã�Â°Ã�Â½Ã�Â°
     got: Ð ÐµÐ¿ÑƒÐ±Ð»Ð¸ÐºÐ° Ð‘Ð¾Ñ†Ð²Ð°Ð½Ð°
 ; [cca2=BW].translations.urd.common
Expected: Ã˜Â¨Ã™Ë†Ã™Â¹Ã˜Â³Ã™Ë†Ã˜Â§Ã™â€ Ã˜Â§
     got: Ø¨ÙˆÙ¹Ø³ÙˆØ§Ù†Ø§
 ; [cca2=BW].translations.urd.official
Expected: Ã˜Â¬Ã™â€¦Ã›ï¿½Ã™Ë†Ã˜Â±Ã›Å’Ã›ï¿½ Ã˜Â¨Ã™Ë†Ã™Â¹Ã˜Â³Ã™Ë†Ã˜Â§Ã™â€ Ã˜Â§
     got: Ø¬Ù…Û�ÙˆØ±ÛŒÛ� Ø¨ÙˆÙ¹Ø³ÙˆØ§Ù†Ø§
 ; [cca2=BW].translations.zho.common
Expected: Ã¥ï¿½Å¡Ã¨Å’Â¨Ã§â€œÂ¦Ã§ÂºÂ³
     got: å�šèŒ¨ç“¦çº³
 ; [cca2=BW].translations.zho.official
Expected: Ã¥ï¿½Å¡Ã¨Å’Â¨Ã§â€œÂ¦Ã§ÂºÂ³Ã¥â€¦Â±Ã¥â€™Å’Ã¥â€ºÂ½
     got: å�šèŒ¨ç“¦çº³å…±å’Œå›½
 ; [cca2=SI].currencies.EUR.symbol
Expected: Ã¢â€šÂ¬
     got: â‚¬
 ; [cca2=SI].demonyms.fra.f
Expected: SlovÃƒÂ¨ne
     got: SlovÃ¨ne
 ; [cca2=SI].demonyms.fra.m
Expected: SlovÃƒÂ¨ne
     got: SlovÃ¨ne
 ; [cca2=SI].flag
Expected: Ã°Å¸â€¡Â¸Ã°Å¸â€¡Â®
     got: ðŸ‡¸ðŸ‡®
 ; [cca2=SI].translations.ara.common
Expected: Ã˜Â³Ã™â€žÃ™Ë†Ã™ï¿½Ã™Å Ã™â€ Ã™Å Ã˜Â§
     got: Ø³Ù„ÙˆÙ�ÙŠÙ†ÙŠØ§
 ; [cca2=SI].translations.ara.official
Expected: Ã˜Â¬Ã™â€¦Ã™â€¡Ã™Ë†Ã˜Â±Ã™Å Ã˜Â© Ã˜Â³Ã™â€žÃ™Ë†Ã™ï¿½Ã™Å Ã™â€ Ã™Å Ã˜Â§
     got: Ø¬Ù…Ù‡ÙˆØ±ÙŠØ© Ø³Ù„ÙˆÙ�ÙŠÙ†ÙŠØ§
 ; [cca2=SI].translations.ces.official
Expected: SlovinskÃƒÂ¡ republika
     got: SlovinskÃ¡ republika
 ; [cca2=SI].translations.fra.common
Expected: SlovÃƒÂ©nie
     got: SlovÃ©nie
 ; [cca2=SI].translations.fra.official
Expected: RÃƒÂ©publique de SlovÃƒÂ©nie
     got: RÃ©publique de SlovÃ©nie
 ; [cca2=SI].translations.hun.common
Expected: SzlovÃƒÂ©nia
     got: SzlovÃ©nia
 ; [cca2=SI].translations.hun.official
Expected: SzlovÃƒÂ©n KÃƒÂ¶ztÃƒÂ¡rsasÃƒÂ¡g
     got: SzlovÃ©n KÃ¶ztÃ¡rsasÃ¡g
 ; [cca2=SI].translations.jpn.common
Expected: Ã£â€šÂ¹Ã£Æ’Â­Ã£Æ’â„¢Ã£Æ’â€¹Ã£â€šÂ¢
     got: ã‚¹ãƒ­ãƒ™ãƒ‹ã‚¢
 ; [cca2=SI].translations.jpn.official
Expected: Ã£â€šÂ¹Ã£Æ’Â­Ã£Æ’â„¢Ã£Æ’â€¹Ã£â€šÂ¢Ã¥â€¦Â±Ã¥â€™Å’Ã¥â€ºÂ½
     got: ã‚¹ãƒ­ãƒ™ãƒ‹ã‚¢å…±å’Œå›½
 ; [cca2=SI].translations.kor.common
Expected: Ã¬Å Â¬Ã«Â¡Å“Ã«Â²Â Ã«â€¹Ë†Ã¬â€¢â€ž
     got: ìŠ¬ë¡œë² ë‹ˆì•„
 ; [cca2=SI].translations.kor.official
Expected: Ã¬Å Â¬Ã«Â¡Å“Ã«Â²Â Ã«â€¹Ë†Ã¬â€¢â€ž ÃªÂ³ÂµÃ­â„¢â€�ÃªÂµÂ­
     got: ìŠ¬ë¡œë² ë‹ˆì•„ ê³µí™”êµ­
 ; [cca2=SI].translations.nld.common
Expected: SloveniÃƒÂ«
     got: SloveniÃ«
 ; [cca2=SI].translations.nld.official
Expected: Republiek SloveniÃƒÂ«
     got: Republiek SloveniÃ«
 ; [cca2=SI].translations.per.common
Expected: Ã˜Â§Ã˜Â³Ã™â€žÃ™Ë†Ã™Ë†Ã™â€ Ã›Å’
     got: Ø§Ø³Ù„ÙˆÙˆÙ†ÛŒ
 ; [cca2=SI].translations.per.official
Expected: Ã˜Â¬Ã™â€¦Ã™â€¡Ã™Ë†Ã˜Â±Ã›Å’ Ã˜Â§Ã˜Â³Ã™â€žÃ™Ë†Ã™Ë†Ã™â€ Ã›Å’
     got: Ø¬Ù…Ù‡ÙˆØ±ÛŒ Ø§Ø³Ù„ÙˆÙˆÙ†ÛŒ
 ; [cca2=SI].translations.pol.common
Expected: SÃ…â€šowenia
     got: SÅ‚owenia
 ; [cca2=SI].translations.pol.official
Expected: Republika SÃ…â€šowenii
     got: Republika SÅ‚owenii
 ; [cca2=SI].translations.por.common
Expected: EslovÃƒÂ©nia
     got: EslovÃ©nia
 ; [cca2=SI].translations.por.official
Expected: RepÃƒÂºblica da EslovÃƒÂ©nia
     got: RepÃºblica da EslovÃ©nia
 ; [cca2=SI].translations.rus.common
Expected: Ã�Â¡Ã�Â»Ã�Â¾Ã�Â²Ã�ÂµÃ�Â½Ã�Â¸Ã‘ï¿½
     got: Ð¡Ð»Ð¾Ð²ÐµÐ½Ð¸Ñ�
 ; [cca2=SI].translations.rus.official
Expected: Ã�Â Ã�ÂµÃ‘ï¿½Ã�Â¿Ã‘Æ’Ã�Â±Ã�Â»Ã�Â¸Ã�ÂºÃ�Â° Ã�Â¡Ã�Â»Ã�Â¾Ã�Â²Ã�ÂµÃ�Â½Ã�Â¸Ã‘ï¿½
     got: Ð ÐµÑ�Ð¿ÑƒÐ±Ð»Ð¸ÐºÐ° Ð¡Ð»Ð¾Ð²ÐµÐ½Ð¸Ñ�
 ; [cca2=SI].translations.slk.official
Expected: SlovinskÃƒÂ¡ republika
     got: SlovinskÃ¡ republika
 ; [cca2=SI].translations.spa.official
Expected: RepÃƒÂºblica de Eslovenia
     got: RepÃºblica de Eslovenia
 ; [cca2=SI].translations.srp.common
Expected: Ã�Â¡Ã�Â»Ã�Â¾Ã�Â²Ã�ÂµÃ�Â½Ã�Â¸Ã‘ËœÃ�Â°
     got: Ð¡Ð»Ð¾Ð²ÐµÐ½Ð¸Ñ˜Ð°
 ; [cca2=SI].translations.srp.official
Expected: Ã�Â Ã�ÂµÃ�Â¿Ã‘Æ’Ã�Â±Ã�Â»Ã�Â¸Ã�ÂºÃ�Â° Ã�Â¡Ã�Â»Ã�Â¾Ã�Â²Ã�ÂµÃ�Â½Ã�Â¸Ã‘ËœÃ�Â°
     got: Ð ÐµÐ¿ÑƒÐ±Ð»Ð¸ÐºÐ° Ð¡Ð»Ð¾Ð²ÐµÐ½Ð¸Ñ˜Ð°
 ; [cca2=SI].translations.urd.common
Expected: Ã˜Â³Ã™â€žÃ™Ë†Ã™Ë†Ã›Å’Ã™â€ Ã›Å’Ã˜Â§
     got: Ø³Ù„ÙˆÙˆÛŒÙ†ÛŒØ§
 ; [cca2=SI].translations.urd.official
Expected: Ã˜Â¬Ã™â€¦Ã›ï¿½Ã™Ë†Ã˜Â±Ã›Å’Ã›ï¿½ Ã˜Â³Ã™â€žÃ™Ë†Ã™Ë†Ã›Å’Ã™â€ Ã›Å’Ã˜Â§
     got: Ø¬Ù…Û�ÙˆØ±ÛŒÛ� Ø³Ù„ÙˆÙˆÛŒÙ†ÛŒØ§
 ; [cca2=SI].translations.zho.common
Expected: Ã¦â€“Â¯Ã¦Â´â€ºÃ¦â€“â€¡Ã¥Â°Â¼Ã¤ÂºÅ¡
     got: æ–¯æ´›æ–‡å°¼äºš
 ; [cca2=SI].translations.zho.official
Expected: Ã¦â€“Â¯Ã¦Â´â€ºÃ¦â€“â€¡Ã¥Â°Â¼Ã¤ÂºÅ¡Ã¥â€¦Â±Ã¥â€™Å’Ã¥â€ºÂ½
     got: æ–¯æ´›æ–‡å°¼äºšå…±å’Œå›½
 ; [cca2=SJ].flag
Expected: Ã°Å¸â€¡Â¸Ã°Å¸â€¡Â¯
     got: ðŸ‡¸ðŸ‡¯
 ; [cca2=SJ].translations.ara.common
Expected: Ã˜Â³Ã™ï¿½Ã˜Â§Ã™â€žÃ˜Â¨Ã˜Â§Ã˜Â±Ã˜Â¯ Ã™Ë†Ã™Å Ã˜Â§Ã™â€  Ã™â€¦Ã˜Â§Ã™Å Ã™â€ 
     got: Ø³Ù�Ø§Ù„Ø¨Ø§Ø±Ø¯ ÙˆÙŠØ§Ù† Ù…Ø§ÙŠÙ†
 ; [cca2=SJ].translations.ara.official
Expected: Ã˜Â³Ã™ï¿½Ã˜Â§Ã™â€žÃ˜Â¨Ã˜Â§Ã˜Â±Ã˜Â¯ Ã™Ë†Ã™Å Ã˜Â§Ã™â€  Ã™â€¦Ã˜Â§Ã™Å Ã™â€ 
     got: Ø³Ù�Ø§Ù„Ø¨Ø§Ø±Ø¯ ÙˆÙŠØ§Ù† Ù…Ø§ÙŠÙ†
 ; [cca2=SJ].translations.ces.common
Expected: Ã…Â picberky a Jan Mayen
     got: Å picberky a Jan Mayen
 ; [cca2=SJ].translations.ces.official
Expected: Ã…Â picberky a Jan Mayen
     got: Å picberky a Jan Mayen
 ; [cca2=SJ].translations.hun.common
Expected: Svalbard ÃƒÂ©s Jan Mayen
     got: Svalbard Ã©s Jan Mayen
 ; [cca2=SJ].translations.hun.official
Expected: Svalbard ÃƒÂ©s Jan Mayen
     got: Svalbard Ã©s Jan Mayen
 ; [cca2=SJ].translations.jpn.common
Expected: Ã£â€šÂ¹Ã£Æ’Â´Ã£â€šÂ¡Ã£Æ’Â¼Ã£Æ’Â«Ã£Æ’ï¿½Ã£Æ’Â«Ã¨Â«Â¸Ã¥Â³Â¶Ã£ï¿½Å Ã£â€šË†Ã£ï¿½Â³Ã£Æ’Â¤Ã£Æ’Â³Ã£Æ’Å¾Ã£â€šÂ¤Ã£â€šÂ¨Ã£Æ’Â³Ã¥Â³Â¶
     got: ã‚¹ãƒ´ã‚¡ãƒ¼ãƒ«ãƒ�ãƒ«è«¸å³¶ã�Šã‚ˆã�³ãƒ¤ãƒ³ãƒžã‚¤ã‚¨ãƒ³å³¶
 ; [cca2=SJ].translations.jpn.official
Expected: Ã£â€šÂ¹Ã£Æ’ï¿½Ã£Æ’Â¼Ã£Æ’Â«Ã£Æ’ï¿½Ã£Æ’Â«Ã¨Â«Â¸Ã¥Â³Â¶OGÃ£Æ’Â¤Ã£Æ’Â³Ã£Æ’Å¾Ã£â€šÂ¤Ã£â€šÂ¨Ã£Æ’Â³
     got: ã‚¹ãƒ�ãƒ¼ãƒ«ãƒ�ãƒ«è«¸å³¶OGãƒ¤ãƒ³ãƒžã‚¤ã‚¨ãƒ³
 ; [cca2=SJ].translations.kor.common
Expected: Ã¬Å Â¤Ã«Â°Å“Ã«Â°â€�Ã«Â¥Â´ Ã¬â€“â‚¬Ã«Â§Ë†Ã¬ËœÅ’ Ã¬Â Å“Ã«ï¿½â€ž
     got: ìŠ¤ë°œë°”ë¥´ ì–€ë§ˆì˜Œ ì œë�„
 ; [cca2=SJ].translations.kor.official
Expected: Ã¬Å Â¤Ã«Â°Å“Ã«Â°â€�Ã«Â¥Â´ Ã¬â€“â‚¬Ã«Â§Ë†Ã¬ËœÅ’ Ã¬Â Å“Ã«ï¿½â€ž
     got: ìŠ¤ë°œë°”ë¥´ ì–€ë§ˆì˜Œ ì œë�„
 ; [cca2=SJ].translations.per.common
Expected: Ã˜Â³Ã™Ë†Ã˜Â§Ã™â€žÃ˜Â¨Ã˜Â§Ã˜Â±Ã˜Â¯ Ã™Ë† Ã›Å’Ã˜Â§Ã™â€  Ã™â€¦Ã˜Â§Ã›Å’Ã™â€ 
     got: Ø³ÙˆØ§Ù„Ø¨Ø§Ø±Ø¯ Ùˆ ÛŒØ§Ù† Ù…Ø§ÛŒÙ†
 ; [cca2=SJ].translations.per.official
Expected: Ã˜Â³Ã™Ë†Ã˜Â§Ã™â€žÃ˜Â¨Ã˜Â§Ã˜Â±Ã˜Â¯ Ã™Ë† Ã›Å’Ã˜Â§Ã™â€  Ã™â€¦Ã˜Â§Ã›Å’Ã™â€ 
     got: Ø³ÙˆØ§Ù„Ø¨Ø§Ø±Ø¯ Ùˆ ÛŒØ§Ù† Ù…Ø§ÛŒÙ†
 ; [cca2=SJ].translations.rus.common
Expected: Ã�Â¨Ã�Â¿Ã�Â¸Ã‘â€ Ã�Â±Ã�ÂµÃ‘â‚¬Ã�Â³Ã�ÂµÃ�Â½ Ã�Â¸ Ã�Â¯Ã�Â½-Ã�Å“Ã�Â°Ã�Â¹Ã�ÂµÃ�Â½
     got: Ð¨Ð¿Ð¸Ñ†Ð±ÐµÑ€Ð³ÐµÐ½ Ð¸ Ð¯Ð½-ÐœÐ°Ð¹ÐµÐ½
 ; [cca2=SJ].translations.rus.official
Expected: Ã�Â¡Ã�Â²Ã�Â°Ã�Â»Ã‘Å’Ã�Â±Ã�Â°Ã‘â‚¬Ã�Â´Ã�Â° Ã�Â¾Ã�Â³ Ã�Â¯Ã�Â½-Ã�Å“Ã�Â°Ã�Â¹Ã�ÂµÃ�Â½
     got: Ð¡Ð²Ð°Ð»ÑŒÐ±Ð°Ñ€Ð´Ð° Ð¾Ð³ Ð¯Ð½-ÐœÐ°Ð¹ÐµÐ½
 ; [cca2=SJ].translations.srp.common
Expected: Ã�Â¡Ã�Â²Ã�Â°Ã�Â»Ã�Â±Ã�Â°Ã‘â‚¬Ã�Â´ Ã�Â¸ Ã�Ë†Ã�Â°Ã�Â½ Ã�Å“Ã�Â°Ã‘ËœÃ�ÂµÃ�Â½
     got: Ð¡Ð²Ð°Ð»Ð±Ð°Ñ€Ð´ Ð¸ ÐˆÐ°Ð½ ÐœÐ°Ñ˜ÐµÐ½
 ; [cca2=SJ].translations.srp.official
Expected: Ã�Â¡Ã�Â²Ã�Â°Ã�Â»Ã�Â±Ã�Â°Ã‘â‚¬Ã�Â´ Ã�Â¸ Ã�Ë†Ã�Â°Ã�Â½ Ã�Å“Ã�Â°Ã‘ËœÃ�ÂµÃ�Â½
     got: Ð¡Ð²Ð°Ð»Ð±Ð°Ñ€Ð´ Ð¸ ÐˆÐ°Ð½ ÐœÐ°Ñ˜ÐµÐ½
 ; [cca2=SJ].translations.urd.common
Expected: Ã˜Â³Ã™Ë†Ã˜Â§Ã™â€žÃ˜Â¨Ã˜Â§Ã˜Â±ÃšË† Ã˜Â§Ã™Ë†Ã˜Â± Ã˜Â¬Ã˜Â§Ã™â€  Ã™â€¦Ã›Å’Ã˜Â¦Ã™â€ 
     got: Ø³ÙˆØ§Ù„Ø¨Ø§Ø±Úˆ Ø§ÙˆØ± Ø¬Ø§Ù† Ù…ÛŒØ¦Ù†
 ; [cca2=SJ].translations.urd.official
Expected: Ã˜Â³Ã™Ë†Ã˜Â§Ã™â€žÃ˜Â¨Ã˜Â§Ã˜Â±ÃšË† Ã˜Â§Ã™Ë†Ã˜Â± Ã˜Â¬Ã˜Â§Ã™â€  Ã™â€¦Ã›Å’Ã˜Â¦Ã™â€ 
     got: Ø³ÙˆØ§Ù„Ø¨Ø§Ø±Úˆ Ø§ÙˆØ± Ø¬Ø§Ù† Ù…ÛŒØ¦Ù†
 ; [cca2=SJ].translations.zho.common
Expected: Ã¦â€“Â¯Ã§â€œÂ¦Ã¥Â°â€�Ã¥Â·Â´Ã§â€°Â¹
     got: æ–¯ç“¦å°”å·´ç‰¹
 ; [cca2=SJ].translations.zho.official
Expected: Ã¦â€“Â¯Ã§â€œÂ¦Ã¥Â°â€�Ã¥Â·Â´Ã§â€°Â¹
     got: æ–¯ç“¦å°”å·´ç‰¹
 ; [cca2=BY].altSpellings[]
Expected: BielaruÃ…â€º
     but none found
 ; [cca2=BY].altSpellings[]
Expected: Ã�â€˜Ã�ÂµÃ�Â»Ã�Â¾Ã‘â‚¬Ã‘Æ’Ã‘ï¿½Ã‘ï¿½Ã�Â¸Ã‘ï¿½
     but none found
 ; [cca2=BY].altSpellings[]
Expected: Ã�Â Ã�ÂµÃ‘ï¿½Ã�Â¿Ã‘Æ’Ã�Â±Ã�Â»Ã�Â¸Ã�ÂºÃ�Â° Ã�â€˜Ã�ÂµÃ�Â»Ã�Â¾Ã‘â‚¬Ã‘Æ’Ã‘ï¿½Ã‘ï¿½Ã�Â¸Ã‘ï¿½
     but none found
 ; [cca2=BY].altSpellings[]
Unexpected: BielaruÅ›
 ; [cca2=BY].altSpellings[]
Unexpected: Ð ÐµÑ�Ð¿ÑƒÐ±Ð»Ð¸ÐºÐ° Ð‘ÐµÐ»Ð¾Ñ€ÑƒÑ�Ñ�Ð¸Ñ�
 ; [cca2=BY].altSpellings[]
Unexpected: Ð‘ÐµÐ»Ð¾Ñ€ÑƒÑ�Ñ�Ð¸Ñ�
 ; [cca2=BY].demonyms.fra.f
Expected: BiÃƒÂ©lorusse
     got: BiÃ©lorusse
 ; [cca2=BY].demonyms.fra.m
Expected: BiÃƒÂ©lorusse
     got: BiÃ©lorusse
 ; [cca2=BY].flag
Expected: Ã°Å¸â€¡Â§Ã°Å¸â€¡Â¾
     got: ðŸ‡§ðŸ‡¾
 ; [cca2=BY].name.nativeName.bel.common
Expected: Ã�â€˜Ã�ÂµÃ�Â»Ã�Â°Ã‘â‚¬Ã‘Æ’ÃŒï¿½Ã‘ï¿½Ã‘Å’
     got: Ð‘ÐµÐ»Ð°Ñ€ÑƒÌ�Ñ�ÑŒ
 ; [cca2=BY].name.nativeName.bel.official
Expected: Ã�Â Ã‘ï¿½Ã‘ï¿½Ã�Â¿Ã‘Æ’Ã�Â±Ã�Â»Ã‘â€“Ã�ÂºÃ�Â° Ã�â€˜Ã�ÂµÃ�Â»Ã�Â°Ã‘â‚¬Ã‘Æ’Ã‘ï¿½Ã‘Å’
     got: Ð Ñ�Ñ�Ð¿ÑƒÐ±Ð»Ñ–ÐºÐ° Ð‘ÐµÐ»Ð°Ñ€ÑƒÑ�ÑŒ
 ; [cca2=BY].name.nativeName.rus.common
Expected: Ã�â€˜Ã�ÂµÃ�Â»Ã�Â°Ã‘â‚¬Ã‘Æ’Ã‘ï¿½Ã‘Å’
     got: Ð‘ÐµÐ»Ð°Ñ€ÑƒÑ�ÑŒ
 ; [cca2=BY].name.nativeName.rus.official
Expected: Ã�Â Ã�ÂµÃ‘ï¿½Ã�Â¿Ã‘Æ’Ã�Â±Ã�Â»Ã�Â¸Ã�ÂºÃ�Â° Ã�â€˜Ã�ÂµÃ�Â»Ã�Â°Ã‘â‚¬Ã‘Æ’Ã‘ï¿½Ã‘Å’
     got: Ð ÐµÑ�Ð¿ÑƒÐ±Ð»Ð¸ÐºÐ° Ð‘ÐµÐ»Ð°Ñ€ÑƒÑ�ÑŒ
 ; [cca2=BY].translations.ara.common
Expected: Ã˜Â¨Ã™Å Ã™â€žÃ˜Â§Ã˜Â±Ã™Ë†Ã˜Â³Ã™Å Ã˜Â§
     got: Ø¨ÙŠÙ„Ø§Ø±ÙˆØ³ÙŠØ§
 ; [cca2=BY].translations.ara.official
Expected: Ã˜Â¬Ã™â€¦Ã™â€¡Ã™Ë†Ã˜Â±Ã™Å Ã˜Â© Ã˜Â¨Ã™Å Ã™â€žÃ˜Â§Ã˜Â±Ã™Ë†Ã˜Â³Ã™Å Ã˜Â§
     got: Ø¬Ù…Ù‡ÙˆØ±ÙŠØ© Ø¨ÙŠÙ„Ø§Ø±ÙˆØ³ÙŠØ§
 ; [cca2=BY].translations.ces.common
Expected: BÃ„â€ºlorusko
     got: BÄ›lorusko
 ; [cca2=BY].translations.ces.official
Expected: BÃ„â€ºloruskÃƒÂ¡ republika
     got: BÄ›loruskÃ¡ republika
 ; [cca2=BY].translations.deu.common
Expected: WeiÃƒÅ¸russland
     got: WeiÃŸrussland
 ; [cca2=BY].translations.fin.common
Expected: Valko-VenÃƒÂ¤jÃƒÂ¤
     got: Valko-VenÃ¤jÃ¤
 ; [cca2=BY].translations.fin.official
Expected: Valko-VenÃƒÂ¤jÃƒÂ¤n tasavalta
     got: Valko-VenÃ¤jÃ¤n tasavalta
 ; [cca2=BY].translations.fra.common
Expected: BiÃƒÂ©lorussie
     got: BiÃ©lorussie
 ; [cca2=BY].translations.fra.official
Expected: RÃƒÂ©publique de BiÃƒÂ©lorussie
     got: RÃ©publique de BiÃ©lorussie
 ; [cca2=BY].translations.hun.common
Expected: FehÃƒÂ©roroszorszÃƒÂ¡g
     got: FehÃ©roroszorszÃ¡g
 ; [cca2=BY].translations.hun.official
Expected: FehÃƒÂ©rorosz KÃƒÂ¶ztÃƒÂ¡rsasÃƒÂ¡g
     got: FehÃ©rorosz KÃ¶ztÃ¡rsasÃ¡g
 ; [cca2=BY].translations.jpn.common
Expected: Ã£Æ’â„¢Ã£Æ’Â©Ã£Æ’Â«Ã£Æ’Â¼Ã£â€šÂ·
     got: ãƒ™ãƒ©ãƒ«ãƒ¼ã‚·
 ; [cca2=BY].translations.jpn.official
Expected: Ã£Æ’â„¢Ã£Æ’Â©Ã£Æ’Â«Ã£Æ’Â¼Ã£â€šÂ·Ã¥â€¦Â±Ã¥â€™Å’Ã¥â€ºÂ½
     got: ãƒ™ãƒ©ãƒ«ãƒ¼ã‚·å…±å’Œå›½
 ; [cca2=BY].translations.kor.common
Expected: Ã«Â²Â¨Ã«ï¿½Â¼Ã«Â£Â¨Ã¬Å Â¤
     got: ë²¨ë�¼ë£¨ìŠ¤
 ; [cca2=BY].translations.kor.official
Expected: Ã«Â²Â¨Ã«ï¿½Â¼Ã«Â£Â¨Ã¬Å Â¤ ÃªÂ³ÂµÃ­â„¢â€�ÃªÂµÂ­
     got: ë²¨ë�¼ë£¨ìŠ¤ ê³µí™”êµ­
 ; [cca2=BY].translations.per.common
Expected: Ã˜Â¨Ã™â€žÃ˜Â§Ã˜Â±Ã™Ë†Ã˜Â³
     got: Ø¨Ù„Ø§Ø±ÙˆØ³
 ; [cca2=BY].translations.per.official
Expected: Ã˜Â¬Ã™â€¦Ã™â€¡Ã™Ë†Ã˜Â±Ã›Å’ Ã˜Â¨Ã™â€žÃ˜Â§Ã˜Â±Ã™Ë†Ã˜Â³
     got: Ø¬Ù…Ù‡ÙˆØ±ÛŒ Ø¨Ù„Ø§Ø±ÙˆØ³
 ; [cca2=BY].translations.pol.common
Expected: BiaÃ…â€šoruÃ…â€º
     got: BiaÅ‚oruÅ›
 ; [cca2=BY].translations.pol.official
Expected: Republika BiaÃ…â€šorusi
     got: Republika BiaÅ‚orusi
 ; [cca2=BY].translations.por.common
Expected: BielorÃƒÂºssia
     got: BielorÃºssia
 ; [cca2=BY].translations.por.official
Expected: RepÃƒÂºblica da BielorrÃƒÂºssia
     got: RepÃºblica da BielorrÃºssia
 ; [cca2=BY].translations.rus.common
Expected: Ã�â€˜Ã�ÂµÃ�Â»Ã�Â°Ã‘â‚¬Ã‘Æ’Ã‘ï¿½Ã‘Å’
     got: Ð‘ÐµÐ»Ð°Ñ€ÑƒÑ�ÑŒ
 ; [cca2=BY].translations.rus.official
Expected: Ã�Â Ã�ÂµÃ‘ï¿½Ã�Â¿Ã‘Æ’Ã�Â±Ã�Â»Ã�Â¸Ã�ÂºÃ�Â° Ã�â€˜Ã�ÂµÃ�Â»Ã�Â°Ã‘â‚¬Ã‘Æ’Ã‘ï¿½Ã‘Å’
     got: Ð ÐµÑ�Ð¿ÑƒÐ±Ð»Ð¸ÐºÐ° Ð‘ÐµÐ»Ð°Ñ€ÑƒÑ�ÑŒ
 ; [cca2=BY].translations.slk.official
Expected: BieloruskÃƒÂ¡ republika
     got: BieloruskÃ¡ republika
 ; [cca2=BY].translations.spa.official
Expected: RepÃƒÂºblica de BelarÃƒÂºs
     got: RepÃºblica de BelarÃºs
 ; [cca2=BY].translations.srp.common
Expected: Ã�â€˜Ã�ÂµÃ�Â»Ã�Â¾Ã‘â‚¬Ã‘Æ’Ã‘ï¿½Ã�Â¸Ã‘ËœÃ�Â°
     got: Ð‘ÐµÐ»Ð¾Ñ€ÑƒÑ�Ð¸Ñ˜Ð°
 ; [cca2=BY].translations.srp.official
Expected: Ã�Â Ã�ÂµÃ�Â¿Ã‘Æ’Ã�Â±Ã�Â»Ã�Â¸Ã�ÂºÃ�Â° Ã�â€˜Ã�ÂµÃ�Â»Ã�Â¾Ã‘â‚¬Ã‘Æ’Ã‘ï¿½Ã�Â¸Ã‘ËœÃ�Â°
     got: Ð ÐµÐ¿ÑƒÐ±Ð»Ð¸ÐºÐ° Ð‘ÐµÐ»Ð¾Ñ€ÑƒÑ�Ð¸Ñ˜Ð°
 ; [cca2=BY].translations.urd.common
Expected: Ã˜Â¨Ã›Å’Ã™â€žÃ˜Â§Ã˜Â±Ã™Ë†Ã˜Â³
     got: Ø¨ÛŒÙ„Ø§Ø±ÙˆØ³
 ; [cca2=BY].translations.urd.official
Expected: Ã˜Â¬Ã™â€¦Ã›ï¿½Ã™Ë†Ã˜Â±Ã›Å’Ã›ï¿½ Ã˜Â¨Ã›Å’Ã™â€žÃ˜Â§Ã˜Â±Ã™Ë†Ã˜Â³
     got: Ø¬Ù…Û�ÙˆØ±ÛŒÛ� Ø¨ÛŒÙ„Ø§Ø±ÙˆØ³
 ; [cca2=BY].translations.zho.common
Expected: Ã§â„¢Â½Ã¤Â¿â€žÃ§Â½â€”Ã¦â€“Â¯
     got: ç™½ä¿„ç½—æ–¯
 ; [cca2=BY].translations.zho.official
Expected: Ã§â„¢Â½Ã¤Â¿â€žÃ§Â½â€”Ã¦â€“Â¯Ã¥â€¦Â±Ã¥â€™Å’Ã¥â€ºÂ½
     got: ç™½ä¿„ç½—æ–¯å…±å’Œå›½
 ; [cca2=BZ].demonyms.fra.f
Expected: BÃƒÂ©lizienne
     got: BÃ©lizienne
 ; [cca2=BZ].demonyms.fra.m
Expected: BÃƒÂ©lizien
     got: BÃ©lizien
 ; [cca2=BZ].flag
Expected: Ã°Å¸â€¡Â§Ã°Å¸â€¡Â¿
     got: ðŸ‡§ðŸ‡¿
 ; [cca2=BZ].translations.ara.common
Expected: Ã˜Â¨Ã™â€žÃ™Å Ã˜Â²
     got: Ø¨Ù„ÙŠØ²
 ; [cca2=BZ].translations.ara.official
Expected: Ã˜Â¨Ã™â€žÃ™Å Ã˜Â²
     got: Ø¨Ù„ÙŠØ²
 ; [cca2=BZ].translations.cym.common
Expected: BelÃƒÂ®s
     got: BelÃ®s
 ; [cca2=BZ].translations.cym.official
Expected: BelÃƒÂ®s
     got: BelÃ®s
 ; [cca2=BZ].translations.jpn.common
Expected: Ã£Æ’â„¢Ã£Æ’ÂªÃ£Æ’Â¼Ã£â€šÂº
     got: ãƒ™ãƒªãƒ¼ã‚º
 ; [cca2=BZ].translations.jpn.official
Expected: Ã£Æ’â„¢Ã£Æ’ÂªÃ£Æ’Â¼Ã£â€šÂº
     got: ãƒ™ãƒªãƒ¼ã‚º
 ; [cca2=BZ].translations.kor.common
Expected: Ã«Â²Â¨Ã«Â¦Â¬Ã¬Â¦Ë†
     got: ë²¨ë¦¬ì¦ˆ
 ; [cca2=BZ].translations.kor.official
Expected: Ã«Â²Â¨Ã«Â¦Â¬Ã¬Â¦Ë†
     got: ë²¨ë¦¬ì¦ˆ
 ; [cca2=BZ].translations.per.common
Expected: Ã˜Â¨Ã™â€žÃ›Å’Ã˜Â²
     got: Ø¨Ù„ÛŒØ²
 ; [cca2=BZ].translations.per.official
Expected: Ã˜Â¨Ã™â€žÃ›Å’Ã˜Â²
     got: Ø¨Ù„ÛŒØ²
 ; [cca2=BZ].translations.rus.common
Expected: Ã�â€˜Ã�ÂµÃ�Â»Ã�Â¸Ã�Â·
     got: Ð‘ÐµÐ»Ð¸Ð·
 ; [cca2=BZ].translations.rus.official
Expected: Ã�â€˜Ã�ÂµÃ�Â»Ã�Â¸Ã�Â·
     got: Ð‘ÐµÐ»Ð¸Ð·
 ; [cca2=BZ].translations.srp.common
Expected: Ã�â€˜Ã�ÂµÃ�Â»Ã�Â¸Ã�Â·Ã�Âµ
     got: Ð‘ÐµÐ»Ð¸Ð·Ðµ
 ; [cca2=BZ].translations.srp.official
Expected: Ã�â€˜Ã�ÂµÃ�Â»Ã�Â¸Ã�Â·Ã�Âµ
     got: Ð‘ÐµÐ»Ð¸Ð·Ðµ
 ; [cca2=BZ].translations.urd.common
Expected: Ã˜Â¨Ã›Å’Ã™â€žÃ›Å’Ã˜Â²
     got: Ø¨ÛŒÙ„ÛŒØ²
 ; [cca2=BZ].translations.urd.official
Expected: Ã˜Â¨Ã›Å’Ã™â€žÃ›Å’Ã˜Â²
     got: Ø¨ÛŒÙ„ÛŒØ²
 ; [cca2=BZ].translations.zho.common
Expected: Ã¤Â¼Â¯Ã¥Ë†Â©Ã¥â€¦Â¹
     got: ä¼¯åˆ©å…¹
 ; [cca2=BZ].translations.zho.official
Expected: Ã¤Â¼Â¯Ã¥Ë†Â©Ã¥â€¦Â¹
     got: ä¼¯åˆ©å…¹
 ; [cca2=SK].altSpellings[]
Expected: SlovenskÃƒÂ¡ republika
     but none found
 ; [cca2=SK].altSpellings[]
Unexpected: SlovenskÃ¡ republika
 ; [cca2=SK].currencies.EUR.symbol
Expected: Ã¢â€šÂ¬
     got: â‚¬
 ; [cca2=SK].flag
Expected: Ã°Å¸â€¡Â¸Ã°Å¸â€¡Â°
     got: ðŸ‡¸ðŸ‡°
 ; [cca2=SK].name.nativeName.slk.official
Expected: SlovenskÃƒÂ¡ republika
     got: SlovenskÃ¡ republika
 ; [cca2=SK].translations.ara.common
Expected: Ã˜Â³Ã™â€žÃ™Ë†Ã™ï¿½Ã˜Â§Ã™Æ’Ã™Å Ã˜Â§
     got: Ø³Ù„ÙˆÙ�Ø§ÙƒÙŠØ§
 ; [cca2=SK].translations.ara.official
Expected: Ã˜Â¬Ã™â€¦Ã™â€¡Ã™Ë†Ã˜Â±Ã™Å Ã˜Â© Ã˜Â³Ã™â€žÃ™Ë†Ã™ï¿½Ã˜Â§Ã™Æ’Ã™Å Ã˜Â§
     got: Ø¬Ù…Ù‡ÙˆØ±ÙŠØ© Ø³Ù„ÙˆÙ�Ø§ÙƒÙŠØ§
 ; [cca2=SK].translations.ces.official
Expected: SlovenskÃƒÂ¡ republika
     got: SlovenskÃ¡ republika
 ; [cca2=SK].translations.fra.official
Expected: RÃƒÂ©publique slovaque
     got: RÃ©publique slovaque
 ; [cca2=SK].translations.hrv.common
Expected: SlovaÃ„ï¿½ka
     got: SlovaÄ�ka
 ; [cca2=SK].translations.hrv.official
Expected: slovaÃ„ï¿½ka
     got: slovaÄ�ka
 ; [cca2=SK].translations.hun.common
Expected: SzlovÃƒÂ¡kia
     got: SzlovÃ¡kia
 ; [cca2=SK].translations.hun.official
Expected: SzlovÃƒÂ¡k KÃƒÂ¶ztÃƒÂ¡rsasÃƒÂ¡g
     got: SzlovÃ¡k KÃ¶ztÃ¡rsasÃ¡g
 ; [cca2=SK].translations.jpn.common
Expected: Ã£â€šÂ¹Ã£Æ’Â­Ã£Æ’ï¿½Ã£â€šÂ­Ã£â€šÂ¢
     got: ã‚¹ãƒ­ãƒ�ã‚­ã‚¢
 ; [cca2=SK].translations.jpn.official
Expected: Ã£â€šÂ¹Ã£Æ’Â­Ã£Æ’ï¿½Ã£â€šÂ­Ã£â€šÂ¢Ã¥â€¦Â±Ã¥â€™Å’Ã¥â€ºÂ½
     got: ã‚¹ãƒ­ãƒ�ã‚­ã‚¢å…±å’Œå›½
 ; [cca2=SK].translations.kor.common
Expected: Ã¬Å Â¬Ã«Â¡Å“Ã«Â°â€�Ã­â€šÂ¤Ã¬â€¢â€ž
     got: ìŠ¬ë¡œë°”í‚¤ì•„
 ; [cca2=SK].translations.kor.official
Expected: Ã¬Å Â¬Ã«Â¡Å“Ã«Â°â€�Ã­â€šÂ¤Ã¬â€¢â€ž ÃªÂ³ÂµÃ­â„¢â€�ÃªÂµÂ­
     got: ìŠ¬ë¡œë°”í‚¤ì•„ ê³µí™”êµ­
 ; [cca2=SK].translations.per.common
Expected: Ã˜Â§Ã™ï¿½Ã˜Â³Ã™â€žÃ™ï¿½Ã™Ë†Ã˜Â§ÃšÂ©Ã›Å’
     got: Ø§Ù�Ø³Ù„Ù�ÙˆØ§Ú©ÛŒ
 ; [cca2=SK].translations.per.official
Expected: Ã˜Â¬Ã™â€¦Ã™â€¡Ã™Ë†Ã˜Â±Ã›Å’ Ã˜Â§Ã˜Â³Ã™â€žÃ™Ë†Ã˜Â§ÃšÂ©Ã›Å’
     got: Ø¬Ù…Ù‡ÙˆØ±ÛŒ Ø§Ø³Ù„ÙˆØ§Ú©ÛŒ
 ; [cca2=SK].translations.pol.common
Expected: SÃ…â€šowacja
     got: SÅ‚owacja
 ; [cca2=SK].translations.pol.official
Expected: Republika SÃ…â€šowacka
     got: Republika SÅ‚owacka
 ; [cca2=SK].translations.por.common
Expected: EslovÃƒÂ¡quia
     got: EslovÃ¡quia
 ; [cca2=SK].translations.por.official
Expected: RepÃƒÂºblica Eslovaca
     got: RepÃºblica Eslovaca
 ; [cca2=SK].translations.rus.common
Expected: Ã�Â¡Ã�Â»Ã�Â¾Ã�Â²Ã�Â°Ã�ÂºÃ�Â¸Ã‘ï¿½
     got: Ð¡Ð»Ð¾Ð²Ð°ÐºÐ¸Ñ�
 ; [cca2=SK].translations.rus.official
Expected: Ã�Â¡Ã�Â»Ã�Â¾Ã�Â²Ã�Â°Ã‘â€ Ã�ÂºÃ�Â°Ã‘ï¿½ Ã�Â Ã�ÂµÃ‘ï¿½Ã�Â¿Ã‘Æ’Ã�Â±Ã�Â»Ã�Â¸Ã�ÂºÃ�Â°
     got: Ð¡Ð»Ð¾Ð²Ð°Ñ†ÐºÐ°Ñ� Ð ÐµÑ�Ð¿ÑƒÐ±Ð»Ð¸ÐºÐ°
 ; [cca2=SK].translations.slk.official
Expected: SlovenskÃƒÂ¡ republika
     got: SlovenskÃ¡ republika
 ; [cca2=SK].translations.spa.common
Expected: RepÃƒÂºblica Eslovaca
     got: RepÃºblica Eslovaca
 ; [cca2=SK].translations.spa.official
Expected: RepÃƒÂºblica Eslovaca
     got: RepÃºblica Eslovaca
 ; [cca2=SK].translations.srp.common
Expected: Ã�Â¡Ã�Â»Ã�Â¾Ã�Â²Ã�Â°Ã‘â€¡Ã�ÂºÃ�Â°
     got: Ð¡Ð»Ð¾Ð²Ð°Ñ‡ÐºÐ°
 ; [cca2=SK].translations.srp.official
Expected: Ã�Â¡Ã�Â»Ã�Â¾Ã�Â²Ã�Â°Ã‘â€¡Ã�ÂºÃ�Â° Ã�Â Ã�ÂµÃ�Â¿Ã‘Æ’Ã�Â±Ã�Â»Ã�Â¸Ã�ÂºÃ�Â°
     got: Ð¡Ð»Ð¾Ð²Ð°Ñ‡ÐºÐ° Ð ÐµÐ¿ÑƒÐ±Ð»Ð¸ÐºÐ°
 ; [cca2=SK].translations.urd.common
Expected: Ã˜Â³Ã™â€žÃ™Ë†Ã™Ë†Ã˜Â§ÃšÂ©Ã›Å’Ã›ï¿½
     got: Ø³Ù„ÙˆÙˆØ§Ú©ÛŒÛ�
 ; [cca2=SK].translations.urd.official
Expected: Ã˜Â¬Ã™â€¦Ã›ï¿½Ã™Ë†Ã˜Â±Ã›Å’Ã›ï¿½ Ã˜Â³Ã™â€žÃ™Ë†Ã™Ë†Ã˜Â§ÃšÂ©Ã›Å’Ã›ï¿½
     got: Ø¬Ù…Û�ÙˆØ±ÛŒÛ� Ø³Ù„ÙˆÙˆØ§Ú©ÛŒÛ�
 ; [cca2=SK].translations.zho.common
Expected: Ã¦â€“Â¯Ã¦Â´â€ºÃ¤Â¼ï¿½Ã¥â€¦â€¹
     got: æ–¯æ´›ä¼�å…‹
 ; [cca2=SK].translations.zho.official
Expected: Ã¦â€“Â¯Ã¦Â´â€ºÃ¤Â¼ï¿½Ã¥â€¦â€¹Ã¥â€¦Â±Ã¥â€™Å’Ã¥â€ºÂ½
     got: æ–¯æ´›ä¼�å…‹å…±å’Œå›½
 ; [cca2=SL].flag
Expected: Ã°Å¸â€¡Â¸Ã°Å¸â€¡Â±
     got: ðŸ‡¸ðŸ‡±
 ; [cca2=SL].translations.ara.common
Expected: Ã˜Â³Ã™Å Ã˜Â±Ã˜Â§Ã™â€žÃ™Å Ã™Ë†Ã™â€ 
     got: Ø³ÙŠØ±Ø§Ù„ÙŠÙˆÙ†
 ; [cca2=SL].translations.ara.official
Expected: Ã˜Â¬Ã™â€¦Ã™â€¡Ã™Ë†Ã˜Â±Ã™Å Ã˜Â© Ã˜Â³Ã™Å Ã˜Â±Ã˜Â§Ã™â€žÃ™Å Ã™Ë†Ã™â€ 
     got: Ø¬Ù…Ù‡ÙˆØ±ÙŠØ© Ø³ÙŠØ±Ø§Ù„ÙŠÙˆÙ†
 ; [cca2=SL].translations.fra.official
Expected: RÃƒÂ©publique de Sierra Leone
     got: RÃ©publique de Sierra Leone
 ; [cca2=SL].translations.hun.official
Expected: Sierra Leone KÃƒÂ¶ztÃƒÂ¡rsasÃƒÂ¡g
     got: Sierra Leone KÃ¶ztÃ¡rsasÃ¡g
 ; [cca2=SL].translations.jpn.common
Expected: Ã£â€šÂ·Ã£â€šÂ¨Ã£Æ’Â©Ã£Æ’Â¬Ã£â€šÂªÃ£Æ’ï¿½
     got: ã‚·ã‚¨ãƒ©ãƒ¬ã‚ªãƒ�
 ; [cca2=SL].translations.jpn.official
Expected: Ã£â€šÂ·Ã£â€šÂ¨Ã£Æ’Â©Ã£Æ’Â¬Ã£â€šÂªÃ£Æ’ï¿½Ã¥â€¦Â±Ã¥â€™Å’Ã¥â€ºÂ½
     got: ã‚·ã‚¨ãƒ©ãƒ¬ã‚ªãƒ�å…±å’Œå›½
 ; [cca2=SL].translations.kor.common
Expected: Ã¬â€¹Å“Ã¬â€”ï¿½Ã«ï¿½Â¼Ã«Â¦Â¬Ã¬ËœÂ¨
     got: ì‹œì—�ë�¼ë¦¬ì˜¨
 ; [cca2=SL].translations.kor.official
Expected: Ã¬â€¹Å“Ã¬â€”ï¿½Ã«ï¿½Â¼Ã«Â¦Â¬Ã¬ËœÂ¨ ÃªÂ³ÂµÃ­â„¢â€�ÃªÂµÂ­
     got: ì‹œì—�ë�¼ë¦¬ì˜¨ ê³µí™”êµ­
 ; [cca2=SL].translations.per.common
Expected: Ã˜Â³Ã›Å’Ã˜Â±Ã˜Â§Ã™â€žÃ˜Â¦Ã™Ë†Ã™â€ 
     got: Ø³ÛŒØ±Ø§Ù„Ø¦ÙˆÙ†
 ; [cca2=SL].translations.per.official
Expected: Ã˜Â¬Ã™â€¦Ã™â€¡Ã™Ë†Ã˜Â±Ã›Å’ Ã˜Â³Ã›Å’Ã˜Â±Ã˜Â§Ã™â€žÃ˜Â¦Ã™Ë†Ã™â€ 
     got: Ø¬Ù…Ù‡ÙˆØ±ÛŒ Ø³ÛŒØ±Ø§Ù„Ø¦ÙˆÙ†
 ; [cca2=SL].translations.por.official
Expected: RepÃƒÂºblica da Serra Leoa
     got: RepÃºblica da Serra Leoa
 ; [cca2=SL].translations.rus.common
Expected: Ã�Â¡Ã‘Å’Ã�ÂµÃ‘â‚¬Ã‘â‚¬Ã�Â°-Ã�â€ºÃ�ÂµÃ�Â¾Ã�Â½Ã�Âµ
     got: Ð¡ÑŒÐµÑ€Ñ€Ð°-Ð›ÐµÐ¾Ð½Ðµ
 ; [cca2=SL].translations.rus.official
Expected: Ã�Â Ã�ÂµÃ‘ï¿½Ã�Â¿Ã‘Æ’Ã�Â±Ã�Â»Ã�Â¸Ã�ÂºÃ�Â° Ã�Â¡Ã‘Å’Ã�ÂµÃ‘â‚¬Ã‘â‚¬Ã�Â°-Ã�â€ºÃ�ÂµÃ�Â¾Ã�Â½Ã�Âµ
     got: Ð ÐµÑ�Ð¿ÑƒÐ±Ð»Ð¸ÐºÐ° Ð¡ÑŒÐµÑ€Ñ€Ð°-Ð›ÐµÐ¾Ð½Ðµ
 ; [cca2=SL].translations.slk.official
Expected: SierraleonskÃƒÂ¡ republika
     got: SierraleonskÃ¡ republika
 ; [cca2=SL].translations.spa.official
Expected: RepÃƒÂºblica de Sierra Leona
     got: RepÃºblica de Sierra Leona
 ; [cca2=SL].translations.srp.common
Expected: Ã�Â¡Ã�Â¸Ã‘ËœÃ�ÂµÃ‘â‚¬Ã�Â° Ã�â€ºÃ�ÂµÃ�Â¾Ã�Â½Ã�Âµ
     got: Ð¡Ð¸Ñ˜ÐµÑ€Ð° Ð›ÐµÐ¾Ð½Ðµ
 ; [cca2=SL].translations.srp.official
Expected: Ã�Â Ã�ÂµÃ�Â¿Ã‘Æ’Ã�Â±Ã�Â»Ã�Â¸Ã�ÂºÃ�Â° Ã�Â¡Ã�Â¸Ã‘ËœÃ�ÂµÃ‘â‚¬Ã�Â° Ã�â€ºÃ�ÂµÃ�Â¾Ã�Â½Ã�Âµ
     got: Ð ÐµÐ¿ÑƒÐ±Ð»Ð¸ÐºÐ° Ð¡Ð¸Ñ˜ÐµÑ€Ð° Ð›ÐµÐ¾Ð½Ðµ
 ; [cca2=SL].translations.urd.common
Expected: Ã˜Â³Ã›Å’Ã˜Â±Ã˜Â§Ã™â€žÃ›Å’Ã™Ë†Ã™â€ 
     got: Ø³ÛŒØ±Ø§Ù„ÛŒÙˆÙ†
 ; [cca2=SL].translations.urd.official
Expected: Ã˜Â¬Ã™â€¦Ã›ï¿½Ã™Ë†Ã˜Â±Ã›Å’Ã›ï¿½ Ã˜Â³Ã›Å’Ã˜Â±Ã˜Â§Ã™â€žÃ›Å’Ã™Ë†Ã™â€ 
     got: Ø¬Ù…Û�ÙˆØ±ÛŒÛ� Ø³ÛŒØ±Ø§Ù„ÛŒÙˆÙ†
 ; [cca2=SL].translations.zho.common
Expected: Ã¥Â¡Å¾Ã¦â€¹â€°Ã¥Ë†Â©Ã¦Ëœâ€š
     got: å¡žæ‹‰åˆ©æ˜‚
 ; [cca2=SL].translations.zho.official
Expected: Ã¥Â¡Å¾Ã¦â€¹â€°Ã¥Ë†Â©Ã¦Ëœâ€šÃ¥â€¦Â±Ã¥â€™Å’Ã¥â€ºÂ½
     got: å¡žæ‹‰åˆ©æ˜‚å…±å’Œå›½
 ; [cca2=SM].currencies.EUR.symbol
Expected: Ã¢â€šÂ¬
     got: â‚¬
 ; [cca2=SM].flag
Expected: Ã°Å¸â€¡Â¸Ã°Å¸â€¡Â²
     got: ðŸ‡¸ðŸ‡²
 ; [cca2=SM].translations.ara.common
Expected: Ã˜Â³Ã˜Â§Ã™â€  Ã™â€¦Ã˜Â§Ã˜Â±Ã™Å Ã™â€ Ã™Ë†
     got: Ø³Ø§Ù† Ù…Ø§Ø±ÙŠÙ†Ùˆ
 ; [cca2=SM].translations.ara.official
Expected: Ã˜Â¬Ã™â€¦Ã™â€¡Ã™Ë†Ã˜Â±Ã™Å Ã˜Â© Ã˜Â³Ã˜Â§Ã™â€  Ã™â€¦Ã˜Â§Ã˜Â±Ã™Å Ã™â€ Ã™Ë†
     got: Ø¬Ù…Ù‡ÙˆØ±ÙŠØ© Ø³Ø§Ù† Ù…Ø§Ø±ÙŠÙ†Ùˆ
 ; [cca2=SM].translations.fra.official
Expected: RÃƒÂ©publique de Saint-Marin
     got: RÃ©publique de Saint-Marin
 ; [cca2=SM].translations.hrv.official
Expected: VeÃ„â€¡ina Serene Republika San Marino
     got: VeÄ‡ina Serene Republika San Marino
 ; [cca2=SM].translations.hun.official
Expected: San Marino KÃƒÂ¶ztÃƒÂ¡rsasÃƒÂ¡g
     got: San Marino KÃ¶ztÃ¡rsasÃ¡g
 ; [cca2=SM].translations.jpn.common
Expected: Ã£â€šÂµÃ£Æ’Â³Ã£Æ’Å¾Ã£Æ’ÂªÃ£Æ’Å½
     got: ã‚µãƒ³ãƒžãƒªãƒŽ
 ; [cca2=SM].translations.jpn.official
Expected: Ã£â€šÂµÃ£Æ’Â³Ã£Æ’Å¾Ã£Æ’ÂªÃ£Æ’Å½Ã£ï¿½Â®Ã£ï¿½Â»Ã£ï¿½Â¨Ã£â€šâ€œÃ£ï¿½Â©Ã£â€šÂ»Ã£Æ’ÂªÃ£Æ’Â¼Ã£Æ’Å’Ã¥â€¦Â±Ã¥â€™Å’Ã¥â€ºÂ½
     got: ã‚µãƒ³ãƒžãƒªãƒŽã�®ã�»ã�¨ã‚“ã�©ã‚»ãƒªãƒ¼ãƒŒå…±å’Œå›½
 ; [cca2=SM].translations.kor.common
Expected: Ã¬â€šÂ°Ã«Â§Ë†Ã«Â¦Â¬Ã«â€¦Â¸
     got: ì‚°ë§ˆë¦¬ë…¸
 ; [cca2=SM].translations.kor.official
Expected: Ã¬â€šÂ°Ã«Â§Ë†Ã«Â¦Â¬Ã«â€¦Â¸ ÃªÂ³ÂµÃ­â„¢â€�ÃªÂµÂ­
     got: ì‚°ë§ˆë¦¬ë…¸ ê³µí™”êµ­
 ; [cca2=SM].translations.per.common
Expected: Ã˜Â³Ã˜Â§Ã™â€  Ã™â€¦Ã˜Â§Ã˜Â±Ã›Å’Ã™â€ Ã™Ë†
     got: Ø³Ø§Ù† Ù…Ø§Ø±ÛŒÙ†Ùˆ
 ; [cca2=SM].translations.per.official
Expected: Ã˜Â¬Ã™â€¦Ã™â€¡Ã™Ë†Ã˜Â±Ã›Å’ Ã˜Â³Ã˜Â§Ã™â€  Ã™â€¦Ã˜Â§Ã˜Â±Ã›Å’Ã™â€ Ã™Ë†
     got: Ø¬Ù…Ù‡ÙˆØ±ÛŒ Ø³Ø§Ù† Ù…Ø§Ø±ÛŒÙ†Ùˆ
 ; [cca2=SM].translations.por.official
Expected: SerenÃƒÂ­ssima RepÃƒÂºblica de San Marino
     got: SerenÃ­ssima RepÃºblica de San Marino
 ; [cca2=SM].translations.rus.common
Expected: Ã�Â¡Ã�Â°Ã�Â½-Ã�Å“Ã�Â°Ã‘â‚¬Ã�Â¸Ã�Â½Ã�Â¾
     got: Ð¡Ð°Ð½-ÐœÐ°Ñ€Ð¸Ð½Ð¾
 ; [cca2=SM].translations.rus.official
Expected: Ã�â€˜Ã�Â¾Ã�Â»Ã‘Å’Ã‘Ë†Ã�Â¸Ã�Â½Ã‘ï¿½Ã‘â€šÃ�Â²Ã�Â¾ Serene Ã�Â Ã�ÂµÃ‘ï¿½Ã�Â¿Ã‘Æ’Ã�Â±Ã�Â»Ã�Â¸Ã�ÂºÃ�Â° Ã�Â¡Ã�Â°Ã�Â½-Ã�Å“Ã�Â°Ã‘â‚¬Ã�Â¸Ã�Â½Ã�Â¾
     got: Ð‘Ð¾Ð»ÑŒÑˆÐ¸Ð½Ñ�Ñ‚Ð²Ð¾ Serene Ð ÐµÑ�Ð¿ÑƒÐ±Ð»Ð¸ÐºÐ° Ð¡Ð°Ð½-ÐœÐ°Ñ€Ð¸Ð½Ð¾
 ; [cca2=SM].translations.slk.common
Expected: San MarÃƒÂ­no
     got: San MarÃ­no
 ; [cca2=SM].translations.slk.official
Expected: SanmarÃƒÂ­nska republika
     got: SanmarÃ­nska republika
 ; [cca2=SM].translations.spa.official
Expected: SerenÃƒÂ­sima RepÃƒÂºblica de San Marino
     got: SerenÃ­sima RepÃºblica de San Marino
 ; [cca2=SM].translations.srp.common
Expected: Ã�Â¡Ã�Â°Ã�Â½ Ã�Å“Ã�Â°Ã‘â‚¬Ã�Â¸Ã�Â½Ã�Â¾
     got: Ð¡Ð°Ð½ ÐœÐ°Ñ€Ð¸Ð½Ð¾
 ; [cca2=SM].translations.srp.official
Expected: Ã�ï¿½Ã�Â°Ã‘ËœÃ‘Æ’Ã�Â·Ã�Â²Ã�Â¸Ã‘Ë†Ã�ÂµÃ�Â½Ã�Â¸Ã‘ËœÃ�Â° Ã�Â Ã�ÂµÃ�Â¿Ã‘Æ’Ã�Â±Ã�Â»Ã�Â¸Ã�ÂºÃ�Â° Ã�Â¡Ã�Â°Ã�Â½ Ã�Å“Ã�Â°Ã‘â‚¬Ã�Â¸Ã�Â½Ã�Â¾
     got: Ð�Ð°Ñ˜ÑƒÐ·Ð²Ð¸ÑˆÐµÐ½Ð¸Ñ˜Ð° Ð ÐµÐ¿ÑƒÐ±Ð»Ð¸ÐºÐ° Ð¡Ð°Ð½ ÐœÐ°Ñ€Ð¸Ð½Ð¾
 ; [cca2=SM].translations.urd.common
Expected: Ã˜Â³Ã˜Â§Ã™â€  Ã™â€¦Ã˜Â§Ã˜Â±Ã›Å’Ã™â€ Ã™Ë†
     got: Ø³Ø§Ù† Ù…Ø§Ø±ÛŒÙ†Ùˆ
 ; [cca2=SM].translations.urd.official
Expected: Ã˜Â¬Ã™â€¦Ã›ï¿½Ã™Ë†Ã˜Â±Ã›Å’Ã›ï¿½ Ã˜Â³Ã˜Â§Ã™â€  Ã™â€¦Ã˜Â§Ã˜Â±Ã›Å’Ã™â€ Ã™Ë†
     got: Ø¬Ù…Û�ÙˆØ±ÛŒÛ� Ø³Ø§Ù† Ù…Ø§Ø±ÛŒÙ†Ùˆ
 ; [cca2=SM].translations.zho.common
Expected: Ã¥Å“Â£Ã©Â©Â¬Ã¥Å â€ºÃ¨Â¯Âº
     got: åœ£é©¬åŠ›è¯º
 ; [cca2=SM].translations.zho.official
Expected: Ã¥Å“Â£Ã©Â©Â¬Ã¥Å â€ºÃ¨Â¯ÂºÃ¥â€¦Â±Ã¥â€™Å’Ã¥â€ºÂ½
     got: åœ£é©¬åŠ›è¯ºå…±å’Œå›½
 ; [cca2=SN].altSpellings[]
Expected: RÃƒÂ©publique du SÃƒÂ©nÃƒÂ©gal
     but none found
 ; [cca2=SN].altSpellings[]
Unexpected: RÃ©publique du SÃ©nÃ©gal
 ; [cca2=SN].demonyms.fra.f
Expected: SÃƒÂ©nÃƒÂ©galaise
     got: SÃ©nÃ©galaise
 ; [cca2=SN].demonyms.fra.m
Expected: SÃƒÂ©nÃƒÂ©galais
     got: SÃ©nÃ©galais
 ; [cca2=SN].flag
Expected: Ã°Å¸â€¡Â¸Ã°Å¸â€¡Â³
     got: ðŸ‡¸ðŸ‡³
 ; [cca2=SN].name.nativeName.fra.common
Expected: SÃƒÂ©nÃƒÂ©gal
     got: SÃ©nÃ©gal
 ; [cca2=SN].name.nativeName.fra.official
Expected: RÃƒÂ©publique du SÃƒÂ©nÃƒÂ©gal
     got: RÃ©publique du SÃ©nÃ©gal
 ; [cca2=SN].translations.ara.common
Expected: Ã˜Â§Ã™â€žÃ˜Â³Ã™â€ Ã˜ÂºÃ˜Â§Ã™â€ž
     got: Ø§Ù„Ø³Ù†ØºØ§Ù„
 ; [cca2=SN].translations.ara.official
Expected: Ã˜Â¬Ã™â€¦Ã™â€¡Ã™Ë†Ã˜Â±Ã™Å Ã˜Â© Ã˜Â§Ã™â€žÃ˜Â³Ã™â€ Ã˜ÂºÃ˜Â§Ã™â€ž
     got: Ø¬Ù…Ù‡ÙˆØ±ÙŠØ© Ø§Ù„Ø³Ù†ØºØ§Ù„
 ; [cca2=SN].translations.ces.official
Expected: SenegalskÃƒÂ¡ republika
     got: SenegalskÃ¡ republika
 ; [cca2=SN].translations.fra.common
Expected: SÃƒÂ©nÃƒÂ©gal
     got: SÃ©nÃ©gal
 ; [cca2=SN].translations.fra.official
Expected: RÃƒÂ©publique du SÃƒÂ©nÃƒÂ©gal
     got: RÃ©publique du SÃ©nÃ©gal
 ; [cca2=SN].translations.hun.common
Expected: SzenegÃƒÂ¡l
     got: SzenegÃ¡l
 ; [cca2=SN].translations.hun.official
Expected: SzenegÃƒÂ¡li KÃƒÂ¶ztÃƒÂ¡rsasÃƒÂ¡g
     got: SzenegÃ¡li KÃ¶ztÃ¡rsasÃ¡g
 ; [cca2=SN].translations.jpn.common
Expected: Ã£â€šÂ»Ã£Æ’ï¿½Ã£â€šÂ¬Ã£Æ’Â«
     got: ã‚»ãƒ�ã‚¬ãƒ«
 ; [cca2=SN].translations.jpn.official
Expected: Ã£â€šÂ»Ã£Æ’ï¿½Ã£â€šÂ¬Ã£Æ’Â«Ã¥â€¦Â±Ã¥â€™Å’Ã¥â€ºÂ½
     got: ã‚»ãƒ�ã‚¬ãƒ«å…±å’Œå›½
 ; [cca2=SN].translations.kor.common
Expected: Ã¬â€žÂ¸Ã«â€žÂ¤ÃªÂ°Ë†
     got: ì„¸ë„¤ê°ˆ
 ; [cca2=SN].translations.kor.official
Expected: Ã¬â€žÂ¸Ã«â€žÂ¤ÃªÂ°Ë† ÃªÂ³ÂµÃ­â„¢â€�ÃªÂµÂ­
     got: ì„¸ë„¤ê°ˆ ê³µí™”êµ­
 ; [cca2=SN].translations.per.common
Expected: Ã˜Â³Ã™â€ ÃšÂ¯Ã˜Â§Ã™â€ž
     got: Ø³Ù†Ú¯Ø§Ù„
 ; [cca2=SN].translations.per.official
Expected: Ã˜Â¬Ã™â€¦Ã™â€¡Ã™Ë†Ã˜Â±Ã›Å’ Ã˜Â³Ã™â€ ÃšÂ¯Ã˜Â§Ã™â€ž
     got: Ø¬Ù…Ù‡ÙˆØ±ÛŒ Ø³Ù†Ú¯Ø§Ù„
 ; [cca2=SN].translations.por.official
Expected: RepÃƒÂºblica do Senegal
     got: RepÃºblica do Senegal
 ; [cca2=SN].translations.rus.common
Expected: Ã�Â¡Ã�ÂµÃ�Â½Ã�ÂµÃ�Â³Ã�Â°Ã�Â»
     got: Ð¡ÐµÐ½ÐµÐ³Ð°Ð»
 ; [cca2=SN].translations.rus.official
Expected: Ã�Â Ã�ÂµÃ‘ï¿½Ã�Â¿Ã‘Æ’Ã�Â±Ã�Â»Ã�Â¸Ã�ÂºÃ�Â° Ã�Â¡Ã�ÂµÃ�Â½Ã�ÂµÃ�Â³Ã�Â°Ã�Â»
     got: Ð ÐµÑ�Ð¿ÑƒÐ±Ð»Ð¸ÐºÐ° Ð¡ÐµÐ½ÐµÐ³Ð°Ð»
 ; [cca2=SN].translations.slk.official
Expected: SenegalskÃƒÂ¡ republika
     got: SenegalskÃ¡ republika
 ; [cca2=SN].translations.spa.official
Expected: RepÃƒÂºblica de Senegal
     got: RepÃºblica de Senegal
 ; [cca2=SN].translations.srp.common
Expected: Ã�Â¡Ã�ÂµÃ�Â½Ã�ÂµÃ�Â³Ã�Â°Ã�Â»
     got: Ð¡ÐµÐ½ÐµÐ³Ð°Ð»
 ; [cca2=SN].translations.srp.official
Expected: Ã�Â Ã�ÂµÃ�Â¿Ã‘Æ’Ã�Â±Ã�Â»Ã�Â¸Ã�ÂºÃ�Â° Ã�Â¡Ã�ÂµÃ�Â½Ã�ÂµÃ�Â³Ã�Â°Ã�Â»
     got: Ð ÐµÐ¿ÑƒÐ±Ð»Ð¸ÐºÐ° Ð¡ÐµÐ½ÐµÐ³Ð°Ð»
 ; [cca2=SN].translations.urd.common
Expected: Ã˜Â³Ã›Å’Ã™â€ Ã›Å’ÃšÂ¯Ã˜Â§Ã™â€ž
     got: Ø³ÛŒÙ†ÛŒÚ¯Ø§Ù„
 ; [cca2=SN].translations.urd.official
Expected: Ã˜Â¬Ã™â€¦Ã›ï¿½Ã™Ë†Ã˜Â±Ã›Å’Ã›ï¿½ Ã˜Â³Ã›Å’Ã™â€ Ã›Å’ÃšÂ¯Ã˜Â§Ã™â€ž
     got: Ø¬Ù…Û�ÙˆØ±ÛŒÛ� Ø³ÛŒÙ†ÛŒÚ¯Ø§Ù„
 ; [cca2=SN].translations.zho.common
Expected: Ã¥Â¡Å¾Ã¥â€ â€¦Ã¥Å Â Ã¥Â°â€�
     got: å¡žå†…åŠ å°”
 ; [cca2=SN].translations.zho.official
Expected: Ã¥Â¡Å¾Ã¥â€ â€¦Ã¥Å Â Ã¥Â°â€�Ã¥â€¦Â±Ã¥â€™Å’Ã¥â€ºÂ½
     got: å¡žå†…åŠ å°”å…±å’Œå›½
 ; [cca2=SO].altSpellings[]
Expected: aÃ¡Â¹Â£-Ã¡Â¹Â¢Ã…Â«mÃ„ï¿½l
     but none found
 ; [cca2=SO].altSpellings[]
Expected: JumhÃ…Â«riyyat aÃ¡Â¹Â£-Ã¡Â¹Â¢Ã…Â«mÃ„ï¿½l al-FiderÃ„ï¿½liyya
     but none found
 ; [cca2=SO].altSpellings[]
Unexpected: aá¹£-á¹¢Å«mÄ�l
 ; [cca2=SO].altSpellings[]
Unexpected: JumhÅ«riyyat aá¹£-á¹¢Å«mÄ�l al-FiderÄ�liyya
 ; [cca2=SO].flag
Expected: Ã°Å¸â€¡Â¸Ã°Å¸â€¡Â´
     got: ðŸ‡¸ðŸ‡´
 ; [cca2=SO].name.nativeName.ara.common
Expected: Ã˜Â§Ã™â€žÃ˜ÂµÃ™Ë†Ã™â€¦Ã˜Â§Ã™â€žÃ¢â‚¬Å½Ã¢â‚¬Å½
     got: Ø§Ù„ØµÙˆÙ…Ø§Ù„â€Žâ€Ž
 ; [cca2=SO].name.nativeName.ara.official
Expected: Ã˜Â¬Ã™â€¦Ã™â€¡Ã™Ë†Ã˜Â±Ã™Å Ã˜Â© Ã˜Â§Ã™â€žÃ˜ÂµÃ™Ë†Ã™â€¦Ã˜Â§Ã™â€žÃ¢â‚¬Å½Ã¢â‚¬Å½
     got: Ø¬Ù…Ù‡ÙˆØ±ÙŠØ© Ø§Ù„ØµÙˆÙ…Ø§Ù„â€Žâ€Ž
 ; [cca2=SO].translations.ara.common
Expected: Ã˜Â§Ã™â€žÃ˜ÂµÃ™Ë†Ã™â€¦Ã˜Â§Ã™â€ž
     got: Ø§Ù„ØµÙˆÙ…Ø§Ù„
 ; [cca2=SO].translations.ara.official
Expected: Ã˜Â¬Ã™â€¦Ã™â€¡Ã™Ë†Ã˜Â±Ã™Å Ã˜Â© Ã˜Â§Ã™â€žÃ˜ÂµÃ™Ë†Ã™â€¦Ã˜Â§Ã™â€ž Ã˜Â§Ã™â€žÃ™ï¿½Ã™Å Ã˜Â¯Ã˜Â±Ã˜Â§Ã™â€žÃ™Å Ã˜Â©
     got: Ø¬Ù…Ù‡ÙˆØ±ÙŠØ© Ø§Ù„ØµÙˆÙ…Ø§Ù„ Ø§Ù„Ù�ÙŠØ¯Ø±Ø§Ù„ÙŠØ©
 ; [cca2=SO].translations.ces.common
Expected: SomÃƒÂ¡lsko
     got: SomÃ¡lsko
 ; [cca2=SO].translations.ces.official
Expected: SomÃƒÂ¡lskÃƒÂ¡ demokratickÃƒÂ¡ republika
     got: SomÃ¡lskÃ¡ demokratickÃ¡ republika
 ; [cca2=SO].translations.fra.official
Expected: RÃƒÂ©publique fÃƒÂ©dÃƒÂ©rale de Somalie
     got: RÃ©publique fÃ©dÃ©rale de Somalie
 ; [cca2=SO].translations.hun.common
Expected: SzomÃƒÂ¡lia
     got: SzomÃ¡lia
 ; [cca2=SO].translations.hun.official
Expected: SzomÃƒÂ¡li SzÃƒÂ¶vetsÃƒÂ©gi KÃƒÂ¶ztÃƒÂ¡rsasÃƒÂ¡g
     got: SzomÃ¡li SzÃ¶vetsÃ©gi KÃ¶ztÃ¡rsasÃ¡g
 ; [cca2=SO].translations.jpn.common
Expected: Ã£â€šÂ½Ã£Æ’Å¾Ã£Æ’ÂªÃ£â€šÂ¢
     got: ã‚½ãƒžãƒªã‚¢
 ; [cca2=SO].translations.jpn.official
Expected: Ã£â€šÂ½Ã£Æ’Å¾Ã£Æ’ÂªÃ£â€šÂ¢Ã©â‚¬Â£Ã©â€šÂ¦Ã¥â€¦Â±Ã¥â€™Å’Ã¥â€ºÂ½
     got: ã‚½ãƒžãƒªã‚¢é€£é‚¦å…±å’Œå›½
 ; [cca2=SO].translations.kor.common
Expected: Ã¬â€ Å’Ã«Â§ï¿½Ã«Â¦Â¬Ã¬â€¢â€ž
     got: ì†Œë§�ë¦¬ì•„
 ; [cca2=SO].translations.kor.official
Expected:  Ã¬â€ Å’Ã«Â§ï¿½Ã«Â¦Â¬Ã¬â€¢â€ž Ã¬â€”Â°Ã«Â°Â© ÃªÂ³ÂµÃ­â„¢â€�ÃªÂµÂ­
     got:  ì†Œë§�ë¦¬ì•„ ì—°ë°© ê³µí™”êµ­
 ; [cca2=SO].translations.nld.common
Expected: SomaliÃƒÂ«
     got: SomaliÃ«
 ; [cca2=SO].translations.nld.official
Expected: Federale Republiek SomaliÃƒÂ«
     got: Federale Republiek SomaliÃ«
 ; [cca2=SO].translations.per.common
Expected: Ã˜Â³Ã™Ë†Ã™â€¦Ã˜Â§Ã™â€žÃ›Å’
     got: Ø³ÙˆÙ…Ø§Ù„ÛŒ
 ; [cca2=SO].translations.per.official
Expected: Ã˜Â¬Ã™â€¦Ã™â€¡Ã™Ë†Ã˜Â±Ã›Å’ Ã™ï¿½Ã˜Â¯Ã˜Â±Ã˜Â§Ã™â€ž Ã˜Â³Ã™Ë†Ã™â€¦Ã˜Â§Ã™â€žÃ›Å’
     got: Ø¬Ù…Ù‡ÙˆØ±ÛŒ Ù�Ø¯Ø±Ø§Ù„ Ø³ÙˆÙ…Ø§Ù„ÛŒ
 ; [cca2=SO].translations.por.common
Expected: SomÃƒÂ¡lia
     got: SomÃ¡lia
 ; [cca2=SO].translations.por.official
Expected: RepÃƒÂºblica Federal da SomÃƒÂ¡lia
     got: RepÃºblica Federal da SomÃ¡lia
 ; [cca2=SO].translations.rus.common
Expected: Ã�Â¡Ã�Â¾Ã�Â¼Ã�Â°Ã�Â»Ã�Â¸
     got: Ð¡Ð¾Ð¼Ð°Ð»Ð¸
 ; [cca2=SO].translations.rus.official
Expected: Ã�Â¤Ã�ÂµÃ�Â´Ã�ÂµÃ‘â‚¬Ã�Â°Ã‘â€šÃ�Â¸Ã�Â²Ã�Â½Ã�Â°Ã‘ï¿½ Ã�Â Ã�ÂµÃ‘ï¿½Ã�Â¿Ã‘Æ’Ã�Â±Ã�Â»Ã�Â¸Ã�ÂºÃ�Â° Ã�Â¡Ã�Â¾Ã�Â¼Ã�Â°Ã�Â»Ã�Â¸
     got: Ð¤ÐµÐ´ÐµÑ€Ð°Ñ‚Ð¸Ð²Ð½Ð°Ñ� Ð ÐµÑ�Ð¿ÑƒÐ±Ð»Ð¸ÐºÐ° Ð¡Ð¾Ð¼Ð°Ð»Ð¸
 ; [cca2=SO].translations.slk.common
Expected: SomÃƒÂ¡lsko
     got: SomÃ¡lsko
 ; [cca2=SO].translations.slk.official
Expected: SomÃƒÂ¡lska federatÃƒÂ­vna republika
     got: SomÃ¡lska federatÃ­vna republika
 ; [cca2=SO].translations.spa.official
Expected: RepÃƒÂºblica Federal de Somalia
     got: RepÃºblica Federal de Somalia
 ; [cca2=SO].translations.srp.common
Expected: Ã�Â¡Ã�Â¾Ã�Â¼Ã�Â°Ã�Â»Ã�Â¸Ã‘ËœÃ�Â°
     got: Ð¡Ð¾Ð¼Ð°Ð»Ð¸Ñ˜Ð°
 ; [cca2=SO].translations.srp.official
Expected: Ã�Â¡Ã�Â°Ã�Â²Ã�ÂµÃ�Â·Ã�Â½Ã�Â° Ã�Â Ã�ÂµÃ�Â¿Ã‘Æ’Ã�Â±Ã�Â»Ã�Â¸Ã�ÂºÃ�Â° Ã�Â¡Ã�Â¾Ã�Â¼Ã�Â°Ã�Â»Ã�Â¸Ã‘ËœÃ�Â°
     got: Ð¡Ð°Ð²ÐµÐ·Ð½Ð° Ð ÐµÐ¿ÑƒÐ±Ð»Ð¸ÐºÐ° Ð¡Ð¾Ð¼Ð°Ð»Ð¸Ñ˜Ð°
 ; [cca2=SO].translations.swe.official
Expected: FÃƒÂ¶rbundsrepubliken Somalia
     got: FÃ¶rbundsrepubliken Somalia
 ; [cca2=SO].translations.urd.common
Expected: Ã˜ÂµÃ™Ë†Ã™â€¦Ã˜Â§Ã™â€žÃ›Å’Ã›ï¿½
     got: ØµÙˆÙ…Ø§Ù„ÛŒÛ�
 ; [cca2=SO].translations.urd.official
Expected: Ã™Ë†Ã™ï¿½Ã˜Â§Ã™â€šÃ›Å’ Ã˜Â¬Ã™â€¦Ã›ï¿½Ã™Ë†Ã˜Â±Ã›Å’Ã›ï¿½ Ã˜ÂµÃ™Ë†Ã™â€¦Ã˜Â§Ã™â€žÃ›Å’Ã›ï¿½
     got: ÙˆÙ�Ø§Ù‚ÛŒ Ø¬Ù…Û�ÙˆØ±ÛŒÛ� ØµÙˆÙ…Ø§Ù„ÛŒÛ�
 ; [cca2=SO].translations.zho.common
Expected: Ã§Â´Â¢Ã©Â©Â¬Ã©â€¡Å’
     got: ç´¢é©¬é‡Œ
 ; [cca2=SO].translations.zho.official
Expected: Ã§Â´Â¢Ã©Â©Â¬Ã©â€¡Å’Ã¥â€¦Â±Ã¥â€™Å’Ã¥â€ºÂ½
     got: ç´¢é©¬é‡Œå…±å’Œå›½
 ; [cca2=CA].flag
Expected: Ã°Å¸â€¡Â¨Ã°Å¸â€¡Â¦
     got: ðŸ‡¨ðŸ‡¦
 ; [cca2=CA].translations.ara.common
Expected: Ã™Æ’Ã™â€ Ã˜Â¯Ã˜Â§
     got: ÙƒÙ†Ø¯Ø§
 ; [cca2=CA].translations.ara.official
Expected: Ã™Æ’Ã™â€ Ã˜Â¯Ã˜Â§
     got: ÙƒÙ†Ø¯Ø§
 ; [cca2=CA].translations.jpn.common
Expected: Ã£â€šÂ«Ã£Æ’Å Ã£Æ’â‚¬
     got: ã‚«ãƒŠãƒ€
 ; [cca2=CA].translations.jpn.official
Expected: Ã£â€šÂ«Ã£Æ’Å Ã£Æ’â‚¬
     got: ã‚«ãƒŠãƒ€
 ; [cca2=CA].translations.kor.common
Expected: Ã¬Âºï¿½Ã«â€šËœÃ«â€¹Â¤
     got: ìº�ë‚˜ë‹¤
 ; [cca2=CA].translations.kor.official
Expected: Ã¬Âºï¿½Ã«â€šËœÃ«â€¹Â¤
     got: ìº�ë‚˜ë‹¤
 ; [cca2=CA].translations.per.common
Expected: ÃšÂ©Ã˜Â§Ã™â€ Ã˜Â§Ã˜Â¯Ã˜Â§
     got: Ú©Ø§Ù†Ø§Ø¯Ø§
 ; [cca2=CA].translations.per.official
Expected: ÃšÂ©Ã˜Â§Ã™â€ Ã˜Â§Ã˜Â¯Ã˜Â§
     got: Ú©Ø§Ù†Ø§Ø¯Ø§
 ; [cca2=CA].translations.por.common
Expected: CanadÃƒÂ¡
     got: CanadÃ¡
 ; [cca2=CA].translations.por.official
Expected: CanadÃƒÂ¡
     got: CanadÃ¡
 ; [cca2=CA].translations.rus.common
Expected: Ã�Å¡Ã�Â°Ã�Â½Ã�Â°Ã�Â´Ã�Â°
     got: ÐšÐ°Ð½Ð°Ð´Ð°
 ; [cca2=CA].translations.rus.official
Expected: Ã�Å¡Ã�Â°Ã�Â½Ã�Â°Ã�Â´Ã�Â°
     got: ÐšÐ°Ð½Ð°Ð´Ð°
 ; [cca2=CA].translations.spa.common
Expected: CanadÃƒÂ¡
     got: CanadÃ¡
 ; [cca2=CA].translations.spa.official
Expected: CanadÃƒÂ¡
     got: CanadÃ¡
 ; [cca2=CA].translations.srp.common
Expected: Ã�Å¡Ã�Â°Ã�Â½Ã�Â°Ã�Â´Ã�Â°
     got: ÐšÐ°Ð½Ð°Ð´Ð°
 ; [cca2=CA].translations.srp.official
Expected: Ã�Å¡Ã�Â°Ã�Â½Ã�Â°Ã�Â´Ã�Â°
     got: ÐšÐ°Ð½Ð°Ð´Ð°
 ; [cca2=CA].translations.urd.common
Expected: ÃšÂ©Ã›Å’Ã™â€ Ã›Å’ÃšË†Ã˜Â§
     got: Ú©ÛŒÙ†ÛŒÚˆØ§
 ; [cca2=CA].translations.urd.official
Expected: ÃšÂ©Ã›Å’Ã™â€ Ã›Å’ÃšË†Ã˜Â§
     got: Ú©ÛŒÙ†ÛŒÚˆØ§
 ; [cca2=CA].translations.zho.common
Expected: Ã¥Å Â Ã¦â€¹Â¿Ã¥Â¤Â§
     got: åŠ æ‹¿å¤§
 ; [cca2=CA].translations.zho.official
Expected: Ã¥Å Â Ã¦â€¹Â¿Ã¥Â¤Â§
     got: åŠ æ‹¿å¤§
 ; [cca2=SR].flag
Expected: Ã°Å¸â€¡Â¸Ã°Å¸â€¡Â·
     got: ðŸ‡¸ðŸ‡·
 ; [cca2=SR].translations.ara.common
Expected: Ã˜Â³Ã™Ë†Ã˜Â±Ã™Å Ã™â€ Ã˜Â§Ã™â€¦
     got: Ø³ÙˆØ±ÙŠÙ†Ø§Ù…
 ; [cca2=SR].translations.ara.official
Expected: Ã˜Â¬Ã™â€¦Ã™â€¡Ã™Ë†Ã˜Â±Ã™Å Ã˜Â© Ã˜Â³Ã™Ë†Ã˜Â±Ã™Å Ã™â€ Ã˜Â§Ã™â€¦
     got: Ø¬Ù…Ù‡ÙˆØ±ÙŠØ© Ø³ÙˆØ±ÙŠÙ†Ø§Ù…
 ; [cca2=SR].translations.fra.official
Expected: RÃƒÂ©publique du Suriname
     got: RÃ©publique du Suriname
 ; [cca2=SR].translations.hun.official
Expected: Suriname KÃƒÂ¶ztÃƒÂ¡rsasÃƒÂ¡g
     got: Suriname KÃ¶ztÃ¡rsasÃ¡g
 ; [cca2=SR].translations.jpn.common
Expected: Ã£â€šÂ¹Ã£Æ’ÂªÃ£Æ’Å Ã£Æ’Â 
     got: ã‚¹ãƒªãƒŠãƒ 
 ; [cca2=SR].translations.jpn.official
Expected: Ã£â€šÂ¹Ã£Æ’ÂªÃ£Æ’Å Ã£Æ’Â Ã¥â€¦Â±Ã¥â€™Å’Ã¥â€ºÂ½
     got: ã‚¹ãƒªãƒŠãƒ å…±å’Œå›½
 ; [cca2=SR].translations.kor.common
Expected: Ã¬Ë†ËœÃ«Â¦Â¬Ã«â€šÂ¨
     got: ìˆ˜ë¦¬ë‚¨
 ; [cca2=SR].translations.kor.official
Expected: Ã¬Ë†ËœÃ«Â¦Â¬Ã«â€šÂ¨ ÃªÂ³ÂµÃ­â„¢â€�ÃªÂµÂ­
     got: ìˆ˜ë¦¬ë‚¨ ê³µí™”êµ­
 ; [cca2=SR].translations.per.common
Expected: Ã˜Â³Ã™Ë†Ã˜Â±Ã›Å’Ã™â€ Ã˜Â§Ã™â€¦
     got: Ø³ÙˆØ±ÛŒÙ†Ø§Ù…
 ; [cca2=SR].translations.per.official
Expected: Ã˜Â¬Ã™â€¦Ã™â€¡Ã™Ë†Ã˜Â±Ã›Å’ Ã˜Â³Ã™Ë†Ã˜Â±Ã›Å’Ã™â€ Ã˜Â§Ã™â€¦
     got: Ø¬Ù…Ù‡ÙˆØ±ÛŒ Ø³ÙˆØ±ÛŒÙ†Ø§Ù…
 ; [cca2=SR].translations.por.official
Expected: RepÃƒÂºblica do Suriname
     got: RepÃºblica do Suriname
 ; [cca2=SR].translations.rus.common
Expected: Ã�Â¡Ã‘Æ’Ã‘â‚¬Ã�Â¸Ã�Â½Ã�Â°Ã�Â¼
     got: Ð¡ÑƒÑ€Ð¸Ð½Ð°Ð¼
 ; [cca2=SR].translations.rus.official
Expected: Ã�Â Ã�ÂµÃ‘ï¿½Ã�Â¿Ã‘Æ’Ã�Â±Ã�Â»Ã�Â¸Ã�ÂºÃ�Â° Ã�Â¡Ã‘Æ’Ã‘â‚¬Ã�Â¸Ã�Â½Ã�Â°Ã�Â¼
     got: Ð ÐµÑ�Ð¿ÑƒÐ±Ð»Ð¸ÐºÐ° Ð¡ÑƒÑ€Ð¸Ð½Ð°Ð¼
 ; [cca2=SR].translations.slk.official
Expected: SurinamskÃƒÂ¡ republika
     got: SurinamskÃ¡ republika
 ; [cca2=SR].translations.spa.official
Expected: RepÃƒÂºblica de Suriname
     got: RepÃºblica de Suriname
 ; [cca2=SR].translations.srp.common
Expected: Ã�Â¡Ã‘Æ’Ã‘â‚¬Ã�Â¸Ã�Â½Ã�Â°Ã�Â¼
     got: Ð¡ÑƒÑ€Ð¸Ð½Ð°Ð¼
 ; [cca2=SR].translations.srp.official
Expected: Ã�Â Ã�ÂµÃ�Â¿Ã‘Æ’Ã�Â±Ã�Â»Ã�Â¸Ã�ÂºÃ�Â° Ã�Â¡Ã‘Æ’Ã‘â‚¬Ã�Â¸Ã�Â½Ã�Â°Ã�Â¼
     got: Ð ÐµÐ¿ÑƒÐ±Ð»Ð¸ÐºÐ° Ð¡ÑƒÑ€Ð¸Ð½Ð°Ð¼
 ; [cca2=SR].translations.urd.common
Expected: Ã˜Â³Ã˜Â±Ã›Å’Ã™â€ Ã˜Â§Ã™â€¦
     got: Ø³Ø±ÛŒÙ†Ø§Ù…
 ; [cca2=SR].translations.urd.official
Expected: Ã˜Â¬Ã™â€¦Ã›ï¿½Ã™Ë†Ã˜Â±Ã›Å’Ã›ï¿½ Ã˜Â³Ã˜Â±Ã›Å’Ã™â€ Ã˜Â§Ã™â€¦
     got: Ø¬Ù…Û�ÙˆØ±ÛŒÛ� Ø³Ø±ÛŒÙ†Ø§Ù…
 ; [cca2=SR].translations.zho.common
Expected: Ã¨â€¹ï¿½Ã©â€¡Å’Ã¥ï¿½â€”
     got: è‹�é‡Œå�—
 ; [cca2=SR].translations.zho.official
Expected: Ã¨â€¹ï¿½Ã©â€¡Å’Ã¥ï¿½â€”Ã¥â€¦Â±Ã¥â€™Å’Ã¥â€ºÂ½
     got: è‹�é‡Œå�—å…±å’Œå›½
 ; [cca2=CC].flag
Expected: Ã°Å¸â€¡Â¨Ã°Å¸â€¡Â¨
     got: ðŸ‡¨ðŸ‡¨
 ; [cca2=CC].translations.ara.common
Expected: Ã˜Â¬Ã˜Â²Ã˜Â± Ã™Æ’Ã™Ë†Ã™Æ’Ã™Ë†Ã˜Â³
     got: Ø¬Ø²Ø± ÙƒÙˆÙƒÙˆØ³
 ; [cca2=CC].translations.ara.official
Expected: Ã˜Â¥Ã™â€šÃ™â€žÃ™Å Ã™â€¦ Ã˜Â¬Ã˜Â²Ã˜Â± Ã™Æ’Ã™Ë†Ã™Æ’Ã™Ë†Ã˜Â³
     got: Ø¥Ù‚Ù„ÙŠÙ… Ø¬Ø²Ø± ÙƒÙˆÙƒÙˆØ³
 ; [cca2=CC].translations.ces.common
Expected: KokosovÃƒÂ© ostrovy
     got: KokosovÃ© ostrovy
 ; [cca2=CC].translations.ces.official
Expected: KokosovÃƒÂ© ostrovy
     got: KokosovÃ© ostrovy
 ; [cca2=CC].translations.fra.common
Expected: ÃƒÅ½les Cocos
     got: ÃŽles Cocos
 ; [cca2=CC].translations.fra.official
Expected: Territoire des ÃƒÂ®les Cocos (Keeling)
     got: Territoire des Ã®les Cocos (Keeling)
 ; [cca2=CC].translations.hun.common
Expected: KÃƒÂ³kusz-szigetek
     got: KÃ³kusz-szigetek
 ; [cca2=CC].translations.hun.official
Expected: KÃƒÂ³kusz-szigetek
     got: KÃ³kusz-szigetek
 ; [cca2=CC].translations.jpn.common
Expected: Ã£â€šÂ³Ã£â€šÂ³Ã£â€šÂ¹Ã¯Â¼Ë†Ã£â€šÂ­Ã£Æ’Â¼Ã£Æ’ÂªÃ£Æ’Â³Ã£â€šÂ°Ã¯Â¼â€°Ã¨Â«Â¸Ã¥Â³Â¶
     got: ã‚³ã‚³ã‚¹ï¼ˆã‚­ãƒ¼ãƒªãƒ³ã‚°ï¼‰è«¸å³¶
 ; [cca2=CC].translations.jpn.official
Expected: Ã£â€šÂ³Ã£â€šÂ³Ã£â€šÂ¹Ã¨Â«Â¸Ã¥Â³Â¶Ã£ï¿½Â®Ã©Â ËœÃ¥Å“Å¸
     got: ã‚³ã‚³ã‚¹è«¸å³¶ã�®é ˜åœŸ
 ; [cca2=CC].translations.kor.common
Expected: Ã¬Â½â€�Ã¬Â½â€�Ã¬Å Â¤ Ã¬Â Å“Ã«ï¿½â€ž
     got: ì½”ì½”ìŠ¤ ì œë�„
 ; [cca2=CC].translations.kor.official
Expected: Ã¬Â½â€�Ã¬Â½â€�Ã¬Å Â¤ Ã¬Â Å“Ã«ï¿½â€ž
     got: ì½”ì½”ìŠ¤ ì œë�„
 ; [cca2=CC].translations.per.common
Expected: Ã˜Â¬Ã˜Â²Ã˜Â§Ã›Å’Ã˜Â± ÃšÂ©Ã™Ë†ÃšÂ©Ã™Ë†Ã˜Â³
     got: Ø¬Ø²Ø§ÛŒØ± Ú©ÙˆÚ©ÙˆØ³
 ; [cca2=CC].translations.per.official
Expected: Ã˜Â¬Ã˜Â²Ã˜Â§Ã›Å’Ã˜Â± ÃšÂ©Ã™Ë†ÃšÂ©Ã™Ë†Ã˜Â³
     got: Ø¬Ø²Ø§ÛŒØ± Ú©ÙˆÚ©ÙˆØ³
 ; [cca2=CC].translations.por.official
Expected: TerritÃƒÂ³rio dos Cocos (Keeling)
     got: TerritÃ³rio dos Cocos (Keeling)
 ; [cca2=CC].translations.rus.common
Expected: Ã�Å¡Ã�Â¾Ã�ÂºÃ�Â¾Ã‘ï¿½Ã�Â¾Ã�Â²Ã‘â€¹Ã�Âµ Ã�Â¾Ã‘ï¿½Ã‘â€šÃ‘â‚¬Ã�Â¾Ã�Â²Ã�Â°
     got: ÐšÐ¾ÐºÐ¾Ñ�Ð¾Ð²Ñ‹Ðµ Ð¾Ñ�Ñ‚Ñ€Ð¾Ð²Ð°
 ; [cca2=CC].translations.rus.official
Expected: Ã�Â¢Ã�ÂµÃ‘â‚¬Ã‘â‚¬Ã�Â¸Ã‘â€šÃ�Â¾Ã‘â‚¬Ã�Â¸Ã‘ï¿½ Ã�Å¡Ã�Â¾Ã�ÂºÃ�Â¾Ã‘ï¿½Ã�Â¾Ã�Â²Ã‘â€¹Ã�Âµ (Ã�Å¡Ã�Â¸Ã�Â»Ã�Â¸Ã�Â½Ã�Â³) Ã�Â¾Ã‘ï¿½Ã‘â€šÃ‘â‚¬Ã�Â¾Ã�Â²Ã�Â°
     got: Ð¢ÐµÑ€Ñ€Ð¸Ñ‚Ð¾Ñ€Ð¸Ñ� ÐšÐ¾ÐºÐ¾Ñ�Ð¾Ð²Ñ‹Ðµ (ÐšÐ¸Ð»Ð¸Ð½Ð³) Ð¾Ñ�Ñ‚Ñ€Ð¾Ð²Ð°
 ; [cca2=CC].translations.slk.common
Expected: KokosovÃƒÂ© ostrovy
     got: KokosovÃ© ostrovy
 ; [cca2=CC].translations.slk.official
Expected: KokosovÃƒÂ© ostrovy
     got: KokosovÃ© ostrovy
 ; [cca2=CC].translations.srp.common
Expected: Ã�Å¡Ã�Â¾Ã�ÂºÃ�Â¾Ã‘ï¿½Ã�Â¾Ã�Â²Ã�Â° Ã�Å¾Ã‘ï¿½Ã‘â€šÃ‘â‚¬Ã�Â²Ã�Â°
     got: ÐšÐ¾ÐºÐ¾Ñ�Ð¾Ð²Ð° ÐžÑ�Ñ‚Ñ€Ð²Ð°
 ; [cca2=CC].translations.srp.official
Expected: Ã�Å¡Ã�Â¾Ã�ÂºÃ�Â¾Ã‘ï¿½Ã�Â¾Ã�Â²Ã�Â° (Ã�Å¡Ã�Â¸Ã�Â»Ã�Â¸Ã�Â½Ã�Â³) Ã�Å¾Ã‘ï¿½Ã‘â€šÃ‘â‚¬Ã�Â²Ã�Â°
     got: ÐšÐ¾ÐºÐ¾Ñ�Ð¾Ð²Ð° (ÐšÐ¸Ð»Ð¸Ð½Ð³) ÐžÑ�Ñ‚Ñ€Ð²Ð°
 ; [cca2=CC].translations.swe.common
Expected: KokosÃƒÂ¶arna
     got: KokosÃ¶arna
 ; [cca2=CC].translations.swe.official
Expected: KokosÃƒÂ¶arna
     got: KokosÃ¶arna
 ; [cca2=CC].translations.tur.common
Expected: Cocos (Keeling) AdalarÃ„Â±
     got: Cocos (Keeling) AdalarÄ±
 ; [cca2=CC].translations.tur.official
Expected: Cocos (Keeling) AdalarÃ„Â±
     got: Cocos (Keeling) AdalarÄ±
 ; [cca2=CC].translations.urd.common
Expected: Ã˜Â¬Ã˜Â²Ã˜Â§Ã˜Â¦Ã˜Â± ÃšÂ©Ã™Ë†ÃšÂ©Ã™Ë†Ã˜Â³
     got: Ø¬Ø²Ø§Ø¦Ø± Ú©ÙˆÚ©ÙˆØ³
 ; [cca2=CC].translations.urd.official
Expected: Ã˜Â¬Ã˜Â²Ã˜Â§Ã˜Â¦Ã˜Â± (ÃšÂ©Ã›Å’Ã™â€žÃ™â€ ÃšÂ¯) ÃšÂ©Ã™Ë†ÃšÂ©Ã™Ë†Ã˜Â³
     got: Ø¬Ø²Ø§Ø¦Ø± (Ú©ÛŒÙ„Ù†Ú¯) Ú©ÙˆÚ©ÙˆØ³
 ; [cca2=CC].translations.zho.common
Expected: Ã§Â§â€˜Ã§Â§â€˜Ã¦â€“Â¯
     got: ç§‘ç§‘æ–¯
 ; [cca2=CC].translations.zho.official
Expected: Ã§Â§â€˜Ã§Â§â€˜Ã¦â€“Â¯
     got: ç§‘ç§‘æ–¯
 ; [cca2=SS].currencies.SSP.symbol
Expected: Ã‚Â£
     got: Â£
 ; [cca2=SS].flag
Expected: Ã°Å¸â€¡Â¸Ã°Å¸â€¡Â¸
     got: ðŸ‡¸ðŸ‡¸
 ; [cca2=SS].translations.ara.common
Expected: Ã˜Â¬Ã™â€ Ã™Ë†Ã˜Â¨ Ã˜Â§Ã™â€žÃ˜Â³Ã™Ë†Ã˜Â¯Ã˜Â§Ã™â€ 
     got: Ø¬Ù†ÙˆØ¨ Ø§Ù„Ø³ÙˆØ¯Ø§Ù†
 ; [cca2=SS].translations.ara.official
Expected: Ã˜Â¬Ã™â€¦Ã™â€¡Ã™Ë†Ã˜Â±Ã™Å Ã˜Â© Ã˜Â¬Ã™â€ Ã™Ë†Ã˜Â¨ Ã˜Â§Ã™â€žÃ˜Â³Ã™Ë†Ã˜Â¯Ã˜Â§Ã™â€ 
     got: Ø¬Ù…Ù‡ÙˆØ±ÙŠØ© Ø¬Ù†ÙˆØ¨ Ø§Ù„Ø³ÙˆØ¯Ø§Ù†
 ; [cca2=SS].translations.ces.common
Expected: JiÃ…Â¾nÃƒÂ­ SÃƒÂºdÃƒÂ¡n
     got: JiÅ¾nÃ­ SÃºdÃ¡n
 ; [cca2=SS].translations.ces.official
Expected: JihosÃƒÂºdÃƒÂ¡nskÃƒÂ¡ republika
     got: JihosÃºdÃ¡nskÃ¡ republika
 ; [cca2=SS].translations.deu.common
Expected: SÃƒÂ¼dsudan
     got: SÃ¼dsudan
 ; [cca2=SS].translations.deu.official
Expected: Republik SÃƒÂ¼dsudan
     got: Republik SÃ¼dsudan
 ; [cca2=SS].translations.est.common
Expected: LÃƒÂµuna-Sudaan
     got: LÃµuna-Sudaan
 ; [cca2=SS].translations.est.official
Expected: LÃƒÂµuna-Sudaani Vabariik
     got: LÃµuna-Sudaani Vabariik
 ; [cca2=SS].translations.fin.common
Expected: EtelÃƒÂ¤-Sudan
     got: EtelÃ¤-Sudan
 ; [cca2=SS].translations.fin.official
Expected: EtelÃƒÂ¤-Sudanin tasavalta
     got: EtelÃ¤-Sudanin tasavalta
 ; [cca2=SS].translations.fra.official
Expected: RÃƒÂ©publique du Soudan du Sud
     got: RÃ©publique du Soudan du Sud
 ; [cca2=SS].translations.hrv.common
Expected: JuÃ…Â¾ni Sudan
     got: JuÅ¾ni Sudan
 ; [cca2=SS].translations.hrv.official
Expected: Republika JuÃ…Â¾ni Sudan
     got: Republika JuÅ¾ni Sudan
 ; [cca2=SS].translations.hun.common
Expected: DÃƒÂ©l-SzudÃƒÂ¡n
     got: DÃ©l-SzudÃ¡n
 ; [cca2=SS].translations.hun.official
Expected: DÃƒÂ©l-szudÃƒÂ¡ni KÃƒÂ¶ztÃƒÂ¡rsasÃƒÂ¡g
     got: DÃ©l-szudÃ¡ni KÃ¶ztÃ¡rsasÃ¡g
 ; [cca2=SS].translations.jpn.common
Expected: Ã¥ï¿½â€”Ã£â€šÂ¹Ã£Æ’Â¼Ã£Æ’â‚¬Ã£Æ’Â³
     got: å�—ã‚¹ãƒ¼ãƒ€ãƒ³
 ; [cca2=SS].translations.jpn.official
Expected: Ã¥ï¿½â€”Ã£â€šÂ¹Ã£Æ’Â¼Ã£Æ’â‚¬Ã£Æ’Â³Ã¥â€¦Â±Ã¥â€™Å’Ã¥â€ºÂ½
     got: å�—ã‚¹ãƒ¼ãƒ€ãƒ³å…±å’Œå›½
 ; [cca2=SS].translations.kor.common
Expected: Ã«â€šÂ¨Ã¬Ë†ËœÃ«â€¹Â¨
     got: ë‚¨ìˆ˜ë‹¨
 ; [cca2=SS].translations.kor.official
Expected: Ã«â€šÂ¨Ã¬Ë†ËœÃ«â€¹Â¨ ÃªÂ³ÂµÃ­â„¢â€�ÃªÂµÂ­
     got: ë‚¨ìˆ˜ë‹¨ ê³µí™”êµ­
 ; [cca2=SS].translations.per.common
Expected: Ã˜Â³Ã™Ë†Ã˜Â¯Ã˜Â§Ã™â€  Ã˜Â¬Ã™â€ Ã™Ë†Ã˜Â¨Ã›Å’
     got: Ø³ÙˆØ¯Ø§Ù† Ø¬Ù†ÙˆØ¨ÛŒ
 ; [cca2=SS].translations.per.official
Expected: Ã˜Â¬Ã™â€¦Ã™â€¡Ã™Ë†Ã˜Â±Ã›Å’ Ã˜Â³Ã™Ë†Ã˜Â¯Ã˜Â§Ã™â€  Ã˜Â¬Ã™â€ Ã™Ë†Ã˜Â¨Ã›Å’
     got: Ø¬Ù…Ù‡ÙˆØ±ÛŒ Ø³ÙˆØ¯Ø§Ù† Ø¬Ù†ÙˆØ¨ÛŒ
 ; [cca2=SS].translations.por.common
Expected: SudÃƒÂ£o do Sul
     got: SudÃ£o do Sul
 ; [cca2=SS].translations.por.official
Expected: RepÃƒÂºblica do SudÃƒÂ£o do Sul
     got: RepÃºblica do SudÃ£o do Sul
 ; [cca2=SS].translations.rus.common
Expected: Ã�Â®Ã�Â¶Ã�Â½Ã‘â€¹Ã�Â¹ Ã�Â¡Ã‘Æ’Ã�Â´Ã�Â°Ã�Â½
     got: Ð®Ð¶Ð½Ñ‹Ð¹ Ð¡ÑƒÐ´Ð°Ð½
 ; [cca2=SS].translations.rus.official
Expected: Ã�Â Ã�ÂµÃ‘ï¿½Ã�Â¿Ã‘Æ’Ã�Â±Ã�Â»Ã�Â¸Ã�ÂºÃ�Â° Ã�Â®Ã�Â¶Ã�Â½Ã‘â€¹Ã�Â¹ Ã�Â¡Ã‘Æ’Ã�Â´Ã�Â°Ã�Â½
     got: Ð ÐµÑ�Ð¿ÑƒÐ±Ð»Ð¸ÐºÐ° Ð®Ð¶Ð½Ñ‹Ð¹ Ð¡ÑƒÐ´Ð°Ð½
 ; [cca2=SS].translations.slk.common
Expected: JuÃ…Â¾nÃƒÂ½ SudÃƒÂ¡n
     got: JuÅ¾nÃ½ SudÃ¡n
 ; [cca2=SS].translations.slk.official
Expected: JuhosudÃƒÂ¡nska republika
     got: JuhosudÃ¡nska republika
 ; [cca2=SS].translations.spa.common
Expected: SudÃƒÂ¡n del Sur
     got: SudÃ¡n del Sur
 ; [cca2=SS].translations.spa.official
Expected: RepÃƒÂºblica de SudÃƒÂ¡n del Sur
     got: RepÃºblica de SudÃ¡n del Sur
 ; [cca2=SS].translations.srp.common
Expected: Ã�Ë†Ã‘Æ’Ã�Â¶Ã�Â½Ã�Â¸ Ã�Â¡Ã‘Æ’Ã�Â´Ã�Â°Ã�Â½
     got: ÐˆÑƒÐ¶Ð½Ð¸ Ð¡ÑƒÐ´Ð°Ð½
 ; [cca2=SS].translations.srp.official
Expected: Ã�Â Ã�ÂµÃ�Â¿Ã‘Æ’Ã�Â±Ã�Â»Ã�Â¸Ã�ÂºÃ�Â° Ã�Ë†Ã‘Æ’Ã�Â¶Ã�Â½Ã�Â¸ Ã�Â¡Ã‘Æ’Ã�Â´Ã�Â°Ã�Â½
     got: Ð ÐµÐ¿ÑƒÐ±Ð»Ð¸ÐºÐ° ÐˆÑƒÐ¶Ð½Ð¸ Ð¡ÑƒÐ´Ð°Ð½
 ; [cca2=SS].translations.tur.common
Expected: GÃƒÂ¼ney Sudan
     got: GÃ¼ney Sudan
 ; [cca2=SS].translations.tur.official
Expected: GÃƒÂ¼ney Sudan Cumhuriyeti
     got: GÃ¼ney Sudan Cumhuriyeti
 ; [cca2=SS].translations.urd.common
Expected: Ã˜Â¬Ã™â€ Ã™Ë†Ã˜Â¨Ã›Å’ Ã˜Â³Ã™Ë†ÃšË†Ã˜Â§Ã™â€ 
     got: Ø¬Ù†ÙˆØ¨ÛŒ Ø³ÙˆÚˆØ§Ù†
 ; [cca2=SS].translations.urd.official
Expected: Ã˜Â¬Ã™â€¦Ã›ï¿½Ã™Ë†Ã˜Â±Ã›Å’Ã›ï¿½ Ã˜Â¬Ã™â€ Ã™Ë†Ã˜Â¨Ã›Å’ Ã˜Â³Ã™Ë†ÃšË†Ã˜Â§Ã™â€ 
     got: Ø¬Ù…Û�ÙˆØ±ÛŒÛ� Ø¬Ù†ÙˆØ¨ÛŒ Ø³ÙˆÚˆØ§Ù†
 ; [cca2=SS].translations.zho.common
Expected: Ã¥ï¿½â€”Ã¨â€¹ï¿½Ã¤Â¸Â¹
     got: å�—è‹�ä¸¹
 ; [cca2=SS].translations.zho.official
Expected: Ã¥ï¿½â€”Ã¨â€¹ï¿½Ã¤Â¸Â¹Ã¥â€¦Â±Ã¥â€™Å’Ã¥â€ºÂ½
     got: å�—è‹�ä¸¹å…±å’Œå›½
 ; [cca2=ST].altSpellings[]
Expected: RepÃƒÂºblica DemocrÃƒÂ¡tica de SÃƒÂ£o TomÃƒÂ© e PrÃƒÂ­ncipe
     but none found
 ; [cca2=ST].altSpellings[]
Expected: Democratic Republic of SÃƒÂ£o TomÃƒÂ© and PrÃƒÂ­ncipe
     but none found
 ; [cca2=ST].altSpellings[]
Unexpected: Democratic Republic of SÃ£o TomÃ© and PrÃ­ncipe
 ; [cca2=ST].altSpellings[]
Unexpected: RepÃºblica DemocrÃ¡tica de SÃ£o TomÃ© e PrÃ­ncipe
 ; [cca2=ST].capital[]
Expected: SÃƒÂ£o TomÃƒÂ©
     but none found
 ; [cca2=ST].capital[]
Unexpected: SÃ£o TomÃ©
 ; [cca2=ST].currencies.STN.name
Expected: SÃƒÂ£o TomÃƒÂ© and PrÃƒÂ­ncipe dobra
     got: SÃ£o TomÃ© and PrÃ­ncipe dobra
 ; [cca2=ST].demonyms.fra.f
Expected: SantomÃƒÂ©enne
     got: SantomÃ©enne
 ; [cca2=ST].demonyms.fra.m
Expected: SantomÃƒÂ©en
     got: SantomÃ©en
 ; [cca2=ST].flag
Expected: Ã°Å¸â€¡Â¸Ã°Å¸â€¡Â¹
     got: ðŸ‡¸ðŸ‡¹
 ; [cca2=ST].name.common
Expected: SÃƒÂ£o TomÃƒÂ© and PrÃƒÂ­ncipe
     got: SÃ£o TomÃ© and PrÃ­ncipe
 ; [cca2=ST].name.nativeName.por.common
Expected: SÃƒÂ£o TomÃƒÂ© e PrÃƒÂ­ncipe
     got: SÃ£o TomÃ© e PrÃ­ncipe
 ; [cca2=ST].name.nativeName.por.official
Expected: RepÃƒÂºblica DemocrÃƒÂ¡tica do SÃƒÂ£o TomÃƒÂ© e PrÃƒÂ­ncipe
     got: RepÃºblica DemocrÃ¡tica do SÃ£o TomÃ© e PrÃ­ncipe
 ; [cca2=ST].name.official
Expected: Democratic Republic of SÃƒÂ£o TomÃƒÂ© and PrÃƒÂ­ncipe
     got: Democratic Republic of SÃ£o TomÃ© and PrÃ­ncipe
 ; [cca2=ST].translations.ara.common
Expected: Ã˜Â³Ã˜Â§Ã™Ë† Ã˜ÂªÃ™Ë†Ã™â€¦Ã™Å  Ã™Ë†Ã˜Â¨Ã˜Â±Ã™Å Ã™â€ Ã˜Â³Ã™Å Ã˜Â¨
     got: Ø³Ø§Ùˆ ØªÙˆÙ…ÙŠ ÙˆØ¨Ø±ÙŠÙ†Ø³ÙŠØ¨
 ; [cca2=ST].translations.ara.official
Expected: Ã˜Â¬Ã™â€¦Ã™â€¡Ã™Ë†Ã˜Â±Ã™Å Ã˜Â© Ã˜Â³Ã˜Â§Ã™Ë† Ã˜ÂªÃ™Ë†Ã™â€¦Ã™Å  Ã™Ë†Ã˜Â¨Ã˜Â±Ã™Å Ã™â€ Ã˜Â³Ã™Å Ã˜Â¨ Ã˜Â§Ã™â€žÃ˜Â¯Ã™Å Ã™â€¦Ã™â€šÃ˜Â±Ã˜Â§Ã˜Â·Ã™Å Ã˜Â©
     got: Ø¬Ù…Ù‡ÙˆØ±ÙŠØ© Ø³Ø§Ùˆ ØªÙˆÙ…ÙŠ ÙˆØ¨Ø±ÙŠÙ†Ø³ÙŠØ¨ Ø§Ù„Ø¯ÙŠÙ…Ù‚Ø±Ø§Ø·ÙŠØ©
 ; [cca2=ST].translations.bre.common
Expected: SÃƒÂ£o TomÃƒÂ© ha PrÃƒÂ­ncipe
     got: SÃ£o TomÃ© ha PrÃ­ncipe
 ; [cca2=ST].translations.bre.official
Expected: Republik Demokratel SÃƒÂ£o TomÃƒÂ© ha PrÃƒÂ­ncipe
     got: Republik Demokratel SÃ£o TomÃ© ha PrÃ­ncipe
 ; [cca2=ST].translations.ces.common
Expected: SvatÃƒÂ½ TomÃƒÂ¡Ã…Â¡ a PrincÃ…Â¯v ostrov
     got: SvatÃ½ TomÃ¡Å¡ a PrincÅ¯v ostrov
 ; [cca2=ST].translations.ces.official
Expected: DemokratickÃƒÂ¡ republika SvatÃƒÂ½ TomÃƒÂ¡Ã…Â¡ a PrincÃ…Â¯v ostrov
     got: DemokratickÃ¡ republika SvatÃ½ TomÃ¡Å¡ a PrincÅ¯v ostrov
 ; [cca2=ST].translations.cym.common
Expected: SÃƒÂ£o TomÃƒÂ© and PrÃƒÂ­ncipe
     got: SÃ£o TomÃ© and PrÃ­ncipe
 ; [cca2=ST].translations.cym.official
Expected: Democratic Republic of SÃƒÂ£o TomÃƒÂ© and PrÃƒÂ­ncipe
     got: Democratic Republic of SÃ£o TomÃ© and PrÃ­ncipe
 ; [cca2=ST].translations.deu.common
Expected: SÃƒÂ£o TomÃƒÂ© und PrÃƒÂ­ncipe
     got: SÃ£o TomÃ© und PrÃ­ncipe
 ; [cca2=ST].translations.deu.official
Expected: Demokratische Republik SÃƒÂ£o TomÃƒÂ© und PrÃƒÂ­ncipe
     got: Demokratische Republik SÃ£o TomÃ© und PrÃ­ncipe
 ; [cca2=ST].translations.est.common
Expected: SÃƒÂ£o TomÃƒÂ© ja PrÃƒÂ­ncipe
     got: SÃ£o TomÃ© ja PrÃ­ncipe
 ; [cca2=ST].translations.est.official
Expected: SÃƒÂ£o TomÃƒÂ© ja PrÃƒÂ­ncipe Demokraatlik Vabariik
     got: SÃ£o TomÃ© ja PrÃ­ncipe Demokraatlik Vabariik
 ; [cca2=ST].translations.fin.common
Expected: SÃƒÂ£o TÃƒÂ©me ja PrÃƒÂ­ncipe
     got: SÃ£o TÃ©me ja PrÃ­ncipe
 ; [cca2=ST].translations.fin.official
Expected: SÃƒÂ£o TomÃƒÂ© ja PrÃƒÂ­ncipen demokraattinen tasavalta
     got: SÃ£o TomÃ© ja PrÃ­ncipen demokraattinen tasavalta
 ; [cca2=ST].translations.fra.common
Expected: SÃƒÂ£o TomÃƒÂ© et PrÃƒÂ­ncipe
     got: SÃ£o TomÃ© et PrÃ­ncipe
 ; [cca2=ST].translations.fra.official
Expected: RÃƒÂ©publique dÃƒÂ©mocratique de SÃƒÂ£o TomÃƒÂ© et PrÃƒÂ­ncipe
     got: RÃ©publique dÃ©mocratique de SÃ£o TomÃ© et PrÃ­ncipe
 ; [cca2=ST].translations.hrv.official
Expected: Demokratska Republika SÃƒÂ£o Tome i Principe
     got: Demokratska Republika SÃ£o Tome i Principe
 ; [cca2=ST].translations.hun.common
Expected: SÃƒÂ£o TomÃƒÂ© ÃƒÂ©s PrÃƒÂ­ncipe
     got: SÃ£o TomÃ© Ã©s PrÃ­ncipe
 ; [cca2=ST].translations.hun.official
Expected: SÃƒÂ£o TomÃƒÂ© ÃƒÂ©s PrÃƒÂ­ncipe Demokratikus KÃƒÂ¶ztÃƒÂ¡rsasÃƒÂ¡g
     got: SÃ£o TomÃ© Ã©s PrÃ­ncipe Demokratikus KÃ¶ztÃ¡rsasÃ¡g
 ; [cca2=ST].translations.ita.common
Expected: SÃƒÂ£o TomÃƒÂ© e PrÃƒÂ­ncipe
     got: SÃ£o TomÃ© e PrÃ­ncipe
 ; [cca2=ST].translations.ita.official
Expected: Repubblica democratica di SÃƒÂ£o TomÃƒÂ© e PrÃƒÂ­ncipe
     got: Repubblica democratica di SÃ£o TomÃ© e PrÃ­ncipe
 ; [cca2=ST].translations.jpn.common
Expected: Ã£â€šÂµÃ£Æ’Â³Ã£Æ’Ë†Ã£Æ’Â¡Ã£Æ’Â»Ã£Æ’â€”Ã£Æ’ÂªÃ£Æ’Â³Ã£â€šÂ·Ã£Æ’Å¡
     got: ã‚µãƒ³ãƒˆãƒ¡ãƒ»ãƒ—ãƒªãƒ³ã‚·ãƒš
 ; [cca2=ST].translations.jpn.official
Expected: Ã£â€šÂµÃ£Æ’Â³Ã£Æ’Ë†Ã£Æ’Â¡Ã‚Â·Ã£Æ’â€”Ã£Æ’ÂªÃ£Æ’Â³Ã£â€šÂ·Ã£Æ’Å¡Ã¦Â°â€˜Ã¤Â¸Â»Ã¥â€¦Â±Ã¥â€™Å’Ã¥â€ºÂ½
     got: ã‚µãƒ³ãƒˆãƒ¡Â·ãƒ—ãƒªãƒ³ã‚·ãƒšæ°‘ä¸»å…±å’Œå›½
 ; [cca2=ST].translations.kor.common
Expected: Ã¬Æ’ï¿½Ã­Ë†Â¬Ã«Â©â€� Ã­â€�â€žÃ«Â¦Â°Ã¬â€¹Å“Ã­Å½Ëœ
     got: ìƒ�íˆ¬ë©” í”„ë¦°ì‹œíŽ˜
 ; [cca2=ST].translations.kor.official
Expected: Ã¬Æ’ï¿½Ã­Ë†Â¬Ã«Â©â€� Ã­â€�â€žÃ«Â¦Â°Ã¬â€¹Å“Ã­Å½Ëœ Ã«Â¯Â¼Ã¬Â£Â¼ ÃªÂ³ÂµÃ­â„¢â€�ÃªÂµÂ­
     got: ìƒ�íˆ¬ë©” í”„ë¦°ì‹œíŽ˜ ë¯¼ì£¼ ê³µí™”êµ­
 ; [cca2=ST].translations.nld.common
Expected: Sao TomÃƒÂ© en Principe
     got: Sao TomÃ© en Principe
 ; [cca2=ST].translations.nld.official
Expected: Democratische Republiek Sao TomÃƒÂ© en Principe
     got: Democratische Republiek Sao TomÃ© en Principe
 ; [cca2=ST].translations.per.common
Expected: Ã˜Â³Ã˜Â§Ã˜Â¦Ã™Ë†Ã˜ÂªÃ™Ë†Ã™â€¦Ã™â€¡ Ã™Ë† Ã™Â¾Ã˜Â±Ã™â€ Ã˜Â³Ã›Å’Ã™Â¾
     got: Ø³Ø§Ø¦ÙˆØªÙˆÙ…Ù‡ Ùˆ Ù¾Ø±Ù†Ø³ÛŒÙ¾
 ; [cca2=ST].translations.per.official
Expected: Ã˜Â¬Ã™â€¦Ã™â€¡Ã™Ë†Ã˜Â±Ã›Å’ Ã˜Â¯Ã™â€¦Ã™Ë†ÃšÂ©Ã˜Â±Ã˜Â§Ã˜ÂªÃ›Å’ÃšÂ© Ã˜Â³Ã˜Â§Ã˜Â¦Ã™Ë†Ã˜ÂªÃ™Ë†Ã™â€¦Ã™â€¡ Ã™Ë† Ã™Â¾Ã˜Â±Ã™â€ Ã˜Â³Ã›Å’Ã™Â¾
     got: Ø¬Ù…Ù‡ÙˆØ±ÛŒ Ø¯Ù…ÙˆÚ©Ø±Ø§ØªÛŒÚ© Ø³Ø§Ø¦ÙˆØªÙˆÙ…Ù‡ Ùˆ Ù¾Ø±Ù†Ø³ÛŒÙ¾
 ; [cca2=ST].translations.pol.common
Expected: Wyspy Ã…Å¡wiÃ„â„¢tego Tomasza i KsiÃ„â€¦Ã…Â¼Ã„â„¢ca
     got: Wyspy ÅšwiÄ™tego Tomasza i KsiÄ…Å¼Ä™ca
 ; [cca2=ST].translations.pol.official
Expected: Demokratyczna Republika Wysp Ã…Å¡wiÃ„â„¢tego Tomasza i KsiÃ„â€¦Ã…Â¼Ã„â„¢cej
     got: Demokratyczna Republika Wysp ÅšwiÄ™tego Tomasza i KsiÄ…Å¼Ä™cej
 ; [cca2=ST].translations.por.common
Expected: SÃƒÂ£o TomÃƒÂ© e PrÃƒÂ­ncipe
     got: SÃ£o TomÃ© e PrÃ­ncipe
 ; [cca2=ST].translations.por.official
Expected: RepÃƒÂºblica DemocrÃƒÂ¡tica de SÃƒÂ£o TomÃƒÂ© e PrÃƒÂ­ncipe
     got: RepÃºblica DemocrÃ¡tica de SÃ£o TomÃ© e PrÃ­ncipe
 ; [cca2=ST].translations.rus.common
Expected: Ã�Â¡Ã�Â°Ã�Â½-Ã�Â¢Ã�Â¾Ã�Â¼Ã�Âµ Ã�Â¸ Ã�Å¸Ã‘â‚¬Ã�Â¸Ã�Â½Ã‘ï¿½Ã�Â¸Ã�Â¿Ã�Â¸
     got: Ð¡Ð°Ð½-Ð¢Ð¾Ð¼Ðµ Ð¸ ÐŸÑ€Ð¸Ð½Ñ�Ð¸Ð¿Ð¸
 ; [cca2=ST].translations.rus.official
Expected: Ã�â€�Ã�ÂµÃ�Â¼Ã�Â¾Ã�ÂºÃ‘â‚¬Ã�Â°Ã‘â€šÃ�Â¸Ã‘â€¡Ã�ÂµÃ‘ï¿½Ã�ÂºÃ�Â°Ã‘ï¿½ Ã�Â Ã�ÂµÃ‘ï¿½Ã�Â¿Ã‘Æ’Ã�Â±Ã�Â»Ã�Â¸Ã�ÂºÃ�Â° Ã�Â¡Ã�Â°Ã�Â½-Ã�Â¢Ã�Â¾Ã�Â¼Ã�Âµ Ã�Â¸ Ã�Å¸Ã‘â‚¬Ã�Â¸Ã�Â½Ã‘ï¿½Ã�Â¸Ã�Â¿Ã�Â¸
     got: Ð”ÐµÐ¼Ð¾ÐºÑ€Ð°Ñ‚Ð¸Ñ‡ÐµÑ�ÐºÐ°Ñ� Ð ÐµÑ�Ð¿ÑƒÐ±Ð»Ð¸ÐºÐ° Ð¡Ð°Ð½-Ð¢Ð¾Ð¼Ðµ Ð¸ ÐŸÑ€Ð¸Ð½Ñ�Ð¸Ð¿Ð¸
 ; [cca2=ST].translations.slk.common
Expected: SvÃƒÂ¤tÃƒÂ½ TomÃƒÂ¡Ã…Â¡ a Princov ostrov
     got: SvÃ¤tÃ½ TomÃ¡Å¡ a Princov ostrov
 ; [cca2=ST].translations.slk.official
Expected: DemokratickÃƒÂ¡ republika SvÃƒÂ¤tÃƒÂ©ho TomÃƒÂ¡Ã…Â¡a A princovho ostrova
     got: DemokratickÃ¡ republika SvÃ¤tÃ©ho TomÃ¡Å¡a A princovho ostrova
 ; [cca2=ST].translations.spa.common
Expected: Santo TomÃƒÂ© y PrÃƒÂ­ncipe
     got: Santo TomÃ© y PrÃ­ncipe
 ; [cca2=ST].translations.spa.official
Expected: RepÃƒÂºblica DemocrÃƒÂ¡tica de Santo TomÃƒÂ© y PrÃƒÂ­ncipe
     got: RepÃºblica DemocrÃ¡tica de Santo TomÃ© y PrÃ­ncipe
 ; [cca2=ST].translations.srp.common
Expected: Ã�Â¡Ã�Â°Ã�Â¾ Ã�Â¢Ã�Â¾Ã�Â¼Ã�Âµ Ã�Â¸ Ã�Å¸Ã‘â‚¬Ã�Â¸Ã�Â½Ã‘ï¿½Ã�Â¸Ã�Â¿Ã�Âµ
     got: Ð¡Ð°Ð¾ Ð¢Ð¾Ð¼Ðµ Ð¸ ÐŸÑ€Ð¸Ð½Ñ�Ð¸Ð¿Ðµ
 ; [cca2=ST].translations.srp.official
Expected: Ã�â€�Ã�ÂµÃ�Â¼Ã�Â¾Ã�ÂºÃ‘â‚¬Ã�Â°Ã‘â€šÃ‘ï¿½Ã�ÂºÃ�Â° Ã�Â Ã�ÂµÃ�Â¿Ã‘Æ’Ã�Â±Ã�Â»Ã�Â¸Ã�ÂºÃ�Â° Ã�Â¡Ã�Â°Ã�Â¾ Ã�Â¢Ã�Â¾Ã�Â¼Ã�Âµ Ã�Â¸ Ã�Å¸Ã‘â‚¬Ã�Â¸Ã�Â½Ã‘ï¿½Ã�Â¸Ã�Â¿Ã�Âµ
     got: Ð”ÐµÐ¼Ð¾ÐºÑ€Ð°Ñ‚Ñ�ÐºÐ° Ð ÐµÐ¿ÑƒÐ±Ð»Ð¸ÐºÐ° Ð¡Ð°Ð¾ Ð¢Ð¾Ð¼Ðµ Ð¸ ÐŸÑ€Ð¸Ð½Ñ�Ð¸Ð¿Ðµ
 ; [cca2=ST].translations.swe.common
Expected: SÃƒÂ£o TomÃƒÂ© och PrÃƒÂ­ncipe
     got: SÃ£o TomÃ© och PrÃ­ncipe
 ; [cca2=ST].translations.swe.official
Expected: Demokratiska republiken SÃƒÂ£o TomÃƒÂ© och PrÃƒÂ­ncipe
     got: Demokratiska republiken SÃ£o TomÃ© och PrÃ­ncipe
 ; [cca2=ST].translations.tur.common
Expected: SÃƒÂ£o TomÃƒÂ© ve PrÃƒÂ­ncipe
     got: SÃ£o TomÃ© ve PrÃ­ncipe
 ; [cca2=ST].translations.tur.official
Expected: SÃƒÂ£o TomÃƒÂ© ve PrÃƒÂ­ncipe Demokratik Cumhuriyeti
     got: SÃ£o TomÃ© ve PrÃ­ncipe Demokratik Cumhuriyeti
 ; [cca2=ST].translations.urd.common
Expected: Ã˜Â³Ã˜Â§Ã˜Â¤ Ã™Â¹Ã™Ë†Ã™â€¦Ã›â€™ Ã™Ë† Ã™Â¾Ã˜Â±Ã™â€ Ã˜Â³Ã™Â¾Ã›â€™
     got: Ø³Ø§Ø¤ Ù¹ÙˆÙ…Û’ Ùˆ Ù¾Ø±Ù†Ø³Ù¾Û’
 ; [cca2=ST].translations.urd.official
Expected: Ã˜Â¬Ã™â€¦Ã›ï¿½Ã™Ë†Ã˜Â±Ã›Å’Ã›ï¿½ Ã˜Â³Ã˜Â§Ã˜Â¤ Ã™Â¹Ã™Ë†Ã™â€¦Ã›â€™ Ã™Ë† Ã™Â¾Ã˜Â±Ã™â€ Ã˜Â³Ã™Â¾Ã›â€™
     got: Ø¬Ù…Û�ÙˆØ±ÛŒÛ� Ø³Ø§Ø¤ Ù¹ÙˆÙ…Û’ Ùˆ Ù¾Ø±Ù†Ø³Ù¾Û’
 ; [cca2=ST].translations.zho.common
Expected: Ã¥Å“Â£Ã¥Â¤Å¡Ã§Â¾Å½Ã¥â€™Å’Ã¦â„¢Â®Ã¦Å¾â€”Ã¨Â¥Â¿Ã¦Â¯â€�
     got: åœ£å¤šç¾Žå’Œæ™®æž—è¥¿æ¯”
 ; [cca2=ST].translations.zho.official
Expected: Ã¥Å“Â£Ã¥Â¤Å¡Ã§Â¾Å½Ã¥â€™Å’Ã¦â„¢Â®Ã¦Å¾â€”Ã¨Â¥Â¿Ã¦Â¯â€�Ã¦Â°â€˜Ã¤Â¸Â»Ã¥â€¦Â±Ã¥â€™Å’Ã¥â€ºÂ½
     got: åœ£å¤šç¾Žå’Œæ™®æž—è¥¿æ¯”æ°‘ä¸»å…±å’Œå›½
 ; [cca2=CD].flag
Expected: Ã°Å¸â€¡Â¨Ã°Å¸â€¡Â©
     got: ðŸ‡¨ðŸ‡©
 ; [cca2=CD].name.nativeName.fra.official
Expected: RÃƒÂ©publique dÃƒÂ©mocratique du Congo
     got: RÃ©publique dÃ©mocratique du Congo
 ; [cca2=CD].name.nativeName.lin.common
Expected: Republiki ya KongÃƒÂ³ Demokratiki
     got: Republiki ya KongÃ³ Demokratiki
 ; [cca2=CD].name.nativeName.lin.official
Expected: Republiki ya KongÃƒÂ³ Demokratiki
     got: Republiki ya KongÃ³ Demokratiki
 ; [cca2=CD].translations.ara.common
Expected: Ã˜Â§Ã™â€žÃ™Æ’Ã™Ë†Ã™â€ Ã˜ÂºÃ™Ë†
     got: Ø§Ù„ÙƒÙˆÙ†ØºÙˆ
 ; [cca2=CD].translations.ara.official
Expected: Ã˜Â¬Ã™â€¦Ã™â€¡Ã™Ë†Ã˜Â±Ã™Å Ã˜Â© Ã˜Â§Ã™â€žÃ™Æ’Ã™Ë†Ã™â€ Ã˜ÂºÃ™Ë† Ã˜Â§Ã™â€žÃ˜Â¯Ã™Å Ã™â€¦Ã™â€šÃ˜Â±Ã˜Â§Ã˜Â·Ã™Å Ã˜Â©
     got: Ø¬Ù…Ù‡ÙˆØ±ÙŠØ© Ø§Ù„ÙƒÙˆÙ†ØºÙˆ Ø§Ù„Ø¯ÙŠÙ…Ù‚Ø±Ø§Ø·ÙŠØ©
 ; [cca2=CD].translations.ces.official
Expected: DemokratickÃƒÂ¡ republika Kongo
     got: DemokratickÃ¡ republika Kongo
 ; [cca2=CD].translations.fra.common
Expected: Congo (RÃƒÂ©p. dÃƒÂ©m.)
     got: Congo (RÃ©p. dÃ©m.)
 ; [cca2=CD].translations.fra.official
Expected: RÃƒÂ©publique dÃƒÂ©mocratique du Congo
     got: RÃ©publique dÃ©mocratique du Congo
 ; [cca2=CD].translations.hun.common
Expected: KongÃƒÂ³i Demokratikus KÃƒÂ¶ztÃƒÂ¡rsasÃƒÂ¡g
     got: KongÃ³i Demokratikus KÃ¶ztÃ¡rsasÃ¡g
 ; [cca2=CD].translations.hun.official
Expected: KongÃƒÂ³i Demokratikus KÃƒÂ¶ztÃƒÂ¡rsasÃƒÂ¡g
     got: KongÃ³i Demokratikus KÃ¶ztÃ¡rsasÃ¡g
 ; [cca2=CD].translations.jpn.common
Expected: Ã£â€šÂ³Ã£Æ’Â³Ã£â€šÂ´Ã¦Â°â€˜Ã¤Â¸Â»Ã¥â€¦Â±Ã¥â€™Å’Ã¥â€ºÂ½
     got: ã‚³ãƒ³ã‚´æ°‘ä¸»å…±å’Œå›½
 ; [cca2=CD].translations.jpn.official
Expected: Ã£â€šÂ³Ã£Æ’Â³Ã£â€šÂ´Ã¦Â°â€˜Ã¤Â¸Â»Ã¥â€¦Â±Ã¥â€™Å’Ã¥â€ºÂ½
     got: ã‚³ãƒ³ã‚´æ°‘ä¸»å…±å’Œå›½
 ; [cca2=CD].translations.kor.common
Expected: Ã¬Â½Â©ÃªÂ³Â  Ã«Â¯Â¼Ã¬Â£Â¼ ÃªÂ³ÂµÃ­â„¢â€�ÃªÂµÂ­
     got: ì½©ê³  ë¯¼ì£¼ ê³µí™”êµ­
 ; [cca2=CD].translations.kor.official
Expected: Ã¬Â½Â©ÃªÂ³Â  Ã«Â¯Â¼Ã¬Â£Â¼ ÃªÂ³ÂµÃ­â„¢â€�ÃªÂµÂ­
     got: ì½©ê³  ë¯¼ì£¼ ê³µí™”êµ­
 ; [cca2=CD].translations.per.common
Expected: ÃšÂ©Ã™â€ ÃšÂ¯Ã™Ë† Ã˜Â¯Ã™â€¦Ã™Ë†ÃšÂ©Ã˜Â±Ã˜Â§Ã˜ÂªÃ›Å’ÃšÂ©
     got: Ú©Ù†Ú¯Ùˆ Ø¯Ù…ÙˆÚ©Ø±Ø§ØªÛŒÚ©
 ; [cca2=CD].translations.per.official
Expected: Ã˜Â¬Ã™â€¦Ã™â€¡Ã™Ë†Ã˜Â±Ã›Å’ Ã˜Â¯Ã™â€¦Ã™Ë†ÃšÂ©Ã˜Â±Ã˜Â§Ã˜ÂªÃ›Å’ÃšÂ© ÃšÂ©Ã™â€ ÃšÂ¯Ã™Ë†
     got: Ø¬Ù…Ù‡ÙˆØ±ÛŒ Ø¯Ù…ÙˆÚ©Ø±Ø§ØªÛŒÚ© Ú©Ù†Ú¯Ùˆ
 ; [cca2=CD].translations.por.common
Expected: RepÃƒÂºblica DemocrÃƒÂ¡tica do Congo
     got: RepÃºblica DemocrÃ¡tica do Congo
 ; [cca2=CD].translations.por.official
Expected: RepÃƒÂºblica DemocrÃƒÂ¡tica do Congo
     got: RepÃºblica DemocrÃ¡tica do Congo
 ; [cca2=CD].translations.rus.common
Expected: Ã�â€�Ã�ÂµÃ�Â¼Ã�Â¾Ã�ÂºÃ‘â‚¬Ã�Â°Ã‘â€šÃ�Â¸Ã‘â€¡Ã�ÂµÃ‘ï¿½Ã�ÂºÃ�Â°Ã‘ï¿½ Ã�Â Ã�ÂµÃ‘ï¿½Ã�Â¿Ã‘Æ’Ã�Â±Ã�Â»Ã�Â¸Ã�ÂºÃ�Â° Ã�Å¡Ã�Â¾Ã�Â½Ã�Â³Ã�Â¾
     got: Ð”ÐµÐ¼Ð¾ÐºÑ€Ð°Ñ‚Ð¸Ñ‡ÐµÑ�ÐºÐ°Ñ� Ð ÐµÑ�Ð¿ÑƒÐ±Ð»Ð¸ÐºÐ° ÐšÐ¾Ð½Ð³Ð¾
 ; [cca2=CD].translations.rus.official
Expected: Ã�â€�Ã�ÂµÃ�Â¼Ã�Â¾Ã�ÂºÃ‘â‚¬Ã�Â°Ã‘â€šÃ�Â¸Ã‘â€¡Ã�ÂµÃ‘ï¿½Ã�ÂºÃ�Â°Ã‘ï¿½ Ã�Â Ã�ÂµÃ‘ï¿½Ã�Â¿Ã‘Æ’Ã�Â±Ã�Â»Ã�Â¸Ã�ÂºÃ�Â° Ã�Å¡Ã�Â¾Ã�Â½Ã�Â³Ã�Â¾
     got: Ð”ÐµÐ¼Ð¾ÐºÑ€Ð°Ñ‚Ð¸Ñ‡ÐµÑ�ÐºÐ°Ñ� Ð ÐµÑ�Ð¿ÑƒÐ±Ð»Ð¸ÐºÐ° ÐšÐ¾Ð½Ð³Ð¾
 ; [cca2=CD].translations.slk.official
Expected: KonÃ…Â¾skÃƒÂ¡ demokratickÃƒÂ¡ republika
     got: KonÅ¾skÃ¡ demokratickÃ¡ republika
 ; [cca2=CD].translations.spa.official
Expected: RepÃƒÂºblica DemocrÃƒÂ¡tica del Congo
     got: RepÃºblica DemocrÃ¡tica del Congo
 ; [cca2=CD].translations.srp.common
Expected: Ã�â€�Ã�Â  Ã�Å¡Ã�Â¾Ã�Â½Ã�Â³Ã�Â¾
     got: Ð”Ð  ÐšÐ¾Ð½Ð³Ð¾
 ; [cca2=CD].translations.srp.official
Expected: Ã�â€�Ã�ÂµÃ�Â¼Ã�Â¾Ã�ÂºÃ‘â‚¬Ã�Â°Ã‘â€šÃ‘ï¿½Ã�ÂºÃ�Â° Ã�Â Ã�ÂµÃ�Â¿Ã‘Æ’Ã�Â±Ã�Â»Ã�Â¸Ã�ÂºÃ�Â° Ã�Å¡Ã�Â¾Ã�Â½Ã�Â³Ã�Â¾
     got: Ð”ÐµÐ¼Ð¾ÐºÑ€Ð°Ñ‚Ñ�ÐºÐ° Ð ÐµÐ¿ÑƒÐ±Ð»Ð¸ÐºÐ° ÐšÐ¾Ð½Ð³Ð¾
 ; [cca2=CD].translations.urd.common
Expected: ÃšÂ©Ã˜Â§Ã™â€ ÃšÂ¯Ã™Ë†
     got: Ú©Ø§Ù†Ú¯Ùˆ
 ; [cca2=CD].translations.urd.official
Expected: Ã˜Â¬Ã™â€¦Ã›ï¿½Ã™Ë†Ã˜Â±Ã›Å’ Ã˜Â¬Ã™â€¦Ã›ï¿½Ã™Ë†Ã˜Â±Ã›Å’Ã›ï¿½ ÃšÂ©Ã˜Â§Ã™â€ ÃšÂ¯Ã™Ë†
     got: Ø¬Ù…Û�ÙˆØ±ÛŒ Ø¬Ù…Û�ÙˆØ±ÛŒÛ� Ú©Ø§Ù†Ú¯Ùˆ
 ; [cca2=CD].translations.zho.common
Expected: Ã¦Â°â€˜Ã¤Â¸Â»Ã¥Ë†Å¡Ã¦Å¾Å“
     got: æ°‘ä¸»åˆšæžœ
 ; [cca2=CD].translations.zho.official
Expected: Ã¥Ë†Å¡Ã¦Å¾Å“Ã¦Â°â€˜Ã¤Â¸Â»Ã¥â€¦Â±Ã¥â€™Å’Ã¥â€ºÂ½
     got: åˆšæžœæ°‘ä¸»å…±å’Œå›½
 ; [cca2=SV].altSpellings[]
Expected: RepÃƒÂºblica de El Salvador
     but none found
 ; [cca2=SV].altSpellings[]
Unexpected: RepÃºblica de El Salvador
 ; [cca2=SV].flag
Expected: Ã°Å¸â€¡Â¸Ã°Å¸â€¡Â»
     got: ðŸ‡¸ðŸ‡»
 ; [cca2=SV].name.nativeName.spa.official
Expected: RepÃƒÂºblica de El Salvador
     got: RepÃºblica de El Salvador
 ; [cca2=SV].translations.ara.common
Expected: Ã˜Â§Ã™â€žÃ˜Â³Ã™â€žÃ™ï¿½Ã˜Â§Ã˜Â¯Ã™Ë†Ã˜Â±
     got: Ø§Ù„Ø³Ù„Ù�Ø§Ø¯ÙˆØ±
 ; [cca2=SV].translations.ara.official
Expected: Ã˜Â¬Ã™â€¦Ã™â€¡Ã™Ë†Ã˜Â±Ã™Å Ã˜Â© Ã˜Â§Ã™â€žÃ˜Â³Ã™â€žÃ™ï¿½Ã˜Â§Ã˜Â¯Ã™Ë†Ã˜Â±
     got: Ø¬Ù…Ù‡ÙˆØ±ÙŠØ© Ø§Ù„Ø³Ù„Ù�Ø§Ø¯ÙˆØ±
 ; [cca2=SV].translations.ces.official
Expected: SalvadorskÃƒÂ¡ republika
     got: SalvadorskÃ¡ republika
 ; [cca2=SV].translations.fra.official
Expected: RÃƒÂ©publique du Salvador
     got: RÃ©publique du Salvador
 ; [cca2=SV].translations.hun.official
Expected: Salvadori KÃƒÂ¶ztÃƒÂ¡rsasÃƒÂ¡g
     got: Salvadori KÃ¶ztÃ¡rsasÃ¡g
 ; [cca2=SV].translations.jpn.common
Expected: Ã£â€šÂ¨Ã£Æ’Â«Ã£â€šÂµÃ£Æ’Â«Ã£Æ’ï¿½Ã£Æ’â€°Ã£Æ’Â«
     got: ã‚¨ãƒ«ã‚µãƒ«ãƒ�ãƒ‰ãƒ«
 ; [cca2=SV].translations.jpn.official
Expected: Ã£â€šÂ¨Ã£Æ’Â«Ã£â€šÂµÃ£Æ’Â«Ã£Æ’ï¿½Ã£Æ’â€°Ã£Æ’Â«Ã¥â€¦Â±Ã¥â€™Å’Ã¥â€ºÂ½
     got: ã‚¨ãƒ«ã‚µãƒ«ãƒ�ãƒ‰ãƒ«å…±å’Œå›½
 ; [cca2=SV].translations.kor.common
Expected: Ã¬â€”ËœÃ¬â€šÂ´Ã«Â°â€�Ã«ï¿½â€žÃ«Â¥Â´
     got: ì—˜ì‚´ë°”ë�„ë¥´
 ; [cca2=SV].translations.kor.official
Expected: Ã¬â€”ËœÃ¬â€šÂ´Ã«Â°â€�Ã«ï¿½â€žÃ«Â¥Â´ ÃªÂ³ÂµÃ­â„¢â€�ÃªÂµÂ­
     got: ì—˜ì‚´ë°”ë�„ë¥´ ê³µí™”êµ­
 ; [cca2=SV].translations.per.common
Expected: Ã˜Â§Ã™â€žÃ˜Â³Ã˜Â§Ã™â€žÃ™Ë†Ã˜Â§Ã˜Â¯Ã™Ë†Ã˜Â±
     got: Ø§Ù„Ø³Ø§Ù„ÙˆØ§Ø¯ÙˆØ±
 ; [cca2=SV].translations.per.official
Expected: Ã˜Â¬Ã™â€¦Ã™â€¡Ã™Ë†Ã˜Â±Ã›Å’ Ã˜Â§Ã™â€žÃ˜Â³Ã˜Â§Ã™â€žÃ™Ë†Ã˜Â§Ã˜Â¯Ã™Ë†Ã˜Â±
     got: Ø¬Ù…Ù‡ÙˆØ±ÛŒ Ø§Ù„Ø³Ø§Ù„ÙˆØ§Ø¯ÙˆØ±
 ; [cca2=SV].translations.por.official
Expected: RepÃƒÂºblica de El Salvador
     got: RepÃºblica de El Salvador
 ; [cca2=SV].translations.rus.common
Expected: Ã�Â¡Ã�Â°Ã�Â»Ã‘Å’Ã�Â²Ã�Â°Ã�Â´Ã�Â¾Ã‘â‚¬
     got: Ð¡Ð°Ð»ÑŒÐ²Ð°Ð´Ð¾Ñ€
 ; [cca2=SV].translations.rus.official
Expected: Ã�Â Ã�ÂµÃ‘ï¿½Ã�Â¿Ã‘Æ’Ã�Â±Ã�Â»Ã�Â¸Ã�ÂºÃ�Â° Ã�Â­Ã�Â»Ã‘Å’-Ã�Â¡Ã�Â°Ã�Â»Ã‘Å’Ã�Â²Ã�Â°Ã�Â´Ã�Â¾Ã‘â‚¬
     got: Ð ÐµÑ�Ð¿ÑƒÐ±Ð»Ð¸ÐºÐ° Ð­Ð»ÑŒ-Ð¡Ð°Ð»ÑŒÐ²Ð°Ð´Ð¾Ñ€
 ; [cca2=SV].translations.slk.common
Expected: SalvÃƒÂ¡dor
     got: SalvÃ¡dor
 ; [cca2=SV].translations.slk.official
Expected: SalvÃƒÂ¡dorskÃƒÂ¡ republika
     got: SalvÃ¡dorskÃ¡ republika
 ; [cca2=SV].translations.spa.official
Expected: RepÃƒÂºblica de El Salvador
     got: RepÃºblica de El Salvador
 ; [cca2=SV].translations.srp.common
Expected: Ã�Â¡Ã�Â°Ã�Â»Ã�Â²Ã�Â°Ã�Â´Ã�Â¾Ã‘â‚¬
     got: Ð¡Ð°Ð»Ð²Ð°Ð´Ð¾Ñ€
 ; [cca2=SV].translations.srp.official
Expected: Ã�Â Ã�ÂµÃ�Â¿Ã‘Æ’Ã�Â±Ã�Â»Ã�Â¸Ã�ÂºÃ�Â° Ã�â€¢Ã�Â» Ã�Â¡Ã�Â°Ã�Â»Ã�Â²Ã�Â°Ã�Â´Ã�Â¾Ã‘â‚¬
     got: Ð ÐµÐ¿ÑƒÐ±Ð»Ð¸ÐºÐ° Ð•Ð» Ð¡Ð°Ð»Ð²Ð°Ð´Ð¾Ñ€
 ; [cca2=SV].translations.urd.common
Expected: Ã˜Â§Ã›Å’Ã™â€ž Ã˜Â³Ã›Å’Ã™â€žÃ™Ë†Ã˜Â§ÃšË†Ã™Ë†Ã˜Â±
     got: Ø§ÛŒÙ„ Ø³ÛŒÙ„ÙˆØ§ÚˆÙˆØ±
 ; [cca2=SV].translations.urd.official
Expected: Ã˜Â¬Ã™â€¦Ã›ï¿½Ã™Ë†Ã˜Â±Ã›Å’Ã›ï¿½ Ã˜Â§Ã›Å’Ã™â€ž Ã˜Â³Ã›Å’Ã™â€žÃ™Ë†Ã˜Â§ÃšË†Ã™Ë†Ã˜Â±
     got: Ø¬Ù…Û�ÙˆØ±ÛŒÛ� Ø§ÛŒÙ„ Ø³ÛŒÙ„ÙˆØ§ÚˆÙˆØ±
 ; [cca2=SV].translations.zho.common
Expected: Ã¨ï¿½Â¨Ã¥Â°â€�Ã§â€œÂ¦Ã¥Â¤Å¡
     got: è�¨å°”ç“¦å¤š
 ; [cca2=SV].translations.zho.official
Expected: Ã¨ï¿½Â¨Ã¥Â°â€�Ã§â€œÂ¦Ã¥Â¤Å¡Ã¥â€¦Â±Ã¥â€™Å’Ã¥â€ºÂ½
     got: è�¨å°”ç“¦å¤šå…±å’Œå›½
 ; [cca2=CF].altSpellings[]
Expected: RÃƒÂ©publique centrafricaine
     but none found
 ; [cca2=CF].altSpellings[]
Unexpected: RÃ©publique centrafricaine
 ; [cca2=CF].flag
Expected: Ã°Å¸â€¡Â¨Ã°Å¸â€¡Â«
     got: ðŸ‡¨ðŸ‡«
 ; [cca2=CF].name.nativeName.fra.common
Expected: RÃƒÂ©publique centrafricaine
     got: RÃ©publique centrafricaine
 ; [cca2=CF].name.nativeName.fra.official
Expected: RÃƒÂ©publique centrafricaine
     got: RÃ©publique centrafricaine
 ; [cca2=CF].name.nativeName.sag.common
Expected: BÃƒÂªafrÃƒÂ®ka
     got: BÃªafrÃ®ka
 ; [cca2=CF].name.nativeName.sag.official
Expected: KÃƒÂ¶dÃƒÂ¶rÃƒÂ¶sÃƒÂªse tÃƒÂ® BÃƒÂªafrÃƒÂ®ka
     got: KÃ¶dÃ¶rÃ¶sÃªse tÃ® BÃªafrÃ®ka
 ; [cca2=CF].translations.ara.common
Expected: Ã˜Â¬Ã™â€¦Ã™â€¡Ã™Ë†Ã˜Â±Ã™Å Ã˜Â© Ã˜Â£Ã™ï¿½Ã˜Â±Ã™Å Ã™â€šÃ™Å Ã˜Â§ Ã˜Â§Ã™â€žÃ™Ë†Ã˜Â³Ã˜Â·Ã™â€°
     got: Ø¬Ù…Ù‡ÙˆØ±ÙŠØ© Ø£Ù�Ø±ÙŠÙ‚ÙŠØ§ Ø§Ù„ÙˆØ³Ø·Ù‰
 ; [cca2=CF].translations.ara.official
Expected: Ã˜Â¬Ã™â€¦Ã™â€¡Ã™Ë†Ã˜Â±Ã™Å Ã˜Â© Ã˜Â£Ã™ï¿½Ã˜Â±Ã™Å Ã™â€šÃ™Å Ã˜Â§ Ã˜Â§Ã™â€žÃ™Ë†Ã˜Â³Ã˜Â·Ã™â€°
     got: Ø¬Ù…Ù‡ÙˆØ±ÙŠØ© Ø£Ù�Ø±ÙŠÙ‚ÙŠØ§ Ø§Ù„ÙˆØ³Ø·Ù‰
 ; [cca2=CF].translations.ces.common
Expected: StÃ…â„¢edoafrickÃƒÂ¡ republika
     got: StÅ™edoafrickÃ¡ republika
 ; [cca2=CF].translations.ces.official
Expected: StÃ…â„¢edoafrickÃƒÂ¡ republika
     got: StÅ™edoafrickÃ¡ republika
 ; [cca2=CF].translations.fra.common
Expected: RÃƒÂ©publique centrafricaine
     got: RÃ©publique centrafricaine
 ; [cca2=CF].translations.fra.official
Expected: RÃƒÂ©publique centrafricaine
     got: RÃ©publique centrafricaine
 ; [cca2=CF].translations.hrv.common
Expected: SrednjoafriÃ„ï¿½ka Republika
     got: SrednjoafriÄ�ka Republika
 ; [cca2=CF].translations.hrv.official
Expected: Centralna AfriÃ„ï¿½ka Republika
     got: Centralna AfriÄ�ka Republika
 ; [cca2=CF].translations.hun.common
Expected: KÃƒÂ¶zÃƒÂ©p-afrikai KÃƒÂ¶ztÃƒÂ¡rsasÃƒÂ¡g
     got: KÃ¶zÃ©p-afrikai KÃ¶ztÃ¡rsasÃ¡g
 ; [cca2=CF].translations.hun.official
Expected: KÃƒÂ¶zÃƒÂ©p-afrikai KÃƒÂ¶ztÃƒÂ¡rsasÃƒÂ¡g
     got: KÃ¶zÃ©p-afrikai KÃ¶ztÃ¡rsasÃ¡g
 ; [cca2=CF].translations.jpn.common
Expected: Ã¤Â¸Â­Ã¥Â¤Â®Ã£â€šÂ¢Ã£Æ’â€¢Ã£Æ’ÂªÃ£â€šÂ«Ã¥â€¦Â±Ã¥â€™Å’Ã¥â€ºÂ½
     got: ä¸­å¤®ã‚¢ãƒ•ãƒªã‚«å…±å’Œå›½
 ; [cca2=CF].translations.jpn.official
Expected: Ã¤Â¸Â­Ã¥Â¤Â®Ã£â€šÂ¢Ã£Æ’â€¢Ã£Æ’ÂªÃ£â€šÂ«Ã¥â€¦Â±Ã¥â€™Å’Ã¥â€ºÂ½
     got: ä¸­å¤®ã‚¢ãƒ•ãƒªã‚«å…±å’Œå›½
 ; [cca2=CF].translations.kor.common
Expected: Ã¬Â¤â€˜Ã¬â€¢â„¢Ã¬â€¢â€žÃ­â€�â€žÃ«Â¦Â¬Ã¬Â¹Â´ ÃªÂ³ÂµÃ­â„¢â€�ÃªÂµÂ­
     got: ì¤‘ì•™ì•„í”„ë¦¬ì¹´ ê³µí™”êµ­
 ; [cca2=CF].translations.kor.official
Expected: Ã¬Â¤â€˜Ã¬â€¢â„¢Ã¬â€¢â€žÃ­â€�â€žÃ«Â¦Â¬Ã¬Â¹Â´ ÃªÂ³ÂµÃ­â„¢â€�ÃªÂµÂ­
     got: ì¤‘ì•™ì•„í”„ë¦¬ì¹´ ê³µí™”êµ­
 ; [cca2=CF].translations.per.common
Expected: Ã˜Â¬Ã™â€¦Ã™â€¡Ã™Ë†Ã˜Â±Ã›Å’ Ã˜Â¢Ã™ï¿½Ã˜Â±Ã›Å’Ã™â€šÃ˜Â§Ã›Å’ Ã™â€¦Ã˜Â±ÃšÂ©Ã˜Â²Ã›Å’
     got: Ø¬Ù…Ù‡ÙˆØ±ÛŒ Ø¢Ù�Ø±ÛŒÙ‚Ø§ÛŒ Ù…Ø±Ú©Ø²ÛŒ
 ; [cca2=CF].translations.per.official
Expected: Ã˜Â¬Ã™â€¦Ã™â€¡Ã™Ë†Ã˜Â±Ã›Å’ Ã˜Â¢Ã™ï¿½Ã˜Â±Ã›Å’Ã™â€šÃ˜Â§Ã›Å’ Ã™â€¦Ã˜Â±ÃšÂ©Ã˜Â²Ã›Å’
     got: Ø¬Ù…Ù‡ÙˆØ±ÛŒ Ø¢Ù�Ø±ÛŒÙ‚Ø§ÛŒ Ù…Ø±Ú©Ø²ÛŒ
 ; [cca2=CF].translations.pol.common
Expected: Republika Ã…Å¡rodkowoafrykaÃ…â€žska
     got: Republika ÅšrodkowoafrykaÅ„ska
 ; [cca2=CF].translations.pol.official
Expected: Republika Ã…Å¡rodkowoafrykaÃ…â€žska
     got: Republika ÅšrodkowoafrykaÅ„ska
 ; [cca2=CF].translations.por.common
Expected: RepÃƒÂºblica Centro-Africana
     got: RepÃºblica Centro-Africana
 ; [cca2=CF].translations.por.official
Expected: RepÃƒÂºblica Centro-Africano
     got: RepÃºblica Centro-Africano
 ; [cca2=CF].translations.rus.common
Expected: Ã�Â¦Ã�ÂµÃ�Â½Ã‘â€šÃ‘â‚¬Ã�Â°Ã�Â»Ã‘Å’Ã�Â½Ã�Â¾Ã�Â°Ã‘â€žÃ‘â‚¬Ã�Â¸Ã�ÂºÃ�Â°Ã�Â½Ã‘ï¿½Ã�ÂºÃ�Â°Ã‘ï¿½ Ã�Â Ã�ÂµÃ‘ï¿½Ã�Â¿Ã‘Æ’Ã�Â±Ã�Â»Ã�Â¸Ã�ÂºÃ�Â°
     got: Ð¦ÐµÐ½Ñ‚Ñ€Ð°Ð»ÑŒÐ½Ð¾Ð°Ñ„Ñ€Ð¸ÐºÐ°Ð½Ñ�ÐºÐ°Ñ� Ð ÐµÑ�Ð¿ÑƒÐ±Ð»Ð¸ÐºÐ°
 ; [cca2=CF].translations.rus.official
Expected: Ã�Â¦Ã�ÂµÃ�Â½Ã‘â€šÃ‘â‚¬Ã�Â°Ã�Â»Ã‘Å’Ã�Â½Ã�Â¾-Ã�ï¿½Ã‘â€žÃ‘â‚¬Ã�Â¸Ã�ÂºÃ�Â°Ã�Â½Ã‘ï¿½Ã�ÂºÃ�Â°Ã‘ï¿½ Ã�Â Ã�ÂµÃ‘ï¿½Ã�Â¿Ã‘Æ’Ã�Â±Ã�Â»Ã�Â¸Ã�ÂºÃ�Â°
     got: Ð¦ÐµÐ½Ñ‚Ñ€Ð°Ð»ÑŒÐ½Ð¾-Ð�Ñ„Ñ€Ð¸ÐºÐ°Ð½Ñ�ÐºÐ°Ñ� Ð ÐµÑ�Ð¿ÑƒÐ±Ð»Ð¸ÐºÐ°
 ; [cca2=CF].translations.slk.common
Expected: StredoafrickÃƒÂ¡ republika
     got: StredoafrickÃ¡ republika
 ; [cca2=CF].translations.slk.official
Expected: StredoafrickÃƒÂ¡ republika
     got: StredoafrickÃ¡ republika
 ; [cca2=CF].translations.spa.common
Expected: RepÃƒÂºblica Centroafricana
     got: RepÃºblica Centroafricana
 ; [cca2=CF].translations.spa.official
Expected: RepÃƒÂºblica Centroafricana
     got: RepÃºblica Centroafricana
 ; [cca2=CF].translations.srp.common
Expected: Ã�Â¦Ã�ÂµÃ�Â½Ã‘â€šÃ‘â‚¬Ã�Â°Ã�Â»Ã�Â½Ã�Â¾Ã�Â°Ã‘â€žÃ‘â‚¬Ã�Â¸Ã‘â€¡Ã�ÂºÃ�Â° Ã�Â Ã�ÂµÃ�Â¿Ã‘Æ’Ã�Â±Ã�Â»Ã�Â¸Ã�ÂºÃ�Â°
     got: Ð¦ÐµÐ½Ñ‚Ñ€Ð°Ð»Ð½Ð¾Ð°Ñ„Ñ€Ð¸Ñ‡ÐºÐ° Ð ÐµÐ¿ÑƒÐ±Ð»Ð¸ÐºÐ°
 ; [cca2=CF].translations.srp.official
Expected: Ã�Â¦Ã�ÂµÃ�Â½Ã‘â€šÃ‘â‚¬Ã�Â°Ã�Â»Ã�Â½Ã�Â¾Ã�Â°Ã‘â€žÃ‘â‚¬Ã�Â¸Ã‘â€¡Ã�ÂºÃ�Â° Ã�Â Ã�ÂµÃ�Â¿Ã‘Æ’Ã�Â±Ã�Â»Ã�Â¸Ã�ÂºÃ�Â°
     got: Ð¦ÐµÐ½Ñ‚Ñ€Ð°Ð»Ð½Ð¾Ð°Ñ„Ñ€Ð¸Ñ‡ÐºÐ° Ð ÐµÐ¿ÑƒÐ±Ð»Ð¸ÐºÐ°
 ; [cca2=CF].translations.urd.common
Expected: Ã™Ë†Ã˜Â³Ã˜Â·Ã›Å’ Ã˜Â§Ã™ï¿½Ã˜Â±Ã›Å’Ã™â€šÃ›Å’ Ã˜Â¬Ã™â€¦Ã›ï¿½Ã™Ë†Ã˜Â±Ã›Å’Ã›ï¿½
     got: ÙˆØ³Ø·ÛŒ Ø§Ù�Ø±ÛŒÙ‚ÛŒ Ø¬Ù…Û�ÙˆØ±ÛŒÛ�
 ; [cca2=CF].translations.urd.official
Expected: Ã™Ë†Ã˜Â³Ã˜Â·Ã›Å’ Ã˜Â§Ã™ï¿½Ã˜Â±Ã›Å’Ã™â€šÃ›Å’ Ã˜Â¬Ã™â€¦Ã›ï¿½Ã™Ë†Ã˜Â±Ã›Å’Ã›ï¿½
     got: ÙˆØ³Ø·ÛŒ Ø§Ù�Ø±ÛŒÙ‚ÛŒ Ø¬Ù…Û�ÙˆØ±ÛŒÛ�
 ; [cca2=CF].translations.zho.common
Expected: Ã¤Â¸Â­Ã©ï¿½Å¾Ã¥â€¦Â±Ã¥â€™Å’Ã¥â€ºÂ½
     got: ä¸­é�žå…±å’Œå›½
 ; [cca2=CF].translations.zho.official
Expected: Ã¤Â¸Â­Ã©ï¿½Å¾Ã¥â€¦Â±Ã¥â€™Å’Ã¥â€ºÂ½
     got: ä¸­é�žå…±å’Œå›½
 ; [cca2=CG].flag
Expected: Ã°Å¸â€¡Â¨Ã°Å¸â€¡Â¬
     got: ðŸ‡¨ðŸ‡¬
 ; [cca2=CG].name.nativeName.fra.common
Expected: RÃƒÂ©publique du Congo
     got: RÃ©publique du Congo
 ; [cca2=CG].name.nativeName.fra.official
Expected: RÃƒÂ©publique du Congo
     got: RÃ©publique du Congo
 ; [cca2=CG].name.nativeName.lin.common
Expected: RepublÃƒÂ­ki ya KongÃƒÂ³
     got: RepublÃ­ki ya KongÃ³
 ; [cca2=CG].name.nativeName.lin.official
Expected: RepublÃƒÂ­ki ya KongÃƒÂ³
     got: RepublÃ­ki ya KongÃ³
 ; [cca2=CG].translations.ara.common
Expected: Ã˜Â¬Ã™â€¦Ã™â€¡Ã™Ë†Ã˜Â±Ã™Å Ã˜Â© Ã˜Â§Ã™â€žÃ™Æ’Ã™Ë†Ã™â€ Ã™ï¿½Ã™Ë†
     got: Ø¬Ù…Ù‡ÙˆØ±ÙŠØ© Ø§Ù„ÙƒÙˆÙ†Ù�Ùˆ
 ; [cca2=CG].translations.ara.official
Expected: Ã˜Â¬Ã™â€¦Ã™â€¡Ã™Ë†Ã˜Â±Ã™Å Ã˜Â© Ã˜Â§Ã™â€žÃ™Æ’Ã™Ë†Ã™â€ Ã˜ÂºÃ™Ë†
     got: Ø¬Ù…Ù‡ÙˆØ±ÙŠØ© Ø§Ù„ÙƒÙˆÙ†ØºÙˆ
 ; [cca2=CG].translations.ces.official
Expected: KonÃ…Â¾skÃƒÂ¡ republika
     got: KonÅ¾skÃ¡ republika
 ; [cca2=CG].translations.fra.official
Expected: RÃƒÂ©publique du Congo
     got: RÃ©publique du Congo
 ; [cca2=CG].translations.hun.common
Expected: KongÃƒÂ³i KÃƒÂ¶ztÃƒÂ¡rsasÃƒÂ¡g
     got: KongÃ³i KÃ¶ztÃ¡rsasÃ¡g
 ; [cca2=CG].translations.hun.official
Expected: KongÃƒÂ³i KÃƒÂ¶ztÃƒÂ¡rsasÃƒÂ¡g
     got: KongÃ³i KÃ¶ztÃ¡rsasÃ¡g
 ; [cca2=CG].translations.jpn.common
Expected: Ã£â€šÂ³Ã£Æ’Â³Ã£â€šÂ´Ã¥â€¦Â±Ã¥â€™Å’Ã¥â€ºÂ½
     got: ã‚³ãƒ³ã‚´å…±å’Œå›½
 ; [cca2=CG].translations.jpn.official
Expected: Ã£â€šÂ³Ã£Æ’Â³Ã£â€šÂ´Ã¥â€¦Â±Ã¥â€™Å’Ã¥â€ºÂ½
     got: ã‚³ãƒ³ã‚´å…±å’Œå›½
 ; [cca2=CG].translations.kor.common
Expected: Ã¬Â½Â©ÃªÂ³Â 
     got: ì½©ê³ 
 ; [cca2=CG].translations.kor.official
Expected: Ã¬Â½Â©ÃªÂ³Â 
     got: ì½©ê³ 
 ; [cca2=CG].translations.per.common
Expected: Ã˜Â¬Ã™â€¦Ã™â€¡Ã™Ë†Ã˜Â±Ã›Å’ ÃšÂ©Ã™ï¿½Ã™â€ ÃšÂ¯Ã™Ë†
     got: Ø¬Ù…Ù‡ÙˆØ±ÛŒ Ú©Ù�Ù†Ú¯Ùˆ
 ; [cca2=CG].translations.per.official
Expected: Ã˜Â¬Ã™â€¦Ã™â€¡Ã™Ë†Ã˜Â±Ã›Å’ Ã˜Â¨Ã˜Â±Ã˜Â§Ã˜Â²Ã˜Â§Ã™Ë†Ã›Å’Ã™â€ž ÃšÂ©Ã™ï¿½Ã™â€ ÃšÂ¯Ã™Ë†
     got: Ø¬Ù…Ù‡ÙˆØ±ÛŒ Ø¨Ø±Ø§Ø²Ø§ÙˆÛŒÙ„ Ú©Ù�Ù†Ú¯Ùˆ
 ; [cca2=CG].translations.por.official
Expected: RepÃƒÂºblica do Congo
     got: RepÃºblica do Congo
 ; [cca2=CG].translations.rus.common
Expected: Ã�Â Ã�ÂµÃ‘ï¿½Ã�Â¿Ã‘Æ’Ã�Â±Ã�Â»Ã�Â¸Ã�ÂºÃ�Â° Ã�Å¡Ã�Â¾Ã�Â½Ã�Â³Ã�Â¾
     got: Ð ÐµÑ�Ð¿ÑƒÐ±Ð»Ð¸ÐºÐ° ÐšÐ¾Ð½Ð³Ð¾
 ; [cca2=CG].translations.rus.official
Expected: Ã�Â Ã�ÂµÃ‘ï¿½Ã�Â¿Ã‘Æ’Ã�Â±Ã�Â»Ã�Â¸Ã�ÂºÃ�Â° Ã�Å¡Ã�Â¾Ã�Â½Ã�Â³Ã�Â¾
     got: Ð ÐµÑ�Ð¿ÑƒÐ±Ð»Ð¸ÐºÐ° ÐšÐ¾Ð½Ð³Ð¾
 ; [cca2=CG].translations.slk.official
Expected: KonÃ…Â¾skÃƒÂ¡ republika
     got: KonÅ¾skÃ¡ republika
 ; [cca2=CG].translations.spa.official
Expected: RepÃƒÂºblica del Congo
     got: RepÃºblica del Congo
 ; [cca2=CG].translations.srp.common
Expected: Ã�Å¡Ã�Â¾Ã�Â½Ã�Â³Ã�Â¾
     got: ÐšÐ¾Ð½Ð³Ð¾
 ; [cca2=CG].translations.srp.official
Expected: Ã�Â Ã�ÂµÃ�Â¿Ã‘Æ’Ã�Â±Ã�Â»Ã�Â¸Ã�ÂºÃ�Â° Ã�Å¡Ã�Â¾Ã�Â½Ã�Â³Ã�Â¾
     got: Ð ÐµÐ¿ÑƒÐ±Ð»Ð¸ÐºÐ° ÐšÐ¾Ð½Ð³Ð¾
 ; [cca2=CG].translations.urd.common
Expected: Ã˜Â¬Ã™â€¦Ã›ï¿½Ã™Ë†Ã˜Â±Ã›Å’Ã›ï¿½ ÃšÂ©Ã˜Â§Ã™â€ ÃšÂ¯Ã™Ë†
     got: Ø¬Ù…Û�ÙˆØ±ÛŒÛ� Ú©Ø§Ù†Ú¯Ùˆ
 ; [cca2=CG].translations.urd.official
Expected: Ã˜Â¬Ã™â€¦Ã›ï¿½Ã™Ë†Ã˜Â±Ã›Å’Ã›ï¿½ ÃšÂ©Ã˜Â§Ã™â€ ÃšÂ¯Ã™Ë†
     got: Ø¬Ù…Û�ÙˆØ±ÛŒÛ� Ú©Ø§Ù†Ú¯Ùˆ
 ; [cca2=CG].translations.zho.common
Expected: Ã¥Ë†Å¡Ã¦Å¾Å“
     got: åˆšæžœ
 ; [cca2=CG].translations.zho.official
Expected: Ã¥Ë†Å¡Ã¦Å¾Å“Ã¥â€¦Â±Ã¥â€™Å’Ã¥â€ºÂ½
     got: åˆšæžœå…±å’Œå›½
 ; [cca2=CH].flag
Expected: Ã°Å¸â€¡Â¨Ã°Å¸â€¡Â­
     got: ðŸ‡¨ðŸ‡­
 ; [cca2=CH].name.nativeName.fra.official
Expected: ConfÃƒÂ©dÃƒÂ©ration suisse
     got: ConfÃ©dÃ©ration suisse
 ; [cca2=CH].translations.ara.common
Expected: Ã˜Â³Ã™Ë†Ã™Å Ã˜Â³Ã˜Â±Ã˜Â§
     got: Ø³ÙˆÙŠØ³Ø±Ø§
 ; [cca2=CH].translations.ara.official
Expected: Ã˜Â§Ã™â€žÃ˜Â§Ã˜ÂªÃ˜Â­Ã˜Â§Ã˜Â¯ Ã˜Â§Ã™â€žÃ˜Â³Ã™Ë†Ã™Å Ã˜Â³Ã˜Â±Ã™Å 
     got: Ø§Ù„Ø§ØªØ­Ø§Ø¯ Ø§Ù„Ø³ÙˆÙŠØ³Ø±ÙŠ
 ; [cca2=CH].translations.ces.common
Expected: Ã…Â vÃƒÂ½carsko
     got: Å vÃ½carsko
 ; [cca2=CH].translations.ces.official
Expected: Ã…Â vÃƒÂ½carskÃƒÂ¡ konfederace
     got: Å vÃ½carskÃ¡ konfederace
 ; [cca2=CH].translations.est.common
Expected: Ã…Â veits
     got: Å veits
 ; [cca2=CH].translations.est.official
Expected: Ã…Â veitsi KonfÃƒÂ¶deratsioon
     got: Å veitsi KonfÃ¶deratsioon
 ; [cca2=CH].translations.fra.official
Expected: ConfÃƒÂ©dÃƒÂ©ration suisse
     got: ConfÃ©dÃ©ration suisse
 ; [cca2=CH].translations.hrv.common
Expected: Ã…Â vicarska
     got: Å vicarska
 ; [cca2=CH].translations.hrv.official
Expected: Ã…Â¡vicarska Konfederacija
     got: Å¡vicarska Konfederacija
 ; [cca2=CH].translations.hun.common
Expected: SvÃƒÂ¡jc
     got: SvÃ¡jc
 ; [cca2=CH].translations.hun.official
Expected: SvÃƒÂ¡jc
     got: SvÃ¡jc
 ; [cca2=CH].translations.jpn.common
Expected: Ã£â€šÂ¹Ã£â€šÂ¤Ã£â€šÂ¹
     got: ã‚¹ã‚¤ã‚¹
 ; [cca2=CH].translations.jpn.official
Expected: Ã£â€šÂ¹Ã£â€šÂ¤Ã£â€šÂ¹Ã©â‚¬Â£Ã©â€šÂ¦
     got: ã‚¹ã‚¤ã‚¹é€£é‚¦
 ; [cca2=CH].translations.kor.common
Expected: Ã¬Å Â¤Ã¬Å“â€žÃ¬Å Â¤
     got: ìŠ¤ìœ„ìŠ¤
 ; [cca2=CH].translations.kor.official
Expected: Ã¬Å Â¤Ã¬Å“â€žÃ¬Å Â¤ Ã¬â€”Â°Ã«Â°Â©
     got: ìŠ¤ìœ„ìŠ¤ ì—°ë°©
 ; [cca2=CH].translations.per.common
Expected: Ã˜Â³Ã™Ë†Ã˜Â¦Ã›Å’Ã˜Â³
     got: Ø³ÙˆØ¦ÛŒØ³
 ; [cca2=CH].translations.per.official
Expected: ÃšÂ©Ã™â€ Ã™ï¿½Ã˜Â¯Ã˜Â±Ã˜Â§Ã˜Â³Ã›Å’Ã™Ë†Ã™â€  Ã˜Â³Ã™Ë†Ã˜Â¦Ã›Å’Ã˜Â³
     got: Ú©Ù†Ù�Ø¯Ø±Ø§Ø³ÛŒÙˆÙ† Ø³ÙˆØ¦ÛŒØ³
 ; [cca2=CH].translations.por.common
Expected: SuÃƒÂ­ÃƒÂ§a
     got: SuÃ­Ã§a
 ; [cca2=CH].translations.por.official
Expected: ConfederaÃƒÂ§ÃƒÂ£o SuÃƒÂ­ÃƒÂ§a
     got: ConfederaÃ§Ã£o SuÃ­Ã§a
 ; [cca2=CH].translations.rus.common
Expected: Ã�Â¨Ã�Â²Ã�ÂµÃ�Â¹Ã‘â€ Ã�Â°Ã‘â‚¬Ã�Â¸Ã‘ï¿½
     got: Ð¨Ð²ÐµÐ¹Ñ†Ð°Ñ€Ð¸Ñ�
 ; [cca2=CH].translations.rus.official
Expected: Ã�Â¨Ã�Â²Ã�ÂµÃ�Â¹Ã‘â€ Ã�Â°Ã‘â‚¬Ã‘ï¿½Ã�ÂºÃ�Â°Ã‘ï¿½ Ã�Å¡Ã�Â¾Ã�Â½Ã‘â€žÃ�ÂµÃ�Â´Ã�ÂµÃ‘â‚¬Ã�Â°Ã‘â€ Ã�Â¸Ã‘ï¿½
     got: Ð¨Ð²ÐµÐ¹Ñ†Ð°Ñ€Ñ�ÐºÐ°Ñ� ÐšÐ¾Ð½Ñ„ÐµÐ´ÐµÑ€Ð°Ñ†Ð¸Ñ�
 ; [cca2=CH].translations.slk.common
Expected: Ã…Â vajÃ„ï¿½iarsko
     got: Å vajÄ�iarsko
 ; [cca2=CH].translations.slk.official
Expected: Ã…Â vajÃ„ï¿½iarska konfederÃƒÂ¡cia
     got: Å vajÄ�iarska konfederÃ¡cia
 ; [cca2=CH].translations.spa.official
Expected: ConfederaciÃƒÂ³n Suiza
     got: ConfederaciÃ³n Suiza
 ; [cca2=CH].translations.srp.common
Expected: Ã�Â¨Ã�Â²Ã�Â°Ã‘ËœÃ‘â€ Ã�Â°Ã‘â‚¬Ã‘ï¿½Ã�ÂºÃ�Â°
     got: Ð¨Ð²Ð°Ñ˜Ñ†Ð°Ñ€Ñ�ÐºÐ°
 ; [cca2=CH].translations.srp.official
Expected: Ã�Â¨Ã�Â²Ã�Â°Ã‘ËœÃ‘â€ Ã�Â°Ã‘â‚¬Ã‘ï¿½Ã�ÂºÃ�Â° Ã�Å¡Ã�Â¾Ã�Â½Ã‘â€žÃ�ÂµÃ�Â´Ã�ÂµÃ‘â‚¬Ã�Â°Ã‘â€ Ã�Â¸Ã‘ËœÃ�Â°
     got: Ð¨Ð²Ð°Ñ˜Ñ†Ð°Ñ€Ñ�ÐºÐ° ÐšÐ¾Ð½Ñ„ÐµÐ´ÐµÑ€Ð°Ñ†Ð¸Ñ˜Ð°
 ; [cca2=CH].translations.swe.official
Expected: Schweiziska edsfÃƒÂ¶rbundet
     got: Schweiziska edsfÃ¶rbundet
 ; [cca2=CH].translations.tur.common
Expected: Ã„Â°sviÃƒÂ§re
     got: Ä°sviÃ§re
 ; [cca2=CH].translations.tur.official
Expected: Ã„Â°sviÃƒÂ§re Konfederasyonu
     got: Ä°sviÃ§re Konfederasyonu
 ; [cca2=CH].translations.urd.common
Expected: Ã˜Â³Ã™Ë†Ã›Å’Ã™Â¹Ã˜Â°Ã˜Â±Ã™â€žÃ›Å’Ã™â€ ÃšË†
     got: Ø³ÙˆÛŒÙ¹Ø°Ø±Ù„ÛŒÙ†Úˆ
 ; [cca2=CH].translations.urd.official
Expected: Ã˜Â³Ã™Ë†Ã˜Â¦Ã›Å’Ã˜Â³  Ã™â€¦Ã˜ÂªÃ˜Â­Ã˜Â¯Ã›ï¿½
     got: Ø³ÙˆØ¦ÛŒØ³  Ù…ØªØ­Ø¯Û�
 ; [cca2=CH].translations.zho.common
Expected: Ã§â€˜Å¾Ã¥Â£Â«
     got: ç‘žå£«
 ; [cca2=CH].translations.zho.official
Expected: Ã§â€˜Å¾Ã¥Â£Â«Ã¨ï¿½â€�Ã©â€šÂ¦
     got: ç‘žå£«è�”é‚¦
 ; [cca2=SX].currencies.ANG.symbol
Expected: Ã†â€™
     got: Æ’
 ; [cca2=SX].flag
Expected: Ã°Å¸â€¡Â¸Ã°Å¸â€¡Â½
     got: ðŸ‡¸ðŸ‡½
 ; [cca2=SX].translations.ara.common
Expected: Ã˜Â³Ã™Å Ã™â€ Ã˜Âª Ã™â€¦Ã˜Â§Ã˜Â±Ã˜ÂªÃ™â€ 
     got: Ø³ÙŠÙ†Øª Ù…Ø§Ø±ØªÙ†
 ; [cca2=SX].translations.ara.official
Expected: Ã˜Â³Ã™Å Ã™â€ Ã˜Âª Ã™â€¦Ã˜Â§Ã˜Â±Ã˜ÂªÃ™â€ 
     got: Ø³ÙŠÙ†Øª Ù…Ø§Ø±ØªÙ†
 ; [cca2=SX].translations.ces.common
Expected: SvatÃƒÂ½ Martin (Nizozemsko)
     got: SvatÃ½ Martin (Nizozemsko)
 ; [cca2=SX].translations.ces.official
Expected: SvatÃƒÂ½ Martin
     got: SvatÃ½ Martin
 ; [cca2=SX].translations.jpn.common
Expected: Ã£â€šÂ·Ã£Æ’Â³Ã£Æ’Ë†Ã£Æ’Â»Ã£Æ’Å¾Ã£Æ’Â¼Ã£Æ’Â«Ã£Æ’â€ Ã£Æ’Â³
     got: ã‚·ãƒ³ãƒˆãƒ»ãƒžãƒ¼ãƒ«ãƒ†ãƒ³
 ; [cca2=SX].translations.jpn.official
Expected: Ã£â€šÂ·Ã£Æ’Â³Ã£Æ’Ë†Ã£Æ’Å¾Ã£Æ’Â¼Ã£Æ’Â«Ã£Æ’â€ Ã£Æ’Â³Ã¥Â³Â¶
     got: ã‚·ãƒ³ãƒˆãƒžãƒ¼ãƒ«ãƒ†ãƒ³å³¶
 ; [cca2=SX].translations.kor.common
Expected: Ã¬â€¹Â Ã­Å Â¸Ã«Â§Ë†Ã«Â¥Â´Ã­â€žÂ´
     got: ì‹ íŠ¸ë§ˆë¥´í„´
 ; [cca2=SX].translations.kor.official
Expected: Ã¬â€¹Â Ã­Å Â¸Ã«Â§Ë†Ã«Â¥Â´Ã­â€žÂ´
     got: ì‹ íŠ¸ë§ˆë¥´í„´
 ; [cca2=SX].translations.per.common
Expected: Ã˜Â³Ã™â€  Ã™â€¦Ã˜Â§Ã˜Â±Ã˜ÂªÃ™â€ 
     got: Ø³Ù† Ù…Ø§Ø±ØªÙ†
 ; [cca2=SX].translations.per.official
Expected: Ã˜Â³Ã™â€  Ã™â€¦Ã˜Â§Ã˜Â±Ã˜ÂªÃ™â€ 
     got: Ø³Ù† Ù…Ø§Ø±ØªÙ†
 ; [cca2=SX].translations.por.common
Expected: SÃƒÂ£o Martinho
     got: SÃ£o Martinho
 ; [cca2=SX].translations.rus.common
Expected: Ã�Â¡Ã�Â¸Ã�Â½Ã‘â€š-Ã�Å“Ã�Â°Ã‘â‚¬Ã‘â€šÃ�ÂµÃ�Â½
     got: Ð¡Ð¸Ð½Ñ‚-ÐœÐ°Ñ€Ñ‚ÐµÐ½
 ; [cca2=SX].translations.rus.official
Expected: Ã�Â¡Ã�Â¸Ã�Â½Ã‘â€š-Ã�Å“Ã�Â°Ã�Â°Ã‘â‚¬Ã‘â€šÃ�ÂµÃ�Â½
     got: Ð¡Ð¸Ð½Ñ‚-ÐœÐ°Ð°Ñ€Ñ‚ÐµÐ½
 ; [cca2=SX].translations.srp.common
Expected: Ã�Â¡Ã�Â²Ã�ÂµÃ‘â€šÃ�Â¸ Ã�Å“Ã�Â°Ã‘â‚¬Ã‘â€šÃ�Â¸Ã�Â½
     got: Ð¡Ð²ÐµÑ‚Ð¸ ÐœÐ°Ñ€Ñ‚Ð¸Ð½
 ; [cca2=SX].translations.srp.official
Expected: Ã�Â¡Ã�Â²Ã�ÂµÃ‘â€šÃ�Â¸ Ã�Å“Ã�Â°Ã‘â‚¬Ã‘â€šÃ�Â¸Ã�Â½
     got: Ð¡Ð²ÐµÑ‚Ð¸ ÐœÐ°Ñ€Ñ‚Ð¸Ð½
 ; [cca2=SX].translations.urd.common
Expected: Ã˜Â³Ã™â€ Ã™Â¹ Ã™â€¦Ã˜Â§Ã˜Â±Ã™Â¹Ã™â€ 
     got: Ø³Ù†Ù¹ Ù…Ø§Ø±Ù¹Ù†
 ; [cca2=SX].translations.urd.official
Expected: Ã˜Â³Ã™â€ Ã™Â¹ Ã™â€¦Ã˜Â§Ã˜Â±Ã™Â¹Ã™â€ 
     got: Ø³Ù†Ù¹ Ù…Ø§Ø±Ù¹Ù†
 ; [cca2=SX].translations.zho.common
Expected: Ã¥Å“Â£Ã©Â©Â¬Ã¤Â¸ï¿½Ã¥Â²â€º
     got: åœ£é©¬ä¸�å²›
 ; [cca2=SX].translations.zho.official
Expected: Ã¥Å“Â£Ã©Â©Â¬Ã¤Â¸ï¿½Ã¥Â²â€º
     got: åœ£é©¬ä¸�å²›
 ; [cca2=CI].altSpellings[]
Expected: RÃƒÂ©publique de CÃƒÂ´te d&apos;Ivoire
     but none found
 ; [cca2=CI].altSpellings[]
Expected: Republic of CÃƒÂ´te d&apos;Ivoire
     but none found
 ; [cca2=CI].altSpellings[]
Expected: CÃƒÂ´te d&apos;Ivoire
     but none found
 ; [cca2=CI].altSpellings[]
Unexpected: RÃ©publique de CÃ´te d&apos;Ivoire
 ; [cca2=CI].altSpellings[]
Unexpected: CÃ´te d&apos;Ivoire
 ; [cca2=CI].altSpellings[]
Unexpected: Republic of CÃ´te d&apos;Ivoire
 ; [cca2=CI].flag
Expected: Ã°Å¸â€¡Â¨Ã°Å¸â€¡Â®
     got: ðŸ‡¨ðŸ‡®
 ; [cca2=CI].name.nativeName.fra.common
Expected: CÃƒÂ´te d&apos;Ivoire
     got: CÃ´te d&apos;Ivoire
 ; [cca2=CI].name.nativeName.fra.official
Expected: RÃƒÂ©publique de CÃƒÂ´te d&apos;Ivoire
     got: RÃ©publique de CÃ´te d&apos;Ivoire
 ; [cca2=CI].name.official
Expected: Republic of CÃƒÂ´te d&apos;Ivoire
     got: Republic of CÃ´te d&apos;Ivoire
 ; [cca2=CI].translations.ara.common
Expected: Ã˜Â³Ã˜Â§Ã˜Â­Ã™â€ž Ã˜Â§Ã™â€žÃ˜Â¹Ã˜Â§Ã˜Â¬
     got: Ø³Ø§Ø­Ù„ Ø§Ù„Ø¹Ø§Ø¬
 ; [cca2=CI].translations.ara.official
Expected: Ã˜Â¬Ã™â€¦Ã™â€¡Ã™Ë†Ã˜Â±Ã™Å Ã˜Â© Ã˜Â³Ã˜Â§Ã˜Â­Ã™â€ž Ã˜Â§Ã™â€žÃ˜Â¹Ã˜Â§Ã˜Â¬
     got: Ø¬Ù…Ù‡ÙˆØ±ÙŠØ© Ø³Ø§Ø­Ù„ Ø§Ù„Ø¹Ø§Ø¬
 ; [cca2=CI].translations.ces.common
Expected: PobÃ…â„¢eÃ…Â¾ÃƒÂ­ slonoviny
     got: PobÅ™eÅ¾Ã­ slonoviny
 ; [cca2=CI].translations.ces.official
Expected: Republika PobÃ…â„¢eÃ…Â¾ÃƒÂ­ slonoviny
     got: Republika PobÅ™eÅ¾Ã­ slonoviny
 ; [cca2=CI].translations.cym.official
Expected: Republic of CÃƒÂ´te d&apos;Ivoire
     got: Republic of CÃ´te d&apos;Ivoire
 ; [cca2=CI].translations.deu.common
Expected: ElfenbeinkÃƒÂ¼ste
     got: ElfenbeinkÃ¼ste
 ; [cca2=CI].translations.deu.official
Expected: Republik CÃƒÂ´te d&apos;Ivoire
     got: Republik CÃ´te d&apos;Ivoire
 ; [cca2=CI].translations.est.official
Expected: CÃƒÂ´te dÃ¢â‚¬â„¢IvoireÃ¢â‚¬â„¢i Vabariik
     got: CÃ´te dâ€™Ivoireâ€™i Vabariik
 ; [cca2=CI].translations.fra.common
Expected: CÃƒÂ´te d&apos;Ivoire
     got: CÃ´te d&apos;Ivoire
 ; [cca2=CI].translations.fra.official
Expected: RÃƒÂ©publique de CÃƒÂ´te d&apos; Ivoire
     got: RÃ©publique de CÃ´te d&apos; Ivoire
 ; [cca2=CI].translations.hrv.official
Expected: Republika CÃƒÂ´te d&apos;Ivoire
     got: Republika CÃ´te d&apos;Ivoire
 ; [cca2=CI].translations.hun.common
Expected: ElefÃƒÂ¡ntcsontpart
     got: ElefÃ¡ntcsontpart
 ; [cca2=CI].translations.hun.official
Expected: ElefÃƒÂ¡ntcsontparti KÃƒÂ¶ztÃƒÂ¡rsasÃƒÂ¡g
     got: ElefÃ¡ntcsontparti KÃ¶ztÃ¡rsasÃ¡g
 ; [cca2=CI].translations.jpn.common
Expected: Ã£â€šÂ³Ã£Æ’Â¼Ã£Æ’Ë†Ã£â€šÂ¸Ã£Æ’Å“Ã£Æ’Â¯Ã£Æ’Â¼Ã£Æ’Â«
     got: ã‚³ãƒ¼ãƒˆã‚¸ãƒœãƒ¯ãƒ¼ãƒ«
 ; [cca2=CI].translations.jpn.official
Expected: Ã£â€šÂ³Ã£Æ’Â¼Ã£Æ’Ë†Ã£â€šÂ¸Ã£Æ’Å“Ã£Æ’Â¯Ã£Æ’Â¼Ã£Æ’Â«Ã¥â€¦Â±Ã¥â€™Å’Ã¥â€ºÂ½
     got: ã‚³ãƒ¼ãƒˆã‚¸ãƒœãƒ¯ãƒ¼ãƒ«å…±å’Œå›½
 ; [cca2=CI].translations.kor.common
Expected: Ã¬Â½â€�Ã­Å Â¸Ã«â€�â€�Ã«Â¶â‚¬Ã¬â€¢â€žÃ«Â¥Â´
     got: ì½”íŠ¸ë””ë¶€ì•„ë¥´
 ; [cca2=CI].translations.kor.official
Expected: Ã¬Â½â€�Ã­Å Â¸Ã«â€�â€�Ã«Â¶â‚¬Ã¬â€¢â€žÃ«Â¥Â´ ÃªÂ³ÂµÃ­â„¢â€�ÃªÂµÂ­
     got: ì½”íŠ¸ë””ë¶€ì•„ë¥´ ê³µí™”êµ­
 ; [cca2=CI].translations.per.common
Expected: Ã˜Â³Ã˜Â§Ã˜Â­Ã™â€ž Ã˜Â¹Ã˜Â§Ã˜Â¬
     got: Ø³Ø§Ø­Ù„ Ø¹Ø§Ø¬
 ; [cca2=CI].translations.per.official
Expected: Ã˜Â¬Ã™â€¦Ã™â€¡Ã™Ë†Ã˜Â±Ã›Å’ Ã˜Â³Ã˜Â§Ã˜Â­Ã™â€ž Ã˜Â¹Ã˜Â§Ã˜Â¬
     got: Ø¬Ù…Ù‡ÙˆØ±ÛŒ Ø³Ø§Ø­Ù„ Ø¹Ø§Ø¬
 ; [cca2=CI].translations.pol.common
Expected: WybrzeÃ…Â»e KoÃ…â€ºci SÃ…â€šoniowej
     got: WybrzeÅ»e KoÅ›ci SÅ‚oniowej
 ; [cca2=CI].translations.pol.official
Expected: Republika WybrzeÃ…Â»a KoÃ…â€ºci SÃ…â€šoniowej
     got: Republika WybrzeÅ»a KoÅ›ci SÅ‚oniowej
 ; [cca2=CI].translations.por.official
Expected: RepÃƒÂºblica da CÃƒÂ´te d&apos;Ivoire
     got: RepÃºblica da CÃ´te d&apos;Ivoire
 ; [cca2=CI].translations.rus.common
Expected: Ã�Å¡Ã�Â¾Ã‘â€š-Ã�Â´Ã¢â‚¬â„¢Ã�ËœÃ�Â²Ã‘Æ’Ã�Â°Ã‘â‚¬
     got: ÐšÐ¾Ñ‚-Ð´â€™Ð˜Ð²ÑƒÐ°Ñ€
 ; [cca2=CI].translations.rus.official
Expected: Ã�Â Ã�ÂµÃ‘ï¿½Ã�Â¿Ã‘Æ’Ã�Â±Ã�Â»Ã�Â¸Ã�ÂºÃ�Â° Ã�Å¡Ã�Â¾Ã‘â€š-Ã�Â´&apos;Ã�ËœÃ�Â²Ã‘Æ’Ã�Â°Ã‘â‚¬Ã�Âµ
     got: Ð ÐµÑ�Ð¿ÑƒÐ±Ð»Ð¸ÐºÐ° ÐšÐ¾Ñ‚-Ð´&apos;Ð˜Ð²ÑƒÐ°Ñ€Ðµ
 ; [cca2=CI].translations.slk.common
Expected: PobrÃ…Â¾ie Slonoviny
     got: PobrÅ¾ie Slonoviny
 ; [cca2=CI].translations.slk.official
Expected: Republika PobreÃ…Â¾ie Slonoviny
     got: Republika PobreÅ¾ie Slonoviny
 ; [cca2=CI].translations.spa.official
Expected: RepÃƒÂºblica de CÃƒÂ´te d&apos;Ivoire
     got: RepÃºblica de CÃ´te d&apos;Ivoire
 ; [cca2=CI].translations.srp.common
Expected: Ã�Å¾Ã�Â±Ã�Â°Ã�Â»Ã�Â° Ã�Â¡Ã�Â»Ã�Â¾Ã�Â½Ã�Â¾Ã�Â²Ã�Â°Ã‘â€¡Ã�Âµ
     got: ÐžÐ±Ð°Ð»Ð° Ð¡Ð»Ð¾Ð½Ð¾Ð²Ð°Ñ‡Ðµ
 ; [cca2=CI].translations.srp.official
Expected: Ã�Â Ã�ÂµÃ�Â¿Ã‘Æ’Ã�Â±Ã�Â»Ã�Â¸Ã�ÂºÃ�Â° Ã�Å¾Ã�Â±Ã�Â°Ã�Â»Ã�Â° Ã�Â¡Ã�Â»Ã�Â¾Ã�Â½Ã�Â¾Ã�Â²Ã�Â°Ã‘â€¡Ã�Âµ
     got: Ð ÐµÐ¿ÑƒÐ±Ð»Ð¸ÐºÐ° ÐžÐ±Ð°Ð»Ð° Ð¡Ð»Ð¾Ð½Ð¾Ð²Ð°Ñ‡Ðµ
 ; [cca2=CI].translations.tur.common
Expected: FildiÃ…Å¸i Sahili
     got: FildiÅŸi Sahili
 ; [cca2=CI].translations.tur.official
Expected: FildiÃ…Å¸i Sahili
     got: FildiÅŸi Sahili
 ; [cca2=CI].translations.urd.common
Expected: Ã˜Â¢Ã˜Â¦Ã›Å’Ã™Ë†Ã˜Â±Ã›Å’ ÃšÂ©Ã™Ë†Ã˜Â³Ã™Â¹
     got: Ø¢Ø¦ÛŒÙˆØ±ÛŒ Ú©ÙˆØ³Ù¹
 ; [cca2=CI].translations.urd.official
Expected: Ã˜Â¬Ã™â€¦Ã›ï¿½Ã™Ë†Ã˜Â±Ã›Å’Ã›ï¿½ ÃšÂ©Ã™Ë†Ã˜Âª Ã˜Â¯Ã›Å’Ã™Ë†Ã˜Â§Ã˜Âº
     got: Ø¬Ù…Û�ÙˆØ±ÛŒÛ� Ú©ÙˆØª Ø¯ÛŒÙˆØ§Øº
 ; [cca2=CI].translations.zho.common
Expected: Ã§Â§â€˜Ã§â€°Â¹Ã¨Â¿ÂªÃ§â€œÂ¦
     got: ç§‘ç‰¹è¿ªç“¦
 ; [cca2=CI].translations.zho.official
Expected: Ã§Â§â€˜Ã§â€°Â¹Ã¨Â¿ÂªÃ§â€œÂ¦Ã¥â€¦Â±Ã¥â€™Å’Ã¥â€ºÂ½
     got: ç§‘ç‰¹è¿ªç“¦å…±å’Œå›½
 ; [cca2=SY].altSpellings[]
Expected: Al-JumhÃ…Â«rÃ„Â«yah Al-ÃŠÂ»ArabÃ„Â«yah As-SÃ…Â«rÃ„Â«yah
     but none found
 ; [cca2=SY].altSpellings[]
Unexpected: Al-JumhÅ«rÄ«yah Al-Ê»ArabÄ«yah As-SÅ«rÄ«yah
 ; [cca2=SY].currencies.SYP.symbol
Expected: Ã‚Â£
     got: Â£
 ; [cca2=SY].flag
Expected: Ã°Å¸â€¡Â¸Ã°Å¸â€¡Â¾
     got: ðŸ‡¸ðŸ‡¾
 ; [cca2=SY].name.nativeName.ara.common
Expected: Ã˜Â³Ã™Ë†Ã˜Â±Ã™Å Ã˜Â§
     got: Ø³ÙˆØ±ÙŠØ§
 ; [cca2=SY].name.nativeName.ara.official
Expected: Ã˜Â§Ã™â€žÃ˜Â¬Ã™â€¦Ã™â€¡Ã™Ë†Ã˜Â±Ã™Å Ã˜Â© Ã˜Â§Ã™â€žÃ˜Â¹Ã˜Â±Ã˜Â¨Ã™Å Ã˜Â© Ã˜Â§Ã™â€žÃ˜Â³Ã™Ë†Ã˜Â±Ã™Å Ã˜Â©
     got: Ø§Ù„Ø¬Ù…Ù‡ÙˆØ±ÙŠØ© Ø§Ù„Ø¹Ø±Ø¨ÙŠØ© Ø§Ù„Ø³ÙˆØ±ÙŠØ©
 ; [cca2=SY].tld[]
Expected: Ã˜Â³Ã™Ë†Ã˜Â±Ã™Å Ã˜Â§.
     but none found
 ; [cca2=SY].tld[]
Unexpected: Ø³ÙˆØ±ÙŠØ§.
 ; [cca2=SY].translations.ara.common
Expected: Ã˜Â³Ã™Ë†Ã˜Â±Ã™Å Ã˜Â§
     got: Ø³ÙˆØ±ÙŠØ§
 ; [cca2=SY].translations.ara.official
Expected: Ã˜Â§Ã™â€žÃ˜Â¬Ã™â€¦Ã™â€¡Ã™Ë†Ã˜Â±Ã™Å Ã˜Â© Ã˜Â§Ã™â€žÃ˜Â¹Ã˜Â±Ã˜Â¨Ã™Å Ã˜Â© Ã˜Â§Ã™â€žÃ˜Â³Ã™Ë†Ã˜Â±Ã™Å Ã˜Â©
     got: Ø§Ù„Ø¬Ù…Ù‡ÙˆØ±ÙŠØ© Ø§Ù„Ø¹Ø±Ø¨ÙŠØ© Ø§Ù„Ø³ÙˆØ±ÙŠØ©
 ; [cca2=SY].translations.ces.common
Expected: SÃƒÂ½rie
     got: SÃ½rie
 ; [cca2=SY].translations.ces.official
Expected: SyrskÃƒÂ¡ arabskÃƒÂ¡ republika
     got: SyrskÃ¡ arabskÃ¡ republika
 ; [cca2=SY].translations.est.common
Expected: SÃƒÂ¼ÃƒÂ¼ria
     got: SÃ¼Ã¼ria
 ; [cca2=SY].translations.est.official
Expected: SÃƒÂ¼ÃƒÂ¼ria Araabia Vabariik
     got: SÃ¼Ã¼ria Araabia Vabariik
 ; [cca2=SY].translations.fra.official
Expected: RÃƒÂ©publique arabe syrienne
     got: RÃ©publique arabe syrienne
 ; [cca2=SY].translations.hun.common
Expected: SzÃƒÂ­ria
     got: SzÃ­ria
 ; [cca2=SY].translations.hun.official
Expected: SzÃƒÂ­riai Arab KÃƒÂ¶ztÃƒÂ¡rsasÃƒÂ¡g
     got: SzÃ­riai Arab KÃ¶ztÃ¡rsasÃ¡g
 ; [cca2=SY].translations.jpn.common
Expected: Ã£â€šÂ·Ã£Æ’ÂªÃ£â€šÂ¢Ã£Æ’Â»Ã£â€šÂ¢Ã£Æ’Â©Ã£Æ’â€“Ã¥â€¦Â±Ã¥â€™Å’Ã¥â€ºÂ½
     got: ã‚·ãƒªã‚¢ãƒ»ã‚¢ãƒ©ãƒ–å…±å’Œå›½
 ; [cca2=SY].translations.jpn.official
Expected: Ã£â€šÂ·Ã£Æ’ÂªÃ£â€šÂ¢Ã£â€šÂ¢Ã£Æ’Â©Ã£Æ’â€“Ã¥â€¦Â±Ã¥â€™Å’Ã¥â€ºÂ½
     got: ã‚·ãƒªã‚¢ã‚¢ãƒ©ãƒ–å…±å’Œå›½
 ; [cca2=SY].translations.kor.common
Expected: Ã¬â€¹Å“Ã«Â¦Â¬Ã¬â€¢â€ž
     got: ì‹œë¦¬ì•„
 ; [cca2=SY].translations.kor.official
Expected: Ã¬â€¹Å“Ã«Â¦Â¬Ã¬â€¢â€ž Ã¬â€¢â€žÃ«Å¾ï¿½ ÃªÂ³ÂµÃ­â„¢â€�ÃªÂµÂ­
     got: ì‹œë¦¬ì•„ ì•„ëž� ê³µí™”êµ­
 ; [cca2=SY].translations.nld.common
Expected: SyriÃƒÂ«
     got: SyriÃ«
 ; [cca2=SY].translations.per.common
Expected: Ã˜Â³Ã™Ë†Ã˜Â±Ã›Å’Ã™â€¡
     got: Ø³ÙˆØ±ÛŒÙ‡
 ; [cca2=SY].translations.per.official
Expected: Ã˜Â¬Ã™â€¦Ã™â€¡Ã™Ë†Ã˜Â±Ã›Å’ Ã˜Â¹Ã˜Â±Ã˜Â¨Ã›Å’ Ã˜Â³Ã™Ë†Ã˜Â±Ã›Å’Ã™â€¡
     got: Ø¬Ù…Ù‡ÙˆØ±ÛŒ Ø¹Ø±Ø¨ÛŒ Ø³ÙˆØ±ÛŒÙ‡
 ; [cca2=SY].translations.por.common
Expected: SÃƒÂ­ria
     got: SÃ­ria
 ; [cca2=SY].translations.por.official
Expected: RepÃƒÂºblica Ãƒï¿½rabe SÃƒÂ­ria
     got: RepÃºblica Ã�rabe SÃ­ria
 ; [cca2=SY].translations.rus.common
Expected: Ã�Â¡Ã�Â¸Ã‘â‚¬Ã�Â¸Ã‘ï¿½
     got: Ð¡Ð¸Ñ€Ð¸Ñ�
 ; [cca2=SY].translations.rus.official
Expected: Ã�Â¡Ã�Â¸Ã‘â‚¬Ã�Â¸Ã�Â¹Ã‘ï¿½Ã�ÂºÃ�Â°Ã‘ï¿½ Ã�ï¿½Ã‘â‚¬Ã�Â°Ã�Â±Ã‘ï¿½Ã�ÂºÃ�Â°Ã‘ï¿½ Ã�Â Ã�ÂµÃ‘ï¿½Ã�Â¿Ã‘Æ’Ã�Â±Ã�Â»Ã�Â¸Ã�ÂºÃ�Â°
     got: Ð¡Ð¸Ñ€Ð¸Ð¹Ñ�ÐºÐ°Ñ� Ð�Ñ€Ð°Ð±Ñ�ÐºÐ°Ñ� Ð ÐµÑ�Ð¿ÑƒÐ±Ð»Ð¸ÐºÐ°
 ; [cca2=SY].translations.slk.common
Expected: SÃƒÂ½ria
     got: SÃ½ria
 ; [cca2=SY].translations.slk.official
Expected: SÃƒÂ½rska arabskÃƒÂ¡ republika
     got: SÃ½rska arabskÃ¡ republika
 ; [cca2=SY].translations.spa.official
Expected: RepÃƒÂºblica Ãƒï¿½rabe Siria
     got: RepÃºblica Ã�rabe Siria
 ; [cca2=SY].translations.srp.common
Expected: Ã�Â¡Ã�Â¸Ã‘â‚¬Ã�Â¸Ã‘ËœÃ�Â°
     got: Ð¡Ð¸Ñ€Ð¸Ñ˜Ð°
 ; [cca2=SY].translations.srp.official
Expected: Ã�Â¡Ã�Â¸Ã‘â‚¬Ã�Â¸Ã‘ËœÃ‘ï¿½Ã�ÂºÃ�Â° Ã�ï¿½Ã‘â‚¬Ã�Â°Ã�Â¿Ã‘ï¿½Ã�ÂºÃ�Â° Ã�Â Ã�ÂµÃ�Â¿Ã‘Æ’Ã�Â±Ã�Â»Ã�Â¸Ã�ÂºÃ�Â°
     got: Ð¡Ð¸Ñ€Ð¸Ñ˜Ñ�ÐºÐ° Ð�Ñ€Ð°Ð¿Ñ�ÐºÐ° Ð ÐµÐ¿ÑƒÐ±Ð»Ð¸ÐºÐ°
 ; [cca2=SY].translations.urd.common
Expected: Ã˜Â³Ã™Ë†Ã˜Â±Ã›Å’Ã›ï¿½
     got: Ø³ÙˆØ±ÛŒÛ�
 ; [cca2=SY].translations.urd.official
Expected: Ã˜Â¹Ã˜Â±Ã˜Â¨ Ã˜Â¬Ã™â€¦Ã›ï¿½Ã™Ë†Ã˜Â±Ã›Å’Ã›ï¿½ Ã˜Â³Ã™Ë†Ã˜Â±Ã›Å’Ã›ï¿½
     got: Ø¹Ø±Ø¨ Ø¬Ù…Û�ÙˆØ±ÛŒÛ� Ø³ÙˆØ±ÛŒÛ�
 ; [cca2=SY].translations.zho.common
Expected: Ã¥ï¿½â„¢Ã¥Ë†Â©Ã¤ÂºÅ¡
     got: å�™åˆ©äºš
 ; [cca2=SY].translations.zho.official
Expected: Ã¥ï¿½â„¢Ã¥Ë†Â©Ã¤ÂºÅ¡Ã©ËœÂ¿Ã¦â€¹â€°Ã¤Â¼Â¯Ã¥â€¦Â±Ã¥â€™Å’Ã¥â€ºÂ½
     got: å�™åˆ©äºšé˜¿æ‹‰ä¼¯å…±å’Œå›½
 ; [cca2=SZ].flag
Expected: Ã°Å¸â€¡Â¸Ã°Å¸â€¡Â¿
     got: ðŸ‡¸ðŸ‡¿
 ; [cca2=SZ].flags.alt
Expected: The flag of Eswatini is composed of three horizontal bands Ã¢â‚¬â€� a large central yellow-edged red band, and a light blue band above and beneath the red band. The red band is three times the height of the blue bands and bears a centered emblem made up of a large black and white Nguni shield covering two spears and a staff decorated with feather tassels, all placed horizontally.
     got: The flag of Eswatini is composed of three horizontal bands â€” a large central yellow-edged red band, and a light blue band above and beneath the red band. The red band is three times the height of the blue bands and bears a centered emblem made up of a large black and white Nguni shield covering two spears and a staff decorated with feather tassels, all placed horizontally.
 ; [cca2=SZ].translations.ara.common
Expected: Ã˜Â¥Ã˜Â³Ã™Ë†Ã˜Â§Ã˜ÂªÃ™Å Ã™â€ Ã™Å 
     got: Ø¥Ø³ÙˆØ§ØªÙŠÙ†ÙŠ
 ; [cca2=SZ].translations.ara.official
Expected: Ã™â€¦Ã™â€¦Ã™â€žÃ™Æ’Ã˜Â© Ã˜Â¥Ã˜Â³Ã™Ë†Ã˜Â§Ã˜ÂªÃ™Å Ã™â€ Ã™Å 
     got: Ù…Ù…Ù„ÙƒØ© Ø¥Ø³ÙˆØ§ØªÙŠÙ†ÙŠ
 ; [cca2=SZ].translations.ces.official
Expected: SvazijskÃƒÂ© krÃƒÂ¡lovstvÃƒÂ­
     got: SvazijskÃ© krÃ¡lovstvÃ­
 ; [cca2=SZ].translations.deu.official
Expected: KÃƒÂ¶nigreich Eswatini
     got: KÃ¶nigreich Eswatini
 ; [cca2=SZ].translations.fra.official
Expected: Royaume dÃ¢â‚¬â„¢Eswatini
     got: Royaume dâ€™Eswatini
 ; [cca2=SZ].translations.hun.common
Expected: SzvÃƒÂ¡zifÃƒÂ¶ld
     got: SzvÃ¡zifÃ¶ld
 ; [cca2=SZ].translations.hun.official
Expected: SzvÃƒÂ¡zifÃƒÂ¶ldi KirÃƒÂ¡lysÃƒÂ¡g
     got: SzvÃ¡zifÃ¶ldi KirÃ¡lysÃ¡g
 ; [cca2=SZ].translations.jpn.common
Expected: Ã£â€šÂ¹Ã£Æ’Â¯Ã£â€šÂ¸Ã£Æ’Â©Ã£Æ’Â³Ã£Æ’â€°
     got: ã‚¹ãƒ¯ã‚¸ãƒ©ãƒ³ãƒ‰
 ; [cca2=SZ].translations.jpn.official
Expected: Ã£â€šÂ¹Ã£Æ’Â¯Ã£â€šÂ¸Ã£Æ’Â©Ã£Æ’Â³Ã£Æ’â€°Ã§Å½â€¹Ã¥â€ºÂ½
     got: ã‚¹ãƒ¯ã‚¸ãƒ©ãƒ³ãƒ‰çŽ‹å›½
 ; [cca2=SZ].translations.kor.common
Expected: Ã¬â€”ï¿½Ã¬Å Â¤Ã¬â„¢â‚¬Ã­â€¹Â°Ã«â€¹Ë†
     got: ì—�ìŠ¤ì™€í‹°ë‹ˆ
 ; [cca2=SZ].translations.kor.official
Expected: Ã¬â€”ï¿½Ã¬Å Â¤Ã¬â„¢â‚¬Ã­â€¹Â°Ã«â€¹Ë† Ã¬â„¢â€¢ÃªÂµÂ­
     got: ì—�ìŠ¤ì™€í‹°ë‹ˆ ì™•êµ­
 ; [cca2=SZ].translations.per.common
Expected: Ã˜Â§Ã˜Â³Ã™Ë†Ã˜Â§Ã˜ÂªÃ›Å’Ã™â€ Ã›Å’
     got: Ø§Ø³ÙˆØ§ØªÛŒÙ†ÛŒ
 ; [cca2=SZ].translations.per.official
Expected: Ã™Â¾Ã˜Â§Ã˜Â¯Ã˜Â´Ã˜Â§Ã™â€¡Ã›Å’ Ã˜Â³Ã™Ë†Ã˜Â§Ã˜Â²Ã›Å’Ã™â€žÃ™â€ Ã˜Â¯
     got: Ù¾Ø§Ø¯Ø´Ø§Ù‡ÛŒ Ø³ÙˆØ§Ø²ÛŒÙ„Ù†Ø¯
 ; [cca2=SZ].translations.pol.official
Expected: KrÃƒÂ³lestwo Suazi
     got: KrÃ³lestwo Suazi
 ; [cca2=SZ].translations.por.common
Expected: SuazilÃƒÂ¢ndia
     got: SuazilÃ¢ndia
 ; [cca2=SZ].translations.rus.common
Expected: Ã�Â¡Ã�Â²Ã�Â°Ã�Â·Ã�Â¸Ã�Â»Ã�ÂµÃ�Â½Ã�Â´
     got: Ð¡Ð²Ð°Ð·Ð¸Ð»ÐµÐ½Ð´
 ; [cca2=SZ].translations.rus.official
Expected: Ã�Å¡Ã�Â¾Ã‘â‚¬Ã�Â¾Ã�Â»Ã�ÂµÃ�Â²Ã‘ï¿½Ã‘â€šÃ�Â²Ã�Â¾ Ã�Â¡Ã�Â²Ã�Â°Ã�Â·Ã�Â¸Ã�Â»Ã�ÂµÃ�Â½Ã�Â´
     got: ÐšÐ¾Ñ€Ð¾Ð»ÐµÐ²Ñ�Ñ‚Ð²Ð¾ Ð¡Ð²Ð°Ð·Ð¸Ð»ÐµÐ½Ð´
 ; [cca2=SZ].translations.slk.official
Expected: SvazijskÃƒÂ© krÃƒÂ¡Ã„Â¾ovstvo
     got: SvazijskÃ© krÃ¡Ä¾ovstvo
 ; [cca2=SZ].translations.srp.common
Expected: Ã�â€¢Ã‘ï¿½Ã�Â²Ã�Â°Ã‘â€šÃ�Â¸Ã�Â½Ã�Â¸
     got: Ð•Ñ�Ð²Ð°Ñ‚Ð¸Ð½Ð¸
 ; [cca2=SZ].translations.srp.official
Expected: Ã�Å¡Ã‘â‚¬Ã�Â°Ã‘â„¢Ã�ÂµÃ�Â²Ã�Â¸Ã�Â½Ã�Â° Ã�â€¢Ã‘ï¿½Ã�Â²Ã�Â°Ã‘â€šÃ�Â¸Ã�Â½Ã�Â¸
     got: ÐšÑ€Ð°Ñ™ÐµÐ²Ð¸Ð½Ð° Ð•Ñ�Ð²Ð°Ñ‚Ð¸Ð½Ð¸
 ; [cca2=SZ].translations.tur.official
Expected: Esvatini KrallÃ„Â±Ã„Å¸Ã„Â±
     got: Esvatini KrallÄ±ÄŸÄ±
 ; [cca2=SZ].translations.urd.common
Expected: Ã˜Â³Ã™Ë†Ã˜Â§Ã˜Â²Ã›Å’ Ã™â€žÃ›Å’Ã™â€ ÃšË†
     got: Ø³ÙˆØ§Ø²ÛŒ Ù„ÛŒÙ†Úˆ
 ; [cca2=SZ].translations.urd.official
Expected: Ã™â€¦Ã™â€¦Ã™â€žÃšÂ©Ã˜ÂªÃ™ï¿½ Ã˜Â³Ã™Ë†Ã˜Â§Ã˜Â²Ã›Å’ Ã™â€žÃ›Å’Ã™â€ ÃšË†
     got: Ù…Ù…Ù„Ú©ØªÙ� Ø³ÙˆØ§Ø²ÛŒ Ù„ÛŒÙ†Úˆ
 ; [cca2=SZ].translations.zho.common
Expected: Ã¦â€“Â¯Ã¥Â¨ï¿½Ã¥Â£Â«Ã¥â€¦Â°
     got: æ–¯å¨�å£«å…°
 ; [cca2=SZ].translations.zho.official
Expected: Ã¦â€“Â¯Ã¥Â¨ï¿½Ã¥Â£Â«Ã¥â€¦Â°Ã§Å½â€¹Ã¥â€ºÂ½
     got: æ–¯å¨�å£«å…°çŽ‹å›½
 ; [cca2=CK].altSpellings[]
Expected: KÃ…Â«ki &apos;Ã„â‚¬irani
     but none found
 ; [cca2=CK].altSpellings[]
Unexpected: KÅ«ki &apos;Ä€irani
 ; [cca2=CK].flag
Expected: Ã°Å¸â€¡Â¨Ã°Å¸â€¡Â°
     got: ðŸ‡¨ðŸ‡°
 ; [cca2=CK].languages.rar
Expected: Cook Islands MÃ„ï¿½ori
     got: Cook Islands MÄ�ori
 ; [cca2=CK].name.nativeName.rar.common
Expected: KÃ…Â«ki &apos;Ã„â‚¬irani
     got: KÅ«ki &apos;Ä€irani
 ; [cca2=CK].name.nativeName.rar.official
Expected: KÃ…Â«ki &apos;Ã„â‚¬irani
     got: KÅ«ki &apos;Ä€irani
 ; [cca2=CK].translations.ara.common
Expected: Ã˜Â¬Ã˜Â²Ã˜Â± Ã™Æ’Ã™Ë†Ã™Æ’
     got: Ø¬Ø²Ø± ÙƒÙˆÙƒ
 ; [cca2=CK].translations.ara.official
Expected: Ã˜Â¬Ã˜Â²Ã˜Â± Ã™Æ’Ã™Ë†Ã™Æ’
     got: Ø¬Ø²Ø± ÙƒÙˆÙƒ
 ; [cca2=CK].translations.fra.common
Expected: ÃƒÅ½les Cook
     got: ÃŽles Cook
 ; [cca2=CK].translations.fra.official
Expected: ÃƒÅ½les Cook
     got: ÃŽles Cook
 ; [cca2=CK].translations.hrv.common
Expected: Cookovo OtoÃ„ï¿½je
     got: Cookovo OtoÄ�je
 ; [cca2=CK].translations.jpn.common
Expected: Ã£â€šÂ¯Ã£Æ’Æ’Ã£â€šÂ¯Ã¨Â«Â¸Ã¥Â³Â¶
     got: ã‚¯ãƒƒã‚¯è«¸å³¶
 ; [cca2=CK].translations.jpn.official
Expected: Ã£â€šÂ¯Ã£Æ’Æ’Ã£â€šÂ¯Ã¨Â«Â¸Ã¥Â³Â¶
     got: ã‚¯ãƒƒã‚¯è«¸å³¶
 ; [cca2=CK].translations.kor.common
Expected: Ã¬Â¿Â¡ Ã¬Â Å“Ã«ï¿½â€ž
     got: ì¿¡ ì œë�„
 ; [cca2=CK].translations.kor.official
Expected: Ã¬Â¿Â¡ Ã¬Â Å“Ã«ï¿½â€ž
     got: ì¿¡ ì œë�„
 ; [cca2=CK].translations.per.common
Expected: Ã˜Â¬Ã˜Â²Ã˜Â§Ã›Å’Ã˜Â± ÃšÂ©Ã™Ë†ÃšÂ©
     got: Ø¬Ø²Ø§ÛŒØ± Ú©ÙˆÚ©
 ; [cca2=CK].translations.per.official
Expected: Ã˜Â¬Ã˜Â²Ã˜Â§Ã›Å’Ã˜Â± ÃšÂ©Ã™Ë†ÃšÂ©
     got: Ø¬Ø²Ø§ÛŒØ± Ú©ÙˆÚ©
 ; [cca2=CK].translations.rus.common
Expected: Ã�Å¾Ã‘ï¿½Ã‘â€šÃ‘â‚¬Ã�Â¾Ã�Â²Ã�Â° Ã�Å¡Ã‘Æ’Ã�ÂºÃ�Â°
     got: ÐžÑ�Ñ‚Ñ€Ð¾Ð²Ð° ÐšÑƒÐºÐ°
 ; [cca2=CK].translations.rus.official
Expected: Ã�Â¾Ã‘ï¿½Ã‘â€šÃ‘â‚¬Ã�Â¾Ã�Â²Ã�Â° Ã�Å¡Ã‘Æ’Ã�ÂºÃ�Â°
     got: Ð¾Ñ�Ñ‚Ñ€Ð¾Ð²Ð° ÐšÑƒÐºÐ°
 ; [cca2=CK].translations.srp.common
Expected: Ã�Å¡Ã‘Æ’Ã�ÂºÃ�Â¾Ã�Â²Ã�Â° Ã�Å¾Ã‘ï¿½Ã‘â€šÃ‘â‚¬Ã�Â²Ã�Â°
     got: ÐšÑƒÐºÐ¾Ð²Ð° ÐžÑ�Ñ‚Ñ€Ð²Ð°
 ; [cca2=CK].translations.srp.official
Expected: Ã�Å¡Ã‘Æ’Ã�ÂºÃ�Â¾Ã�Â²Ã�Â° Ã�Å¾Ã‘ï¿½Ã‘â€šÃ‘â‚¬Ã�Â²Ã�Â°
     got: ÐšÑƒÐºÐ¾Ð²Ð° ÐžÑ�Ñ‚Ñ€Ð²Ð°
 ; [cca2=CK].translations.swe.common
Expected: CookÃƒÂ¶arna
     got: CookÃ¶arna
 ; [cca2=CK].translations.swe.official
Expected: CookÃƒÂ¶arna
     got: CookÃ¶arna
 ; [cca2=CK].translations.tur.common
Expected: Cook AdalarÃ„Â±
     got: Cook AdalarÄ±
 ; [cca2=CK].translations.tur.official
Expected: Cook AdalarÃ„Â±
     got: Cook AdalarÄ±
 ; [cca2=CK].translations.urd.common
Expected: Ã˜Â¬Ã˜Â²Ã˜Â§Ã˜Â¦Ã˜Â± ÃšÂ©ÃšÂ©
     got: Ø¬Ø²Ø§Ø¦Ø± Ú©Ú©
 ; [cca2=CK].translations.urd.official
Expected: Ã˜Â¬Ã˜Â²Ã˜Â§Ã˜Â¦Ã˜Â± ÃšÂ©ÃšÂ©
     got: Ø¬Ø²Ø§Ø¦Ø± Ú©Ú©
 ; [cca2=CK].translations.zho.common
Expected: Ã¥Âºâ€œÃ¥â€¦â€¹Ã§Â¾Â¤Ã¥Â²â€º
     got: åº“å…‹ç¾¤å²›
 ; [cca2=CK].translations.zho.official
Expected: Ã¥Âºâ€œÃ¥â€¦â€¹Ã§Â¾Â¤Ã¥Â²â€º
     got: åº“å…‹ç¾¤å²›
 ; [cca2=CL].altSpellings[]
Expected: RepÃƒÂºblica de Chile
     but none found
 ; [cca2=CL].altSpellings[]
Unexpected: RepÃºblica de Chile
 ; [cca2=CL].flag
Expected: Ã°Å¸â€¡Â¨Ã°Å¸â€¡Â±
     got: ðŸ‡¨ðŸ‡±
 ; [cca2=CL].name.nativeName.spa.official
Expected: RepÃƒÂºblica de Chile
     got: RepÃºblica de Chile
 ; [cca2=CL].translations.ara.common
Expected: Ã˜ÂªÃ˜Â´Ã™Å Ã™â€žÃ™Å 
     got: ØªØ´ÙŠÙ„ÙŠ
 ; [cca2=CL].translations.ara.official
Expected: Ã˜Â¬Ã™â€¦Ã™â€¡Ã™Ë†Ã˜Â±Ã™Å Ã˜Â© Ã˜ÂªÃ˜Â´Ã™Å Ã™â€žÃ™Å 
     got: Ø¬Ù…Ù‡ÙˆØ±ÙŠØ© ØªØ´ÙŠÙ„ÙŠ
 ; [cca2=CL].translations.ces.official
Expected: ChilskÃƒÂ¡ republika
     got: ChilskÃ¡ republika
 ; [cca2=CL].translations.est.common
Expected: TÃ…Â¡iili
     got: TÅ¡iili
 ; [cca2=CL].translations.est.official
Expected: TÃ…Â¡iili Vabariik
     got: TÅ¡iili Vabariik
 ; [cca2=CL].translations.fra.official
Expected: RÃƒÂ©publique du Chili
     got: RÃ©publique du Chili
 ; [cca2=CL].translations.hrv.common
Expected: Ã„Å’ile
     got: ÄŒile
 ; [cca2=CL].translations.hrv.official
Expected: Republika Ã„Å’ile
     got: Republika ÄŒile
 ; [cca2=CL].translations.hun.official
Expected: Chilei KÃƒÂ¶ztÃƒÂ¡rsasÃƒÂ¡g
     got: Chilei KÃ¶ztÃ¡rsasÃ¡g
 ; [cca2=CL].translations.jpn.common
Expected: Ã£Æ’ï¿½Ã£Æ’Âª
     got: ãƒ�ãƒª
 ; [cca2=CL].translations.jpn.official
Expected: Ã£Æ’ï¿½Ã£Æ’ÂªÃ¥â€¦Â±Ã¥â€™Å’Ã¥â€ºÂ½
     got: ãƒ�ãƒªå…±å’Œå›½
 ; [cca2=CL].translations.kor.common
Expected: Ã¬Â¹Â Ã«Â Ë†
     got: ì¹ ë ˆ
 ; [cca2=CL].translations.kor.official
Expected: Ã¬Â¹Â Ã«Â Ë† ÃªÂ³ÂµÃ­â„¢â€�ÃªÂµÂ­
     got: ì¹ ë ˆ ê³µí™”êµ­
 ; [cca2=CL].translations.per.common
Expected: Ã˜Â´Ã›Å’Ã™â€žÃ›Å’
     got: Ø´ÛŒÙ„ÛŒ
 ; [cca2=CL].translations.per.official
Expected: Ã˜Â¬Ã™â€¦Ã™â€¡Ã™Ë†Ã˜Â±Ã›Å’ Ã˜Â´Ã›Å’Ã™â€žÃ›Å’
     got: Ø¬Ù…Ù‡ÙˆØ±ÛŒ Ø´ÛŒÙ„ÛŒ
 ; [cca2=CL].translations.por.official
Expected: RepÃƒÂºblica do Chile
     got: RepÃºblica do Chile
 ; [cca2=CL].translations.rus.common
Expected: Ã�Â§Ã�Â¸Ã�Â»Ã�Â¸
     got: Ð§Ð¸Ð»Ð¸
 ; [cca2=CL].translations.rus.official
Expected: Ã�Â Ã�ÂµÃ‘ï¿½Ã�Â¿Ã‘Æ’Ã�Â±Ã�Â»Ã�Â¸Ã�ÂºÃ�Â° Ã�Â§Ã�Â¸Ã�Â»Ã�Â¸
     got: Ð ÐµÑ�Ð¿ÑƒÐ±Ð»Ð¸ÐºÐ° Ð§Ð¸Ð»Ð¸
 ; [cca2=CL].translations.slk.common
Expected: Ã„Å’ile
     got: ÄŒile
 ; [cca2=CL].translations.slk.official
Expected: Ã„Å’ÃƒÂ­lska republika
     got: ÄŒÃ­lska republika
 ; [cca2=CL].translations.spa.official
Expected: RepÃƒÂºblica de Chile
     got: RepÃºblica de Chile
 ; [cca2=CL].translations.srp.common
Expected: Ã�Â§Ã�Â¸Ã�Â»Ã�Âµ
     got: Ð§Ð¸Ð»Ðµ
 ; [cca2=CL].translations.srp.official
Expected: Ã�Â Ã�ÂµÃ�Â¿Ã‘Æ’Ã�Â±Ã�Â»Ã�Â¸Ã�ÂºÃ�Â° Ã�Â§Ã�Â¸Ã�Â»Ã�Âµ
     got: Ð ÐµÐ¿ÑƒÐ±Ð»Ð¸ÐºÐ° Ð§Ð¸Ð»Ðµ
 ; [cca2=CL].translations.tur.common
Expected: Ã…Å¾ili
     got: Åžili
 ; [cca2=CL].translations.tur.official
Expected: Ã…Å¾ili Cumhuriyeti
     got: Åžili Cumhuriyeti
 ; [cca2=CL].translations.urd.common
Expected: Ãšâ€ Ã™â€žÃ›Å’
     got: Ú†Ù„ÛŒ
 ; [cca2=CL].translations.urd.official
Expected: Ã˜Â¬Ã™â€¦Ã›ï¿½Ã™Ë†Ã˜Â±Ã›Å’Ã›ï¿½ Ãšâ€ Ã™â€žÃ›Å’
     got: Ø¬Ù…Û�ÙˆØ±ÛŒÛ� Ú†Ù„ÛŒ
 ; [cca2=CL].translations.zho.common
Expected: Ã¦â„¢ÂºÃ¥Ë†Â©
     got: æ™ºåˆ©
 ; [cca2=CL].translations.zho.official
Expected: Ã¦â„¢ÂºÃ¥Ë†Â©Ã¥â€¦Â±Ã¥â€™Å’Ã¥â€ºÂ½
     got: æ™ºåˆ©å…±å’Œå›½
 ; [cca2=CM].altSpellings[]
Expected: RÃƒÂ©publique du Cameroun
     but none found
 ; [cca2=CM].altSpellings[]
Unexpected: RÃ©publique du Cameroun
 ; [cca2=CM].capital[]
Expected: YaoundÃƒÂ©
     but none found
 ; [cca2=CM].capital[]
Unexpected: YaoundÃ©
 ; [cca2=CM].flag
Expected: Ã°Å¸â€¡Â¨Ã°Å¸â€¡Â²
     got: ðŸ‡¨ðŸ‡²
 ; [cca2=CM].name.nativeName.fra.official
Expected: RÃƒÂ©publique du Cameroun
     got: RÃ©publique du Cameroun
 ; [cca2=CM].translations.ara.common
Expected: Ã˜Â§Ã™â€žÃ™Æ’Ã˜Â§Ã™â€¦Ã™Å Ã˜Â±Ã™Ë†Ã™â€ 
     got: Ø§Ù„ÙƒØ§Ù…ÙŠØ±ÙˆÙ†
 ; [cca2=CM].translations.ara.official
Expected: Ã˜Â¬Ã™â€¦Ã™â€¡Ã™Ë†Ã˜Â±Ã™Å Ã˜Â© Ã˜Â§Ã™â€žÃ™Æ’Ã˜Â§Ã™â€¦Ã™Å Ã˜Â±Ã™Ë†Ã™â€ 
     got: Ø¬Ù…Ù‡ÙˆØ±ÙŠØ© Ø§Ù„ÙƒØ§Ù…ÙŠØ±ÙˆÙ†
 ; [cca2=CM].translations.ces.official
Expected: KamerunskÃƒÂ¡ republika
     got: KamerunskÃ¡ republika
 ; [cca2=CM].translations.cym.common
Expected: CamerÃ…Âµn
     got: CamerÅµn
 ; [cca2=CM].translations.cym.official
Expected: Gweriniaeth CamerÃ…Âµn
     got: Gweriniaeth CamerÅµn
 ; [cca2=CM].translations.fra.official
Expected: RÃƒÂ©publique du Cameroun
     got: RÃ©publique du Cameroun
 ; [cca2=CM].translations.hun.official
Expected: Kameruni KÃƒÂ¶ztÃƒÂ¡rsasÃƒÂ¡g
     got: Kameruni KÃ¶ztÃ¡rsasÃ¡g
 ; [cca2=CM].translations.jpn.common
Expected: Ã£â€šÂ«Ã£Æ’Â¡Ã£Æ’Â«Ã£Æ’Â¼Ã£Æ’Â³
     got: ã‚«ãƒ¡ãƒ«ãƒ¼ãƒ³
 ; [cca2=CM].translations.jpn.official
Expected: Ã£â€šÂ«Ã£Æ’Â¡Ã£Æ’Â«Ã£Æ’Â¼Ã£Æ’Â³Ã¥â€¦Â±Ã¥â€™Å’Ã¥â€ºÂ½
     got: ã‚«ãƒ¡ãƒ«ãƒ¼ãƒ³å…±å’Œå›½
 ; [cca2=CM].translations.kor.common
Expected: Ã¬Â¹Â´Ã«Â©â€�Ã«Â£Â¬
     got: ì¹´ë©”ë£¬
 ; [cca2=CM].translations.kor.official
Expected: Ã¬Â¹Â´Ã«Â©â€�Ã«Â£Â¬ ÃªÂ³ÂµÃ­â„¢â€�ÃªÂµÂ­
     got: ì¹´ë©”ë£¬ ê³µí™”êµ­
 ; [cca2=CM].translations.per.common
Expected: ÃšÂ©Ã˜Â§Ã™â€¦Ã™ï¿½Ã˜Â±Ã™Ë†Ã™â€ 
     got: Ú©Ø§Ù…Ù�Ø±ÙˆÙ†
 ; [cca2=CM].translations.per.official
Expected: Ã˜Â¬Ã™â€¦Ã™â€¡Ã™Ë†Ã˜Â±Ã›Å’ ÃšÂ©Ã˜Â§Ã™â€¦Ã™ï¿½Ã˜Â±Ã™Ë†Ã™â€ 
     got: Ø¬Ù…Ù‡ÙˆØ±ÛŒ Ú©Ø§Ù…Ù�Ø±ÙˆÙ†
 ; [cca2=CM].translations.por.common
Expected: CamarÃƒÂµes
     got: CamarÃµes
 ; [cca2=CM].translations.por.official
Expected: RepÃƒÂºblica dos CamarÃƒÂµes
     got: RepÃºblica dos CamarÃµes
 ; [cca2=CM].translations.rus.common
Expected: Ã�Å¡Ã�Â°Ã�Â¼Ã�ÂµÃ‘â‚¬Ã‘Æ’Ã�Â½
     got: ÐšÐ°Ð¼ÐµÑ€ÑƒÐ½
 ; [cca2=CM].translations.rus.official
Expected: Ã�Â Ã�ÂµÃ‘ï¿½Ã�Â¿Ã‘Æ’Ã�Â±Ã�Â»Ã�Â¸Ã�ÂºÃ�Â° Ã�Å¡Ã�Â°Ã�Â¼Ã�ÂµÃ‘â‚¬Ã‘Æ’Ã�Â½
     got: Ð ÐµÑ�Ð¿ÑƒÐ±Ð»Ð¸ÐºÐ° ÐšÐ°Ð¼ÐµÑ€ÑƒÐ½
 ; [cca2=CM].translations.slk.official
Expected: KamerunskÃƒÂ¡ republika
     got: KamerunskÃ¡ republika
 ; [cca2=CM].translations.spa.common
Expected: CamerÃƒÂºn
     got: CamerÃºn
 ; [cca2=CM].translations.spa.official
Expected: RepÃƒÂºblica de CamerÃƒÂºn
     got: RepÃºblica de CamerÃºn
 ; [cca2=CM].translations.srp.common
Expected: Ã�Å¡Ã�Â°Ã�Â¼Ã�ÂµÃ‘â‚¬Ã‘Æ’Ã�Â½
     got: ÐšÐ°Ð¼ÐµÑ€ÑƒÐ½
 ; [cca2=CM].translations.srp.official
Expected: Ã�Â Ã�ÂµÃ�Â¿Ã‘Æ’Ã�Â±Ã�Â»Ã�Â¸Ã�ÂºÃ�Â° Ã�Å¡Ã�Â°Ã�Â¼Ã�ÂµÃ‘â‚¬Ã‘Æ’Ã�Â½
     got: Ð ÐµÐ¿ÑƒÐ±Ð»Ð¸ÐºÐ° ÐšÐ°Ð¼ÐµÑ€ÑƒÐ½
 ; [cca2=CM].translations.urd.common
Expected: ÃšÂ©Ã›Å’Ã™â€¦Ã˜Â±Ã™Ë†Ã™â€ 
     got: Ú©ÛŒÙ…Ø±ÙˆÙ†
 ; [cca2=CM].translations.urd.official
Expected: Ã˜Â¬Ã™â€¦Ã›ï¿½Ã™Ë†Ã˜Â±Ã›Å’Ã›ï¿½ ÃšÂ©Ã›Å’Ã™â€¦Ã˜Â±Ã™Ë†Ã™â€ 
     got: Ø¬Ù…Û�ÙˆØ±ÛŒÛ� Ú©ÛŒÙ…Ø±ÙˆÙ†
 ; [cca2=CM].translations.zho.common
Expected: Ã¥â€“â‚¬Ã©ÂºÂ¦Ã©Å¡â€ 
     got: å–€éº¦éš†
 ; [cca2=CM].translations.zho.official
Expected: Ã¥â€“â‚¬Ã©ÂºÂ¦Ã©Å¡â€ Ã¥â€¦Â±Ã¥â€™Å’Ã¥â€ºÂ½
     got: å–€éº¦éš†å…±å’Œå›½
 ; [cca2=CN].altSpellings[]
Expected: ZhÃ…ï¿½ngguÃƒÂ³
     but none found
 ; [cca2=CN].altSpellings[]
Expected: Ã¤Â¸Â­Ã¥ï¿½Å½Ã¤ÂºÂºÃ¦Â°â€˜Ã¥â€¦Â±Ã¥â€™Å’Ã¥â€ºÂ½
     but none found
 ; [cca2=CN].altSpellings[]
Expected: ZhÃ…ï¿½nghuÃƒÂ¡ RÃƒÂ©nmÃƒÂ­n GÃƒÂ²nghÃƒÂ©guÃƒÂ³
     but none found
 ; [cca2=CN].altSpellings[]
Unexpected: ZhÅ�ngguÃ³
 ; [cca2=CN].altSpellings[]
Unexpected: ä¸­å�Žäººæ°‘å…±å’Œå›½
 ; [cca2=CN].altSpellings[]
Unexpected: ZhÅ�nghuÃ¡ RÃ©nmÃ­n GÃ²nghÃ©guÃ³
 ; [cca2=CN].currencies.CNY.symbol
Expected: Ã‚Â¥
     got: Â¥
 ; [cca2=CN].flag
Expected: Ã°Å¸â€¡Â¨Ã°Å¸â€¡Â³
     got: ðŸ‡¨ðŸ‡³
 ; [cca2=CN].flags.alt
Expected: The flag of China has a red field. In the canton are five yellow five-pointed stars Ã¢â‚¬â€� a large star and four smaller stars arranged in a vertical arc on the fly side of the large star.
     got: The flag of China has a red field. In the canton are five yellow five-pointed stars â€” a large star and four smaller stars arranged in a vertical arc on the fly side of the large star.
 ; [cca2=CN].name.nativeName.zho.common
Expected: Ã¤Â¸Â­Ã¥â€ºÂ½
     got: ä¸­å›½
 ; [cca2=CN].name.nativeName.zho.official
Expected: Ã¤Â¸Â­Ã¥ï¿½Å½Ã¤ÂºÂºÃ¦Â°â€˜Ã¥â€¦Â±Ã¥â€™Å’Ã¥â€ºÂ½
     got: ä¸­å�Žäººæ°‘å…±å’Œå›½
 ; [cca2=CN].tld[]
Expected: .Ã¤Â¸Â­Ã¥Å“â€¹
     but none found
 ; [cca2=CN].tld[]
Expected: .Ã§Â½â€˜Ã§Â»Å“
     but none found
 ; [cca2=CN].tld[]
Expected: .Ã¤Â¸Â­Ã¥â€ºÂ½
     but none found
 ; [cca2=CN].tld[]
Expected: .Ã¥â€¦Â¬Ã¥ï¿½Â¸
     but none found
 ; [cca2=CN].tld[]
Unexpected: .å…¬å�¸
 ; [cca2=CN].tld[]
Unexpected: .ä¸­å›½
 ; [cca2=CN].tld[]
Unexpected: .ä¸­åœ‹
 ; [cca2=CN].tld[]
Unexpected: .ç½‘ç»œ
 ; [cca2=CN].translations.ara.common
Expected: Ã˜Â§Ã™â€žÃ˜ÂµÃ™Å Ã™â€ 
     got: Ø§Ù„ØµÙŠÙ†
 ; [cca2=CN].translations.ara.official
Expected: Ã˜Â¬Ã™â€¦Ã™â€¡Ã™Ë†Ã˜Â±Ã™Å Ã˜Â© Ã˜Â§Ã™â€žÃ˜ÂµÃ™Å Ã™â€  Ã˜Â§Ã™â€žÃ˜Â´Ã˜Â¹Ã˜Â¨Ã™Å Ã˜Â©
     got: Ø¬Ù…Ù‡ÙˆØ±ÙŠØ© Ø§Ù„ØµÙŠÙ† Ø§Ù„Ø´Ø¹Ø¨ÙŠØ©
 ; [cca2=CN].translations.ces.common
Expected: Ã„Å’ÃƒÂ­na
     got: ÄŒÃ­na
 ; [cca2=CN].translations.ces.official
Expected: Ã„Å’ÃƒÂ­nskÃƒÂ¡ lidovÃƒÂ¡ republika
     got: ÄŒÃ­nskÃ¡ lidovÃ¡ republika
 ; [cca2=CN].translations.fra.official
Expected: RÃƒÂ©publique populaire de Chine
     got: RÃ©publique populaire de Chine
 ; [cca2=CN].translations.hun.common
Expected: KÃƒÂ­na
     got: KÃ­na
 ; [cca2=CN].translations.hun.official
Expected: KÃƒÂ­nai NÃƒÂ©pkÃƒÂ¶ztÃƒÂ¡rsasÃƒÂ¡g
     got: KÃ­nai NÃ©pkÃ¶ztÃ¡rsasÃ¡g
 ; [cca2=CN].translations.jpn.common
Expected: Ã¤Â¸Â­Ã¥â€ºÂ½
     got: ä¸­å›½
 ; [cca2=CN].translations.jpn.official
Expected: Ã¤Â¸Â­Ã¨ï¿½Â¯Ã¤ÂºÂºÃ¦Â°â€˜Ã¥â€¦Â±Ã¥â€™Å’Ã¥â€ºÂ½
     got: ä¸­è�¯äººæ°‘å…±å’Œå›½
 ; [cca2=CN].translations.kor.common
Expected: Ã¬Â¤â€˜ÃªÂµÂ­
     got: ì¤‘êµ­
 ; [cca2=CN].translations.kor.official
Expected: Ã¬Â¤â€˜Ã­â„¢â€�Ã¬ï¿½Â¸Ã«Â¯Â¼ÃªÂ³ÂµÃ­â„¢â€�ÃªÂµÂ­
     got: ì¤‘í™”ì�¸ë¯¼ê³µí™”êµ­
 ; [cca2=CN].translations.per.common
Expected: Ãšâ€ Ã›Å’Ã™â€ 
     got: Ú†ÛŒÙ†
 ; [cca2=CN].translations.per.official
Expected: Ã˜Â¬Ã™â€¦Ã™â€¡Ã™Ë†Ã˜Â±Ã›Å’ Ã˜Â®Ã™â€žÃ™â€š Ãšâ€ Ã›Å’Ã™â€ 
     got: Ø¬Ù…Ù‡ÙˆØ±ÛŒ Ø®Ù„Ù‚ Ú†ÛŒÙ†
 ; [cca2=CN].translations.pol.official
Expected: ChiÃ…â€žska Republika Ludowa
     got: ChiÅ„ska Republika Ludowa
 ; [cca2=CN].translations.por.official
Expected: RepÃƒÂºblica Popular da China
     got: RepÃºblica Popular da China
 ; [cca2=CN].translations.rus.common
Expected: Ã�Å¡Ã�Â¸Ã‘â€šÃ�Â°Ã�Â¹
     got: ÐšÐ¸Ñ‚Ð°Ð¹
 ; [cca2=CN].translations.rus.official
Expected: Ã�ï¿½Ã�Â°Ã‘â‚¬Ã�Â¾Ã�Â´Ã�Â½Ã�Â°Ã‘ï¿½ Ã�Â Ã�ÂµÃ‘ï¿½Ã�Â¿Ã‘Æ’Ã�Â±Ã�Â»Ã�Â¸Ã�ÂºÃ�Â° Ã�Å¡Ã�Â¸Ã‘â€šÃ�Â°Ã�Â¹
     got: Ð�Ð°Ñ€Ð¾Ð´Ð½Ð°Ñ� Ð ÐµÑ�Ð¿ÑƒÐ±Ð»Ð¸ÐºÐ° ÐšÐ¸Ñ‚Ð°Ð¹
 ; [cca2=CN].translations.slk.common
Expected: Ã„Å’ÃƒÂ­na
     got: ÄŒÃ­na
 ; [cca2=CN].translations.slk.official
Expected: Ã„Å’ÃƒÂ­nska Ã„Â¾udovÃƒÂ¡ republika
     got: ÄŒÃ­nska Ä¾udovÃ¡ republika
 ; [cca2=CN].translations.spa.official
Expected: RepÃƒÂºblica Popular de China
     got: RepÃºblica Popular de China
 ; [cca2=CN].translations.srp.common
Expected: Ã�Å¡Ã�Â¸Ã�Â½Ã�Â°
     got: ÐšÐ¸Ð½Ð°
 ; [cca2=CN].translations.srp.official
Expected: Ã�ï¿½Ã�Â°Ã‘â‚¬Ã�Â¾Ã�Â´Ã�Â½Ã�Â° Ã�Â Ã�ÂµÃ�Â¿Ã‘Æ’Ã�Â±Ã�Â»Ã�Â¸Ã�ÂºÃ�Â° Ã�Å¡Ã�Â¸Ã�Â½Ã�Â°
     got: Ð�Ð°Ñ€Ð¾Ð´Ð½Ð° Ð ÐµÐ¿ÑƒÐ±Ð»Ð¸ÐºÐ° ÐšÐ¸Ð½Ð°
 ; [cca2=CN].translations.tur.common
Expected: Ãƒâ€¡in
     got: Ã‡in
 ; [cca2=CN].translations.tur.official
Expected: Ãƒâ€¡in Halk Cumhuriyeti
     got: Ã‡in Halk Cumhuriyeti
 ; [cca2=CN].translations.urd.common
Expected: Ãšâ€ Ã›Å’Ã™â€ 
     got: Ú†ÛŒÙ†
 ; [cca2=CN].translations.urd.official
Expected: Ã˜Â¹Ã™Ë†Ã˜Â§Ã™â€¦Ã›Å’ Ã˜Â¬Ã™â€¦Ã›ï¿½Ã™Ë†Ã˜Â±Ã›Å’Ã›ï¿½ Ãšâ€ Ã›Å’Ã™â€ 
     got: Ø¹ÙˆØ§Ù…ÛŒ Ø¬Ù…Û�ÙˆØ±ÛŒÛ� Ú†ÛŒÙ†
 ; [cca2=CO].altSpellings[]
Expected: RepÃƒÂºblica de Colombia
     but none found
 ; [cca2=CO].altSpellings[]
Unexpected: RepÃºblica de Colombia
 ; [cca2=CO].capital[]
Expected: BogotÃƒÂ¡
     but none found
 ; [cca2=CO].capital[]
Unexpected: BogotÃ¡
 ; [cca2=CO].flag
Expected: Ã°Å¸â€¡Â¨Ã°Å¸â€¡Â´
     got: ðŸ‡¨ðŸ‡´
 ; [cca2=CO].name.nativeName.spa.official
Expected: RepÃƒÂºblica de Colombia
     got: RepÃºblica de Colombia
 ; [cca2=CO].translations.ara.common
Expected: Ã™Æ’Ã™Ë†Ã™â€žÃ™Ë†Ã™â€¦Ã˜Â¨Ã™Å Ã˜Â§
     got: ÙƒÙˆÙ„ÙˆÙ…Ø¨ÙŠØ§
 ; [cca2=CO].translations.ara.official
Expected: Ã˜Â¬Ã™â€¦Ã™â€¡Ã™Ë†Ã˜Â±Ã™Å Ã˜Â© Ã™Æ’Ã™Ë†Ã™â€žÃ™Ë†Ã™â€¦Ã˜Â¨Ã™Å Ã˜Â§
     got: Ø¬Ù…Ù‡ÙˆØ±ÙŠØ© ÙƒÙˆÙ„ÙˆÙ…Ø¨ÙŠØ§
 ; [cca2=CO].translations.ces.official
Expected: KolumbijskÃƒÂ¡ republika
     got: KolumbijskÃ¡ republika
 ; [cca2=CO].translations.fra.official
Expected: RÃƒÂ©publique de Colombie
     got: RÃ©publique de Colombie
 ; [cca2=CO].translations.hun.official
Expected: Kolumbiai KÃƒÂ¶ztÃƒÂ¡rsasÃƒÂ¡g
     got: Kolumbiai KÃ¶ztÃ¡rsasÃ¡g
 ; [cca2=CO].translations.jpn.common
Expected: Ã£â€šÂ³Ã£Æ’Â­Ã£Æ’Â³Ã£Æ’â€œÃ£â€šÂ¢
     got: ã‚³ãƒ­ãƒ³ãƒ“ã‚¢
 ; [cca2=CO].translations.jpn.official
Expected: Ã£â€šÂ³Ã£Æ’Â­Ã£Æ’Â³Ã£Æ’â€œÃ£â€šÂ¢Ã¥â€¦Â±Ã¥â€™Å’Ã¥â€ºÂ½
     got: ã‚³ãƒ­ãƒ³ãƒ“ã‚¢å…±å’Œå›½
 ; [cca2=CO].translations.kor.common
Expected: Ã¬Â½Å“Ã«Â¡Â¬Ã«Â¹â€žÃ¬â€¢â€ž
     got: ì½œë¡¬ë¹„ì•„
 ; [cca2=CO].translations.kor.official
Expected: Ã¬Â½Å“Ã«Â¡Â¬Ã«Â¹â€žÃ¬â€¢â€ž ÃªÂ³ÂµÃ­â„¢â€�ÃªÂµÂ­
     got: ì½œë¡¬ë¹„ì•„ ê³µí™”êµ­
 ; [cca2=CO].translations.per.common
Expected: ÃšÂ©Ã™â€žÃ™â€¦Ã˜Â¨Ã›Å’Ã˜Â§
     got: Ú©Ù„Ù…Ø¨ÛŒØ§
 ; [cca2=CO].translations.per.official
Expected: Ã˜Â¬Ã™â€¦Ã™â€¡Ã™Ë†Ã˜Â±Ã›Å’ ÃšÂ©Ã™â€žÃ™â€¦Ã˜Â¨Ã›Å’Ã˜Â§
     got: Ø¬Ù…Ù‡ÙˆØ±ÛŒ Ú©Ù„Ù…Ø¨ÛŒØ§
 ; [cca2=CO].translations.por.common
Expected: ColÃƒÂ´mbia
     got: ColÃ´mbia
 ; [cca2=CO].translations.por.official
Expected: RepÃƒÂºblica da ColÃƒÂ´mbia
     got: RepÃºblica da ColÃ´mbia
 ; [cca2=CO].translations.rus.common
Expected: Ã�Å¡Ã�Â¾Ã�Â»Ã‘Æ’Ã�Â¼Ã�Â±Ã�Â¸Ã‘ï¿½
     got: ÐšÐ¾Ð»ÑƒÐ¼Ð±Ð¸Ñ�
 ; [cca2=CO].translations.rus.official
Expected: Ã�Â Ã�ÂµÃ‘ï¿½Ã�Â¿Ã‘Æ’Ã�Â±Ã�Â»Ã�Â¸Ã�ÂºÃ�Â° Ã�Å¡Ã�Â¾Ã�Â»Ã‘Æ’Ã�Â¼Ã�Â±Ã�Â¸Ã‘ï¿½
     got: Ð ÐµÑ�Ð¿ÑƒÐ±Ð»Ð¸ÐºÐ° ÐšÐ¾Ð»ÑƒÐ¼Ð±Ð¸Ñ�
 ; [cca2=CO].translations.slk.official
Expected: KolumbijskÃƒÂ¡ republika
     got: KolumbijskÃ¡ republika
 ; [cca2=CO].translations.spa.official
Expected: RepÃƒÂºblica de Colombia
     got: RepÃºblica de Colombia
 ; [cca2=CO].translations.srp.common
Expected: Ã�Å¡Ã�Â¾Ã�Â»Ã‘Æ’Ã�Â¼Ã�Â±Ã�Â¸Ã‘ËœÃ�Â°
     got: ÐšÐ¾Ð»ÑƒÐ¼Ð±Ð¸Ñ˜Ð°
 ; [cca2=CO].translations.srp.official
Expected: Ã�Â Ã�ÂµÃ�Â¿Ã‘Æ’Ã�Â±Ã�Â»Ã�Â¸Ã�ÂºÃ�Â° Ã�Å¡Ã�Â¾Ã�Â»Ã‘Æ’Ã�Â¼Ã�Â±Ã�Â¸Ã‘ËœÃ�Â°
     got: Ð ÐµÐ¿ÑƒÐ±Ð»Ð¸ÐºÐ° ÐšÐ¾Ð»ÑƒÐ¼Ð±Ð¸Ñ˜Ð°
 ; [cca2=CO].translations.urd.common
Expected: ÃšÂ©Ã™Ë†Ã™â€žÃ™â€¦Ã˜Â¨Ã›Å’Ã˜Â§
     got: Ú©ÙˆÙ„Ù…Ø¨ÛŒØ§
 ; [cca2=CO].translations.urd.official
Expected: Ã˜Â¬Ã™â€¦Ã›ï¿½Ã™Ë†Ã˜Â±Ã›Å’Ã›ï¿½ ÃšÂ©Ã™Ë†Ã™â€žÃ™â€¦Ã˜Â¨Ã›Å’Ã˜Â§
     got: Ø¬Ù…Û�ÙˆØ±ÛŒÛ� Ú©ÙˆÙ„Ù…Ø¨ÛŒØ§
 ; [cca2=CO].translations.zho.common
Expected: Ã¥â€œÂ¥Ã¤Â¼Â¦Ã¦Â¯â€�Ã¤ÂºÅ¡
     got: å“¥ä¼¦æ¯”äºš
 ; [cca2=CO].translations.zho.official
Expected: Ã¥â€œÂ¥Ã¤Â¼Â¦Ã¦Â¯â€�Ã¤ÂºÅ¡Ã¥â€¦Â±Ã¥â€™Å’Ã¥â€ºÂ½
     got: å“¥ä¼¦æ¯”äºšå…±å’Œå›½
 ; [cca2=CR].altSpellings[]
Expected: RepÃƒÂºblica de Costa Rica
     but none found
 ; [cca2=CR].altSpellings[]
Unexpected: RepÃºblica de Costa Rica
 ; [cca2=CR].capital[]
Expected: San JosÃƒÂ©
     but none found
 ; [cca2=CR].capital[]
Unexpected: San JosÃ©
 ; [cca2=CR].currencies.CRC.name
Expected: Costa Rican colÃƒÂ³n
     got: Costa Rican colÃ³n
 ; [cca2=CR].currencies.CRC.symbol
Expected: Ã¢â€šÂ¡
     got: â‚¡
 ; [cca2=CR].flag
Expected: Ã°Å¸â€¡Â¨Ã°Å¸â€¡Â·
     got: ðŸ‡¨ðŸ‡·
 ; [cca2=CR].name.nativeName.spa.official
Expected: RepÃƒÂºblica de Costa Rica
     got: RepÃºblica de Costa Rica
 ; [cca2=CR].translations.ara.common
Expected: Ã™Æ’Ã™Ë†Ã˜Â³Ã˜ÂªÃ˜Â§Ã˜Â±Ã™Å Ã™Æ’Ã˜Â§
     got: ÙƒÙˆØ³ØªØ§Ø±ÙŠÙƒØ§
 ; [cca2=CR].translations.ara.official
Expected: Ã˜Â¬Ã™â€¦Ã™â€¡Ã™Ë†Ã˜Â±Ã™Å Ã˜Â© Ã™Æ’Ã™Ë†Ã˜Â³Ã˜ÂªÃ˜Â§Ã˜Â±Ã™Å Ã™Æ’Ã˜Â§
     got: Ø¬Ù…Ù‡ÙˆØ±ÙŠØ© ÙƒÙˆØ³ØªØ§Ø±ÙŠÙƒØ§
 ; [cca2=CR].translations.ces.official
Expected: KostarickÃƒÂ¡ republika
     got: KostarickÃ¡ republika
 ; [cca2=CR].translations.fra.official
Expected: RÃƒÂ©publique du Costa Rica
     got: RÃ©publique du Costa Rica
 ; [cca2=CR].translations.hun.official
Expected: Costa Rica-i KÃƒÂ¶ztÃƒÂ¡rsasÃƒÂ¡g
     got: Costa Rica-i KÃ¶ztÃ¡rsasÃ¡g
 ; [cca2=CR].translations.jpn.common
Expected: Ã£â€šÂ³Ã£â€šÂ¹Ã£â€šÂ¿Ã£Æ’ÂªÃ£â€šÂ«
     got: ã‚³ã‚¹ã‚¿ãƒªã‚«
 ; [cca2=CR].translations.jpn.official
Expected: Ã£â€šÂ³Ã£â€šÂ¹Ã£â€šÂ¿Ã£Æ’ÂªÃ£â€šÂ«Ã¥â€¦Â±Ã¥â€™Å’Ã¥â€ºÂ½
     got: ã‚³ã‚¹ã‚¿ãƒªã‚«å…±å’Œå›½
 ; [cca2=CR].translations.kor.common
Expected: Ã¬Â½â€�Ã¬Å Â¤Ã­Æ’â‚¬Ã«Â¦Â¬Ã¬Â¹Â´
     got: ì½”ìŠ¤íƒ€ë¦¬ì¹´
 ; [cca2=CR].translations.kor.official
Expected: Ã¬Â½â€�Ã¬Å Â¤Ã­Æ’â‚¬Ã«Â¦Â¬Ã¬Â¹Â´ ÃªÂ³ÂµÃ­â„¢â€�ÃªÂµÂ­
     got: ì½”ìŠ¤íƒ€ë¦¬ì¹´ ê³µí™”êµ­
 ; [cca2=CR].translations.per.common
Expected: ÃšÂ©Ã˜Â§Ã˜Â³Ã˜ÂªÃ˜Â§Ã˜Â±Ã›Å’ÃšÂ©Ã˜Â§
     got: Ú©Ø§Ø³ØªØ§Ø±ÛŒÚ©Ø§
 ; [cca2=CR].translations.per.official
Expected: Ã˜Â¬Ã™â€¦Ã™â€¡Ã™Ë†Ã˜Â±Ã›Å’ ÃšÂ©Ã˜Â§Ã˜Â³Ã˜ÂªÃ˜Â§Ã˜Â±Ã›Å’ÃšÂ©Ã˜Â§
     got: Ø¬Ù…Ù‡ÙˆØ±ÛŒ Ú©Ø§Ø³ØªØ§Ø±ÛŒÚ©Ø§
 ; [cca2=CR].translations.por.official
Expected: RepÃƒÂºblica da Costa Rica
     got: RepÃºblica da Costa Rica
 ; [cca2=CR].translations.rus.common
Expected: Ã�Å¡Ã�Â¾Ã‘ï¿½Ã‘â€šÃ�Â°-Ã�Â Ã�Â¸Ã�ÂºÃ�Â°
     got: ÐšÐ¾Ñ�Ñ‚Ð°-Ð Ð¸ÐºÐ°
 ; [cca2=CR].translations.rus.official
Expected: Ã�Â Ã�ÂµÃ‘ï¿½Ã�Â¿Ã‘Æ’Ã�Â±Ã�Â»Ã�Â¸Ã�ÂºÃ�Â° Ã�Å¡Ã�Â¾Ã‘ï¿½Ã‘â€šÃ�Â°-Ã�Â Ã�Â¸Ã�ÂºÃ�Â°
     got: Ð ÐµÑ�Ð¿ÑƒÐ±Ð»Ð¸ÐºÐ° ÐšÐ¾Ñ�Ñ‚Ð°-Ð Ð¸ÐºÐ°
 ; [cca2=CR].translations.slk.official
Expected: KostarickÃƒÂ¡ republika
     got: KostarickÃ¡ republika
 ; [cca2=CR].translations.spa.official
Expected: RepÃƒÂºblica de Costa Rica
     got: RepÃºblica de Costa Rica
 ; [cca2=CR].translations.srp.common
Expected: Ã�Å¡Ã�Â¾Ã‘ï¿½Ã‘â€šÃ�Â°Ã‘â‚¬Ã�Â¸Ã�ÂºÃ�Â°
     got: ÐšÐ¾Ñ�Ñ‚Ð°Ñ€Ð¸ÐºÐ°
 ; [cca2=CR].translations.srp.official
Expected: Ã�Â Ã�ÂµÃ�Â¿Ã‘Æ’Ã�Â±Ã�Â»Ã�Â¸Ã�ÂºÃ�Â° Ã�Å¡Ã�Â¾Ã‘ï¿½Ã‘â€šÃ�Â°Ã‘â‚¬Ã�Â¸Ã�ÂºÃ�Â°
     got: Ð ÐµÐ¿ÑƒÐ±Ð»Ð¸ÐºÐ° ÐšÐ¾Ñ�Ñ‚Ð°Ñ€Ð¸ÐºÐ°
 ; [cca2=CR].translations.urd.common
Expected: ÃšÂ©Ã™Ë†Ã˜Â³Ã™Â¹Ã˜Â§Ã˜Â±Ã›Å’ÃšÂ©Ã˜Â§
     got: Ú©ÙˆØ³Ù¹Ø§Ø±ÛŒÚ©Ø§
 ; [cca2=CR].translations.urd.official
Expected: Ã˜Â¬Ã™â€¦Ã›ï¿½Ã™Ë†Ã˜Â±Ã›Å’Ã›ï¿½ ÃšÂ©Ã™Ë†Ã˜Â³Ã™Â¹Ã˜Â§Ã˜Â±Ã›Å’ÃšÂ©Ã˜Â§
     got: Ø¬Ù…Û�ÙˆØ±ÛŒÛ� Ú©ÙˆØ³Ù¹Ø§Ø±ÛŒÚ©Ø§
 ; [cca2=CR].translations.zho.common
Expected: Ã¥â€œÂ¥Ã¦â€“Â¯Ã¨Â¾Â¾Ã©Â»Å½Ã¥Å Â 
     got: å“¥æ–¯è¾¾é»ŽåŠ 
 ; [cca2=CR].translations.zho.official
Expected: Ã¥â€œÂ¥Ã¦â€“Â¯Ã¨Â¾Â¾Ã©Â»Å½Ã¥Å Â Ã¥â€¦Â±Ã¥â€™Å’Ã¥â€ºÂ½
     got: å“¥æ–¯è¾¾é»ŽåŠ å…±å’Œå›½
 ; [cca2=TC].flag
Expected: Ã°Å¸â€¡Â¹Ã°Å¸â€¡Â¨
     got: ðŸ‡¹ðŸ‡¨
 ; [cca2=TC].translations.ara.common
Expected: Ã˜Â¬Ã˜Â²Ã˜Â± Ã˜ÂªÃ™Ë†Ã˜Â±Ã™Æ’Ã˜Â³ Ã™Ë†Ã™Æ’Ã˜Â§Ã™Å Ã™Æ’Ã™Ë†Ã˜Â³
     got: Ø¬Ø²Ø± ØªÙˆØ±ÙƒØ³ ÙˆÙƒØ§ÙŠÙƒÙˆØ³
 ; [cca2=TC].translations.ara.official
Expected: Ã˜Â¬Ã˜Â²Ã˜Â± Ã˜ÂªÃ™Ë†Ã˜Â±Ã™Æ’Ã˜Â³ Ã™Ë†Ã™Æ’Ã˜Â§Ã™Å Ã™Æ’Ã™Ë†Ã˜Â³
     got: Ø¬Ø²Ø± ØªÙˆØ±ÙƒØ³ ÙˆÙƒØ§ÙŠÙƒÙˆØ³
 ; [cca2=TC].translations.fra.common
Expected: ÃƒÅ½les Turques-et-CaÃƒÂ¯ques
     got: ÃŽles Turques-et-CaÃ¯ques
 ; [cca2=TC].translations.fra.official
Expected: ÃƒÅ½les Turques et CaÃƒÂ¯ques
     got: ÃŽles Turques et CaÃ¯ques
 ; [cca2=TC].translations.hun.common
Expected: Turks- ÃƒÂ©s Caicos-szigetek
     got: Turks- Ã©s Caicos-szigetek
 ; [cca2=TC].translations.hun.official
Expected: Turks- ÃƒÂ©s Caicos-szigetek
     got: Turks- Ã©s Caicos-szigetek
 ; [cca2=TC].translations.jpn.common
Expected: Ã£â€šÂ¿Ã£Æ’Â¼Ã£â€šÂ¯Ã£â€šÂ¹Ã£Æ’Â»Ã£â€šÂ«Ã£â€šÂ¤Ã£â€šÂ³Ã£â€šÂ¹Ã¨Â«Â¸Ã¥Â³Â¶
     got: ã‚¿ãƒ¼ã‚¯ã‚¹ãƒ»ã‚«ã‚¤ã‚³ã‚¹è«¸å³¶
 ; [cca2=TC].translations.jpn.official
Expected: Ã£â€šÂ¿Ã£Æ’Â¼Ã£â€šÂ¯Ã£â€šÂ¹Ã‚Â·Ã£â€šÂ«Ã£â€šÂ¤Ã£â€šÂ³Ã£â€šÂ¹Ã¨Â«Â¸Ã¥Â³Â¶
     got: ã‚¿ãƒ¼ã‚¯ã‚¹Â·ã‚«ã‚¤ã‚³ã‚¹è«¸å³¶
 ; [cca2=TC].translations.kor.common
Expected: Ã­â€žÂ°Ã­ï¿½Â¬Ã¬Å Â¤ Ã¬Â¼â‚¬Ã¬ï¿½Â´Ã¬Â»Â¤Ã¬Å Â¤ Ã¬Â Å“Ã«ï¿½â€ž
     got: í„°í�¬ìŠ¤ ì¼€ì�´ì»¤ìŠ¤ ì œë�„
 ; [cca2=TC].translations.kor.official
Expected: Ã­â€žÂ°Ã­ï¿½Â¬Ã¬Å Â¤ Ã¬Â¼â‚¬Ã¬ï¿½Â´Ã¬Â»Â¤Ã¬Å Â¤ Ã¬Â Å“Ã«ï¿½â€ž
     got: í„°í�¬ìŠ¤ ì¼€ì�´ì»¤ìŠ¤ ì œë�„
 ; [cca2=TC].translations.per.common
Expected: Ã˜Â¬Ã˜Â²Ã˜Â§Ã›Å’Ã˜Â± Ã˜ÂªÃ™Ë†Ã˜Â±ÃšÂ©Ã˜Â³ Ã™Ë† ÃšÂ©Ã˜Â§Ã›Å’ÃšÂ©Ã™Ë†Ã˜Â³
     got: Ø¬Ø²Ø§ÛŒØ± ØªÙˆØ±Ú©Ø³ Ùˆ Ú©Ø§ÛŒÚ©ÙˆØ³
 ; [cca2=TC].translations.per.official
Expected: Ã˜Â¬Ã˜Â²Ã˜Â§Ã›Å’Ã˜Â± Ã˜ÂªÃ™Ë†Ã˜Â±ÃšÂ©Ã˜Â³ Ã™Ë† ÃšÂ©Ã˜Â§Ã›Å’ÃšÂ©Ã™Ë†Ã˜Â³
     got: Ø¬Ø²Ø§ÛŒØ± ØªÙˆØ±Ú©Ø³ Ùˆ Ú©Ø§ÛŒÚ©ÙˆØ³
 ; [cca2=TC].translations.rus.common
Expected: Ã�Â¢Ã�ÂµÃ‘â‚¬Ã�ÂºÃ‘ï¿½ Ã�Â¸ Ã�Å¡Ã�Â°Ã�Â¹Ã�ÂºÃ�Â¾Ã‘ï¿½
     got: Ð¢ÐµÑ€ÐºÑ� Ð¸ ÐšÐ°Ð¹ÐºÐ¾Ñ�
 ; [cca2=TC].translations.rus.official
Expected: Ã�Â¢Ã�ÂµÃ‘â‚¬Ã�ÂºÃ‘ï¿½ Ã�Â¸ Ã�Å¡Ã�Â°Ã�Â¹Ã�ÂºÃ�Â¾Ã‘ï¿½ Ã�Â¾Ã‘ï¿½Ã‘â€šÃ‘â‚¬Ã�Â¾Ã�Â²Ã�Â°
     got: Ð¢ÐµÑ€ÐºÑ� Ð¸ ÐšÐ°Ð¹ÐºÐ¾Ñ� Ð¾Ñ�Ñ‚Ñ€Ð¾Ð²Ð°
 ; [cca2=TC].translations.srp.common
Expected: Ã�Â¢Ã�ÂµÃ‘â‚¬Ã�ÂºÃ‘ï¿½ Ã�Â¸ Ã�Å¡Ã�ÂµÃ‘ËœÃ�ÂºÃ�Â¾Ã‘ï¿½
     got: Ð¢ÐµÑ€ÐºÑ� Ð¸ ÐšÐµÑ˜ÐºÐ¾Ñ�
 ; [cca2=TC].translations.srp.official
Expected: Ã�Å¾Ã‘ï¿½Ã‘â€šÃ‘â‚¬Ã�Â²Ã�Â° Ã�Â¢Ã�ÂµÃ‘â‚¬Ã�ÂºÃ‘ï¿½ Ã�Â¸ Ã�Å¡Ã�ÂµÃ‘ËœÃ�ÂºÃ�Â¾Ã‘ï¿½
     got: ÐžÑ�Ñ‚Ñ€Ð²Ð° Ð¢ÐµÑ€ÐºÑ� Ð¸ ÐšÐµÑ˜ÐºÐ¾Ñ�
 ; [cca2=TC].translations.swe.common
Expected: Turks- och CaicosÃƒÂ¶arna
     got: Turks- och CaicosÃ¶arna
 ; [cca2=TC].translations.swe.official
Expected: Turks- och CaicosÃƒÂ¶arna
     got: Turks- och CaicosÃ¶arna
 ; [cca2=TC].translations.tur.common
Expected: Turks ve Caicos AdalarÃ„Â±
     got: Turks ve Caicos AdalarÄ±
 ; [cca2=TC].translations.tur.official
Expected: Turks ve Caicos AdalarÃ„Â±
     got: Turks ve Caicos AdalarÄ±
 ; [cca2=TC].translations.urd.common
Expected: Ã˜Â¬Ã˜Â²Ã˜Â§Ã˜Â¦Ã˜Â± ÃšÂ©Ã›Å’ÃšÂ©Ã˜Â³ Ã™Ë† Ã˜ÂªÃ˜Â±ÃšÂ©Ã›Å’Ã›ï¿½
     got: Ø¬Ø²Ø§Ø¦Ø± Ú©ÛŒÚ©Ø³ Ùˆ ØªØ±Ú©ÛŒÛ�
 ; [cca2=TC].translations.urd.official
Expected: Ã˜Â¬Ã˜Â²Ã˜Â§Ã˜Â¦Ã˜Â± ÃšÂ©Ã›Å’ÃšÂ©Ã˜Â³ Ã™Ë† Ã˜ÂªÃ˜Â±ÃšÂ©Ã›Å’Ã›ï¿½
     got: Ø¬Ø²Ø§Ø¦Ø± Ú©ÛŒÚ©Ø³ Ùˆ ØªØ±Ú©ÛŒÛ�
 ; [cca2=TC].translations.zho.common
Expected: Ã§â€°Â¹Ã¥â€¦â€¹Ã¦â€“Â¯Ã¥â€™Å’Ã¥â€¡Â¯Ã§Â§â€˜Ã¦â€“Â¯Ã§Â¾Â¤Ã¥Â²â€º
     got: ç‰¹å…‹æ–¯å’Œå‡¯ç§‘æ–¯ç¾¤å²›
 ; [cca2=TC].translations.zho.official
Expected: Ã§â€°Â¹Ã¥â€¦â€¹Ã¦â€“Â¯Ã¥â€™Å’Ã¥â€¡Â¯Ã§Â§â€˜Ã¦â€“Â¯Ã§Â¾Â¤Ã¥Â²â€º
     got: ç‰¹å…‹æ–¯å’Œå‡¯ç§‘æ–¯ç¾¤å²›
 ; [cca2=TD].altSpellings[]
Expected: RÃƒÂ©publique du Tchad
     but none found
 ; [cca2=TD].altSpellings[]
Unexpected: RÃ©publique du Tchad
 ; [cca2=TD].flag
Expected: Ã°Å¸â€¡Â¹Ã°Å¸â€¡Â©
     got: ðŸ‡¹ðŸ‡©
 ; [cca2=TD].name.nativeName.ara.common
Expected: Ã˜ÂªÃ˜Â´Ã˜Â§Ã˜Â¯Ã¢â‚¬Å½
     got: ØªØ´Ø§Ø¯â€Ž
 ; [cca2=TD].name.nativeName.ara.official
Expected: Ã˜Â¬Ã™â€¦Ã™â€¡Ã™Ë†Ã˜Â±Ã™Å Ã˜Â© Ã˜ÂªÃ˜Â´Ã˜Â§Ã˜Â¯
     got: Ø¬Ù…Ù‡ÙˆØ±ÙŠØ© ØªØ´Ø§Ø¯
 ; [cca2=TD].name.nativeName.fra.official
Expected: RÃƒÂ©publique du Tchad
     got: RÃ©publique du Tchad
 ; [cca2=TD].translations.ara.common
Expected: Ã˜ÂªÃ˜Â´Ã˜Â§Ã˜Â¯
     got: ØªØ´Ø§Ø¯
 ; [cca2=TD].translations.ara.official
Expected: Ã˜Â¬Ã™â€¦Ã™â€¡Ã™Ë†Ã˜Â±Ã™Å Ã˜Â© Ã˜ÂªÃ˜Â´Ã˜Â§Ã˜Â¯
     got: Ø¬Ù…Ù‡ÙˆØ±ÙŠØ© ØªØ´Ø§Ø¯
 ; [cca2=TD].translations.ces.common
Expected: Ã„Å’ad
     got: ÄŒad
 ; [cca2=TD].translations.ces.official
Expected: Ã„Å’adskÃƒÂ¡ republika
     got: ÄŒadskÃ¡ republika
 ; [cca2=TD].translations.est.common
Expected: TÃ…Â¡aad
     got: TÅ¡aad
 ; [cca2=TD].translations.est.official
Expected: TÃ…Â¡aadi Vabariik
     got: TÅ¡aadi Vabariik
 ; [cca2=TD].translations.fin.common
Expected: TÃ…Â¡ad
     got: TÅ¡ad
 ; [cca2=TD].translations.fin.official
Expected: TÃ…Â¡adin tasavalta
     got: TÅ¡adin tasavalta
 ; [cca2=TD].translations.fra.official
Expected: RÃƒÂ©publique du Tchad
     got: RÃ©publique du Tchad
 ; [cca2=TD].translations.hrv.common
Expected: Ã„Å’ad
     got: ÄŒad
 ; [cca2=TD].translations.hrv.official
Expected: Ã„Å’adu
     got: ÄŒadu
 ; [cca2=TD].translations.hun.common
Expected: CsÃƒÂ¡d
     got: CsÃ¡d
 ; [cca2=TD].translations.hun.official
Expected: CsÃƒÂ¡d KÃƒÂ¶ztÃƒÂ¡rsasÃƒÂ¡g
     got: CsÃ¡d KÃ¶ztÃ¡rsasÃ¡g
 ; [cca2=TD].translations.jpn.common
Expected: Ã£Æ’ï¿½Ã£Æ’Â£Ã£Æ’â€°
     got: ãƒ�ãƒ£ãƒ‰
 ; [cca2=TD].translations.jpn.official
Expected: Ã£Æ’ï¿½Ã£Æ’Â£Ã£Æ’â€°Ã¥â€¦Â±Ã¥â€™Å’Ã¥â€ºÂ½
     got: ãƒ�ãƒ£ãƒ‰å…±å’Œå›½
 ; [cca2=TD].translations.kor.common
Expected: Ã¬Â°Â¨Ã«â€œÅ“
     got: ì°¨ë“œ
 ; [cca2=TD].translations.kor.official
Expected: Ã¬Â°Â¨Ã«â€œÅ“ ÃªÂ³ÂµÃ­â„¢â€�ÃªÂµÂ­
     got: ì°¨ë“œ ê³µí™”êµ­
 ; [cca2=TD].translations.per.common
Expected: Ãšâ€ Ã˜Â§Ã˜Â¯
     got: Ú†Ø§Ø¯
 ; [cca2=TD].translations.per.official
Expected: Ã˜Â¬Ã™â€¦Ã™â€¡Ã™Ë†Ã˜Â±Ã›Å’ Ãšâ€ Ã˜Â§Ã˜Â¯
     got: Ø¬Ù…Ù‡ÙˆØ±ÛŒ Ú†Ø§Ø¯
 ; [cca2=TD].translations.por.official
Expected: RepÃƒÂºblica do Chade
     got: RepÃºblica do Chade
 ; [cca2=TD].translations.rus.common
Expected: Ã�Â§Ã�Â°Ã�Â´
     got: Ð§Ð°Ð´
 ; [cca2=TD].translations.rus.official
Expected: Ã�Â Ã�ÂµÃ‘ï¿½Ã�Â¿Ã‘Æ’Ã�Â±Ã�Â»Ã�Â¸Ã�ÂºÃ�Â° Ã�Â§Ã�Â°Ã�Â´
     got: Ð ÐµÑ�Ð¿ÑƒÐ±Ð»Ð¸ÐºÐ° Ð§Ð°Ð´
 ; [cca2=TD].translations.slk.common
Expected: Ã„Å’ad
     got: ÄŒad
 ; [cca2=TD].translations.slk.official
Expected: Ã„Å’adskÃƒÂ¡ republika
     got: ÄŒadskÃ¡ republika
 ; [cca2=TD].translations.spa.official
Expected: RepÃƒÂºblica de Chad
     got: RepÃºblica de Chad
 ; [cca2=TD].translations.srp.common
Expected: Ã�Â§Ã�Â°Ã�Â´
     got: Ð§Ð°Ð´
 ; [cca2=TD].translations.srp.official
Expected: Ã�Â Ã�ÂµÃ�Â¿Ã‘Æ’Ã�Â±Ã�Â»Ã�Â¸Ã�ÂºÃ�Â° Ã�Â§Ã�Â°Ã�Â´
     got: Ð ÐµÐ¿ÑƒÐ±Ð»Ð¸ÐºÐ° Ð§Ð°Ð´
 ; [cca2=TD].translations.tur.common
Expected: Ãƒâ€¡ad
     got: Ã‡ad
 ; [cca2=TD].translations.tur.official
Expected: Ãƒâ€¡ad Cumhuriyeti
     got: Ã‡ad Cumhuriyeti
 ; [cca2=TD].translations.urd.common
Expected: Ãšâ€ Ã˜Â§ÃšË†
     got: Ú†Ø§Úˆ
 ; [cca2=TD].translations.urd.official
Expected: Ã˜Â¬Ã™â€¦Ã›ï¿½Ã™Ë†Ã˜Â±Ã›Å’Ã›ï¿½ Ãšâ€ Ã˜Â§ÃšË†
     got: Ø¬Ù…Û�ÙˆØ±ÛŒÛ� Ú†Ø§Úˆ
 ; [cca2=TD].translations.zho.common
Expected: Ã¤Â¹ï¿½Ã¥Â¾â€”
     got: ä¹�å¾—
 ; [cca2=TD].translations.zho.official
Expected: Ã¤Â¹ï¿½Ã¥Â¾â€”Ã¥â€¦Â±Ã¥â€™Å’Ã¥â€ºÂ½
     got: ä¹�å¾—å…±å’Œå›½
 ; [cca2=TF].capital[]
Expected: Port-aux-FranÃƒÂ§ais
     but none found
 ; [cca2=TF].capital[]
Unexpected: Port-aux-FranÃ§ais
 ; [cca2=TF].currencies.EUR.symbol
Expected: Ã¢â€šÂ¬
     got: â‚¬
 ; [cca2=TF].demonyms.fra.f
Expected: FranÃƒÂ§aise
     got: FranÃ§aise
 ; [cca2=TF].demonyms.fra.m
Expected: FranÃƒÂ§ais
     got: FranÃ§ais
 ; [cca2=TF].flag
Expected: Ã°Å¸â€¡Â¹Ã°Å¸â€¡Â«
     got: ðŸ‡¹ðŸ‡«
 ; [cca2=TF].name.nativeName.fra.common
Expected: Terres australes et antarctiques franÃƒÂ§aises
     got: Terres australes et antarctiques franÃ§aises
 ; [cca2=TF].name.nativeName.fra.official
Expected: Territoire des Terres australes et antarctiques franÃƒÂ§aises
     got: Territoire des Terres australes et antarctiques franÃ§aises
 ; [cca2=TF].translations.ara.common
Expected: Ã˜Â£Ã˜Â±Ã˜Â§Ã˜Â¶ Ã™ï¿½Ã˜Â±Ã™â€ Ã˜Â³Ã™Å Ã˜Â© Ã˜Â¬Ã™â€ Ã™Ë†Ã˜Â¨Ã™Å Ã˜Â© Ã™Ë†Ã˜Â£Ã™â€ Ã˜ÂªÃ˜Â§Ã˜Â±Ã˜ÂªÃ™Å Ã™Æ’Ã™Å Ã˜Â©
     got: Ø£Ø±Ø§Ø¶ Ù�Ø±Ù†Ø³ÙŠØ© Ø¬Ù†ÙˆØ¨ÙŠØ© ÙˆØ£Ù†ØªØ§Ø±ØªÙŠÙƒÙŠØ©
 ; [cca2=TF].translations.ara.official
Expected: Ã™â€¦Ã™â€šÃ˜Â§Ã˜Â·Ã˜Â¹Ã˜Â§Ã˜Âª Ã™Ë†Ã˜Â£Ã™â€šÃ˜Â§Ã™â€žÃ™Å Ã™â€¦ Ã™â€¦Ã˜Â§ Ã™Ë†Ã˜Â±Ã˜Â§Ã˜Â¡ Ã˜Â§Ã™â€žÃ˜Â¨Ã˜Â­Ã˜Â§Ã˜Â± Ã˜Â§Ã™â€žÃ™ï¿½Ã˜Â±Ã™â€ Ã˜Â³Ã™Å Ã˜Â©
     got: Ù…Ù‚Ø§Ø·Ø¹Ø§Øª ÙˆØ£Ù‚Ø§Ù„ÙŠÙ… Ù…Ø§ ÙˆØ±Ø§Ø¡ Ø§Ù„Ø¨Ø­Ø§Ø± Ø§Ù„Ù�Ø±Ù†Ø³ÙŠØ©
 ; [cca2=TF].translations.bre.common
Expected: DouaroÃƒÂ¹ Aostral hag Antarktikel FraÃƒÂ±s
     got: DouaroÃ¹ Aostral hag Antarktikel FraÃ±s
 ; [cca2=TF].translations.bre.official
Expected: Tiriad DouaroÃƒÂ¹ Aostral hag Antarktikel FraÃƒÂ±s
     got: Tiriad DouaroÃ¹ Aostral hag Antarktikel FraÃ±s
 ; [cca2=TF].translations.ces.common
Expected: FrancouzskÃƒÂ¡ jiÃ…Â¾nÃƒÂ­ a antarktickÃƒÂ¡ ÃƒÂºzemÃƒÂ­
     got: FrancouzskÃ¡ jiÅ¾nÃ­ a antarktickÃ¡ ÃºzemÃ­
 ; [cca2=TF].translations.ces.official
Expected: Teritorium FrancouzskÃƒÂ¡ jiÃ…Â¾nÃƒÂ­ a antarktickÃƒÂ¡ ÃƒÂºzemÃƒÂ­
     got: Teritorium FrancouzskÃ¡ jiÅ¾nÃ­ a antarktickÃ¡ ÃºzemÃ­
 ; [cca2=TF].translations.deu.common
Expected: FranzÃƒÂ¶sische SÃƒÂ¼d- und Antarktisgebiete
     got: FranzÃ¶sische SÃ¼d- und Antarktisgebiete
 ; [cca2=TF].translations.deu.official
Expected: Gebiet der FranzÃƒÂ¶sisch SÃƒÂ¼d- und Antarktisgebiete
     got: Gebiet der FranzÃ¶sisch SÃ¼d- und Antarktisgebiete
 ; [cca2=TF].translations.est.common
Expected: Prantsuse LÃƒÂµunaalad
     got: Prantsuse LÃµunaalad
 ; [cca2=TF].translations.est.official
Expected: Prantsuse LÃƒÂµunaalad
     got: Prantsuse LÃµunaalad
 ; [cca2=TF].translations.fin.common
Expected: Ranskan etelÃƒÂ¤iset ja antarktiset alueet
     got: Ranskan etelÃ¤iset ja antarktiset alueet
 ; [cca2=TF].translations.fin.official
Expected: Ranskan etelÃƒÂ¤iset ja antarktiset alueet
     got: Ranskan etelÃ¤iset ja antarktiset alueet
 ; [cca2=TF].translations.fra.common
Expected: Terres australes et antarctiques franÃƒÂ§aises
     got: Terres australes et antarctiques franÃ§aises
 ; [cca2=TF].translations.fra.official
Expected: Territoire des Terres australes et antarctiques franÃƒÂ§aises
     got: Territoire des Terres australes et antarctiques franÃ§aises
 ; [cca2=TF].translations.hrv.common
Expected: Francuski juÃ…Â¾ni i antarktiÃ„ï¿½ki teritoriji
     got: Francuski juÅ¾ni i antarktiÄ�ki teritoriji
 ; [cca2=TF].translations.hrv.official
Expected: Teritoriju Francuski juÃ…Â¾ni i antarktiÃ„ï¿½ki teritoriji
     got: Teritoriju Francuski juÅ¾ni i antarktiÄ�ki teritoriji
 ; [cca2=TF].translations.hun.common
Expected: Francia dÃƒÂ©li ÃƒÂ©s antarktiszi terÃƒÂ¼letek
     got: Francia dÃ©li Ã©s antarktiszi terÃ¼letek
 ; [cca2=TF].translations.hun.official
Expected: Francia dÃƒÂ©li ÃƒÂ©s antarktiszi terÃƒÂ¼letek
     got: Francia dÃ©li Ã©s antarktiszi terÃ¼letek
 ; [cca2=TF].translations.jpn.common
Expected: Ã£Æ’â€¢Ã£Æ’Â©Ã£Æ’Â³Ã£â€šÂ¹Ã©Â ËœÃ¥ï¿½â€”Ã¦â€“Â¹Ã£Æ’Â»Ã¥ï¿½â€”Ã¦Â¥ÂµÃ¥Å“Â°Ã¥Å¸Å¸
     got: ãƒ•ãƒ©ãƒ³ã‚¹é ˜å�—æ–¹ãƒ»å�—æ¥µåœ°åŸŸ
 ; [cca2=TF].translations.jpn.official
Expected: Ã£Æ’â€¢Ã£Æ’Â©Ã£Æ’Â³Ã£â€šÂ¹Ã©Â ËœÃ¥ï¿½â€”Ã¦â€“Â¹Ã‚Â·Ã¥ï¿½â€”Ã¦Â¥ÂµÃ¥Å“Â°Ã¥Å¸Å¸Ã£ï¿½Â®Ã©Â ËœÃ¥Å“Å¸
     got: ãƒ•ãƒ©ãƒ³ã‚¹é ˜å�—æ–¹Â·å�—æ¥µåœ°åŸŸã�®é ˜åœŸ
 ; [cca2=TF].translations.kor.common
Expected: Ã­â€�â€žÃ«Å¾â€˜Ã¬Å Â¤Ã«Â Â¹ Ã«â€šÂ¨Ã«Â¶â‚¬Ã¬â„¢â‚¬ Ã«â€šÂ¨ÃªÂ·Â¹ Ã¬Â§â‚¬Ã¬â€”Â­
     got: í”„ëž‘ìŠ¤ë ¹ ë‚¨ë¶€ì™€ ë‚¨ê·¹ ì§€ì—­
 ; [cca2=TF].translations.kor.official
Expected: Ã­â€�â€žÃ«Å¾â€˜Ã¬Å Â¤Ã«Â Â¹ Ã«â€šÂ¨Ã«Â¶â‚¬Ã¬â„¢â‚¬ Ã«â€šÂ¨ÃªÂ·Â¹ Ã¬Â§â‚¬Ã¬â€”Â­
     got: í”„ëž‘ìŠ¤ë ¹ ë‚¨ë¶€ì™€ ë‚¨ê·¹ ì§€ì—­
 ; [cca2=TF].translations.per.common
Expected: Ã˜Â³Ã˜Â±Ã˜Â²Ã™â€¦Ã›Å’Ã™â€ Ã¢â‚¬Å’Ã™â€¡Ã˜Â§Ã›Å’ Ã˜Â¬Ã™â€ Ã™Ë†Ã˜Â¨Ã›Å’ Ã™Ë† Ã˜Â¬Ã™â€ Ã™Ë†Ã˜Â¨ÃšÂ¯Ã˜Â§Ã™â€ Ã›Å’ Ã™ï¿½Ã˜Â±Ã˜Â§Ã™â€ Ã˜Â³Ã™â€¡
     got: Ø³Ø±Ø²Ù…ÛŒÙ†â€ŒÙ‡Ø§ÛŒ Ø¬Ù†ÙˆØ¨ÛŒ Ùˆ Ø¬Ù†ÙˆØ¨Ú¯Ø§Ù†ÛŒ Ù�Ø±Ø§Ù†Ø³Ù‡
 ; [cca2=TF].translations.per.official
Expected: Ã˜Â³Ã˜Â±Ã˜Â²Ã™â€¦Ã›Å’Ã™â€ Ã¢â‚¬Å’Ã™â€¡Ã˜Â§Ã›Å’ Ã˜Â¬Ã™â€ Ã™Ë†Ã˜Â¨Ã›Å’ Ã™Ë† Ã˜Â¬Ã™â€ Ã™Ë†Ã˜Â¨ÃšÂ¯Ã˜Â§Ã™â€ Ã›Å’ Ã™ï¿½Ã˜Â±Ã˜Â§Ã™â€ Ã˜Â³Ã™â€¡
     got: Ø³Ø±Ø²Ù…ÛŒÙ†â€ŒÙ‡Ø§ÛŒ Ø¬Ù†ÙˆØ¨ÛŒ Ùˆ Ø¬Ù†ÙˆØ¨Ú¯Ø§Ù†ÛŒ Ù�Ø±Ø§Ù†Ø³Ù‡
 ; [cca2=TF].translations.pol.common
Expected: Francuskie Terytoria PoÃ…â€šudniowe i Antarktyczne
     got: Francuskie Terytoria PoÅ‚udniowe i Antarktyczne
 ; [cca2=TF].translations.pol.official
Expected: Francuskie Terytoria PoÃ…â€šudniowe i Antarktyczne
     got: Francuskie Terytoria PoÅ‚udniowe i Antarktyczne
 ; [cca2=TF].translations.por.common
Expected: Terras Austrais e AntÃƒÂ¡rticas Francesas
     got: Terras Austrais e AntÃ¡rticas Francesas
 ; [cca2=TF].translations.por.official
Expected: TerritÃƒÂ³rio do Sul e AntÃƒÂ¡rtica Francesa
     got: TerritÃ³rio do Sul e AntÃ¡rtica Francesa
 ; [cca2=TF].translations.rus.common
Expected: Ã�Â¤Ã‘â‚¬Ã�Â°Ã�Â½Ã‘â€ Ã‘Æ’Ã�Â·Ã‘ï¿½Ã�ÂºÃ�Â¸Ã�Âµ Ã�Â®Ã�Â¶Ã�Â½Ã‘â€¹Ã�Âµ Ã�Â¸ Ã�ï¿½Ã�Â½Ã‘â€šÃ�Â°Ã‘â‚¬Ã�ÂºÃ‘â€šÃ�Â¸Ã‘â€¡Ã�ÂµÃ‘ï¿½Ã�ÂºÃ�Â¸Ã�Âµ Ã‘â€šÃ�ÂµÃ‘â‚¬Ã‘â‚¬Ã�Â¸Ã‘â€šÃ�Â¾Ã‘â‚¬Ã�Â¸Ã�Â¸
     got: Ð¤Ñ€Ð°Ð½Ñ†ÑƒÐ·Ñ�ÐºÐ¸Ðµ Ð®Ð¶Ð½Ñ‹Ðµ Ð¸ Ð�Ð½Ñ‚Ð°Ñ€ÐºÑ‚Ð¸Ñ‡ÐµÑ�ÐºÐ¸Ðµ Ñ‚ÐµÑ€Ñ€Ð¸Ñ‚Ð¾Ñ€Ð¸Ð¸
 ; [cca2=TF].translations.rus.official
Expected: Ã�Â¢Ã�ÂµÃ‘â‚¬Ã‘â‚¬Ã�Â¸Ã‘â€šÃ�Â¾Ã‘â‚¬Ã�Â¸Ã‘ï¿½ Ã�Â¤Ã‘â‚¬Ã�Â°Ã�Â½Ã‘â€ Ã‘Æ’Ã�Â·Ã‘ï¿½Ã�ÂºÃ�Â¸Ã�Âµ Ã�Â®Ã�Â¶Ã�Â½Ã‘â€¹Ã�Âµ Ã�Â¸ Ã�ï¿½Ã�Â½Ã‘â€šÃ�Â°Ã‘â‚¬Ã�ÂºÃ‘â€šÃ�Â¸Ã‘â€¡Ã�ÂµÃ‘ï¿½Ã�ÂºÃ�Â¸Ã�Âµ Ã�Â·Ã�ÂµÃ�Â¼Ã�Â»Ã�Â¸
     got: Ð¢ÐµÑ€Ñ€Ð¸Ñ‚Ð¾Ñ€Ð¸Ñ� Ð¤Ñ€Ð°Ð½Ñ†ÑƒÐ·Ñ�ÐºÐ¸Ðµ Ð®Ð¶Ð½Ñ‹Ðµ Ð¸ Ð�Ð½Ñ‚Ð°Ñ€ÐºÑ‚Ð¸Ñ‡ÐµÑ�ÐºÐ¸Ðµ Ð·ÐµÐ¼Ð»Ð¸
 ; [cca2=TF].translations.slk.common
Expected: FrancÃƒÂºzske juÃ…Â½nÃƒÂ© a antarktickÃƒÂ© ÃƒÂºzemia
     got: FrancÃºzske juÅ½nÃ© a antarktickÃ© Ãºzemia
 ; [cca2=TF].translations.slk.official
Expected: FrancÃƒÂºzske juÃ…Â¾nÃƒÂ© a antarktickÃƒÂ© ÃƒÂºzemia
     got: FrancÃºzske juÅ¾nÃ© a antarktickÃ© Ãºzemia
 ; [cca2=TF].translations.spa.common
Expected: Tierras Australes y AntÃƒÂ¡rticas Francesas
     got: Tierras Australes y AntÃ¡rticas Francesas
 ; [cca2=TF].translations.spa.official
Expected: Territorio del FrancÃƒÂ©s Tierras australes y antÃƒÂ¡rticas
     got: Territorio del FrancÃ©s Tierras australes y antÃ¡rticas
 ; [cca2=TF].translations.srp.common
Expected: Ã�Â¤Ã‘â‚¬Ã�Â°Ã�Â½Ã‘â€ Ã‘Æ’Ã‘ï¿½Ã�ÂºÃ�Âµ Ã‘ËœÃ‘Æ’Ã�Â¶Ã�Â½Ã�Âµ Ã�Â¸ Ã�Â°Ã�Â½Ã‘â€šÃ�Â°Ã‘â‚¬Ã�ÂºÃ‘â€šÃ�Â¸Ã‘â€¡Ã�ÂºÃ�Âµ Ã�Â·Ã�ÂµÃ�Â¼Ã‘â„¢Ã�Âµ
     got: Ð¤Ñ€Ð°Ð½Ñ†ÑƒÑ�ÐºÐµ Ñ˜ÑƒÐ¶Ð½Ðµ Ð¸ Ð°Ð½Ñ‚Ð°Ñ€ÐºÑ‚Ð¸Ñ‡ÐºÐµ Ð·ÐµÐ¼Ñ™Ðµ
 ; [cca2=TF].translations.srp.official
Expected: Ã�Â¤Ã‘â‚¬Ã�Â°Ã�Â½Ã‘â€ Ã‘Æ’Ã‘ï¿½Ã�ÂºÃ�Âµ Ã‘ËœÃ‘Æ’Ã�Â¶Ã�Â½Ã�Âµ Ã�Â¸ Ã�Â°Ã�Â½Ã‘â€šÃ�Â°Ã‘â‚¬Ã�ÂºÃ‘â€šÃ�Â¸Ã‘â€¡Ã�ÂºÃ�Âµ Ã�Â·Ã�ÂµÃ�Â¼Ã‘â„¢Ã�Âµ
     got: Ð¤Ñ€Ð°Ð½Ñ†ÑƒÑ�ÐºÐµ Ñ˜ÑƒÐ¶Ð½Ðµ Ð¸ Ð°Ð½Ñ‚Ð°Ñ€ÐºÑ‚Ð¸Ñ‡ÐºÐµ Ð·ÐµÐ¼Ñ™Ðµ
 ; [cca2=TF].translations.swe.common
Expected: Franska sÃƒÂ¶dra territorierna
     got: Franska sÃ¶dra territorierna
 ; [cca2=TF].translations.tur.common
Expected: FransÃ„Â±z GÃƒÂ¼ney ve Antarktika TopraklarÃ„Â±
     got: FransÄ±z GÃ¼ney ve Antarktika TopraklarÄ±
 ; [cca2=TF].translations.tur.official
Expected: FransÃ„Â±z GÃƒÂ¼ney ve Antarktika TopraklarÃ„Â±
     got: FransÄ±z GÃ¼ney ve Antarktika TopraklarÄ±
 ; [cca2=TF].translations.urd.common
Expected: Ã˜Â³Ã˜Â±Ã˜Â²Ã™â€¦Ã›Å’Ã™â€  Ã˜Â¬Ã™â€ Ã™Ë†Ã˜Â¨Ã›Å’ Ã™ï¿½Ã˜Â±Ã˜Â§Ã™â€ Ã˜Â³Ã›Å’Ã˜Â³Ã›Å’Ã›ï¿½ Ã™Ë† Ã˜Â§Ã™â€ Ã™Â¹Ã˜Â§Ã˜Â±ÃšÂ©Ã™Â¹Ã›Å’ÃšÂ©Ã˜Â§
     got: Ø³Ø±Ø²Ù…ÛŒÙ† Ø¬Ù†ÙˆØ¨ÛŒ Ù�Ø±Ø§Ù†Ø³ÛŒØ³ÛŒÛ� Ùˆ Ø§Ù†Ù¹Ø§Ø±Ú©Ù¹ÛŒÚ©Ø§
 ; [cca2=TF].translations.urd.official
Expected: Ã˜Â³Ã˜Â±Ã˜Â²Ã™â€¦Ã›Å’Ã™â€ Ã™ï¿½ Ã˜Â¬Ã™â€ Ã™Ë†Ã˜Â¨Ã›Å’ Ã™ï¿½Ã˜Â±Ã˜Â§Ã™â€ Ã˜Â³Ã›Å’Ã˜Â³Ã›Å’Ã›ï¿½ Ã™Ë† Ã˜Â§Ã™â€ Ã™Â¹Ã˜Â§Ã˜Â±ÃšÂ©Ã™Â¹Ã›Å’ÃšÂ©Ã›ï¿½
     got: Ø³Ø±Ø²Ù…ÛŒÙ†Ù� Ø¬Ù†ÙˆØ¨ÛŒ Ù�Ø±Ø§Ù†Ø³ÛŒØ³ÛŒÛ� Ùˆ Ø§Ù†Ù¹Ø§Ø±Ú©Ù¹ÛŒÚ©Û�
 ; [cca2=TF].translations.zho.common
Expected: Ã¦Â³â€¢Ã¥â€ºÂ½Ã¥ï¿½â€”Ã©Æ’Â¨Ã¥â€™Å’Ã¥ï¿½â€”Ã¦Å¾ï¿½Ã¥Å“Å¸Ã¥Å“Â°
     got: æ³•å›½å�—éƒ¨å’Œå�—æž�åœŸåœ°
 ; [cca2=TF].translations.zho.official
Expected: Ã¦Â³â€¢Ã¥â€ºÂ½Ã¥ï¿½â€”Ã©Æ’Â¨Ã¥â€™Å’Ã¥ï¿½â€”Ã¦Å¾ï¿½Ã¥Å“Å¸Ã¥Å“Â°
     got: æ³•å›½å�—éƒ¨å’Œå�—æž�åœŸåœ°
 ; [cca2=CU].altSpellings[]
Expected: RepÃƒÂºblica de Cuba
     but none found
 ; [cca2=CU].altSpellings[]
Unexpected: RepÃºblica de Cuba
 ; [cca2=CU].flag
Expected: Ã°Å¸â€¡Â¨Ã°Å¸â€¡Âº
     got: ðŸ‡¨ðŸ‡º
 ; [cca2=CU].name.nativeName.spa.official
Expected: RepÃƒÂºblica de Cuba
     got: RepÃºblica de Cuba
 ; [cca2=CU].translations.ara.common
Expected: Ã™Æ’Ã™Ë†Ã˜Â¨Ã˜Â§
     got: ÙƒÙˆØ¨Ø§
 ; [cca2=CU].translations.ara.official
Expected: Ã˜Â¬Ã™â€¦Ã™â€¡Ã™Ë†Ã˜Â±Ã™Å Ã˜Â© Ã™Æ’Ã™Ë†Ã˜Â¨Ã˜Â§
     got: Ø¬Ù…Ù‡ÙˆØ±ÙŠØ© ÙƒÙˆØ¨Ø§
 ; [cca2=CU].translations.ces.official
Expected: KubÃƒÂ¡nskÃƒÂ¡ republika
     got: KubÃ¡nskÃ¡ republika
 ; [cca2=CU].translations.fra.official
Expected: RÃƒÂ©publique de Cuba
     got: RÃ©publique de Cuba
 ; [cca2=CU].translations.hun.official
Expected: Kubai KÃƒÂ¶ztÃƒÂ¡rsasÃƒÂ¡g
     got: Kubai KÃ¶ztÃ¡rsasÃ¡g
 ; [cca2=CU].translations.jpn.common
Expected: Ã£â€šÂ­Ã£Æ’Â¥Ã£Æ’Â¼Ã£Æ’ï¿½
     got: ã‚­ãƒ¥ãƒ¼ãƒ�
 ; [cca2=CU].translations.jpn.official
Expected: Ã£â€šÂ­Ã£Æ’Â¥Ã£Æ’Â¼Ã£Æ’ï¿½Ã¥â€¦Â±Ã¥â€™Å’Ã¥â€ºÂ½
     got: ã‚­ãƒ¥ãƒ¼ãƒ�å…±å’Œå›½
 ; [cca2=CU].translations.kor.common
Expected: Ã¬Â¿Â Ã«Â°â€�
     got: ì¿ ë°”
 ; [cca2=CU].translations.kor.official
Expected: Ã¬Â¿Â Ã«Â°â€� ÃªÂ³ÂµÃ­â„¢â€�ÃªÂµÂ­
     got: ì¿ ë°” ê³µí™”êµ­
 ; [cca2=CU].translations.per.common
Expected: ÃšÂ©Ã™Ë†Ã˜Â¨Ã˜Â§
     got: Ú©ÙˆØ¨Ø§
 ; [cca2=CU].translations.per.official
Expected: Ã˜Â¬Ã™â€¦Ã™â€¡Ã™Ë†Ã˜Â±Ã›Å’ ÃšÂ©Ã™Ë†Ã˜Â¨Ã˜Â§
     got: Ø¬Ù…Ù‡ÙˆØ±ÛŒ Ú©ÙˆØ¨Ø§
 ; [cca2=CU].translations.por.official
Expected: RepÃƒÂºblica de Cuba
     got: RepÃºblica de Cuba
 ; [cca2=CU].translations.rus.common
Expected: Ã�Å¡Ã‘Æ’Ã�Â±Ã�Â°
     got: ÐšÑƒÐ±Ð°
 ; [cca2=CU].translations.rus.official
Expected: Ã�Â Ã�ÂµÃ‘ï¿½Ã�Â¿Ã‘Æ’Ã�Â±Ã�Â»Ã�Â¸Ã�ÂºÃ�Â° Ã�Å¡Ã‘Æ’Ã�Â±Ã�Â°
     got: Ð ÐµÑ�Ð¿ÑƒÐ±Ð»Ð¸ÐºÐ° ÐšÑƒÐ±Ð°
 ; [cca2=CU].translations.slk.official
Expected: KubÃƒÂ¡nska republika
     got: KubÃ¡nska republika
 ; [cca2=CU].translations.spa.official
Expected: RepÃƒÂºblica de Cuba
     got: RepÃºblica de Cuba
 ; [cca2=CU].translations.srp.common
Expected: Ã�Å¡Ã‘Æ’Ã�Â±Ã�Â°
     got: ÐšÑƒÐ±Ð°
 ; [cca2=CU].translations.srp.official
Expected: Ã�Â Ã�ÂµÃ�Â¿Ã‘Æ’Ã�Â±Ã�Â»Ã�Â¸Ã�ÂºÃ�Â° Ã�Å¡Ã‘Æ’Ã�Â±Ã�Â°
     got: Ð ÐµÐ¿ÑƒÐ±Ð»Ð¸ÐºÐ° ÐšÑƒÐ±Ð°
 ; [cca2=CU].translations.tur.common
Expected: KÃƒÂ¼ba
     got: KÃ¼ba
 ; [cca2=CU].translations.tur.official
Expected: KÃƒÂ¼ba Cumhuriyeti
     got: KÃ¼ba Cumhuriyeti
 ; [cca2=CU].translations.urd.common
Expected: ÃšÂ©Ã›Å’Ã™Ë†Ã˜Â¨Ã˜Â§
     got: Ú©ÛŒÙˆØ¨Ø§
 ; [cca2=CU].translations.urd.official
Expected: Ã˜Â¬Ã™â€¦Ã›ï¿½Ã™Ë†Ã˜Â±Ã›Å’Ã›ï¿½ ÃšÂ©Ã›Å’Ã™Ë†Ã˜Â¨Ã˜Â§
     got: Ø¬Ù…Û�ÙˆØ±ÛŒÛ� Ú©ÛŒÙˆØ¨Ø§
 ; [cca2=CU].translations.zho.common
Expected: Ã¥ï¿½Â¤Ã¥Â·Â´
     got: å�¤å·´
 ; [cca2=CU].translations.zho.official
Expected: Ã¥ï¿½Â¤Ã¥Â·Â´Ã¥â€¦Â±Ã¥â€™Å’Ã¥â€ºÂ½
     got: å�¤å·´å…±å’Œå›½
 ; [cca2=CV].altSpellings[]
Expected: RepÃƒÂºblica de Cabo Verde
     but none found
 ; [cca2=CV].altSpellings[]
Unexpected: RepÃºblica de Cabo Verde
 ; [cca2=CV].flag
Expected: Ã°Å¸â€¡Â¨Ã°Å¸â€¡Â»
     got: ðŸ‡¨ðŸ‡»
 ; [cca2=CV].name.nativeName.por.official
Expected: RepÃƒÂºblica de Cabo Verde
     got: RepÃºblica de Cabo Verde
 ; [cca2=CV].translations.ara.common
Expected: Ã™Æ’Ã˜Â§Ã˜Â¨Ã™Ë† Ã™ï¿½Ã™Å Ã˜Â±Ã˜Â¯Ã™Å 
     got: ÙƒØ§Ø¨Ùˆ Ù�ÙŠØ±Ø¯ÙŠ
 ; [cca2=CV].translations.ara.official
Expected: Ã˜Â¬Ã™â€¦Ã™â€¡Ã™Ë†Ã˜Â±Ã™Å Ã˜Â© Ã™Æ’Ã˜Â§Ã˜Â¨Ã™Ë† Ã™ï¿½Ã™Å Ã˜Â±Ã˜Â¯Ã™Å 
     got: Ø¬Ù…Ù‡ÙˆØ±ÙŠØ© ÙƒØ§Ø¨Ùˆ Ù�ÙŠØ±Ø¯ÙŠ
 ; [cca2=CV].translations.ces.official
Expected: KapverdskÃƒÂ¡ republika
     got: KapverdskÃ¡ republika
 ; [cca2=CV].translations.fra.common
Expected: ÃƒÅ½les du Cap-Vert
     got: ÃŽles du Cap-Vert
 ; [cca2=CV].translations.fra.official
Expected: RÃƒÂ©publique du Cap-Vert
     got: RÃ©publique du Cap-Vert
 ; [cca2=CV].translations.hun.common
Expected: ZÃƒÂ¶ld-foki KÃƒÂ¶ztÃƒÂ¡rsasÃƒÂ¡g
     got: ZÃ¶ld-foki KÃ¶ztÃ¡rsasÃ¡g
 ; [cca2=CV].translations.hun.official
Expected: ZÃƒÂ¶ld-foki KÃƒÂ¶ztÃƒÂ¡rsasÃƒÂ¡g
     got: ZÃ¶ld-foki KÃ¶ztÃ¡rsasÃ¡g
 ; [cca2=CV].translations.jpn.common
Expected: Ã£â€šÂ«Ã£Æ’Â¼Ã£Æ’Å“Ã£Æ’â„¢Ã£Æ’Â«Ã£Æ’â€¡
     got: ã‚«ãƒ¼ãƒœãƒ™ãƒ«ãƒ‡
 ; [cca2=CV].translations.jpn.official
Expected: Ã£â€šÂ«Ã£Æ’Â¼Ã£Æ’Å“Ã£Æ’â„¢Ã£Æ’Â«Ã£Æ’â€¡Ã¥â€¦Â±Ã¥â€™Å’Ã¥â€ºÂ½
     got: ã‚«ãƒ¼ãƒœãƒ™ãƒ«ãƒ‡å…±å’Œå›½
 ; [cca2=CV].translations.kor.common
Expected: Ã¬Â¹Â´Ã«Â³Â´Ã«Â²Â Ã«Â¥Â´Ã«ï¿½Â°
     got: ì¹´ë³´ë² ë¥´ë�°
 ; [cca2=CV].translations.kor.official
Expected: Ã¬Â¹Â´Ã«Â³Â´Ã«Â²Â Ã«Â¥Â´Ã«ï¿½Â° ÃªÂ³ÂµÃ­â„¢â€�ÃªÂµÂ­
     got: ì¹´ë³´ë² ë¥´ë�° ê³µí™”êµ­
 ; [cca2=CV].translations.nld.common
Expected: KaapverdiÃƒÂ«
     got: KaapverdiÃ«
 ; [cca2=CV].translations.per.common
Expected: Ã˜Â¯Ã™â€¦Ã˜Â§Ã˜ÂºÃ™â€¡Ã™â€� Ã˜Â³Ã˜Â¨Ã˜Â²
     got: Ø¯Ù…Ø§ØºÙ‡Ù” Ø³Ø¨Ø²
 ; [cca2=CV].translations.per.official
Expected: Ã˜Â¬Ã™â€¦Ã™â€¡Ã™Ë†Ã˜Â±Ã›Å’ ÃšÂ©Ã˜Â¨Ã™Ë† Ã™Ë†Ã˜Â±Ã˜Â¯
     got: Ø¬Ù…Ù‡ÙˆØ±ÛŒ Ú©Ø¨Ùˆ ÙˆØ±Ø¯
 ; [cca2=CV].translations.pol.common
Expected: Republika Zielonego PrzylÃ„â€¦dka
     got: Republika Zielonego PrzylÄ…dka
 ; [cca2=CV].translations.pol.official
Expected: Republika Zielonego PrzylÃ„â€¦dka
     got: Republika Zielonego PrzylÄ…dka
 ; [cca2=CV].translations.por.official
Expected: RepÃƒÂºblica de Cabo Verde
     got: RepÃºblica de Cabo Verde
 ; [cca2=CV].translations.rus.common
Expected: Ã�Å¡Ã�Â°Ã�Â±Ã�Â¾-Ã�â€™Ã�ÂµÃ‘â‚¬Ã�Â´Ã�Âµ
     got: ÐšÐ°Ð±Ð¾-Ð’ÐµÑ€Ð´Ðµ
 ; [cca2=CV].translations.rus.official
Expected: Ã�Â Ã�ÂµÃ‘ï¿½Ã�Â¿Ã‘Æ’Ã�Â±Ã�Â»Ã�Â¸Ã�ÂºÃ�Â° Ã�Å¡Ã�Â°Ã�Â±Ã�Â¾ -Ã�â€™Ã�ÂµÃ‘â‚¬Ã�Â´Ã�Âµ
     got: Ð ÐµÑ�Ð¿ÑƒÐ±Ð»Ð¸ÐºÐ° ÐšÐ°Ð±Ð¾ -Ð’ÐµÑ€Ð´Ðµ
 ; [cca2=CV].translations.slk.official
Expected: KapverdskÃƒÂ¡ republika
     got: KapverdskÃ¡ republika
 ; [cca2=CV].translations.spa.official
Expected: RepÃƒÂºblica de Cabo Verde
     got: RepÃºblica de Cabo Verde
 ; [cca2=CV].translations.srp.common
Expected: Ã�â€”Ã�ÂµÃ�Â»Ã�ÂµÃ�Â½Ã�Â¾Ã‘â‚¬Ã‘â€šÃ‘ï¿½Ã�ÂºÃ�Â° Ã�Å¾Ã‘ï¿½Ã‘â€šÃ‘â‚¬Ã�Â²Ã�Â°
     got: Ð—ÐµÐ»ÐµÐ½Ð¾Ñ€Ñ‚Ñ�ÐºÐ° ÐžÑ�Ñ‚Ñ€Ð²Ð°
 ; [cca2=CV].translations.srp.official
Expected: Ã�â€”Ã�ÂµÃ�Â»Ã�ÂµÃ�Â½Ã�Â¾Ã‘â‚¬Ã‘â€šÃ‘ï¿½Ã�ÂºÃ�Â° Ã�Â Ã�ÂµÃ�Â¿Ã‘Æ’Ã�Â±Ã�Â»Ã�Â¸Ã�ÂºÃ�Â°
     got: Ð—ÐµÐ»ÐµÐ½Ð¾Ñ€Ñ‚Ñ�ÐºÐ° Ð ÐµÐ¿ÑƒÐ±Ð»Ð¸ÐºÐ°
 ; [cca2=CV].translations.tur.common
Expected: YeÃ…Å¸il Burun
     got: YeÅŸil Burun
 ; [cca2=CV].translations.tur.official
Expected: YeÃ…Å¸il Burun Cumhuriyeti
     got: YeÅŸil Burun Cumhuriyeti
 ; [cca2=CV].translations.urd.common
Expected: ÃšÂ©Ã›Å’Ã™Â¾ Ã™Ë†Ã˜Â±ÃšË†Ã›Å’
     got: Ú©ÛŒÙ¾ ÙˆØ±ÚˆÛŒ
 ; [cca2=CV].translations.urd.official
Expected: Ã˜Â¬Ã™â€¦Ã›ï¿½Ã™Ë†Ã˜Â±Ã›Å’Ã›ï¿½ ÃšÂ©Ã›Å’Ã™Â¾ Ã™Ë†Ã˜Â±ÃšË†Ã›Å’
     got: Ø¬Ù…Û�ÙˆØ±ÛŒÛ� Ú©ÛŒÙ¾ ÙˆØ±ÚˆÛŒ
 ; [cca2=CV].translations.zho.common
Expected: Ã¤Â½â€ºÃ¥Â¾â€”Ã¨Â§â€™
     got: ä½›å¾—è§’
 ; [cca2=CV].translations.zho.official
Expected: Ã¤Â½â€ºÃ¥Â¾â€”Ã¨Â§â€™Ã¥â€¦Â±Ã¥â€™Å’Ã¥â€ºÂ½
     got: ä½›å¾—è§’å…±å’Œå›½
 ; [cca2=TG].altSpellings[]
Expected: RÃƒÂ©publique Togolaise
     but none found
 ; [cca2=TG].altSpellings[]
Unexpected: RÃ©publique Togolaise
 ; [cca2=TG].capital[]
Expected: LomÃƒÂ©
     but none found
 ; [cca2=TG].capital[]
Unexpected: LomÃ©
 ; [cca2=TG].flag
Expected: Ã°Å¸â€¡Â¹Ã°Å¸â€¡Â¬
     got: ðŸ‡¹ðŸ‡¬
 ; [cca2=TG].name.nativeName.fra.official
Expected: RÃƒÂ©publique togolaise
     got: RÃ©publique togolaise
 ; [cca2=TG].translations.ara.common
Expected: Ã˜ÂªÃ™Ë†Ã˜ÂºÃ™Ë†
     got: ØªÙˆØºÙˆ
 ; [cca2=TG].translations.ara.official
Expected: Ã˜Â¬Ã™â€¦Ã™â€¡Ã™Ë†Ã˜Â±Ã™Å Ã˜Â© Ã˜ÂªÃ™Ë†Ã˜ÂºÃ™Ë†
     got: Ø¬Ù…Ù‡ÙˆØ±ÙŠØ© ØªÙˆØºÙˆ
 ; [cca2=TG].translations.fra.official
Expected: RÃƒÂ©publique togolaise
     got: RÃ©publique togolaise
 ; [cca2=TG].translations.hun.official
Expected: TogÃƒÂ³i KÃƒÂ¶ztÃƒÂ¡rsasÃƒÂ¡g
     got: TogÃ³i KÃ¶ztÃ¡rsasÃ¡g
 ; [cca2=TG].translations.jpn.common
Expected: Ã£Æ’Ë†Ã£Æ’Â¼Ã£â€šÂ´
     got: ãƒˆãƒ¼ã‚´
 ; [cca2=TG].translations.jpn.official
Expected: Ã£Æ’Ë†Ã£Æ’Â¼Ã£â€šÂ´Ã¥â€¦Â±Ã¥â€™Å’Ã¥â€ºÂ½
     got: ãƒˆãƒ¼ã‚´å…±å’Œå›½
 ; [cca2=TG].translations.kor.common
Expected: Ã­â€ Â ÃªÂ³Â 
     got: í† ê³ 
 ; [cca2=TG].translations.kor.official
Expected: Ã­â€ Â ÃªÂ³Â  ÃªÂ³ÂµÃ­â„¢â€�ÃªÂµÂ­
     got: í† ê³  ê³µí™”êµ­
 ; [cca2=TG].translations.per.common
Expected: Ã˜ÂªÃ™Ë†ÃšÂ¯Ã™Ë†
     got: ØªÙˆÚ¯Ùˆ
 ; [cca2=TG].translations.per.official
Expected: Ã˜Â¬Ã™â€¦Ã™â€¡Ã™Ë†Ã˜Â±Ã›Å’ Ã˜ÂªÃ™Ë†ÃšÂ¯Ã™Ë†
     got: Ø¬Ù…Ù‡ÙˆØ±ÛŒ ØªÙˆÚ¯Ùˆ
 ; [cca2=TG].translations.por.official
Expected: RepÃƒÂºblica do Togo
     got: RepÃºblica do Togo
 ; [cca2=TG].translations.rus.common
Expected: Ã�Â¢Ã�Â¾Ã�Â³Ã�Â¾
     got: Ð¢Ð¾Ð³Ð¾
 ; [cca2=TG].translations.rus.official
Expected: Ã�Â¢Ã�Â¾Ã�Â³Ã�Â¾ Ã�Â Ã�ÂµÃ‘ï¿½Ã�Â¿Ã‘Æ’Ã�Â±Ã�Â»Ã�Â¸Ã�ÂºÃ�Â°
     got: Ð¢Ð¾Ð³Ð¾ Ð ÐµÑ�Ð¿ÑƒÐ±Ð»Ð¸ÐºÐ°
 ; [cca2=TG].translations.slk.official
Expected: TogskÃƒÂ¡ republika
     got: TogskÃ¡ republika
 ; [cca2=TG].translations.spa.official
Expected: RepÃƒÂºblica de Togo
     got: RepÃºblica de Togo
 ; [cca2=TG].translations.srp.common
Expected: Ã�Â¢Ã�Â¾Ã�Â³Ã�Â¾
     got: Ð¢Ð¾Ð³Ð¾
 ; [cca2=TG].translations.srp.official
Expected: Ã�Â¢Ã�Â¾Ã�Â³Ã�Â¾Ã�Â»Ã�ÂµÃ‘Ë†Ã�ÂºÃ�Â° Ã�Â Ã�ÂµÃ�Â¿Ã‘Æ’Ã�Â±Ã�Â»Ã�Â¸Ã�ÂºÃ�Â°
     got: Ð¢Ð¾Ð³Ð¾Ð»ÐµÑˆÐºÐ° Ð ÐµÐ¿ÑƒÐ±Ð»Ð¸ÐºÐ°
 ; [cca2=TG].translations.urd.common
Expected: Ã™Â¹Ã™Ë†ÃšÂ¯Ã™Ë†
     got: Ù¹ÙˆÚ¯Ùˆ
 ; [cca2=TG].translations.urd.official
Expected: Ã˜Â¬Ã™â€¦Ã›ï¿½Ã™Ë†Ã˜Â±Ã›Å’Ã›ï¿½ Ã™Â¹Ã™Ë†ÃšÂ¯Ã™Ë†
     got: Ø¬Ù…Û�ÙˆØ±ÛŒÛ� Ù¹ÙˆÚ¯Ùˆ
 ; [cca2=TG].translations.zho.common
Expected: Ã¥Â¤Å¡Ã¥â€œÂ¥
     got: å¤šå“¥
 ; [cca2=TG].translations.zho.official
Expected: Ã¥Â¤Å¡Ã¥â€œÂ¥Ã¥â€¦Â±Ã¥â€™Å’Ã¥â€ºÂ½
     got: å¤šå“¥å…±å’Œå›½
 ; [cca2=TH].altSpellings[]
Expected: Ã Â¸Â£Ã Â¸Â²Ã Â¸Å Ã Â¸Â­Ã Â¸Â²Ã Â¸â€œÃ Â¸Â²Ã Â¸Ë†Ã Â¸Â±Ã Â¸ï¿½Ã Â¸Â£Ã Â¹â€žÃ Â¸â€”Ã Â¸Â¢
     but none found
 ; [cca2=TH].altSpellings[]
Unexpected: à¸£à¸²à¸Šà¸­à¸²à¸“à¸²à¸ˆà¸±à¸�à¸£à¹„à¸—à¸¢
 ; [cca2=TH].currencies.THB.symbol
Expected: Ã Â¸Â¿
     got: à¸¿
 ; [cca2=TH].demonyms.fra.f
Expected: ThaÃƒÂ¯landaise
     got: ThaÃ¯landaise
 ; [cca2=TH].demonyms.fra.m
Expected: ThaÃƒÂ¯landais
     got: ThaÃ¯landais
 ; [cca2=TH].flag
Expected: Ã°Å¸â€¡Â¹Ã°Å¸â€¡Â­
     got: ðŸ‡¹ðŸ‡­
 ; [cca2=TH].name.nativeName.tha.common
Expected: Ã Â¸â€ºÃ Â¸Â£Ã Â¸Â°Ã Â¹â‚¬Ã Â¸â€”Ã Â¸Â¨Ã Â¹â€žÃ Â¸â€”Ã Â¸Â¢
     got: à¸›à¸£à¸°à¹€à¸—à¸¨à¹„à¸—à¸¢
 ; [cca2=TH].name.nativeName.tha.official
Expected: Ã Â¸Â£Ã Â¸Â²Ã Â¸Å Ã Â¸Â­Ã Â¸Â²Ã Â¸â€œÃ Â¸Â²Ã Â¸Ë†Ã Â¸Â±Ã Â¸ï¿½Ã Â¸Â£Ã Â¹â€žÃ Â¸â€”Ã Â¸Â¢
     got: à¸£à¸²à¸Šà¸­à¸²à¸“à¸²à¸ˆà¸±à¸�à¸£à¹„à¸—à¸¢
 ; [cca2=TH].tld[]
Expected: .Ã Â¹â€žÃ Â¸â€”Ã Â¸Â¢
     but none found
 ; [cca2=TH].tld[]
Unexpected: .à¹„à¸—à¸¢
 ; [cca2=TH].translations.ara.common
Expected: Ã˜ÂªÃ˜Â§Ã™Å Ã™â€žÃ™â€ Ã˜Â¯
     got: ØªØ§ÙŠÙ„Ù†Ø¯
 ; [cca2=TH].translations.ara.official
Expected: Ã™â€¦Ã™â€¦Ã™â€žÃ™Æ’Ã˜Â© Ã˜ÂªÃ˜Â§Ã™Å Ã™â€žÃ™â€ Ã˜Â¯
     got: Ù…Ù…Ù„ÙƒØ© ØªØ§ÙŠÙ„Ù†Ø¯
 ; [cca2=TH].translations.ces.official
Expected: ThajskÃƒÂ© krÃƒÂ¡lovstvÃƒÂ­
     got: ThajskÃ© krÃ¡lovstvÃ­
 ; [cca2=TH].translations.deu.official
Expected: KÃƒÂ¶nigreich Thailand
     got: KÃ¶nigreich Thailand
 ; [cca2=TH].translations.fra.common
Expected: ThaÃƒÂ¯lande
     got: ThaÃ¯lande
 ; [cca2=TH].translations.fra.official
Expected: Royaume de ThaÃƒÂ¯lande
     got: Royaume de ThaÃ¯lande
 ; [cca2=TH].translations.hun.common
Expected: ThaifÃƒÂ¶ld
     got: ThaifÃ¶ld
 ; [cca2=TH].translations.hun.official
Expected: ThaifÃƒÂ¶ldi KirÃƒÂ¡lysÃƒÂ¡g
     got: ThaifÃ¶ldi KirÃ¡lysÃ¡g
 ; [cca2=TH].translations.jpn.common
Expected: Ã£â€šÂ¿Ã£â€šÂ¤
     got: ã‚¿ã‚¤
 ; [cca2=TH].translations.jpn.official
Expected: Ã£â€šÂ¿Ã£â€šÂ¤Ã§Å½â€¹Ã¥â€ºÂ½
     got: ã‚¿ã‚¤çŽ‹å›½
 ; [cca2=TH].translations.kor.common
Expected: Ã­Æ’Å“ÃªÂµÂ­
     got: íƒœêµ­
 ; [cca2=TH].translations.kor.official
Expected: Ã­Æ’â‚¬Ã¬ï¿½Â´ Ã¬â„¢â€¢ÃªÂµÂ­
     got: íƒ€ì�´ ì™•êµ­
 ; [cca2=TH].translations.per.common
Expected: Ã˜ÂªÃ˜Â§Ã›Å’Ã™â€žÃ™â€ Ã˜Â¯
     got: ØªØ§ÛŒÙ„Ù†Ø¯
 ; [cca2=TH].translations.per.official
Expected: Ã™Â¾Ã˜Â§Ã˜Â¯Ã˜Â´Ã˜Â§Ã™â€¡Ã›Å’ Ã˜ÂªÃ˜Â§Ã›Å’Ã™â€žÃ™â€ Ã˜Â¯
     got: Ù¾Ø§Ø¯Ø´Ø§Ù‡ÛŒ ØªØ§ÛŒÙ„Ù†Ø¯
 ; [cca2=TH].translations.pol.official
Expected: KrÃƒÂ³lestwo Tajlandii
     got: KrÃ³lestwo Tajlandii
 ; [cca2=TH].translations.por.common
Expected: TailÃƒÂ¢ndia
     got: TailÃ¢ndia
 ; [cca2=TH].translations.por.official
Expected: Reino da TailÃƒÂ¢ndia
     got: Reino da TailÃ¢ndia
 ; [cca2=TH].translations.rus.common
Expected: Ã�Â¢Ã�Â°Ã�Â¸Ã�Â»Ã�Â°Ã�Â½Ã�Â´
     got: Ð¢Ð°Ð¸Ð»Ð°Ð½Ð´
 ; [cca2=TH].translations.rus.official
Expected: Ã�Å¡Ã�Â¾Ã‘â‚¬Ã�Â¾Ã�Â»Ã�ÂµÃ�Â²Ã‘ï¿½Ã‘â€šÃ�Â²Ã�Â¾ Ã�Â¢Ã�Â°Ã�Â¸Ã�Â»Ã�Â°Ã�Â½Ã�Â´
     got: ÐšÐ¾Ñ€Ð¾Ð»ÐµÐ²Ñ�Ñ‚Ð²Ð¾ Ð¢Ð°Ð¸Ð»Ð°Ð½Ð´
 ; [cca2=TH].translations.slk.official
Expected: ThajskÃƒÂ© krÃƒÂ¡Ã„Â¾ovstvo
     got: ThajskÃ© krÃ¡Ä¾ovstvo
 ; [cca2=TH].translations.srp.common
Expected: Ã�Â¢Ã�Â°Ã‘ËœÃ�Â»Ã�Â°Ã�Â½Ã�Â´
     got: Ð¢Ð°Ñ˜Ð»Ð°Ð½Ð´
 ; [cca2=TH].translations.srp.official
Expected: Ã�Å¡Ã‘â‚¬Ã�Â°Ã‘â„¢Ã�ÂµÃ�Â²Ã�Â¸Ã�Â½Ã�Â° Ã�Â¢Ã�Â°Ã‘ËœÃ�Â»Ã�Â°Ã�Â½Ã�Â´
     got: ÐšÑ€Ð°Ñ™ÐµÐ²Ð¸Ð½Ð° Ð¢Ð°Ñ˜Ð»Ð°Ð½Ð´
 ; [cca2=TH].translations.tur.official
Expected: Tayland KrallÃ„Â±Ã„Å¸Ã„Â±
     got: Tayland KrallÄ±ÄŸÄ±
 ; [cca2=TH].translations.urd.common
Expected: Ã˜ÂªÃšÂ¾Ã˜Â§Ã˜Â¦Ã›Å’ Ã™â€žÃ›Å’Ã™â€ ÃšË†
     got: ØªÚ¾Ø§Ø¦ÛŒ Ù„ÛŒÙ†Úˆ
 ; [cca2=TH].translations.urd.official
Expected: Ã™â€¦Ã™â€¦Ã™â€žÃšÂ©Ã˜ÂªÃ™ï¿½ Ã˜ÂªÃšÂ¾Ã˜Â§Ã˜Â¦Ã›Å’ Ã™â€žÃ›Å’Ã™â€ ÃšË†
     got: Ù…Ù…Ù„Ú©ØªÙ� ØªÚ¾Ø§Ø¦ÛŒ Ù„ÛŒÙ†Úˆ
 ; [cca2=TH].translations.zho.common
Expected: Ã¦Â³Â°Ã¥â€ºÂ½
     got: æ³°å›½
 ; [cca2=TH].translations.zho.official
Expected: Ã¦Â³Â°Ã§Å½â€¹Ã¥â€ºÂ½
     got: æ³°çŽ‹å›½
 ; [cca2=CW].altSpellings[]
Expected: Land CuraÃƒÂ§ao
     but none found
 ; [cca2=CW].altSpellings[]
Expected: Country of CuraÃƒÂ§ao
     but none found
 ; [cca2=CW].altSpellings[]
Expected: KÃƒÂ²rsou
     but none found
 ; [cca2=CW].altSpellings[]
Expected: Pais KÃƒÂ²rsou
     but none found
 ; [cca2=CW].altSpellings[]
Unexpected: Country of CuraÃ§ao
 ; [cca2=CW].altSpellings[]
Unexpected: Pais KÃ²rsou
 ; [cca2=CW].altSpellings[]
Unexpected: KÃ²rsou
 ; [cca2=CW].altSpellings[]
Unexpected: Land CuraÃ§ao
 ; [cca2=CW].currencies.ANG.symbol
Expected: Ã†â€™
     got: Æ’
 ; [cca2=CW].demonyms.eng.f
Expected: CuraÃƒÂ§aoan
     got: CuraÃ§aoan
 ; [cca2=CW].demonyms.eng.m
Expected: CuraÃƒÂ§aoan
     got: CuraÃ§aoan
 ; [cca2=CW].flag
Expected: Ã°Å¸â€¡Â¨Ã°Å¸â€¡Â¼
     got: ðŸ‡¨ðŸ‡¼
 ; [cca2=CW].name.common
Expected: CuraÃƒÂ§ao
     got: CuraÃ§ao
 ; [cca2=CW].name.nativeName.eng.common
Expected: CuraÃƒÂ§ao
     got: CuraÃ§ao
 ; [cca2=CW].name.nativeName.eng.official
Expected: Country of CuraÃƒÂ§ao
     got: Country of CuraÃ§ao
 ; [cca2=CW].name.nativeName.nld.common
Expected: CuraÃƒÂ§ao
     got: CuraÃ§ao
 ; [cca2=CW].name.nativeName.nld.official
Expected: Land CuraÃƒÂ§ao
     got: Land CuraÃ§ao
 ; [cca2=CW].name.nativeName.pap.common
Expected: Pais KÃƒÂ²rsou
     got: Pais KÃ²rsou
 ; [cca2=CW].name.nativeName.pap.official
Expected: Pais KÃƒÂ²rsou
     got: Pais KÃ²rsou
 ; [cca2=CW].name.official
Expected: Country of CuraÃƒÂ§ao
     got: Country of CuraÃ§ao
 ; [cca2=CW].translations.ara.common
Expected: Ã™Æ’Ã™Ë†Ã˜Â±Ã˜Â§Ã˜Â³Ã˜Â§Ã™Ë†
     got: ÙƒÙˆØ±Ø§Ø³Ø§Ùˆ
 ; [cca2=CW].translations.ara.official
Expected: Ã˜Â¯Ã™Ë†Ã™â€žÃ˜Â© Ã™Æ’Ã™Ë†Ã˜Â±Ã˜Â§Ã˜Â³Ã˜Â§Ã™Ë†
     got: Ø¯ÙˆÙ„Ø© ÙƒÙˆØ±Ø§Ø³Ø§Ùˆ
 ; [cca2=CW].translations.bre.common
Expected: CuraÃƒÂ§ao
     got: CuraÃ§ao
 ; [cca2=CW].translations.bre.official
Expected: Bro CuraÃƒÂ§ao
     got: Bro CuraÃ§ao
 ; [cca2=CW].translations.ces.common
Expected: CuraÃƒÂ§ao
     got: CuraÃ§ao
 ; [cca2=CW].translations.ces.official
Expected: AutonomnÃƒÂ­ zemÃ„â€º CuraÃƒÂ§ao
     got: AutonomnÃ­ zemÄ› CuraÃ§ao
 ; [cca2=CW].translations.cym.common
Expected: CuraÃƒÂ§ao
     got: CuraÃ§ao
 ; [cca2=CW].translations.cym.official
Expected: Country of CuraÃƒÂ§ao
     got: Country of CuraÃ§ao
 ; [cca2=CW].translations.deu.common
Expected: CuraÃƒÂ§ao
     got: CuraÃ§ao
 ; [cca2=CW].translations.deu.official
Expected: Land CuraÃƒÂ§ao
     got: Land CuraÃ§ao
 ; [cca2=CW].translations.est.common
Expected: CuraÃƒÂ§ao
     got: CuraÃ§ao
 ; [cca2=CW].translations.est.official
Expected: CuraÃƒÂ§ao
     got: CuraÃ§ao
 ; [cca2=CW].translations.fin.common
Expected: CuraÃƒÂ§ao
     got: CuraÃ§ao
 ; [cca2=CW].translations.fin.official
Expected: CuraÃƒÂ§ao
     got: CuraÃ§ao
 ; [cca2=CW].translations.fra.common
Expected: CuraÃƒÂ§ao
     got: CuraÃ§ao
 ; [cca2=CW].translations.fra.official
Expected: Pays de CuraÃƒÂ§ao
     got: Pays de CuraÃ§ao
 ; [cca2=CW].translations.hun.common
Expected: CuraÃƒÂ§ao
     got: CuraÃ§ao
 ; [cca2=CW].translations.hun.official
Expected: CuraÃƒÂ§ao
     got: CuraÃ§ao
 ; [cca2=CW].translations.ita.common
Expected: CuraÃƒÂ§ao
     got: CuraÃ§ao
 ; [cca2=CW].translations.ita.official
Expected: Paese di CuraÃƒÂ§ao
     got: Paese di CuraÃ§ao
 ; [cca2=CW].translations.kor.common
Expected: Ã­â‚¬Â´Ã«ï¿½Â¼Ã¬â€ Å’
     got: í€´ë�¼ì†Œ
 ; [cca2=CW].translations.kor.official
Expected: Ã­â‚¬Â´Ã«ï¿½Â¼Ã¬â€ Å’
     got: í€´ë�¼ì†Œ
 ; [cca2=CW].translations.nld.common
Expected: CuraÃƒÂ§ao
     got: CuraÃ§ao
 ; [cca2=CW].translations.nld.official
Expected: Land CuraÃƒÂ§ao
     got: Land CuraÃ§ao
 ; [cca2=CW].translations.per.common
Expected: ÃšÂ©Ã™Ë†Ã˜Â±Ã˜Â§Ã˜Â³Ã˜Â§Ã˜Â¦Ã™Ë†
     got: Ú©ÙˆØ±Ø§Ø³Ø§Ø¦Ùˆ
 ; [cca2=CW].translations.per.official
Expected: ÃšÂ©Ã™Ë†Ã˜Â±Ã˜Â§Ã˜Â³Ã˜Â§Ã˜Â¦Ã™Ë†
     got: Ú©ÙˆØ±Ø§Ø³Ø§Ø¦Ùˆ
 ; [cca2=CW].translations.pol.common
Expected: CuraÃƒÂ§ao
     got: CuraÃ§ao
 ; [cca2=CW].translations.pol.official
Expected: CuraÃƒÂ§ao
     got: CuraÃ§ao
 ; [cca2=CW].translations.por.common
Expected: ilha da CuraÃƒÂ§ÃƒÂ£o
     got: ilha da CuraÃ§Ã£o
 ; [cca2=CW].translations.por.official
Expected: PaÃƒÂ­s de CuraÃƒÂ§ao
     got: PaÃ­s de CuraÃ§ao
 ; [cca2=CW].translations.rus.common
Expected: Ã�Å¡Ã‘Å½Ã‘â‚¬Ã�Â°Ã‘ï¿½Ã�Â°Ã�Â¾
     got: ÐšÑŽÑ€Ð°Ñ�Ð°Ð¾
 ; [cca2=CW].translations.rus.official
Expected: Ã�Â¡Ã‘â€šÃ‘â‚¬Ã�Â°Ã�Â½Ã�Â° Ã�Å¡Ã‘Å½Ã‘â‚¬Ã�Â°Ã‘ï¿½Ã�Â°Ã�Â¾
     got: Ð¡Ñ‚Ñ€Ð°Ð½Ð° ÐšÑŽÑ€Ð°Ñ�Ð°Ð¾
 ; [cca2=CW].translations.spa.official
Expected: PaÃƒÂ­s de Curazao
     got: PaÃ­s de Curazao
 ; [cca2=CW].translations.srp.common
Expected: Ã�Å¡Ã‘Æ’Ã‘â‚¬Ã�Â°Ã‘ï¿½Ã�Â°Ã�Â¾
     got: ÐšÑƒÑ€Ð°Ñ�Ð°Ð¾
 ; [cca2=CW].translations.srp.official
Expected: Ã�Å¡Ã‘Æ’Ã‘â‚¬Ã�Â°Ã‘ï¿½Ã�Â°Ã�Â¾
     got: ÐšÑƒÑ€Ð°Ñ�Ð°Ð¾
 ; [cca2=CW].translations.swe.common
Expected: CuraÃƒÂ§ao
     got: CuraÃ§ao
 ; [cca2=CW].translations.swe.official
Expected: CuraÃƒÂ§ao
     got: CuraÃ§ao
 ; [cca2=CW].translations.tur.common
Expected: CuraÃƒÂ§ao
     got: CuraÃ§ao
 ; [cca2=CW].translations.tur.official
Expected: CuraÃƒÂ§ao
     got: CuraÃ§ao
 ; [cca2=CW].translations.urd.common
Expected: ÃšÂ©Ã›Å’Ã™Ë†Ã˜Â±Ã˜Â§Ã˜Â³Ã˜Â§Ã˜Â¤
     got: Ú©ÛŒÙˆØ±Ø§Ø³Ø§Ø¤
 ; [cca2=CW].translations.urd.official
Expected: Ã™â€¦Ã™â€¦Ã™â€žÃšÂ©Ã˜ÂªÃ™ï¿½ ÃšÂ©Ã›Å’Ã™Ë†Ã˜Â±Ã˜Â§Ã˜Â³Ã˜Â§Ã˜Â¤
     got: Ù…Ù…Ù„Ú©ØªÙ� Ú©ÛŒÙˆØ±Ø§Ø³Ø§Ø¤
 ; [cca2=CW].translations.zho.common
Expected: Ã¥Âºâ€œÃ¦â€¹â€°Ã§Â´Â¢
     got: åº“æ‹‰ç´¢
 ; [cca2=CW].translations.zho.official
Expected: Ã¥Âºâ€œÃ¦â€¹â€°Ã§Â´Â¢
     got: åº“æ‹‰ç´¢
 ; [cca2=CX].flag
Expected: Ã°Å¸â€¡Â¨Ã°Å¸â€¡Â½
     got: ðŸ‡¨ðŸ‡½
 ; [cca2=CX].translations.ara.common
Expected: Ã˜Â¬Ã˜Â²Ã™Å Ã˜Â±Ã˜Â© Ã™Æ’Ã˜Â±Ã™Å Ã˜Â³Ã™â€¦Ã˜Â§Ã˜Â³
     got: Ø¬Ø²ÙŠØ±Ø© ÙƒØ±ÙŠØ³Ù…Ø§Ø³
 ; [cca2=CX].translations.ara.official
Expected: Ã˜Â¬Ã˜Â²Ã™Å Ã˜Â±Ã˜Â© Ã™Æ’Ã˜Â±Ã™Å Ã˜Â³Ã™â€¦Ã˜Â§Ã˜Â³
     got: Ø¬Ø²ÙŠØ±Ø© ÙƒØ±ÙŠØ³Ù…Ø§Ø³
 ; [cca2=CX].translations.ces.common
Expected: VÃƒÂ¡noÃ„ï¿½nÃƒÂ­ ostrov
     got: VÃ¡noÄ�nÃ­ ostrov
 ; [cca2=CX].translations.ces.official
Expected: Teritorium VÃƒÂ¡noÃ„ï¿½nÃƒÂ­ho ostrova
     got: Teritorium VÃ¡noÄ�nÃ­ho ostrova
 ; [cca2=CX].translations.est.common
Expected: JÃƒÂµulusaar
     got: JÃµulusaar
 ; [cca2=CX].translations.est.official
Expected: JÃƒÂµulusaare ala
     got: JÃµulusaare ala
 ; [cca2=CX].translations.fra.common
Expected: ÃƒÅ½le Christmas
     got: ÃŽle Christmas
 ; [cca2=CX].translations.fra.official
Expected: Territoire de l&apos;ÃƒÂ®le Christmas
     got: Territoire de l&apos;Ã®le Christmas
 ; [cca2=CX].translations.hrv.common
Expected: BoÃ…Â¾iÃ„â€¡ni otok
     got: BoÅ¾iÄ‡ni otok
 ; [cca2=CX].translations.hrv.official
Expected: Teritorij BoÃ…Â¾iÃ„â€¡ni otok
     got: Teritorij BoÅ¾iÄ‡ni otok
 ; [cca2=CX].translations.hun.common
Expected: KarÃƒÂ¡csony-sziget
     got: KarÃ¡csony-sziget
 ; [cca2=CX].translations.hun.official
Expected: KarÃƒÂ¡csony-sziget
     got: KarÃ¡csony-sziget
 ; [cca2=CX].translations.jpn.common
Expected: Ã£â€šÂ¯Ã£Æ’ÂªÃ£â€šÂ¹Ã£Æ’Å¾Ã£â€šÂ¹Ã¥Â³Â¶
     got: ã‚¯ãƒªã‚¹ãƒžã‚¹å³¶
 ; [cca2=CX].translations.jpn.official
Expected: Ã£â€šÂ¯Ã£Æ’ÂªÃ£â€šÂ¹Ã£Æ’Å¾Ã£â€šÂ¹Ã¥Â³Â¶Ã£ï¿½Â®Ã©Â ËœÃ¥Å“Å¸
     got: ã‚¯ãƒªã‚¹ãƒžã‚¹å³¶ã�®é ˜åœŸ
 ; [cca2=CX].translations.kor.common
Expected: Ã­ï¿½Â¬Ã«Â¦Â¬Ã¬Å Â¤Ã«Â§Ë†Ã¬Å Â¤ Ã¬â€žÂ¬
     got: í�¬ë¦¬ìŠ¤ë§ˆìŠ¤ ì„¬
 ; [cca2=CX].translations.kor.official
Expected: Ã­ï¿½Â¬Ã«Â¦Â¬Ã¬Å Â¤Ã«Â§Ë†Ã¬Å Â¤ Ã¬â€žÂ¬
     got: í�¬ë¦¬ìŠ¤ë§ˆìŠ¤ ì„¬
 ; [cca2=CX].translations.per.common
Expected: Ã˜Â¬Ã˜Â²Ã›Å’Ã˜Â±Ã™â€¡Ã™â€� ÃšÂ©Ã˜Â±Ã›Å’Ã˜Â³Ã™â€¦Ã˜Â³
     got: Ø¬Ø²ÛŒØ±Ù‡Ù” Ú©Ø±ÛŒØ³Ù…Ø³
 ; [cca2=CX].translations.per.official
Expected: Ã˜Â¬Ã˜Â²Ã›Å’Ã˜Â±Ã™â€¡Ã™â€� ÃšÂ©Ã˜Â±Ã›Å’Ã˜Â³Ã™â€¦Ã˜Â³
     got: Ø¬Ø²ÛŒØ±Ù‡Ù” Ú©Ø±ÛŒØ³Ù…Ø³
 ; [cca2=CX].translations.pol.common
Expected: Wyspa BoÃ…Â¼ego Narodzenia
     got: Wyspa BoÅ¼ego Narodzenia
 ; [cca2=CX].translations.pol.official
Expected: Wyspa BoÃ…Â¼ego Narodzenia
     got: Wyspa BoÅ¼ego Narodzenia
 ; [cca2=CX].translations.por.official
Expected: TerritÃƒÂ³rio da Ilha Christmas
     got: TerritÃ³rio da Ilha Christmas
 ; [cca2=CX].translations.rus.common
Expected: Ã�Å¾Ã‘ï¿½Ã‘â€šÃ‘â‚¬Ã�Â¾Ã�Â² Ã�Â Ã�Â¾Ã�Â¶Ã�Â´Ã�ÂµÃ‘ï¿½Ã‘â€šÃ�Â²Ã�Â°
     got: ÐžÑ�Ñ‚Ñ€Ð¾Ð² Ð Ð¾Ð¶Ð´ÐµÑ�Ñ‚Ð²Ð°
 ; [cca2=CX].translations.rus.official
Expected: Ã�Â¢Ã�ÂµÃ‘â‚¬Ã‘â‚¬Ã�Â¸Ã‘â€šÃ�Â¾Ã‘â‚¬Ã�Â¸Ã‘ï¿½ Ã�Â¾Ã‘ï¿½Ã‘â€šÃ‘â‚¬Ã�Â¾Ã�Â²Ã�Â° Ã�Â Ã�Â¾Ã�Â¶Ã�Â´Ã�ÂµÃ‘ï¿½Ã‘â€šÃ�Â²Ã�Â°
     got: Ð¢ÐµÑ€Ñ€Ð¸Ñ‚Ð¾Ñ€Ð¸Ñ� Ð¾Ñ�Ñ‚Ñ€Ð¾Ð²Ð° Ð Ð¾Ð¶Ð´ÐµÑ�Ñ‚Ð²Ð°
 ; [cca2=CX].translations.slk.common
Expected: VianoÃ„ï¿½nÃƒÂº ostrov
     got: VianoÄ�nÃº ostrov
 ; [cca2=CX].translations.slk.official
Expected: TeritÃƒÂ³rium VianoÃ„ï¿½nÃƒÂ©ho ostrova
     got: TeritÃ³rium VianoÄ�nÃ©ho ostrova
 ; [cca2=CX].translations.srp.common
Expected: Ã�â€˜Ã�Â¾Ã�Â¶Ã�Â¸Ã‘â€ºÃ�Â½Ã�Â¾ Ã�Å¾Ã‘ï¿½Ã‘â€šÃ‘â‚¬Ã�Â²Ã�Â¾
     got: Ð‘Ð¾Ð¶Ð¸Ñ›Ð½Ð¾ ÐžÑ�Ñ‚Ñ€Ð²Ð¾
 ; [cca2=CX].translations.srp.official
Expected: Ã�â€˜Ã�Â¾Ã�Â¶Ã�Â¸Ã‘â€ºÃ�Â½Ã�Â¾ Ã�Å¾Ã‘ï¿½Ã‘â€šÃ‘â‚¬Ã�Â²Ã�Â¾
     got: Ð‘Ð¾Ð¶Ð¸Ñ›Ð½Ð¾ ÐžÑ�Ñ‚Ñ€Ð²Ð¾
 ; [cca2=CX].translations.swe.common
Expected: JulÃƒÂ¶n
     got: JulÃ¶n
 ; [cca2=CX].translations.swe.official
Expected: JulÃƒÂ¶n
     got: JulÃ¶n
 ; [cca2=CX].translations.tur.common
Expected: Christmas AdasÃ„Â±
     got: Christmas AdasÄ±
 ; [cca2=CX].translations.tur.official
Expected: Christmas AdasÃ„Â±
     got: Christmas AdasÄ±
 ; [cca2=CX].translations.urd.common
Expected: Ã˜Â¬Ã˜Â²Ã›Å’Ã˜Â±Ã›ï¿½ ÃšÂ©Ã˜Â±Ã˜Â³Ã™â€¦Ã˜Â³
     got: Ø¬Ø²ÛŒØ±Û� Ú©Ø±Ø³Ù…Ø³
 ; [cca2=CX].translations.urd.official
Expected: Ã˜Â±Ã›Å’Ã˜Â§Ã˜Â³Ã˜ÂªÃ™ï¿½ Ã˜Â¬Ã˜Â²Ã›Å’Ã˜Â±Ã›ï¿½ ÃšÂ©Ã˜Â±Ã˜Â³Ã™â€¦Ã˜Â³
     got: Ø±ÛŒØ§Ø³ØªÙ� Ø¬Ø²ÛŒØ±Û� Ú©Ø±Ø³Ù…Ø³
 ; [cca2=CX].translations.zho.common
Expected: Ã¥Å“Â£Ã¨Â¯Å¾Ã¥Â²â€º
     got: åœ£è¯žå²›
 ; [cca2=CX].translations.zho.official
Expected: Ã¥Å“Â£Ã¨Â¯Å¾Ã¥Â²â€º
     got: åœ£è¯žå²›
 ; [cca2=CY].altSpellings[]
Expected: ÃŽÅ¡Ã�â€¦Ã�â‚¬Ã�ï¿½ÃŽÂ¹ÃŽÂ±ÃŽÂºÃŽÂ® ÃŽâ€�ÃŽÂ·ÃŽÂ¼ÃŽÂ¿ÃŽÂºÃ�ï¿½ÃŽÂ±Ã�â€žÃŽÂ¯ÃŽÂ±
     but none found
 ; [cca2=CY].altSpellings[]
Expected: KÃ„Â±brÃ„Â±s Cumhuriyeti
     but none found
 ; [cca2=CY].altSpellings[]
Expected: KÃƒÂ½pros
     but none found
 ; [cca2=CY].altSpellings[]
Expected: KÃ„Â±brÃ„Â±s
     but none found
 ; [cca2=CY].altSpellings[]
Unexpected: KÃ½pros
 ; [cca2=CY].altSpellings[]
Unexpected: ÎšÏ…Ï€Ï�Î¹Î±ÎºÎ® Î”Î·Î¼Î¿ÎºÏ�Î±Ï„Î¯Î±
 ; [cca2=CY].altSpellings[]
Unexpected: KÄ±brÄ±s
 ; [cca2=CY].altSpellings[]
Unexpected: KÄ±brÄ±s Cumhuriyeti
 ; [cca2=CY].currencies.EUR.symbol
Expected: Ã¢â€šÂ¬
     got: â‚¬
 ; [cca2=CY].flag
Expected: Ã°Å¸â€¡Â¨Ã°Å¸â€¡Â¾
     got: ðŸ‡¨ðŸ‡¾
 ; [cca2=CY].name.nativeName.ell.common
Expected: ÃŽÅ¡Ã�ï¿½Ã�â‚¬Ã�ï¿½ÃŽÂ¿Ã�â€š
     got: ÎšÏ�Ï€Ï�Î¿Ï‚
 ; [cca2=CY].name.nativeName.ell.official
Expected: ÃŽâ€�ÃŽÂ·ÃŽÂ¼ÃŽÂ¿ÃŽÂºÃ�ï¿½ÃŽÂ±Ã�â€žÃŽÂ¯ÃŽÂ± Ã�â€žÃŽÂ·Ã�â€š ÃŽÅ¡Ã�ï¿½Ã�â‚¬Ã�ï¿½ÃŽÂ¿Ã�â€š
     got: Î”Î·Î¼Î¿ÎºÏ�Î±Ï„Î¯Î± Ï„Î·Ï‚ ÎšÏ�Ï€Ï�Î¿Ï‚
 ; [cca2=CY].name.nativeName.tur.common
Expected: KÃ„Â±brÃ„Â±s
     got: KÄ±brÄ±s
 ; [cca2=CY].name.nativeName.tur.official
Expected: KÃ„Â±brÃ„Â±s Cumhuriyeti
     got: KÄ±brÄ±s Cumhuriyeti
 ; [cca2=CY].translations.ara.common
Expected: Ã™â€šÃ˜Â¨Ã˜Â±Ã˜Âµ
     got: Ù‚Ø¨Ø±Øµ
 ; [cca2=CY].translations.ara.official
Expected: Ã˜Â¬Ã™â€¦Ã™â€¡Ã™Ë†Ã˜Â±Ã™Å Ã˜Â© Ã™â€šÃ˜Â¨Ã˜Â±Ã˜Âµ
     got: Ø¬Ù…Ù‡ÙˆØ±ÙŠØ© Ù‚Ø¨Ø±Øµ
 ; [cca2=CY].translations.ces.official
Expected: KyperskÃƒÂ¡ republika
     got: KyperskÃ¡ republika
 ; [cca2=CY].translations.est.common
Expected: KÃƒÂ¼pros
     got: KÃ¼pros
 ; [cca2=CY].translations.est.official
Expected: KÃƒÂ¼prose Vabariik
     got: KÃ¼prose Vabariik
 ; [cca2=CY].translations.fra.official
Expected: RÃƒÂ©publique de Chypre
     got: RÃ©publique de Chypre
 ; [cca2=CY].translations.hun.official
Expected: Ciprusi KÃƒÂ¶ztÃƒÂ¡rsasÃƒÂ¡g
     got: Ciprusi KÃ¶ztÃ¡rsasÃ¡g
 ; [cca2=CY].translations.jpn.common
Expected: Ã£â€šÂ­Ã£Æ’â€”Ã£Æ’Â­Ã£â€šÂ¹
     got: ã‚­ãƒ—ãƒ­ã‚¹
 ; [cca2=CY].translations.jpn.official
Expected: Ã£â€šÂ­Ã£Æ’â€”Ã£Æ’Â­Ã£â€šÂ¹Ã¥â€¦Â±Ã¥â€™Å’Ã¥â€ºÂ½
     got: ã‚­ãƒ—ãƒ­ã‚¹å…±å’Œå›½
 ; [cca2=CY].translations.kor.common
Expected: Ã­â€šÂ¤Ã­â€�â€žÃ«Â¡Å“Ã¬Å Â¤
     got: í‚¤í”„ë¡œìŠ¤
 ; [cca2=CY].translations.kor.official
Expected: Ã­â€šÂ¤Ã­â€�â€žÃ«Â¡Å“Ã¬Å Â¤ ÃªÂ³ÂµÃ­â„¢â€�ÃªÂµÂ­
     got: í‚¤í”„ë¡œìŠ¤ ê³µí™”êµ­
 ; [cca2=CY].translations.per.common
Expected: Ã™â€šÃ™ï¿½Ã˜Â¨Ã˜Â±Ã™ï¿½Ã˜Â³
     got: Ù‚Ù�Ø¨Ø±Ù�Ø³
 ; [cca2=CY].translations.per.official
Expected: Ã˜Â¬Ã™â€¦Ã™â€¡Ã™Ë†Ã˜Â±Ã›Å’ Ã™â€šÃ˜Â¨Ã˜Â±Ã˜Â³
     got: Ø¬Ù…Ù‡ÙˆØ±ÛŒ Ù‚Ø¨Ø±Ø³
 ; [cca2=CY].translations.por.official
Expected: RepÃƒÂºblica de Chipre
     got: RepÃºblica de Chipre
 ; [cca2=CY].translations.rus.common
Expected: Ã�Å¡Ã�Â¸Ã�Â¿Ã‘â‚¬
     got: ÐšÐ¸Ð¿Ñ€
 ; [cca2=CY].translations.rus.official
Expected: Ã�Â Ã�ÂµÃ‘ï¿½Ã�Â¿Ã‘Æ’Ã�Â±Ã�Â»Ã�Â¸Ã�ÂºÃ�Â° Ã�Å¡Ã�Â¸Ã�Â¿Ã‘â‚¬
     got: Ð ÐµÑ�Ð¿ÑƒÐ±Ð»Ð¸ÐºÐ° ÐšÐ¸Ð¿Ñ€
 ; [cca2=CY].translations.slk.official
Expected: CyperskÃƒÂ¡ republika
     got: CyperskÃ¡ republika
 ; [cca2=CY].translations.spa.official
Expected: RepÃƒÂºblica de Chipre
     got: RepÃºblica de Chipre
 ; [cca2=CY].translations.srp.common
Expected: Ã�Å¡Ã�Â¸Ã�Â¿Ã�Â°Ã‘â‚¬
     got: ÐšÐ¸Ð¿Ð°Ñ€
 ; [cca2=CY].translations.srp.official
Expected: Ã�Å¡Ã�Â¸Ã�Â¿Ã�Â°Ã‘â‚¬Ã‘ï¿½Ã�ÂºÃ�Â° Ã�Â Ã�ÂµÃ�Â¿Ã‘Æ’Ã�Â±Ã�Â»Ã�Â¸Ã�ÂºÃ�Â°
     got: ÐšÐ¸Ð¿Ð°Ñ€Ñ�ÐºÐ° Ð ÐµÐ¿ÑƒÐ±Ð»Ð¸ÐºÐ°
 ; [cca2=CY].translations.tur.common
Expected: KÃ„Â±brÃ„Â±s
     got: KÄ±brÄ±s
 ; [cca2=CY].translations.tur.official
Expected: KÃ„Â±brÃ„Â±s Cumhuriyeti
     got: KÄ±brÄ±s Cumhuriyeti
 ; [cca2=CY].translations.urd.common
Expected: Ã™â€šÃ˜Â¨Ã˜Â±Ã˜Âµ
     got: Ù‚Ø¨Ø±Øµ
 ; [cca2=CY].translations.urd.official
Expected: Ã˜Â¬Ã™â€¦Ã›ï¿½Ã™Ë†Ã˜Â±Ã›Å’Ã›ï¿½ Ã™â€šÃ˜Â¨Ã˜Â±Ã˜Âµ
     got: Ø¬Ù…Û�ÙˆØ±ÛŒÛ� Ù‚Ø¨Ø±Øµ
 ; [cca2=CY].translations.zho.common
Expected: Ã¥Â¡Å¾Ã¦ÂµÂ¦Ã¨Â·Â¯Ã¦â€“Â¯
     got: å¡žæµ¦è·¯æ–¯
 ; [cca2=CY].translations.zho.official
Expected: Ã¥Â¡Å¾Ã¦ÂµÂ¦Ã¨Â·Â¯Ã¦â€“Â¯Ã¥â€¦Â±Ã¥â€™Å’Ã¥â€ºÂ½
     got: å¡žæµ¦è·¯æ–¯å…±å’Œå›½
 ; [cca2=TJ].altSpellings[]
Expected: Ã’Â¶Ã‘Æ’Ã�Â¼Ã’Â³Ã‘Æ’Ã‘â‚¬Ã�Â¸Ã�Â¸ Ã�Â¢Ã�Â¾Ã’Â·Ã�Â¸Ã�ÂºÃ�Â¸Ã‘ï¿½Ã‘â€šÃ�Â¾Ã�Â½
     but none found
 ; [cca2=TJ].altSpellings[]
Expected: ToÃƒÂ§ikiston
     but none found
 ; [cca2=TJ].altSpellings[]
Expected: Ãƒâ€¡umhuriyi ToÃƒÂ§ikiston
     but none found
 ; [cca2=TJ].altSpellings[]
Unexpected: Ã‡umhuriyi ToÃ§ikiston
 ; [cca2=TJ].altSpellings[]
Unexpected: Ò¶ÑƒÐ¼Ò³ÑƒÑ€Ð¸Ð¸ Ð¢Ð¾Ò·Ð¸ÐºÐ¸Ñ�Ñ‚Ð¾Ð½
 ; [cca2=TJ].altSpellings[]
Unexpected: ToÃ§ikiston
 ; [cca2=TJ].currencies.TJS.symbol
Expected: Ã�â€¦Ã�Å“
     got: Ð…Ðœ
 ; [cca2=TJ].flag
Expected: Ã°Å¸â€¡Â¹Ã°Å¸â€¡Â¯
     got: ðŸ‡¹ðŸ‡¯
 ; [cca2=TJ].name.nativeName.rus.common
Expected: Ã�Â¢Ã�Â°Ã�Â´Ã�Â¶Ã�Â¸Ã�ÂºÃ�Â¸Ã‘ï¿½Ã‘â€šÃ�Â°Ã�Â½
     got: Ð¢Ð°Ð´Ð¶Ð¸ÐºÐ¸Ñ�Ñ‚Ð°Ð½
 ; [cca2=TJ].name.nativeName.rus.official
Expected: Ã�Â Ã�ÂµÃ‘ï¿½Ã�Â¿Ã‘Æ’Ã�Â±Ã�Â»Ã�Â¸Ã�ÂºÃ�Â° Ã�Â¢Ã�Â°Ã�Â´Ã�Â¶Ã�Â¸Ã�ÂºÃ�Â¸Ã‘ï¿½Ã‘â€šÃ�Â°Ã�Â½
     got: Ð ÐµÑ�Ð¿ÑƒÐ±Ð»Ð¸ÐºÐ° Ð¢Ð°Ð´Ð¶Ð¸ÐºÐ¸Ñ�Ñ‚Ð°Ð½
 ; [cca2=TJ].name.nativeName.tgk.common
Expected: Ã�Â¢Ã�Â¾Ã’Â·Ã�Â¸Ã�ÂºÃ�Â¸Ã‘ï¿½Ã‘â€šÃ�Â¾Ã�Â½
     got: Ð¢Ð¾Ò·Ð¸ÐºÐ¸Ñ�Ñ‚Ð¾Ð½
 ; [cca2=TJ].name.nativeName.tgk.official
Expected: Ã’Â¶Ã‘Æ’Ã�Â¼Ã’Â³Ã‘Æ’Ã‘â‚¬Ã�Â¸Ã�Â¸ Ã�Â¢Ã�Â¾Ã’Â·Ã�Â¸Ã�ÂºÃ�Â¸Ã‘ï¿½Ã‘â€šÃ�Â¾Ã�Â½
     got: Ò¶ÑƒÐ¼Ò³ÑƒÑ€Ð¸Ð¸ Ð¢Ð¾Ò·Ð¸ÐºÐ¸Ñ�Ñ‚Ð¾Ð½
 ; [cca2=TJ].translations.ara.common
Expected: Ã˜Â·Ã˜Â§Ã˜Â¬Ã™Å Ã™Æ’Ã˜Â³Ã˜ÂªÃ˜Â§Ã™â€ 
     got: Ø·Ø§Ø¬ÙŠÙƒØ³ØªØ§Ù†
 ; [cca2=TJ].translations.ara.official
Expected: Ã˜Â¬Ã™â€¦Ã™â€¡Ã™Ë†Ã˜Â±Ã™Å Ã˜Â© Ã˜Â·Ã˜Â§Ã˜Â¬Ã™Å Ã™Æ’Ã˜Â³Ã˜ÂªÃ˜Â§Ã™â€ 
     got: Ø¬Ù…Ù‡ÙˆØ±ÙŠØ© Ø·Ø§Ø¬ÙŠÙƒØ³ØªØ§Ù†
 ; [cca2=TJ].translations.ces.common
Expected: TÃƒÂ¡dÃ…Â¾ikistÃƒÂ¡n
     got: TÃ¡dÅ¾ikistÃ¡n
 ; [cca2=TJ].translations.ces.official
Expected: Republika TÃƒÂ¡dÃ…Â¾ikistÃƒÂ¡n
     got: Republika TÃ¡dÅ¾ikistÃ¡n
 ; [cca2=TJ].translations.est.common
Expected: TadÃ…Â¾ikistan
     got: TadÅ¾ikistan
 ; [cca2=TJ].translations.est.official
Expected: TadÃ…Â¾ikistani Vabariik
     got: TadÅ¾ikistani Vabariik
 ; [cca2=TJ].translations.fin.common
Expected: TadÃ…Â¾ikistan
     got: TadÅ¾ikistan
 ; [cca2=TJ].translations.fin.official
Expected: TadÃ…Â¾ikistanin tasavalta
     got: TadÅ¾ikistanin tasavalta
 ; [cca2=TJ].translations.fra.official
Expected: RÃƒÂ©publique du Tadjikistan
     got: RÃ©publique du Tadjikistan
 ; [cca2=TJ].translations.hrv.common
Expected: TaÃ„â€˜ikistan
     got: TaÄ‘ikistan
 ; [cca2=TJ].translations.hrv.official
Expected: Republika TadÃ…Â¾ikistan
     got: Republika TadÅ¾ikistan
 ; [cca2=TJ].translations.hun.common
Expected: TÃƒÂ¡dzsikisztÃƒÂ¡n
     got: TÃ¡dzsikisztÃ¡n
 ; [cca2=TJ].translations.hun.official
Expected: TÃƒÂ¡dzsik KÃƒÂ¶ztÃƒÂ¡rsasÃƒÂ¡g
     got: TÃ¡dzsik KÃ¶ztÃ¡rsasÃ¡g
 ; [cca2=TJ].translations.jpn.common
Expected: Ã£â€šÂ¿Ã£â€šÂ¸Ã£â€šÂ­Ã£â€šÂ¹Ã£â€šÂ¿Ã£Æ’Â³
     got: ã‚¿ã‚¸ã‚­ã‚¹ã‚¿ãƒ³
 ; [cca2=TJ].translations.jpn.official
Expected: Ã£â€šÂ¿Ã£â€šÂ¸Ã£â€šÂ­Ã£â€šÂ¹Ã£â€šÂ¿Ã£Æ’Â³Ã¥â€¦Â±Ã¥â€™Å’Ã¥â€ºÂ½
     got: ã‚¿ã‚¸ã‚­ã‚¹ã‚¿ãƒ³å…±å’Œå›½
 ; [cca2=TJ].translations.kor.common
Expected: Ã­Æ’â‚¬Ã¬Â§â‚¬Ã­â€šÂ¤Ã¬Å Â¤Ã­Æ’â€ž
     got: íƒ€ì§€í‚¤ìŠ¤íƒ„
 ; [cca2=TJ].translations.kor.official
Expected: Ã­Æ’â‚¬Ã¬Â§â‚¬Ã­â€šÂ¤Ã¬Å Â¤Ã­Æ’â€ž ÃªÂ³ÂµÃ­â„¢â€�ÃªÂµÂ­
     got: íƒ€ì§€í‚¤ìŠ¤íƒ„ ê³µí™”êµ­
 ; [cca2=TJ].translations.per.common
Expected: Ã˜ÂªÃ˜Â§Ã˜Â¬Ã›Å’ÃšÂ©Ã™ï¿½Ã˜Â³Ã˜ÂªÃ˜Â§Ã™â€ 
     got: ØªØ§Ø¬ÛŒÚ©Ù�Ø³ØªØ§Ù†
 ; [cca2=TJ].translations.per.official
Expected: Ã˜Â¬Ã™â€¦Ã™â€¡Ã™Ë†Ã˜Â±Ã›Å’ Ã˜ÂªÃ˜Â§Ã˜Â¬Ã›Å’ÃšÂ©Ã˜Â³Ã˜ÂªÃ˜Â§Ã™â€ 
     got: Ø¬Ù…Ù‡ÙˆØ±ÛŒ ØªØ§Ø¬ÛŒÚ©Ø³ØªØ§Ù†
 ; [cca2=TJ].translations.pol.common
Expected: TadÃ…Â¼ykistan
     got: TadÅ¼ykistan
 ; [cca2=TJ].translations.pol.official
Expected: Republika TadÃ…Â¼ykistanu
     got: Republika TadÅ¼ykistanu
 ; [cca2=TJ].translations.por.common
Expected: TajiquistÃƒÂ£o
     got: TajiquistÃ£o
 ; [cca2=TJ].translations.por.official
Expected: RepÃƒÂºblica do TajiquistÃƒÂ£o
     got: RepÃºblica do TajiquistÃ£o
 ; [cca2=TJ].translations.rus.common
Expected: Ã�Â¢Ã�Â°Ã�Â´Ã�Â¶Ã�Â¸Ã�ÂºÃ�Â¸Ã‘ï¿½Ã‘â€šÃ�Â°Ã�Â½
     got: Ð¢Ð°Ð´Ð¶Ð¸ÐºÐ¸Ñ�Ñ‚Ð°Ð½
 ; [cca2=TJ].translations.rus.official
Expected: Ã�Â Ã�ÂµÃ‘ï¿½Ã�Â¿Ã‘Æ’Ã�Â±Ã�Â»Ã�Â¸Ã�ÂºÃ�Â° Ã�Â¢Ã�Â°Ã�Â´Ã�Â¶Ã�Â¸Ã�ÂºÃ�Â¸Ã‘ï¿½Ã‘â€šÃ�Â°Ã�Â½
     got: Ð ÐµÑ�Ð¿ÑƒÐ±Ð»Ð¸ÐºÐ° Ð¢Ð°Ð´Ð¶Ð¸ÐºÐ¸Ñ�Ñ‚Ð°Ð½
 ; [cca2=TJ].translations.slk.common
Expected: TaÃ‡â€ ikistan
     got: TaÇ†ikistan
 ; [cca2=TJ].translations.slk.official
Expected: TaÃ‡â€ ickÃƒÂ¡ republika
     got: TaÇ†ickÃ¡ republika
 ; [cca2=TJ].translations.spa.common
Expected: TayikistÃƒÂ¡n
     got: TayikistÃ¡n
 ; [cca2=TJ].translations.spa.official
Expected: RepÃƒÂºblica de TayikistÃƒÂ¡n
     got: RepÃºblica de TayikistÃ¡n
 ; [cca2=TJ].translations.srp.common
Expected: Ã�Â¢Ã�Â°Ã‘Å¸Ã�Â¸Ã�ÂºÃ�Â¸Ã‘ï¿½Ã‘â€šÃ�Â°Ã�Â½
     got: Ð¢Ð°ÑŸÐ¸ÐºÐ¸Ñ�Ñ‚Ð°Ð½
 ; [cca2=TJ].translations.srp.official
Expected: Ã�Â Ã�ÂµÃ�Â¿Ã‘Æ’Ã�Â±Ã�Â»Ã�Â¸Ã�ÂºÃ�Â° Ã�Â¢Ã�Â°Ã‘Å¸Ã�Â¸Ã�ÂºÃ�Â¸Ã‘ï¿½Ã‘â€šÃ�Â°Ã�Â½
     got: Ð ÐµÐ¿ÑƒÐ±Ð»Ð¸ÐºÐ° Ð¢Ð°ÑŸÐ¸ÐºÐ¸Ñ�Ñ‚Ð°Ð½
 ; [cca2=TJ].translations.urd.common
Expected: Ã˜ÂªÃ˜Â§Ã˜Â¬ÃšÂ©Ã˜Â³Ã˜ÂªÃ˜Â§Ã™â€ 
     got: ØªØ§Ø¬Ú©Ø³ØªØ§Ù†
 ; [cca2=TJ].translations.urd.official
Expected: Ã˜Â¬Ã™â€¦Ã›ï¿½Ã™Ë†Ã˜Â±Ã›Å’Ã›ï¿½ Ã˜ÂªÃ˜Â§Ã˜Â¬ÃšÂ©Ã˜Â³Ã˜ÂªÃ˜Â§Ã™â€ 
     got: Ø¬Ù…Û�ÙˆØ±ÛŒÛ� ØªØ§Ø¬Ú©Ø³ØªØ§Ù†
 ; [cca2=TJ].translations.zho.common
Expected: Ã¥Â¡â€�Ã¥ï¿½â€°Ã¥â€¦â€¹Ã¦â€“Â¯Ã¥ï¿½Â¦
     got: å¡”å�‰å…‹æ–¯å�¦
 ; [cca2=TJ].translations.zho.official
Expected: Ã¥Â¡â€�Ã¥ï¿½â€°Ã¥â€¦â€¹Ã¦â€“Â¯Ã¥ï¿½Â¦Ã¥â€¦Â±Ã¥â€™Å’Ã¥â€ºÂ½
     got: å¡”å�‰å…‹æ–¯å�¦å…±å’Œå›½
 ; [cca2=CZ].altSpellings[]
Expected: Ã„Å’esko
     but none found
 ; [cca2=CZ].altSpellings[]
Expected: Ã„Å’eskÃƒÂ¡ republika
     but none found
 ; [cca2=CZ].altSpellings[]
Unexpected: ÄŒeskÃ¡ republika
 ; [cca2=CZ].altSpellings[]
Unexpected: ÄŒesko
 ; [cca2=CZ].currencies.CZK.symbol
Expected: KÃ„ï¿½
     got: KÄ�
 ; [cca2=CZ].demonyms.fra.f
Expected: TchÃƒÂ¨que
     got: TchÃ¨que
 ; [cca2=CZ].demonyms.fra.m
Expected: TchÃƒÂ¨que
     got: TchÃ¨que
 ; [cca2=CZ].flag
Expected: Ã°Å¸â€¡Â¨Ã°Å¸â€¡Â¿
     got: ðŸ‡¨ðŸ‡¿
 ; [cca2=CZ].name.nativeName.ces.common
Expected: Ã„Å’esko
     got: ÄŒesko
 ; [cca2=CZ].name.nativeName.ces.official
Expected: Ã„Å’eskÃƒÂ¡ republika
     got: ÄŒeskÃ¡ republika
 ; [cca2=CZ].name.nativeName.slk.common
Expected: Ã„Å’esko
     got: ÄŒesko
 ; [cca2=CZ].name.nativeName.slk.official
Expected: Ã„Å’eskÃƒÂ¡ republika
     got: ÄŒeskÃ¡ republika
 ; [cca2=CZ].translations.ara.common
Expected: Ã˜Â§Ã™â€žÃ˜ÂªÃ˜Â´Ã™Å Ã™Æ’
     got: Ø§Ù„ØªØ´ÙŠÙƒ
 ; [cca2=CZ].translations.ara.official
Expected: Ã˜Â¬Ã™â€¦Ã™â€¡Ã™Ë†Ã˜Â±Ã™Å Ã˜Â© Ã˜Â§Ã™â€žÃ˜ÂªÃ˜Â´Ã™Å Ã™Æ’
     got: Ø¬Ù…Ù‡ÙˆØ±ÙŠØ© Ø§Ù„ØªØ´ÙŠÙƒ
 ; [cca2=CZ].translations.ces.common
Expected: Ã„Å’esko
     got: ÄŒesko
 ; [cca2=CZ].translations.ces.official
Expected: Ã„Å’eskÃƒÂ¡ republika
     got: ÄŒeskÃ¡ republika
 ; [cca2=CZ].translations.est.common
Expected: TÃ…Â¡ehhi
     got: TÅ¡ehhi
 ; [cca2=CZ].translations.est.official
Expected: TÃ…Â¡ehhi Vabariik
     got: TÅ¡ehhi Vabariik
 ; [cca2=CZ].translations.fin.common
Expected: TÃ…Â¡ekki
     got: TÅ¡ekki
 ; [cca2=CZ].translations.fin.official
Expected: TÃ…Â¡ekin tasavalta
     got: TÅ¡ekin tasavalta
 ; [cca2=CZ].translations.fra.common
Expected: TchÃƒÂ©quie
     got: TchÃ©quie
 ; [cca2=CZ].translations.fra.official
Expected: RÃƒÂ©publique tchÃƒÂ¨que
     got: RÃ©publique tchÃ¨que
 ; [cca2=CZ].translations.hrv.common
Expected: Ã„Å’eÃ…Â¡ka
     got: ÄŒeÅ¡ka
 ; [cca2=CZ].translations.hrv.official
Expected: Ã„Å’eÃ…Â¡ka
     got: ÄŒeÅ¡ka
 ; [cca2=CZ].translations.hun.common
Expected: CsehorszÃƒÂ¡g
     got: CsehorszÃ¡g
 ; [cca2=CZ].translations.hun.official
Expected: Cseh KÃƒÂ¶ztÃƒÂ¡rsasÃƒÂ¡g
     got: Cseh KÃ¶ztÃ¡rsasÃ¡g
 ; [cca2=CZ].translations.jpn.common
Expected: Ã£Æ’ï¿½Ã£â€šÂ§Ã£â€šÂ³
     got: ãƒ�ã‚§ã‚³
 ; [cca2=CZ].translations.jpn.official
Expected: Ã£Æ’ï¿½Ã£â€šÂ§Ã£â€šÂ³Ã¥â€¦Â±Ã¥â€™Å’Ã¥â€ºÂ½
     got: ãƒ�ã‚§ã‚³å…±å’Œå›½
 ; [cca2=CZ].translations.kor.common
Expected: Ã¬Â²Â´Ã¬Â½â€�
     got: ì²´ì½”
 ; [cca2=CZ].translations.kor.official
Expected: Ã¬Â²Â´Ã¬Â½â€�
     got: ì²´ì½”
 ; [cca2=CZ].translations.nld.common
Expected: TsjechiÃƒÂ«
     got: TsjechiÃ«
 ; [cca2=CZ].translations.per.common
Expected: Ã˜Â¬Ã™â€¦Ã™â€¡Ã™Ë†Ã˜Â±Ã›Å’ Ãšâ€ ÃšÂ©
     got: Ø¬Ù…Ù‡ÙˆØ±ÛŒ Ú†Ú©
 ; [cca2=CZ].translations.per.official
Expected: Ã˜Â¬Ã™â€¦Ã™â€¡Ã™Ë†Ã˜Â±Ã›Å’ Ãšâ€ ÃšÂ©
     got: Ø¬Ù…Ù‡ÙˆØ±ÛŒ Ú†Ú©
 ; [cca2=CZ].translations.por.common
Expected: ChÃƒÂ©quia
     got: ChÃ©quia
 ; [cca2=CZ].translations.por.official
Expected: RepÃƒÂºblica Checa
     got: RepÃºblica Checa
 ; [cca2=CZ].translations.rus.common
Expected: Ã�Â§Ã�ÂµÃ‘â€¦Ã�Â¸Ã‘ï¿½
     got: Ð§ÐµÑ…Ð¸Ñ�
 ; [cca2=CZ].translations.rus.official
Expected: Ã�Â§Ã�ÂµÃ‘Ë†Ã‘ï¿½Ã�ÂºÃ�Â°Ã‘ï¿½ Ã�Â Ã�ÂµÃ‘ï¿½Ã�Â¿Ã‘Æ’Ã�Â±Ã�Â»Ã�Â¸Ã�ÂºÃ�Â°
     got: Ð§ÐµÑˆÑ�ÐºÐ°Ñ� Ð ÐµÑ�Ð¿ÑƒÐ±Ð»Ð¸ÐºÐ°
 ; [cca2=CZ].translations.slk.common
Expected: Ã„Å’esko
     got: ÄŒesko
 ; [cca2=CZ].translations.slk.official
Expected: Ã„Å’eskÃƒÂ¡ republika
     got: ÄŒeskÃ¡ republika
 ; [cca2=CZ].translations.spa.official
Expected: RepÃƒÂºblica Checa
     got: RepÃºblica Checa
 ; [cca2=CZ].translations.srp.common
Expected: Ã�Â§Ã�ÂµÃ‘Ë†Ã�ÂºÃ�Â°
     got: Ð§ÐµÑˆÐºÐ°
 ; [cca2=CZ].translations.srp.official
Expected: Ã�Â§Ã�ÂµÃ‘Ë†Ã�ÂºÃ�Â° Ã�Â Ã�ÂµÃ�Â¿Ã‘Æ’Ã�Â±Ã�Â»Ã�Â¸Ã�ÂºÃ�Â°
     got: Ð§ÐµÑˆÐºÐ° Ð ÐµÐ¿ÑƒÐ±Ð»Ð¸ÐºÐ°
 ; [cca2=CZ].translations.tur.common
Expected: Ãƒâ€¡ekya
     got: Ã‡ekya
 ; [cca2=CZ].translations.tur.official
Expected: Ãƒâ€¡ek Cumhuriyeti
     got: Ã‡ek Cumhuriyeti
 ; [cca2=CZ].translations.urd.common
Expected: Ãšâ€ Ã™Å ÃšÂ©
     got: Ú†ÙŠÚ©
 ; [cca2=CZ].translations.urd.official
Expected: Ãšâ€ Ã™Å ÃšÂ© Ã˜Â¬Ã™â€¦Ã›ï¿½Ã™Ë†Ã˜Â±Ã™Å Ã›ï¿½
     got: Ú†ÙŠÚ© Ø¬Ù…Û�ÙˆØ±ÙŠÛ�
 ; [cca2=CZ].translations.zho.common
Expected: Ã¦ï¿½Â·Ã¥â€¦â€¹
     got: æ�·å…‹
 ; [cca2=CZ].translations.zho.official
Expected: Ã¦ï¿½Â·Ã¥â€¦â€¹Ã¥â€¦Â±Ã¥â€™Å’Ã¥â€ºÂ½
     got: æ�·å…‹å…±å’Œå›½
 ; [cca2=TK].flag
Expected: Ã°Å¸â€¡Â¹Ã°Å¸â€¡Â°
     got: ðŸ‡¹ðŸ‡°
 ; [cca2=TK].translations.ara.common
Expected: Ã˜ÂªÃ™Ë†Ã™Æ’Ã™Å Ã™â€žÃ˜Â§Ã™Ë†
     got: ØªÙˆÙƒÙŠÙ„Ø§Ùˆ
 ; [cca2=TK].translations.ara.official
Expected: Ã˜ÂªÃ™Ë†Ã™Æ’Ã™Å Ã™â€žÃ˜Â§Ã™Ë†
     got: ØªÙˆÙƒÙŠÙ„Ø§Ùˆ
 ; [cca2=TK].translations.fra.official
Expected: ÃƒÅ½les Tokelau
     got: ÃŽles Tokelau
 ; [cca2=TK].translations.jpn.common
Expected: Ã£Æ’Ë†Ã£â€šÂ±Ã£Æ’Â©Ã£â€šÂ¦
     got: ãƒˆã‚±ãƒ©ã‚¦
 ; [cca2=TK].translations.jpn.official
Expected: Ã£Æ’Ë†Ã£â€šÂ±Ã£Æ’Â©Ã£â€šÂ¦Ã¨Â«Â¸Ã¥Â³Â¶
     got: ãƒˆã‚±ãƒ©ã‚¦è«¸å³¶
 ; [cca2=TK].translations.kor.common
Expected: Ã­â€ Â Ã¬Â¼Ë†Ã«ï¿½Â¼Ã¬Å¡Â°
     got: í† ì¼ˆë�¼ìš°
 ; [cca2=TK].translations.kor.official
Expected: Ã­â€ Â Ã¬Â¼Ë†Ã«ï¿½Â¼Ã¬Å¡Â°
     got: í† ì¼ˆë�¼ìš°
 ; [cca2=TK].translations.per.common
Expected: Ã˜ÂªÃ™Ë†ÃšÂ©Ã™â€žÃ˜Â§Ã˜Â¦Ã™Ë†
     got: ØªÙˆÚ©Ù„Ø§Ø¦Ùˆ
 ; [cca2=TK].translations.per.official
Expected: Ã˜ÂªÃ™Ë†ÃšÂ©Ã™â€žÃ˜Â§Ã˜Â¦Ã™Ë†
     got: ØªÙˆÚ©Ù„Ø§Ø¦Ùˆ
 ; [cca2=TK].translations.rus.common
Expected: Ã�Â¢Ã�Â¾Ã�ÂºÃ�ÂµÃ�Â»Ã�Â°Ã‘Æ’
     got: Ð¢Ð¾ÐºÐµÐ»Ð°Ñƒ
 ; [cca2=TK].translations.rus.official
Expected: Ã�Â¢Ã�Â¾Ã�ÂºÃ�ÂµÃ�Â»Ã�Â°Ã‘Æ’
     got: Ð¢Ð¾ÐºÐµÐ»Ð°Ñƒ
 ; [cca2=TK].translations.slk.official
Expected: TokelauskÃƒÂ© ostrovy
     got: TokelauskÃ© ostrovy
 ; [cca2=TK].translations.srp.common
Expected: Ã�Â¢Ã�Â¾Ã�ÂºÃ�ÂµÃ�Â»Ã�Â°Ã‘Æ’
     got: Ð¢Ð¾ÐºÐµÐ»Ð°Ñƒ
 ; [cca2=TK].translations.srp.official
Expected: Ã�Â¢Ã�Â¾Ã�ÂºÃ�ÂµÃ�Â»Ã�Â°Ã‘Æ’
     got: Ð¢Ð¾ÐºÐµÐ»Ð°Ñƒ
 ; [cca2=TK].translations.swe.common
Expected: TokelauÃƒÂ¶arna
     got: TokelauÃ¶arna
 ; [cca2=TK].translations.swe.official
Expected: TokelauÃƒÂ¶arna
     got: TokelauÃ¶arna
 ; [cca2=TK].translations.urd.common
Expected: Ã™Â¹Ã™Ë†ÃšÂ©Ã›Å’Ã™â€žÃ˜Â§Ã˜Â¤
     got: Ù¹ÙˆÚ©ÛŒÙ„Ø§Ø¤
 ; [cca2=TK].translations.urd.official
Expected: Ã™Â¹Ã™Ë†ÃšÂ©Ã›Å’Ã™â€žÃ˜Â§Ã˜Â¤
     got: Ù¹ÙˆÚ©ÛŒÙ„Ø§Ø¤
 ; [cca2=TK].translations.zho.common
Expected: Ã¦â€°ËœÃ¥â€¦â€¹Ã¥Å Â³
     got: æ‰˜å…‹åŠ³
 ; [cca2=TK].translations.zho.official
Expected: Ã¦â€°ËœÃ¥â€¦â€¹Ã¥Å Â³
     got: æ‰˜å…‹åŠ³
 ; [cca2=TL].altSpellings[]
Expected: TimÃƒÂ³r Lorosa&apos;e
     but none found
 ; [cca2=TL].altSpellings[]
Expected: RepÃƒÂºblika DemokrÃƒÂ¡tika TimÃƒÂ³r-Leste
     but none found
 ; [cca2=TL].altSpellings[]
Expected: RepÃƒÂºblica DemocrÃƒÂ¡tica de Timor-Leste
     but none found
 ; [cca2=TL].altSpellings[]
Unexpected: TimÃ³r Lorosa&apos;e
 ; [cca2=TL].altSpellings[]
Unexpected: RepÃºblica DemocrÃ¡tica de Timor-Leste
 ; [cca2=TL].altSpellings[]
Unexpected: RepÃºblika DemokrÃ¡tika TimÃ³r-Leste
 ; [cca2=TL].flag
Expected: Ã°Å¸â€¡Â¹Ã°Å¸â€¡Â±
     got: ðŸ‡¹ðŸ‡±
 ; [cca2=TL].name.nativeName.por.official
Expected: RepÃƒÂºblica DemocrÃƒÂ¡tica de Timor-Leste
     got: RepÃºblica DemocrÃ¡tica de Timor-Leste
 ; [cca2=TL].name.nativeName.tet.common
Expected: TimÃƒÂ³r-Leste
     got: TimÃ³r-Leste
 ; [cca2=TL].name.nativeName.tet.official
Expected: RepÃƒÂºblika DemokrÃƒÂ¡tika TimÃƒÂ³r-Leste
     got: RepÃºblika DemokrÃ¡tika TimÃ³r-Leste
 ; [cca2=TL].translations.ara.common
Expected: Ã˜ÂªÃ™Å Ã™â€¦Ã™Ë†Ã˜Â± Ã˜Â§Ã™â€žÃ˜Â´Ã˜Â±Ã™â€šÃ™Å Ã˜Â©
     got: ØªÙŠÙ…ÙˆØ± Ø§Ù„Ø´Ø±Ù‚ÙŠØ©
 ; [cca2=TL].translations.ara.official
Expected: Ã˜Â¬Ã™â€¦Ã™â€¡Ã™Ë†Ã˜Â±Ã™Å Ã˜Â© Ã˜ÂªÃ™Å Ã™â€¦Ã™Ë†Ã˜Â± Ã˜Â§Ã™â€žÃ˜Â´Ã˜Â±Ã™â€šÃ™Å Ã˜Â© Ã˜Â§Ã™â€žÃ˜Â¯Ã™Å Ã™â€¦Ã™â€šÃ˜Â±Ã˜Â§Ã˜Â·Ã™Å Ã˜Â©
     got: Ø¬Ù…Ù‡ÙˆØ±ÙŠØ© ØªÙŠÙ…ÙˆØ± Ø§Ù„Ø´Ø±Ù‚ÙŠØ© Ø§Ù„Ø¯ÙŠÙ…Ù‚Ø±Ø§Ø·ÙŠØ©
 ; [cca2=TL].translations.ces.common
Expected: VÃƒÂ½chodnÃƒÂ­ Timor
     got: VÃ½chodnÃ­ Timor
 ; [cca2=TL].translations.ces.official
Expected: DemokratickÃƒÂ¡ republika VÃƒÂ½chodnÃƒÂ­ Timor
     got: DemokratickÃ¡ republika VÃ½chodnÃ­ Timor
 ; [cca2=TL].translations.fin.common
Expected: ItÃƒÂ¤-Timor
     got: ItÃ¤-Timor
 ; [cca2=TL].translations.fin.official
Expected: ItÃƒÂ¤-Timorin demokraattinen tasavalta
     got: ItÃ¤-Timorin demokraattinen tasavalta
 ; [cca2=TL].translations.fra.official
Expected: RÃƒÂ©publique dÃƒÂ©mocratique du Timor oriental
     got: RÃ©publique dÃ©mocratique du Timor oriental
 ; [cca2=TL].translations.hrv.common
Expected: IstoÃ„ï¿½ni Timor
     got: IstoÄ�ni Timor
 ; [cca2=TL].translations.hun.official
Expected: Kelet-timori Demokratikus KÃƒÂ¶ztÃƒÂ¡rsasÃƒÂ¡g
     got: Kelet-timori Demokratikus KÃ¶ztÃ¡rsasÃ¡g
 ; [cca2=TL].translations.jpn.common
Expected: Ã¦ï¿½Â±Ã£Æ’â€ Ã£â€šÂ£Ã£Æ’Â¢Ã£Æ’Â¼Ã£Æ’Â«
     got: æ�±ãƒ†ã‚£ãƒ¢ãƒ¼ãƒ«
 ; [cca2=TL].translations.jpn.official
Expected: Ã¦ï¿½Â±Ã£Æ’â€ Ã£â€šÂ£Ã£Æ’Â¢Ã£Æ’Â¼Ã£Æ’Â«Ã¦Â°â€˜Ã¤Â¸Â»Ã¥â€¦Â±Ã¥â€™Å’Ã¥â€ºÂ½
     got: æ�±ãƒ†ã‚£ãƒ¢ãƒ¼ãƒ«æ°‘ä¸»å…±å’Œå›½
 ; [cca2=TL].translations.kor.common
Expected: Ã«ï¿½â„¢Ã­â€¹Â°Ã«ÂªÂ¨Ã«Â¥Â´
     got: ë�™í‹°ëª¨ë¥´
 ; [cca2=TL].translations.kor.official
Expected: Ã«ï¿½â„¢Ã­â€¹Â°Ã«ÂªÂ¨Ã«Â¥Â´ Ã«Â¯Â¼Ã¬Â£Â¼ ÃªÂ³ÂµÃ­â„¢â€�ÃªÂµÂ­
     got: ë�™í‹°ëª¨ë¥´ ë¯¼ì£¼ ê³µí™”êµ­
 ; [cca2=TL].translations.per.common
Expected: Ã˜ÂªÃ›Å’Ã™â€¦Ã™Ë†Ã˜Â± Ã˜Â´Ã˜Â±Ã™â€šÃ›Å’
     got: ØªÛŒÙ…ÙˆØ± Ø´Ø±Ù‚ÛŒ
 ; [cca2=TL].translations.per.official
Expected: Ã˜Â¬Ã™â€¦Ã™â€¡Ã™Ë†Ã˜Â±Ã›Å’ Ã˜Â¯Ã™â€¦Ã™Ë†ÃšÂ©Ã˜Â±Ã˜Â§Ã˜ÂªÃ›Å’ÃšÂ© Ã˜ÂªÃ›Å’Ã™â€¦Ã™Ë†Ã˜Â± Ã˜Â´Ã˜Â±Ã™â€šÃ›Å’
     got: Ø¬Ù…Ù‡ÙˆØ±ÛŒ Ø¯Ù…ÙˆÚ©Ø±Ø§ØªÛŒÚ© ØªÛŒÙ…ÙˆØ± Ø´Ø±Ù‚ÛŒ
 ; [cca2=TL].translations.por.official
Expected: RepÃƒÂºblica DemocrÃƒÂ¡tica de Timor-Leste
     got: RepÃºblica DemocrÃ¡tica de Timor-Leste
 ; [cca2=TL].translations.rus.common
Expected: Ã�â€™Ã�Â¾Ã‘ï¿½Ã‘â€šÃ�Â¾Ã‘â€¡Ã�Â½Ã‘â€¹Ã�Â¹ Ã�Â¢Ã�Â¸Ã�Â¼Ã�Â¾Ã‘â‚¬
     got: Ð’Ð¾Ñ�Ñ‚Ð¾Ñ‡Ð½Ñ‹Ð¹ Ð¢Ð¸Ð¼Ð¾Ñ€
 ; [cca2=TL].translations.rus.official
Expected: Ã�â€�Ã�ÂµÃ�Â¼Ã�Â¾Ã�ÂºÃ‘â‚¬Ã�Â°Ã‘â€šÃ�Â¸Ã‘â€¡Ã�ÂµÃ‘ï¿½Ã�ÂºÃ�Â°Ã‘ï¿½ Ã�Â Ã�ÂµÃ‘ï¿½Ã�Â¿Ã‘Æ’Ã�Â±Ã�Â»Ã�Â¸Ã�ÂºÃ�Â° Ã�Â¢Ã�Â¸Ã�Â¼Ã�Â¾Ã‘â‚¬ -Ã�â€ºÃ�ÂµÃ‘Ë†Ã‘â€šÃ�Â¸
     got: Ð”ÐµÐ¼Ð¾ÐºÑ€Ð°Ñ‚Ð¸Ñ‡ÐµÑ�ÐºÐ°Ñ� Ð ÐµÑ�Ð¿ÑƒÐ±Ð»Ð¸ÐºÐ° Ð¢Ð¸Ð¼Ð¾Ñ€ -Ð›ÐµÑˆÑ‚Ð¸
 ; [cca2=TL].translations.slk.common
Expected: VÃƒÂ½chodnÃƒÂ½ Timor
     got: VÃ½chodnÃ½ Timor
 ; [cca2=TL].translations.slk.official
Expected: VÃƒÂ½chodotimorskÃƒÂ¡ demokratickÃƒÂ¡ republika
     got: VÃ½chodotimorskÃ¡ demokratickÃ¡ republika
 ; [cca2=TL].translations.spa.official
Expected: RepÃƒÂºblica DemocrÃƒÂ¡tica de Timor-Leste
     got: RepÃºblica DemocrÃ¡tica de Timor-Leste
 ; [cca2=TL].translations.srp.common
Expected: Ã�ËœÃ‘ï¿½Ã‘â€šÃ�Â¾Ã‘â€¡Ã�Â½Ã�Â¸ Ã�Â¢Ã�Â¸Ã�Â¼Ã�Â¾Ã‘â‚¬
     got: Ð˜Ñ�Ñ‚Ð¾Ñ‡Ð½Ð¸ Ð¢Ð¸Ð¼Ð¾Ñ€
 ; [cca2=TL].translations.srp.official
Expected: Ã�â€�Ã�ÂµÃ�Â¼Ã�Â¾Ã�ÂºÃ‘â‚¬Ã�Â°Ã‘â€šÃ‘ï¿½Ã�ÂºÃ�Â° Ã�Â Ã�ÂµÃ�Â¿Ã‘Æ’Ã�Â±Ã�Â»Ã�Â¸Ã�ÂºÃ�Â° Ã�ËœÃ‘ï¿½Ã‘â€šÃ�Â¾Ã‘â€¡Ã�Â½Ã�Â¸ Ã�Â¢Ã�Â¸Ã�Â¼Ã�Â¾Ã‘â‚¬
     got: Ð”ÐµÐ¼Ð¾ÐºÑ€Ð°Ñ‚Ñ�ÐºÐ° Ð ÐµÐ¿ÑƒÐ±Ð»Ð¸ÐºÐ° Ð˜Ñ�Ñ‚Ð¾Ñ‡Ð½Ð¸ Ð¢Ð¸Ð¼Ð¾Ñ€
 ; [cca2=TL].translations.swe.common
Expected: Ãƒâ€“sttimor
     got: Ã–sttimor
 ; [cca2=TL].translations.swe.official
Expected: Demokratiska republiken Ãƒâ€“sttimor
     got: Demokratiska republiken Ã–sttimor
 ; [cca2=TL].translations.tur.common
Expected: DoÃ„Å¸u Timor
     got: DoÄŸu Timor
 ; [cca2=TL].translations.tur.official
Expected: DoÃ„Å¸u Timor Demokratik Cumhuriyeti
     got: DoÄŸu Timor Demokratik Cumhuriyeti
 ; [cca2=TL].translations.urd.common
Expected: Ã™â€¦Ã˜Â´Ã˜Â±Ã™â€šÃ›Å’ Ã˜ÂªÃ›Å’Ã™â€¦Ã™Ë†Ã˜Â±
     got: Ù…Ø´Ø±Ù‚ÛŒ ØªÛŒÙ…ÙˆØ±
 ; [cca2=TL].translations.urd.official
Expected: Ã˜Â¬Ã™â€¦Ã›ï¿½Ã™Ë†Ã˜Â±Ã›Å’ Ã˜Â¬Ã™â€¦Ã›ï¿½Ã™Ë†Ã˜Â±Ã›Å’Ã›ï¿½ Ã™â€¦Ã˜Â´Ã˜Â±Ã™â€šÃ›Å’ Ã˜ÂªÃ›Å’Ã™â€¦Ã™Ë†Ã˜Â±
     got: Ø¬Ù…Û�ÙˆØ±ÛŒ Ø¬Ù…Û�ÙˆØ±ÛŒÛ� Ù…Ø´Ø±Ù‚ÛŒ ØªÛŒÙ…ÙˆØ±
 ; [cca2=TL].translations.zho.common
Expected: Ã¤Â¸Å“Ã¥Â¸ï¿½Ã¦Â±Â¶
     got: ä¸œå¸�æ±¶
 ; [cca2=TL].translations.zho.official
Expected: Ã¤Â¸Å“Ã¥Â¸ï¿½Ã¦Â±Â¶Ã¦Â°â€˜Ã¤Â¸Â»Ã¥â€¦Â±Ã¥â€™Å’Ã¥â€ºÂ½
     got: ä¸œå¸�æ±¶æ°‘ä¸»å…±å’Œå›½
 ; [cca2=TM].demonyms.fra.f
Expected: TurkmÃƒÂ¨ne
     got: TurkmÃ¨ne
 ; [cca2=TM].demonyms.fra.m
Expected: TurkmÃƒÂ¨ne
     got: TurkmÃ¨ne
 ; [cca2=TM].flag
Expected: Ã°Å¸â€¡Â¹Ã°Å¸â€¡Â²
     got: ðŸ‡¹ðŸ‡²
 ; [cca2=TM].name.nativeName.rus.common
Expected: Ã�Â¢Ã‘Æ’Ã‘â‚¬Ã�ÂºÃ�Â¼Ã�ÂµÃ�Â½Ã�Â¸Ã‘ï¿½
     got: Ð¢ÑƒÑ€ÐºÐ¼ÐµÐ½Ð¸Ñ�
 ; [cca2=TM].name.nativeName.rus.official
Expected: Ã�Â¢Ã‘Æ’Ã‘â‚¬Ã�ÂºÃ�Â¼Ã�ÂµÃ�Â½Ã�Â¸Ã‘ï¿½Ã‘â€šÃ�Â°Ã�Â½
     got: Ð¢ÑƒÑ€ÐºÐ¼ÐµÐ½Ð¸Ñ�Ñ‚Ð°Ð½
 ; [cca2=TM].name.nativeName.tuk.common
Expected: TÃƒÂ¼rkmenistan
     got: TÃ¼rkmenistan
 ; [cca2=TM].name.nativeName.tuk.official
Expected: TÃƒÂ¼rkmenistan
     got: TÃ¼rkmenistan
 ; [cca2=TM].translations.ara.common
Expected: Ã˜ÂªÃ˜Â±Ã™Æ’Ã™â€¦Ã˜Â§Ã™â€ Ã˜Â³Ã˜ÂªÃ˜Â§Ã™â€ 
     got: ØªØ±ÙƒÙ…Ø§Ù†Ø³ØªØ§Ù†
 ; [cca2=TM].translations.ara.official
Expected: Ã˜ÂªÃ˜Â±Ã™Æ’Ã™â€¦Ã˜Â§Ã™â€ Ã˜Â³Ã˜ÂªÃ˜Â§Ã™â€ 
     got: ØªØ±ÙƒÙ…Ø§Ù†Ø³ØªØ§Ù†
 ; [cca2=TM].translations.ces.common
Expected: TurkmenistÃƒÂ¡n
     got: TurkmenistÃ¡n
 ; [cca2=TM].translations.ces.official
Expected: TurkmenistÃƒÂ¡n
     got: TurkmenistÃ¡n
 ; [cca2=TM].translations.est.common
Expected: TÃƒÂ¼rkmenistan
     got: TÃ¼rkmenistan
 ; [cca2=TM].translations.est.official
Expected: TÃƒÂ¼rkmenistan
     got: TÃ¼rkmenistan
 ; [cca2=TM].translations.fra.common
Expected: TurkmÃƒÂ©nistan
     got: TurkmÃ©nistan
 ; [cca2=TM].translations.fra.official
Expected: TurkmÃƒÂ©nistan
     got: TurkmÃ©nistan
 ; [cca2=TM].translations.hun.common
Expected: TÃƒÂ¼rkmenisztÃƒÂ¡n
     got: TÃ¼rkmenisztÃ¡n
 ; [cca2=TM].translations.hun.official
Expected: TÃƒÂ¼rkmÃƒÂ©n KÃƒÂ¶ztÃƒÂ¡rsasÃƒÂ¡g
     got: TÃ¼rkmÃ©n KÃ¶ztÃ¡rsasÃ¡g
 ; [cca2=TM].translations.jpn.common
Expected: Ã£Æ’Ë†Ã£Æ’Â«Ã£â€šÂ¯Ã£Æ’Â¡Ã£Æ’â€¹Ã£â€šÂ¹Ã£â€šÂ¿Ã£Æ’Â³
     got: ãƒˆãƒ«ã‚¯ãƒ¡ãƒ‹ã‚¹ã‚¿ãƒ³
 ; [cca2=TM].translations.jpn.official
Expected: Ã£Æ’Ë†Ã£Æ’Â«Ã£â€šÂ¯Ã£Æ’Â¡Ã£Æ’â€¹Ã£â€šÂ¹Ã£â€šÂ¿Ã£Æ’Â³
     got: ãƒˆãƒ«ã‚¯ãƒ¡ãƒ‹ã‚¹ã‚¿ãƒ³
 ; [cca2=TM].translations.kor.common
Expected: Ã­Ë†Â¬Ã«Â¥Â´Ã­ï¿½Â¬Ã«Â©â€�Ã«â€¹Ë†Ã¬Å Â¤Ã­Æ’â€ž
     got: íˆ¬ë¥´í�¬ë©”ë‹ˆìŠ¤íƒ„
 ; [cca2=TM].translations.kor.official
Expected: Ã­Ë†Â¬Ã«Â¥Â´Ã­ï¿½Â¬Ã«Â©â€�Ã«â€¹Ë†Ã¬Å Â¤Ã­Æ’â€ž
     got: íˆ¬ë¥´í�¬ë©”ë‹ˆìŠ¤íƒ„
 ; [cca2=TM].translations.per.common
Expected: Ã˜ÂªÃ˜Â±ÃšÂ©Ã™â€¦Ã™â€ Ã˜Â³Ã˜ÂªÃ˜Â§Ã™â€ 
     got: ØªØ±Ú©Ù…Ù†Ø³ØªØ§Ù†
 ; [cca2=TM].translations.per.official
Expected: Ã˜Â¬Ã™â€¦Ã™â€¡Ã™Ë†Ã˜Â±Ã›Å’ Ã˜Â®Ã™â€žÃ™â€š Ã˜ÂªÃ˜Â±ÃšÂ©Ã™â€¦Ã™â€ Ã˜Â³Ã˜ÂªÃ˜Â§Ã™â€ 
     got: Ø¬Ù…Ù‡ÙˆØ±ÛŒ Ø®Ù„Ù‚ ØªØ±Ú©Ù…Ù†Ø³ØªØ§Ù†
 ; [cca2=TM].translations.por.common
Expected: TurquemenistÃƒÂ£o
     got: TurquemenistÃ£o
 ; [cca2=TM].translations.por.official
Expected: TurcomenistÃƒÂ£o
     got: TurcomenistÃ£o
 ; [cca2=TM].translations.rus.common
Expected: Ã�Â¢Ã‘Æ’Ã‘â‚¬Ã�ÂºÃ�Â¼Ã�ÂµÃ�Â½Ã�Â¸Ã‘ï¿½
     got: Ð¢ÑƒÑ€ÐºÐ¼ÐµÐ½Ð¸Ñ�
 ; [cca2=TM].translations.rus.official
Expected: Ã�Â¢Ã‘Æ’Ã‘â‚¬Ã�ÂºÃ�Â¼Ã�ÂµÃ�Â½Ã�Â¸Ã‘ï¿½Ã‘â€šÃ�Â°Ã�Â½
     got: Ð¢ÑƒÑ€ÐºÐ¼ÐµÐ½Ð¸Ñ�Ñ‚Ð°Ð½
 ; [cca2=TM].translations.slk.common
Expected: TurkmÃƒÂ©nsko
     got: TurkmÃ©nsko
 ; [cca2=TM].translations.slk.official
Expected: TurkmÃƒÂ©nsko
     got: TurkmÃ©nsko
 ; [cca2=TM].translations.spa.common
Expected: TurkmenistÃƒÂ¡n
     got: TurkmenistÃ¡n
 ; [cca2=TM].translations.spa.official
Expected: TurkmenistÃƒÂ¡n
     got: TurkmenistÃ¡n
 ; [cca2=TM].translations.srp.common
Expected: Ã�Â¢Ã‘Æ’Ã‘â‚¬Ã�ÂºÃ�Â¼Ã�ÂµÃ�Â½Ã�Â¸Ã‘ï¿½Ã‘â€šÃ�Â°Ã�Â½
     got: Ð¢ÑƒÑ€ÐºÐ¼ÐµÐ½Ð¸Ñ�Ñ‚Ð°Ð½
 ; [cca2=TM].translations.srp.official
Expected: Ã�Â¢Ã‘Æ’Ã‘â‚¬Ã�ÂºÃ�Â¼Ã�ÂµÃ�Â½Ã�Â¸Ã‘ï¿½Ã‘â€šÃ�Â°Ã�Â½
     got: Ð¢ÑƒÑ€ÐºÐ¼ÐµÐ½Ð¸Ñ�Ñ‚Ð°Ð½
 ; [cca2=TM].translations.tur.common
Expected: TÃƒÂ¼rkmenistan
     got: TÃ¼rkmenistan
 ; [cca2=TM].translations.tur.official
Expected: TÃƒÂ¼rkmenistan
     got: TÃ¼rkmenistan
 ; [cca2=TM].translations.urd.common
Expected: Ã˜ÂªÃ˜Â±ÃšÂ©Ã™â€¦Ã˜Â§Ã™â€ Ã˜Â³Ã˜ÂªÃ˜Â§Ã™â€ 
     got: ØªØ±Ú©Ù…Ø§Ù†Ø³ØªØ§Ù†
 ; [cca2=TM].translations.urd.official
Expected: Ã˜ÂªÃ˜Â±ÃšÂ©Ã™â€¦Ã˜Â§Ã™â€ Ã˜Â³Ã˜ÂªÃ˜Â§Ã™â€ 
     got: ØªØ±Ú©Ù…Ø§Ù†Ø³ØªØ§Ù†
 ; [cca2=TM].translations.zho.common
Expected: Ã¥Å“Å¸Ã¥Âºâ€œÃ¦â€ºÂ¼Ã¦â€“Â¯Ã¥ï¿½Â¦
     got: åœŸåº“æ›¼æ–¯å�¦
 ; [cca2=TM].translations.zho.official
Expected: Ã¥Å“Å¸Ã¥Âºâ€œÃ¦â€ºÂ¼Ã¦â€“Â¯Ã¥ï¿½Â¦
     got: åœŸåº“æ›¼æ–¯å�¦
 ; [cca2=TN].altSpellings[]
Expected: al-JumhÃ…Â«riyyah at-TÃ…Â«nisiyyah
     but none found
 ; [cca2=TN].altSpellings[]
Unexpected: al-JumhÅ«riyyah at-TÅ«nisiyyah
 ; [cca2=TN].currencies.TND.symbol
Expected: Ã˜Â¯.Ã˜Âª
     got: Ø¯.Øª
 ; [cca2=TN].flag
Expected: Ã°Å¸â€¡Â¹Ã°Å¸â€¡Â³
     got: ðŸ‡¹ðŸ‡³
 ; [cca2=TN].name.nativeName.ara.common
Expected: Ã˜ÂªÃ™Ë†Ã™â€ Ã˜Â³
     got: ØªÙˆÙ†Ø³
 ; [cca2=TN].name.nativeName.ara.official
Expected: Ã˜Â§Ã™â€žÃ˜Â¬Ã™â€¦Ã™â€¡Ã™Ë†Ã˜Â±Ã™Å Ã˜Â© Ã˜Â§Ã™â€žÃ˜ÂªÃ™Ë†Ã™â€ Ã˜Â³Ã™Å Ã˜Â©
     got: Ø§Ù„Ø¬Ù…Ù‡ÙˆØ±ÙŠØ© Ø§Ù„ØªÙˆÙ†Ø³ÙŠØ©
 ; [cca2=TN].translations.ara.common
Expected: Ã˜ÂªÃ™Ë†Ã™â€ Ã˜Â³
     got: ØªÙˆÙ†Ø³
 ; [cca2=TN].translations.ara.official
Expected: Ã˜Â§Ã™â€žÃ˜Â¬Ã™â€¦Ã™â€¡Ã™Ë†Ã˜Â±Ã™Å Ã˜Â© Ã˜Â§Ã™â€žÃ˜ÂªÃ™Ë†Ã™â€ Ã˜Â³Ã™Å Ã˜Â©
     got: Ø§Ù„Ø¬Ù…Ù‡ÙˆØ±ÙŠØ© Ø§Ù„ØªÙˆÙ†Ø³ÙŠØ©
 ; [cca2=TN].translations.ces.official
Expected: TuniskÃƒÂ¡ republika
     got: TuniskÃ¡ republika
 ; [cca2=TN].translations.fra.official
Expected: RÃƒÂ©publique tunisienne
     got: RÃ©publique tunisienne
 ; [cca2=TN].translations.hun.common
Expected: TunÃƒÂ©zia
     got: TunÃ©zia
 ; [cca2=TN].translations.hun.official
Expected: TunÃƒÂ©ziai KÃƒÂ¶ztÃƒÂ¡rsasÃƒÂ¡g
     got: TunÃ©ziai KÃ¶ztÃ¡rsasÃ¡g
 ; [cca2=TN].translations.jpn.common
Expected: Ã£Æ’ï¿½Ã£Æ’Â¥Ã£Æ’â€¹Ã£â€šÂ¸Ã£â€šÂ¢
     got: ãƒ�ãƒ¥ãƒ‹ã‚¸ã‚¢
 ; [cca2=TN].translations.jpn.official
Expected: Ã£Æ’ï¿½Ã£Æ’Â¥Ã£Æ’â€¹Ã£â€šÂ¸Ã£â€šÂ¢Ã¥â€¦Â±Ã¥â€™Å’Ã¥â€ºÂ½
     got: ãƒ�ãƒ¥ãƒ‹ã‚¸ã‚¢å…±å’Œå›½
 ; [cca2=TN].translations.kor.common
Expected: Ã­Å â‚¬Ã«â€¹Ë†Ã¬Â§â‚¬
     got: íŠ€ë‹ˆì§€
 ; [cca2=TN].translations.kor.official
Expected: Ã­Å â‚¬Ã«â€¹Ë†Ã¬Â§â‚¬ ÃªÂ³ÂµÃ­â„¢â€�ÃªÂµÂ­
     got: íŠ€ë‹ˆì§€ ê³µí™”êµ­
 ; [cca2=TN].translations.nld.common
Expected: TunesiÃƒÂ«
     got: TunesiÃ«
 ; [cca2=TN].translations.nld.official
Expected: Republiek TunesiÃƒÂ«
     got: Republiek TunesiÃ«
 ; [cca2=TN].translations.per.common
Expected: Ã˜ÂªÃ™Ë†Ã™â€ Ã˜Â³
     got: ØªÙˆÙ†Ø³
 ; [cca2=TN].translations.per.official
Expected: Ã˜Â¬Ã™â€¦Ã™â€¡Ã™Ë†Ã˜Â±Ã›Å’ Ã˜ÂªÃ™Ë†Ã™â€ Ã˜Â³
     got: Ø¬Ù…Ù‡ÙˆØ±ÛŒ ØªÙˆÙ†Ø³
 ; [cca2=TN].translations.por.common
Expected: TunÃƒÂ­sia
     got: TunÃ­sia
 ; [cca2=TN].translations.por.official
Expected: RepÃƒÂºblica da TunÃƒÂ­sia
     got: RepÃºblica da TunÃ­sia
 ; [cca2=TN].translations.rus.common
Expected: Ã�Â¢Ã‘Æ’Ã�Â½Ã�Â¸Ã‘ï¿½
     got: Ð¢ÑƒÐ½Ð¸Ñ�
 ; [cca2=TN].translations.rus.official
Expected: Ã�Â¢Ã‘Æ’Ã�Â½Ã�Â¸Ã‘ï¿½Ã‘ï¿½Ã�ÂºÃ�Â¾Ã�Â¹ Ã�Â Ã�ÂµÃ‘ï¿½Ã�Â¿Ã‘Æ’Ã�Â±Ã�Â»Ã�Â¸Ã�ÂºÃ�Â¸
     got: Ð¢ÑƒÐ½Ð¸Ñ�Ñ�ÐºÐ¾Ð¹ Ð ÐµÑ�Ð¿ÑƒÐ±Ð»Ð¸ÐºÐ¸
 ; [cca2=TN].translations.slk.official
Expected: TuniskÃƒÂ¡ republika
     got: TuniskÃ¡ republika
 ; [cca2=TN].translations.spa.common
Expected: TÃƒÂºnez
     got: TÃºnez
 ; [cca2=TN].translations.spa.official
Expected: RepÃƒÂºblica de TÃƒÂºnez
     got: RepÃºblica de TÃºnez
 ; [cca2=TN].translations.srp.common
Expected: Ã�Â¢Ã‘Æ’Ã�Â½Ã�Â¸Ã‘ï¿½
     got: Ð¢ÑƒÐ½Ð¸Ñ�
 ; [cca2=TN].translations.srp.official
Expected: Ã�Â¢Ã‘Æ’Ã�Â½Ã�Â¸Ã‘Ë†Ã�Â°Ã�Â½Ã‘ï¿½Ã�ÂºÃ�Â° Ã�Â Ã�ÂµÃ�Â¿Ã‘Æ’Ã�Â±Ã�Â»Ã�Â¸Ã�ÂºÃ�Â°
     got: Ð¢ÑƒÐ½Ð¸ÑˆÐ°Ð½Ñ�ÐºÐ° Ð ÐµÐ¿ÑƒÐ±Ð»Ð¸ÐºÐ°
 ; [cca2=TN].translations.urd.common
Expected: Ã˜ÂªÃ™Ë†Ã™â€ Ã˜Â³
     got: ØªÙˆÙ†Ø³
 ; [cca2=TN].translations.urd.official
Expected: Ã˜Â¬Ã™â€¦Ã›ï¿½Ã™Ë†Ã˜Â±Ã›Å’Ã›ï¿½ Ã˜ÂªÃ™Ë†Ã™â€ Ã˜Â³
     got: Ø¬Ù…Û�ÙˆØ±ÛŒÛ� ØªÙˆÙ†Ø³
 ; [cca2=TN].translations.zho.common
Expected: Ã§Âªï¿½Ã¥Â°Â¼Ã¦â€“Â¯
     got: çª�å°¼æ–¯
 ; [cca2=TN].translations.zho.official
Expected: Ã§Âªï¿½Ã¥Â°Â¼Ã¦â€“Â¯Ã¥â€¦Â±Ã¥â€™Å’Ã¥â€ºÂ½
     got: çª�å°¼æ–¯å…±å’Œå›½
 ; [cca2=TO].currencies.TOP.name
Expected: Tongan paÃŠÂ»anga
     got: Tongan paÊ»anga
 ; [cca2=TO].flag
Expected: Ã°Å¸â€¡Â¹Ã°Å¸â€¡Â´
     got: ðŸ‡¹ðŸ‡´
 ; [cca2=TO].translations.ara.common
Expected: Ã˜ÂªÃ™Ë†Ã™â€ Ã˜ÂºÃ˜Â§
     got: ØªÙˆÙ†ØºØ§
 ; [cca2=TO].translations.ara.official
Expected: Ã™â€¦Ã™â€¦Ã™â€žÃ™Æ’Ã˜Â© Ã˜ÂªÃ™Ë†Ã™â€ Ã˜ÂºÃ˜Â§
     got: Ù…Ù…Ù„ÙƒØ© ØªÙˆÙ†ØºØ§
 ; [cca2=TO].translations.ces.official
Expected: KrÃƒÂ¡lovstvÃƒÂ­ Tonga
     got: KrÃ¡lovstvÃ­ Tonga
 ; [cca2=TO].translations.deu.official
Expected: KÃƒÂ¶nigreich Tonga
     got: KÃ¶nigreich Tonga
 ; [cca2=TO].translations.hun.official
Expected: Tongai KirÃƒÂ¡lysÃƒÂ¡g
     got: Tongai KirÃ¡lysÃ¡g
 ; [cca2=TO].translations.jpn.common
Expected: Ã£Æ’Ë†Ã£Æ’Â³Ã£â€šÂ¬
     got: ãƒˆãƒ³ã‚¬
 ; [cca2=TO].translations.jpn.official
Expected: Ã£Æ’Ë†Ã£Æ’Â³Ã£â€šÂ¬Ã§Å½â€¹Ã¥â€ºÂ½
     got: ãƒˆãƒ³ã‚¬çŽ‹å›½
 ; [cca2=TO].translations.kor.common
Expected: Ã­â€ ÂµÃªÂ°â‚¬
     got: í†µê°€
 ; [cca2=TO].translations.kor.official
Expected: Ã­â€ ÂµÃªÂ°â‚¬ Ã¬â„¢â€¢ÃªÂµÂ­
     got: í†µê°€ ì™•êµ­
 ; [cca2=TO].translations.per.common
Expected: Ã˜ÂªÃ™Ë†Ã™â€ ÃšÂ¯Ã˜Â§
     got: ØªÙˆÙ†Ú¯Ø§
 ; [cca2=TO].translations.per.official
Expected: Ã™Â¾Ã˜Â§Ã˜Â¯Ã˜Â´Ã˜Â§Ã™â€¡Ã›Å’ Ã˜ÂªÃ™Ë†Ã™â€ ÃšÂ¯Ã˜Â§
     got: Ù¾Ø§Ø¯Ø´Ø§Ù‡ÛŒ ØªÙˆÙ†Ú¯Ø§
 ; [cca2=TO].translations.pol.official
Expected: KrÃƒÂ³lestwo Tonga
     got: KrÃ³lestwo Tonga
 ; [cca2=TO].translations.rus.common
Expected: Ã�Â¢Ã�Â¾Ã�Â½Ã�Â³Ã�Â°
     got: Ð¢Ð¾Ð½Ð³Ð°
 ; [cca2=TO].translations.rus.official
Expected: Ã�Å¡Ã�Â¾Ã‘â‚¬Ã�Â¾Ã�Â»Ã�ÂµÃ�Â²Ã‘ï¿½Ã‘â€šÃ�Â²Ã�Â¾ Ã�Â¢Ã�Â¾Ã�Â½Ã�Â³Ã�Â°
     got: ÐšÐ¾Ñ€Ð¾Ð»ÐµÐ²Ñ�Ñ‚Ð²Ð¾ Ð¢Ð¾Ð½Ð³Ð°
 ; [cca2=TO].translations.slk.official
Expected: TongskÃƒÂ© krÃƒÂ¡Ã„Â¾ovstvo
     got: TongskÃ© krÃ¡Ä¾ovstvo
 ; [cca2=TO].translations.srp.common
Expected: Ã�Â¢Ã�Â¾Ã�Â½Ã�Â³Ã�Â°
     got: Ð¢Ð¾Ð½Ð³Ð°
 ; [cca2=TO].translations.srp.official
Expected: Ã�Å¡Ã‘â‚¬Ã�Â°Ã‘â„¢Ã�ÂµÃ�Â²Ã�Â¸Ã�Â½Ã�Â° Ã�Â¢Ã�Â¾Ã�Â½Ã�Â³Ã�Â°
     got: ÐšÑ€Ð°Ñ™ÐµÐ²Ð¸Ð½Ð° Ð¢Ð¾Ð½Ð³Ð°
 ; [cca2=TO].translations.tur.official
Expected: Tonga KrallÃ„Â±Ã„Å¸Ã„Â±
     got: Tonga KrallÄ±ÄŸÄ±
 ; [cca2=TO].translations.urd.common
Expected: Ã™Â¹Ã™Ë†Ã™â€ ÃšÂ¯Ã˜Â§
     got: Ù¹ÙˆÙ†Ú¯Ø§
 ; [cca2=TO].translations.urd.official
Expected: Ã™â€¦Ã™â€¦Ã™â€žÃšÂ©Ã˜ÂªÃ™ï¿½ Ã™Â¹Ã™Ë†Ã™â€ ÃšÂ¯Ã˜Â§
     got: Ù…Ù…Ù„Ú©ØªÙ� Ù¹ÙˆÙ†Ú¯Ø§
 ; [cca2=TO].translations.zho.common
Expected: Ã¦Â±Â¤Ã¥Å Â 
     got: æ±¤åŠ 
 ; [cca2=TO].translations.zho.official
Expected: Ã¦Â±Â¤Ã¥Å Â Ã§Å½â€¹Ã¥â€ºÂ½
     got: æ±¤åŠ çŽ‹å›½
 ; [cca2=TR].altSpellings[]
Expected: TÃƒÂ¼rkiye Cumhuriyeti
     but none found
 ; [cca2=TR].altSpellings[]
Unexpected: TÃ¼rkiye Cumhuriyeti
 ; [cca2=TR].currencies.TRY.symbol
Expected: Ã¢â€šÂº
     got: â‚º
 ; [cca2=TR].flag
Expected: Ã°Å¸â€¡Â¹Ã°Å¸â€¡Â·
     got: ðŸ‡¹ðŸ‡·
 ; [cca2=TR].name.nativeName.tur.common
Expected: TÃƒÂ¼rkiye
     got: TÃ¼rkiye
 ; [cca2=TR].name.nativeName.tur.official
Expected: TÃƒÂ¼rkiye Cumhuriyeti
     got: TÃ¼rkiye Cumhuriyeti
 ; [cca2=TR].translations.ara.common
Expected: Ã˜ÂªÃ˜Â±Ã™Æ’Ã™Å Ã˜Â§
     got: ØªØ±ÙƒÙŠØ§
 ; [cca2=TR].translations.ara.official
Expected: Ã˜Â§Ã™â€žÃ˜Â¬Ã™â€¦Ã™â€¡Ã™Ë†Ã˜Â±Ã™Å Ã˜Â© Ã˜Â§Ã™â€žÃ˜ÂªÃ˜Â±Ã™Æ’Ã™Å Ã˜Â©
     got: Ø§Ù„Ø¬Ù…Ù‡ÙˆØ±ÙŠØ© Ø§Ù„ØªØ±ÙƒÙŠØ©
 ; [cca2=TR].translations.ces.official
Expected: TureckÃƒÂ¡ republika
     got: TureckÃ¡ republika
 ; [cca2=TR].translations.deu.common
Expected: TÃƒÂ¼rkei
     got: TÃ¼rkei
 ; [cca2=TR].translations.deu.official
Expected: Republik TÃƒÂ¼rkei
     got: Republik TÃ¼rkei
 ; [cca2=TR].translations.est.common
Expected: TÃƒÂ¼rgi
     got: TÃ¼rgi
 ; [cca2=TR].translations.est.official
Expected: TÃƒÂ¼rgi Vabariik
     got: TÃ¼rgi Vabariik
 ; [cca2=TR].translations.fra.official
Expected: RÃƒÂ©publique de Turquie
     got: RÃ©publique de Turquie
 ; [cca2=TR].translations.hun.common
Expected: TÃƒÂ¶rÃƒÂ¶korszÃƒÂ¡g
     got: TÃ¶rÃ¶korszÃ¡g
 ; [cca2=TR].translations.hun.official
Expected: TÃƒÂ¶rÃƒÂ¶k KÃƒÂ¶ztÃƒÂ¡rsasÃƒÂ¡g
     got: TÃ¶rÃ¶k KÃ¶ztÃ¡rsasÃ¡g
 ; [cca2=TR].translations.jpn.common
Expected: Ã£Æ’Ë†Ã£Æ’Â«Ã£â€šÂ³
     got: ãƒˆãƒ«ã‚³
 ; [cca2=TR].translations.jpn.official
Expected: Ã£Æ’Ë†Ã£Æ’Â«Ã£â€šÂ³Ã¥â€¦Â±Ã¥â€™Å’Ã¥â€ºÂ½
     got: ãƒˆãƒ«ã‚³å…±å’Œå›½
 ; [cca2=TR].translations.kor.common
Expected: Ã­â€žÂ°Ã­â€šÂ¤
     got: í„°í‚¤
 ; [cca2=TR].translations.kor.official
Expected: Ã­â€žÂ°Ã­â€šÂ¤ ÃªÂ³ÂµÃ­â„¢â€�ÃªÂµÂ­
     got: í„°í‚¤ ê³µí™”êµ­
 ; [cca2=TR].translations.per.common
Expected: Ã˜ÂªÃ˜Â±ÃšÂ©Ã›Å’Ã™â€¡
     got: ØªØ±Ú©ÛŒÙ‡
 ; [cca2=TR].translations.per.official
Expected: Ã˜Â¬Ã™â€¦Ã™â€¡Ã™Ë†Ã˜Â±Ã›Å’ Ã˜ÂªÃ˜Â±ÃšÂ©Ã›Å’Ã™â€¡
     got: Ø¬Ù…Ù‡ÙˆØ±ÛŒ ØªØ±Ú©ÛŒÙ‡
 ; [cca2=TR].translations.por.official
Expected: RepÃƒÂºblica da Turquia
     got: RepÃºblica da Turquia
 ; [cca2=TR].translations.rus.common
Expected: Ã�Â¢Ã‘Æ’Ã‘â‚¬Ã‘â€ Ã�Â¸Ã‘ï¿½
     got: Ð¢ÑƒÑ€Ñ†Ð¸Ñ�
 ; [cca2=TR].translations.rus.official
Expected: Ã�Â Ã�ÂµÃ‘ï¿½Ã�Â¿Ã‘Æ’Ã�Â±Ã�Â»Ã�Â¸Ã�ÂºÃ�Â° Ã�Â¢Ã‘Æ’Ã‘â‚¬Ã‘â€ Ã�Â¸Ã�Â¸
     got: Ð ÐµÑ�Ð¿ÑƒÐ±Ð»Ð¸ÐºÐ° Ð¢ÑƒÑ€Ñ†Ð¸Ð¸
 ; [cca2=TR].translations.slk.official
Expected: TureckÃƒÂ¡ republika
     got: TureckÃ¡ republika
 ; [cca2=TR].translations.spa.common
Expected: TurquÃƒÂ­a
     got: TurquÃ­a
 ; [cca2=TR].translations.spa.official
Expected: RepÃƒÂºblica de TurquÃƒÂ­a
     got: RepÃºblica de TurquÃ­a
 ; [cca2=TR].translations.srp.common
Expected: Ã�Â¢Ã‘Æ’Ã‘â‚¬Ã‘ï¿½Ã�ÂºÃ�Â°
     got: Ð¢ÑƒÑ€Ñ�ÐºÐ°
 ; [cca2=TR].translations.srp.official
Expected: Ã�Â¢Ã‘Æ’Ã‘â‚¬Ã‘ï¿½Ã�ÂºÃ�Â° Ã�Â Ã�ÂµÃ�Â¿Ã‘Æ’Ã�Â±Ã�Â»Ã�Â¸Ã�ÂºÃ�Â°
     got: Ð¢ÑƒÑ€Ñ�ÐºÐ° Ð ÐµÐ¿ÑƒÐ±Ð»Ð¸ÐºÐ°
 ; [cca2=TR].translations.tur.common
Expected: TÃƒÂ¼rkiye
     got: TÃ¼rkiye
 ; [cca2=TR].translations.tur.official
Expected: TÃƒÂ¼rkiye Cumhuriyeti
     got: TÃ¼rkiye Cumhuriyeti
 ; [cca2=TR].translations.urd.common
Expected: Ã˜ÂªÃ˜Â±ÃšÂ©Ã›Å’
     got: ØªØ±Ú©ÛŒ
 ; [cca2=TR].translations.urd.official
Expected: Ã˜Â¬Ã™â€¦Ã›ï¿½Ã™Ë†Ã˜Â±Ã›Å’Ã›ï¿½ Ã˜ÂªÃ˜Â±ÃšÂ©Ã›Å’
     got: Ø¬Ù…Û�ÙˆØ±ÛŒÛ� ØªØ±Ú©ÛŒ
 ; [cca2=TR].translations.zho.common
Expected: Ã¥Å“Å¸Ã¨â‚¬Â³Ã¥â€¦Â¶
     got: åœŸè€³å…¶
 ; [cca2=TR].translations.zho.official
Expected: Ã¥Å“Å¸Ã¨â‚¬Â³Ã¥â€¦Â¶Ã¥â€¦Â±Ã¥â€™Å’Ã¥â€ºÂ½
     got: åœŸè€³å…¶å…±å’Œå›½
 ; [cca2=TT].flag
Expected: Ã°Å¸â€¡Â¹Ã°Å¸â€¡Â¹
     got: ðŸ‡¹ðŸ‡¹
 ; [cca2=TT].translations.ara.common
Expected: Ã˜ÂªÃ˜Â±Ã™Å Ã™â€ Ã™Å Ã˜Â¯Ã˜Â§Ã˜Â¯ Ã™Ë†Ã˜ÂªÃ™Ë†Ã˜Â¨Ã˜Â§Ã˜ÂºÃ™Ë†
     got: ØªØ±ÙŠÙ†ÙŠØ¯Ø§Ø¯ ÙˆØªÙˆØ¨Ø§ØºÙˆ
 ; [cca2=TT].translations.ara.official
Expected: Ã˜Â¬Ã™â€¦Ã™â€¡Ã™Ë†Ã˜Â±Ã™Å Ã˜Â© Ã˜ÂªÃ˜Â±Ã™Å Ã™â€ Ã™Å Ã˜Â¯Ã˜Â§Ã˜Â¯ Ã™Ë†Ã˜ÂªÃ™Ë†Ã˜Â¨Ã˜Â§Ã˜ÂºÃ™Ë†
     got: Ø¬Ù…Ù‡ÙˆØ±ÙŠØ© ØªØ±ÙŠÙ†ÙŠØ¯Ø§Ø¯ ÙˆØªÙˆØ¨Ø§ØºÙˆ
 ; [cca2=TT].translations.fra.common
Expected: TrinitÃƒÂ©-et-Tobago
     got: TrinitÃ©-et-Tobago
 ; [cca2=TT].translations.fra.official
Expected: RÃƒÂ©publique de TrinitÃƒÂ©-et-Tobago
     got: RÃ©publique de TrinitÃ©-et-Tobago
 ; [cca2=TT].translations.hun.common
Expected: Trinidad ÃƒÂ©s Tobago
     got: Trinidad Ã©s Tobago
 ; [cca2=TT].translations.hun.official
Expected: Trinidad ÃƒÂ©s Tobago KÃƒÂ¶ztÃƒÂ¡rsasÃƒÂ¡g
     got: Trinidad Ã©s Tobago KÃ¶ztÃ¡rsasÃ¡g
 ; [cca2=TT].translations.jpn.common
Expected: Ã£Æ’Ë†Ã£Æ’ÂªÃ£Æ’â€¹Ã£Æ’â‚¬Ã£Æ’Â¼Ã£Æ’â€°Ã£Æ’Â»Ã£Æ’Ë†Ã£Æ’ï¿½Ã£â€šÂ´
     got: ãƒˆãƒªãƒ‹ãƒ€ãƒ¼ãƒ‰ãƒ»ãƒˆãƒ�ã‚´
 ; [cca2=TT].translations.jpn.official
Expected: Ã£Æ’Ë†Ã£Æ’ÂªÃ£Æ’â€¹Ã£Æ’â‚¬Ã£Æ’Â¼Ã£Æ’â€°Ã‚Â·Ã£Æ’Ë†Ã£Æ’ï¿½Ã£â€šÂ´Ã¥â€¦Â±Ã¥â€™Å’Ã¥â€ºÂ½
     got: ãƒˆãƒªãƒ‹ãƒ€ãƒ¼ãƒ‰Â·ãƒˆãƒ�ã‚´å…±å’Œå›½
 ; [cca2=TT].translations.kor.common
Expected: Ã­Å Â¸Ã«Â¦Â¬Ã«â€¹Ë†Ã«â€¹Â¤Ã«â€œÅ“ Ã­â€ Â Ã«Â°â€�ÃªÂ³Â 
     got: íŠ¸ë¦¬ë‹ˆë‹¤ë“œ í† ë°”ê³ 
 ; [cca2=TT].translations.kor.official
Expected: Ã­Å Â¸Ã«Â¦Â¬Ã«â€¹Ë†Ã«â€¹Â¤Ã«â€œÅ“ Ã­â€ Â Ã«Â°â€�ÃªÂ³Â  ÃªÂ³ÂµÃ­â„¢â€�ÃªÂµÂ­
     got: íŠ¸ë¦¬ë‹ˆë‹¤ë“œ í† ë°”ê³  ê³µí™”êµ­
 ; [cca2=TT].translations.per.common
Expected: Ã˜ÂªÃ˜Â±Ã›Å’Ã™â€ Ã›Å’Ã˜Â¯Ã˜Â§Ã˜Â¯ Ã™Ë† Ã˜ÂªÃ™Ë†Ã˜Â¨Ã˜Â§ÃšÂ¯Ã™Ë†
     got: ØªØ±ÛŒÙ†ÛŒØ¯Ø§Ø¯ Ùˆ ØªÙˆØ¨Ø§Ú¯Ùˆ
 ; [cca2=TT].translations.per.official
Expected: Ã˜Â¬Ã™â€¦Ã™â€¡Ã™Ë†Ã˜Â±Ã›Å’ Ã˜ÂªÃ˜Â±Ã›Å’Ã™â€ Ã›Å’Ã˜Â¯Ã˜Â§Ã˜Â¯ Ã™Ë† Ã˜ÂªÃ™Ë†Ã˜Â¨Ã˜Â§ÃšÂ¯Ã™Ë†
     got: Ø¬Ù…Ù‡ÙˆØ±ÛŒ ØªØ±ÛŒÙ†ÛŒØ¯Ø§Ø¯ Ùˆ ØªÙˆØ¨Ø§Ú¯Ùˆ
 ; [cca2=TT].translations.por.official
Expected: RepÃƒÂºblica de Trinidad e Tobago
     got: RepÃºblica de Trinidad e Tobago
 ; [cca2=TT].translations.rus.common
Expected: Ã�Â¢Ã‘â‚¬Ã�Â¸Ã�Â½Ã�Â¸Ã�Â´Ã�Â°Ã�Â´ Ã�Â¸ Ã�Â¢Ã�Â¾Ã�Â±Ã�Â°Ã�Â³Ã�Â¾
     got: Ð¢Ñ€Ð¸Ð½Ð¸Ð´Ð°Ð´ Ð¸ Ð¢Ð¾Ð±Ð°Ð³Ð¾
 ; [cca2=TT].translations.rus.official
Expected: Ã�Â Ã�ÂµÃ‘ï¿½Ã�Â¿Ã‘Æ’Ã�Â±Ã�Â»Ã�Â¸Ã�ÂºÃ�Â° Ã�Â¢Ã‘â‚¬Ã�Â¸Ã�Â½Ã�Â¸Ã�Â´Ã�Â°Ã�Â´ Ã�Â¸ Ã�Â¢Ã�Â¾Ã�Â±Ã�Â°Ã�Â³Ã�Â¾
     got: Ð ÐµÑ�Ð¿ÑƒÐ±Ð»Ð¸ÐºÐ° Ð¢Ñ€Ð¸Ð½Ð¸Ð´Ð°Ð´ Ð¸ Ð¢Ð¾Ð±Ð°Ð³Ð¾
 ; [cca2=TT].translations.spa.official
Expected: RepÃƒÂºblica de Trinidad y Tobago
     got: RepÃºblica de Trinidad y Tobago
 ; [cca2=TT].translations.srp.common
Expected: Ã�Â¢Ã‘â‚¬Ã�Â¸Ã�Â½Ã�Â¸Ã�Â´Ã�Â°Ã�Â´ Ã�Â¸ Ã�Â¢Ã�Â¾Ã�Â±Ã�Â°Ã�Â³Ã�Â¾
     got: Ð¢Ñ€Ð¸Ð½Ð¸Ð´Ð°Ð´ Ð¸ Ð¢Ð¾Ð±Ð°Ð³Ð¾
 ; [cca2=TT].translations.srp.official
Expected: Ã�Â Ã�ÂµÃ�Â¿Ã‘Æ’Ã�Â±Ã�Â»Ã�Â¸Ã�ÂºÃ�Â° Ã�Â¢Ã‘â‚¬Ã�Â¸Ã�Â½Ã�Â¸Ã�Â´Ã�Â°Ã�Â´ Ã�Â¸ Ã�Â¢Ã�Â¾Ã�Â±Ã�Â°Ã�Â³Ã�Â¾
     got: Ð ÐµÐ¿ÑƒÐ±Ð»Ð¸ÐºÐ° Ð¢Ñ€Ð¸Ð½Ð¸Ð´Ð°Ð´ Ð¸ Ð¢Ð¾Ð±Ð°Ð³Ð¾
 ; [cca2=TT].translations.urd.common
Expected: Ã™Â¹Ã˜Â±Ã›Å’Ã™â€ Ã›Å’ÃšË†Ã˜Â§ÃšË† Ã™Ë† Ã™Â¹Ã™Ë†Ã˜Â¨Ã˜Â§ÃšÂ¯Ã™Ë†
     got: Ù¹Ø±ÛŒÙ†ÛŒÚˆØ§Úˆ Ùˆ Ù¹ÙˆØ¨Ø§Ú¯Ùˆ
 ; [cca2=TT].translations.urd.official
Expected: Ã˜Â¬Ã™â€¦Ã›ï¿½Ã™Ë†Ã˜Â±Ã›Å’Ã›ï¿½ Ã™Â¹Ã˜Â±Ã›Å’Ã™â€ Ã›Å’ÃšË†Ã˜Â§ÃšË† Ã™Ë† Ã™Â¹Ã™Ë†Ã˜Â¨Ã˜Â§ÃšÂ¯Ã™Ë†
     got: Ø¬Ù…Û�ÙˆØ±ÛŒÛ� Ù¹Ø±ÛŒÙ†ÛŒÚˆØ§Úˆ Ùˆ Ù¹ÙˆØ¨Ø§Ú¯Ùˆ
 ; [cca2=TT].translations.zho.common
Expected: Ã§â€°Â¹Ã§Â«â€¹Ã¥Â°Â¼Ã¨Â¾Â¾Ã¥â€™Å’Ã¥Â¤Å¡Ã¥Â·Â´Ã¥â€œÂ¥
     got: ç‰¹ç«‹å°¼è¾¾å’Œå¤šå·´å“¥
 ; [cca2=TT].translations.zho.official
Expected: Ã§â€°Â¹Ã§Â«â€¹Ã¥Â°Â¼Ã¨Â¾Â¾Ã¥â€™Å’Ã¥Â¤Å¡Ã¥Â·Â´Ã¥â€œÂ¥Ã¥â€¦Â±Ã¥â€™Å’Ã¥â€ºÂ½
     got: ç‰¹ç«‹å°¼è¾¾å’Œå¤šå·´å“¥å…±å’Œå›½
 ; [cca2=DE].currencies.EUR.symbol
Expected: Ã¢â€šÂ¬
     got: â‚¬
 ; [cca2=DE].flag
Expected: Ã°Å¸â€¡Â©Ã°Å¸â€¡Âª
     got: ðŸ‡©ðŸ‡ª
 ; [cca2=DE].translations.ara.common
Expected: Ã˜Â£Ã™â€žÃ™â€¦Ã˜Â§Ã™â€ Ã™Å Ã˜Â§
     got: Ø£Ù„Ù…Ø§Ù†ÙŠØ§
 ; [cca2=DE].translations.ara.official
Expected: Ã˜Â¬Ã™â€¦Ã™â€¡Ã™Ë†Ã˜Â±Ã™Å Ã˜Â© Ã˜Â£Ã™â€žÃ™â€¦Ã˜Â§Ã™â€ Ã™Å Ã˜Â§ Ã˜Â§Ã™â€žÃ˜Â§Ã˜ÂªÃ˜Â­Ã˜Â§Ã˜Â¯Ã™Å Ã˜Â©
     got: Ø¬Ù…Ù‡ÙˆØ±ÙŠØ© Ø£Ù„Ù…Ø§Ù†ÙŠØ§ Ø§Ù„Ø§ØªØ­Ø§Ø¯ÙŠØ©
 ; [cca2=DE].translations.ces.common
Expected: NÃ„â€ºmecko
     got: NÄ›mecko
 ; [cca2=DE].translations.ces.official
Expected: SpolkovÃƒÂ¡ republika NÃ„â€ºmecko
     got: SpolkovÃ¡ republika NÄ›mecko
 ; [cca2=DE].translations.fra.official
Expected: RÃƒÂ©publique fÃƒÂ©dÃƒÂ©rale d&apos;Allemagne
     got: RÃ©publique fÃ©dÃ©rale d&apos;Allemagne
 ; [cca2=DE].translations.hrv.common
Expected: NjemaÃ„ï¿½ka
     got: NjemaÄ�ka
 ; [cca2=DE].translations.hrv.official
Expected: NjemaÃ„ï¿½ka Federativna Republika
     got: NjemaÄ�ka Federativna Republika
 ; [cca2=DE].translations.hun.common
Expected: NÃƒÂ©metorszÃƒÂ¡g
     got: NÃ©metorszÃ¡g
 ; [cca2=DE].translations.hun.official
Expected: NÃƒÂ©met SzÃƒÂ¶vetsÃƒÂ©gi KÃƒÂ¶ztÃƒÂ¡rsasÃƒÂ¡g
     got: NÃ©met SzÃ¶vetsÃ©gi KÃ¶ztÃ¡rsasÃ¡g
 ; [cca2=DE].translations.jpn.common
Expected: Ã£Æ’â€°Ã£â€šÂ¤Ã£Æ’â€ž
     got: ãƒ‰ã‚¤ãƒ„
 ; [cca2=DE].translations.jpn.official
Expected: Ã£Æ’â€°Ã£â€šÂ¤Ã£Æ’â€žÃ©â‚¬Â£Ã©â€šÂ¦Ã¥â€¦Â±Ã¥â€™Å’Ã¥â€ºÂ½
     got: ãƒ‰ã‚¤ãƒ„é€£é‚¦å…±å’Œå›½
 ; [cca2=DE].translations.kor.common
Expected: Ã«ï¿½â€¦Ã¬ï¿½Â¼
     got: ë�…ì�¼
 ; [cca2=DE].translations.kor.official
Expected: Ã«ï¿½â€¦Ã¬ï¿½Â¼ Ã¬â€”Â°Ã«Â°Â© ÃªÂ³ÂµÃ­â„¢â€�ÃªÂµÂ­
     got: ë�…ì�¼ ì—°ë°© ê³µí™”êµ­
 ; [cca2=DE].translations.per.common
Expected: Ã˜Â¢Ã™â€žÃ™â€¦Ã˜Â§Ã™â€ 
     got: Ø¢Ù„Ù…Ø§Ù†
 ; [cca2=DE].translations.per.official
Expected: Ã˜Â¬Ã™â€¦Ã™â€¡Ã™Ë†Ã˜Â±Ã›Å’ Ã™ï¿½Ã˜Â¯Ã˜Â±Ã˜Â§Ã™â€ž Ã˜Â¢Ã™â€žÃ™â€¦Ã˜Â§Ã™â€ 
     got: Ø¬Ù…Ù‡ÙˆØ±ÛŒ Ù�Ø¯Ø±Ø§Ù„ Ø¢Ù„Ù…Ø§Ù†
 ; [cca2=DE].translations.por.official
Expected: RepÃƒÂºblica Federal da Alemanha
     got: RepÃºblica Federal da Alemanha
 ; [cca2=DE].translations.rus.common
Expected: Ã�â€œÃ�ÂµÃ‘â‚¬Ã�Â¼Ã�Â°Ã�Â½Ã�Â¸Ã‘ï¿½
     got: Ð“ÐµÑ€Ð¼Ð°Ð½Ð¸Ñ�
 ; [cca2=DE].translations.rus.official
Expected: Ã�Â¤Ã�ÂµÃ�Â´Ã�ÂµÃ‘â‚¬Ã�Â°Ã‘â€šÃ�Â¸Ã�Â²Ã�Â½Ã�Â°Ã‘ï¿½ Ã�Â Ã�ÂµÃ‘ï¿½Ã�Â¿Ã‘Æ’Ã�Â±Ã�Â»Ã�Â¸Ã�ÂºÃ�Â° Ã�â€œÃ�ÂµÃ‘â‚¬Ã�Â¼Ã�Â°Ã�Â½Ã�Â¸Ã‘ï¿½
     got: Ð¤ÐµÐ´ÐµÑ€Ð°Ñ‚Ð¸Ð²Ð½Ð°Ñ� Ð ÐµÑ�Ð¿ÑƒÐ±Ð»Ð¸ÐºÐ° Ð“ÐµÑ€Ð¼Ð°Ð½Ð¸Ñ�
 ; [cca2=DE].translations.slk.official
Expected: NemeckÃƒÂ¡ spolkovÃƒÂ¡ republika
     got: NemeckÃ¡ spolkovÃ¡ republika
 ; [cca2=DE].translations.spa.official
Expected: RepÃƒÂºblica Federal de Alemania
     got: RepÃºblica Federal de Alemania
 ; [cca2=DE].translations.srp.common
Expected: Ã�ï¿½Ã�ÂµÃ�Â¼Ã�Â°Ã‘â€¡Ã�ÂºÃ�Â°
     got: Ð�ÐµÐ¼Ð°Ñ‡ÐºÐ°
 ; [cca2=DE].translations.srp.official
Expected: Ã�Â¡Ã�Â°Ã�Â²Ã�ÂµÃ�Â·Ã�Â½Ã�Â° Ã�Â Ã�ÂµÃ�Â¿Ã‘Æ’Ã�Â±Ã�Â»Ã�Â¸Ã�ÂºÃ�Â° Ã�ï¿½Ã�ÂµÃ�Â¼Ã�Â°Ã‘â€¡Ã�ÂºÃ�Â°
     got: Ð¡Ð°Ð²ÐµÐ·Ð½Ð° Ð ÐµÐ¿ÑƒÐ±Ð»Ð¸ÐºÐ° Ð�ÐµÐ¼Ð°Ñ‡ÐºÐ°
 ; [cca2=DE].translations.swe.official
Expected: FÃƒÂ¶rbundsrepubliken Tyskland
     got: FÃ¶rbundsrepubliken Tyskland
 ; [cca2=DE].translations.urd.common
Expected: Ã˜Â¬Ã˜Â±Ã™â€¦Ã™â€ Ã›Å’
     got: Ø¬Ø±Ù…Ù†ÛŒ
 ; [cca2=DE].translations.urd.official
Expected: Ã™Ë†Ã™ï¿½Ã˜Â§Ã™â€šÃ›Å’ Ã˜Â¬Ã™â€¦Ã›ï¿½Ã™Ë†Ã˜Â±Ã›Å’Ã›ï¿½ Ã˜Â¬Ã˜Â±Ã™â€¦Ã™â€ Ã›Å’
     got: ÙˆÙ�Ø§Ù‚ÛŒ Ø¬Ù…Û�ÙˆØ±ÛŒÛ� Ø¬Ø±Ù…Ù†ÛŒ
 ; [cca2=DE].translations.zho.common
Expected: Ã¥Â¾Â·Ã¥â€ºÂ½
     got: å¾·å›½
 ; [cca2=DE].translations.zho.official
Expected: Ã¥Â¾Â·Ã¦â€žï¿½Ã¥Â¿â€”Ã¨ï¿½â€�Ã©â€šÂ¦Ã¥â€¦Â±Ã¥â€™Å’Ã¥â€ºÂ½
     got: å¾·æ„�å¿—è�”é‚¦å…±å’Œå›½
 ; [cca2=TV].flag
Expected: Ã°Å¸â€¡Â¹Ã°Å¸â€¡Â»
     got: ðŸ‡¹ðŸ‡»
 ; [cca2=TV].flags.alt
Expected: The flag of Tuvalu has a light blue field with the flag of the United Kingdom Ã¢â‚¬â€� the Union Jack Ã¢â‚¬â€� in the canton. A representation of the country&apos;s nine Islands using nine five-pointed yellow stars is situated in the fly half of the field.
     got: The flag of Tuvalu has a light blue field with the flag of the United Kingdom â€” the Union Jack â€” in the canton. A representation of the country&apos;s nine Islands using nine five-pointed yellow stars is situated in the fly half of the field.
 ; [cca2=TV].translations.ara.common
Expected: Ã˜ÂªÃ™Ë†Ã™ï¿½Ã˜Â§Ã™â€žÃ™Ë†
     got: ØªÙˆÙ�Ø§Ù„Ùˆ
 ; [cca2=TV].translations.ara.official
Expected: Ã˜ÂªÃ™Ë†Ã™ï¿½Ã˜Â§Ã™â€žÃ™Ë†
     got: ØªÙˆÙ�Ø§Ù„Ùˆ
 ; [cca2=TV].translations.jpn.common
Expected: Ã£Æ’â€žÃ£Æ’ï¿½Ã£Æ’Â«
     got: ãƒ„ãƒ�ãƒ«
 ; [cca2=TV].translations.jpn.official
Expected: Ã£Æ’â€žÃ£Æ’ï¿½Ã£Æ’Â«
     got: ãƒ„ãƒ�ãƒ«
 ; [cca2=TV].translations.kor.common
Expected: Ã­Ë†Â¬Ã«Â°Å“Ã«Â£Â¨
     got: íˆ¬ë°œë£¨
 ; [cca2=TV].translations.kor.official
Expected: Ã­Ë†Â¬Ã«Â°Å“Ã«Â£Â¨
     got: íˆ¬ë°œë£¨
 ; [cca2=TV].translations.per.common
Expected: Ã˜ÂªÃ™Ë†Ã™Ë†Ã˜Â§Ã™â€žÃ™Ë†
     got: ØªÙˆÙˆØ§Ù„Ùˆ
 ; [cca2=TV].translations.per.official
Expected: Ã˜ÂªÃ™Ë†Ã™Ë†Ã˜Â§Ã™â€žÃ™Ë†
     got: ØªÙˆÙˆØ§Ù„Ùˆ
 ; [cca2=TV].translations.rus.common
Expected: Ã�Â¢Ã‘Æ’Ã�Â²Ã�Â°Ã�Â»Ã‘Æ’
     got: Ð¢ÑƒÐ²Ð°Ð»Ñƒ
 ; [cca2=TV].translations.rus.official
Expected: Ã�Â¢Ã‘Æ’Ã�Â²Ã�Â°Ã�Â»Ã‘Æ’
     got: Ð¢ÑƒÐ²Ð°Ð»Ñƒ
 ; [cca2=TV].translations.srp.common
Expected: Ã�Â¢Ã‘Æ’Ã�Â²Ã�Â°Ã�Â»Ã‘Æ’
     got: Ð¢ÑƒÐ²Ð°Ð»Ñƒ
 ; [cca2=TV].translations.srp.official
Expected: Ã�Â¢Ã‘Æ’Ã�Â²Ã�Â°Ã�Â»Ã‘Æ’
     got: Ð¢ÑƒÐ²Ð°Ð»Ñƒ
 ; [cca2=TV].translations.urd.common
Expected: Ã˜ÂªÃ™Ë†Ã™Ë†Ã˜Â§Ã™â€žÃ™Ë†
     got: ØªÙˆÙˆØ§Ù„Ùˆ
 ; [cca2=TV].translations.urd.official
Expected: Ã˜ÂªÃ™Ë†Ã™Ë†Ã˜Â§Ã™â€žÃ™Ë†
     got: ØªÙˆÙˆØ§Ù„Ùˆ
 ; [cca2=TV].translations.zho.common
Expected: Ã¥â€ºÂ¾Ã§â€œÂ¦Ã¥ï¿½Â¢
     got: å›¾ç“¦å�¢
 ; [cca2=TV].translations.zho.official
Expected: Ã¥â€ºÂ¾Ã§â€œÂ¦Ã¥ï¿½Â¢
     got: å›¾ç“¦å�¢
 ; [cca2=TW].altSpellings[]
Expected: ZhÃ…ï¿½nghuÃƒÂ¡ MÃƒÂ­nguÃƒÂ³
     but none found
 ; [cca2=TW].altSpellings[]
Expected: TÃƒÂ¡iwÃ„ï¿½n
     but none found
 ; [cca2=TW].altSpellings[]
Expected: Ã¤Â¸Â­Ã¨ï¿½Â¯Ã¦Â°â€˜Ã¥Å“â€¹
     but none found
 ; [cca2=TW].altSpellings[]
Unexpected: TÃ¡iwÄ�n
 ; [cca2=TW].altSpellings[]
Unexpected: ä¸­è�¯æ°‘åœ‹
 ; [cca2=TW].altSpellings[]
Unexpected: ZhÅ�nghuÃ¡ MÃ­nguÃ³
 ; [cca2=TW].demonyms.fra.f
Expected: TaÃƒÂ¯wanaise
     got: TaÃ¯wanaise
 ; [cca2=TW].demonyms.fra.m
Expected: TaÃƒÂ¯wanais
     got: TaÃ¯wanais
 ; [cca2=TW].flag
Expected: Ã°Å¸â€¡Â¹Ã°Å¸â€¡Â¼
     got: ðŸ‡¹ðŸ‡¼
 ; [cca2=TW].name.nativeName.zho.common
Expected: Ã¥ï¿½Â°Ã§ï¿½Â£
     got: å�°ç�£
 ; [cca2=TW].name.nativeName.zho.official
Expected: Ã¤Â¸Â­Ã¨ï¿½Â¯Ã¦Â°â€˜Ã¥Å“â€¹
     got: ä¸­è�¯æ°‘åœ‹
 ; [cca2=TW].tld[]
Expected: .Ã¥ï¿½Â°Ã§ï¿½Â£
     but none found
 ; [cca2=TW].tld[]
Expected: .Ã¥ï¿½Â°Ã¦Â¹Â¾
     but none found
 ; [cca2=TW].tld[]
Unexpected: .å�°æ¹¾
 ; [cca2=TW].tld[]
Unexpected: .å�°ç�£
 ; [cca2=TW].translations.ara.common
Expected: Ã˜ÂªÃ˜Â§Ã™Å Ã™Ë†Ã˜Â§Ã™â€ 
     got: ØªØ§ÙŠÙˆØ§Ù†
 ; [cca2=TW].translations.ara.official
Expected: Ã˜Â¬Ã™â€¦Ã™â€¡Ã™Ë†Ã˜Â±Ã™Å Ã˜Â© Ã˜Â§Ã™â€žÃ˜ÂµÃ™Å Ã™â€  (Ã˜ÂªÃ˜Â§Ã™Å Ã™Ë†Ã˜Â§Ã™â€ )
     got: Ø¬Ù…Ù‡ÙˆØ±ÙŠØ© Ø§Ù„ØµÙŠÙ† (ØªØ§ÙŠÙˆØ§Ù†)
 ; [cca2=TW].translations.ces.official
Expected: Ã„Å’ÃƒÂ­nskÃƒÂ¡ republika
     got: ÄŒÃ­nskÃ¡ republika
 ; [cca2=TW].translations.fra.common
Expected: TaÃƒÂ¯wan
     got: TaÃ¯wan
 ; [cca2=TW].translations.fra.official
Expected: RÃƒÂ©publique de Chine (TaÃƒÂ¯wan)
     got: RÃ©publique de Chine (TaÃ¯wan)
 ; [cca2=TW].translations.hun.official
Expected: KÃƒÂ­nai KÃƒÂ¶ztÃƒÂ¡rsasÃƒÂ¡g
     got: KÃ­nai KÃ¶ztÃ¡rsasÃ¡g
 ; [cca2=TW].translations.jpn.common
Expected: Ã¥ï¿½Â°Ã¦Â¹Â¾
     got: å�°æ¹¾
 ; [cca2=TW].translations.jpn.official
Expected: Ã¤Â¸Â­Ã¨ï¿½Â¯Ã¦Â°â€˜Ã¥â€ºÂ½
     got: ä¸­è�¯æ°‘å›½
 ; [cca2=TW].translations.kor.common
Expected: Ã«Å’â‚¬Ã«Â§Å’
     got: ëŒ€ë§Œ
 ; [cca2=TW].translations.kor.official
Expected: Ã¬Â¤â€˜Ã­â„¢â€�Ã«Â¯Â¼ÃªÂµÂ­
     got: ì¤‘í™”ë¯¼êµ­
 ; [cca2=TW].translations.per.common
Expected: Ã˜ÂªÃ˜Â§Ã›Å’Ã™Ë†Ã˜Â§Ã™â€ 
     got: ØªØ§ÛŒÙˆØ§Ù†
 ; [cca2=TW].translations.per.official
Expected: Ã˜Â¬Ã™â€¦Ã™â€¡Ã™Ë†Ã˜Â±Ã›Å’ Ãšâ€ Ã›Å’Ã™â€ 
     got: Ø¬Ù…Ù‡ÙˆØ±ÛŒ Ú†ÛŒÙ†
 ; [cca2=TW].translations.pol.official
Expected: Republika ChiÃ…â€žska (Tajwan)
     got: Republika ChiÅ„ska (Tajwan)
 ; [cca2=TW].translations.por.official
Expected: RepÃƒÂºblica da China
     got: RepÃºblica da China
 ; [cca2=TW].translations.rus.common
Expected: Ã�Â¢Ã�Â°Ã�Â¹Ã�Â²Ã�Â°Ã�Â½Ã‘Å’
     got: Ð¢Ð°Ð¹Ð²Ð°Ð½ÑŒ
 ; [cca2=TW].translations.rus.official
Expected: Ã�Å¡Ã�Â¸Ã‘â€šÃ�Â°Ã�Â¹Ã‘ï¿½Ã�ÂºÃ�Â°Ã‘ï¿½ Ã�Â Ã�ÂµÃ‘ï¿½Ã�Â¿Ã‘Æ’Ã�Â±Ã�Â»Ã�Â¸Ã�ÂºÃ�Â°
     got: ÐšÐ¸Ñ‚Ð°Ð¹Ñ�ÐºÐ°Ñ� Ð ÐµÑ�Ð¿ÑƒÐ±Ð»Ð¸ÐºÐ°
 ; [cca2=TW].translations.slk.official
Expected: Ã„Å’ÃƒÂ­nska republika
     got: ÄŒÃ­nska republika
 ; [cca2=TW].translations.spa.common
Expected: TaiwÃƒÂ¡n
     got: TaiwÃ¡n
 ; [cca2=TW].translations.spa.official
Expected: RepÃƒÂºblica de China en TaiwÃƒÂ¡n
     got: RepÃºblica de China en TaiwÃ¡n
 ; [cca2=TW].translations.srp.common
Expected: Ã�Â¢Ã�Â°Ã‘ËœÃ�Â²Ã�Â°Ã�Â½
     got: Ð¢Ð°Ñ˜Ð²Ð°Ð½
 ; [cca2=TW].translations.srp.official
Expected: Ã�Â Ã�ÂµÃ�Â¿Ã‘Æ’Ã�Â±Ã�Â»Ã�Â¸Ã�ÂºÃ�Â° Ã�Å¡Ã�Â¸Ã�Â½Ã�Â°
     got: Ð ÐµÐ¿ÑƒÐ±Ð»Ð¸ÐºÐ° ÐšÐ¸Ð½Ð°
 ; [cca2=TW].translations.tur.official
Expected: Ãƒâ€¡in Cumhuriyeti (Tayvan)
     got: Ã‡in Cumhuriyeti (Tayvan)
 ; [cca2=TW].translations.urd.common
Expected: Ã˜ÂªÃ˜Â§Ã˜Â¦Ã›Å’Ã™Ë†Ã˜Â§Ã™â€ 
     got: ØªØ§Ø¦ÛŒÙˆØ§Ù†
 ; [cca2=TW].translations.urd.official
Expected: Ã˜Â¬Ã™â€¦Ã›ï¿½Ã™Ë†Ã˜Â±Ã›Å’Ã›ï¿½ Ãšâ€ Ã›Å’Ã™â€  (Ã˜ÂªÃ˜Â§Ã˜Â¦Ã›Å’Ã™Ë†Ã˜Â§Ã™â€ )
     got: Ø¬Ù…Û�ÙˆØ±ÛŒÛ� Ú†ÛŒÙ† (ØªØ§Ø¦ÛŒÙˆØ§Ù†)
 ; [cca2=TZ].flag
Expected: Ã°Å¸â€¡Â¹Ã°Å¸â€¡Â¿
     got: ðŸ‡¹ðŸ‡¿
 ; [cca2=TZ].translations.ara.common
Expected: Ã˜ÂªÃ™â€ Ã˜Â²Ã˜Â§Ã™â€ Ã™Å Ã˜Â§
     got: ØªÙ†Ø²Ø§Ù†ÙŠØ§
 ; [cca2=TZ].translations.ara.official
Expected: Ã˜Â¬Ã™â€¦Ã™â€¡Ã™Ë†Ã˜Â±Ã™Å Ã˜Â© Ã˜ÂªÃ™â€ Ã˜Â²Ã˜Â§Ã™â€ Ã™Å Ã˜Â§ Ã˜Â§Ã™â€žÃ˜Â§Ã˜ÂªÃ˜Â­Ã˜Â§Ã˜Â¯Ã™Å Ã˜Â©
     got: Ø¬Ù…Ù‡ÙˆØ±ÙŠØ© ØªÙ†Ø²Ø§Ù†ÙŠØ§ Ø§Ù„Ø§ØªØ­Ø§Ø¯ÙŠØ©
 ; [cca2=TZ].translations.ces.official
Expected: SjednocenÃƒÂ¡ tanzanskÃƒÂ¡ republika
     got: SjednocenÃ¡ tanzanskÃ¡ republika
 ; [cca2=TZ].translations.est.official
Expected: Tansaania ÃƒÅ“hendvabariik
     got: Tansaania Ãœhendvabariik
 ; [cca2=TZ].translations.fra.official
Expected: RÃƒÂ©publique -Unie de Tanzanie
     got: RÃ©publique -Unie de Tanzanie
 ; [cca2=TZ].translations.hun.common
Expected: TÃƒÂ¡dzsikisztÃƒÂ¡n
     got: TÃ¡dzsikisztÃ¡n
 ; [cca2=TZ].translations.hun.official
Expected: TÃƒÂ¡dzsik KÃƒÂ¶ztÃƒÂ¡rsasÃƒÂ¡g
     got: TÃ¡dzsik KÃ¶ztÃ¡rsasÃ¡g
 ; [cca2=TZ].translations.jpn.common
Expected: Ã£â€šÂ¿Ã£Æ’Â³Ã£â€šÂ¶Ã£Æ’â€¹Ã£â€šÂ¢
     got: ã‚¿ãƒ³ã‚¶ãƒ‹ã‚¢
 ; [cca2=TZ].translations.jpn.official
Expected: Ã£â€šÂ¿Ã£Æ’Â³Ã£â€šÂ¶Ã£Æ’â€¹Ã£â€šÂ¢Ã©â‚¬Â£Ã¥ï¿½Ë†Ã¥â€¦Â±Ã¥â€™Å’Ã¥â€ºÂ½
     got: ã‚¿ãƒ³ã‚¶ãƒ‹ã‚¢é€£å�ˆå…±å’Œå›½
 ; [cca2=TZ].translations.kor.common
Expected: Ã­Æ’â€žÃ¬Å¾ï¿½Ã«â€¹Ë†Ã¬â€¢â€ž
     got: íƒ„ìž�ë‹ˆì•„
 ; [cca2=TZ].translations.kor.official
Expected: Ã­Æ’â€žÃ¬Å¾ï¿½Ã«â€¹Ë†Ã¬â€¢â€ž Ã¬â€”Â°Ã­â€¢Â© ÃªÂ³ÂµÃ­â„¢â€�ÃªÂµÂ­
     got: íƒ„ìž�ë‹ˆì•„ ì—°í•© ê³µí™”êµ­
 ; [cca2=TZ].translations.per.common
Expected: Ã˜ÂªÃ˜Â§Ã™â€ Ã˜Â²Ã˜Â§Ã™â€ Ã›Å’Ã˜Â§
     got: ØªØ§Ù†Ø²Ø§Ù†ÛŒØ§
 ; [cca2=TZ].translations.per.official
Expected: Ã˜Â¬Ã™â€¦Ã™â€¡Ã™Ë†Ã˜Â±Ã›Å’ Ã™â€¦Ã˜ÂªÃ˜Â­Ã˜Â¯ Ã˜ÂªÃ˜Â§Ã™â€ Ã˜Â²Ã˜Â§Ã™â€ Ã›Å’Ã˜Â§
     got: Ø¬Ù…Ù‡ÙˆØ±ÛŒ Ù…ØªØ­Ø¯ ØªØ§Ù†Ø²Ø§Ù†ÛŒØ§
 ; [cca2=TZ].translations.por.common
Expected: TanzÃƒÂ¢nia
     got: TanzÃ¢nia
 ; [cca2=TZ].translations.por.official
Expected: RepÃƒÂºblica Unida da TanzÃƒÂ¢nia
     got: RepÃºblica Unida da TanzÃ¢nia
 ; [cca2=TZ].translations.rus.common
Expected: Ã�Â¢Ã�Â°Ã�Â½Ã�Â·Ã�Â°Ã�Â½Ã�Â¸Ã‘ï¿½
     got: Ð¢Ð°Ð½Ð·Ð°Ð½Ð¸Ñ�
 ; [cca2=TZ].translations.rus.official
Expected: Ã�Å¾Ã�Â±Ã‘Å Ã�ÂµÃ�Â´Ã�Â¸Ã�Â½Ã�ÂµÃ�Â½Ã�Â½Ã�Â°Ã‘ï¿½ Ã�Â Ã�ÂµÃ‘ï¿½Ã�Â¿Ã‘Æ’Ã�Â±Ã�Â»Ã�Â¸Ã�ÂºÃ�Â° Ã�Â¢Ã�Â°Ã�Â½Ã�Â·Ã�Â°Ã�Â½Ã�Â¸Ã‘ï¿½
     got: ÐžÐ±ÑŠÐµÐ´Ð¸Ð½ÐµÐ½Ð½Ð°Ñ� Ð ÐµÑ�Ð¿ÑƒÐ±Ð»Ð¸ÐºÐ° Ð¢Ð°Ð½Ð·Ð°Ð½Ð¸Ñ�
 ; [cca2=TZ].translations.slk.common
Expected: TanzÃƒÂ¡nia
     got: TanzÃ¡nia
 ; [cca2=TZ].translations.slk.official
Expected: TanzÃƒÂ¡nijskÃƒÂ¡ zjednotenÃƒÂ¡ republika
     got: TanzÃ¡nijskÃ¡ zjednotenÃ¡ republika
 ; [cca2=TZ].translations.spa.official
Expected: RepÃƒÂºblica Unida de Tanzania
     got: RepÃºblica Unida de Tanzania
 ; [cca2=TZ].translations.srp.common
Expected: Ã�Â¢Ã�Â°Ã�Â½Ã�Â·Ã�Â°Ã�Â½Ã�Â¸Ã‘ËœÃ�Â°
     got: Ð¢Ð°Ð½Ð·Ð°Ð½Ð¸Ñ˜Ð°
 ; [cca2=TZ].translations.srp.official
Expected: Ã�Â£Ã‘ËœÃ�ÂµÃ�Â´Ã�Â¸Ã‘Å¡Ã�ÂµÃ�Â½Ã�Â° Ã�Â Ã�ÂµÃ�Â¿Ã‘Æ’Ã�Â±Ã�Â»Ã�Â¸Ã�ÂºÃ�Â° Ã�Â¢Ã�Â°Ã�Â½Ã�Â·Ã�Â°Ã�Â½Ã�Â¸Ã‘ËœÃ�Â°
     got: Ð£Ñ˜ÐµÐ´Ð¸ÑšÐµÐ½Ð° Ð ÐµÐ¿ÑƒÐ±Ð»Ð¸ÐºÐ° Ð¢Ð°Ð½Ð·Ð°Ð½Ð¸Ñ˜Ð°
 ; [cca2=TZ].translations.swe.official
Expected: FÃƒÂ¶renade republiken Tanzania
     got: FÃ¶renade republiken Tanzania
 ; [cca2=TZ].translations.tur.official
Expected: Tanzanya BirleÃ…Å¸ik Cumhuriyeti
     got: Tanzanya BirleÅŸik Cumhuriyeti
 ; [cca2=TZ].translations.urd.common
Expected: Ã˜ÂªÃ™â€ Ã˜Â²Ã˜Â§Ã™â€ Ã›Å’Ã›ï¿½
     got: ØªÙ†Ø²Ø§Ù†ÛŒÛ�
 ; [cca2=TZ].translations.urd.official
Expected: Ã™â€¦Ã˜ÂªÃ˜Â­Ã˜Â¯Ã›ï¿½ Ã˜Â¬Ã™â€¦Ã›ï¿½Ã™Ë†Ã˜Â±Ã›Å’Ã›ï¿½ Ã˜ÂªÃ™â€ Ã˜Â²Ã˜Â§Ã™â€ Ã›Å’Ã›ï¿½
     got: Ù…ØªØ­Ø¯Û� Ø¬Ù…Û�ÙˆØ±ÛŒÛ� ØªÙ†Ø²Ø§Ù†ÛŒÛ�
 ; [cca2=TZ].translations.zho.common
Expected: Ã¥ï¿½Â¦Ã¦Â¡â€˜Ã¥Â°Â¼Ã¤ÂºÅ¡
     got: å�¦æ¡‘å°¼äºš
 ; [cca2=TZ].translations.zho.official
Expected: Ã¥ï¿½Â¦Ã¦Â¡â€˜Ã¥Â°Â¼Ã¤ÂºÅ¡Ã¨ï¿½â€�Ã¥ï¿½Ë†Ã¥â€¦Â±Ã¥â€™Å’Ã¥â€ºÂ½
     got: å�¦æ¡‘å°¼äºšè�”å�ˆå…±å’Œå›½
 ; [cca2=DJ].altSpellings[]
Expected: RÃƒÂ©publique de Djibouti
     but none found
 ; [cca2=DJ].altSpellings[]
Unexpected: RÃ©publique de Djibouti
 ; [cca2=DJ].flag
Expected: Ã°Å¸â€¡Â©Ã°Å¸â€¡Â¯
     got: ðŸ‡©ðŸ‡¯
 ; [cca2=DJ].name.nativeName.ara.common
Expected: Ã˜Â¬Ã™Å Ã˜Â¨Ã™Ë†Ã˜ÂªÃ™Å Ã¢â‚¬Å½
     got: Ø¬ÙŠØ¨ÙˆØªÙŠâ€Ž
 ; [cca2=DJ].name.nativeName.ara.official
Expected: Ã˜Â¬Ã™â€¦Ã™â€¡Ã™Ë†Ã˜Â±Ã™Å Ã˜Â© Ã˜Â¬Ã™Å Ã˜Â¨Ã™Ë†Ã˜ÂªÃ™Å 
     got: Ø¬Ù…Ù‡ÙˆØ±ÙŠØ© Ø¬ÙŠØ¨ÙˆØªÙŠ
 ; [cca2=DJ].name.nativeName.fra.official
Expected: RÃƒÂ©publique de Djibouti
     got: RÃ©publique de Djibouti
 ; [cca2=DJ].translations.ara.common
Expected: Ã˜Â¬Ã™Å Ã˜Â¨Ã™Ë†Ã˜ÂªÃ™Å 
     got: Ø¬ÙŠØ¨ÙˆØªÙŠ
 ; [cca2=DJ].translations.ara.official
Expected: Ã˜Â¬Ã™â€¦Ã™â€¡Ã™Ë†Ã˜Â±Ã™Å Ã˜Â© Ã˜Â¬Ã™Å Ã˜Â¨Ã™Ë†Ã˜ÂªÃ™Å 
     got: Ø¬Ù…Ù‡ÙˆØ±ÙŠØ© Ø¬ÙŠØ¨ÙˆØªÙŠ
 ; [cca2=DJ].translations.ces.common
Expected: DÃ…Â¾ibutsko
     got: DÅ¾ibutsko
 ; [cca2=DJ].translations.ces.official
Expected: DÃ…Â¾ibutskÃƒÂ¡ republika
     got: DÅ¾ibutskÃ¡ republika
 ; [cca2=DJ].translations.fra.official
Expected: RÃƒÂ©publique de Djibouti
     got: RÃ©publique de Djibouti
 ; [cca2=DJ].translations.hrv.common
Expected: DÃ…Â¾ibuti
     got: DÅ¾ibuti
 ; [cca2=DJ].translations.hrv.official
Expected: Republika DÃ…Â¾ibuti
     got: Republika DÅ¾ibuti
 ; [cca2=DJ].translations.hun.official
Expected: Dzsibuti KÃƒÂ¶ztÃƒÂ¡rsasÃƒÂ¡g
     got: Dzsibuti KÃ¶ztÃ¡rsasÃ¡g
 ; [cca2=DJ].translations.jpn.common
Expected: Ã£â€šÂ¸Ã£Æ’â€“Ã£Æ’ï¿½
     got: ã‚¸ãƒ–ãƒ�
 ; [cca2=DJ].translations.jpn.official
Expected: Ã£â€šÂ¸Ã£Æ’â€“Ã£Æ’ï¿½Ã¥â€¦Â±Ã¥â€™Å’Ã¥â€ºÂ½
     got: ã‚¸ãƒ–ãƒ�å…±å’Œå›½
 ; [cca2=DJ].translations.kor.common
Expected: Ã¬Â§â‚¬Ã«Â¶â‚¬Ã­â€¹Â°
     got: ì§€ë¶€í‹°
 ; [cca2=DJ].translations.kor.official
Expected: Ã¬Â§â‚¬Ã«Â¶â‚¬Ã­â€¹Â° ÃªÂ³ÂµÃ­â„¢â€�ÃªÂµÂ­
     got: ì§€ë¶€í‹° ê³µí™”êµ­
 ; [cca2=DJ].translations.per.common
Expected: Ã˜Â¬Ã›Å’Ã˜Â¨Ã™Ë†Ã˜ÂªÃ›Å’
     got: Ø¬ÛŒØ¨ÙˆØªÛŒ
 ; [cca2=DJ].translations.per.official
Expected: Ã˜Â¬Ã™â€¦Ã™â€¡Ã™Ë†Ã˜Â±Ã›Å’ Ã˜Â¬Ã›Å’Ã˜Â¨Ã™Ë†Ã˜ÂªÃ›Å’
     got: Ø¬Ù…Ù‡ÙˆØ±ÛŒ Ø¬ÛŒØ¨ÙˆØªÛŒ
 ; [cca2=DJ].translations.pol.common
Expected: DÃ…Â¼ibuti
     got: DÅ¼ibuti
 ; [cca2=DJ].translations.pol.official
Expected: Republika DÃ…Â¼ibuti
     got: Republika DÅ¼ibuti
 ; [cca2=DJ].translations.por.official
Expected: RepÃƒÂºblica do Djibouti
     got: RepÃºblica do Djibouti
 ; [cca2=DJ].translations.rus.common
Expected: Ã�â€�Ã�Â¶Ã�Â¸Ã�Â±Ã‘Æ’Ã‘â€šÃ�Â¸
     got: Ð”Ð¶Ð¸Ð±ÑƒÑ‚Ð¸
 ; [cca2=DJ].translations.rus.official
Expected: Ã�Â Ã�ÂµÃ‘ï¿½Ã�Â¿Ã‘Æ’Ã�Â±Ã�Â»Ã�Â¸Ã�ÂºÃ�Â° Ã�â€�Ã�Â¶Ã�Â¸Ã�Â±Ã‘Æ’Ã‘â€šÃ�Â¸
     got: Ð ÐµÑ�Ð¿ÑƒÐ±Ð»Ð¸ÐºÐ° Ð”Ð¶Ð¸Ð±ÑƒÑ‚Ð¸
 ; [cca2=DJ].translations.slk.common
Expected: Ã‡â€¦ibutsko
     got: Ç…ibutsko
 ; [cca2=DJ].translations.slk.official
Expected: Ã‡â€¦ibutskÃƒÂ¡ republika
     got: Ç…ibutskÃ¡ republika
 ; [cca2=DJ].translations.spa.official
Expected: RepÃƒÂºblica de Djibouti
     got: RepÃºblica de Djibouti
 ; [cca2=DJ].translations.srp.common
Expected: Ã�ï¿½Ã�Â¸Ã�Â±Ã‘Æ’Ã‘â€šÃ�Â¸
     got: Ð�Ð¸Ð±ÑƒÑ‚Ð¸
 ; [cca2=DJ].translations.srp.official
Expected: Ã�Â Ã�ÂµÃ�Â¿Ã‘Æ’Ã�Â±Ã�Â»Ã�Â¸Ã�ÂºÃ�Â° Ã�ï¿½Ã�Â¸Ã�Â±Ã‘Æ’Ã‘â€šÃ�Â¸
     got: Ð ÐµÐ¿ÑƒÐ±Ð»Ð¸ÐºÐ° Ð�Ð¸Ð±ÑƒÑ‚Ð¸
 ; [cca2=DJ].translations.urd.common
Expected: Ã˜Â¬Ã˜Â¨Ã™Ë†Ã˜ÂªÃ›Å’
     got: Ø¬Ø¨ÙˆØªÛŒ
 ; [cca2=DJ].translations.urd.official
Expected: Ã˜Â¬Ã™â€¦Ã›ï¿½Ã™Ë†Ã˜Â±Ã›Å’Ã›ï¿½ Ã˜Â¬Ã˜Â¨Ã™Ë†Ã˜ÂªÃ›Å’
     got: Ø¬Ù…Û�ÙˆØ±ÛŒÛ� Ø¬Ø¨ÙˆØªÛŒ
 ; [cca2=DJ].translations.zho.common
Expected: Ã¥ï¿½â€°Ã¥Â¸Æ’Ã¦ï¿½ï¿½
     got: å�‰å¸ƒæ��
 ; [cca2=DJ].translations.zho.official
Expected: Ã¥ï¿½â€°Ã¥Â¸Æ’Ã¦ï¿½ï¿½Ã¥â€¦Â±Ã¥â€™Å’Ã¥â€ºÂ½
     got: å�‰å¸ƒæ��å…±å’Œå›½
 ; [cca2=DK].flag
Expected: Ã°Å¸â€¡Â©Ã°Å¸â€¡Â°
     got: ðŸ‡©ðŸ‡°
 ; [cca2=DK].translations.ara.common
Expected: Ã˜Â§Ã™â€žÃ˜Â¯Ã™â€ Ã™â€¦Ã˜Â§Ã˜Â±Ã™Æ’
     got: Ø§Ù„Ø¯Ù†Ù…Ø§Ø±Ùƒ
 ; [cca2=DK].translations.ara.official
Expected: Ã™â€¦Ã™â€¦Ã™â€žÃ™Æ’Ã˜Â© Ã˜Â§Ã™â€žÃ˜Â¯Ã™â€ Ã™â€¦Ã˜Â§Ã˜Â±Ã™Æ’
     got: Ù…Ù…Ù„ÙƒØ© Ø§Ù„Ø¯Ù†Ù…Ø§Ø±Ùƒ
 ; [cca2=DK].translations.ces.common
Expected: DÃƒÂ¡nsko
     got: DÃ¡nsko
 ; [cca2=DK].translations.ces.official
Expected: DÃƒÂ¡nskÃƒÂ© krÃƒÂ¡lovstvÃƒÂ­
     got: DÃ¡nskÃ© krÃ¡lovstvÃ­
 ; [cca2=DK].translations.deu.common
Expected: DÃƒÂ¤nemark
     got: DÃ¤nemark
 ; [cca2=DK].translations.deu.official
Expected: KÃƒÂ¶nigreich DÃƒÂ¤nemark
     got: KÃ¶nigreich DÃ¤nemark
 ; [cca2=DK].translations.hun.common
Expected: DÃƒÂ¡nia
     got: DÃ¡nia
 ; [cca2=DK].translations.hun.official
Expected: DÃƒÂ¡n KirÃƒÂ¡lysÃƒÂ¡g
     got: DÃ¡n KirÃ¡lysÃ¡g
 ; [cca2=DK].translations.jpn.common
Expected: Ã£Æ’â€¡Ã£Æ’Â³Ã£Æ’Å¾Ã£Æ’Â¼Ã£â€šÂ¯
     got: ãƒ‡ãƒ³ãƒžãƒ¼ã‚¯
 ; [cca2=DK].translations.jpn.official
Expected: Ã£Æ’â€¡Ã£Æ’Â³Ã£Æ’Å¾Ã£Æ’Â¼Ã£â€šÂ¯Ã§Å½â€¹Ã¥â€ºÂ½
     got: ãƒ‡ãƒ³ãƒžãƒ¼ã‚¯çŽ‹å›½
 ; [cca2=DK].translations.kor.common
Expected: Ã«ï¿½Â´Ã«Â§Ë†Ã­ï¿½Â¬
     got: ë�´ë§ˆí�¬
 ; [cca2=DK].translations.kor.official
Expected: Ã«ï¿½Â´Ã«Â§Ë†Ã­ï¿½Â¬ Ã¬â„¢â€¢ÃªÂµÂ­
     got: ë�´ë§ˆí�¬ ì™•êµ­
 ; [cca2=DK].translations.per.common
Expected: Ã˜Â¯Ã˜Â§Ã™â€ Ã™â€¦Ã˜Â§Ã˜Â±ÃšÂ©
     got: Ø¯Ø§Ù†Ù…Ø§Ø±Ú©
 ; [cca2=DK].translations.per.official
Expected: Ã™Â¾Ã˜Â§Ã˜Â¯Ã˜Â´Ã˜Â§Ã™â€¡Ã›Å’ Ã˜Â¯Ã˜Â§Ã™â€ Ã™â€¦Ã˜Â§Ã˜Â±ÃšÂ©
     got: Ù¾Ø§Ø¯Ø´Ø§Ù‡ÛŒ Ø¯Ø§Ù†Ù…Ø§Ø±Ú©
 ; [cca2=DK].translations.pol.official
Expected: KrÃƒÂ³lestwo Danii
     got: KrÃ³lestwo Danii
 ; [cca2=DK].translations.rus.common
Expected: Ã�â€�Ã�Â°Ã�Â½Ã�Â¸Ã‘ï¿½
     got: Ð”Ð°Ð½Ð¸Ñ�
 ; [cca2=DK].translations.rus.official
Expected: Ã�Å¡Ã�Â¾Ã‘â‚¬Ã�Â¾Ã�Â»Ã�ÂµÃ�Â²Ã‘ï¿½Ã‘â€šÃ�Â²Ã�Â¾ Ã�â€�Ã�Â°Ã�Â½Ã�Â¸Ã‘ï¿½
     got: ÐšÐ¾Ñ€Ð¾Ð»ÐµÐ²Ñ�Ñ‚Ð²Ð¾ Ð”Ð°Ð½Ð¸Ñ�
 ; [cca2=DK].translations.slk.common
Expected: DÃƒÂ¡nsko
     got: DÃ¡nsko
 ; [cca2=DK].translations.slk.official
Expected: DÃƒÂ¡nske krÃƒÂ¡Ã„Â¾ovstvo
     got: DÃ¡nske krÃ¡Ä¾ovstvo
 ; [cca2=DK].translations.srp.common
Expected: Ã�â€�Ã�Â°Ã�Â½Ã‘ï¿½Ã�ÂºÃ�Â°
     got: Ð”Ð°Ð½Ñ�ÐºÐ°
 ; [cca2=DK].translations.srp.official
Expected: Ã�Å¡Ã‘â‚¬Ã�Â°Ã‘â„¢Ã�ÂµÃ�Â²Ã�Â¸Ã�Â½Ã�Â° Ã�â€�Ã�Â°Ã�Â½Ã‘ï¿½Ã�ÂºÃ�Â°
     got: ÐšÑ€Ð°Ñ™ÐµÐ²Ð¸Ð½Ð° Ð”Ð°Ð½Ñ�ÐºÐ°
 ; [cca2=DK].translations.tur.official
Expected: Danimarka KrallÃ„Â±Ã„Å¸Ã„Â±
     got: Danimarka KrallÄ±ÄŸÄ±
 ; [cca2=DK].translations.urd.common
Expected: ÃšË†Ã™â€ Ã™â€¦Ã˜Â§Ã˜Â±ÃšÂ©
     got: ÚˆÙ†Ù…Ø§Ø±Ú©
 ; [cca2=DK].translations.urd.official
Expected: Ã™â€¦Ã™â€¦Ã™â€žÃšÂ©Ã˜ÂªÃ™ï¿½ ÃšË†Ã™â€ Ã™â€¦Ã˜Â§Ã˜Â±ÃšÂ©
     got: Ù…Ù…Ù„Ú©ØªÙ� ÚˆÙ†Ù…Ø§Ø±Ú©
 ; [cca2=DK].translations.zho.common
Expected: Ã¤Â¸Â¹Ã©ÂºÂ¦
     got: ä¸¹éº¦
 ; [cca2=DK].translations.zho.official
Expected: Ã¤Â¸Â¹Ã©ÂºÂ¦Ã§Å½â€¹Ã¥â€ºÂ½
     got: ä¸¹éº¦çŽ‹å›½
 ; [cca2=DM].altSpellings[]
Expected: WaiÃ¢â‚¬Ëœtu kubuli
     but none found
 ; [cca2=DM].altSpellings[]
Unexpected: Waiâ€˜tu kubuli
 ; [cca2=DM].flag
Expected: Ã°Å¸â€¡Â©Ã°Å¸â€¡Â²
     got: ðŸ‡©ðŸ‡²
 ; [cca2=DM].translations.ara.common
Expected: Ã˜Â¯Ã™Ë†Ã™â€¦Ã™Å Ã™â€ Ã™Å Ã™Æ’Ã˜Â§
     got: Ø¯ÙˆÙ…ÙŠÙ†ÙŠÙƒØ§
 ; [cca2=DM].translations.ara.official
Expected: Ã™Æ’Ã™Ë†Ã™â€¦Ã™Ë†Ã™â€ Ã™Ë†Ã™â€žÃ˜Â« Ã˜Â¯Ã™Ë†Ã™â€¦Ã™Å Ã™â€ Ã™Å Ã™Æ’Ã˜Â§
     got: ÙƒÙˆÙ…ÙˆÙ†ÙˆÙ„Ø« Ø¯ÙˆÙ…ÙŠÙ†ÙŠÙƒØ§
 ; [cca2=DM].translations.ces.official
Expected: DominikÃƒÂ¡nskÃƒÂ© spoleÃ„ï¿½enstvÃƒÂ­
     got: DominikÃ¡nskÃ© spoleÄ�enstvÃ­
 ; [cca2=DM].translations.est.official
Expected: Dominica ÃƒÅ“hendus
     got: Dominica Ãœhendus
 ; [cca2=DM].translations.hun.common
Expected: Dominikai KÃƒÂ¶zÃƒÂ¶ssÃƒÂ©g
     got: Dominikai KÃ¶zÃ¶ssÃ©g
 ; [cca2=DM].translations.hun.official
Expected: Dominikai KÃƒÂ¶zÃƒÂ¶ssÃƒÂ©g
     got: Dominikai KÃ¶zÃ¶ssÃ©g
 ; [cca2=DM].translations.jpn.common
Expected: Ã£Æ’â€°Ã£Æ’Å¸Ã£Æ’â€¹Ã£â€šÂ«Ã¥â€ºÂ½
     got: ãƒ‰ãƒŸãƒ‹ã‚«å›½
 ; [cca2=DM].translations.jpn.official
Expected: Ã£Æ’â€°Ã£Æ’Å¸Ã£Æ’â€¹Ã£â€šÂ«Ã¥â€ºÂ½
     got: ãƒ‰ãƒŸãƒ‹ã‚«å›½
 ; [cca2=DM].translations.kor.common
Expected: Ã«ï¿½â€žÃ«Â¯Â¸Ã«â€¹Ë†Ã¬Â¹Â´ ÃªÂ³ÂµÃ­â„¢â€�ÃªÂµÂ­
     got: ë�„ë¯¸ë‹ˆì¹´ ê³µí™”êµ­
 ; [cca2=DM].translations.kor.official
Expected: Ã«ï¿½â€žÃ«Â¯Â¸Ã«â€¹Ë†Ã¬Â¹Â´ ÃªÂ³ÂµÃ­â„¢â€�ÃªÂµÂ­
     got: ë�„ë¯¸ë‹ˆì¹´ ê³µí™”êµ­
 ; [cca2=DM].translations.per.common
Expected: Ã˜Â¯Ã™Ë†Ã™â€¦Ã›Å’Ã™â€ Ã›Å’ÃšÂ©Ã˜Â§
     got: Ø¯ÙˆÙ…ÛŒÙ†ÛŒÚ©Ø§
 ; [cca2=DM].translations.per.official
Expected: Ã™â€šÃ™â€žÃ™â€¦Ã˜Â±Ã™Ë† Ã™â€¡Ã™â€¦Ã˜Â³Ã™Ë†Ã˜Â¯ Ã˜Â¯Ã™Ë†Ã™â€¦Ã›Å’Ã™â€ Ã›Å’ÃšÂ©Ã˜Â§
     got: Ù‚Ù„Ù…Ø±Ùˆ Ù‡Ù…Ø³ÙˆØ¯ Ø¯ÙˆÙ…ÛŒÙ†ÛŒÚ©Ø§
 ; [cca2=DM].translations.pol.official
Expected: WspÃƒÂ³lnota Dominiki
     got: WspÃ³lnota Dominiki
 ; [cca2=DM].translations.rus.common
Expected: Ã�â€�Ã�Â¾Ã�Â¼Ã�Â¸Ã�Â½Ã�Â¸Ã�ÂºÃ�Â°
     got: Ð”Ð¾Ð¼Ð¸Ð½Ð¸ÐºÐ°
 ; [cca2=DM].translations.rus.official
Expected: Ã�Â¡Ã�Â¾Ã�Â´Ã‘â‚¬Ã‘Æ’Ã�Â¶Ã�ÂµÃ‘ï¿½Ã‘â€šÃ�Â²Ã�Â¾ Ã�â€�Ã�Â¾Ã�Â¼Ã�Â¸Ã�Â½Ã�Â¸Ã�ÂºÃ�Â¸
     got: Ð¡Ð¾Ð´Ñ€ÑƒÐ¶ÐµÑ�Ñ‚Ð²Ð¾ Ð”Ð¾Ð¼Ð¸Ð½Ð¸ÐºÐ¸
 ; [cca2=DM].translations.slk.official
Expected: DominickÃƒÂ© spoloÃ„ï¿½enstvo
     got: DominickÃ© spoloÄ�enstvo
 ; [cca2=DM].translations.srp.common
Expected: Ã�â€�Ã�Â¾Ã�Â¼Ã�Â¸Ã�Â½Ã�Â¸Ã�ÂºÃ�Â°
     got: Ð”Ð¾Ð¼Ð¸Ð½Ð¸ÐºÐ°
 ; [cca2=DM].translations.srp.official
Expected: Ã�Å¡Ã�Â¾Ã�Â¼Ã�Â¾Ã�Â½Ã�Â²Ã�ÂµÃ�Â»Ã‘â€š Ã�â€�Ã�Â¾Ã�Â¼Ã�Â¸Ã�Â½Ã�Â¸Ã�ÂºÃ�Â°
     got: ÐšÐ¾Ð¼Ð¾Ð½Ð²ÐµÐ»Ñ‚ Ð”Ð¾Ð¼Ð¸Ð½Ð¸ÐºÐ°
 ; [cca2=DM].translations.swe.official
Expected: SamvÃƒÂ¤ldet Dominica
     got: SamvÃ¤ldet Dominica
 ; [cca2=DM].translations.tur.official
Expected: Dominika TopluluÃ„Å¸u
     got: Dominika TopluluÄŸu
 ; [cca2=DM].translations.urd.common
Expected: ÃšË†Ã™Ë†Ã™â€¦Ã›Å’Ã™â€ Ã›Å’ÃšÂ©Ã˜Â§
     got: ÚˆÙˆÙ…ÛŒÙ†ÛŒÚ©Ø§
 ; [cca2=DM].translations.urd.official
Expected: Ã˜Â¯Ã™Ë†Ã™â€žÃ˜ÂªÃ™ï¿½ Ã™â€¦Ã˜Â´Ã˜ÂªÃ˜Â±ÃšÂ©Ã›ï¿½ ÃšË†Ã™Ë†Ã™â€¦Ã›Å’Ã™â€ Ã›Å’ÃšÂ©Ã˜Â§
     got: Ø¯ÙˆÙ„ØªÙ� Ù…Ø´ØªØ±Ú©Û� ÚˆÙˆÙ…ÛŒÙ†ÛŒÚ©Ø§
 ; [cca2=DM].translations.zho.common
Expected: Ã¥Â¤Å¡Ã§Â±Â³Ã¥Â°Â¼Ã¥Å Â 
     got: å¤šç±³å°¼åŠ 
 ; [cca2=DM].translations.zho.official
Expected: Ã¥Â¤Å¡Ã§Â±Â³Ã¥Â°Â¼Ã¥Å Â Ã¥â€¦Â±Ã¥â€™Å’Ã¥â€ºÂ½
     got: å¤šç±³å°¼åŠ å…±å’Œå›½
 ; [cca2=DO].flag
Expected: Ã°Å¸â€¡Â©Ã°Å¸â€¡Â´
     got: ðŸ‡©ðŸ‡´
 ; [cca2=DO].name.nativeName.spa.common
Expected: RepÃƒÂºblica Dominicana
     got: RepÃºblica Dominicana
 ; [cca2=DO].name.nativeName.spa.official
Expected: RepÃƒÂºblica Dominicana
     got: RepÃºblica Dominicana
 ; [cca2=DO].translations.ara.common
Expected: Ã˜Â¬Ã™â€¦Ã™â€¡Ã™Ë†Ã˜Â±Ã™Å Ã˜Â© Ã˜Â§Ã™â€žÃ˜Â¯Ã™Ë†Ã™â€¦Ã™Å Ã™â€ Ã™Å Ã™Æ’Ã˜Â§Ã™â€ 
     got: Ø¬Ù…Ù‡ÙˆØ±ÙŠØ© Ø§Ù„Ø¯ÙˆÙ…ÙŠÙ†ÙŠÙƒØ§Ù†
 ; [cca2=DO].translations.ara.official
Expected: Ã˜Â¬Ã™â€¦Ã™â€¡Ã™Ë†Ã˜Â±Ã™Å Ã˜Â© Ã˜Â§Ã™â€žÃ˜Â¯Ã™Ë†Ã™â€¦Ã™Å Ã™â€ Ã™Å Ã™Æ’Ã˜Â§Ã™â€ 
     got: Ø¬Ù…Ù‡ÙˆØ±ÙŠØ© Ø§Ù„Ø¯ÙˆÙ…ÙŠÙ†ÙŠÙƒØ§Ù†
 ; [cca2=DO].translations.ces.common
Expected: DominikÃƒÂ¡nskÃƒÂ¡ republika
     got: DominikÃ¡nskÃ¡ republika
 ; [cca2=DO].translations.ces.official
Expected: DominikÃƒÂ¡nskÃƒÂ¡ republika
     got: DominikÃ¡nskÃ¡ republika
 ; [cca2=DO].translations.fra.common
Expected: RÃƒÂ©publique dominicaine
     got: RÃ©publique dominicaine
 ; [cca2=DO].translations.fra.official
Expected: RÃƒÂ©publique Dominicaine
     got: RÃ©publique Dominicaine
 ; [cca2=DO].translations.hun.common
Expected: Dominikai KÃƒÂ¶ztÃƒÂ¡rsasÃƒÂ¡g
     got: Dominikai KÃ¶ztÃ¡rsasÃ¡g
 ; [cca2=DO].translations.hun.official
Expected: Dominikai KÃƒÂ¶ztÃƒÂ¡rsasÃƒÂ¡g
     got: Dominikai KÃ¶ztÃ¡rsasÃ¡g
 ; [cca2=DO].translations.jpn.common
Expected: Ã£Æ’â€°Ã£Æ’Å¸Ã£Æ’â€¹Ã£â€šÂ«Ã¥â€¦Â±Ã¥â€™Å’Ã¥â€ºÂ½
     got: ãƒ‰ãƒŸãƒ‹ã‚«å…±å’Œå›½
 ; [cca2=DO].translations.jpn.official
Expected: Ã£Æ’â€°Ã£Æ’Å¸Ã£Æ’â€¹Ã£â€šÂ«Ã¥â€¦Â±Ã¥â€™Å’Ã¥â€ºÂ½
     got: ãƒ‰ãƒŸãƒ‹ã‚«å…±å’Œå›½
 ; [cca2=DO].translations.kor.common
Expected: Ã«ï¿½â€žÃ«Â¯Â¸Ã«â€¹Ë†Ã¬Â¹Â´ ÃªÂ³ÂµÃ­â„¢â€�ÃªÂµÂ­
     got: ë�„ë¯¸ë‹ˆì¹´ ê³µí™”êµ­
 ; [cca2=DO].translations.kor.official
Expected: Ã«ï¿½â€žÃ«Â¯Â¸Ã«â€¹Ë†Ã¬Â¹Â´ ÃªÂ³ÂµÃ­â„¢â€�ÃªÂµÂ­
     got: ë�„ë¯¸ë‹ˆì¹´ ê³µí™”êµ­
 ; [cca2=DO].translations.per.common
Expected: Ã˜Â¬Ã™â€¦Ã™â€¡Ã™Ë†Ã˜Â±Ã›Å’ Ã˜Â¯Ã™Ë†Ã™â€¦Ã›Å’Ã™â€ Ã›Å’ÃšÂ©Ã™â€ 
     got: Ø¬Ù…Ù‡ÙˆØ±ÛŒ Ø¯ÙˆÙ…ÛŒÙ†ÛŒÚ©Ù†
 ; [cca2=DO].translations.per.official
Expected: Ã˜Â¬Ã™â€¦Ã™â€¡Ã™Ë†Ã˜Â±Ã›Å’ Ã˜Â¯Ã™Ë†Ã™â€¦Ã›Å’Ã™â€ Ã›Å’ÃšÂ©Ã™â€ 
     got: Ø¬Ù…Ù‡ÙˆØ±ÛŒ Ø¯ÙˆÙ…ÛŒÙ†ÛŒÚ©Ù†
 ; [cca2=DO].translations.pol.official
Expected: Republika DominikaÃ…â€žska
     got: Republika DominikaÅ„ska
 ; [cca2=DO].translations.por.common
Expected: RepÃƒÂºblica Dominicana
     got: RepÃºblica Dominicana
 ; [cca2=DO].translations.por.official
Expected: RepÃƒÂºblica Dominicana
     got: RepÃºblica Dominicana
 ; [cca2=DO].translations.rus.common
Expected: Ã�â€�Ã�Â¾Ã�Â¼Ã�Â¸Ã�Â½Ã�Â¸Ã�ÂºÃ�Â°Ã�Â½Ã‘ï¿½Ã�ÂºÃ�Â°Ã‘ï¿½ Ã�Â Ã�ÂµÃ‘ï¿½Ã�Â¿Ã‘Æ’Ã�Â±Ã�Â»Ã�Â¸Ã�ÂºÃ�Â°
     got: Ð”Ð¾Ð¼Ð¸Ð½Ð¸ÐºÐ°Ð½Ñ�ÐºÐ°Ñ� Ð ÐµÑ�Ð¿ÑƒÐ±Ð»Ð¸ÐºÐ°
 ; [cca2=DO].translations.rus.official
Expected: Ã�â€�Ã�Â¾Ã�Â¼Ã�Â¸Ã�Â½Ã�Â¸Ã�ÂºÃ�Â°Ã�Â½Ã‘ï¿½Ã�ÂºÃ�Â°Ã‘ï¿½ Ã�Â Ã�ÂµÃ‘ï¿½Ã�Â¿Ã‘Æ’Ã�Â±Ã�Â»Ã�Â¸Ã�ÂºÃ�Â°
     got: Ð”Ð¾Ð¼Ð¸Ð½Ð¸ÐºÐ°Ð½Ñ�ÐºÐ°Ñ� Ð ÐµÑ�Ð¿ÑƒÐ±Ð»Ð¸ÐºÐ°
 ; [cca2=DO].translations.slk.common
Expected: DominikÃƒÂ¡nska republika
     got: DominikÃ¡nska republika
 ; [cca2=DO].translations.slk.official
Expected: DominikÃƒÂ¡nska republika
     got: DominikÃ¡nska republika
 ; [cca2=DO].translations.spa.common
Expected: RepÃƒÂºblica Dominicana
     got: RepÃºblica Dominicana
 ; [cca2=DO].translations.spa.official
Expected: RepÃƒÂºblica Dominicana
     got: RepÃºblica Dominicana
 ; [cca2=DO].translations.srp.common
Expected: Ã�â€�Ã�Â¾Ã�Â¼Ã�Â¸Ã�Â½Ã�Â¸Ã�ÂºÃ�Â°Ã�Â½Ã�Â°
     got: Ð”Ð¾Ð¼Ð¸Ð½Ð¸ÐºÐ°Ð½Ð°
 ; [cca2=DO].translations.srp.official
Expected: Ã�â€�Ã�Â¾Ã�Â¼Ã�Â¸Ã�Â½Ã�Â¸Ã�ÂºÃ�Â°Ã�Â½Ã‘ï¿½Ã�ÂºÃ�Â° Ã�Â Ã�ÂµÃ�Â¿Ã‘Æ’Ã�Â±Ã�Â»Ã�Â¸Ã�ÂºÃ�Â°
     got: Ð”Ð¾Ð¼Ð¸Ð½Ð¸ÐºÐ°Ð½Ñ�ÐºÐ° Ð ÐµÐ¿ÑƒÐ±Ð»Ð¸ÐºÐ°
 ; [cca2=DO].translations.urd.common
Expected: ÃšË†Ã™Ë†Ã™â€¦Ã›Å’Ã™â€ Ã›Å’ÃšÂ©Ã™â€ 
     got: ÚˆÙˆÙ…ÛŒÙ†ÛŒÚ©Ù†
 ; [cca2=DO].translations.urd.official
Expected: Ã˜Â¬Ã™â€¦Ã›ï¿½Ã™Ë†Ã˜Â±Ã›Å’Ã›ï¿½ ÃšË†Ã™Ë†Ã™â€¦Ã›Å’Ã™â€ Ã›Å’ÃšÂ©Ã™â€ 
     got: Ø¬Ù…Û�ÙˆØ±ÛŒÛ� ÚˆÙˆÙ…ÛŒÙ†ÛŒÚ©Ù†
 ; [cca2=DO].translations.zho.common
Expected: Ã¥Â¤Å¡Ã¦ËœÅ½Ã¥Â°Â¼Ã¥Å Â 
     got: å¤šæ˜Žå°¼åŠ 
 ; [cca2=DO].translations.zho.official
Expected: Ã¥Â¤Å¡Ã¦ËœÅ½Ã¥Â°Â¼Ã¥Å Â Ã¥â€¦Â±Ã¥â€™Å’Ã¥â€ºÂ½
     got: å¤šæ˜Žå°¼åŠ å…±å’Œå›½
 ; [cca2=UA].currencies.UAH.symbol
Expected: Ã¢â€šÂ´
     got: â‚´
 ; [cca2=UA].flag
Expected: Ã°Å¸â€¡ÂºÃ°Å¸â€¡Â¦
     got: ðŸ‡ºðŸ‡¦
 ; [cca2=UA].name.nativeName.ukr.common
Expected: Ã�Â£Ã�ÂºÃ‘â‚¬Ã�Â°Ã‘â€”Ã�Â½Ã�Â°
     got: Ð£ÐºÑ€Ð°Ñ—Ð½Ð°
 ; [cca2=UA].name.nativeName.ukr.official
Expected: Ã�Â£Ã�ÂºÃ‘â‚¬Ã�Â°Ã‘â€”Ã�Â½Ã�Â°
     got: Ð£ÐºÑ€Ð°Ñ—Ð½Ð°
 ; [cca2=UA].tld[]
Expected: .Ã‘Æ’Ã�ÂºÃ‘â‚¬
     but none found
 ; [cca2=UA].tld[]
Unexpected: .ÑƒÐºÑ€
 ; [cca2=UA].translations.ara.common
Expected: Ã˜Â£Ã™Ë†Ã™Æ’Ã˜Â±Ã˜Â§Ã™â€ Ã™Å Ã˜Â§
     got: Ø£ÙˆÙƒØ±Ø§Ù†ÙŠØ§
 ; [cca2=UA].translations.ara.official
Expected: Ã˜Â£Ã™Ë†Ã™Æ’Ã˜Â±Ã˜Â§Ã™â€ Ã™Å Ã˜Â§
     got: Ø£ÙˆÙƒØ±Ø§Ù†ÙŠØ§
 ; [cca2=UA].translations.jpn.common
Expected: Ã£â€šÂ¦Ã£â€šÂ¯Ã£Æ’Â©Ã£â€šÂ¤Ã£Æ’Å 
     got: ã‚¦ã‚¯ãƒ©ã‚¤ãƒŠ
 ; [cca2=UA].translations.jpn.official
Expected: Ã£â€šÂ¦Ã£â€šÂ¯Ã£Æ’Â©Ã£â€šÂ¤Ã£Æ’Å 
     got: ã‚¦ã‚¯ãƒ©ã‚¤ãƒŠ
 ; [cca2=UA].translations.kor.common
Expected: Ã¬Å¡Â°Ã­ï¿½Â¬Ã«ï¿½Â¼Ã¬ï¿½Â´Ã«â€šËœ
     got: ìš°í�¬ë�¼ì�´ë‚˜
 ; [cca2=UA].translations.kor.official
Expected: Ã¬Å¡Â°Ã­ï¿½Â¬Ã«ï¿½Â¼Ã¬ï¿½Â´Ã«â€šËœ
     got: ìš°í�¬ë�¼ì�´ë‚˜
 ; [cca2=UA].translations.nld.common
Expected: OekraÃƒÂ¯ne
     got: OekraÃ¯ne
 ; [cca2=UA].translations.nld.official
Expected: OekraÃƒÂ¯ne
     got: OekraÃ¯ne
 ; [cca2=UA].translations.per.common
Expected: Ã˜Â§Ã™Ë†ÃšÂ©Ã˜Â±Ã˜Â§Ã›Å’Ã™â€ 
     got: Ø§ÙˆÚ©Ø±Ø§ÛŒÙ†
 ; [cca2=UA].translations.per.official
Expected: Ã˜Â§Ã™Ë†ÃšÂ©Ã˜Â±Ã˜Â§Ã›Å’Ã™â€ 
     got: Ø§ÙˆÚ©Ø±Ø§ÛŒÙ†
 ; [cca2=UA].translations.por.common
Expected: UcrÃƒÂ¢nia
     got: UcrÃ¢nia
 ; [cca2=UA].translations.por.official
Expected: UcrÃƒÂ¢nia
     got: UcrÃ¢nia
 ; [cca2=UA].translations.rus.common
Expected: Ã�Â£Ã�ÂºÃ‘â‚¬Ã�Â°Ã�Â¸Ã�Â½Ã�Â°
     got: Ð£ÐºÑ€Ð°Ð¸Ð½Ð°
 ; [cca2=UA].translations.rus.official
Expected: Ã�Â£Ã�ÂºÃ‘â‚¬Ã�Â°Ã�Â¸Ã�Â½Ã�Â°
     got: Ð£ÐºÑ€Ð°Ð¸Ð½Ð°
 ; [cca2=UA].translations.srp.common
Expected: Ã�Â£Ã�ÂºÃ‘â‚¬Ã�Â°Ã‘ËœÃ�Â¸Ã�Â½Ã�Â°
     got: Ð£ÐºÑ€Ð°Ñ˜Ð¸Ð½Ð°
 ; [cca2=UA].translations.srp.official
Expected: Ã�Â£Ã�ÂºÃ‘â‚¬Ã�Â°Ã‘ËœÃ�Â¸Ã�Â½Ã�Â°
     got: Ð£ÐºÑ€Ð°Ñ˜Ð¸Ð½Ð°
 ; [cca2=UA].translations.urd.common
Expected: Ã›Å’Ã™Ë†ÃšÂ©Ã˜Â±Ã›Å’Ã™â€ 
     got: ÛŒÙˆÚ©Ø±ÛŒÙ†
 ; [cca2=UA].translations.urd.official
Expected: Ã›Å’Ã™Ë†ÃšÂ©Ã˜Â±Ã›Å’Ã™â€ 
     got: ÛŒÙˆÚ©Ø±ÛŒÙ†
 ; [cca2=UA].translations.zho.common
Expected: Ã¤Â¹Å’Ã¥â€¦â€¹Ã¥â€¦Â°
     got: ä¹Œå…‹å…°
 ; [cca2=UA].translations.zho.official
Expected: Ã¤Â¹Å’Ã¥â€¦â€¹Ã¥â€¦Â°
     got: ä¹Œå…‹å…°
 ; [cca2=UG].flag
Expected: Ã°Å¸â€¡ÂºÃ°Å¸â€¡Â¬
     got: ðŸ‡ºðŸ‡¬
 ; [cca2=UG].translations.ara.common
Expected: Ã˜Â£Ã™Ë†Ã˜ÂºÃ™â€ Ã˜Â¯Ã˜Â§
     got: Ø£ÙˆØºÙ†Ø¯Ø§
 ; [cca2=UG].translations.ara.official
Expected: Ã˜Â¬Ã™â€¦Ã™â€¡Ã™Ë†Ã˜Â±Ã™Å Ã˜Â© Ã˜Â£Ã™Ë†Ã˜ÂºÃ™â€ Ã˜Â¯Ã˜Â§
     got: Ø¬Ù…Ù‡ÙˆØ±ÙŠØ© Ø£ÙˆØºÙ†Ø¯Ø§
 ; [cca2=UG].translations.ces.official
Expected: UgandskÃƒÂ¡ republika
     got: UgandskÃ¡ republika
 ; [cca2=UG].translations.fra.official
Expected: RÃƒÂ©publique de l&apos;Ouganda
     got: RÃ©publique de l&apos;Ouganda
 ; [cca2=UG].translations.hun.official
Expected: Ugandai KÃƒÂ¶ztÃƒÂ¡rsasÃƒÂ¡g
     got: Ugandai KÃ¶ztÃ¡rsasÃ¡g
 ; [cca2=UG].translations.jpn.common
Expected: Ã£â€šÂ¦Ã£â€šÂ¬Ã£Æ’Â³Ã£Æ’â‚¬
     got: ã‚¦ã‚¬ãƒ³ãƒ€
 ; [cca2=UG].translations.jpn.official
Expected: Ã£â€šÂ¦Ã£â€šÂ¬Ã£Æ’Â³Ã£Æ’â‚¬Ã¥â€¦Â±Ã¥â€™Å’Ã¥â€ºÂ½
     got: ã‚¦ã‚¬ãƒ³ãƒ€å…±å’Œå›½
 ; [cca2=UG].translations.kor.common
Expected: Ã¬Å¡Â°ÃªÂ°â€žÃ«â€¹Â¤
     got: ìš°ê°„ë‹¤
 ; [cca2=UG].translations.kor.official
Expected: Ã¬Å¡Â°ÃªÂ°â€žÃ«â€¹Â¤ ÃªÂ³ÂµÃ­â„¢â€�ÃªÂµÂ­
     got: ìš°ê°„ë‹¤ ê³µí™”êµ­
 ; [cca2=UG].translations.per.common
Expected: Ã˜Â§Ã™Ë†ÃšÂ¯Ã˜Â§Ã™â€ Ã˜Â¯Ã˜Â§
     got: Ø§ÙˆÚ¯Ø§Ù†Ø¯Ø§
 ; [cca2=UG].translations.per.official
Expected: Ã˜Â¬Ã™â€¦Ã™â€¡Ã™Ë†Ã˜Â±Ã›Å’ Ã˜Â§Ã™Ë†ÃšÂ¯Ã˜Â§Ã™â€ Ã˜Â¯Ã˜Â§
     got: Ø¬Ù…Ù‡ÙˆØ±ÛŒ Ø§ÙˆÚ¯Ø§Ù†Ø¯Ø§
 ; [cca2=UG].translations.por.official
Expected: RepÃƒÂºblica do Uganda
     got: RepÃºblica do Uganda
 ; [cca2=UG].translations.rus.common
Expected: Ã�Â£Ã�Â³Ã�Â°Ã�Â½Ã�Â´Ã�Â°
     got: Ð£Ð³Ð°Ð½Ð´Ð°
 ; [cca2=UG].translations.rus.official
Expected: Ã�Â Ã�ÂµÃ‘ï¿½Ã�Â¿Ã‘Æ’Ã�Â±Ã�Â»Ã�Â¸Ã�ÂºÃ�Â° Ã�Â£Ã�Â³Ã�Â°Ã�Â½Ã�Â´Ã�Â°
     got: Ð ÐµÑ�Ð¿ÑƒÐ±Ð»Ð¸ÐºÐ° Ð£Ð³Ð°Ð½Ð´Ð°
 ; [cca2=UG].translations.slk.official
Expected: UgandskÃƒÂ¡ republika
     got: UgandskÃ¡ republika
 ; [cca2=UG].translations.spa.official
Expected: RepÃƒÂºblica de Uganda
     got: RepÃºblica de Uganda
 ; [cca2=UG].translations.srp.common
Expected: Ã�Â£Ã�Â³Ã�Â°Ã�Â½Ã�Â´Ã�Â°
     got: Ð£Ð³Ð°Ð½Ð´Ð°
 ; [cca2=UG].translations.srp.official
Expected: Ã�Â Ã�ÂµÃ�Â¿Ã‘Æ’Ã�Â±Ã�Â»Ã�Â¸Ã�ÂºÃ�Â° Ã�Â£Ã�Â³Ã�Â°Ã�Â½Ã�Â´Ã�Â°
     got: Ð ÐµÐ¿ÑƒÐ±Ð»Ð¸ÐºÐ° Ð£Ð³Ð°Ð½Ð´Ð°
 ; [cca2=UG].translations.urd.common
Expected: Ã›Å’Ã™Ë†ÃšÂ¯Ã™â€ ÃšË†Ã˜Â§
     got: ÛŒÙˆÚ¯Ù†ÚˆØ§
 ; [cca2=UG].translations.urd.official
Expected: Ã˜Â¬Ã™â€¦Ã›ï¿½Ã™Ë†Ã˜Â±Ã›Å’Ã›ï¿½ Ã›Å’Ã™Ë†ÃšÂ¯Ã™â€ ÃšË†Ã˜Â§
     got: Ø¬Ù…Û�ÙˆØ±ÛŒÛ� ÛŒÙˆÚ¯Ù†ÚˆØ§
 ; [cca2=UG].translations.zho.common
Expected: Ã¤Â¹Å’Ã¥Â¹Â²Ã¨Â¾Â¾
     got: ä¹Œå¹²è¾¾
 ; [cca2=UG].translations.zho.official
Expected: Ã¤Â¹Å’Ã¥Â¹Â²Ã¨Â¾Â¾Ã¥â€¦Â±Ã¥â€™Å’Ã¥â€ºÂ½
     got: ä¹Œå¹²è¾¾å…±å’Œå›½
 ; [cca2=DZ].altSpellings[]
Expected: AlgÃƒÂ©rie
     but none found
 ; [cca2=DZ].altSpellings[]
Unexpected: AlgÃ©rie
 ; [cca2=DZ].currencies.DZD.symbol
Expected: Ã˜Â¯.Ã˜Â¬
     got: Ø¯.Ø¬
 ; [cca2=DZ].demonyms.fra.f
Expected: AlgÃƒÂ©rienne
     got: AlgÃ©rienne
 ; [cca2=DZ].demonyms.fra.m
Expected: AlgÃƒÂ©rien
     got: AlgÃ©rien
 ; [cca2=DZ].flag
Expected: Ã°Å¸â€¡Â©Ã°Å¸â€¡Â¿
     got: ðŸ‡©ðŸ‡¿
 ; [cca2=DZ].name.nativeName.ara.common
Expected: Ã˜Â§Ã™â€žÃ˜Â¬Ã˜Â²Ã˜Â§Ã˜Â¦Ã˜Â±
     got: Ø§Ù„Ø¬Ø²Ø§Ø¦Ø±
 ; [cca2=DZ].name.nativeName.ara.official
Expected: Ã˜Â§Ã™â€žÃ˜Â¬Ã™â€¦Ã™â€¡Ã™Ë†Ã˜Â±Ã™Å Ã˜Â© Ã˜Â§Ã™â€žÃ˜Â¯Ã™Å Ã™â€¦Ã™â€šÃ˜Â±Ã˜Â§Ã˜Â·Ã™Å Ã˜Â© Ã˜Â§Ã™â€žÃ˜Â´Ã˜Â¹Ã˜Â¨Ã™Å Ã˜Â© Ã˜Â§Ã™â€žÃ˜Â¬Ã˜Â²Ã˜Â§Ã˜Â¦Ã˜Â±Ã™Å Ã˜Â©
     got: Ø§Ù„Ø¬Ù…Ù‡ÙˆØ±ÙŠØ© Ø§Ù„Ø¯ÙŠÙ…Ù‚Ø±Ø§Ø·ÙŠØ© Ø§Ù„Ø´Ø¹Ø¨ÙŠØ© Ø§Ù„Ø¬Ø²Ø§Ø¦Ø±ÙŠØ©
 ; [cca2=DZ].tld[]
Expected: Ã˜Â§Ã™â€žÃ˜Â¬Ã˜Â²Ã˜Â§Ã˜Â¦Ã˜Â±.
     but none found
 ; [cca2=DZ].tld[]
Unexpected: Ø§Ù„Ø¬Ø²Ø§Ø¦Ø±.
 ; [cca2=DZ].translations.ara.common
Expected: Ã˜Â§Ã™â€žÃ˜Â¬Ã˜Â²Ã˜Â§Ã˜Â¦Ã˜Â±
     got: Ø§Ù„Ø¬Ø²Ø§Ø¦Ø±
 ; [cca2=DZ].translations.ara.official
Expected: Ã˜Â§Ã™â€žÃ˜Â¬Ã™â€¦Ã™â€¡Ã™Ë†Ã˜Â±Ã™Å Ã˜Â© Ã˜Â§Ã™â€žÃ˜Â¯Ã™Å Ã™â€¦Ã™â€šÃ˜Â±Ã˜Â§Ã˜Â·Ã™Å Ã˜Â© Ã˜Â§Ã™â€žÃ˜Â´Ã˜Â¹Ã˜Â¨Ã™Å Ã˜Â© Ã˜Â§Ã™â€žÃ˜Â¬Ã˜Â²Ã˜Â§Ã˜Â¦Ã˜Â±Ã™Å Ã˜Â©
     got: Ø§Ù„Ø¬Ù…Ù‡ÙˆØ±ÙŠØ© Ø§Ù„Ø¯ÙŠÙ…Ù‚Ø±Ø§Ø·ÙŠØ© Ø§Ù„Ø´Ø¹Ø¨ÙŠØ© Ø§Ù„Ø¬Ø²Ø§Ø¦Ø±ÙŠØ©
 ; [cca2=DZ].translations.ces.common
Expected: AlÃ…Â¾ÃƒÂ­rsko
     got: AlÅ¾Ã­rsko
 ; [cca2=DZ].translations.ces.official
Expected: AlÃ…Â¾ÃƒÂ­rskÃƒÂ¡ demokratickÃƒÂ¡ a lidovÃƒÂ¡ republika
     got: AlÅ¾Ã­rskÃ¡ demokratickÃ¡ a lidovÃ¡ republika
 ; [cca2=DZ].translations.est.common
Expected: AlÃ…Â¾eeria
     got: AlÅ¾eeria
 ; [cca2=DZ].translations.est.official
Expected: AlÃ…Â¾eeria Demokraatlik Rahvavabariik
     got: AlÅ¾eeria Demokraatlik Rahvavabariik
 ; [cca2=DZ].translations.fra.common
Expected: AlgÃƒÂ©rie
     got: AlgÃ©rie
 ; [cca2=DZ].translations.fra.official
Expected: RÃƒÂ©publique dÃƒÂ©mocratique et populaire d&apos;AlgÃƒÂ©rie
     got: RÃ©publique dÃ©mocratique et populaire d&apos;AlgÃ©rie
 ; [cca2=DZ].translations.hrv.common
Expected: AlÃ…Â¾ir
     got: AlÅ¾ir
 ; [cca2=DZ].translations.hrv.official
Expected: Narodna Demokratska Republika AlÃ…Â¾ir
     got: Narodna Demokratska Republika AlÅ¾ir
 ; [cca2=DZ].translations.hun.common
Expected: AlgÃƒÂ©ria
     got: AlgÃ©ria
 ; [cca2=DZ].translations.hun.official
Expected: AlgÃƒÂ©riai NÃƒÂ©pi Demokratikus KÃƒÂ¶ztÃƒÂ¡rsasÃƒÂ¡g
     got: AlgÃ©riai NÃ©pi Demokratikus KÃ¶ztÃ¡rsasÃ¡g
 ; [cca2=DZ].translations.jpn.common
Expected: Ã£â€šÂ¢Ã£Æ’Â«Ã£â€šÂ¸Ã£â€šÂ§Ã£Æ’ÂªÃ£â€šÂ¢
     got: ã‚¢ãƒ«ã‚¸ã‚§ãƒªã‚¢
 ; [cca2=DZ].translations.jpn.official
Expected: Ã£â€šÂ¢Ã£Æ’Â«Ã£â€šÂ¸Ã£â€šÂ§Ã£Æ’ÂªÃ£â€šÂ¢Ã¤ÂºÂºÃ¦Â°â€˜Ã¦Â°â€˜Ã¤Â¸Â»Ã¥â€¦Â±Ã¥â€™Å’Ã¥â€ºÂ½
     got: ã‚¢ãƒ«ã‚¸ã‚§ãƒªã‚¢äººæ°‘æ°‘ä¸»å…±å’Œå›½
 ; [cca2=DZ].translations.kor.common
Expected: Ã¬â€¢Å’Ã¬Â Å“Ã«Â¦Â¬
     got: ì•Œì œë¦¬
 ; [cca2=DZ].translations.kor.official
Expected: Ã¬â€¢Å’Ã¬Â Å“Ã«Â¦Â¬ Ã¬ï¿½Â¸Ã«Â¯Â¼ Ã«Â¯Â¼Ã¬Â£Â¼ ÃªÂ³ÂµÃ­â„¢â€�ÃªÂµÂ­
     got: ì•Œì œë¦¬ ì�¸ë¯¼ ë¯¼ì£¼ ê³µí™”êµ­
 ; [cca2=DZ].translations.per.common
Expected: Ã˜Â§Ã™â€žÃ˜Â¬Ã˜Â²Ã˜Â§Ã›Å’Ã˜Â±
     got: Ø§Ù„Ø¬Ø²Ø§ÛŒØ±
 ; [cca2=DZ].translations.per.official
Expected: Ã˜Â¬Ã™â€¦Ã™â€¡Ã™Ë†Ã˜Â±Ã›Å’ Ã˜Â¯Ã™â€¦Ã™Ë†ÃšÂ©Ã˜Â±Ã˜Â§Ã˜ÂªÃ›Å’ÃšÂ© Ã˜Â®Ã™â€žÃ™â€š Ã˜Â§Ã™â€žÃ˜Â¬Ã˜Â²Ã˜Â§Ã›Å’Ã˜Â±
     got: Ø¬Ù…Ù‡ÙˆØ±ÛŒ Ø¯Ù…ÙˆÚ©Ø±Ø§ØªÛŒÚ© Ø®Ù„Ù‚ Ø§Ù„Ø¬Ø²Ø§ÛŒØ±
 ; [cca2=DZ].translations.por.common
Expected: ArgÃƒÂ©lia
     got: ArgÃ©lia
 ; [cca2=DZ].translations.por.official
Expected: RepÃƒÂºblica Argelina DemocrÃƒÂ¡tica e Popular
     got: RepÃºblica Argelina DemocrÃ¡tica e Popular
 ; [cca2=DZ].translations.rus.common
Expected: Ã�ï¿½Ã�Â»Ã�Â¶Ã�Â¸Ã‘â‚¬
     got: Ð�Ð»Ð¶Ð¸Ñ€
 ; [cca2=DZ].translations.rus.official
Expected: Ã�ï¿½Ã�Â°Ã‘â‚¬Ã�Â¾Ã�Â´Ã�Â½Ã�Â¾-Ã�â€�Ã�ÂµÃ�Â¼Ã�Â¾Ã�ÂºÃ‘â‚¬Ã�Â°Ã‘â€šÃ�Â¸Ã‘â€¡Ã�ÂµÃ‘ï¿½Ã�ÂºÃ�Â°Ã‘ï¿½ Ã�Â Ã�ÂµÃ‘ï¿½Ã�Â¿Ã‘Æ’Ã�Â±Ã�Â»Ã�Â¸Ã�ÂºÃ�Â° Ã�ï¿½Ã�Â»Ã�Â¶Ã�Â¸Ã‘â‚¬
     got: Ð�Ð°Ñ€Ð¾Ð´Ð½Ð¾-Ð”ÐµÐ¼Ð¾ÐºÑ€Ð°Ñ‚Ð¸Ñ‡ÐµÑ�ÐºÐ°Ñ� Ð ÐµÑ�Ð¿ÑƒÐ±Ð»Ð¸ÐºÐ° Ð�Ð»Ð¶Ð¸Ñ€
 ; [cca2=DZ].translations.slk.common
Expected: AlÃ…Â¾ÃƒÂ­rsko
     got: AlÅ¾Ã­rsko
 ; [cca2=DZ].translations.slk.official
Expected: AlÃ…Â¾ÃƒÂ­rska demokratickÃƒÂ¡ Ã„Â¾udovÃƒÂ¡ republika
     got: AlÅ¾Ã­rska demokratickÃ¡ Ä¾udovÃ¡ republika
 ; [cca2=DZ].translations.spa.official
Expected: RepÃƒÂºblica Argelina DemocrÃƒÂ¡tica y Popular
     got: RepÃºblica Argelina DemocrÃ¡tica y Popular
 ; [cca2=DZ].translations.srp.common
Expected: Ã�ï¿½Ã�Â»Ã�Â¶Ã�Â¸Ã‘â‚¬
     got: Ð�Ð»Ð¶Ð¸Ñ€
 ; [cca2=DZ].translations.srp.official
Expected: Ã�ï¿½Ã�Â°Ã‘â‚¬Ã�Â¾Ã�Â´Ã�Â½Ã�Â° Ã�â€�Ã�ÂµÃ�Â¼Ã�Â¾Ã�ÂºÃ‘â‚¬Ã�Â°Ã‘â€šÃ‘ï¿½Ã�ÂºÃ�Â° Ã�Â Ã�ÂµÃ�Â¿Ã‘Æ’Ã�Â±Ã�Â»Ã�Â¸Ã�ÂºÃ�Â° Ã�ï¿½Ã�Â»Ã�Â¶Ã�Â¸Ã‘â‚¬
     got: Ð�Ð°Ñ€Ð¾Ð´Ð½Ð° Ð”ÐµÐ¼Ð¾ÐºÑ€Ð°Ñ‚Ñ�ÐºÐ° Ð ÐµÐ¿ÑƒÐ±Ð»Ð¸ÐºÐ° Ð�Ð»Ð¶Ð¸Ñ€
 ; [cca2=DZ].translations.urd.common
Expected: Ã˜Â§Ã™â€žÃ˜Â¬Ã˜Â²Ã˜Â§Ã˜Â¦Ã˜Â±
     got: Ø§Ù„Ø¬Ø²Ø§Ø¦Ø±
 ; [cca2=DZ].translations.urd.official
Expected: Ã˜Â¹Ã™Ë†Ã˜Â§Ã™â€¦Ã›Å’ Ã˜Â¬Ã™â€¦Ã›ï¿½Ã™Ë†Ã˜Â±Ã›Å’ Ã˜Â¬Ã™â€¦Ã›ï¿½Ã™Ë†Ã˜Â±Ã›Å’Ã›ï¿½ Ã˜Â§Ã™â€žÃ˜Â¬Ã˜Â²Ã˜Â§Ã˜Â¦Ã˜Â±
     got: Ø¹ÙˆØ§Ù…ÛŒ Ø¬Ù…Û�ÙˆØ±ÛŒ Ø¬Ù…Û�ÙˆØ±ÛŒÛ� Ø§Ù„Ø¬Ø²Ø§Ø¦Ø±
 ; [cca2=DZ].translations.zho.common
Expected: Ã©ËœÂ¿Ã¥Â°â€�Ã¥ï¿½Å Ã¥Ë†Â©Ã¤ÂºÅ¡
     got: é˜¿å°”å�Šåˆ©äºš
 ; [cca2=DZ].translations.zho.official
Expected: Ã©ËœÂ¿Ã¥Â°â€�Ã¥ï¿½Å Ã¥Ë†Â©Ã¤ÂºÅ¡Ã¤ÂºÂºÃ¦Â°â€˜Ã¦Â°â€˜Ã¤Â¸Â»Ã¥â€¦Â±Ã¥â€™Å’Ã¥â€ºÂ½
     got: é˜¿å°”å�Šåˆ©äºšäººæ°‘æ°‘ä¸»å…±å’Œå›½
 ; [cca2=UM].flag
Expected: Ã°Å¸â€¡ÂºÃ°Å¸â€¡Â²
     got: ðŸ‡ºðŸ‡²
 ; [cca2=UM].translations.ara.common
Expected: Ã˜Â¬Ã˜Â²Ã˜Â± Ã˜Â§Ã™â€žÃ™Ë†Ã™â€žÃ˜Â§Ã™Å Ã˜Â§Ã˜Âª Ã˜Â§Ã™â€žÃ™â€¦Ã˜ÂªÃ˜Â­Ã˜Â¯Ã˜Â© Ã˜Â§Ã™â€žÃ˜ÂµÃ˜ÂºÃ™Å Ã˜Â±Ã˜Â© Ã˜Â§Ã™â€žÃ™â€ Ã˜Â§Ã˜Â¦Ã™Å Ã˜Â©
     got: Ø¬Ø²Ø± Ø§Ù„ÙˆÙ„Ø§ÙŠØ§Øª Ø§Ù„Ù…ØªØ­Ø¯Ø© Ø§Ù„ØµØºÙŠØ±Ø© Ø§Ù„Ù†Ø§Ø¦ÙŠØ©
 ; [cca2=UM].translations.ara.official
Expected: Ã˜Â¬Ã˜Â²Ã˜Â± Ã˜Â§Ã™â€žÃ™Ë†Ã™â€žÃ˜Â§Ã™Å Ã˜Â§Ã˜Âª Ã˜Â§Ã™â€žÃ™â€¦Ã˜ÂªÃ˜Â­Ã˜Â¯Ã˜Â© Ã˜Â§Ã™â€žÃ˜ÂµÃ˜ÂºÃ™Å Ã˜Â±Ã˜Â© Ã˜Â§Ã™â€žÃ™â€ Ã˜Â§Ã˜Â¦Ã™Å Ã˜Â©
     got: Ø¬Ø²Ø± Ø§Ù„ÙˆÙ„Ø§ÙŠØ§Øª Ø§Ù„Ù…ØªØ­Ø¯Ø© Ø§Ù„ØµØºÙŠØ±Ø© Ø§Ù„Ù†Ø§Ø¦ÙŠØ©
 ; [cca2=UM].translations.bre.common
Expected: Inizi Minor A-bell StadoÃƒÂ¹-Unanet
     got: Inizi Minor A-bell StadoÃ¹-Unanet
 ; [cca2=UM].translations.bre.official
Expected: Inizi Minor A-bell StadoÃƒÂ¹-Unanet
     got: Inizi Minor A-bell StadoÃ¹-Unanet
 ; [cca2=UM].translations.ces.common
Expected: MenÃ…Â¡ÃƒÂ­ odlehlÃƒÂ© ostrovy USA
     got: MenÅ¡Ã­ odlehlÃ© ostrovy USA
 ; [cca2=UM].translations.ces.official
Expected: MenÃ…Â¡ÃƒÂ­ odlehlÃƒÂ© ostrovy SpojenÃƒÂ½ch stÃƒÂ¡tÃ…Â¯ americkÃƒÂ½ch
     got: MenÅ¡Ã­ odlehlÃ© ostrovy SpojenÃ½ch stÃ¡tÅ¯ americkÃ½ch
 ; [cca2=UM].translations.est.common
Expected: ÃƒÅ“hendriikide hajasaared
     got: Ãœhendriikide hajasaared
 ; [cca2=UM].translations.est.official
Expected: ÃƒÅ“hendriikide vÃƒÂ¤ikesed hajasaared
     got: Ãœhendriikide vÃ¤ikesed hajasaared
 ; [cca2=UM].translations.fra.common
Expected: ÃƒÅ½les mineures ÃƒÂ©loignÃƒÂ©es des Ãƒâ€°tats-Unis
     got: ÃŽles mineures Ã©loignÃ©es des Ã‰tats-Unis
 ; [cca2=UM].translations.fra.official
Expected: ÃƒÅ½les mineures ÃƒÂ©loignÃƒÂ©es des Ãƒâ€°tats-Unis
     got: ÃŽles mineures Ã©loignÃ©es des Ã‰tats-Unis
 ; [cca2=UM].translations.hun.common
Expected: Az Amerikai EgyesÃƒÂ¼lt Ãƒï¿½llamok lakatlan kÃƒÂ¼lbirtokai
     got: Az Amerikai EgyesÃ¼lt Ã�llamok lakatlan kÃ¼lbirtokai
 ; [cca2=UM].translations.hun.official
Expected: Az Amerikai EgyesÃƒÂ¼lt Ãƒï¿½llamok lakatlan kÃƒÂ¼lbirtokai
     got: Az Amerikai EgyesÃ¼lt Ã�llamok lakatlan kÃ¼lbirtokai
 ; [cca2=UM].translations.jpn.common
Expected: Ã¥ï¿½Ë†Ã¨Â¡â€ Ã¥â€ºÂ½Ã©Â ËœÃ¦Å“â€°Ã¥Â°ï¿½Ã©â€ºÂ¢Ã¥Â³Â¶
     got: å�ˆè¡†å›½é ˜æœ‰å°�é›¢å³¶
 ; [cca2=UM].translations.jpn.official
Expected: Ã£â€šÂ¢Ã£Æ’Â¡Ã£Æ’ÂªÃ£â€šÂ«Ã¥ï¿½Ë†Ã¨Â¡â€ Ã¥â€ºÂ½Ã¥Â¤â€“Ã¨Â«Â¸Ã¥Â³Â¶
     got: ã‚¢ãƒ¡ãƒªã‚«å�ˆè¡†å›½å¤–è«¸å³¶
 ; [cca2=UM].translations.kor.common
Expected: Ã«Â¯Â¸ÃªÂµÂ­Ã«Â Â¹ ÃªÂµÂ°Ã¬â€ Å’ Ã¬Â Å“Ã«ï¿½â€ž
     got: ë¯¸êµ­ë ¹ êµ°ì†Œ ì œë�„
 ; [cca2=UM].translations.kor.official
Expected: Ã«Â¯Â¸ÃªÂµÂ­Ã«Â Â¹ ÃªÂµÂ°Ã¬â€ Å’ Ã¬Â Å“Ã«ï¿½â€ž
     got: ë¯¸êµ­ë ¹ êµ°ì†Œ ì œë�„
 ; [cca2=UM].translations.per.common
Expected: Ã˜Â¬Ã˜Â²Ã˜Â§Ã›Å’Ã˜Â± ÃšÂ©Ã™Ë†Ãšâ€ ÃšÂ© Ã˜Â­Ã˜Â§Ã˜Â´Ã›Å’Ã™â€¡Ã¢â‚¬Å’Ã˜Â§Ã›Å’ Ã˜Â§Ã›Å’Ã˜Â§Ã™â€žÃ˜Â§Ã˜Âª Ã™â€¦Ã˜ÂªÃ˜Â­Ã˜Â¯Ã™â€¡ Ã˜Â¢Ã™â€¦Ã˜Â±Ã›Å’ÃšÂ©Ã˜Â§
     got: Ø¬Ø²Ø§ÛŒØ± Ú©ÙˆÚ†Ú© Ø­Ø§Ø´ÛŒÙ‡â€ŒØ§ÛŒ Ø§ÛŒØ§Ù„Ø§Øª Ù…ØªØ­Ø¯Ù‡ Ø¢Ù…Ø±ÛŒÚ©Ø§
 ; [cca2=UM].translations.per.official
Expected: Ã˜Â¬Ã˜Â²Ã˜Â§Ã›Å’Ã˜Â± ÃšÂ©Ã™Ë†Ãšâ€ ÃšÂ© Ã˜Â­Ã˜Â§Ã˜Â´Ã›Å’Ã™â€¡Ã¢â‚¬Å’Ã˜Â§Ã›Å’ Ã˜Â§Ã›Å’Ã˜Â§Ã™â€žÃ˜Â§Ã˜Âª Ã™â€¦Ã˜ÂªÃ˜Â­Ã˜Â¯Ã™â€¡ Ã˜Â¢Ã™â€¦Ã˜Â±Ã›Å’ÃšÂ©Ã˜Â§
     got: Ø¬Ø²Ø§ÛŒØ± Ú©ÙˆÚ†Ú© Ø­Ø§Ø´ÛŒÙ‡â€ŒØ§ÛŒ Ø§ÛŒØ§Ù„Ø§Øª Ù…ØªØ­Ø¯Ù‡ Ø¢Ù…Ø±ÛŒÚ©Ø§
 ; [cca2=UM].translations.pol.common
Expected: Dalekie Wyspy Mniejsze StanÃƒÂ³w Zjednoczonych
     got: Dalekie Wyspy Mniejsze StanÃ³w Zjednoczonych
 ; [cca2=UM].translations.pol.official
Expected: Dalekie Wyspy Mniejsze StanÃƒÂ³w Zjednoczonych
     got: Dalekie Wyspy Mniejsze StanÃ³w Zjednoczonych
 ; [cca2=UM].translations.rus.common
Expected: Ã�â€™Ã�Â½Ã�ÂµÃ‘Ë†Ã�Â½Ã�Â¸Ã�Âµ Ã�Â¼Ã�Â°Ã�Â»Ã‘â€¹Ã�Âµ Ã�Â¾Ã‘ï¿½Ã‘â€šÃ‘â‚¬Ã�Â¾Ã�Â²Ã�Â° Ã�Â¡Ã�Â¨Ã�ï¿½
     got: Ð’Ð½ÐµÑˆÐ½Ð¸Ðµ Ð¼Ð°Ð»Ñ‹Ðµ Ð¾Ñ�Ñ‚Ñ€Ð¾Ð²Ð° Ð¡Ð¨Ð�
 ; [cca2=UM].translations.rus.official
Expected: Ã�â€™Ã�Â½Ã�ÂµÃ‘Ë†Ã�Â½Ã�Â¸Ã�Âµ Ã�Â¼Ã�Â°Ã�Â»Ã‘â€¹Ã�Âµ Ã�Â¾Ã‘ï¿½Ã‘â€šÃ‘â‚¬Ã�Â¾Ã�Â²Ã�Â° Ã�Â¡Ã�Â¨Ã�ï¿½
     got: Ð’Ð½ÐµÑˆÐ½Ð¸Ðµ Ð¼Ð°Ð»Ñ‹Ðµ Ð¾Ñ�Ñ‚Ñ€Ð¾Ð²Ð° Ð¡Ð¨Ð�
 ; [cca2=UM].translations.slk.common
Expected: MenÃ…Â¡ie odÃ„Â¾ahlÃƒÂ© ostrovy USA
     got: MenÅ¡ie odÄ¾ahlÃ© ostrovy USA
 ; [cca2=UM].translations.slk.official
Expected: MenÃ…Â¡ie odÃ„Â¾ahlÃƒÂ© ostrovy SpjoenÃƒÂ½ch Ã…Â¡tÃƒÂ¡tov
     got: MenÅ¡ie odÄ¾ahlÃ© ostrovy SpjoenÃ½ch Å¡tÃ¡tov
 ; [cca2=UM].translations.srp.common
Expected: Ã�Å“Ã�Â°Ã�Â»Ã�Â° Ã‘ï¿½Ã�Â¿Ã�Â¾Ã‘â„¢Ã�Â½Ã�Â° Ã�Â¾Ã‘ï¿½Ã‘â€šÃ‘â‚¬Ã�Â²Ã�Â° Ã�Â¡Ã‘ËœÃ�ÂµÃ�Â´Ã�Â¸Ã‘Å¡Ã�ÂµÃ�Â½Ã�Â¸Ã‘â€¦ Ã�ï¿½Ã�Â¼Ã�ÂµÃ‘â‚¬Ã�Â¸Ã‘â€¡Ã�ÂºÃ�Â¸Ã‘â€¦ Ã�â€�Ã‘â‚¬Ã�Â¶Ã�Â°Ã�Â²Ã�Â°
     got: ÐœÐ°Ð»Ð° Ñ�Ð¿Ð¾Ñ™Ð½Ð° Ð¾Ñ�Ñ‚Ñ€Ð²Ð° Ð¡Ñ˜ÐµÐ´Ð¸ÑšÐµÐ½Ð¸Ñ… Ð�Ð¼ÐµÑ€Ð¸Ñ‡ÐºÐ¸Ñ… Ð”Ñ€Ð¶Ð°Ð²Ð°
 ; [cca2=UM].translations.srp.official
Expected: Ã�Å“Ã�Â°Ã�Â»Ã�Â° Ã‘ï¿½Ã�Â¿Ã�Â¾Ã‘â„¢Ã�Â½Ã�Â° Ã�Â¾Ã‘ï¿½Ã‘â€šÃ‘â‚¬Ã�Â²Ã�Â° Ã�Â¡Ã‘ËœÃ�ÂµÃ�Â´Ã�Â¸Ã‘Å¡Ã�ÂµÃ�Â½Ã�Â¸Ã‘â€¦ Ã�ï¿½Ã�Â¼Ã�ÂµÃ‘â‚¬Ã�Â¸Ã‘â€¡Ã�ÂºÃ�Â¸Ã‘â€¦ Ã�â€�Ã‘â‚¬Ã�Â¶Ã�Â°Ã�Â²Ã�Â°
     got: ÐœÐ°Ð»Ð° Ñ�Ð¿Ð¾Ñ™Ð½Ð° Ð¾Ñ�Ñ‚Ñ€Ð²Ð° Ð¡Ñ˜ÐµÐ´Ð¸ÑšÐµÐ½Ð¸Ñ… Ð�Ð¼ÐµÑ€Ð¸Ñ‡ÐºÐ¸Ñ… Ð”Ñ€Ð¶Ð°Ð²Ð°
 ; [cca2=UM].translations.swe.common
Expected: FÃƒÂ¶renta staternas mindre ÃƒÂ¶ar i Oceanien och VÃƒÂ¤stindien
     got: FÃ¶renta staternas mindre Ã¶ar i Oceanien och VÃ¤stindien
 ; [cca2=UM].translations.swe.official
Expected: FÃƒÂ¶renta staternas mindre ÃƒÂ¶ar i Oceanien och VÃƒÂ¤stindien
     got: FÃ¶renta staternas mindre Ã¶ar i Oceanien och VÃ¤stindien
 ; [cca2=UM].translations.tur.common
Expected: Amerika BirleÃ…Å¸ik Devletleri KÃƒÂ¼ÃƒÂ§ÃƒÂ¼k DÃ„Â±Ã…Å¸ AdalarÃ„Â±
     got: Amerika BirleÅŸik Devletleri KÃ¼Ã§Ã¼k DÄ±ÅŸ AdalarÄ±
 ; [cca2=UM].translations.tur.official
Expected: Amerika BirleÃ…Å¸ik Devletleri KÃƒÂ¼ÃƒÂ§ÃƒÂ¼k DÃ„Â±Ã…Å¸ AdalarÃ„Â±
     got: Amerika BirleÅŸik Devletleri KÃ¼Ã§Ã¼k DÄ±ÅŸ AdalarÄ±
 ; [cca2=UM].translations.urd.common
Expected: Ã˜Â§Ã™â€¦Ã˜Â±Ã›Å’ÃšÂ©Ã›Å’ Ãšâ€ ÃšÂ¾Ã™Ë†Ã™Â¹Ã›â€™ Ã˜Â¨Ã›Å’Ã˜Â±Ã™Ë†Ã™â€ Ã›Å’ Ã˜Â¬Ã˜Â²Ã˜Â§Ã˜Â¦Ã˜Â±
     got: Ø§Ù…Ø±ÛŒÚ©ÛŒ Ú†Ú¾ÙˆÙ¹Û’ Ø¨ÛŒØ±ÙˆÙ†ÛŒ Ø¬Ø²Ø§Ø¦Ø±
 ; [cca2=UM].translations.urd.official
Expected: Ã˜Â§Ã™â€¦Ã˜Â±Ã›Å’ÃšÂ©Ã›Å’ Ãšâ€ ÃšÂ¾Ã™Ë†Ã™Â¹Ã›â€™ Ã˜Â¨Ã›Å’Ã˜Â±Ã™Ë†Ã™â€ Ã›Å’ Ã˜Â¬Ã˜Â²Ã˜Â§Ã˜Â¦Ã˜Â±
     got: Ø§Ù…Ø±ÛŒÚ©ÛŒ Ú†Ú¾ÙˆÙ¹Û’ Ø¨ÛŒØ±ÙˆÙ†ÛŒ Ø¬Ø²Ø§Ø¦Ø±
 ; [cca2=UM].translations.zho.common
Expected: Ã§Â¾Å½Ã¥â€ºÂ½Ã¦Å“Â¬Ã¥Å“Å¸Ã¥Â¤â€“Ã¥Â°ï¿½Ã¥Â²â€ºÃ¥Â±Â¿
     got: ç¾Žå›½æœ¬åœŸå¤–å°�å²›å±¿
 ; [cca2=UM].translations.zho.official
Expected: Ã§Â¾Å½Ã¥â€ºÂ½Ã¦Å“Â¬Ã¥Å“Å¸Ã¥Â¤â€“Ã¥Â°ï¿½Ã¥Â²â€ºÃ¥Â±Â¿
     got: ç¾Žå›½æœ¬åœŸå¤–å°�å²›å±¿
 ; [cca2=US].demonyms.fra.f
Expected: AmÃƒÂ©ricaine
     got: AmÃ©ricaine
 ; [cca2=US].demonyms.fra.m
Expected: AmÃƒÂ©ricain
     got: AmÃ©ricain
 ; [cca2=US].flag
Expected: Ã°Å¸â€¡ÂºÃ°Å¸â€¡Â¸
     got: ðŸ‡ºðŸ‡¸
 ; [cca2=US].translations.ara.common
Expected: Ã˜Â§Ã™â€žÃ™Ë†Ã™â€žÃ˜Â§Ã™Å Ã˜Â§Ã˜Âª Ã˜Â§Ã™â€žÃ™â€¦Ã˜ÂªÃ˜Â­Ã˜Â¯Ã˜Â©
     got: Ø§Ù„ÙˆÙ„Ø§ÙŠØ§Øª Ø§Ù„Ù…ØªØ­Ø¯Ø©
 ; [cca2=US].translations.ara.official
Expected: Ã˜Â§Ã™â€žÃ™Ë†Ã™â€žÃ˜Â§Ã™Å Ã˜Â§Ã˜Âª Ã˜Â§Ã™â€žÃ™â€¦Ã˜ÂªÃ˜Â­Ã˜Â¯Ã˜Â© Ã˜Â§Ã™â€žÃ˜Â§Ã™â€¦Ã˜Â±Ã™Å Ã™Æ’Ã™Å Ã˜Â©
     got: Ø§Ù„ÙˆÙ„Ø§ÙŠØ§Øª Ø§Ù„Ù…ØªØ­Ø¯Ø© Ø§Ù„Ø§Ù…Ø±ÙŠÙƒÙŠØ©
 ; [cca2=US].translations.bre.common
Expected: StadoÃƒÂ¹-Unanet
     got: StadoÃ¹-Unanet
 ; [cca2=US].translations.bre.official
Expected: StadoÃƒÂ¹-Unanet Amerika
     got: StadoÃ¹-Unanet Amerika
 ; [cca2=US].translations.ces.common
Expected: SpojenÃƒÂ© stÃƒÂ¡ty
     got: SpojenÃ© stÃ¡ty
 ; [cca2=US].translations.ces.official
Expected: SpojenÃƒÂ© stÃƒÂ¡ty americkÃƒÂ©
     got: SpojenÃ© stÃ¡ty americkÃ©
 ; [cca2=US].translations.est.common
Expected: Ameerika ÃƒÅ“hendriigid
     got: Ameerika Ãœhendriigid
 ; [cca2=US].translations.est.official
Expected: Ameerika ÃƒÅ“hendriigid
     got: Ameerika Ãœhendriigid
 ; [cca2=US].translations.fra.common
Expected: Ãƒâ€°tats-Unis
     got: Ã‰tats-Unis
 ; [cca2=US].translations.fra.official
Expected: Les ÃƒÂ©tats-unis d&apos;AmÃƒÂ©rique
     got: Les Ã©tats-unis d&apos;AmÃ©rique
 ; [cca2=US].translations.hrv.common
Expected: Sjedinjene AmeriÃ„ï¿½ke DrÃ…Â¾ave
     got: Sjedinjene AmeriÄ�ke DrÅ¾ave
 ; [cca2=US].translations.hrv.official
Expected: Sjedinjene DrÃ…Â¾ave Amerike
     got: Sjedinjene DrÅ¾ave Amerike
 ; [cca2=US].translations.hun.common
Expected: Amerikai EgyesÃƒÂ¼lt Ãƒï¿½llamok
     got: Amerikai EgyesÃ¼lt Ã�llamok
 ; [cca2=US].translations.hun.official
Expected: Amerikai EgyesÃƒÂ¼lt Ãƒï¿½llamok
     got: Amerikai EgyesÃ¼lt Ã�llamok
 ; [cca2=US].translations.jpn.common
Expected: Ã£â€šÂ¢Ã£Æ’Â¡Ã£Æ’ÂªÃ£â€šÂ«Ã¥ï¿½Ë†Ã¨Â¡â€ Ã¥â€ºÂ½
     got: ã‚¢ãƒ¡ãƒªã‚«å�ˆè¡†å›½
 ; [cca2=US].translations.jpn.official
Expected: Ã£â€šÂ¢Ã£Æ’Â¡Ã£Æ’ÂªÃ£â€šÂ«Ã¥ï¿½Ë†Ã¨Â¡â€ Ã¥â€ºÂ½
     got: ã‚¢ãƒ¡ãƒªã‚«å�ˆè¡†å›½
 ; [cca2=US].translations.kor.common
Expected: Ã«Â¯Â¸ÃªÂµÂ­
     got: ë¯¸êµ­
 ; [cca2=US].translations.kor.official
Expected: Ã¬â€¢â€žÃ«Â©â€�Ã«Â¦Â¬Ã¬Â¹Â´ Ã­â€¢Â©Ã¬Â¤â€˜ÃªÂµÂ­
     got: ì•„ë©”ë¦¬ì¹´ í•©ì¤‘êµ­
 ; [cca2=US].translations.per.common
Expected: Ã˜Â§Ã›Å’Ã˜Â§Ã™â€žÃ˜Â§Ã˜Âª Ã™â€¦Ã˜ÂªÃ˜Â­Ã˜Â¯Ã™â€¡ Ã˜Â¢Ã™â€¦Ã˜Â±Ã›Å’ÃšÂ©Ã˜Â§
     got: Ø§ÛŒØ§Ù„Ø§Øª Ù…ØªØ­Ø¯Ù‡ Ø¢Ù…Ø±ÛŒÚ©Ø§
 ; [cca2=US].translations.per.official
Expected: Ã˜Â§Ã›Å’Ã˜Â§Ã™â€žÃ˜Â§Ã˜Âª Ã™â€¦Ã˜ÂªÃ˜Â­Ã˜Â¯Ã™â€¡ Ã˜Â¢Ã™â€¦Ã˜Â±Ã›Å’ÃšÂ©Ã˜Â§
     got: Ø§ÛŒØ§Ù„Ø§Øª Ù…ØªØ­Ø¯Ù‡ Ø¢Ù…Ø±ÛŒÚ©Ø§
 ; [cca2=US].translations.por.official
Expected: Estados Unidos da AmÃƒÂ©rica
     got: Estados Unidos da AmÃ©rica
 ; [cca2=US].translations.rus.common
Expected: Ã�Â¡Ã�Â¾Ã�ÂµÃ�Â´Ã�Â¸Ã�Â½Ã‘â€˜Ã�Â½Ã�Â½Ã‘â€¹Ã�Âµ Ã�Â¨Ã‘â€šÃ�Â°Ã‘â€šÃ‘â€¹ Ã�ï¿½Ã�Â¼Ã�ÂµÃ‘â‚¬Ã�Â¸Ã�ÂºÃ�Â¸
     got: Ð¡Ð¾ÐµÐ´Ð¸Ð½Ñ‘Ð½Ð½Ñ‹Ðµ Ð¨Ñ‚Ð°Ñ‚Ñ‹ Ð�Ð¼ÐµÑ€Ð¸ÐºÐ¸
 ; [cca2=US].translations.rus.official
Expected: Ã�Â¡Ã�Â¾Ã�ÂµÃ�Â´Ã�Â¸Ã�Â½Ã�ÂµÃ�Â½Ã�Â½Ã‘â€¹Ã�Âµ Ã�Â¨Ã‘â€šÃ�Â°Ã‘â€šÃ‘â€¹ Ã�ï¿½Ã�Â¼Ã�ÂµÃ‘â‚¬Ã�Â¸Ã�ÂºÃ�Â¸
     got: Ð¡Ð¾ÐµÐ´Ð¸Ð½ÐµÐ½Ð½Ñ‹Ðµ Ð¨Ñ‚Ð°Ñ‚Ñ‹ Ð�Ð¼ÐµÑ€Ð¸ÐºÐ¸
 ; [cca2=US].translations.slk.common
Expected: SpojenÃƒÂ© Ã…Â¡tÃƒÂ¡ty americkÃƒÂ©
     got: SpojenÃ© Å¡tÃ¡ty americkÃ©
 ; [cca2=US].translations.slk.official
Expected: SpojenÃƒÂ© Ã…Â¡tÃƒÂ¡ty AmerickÃƒÂ©
     got: SpojenÃ© Å¡tÃ¡ty AmerickÃ©
 ; [cca2=US].translations.spa.official
Expected: Estados Unidos de AmÃƒÂ©rica
     got: Estados Unidos de AmÃ©rica
 ; [cca2=US].translations.srp.common
Expected: Ã�Â¡Ã‘ËœÃ�ÂµÃ�Â´Ã�Â¸Ã‘Å¡Ã�ÂµÃ�Â½Ã�Âµ Ã�ï¿½Ã�Â¼Ã�ÂµÃ‘â‚¬Ã�Â¸Ã‘â€¡Ã�ÂºÃ�Âµ Ã�â€�Ã‘â‚¬Ã�Â¶Ã�Â°Ã�Â²Ã�Âµ
     got: Ð¡Ñ˜ÐµÐ´Ð¸ÑšÐµÐ½Ðµ Ð�Ð¼ÐµÑ€Ð¸Ñ‡ÐºÐµ Ð”Ñ€Ð¶Ð°Ð²Ðµ
 ; [cca2=US].translations.srp.official
Expected: Ã�Â¡Ã‘ËœÃ�ÂµÃ�Â´Ã�Â¸Ã‘Å¡Ã�ÂµÃ�Â½Ã�Âµ Ã�ï¿½Ã�Â¼Ã�ÂµÃ‘â‚¬Ã�Â¸Ã‘â€¡Ã�ÂºÃ�Âµ Ã�â€�Ã‘â‚¬Ã�Â¶Ã�Â°Ã�Â²Ã�Âµ
     got: Ð¡Ñ˜ÐµÐ´Ð¸ÑšÐµÐ½Ðµ Ð�Ð¼ÐµÑ€Ð¸Ñ‡ÐºÐµ Ð”Ñ€Ð¶Ð°Ð²Ðµ
 ; [cca2=US].translations.swe.official
Expected: Amerikas fÃƒÂ¶renta stater
     got: Amerikas fÃ¶renta stater
 ; [cca2=US].translations.tur.common
Expected: Amerika BirleÃ…Å¸ik Devletleri
     got: Amerika BirleÅŸik Devletleri
 ; [cca2=US].translations.tur.official
Expected: Amerika BirleÃ…Å¸ik Devletleri
     got: Amerika BirleÅŸik Devletleri
 ; [cca2=US].translations.urd.common
Expected: Ã˜Â±Ã›Å’Ã˜Â§Ã˜Â³Ã˜ÂªÃ›ï¿½Ã˜Â§Ã˜Â¦Ã›â€™ Ã™â€¦Ã˜ÂªÃ˜Â­Ã˜Â¯Ã›ï¿½
     got: Ø±ÛŒØ§Ø³ØªÛ�Ø§Ø¦Û’ Ù…ØªØ­Ø¯Û�
 ; [cca2=US].translations.urd.official
Expected: Ã˜Â±Ã›Å’Ã˜Â§Ã˜Â³Ã˜ÂªÃ›ï¿½Ã˜Â§Ã˜Â¦Ã›â€™ Ã™â€¦Ã˜ÂªÃ˜Â­Ã˜Â¯Ã›ï¿½ Ã˜Â§Ã™â€¦Ã˜Â±Ã›Å’ÃšÂ©Ã˜Â§
     got: Ø±ÛŒØ§Ø³ØªÛ�Ø§Ø¦Û’ Ù…ØªØ­Ø¯Û� Ø§Ù…Ø±ÛŒÚ©Ø§
 ; [cca2=US].translations.zho.common
Expected: Ã§Â¾Å½Ã¥â€ºÂ½
     got: ç¾Žå›½
 ; [cca2=US].translations.zho.official
Expected: Ã§Â¾Å½Ã¥Ë†Â©Ã¥ï¿½Å¡Ã¥ï¿½Ë†Ã¤Â¼â€”Ã¥â€ºÂ½
     got: ç¾Žåˆ©å�šå�ˆä¼—å›½
 ; [cca2=EC].altSpellings[]
Expected: RepÃƒÂºblica del Ecuador
     but none found
 ; [cca2=EC].altSpellings[]
Unexpected: RepÃºblica del Ecuador
 ; [cca2=EC].demonyms.fra.f
Expected: Ãƒâ€°quatorienne
     got: Ã‰quatorienne
 ; [cca2=EC].demonyms.fra.m
Expected: Ãƒâ€°quatorien
     got: Ã‰quatorien
 ; [cca2=EC].flag
Expected: Ã°Å¸â€¡ÂªÃ°Å¸â€¡Â¨
     got: ðŸ‡ªðŸ‡¨
 ; [cca2=EC].name.nativeName.spa.official
Expected: RepÃƒÂºblica del Ecuador
     got: RepÃºblica del Ecuador
 ; [cca2=EC].translations.ara.common
Expected: Ã˜Â§Ã™â€žÃ˜Â¥Ã™Æ’Ã™Ë†Ã˜Â§Ã˜Â¯Ã™Ë†Ã˜Â±
     got: Ø§Ù„Ø¥ÙƒÙˆØ§Ø¯ÙˆØ±
 ; [cca2=EC].translations.ara.official
Expected: Ã˜Â¬Ã™â€¦Ã™â€¡Ã™Ë†Ã˜Â±Ã™Å Ã˜Â© Ã˜Â§Ã™â€žÃ˜Â¥Ã™Æ’Ã™Ë†Ã˜Â§Ã˜Â¯Ã™Ë†Ã˜Â±
     got: Ø¬Ù…Ù‡ÙˆØ±ÙŠØ© Ø§Ù„Ø¥ÙƒÙˆØ§Ø¯ÙˆØ±
 ; [cca2=EC].translations.ces.common
Expected: EkvÃƒÂ¡dor
     got: EkvÃ¡dor
 ; [cca2=EC].translations.ces.official
Expected: EkvÃƒÂ¡dorskÃƒÂ¡ republika
     got: EkvÃ¡dorskÃ¡ republika
 ; [cca2=EC].translations.fra.common
Expected: Ãƒâ€°quateur
     got: Ã‰quateur
 ; [cca2=EC].translations.fra.official
Expected: RÃƒÂ©publique de l&apos;Ãƒâ€°quateur
     got: RÃ©publique de l&apos;Ã‰quateur
 ; [cca2=EC].translations.hun.official
Expected: Ecuadori KÃƒÂ¶ztÃƒÂ¡rsasÃƒÂ¡g
     got: Ecuadori KÃ¶ztÃ¡rsasÃ¡g
 ; [cca2=EC].translations.jpn.common
Expected: Ã£â€šÂ¨Ã£â€šÂ¯Ã£â€šÂ¢Ã£Æ’â€°Ã£Æ’Â«
     got: ã‚¨ã‚¯ã‚¢ãƒ‰ãƒ«
 ; [cca2=EC].translations.jpn.official
Expected: Ã£â€šÂ¨Ã£â€šÂ¯Ã£â€šÂ¢Ã£Æ’â€°Ã£Æ’Â«Ã¥â€¦Â±Ã¥â€™Å’Ã¥â€ºÂ½
     got: ã‚¨ã‚¯ã‚¢ãƒ‰ãƒ«å…±å’Œå›½
 ; [cca2=EC].translations.kor.common
Expected: Ã¬â€”ï¿½Ã¬Â½Â°Ã«ï¿½â€žÃ«Â¥Â´
     got: ì—�ì½°ë�„ë¥´
 ; [cca2=EC].translations.kor.official
Expected: Ã¬â€”ï¿½Ã¬Â½Â°Ã«ï¿½â€žÃ«Â¥Â´ ÃªÂ³ÂµÃ­â„¢â€�ÃªÂµÂ­
     got: ì—�ì½°ë�„ë¥´ ê³µí™”êµ­
 ; [cca2=EC].translations.per.common
Expected: Ã˜Â§ÃšÂ©Ã™Ë†Ã˜Â§Ã˜Â¯Ã™Ë†Ã˜Â±
     got: Ø§Ú©ÙˆØ§Ø¯ÙˆØ±
 ; [cca2=EC].translations.per.official
Expected: Ã˜Â¬Ã™â€¦Ã™â€¡Ã™Ë†Ã˜Â±Ã›Å’ Ã˜Â§ÃšÂ©Ã™Ë†Ã˜Â§Ã˜Â¯Ã™Ë†Ã˜Â±
     got: Ø¬Ù…Ù‡ÙˆØ±ÛŒ Ø§Ú©ÙˆØ§Ø¯ÙˆØ±
 ; [cca2=EC].translations.por.official
Expected: RepÃƒÂºblica do Equador
     got: RepÃºblica do Equador
 ; [cca2=EC].translations.rus.common
Expected: Ã�Â­Ã�ÂºÃ�Â²Ã�Â°Ã�Â´Ã�Â¾Ã‘â‚¬
     got: Ð­ÐºÐ²Ð°Ð´Ð¾Ñ€
 ; [cca2=EC].translations.rus.official
Expected: Ã�Â Ã�ÂµÃ‘ï¿½Ã�Â¿Ã‘Æ’Ã�Â±Ã�Â»Ã�Â¸Ã�ÂºÃ�Â° Ã�Â­Ã�ÂºÃ�Â²Ã�Â°Ã�Â´Ã�Â¾Ã‘â‚¬
     got: Ð ÐµÑ�Ð¿ÑƒÐ±Ð»Ð¸ÐºÐ° Ð­ÐºÐ²Ð°Ð´Ð¾Ñ€
 ; [cca2=EC].translations.slk.common
Expected: EkvÃƒÂ¡dor
     got: EkvÃ¡dor
 ; [cca2=EC].translations.slk.official
Expected: EkvÃƒÂ¡dorskÃƒÂ¡ republika
     got: EkvÃ¡dorskÃ¡ republika
 ; [cca2=EC].translations.spa.official
Expected: RepÃƒÂºblica del Ecuador
     got: RepÃºblica del Ecuador
 ; [cca2=EC].translations.srp.common
Expected: Ã�â€¢Ã�ÂºÃ�Â²Ã�Â°Ã�Â´Ã�Â¾Ã‘â‚¬
     got: Ð•ÐºÐ²Ð°Ð´Ð¾Ñ€
 ; [cca2=EC].translations.srp.official
Expected: Ã�Â Ã�ÂµÃ�Â¿Ã‘Æ’Ã�Â±Ã�Â»Ã�Â¸Ã�ÂºÃ�Â° Ã�â€¢Ã�ÂºÃ�Â²Ã�Â°Ã�Â´Ã�Â¾Ã‘â‚¬
     got: Ð ÐµÐ¿ÑƒÐ±Ð»Ð¸ÐºÐ° Ð•ÐºÐ²Ð°Ð´Ð¾Ñ€
 ; [cca2=EC].translations.urd.common
Expected: Ã˜Â§Ã›Å’ÃšÂ©Ã™Ë†Ã˜Â§ÃšË†Ã™Ë†Ã˜Â±
     got: Ø§ÛŒÚ©ÙˆØ§ÚˆÙˆØ±
 ; [cca2=EC].translations.urd.official
Expected: Ã˜Â¬Ã™â€¦Ã›ï¿½Ã™Ë†Ã˜Â±Ã›Å’Ã›ï¿½ Ã˜Â§Ã›Å’ÃšÂ©Ã™Ë†ÃšË†Ã™Ë†Ã˜Â±
     got: Ø¬Ù…Û�ÙˆØ±ÛŒÛ� Ø§ÛŒÚ©ÙˆÚˆÙˆØ±
 ; [cca2=EC].translations.zho.common
Expected: Ã¥Å½â€žÃ§â€œÅ“Ã¥Â¤Å¡Ã¥Â°â€�
     got: åŽ„ç“œå¤šå°”
 ; [cca2=EC].translations.zho.official
Expected: Ã¥Å½â€žÃ§â€œÅ“Ã¥Â¤Å¡Ã¥Â°â€�Ã¥â€¦Â±Ã¥â€™Å’Ã¥â€ºÂ½
     got: åŽ„ç“œå¤šå°”å…±å’Œå›½
 ; [cca2=EE].currencies.EUR.symbol
Expected: Ã¢â€šÂ¬
     got: â‚¬
 ; [cca2=EE].flag
Expected: Ã°Å¸â€¡ÂªÃ°Å¸â€¡Âª
     got: ðŸ‡ªðŸ‡ª
 ; [cca2=EE].translations.ara.common
Expected: Ã˜Â¥Ã˜Â³Ã˜ÂªÃ™Ë†Ã™â€ Ã™Å Ã˜Â§
     got: Ø¥Ø³ØªÙˆÙ†ÙŠØ§
 ; [cca2=EE].translations.ara.official
Expected: Ã˜Â¬Ã™â€¦Ã™â€¡Ã™Ë†Ã˜Â±Ã™Å Ã˜Â© Ã˜Â¥Ã˜Â³Ã˜ÂªÃ™Ë†Ã™â€ Ã™Å Ã˜Â§
     got: Ø¬Ù…Ù‡ÙˆØ±ÙŠØ© Ø¥Ø³ØªÙˆÙ†ÙŠØ§
 ; [cca2=EE].translations.ces.official
Expected: EstonskÃƒÂ¡ republika
     got: EstonskÃ¡ republika
 ; [cca2=EE].translations.fra.official
Expected: RÃƒÂ©publique d&apos;Estonie
     got: RÃ©publique d&apos;Estonie
 ; [cca2=EE].translations.hun.common
Expected: Ãƒâ€°sztorszÃƒÂ¡g
     got: Ã‰sztorszÃ¡g
 ; [cca2=EE].translations.hun.official
Expected: Ãƒâ€°szt KÃƒÂ¶ztÃƒÂ¡rsasÃƒÂ¡g
     got: Ã‰szt KÃ¶ztÃ¡rsasÃ¡g
 ; [cca2=EE].translations.jpn.common
Expected: Ã£â€šÂ¨Ã£â€šÂ¹Ã£Æ’Ë†Ã£Æ’â€¹Ã£â€šÂ¢
     got: ã‚¨ã‚¹ãƒˆãƒ‹ã‚¢
 ; [cca2=EE].translations.jpn.official
Expected: Ã£â€šÂ¨Ã£â€šÂ¹Ã£Æ’Ë†Ã£Æ’â€¹Ã£â€šÂ¢Ã¥â€¦Â±Ã¥â€™Å’Ã¥â€ºÂ½
     got: ã‚¨ã‚¹ãƒˆãƒ‹ã‚¢å…±å’Œå›½
 ; [cca2=EE].translations.kor.common
Expected: Ã¬â€”ï¿½Ã¬Å Â¤Ã­â€ Â Ã«â€¹Ë†Ã¬â€¢â€ž
     got: ì—�ìŠ¤í† ë‹ˆì•„
 ; [cca2=EE].translations.kor.official
Expected: Ã¬â€”ï¿½Ã¬Å Â¤Ã­â€ Â Ã«â€¹Ë†Ã¬â€¢â€ž ÃªÂ³ÂµÃ­â„¢â€�ÃªÂµÂ­
     got: ì—�ìŠ¤í† ë‹ˆì•„ ê³µí™”êµ­
 ; [cca2=EE].translations.per.common
Expected: Ã˜Â§Ã™ï¿½Ã˜Â³Ã˜ÂªÃ™Ë†Ã™â€ Ã›Å’
     got: Ø§Ù�Ø³ØªÙˆÙ†ÛŒ
 ; [cca2=EE].translations.per.official
Expected: Ã˜Â¬Ã™â€¦Ã™â€¡Ã™Ë†Ã˜Â±Ã›Å’ Ã˜Â§Ã˜Â³Ã˜ÂªÃ™Ë†Ã™â€ Ã›Å’
     got: Ø¬Ù…Ù‡ÙˆØ±ÛŒ Ø§Ø³ØªÙˆÙ†ÛŒ
 ; [cca2=EE].translations.pol.official
Expected: Republika EstoÃ…â€žska
     got: Republika EstoÅ„ska
 ; [cca2=EE].translations.por.common
Expected: EstÃƒÂ³nia
     got: EstÃ³nia
 ; [cca2=EE].translations.por.official
Expected: RepÃƒÂºblica da EstÃƒÂ³nia
     got: RepÃºblica da EstÃ³nia
 ; [cca2=EE].translations.rus.common
Expected: Ã�Â­Ã‘ï¿½Ã‘â€šÃ�Â¾Ã�Â½Ã�Â¸Ã‘ï¿½
     got: Ð­Ñ�Ñ‚Ð¾Ð½Ð¸Ñ�
 ; [cca2=EE].translations.rus.official
Expected: Ã�Â­Ã‘ï¿½Ã‘â€šÃ�Â¾Ã�Â½Ã‘ï¿½Ã�ÂºÃ�Â°Ã‘ï¿½ Ã�Â Ã�ÂµÃ‘ï¿½Ã�Â¿Ã‘Æ’Ã�Â±Ã�Â»Ã�Â¸Ã�ÂºÃ�Â°
     got: Ð­Ñ�Ñ‚Ð¾Ð½Ñ�ÐºÐ°Ñ� Ð ÐµÑ�Ð¿ÑƒÐ±Ð»Ð¸ÐºÐ°
 ; [cca2=EE].translations.slk.common
Expected: EstÃƒÂ³nsko
     got: EstÃ³nsko
 ; [cca2=EE].translations.slk.official
Expected: EstÃƒÂ³nska republika
     got: EstÃ³nska republika
 ; [cca2=EE].translations.spa.official
Expected: RepÃƒÂºblica de Estonia
     got: RepÃºblica de Estonia
 ; [cca2=EE].translations.srp.common
Expected: Ã�â€¢Ã‘ï¿½Ã‘â€šÃ�Â¾Ã�Â½Ã�Â¸Ã‘ËœÃ�Â°
     got: Ð•Ñ�Ñ‚Ð¾Ð½Ð¸Ñ˜Ð°
 ; [cca2=EE].translations.srp.official
Expected: Ã�â€¢Ã‘ï¿½Ã‘â€šÃ�Â¾Ã�Â½Ã‘ï¿½Ã�ÂºÃ�Â° Ã�Â Ã�ÂµÃ�Â¿Ã‘Æ’Ã�Â±Ã�Â»Ã�Â¸Ã�ÂºÃ�Â°
     got: Ð•Ñ�Ñ‚Ð¾Ð½Ñ�ÐºÐ° Ð ÐµÐ¿ÑƒÐ±Ð»Ð¸ÐºÐ°
 ; [cca2=EE].translations.urd.common
Expected: Ã˜Â§Ã˜Â³Ã™Â¹Ã™Ë†Ã™â€ Ã›Å’Ã˜Â§
     got: Ø§Ø³Ù¹ÙˆÙ†ÛŒØ§
 ; [cca2=EE].translations.urd.official
Expected: Ã˜Â¬Ã™â€¦Ã›ï¿½Ã™Ë†Ã˜Â±Ã›Å’Ã›ï¿½ Ã˜Â§Ã˜Â³Ã™Â¹Ã™Ë†Ã™â€ Ã›Å’Ã˜Â§
     got: Ø¬Ù…Û�ÙˆØ±ÛŒÛ� Ø§Ø³Ù¹ÙˆÙ†ÛŒØ§
 ; [cca2=EE].translations.zho.common
Expected: Ã§Ë†Â±Ã¦Â²â„¢Ã¥Â°Â¼Ã¤ÂºÅ¡
     got: çˆ±æ²™å°¼äºš
 ; [cca2=EE].translations.zho.official
Expected: Ã§Ë†Â±Ã¦Â²â„¢Ã¥Â°Â¼Ã¤ÂºÅ¡Ã¥â€¦Â±Ã¥â€™Å’Ã¥â€ºÂ½
     got: çˆ±æ²™å°¼äºšå…±å’Œå›½
 ; [cca2=EG].currencies.EGP.symbol
Expected: Ã‚Â£
     got: Â£
 ; [cca2=EG].demonyms.fra.f
Expected: Ãƒâ€°gyptienne
     got: Ã‰gyptienne
 ; [cca2=EG].demonyms.fra.m
Expected: Ãƒâ€°gyptien
     got: Ã‰gyptien
 ; [cca2=EG].flag
Expected: Ã°Å¸â€¡ÂªÃ°Å¸â€¡Â¬
     got: ðŸ‡ªðŸ‡¬
 ; [cca2=EG].flags.alt
Expected: The flag of Egypt is composed of three equal horizontal bands of red, white and black, with Egypt&apos;s national emblem Ã¢â‚¬â€� a hoist-side facing gold eagle of Saladin Ã¢â‚¬â€� centered in the white band.
     got: The flag of Egypt is composed of three equal horizontal bands of red, white and black, with Egypt&apos;s national emblem â€” a hoist-side facing gold eagle of Saladin â€” centered in the white band.
 ; [cca2=EG].name.nativeName.ara.common
Expected: Ã™â€¦Ã˜ÂµÃ˜Â±
     got: Ù…ØµØ±
 ; [cca2=EG].name.nativeName.ara.official
Expected: Ã˜Â¬Ã™â€¦Ã™â€¡Ã™Ë†Ã˜Â±Ã™Å Ã˜Â© Ã™â€¦Ã˜ÂµÃ˜Â± Ã˜Â§Ã™â€žÃ˜Â¹Ã˜Â±Ã˜Â¨Ã™Å Ã˜Â©
     got: Ø¬Ù…Ù‡ÙˆØ±ÙŠØ© Ù…ØµØ± Ø§Ù„Ø¹Ø±Ø¨ÙŠØ©
 ; [cca2=EG].tld[]
Expected: .Ã™â€¦Ã˜ÂµÃ˜Â±
     but none found
 ; [cca2=EG].tld[]
Unexpected: .Ù…ØµØ±
 ; [cca2=EG].translations.ara.common
Expected: Ã™â€¦Ã˜ÂµÃ˜Â±
     got: Ù…ØµØ±
 ; [cca2=EG].translations.ara.official
Expected: Ã˜Â¬Ã™â€¦Ã™â€¡Ã™Ë†Ã˜Â±Ã™Å Ã˜Â© Ã™â€¦Ã˜ÂµÃ˜Â± Ã˜Â§Ã™â€žÃ˜Â¹Ã˜Â±Ã˜Â¨Ã™Å Ã˜Â©
     got: Ø¬Ù…Ù‡ÙˆØ±ÙŠØ© Ù…ØµØ± Ø§Ù„Ø¹Ø±Ø¨ÙŠØ©
 ; [cca2=EG].translations.ces.official
Expected: EgyptskÃƒÂ¡ arabskÃƒÂ¡ republika
     got: EgyptskÃ¡ arabskÃ¡ republika
 ; [cca2=EG].translations.deu.common
Expected: Ãƒâ€žgypten
     got: Ã„gypten
 ; [cca2=EG].translations.deu.official
Expected: Arabische Republik Ãƒâ€žgypten
     got: Arabische Republik Ã„gypten
 ; [cca2=EG].translations.fra.common
Expected: Ãƒâ€°gypte
     got: Ã‰gypte
 ; [cca2=EG].translations.fra.official
Expected: RÃƒÂ©publique arabe d&apos;Ãƒâ€°gypte
     got: RÃ©publique arabe d&apos;Ã‰gypte
 ; [cca2=EG].translations.hun.official
Expected: Egyiptomi Arab KÃƒÂ¶ztÃƒÂ¡rsasÃƒÂ¡g
     got: Egyiptomi Arab KÃ¶ztÃ¡rsasÃ¡g
 ; [cca2=EG].translations.jpn.common
Expected: Ã£â€šÂ¨Ã£â€šÂ¸Ã£Æ’â€”Ã£Æ’Ë†
     got: ã‚¨ã‚¸ãƒ—ãƒˆ
 ; [cca2=EG].translations.jpn.official
Expected: Ã£â€šÂ¨Ã£â€šÂ¸Ã£Æ’â€”Ã£Æ’Ë†Ã‚Â·Ã£â€šÂ¢Ã£Æ’Â©Ã£Æ’â€“Ã¥â€¦Â±Ã¥â€™Å’Ã¥â€ºÂ½
     got: ã‚¨ã‚¸ãƒ—ãƒˆÂ·ã‚¢ãƒ©ãƒ–å…±å’Œå›½
 ; [cca2=EG].translations.kor.common
Expected: Ã¬ï¿½Â´Ã¬Â§â€˜Ã­Å Â¸
     got: ì�´ì§‘íŠ¸
 ; [cca2=EG].translations.kor.official
Expected: Ã¬ï¿½Â´Ã¬Â§â€˜Ã­Å Â¸ Ã¬â€¢â€žÃ«Å¾ï¿½ ÃªÂ³ÂµÃ­â„¢â€�ÃªÂµÂ­
     got: ì�´ì§‘íŠ¸ ì•„ëž� ê³µí™”êµ­
 ; [cca2=EG].translations.per.common
Expected: Ã™â€¦Ã˜ÂµÃ˜Â±
     got: Ù…ØµØ±
 ; [cca2=EG].translations.per.official
Expected: Ã˜Â¬Ã™â€¦Ã™â€¡Ã™Ë†Ã˜Â±Ã›Å’ Ã˜Â¹Ã˜Â±Ã˜Â¨Ã›Å’ Ã™â€¦Ã˜ÂµÃ˜Â±
     got: Ø¬Ù…Ù‡ÙˆØ±ÛŒ Ø¹Ø±Ø¨ÛŒ Ù…ØµØ±
 ; [cca2=EG].translations.por.official
Expected: RepÃƒÂºblica Ãƒï¿½rabe do Egipto
     got: RepÃºblica Ã�rabe do Egipto
 ; [cca2=EG].translations.rus.common
Expected: Ã�â€¢Ã�Â³Ã�Â¸Ã�Â¿Ã�ÂµÃ‘â€š
     got: Ð•Ð³Ð¸Ð¿ÐµÑ‚
 ; [cca2=EG].translations.rus.official
Expected: Ã�ï¿½Ã‘â‚¬Ã�Â°Ã�Â±Ã‘ï¿½Ã�ÂºÃ�Â°Ã‘ï¿½ Ã�Â Ã�ÂµÃ‘ï¿½Ã�Â¿Ã‘Æ’Ã�Â±Ã�Â»Ã�Â¸Ã�ÂºÃ�Â° Ã�â€¢Ã�Â³Ã�Â¸Ã�Â¿Ã�ÂµÃ‘â€š
     got: Ð�Ñ€Ð°Ð±Ñ�ÐºÐ°Ñ� Ð ÐµÑ�Ð¿ÑƒÐ±Ð»Ð¸ÐºÐ° Ð•Ð³Ð¸Ð¿ÐµÑ‚
 ; [cca2=EG].translations.slk.official
Expected: EgyptskÃƒÂ¡ arabskÃƒÂ¡ republika
     got: EgyptskÃ¡ arabskÃ¡ republika
 ; [cca2=EG].translations.spa.official
Expected: RepÃƒÂºblica Ãƒï¿½rabe de Egipto
     got: RepÃºblica Ã�rabe de Egipto
 ; [cca2=EG].translations.srp.common
Expected: Ã�â€¢Ã�Â³Ã�Â¸Ã�Â¿Ã�Â°Ã‘â€š
     got: Ð•Ð³Ð¸Ð¿Ð°Ñ‚
 ; [cca2=EG].translations.srp.official
Expected: Ã�ï¿½Ã‘â‚¬Ã�Â°Ã�Â¿Ã‘ï¿½Ã�ÂºÃ�Â° Ã�Â Ã�ÂµÃ�Â¿Ã‘Æ’Ã�Â±Ã�Â»Ã�Â¸Ã�ÂºÃ�Â° Ã�â€¢Ã�Â³Ã�Â¸Ã�Â¿Ã�Â°Ã‘â€š
     got: Ð�Ñ€Ð°Ð¿Ñ�ÐºÐ° Ð ÐµÐ¿ÑƒÐ±Ð»Ð¸ÐºÐ° Ð•Ð³Ð¸Ð¿Ð°Ñ‚
 ; [cca2=EG].translations.tur.common
Expected: MÃ„Â±sÃ„Â±r
     got: MÄ±sÄ±r
 ; [cca2=EG].translations.tur.official
Expected: MÃ„Â±sÃ„Â±r Arap Cumhuriyeti
     got: MÄ±sÄ±r Arap Cumhuriyeti
 ; [cca2=EG].translations.urd.common
Expected: Ã™â€¦Ã˜ÂµÃ˜Â±
     got: Ù…ØµØ±
 ; [cca2=EG].translations.urd.official
Expected: Ã™â€¦Ã˜ÂµÃ˜Â±Ã›Å’ Ã˜Â¹Ã˜Â±Ã˜Â¨ Ã˜Â¬Ã™â€¦Ã›ï¿½Ã™Ë†Ã˜Â±Ã›Å’Ã›ï¿½
     got: Ù…ØµØ±ÛŒ Ø¹Ø±Ø¨ Ø¬Ù…Û�ÙˆØ±ÛŒÛ�
 ; [cca2=EG].translations.zho.common
Expected: Ã¥Å¸Æ’Ã¥ï¿½Å 
     got: åŸƒå�Š
 ; [cca2=EG].translations.zho.official
Expected: Ã©ËœÂ¿Ã¦â€¹â€°Ã¤Â¼Â¯Ã¥Å¸Æ’Ã¥ï¿½Å Ã¥â€¦Â±Ã¥â€™Å’Ã¥â€ºÂ½
     got: é˜¿æ‹‰ä¼¯åŸƒå�Šå…±å’Œå›½
 ; [cca2=EH].altSpellings[]
Expected: TaneÃ¡Âºâ€œroft Tutrimt
     but none found
 ; [cca2=EH].altSpellings[]
Unexpected: Taneáº“roft Tutrimt
 ; [cca2=EH].capital[]
Expected: El AaiÃƒÂºn
     but none found
 ; [cca2=EH].capital[]
Unexpected: El AaiÃºn
 ; [cca2=EH].currencies.DZD.symbol
Expected: Ã˜Â¯Ã˜Â¬
     got: Ø¯Ø¬
 ; [cca2=EH].flag
Expected: Ã°Å¸â€¡ÂªÃ°Å¸â€¡Â­
     got: ðŸ‡ªðŸ‡­
 ; [cca2=EH].name.nativeName.mey.common
Expected: Ã˜Â§Ã™â€žÃ˜ÂµÃ˜Â­Ã˜Â±Ã˜Â§Ã˜Â¡ Ã˜Â§Ã™â€žÃ˜ÂºÃ˜Â±Ã˜Â¨Ã™Å Ã˜Â©
     got: Ø§Ù„ØµØ­Ø±Ø§Ø¡ Ø§Ù„ØºØ±Ø¨ÙŠØ©
 ; [cca2=EH].name.nativeName.mey.official
Expected: Ã˜Â§Ã™â€žÃ˜Â¬Ã™â€¦Ã™â€¡Ã™Ë†Ã˜Â±Ã™Å Ã˜Â© Ã˜Â§Ã™â€žÃ˜Â¹Ã˜Â±Ã˜Â¨Ã™Å Ã˜Â© Ã˜Â§Ã™â€žÃ˜ÂµÃ˜Â­Ã˜Â±Ã˜Â§Ã™Ë†Ã™Å Ã˜Â© Ã˜Â§Ã™â€žÃ˜Â¯Ã™Å Ã™â€¦Ã™â€šÃ˜Â±Ã˜Â§Ã˜Â·Ã™Å Ã˜Â©
     got: Ø§Ù„Ø¬Ù…Ù‡ÙˆØ±ÙŠØ© Ø§Ù„Ø¹Ø±Ø¨ÙŠØ© Ø§Ù„ØµØ­Ø±Ø§ÙˆÙŠØ© Ø§Ù„Ø¯ÙŠÙ…Ù‚Ø±Ø§Ø·ÙŠØ©
 ; [cca2=EH].name.nativeName.spa.official
Expected: RepÃƒÂºblica Ãƒï¿½rabe Saharaui DemocrÃƒÂ¡tica
     got: RepÃºblica Ã�rabe Saharaui DemocrÃ¡tica
 ; [cca2=EH].translations.ara.common
Expected: Ã˜Â§Ã™â€žÃ˜ÂµÃ˜Â­Ã˜Â±Ã˜Â§Ã˜Â¡ Ã˜Â§Ã™â€žÃ˜ÂºÃ˜Â±Ã˜Â¨Ã™Å Ã˜Â©
     got: Ø§Ù„ØµØ­Ø±Ø§Ø¡ Ø§Ù„ØºØ±Ø¨ÙŠØ©
 ; [cca2=EH].translations.ara.official
Expected: Ã˜Â§Ã™â€žÃ˜Â¬Ã™â€¦Ã™â€¡Ã™Ë†Ã˜Â±Ã™Å Ã˜Â© Ã˜Â§Ã™â€žÃ˜Â¹Ã˜Â±Ã˜Â¨Ã™Å Ã˜Â© Ã˜Â§Ã™â€žÃ˜ÂµÃ˜Â­Ã˜Â±Ã˜Â§Ã™Ë†Ã™Å Ã˜Â© Ã˜Â§Ã™â€žÃ˜Â¯Ã™Å Ã™â€¦Ã™â€šÃ˜Â±Ã˜Â§Ã˜Â·Ã™Å Ã˜Â©
     got: Ø§Ù„Ø¬Ù…Ù‡ÙˆØ±ÙŠØ© Ø§Ù„Ø¹Ø±Ø¨ÙŠØ© Ø§Ù„ØµØ­Ø±Ø§ÙˆÙŠØ© Ø§Ù„Ø¯ÙŠÙ…Ù‚Ø±Ø§Ø·ÙŠØ©
 ; [cca2=EH].translations.bre.common
Expected: Sahara ar C&apos;hornÃƒÂ´g
     got: Sahara ar C&apos;hornÃ´g
 ; [cca2=EH].translations.ces.common
Expected: ZÃƒÂ¡padnÃƒÂ­ Sahara
     got: ZÃ¡padnÃ­ Sahara
 ; [cca2=EH].translations.ces.official
Expected: ZÃƒÂ¡padnÃƒÂ­ Sahara
     got: ZÃ¡padnÃ­ Sahara
 ; [cca2=EH].translations.est.common
Expected: LÃƒÂ¤ÃƒÂ¤ne-Sahara
     got: LÃ¤Ã¤ne-Sahara
 ; [cca2=EH].translations.est.official
Expected: LÃƒÂ¤ÃƒÂ¤ne-Sahara
     got: LÃ¤Ã¤ne-Sahara
 ; [cca2=EH].translations.fin.common
Expected: LÃƒÂ¤nsi-Sahara
     got: LÃ¤nsi-Sahara
 ; [cca2=EH].translations.fin.official
Expected: LÃƒÂ¤nsi-Sahara
     got: LÃ¤nsi-Sahara
 ; [cca2=EH].translations.fra.official
Expected: RÃƒÂ©publique arabe sahraouie dÃƒÂ©mocratique
     got: RÃ©publique arabe sahraouie dÃ©mocratique
 ; [cca2=EH].translations.jpn.common
Expected: Ã¨Â¥Â¿Ã£â€šÂµÃ£Æ’ï¿½Ã£Æ’Â©
     got: è¥¿ã‚µãƒ�ãƒ©
 ; [cca2=EH].translations.jpn.official
Expected: Ã£â€šÂµÃ£Æ’ï¿½Ã£Æ’Â©Ã£â€šÂ¢Ã£Æ’Â©Ã£Æ’â€“Ã¦Â°â€˜Ã¤Â¸Â»Ã¥â€¦Â±Ã¥â€™Å’Ã¥â€ºÂ½
     got: ã‚µãƒ�ãƒ©ã‚¢ãƒ©ãƒ–æ°‘ä¸»å…±å’Œå›½
 ; [cca2=EH].translations.kor.common
Expected: Ã¬â€žÅ“Ã¬â€šÂ¬Ã­â€¢ËœÃ«ï¿½Â¼
     got: ì„œì‚¬í•˜ë�¼
 ; [cca2=EH].translations.kor.official
Expected: Ã¬â€šÂ¬Ã­â€¢ËœÃ«ï¿½Â¼ Ã¬â€¢â€žÃ«Å¾ï¿½ Ã«Â¯Â¼Ã¬Â£Â¼ ÃªÂ³ÂµÃ­â„¢â€�ÃªÂµÂ­
     got: ì‚¬í•˜ë�¼ ì•„ëž� ë¯¼ì£¼ ê³µí™”êµ­
 ; [cca2=EH].translations.per.common
Expected: Ã˜ÂµÃ˜Â­Ã˜Â±Ã˜Â§Ã›Å’ Ã˜ÂºÃ˜Â±Ã˜Â¨Ã›Å’
     got: ØµØ­Ø±Ø§ÛŒ ØºØ±Ø¨ÛŒ
 ; [cca2=EH].translations.per.official
Expected: Ã˜ÂµÃ˜Â­Ã˜Â±Ã˜Â§Ã›Å’ Ã˜ÂºÃ˜Â±Ã˜Â¨Ã›Å’
     got: ØµØ­Ø±Ø§ÛŒ ØºØ±Ø¨ÛŒ
 ; [cca2=EH].translations.por.official
Expected: RepÃƒÂºblica Ãƒï¿½rabe Saharaui DemocrÃƒÂ¡tica
     got: RepÃºblica Ã�rabe Saharaui DemocrÃ¡tica
 ; [cca2=EH].translations.rus.common
Expected: Ã�â€”Ã�Â°Ã�Â¿Ã�Â°Ã�Â´Ã�Â½Ã�Â°Ã‘ï¿½ Ã�Â¡Ã�Â°Ã‘â€¦Ã�Â°Ã‘â‚¬Ã�Â°
     got: Ð—Ð°Ð¿Ð°Ð´Ð½Ð°Ñ� Ð¡Ð°Ñ…Ð°Ñ€Ð°
 ; [cca2=EH].translations.rus.official
Expected: Sahrawi Ã�ï¿½Ã‘â‚¬Ã�Â°Ã�Â±Ã‘ï¿½Ã�ÂºÃ�Â°Ã‘ï¿½ Ã�â€�Ã�ÂµÃ�Â¼Ã�Â¾Ã�ÂºÃ‘â‚¬Ã�Â°Ã‘â€šÃ�Â¸Ã‘â€¡Ã�ÂµÃ‘ï¿½Ã�ÂºÃ�Â°Ã‘ï¿½ Ã�Â Ã�ÂµÃ‘ï¿½Ã�Â¿Ã‘Æ’Ã�Â±Ã�Â»Ã�Â¸Ã�ÂºÃ�Â°
     got: Sahrawi Ð�Ñ€Ð°Ð±Ñ�ÐºÐ°Ñ� Ð”ÐµÐ¼Ð¾ÐºÑ€Ð°Ñ‚Ð¸Ñ‡ÐµÑ�ÐºÐ°Ñ� Ð ÐµÑ�Ð¿ÑƒÐ±Ð»Ð¸ÐºÐ°
 ; [cca2=EH].translations.slk.common
Expected: ZÃƒÂ¡padnÃƒÂ¡ Sahara
     got: ZÃ¡padnÃ¡ Sahara
 ; [cca2=EH].translations.slk.official
Expected: ZÃƒÂ¡padnÃƒÂ¡ Sahara
     got: ZÃ¡padnÃ¡ Sahara
 ; [cca2=EH].translations.spa.official
Expected: RepÃƒÂºblica Ãƒï¿½rabe Saharaui DemocrÃƒÂ¡tica
     got: RepÃºblica Ã�rabe Saharaui DemocrÃ¡tica
 ; [cca2=EH].translations.srp.common
Expected: Ã�Â¡Ã�Â°Ã‘â€¦Ã�Â°Ã‘â‚¬Ã‘ï¿½Ã�ÂºÃ�Â° Ã�Â Ã�ÂµÃ�Â¿Ã‘Æ’Ã�Â±Ã�Â»Ã�Â¸Ã�ÂºÃ�Â°
     got: Ð¡Ð°Ñ…Ð°Ñ€Ñ�ÐºÐ° Ð ÐµÐ¿ÑƒÐ±Ð»Ð¸ÐºÐ°
 ; [cca2=EH].translations.srp.official
Expected: Ã�Â¡Ã�Â°Ã‘â€¦Ã�Â°Ã‘â‚¬Ã‘ï¿½Ã�ÂºÃ�Â° Ã�ï¿½Ã‘â‚¬Ã�Â°Ã�Â¿Ã‘ï¿½Ã�ÂºÃ�Â° Ã�â€�Ã�ÂµÃ�Â¼Ã�Â¾Ã�ÂºÃ‘â‚¬Ã�Â°Ã‘â€šÃ‘ï¿½Ã�ÂºÃ�Â° Ã�Â Ã�ÂµÃ�Â¿Ã‘Æ’Ã�Â±Ã�Â»Ã�Â¸Ã�ÂºÃ�Â°
     got: Ð¡Ð°Ñ…Ð°Ñ€Ñ�ÐºÐ° Ð�Ñ€Ð°Ð¿Ñ�ÐºÐ° Ð”ÐµÐ¼Ð¾ÐºÑ€Ð°Ñ‚Ñ�ÐºÐ° Ð ÐµÐ¿ÑƒÐ±Ð»Ð¸ÐºÐ°
 ; [cca2=EH].translations.swe.common
Expected: VÃƒÂ¤stsahara
     got: VÃ¤stsahara
 ; [cca2=EH].translations.swe.official
Expected: VÃƒÂ¤stsahara
     got: VÃ¤stsahara
 ; [cca2=EH].translations.urd.common
Expected: Ã™â€¦Ã˜ÂºÃ˜Â±Ã˜Â¨Ã›Å’ Ã˜ÂµÃ˜Â­Ã˜Â§Ã˜Â±Ã˜Â§
     got: Ù…ØºØ±Ø¨ÛŒ ØµØ­Ø§Ø±Ø§
 ; [cca2=EH].translations.urd.official
Expected: Ã˜ÂµÃ˜Â­Ã˜Â±Ã˜Â§Ã™Ë†Ã›Å’ Ã˜Â¹Ã˜Â±Ã˜Â¨ Ã˜Â¹Ã™Ë†Ã˜Â§Ã™â€¦Ã›Å’ Ã˜Â¬Ã™â€¦Ã›ï¿½Ã™Ë†Ã˜Â±Ã›Å’Ã›ï¿½
     got: ØµØ­Ø±Ø§ÙˆÛŒ Ø¹Ø±Ø¨ Ø¹ÙˆØ§Ù…ÛŒ Ø¬Ù…Û�ÙˆØ±ÛŒÛ�
 ; [cca2=EH].translations.zho.common
Expected: Ã¨Â¥Â¿Ã¦â€™â€™Ã¥â€œË†Ã¦â€¹â€°
     got: è¥¿æ’’å“ˆæ‹‰
 ; [cca2=EH].translations.zho.official
Expected: Ã©ËœÂ¿Ã¦â€¹â€°Ã¤Â¼Â¯Ã¦â€™â€™Ã¥â€œË†Ã¦â€¹â€°Ã¦Â°â€˜Ã¤Â¸Â»Ã¥â€¦Â±Ã¥â€™Å’Ã¥â€ºÂ½
     got: é˜¿æ‹‰ä¼¯æ’’å“ˆæ‹‰æ°‘ä¸»å…±å’Œå›½
 ; [cca2=UY].altSpellings[]
Expected: RepÃƒÂºblica Oriental del Uruguay
     but none found
 ; [cca2=UY].altSpellings[]
Unexpected: RepÃºblica Oriental del Uruguay
 ; [cca2=UY].flag
Expected: Ã°Å¸â€¡ÂºÃ°Å¸â€¡Â¾
     got: ðŸ‡ºðŸ‡¾
 ; [cca2=UY].flags.alt
Expected: The flag of Uruguay is composed of nine equal horizontal bands of white alternating with blue, with a white square superimposed in the canton. In the white square is a yellow sun bearing a human face Ã¢â‚¬â€� the Sun of May Ã¢â‚¬â€� from which sixteen rays extend. The sun&apos;s rays alternate between triangular and wavy.
     got: The flag of Uruguay is composed of nine equal horizontal bands of white alternating with blue, with a white square superimposed in the canton. In the white square is a yellow sun bearing a human face â€” the Sun of May â€” from which sixteen rays extend. The sun&apos;s rays alternate between triangular and wavy.
 ; [cca2=UY].name.nativeName.spa.official
Expected: RepÃƒÂºblica Oriental del Uruguay
     got: RepÃºblica Oriental del Uruguay
 ; [cca2=UY].translations.ara.common
Expected: Ã˜Â§Ã™â€žÃ˜Â£Ã™Ë†Ã˜Â±Ã™Ë†Ã˜ÂºÃ™Ë†Ã˜Â§Ã™Å 
     got: Ø§Ù„Ø£ÙˆØ±ÙˆØºÙˆØ§ÙŠ
 ; [cca2=UY].translations.ara.official
Expected: Ã˜Â¬Ã™â€¦Ã™â€¡Ã™Ë†Ã˜Â±Ã™Å Ã˜Â© Ã˜Â§Ã™â€žÃ˜Â£Ã™Ë†Ã˜Â±Ã™Ë†Ã˜ÂºÃ™Ë†Ã˜Â§Ã™Å  Ã˜Â§Ã™â€žÃ˜Â´Ã˜Â±Ã™â€šÃ™Å Ã˜Â©
     got: Ø¬Ù…Ù‡ÙˆØ±ÙŠØ© Ø§Ù„Ø£ÙˆØ±ÙˆØºÙˆØ§ÙŠ Ø§Ù„Ø´Ø±Ù‚ÙŠØ©
 ; [cca2=UY].translations.ces.official
Expected: UruguayskÃƒÂ¡ vÃƒÂ½chodnÃƒÂ­ republika
     got: UruguayskÃ¡ vÃ½chodnÃ­ republika
 ; [cca2=UY].translations.deu.official
Expected: Republik Ãƒâ€“stlich des Uruguay
     got: Republik Ã–stlich des Uruguay
 ; [cca2=UY].translations.fin.official
Expected: Uruguayn itÃƒÂ¤inen tasavalta
     got: Uruguayn itÃ¤inen tasavalta
 ; [cca2=UY].translations.fra.official
Expected: RÃƒÂ©publique orientale de l&apos;Uruguay
     got: RÃ©publique orientale de l&apos;Uruguay
 ; [cca2=UY].translations.hun.official
Expected: Uruguayi Keleti KÃƒÂ¶ztÃƒÂ¡rsasÃƒÂ¡g
     got: Uruguayi Keleti KÃ¶ztÃ¡rsasÃ¡g
 ; [cca2=UY].translations.jpn.common
Expected: Ã£â€šÂ¦Ã£Æ’Â«Ã£â€šÂ°Ã£â€šÂ¢Ã£â€šÂ¤
     got: ã‚¦ãƒ«ã‚°ã‚¢ã‚¤
 ; [cca2=UY].translations.jpn.official
Expected: Ã£â€šÂ¦Ã£Æ’Â«Ã£â€šÂ°Ã£â€šÂ¢Ã£â€šÂ¤Ã¦ï¿½Â±Ã¦â€“Â¹Ã¥â€¦Â±Ã¥â€™Å’Ã¥â€ºÂ½
     got: ã‚¦ãƒ«ã‚°ã‚¢ã‚¤æ�±æ–¹å…±å’Œå›½
 ; [cca2=UY].translations.kor.common
Expected: Ã¬Å¡Â°Ã«Â£Â¨ÃªÂ³Â¼Ã¬ï¿½Â´
     got: ìš°ë£¨ê³¼ì�´
 ; [cca2=UY].translations.kor.official
Expected: Ã¬Å¡Â°Ã«Â£Â¨ÃªÂ³Â¼Ã¬ï¿½Â´ Ã«ï¿½â„¢Ã«Â°Â© ÃªÂ³ÂµÃ­â„¢â€�ÃªÂµÂ­
     got: ìš°ë£¨ê³¼ì�´ ë�™ë°© ê³µí™”êµ­
 ; [cca2=UY].translations.per.common
Expected: Ã˜Â§Ã˜Â±Ã™Ë†ÃšÂ¯Ã™Ë†Ã˜Â¦Ã™â€¡
     got: Ø§Ø±ÙˆÚ¯ÙˆØ¦Ù‡
 ; [cca2=UY].translations.per.official
Expected: Ã˜Â¬Ã™â€¦Ã™â€¡Ã™Ë†Ã˜Â±Ã›Å’ Ã˜Â§Ã˜Â±Ã™Ë†ÃšÂ¯Ã™Ë†Ã˜Â¦Ã™â€¡
     got: Ø¬Ù…Ù‡ÙˆØ±ÛŒ Ø§Ø±ÙˆÚ¯ÙˆØ¦Ù‡
 ; [cca2=UY].translations.por.official
Expected: RepÃƒÂºblica Oriental do Uruguai
     got: RepÃºblica Oriental do Uruguai
 ; [cca2=UY].translations.rus.common
Expected: Ã�Â£Ã‘â‚¬Ã‘Æ’Ã�Â³Ã�Â²Ã�Â°Ã�Â¹
     got: Ð£Ñ€ÑƒÐ³Ð²Ð°Ð¹
 ; [cca2=UY].translations.rus.official
Expected: Ã�â€™Ã�Â¾Ã‘ï¿½Ã‘â€šÃ�Â¾Ã‘â€¡Ã�Â½Ã�Â¾Ã�Â¹ Ã�Â Ã�ÂµÃ‘ï¿½Ã�Â¿Ã‘Æ’Ã�Â±Ã�Â»Ã�Â¸Ã�ÂºÃ�Â¸ Ã�Â£Ã‘â‚¬Ã‘Æ’Ã�Â³Ã�Â²Ã�Â°Ã�Â¹
     got: Ð’Ð¾Ñ�Ñ‚Ð¾Ñ‡Ð½Ð¾Ð¹ Ð ÐµÑ�Ð¿ÑƒÐ±Ð»Ð¸ÐºÐ¸ Ð£Ñ€ÑƒÐ³Ð²Ð°Ð¹
 ; [cca2=UY].translations.slk.official
Expected: UruguajskÃƒÂ¡ vÃƒÂ½chodnÃƒÂ¡ republika
     got: UruguajskÃ¡ vÃ½chodnÃ¡ republika
 ; [cca2=UY].translations.spa.official
Expected: RepÃƒÂºblica Oriental del Uruguay
     got: RepÃºblica Oriental del Uruguay
 ; [cca2=UY].translations.srp.common
Expected: Ã�Â£Ã‘â‚¬Ã‘Æ’Ã�Â³Ã�Â²Ã�Â°Ã‘Ëœ
     got: Ð£Ñ€ÑƒÐ³Ð²Ð°Ñ˜
 ; [cca2=UY].translations.srp.official
Expected: Ã�ËœÃ‘ï¿½Ã‘â€šÃ�Â¾Ã‘â€¡Ã�Â½Ã�Â° Ã�Â Ã�ÂµÃ�Â¿Ã‘Æ’Ã�Â±Ã�Â»Ã�Â¸Ã�ÂºÃ�Â° Ã�Â£Ã‘â‚¬Ã‘Æ’Ã�Â³Ã�Â²Ã�Â°Ã‘Ëœ
     got: Ð˜Ñ�Ñ‚Ð¾Ñ‡Ð½Ð° Ð ÐµÐ¿ÑƒÐ±Ð»Ð¸ÐºÐ° Ð£Ñ€ÑƒÐ³Ð²Ð°Ñ˜
 ; [cca2=UY].translations.tur.official
Expected: Uruguay DoÃ„Å¸u Cumhuriyeti
     got: Uruguay DoÄŸu Cumhuriyeti
 ; [cca2=UY].translations.urd.common
Expected: Ã›Å’Ã™Ë†Ã˜Â±Ã˜Â§ÃšÂ¯Ã™Ë†Ã˜Â¦Ã›â€™
     got: ÛŒÙˆØ±Ø§Ú¯ÙˆØ¦Û’
 ; [cca2=UY].translations.urd.official
Expected: Ã˜Â¬Ã™â€¦Ã›ï¿½Ã™Ë†Ã˜Â±Ã›Å’Ã›ï¿½ Ã˜Â´Ã˜Â±Ã™â€šÃ›Å’Ã›ï¿½ Ã›Å’Ã™Ë†Ã˜Â±Ã˜Â§ÃšÂ¯Ã™Ë†Ã˜Â¦Ã›â€™
     got: Ø¬Ù…Û�ÙˆØ±ÛŒÛ� Ø´Ø±Ù‚ÛŒÛ� ÛŒÙˆØ±Ø§Ú¯ÙˆØ¦Û’
 ; [cca2=UY].translations.zho.common
Expected: Ã¤Â¹Å’Ã¦â€¹â€°Ã¥Å“Â­
     got: ä¹Œæ‹‰åœ­
 ; [cca2=UY].translations.zho.official
Expected: Ã¤Â¹Å’Ã¦â€¹â€°Ã¥Å“Â­Ã¤Â¸Å“Ã¥Â²Â¸Ã¥â€¦Â±Ã¥â€™Å’Ã¥â€ºÂ½
     got: ä¹Œæ‹‰åœ­ä¸œå²¸å…±å’Œå›½
 ; [cca2=UZ].altSpellings[]
Expected: OÃ¢â‚¬Ëœzbekiston Respublikasi
     but none found
 ; [cca2=UZ].altSpellings[]
Expected: Ã�Å½Ã�Â·Ã�Â±Ã�ÂµÃ�ÂºÃ�Â¸Ã‘ï¿½Ã‘â€šÃ�Â¾Ã�Â½ Ã�Â Ã�ÂµÃ‘ï¿½Ã�Â¿Ã‘Æ’Ã�Â±Ã�Â»Ã�Â¸Ã�ÂºÃ�Â°Ã‘ï¿½Ã�Â¸
     but none found
 ; [cca2=UZ].altSpellings[]
Unexpected: ÐŽÐ·Ð±ÐµÐºÐ¸Ñ�Ñ‚Ð¾Ð½ Ð ÐµÑ�Ð¿ÑƒÐ±Ð»Ð¸ÐºÐ°Ñ�Ð¸
 ; [cca2=UZ].altSpellings[]
Unexpected: Oâ€˜zbekiston Respublikasi
 ; [cca2=UZ].currencies.UZS.name
Expected: Uzbekistani soÃŠÂ»m
     got: Uzbekistani soÊ»m
 ; [cca2=UZ].demonyms.fra.f
Expected: OuzbÃƒÂ¨ke
     got: OuzbÃ¨ke
 ; [cca2=UZ].demonyms.fra.m
Expected: OuzbÃƒÂ¨ke
     got: OuzbÃ¨ke
 ; [cca2=UZ].flag
Expected: Ã°Å¸â€¡ÂºÃ°Å¸â€¡Â¿
     got: ðŸ‡ºðŸ‡¿
 ; [cca2=UZ].name.nativeName.rus.common
Expected: Ã�Â£Ã�Â·Ã�Â±Ã�ÂµÃ�ÂºÃ�Â¸Ã‘ï¿½Ã‘â€šÃ�Â°Ã�Â½
     got: Ð£Ð·Ð±ÐµÐºÐ¸Ñ�Ñ‚Ð°Ð½
 ; [cca2=UZ].name.nativeName.rus.official
Expected: Ã�Â Ã�ÂµÃ‘ï¿½Ã�Â¿Ã‘Æ’Ã�Â±Ã�Â»Ã�Â¸Ã�ÂºÃ�Â° Ã�Â£Ã�Â·Ã�Â±Ã�ÂµÃ�ÂºÃ�Â¸Ã‘ï¿½Ã‘â€šÃ�Â°Ã�Â½
     got: Ð ÐµÑ�Ð¿ÑƒÐ±Ð»Ð¸ÐºÐ° Ð£Ð·Ð±ÐµÐºÐ¸Ñ�Ñ‚Ð°Ð½
 ; [cca2=UZ].name.nativeName.uzb.common
Expected: OÃ¢â‚¬Ëœzbekiston
     got: Oâ€˜zbekiston
 ; [cca2=UZ].translations.ara.common
Expected: Ã˜Â£Ã™Ë†Ã˜Â²Ã˜Â¨Ã˜Â§Ã™Æ’Ã˜Â³Ã˜ÂªÃ˜Â§Ã™â€ 
     got: Ø£ÙˆØ²Ø¨Ø§ÙƒØ³ØªØ§Ù†
 ; [cca2=UZ].translations.ara.official
Expected: Ã˜Â¬Ã™â€¦Ã™â€¡Ã™Ë†Ã˜Â±Ã™Å Ã˜Â© Ã˜Â£Ã™Ë†Ã˜Â²Ã˜Â¨Ã˜Â§Ã™Æ’Ã˜Â³Ã˜ÂªÃ˜Â§Ã™â€ 
     got: Ø¬Ù…Ù‡ÙˆØ±ÙŠØ© Ø£ÙˆØ²Ø¨Ø§ÙƒØ³ØªØ§Ù†
 ; [cca2=UZ].translations.ces.common
Expected: UzbekistÃƒÂ¡n
     got: UzbekistÃ¡n
 ; [cca2=UZ].translations.ces.official
Expected: Republika UzbekistÃƒÂ¡n
     got: Republika UzbekistÃ¡n
 ; [cca2=UZ].translations.fra.common
Expected: OuzbÃƒÂ©kistan
     got: OuzbÃ©kistan
 ; [cca2=UZ].translations.fra.official
Expected: RÃƒÂ©publique d&apos;OuzbÃƒÂ©kistan
     got: RÃ©publique d&apos;OuzbÃ©kistan
 ; [cca2=UZ].translations.hun.common
Expected: ÃƒÅ“zbegisztÃƒÂ¡n
     got: ÃœzbegisztÃ¡n
 ; [cca2=UZ].translations.hun.official
Expected: ÃƒÅ“zbÃƒÂ©g KÃƒÂ¶ztÃƒÂ¡rsasÃƒÂ¡g
     got: ÃœzbÃ©g KÃ¶ztÃ¡rsasÃ¡g
 ; [cca2=UZ].translations.jpn.common
Expected: Ã£â€šÂ¦Ã£â€šÂºÃ£Æ’â„¢Ã£â€šÂ­Ã£â€šÂ¹Ã£â€šÂ¿Ã£Æ’Â³
     got: ã‚¦ã‚ºãƒ™ã‚­ã‚¹ã‚¿ãƒ³
 ; [cca2=UZ].translations.jpn.official
Expected: Ã£â€šÂ¦Ã£â€šÂºÃ£Æ’â„¢Ã£â€šÂ­Ã£â€šÂ¹Ã£â€šÂ¿Ã£Æ’Â³Ã¥â€¦Â±Ã¥â€™Å’Ã¥â€ºÂ½
     got: ã‚¦ã‚ºãƒ™ã‚­ã‚¹ã‚¿ãƒ³å…±å’Œå›½
 ; [cca2=UZ].translations.kor.common
Expected: Ã¬Å¡Â°Ã¬Â¦Ë†Ã«Â²Â Ã­â€šÂ¤Ã¬Å Â¤Ã­Æ’â€ž
     got: ìš°ì¦ˆë² í‚¤ìŠ¤íƒ„
 ; [cca2=UZ].translations.kor.official
Expected: Ã¬Å¡Â°Ã¬Â¦Ë†Ã«Â²Â Ã­â€šÂ¤Ã¬Å Â¤Ã­Æ’â€ž ÃªÂ³ÂµÃ­â„¢â€�ÃªÂµÂ­
     got: ìš°ì¦ˆë² í‚¤ìŠ¤íƒ„ ê³µí™”êµ­
 ; [cca2=UZ].translations.per.common
Expected: Ã˜Â§Ã˜Â²Ã˜Â¨ÃšÂ©Ã˜Â³Ã˜ÂªÃ˜Â§Ã™â€ 
     got: Ø§Ø²Ø¨Ú©Ø³ØªØ§Ù†
 ; [cca2=UZ].translations.per.official
Expected: Ã˜Â¬Ã™â€¦Ã™â€¡Ã™Ë†Ã˜Â±Ã›Å’ Ã˜Â§Ã˜Â²Ã˜Â¨ÃšÂ©Ã˜Â³Ã˜ÂªÃ˜Â§Ã™â€ 
     got: Ø¬Ù…Ù‡ÙˆØ±ÛŒ Ø§Ø²Ø¨Ú©Ø³ØªØ§Ù†
 ; [cca2=UZ].translations.por.common
Expected: UzbequistÃƒÂ£o
     got: UzbequistÃ£o
 ; [cca2=UZ].translations.por.official
Expected: RepÃƒÂºblica do UsbequistÃƒÂ£o
     got: RepÃºblica do UsbequistÃ£o
 ; [cca2=UZ].translations.rus.common
Expected: Ã�Â£Ã�Â·Ã�Â±Ã�ÂµÃ�ÂºÃ�Â¸Ã‘ï¿½Ã‘â€šÃ�Â°Ã�Â½
     got: Ð£Ð·Ð±ÐµÐºÐ¸Ñ�Ñ‚Ð°Ð½
 ; [cca2=UZ].translations.rus.official
Expected: Ã�Â Ã�ÂµÃ‘ï¿½Ã�Â¿Ã‘Æ’Ã�Â±Ã�Â»Ã�Â¸Ã�ÂºÃ�Â° Ã�Â£Ã�Â·Ã�Â±Ã�ÂµÃ�ÂºÃ�Â¸Ã‘ï¿½Ã‘â€šÃ�Â°Ã�Â½
     got: Ð ÐµÑ�Ð¿ÑƒÐ±Ð»Ð¸ÐºÐ° Ð£Ð·Ð±ÐµÐºÐ¸Ñ�Ñ‚Ð°Ð½
 ; [cca2=UZ].translations.slk.official
Expected: UzbeckÃƒÂ¡ republika
     got: UzbeckÃ¡ republika
 ; [cca2=UZ].translations.spa.common
Expected: UzbekistÃƒÂ¡n
     got: UzbekistÃ¡n
 ; [cca2=UZ].translations.spa.official
Expected: RepÃƒÂºblica de UzbekistÃƒÂ¡n
     got: RepÃºblica de UzbekistÃ¡n
 ; [cca2=UZ].translations.srp.common
Expected: Ã�Â£Ã�Â·Ã�Â±Ã�ÂµÃ�ÂºÃ�Â¸Ã‘ï¿½Ã‘â€šÃ�Â°Ã�Â½
     got: Ð£Ð·Ð±ÐµÐºÐ¸Ñ�Ñ‚Ð°Ð½
 ; [cca2=UZ].translations.srp.official
Expected: Ã�Â Ã�ÂµÃ�Â¿Ã‘Æ’Ã�Â±Ã�Â»Ã�Â¸Ã�ÂºÃ�Â° Ã�Â£Ã�Â·Ã�Â±Ã�ÂµÃ�ÂºÃ�Â¸Ã‘ï¿½Ã‘â€šÃ�Â°Ã�Â½
     got: Ð ÐµÐ¿ÑƒÐ±Ð»Ð¸ÐºÐ° Ð£Ð·Ð±ÐµÐºÐ¸Ñ�Ñ‚Ð°Ð½
 ; [cca2=UZ].translations.tur.common
Expected: Ãƒâ€“zbekistan
     got: Ã–zbekistan
 ; [cca2=UZ].translations.tur.official
Expected: Ãƒâ€“zbekistan Cumhuriyeti
     got: Ã–zbekistan Cumhuriyeti
 ; [cca2=UZ].translations.urd.common
Expected: Ã˜Â§Ã˜Â²Ã˜Â¨ÃšÂ©Ã˜Â³Ã˜ÂªÃ˜Â§Ã™â€ 
     got: Ø§Ø²Ø¨Ú©Ø³ØªØ§Ù†
 ; [cca2=UZ].translations.urd.official
Expected: Ã˜Â¬Ã™â€¦Ã›ï¿½Ã™Ë†Ã˜Â±Ã›Å’Ã›ï¿½ Ã˜Â§Ã˜Â²Ã˜Â¨ÃšÂ©Ã˜Â³Ã˜ÂªÃ˜Â§Ã™â€ 
     got: Ø¬Ù…Û�ÙˆØ±ÛŒÛ� Ø§Ø²Ø¨Ú©Ø³ØªØ§Ù†
 ; [cca2=UZ].translations.zho.common
Expected: Ã¤Â¹Å’Ã¥â€¦Â¹Ã¥Ë†Â«Ã¥â€¦â€¹Ã¦â€“Â¯Ã¥ï¿½Â¦
     got: ä¹Œå…¹åˆ«å…‹æ–¯å�¦
 ; [cca2=UZ].translations.zho.official
Expected: Ã¤Â¹Å’Ã¥â€¦Â¹Ã¥Ë†Â«Ã¥â€¦â€¹Ã¦â€“Â¯Ã¥ï¿½Â¦Ã¥â€¦Â±Ã¥â€™Å’Ã¥â€ºÂ½
     got: ä¹Œå…¹åˆ«å…‹æ–¯å�¦å…±å’Œå›½
 ; [cca2=VA].altSpellings[]
Expected: Stato della CittÃƒÂ  del Vaticano
     but none found
 ; [cca2=VA].altSpellings[]
Unexpected: Stato della CittÃ  del Vaticano
 ; [cca2=VA].currencies.EUR.symbol
Expected: Ã¢â€šÂ¬
     got: â‚¬
 ; [cca2=VA].flag
Expected: Ã°Å¸â€¡Â»Ã°Å¸â€¡Â¦
     got: ðŸ‡»ðŸ‡¦
 ; [cca2=VA].name.nativeName.ita.official
Expected: Stato della CittÃƒÂ  del Vaticano
     got: Stato della CittÃ  del Vaticano
 ; [cca2=VA].name.nativeName.lat.common
Expected: VaticanÃƒÂ¦
     got: VaticanÃ¦
 ; [cca2=VA].name.nativeName.lat.official
Expected: Status Civitatis VaticanÃƒÂ¦
     got: Status Civitatis VaticanÃ¦
 ; [cca2=VA].translations.ara.common
Expected: Ã™â€¦Ã˜Â¯Ã™Å Ã™â€ Ã˜Â© Ã˜Â§Ã™â€žÃ™ï¿½Ã˜Â§Ã˜ÂªÃ™Å Ã™Æ’Ã˜Â§Ã™â€ 
     got: Ù…Ø¯ÙŠÙ†Ø© Ø§Ù„Ù�Ø§ØªÙŠÙƒØ§Ù†
 ; [cca2=VA].translations.ara.official
Expected: Ã˜Â¯Ã™Ë†Ã™â€žÃ˜Â© Ã™â€¦Ã˜Â¯Ã™Å Ã™â€ Ã˜Â© Ã˜Â§Ã™â€žÃ™ï¿½Ã˜Â§Ã˜ÂªÃ™Å Ã™Æ’Ã˜Â§Ã™â€ 
     got: Ø¯ÙˆÙ„Ø© Ù…Ø¯ÙŠÙ†Ø© Ø§Ù„Ù�Ø§ØªÙŠÙƒØ§Ù†
 ; [cca2=VA].translations.ces.common
Expected: VatikÃƒÂ¡n
     got: VatikÃ¡n
 ; [cca2=VA].translations.ces.official
Expected: MÃ„â€ºstskÃƒÂ½ stÃƒÂ¡t VatikÃƒÂ¡n
     got: MÄ›stskÃ½ stÃ¡t VatikÃ¡n
 ; [cca2=VA].translations.fra.common
Expected: CitÃƒÂ© du Vatican
     got: CitÃ© du Vatican
 ; [cca2=VA].translations.fra.official
Expected: CitÃƒÂ© du Vatican
     got: CitÃ© du Vatican
 ; [cca2=VA].translations.hun.common
Expected: VatikÃƒÂ¡n
     got: VatikÃ¡n
 ; [cca2=VA].translations.hun.official
Expected: VatikÃƒÂ¡n Ãƒï¿½llam
     got: VatikÃ¡n Ã�llam
 ; [cca2=VA].translations.ita.common
Expected: CittÃƒÂ  del Vaticano
     got: CittÃ  del Vaticano
 ; [cca2=VA].translations.ita.official
Expected: CittÃƒÂ  del Vaticano
     got: CittÃ  del Vaticano
 ; [cca2=VA].translations.jpn.common
Expected: Ã£Æ’ï¿½Ã£Æ’ï¿½Ã£â€šÂ«Ã£Æ’Â³Ã¥Â¸â€šÃ¥â€ºÂ½
     got: ãƒ�ãƒ�ã‚«ãƒ³å¸‚å›½
 ; [cca2=VA].translations.jpn.official
Expected: Ã£Æ’ï¿½Ã£Æ’ï¿½Ã£â€šÂ«Ã£Æ’Â³Ã¥Â¸â€šÃ¥â€ºÂ½Ã£ï¿½Â®Ã§Å Â¶Ã¦â€¦â€¹
     got: ãƒ�ãƒ�ã‚«ãƒ³å¸‚å›½ã�®çŠ¶æ…‹
 ; [cca2=VA].translations.kor.common
Expected: Ã«Â°â€�Ã­â€¹Â°Ã¬Â¹Â¸
     got: ë°”í‹°ì¹¸
 ; [cca2=VA].translations.kor.official
Expected: Ã«Â°â€�Ã­â€¹Â°Ã¬Â¹Â¸ Ã¬â€¹Å“ÃªÂµÂ­
     got: ë°”í‹°ì¹¸ ì‹œêµ­
 ; [cca2=VA].translations.per.common
Expected: Ã™Ë†Ã˜Â§Ã˜ÂªÃ›Å’ÃšÂ©Ã˜Â§Ã™â€ 
     got: ÙˆØ§ØªÛŒÚ©Ø§Ù†
 ; [cca2=VA].translations.per.official
Expected: Ã˜Â¯Ã™Ë†Ã™â€žÃ˜ÂªÃ¢â‚¬Å’Ã˜Â´Ã™â€¡Ã˜Â± Ã™Ë†Ã˜Â§Ã˜ÂªÃ›Å’ÃšÂ©Ã˜Â§Ã™â€ 
     got: Ø¯ÙˆÙ„Øªâ€ŒØ´Ù‡Ø± ÙˆØ§ØªÛŒÚ©Ø§Ù†
 ; [cca2=VA].translations.pol.official
Expected: PaÃ…â€žstwo WatykaÃ…â€žskie
     got: PaÅ„stwo WatykaÅ„skie
 ; [cca2=VA].translations.rus.common
Expected: Ã�â€™Ã�Â°Ã‘â€šÃ�Â¸Ã�ÂºÃ�Â°Ã�Â½
     got: Ð’Ð°Ñ‚Ð¸ÐºÐ°Ð½
 ; [cca2=VA].translations.rus.official
Expected: Ã�â€œÃ�Â¾Ã‘â‚¬Ã�Â¾Ã�Â´-Ã�Â³Ã�Â¾Ã‘ï¿½Ã‘Æ’Ã�Â´Ã�Â°Ã‘â‚¬Ã‘ï¿½Ã‘â€šÃ�Â²Ã�Â¾ Ã�â€™Ã�Â°Ã‘â€šÃ�Â¸Ã�ÂºÃ�Â°Ã�Â½
     got: Ð“Ð¾Ñ€Ð¾Ð´-Ð³Ð¾Ñ�ÑƒÐ´Ð°Ñ€Ñ�Ñ‚Ð²Ð¾ Ð’Ð°Ñ‚Ð¸ÐºÐ°Ð½
 ; [cca2=VA].translations.slk.common
Expected: VatikÃƒÂ¡n
     got: VatikÃ¡n
 ; [cca2=VA].translations.slk.official
Expected: SvÃƒÂ¤tÃƒÂ¡ stolica (VatikÃƒÂ¡nsky mestskÃƒÂ½ Ã…Â¡tÃƒÂ¡t
     got: SvÃ¤tÃ¡ stolica (VatikÃ¡nsky mestskÃ½ Å¡tÃ¡t
 ; [cca2=VA].translations.srp.common
Expected: Ã�â€™Ã�Â°Ã‘â€šÃ�Â¸Ã�ÂºÃ�Â°Ã�Â½
     got: Ð’Ð°Ñ‚Ð¸ÐºÐ°Ð½
 ; [cca2=VA].translations.srp.official
Expected: Ã�â€œÃ‘â‚¬Ã�Â°Ã�Â´ Ã�â€™Ã�Â°Ã‘â€šÃ�Â¸Ã�ÂºÃ�Â°Ã�Â½
     got: Ð“Ñ€Ð°Ð´ Ð’Ð°Ñ‚Ð¸ÐºÐ°Ð½
 ; [cca2=VA].translations.tur.official
Expected: Vatikan Ã…Å¾ehir Devleti
     got: Vatikan Åžehir Devleti
 ; [cca2=VA].translations.urd.common
Expected: Ã™Ë†Ã›Å’Ã™Â¹Ã›Å’ÃšÂ©Ã™â€  Ã˜Â³Ã™Â¹Ã›Å’
     got: ÙˆÛŒÙ¹ÛŒÚ©Ù† Ø³Ù¹ÛŒ
 ; [cca2=VA].translations.urd.official
Expected: Ã™Ë†Ã›Å’Ã™Â¹Ã›Å’ÃšÂ©Ã™â€  Ã˜Â³Ã™Â¹Ã›Å’
     got: ÙˆÛŒÙ¹ÛŒÚ©Ù† Ø³Ù¹ÛŒ
 ; [cca2=VA].translations.zho.common
Expected: Ã¦Â¢ÂµÃ¨â€™â€šÃ¥â€ Ë†
     got: æ¢µè’‚å†ˆ
 ; [cca2=VA].translations.zho.official
Expected: Ã¦Â¢ÂµÃ¨â€™â€šÃ¥â€ Ë†Ã¥Å¸Å½Ã¥â€ºÂ½
     got: æ¢µè’‚å†ˆåŸŽå›½
 ; [cca2=ER].altSpellings[]
Expected: Ã¡Ë†Æ’Ã¡Å’Ë†Ã¡Ë†Â¨ Ã¡Å Â¤Ã¡Ë†Â­Ã¡â€°ÂµÃ¡Ë†Â«
     but none found
 ; [cca2=ER].altSpellings[]
Expected: ÃŠÂ¾ErtrÃ„ï¿½
     but none found
 ; [cca2=ER].altSpellings[]
Expected: Dawlat IritriyÃƒÂ¡
     but none found
 ; [cca2=ER].altSpellings[]
Expected: IritriyÃ„ï¿½
     but none found
 ; [cca2=ER].altSpellings[]
Unexpected: IritriyÄ�
 ; [cca2=ER].altSpellings[]
Unexpected: Ê¾ErtrÄ�
 ; [cca2=ER].altSpellings[]
Unexpected: Dawlat IritriyÃ¡
 ; [cca2=ER].altSpellings[]
Unexpected: áˆƒáŒˆáˆ¨ áŠ¤áˆ­á‰µáˆ«
 ; [cca2=ER].demonyms.fra.f
Expected: Ãƒâ€°rythrÃƒÂ©enne
     got: Ã‰rythrÃ©enne
 ; [cca2=ER].demonyms.fra.m
Expected: Ãƒâ€°rythrÃƒÂ©en
     got: Ã‰rythrÃ©en
 ; [cca2=ER].flag
Expected: Ã°Å¸â€¡ÂªÃ°Å¸â€¡Â·
     got: ðŸ‡ªðŸ‡·
 ; [cca2=ER].flags.alt
Expected: The flag of Eritrea comprises three triangles Ã¢â‚¬â€� a large red isosceles triangle with its base spanning the hoist end and its apex at the midpoint on the fly end, and a green and blue right-angled triangle above and beneath the red triangle. On the hoist side of the red triangle is a golden vertical olive branch encircled by a golden olive wreath.
     got: The flag of Eritrea comprises three triangles â€” a large red isosceles triangle with its base spanning the hoist end and its apex at the midpoint on the fly end, and a green and blue right-angled triangle above and beneath the red triangle. On the hoist side of the red triangle is a golden vertical olive branch encircled by a golden olive wreath.
 ; [cca2=ER].name.nativeName.ara.common
Expected: Ã˜Â¥Ã˜Â±Ã˜ÂªÃ˜Â±Ã™Å Ã˜Â§Ã¢â‚¬Å½
     got: Ø¥Ø±ØªØ±ÙŠØ§â€Ž
 ; [cca2=ER].name.nativeName.ara.official
Expected: Ã˜Â¯Ã™Ë†Ã™â€žÃ˜Â© Ã˜Â¥Ã˜Â±Ã˜ÂªÃ˜Â±Ã™Å Ã˜Â§
     got: Ø¯ÙˆÙ„Ø© Ø¥Ø±ØªØ±ÙŠØ§
 ; [cca2=ER].name.nativeName.tir.common
Expected: Ã¡Å Â¤Ã¡Ë†Â­Ã¡â€°ÂµÃ¡Ë†Â«
     got: áŠ¤áˆ­á‰µáˆ«
 ; [cca2=ER].name.nativeName.tir.official
Expected: Ã¡Ë†Æ’Ã¡Å’Ë†Ã¡Ë†Â¨ Ã¡Å Â¤Ã¡Ë†Â­Ã¡â€°ÂµÃ¡Ë†Â«
     got: áˆƒáŒˆáˆ¨ áŠ¤áˆ­á‰µáˆ«
 ; [cca2=ER].translations.ara.common
Expected: Ã˜Â¥Ã˜Â±Ã™Å Ã˜ÂªÃ˜Â±Ã™Å Ã˜Â§
     got: Ø¥Ø±ÙŠØªØ±ÙŠØ§
 ; [cca2=ER].translations.ara.official
Expected: Ã˜Â¯Ã™Ë†Ã™â€žÃ˜Â© Ã˜Â¥Ã˜Â±Ã™Å Ã˜ÂªÃ˜Â±Ã™Å Ã˜Â§
     got: Ø¯ÙˆÙ„Ø© Ø¥Ø±ÙŠØªØ±ÙŠØ§
 ; [cca2=ER].translations.ces.official
Expected: StÃƒÂ¡t Eritrea
     got: StÃ¡t Eritrea
 ; [cca2=ER].translations.fra.common
Expected: Ãƒâ€°rythrÃƒÂ©e
     got: Ã‰rythrÃ©e
 ; [cca2=ER].translations.fra.official
Expected: Ãƒâ€°tat d&apos;Ãƒâ€°rythrÃƒÂ©e
     got: Ã‰tat d&apos;Ã‰rythrÃ©e
 ; [cca2=ER].translations.hrv.official
Expected: DrÃ…Â¾ava Eritreji
     got: DrÅ¾ava Eritreji
 ; [cca2=ER].translations.jpn.common
Expected: Ã£â€šÂ¨Ã£Æ’ÂªÃ£Æ’Ë†Ã£Æ’ÂªÃ£â€šÂ¢
     got: ã‚¨ãƒªãƒˆãƒªã‚¢
 ; [cca2=ER].translations.jpn.official
Expected: Ã£â€šÂ¨Ã£Æ’ÂªÃ£Æ’Ë†Ã£Æ’ÂªÃ£â€šÂ¢Ã¥â€ºÂ½
     got: ã‚¨ãƒªãƒˆãƒªã‚¢å›½
 ; [cca2=ER].translations.kor.common
Expected: Ã¬â€”ï¿½Ã«Â¦Â¬Ã­Å Â¸Ã«Â Ë†Ã¬â€¢â€ž
     got: ì—�ë¦¬íŠ¸ë ˆì•„
 ; [cca2=ER].translations.kor.official
Expected: Ã¬â€”ï¿½Ã«Â¦Â¬Ã­Å Â¸Ã«Â Ë†Ã¬â€¢â€žÃªÂµÂ­
     got: ì—�ë¦¬íŠ¸ë ˆì•„êµ­
 ; [cca2=ER].translations.per.common
Expected: Ã˜Â§Ã˜Â±Ã›Å’Ã˜ÂªÃ˜Â±Ã™â€¡
     got: Ø§Ø±ÛŒØªØ±Ù‡
 ; [cca2=ER].translations.per.official
Expected: Ã˜Â¬Ã™â€¦Ã™â€¡Ã™Ë†Ã˜Â±Ã›Å’ Ã˜Â§Ã˜Â±Ã›Å’Ã˜ÂªÃ˜Â±Ã™â€¡
     got: Ø¬Ù…Ù‡ÙˆØ±ÛŒ Ø§Ø±ÛŒØªØ±Ù‡
 ; [cca2=ER].translations.pol.official
Expected: PaÃ…â€žstwo Erytrea
     got: PaÅ„stwo Erytrea
 ; [cca2=ER].translations.rus.common
Expected: Ã�Â­Ã‘â‚¬Ã�Â¸Ã‘â€šÃ‘â‚¬Ã�ÂµÃ‘ï¿½
     got: Ð­Ñ€Ð¸Ñ‚Ñ€ÐµÑ�
 ; [cca2=ER].translations.rus.official
Expected: Ã�â€œÃ�Â¾Ã‘ï¿½Ã‘Æ’Ã�Â´Ã�Â°Ã‘â‚¬Ã‘ï¿½Ã‘â€šÃ�Â²Ã�Â¾ Ã�Â­Ã‘â‚¬Ã�Â¸Ã‘â€šÃ‘â‚¬Ã�ÂµÃ‘ï¿½
     got: Ð“Ð¾Ñ�ÑƒÐ´Ð°Ñ€Ñ�Ñ‚Ð²Ð¾ Ð­Ñ€Ð¸Ñ‚Ñ€ÐµÑ�
 ; [cca2=ER].translations.slk.official
Expected: EritrejskÃƒÂ½ Ã…Â¡tÃƒÂ¡t
     got: EritrejskÃ½ Å¡tÃ¡t
 ; [cca2=ER].translations.srp.common
Expected: Ã�â€¢Ã‘â‚¬Ã�Â¸Ã‘â€šÃ‘â‚¬Ã�ÂµÃ‘ËœÃ�Â°
     got: Ð•Ñ€Ð¸Ñ‚Ñ€ÐµÑ˜Ð°
 ; [cca2=ER].translations.srp.official
Expected: Ã�â€�Ã‘â‚¬Ã�Â¶Ã�Â°Ã�Â²Ã�Â° Ã�â€¢Ã‘â‚¬Ã�Â¸Ã‘â€šÃ‘â‚¬Ã�ÂµÃ‘ËœÃ�Â°
     got: Ð”Ñ€Ð¶Ð°Ð²Ð° Ð•Ñ€Ð¸Ñ‚Ñ€ÐµÑ˜Ð°
 ; [cca2=ER].translations.urd.common
Expected: Ã˜Â§Ã˜Â±Ã˜ÂªÃ˜Â±Ã›Å’Ã˜Â§
     got: Ø§Ø±ØªØ±ÛŒØ§
 ; [cca2=ER].translations.urd.official
Expected: Ã˜Â±Ã›Å’Ã˜Â§Ã˜Â³Ã˜ÂªÃ™ï¿½ Ã˜Â§Ã˜Â±Ã˜ÂªÃ˜Â±Ã›Å’Ã˜Â§
     got: Ø±ÛŒØ§Ø³ØªÙ� Ø§Ø±ØªØ±ÛŒØ§
 ; [cca2=ER].translations.zho.common
Expected: Ã¥Å½â€žÃ§Â«â€¹Ã§â€°Â¹Ã©â€¡Å’Ã¤ÂºÅ¡
     got: åŽ„ç«‹ç‰¹é‡Œäºš
 ; [cca2=ER].translations.zho.official
Expected: Ã¥Å½â€žÃ§Â«â€¹Ã§â€°Â¹Ã©â€¡Å’Ã¤ÂºÅ¡
     got: åŽ„ç«‹ç‰¹é‡Œäºš
 ; [cca2=VC].flag
Expected: Ã°Å¸â€¡Â»Ã°Å¸â€¡Â¨
     got: ðŸ‡»ðŸ‡¨
 ; [cca2=VC].translations.ara.common
Expected: Ã˜Â³Ã˜Â§Ã™â€ Ã˜Âª Ã™ï¿½Ã™Å Ã™â€ Ã˜Â³Ã™â€ Ã˜Âª Ã™Ë†Ã˜Â§Ã™â€žÃ˜ÂºÃ˜Â±Ã™Å Ã™â€ Ã˜Â§Ã˜Â¯Ã™Å Ã™â€ 
     got: Ø³Ø§Ù†Øª Ù�ÙŠÙ†Ø³Ù†Øª ÙˆØ§Ù„ØºØ±ÙŠÙ†Ø§Ø¯ÙŠÙ†
 ; [cca2=VC].translations.ara.official
Expected: Ã˜Â³Ã˜Â§Ã™â€ Ã˜Âª Ã™ï¿½Ã™Å Ã™â€ Ã˜Â³Ã™â€ Ã˜Âª Ã™Ë†Ã˜Â§Ã™â€žÃ˜ÂºÃ˜Â±Ã™Å Ã™â€ Ã˜Â§Ã˜Â¯Ã™Å Ã™â€ 
     got: Ø³Ø§Ù†Øª Ù�ÙŠÙ†Ø³Ù†Øª ÙˆØ§Ù„ØºØ±ÙŠÙ†Ø§Ø¯ÙŠÙ†
 ; [cca2=VC].translations.ces.common
Expected: SvatÃƒÂ½ Vincenc a Grenadiny
     got: SvatÃ½ Vincenc a Grenadiny
 ; [cca2=VC].translations.ces.official
Expected: SvatÃƒÂ½ Vincenc a Grenadiny
     got: SvatÃ½ Vincenc a Grenadiny
 ; [cca2=VC].translations.hun.common
Expected: Saint Vincent ÃƒÂ©s a Grenadine-szigetek
     got: Saint Vincent Ã©s a Grenadine-szigetek
 ; [cca2=VC].translations.hun.official
Expected: Saint Vincent ÃƒÂ©s a Grenadine-szigetek
     got: Saint Vincent Ã©s a Grenadine-szigetek
 ; [cca2=VC].translations.jpn.common
Expected: Ã£â€šÂ»Ã£Æ’Â³Ã£Æ’Ë†Ã£Æ’â€œÃ£Æ’Â³Ã£â€šÂ»Ã£Æ’Â³Ã£Æ’Ë†Ã£ï¿½Å Ã£â€šË†Ã£ï¿½Â³Ã£â€šÂ°Ã£Æ’Â¬Ã£Æ’Å Ã£Æ’â€¡Ã£â€šÂ£Ã£Æ’Â¼Ã£Æ’Â³Ã¨Â«Â¸Ã¥Â³Â¶
     got: ã‚»ãƒ³ãƒˆãƒ“ãƒ³ã‚»ãƒ³ãƒˆã�Šã‚ˆã�³ã‚°ãƒ¬ãƒŠãƒ‡ã‚£ãƒ¼ãƒ³è«¸å³¶
 ; [cca2=VC].translations.jpn.official
Expected: Ã£â€šÂ»Ã£Æ’Â³Ã£Æ’Ë†Ã£Æ’â€œÃ£Æ’Â³Ã£â€šÂ»Ã£Æ’Â³Ã£Æ’Ë†Ã£ï¿½Å Ã£â€šË†Ã£ï¿½Â³Ã£â€šÂ°Ã£Æ’Â¬Ã£Æ’Å Ã£Æ’â€¡Ã£â€šÂ£Ã£Æ’Â¼Ã£Æ’Â³Ã¨Â«Â¸Ã¥Â³Â¶
     got: ã‚»ãƒ³ãƒˆãƒ“ãƒ³ã‚»ãƒ³ãƒˆã�Šã‚ˆã�³ã‚°ãƒ¬ãƒŠãƒ‡ã‚£ãƒ¼ãƒ³è«¸å³¶
 ; [cca2=VC].translations.kor.common
Expected: Ã¬â€žÂ¸Ã¬ï¿½Â¸Ã­Å Â¸Ã«Â¹Ë†Ã¬â€žÂ¼Ã­Å Â¸ ÃªÂ·Â¸Ã«Â Ë†Ã«â€šËœÃ«â€�Ëœ
     got: ì„¸ì�¸íŠ¸ë¹ˆì„¼íŠ¸ ê·¸ë ˆë‚˜ë”˜
 ; [cca2=VC].translations.kor.official
Expected: Ã¬â€žÂ¸Ã¬ï¿½Â¸Ã­Å Â¸Ã«Â¹Ë†Ã¬â€žÂ¼Ã­Å Â¸ ÃªÂ·Â¸Ã«Â Ë†Ã«â€šËœÃ«â€�Ëœ
     got: ì„¸ì�¸íŠ¸ë¹ˆì„¼íŠ¸ ê·¸ë ˆë‚˜ë”˜
 ; [cca2=VC].translations.per.common
Expected: Ã˜Â³Ã™â€ Ã˜Âª Ã™Ë†Ã›Å’Ã™â€ Ã˜Â³Ã™â€ Ã˜Âª Ã™Ë† ÃšÂ¯Ã˜Â±Ã™â€ Ã˜Â§Ã˜Â¯Ã›Å’Ã™â€ Ã¢â‚¬Å’Ã™â€¡Ã˜Â§
     got: Ø³Ù†Øª ÙˆÛŒÙ†Ø³Ù†Øª Ùˆ Ú¯Ø±Ù†Ø§Ø¯ÛŒÙ†â€ŒÙ‡Ø§
 ; [cca2=VC].translations.per.official
Expected: Ã˜Â³Ã™â€ Ã˜Âª Ã™Ë†Ã›Å’Ã™â€ Ã˜Â³Ã™â€ Ã˜Âª Ã™Ë† ÃšÂ¯Ã˜Â±Ã™â€ Ã˜Â§Ã˜Â¯Ã›Å’Ã™â€ Ã¢â‚¬Å’Ã™â€¡Ã˜Â§
     got: Ø³Ù†Øª ÙˆÛŒÙ†Ø³Ù†Øª Ùˆ Ú¯Ø±Ù†Ø§Ø¯ÛŒÙ†â€ŒÙ‡Ø§
 ; [cca2=VC].translations.por.common
Expected: SÃƒÂ£o Vincente e Granadinas
     got: SÃ£o Vincente e Granadinas
 ; [cca2=VC].translations.por.official
Expected: SÃƒÂ£o Vicente e Granadinas
     got: SÃ£o Vicente e Granadinas
 ; [cca2=VC].translations.rus.common
Expected: Ã�Â¡Ã�ÂµÃ�Â½Ã‘â€š-Ã�â€™Ã�Â¸Ã�Â½Ã‘ï¿½Ã�ÂµÃ�Â½Ã‘â€š Ã�Â¸ Ã�â€œÃ‘â‚¬Ã�ÂµÃ�Â½Ã�Â°Ã�Â´Ã�Â¸Ã�Â½Ã‘â€¹
     got: Ð¡ÐµÐ½Ñ‚-Ð’Ð¸Ð½Ñ�ÐµÐ½Ñ‚ Ð¸ Ð“Ñ€ÐµÐ½Ð°Ð´Ð¸Ð½Ñ‹
 ; [cca2=VC].translations.rus.official
Expected: Ã�Â¡Ã�ÂµÃ�Â½Ã‘â€š-Ã�â€™Ã�Â¸Ã�Â½Ã‘ï¿½Ã�ÂµÃ�Â½Ã‘â€š Ã�Â¸ Ã�â€œÃ‘â‚¬Ã�ÂµÃ�Â½Ã�Â°Ã�Â´Ã�Â¸Ã�Â½Ã‘â€¹
     got: Ð¡ÐµÐ½Ñ‚-Ð’Ð¸Ð½Ñ�ÐµÐ½Ñ‚ Ð¸ Ð“Ñ€ÐµÐ½Ð°Ð´Ð¸Ð½Ñ‹
 ; [cca2=VC].translations.slk.common
Expected: SvÃƒÂ¤tÃƒÂ½ Vincent a GrenadÃƒÂ­ny
     got: SvÃ¤tÃ½ Vincent a GrenadÃ­ny
 ; [cca2=VC].translations.slk.official
Expected: SvÃƒÂ¤tÃƒÂ½ Vincent a GrenadÃƒÂ­ny
     got: SvÃ¤tÃ½ Vincent a GrenadÃ­ny
 ; [cca2=VC].translations.srp.common
Expected: Ã�Â¡Ã�Â²Ã�ÂµÃ‘â€šÃ�Â¸ Ã�â€™Ã�Â¸Ã�Â½Ã‘ï¿½Ã�ÂµÃ�Â½Ã‘â€š Ã�Â¸ Ã�â€œÃ‘â‚¬Ã�ÂµÃ�Â½Ã�Â°Ã�Â´Ã�Â¸Ã�Â½Ã�Â¸
     got: Ð¡Ð²ÐµÑ‚Ð¸ Ð’Ð¸Ð½Ñ�ÐµÐ½Ñ‚ Ð¸ Ð“Ñ€ÐµÐ½Ð°Ð´Ð¸Ð½Ð¸
 ; [cca2=VC].translations.srp.official
Expected: Ã�Â¡Ã�Â²Ã�ÂµÃ‘â€šÃ�Â¸ Ã�â€™Ã�Â¸Ã�Â½Ã‘ï¿½Ã�ÂµÃ�Â½Ã‘â€š Ã�Â¸ Ã�â€œÃ‘â‚¬Ã�ÂµÃ�Â½Ã�Â°Ã�Â´Ã�Â¸Ã�Â½Ã�Â¸
     got: Ð¡Ð²ÐµÑ‚Ð¸ Ð’Ð¸Ð½Ñ�ÐµÐ½Ñ‚ Ð¸ Ð“Ñ€ÐµÐ½Ð°Ð´Ð¸Ð½Ð¸
 ; [cca2=VC].translations.urd.common
Expected: Ã˜Â³Ã›Å’Ã™â€ Ã™Â¹ Ã™Ë†Ã›Å’Ã™â€ Ã˜Â³Ã›Å’Ã™â€ Ã™Â¹ Ã™Ë† ÃšÂ¯Ã˜Â±Ã›Å’Ã™â€ Ã˜Â§ÃšË†Ã˜Â§Ã˜Â¦Ã™â€ Ã˜Â²
     got: Ø³ÛŒÙ†Ù¹ ÙˆÛŒÙ†Ø³ÛŒÙ†Ù¹ Ùˆ Ú¯Ø±ÛŒÙ†Ø§ÚˆØ§Ø¦Ù†Ø²
 ; [cca2=VC].translations.urd.official
Expected: Ã˜Â³Ã›Å’Ã™â€ Ã™Â¹ Ã™Ë†Ã›Å’Ã™â€ Ã˜Â³Ã›Å’Ã™â€ Ã™Â¹ Ã™Ë† ÃšÂ¯Ã˜Â±Ã›Å’Ã™â€ Ã˜Â§ÃšË†Ã˜Â§Ã˜Â¦Ã™â€ Ã˜Â²
     got: Ø³ÛŒÙ†Ù¹ ÙˆÛŒÙ†Ø³ÛŒÙ†Ù¹ Ùˆ Ú¯Ø±ÛŒÙ†Ø§ÚˆØ§Ø¦Ù†Ø²
 ; [cca2=VC].translations.zho.common
Expected: Ã¥Å“Â£Ã¦â€“â€¡Ã¦Â£Â®Ã§â€°Â¹Ã¥â€™Å’Ã¦Â Â¼Ã¦Å¾â€”Ã§ÂºÂ³Ã¤Â¸ï¿½Ã¦â€“Â¯
     got: åœ£æ–‡æ£®ç‰¹å’Œæ ¼æž—çº³ä¸�æ–¯
 ; [cca2=VC].translations.zho.official
Expected: Ã¥Å“Â£Ã¦â€“â€¡Ã¦Â£Â®Ã§â€°Â¹Ã¥â€™Å’Ã¦Â Â¼Ã¦Å¾â€”Ã§ÂºÂ³Ã¤Â¸ï¿½Ã¦â€“Â¯
     got: åœ£æ–‡æ£®ç‰¹å’Œæ ¼æž—çº³ä¸�æ–¯
 ; [cca2=ES].altSpellings[]
Expected: Reino de EspaÃƒÂ±a
     but none found
 ; [cca2=ES].altSpellings[]
Unexpected: Reino de EspaÃ±a
 ; [cca2=ES].currencies.EUR.symbol
Expected: Ã¢â€šÂ¬
     got: â‚¬
 ; [cca2=ES].flag
Expected: Ã°Å¸â€¡ÂªÃ°Å¸â€¡Â¸
     got: ðŸ‡ªðŸ‡¸
 ; [cca2=ES].name.nativeName.spa.common
Expected: EspaÃƒÂ±a
     got: EspaÃ±a
 ; [cca2=ES].name.nativeName.spa.official
Expected: Reino de EspaÃƒÂ±a
     got: Reino de EspaÃ±a
 ; [cca2=ES].translations.ara.common
Expected: Ã˜Â¥Ã˜Â³Ã˜Â¨Ã˜Â§Ã™â€ Ã™Å Ã˜Â§
     got: Ø¥Ø³Ø¨Ø§Ù†ÙŠØ§
 ; [cca2=ES].translations.ara.official
Expected: Ã™â€¦Ã™â€¦Ã™â€žÃ™Æ’Ã˜Â© Ã˜Â¥Ã˜Â³Ã˜Â¨Ã˜Â§Ã™â€ Ã™Å Ã˜Â§
     got: Ù…Ù…Ù„ÙƒØ© Ø¥Ø³Ø¨Ø§Ù†ÙŠØ§
 ; [cca2=ES].translations.ces.common
Expected: Ã…Â panÃ„â€ºlsko
     got: Å panÄ›lsko
 ; [cca2=ES].translations.ces.official
Expected: Ã…Â panÃ„â€ºlskÃƒÂ© krÃƒÂ¡lovstvÃƒÂ­
     got: Å panÄ›lskÃ© krÃ¡lovstvÃ­
 ; [cca2=ES].translations.deu.official
Expected: KÃƒÂ¶nigreich Spanien
     got: KÃ¶nigreich Spanien
 ; [cca2=ES].translations.hrv.common
Expected: Ã…Â panjolska
     got: Å panjolska
 ; [cca2=ES].translations.hrv.official
Expected: Kraljevina Ã…Â panjolska
     got: Kraljevina Å panjolska
 ; [cca2=ES].translations.hun.common
Expected: SpanyolorszÃƒÂ¡g
     got: SpanyolorszÃ¡g
 ; [cca2=ES].translations.hun.official
Expected: Spanyol KirÃƒÂ¡lysÃƒÂ¡g
     got: Spanyol KirÃ¡lysÃ¡g
 ; [cca2=ES].translations.jpn.common
Expected: Ã£â€šÂ¹Ã£Æ’Å¡Ã£â€šÂ¤Ã£Æ’Â³
     got: ã‚¹ãƒšã‚¤ãƒ³
 ; [cca2=ES].translations.jpn.official
Expected: Ã£â€šÂ¹Ã£Æ’Å¡Ã£â€šÂ¤Ã£Æ’Â³Ã§Å½â€¹Ã¥â€ºÂ½
     got: ã‚¹ãƒšã‚¤ãƒ³çŽ‹å›½
 ; [cca2=ES].translations.kor.common
Expected: Ã¬Å Â¤Ã­Å½ËœÃ¬ï¿½Â¸
     got: ìŠ¤íŽ˜ì�¸
 ; [cca2=ES].translations.kor.official
Expected: Ã¬â€”ï¿½Ã¬Å Â¤Ã­Å’Å’Ã«Æ’ï¿½ Ã¬â„¢â€¢ÃªÂµÂ­
     got: ì—�ìŠ¤íŒŒëƒ� ì™•êµ­
 ; [cca2=ES].translations.per.common
Expected: Ã˜Â§Ã˜Â³Ã™Â¾Ã˜Â§Ã™â€ Ã›Å’Ã˜Â§
     got: Ø§Ø³Ù¾Ø§Ù†ÛŒØ§
 ; [cca2=ES].translations.per.official
Expected: Ã™Â¾Ã˜Â§Ã˜Â¯Ã˜Â´Ã˜Â§Ã™â€¡Ã›Å’ Ã˜Â§Ã˜Â³Ã™Â¾Ã˜Â§Ã™â€ Ã›Å’Ã˜Â§
     got: Ù¾Ø§Ø¯Ø´Ø§Ù‡ÛŒ Ø§Ø³Ù¾Ø§Ù†ÛŒØ§
 ; [cca2=ES].translations.pol.official
Expected: KrÃƒÂ³lestwo Hiszpanii 
     got: KrÃ³lestwo Hiszpanii 
 ; [cca2=ES].translations.rus.common
Expected: Ã�ËœÃ‘ï¿½Ã�Â¿Ã�Â°Ã�Â½Ã�Â¸Ã‘ï¿½
     got: Ð˜Ñ�Ð¿Ð°Ð½Ð¸Ñ�
 ; [cca2=ES].translations.rus.official
Expected: Ã�Å¡Ã�Â¾Ã‘â‚¬Ã�Â¾Ã�Â»Ã�ÂµÃ�Â²Ã‘ï¿½Ã‘â€šÃ�Â²Ã�Â¾ Ã�ËœÃ‘ï¿½Ã�Â¿Ã�Â°Ã�Â½Ã�Â¸Ã‘ï¿½
     got: ÐšÐ¾Ñ€Ð¾Ð»ÐµÐ²Ñ�Ñ‚Ð²Ð¾ Ð˜Ñ�Ð¿Ð°Ð½Ð¸Ñ�
 ; [cca2=ES].translations.slk.common
Expected: Ã…Â panielsko
     got: Å panielsko
 ; [cca2=ES].translations.slk.official
Expected: Ã…Â panielske krÃƒÂ¡Ã„Â¾ovstvo
     got: Å panielske krÃ¡Ä¾ovstvo
 ; [cca2=ES].translations.spa.common
Expected: EspaÃƒÂ±a
     got: EspaÃ±a
 ; [cca2=ES].translations.spa.official
Expected: Reino de EspaÃƒÂ±a
     got: Reino de EspaÃ±a
 ; [cca2=ES].translations.srp.common
Expected: Ã�Â¨Ã�Â¿Ã�Â°Ã�Â½Ã�Â¸Ã‘ËœÃ�Â°
     got: Ð¨Ð¿Ð°Ð½Ð¸Ñ˜Ð°
 ; [cca2=ES].translations.srp.official
Expected: Ã�Å¡Ã‘â‚¬Ã�Â°Ã‘â„¢Ã�ÂµÃ�Â²Ã�Â¸Ã�Â½Ã�Â° Ã�Â¨Ã�Â¿Ã�Â°Ã�Â½Ã�Â¸Ã‘ËœÃ�Â°
     got: ÐšÑ€Ð°Ñ™ÐµÐ²Ð¸Ð½Ð° Ð¨Ð¿Ð°Ð½Ð¸Ñ˜Ð°
 ; [cca2=ES].translations.tur.common
Expected: Ã„Â°spanya
     got: Ä°spanya
 ; [cca2=ES].translations.tur.official
Expected: Ã„Â°spanya KrallÃ„Â±Ã„Å¸Ã„Â±
     got: Ä°spanya KrallÄ±ÄŸÄ±
 ; [cca2=ES].translations.urd.common
Expected: Ã›ï¿½Ã˜Â³Ã™Â¾Ã˜Â§Ã™â€ Ã›Å’Ã›ï¿½
     got: Û�Ø³Ù¾Ø§Ù†ÛŒÛ�
 ; [cca2=ES].translations.urd.official
Expected: Ã™â€¦Ã™â€¦Ã™â€žÃšÂ©Ã˜ÂªÃ™ï¿½ Ã›ï¿½Ã˜Â³Ã™Â¾Ã˜Â§Ã™â€ Ã›Å’Ã›ï¿½
     got: Ù…Ù…Ù„Ú©ØªÙ� Û�Ø³Ù¾Ø§Ù†ÛŒÛ�
 ; [cca2=ES].translations.zho.common
Expected: Ã¨Â¥Â¿Ã§ï¿½Â­Ã§â€°â„¢
     got: è¥¿ç�­ç‰™
 ; [cca2=ES].translations.zho.official
Expected: Ã¨Â¥Â¿Ã§ï¿½Â­Ã§â€°â„¢Ã§Å½â€¹Ã¥â€ºÂ½
     got: è¥¿ç�­ç‰™çŽ‹å›½
 ; [cca2=VE].altSpellings[]
Expected: RepÃƒÂºblica Bolivariana de Venezuela
     but none found
 ; [cca2=VE].altSpellings[]
Unexpected: RepÃºblica Bolivariana de Venezuela
 ; [cca2=VE].currencies.VES.name
Expected: Venezuelan bolÃƒÂ­var soberano
     got: Venezuelan bolÃ­var soberano
 ; [cca2=VE].demonyms.fra.f
Expected: VÃƒÂ©nÃƒÂ©zuÃƒÂ©lienne
     got: VÃ©nÃ©zuÃ©lienne
 ; [cca2=VE].demonyms.fra.m
Expected: VÃƒÂ©nÃƒÂ©zuÃƒÂ©lien
     got: VÃ©nÃ©zuÃ©lien
 ; [cca2=VE].flag
Expected: Ã°Å¸â€¡Â»Ã°Å¸â€¡Âª
     got: ðŸ‡»ðŸ‡ª
 ; [cca2=VE].name.nativeName.spa.official
Expected: RepÃƒÂºblica Bolivariana de Venezuela
     got: RepÃºblica Bolivariana de Venezuela
 ; [cca2=VE].translations.ara.common
Expected: Ã™ï¿½Ã™â€ Ã˜Â²Ã™Ë†Ã™Å Ã™â€žÃ˜Â§
     got: Ù�Ù†Ø²ÙˆÙŠÙ„Ø§
 ; [cca2=VE].translations.ara.official
Expected: Ã˜Â¬Ã™â€¦Ã™â€¡Ã™Ë†Ã˜Â±Ã™Å Ã˜Â© Ã™ï¿½Ã™â€ Ã˜Â²Ã™Ë†Ã™Å Ã™â€žÃ˜Â§ Ã˜Â§Ã™â€žÃ˜Â¨Ã™Ë†Ã™â€žÃ™Å Ã™ï¿½Ã˜Â§Ã˜Â±Ã™Å Ã˜Â©
     got: Ø¬Ù…Ù‡ÙˆØ±ÙŠØ© Ù�Ù†Ø²ÙˆÙŠÙ„Ø§ Ø§Ù„Ø¨ÙˆÙ„ÙŠÙ�Ø§Ø±ÙŠØ©
 ; [cca2=VE].translations.ces.official
Expected: BolÃƒÂ­varskÃƒÂ¡ republika Venezuela
     got: BolÃ­varskÃ¡ republika Venezuela
 ; [cca2=VE].translations.est.official
Expected: Venezuela BolÃƒÂ­vari Vabariik
     got: Venezuela BolÃ­vari Vabariik
 ; [cca2=VE].translations.fra.official
Expected: RÃƒÂ©publique bolivarienne du Venezuela
     got: RÃ©publique bolivarienne du Venezuela
 ; [cca2=VE].translations.hun.official
Expected: Venezuelai BolivÃƒÂ¡ri KÃƒÂ¶ztÃƒÂ¡rsasÃƒÂ¡g
     got: Venezuelai BolivÃ¡ri KÃ¶ztÃ¡rsasÃ¡g
 ; [cca2=VE].translations.jpn.common
Expected: Ã£Æ’â„¢Ã£Æ’ï¿½Ã£â€šÂºÃ£â€šÂ¨Ã£Æ’Â©Ã£Æ’Â»Ã£Æ’Å“Ã£Æ’ÂªÃ£Æ’ï¿½Ã£Æ’Â«Ã¥â€¦Â±Ã¥â€™Å’Ã¥â€ºÂ½
     got: ãƒ™ãƒ�ã‚ºã‚¨ãƒ©ãƒ»ãƒœãƒªãƒ�ãƒ«å…±å’Œå›½
 ; [cca2=VE].translations.jpn.official
Expected: Ã£Æ’â„¢Ã£Æ’ï¿½Ã£â€šÂºÃ£â€šÂ¨Ã£Æ’Â©Ã‚Â·Ã£Æ’Å“Ã£Æ’ÂªÃ£Æ’ï¿½Ã£Æ’Â«Ã¥â€¦Â±Ã¥â€™Å’Ã¥â€ºÂ½
     got: ãƒ™ãƒ�ã‚ºã‚¨ãƒ©Â·ãƒœãƒªãƒ�ãƒ«å…±å’Œå›½
 ; [cca2=VE].translations.kor.common
Expected: Ã«Â²Â Ã«â€žÂ¤Ã¬Ë†ËœÃ¬â€”ËœÃ«ï¿½Â¼
     got: ë² ë„¤ìˆ˜ì—˜ë�¼
 ; [cca2=VE].translations.kor.official
Expected: Ã«Â²Â Ã«â€žÂ¤Ã¬Ë†ËœÃ¬â€”ËœÃ«ï¿½Â¼ Ã«Â³Â¼Ã«Â¦Â¬Ã«Â°â€�Ã«Â¥Â´ ÃªÂ³ÂµÃ­â„¢â€�ÃªÂµÂ­
     got: ë² ë„¤ìˆ˜ì—˜ë�¼ ë³¼ë¦¬ë°”ë¥´ ê³µí™”êµ­
 ; [cca2=VE].translations.per.common
Expected: Ã™Ë†Ã™â€ Ã˜Â²Ã™Ë†Ã˜Â¦Ã™â€žÃ˜Â§
     got: ÙˆÙ†Ø²ÙˆØ¦Ù„Ø§
 ; [cca2=VE].translations.per.official
Expected: Ã˜Â¬Ã™â€¦Ã™â€¡Ã™Ë†Ã˜Â±Ã›Å’ Ã˜Â¨Ã™Ë†Ã™â€žÃ›Å’Ã™Ë†Ã˜Â§Ã˜Â±Ã›Å’ Ã™Ë†Ã™â€ Ã˜Â²Ã™Ë†Ã˜Â¦Ã™â€žÃ˜Â§
     got: Ø¬Ù…Ù‡ÙˆØ±ÛŒ Ø¨ÙˆÙ„ÛŒÙˆØ§Ø±ÛŒ ÙˆÙ†Ø²ÙˆØ¦Ù„Ø§
 ; [cca2=VE].translations.pol.official
Expected: BoliwariaÃ…â€žska Republika Wenezueli
     got: BoliwariaÅ„ska Republika Wenezueli
 ; [cca2=VE].translations.por.official
Expected: RepÃƒÂºblica Bolivariana da Venezuela
     got: RepÃºblica Bolivariana da Venezuela
 ; [cca2=VE].translations.rus.common
Expected: Ã�â€™Ã�ÂµÃ�Â½Ã�ÂµÃ‘ï¿½Ã‘Æ’Ã‘ï¿½Ã�Â»Ã�Â°
     got: Ð’ÐµÐ½ÐµÑ�ÑƒÑ�Ð»Ð°
 ; [cca2=VE].translations.rus.official
Expected: Ã�â€˜Ã�Â¾Ã�Â»Ã�Â¸Ã�Â²Ã�Â°Ã‘â‚¬Ã�Â¸Ã�Â°Ã�Â½Ã‘ï¿½Ã�ÂºÃ�Â°Ã‘ï¿½ Ã�Â Ã�ÂµÃ‘ï¿½Ã�Â¿Ã‘Æ’Ã�Â±Ã�Â»Ã�Â¸Ã�ÂºÃ�Â° Ã�â€™Ã�ÂµÃ�Â½Ã�ÂµÃ‘ï¿½Ã‘Æ’Ã‘ï¿½Ã�Â»Ã�Â°
     got: Ð‘Ð¾Ð»Ð¸Ð²Ð°Ñ€Ð¸Ð°Ð½Ñ�ÐºÐ°Ñ� Ð ÐµÑ�Ð¿ÑƒÐ±Ð»Ð¸ÐºÐ° Ð’ÐµÐ½ÐµÑ�ÑƒÑ�Ð»Ð°
 ; [cca2=VE].translations.slk.official
Expected: VenezuelskÃƒÂ¡ bolÃƒÂ­varovskÃƒÂ¡ republika
     got: VenezuelskÃ¡ bolÃ­varovskÃ¡ republika
 ; [cca2=VE].translations.spa.official
Expected: RepÃƒÂºblica Bolivariana de Venezuela
     got: RepÃºblica Bolivariana de Venezuela
 ; [cca2=VE].translations.srp.common
Expected: Ã�â€™Ã�ÂµÃ�Â½Ã�ÂµÃ‘â€ Ã‘Æ’Ã�ÂµÃ�Â»Ã�Â°
     got: Ð’ÐµÐ½ÐµÑ†ÑƒÐµÐ»Ð°
 ; [cca2=VE].translations.srp.official
Expected: Ã�â€˜Ã�Â¾Ã�Â»Ã�Â¸Ã�Â²Ã�Â°Ã‘â‚¬Ã‘ï¿½Ã�ÂºÃ�Â° Ã�Â Ã�ÂµÃ�Â¿Ã‘Æ’Ã�Â±Ã�Â»Ã�Â¸Ã�ÂºÃ�Â° Ã�â€™Ã�ÂµÃ�Â½Ã�ÂµÃ‘â€ Ã‘Æ’Ã�ÂµÃ�Â»Ã�Â°
     got: Ð‘Ð¾Ð»Ð¸Ð²Ð°Ñ€Ñ�ÐºÐ° Ð ÐµÐ¿ÑƒÐ±Ð»Ð¸ÐºÐ° Ð’ÐµÐ½ÐµÑ†ÑƒÐµÐ»Ð°
 ; [cca2=VE].translations.tur.official
Expected: BolivarcÃ„Â± Venezuela Cumhuriyeti
     got: BolivarcÄ± Venezuela Cumhuriyeti
 ; [cca2=VE].translations.urd.common
Expected: Ã™Ë†Ã›Å’Ã™â€ Ã›Å’Ã˜Â²Ã™Ë†Ã›Å’Ã™â€žÃ˜Â§
     got: ÙˆÛŒÙ†ÛŒØ²ÙˆÛŒÙ„Ø§
 ; [cca2=VE].translations.urd.official
Expected: Ã˜Â¬Ã™â€¦Ã›ï¿½Ã™Ë†Ã˜Â±Ã›Å’Ã›ï¿½ Ã™Ë†Ã›Å’Ã™â€ Ã›Å’Ã˜Â²Ã™Ë†Ã›Å’Ã™â€žÃ˜Â§
     got: Ø¬Ù…Û�ÙˆØ±ÛŒÛ� ÙˆÛŒÙ†ÛŒØ²ÙˆÛŒÙ„Ø§
 ; [cca2=VE].translations.zho.common
Expected: Ã¥Â§â€�Ã¥â€ â€¦Ã§â€˜Å¾Ã¦â€¹â€°
     got: å§”å†…ç‘žæ‹‰
 ; [cca2=VE].translations.zho.official
Expected: Ã¥Â§â€�Ã¥â€ â€¦Ã§â€˜Å¾Ã¦â€¹â€°Ã§Å½Â»Ã¥Ë†Â©Ã§â€œÂ¦Ã¥Â°â€�Ã¥â€¦Â±Ã¥â€™Å’Ã¥â€ºÂ½
     got: å§”å†…ç‘žæ‹‰çŽ»åˆ©ç“¦å°”å…±å’Œå›½
 ; [cca2=ET].altSpellings[]
Expected: Ã¡â€¹Â¨Ã¡Å Â¢Ã¡â€°ÂµÃ¡â€¹Â®Ã¡Å’ÂµÃ¡â€¹Â« Ã¡ï¿½Å’Ã¡â€¹Â´Ã¡Ë†Â«Ã¡Ë†â€¹Ã¡â€¹Å  Ã¡â€¹Â²Ã¡Ë†Å¾Ã¡Å Â­Ã¡Ë†Â«Ã¡Ë†Â²Ã¡â€¹Â«Ã¡â€¹Å  Ã¡Ë†ÂªÃ¡ï¿½ï¿½Ã¡â€°Â¥Ã¡Ë†Å Ã¡Å Â­
     but none found
 ; [cca2=ET].altSpellings[]
Expected: ÃŠÂ¾Ã„ÂªtyÃ…ï¿½Ã¡Â¹â€”Ã¡Â¹â€”yÃ„ï¿½
     but none found
 ; [cca2=ET].altSpellings[]
Unexpected: Ê¾ÄªtyÅ�á¹—á¹—yÄ�
 ; [cca2=ET].altSpellings[]
Unexpected: á‹¨áŠ¢á‰µá‹®áŒµá‹« á�Œá‹´áˆ«áˆ‹á‹Š á‹²áˆžáŠ­áˆ«áˆ²á‹«á‹Š áˆªá��á‰¥áˆŠáŠ­
 ; [cca2=ET].demonyms.fra.f
Expected: Ãƒâ€°thiopienne
     got: Ã‰thiopienne
 ; [cca2=ET].demonyms.fra.m
Expected: Ãƒâ€°thiopien
     got: Ã‰thiopien
 ; [cca2=ET].flag
Expected: Ã°Å¸â€¡ÂªÃ°Å¸â€¡Â¹
     got: ðŸ‡ªðŸ‡¹
 ; [cca2=ET].name.nativeName.amh.common
Expected: Ã¡Å Â¢Ã¡â€°ÂµÃ¡â€¹Â®Ã¡Å’ÂµÃ¡â€¹Â«
     got: áŠ¢á‰µá‹®áŒµá‹«
 ; [cca2=ET].name.nativeName.amh.official
Expected: Ã¡â€¹Â¨Ã¡Å Â¢Ã¡â€°ÂµÃ¡â€¹Â®Ã¡Å’ÂµÃ¡â€¹Â« Ã¡ï¿½Å’Ã¡â€¹Â´Ã¡Ë†Â«Ã¡Ë†â€¹Ã¡â€¹Å  Ã¡â€¹Â²Ã¡Ë†Å¾Ã¡Å Â­Ã¡Ë†Â«Ã¡Ë†Â²Ã¡â€¹Â«Ã¡â€¹Å  Ã¡Ë†ÂªÃ¡ï¿½ï¿½Ã¡â€°Â¥Ã¡Ë†Å Ã¡Å Â­
     got: á‹¨áŠ¢á‰µá‹®áŒµá‹« á�Œá‹´áˆ«áˆ‹á‹Š á‹²áˆžáŠ­áˆ«áˆ²á‹«á‹Š áˆªá��á‰¥áˆŠáŠ­
 ; [cca2=ET].translations.ara.common
Expected: Ã˜Â¥Ã˜Â«Ã™Å Ã™Ë†Ã˜Â¨Ã™Å Ã˜Â§
     got: Ø¥Ø«ÙŠÙˆØ¨ÙŠØ§
 ; [cca2=ET].translations.ara.official
Expected: Ã˜Â¬Ã™â€¦Ã™â€¡Ã™Ë†Ã˜Â±Ã™Å Ã˜Â© Ã˜Â¥Ã˜Â«Ã™Å Ã™Ë†Ã˜Â¨Ã™Å Ã˜Â§ Ã˜Â§Ã™â€žÃ™ï¿½Ã˜Â¯Ã˜Â±Ã˜Â§Ã™â€žÃ™Å Ã˜Â© Ã˜Â§Ã™â€žÃ˜Â¯Ã™Å Ã™â€¦Ã™Ë†Ã™â€šÃ˜Â±Ã˜Â§Ã˜Â·Ã™Å Ã˜Â©
     got: Ø¬Ù…Ù‡ÙˆØ±ÙŠØ© Ø¥Ø«ÙŠÙˆØ¨ÙŠØ§ Ø§Ù„Ù�Ø¯Ø±Ø§Ù„ÙŠØ© Ø§Ù„Ø¯ÙŠÙ…ÙˆÙ‚Ø±Ø§Ø·ÙŠØ©
 ; [cca2=ET].translations.ces.official
Expected: EtiopskÃƒÂ¡ federativnÃƒÂ­ demokratickÃƒÂ¡ republika
     got: EtiopskÃ¡ federativnÃ­ demokratickÃ¡ republika
 ; [cca2=ET].translations.deu.common
Expected: Ãƒâ€žthiopien
     got: Ã„thiopien
 ; [cca2=ET].translations.deu.official
Expected: Demokratische Bundesrepublik Ãƒâ€žthiopien
     got: Demokratische Bundesrepublik Ã„thiopien
 ; [cca2=ET].translations.fra.common
Expected: Ãƒâ€°thiopie
     got: Ã‰thiopie
 ; [cca2=ET].translations.fra.official
Expected: RÃƒÂ©publique fÃƒÂ©dÃƒÂ©rale dÃƒÂ©mocratique d&apos;Ãƒâ€°thiopie
     got: RÃ©publique fÃ©dÃ©rale dÃ©mocratique d&apos;Ã‰thiopie
 ; [cca2=ET].translations.hun.common
Expected: EtiÃƒÂ³pia
     got: EtiÃ³pia
 ; [cca2=ET].translations.hun.official
Expected: EtiÃƒÂ³p SzÃƒÂ¶vetsÃƒÂ©gi Demokratikus KÃƒÂ¶ztÃƒÂ¡rsasÃƒÂ¡g
     got: EtiÃ³p SzÃ¶vetsÃ©gi Demokratikus KÃ¶ztÃ¡rsasÃ¡g
 ; [cca2=ET].translations.jpn.common
Expected: Ã£â€šÂ¨Ã£Æ’ï¿½Ã£â€šÂªÃ£Æ’â€�Ã£â€šÂ¢
     got: ã‚¨ãƒ�ã‚ªãƒ”ã‚¢
 ; [cca2=ET].translations.jpn.official
Expected: Ã£â€šÂ¨Ã£Æ’ï¿½Ã£â€šÂªÃ£Æ’â€�Ã£â€šÂ¢Ã©â‚¬Â£Ã©â€šÂ¦Ã¦Â°â€˜Ã¤Â¸Â»Ã¥â€¦Â±Ã¥â€™Å’Ã¥â€ºÂ½
     got: ã‚¨ãƒ�ã‚ªãƒ”ã‚¢é€£é‚¦æ°‘ä¸»å…±å’Œå›½
 ; [cca2=ET].translations.kor.common
Expected: Ã¬â€”ï¿½Ã­â€¹Â°Ã¬ËœÂ¤Ã­â€�Â¼Ã¬â€¢â€ž
     got: ì—�í‹°ì˜¤í”¼ì•„
 ; [cca2=ET].translations.kor.official
Expected: Ã¬â€”ï¿½Ã­â€¹Â°Ã¬ËœÂ¤Ã­â€�Â¼Ã¬â€¢â€ž Ã¬â€”Â°Ã«Â°Â© Ã«Â¯Â¼Ã¬Â£Â¼ ÃªÂ³ÂµÃ­â„¢â€�ÃªÂµÂ­
     got: ì—�í‹°ì˜¤í”¼ì•„ ì—°ë°© ë¯¼ì£¼ ê³µí™”êµ­
 ; [cca2=ET].translations.nld.common
Expected: EthiopiÃƒÂ«
     got: EthiopiÃ«
 ; [cca2=ET].translations.nld.official
Expected: Federale Democratische Republiek EthiopiÃƒÂ«
     got: Federale Democratische Republiek EthiopiÃ«
 ; [cca2=ET].translations.per.common
Expected: Ã˜Â§Ã™ï¿½Ã˜ÂªÃ›Å’Ã™Ë†Ã™Â¾Ã›Å’
     got: Ø§Ù�ØªÛŒÙˆÙ¾ÛŒ
 ; [cca2=ET].translations.per.official
Expected: Ã˜Â¬Ã™â€¦Ã™â€¡Ã™Ë†Ã˜Â±Ã›Å’ Ã™ï¿½Ã˜Â¯Ã˜Â±Ã˜Â§Ã™â€ž Ã˜Â¯Ã™â€¦Ã™Ë†ÃšÂ©Ã˜Â±Ã˜Â§Ã˜ÂªÃ›Å’ÃšÂ© Ã˜Â§Ã˜ÂªÃ›Å’Ã™Ë†Ã™Â¾Ã›Å’
     got: Ø¬Ù…Ù‡ÙˆØ±ÛŒ Ù�Ø¯Ø±Ø§Ù„ Ø¯Ù…ÙˆÚ©Ø±Ø§ØªÛŒÚ© Ø§ØªÛŒÙˆÙ¾ÛŒ
 ; [cca2=ET].translations.por.common
Expected: EtiÃƒÂ³pia
     got: EtiÃ³pia
 ; [cca2=ET].translations.por.official
Expected: RepÃƒÂºblica Federal DemocrÃƒÂ¡tica da EtiÃƒÂ³pia
     got: RepÃºblica Federal DemocrÃ¡tica da EtiÃ³pia
 ; [cca2=ET].translations.rus.common
Expected: Ã�Â­Ã‘â€žÃ�Â¸Ã�Â¾Ã�Â¿Ã�Â¸Ã‘ï¿½
     got: Ð­Ñ„Ð¸Ð¾Ð¿Ð¸Ñ�
 ; [cca2=ET].translations.rus.official
Expected: Ã�Â¤Ã�ÂµÃ�Â´Ã�ÂµÃ‘â‚¬Ã�Â°Ã‘â€šÃ�Â¸Ã�Â²Ã�Â½Ã�Â°Ã‘ï¿½ Ã�â€�Ã�ÂµÃ�Â¼Ã�Â¾Ã�ÂºÃ‘â‚¬Ã�Â°Ã‘â€šÃ�Â¸Ã‘â€¡Ã�ÂµÃ‘ï¿½Ã�ÂºÃ�Â°Ã‘ï¿½ Ã�Â Ã�ÂµÃ‘ï¿½Ã�Â¿Ã‘Æ’Ã�Â±Ã�Â»Ã�Â¸Ã�ÂºÃ�Â° Ã�Â­Ã‘â€žÃ�Â¸Ã�Â¾Ã�Â¿Ã�Â¸Ã‘ï¿½
     got: Ð¤ÐµÐ´ÐµÑ€Ð°Ñ‚Ð¸Ð²Ð½Ð°Ñ� Ð”ÐµÐ¼Ð¾ÐºÑ€Ð°Ñ‚Ð¸Ñ‡ÐµÑ�ÐºÐ°Ñ� Ð ÐµÑ�Ð¿ÑƒÐ±Ð»Ð¸ÐºÐ° Ð­Ñ„Ð¸Ð¾Ð¿Ð¸Ñ�
 ; [cca2=ET].translations.slk.common
Expected: EtiÃƒÂ³pia
     got: EtiÃ³pia
 ; [cca2=ET].translations.slk.official
Expected: EtiÃƒÂ³pska federatÃƒÂ­vna demokratickÃƒÂ¡ republika
     got: EtiÃ³pska federatÃ­vna demokratickÃ¡ republika
 ; [cca2=ET].translations.spa.common
Expected: EtiopÃƒÂ­a
     got: EtiopÃ­a
 ; [cca2=ET].translations.spa.official
Expected: RepÃƒÂºblica DemocrÃƒÂ¡tica Federal de EtiopÃƒÂ­a
     got: RepÃºblica DemocrÃ¡tica Federal de EtiopÃ­a
 ; [cca2=ET].translations.srp.common
Expected: Ã�â€¢Ã‘â€šÃ�Â¸Ã�Â¾Ã�Â¿Ã�Â¸Ã‘ËœÃ�Â°
     got: Ð•Ñ‚Ð¸Ð¾Ð¿Ð¸Ñ˜Ð°
 ; [cca2=ET].translations.srp.official
Expected: Ã�Â¡Ã�Â°Ã�Â²Ã�ÂµÃ�Â·Ã�Â½Ã�Â° Ã�â€�Ã�ÂµÃ�Â¼Ã�Â¾Ã�ÂºÃ‘â‚¬Ã�Â°Ã‘â€šÃ‘ï¿½Ã�ÂºÃ�Â° Ã�Â Ã�ÂµÃ�Â¿Ã‘Æ’Ã�Â±Ã�Â»Ã�Â¸Ã�ÂºÃ�Â° Ã�â€¢Ã‘â€šÃ�Â¸Ã�Â¾Ã�Â¿Ã�Â¸Ã‘ËœÃ�Â°
     got: Ð¡Ð°Ð²ÐµÐ·Ð½Ð° Ð”ÐµÐ¼Ð¾ÐºÑ€Ð°Ñ‚Ñ�ÐºÐ° Ð ÐµÐ¿ÑƒÐ±Ð»Ð¸ÐºÐ° Ð•Ñ‚Ð¸Ð¾Ð¿Ð¸Ñ˜Ð°
 ; [cca2=ET].translations.swe.official
Expected: Demokratiska fÃƒÂ¶rbundsrepubliken Etiopien
     got: Demokratiska fÃ¶rbundsrepubliken Etiopien
 ; [cca2=ET].translations.urd.common
Expected: Ã˜Â§Ã›Å’Ã˜ÂªÃšÂ¾Ã™Ë†Ã™Â¾Ã›Å’Ã˜Â§
     got: Ø§ÛŒØªÚ¾ÙˆÙ¾ÛŒØ§
 ; [cca2=ET].translations.urd.official
Expected: Ã™Ë†Ã™ï¿½Ã˜Â§Ã™â€šÃ›Å’ Ã˜Â¬Ã™â€¦Ã›ï¿½Ã™Ë†Ã˜Â±Ã›Å’ Ã˜Â¬Ã™â€¦Ã›ï¿½Ã™Ë†Ã˜Â±Ã›Å’Ã›ï¿½ Ã˜Â§Ã›Å’Ã˜ÂªÃšÂ¾Ã™Ë†Ã™Â¾Ã›Å’Ã˜Â§
     got: ÙˆÙ�Ø§Ù‚ÛŒ Ø¬Ù…Û�ÙˆØ±ÛŒ Ø¬Ù…Û�ÙˆØ±ÛŒÛ� Ø§ÛŒØªÚ¾ÙˆÙ¾ÛŒØ§
 ; [cca2=ET].translations.zho.common
Expected: Ã¥Å¸Æ’Ã¥Â¡Å¾Ã¤Â¿â€žÃ¦Â¯â€�Ã¤ÂºÅ¡
     got: åŸƒå¡žä¿„æ¯”äºš
 ; [cca2=ET].translations.zho.official
Expected: Ã¥Å¸Æ’Ã¥Â¡Å¾Ã¤Â¿â€žÃ¦Â¯â€�Ã¤ÂºÅ¡Ã¨ï¿½â€�Ã©â€šÂ¦Ã¦Â°â€˜Ã¤Â¸Â»Ã¥â€¦Â±Ã¥â€™Å’Ã¥â€ºÂ½
     got: åŸƒå¡žä¿„æ¯”äºšè�”é‚¦æ°‘ä¸»å…±å’Œå›½
 ; [cca2=VG].flag
Expected: Ã°Å¸â€¡Â»Ã°Å¸â€¡Â¬
     got: ðŸ‡»ðŸ‡¬
 ; [cca2=VG].translations.ara.common
Expected: Ã˜Â¬Ã˜Â²Ã˜Â± Ã˜Â§Ã™â€žÃ˜Â¹Ã˜Â°Ã˜Â±Ã˜Â§Ã˜Â¡
     got: Ø¬Ø²Ø± Ø§Ù„Ø¹Ø°Ø±Ø§Ø¡
 ; [cca2=VG].translations.ara.official
Expected: Ã˜Â¬Ã˜Â²Ã˜Â± Ã˜Â§Ã™â€žÃ˜Â¹Ã˜Â°Ã˜Â±Ã˜Â§Ã˜Â¡ Ã˜Â§Ã™â€žÃ˜Â¨Ã˜Â±Ã™Å Ã˜Â·Ã˜Â§Ã™â€ Ã™Å Ã˜Â©
     got: Ø¬Ø²Ø± Ø§Ù„Ø¹Ø°Ø±Ø§Ø¡ Ø§Ù„Ø¨Ø±ÙŠØ·Ø§Ù†ÙŠØ©
 ; [cca2=VG].translations.ces.common
Expected: BritskÃƒÂ© PanenskÃƒÂ© ostrovy
     got: BritskÃ© PanenskÃ© ostrovy
 ; [cca2=VG].translations.ces.official
Expected: BritskÃƒÂ© PanenskÃƒÂ© ostrovy
     got: BritskÃ© PanenskÃ© ostrovy
 ; [cca2=VG].translations.fin.official
Expected: BrittilÃƒÂ¤iset Neitsytsaaret
     got: BrittilÃ¤iset Neitsytsaaret
 ; [cca2=VG].translations.fra.common
Expected: ÃƒÅ½les Vierges britanniques
     got: ÃŽles Vierges britanniques
 ; [cca2=VG].translations.fra.official
Expected: ÃƒÂ®les Vierges
     got: Ã®les Vierges
 ; [cca2=VG].translations.hrv.common
Expected: Britanski DjeviÃ„ï¿½anski Otoci
     got: Britanski DjeviÄ�anski Otoci
 ; [cca2=VG].translations.hrv.official
Expected: DjeviÃ„ï¿½anski Otoci
     got: DjeviÄ�anski Otoci
 ; [cca2=VG].translations.jpn.common
Expected: Ã£â€šÂ¤Ã£â€šÂ®Ã£Æ’ÂªÃ£â€šÂ¹Ã©Â ËœÃ£Æ’Â´Ã£â€šÂ¡Ã£Æ’Â¼Ã£â€šÂ¸Ã£Æ’Â³Ã¨Â«Â¸Ã¥Â³Â¶
     got: ã‚¤ã‚®ãƒªã‚¹é ˜ãƒ´ã‚¡ãƒ¼ã‚¸ãƒ³è«¸å³¶
 ; [cca2=VG].translations.jpn.official
Expected: Ã£Æ’ï¿½Ã£Æ’Â¼Ã£â€šÂ¸Ã£Æ’Â³Ã¨Â«Â¸Ã¥Â³Â¶
     got: ãƒ�ãƒ¼ã‚¸ãƒ³è«¸å³¶
 ; [cca2=VG].translations.kor.common
Expected: Ã¬Ëœï¿½ÃªÂµÂ­Ã«Â Â¹ Ã«Â²â€žÃ¬Â§â€žÃ¬â€¢â€žÃ¬ï¿½Â¼Ã«Å¾Å“Ã«â€œÅ“
     got: ì˜�êµ­ë ¹ ë²„ì§„ì•„ì�¼ëžœë“œ
 ; [cca2=VG].translations.kor.official
Expected: Ã¬Ëœï¿½ÃªÂµÂ­Ã«Â Â¹ Ã«Â²â€žÃ¬Â§â€žÃ¬â€¢â€žÃ¬ï¿½Â¼Ã«Å¾Å“Ã«â€œÅ“
     got: ì˜�êµ­ë ¹ ë²„ì§„ì•„ì�¼ëžœë“œ
 ; [cca2=VG].translations.per.common
Expected: Ã˜Â¬Ã˜Â²Ã˜Â§Ã›Å’Ã˜Â± Ã™Ë†Ã›Å’Ã˜Â±Ã˜Â¬Ã›Å’Ã™â€  Ã˜Â¨Ã˜Â±Ã›Å’Ã˜ÂªÃ˜Â§Ã™â€ Ã›Å’Ã˜Â§
     got: Ø¬Ø²Ø§ÛŒØ± ÙˆÛŒØ±Ø¬ÛŒÙ† Ø¨Ø±ÛŒØªØ§Ù†ÛŒØ§
 ; [cca2=VG].translations.per.official
Expected: Ã˜Â¬Ã˜Â²Ã˜Â§Ã›Å’Ã˜Â± Ã™Ë†Ã›Å’Ã˜Â±Ã˜Â¬Ã›Å’Ã™â€  Ã˜Â¨Ã˜Â±Ã›Å’Ã˜ÂªÃ˜Â§Ã™â€ Ã›Å’Ã˜Â§
     got: Ø¬Ø²Ø§ÛŒØ± ÙˆÛŒØ±Ø¬ÛŒÙ† Ø¨Ø±ÛŒØªØ§Ù†ÛŒØ§
 ; [cca2=VG].translations.rus.common
Expected: Ã�â€˜Ã‘â‚¬Ã�Â¸Ã‘â€šÃ�Â°Ã�Â½Ã‘ï¿½Ã�ÂºÃ�Â¸Ã�Âµ Ã�â€™Ã�Â¸Ã‘â‚¬Ã�Â³Ã�Â¸Ã�Â½Ã‘ï¿½Ã�ÂºÃ�Â¸Ã�Âµ Ã�Â¾Ã‘ï¿½Ã‘â€šÃ‘â‚¬Ã�Â¾Ã�Â²Ã�Â°
     got: Ð‘Ñ€Ð¸Ñ‚Ð°Ð½Ñ�ÐºÐ¸Ðµ Ð’Ð¸Ñ€Ð³Ð¸Ð½Ñ�ÐºÐ¸Ðµ Ð¾Ñ�Ñ‚Ñ€Ð¾Ð²Ð°
 ; [cca2=VG].translations.rus.official
Expected: Ã�â€™Ã�Â¸Ã‘â‚¬Ã�Â³Ã�Â¸Ã�Â½Ã‘ï¿½Ã�ÂºÃ�Â¸Ã�Âµ Ã�Â¾Ã‘ï¿½Ã‘â€šÃ‘â‚¬Ã�Â¾Ã�Â²Ã�Â°
     got: Ð’Ð¸Ñ€Ð³Ð¸Ð½Ñ�ÐºÐ¸Ðµ Ð¾Ñ�Ñ‚Ñ€Ð¾Ð²Ð°
 ; [cca2=VG].translations.slk.common
Expected: PanenskÃƒÂ© ostrovy
     got: PanenskÃ© ostrovy
 ; [cca2=VG].translations.slk.official
Expected: PanenskÃƒÂ© ostrovy
     got: PanenskÃ© ostrovy
 ; [cca2=VG].translations.spa.common
Expected: Islas VÃƒÂ­rgenes del Reino Unido
     got: Islas VÃ­rgenes del Reino Unido
 ; [cca2=VG].translations.spa.official
Expected: Islas VÃƒÂ­rgenes
     got: Islas VÃ­rgenes
 ; [cca2=VG].translations.srp.common
Expected: Ã�â€˜Ã‘â‚¬Ã�Â¸Ã‘â€šÃ�Â°Ã�Â½Ã‘ï¿½Ã�ÂºÃ�Â° Ã�â€�Ã�ÂµÃ�Â²Ã�Â¸Ã‘â€¡Ã�Â°Ã�Â½Ã‘ï¿½Ã�ÂºÃ�Â° Ã�Å¾Ã‘ï¿½Ã‘â€šÃ‘â‚¬Ã�Â²Ã�Â°
     got: Ð‘Ñ€Ð¸Ñ‚Ð°Ð½Ñ�ÐºÐ° Ð”ÐµÐ²Ð¸Ñ‡Ð°Ð½Ñ�ÐºÐ° ÐžÑ�Ñ‚Ñ€Ð²Ð°
 ; [cca2=VG].translations.srp.official
Expected: Ã�â€˜Ã‘â‚¬Ã�Â¸Ã‘â€šÃ�Â°Ã�Â½Ã‘ï¿½Ã�ÂºÃ�Â° Ã�â€�Ã�ÂµÃ�Â²Ã�Â¸Ã‘â€¡Ã�Â°Ã�Â½Ã‘ï¿½Ã�ÂºÃ�Â° Ã�Å¾Ã‘ï¿½Ã‘â€šÃ‘â‚¬Ã�Â²Ã�Â°
     got: Ð‘Ñ€Ð¸Ñ‚Ð°Ð½Ñ�ÐºÐ° Ð”ÐµÐ²Ð¸Ñ‡Ð°Ð½Ñ�ÐºÐ° ÐžÑ�Ñ‚Ñ€Ð²Ð°
 ; [cca2=VG].translations.swe.common
Expected: Brittiska JungfruÃƒÂ¶arna
     got: Brittiska JungfruÃ¶arna
 ; [cca2=VG].translations.swe.official
Expected: Brittiska JungfruÃƒÂ¶arna
     got: Brittiska JungfruÃ¶arna
 ; [cca2=VG].translations.tur.common
Expected: Virjin AdalarÃ„Â±
     got: Virjin AdalarÄ±
 ; [cca2=VG].translations.tur.official
Expected: Virjin AdalarÃ„Â±
     got: Virjin AdalarÄ±
 ; [cca2=VG].translations.urd.common
Expected: Ã˜Â¨Ã˜Â±Ã˜Â·Ã˜Â§Ã™â€ Ã™Ë†Ã›Å’ Ã˜Â¬Ã˜Â²Ã˜Â§Ã˜Â¦Ã˜Â± Ã™Ë†Ã˜Â±Ã˜Â¬Ã™â€ 
     got: Ø¨Ø±Ø·Ø§Ù†ÙˆÛŒ Ø¬Ø²Ø§Ø¦Ø± ÙˆØ±Ø¬Ù†
 ; [cca2=VG].translations.urd.official
Expected: Ã˜Â¨Ã˜Â±Ã˜Â·Ã˜Â§Ã™â€ Ã™Ë†Ã›Å’ Ã˜Â¬Ã˜Â²Ã˜Â§Ã˜Â¦Ã˜Â± Ã™Ë†Ã˜Â±Ã˜Â¬Ã™â€ 
     got: Ø¨Ø±Ø·Ø§Ù†ÙˆÛŒ Ø¬Ø²Ø§Ø¦Ø± ÙˆØ±Ø¬Ù†
 ; [cca2=VG].translations.zho.common
Expected: Ã¨â€¹Â±Ã¥Â±Å¾Ã§Â»Â´Ã¥Â°â€�Ã¤ÂºÂ¬Ã§Â¾Â¤Ã¥Â²â€º
     got: è‹±å±žç»´å°”äº¬ç¾¤å²›
 ; [cca2=VG].translations.zho.official
Expected: Ã¨â€¹Â±Ã¥Â±Å¾Ã§Â»Â´Ã¥Â°â€�Ã¤ÂºÂ¬Ã§Â¾Â¤Ã¥Â²â€º
     got: è‹±å±žç»´å°”äº¬ç¾¤å²›
 ; [cca2=VI].flag
Expected: Ã°Å¸â€¡Â»Ã°Å¸â€¡Â®
     got: ðŸ‡»ðŸ‡®
 ; [cca2=VI].translations.ara.common
Expected: Ã˜Â¬Ã˜Â²Ã˜Â± Ã˜Â§Ã™â€žÃ˜Â¹Ã˜Â°Ã˜Â±Ã˜Â§Ã˜Â¡ Ã˜Â§Ã™â€žÃ˜Â§Ã™â€¦Ã˜Â±Ã™Å Ã™Æ’Ã™Å Ã˜Â©
     got: Ø¬Ø²Ø± Ø§Ù„Ø¹Ø°Ø±Ø§Ø¡ Ø§Ù„Ø§Ù…Ø±ÙŠÙƒÙŠØ©
 ; [cca2=VI].translations.ara.official
Expected: Ã˜Â¬Ã˜Â²Ã˜Â± Ã˜Â§Ã™â€žÃ˜Â¹Ã˜Â°Ã˜Â±Ã˜Â§Ã˜Â¡ Ã˜Â§Ã™â€žÃ˜Â§Ã™â€¦Ã˜Â±Ã™Å Ã™Æ’Ã™Å Ã˜Â©
     got: Ø¬Ø²Ø± Ø§Ù„Ø¹Ø°Ø±Ø§Ø¡ Ø§Ù„Ø§Ù…Ø±ÙŠÙƒÙŠØ©
 ; [cca2=VI].translations.bre.common
Expected: Inizi Gwerc&apos;h ar StadoÃƒÂ¹-Unanet
     got: Inizi Gwerc&apos;h ar StadoÃ¹-Unanet
 ; [cca2=VI].translations.bre.official
Expected: Inizi Gwerc&apos;h ar StadoÃƒÂ¹-Unanet
     got: Inizi Gwerc&apos;h ar StadoÃ¹-Unanet
 ; [cca2=VI].translations.ces.common
Expected: AmerickÃƒÂ© PanenskÃƒÂ© ostrovy
     got: AmerickÃ© PanenskÃ© ostrovy
 ; [cca2=VI].translations.ces.official
Expected: AmerickÃƒÂ© PanenskÃƒÂ© ostrovy
     got: AmerickÃ© PanenskÃ© ostrovy
 ; [cca2=VI].translations.est.official
Expected: ÃƒÅ“hendriikide Neitsisaared
     got: Ãœhendriikide Neitsisaared
 ; [cca2=VI].translations.fra.common
Expected: ÃƒÅ½les Vierges des Ãƒâ€°tats-Unis
     got: ÃŽles Vierges des Ã‰tats-Unis
 ; [cca2=VI].translations.fra.official
Expected: ÃƒÅ½les Vierges des Ãƒâ€°tats-Unis
     got: ÃŽles Vierges des Ã‰tats-Unis
 ; [cca2=VI].translations.hrv.common
Expected: AmeriÃ„ï¿½ki DjeviÃ„ï¿½anski Otoci
     got: AmeriÄ�ki DjeviÄ�anski Otoci
 ; [cca2=VI].translations.hrv.official
Expected: DjeviÃ„ï¿½anski Otoci SAD
     got: DjeviÄ�anski Otoci SAD
 ; [cca2=VI].translations.jpn.common
Expected: Ã£â€šÂ¢Ã£Æ’Â¡Ã£Æ’ÂªÃ£â€šÂ«Ã©Â ËœÃ£Æ’Â´Ã£â€šÂ¡Ã£Æ’Â¼Ã£â€šÂ¸Ã£Æ’Â³Ã¨Â«Â¸Ã¥Â³Â¶
     got: ã‚¢ãƒ¡ãƒªã‚«é ˜ãƒ´ã‚¡ãƒ¼ã‚¸ãƒ³è«¸å³¶
 ; [cca2=VI].translations.jpn.official
Expected: Ã§Â±Â³Ã¥â€ºÂ½Ã£ï¿½Â®Ã£Æ’ï¿½Ã£Æ’Â¼Ã£â€šÂ¸Ã£Æ’Â³Ã¨Â«Â¸Ã¥Â³Â¶
     got: ç±³å›½ã�®ãƒ�ãƒ¼ã‚¸ãƒ³è«¸å³¶
 ; [cca2=VI].translations.kor.common
Expected: Ã«Â¯Â¸ÃªÂµÂ­Ã«Â Â¹ Ã«Â²â€žÃ¬Â§â€žÃ¬â€¢â€žÃ¬ï¿½Â¼Ã«Å¾Å“Ã«â€œÅ“
     got: ë¯¸êµ­ë ¹ ë²„ì§„ì•„ì�¼ëžœë“œ
 ; [cca2=VI].translations.kor.official
Expected: Ã«Â¯Â¸ÃªÂµÂ­Ã«Â Â¹ Ã«Â²â€žÃ¬Â§â€žÃ¬â€¢â€žÃ¬ï¿½Â¼Ã«Å¾Å“Ã«â€œÅ“
     got: ë¯¸êµ­ë ¹ ë²„ì§„ì•„ì�¼ëžœë“œ
 ; [cca2=VI].translations.per.common
Expected: Ã˜Â¬Ã˜Â²Ã˜Â§Ã›Å’Ã˜Â± Ã™Ë†Ã›Å’Ã˜Â±Ã˜Â¬Ã›Å’Ã™â€  Ã˜Â§Ã›Å’Ã˜Â§Ã™â€žÃ˜Â§Ã˜Âª Ã™â€¦Ã˜ÂªÃ˜Â­Ã˜Â¯Ã™â€¡ Ã˜Â¢Ã™â€¦Ã˜Â±Ã›Å’ÃšÂ©Ã˜Â§
     got: Ø¬Ø²Ø§ÛŒØ± ÙˆÛŒØ±Ø¬ÛŒÙ† Ø§ÛŒØ§Ù„Ø§Øª Ù…ØªØ­Ø¯Ù‡ Ø¢Ù…Ø±ÛŒÚ©Ø§
 ; [cca2=VI].translations.per.official
Expected: Ã˜Â¬Ã˜Â²Ã˜Â§Ã›Å’Ã˜Â± Ã™Ë†Ã›Å’Ã˜Â±Ã˜Â¬Ã›Å’Ã™â€  Ã˜Â§Ã›Å’Ã˜Â§Ã™â€žÃ˜Â§Ã˜Âª Ã™â€¦Ã˜ÂªÃ˜Â­Ã˜Â¯Ã™â€¡ Ã˜Â¢Ã™â€¦Ã˜Â±Ã›Å’ÃšÂ©Ã˜Â§
     got: Ø¬Ø²Ø§ÛŒØ± ÙˆÛŒØ±Ø¬ÛŒÙ† Ø§ÛŒØ§Ù„Ø§Øª Ù…ØªØ­Ø¯Ù‡ Ø¢Ù…Ø±ÛŒÚ©Ø§
 ; [cca2=VI].translations.pol.common
Expected: Wyspy Dziewicze StanÃƒÂ³w Zjednoczonych
     got: Wyspy Dziewicze StanÃ³w Zjednoczonych
 ; [cca2=VI].translations.pol.official
Expected: Wyspy Dziewicze StanÃƒÂ³w Zjednoczonych
     got: Wyspy Dziewicze StanÃ³w Zjednoczonych
 ; [cca2=VI].translations.rus.common
Expected: Ã�â€™Ã�Â¸Ã‘â‚¬Ã�Â³Ã�Â¸Ã�Â½Ã‘ï¿½Ã�ÂºÃ�Â¸Ã�Âµ Ã�Å¾Ã‘ï¿½Ã‘â€šÃ‘â‚¬Ã�Â¾Ã�Â²Ã�Â°
     got: Ð’Ð¸Ñ€Ð³Ð¸Ð½Ñ�ÐºÐ¸Ðµ ÐžÑ�Ñ‚Ñ€Ð¾Ð²Ð°
 ; [cca2=VI].translations.rus.official
Expected: Ã�â€™Ã�Â¸Ã‘â‚¬Ã�Â³Ã�Â¸Ã�Â½Ã‘ï¿½Ã�ÂºÃ�Â¸Ã�Âµ Ã�Â¾Ã‘ï¿½Ã‘â€šÃ‘â‚¬Ã�Â¾Ã�Â²Ã�Â° Ã�Â¡Ã�Â¾Ã�ÂµÃ�Â´Ã�Â¸Ã�Â½Ã�ÂµÃ�Â½Ã�Â½Ã‘â€¹Ã‘â€¦ Ã�Â¨Ã‘â€šÃ�Â°Ã‘â€šÃ�Â¾Ã�Â²
     got: Ð’Ð¸Ñ€Ð³Ð¸Ð½Ñ�ÐºÐ¸Ðµ Ð¾Ñ�Ñ‚Ñ€Ð¾Ð²Ð° Ð¡Ð¾ÐµÐ´Ð¸Ð½ÐµÐ½Ð½Ñ‹Ñ… Ð¨Ñ‚Ð°Ñ‚Ð¾Ð²
 ; [cca2=VI].translations.slk.common
Expected: AmerickÃƒÂ© PanenskÃƒÂ© ostrovy
     got: AmerickÃ© PanenskÃ© ostrovy
 ; [cca2=VI].translations.slk.official
Expected: AmerickÃƒÂ© PanenskÃƒÂ© ostrovy
     got: AmerickÃ© PanenskÃ© ostrovy
 ; [cca2=VI].translations.spa.common
Expected: Islas VÃƒÂ­rgenes de los Estados Unidos
     got: Islas VÃ­rgenes de los Estados Unidos
 ; [cca2=VI].translations.spa.official
Expected: Islas VÃƒÂ­rgenes de los Estados Unidos
     got: Islas VÃ­rgenes de los Estados Unidos
 ; [cca2=VI].translations.srp.common
Expected: Ã�ï¿½Ã�Â¼Ã�ÂµÃ‘â‚¬Ã�Â¸Ã‘â€¡Ã�ÂºÃ�Â° Ã�â€�Ã�ÂµÃ�Â²Ã�Â¸Ã‘â€¡Ã�Â°Ã�Â½Ã‘ï¿½Ã�ÂºÃ�Â° Ã�Å¾Ã‘ï¿½Ã‘â€šÃ‘â‚¬Ã�Â²Ã�Â°
     got: Ð�Ð¼ÐµÑ€Ð¸Ñ‡ÐºÐ° Ð”ÐµÐ²Ð¸Ñ‡Ð°Ð½Ñ�ÐºÐ° ÐžÑ�Ñ‚Ñ€Ð²Ð°
 ; [cca2=VI].translations.srp.official
Expected: Ã�ï¿½Ã�Â¼Ã�ÂµÃ‘â‚¬Ã�Â¸Ã‘â€¡Ã�ÂºÃ�Â° Ã�â€�Ã�ÂµÃ�Â²Ã�Â¸Ã‘â€¡Ã�Â°Ã�Â½Ã‘ï¿½Ã�ÂºÃ�Â° Ã�Å¾Ã‘ï¿½Ã‘â€šÃ‘â‚¬Ã�Â²Ã�Â°
     got: Ð�Ð¼ÐµÑ€Ð¸Ñ‡ÐºÐ° Ð”ÐµÐ²Ð¸Ñ‡Ð°Ð½Ñ�ÐºÐ° ÐžÑ�Ñ‚Ñ€Ð²Ð°
 ; [cca2=VI].translations.swe.common
Expected: Amerikanska JungfruÃƒÂ¶arna
     got: Amerikanska JungfruÃ¶arna
 ; [cca2=VI].translations.swe.official
Expected: Amerikanska JungfruÃƒÂ¶arna
     got: Amerikanska JungfruÃ¶arna
 ; [cca2=VI].translations.tur.common
Expected: ABD Virjin AdalarÃ„Â±
     got: ABD Virjin AdalarÄ±
 ; [cca2=VI].translations.tur.official
Expected: Amerika BirleÃ…Å¸ik Devletleri Virjin AdalarÃ„Â±
     got: Amerika BirleÅŸik Devletleri Virjin AdalarÄ±
 ; [cca2=VI].translations.urd.common
Expected: Ã˜Â§Ã™â€¦Ã˜Â±Ã›Å’ÃšÂ©Ã›Å’ Ã˜Â¬Ã˜Â²Ã˜Â§Ã˜Â¦Ã˜Â± Ã™Ë†Ã˜Â±Ã˜Â¬Ã™â€ 
     got: Ø§Ù…Ø±ÛŒÚ©ÛŒ Ø¬Ø²Ø§Ø¦Ø± ÙˆØ±Ø¬Ù†
 ; [cca2=VI].translations.urd.official
Expected: Ã˜Â§Ã™â€¦Ã˜Â±Ã›Å’ÃšÂ©Ã›Å’ Ã˜Â¬Ã˜Â²Ã˜Â§Ã˜Â¦Ã˜Â± Ã™Ë†Ã˜Â±Ã˜Â¬Ã™â€ 
     got: Ø§Ù…Ø±ÛŒÚ©ÛŒ Ø¬Ø²Ø§Ø¦Ø± ÙˆØ±Ø¬Ù†
 ; [cca2=VI].translations.zho.common
Expected: Ã§Â¾Å½Ã¥Â±Å¾Ã§Â»Â´Ã¥Â°â€�Ã¤ÂºÂ¬Ã§Â¾Â¤Ã¥Â²â€º
     got: ç¾Žå±žç»´å°”äº¬ç¾¤å²›
 ; [cca2=VI].translations.zho.official
Expected: Ã§Â¾Å½Ã¥Â±Å¾Ã§Â»Â´Ã¥Â°â€�Ã¤ÂºÂ¬Ã§Â¾Â¤Ã¥Â²â€º
     got: ç¾Žå±žç»´å°”äº¬ç¾¤å²›
 ; [cca2=VN].altSpellings[]
Expected: CÃ¡Â»â„¢ng hÃƒÂ²a XÃƒÂ£ hÃ¡Â»â„¢i chÃ¡Â»Â§ nghÃ„Â©a ViÃ¡Â»â€¡t Nam
     but none found
 ; [cca2=VN].altSpellings[]
Unexpected: Cá»™ng hÃ²a XÃ£ há»™i chá»§ nghÄ©a Viá»‡t Nam
 ; [cca2=VN].currencies.VND.name
Expected: Vietnamese Ã„â€˜Ã¡Â»â€œng
     got: Vietnamese Ä‘á»“ng
 ; [cca2=VN].currencies.VND.symbol
Expected: Ã¢â€šÂ«
     got: â‚«
 ; [cca2=VN].flag
Expected: Ã°Å¸â€¡Â»Ã°Å¸â€¡Â³
     got: ðŸ‡»ðŸ‡³
 ; [cca2=VN].name.nativeName.vie.common
Expected: ViÃ¡Â»â€¡t Nam
     got: Viá»‡t Nam
 ; [cca2=VN].name.nativeName.vie.official
Expected: CÃ¡Â»â„¢ng hÃƒÂ²a xÃƒÂ£ hÃ¡Â»â„¢i chÃ¡Â»Â§ nghÃ„Â©a ViÃ¡Â»â€¡t Nam
     got: Cá»™ng hÃ²a xÃ£ há»™i chá»§ nghÄ©a Viá»‡t Nam
 ; [cca2=VN].translations.ara.common
Expected: Ã™ï¿½Ã™Å Ã˜ÂªÃ™â€ Ã˜Â§Ã™â€¦
     got: Ù�ÙŠØªÙ†Ø§Ù…
 ; [cca2=VN].translations.ara.official
Expected: Ã˜Â¬Ã™â€¦Ã™â€¡Ã™Ë†Ã˜Â±Ã™Å Ã˜Â© Ã™ï¿½Ã™Å Ã˜ÂªÃ™â€ Ã˜Â§Ã™â€¦ Ã˜Â§Ã™â€žÃ˜Â§Ã˜Â´Ã˜ÂªÃ˜Â±Ã˜Â§Ã™Æ’Ã™Å Ã˜Â©
     got: Ø¬Ù…Ù‡ÙˆØ±ÙŠØ© Ù�ÙŠØªÙ†Ø§Ù… Ø§Ù„Ø§Ø´ØªØ±Ø§ÙƒÙŠØ©
 ; [cca2=VN].translations.bre.common
Expected: ViÃƒÂªt Nam
     got: ViÃªt Nam
 ; [cca2=VN].translations.bre.official
Expected: Republik Sokialour ViÃƒÂªt Nam
     got: Republik Sokialour ViÃªt Nam
 ; [cca2=VN].translations.ces.official
Expected: VietnamskÃƒÂ¡ socialistickÃƒÂ¡ republika
     got: VietnamskÃ¡ socialistickÃ¡ republika
 ; [cca2=VN].translations.fra.common
Expected: ViÃƒÂªt Nam
     got: ViÃªt Nam
 ; [cca2=VN].translations.fra.official
Expected: RÃƒÂ©publique socialiste du ViÃƒÂªt Nam
     got: RÃ©publique socialiste du ViÃªt Nam
 ; [cca2=VN].translations.hrv.official
Expected: SocijalistiÃ„ï¿½ka Republika Vijetnam
     got: SocijalistiÄ�ka Republika Vijetnam
 ; [cca2=VN].translations.hun.common
Expected: VietnÃƒÂ¡m
     got: VietnÃ¡m
 ; [cca2=VN].translations.hun.official
Expected: VietnÃƒÂ¡mi Szocialista KÃƒÂ¶ztÃƒÂ¡rsasÃƒÂ¡g
     got: VietnÃ¡mi Szocialista KÃ¶ztÃ¡rsasÃ¡g
 ; [cca2=VN].translations.jpn.common
Expected: Ã£Æ’â„¢Ã£Æ’Ë†Ã£Æ’Å Ã£Æ’Â 
     got: ãƒ™ãƒˆãƒŠãƒ 
 ; [cca2=VN].translations.jpn.official
Expected: Ã£Æ’â„¢Ã£Æ’Ë†Ã£Æ’Å Ã£Æ’Â Ã§Â¤Â¾Ã¤Â¼Å¡Ã¤Â¸Â»Ã§Â¾Â©Ã¥â€¦Â±Ã¥â€™Å’Ã¥â€ºÂ½
     got: ãƒ™ãƒˆãƒŠãƒ ç¤¾ä¼šä¸»ç¾©å…±å’Œå›½
 ; [cca2=VN].translations.kor.common
Expected: Ã«Â²Â Ã­Å Â¸Ã«â€šÂ¨
     got: ë² íŠ¸ë‚¨
 ; [cca2=VN].translations.kor.official
Expected: Ã«Â²Â Ã­Å Â¸Ã«â€šÂ¨ Ã¬â€šÂ¬Ã­Å¡Å’Ã¬Â£Â¼Ã¬ï¿½Ëœ ÃªÂ³ÂµÃ­â„¢â€�ÃªÂµÂ­
     got: ë² íŠ¸ë‚¨ ì‚¬íšŒì£¼ì�˜ ê³µí™”êµ­
 ; [cca2=VN].translations.per.common
Expected: Ã™Ë†Ã›Å’Ã˜ÂªÃ™â€ Ã˜Â§Ã™â€¦
     got: ÙˆÛŒØªÙ†Ø§Ù…
 ; [cca2=VN].translations.per.official
Expected: Ã˜Â¬Ã™â€¦Ã™â€¡Ã™Ë†Ã˜Â±Ã›Å’ Ã˜Â³Ã™Ë†Ã˜Â³Ã›Å’Ã˜Â§Ã™â€žÃ›Å’Ã˜Â³Ã˜ÂªÃ›Å’ Ã™Ë†Ã›Å’Ã˜ÂªÃ™â€ Ã˜Â§Ã™â€¦
     got: Ø¬Ù…Ù‡ÙˆØ±ÛŒ Ø³ÙˆØ³ÛŒØ§Ù„ÛŒØ³ØªÛŒ ÙˆÛŒØªÙ†Ø§Ù…
 ; [cca2=VN].translations.por.official
Expected: RepÃƒÂºblica Socialista do Vietname
     got: RepÃºblica Socialista do Vietname
 ; [cca2=VN].translations.rus.common
Expected: Ã�â€™Ã‘Å’Ã�ÂµÃ‘â€šÃ�Â½Ã�Â°Ã�Â¼
     got: Ð’ÑŒÐµÑ‚Ð½Ð°Ð¼
 ; [cca2=VN].translations.rus.official
Expected: Ã�Â¡Ã�Â¾Ã‘â€ Ã�Â¸Ã�Â°Ã�Â»Ã�Â¸Ã‘ï¿½Ã‘â€šÃ�Â¸Ã‘â€¡Ã�ÂµÃ‘ï¿½Ã�ÂºÃ�Â°Ã‘ï¿½ Ã�Â Ã�ÂµÃ‘ï¿½Ã�Â¿Ã‘Æ’Ã�Â±Ã�Â»Ã�Â¸Ã�ÂºÃ�Â° Ã�â€™Ã‘Å’Ã�ÂµÃ‘â€šÃ�Â½Ã�Â°Ã�Â¼
     got: Ð¡Ð¾Ñ†Ð¸Ð°Ð»Ð¸Ñ�Ñ‚Ð¸Ñ‡ÐµÑ�ÐºÐ°Ñ� Ð ÐµÑ�Ð¿ÑƒÐ±Ð»Ð¸ÐºÐ° Ð’ÑŒÐµÑ‚Ð½Ð°Ð¼
 ; [cca2=VN].translations.slk.official
Expected: VietnamskÃƒÂ¡ socialistickÃƒÂ¡ republika
     got: VietnamskÃ¡ socialistickÃ¡ republika
 ; [cca2=VN].translations.spa.official
Expected: RepÃƒÂºblica Socialista de Vietnam
     got: RepÃºblica Socialista de Vietnam
 ; [cca2=VN].translations.srp.common
Expected: Ã�â€™Ã�Â¸Ã‘ËœÃ�ÂµÃ‘â€šÃ�Â½Ã�Â°Ã�Â¼
     got: Ð’Ð¸Ñ˜ÐµÑ‚Ð½Ð°Ð¼
 ; [cca2=VN].translations.srp.official
Expected: Ã�Â¡Ã�Â¾Ã‘â€ Ã�Â¸Ã‘ËœÃ�Â°Ã�Â»Ã�Â¸Ã‘ï¿½Ã‘â€šÃ�Â¸Ã‘â€¡Ã�ÂºÃ�Â° Ã�Â Ã�ÂµÃ�Â¿Ã‘Æ’Ã�Â±Ã�Â»Ã�Â¸Ã�ÂºÃ�Â° Ã�â€™Ã�Â¸Ã‘ËœÃ�ÂµÃ‘â€šÃ�Â½Ã�Â°Ã�Â¼
     got: Ð¡Ð¾Ñ†Ð¸Ñ˜Ð°Ð»Ð¸Ñ�Ñ‚Ð¸Ñ‡ÐºÐ° Ð ÐµÐ¿ÑƒÐ±Ð»Ð¸ÐºÐ° Ð’Ð¸Ñ˜ÐµÑ‚Ð½Ð°Ð¼
 ; [cca2=VN].translations.urd.common
Expected: Ã™Ë†Ã›Å’Ã˜ÂªÃ™â€ Ã˜Â§Ã™â€¦
     got: ÙˆÛŒØªÙ†Ø§Ù…
 ; [cca2=VN].translations.urd.official
Expected: Ã˜Â§Ã˜Â´Ã˜ÂªÃ˜Â±Ã˜Â§ÃšÂ©Ã›Å’ Ã˜Â¬Ã™â€¦Ã›ï¿½Ã™Ë†Ã˜Â±Ã›Å’Ã›ï¿½ Ã™Ë†Ã›Å’Ã˜ÂªÃ™â€ Ã˜Â§Ã™â€¦
     got: Ø§Ø´ØªØ±Ø§Ú©ÛŒ Ø¬Ù…Û�ÙˆØ±ÛŒÛ� ÙˆÛŒØªÙ†Ø§Ù…
 ; [cca2=VN].translations.zho.common
Expected: Ã¨Â¶Å Ã¥ï¿½â€”
     got: è¶Šå�—
 ; [cca2=VN].translations.zho.official
Expected: Ã¨Â¶Å Ã¥ï¿½â€”Ã§Â¤Â¾Ã¤Â¼Å¡Ã¤Â¸Â»Ã¤Â¹â€°Ã¥â€¦Â±Ã¥â€™Å’Ã¥â€ºÂ½
     got: è¶Šå�—ç¤¾ä¼šä¸»ä¹‰å…±å’Œå›½
 ; [cca2=VU].altSpellings[]
Expected: RÃƒÂ©publique de Vanuatu
     but none found
 ; [cca2=VU].altSpellings[]
Unexpected: RÃ©publique de Vanuatu
 ; [cca2=VU].flag
Expected: Ã°Å¸â€¡Â»Ã°Å¸â€¡Âº
     got: ðŸ‡»ðŸ‡º
 ; [cca2=VU].name.nativeName.fra.official
Expected: RÃƒÂ©publique de Vanuatu
     got: RÃ©publique de Vanuatu
 ; [cca2=VU].translations.ara.common
Expected: Ã™ï¿½Ã˜Â§Ã™â€ Ã™Ë†Ã˜Â§Ã˜ÂªÃ™Ë†
     got: Ù�Ø§Ù†ÙˆØ§ØªÙˆ
 ; [cca2=VU].translations.ara.official
Expected: Ã˜Â¬Ã™â€¦Ã™â€¡Ã™Ë†Ã˜Â±Ã™Å Ã˜Â© Ã™ï¿½Ã˜Â§Ã™â€ Ã™Ë†Ã˜Â§Ã˜ÂªÃ™Ë†
     got: Ø¬Ù…Ù‡ÙˆØ±ÙŠØ© Ù�Ø§Ù†ÙˆØ§ØªÙˆ
 ; [cca2=VU].translations.fra.official
Expected: RÃƒÂ©publique de Vanuatu
     got: RÃ©publique de Vanuatu
 ; [cca2=VU].translations.hun.official
Expected: Vanuatui KÃƒÂ¶ztÃƒÂ¡rsasÃƒÂ¡g
     got: Vanuatui KÃ¶ztÃ¡rsasÃ¡g
 ; [cca2=VU].translations.jpn.common
Expected: Ã£Æ’ï¿½Ã£Æ’Å’Ã£â€šÂ¢Ã£Æ’â€ž
     got: ãƒ�ãƒŒã‚¢ãƒ„
 ; [cca2=VU].translations.jpn.official
Expected: Ã£Æ’ï¿½Ã£Æ’Å’Ã£â€šÂ¢Ã£Æ’â€žÃ¥â€¦Â±Ã¥â€™Å’Ã¥â€ºÂ½
     got: ãƒ�ãƒŒã‚¢ãƒ„å…±å’Œå›½
 ; [cca2=VU].translations.kor.common
Expected: Ã«Â°â€�Ã«Ë†â€žÃ¬â€¢â€žÃ­Ë†Â¬
     got: ë°”ëˆ„ì•„íˆ¬
 ; [cca2=VU].translations.kor.official
Expected: Ã«Â°â€�Ã«Ë†â€žÃ¬â€¢â€žÃ­Ë†Â¬ ÃªÂ³ÂµÃ­â„¢â€�ÃªÂµÂ­
     got: ë°”ëˆ„ì•„íˆ¬ ê³µí™”êµ­
 ; [cca2=VU].translations.per.common
Expected: Ã™Ë†Ã˜Â§Ã™â€ Ã™Ë†Ã˜Â§Ã˜ÂªÃ™Ë†
     got: ÙˆØ§Ù†ÙˆØ§ØªÙˆ
 ; [cca2=VU].translations.per.official
Expected: Ã˜Â¬Ã™â€¦Ã™â€¡Ã™Ë†Ã˜Â±Ã›Å’ Ã™Ë†Ã˜Â§Ã™â€ Ã™Ë†Ã˜Â§Ã˜ÂªÃ™Ë†
     got: Ø¬Ù…Ù‡ÙˆØ±ÛŒ ÙˆØ§Ù†ÙˆØ§ØªÙˆ
 ; [cca2=VU].translations.por.official
Expected: RepÃƒÂºblica de Vanuatu
     got: RepÃºblica de Vanuatu
 ; [cca2=VU].translations.rus.common
Expected: Ã�â€™Ã�Â°Ã�Â½Ã‘Æ’Ã�Â°Ã‘â€šÃ‘Æ’
     got: Ð’Ð°Ð½ÑƒÐ°Ñ‚Ñƒ
 ; [cca2=VU].translations.rus.official
Expected: Ã�Â Ã�ÂµÃ‘ï¿½Ã�Â¿Ã‘Æ’Ã�Â±Ã�Â»Ã�Â¸Ã�ÂºÃ�Â° Ã�â€™Ã�Â°Ã�Â½Ã‘Æ’Ã�Â°Ã‘â€šÃ‘Æ’
     got: Ð ÐµÑ�Ð¿ÑƒÐ±Ð»Ð¸ÐºÐ° Ð’Ð°Ð½ÑƒÐ°Ñ‚Ñƒ
 ; [cca2=VU].translations.slk.official
Expected: VanuatskÃƒÂ¡ republika
     got: VanuatskÃ¡ republika
 ; [cca2=VU].translations.spa.official
Expected: RepÃƒÂºblica de Vanuatu
     got: RepÃºblica de Vanuatu
 ; [cca2=VU].translations.srp.common
Expected: Ã�â€™Ã�Â°Ã�Â½Ã‘Æ’Ã�Â°Ã‘â€šÃ‘Æ’
     got: Ð’Ð°Ð½ÑƒÐ°Ñ‚Ñƒ
 ; [cca2=VU].translations.srp.official
Expected: Ã�Â Ã�ÂµÃ�Â¿Ã‘Æ’Ã�Â±Ã�Â»Ã�Â¸Ã�ÂºÃ�Â° Ã�â€™Ã�Â°Ã�Â½Ã‘Æ’Ã�Â°Ã‘â€šÃ‘Æ’
     got: Ð ÐµÐ¿ÑƒÐ±Ð»Ð¸ÐºÐ° Ð’Ð°Ð½ÑƒÐ°Ñ‚Ñƒ
 ; [cca2=VU].translations.urd.common
Expected: Ã™Ë†Ã˜Â§Ã™â€ Ã™Ë†Ã˜Â§Ã˜ÂªÃ™Ë†
     got: ÙˆØ§Ù†ÙˆØ§ØªÙˆ
 ; [cca2=VU].translations.urd.official
Expected: Ã˜Â¬Ã™â€¦Ã›ï¿½Ã™Ë†Ã˜Â±Ã›Å’Ã›ï¿½ Ã™Ë†Ã˜Â§Ã™â€ Ã™Ë†Ã˜Â§Ã˜ÂªÃ™Ë†
     got: Ø¬Ù…Û�ÙˆØ±ÛŒÛ� ÙˆØ§Ù†ÙˆØ§ØªÙˆ
 ; [cca2=VU].translations.zho.common
Expected: Ã§â€œÂ¦Ã¥Å ÂªÃ©ËœÂ¿Ã¥â€ºÂ¾
     got: ç“¦åŠªé˜¿å›¾
 ; [cca2=VU].translations.zho.official
Expected: Ã§â€œÂ¦Ã¥Å ÂªÃ©ËœÂ¿Ã¥â€ºÂ¾Ã¥â€¦Â±Ã¥â€™Å’Ã¥â€ºÂ½
     got: ç“¦åŠªé˜¿å›¾å…±å’Œå›½
 ; [cca2=FI].currencies.EUR.symbol
Expected: Ã¢â€šÂ¬
     got: â‚¬
 ; [cca2=FI].flag
Expected: Ã°Å¸â€¡Â«Ã°Å¸â€¡Â®
     got: ðŸ‡«ðŸ‡®
 ; [cca2=FI].translations.ara.common
Expected: Ã™ï¿½Ã™â€ Ã™â€žÃ™â€ Ã˜Â¯Ã˜Â§
     got: Ù�Ù†Ù„Ù†Ø¯Ø§
 ; [cca2=FI].translations.ara.official
Expected: Ã˜Â¬Ã™â€¦Ã™â€¡Ã™Ë†Ã˜Â±Ã™Å Ã˜Â© Ã™ï¿½Ã™â€ Ã™â€žÃ™â€ Ã˜Â¯Ã˜Â§
     got: Ø¬Ù…Ù‡ÙˆØ±ÙŠØ© Ù�Ù†Ù„Ù†Ø¯Ø§
 ; [cca2=FI].translations.ces.official
Expected: FinskÃƒÂ¡ republika
     got: FinskÃ¡ republika
 ; [cca2=FI].translations.fra.official
Expected: RÃƒÂ©publique de Finlande
     got: RÃ©publique de Finlande
 ; [cca2=FI].translations.hun.common
Expected: FinnorszÃƒÂ¡g
     got: FinnorszÃ¡g
 ; [cca2=FI].translations.hun.official
Expected: Finn KÃƒÂ¶ztÃƒÂ¡rsasÃƒÂ¡g
     got: Finn KÃ¶ztÃ¡rsasÃ¡g
 ; [cca2=FI].translations.jpn.common
Expected: Ã£Æ’â€¢Ã£â€šÂ£Ã£Æ’Â³Ã£Æ’Â©Ã£Æ’Â³Ã£Æ’â€°
     got: ãƒ•ã‚£ãƒ³ãƒ©ãƒ³ãƒ‰
 ; [cca2=FI].translations.jpn.official
Expected: Ã£Æ’â€¢Ã£â€šÂ£Ã£Æ’Â³Ã£Æ’Â©Ã£Æ’Â³Ã£Æ’â€°Ã¥â€¦Â±Ã¥â€™Å’Ã¥â€ºÂ½
     got: ãƒ•ã‚£ãƒ³ãƒ©ãƒ³ãƒ‰å…±å’Œå›½
 ; [cca2=FI].translations.kor.common
Expected: Ã­â€¢â‚¬Ã«Å¾â‚¬Ã«â€œÅ“
     got: í•€ëž€ë“œ
 ; [cca2=FI].translations.kor.official
Expected: Ã­â€¢â‚¬Ã«Å¾â‚¬Ã«â€œÅ“ ÃªÂ³ÂµÃ­â„¢â€�ÃªÂµÂ­
     got: í•€ëž€ë“œ ê³µí™”êµ­
 ; [cca2=FI].translations.per.common
Expected: Ã™ï¿½Ã™â€ Ã™â€žÃ˜Â§Ã™â€ Ã˜Â¯
     got: Ù�Ù†Ù„Ø§Ù†Ø¯
 ; [cca2=FI].translations.per.official
Expected: Ã˜Â¬Ã™â€¦Ã™â€¡Ã™Ë†Ã˜Â±Ã›Å’ Ã™ï¿½Ã™â€ Ã™â€žÃ˜Â§Ã™â€ Ã˜Â¯
     got: Ø¬Ù…Ù‡ÙˆØ±ÛŒ Ù�Ù†Ù„Ø§Ù†Ø¯
 ; [cca2=FI].translations.por.common
Expected: FinlÃƒÂ¢ndia
     got: FinlÃ¢ndia
 ; [cca2=FI].translations.por.official
Expected: RepÃƒÂºblica da FinlÃƒÂ¢ndia
     got: RepÃºblica da FinlÃ¢ndia
 ; [cca2=FI].translations.rus.common
Expected: Ã�Â¤Ã�Â¸Ã�Â½Ã�Â»Ã‘ï¿½Ã�Â½Ã�Â´Ã�Â¸Ã‘ï¿½
     got: Ð¤Ð¸Ð½Ð»Ñ�Ð½Ð´Ð¸Ñ�
 ; [cca2=FI].translations.rus.official
Expected: Ã�Â¤Ã�Â¸Ã�Â½Ã�Â»Ã‘ï¿½Ã�Â½Ã�Â´Ã‘ï¿½Ã�ÂºÃ�Â°Ã‘ï¿½ Ã�Â Ã�ÂµÃ‘ï¿½Ã�Â¿Ã‘Æ’Ã�Â±Ã�Â»Ã�Â¸Ã�ÂºÃ�Â°
     got: Ð¤Ð¸Ð½Ð»Ñ�Ð½Ð´Ñ�ÐºÐ°Ñ� Ð ÐµÑ�Ð¿ÑƒÐ±Ð»Ð¸ÐºÐ°
 ; [cca2=FI].translations.slk.common
Expected: FÃƒÂ­nsko
     got: FÃ­nsko
 ; [cca2=FI].translations.slk.official
Expected: FÃƒÂ­nska republika
     got: FÃ­nska republika
 ; [cca2=FI].translations.spa.official
Expected: RepÃƒÂºblica de Finlandia
     got: RepÃºblica de Finlandia
 ; [cca2=FI].translations.srp.common
Expected: Ã�Â¤Ã�Â¸Ã�Â½Ã‘ï¿½Ã�ÂºÃ�Â°
     got: Ð¤Ð¸Ð½Ñ�ÐºÐ°
 ; [cca2=FI].translations.srp.official
Expected: Ã�Â Ã�ÂµÃ�Â¿Ã‘Æ’Ã�Â±Ã�Â»Ã�Â¸Ã�ÂºÃ�Â° Ã�Â¤Ã�Â¸Ã�Â½Ã‘ï¿½Ã�ÂºÃ�Â°
     got: Ð ÐµÐ¿ÑƒÐ±Ð»Ð¸ÐºÐ° Ð¤Ð¸Ð½Ñ�ÐºÐ°
 ; [cca2=FI].translations.urd.common
Expected: Ã™ï¿½Ã™â€  Ã™â€žÃ›Å’Ã™â€ ÃšË†
     got: Ù�Ù† Ù„ÛŒÙ†Úˆ
 ; [cca2=FI].translations.urd.official
Expected: Ã˜Â¬Ã™â€¦Ã›ï¿½Ã™Ë†Ã˜Â±Ã›Å’Ã›ï¿½ Ã™ï¿½Ã™â€  Ã™â€žÃ›Å’Ã™â€ ÃšË†
     got: Ø¬Ù…Û�ÙˆØ±ÛŒÛ� Ù�Ù† Ù„ÛŒÙ†Úˆ
 ; [cca2=FI].translations.zho.common
Expected: Ã¨Å Â¬Ã¥â€¦Â°
     got: èŠ¬å…°
 ; [cca2=FI].translations.zho.official
Expected: Ã¨Å Â¬Ã¥â€¦Â°Ã¥â€¦Â±Ã¥â€™Å’Ã¥â€ºÂ½
     got: èŠ¬å…°å…±å’Œå›½
 ; [cca2=FJ].altSpellings[]
Expected: FijÃ„Â« GaÃ¡Â¹â€¡arÃ„ï¿½jya
     but none found
 ; [cca2=FJ].altSpellings[]
Unexpected: FijÄ« Gaá¹‡arÄ�jya
 ; [cca2=FJ].flag
Expected: Ã°Å¸â€¡Â«Ã°Å¸â€¡Â¯
     got: ðŸ‡«ðŸ‡¯
 ; [cca2=FJ].flags.alt
Expected: The flag of Fiji has a light blue field. It features the flag of the United Kingdom Ã¢â‚¬â€� the Union Jack Ã¢â‚¬â€� in the canton and the shield of the national coat of arms centered in the fly half.
     got: The flag of Fiji has a light blue field. It features the flag of the United Kingdom â€” the Union Jack â€” in the canton and the shield of the national coat of arms centered in the fly half.
 ; [cca2=FJ].name.nativeName.hif.common
Expected: Ã Â¤Â«Ã Â¤Â¿Ã Â¤Å“Ã Â¥â‚¬
     got: à¤«à¤¿à¤œà¥€
 ; [cca2=FJ].name.nativeName.hif.official
Expected: Ã Â¤Â°Ã Â¤Â¿Ã Â¤ÂªÃ Â¤Â¬Ã Â¥ï¿½Ã Â¤Â²Ã Â¤Â¿Ã Â¤â€¢ Ã Â¤â€˜Ã Â¤Â« Ã Â¤Â«Ã Â¥â‚¬Ã Â¤Å“Ã Â¥â‚¬
     got: à¤°à¤¿à¤ªà¤¬à¥�à¤²à¤¿à¤• à¤‘à¤« à¤«à¥€à¤œà¥€
 ; [cca2=FJ].translations.ara.common
Expected: Ã™ï¿½Ã™Å Ã˜Â¬Ã™Å 
     got: Ù�ÙŠØ¬ÙŠ
 ; [cca2=FJ].translations.ara.official
Expected: Ã˜Â¬Ã™â€¦Ã™â€¡Ã™Ë†Ã˜Â±Ã™Å Ã˜Â© Ã˜Â¬Ã˜Â²Ã˜Â± Ã™ï¿½Ã™Å Ã˜Â¬Ã™Å 
     got: Ø¬Ù…Ù‡ÙˆØ±ÙŠØ© Ø¬Ø²Ø± Ù�ÙŠØ¬ÙŠ
 ; [cca2=FJ].translations.ces.common
Expected: FidÃ…Â¾i
     got: FidÅ¾i
 ; [cca2=FJ].translations.ces.official
Expected: Republika FidÃ…Â¾ijskÃƒÂ½ch ostrovÃ…Â¯
     got: Republika FidÅ¾ijskÃ½ch ostrovÅ¯
 ; [cca2=FJ].translations.est.common
Expected: FidÃ…Â¾i
     got: FidÅ¾i
 ; [cca2=FJ].translations.est.official
Expected: FidÃ…Â¾i Vabariik
     got: FidÅ¾i Vabariik
 ; [cca2=FJ].translations.fin.common
Expected: FidÃ…Â¾i
     got: FidÅ¾i
 ; [cca2=FJ].translations.fin.official
Expected: FidÃ…Â¾in tasavalta
     got: FidÅ¾in tasavalta
 ; [cca2=FJ].translations.fra.official
Expected: RÃƒÂ©publique des Fidji
     got: RÃ©publique des Fidji
 ; [cca2=FJ].translations.hrv.common
Expected: FiÃ„â€˜i
     got: FiÄ‘i
 ; [cca2=FJ].translations.hrv.official
Expected: Republika FidÃ…Â¾i
     got: Republika FidÅ¾i
 ; [cca2=FJ].translations.hun.official
Expected: Fidzsi-szigeteki KÃƒÂ¶ztÃƒÂ¡rsasÃƒÂ¡g
     got: Fidzsi-szigeteki KÃ¶ztÃ¡rsasÃ¡g
 ; [cca2=FJ].translations.jpn.common
Expected: Ã£Æ’â€¢Ã£â€šÂ£Ã£â€šÂ¸Ã£Æ’Â¼
     got: ãƒ•ã‚£ã‚¸ãƒ¼
 ; [cca2=FJ].translations.jpn.official
Expected: Ã£Æ’â€¢Ã£â€šÂ£Ã£â€šÂ¸Ã£Æ’Â¼Ã¥â€¦Â±Ã¥â€™Å’Ã¥â€ºÂ½
     got: ãƒ•ã‚£ã‚¸ãƒ¼å…±å’Œå›½
 ; [cca2=FJ].translations.kor.common
Expected: Ã­â€�Â¼Ã¬Â§â‚¬
     got: í”¼ì§€
 ; [cca2=FJ].translations.kor.official
Expected: Ã­â€�Â¼Ã¬Â§â‚¬ ÃªÂ³ÂµÃ­â„¢â€�ÃªÂµÂ­
     got: í”¼ì§€ ê³µí™”êµ­
 ; [cca2=FJ].translations.per.common
Expected: Ã™ï¿½Ã›Å’Ã˜Â¬Ã›Å’
     got: Ù�ÛŒØ¬ÛŒ
 ; [cca2=FJ].translations.per.official
Expected: Ã˜Â¬Ã™â€¦Ã™â€¡Ã™Ë†Ã˜Â±Ã›Å’ Ã˜Â¬Ã˜Â²Ã˜Â§Ã›Å’Ã˜Â± Ã™ï¿½Ã›Å’Ã˜Â¬Ã›Å’
     got: Ø¬Ù…Ù‡ÙˆØ±ÛŒ Ø¬Ø²Ø§ÛŒØ± Ù�ÛŒØ¬ÛŒ
 ; [cca2=FJ].translations.pol.common
Expected: FidÃ…Â¼i
     got: FidÅ¼i
 ; [cca2=FJ].translations.pol.official
Expected: Republika FidÃ…Â¼i
     got: Republika FidÅ¼i
 ; [cca2=FJ].translations.por.official
Expected: RepÃƒÂºblica de Fiji
     got: RepÃºblica de Fiji
 ; [cca2=FJ].translations.rus.common
Expected: Ã�Â¤Ã�Â¸Ã�Â´Ã�Â¶Ã�Â¸
     got: Ð¤Ð¸Ð´Ð¶Ð¸
 ; [cca2=FJ].translations.rus.official
Expected: Ã�Â Ã�ÂµÃ‘ï¿½Ã�Â¿Ã‘Æ’Ã�Â±Ã�Â»Ã�Â¸Ã�ÂºÃ�Â° Ã�Â¤Ã�Â¸Ã�Â´Ã�Â¶Ã�Â¸
     got: Ð ÐµÑ�Ð¿ÑƒÐ±Ð»Ð¸ÐºÐ° Ð¤Ð¸Ð´Ð¶Ð¸
 ; [cca2=FJ].translations.slk.common
Expected: FiÃ‡â€ i
     got: FiÇ†i
 ; [cca2=FJ].translations.slk.official
Expected: FiÃ‡â€ ijskÃƒÂ¡ republika
     got: FiÇ†ijskÃ¡ republika
 ; [cca2=FJ].translations.spa.official
Expected: RepÃƒÂºblica de Fiji
     got: RepÃºblica de Fiji
 ; [cca2=FJ].translations.srp.common
Expected: Ã�Â¤Ã�Â¸Ã‘Å¸Ã�Â¸
     got: Ð¤Ð¸ÑŸÐ¸
 ; [cca2=FJ].translations.srp.official
Expected: Ã�Â Ã�ÂµÃ�Â¿Ã‘Æ’Ã�Â±Ã�Â»Ã�Â¸Ã�ÂºÃ�Â° Ã�Â¤Ã�Â¸Ã‘Å¸Ã�Â¸
     got: Ð ÐµÐ¿ÑƒÐ±Ð»Ð¸ÐºÐ° Ð¤Ð¸ÑŸÐ¸
 ; [cca2=FJ].translations.urd.common
Expected: Ã™ï¿½Ã˜Â¬Ã›Å’
     got: Ù�Ø¬ÛŒ
 ; [cca2=FJ].translations.urd.official
Expected: Ã˜Â¬Ã™â€¦Ã›ï¿½Ã™Ë†Ã˜Â±Ã›Å’Ã›ï¿½ Ã™ï¿½Ã˜Â¬Ã›Å’
     got: Ø¬Ù…Û�ÙˆØ±ÛŒÛ� Ù�Ø¬ÛŒ
 ; [cca2=FJ].translations.zho.common
Expected: Ã¦â€“ï¿½Ã¦ÂµÅ½
     got: æ–�æµŽ
 ; [cca2=FJ].translations.zho.official
Expected: Ã¦â€“ï¿½Ã¦ÂµÅ½Ã¥â€¦Â±Ã¥â€™Å’Ã¥â€ºÂ½
     got: æ–�æµŽå…±å’Œå›½
 ; [cca2=FK].currencies.FKP.symbol
Expected: Ã‚Â£
     got: Â£
 ; [cca2=FK].flag
Expected: Ã°Å¸â€¡Â«Ã°Å¸â€¡Â°
     got: ðŸ‡«ðŸ‡°
 ; [cca2=FK].translations.ara.common
Expected: Ã˜Â¬Ã˜Â²Ã˜Â± Ã™ï¿½Ã™Ë†Ã™Æ’Ã™â€žÃ˜Â§Ã™â€ Ã˜Â¯
     got: Ø¬Ø²Ø± Ù�ÙˆÙƒÙ„Ø§Ù†Ø¯
 ; [cca2=FK].translations.ara.official
Expected: Ã˜Â¬Ã˜Â²Ã˜Â± Ã™ï¿½Ã™Ë†Ã™Æ’Ã™â€žÃ˜Â§Ã™â€ Ã˜Â¯
     got: Ø¬Ø²Ø± Ù�ÙˆÙƒÙ„Ø§Ù†Ø¯
 ; [cca2=FK].translations.bre.common
Expected: Inizi MaloÃƒÂ¹
     got: Inizi MaloÃ¹
 ; [cca2=FK].translations.bre.official
Expected: Inizi MaloÃƒÂ¹
     got: Inizi MaloÃ¹
 ; [cca2=FK].translations.ces.official
Expected: FalklandskÃƒÂ© ostrovy
     got: FalklandskÃ© ostrovy
 ; [cca2=FK].translations.fra.common
Expected: ÃƒÅ½les Malouines
     got: ÃŽles Malouines
 ; [cca2=FK].translations.fra.official
Expected: ÃƒÅ½les Malouines
     got: ÃŽles Malouines
 ; [cca2=FK].translations.jpn.common
Expected: Ã£Æ’â€¢Ã£â€šÂ©Ã£Æ’Â¼Ã£â€šÂ¯Ã£Æ’Â©Ã£Æ’Â³Ã£Æ’â€°Ã¯Â¼Ë†Ã£Æ’Å¾Ã£Æ’Â«Ã£Æ’â€œÃ£Æ’Å Ã£â€šÂ¹Ã¯Â¼â€°Ã¨Â«Â¸Ã¥Â³Â¶
     got: ãƒ•ã‚©ãƒ¼ã‚¯ãƒ©ãƒ³ãƒ‰ï¼ˆãƒžãƒ«ãƒ“ãƒŠã‚¹ï¼‰è«¸å³¶
 ; [cca2=FK].translations.jpn.official
Expected: Ã£Æ’â€¢Ã£â€šÂ©Ã£Æ’Â¼Ã£â€šÂ¯Ã£Æ’Â©Ã£Æ’Â³Ã£Æ’â€°
     got: ãƒ•ã‚©ãƒ¼ã‚¯ãƒ©ãƒ³ãƒ‰
 ; [cca2=FK].translations.kor.common
Expected: Ã­ï¿½Â¬Ã­ï¿½Â´Ã«Å¾Å“Ã«â€œÅ“ Ã¬Â Å“Ã«ï¿½â€ž
     got: í�¬í�´ëžœë“œ ì œë�„
 ; [cca2=FK].translations.kor.official
Expected: Ã­ï¿½Â¬Ã­ï¿½Â´Ã«Å¾Å“Ã«â€œÅ“ Ã¬Â Å“Ã«ï¿½â€ž
     got: í�¬í�´ëžœë“œ ì œë�„
 ; [cca2=FK].translations.per.common
Expected: Ã˜Â¬Ã˜Â²Ã˜Â§Ã›Å’Ã˜Â± Ã™ï¿½Ã˜Â§Ã™â€žÃšÂ©Ã™â€žÃ™â€ Ã˜Â¯
     got: Ø¬Ø²Ø§ÛŒØ± Ù�Ø§Ù„Ú©Ù„Ù†Ø¯
 ; [cca2=FK].translations.per.official
Expected: Ã˜Â¬Ã˜Â²Ã˜Â§Ã›Å’Ã˜Â± Ã™ï¿½Ã˜Â§Ã™â€žÃšÂ©Ã™â€žÃ™â€ Ã˜Â¯
     got: Ø¬Ø²Ø§ÛŒØ± Ù�Ø§Ù„Ú©Ù„Ù†Ø¯
 ; [cca2=FK].translations.rus.common
Expected: Ã�Â¤Ã�Â¾Ã�Â»Ã�ÂºÃ�Â»Ã�ÂµÃ�Â½Ã�Â´Ã‘ï¿½Ã�ÂºÃ�Â¸Ã�Âµ Ã�Â¾Ã‘ï¿½Ã‘â€šÃ‘â‚¬Ã�Â¾Ã�Â²Ã�Â°
     got: Ð¤Ð¾Ð»ÐºÐ»ÐµÐ½Ð´Ñ�ÐºÐ¸Ðµ Ð¾Ñ�Ñ‚Ñ€Ð¾Ð²Ð°
 ; [cca2=FK].translations.rus.official
Expected: Ã�Â¤Ã�Â¾Ã�Â»Ã�ÂºÃ�Â»Ã�ÂµÃ�Â½Ã�Â´Ã‘ï¿½Ã�ÂºÃ�Â¸Ã�Âµ Ã�Â¾Ã‘ï¿½Ã‘â€šÃ‘â‚¬Ã�Â¾Ã�Â²Ã�Â°
     got: Ð¤Ð¾Ð»ÐºÐ»ÐµÐ½Ð´Ñ�ÐºÐ¸Ðµ Ð¾Ñ�Ñ‚Ñ€Ð¾Ð²Ð°
 ; [cca2=FK].translations.slk.official
Expected: FalklandskÃƒÂ© ostrovy
     got: FalklandskÃ© ostrovy
 ; [cca2=FK].translations.srp.common
Expected: Ã�Â¤Ã�Â¾Ã�Â»Ã�ÂºÃ�Â»Ã�Â°Ã�Â½Ã�Â´Ã�Â¸
     got: Ð¤Ð¾Ð»ÐºÐ»Ð°Ð½Ð´Ð¸
 ; [cca2=FK].translations.srp.official
Expected: Ã�Â¤Ã�Â¾Ã�Â»Ã�ÂºÃ�Â»Ã�Â°Ã�Â½Ã�Â´Ã‘ï¿½Ã�ÂºÃ�Â° Ã�Å¾Ã‘ï¿½Ã‘â€šÃ‘â‚¬Ã�Â²Ã�Â°
     got: Ð¤Ð¾Ð»ÐºÐ»Ð°Ð½Ð´Ñ�ÐºÐ° ÐžÑ�Ñ‚Ñ€Ð²Ð°
 ; [cca2=FK].translations.swe.common
Expected: FalklandsÃƒÂ¶arna
     got: FalklandsÃ¶arna
 ; [cca2=FK].translations.swe.official
Expected: FalklandsÃƒÂ¶arna
     got: FalklandsÃ¶arna
 ; [cca2=FK].translations.tur.common
Expected: Falkland (Malvina) AdalarÃ„Â±
     got: Falkland (Malvina) AdalarÄ±
 ; [cca2=FK].translations.tur.official
Expected: Falkland (Malvina) AdalarÃ„Â±
     got: Falkland (Malvina) AdalarÄ±
 ; [cca2=FK].translations.urd.common
Expected: Ã˜Â¬Ã˜Â²Ã˜Â§Ã˜Â¦Ã˜Â± Ã™ï¿½Ã˜Â§ÃšÂ©Ã™â€žÃ›Å’Ã™â€ ÃšË†
     got: Ø¬Ø²Ø§Ø¦Ø± Ù�Ø§Ú©Ù„ÛŒÙ†Úˆ
 ; [cca2=FK].translations.urd.official
Expected: Ã˜Â¬Ã˜Â²Ã˜Â§Ã˜Â¦Ã˜Â± Ã™ï¿½Ã˜Â§ÃšÂ©Ã™â€žÃ›Å’Ã™â€ ÃšË†
     got: Ø¬Ø²Ø§Ø¦Ø± Ù�Ø§Ú©Ù„ÛŒÙ†Úˆ
 ; [cca2=FK].translations.zho.common
Expected: Ã§Â¦ï¿½Ã¥â€¦â€¹Ã¥â€¦Â°Ã§Â¾Â¤Ã¥Â²â€º
     got: ç¦�å…‹å…°ç¾¤å²›
 ; [cca2=FK].translations.zho.official
Expected: Ã§Â¦ï¿½Ã¥â€¦â€¹Ã¥â€¦Â°Ã§Â¾Â¤Ã¥Â²â€º
     got: ç¦�å…‹å…°ç¾¤å²›
 ; [cca2=FM].demonyms.fra.f
Expected: MicronÃƒÂ©sienne
     got: MicronÃ©sienne
 ; [cca2=FM].demonyms.fra.m
Expected: MicronÃƒÂ©sien
     got: MicronÃ©sien
 ; [cca2=FM].flag
Expected: Ã°Å¸â€¡Â«Ã°Å¸â€¡Â²
     got: ðŸ‡«ðŸ‡²
 ; [cca2=FM].translations.ara.common
Expected: Ã™â€¦Ã™Å Ã™Æ’Ã˜Â±Ã™Ë†Ã™â€ Ã™Å Ã˜Â³Ã™Å Ã˜Â§
     got: Ù…ÙŠÙƒØ±ÙˆÙ†ÙŠØ³ÙŠØ§
 ; [cca2=FM].translations.ara.official
Expected: Ã™Ë†Ã™â€žÃ˜Â§Ã™Å Ã˜Â§Ã˜Âª Ã™â€¦Ã™Å Ã™Æ’Ã˜Â±Ã™Ë†Ã™â€ Ã™Å Ã˜Â³Ã™Å Ã˜Â§ Ã˜Â§Ã™â€žÃ™â€¦Ã˜ÂªÃ˜Â­Ã˜Â¯Ã˜Â©
     got: ÙˆÙ„Ø§ÙŠØ§Øª Ù…ÙŠÙƒØ±ÙˆÙ†ÙŠØ³ÙŠØ§ Ø§Ù„Ù…ØªØ­Ø¯Ø©
 ; [cca2=FM].translations.bre.official
Expected: StadoÃƒÂ¹ Kevreet Mikronezia
     got: StadoÃ¹ Kevreet Mikronezia
 ; [cca2=FM].translations.ces.common
Expected: MikronÃƒÂ©sie
     got: MikronÃ©sie
 ; [cca2=FM].translations.ces.official
Expected: FederativnÃƒÂ­ stÃƒÂ¡ty MikronÃƒÂ©sie
     got: FederativnÃ­ stÃ¡ty MikronÃ©sie
 ; [cca2=FM].translations.deu.official
Expected: FÃƒÂ¶derierte Staaten von Mikronesien
     got: FÃ¶derierte Staaten von Mikronesien
 ; [cca2=FM].translations.fra.common
Expected: MicronÃƒÂ©sie
     got: MicronÃ©sie
 ; [cca2=FM].translations.fra.official
Expected: Ãƒâ€°tats fÃƒÂ©dÃƒÂ©rÃƒÂ©s de MicronÃƒÂ©sie
     got: Ã‰tats fÃ©dÃ©rÃ©s de MicronÃ©sie
 ; [cca2=FM].translations.hrv.official
Expected: Savezne DrÃ…Â¾ave Mikronezije
     got: Savezne DrÅ¾ave Mikronezije
 ; [cca2=FM].translations.hun.common
Expected: MikronÃƒÂ©ziai SzÃƒÂ¶vetsÃƒÂ©gi Ãƒï¿½llamok
     got: MikronÃ©ziai SzÃ¶vetsÃ©gi Ã�llamok
 ; [cca2=FM].translations.hun.official
Expected: MikronÃƒÂ©ziai SzÃƒÂ¶vetsÃƒÂ©gi Ãƒï¿½llamok
     got: MikronÃ©ziai SzÃ¶vetsÃ©gi Ã�llamok
 ; [cca2=FM].translations.jpn.common
Expected: Ã£Æ’Å¸Ã£â€šÂ¯Ã£Æ’Â­Ã£Æ’ï¿½Ã£â€šÂ·Ã£â€šÂ¢Ã©â‚¬Â£Ã©â€šÂ¦
     got: ãƒŸã‚¯ãƒ­ãƒ�ã‚·ã‚¢é€£é‚¦
 ; [cca2=FM].translations.jpn.official
Expected: Ã£Æ’Å¸Ã£â€šÂ¯Ã£Æ’Â­Ã£Æ’ï¿½Ã£â€šÂ·Ã£â€šÂ¢Ã©â‚¬Â£Ã©â€šÂ¦
     got: ãƒŸã‚¯ãƒ­ãƒ�ã‚·ã‚¢é€£é‚¦
 ; [cca2=FM].translations.kor.common
Expected: Ã«Â¯Â¸Ã­ï¿½Â¬Ã«Â¡Å“Ã«â€žÂ¤Ã¬â€¹Å“Ã¬â€¢â€ž
     got: ë¯¸í�¬ë¡œë„¤ì‹œì•„
 ; [cca2=FM].translations.kor.official
Expected: Ã«Â¯Â¸Ã­ï¿½Â¬Ã«Â¡Å“Ã«â€žÂ¤Ã¬â€¹Å“Ã¬â€¢â€ž Ã¬â€”Â°Ã«Â°Â©
     got: ë¯¸í�¬ë¡œë„¤ì‹œì•„ ì—°ë°©
 ; [cca2=FM].translations.nld.common
Expected: MicronesiÃƒÂ«
     got: MicronesiÃ«
 ; [cca2=FM].translations.per.common
Expected: Ã™â€¦Ã›Å’ÃšÂ©Ã˜Â±Ã™Ë†Ã™â€ Ã˜Â²Ã›Å’
     got: Ù…ÛŒÚ©Ø±ÙˆÙ†Ø²ÛŒ
 ; [cca2=FM].translations.per.official
Expected: Ã˜Â§Ã›Å’Ã˜Â§Ã™â€žÃ˜Â§Ã˜Âª Ã™ï¿½Ã˜Â¯Ã˜Â±Ã˜Â§Ã™â€ž Ã™â€¦Ã›Å’ÃšÂ©Ã˜Â±Ã™Ë†Ã™â€ Ã˜Â²Ã›Å’
     got: Ø§ÛŒØ§Ù„Ø§Øª Ù�Ø¯Ø±Ø§Ù„ Ù…ÛŒÚ©Ø±ÙˆÙ†Ø²ÛŒ
 ; [cca2=FM].translations.por.common
Expected: MicronÃƒÂ©sia
     got: MicronÃ©sia
 ; [cca2=FM].translations.por.official
Expected: Estados Federados da MicronÃƒÂ©sia
     got: Estados Federados da MicronÃ©sia
 ; [cca2=FM].translations.rus.common
Expected: Ã�Â¤Ã�ÂµÃ�Â´Ã�ÂµÃ‘â‚¬Ã�Â°Ã‘â€šÃ�Â¸Ã�Â²Ã�Â½Ã‘â€¹Ã�Âµ Ã�Â¨Ã‘â€šÃ�Â°Ã‘â€šÃ‘â€¹ Ã�Å“Ã�Â¸Ã�ÂºÃ‘â‚¬Ã�Â¾Ã�Â½Ã�ÂµÃ�Â·Ã�Â¸Ã�Â¸
     got: Ð¤ÐµÐ´ÐµÑ€Ð°Ñ‚Ð¸Ð²Ð½Ñ‹Ðµ Ð¨Ñ‚Ð°Ñ‚Ñ‹ ÐœÐ¸ÐºÑ€Ð¾Ð½ÐµÐ·Ð¸Ð¸
 ; [cca2=FM].translations.rus.official
Expected: Ã�Â¤Ã�ÂµÃ�Â´Ã�ÂµÃ‘â‚¬Ã�Â°Ã‘â€šÃ�Â¸Ã�Â²Ã�Â½Ã‘â€¹Ã�Âµ Ã�Â¨Ã‘â€šÃ�Â°Ã‘â€šÃ‘â€¹ Ã�Å“Ã�Â¸Ã�ÂºÃ‘â‚¬Ã�Â¾Ã�Â½Ã�ÂµÃ�Â·Ã�Â¸Ã�Â¸
     got: Ð¤ÐµÐ´ÐµÑ€Ð°Ñ‚Ð¸Ð²Ð½Ñ‹Ðµ Ð¨Ñ‚Ð°Ñ‚Ñ‹ ÐœÐ¸ÐºÑ€Ð¾Ð½ÐµÐ·Ð¸Ð¸
 ; [cca2=FM].translations.slk.common
Expected: MikronÃƒÂ©zia
     got: MikronÃ©zia
 ; [cca2=FM].translations.slk.official
Expected: MikronÃƒÂ©zske federatÃƒÂ­vne Ã…Â¡tÃƒÂ¡ty
     got: MikronÃ©zske federatÃ­vne Å¡tÃ¡ty
 ; [cca2=FM].translations.srp.common
Expected: Ã�Å“Ã�Â¸Ã�ÂºÃ‘â‚¬Ã�Â¾Ã�Â½Ã�ÂµÃ�Â·Ã�Â¸Ã‘ËœÃ�Â°
     got: ÐœÐ¸ÐºÑ€Ð¾Ð½ÐµÐ·Ð¸Ñ˜Ð°
 ; [cca2=FM].translations.srp.official
Expected: Ã�Â¡Ã�Â°Ã�Â²Ã�ÂµÃ�Â· Ã�â€�Ã‘â‚¬Ã�Â¶Ã�Â°Ã�Â²Ã�Â° Ã�Å“Ã�Â¸Ã�ÂºÃ‘â‚¬Ã�Â¾Ã�Â½Ã�ÂµÃ�Â·Ã�Â¸Ã‘ËœÃ�Âµ
     got: Ð¡Ð°Ð²ÐµÐ· Ð”Ñ€Ð¶Ð°Ð²Ð° ÐœÐ¸ÐºÑ€Ð¾Ð½ÐµÐ·Ð¸Ñ˜Ðµ
 ; [cca2=FM].translations.urd.common
Expected: Ã™â€¦Ã˜Â§Ã˜Â¦ÃšÂ©Ã˜Â±Ã™Ë†Ã™â€ Ã›Å’Ã˜Â´Ã›Å’Ã˜Â§
     got: Ù…Ø§Ø¦Ú©Ø±ÙˆÙ†ÛŒØ´ÛŒØ§
 ; [cca2=FM].translations.urd.official
Expected: Ã˜Â±Ã›Å’Ã˜Â§Ã˜Â³Ã˜ÂªÃ›ï¿½Ã˜Â§Ã˜Â¦Ã›â€™ Ã™Ë†Ã™ï¿½Ã˜Â§Ã™â€šÃ›Å’Ã›ï¿½ Ã™â€¦Ã˜Â§Ã˜Â¦ÃšÂ©Ã˜Â±Ã™Ë†Ã™â€ Ã›Å’Ã˜Â´Ã›Å’Ã˜Â§
     got: Ø±ÛŒØ§Ø³ØªÛ�Ø§Ø¦Û’ ÙˆÙ�Ø§Ù‚ÛŒÛ� Ù…Ø§Ø¦Ú©Ø±ÙˆÙ†ÛŒØ´ÛŒØ§
 ; [cca2=FM].translations.zho.common
Expected: Ã¥Â¯â€ Ã¥â€¦â€¹Ã§Â½â€”Ã¥Â°Â¼Ã¨Â¥Â¿Ã¤ÂºÅ¡
     got: å¯†å…‹ç½—å°¼è¥¿äºš
 ; [cca2=FM].translations.zho.official
Expected: Ã¥Â¯â€ Ã¥â€¦â€¹Ã§Â½â€”Ã¥Â°Â¼Ã¨Â¥Â¿Ã¤ÂºÅ¡Ã¨ï¿½â€�Ã©â€šÂ¦
     got: å¯†å…‹ç½—å°¼è¥¿äºšè�”é‚¦
 ; [cca2=FO].altSpellings[]
Expected: FÃƒÂ¦rÃƒÂ¸erne
     but none found
 ; [cca2=FO].altSpellings[]
Expected: FÃƒÂ¸royar
     but none found
 ; [cca2=FO].altSpellings[]
Unexpected: FÃ¦rÃ¸erne
 ; [cca2=FO].altSpellings[]
Unexpected: FÃ¸royar
 ; [cca2=FO].capital[]
Expected: TÃƒÂ³rshavn
     but none found
 ; [cca2=FO].capital[]
Unexpected: TÃ³rshavn
 ; [cca2=FO].currencies.FOK.name
Expected: Faroese krÃƒÂ³na
     got: Faroese krÃ³na
 ; [cca2=FO].demonyms.fra.f
Expected: FÃƒÂ©roÃƒÂ¯enne
     got: FÃ©roÃ¯enne
 ; [cca2=FO].demonyms.fra.m
Expected: FÃƒÂ©roÃƒÂ¯en
     got: FÃ©roÃ¯en
 ; [cca2=FO].flag
Expected: Ã°Å¸â€¡Â«Ã°Å¸â€¡Â´
     got: ðŸ‡«ðŸ‡´
 ; [cca2=FO].name.nativeName.dan.common
Expected: FÃƒÂ¦rÃƒÂ¸erne
     got: FÃ¦rÃ¸erne
 ; [cca2=FO].name.nativeName.dan.official
Expected: FÃƒÂ¦rÃƒÂ¸erne
     got: FÃ¦rÃ¸erne
 ; [cca2=FO].name.nativeName.fao.common
Expected: FÃƒÂ¸royar
     got: FÃ¸royar
 ; [cca2=FO].name.nativeName.fao.official
Expected: FÃƒÂ¸royar
     got: FÃ¸royar
 ; [cca2=FO].translations.ara.common
Expected: Ã˜Â¬Ã˜Â²Ã˜Â± Ã™ï¿½Ã˜Â§Ã˜Â±Ã™Ë†
     got: Ø¬Ø²Ø± Ù�Ø§Ø±Ùˆ
 ; [cca2=FO].translations.ara.official
Expected: Ã˜Â¬Ã˜Â²Ã˜Â± Ã™ï¿½Ã˜Â§Ã˜Â±Ã™Ë†
     got: Ø¬Ø²Ø± Ù�Ø§Ø±Ùˆ
 ; [cca2=FO].translations.ces.common
Expected: FaerskÃƒÂ© ostrovy
     got: FaerskÃ© ostrovy
 ; [cca2=FO].translations.ces.official
Expected: FaerskÃƒÂ© ostrovy
     got: FaerskÃ© ostrovy
 ; [cca2=FO].translations.deu.common
Expected: FÃƒÂ¤rÃƒÂ¶er-Inseln
     got: FÃ¤rÃ¶er-Inseln
 ; [cca2=FO].translations.deu.official
Expected: FÃƒÂ¤rÃƒÂ¶er
     got: FÃ¤rÃ¶er
 ; [cca2=FO].translations.est.common
Expected: FÃƒÂ¤ÃƒÂ¤ri saared
     got: FÃ¤Ã¤ri saared
 ; [cca2=FO].translations.est.official
Expected: FÃƒÂ¤ÃƒÂ¤ri saared
     got: FÃ¤Ã¤ri saared
 ; [cca2=FO].translations.fin.common
Expected: FÃƒÂ¤rsaaret
     got: FÃ¤rsaaret
 ; [cca2=FO].translations.fin.official
Expected: FÃƒÂ¤rsaaret
     got: FÃ¤rsaaret
 ; [cca2=FO].translations.fra.common
Expected: ÃƒÅ½les FÃƒÂ©roÃƒÂ©
     got: ÃŽles FÃ©roÃ©
 ; [cca2=FO].translations.fra.official
Expected: ÃƒÅ½les FÃƒÂ©roÃƒÂ©
     got: ÃŽles FÃ©roÃ©
 ; [cca2=FO].translations.hun.common
Expected: FerÃƒÂ¶er
     got: FerÃ¶er
 ; [cca2=FO].translations.hun.official
Expected: FerÃƒÂ¶er
     got: FerÃ¶er
 ; [cca2=FO].translations.jpn.common
Expected: Ã£Æ’â€¢Ã£â€šÂ§Ã£Æ’Â­Ã£Æ’Â¼Ã¨Â«Â¸Ã¥Â³Â¶
     got: ãƒ•ã‚§ãƒ­ãƒ¼è«¸å³¶
 ; [cca2=FO].translations.jpn.official
Expected: Ã£Æ’â€¢Ã£â€šÂ§Ã£Æ’Â­Ã£Æ’Â¼Ã¨Â«Â¸Ã¥Â³Â¶
     got: ãƒ•ã‚§ãƒ­ãƒ¼è«¸å³¶
 ; [cca2=FO].translations.kor.common
Expected: Ã­Å½ËœÃ«Â¡Å“ Ã¬Â Å“Ã«ï¿½â€ž
     got: íŽ˜ë¡œ ì œë�„
 ; [cca2=FO].translations.kor.official
Expected: Ã­Å½ËœÃ«Â¡Å“ Ã¬Â Å“Ã«ï¿½â€ž
     got: íŽ˜ë¡œ ì œë�„
 ; [cca2=FO].translations.nld.common
Expected: FaerÃƒÂ¶er
     got: FaerÃ¶er
 ; [cca2=FO].translations.nld.official
Expected: FaerÃƒÂ¶er
     got: FaerÃ¶er
 ; [cca2=FO].translations.per.common
Expected: Ã˜Â¬Ã˜Â²Ã˜Â§Ã›Å’Ã˜Â± Ã™ï¿½Ã˜Â§Ã˜Â±Ã™Ë†Ã˜Â¦Ã™â€¡
     got: Ø¬Ø²Ø§ÛŒØ± Ù�Ø§Ø±ÙˆØ¦Ù‡
 ; [cca2=FO].translations.per.official
Expected: Ã˜Â¬Ã˜Â²Ã˜Â§Ã›Å’Ã˜Â± Ã™ï¿½Ã˜Â§Ã˜Â±Ã™Ë†Ã˜Â¦Ã™â€¡
     got: Ø¬Ø²Ø§ÛŒØ± Ù�Ø§Ø±ÙˆØ¦Ù‡
 ; [cca2=FO].translations.por.common
Expected: Ilhas FaroÃƒÂ©
     got: Ilhas FaroÃ©
 ; [cca2=FO].translations.rus.common
Expected: Ã�Â¤Ã�Â°Ã‘â‚¬Ã�ÂµÃ‘â‚¬Ã‘ï¿½Ã�ÂºÃ�Â¸Ã�Âµ Ã�Â¾Ã‘ï¿½Ã‘â€šÃ‘â‚¬Ã�Â¾Ã�Â²Ã�Â°
     got: Ð¤Ð°Ñ€ÐµÑ€Ñ�ÐºÐ¸Ðµ Ð¾Ñ�Ñ‚Ñ€Ð¾Ð²Ð°
 ; [cca2=FO].translations.rus.official
Expected: Ã�Â¤Ã�Â°Ã‘â‚¬Ã�ÂµÃ‘â‚¬Ã‘ï¿½Ã�ÂºÃ�Â¸Ã�Âµ Ã�Â¾Ã‘ï¿½Ã‘â€šÃ‘â‚¬Ã�Â¾Ã�Â²Ã�Â°
     got: Ð¤Ð°Ñ€ÐµÑ€Ñ�ÐºÐ¸Ðµ Ð¾Ñ�Ñ‚Ñ€Ð¾Ð²Ð°
 ; [cca2=FO].translations.slk.common
Expected: FaerskÃƒÂ© ostrovy
     got: FaerskÃ© ostrovy
 ; [cca2=FO].translations.slk.official
Expected: FaerskÃƒÂ© ostrovy
     got: FaerskÃ© ostrovy
 ; [cca2=FO].translations.srp.common
Expected: Ã�Â¤Ã�Â°Ã‘â‚¬Ã‘ï¿½Ã�ÂºÃ�Â° Ã�Â¾Ã‘ï¿½Ã‘â€šÃ‘â‚¬Ã�Â²Ã�Â°
     got: Ð¤Ð°Ñ€Ñ�ÐºÐ° Ð¾Ñ�Ñ‚Ñ€Ð²Ð°
 ; [cca2=FO].translations.srp.official
Expected: Ã�Â¤Ã�Â°Ã‘â‚¬Ã‘ï¿½Ã�ÂºÃ�Â° Ã�Â¾Ã‘ï¿½Ã‘â€šÃ‘â‚¬Ã�Â²Ã�Â°
     got: Ð¤Ð°Ñ€Ñ�ÐºÐ° Ð¾Ñ�Ñ‚Ñ€Ð²Ð°
 ; [cca2=FO].translations.swe.common
Expected: FÃƒÂ¤rÃƒÂ¶arna
     got: FÃ¤rÃ¶arna
 ; [cca2=FO].translations.swe.official
Expected: FÃƒÂ¤rÃƒÂ¶arna
     got: FÃ¤rÃ¶arna
 ; [cca2=FO].translations.tur.common
Expected: Faroe AdalarÃ„Â±
     got: Faroe AdalarÄ±
 ; [cca2=FO].translations.tur.official
Expected: Faroe AdalarÃ„Â±
     got: Faroe AdalarÄ±
 ; [cca2=FO].translations.urd.common
Expected: Ã˜Â¬Ã˜Â²Ã˜Â§Ã˜Â¦Ã˜Â± Ã™ï¿½Ã˜Â§Ã˜Â±Ã™Ë†
     got: Ø¬Ø²Ø§Ø¦Ø± Ù�Ø§Ø±Ùˆ
 ; [cca2=FO].translations.urd.official
Expected: Ã˜Â¬Ã˜Â²Ã˜Â§Ã˜Â¦Ã˜Â± Ã™ï¿½Ã˜Â§Ã˜Â±Ã™Ë†
     got: Ø¬Ø²Ø§Ø¦Ø± Ù�Ø§Ø±Ùˆ
 ; [cca2=FO].translations.zho.common
Expected: Ã¦Â³â€¢Ã§Â½â€”Ã§Â¾Â¤Ã¥Â²â€º
     got: æ³•ç½—ç¾¤å²›
 ; [cca2=FO].translations.zho.official
Expected: Ã¦Â³â€¢Ã§Â½â€”Ã§Â¾Â¤Ã¥Â²â€º
     got: æ³•ç½—ç¾¤å²›
 ; [cca2=FR].altSpellings[]
Expected: RÃƒÂ©publique franÃƒÂ§aise
     but none found
 ; [cca2=FR].altSpellings[]
Unexpected: RÃ©publique franÃ§aise
 ; [cca2=FR].currencies.EUR.symbol
Expected: Ã¢â€šÂ¬
     got: â‚¬
 ; [cca2=FR].demonyms.fra.f
Expected: FranÃƒÂ§aise
     got: FranÃ§aise
 ; [cca2=FR].demonyms.fra.m
Expected: FranÃƒÂ§ais
     got: FranÃ§ais
 ; [cca2=FR].flag
Expected: Ã°Å¸â€¡Â«Ã°Å¸â€¡Â·
     got: ðŸ‡«ðŸ‡·
 ; [cca2=FR].name.nativeName.fra.official
Expected: RÃƒÂ©publique franÃƒÂ§aise
     got: RÃ©publique franÃ§aise
 ; [cca2=FR].translations.ara.common
Expected: Ã™ï¿½Ã˜Â±Ã™â€ Ã˜Â³Ã˜Â§
     got: Ù�Ø±Ù†Ø³Ø§
 ; [cca2=FR].translations.ara.official
Expected: Ã˜Â§Ã™â€žÃ˜Â¬Ã™â€¦Ã™â€¡Ã™Ë†Ã˜Â±Ã™Å Ã˜Â© Ã˜Â§Ã™â€žÃ™ï¿½Ã˜Â±Ã™â€ Ã˜Â³Ã™Å Ã˜Â©
     got: Ø§Ù„Ø¬Ù…Ù‡ÙˆØ±ÙŠØ© Ø§Ù„Ù�Ø±Ù†Ø³ÙŠØ©
 ; [cca2=FR].translations.bre.common
Expected: FraÃƒÂ±s
     got: FraÃ±s
 ; [cca2=FR].translations.bre.official
Expected: Republik FraÃƒÂ±s
     got: Republik FraÃ±s
 ; [cca2=FR].translations.ces.official
Expected: FrancouzskÃƒÂ¡ republika
     got: FrancouzskÃ¡ republika
 ; [cca2=FR].translations.deu.official
Expected: FranzÃƒÂ¶sische Republik
     got: FranzÃ¶sische Republik
 ; [cca2=FR].translations.fra.official
Expected: RÃƒÂ©publique franÃƒÂ§aise
     got: RÃ©publique franÃ§aise
 ; [cca2=FR].translations.hun.common
Expected: FranciaorszÃƒÂ¡g
     got: FranciaorszÃ¡g
 ; [cca2=FR].translations.hun.official
Expected: Francia KÃƒÂ¶ztÃƒÂ¡rsasÃƒÂ¡g
     got: Francia KÃ¶ztÃ¡rsasÃ¡g
 ; [cca2=FR].translations.jpn.common
Expected: Ã£Æ’â€¢Ã£Æ’Â©Ã£Æ’Â³Ã£â€šÂ¹
     got: ãƒ•ãƒ©ãƒ³ã‚¹
 ; [cca2=FR].translations.jpn.official
Expected: Ã£Æ’â€¢Ã£Æ’Â©Ã£Æ’Â³Ã£â€šÂ¹Ã¥â€¦Â±Ã¥â€™Å’Ã¥â€ºÂ½
     got: ãƒ•ãƒ©ãƒ³ã‚¹å…±å’Œå›½
 ; [cca2=FR].translations.kor.common
Expected: Ã­â€�â€žÃ«Å¾â€˜Ã¬Å Â¤
     got: í”„ëž‘ìŠ¤
 ; [cca2=FR].translations.kor.official
Expected: Ã­â€�â€žÃ«Å¾â€˜Ã¬Å Â¤ ÃªÂ³ÂµÃ­â„¢â€�ÃªÂµÂ­
     got: í”„ëž‘ìŠ¤ ê³µí™”êµ­
 ; [cca2=FR].translations.per.common
Expected: Ã™ï¿½Ã˜Â±Ã˜Â§Ã™â€ Ã˜Â³Ã™â€¡
     got: Ù�Ø±Ø§Ù†Ø³Ù‡
 ; [cca2=FR].translations.per.official
Expected: Ã˜Â¬Ã™â€¦Ã™â€¡Ã™Ë†Ã˜Â±Ã›Å’ Ã™ï¿½Ã˜Â±Ã˜Â§Ã™â€ Ã˜Â³Ã™â€¡
     got: Ø¬Ù…Ù‡ÙˆØ±ÛŒ Ù�Ø±Ø§Ù†Ø³Ù‡
 ; [cca2=FR].translations.por.common
Expected: FranÃƒÂ§a
     got: FranÃ§a
 ; [cca2=FR].translations.por.official
Expected: RepÃƒÂºblica Francesa
     got: RepÃºblica Francesa
 ; [cca2=FR].translations.rus.common
Expected: Ã�Â¤Ã‘â‚¬Ã�Â°Ã�Â½Ã‘â€ Ã�Â¸Ã‘ï¿½
     got: Ð¤Ñ€Ð°Ð½Ñ†Ð¸Ñ�
 ; [cca2=FR].translations.rus.official
Expected: Ã�Â¤Ã‘â‚¬Ã�Â°Ã�Â½Ã‘â€ Ã‘Æ’Ã�Â·Ã‘ï¿½Ã�ÂºÃ�Â°Ã‘ï¿½ Ã�Â Ã�ÂµÃ‘ï¿½Ã�Â¿Ã‘Æ’Ã�Â±Ã�Â»Ã�Â¸Ã�ÂºÃ�Â°
     got: Ð¤Ñ€Ð°Ð½Ñ†ÑƒÐ·Ñ�ÐºÐ°Ñ� Ð ÐµÑ�Ð¿ÑƒÐ±Ð»Ð¸ÐºÐ°
 ; [cca2=FR].translations.slk.common
Expected: FrancÃƒÂºzsko
     got: FrancÃºzsko
 ; [cca2=FR].translations.slk.official
Expected: FrancÃƒÂºzska republika
     got: FrancÃºzska republika
 ; [cca2=FR].translations.spa.official
Expected: RepÃƒÂºblica francÃƒÂ©s
     got: RepÃºblica francÃ©s
 ; [cca2=FR].translations.srp.common
Expected: Ã�Â¤Ã‘â‚¬Ã�Â°Ã�Â½Ã‘â€ Ã‘Æ’Ã‘ï¿½Ã�ÂºÃ�Â°
     got: Ð¤Ñ€Ð°Ð½Ñ†ÑƒÑ�ÐºÐ°
 ; [cca2=FR].translations.srp.official
Expected: Ã�Â¤Ã‘â‚¬Ã�Â°Ã�Â½Ã‘â€ Ã‘Æ’Ã‘ï¿½Ã�ÂºÃ�Â° Ã�Â Ã�ÂµÃ�Â¿Ã‘Æ’Ã�Â±Ã�Â»Ã�Â¸Ã�ÂºÃ�Â°
     got: Ð¤Ñ€Ð°Ð½Ñ†ÑƒÑ�ÐºÐ° Ð ÐµÐ¿ÑƒÐ±Ð»Ð¸ÐºÐ°
 ; [cca2=FR].translations.urd.common
Expected: Ã™ï¿½Ã˜Â±Ã˜Â§Ã™â€ Ã˜Â³
     got: Ù�Ø±Ø§Ù†Ø³
 ; [cca2=FR].translations.urd.official
Expected: Ã˜Â¬Ã™â€¦Ã›ï¿½Ã™Ë†Ã˜Â±Ã›Å’Ã›ï¿½ Ã™ï¿½Ã˜Â±Ã˜Â§Ã™â€ Ã˜Â³
     got: Ø¬Ù…Û�ÙˆØ±ÛŒÛ� Ù�Ø±Ø§Ù†Ø³
 ; [cca2=FR].translations.zho.common
Expected: Ã¦Â³â€¢Ã¥â€ºÂ½
     got: æ³•å›½
 ; [cca2=FR].translations.zho.official
Expected: Ã¦Â³â€¢Ã¥â€¦Â°Ã¨Â¥Â¿Ã¥â€¦Â±Ã¥â€™Å’Ã¥â€ºÂ½
     got: æ³•å…°è¥¿å…±å’Œå›½
 ; [cca2=WF].altSpellings[]
Expected: Territoire des ÃƒÂ®les Wallis et Futuna
     but none found
 ; [cca2=WF].altSpellings[]
Unexpected: Territoire des Ã®les Wallis et Futuna
 ; [cca2=WF].currencies.XPF.symbol
Expected: Ã¢â€šÂ£
     got: â‚£
 ; [cca2=WF].flag
Expected: Ã°Å¸â€¡Â¼Ã°Å¸â€¡Â«
     got: ðŸ‡¼ðŸ‡«
 ; [cca2=WF].name.nativeName.fra.official
Expected: Territoire des ÃƒÂ®les Wallis et Futuna
     got: Territoire des Ã®les Wallis et Futuna
 ; [cca2=WF].translations.ara.common
Expected: Ã™Ë†Ã˜Â§Ã™â€žÃ™Å Ã˜Â³ Ã™Ë†Ã™ï¿½Ã™Ë†Ã˜ÂªÃ™Ë†Ã™â€ Ã˜Â§
     got: ÙˆØ§Ù„ÙŠØ³ ÙˆÙ�ÙˆØªÙˆÙ†Ø§
 ; [cca2=WF].translations.ara.official
Expected: Ã˜Â¥Ã™â€šÃ™â€žÃ™Å Ã™â€¦ Ã˜Â¬Ã˜Â²Ã˜Â± Ã™Ë†Ã˜Â§Ã™â€žÃ™Å Ã˜Â³ Ã™Ë†Ã™ï¿½Ã™Ë†Ã˜ÂªÃ™Ë†Ã™â€ Ã˜Â§
     got: Ø¥Ù‚Ù„ÙŠÙ… Ø¬Ø²Ø± ÙˆØ§Ù„ÙŠØ³ ÙˆÙ�ÙˆØªÙˆÙ†Ø§
 ; [cca2=WF].translations.ces.official
Expected: Teritorium ostrovÃ…Â¯ Wallis a Futuna
     got: Teritorium ostrovÅ¯ Wallis a Futuna
 ; [cca2=WF].translations.fin.official
Expected: Wallisin ja Futunan yhteisÃƒÂ¶
     got: Wallisin ja Futunan yhteisÃ¶
 ; [cca2=WF].translations.fra.official
Expected: Territoire des ÃƒÂ®les Wallis et Futuna
     got: Territoire des Ã®les Wallis et Futuna
 ; [cca2=WF].translations.hun.common
Expected: Wallis ÃƒÂ©s Futuna
     got: Wallis Ã©s Futuna
 ; [cca2=WF].translations.hun.official
Expected: Wallis ÃƒÂ©s Futuna
     got: Wallis Ã©s Futuna
 ; [cca2=WF].translations.jpn.common
Expected: Ã£â€šÂ¦Ã£â€šÂ©Ã£Æ’ÂªÃ£â€šÂ¹Ã£Æ’Â»Ã£Æ’â€¢Ã£Æ’â€žÃ£Æ’Å 
     got: ã‚¦ã‚©ãƒªã‚¹ãƒ»ãƒ•ãƒ„ãƒŠ
 ; [cca2=WF].translations.jpn.official
Expected: Ã£â€šÂ¦Ã£â€šÂ©Ã£Æ’ÂªÃ£â€šÂ¹Ã‚Â·Ã£Æ’â€¢Ã£Æ’â€žÃ£Æ’Å Ã¨Â«Â¸Ã¥Â³Â¶Ã£ï¿½Â®Ã©Â ËœÃ¥Å“Å¸
     got: ã‚¦ã‚©ãƒªã‚¹Â·ãƒ•ãƒ„ãƒŠè«¸å³¶ã�®é ˜åœŸ
 ; [cca2=WF].translations.kor.common
Expected: Ã¬â„¢Ë†Ã«Â¦Â¬Ã¬Å Â¤ Ã­â€œÅ’Ã­Å â‚¬Ã«â€šËœ
     got: ì™ˆë¦¬ìŠ¤ í“ŒíŠ€ë‚˜
 ; [cca2=WF].translations.kor.official
Expected: Ã¬â„¢Ë†Ã«Â¦Â¬Ã¬Å Â¤ Ã­â€œÅ’Ã­Å â‚¬Ã«â€šËœ
     got: ì™ˆë¦¬ìŠ¤ í“ŒíŠ€ë‚˜
 ; [cca2=WF].translations.per.common
Expected: Ã™Ë†Ã˜Â§Ã™â€žÃ›Å’Ã˜Â³ Ã™Ë† Ã™ï¿½Ã™Ë†Ã˜ÂªÃ™Ë†Ã™â€ Ã˜Â§
     got: ÙˆØ§Ù„ÛŒØ³ Ùˆ Ù�ÙˆØªÙˆÙ†Ø§
 ; [cca2=WF].translations.per.official
Expected: Ã˜Â¬Ã˜Â²Ã˜Â§Ã›Å’Ã˜Â± Ã™Ë†Ã˜Â§Ã™â€žÃ›Å’Ã˜Â³ Ã™Ë† Ã™ï¿½Ã™Ë†Ã˜ÂªÃ™Ë†Ã™â€ Ã˜Â§
     got: Ø¬Ø²Ø§ÛŒØ± ÙˆØ§Ù„ÛŒØ³ Ùˆ Ù�ÙˆØªÙˆÙ†Ø§
 ; [cca2=WF].translations.por.official
Expected: TerritÃƒÂ³rio das Ilhas Wallis e Futuna
     got: TerritÃ³rio das Ilhas Wallis e Futuna
 ; [cca2=WF].translations.rus.common
Expected: Ã�Â£Ã�Â¾Ã�Â»Ã�Â»Ã�Â¸Ã‘ï¿½ Ã�Â¸ Ã�Â¤Ã‘Æ’Ã‘â€šÃ‘Æ’Ã�Â½Ã�Â°
     got: Ð£Ð¾Ð»Ð»Ð¸Ñ� Ð¸ Ð¤ÑƒÑ‚ÑƒÐ½Ð°
 ; [cca2=WF].translations.rus.official
Expected: Ã�Â¢Ã�ÂµÃ‘â‚¬Ã‘â‚¬Ã�Â¸Ã‘â€šÃ�Â¾Ã‘â‚¬Ã�Â¸Ã‘ï¿½ Ã�Â£Ã�Â¾Ã�Â»Ã�Â»Ã�Â¸Ã‘ï¿½ Ã�Â¸ Ã�Â¤Ã‘Æ’Ã‘â€šÃ‘Æ’Ã�Â½Ã�Â° Ã�Â¾Ã‘ï¿½Ã‘â€šÃ‘â‚¬Ã�Â¾Ã�Â²Ã�Â°
     got: Ð¢ÐµÑ€Ñ€Ð¸Ñ‚Ð¾Ñ€Ð¸Ñ� Ð£Ð¾Ð»Ð»Ð¸Ñ� Ð¸ Ð¤ÑƒÑ‚ÑƒÐ½Ð° Ð¾Ñ�Ñ‚Ñ€Ð¾Ð²Ð°
 ; [cca2=WF].translations.slk.official
Expected: TeritÃƒÂ³rium ostrovov Wallis a Futuna
     got: TeritÃ³rium ostrovov Wallis a Futuna
 ; [cca2=WF].translations.srp.common
Expected: Ã�â€™Ã�Â°Ã�Â»Ã�Â¸Ã‘ï¿½ Ã�Â¸ Ã�Â¤Ã‘Æ’Ã‘â€šÃ‘Æ’Ã�Â½Ã�Â°
     got: Ð’Ð°Ð»Ð¸Ñ� Ð¸ Ð¤ÑƒÑ‚ÑƒÐ½Ð°
 ; [cca2=WF].translations.srp.official
Expected: Ã�Â¢Ã�ÂµÃ‘â‚¬Ã�Â¸Ã‘â€šÃ�Â¾Ã‘â‚¬Ã�Â¸Ã‘ËœÃ�Â° Ã�Â´Ã‘â‚¬Ã�Â¶Ã�Â°Ã�Â²Ã�Âµ Ã�â€™Ã�Â°Ã�Â»Ã�Â¸Ã‘ï¿½ Ã�Â¸ Ã�Â¤Ã‘Æ’Ã‘â€šÃ‘Æ’Ã�Â½Ã�Â°
     got: Ð¢ÐµÑ€Ð¸Ñ‚Ð¾Ñ€Ð¸Ñ˜Ð° Ð´Ñ€Ð¶Ð°Ð²Ðµ Ð’Ð°Ð»Ð¸Ñ� Ð¸ Ð¤ÑƒÑ‚ÑƒÐ½Ð°
 ; [cca2=WF].translations.swe.common
Expected: Wallis- och FutunaÃƒÂ¶arna
     got: Wallis- och FutunaÃ¶arna
 ; [cca2=WF].translations.swe.official
Expected: Territoriet Wallis- och FutunaÃƒÂ¶arna
     got: Territoriet Wallis- och FutunaÃ¶arna
 ; [cca2=WF].translations.tur.common
Expected: Wallis ve Futuna AdalarÃ„Â± BÃƒÂ¶lgesi
     got: Wallis ve Futuna AdalarÄ± BÃ¶lgesi
 ; [cca2=WF].translations.tur.official
Expected: Wallis ve Futuna AdalarÃ„Â± BÃƒÂ¶lgesi
     got: Wallis ve Futuna AdalarÄ± BÃ¶lgesi
 ; [cca2=WF].translations.urd.common
Expected: Ã™Ë†Ã˜Â§Ã™â€žÃ˜Â³ Ã™Ë† Ã™ï¿½Ã˜ÂªÃ™Ë†Ã™â€ Ã›ï¿½
     got: ÙˆØ§Ù„Ø³ Ùˆ Ù�ØªÙˆÙ†Û�
 ; [cca2=WF].translations.urd.official
Expected: Ã˜Â³Ã˜Â± Ã˜Â²Ã™â€¦Ã›Å’Ã™â€ Ã™ï¿½ Ã™Ë†Ã˜Â§Ã™â€žÃ˜Â³ Ã™Ë† Ã™ï¿½Ã˜ÂªÃ™Ë†Ã™â€ Ã›ï¿½ Ã˜Â¬Ã˜Â²Ã˜Â§Ã˜Â¦Ã˜Â±
     got: Ø³Ø± Ø²Ù…ÛŒÙ†Ù� ÙˆØ§Ù„Ø³ Ùˆ Ù�ØªÙˆÙ†Û� Ø¬Ø²Ø§Ø¦Ø±
 ; [cca2=WF].translations.zho.common
Expected: Ã§â€œÂ¦Ã¥Ë†Â©Ã¦â€“Â¯Ã¥â€™Å’Ã¥Â¯Å’Ã¥â€ºÂ¾Ã§ÂºÂ³Ã§Â¾Â¤Ã¥Â²â€º
     got: ç“¦åˆ©æ–¯å’Œå¯Œå›¾çº³ç¾¤å²›
 ; [cca2=WF].translations.zho.official
Expected: Ã§â€œÂ¦Ã¥Ë†Â©Ã¦â€“Â¯Ã¥â€™Å’Ã¥Â¯Å’Ã¥â€ºÂ¾Ã§ÂºÂ³Ã§Â¾Â¤Ã¥Â²â€º
     got: ç“¦åˆ©æ–¯å’Œå¯Œå›¾çº³ç¾¤å²›
 ; [cca2=GA].altSpellings[]
Expected: RÃƒÂ©publique Gabonaise
     but none found
 ; [cca2=GA].altSpellings[]
Unexpected: RÃ©publique Gabonaise
 ; [cca2=GA].flag
Expected: Ã°Å¸â€¡Â¬Ã°Å¸â€¡Â¦
     got: ðŸ‡¬ðŸ‡¦
 ; [cca2=GA].name.nativeName.fra.official
Expected: RÃƒÂ©publique gabonaise
     got: RÃ©publique gabonaise
 ; [cca2=GA].translations.ara.common
Expected: Ã˜Â§Ã™â€žÃ˜ÂºÃ˜Â§Ã˜Â¨Ã™Ë†Ã™â€ 
     got: Ø§Ù„ØºØ§Ø¨ÙˆÙ†
 ; [cca2=GA].translations.ara.official
Expected: Ã˜Â¬Ã™â€¦Ã™â€¡Ã™Ë†Ã˜Â±Ã™Å Ã˜Â© Ã˜Â§Ã™â€žÃ˜ÂºÃ˜Â§Ã˜Â¨Ã™Ë†Ã™â€ 
     got: Ø¬Ù…Ù‡ÙˆØ±ÙŠØ© Ø§Ù„ØºØ§Ø¨ÙˆÙ†
 ; [cca2=GA].translations.ces.official
Expected: GabonskÃƒÂ¡ republika
     got: GabonskÃ¡ republika
 ; [cca2=GA].translations.fra.official
Expected: RÃƒÂ©publique gabonaise
     got: RÃ©publique gabonaise
 ; [cca2=GA].translations.hun.official
Expected: Gaboni KÃƒÂ¶ztÃƒÂ¡rsasÃƒÂ¡g
     got: Gaboni KÃ¶ztÃ¡rsasÃ¡g
 ; [cca2=GA].translations.jpn.common
Expected: Ã£â€šÂ¬Ã£Æ’Å“Ã£Æ’Â³
     got: ã‚¬ãƒœãƒ³
 ; [cca2=GA].translations.jpn.official
Expected: Ã£â€šÂ¬Ã£Æ’Å“Ã£Æ’Â³Ã¥â€¦Â±Ã¥â€™Å’Ã¥â€ºÂ½
     got: ã‚¬ãƒœãƒ³å…±å’Œå›½
 ; [cca2=GA].translations.kor.common
Expected: ÃªÂ°â‚¬Ã«Â´â€°
     got: ê°€ë´‰
 ; [cca2=GA].translations.kor.official
Expected: ÃªÂ°â‚¬Ã«Â´â€° ÃªÂ³ÂµÃ­â„¢â€�ÃªÂµÂ­
     got: ê°€ë´‰ ê³µí™”êµ­
 ; [cca2=GA].translations.per.common
Expected: ÃšÂ¯Ã˜Â§Ã˜Â¨Ã™â€ 
     got: Ú¯Ø§Ø¨Ù†
 ; [cca2=GA].translations.per.official
Expected: Ã˜Â¬Ã™â€¦Ã™â€¡Ã™Ë†Ã˜Â±Ã›Å’ ÃšÂ¯Ã˜Â§Ã˜Â¨Ã™ï¿½Ã™â€ 
     got: Ø¬Ù…Ù‡ÙˆØ±ÛŒ Ú¯Ø§Ø¨Ù�Ù†
 ; [cca2=GA].translations.pol.official
Expected: Republika GaboÃ…â€žska
     got: Republika GaboÅ„ska
 ; [cca2=GA].translations.por.common
Expected: GabÃƒÂ£o
     got: GabÃ£o
 ; [cca2=GA].translations.por.official
Expected: RepÃƒÂºblica do GabÃƒÂ£o
     got: RepÃºblica do GabÃ£o
 ; [cca2=GA].translations.rus.common
Expected: Ã�â€œÃ�Â°Ã�Â±Ã�Â¾Ã�Â½
     got: Ð“Ð°Ð±Ð¾Ð½
 ; [cca2=GA].translations.rus.official
Expected: Ã�â€œÃ�Â°Ã�Â±Ã�Â¾Ã�Â½Ã�Â° Ã�Â Ã�ÂµÃ‘ï¿½Ã�Â¿Ã‘Æ’Ã�Â±Ã�Â»Ã�Â¸Ã�ÂºÃ�Â°
     got: Ð“Ð°Ð±Ð¾Ð½Ð° Ð ÐµÑ�Ð¿ÑƒÐ±Ð»Ð¸ÐºÐ°
 ; [cca2=GA].translations.slk.official
Expected: GabonskÃƒÂ¡ republika
     got: GabonskÃ¡ republika
 ; [cca2=GA].translations.spa.common
Expected: GabÃƒÂ³n
     got: GabÃ³n
 ; [cca2=GA].translations.spa.official
Expected: RepÃƒÂºblica de GabÃƒÂ³n
     got: RepÃºblica de GabÃ³n
 ; [cca2=GA].translations.srp.common
Expected: Ã�â€œÃ�Â°Ã�Â±Ã�Â¾Ã�Â½
     got: Ð“Ð°Ð±Ð¾Ð½
 ; [cca2=GA].translations.srp.official
Expected: Ã�â€œÃ�Â°Ã�Â±Ã�Â¾Ã�Â½Ã‘ï¿½Ã�ÂºÃ�Â° Ã�Â Ã�ÂµÃ�Â¿Ã‘Æ’Ã�Â±Ã�Â»Ã�Â¸Ã�ÂºÃ�Â°
     got: Ð“Ð°Ð±Ð¾Ð½Ñ�ÐºÐ° Ð ÐµÐ¿ÑƒÐ±Ð»Ð¸ÐºÐ°
 ; [cca2=GA].translations.urd.common
Expected: ÃšÂ¯Ã›Å’Ã˜Â¨Ã™Ë†Ã™â€ 
     got: Ú¯ÛŒØ¨ÙˆÙ†
 ; [cca2=GA].translations.urd.official
Expected: Ã˜Â¬Ã™â€¦Ã›ï¿½Ã™Ë†Ã˜Â±Ã›Å’Ã›ï¿½ ÃšÂ¯Ã›Å’Ã˜Â¨Ã™Ë†Ã™â€ 
     got: Ø¬Ù…Û�ÙˆØ±ÛŒÛ� Ú¯ÛŒØ¨ÙˆÙ†
 ; [cca2=GA].translations.zho.common
Expected: Ã¥Å Â Ã¨â€œÂ¬
     got: åŠ è“¬
 ; [cca2=GA].translations.zho.official
Expected: Ã¥Å Â Ã¨â€œÂ¬Ã¥â€¦Â±Ã¥â€™Å’Ã¥â€ºÂ½
     got: åŠ è“¬å…±å’Œå›½
 ; [cca2=GB].currencies.GBP.symbol
Expected: Ã‚Â£
     got: Â£
 ; [cca2=GB].flag
Expected: Ã°Å¸â€¡Â¬Ã°Å¸â€¡Â§
     got: ðŸ‡¬ðŸ‡§
 ; [cca2=GB].flags.alt
Expected: The flag of the United Kingdom Ã¢â‚¬â€� the Union Jack Ã¢â‚¬â€� has a blue field. It features the white-edged red cross of Saint George superimposed on the diagonal red cross of Saint Patrick which is superimposed on the diagonal white cross of Saint Andrew.
     got: The flag of the United Kingdom â€” the Union Jack â€” has a blue field. It features the white-edged red cross of Saint George superimposed on the diagonal red cross of Saint Patrick which is superimposed on the diagonal white cross of Saint Andrew.
 ; [cca2=GB].translations.ara.common
Expected: Ã˜Â§Ã™â€žÃ™â€¦Ã™â€¦Ã™â€žÃ™Æ’Ã˜Â© Ã˜Â§Ã™â€žÃ™â€¦Ã˜ÂªÃ˜Â­Ã˜Â¯Ã˜Â©
     got: Ø§Ù„Ù…Ù…Ù„ÙƒØ© Ø§Ù„Ù…ØªØ­Ø¯Ø©
 ; [cca2=GB].translations.ara.official
Expected: Ã˜Â§Ã™â€žÃ™â€¦Ã™â€¦Ã™â€žÃ™Æ’Ã˜Â© Ã˜Â§Ã™â€žÃ™â€¦Ã˜ÂªÃ˜Â­Ã˜Â¯Ã˜Â© Ã™â€žÃ˜Â¨Ã˜Â±Ã™Å Ã˜Â·Ã˜Â§Ã™â€ Ã™Å Ã˜Â§ Ã˜Â§Ã™â€žÃ˜Â¹Ã˜Â¸Ã™â€¦Ã™â€° Ã™Ë†Ã˜Â§Ã™Å Ã˜Â±Ã™â€žÃ™â€ Ã˜Â¯Ã˜Â§ Ã˜Â§Ã™â€žÃ˜Â´Ã™â€¦Ã˜Â§Ã™â€žÃ™Å Ã˜Â©
     got: Ø§Ù„Ù…Ù…Ù„ÙƒØ© Ø§Ù„Ù…ØªØ­Ø¯Ø© Ù„Ø¨Ø±ÙŠØ·Ø§Ù†ÙŠØ§ Ø§Ù„Ø¹Ø¸Ù…Ù‰ ÙˆØ§ÙŠØ±Ù„Ù†Ø¯Ø§ Ø§Ù„Ø´Ù…Ø§Ù„ÙŠØ©
 ; [cca2=GB].translations.ces.common
Expected: SpojenÃƒÂ© krÃƒÂ¡lovstvÃƒÂ­
     got: SpojenÃ© krÃ¡lovstvÃ­
 ; [cca2=GB].translations.ces.official
Expected: SpojenÃƒÂ© krÃƒÂ¡lovstvÃƒÂ­ VelkÃƒÂ© BritÃƒÂ¡nie a SevernÃƒÂ­ho Irska
     got: SpojenÃ© krÃ¡lovstvÃ­ VelkÃ© BritÃ¡nie a SevernÃ­ho Irska
 ; [cca2=GB].translations.deu.common
Expected: Vereinigtes KÃƒÂ¶nigreich
     got: Vereinigtes KÃ¶nigreich
 ; [cca2=GB].translations.deu.official
Expected: Vereinigtes KÃƒÂ¶nigreich GroÃƒÅ¸britannien und Nordirland
     got: Vereinigtes KÃ¶nigreich GroÃŸbritannien und Nordirland
 ; [cca2=GB].translations.est.official
Expected: Suurbritannia ja PÃƒÂµhja-Iiri ÃƒÅ“hendkuningriik
     got: Suurbritannia ja PÃµhja-Iiri Ãœhendkuningriik
 ; [cca2=GB].translations.hun.common
Expected: EgyesÃƒÂ¼lt KirÃƒÂ¡lysÃƒÂ¡g
     got: EgyesÃ¼lt KirÃ¡lysÃ¡g
 ; [cca2=GB].translations.hun.official
Expected: Nagy-Britannia ÃƒÂ©s Ãƒâ€°szak-Ãƒï¿½rorszÃƒÂ¡g EgyesÃƒÂ¼lt KirÃƒÂ¡lysÃƒÂ¡ga
     got: Nagy-Britannia Ã©s Ã‰szak-Ã�rorszÃ¡g EgyesÃ¼lt KirÃ¡lysÃ¡ga
 ; [cca2=GB].translations.jpn.common
Expected: Ã£â€šÂ¤Ã£â€šÂ®Ã£Æ’ÂªÃ£â€šÂ¹
     got: ã‚¤ã‚®ãƒªã‚¹
 ; [cca2=GB].translations.jpn.official
Expected: Ã£â€šÂ°Ã£Æ’Â¬Ã£Æ’Â¼Ã£Æ’Ë†Ã‚Â·Ã£Æ’â€“Ã£Æ’ÂªÃ£Æ’â€ Ã£Æ’Â³Ã£ï¿½Å Ã£â€šË†Ã£ï¿½Â³Ã¥Å’â€”Ã£â€šÂ¢Ã£â€šÂ¤Ã£Æ’Â«Ã£Æ’Â©Ã£Æ’Â³Ã£Æ’â€°Ã©â‚¬Â£Ã¥ï¿½Ë†Ã§Å½â€¹Ã¥â€ºÂ½
     got: ã‚°ãƒ¬ãƒ¼ãƒˆÂ·ãƒ–ãƒªãƒ†ãƒ³ã�Šã‚ˆã�³åŒ—ã‚¢ã‚¤ãƒ«ãƒ©ãƒ³ãƒ‰é€£å�ˆçŽ‹å›½
 ; [cca2=GB].translations.kor.common
Expected: Ã¬Ëœï¿½ÃªÂµÂ­
     got: ì˜�êµ­
 ; [cca2=GB].translations.kor.official
Expected: ÃªÂ·Â¸Ã«Â Ë†Ã¬ï¿½Â´Ã­Å Â¸Ã«Â¸Å’Ã«Â¦Â¬Ã­Å Â¼ Ã«Â¶ï¿½Ã¬â€¢â€žÃ¬ï¿½Â¼Ã«Å¾Å“Ã«â€œÅ“ Ã¬â€”Â°Ã­â€¢Â© Ã¬â„¢â€¢ÃªÂµÂ­
     got: ê·¸ë ˆì�´íŠ¸ë¸Œë¦¬íŠ¼ ë¶�ì•„ì�¼ëžœë“œ ì—°í•© ì™•êµ­
 ; [cca2=GB].translations.nld.official
Expected: Verenigd Koninkrijk van Groot-BrittanniÃƒÂ« en Noord-Ierland
     got: Verenigd Koninkrijk van Groot-BrittanniÃ« en Noord-Ierland
 ; [cca2=GB].translations.per.common
Expected: Ã˜Â§Ã™â€ ÃšÂ¯Ã™â€žÃ›Å’Ã˜Â³
     got: Ø§Ù†Ú¯Ù„ÛŒØ³
 ; [cca2=GB].translations.per.official
Expected: Ã™Â¾Ã˜Â§Ã˜Â¯Ã˜Â´Ã˜Â§Ã™â€¡Ã›Å’ Ã™â€¦Ã˜ÂªÃ˜Â­Ã˜Â¯ Ã˜Â¨Ã˜Â±Ã›Å’Ã˜ÂªÃ˜Â§Ã™â€ Ã›Å’Ã˜Â§Ã›Å’ ÃšÂ©Ã˜Â¨Ã›Å’Ã˜Â± Ã™Ë† Ã˜Â§Ã›Å’Ã˜Â±Ã™â€žÃ™â€ Ã˜Â¯ Ã˜Â´Ã™â€¦Ã˜Â§Ã™â€žÃ›Å’
     got: Ù¾Ø§Ø¯Ø´Ø§Ù‡ÛŒ Ù…ØªØ­Ø¯ Ø¨Ø±ÛŒØªØ§Ù†ÛŒØ§ÛŒ Ú©Ø¨ÛŒØ± Ùˆ Ø§ÛŒØ±Ù„Ù†Ø¯ Ø´Ù…Ø§Ù„ÛŒ
 ; [cca2=GB].translations.pol.common
Expected: Zjednoczone KrÃƒÂ³lestwo
     got: Zjednoczone KrÃ³lestwo
 ; [cca2=GB].translations.pol.official
Expected: Zjednoczone KrÃƒÂ³lestwo Wielkiej Brytanii i Irlandii PÃƒÂ³Ã…â€šnocnej
     got: Zjednoczone KrÃ³lestwo Wielkiej Brytanii i Irlandii PÃ³Å‚nocnej
 ; [cca2=GB].translations.por.official
Expected: Reino Unido da GrÃƒÂ£-Bretanha e Irlanda do Norte
     got: Reino Unido da GrÃ£-Bretanha e Irlanda do Norte
 ; [cca2=GB].translations.rus.common
Expected: Ã�â€™Ã�ÂµÃ�Â»Ã�Â¸Ã�ÂºÃ�Â¾Ã�Â±Ã‘â‚¬Ã�Â¸Ã‘â€šÃ�Â°Ã�Â½Ã�Â¸Ã‘ï¿½
     got: Ð’ÐµÐ»Ð¸ÐºÐ¾Ð±Ñ€Ð¸Ñ‚Ð°Ð½Ð¸Ñ�
 ; [cca2=GB].translations.rus.official
Expected: Ã�Â¡Ã�Â¾Ã�ÂµÃ�Â´Ã�Â¸Ã�Â½Ã�ÂµÃ�Â½Ã�Â½Ã�Â¾Ã�Âµ Ã�Å¡Ã�Â¾Ã‘â‚¬Ã�Â¾Ã�Â»Ã�ÂµÃ�Â²Ã‘ï¿½Ã‘â€šÃ�Â²Ã�Â¾ Ã�â€™Ã�ÂµÃ�Â»Ã�Â¸Ã�ÂºÃ�Â¾Ã�Â±Ã‘â‚¬Ã�Â¸Ã‘â€šÃ�Â°Ã�Â½Ã�Â¸Ã�Â¸ Ã�Â¸ Ã�Â¡Ã�ÂµÃ�Â²Ã�ÂµÃ‘â‚¬Ã�Â½Ã�Â¾Ã�Â¹ Ã�ËœÃ‘â‚¬Ã�Â»Ã�Â°Ã�Â½Ã�Â´Ã�Â¸Ã�Â¸
     got: Ð¡Ð¾ÐµÐ´Ð¸Ð½ÐµÐ½Ð½Ð¾Ðµ ÐšÐ¾Ñ€Ð¾Ð»ÐµÐ²Ñ�Ñ‚Ð²Ð¾ Ð’ÐµÐ»Ð¸ÐºÐ¾Ð±Ñ€Ð¸Ñ‚Ð°Ð½Ð¸Ð¸ Ð¸ Ð¡ÐµÐ²ÐµÑ€Ð½Ð¾Ð¹ Ð˜Ñ€Ð»Ð°Ð½Ð´Ð¸Ð¸
 ; [cca2=GB].translations.slk.common
Expected: VeÃ„Â¾kÃƒÂ¡ BritÃƒÂ¡nia (SpojenÃƒÂ© krÃƒÂ¡Ã„Â¾ovstvo)
     got: VeÄ¾kÃ¡ BritÃ¡nia (SpojenÃ© krÃ¡Ä¾ovstvo)
 ; [cca2=GB].translations.slk.official
Expected: SpojenÃƒÂ© krÃƒÂ¡Ã„Â¾ovstvo VeÃ„Â¾kej BritÃƒÂ¡nie a SevernÃƒÂ©hoÃƒÅ’rska
     got: SpojenÃ© krÃ¡Ä¾ovstvo VeÄ¾kej BritÃ¡nie a SevernÃ©hoÃŒrska
 ; [cca2=GB].translations.spa.official
Expected: Reino Unido de Gran BretaÃƒÂ±a e Irlanda del Norte
     got: Reino Unido de Gran BretaÃ±a e Irlanda del Norte
 ; [cca2=GB].translations.srp.common
Expected: Ã�Â£Ã‘ËœÃ�ÂµÃ�Â´Ã�Â¸Ã‘Å¡Ã�ÂµÃ�Â½Ã�Â¾ Ã�Å¡Ã‘â‚¬Ã�Â°Ã‘â„¢Ã�ÂµÃ�Â²Ã‘ï¿½Ã‘â€šÃ�Â²Ã�Â¾
     got: Ð£Ñ˜ÐµÐ´Ð¸ÑšÐµÐ½Ð¾ ÐšÑ€Ð°Ñ™ÐµÐ²Ñ�Ñ‚Ð²Ð¾
 ; [cca2=GB].translations.srp.official
Expected: Ã�Â£Ã‘ËœÃ�ÂµÃ�Â´Ã�Â¸Ã‘Å¡Ã�ÂµÃ�Â½Ã�Â¾ Ã�Å¡Ã‘â‚¬Ã�Â°Ã‘â„¢Ã�ÂµÃ�Â²Ã‘ï¿½Ã‘â€šÃ�Â²Ã�Â¾ Ã�â€™Ã�ÂµÃ�Â»Ã�Â¸Ã�ÂºÃ�Âµ Ã�â€˜Ã‘â‚¬Ã�Â¸Ã‘â€šÃ�Â°Ã�Â½Ã�Â¸Ã‘ËœÃ�Âµ Ã�Â¸ Ã�Â¡Ã�ÂµÃ�Â²Ã�ÂµÃ‘â‚¬Ã�Â½Ã�Âµ Ã�ËœÃ‘â‚¬Ã‘ï¿½Ã�ÂºÃ�Âµ
     got: Ð£Ñ˜ÐµÐ´Ð¸ÑšÐµÐ½Ð¾ ÐšÑ€Ð°Ñ™ÐµÐ²Ñ�Ñ‚Ð²Ð¾ Ð’ÐµÐ»Ð¸ÐºÐµ Ð‘Ñ€Ð¸Ñ‚Ð°Ð½Ð¸Ñ˜Ðµ Ð¸ Ð¡ÐµÐ²ÐµÑ€Ð½Ðµ Ð˜Ñ€Ñ�ÐºÐµ
 ; [cca2=GB].translations.swe.official
Expected: FÃƒÂ¶renade konungariket Storbritannien och Nordirland
     got: FÃ¶renade konungariket Storbritannien och Nordirland
 ; [cca2=GB].translations.tur.common
Expected: BirleÃ…Å¸ik KrallÃ„Â±k
     got: BirleÅŸik KrallÄ±k
 ; [cca2=GB].translations.tur.official
Expected: BÃƒÂ¼yÃƒÂ¼k Britanya ve Kuzey Ã„Â°rlanda BirleÃ…Å¸ik KrallÃ„Â±Ã„Å¸Ã„Â±
     got: BÃ¼yÃ¼k Britanya ve Kuzey Ä°rlanda BirleÅŸik KrallÄ±ÄŸÄ±
 ; [cca2=GB].translations.urd.common
Expected: Ã™â€¦Ã™â€¦Ã™â€žÃšÂ©Ã˜ÂªÃ™ï¿½ Ã™â€¦Ã˜ÂªÃ˜Â­Ã˜Â¯Ã›ï¿½
     got: Ù…Ù…Ù„Ú©ØªÙ� Ù…ØªØ­Ø¯Û�
 ; [cca2=GB].translations.urd.official
Expected: Ã™â€¦Ã™â€¦Ã™â€žÃšÂ©Ã˜ÂªÃ™ï¿½ Ã™â€¦Ã˜ÂªÃ˜Â­Ã˜Â¯Ã›ï¿½ Ã˜Â¨Ã˜Â±Ã˜Â·Ã˜Â§Ã™â€ Ã›Å’Ã›ï¿½ Ã˜Â¹Ã˜Â¸Ã™â€¦Ã›Å’ Ã™Ë† Ã˜Â´Ã™â€¦Ã˜Â§Ã™â€žÃ›Å’ Ã˜Â¢Ã˜Â¦Ã˜Â±Ã™â€žÃ›Å’Ã™â€ ÃšË†
     got: Ù…Ù…Ù„Ú©ØªÙ� Ù…ØªØ­Ø¯Û� Ø¨Ø±Ø·Ø§Ù†ÛŒÛ� Ø¹Ø¸Ù…ÛŒ Ùˆ Ø´Ù…Ø§Ù„ÛŒ Ø¢Ø¦Ø±Ù„ÛŒÙ†Úˆ
 ; [cca2=GB].translations.zho.common
Expected: Ã¨â€¹Â±Ã¥â€ºÂ½
     got: è‹±å›½
 ; [cca2=GB].translations.zho.official
Expected: Ã¥Â¤Â§Ã¤Â¸ï¿½Ã¥Ë†â€”Ã©Â¢Â Ã¥ï¿½Å Ã¥Å’â€”Ã§Ë†Â±Ã¥Â°â€�Ã¥â€¦Â°Ã¨ï¿½â€�Ã¥ï¿½Ë†Ã§Å½â€¹Ã¥â€ºÂ½
     got: å¤§ä¸�åˆ—é¢ å�ŠåŒ—çˆ±å°”å…°è�”å�ˆçŽ‹å›½
 ; [cca2=WS].altSpellings[]
Expected: Malo SaÃŠÂ»oloto TutoÃŠÂ»atasi o SÃ„ï¿½moa
     but none found
 ; [cca2=WS].altSpellings[]
Unexpected: Malo SaÊ»oloto TutoÊ»atasi o SÄ�moa
 ; [cca2=WS].currencies.WST.name
Expected: Samoan tÃ„ï¿½lÃ„ï¿½
     got: Samoan tÄ�lÄ�
 ; [cca2=WS].flag
Expected: Ã°Å¸â€¡Â¼Ã°Å¸â€¡Â¸
     got: ðŸ‡¼ðŸ‡¸
 ; [cca2=WS].name.nativeName.smo.common
Expected: SÃ„ï¿½moa
     got: SÄ�moa
 ; [cca2=WS].name.nativeName.smo.official
Expected: Malo SaÃŠÂ»oloto TutoÃŠÂ»atasi o SÃ„ï¿½moa
     got: Malo SaÊ»oloto TutoÊ»atasi o SÄ�moa
 ; [cca2=WS].translations.ara.common
Expected: Ã˜Â³Ã˜Â§Ã™â€¦Ã™Ë†Ã˜Â§
     got: Ø³Ø§Ù…ÙˆØ§
 ; [cca2=WS].translations.ara.official
Expected: Ã˜Â¯Ã™Ë†Ã™â€žÃ˜Â© Ã˜Â³Ã˜Â§Ã™â€¦Ã™Ë†Ã˜Â§ Ã˜Â§Ã™â€žÃ™â€¦Ã˜Â³Ã˜ÂªÃ™â€šÃ™â€žÃ˜Â©
     got: Ø¯ÙˆÙ„Ø© Ø³Ø§Ù…ÙˆØ§ Ø§Ù„Ù…Ø³ØªÙ‚Ù„Ø©
 ; [cca2=WS].translations.ces.official
Expected: NezÃƒÂ¡vislÃƒÂ½ stÃƒÂ¡t Samoa
     got: NezÃ¡vislÃ½ stÃ¡t Samoa
 ; [cca2=WS].translations.deu.official
Expected: UnabhÃƒÂ¤ngige Staat Samoa
     got: UnabhÃ¤ngige Staat Samoa
 ; [cca2=WS].translations.fin.official
Expected: Samoan itsenÃƒÂ¤inen valtio
     got: Samoan itsenÃ¤inen valtio
 ; [cca2=WS].translations.hrv.official
Expected: Nezavisna DrÃ…Â¾ava Samoa
     got: Nezavisna DrÅ¾ava Samoa
 ; [cca2=WS].translations.hun.official
Expected: Szamoai FÃƒÂ¼ggetlen Ãƒï¿½llam
     got: Szamoai FÃ¼ggetlen Ã�llam
 ; [cca2=WS].translations.jpn.common
Expected: Ã£â€šÂµÃ£Æ’Â¢Ã£â€šÂ¢
     got: ã‚µãƒ¢ã‚¢
 ; [cca2=WS].translations.jpn.official
Expected: Ã£â€šÂµÃ£Æ’Â¢Ã£â€šÂ¢Ã§â€¹Â¬Ã§Â«â€¹Ã¥â€ºÂ½
     got: ã‚µãƒ¢ã‚¢ç‹¬ç«‹å›½
 ; [cca2=WS].translations.kor.common
Expected: Ã¬â€šÂ¬Ã«ÂªÂ¨Ã¬â€¢â€ž
     got: ì‚¬ëª¨ì•„
 ; [cca2=WS].translations.kor.official
Expected: Ã¬â€šÂ¬Ã«ÂªÂ¨Ã¬â€¢â€ž Ã«ï¿½â€¦Ã«Â¦Â½ÃªÂµÂ­
     got: ì‚¬ëª¨ì•„ ë�…ë¦½êµ­
 ; [cca2=WS].translations.per.common
Expected: Ã˜Â³Ã˜Â§Ã™â€¦Ã™Ë†Ã˜Â¢
     got: Ø³Ø§Ù…ÙˆØ¢
 ; [cca2=WS].translations.per.official
Expected: Ã˜Â§Ã›Å’Ã˜Â§Ã™â€žÃ˜Âª Ã™â€¦Ã˜Â³Ã˜ÂªÃ™â€šÃ™â€ž Ã˜Â³Ã˜Â§Ã™â€¦Ã™Ë†Ã˜Â¢
     got: Ø§ÛŒØ§Ù„Øª Ù…Ø³ØªÙ‚Ù„ Ø³Ø§Ù…ÙˆØ¢
 ; [cca2=WS].translations.pol.official
Expected: NiezaleÃ…Â¼ne PaÃ…â€žstwo Samoa
     got: NiezaleÅ¼ne PaÅ„stwo Samoa
 ; [cca2=WS].translations.rus.common
Expected: Ã�Â¡Ã�Â°Ã�Â¼Ã�Â¾Ã�Â°
     got: Ð¡Ð°Ð¼Ð¾Ð°
 ; [cca2=WS].translations.rus.official
Expected: Ã�ï¿½Ã�ÂµÃ�Â·Ã�Â°Ã�Â²Ã�Â¸Ã‘ï¿½Ã�Â¸Ã�Â¼Ã�Â¾Ã�Âµ Ã�â€œÃ�Â¾Ã‘ï¿½Ã‘Æ’Ã�Â´Ã�Â°Ã‘â‚¬Ã‘ï¿½Ã‘â€šÃ�Â²Ã�Â¾ Ã�Â¡Ã�Â°Ã�Â¼Ã�Â¾Ã�Â°
     got: Ð�ÐµÐ·Ð°Ð²Ð¸Ñ�Ð¸Ð¼Ð¾Ðµ Ð“Ð¾Ñ�ÑƒÐ´Ð°Ñ€Ñ�Ñ‚Ð²Ð¾ Ð¡Ð°Ð¼Ð¾Ð°
 ; [cca2=WS].translations.slk.official
Expected: NezÃƒÂ¡vislÃƒÂ½ Ã…Â¡tÃƒÂ¡tSamoa
     got: NezÃ¡vislÃ½ Å¡tÃ¡tSamoa
 ; [cca2=WS].translations.srp.common
Expected: Ã�Â¡Ã�Â°Ã�Â¼Ã�Â¾Ã�Â°
     got: Ð¡Ð°Ð¼Ð¾Ð°
 ; [cca2=WS].translations.srp.official
Expected: Ã�ï¿½Ã�ÂµÃ�Â·Ã�Â°Ã�Â²Ã�Â¸Ã‘ï¿½Ã�Â½Ã�Â° Ã�â€�Ã‘â‚¬Ã�Â¶Ã�Â°Ã�Â²Ã�Â° Ã�Â¡Ã�Â°Ã�Â¼Ã�Â¾Ã�Â°
     got: Ð�ÐµÐ·Ð°Ð²Ð¸Ñ�Ð½Ð° Ð”Ñ€Ð¶Ð°Ð²Ð° Ð¡Ð°Ð¼Ð¾Ð°
 ; [cca2=WS].translations.swe.official
Expected: SjÃƒÂ¤lvstÃƒÂ¤ndiga staten Samoa
     got: SjÃ¤lvstÃ¤ndiga staten Samoa
 ; [cca2=WS].translations.tur.common
Expected: BaÃ„Å¸Ã„Â±msÃ„Â±z Samoa Devleti
     got: BaÄŸÄ±msÄ±z Samoa Devleti
 ; [cca2=WS].translations.tur.official
Expected: BaÃ„Å¸Ã„Â±msÃ„Â±z Samoa Devleti
     got: BaÄŸÄ±msÄ±z Samoa Devleti
 ; [cca2=WS].translations.urd.common
Expected: Ã˜Â³Ã˜Â§Ã™â€¦Ã™Ë†Ã™Ë†Ã˜Â§
     got: Ø³Ø§Ù…ÙˆÙˆØ§
 ; [cca2=WS].translations.urd.official
Expected: Ã˜Â¢Ã˜Â²Ã˜Â§Ã˜Â¯ Ã˜Â³Ã™â€žÃ˜Â·Ã™â€ Ã˜ÂªÃ™ï¿½ Ã˜Â³Ã˜Â§Ã™â€¦Ã™Ë†Ã˜Â§
     got: Ø¢Ø²Ø§Ø¯ Ø³Ù„Ø·Ù†ØªÙ� Ø³Ø§Ù…ÙˆØ§
 ; [cca2=WS].translations.zho.common
Expected: Ã¨ï¿½Â¨Ã¦â€˜Â©Ã¤ÂºÅ¡
     got: è�¨æ‘©äºš
 ; [cca2=WS].translations.zho.official
Expected: Ã¨ï¿½Â¨Ã¦â€˜Â©Ã¤ÂºÅ¡Ã§â€¹Â¬Ã§Â«â€¹Ã¥â€ºÂ½
     got: è�¨æ‘©äºšç‹¬ç«‹å›½
 ; [cca2=GD].flag
Expected: Ã°Å¸â€¡Â¬Ã°Å¸â€¡Â©
     got: ðŸ‡¬ðŸ‡©
 ; [cca2=GD].translations.ara.common
Expected: Ã˜ÂºÃ˜Â±Ã™Å Ã™â€ Ã˜Â§Ã˜Â¯Ã˜Â§
     got: ØºØ±ÙŠÙ†Ø§Ø¯Ø§
 ; [cca2=GD].translations.ara.official
Expected: Ã˜ÂºÃ˜Â±Ã™Å Ã™â€ Ã˜Â§Ã˜Â¯Ã˜Â§
     got: ØºØ±ÙŠÙ†Ø§Ø¯Ø§
 ; [cca2=GD].translations.jpn.common
Expected: Ã£â€šÂ°Ã£Æ’Â¬Ã£Æ’Å Ã£Æ’â‚¬
     got: ã‚°ãƒ¬ãƒŠãƒ€
 ; [cca2=GD].translations.jpn.official
Expected: Ã£â€šÂ°Ã£Æ’Â¬Ã£Æ’Å Ã£Æ’â‚¬
     got: ã‚°ãƒ¬ãƒŠãƒ€
 ; [cca2=GD].translations.kor.common
Expected: ÃªÂ·Â¸Ã«Â Ë†Ã«â€šËœÃ«â€¹Â¤
     got: ê·¸ë ˆë‚˜ë‹¤
 ; [cca2=GD].translations.kor.official
Expected: ÃªÂ·Â¸Ã«Â Ë†Ã«â€šËœÃ«â€¹Â¤
     got: ê·¸ë ˆë‚˜ë‹¤
 ; [cca2=GD].translations.per.common
Expected: ÃšÂ¯Ã˜Â±Ã™â€ Ã˜Â§Ã˜Â¯Ã˜Â§
     got: Ú¯Ø±Ù†Ø§Ø¯Ø§
 ; [cca2=GD].translations.per.official
Expected: ÃšÂ¯Ã˜Â±Ã™â€ Ã˜Â§Ã˜Â¯Ã˜Â§
     got: Ú¯Ø±Ù†Ø§Ø¯Ø§
 ; [cca2=GD].translations.rus.common
Expected: Ã�â€œÃ‘â‚¬Ã�ÂµÃ�Â½Ã�Â°Ã�Â´Ã�Â°
     got: Ð“Ñ€ÐµÐ½Ð°Ð´Ð°
 ; [cca2=GD].translations.rus.official
Expected: Ã�â€œÃ‘â‚¬Ã�ÂµÃ�Â½Ã�Â°Ã�Â´Ã�Â°
     got: Ð“Ñ€ÐµÐ½Ð°Ð´Ð°
 ; [cca2=GD].translations.srp.common
Expected: Ã�â€œÃ‘â‚¬Ã�ÂµÃ�Â½Ã�Â°Ã�Â´Ã�Â°
     got: Ð“Ñ€ÐµÐ½Ð°Ð´Ð°
 ; [cca2=GD].translations.srp.official
Expected: Ã�â€œÃ‘â‚¬Ã�ÂµÃ�Â½Ã�Â°Ã�Â´Ã�Â°
     got: Ð“Ñ€ÐµÐ½Ð°Ð´Ð°
 ; [cca2=GD].translations.urd.common
Expected: ÃšÂ¯Ã˜Â±Ã›Å’Ã™â€ Ã˜Â§ÃšË†Ã˜Â§
     got: Ú¯Ø±ÛŒÙ†Ø§ÚˆØ§
 ; [cca2=GD].translations.urd.official
Expected: ÃšÂ¯Ã˜Â±Ã›Å’Ã™â€ Ã˜Â§ÃšË†Ã˜Â§
     got: Ú¯Ø±ÛŒÙ†Ø§ÚˆØ§
 ; [cca2=GD].translations.zho.common
Expected: Ã¦Â Â¼Ã¦Å¾â€”Ã§ÂºÂ³Ã¨Â¾Â¾
     got: æ ¼æž—çº³è¾¾
 ; [cca2=GD].translations.zho.official
Expected: Ã¦Â Â¼Ã¦Å¾â€”Ã§ÂºÂ³Ã¨Â¾Â¾
     got: æ ¼æž—çº³è¾¾
 ; [cca2=GE].currencies.GEL.symbol
Expected: Ã¢â€šÂ¾
     got: â‚¾
 ; [cca2=GE].demonyms.fra.f
Expected: GÃƒÂ©orgienne
     got: GÃ©orgienne
 ; [cca2=GE].demonyms.fra.m
Expected: GÃƒÂ©orgien
     got: GÃ©orgien
 ; [cca2=GE].flag
Expected: Ã°Å¸â€¡Â¬Ã°Å¸â€¡Âª
     got: ðŸ‡¬ðŸ‡ª
 ; [cca2=GE].name.nativeName.kat.common
Expected: Ã¡Æ’Â¡Ã¡Æ’ï¿½Ã¡Æ’Â¥Ã¡Æ’ï¿½Ã¡Æ’Â Ã¡Æ’â€”Ã¡Æ’â€¢Ã¡Æ’â€�Ã¡Æ’Å¡Ã¡Æ’ï¿½
     got: áƒ¡áƒ�áƒ¥áƒ�áƒ áƒ—áƒ•áƒ”áƒšáƒ�
 ; [cca2=GE].name.nativeName.kat.official
Expected: Ã¡Æ’Â¡Ã¡Æ’ï¿½Ã¡Æ’Â¥Ã¡Æ’ï¿½Ã¡Æ’Â Ã¡Æ’â€”Ã¡Æ’â€¢Ã¡Æ’â€�Ã¡Æ’Å¡Ã¡Æ’ï¿½
     got: áƒ¡áƒ�áƒ¥áƒ�áƒ áƒ—áƒ•áƒ”áƒšáƒ�
 ; [cca2=GE].translations.ara.common
Expected: Ã˜Â¬Ã™Ë†Ã˜Â±Ã˜Â¬Ã™Å Ã˜Â§
     got: Ø¬ÙˆØ±Ø¬ÙŠØ§
 ; [cca2=GE].translations.ara.official
Expected: Ã˜Â¬Ã™Ë†Ã˜Â±Ã˜Â¬Ã™Å Ã˜Â§
     got: Ø¬ÙˆØ±Ø¬ÙŠØ§
 ; [cca2=GE].translations.fra.common
Expected: GÃƒÂ©orgie
     got: GÃ©orgie
 ; [cca2=GE].translations.fra.official
Expected: RÃƒÂ©publique de GÃƒÂ©orgie
     got: RÃ©publique de GÃ©orgie
 ; [cca2=GE].translations.hun.common
Expected: GrÃƒÂºzia
     got: GrÃºzia
 ; [cca2=GE].translations.hun.official
Expected: GrÃƒÂºzia
     got: GrÃºzia
 ; [cca2=GE].translations.jpn.common
Expected: Ã£â€šÂ°Ã£Æ’Â«Ã£â€šÂ¸Ã£â€šÂ¢
     got: ã‚°ãƒ«ã‚¸ã‚¢
 ; [cca2=GE].translations.jpn.official
Expected: Ã£â€šÂ°Ã£Æ’Â«Ã£â€šÂ¸Ã£â€šÂ¢
     got: ã‚°ãƒ«ã‚¸ã‚¢
 ; [cca2=GE].translations.kor.common
Expected: Ã¬Â¡Â°Ã¬Â§â‚¬Ã¬â€¢â€ž
     got: ì¡°ì§€ì•„
 ; [cca2=GE].translations.kor.official
Expected: Ã¬Â¡Â°Ã¬Â§â‚¬Ã¬â€¢â€ž
     got: ì¡°ì§€ì•„
 ; [cca2=GE].translations.nld.common
Expected: GeorgiÃƒÂ«
     got: GeorgiÃ«
 ; [cca2=GE].translations.per.common
Expected: ÃšÂ¯Ã˜Â±Ã˜Â¬Ã˜Â³Ã˜ÂªÃ˜Â§Ã™â€ 
     got: Ú¯Ø±Ø¬Ø³ØªØ§Ù†
 ; [cca2=GE].translations.per.official
Expected: ÃšÂ¯Ã˜Â±Ã˜Â¬Ã˜Â³Ã˜ÂªÃ˜Â§Ã™â€ 
     got: Ú¯Ø±Ø¬Ø³ØªØ§Ù†
 ; [cca2=GE].translations.por.common
Expected: GeÃƒÂ³rgia
     got: GeÃ³rgia
 ; [cca2=GE].translations.rus.common
Expected: Ã�â€œÃ‘â‚¬Ã‘Æ’Ã�Â·Ã�Â¸Ã‘ï¿½
     got: Ð“Ñ€ÑƒÐ·Ð¸Ñ�
 ; [cca2=GE].translations.rus.official
Expected: Ã�â€œÃ‘â‚¬Ã‘Æ’Ã�Â·Ã�Â¸Ã‘ï¿½
     got: Ð“Ñ€ÑƒÐ·Ð¸Ñ�
 ; [cca2=GE].translations.slk.common
Expected: GruzÃƒÂ­nsko
     got: GruzÃ­nsko
 ; [cca2=GE].translations.slk.official
Expected: GruzÃƒÂ­nsko
     got: GruzÃ­nsko
 ; [cca2=GE].translations.srp.common
Expected: Ã�â€œÃ‘â‚¬Ã‘Æ’Ã�Â·Ã�Â¸Ã‘ËœÃ�Â°
     got: Ð“Ñ€ÑƒÐ·Ð¸Ñ˜Ð°
 ; [cca2=GE].translations.srp.official
Expected: Ã�â€œÃ‘â‚¬Ã‘Æ’Ã�Â·Ã�Â¸Ã‘ËœÃ�Â°
     got: Ð“Ñ€ÑƒÐ·Ð¸Ñ˜Ð°
 ; [cca2=GE].translations.tur.common
Expected: GÃƒÂ¼rcistan
     got: GÃ¼rcistan
 ; [cca2=GE].translations.tur.official
Expected: GÃƒÂ¼rcistan
     got: GÃ¼rcistan
 ; [cca2=GE].translations.urd.common
Expected: Ã˜Â¬Ã˜Â§Ã˜Â±Ã˜Â¬Ã›Å’Ã˜Â§
     got: Ø¬Ø§Ø±Ø¬ÛŒØ§
 ; [cca2=GE].translations.urd.official
Expected: Ã˜Â¬Ã˜Â§Ã˜Â±Ã˜Â¬Ã›Å’Ã˜Â§
     got: Ø¬Ø§Ø±Ø¬ÛŒØ§
 ; [cca2=GE].translations.zho.common
Expected: Ã¦Â Â¼Ã©Â²ï¿½Ã¥ï¿½â€°Ã¤ÂºÅ¡
     got: æ ¼é²�å�‰äºš
 ; [cca2=GE].translations.zho.official
Expected: Ã¦Â Â¼Ã©Â²ï¿½Ã¥ï¿½â€°Ã¤ÂºÅ¡
     got: æ ¼é²�å�‰äºš
 ; [cca2=GF].currencies.EUR.symbol
Expected: Ã¢â€šÂ¬
     got: â‚¬
 ; [cca2=GF].flag
Expected: Ã°Å¸â€¡Â¬Ã°Å¸â€¡Â«
     got: ðŸ‡¬ðŸ‡«
 ; [cca2=GF].name.nativeName.fra.common
Expected: Guyane franÃƒÂ§aise
     got: Guyane franÃ§aise
 ; [cca2=GF].translations.ara.common
Expected: Ã˜ÂºÃ™Ë†Ã™Å Ã˜Â§Ã™â€ Ã˜Â§
     got: ØºÙˆÙŠØ§Ù†Ø§
 ; [cca2=GF].translations.ara.official
Expected: Ã˜ÂºÃ™Ë†Ã™Å Ã˜Â§Ã™â€ Ã˜Â§ Ã˜Â§Ã™â€žÃ™ï¿½Ã˜Â±Ã™â€ Ã˜Â³Ã™Å Ã˜Â©
     got: ØºÙˆÙŠØ§Ù†Ø§ Ø§Ù„Ù�Ø±Ù†Ø³ÙŠØ©
 ; [cca2=GF].translations.ces.common
Expected: FrancouzskÃƒÂ¡ Guyana
     got: FrancouzskÃ¡ Guyana
 ; [cca2=GF].translations.ces.official
Expected: FrancouzskÃƒÂ¡ Guyana
     got: FrancouzskÃ¡ Guyana
 ; [cca2=GF].translations.deu.common
Expected: FranzÃƒÂ¶sisch-Guayana
     got: FranzÃ¶sisch-Guayana
 ; [cca2=GF].translations.deu.official
Expected: FranzÃƒÂ¶sisch-Guayana
     got: FranzÃ¶sisch-Guayana
 ; [cca2=GF].translations.jpn.common
Expected: Ã£Æ’â€¢Ã£Æ’Â©Ã£Æ’Â³Ã£â€šÂ¹Ã©Â ËœÃ£â€šÂ®Ã£â€šÂ¢Ã£Æ’Å 
     got: ãƒ•ãƒ©ãƒ³ã‚¹é ˜ã‚®ã‚¢ãƒŠ
 ; [cca2=GF].translations.jpn.official
Expected: Ã£â€šÂ®Ã£â€šÂ¢Ã£Æ’Å 
     got: ã‚®ã‚¢ãƒŠ
 ; [cca2=GF].translations.kor.common
Expected: Ã­â€�â€žÃ«Å¾â€˜Ã¬Å Â¤Ã«Â Â¹ ÃªÂ¸Â°Ã¬â€¢â€žÃ«â€šËœ
     got: í”„ëž‘ìŠ¤ë ¹ ê¸°ì•„ë‚˜
 ; [cca2=GF].translations.kor.official
Expected: Ã­â€�â€žÃ«Å¾â€˜Ã¬Å Â¤Ã«Â Â¹ ÃªÂ¸Â°Ã¬â€¢â€žÃ«â€šËœ
     got: í”„ëž‘ìŠ¤ë ¹ ê¸°ì•„ë‚˜
 ; [cca2=GF].translations.per.common
Expected: ÃšÂ¯Ã™Ë†Ã›Å’Ã˜Â§Ã™â€  Ã™ï¿½Ã˜Â±Ã˜Â§Ã™â€ Ã˜Â³Ã™â€¡
     got: Ú¯ÙˆÛŒØ§Ù† Ù�Ø±Ø§Ù†Ø³Ù‡
 ; [cca2=GF].translations.per.official
Expected: ÃšÂ¯Ã™Ë†Ã›Å’Ã˜Â§Ã™â€  Ã™ï¿½Ã˜Â±Ã˜Â§Ã™â€ Ã˜Â³Ã™â€¡
     got: Ú¯ÙˆÛŒØ§Ù† Ù�Ø±Ø§Ù†Ø³Ù‡
 ; [cca2=GF].translations.rus.common
Expected: Ã�Â¤Ã‘â‚¬Ã�Â°Ã�Â½Ã‘â€ Ã‘Æ’Ã�Â·Ã‘ï¿½Ã�ÂºÃ�Â°Ã‘ï¿½ Ã�â€œÃ�Â²Ã�Â¸Ã�Â°Ã�Â½Ã�Â°
     got: Ð¤Ñ€Ð°Ð½Ñ†ÑƒÐ·Ñ�ÐºÐ°Ñ� Ð“Ð²Ð¸Ð°Ð½Ð°
 ; [cca2=GF].translations.rus.official
Expected: Ã�â€œÃ�Â²Ã�Â¸Ã�Â°Ã�Â½Ã�Â°
     got: Ð“Ð²Ð¸Ð°Ð½Ð°
 ; [cca2=GF].translations.slk.official
Expected: FrancÃƒÂºzska Guyana
     got: FrancÃºzska Guyana
 ; [cca2=GF].translations.srp.common
Expected: Ã�Â¤Ã‘â‚¬Ã�Â°Ã�Â½Ã‘â€ Ã‘Æ’Ã‘ï¿½Ã�ÂºÃ�Â° Ã�â€œÃ�Â²Ã�Â°Ã‘ËœÃ�Â°Ã�Â½Ã�Â°
     got: Ð¤Ñ€Ð°Ð½Ñ†ÑƒÑ�ÐºÐ° Ð“Ð²Ð°Ñ˜Ð°Ð½Ð°
 ; [cca2=GF].translations.srp.official
Expected: Ã�Â¤Ã‘â‚¬Ã�Â°Ã�Â½Ã‘â€ Ã‘Æ’Ã‘ï¿½Ã�ÂºÃ�Â° Ã�â€œÃ�Â²Ã�Â°Ã‘ËœÃ�Â°Ã�Â½Ã�Â°
     got: Ð¤Ñ€Ð°Ð½Ñ†ÑƒÑ�ÐºÐ° Ð“Ð²Ð°Ñ˜Ð°Ð½Ð°
 ; [cca2=GF].translations.tur.common
Expected: FransÃ„Â±z GuyanasÃ„Â±
     got: FransÄ±z GuyanasÄ±
 ; [cca2=GF].translations.tur.official
Expected: FransÃ„Â±z GuyanasÃ„Â±
     got: FransÄ±z GuyanasÄ±
 ; [cca2=GF].translations.urd.common
Expected: Ã™ï¿½Ã˜Â±Ã˜Â§Ã™â€ Ã˜Â³Ã›Å’Ã˜Â³Ã›Å’ ÃšÂ¯Ã›Å’Ã˜Â§Ã™â€ Ã˜Â§
     got: Ù�Ø±Ø§Ù†Ø³ÛŒØ³ÛŒ Ú¯ÛŒØ§Ù†Ø§
 ; [cca2=GF].translations.urd.official
Expected: ÃšÂ¯Ã›Å’Ã˜Â§Ã™â€ Ã˜Â§
     got: Ú¯ÛŒØ§Ù†Ø§
 ; [cca2=GF].translations.zho.common
Expected: Ã¦Â³â€¢Ã¥Â±Å¾Ã¥Å“Â­Ã¤ÂºÅ¡Ã©â€šÂ£
     got: æ³•å±žåœ­äºšé‚£
 ; [cca2=GF].translations.zho.official
Expected: Ã¦Â³â€¢Ã¥Â±Å¾Ã¥Å“Â­Ã¤ÂºÅ¡Ã©â€šÂ£
     got: æ³•å±žåœ­äºšé‚£
 ; [cca2=GG].currencies.GBP.symbol
Expected: Ã‚Â£
     got: Â£
 ; [cca2=GG].currencies.GGP.symbol
Expected: Ã‚Â£
     got: Â£
 ; [cca2=GG].flag
Expected: Ã°Å¸â€¡Â¬Ã°Å¸â€¡Â¬
     got: ðŸ‡¬ðŸ‡¬
 ; [cca2=GG].languages.nfr
Expected: GuernÃƒÂ©siais
     got: GuernÃ©siais
 ; [cca2=GG].name.nativeName.nfr.common
Expected: DgÃƒÂ¨rnÃƒÂ©siais
     got: DgÃ¨rnÃ©siais
 ; [cca2=GG].name.nativeName.nfr.official
Expected: DgÃƒÂ¨rnÃƒÂ©siais
     got: DgÃ¨rnÃ©siais
 ; [cca2=GG].translations.ara.common
Expected: Ã˜ÂºÃ™Å Ã˜Â±Ã™â€ Ã˜Â²Ã™Å 
     got: ØºÙŠØ±Ù†Ø²ÙŠ
 ; [cca2=GG].translations.ara.official
Expected: Ã˜ÂºÃ™Å Ã˜Â±Ã™â€ Ã˜Â²Ã™Å 
     got: ØºÙŠØ±Ù†Ø²ÙŠ
 ; [cca2=GG].translations.ces.official
Expected: RychtÃƒÂ¡Ã…â„¢stvÃƒÂ­ Guernsey
     got: RychtÃ¡Å™stvÃ­ Guernsey
 ; [cca2=GG].translations.jpn.common
Expected: Ã£â€šÂ¬Ã£Æ’Â¼Ã£Æ’Â³Ã£â€šÂ¸Ã£Æ’Â¼
     got: ã‚¬ãƒ¼ãƒ³ã‚¸ãƒ¼
 ; [cca2=GG].translations.jpn.official
Expected: Ã£â€šÂ¬Ã£Æ’Â¼Ã£Æ’Â³Ã£â€šÂ¸Ã£Æ’Â¼Ã£ï¿½Â®Ã¥Â¾â€”Ã¦â€žï¿½Ã¥Ë†â€ Ã©â€¡Å½
     got: ã‚¬ãƒ¼ãƒ³ã‚¸ãƒ¼ã�®å¾—æ„�åˆ†é‡Ž
 ; [cca2=GG].translations.kor.common
Expected: ÃªÂ±Â´Ã¬Â§â‚¬ Ã¬â€žÂ¬
     got: ê±´ì§€ ì„¬
 ; [cca2=GG].translations.kor.official
Expected: ÃªÂ±Â´Ã¬Â§â‚¬ Ã¬â€žÂ¬
     got: ê±´ì§€ ì„¬
 ; [cca2=GG].translations.per.common
Expected: ÃšÂ¯Ã˜Â±Ã™â€ Ã˜Â²Ã›Å’
     got: Ú¯Ø±Ù†Ø²ÛŒ
 ; [cca2=GG].translations.per.official
Expected: ÃšÂ¯Ã˜Â±Ã™â€ Ã˜Â²Ã›Å’
     got: Ú¯Ø±Ù†Ø²ÛŒ
 ; [cca2=GG].translations.rus.common
Expected: Ã�â€œÃ�ÂµÃ‘â‚¬Ã�Â½Ã‘ï¿½Ã�Â¸
     got: Ð“ÐµÑ€Ð½Ñ�Ð¸
 ; [cca2=GG].translations.rus.official
Expected: Ã�Å¡Ã�Â¾Ã‘â‚¬Ã�Â¾Ã�Â½Ã�Â½Ã�Â¾Ã�Âµ Ã�Â²Ã�Â»Ã�Â°Ã�Â´Ã�ÂµÃ�Â½Ã�Â¸Ã�Âµ Ã�â€œÃ�ÂµÃ‘â‚¬Ã�Â½Ã‘ï¿½Ã�Â¸
     got: ÐšÐ¾Ñ€Ð¾Ð½Ð½Ð¾Ðµ Ð²Ð»Ð°Ð´ÐµÐ½Ð¸Ðµ Ð“ÐµÑ€Ð½Ñ�Ð¸
 ; [cca2=GG].translations.spa.official
Expected: BailÃƒÂ­a de Guernsey
     got: BailÃ­a de Guernsey
 ; [cca2=GG].translations.srp.common
Expected: Ã�â€œÃ�ÂµÃ‘â‚¬Ã�Â½Ã�Â·Ã�Â¸
     got: Ð“ÐµÑ€Ð½Ð·Ð¸
 ; [cca2=GG].translations.srp.official
Expected: Ã�â€˜Ã�ÂµÃ‘ËœÃ�Â»Ã�Â¸Ã�Â²Ã�Â¸Ã�Âº Ã�â€œÃ�ÂµÃ‘â‚¬Ã�Â½Ã�Â·Ã�Â¸
     got: Ð‘ÐµÑ˜Ð»Ð¸Ð²Ð¸Ðº Ð“ÐµÑ€Ð½Ð·Ð¸
 ; [cca2=GG].translations.tur.official
Expected: Guernsey MuhafÃ„Â±zlÃ„Â±Ã„Å¸Ã„Â±
     got: Guernsey MuhafÄ±zlÄ±ÄŸÄ±
 ; [cca2=GG].translations.urd.common
Expected: ÃšÂ¯Ã˜Â±Ã™â€ Ã˜Â²Ã›Å’
     got: Ú¯Ø±Ù†Ø²ÛŒ
 ; [cca2=GG].translations.urd.official
Expected: ÃšÂ¯Ã˜Â±Ã™â€ Ã˜Â²Ã›Å’ Ã˜Â±Ã™Ë†Ã˜Â¯Ã˜Â¨Ã˜Â§Ã˜Â±
     got: Ú¯Ø±Ù†Ø²ÛŒ Ø±ÙˆØ¯Ø¨Ø§Ø±
 ; [cca2=GG].translations.zho.common
Expected: Ã¦Â Â¹Ã¨Â¥Â¿Ã¥Â²â€º
     got: æ ¹è¥¿å²›
 ; [cca2=GG].translations.zho.official
Expected: Ã¦Â Â¹Ã¨Â¥Â¿Ã¥Â²â€º
     got: æ ¹è¥¿å²›
 ; [cca2=GH].currencies.GHS.symbol
Expected: Ã¢â€šÂµ
     got: â‚µ
 ; [cca2=GH].demonyms.fra.f
Expected: GhanÃƒÂ©enne
     got: GhanÃ©enne
 ; [cca2=GH].demonyms.fra.m
Expected: GhanÃƒÂ©en
     got: GhanÃ©en
 ; [cca2=GH].flag
Expected: Ã°Å¸â€¡Â¬Ã°Å¸â€¡Â­
     got: ðŸ‡¬ðŸ‡­
 ; [cca2=GH].translations.ara.common
Expected: Ã˜ÂºÃ˜Â§Ã™â€ Ã˜Â§
     got: ØºØ§Ù†Ø§
 ; [cca2=GH].translations.ara.official
Expected: Ã˜Â¬Ã™â€¦Ã™â€¡Ã™Ë†Ã˜Â±Ã™Å Ã˜Â© Ã˜ÂºÃ˜Â§Ã™â€ Ã˜Â§
     got: Ø¬Ù…Ù‡ÙˆØ±ÙŠØ© ØºØ§Ù†Ø§
 ; [cca2=GH].translations.ces.official
Expected: GhanskÃƒÂ¡ republika
     got: GhanskÃ¡ republika
 ; [cca2=GH].translations.fra.official
Expected: RÃƒÂ©publique du Ghana
     got: RÃ©publique du Ghana
 ; [cca2=GH].translations.hun.common
Expected: GhÃƒÂ¡na
     got: GhÃ¡na
 ; [cca2=GH].translations.hun.official
Expected: GhÃƒÂ¡nai KÃƒÂ¶ztÃƒÂ¡rsasÃƒÂ¡g
     got: GhÃ¡nai KÃ¶ztÃ¡rsasÃ¡g
 ; [cca2=GH].translations.jpn.common
Expected: Ã£â€šÂ¬Ã£Æ’Â¼Ã£Æ’Å 
     got: ã‚¬ãƒ¼ãƒŠ
 ; [cca2=GH].translations.jpn.official
Expected: Ã£â€šÂ¬Ã£Æ’Â¼Ã£Æ’Å Ã¥â€¦Â±Ã¥â€™Å’Ã¥â€ºÂ½
     got: ã‚¬ãƒ¼ãƒŠå…±å’Œå›½
 ; [cca2=GH].translations.kor.common
Expected: ÃªÂ°â‚¬Ã«â€šËœ
     got: ê°€ë‚˜
 ; [cca2=GH].translations.kor.official
Expected: ÃªÂ°â‚¬Ã«â€šËœ ÃªÂ³ÂµÃ­â„¢â€�ÃªÂµÂ­
     got: ê°€ë‚˜ ê³µí™”êµ­
 ; [cca2=GH].translations.per.common
Expected: Ã˜ÂºÃ™â€ Ã˜Â§
     got: ØºÙ†Ø§
 ; [cca2=GH].translations.per.official
Expected: Ã˜Â¬Ã™â€¦Ã™â€¡Ã™Ë†Ã˜Â±Ã›Å’ Ã˜ÂºÃ™â€ Ã˜Â§
     got: Ø¬Ù…Ù‡ÙˆØ±ÛŒ ØºÙ†Ø§
 ; [cca2=GH].translations.por.official
Expected: RepÃƒÂºblica do Gana
     got: RepÃºblica do Gana
 ; [cca2=GH].translations.rus.common
Expected: Ã�â€œÃ�Â°Ã�Â½Ã�Â°
     got: Ð“Ð°Ð½Ð°
 ; [cca2=GH].translations.rus.official
Expected: Ã�Â Ã�ÂµÃ‘ï¿½Ã�Â¿Ã‘Æ’Ã�Â±Ã�Â»Ã�Â¸Ã�ÂºÃ�Â° Ã�â€œÃ�Â°Ã�Â½Ã�Â°
     got: Ð ÐµÑ�Ð¿ÑƒÐ±Ð»Ð¸ÐºÐ° Ð“Ð°Ð½Ð°
 ; [cca2=GH].translations.slk.official
Expected: GhanskÃƒÂ¡ republika
     got: GhanskÃ¡ republika
 ; [cca2=GH].translations.spa.official
Expected: RepÃƒÂºblica de Ghana
     got: RepÃºblica de Ghana
 ; [cca2=GH].translations.srp.common
Expected: Ã�â€œÃ�Â°Ã�Â½Ã�Â°
     got: Ð“Ð°Ð½Ð°
 ; [cca2=GH].translations.srp.official
Expected: Ã�Â Ã�ÂµÃ�Â¿Ã‘Æ’Ã�Â±Ã�Â»Ã�Â¸Ã�ÂºÃ�Â° Ã�â€œÃ�Â°Ã�Â½Ã�Â°
     got: Ð ÐµÐ¿ÑƒÐ±Ð»Ð¸ÐºÐ° Ð“Ð°Ð½Ð°
 ; [cca2=GH].translations.urd.common
Expected: ÃšÂ¯ÃšÂ¾Ã˜Â§Ã™â€ Ã˜Â§
     got: Ú¯Ú¾Ø§Ù†Ø§
 ; [cca2=GH].translations.urd.official
Expected: Ã˜Â¬Ã™â€¦Ã›ï¿½Ã™Ë†Ã˜Â±Ã›Å’Ã›ï¿½ ÃšÂ¯ÃšÂ¾Ã˜Â§Ã™â€ Ã˜Â§
     got: Ø¬Ù…Û�ÙˆØ±ÛŒÛ� Ú¯Ú¾Ø§Ù†Ø§
 ; [cca2=GH].translations.zho.common
Expected: Ã¥Å Â Ã§ÂºÂ³
     got: åŠ çº³
 ; [cca2=GH].translations.zho.official
Expected: Ã¥Å Â Ã§ÂºÂ³Ã¥â€¦Â±Ã¥â€™Å’Ã¥â€ºÂ½
     got: åŠ çº³å…±å’Œå›½
 ; [cca2=GI].currencies.GIP.symbol
Expected: Ã‚Â£
     got: Â£
 ; [cca2=GI].flag
Expected: Ã°Å¸â€¡Â¬Ã°Å¸â€¡Â®
     got: ðŸ‡¬ðŸ‡®
 ; [cca2=GI].translations.ara.common
Expected: Ã˜Â¬Ã˜Â¨Ã™â€ž Ã˜Â·Ã˜Â§Ã˜Â±Ã™â€š
     got: Ø¬Ø¨Ù„ Ø·Ø§Ø±Ù‚
 ; [cca2=GI].translations.ara.official
Expected: Ã˜Â¬Ã˜Â¨Ã™â€ž Ã˜Â·Ã˜Â§Ã˜Â±Ã™â€š
     got: Ø¬Ø¨Ù„ Ø·Ø§Ø±Ù‚
 ; [cca2=GI].translations.hun.common
Expected: GibraltÃƒÂ¡r
     got: GibraltÃ¡r
 ; [cca2=GI].translations.hun.official
Expected: GibraltÃƒÂ¡r
     got: GibraltÃ¡r
 ; [cca2=GI].translations.jpn.common
Expected: Ã£â€šÂ¸Ã£Æ’â€“Ã£Æ’Â©Ã£Æ’Â«Ã£â€šÂ¿Ã£Æ’Â«
     got: ã‚¸ãƒ–ãƒ©ãƒ«ã‚¿ãƒ«
 ; [cca2=GI].translations.jpn.official
Expected: Ã£â€šÂ¸Ã£Æ’â€“Ã£Æ’Â©Ã£Æ’Â«Ã£â€šÂ¿Ã£Æ’Â«
     got: ã‚¸ãƒ–ãƒ©ãƒ«ã‚¿ãƒ«
 ; [cca2=GI].translations.kor.common
Expected: Ã¬Â§â‚¬Ã«Â¸Å’Ã«Â¡Â¤Ã­â€žÂ°
     got: ì§€ë¸Œë¡¤í„°
 ; [cca2=GI].translations.kor.official
Expected: Ã¬Â§â‚¬Ã«Â¸Å’Ã«Â¡Â¤Ã­â€žÂ°
     got: ì§€ë¸Œë¡¤í„°
 ; [cca2=GI].translations.per.common
Expected: Ã˜Â¬Ã˜Â¨Ã™â€ž Ã˜Â·Ã˜Â§Ã˜Â±Ã™â€š
     got: Ø¬Ø¨Ù„ Ø·Ø§Ø±Ù‚
 ; [cca2=GI].translations.per.official
Expected: Ã˜Â¬Ã˜Â¨Ã™â€ž Ã˜Â·Ã˜Â§Ã˜Â±Ã™â€š
     got: Ø¬Ø¨Ù„ Ø·Ø§Ø±Ù‚
 ; [cca2=GI].translations.rus.common
Expected: Ã�â€œÃ�Â¸Ã�Â±Ã‘â‚¬Ã�Â°Ã�Â»Ã‘â€šÃ�Â°Ã‘â‚¬
     got: Ð“Ð¸Ð±Ñ€Ð°Ð»Ñ‚Ð°Ñ€
 ; [cca2=GI].translations.rus.official
Expected: Ã�â€œÃ�Â¸Ã�Â±Ã‘â‚¬Ã�Â°Ã�Â»Ã‘â€šÃ�Â°Ã‘â‚¬
     got: Ð“Ð¸Ð±Ñ€Ð°Ð»Ñ‚Ð°Ñ€
 ; [cca2=GI].translations.slk.common
Expected: GibraltÃƒÂ¡r
     got: GibraltÃ¡r
 ; [cca2=GI].translations.slk.official
Expected: GibraltÃƒÂ¡r
     got: GibraltÃ¡r
 ; [cca2=GI].translations.srp.common
Expected: Ã�â€œÃ�Â¸Ã�Â±Ã‘â‚¬Ã�Â°Ã�Â»Ã‘â€šÃ�Â°Ã‘â‚¬
     got: Ð“Ð¸Ð±Ñ€Ð°Ð»Ñ‚Ð°Ñ€
 ; [cca2=GI].translations.srp.official
Expected: Ã�â€œÃ�Â¸Ã�Â±Ã‘â‚¬Ã�Â°Ã�Â»Ã‘â€šÃ�Â°Ã‘â‚¬
     got: Ð“Ð¸Ð±Ñ€Ð°Ð»Ñ‚Ð°Ñ€
 ; [cca2=GI].translations.tur.common
Expected: CebelitarÃ„Â±k
     got: CebelitarÄ±k
 ; [cca2=GI].translations.tur.official
Expected: CebelitarÃ„Â±k
     got: CebelitarÄ±k
 ; [cca2=GI].translations.urd.common
Expected: Ã˜Â¬Ã˜Â¨Ã™â€ž Ã˜Â§Ã™â€žÃ˜Â·Ã˜Â§Ã˜Â±Ã™â€š
     got: Ø¬Ø¨Ù„ Ø§Ù„Ø·Ø§Ø±Ù‚
 ; [cca2=GI].translations.urd.official
Expected: Ã˜Â¬Ã˜Â¨Ã™â€ž Ã˜Â§Ã™â€žÃ˜Â·Ã˜Â§Ã˜Â±Ã™â€š
     got: Ø¬Ø¨Ù„ Ø§Ù„Ø·Ø§Ø±Ù‚
 ; [cca2=GI].translations.zho.common
Expected: Ã§â€ºÂ´Ã¥Â¸Æ’Ã§Â½â€”Ã©â„¢â‚¬
     got: ç›´å¸ƒç½—é™€
 ; [cca2=GI].translations.zho.official
Expected: Ã§â€ºÂ´Ã¥Â¸Æ’Ã§Â½â€”Ã©â„¢â‚¬
     got: ç›´å¸ƒç½—é™€
 ; [cca2=GL].altSpellings[]
Expected: GrÃƒÂ¸nland
     but none found
 ; [cca2=GL].altSpellings[]
Unexpected: GrÃ¸nland
 ; [cca2=GL].flag
Expected: Ã°Å¸â€¡Â¬Ã°Å¸â€¡Â±
     got: ðŸ‡¬ðŸ‡±
 ; [cca2=GL].translations.ara.common
Expected: Ã˜Â¬Ã˜Â±Ã™Å Ã™â€ Ã™â€žÃ˜Â§Ã™â€ Ã˜Â¯
     got: Ø¬Ø±ÙŠÙ†Ù„Ø§Ù†Ø¯
 ; [cca2=GL].translations.ara.official
Expected: Ã˜Â¬Ã˜Â±Ã™Å Ã™â€ Ã™â€žÃ˜Â§Ã™â€ Ã˜Â¯
     got: Ø¬Ø±ÙŠÙ†Ù„Ø§Ù†Ø¯
 ; [cca2=GL].translations.ces.common
Expected: GrÃƒÂ³nsko
     got: GrÃ³nsko
 ; [cca2=GL].translations.ces.official
Expected: GrÃƒÂ³nsko
     got: GrÃ³nsko
 ; [cca2=GL].translations.deu.common
Expected: GrÃƒÂ¶nland
     got: GrÃ¶nland
 ; [cca2=GL].translations.deu.official
Expected: GrÃƒÂ¶nland
     got: GrÃ¶nland
 ; [cca2=GL].translations.est.common
Expected: GrÃƒÂ¶ÃƒÂ¶nimaa
     got: GrÃ¶Ã¶nimaa
 ; [cca2=GL].translations.est.official
Expected: GrÃƒÂ¶ÃƒÂ¶nimaa
     got: GrÃ¶Ã¶nimaa
 ; [cca2=GL].translations.fin.common
Expected: GroÃƒÂ¶nlanti
     got: GroÃ¶nlanti
 ; [cca2=GL].translations.fin.official
Expected: GroÃƒÂ¶nlanti
     got: GroÃ¶nlanti
 ; [cca2=GL].translations.hun.common
Expected: GrÃƒÂ¶nland
     got: GrÃ¶nland
 ; [cca2=GL].translations.hun.official
Expected: GrÃƒÂ¶nland
     got: GrÃ¶nland
 ; [cca2=GL].translations.jpn.common
Expected: Ã£â€šÂ°Ã£Æ’ÂªÃ£Æ’Â¼Ã£Æ’Â³Ã£Æ’Â©Ã£Æ’Â³Ã£Æ’â€°
     got: ã‚°ãƒªãƒ¼ãƒ³ãƒ©ãƒ³ãƒ‰
 ; [cca2=GL].translations.jpn.official
Expected: Ã£â€šÂ°Ã£Æ’ÂªÃ£Æ’Â¼Ã£Æ’Â³Ã£Æ’Â©Ã£Æ’Â³Ã£Æ’â€°
     got: ã‚°ãƒªãƒ¼ãƒ³ãƒ©ãƒ³ãƒ‰
 ; [cca2=GL].translations.kor.common
Expected: ÃªÂ·Â¸Ã«Â¦Â°Ã«Å¾â‚¬Ã«â€œÅ“
     got: ê·¸ë¦°ëž€ë“œ
 ; [cca2=GL].translations.kor.official
Expected: ÃªÂ·Â¸Ã«Â¦Â°Ã«Å¾â‚¬Ã«â€œÅ“
     got: ê·¸ë¦°ëž€ë“œ
 ; [cca2=GL].translations.per.common
Expected: ÃšÂ¯Ã˜Â±Ã›Å’Ã™â€ Ã™â€žÃ™â€ Ã˜Â¯
     got: Ú¯Ø±ÛŒÙ†Ù„Ù†Ø¯
 ; [cca2=GL].translations.per.official
Expected: ÃšÂ¯Ã˜Â±Ã™Ë†Ã˜Â¦Ã™â€ Ã™â€žÃ™â€ Ã˜Â¯
     got: Ú¯Ø±ÙˆØ¦Ù†Ù„Ù†Ø¯
 ; [cca2=GL].translations.por.common
Expected: GronelÃƒÂ¢ndia
     got: GronelÃ¢ndia
 ; [cca2=GL].translations.por.official
Expected: GroenlÃƒÂ¢ndia
     got: GroenlÃ¢ndia
 ; [cca2=GL].translations.rus.common
Expected: Ã�â€œÃ‘â‚¬Ã�ÂµÃ�Â½Ã�Â»Ã�Â°Ã�Â½Ã�Â´Ã�Â¸Ã‘ï¿½
     got: Ð“Ñ€ÐµÐ½Ð»Ð°Ð½Ð´Ð¸Ñ�
 ; [cca2=GL].translations.rus.official
Expected: Ã�â€œÃ‘â‚¬Ã�ÂµÃ�Â½Ã�Â»Ã�Â°Ã�Â½Ã�Â´Ã�Â¸Ã‘ï¿½
     got: Ð“Ñ€ÐµÐ½Ð»Ð°Ð½Ð´Ð¸Ñ�
 ; [cca2=GL].translations.slk.common
Expected: GrÃƒÂ³nsko
     got: GrÃ³nsko
 ; [cca2=GL].translations.slk.official
Expected: GrÃƒÂ³nsko
     got: GrÃ³nsko
 ; [cca2=GL].translations.srp.common
Expected: Ã�â€œÃ‘â‚¬Ã�ÂµÃ�Â½Ã�Â»Ã�Â°Ã�Â½Ã�Â´
     got: Ð“Ñ€ÐµÐ½Ð»Ð°Ð½Ð´
 ; [cca2=GL].translations.srp.official
Expected: Ã�â€œÃ‘â‚¬Ã�ÂµÃ�Â½Ã�Â»Ã�Â°Ã�Â½Ã�Â´
     got: Ð“Ñ€ÐµÐ½Ð»Ð°Ð½Ð´
 ; [cca2=GL].translations.swe.common
Expected: GrÃƒÂ¶nland
     got: GrÃ¶nland
 ; [cca2=GL].translations.swe.official
Expected: GrÃƒÂ¶nland
     got: GrÃ¶nland
 ; [cca2=GL].translations.tur.common
Expected: GrÃƒÂ¶nland
     got: GrÃ¶nland
 ; [cca2=GL].translations.tur.official
Expected: GrÃƒÂ¶nland
     got: GrÃ¶nland
 ; [cca2=GL].translations.urd.common
Expected: ÃšÂ¯Ã˜Â±Ã›Å’Ã™â€  Ã™â€žÃ›Å’Ã™â€ ÃšË†
     got: Ú¯Ø±ÛŒÙ† Ù„ÛŒÙ†Úˆ
 ; [cca2=GL].translations.urd.official
Expected: ÃšÂ¯Ã˜Â±Ã›Å’Ã™â€  Ã™â€žÃ›Å’Ã™â€ ÃšË†
     got: Ú¯Ø±ÛŒÙ† Ù„ÛŒÙ†Úˆ
 ; [cca2=GL].translations.zho.common
Expected: Ã¦Â Â¼Ã©â„¢ÂµÃ¥â€¦Â°
     got: æ ¼é™µå…°
 ; [cca2=GL].translations.zho.official
Expected: Ã¦Â Â¼Ã©â„¢ÂµÃ¥â€¦Â°
     got: æ ¼é™µå…°
 ; [cca2=GM].flag
Expected: Ã°Å¸â€¡Â¬Ã°Å¸â€¡Â²
     got: ðŸ‡¬ðŸ‡²
 ; [cca2=GM].translations.ara.common
Expected: Ã˜ÂºÃ˜Â§Ã™â€¦Ã˜Â¨Ã™Å Ã˜Â§
     got: ØºØ§Ù…Ø¨ÙŠØ§
 ; [cca2=GM].translations.ara.official
Expected: Ã˜Â¬Ã™â€¦Ã™â€¡Ã™Ë†Ã˜Â±Ã™Å Ã˜Â© Ã˜ÂºÃ˜Â§Ã™â€¦Ã˜Â¨Ã™Å Ã˜Â§
     got: Ø¬Ù…Ù‡ÙˆØ±ÙŠØ© ØºØ§Ù…Ø¨ÙŠØ§
 ; [cca2=GM].translations.ces.official
Expected: GambijskÃƒÂ¡ republika
     got: GambijskÃ¡ republika
 ; [cca2=GM].translations.fra.official
Expected: RÃƒÂ©publique de Gambie
     got: RÃ©publique de Gambie
 ; [cca2=GM].translations.hun.official
Expected: Gambiai KÃƒÂ¶ztÃƒÂ¡rsasÃƒÂ¡g
     got: Gambiai KÃ¶ztÃ¡rsasÃ¡g
 ; [cca2=GM].translations.jpn.common
Expected: Ã£â€šÂ¬Ã£Æ’Â³Ã£Æ’â€œÃ£â€šÂ¢
     got: ã‚¬ãƒ³ãƒ“ã‚¢
 ; [cca2=GM].translations.jpn.official
Expected: Ã£â€šÂ¬Ã£Æ’Â³Ã£Æ’â€œÃ£â€šÂ¢Ã¥â€¦Â±Ã¥â€™Å’Ã¥â€ºÂ½
     got: ã‚¬ãƒ³ãƒ“ã‚¢å…±å’Œå›½
 ; [cca2=GM].translations.kor.common
Expected: ÃªÂ°ï¿½Ã«Â¹â€žÃ¬â€¢â€ž
     got: ê°�ë¹„ì•„
 ; [cca2=GM].translations.kor.official
Expected: ÃªÂ°ï¿½Ã«Â¹â€žÃ¬â€¢â€ž ÃªÂ³ÂµÃ­â„¢â€�ÃªÂµÂ­
     got: ê°�ë¹„ì•„ ê³µí™”êµ­
 ; [cca2=GM].translations.per.common
Expected: ÃšÂ¯Ã˜Â§Ã™â€¦Ã˜Â¨Ã›Å’Ã˜Â§
     got: Ú¯Ø§Ù…Ø¨ÛŒØ§
 ; [cca2=GM].translations.per.official
Expected: Ã˜Â¬Ã™â€¦Ã™â€¡Ã™Ë†Ã˜Â±Ã›Å’ ÃšÂ¯Ã˜Â§Ã™â€¦Ã˜Â¨Ã›Å’Ã˜Â§
     got: Ø¬Ù…Ù‡ÙˆØ±ÛŒ Ú¯Ø§Ù…Ø¨ÛŒØ§
 ; [cca2=GM].translations.por.common
Expected: GÃƒÂ¢mbia
     got: GÃ¢mbia
 ; [cca2=GM].translations.por.official
Expected: RepÃƒÂºblica da GÃƒÂ¢mbia
     got: RepÃºblica da GÃ¢mbia
 ; [cca2=GM].translations.rus.common
Expected: Ã�â€œÃ�Â°Ã�Â¼Ã�Â±Ã�Â¸Ã‘ï¿½
     got: Ð“Ð°Ð¼Ð±Ð¸Ñ�
 ; [cca2=GM].translations.rus.official
Expected: Ã�Â Ã�ÂµÃ‘ï¿½Ã�Â¿Ã‘Æ’Ã�Â±Ã�Â»Ã�Â¸Ã�ÂºÃ�Â° Ã�â€œÃ�Â°Ã�Â¼Ã�Â±Ã�Â¸Ã‘ï¿½
     got: Ð ÐµÑ�Ð¿ÑƒÐ±Ð»Ð¸ÐºÐ° Ð“Ð°Ð¼Ð±Ð¸Ñ�
 ; [cca2=GM].translations.slk.official
Expected: GambijskÃƒÂ¡ republika
     got: GambijskÃ¡ republika
 ; [cca2=GM].translations.spa.official
Expected: RepÃƒÂºblica de Gambia
     got: RepÃºblica de Gambia
 ; [cca2=GM].translations.srp.common
Expected: Ã�â€œÃ�Â°Ã�Â¼Ã�Â±Ã�Â¸Ã‘ËœÃ�Â°
     got: Ð“Ð°Ð¼Ð±Ð¸Ñ˜Ð°
 ; [cca2=GM].translations.srp.official
Expected: Ã�Â Ã�ÂµÃ�Â¿Ã‘Æ’Ã�Â±Ã�Â»Ã�Â¸Ã�ÂºÃ�Â° Ã�â€œÃ�Â°Ã�Â¼Ã�Â±Ã�Â¸Ã‘ËœÃ�Â°
     got: Ð ÐµÐ¿ÑƒÐ±Ð»Ð¸ÐºÐ° Ð“Ð°Ð¼Ð±Ð¸Ñ˜Ð°
 ; [cca2=GM].translations.urd.common
Expected: ÃšÂ¯Ã›Å’Ã™â€¦Ã˜Â¨Ã›Å’Ã˜Â§
     got: Ú¯ÛŒÙ…Ø¨ÛŒØ§
 ; [cca2=GM].translations.urd.official
Expected: Ã˜Â¬Ã™â€¦Ã›ï¿½Ã™Ë†Ã˜Â±Ã›Å’Ã›ï¿½ ÃšÂ¯Ã›Å’Ã™â€¦Ã˜Â¨Ã›Å’Ã˜Â§
     got: Ø¬Ù…Û�ÙˆØ±ÛŒÛ� Ú¯ÛŒÙ…Ø¨ÛŒØ§
 ; [cca2=GM].translations.zho.common
Expected: Ã¥â€ Ë†Ã¦Â¯â€�Ã¤ÂºÅ¡
     got: å†ˆæ¯”äºš
 ; [cca2=GM].translations.zho.official
Expected: Ã¥â€ Ë†Ã¦Â¯â€�Ã¤ÂºÅ¡Ã¥â€¦Â±Ã¥â€™Å’Ã¥â€ºÂ½
     got: å†ˆæ¯”äºšå…±å’Œå›½
 ; [cca2=GN].altSpellings[]
Expected: RÃƒÂ©publique de GuinÃƒÂ©e
     but none found
 ; [cca2=GN].altSpellings[]
Unexpected: RÃ©publique de GuinÃ©e
 ; [cca2=GN].demonyms.fra.f
Expected: GuinÃƒÂ©enne
     got: GuinÃ©enne
 ; [cca2=GN].demonyms.fra.m
Expected: GuinÃƒÂ©en
     got: GuinÃ©en
 ; [cca2=GN].flag
Expected: Ã°Å¸â€¡Â¬Ã°Å¸â€¡Â³
     got: ðŸ‡¬ðŸ‡³
 ; [cca2=GN].name.nativeName.fra.common
Expected: GuinÃƒÂ©e
     got: GuinÃ©e
 ; [cca2=GN].name.nativeName.fra.official
Expected: RÃƒÂ©publique de GuinÃƒÂ©e
     got: RÃ©publique de GuinÃ©e
 ; [cca2=GN].translations.ara.common
Expected: Ã˜ÂºÃ™Å Ã™â€ Ã™Å Ã˜Â§
     got: ØºÙŠÙ†ÙŠØ§
 ; [cca2=GN].translations.ara.official
Expected: Ã˜Â¬Ã™â€¦Ã™â€¡Ã™Ë†Ã˜Â±Ã™Å Ã˜Â© Ã˜ÂºÃ™Å Ã™â€ Ã™Å Ã˜Â§
     got: Ø¬Ù…Ù‡ÙˆØ±ÙŠØ© ØºÙŠÙ†ÙŠØ§
 ; [cca2=GN].translations.ces.official
Expected: GuinejskÃƒÂ¡ republika
     got: GuinejskÃ¡ republika
 ; [cca2=GN].translations.fra.common
Expected: GuinÃƒÂ©e
     got: GuinÃ©e
 ; [cca2=GN].translations.fra.official
Expected: RÃƒÂ©publique de GuinÃƒÂ©e
     got: RÃ©publique de GuinÃ©e
 ; [cca2=GN].translations.hun.official
Expected: Guineai KÃƒÂ¶ztÃƒÂ¡rsasÃƒÂ¡g
     got: Guineai KÃ¶ztÃ¡rsasÃ¡g
 ; [cca2=GN].translations.jpn.common
Expected: Ã£â€šÂ®Ã£Æ’â€¹Ã£â€šÂ¢
     got: ã‚®ãƒ‹ã‚¢
 ; [cca2=GN].translations.jpn.official
Expected: Ã£â€šÂ®Ã£Æ’â€¹Ã£â€šÂ¢Ã¥â€¦Â±Ã¥â€™Å’Ã¥â€ºÂ½
     got: ã‚®ãƒ‹ã‚¢å…±å’Œå›½
 ; [cca2=GN].translations.kor.common
Expected: ÃªÂ¸Â°Ã«â€¹Ë†
     got: ê¸°ë‹ˆ
 ; [cca2=GN].translations.kor.official
Expected: ÃªÂ¸Â°Ã«â€¹Ë† ÃªÂ³ÂµÃ­â„¢â€�ÃªÂµÂ­
     got: ê¸°ë‹ˆ ê³µí™”êµ­
 ; [cca2=GN].translations.per.common
Expected: Ã™Â¾Ã˜Â§Ã™Â¾Ã™Ë†Ã˜Â¢ ÃšÂ¯Ã›Å’Ã™â€ Ã™â€¡ Ã™â€ Ã™Ë†
     got: Ù¾Ø§Ù¾ÙˆØ¢ Ú¯ÛŒÙ†Ù‡ Ù†Ùˆ
 ; [cca2=GN].translations.per.official
Expected: Ã™â€¦Ã™â€¦Ã™â€žÃšÂ©Ã˜Âª Ã™â€¦Ã˜Â³Ã˜ÂªÃ™â€šÃ™â€ž Ã™Â¾Ã˜Â§Ã™Â¾Ã™Ë†Ã˜Â¢ ÃšÂ¯Ã›Å’Ã™â€ Ã™â€¡ Ã™â€ Ã™Ë†
     got: Ù…Ù…Ù„Ú©Øª Ù…Ø³ØªÙ‚Ù„ Ù¾Ø§Ù¾ÙˆØ¢ Ú¯ÛŒÙ†Ù‡ Ù†Ùˆ
 ; [cca2=GN].translations.por.common
Expected: GuinÃƒÂ©
     got: GuinÃ©
 ; [cca2=GN].translations.por.official
Expected: RepÃƒÂºblica da GuinÃƒÂ©
     got: RepÃºblica da GuinÃ©
 ; [cca2=GN].translations.rus.common
Expected: Ã�â€œÃ�Â²Ã�Â¸Ã�Â½Ã�ÂµÃ‘ï¿½
     got: Ð“Ð²Ð¸Ð½ÐµÑ�
 ; [cca2=GN].translations.rus.official
Expected: Ã�Â Ã�ÂµÃ‘ï¿½Ã�Â¿Ã‘Æ’Ã�Â±Ã�Â»Ã�Â¸Ã�ÂºÃ�Â° Ã�â€œÃ�Â²Ã�Â¸Ã�Â½Ã�ÂµÃ‘ï¿½
     got: Ð ÐµÑ�Ð¿ÑƒÐ±Ð»Ð¸ÐºÐ° Ð“Ð²Ð¸Ð½ÐµÑ�
 ; [cca2=GN].translations.slk.official
Expected: GuinejskÃƒÂ¡ republika
     got: GuinejskÃ¡ republika
 ; [cca2=GN].translations.spa.official
Expected: RepÃƒÂºblica de Guinea
     got: RepÃºblica de Guinea
 ; [cca2=GN].translations.srp.common
Expected: Ã�â€œÃ�Â²Ã�Â°Ã‘ËœÃ�Â°Ã�Â½Ã�Â°
     got: Ð“Ð²Ð°Ñ˜Ð°Ð½Ð°
 ; [cca2=GN].translations.srp.official
Expected: Ã�Å¡Ã�Â¾Ã�Â¾Ã�Â¿Ã�ÂµÃ‘â‚¬Ã�Â°Ã‘â€šÃ�Â¸Ã�Â²Ã�Â½Ã�Â° Ã�Â Ã�ÂµÃ�Â¿Ã‘Æ’Ã�Â±Ã�Â»Ã�Â¸Ã�ÂºÃ�Â° Ã�â€œÃ�Â²Ã�Â°Ã‘ËœÃ�Â°Ã�Â½Ã�Â°
     got: ÐšÐ¾Ð¾Ð¿ÐµÑ€Ð°Ñ‚Ð¸Ð²Ð½Ð° Ð ÐµÐ¿ÑƒÐ±Ð»Ð¸ÐºÐ° Ð“Ð²Ð°Ñ˜Ð°Ð½Ð°
 ; [cca2=GN].translations.urd.common
Expected: ÃšÂ¯Ã™â€ Ã›Å’
     got: Ú¯Ù†ÛŒ
 ; [cca2=GN].translations.urd.official
Expected: Ã˜Â¬Ã™â€¦Ã›ï¿½Ã™Ë†Ã˜Â±Ã›Å’Ã›ï¿½ ÃšÂ¯Ã™â€ Ã›Å’
     got: Ø¬Ù…Û�ÙˆØ±ÛŒÛ� Ú¯Ù†ÛŒ
 ; [cca2=GN].translations.zho.common
Expected: Ã¥â€¡Â Ã¥â€ â€¦Ã¤ÂºÅ¡
     got: å‡ å†…äºš
 ; [cca2=GN].translations.zho.official
Expected: Ã¥â€¡Â Ã¥â€ â€¦Ã¤ÂºÅ¡Ã¥â€¦Â±Ã¥â€™Å’Ã¥â€ºÂ½
     got: å‡ å†…äºšå…±å’Œå›½
 ; [cca2=GP].currencies.EUR.symbol
Expected: Ã¢â€šÂ¬
     got: â‚¬
 ; [cca2=GP].demonyms.fra.f
Expected: GuadeloupÃƒÂ©enne
     got: GuadeloupÃ©enne
 ; [cca2=GP].demonyms.fra.m
Expected: GuadeloupÃƒÂ©en
     got: GuadeloupÃ©en
 ; [cca2=GP].flag
Expected: Ã°Å¸â€¡Â¬Ã°Å¸â€¡Âµ
     got: ðŸ‡¬ðŸ‡µ
 ; [cca2=GP].translations.ara.common
Expected: Ã˜ÂºÃ™Ë†Ã˜Â§Ã˜Â¯Ã™â€žÃ™Ë†Ã˜Â¨
     got: ØºÙˆØ§Ø¯Ù„ÙˆØ¨
 ; [cca2=GP].translations.ara.official
Expected: Ã˜ÂºÃ™Ë†Ã˜Â§Ã˜Â¯Ã™â€žÃ™Ë†Ã˜Â¨
     got: ØºÙˆØ§Ø¯Ù„ÙˆØ¨
 ; [cca2=GP].translations.est.official
Expected: GuadeloupeÃ¢â‚¬â„¢i ja sÃƒÂµltkondade departemang
     got: Guadeloupeâ€™i ja sÃµltkondade departemang
 ; [cca2=GP].translations.jpn.common
Expected: Ã£â€šÂ°Ã£â€šÂ¢Ã£Æ’â€°Ã£Æ’Â«Ã£Æ’Â¼Ã£Æ’â€”
     got: ã‚°ã‚¢ãƒ‰ãƒ«ãƒ¼ãƒ—
 ; [cca2=GP].translations.jpn.official
Expected: Ã£â€šÂ°Ã£â€šÂ¢Ã£Æ’â€°Ã£Æ’Â«Ã£Æ’Â¼Ã£Æ’â€”Ã¥Â³Â¶
     got: ã‚°ã‚¢ãƒ‰ãƒ«ãƒ¼ãƒ—å³¶
 ; [cca2=GP].translations.kor.common
Expected: ÃªÂ³Â¼Ã«â€œÂ¤Ã«Â£Â¨Ã­â€�â€ž
     got: ê³¼ë“¤ë£¨í”„
 ; [cca2=GP].translations.kor.official
Expected: ÃªÂ³Â¼Ã«â€œÂ¤Ã«Â£Â¨Ã­â€�â€ž
     got: ê³¼ë“¤ë£¨í”„
 ; [cca2=GP].translations.per.common
Expected: ÃšÂ¯Ã™Ë†Ã˜Â§Ã˜Â¯Ã™â€žÃ™Ë†Ã™Â¾
     got: Ú¯ÙˆØ§Ø¯Ù„ÙˆÙ¾
 ; [cca2=GP].translations.per.official
Expected: ÃšÂ¯Ã™Ë†Ã˜Â§Ã˜Â¯Ã™â€žÃ™Ë†Ã™Â¾
     got: Ú¯ÙˆØ§Ø¯Ù„ÙˆÙ¾
 ; [cca2=GP].translations.rus.common
Expected: Ã�â€œÃ�Â²Ã�Â°Ã�Â´Ã�ÂµÃ�Â»Ã‘Æ’Ã�Â¿Ã�Â°
     got: Ð“Ð²Ð°Ð´ÐµÐ»ÑƒÐ¿Ð°
 ; [cca2=GP].translations.rus.official
Expected: Ã�â€œÃ�Â²Ã�Â°Ã�Â´Ã�ÂµÃ�Â»Ã‘Æ’Ã�Â¿Ã�Â°
     got: Ð“Ð²Ð°Ð´ÐµÐ»ÑƒÐ¿Ð°
 ; [cca2=GP].translations.srp.common
Expected: Ã�â€œÃ�Â²Ã�Â°Ã�Â´Ã�ÂµÃ�Â»Ã‘Æ’Ã�Â¿
     got: Ð“Ð²Ð°Ð´ÐµÐ»ÑƒÐ¿
 ; [cca2=GP].translations.srp.official
Expected: Ã�â€œÃ�Â²Ã�Â°Ã�Â´Ã�ÂµÃ�Â»Ã‘Æ’Ã�Â¿
     got: Ð“Ð²Ð°Ð´ÐµÐ»ÑƒÐ¿
 ; [cca2=GP].translations.urd.common
Expected: ÃšÂ¯Ã™Ë†Ã˜Â§ÃšË†Ã›Å’Ã™â€žÃ™Ë†Ã™Â¾
     got: Ú¯ÙˆØ§ÚˆÛŒÙ„ÙˆÙ¾
 ; [cca2=GP].translations.urd.official
Expected: ÃšÂ¯Ã™Ë†Ã˜Â§ÃšË†Ã›Å’Ã™â€žÃ™Ë†Ã™Â¾
     got: Ú¯ÙˆØ§ÚˆÛŒÙ„ÙˆÙ¾
 ; [cca2=GP].translations.zho.common
Expected: Ã§â€œÅ“Ã¥Â¾Â·Ã§Â½â€”Ã¦â„¢Â®Ã¥Â²â€º
     got: ç“œå¾·ç½—æ™®å²›
 ; [cca2=GP].translations.zho.official
Expected: Ã§â€œÅ“Ã¥Â¾Â·Ã§Â½â€”Ã¦â„¢Â®Ã¥Â²â€º
     got: ç“œå¾·ç½—æ™®å²›
 ; [cca2=GQ].altSpellings[]
Expected: RepÃƒÂºblica de Guinea Ecuatorial
     but none found
 ; [cca2=GQ].altSpellings[]
Expected: RepÃƒÂºblica da GuinÃƒÂ© Equatorial
     but none found
 ; [cca2=GQ].altSpellings[]
Expected: RÃƒÂ©publique de GuinÃƒÂ©e ÃƒÂ©quatoriale
     but none found
 ; [cca2=GQ].altSpellings[]
Unexpected: RepÃºblica da GuinÃ© Equatorial
 ; [cca2=GQ].altSpellings[]
Unexpected: RÃ©publique de GuinÃ©e Ã©quatoriale
 ; [cca2=GQ].altSpellings[]
Unexpected: RepÃºblica de Guinea Ecuatorial
 ; [cca2=GQ].demonyms.fra.f
Expected: Ãƒâ€°quato-guinÃƒÂ©enne
     got: Ã‰quato-guinÃ©enne
 ; [cca2=GQ].demonyms.fra.m
Expected: Ãƒâ€°quato-guinÃƒÂ©en
     got: Ã‰quato-guinÃ©en
 ; [cca2=GQ].flag
Expected: Ã°Å¸â€¡Â¬Ã°Å¸â€¡Â¶
     got: ðŸ‡¬ðŸ‡¶
 ; [cca2=GQ].name.nativeName.fra.common
Expected: GuinÃƒÂ©e ÃƒÂ©quatoriale
     got: GuinÃ©e Ã©quatoriale
 ; [cca2=GQ].name.nativeName.fra.official
Expected: RÃƒÂ©publique de la GuinÃƒÂ©e Ãƒâ€°quatoriale
     got: RÃ©publique de la GuinÃ©e Ã‰quatoriale
 ; [cca2=GQ].name.nativeName.por.common
Expected: GuinÃƒÂ© Equatorial
     got: GuinÃ© Equatorial
 ; [cca2=GQ].name.nativeName.por.official
Expected: RepÃƒÂºblica da GuinÃƒÂ© Equatorial
     got: RepÃºblica da GuinÃ© Equatorial
 ; [cca2=GQ].name.nativeName.spa.official
Expected: RepÃƒÂºblica de Guinea Ecuatorial
     got: RepÃºblica de Guinea Ecuatorial
 ; [cca2=GQ].translations.ara.common
Expected: Ã˜ÂºÃ™Å Ã™â€ Ã™Å Ã˜Â§ Ã˜Â§Ã™â€žÃ˜Â§Ã˜Â³Ã˜ÂªÃ™Ë†Ã˜Â§Ã˜Â¦Ã™Å Ã˜Â©
     got: ØºÙŠÙ†ÙŠØ§ Ø§Ù„Ø§Ø³ØªÙˆØ§Ø¦ÙŠØ©
 ; [cca2=GQ].translations.ara.official
Expected: Ã˜Â¬Ã™â€¦Ã™â€¡Ã™Ë†Ã˜Â±Ã™Å Ã˜Â© Ã˜ÂºÃ™Å Ã™â€ Ã™Å Ã˜Â§ Ã˜Â§Ã™â€žÃ˜Â§Ã˜Â³Ã˜ÂªÃ™Ë†Ã˜Â§Ã˜Â¦Ã™Å Ã˜Â©
     got: Ø¬Ù…Ù‡ÙˆØ±ÙŠØ© ØºÙŠÙ†ÙŠØ§ Ø§Ù„Ø§Ø³ØªÙˆØ§Ø¦ÙŠØ©
 ; [cca2=GQ].translations.ces.common
Expected: RovnÃƒÂ­kovÃƒÂ¡ Guinea
     got: RovnÃ­kovÃ¡ Guinea
 ; [cca2=GQ].translations.ces.official
Expected: Republika RovnÃƒÂ­kovÃƒÂ¡ Guinea
     got: Republika RovnÃ­kovÃ¡ Guinea
 ; [cca2=GQ].translations.deu.common
Expected: Ãƒâ€žquatorialguinea
     got: Ã„quatorialguinea
 ; [cca2=GQ].translations.deu.official
Expected: Republik Ãƒâ€žquatorialguinea
     got: Republik Ã„quatorialguinea
 ; [cca2=GQ].translations.fin.common
Expected: PÃƒÂ¤ivÃƒÂ¤ntasaajan Guinea
     got: PÃ¤ivÃ¤ntasaajan Guinea
 ; [cca2=GQ].translations.fin.official
Expected: PÃƒÂ¤ivÃƒÂ¤ntasaajan Guinean tasavalta
     got: PÃ¤ivÃ¤ntasaajan Guinean tasavalta
 ; [cca2=GQ].translations.fra.common
Expected: GuinÃƒÂ©e ÃƒÂ©quatoriale
     got: GuinÃ©e Ã©quatoriale
 ; [cca2=GQ].translations.fra.official
Expected: RÃƒÂ©publique de GuinÃƒÂ©e ÃƒÂ©quatoriale
     got: RÃ©publique de GuinÃ©e Ã©quatoriale
 ; [cca2=GQ].translations.hun.common
Expected: EgyenlÃƒÂ­tÃ…â€˜i-Guinea
     got: EgyenlÃ­tÅ‘i-Guinea
 ; [cca2=GQ].translations.hun.official
Expected: EgyenlÃƒÂ­tÃ…â€˜i-Guinea-i KÃƒÂ¶ztÃƒÂ¡rsasÃƒÂ¡g
     got: EgyenlÃ­tÅ‘i-Guinea-i KÃ¶ztÃ¡rsasÃ¡g
 ; [cca2=GQ].translations.jpn.common
Expected: Ã¨ÂµÂ¤Ã©ï¿½â€œÃ£â€šÂ®Ã£Æ’â€¹Ã£â€šÂ¢
     got: èµ¤é�“ã‚®ãƒ‹ã‚¢
 ; [cca2=GQ].translations.jpn.official
Expected: Ã¨ÂµÂ¤Ã©ï¿½â€œÃ£â€šÂ®Ã£Æ’â€¹Ã£â€šÂ¢Ã¥â€¦Â±Ã¥â€™Å’Ã¥â€ºÂ½
     got: èµ¤é�“ã‚®ãƒ‹ã‚¢å…±å’Œå›½
 ; [cca2=GQ].translations.kor.common
Expected: Ã¬Â ï¿½Ã«ï¿½â€ž ÃªÂ¸Â°Ã«â€¹Ë†
     got: ì �ë�„ ê¸°ë‹ˆ
 ; [cca2=GQ].translations.kor.official
Expected: Ã¬Â ï¿½Ã«ï¿½â€ž ÃªÂ¸Â°Ã«â€¹Ë† ÃªÂ³ÂµÃ­â„¢â€�ÃªÂµÂ­
     got: ì �ë�„ ê¸°ë‹ˆ ê³µí™”êµ­
 ; [cca2=GQ].translations.per.common
Expected: ÃšÂ¯Ã›Å’Ã™â€ Ã™â€¡ Ã˜Â§Ã˜Â³Ã˜ÂªÃ™Ë†Ã˜Â§Ã›Å’Ã›Å’
     got: Ú¯ÛŒÙ†Ù‡ Ø§Ø³ØªÙˆØ§ÛŒÛŒ
 ; [cca2=GQ].translations.per.official
Expected: Ã˜Â¬Ã™â€¦Ã™â€¡Ã™Ë†Ã˜Â±Ã›Å’ ÃšÂ¯Ã›Å’Ã™â€ Ã™â€¡ Ã˜Â§Ã˜Â³Ã˜ÂªÃ™Ë†Ã˜Â§Ã›Å’Ã›Å’
     got: Ø¬Ù…Ù‡ÙˆØ±ÛŒ Ú¯ÛŒÙ†Ù‡ Ø§Ø³ØªÙˆØ§ÛŒÛŒ
 ; [cca2=GQ].translations.pol.common
Expected: Gwinea RÃƒÂ³wnikowa
     got: Gwinea RÃ³wnikowa
 ; [cca2=GQ].translations.pol.official
Expected: Republika Gwinei RÃƒÂ³wnikowej
     got: Republika Gwinei RÃ³wnikowej
 ; [cca2=GQ].translations.por.common
Expected: GuinÃƒÂ© Equatorial
     got: GuinÃ© Equatorial
 ; [cca2=GQ].translations.por.official
Expected: RepÃƒÂºblica da GuinÃƒÂ© Equatorial
     got: RepÃºblica da GuinÃ© Equatorial
 ; [cca2=GQ].translations.rus.common
Expected: Ã�Â­Ã�ÂºÃ�Â²Ã�Â°Ã‘â€šÃ�Â¾Ã‘â‚¬Ã�Â¸Ã�Â°Ã�Â»Ã‘Å’Ã�Â½Ã�Â°Ã‘ï¿½ Ã�â€œÃ�Â²Ã�Â¸Ã�Â½Ã�ÂµÃ‘ï¿½
     got: Ð­ÐºÐ²Ð°Ñ‚Ð¾Ñ€Ð¸Ð°Ð»ÑŒÐ½Ð°Ñ� Ð“Ð²Ð¸Ð½ÐµÑ�
 ; [cca2=GQ].translations.rus.official
Expected: Ã�Â Ã�ÂµÃ‘ï¿½Ã�Â¿Ã‘Æ’Ã�Â±Ã�Â»Ã�Â¸Ã�ÂºÃ�Â° Ã�Â­Ã�ÂºÃ�Â²Ã�Â°Ã‘â€šÃ�Â¾Ã‘â‚¬Ã�Â¸Ã�Â°Ã�Â»Ã‘Å’Ã�Â½Ã�Â°Ã‘ï¿½ Ã�â€œÃ�Â²Ã�Â¸Ã�Â½Ã�ÂµÃ‘ï¿½
     got: Ð ÐµÑ�Ð¿ÑƒÐ±Ð»Ð¸ÐºÐ° Ð­ÐºÐ²Ð°Ñ‚Ð¾Ñ€Ð¸Ð°Ð»ÑŒÐ½Ð°Ñ� Ð“Ð²Ð¸Ð½ÐµÑ�
 ; [cca2=GQ].translations.slk.common
Expected: RovnÃƒÂ­kovÃƒÂ¡ Guinea
     got: RovnÃ­kovÃ¡ Guinea
 ; [cca2=GQ].translations.slk.official
Expected: Republika rovnÃƒÂ­kovej Guiney
     got: Republika rovnÃ­kovej Guiney
 ; [cca2=GQ].translations.spa.official
Expected: RepÃƒÂºblica de Guinea Ecuatorial
     got: RepÃºblica de Guinea Ecuatorial
 ; [cca2=GQ].translations.srp.common
Expected: Ã�â€¢Ã�ÂºÃ�Â²Ã�Â°Ã‘â€šÃ�Â¾Ã‘â‚¬Ã�Â¸Ã‘ËœÃ�Â°Ã�Â»Ã�Â½Ã�Â° Ã�â€œÃ�Â²Ã�Â¸Ã�Â½Ã�ÂµÃ‘ËœÃ�Â°
     got: Ð•ÐºÐ²Ð°Ñ‚Ð¾Ñ€Ð¸Ñ˜Ð°Ð»Ð½Ð° Ð“Ð²Ð¸Ð½ÐµÑ˜Ð°
 ; [cca2=GQ].translations.srp.official
Expected: Ã�Â Ã�ÂµÃ�Â¿Ã‘Æ’Ã�Â±Ã�Â»Ã�Â¸Ã�ÂºÃ�Â° Ã�â€¢Ã�ÂºÃ�Â²Ã�Â°Ã‘â€šÃ�Â¾Ã‘â‚¬Ã�Â¸Ã‘ËœÃ�Â°Ã�Â»Ã�Â½Ã�Â° Ã�â€œÃ�Â²Ã�Â¸Ã�Â½Ã�ÂµÃ‘ËœÃ�Â°
     got: Ð ÐµÐ¿ÑƒÐ±Ð»Ð¸ÐºÐ° Ð•ÐºÐ²Ð°Ñ‚Ð¾Ñ€Ð¸Ñ˜Ð°Ð»Ð½Ð° Ð“Ð²Ð¸Ð½ÐµÑ˜Ð°
 ; [cca2=GQ].translations.urd.common
Expected: Ã˜Â§Ã˜Â³Ã˜ÂªÃ™Ë†Ã˜Â§Ã˜Â¦Ã›Å’ ÃšÂ¯Ã™â€ Ã›Å’
     got: Ø§Ø³ØªÙˆØ§Ø¦ÛŒ Ú¯Ù†ÛŒ
 ; [cca2=GQ].translations.urd.official
Expected: Ã˜Â¬Ã™â€¦Ã›ï¿½Ã™Ë†Ã˜Â±Ã›Å’Ã›ï¿½ Ã˜Â§Ã˜Â³Ã˜ÂªÃ™Ë†Ã˜Â§Ã˜Â¦Ã›Å’ ÃšÂ¯Ã™â€ Ã›Å’
     got: Ø¬Ù…Û�ÙˆØ±ÛŒÛ� Ø§Ø³ØªÙˆØ§Ø¦ÛŒ Ú¯Ù†ÛŒ
 ; [cca2=GQ].translations.zho.common
Expected: Ã¨ÂµÂ¤Ã©ï¿½â€œÃ¥â€¡Â Ã¥â€ â€¦Ã¤ÂºÅ¡
     got: èµ¤é�“å‡ å†…äºš
 ; [cca2=GQ].translations.zho.official
Expected: Ã¨ÂµÂ¤Ã©ï¿½â€œÃ¥â€¡Â Ã¥â€ â€¦Ã¤ÂºÅ¡Ã¥â€¦Â±Ã¥â€™Å’Ã¥â€ºÂ½
     got: èµ¤é�“å‡ å†…äºšå…±å’Œå›½
 ; [cca2=GR].altSpellings[]
Expected: ÃŽâ€¢ÃŽÂ»ÃŽÂ»ÃŽÂ·ÃŽÂ½ÃŽÂ¹ÃŽÂºÃŽÂ® ÃŽâ€�ÃŽÂ·ÃŽÂ¼ÃŽÂ¿ÃŽÂºÃ�ï¿½ÃŽÂ±Ã�â€žÃŽÂ¯ÃŽÂ±
     but none found
 ; [cca2=GR].altSpellings[]
Expected: EllÃƒÂ¡da
     but none found
 ; [cca2=GR].altSpellings[]
Unexpected: EllÃ¡da
 ; [cca2=GR].altSpellings[]
Unexpected: Î•Î»Î»Î·Î½Î¹ÎºÎ® Î”Î·Î¼Î¿ÎºÏ�Î±Ï„Î¯Î±
 ; [cca2=GR].currencies.EUR.symbol
Expected: Ã¢â€šÂ¬
     got: â‚¬
 ; [cca2=GR].flag
Expected: Ã°Å¸â€¡Â¬Ã°Å¸â€¡Â·
     got: ðŸ‡¬ðŸ‡·
 ; [cca2=GR].name.nativeName.ell.common
Expected: ÃŽâ€¢ÃŽÂ»ÃŽÂ»ÃŽÂ¬ÃŽÂ´ÃŽÂ±
     got: Î•Î»Î»Î¬Î´Î±
 ; [cca2=GR].name.nativeName.ell.official
Expected: ÃŽâ€¢ÃŽÂ»ÃŽÂ»ÃŽÂ·ÃŽÂ½ÃŽÂ¹ÃŽÂºÃŽÂ® ÃŽâ€�ÃŽÂ·ÃŽÂ¼ÃŽÂ¿ÃŽÂºÃ�ï¿½ÃŽÂ±Ã�â€žÃŽÂ¯ÃŽÂ±
     got: Î•Î»Î»Î·Î½Î¹ÎºÎ® Î”Î·Î¼Î¿ÎºÏ�Î±Ï„Î¯Î±
 ; [cca2=GR].translations.ara.common
Expected: Ã˜Â§Ã™â€žÃ™Å Ã™Ë†Ã™â€ Ã˜Â§Ã™â€ 
     got: Ø§Ù„ÙŠÙˆÙ†Ø§Ù†
 ; [cca2=GR].translations.ara.official
Expected: Ã˜Â§Ã™â€žÃ˜Â¬Ã™â€¦Ã™â€¡Ã™Ë†Ã˜Â±Ã™Å Ã˜Â© Ã˜Â§Ã™â€žÃ™â€¡Ã™Å Ã™â€žÃ™Å Ã™â€ Ã™Å Ã˜Â©
     got: Ø§Ù„Ø¬Ù…Ù‡ÙˆØ±ÙŠØ© Ø§Ù„Ù‡ÙŠÙ„ÙŠÙ†ÙŠØ©
 ; [cca2=GR].translations.ces.common
Expected: Ã…Ëœecko
     got: Å˜ecko
 ; [cca2=GR].translations.ces.official
Expected: Ã…ËœeckÃƒÂ¡ republika
     got: Å˜eckÃ¡ republika
 ; [cca2=GR].translations.fra.common
Expected: GrÃƒÂ¨ce
     got: GrÃ¨ce
 ; [cca2=GR].translations.fra.official
Expected: RÃƒÂ©publique hellÃƒÂ©nique
     got: RÃ©publique hellÃ©nique
 ; [cca2=GR].translations.hrv.common
Expected: GrÃ„ï¿½ka
     got: GrÄ�ka
 ; [cca2=GR].translations.hun.common
Expected: GÃƒÂ¶rÃƒÂ¶gorszÃƒÂ¡g
     got: GÃ¶rÃ¶gorszÃ¡g
 ; [cca2=GR].translations.hun.official
Expected: GÃƒÂ¶rÃƒÂ¶g KÃƒÂ¶ztÃƒÂ¡rsasÃƒÂ¡g
     got: GÃ¶rÃ¶g KÃ¶ztÃ¡rsasÃ¡g
 ; [cca2=GR].translations.jpn.common
Expected: Ã£â€šÂ®Ã£Æ’ÂªÃ£â€šÂ·Ã£Æ’Â£
     got: ã‚®ãƒªã‚·ãƒ£
 ; [cca2=GR].translations.jpn.official
Expected: Ã£â€šÂ®Ã£Æ’ÂªÃ£â€šÂ·Ã£Æ’Â£Ã¥â€¦Â±Ã¥â€™Å’Ã¥â€ºÂ½
     got: ã‚®ãƒªã‚·ãƒ£å…±å’Œå›½
 ; [cca2=GR].translations.kor.common
Expected: ÃªÂ·Â¸Ã«Â¦Â¬Ã¬Å Â¤
     got: ê·¸ë¦¬ìŠ¤
 ; [cca2=GR].translations.kor.official
Expected: ÃªÂ·Â¸Ã«Â¦Â¬Ã¬Å Â¤ ÃªÂ³ÂµÃ­â„¢â€�ÃªÂµÂ­
     got: ê·¸ë¦¬ìŠ¤ ê³µí™”êµ­
 ; [cca2=GR].translations.per.common
Expected: Ã›Å’Ã™Ë†Ã™â€ Ã˜Â§Ã™â€ 
     got: ÛŒÙˆÙ†Ø§Ù†
 ; [cca2=GR].translations.per.official
Expected: Ã˜Â¬Ã™â€¦Ã™â€¡Ã™Ë†Ã˜Â±Ã›Å’ Ã›Å’Ã™Ë†Ã™â€ Ã˜Â§Ã™â€ 
     got: Ø¬Ù…Ù‡ÙˆØ±ÛŒ ÛŒÙˆÙ†Ø§Ù†
 ; [cca2=GR].translations.por.common
Expected: GrÃƒÂ©cia
     got: GrÃ©cia
 ; [cca2=GR].translations.por.official
Expected: RepÃƒÂºblica HelÃƒÂ©nica
     got: RepÃºblica HelÃ©nica
 ; [cca2=GR].translations.rus.common
Expected: Ã�â€œÃ‘â‚¬Ã�ÂµÃ‘â€ Ã�Â¸Ã‘ï¿½
     got: Ð“Ñ€ÐµÑ†Ð¸Ñ�
 ; [cca2=GR].translations.rus.official
Expected: Ã�â€œÃ‘â‚¬Ã�ÂµÃ‘â€¡Ã�ÂµÃ‘ï¿½Ã�ÂºÃ�Â°Ã‘ï¿½ Ã�Â Ã�ÂµÃ‘ï¿½Ã�Â¿Ã‘Æ’Ã�Â±Ã�Â»Ã�Â¸Ã�ÂºÃ�Â°
     got: Ð“Ñ€ÐµÑ‡ÐµÑ�ÐºÐ°Ñ� Ð ÐµÑ�Ð¿ÑƒÐ±Ð»Ð¸ÐºÐ°
 ; [cca2=GR].translations.slk.common
Expected: GreÃƒÂ©cko
     got: GreÃ©cko
 ; [cca2=GR].translations.slk.official
Expected: GrÃƒÂ©cka republika
     got: GrÃ©cka republika
 ; [cca2=GR].translations.spa.official
Expected: RepÃƒÂºblica HelÃƒÂ©nica
     got: RepÃºblica HelÃ©nica
 ; [cca2=GR].translations.srp.common
Expected: Ã�â€œÃ‘â‚¬Ã‘â€¡Ã�ÂºÃ�Â°
     got: Ð“Ñ€Ñ‡ÐºÐ°
 ; [cca2=GR].translations.srp.official
Expected: Ã�Â¥Ã�ÂµÃ�Â»Ã�ÂµÃ�Â½Ã‘ï¿½Ã�ÂºÃ�Â° Ã�Â Ã�ÂµÃ�Â¿Ã‘Æ’Ã�Â±Ã�Â»Ã�Â¸Ã�ÂºÃ�Â°
     got: Ð¥ÐµÐ»ÐµÐ½Ñ�ÐºÐ° Ð ÐµÐ¿ÑƒÐ±Ð»Ð¸ÐºÐ°
 ; [cca2=GR].translations.urd.common
Expected: Ã›Å’Ã™Ë†Ã™â€ Ã˜Â§Ã™â€ 
     got: ÛŒÙˆÙ†Ø§Ù†
 ; [cca2=GR].translations.urd.official
Expected: Ã˜Â¬Ã™â€¦Ã›ï¿½Ã™Ë†Ã˜Â±Ã›Å’Ã›ï¿½ Ã›ï¿½Ã›Å’Ã™â€žÃ›Å’Ã™â€ Ã›Å’Ã›ï¿½
     got: Ø¬Ù…Û�ÙˆØ±ÛŒÛ� Û�ÛŒÙ„ÛŒÙ†ÛŒÛ�
 ; [cca2=GR].translations.zho.common
Expected: Ã¥Â¸Å’Ã¨â€¦Å 
     got: å¸Œè…Š
 ; [cca2=GR].translations.zho.official
Expected: Ã¥Â¸Å’Ã¨â€¦Å Ã¥â€¦Â±Ã¥â€™Å’Ã¥â€ºÂ½
     got: å¸Œè…Šå…±å’Œå›½
 ; [cca2=GS].currencies.SHP.symbol
Expected: Ã‚Â£
     got: Â£
 ; [cca2=GS].flag
Expected: Ã°Å¸â€¡Â¬Ã°Å¸â€¡Â¸
     got: ðŸ‡¬ðŸ‡¸
 ; [cca2=GS].translations.ara.common
Expected: Ã˜Â¬Ã™Ë†Ã˜Â±Ã˜Â¬Ã™Å Ã˜Â§ Ã˜Â§Ã™â€žÃ˜Â¬Ã™â€ Ã™Ë†Ã˜Â¨Ã™Å Ã˜Â©
     got: Ø¬ÙˆØ±Ø¬ÙŠØ§ Ø§Ù„Ø¬Ù†ÙˆØ¨ÙŠØ©
 ; [cca2=GS].translations.ara.official
Expected: Ã˜Â¬Ã™Ë†Ã˜Â±Ã˜Â¬Ã™Å Ã˜Â§ Ã˜Â§Ã™â€žÃ˜Â¬Ã™â€ Ã™Ë†Ã˜Â¨Ã™Å Ã˜Â© Ã™Ë†Ã˜Â¬Ã˜Â²Ã˜Â± Ã˜Â³Ã˜Â§Ã™â€ Ã˜Â¯Ã™Ë†Ã˜ÂªÃ˜Â´ Ã˜Â§Ã™â€žÃ˜Â¬Ã™â€ Ã™Ë†Ã˜Â¨Ã™Å Ã˜Â©
     got: Ø¬ÙˆØ±Ø¬ÙŠØ§ Ø§Ù„Ø¬Ù†ÙˆØ¨ÙŠØ© ÙˆØ¬Ø²Ø± Ø³Ø§Ù†Ø¯ÙˆØªØ´ Ø§Ù„Ø¬Ù†ÙˆØ¨ÙŠØ©
 ; [cca2=GS].translations.ces.common
Expected: JiÃ…Â¾nÃƒÂ­ Georgie a JiÃ…Â¾nÃƒÂ­ Sandwichovy ostrovy
     got: JiÅ¾nÃ­ Georgie a JiÅ¾nÃ­ Sandwichovy ostrovy
 ; [cca2=GS].translations.ces.official
Expected: JiÃ…Â¾nÃƒÂ­ Georgie a JiÃ…Â¾nÃƒÂ­ Sandwichovy ostrovy
     got: JiÅ¾nÃ­ Georgie a JiÅ¾nÃ­ Sandwichovy ostrovy
 ; [cca2=GS].translations.deu.common
Expected: SÃƒÂ¼dgeorgien und die SÃƒÂ¼dlichen Sandwichinseln
     got: SÃ¼dgeorgien und die SÃ¼dlichen Sandwichinseln
 ; [cca2=GS].translations.deu.official
Expected: SÃƒÂ¼dgeorgien und die SÃƒÂ¼dlichen Sandwichinseln
     got: SÃ¼dgeorgien und die SÃ¼dlichen Sandwichinseln
 ; [cca2=GS].translations.est.common
Expected: LÃƒÂµuna-Georgia ja LÃƒÂµuna-Sandwichi saared
     got: LÃµuna-Georgia ja LÃµuna-Sandwichi saared
 ; [cca2=GS].translations.est.official
Expected: LÃƒÂµuna-Georgia ja LÃƒÂµuna-Sandwichi saared
     got: LÃµuna-Georgia ja LÃµuna-Sandwichi saared
 ; [cca2=GS].translations.fin.common
Expected: EtelÃƒÂ¤-Georgia ja EtelÃƒÂ¤iset Sandwichsaaret
     got: EtelÃ¤-Georgia ja EtelÃ¤iset Sandwichsaaret
 ; [cca2=GS].translations.fin.official
Expected: EtelÃƒÂ¤-Georgia ja EtelÃƒÂ¤iset Sandwichsaaret
     got: EtelÃ¤-Georgia ja EtelÃ¤iset Sandwichsaaret
 ; [cca2=GS].translations.fra.common
Expected: GÃƒÂ©orgie du Sud-et-les ÃƒÅ½les Sandwich du Sud
     got: GÃ©orgie du Sud-et-les ÃŽles Sandwich du Sud
 ; [cca2=GS].translations.fra.official
Expected: GÃƒÂ©orgie du Sud et les ÃƒÂ®les Sandwich du Sud
     got: GÃ©orgie du Sud et les Ã®les Sandwich du Sud
 ; [cca2=GS].translations.hrv.common
Expected: JuÃ…Â¾na Georgija i otoÃ„ï¿½je JuÃ…Â¾ni Sandwich
     got: JuÅ¾na Georgija i otoÄ�je JuÅ¾ni Sandwich
 ; [cca2=GS].translations.hrv.official
Expected: JuÃ…Â¾na DÃ…Â¾ordÃ…Â¾ija i Otoci JuÃ…Â¾ni SendviÃ„ï¿½
     got: JuÅ¾na DÅ¾ordÅ¾ija i Otoci JuÅ¾ni SendviÄ�
 ; [cca2=GS].translations.hun.common
Expected: DÃƒÂ©li-Georgia ÃƒÂ©s DÃƒÂ©li-Sandwich-szigetek
     got: DÃ©li-Georgia Ã©s DÃ©li-Sandwich-szigetek
 ; [cca2=GS].translations.hun.official
Expected: DÃƒÂ©li-Georgia ÃƒÂ©s DÃƒÂ©li-Sandwich-szigetek
     got: DÃ©li-Georgia Ã©s DÃ©li-Sandwich-szigetek
 ; [cca2=GS].translations.jpn.common
Expected: Ã£â€šÂµÃ£â€šÂ¦Ã£â€šÂ¹Ã£â€šÂ¸Ã£Æ’Â§Ã£Æ’Â¼Ã£â€šÂ¸Ã£â€šÂ¢Ã£Æ’Â»Ã£â€šÂµÃ£â€šÂ¦Ã£â€šÂ¹Ã£â€šÂµÃ£Æ’Â³Ã£Æ’â€°Ã£â€šÂ¦Ã£â€šÂ£Ã£Æ’Æ’Ã£Æ’ï¿½Ã¨Â«Â¸Ã¥Â³Â¶
     got: ã‚µã‚¦ã‚¹ã‚¸ãƒ§ãƒ¼ã‚¸ã‚¢ãƒ»ã‚µã‚¦ã‚¹ã‚µãƒ³ãƒ‰ã‚¦ã‚£ãƒƒãƒ�è«¸å³¶
 ; [cca2=GS].translations.jpn.official
Expected: Ã£â€šÂµÃ£â€šÂ¦Ã£â€šÂ¹Ã£â€šÂ¸Ã£Æ’Â§Ã£Æ’Â¼Ã£â€šÂ¸Ã£â€šÂ¢Ã‚Â·Ã£â€šÂµÃ£â€šÂ¦Ã£â€šÂ¹Ã£â€šÂµÃ£Æ’Â³Ã£Æ’â€°Ã£â€šÂ¦Ã£â€šÂ£Ã£Æ’Æ’Ã£Æ’ï¿½Ã¨Â«Â¸Ã¥Â³Â¶
     got: ã‚µã‚¦ã‚¹ã‚¸ãƒ§ãƒ¼ã‚¸ã‚¢Â·ã‚µã‚¦ã‚¹ã‚µãƒ³ãƒ‰ã‚¦ã‚£ãƒƒãƒ�è«¸å³¶
 ; [cca2=GS].translations.kor.common
Expected: Ã¬Â¡Â°Ã¬Â§â‚¬Ã¬â€¢â€ž
     got: ì¡°ì§€ì•„
 ; [cca2=GS].translations.kor.official
Expected: Ã¬Â¡Â°Ã¬Â§â‚¬Ã¬â€¢â€ž
     got: ì¡°ì§€ì•„
 ; [cca2=GS].translations.nld.official
Expected: Zuid-GeorgiÃƒÂ« en de Zuidelijke Sandwich-eilanden
     got: Zuid-GeorgiÃ« en de Zuidelijke Sandwich-eilanden
 ; [cca2=GS].translations.per.common
Expected: Ã˜Â¬Ã˜Â²Ã˜Â§Ã›Å’Ã˜Â± Ã˜Â¬Ã™Ë†Ã˜Â±Ã˜Â¬Ã›Å’Ã˜Â§Ã›Å’ Ã˜Â¬Ã™â€ Ã™Ë†Ã˜Â¨Ã›Å’ Ã™Ë† Ã˜Â³Ã˜Â§Ã™â€ Ã˜Â¯Ã™Ë†Ã›Å’Ãšâ€  Ã˜Â¬Ã™â€ Ã™Ë†Ã˜Â¨Ã›Å’
     got: Ø¬Ø²Ø§ÛŒØ± Ø¬ÙˆØ±Ø¬ÛŒØ§ÛŒ Ø¬Ù†ÙˆØ¨ÛŒ Ùˆ Ø³Ø§Ù†Ø¯ÙˆÛŒÚ† Ø¬Ù†ÙˆØ¨ÛŒ
 ; [cca2=GS].translations.per.official
Expected: Ã˜Â¬Ã˜Â²Ã˜Â§Ã›Å’Ã˜Â± Ã˜Â¬Ã™Ë†Ã˜Â±Ã˜Â¬Ã›Å’Ã˜Â§Ã›Å’ Ã˜Â¬Ã™â€ Ã™Ë†Ã˜Â¨Ã›Å’ Ã™Ë† Ã˜Â³Ã˜Â§Ã™â€ Ã˜Â¯Ã™Ë†Ã›Å’Ãšâ€  Ã˜Â¬Ã™â€ Ã™Ë†Ã˜Â¨Ã›Å’
     got: Ø¬Ø²Ø§ÛŒØ± Ø¬ÙˆØ±Ø¬ÛŒØ§ÛŒ Ø¬Ù†ÙˆØ¨ÛŒ Ùˆ Ø³Ø§Ù†Ø¯ÙˆÛŒÚ† Ø¬Ù†ÙˆØ¨ÛŒ
 ; [cca2=GS].translations.pol.common
Expected: Georgia PoÃ…â€šudniowa i Sandwich PoÃ…â€šudniowy
     got: Georgia PoÅ‚udniowa i Sandwich PoÅ‚udniowy
 ; [cca2=GS].translations.pol.official
Expected: Georgia PoÃ…â€šudniowa i Sandwich PoÃ…â€šudniowy
     got: Georgia PoÅ‚udniowa i Sandwich PoÅ‚udniowy
 ; [cca2=GS].translations.por.common
Expected: Ilhas GeÃƒÂ³rgia do Sul e Sandwich do Sul
     got: Ilhas GeÃ³rgia do Sul e Sandwich do Sul
 ; [cca2=GS].translations.por.official
Expected: GeÃƒÂ³rgia do Sul e Sandwich do Sul
     got: GeÃ³rgia do Sul e Sandwich do Sul
 ; [cca2=GS].translations.rus.common
Expected: Ã�Â®Ã�Â¶Ã�Â½Ã�Â°Ã‘ï¿½ Ã�â€œÃ�ÂµÃ�Â¾Ã‘â‚¬Ã�Â³Ã�Â¸Ã‘ï¿½ Ã�Â¸ Ã�Â®Ã�Â¶Ã�Â½Ã‘â€¹Ã�Âµ Ã�Â¡Ã�Â°Ã�Â½Ã�Â´Ã�Â²Ã�Â¸Ã‘â€¡Ã�ÂµÃ�Â²Ã‘â€¹ Ã�Â¾Ã‘ï¿½Ã‘â€šÃ‘â‚¬Ã�Â¾Ã�Â²Ã�Â°
     got: Ð®Ð¶Ð½Ð°Ñ� Ð“ÐµÐ¾Ñ€Ð³Ð¸Ñ� Ð¸ Ð®Ð¶Ð½Ñ‹Ðµ Ð¡Ð°Ð½Ð´Ð²Ð¸Ñ‡ÐµÐ²Ñ‹ Ð¾Ñ�Ñ‚Ñ€Ð¾Ð²Ð°
 ; [cca2=GS].translations.rus.official
Expected: Ã�Â®Ã�Â¶Ã�Â½Ã�Â°Ã‘ï¿½ Ã�â€œÃ�ÂµÃ�Â¾Ã‘â‚¬Ã�Â³Ã�Â¸Ã‘ï¿½ Ã�Â¸ Ã�Â®Ã�Â¶Ã�Â½Ã‘â€¹Ã�Âµ Ã�Â¡Ã�Â°Ã�Â½Ã�Â´Ã�Â²Ã�Â¸Ã‘â€¡Ã�ÂµÃ�Â²Ã‘â€¹ Ã�Â¾Ã‘ï¿½Ã‘â€šÃ‘â‚¬Ã�Â¾Ã�Â²Ã�Â°
     got: Ð®Ð¶Ð½Ð°Ñ� Ð“ÐµÐ¾Ñ€Ð³Ð¸Ñ� Ð¸ Ð®Ð¶Ð½Ñ‹Ðµ Ð¡Ð°Ð½Ð´Ð²Ð¸Ñ‡ÐµÐ²Ñ‹ Ð¾Ñ�Ñ‚Ñ€Ð¾Ð²Ð°
 ; [cca2=GS].translations.slk.common
Expected: JuÃ…Â¾nÃƒÂ¡ Georgia a JuÃ…Â¾nÃƒÂ© Sandwichove ostrovy
     got: JuÅ¾nÃ¡ Georgia a JuÅ¾nÃ© Sandwichove ostrovy
 ; [cca2=GS].translations.slk.official
Expected: JuÃ…Â¾nÃƒÂ¡ Georgia a JuÃ…Â¾nÃƒÂ© Sandwichove ostrovy
     got: JuÅ¾nÃ¡ Georgia a JuÅ¾nÃ© Sandwichove ostrovy
 ; [cca2=GS].translations.srp.common
Expected: Ã�Ë†Ã‘Æ’Ã�Â¶Ã�Â½Ã�Â° Ã�ï¿½Ã�Â¾Ã‘â‚¬Ã‘Å¸Ã�Â¸Ã‘ËœÃ�Â° Ã�Â¸ Ã�Ë†Ã‘Æ’Ã�Â¶Ã�Â½Ã�Â° Ã�Â¡Ã�ÂµÃ�Â½Ã�Â´Ã�Â²Ã�Â¸Ã‘â€¡Ã�ÂºÃ�Â° Ã�Å¾Ã‘ï¿½Ã‘â€šÃ‘â‚¬Ã�Â²Ã�Â°
     got: ÐˆÑƒÐ¶Ð½Ð° Ð�Ð¾Ñ€ÑŸÐ¸Ñ˜Ð° Ð¸ ÐˆÑƒÐ¶Ð½Ð° Ð¡ÐµÐ½Ð´Ð²Ð¸Ñ‡ÐºÐ° ÐžÑ�Ñ‚Ñ€Ð²Ð°
 ; [cca2=GS].translations.srp.official
Expected: Ã�Ë†Ã‘Æ’Ã�Â¶Ã�Â½Ã�Â° Ã�ï¿½Ã�Â¾Ã‘â‚¬Ã‘Å¸Ã�Â¸Ã‘ËœÃ�Â° Ã�Â¸ Ã�Ë†Ã‘Æ’Ã�Â¶Ã�Â½Ã�Â° Ã�Â¡Ã�ÂµÃ�Â½Ã�Â´Ã�Â²Ã�Â¸Ã‘â€¡Ã�ÂºÃ�Â° Ã�Å¾Ã‘ï¿½Ã‘â€šÃ‘â‚¬Ã�Â²Ã�Â°
     got: ÐˆÑƒÐ¶Ð½Ð° Ð�Ð¾Ñ€ÑŸÐ¸Ñ˜Ð° Ð¸ ÐˆÑƒÐ¶Ð½Ð° Ð¡ÐµÐ½Ð´Ð²Ð¸Ñ‡ÐºÐ° ÐžÑ�Ñ‚Ñ€Ð²Ð°
 ; [cca2=GS].translations.tur.common
Expected: GÃƒÂ¼ney Georgia ve GÃƒÂ¼ney Sandwich AdalarÃ„Â±
     got: GÃ¼ney Georgia ve GÃ¼ney Sandwich AdalarÄ±
 ; [cca2=GS].translations.tur.official
Expected: GÃƒÂ¼ney Georgia ve GÃƒÂ¼ney Sandwich AdalarÃ„Â±
     got: GÃ¼ney Georgia ve GÃ¼ney Sandwich AdalarÄ±
 ; [cca2=GS].translations.urd.common
Expected: Ã˜Â¬Ã™â€ Ã™Ë†Ã˜Â¨Ã›Å’ Ã˜Â¬Ã˜Â§Ã˜Â±Ã˜Â¬Ã›Å’Ã˜Â§
     got: Ø¬Ù†ÙˆØ¨ÛŒ Ø¬Ø§Ø±Ø¬ÛŒØ§
 ; [cca2=GS].translations.urd.official
Expected: Ã˜Â¬Ã™â€ Ã™Ë†Ã˜Â¨Ã›Å’ Ã˜Â¬Ã˜Â§Ã˜Â±Ã˜Â¬Ã›Å’Ã˜Â§ Ã™Ë† Ã˜Â¬Ã˜Â²Ã˜Â§Ã˜Â¦Ã˜Â± Ã˜Â¬Ã™â€ Ã™Ë†Ã˜Â¨Ã›Å’ Ã˜Â³Ã›Å’Ã™â€ ÃšË†Ã™Ë†Ãšâ€ 
     got: Ø¬Ù†ÙˆØ¨ÛŒ Ø¬Ø§Ø±Ø¬ÛŒØ§ Ùˆ Ø¬Ø²Ø§Ø¦Ø± Ø¬Ù†ÙˆØ¨ÛŒ Ø³ÛŒÙ†ÚˆÙˆÚ†
 ; [cca2=GS].translations.zho.common
Expected: Ã¥ï¿½â€”Ã¤Â¹â€�Ã¦Â²Â»Ã¤ÂºÅ¡
     got: å�—ä¹”æ²»äºš
 ; [cca2=GS].translations.zho.official
Expected: Ã¥ï¿½â€”Ã¤Â¹â€�Ã¦Â²Â»Ã¤ÂºÅ¡Ã¥Â²â€ºÃ¥â€™Å’Ã¥ï¿½â€”Ã¦Â¡â€˜Ã¥Â¨ï¿½Ã¥Â¥â€¡Ã§Â¾Â¤Ã¥Â²â€º
     got: å�—ä¹”æ²»äºšå²›å’Œå�—æ¡‘å¨�å¥‡ç¾¤å²›
 ; [cca2=GT].demonyms.fra.f
Expected: GuatÃƒÂ©maltÃƒÂ¨que
     got: GuatÃ©maltÃ¨que
 ; [cca2=GT].demonyms.fra.m
Expected: GuatÃƒÂ©maltÃƒÂ¨que
     got: GuatÃ©maltÃ¨que
 ; [cca2=GT].flag
Expected: Ã°Å¸â€¡Â¬Ã°Å¸â€¡Â¹
     got: ðŸ‡¬ðŸ‡¹
 ; [cca2=GT].name.nativeName.spa.official
Expected: RepÃƒÂºblica de Guatemala
     got: RepÃºblica de Guatemala
 ; [cca2=GT].translations.ara.common
Expected: Ã˜ÂºÃ™Ë†Ã˜Â§Ã˜ÂªÃ™Å Ã™â€¦Ã˜Â§Ã™â€žÃ˜Â§
     got: ØºÙˆØ§ØªÙŠÙ…Ø§Ù„Ø§
 ; [cca2=GT].translations.ara.official
Expected: Ã˜Â¬Ã™â€¦Ã™â€¡Ã™Ë†Ã˜Â±Ã™Å Ã˜Â© Ã˜ÂºÃ™Ë†Ã˜Â§Ã˜ÂªÃ™Å Ã™â€¦Ã˜Â§Ã™â€žÃ˜Â§
     got: Ø¬Ù…Ù‡ÙˆØ±ÙŠØ© ØºÙˆØ§ØªÙŠÙ…Ø§Ù„Ø§
 ; [cca2=GT].translations.fra.official
Expected: RÃƒÂ©publique du Guatemala
     got: RÃ©publique du Guatemala
 ; [cca2=GT].translations.hun.official
Expected: Guatemalai KÃƒÂ¶ztÃƒÂ¡rsasÃƒÂ¡g
     got: Guatemalai KÃ¶ztÃ¡rsasÃ¡g
 ; [cca2=GT].translations.jpn.common
Expected: Ã£â€šÂ°Ã£â€šÂ¢Ã£Æ’â€ Ã£Æ’Å¾Ã£Æ’Â©
     got: ã‚°ã‚¢ãƒ†ãƒžãƒ©
 ; [cca2=GT].translations.jpn.official
Expected: Ã£â€šÂ°Ã£â€šÂ¢Ã£Æ’â€ Ã£Æ’Å¾Ã£Æ’Â©Ã¥â€¦Â±Ã¥â€™Å’Ã¥â€ºÂ½
     got: ã‚°ã‚¢ãƒ†ãƒžãƒ©å…±å’Œå›½
 ; [cca2=GT].translations.kor.common
Expected: ÃªÂ³Â¼Ã­â€¦Å’Ã«Â§ï¿½Ã«ï¿½Â¼
     got: ê³¼í…Œë§�ë�¼
 ; [cca2=GT].translations.kor.official
Expected: ÃªÂ³Â¼Ã­â€¦Å’Ã«Â§ï¿½Ã«ï¿½Â¼ ÃªÂ³ÂµÃ­â„¢â€�ÃªÂµÂ­
     got: ê³¼í…Œë§�ë�¼ ê³µí™”êµ­
 ; [cca2=GT].translations.per.common
Expected: ÃšÂ¯Ã™Ë†Ã˜Â§Ã˜ÂªÃ™ï¿½Ã™â€¦Ã˜Â§Ã™â€žÃ˜Â§
     got: Ú¯ÙˆØ§ØªÙ�Ù…Ø§Ù„Ø§
 ; [cca2=GT].translations.per.official
Expected: Ã˜Â¬Ã™â€¦Ã™â€¡Ã™Ë†Ã˜Â±Ã›Å’ ÃšÂ¯Ã™Ë†Ã˜Â§Ã˜ÂªÃ™ï¿½Ã™â€¦Ã˜Â§Ã™â€žÃ˜Â§
     got: Ø¬Ù…Ù‡ÙˆØ±ÛŒ Ú¯ÙˆØ§ØªÙ�Ù…Ø§Ù„Ø§
 ; [cca2=GT].translations.por.official
Expected: RepÃƒÂºblica da Guatemala
     got: RepÃºblica da Guatemala
 ; [cca2=GT].translations.rus.common
Expected: Ã�â€œÃ�Â²Ã�Â°Ã‘â€šÃ�ÂµÃ�Â¼Ã�Â°Ã�Â»Ã�Â°
     got: Ð“Ð²Ð°Ñ‚ÐµÐ¼Ð°Ð»Ð°
 ; [cca2=GT].translations.rus.official
Expected: Ã�Â Ã�ÂµÃ‘ï¿½Ã�Â¿Ã‘Æ’Ã�Â±Ã�Â»Ã�Â¸Ã�ÂºÃ�Â° Ã�â€œÃ�Â²Ã�Â°Ã‘â€šÃ�ÂµÃ�Â¼Ã�Â°Ã�Â»Ã�Â°
     got: Ð ÐµÑ�Ð¿ÑƒÐ±Ð»Ð¸ÐºÐ° Ð“Ð²Ð°Ñ‚ÐµÐ¼Ð°Ð»Ð°
 ; [cca2=GT].translations.slk.official
Expected: GuatemalskÃƒÂ¡ republika
     got: GuatemalskÃ¡ republika
 ; [cca2=GT].translations.spa.official
Expected: RepÃƒÂºblica de Guatemala
     got: RepÃºblica de Guatemala
 ; [cca2=GT].translations.srp.common
Expected: Ã�â€œÃ�Â²Ã�Â°Ã‘â€šÃ�ÂµÃ�Â¼Ã�Â°Ã�Â»Ã�Â°
     got: Ð“Ð²Ð°Ñ‚ÐµÐ¼Ð°Ð»Ð°
 ; [cca2=GT].translations.srp.official
Expected: Ã�Â Ã�ÂµÃ�Â¿Ã‘Æ’Ã�Â±Ã�Â»Ã�Â¸Ã�ÂºÃ�Â° Ã�â€œÃ�Â²Ã�Â°Ã‘â€šÃ�ÂµÃ�Â¼Ã�Â°Ã�Â»Ã�Â°
     got: Ð ÐµÐ¿ÑƒÐ±Ð»Ð¸ÐºÐ° Ð“Ð²Ð°Ñ‚ÐµÐ¼Ð°Ð»Ð°
 ; [cca2=GT].translations.urd.common
Expected: ÃšÂ¯Ã™Ë†Ã˜Â§Ã˜ÂªÃ›Å’Ã™â€¦Ã˜Â§Ã™â€žÃ˜Â§
     got: Ú¯ÙˆØ§ØªÛŒÙ…Ø§Ù„Ø§
 ; [cca2=GT].translations.urd.official
Expected: Ã˜Â¬Ã™â€¦Ã›ï¿½Ã™Ë†Ã˜Â±Ã›Å’Ã›ï¿½ ÃšÂ¯Ã™Ë†Ã˜Â§Ã˜ÂªÃ›Å’Ã™â€¦Ã˜Â§Ã™â€žÃ˜Â§
     got: Ø¬Ù…Û�ÙˆØ±ÛŒÛ� Ú¯ÙˆØ§ØªÛŒÙ…Ø§Ù„Ø§
 ; [cca2=GT].translations.zho.common
Expected: Ã¥ï¿½Â±Ã¥Å“Â°Ã©Â©Â¬Ã¦â€¹â€°
     got: å�±åœ°é©¬æ‹‰
 ; [cca2=GT].translations.zho.official
Expected: Ã¥ï¿½Â±Ã¥Å“Â°Ã©Â©Â¬Ã¦â€¹â€°Ã¥â€¦Â±Ã¥â€™Å’Ã¥â€ºÂ½
     got: å�±åœ°é©¬æ‹‰å…±å’Œå›½
 ; [cca2=GU].altSpellings[]
Expected: GuÃƒÂ¥hÃƒÂ¥n
     but none found
 ; [cca2=GU].altSpellings[]
Unexpected: GuÃ¥hÃ¥n
 ; [cca2=GU].capital[]
Expected: HagÃƒÂ¥tÃƒÂ±a
     but none found
 ; [cca2=GU].capital[]
Unexpected: HagÃ¥tÃ±a
 ; [cca2=GU].flag
Expected: Ã°Å¸â€¡Â¬Ã°Å¸â€¡Âº
     got: ðŸ‡¬ðŸ‡º
 ; [cca2=GU].name.nativeName.cha.common
Expected: GuÃƒÂ¥hÃƒÂ¥n
     got: GuÃ¥hÃ¥n
 ; [cca2=GU].name.nativeName.cha.official
Expected: GuÃƒÂ¥hÃƒÂ¥n
     got: GuÃ¥hÃ¥n
 ; [cca2=GU].translations.ara.common
Expected: Ã˜ÂºÃ™Ë†Ã˜Â§Ã™â€¦
     got: ØºÙˆØ§Ù…
 ; [cca2=GU].translations.ara.official
Expected: Ã˜ÂºÃ™Ë†Ã˜Â§Ã™â€¦
     got: ØºÙˆØ§Ù…
 ; [cca2=GU].translations.jpn.common
Expected: Ã£â€šÂ°Ã£â€šÂ¢Ã£Æ’Â 
     got: ã‚°ã‚¢ãƒ 
 ; [cca2=GU].translations.jpn.official
Expected: Ã£â€šÂ°Ã£â€šÂ¢Ã£Æ’Â 
     got: ã‚°ã‚¢ãƒ 
 ; [cca2=GU].translations.kor.common
Expected: ÃªÂ´Å’
     got: ê´Œ
 ; [cca2=GU].translations.kor.official
Expected: ÃªÂ´Å’
     got: ê´Œ
 ; [cca2=GU].translations.per.common
Expected: ÃšÂ¯Ã™Ë†Ã˜Â¢Ã™â€¦
     got: Ú¯ÙˆØ¢Ù…
 ; [cca2=GU].translations.per.official
Expected: ÃšÂ¯Ã™Ë†Ã˜Â¢Ã™â€¦
     got: Ú¯ÙˆØ¢Ù…
 ; [cca2=GU].translations.rus.common
Expected: Ã�â€œÃ‘Æ’Ã�Â°Ã�Â¼
     got: Ð“ÑƒÐ°Ð¼
 ; [cca2=GU].translations.rus.official
Expected: Ã�â€œÃ‘Æ’Ã�Â°Ã�Â¼
     got: Ð“ÑƒÐ°Ð¼
 ; [cca2=GU].translations.srp.common
Expected: Ã�â€œÃ‘Æ’Ã�Â°Ã�Â¼
     got: Ð“ÑƒÐ°Ð¼
 ; [cca2=GU].translations.srp.official
Expected: Ã�â€œÃ‘Æ’Ã�Â°Ã�Â¼
     got: Ð“ÑƒÐ°Ð¼
 ; [cca2=GU].translations.tur.official
Expected: Guam TopraÃ„Å¸Ã„Â±
     got: Guam TopraÄŸÄ±
 ; [cca2=GU].translations.urd.common
Expected: ÃšÂ¯Ã™Ë†Ã˜Â§Ã™â€¦
     got: Ú¯ÙˆØ§Ù…
 ; [cca2=GU].translations.urd.official
Expected: ÃšÂ¯Ã™Ë†Ã˜Â§Ã™â€¦
     got: Ú¯ÙˆØ§Ù…
 ; [cca2=GU].translations.zho.common
Expected: Ã¥â€¦Â³Ã¥Â²â€º
     got: å…³å²›
 ; [cca2=GU].translations.zho.official
Expected: Ã¥â€¦Â³Ã¥Â²â€º
     got: å…³å²›
 ; [cca2=GW].altSpellings[]
Expected: RepÃƒÂºblica da GuinÃƒÂ©-Bissau
     but none found
 ; [cca2=GW].altSpellings[]
Unexpected: RepÃºblica da GuinÃ©-Bissau
 ; [cca2=GW].demonyms.fra.f
Expected: Bissau-GuinÃƒÂ©enne
     got: Bissau-GuinÃ©enne
 ; [cca2=GW].demonyms.fra.m
Expected: Bissau-GuinÃƒÂ©en
     got: Bissau-GuinÃ©en
 ; [cca2=GW].flag
Expected: Ã°Å¸â€¡Â¬Ã°Å¸â€¡Â¼
     got: ðŸ‡¬ðŸ‡¼
 ; [cca2=GW].name.nativeName.por.common
Expected: GuinÃƒÂ©-Bissau
     got: GuinÃ©-Bissau
 ; [cca2=GW].name.nativeName.por.official
Expected: RepÃƒÂºblica da GuinÃƒÂ©-Bissau
     got: RepÃºblica da GuinÃ©-Bissau
 ; [cca2=GW].name.nativeName.pov.common
Expected: GuinÃƒÂ©-Bissau
     got: GuinÃ©-Bissau
 ; [cca2=GW].name.nativeName.pov.official
Expected: RepÃƒÂºblica da GuinÃƒÂ©-Bissau
     got: RepÃºblica da GuinÃ©-Bissau
 ; [cca2=GW].translations.ara.common
Expected: Ã˜ÂºÃ™Å Ã™â€ Ã™Å Ã˜Â§ Ã˜Â¨Ã™Å Ã˜Â³Ã˜Â§Ã™Ë†
     got: ØºÙŠÙ†ÙŠØ§ Ø¨ÙŠØ³Ø§Ùˆ
 ; [cca2=GW].translations.ara.official
Expected: Ã˜Â¬Ã™â€¦Ã™â€¡Ã™Ë†Ã˜Â±Ã™Å Ã˜Â© Ã˜ÂºÃ™Å Ã™â€ Ã™Å Ã˜Â§ Ã˜Â¨Ã™Å Ã˜Â³Ã˜Â§Ã™Ë†
     got: Ø¬Ù…Ù‡ÙˆØ±ÙŠØ© ØºÙŠÙ†ÙŠØ§ Ø¨ÙŠØ³Ø§Ùˆ
 ; [cca2=GW].translations.fra.common
Expected: GuinÃƒÂ©e-Bissau
     got: GuinÃ©e-Bissau
 ; [cca2=GW].translations.fra.official
Expected: RÃƒÂ©publique de GuinÃƒÂ©e-Bissau
     got: RÃ©publique de GuinÃ©e-Bissau
 ; [cca2=GW].translations.hun.official
Expected: Bissau-Guineai KÃƒÂ¶ztÃƒÂ¡rsasÃƒÂ¡g
     got: Bissau-Guineai KÃ¶ztÃ¡rsasÃ¡g
 ; [cca2=GW].translations.jpn.common
Expected: Ã£â€šÂ®Ã£Æ’â€¹Ã£â€šÂ¢Ã£Æ’â€œÃ£â€šÂµÃ£â€šÂ¦
     got: ã‚®ãƒ‹ã‚¢ãƒ“ã‚µã‚¦
 ; [cca2=GW].translations.jpn.official
Expected: Ã£â€šÂ®Ã£Æ’â€¹Ã£â€šÂ¢Ã£Æ’â€œÃ£â€šÂµÃ£â€šÂ¦Ã¥â€¦Â±Ã¥â€™Å’Ã¥â€ºÂ½
     got: ã‚®ãƒ‹ã‚¢ãƒ“ã‚µã‚¦å…±å’Œå›½
 ; [cca2=GW].translations.kor.common
Expected: ÃªÂ¸Â°Ã«â€¹Ë†Ã«Â¹â€žÃ¬â€šÂ¬Ã¬Å¡Â°
     got: ê¸°ë‹ˆë¹„ì‚¬ìš°
 ; [cca2=GW].translations.kor.official
Expected: ÃªÂ¸Â°Ã«â€¹Ë†Ã«Â¹â€žÃ¬â€šÂ¬Ã¬Å¡Â° ÃªÂ³ÂµÃ­â„¢â€�ÃªÂµÂ­
     got: ê¸°ë‹ˆë¹„ì‚¬ìš° ê³µí™”êµ­
 ; [cca2=GW].translations.per.common
Expected: ÃšÂ¯Ã›Å’Ã™â€ Ã™â€¡ Ã˜Â¨Ã›Å’Ã˜Â³Ã˜Â§Ã˜Â¦Ã™Ë†
     got: Ú¯ÛŒÙ†Ù‡ Ø¨ÛŒØ³Ø§Ø¦Ùˆ
 ; [cca2=GW].translations.per.official
Expected: Ã˜Â¬Ã™â€¦Ã™â€¡Ã™Ë†Ã˜Â±Ã›Å’ ÃšÂ¯Ã›Å’Ã™â€ Ã™â€¡ Ã˜Â¨Ã›Å’Ã˜Â³Ã˜Â§Ã˜Â¦Ã™Ë†
     got: Ø¬Ù…Ù‡ÙˆØ±ÛŒ Ú¯ÛŒÙ†Ù‡ Ø¨ÛŒØ³Ø§Ø¦Ùˆ
 ; [cca2=GW].translations.por.common
Expected: GuinÃƒÂ©-Bissau
     got: GuinÃ©-Bissau
 ; [cca2=GW].translations.por.official
Expected: RepÃƒÂºblica da GuinÃƒÂ©-Bissau
     got: RepÃºblica da GuinÃ©-Bissau
 ; [cca2=GW].translations.rus.common
Expected: Ã�â€œÃ�Â²Ã�Â¸Ã�Â½Ã�ÂµÃ‘ï¿½-Ã�â€˜Ã�Â¸Ã‘ï¿½Ã�Â°Ã‘Æ’
     got: Ð“Ð²Ð¸Ð½ÐµÑ�-Ð‘Ð¸Ñ�Ð°Ñƒ
 ; [cca2=GW].translations.rus.official
Expected: Ã�Â Ã�ÂµÃ‘ï¿½Ã�Â¿Ã‘Æ’Ã�Â±Ã�Â»Ã�Â¸Ã�ÂºÃ�Â° Ã�â€œÃ�Â²Ã�Â¸Ã�Â½Ã�ÂµÃ‘ï¿½ -Ã�â€˜Ã�Â¸Ã‘ï¿½Ã�Â°Ã‘Æ’
     got: Ð ÐµÑ�Ð¿ÑƒÐ±Ð»Ð¸ÐºÐ° Ð“Ð²Ð¸Ð½ÐµÑ� -Ð‘Ð¸Ñ�Ð°Ñƒ
 ; [cca2=GW].translations.slk.official
Expected: Guinejsko-bissauskÃƒÂ¡ republika
     got: Guinejsko-bissauskÃ¡ republika
 ; [cca2=GW].translations.spa.common
Expected: Guinea-BisÃƒÂ¡u
     got: Guinea-BisÃ¡u
 ; [cca2=GW].translations.spa.official
Expected: RepÃƒÂºblica de Guinea-Bissau
     got: RepÃºblica de Guinea-Bissau
 ; [cca2=GW].translations.srp.common
Expected: Ã�â€œÃ�Â²Ã�Â¸Ã�Â½Ã�ÂµÃ‘ËœÃ�Â° Ã�â€˜Ã�Â¸Ã‘ï¿½Ã�Â°Ã�Â¾
     got: Ð“Ð²Ð¸Ð½ÐµÑ˜Ð° Ð‘Ð¸Ñ�Ð°Ð¾
 ; [cca2=GW].translations.srp.official
Expected: Ã�Â Ã�ÂµÃ�Â¿Ã‘Æ’Ã�Â±Ã�Â»Ã�Â¸Ã�ÂºÃ�Â° Ã�â€œÃ�Â²Ã�Â¸Ã�Â½Ã�ÂµÃ‘ËœÃ�Â° Ã�â€˜Ã�Â¸Ã‘ï¿½Ã�Â°Ã�Â¾
     got: Ð ÐµÐ¿ÑƒÐ±Ð»Ð¸ÐºÐ° Ð“Ð²Ð¸Ð½ÐµÑ˜Ð° Ð‘Ð¸Ñ�Ð°Ð¾
 ; [cca2=GW].translations.urd.common
Expected: ÃšÂ¯Ã™â€ Ã›Å’ Ã˜Â¨Ã˜Â³Ã˜Â§Ã˜Â¤
     got: Ú¯Ù†ÛŒ Ø¨Ø³Ø§Ø¤
 ; [cca2=GW].translations.urd.official
Expected: Ã˜Â¬Ã™â€¦Ã›ï¿½Ã™Ë†Ã˜Â±Ã›Å’Ã›ï¿½ ÃšÂ¯Ã™â€ Ã›Å’ Ã˜Â¨Ã˜Â³Ã˜Â§Ã˜Â¤
     got: Ø¬Ù…Û�ÙˆØ±ÛŒÛ� Ú¯Ù†ÛŒ Ø¨Ø³Ø§Ø¤
 ; [cca2=GW].translations.zho.common
Expected: Ã¥â€¡Â Ã¥â€ â€¦Ã¤ÂºÅ¡Ã¦Â¯â€�Ã§Â»ï¿½
     got: å‡ å†…äºšæ¯”ç»�
 ; [cca2=GW].translations.zho.official
Expected: Ã¥â€¡Â Ã¥â€ â€¦Ã¤ÂºÅ¡Ã¦Â¯â€�Ã§Â»ï¿½Ã¥â€¦Â±Ã¥â€™Å’Ã¥â€ºÂ½
     got: å‡ å†…äºšæ¯”ç»�å…±å’Œå›½
 ; [cca2=GY].flag
Expected: Ã°Å¸â€¡Â¬Ã°Å¸â€¡Â¾
     got: ðŸ‡¬ðŸ‡¾
 ; [cca2=GY].translations.ara.common
Expected: Ã˜ÂºÃ™Å Ã˜Â§Ã™â€ Ã˜Â§
     got: ØºÙŠØ§Ù†Ø§
 ; [cca2=GY].translations.ara.official
Expected: Ã˜Â¬Ã™â€¦Ã™â€¡Ã™Ë†Ã˜Â±Ã™Å Ã˜Â© Ã˜ÂºÃ™Å Ã˜Â§Ã™â€ Ã˜Â§ Ã˜Â§Ã™â€žÃ˜ÂªÃ˜Â¹Ã˜Â§Ã™Ë†Ã™â€ Ã™Å Ã˜Â©
     got: Ø¬Ù…Ù‡ÙˆØ±ÙŠØ© ØºÙŠØ§Ù†Ø§ Ø§Ù„ØªØ¹Ø§ÙˆÙ†ÙŠØ©
 ; [cca2=GY].translations.ces.official
Expected: KooperativnÃƒÂ­ republika Guyana
     got: KooperativnÃ­ republika Guyana
 ; [cca2=GY].translations.fra.official
Expected: RÃƒÂ©publique coopÃƒÂ©rative de Guyana
     got: RÃ©publique coopÃ©rative de Guyana
 ; [cca2=GY].translations.hun.official
Expected: Guyanai SzÃƒÂ¶vetkezeti KÃƒÂ¶ztÃƒÂ¡rsasÃƒÂ¡g
     got: Guyanai SzÃ¶vetkezeti KÃ¶ztÃ¡rsasÃ¡g
 ; [cca2=GY].translations.jpn.common
Expected: Ã£â€šÂ¬Ã£â€šÂ¤Ã£â€šÂ¢Ã£Æ’Å 
     got: ã‚¬ã‚¤ã‚¢ãƒŠ
 ; [cca2=GY].translations.jpn.official
Expected: Ã£â€šÂ¬Ã£â€šÂ¤Ã£â€šÂ¢Ã£Æ’Å Ã£ï¿½Â®Ã¥ï¿½â€�Ã¥ï¿½Å’Ã¥â€¦Â±Ã¥â€™Å’Ã¥â€ºÂ½
     got: ã‚¬ã‚¤ã‚¢ãƒŠã�®å�”å�Œå…±å’Œå›½
 ; [cca2=GY].translations.kor.common
Expected: ÃªÂ°â‚¬Ã¬ï¿½Â´Ã¬â€¢â€žÃ«â€šËœ
     got: ê°€ì�´ì•„ë‚˜
 ; [cca2=GY].translations.kor.official
Expected: ÃªÂ°â‚¬Ã¬ï¿½Â´Ã¬â€¢â€žÃ«â€šËœ Ã­Ëœâ€˜Ã«ï¿½â„¢ ÃªÂ³ÂµÃ­â„¢â€�ÃªÂµÂ­
     got: ê°€ì�´ì•„ë‚˜ í˜‘ë�™ ê³µí™”êµ­
 ; [cca2=GY].translations.nld.official
Expected: CoÃƒÂ¶peratieve Republiek Guyana
     got: CoÃ¶peratieve Republiek Guyana
 ; [cca2=GY].translations.per.common
Expected: ÃšÂ¯Ã™Ë†Ã›Å’Ã˜Â§Ã™â€ 
     got: Ú¯ÙˆÛŒØ§Ù†
 ; [cca2=GY].translations.per.official
Expected: Ã˜Â¬Ã™â€¦Ã™â€¡Ã™Ë†Ã˜Â±Ã›Å’ Ã˜ÂªÃ˜Â¹Ã˜Â§Ã™Ë†Ã™â€ Ã›Å’ ÃšÂ¯Ã™Ë†Ã›Å’Ã˜Â§Ã™â€ 
     got: Ø¬Ù…Ù‡ÙˆØ±ÛŒ ØªØ¹Ø§ÙˆÙ†ÛŒ Ú¯ÙˆÛŒØ§Ù†
 ; [cca2=GY].translations.por.official
Expected: Co -operative RepÃƒÂºblica da Guiana
     got: Co -operative RepÃºblica da Guiana
 ; [cca2=GY].translations.rus.common
Expected: Ã�â€œÃ�Â°Ã�Â¹Ã�Â°Ã�Â½Ã�Â°
     got: Ð“Ð°Ð¹Ð°Ð½Ð°
 ; [cca2=GY].translations.rus.official
Expected: Ã�Å¡Ã�Â¾Ã�Â¾Ã�Â¿Ã�ÂµÃ‘â‚¬Ã�Â°Ã‘â€šÃ�Â¸Ã�Â²Ã�Â½Ã�Â°Ã‘ï¿½ Ã�Â Ã�ÂµÃ‘ï¿½Ã�Â¿Ã‘Æ’Ã�Â±Ã�Â»Ã�Â¸Ã�ÂºÃ�Â° Ã�â€œÃ�Â°Ã�Â¹Ã�Â°Ã�Â½Ã�Â°
     got: ÐšÐ¾Ð¾Ð¿ÐµÑ€Ð°Ñ‚Ð¸Ð²Ð½Ð°Ñ� Ð ÐµÑ�Ð¿ÑƒÐ±Ð»Ð¸ÐºÐ° Ð“Ð°Ð¹Ð°Ð½Ð°
 ; [cca2=GY].translations.slk.official
Expected: GuyanskÃƒÂ¡ kooperatÃƒÂ­vna republika
     got: GuyanskÃ¡ kooperatÃ­vna republika
 ; [cca2=GY].translations.spa.official
Expected: RepÃƒÂºblica Cooperativa de Guyana
     got: RepÃºblica Cooperativa de Guyana
 ; [cca2=GY].translations.srp.common
Expected: Ã�â€œÃ�Â²Ã�Â°Ã‘ËœÃ�Â°Ã�Â½Ã�Â°
     got: Ð“Ð²Ð°Ñ˜Ð°Ð½Ð°
 ; [cca2=GY].translations.srp.official
Expected: Ã�Å¡Ã�Â¾Ã�Â¾Ã�Â¿Ã�ÂµÃ‘â‚¬Ã�Â°Ã‘â€šÃ�Â¸Ã�Â²Ã�Â½Ã�Â° Ã�Â Ã�ÂµÃ�Â¿Ã‘Æ’Ã�Â±Ã�Â»Ã�Â¸Ã�ÂºÃ�Â° Ã�â€œÃ�Â²Ã�Â°Ã‘ËœÃ�Â°Ã�Â½Ã�Â°
     got: ÐšÐ¾Ð¾Ð¿ÐµÑ€Ð°Ñ‚Ð¸Ð²Ð½Ð° Ð ÐµÐ¿ÑƒÐ±Ð»Ð¸ÐºÐ° Ð“Ð²Ð°Ñ˜Ð°Ð½Ð°
 ; [cca2=GY].translations.urd.common
Expected: ÃšÂ¯Ã›Å’Ã˜Â§Ã™â€ Ã˜Â§
     got: Ú¯ÛŒØ§Ù†Ø§
 ; [cca2=GY].translations.urd.official
Expected: Ã˜ÂªÃ˜Â¹Ã˜Â§Ã™Ë†Ã™â€ Ã›Å’ Ã˜Â¬Ã™â€¦Ã›ï¿½Ã™Ë†Ã˜Â±Ã›Å’Ã›ï¿½ ÃšÂ¯Ã›Å’Ã˜Â§Ã™â€ Ã˜Â§
     got: ØªØ¹Ø§ÙˆÙ†ÛŒ Ø¬Ù…Û�ÙˆØ±ÛŒÛ� Ú¯ÛŒØ§Ù†Ø§
 ; [cca2=GY].translations.zho.common
Expected: Ã¥Å“Â­Ã¤ÂºÅ¡Ã©â€šÂ£
     got: åœ­äºšé‚£
 ; [cca2=GY].translations.zho.official
Expected: Ã¥Å“Â­Ã¤ÂºÅ¡Ã©â€šÂ£Ã¥â€¦Â±Ã¥â€™Å’Ã¥â€ºÂ½
     got: åœ­äºšé‚£å…±å’Œå›½
 ; [cca2=XK].altSpellings[]
Expected: Ã�Â Ã�ÂµÃ�Â¿Ã‘Æ’Ã�Â±Ã�Â»Ã�Â¸Ã�ÂºÃ�Â° Ã�Å¡Ã�Â¾Ã‘ï¿½Ã�Â¾Ã�Â²Ã�Â¾
     but none found
 ; [cca2=XK].altSpellings[]
Unexpected: Ð ÐµÐ¿ÑƒÐ±Ð»Ð¸ÐºÐ° ÐšÐ¾Ñ�Ð¾Ð²Ð¾
 ; [cca2=XK].currencies.EUR.symbol
Expected: Ã¢â€šÂ¬
     got: â‚¬
 ; [cca2=XK].flag
Expected: Ã°Å¸â€¡Â½Ã°Å¸â€¡Â°
     got: ðŸ‡½ðŸ‡°
 ; [cca2=XK].name.nativeName.sqi.official
Expected: Republika e KosovÃƒÂ«s
     got: Republika e KosovÃ«s
 ; [cca2=XK].name.nativeName.srp.common
Expected: Ã�Å¡Ã�Â¾Ã‘ï¿½Ã�Â¾Ã�Â²Ã�Â¾
     got: ÐšÐ¾Ñ�Ð¾Ð²Ð¾
 ; [cca2=XK].name.nativeName.srp.official
Expected: Ã�Â Ã�ÂµÃ�Â¿Ã‘Æ’Ã�Â±Ã�Â»Ã�Â¸Ã�ÂºÃ�Â° Ã�Å¡Ã�Â¾Ã‘ï¿½Ã�Â¾Ã�Â²Ã�Â¾
     got: Ð ÐµÐ¿ÑƒÐ±Ð»Ð¸ÐºÐ° ÐšÐ¾Ñ�Ð¾Ð²Ð¾
 ; [cca2=XK].translations.ara.common
Expected: Ã™Æ’Ã™Ë†Ã˜Â³Ã™Ë†Ã™ï¿½Ã™Ë†
     got: ÙƒÙˆØ³ÙˆÙ�Ùˆ
 ; [cca2=XK].translations.ara.official
Expected: Ã˜Â¬Ã™â€¦Ã™â€¡Ã™Ë†Ã˜Â±Ã™Å Ã˜Â© Ã™Æ’Ã™Ë†Ã˜Â³Ã™Ë†Ã™ï¿½Ã™Ë†
     got: Ø¬Ù…Ù‡ÙˆØ±ÙŠØ© ÙƒÙˆØ³ÙˆÙ�Ùˆ
 ; [cca2=XK].translations.ces.official
Expected: KosovskÃƒÂ¡ republika
     got: KosovskÃ¡ republika
 ; [cca2=XK].translations.fra.official
Expected: RÃƒÂ©publique du Kosovo
     got: RÃ©publique du Kosovo
 ; [cca2=XK].translations.hun.common
Expected: KoszovÃƒÂ³
     got: KoszovÃ³
 ; [cca2=XK].translations.hun.official
Expected: KoszovÃƒÂ³
     got: KoszovÃ³
 ; [cca2=XK].translations.kor.common
Expected: Ã¬Â½â€�Ã¬â€ Å’Ã«Â³Â´
     got: ì½”ì†Œë³´
 ; [cca2=XK].translations.kor.official
Expected: Ã¬Â½â€�Ã¬â€ Å’Ã«Â³Â´ ÃªÂ³ÂµÃ­â„¢â€�ÃªÂµÂ­
     got: ì½”ì†Œë³´ ê³µí™”êµ­
 ; [cca2=XK].translations.per.common
Expected: ÃšÂ©Ã™Ë†Ã˜Â²Ã™Ë†Ã™Ë†
     got: Ú©ÙˆØ²ÙˆÙˆ
 ; [cca2=XK].translations.per.official
Expected: Ã˜Â¬Ã™â€¦Ã™â€¡Ã™Ë†Ã˜Â±Ã›Å’ ÃšÂ©Ã™Ë†Ã˜Â²Ã™Ë†Ã™Ë†
     got: Ø¬Ù…Ù‡ÙˆØ±ÛŒ Ú©ÙˆØ²ÙˆÙˆ
 ; [cca2=XK].translations.por.official
Expected: RepÃƒÂºblica do Kosovo
     got: RepÃºblica do Kosovo
 ; [cca2=XK].translations.rus.common
Expected: Ã�Â Ã�ÂµÃ‘ï¿½Ã�Â¿Ã‘Æ’Ã�Â±Ã�Â»Ã�Â¸Ã�ÂºÃ�Â° Ã�Å¡Ã�Â¾Ã‘ï¿½Ã�Â¾Ã�Â²Ã�Â¾
     got: Ð ÐµÑ�Ð¿ÑƒÐ±Ð»Ð¸ÐºÐ° ÐšÐ¾Ñ�Ð¾Ð²Ð¾
 ; [cca2=XK].translations.rus.official
Expected: Ã�Â Ã�ÂµÃ‘ï¿½Ã�Â¿Ã‘Æ’Ã�Â±Ã�Â»Ã�Â¸Ã�ÂºÃ�Â° Ã�Å¡Ã�Â¾Ã‘ï¿½Ã�Â¾Ã�Â²Ã�Â¾
     got: Ð ÐµÑ�Ð¿ÑƒÐ±Ð»Ð¸ÐºÐ° ÐšÐ¾Ñ�Ð¾Ð²Ð¾
 ; [cca2=XK].translations.spa.official
Expected: RepÃƒÂºblica de Kosovo
     got: RepÃºblica de Kosovo
 ; [cca2=XK].translations.srp.common
Expected: Ã�Å¡Ã�Â¾Ã‘ï¿½Ã�Â¾Ã�Â²Ã�Â¾
     got: ÐšÐ¾Ñ�Ð¾Ð²Ð¾
 ; [cca2=XK].translations.srp.official
Expected: Ã�Â Ã�ÂµÃ�Â¿Ã‘Æ’Ã�Â±Ã�Â»Ã�Â¸Ã�ÂºÃ�Â° Ã�Å¡Ã�Â¾Ã‘ï¿½Ã�Â¾Ã�Â²Ã�Â¾
     got: Ð ÐµÐ¿ÑƒÐ±Ð»Ð¸ÐºÐ° ÐšÐ¾Ñ�Ð¾Ð²Ð¾
 ; [cca2=XK].translations.urd.common
Expected: ÃšÂ©Ã™Ë†Ã˜Â³Ã™Ë†Ã™Ë†Ã›ï¿½
     got: Ú©ÙˆØ³ÙˆÙˆÛ�
 ; [cca2=XK].translations.urd.official
Expected: Ã˜Â¬Ã™â€¦Ã›ï¿½Ã™Ë†Ã˜Â±Ã›Å’Ã›ï¿½ ÃšÂ©Ã™Ë†Ã˜Â³Ã™Ë†Ã™Ë†Ã›ï¿½
     got: Ø¬Ù…Û�ÙˆØ±ÛŒÛ� Ú©ÙˆØ³ÙˆÙˆÛ�
 ; [cca2=XK].translations.zho.common
Expected: Ã§Â§â€˜Ã§Â´Â¢Ã¦Â²Æ’
     got: ç§‘ç´¢æ²ƒ
 ; [cca2=XK].translations.zho.official
Expected: Ã§Â§â€˜Ã§Â´Â¢Ã¦Â²Æ’Ã¥â€¦Â±Ã¥â€™Å’Ã¥â€ºÂ½
     got: ç§‘ç´¢æ²ƒå…±å’Œå›½
 ; [cca2=HK].flag
Expected: Ã°Å¸â€¡Â­Ã°Å¸â€¡Â°
     got: ðŸ‡­ðŸ‡°
 ; [cca2=HK].name.nativeName.zho.common
Expected: Ã©Â¦â„¢Ã¦Â¸Â¯
     got: é¦™æ¸¯
 ; [cca2=HK].name.nativeName.zho.official
Expected: Ã¤Â¸Â­Ã¥ï¿½Å½Ã¤ÂºÂºÃ¦Â°â€˜Ã¥â€¦Â±Ã¥â€™Å’Ã¥â€ºÂ½Ã©Â¦â„¢Ã¦Â¸Â¯Ã§â€°Â¹Ã¥Ë†Â«Ã¨Â¡Å’Ã¦â€�Â¿Ã¥Å’Âº
     got: ä¸­å�Žäººæ°‘å…±å’Œå›½é¦™æ¸¯ç‰¹åˆ«è¡Œæ”¿åŒº
 ; [cca2=HK].tld[]
Expected: .Ã©Â¦â„¢Ã¦Â¸Â¯
     but none found
 ; [cca2=HK].tld[]
Unexpected: .é¦™æ¸¯
 ; [cca2=HK].translations.ara.common
Expected: Ã™â€¡Ã™Ë†Ã™â€ Ã˜Âº Ã™Æ’Ã™Ë†Ã™â€ Ã˜Âº
     got: Ù‡ÙˆÙ†Øº ÙƒÙˆÙ†Øº
 ; [cca2=HK].translations.ara.official
Expected: Ã™â€¦Ã™â€ Ã˜Â·Ã™â€šÃ˜Â© Ã™â€¡Ã™Ë†Ã™â€ Ã˜Âº Ã™Æ’Ã™Ë†Ã™â€ Ã˜Âº Ã˜Â§Ã™â€žÃ˜Â§Ã˜Â¯Ã˜Â§Ã˜Â±Ã™Å Ã˜Â© Ã˜Â§Ã™â€žÃ˜ÂªÃ˜Â§Ã˜Â¨Ã˜Â¹Ã˜Â© Ã™â€žÃ˜Â¬Ã™â€¦Ã™â€¡Ã™Ë†Ã˜Â±Ã™Å Ã˜Â© Ã˜Â§Ã™â€žÃ˜ÂµÃ™Å Ã™â€  Ã˜Â§Ã™â€žÃ˜Â´Ã˜Â¹Ã˜Â¨Ã™Å Ã˜Â©
     got: Ù…Ù†Ø·Ù‚Ø© Ù‡ÙˆÙ†Øº ÙƒÙˆÙ†Øº Ø§Ù„Ø§Ø¯Ø§Ø±ÙŠØ© Ø§Ù„ØªØ§Ø¨Ø¹Ø© Ù„Ø¬Ù…Ù‡ÙˆØ±ÙŠØ© Ø§Ù„ØµÙŠÙ† Ø§Ù„Ø´Ø¹Ø¨ÙŠØ©
 ; [cca2=HK].translations.ces.official
Expected: ZvlÃƒÂ¡Ã…Â¡tnÃƒÂ­ administrativnÃƒÂ­ oblast Ã„Å’ÃƒÂ­nskÃƒÂ© lidovÃƒÂ© republiky Hongkong
     got: ZvlÃ¡Å¡tnÃ­ administrativnÃ­ oblast ÄŒÃ­nskÃ© lidovÃ© republiky Hongkong
 ; [cca2=HK].translations.fra.official
Expected: RÃƒÂ©gion administrative spÃƒÂ©ciale de Hong Kong de la RÃƒÂ©publique populaire de Chine
     got: RÃ©gion administrative spÃ©ciale de Hong Kong de la RÃ©publique populaire de Chine
 ; [cca2=HK].translations.hrv.official
Expected: Hong Kong Posebnog upravnog podruÃ„ï¿½jaNarodne Republike Kine
     got: Hong Kong Posebnog upravnog podruÄ�jaNarodne Republike Kine
 ; [cca2=HK].translations.jpn.common
Expected: Ã©Â¦â„¢Ã¦Â¸Â¯
     got: é¦™æ¸¯
 ; [cca2=HK].translations.jpn.official
Expected: Ã¤Â¸Â­Ã¨ï¿½Â¯Ã¤ÂºÂºÃ¦Â°â€˜Ã¥â€¦Â±Ã¥â€™Å’Ã¥â€ºÂ½Ã©Â¦â„¢Ã¦Â¸Â¯Ã§â€°Â¹Ã¥Ë†Â¥Ã¨Â¡Å’Ã¦â€�Â¿Ã¥Å’Âº
     got: ä¸­è�¯äººæ°‘å…±å’Œå›½é¦™æ¸¯ç‰¹åˆ¥è¡Œæ”¿åŒº
 ; [cca2=HK].translations.kor.common
Expected: Ã­â„¢ï¿½Ã¬Â½Â©
     got: í™�ì½©
 ; [cca2=HK].translations.kor.official
Expected: Ã¬Â¤â€˜Ã­â„¢â€�Ã¬ï¿½Â¸Ã«Â¯Â¼ÃªÂ³ÂµÃ­â„¢â€�ÃªÂµÂ­ Ã­â„¢ï¿½Ã¬Â½Â© Ã­Å Â¹Ã«Â³â€žÃ­â€“â€°Ã¬Â â€¢ÃªÂµÂ¬
     got: ì¤‘í™”ì�¸ë¯¼ê³µí™”êµ­ í™�ì½© íŠ¹ë³„í–‰ì •êµ¬
 ; [cca2=HK].translations.per.common
Expected: Ã™â€¡Ã™ï¿½Ã™â€ ÃšÂ¯ ÃšÂ©Ã™ï¿½Ã™â€ ÃšÂ¯
     got: Ù‡Ù�Ù†Ú¯ Ú©Ù�Ù†Ú¯
 ; [cca2=HK].translations.per.official
Expected: Ã™â€¡Ã™ï¿½Ã™â€ ÃšÂ¯ ÃšÂ©Ã™ï¿½Ã™â€ ÃšÂ¯
     got: Ù‡Ù�Ù†Ú¯ Ú©Ù�Ù†Ú¯
 ; [cca2=HK].translations.pol.official
Expected: Specjalny Region Administracyjny ChiÃ…â€žskiej Republiki Ludowej Hongkong
     got: Specjalny Region Administracyjny ChiÅ„skiej Republiki Ludowej Hongkong
 ; [cca2=HK].translations.por.official
Expected: Hong Kong RegiÃƒÂ£o Administrativa Especial da RepÃƒÂºblica Popular da China
     got: Hong Kong RegiÃ£o Administrativa Especial da RepÃºblica Popular da China
 ; [cca2=HK].translations.rus.common
Expected: Ã�â€œÃ�Â¾Ã�Â½Ã�ÂºÃ�Â¾Ã�Â½Ã�Â³
     got: Ð“Ð¾Ð½ÐºÐ¾Ð½Ð³
 ; [cca2=HK].translations.rus.official
Expected: Hong Kong Ã�Â¡Ã�Â¿Ã�ÂµÃ‘â€ Ã�Â¸Ã�Â°Ã�Â»Ã‘Å’Ã�Â½Ã‘â€¹Ã�Â¹ Ã�Â°Ã�Â´Ã�Â¼Ã�Â¸Ã�Â½Ã�Â¸Ã‘ï¿½Ã‘â€šÃ‘â‚¬Ã�Â°Ã‘â€šÃ�Â¸Ã�Â²Ã�Â½Ã‘â€¹Ã�Â¹ Ã‘â‚¬Ã�Â°Ã�Â¹Ã�Â¾Ã�Â½ Ã�Å¡Ã�Â¸Ã‘â€šÃ�Â°Ã�Â¹Ã‘ï¿½Ã�ÂºÃ�Â¾Ã�Â¹ Ã�ï¿½Ã�Â°Ã‘â‚¬Ã�Â¾Ã�Â´Ã�Â½Ã�Â¾Ã�Â¹ Ã�Â Ã�ÂµÃ‘ï¿½Ã�Â¿Ã‘Æ’Ã�Â±Ã�Â»Ã�Â¸Ã�ÂºÃ�Â¸ Ã�Å¡Ã�Â¸Ã‘â€šÃ�Â°Ã‘ï¿½
     got: Hong Kong Ð¡Ð¿ÐµÑ†Ð¸Ð°Ð»ÑŒÐ½Ñ‹Ð¹ Ð°Ð´Ð¼Ð¸Ð½Ð¸Ñ�Ñ‚Ñ€Ð°Ñ‚Ð¸Ð²Ð½Ñ‹Ð¹ Ñ€Ð°Ð¹Ð¾Ð½ ÐšÐ¸Ñ‚Ð°Ð¹Ñ�ÐºÐ¾Ð¹ Ð�Ð°Ñ€Ð¾Ð´Ð½Ð¾Ð¹ Ð ÐµÑ�Ð¿ÑƒÐ±Ð»Ð¸ÐºÐ¸ ÐšÐ¸Ñ‚Ð°Ñ�
 ; [cca2=HK].translations.slk.official
Expected: Ã…Â peciÃƒÂ¡lna administratÃƒÂ­vna oblasÃ…Â¥Ã„Å’ÃƒÂ­nskej Ã„Â¾udovej republiky Hongkong
     got: Å peciÃ¡lna administratÃ­vna oblasÅ¥ÄŒÃ­nskej Ä¾udovej republiky Hongkong
 ; [cca2=HK].translations.spa.official
Expected: Hong Kong RegiÃƒÂ³n Administrativa Especial de la RepÃƒÂºblica Popular China
     got: Hong Kong RegiÃ³n Administrativa Especial de la RepÃºblica Popular China
 ; [cca2=HK].translations.srp.common
Expected: Ã�Â¥Ã�Â¾Ã�Â½Ã�Â³Ã�ÂºÃ�Â¾Ã�Â½Ã�Â³
     got: Ð¥Ð¾Ð½Ð³ÐºÐ¾Ð½Ð³
 ; [cca2=HK].translations.srp.official
Expected: Ã�Â¥Ã�Â¾Ã�Â½Ã�Â³Ã�ÂºÃ�Â¾Ã�Â½Ã�Â³ Ã‘ï¿½Ã�Â¿Ã�ÂµÃ‘â€ Ã�Â¸Ã‘ËœÃ�Â°Ã�Â»Ã�Â½Ã�Â° Ã�Â°Ã�Â´Ã�Â¼Ã�Â¸Ã�Â½Ã�Â¸Ã‘ï¿½Ã‘â€šÃ‘â‚¬Ã�Â°Ã‘â€šÃ�Â¸Ã�Â²Ã�Â½Ã�Â° Ã�Â¾Ã�Â±Ã�Â»Ã�Â°Ã‘ï¿½Ã‘â€š Ã�ï¿½Ã�Â°Ã‘â‚¬Ã�Â¾Ã�Â´Ã�Â½Ã�Âµ Ã�Â Ã�ÂµÃ�Â¿Ã‘Æ’Ã�Â±Ã�Â»Ã�Â¸Ã�ÂºÃ�Âµ Ã�Å¡Ã�Â¸Ã�Â½Ã�Âµ
     got: Ð¥Ð¾Ð½Ð³ÐºÐ¾Ð½Ð³ Ñ�Ð¿ÐµÑ†Ð¸Ñ˜Ð°Ð»Ð½Ð° Ð°Ð´Ð¼Ð¸Ð½Ð¸Ñ�Ñ‚Ñ€Ð°Ñ‚Ð¸Ð²Ð½Ð° Ð¾Ð±Ð»Ð°Ñ�Ñ‚ Ð�Ð°Ñ€Ð¾Ð´Ð½Ðµ Ð ÐµÐ¿ÑƒÐ±Ð»Ð¸ÐºÐµ ÐšÐ¸Ð½Ðµ
 ; [cca2=HK].translations.tur.official
Expected: Ãƒâ€¡in Halk Cumhuriyeti Hong Kong Ãƒâ€“zel Ã„Â°dari BÃƒÂ¶lgesi
     got: Ã‡in Halk Cumhuriyeti Hong Kong Ã–zel Ä°dari BÃ¶lgesi
 ; [cca2=HK].translations.urd.common
Expected: Ã›ï¿½Ã˜Â§Ã™â€ ÃšÂ¯ ÃšÂ©Ã˜Â§Ã™â€ ÃšÂ¯
     got: Û�Ø§Ù†Ú¯ Ú©Ø§Ù†Ú¯
 ; [cca2=HK].translations.urd.official
Expected: Ã›ï¿½Ã˜Â§Ã™â€ ÃšÂ¯ ÃšÂ©Ã˜Â§Ã™â€ ÃšÂ¯ Ã˜Â¹Ã™Ë†Ã˜Â§Ã™â€¦Ã›Å’ Ã˜Â¬Ã™â€¦Ã›ï¿½Ã™Ë†Ã˜Â±Ã›Å’Ã›ï¿½ Ãšâ€ Ã›Å’Ã™â€  ÃšÂ©Ã˜Â§ Ã˜Â®Ã˜ÂµÃ™Ë†Ã˜ÂµÃ›Å’ Ã˜Â§Ã™â€ Ã˜ÂªÃ˜Â¸Ã˜Â§Ã™â€¦Ã›Å’ Ã˜Â¹Ã™â€žÃ˜Â§Ã™â€šÃ›ï¿½
     got: Û�Ø§Ù†Ú¯ Ú©Ø§Ù†Ú¯ Ø¹ÙˆØ§Ù…ÛŒ Ø¬Ù…Û�ÙˆØ±ÛŒÛ� Ú†ÛŒÙ† Ú©Ø§ Ø®ØµÙˆØµÛŒ Ø§Ù†ØªØ¸Ø§Ù…ÛŒ Ø¹Ù„Ø§Ù‚Û�
 ; [cca2=HM].flag
Expected: Ã°Å¸â€¡Â­Ã°Å¸â€¡Â²
     got: ðŸ‡­ðŸ‡²
 ; [cca2=HM].translations.ara.common
Expected: Ã˜Â¬Ã˜Â²Ã™Å Ã˜Â±Ã˜Â© Ã™â€¡Ã™Å Ã˜Â±Ã˜Â¯ Ã™Ë†Ã˜Â¬Ã˜Â²Ã˜Â± Ã™â€¦Ã˜Â§Ã™Æ’Ã˜Â¯Ã™Ë†Ã™â€ Ã˜Â§Ã™â€žÃ˜Â¯
     got: Ø¬Ø²ÙŠØ±Ø© Ù‡ÙŠØ±Ø¯ ÙˆØ¬Ø²Ø± Ù…Ø§ÙƒØ¯ÙˆÙ†Ø§Ù„Ø¯
 ; [cca2=HM].translations.ara.official
Expected: Ã˜Â¬Ã˜Â²Ã™Å Ã˜Â±Ã˜Â© Ã™â€¡Ã™Å Ã˜Â±Ã˜Â¯ Ã™Ë†Ã˜Â¬Ã˜Â²Ã˜Â± Ã™â€¦Ã˜Â§Ã™Æ’Ã˜Â¯Ã™Ë†Ã™â€ Ã˜Â§Ã™â€žÃ˜Â¯
     got: Ø¬Ø²ÙŠØ±Ø© Ù‡ÙŠØ±Ø¯ ÙˆØ¬Ø²Ø± Ù…Ø§ÙƒØ¯ÙˆÙ†Ø§Ù„Ø¯
 ; [cca2=HM].translations.ces.common
Expected: HeardÃ…Â¯v ostrov a McDonaldovy ostrovy
     got: HeardÅ¯v ostrov a McDonaldovy ostrovy
 ; [cca2=HM].translations.ces.official
Expected: HeardÃ…Â¯v ostrov a McDonaldovy ostrovy
     got: HeardÅ¯v ostrov a McDonaldovy ostrovy
 ; [cca2=HM].translations.fra.common
Expected: ÃƒÅ½les Heard-et-MacDonald
     got: ÃŽles Heard-et-MacDonald
 ; [cca2=HM].translations.fra.official
Expected: Des ÃƒÂ®les Heard et McDonald
     got: Des Ã®les Heard et McDonald
 ; [cca2=HM].translations.hrv.common
Expected: Otok Heard i otoÃ„ï¿½je McDonald
     got: Otok Heard i otoÄ�je McDonald
 ; [cca2=HM].translations.hrv.official
Expected: Otok Heard i otoÃ„ï¿½je McDonald
     got: Otok Heard i otoÄ�je McDonald
 ; [cca2=HM].translations.hun.common
Expected: Heard-sziget ÃƒÂ©s McDonald-szigetek
     got: Heard-sziget Ã©s McDonald-szigetek
 ; [cca2=HM].translations.hun.official
Expected: Heard-sziget ÃƒÂ©s McDonald-szigetek
     got: Heard-sziget Ã©s McDonald-szigetek
 ; [cca2=HM].translations.jpn.common
Expected: Ã£Æ’ï¿½Ã£Æ’Â¼Ã£Æ’â€°Ã¥Â³Â¶Ã£ï¿½Â¨Ã£Æ’Å¾Ã£â€šÂ¯Ã£Æ’â€°Ã£Æ’Å Ã£Æ’Â«Ã£Æ’â€°Ã¨Â«Â¸Ã¥Â³Â¶
     got: ãƒ�ãƒ¼ãƒ‰å³¶ã�¨ãƒžã‚¯ãƒ‰ãƒŠãƒ«ãƒ‰è«¸å³¶
 ; [cca2=HM].translations.jpn.official
Expected: Ã£Æ’ï¿½Ã£Æ’Â¼Ã£Æ’â€°Ã¥Â³Â¶Ã£ï¿½Â¨Ã£Æ’Å¾Ã£â€šÂ¯Ã£Æ’â€°Ã£Æ’Å Ã£Æ’Â«Ã£Æ’â€°Ã¨Â«Â¸Ã¥Â³Â¶
     got: ãƒ�ãƒ¼ãƒ‰å³¶ã�¨ãƒžã‚¯ãƒ‰ãƒŠãƒ«ãƒ‰è«¸å³¶
 ; [cca2=HM].translations.kor.common
Expected: Ã­â€”Ë†Ã«â€œÅ“ Ã«Â§Â¥Ã«ï¿½â€žÃ«â€žï¿½Ã«â€œÅ“ Ã¬Â Å“Ã«ï¿½â€ž
     got: í—ˆë“œ ë§¥ë�„ë„�ë“œ ì œë�„
 ; [cca2=HM].translations.kor.official
Expected: Ã­â€”Ë†Ã«â€œÅ“ Ã«Â§Â¥Ã«ï¿½â€žÃ«â€žï¿½Ã«â€œÅ“ Ã¬Â Å“Ã«ï¿½â€ž
     got: í—ˆë“œ ë§¥ë�„ë„�ë“œ ì œë�„
 ; [cca2=HM].translations.per.common
Expected: Ã˜Â¬Ã˜Â²Ã›Å’Ã˜Â±Ã™â€¡ Ã™â€¡Ã˜Â±Ã˜Â¯ Ã™Ë† Ã˜Â¬Ã˜Â²Ã˜Â§Ã›Å’Ã˜Â± Ã™â€¦ÃšÂ©Ã¢â‚¬Å’Ã˜Â¯Ã™Ë†Ã™â€ Ã˜Â§Ã™â€žÃ˜Â¯
     got: Ø¬Ø²ÛŒØ±Ù‡ Ù‡Ø±Ø¯ Ùˆ Ø¬Ø²Ø§ÛŒØ± Ù…Ú©â€ŒØ¯ÙˆÙ†Ø§Ù„Ø¯
 ; [cca2=HM].translations.per.official
Expected: Ã˜Â¬Ã˜Â²Ã›Å’Ã˜Â±Ã™â€¡ Ã™â€¡Ã˜Â±Ã˜Â¯ Ã™Ë† Ã˜Â¬Ã˜Â²Ã˜Â§Ã›Å’Ã˜Â± Ã™â€¦ÃšÂ©Ã¢â‚¬Å’Ã˜Â¯Ã™Ë†Ã™â€ Ã˜Â§Ã™â€žÃ˜Â¯
     got: Ø¬Ø²ÛŒØ±Ù‡ Ù‡Ø±Ø¯ Ùˆ Ø¬Ø²Ø§ÛŒØ± Ù…Ú©â€ŒØ¯ÙˆÙ†Ø§Ù„Ø¯
 ; [cca2=HM].translations.rus.common
Expected: Ã�Å¾Ã‘ï¿½Ã‘â€šÃ‘â‚¬Ã�Â¾Ã�Â² Ã�Â¥Ã�ÂµÃ‘â‚¬Ã�Â´ Ã�Â¸ Ã�Â¾Ã‘ï¿½Ã‘â€šÃ‘â‚¬Ã�Â¾Ã�Â²Ã�Â° Ã�Å“Ã�Â°Ã�ÂºÃ�Â´Ã�Â¾Ã�Â½Ã�Â°Ã�Â»Ã‘Å’Ã�Â´
     got: ÐžÑ�Ñ‚Ñ€Ð¾Ð² Ð¥ÐµÑ€Ð´ Ð¸ Ð¾Ñ�Ñ‚Ñ€Ð¾Ð²Ð° ÐœÐ°ÐºÐ´Ð¾Ð½Ð°Ð»ÑŒÐ´
 ; [cca2=HM].translations.rus.official
Expected: Ã�Å¾Ã‘ï¿½Ã‘â€šÃ‘â‚¬Ã�Â¾Ã�Â² Ã�Â¥Ã�ÂµÃ‘â‚¬Ã�Â´ Ã�Â¸ Ã�Â¾Ã‘ï¿½Ã‘â€šÃ‘â‚¬Ã�Â¾Ã�Â²Ã�Â° Ã�Å“Ã�Â°Ã�ÂºÃ�Â´Ã�Â¾Ã�Â½Ã�Â°Ã�Â»Ã‘Å’Ã�Â´
     got: ÐžÑ�Ñ‚Ñ€Ð¾Ð² Ð¥ÐµÑ€Ð´ Ð¸ Ð¾Ñ�Ñ‚Ñ€Ð¾Ð²Ð° ÐœÐ°ÐºÐ´Ð¾Ð½Ð°Ð»ÑŒÐ´
 ; [cca2=HM].translations.slk.official
Expected: TeritÃƒÂ³rium Heardovho ostrova a MacdonaldovÃƒÂ½ch ostrovov
     got: TeritÃ³rium Heardovho ostrova a MacdonaldovÃ½ch ostrovov
 ; [cca2=HM].translations.srp.common
Expected: Ã�Å¾Ã‘ï¿½Ã‘â€šÃ‘â‚¬Ã�Â²Ã�Â° Ã�Â¥Ã�ÂµÃ‘â‚¬Ã�Â´ Ã�Â¸ Ã�Å“Ã�Â°Ã�ÂºÃ�Â´Ã�Â¾Ã�Â½Ã�Â°Ã�Â»Ã�Â´
     got: ÐžÑ�Ñ‚Ñ€Ð²Ð° Ð¥ÐµÑ€Ð´ Ð¸ ÐœÐ°ÐºÐ´Ð¾Ð½Ð°Ð»Ð´
 ; [cca2=HM].translations.srp.official
Expected: Ã�Å¾Ã‘ï¿½Ã‘â€šÃ‘â‚¬Ã�Â²Ã�Â° Ã�Â¥Ã�ÂµÃ‘â‚¬Ã�Â´ Ã�Â¸ Ã�Å“Ã�Â°Ã�ÂºÃ�Â´Ã�Â¾Ã�Â½Ã�Â°Ã�Â»Ã�Â´
     got: ÐžÑ�Ñ‚Ñ€Ð²Ð° Ð¥ÐµÑ€Ð´ Ð¸ ÐœÐ°ÐºÐ´Ð¾Ð½Ð°Ð»Ð´
 ; [cca2=HM].translations.swe.common
Expected: Heard- och McDonaldÃƒÂ¶arna
     got: Heard- och McDonaldÃ¶arna
 ; [cca2=HM].translations.swe.official
Expected: Heard- och McDonaldÃƒÂ¶arna
     got: Heard- och McDonaldÃ¶arna
 ; [cca2=HM].translations.tur.common
Expected: Heard AdasÃ„Â± ve McDonald AdalarÃ„Â±
     got: Heard AdasÄ± ve McDonald AdalarÄ±
 ; [cca2=HM].translations.tur.official
Expected: Heard AdasÃ„Â± ve McDonald AdalarÃ„Â±
     got: Heard AdasÄ± ve McDonald AdalarÄ±
 ; [cca2=HM].translations.urd.common
Expected: Ã˜Â¬Ã˜Â²Ã›Å’Ã˜Â±Ã›ï¿½ Ã›ï¿½Ã˜Â±ÃšË† Ã™Ë† Ã˜Â¬Ã˜Â²Ã˜Â§Ã˜Â¦Ã˜Â± Ã™â€¦ÃšÂ©ÃšË†Ã™Ë†Ã™â€ Ã™â€žÃšË†
     got: Ø¬Ø²ÛŒØ±Û� Û�Ø±Úˆ Ùˆ Ø¬Ø²Ø§Ø¦Ø± Ù…Ú©ÚˆÙˆÙ†Ù„Úˆ
 ; [cca2=HM].translations.urd.official
Expected: Ã˜Â¬Ã˜Â²Ã›Å’Ã˜Â±Ã›ï¿½ Ã›ï¿½Ã˜Â±ÃšË† Ã™Ë† Ã˜Â¬Ã˜Â²Ã˜Â§Ã˜Â¦Ã˜Â± Ã™â€¦ÃšÂ©ÃšË†Ã™Ë†Ã™â€ Ã™â€žÃšË†
     got: Ø¬Ø²ÛŒØ±Û� Û�Ø±Úˆ Ùˆ Ø¬Ø²Ø§Ø¦Ø± Ù…Ú©ÚˆÙˆÙ†Ù„Úˆ
 ; [cca2=HM].translations.zho.common
Expected: Ã¨ÂµÂ«Ã¥Â¾Â·Ã¥Â²â€ºÃ¥â€™Å’Ã©ÂºÂ¦Ã¥Â½â€œÃ¥Å Â³Ã§Â¾Â¤Ã¥Â²â€º
     got: èµ«å¾·å²›å’Œéº¦å½“åŠ³ç¾¤å²›
 ; [cca2=HM].translations.zho.official
Expected: Ã¨ÂµÂ«Ã¥Â¾Â·Ã¥Â²â€ºÃ¥â€™Å’Ã©ÂºÂ¦Ã¥Â½â€œÃ¥Å Â³Ã§Â¾Â¤Ã¥Â²â€º
     got: èµ«å¾·å²›å’Œéº¦å½“åŠ³ç¾¤å²›
 ; [cca2=HN].altSpellings[]
Expected: RepÃƒÂºblica de Honduras
     but none found
 ; [cca2=HN].altSpellings[]
Unexpected: RepÃºblica de Honduras
 ; [cca2=HN].flag
Expected: Ã°Å¸â€¡Â­Ã°Å¸â€¡Â³
     got: ðŸ‡­ðŸ‡³
 ; [cca2=HN].name.nativeName.spa.official
Expected: RepÃƒÂºblica de Honduras
     got: RepÃºblica de Honduras
 ; [cca2=HN].translations.ara.common
Expected: Ã™â€¡Ã™â€ Ã˜Â¯Ã™Ë†Ã˜Â±Ã˜Â§Ã˜Â³
     got: Ù‡Ù†Ø¯ÙˆØ±Ø§Ø³
 ; [cca2=HN].translations.ara.official
Expected: Ã˜Â¬Ã™â€¦Ã™â€¡Ã™Ë†Ã˜Â±Ã™Å Ã˜Â© Ã™â€¡Ã™â€ Ã˜Â¯Ã™Ë†Ã˜Â±Ã˜Â§Ã˜Â³
     got: Ø¬Ù…Ù‡ÙˆØ±ÙŠØ© Ù‡Ù†Ø¯ÙˆØ±Ø§Ø³
 ; [cca2=HN].translations.ces.official
Expected: HonduraskÃƒÂ¡ republika
     got: HonduraskÃ¡ republika
 ; [cca2=HN].translations.fra.official
Expected: RÃƒÂ©publique du Honduras
     got: RÃ©publique du Honduras
 ; [cca2=HN].translations.hun.official
Expected: Hondurasi KÃƒÂ¶ztÃƒÂ¡rsasÃƒÂ¡g
     got: Hondurasi KÃ¶ztÃ¡rsasÃ¡g
 ; [cca2=HN].translations.jpn.common
Expected: Ã£Æ’â€ºÃ£Æ’Â³Ã£â€šÂ¸Ã£Æ’Â¥Ã£Æ’Â©Ã£â€šÂ¹
     got: ãƒ›ãƒ³ã‚¸ãƒ¥ãƒ©ã‚¹
 ; [cca2=HN].translations.jpn.official
Expected: Ã£Æ’â€ºÃ£Æ’Â³Ã£â€šÂ¸Ã£Æ’Â¥Ã£Æ’Â©Ã£â€šÂ¹Ã¥â€¦Â±Ã¥â€™Å’Ã¥â€ºÂ½
     got: ãƒ›ãƒ³ã‚¸ãƒ¥ãƒ©ã‚¹å…±å’Œå›½
 ; [cca2=HN].translations.kor.common
Expected: Ã¬ËœÂ¨Ã«â€˜ï¿½Ã«ï¿½Â¼Ã¬Å Â¤
     got: ì˜¨ë‘�ë�¼ìŠ¤
 ; [cca2=HN].translations.kor.official
Expected: Ã¬ËœÂ¨Ã«â€˜ï¿½Ã«ï¿½Â¼Ã¬Å Â¤ ÃªÂ³ÂµÃ­â„¢â€�ÃªÂµÂ­
     got: ì˜¨ë‘�ë�¼ìŠ¤ ê³µí™”êµ­
 ; [cca2=HN].translations.per.common
Expected: Ã™â€¡Ã™ï¿½Ã™â€ Ã˜Â¯Ã™Ë†Ã˜Â±Ã˜Â§Ã˜Â³
     got: Ù‡Ù�Ù†Ø¯ÙˆØ±Ø§Ø³
 ; [cca2=HN].translations.per.official
Expected: Ã˜Â¬Ã™â€¦Ã™â€¡Ã™Ë†Ã˜Â±Ã›Å’ Ã™â€¡Ã™â€ Ã˜Â¯Ã™Ë†Ã˜Â±Ã˜Â§Ã˜Â³
     got: Ø¬Ù…Ù‡ÙˆØ±ÛŒ Ù‡Ù†Ø¯ÙˆØ±Ø§Ø³
 ; [cca2=HN].translations.por.official
Expected: RepÃƒÂºblica de Honduras
     got: RepÃºblica de Honduras
 ; [cca2=HN].translations.rus.common
Expected: Ã�â€œÃ�Â¾Ã�Â½Ã�Â´Ã‘Æ’Ã‘â‚¬Ã�Â°Ã‘ï¿½
     got: Ð“Ð¾Ð½Ð´ÑƒÑ€Ð°Ñ�
 ; [cca2=HN].translations.rus.official
Expected: Ã�Â Ã�ÂµÃ‘ï¿½Ã�Â¿Ã‘Æ’Ã�Â±Ã�Â»Ã�Â¸Ã�ÂºÃ�Â° Ã�â€œÃ�Â¾Ã�Â½Ã�Â´Ã‘Æ’Ã‘â‚¬Ã�Â°Ã‘ï¿½
     got: Ð ÐµÑ�Ð¿ÑƒÐ±Ð»Ð¸ÐºÐ° Ð“Ð¾Ð½Ð´ÑƒÑ€Ð°Ñ�
 ; [cca2=HN].translations.slk.official
Expected: HonduraskÃƒÂ¡ republika
     got: HonduraskÃ¡ republika
 ; [cca2=HN].translations.spa.official
Expected: RepÃƒÂºblica de Honduras
     got: RepÃºblica de Honduras
 ; [cca2=HN].translations.srp.common
Expected: Ã�Â¥Ã�Â¾Ã�Â½Ã�Â´Ã‘Æ’Ã‘â‚¬Ã�Â°Ã‘ï¿½
     got: Ð¥Ð¾Ð½Ð´ÑƒÑ€Ð°Ñ�
 ; [cca2=HN].translations.srp.official
Expected: Ã�Â Ã�ÂµÃ�Â¿Ã‘Æ’Ã�Â±Ã�Â»Ã�Â¸Ã�ÂºÃ�Â° Ã�Â¥Ã�Â¾Ã�Â½Ã�Â´Ã‘Æ’Ã‘â‚¬Ã�Â°Ã‘ï¿½
     got: Ð ÐµÐ¿ÑƒÐ±Ð»Ð¸ÐºÐ° Ð¥Ð¾Ð½Ð´ÑƒÑ€Ð°Ñ�
 ; [cca2=HN].translations.urd.common
Expected: Ã›ï¿½Ã™Ë†Ã™â€ ÃšË†Ã™Ë†Ã˜Â±Ã˜Â§Ã˜Â³
     got: Û�ÙˆÙ†ÚˆÙˆØ±Ø§Ø³
 ; [cca2=HN].translations.urd.official
Expected: Ã˜Â¬Ã™â€¦Ã›ï¿½Ã™Ë†Ã˜Â±Ã›Å’Ã›ï¿½ Ã›ï¿½Ã™Ë†Ã™â€ ÃšË†Ã™Ë†Ã˜Â±Ã˜Â§Ã˜Â³
     got: Ø¬Ù…Û�ÙˆØ±ÛŒÛ� Û�ÙˆÙ†ÚˆÙˆØ±Ø§Ø³
 ; [cca2=HN].translations.zho.common
Expected: Ã¦Â´ÂªÃ©Æ’Â½Ã¦â€¹â€°Ã¦â€“Â¯
     got: æ´ªéƒ½æ‹‰æ–¯
 ; [cca2=HN].translations.zho.official
Expected: Ã¦Â´ÂªÃ©Æ’Â½Ã¦â€¹â€°Ã¦â€“Â¯Ã¥â€¦Â±Ã¥â€™Å’Ã¥â€ºÂ½
     got: æ´ªéƒ½æ‹‰æ–¯å…±å’Œå›½
 ; [cca2=HR].currencies.EUR.symbol
Expected: Ã¢â€šÂ¬
     got: â‚¬
 ; [cca2=HR].flag
Expected: Ã°Å¸â€¡Â­Ã°Å¸â€¡Â·
     got: ðŸ‡­ðŸ‡·
 ; [cca2=HR].translations.ara.common
Expected: Ã™Æ’Ã˜Â±Ã™Ë†Ã˜Â§Ã˜ÂªÃ™Å Ã˜Â§
     got: ÙƒØ±ÙˆØ§ØªÙŠØ§
 ; [cca2=HR].translations.ara.official
Expected: Ã˜Â¬Ã™â€¦Ã™â€¡Ã™Ë†Ã˜Â±Ã™Å Ã˜Â© Ã™Æ’Ã˜Â±Ã™Ë†Ã˜Â§Ã˜ÂªÃ™Å Ã˜Â§
     got: Ø¬Ù…Ù‡ÙˆØ±ÙŠØ© ÙƒØ±ÙˆØ§ØªÙŠØ§
 ; [cca2=HR].translations.ces.official
Expected: ChorvatskÃƒÂ¡ republika
     got: ChorvatskÃ¡ republika
 ; [cca2=HR].translations.fra.official
Expected: RÃƒÂ©publique de Croatie
     got: RÃ©publique de Croatie
 ; [cca2=HR].translations.hun.common
Expected: HorvÃƒÂ¡torszÃƒÂ¡g
     got: HorvÃ¡torszÃ¡g
 ; [cca2=HR].translations.hun.official
Expected: HorvÃƒÂ¡t KÃƒÂ¶ztÃƒÂ¡rsasÃƒÂ¡g
     got: HorvÃ¡t KÃ¶ztÃ¡rsasÃ¡g
 ; [cca2=HR].translations.jpn.common
Expected: Ã£â€šÂ¯Ã£Æ’Â­Ã£â€šÂ¢Ã£Æ’ï¿½Ã£â€šÂ¢
     got: ã‚¯ãƒ­ã‚¢ãƒ�ã‚¢
 ; [cca2=HR].translations.jpn.official
Expected: Ã£â€šÂ¯Ã£Æ’Â­Ã£â€šÂ¢Ã£Æ’ï¿½Ã£â€šÂ¢Ã¥â€¦Â±Ã¥â€™Å’Ã¥â€ºÂ½
     got: ã‚¯ãƒ­ã‚¢ãƒ�ã‚¢å…±å’Œå›½
 ; [cca2=HR].translations.kor.common
Expected: Ã­ï¿½Â¬Ã«Â¡Å“Ã¬â€¢â€žÃ­â€¹Â°Ã¬â€¢â€ž
     got: í�¬ë¡œì•„í‹°ì•„
 ; [cca2=HR].translations.kor.official
Expected: Ã­ï¿½Â¬Ã«Â¡Å“Ã¬â€¢â€žÃ­â€¹Â°Ã¬â€¢â€ž ÃªÂ³ÂµÃ­â„¢â€�ÃªÂµÂ­
     got: í�¬ë¡œì•„í‹°ì•„ ê³µí™”êµ­
 ; [cca2=HR].translations.nld.common
Expected: KroatiÃƒÂ«
     got: KroatiÃ«
 ; [cca2=HR].translations.nld.official
Expected: Republiek KroatiÃƒÂ«
     got: Republiek KroatiÃ«
 ; [cca2=HR].translations.per.common
Expected: ÃšÂ©Ã˜Â±Ã™ï¿½Ã™Ë†Ã˜Â§Ã˜Â³Ã›Å’
     got: Ú©Ø±Ù�ÙˆØ§Ø³ÛŒ
 ; [cca2=HR].translations.per.official
Expected: Ã˜Â¬Ã™â€¦Ã™â€¡Ã™Ë†Ã˜Â±Ã›Å’ ÃšÂ©Ã˜Â±Ã™Ë†Ã˜Â§Ã˜Â³Ã›Å’
     got: Ø¬Ù…Ù‡ÙˆØ±ÛŒ Ú©Ø±ÙˆØ§Ø³ÛŒ
 ; [cca2=HR].translations.por.common
Expected: CroÃƒÂ¡cia
     got: CroÃ¡cia
 ; [cca2=HR].translations.por.official
Expected: RepÃƒÂºblica da CroÃƒÂ¡cia
     got: RepÃºblica da CroÃ¡cia
 ; [cca2=HR].translations.rus.common
Expected: Ã�Â¥Ã�Â¾Ã‘â‚¬Ã�Â²Ã�Â°Ã‘â€šÃ�Â¸Ã‘ï¿½
     got: Ð¥Ð¾Ñ€Ð²Ð°Ñ‚Ð¸Ñ�
 ; [cca2=HR].translations.rus.official
Expected: Ã�Â Ã�ÂµÃ‘ï¿½Ã�Â¿Ã‘Æ’Ã�Â±Ã�Â»Ã�Â¸Ã�ÂºÃ�Â° Ã�Â¥Ã�Â¾Ã‘â‚¬Ã�Â²Ã�Â°Ã‘â€šÃ�Â¸Ã‘ï¿½
     got: Ð ÐµÑ�Ð¿ÑƒÐ±Ð»Ð¸ÐºÐ° Ð¥Ð¾Ñ€Ð²Ð°Ñ‚Ð¸Ñ�
 ; [cca2=HR].translations.slk.common
Expected: ChorvÃƒÂ¡tsko
     got: ChorvÃ¡tsko
 ; [cca2=HR].translations.slk.official
Expected: ChorvÃƒÂ¡tska republika
     got: ChorvÃ¡tska republika
 ; [cca2=HR].translations.spa.official
Expected: RepÃƒÂºblica de Croacia
     got: RepÃºblica de Croacia
 ; [cca2=HR].translations.srp.common
Expected: Ã�Â¥Ã‘â‚¬Ã�Â²Ã�Â°Ã‘â€šÃ‘ï¿½Ã�ÂºÃ�Â°
     got: Ð¥Ñ€Ð²Ð°Ñ‚Ñ�ÐºÐ°
 ; [cca2=HR].translations.srp.official
Expected: Ã�Â Ã�ÂµÃ�Â¿Ã‘Æ’Ã�Â±Ã�Â»Ã�Â¸Ã�ÂºÃ�Â° Ã�Â¥Ã‘â‚¬Ã�Â²Ã�Â°Ã‘â€šÃ‘ï¿½Ã�ÂºÃ�Â°
     got: Ð ÐµÐ¿ÑƒÐ±Ð»Ð¸ÐºÐ° Ð¥Ñ€Ð²Ð°Ñ‚Ñ�ÐºÐ°
 ; [cca2=HR].translations.tur.common
Expected: HÃ„Â±rvatistan
     got: HÄ±rvatistan
 ; [cca2=HR].translations.tur.official
Expected: HÃ„Â±rvatistan Cumhuriyeti
     got: HÄ±rvatistan Cumhuriyeti
 ; [cca2=HR].translations.urd.common
Expected: ÃšÂ©Ã˜Â±Ã™Ë†Ã›Å’Ã˜Â¦Ã˜Â´Ã˜Â§
     got: Ú©Ø±ÙˆÛŒØ¦Ø´Ø§
 ; [cca2=HR].translations.urd.official
Expected: Ã˜Â¬Ã™â€¦Ã›ï¿½Ã™Ë†Ã˜Â±Ã›Å’Ã›ï¿½ ÃšÂ©Ã˜Â±Ã™Ë†Ã›Å’Ã˜Â¦Ã˜Â´Ã˜Â§
     got: Ø¬Ù…Û�ÙˆØ±ÛŒÛ� Ú©Ø±ÙˆÛŒØ¦Ø´Ø§
 ; [cca2=HR].translations.zho.common
Expected: Ã¥â€¦â€¹Ã§Â½â€”Ã¥Å“Â°Ã¤ÂºÅ¡
     got: å…‹ç½—åœ°äºš
 ; [cca2=HR].translations.zho.official
Expected: Ã¥â€¦â€¹Ã§Â½â€”Ã¥Å“Â°Ã¤ÂºÅ¡Ã¥â€¦Â±Ã¥â€™Å’Ã¥â€ºÂ½
     got: å…‹ç½—åœ°äºšå…±å’Œå›½
 ; [cca2=HT].altSpellings[]
Expected: RÃƒÂ©publique d&apos;HaÃƒÂ¯ti
     but none found
 ; [cca2=HT].altSpellings[]
Unexpected: RÃ©publique d&apos;HaÃ¯ti
 ; [cca2=HT].demonyms.fra.f
Expected: HaÃƒÂ¯tienne
     got: HaÃ¯tienne
 ; [cca2=HT].demonyms.fra.m
Expected: HaÃƒÂ¯tien
     got: HaÃ¯tien
 ; [cca2=HT].flag
Expected: Ã°Å¸â€¡Â­Ã°Å¸â€¡Â¹
     got: ðŸ‡­ðŸ‡¹
 ; [cca2=HT].name.nativeName.fra.common
Expected: HaÃƒÂ¯ti
     got: HaÃ¯ti
 ; [cca2=HT].name.nativeName.fra.official
Expected: RÃƒÂ©publique d&apos;HaÃƒÂ¯ti
     got: RÃ©publique d&apos;HaÃ¯ti
 ; [cca2=HT].translations.ara.common
Expected: Ã™â€¡Ã˜Â§Ã™Å Ã˜ÂªÃ™Å 
     got: Ù‡Ø§ÙŠØªÙŠ
 ; [cca2=HT].translations.ara.official
Expected: Ã˜Â¬Ã™â€¦Ã™â€¡Ã™Ë†Ã˜Â±Ã™Å Ã˜Â© Ã™â€¡Ã˜Â§Ã™Å Ã˜ÂªÃ™Å 
     got: Ø¬Ù…Ù‡ÙˆØ±ÙŠØ© Ù‡Ø§ÙŠØªÙŠ
 ; [cca2=HT].translations.fra.common
Expected: HaÃƒÂ¯ti
     got: HaÃ¯ti
 ; [cca2=HT].translations.fra.official
Expected: RÃƒÂ©publique d&apos;HaÃƒÂ¯ti
     got: RÃ©publique d&apos;HaÃ¯ti
 ; [cca2=HT].translations.hun.official
Expected: Haiti KÃƒÂ¶ztÃƒÂ¡rsasÃƒÂ¡g
     got: Haiti KÃ¶ztÃ¡rsasÃ¡g
 ; [cca2=HT].translations.jpn.common
Expected: Ã£Æ’ï¿½Ã£â€šÂ¤Ã£Æ’ï¿½
     got: ãƒ�ã‚¤ãƒ�
 ; [cca2=HT].translations.jpn.official
Expected: Ã£Æ’ï¿½Ã£â€šÂ¤Ã£Æ’ï¿½Ã¥â€¦Â±Ã¥â€™Å’Ã¥â€ºÂ½
     got: ãƒ�ã‚¤ãƒ�å…±å’Œå›½
 ; [cca2=HT].translations.kor.common
Expected: Ã¬â€¢â€žÃ¬ï¿½Â´Ã­â€¹Â°
     got: ì•„ì�´í‹°
 ; [cca2=HT].translations.kor.official
Expected: Ã¬â€¢â€žÃ¬ï¿½Â´Ã­â€¹Â° ÃªÂ³ÂµÃ­â„¢â€�ÃªÂµÂ­
     got: ì•„ì�´í‹° ê³µí™”êµ­
 ; [cca2=HT].translations.nld.common
Expected: HaÃƒÂ¯ti
     got: HaÃ¯ti
 ; [cca2=HT].translations.nld.official
Expected: Republiek HaÃƒÂ¯ti
     got: Republiek HaÃ¯ti
 ; [cca2=HT].translations.per.common
Expected: Ã™â€¡Ã˜Â§Ã˜Â¦Ã›Å’Ã˜ÂªÃ›Å’
     got: Ù‡Ø§Ø¦ÛŒØªÛŒ
 ; [cca2=HT].translations.per.official
Expected: Ã˜Â¬Ã™â€¦Ã™â€¡Ã™Ë†Ã˜Â±Ã›Å’ Ã™â€¡Ã˜Â§Ã˜Â¦Ã›Å’Ã˜ÂªÃ›Å’
     got: Ø¬Ù…Ù‡ÙˆØ±ÛŒ Ù‡Ø§Ø¦ÛŒØªÛŒ
 ; [cca2=HT].translations.por.official
Expected: RepÃƒÂºblica do Haiti
     got: RepÃºblica do Haiti
 ; [cca2=HT].translations.rus.common
Expected: Ã�â€œÃ�Â°Ã�Â¸Ã‘â€šÃ�Â¸
     got: Ð“Ð°Ð¸Ñ‚Ð¸
 ; [cca2=HT].translations.rus.official
Expected: Ã�Â Ã�ÂµÃ‘ï¿½Ã�Â¿Ã‘Æ’Ã�Â±Ã�Â»Ã�Â¸Ã�ÂºÃ�Â° Ã�â€œÃ�Â°Ã�Â¸Ã‘â€šÃ�Â¸
     got: Ð ÐµÑ�Ð¿ÑƒÐ±Ð»Ð¸ÐºÐ° Ð“Ð°Ð¸Ñ‚Ð¸
 ; [cca2=HT].translations.slk.official
Expected: HaitskÃƒÂ¡ republika
     got: HaitskÃ¡ republika
 ; [cca2=HT].translations.spa.common
Expected: HaitÃƒÂ­
     got: HaitÃ­
 ; [cca2=HT].translations.spa.official
Expected: RepÃƒÂºblica de HaitÃƒÂ­
     got: RepÃºblica de HaitÃ­
 ; [cca2=HT].translations.srp.common
Expected: Ã�Â¥Ã�Â°Ã�Â¸Ã‘â€šÃ�Â¸
     got: Ð¥Ð°Ð¸Ñ‚Ð¸
 ; [cca2=HT].translations.srp.official
Expected: Ã�Â Ã�ÂµÃ�Â¿Ã‘Æ’Ã�Â±Ã�Â»Ã�Â¸Ã�ÂºÃ�Â° Ã�Â¥Ã�Â°Ã�Â¸Ã‘â€šÃ�Â¸
     got: Ð ÐµÐ¿ÑƒÐ±Ð»Ð¸ÐºÐ° Ð¥Ð°Ð¸Ñ‚Ð¸
 ; [cca2=HT].translations.urd.common
Expected: Ã›ï¿½Ã›Å’Ã™Â¹Ã›Å’
     got: Û�ÛŒÙ¹ÛŒ
 ; [cca2=HT].translations.urd.official
Expected: Ã˜Â¬Ã™â€¦Ã›ï¿½Ã™Ë†Ã˜Â±Ã›Å’Ã›ï¿½ Ã›ï¿½Ã›Å’Ã™Â¹Ã›Å’
     got: Ø¬Ù…Û�ÙˆØ±ÛŒÛ� Û�ÛŒÙ¹ÛŒ
 ; [cca2=HT].translations.zho.common
Expected: Ã¦ÂµÂ·Ã¥Å“Â°
     got: æµ·åœ°
 ; [cca2=HT].translations.zho.official
Expected: Ã¦ÂµÂ·Ã¥Å“Â°Ã¥â€¦Â±Ã¥â€™Å’Ã¥â€ºÂ½
     got: æµ·åœ°å…±å’Œå›½
 ; [cca2=YE].altSpellings[]
Expected: al-JumhÃ…Â«riyyah al-Yamaniyyah
     but none found
 ; [cca2=YE].altSpellings[]
Unexpected: al-JumhÅ«riyyah al-Yamaniyyah
 ; [cca2=YE].currencies.YER.symbol
Expected: Ã¯Â·Â¼
     got: ï·¼
 ; [cca2=YE].demonyms.fra.f
Expected: YÃƒÂ©mÃƒÂ©nite
     got: YÃ©mÃ©nite
 ; [cca2=YE].demonyms.fra.m
Expected: YÃƒÂ©mÃƒÂ©nite
     got: YÃ©mÃ©nite
 ; [cca2=YE].flag
Expected: Ã°Å¸â€¡Â¾Ã°Å¸â€¡Âª
     got: ðŸ‡¾ðŸ‡ª
 ; [cca2=YE].name.nativeName.ara.common
Expected: Ã˜Â§Ã™â€žÃ™Å Ã™Å½Ã™â€¦Ã™Å½Ã™â€ 
     got: Ø§Ù„ÙŠÙŽÙ…ÙŽÙ†
 ; [cca2=YE].name.nativeName.ara.official
Expected: Ã˜Â§Ã™â€žÃ˜Â¬Ã™â€¦Ã™â€¡Ã™Ë†Ã˜Â±Ã™Å Ã˜Â© Ã˜Â§Ã™â€žÃ™Å Ã™â€¦Ã™â€ Ã™Å Ã˜Â©
     got: Ø§Ù„Ø¬Ù…Ù‡ÙˆØ±ÙŠØ© Ø§Ù„ÙŠÙ…Ù†ÙŠØ©
 ; [cca2=YE].translations.ara.common
Expected: Ã˜Â§Ã™â€žÃ™Å Ã™â€¦Ã™â€ 
     got: Ø§Ù„ÙŠÙ…Ù†
 ; [cca2=YE].translations.ara.official
Expected: Ã˜Â§Ã™â€žÃ˜Â¬Ã™â€¦Ã™â€¡Ã™Ë†Ã˜Â±Ã™Å Ã˜Â© Ã˜Â§Ã™â€žÃ™Å Ã™â€¦Ã™â€ Ã™Å Ã˜Â©
     got: Ø§Ù„Ø¬Ù…Ù‡ÙˆØ±ÙŠØ© Ø§Ù„ÙŠÙ…Ù†ÙŠØ©
 ; [cca2=YE].translations.ces.official
Expected: JemenskÃƒÂ¡ republika
     got: JemenskÃ¡ republika
 ; [cca2=YE].translations.fra.common
Expected: YÃƒÂ©men
     got: YÃ©men
 ; [cca2=YE].translations.fra.official
Expected: RÃƒÂ©publique du YÃƒÂ©men
     got: RÃ©publique du YÃ©men
 ; [cca2=YE].translations.hun.official
Expected: Jemeni KÃƒÂ¶ztÃƒÂ¡rsasÃƒÂ¡g
     got: Jemeni KÃ¶ztÃ¡rsasÃ¡g
 ; [cca2=YE].translations.jpn.common
Expected: Ã£â€šÂ¤Ã£â€šÂ¨Ã£Æ’Â¡Ã£Æ’Â³
     got: ã‚¤ã‚¨ãƒ¡ãƒ³
 ; [cca2=YE].translations.jpn.official
Expected: Ã£â€šÂ¤Ã£â€šÂ¨Ã£Æ’Â¡Ã£Æ’Â³Ã¥â€¦Â±Ã¥â€™Å’Ã¥â€ºÂ½
     got: ã‚¤ã‚¨ãƒ¡ãƒ³å…±å’Œå›½
 ; [cca2=YE].translations.kor.common
Expected: Ã¬ËœË†Ã«Â©Ëœ
     got: ì˜ˆë©˜
 ; [cca2=YE].translations.kor.official
Expected: Ã¬ËœË†Ã«Â©Ëœ ÃªÂ³ÂµÃ­â„¢â€�ÃªÂµÂ­
     got: ì˜ˆë©˜ ê³µí™”êµ­
 ; [cca2=YE].translations.per.common
Expected: Ã›Å’Ã™â€¦Ã™â€ 
     got: ÛŒÙ…Ù†
 ; [cca2=YE].translations.per.official
Expected: Ã˜Â¬Ã™â€¦Ã™â€¡Ã™Ë†Ã˜Â±Ã›Å’ Ã›Å’Ã™â€¦Ã™â€ 
     got: Ø¬Ù…Ù‡ÙˆØ±ÛŒ ÛŒÙ…Ù†
 ; [cca2=YE].translations.pol.official
Expected: Republika JemeÃ…â€žska
     got: Republika JemeÅ„ska
 ; [cca2=YE].translations.por.common
Expected: IÃƒÂ©men
     got: IÃ©men
 ; [cca2=YE].translations.por.official
Expected: RepÃƒÂºblica do IÃƒÂªmen
     got: RepÃºblica do IÃªmen
 ; [cca2=YE].translations.rus.common
Expected: Ã�â„¢Ã�ÂµÃ�Â¼Ã�ÂµÃ�Â½
     got: Ð™ÐµÐ¼ÐµÐ½
 ; [cca2=YE].translations.rus.official
Expected: Ã�â„¢Ã�ÂµÃ�Â¼Ã�ÂµÃ�Â½Ã‘ï¿½Ã�ÂºÃ�Â°Ã‘ï¿½ Ã�Â Ã�ÂµÃ‘ï¿½Ã�Â¿Ã‘Æ’Ã�Â±Ã�Â»Ã�Â¸Ã�ÂºÃ�Â°
     got: Ð™ÐµÐ¼ÐµÐ½Ñ�ÐºÐ°Ñ� Ð ÐµÑ�Ð¿ÑƒÐ±Ð»Ð¸ÐºÐ°
 ; [cca2=YE].translations.slk.official
Expected: JemenskÃƒÂ¡ republika
     got: JemenskÃ¡ republika
 ; [cca2=YE].translations.spa.official
Expected: RepÃƒÂºblica de Yemen
     got: RepÃºblica de Yemen
 ; [cca2=YE].translations.srp.common
Expected: Ã�Ë†Ã�ÂµÃ�Â¼Ã�ÂµÃ�Â½
     got: ÐˆÐµÐ¼ÐµÐ½
 ; [cca2=YE].translations.srp.official
Expected: Ã�Â Ã�ÂµÃ�Â¿Ã‘Æ’Ã�Â±Ã�Â»Ã�Â¸Ã�ÂºÃ�Â° Ã�Ë†Ã�ÂµÃ�Â¼Ã�ÂµÃ�Â½
     got: Ð ÐµÐ¿ÑƒÐ±Ð»Ð¸ÐºÐ° ÐˆÐµÐ¼ÐµÐ½
 ; [cca2=YE].translations.urd.common
Expected: Ã›Å’Ã™â€¦Ã™â€ 
     got: ÛŒÙ…Ù†
 ; [cca2=YE].translations.urd.official
Expected: Ã˜Â¬Ã™â€¦Ã›ï¿½Ã™Ë†Ã˜Â±Ã›Å’Ã›ï¿½ Ã›Å’Ã™â€¦Ã™â€ 
     got: Ø¬Ù…Û�ÙˆØ±ÛŒÛ� ÛŒÙ…Ù†
 ; [cca2=YE].translations.zho.common
Expected: Ã¤Â¹Å¸Ã©â€”Â¨
     got: ä¹Ÿé—¨
 ; [cca2=YE].translations.zho.official
Expected: Ã¤Â¹Å¸Ã©â€”Â¨Ã¥â€¦Â±Ã¥â€™Å’Ã¥â€ºÂ½
     got: ä¹Ÿé—¨å…±å’Œå›½
 ; [cca2=HU].flag
Expected: Ã°Å¸â€¡Â­Ã°Å¸â€¡Âº
     got: ðŸ‡­ðŸ‡º
 ; [cca2=HU].name.nativeName.hun.common
Expected: MagyarorszÃƒÂ¡g
     got: MagyarorszÃ¡g
 ; [cca2=HU].name.nativeName.hun.official
Expected: MagyarorszÃƒÂ¡g
     got: MagyarorszÃ¡g
 ; [cca2=HU].translations.ara.common
Expected: Ã˜Â§Ã™â€žÃ™â€¦Ã˜Â¬Ã˜Â±
     got: Ø§Ù„Ù…Ø¬Ø±
 ; [cca2=HU].translations.ara.official
Expected: Ã˜Â§Ã™â€žÃ˜Â¬Ã™â€¦Ã™â€¡Ã™Ë†Ã˜Â±Ã™Å Ã˜Â© Ã˜Â§Ã™â€žÃ™â€¦Ã˜Â¬Ã˜Â±Ã™Å Ã˜Â©
     got: Ø§Ù„Ø¬Ù…Ù‡ÙˆØ±ÙŠØ© Ø§Ù„Ù…Ø¬Ø±ÙŠØ©
 ; [cca2=HU].translations.ces.common
Expected: MaÃ„ï¿½arsko
     got: MaÄ�arsko
 ; [cca2=HU].translations.ces.official
Expected: MaÃ„ï¿½arsko
     got: MaÄ�arsko
 ; [cca2=HU].translations.hrv.common
Expected: MaÃ„â€˜arska
     got: MaÄ‘arska
 ; [cca2=HU].translations.hrv.official
Expected: MadÃ…Â¾arska
     got: MadÅ¾arska
 ; [cca2=HU].translations.hun.common
Expected: MagyarorszÃƒÂ¡g
     got: MagyarorszÃ¡g
 ; [cca2=HU].translations.hun.official
Expected: MagyarorszÃƒÂ¡g
     got: MagyarorszÃ¡g
 ; [cca2=HU].translations.jpn.common
Expected: Ã£Æ’ï¿½Ã£Æ’Â³Ã£â€šÂ¬Ã£Æ’ÂªÃ£Æ’Â¼
     got: ãƒ�ãƒ³ã‚¬ãƒªãƒ¼
 ; [cca2=HU].translations.jpn.official
Expected: Ã£Æ’ï¿½Ã£Æ’Â³Ã£â€šÂ¬Ã£Æ’ÂªÃ£Æ’Â¼
     got: ãƒ�ãƒ³ã‚¬ãƒªãƒ¼
 ; [cca2=HU].translations.kor.common
Expected: Ã­â€”ï¿½ÃªÂ°â‚¬Ã«Â¦Â¬
     got: í—�ê°€ë¦¬
 ; [cca2=HU].translations.kor.official
Expected: Ã­â€”ï¿½ÃªÂ°â‚¬Ã«Â¦Â¬
     got: í—�ê°€ë¦¬
 ; [cca2=HU].translations.per.common
Expected: Ã™â€¦Ã˜Â¬Ã˜Â§Ã˜Â±Ã˜Â³Ã˜ÂªÃ˜Â§Ã™â€ 
     got: Ù…Ø¬Ø§Ø±Ø³ØªØ§Ù†
 ; [cca2=HU].translations.per.official
Expected: Ã™â€¦Ã˜Â¬Ã˜Â§Ã˜Â±Ã˜Â³Ã˜ÂªÃ˜Â§Ã™â€ 
     got: Ù…Ø¬Ø§Ø±Ø³ØªØ§Ù†
 ; [cca2=HU].translations.pol.common
Expected: WÃ„â„¢gry
     got: WÄ™gry
 ; [cca2=HU].translations.pol.official
Expected: WÃ„â„¢gry
     got: WÄ™gry
 ; [cca2=HU].translations.rus.common
Expected: Ã�â€™Ã�ÂµÃ�Â½Ã�Â³Ã‘â‚¬Ã�Â¸Ã‘ï¿½
     got: Ð’ÐµÐ½Ð³Ñ€Ð¸Ñ�
 ; [cca2=HU].translations.rus.official
Expected: Ã�â€™Ã�ÂµÃ�Â½Ã�Â³Ã‘â‚¬Ã�Â¸Ã‘ï¿½
     got: Ð’ÐµÐ½Ð³Ñ€Ð¸Ñ�
 ; [cca2=HU].translations.slk.common
Expected: MaÃ„ï¿½arsko
     got: MaÄ�arsko
 ; [cca2=HU].translations.slk.official
Expected: MaÃ„ï¿½arsko
     got: MaÄ�arsko
 ; [cca2=HU].translations.spa.common
Expected: HungrÃƒÂ­a
     got: HungrÃ­a
 ; [cca2=HU].translations.spa.official
Expected: HungrÃƒÂ­a
     got: HungrÃ­a
 ; [cca2=HU].translations.srp.common
Expected: Ã�Å“Ã�Â°Ã‘â€™Ã�Â°Ã‘â‚¬Ã‘ï¿½Ã�ÂºÃ�Â°
     got: ÐœÐ°Ñ’Ð°Ñ€Ñ�ÐºÐ°
 ; [cca2=HU].translations.srp.official
Expected: Ã�Å“Ã�Â°Ã‘â€™Ã�Â°Ã‘â‚¬Ã‘ï¿½Ã�ÂºÃ�Â°
     got: ÐœÐ°Ñ’Ð°Ñ€Ñ�ÐºÐ°
 ; [cca2=HU].translations.urd.common
Expected: Ã™â€¦Ã˜Â¬Ã˜Â§Ã˜Â±Ã˜Â³Ã˜ÂªÃ˜Â§Ã™â€ 
     got: Ù…Ø¬Ø§Ø±Ø³ØªØ§Ù†
 ; [cca2=HU].translations.urd.official
Expected: Ã™â€¦Ã˜Â¬Ã˜Â§Ã˜Â±Ã˜Â³Ã˜ÂªÃ˜Â§Ã™â€ 
     got: Ù…Ø¬Ø§Ø±Ø³ØªØ§Ù†
 ; [cca2=HU].translations.zho.common
Expected: Ã¥Å’Ë†Ã§â€°â„¢Ã¥Ë†Â©
     got: åŒˆç‰™åˆ©
 ; [cca2=HU].translations.zho.official
Expected: Ã¥Å’Ë†Ã§â€°â„¢Ã¥Ë†Â©
     got: åŒˆç‰™åˆ©
 ; [cca2=YT].altSpellings[]
Expected: DÃƒÂ©partement de Mayotte
     but none found
 ; [cca2=YT].altSpellings[]
Unexpected: DÃ©partement de Mayotte
 ; [cca2=YT].currencies.EUR.symbol
Expected: Ã¢â€šÂ¬
     got: â‚¬
 ; [cca2=YT].flag
Expected: Ã°Å¸â€¡Â¾Ã°Å¸â€¡Â¹
     got: ðŸ‡¾ðŸ‡¹
 ; [cca2=YT].name.nativeName.fra.official
Expected: DÃƒÂ©partement de Mayotte
     got: DÃ©partement de Mayotte
 ; [cca2=YT].translations.ara.common
Expected: Ã™â€¦Ã˜Â§Ã™Å Ã™Ë†Ã˜Âª
     got: Ù…Ø§ÙŠÙˆØª
 ; [cca2=YT].translations.ara.official
Expected: Ã™â€¦Ã˜Â§Ã™Å Ã™Ë†Ã˜Âª
     got: Ù…Ø§ÙŠÙˆØª
 ; [cca2=YT].translations.deu.official
Expected: ÃƒÅ“bersee-DÃƒÂ©partement Mayotte
     got: Ãœbersee-DÃ©partement Mayotte
 ; [cca2=YT].translations.fra.official
Expected: DÃƒÂ©partement de Mayotte
     got: DÃ©partement de Mayotte
 ; [cca2=YT].translations.jpn.common
Expected: Ã£Æ’Å¾Ã£Æ’Â¨Ã£Æ’Æ’Ã£Æ’Ë†
     got: ãƒžãƒ¨ãƒƒãƒˆ
 ; [cca2=YT].translations.jpn.official
Expected: Ã£Æ’Å¾Ã£Æ’Â¨Ã£Æ’Æ’Ã£Æ’Ë†Ã§Â§â€˜
     got: ãƒžãƒ¨ãƒƒãƒˆç§‘
 ; [cca2=YT].translations.kor.common
Expected: Ã«Â§Ë†Ã¬Å¡â€�Ã­Å Â¸
     got: ë§ˆìš”íŠ¸
 ; [cca2=YT].translations.kor.official
Expected: Ã«Â§Ë†Ã¬Å¡â€�Ã­Å Â¸
     got: ë§ˆìš”íŠ¸
 ; [cca2=YT].translations.per.common
Expected: Ã™â€¦Ã˜Â§Ã›Å’Ã™Ë†Ã˜Âª
     got: Ù…Ø§ÛŒÙˆØª
 ; [cca2=YT].translations.per.official
Expected: Ã™â€¦Ã˜Â¬Ã™â€¦Ã™Ë†Ã˜Â¹Ã™â€¡ Ã˜Â´Ã™â€¡Ã˜Â±Ã˜Â³Ã˜ÂªÃ˜Â§Ã™â€ Ã›Å’ Ã™â€¦Ã˜Â§Ã›Å’Ã™Ë†Ã˜Âª
     got: Ù…Ø¬Ù…ÙˆØ¹Ù‡ Ø´Ù‡Ø±Ø³ØªØ§Ù†ÛŒ Ù…Ø§ÛŒÙˆØª
 ; [cca2=YT].translations.rus.common
Expected: Ã�Å“Ã�Â°Ã�Â¹Ã�Â¾Ã‘â€šÃ‘â€šÃ�Â°
     got: ÐœÐ°Ð¹Ð¾Ñ‚Ñ‚Ð°
 ; [cca2=YT].translations.rus.official
Expected: Ã�â€�Ã�ÂµÃ�Â¿Ã�Â°Ã‘â‚¬Ã‘â€šÃ�Â°Ã�Â¼Ã�ÂµÃ�Â½Ã‘â€š Ã�Å“Ã�Â°Ã�Â¹Ã�Â¾Ã‘â€šÃ‘â€šÃ�Â°
     got: Ð”ÐµÐ¿Ð°Ñ€Ñ‚Ð°Ð¼ÐµÐ½Ñ‚ ÐœÐ°Ð¹Ð¾Ñ‚Ñ‚Ð°
 ; [cca2=YT].translations.srp.common
Expected: Ã�Å“Ã�Â°Ã‘ËœÃ�Â¾Ã‘â€š
     got: ÐœÐ°Ñ˜Ð¾Ñ‚
 ; [cca2=YT].translations.srp.official
Expected: Ã�Å“Ã�Â°Ã‘ËœÃ�Â¾Ã‘â€š
     got: ÐœÐ°Ñ˜Ð¾Ñ‚
 ; [cca2=YT].translations.swe.official
Expected: DepartementsomrÃƒÂ¥det Mayotte
     got: DepartementsomrÃ¥det Mayotte
 ; [cca2=YT].translations.urd.common
Expected: Ã™â€¦Ã˜Â§Ã›Å’Ã™Ë†Ã™Â¹
     got: Ù…Ø§ÛŒÙˆÙ¹
 ; [cca2=YT].translations.urd.official
Expected: Ã™â€¦Ã˜Â§Ã›Å’Ã™Ë†Ã™Â¹
     got: Ù…Ø§ÛŒÙˆÙ¹
 ; [cca2=YT].translations.zho.common
Expected: Ã©Â©Â¬Ã§ÂºÂ¦Ã§â€°Â¹
     got: é©¬çº¦ç‰¹
 ; [cca2=YT].translations.zho.official
Expected: Ã©Â©Â¬Ã§ÂºÂ¦Ã§â€°Â¹
     got: é©¬çº¦ç‰¹
 ; [cca2=ID].demonyms.fra.f
Expected: IndonÃƒÂ©sienne
     got: IndonÃ©sienne
 ; [cca2=ID].demonyms.fra.m
Expected: IndonÃƒÂ©sien
     got: IndonÃ©sien
 ; [cca2=ID].flag
Expected: Ã°Å¸â€¡Â®Ã°Å¸â€¡Â©
     got: ðŸ‡®ðŸ‡©
 ; [cca2=ID].translations.ara.common
Expected: Ã˜Â¥Ã™â€ Ã˜Â¯Ã™Ë†Ã™â€ Ã™Å Ã˜Â³Ã™Å Ã˜Â§
     got: Ø¥Ù†Ø¯ÙˆÙ†ÙŠØ³ÙŠØ§
 ; [cca2=ID].translations.ara.official
Expected: Ã˜Â¬Ã™â€¦Ã™â€¡Ã™Ë†Ã˜Â±Ã™Å Ã˜Â© Ã˜Â¥Ã™â€ Ã˜Â¯Ã™Ë†Ã™â€ Ã™Å Ã˜Â³Ã™Å Ã˜Â§
     got: Ø¬Ù…Ù‡ÙˆØ±ÙŠØ© Ø¥Ù†Ø¯ÙˆÙ†ÙŠØ³ÙŠØ§
 ; [cca2=ID].translations.ces.common
Expected: IndonÃƒÂ©sie
     got: IndonÃ©sie
 ; [cca2=ID].translations.ces.official
Expected: IndonÃƒÂ©skÃƒÂ¡ republika
     got: IndonÃ©skÃ¡ republika
 ; [cca2=ID].translations.fra.common
Expected: IndonÃƒÂ©sie
     got: IndonÃ©sie
 ; [cca2=ID].translations.fra.official
Expected: RÃƒÂ©publique d&apos;IndonÃƒÂ©sie
     got: RÃ©publique d&apos;IndonÃ©sie
 ; [cca2=ID].translations.hun.common
Expected: IndonÃƒÂ©zia
     got: IndonÃ©zia
 ; [cca2=ID].translations.hun.official
Expected: IndonÃƒÂ©z KÃƒÂ¶ztÃƒÂ¡rsasÃƒÂ¡g
     got: IndonÃ©z KÃ¶ztÃ¡rsasÃ¡g
 ; [cca2=ID].translations.jpn.common
Expected: Ã£â€šÂ¤Ã£Æ’Â³Ã£Æ’â€°Ã£Æ’ï¿½Ã£â€šÂ·Ã£â€šÂ¢
     got: ã‚¤ãƒ³ãƒ‰ãƒ�ã‚·ã‚¢
 ; [cca2=ID].translations.jpn.official
Expected: Ã£â€šÂ¤Ã£Æ’Â³Ã£Æ’â€°Ã£Æ’ï¿½Ã£â€šÂ·Ã£â€šÂ¢Ã¥â€¦Â±Ã¥â€™Å’Ã¥â€ºÂ½
     got: ã‚¤ãƒ³ãƒ‰ãƒ�ã‚·ã‚¢å…±å’Œå›½
 ; [cca2=ID].translations.kor.common
Expected: Ã¬ï¿½Â¸Ã«ï¿½â€žÃ«â€žÂ¤Ã¬â€¹Å“Ã¬â€¢â€ž
     got: ì�¸ë�„ë„¤ì‹œì•„
 ; [cca2=ID].translations.kor.official
Expected: Ã¬ï¿½Â¸Ã«ï¿½â€žÃ«â€žÂ¤Ã¬â€¹Å“Ã¬â€¢â€ž ÃªÂ³ÂµÃ­â„¢â€�ÃªÂµÂ­
     got: ì�¸ë�„ë„¤ì‹œì•„ ê³µí™”êµ­
 ; [cca2=ID].translations.nld.common
Expected: IndonesiÃƒÂ«
     got: IndonesiÃ«
 ; [cca2=ID].translations.nld.official
Expected: Republiek IndonesiÃƒÂ«
     got: Republiek IndonesiÃ«
 ; [cca2=ID].translations.per.common
Expected: Ã˜Â§Ã™â€ Ã˜Â¯Ã™Ë†Ã™â€ Ã˜Â²Ã›Å’
     got: Ø§Ù†Ø¯ÙˆÙ†Ø²ÛŒ
 ; [cca2=ID].translations.per.official
Expected: Ã˜Â¬Ã™â€¦Ã™â€¡Ã™Ë†Ã˜Â±Ã›Å’ Ã˜Â§Ã™â€ Ã˜Â¯Ã™Ë†Ã™â€ Ã˜Â²Ã›Å’
     got: Ø¬Ù…Ù‡ÙˆØ±ÛŒ Ø§Ù†Ø¯ÙˆÙ†Ø²ÛŒ
 ; [cca2=ID].translations.por.common
Expected: IndonÃƒÂ©sia
     got: IndonÃ©sia
 ; [cca2=ID].translations.por.official
Expected: RepÃƒÂºblica da IndonÃƒÂ©sia
     got: RepÃºblica da IndonÃ©sia
 ; [cca2=ID].translations.rus.common
Expected: Ã�ËœÃ�Â½Ã�Â´Ã�Â¾Ã�Â½Ã�ÂµÃ�Â·Ã�Â¸Ã‘ï¿½
     got: Ð˜Ð½Ð´Ð¾Ð½ÐµÐ·Ð¸Ñ�
 ; [cca2=ID].translations.rus.official
Expected: Ã�Â Ã�ÂµÃ‘ï¿½Ã�Â¿Ã‘Æ’Ã�Â±Ã�Â»Ã�Â¸Ã�ÂºÃ�Â° Ã�ËœÃ�Â½Ã�Â´Ã�Â¾Ã�Â½Ã�ÂµÃ�Â·Ã�Â¸Ã‘ï¿½
     got: Ð ÐµÑ�Ð¿ÑƒÐ±Ð»Ð¸ÐºÐ° Ð˜Ð½Ð´Ð¾Ð½ÐµÐ·Ð¸Ñ�
 ; [cca2=ID].translations.slk.common
Expected: IndonÃƒÂ©zia
     got: IndonÃ©zia
 ; [cca2=ID].translations.slk.official
Expected: IndonÃƒÂ©zska republika
     got: IndonÃ©zska republika
 ; [cca2=ID].translations.spa.official
Expected: RepÃƒÂºblica de Indonesia
     got: RepÃºblica de Indonesia
 ; [cca2=ID].translations.srp.common
Expected: Ã�ËœÃ�Â½Ã�Â´Ã�Â¾Ã�Â½Ã�ÂµÃ�Â·Ã�Â¸Ã‘ËœÃ�Â°
     got: Ð˜Ð½Ð´Ð¾Ð½ÐµÐ·Ð¸Ñ˜Ð°
 ; [cca2=ID].translations.srp.official
Expected: Ã�Â Ã�ÂµÃ�Â¿Ã‘Æ’Ã�Â±Ã�Â»Ã�Â¸Ã�ÂºÃ�Â° Ã�ËœÃ�Â½Ã�Â´Ã�Â¾Ã�Â½Ã�ÂµÃ�Â·Ã�Â¸Ã‘ËœÃ�Â°
     got: Ð ÐµÐ¿ÑƒÐ±Ð»Ð¸ÐºÐ° Ð˜Ð½Ð´Ð¾Ð½ÐµÐ·Ð¸Ñ˜Ð°
 ; [cca2=ID].translations.urd.common
Expected: Ã˜Â§Ã™â€ ÃšË†Ã™Ë†Ã™â€ Ã›Å’Ã˜Â´Ã›Å’Ã˜Â§
     got: Ø§Ù†ÚˆÙˆÙ†ÛŒØ´ÛŒØ§
 ; [cca2=ID].translations.urd.official
Expected: Ã˜Â¬Ã™â€¦Ã›ï¿½Ã™Ë†Ã˜Â±Ã›Å’Ã›ï¿½ Ã˜Â§Ã™â€ ÃšË†Ã™Ë†Ã™â€ Ã›Å’Ã˜Â´Ã›Å’Ã˜Â§
     got: Ø¬Ù…Û�ÙˆØ±ÛŒÛ� Ø§Ù†ÚˆÙˆÙ†ÛŒØ´ÛŒØ§
 ; [cca2=ID].translations.zho.common
Expected: Ã¥ï¿½Â°Ã¥ÂºÂ¦Ã¥Â°Â¼Ã¨Â¥Â¿Ã¤ÂºÅ¡
     got: å�°åº¦å°¼è¥¿äºš
 ; [cca2=ID].translations.zho.official
Expected: Ã¥ï¿½Â°Ã¥ÂºÂ¦Ã¥Â°Â¼Ã¨Â¥Â¿Ã¤ÂºÅ¡Ã¥â€¦Â±Ã¥â€™Å’Ã¥â€ºÂ½
     got: å�°åº¦å°¼è¥¿äºšå…±å’Œå›½
 ; [cca2=IE].altSpellings[]
Expected: Ãƒâ€°ire
     but none found
 ; [cca2=IE].altSpellings[]
Expected: Poblacht na hÃƒâ€°ireann
     but none found
 ; [cca2=IE].altSpellings[]
Unexpected: Poblacht na hÃ‰ireann
 ; [cca2=IE].altSpellings[]
Unexpected: Ã‰ire
 ; [cca2=IE].currencies.EUR.symbol
Expected: Ã¢â€šÂ¬
     got: â‚¬
 ; [cca2=IE].flag
Expected: Ã°Å¸â€¡Â®Ã°Å¸â€¡Âª
     got: ðŸ‡®ðŸ‡ª
 ; [cca2=IE].name.nativeName.gle.common
Expected: Ãƒâ€°ire
     got: Ã‰ire
 ; [cca2=IE].name.nativeName.gle.official
Expected: Poblacht na hÃƒâ€°ireann
     got: Poblacht na hÃ‰ireann
 ; [cca2=IE].translations.ara.common
Expected: Ã˜Â£Ã™Å Ã˜Â±Ã™â€žÃ™â€ Ã˜Â¯Ã˜Â§
     got: Ø£ÙŠØ±Ù„Ù†Ø¯Ø§
 ; [cca2=IE].translations.ara.official
Expected: Ã˜Â¬Ã™â€¦Ã™â€¡Ã™Ë†Ã˜Â±Ã™Å Ã˜Â© Ã˜Â£Ã™Å Ã˜Â±Ã™â€žÃ™â€ Ã˜Â¯Ã˜Â§
     got: Ø¬Ù…Ù‡ÙˆØ±ÙŠØ© Ø£ÙŠØ±Ù„Ù†Ø¯Ø§
 ; [cca2=IE].translations.fra.official
Expected: RÃƒÂ©publique d&apos;Irlande
     got: RÃ©publique d&apos;Irlande
 ; [cca2=IE].translations.hun.common
Expected: Ãƒï¿½rorszÃƒÂ¡g
     got: Ã�rorszÃ¡g
 ; [cca2=IE].translations.hun.official
Expected: Ãƒï¿½r KÃƒÂ¶ztÃƒÂ¡rsasÃƒÂ¡g
     got: Ã�r KÃ¶ztÃ¡rsasÃ¡g
 ; [cca2=IE].translations.jpn.common
Expected: Ã£â€šÂ¢Ã£â€šÂ¤Ã£Æ’Â«Ã£Æ’Â©Ã£Æ’Â³Ã£Æ’â€°
     got: ã‚¢ã‚¤ãƒ«ãƒ©ãƒ³ãƒ‰
 ; [cca2=IE].translations.jpn.official
Expected: Ã£â€šÂ¢Ã£â€šÂ¤Ã£Æ’Â«Ã£Æ’Â©Ã£Æ’Â³Ã£Æ’â€°Ã¥â€¦Â±Ã¥â€™Å’Ã¥â€ºÂ½
     got: ã‚¢ã‚¤ãƒ«ãƒ©ãƒ³ãƒ‰å…±å’Œå›½
 ; [cca2=IE].translations.kor.common
Expected: Ã¬â€¢â€žÃ¬ï¿½Â¼Ã«Å¾Å“Ã«â€œÅ“
     got: ì•„ì�¼ëžœë“œ
 ; [cca2=IE].translations.kor.official
Expected: Ã¬â€¢â€žÃ¬ï¿½Â¼Ã«Å¾Å“Ã«â€œÅ“ ÃªÂ³ÂµÃ­â„¢â€�ÃªÂµÂ­
     got: ì•„ì�¼ëžœë“œ ê³µí™”êµ­
 ; [cca2=IE].translations.per.common
Expected: Ã˜Â§Ã›Å’Ã˜Â±Ã™â€žÃ™â€ Ã˜Â¯
     got: Ø§ÛŒØ±Ù„Ù†Ø¯
 ; [cca2=IE].translations.per.official
Expected: Ã˜Â§Ã›Å’Ã˜Â±Ã™â€žÃ™â€ Ã˜Â¯
     got: Ø§ÛŒØ±Ù„Ù†Ø¯
 ; [cca2=IE].translations.por.official
Expected: RepÃƒÂºblica da Irlanda
     got: RepÃºblica da Irlanda
 ; [cca2=IE].translations.rus.common
Expected: Ã�ËœÃ‘â‚¬Ã�Â»Ã�Â°Ã�Â½Ã�Â´Ã�Â¸Ã‘ï¿½
     got: Ð˜Ñ€Ð»Ð°Ð½Ð´Ð¸Ñ�
 ; [cca2=IE].translations.rus.official
Expected: Ã�ËœÃ‘â‚¬Ã�Â»Ã�Â°Ã�Â½Ã�Â´Ã�Â¸Ã‘ï¿½
     got: Ð˜Ñ€Ð»Ð°Ð½Ð´Ð¸Ñ�
 ; [cca2=IE].translations.slk.common
Expected: Ãƒï¿½rsko
     got: Ã�rsko
 ; [cca2=IE].translations.slk.official
Expected: Ãƒï¿½rska republika
     got: Ã�rska republika
 ; [cca2=IE].translations.spa.official
Expected: RepÃƒÂºblica de Irlanda
     got: RepÃºblica de Irlanda
 ; [cca2=IE].translations.srp.common
Expected: Ã�ËœÃ‘â‚¬Ã‘ï¿½Ã�ÂºÃ�Â°
     got: Ð˜Ñ€Ñ�ÐºÐ°
 ; [cca2=IE].translations.srp.official
Expected: Ã�Â Ã�ÂµÃ�Â¿Ã‘Æ’Ã�Â±Ã�Â»Ã�Â¸Ã�ÂºÃ�Â° Ã�ËœÃ‘â‚¬Ã‘ï¿½Ã�ÂºÃ�Â°
     got: Ð ÐµÐ¿ÑƒÐ±Ð»Ð¸ÐºÐ° Ð˜Ñ€Ñ�ÐºÐ°
 ; [cca2=IE].translations.tur.common
Expected: Ã„Â°rlanda
     got: Ä°rlanda
 ; [cca2=IE].translations.tur.official
Expected: Ã„Â°rlanda Cumhuriyeti
     got: Ä°rlanda Cumhuriyeti
 ; [cca2=IE].translations.urd.common
Expected: Ã˜Â¬Ã˜Â²Ã›Å’Ã˜Â±Ã›ï¿½ Ã˜Â¢Ã˜Â¦Ã˜Â±Ã™â€žÃ›Å’Ã™â€ ÃšË†
     got: Ø¬Ø²ÛŒØ±Û� Ø¢Ø¦Ø±Ù„ÛŒÙ†Úˆ
 ; [cca2=IE].translations.urd.official
Expected: Ã˜Â¬Ã™â€¦Ã›ï¿½Ã™Ë†Ã˜Â±Ã›Å’Ã›ï¿½ Ã˜Â¬Ã˜Â²Ã›Å’Ã˜Â±Ã›ï¿½ Ã˜Â¢Ã˜Â¦Ã˜Â±Ã™â€žÃ›Å’Ã™â€ ÃšË†
     got: Ø¬Ù…Û�ÙˆØ±ÛŒÛ� Ø¬Ø²ÛŒØ±Û� Ø¢Ø¦Ø±Ù„ÛŒÙ†Úˆ
 ; [cca2=IE].translations.zho.common
Expected: Ã§Ë†Â±Ã¥Â°â€�Ã¥â€¦Â°
     got: çˆ±å°”å…°
 ; [cca2=IE].translations.zho.official
Expected: Ã§Ë†Â±Ã¥Â°â€�Ã¥â€¦Â°Ã¥â€¦Â±Ã¥â€™Å’Ã¥â€ºÂ½
     got: çˆ±å°”å…°å…±å’Œå›½
 ; [cca2=IL].altSpellings[]
Expected: MedÃ„Â«nat YisrÃ„ï¿½&apos;el
     but none found
 ; [cca2=IL].altSpellings[]
Unexpected: MedÄ«nat YisrÄ�&apos;el
 ; [cca2=IL].currencies.ILS.symbol
Expected: Ã¢â€šÂª
     got: â‚ª
 ; [cca2=IL].demonyms.fra.f
Expected: IsraÃƒÂ©lienne
     got: IsraÃ©lienne
 ; [cca2=IL].demonyms.fra.m
Expected: IsraÃƒÂ©lien
     got: IsraÃ©lien
 ; [cca2=IL].flag
Expected: Ã°Å¸â€¡Â®Ã°Å¸â€¡Â±
     got: ðŸ‡®ðŸ‡±
 ; [cca2=IL].flags.alt
Expected: The flag of Israel has a white field with a blue hexagram Ã¢â‚¬â€� the Magen David Ã¢â‚¬â€� centered between two equal horizontal blue bands situated near the top and bottom edges of the field.
     got: The flag of Israel has a white field with a blue hexagram â€” the Magen David â€” centered between two equal horizontal blue bands situated near the top and bottom edges of the field.
 ; [cca2=IL].name.nativeName.ara.common
Expected: Ã˜Â¥Ã˜Â³Ã˜Â±Ã˜Â§Ã˜Â¦Ã™Å Ã™â€ž
     got: Ø¥Ø³Ø±Ø§Ø¦ÙŠÙ„
 ; [cca2=IL].name.nativeName.ara.official
Expected: Ã˜Â¯Ã™Ë†Ã™â€žÃ˜Â© Ã˜Â¥Ã˜Â³Ã˜Â±Ã˜Â§Ã˜Â¦Ã™Å Ã™â€ž
     got: Ø¯ÙˆÙ„Ø© Ø¥Ø³Ø±Ø§Ø¦ÙŠÙ„
 ; [cca2=IL].name.nativeName.heb.common
Expected: Ã—â„¢Ã—Â©Ã—Â¨Ã—ï¿½Ã—Å“
     got: ×™×©×¨×�×œ
 ; [cca2=IL].name.nativeName.heb.official
Expected: Ã—Å¾Ã—â€œÃ—â„¢Ã—Â Ã—Âª Ã—â„¢Ã—Â©Ã—Â¨Ã—ï¿½Ã—Å“
     got: ×ž×“×™× ×ª ×™×©×¨×�×œ
 ; [cca2=IL].translations.ara.common
Expected: Ã˜Â¥Ã˜Â³Ã˜Â±Ã˜Â§Ã˜Â¦Ã™Å Ã™â€ž
     got: Ø¥Ø³Ø±Ø§Ø¦ÙŠÙ„
 ; [cca2=IL].translations.ara.official
Expected: Ã˜Â¯Ã™Ë†Ã™â€žÃ˜Â© Ã˜Â¥Ã˜Â³Ã˜Â±Ã˜Â§Ã˜Â¦Ã™Å Ã™â€ž
     got: Ø¯ÙˆÙ„Ø© Ø¥Ø³Ø±Ø§Ø¦ÙŠÙ„
 ; [cca2=IL].translations.ces.official
Expected: StÃƒÂ¡t Izrael
     got: StÃ¡t Izrael
 ; [cca2=IL].translations.fra.common
Expected: IsraÃƒÂ«l
     got: IsraÃ«l
 ; [cca2=IL].translations.fra.official
Expected: Ãƒâ€°tat d&apos;IsraÃƒÂ«l
     got: Ã‰tat d&apos;IsraÃ«l
 ; [cca2=IL].translations.hrv.official
Expected: DrÃ…Â¾ava Izrael
     got: DrÅ¾ava Izrael
 ; [cca2=IL].translations.jpn.common
Expected: Ã£â€šÂ¤Ã£â€šÂ¹Ã£Æ’Â©Ã£â€šÂ¨Ã£Æ’Â«
     got: ã‚¤ã‚¹ãƒ©ã‚¨ãƒ«
 ; [cca2=IL].translations.jpn.official
Expected: Ã£â€šÂ¤Ã£â€šÂ¹Ã£Æ’Â©Ã£â€šÂ¨Ã£Æ’Â«Ã¥â€ºÂ½
     got: ã‚¤ã‚¹ãƒ©ã‚¨ãƒ«å›½
 ; [cca2=IL].translations.kor.common
Expected: Ã¬ï¿½Â´Ã¬Å Â¤Ã«ï¿½Â¼Ã¬â€”Ëœ
     got: ì�´ìŠ¤ë�¼ì—˜
 ; [cca2=IL].translations.kor.official
Expected: Ã¬ï¿½Â´Ã¬Å Â¤Ã«ï¿½Â¼Ã¬â€”ËœÃªÂµÂ­
     got: ì�´ìŠ¤ë�¼ì—˜êµ­
 ; [cca2=IL].translations.nld.common
Expected: IsraÃƒÂ«l
     got: IsraÃ«l
 ; [cca2=IL].translations.nld.official
Expected: Staat IsraÃƒÂ«l
     got: Staat IsraÃ«l
 ; [cca2=IL].translations.per.common
Expected: Ã™ï¿½Ã™â€žÃ˜Â³Ã˜Â·Ã™Å Ã™â€  Ã˜Â§Ã˜Â´Ã˜ÂºÃ˜Â§Ã™â€žÃ›Å’
     got: Ù�Ù„Ø³Ø·ÙŠÙ† Ø§Ø´ØºØ§Ù„ÛŒ
 ; [cca2=IL].translations.per.official
Expected: Ã™ï¿½Ã™â€žÃ˜Â³Ã˜Â·Ã™Å Ã™â€  Ã˜Â§Ã˜Â´Ã˜ÂºÃ˜Â§Ã™â€žÃ›Å’
     got: Ù�Ù„Ø³Ø·ÙŠÙ† Ø§Ø´ØºØ§Ù„ÛŒ
 ; [cca2=IL].translations.pol.official
Expected: PaÃ…â€žstwo Izrael
     got: PaÅ„stwo Izrael
 ; [cca2=IL].translations.rus.common
Expected: Ã�ËœÃ�Â·Ã‘â‚¬Ã�Â°Ã�Â¸Ã�Â»Ã‘Å’
     got: Ð˜Ð·Ñ€Ð°Ð¸Ð»ÑŒ
 ; [cca2=IL].translations.rus.official
Expected: Ã�â€œÃ�Â¾Ã‘ï¿½Ã‘Æ’Ã�Â´Ã�Â°Ã‘â‚¬Ã‘ï¿½Ã‘â€šÃ�Â²Ã�Â¾ Ã�ËœÃ�Â·Ã‘â‚¬Ã�Â°Ã�Â¸Ã�Â»Ã‘Å’
     got: Ð“Ð¾Ñ�ÑƒÐ´Ð°Ñ€Ñ�Ñ‚Ð²Ð¾ Ð˜Ð·Ñ€Ð°Ð¸Ð»ÑŒ
 ; [cca2=IL].translations.slk.official
Expected: IzraelskÃƒÂ½ Ã…Â¡tÃƒÂ¡t
     got: IzraelskÃ½ Å¡tÃ¡t
 ; [cca2=IL].translations.srp.common
Expected: Ã�ËœÃ�Â·Ã‘â‚¬Ã�Â°Ã�ÂµÃ�Â»
     got: Ð˜Ð·Ñ€Ð°ÐµÐ»
 ; [cca2=IL].translations.srp.official
Expected: Ã�â€�Ã‘â‚¬Ã�Â¶Ã�Â°Ã�Â²Ã�Â° Ã�ËœÃ�Â·Ã‘â‚¬Ã�Â°Ã�ÂµÃ�Â»
     got: Ð”Ñ€Ð¶Ð°Ð²Ð° Ð˜Ð·Ñ€Ð°ÐµÐ»
 ; [cca2=IL].translations.tur.common
Expected: Ã„Â°srail
     got: Ä°srail
 ; [cca2=IL].translations.tur.official
Expected: Ã„Â°srail Devleti
     got: Ä°srail Devleti
 ; [cca2=IL].translations.urd.common
Expected: Ã˜Â§Ã˜Â³Ã˜Â±Ã˜Â§Ã˜Â¦Ã›Å’Ã™â€ž
     got: Ø§Ø³Ø±Ø§Ø¦ÛŒÙ„
 ; [cca2=IL].translations.urd.official
Expected: Ã˜Â±Ã›Å’Ã˜Â§Ã˜Â³Ã˜ÂªÃ™ï¿½ Ã˜Â§Ã˜Â³Ã˜Â±Ã˜Â§Ã˜Â¦Ã›Å’Ã™â€ž
     got: Ø±ÛŒØ§Ø³ØªÙ� Ø§Ø³Ø±Ø§Ø¦ÛŒÙ„
 ; [cca2=IL].translations.zho.common
Expected: Ã¤Â»Â¥Ã¨â€°Â²Ã¥Ë†â€”
     got: ä»¥è‰²åˆ—
 ; [cca2=IL].translations.zho.official
Expected: Ã¤Â»Â¥Ã¨â€°Â²Ã¥Ë†â€”Ã¥â€ºÂ½
     got: ä»¥è‰²åˆ—å›½
 ; [cca2=IM].currencies.GBP.symbol
Expected: Ã‚Â£
     got: Â£
 ; [cca2=IM].currencies.IMP.symbol
Expected: Ã‚Â£
     got: Â£
 ; [cca2=IM].flag
Expected: Ã°Å¸â€¡Â®Ã°Å¸â€¡Â²
     got: ðŸ‡®ðŸ‡²
 ; [cca2=IM].translations.ara.common
Expected: Ã˜Â¬Ã˜Â²Ã™Å Ã˜Â±Ã˜Â© Ã™â€¦Ã˜Â§Ã™â€ 
     got: Ø¬Ø²ÙŠØ±Ø© Ù…Ø§Ù†
 ; [cca2=IM].translations.ara.official
Expected: Ã˜Â¬Ã˜Â²Ã™Å Ã˜Â±Ã˜Â© Ã™â€¦Ã˜Â§Ã™â€ 
     got: Ø¬Ø²ÙŠØ±Ø© Ù…Ø§Ù†
 ; [cca2=IM].translations.fra.common
Expected: ÃƒÅ½le de Man
     got: ÃŽle de Man
 ; [cca2=IM].translations.jpn.common
Expected: Ã£Æ’Å¾Ã£Æ’Â³Ã¥Â³Â¶
     got: ãƒžãƒ³å³¶
 ; [cca2=IM].translations.jpn.official
Expected: Ã£Æ’Å¾Ã£Æ’Â³Ã¥Â³Â¶
     got: ãƒžãƒ³å³¶
 ; [cca2=IM].translations.kor.common
Expected: Ã«Â§Â¨Ã¬â€žÂ¬
     got: ë§¨ì„¬
 ; [cca2=IM].translations.kor.official
Expected: Ã«Â§Â¨Ã¬â€žÂ¬
     got: ë§¨ì„¬
 ; [cca2=IM].translations.per.common
Expected: Ã˜Â¬Ã˜Â²Ã›Å’Ã˜Â±Ã™â€¡Ã™â€� Ã™â€¦Ã™Å½Ã™â€ 
     got: Ø¬Ø²ÛŒØ±Ù‡Ù” Ù…ÙŽÙ†
 ; [cca2=IM].translations.per.official
Expected: Ã˜Â¬Ã˜Â²Ã›Å’Ã˜Â±Ã™â€¡Ã™â€� Ã™â€¦Ã™Å½Ã™â€ 
     got: Ø¬Ø²ÛŒØ±Ù‡Ù” Ù…ÙŽÙ†
 ; [cca2=IM].translations.rus.common
Expected: Ã�Å¾Ã‘ï¿½Ã‘â€šÃ‘â‚¬Ã�Â¾Ã�Â² Ã�Å“Ã‘ï¿½Ã�Â½
     got: ÐžÑ�Ñ‚Ñ€Ð¾Ð² ÐœÑ�Ð½
 ; [cca2=IM].translations.rus.official
Expected: Ã�Å¾Ã‘ï¿½Ã‘â€šÃ‘â‚¬Ã�Â¾Ã�Â² Ã�Å“Ã‘ï¿½Ã�Â½
     got: ÐžÑ�Ñ‚Ñ€Ð¾Ð² ÐœÑ�Ð½
 ; [cca2=IM].translations.srp.common
Expected: Ã�Å¾Ã‘ï¿½Ã‘â€šÃ‘â‚¬Ã�Â²Ã�Â¾ Ã�Å“Ã�ÂµÃ�Â½
     got: ÐžÑ�Ñ‚Ñ€Ð²Ð¾ ÐœÐµÐ½
 ; [cca2=IM].translations.srp.official
Expected: Ã�Å¾Ã‘ï¿½Ã‘â€šÃ‘â‚¬Ã�Â²Ã�Â¾ Ã�Å“Ã�ÂµÃ�Â½
     got: ÐžÑ�Ñ‚Ñ€Ð²Ð¾ ÐœÐµÐ½
 ; [cca2=IM].translations.tur.common
Expected: Man AdasÃ„Â±
     got: Man AdasÄ±
 ; [cca2=IM].translations.tur.official
Expected: Man AdasÃ„Â±
     got: Man AdasÄ±
 ; [cca2=IM].translations.urd.common
Expected: Ã˜Â¢Ã˜Â¦Ã™â€ž Ã˜Â¢Ã™ï¿½ Ã™â€¦Ã›Å’Ã™â€ 
     got: Ø¢Ø¦Ù„ Ø¢Ù� Ù…ÛŒÙ†
 ; [cca2=IM].translations.urd.official
Expected: Ã˜Â¢Ã˜Â¦Ã™â€ž Ã˜Â¢Ã™ï¿½ Ã™â€¦Ã›Å’Ã™â€ 
     got: Ø¢Ø¦Ù„ Ø¢Ù� Ù…ÛŒÙ†
 ; [cca2=IM].translations.zho.common
Expected: Ã©Â©Â¬Ã¦ï¿½Â©Ã¥Â²â€º
     got: é©¬æ�©å²›
 ; [cca2=IM].translations.zho.official
Expected: Ã©Â©Â¬Ã¦ï¿½Â©Ã¥Â²â€º
     got: é©¬æ�©å²›
 ; [cca2=IN].altSpellings[]
Expected: Ã Â®â€¡Ã Â®Â¨Ã Â¯ï¿½Ã Â®Â¤Ã Â®Â¿Ã Â®Â¯Ã Â®Â¾
     but none found
 ; [cca2=IN].altSpellings[]
Expected: BhÃ„ï¿½rat
     but none found
 ; [cca2=IN].altSpellings[]
Unexpected: à®‡à®¨à¯�à®¤à®¿à®¯à®¾
 ; [cca2=IN].altSpellings[]
Unexpected: BhÄ�rat
 ; [cca2=IN].currencies.INR.symbol
Expected: Ã¢â€šÂ¹
     got: â‚¹
 ; [cca2=IN].flag
Expected: Ã°Å¸â€¡Â®Ã°Å¸â€¡Â³
     got: ðŸ‡®ðŸ‡³
 ; [cca2=IN].flags.alt
Expected: The flag of India is composed of three equal horizontal bands of saffron, white and green. A navy blue wheel with twenty-four spokes Ã¢â‚¬â€� the Ashoka Chakra Ã¢â‚¬â€� is centered in the white band.
     got: The flag of India is composed of three equal horizontal bands of saffron, white and green. A navy blue wheel with twenty-four spokes â€” the Ashoka Chakra â€” is centered in the white band.
 ; [cca2=IN].name.nativeName.hin.common
Expected: Ã Â¤Â­Ã Â¤Â¾Ã Â¤Â°Ã Â¤Â¤
     got: à¤­à¤¾à¤°à¤¤
 ; [cca2=IN].name.nativeName.hin.official
Expected: Ã Â¤Â­Ã Â¤Â¾Ã Â¤Â°Ã Â¤Â¤ Ã Â¤â€”Ã Â¤Â£Ã Â¤Â°Ã Â¤Â¾Ã Â¤Å“Ã Â¥ï¿½Ã Â¤Â¯
     got: à¤­à¤¾à¤°à¤¤ à¤—à¤£à¤°à¤¾à¤œà¥�à¤¯
 ; [cca2=IN].name.nativeName.tam.common
Expected: Ã Â®â€¡Ã Â®Â¨Ã Â¯ï¿½Ã Â®Â¤Ã Â®Â¿Ã Â®Â¯Ã Â®Â¾
     got: à®‡à®¨à¯�à®¤à®¿à®¯à®¾
 ; [cca2=IN].name.nativeName.tam.official
Expected: Ã Â®â€¡Ã Â®Â¨Ã Â¯ï¿½Ã Â®Â¤Ã Â®Â¿Ã Â®Â¯Ã Â®â€¢Ã Â¯ï¿½ Ã Â®â€¢Ã Â¯ï¿½Ã Â®Å¸Ã Â®Â¿Ã Â®Â¯Ã Â®Â°Ã Â®Å¡Ã Â¯ï¿½
     got: à®‡à®¨à¯�à®¤à®¿à®¯à®•à¯� à®•à¯�à®Ÿà®¿à®¯à®°à®šà¯�
 ; [cca2=IN].translations.ara.common
Expected: Ã˜Â§Ã™â€žÃ™â€¡Ã™â€ Ã˜Â¯
     got: Ø§Ù„Ù‡Ù†Ø¯
 ; [cca2=IN].translations.ara.official
Expected: Ã˜Â¬Ã™â€¦Ã™â€¡Ã™Ë†Ã˜Â±Ã™Å Ã˜Â© Ã˜Â§Ã™â€žÃ™â€¡Ã™â€ Ã˜Â¯
     got: Ø¬Ù…Ù‡ÙˆØ±ÙŠØ© Ø§Ù„Ù‡Ù†Ø¯
 ; [cca2=IN].translations.ces.official
Expected: IndickÃƒÂ¡ republika
     got: IndickÃ¡ republika
 ; [cca2=IN].translations.fra.official
Expected: RÃƒÂ©publique de l&apos;Inde
     got: RÃ©publique de l&apos;Inde
 ; [cca2=IN].translations.hun.official
Expected: Indiai KÃƒÂ¶ztÃƒÂ¡rsasÃƒÂ¡g
     got: Indiai KÃ¶ztÃ¡rsasÃ¡g
 ; [cca2=IN].translations.jpn.common
Expected: Ã£â€šÂ¤Ã£Æ’Â³Ã£Æ’â€°
     got: ã‚¤ãƒ³ãƒ‰
 ; [cca2=IN].translations.jpn.official
Expected: Ã£â€šÂ¤Ã£Æ’Â³Ã£Æ’â€°Ã¥â€¦Â±Ã¥â€™Å’Ã¥â€ºÂ½
     got: ã‚¤ãƒ³ãƒ‰å…±å’Œå›½
 ; [cca2=IN].translations.kor.common
Expected: Ã¬ï¿½Â¸Ã«ï¿½â€ž
     got: ì�¸ë�„
 ; [cca2=IN].translations.kor.official
Expected: Ã¬ï¿½Â¸Ã«ï¿½â€ž ÃªÂ³ÂµÃ­â„¢â€�ÃªÂµÂ­
     got: ì�¸ë�„ ê³µí™”êµ­
 ; [cca2=IN].translations.per.common
Expected: Ã™â€¡Ã™â€ Ã˜Â¯
     got: Ù‡Ù†Ø¯
 ; [cca2=IN].translations.per.official
Expected: Ã˜Â¬Ã™â€¦Ã™â€¡Ã™Ë†Ã˜Â±Ã›Å’ Ã™â€¡Ã™â€ Ã˜Â¯Ã™Ë†Ã˜Â³Ã˜ÂªÃ˜Â§Ã™â€ 
     got: Ø¬Ù…Ù‡ÙˆØ±ÛŒ Ù‡Ù†Ø¯ÙˆØ³ØªØ§Ù†
 ; [cca2=IN].translations.por.common
Expected: Ãƒï¿½ndia
     got: Ã�ndia
 ; [cca2=IN].translations.por.official
Expected: RepÃƒÂºblica da Ãƒï¿½ndia
     got: RepÃºblica da Ã�ndia
 ; [cca2=IN].translations.rus.common
Expected: Ã�ËœÃ�Â½Ã�Â´Ã�Â¸Ã‘ï¿½
     got: Ð˜Ð½Ð´Ð¸Ñ�
 ; [cca2=IN].translations.rus.official
Expected: Ã�Â Ã�ÂµÃ‘ï¿½Ã�Â¿Ã‘Æ’Ã�Â±Ã�Â»Ã�Â¸Ã�ÂºÃ�Â° Ã�ËœÃ�Â½Ã�Â´Ã�Â¸Ã‘ï¿½
     got: Ð ÐµÑ�Ð¿ÑƒÐ±Ð»Ð¸ÐºÐ° Ð˜Ð½Ð´Ð¸Ñ�
 ; [cca2=IN].translations.slk.official
Expected: IndickÃƒÂ¡ republika
     got: IndickÃ¡ republika
 ; [cca2=IN].translations.spa.official
Expected: RepÃƒÂºblica de la India
     got: RepÃºblica de la India
 ; [cca2=IN].translations.srp.common
Expected: Ã�ËœÃ�Â½Ã�Â´Ã�Â¸Ã‘ËœÃ�Â°
     got: Ð˜Ð½Ð´Ð¸Ñ˜Ð°
 ; [cca2=IN].translations.srp.official
Expected: Ã�Â Ã�ÂµÃ�Â¿Ã‘Æ’Ã�Â±Ã�Â»Ã�Â¸Ã�ÂºÃ�Â° Ã�ËœÃ�Â½Ã�Â´Ã�Â¸Ã‘ËœÃ�Â°
     got: Ð ÐµÐ¿ÑƒÐ±Ð»Ð¸ÐºÐ° Ð˜Ð½Ð´Ð¸Ñ˜Ð°
 ; [cca2=IN].translations.urd.common
Expected: Ã˜Â¨ÃšÂ¾Ã˜Â§Ã˜Â±Ã˜Âª
     got: Ø¨Ú¾Ø§Ø±Øª
 ; [cca2=IN].translations.urd.official
Expected: Ã˜Â¬Ã™â€¦Ã›ï¿½Ã™Ë†Ã˜Â±Ã›Å’Ã›ï¿½ Ã˜Â¨ÃšÂ¾Ã˜Â§Ã˜Â±Ã˜Âª
     got: Ø¬Ù…Û�ÙˆØ±ÛŒÛ� Ø¨Ú¾Ø§Ø±Øª
 ; [cca2=IN].translations.zho.common
Expected: Ã¥ï¿½Â°Ã¥ÂºÂ¦
     got: å�°åº¦
 ; [cca2=IN].translations.zho.official
Expected: Ã¥ï¿½Â°Ã¥ÂºÂ¦Ã¥â€¦Â±Ã¥â€™Å’Ã¥â€ºÂ½
     got: å�°åº¦å…±å’Œå›½
 ; [cca2=IO].flag
Expected: Ã°Å¸â€¡Â®Ã°Å¸â€¡Â´
     got: ðŸ‡®ðŸ‡´
 ; [cca2=IO].translations.ara.common
Expected: Ã˜Â¥Ã™â€šÃ™â€žÃ™Å Ã™â€¦ Ã˜Â§Ã™â€žÃ™â€¦Ã˜Â­Ã™Å Ã˜Â· Ã˜Â§Ã™â€žÃ™â€¡Ã™â€ Ã˜Â¯Ã™Å  Ã˜Â§Ã™â€žÃ˜Â¨Ã˜Â±Ã™Å Ã˜Â·Ã˜Â§Ã™â€ Ã™Å 
     got: Ø¥Ù‚Ù„ÙŠÙ… Ø§Ù„Ù…Ø­ÙŠØ· Ø§Ù„Ù‡Ù†Ø¯ÙŠ Ø§Ù„Ø¨Ø±ÙŠØ·Ø§Ù†ÙŠ
 ; [cca2=IO].translations.ara.official
Expected: Ã˜Â¥Ã™â€šÃ™â€žÃ™Å Ã™â€¦ Ã˜Â§Ã™â€žÃ™â€¦Ã˜Â­Ã™Å Ã˜Â· Ã˜Â§Ã™â€žÃ™â€¡Ã™â€ Ã˜Â¯Ã™Å  Ã˜Â§Ã™â€žÃ˜Â¨Ã˜Â±Ã™Å Ã˜Â·Ã˜Â§Ã™â€ Ã™Å 
     got: Ø¥Ù‚Ù„ÙŠÙ… Ø§Ù„Ù…Ø­ÙŠØ· Ø§Ù„Ù‡Ù†Ø¯ÙŠ Ø§Ù„Ø¨Ø±ÙŠØ·Ø§Ù†ÙŠ
 ; [cca2=IO].translations.ces.common
Expected: BritskÃƒÂ© indickooceÃƒÂ¡nskÃƒÂ© ÃƒÂºzemÃƒÂ­
     got: BritskÃ© indickooceÃ¡nskÃ© ÃºzemÃ­
 ; [cca2=IO].translations.ces.official
Expected: BritskÃƒÂ© indickooceÃƒÂ¡nskÃƒÂ© ÃƒÂºzemÃƒÂ­
     got: BritskÃ© indickooceÃ¡nskÃ© ÃºzemÃ­
 ; [cca2=IO].translations.fin.common
Expected: BrittilÃƒÂ¤inen Intian valtameren alue
     got: BrittilÃ¤inen Intian valtameren alue
 ; [cca2=IO].translations.fin.official
Expected: BrittilÃƒÂ¤inen Intian valtameren alue
     got: BrittilÃ¤inen Intian valtameren alue
 ; [cca2=IO].translations.fra.common
Expected: Territoire britannique de l&apos;ocÃƒÂ©an Indien
     got: Territoire britannique de l&apos;ocÃ©an Indien
 ; [cca2=IO].translations.fra.official
Expected: Territoire britannique de l&apos; ocÃƒÂ©an Indien
     got: Territoire britannique de l&apos; ocÃ©an Indien
 ; [cca2=IO].translations.hun.common
Expected: Brit Indiai-ÃƒÂ³ceÃƒÂ¡ni TerÃƒÂ¼let
     got: Brit Indiai-Ã³ceÃ¡ni TerÃ¼let
 ; [cca2=IO].translations.hun.official
Expected: Brit Indiai-ÃƒÂ³ceÃƒÂ¡ni TerÃƒÂ¼let
     got: Brit Indiai-Ã³ceÃ¡ni TerÃ¼let
 ; [cca2=IO].translations.jpn.common
Expected: Ã£â€šÂ¤Ã£â€šÂ®Ã£Æ’ÂªÃ£â€šÂ¹Ã©Â ËœÃ£â€šÂ¤Ã£Æ’Â³Ã£Æ’â€°Ã¦Â´â€¹Ã¥Å“Â°Ã¥Å¸Å¸
     got: ã‚¤ã‚®ãƒªã‚¹é ˜ã‚¤ãƒ³ãƒ‰æ´‹åœ°åŸŸ
 ; [cca2=IO].translations.jpn.official
Expected: Ã£â€šÂ¤Ã£â€šÂ®Ã£Æ’ÂªÃ£â€šÂ¹Ã©Â ËœÃ£â€šÂ¤Ã£Æ’Â³Ã£Æ’â€°Ã¦Â´â€¹Ã¥Å“Â°Ã¥Å¸Å¸
     got: ã‚¤ã‚®ãƒªã‚¹é ˜ã‚¤ãƒ³ãƒ‰æ´‹åœ°åŸŸ
 ; [cca2=IO].translations.kor.common
Expected: Ã¬ï¿½Â¸Ã«ï¿½â€ž
     got: ì�¸ë�„
 ; [cca2=IO].translations.kor.official
Expected: Ã¬ï¿½Â¸Ã«ï¿½â€ž ÃªÂ³ÂµÃ­â„¢â€�ÃªÂµÂ­
     got: ì�¸ë�„ ê³µí™”êµ­
 ; [cca2=IO].translations.per.common
Expected: Ã™â€šÃ™â€žÃ™â€¦Ã˜Â±Ã™Ë† Ã˜Â¨Ã˜Â±Ã›Å’Ã˜ÂªÃ˜Â§Ã™â€ Ã›Å’Ã˜Â§ Ã˜Â¯Ã˜Â± Ã˜Â§Ã™â€šÃ›Å’Ã˜Â§Ã™â€ Ã™Ë†Ã˜Â³ Ã™â€¡Ã™â€ Ã˜Â¯
     got: Ù‚Ù„Ù…Ø±Ùˆ Ø¨Ø±ÛŒØªØ§Ù†ÛŒØ§ Ø¯Ø± Ø§Ù‚ÛŒØ§Ù†ÙˆØ³ Ù‡Ù†Ø¯
 ; [cca2=IO].translations.per.official
Expected: Ã™â€šÃ™â€žÃ™â€¦Ã˜Â±Ã™Ë† Ã˜Â¨Ã˜Â±Ã›Å’Ã˜ÂªÃ˜Â§Ã™â€ Ã›Å’Ã˜Â§ Ã˜Â¯Ã˜Â± Ã˜Â§Ã™â€šÃ›Å’Ã˜Â§Ã™â€ Ã™Ë†Ã˜Â³ Ã™â€¡Ã™â€ Ã˜Â¯
     got: Ù‚Ù„Ù…Ø±Ùˆ Ø¨Ø±ÛŒØªØ§Ù†ÛŒØ§ Ø¯Ø± Ø§Ù‚ÛŒØ§Ù†ÙˆØ³ Ù‡Ù†Ø¯
 ; [cca2=IO].translations.por.common
Expected: TerritÃƒÂ³rio BritÃƒÂ¢nico do Oceano Ãƒï¿½ndico
     got: TerritÃ³rio BritÃ¢nico do Oceano Ã�ndico
 ; [cca2=IO].translations.rus.common
Expected: Ã�â€˜Ã‘â‚¬Ã�Â¸Ã‘â€šÃ�Â°Ã�Â½Ã‘ï¿½Ã�ÂºÃ�Â°Ã‘ï¿½ Ã‘â€šÃ�ÂµÃ‘â‚¬Ã‘â‚¬Ã�Â¸Ã‘â€šÃ�Â¾Ã‘â‚¬Ã�Â¸Ã‘ï¿½ Ã�Â² Ã�ËœÃ�Â½Ã�Â´Ã�Â¸Ã�Â¹Ã‘ï¿½Ã�ÂºÃ�Â¾Ã�Â¼ Ã�Â¾Ã�ÂºÃ�ÂµÃ�Â°Ã�Â½Ã�Âµ
     got: Ð‘Ñ€Ð¸Ñ‚Ð°Ð½Ñ�ÐºÐ°Ñ� Ñ‚ÐµÑ€Ñ€Ð¸Ñ‚Ð¾Ñ€Ð¸Ñ� Ð² Ð˜Ð½Ð´Ð¸Ð¹Ñ�ÐºÐ¾Ð¼ Ð¾ÐºÐµÐ°Ð½Ðµ
 ; [cca2=IO].translations.rus.official
Expected: Ã�â€˜Ã‘â‚¬Ã�Â¸Ã‘â€šÃ�Â°Ã�Â½Ã‘ï¿½Ã�ÂºÃ�Â°Ã‘ï¿½ Ã‘â€šÃ�ÂµÃ‘â‚¬Ã‘â‚¬Ã�Â¸Ã‘â€šÃ�Â¾Ã‘â‚¬Ã�Â¸Ã‘ï¿½ Ã�ËœÃ�Â½Ã�Â´Ã�Â¸Ã�Â¹Ã‘ï¿½Ã�ÂºÃ�Â¾Ã�Â³Ã�Â¾ Ã�Â¾Ã�ÂºÃ�ÂµÃ�Â°Ã�Â½Ã�Â°
     got: Ð‘Ñ€Ð¸Ñ‚Ð°Ð½Ñ�ÐºÐ°Ñ� Ñ‚ÐµÑ€Ñ€Ð¸Ñ‚Ð¾Ñ€Ð¸Ñ� Ð˜Ð½Ð´Ð¸Ð¹Ñ�ÐºÐ¾Ð³Ð¾ Ð¾ÐºÐµÐ°Ð½Ð°
 ; [cca2=IO].translations.slk.common
Expected: BritskÃƒÂ© indickooceÃƒÂ¡nske ÃƒÂºzemie
     got: BritskÃ© indickooceÃ¡nske Ãºzemie
 ; [cca2=IO].translations.slk.official
Expected: BritskÃƒÂ© indickooceÃƒÂ¡nske ÃƒÂºzemie
     got: BritskÃ© indickooceÃ¡nske Ãºzemie
 ; [cca2=IO].translations.spa.common
Expected: Territorio BritÃƒÂ¡nico del OcÃƒÂ©ano Ãƒï¿½ndico
     got: Territorio BritÃ¡nico del OcÃ©ano Ã�ndico
 ; [cca2=IO].translations.spa.official
Expected: Territorio BritÃƒÂ¡nico del OcÃƒÂ©ano Ãƒï¿½ndico
     got: Territorio BritÃ¡nico del OcÃ©ano Ã�ndico
 ; [cca2=IO].translations.srp.common
Expected: Ã�â€˜Ã‘â‚¬Ã�Â¸Ã‘â€šÃ�Â°Ã�Â½Ã‘ï¿½Ã�ÂºÃ�Â° Ã‘â€šÃ�ÂµÃ‘â‚¬Ã�Â¸Ã‘â€šÃ�Â¾Ã‘â‚¬Ã�Â¸Ã‘ËœÃ�Â° Ã�ËœÃ�Â½Ã�Â´Ã�Â¸Ã‘ËœÃ‘ï¿½Ã�ÂºÃ�Â¾Ã�Â³ Ã�Â¾Ã�ÂºÃ�ÂµÃ�Â°Ã�Â½Ã�Â°
     got: Ð‘Ñ€Ð¸Ñ‚Ð°Ð½Ñ�ÐºÐ° Ñ‚ÐµÑ€Ð¸Ñ‚Ð¾Ñ€Ð¸Ñ˜Ð° Ð˜Ð½Ð´Ð¸Ñ˜Ñ�ÐºÐ¾Ð³ Ð¾ÐºÐµÐ°Ð½Ð°
 ; [cca2=IO].translations.srp.official
Expected: Ã�â€˜Ã‘â‚¬Ã�Â¸Ã‘â€šÃ�Â°Ã�Â½Ã‘ï¿½Ã�ÂºÃ�Â° Ã‘â€šÃ�ÂµÃ‘â‚¬Ã�Â¸Ã‘â€šÃ�Â¾Ã‘â‚¬Ã�Â¸Ã‘ËœÃ�Â° Ã�ËœÃ�Â½Ã�Â´Ã�Â¸Ã‘ËœÃ‘ï¿½Ã�ÂºÃ�Â¾Ã�Â³ Ã�Â¾Ã�ÂºÃ�ÂµÃ�Â°Ã�Â½Ã�Â°
     got: Ð‘Ñ€Ð¸Ñ‚Ð°Ð½Ñ�ÐºÐ° Ñ‚ÐµÑ€Ð¸Ñ‚Ð¾Ñ€Ð¸Ñ˜Ð° Ð˜Ð½Ð´Ð¸Ñ˜Ñ�ÐºÐ¾Ð³ Ð¾ÐºÐµÐ°Ð½Ð°
 ; [cca2=IO].translations.tur.common
Expected: Britanya Hint Okyanusu TopraklarÃ„Â±
     got: Britanya Hint Okyanusu TopraklarÄ±
 ; [cca2=IO].translations.tur.official
Expected: Britanya Hint Okyanusu TopraklarÃ„Â±
     got: Britanya Hint Okyanusu TopraklarÄ±
 ; [cca2=IO].translations.urd.common
Expected: Ã˜Â¨Ã˜Â±Ã˜Â·Ã˜Â§Ã™â€ Ã™Ë†Ã›Å’ Ã˜Â¨Ã˜Â­Ã˜Â±Ã›ï¿½Ã™â€ Ã˜Â¯ Ã˜Â®Ã˜Â·Ã›ï¿½
     got: Ø¨Ø±Ø·Ø§Ù†ÙˆÛŒ Ø¨Ø­Ø±Û�Ù†Ø¯ Ø®Ø·Û�
 ; [cca2=IO].translations.urd.official
Expected: Ã˜Â¨Ã˜Â±Ã˜Â·Ã˜Â§Ã™â€ Ã™Ë†Ã›Å’ Ã˜Â¨Ã˜Â­Ã˜Â±Ã›ï¿½Ã™â€ Ã˜Â¯ Ã˜Â®Ã˜Â·Ã›ï¿½
     got: Ø¨Ø±Ø·Ø§Ù†ÙˆÛŒ Ø¨Ø­Ø±Û�Ù†Ø¯ Ø®Ø·Û�
 ; [cca2=IO].translations.zho.common
Expected: Ã¨â€¹Â±Ã¥Â±Å¾Ã¥ï¿½Â°Ã¥ÂºÂ¦Ã¦Â´â€¹Ã©Â¢â€ Ã¥Å“Â°
     got: è‹±å±žå�°åº¦æ´‹é¢†åœ°
 ; [cca2=IO].translations.zho.official
Expected: Ã¨â€¹Â±Ã¥Â±Å¾Ã¥ï¿½Â°Ã¥ÂºÂ¦Ã¦Â´â€¹Ã©Â¢â€ Ã¥Å“Â°
     got: è‹±å±žå�°åº¦æ´‹é¢†åœ°
 ; [cca2=ZA].flag
Expected: Ã°Å¸â€¡Â¿Ã°Å¸â€¡Â¦
     got: ðŸ‡¿ðŸ‡¦
 ; [cca2=ZA].name.nativeName.ven.official
Expected: RiphabuÃ¡Â¸Â½iki ya Afurika Tshipembe
     got: Riphabuá¸½iki ya Afurika Tshipembe
 ; [cca2=ZA].translations.ara.common
Expected: Ã˜Â¬Ã™â€ Ã™Ë†Ã˜Â¨ Ã˜Â£Ã™ï¿½Ã˜Â±Ã™Å Ã™â€šÃ™Å Ã˜Â§
     got: Ø¬Ù†ÙˆØ¨ Ø£Ù�Ø±ÙŠÙ‚ÙŠØ§
 ; [cca2=ZA].translations.ara.official
Expected: Ã˜Â¬Ã™â€¦Ã™â€¡Ã™Ë†Ã˜Â±Ã™Å Ã˜Â© Ã˜Â¬Ã™â€ Ã™Ë†Ã˜Â¨ Ã˜Â£Ã™ï¿½Ã˜Â±Ã™Å Ã™â€šÃ™Å Ã˜Â§
     got: Ø¬Ù…Ù‡ÙˆØ±ÙŠØ© Ø¬Ù†ÙˆØ¨ Ø£Ù�Ø±ÙŠÙ‚ÙŠØ§
 ; [cca2=ZA].translations.ces.common
Expected: JihoafrickÃƒÂ¡ republika
     got: JihoafrickÃ¡ republika
 ; [cca2=ZA].translations.ces.official
Expected: JihoafrickÃƒÂ¡ republika
     got: JihoafrickÃ¡ republika
 ; [cca2=ZA].translations.deu.common
Expected: SÃƒÂ¼dafrika
     got: SÃ¼dafrika
 ; [cca2=ZA].translations.deu.official
Expected: Republik SÃƒÂ¼dafrika
     got: Republik SÃ¼dafrika
 ; [cca2=ZA].translations.est.common
Expected: LÃƒÂµuna-Aafrika Vabariik
     got: LÃµuna-Aafrika Vabariik
 ; [cca2=ZA].translations.est.official
Expected: LÃƒÂµuna-Aafrika Vabariik
     got: LÃµuna-Aafrika Vabariik
 ; [cca2=ZA].translations.fin.common
Expected: EtelÃƒÂ¤-Afrikka
     got: EtelÃ¤-Afrikka
 ; [cca2=ZA].translations.fin.official
Expected: EtelÃƒÂ¤-Afrikan tasavalta
     got: EtelÃ¤-Afrikan tasavalta
 ; [cca2=ZA].translations.fra.official
Expected: RÃƒÂ©publique d&apos;Afrique du Sud
     got: RÃ©publique d&apos;Afrique du Sud
 ; [cca2=ZA].translations.hrv.common
Expected: JuÃ…Â¾na Afrika
     got: JuÅ¾na Afrika
 ; [cca2=ZA].translations.hrv.official
Expected: JuÃ…Â¾noafriÃ„ï¿½ka Republika
     got: JuÅ¾noafriÄ�ka Republika
 ; [cca2=ZA].translations.hun.common
Expected: DÃƒÂ©l-afrikai KÃƒÂ¶ztÃƒÂ¡rsasÃƒÂ¡g
     got: DÃ©l-afrikai KÃ¶ztÃ¡rsasÃ¡g
 ; [cca2=ZA].translations.hun.official
Expected: DÃƒÂ©l-afrikai KÃƒÂ¶ztÃƒÂ¡rsasÃƒÂ¡g
     got: DÃ©l-afrikai KÃ¶ztÃ¡rsasÃ¡g
 ; [cca2=ZA].translations.jpn.common
Expected: Ã¥ï¿½â€”Ã£â€šÂ¢Ã£Æ’â€¢Ã£Æ’ÂªÃ£â€šÂ«
     got: å�—ã‚¢ãƒ•ãƒªã‚«
 ; [cca2=ZA].translations.jpn.official
Expected: Ã¥ï¿½â€”Ã£â€šÂ¢Ã£Æ’â€¢Ã£Æ’ÂªÃ£â€šÂ«Ã¥â€¦Â±Ã¥â€™Å’Ã¥â€ºÂ½
     got: å�—ã‚¢ãƒ•ãƒªã‚«å…±å’Œå›½
 ; [cca2=ZA].translations.kor.common
Expected: Ã«â€šÂ¨Ã¬â€¢â€žÃ­â€�â€žÃ«Â¦Â¬Ã¬Â¹Â´
     got: ë‚¨ì•„í”„ë¦¬ì¹´
 ; [cca2=ZA].translations.kor.official
Expected: Ã«â€šÂ¨Ã¬â€¢â€žÃ­â€�â€žÃ«Â¦Â¬Ã¬Â¹Â´ ÃªÂ³ÂµÃ­â„¢â€�ÃªÂµÂ­
     got: ë‚¨ì•„í”„ë¦¬ì¹´ ê³µí™”êµ­
 ; [cca2=ZA].translations.per.common
Expected: Ã˜Â¢Ã™ï¿½Ã˜Â±Ã›Å’Ã™â€šÃ˜Â§Ã›Å’ Ã˜Â¬Ã™â€ Ã™Ë†Ã˜Â¨Ã›Å’
     got: Ø¢Ù�Ø±ÛŒÙ‚Ø§ÛŒ Ø¬Ù†ÙˆØ¨ÛŒ
 ; [cca2=ZA].translations.per.official
Expected: Ã˜Â¬Ã™â€¦Ã™â€¡Ã™Ë†Ã˜Â±Ã›Å’ Ã˜Â¢Ã™ï¿½Ã˜Â±Ã›Å’Ã™â€šÃ˜Â§Ã›Å’ Ã˜Â¬Ã™â€ Ã™Ë†Ã˜Â¨Ã›Å’
     got: Ø¬Ù…Ù‡ÙˆØ±ÛŒ Ø¢Ù�Ø±ÛŒÙ‚Ø§ÛŒ Ø¬Ù†ÙˆØ¨ÛŒ
 ; [cca2=ZA].translations.pol.common
Expected: PoÃ…â€šudniowa Afryka
     got: PoÅ‚udniowa Afryka
 ; [cca2=ZA].translations.pol.official
Expected: Republika PoÃ…â€šudniowej Afryki
     got: Republika PoÅ‚udniowej Afryki
 ; [cca2=ZA].translations.por.common
Expected: Ãƒï¿½frica do Sul
     got: Ã�frica do Sul
 ; [cca2=ZA].translations.por.official
Expected: RepÃƒÂºblica da Ãƒï¿½frica do Sul
     got: RepÃºblica da Ã�frica do Sul
 ; [cca2=ZA].translations.rus.common
Expected: Ã�Â®Ã�Â¶Ã�Â½Ã�Â°Ã‘ï¿½ Ã�ï¿½Ã‘â€žÃ‘â‚¬Ã�Â¸Ã�ÂºÃ�Â°
     got: Ð®Ð¶Ð½Ð°Ñ� Ð�Ñ„Ñ€Ð¸ÐºÐ°
 ; [cca2=ZA].translations.rus.official
Expected: Ã�Â®Ã�Â¶Ã�Â½Ã�Â¾-Ã�ï¿½Ã‘â€žÃ‘â‚¬Ã�Â¸Ã�ÂºÃ�Â°Ã�Â½Ã‘ï¿½Ã�ÂºÃ�Â°Ã‘ï¿½ Ã�Â Ã�ÂµÃ‘ï¿½Ã�Â¿Ã‘Æ’Ã�Â±Ã�Â»Ã�Â¸Ã�ÂºÃ�Â°
     got: Ð®Ð¶Ð½Ð¾-Ð�Ñ„Ñ€Ð¸ÐºÐ°Ð½Ñ�ÐºÐ°Ñ� Ð ÐµÑ�Ð¿ÑƒÐ±Ð»Ð¸ÐºÐ°
 ; [cca2=ZA].translations.slk.common
Expected: JuÃ…Â¾nÃƒÂ¡ Afrika
     got: JuÅ¾nÃ¡ Afrika
 ; [cca2=ZA].translations.slk.official
Expected: JuhoafrickÃƒÂ¡ republika
     got: JuhoafrickÃ¡ republika
 ; [cca2=ZA].translations.spa.common
Expected: SudÃƒÂ¡frica
     got: SudÃ¡frica
 ; [cca2=ZA].translations.spa.official
Expected: RepÃƒÂºblica de SudÃƒÂ¡frica
     got: RepÃºblica de SudÃ¡frica
 ; [cca2=ZA].translations.srp.common
Expected: Ã�Ë†Ã‘Æ’Ã�Â¶Ã�Â½Ã�Â¾Ã�Â°Ã‘â€žÃ‘â‚¬Ã�Â¸Ã‘â€¡Ã�ÂºÃ�Â° Ã�Â Ã�ÂµÃ�Â¿Ã‘Æ’Ã�Â±Ã�Â»Ã�Â¸Ã�ÂºÃ�Â°
     got: ÐˆÑƒÐ¶Ð½Ð¾Ð°Ñ„Ñ€Ð¸Ñ‡ÐºÐ° Ð ÐµÐ¿ÑƒÐ±Ð»Ð¸ÐºÐ°
 ; [cca2=ZA].translations.srp.official
Expected: Ã�Â Ã�ÂµÃ�Â¿Ã‘Æ’Ã�Â±Ã�Â»Ã�Â¸Ã�ÂºÃ�Â° Ã�Ë†Ã‘Æ’Ã�Â¶Ã�Â½Ã�Â° Ã�ï¿½Ã‘â€žÃ‘â‚¬Ã�Â¸Ã�ÂºÃ�Â°
     got: Ð ÐµÐ¿ÑƒÐ±Ð»Ð¸ÐºÐ° ÐˆÑƒÐ¶Ð½Ð° Ð�Ñ„Ñ€Ð¸ÐºÐ°
 ; [cca2=ZA].translations.tur.common
Expected: GÃƒÂ¼ney Afrika
     got: GÃ¼ney Afrika
 ; [cca2=ZA].translations.tur.official
Expected: GÃƒÂ¼ney Afrika Cumhuriyeti
     got: GÃ¼ney Afrika Cumhuriyeti
 ; [cca2=ZA].translations.urd.common
Expected: Ã˜Â¬Ã™â€ Ã™Ë†Ã˜Â¨Ã›Å’ Ã˜Â§Ã™ï¿½Ã˜Â±Ã›Å’Ã™â€šÃ˜Â§
     got: Ø¬Ù†ÙˆØ¨ÛŒ Ø§Ù�Ø±ÛŒÙ‚Ø§
 ; [cca2=ZA].translations.urd.official
Expected: Ã˜Â¬Ã™â€¦Ã›ï¿½Ã™Ë†Ã˜Â±Ã›Å’Ã›ï¿½ Ã˜Â¬Ã™â€ Ã™Ë†Ã˜Â¨Ã›Å’ Ã˜Â§Ã™ï¿½Ã˜Â±Ã›Å’Ã™â€šÃ˜Â§
     got: Ø¬Ù…Û�ÙˆØ±ÛŒÛ� Ø¬Ù†ÙˆØ¨ÛŒ Ø§Ù�Ø±ÛŒÙ‚Ø§
 ; [cca2=ZA].translations.zho.common
Expected: Ã¥ï¿½â€”Ã©ï¿½Å¾
     got: å�—é�ž
 ; [cca2=ZA].translations.zho.official
Expected: Ã¥ï¿½â€”Ã©ï¿½Å¾Ã¥â€¦Â±Ã¥â€™Å’Ã¥â€ºÂ½
     got: å�—é�žå…±å’Œå›½
 ; [cca2=IQ].altSpellings[]
Expected: JumhÃ…Â«riyyat al-Ã¢â‚¬ËœIrÃ„ï¿½q
     but none found
 ; [cca2=IQ].altSpellings[]
Unexpected: JumhÅ«riyyat al-â€˜IrÄ�q
 ; [cca2=IQ].currencies.IQD.symbol
Expected: Ã˜Â¹.Ã˜Â¯
     got: Ø¹.Ø¯
 ; [cca2=IQ].flag
Expected: Ã°Å¸â€¡Â®Ã°Å¸â€¡Â¶
     got: ðŸ‡®ðŸ‡¶
 ; [cca2=IQ].name.nativeName.ara.common
Expected: Ã˜Â§Ã™â€žÃ˜Â¹Ã˜Â±Ã˜Â§Ã™â€š
     got: Ø§Ù„Ø¹Ø±Ø§Ù‚
 ; [cca2=IQ].name.nativeName.ara.official
Expected: Ã˜Â¬Ã™â€¦Ã™â€¡Ã™Ë†Ã˜Â±Ã™Å Ã˜Â© Ã˜Â§Ã™â€žÃ˜Â¹Ã˜Â±Ã˜Â§Ã™â€š
     got: Ø¬Ù…Ù‡ÙˆØ±ÙŠØ© Ø§Ù„Ø¹Ø±Ø§Ù‚
 ; [cca2=IQ].name.nativeName.arc.common
Expected: ÃœÂ©ÃœËœÃœÂ¼Ãœâ€ºÃœÂ¢ÃœÂµÃœï¿½
     got: Ü©Ü˜Ü¼Ü›Ü¢ÜµÜ�
 ; [cca2=IQ].name.nativeName.arc.official
Expected: ÃœÂ©ÃœËœÃœÂ¼Ãœâ€ºÃœÂ¢ÃœÂµÃœï¿½ Ãœï¿½Ãœï¿½ÃœÂ¼ÃœÂªÃœÂ²ÃœÂ©
     got: Ü©Ü˜Ü¼Ü›Ü¢ÜµÜ� Ü�Ü�Ü¼ÜªÜ²Ü©
 ; [cca2=IQ].name.nativeName.ckb.common
Expected: ÃšÂ©Ã›â€ Ã™â€¦Ã˜Â§Ã˜Â±Ã›Å’
     got: Ú©Û†Ù…Ø§Ø±ÛŒ
 ; [cca2=IQ].name.nativeName.ckb.official
Expected: ÃšÂ©Ã›â€ Ã™â€¦Ã˜Â§Ã˜Â±Ã›Å’ Ã˜Â¹Ã›Å½Ã˜Â±Ã˜Â§Ã™â€š
     got: Ú©Û†Ù…Ø§Ø±ÛŒ Ø¹ÛŽØ±Ø§Ù‚
 ; [cca2=IQ].translations.ara.common
Expected: Ã˜Â§Ã™â€žÃ˜Â¹Ã˜Â±Ã˜Â§Ã™â€š
     got: Ø§Ù„Ø¹Ø±Ø§Ù‚
 ; [cca2=IQ].translations.ara.official
Expected: Ã˜Â¬Ã™â€¦Ã™â€¡Ã™Ë†Ã˜Â±Ã™Å Ã˜Â© Ã˜Â§Ã™â€žÃ˜Â¹Ã˜Â±Ã˜Â§Ã™â€š
     got: Ø¬Ù…Ù‡ÙˆØ±ÙŠØ© Ø§Ù„Ø¹Ø±Ø§Ù‚
 ; [cca2=IQ].translations.ces.common
Expected: IrÃƒÂ¡k
     got: IrÃ¡k
 ; [cca2=IQ].translations.ces.official
Expected: IrÃƒÂ¡ckÃƒÂ¡ republika
     got: IrÃ¡ckÃ¡ republika
 ; [cca2=IQ].translations.fra.official
Expected: RÃƒÂ©publique d&apos;Irak
     got: RÃ©publique d&apos;Irak
 ; [cca2=IQ].translations.hun.official
Expected: Iraki KÃƒÂ¶ztÃƒÂ¡rsasÃƒÂ¡g
     got: Iraki KÃ¶ztÃ¡rsasÃ¡g
 ; [cca2=IQ].translations.jpn.common
Expected: Ã£â€šÂ¤Ã£Æ’Â©Ã£â€šÂ¯
     got: ã‚¤ãƒ©ã‚¯
 ; [cca2=IQ].translations.jpn.official
Expected: Ã£â€šÂ¤Ã£Æ’Â©Ã£â€šÂ¯Ã¥â€¦Â±Ã¥â€™Å’Ã¥â€ºÂ½
     got: ã‚¤ãƒ©ã‚¯å…±å’Œå›½
 ; [cca2=IQ].translations.kor.common
Expected: Ã¬ï¿½Â´Ã«ï¿½Â¼Ã­ï¿½Â¬
     got: ì�´ë�¼í�¬
 ; [cca2=IQ].translations.kor.official
Expected: Ã¬ï¿½Â´Ã«ï¿½Â¼Ã­ï¿½Â¬ ÃªÂ³ÂµÃ­â„¢â€�ÃªÂµÂ­
     got: ì�´ë�¼í�¬ ê³µí™”êµ­
 ; [cca2=IQ].translations.per.common
Expected: Ã˜Â¹Ã˜Â±Ã˜Â§Ã™â€š
     got: Ø¹Ø±Ø§Ù‚
 ; [cca2=IQ].translations.per.official
Expected: Ã˜Â¬Ã™â€¦Ã™â€¡Ã™Ë†Ã˜Â±Ã›Å’ Ã˜Â¹Ã˜Â±Ã˜Â§Ã™â€š
     got: Ø¬Ù…Ù‡ÙˆØ±ÛŒ Ø¹Ø±Ø§Ù‚
 ; [cca2=IQ].translations.por.official
Expected: RepÃƒÂºblica do Iraque
     got: RepÃºblica do Iraque
 ; [cca2=IQ].translations.rus.common
Expected: Ã�ËœÃ‘â‚¬Ã�Â°Ã�Âº
     got: Ð˜Ñ€Ð°Ðº
 ; [cca2=IQ].translations.rus.official
Expected: Ã�Â Ã�ÂµÃ‘ï¿½Ã�Â¿Ã‘Æ’Ã�Â±Ã�Â»Ã�Â¸Ã�ÂºÃ�Â° Ã�ËœÃ‘â‚¬Ã�Â°Ã�Âº
     got: Ð ÐµÑ�Ð¿ÑƒÐ±Ð»Ð¸ÐºÐ° Ð˜Ñ€Ð°Ðº
 ; [cca2=IQ].translations.slk.official
Expected: IrackÃƒÂ¡ republika
     got: IrackÃ¡ republika
 ; [cca2=IQ].translations.spa.official
Expected: RepÃƒÂºblica de Irak
     got: RepÃºblica de Irak
 ; [cca2=IQ].translations.srp.common
Expected: Ã�ËœÃ‘â‚¬Ã�Â°Ã�Âº
     got: Ð˜Ñ€Ð°Ðº
 ; [cca2=IQ].translations.srp.official
Expected: Ã�Â Ã�ÂµÃ�Â¿Ã‘Æ’Ã�Â±Ã�Â»Ã�Â¸Ã�ÂºÃ�Â° Ã�ËœÃ‘â‚¬Ã�Â°Ã�Âº
     got: Ð ÐµÐ¿ÑƒÐ±Ð»Ð¸ÐºÐ° Ð˜Ñ€Ð°Ðº
 ; [cca2=IQ].translations.urd.common
Expected: Ã˜Â¹Ã˜Â±Ã˜Â§Ã™â€š
     got: Ø¹Ø±Ø§Ù‚
 ; [cca2=IQ].translations.urd.official
Expected: Ã˜Â¬Ã™â€¦Ã›ï¿½Ã™Ë†Ã˜Â±Ã›Å’Ã›ï¿½ Ã˜Â¹Ã˜Â±Ã˜Â§Ã™â€š
     got: Ø¬Ù…Û�ÙˆØ±ÛŒÛ� Ø¹Ø±Ø§Ù‚
 ; [cca2=IQ].translations.zho.common
Expected: Ã¤Â¼Å Ã¦â€¹â€°Ã¥â€¦â€¹
     got: ä¼Šæ‹‰å…‹
 ; [cca2=IQ].translations.zho.official
Expected: Ã¤Â¼Å Ã¦â€¹â€°Ã¥â€¦â€¹Ã¥â€¦Â±Ã¥â€™Å’Ã¥â€ºÂ½
     got: ä¼Šæ‹‰å…‹å…±å’Œå›½
 ; [cca2=IR].altSpellings[]
Expected: Jomhuri-ye EslÃ„ï¿½mi-ye IrÃ„ï¿½n
     but none found
 ; [cca2=IR].altSpellings[]
Unexpected: Jomhuri-ye EslÄ�mi-ye IrÄ�n
 ; [cca2=IR].currencies.IRR.symbol
Expected: Ã¯Â·Â¼
     got: ï·¼
 ; [cca2=IR].flag
Expected: Ã°Å¸â€¡Â®Ã°Å¸â€¡Â·
     got: ðŸ‡®ðŸ‡·
 ; [cca2=IR].name.nativeName.fas.common
Expected: Ã˜Â§Ã›Å’Ã˜Â±Ã˜Â§Ã™â€ 
     got: Ø§ÛŒØ±Ø§Ù†
 ; [cca2=IR].name.nativeName.fas.official
Expected: Ã˜Â¬Ã™â€¦Ã™â€¡Ã™Ë†Ã˜Â±Ã›Å’ Ã˜Â§Ã˜Â³Ã™â€žÃ˜Â§Ã™â€¦Ã›Å’ Ã˜Â§Ã›Å’Ã˜Â±Ã˜Â§Ã™â€ 
     got: Ø¬Ù…Ù‡ÙˆØ±ÛŒ Ø§Ø³Ù„Ø§Ù…ÛŒ Ø§ÛŒØ±Ø§Ù†
 ; [cca2=IR].tld[]
Expected: Ã˜Â§Ã›Å’Ã˜Â±Ã˜Â§Ã™â€ .
     but none found
 ; [cca2=IR].tld[]
Unexpected: Ø§ÛŒØ±Ø§Ù†.
 ; [cca2=IR].translations.ara.common
Expected: Ã˜Â¥Ã™Å Ã˜Â±Ã˜Â§Ã™â€ 
     got: Ø¥ÙŠØ±Ø§Ù†
 ; [cca2=IR].translations.ara.official
Expected: Ã˜Â¬Ã™â€¦Ã™â€¡Ã™Ë†Ã˜Â±Ã™Å Ã˜Â© Ã˜Â¥Ã™Å Ã˜Â±Ã˜Â§Ã™â€  Ã˜Â§Ã™â€žÃ˜Â¥Ã˜Â³Ã™â€žÃ˜Â§Ã™â€¦Ã™Å Ã˜Â©
     got: Ø¬Ù…Ù‡ÙˆØ±ÙŠØ© Ø¥ÙŠØ±Ø§Ù† Ø§Ù„Ø¥Ø³Ù„Ø§Ù…ÙŠØ©
 ; [cca2=IR].translations.ces.common
Expected: Ãƒï¿½rÃƒÂ¡n
     got: Ã�rÃ¡n
 ; [cca2=IR].translations.ces.official
Expected: IslÃƒÂ¡mskÃƒÂ¡ republika Ãƒï¿½rÃƒÂ¡n
     got: IslÃ¡mskÃ¡ republika Ã�rÃ¡n
 ; [cca2=IR].translations.fra.official
Expected: RÃƒÂ©publique islamique d&apos;Iran
     got: RÃ©publique islamique d&apos;Iran
 ; [cca2=IR].translations.hun.common
Expected: IrÃƒÂ¡n
     got: IrÃ¡n
 ; [cca2=IR].translations.hun.official
Expected: IrÃƒÂ¡ni IszlÃƒÂ¡m KÃƒÂ¶ztÃƒÂ¡rsasÃƒÂ¡g
     got: IrÃ¡ni IszlÃ¡m KÃ¶ztÃ¡rsasÃ¡g
 ; [cca2=IR].translations.jpn.common
Expected: Ã£â€šÂ¤Ã£Æ’Â©Ã£Æ’Â³Ã£Æ’Â»Ã£â€šÂ¤Ã£â€šÂ¹Ã£Æ’Â©Ã£Æ’Â Ã¥â€¦Â±Ã¥â€™Å’Ã¥â€ºÂ½
     got: ã‚¤ãƒ©ãƒ³ãƒ»ã‚¤ã‚¹ãƒ©ãƒ å…±å’Œå›½
 ; [cca2=IR].translations.jpn.official
Expected: Ã£â€šÂ¤Ã£Æ’Â©Ã£Æ’Â³Ã‚Â·Ã£â€šÂ¤Ã£â€šÂ¹Ã£Æ’Â©Ã£Æ’Â Ã¥â€¦Â±Ã¥â€™Å’Ã¥â€ºÂ½
     got: ã‚¤ãƒ©ãƒ³Â·ã‚¤ã‚¹ãƒ©ãƒ å…±å’Œå›½
 ; [cca2=IR].translations.kor.common
Expected: Ã¬ï¿½Â´Ã«Å¾â‚¬
     got: ì�´ëž€
 ; [cca2=IR].translations.kor.official
Expected: Ã¬ï¿½Â´Ã«Å¾â‚¬ Ã¬ï¿½Â´Ã¬Å Â¬Ã«Å¾Å’ ÃªÂ³ÂµÃ­â„¢â€�ÃªÂµÂ­
     got: ì�´ëž€ ì�´ìŠ¬ëžŒ ê³µí™”êµ­
 ; [cca2=IR].translations.por.common
Expected: IrÃƒÂ£o
     got: IrÃ£o
 ; [cca2=IR].translations.por.official
Expected: RepÃƒÂºblica IslÃƒÂ¢mica do IrÃƒÂ£
     got: RepÃºblica IslÃ¢mica do IrÃ£
 ; [cca2=IR].translations.rus.common
Expected: Ã�ËœÃ‘â‚¬Ã�Â°Ã�Â½
     got: Ð˜Ñ€Ð°Ð½
 ; [cca2=IR].translations.rus.official
Expected: Ã�ËœÃ‘ï¿½Ã�Â»Ã�Â°Ã�Â¼Ã‘ï¿½Ã�ÂºÃ�Â°Ã‘ï¿½ Ã�Â Ã�ÂµÃ‘ï¿½Ã�Â¿Ã‘Æ’Ã�Â±Ã�Â»Ã�Â¸Ã�ÂºÃ�Â° Ã�ËœÃ‘â‚¬Ã�Â°Ã�Â½
     got: Ð˜Ñ�Ð»Ð°Ð¼Ñ�ÐºÐ°Ñ� Ð ÐµÑ�Ð¿ÑƒÐ±Ð»Ð¸ÐºÐ° Ð˜Ñ€Ð°Ð½
 ; [cca2=IR].translations.slk.common
Expected: IrÃƒÂ¡n
     got: IrÃ¡n
 ; [cca2=IR].translations.slk.official
Expected: IrÃƒÂ¡nska islamskÃƒÂ¡ republika
     got: IrÃ¡nska islamskÃ¡ republika
 ; [cca2=IR].translations.spa.official
Expected: RepÃƒÂºblica IslÃƒÂ¡mica de IrÃƒÂ¡n
     got: RepÃºblica IslÃ¡mica de IrÃ¡n
 ; [cca2=IR].translations.srp.common
Expected: Ã�ËœÃ‘â‚¬Ã�Â°Ã�Â½
     got: Ð˜Ñ€Ð°Ð½
 ; [cca2=IR].translations.srp.official
Expected: Ã�ËœÃ‘ï¿½Ã�Â»Ã�Â°Ã�Â¼Ã‘ï¿½Ã�ÂºÃ�Â° Ã�Â Ã�ÂµÃ�Â¿Ã‘Æ’Ã�Â±Ã�Â»Ã�Â¸Ã�ÂºÃ�Â° Ã�ËœÃ‘â‚¬Ã�Â°Ã�Â½
     got: Ð˜Ñ�Ð»Ð°Ð¼Ñ�ÐºÐ° Ð ÐµÐ¿ÑƒÐ±Ð»Ð¸ÐºÐ° Ð˜Ñ€Ð°Ð½
 ; [cca2=IR].translations.tur.common
Expected: Ã„Â°ran
     got: Ä°ran
 ; [cca2=IR].translations.tur.official
Expected: Ã„Â°ran Ã„Â°slam Cumhuriyeti
     got: Ä°ran Ä°slam Cumhuriyeti
 ; [cca2=IR].translations.urd.common
Expected: Ã˜Â§Ã›Å’Ã˜Â±Ã˜Â§Ã™â€ 
     got: Ø§ÛŒØ±Ø§Ù†
 ; [cca2=IR].translations.urd.official
Expected: Ã˜Â¬Ã™â€¦Ã›ï¿½Ã™Ë†Ã˜Â±Ã›Å’Ã›ï¿½ Ã˜Â§Ã›Å’Ã˜Â±Ã˜Â§Ã™â€ 
     got: Ø¬Ù…Û�ÙˆØ±ÛŒÛ� Ø§ÛŒØ±Ø§Ù†
 ; [cca2=IR].translations.zho.common
Expected: Ã¤Â¼Å Ã¦Å“â€”
     got: ä¼Šæœ—
 ; [cca2=IR].translations.zho.official
Expected: Ã¤Â¼Å Ã¦Å“â€”Ã¤Â¼Å Ã¦â€“Â¯Ã¥â€¦Â°Ã¥â€¦Â±Ã¥â€™Å’Ã¥â€ºÂ½
     got: ä¼Šæœ—ä¼Šæ–¯å…°å…±å’Œå›½
 ; [cca2=IS].altSpellings[]
Expected: LÃƒÂ½ÃƒÂ°veldiÃƒÂ° Ãƒï¿½sland
     but none found
 ; [cca2=IS].altSpellings[]
Unexpected: LÃ½Ã°veldiÃ° Ã�sland
 ; [cca2=IS].currencies.ISK.name
Expected: Icelandic krÃƒÂ³na
     got: Icelandic krÃ³na
 ; [cca2=IS].flag
Expected: Ã°Å¸â€¡Â®Ã°Å¸â€¡Â¸
     got: ðŸ‡®ðŸ‡¸
 ; [cca2=IS].name.nativeName.isl.common
Expected: Ãƒï¿½sland
     got: Ã�sland
 ; [cca2=IS].name.nativeName.isl.official
Expected: Ãƒï¿½sland
     got: Ã�sland
 ; [cca2=IS].translations.ara.common
Expected: Ã˜Â¢Ã™Å Ã˜Â³Ã™â€žÃ™â€ Ã˜Â¯Ã˜Â§
     got: Ø¢ÙŠØ³Ù„Ù†Ø¯Ø§
 ; [cca2=IS].translations.ara.official
Expected: Ã˜Â¢Ã™Å Ã˜Â³Ã™â€žÃ™â€ Ã˜Â¯Ã˜Â§
     got: Ø¢ÙŠØ³Ù„Ù†Ø¯Ø§
 ; [cca2=IS].translations.fra.official
Expected: RÃƒÂ©publique d&apos;Islande
     got: RÃ©publique d&apos;Islande
 ; [cca2=IS].translations.jpn.common
Expected: Ã£â€šÂ¢Ã£â€šÂ¤Ã£â€šÂ¹Ã£Æ’Â©Ã£Æ’Â³Ã£Æ’â€°
     got: ã‚¢ã‚¤ã‚¹ãƒ©ãƒ³ãƒ‰
 ; [cca2=IS].translations.jpn.official
Expected: Ã£â€šÂ¢Ã£â€šÂ¤Ã£â€šÂ¹Ã£Æ’Â©Ã£Æ’Â³Ã£Æ’â€°
     got: ã‚¢ã‚¤ã‚¹ãƒ©ãƒ³ãƒ‰
 ; [cca2=IS].translations.kor.common
Expected: Ã¬â€¢â€žÃ¬ï¿½Â´Ã¬Å Â¬Ã«Å¾â‚¬Ã«â€œÅ“
     got: ì•„ì�´ìŠ¬ëž€ë“œ
 ; [cca2=IS].translations.kor.official
Expected: Ã¬â€¢â€žÃ¬ï¿½Â´Ã¬Å Â¬Ã«Å¾â‚¬Ã«â€œÅ“ ÃªÂ³ÂµÃ­â„¢â€�ÃªÂµÂ­
     got: ì•„ì�´ìŠ¬ëž€ë“œ ê³µí™”êµ­
 ; [cca2=IS].translations.per.common
Expected: Ã˜Â§Ã›Å’Ã˜Â³Ã™â€žÃ™â€ Ã˜Â¯
     got: Ø§ÛŒØ³Ù„Ù†Ø¯
 ; [cca2=IS].translations.per.official
Expected: Ã˜Â¬Ã™â€¦Ã™â€¡Ã™Ë†Ã˜Â±Ã›Å’ Ã˜Â§Ã›Å’Ã˜Â³Ã™â€žÃ™â€ Ã˜Â¯
     got: Ø¬Ù…Ù‡ÙˆØ±ÛŒ Ø§ÛŒØ³Ù„Ù†Ø¯
 ; [cca2=IS].translations.por.common
Expected: IslÃƒÂ¢ndia
     got: IslÃ¢ndia
 ; [cca2=IS].translations.por.official
Expected: IslÃƒÂ¢ndia
     got: IslÃ¢ndia
 ; [cca2=IS].translations.rus.common
Expected: Ã�ËœÃ‘ï¿½Ã�Â»Ã�Â°Ã�Â½Ã�Â´Ã�Â¸Ã‘ï¿½
     got: Ð˜Ñ�Ð»Ð°Ð½Ð´Ð¸Ñ�
 ; [cca2=IS].translations.rus.official
Expected: Ã�ËœÃ‘ï¿½Ã�Â»Ã�Â°Ã�Â½Ã�Â´Ã�Â¸Ã‘ï¿½
     got: Ð˜Ñ�Ð»Ð°Ð½Ð´Ð¸Ñ�
 ; [cca2=IS].translations.slk.official
Expected: IslandskÃƒÂ¡ republika
     got: IslandskÃ¡ republika
 ; [cca2=IS].translations.srp.common
Expected: Ã�ËœÃ‘ï¿½Ã�Â»Ã�Â°Ã�Â½Ã�Â´
     got: Ð˜Ñ�Ð»Ð°Ð½Ð´
 ; [cca2=IS].translations.srp.official
Expected: Ã�ËœÃ‘ï¿½Ã�Â»Ã�Â°Ã�Â½Ã�Â´
     got: Ð˜Ñ�Ð»Ð°Ð½Ð´
 ; [cca2=IS].translations.tur.common
Expected: Ã„Â°zlanda
     got: Ä°zlanda
 ; [cca2=IS].translations.tur.official
Expected: Ã„Â°zlanda
     got: Ä°zlanda
 ; [cca2=IS].translations.urd.common
Expected: Ã˜Â¢Ã˜Â¦Ã˜Â³ Ã™â€žÃ›Å’Ã™â€ ÃšË†
     got: Ø¢Ø¦Ø³ Ù„ÛŒÙ†Úˆ
 ; [cca2=IS].translations.urd.official
Expected: Ã˜Â¢Ã˜Â¦Ã˜Â³ Ã™â€žÃ›Å’Ã™â€ ÃšË†
     got: Ø¢Ø¦Ø³ Ù„ÛŒÙ†Úˆ
 ; [cca2=IS].translations.zho.common
Expected: Ã¥â€ Â°Ã¥Â²â€º
     got: å†°å²›
 ; [cca2=IS].translations.zho.official
Expected: Ã¥â€ Â°Ã¥Â²â€º
     got: å†°å²›
 ; [cca2=IT].currencies.EUR.symbol
Expected: Ã¢â€šÂ¬
     got: â‚¬
 ; [cca2=IT].flag
Expected: Ã°Å¸â€¡Â®Ã°Å¸â€¡Â¹
     got: ðŸ‡®ðŸ‡¹
 ; [cca2=IT].translations.ara.common
Expected: Ã˜Â¥Ã™Å Ã˜Â·Ã˜Â§Ã™â€žÃ™Å Ã˜Â§
     got: Ø¥ÙŠØ·Ø§Ù„ÙŠØ§
 ; [cca2=IT].translations.ara.official
Expected: Ã˜Â§Ã™â€žÃ˜Â¬Ã™â€¦Ã™â€¡Ã™Ë†Ã˜Â±Ã™Å Ã˜Â© Ã˜Â§Ã™â€žÃ˜Â¥Ã™Å Ã˜Â·Ã˜Â§Ã™â€žÃ™Å Ã˜Â©
     got: Ø§Ù„Ø¬Ù…Ù‡ÙˆØ±ÙŠØ© Ø§Ù„Ø¥ÙŠØ·Ø§Ù„ÙŠØ©
 ; [cca2=IT].translations.ces.common
Expected: ItÃƒÂ¡lie
     got: ItÃ¡lie
 ; [cca2=IT].translations.ces.official
Expected: ItalskÃƒÂ¡ republika
     got: ItalskÃ¡ republika
 ; [cca2=IT].translations.fra.official
Expected: RÃƒÂ©publique italienne
     got: RÃ©publique italienne
 ; [cca2=IT].translations.hun.common
Expected: OlaszorszÃƒÂ¡g
     got: OlaszorszÃ¡g
 ; [cca2=IT].translations.hun.official
Expected: Olasz KÃƒÂ¶ztÃƒÂ¡rsasÃƒÂ¡g
     got: Olasz KÃ¶ztÃ¡rsasÃ¡g
 ; [cca2=IT].translations.jpn.common
Expected: Ã£â€šÂ¤Ã£â€šÂ¿Ã£Æ’ÂªÃ£â€šÂ¢
     got: ã‚¤ã‚¿ãƒªã‚¢
 ; [cca2=IT].translations.jpn.official
Expected: Ã£â€šÂ¤Ã£â€šÂ¿Ã£Æ’ÂªÃ£â€šÂ¢Ã¥â€¦Â±Ã¥â€™Å’Ã¥â€ºÂ½
     got: ã‚¤ã‚¿ãƒªã‚¢å…±å’Œå›½
 ; [cca2=IT].translations.kor.common
Expected: Ã¬ï¿½Â´Ã­Æ’Ë†Ã«Â¦Â¬Ã¬â€¢â€ž
     got: ì�´íƒˆë¦¬ì•„
 ; [cca2=IT].translations.kor.official
Expected: Ã¬ï¿½Â´Ã­Æ’Ë†Ã«Â¦Â¬Ã¬â€¢â€ž ÃªÂ³ÂµÃ­â„¢â€�ÃªÂµÂ­
     got: ì�´íƒˆë¦¬ì•„ ê³µí™”êµ­
 ; [cca2=IT].translations.nld.common
Expected: ItaliÃƒÂ«
     got: ItaliÃ«
 ; [cca2=IT].translations.per.common
Expected: Ã˜Â§Ã›Å’Ã˜ÂªÃ˜Â§Ã™â€žÃ›Å’Ã˜Â§
     got: Ø§ÛŒØªØ§Ù„ÛŒØ§
 ; [cca2=IT].translations.per.official
Expected: Ã˜Â¬Ã™â€¦Ã™â€¡Ã™Ë†Ã˜Â±Ã›Å’ Ã˜Â§Ã›Å’Ã˜ÂªÃ˜Â§Ã™â€žÃ›Å’Ã˜Â§
     got: Ø¬Ù…Ù‡ÙˆØ±ÛŒ Ø§ÛŒØªØ§Ù„ÛŒØ§
 ; [cca2=IT].translations.pol.common
Expected: WÃ…â€šochy
     got: WÅ‚ochy
 ; [cca2=IT].translations.pol.official
Expected: Republika WÃ…â€šoska
     got: Republika WÅ‚oska
 ; [cca2=IT].translations.por.common
Expected: ItÃƒÂ¡lia
     got: ItÃ¡lia
 ; [cca2=IT].translations.por.official
Expected: RepÃƒÂºblica Italiana
     got: RepÃºblica Italiana
 ; [cca2=IT].translations.rus.common
Expected: Ã�ËœÃ‘â€šÃ�Â°Ã�Â»Ã�Â¸Ã‘ï¿½
     got: Ð˜Ñ‚Ð°Ð»Ð¸Ñ�
 ; [cca2=IT].translations.rus.official
Expected: Ã�Â¸Ã‘â€šÃ�Â°Ã�Â»Ã‘Å’Ã‘ï¿½Ã�Â½Ã‘ï¿½Ã�ÂºÃ�Â°Ã‘ï¿½ Ã�Â Ã�ÂµÃ‘ï¿½Ã�Â¿Ã‘Æ’Ã�Â±Ã�Â»Ã�Â¸Ã�ÂºÃ�Â°
     got: Ð¸Ñ‚Ð°Ð»ÑŒÑ�Ð½Ñ�ÐºÐ°Ñ� Ð ÐµÑ�Ð¿ÑƒÐ±Ð»Ð¸ÐºÐ°
 ; [cca2=IT].translations.spa.official
Expected: RepÃƒÂºblica Italiana
     got: RepÃºblica Italiana
 ; [cca2=IT].translations.srp.common
Expected: Ã�ËœÃ‘â€šÃ�Â°Ã�Â»Ã�Â¸Ã‘ËœÃ�Â°
     got: Ð˜Ñ‚Ð°Ð»Ð¸Ñ˜Ð°
 ; [cca2=IT].translations.srp.official
Expected: Ã�ËœÃ‘â€šÃ�Â°Ã�Â»Ã�Â¸Ã‘ËœÃ�Â°Ã�Â½Ã‘ï¿½Ã�ÂºÃ�Â° Ã�Â Ã�ÂµÃ�Â¿Ã‘Æ’Ã�Â±Ã�Â»Ã�Â¸Ã�ÂºÃ�Â°
     got: Ð˜Ñ‚Ð°Ð»Ð¸Ñ˜Ð°Ð½Ñ�ÐºÐ° Ð ÐµÐ¿ÑƒÐ±Ð»Ð¸ÐºÐ°
 ; [cca2=IT].translations.tur.common
Expected: Ã„Â°talya
     got: Ä°talya
 ; [cca2=IT].translations.tur.official
Expected: Ã„Â°talyan Cumhuriyeti
     got: Ä°talyan Cumhuriyeti
 ; [cca2=IT].translations.urd.common
Expected: Ã˜Â§Ã˜Â·Ã˜Â§Ã™â€žÃ›Å’Ã›ï¿½
     got: Ø§Ø·Ø§Ù„ÛŒÛ�
 ; [cca2=IT].translations.urd.official
Expected: Ã˜Â¬Ã™â€¦Ã›ï¿½Ã™Ë†Ã˜Â±Ã›Å’Ã›ï¿½ Ã˜Â§Ã˜Â·Ã˜Â§Ã™â€žÃ›Å’Ã›ï¿½
     got: Ø¬Ù…Û�ÙˆØ±ÛŒÛ� Ø§Ø·Ø§Ù„ÛŒÛ�
 ; [cca2=IT].translations.zho.common
Expected: Ã¦â€žï¿½Ã¥Â¤Â§Ã¥Ë†Â©
     got: æ„�å¤§åˆ©
 ; [cca2=IT].translations.zho.official
Expected: Ã¦â€žï¿½Ã¥Â¤Â§Ã¥Ë†Â©Ã¥â€¦Â±Ã¥â€™Å’Ã¥â€ºÂ½
     got: æ„�å¤§åˆ©å…±å’Œå›½
 ; [cca2=ZM].flag
Expected: Ã°Å¸â€¡Â¿Ã°Å¸â€¡Â²
     got: ðŸ‡¿ðŸ‡²
 ; [cca2=ZM].translations.ara.common
Expected: Ã˜Â²Ã˜Â§Ã™â€¦Ã˜Â¨Ã™Å Ã˜Â§
     got: Ø²Ø§Ù…Ø¨ÙŠØ§
 ; [cca2=ZM].translations.ara.official
Expected: Ã˜Â¬Ã™â€¦Ã™â€¡Ã™Ë†Ã˜Â±Ã™Å Ã˜Â© Ã˜Â²Ã˜Â§Ã™â€¦Ã˜Â¨Ã™Å Ã˜Â§
     got: Ø¬Ù…Ù‡ÙˆØ±ÙŠØ© Ø²Ø§Ù…Ø¨ÙŠØ§
 ; [cca2=ZM].translations.ces.official
Expected: ZambijskÃƒÂ¡ republika
     got: ZambijskÃ¡ republika
 ; [cca2=ZM].translations.fra.official
Expected: RÃƒÂ©publique de Zambie
     got: RÃ©publique de Zambie
 ; [cca2=ZM].translations.hun.official
Expected: Zambiai KÃƒÂ¶ztÃƒÂ¡rsasÃƒÂ¡g
     got: Zambiai KÃ¶ztÃ¡rsasÃ¡g
 ; [cca2=ZM].translations.jpn.common
Expected: Ã£â€šÂ¶Ã£Æ’Â³Ã£Æ’â€œÃ£â€šÂ¢
     got: ã‚¶ãƒ³ãƒ“ã‚¢
 ; [cca2=ZM].translations.jpn.official
Expected: Ã£â€šÂ¶Ã£Æ’Â³Ã£Æ’â€œÃ£â€šÂ¢Ã¥â€¦Â±Ã¥â€™Å’Ã¥â€ºÂ½
     got: ã‚¶ãƒ³ãƒ“ã‚¢å…±å’Œå›½
 ; [cca2=ZM].translations.kor.common
Expected: Ã¬Å¾Â Ã«Â¹â€žÃ¬â€¢â€ž
     got: ìž ë¹„ì•„
 ; [cca2=ZM].translations.kor.official
Expected: Ã¬Å¾Â Ã«Â¹â€žÃ¬â€¢â€ž ÃªÂ³ÂµÃ­â„¢â€�ÃªÂµÂ­
     got: ìž ë¹„ì•„ ê³µí™”êµ­
 ; [cca2=ZM].translations.per.common
Expected: Ã˜Â²Ã˜Â§Ã™â€¦Ã˜Â¨Ã›Å’Ã˜Â§
     got: Ø²Ø§Ù…Ø¨ÛŒØ§
 ; [cca2=ZM].translations.per.official
Expected: Ã˜Â¬Ã™â€¦Ã™â€¡Ã™Ë†Ã˜Â±Ã›Å’ Ã˜Â²Ã˜Â§Ã™â€¦Ã˜Â¨Ã›Å’Ã˜Â§
     got: Ø¬Ù…Ù‡ÙˆØ±ÛŒ Ø²Ø§Ù…Ø¨ÛŒØ§
 ; [cca2=ZM].translations.por.common
Expected: ZÃƒÂ¢mbia
     got: ZÃ¢mbia
 ; [cca2=ZM].translations.por.official
Expected: RepÃƒÂºblica da ZÃƒÂ¢mbia
     got: RepÃºblica da ZÃ¢mbia
 ; [cca2=ZM].translations.rus.common
Expected: Ã�â€”Ã�Â°Ã�Â¼Ã�Â±Ã�Â¸Ã‘ï¿½
     got: Ð—Ð°Ð¼Ð±Ð¸Ñ�
 ; [cca2=ZM].translations.rus.official
Expected: Ã�Â Ã�ÂµÃ‘ï¿½Ã�Â¿Ã‘Æ’Ã�Â±Ã�Â»Ã�Â¸Ã�ÂºÃ�Â° Ã�â€”Ã�Â°Ã�Â¼Ã�Â±Ã�Â¸Ã‘ï¿½
     got: Ð ÐµÑ�Ð¿ÑƒÐ±Ð»Ð¸ÐºÐ° Ð—Ð°Ð¼Ð±Ð¸Ñ�
 ; [cca2=ZM].translations.slk.official
Expected: ZambijskÃƒÂ¡ republika
     got: ZambijskÃ¡ republika
 ; [cca2=ZM].translations.spa.official
Expected: RepÃƒÂºblica de Zambia
     got: RepÃºblica de Zambia
 ; [cca2=ZM].translations.srp.common
Expected: Ã�â€”Ã�Â°Ã�Â¼Ã�Â±Ã�Â¸Ã‘ËœÃ�Â°
     got: Ð—Ð°Ð¼Ð±Ð¸Ñ˜Ð°
 ; [cca2=ZM].translations.srp.official
Expected: Ã�Â Ã�ÂµÃ�Â¿Ã‘Æ’Ã�Â±Ã�Â»Ã�Â¸Ã�ÂºÃ�Â° Ã�â€”Ã�Â°Ã�Â¼Ã�Â±Ã�Â¸Ã‘ËœÃ�Â°
     got: Ð ÐµÐ¿ÑƒÐ±Ð»Ð¸ÐºÐ° Ð—Ð°Ð¼Ð±Ð¸Ñ˜Ð°
 ; [cca2=ZM].translations.urd.common
Expected: Ã˜Â²Ã›Å’Ã™â€¦Ã˜Â¨Ã›Å’Ã˜Â§
     got: Ø²ÛŒÙ…Ø¨ÛŒØ§
 ; [cca2=ZM].translations.urd.official
Expected: Ã˜Â¬Ã™â€¦Ã›ï¿½Ã™Ë†Ã˜Â±Ã›Å’Ã›ï¿½ Ã˜Â²Ã›Å’Ã™â€¦Ã˜Â¨Ã›Å’Ã˜Â§
     got: Ø¬Ù…Û�ÙˆØ±ÛŒÛ� Ø²ÛŒÙ…Ø¨ÛŒØ§
 ; [cca2=ZM].translations.zho.common
Expected: Ã¨ÂµÅ¾Ã¦Â¯â€�Ã¤ÂºÅ¡
     got: èµžæ¯”äºš
 ; [cca2=ZM].translations.zho.official
Expected: Ã¨ÂµÅ¾Ã¦Â¯â€�Ã¤ÂºÅ¡Ã¥â€¦Â±Ã¥â€™Å’Ã¥â€ºÂ½
     got: èµžæ¯”äºšå…±å’Œå›½
 ; [cca2=JE].altSpellings[]
Expected: Bailliage dÃƒÂ© JÃƒÂ¨rri
     but none found
 ; [cca2=JE].altSpellings[]
Unexpected: Bailliage dÃ© JÃ¨rri
 ; [cca2=JE].currencies.GBP.symbol
Expected: Ã‚Â£
     got: Â£
 ; [cca2=JE].currencies.JEP.symbol
Expected: Ã‚Â£
     got: Â£
 ; [cca2=JE].flag
Expected: Ã°Å¸â€¡Â¯Ã°Å¸â€¡Âª
     got: ðŸ‡¯ðŸ‡ª
 ; [cca2=JE].languages.nrf
Expected: JÃƒÂ¨rriais
     got: JÃ¨rriais
 ; [cca2=JE].name.nativeName.nrf.common
Expected: JÃƒÂ¨rri
     got: JÃ¨rri
 ; [cca2=JE].name.nativeName.nrf.official
Expected: Bailliage dÃƒÂ© JÃƒÂ¨rri
     got: Bailliage dÃ© JÃ¨rri
 ; [cca2=JE].translations.ara.common
Expected: Ã˜Â¬Ã™Å Ã˜Â±Ã˜Â²Ã™Å 
     got: Ø¬ÙŠØ±Ø²ÙŠ
 ; [cca2=JE].translations.ara.official
Expected: Ã˜Â¬Ã™Å Ã˜Â±Ã˜Â²Ã™Å 
     got: Ø¬ÙŠØ±Ø²ÙŠ
 ; [cca2=JE].translations.ces.official
Expected: RychtÃƒÂ¡Ã…â„¢stvÃƒÂ­ Jersey
     got: RychtÃ¡Å™stvÃ­ Jersey
 ; [cca2=JE].translations.jpn.common
Expected: Ã£â€šÂ¸Ã£Æ’Â£Ã£Æ’Â¼Ã£â€šÂ¸Ã£Æ’Â¼
     got: ã‚¸ãƒ£ãƒ¼ã‚¸ãƒ¼
 ; [cca2=JE].translations.jpn.official
Expected: Ã£â€šÂ¸Ã£Æ’Â£Ã£Æ’Â¼Ã£â€šÂ¸Ã£ï¿½Â®Ã¥Â¾â€”Ã¦â€žï¿½Ã¥Ë†â€ Ã©â€¡Å½
     got: ã‚¸ãƒ£ãƒ¼ã‚¸ã�®å¾—æ„�åˆ†é‡Ž
 ; [cca2=JE].translations.kor.common
Expected: Ã¬Â â‚¬Ã¬Â§â‚¬ Ã¬â€žÂ¬
     got: ì €ì§€ ì„¬
 ; [cca2=JE].translations.kor.official
Expected: Ã¬Â â‚¬Ã¬Â§â‚¬ Ã¬â€žÂ¬
     got: ì €ì§€ ì„¬
 ; [cca2=JE].translations.per.common
Expected: Ã˜Â¬Ã˜Â±Ã˜Â²Ã›Å’
     got: Ø¬Ø±Ø²ÛŒ
 ; [cca2=JE].translations.per.official
Expected: Ã˜Â¬Ã˜Â±Ã˜Â²Ã›Å’
     got: Ø¬Ø±Ø²ÛŒ
 ; [cca2=JE].translations.rus.common
Expected: Ã�â€�Ã�Â¶Ã�ÂµÃ‘â‚¬Ã‘ï¿½Ã�Â¸
     got: Ð”Ð¶ÐµÑ€Ñ�Ð¸
 ; [cca2=JE].translations.rus.official
Expected: Ã�Å¡Ã�Â¾Ã‘â‚¬Ã�Â¾Ã�Â½Ã�Â½Ã�Â¾Ã�Âµ Ã�Â²Ã�Â»Ã�Â°Ã�Â´Ã�ÂµÃ�Â½Ã�Â¸Ã�Âµ Ã�â€�Ã�Â¶Ã�ÂµÃ‘â‚¬Ã‘ï¿½Ã�Â¸
     got: ÐšÐ¾Ñ€Ð¾Ð½Ð½Ð¾Ðµ Ð²Ð»Ð°Ð´ÐµÐ½Ð¸Ðµ Ð”Ð¶ÐµÑ€Ñ�Ð¸
 ; [cca2=JE].translations.spa.official
Expected: BailÃƒÂ­a de Jersey
     got: BailÃ­a de Jersey
 ; [cca2=JE].translations.srp.common
Expected: Ã�ï¿½Ã�ÂµÃ‘â‚¬Ã�Â·Ã�Â¸
     got: Ð�ÐµÑ€Ð·Ð¸
 ; [cca2=JE].translations.srp.official
Expected: Ã�ï¿½Ã�ÂµÃ‘â‚¬Ã�Â·Ã�Â¸
     got: Ð�ÐµÑ€Ð·Ð¸
 ; [cca2=JE].translations.urd.common
Expected: Ã˜Â¬Ã˜Â±Ã˜Â²Ã›Å’
     got: Ø¬Ø±Ø²ÛŒ
 ; [cca2=JE].translations.urd.official
Expected: Ã˜Â¬Ã˜Â±Ã˜Â²Ã›Å’
     got: Ø¬Ø±Ø²ÛŒ
 ; [cca2=JE].translations.zho.common
Expected: Ã¦Â³Â½Ã¨Â¥Â¿Ã¥Â²â€º
     got: æ³½è¥¿å²›
 ; [cca2=JE].translations.zho.official
Expected: Ã¦Â³Â½Ã¨Â¥Â¿Ã¥Â²â€º
     got: æ³½è¥¿å²›
 ; [cca2=ZW].demonyms.fra.f
Expected: ZimbabwÃƒÂ©enne
     got: ZimbabwÃ©enne
 ; [cca2=ZW].demonyms.fra.m
Expected: ZimbabwÃƒÂ©en
     got: ZimbabwÃ©en
 ; [cca2=ZW].flag
Expected: Ã°Å¸â€¡Â¿Ã°Å¸â€¡Â¼
     got: ðŸ‡¿ðŸ‡¼
 ; [cca2=ZW].translations.ara.common
Expected: Ã˜Â²Ã™Å Ã™â€¦Ã˜Â¨Ã˜Â§Ã˜Â¨Ã™Ë†Ã™Å 
     got: Ø²ÙŠÙ…Ø¨Ø§Ø¨ÙˆÙŠ
 ; [cca2=ZW].translations.ara.official
Expected: Ã˜Â¬Ã™â€¦Ã™â€¡Ã™Ë†Ã˜Â±Ã™Å Ã˜Â© Ã˜Â²Ã™Å Ã™â€¦Ã˜Â¨Ã˜Â§Ã˜Â¨Ã™Ë†Ã™Å 
     got: Ø¬Ù…Ù‡ÙˆØ±ÙŠØ© Ø²ÙŠÙ…Ø¨Ø§Ø¨ÙˆÙŠ
 ; [cca2=ZW].translations.ces.official
Expected: ZimbabwskÃƒÂ¡ republika
     got: ZimbabwskÃ¡ republika
 ; [cca2=ZW].translations.fra.official
Expected: RÃƒÂ©publique du Zimbabwe
     got: RÃ©publique du Zimbabwe
 ; [cca2=ZW].translations.hun.official
Expected: Zimbabwei KÃƒÂ¶ztÃƒÂ¡rsasÃƒÂ¡g
     got: Zimbabwei KÃ¶ztÃ¡rsasÃ¡g
 ; [cca2=ZW].translations.jpn.common
Expected: Ã£â€šÂ¸Ã£Æ’Â³Ã£Æ’ï¿½Ã£Æ’â€“Ã£â€šÂ¨
     got: ã‚¸ãƒ³ãƒ�ãƒ–ã‚¨
 ; [cca2=ZW].translations.jpn.official
Expected: Ã£â€šÂ¸Ã£Æ’Â³Ã£Æ’ï¿½Ã£Æ’â€“Ã£â€šÂ¨Ã¥â€¦Â±Ã¥â€™Å’Ã¥â€ºÂ½
     got: ã‚¸ãƒ³ãƒ�ãƒ–ã‚¨å…±å’Œå›½
 ; [cca2=ZW].translations.kor.common
Expected: Ã¬Â§ï¿½Ã«Â°â€�Ã«Â¸Å’Ã¬â€ºÂ¨
     got: ì§�ë°”ë¸Œì›¨
 ; [cca2=ZW].translations.kor.official
Expected: Ã¬Â§ï¿½Ã«Â°â€�Ã«Â¸Å’Ã¬â€ºÂ¨ ÃªÂ³ÂµÃ­â„¢â€�ÃªÂµÂ­
     got: ì§�ë°”ë¸Œì›¨ ê³µí™”êµ­
 ; [cca2=ZW].translations.per.common
Expected: Ã˜Â²Ã›Å’Ã™â€¦Ã˜Â¨Ã˜Â§Ã˜Â¨Ã™Ë†Ã™â€¡
     got: Ø²ÛŒÙ…Ø¨Ø§Ø¨ÙˆÙ‡
 ; [cca2=ZW].translations.per.official
Expected: Ã˜Â¬Ã™â€¦Ã™â€¡Ã™Ë†Ã˜Â±Ã›Å’ Ã˜Â²Ã›Å’Ã™â€¦Ã˜Â¨Ã˜Â§Ã˜Â¨Ã™Ë†Ã™â€¡
     got: Ø¬Ù…Ù‡ÙˆØ±ÛŒ Ø²ÛŒÙ…Ø¨Ø§Ø¨ÙˆÙ‡
 ; [cca2=ZW].translations.por.official
Expected: RepÃƒÂºblica do Zimbabwe
     got: RepÃºblica do Zimbabwe
 ; [cca2=ZW].translations.rus.common
Expected: Ã�â€”Ã�Â¸Ã�Â¼Ã�Â±Ã�Â°Ã�Â±Ã�Â²Ã�Âµ
     got: Ð—Ð¸Ð¼Ð±Ð°Ð±Ð²Ðµ
 ; [cca2=ZW].translations.rus.official
Expected: Ã�Â Ã�ÂµÃ‘ï¿½Ã�Â¿Ã‘Æ’Ã�Â±Ã�Â»Ã�Â¸Ã�ÂºÃ�Â° Ã�â€”Ã�Â¸Ã�Â¼Ã�Â±Ã�Â°Ã�Â±Ã�Â²Ã�Âµ
     got: Ð ÐµÑ�Ð¿ÑƒÐ±Ð»Ð¸ÐºÐ° Ð—Ð¸Ð¼Ð±Ð°Ð±Ð²Ðµ
 ; [cca2=ZW].translations.spa.official
Expected: RepÃƒÂºblica de Zimbabue
     got: RepÃºblica de Zimbabue
 ; [cca2=ZW].translations.srp.common
Expected: Ã�â€”Ã�Â¸Ã�Â¼Ã�Â±Ã�Â°Ã�Â±Ã�Â²Ã�Âµ
     got: Ð—Ð¸Ð¼Ð±Ð°Ð±Ð²Ðµ
 ; [cca2=ZW].translations.srp.official
Expected: Ã�Â Ã�ÂµÃ�Â¿Ã‘Æ’Ã�Â±Ã�Â»Ã�Â¸Ã�ÂºÃ�Â° Ã�â€”Ã�Â¸Ã�Â¼Ã�Â±Ã�Â°Ã�Â±Ã�Â²Ã�Âµ
     got: Ð ÐµÐ¿ÑƒÐ±Ð»Ð¸ÐºÐ° Ð—Ð¸Ð¼Ð±Ð°Ð±Ð²Ðµ
 ; [cca2=ZW].translations.urd.common
Expected: Ã˜Â²Ã™â€¦Ã˜Â¨Ã˜Â§Ã˜Â¨Ã™Ë†Ã›â€™
     got: Ø²Ù…Ø¨Ø§Ø¨ÙˆÛ’
 ; [cca2=ZW].translations.urd.official
Expected: Ã˜Â¬Ã™â€¦Ã›ï¿½Ã™Ë†Ã˜Â±Ã›Å’Ã›ï¿½ Ã˜Â²Ã™â€¦Ã˜Â¨Ã˜Â§Ã˜Â¨Ã™Ë†Ã›â€™
     got: Ø¬Ù…Û�ÙˆØ±ÛŒÛ� Ø²Ù…Ø¨Ø§Ø¨ÙˆÛ’
 ; [cca2=ZW].translations.zho.common
Expected: Ã¦Â´Â¥Ã¥Â·Â´Ã¥Â¸Æ’Ã©Å¸Â¦
     got: æ´¥å·´å¸ƒéŸ¦
 ; [cca2=ZW].translations.zho.official
Expected: Ã¦Â´Â¥Ã¥Â·Â´Ã¥Â¸Æ’Ã©Å¸Â¦Ã¥â€¦Â±Ã¥â€™Å’Ã¥â€ºÂ½
     got: æ´¥å·´å¸ƒéŸ¦å…±å’Œå›½
 ; [cca2=JM].demonyms.fra.f
Expected: JamaÃƒÂ¯caine
     got: JamaÃ¯caine
 ; [cca2=JM].demonyms.fra.m
Expected: JamaÃƒÂ¯cain
     got: JamaÃ¯cain
 ; [cca2=JM].flag
Expected: Ã°Å¸â€¡Â¯Ã°Å¸â€¡Â²
     got: ðŸ‡¯ðŸ‡²
 ; [cca2=JM].translations.ara.common
Expected: Ã˜Â¬Ã˜Â§Ã™â€¦Ã˜Â§Ã™Å Ã™Æ’Ã˜Â§
     got: Ø¬Ø§Ù…Ø§ÙŠÙƒØ§
 ; [cca2=JM].translations.ara.official
Expected: Ã˜Â¬Ã˜Â§Ã™â€¦Ã˜Â§Ã™Å Ã™Æ’Ã˜Â§
     got: Ø¬Ø§Ù…Ø§ÙŠÙƒØ§
 ; [cca2=JM].translations.fra.common
Expected: JamaÃƒÂ¯que
     got: JamaÃ¯que
 ; [cca2=JM].translations.fra.official
Expected: JamaÃƒÂ¯que
     got: JamaÃ¯que
 ; [cca2=JM].translations.jpn.common
Expected: Ã£â€šÂ¸Ã£Æ’Â£Ã£Æ’Å¾Ã£â€šÂ¤Ã£â€šÂ«
     got: ã‚¸ãƒ£ãƒžã‚¤ã‚«
 ; [cca2=JM].translations.jpn.official
Expected: Ã£â€šÂ¸Ã£Æ’Â£Ã£Æ’Å¾Ã£â€šÂ¤Ã£â€šÂ«
     got: ã‚¸ãƒ£ãƒžã‚¤ã‚«
 ; [cca2=JM].translations.kor.common
Expected: Ã¬Å¾ï¿½Ã«Â©â€�Ã¬ï¿½Â´Ã¬Â¹Â´
     got: ìž�ë©”ì�´ì¹´
 ; [cca2=JM].translations.kor.official
Expected: Ã¬Å¾ï¿½Ã«Â©â€�Ã¬ï¿½Â´Ã¬Â¹Â´
     got: ìž�ë©”ì�´ì¹´
 ; [cca2=JM].translations.per.common
Expected: Ã˜Â¬Ã˜Â§Ã™â€¦Ã˜Â§Ã˜Â¦Ã›Å’ÃšÂ©Ã˜Â§
     got: Ø¬Ø§Ù…Ø§Ø¦ÛŒÚ©Ø§
 ; [cca2=JM].translations.per.official
Expected: Ã˜Â¬Ã˜Â§Ã™â€¦Ã˜Â§Ã˜Â¦Ã›Å’ÃšÂ©Ã˜Â§
     got: Ø¬Ø§Ù…Ø§Ø¦ÛŒÚ©Ø§
 ; [cca2=JM].translations.rus.common
Expected: Ã�Â¯Ã�Â¼Ã�Â°Ã�Â¹Ã�ÂºÃ�Â°
     got: Ð¯Ð¼Ð°Ð¹ÐºÐ°
 ; [cca2=JM].translations.rus.official
Expected: Ã�Â¯Ã�Â¼Ã�Â°Ã�Â¹Ã�ÂºÃ�Â°
     got: Ð¯Ð¼Ð°Ð¹ÐºÐ°
 ; [cca2=JM].translations.srp.common
Expected: Ã�Ë†Ã�Â°Ã�Â¼Ã�Â°Ã‘ËœÃ�ÂºÃ�Â°
     got: ÐˆÐ°Ð¼Ð°Ñ˜ÐºÐ°
 ; [cca2=JM].translations.srp.official
Expected: Ã�Ë†Ã�Â°Ã�Â¼Ã�Â°Ã‘ËœÃ�ÂºÃ�Â°
     got: ÐˆÐ°Ð¼Ð°Ñ˜ÐºÐ°
 ; [cca2=JM].translations.urd.common
Expected: Ã˜Â¬Ã™â€¦Ã›Å’ÃšÂ©Ã˜Â§
     got: Ø¬Ù…ÛŒÚ©Ø§
 ; [cca2=JM].translations.urd.official
Expected: Ã˜Â¬Ã™â€¦Ã›Å’ÃšÂ©Ã˜Â§
     got: Ø¬Ù…ÛŒÚ©Ø§
 ; [cca2=JM].translations.zho.common
Expected: Ã§â€°â„¢Ã¤Â¹Â°Ã¥Å Â 
     got: ç‰™ä¹°åŠ 
 ; [cca2=JM].translations.zho.official
Expected: Ã§â€°â„¢Ã¤Â¹Â°Ã¥Å Â 
     got: ç‰™ä¹°åŠ 
 ; [cca2=JO].altSpellings[]
Expected: al-Mamlakah al-UrdunÃ„Â«yah al-HÃ„ï¿½shimÃ„Â«yah
     but none found
 ; [cca2=JO].altSpellings[]
Unexpected: al-Mamlakah al-UrdunÄ«yah al-HÄ�shimÄ«yah
 ; [cca2=JO].currencies.JOD.symbol
Expected: Ã˜Â¯.Ã˜Â§
     got: Ø¯.Ø§
 ; [cca2=JO].flag
Expected: Ã°Å¸â€¡Â¯Ã°Å¸â€¡Â´
     got: ðŸ‡¯ðŸ‡´
 ; [cca2=JO].name.nativeName.ara.common
Expected: Ã˜Â§Ã™â€žÃ˜Â£Ã˜Â±Ã˜Â¯Ã™â€ 
     got: Ø§Ù„Ø£Ø±Ø¯Ù†
 ; [cca2=JO].name.nativeName.ara.official
Expected: Ã˜Â§Ã™â€žÃ™â€¦Ã™â€¦Ã™â€žÃ™Æ’Ã˜Â© Ã˜Â§Ã™â€žÃ˜Â£Ã˜Â±Ã˜Â¯Ã™â€ Ã™Å Ã˜Â© Ã˜Â§Ã™â€žÃ™â€¡Ã˜Â§Ã˜Â´Ã™â€¦Ã™Å Ã˜Â©
     got: Ø§Ù„Ù…Ù…Ù„ÙƒØ© Ø§Ù„Ø£Ø±Ø¯Ù†ÙŠØ© Ø§Ù„Ù‡Ø§Ø´Ù…ÙŠØ©
 ; [cca2=JO].tld[]
Expected: Ã˜Â§Ã™â€žÃ˜Â§Ã˜Â±Ã˜Â¯Ã™â€ .
     but none found
 ; [cca2=JO].tld[]
Unexpected: Ø§Ù„Ø§Ø±Ø¯Ù†.
 ; [cca2=JO].translations.ara.common
Expected: Ã˜Â§Ã™â€žÃ˜Â£Ã˜Â±Ã˜Â¯Ã™â€ 
     got: Ø§Ù„Ø£Ø±Ø¯Ù†
 ; [cca2=JO].translations.ara.official
Expected: Ã˜Â§Ã™â€žÃ™â€¦Ã™â€¦Ã™â€žÃ™Æ’Ã˜Â© Ã˜Â§Ã™â€žÃ˜Â£Ã˜Â±Ã˜Â¯Ã™â€ Ã™Å Ã˜Â© Ã˜Â§Ã™â€žÃ™â€¡Ã˜Â§Ã˜Â´Ã™â€¦Ã™Å Ã˜Â©
     got: Ø§Ù„Ù…Ù…Ù„ÙƒØ© Ø§Ù„Ø£Ø±Ø¯Ù†ÙŠØ© Ø§Ù„Ù‡Ø§Ø´Ù…ÙŠØ©
 ; [cca2=JO].translations.ces.common
Expected: JordÃƒÂ¡nsko
     got: JordÃ¡nsko
 ; [cca2=JO].translations.ces.official
Expected: JordÃƒÂ¡nskÃƒÂ© hÃƒÂ¡Ã…Â¡imovskÃƒÂ© krÃƒÂ¡lovstvÃƒÂ­
     got: JordÃ¡nskÃ© hÃ¡Å¡imovskÃ© krÃ¡lovstvÃ­
 ; [cca2=JO].translations.deu.official
Expected: Haschemitisches KÃƒÂ¶nigreich Jordanien
     got: Haschemitisches KÃ¶nigreich Jordanien
 ; [cca2=JO].translations.est.official
Expected: Jordaania HaÃ…Â¡imiidi Kuningriik
     got: Jordaania HaÅ¡imiidi Kuningriik
 ; [cca2=JO].translations.fin.official
Expected: Jordanian haÃ…Â¡emiittinen kunigaskunta
     got: Jordanian haÅ¡emiittinen kunigaskunta
 ; [cca2=JO].translations.fra.official
Expected: Royaume hachÃƒÂ©mite de Jordanie
     got: Royaume hachÃ©mite de Jordanie
 ; [cca2=JO].translations.hrv.official
Expected: HaÃ…Â¡emitske Kraljevine Jordan
     got: HaÅ¡emitske Kraljevine Jordan
 ; [cca2=JO].translations.hun.common
Expected: JordÃƒÂ¡nia
     got: JordÃ¡nia
 ; [cca2=JO].translations.hun.official
Expected: JordÃƒÂ¡nia
     got: JordÃ¡nia
 ; [cca2=JO].translations.jpn.common
Expected: Ã£Æ’Â¨Ã£Æ’Â«Ã£Æ’â‚¬Ã£Æ’Â³
     got: ãƒ¨ãƒ«ãƒ€ãƒ³
 ; [cca2=JO].translations.jpn.official
Expected: Ã£Æ’Â¨Ã£Æ’Â«Ã£Æ’â‚¬Ã£Æ’Â³Ã‚Â·Ã£Æ’ï¿½Ã£â€šÂ·Ã£Æ’Å¸Ã£Æ’â€ Ã§Å½â€¹Ã¥â€ºÂ½
     got: ãƒ¨ãƒ«ãƒ€ãƒ³Â·ãƒ�ã‚·ãƒŸãƒ†çŽ‹å›½
 ; [cca2=JO].translations.kor.common
Expected: Ã¬Å¡â€�Ã«Â¥Â´Ã«â€¹Â¨
     got: ìš”ë¥´ë‹¨
 ; [cca2=JO].translations.kor.official
Expected: Ã¬Å¡â€�Ã«Â¥Â´Ã«â€¹Â¨ Ã­â€¢ËœÃ¬â€¹Â¬ Ã¬â„¢â€¢ÃªÂµÂ­
     got: ìš”ë¥´ë‹¨ í•˜ì‹¬ ì™•êµ­
 ; [cca2=JO].translations.nld.common
Expected: JordaniÃƒÂ«
     got: JordaniÃ«
 ; [cca2=JO].translations.nld.official
Expected: Hasjemitisch Koninkrijk JordaniÃƒÂ«
     got: Hasjemitisch Koninkrijk JordaniÃ«
 ; [cca2=JO].translations.per.common
Expected: Ã˜Â§Ã˜Â±Ã˜Â¯Ã™â€ 
     got: Ø§Ø±Ø¯Ù†
 ; [cca2=JO].translations.per.official
Expected: Ã™Â¾Ã˜Â§Ã˜Â¯Ã˜Â´Ã˜Â§Ã™â€¡Ã›Å’ Ã˜Â§Ã™ï¿½Ã˜Â±Ã˜Â¯Ã™ï¿½Ã™â€  Ã™â€¡Ã˜Â§Ã˜Â´Ã™â€¦Ã›Å’
     got: Ù¾Ø§Ø¯Ø´Ø§Ù‡ÛŒ Ø§Ù�Ø±Ø¯Ù�Ù† Ù‡Ø§Ø´Ù…ÛŒ
 ; [cca2=JO].translations.pol.official
Expected: JordaÃ…â€žskie KrÃƒÂ³lestwo Haszymidzkie
     got: JordaÅ„skie KrÃ³lestwo Haszymidzkie
 ; [cca2=JO].translations.por.common
Expected: JordÃƒÂ¢nia
     got: JordÃ¢nia
 ; [cca2=JO].translations.por.official
Expected: Reino Hachemita da JordÃƒÂ¢nia
     got: Reino Hachemita da JordÃ¢nia
 ; [cca2=JO].translations.rus.common
Expected: Ã�ËœÃ�Â¾Ã‘â‚¬Ã�Â´Ã�Â°Ã�Â½Ã�Â¸Ã‘ï¿½
     got: Ð˜Ð¾Ñ€Ð´Ð°Ð½Ð¸Ñ�
 ; [cca2=JO].translations.rus.official
Expected: Ã�ËœÃ�Â¾Ã‘â‚¬Ã�Â´Ã�Â°Ã�Â½Ã‘ï¿½Ã�ÂºÃ�Â¾Ã�Â³Ã�Â¾ Ã�Â¥Ã�Â°Ã‘Ë†Ã�Â¸Ã�Â¼Ã�Â¸Ã‘â€šÃ‘ï¿½Ã�ÂºÃ�Â¾Ã�Â³Ã�Â¾ Ã�Å¡Ã�Â¾Ã‘â‚¬Ã�Â¾Ã�Â»Ã�ÂµÃ�Â²Ã‘ï¿½Ã‘â€šÃ�Â²Ã�Â°
     got: Ð˜Ð¾Ñ€Ð´Ð°Ð½Ñ�ÐºÐ¾Ð³Ð¾ Ð¥Ð°ÑˆÐ¸Ð¼Ð¸Ñ‚Ñ�ÐºÐ¾Ð³Ð¾ ÐšÐ¾Ñ€Ð¾Ð»ÐµÐ²Ñ�Ñ‚Ð²Ð°
 ; [cca2=JO].translations.slk.common
Expected: JordÃƒÂ¡nsko
     got: JordÃ¡nsko
 ; [cca2=JO].translations.slk.official
Expected: JordÃƒÂ¡nske hÃƒÂ¡Ã…Â¡imovskÃƒÂ© krÃƒÂ¡Ã„Â¾ovstvo
     got: JordÃ¡nske hÃ¡Å¡imovskÃ© krÃ¡Ä¾ovstvo
 ; [cca2=JO].translations.srp.common
Expected: Ã�Ë†Ã�Â¾Ã‘â‚¬Ã�Â´Ã�Â°Ã�Â½
     got: ÐˆÐ¾Ñ€Ð´Ð°Ð½
 ; [cca2=JO].translations.srp.official
Expected: Ã�Â¥Ã�Â°Ã‘Ë†Ã�ÂµÃ�Â¼Ã�Â¸Ã‘â€šÃ‘ï¿½Ã�ÂºÃ�Â° Ã�Å¡Ã‘â‚¬Ã�Â°Ã‘â„¢Ã�ÂµÃ�Â²Ã�Â¸Ã�Â½Ã�Â° Ã�Ë†Ã�Â¾Ã‘â‚¬Ã�Â´Ã�Â°Ã�Â½
     got: Ð¥Ð°ÑˆÐµÐ¼Ð¸Ñ‚Ñ�ÐºÐ° ÐšÑ€Ð°Ñ™ÐµÐ²Ð¸Ð½Ð° ÐˆÐ¾Ñ€Ð´Ð°Ð½
 ; [cca2=JO].translations.swe.official
Expected: Hashimitiska kungadÃƒÂ¶met Jordanien
     got: Hashimitiska kungadÃ¶met Jordanien
 ; [cca2=JO].translations.tur.common
Expected: ÃƒÅ“rdÃƒÂ¼n
     got: ÃœrdÃ¼n
 ; [cca2=JO].translations.tur.official
Expected: ÃƒÅ“rdÃƒÂ¼n HÃƒÂ¢Ã…Å¸imi KrallÃ„Â±Ã„Å¸Ã„Â±
     got: ÃœrdÃ¼n HÃ¢ÅŸimi KrallÄ±ÄŸÄ±
 ; [cca2=JO].translations.urd.common
Expected: Ã˜Â§Ã˜Â±Ã˜Â¯Ã™â€ 
     got: Ø§Ø±Ø¯Ù†
 ; [cca2=JO].translations.urd.official
Expected: ÃšÂ¾Ã˜Â§Ã˜Â´Ã™â€¦Ã›Å’ Ã™â€¦Ã™â€¦Ã™â€žÃšÂ©Ã˜ÂªÃ™ï¿½ Ã˜Â§Ã˜Â±Ã˜Â¯Ã™â€ 
     got: Ú¾Ø§Ø´Ù…ÛŒ Ù…Ù…Ù„Ú©ØªÙ� Ø§Ø±Ø¯Ù†
 ; [cca2=JO].translations.zho.common
Expected: Ã§ÂºÂ¦Ã¦â€”Â¦
     got: çº¦æ—¦
 ; [cca2=JO].translations.zho.official
Expected: Ã§ÂºÂ¦Ã¦â€”Â¦Ã¥â€œË†Ã¥Â¸Å’Ã¥Â§â€ Ã§Å½â€¹Ã¥â€ºÂ½
     got: çº¦æ—¦å“ˆå¸Œå§†çŽ‹å›½
 ; [cca2=JP].currencies.JPY.symbol
Expected: Ã‚Â¥
     got: Â¥
 ; [cca2=JP].flag
Expected: Ã°Å¸â€¡Â¯Ã°Å¸â€¡Âµ
     got: ðŸ‡¯ðŸ‡µ
 ; [cca2=JP].name.nativeName.jpn.common
Expected: Ã¦â€”Â¥Ã¦Å“Â¬
     got: æ—¥æœ¬
 ; [cca2=JP].name.nativeName.jpn.official
Expected: Ã¦â€”Â¥Ã¦Å“Â¬
     got: æ—¥æœ¬
 ; [cca2=JP].tld[]
Expected: .Ã£ï¿½Â¿Ã£â€šâ€œÃ£ï¿½Âª
     but none found
 ; [cca2=JP].tld[]
Unexpected: .ã�¿ã‚“ã�ª
 ; [cca2=JP].translations.ara.common
Expected: Ã˜Â§Ã™â€žÃ™Å Ã˜Â§Ã˜Â¨Ã˜Â§Ã™â€ 
     got: Ø§Ù„ÙŠØ§Ø¨Ø§Ù†
 ; [cca2=JP].translations.ara.official
Expected: Ã˜Â§Ã™â€žÃ™Å Ã˜Â§Ã˜Â¨Ã˜Â§Ã™â€ 
     got: Ø§Ù„ÙŠØ§Ø¨Ø§Ù†
 ; [cca2=JP].translations.hun.common
Expected: JapÃƒÂ¡n
     got: JapÃ¡n
 ; [cca2=JP].translations.hun.official
Expected: JapÃƒÂ¡n
     got: JapÃ¡n
 ; [cca2=JP].translations.jpn.common
Expected: Ã¦â€”Â¥Ã¦Å“Â¬
     got: æ—¥æœ¬
 ; [cca2=JP].translations.jpn.official
Expected: Ã¦â€”Â¥Ã¦Å“Â¬
     got: æ—¥æœ¬
 ; [cca2=JP].translations.kor.common
Expected: Ã¬ï¿½Â¼Ã«Â³Â¸
     got: ì�¼ë³¸
 ; [cca2=JP].translations.kor.official
Expected: Ã¬ï¿½Â¼Ã«Â³Â¸ÃªÂµÂ­
     got: ì�¼ë³¸êµ­
 ; [cca2=JP].translations.per.common
Expected: ÃšËœÃ˜Â§Ã™Â¾Ã™â€ 
     got: Ú˜Ø§Ù¾Ù†
 ; [cca2=JP].translations.per.official
Expected: ÃšËœÃ˜Â§Ã™Â¾Ã™â€ 
     got: Ú˜Ø§Ù¾Ù†
 ; [cca2=JP].translations.por.common
Expected: JapÃƒÂ£o
     got: JapÃ£o
 ; [cca2=JP].translations.por.official
Expected: JapÃƒÂ£o
     got: JapÃ£o
 ; [cca2=JP].translations.rus.common
Expected: Ã�Â¯Ã�Â¿Ã�Â¾Ã�Â½Ã�Â¸Ã‘ï¿½
     got: Ð¯Ð¿Ð¾Ð½Ð¸Ñ�
 ; [cca2=JP].translations.rus.official
Expected: Ã�Â¯Ã�Â¿Ã�Â¾Ã�Â½Ã�Â¸Ã‘ï¿½
     got: Ð¯Ð¿Ð¾Ð½Ð¸Ñ�
 ; [cca2=JP].translations.spa.common
Expected: JapÃƒÂ³n
     got: JapÃ³n
 ; [cca2=JP].translations.spa.official
Expected: JapÃƒÂ³n
     got: JapÃ³n
 ; [cca2=JP].translations.srp.common
Expected: Ã�Ë†Ã�Â°Ã�Â¿Ã�Â°Ã�Â½
     got: ÐˆÐ°Ð¿Ð°Ð½
 ; [cca2=JP].translations.srp.official
Expected: Ã�Ë†Ã�Â°Ã�Â¿Ã�Â°Ã�Â½
     got: ÐˆÐ°Ð¿Ð°Ð½
 ; [cca2=JP].translations.urd.common
Expected: Ã˜Â¬Ã˜Â§Ã™Â¾Ã˜Â§Ã™â€ 
     got: Ø¬Ø§Ù¾Ø§Ù†
 ; [cca2=JP].translations.urd.official
Expected: Ã˜Â¬Ã˜Â§Ã™Â¾Ã˜Â§Ã™â€ 
     got: Ø¬Ø§Ù¾Ø§Ù†
 ; [cca2=JP].translations.zho.common
Expected: Ã¦â€”Â¥Ã¦Å“Â¬
     got: æ—¥æœ¬
 ; [cca2=JP].translations.zho.official
Expected: Ã¦â€”Â¥Ã¦Å“Â¬Ã¥â€ºÂ½
     got: æ—¥æœ¬å›½
 ; [cca2=KE].demonyms.fra.f
Expected: KÃƒÂ©nyane
     got: KÃ©nyane
 ; [cca2=KE].demonyms.fra.m
Expected: KÃƒÂ©nyan
     got: KÃ©nyan
 ; [cca2=KE].flag
Expected: Ã°Å¸â€¡Â°Ã°Å¸â€¡Âª
     got: ðŸ‡°ðŸ‡ª
 ; [cca2=KE].translations.ara.common
Expected: Ã™Æ’Ã™Å Ã™â€ Ã™Å Ã˜Â§
     got: ÙƒÙŠÙ†ÙŠØ§
 ; [cca2=KE].translations.ara.official
Expected: Ã˜Â¬Ã™â€¦Ã™â€¡Ã™Ë†Ã˜Â±Ã™Å Ã˜Â© Ã™Æ’Ã™Å Ã™â€ Ã™Å Ã˜Â§
     got: Ø¬Ù…Ù‡ÙˆØ±ÙŠØ© ÙƒÙŠÙ†ÙŠØ§
 ; [cca2=KE].translations.ces.common
Expected: KeÃ…Ë†a
     got: KeÅˆa
 ; [cca2=KE].translations.ces.official
Expected: KeÃ…Ë†skÃƒÂ¡ republika
     got: KeÅˆskÃ¡ republika
 ; [cca2=KE].translations.fra.official
Expected: RÃƒÂ©publique du Kenya
     got: RÃ©publique du Kenya
 ; [cca2=KE].translations.hun.official
Expected: Kenyai KÃƒÂ¶ztÃƒÂ¡rsasÃƒÂ¡g
     got: Kenyai KÃ¶ztÃ¡rsasÃ¡g
 ; [cca2=KE].translations.jpn.common
Expected: Ã£â€šÂ±Ã£Æ’â€¹Ã£â€šÂ¢
     got: ã‚±ãƒ‹ã‚¢
 ; [cca2=KE].translations.jpn.official
Expected: Ã£â€šÂ±Ã£Æ’â€¹Ã£â€šÂ¢Ã¥â€¦Â±Ã¥â€™Å’Ã¥â€ºÂ½
     got: ã‚±ãƒ‹ã‚¢å…±å’Œå›½
 ; [cca2=KE].translations.kor.common
Expected: Ã¬Â¼â‚¬Ã«Æ’ï¿½
     got: ì¼€ëƒ�
 ; [cca2=KE].translations.kor.official
Expected: Ã¬Â¼â‚¬Ã«Æ’ï¿½ ÃªÂ³ÂµÃ­â„¢â€�ÃªÂµÂ­
     got: ì¼€ëƒ� ê³µí™”êµ­
 ; [cca2=KE].translations.per.common
Expected: ÃšÂ©Ã™â€ Ã›Å’Ã˜Â§
     got: Ú©Ù†ÛŒØ§
 ; [cca2=KE].translations.per.official
Expected: Ã˜Â¬Ã™â€¦Ã™â€¡Ã™Ë†Ã˜Â±Ã›Å’ ÃšÂ©Ã™â€ Ã›Å’Ã˜Â§
     got: Ø¬Ù…Ù‡ÙˆØ±ÛŒ Ú©Ù†ÛŒØ§
 ; [cca2=KE].translations.por.common
Expected: QuÃƒÂ©nia
     got: QuÃ©nia
 ; [cca2=KE].translations.por.official
Expected: RepÃƒÂºblica do QuÃƒÂ©nia
     got: RepÃºblica do QuÃ©nia
 ; [cca2=KE].translations.rus.common
Expected: Ã�Å¡Ã�ÂµÃ�Â½Ã�Â¸Ã‘ï¿½
     got: ÐšÐµÐ½Ð¸Ñ�
 ; [cca2=KE].translations.rus.official
Expected: Ã�Â Ã�ÂµÃ‘ï¿½Ã�Â¿Ã‘Æ’Ã�Â±Ã�Â»Ã�Â¸Ã�ÂºÃ�Â° Ã�Å¡Ã�ÂµÃ�Â½Ã�Â¸Ã‘ï¿½
     got: Ð ÐµÑ�Ð¿ÑƒÐ±Ð»Ð¸ÐºÐ° ÐšÐµÐ½Ð¸Ñ�
 ; [cca2=KE].translations.slk.common
Expected: KeÃ…Ë†a
     got: KeÅˆa
 ; [cca2=KE].translations.slk.official
Expected: KenskÃƒÂ¡ republika
     got: KenskÃ¡ republika
 ; [cca2=KE].translations.spa.official
Expected: RepÃƒÂºblica de Kenya
     got: RepÃºblica de Kenya
 ; [cca2=KE].translations.srp.common
Expected: Ã�Å¡Ã�ÂµÃ�Â½Ã�Â¸Ã‘ËœÃ�Â°
     got: ÐšÐµÐ½Ð¸Ñ˜Ð°
 ; [cca2=KE].translations.srp.official
Expected: Ã�Â Ã�ÂµÃ�Â¿Ã‘Æ’Ã�Â±Ã�Â»Ã�Â¸Ã�ÂºÃ�Â° Ã�Å¡Ã�ÂµÃ�Â½Ã�Â¸Ã‘ËœÃ�Â°
     got: Ð ÐµÐ¿ÑƒÐ±Ð»Ð¸ÐºÐ° ÐšÐµÐ½Ð¸Ñ˜Ð°
 ; [cca2=KE].translations.urd.common
Expected: ÃšÂ©Ã›Å’Ã™â€ Ã›Å’Ã˜Â§
     got: Ú©ÛŒÙ†ÛŒØ§
 ; [cca2=KE].translations.urd.official
Expected: Ã˜Â¬Ã™â€¦Ã›ï¿½Ã™Ë†Ã˜Â±Ã›Å’Ã›ï¿½ ÃšÂ©Ã›Å’Ã™â€ Ã›Å’Ã˜Â§
     got: Ø¬Ù…Û�ÙˆØ±ÛŒÛ� Ú©ÛŒÙ†ÛŒØ§
 ; [cca2=KE].translations.zho.common
Expected: Ã¨â€šÂ¯Ã¥Â°Â¼Ã¤ÂºÅ¡
     got: è‚¯å°¼äºš
 ; [cca2=KE].translations.zho.official
Expected: Ã¨â€šÂ¯Ã¥Â°Â¼Ã¤ÂºÅ¡Ã¥â€¦Â±Ã¥â€™Å’Ã¥â€ºÂ½
     got: è‚¯å°¼äºšå…±å’Œå›½
 ; [cca2=KG].altSpellings[]
Expected: Ã�Å¡Ã‘â€¹Ã‘â‚¬Ã�Â³Ã‘â€¹Ã�Â· Ã�Â Ã�ÂµÃ‘ï¿½Ã�Â¿Ã‘Æ’Ã�Â±Ã�Â»Ã�Â¸Ã�ÂºÃ�Â°Ã‘ï¿½Ã‘â€¹
     but none found
 ; [cca2=KG].altSpellings[]
Expected: Ã�Å¡Ã�Â¸Ã‘â‚¬Ã�Â³Ã�Â¸Ã�Â·Ã�Â¸Ã‘ï¿½
     but none found
 ; [cca2=KG].altSpellings[]
Unexpected: ÐšÑ‹Ñ€Ð³Ñ‹Ð· Ð ÐµÑ�Ð¿ÑƒÐ±Ð»Ð¸ÐºÐ°Ñ�Ñ‹
 ; [cca2=KG].altSpellings[]
Unexpected: ÐšÐ¸Ñ€Ð³Ð¸Ð·Ð¸Ñ�
 ; [cca2=KG].currencies.KGS.symbol
Expected: Ã‘ï¿½
     got: Ñ�
 ; [cca2=KG].flag
Expected: Ã°Å¸â€¡Â°Ã°Å¸â€¡Â¬
     got: ðŸ‡°ðŸ‡¬
 ; [cca2=KG].name.nativeName.kir.common
Expected: Ã�Å¡Ã‘â€¹Ã‘â‚¬Ã�Â³Ã‘â€¹Ã�Â·Ã‘ï¿½Ã‘â€šÃ�Â°Ã�Â½
     got: ÐšÑ‹Ñ€Ð³Ñ‹Ð·Ñ�Ñ‚Ð°Ð½
 ; [cca2=KG].name.nativeName.kir.official
Expected: Ã�Å¡Ã‘â€¹Ã‘â‚¬Ã�Â³Ã‘â€¹Ã�Â· Ã�Â Ã�ÂµÃ‘ï¿½Ã�Â¿Ã‘Æ’Ã�Â±Ã�Â»Ã�Â¸Ã�ÂºÃ�Â°Ã‘ï¿½Ã‘â€¹
     got: ÐšÑ‹Ñ€Ð³Ñ‹Ð· Ð ÐµÑ�Ð¿ÑƒÐ±Ð»Ð¸ÐºÐ°Ñ�Ñ‹
 ; [cca2=KG].name.nativeName.rus.common
Expected: Ã�Å¡Ã�Â¸Ã‘â‚¬Ã�Â³Ã�Â¸Ã�Â·Ã�Â¸Ã‘ï¿½
     got: ÐšÐ¸Ñ€Ð³Ð¸Ð·Ð¸Ñ�
 ; [cca2=KG].name.nativeName.rus.official
Expected: Ã�Å¡Ã‘â€¹Ã‘â‚¬Ã�Â³Ã‘â€¹Ã�Â·Ã‘ï¿½Ã�ÂºÃ�Â°Ã‘ï¿½ Ã�Â Ã�ÂµÃ‘ï¿½Ã�Â¿Ã‘Æ’Ã�Â±Ã�Â»Ã�Â¸Ã�ÂºÃ�Â°
     got: ÐšÑ‹Ñ€Ð³Ñ‹Ð·Ñ�ÐºÐ°Ñ� Ð ÐµÑ�Ð¿ÑƒÐ±Ð»Ð¸ÐºÐ°
 ; [cca2=KG].translations.ara.common
Expected: Ã™â€šÃ™Å Ã˜Â±Ã˜ÂºÃ™Å Ã˜Â²Ã˜Â³Ã˜ÂªÃ˜Â§Ã™â€ 
     got: Ù‚ÙŠØ±ØºÙŠØ²Ø³ØªØ§Ù†
 ; [cca2=KG].translations.ara.official
Expected: Ã˜Â§Ã™â€žÃ˜Â¬Ã™â€¦Ã™â€¡Ã™Ë†Ã˜Â±Ã™Å Ã˜Â© Ã˜Â§Ã™â€žÃ™â€šÃ™Å Ã˜Â±Ã˜ÂºÃ™Å Ã˜Â²Ã™Å Ã˜Â©
     got: Ø§Ù„Ø¬Ù…Ù‡ÙˆØ±ÙŠØ© Ø§Ù„Ù‚ÙŠØ±ØºÙŠØ²ÙŠØ©
 ; [cca2=KG].translations.ces.common
Expected: KyrgyzstÃƒÂ¡n
     got: KyrgyzstÃ¡n
 ; [cca2=KG].translations.ces.official
Expected: KyrgyzskÃƒÂ¡ republika
     got: KyrgyzskÃ¡ republika
 ; [cca2=KG].translations.est.common
Expected: KÃƒÂµrgÃƒÂµzstan
     got: KÃµrgÃµzstan
 ; [cca2=KG].translations.fra.official
Expected: RÃƒÂ©publique kirghize
     got: RÃ©publique kirghize
 ; [cca2=KG].translations.hun.common
Expected: KirgizisztÃƒÂ¡n
     got: KirgizisztÃ¡n
 ; [cca2=KG].translations.hun.official
Expected: Kirgiz KÃƒÂ¶ztÃƒÂ¡rsasÃƒÂ¡g
     got: Kirgiz KÃ¶ztÃ¡rsasÃ¡g
 ; [cca2=KG].translations.jpn.common
Expected: Ã£â€šÂ­Ã£Æ’Â«Ã£â€šÂ®Ã£â€šÂ¹
     got: ã‚­ãƒ«ã‚®ã‚¹
 ; [cca2=KG].translations.jpn.official
Expected: Ã£â€šÂ­Ã£Æ’Â«Ã£â€šÂ®Ã£â€šÂ¹Ã¥â€¦Â±Ã¥â€™Å’Ã¥â€ºÂ½
     got: ã‚­ãƒ«ã‚®ã‚¹å…±å’Œå›½
 ; [cca2=KG].translations.kor.common
Expected: Ã­â€šÂ¤Ã«Â¥Â´ÃªÂ¸Â°Ã¬Å Â¤Ã¬Å Â¤Ã­Æ’â€ž
     got: í‚¤ë¥´ê¸°ìŠ¤ìŠ¤íƒ„
 ; [cca2=KG].translations.kor.official
Expected: Ã­â€šÂ¤Ã«Â¥Â´ÃªÂ¸Â°Ã¬Å Â¤ ÃªÂ³ÂµÃ­â„¢â€�ÃªÂµÂ­
     got: í‚¤ë¥´ê¸°ìŠ¤ ê³µí™”êµ­
 ; [cca2=KG].translations.nld.common
Expected: KirgiziÃƒÂ«
     got: KirgiziÃ«
 ; [cca2=KG].translations.per.common
Expected: Ã™â€šÃ˜Â±Ã™â€šÃ›Å’Ã˜Â²Ã˜Â³Ã˜ÂªÃ˜Â§Ã™â€ 
     got: Ù‚Ø±Ù‚ÛŒØ²Ø³ØªØ§Ù†
 ; [cca2=KG].translations.per.official
Expected: Ã˜Â¬Ã™â€¦Ã™â€¡Ã™Ë†Ã˜Â±Ã›Å’ Ã™â€šÃ™ï¿½Ã˜Â±Ã™â€šÃ›Å’Ã˜Â²Ã˜Â³Ã˜ÂªÃ˜Â§Ã™â€ 
     got: Ø¬Ù…Ù‡ÙˆØ±ÛŒ Ù‚Ù�Ø±Ù‚ÛŒØ²Ø³ØªØ§Ù†
 ; [cca2=KG].translations.por.common
Expected: QuirguistÃƒÂ£o
     got: QuirguistÃ£o
 ; [cca2=KG].translations.por.official
Expected: RepÃƒÂºblica do QuirguistÃƒÂ£o
     got: RepÃºblica do QuirguistÃ£o
 ; [cca2=KG].translations.rus.common
Expected: Ã�Å¡Ã�Â¸Ã‘â‚¬Ã�Â³Ã�Â¸Ã�Â·Ã�Â¸Ã‘ï¿½
     got: ÐšÐ¸Ñ€Ð³Ð¸Ð·Ð¸Ñ�
 ; [cca2=KG].translations.rus.official
Expected: Ã�Å¡Ã‘â€¹Ã‘â‚¬Ã�Â³Ã‘â€¹Ã�Â·Ã‘ï¿½Ã�ÂºÃ�Â°Ã‘ï¿½ Ã�Â Ã�ÂµÃ‘ï¿½Ã�Â¿Ã‘Æ’Ã�Â±Ã�Â»Ã�Â¸Ã�ÂºÃ�Â°
     got: ÐšÑ‹Ñ€Ð³Ñ‹Ð·Ñ�ÐºÐ°Ñ� Ð ÐµÑ�Ð¿ÑƒÐ±Ð»Ð¸ÐºÐ°
 ; [cca2=KG].translations.slk.official
Expected: KirgizskÃƒÂ¡ republika
     got: KirgizskÃ¡ republika
 ; [cca2=KG].translations.spa.common
Expected: KirguizistÃƒÂ¡n
     got: KirguizistÃ¡n
 ; [cca2=KG].translations.spa.official
Expected: RepÃƒÂºblica Kirguisa
     got: RepÃºblica Kirguisa
 ; [cca2=KG].translations.srp.common
Expected: Ã�Å¡Ã�Â¸Ã‘â‚¬Ã�Â³Ã�Â¸Ã�Â·Ã�Â¸Ã‘ËœÃ�Â°
     got: ÐšÐ¸Ñ€Ð³Ð¸Ð·Ð¸Ñ˜Ð°
 ; [cca2=KG].translations.srp.official
Expected: Ã�Å¡Ã�Â¸Ã‘â‚¬Ã�Â³Ã�Â¸Ã‘ï¿½Ã�ÂºÃ�Â° Ã�Â Ã�ÂµÃ�Â¿Ã‘Æ’Ã�Â±Ã�Â»Ã�Â¸Ã�ÂºÃ�Â°
     got: ÐšÐ¸Ñ€Ð³Ð¸Ñ�ÐºÐ° Ð ÐµÐ¿ÑƒÐ±Ð»Ð¸ÐºÐ°
 ; [cca2=KG].translations.tur.common
Expected: KÃ„Â±rgÃ„Â±zistan
     got: KÄ±rgÄ±zistan
 ; [cca2=KG].translations.tur.official
Expected: KÃ„Â±rgÃ„Â±zistan Cumhuriyeti
     got: KÄ±rgÄ±zistan Cumhuriyeti
 ; [cca2=KG].translations.urd.common
Expected: ÃšÂ©Ã˜Â±Ã˜ÂºÃ›Å’Ã˜Â²Ã˜Â³Ã˜ÂªÃ˜Â§Ã™â€ 
     got: Ú©Ø±ØºÛŒØ²Ø³ØªØ§Ù†
 ; [cca2=KG].translations.urd.official
Expected: Ã˜Â¬Ã™â€¦Ã›ï¿½Ã™Ë†Ã˜Â±Ã›Å’Ã›ï¿½ ÃšÂ©Ã˜Â±Ã˜ÂºÃ›Å’Ã˜Â²Ã˜Â³Ã˜ÂªÃ˜Â§Ã™â€ 
     got: Ø¬Ù…Û�ÙˆØ±ÛŒÛ� Ú©Ø±ØºÛŒØ²Ø³ØªØ§Ù†
 ; [cca2=KG].translations.zho.common
Expected: Ã¥ï¿½â€°Ã¥Â°â€�Ã¥ï¿½â€°Ã¦â€“Â¯Ã¦â€“Â¯Ã¥ï¿½Â¦
     got: å�‰å°”å�‰æ–¯æ–¯å�¦
 ; [cca2=KG].translations.zho.official
Expected: Ã¥ï¿½â€°Ã¥Â°â€�Ã¥ï¿½â€°Ã¦â€“Â¯Ã¦â€“Â¯Ã¥ï¿½Â¦Ã¥â€¦Â±Ã¥â€™Å’Ã¥â€ºÂ½
     got: å�‰å°”å�‰æ–¯æ–¯å�¦å…±å’Œå›½
 ; [cca2=KH].currencies.KHR.symbol
Expected: Ã¡Å¸â€º
     got: áŸ›
 ; [cca2=KH].flag
Expected: Ã°Å¸â€¡Â°Ã°Å¸â€¡Â­
     got: ðŸ‡°ðŸ‡­
 ; [cca2=KH].name.nativeName.khm.common
Expected: KÃƒÂ¢mpÃ…Â­chÃƒÂ©a
     got: KÃ¢mpÅ­chÃ©a
 ; [cca2=KH].name.nativeName.khm.official
Expected: Ã¡Å¾â€“Ã¡Å¸â€™Ã¡Å¾Å¡Ã¡Å¸â€¡Ã¡Å¾Å¡Ã¡Å¾Â¶Ã¡Å¾â€¡Ã¡Å¾Â¶Ã¡Å¾Å½Ã¡Å¾Â¶Ã¡Å¾â€¦Ã¡Å¾â‚¬Ã¡Å¸â€™Ã¡Å¾Å¡Ã¡Å¾â‚¬Ã¡Å¾ËœÃ¡Å¸â€™Ã¡Å¾â€“Ã¡Å¾Â»Ã¡Å¾â€¡Ã¡Å¾Â¶
     got: áž–áŸ’ážšáŸ‡ážšáž¶áž‡áž¶ážŽáž¶áž…áž€áŸ’ážšáž€áž˜áŸ’áž–áž»áž‡áž¶
 ; [cca2=KH].translations.ara.common
Expected: Ã™Æ’Ã™â€¦Ã˜Â¨Ã™Ë†Ã˜Â¯Ã™Å Ã˜Â§
     got: ÙƒÙ…Ø¨ÙˆØ¯ÙŠØ§
 ; [cca2=KH].translations.ara.official
Expected: Ã™â€¦Ã™â€¦Ã™â€žÃ™Æ’Ã˜Â© Ã™Æ’Ã™â€¦Ã˜Â¨Ã™Ë†Ã˜Â¯Ã™Å Ã˜Â§
     got: Ù…Ù…Ù„ÙƒØ© ÙƒÙ…Ø¨ÙˆØ¯ÙŠØ§
 ; [cca2=KH].translations.ces.common
Expected: KambodÃ…Â¾a
     got: KambodÅ¾a
 ; [cca2=KH].translations.ces.official
Expected: KambodÃ…Â¾skÃƒÂ© krÃƒÂ¡lovstvÃƒÂ­
     got: KambodÅ¾skÃ© krÃ¡lovstvÃ­
 ; [cca2=KH].translations.deu.official
Expected: KÃƒÂ¶nigreich Kambodscha
     got: KÃ¶nigreich Kambodscha
 ; [cca2=KH].translations.est.common
Expected: KambodÃ…Â¾a
     got: KambodÅ¾a
 ; [cca2=KH].translations.est.official
Expected: KambodÃ…Â¾a Kuningriik
     got: KambodÅ¾a Kuningriik
 ; [cca2=KH].translations.fin.common
Expected: KambodÃ…Â¾a
     got: KambodÅ¾a
 ; [cca2=KH].translations.fin.official
Expected: KambodÃ…Â¾an kuningaskunta
     got: KambodÅ¾an kuningaskunta
 ; [cca2=KH].translations.hrv.common
Expected: KambodÃ…Â¾a
     got: KambodÅ¾a
 ; [cca2=KH].translations.hrv.official
Expected: Kraljevina KambodÃ…Â¾a
     got: Kraljevina KambodÅ¾a
 ; [cca2=KH].translations.hun.official
Expected: Kambodzsai KirÃƒÂ¡lysÃƒÂ¡g
     got: Kambodzsai KirÃ¡lysÃ¡g
 ; [cca2=KH].translations.jpn.common
Expected: Ã£â€šÂ«Ã£Æ’Â³Ã£Æ’Å“Ã£â€šÂ¸Ã£â€šÂ¢
     got: ã‚«ãƒ³ãƒœã‚¸ã‚¢
 ; [cca2=KH].translations.jpn.official
Expected: Ã£â€šÂ«Ã£Æ’Â³Ã£Æ’Å“Ã£â€šÂ¸Ã£â€šÂ¢Ã§Å½â€¹Ã¥â€ºÂ½
     got: ã‚«ãƒ³ãƒœã‚¸ã‚¢çŽ‹å›½
 ; [cca2=KH].translations.kor.common
Expected: Ã¬Âºâ€žÃ«Â³Â´Ã«â€�â€�Ã¬â€¢â€ž
     got: ìº„ë³´ë””ì•„
 ; [cca2=KH].translations.kor.official
Expected: Ã¬Âºâ€žÃ«Â³Â´Ã«â€�â€�Ã¬â€¢â€ž Ã¬â„¢â€¢ÃªÂµÂ­
     got: ìº„ë³´ë””ì•„ ì™•êµ­
 ; [cca2=KH].translations.per.common
Expected: ÃšÂ©Ã˜Â§Ã™â€¦Ã˜Â¨Ã™Ë†Ã˜Â¬
     got: Ú©Ø§Ù…Ø¨ÙˆØ¬
 ; [cca2=KH].translations.per.official
Expected: Ã™Â¾Ã˜Â§Ã˜Â¯Ã˜Â´Ã˜Â§Ã™â€¡Ã›Å’ ÃšÂ©Ã˜Â§Ã™â€¦Ã˜Â¨Ã™Ë†Ã˜Â¬
     got: Ù¾Ø§Ø¯Ø´Ø§Ù‡ÛŒ Ú©Ø§Ù…Ø¨ÙˆØ¬
 ; [cca2=KH].translations.pol.common
Expected: KambodÃ…Â¼a
     got: KambodÅ¼a
 ; [cca2=KH].translations.pol.official
Expected: KrÃƒÂ³lestwo KambodÃ…Â¼y
     got: KrÃ³lestwo KambodÅ¼y
 ; [cca2=KH].translations.rus.common
Expected: Ã�Å¡Ã�Â°Ã�Â¼Ã�Â±Ã�Â¾Ã�Â´Ã�Â¶Ã�Â°
     got: ÐšÐ°Ð¼Ð±Ð¾Ð´Ð¶Ð°
 ; [cca2=KH].translations.rus.official
Expected: Ã�Å¡Ã�Â¾Ã‘â‚¬Ã�Â¾Ã�Â»Ã�ÂµÃ�Â²Ã‘ï¿½Ã‘â€šÃ�Â²Ã�Â¾ Ã�Å¡Ã�Â°Ã�Â¼Ã�Â±Ã�Â¾Ã�Â´Ã�Â¶Ã�Â°
     got: ÐšÐ¾Ñ€Ð¾Ð»ÐµÐ²Ñ�Ñ‚Ð²Ð¾ ÐšÐ°Ð¼Ð±Ð¾Ð´Ð¶Ð°
 ; [cca2=KH].translations.slk.common
Expected: KamboÃ‡â€ a
     got: KamboÇ†a
 ; [cca2=KH].translations.slk.official
Expected: KamboÃ‡â€ skÃƒÂ© krÃƒÂ¡Ã„Â¾ovstvo
     got: KamboÇ†skÃ© krÃ¡Ä¾ovstvo
 ; [cca2=KH].translations.srp.common
Expected: Ã�Å¡Ã�Â°Ã�Â¼Ã�Â±Ã�Â¾Ã‘Å¸Ã�Â°
     got: ÐšÐ°Ð¼Ð±Ð¾ÑŸÐ°
 ; [cca2=KH].translations.srp.official
Expected: Ã�Å¡Ã‘â‚¬Ã�Â°Ã‘â„¢Ã�ÂµÃ�Â²Ã�Â¸Ã�Â½Ã�Â° Ã�Å¡Ã�Â°Ã�Â¼Ã�Â±Ã�Â¾Ã‘Å¸Ã�Â°
     got: ÐšÑ€Ð°Ñ™ÐµÐ²Ð¸Ð½Ð° ÐšÐ°Ð¼Ð±Ð¾ÑŸÐ°
 ; [cca2=KH].translations.tur.common
Expected: KamboÃƒÂ§ya
     got: KamboÃ§ya
 ; [cca2=KH].translations.tur.official
Expected: KamboÃƒÂ§ya KrallÃ„Â±Ã„Å¸Ã„Â±
     got: KamboÃ§ya KrallÄ±ÄŸÄ±
 ; [cca2=KH].translations.urd.common
Expected: ÃšÂ©Ã™â€¦Ã˜Â¨Ã™Ë†ÃšË†Ã›Å’Ã˜Â§
     got: Ú©Ù…Ø¨ÙˆÚˆÛŒØ§
 ; [cca2=KH].translations.urd.official
Expected: Ã™â€¦Ã™â€¦Ã™â€žÃšÂ©Ã˜ÂªÃ™ï¿½ ÃšÂ©Ã™â€¦Ã˜Â¨Ã™Ë†ÃšË†Ã›Å’Ã˜Â§
     got: Ù…Ù…Ù„Ú©ØªÙ� Ú©Ù…Ø¨ÙˆÚˆÛŒØ§
 ; [cca2=KH].translations.zho.common
Expected: Ã¦Å¸Â¬Ã¥Å¸â€�Ã¥Â¯Â¨
     got: æŸ¬åŸ”å¯¨
 ; [cca2=KH].translations.zho.official
Expected: Ã¦Å¸Â¬Ã¥Å¸â€�Ã¥Â¯Â¨Ã§Å½â€¹Ã¥â€ºÂ½
     got: æŸ¬åŸ”å¯¨çŽ‹å›½
 ; [cca2=KI].flag
Expected: Ã°Å¸â€¡Â°Ã°Å¸â€¡Â®
     got: ðŸ‡°ðŸ‡®
 ; [cca2=KI].translations.ara.common
Expected: Ã™Æ’Ã™Å Ã˜Â±Ã™Å Ã˜Â¨Ã˜Â§Ã˜ÂªÃ™Å 
     got: ÙƒÙŠØ±ÙŠØ¨Ø§ØªÙŠ
 ; [cca2=KI].translations.ara.official
Expected: Ã˜Â¬Ã™â€¦Ã™â€¡Ã™Ë†Ã˜Â±Ã™Å Ã˜Â© Ã™Æ’Ã™Å Ã˜Â±Ã™Å Ã˜Â¨Ã˜Â§Ã˜ÂªÃ™Å 
     got: Ø¬Ù…Ù‡ÙˆØ±ÙŠØ© ÙƒÙŠØ±ÙŠØ¨Ø§ØªÙŠ
 ; [cca2=KI].translations.fra.official
Expected: RÃƒÂ©publique de Kiribati
     got: RÃ©publique de Kiribati
 ; [cca2=KI].translations.hun.official
Expected: Kiribati KÃƒÂ¶ztÃƒÂ¡rsasÃƒÂ¡g
     got: Kiribati KÃ¶ztÃ¡rsasÃ¡g
 ; [cca2=KI].translations.jpn.common
Expected: Ã£â€šÂ­Ã£Æ’ÂªÃ£Æ’ï¿½Ã£â€šÂ¹
     got: ã‚­ãƒªãƒ�ã‚¹
 ; [cca2=KI].translations.jpn.official
Expected: Ã£â€šÂ­Ã£Æ’ÂªÃ£Æ’ï¿½Ã£â€šÂ¹Ã£ï¿½Â®Ã§â€¹Â¬Ã§Â«â€¹Ã£ï¿½Â¨Ã¤Â¸Â»Ã¦Â¨Â©Ã¥â€¦Â±Ã¥â€™Å’Ã¥â€ºÂ½
     got: ã‚­ãƒªãƒ�ã‚¹ã�®ç‹¬ç«‹ã�¨ä¸»æ¨©å…±å’Œå›½
 ; [cca2=KI].translations.kor.common
Expected: Ã­â€šÂ¤Ã«Â¦Â¬Ã«Â°â€�Ã¬â€¹Å“
     got: í‚¤ë¦¬ë°”ì‹œ
 ; [cca2=KI].translations.kor.official
Expected: Ã­â€šÂ¤Ã«Â¦Â¬Ã«Â°â€�Ã¬â€¹Å“ ÃªÂ³ÂµÃ­â„¢â€�ÃªÂµÂ­
     got: í‚¤ë¦¬ë°”ì‹œ ê³µí™”êµ­
 ; [cca2=KI].translations.per.common
Expected: ÃšÂ©Ã›Å’Ã˜Â±Ã›Å’Ã˜Â¨Ã˜Â§Ã˜ÂªÃ›Å’
     got: Ú©ÛŒØ±ÛŒØ¨Ø§ØªÛŒ
 ; [cca2=KI].translations.per.official
Expected: Ã˜Â¬Ã™â€¦Ã™â€¡Ã™Ë†Ã˜Â±Ã›Å’ ÃšÂ©Ã›Å’Ã˜Â±Ã›Å’Ã˜Â¨Ã˜Â§Ã˜ÂªÃ›Å’
     got: Ø¬Ù…Ù‡ÙˆØ±ÛŒ Ú©ÛŒØ±ÛŒØ¨Ø§ØªÛŒ
 ; [cca2=KI].translations.por.official
Expected: Independente e soberano RepÃƒÂºblica de Kiribati
     got: Independente e soberano RepÃºblica de Kiribati
 ; [cca2=KI].translations.rus.common
Expected: Ã�Å¡Ã�Â¸Ã‘â‚¬Ã�Â¸Ã�Â±Ã�Â°Ã‘â€šÃ�Â¸
     got: ÐšÐ¸Ñ€Ð¸Ð±Ð°Ñ‚Ð¸
 ; [cca2=KI].translations.rus.official
Expected: Ã�ï¿½Ã�ÂµÃ�Â·Ã�Â°Ã�Â²Ã�Â¸Ã‘ï¿½Ã�Â¸Ã�Â¼Ã�Â¾Ã�Â¹ Ã�Â¸ Ã‘ï¿½Ã‘Æ’Ã�Â²Ã�ÂµÃ‘â‚¬Ã�ÂµÃ�Â½Ã�Â½Ã�Â¾Ã�Â¹ Ã�Â Ã�ÂµÃ‘ï¿½Ã�Â¿Ã‘Æ’Ã�Â±Ã�Â»Ã�Â¸Ã�ÂºÃ�Â¸ Ã�Å¡Ã�Â¸Ã‘â‚¬Ã�Â¸Ã�Â±Ã�Â°Ã‘â€šÃ�Â¸
     got: Ð�ÐµÐ·Ð°Ð²Ð¸Ñ�Ð¸Ð¼Ð¾Ð¹ Ð¸ Ñ�ÑƒÐ²ÐµÑ€ÐµÐ½Ð½Ð¾Ð¹ Ð ÐµÑ�Ð¿ÑƒÐ±Ð»Ð¸ÐºÐ¸ ÐšÐ¸Ñ€Ð¸Ð±Ð°Ñ‚Ð¸
 ; [cca2=KI].translations.slk.official
Expected: KiribatskÃƒÂ¡ republika
     got: KiribatskÃ¡ republika
 ; [cca2=KI].translations.spa.official
Expected: RepÃƒÂºblica Independiente y Soberano de Kiribati
     got: RepÃºblica Independiente y Soberano de Kiribati
 ; [cca2=KI].translations.srp.common
Expected: Ã�Å¡Ã�Â¸Ã‘â‚¬Ã�Â¸Ã�Â±Ã�Â°Ã‘â€šÃ�Â¸
     got: ÐšÐ¸Ñ€Ð¸Ð±Ð°Ñ‚Ð¸
 ; [cca2=KI].translations.srp.official
Expected: Ã�ï¿½Ã�ÂµÃ�Â·Ã�Â°Ã�Â²Ã�Â¸Ã‘ï¿½Ã�Â½Ã�Â° Ã�Â¸ Ã�Â¡Ã‘Æ’Ã�Â²Ã�ÂµÃ‘â‚¬Ã�ÂµÃ�Â½Ã�Â° Ã�Â Ã�ÂµÃ�Â¿Ã‘Æ’Ã�Â±Ã�Â»Ã�Â¸Ã�ÂºÃ�Â° Ã�Å¡Ã�Â¸Ã‘â‚¬Ã�Â¸Ã�Â±Ã�Â°Ã‘â€šÃ�Â¸
     got: Ð�ÐµÐ·Ð°Ð²Ð¸Ñ�Ð½Ð° Ð¸ Ð¡ÑƒÐ²ÐµÑ€ÐµÐ½Ð° Ð ÐµÐ¿ÑƒÐ±Ð»Ð¸ÐºÐ° ÐšÐ¸Ñ€Ð¸Ð±Ð°Ñ‚Ð¸
 ; [cca2=KI].translations.urd.common
Expected: ÃšÂ©Ã›Å’Ã˜Â±Ã›Å’Ã˜Â¨Ã˜Â§Ã˜ÂªÃ›Å’
     got: Ú©ÛŒØ±ÛŒØ¨Ø§ØªÛŒ
 ; [cca2=KI].translations.urd.official
Expected: Ã˜Â³Ã™â€žÃ˜Â·Ã™â€ Ã˜Âª Ã˜Â¢Ã˜Â²Ã˜Â§Ã˜Â¯ Ã˜Â¬Ã™â€¦Ã›ï¿½Ã™Ë†Ã˜Â±Ã›Å’Ã›ï¿½ ÃšÂ©Ã›Å’Ã˜Â±Ã›Å’Ã˜Â¨Ã˜Â§Ã˜ÂªÃ›Å’
     got: Ø³Ù„Ø·Ù†Øª Ø¢Ø²Ø§Ø¯ Ø¬Ù…Û�ÙˆØ±ÛŒÛ� Ú©ÛŒØ±ÛŒØ¨Ø§ØªÛŒ
 ; [cca2=KI].translations.zho.common
Expected: Ã¥Å¸ÂºÃ©â€¡Å’Ã¥Â·Â´Ã¦â€“Â¯
     got: åŸºé‡Œå·´æ–¯
 ; [cca2=KI].translations.zho.official
Expected: Ã¥Å¸ÂºÃ©â€¡Å’Ã¥Â·Â´Ã¦â€“Â¯Ã¥â€¦Â±Ã¥â€™Å’Ã¥â€ºÂ½
     got: åŸºé‡Œå·´æ–¯å…±å’Œå›½
 ; [cca2=KM].altSpellings[]
Expected: al-IttiÃ¡Â¸Â¥Ã„ï¿½d al-QumurÃ„Â«
     but none found
 ; [cca2=KM].altSpellings[]
Unexpected: al-Ittiá¸¥Ä�d al-QumurÄ«
 ; [cca2=KM].flag
Expected: Ã°Å¸â€¡Â°Ã°Å¸â€¡Â²
     got: ðŸ‡°ðŸ‡²
 ; [cca2=KM].name.nativeName.ara.common
Expected: Ã˜Â§Ã™â€žÃ™â€šÃ™â€¦Ã˜Â±Ã¢â‚¬Å½
     got: Ø§Ù„Ù‚Ù…Ø±â€Ž
 ; [cca2=KM].name.nativeName.ara.official
Expected: Ã˜Â§Ã™â€žÃ˜Â§Ã˜ÂªÃ˜Â­Ã˜Â§Ã˜Â¯ Ã˜Â§Ã™â€žÃ™â€šÃ™â€¦Ã˜Â±Ã™Å 
     got: Ø§Ù„Ø§ØªØ­Ø§Ø¯ Ø§Ù„Ù‚Ù…Ø±ÙŠ
 ; [cca2=KM].translations.ara.common
Expected: Ã˜Â¬Ã˜Â²Ã˜Â± Ã˜Â§Ã™â€žÃ™â€šÃ™â€¦Ã˜Â±
     got: Ø¬Ø²Ø± Ø§Ù„Ù‚Ù…Ø±
 ; [cca2=KM].translations.ara.official
Expected: Ã˜Â§Ã™â€žÃ˜Â¥Ã˜ÂªÃ˜Â­Ã˜Â§Ã˜Â¯ Ã˜Â§Ã™â€žÃ™â€šÃ™â€¦Ã˜Â±Ã™Å 
     got: Ø§Ù„Ø¥ØªØ­Ø§Ø¯ Ø§Ù„Ù‚Ù…Ø±ÙŠ
 ; [cca2=KM].translations.ces.official
Expected: KomorskÃƒÂ½ svaz
     got: KomorskÃ½ svaz
 ; [cca2=KM].translations.hun.official
Expected: Comore-szigeteki UniÃƒÂ³
     got: Comore-szigeteki UniÃ³
 ; [cca2=KM].translations.jpn.common
Expected: Ã£â€šÂ³Ã£Æ’Â¢Ã£Æ’Â­
     got: ã‚³ãƒ¢ãƒ­
 ; [cca2=KM].translations.jpn.official
Expected: Ã£â€šÂ³Ã£Æ’Â¢Ã£Æ’Â­Ã©â‚¬Â£Ã¥ï¿½Ë†
     got: ã‚³ãƒ¢ãƒ­é€£å�ˆ
 ; [cca2=KM].translations.kor.common
Expected: Ã¬Â½â€�Ã«ÂªÂ¨Ã«Â¡Å“
     got: ì½”ëª¨ë¡œ
 ; [cca2=KM].translations.kor.official
Expected: Ã¬Â½â€�Ã«ÂªÂ¨Ã«Â¡Å“ Ã¬â€”Â°Ã«Â°Â©
     got: ì½”ëª¨ë¡œ ì—°ë°©
 ; [cca2=KM].translations.per.common
Expected: Ã˜Â§Ã˜ÂªÃ˜Â­Ã˜Â§Ã˜Â¯ Ã™â€šÃ™ï¿½Ã™â€¦Ã™ï¿½Ã˜Â±
     got: Ø§ØªØ­Ø§Ø¯ Ù‚Ù�Ù…Ù�Ø±
 ; [cca2=KM].translations.per.official
Expected: Ã™â€¦Ã˜Â¬Ã™â€¦Ã˜Â¹Ã¢â‚¬Å’Ã˜Â§Ã™â€žÃ˜Â¬Ã˜Â²Ã˜Â§Ã›Å’Ã˜Â± Ã™â€šÃ™â€¦Ã˜Â±
     got: Ù…Ø¬Ù…Ø¹â€ŒØ§Ù„Ø¬Ø²Ø§ÛŒØ± Ù‚Ù…Ø±
 ; [cca2=KM].translations.pol.official
Expected: ZwiÃ„â€¦zek KomorÃƒÂ³w
     got: ZwiÄ…zek KomorÃ³w
 ; [cca2=KM].translations.por.official
Expected: UniÃƒÂ£o das Comores
     got: UniÃ£o das Comores
 ; [cca2=KM].translations.rus.common
Expected: Ã�Å¡Ã�Â¾Ã�Â¼Ã�Â¾Ã‘â‚¬Ã‘â€¹
     got: ÐšÐ¾Ð¼Ð¾Ñ€Ñ‹
 ; [cca2=KM].translations.rus.official
Expected: Ã�Â¡Ã�Â¾Ã‘Å½Ã�Â· Ã�Å¡Ã�Â¾Ã�Â¼Ã�Â¾Ã‘â‚¬Ã‘ï¿½Ã�ÂºÃ�Â¸Ã‘â€¦ Ã�Å¾Ã‘ï¿½Ã‘â€šÃ‘â‚¬Ã�Â¾Ã�Â²Ã�Â¾Ã�Â²
     got: Ð¡Ð¾ÑŽÐ· ÐšÐ¾Ð¼Ð¾Ñ€Ñ�ÐºÐ¸Ñ… ÐžÑ�Ñ‚Ñ€Ð¾Ð²Ð¾Ð²
 ; [cca2=KM].translations.slk.official
Expected: KomorskÃƒÂ¡ ÃƒÂºnia
     got: KomorskÃ¡ Ãºnia
 ; [cca2=KM].translations.spa.official
Expected: UniÃƒÂ³n de las Comoras
     got: UniÃ³n de las Comoras
 ; [cca2=KM].translations.srp.common
Expected: Ã�Å¡Ã�Â¾Ã�Â¼Ã�Â¾Ã‘â‚¬Ã�Â¸
     got: ÐšÐ¾Ð¼Ð¾Ñ€Ð¸
 ; [cca2=KM].translations.srp.official
Expected: Ã�Â¡Ã�Â°Ã�Â²Ã�ÂµÃ�Â· Ã�Å¡Ã�Â¾Ã�Â¼Ã�Â¾Ã‘â‚¬Ã�Â°
     got: Ð¡Ð°Ð²ÐµÐ· ÐšÐ¾Ð¼Ð¾Ñ€Ð°
 ; [cca2=KM].translations.tur.official
Expected: Komorlar BirliÃ„Å¸i
     got: Komorlar BirliÄŸi
 ; [cca2=KM].translations.urd.common
Expected: Ã˜Â§Ã™â€žÃ™â€šÃ™â€¦Ã˜Â±Ã›Å’
     got: Ø§Ù„Ù‚Ù…Ø±ÛŒ
 ; [cca2=KM].translations.urd.official
Expected: Ã˜Â§Ã˜ÂªÃ˜Â­Ã˜Â§Ã˜Â¯ Ã˜Â§Ã™â€žÃ™â€šÃ™â€¦Ã˜Â±Ã›Å’
     got: Ø§ØªØ­Ø§Ø¯ Ø§Ù„Ù‚Ù…Ø±ÛŒ
 ; [cca2=KM].translations.zho.common
Expected: Ã§Â§â€˜Ã¦â€˜Â©Ã§Â½â€”
     got: ç§‘æ‘©ç½—
 ; [cca2=KM].translations.zho.official
Expected: Ã§Â§â€˜Ã¦â€˜Â©Ã§Â½â€”Ã¨ï¿½â€�Ã§â€ºÅ¸
     got: ç§‘æ‘©ç½—è�”ç›Ÿ
 ; [cca2=KN].flag
Expected: Ã°Å¸â€¡Â°Ã°Å¸â€¡Â³
     got: ðŸ‡°ðŸ‡³
 ; [cca2=KN].translations.ara.common
Expected: Ã˜Â³Ã˜Â§Ã™â€ Ã˜Âª Ã™Æ’Ã™Å Ã˜ÂªÃ˜Â³ Ã™Ë†Ã™â€ Ã™Å Ã™ï¿½Ã™Å Ã˜Â³
     got: Ø³Ø§Ù†Øª ÙƒÙŠØªØ³ ÙˆÙ†ÙŠÙ�ÙŠØ³
 ; [cca2=KN].translations.ara.official
Expected: Ã˜Â§Ã˜ÂªÃ˜Â­Ã˜Â§Ã˜Â¯ Ã˜Â§Ã™â€žÃ™â€šÃ˜Â¯Ã™Å Ã˜Â³ Ã™Æ’Ã˜Â±Ã™Å Ã˜Â³Ã˜ÂªÃ™Ë†Ã™ï¿½Ã˜Â± Ã™Ë†Ã™â€ Ã™Å Ã™ï¿½Ã™Å Ã˜Â³
     got: Ø§ØªØ­Ø§Ø¯ Ø§Ù„Ù‚Ø¯ÙŠØ³ ÙƒØ±ÙŠØ³ØªÙˆÙ�Ø± ÙˆÙ†ÙŠÙ�ÙŠØ³
 ; [cca2=KN].translations.ces.common
Expected: SvatÃƒÂ½ KryÃ…Â¡tof a Nevis
     got: SvatÃ½ KryÅ¡tof a Nevis
 ; [cca2=KN].translations.ces.official
Expected: Federace Sv. KryÃ…Â¡tof a Nevis
     got: Federace Sv. KryÅ¡tof a Nevis
 ; [cca2=KN].translations.deu.official
Expected: FÃƒÂ¶deration von St. Kitts und Nevis
     got: FÃ¶deration von St. Kitts und Nevis
 ; [cca2=KN].translations.est.official
Expected: Saint Kittsi ja Nevise FÃƒÂ¶deratsioon
     got: Saint Kittsi ja Nevise FÃ¶deratsioon
 ; [cca2=KN].translations.fra.common
Expected: Saint-Christophe-et-NiÃƒÂ©vÃƒÂ¨s
     got: Saint-Christophe-et-NiÃ©vÃ¨s
 ; [cca2=KN].translations.fra.official
Expected: FÃƒÂ©dÃƒÂ©ration de Saint-Christophe-et-NiÃƒÂ©vÃƒÂ¨s
     got: FÃ©dÃ©ration de Saint-Christophe-et-NiÃ©vÃ¨s
 ; [cca2=KN].translations.hun.common
Expected: Saint Kitts ÃƒÂ©s Nevis
     got: Saint Kitts Ã©s Nevis
 ; [cca2=KN].translations.hun.official
Expected: Saint Christopher ÃƒÂ©s Nevis Ãƒï¿½llamszÃƒÂ¶vetsÃƒÂ©g
     got: Saint Christopher Ã©s Nevis Ã�llamszÃ¶vetsÃ©g
 ; [cca2=KN].translations.jpn.common
Expected: Ã£â€šÂ»Ã£Æ’Â³Ã£Æ’Ë†Ã£â€šÂ¯Ã£Æ’ÂªÃ£â€šÂ¹Ã£Æ’Ë†Ã£Æ’â€¢Ã£â€šÂ¡Ã£Æ’Â¼Ã£Æ’Â»Ã£Æ’ï¿½Ã£â€šÂ¤Ã£Æ’â€œÃ£â€šÂ¹
     got: ã‚»ãƒ³ãƒˆã‚¯ãƒªã‚¹ãƒˆãƒ•ã‚¡ãƒ¼ãƒ»ãƒ�ã‚¤ãƒ“ã‚¹
 ; [cca2=KN].translations.jpn.official
Expected: Ã£â€šÂ»Ã£Æ’Â³Ã£Æ’Ë†Ã£â€šÂ¯Ã£Æ’ÂªÃ£â€šÂ¹Ã£Æ’Ë†Ã£Æ’â€¢Ã£â€šÂ¡Ã£Æ’Â¼NevisÃ©â‚¬Â£Ã§â€ºÅ¸
     got: ã‚»ãƒ³ãƒˆã‚¯ãƒªã‚¹ãƒˆãƒ•ã‚¡ãƒ¼Nevisé€£ç›Ÿ
 ; [cca2=KN].translations.kor.common
Expected: Ã¬â€žÂ¸Ã¬ï¿½Â¸Ã­Å Â¸Ã­â€šÂ¤Ã¬Â¸Â  Ã«â€žÂ¤Ã«Â¹â€žÃ¬Å Â¤
     got: ì„¸ì�¸íŠ¸í‚¤ì¸  ë„¤ë¹„ìŠ¤
 ; [cca2=KN].translations.kor.official
Expected: Ã¬â€žÂ¸Ã¬ï¿½Â¸Ã­Å Â¸Ã­â€šÂ¤Ã¬Â¸Â  Ã«â€žÂ¤Ã«Â¹â€žÃ¬Å Â¤ Ã¬â€”Â°Ã«Â°Â©
     got: ì„¸ì�¸íŠ¸í‚¤ì¸  ë„¤ë¹„ìŠ¤ ì—°ë°©
 ; [cca2=KN].translations.per.common
Expected: Ã˜Â³Ã™â€ Ã˜Âª ÃšÂ©Ã›Å’Ã˜ÂªÃ˜Â³ Ã™Ë† Ã™â€ Ã™Ë†Ã›Å’Ã˜Â³
     got: Ø³Ù†Øª Ú©ÛŒØªØ³ Ùˆ Ù†ÙˆÛŒØ³
 ; [cca2=KN].translations.per.official
Expected: Ã™ï¿½Ã˜Â¯Ã˜Â±Ã˜Â§Ã˜Â³Ã›Å’Ã™Ë†Ã™â€  Ã˜Â³Ã™â€ Ã˜Âª ÃšÂ©Ã›Å’Ã˜ÂªÃ˜Â³ Ã™Ë† Ã™â€ Ã™Ë†Ã›Å’Ã˜Â³
     got: Ù�Ø¯Ø±Ø§Ø³ÛŒÙˆÙ† Ø³Ù†Øª Ú©ÛŒØªØ³ Ùˆ Ù†ÙˆÛŒØ³
 ; [cca2=KN].translations.por.common
Expected: SÃƒÂ£o CristÃƒÂ³vÃƒÂ£o e Nevis
     got: SÃ£o CristÃ³vÃ£o e Nevis
 ; [cca2=KN].translations.por.official
Expected: FederaÃƒÂ§ÃƒÂ£o de SÃƒÂ£o CristÃƒÂ³vÃƒÂ£o e Nevis
     got: FederaÃ§Ã£o de SÃ£o CristÃ³vÃ£o e Nevis
 ; [cca2=KN].translations.rus.common
Expected: Ã�Â¡Ã�ÂµÃ�Â½Ã‘â€š-Ã�Å¡Ã�Â¸Ã‘â€šÃ‘ï¿½ Ã�Â¸ Ã�ï¿½Ã�ÂµÃ�Â²Ã�Â¸Ã‘ï¿½
     got: Ð¡ÐµÐ½Ñ‚-ÐšÐ¸Ñ‚Ñ� Ð¸ Ð�ÐµÐ²Ð¸Ñ�
 ; [cca2=KN].translations.rus.official
Expected: Ã�Â¤Ã�ÂµÃ�Â´Ã�ÂµÃ‘â‚¬Ã�Â°Ã‘â€ Ã�Â¸Ã‘ï¿½ Ã�Â¡Ã�ÂµÃ�Â½Ã‘â€š-Ã�Å¡Ã‘â‚¬Ã�Â¸Ã‘ï¿½Ã‘â€šÃ�Â¾Ã‘â€žÃ�ÂµÃ‘â‚¬ Ã�Â¸ Ã�ï¿½ Ã�Âµ Ã�Â² Ã�Â¸ Ã‘ï¿½
     got: Ð¤ÐµÐ´ÐµÑ€Ð°Ñ†Ð¸Ñ� Ð¡ÐµÐ½Ñ‚-ÐšÑ€Ð¸Ñ�Ñ‚Ð¾Ñ„ÐµÑ€ Ð¸ Ð� Ðµ Ð² Ð¸ Ñ�
 ; [cca2=KN].translations.slk.common
Expected: SvÃƒÂ¤tÃƒÂ½ KriÃ…Â¡tof a Nevis
     got: SvÃ¤tÃ½ KriÅ¡tof a Nevis
 ; [cca2=KN].translations.slk.official
Expected: FederÃ Â»Â¡cia SvÃƒÂ¤tÃƒÂ©ho KriÃ…Â¡tofa a Nevisu
     got: Federà»¡cia SvÃ¤tÃ©ho KriÅ¡tofa a Nevisu
 ; [cca2=KN].translations.spa.common
Expected: San CristÃƒÂ³bal y Nieves
     got: San CristÃ³bal y Nieves
 ; [cca2=KN].translations.spa.official
Expected: FederaciÃƒÂ³n de San CristÃƒÂ³bal y Nevis
     got: FederaciÃ³n de San CristÃ³bal y Nevis
 ; [cca2=KN].translations.srp.common
Expected: Ã�Â¡Ã�ÂµÃ�Â½Ã‘â€š Ã�Å¡Ã�Â¸Ã‘â€šÃ‘ï¿½ Ã�Â¸ Ã�ï¿½Ã�ÂµÃ�Â²Ã�Â¸Ã‘ï¿½
     got: Ð¡ÐµÐ½Ñ‚ ÐšÐ¸Ñ‚Ñ� Ð¸ Ð�ÐµÐ²Ð¸Ñ�
 ; [cca2=KN].translations.srp.official
Expected: Ã�Â¤Ã�ÂµÃ�Â´Ã�ÂµÃ‘â‚¬Ã�Â°Ã‘â€ Ã�Â¸Ã‘ËœÃ�Â° Ã�Â¡Ã�Â²Ã�ÂµÃ‘â€šÃ�Â¸ Ã�Å¡Ã‘â‚¬Ã�Â¸Ã‘ï¿½Ã‘â€šÃ�Â¾Ã‘â€žÃ�ÂµÃ‘â‚¬ Ã�Â¸ Ã�ï¿½Ã�ÂµÃ�Â²Ã�Â¸Ã‘ï¿½
     got: Ð¤ÐµÐ´ÐµÑ€Ð°Ñ†Ð¸Ñ˜Ð° Ð¡Ð²ÐµÑ‚Ð¸ ÐšÑ€Ð¸Ñ�Ñ‚Ð¾Ñ„ÐµÑ€ Ð¸ Ð�ÐµÐ²Ð¸Ñ�
 ; [cca2=KN].translations.urd.common
Expected: Ã˜Â³Ã›Å’Ã™â€ Ã™Â¹ ÃšÂ©Ã›Å’Ã™Â¹Ã˜Â² Ã™Ë† Ã™â€ Ã˜Â§Ã™Ë†Ã›Å’Ã˜Â³
     got: Ø³ÛŒÙ†Ù¹ Ú©ÛŒÙ¹Ø² Ùˆ Ù†Ø§ÙˆÛŒØ³
 ; [cca2=KN].translations.urd.official
Expected: Ã™Ë†Ã™ï¿½Ã˜Â§Ã™â€šÃ™ï¿½ Ã˜Â³Ã›Å’Ã™â€ Ã™Â¹ ÃšÂ©Ã›Å’Ã™Â¹Ã˜Â² Ã™Ë† Ã™â€ Ã˜Â§Ã™Ë†Ã›Å’Ã˜Â³
     got: ÙˆÙ�Ø§Ù‚Ù� Ø³ÛŒÙ†Ù¹ Ú©ÛŒÙ¹Ø² Ùˆ Ù†Ø§ÙˆÛŒØ³
 ; [cca2=KN].translations.zho.common
Expected: Ã¥Å“Â£Ã¥Å¸ÂºÃ¨Å’Â¨Ã¥â€™Å’Ã¥Â°Â¼Ã§Â»Â´Ã¦â€“Â¯
     got: åœ£åŸºèŒ¨å’Œå°¼ç»´æ–¯
 ; [cca2=KN].translations.zho.official
Expected: Ã¥Å“Â£Ã¥â€¦â€¹Ã©â€¡Å’Ã¦â€“Â¯Ã¦â€°ËœÃ¥Â¼â€”Ã¥â€™Å’Ã¥Â°Â¼Ã§Â»Â´Ã¦â€“Â¯Ã¨ï¿½â€�Ã©â€šÂ¦
     got: åœ£å…‹é‡Œæ–¯æ‰˜å¼—å’Œå°¼ç»´æ–¯è�”é‚¦
 ; [cca2=KP].altSpellings[]
Expected: Ã«Â¶ï¿½Ã­â€¢Å“
     but none found
 ; [cca2=KP].altSpellings[]
Expected: Ã«Â¶ï¿½Ã¬Â¡Â°Ã¬â€žÂ 
     but none found
 ; [cca2=KP].altSpellings[]
Expected: Ã¬Â¡Â°Ã¬â€žÂ Ã«Â¯Â¼Ã¬Â£Â¼Ã¬Â£Â¼Ã¬ï¿½ËœÃ¬ï¿½Â¸Ã«Â¯Â¼ÃªÂ³ÂµÃ­â„¢â€�ÃªÂµÂ­
     but none found
 ; [cca2=KP].altSpellings[]
Expected: ChosÃ…ï¿½n MinjujuÃ…Â­i Inmin Konghwaguk
     but none found
 ; [cca2=KP].altSpellings[]
Unexpected: ë¶�ì¡°ì„ 
 ; [cca2=KP].altSpellings[]
Unexpected: ì¡°ì„ ë¯¼ì£¼ì£¼ì�˜ì�¸ë¯¼ê³µí™”êµ­
 ; [cca2=KP].altSpellings[]
Unexpected: ChosÅ�n MinjujuÅ­i Inmin Konghwaguk
 ; [cca2=KP].altSpellings[]
Unexpected: ë¶�í•œ
 ; [cca2=KP].currencies.KPW.symbol
Expected: Ã¢â€šÂ©
     got: â‚©
 ; [cca2=KP].demonyms.fra.f
Expected: Nord-corÃƒÂ©enne
     got: Nord-corÃ©enne
 ; [cca2=KP].demonyms.fra.m
Expected: Nord-corÃƒÂ©en
     got: Nord-corÃ©en
 ; [cca2=KP].flag
Expected: Ã°Å¸â€¡Â°Ã°Å¸â€¡Âµ
     got: ðŸ‡°ðŸ‡µ
 ; [cca2=KP].flags.alt
Expected: The flag of North Korea is composed of three horizontal bands Ã¢â‚¬â€� a large central white-edged red band, and a blue band above and beneath the red band. On the hoist side of the red band is a red five-pointed star within a white circle.
     got: The flag of North Korea is composed of three horizontal bands â€” a large central white-edged red band, and a blue band above and beneath the red band. On the hoist side of the red band is a red five-pointed star within a white circle.
 ; [cca2=KP].name.nativeName.kor.common
Expected: Ã¬Â¡Â°Ã¬â€žÂ 
     got: ì¡°ì„ 
 ; [cca2=KP].name.nativeName.kor.official
Expected: Ã¬Â¡Â°Ã¬â€žÂ Ã«Â¯Â¼Ã¬Â£Â¼Ã¬Â£Â¼Ã¬ï¿½ËœÃ¬ï¿½Â¸Ã«Â¯Â¼ÃªÂ³ÂµÃ­â„¢â€�ÃªÂµÂ­
     got: ì¡°ì„ ë¯¼ì£¼ì£¼ì�˜ì�¸ë¯¼ê³µí™”êµ­
 ; [cca2=KP].translations.ara.common
Expected: Ã™Æ’Ã™Ë†Ã˜Â±Ã™Å Ã˜Â§ Ã˜Â§Ã™â€žÃ˜Â´Ã™â€¦Ã˜Â§Ã™â€žÃ™Å Ã˜Â©
     got: ÙƒÙˆØ±ÙŠØ§ Ø§Ù„Ø´Ù…Ø§Ù„ÙŠØ©
 ; [cca2=KP].translations.ara.official
Expected: Ã˜Â¬Ã™â€¦Ã™â€¡Ã™Ë†Ã˜Â±Ã™Å Ã˜Â© Ã™Æ’Ã™Ë†Ã˜Â±Ã™Å Ã˜Â§ Ã˜Â§Ã™â€žÃ˜Â¯Ã™Å Ã™â€¦Ã™â€šÃ˜Â±Ã˜Â§Ã˜Â·Ã™Å Ã˜Â© Ã˜Â§Ã™â€žÃ˜Â´Ã˜Â¹Ã˜Â¨Ã™Å Ã˜Â©
     got: Ø¬Ù…Ù‡ÙˆØ±ÙŠØ© ÙƒÙˆØ±ÙŠØ§ Ø§Ù„Ø¯ÙŠÙ…Ù‚Ø±Ø§Ø·ÙŠØ© Ø§Ù„Ø´Ø¹Ø¨ÙŠØ©
 ; [cca2=KP].translations.ces.common
Expected: SevernÃƒÂ­ Korea
     got: SevernÃ­ Korea
 ; [cca2=KP].translations.ces.official
Expected: KorejskÃƒÂ¡ lidovÃ„â€º demokratickÃƒÂ¡ republika
     got: KorejskÃ¡ lidovÄ› demokratickÃ¡ republika
 ; [cca2=KP].translations.est.common
Expected: PÃƒÂµhja-Korea
     got: PÃµhja-Korea
 ; [cca2=KP].translations.fra.common
Expected: CorÃƒÂ©e du Nord
     got: CorÃ©e du Nord
 ; [cca2=KP].translations.fra.official
Expected: RÃƒÂ©publique populaire dÃƒÂ©mocratique de CorÃƒÂ©e
     got: RÃ©publique populaire dÃ©mocratique de CorÃ©e
 ; [cca2=KP].translations.hun.common
Expected: Ãƒâ€°szak-Korea
     got: Ã‰szak-Korea
 ; [cca2=KP].translations.hun.official
Expected: Koreai NÃƒÂ©pi Demokratikus KÃƒÂ¶ztÃƒÂ¡rsasÃƒÂ¡g
     got: Koreai NÃ©pi Demokratikus KÃ¶ztÃ¡rsasÃ¡g
 ; [cca2=KP].translations.jpn.common
Expected: Ã¦Å“ï¿½Ã©Â®Â®Ã¦Â°â€˜Ã¤Â¸Â»Ã¤Â¸Â»Ã§Â¾Â©Ã¤ÂºÂºÃ¦Â°â€˜Ã¥â€¦Â±Ã¥â€™Å’Ã¥â€ºÂ½
     got: æœ�é®®æ°‘ä¸»ä¸»ç¾©äººæ°‘å…±å’Œå›½
 ; [cca2=KP].translations.jpn.official
Expected: Ã¦Å“ï¿½Ã©Â®Â®Ã¦Â°â€˜Ã¤Â¸Â»Ã¤Â¸Â»Ã§Â¾Â©Ã¤ÂºÂºÃ¦Â°â€˜Ã¥â€¦Â±Ã¥â€™Å’Ã¥â€ºÂ½
     got: æœ�é®®æ°‘ä¸»ä¸»ç¾©äººæ°‘å…±å’Œå›½
 ; [cca2=KP].translations.kor.common
Expected: Ã¬Â¡Â°Ã¬â€žÂ 
     got: ì¡°ì„ 
 ; [cca2=KP].translations.kor.official
Expected: Ã¬Â¡Â°Ã¬â€žÂ Ã«Â¯Â¼Ã¬Â£Â¼Ã¬Â£Â¼Ã¬ï¿½ËœÃ¬ï¿½Â¸Ã«Â¯Â¼ÃªÂ³ÂµÃ­â„¢â€�ÃªÂµÂ­
     got: ì¡°ì„ ë¯¼ì£¼ì£¼ì�˜ì�¸ë¯¼ê³µí™”êµ­
 ; [cca2=KP].translations.per.common
Expected: ÃšÂ©Ã™ï¿½Ã˜Â±Ã™â€¡ Ã˜Â´Ã™â€¦Ã˜Â§Ã™â€žÃ›Å’
     got: Ú©Ù�Ø±Ù‡ Ø´Ù…Ø§Ù„ÛŒ
 ; [cca2=KP].translations.per.official
Expected: Ã˜Â¬Ã™â€¦Ã™â€¡Ã™Ë†Ã˜Â±Ã›Å’ Ã˜Â¯Ã™â€¦Ã™Ë†ÃšÂ©Ã˜Â±Ã˜Â§Ã˜ÂªÃ›Å’ÃšÂ© Ã˜Â®Ã™â€žÃ™â€š ÃšÂ©Ã˜Â±Ã™â€¡
     got: Ø¬Ù…Ù‡ÙˆØ±ÛŒ Ø¯Ù…ÙˆÚ©Ø±Ø§ØªÛŒÚ© Ø®Ù„Ù‚ Ú©Ø±Ù‡
 ; [cca2=KP].translations.pol.common
Expected: Korea PÃƒÂ³Ã…â€šnocna
     got: Korea PÃ³Å‚nocna
 ; [cca2=KP].translations.pol.official
Expected: KoreaÃ…â€žska Republika Ludowo-Demokratyczna
     got: KoreaÅ„ska Republika Ludowo-Demokratyczna
 ; [cca2=KP].translations.por.official
Expected: RepÃƒÂºblica Popular DemocrÃƒÂ¡tica da Coreia
     got: RepÃºblica Popular DemocrÃ¡tica da Coreia
 ; [cca2=KP].translations.rus.common
Expected: Ã�Â¡Ã�ÂµÃ�Â²Ã�ÂµÃ‘â‚¬Ã�Â½Ã�Â°Ã‘ï¿½ Ã�Å¡Ã�Â¾Ã‘â‚¬Ã�ÂµÃ‘ï¿½
     got: Ð¡ÐµÐ²ÐµÑ€Ð½Ð°Ñ� ÐšÐ¾Ñ€ÐµÑ�
 ; [cca2=KP].translations.rus.official
Expected: Ã�Å¡Ã�Â¾Ã‘â‚¬Ã�ÂµÃ�Â¹Ã‘ï¿½Ã�ÂºÃ�Â°Ã‘ï¿½ Ã�ï¿½Ã�Â°Ã‘â‚¬Ã�Â¾Ã�Â´Ã�Â½Ã�Â¾-Ã�â€�Ã�ÂµÃ�Â¼Ã�Â¾Ã�ÂºÃ‘â‚¬Ã�Â°Ã‘â€šÃ�Â¸Ã‘â€¡Ã�ÂµÃ‘ï¿½Ã�ÂºÃ�Â°Ã‘ï¿½ Ã�Â Ã�ÂµÃ‘ï¿½Ã�Â¿Ã‘Æ’Ã�Â±Ã�Â»Ã�Â¸Ã�ÂºÃ�Â° Ã�Å¡Ã�Â¾Ã‘â‚¬Ã�ÂµÃ‘ï¿½
     got: ÐšÐ¾Ñ€ÐµÐ¹Ñ�ÐºÐ°Ñ� Ð�Ð°Ñ€Ð¾Ð´Ð½Ð¾-Ð”ÐµÐ¼Ð¾ÐºÑ€Ð°Ñ‚Ð¸Ñ‡ÐµÑ�ÐºÐ°Ñ� Ð ÐµÑ�Ð¿ÑƒÐ±Ð»Ð¸ÐºÐ° ÐšÐ¾Ñ€ÐµÑ�
 ; [cca2=KP].translations.slk.common
Expected: SevernÃƒÂ¡ KÃƒÂ³rea
     got: SevernÃ¡ KÃ³rea
 ; [cca2=KP].translations.slk.official
Expected: KÃƒÂ³rejskÃƒÂ¡ Ã„Â¾udovodemokratickÃƒÂ¡ republika
     got: KÃ³rejskÃ¡ Ä¾udovodemokratickÃ¡ republika
 ; [cca2=KP].translations.spa.official
Expected: RepÃƒÂºblica Popular DemocrÃƒÂ¡tica de Corea
     got: RepÃºblica Popular DemocrÃ¡tica de Corea
 ; [cca2=KP].translations.srp.common
Expected: Ã�Â¡Ã�ÂµÃ�Â²Ã�ÂµÃ‘â‚¬Ã�Â½Ã�Â° Ã�Å¡Ã�Â¾Ã‘â‚¬Ã�ÂµÃ‘ËœÃ�Â°
     got: Ð¡ÐµÐ²ÐµÑ€Ð½Ð° ÐšÐ¾Ñ€ÐµÑ˜Ð°
 ; [cca2=KP].translations.srp.official
Expected: Ã�â€�Ã�ÂµÃ�Â¼Ã�Â¾Ã�ÂºÃ‘â‚¬Ã�Â°Ã‘â€šÃ‘ï¿½Ã�ÂºÃ�Â° Ã�ï¿½Ã�Â°Ã‘â‚¬Ã�Â¾Ã�Â´Ã�Â½Ã�Â° Ã�Â Ã�ÂµÃ�Â¿Ã‘Æ’Ã�Â±Ã�Â»Ã�Â¸Ã�ÂºÃ�Â° Ã�Å¡Ã�Â¾Ã‘â‚¬Ã�ÂµÃ‘ËœÃ�Â°
     got: Ð”ÐµÐ¼Ð¾ÐºÑ€Ð°Ñ‚Ñ�ÐºÐ° Ð�Ð°Ñ€Ð¾Ð´Ð½Ð° Ð ÐµÐ¿ÑƒÐ±Ð»Ð¸ÐºÐ° ÐšÐ¾Ñ€ÐµÑ˜Ð°
 ; [cca2=KP].translations.urd.common
Expected: Ã˜Â´Ã™â€¦Ã˜Â§Ã™â€žÃ›Å’ ÃšÂ©Ã™Ë†Ã˜Â±Ã›Å’Ã˜Â§
     got: Ø´Ù…Ø§Ù„ÛŒ Ú©ÙˆØ±ÛŒØ§
 ; [cca2=KP].translations.urd.official
Expected: Ã˜Â¬Ã™â€¦Ã›ï¿½Ã™Ë†Ã˜Â±Ã›Å’ Ã˜Â¹Ã™Ë†Ã˜Â§Ã™â€¦Ã›Å’ Ã˜Â¬Ã™â€¦Ã›ï¿½Ã™Ë†Ã˜Â±Ã›Å’Ã›ï¿½ ÃšÂ©Ã™Ë†Ã˜Â±Ã›Å’Ã˜Â§
     got: Ø¬Ù…Û�ÙˆØ±ÛŒ Ø¹ÙˆØ§Ù…ÛŒ Ø¬Ù…Û�ÙˆØ±ÛŒÛ� Ú©ÙˆØ±ÛŒØ§
 ; [cca2=KP].translations.zho.common
Expected: Ã¦Å“ï¿½Ã©Â²Å“
     got: æœ�é²œ
 ; [cca2=KP].translations.zho.official
Expected: Ã¦Å“ï¿½Ã©Â²Å“Ã¤ÂºÂºÃ¦Â°â€˜Ã¦Â°â€˜Ã¤Â¸Â»Ã¥â€¦Â±Ã¥â€™Å’Ã¥â€ºÂ½
     got: æœ�é²œäººæ°‘æ°‘ä¸»å…±å’Œå›½
 ; [cca2=KR].altSpellings[]
Expected: Ã«â€šÂ¨Ã­â€¢Å“
     but none found
 ; [cca2=KR].altSpellings[]
Expected: Ã«â€šÂ¨Ã¬Â¡Â°Ã¬â€žÂ 
     but none found
 ; [cca2=KR].altSpellings[]
Unexpected: ë‚¨í•œ
 ; [cca2=KR].altSpellings[]
Unexpected: ë‚¨ì¡°ì„ 
 ; [cca2=KR].currencies.KRW.symbol
Expected: Ã¢â€šÂ©
     got: â‚©
 ; [cca2=KR].demonyms.fra.f
Expected: Sud-corÃƒÂ©enne
     got: Sud-corÃ©enne
 ; [cca2=KR].demonyms.fra.m
Expected: Sud-corÃƒÂ©en
     got: Sud-corÃ©en
 ; [cca2=KR].flag
Expected: Ã°Å¸â€¡Â°Ã°Å¸â€¡Â·
     got: ðŸ‡°ðŸ‡·
 ; [cca2=KR].name.nativeName.kor.common
Expected: Ã­â€¢Å“ÃªÂµÂ­
     got: í•œêµ­
 ; [cca2=KR].name.nativeName.kor.official
Expected: Ã«Å’â‚¬Ã­â€¢Å“Ã«Â¯Â¼ÃªÂµÂ­
     got: ëŒ€í•œë¯¼êµ­
 ; [cca2=KR].tld[]
Expected: .Ã­â€¢Å“ÃªÂµÂ­
     but none found
 ; [cca2=KR].tld[]
Unexpected: .í•œêµ­
 ; [cca2=KR].translations.ara.common
Expected: Ã™Æ’Ã™Ë†Ã˜Â±Ã™Å Ã˜Â§ Ã˜Â§Ã™â€žÃ˜Â¬Ã™â€ Ã™Ë†Ã˜Â¨Ã™Å Ã˜Â©
     got: ÙƒÙˆØ±ÙŠØ§ Ø§Ù„Ø¬Ù†ÙˆØ¨ÙŠØ©
 ; [cca2=KR].translations.ara.official
Expected: Ã˜Â¬Ã™â€¦Ã™â€¡Ã™Ë†Ã˜Â±Ã™Å Ã˜Â© Ã™Æ’Ã™Ë†Ã˜Â±Ã™Å Ã˜Â§
     got: Ø¬Ù…Ù‡ÙˆØ±ÙŠØ© ÙƒÙˆØ±ÙŠØ§
 ; [cca2=KR].translations.ces.common
Expected: JiÃ…Â¾nÃƒÂ­ Korea
     got: JiÅ¾nÃ­ Korea
 ; [cca2=KR].translations.ces.official
Expected: KorejskÃƒÂ¡ republika
     got: KorejskÃ¡ republika
 ; [cca2=KR].translations.deu.common
Expected: SÃƒÂ¼dkorea
     got: SÃ¼dkorea
 ; [cca2=KR].translations.est.common
Expected: LÃƒÂµuna-Korea
     got: LÃµuna-Korea
 ; [cca2=KR].translations.fin.common
Expected: EtelÃƒÂ¤-Korea
     got: EtelÃ¤-Korea
 ; [cca2=KR].translations.fra.common
Expected: CorÃƒÂ©e du Sud
     got: CorÃ©e du Sud
 ; [cca2=KR].translations.fra.official
Expected: RÃƒÂ©publique de CorÃƒÂ©e
     got: RÃ©publique de CorÃ©e
 ; [cca2=KR].translations.hrv.common
Expected: JuÃ…Â¾na Koreja
     got: JuÅ¾na Koreja
 ; [cca2=KR].translations.hun.common
Expected: DÃƒÂ©l-Korea
     got: DÃ©l-Korea
 ; [cca2=KR].translations.hun.official
Expected: Koreai KÃƒÂ¶ztÃƒÂ¡rsasÃƒÂ¡g
     got: Koreai KÃ¶ztÃ¡rsasÃ¡g
 ; [cca2=KR].translations.jpn.common
Expected: Ã©Å¸â€œÃ¥â€ºÂ½
     got: éŸ“å›½
 ; [cca2=KR].translations.jpn.official
Expected: Ã¥Â¤Â§Ã©Å¸â€œÃ¦Â°â€˜Ã¥â€ºÂ½
     got: å¤§éŸ“æ°‘å›½
 ; [cca2=KR].translations.kor.common
Expected: Ã­â€¢Å“ÃªÂµÂ­
     got: í•œêµ­
 ; [cca2=KR].translations.kor.official
Expected: Ã«Å’â‚¬Ã­â€¢Å“Ã«Â¯Â¼ÃªÂµÂ­
     got: ëŒ€í•œë¯¼êµ­
 ; [cca2=KR].translations.per.common
Expected: ÃšÂ©Ã˜Â±Ã™â€¡Ã™â€� Ã˜Â¬Ã™â€ Ã™Ë†Ã˜Â¨Ã›Å’
     got: Ú©Ø±Ù‡Ù” Ø¬Ù†ÙˆØ¨ÛŒ
 ; [cca2=KR].translations.per.official
Expected: Ã˜Â¬Ã™â€¦Ã™â€¡Ã™Ë†Ã˜Â±Ã›Å’ ÃšÂ©Ã˜Â±Ã™â€¡
     got: Ø¬Ù…Ù‡ÙˆØ±ÛŒ Ú©Ø±Ù‡
 ; [cca2=KR].translations.pol.common
Expected: Korea PoÃ…â€šudniowa
     got: Korea PoÅ‚udniowa
 ; [cca2=KR].translations.por.official
Expected: RepÃƒÂºblica da Coreia
     got: RepÃºblica da Coreia
 ; [cca2=KR].translations.rus.common
Expected: Ã�Â®Ã�Â¶Ã�Â½Ã�Â°Ã‘ï¿½ Ã�Å¡Ã�Â¾Ã‘â‚¬Ã�ÂµÃ‘ï¿½
     got: Ð®Ð¶Ð½Ð°Ñ� ÐšÐ¾Ñ€ÐµÑ�
 ; [cca2=KR].translations.rus.official
Expected: Ã�Â Ã�ÂµÃ‘ï¿½Ã�Â¿Ã‘Æ’Ã�Â±Ã�Â»Ã�Â¸Ã�ÂºÃ�Â° Ã�Å¡Ã�Â¾Ã‘â‚¬Ã�ÂµÃ‘ï¿½
     got: Ð ÐµÑ�Ð¿ÑƒÐ±Ð»Ð¸ÐºÐ° ÐšÐ¾Ñ€ÐµÑ�
 ; [cca2=KR].translations.slk.common
Expected: JuÃ…Â¾nÃƒÂ¡ KÃƒÂ³rea
     got: JuÅ¾nÃ¡ KÃ³rea
 ; [cca2=KR].translations.slk.official
Expected: KÃƒÂ³rejskÃƒÂ¡ republika
     got: KÃ³rejskÃ¡ republika
 ; [cca2=KR].translations.spa.official
Expected: RepÃƒÂºblica de Corea
     got: RepÃºblica de Corea
 ; [cca2=KR].translations.srp.common
Expected: Ã�Ë†Ã‘Æ’Ã�Â¶Ã�Â½Ã�Â° Ã�Å¡Ã�Â¾Ã‘â‚¬Ã�ÂµÃ‘ËœÃ�Â°
     got: ÐˆÑƒÐ¶Ð½Ð° ÐšÐ¾Ñ€ÐµÑ˜Ð°
 ; [cca2=KR].translations.srp.official
Expected: Ã�Â Ã�ÂµÃ�Â¿Ã‘Æ’Ã�Â±Ã�Â»Ã�Â¸Ã�ÂºÃ�Â° Ã�Å¡Ã�Â¾Ã‘â‚¬Ã�ÂµÃ‘ËœÃ�Â°
     got: Ð ÐµÐ¿ÑƒÐ±Ð»Ð¸ÐºÐ° ÐšÐ¾Ñ€ÐµÑ˜Ð°
 ; [cca2=KR].translations.tur.common
Expected: GÃƒÂ¼ney Kore
     got: GÃ¼ney Kore
 ; [cca2=KR].translations.urd.common
Expected: Ã˜Â¬Ã™â€ Ã™Ë†Ã˜Â¨Ã›Å’ ÃšÂ©Ã™Ë†Ã˜Â±Ã›Å’Ã˜Â§
     got: Ø¬Ù†ÙˆØ¨ÛŒ Ú©ÙˆØ±ÛŒØ§
 ; [cca2=KR].translations.urd.official
Expected: Ã˜Â¬Ã™â€¦Ã›ï¿½Ã™Ë†Ã˜Â±Ã›Å’Ã›ï¿½ ÃšÂ©Ã™Ë†Ã˜Â±Ã›Å’Ã˜Â§ 
     got: Ø¬Ù…Û�ÙˆØ±ÛŒÛ� Ú©ÙˆØ±ÛŒØ§ 
 ; [cca2=KR].translations.zho.common
Expected: Ã©Å¸Â©Ã¥â€ºÂ½
     got: éŸ©å›½
 ; [cca2=KR].translations.zho.official
Expected: Ã¥Â¤Â§Ã©Å¸Â©Ã¦Â°â€˜Ã¥â€ºÂ½
     got: å¤§éŸ©æ°‘å›½
 ; [cca2=KW].currencies.KWD.symbol
Expected: Ã˜Â¯.Ã™Æ’
     got: Ø¯.Ùƒ
 ; [cca2=KW].demonyms.fra.f
Expected: KoweÃƒÂ¯tienne
     got: KoweÃ¯tienne
 ; [cca2=KW].demonyms.fra.m
Expected: KoweÃƒÂ¯tien
     got: KoweÃ¯tien
 ; [cca2=KW].flag
Expected: Ã°Å¸â€¡Â°Ã°Å¸â€¡Â¼
     got: ðŸ‡°ðŸ‡¼
 ; [cca2=KW].name.nativeName.ara.common
Expected: Ã˜Â§Ã™â€žÃ™Æ’Ã™Ë†Ã™Å Ã˜Âª
     got: Ø§Ù„ÙƒÙˆÙŠØª
 ; [cca2=KW].name.nativeName.ara.official
Expected: Ã˜Â¯Ã™Ë†Ã™â€žÃ˜Â© Ã˜Â§Ã™â€žÃ™Æ’Ã™Ë†Ã™Å Ã˜Âª
     got: Ø¯ÙˆÙ„Ø© Ø§Ù„ÙƒÙˆÙŠØª
 ; [cca2=KW].translations.ara.common
Expected: Ã˜Â§Ã™â€žÃ™Æ’Ã™Ë†Ã™Å Ã˜Âª
     got: Ø§Ù„ÙƒÙˆÙŠØª
 ; [cca2=KW].translations.ara.official
Expected: Ã˜Â¯Ã™Ë†Ã™â€žÃ˜Â© Ã˜Â§Ã™â€žÃ™Æ’Ã™Ë†Ã™Å Ã˜Âª
     got: Ø¯ÙˆÙ„Ø© Ø§Ù„ÙƒÙˆÙŠØª
 ; [cca2=KW].translations.ces.official
Expected: StÃƒÂ¡t Kuvajt
     got: StÃ¡t Kuvajt
 ; [cca2=KW].translations.fra.common
Expected: KoweÃƒÂ¯t
     got: KoweÃ¯t
 ; [cca2=KW].translations.fra.official
Expected: Ãƒâ€°tat du KoweÃƒÂ¯t
     got: Ã‰tat du KoweÃ¯t
 ; [cca2=KW].translations.hrv.official
Expected: DrÃ…Â¾ava Kuvajt
     got: DrÅ¾ava Kuvajt
 ; [cca2=KW].translations.hun.official
Expected: Kuvaiti Ãƒï¿½llam
     got: Kuvaiti Ã�llam
 ; [cca2=KW].translations.jpn.common
Expected: Ã£â€šÂ¯Ã£â€šÂ¦Ã£â€šÂ§Ã£Æ’Â¼Ã£Æ’Ë†
     got: ã‚¯ã‚¦ã‚§ãƒ¼ãƒˆ
 ; [cca2=KW].translations.jpn.official
Expected: Ã£â€šÂ¯Ã£â€šÂ¦Ã£â€šÂ§Ã£Æ’Â¼Ã£Æ’Ë†Ã¥â€ºÂ½
     got: ã‚¯ã‚¦ã‚§ãƒ¼ãƒˆå›½
 ; [cca2=KW].translations.kor.common
Expected: Ã¬Â¿Â Ã¬â€ºÂ¨Ã¬ï¿½Â´Ã­Å Â¸
     got: ì¿ ì›¨ì�´íŠ¸
 ; [cca2=KW].translations.kor.official
Expected: Ã¬Â¿Â Ã¬â€ºÂ¨Ã¬ï¿½Â´Ã­Å Â¸ÃªÂµÂ­
     got: ì¿ ì›¨ì�´íŠ¸êµ­
 ; [cca2=KW].translations.per.common
Expected: ÃšÂ©Ã™ï¿½Ã™Ë†Ã›Å’Ã˜Âª
     got: Ú©Ù�ÙˆÛŒØª
 ; [cca2=KW].translations.per.official
Expected: Ã˜Â¯Ã™Ë†Ã™â€žÃ˜Âª ÃšÂ©Ã™Ë†Ã›Å’Ã˜Âª
     got: Ø¯ÙˆÙ„Øª Ú©ÙˆÛŒØª
 ; [cca2=KW].translations.pol.official
Expected: PaÃ…â€žstwo Kuwejt
     got: PaÅ„stwo Kuwejt
 ; [cca2=KW].translations.rus.common
Expected: Ã�Å¡Ã‘Æ’Ã�Â²Ã�ÂµÃ�Â¹Ã‘â€š
     got: ÐšÑƒÐ²ÐµÐ¹Ñ‚
 ; [cca2=KW].translations.rus.official
Expected: Ã�â€œÃ�Â¾Ã‘ï¿½Ã‘Æ’Ã�Â´Ã�Â°Ã‘â‚¬Ã‘ï¿½Ã‘â€šÃ�Â²Ã�Â¾ Ã�Å¡Ã‘Æ’Ã�Â²Ã�ÂµÃ�Â¹Ã‘â€š
     got: Ð“Ð¾Ñ�ÑƒÐ´Ð°Ñ€Ñ�Ñ‚Ð²Ð¾ ÐšÑƒÐ²ÐµÐ¹Ñ‚
 ; [cca2=KW].translations.slk.official
Expected: KuvajtskÃƒÂ½ Ã…Â¡tÃƒÂ¡t
     got: KuvajtskÃ½ Å¡tÃ¡t
 ; [cca2=KW].translations.srp.common
Expected: Ã�Å¡Ã‘Æ’Ã�Â²Ã�Â°Ã‘ËœÃ‘â€š
     got: ÐšÑƒÐ²Ð°Ñ˜Ñ‚
 ; [cca2=KW].translations.srp.official
Expected: Ã�â€�Ã‘â‚¬Ã�Â¶Ã�Â°Ã�Â²Ã�Â° Ã�Å¡Ã‘Æ’Ã�Â²Ã�Â°Ã‘ËœÃ‘â€š
     got: Ð”Ñ€Ð¶Ð°Ð²Ð° ÐšÑƒÐ²Ð°Ñ˜Ñ‚
 ; [cca2=KW].translations.urd.common
Expected: ÃšÂ©Ã™Ë†Ã›Å’Ã˜Âª
     got: Ú©ÙˆÛŒØª
 ; [cca2=KW].translations.urd.official
Expected: Ã˜Â¯Ã™Ë†Ã™â€žÃ˜ÂªÃ™ï¿½ ÃšÂ©Ã™Ë†Ã›Å’Ã˜Âª
     got: Ø¯ÙˆÙ„ØªÙ� Ú©ÙˆÛŒØª
 ; [cca2=KW].translations.zho.common
Expected: Ã§Â§â€˜Ã¥Â¨ï¿½Ã§â€°Â¹
     got: ç§‘å¨�ç‰¹
 ; [cca2=KW].translations.zho.official
Expected: Ã§Â§â€˜Ã¥Â¨ï¿½Ã§â€°Â¹Ã¥â€ºÂ½
     got: ç§‘å¨�ç‰¹å›½
 ; [cca2=KY].demonyms.fra.f
Expected: CaÃƒÂ¯manienne
     got: CaÃ¯manienne
 ; [cca2=KY].demonyms.fra.m
Expected: CaÃƒÂ¯manien
     got: CaÃ¯manien
 ; [cca2=KY].flag
Expected: Ã°Å¸â€¡Â°Ã°Å¸â€¡Â¾
     got: ðŸ‡°ðŸ‡¾
 ; [cca2=KY].translations.ara.common
Expected: Ã˜Â¬Ã˜Â²Ã˜Â± Ã™Æ’Ã˜Â§Ã™Å Ã™â€¦Ã˜Â§Ã™â€ 
     got: Ø¬Ø²Ø± ÙƒØ§ÙŠÙ…Ø§Ù†
 ; [cca2=KY].translations.ara.official
Expected: Ã˜Â¬Ã˜Â²Ã˜Â± Ã™Æ’Ã˜Â§Ã™Å Ã™â€¦Ã˜Â§Ã™â€ 
     got: Ø¬Ø²Ø± ÙƒØ§ÙŠÙ…Ø§Ù†
 ; [cca2=KY].translations.ces.common
Expected: KajmanskÃƒÂ© ostrovy
     got: KajmanskÃ© ostrovy
 ; [cca2=KY].translations.ces.official
Expected: KajmanskÃƒÂ© ostrovy
     got: KajmanskÃ© ostrovy
 ; [cca2=KY].translations.fra.common
Expected: ÃƒÅ½les CaÃƒÂ¯mans
     got: ÃŽles CaÃ¯mans
 ; [cca2=KY].translations.fra.official
Expected: ÃƒÅ½les CaÃƒÂ¯mans
     got: ÃŽles CaÃ¯mans
 ; [cca2=KY].translations.hun.common
Expected: KajmÃƒÂ¡n-szigetek
     got: KajmÃ¡n-szigetek
 ; [cca2=KY].translations.hun.official
Expected: KajmÃƒÂ¡n-szigetek
     got: KajmÃ¡n-szigetek
 ; [cca2=KY].translations.jpn.common
Expected: Ã£â€šÂ±Ã£â€šÂ¤Ã£Æ’Å¾Ã£Æ’Â³Ã¨Â«Â¸Ã¥Â³Â¶
     got: ã‚±ã‚¤ãƒžãƒ³è«¸å³¶
 ; [cca2=KY].translations.jpn.official
Expected: Ã£â€šÂ±Ã£â€šÂ¤Ã£Æ’Å¾Ã£Æ’Â³Ã¨Â«Â¸Ã¥Â³Â¶
     got: ã‚±ã‚¤ãƒžãƒ³è«¸å³¶
 ; [cca2=KY].translations.kor.common
Expected: Ã¬Â¼â‚¬Ã¬ï¿½Â´Ã«Â§Â¨ Ã¬Â Å“Ã«ï¿½â€ž
     got: ì¼€ì�´ë§¨ ì œë�„
 ; [cca2=KY].translations.kor.official
Expected: Ã¬Â¼â‚¬Ã¬ï¿½Â´Ã«Â§Â¨ Ã¬Â Å“Ã«ï¿½â€ž
     got: ì¼€ì�´ë§¨ ì œë�„
 ; [cca2=KY].translations.per.common
Expected: Ã˜Â¬Ã˜Â²Ã˜Â§Ã›Å’Ã˜Â± ÃšÂ©Ã›Å’Ã™â€¦Ã™â€ 
     got: Ø¬Ø²Ø§ÛŒØ± Ú©ÛŒÙ…Ù†
 ; [cca2=KY].translations.per.official
Expected: Ã˜Â¬Ã˜Â²Ã˜Â§Ã›Å’Ã˜Â± ÃšÂ©Ã›Å’Ã™â€¦Ã™â€ 
     got: Ø¬Ø²Ø§ÛŒØ± Ú©ÛŒÙ…Ù†
 ; [cca2=KY].translations.por.common
Expected: Ilhas CaimÃƒÂ£o
     got: Ilhas CaimÃ£o
 ; [cca2=KY].translations.rus.common
Expected: Ã�Å¡Ã�Â°Ã�Â¹Ã�Â¼Ã�Â°Ã�Â½Ã�Â¾Ã�Â²Ã‘â€¹ Ã�Â¾Ã‘ï¿½Ã‘â€šÃ‘â‚¬Ã�Â¾Ã�Â²Ã�Â°
     got: ÐšÐ°Ð¹Ð¼Ð°Ð½Ð¾Ð²Ñ‹ Ð¾Ñ�Ñ‚Ñ€Ð¾Ð²Ð°
 ; [cca2=KY].translations.rus.official
Expected: Ã�Å¡Ã�Â°Ã�Â¹Ã�Â¼Ã�Â°Ã�Â½Ã�Â¾Ã�Â²Ã‘â€¹ Ã�Â¾Ã‘ï¿½Ã‘â€šÃ‘â‚¬Ã�Â¾Ã�Â²Ã�Â°
     got: ÐšÐ°Ð¹Ð¼Ð°Ð½Ð¾Ð²Ñ‹ Ð¾Ñ�Ñ‚Ñ€Ð¾Ð²Ð°
 ; [cca2=KY].translations.spa.common
Expected: Islas CaimÃƒÂ¡n
     got: Islas CaimÃ¡n
 ; [cca2=KY].translations.spa.official
Expected: Islas CaimÃƒÂ¡n
     got: Islas CaimÃ¡n
 ; [cca2=KY].translations.srp.common
Expected: Ã�Å¡Ã�Â°Ã‘ËœÃ�Â¼Ã�Â°Ã�Â½Ã‘ï¿½Ã�ÂºÃ�Â° Ã�Å¾Ã‘ï¿½Ã‘â€šÃ‘â‚¬Ã�Â²Ã�Â°
     got: ÐšÐ°Ñ˜Ð¼Ð°Ð½Ñ�ÐºÐ° ÐžÑ�Ñ‚Ñ€Ð²Ð°
 ; [cca2=KY].translations.srp.official
Expected: Ã�Å¡Ã�Â°Ã‘ËœÃ�Â¼Ã�Â°Ã�Â½Ã‘ï¿½Ã�ÂºÃ�Â° Ã�Å¾Ã‘ï¿½Ã‘â€šÃ‘â‚¬Ã�Â²Ã�Â°
     got: ÐšÐ°Ñ˜Ð¼Ð°Ð½Ñ�ÐºÐ° ÐžÑ�Ñ‚Ñ€Ð²Ð°
 ; [cca2=KY].translations.swe.common
Expected: CaymanÃƒÂ¶arna
     got: CaymanÃ¶arna
 ; [cca2=KY].translations.swe.official
Expected: CaymanÃƒÂ¶arna
     got: CaymanÃ¶arna
 ; [cca2=KY].translations.tur.common
Expected: Cayman AdalarÃ„Â±
     got: Cayman AdalarÄ±
 ; [cca2=KY].translations.tur.official
Expected: Cayman AdalarÃ„Â±
     got: Cayman AdalarÄ±
 ; [cca2=KY].translations.urd.common
Expected: Ã˜Â¬Ã˜Â²Ã˜Â§Ã˜Â¦Ã˜Â± ÃšÂ©Ã›Å’Ã™â€¦Ã›Å’Ã™â€ 
     got: Ø¬Ø²Ø§Ø¦Ø± Ú©ÛŒÙ…ÛŒÙ†
 ; [cca2=KY].translations.urd.official
Expected: Ã˜Â¬Ã˜Â²Ã˜Â§Ã˜Â¦Ã˜Â± ÃšÂ©Ã›Å’Ã™â€¦Ã›Å’Ã™â€ 
     got: Ø¬Ø²Ø§Ø¦Ø± Ú©ÛŒÙ…ÛŒÙ†
 ; [cca2=KY].translations.zho.common
Expected: Ã¥Â¼â‚¬Ã¦â€ºÂ¼Ã§Â¾Â¤Ã¥Â²â€º
     got: å¼€æ›¼ç¾¤å²›
 ; [cca2=KY].translations.zho.official
Expected: Ã¥Â¼â‚¬Ã¦â€ºÂ¼Ã§Â¾Â¤Ã¥Â²â€º
     got: å¼€æ›¼ç¾¤å²›
 ; [cca2=KZ].altSpellings[]
Expected: Ã’Å¡Ã�Â°Ã�Â·Ã�Â°Ã’â€ºÃ‘ï¿½Ã‘â€šÃ�Â°Ã�Â½ Ã�Â Ã�ÂµÃ‘ï¿½Ã�Â¿Ã‘Æ’Ã�Â±Ã�Â»Ã�Â¸Ã�ÂºÃ�Â°Ã‘ï¿½Ã‘â€¹
     but none found
 ; [cca2=KZ].altSpellings[]
Expected: Ã�Â Ã�ÂµÃ‘ï¿½Ã�Â¿Ã‘Æ’Ã�Â±Ã�Â»Ã�Â¸Ã�ÂºÃ�Â° Ã�Å¡Ã�Â°Ã�Â·Ã�Â°Ã‘â€¦Ã‘ï¿½Ã‘â€šÃ�Â°Ã�Â½
     but none found
 ; [cca2=KZ].altSpellings[]
Expected: Qazaqstan RespublÃƒÂ¯kasÃ„Â±
     but none found
 ; [cca2=KZ].altSpellings[]
Expected: Ã�Å¡Ã�Â°Ã�Â·Ã�Â°Ã‘â€¦Ã‘ï¿½Ã‘â€šÃ�Â°Ã�Â½
     but none found
 ; [cca2=KZ].altSpellings[]
Unexpected: ÐšÐ°Ð·Ð°Ñ…Ñ�Ñ‚Ð°Ð½
 ; [cca2=KZ].altSpellings[]
Unexpected: Ð ÐµÑ�Ð¿ÑƒÐ±Ð»Ð¸ÐºÐ° ÐšÐ°Ð·Ð°Ñ…Ñ�Ñ‚Ð°Ð½
 ; [cca2=KZ].altSpellings[]
Unexpected: ÒšÐ°Ð·Ð°Ò›Ñ�Ñ‚Ð°Ð½ Ð ÐµÑ�Ð¿ÑƒÐ±Ð»Ð¸ÐºÐ°Ñ�Ñ‹
 ; [cca2=KZ].altSpellings[]
Unexpected: Qazaqstan RespublÃ¯kasÄ±
 ; [cca2=KZ].currencies.KZT.symbol
Expected: Ã¢â€šÂ¸
     got: â‚¸
 ; [cca2=KZ].flag
Expected: Ã°Å¸â€¡Â°Ã°Å¸â€¡Â¿
     got: ðŸ‡°ðŸ‡¿
 ; [cca2=KZ].flags.alt
Expected: The flag of Kazakhstan has a turquoise field, at the center of which is a gold sun with thirty-two rays above a soaring golden steppe eagle. A thin vertical band displays a national ornamental pattern Ã¢â‚¬â€� koshkar-muiz Ã¢â‚¬â€� in gold near the hoist end.
     got: The flag of Kazakhstan has a turquoise field, at the center of which is a gold sun with thirty-two rays above a soaring golden steppe eagle. A thin vertical band displays a national ornamental pattern â€” koshkar-muiz â€” in gold near the hoist end.
 ; [cca2=KZ].name.nativeName.kaz.common
Expected: Ã’Å¡Ã�Â°Ã�Â·Ã�Â°Ã’â€ºÃ‘ï¿½Ã‘â€šÃ�Â°Ã�Â½
     got: ÒšÐ°Ð·Ð°Ò›Ñ�Ñ‚Ð°Ð½
 ; [cca2=KZ].name.nativeName.kaz.official
Expected: Ã’Å¡Ã�Â°Ã�Â·Ã�Â°Ã’â€ºÃ‘ï¿½Ã‘â€šÃ�Â°Ã�Â½ Ã�Â Ã�ÂµÃ‘ï¿½Ã�Â¿Ã‘Æ’Ã�Â±Ã�Â»Ã�Â¸Ã�ÂºÃ�Â°Ã‘ï¿½Ã‘â€¹
     got: ÒšÐ°Ð·Ð°Ò›Ñ�Ñ‚Ð°Ð½ Ð ÐµÑ�Ð¿ÑƒÐ±Ð»Ð¸ÐºÐ°Ñ�Ñ‹
 ; [cca2=KZ].name.nativeName.rus.common
Expected: Ã�Å¡Ã�Â°Ã�Â·Ã�Â°Ã‘â€¦Ã‘ï¿½Ã‘â€šÃ�Â°Ã�Â½
     got: ÐšÐ°Ð·Ð°Ñ…Ñ�Ñ‚Ð°Ð½
 ; [cca2=KZ].name.nativeName.rus.official
Expected: Ã�Â Ã�ÂµÃ‘ï¿½Ã�Â¿Ã‘Æ’Ã�Â±Ã�Â»Ã�Â¸Ã�ÂºÃ�Â° Ã�Å¡Ã�Â°Ã�Â·Ã�Â°Ã‘â€¦Ã‘ï¿½Ã‘â€šÃ�Â°Ã�Â½
     got: Ð ÐµÑ�Ð¿ÑƒÐ±Ð»Ð¸ÐºÐ° ÐšÐ°Ð·Ð°Ñ…Ñ�Ñ‚Ð°Ð½
 ; [cca2=KZ].tld[]
Expected: .Ã’â€ºÃ�Â°Ã�Â·
     but none found
 ; [cca2=KZ].tld[]
Unexpected: .Ò›Ð°Ð·
 ; [cca2=KZ].translations.ara.common
Expected: Ã™Æ’Ã˜Â§Ã˜Â²Ã˜Â§Ã˜Â®Ã˜Â³Ã˜ÂªÃ˜Â§Ã™â€ 
     got: ÙƒØ§Ø²Ø§Ø®Ø³ØªØ§Ù†
 ; [cca2=KZ].translations.ara.official
Expected: Ã˜Â¬Ã™â€¦Ã™â€¡Ã™Ë†Ã˜Â±Ã™Å Ã˜Â© Ã™Æ’Ã˜Â§Ã˜Â²Ã˜Â§Ã˜Â®Ã˜Â³Ã˜ÂªÃ˜Â§Ã™â€ 
     got: Ø¬Ù…Ù‡ÙˆØ±ÙŠØ© ÙƒØ§Ø²Ø§Ø®Ø³ØªØ§Ù†
 ; [cca2=KZ].translations.ces.common
Expected: KazachstÃƒÂ¡n
     got: KazachstÃ¡n
 ; [cca2=KZ].translations.ces.official
Expected: Republika KazachstÃƒÂ¡n
     got: Republika KazachstÃ¡n
 ; [cca2=KZ].translations.fra.official
Expected: RÃƒÂ©publique du Kazakhstan
     got: RÃ©publique du Kazakhstan
 ; [cca2=KZ].translations.hun.common
Expected: KazahsztÃƒÂ¡n
     got: KazahsztÃ¡n
 ; [cca2=KZ].translations.hun.official
Expected: Kazah KÃƒÂ¶ztÃƒÂ¡rsasÃƒÂ¡g
     got: Kazah KÃ¶ztÃ¡rsasÃ¡g
 ; [cca2=KZ].translations.jpn.common
Expected: Ã£â€šÂ«Ã£â€šÂ¶Ã£Æ’â€¢Ã£â€šÂ¹Ã£â€šÂ¿Ã£Æ’Â³
     got: ã‚«ã‚¶ãƒ•ã‚¹ã‚¿ãƒ³
 ; [cca2=KZ].translations.jpn.official
Expected: Ã£â€šÂ«Ã£â€šÂ¶Ã£Æ’â€¢Ã£â€šÂ¹Ã£â€šÂ¿Ã£Æ’Â³Ã¥â€¦Â±Ã¥â€™Å’Ã¥â€ºÂ½
     got: ã‚«ã‚¶ãƒ•ã‚¹ã‚¿ãƒ³å…±å’Œå›½
 ; [cca2=KZ].translations.kor.common
Expected: Ã¬Â¹Â´Ã¬Å¾ï¿½Ã­ï¿½ï¿½Ã¬Å Â¤Ã­Æ’â€ž
     got: ì¹´ìž�í��ìŠ¤íƒ„
 ; [cca2=KZ].translations.kor.official
Expected: Ã¬Â¹Â´Ã¬Å¾ï¿½Ã­ï¿½ï¿½Ã¬Å Â¤Ã­Æ’â€ž ÃªÂ³ÂµÃ­â„¢â€�ÃªÂµÂ­
     got: ì¹´ìž�í��ìŠ¤íƒ„ ê³µí™”êµ­
 ; [cca2=KZ].translations.per.common
Expected: Ã™â€šÃ˜Â²Ã˜Â§Ã™â€šÃ˜Â³Ã˜ÂªÃ˜Â§Ã™â€ 
     got: Ù‚Ø²Ø§Ù‚Ø³ØªØ§Ù†
 ; [cca2=KZ].translations.per.official
Expected: Ã˜Â¬Ã™â€¦Ã™â€¡Ã™Ë†Ã˜Â±Ã›Å’ Ã™â€šÃ˜Â²Ã˜Â§Ã™â€šÃ˜Â³Ã˜ÂªÃ˜Â§Ã™â€ 
     got: Ø¬Ù…Ù‡ÙˆØ±ÛŒ Ù‚Ø²Ø§Ù‚Ø³ØªØ§Ù†
 ; [cca2=KZ].translations.por.common
Expected: CazaquistÃƒÂ£o
     got: CazaquistÃ£o
 ; [cca2=KZ].translations.por.official
Expected: RepÃƒÂºblica do CazaquistÃƒÂ£o
     got: RepÃºblica do CazaquistÃ£o
 ; [cca2=KZ].translations.rus.common
Expected: Ã�Å¡Ã�Â°Ã�Â·Ã�Â°Ã‘â€¦Ã‘ï¿½Ã‘â€šÃ�Â°Ã�Â½
     got: ÐšÐ°Ð·Ð°Ñ…Ñ�Ñ‚Ð°Ð½
 ; [cca2=KZ].translations.rus.official
Expected: Ã�Â Ã�ÂµÃ‘ï¿½Ã�Â¿Ã‘Æ’Ã�Â±Ã�Â»Ã�Â¸Ã�ÂºÃ�Â° Ã�Å¡Ã�Â°Ã�Â·Ã�Â°Ã‘â€¦Ã‘ï¿½Ã‘â€šÃ�Â°Ã�Â½
     got: Ð ÐµÑ�Ð¿ÑƒÐ±Ð»Ð¸ÐºÐ° ÐšÐ°Ð·Ð°Ñ…Ñ�Ñ‚Ð°Ð½
 ; [cca2=KZ].translations.slk.official
Expected: KazaÃ…Â¡skÃƒÂ¡ republika
     got: KazaÅ¡skÃ¡ republika
 ; [cca2=KZ].translations.spa.common
Expected: KazajistÃƒÂ¡n
     got: KazajistÃ¡n
 ; [cca2=KZ].translations.spa.official
Expected: RepÃƒÂºblica de KazajstÃƒÂ¡n
     got: RepÃºblica de KazajstÃ¡n
 ; [cca2=KZ].translations.srp.common
Expected: Ã�Å¡Ã�Â°Ã�Â·Ã�Â°Ã‘â€¦Ã‘ï¿½Ã‘â€šÃ�Â°Ã�Â½
     got: ÐšÐ°Ð·Ð°Ñ…Ñ�Ñ‚Ð°Ð½
 ; [cca2=KZ].translations.srp.official
Expected: Ã�Â Ã�ÂµÃ�Â¿Ã‘Æ’Ã�Â±Ã�Â»Ã�Â¸Ã�ÂºÃ�Â° Ã�Å¡Ã�Â°Ã�Â·Ã�Â°Ã‘â€¦Ã‘ï¿½Ã‘â€šÃ�Â°Ã�Â½
     got: Ð ÐµÐ¿ÑƒÐ±Ð»Ð¸ÐºÐ° ÐšÐ°Ð·Ð°Ñ…Ñ�Ñ‚Ð°Ð½
 ; [cca2=KZ].translations.urd.common
Expected: Ã™â€šÃ˜Â§Ã˜Â²Ã™â€šÃ˜Â³Ã˜ÂªÃ˜Â§Ã™â€ 
     got: Ù‚Ø§Ø²Ù‚Ø³ØªØ§Ù†
 ; [cca2=KZ].translations.urd.official
Expected: Ã˜Â¬Ã™â€¦Ã›ï¿½Ã™Ë†Ã˜Â±Ã›Å’Ã›ï¿½ Ã™â€šÃ˜Â§Ã˜Â²Ã™â€šÃ˜Â³Ã˜ÂªÃ˜Â§Ã™â€ 
     got: Ø¬Ù…Û�ÙˆØ±ÛŒÛ� Ù‚Ø§Ø²Ù‚Ø³ØªØ§Ù†
 ; [cca2=KZ].translations.zho.common
Expected: Ã¥â€œË†Ã¨ï¿½Â¨Ã¥â€¦â€¹Ã¦â€“Â¯Ã¥ï¿½Â¦
     got: å“ˆè�¨å…‹æ–¯å�¦
 ; [cca2=KZ].translations.zho.official
Expected: Ã¥â€œË†Ã¨ï¿½Â¨Ã¥â€¦â€¹Ã¦â€“Â¯Ã¥ï¿½Â¦Ã¥â€¦Â±Ã¥â€™Å’Ã¥â€ºÂ½
     got: å“ˆè�¨å…‹æ–¯å�¦å…±å’Œå›½
 ; [cca2=LA].currencies.LAK.symbol
Expected: Ã¢â€šÂ­
     got: â‚­
 ; [cca2=LA].flag
Expected: Ã°Å¸â€¡Â±Ã°Å¸â€¡Â¦
     got: ðŸ‡±ðŸ‡¦
 ; [cca2=LA].name.nativeName.lao.common
Expected: Ã ÂºÂªÃ Âºâ€ºÃ Âºâ€ºÃ ÂºÂ¥Ã ÂºÂ²Ã ÂºÂ§
     got: àºªàº›àº›àº¥àº²àº§
 ; [cca2=LA].name.nativeName.lao.official
Expected: Ã ÂºÂªÃ ÂºÂ²Ã Âºâ€”Ã ÂºÂ²Ã ÂºÂ¥Ã ÂºÂ°Ã Âºâ„¢Ã ÂºÂ° Ã ÂºÅ Ã ÂºÂ²Ã Âºâ€”Ã ÂºÂ´Ã Âºâ€ºÃ ÂºÂ°Ã Â»â€žÃ Âºâ€¢ Ã Âºâ€žÃ ÂºÂ»Ã Âºâ„¢Ã ÂºÂ¥Ã ÂºÂ²Ã ÂºÂ§ Ã Âºâ€šÃ ÂºÂ­Ã Âºâ€¡
     got: àºªàº²àº—àº²àº¥àº°àº™àº° àºŠàº²àº—àº´àº›àº°à»„àº• àº„àº»àº™àº¥àº²àº§ àº‚àº­àº‡
 ; [cca2=LA].translations.ara.common
Expected: Ã™â€žÃ˜Â§Ã™Ë†Ã˜Â³
     got: Ù„Ø§ÙˆØ³
 ; [cca2=LA].translations.ara.official
Expected: Ã˜Â¬Ã™â€¦Ã™â€¡Ã™Ë†Ã˜Â±Ã™Å Ã˜Â© Ã™â€žÃ˜Â§Ã™Ë†Ã˜Â³ Ã˜Â§Ã™â€žÃ˜Â¯Ã™Å Ã™â€¦Ã™â€šÃ˜Â±Ã˜Â§Ã˜Â·Ã™Å Ã˜Â© Ã˜Â§Ã™â€žÃ˜Â´Ã˜Â¹Ã˜Â¨Ã™Å Ã˜Â©
     got: Ø¬Ù…Ù‡ÙˆØ±ÙŠØ© Ù„Ø§ÙˆØ³ Ø§Ù„Ø¯ÙŠÙ…Ù‚Ø±Ø§Ø·ÙŠØ© Ø§Ù„Ø´Ø¹Ø¨ÙŠØ©
 ; [cca2=LA].translations.ces.official
Expected: LaoskÃƒÂ¡ lidovÃ„â€º demokratickÃƒÂ¡ republika
     got: LaoskÃ¡ lidovÄ› demokratickÃ¡ republika
 ; [cca2=LA].translations.fra.official
Expected: RÃƒÂ©publique dÃƒÂ©mocratique populaire lao
     got: RÃ©publique dÃ©mocratique populaire lao
 ; [cca2=LA].translations.hun.official
Expected: Laoszi NÃƒÂ©pi Demokratikus KÃƒÂ¶ztÃƒÂ¡rsasÃƒÂ¡g
     got: Laoszi NÃ©pi Demokratikus KÃ¶ztÃ¡rsasÃ¡g
 ; [cca2=LA].translations.jpn.common
Expected: Ã£Æ’Â©Ã£â€šÂªÃ£â€šÂ¹Ã¤ÂºÂºÃ¦Â°â€˜Ã¦Â°â€˜Ã¤Â¸Â»Ã¥â€¦Â±Ã¥â€™Å’Ã¥â€ºÂ½
     got: ãƒ©ã‚ªã‚¹äººæ°‘æ°‘ä¸»å…±å’Œå›½
 ; [cca2=LA].translations.jpn.official
Expected: Ã£Æ’Â©Ã£â€šÂªÃ£â€šÂ¹Ã¤ÂºÂºÃ¦Â°â€˜Ã¦Â°â€˜Ã¤Â¸Â»Ã¥â€¦Â±Ã¥â€™Å’Ã¥â€ºÂ½
     got: ãƒ©ã‚ªã‚¹äººæ°‘æ°‘ä¸»å…±å’Œå›½
 ; [cca2=LA].translations.kor.common
Expected: Ã«ï¿½Â¼Ã¬ËœÂ¤Ã¬Å Â¤
     got: ë�¼ì˜¤ìŠ¤
 ; [cca2=LA].translations.kor.official
Expected: Ã«ï¿½Â¼Ã¬ËœÂ¤ Ã¬ï¿½Â¸Ã«Â¯Â¼ Ã«Â¯Â¼Ã¬Â£Â¼ ÃªÂ³ÂµÃ­â„¢â€�ÃªÂµÂ­
     got: ë�¼ì˜¤ ì�¸ë¯¼ ë¯¼ì£¼ ê³µí™”êµ­
 ; [cca2=LA].translations.per.common
Expected: Ã™â€žÃ˜Â§Ã˜Â¦Ã™Ë†Ã˜Â³
     got: Ù„Ø§Ø¦ÙˆØ³
 ; [cca2=LA].translations.per.official
Expected: Ã˜Â¬Ã™â€¦Ã™â€¡Ã™Ë†Ã˜Â±Ã›Å’ Ã˜Â¯Ã™â€¦Ã™Ë†ÃšÂ©Ã˜Â±Ã˜Â§Ã˜ÂªÃ›Å’ÃšÂ© Ã˜Â®Ã™â€žÃ™â€š Ã™â€žÃ˜Â§Ã˜Â¦Ã™Ë†Ã˜Â³
     got: Ø¬Ù…Ù‡ÙˆØ±ÛŒ Ø¯Ù…ÙˆÚ©Ø±Ø§ØªÛŒÚ© Ø®Ù„Ù‚ Ù„Ø§Ø¦ÙˆØ³
 ; [cca2=LA].translations.pol.official
Expected: LaotaÃ…â€žska Republika Ludowo-Demokratyczna
     got: LaotaÅ„ska Republika Ludowo-Demokratyczna
 ; [cca2=LA].translations.por.official
Expected: Laos, RepÃƒÂºblica DemocrÃƒÂ¡tica
     got: Laos, RepÃºblica DemocrÃ¡tica
 ; [cca2=LA].translations.rus.common
Expected: Ã�â€ºÃ�Â°Ã�Â¾Ã‘ï¿½
     got: Ð›Ð°Ð¾Ñ�
 ; [cca2=LA].translations.rus.official
Expected: Ã�â€ºÃ�Â°Ã�Â¾Ã‘ï¿½Ã‘ï¿½Ã�ÂºÃ�Â°Ã‘ï¿½ Ã�ï¿½Ã�Â°Ã‘â‚¬Ã�Â¾Ã�Â´Ã�Â½Ã�Â¾-Ã�â€�Ã�ÂµÃ�Â¼Ã�Â¾Ã�ÂºÃ‘â‚¬Ã�Â°Ã‘â€šÃ�Â¸Ã‘â€¡Ã�ÂµÃ‘ï¿½Ã�ÂºÃ�Â°Ã‘ï¿½ Ã�Â Ã�ÂµÃ‘ï¿½Ã�Â¿Ã‘Æ’Ã�Â±Ã�Â»Ã�Â¸Ã�ÂºÃ�Â°
     got: Ð›Ð°Ð¾Ñ�Ñ�ÐºÐ°Ñ� Ð�Ð°Ñ€Ð¾Ð´Ð½Ð¾-Ð”ÐµÐ¼Ð¾ÐºÑ€Ð°Ñ‚Ð¸Ñ‡ÐµÑ�ÐºÐ°Ñ� Ð ÐµÑ�Ð¿ÑƒÐ±Ð»Ð¸ÐºÐ°
 ; [cca2=LA].translations.slk.official
Expected: LaoskÃƒÂ¡ Ã„Â¾udovodemokratickÃƒÂ¡ republika
     got: LaoskÃ¡ Ä¾udovodemokratickÃ¡ republika
 ; [cca2=LA].translations.spa.official
Expected: RepÃƒÂºblica DemocrÃƒÂ¡tica Popular Lao
     got: RepÃºblica DemocrÃ¡tica Popular Lao
 ; [cca2=LA].translations.srp.common
Expected: Ã�â€ºÃ�Â°Ã�Â¾Ã‘ï¿½
     got: Ð›Ð°Ð¾Ñ�
 ; [cca2=LA].translations.srp.official
Expected: Ã�â€ºÃ�Â°Ã�Â¾Ã‘Ë†Ã�ÂºÃ�Â° Ã�ï¿½Ã�Â°Ã‘â‚¬Ã�Â¾Ã�Â´Ã�Â½Ã�Â° Ã�â€�Ã�ÂµÃ�Â¼Ã�Â¾Ã�ÂºÃ‘â‚¬Ã�Â°Ã‘â€šÃ‘ï¿½Ã�ÂºÃ�Â° Ã�Â Ã�ÂµÃ�Â¿Ã‘Æ’Ã�Â±Ã�Â»Ã�Â¸Ã�ÂºÃ�Â°
     got: Ð›Ð°Ð¾ÑˆÐºÐ° Ð�Ð°Ñ€Ð¾Ð´Ð½Ð° Ð”ÐµÐ¼Ð¾ÐºÑ€Ð°Ñ‚Ñ�ÐºÐ° Ð ÐµÐ¿ÑƒÐ±Ð»Ð¸ÐºÐ°
 ; [cca2=LA].translations.urd.common
Expected: Ã™â€žÃ˜Â§Ã˜Â¤Ã˜Â³
     got: Ù„Ø§Ø¤Ø³
 ; [cca2=LA].translations.urd.official
Expected: Ã˜Â¹Ã™Ë†Ã˜Â§Ã™â€¦Ã›Å’ Ã˜Â¬Ã™â€¦Ã›ï¿½Ã™Ë†Ã˜Â±Ã›Å’ Ã˜Â¬Ã™â€¦Ã›ï¿½Ã™Ë†Ã˜Â±Ã›Å’Ã›ï¿½ Ã™â€žÃ˜Â§Ã˜Â¤
     got: Ø¹ÙˆØ§Ù…ÛŒ Ø¬Ù…Û�ÙˆØ±ÛŒ Ø¬Ù…Û�ÙˆØ±ÛŒÛ� Ù„Ø§Ø¤
 ; [cca2=LA].translations.zho.common
Expected: Ã¨â‚¬ï¿½Ã¦Å’ï¿½
     got: è€�æŒ�
 ; [cca2=LA].translations.zho.official
Expected: Ã¨â‚¬ï¿½Ã¦Å’ï¿½Ã¤ÂºÂºÃ¦Â°â€˜Ã¦Â°â€˜Ã¤Â¸Â»Ã¥â€¦Â±Ã¥â€™Å’Ã¥â€ºÂ½
     got: è€�æŒ�äººæ°‘æ°‘ä¸»å…±å’Œå›½
 ; [cca2=LB].altSpellings[]
Expected: Al-JumhÃ…Â«rÃ„Â«yah Al-LibnÃ„ï¿½nÃ„Â«yah
     but none found
 ; [cca2=LB].altSpellings[]
Unexpected: Al-JumhÅ«rÄ«yah Al-LibnÄ�nÄ«yah
 ; [cca2=LB].currencies.LBP.symbol
Expected: Ã™â€ž.Ã™â€ž
     got: Ù„.Ù„
 ; [cca2=LB].flag
Expected: Ã°Å¸â€¡Â±Ã°Å¸â€¡Â§
     got: ðŸ‡±ðŸ‡§
 ; [cca2=LB].name.nativeName.ara.common
Expected: Ã™â€žÃ˜Â¨Ã™â€ Ã˜Â§Ã™â€ 
     got: Ù„Ø¨Ù†Ø§Ù†
 ; [cca2=LB].name.nativeName.ara.official
Expected: Ã˜Â§Ã™â€žÃ˜Â¬Ã™â€¦Ã™â€¡Ã™Ë†Ã˜Â±Ã™Å Ã˜Â© Ã˜Â§Ã™â€žÃ™â€žÃ˜Â¨Ã™â€ Ã˜Â§Ã™â€ Ã™Å Ã˜Â©
     got: Ø§Ù„Ø¬Ù…Ù‡ÙˆØ±ÙŠØ© Ø§Ù„Ù„Ø¨Ù†Ø§Ù†ÙŠØ©
 ; [cca2=LB].name.nativeName.fra.official
Expected: RÃƒÂ©publique libanaise
     got: RÃ©publique libanaise
 ; [cca2=LB].translations.ara.common
Expected: Ã™â€žÃ˜Â¨Ã™â€ Ã˜Â§Ã™â€ 
     got: Ù„Ø¨Ù†Ø§Ù†
 ; [cca2=LB].translations.ara.official
Expected: Ã˜Â§Ã™â€žÃ˜Â¬Ã™â€¦Ã™â€¡Ã™Ë†Ã˜Â±Ã™Å Ã˜Â© Ã˜Â§Ã™â€žÃ™â€žÃ˜Â¨Ã™â€ Ã˜Â§Ã™â€ Ã™Å Ã˜Â©
     got: Ø§Ù„Ø¬Ù…Ù‡ÙˆØ±ÙŠØ© Ø§Ù„Ù„Ø¨Ù†Ø§Ù†ÙŠØ©
 ; [cca2=LB].translations.ces.official
Expected: LibanonskÃƒÂ¡ republika
     got: LibanonskÃ¡ republika
 ; [cca2=LB].translations.fra.official
Expected: RÃƒÂ©publique libanaise
     got: RÃ©publique libanaise
 ; [cca2=LB].translations.hun.official
Expected: Libanoni KÃƒÂ¶ztÃƒÂ¡rsasÃƒÂ¡g
     got: Libanoni KÃ¶ztÃ¡rsasÃ¡g
 ; [cca2=LB].translations.jpn.common
Expected: Ã£Æ’Â¬Ã£Æ’ï¿½Ã£Æ’Å½Ã£Æ’Â³
     got: ãƒ¬ãƒ�ãƒŽãƒ³
 ; [cca2=LB].translations.jpn.official
Expected: Ã£Æ’Â¬Ã£Æ’ï¿½Ã£Æ’Å½Ã£Æ’Â³Ã¥â€¦Â±Ã¥â€™Å’Ã¥â€ºÂ½
     got: ãƒ¬ãƒ�ãƒŽãƒ³å…±å’Œå›½
 ; [cca2=LB].translations.kor.common
Expected: Ã«Â Ë†Ã«Â°â€�Ã«â€¦Â¼
     got: ë ˆë°”ë…¼
 ; [cca2=LB].translations.kor.official
Expected: Ã«Â Ë†Ã«Â°â€�Ã«â€¦Â¼ ÃªÂ³ÂµÃ­â„¢â€�ÃªÂµÂ­
     got: ë ˆë°”ë…¼ ê³µí™”êµ­
 ; [cca2=LB].translations.per.common
Expected: Ã™â€žÃ˜Â¨Ã™â€ Ã˜Â§Ã™â€ 
     got: Ù„Ø¨Ù†Ø§Ù†
 ; [cca2=LB].translations.per.official
Expected: Ã˜Â¬Ã™â€¦Ã™â€¡Ã™Ë†Ã˜Â±Ã›Å’ Ã™â€žÃ˜Â¨Ã™â€ Ã˜Â§Ã™â€ 
     got: Ø¬Ù…Ù‡ÙˆØ±ÛŒ Ù„Ø¨Ù†Ø§Ù†
 ; [cca2=LB].translations.pol.official
Expected: Republika LibaÃ…â€žska
     got: Republika LibaÅ„ska
 ; [cca2=LB].translations.por.common
Expected: LÃƒÂ­bano
     got: LÃ­bano
 ; [cca2=LB].translations.por.official
Expected: RepÃƒÂºblica Libanesa
     got: RepÃºblica Libanesa
 ; [cca2=LB].translations.rus.common
Expected: Ã�â€ºÃ�Â¸Ã�Â²Ã�Â°Ã�Â½
     got: Ð›Ð¸Ð²Ð°Ð½
 ; [cca2=LB].translations.rus.official
Expected: Ã�â€ºÃ�Â¸Ã�Â²Ã�Â°Ã�Â½Ã‘ï¿½Ã�ÂºÃ�Â°Ã‘ï¿½ Ã�Â Ã�ÂµÃ‘ï¿½Ã�Â¿Ã‘Æ’Ã�Â±Ã�Â»Ã�Â¸Ã�ÂºÃ�Â°
     got: Ð›Ð¸Ð²Ð°Ð½Ñ�ÐºÐ°Ñ� Ð ÐµÑ�Ð¿ÑƒÐ±Ð»Ð¸ÐºÐ°
 ; [cca2=LB].translations.slk.official
Expected: LibanonskÃƒÂ¡ republika
     got: LibanonskÃ¡ republika
 ; [cca2=LB].translations.spa.common
Expected: LÃƒÂ­bano
     got: LÃ­bano
 ; [cca2=LB].translations.spa.official
Expected: RepÃƒÂºblica Libanesa
     got: RepÃºblica Libanesa
 ; [cca2=LB].translations.srp.common
Expected: Ã�â€ºÃ�Â¸Ã�Â±Ã�Â°Ã�Â½
     got: Ð›Ð¸Ð±Ð°Ð½
 ; [cca2=LB].translations.srp.official
Expected: Ã�â€ºÃ�Â¸Ã�Â±Ã�Â°Ã�Â½Ã‘ï¿½Ã�ÂºÃ�Â° Ã�Â Ã�ÂµÃ�Â¿Ã‘Æ’Ã�Â±Ã�Â»Ã�Â¸Ã�ÂºÃ�Â°
     got: Ð›Ð¸Ð±Ð°Ð½Ñ�ÐºÐ° Ð ÐµÐ¿ÑƒÐ±Ð»Ð¸ÐºÐ°
 ; [cca2=LB].translations.tur.common
Expected: LÃƒÂ¼bnan
     got: LÃ¼bnan
 ; [cca2=LB].translations.tur.official
Expected: LÃƒÂ¼bnan Cumhuriyeti
     got: LÃ¼bnan Cumhuriyeti
 ; [cca2=LB].translations.urd.common
Expected: Ã™â€žÃ˜Â¨Ã™â€ Ã˜Â§Ã™â€ 
     got: Ù„Ø¨Ù†Ø§Ù†
 ; [cca2=LB].translations.urd.official
Expected: Ã˜Â¬Ã™â€¦Ã›ï¿½Ã™Ë†Ã˜Â±Ã›Å’Ã›ï¿½ Ã™â€žÃ˜Â¨Ã™â€ Ã˜Â§Ã™â€ 
     got: Ø¬Ù…Û�ÙˆØ±ÛŒÛ� Ù„Ø¨Ù†Ø§Ù†
 ; [cca2=LB].translations.zho.common
Expected: Ã©Â»Å½Ã¥Â·Â´Ã¥Â«Â©
     got: é»Žå·´å«©
 ; [cca2=LB].translations.zho.official
Expected: Ã©Â»Å½Ã¥Â·Â´Ã¥Â«Â©Ã¥â€¦Â±Ã¥â€™Å’Ã¥â€ºÂ½
     got: é»Žå·´å«©å…±å’Œå›½
 ; [cca2=LC].flag
Expected: Ã°Å¸â€¡Â±Ã°Å¸â€¡Â¨
     got: ðŸ‡±ðŸ‡¨
 ; [cca2=LC].flags.alt
Expected: The flag of Saint Lucia has a light blue field, at the center of which are two triangles which share a common base Ã¢â‚¬â€� a small golden-yellow isosceles triangle superimposed on a large white-edged black isosceles triangle.
     got: The flag of Saint Lucia has a light blue field, at the center of which are two triangles which share a common base â€” a small golden-yellow isosceles triangle superimposed on a large white-edged black isosceles triangle.
 ; [cca2=LC].translations.ara.common
Expected: Ã˜Â³Ã˜Â§Ã™â€ Ã˜Âª Ã™â€žÃ™Ë†Ã˜Â³Ã™Å Ã˜Â§
     got: Ø³Ø§Ù†Øª Ù„ÙˆØ³ÙŠØ§
 ; [cca2=LC].translations.ara.official
Expected: Ã˜Â³Ã˜Â§Ã™â€ Ã˜Âª Ã™â€žÃ™Ë†Ã˜Â³Ã™Å Ã˜Â§
     got: Ø³Ø§Ù†Øª Ù„ÙˆØ³ÙŠØ§
 ; [cca2=LC].translations.ces.common
Expected: SvatÃƒÂ¡ Lucie
     got: SvatÃ¡ Lucie
 ; [cca2=LC].translations.ces.official
Expected: SvatÃƒÂ¡ Lucie
     got: SvatÃ¡ Lucie
 ; [cca2=LC].translations.jpn.common
Expected: Ã£â€šÂ»Ã£Æ’Â³Ã£Æ’Ë†Ã£Æ’Â«Ã£â€šÂ·Ã£â€šÂ¢
     got: ã‚»ãƒ³ãƒˆãƒ«ã‚·ã‚¢
 ; [cca2=LC].translations.jpn.official
Expected: Ã£â€šÂ»Ã£Æ’Â³Ã£Æ’Ë†Ã£Æ’Â«Ã£â€šÂ·Ã£â€šÂ¢
     got: ã‚»ãƒ³ãƒˆãƒ«ã‚·ã‚¢
 ; [cca2=LC].translations.kor.common
Expected: Ã¬â€žÂ¸Ã¬ï¿½Â¸Ã­Å Â¸Ã«Â£Â¨Ã¬â€¹Å“Ã¬â€¢â€ž
     got: ì„¸ì�¸íŠ¸ë£¨ì‹œì•„
 ; [cca2=LC].translations.kor.official
Expected: Ã¬â€žÂ¸Ã¬ï¿½Â¸Ã­Å Â¸Ã«Â£Â¨Ã¬â€¹Å“Ã¬â€¢â€ž
     got: ì„¸ì�¸íŠ¸ë£¨ì‹œì•„
 ; [cca2=LC].translations.per.common
Expected: Ã˜Â³Ã™â€ Ã˜Âª Ã™â€žÃ™Ë†Ã˜Â³Ã›Å’Ã˜Â§
     got: Ø³Ù†Øª Ù„ÙˆØ³ÛŒØ§
 ; [cca2=LC].translations.per.official
Expected: Ã˜Â³Ã™â€ Ã˜Âª Ã™â€žÃ™Ë†Ã˜Â³Ã›Å’Ã˜Â§
     got: Ø³Ù†Øª Ù„ÙˆØ³ÛŒØ§
 ; [cca2=LC].translations.por.common
Expected: Santa LÃƒÂºcia
     got: Santa LÃºcia
 ; [cca2=LC].translations.por.official
Expected: Santa LÃƒÂºcia
     got: Santa LÃºcia
 ; [cca2=LC].translations.rus.common
Expected: Ã�Â¡Ã�ÂµÃ�Â½Ã‘â€š-Ã�â€ºÃ‘Å½Ã‘ï¿½Ã�Â¸Ã‘ï¿½
     got: Ð¡ÐµÐ½Ñ‚-Ð›ÑŽÑ�Ð¸Ñ�
 ; [cca2=LC].translations.rus.official
Expected: Ã�Â¡Ã�ÂµÃ�Â½Ã‘â€š-Ã�â€ºÃ‘Å½Ã‘ï¿½Ã�Â¸Ã‘ï¿½
     got: Ð¡ÐµÐ½Ñ‚-Ð›ÑŽÑ�Ð¸Ñ�
 ; [cca2=LC].translations.slk.common
Expected: SvÃƒÂ¤tÃƒÂ¡ Lucia
     got: SvÃ¤tÃ¡ Lucia
 ; [cca2=LC].translations.slk.official
Expected: SvÃƒÂ¤tÃƒÂ¡ Lucia
     got: SvÃ¤tÃ¡ Lucia
 ; [cca2=LC].translations.spa.common
Expected: Santa LucÃƒÂ­a
     got: Santa LucÃ­a
 ; [cca2=LC].translations.spa.official
Expected: Santa LucÃƒÂ­a
     got: Santa LucÃ­a
 ; [cca2=LC].translations.srp.common
Expected: Ã�Â¡Ã�Â²Ã�ÂµÃ‘â€šÃ�Â° Ã�â€ºÃ‘Æ’Ã‘â€ Ã�Â¸Ã‘ËœÃ�Â°
     got: Ð¡Ð²ÐµÑ‚Ð° Ð›ÑƒÑ†Ð¸Ñ˜Ð°
 ; [cca2=LC].translations.srp.official
Expected: Ã�Â¡Ã�Â²Ã�ÂµÃ‘â€šÃ�Â° Ã�â€ºÃ‘Æ’Ã‘â€ Ã�Â¸Ã‘ËœÃ�Â°
     got: Ð¡Ð²ÐµÑ‚Ð° Ð›ÑƒÑ†Ð¸Ñ˜Ð°
 ; [cca2=LC].translations.urd.common
Expected: Ã˜Â³Ã›Å’Ã™â€ Ã™Â¹ Ã™â€žÃ™Ë†Ã˜Â³Ã›Å’Ã˜Â§
     got: Ø³ÛŒÙ†Ù¹ Ù„ÙˆØ³ÛŒØ§
 ; [cca2=LC].translations.urd.official
Expected: Ã˜Â³Ã›Å’Ã™â€ Ã™Â¹ Ã™â€žÃ™Ë†Ã˜Â³Ã›Å’Ã˜Â§
     got: Ø³ÛŒÙ†Ù¹ Ù„ÙˆØ³ÛŒØ§
 ; [cca2=LC].translations.zho.common
Expected: Ã¥Å“Â£Ã¥ï¿½Â¢Ã¨Â¥Â¿Ã¤ÂºÅ¡
     got: åœ£å�¢è¥¿äºš
 ; [cca2=LC].translations.zho.official
Expected: Ã¥Å“Â£Ã¥ï¿½Â¢Ã¨Â¥Â¿Ã¤ÂºÅ¡
     got: åœ£å�¢è¥¿äºš
 ; [cca2=LI].altSpellings[]
Expected: FÃƒÂ¼rstentum Liechtenstein
     but none found
 ; [cca2=LI].altSpellings[]
Unexpected: FÃ¼rstentum Liechtenstein
 ; [cca2=LI].flag
Expected: Ã°Å¸â€¡Â±Ã°Å¸â€¡Â®
     got: ðŸ‡±ðŸ‡®
 ; [cca2=LI].name.nativeName.deu.official
Expected: FÃƒÂ¼rstentum Liechtenstein
     got: FÃ¼rstentum Liechtenstein
 ; [cca2=LI].translations.ara.common
Expected: Ã™â€žÃ™Å Ã˜Â®Ã˜ÂªÃ™â€ Ã˜Â´Ã˜ÂªÃ˜Â§Ã™Å Ã™â€ 
     got: Ù„ÙŠØ®ØªÙ†Ø´ØªØ§ÙŠÙ†
 ; [cca2=LI].translations.ara.official
Expected: Ã˜Â¥Ã™â€¦Ã˜Â§Ã˜Â±Ã˜Â© Ã™â€žÃ™Å Ã˜Â®Ã˜ÂªÃ™â€ Ã˜Â´Ã˜ÂªÃ˜Â§Ã™Å Ã™â€ 
     got: Ø¥Ù…Ø§Ø±Ø© Ù„ÙŠØ®ØªÙ†Ø´ØªØ§ÙŠÙ†
 ; [cca2=LI].translations.bre.official
Expected: PriÃƒÂ±selezh Liechtenstein
     got: PriÃ±selezh Liechtenstein
 ; [cca2=LI].translations.ces.common
Expected: LichtenÃ…Â¡tejnsko
     got: LichtenÅ¡tejnsko
 ; [cca2=LI].translations.ces.official
Expected: KnÃƒÂ­Ã…Â¾ectvÃƒÂ­ LichtenÃ…Â¡tejnskÃƒÂ©
     got: KnÃ­Å¾ectvÃ­ LichtenÅ¡tejnskÃ©
 ; [cca2=LI].translations.deu.official
Expected: FÃƒÂ¼rstentum Liechtenstein
     got: FÃ¼rstentum Liechtenstein
 ; [cca2=LI].translations.est.official
Expected: Liechtensteini VÃƒÂ¼rstiriik
     got: Liechtensteini VÃ¼rstiriik
 ; [cca2=LI].translations.fra.official
Expected: PrincipautÃƒÂ© du Liechtenstein
     got: PrincipautÃ© du Liechtenstein
 ; [cca2=LI].translations.hrv.common
Expected: LihtenÃ…Â¡tajn
     got: LihtenÅ¡tajn
 ; [cca2=LI].translations.hrv.official
Expected: KneÃ…Â¾evina LihtenÃ…Â¡tajn
     got: KneÅ¾evina LihtenÅ¡tajn
 ; [cca2=LI].translations.hun.official
Expected: Liechtensteini HercegsÃƒÂ©g
     got: Liechtensteini HercegsÃ©g
 ; [cca2=LI].translations.jpn.common
Expected: Ã£Æ’ÂªÃ£Æ’â€™Ã£Æ’â€ Ã£Æ’Â³Ã£â€šÂ·Ã£Æ’Â¥Ã£â€šÂ¿Ã£â€šÂ¤Ã£Æ’Â³
     got: ãƒªãƒ’ãƒ†ãƒ³ã‚·ãƒ¥ã‚¿ã‚¤ãƒ³
 ; [cca2=LI].translations.jpn.official
Expected: Ã£Æ’ÂªÃ£Æ’â€™Ã£Æ’â€ Ã£Æ’Â³Ã£â€šÂ·Ã£Æ’Â¥Ã£â€šÂ¿Ã£â€šÂ¤Ã£Æ’Â³Ã¥â€¦Â¬Ã¥â€ºÂ½
     got: ãƒªãƒ’ãƒ†ãƒ³ã‚·ãƒ¥ã‚¿ã‚¤ãƒ³å…¬å›½
 ; [cca2=LI].translations.kor.common
Expected: Ã«Â¦Â¬Ã­Å¾Ë†Ã­â€¦ï¿½Ã¬Å Ë†Ã­Æ’â‚¬Ã¬ï¿½Â¸
     got: ë¦¬ížˆí…�ìŠˆíƒ€ì�¸
 ; [cca2=LI].translations.kor.official
Expected: Ã«Â¦Â¬Ã­Å¾Ë†Ã­â€¦ï¿½Ã¬Å Ë†Ã­Æ’â‚¬Ã¬ï¿½Â¸ ÃªÂ³ÂµÃªÂµÂ­
     got: ë¦¬ížˆí…�ìŠˆíƒ€ì�¸ ê³µêµ­
 ; [cca2=LI].translations.per.common
Expected: Ã™â€žÃ›Å’Ã˜Â®Ã˜ÂªÃ™â€ Ã¢â‚¬Å’Ã˜Â§Ã˜Â´Ã˜ÂªÃ˜Â§Ã›Å’Ã™â€ 
     got: Ù„ÛŒØ®ØªÙ†â€ŒØ§Ø´ØªØ§ÛŒÙ†
 ; [cca2=LI].translations.per.official
Expected: Ã˜Â´Ã˜Â§Ã™â€¡Ã˜Â²Ã˜Â§Ã˜Â¯Ã™â€¡Ã¢â‚¬Å’Ã™â€ Ã˜Â´Ã›Å’Ã™â€  Ã™â€žÃ›Å’Ã˜Â®Ã˜ÂªÃ™â€ Ã¢â‚¬Å’Ã˜Â§Ã˜Â´Ã˜ÂªÃ˜Â§Ã›Å’Ã™â€ 
     got: Ø´Ø§Ù‡Ø²Ø§Ø¯Ù‡â€ŒÙ†Ø´ÛŒÙ† Ù„ÛŒØ®ØªÙ†â€ŒØ§Ø´ØªØ§ÛŒÙ†
 ; [cca2=LI].translations.pol.official
Expected: KsiÃ„â„¢stwo Liechtensteinu
     got: KsiÄ™stwo Liechtensteinu
 ; [cca2=LI].translations.rus.common
Expected: Ã�â€ºÃ�Â¸Ã‘â€¦Ã‘â€šÃ�ÂµÃ�Â½Ã‘Ë†Ã‘â€šÃ�ÂµÃ�Â¹Ã�Â½
     got: Ð›Ð¸Ñ…Ñ‚ÐµÐ½ÑˆÑ‚ÐµÐ¹Ð½
 ; [cca2=LI].translations.rus.official
Expected: Ã�Å¡Ã�Â½Ã‘ï¿½Ã�Â¶Ã�ÂµÃ‘ï¿½Ã‘â€šÃ�Â²Ã�Â¾ Ã�â€ºÃ�Â¸Ã‘â€¦Ã‘â€šÃ�ÂµÃ�Â½Ã‘Ë†Ã‘â€šÃ�ÂµÃ�Â¹Ã�Â½
     got: ÐšÐ½Ñ�Ð¶ÐµÑ�Ñ‚Ð²Ð¾ Ð›Ð¸Ñ…Ñ‚ÐµÐ½ÑˆÑ‚ÐµÐ¹Ð½
 ; [cca2=LI].translations.slk.common
Expected: LichtenÃ…Â¡tajnsko
     got: LichtenÅ¡tajnsko
 ; [cca2=LI].translations.slk.official
Expected: LichtenÃ…Â¡tajnskÃƒÂ© knieÃ…Â¾atstvo
     got: LichtenÅ¡tajnskÃ© knieÅ¾atstvo
 ; [cca2=LI].translations.srp.common
Expected: Ã�â€ºÃ�Â¸Ã‘â€¦Ã‘â€šÃ�ÂµÃ�Â½Ã‘Ë†Ã‘â€šÃ�Â°Ã‘ËœÃ�Â½
     got: Ð›Ð¸Ñ…Ñ‚ÐµÐ½ÑˆÑ‚Ð°Ñ˜Ð½
 ; [cca2=LI].translations.srp.official
Expected: Ã�Å¡Ã�Â½Ã�ÂµÃ�Â¶Ã�ÂµÃ�Â²Ã�Â¸Ã�Â½Ã�Â° Ã�â€ºÃ�Â¸Ã‘â€¦Ã‘â€šÃ�ÂµÃ�Â½Ã‘Ë†Ã‘â€šÃ�Â°Ã‘ËœÃ�Â½
     got: ÐšÐ½ÐµÐ¶ÐµÐ²Ð¸Ð½Ð° Ð›Ð¸Ñ…Ñ‚ÐµÐ½ÑˆÑ‚Ð°Ñ˜Ð½
 ; [cca2=LI].translations.swe.official
Expected: FurstendÃƒÂ¶met Liechtenstein
     got: FurstendÃ¶met Liechtenstein
 ; [cca2=LI].translations.tur.common
Expected: LihtenÃ…Å¸tayn
     got: LihtenÅŸtayn
 ; [cca2=LI].translations.tur.official
Expected: LihtenÃ…Å¸tayn PrensliÃ„Å¸i
     got: LihtenÅŸtayn PrensliÄŸi
 ; [cca2=LI].translations.urd.common
Expected: Ã™â€žÃ›Å’Ã˜Â®Ã˜ÂªÃ›Å’Ã™â€ Ã˜Â³Ã˜ÂªÃ˜Â§Ã˜Â¦Ã™â€ 
     got: Ù„ÛŒØ®ØªÛŒÙ†Ø³ØªØ§Ø¦Ù†
 ; [cca2=LI].translations.urd.official
Expected: Ã˜Â§Ã™â€¦Ã˜Â§Ã˜Â±Ã˜Â§Ã˜Âª Ã™â€žÃ›Å’Ã˜Â®Ã˜ÂªÃ›Å’Ã™â€ Ã˜Â³Ã˜ÂªÃ˜Â§Ã˜Â¦Ã™â€ 
     got: Ø§Ù…Ø§Ø±Ø§Øª Ù„ÛŒØ®ØªÛŒÙ†Ø³ØªØ§Ø¦Ù†
 ; [cca2=LI].translations.zho.common
Expected: Ã¥Ë†â€”Ã¦â€�Â¯Ã¦â€¢Â¦Ã¥Â£Â«Ã§â„¢Â»
     got: åˆ—æ”¯æ•¦å£«ç™»
 ; [cca2=LI].translations.zho.official
Expected: Ã¥Ë†â€”Ã¦â€�Â¯Ã¦â€¢Â¦Ã¥Â£Â«Ã§â„¢Â»Ã¥â€¦Â¬Ã¥â€ºÂ½
     got: åˆ—æ”¯æ•¦å£«ç™»å…¬å›½
 ; [cca2=LK].altSpellings[]
Expected: ilaÃ¡Â¹â€¦kai
     but none found
 ; [cca2=LK].altSpellings[]
Unexpected: ilaá¹…kai
 ; [cca2=LK].currencies.LKR.symbol
Expected: Rs  Ã Â¶Â»Ã Â·â€�
     got: Rs  à¶»à·”
 ; [cca2=LK].flag
Expected: Ã°Å¸â€¡Â±Ã°Å¸â€¡Â°
     got: ðŸ‡±ðŸ‡°
 ; [cca2=LK].name.nativeName.sin.common
Expected: Ã Â·ï¿½Ã Â·Å Ã¢â‚¬ï¿½Ã Â¶Â»Ã Â·â€œ Ã Â¶Â½Ã Â¶â€šÃ Â¶Å¡Ã Â·ï¿½Ã Â·â‚¬
     got: à·�à·Šâ€�à¶»à·“ à¶½à¶‚à¶šà·�à·€
 ; [cca2=LK].name.nativeName.sin.official
Expected: Ã Â·ï¿½Ã Â·Å Ã¢â‚¬ï¿½Ã Â¶Â»Ã Â·â€œ Ã Â¶Â½Ã Â¶â€šÃ Â¶Å¡Ã Â·ï¿½ Ã Â¶Â´Ã Â·Å Ã¢â‚¬ï¿½Ã Â¶Â»Ã Â¶Â¢Ã Â·ï¿½Ã Â¶Â­Ã Â·ï¿½Ã Â¶Â±Ã Â·Å Ã Â¶Â­Ã Â·Å Ã¢â‚¬ï¿½Ã Â¶Â»Ã Â·â€™Ã Â¶Å¡ Ã Â·Æ’Ã Â¶Â¸Ã Â·ï¿½Ã Â¶Â¢Ã Â·â‚¬Ã Â·ï¿½Ã Â¶Â¯Ã Â·â€œ Ã Â¶Â¢Ã Â¶Â±Ã Â¶Â»Ã Â¶Â¢Ã Â¶Âº
     got: à·�à·Šâ€�à¶»à·“ à¶½à¶‚à¶šà·� à¶´à·Šâ€�à¶»à¶¢à·�à¶­à·�à¶±à·Šà¶­à·Šâ€�à¶»à·’à¶š à·ƒà¶¸à·�à¶¢à·€à·�à¶¯à·“ à¶¢à¶±à¶»à¶¢à¶º
 ; [cca2=LK].name.nativeName.tam.common
Expected: Ã Â®â€¡Ã Â®Â²Ã Â®â„¢Ã Â¯ï¿½Ã Â®â€¢Ã Â¯Ë†
     got: à®‡à®²à®™à¯�à®•à¯ˆ
 ; [cca2=LK].name.nativeName.tam.official
Expected: Ã Â®â€¡Ã Â®Â²Ã Â®â„¢Ã Â¯ï¿½Ã Â®â€¢Ã Â¯Ë† Ã Â®Å¡Ã Â®Â©Ã Â®Â¨Ã Â®Â¾Ã Â®Â¯Ã Â®â€¢ Ã Â®Å¡Ã Â¯â€¹Ã Â®Å¡Ã Â®Â²Ã Â®Â¿Ã Â®Å¡Ã Â®â€¢Ã Â¯ï¿½ Ã Â®â€¢Ã Â¯ï¿½Ã Â®Å¸Ã Â®Â¿Ã Â®Â¯Ã Â®Â°Ã Â®Å¡Ã Â¯ï¿½
     got: à®‡à®²à®™à¯�à®•à¯ˆ à®šà®©à®¨à®¾à®¯à®• à®šà¯‹à®šà®²à®¿à®šà®•à¯� à®•à¯�à®Ÿà®¿à®¯à®°à®šà¯�
 ; [cca2=LK].tld[]
Expected: .Ã Â®â€¡Ã Â®Â²Ã Â®â„¢Ã Â¯ï¿½Ã Â®â€¢Ã Â¯Ë†
     but none found
 ; [cca2=LK].tld[]
Expected: .Ã Â¶Â½Ã Â¶â€šÃ Â¶Å¡Ã Â·ï¿½
     but none found
 ; [cca2=LK].tld[]
Unexpected: .à¶½à¶‚à¶šà·�
 ; [cca2=LK].tld[]
Unexpected: .à®‡à®²à®™à¯�à®•à¯ˆ
 ; [cca2=LK].translations.ara.common
Expected: Ã˜Â³Ã˜Â±Ã™Å Ã™â€žÃ˜Â§Ã™â€ Ã™Æ’Ã˜Â§
     got: Ø³Ø±ÙŠÙ„Ø§Ù†ÙƒØ§
 ; [cca2=LK].translations.ara.official
Expected: Ã˜Â¬Ã™â€¦Ã™â€¡Ã™Ë†Ã˜Â±Ã™Å Ã˜Â© Ã˜Â³Ã˜Â±Ã™Å Ã™â€žÃ˜Â§Ã™â€ Ã™Æ’Ã˜Â§ Ã˜Â§Ã™â€žÃ˜Â¯Ã™Å Ã™â€¦Ã™â€šÃ˜Â±Ã˜Â§Ã˜Â·Ã™Å Ã˜Â© Ã˜Â§Ã™â€žÃ˜Â´Ã˜Â¹Ã˜Â¨Ã™Å Ã˜Â©
     got: Ø¬Ù…Ù‡ÙˆØ±ÙŠØ© Ø³Ø±ÙŠÙ„Ø§Ù†ÙƒØ§ Ø§Ù„Ø¯ÙŠÙ…Ù‚Ø±Ø§Ø·ÙŠØ© Ø§Ù„Ø´Ø¹Ø¨ÙŠØ©
 ; [cca2=LK].translations.ces.common
Expected: SrÃƒÂ­ Lanka
     got: SrÃ­ Lanka
 ; [cca2=LK].translations.ces.official
Expected: SrÃƒÂ­lanskÃƒÂ¡ demokratickÃƒÂ¡ socialistickÃƒÂ¡ republika
     got: SrÃ­lanskÃ¡ demokratickÃ¡ socialistickÃ¡ republika
 ; [cca2=LK].translations.fra.official
Expected: RÃƒÂ©publique dÃƒÂ©mocratique socialiste du Sri Lanka
     got: RÃ©publique dÃ©mocratique socialiste du Sri Lanka
 ; [cca2=LK].translations.hrv.common
Expected: Ã…Â ri Lanka
     got: Å ri Lanka
 ; [cca2=LK].translations.hrv.official
Expected: Demokratska SocijalistiÃ„ï¿½ke Republike Ã…Â ri Lanke
     got: Demokratska SocijalistiÄ�ke Republike Å ri Lanke
 ; [cca2=LK].translations.hun.common
Expected: SrÃƒÂ­ Lanka
     got: SrÃ­ Lanka
 ; [cca2=LK].translations.hun.official
Expected: SrÃƒÂ­ Lanka-i Demokratikus Szocialista KÃƒÂ¶ztÃƒÂ¡rsasÃƒÂ¡g
     got: SrÃ­ Lanka-i Demokratikus Szocialista KÃ¶ztÃ¡rsasÃ¡g
 ; [cca2=LK].translations.jpn.common
Expected: Ã£â€šÂ¹Ã£Æ’ÂªÃ£Æ’Â©Ã£Æ’Â³Ã£â€šÂ«
     got: ã‚¹ãƒªãƒ©ãƒ³ã‚«
 ; [cca2=LK].translations.jpn.official
Expected: Ã£â€šÂ¹Ã£Æ’ÂªÃ£Æ’Â©Ã£Æ’Â³Ã£â€šÂ«Ã¦Â°â€˜Ã¤Â¸Â»Ã§Â¤Â¾Ã¤Â¼Å¡Ã¤Â¸Â»Ã§Â¾Â©Ã¥â€¦Â±Ã¥â€™Å’Ã¥â€ºÂ½
     got: ã‚¹ãƒªãƒ©ãƒ³ã‚«æ°‘ä¸»ç¤¾ä¼šä¸»ç¾©å…±å’Œå›½
 ; [cca2=LK].translations.kor.common
Expected: Ã¬Å Â¤Ã«Â¦Â¬Ã«Å¾â€˜Ã¬Â¹Â´
     got: ìŠ¤ë¦¬ëž‘ì¹´
 ; [cca2=LK].translations.kor.official
Expected: Ã¬Å Â¤Ã«Â¦Â¬Ã«Å¾â€˜Ã¬Â¹Â´ Ã«Â¯Â¼Ã¬Â£Â¼ Ã¬â€šÂ¬Ã­Å¡Å’Ã¬Â£Â¼Ã¬ï¿½Ëœ ÃªÂ³ÂµÃ­â„¢â€�ÃªÂµÂ­
     got: ìŠ¤ë¦¬ëž‘ì¹´ ë¯¼ì£¼ ì‚¬íšŒì£¼ì�˜ ê³µí™”êµ­
 ; [cca2=LK].translations.per.common
Expected: Ã˜Â³Ã˜Â±Ã›Å’Ã¢â‚¬Å’Ã™â€žÃ˜Â§Ã™â€ ÃšÂ©Ã˜Â§
     got: Ø³Ø±ÛŒâ€ŒÙ„Ø§Ù†Ú©Ø§
 ; [cca2=LK].translations.per.official
Expected: Ã˜Â¬Ã™â€¦Ã™â€¡Ã™Ë†Ã˜Â±Ã›Å’ Ã˜Â¯Ã™â€¦Ã™Ë†ÃšÂ©Ã˜Â±Ã˜Â§Ã˜ÂªÃ›Å’ÃšÂ© Ã˜Â³Ã™Ë†Ã˜Â³Ã›Å’Ã˜Â§Ã™â€žÃ›Å’Ã˜Â³Ã˜ÂªÃ›Å’ Ã˜Â³Ã˜Â±Ã›Å’Ã¢â‚¬Å’Ã™â€žÃ˜Â§Ã™â€ ÃšÂ©Ã˜Â§
     got: Ø¬Ù…Ù‡ÙˆØ±ÛŒ Ø¯Ù…ÙˆÚ©Ø±Ø§ØªÛŒÚ© Ø³ÙˆØ³ÛŒØ§Ù„ÛŒØ³ØªÛŒ Ø³Ø±ÛŒâ€ŒÙ„Ø§Ù†Ú©Ø§
 ; [cca2=LK].translations.por.official
Expected: RepÃƒÂºblica DemocrÃƒÂ¡tica Socialista do Sri Lanka
     got: RepÃºblica DemocrÃ¡tica Socialista do Sri Lanka
 ; [cca2=LK].translations.rus.common
Expected: Ã�Â¨Ã‘â‚¬Ã�Â¸-Ã�â€ºÃ�Â°Ã�Â½Ã�ÂºÃ�Â°
     got: Ð¨Ñ€Ð¸-Ð›Ð°Ð½ÐºÐ°
 ; [cca2=LK].translations.rus.official
Expected: Ã�â€�Ã�ÂµÃ�Â¼Ã�Â¾Ã�ÂºÃ‘â‚¬Ã�Â°Ã‘â€šÃ�Â¸Ã‘â€¡Ã�ÂµÃ‘ï¿½Ã�ÂºÃ�Â°Ã‘ï¿½ Ã�Â¡Ã�Â¾Ã‘â€ Ã�Â¸Ã�Â°Ã�Â»Ã�Â¸Ã‘ï¿½Ã‘â€šÃ�Â¸Ã‘â€¡Ã�ÂµÃ‘ï¿½Ã�ÂºÃ�Â°Ã‘ï¿½ Ã�Â Ã�ÂµÃ‘ï¿½Ã�Â¿Ã‘Æ’Ã�Â±Ã�Â»Ã�Â¸Ã�ÂºÃ�Â° Ã�Â¨Ã‘â‚¬Ã�Â¸-Ã�â€ºÃ�Â°Ã�Â½Ã�ÂºÃ�Â°
     got: Ð”ÐµÐ¼Ð¾ÐºÑ€Ð°Ñ‚Ð¸Ñ‡ÐµÑ�ÐºÐ°Ñ� Ð¡Ð¾Ñ†Ð¸Ð°Ð»Ð¸Ñ�Ñ‚Ð¸Ñ‡ÐµÑ�ÐºÐ°Ñ� Ð ÐµÑ�Ð¿ÑƒÐ±Ð»Ð¸ÐºÐ° Ð¨Ñ€Ð¸-Ð›Ð°Ð½ÐºÐ°
 ; [cca2=LK].translations.slk.common
Expected: SrÃƒÂ­ Lanka
     got: SrÃ­ Lanka
 ; [cca2=LK].translations.slk.official
Expected: SrÃƒÂ­lanskÃƒÂ¡ demokratickÃƒÂ¡ socialistickÃƒÂ¡ republika
     got: SrÃ­lanskÃ¡ demokratickÃ¡ socialistickÃ¡ republika
 ; [cca2=LK].translations.spa.official
Expected: RepÃƒÂºblica DemocrÃƒÂ¡tica Socialista de Sri Lanka
     got: RepÃºblica DemocrÃ¡tica Socialista de Sri Lanka
 ; [cca2=LK].translations.srp.common
Expected: Ã�Â¡Ã‘â‚¬Ã�Â¸ Ã�â€ºÃ�Â°Ã�Â½Ã�ÂºÃ�Â°
     got: Ð¡Ñ€Ð¸ Ð›Ð°Ð½ÐºÐ°
 ; [cca2=LK].translations.srp.official
Expected: Ã�â€�Ã�ÂµÃ�Â¼Ã�Â¾Ã�ÂºÃ‘â‚¬Ã�Â°Ã‘â€šÃ‘ï¿½Ã�ÂºÃ�Â° Ã�Â¡Ã�Â¾Ã‘â€ Ã�Â¸Ã‘ËœÃ�Â°Ã�Â»Ã�Â¸Ã‘ï¿½Ã‘â€šÃ�Â¸Ã‘â€¡Ã�ÂºÃ�Â° Ã�Â Ã�ÂµÃ�Â¿Ã‘Æ’Ã�Â±Ã�Â»Ã�Â¸Ã�ÂºÃ�Â° Ã�Â¡Ã‘â‚¬Ã�Â¸ Ã�â€ºÃ�Â°Ã�Â½Ã�ÂºÃ�Â°
     got: Ð”ÐµÐ¼Ð¾ÐºÑ€Ð°Ñ‚Ñ�ÐºÐ° Ð¡Ð¾Ñ†Ð¸Ñ˜Ð°Ð»Ð¸Ñ�Ñ‚Ð¸Ñ‡ÐºÐ° Ð ÐµÐ¿ÑƒÐ±Ð»Ð¸ÐºÐ° Ð¡Ñ€Ð¸ Ð›Ð°Ð½ÐºÐ°
 ; [cca2=LK].translations.urd.common
Expected: Ã˜Â³Ã˜Â±Ã›Å’ Ã™â€žÃ™â€ ÃšÂ©Ã˜Â§
     got: Ø³Ø±ÛŒ Ù„Ù†Ú©Ø§
 ; [cca2=LK].translations.urd.official
Expected: Ã˜Â¬Ã™â€¦Ã›ï¿½Ã™Ë†Ã˜Â±Ã›Å’ Ã™Ë† Ã˜Â§Ã˜Â´Ã˜ÂªÃ˜Â±Ã˜Â§ÃšÂ©Ã›Å’ Ã˜Â¬Ã™â€¦Ã›ï¿½Ã™Ë†Ã˜Â±Ã›Å’Ã›ï¿½ Ã˜Â³Ã˜Â±Ã›Å’ Ã™â€žÃ™â€ ÃšÂ©Ã˜Â§
     got: Ø¬Ù…Û�ÙˆØ±ÛŒ Ùˆ Ø§Ø´ØªØ±Ø§Ú©ÛŒ Ø¬Ù…Û�ÙˆØ±ÛŒÛ� Ø³Ø±ÛŒ Ù„Ù†Ú©Ø§
 ; [cca2=LK].translations.zho.common
Expected: Ã¦â€“Â¯Ã©â€¡Å’Ã¥â€¦Â°Ã¥ï¿½Â¡
     got: æ–¯é‡Œå…°å�¡
 ; [cca2=LK].translations.zho.official
Expected: Ã¦â€“Â¯Ã©â€¡Å’Ã¥â€¦Â°Ã¥ï¿½Â¡Ã¦Â°â€˜Ã¤Â¸Â»Ã§Â¤Â¾Ã¤Â¼Å¡Ã¤Â¸Â»Ã¤Â¹â€°Ã¥â€¦Â±Ã¥â€™Å’Ã¥â€ºÂ½
     got: æ–¯é‡Œå…°å�¡æ°‘ä¸»ç¤¾ä¼šä¸»ä¹‰å…±å’Œå›½
 ; [cca2=LR].demonyms.fra.f
Expected: LibÃƒÂ©rienne
     got: LibÃ©rienne
 ; [cca2=LR].demonyms.fra.m
Expected: LibÃƒÂ©rien
     got: LibÃ©rien
 ; [cca2=LR].flag
Expected: Ã°Å¸â€¡Â±Ã°Å¸â€¡Â·
     got: ðŸ‡±ðŸ‡·
 ; [cca2=LR].translations.ara.common
Expected: Ã™â€žÃ™Å Ã˜Â¨Ã™Å Ã˜Â±Ã™Å Ã˜Â§
     got: Ù„ÙŠØ¨ÙŠØ±ÙŠØ§
 ; [cca2=LR].translations.ara.official
Expected: Ã˜Â¬Ã™â€¦Ã™â€¡Ã™Ë†Ã˜Â±Ã™Å Ã˜Â© Ã™â€žÃ™Å Ã˜Â¨Ã™Å Ã˜Â±Ã™Å Ã˜Â§
     got: Ø¬Ù…Ù‡ÙˆØ±ÙŠØ© Ù„ÙŠØ¨ÙŠØ±ÙŠØ§
 ; [cca2=LR].translations.ces.common
Expected: LibÃƒÂ©rie
     got: LibÃ©rie
 ; [cca2=LR].translations.ces.official
Expected: LiberijskÃƒÂ¡ republika
     got: LiberijskÃ¡ republika
 ; [cca2=LR].translations.fra.official
Expected: RÃƒÂ©publique du LibÃƒÂ©ria
     got: RÃ©publique du LibÃ©ria
 ; [cca2=LR].translations.hun.common
Expected: LibÃƒÂ©ria
     got: LibÃ©ria
 ; [cca2=LR].translations.hun.official
Expected: LibÃƒÂ©riai KÃƒÂ¶ztÃƒÂ¡rsasÃƒÂ¡g
     got: LibÃ©riai KÃ¶ztÃ¡rsasÃ¡g
 ; [cca2=LR].translations.jpn.common
Expected: Ã£Æ’ÂªÃ£Æ’â„¢Ã£Æ’ÂªÃ£â€šÂ¢
     got: ãƒªãƒ™ãƒªã‚¢
 ; [cca2=LR].translations.jpn.official
Expected: Ã£Æ’ÂªÃ£Æ’â„¢Ã£Æ’ÂªÃ£â€šÂ¢Ã¥â€¦Â±Ã¥â€™Å’Ã¥â€ºÂ½
     got: ãƒªãƒ™ãƒªã‚¢å…±å’Œå›½
 ; [cca2=LR].translations.kor.common
Expected: Ã«ï¿½Â¼Ã¬ï¿½Â´Ã«Â²Â Ã«Â¦Â¬Ã¬â€¢â€ž
     got: ë�¼ì�´ë² ë¦¬ì•„
 ; [cca2=LR].translations.kor.official
Expected: Ã«ï¿½Â¼Ã¬ï¿½Â´Ã«Â²Â Ã«Â¦Â¬Ã¬â€¢â€ž ÃªÂ³ÂµÃ­â„¢â€�ÃªÂµÂ­
     got: ë�¼ì�´ë² ë¦¬ì•„ ê³µí™”êµ­
 ; [cca2=LR].translations.per.common
Expected: Ã™â€žÃ›Å’Ã˜Â¨Ã™â‚¬Ã™ï¿½Ã˜Â±Ã›Å’Ã˜Â§
     got: Ù„ÛŒØ¨Ù€Ù�Ø±ÛŒØ§
 ; [cca2=LR].translations.per.official
Expected: Ã˜Â¬Ã™â€¦Ã™â€¡Ã™Ë†Ã˜Â±Ã›Å’ Ã™â€žÃ›Å’Ã˜Â¨Ã˜Â±Ã›Å’Ã˜Â§
     got: Ø¬Ù…Ù‡ÙˆØ±ÛŒ Ù„ÛŒØ¨Ø±ÛŒØ§
 ; [cca2=LR].translations.por.common
Expected: LibÃƒÂ©ria
     got: LibÃ©ria
 ; [cca2=LR].translations.por.official
Expected: RepÃƒÂºblica da LibÃƒÂ©ria
     got: RepÃºblica da LibÃ©ria
 ; [cca2=LR].translations.rus.common
Expected: Ã�â€ºÃ�Â¸Ã�Â±Ã�ÂµÃ‘â‚¬Ã�Â¸Ã‘ï¿½
     got: Ð›Ð¸Ð±ÐµÑ€Ð¸Ñ�
 ; [cca2=LR].translations.rus.official
Expected: Ã�Â Ã�ÂµÃ‘ï¿½Ã�Â¿Ã‘Æ’Ã�Â±Ã�Â»Ã�Â¸Ã�ÂºÃ�Â° Ã�â€ºÃ�Â¸Ã�Â±Ã�ÂµÃ‘â‚¬Ã�Â¸Ã‘ï¿½
     got: Ð ÐµÑ�Ð¿ÑƒÐ±Ð»Ð¸ÐºÐ° Ð›Ð¸Ð±ÐµÑ€Ð¸Ñ�
 ; [cca2=LR].translations.slk.common
Expected: LibÃƒÂ©ria
     got: LibÃ©ria
 ; [cca2=LR].translations.slk.official
Expected: LibÃƒÂ©rijskÃƒÂ¡ republika
     got: LibÃ©rijskÃ¡ republika
 ; [cca2=LR].translations.spa.official
Expected: RepÃƒÂºblica de Liberia
     got: RepÃºblica de Liberia
 ; [cca2=LR].translations.srp.common
Expected: Ã�â€ºÃ�Â¸Ã�Â±Ã�ÂµÃ‘â‚¬Ã�Â¸Ã‘ËœÃ�Â°
     got: Ð›Ð¸Ð±ÐµÑ€Ð¸Ñ˜Ð°
 ; [cca2=LR].translations.srp.official
Expected: Ã�Â Ã�ÂµÃ�Â¿Ã‘Æ’Ã�Â±Ã�Â»Ã�Â¸Ã�ÂºÃ�Â° Ã�â€ºÃ�Â¸Ã�Â±Ã�ÂµÃ‘â‚¬Ã�Â¸Ã‘ËœÃ�Â°
     got: Ð ÐµÐ¿ÑƒÐ±Ð»Ð¸ÐºÐ° Ð›Ð¸Ð±ÐµÑ€Ð¸Ñ˜Ð°
 ; [cca2=LR].translations.urd.common
Expected: Ã™â€žÃ˜Â§Ã˜Â¦Ã˜Â¨Ã›Å’Ã˜Â±Ã›Å’Ã˜Â§
     got: Ù„Ø§Ø¦Ø¨ÛŒØ±ÛŒØ§
 ; [cca2=LR].translations.urd.official
Expected: Ã˜Â¬Ã™â€¦Ã›ï¿½Ã™Ë†Ã˜Â±Ã›Å’Ã›ï¿½ Ã™â€žÃ˜Â§Ã˜Â¦Ã˜Â¨Ã›Å’Ã˜Â±Ã›Å’Ã˜Â§
     got: Ø¬Ù…Û�ÙˆØ±ÛŒÛ� Ù„Ø§Ø¦Ø¨ÛŒØ±ÛŒØ§
 ; [cca2=LR].translations.zho.common
Expected: Ã¥Ë†Â©Ã¦Â¯â€�Ã©â€¡Å’Ã¤ÂºÅ¡
     got: åˆ©æ¯”é‡Œäºš
 ; [cca2=LR].translations.zho.official
Expected: Ã¥Ë†Â©Ã¦Â¯â€�Ã©â€¡Å’Ã¤ÂºÅ¡Ã¥â€¦Â±Ã¥â€™Å’Ã¥â€ºÂ½
     got: åˆ©æ¯”é‡Œäºšå…±å’Œå›½
 ; [cca2=LS].demonyms.fra.f
Expected: LÃƒÂ©sothienne
     got: LÃ©sothienne
 ; [cca2=LS].demonyms.fra.m
Expected: LÃƒÂ©sothien
     got: LÃ©sothien
 ; [cca2=LS].flag
Expected: Ã°Å¸â€¡Â±Ã°Å¸â€¡Â¸
     got: ðŸ‡±ðŸ‡¸
 ; [cca2=LS].flags.alt
Expected: The flag of Lesotho is composed of three horizontal bands of blue, white and green in the ratio of 3:4:3. A black mokorotlo Ã¢â‚¬â€� a Basotho hat Ã¢â‚¬â€� is centered in the white band.
     got: The flag of Lesotho is composed of three horizontal bands of blue, white and green in the ratio of 3:4:3. A black mokorotlo â€” a Basotho hat â€” is centered in the white band.
 ; [cca2=LS].translations.ara.common
Expected: Ã™â€žÃ™Å Ã˜Â³Ã™Ë†Ã˜ÂªÃ™Ë†
     got: Ù„ÙŠØ³ÙˆØªÙˆ
 ; [cca2=LS].translations.ara.official
Expected: Ã™â€¦Ã™â€¦Ã™â€žÃ™Æ’Ã˜Â© Ã™â€žÃ™Å Ã˜Â³Ã™Ë†Ã˜ÂªÃ™Ë†
     got: Ù…Ù…Ù„ÙƒØ© Ù„ÙŠØ³ÙˆØªÙˆ
 ; [cca2=LS].translations.ces.official
Expected: LesothskÃƒÂ© krÃƒÂ¡lovstvÃƒÂ­
     got: LesothskÃ© krÃ¡lovstvÃ­
 ; [cca2=LS].translations.deu.official
Expected: KÃƒÂ¶nigreich Lesotho
     got: KÃ¶nigreich Lesotho
 ; [cca2=LS].translations.hun.official
Expected: LesothÃƒÂ³i KirÃƒÂ¡lysÃƒÂ¡g
     got: LesothÃ³i KirÃ¡lysÃ¡g
 ; [cca2=LS].translations.jpn.common
Expected: Ã£Æ’Â¬Ã£â€šÂ½Ã£Æ’Ë†
     got: ãƒ¬ã‚½ãƒˆ
 ; [cca2=LS].translations.jpn.official
Expected: Ã£Æ’Â¬Ã£â€šÂ½Ã£Æ’Ë†Ã§Å½â€¹Ã¥â€ºÂ½
     got: ãƒ¬ã‚½ãƒˆçŽ‹å›½
 ; [cca2=LS].translations.kor.common
Expected: Ã«Â Ë†Ã¬â€ Å’Ã­â€ Â 
     got: ë ˆì†Œí† 
 ; [cca2=LS].translations.kor.official
Expected: Ã«Â Ë†Ã¬â€ Å’Ã­â€ Â  Ã¬â„¢â€¢ÃªÂµÂ­
     got: ë ˆì†Œí†  ì™•êµ­
 ; [cca2=LS].translations.per.common
Expected: Ã™â€žÃ˜Â³Ã™Ë†Ã˜ÂªÃ™Ë†
     got: Ù„Ø³ÙˆØªÙˆ
 ; [cca2=LS].translations.per.official
Expected: Ã™Â¾Ã˜Â§Ã˜Â¯Ã˜Â´Ã˜Â§Ã™â€¡Ã›Å’ Ã™â€žÃ˜Â³Ã™Ë†Ã˜ÂªÃ™Ë†
     got: Ù¾Ø§Ø¯Ø´Ø§Ù‡ÛŒ Ù„Ø³ÙˆØªÙˆ
 ; [cca2=LS].translations.pol.official
Expected: KrÃƒÂ³lestwo Lesotho
     got: KrÃ³lestwo Lesotho
 ; [cca2=LS].translations.rus.common
Expected: Ã�â€ºÃ�ÂµÃ‘ï¿½Ã�Â¾Ã‘â€šÃ�Â¾
     got: Ð›ÐµÑ�Ð¾Ñ‚Ð¾
 ; [cca2=LS].translations.rus.official
Expected: Ã�Å¡Ã�Â¾Ã‘â‚¬Ã�Â¾Ã�Â»Ã�ÂµÃ�Â²Ã‘ï¿½Ã‘â€šÃ�Â²Ã�Â¾ Ã�â€ºÃ�ÂµÃ‘ï¿½Ã�Â¾Ã‘â€šÃ�Â¾
     got: ÐšÐ¾Ñ€Ð¾Ð»ÐµÐ²Ñ�Ñ‚Ð²Ð¾ Ð›ÐµÑ�Ð¾Ñ‚Ð¾
 ; [cca2=LS].translations.slk.official
Expected: LesothskÃƒÂ© krÃƒÂ¡Ã„Â¾ovstvo
     got: LesothskÃ© krÃ¡Ä¾ovstvo
 ; [cca2=LS].translations.srp.common
Expected: Ã�â€ºÃ�ÂµÃ‘ï¿½Ã�Â¾Ã‘â€šÃ�Â¾
     got: Ð›ÐµÑ�Ð¾Ñ‚Ð¾
 ; [cca2=LS].translations.srp.official
Expected: Ã�Å¡Ã‘â‚¬Ã�Â°Ã‘â„¢Ã�ÂµÃ�Â²Ã�Â¸Ã�Â½Ã�Â° Ã�â€ºÃ�ÂµÃ‘ï¿½Ã�Â¾Ã‘â€šÃ�Â¾
     got: ÐšÑ€Ð°Ñ™ÐµÐ²Ð¸Ð½Ð° Ð›ÐµÑ�Ð¾Ñ‚Ð¾
 ; [cca2=LS].translations.tur.official
Expected: Lesotho KrallÃ„Â±Ã„Å¸Ã„Â±
     got: Lesotho KrallÄ±ÄŸÄ±
 ; [cca2=LS].translations.urd.common
Expected: Ã™â€žÃ›Å’Ã˜Â³Ã™Ë†Ã˜ÂªÃšÂ¾Ã™Ë†
     got: Ù„ÛŒØ³ÙˆØªÚ¾Ùˆ
 ; [cca2=LS].translations.urd.official
Expected: Ã™â€¦Ã™â€¦Ã™â€žÃšÂ©Ã˜ÂªÃ™ï¿½ Ã™â€žÃ›Å’Ã˜Â³Ã™Ë†Ã˜ÂªÃšÂ¾Ã™Ë†
     got: Ù…Ù…Ù„Ú©ØªÙ� Ù„ÛŒØ³ÙˆØªÚ¾Ùˆ
 ; [cca2=LS].translations.zho.common
Expected: Ã¨Å½Â±Ã§Â´Â¢Ã¦â€°Ëœ
     got: èŽ±ç´¢æ‰˜
 ; [cca2=LS].translations.zho.official
Expected: Ã¨Å½Â±Ã§Â´Â¢Ã¦â€°ËœÃ§Å½â€¹Ã¥â€ºÂ½
     got: èŽ±ç´¢æ‰˜çŽ‹å›½
 ; [cca2=LT].currencies.EUR.symbol
Expected: Ã¢â€šÂ¬
     got: â‚¬
 ; [cca2=LT].flag
Expected: Ã°Å¸â€¡Â±Ã°Å¸â€¡Â¹
     got: ðŸ‡±ðŸ‡¹
 ; [cca2=LT].translations.ara.common
Expected: Ã™â€žÃ™Å Ã˜ÂªÃ™Ë†Ã˜Â§Ã™â€ Ã™Å Ã˜Â§
     got: Ù„ÙŠØªÙˆØ§Ù†ÙŠØ§
 ; [cca2=LT].translations.ara.official
Expected: Ã˜Â¬Ã™â€¦Ã™â€¡Ã™Ë†Ã˜Â±Ã™Å Ã˜Â© Ã™â€žÃ™Å Ã˜ÂªÃ™Ë†Ã˜Â§Ã™â€ Ã™Å Ã˜Â§
     got: Ø¬Ù…Ù‡ÙˆØ±ÙŠØ© Ù„ÙŠØªÙˆØ§Ù†ÙŠØ§
 ; [cca2=LT].translations.ces.official
Expected: LitevskÃƒÂ¡ republika
     got: LitevskÃ¡ republika
 ; [cca2=LT].translations.fra.official
Expected: RÃƒÂ©publique de Lituanie
     got: RÃ©publique de Lituanie
 ; [cca2=LT].translations.hun.common
Expected: LitvÃƒÂ¡nia
     got: LitvÃ¡nia
 ; [cca2=LT].translations.hun.official
Expected: LitvÃƒÂ¡n KÃƒÂ¶ztÃƒÂ¡rsasÃƒÂ¡g
     got: LitvÃ¡n KÃ¶ztÃ¡rsasÃ¡g
 ; [cca2=LT].translations.jpn.common
Expected: Ã£Æ’ÂªÃ£Æ’Ë†Ã£â€šÂ¢Ã£Æ’â€¹Ã£â€šÂ¢
     got: ãƒªãƒˆã‚¢ãƒ‹ã‚¢
 ; [cca2=LT].translations.jpn.official
Expected: Ã£Æ’ÂªÃ£Æ’Ë†Ã£â€šÂ¢Ã£Æ’â€¹Ã£â€šÂ¢Ã¥â€¦Â±Ã¥â€™Å’Ã¥â€ºÂ½
     got: ãƒªãƒˆã‚¢ãƒ‹ã‚¢å…±å’Œå›½
 ; [cca2=LT].translations.kor.common
Expected: Ã«Â¦Â¬Ã­Ë†Â¬Ã¬â€¢â€žÃ«â€¹Ë†Ã¬â€¢â€ž
     got: ë¦¬íˆ¬ì•„ë‹ˆì•„
 ; [cca2=LT].translations.kor.official
Expected: Ã«Â¦Â¬Ã­Ë†Â¬Ã¬â€¢â€žÃ«â€¹Ë†Ã¬â€¢â€ž ÃªÂ³ÂµÃ­â„¢â€�ÃªÂµÂ­
     got: ë¦¬íˆ¬ì•„ë‹ˆì•„ ê³µí™”êµ­
 ; [cca2=LT].translations.per.common
Expected: Ã™â€žÃ›Å’Ã˜ÂªÃ™Ë†Ã˜Â§Ã™â€ Ã›Å’Ã˜Â§Ã›Å’Ã›Å’Ã¢â‚¬Å’Ã™â€¡Ã˜Â§
     got: Ù„ÛŒØªÙˆØ§Ù†ÛŒØ§ÛŒÛŒâ€ŒÙ‡Ø§
 ; [cca2=LT].translations.per.official
Expected: Ã™â€žÃ›Å’Ã˜ÂªÃ™Ë†Ã˜Â§Ã™â€ Ã›Å’Ã˜Â§Ã›Å’Ã›Å’Ã¢â‚¬Å’Ã™â€¡Ã˜Â§
     got: Ù„ÛŒØªÙˆØ§Ù†ÛŒØ§ÛŒÛŒâ€ŒÙ‡Ø§
 ; [cca2=LT].translations.por.common
Expected: LituÃƒÂ¢nia
     got: LituÃ¢nia
 ; [cca2=LT].translations.por.official
Expected: RepÃƒÂºblica da LituÃƒÂ¢nia
     got: RepÃºblica da LituÃ¢nia
 ; [cca2=LT].translations.rus.common
Expected: Ã�â€ºÃ�Â¸Ã‘â€šÃ�Â²Ã�Â°
     got: Ð›Ð¸Ñ‚Ð²Ð°
 ; [cca2=LT].translations.rus.official
Expected: Ã�â€ºÃ�Â¸Ã‘â€šÃ�Â¾Ã�Â²Ã‘ï¿½Ã�ÂºÃ�Â°Ã‘ï¿½ Ã�Â Ã�ÂµÃ‘ï¿½Ã�Â¿Ã‘Æ’Ã�Â±Ã�Â»Ã�Â¸Ã�ÂºÃ�Â°
     got: Ð›Ð¸Ñ‚Ð¾Ð²Ñ�ÐºÐ°Ñ� Ð ÐµÑ�Ð¿ÑƒÐ±Ð»Ð¸ÐºÐ°
 ; [cca2=LT].translations.slk.official
Expected: LitovskÃƒÂ¡ republika
     got: LitovskÃ¡ republika
 ; [cca2=LT].translations.spa.official
Expected: RepÃƒÂºblica de Lituania
     got: RepÃºblica de Lituania
 ; [cca2=LT].translations.srp.common
Expected: Ã�â€ºÃ�Â¸Ã‘â€šÃ�Â²Ã�Â°Ã�Â½Ã�Â¸Ã‘ËœÃ�Â°
     got: Ð›Ð¸Ñ‚Ð²Ð°Ð½Ð¸Ñ˜Ð°
 ; [cca2=LT].translations.srp.official
Expected: Ã�â€ºÃ�Â¸Ã‘â€šÃ�Â²Ã�Â°Ã�Â½Ã‘ï¿½Ã�ÂºÃ�Â° Ã�Â Ã�ÂµÃ�Â¿Ã‘Æ’Ã�Â±Ã�Â»Ã�Â¸Ã�ÂºÃ�Â°
     got: Ð›Ð¸Ñ‚Ð²Ð°Ð½Ñ�ÐºÐ° Ð ÐµÐ¿ÑƒÐ±Ð»Ð¸ÐºÐ°
 ; [cca2=LT].translations.urd.common
Expected: Ã™â€žÃ˜ÂªÃšÂ¾Ã™Ë†Ã™Ë†Ã›Å’Ã™â€ Ã›Å’Ã˜Â§
     got: Ù„ØªÚ¾ÙˆÙˆÛŒÙ†ÛŒØ§
 ; [cca2=LT].translations.urd.official
Expected: Ã˜Â¬Ã™â€¦Ã›ï¿½Ã™Ë†Ã˜Â±Ã›Å’Ã›ï¿½ Ã™â€žÃ˜ÂªÃšÂ¾Ã™Ë†Ã™Ë†Ã›Å’Ã™â€ Ã›Å’Ã˜Â§
     got: Ø¬Ù…Û�ÙˆØ±ÛŒÛ� Ù„ØªÚ¾ÙˆÙˆÛŒÙ†ÛŒØ§
 ; [cca2=LT].translations.zho.common
Expected: Ã§Â«â€¹Ã©â„¢Â¶Ã¥Â®â€º
     got: ç«‹é™¶å®›
 ; [cca2=LT].translations.zho.official
Expected: Ã§Â«â€¹Ã©â„¢Â¶Ã¥Â®â€ºÃ¥â€¦Â±Ã¥â€™Å’Ã¥â€ºÂ½
     got: ç«‹é™¶å®›å…±å’Œå›½
 ; [cca2=LU].altSpellings[]
Expected: Grand-DuchÃƒÂ© de Luxembourg
     but none found
 ; [cca2=LU].altSpellings[]
Expected: Groussherzogtum LÃƒÂ«tzebuerg
     but none found
 ; [cca2=LU].altSpellings[]
Expected: GroÃƒÅ¸herzogtum Luxemburg
     but none found
 ; [cca2=LU].altSpellings[]
Unexpected: Grand-DuchÃ© de Luxembourg
 ; [cca2=LU].altSpellings[]
Unexpected: GroÃŸherzogtum Luxemburg
 ; [cca2=LU].altSpellings[]
Unexpected: Groussherzogtum LÃ«tzebuerg
 ; [cca2=LU].currencies.EUR.symbol
Expected: Ã¢â€šÂ¬
     got: â‚¬
 ; [cca2=LU].flag
Expected: Ã°Å¸â€¡Â±Ã°Å¸â€¡Âº
     got: ðŸ‡±ðŸ‡º
 ; [cca2=LU].name.nativeName.deu.official
Expected: GroÃƒÅ¸herzogtum Luxemburg
     got: GroÃŸherzogtum Luxemburg
 ; [cca2=LU].name.nativeName.fra.official
Expected: Grand-DuchÃƒÂ© de Luxembourg
     got: Grand-DuchÃ© de Luxembourg
 ; [cca2=LU].name.nativeName.ltz.common
Expected: LÃƒÂ«tzebuerg
     got: LÃ«tzebuerg
 ; [cca2=LU].name.nativeName.ltz.official
Expected: Groussherzogtum LÃƒÂ«tzebuerg
     got: Groussherzogtum LÃ«tzebuerg
 ; [cca2=LU].translations.ara.common
Expected: Ã™â€žÃ™Ë†Ã™Æ’Ã˜Â³Ã™â€¦Ã˜Â¨Ã™Ë†Ã˜Â±Ã˜Âº
     got: Ù„ÙˆÙƒØ³Ù…Ø¨ÙˆØ±Øº
 ; [cca2=LU].translations.ara.official
Expected: Ã˜Â¯Ã™Ë†Ã™â€šÃ™Å Ã˜Â© Ã™â€žÃ™Ë†Ã™Æ’Ã˜Â³Ã™â€¦Ã˜Â¨Ã™Ë†Ã˜Â±Ã˜Âº
     got: Ø¯ÙˆÙ‚ÙŠØ© Ù„ÙˆÙƒØ³Ù…Ø¨ÙˆØ±Øº
 ; [cca2=LU].translations.ces.official
Expected: LucemburskÃƒÂ© velkovÃƒÂ©vodstvÃƒÂ­
     got: LucemburskÃ© velkovÃ©vodstvÃ­
 ; [cca2=LU].translations.deu.official
Expected: GroÃƒÅ¸herzogtum Luxemburg,
     got: GroÃŸherzogtum Luxemburg,
 ; [cca2=LU].translations.fra.official
Expected: Grand-DuchÃƒÂ© de Luxembourg
     got: Grand-DuchÃ© de Luxembourg
 ; [cca2=LU].translations.hun.official
Expected: Luxemburgi NagyhercegsÃƒÂ©g
     got: Luxemburgi NagyhercegsÃ©g
 ; [cca2=LU].translations.jpn.common
Expected: Ã£Æ’Â«Ã£â€šÂ¯Ã£â€šÂ»Ã£Æ’Â³Ã£Æ’â€“Ã£Æ’Â«Ã£â€šÂ¯
     got: ãƒ«ã‚¯ã‚»ãƒ³ãƒ–ãƒ«ã‚¯
 ; [cca2=LU].translations.jpn.official
Expected: Ã£Æ’Â«Ã£â€šÂ¯Ã£â€šÂ»Ã£Æ’Â³Ã£Æ’â€“Ã£Æ’Â«Ã£â€šÂ¯Ã¥Â¤Â§Ã¥â€¦Â¬Ã¥â€ºÂ½
     got: ãƒ«ã‚¯ã‚»ãƒ³ãƒ–ãƒ«ã‚¯å¤§å…¬å›½
 ; [cca2=LU].translations.kor.common
Expected: Ã«Â£Â©Ã¬â€¦Ë†Ã«Â¶â‚¬Ã«Â¥Â´Ã­ï¿½Â¬
     got: ë£©ì…ˆë¶€ë¥´í�¬
 ; [cca2=LU].translations.kor.official
Expected: Ã«Â£Â©Ã¬â€¦Ë†Ã«Â¶â‚¬Ã«Â¥Â´Ã­ï¿½Â¬ Ã«Å’â‚¬ÃªÂ³ÂµÃªÂµÂ­
     got: ë£©ì…ˆë¶€ë¥´í�¬ ëŒ€ê³µêµ­
 ; [cca2=LU].translations.per.common
Expected: Ã™â€žÃ™Ë†ÃšÂ©Ã˜Â²Ã˜Â§Ã™â€¦Ã˜Â¨Ã™Ë†Ã˜Â±ÃšÂ¯
     got: Ù„ÙˆÚ©Ø²Ø§Ù…Ø¨ÙˆØ±Ú¯
 ; [cca2=LU].translations.per.official
Expected: Ã˜Â¯Ã™Ë†ÃšÂ©Ã¢â‚¬Å’Ã™â€ Ã˜Â´Ã›Å’Ã™â€  Ã™â€žÃ™Ë†ÃšÂ©Ã˜Â²Ã˜Â§Ã™â€¦Ã˜Â¨Ã™Ë†Ã˜Â±ÃšÂ¯
     got: Ø¯ÙˆÚ©â€ŒÙ†Ø´ÛŒÙ† Ù„ÙˆÚ©Ø²Ø§Ù…Ø¨ÙˆØ±Ú¯
 ; [cca2=LU].translations.pol.official
Expected: Wielkie KsiÃ„â„¢stwo Luksemburga
     got: Wielkie KsiÄ™stwo Luksemburga
 ; [cca2=LU].translations.por.official
Expected: GrÃƒÂ£o-Ducado do Luxemburgo
     got: GrÃ£o-Ducado do Luxemburgo
 ; [cca2=LU].translations.rus.common
Expected: Ã�â€ºÃ‘Å½Ã�ÂºÃ‘ï¿½Ã�ÂµÃ�Â¼Ã�Â±Ã‘Æ’Ã‘â‚¬Ã�Â³
     got: Ð›ÑŽÐºÑ�ÐµÐ¼Ð±ÑƒÑ€Ð³
 ; [cca2=LU].translations.rus.official
Expected: Ã�â€™Ã�ÂµÃ�Â»Ã�Â¸Ã�ÂºÃ�Â¾Ã�Âµ Ã�â€œÃ�ÂµÃ‘â‚¬Ã‘â€ Ã�Â¾Ã�Â³Ã‘ï¿½Ã‘â€šÃ�Â²Ã�Â¾ Ã�â€ºÃ‘Å½Ã�ÂºÃ‘ï¿½Ã�ÂµÃ�Â¼Ã�Â±Ã‘Æ’Ã‘â‚¬Ã�Â³
     got: Ð’ÐµÐ»Ð¸ÐºÐ¾Ðµ Ð“ÐµÑ€Ñ†Ð¾Ð³Ñ�Ñ‚Ð²Ð¾ Ð›ÑŽÐºÑ�ÐµÐ¼Ð±ÑƒÑ€Ð³
 ; [cca2=LU].translations.slk.official
Expected: LuxemburskÃƒÂ© veÃ„Â¾kovojvodstvo
     got: LuxemburskÃ© veÄ¾kovojvodstvo
 ; [cca2=LU].translations.srp.common
Expected: Ã�â€ºÃ‘Æ’Ã�ÂºÃ‘ï¿½Ã�ÂµÃ�Â¼Ã�Â±Ã‘Æ’Ã‘â‚¬Ã�Â³
     got: Ð›ÑƒÐºÑ�ÐµÐ¼Ð±ÑƒÑ€Ð³
 ; [cca2=LU].translations.srp.official
Expected: Ã�â€™Ã�ÂµÃ�Â»Ã�Â¸Ã�ÂºÃ�Â¾ Ã�â€™Ã�Â¾Ã‘ËœÃ�Â²Ã�Â¾Ã�Â´Ã‘ï¿½Ã‘â€šÃ�Â²Ã�Â¾ Ã�â€ºÃ‘Æ’Ã�ÂºÃ‘ï¿½Ã�ÂµÃ�Â¼Ã�Â±Ã‘Æ’Ã‘â‚¬Ã�Â³
     got: Ð’ÐµÐ»Ð¸ÐºÐ¾ Ð’Ð¾Ñ˜Ð²Ð¾Ð´Ñ�Ñ‚Ð²Ð¾ Ð›ÑƒÐºÑ�ÐµÐ¼Ð±ÑƒÑ€Ð³
 ; [cca2=LU].translations.swe.official
Expected: StorhertigdÃƒÂ¶met Luxemburg
     got: StorhertigdÃ¶met Luxemburg
 ; [cca2=LU].translations.tur.common
Expected: LÃƒÂ¼ksemburg
     got: LÃ¼ksemburg
 ; [cca2=LU].translations.tur.official
Expected: LÃƒÂ¼ksemburg BÃƒÂ¼yÃƒÂ¼k DÃƒÂ¼kalÃ„Â±Ã„Å¸Ã„Â±
     got: LÃ¼ksemburg BÃ¼yÃ¼k DÃ¼kalÄ±ÄŸÄ±
 ; [cca2=LU].translations.urd.common
Expected: Ã™â€žÃšÂ©Ã˜Â³Ã™â€¦Ã˜Â¨Ã˜Â±ÃšÂ¯
     got: Ù„Ú©Ø³Ù…Ø¨Ø±Ú¯
 ; [cca2=LU].translations.urd.official
Expected: Ã˜Â¯Ã™Ë†Ã™â€šÃ›Å’Ã›ï¿½ ÃšÂ©Ã˜Â¨Ã›Å’Ã˜Â±Ã™â€žÃšÂ©Ã˜Â³Ã™â€¦Ã˜Â¨Ã˜Â±ÃšÂ¯
     got: Ø¯ÙˆÙ‚ÛŒÛ� Ú©Ø¨ÛŒØ±Ù„Ú©Ø³Ù…Ø¨Ø±Ú¯
 ; [cca2=LU].translations.zho.common
Expected: Ã¥ï¿½Â¢Ã¦Â£Â®Ã¥Â Â¡
     got: å�¢æ£®å ¡
 ; [cca2=LU].translations.zho.official
Expected: Ã¥ï¿½Â¢Ã¦Â£Â®Ã¥Â Â¡Ã¥Â¤Â§Ã¥â€¦Â¬Ã¥â€ºÂ½
     got: å�¢æ£®å ¡å¤§å…¬å›½
 ; [cca2=LV].currencies.EUR.symbol
Expected: Ã¢â€šÂ¬
     got: â‚¬
 ; [cca2=LV].flag
Expected: Ã°Å¸â€¡Â±Ã°Å¸â€¡Â»
     got: ðŸ‡±ðŸ‡»
 ; [cca2=LV].translations.ara.common
Expected: Ã™â€žÃ˜Â§Ã˜ÂªÃ™ï¿½Ã™Å Ã˜Â§
     got: Ù„Ø§ØªÙ�ÙŠØ§
 ; [cca2=LV].translations.ara.official
Expected: Ã˜Â¬Ã™â€¦Ã™â€¡Ã™Ë†Ã˜Â±Ã™Å Ã˜Â© Ã™â€žÃ˜Â§Ã˜ÂªÃ™ï¿½Ã™Å Ã˜Â§
     got: Ø¬Ù…Ù‡ÙˆØ±ÙŠØ© Ù„Ø§ØªÙ�ÙŠØ§
 ; [cca2=LV].translations.ces.common
Expected: LotyÃ…Â¡sko
     got: LotyÅ¡sko
 ; [cca2=LV].translations.ces.official
Expected: LotyÃ…Â¡skÃƒÂ¡ republika
     got: LotyÅ¡skÃ¡ republika
 ; [cca2=LV].translations.est.common
Expected: LÃƒÂ¤ti
     got: LÃ¤ti
 ; [cca2=LV].translations.est.official
Expected: LÃƒÂ¤ti Vabariik
     got: LÃ¤ti Vabariik
 ; [cca2=LV].translations.fra.official
Expected: RÃƒÂ©publique de Lettonie
     got: RÃ©publique de Lettonie
 ; [cca2=LV].translations.hun.common
Expected: LettorszÃƒÂ¡g
     got: LettorszÃ¡g
 ; [cca2=LV].translations.hun.official
Expected: Lett KÃƒÂ¶ztÃƒÂ¡rsasÃƒÂ¡g
     got: Lett KÃ¶ztÃ¡rsasÃ¡g
 ; [cca2=LV].translations.jpn.common
Expected: Ã£Æ’Â©Ã£Æ’Ë†Ã£Æ’â€œÃ£â€šÂ¢
     got: ãƒ©ãƒˆãƒ“ã‚¢
 ; [cca2=LV].translations.jpn.official
Expected: Ã£Æ’Â©Ã£Æ’Ë†Ã£Æ’â€œÃ£â€šÂ¢Ã¥â€¦Â±Ã¥â€™Å’Ã¥â€ºÂ½
     got: ãƒ©ãƒˆãƒ“ã‚¢å…±å’Œå›½
 ; [cca2=LV].translations.kor.common
Expected: Ã«ï¿½Â¼Ã­Å Â¸Ã«Â¹â€žÃ¬â€¢â€ž
     got: ë�¼íŠ¸ë¹„ì•„
 ; [cca2=LV].translations.kor.official
Expected: Ã«ï¿½Â¼Ã­Å Â¸Ã«Â¹â€žÃ¬â€¢â€ž ÃªÂ³ÂµÃ­â„¢â€�ÃªÂµÂ­
     got: ë�¼íŠ¸ë¹„ì•„ ê³µí™”êµ­
 ; [cca2=LV].translations.per.common
Expected: Ã™â€žÃ˜ÂªÃ™Ë†Ã™â€ Ã›Å’
     got: Ù„ØªÙˆÙ†ÛŒ
 ; [cca2=LV].translations.per.official
Expected: Ã˜Â¬Ã™â€¦Ã™â€¡Ã™Ë†Ã˜Â±Ã›Å’ Ã™â€žÃ˜ÂªÃ™Ë†Ã™â€ Ã›Å’
     got: Ø¬Ù…Ù‡ÙˆØ±ÛŒ Ù„ØªÙˆÙ†ÛŒ
 ; [cca2=LV].translations.pol.common
Expected: Ã…ï¿½otwa
     got: Å�otwa
 ; [cca2=LV].translations.pol.official
Expected: Republika Ã…ï¿½otewska
     got: Republika Å�otewska
 ; [cca2=LV].translations.por.common
Expected: LetÃƒÂ³nia
     got: LetÃ³nia
 ; [cca2=LV].translations.por.official
Expected: RepÃƒÂºblica da LetÃƒÂ³nia
     got: RepÃºblica da LetÃ³nia
 ; [cca2=LV].translations.rus.common
Expected: Ã�â€ºÃ�Â°Ã‘â€šÃ�Â²Ã�Â¸Ã‘ï¿½
     got: Ð›Ð°Ñ‚Ð²Ð¸Ñ�
 ; [cca2=LV].translations.rus.official
Expected: Ã�â€ºÃ�Â°Ã‘â€šÃ�Â²Ã�Â¸Ã�Â¹Ã‘ï¿½Ã�ÂºÃ�Â°Ã‘ï¿½ Ã�Â Ã�ÂµÃ‘ï¿½Ã�Â¿Ã‘Æ’Ã�Â±Ã�Â»Ã�Â¸Ã�ÂºÃ�Â°
     got: Ð›Ð°Ñ‚Ð²Ð¸Ð¹Ñ�ÐºÐ°Ñ� Ð ÐµÑ�Ð¿ÑƒÐ±Ð»Ð¸ÐºÐ°
 ; [cca2=LV].translations.slk.common
Expected: LotyÃ…Â¡sko
     got: LotyÅ¡sko
 ; [cca2=LV].translations.slk.official
Expected: LotyÃ…Â¡skÃƒÂ¡ republika
     got: LotyÅ¡skÃ¡ republika
 ; [cca2=LV].translations.spa.official
Expected: RepÃƒÂºblica de Letonia
     got: RepÃºblica de Letonia
 ; [cca2=LV].translations.srp.common
Expected: Ã�â€ºÃ�ÂµÃ‘â€šÃ�Â¾Ã�Â½Ã�Â¸Ã‘ËœÃ�Â°
     got: Ð›ÐµÑ‚Ð¾Ð½Ð¸Ñ˜Ð°
 ; [cca2=LV].translations.srp.official
Expected: Ã�â€ºÃ�ÂµÃ‘â€šÃ�Â¾Ã�Â½Ã‘ï¿½Ã�ÂºÃ�Â° Ã�Â Ã�ÂµÃ�Â¿Ã‘Æ’Ã�Â±Ã�Â»Ã�Â¸Ã�ÂºÃ�Â°
     got: Ð›ÐµÑ‚Ð¾Ð½Ñ�ÐºÐ° Ð ÐµÐ¿ÑƒÐ±Ð»Ð¸ÐºÐ°
 ; [cca2=LV].translations.urd.common
Expected: Ã™â€žÃ™Â¹Ã™Ë†Ã›Å’Ã˜Â§
     got: Ù„Ù¹ÙˆÛŒØ§
 ; [cca2=LV].translations.urd.official
Expected: Ã˜Â¬Ã™â€¦Ã›ï¿½Ã™Ë†Ã˜Â±Ã›Å’Ã›ï¿½ Ã™â€žÃ™Â¹Ã™Ë†Ã›Å’Ã˜Â§
     got: Ø¬Ù…Û�ÙˆØ±ÛŒÛ� Ù„Ù¹ÙˆÛŒØ§
 ; [cca2=LV].translations.zho.common
Expected: Ã¦â€¹â€°Ã¨â€žÂ±Ã§Â»Â´Ã¤ÂºÅ¡
     got: æ‹‰è„±ç»´äºš
 ; [cca2=LV].translations.zho.official
Expected: Ã¦â€¹â€°Ã¨â€žÂ±Ã§Â»Â´Ã¤ÂºÅ¡Ã¥â€¦Â±Ã¥â€™Å’Ã¥â€ºÂ½
     got: æ‹‰è„±ç»´äºšå…±å’Œå›½
 ; [cca2=LY].currencies.LYD.symbol
Expected: Ã™â€ž.Ã˜Â¯
     got: Ù„.Ø¯
 ; [cca2=LY].flag
Expected: Ã°Å¸â€¡Â±Ã°Å¸â€¡Â¾
     got: ðŸ‡±ðŸ‡¾
 ; [cca2=LY].name.nativeName.ara.common
Expected: Ã¢â‚¬ï¿½Ã™â€žÃ™Å Ã˜Â¨Ã™Å Ã˜Â§
     got: â€�Ù„ÙŠØ¨ÙŠØ§
 ; [cca2=LY].name.nativeName.ara.official
Expected: Ã˜Â§Ã™â€žÃ˜Â¯Ã™Ë†Ã™â€žÃ˜Â© Ã™â€žÃ™Å Ã˜Â¨Ã™Å Ã˜Â§
     got: Ø§Ù„Ø¯ÙˆÙ„Ø© Ù„ÙŠØ¨ÙŠØ§
 ; [cca2=LY].translations.ara.common
Expected: Ã¢â‚¬ï¿½Ã™â€žÃ™Å Ã˜Â¨Ã™Å Ã˜Â§
     got: â€�Ù„ÙŠØ¨ÙŠØ§
 ; [cca2=LY].translations.ara.official
Expected: Ã˜Â¯Ã™Ë†Ã™â€žÃ˜Â© Ã™â€žÃ™Å Ã˜Â¨Ã™Å Ã˜Â§
     got: Ø¯ÙˆÙ„Ø© Ù„ÙŠØ¨ÙŠØ§
 ; [cca2=LY].translations.ces.official
Expected: StÃƒÂ¡t Libye
     got: StÃ¡t Libye
 ; [cca2=LY].translations.est.common
Expected: LiibÃƒÂ¼a
     got: LiibÃ¼a
 ; [cca2=LY].translations.est.official
Expected: LiibÃƒÂ¼a
     got: LiibÃ¼a
 ; [cca2=LY].translations.fra.official
Expected: Grande RÃƒÂ©publique arabe libyenne populaire et socialiste
     got: Grande RÃ©publique arabe libyenne populaire et socialiste
 ; [cca2=LY].translations.hrv.official
Expected: DrÃ…Â¾ava Libiji
     got: DrÅ¾ava Libiji
 ; [cca2=LY].translations.hun.common
Expected: LÃƒÂ­bia
     got: LÃ­bia
 ; [cca2=LY].translations.hun.official
Expected: LÃƒÂ­bia Ãƒï¿½llam
     got: LÃ­bia Ã�llam
 ; [cca2=LY].translations.jpn.common
Expected: Ã£Æ’ÂªÃ£Æ’â€œÃ£â€šÂ¢
     got: ãƒªãƒ“ã‚¢
 ; [cca2=LY].translations.jpn.official
Expected: Ã£Æ’ÂªÃ£Æ’â€œÃ£â€šÂ¢Ã£ï¿½Â®Ã¥â€ºÂ½Ã¥Â®Â¶
     got: ãƒªãƒ“ã‚¢ã�®å›½å®¶
 ; [cca2=LY].translations.kor.common
Expected: Ã«Â¦Â¬Ã«Â¹â€žÃ¬â€¢â€ž
     got: ë¦¬ë¹„ì•„
 ; [cca2=LY].translations.kor.official
Expected: Ã«Â¦Â¬Ã«Â¹â€žÃ¬â€¢â€ž
     got: ë¦¬ë¹„ì•„
 ; [cca2=LY].translations.nld.common
Expected: LibiÃƒÂ«
     got: LibiÃ«
 ; [cca2=LY].translations.nld.official
Expected: Staat van LibiÃƒÂ«
     got: Staat van LibiÃ«
 ; [cca2=LY].translations.per.common
Expected: Ã™â€žÃ›Å’Ã˜Â¨Ã›Å’
     got: Ù„ÛŒØ¨ÛŒ
 ; [cca2=LY].translations.per.official
Expected: Ã˜Â¯Ã™Ë†Ã™â€žÃ˜Âª Ã™â€žÃ›Å’Ã˜Â¨Ã›Å’
     got: Ø¯ÙˆÙ„Øª Ù„ÛŒØ¨ÛŒ
 ; [cca2=LY].translations.pol.official
Expected: PaÃ…â€žstwo Libia
     got: PaÅ„stwo Libia
 ; [cca2=LY].translations.por.common
Expected: LÃƒÂ­bia
     got: LÃ­bia
 ; [cca2=LY].translations.por.official
Expected: Estado da LÃƒÂ­bia
     got: Estado da LÃ­bia
 ; [cca2=LY].translations.rus.common
Expected: Ã�â€ºÃ�Â¸Ã�Â²Ã�Â¸Ã‘ï¿½
     got: Ð›Ð¸Ð²Ð¸Ñ�
 ; [cca2=LY].translations.rus.official
Expected: Ã�â€œÃ�Â¾Ã‘ï¿½Ã‘Æ’Ã�Â´Ã�Â°Ã‘â‚¬Ã‘ï¿½Ã‘â€šÃ�Â²Ã�Â¾ Ã�â€ºÃ�Â¸Ã�Â²Ã�Â¸Ã�Â¸
     got: Ð“Ð¾Ñ�ÑƒÐ´Ð°Ñ€Ñ�Ñ‚Ð²Ð¾ Ð›Ð¸Ð²Ð¸Ð¸
 ; [cca2=LY].translations.slk.common
Expected: LÃƒÂ­bya
     got: LÃ­bya
 ; [cca2=LY].translations.slk.official
Expected: LÃƒÂ­bya
     got: LÃ­bya
 ; [cca2=LY].translations.srp.common
Expected: Ã�â€ºÃ�Â¸Ã�Â±Ã�Â¸Ã‘ËœÃ�Â°
     got: Ð›Ð¸Ð±Ð¸Ñ˜Ð°
 ; [cca2=LY].translations.srp.official
Expected: Ã�â€�Ã‘â‚¬Ã�Â¶Ã�Â°Ã�Â²Ã�Â° Ã�â€ºÃ�Â¸Ã�Â±Ã�Â¸Ã‘ËœÃ�Â°
     got: Ð”Ñ€Ð¶Ð°Ð²Ð° Ð›Ð¸Ð±Ð¸Ñ˜Ð°
 ; [cca2=LY].translations.urd.common
Expected: Ã™â€žÃ›Å’Ã˜Â¨Ã›Å’Ã˜Â§
     got: Ù„ÛŒØ¨ÛŒØ§
 ; [cca2=LY].translations.urd.official
Expected: Ã˜Â±Ã›Å’Ã˜Â§Ã˜Â³Ã˜ÂªÃ™ï¿½ Ã™â€žÃ›Å’Ã˜Â¨Ã›Å’Ã˜Â§
     got: Ø±ÛŒØ§Ø³ØªÙ� Ù„ÛŒØ¨ÛŒØ§
 ; [cca2=LY].translations.zho.common
Expected: Ã¥Ë†Â©Ã¦Â¯â€�Ã¤ÂºÅ¡
     got: åˆ©æ¯”äºš
 ; [cca2=LY].translations.zho.official
Expected: Ã¥Ë†Â©Ã¦Â¯â€�Ã¤ÂºÅ¡Ã¥â€ºÂ½
     got: åˆ©æ¯”äºšå›½
 ; [cca2=MA].altSpellings[]
Expected: Al-Mamlakah al-MaÃ„Â¡ribiyah
     but none found
 ; [cca2=MA].altSpellings[]
Unexpected: Al-Mamlakah al-MaÄ¡ribiyah
 ; [cca2=MA].currencies.MAD.symbol
Expected: Ã˜Â¯.Ã™â€¦.
     got: Ø¯.Ù….
 ; [cca2=MA].flag
Expected: Ã°Å¸â€¡Â²Ã°Å¸â€¡Â¦
     got: ðŸ‡²ðŸ‡¦
 ; [cca2=MA].flags.alt
Expected: The flag of Morocco features a green pentagram Ã¢â‚¬â€� a five-pointed linear star Ã¢â‚¬â€� centered on a red field.
     got: The flag of Morocco features a green pentagram â€” a five-pointed linear star â€” centered on a red field.
 ; [cca2=MA].name.nativeName.ara.common
Expected: Ã˜Â§Ã™â€žÃ™â€¦Ã˜ÂºÃ˜Â±Ã˜Â¨
     got: Ø§Ù„Ù…ØºØ±Ø¨
 ; [cca2=MA].name.nativeName.ara.official
Expected: Ã˜Â§Ã™â€žÃ™â€¦Ã™â€¦Ã™â€žÃ™Æ’Ã˜Â© Ã˜Â§Ã™â€žÃ™â€¦Ã˜ÂºÃ˜Â±Ã˜Â¨Ã™Å Ã˜Â©
     got: Ø§Ù„Ù…Ù…Ù„ÙƒØ© Ø§Ù„Ù…ØºØ±Ø¨ÙŠØ©
 ; [cca2=MA].name.nativeName.ber.common
Expected: Ã¢Âµï¿½Ã¢ÂµÅ½Ã¢Â´Â°Ã¢Âµâ€“Ã¢Âµâ€�Ã¢Âµâ€°Ã¢Â´Â±
     got: âµ�âµŽâ´°âµ–âµ”âµ‰â´±
 ; [cca2=MA].name.nativeName.ber.official
Expected: Ã¢ÂµÅ“Ã¢Â´Â°Ã¢Â´Â³Ã¢Âµï¿½Ã¢Â´Â·Ã¢Âµâ€°Ã¢ÂµÅ“ Ã¢Âµï¿½ Ã¢Âµï¿½Ã¢ÂµÅ½Ã¢Âµâ€“Ã¢Âµâ€�Ã¢Âµâ€°Ã¢Â´Â±
     got: âµœâ´°â´³âµ�â´·âµ‰âµœ âµ� âµ�âµŽâµ–âµ”âµ‰â´±
 ; [cca2=MA].tld[]
Expected: Ã˜Â§Ã™â€žÃ™â€¦Ã˜ÂºÃ˜Â±Ã˜Â¨.
     but none found
 ; [cca2=MA].tld[]
Unexpected: Ø§Ù„Ù…ØºØ±Ø¨.
 ; [cca2=MA].translations.ara.common
Expected: Ã˜Â§Ã™â€žÃ™â€¦Ã˜ÂºÃ˜Â±Ã˜Â¨
     got: Ø§Ù„Ù…ØºØ±Ø¨
 ; [cca2=MA].translations.ara.official
Expected: Ã˜Â§Ã™â€žÃ™â€¦Ã™â€¦Ã™â€žÃ™Æ’Ã˜Â© Ã˜Â§Ã™â€žÃ™â€¦Ã˜ÂºÃ˜Â±Ã˜Â¨Ã™Å Ã˜Â©
     got: Ø§Ù„Ù…Ù…Ù„ÙƒØ© Ø§Ù„Ù…ØºØ±Ø¨ÙŠØ©
 ; [cca2=MA].translations.ces.official
Expected: MarockÃƒÂ© krÃƒÂ¡lovstvÃƒÂ­
     got: MarockÃ© krÃ¡lovstvÃ­
 ; [cca2=MA].translations.deu.official
Expected: KÃƒÂ¶nigreich Marokko
     got: KÃ¶nigreich Marokko
 ; [cca2=MA].translations.hun.common
Expected: MarokkÃƒÂ³
     got: MarokkÃ³
 ; [cca2=MA].translations.hun.official
Expected: MarokkÃƒÂ³i KirÃƒÂ¡lysÃƒÂ¡g
     got: MarokkÃ³i KirÃ¡lysÃ¡g
 ; [cca2=MA].translations.jpn.common
Expected: Ã£Æ’Â¢Ã£Æ’Â­Ã£Æ’Æ’Ã£â€šÂ³
     got: ãƒ¢ãƒ­ãƒƒã‚³
 ; [cca2=MA].translations.jpn.official
Expected: Ã£Æ’Â¢Ã£Æ’Â­Ã£Æ’Æ’Ã£â€šÂ³Ã§Å½â€¹Ã¥â€ºÂ½
     got: ãƒ¢ãƒ­ãƒƒã‚³çŽ‹å›½
 ; [cca2=MA].translations.kor.common
Expected: Ã«ÂªÂ¨Ã«Â¡Å“Ã¬Â½â€�
     got: ëª¨ë¡œì½”
 ; [cca2=MA].translations.kor.official
Expected: Ã«ÂªÂ¨Ã«Â¡Å“Ã¬Â½â€� Ã¬â„¢â€¢ÃªÂµÂ­
     got: ëª¨ë¡œì½” ì™•êµ­
 ; [cca2=MA].translations.per.common
Expected: Ã™â€¦Ã˜Â±Ã˜Â§ÃšÂ©Ã˜Â´
     got: Ù…Ø±Ø§Ú©Ø´
 ; [cca2=MA].translations.per.official
Expected: Ã™Â¾Ã˜Â§Ã˜Â¯Ã˜Â´Ã˜Â§Ã™â€¡Ã›Å’ Ã™â€¦Ã˜Â±Ã˜Â§ÃšÂ©Ã˜Â´
     got: Ù¾Ø§Ø¯Ø´Ø§Ù‡ÛŒ Ù…Ø±Ø§Ú©Ø´
 ; [cca2=MA].translations.pol.official
Expected: KrÃƒÂ³lestwo MarokaÃ…â€žskie
     got: KrÃ³lestwo MarokaÅ„skie
 ; [cca2=MA].translations.rus.common
Expected: Ã�Å“Ã�Â°Ã‘â‚¬Ã�Â¾Ã�ÂºÃ�ÂºÃ�Â¾
     got: ÐœÐ°Ñ€Ð¾ÐºÐºÐ¾
 ; [cca2=MA].translations.rus.official
Expected: Ã�Å¡Ã�Â¾Ã‘â‚¬Ã�Â¾Ã�Â»Ã�ÂµÃ�Â²Ã‘ï¿½Ã‘â€šÃ�Â²Ã�Â¾ Ã�Å“Ã�Â°Ã‘â‚¬Ã�Â¾Ã�ÂºÃ�ÂºÃ�Â¾
     got: ÐšÐ¾Ñ€Ð¾Ð»ÐµÐ²Ñ�Ñ‚Ð²Ð¾ ÐœÐ°Ñ€Ð¾ÐºÐºÐ¾
 ; [cca2=MA].translations.slk.official
Expected: MarockÃƒÂ© knieÃ…Â¾atstvo
     got: MarockÃ© knieÅ¾atstvo
 ; [cca2=MA].translations.srp.common
Expected: Ã�Å“Ã�Â°Ã‘â‚¬Ã�Â¾Ã�ÂºÃ�Â¾
     got: ÐœÐ°Ñ€Ð¾ÐºÐ¾
 ; [cca2=MA].translations.srp.official
Expected: Ã�Å¡Ã‘â‚¬Ã�Â°Ã‘â„¢Ã�ÂµÃ�Â²Ã�Â¸Ã�Â½Ã�Â° Ã�Å“Ã�Â°Ã‘â‚¬Ã�Â¾Ã�ÂºÃ�Â¾
     got: ÐšÑ€Ð°Ñ™ÐµÐ²Ð¸Ð½Ð° ÐœÐ°Ñ€Ð¾ÐºÐ¾
 ; [cca2=MA].translations.tur.official
Expected: Fas KrallÃ„Â±Ã„Å¸Ã„Â±
     got: Fas KrallÄ±ÄŸÄ±
 ; [cca2=MA].translations.urd.common
Expected: Ã™â€¦Ã˜Â±Ã˜Â§ÃšÂ©Ã˜Â´
     got: Ù…Ø±Ø§Ú©Ø´
 ; [cca2=MA].translations.urd.official
Expected: Ã™â€¦Ã™â€¦Ã™â€žÃšÂ©Ã˜ÂªÃ™ï¿½ Ã™â€¦Ã˜Â±Ã˜Â§ÃšÂ©Ã˜Â´
     got: Ù…Ù…Ù„Ú©ØªÙ� Ù…Ø±Ø§Ú©Ø´
 ; [cca2=MA].translations.zho.common
Expected: Ã¦â€˜Â©Ã¦Â´â€ºÃ¥â€œÂ¥
     got: æ‘©æ´›å“¥
 ; [cca2=MA].translations.zho.official
Expected: Ã¦â€˜Â©Ã¦Â´â€ºÃ¥â€œÂ¥Ã§Å½â€¹Ã¥â€ºÂ½
     got: æ‘©æ´›å“¥çŽ‹å›½
 ; [cca2=MC].altSpellings[]
Expected: PrincipautÃƒÂ© de Monaco
     but none found
 ; [cca2=MC].altSpellings[]
Unexpected: PrincipautÃ© de Monaco
 ; [cca2=MC].currencies.EUR.symbol
Expected: Ã¢â€šÂ¬
     got: â‚¬
 ; [cca2=MC].demonyms.fra.f
Expected: MonÃƒÂ©gasque
     got: MonÃ©gasque
 ; [cca2=MC].demonyms.fra.m
Expected: MonÃƒÂ©gasque
     got: MonÃ©gasque
 ; [cca2=MC].flag
Expected: Ã°Å¸â€¡Â²Ã°Å¸â€¡Â¨
     got: ðŸ‡²ðŸ‡¨
 ; [cca2=MC].name.nativeName.fra.official
Expected: PrincipautÃƒÂ© de Monaco
     got: PrincipautÃ© de Monaco
 ; [cca2=MC].translations.ara.common
Expected: Ã™â€¦Ã™Ë†Ã™â€ Ã˜Â§Ã™Æ’Ã™Ë†
     got: Ù…ÙˆÙ†Ø§ÙƒÙˆ
 ; [cca2=MC].translations.ara.official
Expected: Ã˜Â¥Ã™â€¦Ã˜Â§Ã˜Â±Ã˜Â© Ã™â€¦Ã™Ë†Ã™â€ Ã˜Â§Ã™Æ’Ã™Ë†
     got: Ø¥Ù…Ø§Ø±Ø© Ù…ÙˆÙ†Ø§ÙƒÙˆ
 ; [cca2=MC].translations.bre.official
Expected: PriÃƒÂ±selezh Monako
     got: PriÃ±selezh Monako
 ; [cca2=MC].translations.ces.official
Expected: MonackÃƒÂ© knÃƒÂ­Ã…Â¾ectvÃƒÂ­
     got: MonackÃ© knÃ­Å¾ectvÃ­
 ; [cca2=MC].translations.deu.official
Expected: FÃƒÂ¼rstentum Monaco
     got: FÃ¼rstentum Monaco
 ; [cca2=MC].translations.est.official
Expected: Monaco VÃƒÂ¼rstiriik
     got: Monaco VÃ¼rstiriik
 ; [cca2=MC].translations.fra.official
Expected: PrincipautÃƒÂ© de Monaco
     got: PrincipautÃ© de Monaco
 ; [cca2=MC].translations.hrv.official
Expected: KneÃ…Â¾evina Monako
     got: KneÅ¾evina Monako
 ; [cca2=MC].translations.hun.official
Expected: MonacÃƒÂ³i HercegsÃƒÂ©g
     got: MonacÃ³i HercegsÃ©g
 ; [cca2=MC].translations.jpn.common
Expected: Ã£Æ’Â¢Ã£Æ’Å Ã£â€šÂ³
     got: ãƒ¢ãƒŠã‚³
 ; [cca2=MC].translations.jpn.official
Expected: Ã£Æ’Â¢Ã£Æ’Å Ã£â€šÂ³Ã¥â€¦Â¬Ã¥â€ºÂ½
     got: ãƒ¢ãƒŠã‚³å…¬å›½
 ; [cca2=MC].translations.kor.common
Expected: Ã«ÂªÂ¨Ã«â€šËœÃ¬Â½â€�
     got: ëª¨ë‚˜ì½”
 ; [cca2=MC].translations.kor.official
Expected: Ã«ÂªÂ¨Ã«â€šËœÃ¬Â½â€� ÃªÂ³ÂµÃªÂµÂ­
     got: ëª¨ë‚˜ì½” ê³µêµ­
 ; [cca2=MC].translations.per.common
Expected: Ã™â€¦Ã™Ë†Ã™â€ Ã˜Â§ÃšÂ©Ã™Ë†
     got: Ù…ÙˆÙ†Ø§Ú©Ùˆ
 ; [cca2=MC].translations.per.official
Expected: Ã˜Â´Ã˜Â§Ã™â€¡Ã˜Â²Ã˜Â§Ã˜Â¯Ã™â€¡Ã¢â‚¬Å’Ã™â€ Ã˜Â´Ã›Å’Ã™â€  Ã™â€¦Ã™Ë†Ã™â€ Ã˜Â§ÃšÂ©Ã™Ë†
     got: Ø´Ø§Ù‡Ø²Ø§Ø¯Ù‡â€ŒÙ†Ø´ÛŒÙ† Ù…ÙˆÙ†Ø§Ú©Ùˆ
 ; [cca2=MC].translations.pol.official
Expected: KsiÃ„â„¢stwo Monako
     got: KsiÄ™stwo Monako
 ; [cca2=MC].translations.por.common
Expected: MÃƒÂ³naco
     got: MÃ³naco
 ; [cca2=MC].translations.por.official
Expected: Principado do MÃƒÂ³naco
     got: Principado do MÃ³naco
 ; [cca2=MC].translations.rus.common
Expected: Ã�Å“Ã�Â¾Ã�Â½Ã�Â°Ã�ÂºÃ�Â¾
     got: ÐœÐ¾Ð½Ð°ÐºÐ¾
 ; [cca2=MC].translations.rus.official
Expected: Ã�Å¡Ã�Â½Ã‘ï¿½Ã�Â¶Ã�ÂµÃ‘ï¿½Ã‘â€šÃ�Â²Ã�Â¾ Ã�Å“Ã�Â¾Ã�Â½Ã�Â°Ã�ÂºÃ�Â¾
     got: ÐšÐ½Ñ�Ð¶ÐµÑ�Ñ‚Ð²Ð¾ ÐœÐ¾Ð½Ð°ÐºÐ¾
 ; [cca2=MC].translations.slk.official
Expected: MonackÃƒÂ© knieÃ…Â¾atstvo
     got: MonackÃ© knieÅ¾atstvo
 ; [cca2=MC].translations.spa.common
Expected: MÃƒÂ³naco
     got: MÃ³naco
 ; [cca2=MC].translations.spa.official
Expected: Principado de MÃƒÂ³naco
     got: Principado de MÃ³naco
 ; [cca2=MC].translations.srp.common
Expected: Ã�Å“Ã�Â¾Ã�Â½Ã�Â°Ã�ÂºÃ�Â¾
     got: ÐœÐ¾Ð½Ð°ÐºÐ¾
 ; [cca2=MC].translations.srp.official
Expected: Ã�Å¡Ã�Â½Ã�ÂµÃ�Â¶Ã�ÂµÃ�Â²Ã�Â¸Ã�Â½Ã�Â° Ã�Å“Ã�Â¾Ã�Â½Ã�Â°Ã�ÂºÃ�Â¾
     got: ÐšÐ½ÐµÐ¶ÐµÐ²Ð¸Ð½Ð° ÐœÐ¾Ð½Ð°ÐºÐ¾
 ; [cca2=MC].translations.swe.official
Expected: FurstendÃƒÂ¶met Monaco
     got: FurstendÃ¶met Monaco
 ; [cca2=MC].translations.tur.official
Expected: Monako PrensliÃ„Å¸i
     got: Monako PrensliÄŸi
 ; [cca2=MC].translations.urd.common
Expected: Ã™â€¦Ã™Ë†Ã™â€ Ã˜Â§ÃšÂ©Ã™Ë†
     got: Ù…ÙˆÙ†Ø§Ú©Ùˆ
 ; [cca2=MC].translations.urd.official
Expected: Ã˜Â¬Ã™â€¦Ã›ï¿½Ã™Ë†Ã˜Â±Ã›Å’Ã›ï¿½ Ã™â€¦Ã™â€ Ã˜Â§ÃšÂ©Ã™Ë†
     got: Ø¬Ù…Û�ÙˆØ±ÛŒÛ� Ù…Ù†Ø§Ú©Ùˆ
 ; [cca2=MC].translations.zho.common
Expected: Ã¦â€˜Â©Ã§ÂºÂ³Ã¥â€œÂ¥
     got: æ‘©çº³å“¥
 ; [cca2=MC].translations.zho.official
Expected: Ã¦â€˜Â©Ã§ÂºÂ³Ã¥â€œÂ¥Ã¥â€¦Â¬Ã¥â€ºÂ½
     got: æ‘©çº³å“¥å…¬å›½
 ; [cca2=MD].capital[]
Expected: ChiÃˆâ„¢inÃ„Æ’u
     but none found
 ; [cca2=MD].capital[]
Unexpected: ChiÈ™inÄƒu
 ; [cca2=MD].flag
Expected: Ã°Å¸â€¡Â²Ã°Å¸â€¡Â©
     got: ðŸ‡²ðŸ‡©
 ; [cca2=MD].translations.ara.common
Expected: Ã™â€¦Ã™Ë†Ã™â€žÃ˜Â¯Ã™Ë†ÃšÂ¤Ã˜Â§
     got: Ù…ÙˆÙ„Ø¯ÙˆÚ¤Ø§
 ; [cca2=MD].translations.ara.official
Expected: Ã˜Â¬Ã™â€¦Ã™â€¡Ã™Ë†Ã˜Â±Ã™Å Ã˜Â© Ã™â€¦Ã™Ë†Ã™â€žÃ˜Â¯Ã™Ë†ÃšÂ¤Ã˜Â§
     got: Ø¬Ù…Ù‡ÙˆØ±ÙŠØ© Ù…ÙˆÙ„Ø¯ÙˆÚ¤Ø§
 ; [cca2=MD].translations.ces.official
Expected: MoldavskÃƒÂ¡ republika
     got: MoldavskÃ¡ republika
 ; [cca2=MD].translations.fra.official
Expected: RÃƒÂ©publique de Moldavie
     got: RÃ©publique de Moldavie
 ; [cca2=MD].translations.hun.official
Expected: Moldovai KÃƒÂ¶ztÃƒÂ¡rsasÃƒÂ¡g
     got: Moldovai KÃ¶ztÃ¡rsasÃ¡g
 ; [cca2=MD].translations.jpn.common
Expected: Ã£Æ’Â¢Ã£Æ’Â«Ã£Æ’â€°Ã£Æ’ï¿½Ã¥â€¦Â±Ã¥â€™Å’Ã¥â€ºÂ½
     got: ãƒ¢ãƒ«ãƒ‰ãƒ�å…±å’Œå›½
 ; [cca2=MD].translations.jpn.official
Expected: Ã£Æ’Â¢Ã£Æ’Â«Ã£Æ’â€°Ã£Æ’ï¿½Ã¥â€¦Â±Ã¥â€™Å’Ã¥â€ºÂ½
     got: ãƒ¢ãƒ«ãƒ‰ãƒ�å…±å’Œå›½
 ; [cca2=MD].translations.kor.common
Expected: Ã«ÂªÂ°Ã«ï¿½â€žÃ«Â°â€�
     got: ëª°ë�„ë°”
 ; [cca2=MD].translations.kor.official
Expected: Ã«ÂªÂ°Ã«ï¿½â€žÃ«Â°â€� ÃªÂ³ÂµÃ­â„¢â€�ÃªÂµÂ­
     got: ëª°ë�„ë°” ê³µí™”êµ­
 ; [cca2=MD].translations.nld.common
Expected: MoldaviÃƒÂ«
     got: MoldaviÃ«
 ; [cca2=MD].translations.nld.official
Expected: Republiek MoldaviÃƒÂ«
     got: Republiek MoldaviÃ«
 ; [cca2=MD].translations.per.common
Expected: Ã™â€¦Ã™Ë†Ã™â€žÃ˜Â¯Ã˜Â§Ã™Ë†Ã›Å’
     got: Ù…ÙˆÙ„Ø¯Ø§ÙˆÛŒ
 ; [cca2=MD].translations.per.official
Expected: Ã˜Â¬Ã™â€¦Ã™â€¡Ã™Ë†Ã˜Â±Ã›Å’ Ã™â€¦Ã™Ë†Ã™â€žÃ˜Â¯Ã˜Â§Ã™Ë†Ã›Å’
     got: Ø¬Ù…Ù‡ÙˆØ±ÛŒ Ù…ÙˆÙ„Ø¯Ø§ÙˆÛŒ
 ; [cca2=MD].translations.pol.common
Expected: MoÃ…â€šdawia
     got: MoÅ‚dawia
 ; [cca2=MD].translations.pol.official
Expected: Republika MoÃ…â€šdawii
     got: Republika MoÅ‚dawii
 ; [cca2=MD].translations.por.common
Expected: MoldÃƒÂ¡via
     got: MoldÃ¡via
 ; [cca2=MD].translations.por.official
Expected: RepÃƒÂºblica da MoldÃƒÂ¡via
     got: RepÃºblica da MoldÃ¡via
 ; [cca2=MD].translations.rus.common
Expected: Ã�Å“Ã�Â¾Ã�Â»Ã�Â´Ã�Â°Ã�Â²Ã�Â¸Ã‘ï¿½
     got: ÐœÐ¾Ð»Ð´Ð°Ð²Ð¸Ñ�
 ; [cca2=MD].translations.rus.official
Expected: Ã�Å“Ã�Â¾Ã�Â»Ã�Â´Ã�Â¾Ã�Â²Ã�Â°
     got: ÐœÐ¾Ð»Ð´Ð¾Ð²Ð°
 ; [cca2=MD].translations.slk.official
Expected: MoldavskÃƒÂ¡ republika
     got: MoldavskÃ¡ republika
 ; [cca2=MD].translations.spa.official
Expected: RepÃƒÂºblica de Moldova
     got: RepÃºblica de Moldova
 ; [cca2=MD].translations.srp.common
Expected: Ã�Å“Ã�Â¾Ã�Â»Ã�Â´Ã�Â°Ã�Â²Ã�Â¸Ã‘ËœÃ�Â°
     got: ÐœÐ¾Ð»Ð´Ð°Ð²Ð¸Ñ˜Ð°
 ; [cca2=MD].translations.srp.official
Expected: Ã�Â Ã�ÂµÃ�Â¿Ã‘Æ’Ã�Â±Ã�Â»Ã�Â¸Ã�ÂºÃ�Â° Ã�Å“Ã�Â¾Ã�Â»Ã�Â´Ã�Â°Ã�Â²Ã�Â¸Ã‘ËœÃ�Â°
     got: Ð ÐµÐ¿ÑƒÐ±Ð»Ð¸ÐºÐ° ÐœÐ¾Ð»Ð´Ð°Ð²Ð¸Ñ˜Ð°
 ; [cca2=MD].translations.urd.common
Expected: Ã™â€¦Ã˜Â§Ã™â€žÃ˜Â¯Ã™Ë†Ã™Ë†Ã˜Â§
     got: Ù…Ø§Ù„Ø¯ÙˆÙˆØ§
 ; [cca2=MD].translations.urd.official
Expected: Ã˜Â¬Ã™â€¦Ã›ï¿½Ã™Ë†Ã˜Â±Ã›Å’Ã›ï¿½ Ã™â€¦Ã˜Â§Ã™â€žÃ˜Â¯Ã™Ë†Ã™Ë†Ã˜Â§
     got: Ø¬Ù…Û�ÙˆØ±ÛŒÛ� Ù…Ø§Ù„Ø¯ÙˆÙˆØ§
 ; [cca2=MD].translations.zho.common
Expected: Ã¦â€˜Â©Ã¥Â°â€�Ã¥Â¤Å¡Ã§â€œÂ¦
     got: æ‘©å°”å¤šç“¦
 ; [cca2=MD].translations.zho.official
Expected: Ã¦â€˜Â©Ã¥Â°â€�Ã¥Â¤Å¡Ã§â€œÂ¦Ã¥â€¦Â±Ã¥â€™Å’Ã¥â€ºÂ½
     got: æ‘©å°”å¤šç“¦å…±å’Œå›½
 ; [cca2=ME].currencies.EUR.symbol
Expected: Ã¢â€šÂ¬
     got: â‚¬
 ; [cca2=ME].demonyms.fra.f
Expected: MontÃƒÂ©nÃƒÂ©grine
     got: MontÃ©nÃ©grine
 ; [cca2=ME].demonyms.fra.m
Expected: MontÃƒÂ©nÃƒÂ©grin
     got: MontÃ©nÃ©grin
 ; [cca2=ME].flag
Expected: Ã°Å¸â€¡Â²Ã°Å¸â€¡Âª
     got: ðŸ‡²ðŸ‡ª
 ; [cca2=ME].name.nativeName.cnr.common
Expected: Ã�Â¦Ã‘â‚¬Ã�Â½Ã�Â° Ã�â€œÃ�Â¾Ã‘â‚¬Ã�Â°
     got: Ð¦Ñ€Ð½Ð° Ð“Ð¾Ñ€Ð°
 ; [cca2=ME].name.nativeName.cnr.official
Expected: Ã�Â¦Ã‘â‚¬Ã�Â½Ã�Â° Ã�â€œÃ�Â¾Ã‘â‚¬Ã�Â°
     got: Ð¦Ñ€Ð½Ð° Ð“Ð¾Ñ€Ð°
 ; [cca2=ME].translations.ara.common
Expected: Ã˜Â§Ã™â€žÃ˜Â¬Ã˜Â¨Ã™â€ž Ã˜Â§Ã™â€žÃ˜Â§Ã˜Â³Ã™Ë†Ã˜Â¯
     got: Ø§Ù„Ø¬Ø¨Ù„ Ø§Ù„Ø§Ø³ÙˆØ¯
 ; [cca2=ME].translations.ara.official
Expected: Ã˜Â§Ã™â€žÃ˜Â¬Ã˜Â¨Ã™â€ž Ã˜Â§Ã™â€žÃ˜Â§Ã˜Â³Ã™Ë†Ã˜Â¯
     got: Ø§Ù„Ø¬Ø¨Ù„ Ø§Ù„Ø§Ø³ÙˆØ¯
 ; [cca2=ME].translations.ces.common
Expected: Ã„Å’ernÃƒÂ¡ Hora
     got: ÄŒernÃ¡ Hora
 ; [cca2=ME].translations.ces.official
Expected: Ã„Å’ernÃƒÂ¡ Hora
     got: ÄŒernÃ¡ Hora
 ; [cca2=ME].translations.fra.common
Expected: MontÃƒÂ©nÃƒÂ©gro
     got: MontÃ©nÃ©gro
 ; [cca2=ME].translations.fra.official
Expected: MontÃƒÂ©nÃƒÂ©gro
     got: MontÃ©nÃ©gro
 ; [cca2=ME].translations.hun.common
Expected: MontenegrÃƒÂ³
     got: MontenegrÃ³
 ; [cca2=ME].translations.hun.official
Expected: MontenegrÃƒÂ³
     got: MontenegrÃ³
 ; [cca2=ME].translations.jpn.common
Expected: Ã£Æ’Â¢Ã£Æ’Â³Ã£Æ’â€ Ã£Æ’ï¿½Ã£â€šÂ°Ã£Æ’Â­
     got: ãƒ¢ãƒ³ãƒ†ãƒ�ã‚°ãƒ­
 ; [cca2=ME].translations.jpn.official
Expected: Ã£Æ’Â¢Ã£Æ’Â³Ã£Æ’â€ Ã£Æ’ï¿½Ã£â€šÂ°Ã£Æ’Â­
     got: ãƒ¢ãƒ³ãƒ†ãƒ�ã‚°ãƒ­
 ; [cca2=ME].translations.kor.common
Expected: Ã«ÂªÂ¬Ã­â€¦Å’Ã«â€žÂ¤ÃªÂ·Â¸Ã«Â¡Å“
     got: ëª¬í…Œë„¤ê·¸ë¡œ
 ; [cca2=ME].translations.kor.official
Expected: Ã«ÂªÂ¬Ã­â€¦Å’Ã«â€žÂ¤ÃªÂ·Â¸Ã«Â¡Å“
     got: ëª¬í…Œë„¤ê·¸ë¡œ
 ; [cca2=ME].translations.per.common
Expected: Ã™â€¦Ã™Ë†Ã™â€ Ã˜ÂªÃ™â€¡Ã¢â‚¬Å’Ã™â€ ÃšÂ¯Ã˜Â±Ã™Ë†
     got: Ù…ÙˆÙ†ØªÙ‡â€ŒÙ†Ú¯Ø±Ùˆ
 ; [cca2=ME].translations.per.official
Expected: Ã™â€¦Ã™Ë†Ã™â€ Ã˜ÂªÃ™â€¡Ã¢â‚¬Å’Ã™â€ ÃšÂ¯Ã˜Â±Ã™Ë†
     got: Ù…ÙˆÙ†ØªÙ‡â€ŒÙ†Ú¯Ø±Ùˆ
 ; [cca2=ME].translations.pol.common
Expected: CzarnogÃƒÂ³ra
     got: CzarnogÃ³ra
 ; [cca2=ME].translations.pol.official
Expected: CzarnogÃƒÂ³ra
     got: CzarnogÃ³ra
 ; [cca2=ME].translations.rus.common
Expected: Ã�Â§Ã�ÂµÃ‘â‚¬Ã�Â½Ã�Â¾Ã�Â³Ã�Â¾Ã‘â‚¬Ã�Â¸Ã‘ï¿½
     got: Ð§ÐµÑ€Ð½Ð¾Ð³Ð¾Ñ€Ð¸Ñ�
 ; [cca2=ME].translations.rus.official
Expected: Ã�Â§Ã�ÂµÃ‘â‚¬Ã�Â½Ã�Â¾Ã�Â³Ã�Â¾Ã‘â‚¬Ã�Â¸Ã‘ï¿½
     got: Ð§ÐµÑ€Ð½Ð¾Ð³Ð¾Ñ€Ð¸Ñ�
 ; [cca2=ME].translations.slk.common
Expected: Ã„Å’ierna Hora
     got: ÄŒierna Hora
 ; [cca2=ME].translations.slk.official
Expected: Ã„Å’ierna Hora
     got: ÄŒierna Hora
 ; [cca2=ME].translations.srp.common
Expected: Ã�Â¦Ã‘â‚¬Ã�Â½Ã�Â° Ã�â€œÃ�Â¾Ã‘â‚¬Ã�Â°
     got: Ð¦Ñ€Ð½Ð° Ð“Ð¾Ñ€Ð°
 ; [cca2=ME].translations.srp.official
Expected: Ã�Â¦Ã‘â‚¬Ã�Â½Ã�Â° Ã�â€œÃ�Â¾Ã‘â‚¬Ã�Â°
     got: Ð¦Ñ€Ð½Ð° Ð“Ð¾Ñ€Ð°
 ; [cca2=ME].translations.tur.common
Expected: KaradaÃ„Å¸
     got: KaradaÄŸ
 ; [cca2=ME].translations.tur.official
Expected: KaradaÃ„Å¸
     got: KaradaÄŸ
 ; [cca2=ME].translations.urd.common
Expected: Ã™â€¦Ã™Ë†Ã™â€ Ã™Â¹Ã›Å’Ã™â€ Ã›Å’ÃšÂ¯Ã˜Â±Ã™Ë†
     got: Ù…ÙˆÙ†Ù¹ÛŒÙ†ÛŒÚ¯Ø±Ùˆ
 ; [cca2=ME].translations.urd.official
Expected: Ã™â€¦Ã™Ë†Ã™â€ Ã™Â¹Ã›Å’Ã™â€ Ã›Å’ÃšÂ¯Ã˜Â±Ã™Ë†
     got: Ù…ÙˆÙ†Ù¹ÛŒÙ†ÛŒÚ¯Ø±Ùˆ
 ; [cca2=ME].translations.zho.common
Expected: Ã©Â»â€˜Ã¥Â±Â±
     got: é»‘å±±
 ; [cca2=ME].translations.zho.official
Expected: Ã©Â»â€˜Ã¥Â±Â±
     got: é»‘å±±
 ; [cca2=MF].altSpellings[]
Expected: CollectivitÃƒÂ© de Saint-Martin
     but none found
 ; [cca2=MF].altSpellings[]
Unexpected: CollectivitÃ© de Saint-Martin
 ; [cca2=MF].currencies.EUR.symbol
Expected: Ã¢â€šÂ¬
     got: â‚¬
 ; [cca2=MF].flag
Expected: Ã°Å¸â€¡Â²Ã°Å¸â€¡Â«
     got: ðŸ‡²ðŸ‡«
 ; [cca2=MF].translations.ara.common
Expected: Ã˜Â³Ã˜Â§Ã™â€ Ã˜Âª Ã™â€¦Ã˜Â§Ã˜Â±Ã˜ÂªÃ™â€ 
     got: Ø³Ø§Ù†Øª Ù…Ø§Ø±ØªÙ†
 ; [cca2=MF].translations.ara.official
Expected: Ã˜Â³Ã˜Â§Ã™â€ Ã˜Âª Ã™â€¦Ã˜Â§Ã˜Â±Ã˜ÂªÃ™â€ 
     got: Ø³Ø§Ù†Øª Ù…Ø§Ø±ØªÙ†
 ; [cca2=MF].translations.ces.common
Expected: SvatÃƒÂ½ Martin (Francie)
     got: SvatÃ½ Martin (Francie)
 ; [cca2=MF].translations.ces.official
Expected: SvatÃƒÂ½ Martin
     got: SvatÃ½ Martin
 ; [cca2=MF].translations.est.official
Expected: Saint-Martini ÃƒÂ¼hendus
     got: Saint-Martini Ã¼hendus
 ; [cca2=MF].translations.hun.official
Expected: Saint-Martin KÃƒÂ¶zÃƒÂ¶ssÃƒÂ©g
     got: Saint-Martin KÃ¶zÃ¶ssÃ©g
 ; [cca2=MF].translations.jpn.common
Expected: Ã£â€šÂµÃ£Æ’Â³Ã£Æ’Â»Ã£Æ’Å¾Ã£Æ’Â«Ã£â€šÂ¿Ã£Æ’Â³Ã¯Â¼Ë†Ã£Æ’â€¢Ã£Æ’Â©Ã£Æ’Â³Ã£â€šÂ¹Ã©Â ËœÃ¯Â¼â€°
     got: ã‚µãƒ³ãƒ»ãƒžãƒ«ã‚¿ãƒ³ï¼ˆãƒ•ãƒ©ãƒ³ã‚¹é ˜ï¼‰
 ; [cca2=MF].translations.jpn.official
Expected: Ã£â€šÂµÃ£Æ’Â³Ã£Æ’Å¾Ã£Æ’Â«Ã£â€šÂ¿Ã£Æ’Â³Ã¥Â³Â¶
     got: ã‚µãƒ³ãƒžãƒ«ã‚¿ãƒ³å³¶
 ; [cca2=MF].translations.kor.common
Expected: Ã¬Æ’ï¿½Ã«Â§Ë†Ã«Â¥Â´Ã­Æ’Â±
     got: ìƒ�ë§ˆë¥´íƒ±
 ; [cca2=MF].translations.kor.official
Expected: Ã¬Æ’ï¿½Ã«Â§Ë†Ã«Â¥Â´Ã­Æ’Â±
     got: ìƒ�ë§ˆë¥´íƒ±
 ; [cca2=MF].translations.per.common
Expected: Ã˜Â³Ã™â€  Ã™â€¦Ã˜Â§Ã˜Â±Ã˜ÂªÃ™â€ 
     got: Ø³Ù† Ù…Ø§Ø±ØªÙ†
 ; [cca2=MF].translations.per.official
Expected: Ã˜Â³Ã™â€  Ã™â€¦Ã˜Â§Ã˜Â±Ã˜ÂªÃ™â€ 
     got: Ø³Ù† Ù…Ø§Ø±ØªÙ†
 ; [cca2=MF].translations.pol.official
Expected: WspÃƒÂ³lnota Saint-Martin
     got: WspÃ³lnota Saint-Martin
 ; [cca2=MF].translations.por.common
Expected: SÃƒÂ£o Martinho
     got: SÃ£o Martinho
 ; [cca2=MF].translations.rus.common
Expected: Ã�Â¡Ã�ÂµÃ�Â½-Ã�Å“Ã�Â°Ã‘â‚¬Ã‘â€šÃ�ÂµÃ�Â½
     got: Ð¡ÐµÐ½-ÐœÐ°Ñ€Ñ‚ÐµÐ½
 ; [cca2=MF].translations.rus.official
Expected: Ã�Â¡Ã�ÂµÃ�Â½-Ã�Å“Ã�Â°Ã‘â‚¬Ã‘â€šÃ�ÂµÃ�Â½
     got: Ð¡ÐµÐ½-ÐœÐ°Ñ€Ñ‚ÐµÐ½
 ; [cca2=MF].translations.srp.common
Expected: Ã�Â¡Ã�Â²Ã�ÂµÃ‘â€šÃ�Â¸ Ã�Å“Ã�Â°Ã‘â‚¬Ã‘â€šÃ�Â¸Ã�Â½
     got: Ð¡Ð²ÐµÑ‚Ð¸ ÐœÐ°Ñ€Ñ‚Ð¸Ð½
 ; [cca2=MF].translations.srp.official
Expected: Ã�Â¡Ã�Â²Ã�ÂµÃ‘â€šÃ�Â¸ Ã�Å“Ã�Â°Ã‘â‚¬Ã‘â€šÃ�Â¸Ã�Â½
     got: Ð¡Ð²ÐµÑ‚Ð¸ ÐœÐ°Ñ€Ñ‚Ð¸Ð½
 ; [cca2=MF].translations.swe.official
Expected: FÃƒÂ¶rvaltningsomrÃƒÂ¥det Saint-Martin
     got: FÃ¶rvaltningsomrÃ¥det Saint-Martin
 ; [cca2=MF].translations.urd.common
Expected: Ã˜Â³Ã›Å’Ã™â€ Ã™Â¹ Ã™â€¦Ã˜Â§Ã˜Â±Ã™Â¹Ã™â€ 
     got: Ø³ÛŒÙ†Ù¹ Ù…Ø§Ø±Ù¹Ù†
 ; [cca2=MF].translations.urd.official
Expected: Ã˜Â³Ã›Å’Ã™â€ Ã™Â¹ Ã™â€¦Ã˜Â§Ã˜Â±Ã™Â¹Ã™â€ 
     got: Ø³ÛŒÙ†Ù¹ Ù…Ø§Ø±Ù¹Ù†
 ; [cca2=MF].translations.zho.common
Expected: Ã¥Å“Â£Ã©Â©Â¬Ã¤Â¸ï¿½
     got: åœ£é©¬ä¸�
 ; [cca2=MF].translations.zho.official
Expected: Ã¥Å“Â£Ã©Â©Â¬Ã¤Â¸ï¿½
     got: åœ£é©¬ä¸�
 ; [cca2=MG].altSpellings[]
Expected: RÃƒÂ©publique de Madagascar
     but none found
 ; [cca2=MG].altSpellings[]
Unexpected: RÃ©publique de Madagascar
 ; [cca2=MG].flag
Expected: Ã°Å¸â€¡Â²Ã°Å¸â€¡Â¬
     got: ðŸ‡²ðŸ‡¬
 ; [cca2=MG].name.nativeName.fra.official
Expected: RÃƒÂ©publique de Madagascar
     got: RÃ©publique de Madagascar
 ; [cca2=MG].translations.ara.common
Expected: Ã™â€¦Ã˜Â¯Ã˜ÂºÃ˜Â´Ã™â€šÃ˜Â±
     got: Ù…Ø¯ØºØ´Ù‚Ø±
 ; [cca2=MG].translations.ara.official
Expected: Ã˜Â¬Ã™â€¦Ã™â€¡Ã™Ë†Ã˜Â±Ã™Å Ã˜Â© Ã™â€¦Ã˜Â¯Ã˜ÂºÃ˜Â´Ã™â€šÃ˜Â±
     got: Ø¬Ù…Ù‡ÙˆØ±ÙŠØ© Ù…Ø¯ØºØ´Ù‚Ø±
 ; [cca2=MG].translations.ces.official
Expected: MadagaskarskÃƒÂ¡ republika
     got: MadagaskarskÃ¡ republika
 ; [cca2=MG].translations.fra.official
Expected: RÃƒÂ©publique de Madagascar
     got: RÃ©publique de Madagascar
 ; [cca2=MG].translations.hun.common
Expected: MadagaszkÃƒÂ¡r
     got: MadagaszkÃ¡r
 ; [cca2=MG].translations.hun.official
Expected: MadagaszkÃƒÂ¡ri KÃƒÂ¶ztÃƒÂ¡rsasÃƒÂ¡g
     got: MadagaszkÃ¡ri KÃ¶ztÃ¡rsasÃ¡g
 ; [cca2=MG].translations.jpn.common
Expected: Ã£Æ’Å¾Ã£Æ’â‚¬Ã£â€šÂ¬Ã£â€šÂ¹Ã£â€šÂ«Ã£Æ’Â«
     got: ãƒžãƒ€ã‚¬ã‚¹ã‚«ãƒ«
 ; [cca2=MG].translations.jpn.official
Expected: Ã£Æ’Å¾Ã£Æ’â‚¬Ã£â€šÂ¬Ã£â€šÂ¹Ã£â€šÂ«Ã£Æ’Â«Ã¥â€¦Â±Ã¥â€™Å’Ã¥â€ºÂ½
     got: ãƒžãƒ€ã‚¬ã‚¹ã‚«ãƒ«å…±å’Œå›½
 ; [cca2=MG].translations.kor.common
Expected: Ã«Â§Ë†Ã«â€¹Â¤ÃªÂ°â‚¬Ã¬Å Â¤Ã¬Â¹Â´Ã«Â¥Â´
     got: ë§ˆë‹¤ê°€ìŠ¤ì¹´ë¥´
 ; [cca2=MG].translations.kor.official
Expected: Ã«Â§Ë†Ã«â€¹Â¤ÃªÂ°â‚¬Ã¬Å Â¤Ã¬Â¹Â´Ã«Â¥Â´ ÃªÂ³ÂµÃ­â„¢â€�ÃªÂµÂ­
     got: ë§ˆë‹¤ê°€ìŠ¤ì¹´ë¥´ ê³µí™”êµ­
 ; [cca2=MG].translations.per.common
Expected: Ã™â€¦Ã˜Â§Ã˜Â¯Ã˜Â§ÃšÂ¯Ã˜Â§Ã˜Â³ÃšÂ©Ã˜Â§Ã˜Â±
     got: Ù…Ø§Ø¯Ø§Ú¯Ø§Ø³Ú©Ø§Ø±
 ; [cca2=MG].translations.per.official
Expected: Ã˜Â¬Ã™â€¦Ã™â€¡Ã™Ë†Ã˜Â±Ã›Å’ Ã™â€¦Ã˜Â§Ã˜Â¯Ã˜Â§ÃšÂ¯Ã˜Â§Ã˜Â³ÃšÂ©Ã˜Â§Ã˜Â±
     got: Ø¬Ù…Ù‡ÙˆØ±ÛŒ Ù…Ø§Ø¯Ø§Ú¯Ø§Ø³Ú©Ø§Ø±
 ; [cca2=MG].translations.por.common
Expected: MadagÃƒÂ¡scar
     got: MadagÃ¡scar
 ; [cca2=MG].translations.por.official
Expected: RepÃƒÂºblica de MadagÃƒÂ¡scar
     got: RepÃºblica de MadagÃ¡scar
 ; [cca2=MG].translations.rus.common
Expected: Ã�Å“Ã�Â°Ã�Â´Ã�Â°Ã�Â³Ã�Â°Ã‘ï¿½Ã�ÂºÃ�Â°Ã‘â‚¬
     got: ÐœÐ°Ð´Ð°Ð³Ð°Ñ�ÐºÐ°Ñ€
 ; [cca2=MG].translations.rus.official
Expected: Ã�Â Ã�ÂµÃ‘ï¿½Ã�Â¿Ã‘Æ’Ã�Â±Ã�Â»Ã�Â¸Ã�ÂºÃ�Â° Ã�Å“Ã�Â°Ã�Â´Ã�Â°Ã�Â³Ã�Â°Ã‘ï¿½Ã�ÂºÃ�Â°Ã‘â‚¬
     got: Ð ÐµÑ�Ð¿ÑƒÐ±Ð»Ð¸ÐºÐ° ÐœÐ°Ð´Ð°Ð³Ð°Ñ�ÐºÐ°Ñ€
 ; [cca2=MG].translations.slk.official
Expected: MadagaskarskÃƒÂ¡ republika
     got: MadagaskarskÃ¡ republika
 ; [cca2=MG].translations.spa.official
Expected: RepÃƒÂºblica de Madagascar
     got: RepÃºblica de Madagascar
 ; [cca2=MG].translations.srp.common
Expected: Ã�Å“Ã�Â°Ã�Â´Ã�Â°Ã�Â³Ã�Â°Ã‘ï¿½Ã�ÂºÃ�Â°Ã‘â‚¬
     got: ÐœÐ°Ð´Ð°Ð³Ð°Ñ�ÐºÐ°Ñ€
 ; [cca2=MG].translations.srp.official
Expected: Ã�Â Ã�ÂµÃ�Â¿Ã‘Æ’Ã�Â±Ã�Â»Ã�Â¸Ã�ÂºÃ�Â° Ã�Å“Ã�Â°Ã�Â´Ã�Â°Ã�Â³Ã�Â°Ã‘ï¿½Ã�ÂºÃ�Â°Ã‘â‚¬
     got: Ð ÐµÐ¿ÑƒÐ±Ð»Ð¸ÐºÐ° ÐœÐ°Ð´Ð°Ð³Ð°Ñ�ÐºÐ°Ñ€
 ; [cca2=MG].translations.urd.common
Expected: Ã™â€¦ÃšË†Ã˜ÂºÃ˜Â§Ã˜Â³ÃšÂ©Ã˜Â±
     got: Ù…ÚˆØºØ§Ø³Ú©Ø±
 ; [cca2=MG].translations.urd.official
Expected: Ã˜Â¬Ã™â€¦Ã›ï¿½Ã™Ë†Ã˜Â±Ã›Å’Ã›ï¿½ Ã™â€¦ÃšË†Ã˜ÂºÃ˜Â§Ã˜Â³ÃšÂ©Ã˜Â±
     got: Ø¬Ù…Û�ÙˆØ±ÛŒÛ� Ù…ÚˆØºØ§Ø³Ú©Ø±
 ; [cca2=MG].translations.zho.common
Expected: Ã©Â©Â¬Ã¨Â¾Â¾Ã¥Å Â Ã¦â€“Â¯Ã¥Å Â 
     got: é©¬è¾¾åŠ æ–¯åŠ 
 ; [cca2=MG].translations.zho.official
Expected: Ã©Â©Â¬Ã¨Â¾Â¾Ã¥Å Â Ã¦â€“Â¯Ã¥Å Â Ã¥â€¦Â±Ã¥â€™Å’Ã¥â€ºÂ½
     got: é©¬è¾¾åŠ æ–¯åŠ å…±å’Œå›½
 ; [cca2=MH].altSpellings[]
Expected: AolepÃ„ï¿½n AorÃ…ï¿½kin MÃŒÂ§ajeÃ„Â¼
     but none found
 ; [cca2=MH].altSpellings[]
Unexpected: AolepÄ�n AorÅ�kin MÌ§ajeÄ¼
 ; [cca2=MH].flag
Expected: Ã°Å¸â€¡Â²Ã°Å¸â€¡Â­
     got: ðŸ‡²ðŸ‡­
 ; [cca2=MH].flags.alt
Expected: The flag of Marshall Islands has a blue field with two broadening adjacent diagonal bands of orange and white that extend from the lower hoist-side corner to the upper fly-side corner of the field. A large white star with twenty-four rays Ã¢â‚¬â€� four large rays at the cardinal points and twenty smaller rays Ã¢â‚¬â€� is situated in the upper hoist-side corner above the diagonal bands.
     got: The flag of Marshall Islands has a blue field with two broadening adjacent diagonal bands of orange and white that extend from the lower hoist-side corner to the upper fly-side corner of the field. A large white star with twenty-four rays â€” four large rays at the cardinal points and twenty smaller rays â€” is situated in the upper hoist-side corner above the diagonal bands.
 ; [cca2=MH].name.nativeName.mah.common
Expected: MÃŒÂ§ajeÃ„Â¼
     got: MÌ§ajeÄ¼
 ; [cca2=MH].translations.ara.common
Expected: Ã˜Â¬Ã˜Â²Ã˜Â± Ã™â€¦Ã˜Â§Ã˜Â±Ã˜Â´Ã˜Â§Ã™â€ž
     got: Ø¬Ø²Ø± Ù…Ø§Ø±Ø´Ø§Ù„
 ; [cca2=MH].translations.ara.official
Expected: Ã˜Â¬Ã™â€¦Ã™â€¡Ã™Ë†Ã˜Â±Ã™Å Ã˜Â© Ã˜Â¬Ã˜Â²Ã˜Â± Ã™â€¦Ã˜Â§Ã˜Â±Ã˜Â´Ã˜Â§Ã™â€ž
     got: Ø¬Ù…Ù‡ÙˆØ±ÙŠØ© Ø¬Ø²Ø± Ù…Ø§Ø±Ø´Ø§Ù„
 ; [cca2=MH].translations.fra.common
Expected: ÃƒÅ½les Marshall
     got: ÃŽles Marshall
 ; [cca2=MH].translations.fra.official
Expected: RÃƒÂ©publique des ÃƒÅ½les Marshall
     got: RÃ©publique des ÃŽles Marshall
 ; [cca2=MH].translations.hrv.common
Expected: MarÃ…Â¡alovi Otoci
     got: MarÅ¡alovi Otoci
 ; [cca2=MH].translations.hrv.official
Expected: Republika MarÃ…Â¡alovi Otoci
     got: Republika MarÅ¡alovi Otoci
 ; [cca2=MH].translations.jpn.common
Expected: Ã£Æ’Å¾Ã£Æ’Â¼Ã£â€šÂ·Ã£Æ’Â£Ã£Æ’Â«Ã¨Â«Â¸Ã¥Â³Â¶
     got: ãƒžãƒ¼ã‚·ãƒ£ãƒ«è«¸å³¶
 ; [cca2=MH].translations.jpn.official
Expected: Ã£Æ’Å¾Ã£Æ’Â¼Ã£â€šÂ·Ã£Æ’Â£Ã£Æ’Â«Ã¨Â«Â¸Ã¥Â³Â¶Ã¥â€¦Â±Ã¥â€™Å’Ã¥â€ºÂ½
     got: ãƒžãƒ¼ã‚·ãƒ£ãƒ«è«¸å³¶å…±å’Œå›½
 ; [cca2=MH].translations.kor.common
Expected: Ã«Â§Ë†Ã¬â€¦Å“ Ã¬Â Å“Ã«ï¿½â€ž
     got: ë§ˆì…œ ì œë�„
 ; [cca2=MH].translations.kor.official
Expected: Ã«Â§Ë†Ã¬â€¦Å“ Ã¬Â Å“Ã«ï¿½â€ž ÃªÂ³ÂµÃ­â„¢â€�ÃªÂµÂ­
     got: ë§ˆì…œ ì œë�„ ê³µí™”êµ­
 ; [cca2=MH].translations.per.common
Expected: Ã˜Â¬Ã˜Â²Ã˜Â§Ã›Å’Ã˜Â± Ã™â€¦Ã˜Â§Ã˜Â±Ã˜Â´Ã˜Â§Ã™â€ž
     got: Ø¬Ø²Ø§ÛŒØ± Ù…Ø§Ø±Ø´Ø§Ù„
 ; [cca2=MH].translations.per.official
Expected: Ã˜Â¬Ã™â€¦Ã™â€¡Ã™Ë†Ã˜Â±Ã›Å’ Ã˜Â¬Ã˜Â²Ã˜Â§Ã›Å’Ã˜Â± Ã™â€¦Ã˜Â§Ã˜Â±Ã˜Â´Ã˜Â§Ã™â€ž
     got: Ø¬Ù…Ù‡ÙˆØ±ÛŒ Ø¬Ø²Ø§ÛŒØ± Ù…Ø§Ø±Ø´Ø§Ù„
 ; [cca2=MH].translations.por.official
Expected: RepÃƒÂºblica das Ilhas Marshall
     got: RepÃºblica das Ilhas Marshall
 ; [cca2=MH].translations.rus.common
Expected: Ã�Å“Ã�Â°Ã‘â‚¬Ã‘Ë†Ã�Â°Ã�Â»Ã�Â»Ã�Â¾Ã�Â²Ã‘â€¹ Ã�Å¾Ã‘ï¿½Ã‘â€šÃ‘â‚¬Ã�Â¾Ã�Â²Ã�Â°
     got: ÐœÐ°Ñ€ÑˆÐ°Ð»Ð»Ð¾Ð²Ñ‹ ÐžÑ�Ñ‚Ñ€Ð¾Ð²Ð°
 ; [cca2=MH].translations.rus.official
Expected: Ã�Â Ã�ÂµÃ‘ï¿½Ã�Â¿Ã‘Æ’Ã�Â±Ã�Â»Ã�Â¸Ã�ÂºÃ�Â° Ã�Å“Ã�Â°Ã‘â‚¬Ã‘Ë†Ã�Â°Ã�Â»Ã�Â»Ã�Â¾Ã�Â²Ã‘â€¹ Ã�Â¾Ã‘ï¿½Ã‘â€šÃ‘â‚¬Ã�Â¾Ã�Â²Ã�Â°
     got: Ð ÐµÑ�Ð¿ÑƒÐ±Ð»Ð¸ÐºÐ° ÐœÐ°Ñ€ÑˆÐ°Ð»Ð»Ð¾Ð²Ñ‹ Ð¾Ñ�Ñ‚Ñ€Ð¾Ð²Ð°
 ; [cca2=MH].translations.slk.official
Expected: Republika MarshallovÃƒÂ½ch ostrovov
     got: Republika MarshallovÃ½ch ostrovov
 ; [cca2=MH].translations.spa.official
Expected: RepÃƒÂºblica de las Islas Marshall
     got: RepÃºblica de las Islas Marshall
 ; [cca2=MH].translations.srp.common
Expected: Ã�Å“Ã�Â°Ã‘â‚¬Ã‘Ë†Ã�Â°Ã�Â»Ã‘ï¿½Ã�ÂºÃ�Â° Ã�Å¾Ã‘ï¿½Ã‘â€šÃ‘â‚¬Ã�Â²Ã�Â°
     got: ÐœÐ°Ñ€ÑˆÐ°Ð»Ñ�ÐºÐ° ÐžÑ�Ñ‚Ñ€Ð²Ð°
 ; [cca2=MH].translations.srp.official
Expected: Ã�Â Ã�ÂµÃ�Â¿Ã‘Æ’Ã�Â±Ã�Â»Ã�Â¸Ã�ÂºÃ�Â° Ã�Å“Ã�Â°Ã‘â‚¬Ã‘Ë†Ã�Â°Ã�Â»Ã‘ï¿½Ã�ÂºÃ�Â° Ã�Å¾Ã‘ï¿½Ã‘â€šÃ‘â‚¬Ã�Â²Ã�Â°
     got: Ð ÐµÐ¿ÑƒÐ±Ð»Ð¸ÐºÐ° ÐœÐ°Ñ€ÑˆÐ°Ð»Ñ�ÐºÐ° ÐžÑ�Ñ‚Ñ€Ð²Ð°
 ; [cca2=MH].translations.swe.common
Expected: MarshallÃƒÂ¶arna
     got: MarshallÃ¶arna
 ; [cca2=MH].translations.swe.official
Expected: Republiken MarshallÃƒÂ¶arna
     got: Republiken MarshallÃ¶arna
 ; [cca2=MH].translations.tur.common
Expected: Marshall AdalarÃ„Â±
     got: Marshall AdalarÄ±
 ; [cca2=MH].translations.tur.official
Expected: Marshall AdalarÃ„Â± Cumhuriyeti
     got: Marshall AdalarÄ± Cumhuriyeti
 ; [cca2=MH].translations.urd.common
Expected: Ã˜Â¬Ã˜Â²Ã˜Â§Ã˜Â¦Ã˜Â± Ã™â€¦Ã˜Â§Ã˜Â±Ã˜Â´Ã™â€ž
     got: Ø¬Ø²Ø§Ø¦Ø± Ù…Ø§Ø±Ø´Ù„
 ; [cca2=MH].translations.urd.official
Expected: Ã˜Â¬Ã™â€¦Ã›ï¿½Ã™Ë†Ã˜Â±Ã›Å’Ã›ï¿½ Ã˜Â¬Ã˜Â²Ã˜Â§Ã˜Â¦Ã˜Â± Ã™â€¦Ã˜Â§Ã˜Â±Ã˜Â´Ã™â€ž
     got: Ø¬Ù…Û�ÙˆØ±ÛŒÛ� Ø¬Ø²Ø§Ø¦Ø± Ù…Ø§Ø±Ø´Ù„
 ; [cca2=MH].translations.zho.common
Expected: Ã©Â©Â¬Ã§Â»ï¿½Ã¥Â°â€�Ã§Â¾Â¤Ã¥Â²â€º
     got: é©¬ç»�å°”ç¾¤å²›
 ; [cca2=MH].translations.zho.official
Expected: Ã©Â©Â¬Ã§Â»ï¿½Ã¥Â°â€�Ã§Â¾Â¤Ã¥Â²â€ºÃ¥â€¦Â±Ã¥â€™Å’Ã¥â€ºÂ½
     got: é©¬ç»�å°”ç¾¤å²›å…±å’Œå›½
 ; [cca2=MK].altSpellings[]
Expected: Ã�Â Ã�ÂµÃ�Â¿Ã‘Æ’Ã�Â±Ã�Â»Ã�Â¸Ã�ÂºÃ�Â° Ã�Â¡Ã�ÂµÃ�Â²Ã�ÂµÃ‘â‚¬Ã�Â½Ã�Â° Ã�Å“Ã�Â°Ã�ÂºÃ�ÂµÃ�Â´Ã�Â¾Ã�Â½Ã�Â¸Ã‘ËœÃ�Â°
     but none found
 ; [cca2=MK].altSpellings[]
Unexpected: Ð ÐµÐ¿ÑƒÐ±Ð»Ð¸ÐºÐ° Ð¡ÐµÐ²ÐµÑ€Ð½Ð° ÐœÐ°ÐºÐµÐ´Ð¾Ð½Ð¸Ñ˜Ð°
 ; [cca2=MK].demonyms.fra.f
Expected: MacÃƒÂ©donienne
     got: MacÃ©donienne
 ; [cca2=MK].demonyms.fra.m
Expected: MacÃƒÂ©donien
     got: MacÃ©donien
 ; [cca2=MK].flag
Expected: Ã°Å¸â€¡Â²Ã°Å¸â€¡Â°
     got: ðŸ‡²ðŸ‡°
 ; [cca2=MK].name.nativeName.mkd.common
Expected: Ã�Å“Ã�Â°Ã�ÂºÃ�ÂµÃ�Â´Ã�Â¾Ã�Â½Ã�Â¸Ã‘ËœÃ�Â°
     got: ÐœÐ°ÐºÐµÐ´Ð¾Ð½Ð¸Ñ˜Ð°
 ; [cca2=MK].name.nativeName.mkd.official
Expected: Ã�Â Ã�ÂµÃ�Â¿Ã‘Æ’Ã�Â±Ã�Â»Ã�Â¸Ã�ÂºÃ�Â° Ã�Â¡Ã�ÂµÃ�Â²Ã�ÂµÃ‘â‚¬Ã�Â½Ã�Â° Ã�Å“Ã�Â°Ã�ÂºÃ�ÂµÃ�Â´Ã�Â¾Ã�Â½Ã�Â¸Ã‘ËœÃ�Â°
     got: Ð ÐµÐ¿ÑƒÐ±Ð»Ð¸ÐºÐ° Ð¡ÐµÐ²ÐµÑ€Ð½Ð° ÐœÐ°ÐºÐµÐ´Ð¾Ð½Ð¸Ñ˜Ð°
 ; [cca2=MK].translations.ara.common
Expected: Ã˜Â´Ã™â€¦Ã˜Â§Ã™â€ž Ã™â€¦Ã™â€šÃ˜Â¯Ã™Ë†Ã™â€ Ã™Å Ã˜Â§
     got: Ø´Ù…Ø§Ù„ Ù…Ù‚Ø¯ÙˆÙ†ÙŠØ§
 ; [cca2=MK].translations.ara.official
Expected: Ã˜Â¬Ã™â€¦Ã™â€¡Ã™Ë†Ã˜Â±Ã™Å Ã˜Â© Ã˜Â´Ã™â€¦Ã˜Â§Ã™â€ž Ã™â€¦Ã™â€šÃ˜Â¯Ã™Ë†Ã™â€ Ã™Å Ã˜Â§
     got: Ø¬Ù…Ù‡ÙˆØ±ÙŠØ© Ø´Ù…Ø§Ù„ Ù…Ù‚Ø¯ÙˆÙ†ÙŠØ§
 ; [cca2=MK].translations.ces.common
Expected: SevernÃƒÂ­ Makedonie
     got: SevernÃ­ Makedonie
 ; [cca2=MK].translations.ces.official
Expected: Republika SevernÃƒÂ­ Makedonie
     got: Republika SevernÃ­ Makedonie
 ; [cca2=MK].translations.est.common
Expected: PÃƒÂµhja-Makedoonia
     got: PÃµhja-Makedoonia
 ; [cca2=MK].translations.est.official
Expected: PÃƒÂµhja-Makedoonia Vabariik
     got: PÃµhja-Makedoonia Vabariik
 ; [cca2=MK].translations.fra.common
Expected: MacÃƒÂ©doine du Nord
     got: MacÃ©doine du Nord
 ; [cca2=MK].translations.fra.official
Expected: RÃƒÂ©publique de MacÃƒÂ©doine du Nord
     got: RÃ©publique de MacÃ©doine du Nord
 ; [cca2=MK].translations.hun.common
Expected: Ãƒâ€°szak-MacedÃƒÂ³nia
     got: Ã‰szak-MacedÃ³nia
 ; [cca2=MK].translations.hun.official
Expected: Ãƒâ€°szak-macedÃƒÂ³n KÃƒÂ¶ztÃƒÂ¡rsasÃƒÂ¡g
     got: Ã‰szak-macedÃ³n KÃ¶ztÃ¡rsasÃ¡g
 ; [cca2=MK].translations.jpn.common
Expected: Ã¥Å’â€”Ã£Æ’Å¾Ã£â€šÂ±Ã£Æ’â€°Ã£Æ’â€¹Ã£â€šÂ¢ 
     got: åŒ—ãƒžã‚±ãƒ‰ãƒ‹ã‚¢ 
 ; [cca2=MK].translations.jpn.official
Expected: Ã¥Å’â€”Ã£Æ’Å¾Ã£â€šÂ±Ã£Æ’â€°Ã£Æ’â€¹Ã£â€šÂ¢Ã¥â€¦Â±Ã¥â€™Å’Ã¥â€ºÂ½
     got: åŒ—ãƒžã‚±ãƒ‰ãƒ‹ã‚¢å…±å’Œå›½
 ; [cca2=MK].translations.kor.common
Expected: Ã«Â¶ï¿½Ã«Â§Ë†Ã¬Â¼â‚¬Ã«ï¿½â€žÃ«â€¹Ë†Ã¬â€¢â€ž
     got: ë¶�ë§ˆì¼€ë�„ë‹ˆì•„
 ; [cca2=MK].translations.kor.official
Expected: Ã«Â¶ï¿½Ã«Â§Ë†Ã¬Â¼â‚¬Ã«ï¿½â€žÃ«â€¹Ë†Ã¬â€¢â€ž ÃªÂ³ÂµÃ­â„¢â€�ÃªÂµÂ­
     got: ë¶�ë§ˆì¼€ë�„ë‹ˆì•„ ê³µí™”êµ­
 ; [cca2=MK].translations.nld.common
Expected: Noord-MacedoniÃƒÂ«
     got: Noord-MacedoniÃ«
 ; [cca2=MK].translations.nld.official
Expected: Republiek Noord-MacedoniÃƒÂ«
     got: Republiek Noord-MacedoniÃ«
 ; [cca2=MK].translations.per.common
Expected: Ã™â€¦Ã™â€šÃ˜Â¯Ã™Ë†Ã™â€ Ã›Å’Ã™â€¡ Ã˜Â´Ã™â€¦Ã˜Â§Ã™â€žÃ›Å’
     got: Ù…Ù‚Ø¯ÙˆÙ†ÛŒÙ‡ Ø´Ù…Ø§Ù„ÛŒ
 ; [cca2=MK].translations.per.official
Expected: Ã˜Â¬Ã™â€¦Ã™â€¡Ã™Ë†Ã˜Â±Ã›Å’ Ã™â€¦Ã™â€šÃ˜Â¯Ã™Ë†Ã™â€ Ã›Å’Ã™â€¡ Ã˜Â´Ã™â€¦Ã˜Â§Ã™â€žÃ›Å’
     got: Ø¬Ù…Ù‡ÙˆØ±ÛŒ Ù…Ù‚Ø¯ÙˆÙ†ÛŒÙ‡ Ø´Ù…Ø§Ù„ÛŒ
 ; [cca2=MK].translations.pol.common
Expected: Macedonia PÃƒÂ³Ã…â€šnocna
     got: Macedonia PÃ³Å‚nocna
 ; [cca2=MK].translations.pol.official
Expected: Republika Macedonii PÃƒÂ³Ã…â€šnocnej
     got: Republika Macedonii PÃ³Å‚nocnej
 ; [cca2=MK].translations.por.common
Expected: MacedÃƒÂ³nia do Norte
     got: MacedÃ³nia do Norte
 ; [cca2=MK].translations.por.official
Expected: RepÃƒÂºblica da MacedÃƒÂ´nia do Norte
     got: RepÃºblica da MacedÃ´nia do Norte
 ; [cca2=MK].translations.rus.common
Expected: Ã�Â¡Ã�ÂµÃ�Â²Ã�ÂµÃ‘â‚¬Ã�Â½Ã�Â°Ã‘ï¿½ Ã�Å“Ã�Â°Ã�ÂºÃ�ÂµÃ�Â´Ã�Â¾Ã�Â½Ã�Â¸Ã‘ï¿½
     got: Ð¡ÐµÐ²ÐµÑ€Ð½Ð°Ñ� ÐœÐ°ÐºÐµÐ´Ð¾Ð½Ð¸Ñ�
 ; [cca2=MK].translations.rus.official
Expected: Ã�Â Ã�ÂµÃ‘ï¿½Ã�Â¿Ã‘Æ’Ã�Â±Ã�Â»Ã�Â¸Ã�ÂºÃ�Â° Ã�Â¡Ã�ÂµÃ�Â²Ã�ÂµÃ‘â‚¬Ã�Â½Ã�Â°Ã‘ï¿½ Ã�Å“Ã�Â°Ã�ÂºÃ�ÂµÃ�Â´Ã�Â¾Ã�Â½Ã�Â¸Ã‘ï¿½
     got: Ð ÐµÑ�Ð¿ÑƒÐ±Ð»Ð¸ÐºÐ° Ð¡ÐµÐ²ÐµÑ€Ð½Ð°Ñ� ÐœÐ°ÐºÐµÐ´Ð¾Ð½Ð¸Ñ�
 ; [cca2=MK].translations.slk.common
Expected: SevernÃƒÂ© MacedÃƒÂ³nsko
     got: SevernÃ© MacedÃ³nsko
 ; [cca2=MK].translations.slk.official
Expected: SeveromacedÃƒÂ³nska republika
     got: SeveromacedÃ³nska republika
 ; [cca2=MK].translations.spa.official
Expected: RepÃƒÂºblica de Macedonia del Norte
     got: RepÃºblica de Macedonia del Norte
 ; [cca2=MK].translations.srp.common
Expected: Ã�Â¡Ã�ÂµÃ�Â²Ã�ÂµÃ‘â‚¬Ã�Â½Ã�Â° Ã�Å“Ã�Â°Ã�ÂºÃ�ÂµÃ�Â´Ã�Â¾Ã�Â½Ã�Â¸Ã‘ËœÃ�Â°
     got: Ð¡ÐµÐ²ÐµÑ€Ð½Ð° ÐœÐ°ÐºÐµÐ´Ð¾Ð½Ð¸Ñ˜Ð°
 ; [cca2=MK].translations.srp.official
Expected: Ã�Â Ã�ÂµÃ�Â¿Ã‘Æ’Ã�Â±Ã�Â»Ã�Â¸Ã�ÂºÃ�Â° Ã�Â¡Ã�ÂµÃ�Â²Ã�ÂµÃ‘â‚¬Ã�Â½Ã�Â° Ã�Å“Ã�Â°Ã�ÂºÃ�ÂµÃ�Â´Ã�Â¾Ã�Â½Ã�Â¸Ã‘ËœÃ�Â°
     got: Ð ÐµÐ¿ÑƒÐ±Ð»Ð¸ÐºÐ° Ð¡ÐµÐ²ÐµÑ€Ð½Ð° ÐœÐ°ÐºÐµÐ´Ð¾Ð½Ð¸Ñ˜Ð°
 ; [cca2=MK].translations.urd.common
Expected: Ã˜Â´Ã™â€¦Ã˜Â§Ã™â€žÃ›Å’ Ã™â€¦Ã™â€šÃ˜Â¯Ã™Ë†Ã™â€ Ã›Å’Ã›ï¿½
     got: Ø´Ù…Ø§Ù„ÛŒ Ù…Ù‚Ø¯ÙˆÙ†ÛŒÛ�
 ; [cca2=MK].translations.urd.official
Expected: Ã˜Â¬Ã™â€¦Ã›ï¿½Ã™Ë†Ã˜Â±Ã›Å’Ã›ï¿½ Ã™â€¦Ã™â€šÃ˜Â¯Ã™Ë†Ã™â€ Ã›Å’Ã›ï¿½
     got: Ø¬Ù…Û�ÙˆØ±ÛŒÛ� Ù…Ù‚Ø¯ÙˆÙ†ÛŒÛ�
 ; [cca2=MK].translations.zho.common
Expected: Ã¥Å’â€”Ã©Â¦Â¬Ã¥â€¦Â¶Ã©Â â€œ
     got: åŒ—é¦¬å…¶é “
 ; [cca2=MK].translations.zho.official
Expected: Ã¥Å’â€”Ã©Â¦Â¬Ã¥â€¦Â¶Ã©Â â€œÃ¥â€¦Â±Ã¥â€™Å’Ã¥Å“â€¹
     got: åŒ—é¦¬å…¶é “å…±å’Œåœ‹
 ; [cca2=ML].altSpellings[]
Expected: RÃƒÂ©publique du Mali
     but none found
 ; [cca2=ML].altSpellings[]
Unexpected: RÃ©publique du Mali
 ; [cca2=ML].flag
Expected: Ã°Å¸â€¡Â²Ã°Å¸â€¡Â±
     got: ðŸ‡²ðŸ‡±
 ; [cca2=ML].name.nativeName.fra.official
Expected: RÃƒÂ©publique du Mali
     got: RÃ©publique du Mali
 ; [cca2=ML].translations.ara.common
Expected: Ã™â€¦Ã˜Â§Ã™â€žÃ™Å 
     got: Ù…Ø§Ù„ÙŠ
 ; [cca2=ML].translations.ara.official
Expected: Ã˜Â¬Ã™â€¦Ã™â€¡Ã™Ë†Ã˜Â±Ã™Å Ã˜Â© Ã™â€¦Ã˜Â§Ã™â€žÃ™Å 
     got: Ø¬Ù…Ù‡ÙˆØ±ÙŠØ© Ù…Ø§Ù„ÙŠ
 ; [cca2=ML].translations.fra.official
Expected: RÃƒÂ©publique du Mali
     got: RÃ©publique du Mali
 ; [cca2=ML].translations.hun.official
Expected: Mali KÃƒÂ¶ztÃƒÂ¡rsasÃƒÂ¡g
     got: Mali KÃ¶ztÃ¡rsasÃ¡g
 ; [cca2=ML].translations.jpn.common
Expected: Ã£Æ’Å¾Ã£Æ’Âª
     got: ãƒžãƒª
 ; [cca2=ML].translations.jpn.official
Expected: Ã£Æ’Å¾Ã£Æ’ÂªÃ¥â€¦Â±Ã¥â€™Å’Ã¥â€ºÂ½
     got: ãƒžãƒªå…±å’Œå›½
 ; [cca2=ML].translations.kor.common
Expected: Ã«Â§ï¿½Ã«Â¦Â¬
     got: ë§�ë¦¬
 ; [cca2=ML].translations.kor.official
Expected: Ã«Â§ï¿½Ã«Â¦Â¬ ÃªÂ³ÂµÃ­â„¢â€�ÃªÂµÂ­
     got: ë§�ë¦¬ ê³µí™”êµ­
 ; [cca2=ML].translations.per.common
Expected: Ã™â€¦Ã˜Â§Ã™â€žÃ›Å’
     got: Ù…Ø§Ù„ÛŒ
 ; [cca2=ML].translations.per.official
Expected: Ã˜Â¬Ã™â€¦Ã™â€¡Ã™Ë†Ã˜Â±Ã›Å’ Ã™â€¦Ã˜Â§Ã™â€žÃ›Å’
     got: Ø¬Ù…Ù‡ÙˆØ±ÛŒ Ù…Ø§Ù„ÛŒ
 ; [cca2=ML].translations.por.official
Expected: RepÃƒÂºblica do Mali
     got: RepÃºblica do Mali
 ; [cca2=ML].translations.rus.common
Expected: Ã�Å“Ã�Â°Ã�Â»Ã�Â¸
     got: ÐœÐ°Ð»Ð¸
 ; [cca2=ML].translations.rus.official
Expected: Ã�Â Ã�ÂµÃ‘ï¿½Ã�Â¿Ã‘Æ’Ã�Â±Ã�Â»Ã�Â¸Ã�ÂºÃ�Â° Ã�Å“Ã�Â°Ã�Â»Ã�Â¸
     got: Ð ÐµÑ�Ð¿ÑƒÐ±Ð»Ð¸ÐºÐ° ÐœÐ°Ð»Ð¸
 ; [cca2=ML].translations.slk.official
Expected: MalijskÃƒÂ¡ republika
     got: MalijskÃ¡ republika
 ; [cca2=ML].translations.spa.official
Expected: RepÃƒÂºblica de MalÃƒÂ­
     got: RepÃºblica de MalÃ­
 ; [cca2=ML].translations.srp.common
Expected: Ã�Å“Ã�Â°Ã�Â»Ã�Â¸
     got: ÐœÐ°Ð»Ð¸
 ; [cca2=ML].translations.srp.official
Expected: Ã�Â Ã�ÂµÃ�Â¿Ã‘Æ’Ã�Â±Ã�Â»Ã�Â¸Ã�ÂºÃ�Â° Ã�Å“Ã�Â°Ã�Â»Ã�Â¸
     got: Ð ÐµÐ¿ÑƒÐ±Ð»Ð¸ÐºÐ° ÐœÐ°Ð»Ð¸
 ; [cca2=ML].translations.urd.common
Expected: Ã™â€¦Ã˜Â§Ã™â€žÃ›Å’
     got: Ù…Ø§Ù„ÛŒ
 ; [cca2=ML].translations.urd.official
Expected: Ã˜Â¬Ã™â€¦Ã›ï¿½Ã™Ë†Ã˜Â±Ã›Å’Ã›ï¿½ Ã™â€¦Ã˜Â§Ã™â€žÃ›Å’
     got: Ø¬Ù…Û�ÙˆØ±ÛŒÛ� Ù…Ø§Ù„ÛŒ
 ; [cca2=ML].translations.zho.common
Expected: Ã©Â©Â¬Ã©â€¡Å’
     got: é©¬é‡Œ
 ; [cca2=ML].translations.zho.official
Expected: Ã©Â©Â¬Ã©â€¡Å’Ã¥â€¦Â±Ã¥â€™Å’Ã¥â€ºÂ½
     got: é©¬é‡Œå…±å’Œå›½
 ; [cca2=MM].altSpellings[]
Expected: Pyidaunzu ThanmÃ„Æ’da MyÃ„Æ’ma Nainngandaw
     but none found
 ; [cca2=MM].altSpellings[]
Unexpected: Pyidaunzu ThanmÄƒda MyÄƒma Nainngandaw
 ; [cca2=MM].flag
Expected: Ã°Å¸â€¡Â²Ã°Å¸â€¡Â²
     got: ðŸ‡²ðŸ‡²
 ; [cca2=MM].name.nativeName.mya.common
Expected: Ã¡â‚¬â„¢Ã¡â‚¬Â¼Ã¡â‚¬â€�Ã¡â‚¬ÂºÃ¡â‚¬â„¢Ã¡â‚¬Â¬
     got: á€™á€¼á€”á€ºá€™á€¬
 ; [cca2=MM].name.nativeName.mya.official
Expected: Ã¡â‚¬â€¢Ã¡â‚¬Â¼Ã¡â‚¬Å Ã¡â‚¬ÂºÃ¡â‚¬â€˜Ã¡â‚¬Â±Ã¡â‚¬Â¬Ã¡â‚¬â€žÃ¡â‚¬ÂºÃ¡â‚¬â€¦Ã¡â‚¬Â¯ Ã¡â‚¬Å¾Ã¡â‚¬â„¢Ã¡â‚¬Â¹Ã¡â‚¬â„¢Ã¡â‚¬ï¿½ Ã¡â‚¬â„¢Ã¡â‚¬Â¼Ã¡â‚¬â€�Ã¡â‚¬ÂºÃ¡â‚¬â„¢Ã¡â‚¬Â¬Ã¡â‚¬â€�Ã¡â‚¬Â­Ã¡â‚¬Â¯Ã¡â‚¬â€žÃ¡â‚¬ÂºÃ¡â‚¬â€žÃ¡â‚¬Â¶Ã¡â‚¬ï¿½Ã¡â‚¬Â±Ã¡â‚¬Â¬Ã¡â‚¬Âº
     got: á€•á€¼á€Šá€ºá€‘á€±á€¬á€„á€ºá€…á€¯ á€žá€™á€¹á€™á€� á€™á€¼á€”á€ºá€™á€¬á€”á€­á€¯á€„á€ºá€„á€¶á€�á€±á€¬á€º
 ; [cca2=MM].translations.ara.common
Expected: Ã™â€¦Ã™Å Ã˜Â§Ã™â€ Ã™â€¦Ã˜Â§Ã˜Â±
     got: Ù…ÙŠØ§Ù†Ù…Ø§Ø±
 ; [cca2=MM].translations.ara.official
Expected: Ã˜Â¬Ã™â€¦Ã™â€¡Ã™Ë†Ã˜Â±Ã™Å Ã˜Â© Ã˜Â§Ã˜ÂªÃ˜Â­Ã˜Â§Ã˜Â¯ Ã™â€¦Ã™Å Ã˜Â§Ã™â€ Ã™â€¦Ã˜Â§Ã˜Â±
     got: Ø¬Ù…Ù‡ÙˆØ±ÙŠØ© Ø§ØªØ­Ø§Ø¯ Ù…ÙŠØ§Ù†Ù…Ø§Ø±
 ; [cca2=MM].translations.ces.official
Expected: Republika MyanmarskÃƒÂ½ svaz
     got: Republika MyanmarskÃ½ svaz
 ; [cca2=MM].translations.fra.official
Expected: RÃƒÂ©publique de l&apos;Union du Myanmar
     got: RÃ©publique de l&apos;Union du Myanmar
 ; [cca2=MM].translations.hun.official
Expected: Mianmari Ãƒï¿½llamszÃƒÂ¶vetsÃƒÂ©g KÃƒÂ¶ztÃƒÂ¡rsasÃƒÂ¡ga
     got: Mianmari Ã�llamszÃ¶vetsÃ©g KÃ¶ztÃ¡rsasÃ¡ga
 ; [cca2=MM].translations.jpn.common
Expected: Ã£Æ’Å¸Ã£Æ’Â£Ã£Æ’Â³Ã£Æ’Å¾Ã£Æ’Â¼
     got: ãƒŸãƒ£ãƒ³ãƒžãƒ¼
 ; [cca2=MM].translations.jpn.official
Expected: Ã£Æ’Å¸Ã£Æ’Â£Ã£Æ’Â³Ã£Æ’Å¾Ã£Æ’Â¼Ã©â‚¬Â£Ã©â€šÂ¦Ã¥â€¦Â±Ã¥â€™Å’Ã¥â€ºÂ½
     got: ãƒŸãƒ£ãƒ³ãƒžãƒ¼é€£é‚¦å…±å’Œå›½
 ; [cca2=MM].translations.kor.common
Expected: Ã«Â¯Â¸Ã¬â€“â‚¬Ã«Â§Ë†
     got: ë¯¸ì–€ë§ˆ
 ; [cca2=MM].translations.kor.official
Expected: Ã«Â¯Â¸Ã¬â€“â‚¬Ã«Â§Ë† Ã¬â€”Â°Ã«Â°Â© ÃªÂ³ÂµÃ­â„¢â€�ÃªÂµÂ­
     got: ë¯¸ì–€ë§ˆ ì—°ë°© ê³µí™”êµ­
 ; [cca2=MM].translations.per.common
Expected: Ã™â€¦Ã›Å’Ã˜Â§Ã™â€ Ã™â€¦Ã˜Â§Ã˜Â±
     got: Ù…ÛŒØ§Ù†Ù…Ø§Ø±
 ; [cca2=MM].translations.per.official
Expected: Ã˜Â§Ã˜ÂªÃ˜Â­Ã˜Â§Ã˜Â¯Ã›Å’Ã™â€¡ Ã˜Â¬Ã™â€¦Ã™â€¡Ã™Ë†Ã˜Â±Ã›Å’ Ã™â€¦Ã›Å’Ã˜Â§Ã™â€ Ã™â€¦Ã˜Â§Ã˜Â±
     got: Ø§ØªØ­Ø§Ø¯ÛŒÙ‡ Ø¬Ù…Ù‡ÙˆØ±ÛŒ Ù…ÛŒØ§Ù†Ù…Ø§Ø±
 ; [cca2=MM].translations.pol.official
Expected: Republika ZwiÃ„â€¦zku Mjanmy
     got: Republika ZwiÄ…zku Mjanmy
 ; [cca2=MM].translations.por.official
Expected: RepÃƒÂºblica da UniÃƒÂ£o de Myanmar
     got: RepÃºblica da UniÃ£o de Myanmar
 ; [cca2=MM].translations.rus.common
Expected: Ã�Å“Ã‘Å’Ã‘ï¿½Ã�Â½Ã�Â¼Ã�Â°
     got: ÐœÑŒÑ�Ð½Ð¼Ð°
 ; [cca2=MM].translations.rus.official
Expected: Ã�Â Ã�ÂµÃ‘ï¿½Ã�Â¿Ã‘Æ’Ã�Â±Ã�Â»Ã�Â¸Ã�ÂºÃ�Â° Ã�Â¡Ã�Â¾Ã‘Å½Ã�Â·Ã�Â° Ã�Å“Ã‘Å’Ã‘ï¿½Ã�Â½Ã�Â¼Ã�Â°
     got: Ð ÐµÑ�Ð¿ÑƒÐ±Ð»Ð¸ÐºÐ° Ð¡Ð¾ÑŽÐ·Ð° ÐœÑŒÑ�Ð½Ð¼Ð°
 ; [cca2=MM].translations.slk.official
Expected: MjanmarskÃƒÂ¡ zvÃƒÂ¤zovÃƒÂ¡ republika
     got: MjanmarskÃ¡ zvÃ¤zovÃ¡ republika
 ; [cca2=MM].translations.spa.official
Expected: RepÃƒÂºblica de la UniÃƒÂ³n de Myanmar
     got: RepÃºblica de la UniÃ³n de Myanmar
 ; [cca2=MM].translations.srp.common
Expected: Ã�Å“Ã‘ËœÃ�Â°Ã�Â½Ã�Â¼Ã�Â°Ã‘â‚¬
     got: ÐœÑ˜Ð°Ð½Ð¼Ð°Ñ€
 ; [cca2=MM].translations.srp.official
Expected: Ã�Â Ã�ÂµÃ�Â¿Ã‘Æ’Ã�Â±Ã�Â»Ã�Â¸Ã�ÂºÃ�Â° Ã�Â¡Ã�Â°Ã�Â²Ã�ÂµÃ�Â· Ã�Å“Ã‘ËœÃ�Â°Ã�Â½Ã�Â¼Ã�Â°Ã‘â‚¬Ã�Â°
     got: Ð ÐµÐ¿ÑƒÐ±Ð»Ð¸ÐºÐ° Ð¡Ð°Ð²ÐµÐ· ÐœÑ˜Ð°Ð½Ð¼Ð°Ñ€Ð°
 ; [cca2=MM].translations.tur.official
Expected: Myanmar BirliÃ„Å¸i Cumhuriyeti
     got: Myanmar BirliÄŸi Cumhuriyeti
 ; [cca2=MM].translations.urd.common
Expected: Ã™â€¦Ã›Å’Ã˜Â§Ã™â€ Ã™â€¦Ã˜Â§Ã˜Â±
     got: Ù…ÛŒØ§Ù†Ù…Ø§Ø±
 ; [cca2=MM].translations.urd.official
Expected: Ã™â€¦Ã˜ÂªÃ˜Â­Ã˜Â¯Ã›ï¿½ Ã˜Â¬Ã™â€¦Ã›ï¿½Ã™Ë†Ã˜Â±Ã›Å’Ã›ï¿½ Ã™â€¦Ã›Å’Ã˜Â§Ã™â€ Ã™â€¦Ã˜Â§Ã˜Â±
     got: Ù…ØªØ­Ø¯Û� Ø¬Ù…Û�ÙˆØ±ÛŒÛ� Ù…ÛŒØ§Ù†Ù…Ø§Ø±
 ; [cca2=MM].translations.zho.common
Expected: Ã§Â¼â€¦Ã§â€�Â¸
     got: ç¼…ç”¸
 ; [cca2=MM].translations.zho.official
Expected: Ã§Â¼â€¦Ã§â€�Â¸Ã¨ï¿½â€�Ã©â€šÂ¦Ã¥â€¦Â±Ã¥â€™Å’Ã¥â€ºÂ½
     got: ç¼…ç”¸è�”é‚¦å…±å’Œå›½
 ; [cca2=MN].currencies.MNT.name
Expected: Mongolian tÃƒÂ¶grÃƒÂ¶g
     got: Mongolian tÃ¶grÃ¶g
 ; [cca2=MN].currencies.MNT.symbol
Expected: Ã¢â€šÂ®
     got: â‚®
 ; [cca2=MN].flag
Expected: Ã°Å¸â€¡Â²Ã°Å¸â€¡Â³
     got: ðŸ‡²ðŸ‡³
 ; [cca2=MN].flags.alt
Expected: The flag of Mongolia is composed of three equal vertical bands of red, blue and red, with the national emblem Ã¢â‚¬â€� the Soyombo Ã¢â‚¬â€� in gold centered in the hoist-side red band.
     got: The flag of Mongolia is composed of three equal vertical bands of red, blue and red, with the national emblem â€” the Soyombo â€” in gold centered in the hoist-side red band.
 ; [cca2=MN].name.nativeName.mon.common
Expected: Ã�Å“Ã�Â¾Ã�Â½Ã�Â³Ã�Â¾Ã�Â» Ã‘Æ’Ã�Â»Ã‘ï¿½
     got: ÐœÐ¾Ð½Ð³Ð¾Ð» ÑƒÐ»Ñ�
 ; [cca2=MN].name.nativeName.mon.official
Expected: Ã�Å“Ã�Â¾Ã�Â½Ã�Â³Ã�Â¾Ã�Â» Ã‘Æ’Ã�Â»Ã‘ï¿½
     got: ÐœÐ¾Ð½Ð³Ð¾Ð» ÑƒÐ»Ñ�
 ; [cca2=MN].translations.ara.common
Expected: Ã™â€¦Ã™â€ Ã˜ÂºÃ™Ë†Ã™â€žÃ™Å Ã˜Â§
     got: Ù…Ù†ØºÙˆÙ„ÙŠØ§
 ; [cca2=MN].translations.ara.official
Expected: Ã˜Â¬Ã™â€¦Ã™â€¡Ã™Ë†Ã˜Â±Ã™Å Ã˜Â© Ã™â€¦Ã™â€ Ã˜ÂºÃ™Ë†Ã™â€žÃ™Å Ã˜Â§
     got: Ø¬Ù…Ù‡ÙˆØ±ÙŠØ© Ù…Ù†ØºÙˆÙ„ÙŠØ§
 ; [cca2=MN].translations.ces.official
Expected: StÃƒÂ¡t Mongolsko
     got: StÃ¡t Mongolsko
 ; [cca2=MN].translations.hun.common
Expected: MongÃƒÂ³lia
     got: MongÃ³lia
 ; [cca2=MN].translations.hun.official
Expected: MongÃƒÂ³lia
     got: MongÃ³lia
 ; [cca2=MN].translations.jpn.common
Expected: Ã£Æ’Â¢Ã£Æ’Â³Ã£â€šÂ´Ã£Æ’Â«
     got: ãƒ¢ãƒ³ã‚´ãƒ«
 ; [cca2=MN].translations.jpn.official
Expected: Ã£Æ’Â¢Ã£Æ’Â³Ã£â€šÂ´Ã£Æ’Â«
     got: ãƒ¢ãƒ³ã‚´ãƒ«
 ; [cca2=MN].translations.kor.common
Expected: Ã«ÂªÂ½ÃªÂ³Â¨ÃªÂµÂ­
     got: ëª½ê³¨êµ­
 ; [cca2=MN].translations.kor.official
Expected: Ã«ÂªÂ½ÃªÂ³Â¨
     got: ëª½ê³¨
 ; [cca2=MN].translations.nld.common
Expected: MongoliÃƒÂ«
     got: MongoliÃ«
 ; [cca2=MN].translations.nld.official
Expected: MongoliÃƒÂ«
     got: MongoliÃ«
 ; [cca2=MN].translations.per.common
Expected: Ã™â€¦Ã˜ÂºÃ™Ë†Ã™â€žÃ˜Â³Ã˜ÂªÃ˜Â§Ã™â€ 
     got: Ù…ØºÙˆÙ„Ø³ØªØ§Ù†
 ; [cca2=MN].translations.per.official
Expected: Ã™â€¦Ã˜ÂºÃ™Ë†Ã™â€žÃ˜Â³Ã˜ÂªÃ˜Â§Ã™â€ 
     got: Ù…ØºÙˆÙ„Ø³ØªØ§Ù†
 ; [cca2=MN].translations.por.common
Expected: MongÃƒÂ³lia
     got: MongÃ³lia
 ; [cca2=MN].translations.por.official
Expected: MongÃƒÂ³lia
     got: MongÃ³lia
 ; [cca2=MN].translations.rus.common
Expected: Ã�Å“Ã�Â¾Ã�Â½Ã�Â³Ã�Â¾Ã�Â»Ã�Â¸Ã‘ï¿½
     got: ÐœÐ¾Ð½Ð³Ð¾Ð»Ð¸Ñ�
 ; [cca2=MN].translations.rus.official
Expected: Ã�Å“Ã�Â¾Ã�Â½Ã�Â³Ã�Â¾Ã�Â»Ã�Â¸Ã‘ï¿½
     got: ÐœÐ¾Ð½Ð³Ð¾Ð»Ð¸Ñ�
 ; [cca2=MN].translations.srp.common
Expected: Ã�Å“Ã�Â¾Ã�Â½Ã�Â³Ã�Â¾Ã�Â»Ã�Â¸Ã‘ËœÃ�Â°
     got: ÐœÐ¾Ð½Ð³Ð¾Ð»Ð¸Ñ˜Ð°
 ; [cca2=MN].translations.srp.official
Expected: Ã�Å“Ã�Â¾Ã�Â½Ã�Â³Ã�Â¾Ã�Â»Ã�Â¸Ã‘ËœÃ�Â°
     got: ÐœÐ¾Ð½Ð³Ð¾Ð»Ð¸Ñ˜Ð°
 ; [cca2=MN].translations.tur.common
Expected: MoÃ„Å¸olistan
     got: MoÄŸolistan
 ; [cca2=MN].translations.tur.official
Expected: MoÃ„Å¸olistan
     got: MoÄŸolistan
 ; [cca2=MN].translations.urd.common
Expected: Ã™â€¦Ã™â€ ÃšÂ¯Ã™Ë†Ã™â€žÃ›Å’Ã˜Â§
     got: Ù…Ù†Ú¯ÙˆÙ„ÛŒØ§
 ; [cca2=MN].translations.urd.official
Expected: Ã™â€¦Ã™â€ ÃšÂ¯Ã™Ë†Ã™â€žÃ›Å’Ã˜Â§
     got: Ù…Ù†Ú¯ÙˆÙ„ÛŒØ§
 ; [cca2=MN].translations.zho.common
Expected: Ã¨â€™â„¢Ã¥ï¿½Â¤
     got: è’™å�¤
 ; [cca2=MN].translations.zho.official
Expected: Ã¨â€™â„¢Ã¥ï¿½Â¤
     got: è’™å�¤
 ; [cca2=MO].altSpellings[]
Expected: Ã¦Â¾Â³Ã©â€”Â¨
     but none found
 ; [cca2=MO].altSpellings[]
Expected: Ã¤Â¸Â­Ã¨ï¿½Â¯Ã¤ÂºÂºÃ¦Â°â€˜Ã¥â€¦Â±Ã¥â€™Å’Ã¥Å“â€¹Ã¦Â¾Â³Ã©â€“â‚¬Ã§â€°Â¹Ã¥Ë†Â¥Ã¨Â¡Å’Ã¦â€�Â¿Ã¥ï¿½â‚¬
     but none found
 ; [cca2=MO].altSpellings[]
Expected: RegiÃƒÂ£o Administrativa Especial de Macau da RepÃƒÂºblica Popular da China
     but none found
 ; [cca2=MO].altSpellings[]
Unexpected: ä¸­è�¯äººæ°‘å…±å’Œåœ‹æ¾³é–€ç‰¹åˆ¥è¡Œæ”¿å�€
 ; [cca2=MO].altSpellings[]
Unexpected: æ¾³é—¨
 ; [cca2=MO].altSpellings[]
Unexpected: RegiÃ£o Administrativa Especial de Macau da RepÃºblica Popular da China
 ; [cca2=MO].flag
Expected: Ã°Å¸â€¡Â²Ã°Å¸â€¡Â´
     got: ðŸ‡²ðŸ‡´
 ; [cca2=MO].name.nativeName.por.official
Expected: RegiÃƒÂ£o Administrativa Especial de Macau da RepÃƒÂºblica Popular da China
     got: RegiÃ£o Administrativa Especial de Macau da RepÃºblica Popular da China
 ; [cca2=MO].name.nativeName.zho.common
Expected: Ã¦Â¾Â³Ã©â€”Â¨
     got: æ¾³é—¨
 ; [cca2=MO].name.nativeName.zho.official
Expected: Ã¤Â¸Â­Ã¥ï¿½Å½Ã¤ÂºÂºÃ¦Â°â€˜Ã¥â€¦Â±Ã¥â€™Å’Ã¥â€ºÂ½Ã¦Â¾Â³Ã©â€”Â¨Ã§â€°Â¹Ã¥Ë†Â«Ã¨Â¡Å’Ã¦â€�Â¿Ã¥Å’Âº
     got: ä¸­å�Žäººæ°‘å…±å’Œå›½æ¾³é—¨ç‰¹åˆ«è¡Œæ”¿åŒº
 ; [cca2=MO].translations.ara.common
Expected: Ã™â€¦Ã˜Â§Ã™Æ’Ã˜Â§Ã™Ë†
     got: Ù…Ø§ÙƒØ§Ùˆ
 ; [cca2=MO].translations.ara.official
Expected: Ã™â€¦Ã™â€ Ã˜Â·Ã™â€šÃ˜Â© Ã™â€¦Ã˜Â§Ã™Æ’Ã˜Â§Ã™Ë† Ã˜Â§Ã™â€žÃ˜Â¥Ã˜Â¯Ã˜Â§Ã˜Â±Ã™Å Ã˜Â© Ã˜Â§Ã™â€žÃ˜ÂªÃ˜Â§Ã˜Â¨Ã˜Â¹Ã˜Â© Ã™â€žÃ˜Â¬Ã™â€¦Ã™â€¡Ã™Ë†Ã˜Â±Ã™Å Ã˜Â© Ã˜Â§Ã™â€žÃ˜ÂµÃ™Å Ã™â€  Ã˜Â§Ã™â€žÃ˜Â´Ã˜Â¹Ã˜Â¨Ã™Å Ã˜Â©
     got: Ù…Ù†Ø·Ù‚Ø© Ù…Ø§ÙƒØ§Ùˆ Ø§Ù„Ø¥Ø¯Ø§Ø±ÙŠØ© Ø§Ù„ØªØ§Ø¨Ø¹Ø© Ù„Ø¬Ù…Ù‡ÙˆØ±ÙŠØ© Ø§Ù„ØµÙŠÙ† Ø§Ù„Ø´Ø¹Ø¨ÙŠØ©
 ; [cca2=MO].translations.ces.official
Expected: ZvlÃƒÂ¡Ã…Â¡tnÃƒÂ­ sprÃƒÂ¡vnÃƒÂ­ oblast Ã„Å’ÃƒÂ­nskÃƒÂ© lidovÃƒÂ© republiky Macao
     got: ZvlÃ¡Å¡tnÃ­ sprÃ¡vnÃ­ oblast ÄŒÃ­nskÃ© lidovÃ© republiky Macao
 ; [cca2=MO].translations.fra.official
Expected: RÃƒÂ©gion administrative spÃƒÂ©ciale de Macao de la RÃƒÂ©publique populaire de Chine
     got: RÃ©gion administrative spÃ©ciale de Macao de la RÃ©publique populaire de Chine
 ; [cca2=MO].translations.hrv.official
Expected: Makao Posebnog upravnog podruÃ„ï¿½jaNarodne Republike Kine
     got: Makao Posebnog upravnog podruÄ�jaNarodne Republike Kine
 ; [cca2=MO].translations.hun.common
Expected: MakaÃƒÂ³
     got: MakaÃ³
 ; [cca2=MO].translations.hun.official
Expected: MakaÃƒÂ³
     got: MakaÃ³
 ; [cca2=MO].translations.jpn.common
Expected: Ã£Æ’Å¾Ã£â€šÂ«Ã£â€šÂª
     got: ãƒžã‚«ã‚ª
 ; [cca2=MO].translations.jpn.official
Expected: Ã¤Â¸Â­Ã¨ï¿½Â¯Ã¤ÂºÂºÃ¦Â°â€˜Ã¥â€¦Â±Ã¥â€™Å’Ã¥â€ºÂ½Ã£Æ’Å¾Ã£â€šÂ«Ã£â€šÂªÃ§â€°Â¹Ã¥Ë†Â¥Ã¨Â¡Å’Ã¦â€�Â¿Ã¥Å’Âº
     got: ä¸­è�¯äººæ°‘å…±å’Œå›½ãƒžã‚«ã‚ªç‰¹åˆ¥è¡Œæ”¿åŒº
 ; [cca2=MO].translations.kor.common
Expected: Ã«Â§Ë†Ã¬Â¹Â´Ã¬ËœÂ¤
     got: ë§ˆì¹´ì˜¤
 ; [cca2=MO].translations.kor.official
Expected: Ã¬Â¤â€˜Ã­â„¢â€�Ã¬ï¿½Â¸Ã«Â¯Â¼ÃªÂ³ÂµÃ­â„¢â€�ÃªÂµÂ­ Ã«Â§Ë†Ã¬Â¹Â´Ã¬ËœÂ¤ Ã­Å Â¹Ã«Â³â€žÃ­â€“â€°Ã¬Â â€¢ÃªÂµÂ¬
     got: ì¤‘í™”ì�¸ë¯¼ê³µí™”êµ­ ë§ˆì¹´ì˜¤ íŠ¹ë³„í–‰ì •êµ¬
 ; [cca2=MO].translations.per.common
Expected: Ã™â€¦Ã˜Â§ÃšÂ©Ã˜Â§Ã˜Â¦Ã™Ë†
     got: Ù…Ø§Ú©Ø§Ø¦Ùˆ
 ; [cca2=MO].translations.per.official
Expected: Ã™â€¦Ã˜Â§ÃšÂ©Ã˜Â§Ã˜Â¦Ã™Ë†
     got: Ù…Ø§Ú©Ø§Ø¦Ùˆ
 ; [cca2=MO].translations.pol.official
Expected: Specjalny Region Administracyjny ChiÃ…â€žskiej Republiki Ludowej Makau
     got: Specjalny Region Administracyjny ChiÅ„skiej Republiki Ludowej Makau
 ; [cca2=MO].translations.por.official
Expected: Macau RegiÃƒÂ£o Administrativa Especial da RepÃƒÂºblica Popular da China
     got: Macau RegiÃ£o Administrativa Especial da RepÃºblica Popular da China
 ; [cca2=MO].translations.rus.common
Expected: Ã�Å“Ã�Â°Ã�ÂºÃ�Â°Ã�Â¾
     got: ÐœÐ°ÐºÐ°Ð¾
 ; [cca2=MO].translations.rus.official
Expected: Ã�Â¡Ã�Â¿Ã�ÂµÃ‘â€ Ã�Â¸Ã�Â°Ã�Â»Ã‘Å’Ã�Â½Ã‘â€¹Ã�Â¹ Ã�Â°Ã�Â´Ã�Â¼Ã�Â¸Ã�Â½Ã�Â¸Ã‘ï¿½Ã‘â€šÃ‘â‚¬Ã�Â°Ã‘â€šÃ�Â¸Ã�Â²Ã�Â½Ã‘â€¹Ã�Â¹ Ã‘â‚¬Ã�Â°Ã�Â¹Ã�Â¾Ã�Â½ Ã�Å“Ã�Â°Ã�ÂºÃ�Â°Ã�Â¾ Ã�Å¡Ã�Â¸Ã‘â€šÃ�Â°Ã�Â¹Ã‘ï¿½Ã�ÂºÃ�Â¾Ã�Â¹ Ã�ï¿½Ã�Â°Ã‘â‚¬Ã�Â¾Ã�Â´Ã�Â½Ã�Â¾Ã�Â¹ Ã�Â Ã�ÂµÃ‘ï¿½Ã�Â¿Ã‘Æ’Ã�Â±Ã�Â»Ã�Â¸Ã�ÂºÃ�Â¸ Ã�Å¡Ã�Â¸Ã‘â€šÃ�Â°Ã�Â¹
     got: Ð¡Ð¿ÐµÑ†Ð¸Ð°Ð»ÑŒÐ½Ñ‹Ð¹ Ð°Ð´Ð¼Ð¸Ð½Ð¸Ñ�Ñ‚Ñ€Ð°Ñ‚Ð¸Ð²Ð½Ñ‹Ð¹ Ñ€Ð°Ð¹Ð¾Ð½ ÐœÐ°ÐºÐ°Ð¾ ÐšÐ¸Ñ‚Ð°Ð¹Ñ�ÐºÐ¾Ð¹ Ð�Ð°Ñ€Ð¾Ð´Ð½Ð¾Ð¹ Ð ÐµÑ�Ð¿ÑƒÐ±Ð»Ð¸ÐºÐ¸ ÐšÐ¸Ñ‚Ð°Ð¹
 ; [cca2=MO].translations.slk.official
Expected: Macao, Ã…Â peciÃƒÂ lna administratÃƒÂ­vna oblasÃ…Â¦
     got: Macao, Å peciÃ lna administratÃ­vna oblasÅ¦
 ; [cca2=MO].translations.spa.official
Expected: Macao, RegiÃƒÂ³n Administrativa Especial de la RepÃƒÂºblica Popular China
     got: Macao, RegiÃ³n Administrativa Especial de la RepÃºblica Popular China
 ; [cca2=MO].translations.srp.common
Expected: Ã�Å“Ã�Â°Ã�ÂºÃ�Â°Ã�Â¾
     got: ÐœÐ°ÐºÐ°Ð¾
 ; [cca2=MO].translations.srp.official
Expected: Ã�Å“Ã�Â°Ã�ÂºÃ�Â°Ã�Â¾ Ã‘ï¿½Ã�Â¿Ã�ÂµÃ‘â€ Ã�Â¸Ã‘ËœÃ�Â°Ã�Â»Ã�Â½Ã�Â° Ã�Â°Ã�Â´Ã�Â¼Ã�Â¸Ã�Â½Ã�Â¸Ã‘ï¿½Ã‘â€šÃ‘â‚¬Ã�Â°Ã‘â€šÃ�Â¸Ã�Â²Ã�Â½Ã�Â° Ã�Â¾Ã�Â±Ã�Â»Ã�Â°Ã‘ï¿½Ã‘â€š Ã�ï¿½Ã�Â°Ã‘â‚¬Ã�Â¾Ã�Â´Ã�Â½Ã�Âµ Ã�Â Ã�ÂµÃ�Â¿Ã‘Æ’Ã�Â±Ã�Â»Ã�Â¸Ã�ÂºÃ�Âµ Ã�Å¡Ã�Â¸Ã�Â½Ã�Âµ
     got: ÐœÐ°ÐºÐ°Ð¾ Ñ�Ð¿ÐµÑ†Ð¸Ñ˜Ð°Ð»Ð½Ð° Ð°Ð´Ð¼Ð¸Ð½Ð¸Ñ�Ñ‚Ñ€Ð°Ñ‚Ð¸Ð²Ð½Ð° Ð¾Ð±Ð»Ð°Ñ�Ñ‚ Ð�Ð°Ñ€Ð¾Ð´Ð½Ðµ Ð ÐµÐ¿ÑƒÐ±Ð»Ð¸ÐºÐµ ÐšÐ¸Ð½Ðµ
 ; [cca2=MO].translations.tur.official
Expected: Ãƒâ€¡in Halk Cumhuriyeti Makao Ãƒâ€“zel Ã„Â°dari BÃƒÂ¶lgesi
     got: Ã‡in Halk Cumhuriyeti Makao Ã–zel Ä°dari BÃ¶lgesi
 ; [cca2=MO].translations.urd.common
Expected: Ã™â€¦ÃšÂ©Ã˜Â§Ã˜Â¤
     got: Ù…Ú©Ø§Ø¤
 ; [cca2=MO].translations.urd.official
Expected: Ã™â€¦ÃšÂ©Ã˜Â§Ã˜Â¤ Ã˜Â¹Ã™Ë†Ã˜Â§Ã™â€¦Ã›Å’ Ã˜Â¬Ã™â€¦Ã›ï¿½Ã™Ë†Ã˜Â±Ã›Å’Ã›ï¿½ Ãšâ€ Ã›Å’Ã™â€  ÃšÂ©Ã˜Â§ Ã˜Â®Ã˜ÂµÃ™Ë†Ã˜ÂµÃ›Å’ Ã˜Â§Ã™â€ Ã˜ÂªÃ˜Â¸Ã˜Â§Ã™â€¦Ã›Å’ Ã˜Â¹Ã™â€žÃ˜Â§Ã™â€šÃ›ï¿½
     got: Ù…Ú©Ø§Ø¤ Ø¹ÙˆØ§Ù…ÛŒ Ø¬Ù…Û�ÙˆØ±ÛŒÛ� Ú†ÛŒÙ† Ú©Ø§ Ø®ØµÙˆØµÛŒ Ø§Ù†ØªØ¸Ø§Ù…ÛŒ Ø¹Ù„Ø§Ù‚Û�
 ; [cca2=MP].altSpellings[]
Expected: Sankattan Siha Na Islas MariÃƒÂ¥nas
     but none found
 ; [cca2=MP].altSpellings[]
Unexpected: Sankattan Siha Na Islas MariÃ¥nas
 ; [cca2=MP].demonyms.fra.f
Expected: AmÃƒÂ©ricaine
     got: AmÃ©ricaine
 ; [cca2=MP].demonyms.fra.m
Expected: AmÃƒÂ©rican
     got: AmÃ©rican
 ; [cca2=MP].flag
Expected: Ã°Å¸â€¡Â²Ã°Å¸â€¡Âµ
     got: ðŸ‡²ðŸ‡µ
 ; [cca2=MP].name.nativeName.cha.common
Expected: Na Islas MariÃƒÂ¥nas
     got: Na Islas MariÃ¥nas
 ; [cca2=MP].name.nativeName.cha.official
Expected: Sankattan Siha Na Islas MariÃƒÂ¥nas
     got: Sankattan Siha Na Islas MariÃ¥nas
 ; [cca2=MP].translations.ara.common
Expected: Ã˜Â¬Ã˜Â²Ã˜Â± Ã™â€¦Ã˜Â§Ã˜Â±Ã™Å Ã˜Â§Ã™â€ Ã˜Â§ Ã˜Â§Ã™â€žÃ˜Â´Ã™â€¦Ã˜Â§Ã™â€žÃ™Å Ã˜Â©
     got: Ø¬Ø²Ø± Ù…Ø§Ø±ÙŠØ§Ù†Ø§ Ø§Ù„Ø´Ù…Ø§Ù„ÙŠØ©
 ; [cca2=MP].translations.ara.official
Expected: Ã™Æ’Ã™Ë†Ã™â€¦Ã™Ë†Ã™â€ Ã™Ë†Ã™â€žÃ˜Â« Ã˜Â¬Ã˜Â²Ã˜Â± Ã™â€¦Ã˜Â§Ã˜Â±Ã™Å Ã˜Â§Ã™â€ Ã˜Â§ Ã˜Â§Ã™â€žÃ˜Â´Ã™â€¦Ã˜Â§Ã™â€žÃ™Å Ã˜Â©
     got: ÙƒÙˆÙ…ÙˆÙ†ÙˆÙ„Ø« Ø¬Ø²Ø± Ù…Ø§Ø±ÙŠØ§Ù†Ø§ Ø§Ù„Ø´Ù…Ø§Ù„ÙŠØ©
 ; [cca2=MP].translations.ces.common
Expected: SevernÃƒÂ­ Mariany
     got: SevernÃ­ Mariany
 ; [cca2=MP].translations.ces.official
Expected: SpoleÃ„ï¿½enstvÃƒÂ­ SevernÃƒÂ­ch Marian
     got: SpoleÄ�enstvÃ­ SevernÃ­ch Marian
 ; [cca2=MP].translations.deu.common
Expected: NÃƒÂ¶rdliche Marianen
     got: NÃ¶rdliche Marianen
 ; [cca2=MP].translations.deu.official
Expected: Commonwealth der NÃƒÂ¶rdlichen Marianen
     got: Commonwealth der NÃ¶rdlichen Marianen
 ; [cca2=MP].translations.est.common
Expected: PÃƒÂµhja-Mariaanid
     got: PÃµhja-Mariaanid
 ; [cca2=MP].translations.est.official
Expected: PÃƒÂµhja-Mariaani ÃƒÅ“hendus
     got: PÃµhja-Mariaani Ãœhendus
 ; [cca2=MP].translations.fra.common
Expected: ÃƒÅ½les Mariannes du Nord
     got: ÃŽles Mariannes du Nord
 ; [cca2=MP].translations.fra.official
Expected: Commonwealth des ÃƒÂ®les Mariannes du Nord
     got: Commonwealth des Ã®les Mariannes du Nord
 ; [cca2=MP].translations.hun.common
Expected: Ãƒâ€°szaki-Mariana-szigetek
     got: Ã‰szaki-Mariana-szigetek
 ; [cca2=MP].translations.hun.official
Expected: Ãƒâ€°szaki-Mariana-szigetek
     got: Ã‰szaki-Mariana-szigetek
 ; [cca2=MP].translations.jpn.common
Expected: Ã¥Å’â€”Ã£Æ’Å¾Ã£Æ’ÂªÃ£â€šÂ¢Ã£Æ’Å Ã¨Â«Â¸Ã¥Â³Â¶
     got: åŒ—ãƒžãƒªã‚¢ãƒŠè«¸å³¶
 ; [cca2=MP].translations.jpn.official
Expected: Ã¥Å’â€”Ã£Æ’Å¾Ã£Æ’ÂªÃ£â€šÂ¢Ã£Æ’Å Ã¨Â«Â¸Ã¥Â³Â¶
     got: åŒ—ãƒžãƒªã‚¢ãƒŠè«¸å³¶
 ; [cca2=MP].translations.kor.common
Expected: Ã«Â¶ï¿½Ã«Â§Ë†Ã«Â¦Â¬Ã¬â€¢â€žÃ«â€šËœ Ã¬Â Å“Ã«ï¿½â€ž
     got: ë¶�ë§ˆë¦¬ì•„ë‚˜ ì œë�„
 ; [cca2=MP].translations.kor.official
Expected: Ã«Â¶ï¿½Ã«Â§Ë†Ã«Â¦Â¬Ã¬â€¢â€žÃ«â€šËœ Ã¬Â Å“Ã«ï¿½â€ž
     got: ë¶�ë§ˆë¦¬ì•„ë‚˜ ì œë�„
 ; [cca2=MP].translations.per.common
Expected: Ã˜Â¬Ã˜Â²Ã˜Â§Ã›Å’Ã˜Â± Ã™â€¦Ã˜Â§Ã˜Â±Ã›Å’Ã˜Â§Ã™â€ Ã˜Â§Ã›Å’ Ã˜Â´Ã™â€¦Ã˜Â§Ã™â€žÃ›Å’
     got: Ø¬Ø²Ø§ÛŒØ± Ù…Ø§Ø±ÛŒØ§Ù†Ø§ÛŒ Ø´Ù…Ø§Ù„ÛŒ
 ; [cca2=MP].translations.per.official
Expected: Ã˜Â¬Ã˜Â²Ã˜Â§Ã›Å’Ã˜Â± Ã™â€¦Ã˜Â§Ã˜Â±Ã›Å’Ã˜Â§Ã™â€ Ã˜Â§Ã›Å’ Ã˜Â´Ã™â€¦Ã˜Â§Ã™â€žÃ›Å’
     got: Ø¬Ø²Ø§ÛŒØ± Ù…Ø§Ø±ÛŒØ§Ù†Ø§ÛŒ Ø´Ù…Ø§Ù„ÛŒ
 ; [cca2=MP].translations.pol.common
Expected: Mariany PÃƒÂ³Ã…â€šnocne
     got: Mariany PÃ³Å‚nocne
 ; [cca2=MP].translations.pol.official
Expected: WspÃƒÂ³lnota MarianÃƒÂ³w PÃƒÂ³Ã…â€šnocnych
     got: WspÃ³lnota MarianÃ³w PÃ³Å‚nocnych
 ; [cca2=MP].translations.rus.common
Expected: Ã�Â¡Ã�ÂµÃ�Â²Ã�ÂµÃ‘â‚¬Ã�Â½Ã‘â€¹Ã�Âµ Ã�Å“Ã�Â°Ã‘â‚¬Ã�Â¸Ã�Â°Ã�Â½Ã‘ï¿½Ã�ÂºÃ�Â¸Ã�Âµ Ã�Â¾Ã‘ï¿½Ã‘â€šÃ‘â‚¬Ã�Â¾Ã�Â²Ã�Â°
     got: Ð¡ÐµÐ²ÐµÑ€Ð½Ñ‹Ðµ ÐœÐ°Ñ€Ð¸Ð°Ð½Ñ�ÐºÐ¸Ðµ Ð¾Ñ�Ñ‚Ñ€Ð¾Ð²Ð°
 ; [cca2=MP].translations.rus.official
Expected: Ã�Â¡Ã�Â¾Ã�Â´Ã‘â‚¬Ã‘Æ’Ã�Â¶Ã�ÂµÃ‘ï¿½Ã‘â€šÃ�Â²Ã�Â¾ Ã�Â¡Ã�ÂµÃ�Â²Ã�ÂµÃ‘â‚¬Ã�Â½Ã‘â€¹Ã‘â€¦ Ã�Å“Ã�Â°Ã‘â‚¬Ã�Â¸Ã�Â°Ã�Â½Ã‘ï¿½Ã�ÂºÃ�Â¸Ã‘â€¦ Ã�Â¾Ã‘ï¿½Ã‘â€šÃ‘â‚¬Ã�Â¾Ã�Â²Ã�Â¾Ã�Â²
     got: Ð¡Ð¾Ð´Ñ€ÑƒÐ¶ÐµÑ�Ñ‚Ð²Ð¾ Ð¡ÐµÐ²ÐµÑ€Ð½Ñ‹Ñ… ÐœÐ°Ñ€Ð¸Ð°Ð½Ñ�ÐºÐ¸Ñ… Ð¾Ñ�Ñ‚Ñ€Ð¾Ð²Ð¾Ð²
 ; [cca2=MP].translations.slk.common
Expected: SevernÃƒÂ© MariÃƒÂ¡ny
     got: SevernÃ© MariÃ¡ny
 ; [cca2=MP].translations.slk.official
Expected: SpoloÃ„ï¿½enstvo ostrovov SevernÃƒÂ© MariÃƒÂ¡ny
     got: SpoloÄ�enstvo ostrovov SevernÃ© MariÃ¡ny
 ; [cca2=MP].translations.srp.common
Expected: Ã�Â¡Ã�ÂµÃ�Â²Ã�ÂµÃ‘â‚¬Ã�Â½Ã�Â° Ã�Å“Ã�Â°Ã‘â‚¬Ã�Â¸Ã‘ËœÃ�Â°Ã�Â½Ã‘ï¿½Ã�ÂºÃ�Â° Ã�Å¾Ã‘ï¿½Ã‘â€šÃ‘â‚¬Ã�Â²Ã�Â°
     got: Ð¡ÐµÐ²ÐµÑ€Ð½Ð° ÐœÐ°Ñ€Ð¸Ñ˜Ð°Ð½Ñ�ÐºÐ° ÐžÑ�Ñ‚Ñ€Ð²Ð°
 ; [cca2=MP].translations.srp.official
Expected: Ã�Å¡Ã�Â¾Ã�Â¼Ã�Â¾Ã�Â½Ã�Â²Ã�ÂµÃ�Â»Ã‘â€š Ã�Â¡Ã�ÂµÃ�Â²Ã�ÂµÃ‘â‚¬Ã�Â½Ã�Â° Ã�Å“Ã�Â°Ã‘â‚¬Ã�Â¸Ã‘ËœÃ�Â°Ã�Â½Ã‘ï¿½Ã�ÂºÃ�Â° Ã�Å¾Ã‘ï¿½Ã‘â€šÃ‘â‚¬Ã�Â²Ã�Â°
     got: ÐšÐ¾Ð¼Ð¾Ð½Ð²ÐµÐ»Ñ‚ Ð¡ÐµÐ²ÐµÑ€Ð½Ð° ÐœÐ°Ñ€Ð¸Ñ˜Ð°Ð½Ñ�ÐºÐ° ÐžÑ�Ñ‚Ñ€Ð²Ð°
 ; [cca2=MP].translations.tur.common
Expected: Kuzey Mariana AdalarÃ„Â±
     got: Kuzey Mariana AdalarÄ±
 ; [cca2=MP].translations.tur.official
Expected: Kuzey Mariana AdalarÃ„Â± Milletler TopluluÃ„Å¸u
     got: Kuzey Mariana AdalarÄ± Milletler TopluluÄŸu
 ; [cca2=MP].translations.urd.common
Expected: Ã˜Â¬Ã˜Â²Ã˜Â§Ã˜Â¦Ã˜Â± Ã˜Â´Ã™â€¦Ã˜Â§Ã™â€žÃ›Å’ Ã™â€¦Ã˜Â§Ã˜Â±Ã›Å’Ã˜Â§Ã™â€ Ã˜Â§
     got: Ø¬Ø²Ø§Ø¦Ø± Ø´Ù…Ø§Ù„ÛŒ Ù…Ø§Ø±ÛŒØ§Ù†Ø§
 ; [cca2=MP].translations.urd.official
Expected: Ã˜Â¯Ã™Ë†Ã™â€žÃ˜ÂªÃ™ï¿½ Ã™â€¦Ã˜Â´Ã˜ÂªÃ˜Â±ÃšÂ©Ã›ï¿½ Ã˜Â¬Ã˜Â²Ã˜Â§Ã˜Â¦Ã˜Â± Ã˜Â´Ã™â€¦Ã˜Â§Ã™â€žÃ›Å’ Ã™â€¦Ã˜Â§Ã˜Â±Ã›Å’Ã˜Â§Ã™â€ Ã˜Â§
     got: Ø¯ÙˆÙ„ØªÙ� Ù…Ø´ØªØ±Ú©Û� Ø¬Ø²Ø§Ø¦Ø± Ø´Ù…Ø§Ù„ÛŒ Ù…Ø§Ø±ÛŒØ§Ù†Ø§
 ; [cca2=MP].translations.zho.common
Expected: Ã¥Å’â€”Ã©Â©Â¬Ã©â€¡Å’Ã¤ÂºÅ¡Ã§ÂºÂ³Ã§Â¾Â¤Ã¥Â²â€º
     got: åŒ—é©¬é‡Œäºšçº³ç¾¤å²›
 ; [cca2=MP].translations.zho.official
Expected: Ã¥Å’â€”Ã©Â©Â¬Ã©â€¡Å’Ã¤ÂºÅ¡Ã§ÂºÂ³Ã§Â¾Â¤Ã¥Â²â€º
     got: åŒ—é©¬é‡Œäºšçº³ç¾¤å²›
 ; [cca2=MQ].currencies.EUR.symbol
Expected: Ã¢â€šÂ¬
     got: â‚¬
 ; [cca2=MQ].flag
Expected: Ã°Å¸â€¡Â²Ã°Å¸â€¡Â¶
     got: ðŸ‡²ðŸ‡¶
 ; [cca2=MQ].translations.ara.common
Expected: Ã™â€¦Ã˜Â§Ã˜Â±Ã˜ÂªÃ™Å Ã™â€ Ã™Å Ã™Æ’
     got: Ù…Ø§Ø±ØªÙŠÙ†ÙŠÙƒ
 ; [cca2=MQ].translations.ara.official
Expected: Ã™â€¦Ã˜Â§Ã˜Â±Ã˜ÂªÃ™Å Ã™â€ Ã™Å Ã™Æ’
     got: Ù…Ø§Ø±ØªÙŠÙ†ÙŠÙƒ
 ; [cca2=MQ].translations.est.official
Expected: MartiniqueÃ¢â‚¬â„¢i departemang
     got: Martiniqueâ€™i departemang
 ; [cca2=MQ].translations.jpn.common
Expected: Ã£Æ’Å¾Ã£Æ’Â«Ã£Æ’â€ Ã£â€šÂ£Ã£Æ’â€¹Ã£Æ’Â¼Ã£â€šÂ¯
     got: ãƒžãƒ«ãƒ†ã‚£ãƒ‹ãƒ¼ã‚¯
 ; [cca2=MQ].translations.jpn.official
Expected: Ã£Æ’Å¾Ã£Æ’Â«Ã£Æ’â€ Ã£â€šÂ£Ã£Æ’â€¹Ã£Æ’Â¼Ã£â€šÂ¯Ã¥Â³Â¶
     got: ãƒžãƒ«ãƒ†ã‚£ãƒ‹ãƒ¼ã‚¯å³¶
 ; [cca2=MQ].translations.kor.common
Expected: Ã«Â§Ë†Ã«Â¥Â´Ã­â€¹Â°Ã«â€¹Ë†Ã­ï¿½Â¬
     got: ë§ˆë¥´í‹°ë‹ˆí�¬
 ; [cca2=MQ].translations.kor.official
Expected: Ã«Â§Ë†Ã«Â¥Â´Ã­â€¹Â°Ã«â€¹Ë†Ã­ï¿½Â¬
     got: ë§ˆë¥´í‹°ë‹ˆí�¬
 ; [cca2=MQ].translations.per.common
Expected: Ã™â€¦Ã˜Â§Ã˜Â±Ã˜ÂªÃ›Å’Ã™â€ Ã›Å’ÃšÂ©
     got: Ù…Ø§Ø±ØªÛŒÙ†ÛŒÚ©
 ; [cca2=MQ].translations.per.official
Expected: Ã™â€¦Ã˜Â§Ã˜Â±Ã˜ÂªÃ›Å’Ã™â€ Ã›Å’ÃšÂ©
     got: Ù…Ø§Ø±ØªÛŒÙ†ÛŒÚ©
 ; [cca2=MQ].translations.rus.common
Expected: Ã�Å“Ã�Â°Ã‘â‚¬Ã‘â€šÃ�Â¸Ã�Â½Ã�Â¸Ã�ÂºÃ�Â°
     got: ÐœÐ°Ñ€Ñ‚Ð¸Ð½Ð¸ÐºÐ°
 ; [cca2=MQ].translations.rus.official
Expected: Ã�Å“Ã�Â°Ã‘â‚¬Ã‘â€šÃ�Â¸Ã�Â½Ã�Â¸Ã�ÂºÃ�Â°
     got: ÐœÐ°Ñ€Ñ‚Ð¸Ð½Ð¸ÐºÐ°
 ; [cca2=MQ].translations.srp.common
Expected: Ã�Å“Ã�Â°Ã‘â‚¬Ã‘â€šÃ�Â¸Ã�Â½Ã�Â¸Ã�Âº
     got: ÐœÐ°Ñ€Ñ‚Ð¸Ð½Ð¸Ðº
 ; [cca2=MQ].translations.srp.official
Expected: Ã�Å“Ã�Â°Ã‘â‚¬Ã‘â€šÃ�Â¸Ã�Â½Ã�Â¸Ã�Âº
     got: ÐœÐ°Ñ€Ñ‚Ð¸Ð½Ð¸Ðº
 ; [cca2=MQ].translations.urd.common
Expected: Ã™â€¦Ã˜Â§Ã˜Â±Ã™Â¹Ã›Å’Ã™â€ Ã›Å’ÃšÂ©
     got: Ù…Ø§Ø±Ù¹ÛŒÙ†ÛŒÚ©
 ; [cca2=MQ].translations.urd.official
Expected: Ã™â€¦Ã˜Â§Ã˜Â±Ã™Â¹Ã›Å’Ã™â€ Ã›Å’ÃšÂ©
     got: Ù…Ø§Ø±Ù¹ÛŒÙ†ÛŒÚ©
 ; [cca2=MQ].translations.zho.common
Expected: Ã©Â©Â¬Ã¦ï¿½ï¿½Ã¥Â°Â¼Ã¥â€¦â€¹
     got: é©¬æ��å°¼å…‹
 ; [cca2=MQ].translations.zho.official
Expected: Ã©Â©Â¬Ã¦ï¿½ï¿½Ã¥Â°Â¼Ã¥â€¦â€¹
     got: é©¬æ��å°¼å…‹
 ; [cca2=MR].altSpellings[]
Expected: al-JumhÃ…Â«riyyah al-ÃŠÂ¾IslÃ„ï¿½miyyah al-MÃ…Â«rÃ„Â«tÃ„ï¿½niyyah
     but none found
 ; [cca2=MR].altSpellings[]
Unexpected: al-JumhÅ«riyyah al-Ê¾IslÄ�miyyah al-MÅ«rÄ«tÄ�niyyah
 ; [cca2=MR].flag
Expected: Ã°Å¸â€¡Â²Ã°Å¸â€¡Â·
     got: ðŸ‡²ðŸ‡·
 ; [cca2=MR].name.nativeName.ara.common
Expected: Ã™â€¦Ã™Ë†Ã˜Â±Ã™Å Ã˜ÂªÃ˜Â§Ã™â€ Ã™Å Ã˜Â§
     got: Ù…ÙˆØ±ÙŠØªØ§Ù†ÙŠØ§
 ; [cca2=MR].name.nativeName.ara.official
Expected: Ã˜Â§Ã™â€žÃ˜Â¬Ã™â€¦Ã™â€¡Ã™Ë†Ã˜Â±Ã™Å Ã˜Â© Ã˜Â§Ã™â€žÃ˜Â¥Ã˜Â³Ã™â€žÃ˜Â§Ã™â€¦Ã™Å Ã˜Â© Ã˜Â§Ã™â€žÃ™â€¦Ã™Ë†Ã˜Â±Ã™Å Ã˜ÂªÃ˜Â§Ã™â€ Ã™Å Ã˜Â©
     got: Ø§Ù„Ø¬Ù…Ù‡ÙˆØ±ÙŠØ© Ø§Ù„Ø¥Ø³Ù„Ø§Ù…ÙŠØ© Ø§Ù„Ù…ÙˆØ±ÙŠØªØ§Ù†ÙŠØ©
 ; [cca2=MR].translations.ara.common
Expected: Ã™â€¦Ã™Ë†Ã˜Â±Ã™Å Ã˜ÂªÃ˜Â§Ã™â€ Ã™Å Ã˜Â§
     got: Ù…ÙˆØ±ÙŠØªØ§Ù†ÙŠØ§
 ; [cca2=MR].translations.ara.official
Expected: Ã˜Â§Ã™â€žÃ˜Â¬Ã™â€¦Ã™â€¡Ã™Ë†Ã˜Â±Ã™Å Ã˜Â© Ã˜Â§Ã™â€žÃ˜Â¥Ã˜Â³Ã™â€žÃ˜Â§Ã™â€¦Ã™Å Ã˜Â© Ã˜Â§Ã™â€žÃ™â€¦Ã™Ë†Ã˜Â±Ã™Å Ã˜ÂªÃ˜Â§Ã™â€ Ã™Å Ã˜Â©
     got: Ø§Ù„Ø¬Ù…Ù‡ÙˆØ±ÙŠØ© Ø§Ù„Ø¥Ø³Ù„Ø§Ù…ÙŠØ© Ø§Ù„Ù…ÙˆØ±ÙŠØªØ§Ù†ÙŠØ©
 ; [cca2=MR].translations.ces.common
Expected: MauritÃƒÂ¡nie
     got: MauritÃ¡nie
 ; [cca2=MR].translations.ces.official
Expected: MauritÃƒÂ¡nskÃƒÂ¡ islÃƒÂ¡mskÃƒÂ¡ republika
     got: MauritÃ¡nskÃ¡ islÃ¡mskÃ¡ republika
 ; [cca2=MR].translations.fra.official
Expected: RÃƒÂ©publique islamique de Mauritanie
     got: RÃ©publique islamique de Mauritanie
 ; [cca2=MR].translations.hun.common
Expected: MauritÃƒÂ¡nia
     got: MauritÃ¡nia
 ; [cca2=MR].translations.hun.official
Expected: MauritÃƒÂ¡niai IszlÃƒÂ¡m KÃƒÂ¶ztÃƒÂ¡rsasÃƒÂ¡g
     got: MauritÃ¡niai IszlÃ¡m KÃ¶ztÃ¡rsasÃ¡g
 ; [cca2=MR].translations.jpn.common
Expected: Ã£Æ’Â¢Ã£Æ’Â¼Ã£Æ’ÂªÃ£â€šÂ¿Ã£Æ’â€¹Ã£â€šÂ¢
     got: ãƒ¢ãƒ¼ãƒªã‚¿ãƒ‹ã‚¢
 ; [cca2=MR].translations.jpn.official
Expected: Ã£Æ’Â¢Ã£Æ’Â¼Ã£Æ’ÂªÃ£â€šÂ¿Ã£Æ’â€¹Ã£â€šÂ¢Ã‚Â·Ã£â€šÂ¤Ã£â€šÂ¹Ã£Æ’Â©Ã£Æ’Â Ã¥â€¦Â±Ã¥â€™Å’Ã¥â€ºÂ½
     got: ãƒ¢ãƒ¼ãƒªã‚¿ãƒ‹ã‚¢Â·ã‚¤ã‚¹ãƒ©ãƒ å…±å’Œå›½
 ; [cca2=MR].translations.kor.common
Expected: Ã«ÂªÂ¨Ã«Â¦Â¬Ã­Æ’â‚¬Ã«â€¹Ë†
     got: ëª¨ë¦¬íƒ€ë‹ˆ
 ; [cca2=MR].translations.kor.official
Expected: Ã«ÂªÂ¨Ã«Â¦Â¬Ã­Æ’â‚¬Ã«â€¹Ë† Ã¬ï¿½Â´Ã¬Å Â¬Ã«Å¾Å’ ÃªÂ³ÂµÃ­â„¢â€�ÃªÂµÂ­
     got: ëª¨ë¦¬íƒ€ë‹ˆ ì�´ìŠ¬ëžŒ ê³µí™”êµ­
 ; [cca2=MR].translations.nld.common
Expected: MauritaniÃƒÂ«
     got: MauritaniÃ«
 ; [cca2=MR].translations.nld.official
Expected: Islamitische Republiek MauritaniÃƒÂ«
     got: Islamitische Republiek MauritaniÃ«
 ; [cca2=MR].translations.per.common
Expected: Ã™â€¦Ã™Ë†Ã˜Â±Ã›Å’Ã˜ÂªÃ˜Â§Ã™â€ Ã›Å’
     got: Ù…ÙˆØ±ÛŒØªØ§Ù†ÛŒ
 ; [cca2=MR].translations.per.official
Expected: Ã˜Â¬Ã™â€¦Ã™â€¡Ã™Ë†Ã˜Â±Ã›Å’ Ã˜Â§Ã˜Â³Ã™â€žÃ˜Â§Ã™â€¦Ã›Å’ Ã™â€¦Ã™Ë†Ã˜Â±Ã›Å’Ã˜ÂªÃ˜Â§Ã™â€ Ã›Å’
     got: Ø¬Ù…Ù‡ÙˆØ±ÛŒ Ø§Ø³Ù„Ø§Ù…ÛŒ Ù…ÙˆØ±ÛŒØªØ§Ù†ÛŒ
 ; [cca2=MR].translations.pol.official
Expected: Islamska Republika MauretaÃ…â€žska
     got: Islamska Republika MauretaÅ„ska
 ; [cca2=MR].translations.por.common
Expected: MauritÃƒÂ¢nia
     got: MauritÃ¢nia
 ; [cca2=MR].translations.por.official
Expected: RepÃƒÂºblica IslÃƒÂ¢mica da MauritÃƒÂ¢nia
     got: RepÃºblica IslÃ¢mica da MauritÃ¢nia
 ; [cca2=MR].translations.rus.common
Expected: Ã�Å“Ã�Â°Ã�Â²Ã‘â‚¬Ã�Â¸Ã‘â€šÃ�Â°Ã�Â½Ã�Â¸Ã‘ï¿½
     got: ÐœÐ°Ð²Ñ€Ð¸Ñ‚Ð°Ð½Ð¸Ñ�
 ; [cca2=MR].translations.rus.official
Expected: Ã�ËœÃ‘ï¿½Ã�Â»Ã�Â°Ã�Â¼Ã‘ï¿½Ã�ÂºÃ�Â°Ã‘ï¿½ Ã�Â Ã�ÂµÃ‘ï¿½Ã�Â¿Ã‘Æ’Ã�Â±Ã�Â»Ã�Â¸Ã�ÂºÃ�Â° Ã�Å“Ã�Â°Ã�Â²Ã‘â‚¬Ã�Â¸Ã‘â€šÃ�Â°Ã�Â½Ã�Â¸Ã‘ï¿½
     got: Ð˜Ñ�Ð»Ð°Ð¼Ñ�ÐºÐ°Ñ� Ð ÐµÑ�Ð¿ÑƒÐ±Ð»Ð¸ÐºÐ° ÐœÐ°Ð²Ñ€Ð¸Ñ‚Ð°Ð½Ð¸Ñ�
 ; [cca2=MR].translations.slk.common
Expected: MauritÃƒÂ¡nia
     got: MauritÃ¡nia
 ; [cca2=MR].translations.slk.official
Expected: MauritÃƒÂ¡nska islamskÃƒÂ¡ republika
     got: MauritÃ¡nska islamskÃ¡ republika
 ; [cca2=MR].translations.spa.official
Expected: RepÃƒÂºblica IslÃƒÂ¡mica de Mauritania
     got: RepÃºblica IslÃ¡mica de Mauritania
 ; [cca2=MR].translations.srp.common
Expected: Ã�Å“Ã�Â°Ã‘Æ’Ã‘â‚¬Ã�Â¸Ã‘â€šÃ�Â°Ã�Â½Ã�Â¸Ã‘ËœÃ�Â°
     got: ÐœÐ°ÑƒÑ€Ð¸Ñ‚Ð°Ð½Ð¸Ñ˜Ð°
 ; [cca2=MR].translations.srp.official
Expected: Ã�ËœÃ‘ï¿½Ã�Â»Ã�Â°Ã�Â¼Ã‘ï¿½Ã�ÂºÃ�Â° Ã�Â Ã�ÂµÃ�Â¿Ã‘Æ’Ã�Â±Ã�Â»Ã�Â¸Ã�ÂºÃ�Â° Ã�Å“Ã�Â°Ã‘Æ’Ã‘â‚¬Ã�Â¸Ã‘â€šÃ�Â°Ã�Â½Ã�Â¸Ã‘ËœÃ�Â°
     got: Ð˜Ñ�Ð»Ð°Ð¼Ñ�ÐºÐ° Ð ÐµÐ¿ÑƒÐ±Ð»Ð¸ÐºÐ° ÐœÐ°ÑƒÑ€Ð¸Ñ‚Ð°Ð½Ð¸Ñ˜Ð°
 ; [cca2=MR].translations.tur.official
Expected: Moritanya Ã„Â°slam Cumhuriyeti
     got: Moritanya Ä°slam Cumhuriyeti
 ; [cca2=MR].translations.urd.common
Expected: Ã™â€¦Ã™Ë†Ã˜Â±Ã›Å’Ã˜ÂªÃ˜Â§Ã™â€ Ã›Å’Ã›ï¿½
     got: Ù…ÙˆØ±ÛŒØªØ§Ù†ÛŒÛ�
 ; [cca2=MR].translations.urd.official
Expected: Ã˜Â§Ã˜Â³Ã™â€žÃ˜Â§Ã™â€¦Ã›Å’ Ã˜Â¬Ã™â€¦Ã›ï¿½Ã™Ë†Ã˜Â±Ã›Å’Ã›ï¿½ Ã™â€¦Ã™Ë†Ã˜Â±Ã›Å’Ã˜ÂªÃ˜Â§Ã™â€ Ã›Å’Ã›ï¿½
     got: Ø§Ø³Ù„Ø§Ù…ÛŒ Ø¬Ù…Û�ÙˆØ±ÛŒÛ� Ù…ÙˆØ±ÛŒØªØ§Ù†ÛŒÛ�
 ; [cca2=MR].translations.zho.common
Expected: Ã¦Â¯â€ºÃ©â€¡Å’Ã¥Â¡â€�Ã¥Â°Â¼Ã¤ÂºÅ¡
     got: æ¯›é‡Œå¡”å°¼äºš
 ; [cca2=MR].translations.zho.official
Expected: Ã¦Â¯â€ºÃ©â€¡Å’Ã¥Â¡â€�Ã¥Â°Â¼Ã¤ÂºÅ¡Ã¤Â¼Å Ã¦â€“Â¯Ã¥â€¦Â°Ã¥â€¦Â±Ã¥â€™Å’Ã¥â€ºÂ½
     got: æ¯›é‡Œå¡”å°¼äºšä¼Šæ–¯å…°å…±å’Œå›½
 ; [cca2=MS].flag
Expected: Ã°Å¸â€¡Â²Ã°Å¸â€¡Â¸
     got: ðŸ‡²ðŸ‡¸
 ; [cca2=MS].translations.ara.common
Expected: Ã™â€¦Ã™Ë†Ã™â€ Ã˜ÂªÃ˜Â³Ã˜Â±Ã˜Â§Ã˜Âª
     got: Ù…ÙˆÙ†ØªØ³Ø±Ø§Øª
 ; [cca2=MS].translations.ara.official
Expected: Ã™â€¦Ã™Ë†Ã™â€ Ã˜ÂªÃ˜Â³Ã˜Â±Ã˜Â§Ã˜Âª
     got: Ù…ÙˆÙ†ØªØ³Ø±Ø§Øª
 ; [cca2=MS].translations.jpn.common
Expected: Ã£Æ’Â¢Ã£Æ’Â³Ã£Æ’Ë†Ã£â€šÂ»Ã£Æ’Â©Ã£Æ’Ë†
     got: ãƒ¢ãƒ³ãƒˆã‚»ãƒ©ãƒˆ
 ; [cca2=MS].translations.jpn.official
Expected: Ã£Æ’Â¢Ã£Æ’Â³Ã£Æ’Ë†Ã£â€šÂ»Ã£Æ’Â©Ã£Æ’Ë†
     got: ãƒ¢ãƒ³ãƒˆã‚»ãƒ©ãƒˆ
 ; [cca2=MS].translations.kor.common
Expected: Ã«ÂªÂ¬Ã­Å Â¸Ã¬â€žÂ¸Ã«Å¾Â«
     got: ëª¬íŠ¸ì„¸ëž«
 ; [cca2=MS].translations.kor.official
Expected: Ã«ÂªÂ¬Ã­Å Â¸Ã¬â€žÂ¸Ã«Å¾Â«
     got: ëª¬íŠ¸ì„¸ëž«
 ; [cca2=MS].translations.per.common
Expected: Ã™â€¦Ã™Ë†Ã™â€ Ã˜ÂªÃ˜Â³Ã˜Â±Ã˜Â§Ã˜Âª
     got: Ù…ÙˆÙ†ØªØ³Ø±Ø§Øª
 ; [cca2=MS].translations.per.official
Expected: Ã™â€¦Ã™Ë†Ã™â€ Ã˜ÂªÃ˜Â³Ã˜Â±Ã˜Â§Ã˜Âª
     got: Ù…ÙˆÙ†ØªØ³Ø±Ø§Øª
 ; [cca2=MS].translations.rus.common
Expected: Ã�Å“Ã�Â¾Ã�Â½Ã‘â€šÃ‘ï¿½Ã�ÂµÃ‘â‚¬Ã‘â‚¬Ã�Â°Ã‘â€š
     got: ÐœÐ¾Ð½Ñ‚Ñ�ÐµÑ€Ñ€Ð°Ñ‚
 ; [cca2=MS].translations.rus.official
Expected: Ã�Å“Ã�Â¾Ã�Â½Ã‘â€šÃ‘ï¿½Ã�ÂµÃ‘â‚¬Ã‘â‚¬Ã�Â°Ã‘â€š
     got: ÐœÐ¾Ð½Ñ‚Ñ�ÐµÑ€Ñ€Ð°Ñ‚
 ; [cca2=MS].translations.srp.common
Expected: Ã�Å“Ã�Â¾Ã�Â½Ã‘â€šÃ‘ï¿½Ã�ÂµÃ‘â‚¬Ã�Â°Ã‘â€š
     got: ÐœÐ¾Ð½Ñ‚Ñ�ÐµÑ€Ð°Ñ‚
 ; [cca2=MS].translations.srp.official
Expected: Ã�Å“Ã�Â¾Ã�Â½Ã‘â€šÃ‘ï¿½Ã�ÂµÃ‘â‚¬Ã�Â°Ã‘â€š
     got: ÐœÐ¾Ð½Ñ‚Ñ�ÐµÑ€Ð°Ñ‚
 ; [cca2=MS].translations.urd.common
Expected: Ã™â€¦Ã˜Â§Ã™â€ Ã™Â¹Ã˜Â³Ã˜Â±Ã›Å’Ã™Â¹
     got: Ù…Ø§Ù†Ù¹Ø³Ø±ÛŒÙ¹
 ; [cca2=MS].translations.urd.official
Expected: Ã™â€¦Ã˜Â§Ã™â€ Ã™Â¹Ã˜Â³Ã˜Â±Ã›Å’Ã™Â¹
     got: Ù…Ø§Ù†Ù¹Ø³Ø±ÛŒÙ¹
 ; [cca2=MS].translations.zho.common
Expected: Ã¨â€™â„¢Ã§â€°Â¹Ã¥Â¡Å¾Ã¦â€¹â€°Ã§â€°Â¹
     got: è’™ç‰¹å¡žæ‹‰ç‰¹
 ; [cca2=MS].translations.zho.official
Expected: Ã¨â€™â„¢Ã§â€°Â¹Ã¥Â¡Å¾Ã¦â€¹â€°Ã§â€°Â¹
     got: è’™ç‰¹å¡žæ‹‰ç‰¹
 ; [cca2=MT].currencies.EUR.symbol
Expected: Ã¢â€šÂ¬
     got: â‚¬
 ; [cca2=MT].flag
Expected: Ã°Å¸â€¡Â²Ã°Å¸â€¡Â¹
     got: ðŸ‡²ðŸ‡¹
 ; [cca2=MT].translations.ara.common
Expected: Ã™â€¦Ã˜Â§Ã™â€žÃ˜Â·Ã˜Â§
     got: Ù…Ø§Ù„Ø·Ø§
 ; [cca2=MT].translations.ara.official
Expected: Ã˜Â¬Ã™â€¦Ã™â€¡Ã™Ë†Ã˜Â±Ã™Å Ã˜Â© Ã™â€¦Ã˜Â§Ã™â€žÃ˜Â·Ã˜Â§
     got: Ø¬Ù…Ù‡ÙˆØ±ÙŠØ© Ù…Ø§Ù„Ø·Ø§
 ; [cca2=MT].translations.ces.official
Expected: MaltskÃƒÂ¡ republika
     got: MaltskÃ¡ republika
 ; [cca2=MT].translations.fra.official
Expected: RÃƒÂ©publique de Malte
     got: RÃ©publique de Malte
 ; [cca2=MT].translations.hun.common
Expected: MÃƒÂ¡lta
     got: MÃ¡lta
 ; [cca2=MT].translations.hun.official
Expected: MÃƒÂ¡ltai KÃƒÂ¶ztÃƒÂ¡rsasÃƒÂ¡g
     got: MÃ¡ltai KÃ¶ztÃ¡rsasÃ¡g
 ; [cca2=MT].translations.jpn.common
Expected: Ã£Æ’Å¾Ã£Æ’Â«Ã£â€šÂ¿
     got: ãƒžãƒ«ã‚¿
 ; [cca2=MT].translations.jpn.official
Expected: Ã£Æ’Å¾Ã£Æ’Â«Ã£â€šÂ¿Ã¥â€¦Â±Ã¥â€™Å’Ã¥â€ºÂ½
     got: ãƒžãƒ«ã‚¿å…±å’Œå›½
 ; [cca2=MT].translations.kor.common
Expected: Ã«ÂªÂ°Ã­Æ’â‚¬
     got: ëª°íƒ€
 ; [cca2=MT].translations.kor.official
Expected: Ã«ÂªÂ°Ã­Æ’â‚¬ ÃªÂ³ÂµÃ­â„¢â€�ÃªÂµÂ­
     got: ëª°íƒ€ ê³µí™”êµ­
 ; [cca2=MT].translations.per.common
Expected: Ã™â€¦Ã˜Â§Ã™â€žÃ˜Âª
     got: Ù…Ø§Ù„Øª
 ; [cca2=MT].translations.per.official
Expected: Ã˜Â¬Ã™â€¦Ã™â€¡Ã™Ë†Ã˜Â±Ã›Å’ Ã™â€¦Ã˜Â§Ã™â€žÃ˜Âª
     got: Ø¬Ù…Ù‡ÙˆØ±ÛŒ Ù…Ø§Ù„Øª
 ; [cca2=MT].translations.por.official
Expected: RepÃƒÂºblica de Malta
     got: RepÃºblica de Malta
 ; [cca2=MT].translations.rus.common
Expected: Ã�Å“Ã�Â°Ã�Â»Ã‘Å’Ã‘â€šÃ�Â°
     got: ÐœÐ°Ð»ÑŒÑ‚Ð°
 ; [cca2=MT].translations.rus.official
Expected: Ã�Â Ã�ÂµÃ‘ï¿½Ã�Â¿Ã‘Æ’Ã�Â±Ã�Â»Ã�Â¸Ã�ÂºÃ�Â° Ã�Å“Ã�Â°Ã�Â»Ã‘Å’Ã‘â€šÃ�Â°
     got: Ð ÐµÑ�Ð¿ÑƒÐ±Ð»Ð¸ÐºÐ° ÐœÐ°Ð»ÑŒÑ‚Ð°
 ; [cca2=MT].translations.slk.official
Expected: MaltskÃƒÂ¡ republika
     got: MaltskÃ¡ republika
 ; [cca2=MT].translations.spa.official
Expected: RepÃƒÂºblica de Malta
     got: RepÃºblica de Malta
 ; [cca2=MT].translations.srp.common
Expected: Ã�Å“Ã�Â°Ã�Â»Ã‘â€šÃ�Â°
     got: ÐœÐ°Ð»Ñ‚Ð°
 ; [cca2=MT].translations.srp.official
Expected:  Ã�Â Ã�ÂµÃ�Â¿Ã‘Æ’Ã�Â±Ã�Â»Ã�Â¸Ã�ÂºÃ�Â° Ã�Å“Ã�Â°Ã�Â»Ã‘â€šÃ�Â°
     got:  Ð ÐµÐ¿ÑƒÐ±Ð»Ð¸ÐºÐ° ÐœÐ°Ð»Ñ‚Ð°
 ; [cca2=MT].translations.urd.common
Expected: Ã™â€¦Ã˜Â§Ã™â€žÃ™Â¹Ã˜Â§
     got: Ù…Ø§Ù„Ù¹Ø§
 ; [cca2=MT].translations.urd.official
Expected: Ã˜Â¬Ã™â€¦Ã›ï¿½Ã™Ë†Ã˜Â±Ã›Å’Ã›ï¿½ Ã™â€¦Ã˜Â§Ã™â€žÃ™Â¹Ã˜Â§
     got: Ø¬Ù…Û�ÙˆØ±ÛŒÛ� Ù…Ø§Ù„Ù¹Ø§
 ; [cca2=MT].translations.zho.common
Expected: Ã©Â©Â¬Ã¨â‚¬Â³Ã¤Â»â€“
     got: é©¬è€³ä»–
 ; [cca2=MT].translations.zho.official
Expected: Ã©Â©Â¬Ã¨â‚¬Â³Ã¤Â»â€“Ã¥â€¦Â±Ã¥â€™Å’Ã¥â€ºÂ½
     got: é©¬è€³ä»–å…±å’Œå›½
 ; [cca2=MU].altSpellings[]
Expected: RÃƒÂ©publique de Maurice
     but none found
 ; [cca2=MU].altSpellings[]
Unexpected: RÃ©publique de Maurice
 ; [cca2=MU].currencies.MUR.symbol
Expected: Ã¢â€šÂ¨
     got: â‚¨
 ; [cca2=MU].flag
Expected: Ã°Å¸â€¡Â²Ã°Å¸â€¡Âº
     got: ðŸ‡²ðŸ‡º
 ; [cca2=MU].name.nativeName.fra.official
Expected: RÃƒÂ©publique de Maurice
     got: RÃ©publique de Maurice
 ; [cca2=MU].translations.ara.common
Expected: Ã™â€¦Ã™Ë†Ã˜Â±Ã™Å Ã˜Â´Ã™Å Ã™Ë†Ã˜Â³
     got: Ù…ÙˆØ±ÙŠØ´ÙŠÙˆØ³
 ; [cca2=MU].translations.ara.official
Expected: Ã˜Â¬Ã™â€¦Ã™â€¡Ã™Ë†Ã˜Â±Ã™Å Ã˜Â© Ã™â€¦Ã™Ë†Ã˜Â±Ã™Å Ã˜Â´Ã™Å Ã™Ë†Ã˜Â³
     got: Ø¬Ù…Ù‡ÙˆØ±ÙŠØ© Ù…ÙˆØ±ÙŠØ´ÙŠÙˆØ³
 ; [cca2=MU].translations.ces.official
Expected: MauricijskÃƒÂ¡ republika
     got: MauricijskÃ¡ republika
 ; [cca2=MU].translations.fra.common
Expected: ÃƒÅ½le Maurice
     got: ÃŽle Maurice
 ; [cca2=MU].translations.fra.official
Expected: RÃƒÂ©publique de Maurice
     got: RÃ©publique de Maurice
 ; [cca2=MU].translations.hun.official
Expected: Mauritiusi KÃƒÂ¶ztÃƒÂ¡rsasÃƒÂ¡g
     got: Mauritiusi KÃ¶ztÃ¡rsasÃ¡g
 ; [cca2=MU].translations.jpn.common
Expected: Ã£Æ’Â¢Ã£Æ’Â¼Ã£Æ’ÂªÃ£â€šÂ·Ã£Æ’Â£Ã£â€šÂ¹
     got: ãƒ¢ãƒ¼ãƒªã‚·ãƒ£ã‚¹
 ; [cca2=MU].translations.jpn.official
Expected: Ã£Æ’Â¢Ã£Æ’Â¼Ã£Æ’ÂªÃ£â€šÂ·Ã£Æ’Â£Ã£â€šÂ¹Ã¥â€¦Â±Ã¥â€™Å’Ã¥â€ºÂ½
     got: ãƒ¢ãƒ¼ãƒªã‚·ãƒ£ã‚¹å…±å’Œå›½
 ; [cca2=MU].translations.kor.common
Expected: Ã«ÂªÂ¨Ã«Â¦Â¬Ã¬â€¦â€�Ã¬Å Â¤
     got: ëª¨ë¦¬ì…”ìŠ¤
 ; [cca2=MU].translations.kor.official
Expected: Ã«ÂªÂ¨Ã«Â¦Â¬Ã¬â€¦â€�Ã¬Å Â¤ ÃªÂ³ÂµÃ­â„¢â€�ÃªÂµÂ­
     got: ëª¨ë¦¬ì…”ìŠ¤ ê³µí™”êµ­
 ; [cca2=MU].translations.per.common
Expected: Ã™â€¦Ã™Ë†Ã˜Â±Ã›Å’Ã˜Â³
     got: Ù…ÙˆØ±ÛŒØ³
 ; [cca2=MU].translations.per.official
Expected: Ã˜Â¬Ã™â€¦Ã™â€¡Ã™Ë†Ã˜Â±Ã›Å’ Ã™â€¦Ã™Ë†Ã˜Â±Ã›Å’Ã˜Â³
     got: Ø¬Ù…Ù‡ÙˆØ±ÛŒ Ù…ÙˆØ±ÛŒØ³
 ; [cca2=MU].translations.por.common
Expected: MaurÃƒÂ­cio
     got: MaurÃ­cio
 ; [cca2=MU].translations.por.official
Expected: RepÃƒÂºblica das MaurÃƒÂ­cias
     got: RepÃºblica das MaurÃ­cias
 ; [cca2=MU].translations.rus.common
Expected: Ã�Å“Ã�Â°Ã�Â²Ã‘â‚¬Ã�Â¸Ã�ÂºÃ�Â¸Ã�Â¹
     got: ÐœÐ°Ð²Ñ€Ð¸ÐºÐ¸Ð¹
 ; [cca2=MU].translations.rus.official
Expected: Ã�Â Ã�ÂµÃ‘ï¿½Ã�Â¿Ã‘Æ’Ã�Â±Ã�Â»Ã�Â¸Ã�ÂºÃ�Â° Ã�Å“Ã�Â°Ã�Â²Ã‘â‚¬Ã�Â¸Ã�ÂºÃ�Â¸Ã�Â¹
     got: Ð ÐµÑ�Ð¿ÑƒÐ±Ð»Ð¸ÐºÐ° ÐœÐ°Ð²Ñ€Ð¸ÐºÐ¸Ð¹
 ; [cca2=MU].translations.slk.common
Expected: MaurÃƒÂ­cius
     got: MaurÃ­cius
 ; [cca2=MU].translations.slk.official
Expected: MaurÃƒÂ­cijskÃƒÂ¡ republika
     got: MaurÃ­cijskÃ¡ republika
 ; [cca2=MU].translations.spa.official
Expected: RepÃƒÂºblica de Mauricio
     got: RepÃºblica de Mauricio
 ; [cca2=MU].translations.srp.common
Expected: Ã�Å“Ã�Â°Ã‘Æ’Ã‘â‚¬Ã�Â¸Ã‘â€ Ã�Â¸Ã‘ËœÃ‘Æ’Ã‘ï¿½
     got: ÐœÐ°ÑƒÑ€Ð¸Ñ†Ð¸Ñ˜ÑƒÑ�
 ; [cca2=MU].translations.srp.official
Expected: Ã�Â Ã�ÂµÃ�Â¿Ã‘Æ’Ã�Â±Ã�Â»Ã�Â¸Ã�ÂºÃ�Â° Ã�Å“Ã�Â°Ã‘Æ’Ã‘â‚¬Ã�Â¸Ã‘â€ Ã�Â¸Ã‘ËœÃ‘Æ’Ã‘ï¿½
     got: Ð ÐµÐ¿ÑƒÐ±Ð»Ð¸ÐºÐ° ÐœÐ°ÑƒÑ€Ð¸Ñ†Ð¸Ñ˜ÑƒÑ�
 ; [cca2=MU].translations.urd.common
Expected: Ã™â€¦Ã™Ë†Ã˜Â±Ã›Å’Ã˜Â´Ã˜Â³
     got: Ù…ÙˆØ±ÛŒØ´Ø³
 ; [cca2=MU].translations.urd.official
Expected: Ã˜Â¬Ã™â€¦Ã›ï¿½Ã™Ë†Ã˜Â±Ã›Å’Ã›ï¿½ Ã™â€¦Ã™Ë†Ã˜Â±Ã›Å’Ã˜Â´Ã˜Â³
     got: Ø¬Ù…Û�ÙˆØ±ÛŒÛ� Ù…ÙˆØ±ÛŒØ´Ø³
 ; [cca2=MU].translations.zho.common
Expected: Ã¦Â¯â€ºÃ©â€¡Å’Ã¦Â±â€šÃ¦â€“Â¯
     got: æ¯›é‡Œæ±‚æ–¯
 ; [cca2=MU].translations.zho.official
Expected: Ã¦Â¯â€ºÃ©â€¡Å’Ã¦Â±â€šÃ¦â€“Â¯Ã¥â€¦Â±Ã¥â€™Å’Ã¥â€ºÂ½
     got: æ¯›é‡Œæ±‚æ–¯å…±å’Œå›½
 ; [cca2=MV].capital[]
Expected: MalÃƒÂ©
     but none found
 ; [cca2=MV].capital[]
Unexpected: MalÃ©
 ; [cca2=MV].currencies.MVR.symbol
Expected: .ÃžÆ’
     got: .Þƒ
 ; [cca2=MV].flag
Expected: Ã°Å¸â€¡Â²Ã°Å¸â€¡Â»
     got: ðŸ‡²ðŸ‡»
 ; [cca2=MV].name.nativeName.div.common
Expected: Ãžâ€¹ÃžÂ¨ÃžË†ÃžÂ¬Ãžâ‚¬ÃžÂ¨ÃžÆ’ÃžÂ§Ãžâ€¡ÃžÂ°Ãžâ€“ÃžÂ­ÃžÅ½ÃžÂ¬
     got: Þ‹Þ¨ÞˆÞ¬Þ€Þ¨ÞƒÞ§Þ‡Þ°Þ–Þ­ÞŽÞ¬
 ; [cca2=MV].name.nativeName.div.official
Expected: Ãžâ€¹ÃžÂ¨ÃžË†ÃžÂ¬Ãžâ‚¬ÃžÂ¨ÃžÆ’ÃžÂ§Ãžâ€¡ÃžÂ°Ãžâ€“ÃžÂ­ÃžÅ½ÃžÂ¬ Ãžâ€“ÃžÂªÃžâ€°ÃžÂ°Ãžâ‚¬ÃžÂ«ÃžÆ’ÃžÂ¨Ãžâ€¡ÃžÂ°Ãžâ€�ÃžÂ§
     got: Þ‹Þ¨ÞˆÞ¬Þ€Þ¨ÞƒÞ§Þ‡Þ°Þ–Þ­ÞŽÞ¬ Þ–ÞªÞ‰Þ°Þ€Þ«ÞƒÞ¨Þ‡Þ°Þ”Þ§
 ; [cca2=MV].translations.ara.common
Expected: Ã˜Â§Ã™â€žÃ™â€¦Ã˜Â§Ã™â€žÃ˜Â¯Ã™Å Ã™ï¿½
     got: Ø§Ù„Ù…Ø§Ù„Ø¯ÙŠÙ�
 ; [cca2=MV].translations.ara.official
Expected: Ã˜Â¬Ã™â€¦Ã™â€¡Ã™Ë†Ã˜Â±Ã™Å Ã˜Â© Ã˜Â§Ã™â€žÃ™â€¦Ã˜Â§Ã™â€žÃ˜Â¯Ã™Å Ã™ï¿½
     got: Ø¬Ù…Ù‡ÙˆØ±ÙŠØ© Ø§Ù„Ù…Ø§Ù„Ø¯ÙŠÙ�
 ; [cca2=MV].translations.ces.official
Expected: MaledivskÃƒÂ¡ republika
     got: MaledivskÃ¡ republika
 ; [cca2=MV].translations.fra.official
Expected: RÃƒÂ©publique des Maldives
     got: RÃ©publique des Maldives
 ; [cca2=MV].translations.hun.common
Expected: MaldÃƒÂ­v-szigetek
     got: MaldÃ­v-szigetek
 ; [cca2=MV].translations.hun.official
Expected: MaldÃƒÂ­v-szigetek
     got: MaldÃ­v-szigetek
 ; [cca2=MV].translations.jpn.common
Expected: Ã£Æ’Â¢Ã£Æ’Â«Ã£Æ’â€¡Ã£â€šÂ£Ã£Æ’â€“
     got: ãƒ¢ãƒ«ãƒ‡ã‚£ãƒ–
 ; [cca2=MV].translations.jpn.official
Expected: Ã£Æ’Â¢Ã£Æ’Â«Ã£Æ’â€¡Ã£â€šÂ£Ã£Æ’â€“Ã¥â€¦Â±Ã¥â€™Å’Ã¥â€ºÂ½
     got: ãƒ¢ãƒ«ãƒ‡ã‚£ãƒ–å…±å’Œå›½
 ; [cca2=MV].translations.kor.common
Expected: Ã«ÂªÂ°Ã«â€�â€�Ã«Â¸Å’
     got: ëª°ë””ë¸Œ
 ; [cca2=MV].translations.kor.official
Expected: Ã«ÂªÂ°Ã«â€�â€�Ã«Â¸Å’ ÃªÂ³ÂµÃ­â„¢â€�ÃªÂµÂ­
     got: ëª°ë””ë¸Œ ê³µí™”êµ­
 ; [cca2=MV].translations.per.common
Expected: Ã™â€¦Ã˜Â§Ã™â€žÃ˜Â¯Ã›Å’Ã™Ë†
     got: Ù…Ø§Ù„Ø¯ÛŒÙˆ
 ; [cca2=MV].translations.per.official
Expected: Ã˜Â¬Ã™â€¦Ã™â€¡Ã™Ë†Ã˜Â±Ã›Å’ Ã™â€¦Ã˜Â§Ã™â€žÃ˜Â¯Ã›Å’Ã™Ë†
     got: Ø¬Ù…Ù‡ÙˆØ±ÛŒ Ù…Ø§Ù„Ø¯ÛŒÙˆ
 ; [cca2=MV].translations.pol.official
Expected: Republika MalediwÃƒÂ³w
     got: Republika MalediwÃ³w
 ; [cca2=MV].translations.por.official
Expected: RepÃƒÂºblica das Maldivas
     got: RepÃºblica das Maldivas
 ; [cca2=MV].translations.rus.common
Expected: Ã�Å“Ã�Â°Ã�Â»Ã‘Å’Ã�Â´Ã�Â¸Ã�Â²Ã‘â€¹
     got: ÐœÐ°Ð»ÑŒÐ´Ð¸Ð²Ñ‹
 ; [cca2=MV].translations.rus.official
Expected: Ã�Â Ã�ÂµÃ‘ï¿½Ã�Â¿Ã‘Æ’Ã�Â±Ã�Â»Ã�Â¸Ã�ÂºÃ�Â° Ã�Å“Ã�Â°Ã�Â»Ã‘Å’Ã�Â´Ã�Â¸Ã�Â²Ã‘â€¹
     got: Ð ÐµÑ�Ð¿ÑƒÐ±Ð»Ð¸ÐºÐ° ÐœÐ°Ð»ÑŒÐ´Ð¸Ð²Ñ‹
 ; [cca2=MV].translations.slk.official
Expected: MaldivskÃƒÂ¡ republika
     got: MaldivskÃ¡ republika
 ; [cca2=MV].translations.spa.official
Expected: RepÃƒÂºblica de las Maldivas
     got: RepÃºblica de las Maldivas
 ; [cca2=MV].translations.srp.common
Expected: Ã�Å“Ã�Â°Ã�Â»Ã�Â´Ã�Â¸Ã�Â²Ã�Â¸
     got: ÐœÐ°Ð»Ð´Ð¸Ð²Ð¸
 ; [cca2=MV].translations.srp.official
Expected: Ã�Å“Ã�Â°Ã�Â»Ã�Â´Ã�Â¸Ã�Â²Ã‘ï¿½Ã�ÂºÃ�Â° Ã�Â Ã�ÂµÃ�Â¿Ã‘Æ’Ã�Â±Ã�Â»Ã�Â¸Ã�ÂºÃ�Â°
     got: ÐœÐ°Ð»Ð´Ð¸Ð²Ñ�ÐºÐ° Ð ÐµÐ¿ÑƒÐ±Ð»Ð¸ÐºÐ°
 ; [cca2=MV].translations.urd.common
Expected: Ã™â€¦Ã˜Â§Ã™â€žÃ˜Â¯Ã›Å’Ã™Â¾
     got: Ù…Ø§Ù„Ø¯ÛŒÙ¾
 ; [cca2=MV].translations.urd.official
Expected: Ã˜Â¬Ã™â€¦Ã›ï¿½Ã™Ë†Ã˜Â±Ã›Å’Ã›ï¿½ Ã™â€¦Ã˜Â§Ã™â€žÃ˜Â¯Ã›Å’Ã™Â¾
     got: Ø¬Ù…Û�ÙˆØ±ÛŒÛ� Ù…Ø§Ù„Ø¯ÛŒÙ¾
 ; [cca2=MV].translations.zho.common
Expected: Ã©Â©Â¬Ã¥Â°â€�Ã¤Â»Â£Ã¥Â¤Â«
     got: é©¬å°”ä»£å¤«
 ; [cca2=MV].translations.zho.official
Expected: Ã©Â©Â¬Ã¥Â°â€�Ã¤Â»Â£Ã¥Â¤Â«Ã¥â€¦Â±Ã¥â€™Å’Ã¥â€ºÂ½
     got: é©¬å°”ä»£å¤«å…±å’Œå›½
 ; [cca2=MW].flag
Expected: Ã°Å¸â€¡Â²Ã°Å¸â€¡Â¼
     got: ðŸ‡²ðŸ‡¼
 ; [cca2=MW].name.nativeName.nya.common
Expected: MalaÃ…Âµi
     got: MalaÅµi
 ; [cca2=MW].name.nativeName.nya.official
Expected: Chalo cha Malawi, Dziko la MalaÃ…Âµi
     got: Chalo cha Malawi, Dziko la MalaÅµi
 ; [cca2=MW].translations.ara.common
Expected: Ã™â€¦Ã˜Â§Ã™â€žÃ˜Â§Ã™Ë†Ã™Å 
     got: Ù…Ø§Ù„Ø§ÙˆÙŠ
 ; [cca2=MW].translations.ara.official
Expected: Ã˜Â¬Ã™â€¦Ã™â€¡Ã™Ë†Ã˜Â±Ã™Å Ã˜Â© Ã™â€¦Ã˜Â§Ã™â€žÃ˜Â§Ã™Ë†Ã™Å 
     got: Ø¬Ù…Ù‡ÙˆØ±ÙŠØ© Ù…Ø§Ù„Ø§ÙˆÙŠ
 ; [cca2=MW].translations.ces.official
Expected: MalawiskÃƒÂ¡ republika
     got: MalawiskÃ¡ republika
 ; [cca2=MW].translations.fra.official
Expected: RÃƒÂ©publique du Malawi
     got: RÃ©publique du Malawi
 ; [cca2=MW].translations.hun.official
Expected: Malawi KÃƒÂ¶ztÃƒÂ¡rsasÃƒÂ¡g
     got: Malawi KÃ¶ztÃ¡rsasÃ¡g
 ; [cca2=MW].translations.jpn.common
Expected: Ã£Æ’Å¾Ã£Æ’Â©Ã£â€šÂ¦Ã£â€šÂ¤
     got: ãƒžãƒ©ã‚¦ã‚¤
 ; [cca2=MW].translations.jpn.official
Expected: Ã£Æ’Å¾Ã£Æ’Â©Ã£â€šÂ¦Ã£â€šÂ¤Ã¥â€¦Â±Ã¥â€™Å’Ã¥â€ºÂ½
     got: ãƒžãƒ©ã‚¦ã‚¤å…±å’Œå›½
 ; [cca2=MW].translations.kor.common
Expected: Ã«Â§ï¿½Ã«ï¿½Â¼Ã¬Å“â€ž
     got: ë§�ë�¼ìœ„
 ; [cca2=MW].translations.kor.official
Expected: Ã«Â§ï¿½Ã«ï¿½Â¼Ã¬Å“â€ž ÃªÂ³ÂµÃ­â„¢â€�ÃªÂµÂ­
     got: ë§�ë�¼ìœ„ ê³µí™”êµ­
 ; [cca2=MW].translations.per.common
Expected: Ã™â€¦Ã˜Â§Ã™â€žÃ˜Â§Ã™Ë†Ã›Å’
     got: Ù…Ø§Ù„Ø§ÙˆÛŒ
 ; [cca2=MW].translations.per.official
Expected: Ã˜Â¬Ã™â€¦Ã™â€¡Ã™Ë†Ã˜Â±Ã›Å’ Ã™â€¦Ã˜Â§Ã™â€žÃ˜Â§Ã™Ë†Ã›Å’
     got: Ø¬Ù…Ù‡ÙˆØ±ÛŒ Ù…Ø§Ù„Ø§ÙˆÛŒ
 ; [cca2=MW].translations.por.official
Expected: RepÃƒÂºblica do Malawi
     got: RepÃºblica do Malawi
 ; [cca2=MW].translations.rus.common
Expected: Ã�Å“Ã�Â°Ã�Â»Ã�Â°Ã�Â²Ã�Â¸
     got: ÐœÐ°Ð»Ð°Ð²Ð¸
 ; [cca2=MW].translations.rus.official
Expected: Ã�Â Ã�ÂµÃ‘ï¿½Ã�Â¿Ã‘Æ’Ã�Â±Ã�Â»Ã�Â¸Ã�ÂºÃ�Â° Ã�Å“Ã�Â°Ã�Â»Ã�Â°Ã�Â²Ã�Â¸
     got: Ð ÐµÑ�Ð¿ÑƒÐ±Ð»Ð¸ÐºÐ° ÐœÐ°Ð»Ð°Ð²Ð¸
 ; [cca2=MW].translations.slk.official
Expected: MalawijskÃƒÂ¡ republika
     got: MalawijskÃ¡ republika
 ; [cca2=MW].translations.spa.official
Expected: RepÃƒÂºblica de Malawi
     got: RepÃºblica de Malawi
 ; [cca2=MW].translations.srp.common
Expected: Ã�Å“Ã�Â°Ã�Â»Ã�Â°Ã�Â²Ã�Â¸
     got: ÐœÐ°Ð»Ð°Ð²Ð¸
 ; [cca2=MW].translations.srp.official
Expected: Ã�Â Ã�ÂµÃ�Â¿Ã‘Æ’Ã�Â±Ã�Â»Ã�Â¸Ã�ÂºÃ�Â° Ã�Å“Ã�Â°Ã�Â»Ã�Â°Ã�Â²Ã�Â¸
     got: Ð ÐµÐ¿ÑƒÐ±Ð»Ð¸ÐºÐ° ÐœÐ°Ð»Ð°Ð²Ð¸
 ; [cca2=MW].translations.urd.common
Expected: Ã™â€¦Ã™â€žÃ˜Â§Ã™Ë†Ã›Å’
     got: Ù…Ù„Ø§ÙˆÛŒ
 ; [cca2=MW].translations.urd.official
Expected: Ã˜Â¬Ã™â€¦Ã›ï¿½Ã™Ë†Ã˜Â±Ã›Å’Ã›ï¿½ Ã™â€¦Ã™â€žÃ˜Â§Ã™Ë†Ã›Å’
     got: Ø¬Ù…Û�ÙˆØ±ÛŒÛ� Ù…Ù„Ø§ÙˆÛŒ
 ; [cca2=MW].translations.zho.common
Expected: Ã©Â©Â¬Ã¦â€¹â€°Ã§Â»Â´
     got: é©¬æ‹‰ç»´
 ; [cca2=MW].translations.zho.official
Expected: Ã©Â©Â¬Ã¦â€¹â€°Ã§Â»Â´Ã¥â€¦Â±Ã¥â€™Å’Ã¥â€ºÂ½
     got: é©¬æ‹‰ç»´å…±å’Œå›½
 ; [cca2=MX].flag
Expected: Ã°Å¸â€¡Â²Ã°Å¸â€¡Â½
     got: ðŸ‡²ðŸ‡½
 ; [cca2=MX].name.nativeName.spa.common
Expected: MÃƒÂ©xico
     got: MÃ©xico
 ; [cca2=MX].translations.ara.common
Expected: Ã˜Â§Ã™â€žÃ™â€¦Ã˜Â³Ã™Æ’Ã™Å Ã™Æ’
     got: Ø§Ù„Ù…Ø³ÙƒÙŠÙƒ
 ; [cca2=MX].translations.ara.official
Expected: Ã˜Â§Ã™â€žÃ™Ë†Ã™â€žÃ˜Â§Ã™Å Ã˜Â§Ã˜Âª Ã˜Â§Ã™â€žÃ™â€¦Ã˜ÂªÃ˜Â­Ã˜Â¯Ã˜Â© Ã˜Â§Ã™â€žÃ™â€¦Ã™Æ’Ã˜Â³Ã™Å Ã™Æ’Ã™Å Ã˜Â©
     got: Ø§Ù„ÙˆÙ„Ø§ÙŠØ§Øª Ø§Ù„Ù…ØªØ­Ø¯Ø© Ø§Ù„Ù…ÙƒØ³ÙŠÙƒÙŠØ©
 ; [cca2=MX].translations.bre.official
Expected: StadoÃƒÂ¹-Unanet Mec&apos;hiko
     got: StadoÃ¹-Unanet Mec&apos;hiko
 ; [cca2=MX].translations.ces.official
Expected: SpojenÃƒÂ© stÃƒÂ¡ty mexickÃƒÂ©
     got: SpojenÃ© stÃ¡ty mexickÃ©
 ; [cca2=MX].translations.est.official
Expected: Mehhiko ÃƒÅ“hendriigid
     got: Mehhiko Ãœhendriigid
 ; [cca2=MX].translations.fra.official
Expected: Ãƒâ€°tats-Unis du Mexique
     got: Ã‰tats-Unis du Mexique
 ; [cca2=MX].translations.hrv.official
Expected: Sjedinjene MeksiÃ„ï¿½ke DrÃ…Â¾ave
     got: Sjedinjene MeksiÄ�ke DrÅ¾ave
 ; [cca2=MX].translations.hun.common
Expected: MexikÃƒÂ³
     got: MexikÃ³
 ; [cca2=MX].translations.hun.official
Expected: MexikÃƒÂ³i EgyesÃƒÂ¼lt Ãƒï¿½llamok
     got: MexikÃ³i EgyesÃ¼lt Ã�llamok
 ; [cca2=MX].translations.jpn.common
Expected: Ã£Æ’Â¡Ã£â€šÂ­Ã£â€šÂ·Ã£â€šÂ³
     got: ãƒ¡ã‚­ã‚·ã‚³
 ; [cca2=MX].translations.jpn.official
Expected: Ã£Æ’Â¡Ã£â€šÂ­Ã£â€šÂ·Ã£â€šÂ³Ã¥ï¿½Ë†Ã¨Â¡â€ Ã¥â€ºÂ½
     got: ãƒ¡ã‚­ã‚·ã‚³å�ˆè¡†å›½
 ; [cca2=MX].translations.kor.common
Expected: Ã«Â©â€¢Ã¬â€¹Å“Ã¬Â½â€�
     got: ë©•ì‹œì½”
 ; [cca2=MX].translations.kor.official
Expected: Ã«Â©â€¢Ã¬â€¹Å“Ã¬Â½â€� Ã­â€¢Â©Ã¬Â¤â€˜ÃªÂµÂ­
     got: ë©•ì‹œì½” í•©ì¤‘êµ­
 ; [cca2=MX].translations.per.common
Expected: Ã™â€¦ÃšÂ©Ã˜Â²Ã›Å’ÃšÂ©
     got: Ù…Ú©Ø²ÛŒÚ©
 ; [cca2=MX].translations.per.official
Expected: Ã˜Â§Ã›Å’Ã˜Â§Ã™â€žÃ˜Â§Ã˜Âª Ã™â€¦Ã˜ÂªÃ˜Â­Ã˜Â¯ Ã™â€¦ÃšÂ©Ã˜Â²Ã›Å’ÃšÂ©
     got: Ø§ÛŒØ§Ù„Ø§Øª Ù…ØªØ­Ø¯ Ù…Ú©Ø²ÛŒÚ©
 ; [cca2=MX].translations.pol.official
Expected: MeksykaÃ…â€žskie Stany Zjednoczone
     got: MeksykaÅ„skie Stany Zjednoczone
 ; [cca2=MX].translations.por.common
Expected: MÃƒÂ©xico
     got: MÃ©xico
 ; [cca2=MX].translations.rus.common
Expected: Ã�Å“Ã�ÂµÃ�ÂºÃ‘ï¿½Ã�Â¸Ã�ÂºÃ�Â°
     got: ÐœÐµÐºÑ�Ð¸ÐºÐ°
 ; [cca2=MX].translations.rus.official
Expected: Ã�Å“Ã�ÂµÃ�ÂºÃ‘ï¿½Ã�Â¸Ã�ÂºÃ�Â°Ã�Â½Ã‘ï¿½Ã�ÂºÃ�Â¸Ã�Âµ Ã�Â¡Ã�Â¾Ã�ÂµÃ�Â´Ã�Â¸Ã�Â½Ã‘â€˜Ã�Â½Ã�Â½Ã‘â€¹Ã�Âµ Ã�Â¨Ã‘â€šÃ�Â°Ã‘â€šÃ‘â€¹
     got: ÐœÐµÐºÑ�Ð¸ÐºÐ°Ð½Ñ�ÐºÐ¸Ðµ Ð¡Ð¾ÐµÐ´Ð¸Ð½Ñ‘Ð½Ð½Ñ‹Ðµ Ð¨Ñ‚Ð°Ñ‚Ñ‹
 ; [cca2=MX].translations.slk.official
Expected: SpojenÃƒÂ© Ã…Â¡tÃƒÂ¡Ã…Â¡y mexickÃƒÂ©
     got: SpojenÃ© Å¡tÃ¡Å¡y mexickÃ©
 ; [cca2=MX].translations.spa.common
Expected: MÃƒÂ©xico
     got: MÃ©xico
 ; [cca2=MX].translations.srp.common
Expected: Ã�Å“Ã�ÂµÃ�ÂºÃ‘ï¿½Ã�Â¸Ã�ÂºÃ�Â¾
     got: ÐœÐµÐºÑ�Ð¸ÐºÐ¾
 ; [cca2=MX].translations.srp.official
Expected: Ã�Â¡Ã‘ËœÃ�ÂµÃ�Â´Ã�Â¸Ã‘Å¡Ã�ÂµÃ�Â½Ã�Âµ Ã�Å“Ã�ÂµÃ�ÂºÃ‘ï¿½Ã�Â¸Ã‘â€¡Ã�ÂºÃ�Âµ Ã�â€�Ã‘â‚¬Ã�Â¶Ã�Â°Ã�Â²Ã�Âµ
     got: Ð¡Ñ˜ÐµÐ´Ð¸ÑšÐµÐ½Ðµ ÐœÐµÐºÑ�Ð¸Ñ‡ÐºÐµ Ð”Ñ€Ð¶Ð°Ð²Ðµ
 ; [cca2=MX].translations.swe.official
Expected: Mexikos fÃƒÂ¶renta stater
     got: Mexikos fÃ¶renta stater
 ; [cca2=MX].translations.tur.official
Expected: BirleÃ…Å¸ik Meksika Devletleri
     got: BirleÅŸik Meksika Devletleri
 ; [cca2=MX].translations.urd.common
Expected: Ã™â€¦Ã›Å’ÃšÂ©Ã˜Â³Ã›Å’ÃšÂ©Ã™Ë†
     got: Ù…ÛŒÚ©Ø³ÛŒÚ©Ùˆ
 ; [cca2=MX].translations.urd.official
Expected: Ã˜Â±Ã›Å’Ã˜Â§Ã˜Â³Ã˜ÂªÃ›ï¿½Ã˜Â§Ã˜Â¦Ã›â€™ Ã™â€¦Ã˜ÂªÃ˜Â­Ã˜Â¯Ã›ï¿½ Ã™â€¦Ã›Å’ÃšÂ©Ã˜Â³Ã›Å’ÃšÂ©Ã™Ë†
     got: Ø±ÛŒØ§Ø³ØªÛ�Ø§Ø¦Û’ Ù…ØªØ­Ø¯Û� Ù…ÛŒÚ©Ø³ÛŒÚ©Ùˆ
 ; [cca2=MX].translations.zho.common
Expected: Ã¥Â¢Â¨Ã¨Â¥Â¿Ã¥â€œÂ¥
     got: å¢¨è¥¿å“¥
 ; [cca2=MX].translations.zho.official
Expected: Ã¥Â¢Â¨Ã¨Â¥Â¿Ã¥â€œÂ¥Ã¥ï¿½Ë†Ã¤Â¼â€”Ã¥â€ºÂ½
     got: å¢¨è¥¿å“¥å�ˆä¼—å›½
 ; [cca2=MY].flag
Expected: Ã°Å¸â€¡Â²Ã°Å¸â€¡Â¾
     got: ðŸ‡²ðŸ‡¾
 ; [cca2=MY].name.nativeName.msa.common
Expected: Ã™â€¦Ã™â€žÃ™Å Ã˜Â³Ã™Å Ã˜Â§
     got: Ù…Ù„ÙŠØ³ÙŠØ§
 ; [cca2=MY].name.nativeName.msa.official
Expected: Ã™â€¦Ã™â€žÃ™Å Ã˜Â³Ã™Å Ã˜Â§
     got: Ù…Ù„ÙŠØ³ÙŠØ§
 ; [cca2=MY].translations.ara.common
Expected: Ã™â€¦Ã˜Â§Ã™â€žÃ™Å Ã˜Â²Ã™Å Ã˜Â§
     got: Ù…Ø§Ù„ÙŠØ²ÙŠØ§
 ; [cca2=MY].translations.ara.official
Expected: Ã™â€¦Ã˜Â§Ã™â€žÃ™Å Ã˜Â²Ã™Å Ã˜Â§
     got: Ù…Ø§Ù„ÙŠØ²ÙŠØ§
 ; [cca2=MY].translations.fra.official
Expected: FÃƒÂ©dÃƒÂ©ration de Malaisie
     got: FÃ©dÃ©ration de Malaisie
 ; [cca2=MY].translations.jpn.common
Expected: Ã£Æ’Å¾Ã£Æ’Â¬Ã£Æ’Â¼Ã£â€šÂ·Ã£â€šÂ¢
     got: ãƒžãƒ¬ãƒ¼ã‚·ã‚¢
 ; [cca2=MY].translations.jpn.official
Expected: Ã£Æ’Å¾Ã£Æ’Â¬Ã£Æ’Â¼Ã£â€šÂ·Ã£â€šÂ¢
     got: ãƒžãƒ¬ãƒ¼ã‚·ã‚¢
 ; [cca2=MY].translations.kor.common
Expected: Ã«Â§ï¿½Ã«Â Ë†Ã¬ï¿½Â´Ã¬â€¹Å“Ã¬â€¢â€ž
     got: ë§�ë ˆì�´ì‹œì•„
 ; [cca2=MY].translations.kor.official
Expected: Ã«Â§ï¿½Ã«Â Ë†Ã¬ï¿½Â´Ã¬â€¹Å“Ã¬â€¢â€ž
     got: ë§�ë ˆì�´ì‹œì•„
 ; [cca2=MY].translations.nld.common
Expected: MaleisiÃƒÂ«
     got: MaleisiÃ«
 ; [cca2=MY].translations.nld.official
Expected: MaleisiÃƒÂ«
     got: MaleisiÃ«
 ; [cca2=MY].translations.per.common
Expected: Ã™â€¦Ã˜Â§Ã™â€žÃ˜Â²Ã›Å’
     got: Ù…Ø§Ù„Ø²ÛŒ
 ; [cca2=MY].translations.per.official
Expected: Ã™ï¿½Ã˜Â¯Ã˜Â±Ã˜Â§Ã˜Â³Ã›Å’Ã™Ë†Ã™â€  Ã™â€¦Ã˜Â§Ã™â€žÃ˜Â²Ã›Å’
     got: Ù�Ø¯Ø±Ø§Ø³ÛŒÙˆÙ† Ù…Ø§Ù„Ø²ÛŒ
 ; [cca2=MY].translations.por.common
Expected: MalÃƒÂ¡sia
     got: MalÃ¡sia
 ; [cca2=MY].translations.por.official
Expected: MalÃƒÂ¡sia
     got: MalÃ¡sia
 ; [cca2=MY].translations.rus.common
Expected: Ã�Å“Ã�Â°Ã�Â»Ã�Â°Ã�Â¹Ã�Â·Ã�Â¸Ã‘ï¿½
     got: ÐœÐ°Ð»Ð°Ð¹Ð·Ð¸Ñ�
 ; [cca2=MY].translations.rus.official
Expected: Ã�Å“Ã�Â°Ã�Â»Ã�Â°Ã�Â¹Ã�Â·Ã�Â¸Ã‘ï¿½
     got: ÐœÐ°Ð»Ð°Ð¹Ð·Ð¸Ñ�
 ; [cca2=MY].translations.srp.common
Expected: Ã�Å“Ã�Â°Ã�Â»Ã�ÂµÃ�Â·Ã�Â¸Ã‘ËœÃ�Â°
     got: ÐœÐ°Ð»ÐµÐ·Ð¸Ñ˜Ð°
 ; [cca2=MY].translations.srp.official
Expected: Ã�Å“Ã�Â°Ã�Â»Ã�ÂµÃ�Â·Ã�Â¸Ã‘ËœÃ�Â°
     got: ÐœÐ°Ð»ÐµÐ·Ð¸Ñ˜Ð°
 ; [cca2=MY].translations.urd.common
Expected: Ã™â€¦Ã™â€žÃ˜Â§Ã˜Â¦Ã›Å’Ã˜Â´Ã›Å’Ã˜Â§
     got: Ù…Ù„Ø§Ø¦ÛŒØ´ÛŒØ§
 ; [cca2=MY].translations.urd.official
Expected: Ã™â€¦Ã™â€žÃ˜Â§Ã˜Â¦Ã›Å’Ã˜Â´Ã›Å’Ã˜Â§
     got: Ù…Ù„Ø§Ø¦ÛŒØ´ÛŒØ§
 ; [cca2=MY].translations.zho.common
Expected: Ã©Â©Â¬Ã¦ï¿½Â¥Ã¨Â¥Â¿Ã¤ÂºÅ¡
     got: é©¬æ�¥è¥¿äºš
 ; [cca2=MY].translations.zho.official
Expected: Ã©Â©Â¬Ã¦ï¿½Â¥Ã¨Â¥Â¿Ã¤ÂºÅ¡
     got: é©¬æ�¥è¥¿äºš
 ; [cca2=MZ].altSpellings[]
Expected: RepÃƒÂºblica de MoÃƒÂ§ambique
     but none found
 ; [cca2=MZ].altSpellings[]
Unexpected: RepÃºblica de MoÃ§ambique
 ; [cca2=MZ].flag
Expected: Ã°Å¸â€¡Â²Ã°Å¸â€¡Â¿
     got: ðŸ‡²ðŸ‡¿
 ; [cca2=MZ].name.nativeName.por.common
Expected: MoÃƒÂ§ambique
     got: MoÃ§ambique
 ; [cca2=MZ].name.nativeName.por.official
Expected: RepÃƒÂºblica de MoÃƒÂ§ambique
     got: RepÃºblica de MoÃ§ambique
 ; [cca2=MZ].translations.ara.common
Expected: Ã™â€¦Ã™Ë†Ã˜Â²Ã™â€¦Ã˜Â¨Ã™Å Ã™â€š
     got: Ù…ÙˆØ²Ù…Ø¨ÙŠÙ‚
 ; [cca2=MZ].translations.ara.official
Expected: Ã˜Â¬Ã™â€¦Ã™â€¡Ã™Ë†Ã˜Â±Ã™Å Ã˜Â© Ã™â€¦Ã™Ë†Ã˜Â²Ã™â€¦Ã˜Â¨Ã™Å Ã™â€š
     got: Ø¬Ù…Ù‡ÙˆØ±ÙŠØ© Ù…ÙˆØ²Ù…Ø¨ÙŠÙ‚
 ; [cca2=MZ].translations.ces.official
Expected: MosambickÃƒÂ¡ republika
     got: MosambickÃ¡ republika
 ; [cca2=MZ].translations.fra.official
Expected: RÃƒÂ©publique du Mozambique
     got: RÃ©publique du Mozambique
 ; [cca2=MZ].translations.hun.official
Expected: Mozambiki KÃƒÂ¶ztÃƒÂ¡rsasÃƒÂ¡g
     got: Mozambiki KÃ¶ztÃ¡rsasÃ¡g
 ; [cca2=MZ].translations.jpn.common
Expected: Ã£Æ’Â¢Ã£â€šÂ¶Ã£Æ’Â³Ã£Æ’â€œÃ£Æ’Â¼Ã£â€šÂ¯
     got: ãƒ¢ã‚¶ãƒ³ãƒ“ãƒ¼ã‚¯
 ; [cca2=MZ].translations.jpn.official
Expected: Ã£Æ’Â¢Ã£â€šÂ¶Ã£Æ’Â³Ã£Æ’â€œÃ£Æ’Â¼Ã£â€šÂ¯Ã¥â€¦Â±Ã¥â€™Å’Ã¥â€ºÂ½
     got: ãƒ¢ã‚¶ãƒ³ãƒ“ãƒ¼ã‚¯å…±å’Œå›½
 ; [cca2=MZ].translations.kor.common
Expected: Ã«ÂªÂ¨Ã¬Å¾Â Ã«Â¹â€žÃ­ï¿½Â¬
     got: ëª¨ìž ë¹„í�¬
 ; [cca2=MZ].translations.kor.official
Expected: Ã«ÂªÂ¨Ã¬Å¾Â Ã«Â¹â€žÃ­ï¿½Â¬ ÃªÂ³ÂµÃ­â„¢â€�ÃªÂµÂ­
     got: ëª¨ìž ë¹„í�¬ ê³µí™”êµ­
 ; [cca2=MZ].translations.per.common
Expected: Ã™â€¦Ã™Ë†Ã˜Â²Ã˜Â§Ã™â€¦Ã˜Â¨Ã›Å’ÃšÂ©
     got: Ù…ÙˆØ²Ø§Ù…Ø¨ÛŒÚ©
 ; [cca2=MZ].translations.per.official
Expected: Ã˜Â¬Ã™â€¦Ã™â€¡Ã™Ë†Ã˜Â±Ã›Å’ Ã™â€¦Ã™Ë†Ã˜Â²Ã˜Â§Ã™â€¦Ã˜Â¨Ã›Å’ÃšÂ©
     got: Ø¬Ù…Ù‡ÙˆØ±ÛŒ Ù…ÙˆØ²Ø§Ù…Ø¨ÛŒÚ©
 ; [cca2=MZ].translations.por.common
Expected: MoÃƒÂ§ambique
     got: MoÃ§ambique
 ; [cca2=MZ].translations.por.official
Expected: RepÃƒÂºblica de MoÃƒÂ§ambique
     got: RepÃºblica de MoÃ§ambique
 ; [cca2=MZ].translations.rus.common
Expected: Ã�Å“Ã�Â¾Ã�Â·Ã�Â°Ã�Â¼Ã�Â±Ã�Â¸Ã�Âº
     got: ÐœÐ¾Ð·Ð°Ð¼Ð±Ð¸Ðº
 ; [cca2=MZ].translations.rus.official
Expected: Ã�Â Ã�ÂµÃ‘ï¿½Ã�Â¿Ã‘Æ’Ã�Â±Ã�Â»Ã�Â¸Ã�ÂºÃ�Â° Ã�Å“Ã�Â¾Ã�Â·Ã�Â°Ã�Â¼Ã�Â±Ã�Â¸Ã�Âº
     got: Ð ÐµÑ�Ð¿ÑƒÐ±Ð»Ð¸ÐºÐ° ÐœÐ¾Ð·Ð°Ð¼Ð±Ð¸Ðº
 ; [cca2=MZ].translations.slk.official
Expected: MozambickÃƒÂ¡ republika
     got: MozambickÃ¡ republika
 ; [cca2=MZ].translations.spa.official
Expected: RepÃƒÂºblica de Mozambique
     got: RepÃºblica de Mozambique
 ; [cca2=MZ].translations.srp.common
Expected: Ã�Å“Ã�Â¾Ã�Â·Ã�Â°Ã�Â¼Ã�Â±Ã�Â¸Ã�Âº
     got: ÐœÐ¾Ð·Ð°Ð¼Ð±Ð¸Ðº
 ; [cca2=MZ].translations.srp.official
Expected: Ã�Â Ã�ÂµÃ�Â¿Ã‘Æ’Ã�Â±Ã�Â»Ã�Â¸Ã�ÂºÃ�Â° Ã�Å“Ã�Â¾Ã�Â·Ã�Â°Ã�Â¼Ã�Â±Ã�Â¸Ã�Âº
     got: Ð ÐµÐ¿ÑƒÐ±Ð»Ð¸ÐºÐ° ÐœÐ¾Ð·Ð°Ð¼Ð±Ð¸Ðº
 ; [cca2=MZ].translations.swe.common
Expected: MoÃƒÂ§ambique
     got: MoÃ§ambique
 ; [cca2=MZ].translations.swe.official
Expected: Republiken MoÃƒÂ§ambique
     got: Republiken MoÃ§ambique
 ; [cca2=MZ].translations.urd.common
Expected: Ã™â€¦Ã™Ë†Ã˜Â²Ã™â€¦Ã˜Â¨Ã›Å’Ã™â€š
     got: Ù…ÙˆØ²Ù…Ø¨ÛŒÙ‚
 ; [cca2=MZ].translations.urd.official
Expected: Ã˜Â¬Ã™â€¦Ã›ï¿½Ã™Ë†Ã˜Â±Ã›Å’Ã›ï¿½ Ã™â€¦Ã™Ë†Ã˜Â²Ã™â€¦Ã˜Â¨Ã›Å’Ã™â€š
     got: Ø¬Ù…Û�ÙˆØ±ÛŒÛ� Ù…ÙˆØ²Ù…Ø¨ÛŒÙ‚
 ; [cca2=MZ].translations.zho.common
Expected: Ã¨Å½Â«Ã¦Â¡â€˜Ã¦Â¯â€�Ã¥â€¦â€¹
     got: èŽ«æ¡‘æ¯”å…‹
 ; [cca2=MZ].translations.zho.official
Expected: Ã¨Å½Â«Ã¦Â¡â€˜Ã¦Â¯â€�Ã¥â€¦â€¹Ã¥â€¦Â±Ã¥â€™Å’Ã¥â€ºÂ½
     got: èŽ«æ¡‘æ¯”å…‹å…±å’Œå›½
 ; [cca2=NA].altSpellings[]
Expected: NamibiÃƒÂ«
     but none found
 ; [cca2=NA].altSpellings[]
Unexpected: NamibiÃ«
 ; [cca2=NA].flag
Expected: Ã°Å¸â€¡Â³Ã°Å¸â€¡Â¦
     got: ðŸ‡³ðŸ‡¦
 ; [cca2=NA].name.nativeName.afr.common
Expected: NamibiÃƒÂ«
     got: NamibiÃ«
 ; [cca2=NA].name.nativeName.afr.official
Expected: Republiek van NamibiÃƒÂ«
     got: Republiek van NamibiÃ«
 ; [cca2=NA].translations.ara.common
Expected: Ã™â€ Ã˜Â§Ã™â€¦Ã™Å Ã˜Â¨Ã™Å Ã˜Â§
     got: Ù†Ø§Ù…ÙŠØ¨ÙŠØ§
 ; [cca2=NA].translations.ara.official
Expected: Ã˜Â¬Ã™â€¦Ã™â€¡Ã™Ë†Ã˜Â±Ã™Å Ã˜Â© Ã™â€ Ã˜Â§Ã™â€¦Ã™Å Ã˜Â¨Ã™Å Ã˜Â§
     got: Ø¬Ù…Ù‡ÙˆØ±ÙŠØ© Ù†Ø§Ù…ÙŠØ¨ÙŠØ§
 ; [cca2=NA].translations.ces.official
Expected: NamibijskÃƒÂ¡ republika
     got: NamibijskÃ¡ republika
 ; [cca2=NA].translations.fra.official
Expected: RÃƒÂ©publique de Namibie
     got: RÃ©publique de Namibie
 ; [cca2=NA].translations.hun.common
Expected: NamÃƒÂ­bia
     got: NamÃ­bia
 ; [cca2=NA].translations.hun.official
Expected: NamÃƒÂ­biai KÃƒÂ¶ztÃƒÂ¡rsasÃƒÂ¡g
     got: NamÃ­biai KÃ¶ztÃ¡rsasÃ¡g
 ; [cca2=NA].translations.jpn.common
Expected: Ã£Æ’Å Ã£Æ’Å¸Ã£Æ’â€œÃ£â€šÂ¢
     got: ãƒŠãƒŸãƒ“ã‚¢
 ; [cca2=NA].translations.jpn.official
Expected: Ã£Æ’Å Ã£Æ’Å¸Ã£Æ’â€œÃ£â€šÂ¢Ã¥â€¦Â±Ã¥â€™Å’Ã¥â€ºÂ½
     got: ãƒŠãƒŸãƒ“ã‚¢å…±å’Œå›½
 ; [cca2=NA].translations.kor.common
Expected: Ã«â€šËœÃ«Â¯Â¸Ã«Â¹â€žÃ¬â€¢â€ž
     got: ë‚˜ë¯¸ë¹„ì•„
 ; [cca2=NA].translations.kor.official
Expected: Ã«â€šËœÃ«Â¯Â¸Ã«Â¹â€žÃ¬â€¢â€ž ÃªÂ³ÂµÃ­â„¢â€�ÃªÂµÂ­
     got: ë‚˜ë¯¸ë¹„ì•„ ê³µí™”êµ­
 ; [cca2=NA].translations.nld.common
Expected: NamibiÃƒÂ«
     got: NamibiÃ«
 ; [cca2=NA].translations.nld.official
Expected: Republiek NamibiÃƒÂ«
     got: Republiek NamibiÃ«
 ; [cca2=NA].translations.per.common
Expected: Ã™â€ Ã˜Â§Ã™â€¦Ã›Å’Ã˜Â¨Ã›Å’Ã˜Â§
     got: Ù†Ø§Ù…ÛŒØ¨ÛŒØ§
 ; [cca2=NA].translations.per.official
Expected: Ã˜Â¬Ã™â€¦Ã™â€¡Ã™Ë†Ã˜Â±Ã›Å’ Ã™â€ Ã˜Â§Ã™â€¦Ã›Å’Ã˜Â¨Ã›Å’Ã˜Â§
     got: Ø¬Ù…Ù‡ÙˆØ±ÛŒ Ù†Ø§Ù…ÛŒØ¨ÛŒØ§
 ; [cca2=NA].translations.por.common
Expected: NamÃƒÂ­bia
     got: NamÃ­bia
 ; [cca2=NA].translations.por.official
Expected: RepÃƒÂºblica da NamÃƒÂ­bia
     got: RepÃºblica da NamÃ­bia
 ; [cca2=NA].translations.rus.common
Expected: Ã�ï¿½Ã�Â°Ã�Â¼Ã�Â¸Ã�Â±Ã�Â¸Ã‘ï¿½
     got: Ð�Ð°Ð¼Ð¸Ð±Ð¸Ñ�
 ; [cca2=NA].translations.rus.official
Expected: Ã�Â Ã�ÂµÃ‘ï¿½Ã�Â¿Ã‘Æ’Ã�Â±Ã�Â»Ã�Â¸Ã�ÂºÃ�Â° Ã�ï¿½Ã�Â°Ã�Â¼Ã�Â¸Ã�Â±Ã�Â¸Ã‘ï¿½
     got: Ð ÐµÑ�Ð¿ÑƒÐ±Ð»Ð¸ÐºÐ° Ð�Ð°Ð¼Ð¸Ð±Ð¸Ñ�
 ; [cca2=NA].translations.slk.common
Expected: NamÃƒÂ­bia
     got: NamÃ­bia
 ; [cca2=NA].translations.slk.official
Expected: NamÃƒÂ­bijskÃƒÂ¡ republika
     got: NamÃ­bijskÃ¡ republika
 ; [cca2=NA].translations.spa.official
Expected: RepÃƒÂºblica de Namibia
     got: RepÃºblica de Namibia
 ; [cca2=NA].translations.srp.common
Expected: Ã�ï¿½Ã�Â°Ã�Â¼Ã�Â¸Ã�Â±Ã�Â¸Ã‘ËœÃ�Â°
     got: Ð�Ð°Ð¼Ð¸Ð±Ð¸Ñ˜Ð°
 ; [cca2=NA].translations.srp.official
Expected: Ã�Â Ã�ÂµÃ�Â¿Ã‘Æ’Ã�Â±Ã�Â»Ã�Â¸Ã�ÂºÃ�Â° Ã�ï¿½Ã�Â°Ã�Â¼Ã�Â¸Ã�Â±Ã�Â¸Ã‘ËœÃ�Â°
     got: Ð ÐµÐ¿ÑƒÐ±Ð»Ð¸ÐºÐ° Ð�Ð°Ð¼Ð¸Ð±Ð¸Ñ˜Ð°
 ; [cca2=NA].translations.urd.common
Expected: Ã™â€ Ã™â€¦Ã›Å’Ã˜Â¨Ã›Å’Ã˜Â§
     got: Ù†Ù…ÛŒØ¨ÛŒØ§
 ; [cca2=NA].translations.urd.official
Expected: Ã˜Â¬Ã™â€¦Ã›ï¿½Ã™Ë†Ã˜Â±Ã›Å’Ã›ï¿½ Ã™â€ Ã™â€¦Ã›Å’Ã˜Â¨Ã›Å’Ã˜Â§
     got: Ø¬Ù…Û�ÙˆØ±ÛŒÛ� Ù†Ù…ÛŒØ¨ÛŒØ§
 ; [cca2=NA].translations.zho.common
Expected: Ã§ÂºÂ³Ã§Â±Â³Ã¦Â¯â€�Ã¤ÂºÅ¡
     got: çº³ç±³æ¯”äºš
 ; [cca2=NA].translations.zho.official
Expected: Ã§ÂºÂ³Ã§Â±Â³Ã¦Â¯â€�Ã¤ÂºÅ¡Ã¥â€¦Â±Ã¥â€™Å’Ã¥â€ºÂ½
     got: çº³ç±³æ¯”äºšå…±å’Œå›½
 ; [cca2=NC].capital[]
Expected: NoumÃƒÂ©a
     but none found
 ; [cca2=NC].capital[]
Unexpected: NoumÃ©a
 ; [cca2=NC].currencies.XPF.symbol
Expected: Ã¢â€šÂ£
     got: â‚£
 ; [cca2=NC].demonyms.fra.f
Expected: NÃƒÂ©o-CalÃƒÂ©donienne
     got: NÃ©o-CalÃ©donienne
 ; [cca2=NC].demonyms.fra.m
Expected: NÃƒÂ©o-CalÃƒÂ©donien
     got: NÃ©o-CalÃ©donien
 ; [cca2=NC].flag
Expected: Ã°Å¸â€¡Â³Ã°Å¸â€¡Â¨
     got: ðŸ‡³ðŸ‡¨
 ; [cca2=NC].name.nativeName.fra.common
Expected: Nouvelle-CalÃƒÂ©donie
     got: Nouvelle-CalÃ©donie
 ; [cca2=NC].name.nativeName.fra.official
Expected: Nouvelle-CalÃƒÂ©donie
     got: Nouvelle-CalÃ©donie
 ; [cca2=NC].translations.ara.common
Expected: Ã™Æ’Ã˜Â§Ã™â€žÃ™Å Ã˜Â¯Ã™Ë†Ã™â€ Ã™Å Ã˜Â§ Ã˜Â§Ã™â€žÃ˜Â¬Ã˜Â¯Ã™Å Ã˜Â¯Ã˜Â©
     got: ÙƒØ§Ù„ÙŠØ¯ÙˆÙ†ÙŠØ§ Ø§Ù„Ø¬Ø¯ÙŠØ¯Ø©
 ; [cca2=NC].translations.ara.official
Expected: Ã™Æ’Ã˜Â§Ã™â€žÃ™Å Ã˜Â¯Ã™Ë†Ã™â€ Ã™Å Ã˜Â§ Ã˜Â§Ã™â€žÃ˜Â¬Ã˜Â¯Ã™Å Ã˜Â¯Ã˜Â©
     got: ÙƒØ§Ù„ÙŠØ¯ÙˆÙ†ÙŠØ§ Ø§Ù„Ø¬Ø¯ÙŠØ¯Ø©
 ; [cca2=NC].translations.ces.common
Expected: NovÃƒÂ¡ Kaledonie
     got: NovÃ¡ Kaledonie
 ; [cca2=NC].translations.ces.official
Expected: NovÃƒÂ¡ Kaledonie
     got: NovÃ¡ Kaledonie
 ; [cca2=NC].translations.fra.common
Expected: Nouvelle-CalÃƒÂ©donie
     got: Nouvelle-CalÃ©donie
 ; [cca2=NC].translations.fra.official
Expected: Nouvelle-CalÃƒÂ©donie
     got: Nouvelle-CalÃ©donie
 ; [cca2=NC].translations.hun.common
Expected: ÃƒÅ¡j-KaledÃƒÂ³nia
     got: Ãšj-KaledÃ³nia
 ; [cca2=NC].translations.hun.official
Expected: ÃƒÅ¡j-KaledÃƒÂ³nia
     got: Ãšj-KaledÃ³nia
 ; [cca2=NC].translations.jpn.common
Expected: Ã£Æ’â€¹Ã£Æ’Â¥Ã£Æ’Â¼Ã£â€šÂ«Ã£Æ’Â¬Ã£Æ’â€°Ã£Æ’â€¹Ã£â€šÂ¢
     got: ãƒ‹ãƒ¥ãƒ¼ã‚«ãƒ¬ãƒ‰ãƒ‹ã‚¢
 ; [cca2=NC].translations.jpn.official
Expected: Ã£Æ’â€¹Ã£Æ’Â¥Ã£Æ’Â¼Ã£â€šÂ«Ã£Æ’Â¬Ã£Æ’â€°Ã£Æ’â€¹Ã£â€šÂ¢
     got: ãƒ‹ãƒ¥ãƒ¼ã‚«ãƒ¬ãƒ‰ãƒ‹ã‚¢
 ; [cca2=NC].translations.kor.common
Expected: Ã«Ë†â€žÃ«Â²Â¨Ã¬Â¹Â¼Ã«Â Ë†Ã«ï¿½â€žÃ«â€¹Ë†
     got: ëˆ„ë²¨ì¹¼ë ˆë�„ë‹ˆ
 ; [cca2=NC].translations.kor.official
Expected: Ã«Ë†â€žÃ«Â²Â¨Ã¬Â¹Â¼Ã«Â Ë†Ã«ï¿½â€žÃ«â€¹Ë†
     got: ëˆ„ë²¨ì¹¼ë ˆë�„ë‹ˆ
 ; [cca2=NC].translations.nld.common
Expected: Nieuw-CaledoniÃƒÂ«
     got: Nieuw-CaledoniÃ«
 ; [cca2=NC].translations.nld.official
Expected: nieuw -CaledoniÃƒÂ«
     got: nieuw -CaledoniÃ«
 ; [cca2=NC].translations.per.common
Expected: ÃšÂ©Ã˜Â§Ã™â€žÃ˜Â¯Ã™Ë†Ã™â€ Ã›Å’Ã˜Â§Ã›Å’ Ã˜Â¬Ã˜Â¯Ã›Å’Ã˜Â¯
     got: Ú©Ø§Ù„Ø¯ÙˆÙ†ÛŒØ§ÛŒ Ø¬Ø¯ÛŒØ¯
 ; [cca2=NC].translations.per.official
Expected: ÃšÂ©Ã˜Â§Ã™â€žÃ˜Â¯Ã™Ë†Ã™â€ Ã›Å’Ã˜Â§Ã›Å’ Ã˜Â¬Ã˜Â¯Ã›Å’Ã˜Â¯
     got: Ú©Ø§Ù„Ø¯ÙˆÙ†ÛŒØ§ÛŒ Ø¬Ø¯ÛŒØ¯
 ; [cca2=NC].translations.por.common
Expected: Nova CaledÃƒÂ³nia
     got: Nova CaledÃ³nia
 ; [cca2=NC].translations.rus.common
Expected: Ã�ï¿½Ã�Â¾Ã�Â²Ã�Â°Ã‘ï¿½ Ã�Å¡Ã�Â°Ã�Â»Ã�ÂµÃ�Â´Ã�Â¾Ã�Â½Ã�Â¸Ã‘ï¿½
     got: Ð�Ð¾Ð²Ð°Ñ� ÐšÐ°Ð»ÐµÐ´Ð¾Ð½Ð¸Ñ�
 ; [cca2=NC].translations.rus.official
Expected: Ã�ï¿½Ã�Â¾Ã�Â²Ã�Â°Ã‘ï¿½ Ã�Å¡Ã�Â°Ã�Â»Ã�ÂµÃ�Â´Ã�Â¾Ã�Â½Ã�Â¸Ã‘ï¿½
     got: Ð�Ð¾Ð²Ð°Ñ� ÐšÐ°Ð»ÐµÐ´Ð¾Ð½Ð¸Ñ�
 ; [cca2=NC].translations.slk.common
Expected: NovÃƒÂ¡ KaledÃƒÂ³nia
     got: NovÃ¡ KaledÃ³nia
 ; [cca2=NC].translations.slk.official
Expected: NovÃƒÂ¡ KaledÃƒÂ³nia
     got: NovÃ¡ KaledÃ³nia
 ; [cca2=NC].translations.srp.common
Expected: Ã�ï¿½Ã�Â¾Ã�Â²Ã�Â° Ã�Å¡Ã�Â°Ã�Â»Ã�ÂµÃ�Â´Ã�Â¾Ã�Â½Ã�Â¸Ã‘ËœÃ�Â°
     got: Ð�Ð¾Ð²Ð° ÐšÐ°Ð»ÐµÐ´Ð¾Ð½Ð¸Ñ˜Ð°
 ; [cca2=NC].translations.srp.official
Expected: Ã�ï¿½Ã�Â¾Ã�Â²Ã�Â° Ã�Å¡Ã�Â°Ã�Â»Ã�ÂµÃ�Â´Ã�Â¾Ã�Â½Ã�Â¸Ã‘ËœÃ�Â°
     got: Ð�Ð¾Ð²Ð° ÐšÐ°Ð»ÐµÐ´Ð¾Ð½Ð¸Ñ˜Ð°
 ; [cca2=NC].translations.urd.common
Expected: Ã™â€ Ã›Å’Ã™Ë† ÃšÂ©Ã›Å’Ã™â€žÃ›Å’ÃšË†Ã™Ë†Ã™â€ Ã›Å’Ã˜Â§
     got: Ù†ÛŒÙˆ Ú©ÛŒÙ„ÛŒÚˆÙˆÙ†ÛŒØ§
 ; [cca2=NC].translations.urd.official
Expected: Ã™â€ Ã›Å’Ã™Ë† ÃšÂ©Ã›Å’Ã™â€žÃ›Å’ÃšË†Ã™Ë†Ã™â€ Ã›Å’Ã˜Â§
     got: Ù†ÛŒÙˆ Ú©ÛŒÙ„ÛŒÚˆÙˆÙ†ÛŒØ§
 ; [cca2=NC].translations.zho.common
Expected: Ã¦â€“Â°Ã¥â€“â‚¬Ã©â€¡Å’Ã¥Â¤Å¡Ã¥Â°Â¼Ã¤ÂºÅ¡
     got: æ–°å–€é‡Œå¤šå°¼äºš
 ; [cca2=NC].translations.zho.official
Expected: Ã¦â€“Â°Ã¥â€“â‚¬Ã©â€¡Å’Ã¥Â¤Å¡Ã¥Â°Â¼Ã¤ÂºÅ¡
     got: æ–°å–€é‡Œå¤šå°¼äºš
 ; [cca2=NE].demonyms.fra.f
Expected: NigÃƒÂ©rienne
     got: NigÃ©rienne
 ; [cca2=NE].demonyms.fra.m
Expected: NigÃƒÂ©rien
     got: NigÃ©rien
 ; [cca2=NE].flag
Expected: Ã°Å¸â€¡Â³Ã°Å¸â€¡Âª
     got: ðŸ‡³ðŸ‡ª
 ; [cca2=NE].name.nativeName.fra.official
Expected: RÃƒÂ©publique du Niger
     got: RÃ©publique du Niger
 ; [cca2=NE].translations.ara.common
Expected: Ã˜Â§Ã™â€žÃ™â€ Ã™Å Ã˜Â¬Ã˜Â±
     got: Ø§Ù„Ù†ÙŠØ¬Ø±
 ; [cca2=NE].translations.ara.official
Expected: Ã˜Â¬Ã™â€¦Ã™â€¡Ã™Ë†Ã˜Â±Ã™Å Ã˜Â© Ã˜Â§Ã™â€žÃ™â€ Ã™Å Ã˜Â¬Ã˜Â±
     got: Ø¬Ù…Ù‡ÙˆØ±ÙŠØ© Ø§Ù„Ù†ÙŠØ¬Ø±
 ; [cca2=NE].translations.ces.official
Expected: NigerskÃƒÂ¡ republika
     got: NigerskÃ¡ republika
 ; [cca2=NE].translations.fra.official
Expected: RÃƒÂ©publique du Niger
     got: RÃ©publique du Niger
 ; [cca2=NE].translations.hun.official
Expected: Nigeri KÃƒÂ¶ztÃƒÂ¡rsasÃƒÂ¡g
     got: Nigeri KÃ¶ztÃ¡rsasÃ¡g
 ; [cca2=NE].translations.jpn.common
Expected: Ã£Æ’â€¹Ã£â€šÂ¸Ã£â€šÂ§Ã£Æ’Â¼Ã£Æ’Â«
     got: ãƒ‹ã‚¸ã‚§ãƒ¼ãƒ«
 ; [cca2=NE].translations.jpn.official
Expected: Ã£Æ’â€¹Ã£â€šÂ¸Ã£â€šÂ§Ã£Æ’Â¼Ã£Æ’Â«Ã¥â€¦Â±Ã¥â€™Å’Ã¥â€ºÂ½
     got: ãƒ‹ã‚¸ã‚§ãƒ¼ãƒ«å…±å’Œå›½
 ; [cca2=NE].translations.kor.common
Expected: Ã«â€¹Ë†Ã¬Â Å“Ã«Â¥Â´
     got: ë‹ˆì œë¥´
 ; [cca2=NE].translations.kor.official
Expected: Ã«â€¹Ë†Ã¬Â Å“Ã«Â¥Â´ ÃªÂ³ÂµÃ­â„¢â€�ÃªÂµÂ­
     got: ë‹ˆì œë¥´ ê³µí™”êµ­
 ; [cca2=NE].translations.per.common
Expected: Ã™â€ Ã›Å’Ã˜Â¬Ã˜Â±
     got: Ù†ÛŒØ¬Ø±
 ; [cca2=NE].translations.per.official
Expected: Ã˜Â¬Ã™â€¦Ã™â€¡Ã™Ë†Ã˜Â±Ã›Å’ Ã™â€ Ã›Å’Ã˜Â¬Ã˜Â±
     got: Ø¬Ù…Ù‡ÙˆØ±ÛŒ Ù†ÛŒØ¬Ø±
 ; [cca2=NE].translations.por.common
Expected: NÃƒÂ­ger
     got: NÃ­ger
 ; [cca2=NE].translations.por.official
Expected: RepÃƒÂºblica do NÃƒÂ­ger
     got: RepÃºblica do NÃ­ger
 ; [cca2=NE].translations.rus.common
Expected: Ã�ï¿½Ã�Â¸Ã�Â³Ã�ÂµÃ‘â‚¬
     got: Ð�Ð¸Ð³ÐµÑ€
 ; [cca2=NE].translations.rus.official
Expected: Ã�Â Ã�ÂµÃ‘ï¿½Ã�Â¿Ã‘Æ’Ã�Â±Ã�Â»Ã�Â¸Ã�ÂºÃ�Â° Ã�ï¿½Ã�Â¸Ã�Â³Ã�ÂµÃ‘â‚¬
     got: Ð ÐµÑ�Ð¿ÑƒÐ±Ð»Ð¸ÐºÐ° Ð�Ð¸Ð³ÐµÑ€
 ; [cca2=NE].translations.slk.official
Expected: NigÃƒÂ©rskÃƒÂ¡ republika
     got: NigÃ©rskÃ¡ republika
 ; [cca2=NE].translations.spa.common
Expected: NÃƒÂ­ger
     got: NÃ­ger
 ; [cca2=NE].translations.spa.official
Expected: RepÃƒÂºblica de NÃƒÂ­ger
     got: RepÃºblica de NÃ­ger
 ; [cca2=NE].translations.srp.common
Expected: Ã�ï¿½Ã�Â¸Ã�Â³Ã�ÂµÃ‘â‚¬
     got: Ð�Ð¸Ð³ÐµÑ€
 ; [cca2=NE].translations.srp.official
Expected: Ã�Â Ã�ÂµÃ�Â¿Ã‘Æ’Ã�Â±Ã�Â»Ã�Â¸Ã�ÂºÃ�Â° Ã�ï¿½Ã�Â¸Ã�Â³Ã�ÂµÃ‘â‚¬
     got: Ð ÐµÐ¿ÑƒÐ±Ð»Ð¸ÐºÐ° Ð�Ð¸Ð³ÐµÑ€
 ; [cca2=NE].translations.urd.common
Expected: Ã™â€ Ã˜Â§Ã˜Â¦Ã˜Â¬Ã˜Â±
     got: Ù†Ø§Ø¦Ø¬Ø±
 ; [cca2=NE].translations.urd.official
Expected: Ã˜Â¬Ã™â€¦Ã›ï¿½Ã™Ë†Ã˜Â±Ã›Å’Ã›ï¿½ Ã™â€ Ã˜Â§Ã˜Â¦Ã˜Â¬Ã˜Â±
     got: Ø¬Ù…Û�ÙˆØ±ÛŒÛ� Ù†Ø§Ø¦Ø¬Ø±
 ; [cca2=NE].translations.zho.common
Expected: Ã¥Â°Â¼Ã¦â€”Â¥Ã¥Â°â€�
     got: å°¼æ—¥å°”
 ; [cca2=NE].translations.zho.official
Expected: Ã¥Â°Â¼Ã¦â€”Â¥Ã¥Â°â€�Ã¥â€¦Â±Ã¥â€™Å’Ã¥â€ºÂ½
     got: å°¼æ—¥å°”å…±å’Œå›½
 ; [cca2=NF].flag
Expected: Ã°Å¸â€¡Â³Ã°Å¸â€¡Â«
     got: ðŸ‡³ðŸ‡«
 ; [cca2=NF].translations.ara.common
Expected: Ã˜Â¬Ã˜Â²Ã™Å Ã˜Â±Ã˜Â© Ã™â€ Ã™Ë†Ã˜Â±Ã™ï¿½Ã™Ë†Ã™â€žÃ™Æ’
     got: Ø¬Ø²ÙŠØ±Ø© Ù†ÙˆØ±Ù�ÙˆÙ„Ùƒ
 ; [cca2=NF].translations.ara.official
Expected: Ã˜Â¥Ã™â€šÃ™â€žÃ™Å Ã™â€¦ Ã˜Â¬Ã˜Â²Ã™Å Ã˜Â±Ã˜Â© Ã™â€ Ã™Ë†Ã˜Â±Ã™ï¿½Ã™Ë†Ã™â€žÃ™Æ’
     got: Ø¥Ù‚Ù„ÙŠÙ… Ø¬Ø²ÙŠØ±Ø© Ù†ÙˆØ±Ù�ÙˆÙ„Ùƒ
 ; [cca2=NF].translations.fra.common
Expected: ÃƒÅ½le Norfolk
     got: ÃŽle Norfolk
 ; [cca2=NF].translations.fra.official
Expected: Territoire de l&apos;ÃƒÂ®le Norfolk
     got: Territoire de l&apos;Ã®le Norfolk
 ; [cca2=NF].translations.jpn.common
Expected: Ã£Æ’Å½Ã£Æ’Â¼Ã£Æ’â€¢Ã£â€šÂ©Ã£Æ’Â¼Ã£â€šÂ¯Ã¥Â³Â¶
     got: ãƒŽãƒ¼ãƒ•ã‚©ãƒ¼ã‚¯å³¶
 ; [cca2=NF].translations.jpn.official
Expected: Ã£Æ’Å½Ã£Æ’Â¼Ã£Æ’â€¢Ã£â€šÂ©Ã£Æ’Â¼Ã£â€šÂ¯Ã¥Â³Â¶Ã£ï¿½Â®Ã©Â ËœÃ¥Å“Å¸
     got: ãƒŽãƒ¼ãƒ•ã‚©ãƒ¼ã‚¯å³¶ã�®é ˜åœŸ
 ; [cca2=NF].translations.kor.common
Expected: Ã«â€¦Â¸Ã­ï¿½Â½ Ã¬â€žÂ¬
     got: ë…¸í�½ ì„¬
 ; [cca2=NF].translations.kor.official
Expected: Ã«â€¦Â¸Ã­ï¿½Â½ Ã¬â€žÂ¬
     got: ë…¸í�½ ì„¬
 ; [cca2=NF].translations.per.common
Expected: Ã˜Â¬Ã˜Â²Ã›Å’Ã˜Â±Ã™â€¡ Ã™â€ Ã™Ë†Ã˜Â±Ã™ï¿½ÃšÂ©
     got: Ø¬Ø²ÛŒØ±Ù‡ Ù†ÙˆØ±Ù�Ú©
 ; [cca2=NF].translations.per.official
Expected: Ã™â€šÃ™â€žÃ™â€¦Ã˜Â±Ã™Ë† Ã˜Â¬Ã˜Â²Ã˜Â§Ã›Å’Ã˜Â± Ã™â€ Ã™Ë†Ã˜Â±Ã™ï¿½ÃšÂ©
     got: Ù‚Ù„Ù…Ø±Ùˆ Ø¬Ø²Ø§ÛŒØ± Ù†ÙˆØ±Ù�Ú©
 ; [cca2=NF].translations.por.official
Expected: TerritÃƒÂ³rio da Ilha Norfolk
     got: TerritÃ³rio da Ilha Norfolk
 ; [cca2=NF].translations.rus.common
Expected: Ã�ï¿½Ã�Â¾Ã‘â‚¬Ã‘â€žÃ�Â¾Ã�Â»Ã�Âº
     got: Ð�Ð¾Ñ€Ñ„Ð¾Ð»Ðº
 ; [cca2=NF].translations.rus.official
Expected: Ã�Â¢Ã�ÂµÃ‘â‚¬Ã‘â‚¬Ã�Â¸Ã‘â€šÃ�Â¾Ã‘â‚¬Ã�Â¸Ã‘ï¿½ Ã�Â¾Ã‘ï¿½Ã‘â€šÃ‘â‚¬Ã�Â¾Ã�Â²Ã�Â° Ã�ï¿½Ã�Â¾Ã‘â‚¬Ã‘â€žÃ�Â¾Ã�Â»Ã�Âº
     got: Ð¢ÐµÑ€Ñ€Ð¸Ñ‚Ð¾Ñ€Ð¸Ñ� Ð¾Ñ�Ñ‚Ñ€Ð¾Ð²Ð° Ð�Ð¾Ñ€Ñ„Ð¾Ð»Ðº
 ; [cca2=NF].translations.slk.official
Expected: TeritÃƒÂ³rium ostrova Norfolk
     got: TeritÃ³rium ostrova Norfolk
 ; [cca2=NF].translations.srp.common
Expected: Ã�ï¿½Ã�Â¾Ã‘â‚¬Ã‘â€žÃ�Â¾Ã�Âº
     got: Ð�Ð¾Ñ€Ñ„Ð¾Ðº
 ; [cca2=NF].translations.srp.official
Expected: Ã�Â¢Ã�ÂµÃ‘â‚¬Ã�Â¸Ã‘â€šÃ�Â¾Ã‘â‚¬Ã�Â¸Ã‘ËœÃ�Â° Ã�Å¾Ã‘ï¿½Ã‘â€šÃ‘â‚¬Ã�Â²Ã�Â° Ã�ï¿½Ã�Â¾Ã‘â‚¬Ã‘â€žÃ�Â¾Ã�Âº
     got: Ð¢ÐµÑ€Ð¸Ñ‚Ð¾Ñ€Ð¸Ñ˜Ð° ÐžÑ�Ñ‚Ñ€Ð²Ð° Ð�Ð¾Ñ€Ñ„Ð¾Ðº
 ; [cca2=NF].translations.swe.common
Expected: NorfolkÃƒÂ¶n
     got: NorfolkÃ¶n
 ; [cca2=NF].translations.swe.official
Expected: NorfolkÃƒÂ¶n
     got: NorfolkÃ¶n
 ; [cca2=NF].translations.tur.common
Expected: Norfolk AdasÃ„Â±
     got: Norfolk AdasÄ±
 ; [cca2=NF].translations.tur.official
Expected: Norfolk AdasÃ„Â±
     got: Norfolk AdasÄ±
 ; [cca2=NF].translations.urd.common
Expected: Ã˜Â¬Ã˜Â²Ã›Å’Ã˜Â±Ã›ï¿½ Ã™â€ Ã™Ë†Ã˜Â±Ã™ï¿½ÃšÂ©
     got: Ø¬Ø²ÛŒØ±Û� Ù†ÙˆØ±Ù�Ú©
 ; [cca2=NF].translations.urd.official
Expected: Ã˜Â¬Ã˜Â²Ã›Å’Ã˜Â±Ã›ï¿½ Ã™â€ Ã™Ë†Ã˜Â±Ã™ï¿½ÃšÂ© Ã˜Â®Ã˜Â·Ã›ï¿½
     got: Ø¬Ø²ÛŒØ±Û� Ù†ÙˆØ±Ù�Ú© Ø®Ø·Û�
 ; [cca2=NF].translations.zho.common
Expected: Ã¨Â¯ÂºÃ§Â¦ï¿½Ã¥â€¦â€¹Ã¥Â²â€º
     got: è¯ºç¦�å…‹å²›
 ; [cca2=NF].translations.zho.official
Expected: Ã¨Â¯ÂºÃ§Â¦ï¿½Ã¥â€¦â€¹Ã¥Â²â€º
     got: è¯ºç¦�å…‹å²›
 ; [cca2=NG].altSpellings[]
Expected: NaÃƒÂ­jÃƒÂ­rÃƒÂ­ÃƒÂ 
     but none found
 ; [cca2=NG].altSpellings[]
Unexpected: NaÃ­jÃ­rÃ­Ã 
 ; [cca2=NG].currencies.NGN.symbol
Expected: Ã¢â€šÂ¦
     got: â‚¦
 ; [cca2=NG].demonyms.fra.f
Expected: NigÃƒÂ©riane
     got: NigÃ©riane
 ; [cca2=NG].demonyms.fra.m
Expected: NigÃƒÂ©rian
     got: NigÃ©rian
 ; [cca2=NG].flag
Expected: Ã°Å¸â€¡Â³Ã°Å¸â€¡Â¬
     got: ðŸ‡³ðŸ‡¬
 ; [cca2=NG].translations.ara.common
Expected: Ã™â€ Ã™Å Ã˜Â¬Ã™Å Ã˜Â±Ã™Å Ã˜Â§
     got: Ù†ÙŠØ¬ÙŠØ±ÙŠØ§
 ; [cca2=NG].translations.ara.official
Expected: Ã˜Â¬Ã™â€¦Ã™â€¡Ã™Ë†Ã˜Â±Ã™Å Ã˜Â© Ã™â€ Ã™Å Ã˜Â¬Ã™Å Ã˜Â±Ã™Å Ã˜Â§ Ã˜Â§Ã™â€žÃ˜Â§Ã˜ÂªÃ˜Â­Ã˜Â§Ã˜Â¯Ã™Å Ã˜Â©
     got: Ø¬Ù…Ù‡ÙˆØ±ÙŠØ© Ù†ÙŠØ¬ÙŠØ±ÙŠØ§ Ø§Ù„Ø§ØªØ­Ø§Ø¯ÙŠØ©
 ; [cca2=NG].translations.ces.common
Expected: NigÃƒÂ©rie
     got: NigÃ©rie
 ; [cca2=NG].translations.ces.official
Expected: NigerijskÃƒÂ¡ federativnÃƒÂ­ republika
     got: NigerijskÃ¡ federativnÃ­ republika
 ; [cca2=NG].translations.fra.common
Expected: NigÃƒÂ©ria
     got: NigÃ©ria
 ; [cca2=NG].translations.fra.official
Expected: RÃƒÂ©publique fÃƒÂ©dÃƒÂ©rale du Nigeria
     got: RÃ©publique fÃ©dÃ©rale du Nigeria
 ; [cca2=NG].translations.hun.common
Expected: NigÃƒÂ©ria
     got: NigÃ©ria
 ; [cca2=NG].translations.hun.official
Expected: NigÃƒÂ©ria
     got: NigÃ©ria
 ; [cca2=NG].translations.jpn.common
Expected: Ã£Æ’Å Ã£â€šÂ¤Ã£â€šÂ¸Ã£â€šÂ§Ã£Æ’ÂªÃ£â€šÂ¢
     got: ãƒŠã‚¤ã‚¸ã‚§ãƒªã‚¢
 ; [cca2=NG].translations.jpn.official
Expected: Ã£Æ’Å Ã£â€šÂ¤Ã£â€šÂ¸Ã£â€šÂ§Ã£Æ’ÂªÃ£â€šÂ¢Ã©â‚¬Â£Ã©â€šÂ¦Ã¥â€¦Â±Ã¥â€™Å’Ã¥â€ºÂ½
     got: ãƒŠã‚¤ã‚¸ã‚§ãƒªã‚¢é€£é‚¦å…±å’Œå›½
 ; [cca2=NG].translations.kor.common
Expected: Ã«â€šËœÃ¬ï¿½Â´Ã¬Â§â‚¬Ã«Â¦Â¬Ã¬â€¢â€ž
     got: ë‚˜ì�´ì§€ë¦¬ì•„
 ; [cca2=NG].translations.kor.official
Expected: Ã«â€šËœÃ¬ï¿½Â´Ã¬Â§â‚¬Ã«Â¦Â¬Ã¬â€¢â€ž Ã¬â€”Â°Ã«Â°Â© ÃªÂ³ÂµÃ­â„¢â€�ÃªÂµÂ­
     got: ë‚˜ì�´ì§€ë¦¬ì•„ ì—°ë°© ê³µí™”êµ­
 ; [cca2=NG].translations.per.common
Expected: Ã™â€ Ã›Å’Ã˜Â¬Ã˜Â±Ã›Å’Ã™â€¡
     got: Ù†ÛŒØ¬Ø±ÛŒÙ‡
 ; [cca2=NG].translations.per.official
Expected: Ã˜Â¬Ã™â€¦Ã™â€¡Ã™Ë†Ã˜Â±Ã›Å’ Ã™ï¿½Ã˜Â¯Ã˜Â±Ã˜Â§Ã™â€ž Ã™â€ Ã›Å’Ã˜Â¬Ã˜Â±Ã›Å’Ã™â€¡
     got: Ø¬Ù…Ù‡ÙˆØ±ÛŒ Ù�Ø¯Ø±Ø§Ù„ Ù†ÛŒØ¬Ø±ÛŒÙ‡
 ; [cca2=NG].translations.por.common
Expected: NigÃƒÂ©ria
     got: NigÃ©ria
 ; [cca2=NG].translations.por.official
Expected: RepÃƒÂºblica Federal da NigÃƒÂ©ria
     got: RepÃºblica Federal da NigÃ©ria
 ; [cca2=NG].translations.rus.common
Expected: Ã�ï¿½Ã�Â¸Ã�Â³Ã�ÂµÃ‘â‚¬Ã�Â¸Ã‘ï¿½
     got: Ð�Ð¸Ð³ÐµÑ€Ð¸Ñ�
 ; [cca2=NG].translations.rus.official
Expected: Ã�Â¤Ã�ÂµÃ�Â´Ã�ÂµÃ‘â‚¬Ã�Â°Ã‘â€šÃ�Â¸Ã�Â²Ã�Â½Ã�Â°Ã‘ï¿½ Ã�Â Ã�ÂµÃ‘ï¿½Ã�Â¿Ã‘Æ’Ã�Â±Ã�Â»Ã�Â¸Ã�ÂºÃ�Â° Ã�ï¿½Ã�Â¸Ã�Â³Ã�ÂµÃ‘â‚¬Ã�Â¸Ã‘ï¿½
     got: Ð¤ÐµÐ´ÐµÑ€Ð°Ñ‚Ð¸Ð²Ð½Ð°Ñ� Ð ÐµÑ�Ð¿ÑƒÐ±Ð»Ð¸ÐºÐ° Ð�Ð¸Ð³ÐµÑ€Ð¸Ñ�
 ; [cca2=NG].translations.slk.common
Expected: NigÃƒÂ©ria
     got: NigÃ©ria
 ; [cca2=NG].translations.slk.official
Expected: NigÃƒÂ©rijskÃƒÂ¡ federatÃƒÂ­vna republika
     got: NigÃ©rijskÃ¡ federatÃ­vna republika
 ; [cca2=NG].translations.spa.official
Expected: RepÃƒÂºblica Federal de Nigeria
     got: RepÃºblica Federal de Nigeria
 ; [cca2=NG].translations.srp.common
Expected: Ã�ï¿½Ã�Â¸Ã�Â³Ã�ÂµÃ‘â‚¬Ã�Â¸Ã‘ËœÃ�Â° 
     got: Ð�Ð¸Ð³ÐµÑ€Ð¸Ñ˜Ð° 
 ; [cca2=NG].translations.srp.official
Expected: Ã�Â¡Ã�Â°Ã�Â²Ã�ÂµÃ�Â·Ã�Â½Ã�Â° Ã�Â Ã�ÂµÃ�Â¿Ã‘Æ’Ã�Â±Ã�Â»Ã�Â¸Ã�ÂºÃ�Â° Ã�ï¿½Ã�Â¸Ã�Â³Ã�ÂµÃ‘â‚¬Ã�Â¸Ã‘ËœÃ�Â°
     got: Ð¡Ð°Ð²ÐµÐ·Ð½Ð° Ð ÐµÐ¿ÑƒÐ±Ð»Ð¸ÐºÐ° Ð�Ð¸Ð³ÐµÑ€Ð¸Ñ˜Ð°
 ; [cca2=NG].translations.swe.official
Expected: FÃƒÂ¶rbundsrepubliken Nigeria
     got: FÃ¶rbundsrepubliken Nigeria
 ; [cca2=NG].translations.urd.common
Expected: Ã™â€ Ã˜Â§Ã˜Â¦Ã˜Â¬Ã›Å’Ã˜Â±Ã›Å’Ã˜Â§
     got: Ù†Ø§Ø¦Ø¬ÛŒØ±ÛŒØ§
 ; [cca2=NG].translations.urd.official
Expected: Ã™Ë†Ã™ï¿½Ã˜Â§Ã™â€šÃ›Å’ Ã˜Â¬Ã™â€¦Ã›ï¿½Ã™Ë†Ã˜Â±Ã›Å’Ã›ï¿½ Ã™â€ Ã˜Â§Ã˜Â¦Ã˜Â¬Ã›Å’Ã˜Â±Ã›Å’Ã˜Â§
     got: ÙˆÙ�Ø§Ù‚ÛŒ Ø¬Ù…Û�ÙˆØ±ÛŒÛ� Ù†Ø§Ø¦Ø¬ÛŒØ±ÛŒØ§
 ; [cca2=NG].translations.zho.common
Expected: Ã¥Â°Â¼Ã¦â€”Â¥Ã¥Ë†Â©Ã¤ÂºÅ¡
     got: å°¼æ—¥åˆ©äºš
 ; [cca2=NG].translations.zho.official
Expected: Ã¥Â°Â¼Ã¦â€”Â¥Ã¥Ë†Â©Ã¤ÂºÅ¡Ã¨ï¿½â€�Ã©â€šÂ¦Ã¥â€¦Â±Ã¥â€™Å’Ã¥â€ºÂ½
     got: å°¼æ—¥åˆ©äºšè�”é‚¦å…±å’Œå›½
 ; [cca2=NI].altSpellings[]
Expected: RepÃƒÂºblica de Nicaragua
     but none found
 ; [cca2=NI].altSpellings[]
Unexpected: RepÃºblica de Nicaragua
 ; [cca2=NI].currencies.NIO.name
Expected: Nicaraguan cÃƒÂ³rdoba
     got: Nicaraguan cÃ³rdoba
 ; [cca2=NI].flag
Expected: Ã°Å¸â€¡Â³Ã°Å¸â€¡Â®
     got: ðŸ‡³ðŸ‡®
 ; [cca2=NI].name.nativeName.spa.official
Expected: RepÃƒÂºblica de Nicaragua
     got: RepÃºblica de Nicaragua
 ; [cca2=NI].translations.ara.common
Expected: Ã™â€ Ã™Å Ã™Æ’Ã˜Â§Ã˜Â±Ã˜Â§Ã˜ÂºÃ™Ë†Ã˜Â§
     got: Ù†ÙŠÙƒØ§Ø±Ø§ØºÙˆØ§
 ; [cca2=NI].translations.ara.official
Expected: Ã˜Â¬Ã™â€¦Ã™â€¡Ã™Ë†Ã˜Â±Ã™Å Ã˜Â© Ã™â€ Ã™Å Ã™Æ’Ã˜Â§Ã˜Â±Ã˜Â§Ã˜ÂºÃ™Ë†Ã˜Â§
     got: Ø¬Ù…Ù‡ÙˆØ±ÙŠØ© Ù†ÙŠÙƒØ§Ø±Ø§ØºÙˆØ§
 ; [cca2=NI].translations.fra.official
Expected: RÃƒÂ©publique du Nicaragua
     got: RÃ©publique du Nicaragua
 ; [cca2=NI].translations.hun.official
Expected: Nicaraguai KÃƒÂ¶ztÃƒÂ¡rsasÃƒÂ¡g
     got: Nicaraguai KÃ¶ztÃ¡rsasÃ¡g
 ; [cca2=NI].translations.jpn.common
Expected: Ã£Æ’â€¹Ã£â€šÂ«Ã£Æ’Â©Ã£â€šÂ°Ã£â€šÂ¢
     got: ãƒ‹ã‚«ãƒ©ã‚°ã‚¢
 ; [cca2=NI].translations.jpn.official
Expected: Ã£Æ’â€¹Ã£â€šÂ«Ã£Æ’Â©Ã£â€šÂ°Ã£â€šÂ¢Ã¥â€¦Â±Ã¥â€™Å’Ã¥â€ºÂ½
     got: ãƒ‹ã‚«ãƒ©ã‚°ã‚¢å…±å’Œå›½
 ; [cca2=NI].translations.kor.common
Expected: Ã«â€¹Ë†Ã¬Â¹Â´Ã«ï¿½Â¼ÃªÂ³Â¼
     got: ë‹ˆì¹´ë�¼ê³¼
 ; [cca2=NI].translations.kor.official
Expected: Ã«â€¹Ë†Ã¬Â¹Â´Ã«ï¿½Â¼ÃªÂ³Â¼ ÃªÂ³ÂµÃ­â„¢â€�ÃªÂµÂ­
     got: ë‹ˆì¹´ë�¼ê³¼ ê³µí™”êµ­
 ; [cca2=NI].translations.per.common
Expected: Ã™â€ Ã›Å’ÃšÂ©Ã˜Â§Ã˜Â±Ã˜Â§ÃšÂ¯Ã™Ë†Ã˜Â¦Ã™â€¡
     got: Ù†ÛŒÚ©Ø§Ø±Ø§Ú¯ÙˆØ¦Ù‡
 ; [cca2=NI].translations.per.official
Expected: Ã˜Â¬Ã™â€¦Ã™â€¡Ã™Ë†Ã˜Â±Ã›Å’ Ã™â€ Ã›Å’ÃšÂ©Ã˜Â§Ã˜Â±Ã˜Â§ÃšÂ¯Ã™Ë†Ã˜Â¦Ã™â€¡
     got: Ø¬Ù…Ù‡ÙˆØ±ÛŒ Ù†ÛŒÚ©Ø§Ø±Ø§Ú¯ÙˆØ¦Ù‡
 ; [cca2=NI].translations.por.common
Expected: NicarÃƒÂ¡gua
     got: NicarÃ¡gua
 ; [cca2=NI].translations.por.official
Expected: RepÃƒÂºblica da NicarÃƒÂ¡gua
     got: RepÃºblica da NicarÃ¡gua
 ; [cca2=NI].translations.rus.common
Expected: Ã�ï¿½Ã�Â¸Ã�ÂºÃ�Â°Ã‘â‚¬Ã�Â°Ã�Â³Ã‘Æ’Ã�Â°
     got: Ð�Ð¸ÐºÐ°Ñ€Ð°Ð³ÑƒÐ°
 ; [cca2=NI].translations.rus.official
Expected: Ã�Â Ã�ÂµÃ‘ï¿½Ã�Â¿Ã‘Æ’Ã�Â±Ã�Â»Ã�Â¸Ã�ÂºÃ�Â° Ã�ï¿½Ã�Â¸Ã�ÂºÃ�Â°Ã‘â‚¬Ã�Â°Ã�Â³Ã‘Æ’Ã�Â°
     got: Ð ÐµÑ�Ð¿ÑƒÐ±Ð»Ð¸ÐºÐ° Ð�Ð¸ÐºÐ°Ñ€Ð°Ð³ÑƒÐ°
 ; [cca2=NI].translations.slk.official
Expected: NikaragujskÃƒÂ¡ republika
     got: NikaragujskÃ¡ republika
 ; [cca2=NI].translations.spa.official
Expected: RepÃƒÂºblica de Nicaragua
     got: RepÃºblica de Nicaragua
 ; [cca2=NI].translations.srp.common
Expected: Ã�ï¿½Ã�Â¸Ã�ÂºÃ�Â°Ã‘â‚¬Ã�Â°Ã�Â³Ã�Â²Ã�Â°
     got: Ð�Ð¸ÐºÐ°Ñ€Ð°Ð³Ð²Ð°
 ; [cca2=NI].translations.srp.official
Expected: Ã�Â Ã�ÂµÃ�Â¿Ã‘Æ’Ã�Â±Ã�Â»Ã�Â¸Ã�ÂºÃ�Â° Ã�ï¿½Ã�Â¸Ã�ÂºÃ�Â°Ã‘â‚¬Ã�Â°Ã�Â³Ã�Â²Ã�Â°
     got: Ð ÐµÐ¿ÑƒÐ±Ð»Ð¸ÐºÐ° Ð�Ð¸ÐºÐ°Ñ€Ð°Ð³Ð²Ð°
 ; [cca2=NI].translations.urd.common
Expected: Ã™â€ ÃšÂ©Ã˜Â§Ã˜Â±Ã˜Â§ÃšÂ¯Ã™Ë†Ã˜Â§
     got: Ù†Ú©Ø§Ø±Ø§Ú¯ÙˆØ§
 ; [cca2=NI].translations.urd.official
Expected: Ã˜Â¬Ã™â€¦Ã›ï¿½Ã™Ë†Ã˜Â±Ã›Å’Ã›ï¿½ Ã™â€ ÃšÂ©Ã˜Â§Ã˜Â±Ã˜Â§ÃšÂ¯Ã™Ë†Ã˜Â§
     got: Ø¬Ù…Û�ÙˆØ±ÛŒÛ� Ù†Ú©Ø§Ø±Ø§Ú¯ÙˆØ§
 ; [cca2=NI].translations.zho.common
Expected: Ã¥Â°Â¼Ã¥Å Â Ã¦â€¹â€°Ã§â€œÅ“
     got: å°¼åŠ æ‹‰ç“œ
 ; [cca2=NI].translations.zho.official
Expected: Ã¥Â°Â¼Ã¥Å Â Ã¦â€¹â€°Ã§â€œÅ“Ã¥â€¦Â±Ã¥â€™Å’Ã¥â€ºÂ½
     got: å°¼åŠ æ‹‰ç“œå…±å’Œå›½
 ; [cca2=NL].currencies.EUR.symbol
Expected: Ã¢â€šÂ¬
     got: â‚¬
 ; [cca2=NL].demonyms.fra.f
Expected: NÃƒÂ©erlandaise
     got: NÃ©erlandaise
 ; [cca2=NL].demonyms.fra.m
Expected: NÃƒÂ©erlandais
     got: NÃ©erlandais
 ; [cca2=NL].flag
Expected: Ã°Å¸â€¡Â³Ã°Å¸â€¡Â±
     got: ðŸ‡³ðŸ‡±
 ; [cca2=NL].translations.ara.common
Expected: Ã™â€¡Ã™Ë†Ã™â€žÃ™â€ Ã˜Â¯Ã˜Â§
     got: Ù‡ÙˆÙ„Ù†Ø¯Ø§
 ; [cca2=NL].translations.ara.official
Expected: Ã™â€¦Ã™â€¦Ã™â€žÃ™Æ’Ã˜Â© Ã™â€¡Ã™Ë†Ã™â€žÃ™â€ Ã˜Â¯Ã˜Â§
     got: Ù…Ù…Ù„ÙƒØ© Ù‡ÙˆÙ„Ù†Ø¯Ø§
 ; [cca2=NL].translations.bre.common
Expected: IzelvroioÃƒÂ¹
     got: IzelvroioÃ¹
 ; [cca2=NL].translations.bre.official
Expected: Rouantelezh an IzelvroioÃƒÂ¹
     got: Rouantelezh an IzelvroioÃ¹
 ; [cca2=NL].translations.ces.official
Expected: NizozemskÃƒÂ© krÃƒÂ¡lovstvÃƒÂ­
     got: NizozemskÃ© krÃ¡lovstvÃ­
 ; [cca2=NL].translations.hun.official
Expected: Holland KirÃƒÂ¡lysÃƒÂ¡g
     got: Holland KirÃ¡lysÃ¡g
 ; [cca2=NL].translations.jpn.common
Expected: Ã£â€šÂªÃ£Æ’Â©Ã£Æ’Â³Ã£Æ’â‚¬
     got: ã‚ªãƒ©ãƒ³ãƒ€
 ; [cca2=NL].translations.jpn.official
Expected: Ã£â€šÂªÃ£Æ’Â©Ã£Æ’Â³Ã£Æ’â‚¬
     got: ã‚ªãƒ©ãƒ³ãƒ€
 ; [cca2=NL].translations.kor.common
Expected: Ã«â€žÂ¤Ã«ï¿½Å“Ã«Å¾â‚¬Ã«â€œÅ“
     got: ë„¤ë�œëž€ë“œ
 ; [cca2=NL].translations.kor.official
Expected: Ã«â€žÂ¤Ã«ï¿½Å“Ã«Å¾â‚¬Ã«â€œÅ“ Ã¬â„¢â€¢ÃªÂµÂ­
     got: ë„¤ë�œëž€ë“œ ì™•êµ­
 ; [cca2=NL].translations.per.common
Expected: Ã™â€¡Ã™â€žÃ™â€ Ã˜Â¯
     got: Ù‡Ù„Ù†Ø¯
 ; [cca2=NL].translations.per.official
Expected: Ã™â€¡Ã™â€žÃ™â€ Ã˜Â¯
     got: Ù‡Ù„Ù†Ø¯
 ; [cca2=NL].translations.pol.official
Expected: KrÃƒÂ³lestwo NiderlandÃƒÂ³w
     got: KrÃ³lestwo NiderlandÃ³w
 ; [cca2=NL].translations.rus.common
Expected: Ã�ï¿½Ã�Â¸Ã�Â´Ã�ÂµÃ‘â‚¬Ã�Â»Ã�Â°Ã�Â½Ã�Â´Ã‘â€¹
     got: Ð�Ð¸Ð´ÐµÑ€Ð»Ð°Ð½Ð´Ñ‹
 ; [cca2=NL].translations.rus.official
Expected: Ã�ï¿½Ã�Â¸Ã�Â´Ã�ÂµÃ‘â‚¬Ã�Â»Ã�Â°Ã�Â½Ã�Â´Ã‘â€¹
     got: Ð�Ð¸Ð´ÐµÑ€Ð»Ð°Ð½Ð´Ñ‹
 ; [cca2=NL].translations.slk.official
Expected: HolandskÃƒÂ© krÃƒÂ¡Ã„Â¾ovstvo
     got: HolandskÃ© krÃ¡Ä¾ovstvo
 ; [cca2=NL].translations.spa.common
Expected: PaÃƒÂ­ses Bajos
     got: PaÃ­ses Bajos
 ; [cca2=NL].translations.spa.official
Expected: PaÃƒÂ­ses Bajos
     got: PaÃ­ses Bajos
 ; [cca2=NL].translations.srp.common
Expected: Ã�Â¥Ã�Â¾Ã�Â»Ã�Â°Ã�Â½Ã�Â´Ã�Â¸Ã‘ËœÃ�Â°
     got: Ð¥Ð¾Ð»Ð°Ð½Ð´Ð¸Ñ˜Ð°
 ; [cca2=NL].translations.srp.official
Expected: Ã�Å¡Ã‘â‚¬Ã�Â°Ã‘â„¢Ã�ÂµÃ�Â²Ã�Â¸Ã�Â½Ã�Â° Ã�Â¥Ã�Â¾Ã�Â»Ã�Â°Ã�Â½Ã�Â´Ã�Â¸Ã‘ËœÃ�Â°
     got: ÐšÑ€Ð°Ñ™ÐµÐ²Ð¸Ð½Ð° Ð¥Ð¾Ð»Ð°Ð½Ð´Ð¸Ñ˜Ð°
 ; [cca2=NL].translations.swe.common
Expected: NederlÃƒÂ¤nderna
     got: NederlÃ¤nderna
 ; [cca2=NL].translations.swe.official
Expected: NederlÃƒÂ¤nderna
     got: NederlÃ¤nderna
 ; [cca2=NL].translations.urd.common
Expected: Ã™â€ Ã›Å’Ã˜Â¯Ã˜Â±Ã™â€žÃ›Å’Ã™â€ ÃšË†Ã˜Â²
     got: Ù†ÛŒØ¯Ø±Ù„ÛŒÙ†ÚˆØ²
 ; [cca2=NL].translations.urd.official
Expected: Ã™â€¦Ã™â€¦Ã™â€žÃšÂ©Ã˜ÂªÃ™ï¿½ Ã™â€ Ã›Å’Ã˜Â¯Ã˜Â±Ã™â€žÃ›Å’Ã™â€ ÃšË†Ã˜Â²
     got: Ù…Ù…Ù„Ú©ØªÙ� Ù†ÛŒØ¯Ø±Ù„ÛŒÙ†ÚˆØ²
 ; [cca2=NL].translations.zho.common
Expected: Ã¨ï¿½Â·Ã¥â€¦Â°
     got: è�·å…°
 ; [cca2=NL].translations.zho.official
Expected: Ã¨ï¿½Â·Ã¥â€¦Â°
     got: è�·å…°
 ; [cca2=NO].demonyms.fra.f
Expected: NorvÃƒÂ©gienne
     got: NorvÃ©gienne
 ; [cca2=NO].demonyms.fra.m
Expected: NorvÃƒÂ©gien
     got: NorvÃ©gien
 ; [cca2=NO].flag
Expected: Ã°Å¸â€¡Â³Ã°Å¸â€¡Â´
     got: ðŸ‡³ðŸ‡´
 ; [cca2=NO].languages.nob
Expected: Norwegian BokmÃƒÂ¥l
     got: Norwegian BokmÃ¥l
 ; [cca2=NO].translations.ara.common
Expected: Ã˜Â§Ã™â€žÃ™â€ Ã˜Â±Ã™Ë†Ã™Å Ã˜Â¬
     got: Ø§Ù„Ù†Ø±ÙˆÙŠØ¬
 ; [cca2=NO].translations.ara.official
Expected: Ã™â€¦Ã™â€¦Ã™â€žÃ™Æ’Ã˜Â© Ã˜Â§Ã™â€žÃ™â€ Ã˜Â±Ã™Ë†Ã™Å Ã˜Â¬
     got: Ù…Ù…Ù„ÙƒØ© Ø§Ù„Ù†Ø±ÙˆÙŠØ¬
 ; [cca2=NO].translations.ces.official
Expected: NorskÃƒÂ© krÃƒÂ¡lovstvÃƒÂ­
     got: NorskÃ© krÃ¡lovstvÃ­
 ; [cca2=NO].translations.deu.official
Expected: KÃƒÂ¶nigreich Norwegen
     got: KÃ¶nigreich Norwegen
 ; [cca2=NO].translations.fra.common
Expected: NorvÃƒÂ¨ge
     got: NorvÃ¨ge
 ; [cca2=NO].translations.fra.official
Expected: Royaume de NorvÃƒÂ¨ge
     got: Royaume de NorvÃ¨ge
 ; [cca2=NO].translations.hrv.common
Expected: NorveÃ…Â¡ka
     got: NorveÅ¡ka
 ; [cca2=NO].translations.hrv.official
Expected: Kraljevina NorveÃ…Â¡ka
     got: Kraljevina NorveÅ¡ka
 ; [cca2=NO].translations.hun.common
Expected: NorvÃƒÂ©gia
     got: NorvÃ©gia
 ; [cca2=NO].translations.hun.official
Expected: NorvÃƒÂ©g KirÃƒÂ¡lysÃƒÂ¡g
     got: NorvÃ©g KirÃ¡lysÃ¡g
 ; [cca2=NO].translations.jpn.common
Expected: Ã£Æ’Å½Ã£Æ’Â«Ã£â€šÂ¦Ã£â€šÂ§Ã£Æ’Â¼
     got: ãƒŽãƒ«ã‚¦ã‚§ãƒ¼
 ; [cca2=NO].translations.jpn.official
Expected: Ã£Æ’Å½Ã£Æ’Â«Ã£â€šÂ¦Ã£â€šÂ§Ã£Æ’Â¼Ã§Å½â€¹Ã¥â€ºÂ½
     got: ãƒŽãƒ«ã‚¦ã‚§ãƒ¼çŽ‹å›½
 ; [cca2=NO].translations.kor.common
Expected: Ã«â€¦Â¸Ã«Â¥Â´Ã¬â€ºÂ¨Ã¬ï¿½Â´
     got: ë…¸ë¥´ì›¨ì�´
 ; [cca2=NO].translations.kor.official
Expected: Ã«â€¦Â¸Ã«Â¥Â´Ã¬â€ºÂ¨Ã¬ï¿½Â´ Ã¬â„¢â€¢ÃªÂµÂ­
     got: ë…¸ë¥´ì›¨ì�´ ì™•êµ­
 ; [cca2=NO].translations.per.common
Expected: Ã™â€ Ã˜Â±Ã™Ë†ÃšËœ
     got: Ù†Ø±ÙˆÚ˜
 ; [cca2=NO].translations.per.official
Expected: Ã™Â¾Ã˜Â§Ã˜Â¯Ã˜Â´Ã˜Â§Ã™â€¡Ã›Å’ Ã™â€ Ã˜Â±Ã™Ë†ÃšËœ
     got: Ù¾Ø§Ø¯Ø´Ø§Ù‡ÛŒ Ù†Ø±ÙˆÚ˜
 ; [cca2=NO].translations.pol.official
Expected: KrÃƒÂ³lestwo Norwegii
     got: KrÃ³lestwo Norwegii
 ; [cca2=NO].translations.rus.common
Expected: Ã�ï¿½Ã�Â¾Ã‘â‚¬Ã�Â²Ã�ÂµÃ�Â³Ã�Â¸Ã‘ï¿½
     got: Ð�Ð¾Ñ€Ð²ÐµÐ³Ð¸Ñ�
 ; [cca2=NO].translations.rus.official
Expected: Ã�Å¡Ã�Â¾Ã‘â‚¬Ã�Â¾Ã�Â»Ã�ÂµÃ�Â²Ã‘ï¿½Ã‘â€šÃ�Â²Ã�Â¾ Ã�ï¿½Ã�Â¾Ã‘â‚¬Ã�Â²Ã�ÂµÃ�Â³Ã�Â¸Ã‘ï¿½
     got: ÐšÐ¾Ñ€Ð¾Ð»ÐµÐ²Ñ�Ñ‚Ð²Ð¾ Ð�Ð¾Ñ€Ð²ÐµÐ³Ð¸Ñ�
 ; [cca2=NO].translations.slk.common
Expected: NÃƒÂ³rsko
     got: NÃ³rsko
 ; [cca2=NO].translations.slk.official
Expected: NÃƒÂ³rske krÃƒÂ¡Ã„Â¾ovstvo
     got: NÃ³rske krÃ¡Ä¾ovstvo
 ; [cca2=NO].translations.srp.common
Expected: Ã�ï¿½Ã�Â¾Ã‘â‚¬Ã�Â²Ã�ÂµÃ‘Ë†Ã�ÂºÃ�Â°
     got: Ð�Ð¾Ñ€Ð²ÐµÑˆÐºÐ°
 ; [cca2=NO].translations.srp.official
Expected: Ã�Å¡Ã‘â‚¬Ã�Â°Ã‘â„¢Ã�ÂµÃ�Â²Ã�Â¸Ã�Â½Ã�Â° Ã�ï¿½Ã�Â¾Ã‘â‚¬Ã�Â²Ã�ÂµÃ‘Ë†Ã�ÂºÃ�Â°
     got: ÐšÑ€Ð°Ñ™ÐµÐ²Ð¸Ð½Ð° Ð�Ð¾Ñ€Ð²ÐµÑˆÐºÐ°
 ; [cca2=NO].translations.tur.common
Expected: NorveÃƒÂ§
     got: NorveÃ§
 ; [cca2=NO].translations.tur.official
Expected: NorveÃƒÂ§ KrallÃ„Â±Ã„Å¸Ã„Â±
     got: NorveÃ§ KrallÄ±ÄŸÄ±
 ; [cca2=NO].translations.urd.common
Expected: Ã™â€ Ã˜Â§Ã˜Â±Ã™Ë†Ã›â€™
     got: Ù†Ø§Ø±ÙˆÛ’
 ; [cca2=NO].translations.urd.official
Expected: Ã™â€¦Ã™â€¦Ã™â€žÃšÂ©Ã˜ÂªÃ™ï¿½ Ã™â€ Ã˜Â§Ã˜Â±Ã™Ë†Ã›â€™
     got: Ù…Ù…Ù„Ú©ØªÙ� Ù†Ø§Ø±ÙˆÛ’
 ; [cca2=NO].translations.zho.common
Expected: Ã¦Å’ÂªÃ¥Â¨ï¿½
     got: æŒªå¨�
 ; [cca2=NO].translations.zho.official
Expected: Ã¦Å’ÂªÃ¥Â¨ï¿½Ã§Å½â€¹Ã¥â€ºÂ½
     got: æŒªå¨�çŽ‹å›½
 ; [cca2=NP].altSpellings[]
Expected: LoktÃ„ï¿½ntrik Ganatantra NepÃ„ï¿½l
     but none found
 ; [cca2=NP].altSpellings[]
Unexpected: LoktÄ�ntrik Ganatantra NepÄ�l
 ; [cca2=NP].currencies.NPR.symbol
Expected: Ã¢â€šÂ¨
     got: â‚¨
 ; [cca2=NP].demonyms.fra.f
Expected: NÃƒÂ©palaise
     got: NÃ©palaise
 ; [cca2=NP].demonyms.fra.m
Expected: NÃƒÂ©palais
     got: NÃ©palais
 ; [cca2=NP].flag
Expected: Ã°Å¸â€¡Â³Ã°Å¸â€¡Âµ
     got: ðŸ‡³ðŸ‡µ
 ; [cca2=NP].name.nativeName.nep.common
Expected: Ã Â¤Â¨Ã Â¥â€¡Ã Â¤ÂªÃ Â¤Â¾Ã Â¤Â²
     got: à¤¨à¥‡à¤ªà¤¾à¤²
 ; [cca2=NP].name.nativeName.nep.official
Expected: Ã Â¤Â¨Ã Â¥â€¡Ã Â¤ÂªÃ Â¤Â¾Ã Â¤Â² Ã Â¤Â¸Ã Â¤â€šÃ Â¤ËœÃ Â¥â‚¬Ã Â¤Â¯ Ã Â¤Â²Ã Â¥â€¹Ã Â¤â€¢Ã Â¤Â¤Ã Â¤Â¾Ã Â¤Â¨Ã Â¥ï¿½Ã Â¤Â¤Ã Â¥ï¿½Ã Â¤Â°Ã Â¤Â¿Ã Â¤â€¢ Ã Â¤â€”Ã Â¤Â£Ã Â¤Â¤Ã Â¤Â¨Ã Â¥ï¿½Ã Â¤Â¤Ã Â¥ï¿½Ã Â¤Â°
     got: à¤¨à¥‡à¤ªà¤¾à¤² à¤¸à¤‚à¤˜à¥€à¤¯ à¤²à¥‹à¤•à¤¤à¤¾à¤¨à¥�à¤¤à¥�à¤°à¤¿à¤• à¤—à¤£à¤¤à¤¨à¥�à¤¤à¥�à¤°
 ; [cca2=NP].translations.ara.common
Expected: Ã™â€ Ã™Å Ã˜Â¨Ã˜Â§Ã™â€ž
     got: Ù†ÙŠØ¨Ø§Ù„
 ; [cca2=NP].translations.ara.official
Expected: Ã˜Â¬Ã™â€¦Ã™â€¡Ã™Ë†Ã˜Â±Ã™Å Ã˜Â© Ã™â€ Ã™Å Ã˜Â¨Ã˜Â§Ã™â€ž Ã˜Â§Ã™â€žÃ˜Â¯Ã™Å Ã™â€¦Ã™â€šÃ˜Â±Ã˜Â§Ã˜Â·Ã™Å Ã˜Â© Ã˜Â§Ã™â€žÃ˜Â§Ã˜ÂªÃ˜Â­Ã˜Â§Ã˜Â¯Ã™Å Ã˜Â©
     got: Ø¬Ù…Ù‡ÙˆØ±ÙŠØ© Ù†ÙŠØ¨Ø§Ù„ Ø§Ù„Ø¯ÙŠÙ…Ù‚Ø±Ø§Ø·ÙŠØ© Ø§Ù„Ø§ØªØ­Ø§Ø¯ÙŠØ©
 ; [cca2=NP].translations.ces.common
Expected: NepÃƒÂ¡l
     got: NepÃ¡l
 ; [cca2=NP].translations.ces.official
Expected: FederativnÃƒÂ­ demokratickÃƒÂ¡ republika NepÃƒÂ¡l
     got: FederativnÃ­ demokratickÃ¡ republika NepÃ¡l
 ; [cca2=NP].translations.fra.common
Expected: NÃƒÂ©pal
     got: NÃ©pal
 ; [cca2=NP].translations.fra.official
Expected: RÃƒÂ©publique du NÃƒÂ©pal
     got: RÃ©publique du NÃ©pal
 ; [cca2=NP].translations.hun.common
Expected: NepÃƒÂ¡l
     got: NepÃ¡l
 ; [cca2=NP].translations.hun.official
Expected: NepÃƒÂ¡li SzÃƒÂ¶vetsÃƒÂ©gi Demokratikus KÃƒÂ¶ztÃƒÂ¡rsasÃƒÂ¡g
     got: NepÃ¡li SzÃ¶vetsÃ©gi Demokratikus KÃ¶ztÃ¡rsasÃ¡g
 ; [cca2=NP].translations.jpn.common
Expected: Ã£Æ’ï¿½Ã£Æ’â€˜Ã£Æ’Â¼Ã£Æ’Â«
     got: ãƒ�ãƒ‘ãƒ¼ãƒ«
 ; [cca2=NP].translations.jpn.official
Expected: Ã£Æ’ï¿½Ã£Æ’â€˜Ã£Æ’Â¼Ã£Æ’Â«Ã©â‚¬Â£Ã©â€šÂ¦Ã¦Â°â€˜Ã¤Â¸Â»Ã¥â€¦Â±Ã¥â€™Å’Ã¥â€ºÂ½
     got: ãƒ�ãƒ‘ãƒ¼ãƒ«é€£é‚¦æ°‘ä¸»å…±å’Œå›½
 ; [cca2=NP].translations.kor.common
Expected: Ã«â€žÂ¤Ã­Å’â€�
     got: ë„¤íŒ”
 ; [cca2=NP].translations.kor.official
Expected: Ã«â€žÂ¤Ã­Å’â€� Ã¬â€”Â°Ã«Â°Â© Ã«Â¯Â¼Ã¬Â£Â¼ ÃªÂ³ÂµÃ­â„¢â€�ÃªÂµÂ­
     got: ë„¤íŒ” ì—°ë°© ë¯¼ì£¼ ê³µí™”êµ­
 ; [cca2=NP].translations.per.common
Expected: Ã™â€ Ã™Â¾Ã˜Â§Ã™â€ž
     got: Ù†Ù¾Ø§Ù„
 ; [cca2=NP].translations.per.official
Expected: Ã˜Â¬Ã™â€¦Ã™â€¡Ã™Ë†Ã˜Â±Ã›Å’ Ã™ï¿½Ã˜Â¯Ã˜Â±Ã˜Â§Ã™â€ž Ã˜Â¯Ã™â€¦Ã™Ë†ÃšÂ©Ã˜Â±Ã˜Â§Ã˜ÂªÃ›Å’ÃšÂ© Ã™â€ Ã™Â¾Ã˜Â§Ã™â€ž
     got: Ø¬Ù…Ù‡ÙˆØ±ÛŒ Ù�Ø¯Ø±Ø§Ù„ Ø¯Ù…ÙˆÚ©Ø±Ø§ØªÛŒÚ© Ù†Ù¾Ø§Ù„
 ; [cca2=NP].translations.por.official
Expected: RepÃƒÂºblica DemocrÃƒÂ¡tica Federal do Nepal
     got: RepÃºblica DemocrÃ¡tica Federal do Nepal
 ; [cca2=NP].translations.rus.common
Expected: Ã�ï¿½Ã�ÂµÃ�Â¿Ã�Â°Ã�Â»
     got: Ð�ÐµÐ¿Ð°Ð»
 ; [cca2=NP].translations.rus.official
Expected: Ã�Â¤Ã�ÂµÃ�Â´Ã�ÂµÃ‘â‚¬Ã�Â°Ã‘â€šÃ�Â¸Ã�Â²Ã�Â½Ã�Â°Ã‘ï¿½ Ã�â€�Ã�ÂµÃ�Â¼Ã�Â¾Ã�ÂºÃ‘â‚¬Ã�Â°Ã‘â€šÃ�Â¸Ã‘â€¡Ã�ÂµÃ‘ï¿½Ã�ÂºÃ�Â°Ã‘ï¿½ Ã�Â Ã�ÂµÃ‘ï¿½Ã�Â¿Ã‘Æ’Ã�Â±Ã�Â»Ã�Â¸Ã�ÂºÃ�Â° Ã�ï¿½Ã�ÂµÃ�Â¿Ã�Â°Ã�Â»
     got: Ð¤ÐµÐ´ÐµÑ€Ð°Ñ‚Ð¸Ð²Ð½Ð°Ñ� Ð”ÐµÐ¼Ð¾ÐºÑ€Ð°Ñ‚Ð¸Ñ‡ÐµÑ�ÐºÐ°Ñ� Ð ÐµÑ�Ð¿ÑƒÐ±Ð»Ð¸ÐºÐ° Ð�ÐµÐ¿Ð°Ð»
 ; [cca2=NP].translations.slk.common
Expected: NepÃƒÂ¡l
     got: NepÃ¡l
 ; [cca2=NP].translations.slk.official
Expected: NepÃƒÂ¡lska federatÃƒÂ­vna demokratickÃƒÂ¡ republika
     got: NepÃ¡lska federatÃ­vna demokratickÃ¡ republika
 ; [cca2=NP].translations.spa.official
Expected: RepÃƒÂºblica DemocrÃƒÂ¡tica Federal de Nepal
     got: RepÃºblica DemocrÃ¡tica Federal de Nepal
 ; [cca2=NP].translations.srp.common
Expected: Ã�ï¿½Ã�ÂµÃ�Â¿Ã�Â°Ã�Â»
     got: Ð�ÐµÐ¿Ð°Ð»
 ; [cca2=NP].translations.srp.official
Expected: Ã�Â¡Ã�Â°Ã�Â²Ã�ÂµÃ�Â·Ã�Â½Ã�Â° Ã�â€�Ã�ÂµÃ�Â¼Ã�Â¾Ã�ÂºÃ‘â‚¬Ã�Â°Ã‘â€šÃ‘ï¿½Ã�ÂºÃ�Â° Ã�Â Ã�ÂµÃ�Â¿Ã‘Æ’Ã�Â±Ã�Â»Ã�Â¸Ã�ÂºÃ�Â° Ã�ï¿½Ã�ÂµÃ�Â¿Ã�Â°Ã�Â»
     got: Ð¡Ð°Ð²ÐµÐ·Ð½Ð° Ð”ÐµÐ¼Ð¾ÐºÑ€Ð°Ñ‚Ñ�ÐºÐ° Ð ÐµÐ¿ÑƒÐ±Ð»Ð¸ÐºÐ° Ð�ÐµÐ¿Ð°Ð»
 ; [cca2=NP].translations.swe.official
Expected: Demokratiska fÃƒÂ¶rbundsrepubliken Nepal
     got: Demokratiska fÃ¶rbundsrepubliken Nepal
 ; [cca2=NP].translations.urd.common
Expected: Ã™â€ Ã›Å’Ã™Â¾Ã˜Â§Ã™â€ž
     got: Ù†ÛŒÙ¾Ø§Ù„
 ; [cca2=NP].translations.urd.official
Expected: Ã™Ë†Ã™ï¿½Ã˜Â§Ã™â€šÃ›Å’ Ã˜Â¬Ã™â€¦Ã›ï¿½Ã™Ë†Ã˜Â±Ã›Å’ Ã˜Â¬Ã™â€¦Ã›ï¿½Ã™Ë†Ã˜Â±Ã›Å’Ã›ï¿½ Ã™â€ Ã›Å’Ã™Â¾Ã˜Â§Ã™â€ž
     got: ÙˆÙ�Ø§Ù‚ÛŒ Ø¬Ù…Û�ÙˆØ±ÛŒ Ø¬Ù…Û�ÙˆØ±ÛŒÛ� Ù†ÛŒÙ¾Ø§Ù„
 ; [cca2=NP].translations.zho.common
Expected: Ã¥Â°Â¼Ã¦Â³Å Ã¥Â°â€�
     got: å°¼æ³Šå°”
 ; [cca2=NP].translations.zho.official
Expected: Ã¥Â°Â¼Ã¦Â³Å Ã¥Â°â€�Ã¨ï¿½â€�Ã©â€šÂ¦Ã¦Â°â€˜Ã¤Â¸Â»Ã¥â€¦Â±Ã¥â€™Å’Ã¥â€ºÂ½
     got: å°¼æ³Šå°”è�”é‚¦æ°‘ä¸»å…±å’Œå›½
 ; [cca2=NR].flag
Expected: Ã°Å¸â€¡Â³Ã°Å¸â€¡Â·
     got: ðŸ‡³ðŸ‡·
 ; [cca2=NR].translations.ara.common
Expected: Ã™â€ Ã˜Â§Ã™Ë†Ã˜Â±Ã™Ë†
     got: Ù†Ø§ÙˆØ±Ùˆ
 ; [cca2=NR].translations.ara.official
Expected: Ã˜Â¬Ã™â€¦Ã™â€¡Ã™Ë†Ã˜Â±Ã™Å Ã˜Â© Ã™â€ Ã˜Â§Ã™Ë†Ã˜Â±Ã™Ë†
     got: Ø¬Ù…Ù‡ÙˆØ±ÙŠØ© Ù†Ø§ÙˆØ±Ùˆ
 ; [cca2=NR].translations.fra.official
Expected: RÃƒÂ©publique de Nauru
     got: RÃ©publique de Nauru
 ; [cca2=NR].translations.hun.official
Expected: Naurui KÃƒÂ¶ztÃƒÂ¡rsasÃƒÂ¡g
     got: Naurui KÃ¶ztÃ¡rsasÃ¡g
 ; [cca2=NR].translations.jpn.common
Expected: Ã£Æ’Å Ã£â€šÂ¦Ã£Æ’Â«
     got: ãƒŠã‚¦ãƒ«
 ; [cca2=NR].translations.jpn.official
Expected: Ã£Æ’Å Ã£â€šÂ¦Ã£Æ’Â«Ã¥â€¦Â±Ã¥â€™Å’Ã¥â€ºÂ½
     got: ãƒŠã‚¦ãƒ«å…±å’Œå›½
 ; [cca2=NR].translations.kor.common
Expected: Ã«â€šËœÃ¬Å¡Â°Ã«Â£Â¨
     got: ë‚˜ìš°ë£¨
 ; [cca2=NR].translations.kor.official
Expected: Ã«â€šËœÃ¬Å¡Â°Ã«Â£Â¨ ÃªÂ³ÂµÃ­â„¢â€�ÃªÂµÂ­
     got: ë‚˜ìš°ë£¨ ê³µí™”êµ­
 ; [cca2=NR].translations.per.common
Expected: Ã™â€ Ã˜Â§Ã˜Â¦Ã™Ë†Ã˜Â±Ã™Ë†
     got: Ù†Ø§Ø¦ÙˆØ±Ùˆ
 ; [cca2=NR].translations.per.official
Expected: Ã˜Â¬Ã™â€¦Ã™â€¡Ã™Ë†Ã˜Â±Ã›Å’ Ã™â€ Ã˜Â§Ã˜Â¦Ã™Ë†Ã˜Â±Ã™Ë†
     got: Ø¬Ù…Ù‡ÙˆØ±ÛŒ Ù†Ø§Ø¦ÙˆØ±Ùˆ
 ; [cca2=NR].translations.por.official
Expected: RepÃƒÂºblica de Nauru
     got: RepÃºblica de Nauru
 ; [cca2=NR].translations.rus.common
Expected: Ã�ï¿½Ã�Â°Ã‘Æ’Ã‘â‚¬Ã‘Æ’
     got: Ð�Ð°ÑƒÑ€Ñƒ
 ; [cca2=NR].translations.rus.official
Expected: Ã�Â Ã�ÂµÃ‘ï¿½Ã�Â¿Ã‘Æ’Ã�Â±Ã�Â»Ã�Â¸Ã�ÂºÃ�Â° Ã�ï¿½Ã�Â°Ã‘Æ’Ã‘â‚¬Ã‘Æ’
     got: Ð ÐµÑ�Ð¿ÑƒÐ±Ð»Ð¸ÐºÐ° Ð�Ð°ÑƒÑ€Ñƒ
 ; [cca2=NR].translations.slk.official
Expected: NaurskÃƒÂ¡ republika
     got: NaurskÃ¡ republika
 ; [cca2=NR].translations.spa.official
Expected: RepÃƒÂºblica de Nauru
     got: RepÃºblica de Nauru
 ; [cca2=NR].translations.srp.common
Expected: Ã�ï¿½Ã�Â°Ã‘Æ’Ã‘â‚¬Ã‘Æ’
     got: Ð�Ð°ÑƒÑ€Ñƒ
 ; [cca2=NR].translations.srp.official
Expected: Ã�Â Ã�ÂµÃ�Â¿Ã‘Æ’Ã�Â±Ã�Â»Ã�Â¸Ã�ÂºÃ�Â° Ã�ï¿½Ã�Â°Ã‘Æ’Ã‘â‚¬Ã‘Æ’
     got: Ð ÐµÐ¿ÑƒÐ±Ð»Ð¸ÐºÐ° Ð�Ð°ÑƒÑ€Ñƒ
 ; [cca2=NR].translations.urd.common
Expected: Ã™â€ Ã˜Â§Ã™Ë†Ã˜Â±Ã™Ë†
     got: Ù†Ø§ÙˆØ±Ùˆ
 ; [cca2=NR].translations.urd.official
Expected: Ã˜Â¬Ã™â€¦Ã›ï¿½Ã™Ë†Ã˜Â±Ã›Å’Ã›ï¿½ Ã™â€ Ã˜Â§Ã™Ë†Ã˜Â±Ã™Ë†
     got: Ø¬Ù…Û�ÙˆØ±ÛŒÛ� Ù†Ø§ÙˆØ±Ùˆ
 ; [cca2=NR].translations.zho.common
Expected: Ã§â€˜â„¢Ã©Â²ï¿½
     got: ç‘™é²�
 ; [cca2=NR].translations.zho.official
Expected: Ã§â€˜â„¢Ã©Â²ï¿½Ã¥â€¦Â±Ã¥â€™Å’Ã¥â€ºÂ½
     got: ç‘™é²�å…±å’Œå›½
 ; [cca2=NU].demonyms.fra.f
Expected: NiuÃƒÂ©enne
     got: NiuÃ©enne
 ; [cca2=NU].demonyms.fra.m
Expected: NiuÃƒÂ©en
     got: NiuÃ©en
 ; [cca2=NU].flag
Expected: Ã°Å¸â€¡Â³Ã°Å¸â€¡Âº
     got: ðŸ‡³ðŸ‡º
 ; [cca2=NU].name.nativeName.niu.common
Expected: NiuÃ„â€œ
     got: NiuÄ“
 ; [cca2=NU].name.nativeName.niu.official
Expected: NiuÃ„â€œ
     got: NiuÄ“
 ; [cca2=NU].translations.ara.common
Expected: Ã™â€ Ã™Å Ã™Å Ã™Ë†Ã™Å 
     got: Ù†ÙŠÙŠÙˆÙŠ
 ; [cca2=NU].translations.ara.official
Expected: Ã™â€ Ã™Å Ã™Å Ã™Ë†Ã™Å 
     got: Ù†ÙŠÙŠÙˆÙŠ
 ; [cca2=NU].translations.jpn.common
Expected: Ã£Æ’â€¹Ã£â€šÂ¦Ã£â€šÂ¨
     got: ãƒ‹ã‚¦ã‚¨
 ; [cca2=NU].translations.jpn.official
Expected: Ã£Æ’â€¹Ã£â€šÂ¦Ã£â€šÂ¨
     got: ãƒ‹ã‚¦ã‚¨
 ; [cca2=NU].translations.kor.common
Expected: Ã«â€¹Ë†Ã¬Å¡Â°Ã¬â€”ï¿½
     got: ë‹ˆìš°ì—�
 ; [cca2=NU].translations.kor.official
Expected: Ã«â€¹Ë†Ã¬Å¡Â°Ã¬â€”ï¿½
     got: ë‹ˆìš°ì—�
 ; [cca2=NU].translations.per.common
Expected: Ã™â€ Ã›Å’Ã™Ë†Ã™Ë†Ã›Å’
     got: Ù†ÛŒÙˆÙˆÛŒ
 ; [cca2=NU].translations.per.official
Expected: Ã™â€ Ã›Å’Ã™Ë†Ã™Ë†Ã›Å’
     got: Ù†ÛŒÙˆÙˆÛŒ
 ; [cca2=NU].translations.rus.common
Expected: Ã�ï¿½Ã�Â¸Ã‘Æ’Ã‘ï¿½
     got: Ð�Ð¸ÑƒÑ�
 ; [cca2=NU].translations.rus.official
Expected: Ã�ï¿½Ã�Â¸Ã‘Æ’Ã‘ï¿½
     got: Ð�Ð¸ÑƒÑ�
 ; [cca2=NU].translations.srp.common
Expected: Ã�ï¿½Ã�Â¸Ã‘ËœÃ‘Æ’Ã�Âµ
     got: Ð�Ð¸Ñ˜ÑƒÐµ
 ; [cca2=NU].translations.srp.official
Expected: Ã�ï¿½Ã�Â¸Ã‘ËœÃ‘Æ’Ã�Âµ
     got: Ð�Ð¸Ñ˜ÑƒÐµ
 ; [cca2=NU].translations.urd.common
Expected: Ã™â€ Ã›Å’Ã™Ë†Ã™Ë†Ã›â€™
     got: Ù†ÛŒÙˆÙˆÛ’
 ; [cca2=NU].translations.urd.official
Expected: Ã™â€ Ã›Å’Ã™Ë†Ã™Ë†Ã›â€™
     got: Ù†ÛŒÙˆÙˆÛ’
 ; [cca2=NU].translations.zho.common
Expected: Ã§ÂºÂ½Ã¥Å¸Æ’
     got: çº½åŸƒ
 ; [cca2=NU].translations.zho.official
Expected: Ã§ÂºÂ½Ã¥Å¸Æ’
     got: çº½åŸƒ
 ; [cca2=NZ].demonyms.fra.f
Expected: Neo-ZÃƒÂ©landaise
     got: Neo-ZÃ©landaise
 ; [cca2=NZ].demonyms.fra.m
Expected: Neo-ZÃƒÂ©landais
     got: Neo-ZÃ©landais
 ; [cca2=NZ].flag
Expected: Ã°Å¸â€¡Â³Ã°Å¸â€¡Â¿
     got: ðŸ‡³ðŸ‡¿
 ; [cca2=NZ].flags.alt
Expected: The flag of New Zealand has a dark blue field with the flag of the United Kingdom Ã¢â‚¬â€� the Union Jack Ã¢â‚¬â€� in the canton and a representation of the Southern Cross constellation, made up of four five-pointed white-edged red stars, on the fly side of the field.
     got: The flag of New Zealand has a dark blue field with the flag of the United Kingdom â€” the Union Jack â€” in the canton and a representation of the Southern Cross constellation, made up of four five-pointed white-edged red stars, on the fly side of the field.
 ; [cca2=NZ].languages.mri
Expected: MÃ„ï¿½ori
     got: MÄ�ori
 ; [cca2=NZ].translations.ara.common
Expected: Ã™â€ Ã™Å Ã™Ë†Ã˜Â²Ã™Å Ã™â€žÃ™â€ Ã˜Â¯Ã˜Â§
     got: Ù†ÙŠÙˆØ²ÙŠÙ„Ù†Ø¯Ø§
 ; [cca2=NZ].translations.ara.official
Expected: Ã™â€ Ã™Å Ã™Ë†Ã˜Â²Ã™Å Ã™â€žÃ™â€ Ã˜Â¯Ã˜Â§
     got: Ù†ÙŠÙˆØ²ÙŠÙ„Ù†Ø¯Ø§
 ; [cca2=NZ].translations.ces.common
Expected: NovÃƒÂ½ ZÃƒÂ©land
     got: NovÃ½ ZÃ©land
 ; [cca2=NZ].translations.ces.official
Expected: NovÃƒÂ½ ZÃƒÂ©land
     got: NovÃ½ ZÃ©land
 ; [cca2=NZ].translations.fra.common
Expected: Nouvelle-ZÃƒÂ©lande
     got: Nouvelle-ZÃ©lande
 ; [cca2=NZ].translations.fra.official
Expected: Nouvelle-ZÃƒÂ©lande
     got: Nouvelle-ZÃ©lande
 ; [cca2=NZ].translations.hun.common
Expected: ÃƒÅ¡j-ZÃƒÂ©land
     got: Ãšj-ZÃ©land
 ; [cca2=NZ].translations.hun.official
Expected: ÃƒÅ¡j-ZÃƒÂ©land
     got: Ãšj-ZÃ©land
 ; [cca2=NZ].translations.jpn.common
Expected: Ã£Æ’â€¹Ã£Æ’Â¥Ã£Æ’Â¼Ã£â€šÂ¸Ã£Æ’Â¼Ã£Æ’Â©Ã£Æ’Â³Ã£Æ’â€°
     got: ãƒ‹ãƒ¥ãƒ¼ã‚¸ãƒ¼ãƒ©ãƒ³ãƒ‰
 ; [cca2=NZ].translations.jpn.official
Expected: Ã£Æ’â€¹Ã£Æ’Â¥Ã£Æ’Â¼Ã£â€šÂ¸Ã£Æ’Â¼Ã£Æ’Â©Ã£Æ’Â³Ã£Æ’â€°
     got: ãƒ‹ãƒ¥ãƒ¼ã‚¸ãƒ¼ãƒ©ãƒ³ãƒ‰
 ; [cca2=NZ].translations.kor.common
Expected: Ã«â€°Â´Ã¬Â§Ë†Ã«Å¾Å“Ã«â€œÅ“
     got: ë‰´ì§ˆëžœë“œ
 ; [cca2=NZ].translations.kor.official
Expected: Ã«â€°Â´Ã¬Â§Ë†Ã«Å¾Å“Ã«â€œÅ“
     got: ë‰´ì§ˆëžœë“œ
 ; [cca2=NZ].translations.per.common
Expected: Ã™â€ Ã›Å’Ã™Ë†Ã˜Â²Ã›Å’Ã™â€žÃ™â€ Ã˜Â¯
     got: Ù†ÛŒÙˆØ²ÛŒÙ„Ù†Ø¯
 ; [cca2=NZ].translations.per.official
Expected: Ã™â€ Ã›Å’Ã™Ë†Ã˜Â²Ã›Å’Ã™â€žÃ™â€ Ã˜Â¯
     got: Ù†ÛŒÙˆØ²ÛŒÙ„Ù†Ø¯
 ; [cca2=NZ].translations.por.common
Expected: Nova ZelÃƒÂ¢ndia
     got: Nova ZelÃ¢ndia
 ; [cca2=NZ].translations.por.official
Expected: nova ZelÃƒÂ¢ndia
     got: nova ZelÃ¢ndia
 ; [cca2=NZ].translations.rus.common
Expected: Ã�ï¿½Ã�Â¾Ã�Â²Ã�Â°Ã‘ï¿½ Ã�â€”Ã�ÂµÃ�Â»Ã�Â°Ã�Â½Ã�Â´Ã�Â¸Ã‘ï¿½
     got: Ð�Ð¾Ð²Ð°Ñ� Ð—ÐµÐ»Ð°Ð½Ð´Ð¸Ñ�
 ; [cca2=NZ].translations.rus.official
Expected: Ã�ï¿½Ã�Â¾Ã�Â²Ã�Â°Ã‘ï¿½ Ã�â€”Ã�ÂµÃ�Â»Ã�Â°Ã�Â½Ã�Â´Ã�Â¸Ã‘ï¿½
     got: Ð�Ð¾Ð²Ð°Ñ� Ð—ÐµÐ»Ð°Ð½Ð´Ð¸Ñ�
 ; [cca2=NZ].translations.slk.common
Expected: NovÃƒÂ½ ZÃƒÂ©land
     got: NovÃ½ ZÃ©land
 ; [cca2=NZ].translations.slk.official
Expected: NovÃƒÂ½ ZÃƒÂ©land
     got: NovÃ½ ZÃ©land
 ; [cca2=NZ].translations.srp.common
Expected: Ã�ï¿½Ã�Â¾Ã�Â²Ã�Â¸ Ã�â€”Ã�ÂµÃ�Â»Ã�Â°Ã�Â½Ã�Â´
     got: Ð�Ð¾Ð²Ð¸ Ð—ÐµÐ»Ð°Ð½Ð´
 ; [cca2=NZ].translations.srp.official
Expected: Ã�ï¿½Ã�Â¾Ã�Â²Ã�Â¸ Ã�â€”Ã�ÂµÃ�Â»Ã�Â°Ã�Â½Ã�Â´
     got: Ð�Ð¾Ð²Ð¸ Ð—ÐµÐ»Ð°Ð½Ð´
 ; [cca2=NZ].translations.urd.common
Expected: Ã™â€ Ã›Å’Ã™Ë†Ã˜Â²Ã›Å’ Ã™â€žÃ›Å’Ã™â€ ÃšË†
     got: Ù†ÛŒÙˆØ²ÛŒ Ù„ÛŒÙ†Úˆ
 ; [cca2=NZ].translations.urd.official
Expected: Ã™â€ Ã›Å’Ã™Ë†Ã˜Â²Ã›Å’ Ã™â€žÃ›Å’Ã™â€ ÃšË†
     got: Ù†ÛŒÙˆØ²ÛŒ Ù„ÛŒÙ†Úˆ
 ; [cca2=NZ].translations.zho.common
Expected: Ã¦â€“Â°Ã¨Â¥Â¿Ã¥â€¦Â°
     got: æ–°è¥¿å…°
 ; [cca2=NZ].translations.zho.official
Expected: Ã¦â€“Â°Ã¨Â¥Â¿Ã¥â€¦Â°
     got: æ–°è¥¿å…°
 ; [cca2=OM].altSpellings[]
Expected: SalÃ¡Â¹Â­anat ÃŠÂ»UmÃ„ï¿½n
     but none found
 ; [cca2=OM].altSpellings[]
Unexpected: Salá¹­anat Ê»UmÄ�n
 ; [cca2=OM].currencies.OMR.symbol
Expected: Ã˜Â±.Ã˜Â¹.
     got: Ø±.Ø¹.
 ; [cca2=OM].flag
Expected: Ã°Å¸â€¡Â´Ã°Å¸â€¡Â²
     got: ðŸ‡´ðŸ‡²
 ; [cca2=OM].name.nativeName.ara.common
Expected: Ã˜Â¹Ã™â€¦Ã˜Â§Ã™â€ 
     got: Ø¹Ù…Ø§Ù†
 ; [cca2=OM].name.nativeName.ara.official
Expected: Ã˜Â³Ã™â€žÃ˜Â·Ã™â€ Ã˜Â© Ã˜Â¹Ã™â€¦Ã˜Â§Ã™â€ 
     got: Ø³Ù„Ø·Ù†Ø© Ø¹Ù…Ø§Ù†
 ; [cca2=OM].translations.ara.common
Expected: Ã˜Â¹Ã™â€¦Ã˜Â§Ã™â€ 
     got: Ø¹Ù…Ø§Ù†
 ; [cca2=OM].translations.ara.official
Expected: Ã˜Â³Ã™â€žÃ˜Â·Ã™â€ Ã˜Â© Ã˜Â¹Ã™â€¦Ã˜Â§Ã™â€ 
     got: Ø³Ù„Ø·Ù†Ø© Ø¹Ù…Ø§Ù†
 ; [cca2=OM].translations.ces.common
Expected: OmÃƒÂ¡n
     got: OmÃ¡n
 ; [cca2=OM].translations.ces.official
Expected: SultanÃƒÂ¡t OmÃƒÂ¡n
     got: SultanÃ¡t OmÃ¡n
 ; [cca2=OM].translations.hun.common
Expected: OmÃƒÂ¡n
     got: OmÃ¡n
 ; [cca2=OM].translations.hun.official
Expected: OmÃƒÂ¡ni SzultanÃƒÂ¡tus
     got: OmÃ¡ni SzultanÃ¡tus
 ; [cca2=OM].translations.jpn.common
Expected: Ã£â€šÂªÃ£Æ’Å¾Ã£Æ’Â¼Ã£Æ’Â³
     got: ã‚ªãƒžãƒ¼ãƒ³
 ; [cca2=OM].translations.jpn.official
Expected: Ã£â€šÂªÃ£Æ’Å¾Ã£Æ’Â¼Ã£Æ’Â³Ã‚Â·Ã£â€šÂ¹Ã£Æ’Â«Ã£â€šÂ¿Ã£Æ’Â³Ã¥â€ºÂ½
     got: ã‚ªãƒžãƒ¼ãƒ³Â·ã‚¹ãƒ«ã‚¿ãƒ³å›½
 ; [cca2=OM].translations.kor.common
Expected: Ã¬ËœÂ¤Ã«Â§Å’
     got: ì˜¤ë§Œ
 ; [cca2=OM].translations.kor.official
Expected: Ã¬ËœÂ¤Ã«Â§Å’ Ã¬Ë†Â Ã­Æ’â€žÃªÂµÂ­
     got: ì˜¤ë§Œ ìˆ íƒ„êµ­
 ; [cca2=OM].translations.per.common
Expected: Ã˜Â¹Ã™â€¦Ã˜Â§Ã™â€ 
     got: Ø¹Ù…Ø§Ù†
 ; [cca2=OM].translations.per.official
Expected: Ã˜Â³Ã™â€žÃ˜Â·Ã˜Â§Ã™â€ Ã¢â‚¬Å’Ã™â€ Ã˜Â´Ã›Å’Ã™â€  Ã˜Â¹Ã™ï¿½Ã™â€¦Ã˜Â§Ã™â€ 
     got: Ø³Ù„Ø·Ø§Ù†â€ŒÙ†Ø´ÛŒÙ† Ø¹Ù�Ù…Ø§Ù†
 ; [cca2=OM].translations.pol.official
Expected: SuÃ…â€štanat Omanu
     got: SuÅ‚tanat Omanu
 ; [cca2=OM].translations.por.common
Expected: OmÃƒÂ£
     got: OmÃ£
 ; [cca2=OM].translations.por.official
Expected: Sultanato de OmÃƒÂ£
     got: Sultanato de OmÃ£
 ; [cca2=OM].translations.rus.common
Expected: Ã�Å¾Ã�Â¼Ã�Â°Ã�Â½
     got: ÐžÐ¼Ð°Ð½
 ; [cca2=OM].translations.rus.official
Expected: Ã�Â¡Ã‘Æ’Ã�Â»Ã‘â€šÃ�Â°Ã�Â½Ã�Â°Ã‘â€š Ã�Å¾Ã�Â¼Ã�Â°Ã�Â½
     got: Ð¡ÑƒÐ»Ñ‚Ð°Ð½Ð°Ñ‚ ÐžÐ¼Ð°Ð½
 ; [cca2=OM].translations.slk.common
Expected: OmÃƒÂ¡n
     got: OmÃ¡n
 ; [cca2=OM].translations.slk.official
Expected: OmÃƒÂ¡nsky sultanÃƒÂ¡t
     got: OmÃ¡nsky sultanÃ¡t
 ; [cca2=OM].translations.spa.common
Expected: OmÃƒÂ¡n
     got: OmÃ¡n
 ; [cca2=OM].translations.spa.official
Expected: Sultanato de OmÃƒÂ¡n
     got: Sultanato de OmÃ¡n
 ; [cca2=OM].translations.srp.common
Expected: Ã�Å¾Ã�Â¼Ã�Â°Ã�Â½
     got: ÐžÐ¼Ð°Ð½
 ; [cca2=OM].translations.srp.official
Expected: Ã�Â¡Ã‘Æ’Ã�Â»Ã‘â€šÃ�Â°Ã�Â½Ã�Â°Ã‘â€š Ã�Å¾Ã�Â¼Ã�Â°Ã�Â½
     got: Ð¡ÑƒÐ»Ñ‚Ð°Ð½Ð°Ñ‚ ÐžÐ¼Ð°Ð½
 ; [cca2=OM].translations.tur.official
Expected: Umman SultanlÃ„Â±Ã„Å¸Ã„Â±
     got: Umman SultanlÄ±ÄŸÄ±
 ; [cca2=OM].translations.urd.common
Expected: Ã˜Â¹Ã™â€¦Ã˜Â§Ã™â€ 
     got: Ø¹Ù…Ø§Ù†
 ; [cca2=OM].translations.urd.official
Expected: Ã˜Â³Ã™â€žÃ˜Â·Ã™â€ Ã˜Âª Ã˜Â¹Ã™â€¦Ã˜Â§Ã™â€ 
     got: Ø³Ù„Ø·Ù†Øª Ø¹Ù…Ø§Ù†
 ; [cca2=OM].translations.zho.common
Expected: Ã©ËœÂ¿Ã¦â€ºÂ¼
     got: é˜¿æ›¼
 ; [cca2=OM].translations.zho.official
Expected: Ã©ËœÂ¿Ã¦â€ºÂ¼Ã¨â€¹ï¿½Ã¤Â¸Â¹Ã¥â€ºÂ½
     got: é˜¿æ›¼è‹�ä¸¹å›½
 ; [cca2=PA].altSpellings[]
Expected: RepÃƒÂºblica de PanamÃƒÂ¡
     but none found
 ; [cca2=PA].altSpellings[]
Unexpected: RepÃºblica de PanamÃ¡
 ; [cca2=PA].demonyms.fra.f
Expected: PanamÃƒÂ©enne
     got: PanamÃ©enne
 ; [cca2=PA].demonyms.fra.m
Expected: PanamÃƒÂ©en
     got: PanamÃ©en
 ; [cca2=PA].flag
Expected: Ã°Å¸â€¡ÂµÃ°Å¸â€¡Â¦
     got: ðŸ‡µðŸ‡¦
 ; [cca2=PA].flags.alt
Expected: The flag of Panama is composed of four equal rectangular areas Ã¢â‚¬â€� a white rectangular area with a blue five-pointed star at its center, a red rectangular area, a white rectangular area with a red five-pointed star at its center, and a blue rectangular area Ã¢â‚¬â€� in the upper hoist side, upper fly side, lower fly side and lower hoist side respectively.
     got: The flag of Panama is composed of four equal rectangular areas â€” a white rectangular area with a blue five-pointed star at its center, a red rectangular area, a white rectangular area with a red five-pointed star at its center, and a blue rectangular area â€” in the upper hoist side, upper fly side, lower fly side and lower hoist side respectively.
 ; [cca2=PA].name.nativeName.spa.common
Expected: PanamÃƒÂ¡
     got: PanamÃ¡
 ; [cca2=PA].name.nativeName.spa.official
Expected: RepÃƒÂºblica de PanamÃƒÂ¡
     got: RepÃºblica de PanamÃ¡
 ; [cca2=PA].translations.ara.common
Expected: Ã˜Â¨Ã™â€ Ã™â€¦Ã˜Â§
     got: Ø¨Ù†Ù…Ø§
 ; [cca2=PA].translations.ara.official
Expected: Ã˜Â¬Ã™â€¦Ã™â€¡Ã™Ë†Ã˜Â±Ã™Å Ã˜Â© Ã˜Â¨Ã™â€ Ã™â€¦Ã˜Â§
     got: Ø¬Ù…Ù‡ÙˆØ±ÙŠØ© Ø¨Ù†Ù…Ø§
 ; [cca2=PA].translations.ces.official
Expected: PanamskÃƒÂ¡ republika
     got: PanamskÃ¡ republika
 ; [cca2=PA].translations.fra.official
Expected: RÃƒÂ©publique du Panama
     got: RÃ©publique du Panama
 ; [cca2=PA].translations.hun.official
Expected: Panamai KÃƒÂ¶ztÃƒÂ¡rsasÃƒÂ¡g
     got: Panamai KÃ¶ztÃ¡rsasÃ¡g
 ; [cca2=PA].translations.jpn.common
Expected: Ã£Æ’â€˜Ã£Æ’Å Ã£Æ’Å¾
     got: ãƒ‘ãƒŠãƒž
 ; [cca2=PA].translations.jpn.official
Expected: Ã£Æ’â€˜Ã£Æ’Å Ã£Æ’Å¾Ã¥â€¦Â±Ã¥â€™Å’Ã¥â€ºÂ½
     got: ãƒ‘ãƒŠãƒžå…±å’Œå›½
 ; [cca2=PA].translations.kor.common
Expected: Ã­Å’Å’Ã«â€šËœÃ«Â§Ë†
     got: íŒŒë‚˜ë§ˆ
 ; [cca2=PA].translations.kor.official
Expected: Ã­Å’Å’Ã«â€šËœÃ«Â§Ë† ÃªÂ³ÂµÃ­â„¢â€�ÃªÂµÂ­
     got: íŒŒë‚˜ë§ˆ ê³µí™”êµ­
 ; [cca2=PA].translations.per.common
Expected: Ã™Â¾Ã˜Â§Ã™â€ Ã˜Â§Ã™â€¦Ã˜Â§
     got: Ù¾Ø§Ù†Ø§Ù…Ø§
 ; [cca2=PA].translations.per.official
Expected: Ã˜Â¬Ã™â€¦Ã™â€¡Ã™Ë†Ã˜Â±Ã›Å’ Ã™Â¾Ã˜Â§Ã™â€ Ã˜Â§Ã™â€¦Ã˜Â§
     got: Ø¬Ù…Ù‡ÙˆØ±ÛŒ Ù¾Ø§Ù†Ø§Ù…Ø§
 ; [cca2=PA].translations.por.common
Expected: PanamÃƒÂ¡
     got: PanamÃ¡
 ; [cca2=PA].translations.por.official
Expected: RepÃƒÂºblica do PanamÃƒÂ¡
     got: RepÃºblica do PanamÃ¡
 ; [cca2=PA].translations.rus.common
Expected: Ã�Å¸Ã�Â°Ã�Â½Ã�Â°Ã�Â¼Ã�Â°
     got: ÐŸÐ°Ð½Ð°Ð¼Ð°
 ; [cca2=PA].translations.rus.official
Expected: Ã�Â Ã�ÂµÃ‘ï¿½Ã�Â¿Ã‘Æ’Ã�Â±Ã�Â»Ã�Â¸Ã�ÂºÃ�Â° Ã�Å¸Ã�Â°Ã�Â½Ã�Â°Ã�Â¼Ã�Â°
     got: Ð ÐµÑ�Ð¿ÑƒÐ±Ð»Ð¸ÐºÐ° ÐŸÐ°Ð½Ð°Ð¼Ð°
 ; [cca2=PA].translations.slk.official
Expected: PanamskÃƒÂ¡ republika
     got: PanamskÃ¡ republika
 ; [cca2=PA].translations.spa.common
Expected: PanamÃƒÂ¡
     got: PanamÃ¡
 ; [cca2=PA].translations.spa.official
Expected: RepÃƒÂºblica de PanamÃƒÂ¡
     got: RepÃºblica de PanamÃ¡
 ; [cca2=PA].translations.srp.common
Expected: Ã�Å¸Ã�Â°Ã�Â½Ã�Â°Ã�Â¼Ã�Â°
     got: ÐŸÐ°Ð½Ð°Ð¼Ð°
 ; [cca2=PA].translations.srp.official
Expected: Ã�Â Ã�ÂµÃ�Â¿Ã‘Æ’Ã�Â±Ã�Â»Ã�Â¸Ã�ÂºÃ�Â° Ã�Å¸Ã�Â°Ã�Â½Ã�Â°Ã�Â¼Ã�Â°
     got: Ð ÐµÐ¿ÑƒÐ±Ð»Ð¸ÐºÐ° ÐŸÐ°Ð½Ð°Ð¼Ð°
 ; [cca2=PA].translations.urd.common
Expected: Ã™Â¾Ã˜Â§Ã™â€ Ã˜Â§Ã™â€¦Ã˜Â§
     got: Ù¾Ø§Ù†Ø§Ù…Ø§
 ; [cca2=PA].translations.urd.official
Expected: Ã˜Â¬Ã™â€¦Ã›ï¿½Ã™Ë†Ã˜Â±Ã›Å’Ã›ï¿½ Ã™Â¾Ã˜Â§Ã™â€ Ã˜Â§Ã™â€¦Ã˜Â§
     got: Ø¬Ù…Û�ÙˆØ±ÛŒÛ� Ù¾Ø§Ù†Ø§Ù…Ø§
 ; [cca2=PA].translations.zho.common
Expected: Ã¥Â·Â´Ã¦â€¹Â¿Ã©Â©Â¬
     got: å·´æ‹¿é©¬
 ; [cca2=PA].translations.zho.official
Expected: Ã¥Â·Â´Ã¦â€¹Â¿Ã©Â©Â¬Ã¥â€¦Â±Ã¥â€™Å’Ã¥â€ºÂ½
     got: å·´æ‹¿é©¬å…±å’Œå›½
 ; [cca2=PE].altSpellings[]
Expected: RepÃƒÂºblica del PerÃƒÂº
     but none found
 ; [cca2=PE].altSpellings[]
Unexpected: RepÃºblica del PerÃº
 ; [cca2=PE].demonyms.fra.f
Expected: PÃƒÂ©ruvienne
     got: PÃ©ruvienne
 ; [cca2=PE].demonyms.fra.m
Expected: PÃƒÂ©ruvien
     got: PÃ©ruvien
 ; [cca2=PE].flag
Expected: Ã°Å¸â€¡ÂµÃ°Å¸â€¡Âª
     got: ðŸ‡µðŸ‡ª
 ; [cca2=PE].name.nativeName.spa.common
Expected: PerÃƒÂº
     got: PerÃº
 ; [cca2=PE].name.nativeName.spa.official
Expected: RepÃƒÂºblica del PerÃƒÂº
     got: RepÃºblica del PerÃº
 ; [cca2=PE].translations.ara.common
Expected: Ã˜Â¨Ã™Å Ã˜Â±Ã™Ë†
     got: Ø¨ÙŠØ±Ùˆ
 ; [cca2=PE].translations.ara.official
Expected: Ã˜Â¬Ã™â€¦Ã™â€¡Ã™Ë†Ã˜Â±Ã™Å Ã˜Â© Ã˜Â¨Ã™Å Ã˜Â±Ã™Ë†
     got: Ø¬Ù…Ù‡ÙˆØ±ÙŠØ© Ø¨ÙŠØ±Ùˆ
 ; [cca2=PE].translations.ces.official
Expected: PeruÃƒÂ¡nskÃƒÂ¡ republika
     got: PeruÃ¡nskÃ¡ republika
 ; [cca2=PE].translations.fra.common
Expected: PÃƒÂ©rou
     got: PÃ©rou
 ; [cca2=PE].translations.fra.official
Expected: RÃƒÂ©publique du PÃƒÂ©rou
     got: RÃ©publique du PÃ©rou
 ; [cca2=PE].translations.hun.official
Expected: Perui KÃƒÂ¶ztÃƒÂ¡rsasÃƒÂ¡g
     got: Perui KÃ¶ztÃ¡rsasÃ¡g
 ; [cca2=PE].translations.ita.common
Expected: PerÃƒÂ¹
     got: PerÃ¹
 ; [cca2=PE].translations.ita.official
Expected: Repubblica del PerÃƒÂ¹
     got: Repubblica del PerÃ¹
 ; [cca2=PE].translations.jpn.common
Expected: Ã£Æ’Å¡Ã£Æ’Â«Ã£Æ’Â¼
     got: ãƒšãƒ«ãƒ¼
 ; [cca2=PE].translations.jpn.official
Expected: Ã£Æ’Å¡Ã£Æ’Â«Ã£Æ’Â¼Ã¥â€¦Â±Ã¥â€™Å’Ã¥â€ºÂ½
     got: ãƒšãƒ«ãƒ¼å…±å’Œå›½
 ; [cca2=PE].translations.kor.common
Expected: Ã­Å½ËœÃ«Â£Â¨
     got: íŽ˜ë£¨
 ; [cca2=PE].translations.kor.official
Expected: Ã­Å½ËœÃ«Â£Â¨ ÃªÂ³ÂµÃ­â„¢â€�ÃªÂµÂ­
     got: íŽ˜ë£¨ ê³µí™”êµ­
 ; [cca2=PE].translations.per.common
Expected: Ã™Â¾Ã˜Â±Ã™Ë†
     got: Ù¾Ø±Ùˆ
 ; [cca2=PE].translations.per.official
Expected: Ã˜Â¬Ã™â€¦Ã™â€¡Ã™Ë†Ã˜Â±Ã›Å’ Ã™Â¾Ã˜Â±Ã™Ë†
     got: Ø¬Ù…Ù‡ÙˆØ±ÛŒ Ù¾Ø±Ùˆ
 ; [cca2=PE].translations.por.common
Expected: PerÃƒÂº
     got: PerÃº
 ; [cca2=PE].translations.por.official
Expected: RepÃƒÂºblica do Peru
     got: RepÃºblica do Peru
 ; [cca2=PE].translations.rus.common
Expected: Ã�Å¸Ã�ÂµÃ‘â‚¬Ã‘Æ’
     got: ÐŸÐµÑ€Ñƒ
 ; [cca2=PE].translations.rus.official
Expected: Ã�Â Ã�ÂµÃ‘ï¿½Ã�Â¿Ã‘Æ’Ã�Â±Ã�Â»Ã�Â¸Ã�ÂºÃ�Â° Ã�Å¸Ã�ÂµÃ‘â‚¬Ã‘Æ’
     got: Ð ÐµÑ�Ð¿ÑƒÐ±Ð»Ð¸ÐºÐ° ÐŸÐµÑ€Ñƒ
 ; [cca2=PE].translations.slk.official
Expected: PeruÃƒÂ¡nska republika
     got: PeruÃ¡nska republika
 ; [cca2=PE].translations.spa.common
Expected: PerÃƒÂº
     got: PerÃº
 ; [cca2=PE].translations.spa.official
Expected: RepÃƒÂºblica de PerÃƒÂº
     got: RepÃºblica de PerÃº
 ; [cca2=PE].translations.srp.common
Expected: Ã�Å¸Ã�ÂµÃ‘â‚¬Ã‘Æ’
     got: ÐŸÐµÑ€Ñƒ
 ; [cca2=PE].translations.srp.official
Expected: Ã�Â Ã�ÂµÃ�Â¿Ã‘Æ’Ã�Â±Ã�Â»Ã�Â¸Ã�ÂºÃ�Â° Ã�Å¸Ã�ÂµÃ‘â‚¬Ã‘Æ’
     got: Ð ÐµÐ¿ÑƒÐ±Ð»Ð¸ÐºÐ° ÐŸÐµÑ€Ñƒ
 ; [cca2=PE].translations.urd.common
Expected: Ã™Â¾Ã›Å’Ã˜Â±Ã™Ë†
     got: Ù¾ÛŒØ±Ùˆ
 ; [cca2=PE].translations.urd.official
Expected: Ã˜Â¬Ã™â€¦Ã›ï¿½Ã™Ë†Ã˜Â±Ã›Å’Ã›ï¿½ Ã™Â¾Ã›Å’Ã˜Â±Ã™Ë†
     got: Ø¬Ù…Û�ÙˆØ±ÛŒÛ� Ù¾ÛŒØ±Ùˆ
 ; [cca2=PE].translations.zho.common
Expected: Ã§Â§ËœÃ©Â²ï¿½
     got: ç§˜é²�
 ; [cca2=PE].translations.zho.official
Expected: Ã§Â§ËœÃ©Â²ï¿½Ã¥â€¦Â±Ã¥â€™Å’Ã¥â€ºÂ½
     got: ç§˜é²�å…±å’Œå›½
 ; [cca2=PF].altSpellings[]
Expected: PÃ…ï¿½rÃ„Â«netia FarÃ„ï¿½ni
     but none found
 ; [cca2=PF].altSpellings[]
Expected: PolynÃƒÂ©sie franÃƒÂ§aise
     but none found
 ; [cca2=PF].altSpellings[]
Unexpected: PolynÃ©sie franÃ§aise
 ; [cca2=PF].altSpellings[]
Unexpected: PÅ�rÄ«netia FarÄ�ni
 ; [cca2=PF].capital[]
Expected: PapeetÃ„â€œ
     but none found
 ; [cca2=PF].capital[]
Unexpected: PapeetÄ“
 ; [cca2=PF].currencies.XPF.symbol
Expected: Ã¢â€šÂ£
     got: â‚£
 ; [cca2=PF].demonyms.fra.f
Expected: PolynÃƒÂ©sienne
     got: PolynÃ©sienne
 ; [cca2=PF].demonyms.fra.m
Expected: PolynÃƒÂ©sien
     got: PolynÃ©sien
 ; [cca2=PF].flag
Expected: Ã°Å¸â€¡ÂµÃ°Å¸â€¡Â«
     got: ðŸ‡µðŸ‡«
 ; [cca2=PF].name.nativeName.fra.common
Expected: PolynÃƒÂ©sie franÃƒÂ§aise
     got: PolynÃ©sie franÃ§aise
 ; [cca2=PF].name.nativeName.fra.official
Expected: PolynÃƒÂ©sie franÃƒÂ§aise
     got: PolynÃ©sie franÃ§aise
 ; [cca2=PF].translations.ara.common
Expected: Ã˜Â¨Ã™Ë†Ã™â€žÃ™Å Ã™â€ Ã˜Â²Ã™Å Ã˜Â§ Ã˜Â§Ã™â€žÃ™ï¿½Ã˜Â±Ã™â€ Ã˜Â³Ã™Å Ã˜Â©
     got: Ø¨ÙˆÙ„ÙŠÙ†Ø²ÙŠØ§ Ø§Ù„Ù�Ø±Ù†Ø³ÙŠØ©
 ; [cca2=PF].translations.ara.official
Expected: Ã˜Â¨Ã™Ë†Ã™â€žÃ™Å Ã™â€ Ã˜Â²Ã™Å Ã˜Â§ Ã˜Â§Ã™â€žÃ™ï¿½Ã˜Â±Ã™â€ Ã˜Â³Ã™Å Ã˜Â©
     got: Ø¨ÙˆÙ„ÙŠÙ†Ø²ÙŠØ§ Ø§Ù„Ù�Ø±Ù†Ø³ÙŠØ©
 ; [cca2=PF].translations.ces.common
Expected: FrancouzskÃƒÂ¡ PolynÃƒÂ©sie
     got: FrancouzskÃ¡ PolynÃ©sie
 ; [cca2=PF].translations.ces.official
Expected: FrancouzskÃƒÂ¡ PolynÃƒÂ©sie
     got: FrancouzskÃ¡ PolynÃ©sie
 ; [cca2=PF].translations.deu.common
Expected: FranzÃƒÂ¶sisch-Polynesien
     got: FranzÃ¶sisch-Polynesien
 ; [cca2=PF].translations.deu.official
Expected: FranzÃƒÂ¶sisch-Polynesien
     got: FranzÃ¶sisch-Polynesien
 ; [cca2=PF].translations.est.common
Expected: Prantsuse PolÃƒÂ¼neesia
     got: Prantsuse PolÃ¼neesia
 ; [cca2=PF].translations.est.official
Expected: Prantsuse PolÃƒÂ¼neesia
     got: Prantsuse PolÃ¼neesia
 ; [cca2=PF].translations.fra.common
Expected: PolynÃƒÂ©sie franÃƒÂ§aise
     got: PolynÃ©sie franÃ§aise
 ; [cca2=PF].translations.fra.official
Expected: PolynÃƒÂ©sie franÃƒÂ§aise
     got: PolynÃ©sie franÃ§aise
 ; [cca2=PF].translations.hun.common
Expected: Francia PolinÃƒÂ©zia
     got: Francia PolinÃ©zia
 ; [cca2=PF].translations.hun.official
Expected: Francia PolinÃƒÂ©zia
     got: Francia PolinÃ©zia
 ; [cca2=PF].translations.jpn.common
Expected: Ã£Æ’â€¢Ã£Æ’Â©Ã£Æ’Â³Ã£â€šÂ¹Ã©Â ËœÃ£Æ’ï¿½Ã£Æ’ÂªÃ£Æ’ï¿½Ã£â€šÂ·Ã£â€šÂ¢
     got: ãƒ•ãƒ©ãƒ³ã‚¹é ˜ãƒ�ãƒªãƒ�ã‚·ã‚¢
 ; [cca2=PF].translations.jpn.official
Expected: Ã£Æ’â€¢Ã£Æ’Â©Ã£Æ’Â³Ã£â€šÂ¹Ã©Â ËœÃ£Æ’ï¿½Ã£Æ’ÂªÃ£Æ’ï¿½Ã£â€šÂ·Ã£â€šÂ¢
     got: ãƒ•ãƒ©ãƒ³ã‚¹é ˜ãƒ�ãƒªãƒ�ã‚·ã‚¢
 ; [cca2=PF].translations.kor.common
Expected: Ã­â€�â€žÃ«Å¾â€˜Ã¬Å Â¤Ã«Â Â¹ Ã­ï¿½Â´Ã«Â¦Â¬Ã«â€žÂ¤Ã¬â€¹Å“Ã¬â€¢â€ž
     got: í”„ëž‘ìŠ¤ë ¹ í�´ë¦¬ë„¤ì‹œì•„
 ; [cca2=PF].translations.kor.official
Expected: Ã­â€�â€žÃ«Å¾â€˜Ã¬Å Â¤Ã«Â Â¹ Ã­ï¿½Â´Ã«Â¦Â¬Ã«â€žÂ¤Ã¬â€¹Å“Ã¬â€¢â€ž
     got: í”„ëž‘ìŠ¤ë ¹ í�´ë¦¬ë„¤ì‹œì•„
 ; [cca2=PF].translations.nld.common
Expected: Frans-PolynesiÃƒÂ«
     got: Frans-PolynesiÃ«
 ; [cca2=PF].translations.nld.official
Expected: Frans-PolynesiÃƒÂ«
     got: Frans-PolynesiÃ«
 ; [cca2=PF].translations.per.common
Expected: Ã™Â¾Ã™ï¿½Ã™â€žÃ›Å’Ã¢â‚¬Å’Ã™â€ Ã™ï¿½Ã˜Â²Ã›Å’ Ã™ï¿½Ã˜Â±Ã˜Â§Ã™â€ Ã˜Â³Ã™â€¡
     got: Ù¾Ù�Ù„ÛŒâ€ŒÙ†Ù�Ø²ÛŒ Ù�Ø±Ø§Ù†Ø³Ù‡
 ; [cca2=PF].translations.per.official
Expected: Ã™Â¾Ã™ï¿½Ã™â€žÃ›Å’Ã¢â‚¬Å’Ã™â€ Ã™ï¿½Ã˜Â²Ã›Å’ Ã™ï¿½Ã˜Â±Ã˜Â§Ã™â€ Ã˜Â³Ã™â€¡
     got: Ù¾Ù�Ù„ÛŒâ€ŒÙ†Ù�Ø²ÛŒ Ù�Ø±Ø§Ù†Ø³Ù‡
 ; [cca2=PF].translations.por.common
Expected: PolinÃƒÂ©sia Francesa
     got: PolinÃ©sia Francesa
 ; [cca2=PF].translations.por.official
Expected: PolinÃƒÂ©sia Francesa
     got: PolinÃ©sia Francesa
 ; [cca2=PF].translations.rus.common
Expected: Ã�Â¤Ã‘â‚¬Ã�Â°Ã�Â½Ã‘â€ Ã‘Æ’Ã�Â·Ã‘ï¿½Ã�ÂºÃ�Â°Ã‘ï¿½ Ã�Å¸Ã�Â¾Ã�Â»Ã�Â¸Ã�Â½Ã�ÂµÃ�Â·Ã�Â¸Ã‘ï¿½
     got: Ð¤Ñ€Ð°Ð½Ñ†ÑƒÐ·Ñ�ÐºÐ°Ñ� ÐŸÐ¾Ð»Ð¸Ð½ÐµÐ·Ð¸Ñ�
 ; [cca2=PF].translations.rus.official
Expected: Ã�Â¤Ã‘â‚¬Ã�Â°Ã�Â½Ã‘â€ Ã‘Æ’Ã�Â·Ã‘ï¿½Ã�ÂºÃ�Â°Ã‘ï¿½ Ã�Å¸Ã�Â¾Ã�Â»Ã�Â¸Ã�Â½Ã�ÂµÃ�Â·Ã�Â¸Ã‘ï¿½
     got: Ð¤Ñ€Ð°Ð½Ñ†ÑƒÐ·Ñ�ÐºÐ°Ñ� ÐŸÐ¾Ð»Ð¸Ð½ÐµÐ·Ð¸Ñ�
 ; [cca2=PF].translations.slk.common
Expected: FrancÃƒÂºzska PolynÃƒÂ©zia
     got: FrancÃºzska PolynÃ©zia
 ; [cca2=PF].translations.slk.official
Expected: FrancÃƒÂºzska PolynÃƒÂ©zia
     got: FrancÃºzska PolynÃ©zia
 ; [cca2=PF].translations.spa.official
Expected: Polinesia francÃƒÂ©s
     got: Polinesia francÃ©s
 ; [cca2=PF].translations.srp.common
Expected: Ã�Â¤Ã‘â‚¬Ã�Â°Ã�Â½Ã‘â€ Ã‘Æ’Ã‘ï¿½Ã�ÂºÃ�Â° Ã�Å¸Ã�Â¾Ã�Â»Ã�Â¸Ã�Â½Ã�ÂµÃ�Â·Ã�Â¸Ã‘ËœÃ�Â°
     got: Ð¤Ñ€Ð°Ð½Ñ†ÑƒÑ�ÐºÐ° ÐŸÐ¾Ð»Ð¸Ð½ÐµÐ·Ð¸Ñ˜Ð°
 ; [cca2=PF].translations.srp.official
Expected: Ã�Â¤Ã‘â‚¬Ã�Â°Ã�Â½Ã‘â€ Ã‘Æ’Ã‘ï¿½Ã�ÂºÃ�Â° Ã�Å¸Ã�Â¾Ã�Â»Ã�Â¸Ã�Â½Ã�ÂµÃ�Â·Ã�Â¸Ã‘ËœÃ�Â°
     got: Ð¤Ñ€Ð°Ð½Ñ†ÑƒÑ�ÐºÐ° ÐŸÐ¾Ð»Ð¸Ð½ÐµÐ·Ð¸Ñ˜Ð°
 ; [cca2=PF].translations.tur.common
Expected: FransÃ„Â±z PolinezyasÃ„Â±
     got: FransÄ±z PolinezyasÄ±
 ; [cca2=PF].translations.tur.official
Expected: FransÃ„Â±z PolinezyasÃ„Â±
     got: FransÄ±z PolinezyasÄ±
 ; [cca2=PF].translations.urd.common
Expected: Ã™ï¿½Ã˜Â±Ã˜Â§Ã™â€ Ã˜Â³Ã›Å’Ã˜Â³Ã›Å’ Ã™Â¾Ã™Ë†Ã™â€žÃ›Å’Ã™â€ Ã›Å’Ã˜Â´Ã›Å’Ã˜Â§
     got: Ù�Ø±Ø§Ù†Ø³ÛŒØ³ÛŒ Ù¾ÙˆÙ„ÛŒÙ†ÛŒØ´ÛŒØ§
 ; [cca2=PF].translations.urd.official
Expected: Ã™ï¿½Ã˜Â±Ã˜Â§Ã™â€ Ã˜Â³Ã›Å’Ã˜Â³Ã›Å’ Ã™Â¾Ã™Ë†Ã™â€žÃ›Å’Ã™â€ Ã›Å’Ã˜Â´Ã›Å’Ã˜Â§
     got: Ù�Ø±Ø§Ù†Ø³ÛŒØ³ÛŒ Ù¾ÙˆÙ„ÛŒÙ†ÛŒØ´ÛŒØ§
 ; [cca2=PF].translations.zho.common
Expected: Ã¦Â³â€¢Ã¥Â±Å¾Ã¦Â³Â¢Ã¥Ë†Â©Ã¥Â°Â¼Ã¨Â¥Â¿Ã¤ÂºÅ¡
     got: æ³•å±žæ³¢åˆ©å°¼è¥¿äºš
 ; [cca2=PF].translations.zho.official
Expected: Ã¦Â³â€¢Ã¥Â±Å¾Ã¦Â³Â¢Ã¥Ë†Â©Ã¥Â°Â¼Ã¨Â¥Â¿Ã¤ÂºÅ¡
     got: æ³•å±žæ³¢åˆ©å°¼è¥¿äºš
 ; [cca2=PG].flag
Expected: Ã°Å¸â€¡ÂµÃ°Å¸â€¡Â¬
     got: ðŸ‡µðŸ‡¬
 ; [cca2=PG].translations.ara.common
Expected: Ã˜Â¨Ã˜Â§Ã˜Â¨Ã™Ë†Ã˜Â§ Ã˜ÂºÃ™Å Ã™â€ Ã™Å Ã˜Â§ Ã˜Â§Ã™â€žÃ˜Â¬Ã˜Â¯Ã™Å Ã˜Â¯Ã˜Â©
     got: Ø¨Ø§Ø¨ÙˆØ§ ØºÙŠÙ†ÙŠØ§ Ø§Ù„Ø¬Ø¯ÙŠØ¯Ø©
 ; [cca2=PG].translations.ara.official
Expected: Ã˜Â¯Ã™Ë†Ã™â€žÃ˜Â© Ã˜Â¨Ã˜Â§Ã˜Â¨Ã™Ë†Ã˜Â§ Ã˜ÂºÃ™Å Ã™â€ Ã™Å Ã˜Â§ Ã˜Â§Ã™â€žÃ˜Â¬Ã˜Â¯Ã™Å Ã˜Â¯Ã˜Â©
     got: Ø¯ÙˆÙ„Ø© Ø¨Ø§Ø¨ÙˆØ§ ØºÙŠÙ†ÙŠØ§ Ø§Ù„Ø¬Ø¯ÙŠØ¯Ø©
 ; [cca2=PG].translations.ces.common
Expected: Papua-NovÃƒÂ¡ Guinea
     got: Papua-NovÃ¡ Guinea
 ; [cca2=PG].translations.ces.official
Expected: NezÃƒÂ¡vislÃƒÂ½ stÃƒÂ¡t Papua NovÃƒÂ¡ Guinea
     got: NezÃ¡vislÃ½ stÃ¡t Papua NovÃ¡ Guinea
 ; [cca2=PG].translations.deu.official
Expected: UnabhÃƒÂ¤ngiger Staat Papua-Neuguinea
     got: UnabhÃ¤ngiger Staat Papua-Neuguinea
 ; [cca2=PG].translations.fin.official
Expected: Papua-Uuden-Guinean ItsenÃƒÂ¤inen valtio
     got: Papua-Uuden-Guinean ItsenÃ¤inen valtio
 ; [cca2=PG].translations.fra.common
Expected: Papouasie-Nouvelle-GuinÃƒÂ©e
     got: Papouasie-Nouvelle-GuinÃ©e
 ; [cca2=PG].translations.fra.official
Expected: Ãƒâ€°tat indÃƒÂ©pendant de Papouasie-Nouvelle-GuinÃƒÂ©e
     got: Ã‰tat indÃ©pendant de Papouasie-Nouvelle-GuinÃ©e
 ; [cca2=PG].translations.hrv.official
Expected: Nezavisna DrÃ…Â¾ava Papui Novoj Gvineji
     got: Nezavisna DrÅ¾ava Papui Novoj Gvineji
 ; [cca2=PG].translations.hun.common
Expected: PÃƒÂ¡pua ÃƒÅ¡j-Guinea
     got: PÃ¡pua Ãšj-Guinea
 ; [cca2=PG].translations.hun.official
Expected: PÃƒÂ¡pua ÃƒÅ¡j-Guinea FÃƒÂ¼ggetlen Ãƒï¿½llam
     got: PÃ¡pua Ãšj-Guinea FÃ¼ggetlen Ã�llam
 ; [cca2=PG].translations.jpn.common
Expected: Ã£Æ’â€˜Ã£Æ’â€”Ã£â€šÂ¢Ã£Æ’â€¹Ã£Æ’Â¥Ã£Æ’Â¼Ã£â€šÂ®Ã£Æ’â€¹Ã£â€šÂ¢
     got: ãƒ‘ãƒ—ã‚¢ãƒ‹ãƒ¥ãƒ¼ã‚®ãƒ‹ã‚¢
 ; [cca2=PG].translations.jpn.official
Expected: Ã£Æ’â€˜Ã£Æ’â€”Ã£â€šÂ¢Ã£Æ’â€¹Ã£Æ’Â¥Ã£Æ’Â¼Ã£â€šÂ®Ã£Æ’â€¹Ã£â€šÂ¢Ã§â€¹Â¬Ã§Â«â€¹Ã¥â€ºÂ½
     got: ãƒ‘ãƒ—ã‚¢ãƒ‹ãƒ¥ãƒ¼ã‚®ãƒ‹ã‚¢ç‹¬ç«‹å›½
 ; [cca2=PG].translations.kor.common
Expected: Ã­Å’Å’Ã­â€˜Â¸Ã¬â€¢â€žÃ«â€°Â´ÃªÂ¸Â°Ã«â€¹Ë†
     got: íŒŒí‘¸ì•„ë‰´ê¸°ë‹ˆ
 ; [cca2=PG].translations.kor.official
Expected: Ã­Å’Å’Ã­â€˜Â¸Ã¬â€¢â€žÃ«â€°Â´ÃªÂ¸Â°Ã«â€¹Ë† Ã«ï¿½â€¦Ã«Â¦Â½ÃªÂµÂ­
     got: íŒŒí‘¸ì•„ë‰´ê¸°ë‹ˆ ë�…ë¦½êµ­
 ; [cca2=PG].translations.per.common
Expected: Ã™Â¾Ã˜Â§Ã™Â¾Ã™Ë†Ã˜Â¢ ÃšÂ¯Ã›Å’Ã™â€ Ã™â€¡ Ã™â€ Ã™Ë†
     got: Ù¾Ø§Ù¾ÙˆØ¢ Ú¯ÛŒÙ†Ù‡ Ù†Ùˆ
 ; [cca2=PG].translations.per.official
Expected: Ã™â€¦Ã™â€¦Ã™â€žÃšÂ©Ã˜Âª Ã™â€¦Ã˜Â³Ã˜ÂªÃ™â€šÃ™â€ž Ã™Â¾Ã˜Â§Ã™Â¾Ã™Ë†Ã˜Â¢ ÃšÂ¯Ã›Å’Ã™â€ Ã™â€¡Ã™â€� Ã™â€ Ã™Ë†
     got: Ù…Ù…Ù„Ú©Øª Ù…Ø³ØªÙ‚Ù„ Ù¾Ø§Ù¾ÙˆØ¢ Ú¯ÛŒÙ†Ù‡Ù” Ù†Ùˆ
 ; [cca2=PG].translations.pol.official
Expected: NiezaleÃ…Â¼ne PaÃ…â€žstwo Papui-Nowej Gwinei
     got: NiezaleÅ¼ne PaÅ„stwo Papui-Nowej Gwinei
 ; [cca2=PG].translations.por.common
Expected: Papua Nova GuinÃƒÂ©
     got: Papua Nova GuinÃ©
 ; [cca2=PG].translations.por.official
Expected: Estado Independente da Papua Nova GuinÃƒÂ©
     got: Estado Independente da Papua Nova GuinÃ©
 ; [cca2=PG].translations.rus.common
Expected: Ã�Å¸Ã�Â°Ã�Â¿Ã‘Æ’Ã�Â° Ã¢â‚¬â€� Ã�ï¿½Ã�Â¾Ã�Â²Ã�Â°Ã‘ï¿½ Ã�â€œÃ�Â²Ã�Â¸Ã�Â½Ã�ÂµÃ‘ï¿½
     got: ÐŸÐ°Ð¿ÑƒÐ° â€” Ð�Ð¾Ð²Ð°Ñ� Ð“Ð²Ð¸Ð½ÐµÑ�
 ; [cca2=PG].translations.rus.official
Expected: Ã�ï¿½Ã�ÂµÃ�Â·Ã�Â°Ã�Â²Ã�Â¸Ã‘ï¿½Ã�Â¸Ã�Â¼Ã�Â¾Ã�Âµ Ã�â€œÃ�Â¾Ã‘ï¿½Ã‘Æ’Ã�Â´Ã�Â°Ã‘â‚¬Ã‘ï¿½Ã‘â€šÃ�Â²Ã�Â¾ Ã�Å¸Ã�Â°Ã�Â¿Ã‘Æ’Ã�Â°-Ã�ï¿½Ã�Â¾Ã�Â²Ã�Â¾Ã�Â¹ Ã�â€œÃ�Â²Ã�Â¸Ã�Â½Ã�ÂµÃ�Â¸
     got: Ð�ÐµÐ·Ð°Ð²Ð¸Ñ�Ð¸Ð¼Ð¾Ðµ Ð“Ð¾Ñ�ÑƒÐ´Ð°Ñ€Ñ�Ñ‚Ð²Ð¾ ÐŸÐ°Ð¿ÑƒÐ°-Ð�Ð¾Ð²Ð¾Ð¹ Ð“Ð²Ð¸Ð½ÐµÐ¸
 ; [cca2=PG].translations.slk.common
Expected: Papua-NovÃƒÂ¡ Guinea
     got: Papua-NovÃ¡ Guinea
 ; [cca2=PG].translations.slk.official
Expected: NezÃƒÂ¡vislÃƒÂ½ Ã…Â¡tÃƒÂ¡t Papua-NovÃƒÂ¡ Guinea
     got: NezÃ¡vislÃ½ Å¡tÃ¡t Papua-NovÃ¡ Guinea
 ; [cca2=PG].translations.spa.common
Expected: PapÃƒÂºa Nueva Guinea
     got: PapÃºa Nueva Guinea
 ; [cca2=PG].translations.spa.official
Expected: Estado Independiente de PapÃƒÂºa Nueva Guinea
     got: Estado Independiente de PapÃºa Nueva Guinea
 ; [cca2=PG].translations.srp.common
Expected: Ã�Å¸Ã�Â°Ã�Â¿Ã‘Æ’Ã�Â° Ã�ï¿½Ã�Â¾Ã�Â²Ã�Â° Ã�â€œÃ�Â²Ã�Â¸Ã�Â½Ã�ÂµÃ‘ËœÃ�Â°
     got: ÐŸÐ°Ð¿ÑƒÐ° Ð�Ð¾Ð²Ð° Ð“Ð²Ð¸Ð½ÐµÑ˜Ð°
 ; [cca2=PG].translations.srp.official
Expected: Ã�ï¿½Ã�ÂµÃ�Â·Ã�Â°Ã�Â²Ã�Â¸Ã‘ï¿½Ã�Â½Ã�Â° Ã�â€�Ã‘â‚¬Ã�Â¶Ã�Â°Ã�Â²Ã�Â° Ã�Å¸Ã�Â°Ã�Â¿Ã‘Æ’Ã�Â° Ã�ï¿½Ã�Â¾Ã�Â²Ã�Â° Ã�â€œÃ�Â²Ã�Â¸Ã�Â½Ã�ÂµÃ‘ËœÃ�Â°
     got: Ð�ÐµÐ·Ð°Ð²Ð¸Ñ�Ð½Ð° Ð”Ñ€Ð¶Ð°Ð²Ð° ÐŸÐ°Ð¿ÑƒÐ° Ð�Ð¾Ð²Ð° Ð“Ð²Ð¸Ð½ÐµÑ˜Ð°
 ; [cca2=PG].translations.tur.official
Expected: Papua Yeni Gine BaÃ„Å¸Ã„Â±msÃ„Â±z Devleti
     got: Papua Yeni Gine BaÄŸÄ±msÄ±z Devleti
 ; [cca2=PG].translations.urd.common
Expected: Ã™Â¾Ã˜Â§Ã™Â¾Ã™Ë†Ã˜Â§ Ã™â€ Ã›Å’Ã™Ë† ÃšÂ¯Ã™â€ Ã›Å’
     got: Ù¾Ø§Ù¾ÙˆØ§ Ù†ÛŒÙˆ Ú¯Ù†ÛŒ
 ; [cca2=PG].translations.urd.official
Expected: Ã˜Â¢Ã˜Â²Ã˜Â§Ã˜Â¯ Ã˜Â±Ã›Å’Ã˜Â§Ã˜Â³Ã˜ÂªÃ™ï¿½ Ã™Â¾Ã˜Â§Ã™Â¾Ã™Ë†Ã˜Â§ Ã™â€ Ã›Å’Ã™Ë† ÃšÂ¯Ã™â€ Ã›Å’
     got: Ø¢Ø²Ø§Ø¯ Ø±ÛŒØ§Ø³ØªÙ� Ù¾Ø§Ù¾ÙˆØ§ Ù†ÛŒÙˆ Ú¯Ù†ÛŒ
 ; [cca2=PG].translations.zho.common
Expected: Ã¥Â·Â´Ã¥Â¸Æ’Ã¤ÂºÅ¡Ã¦â€“Â°Ã¥â€¡Â Ã¥â€ â€¦Ã¤ÂºÅ¡
     got: å·´å¸ƒäºšæ–°å‡ å†…äºš
 ; [cca2=PG].translations.zho.official
Expected: Ã¥Â·Â´Ã¥Â¸Æ’Ã¤ÂºÅ¡Ã¦â€“Â°Ã¥â€¡Â Ã¥â€ â€¦Ã¤ÂºÅ¡
     got: å·´å¸ƒäºšæ–°å‡ å†…äºš
 ; [cca2=PH].altSpellings[]
Expected: RepÃƒÂºblika ng Pilipinas
     but none found
 ; [cca2=PH].altSpellings[]
Unexpected: RepÃºblika ng Pilipinas
 ; [cca2=PH].currencies.PHP.symbol
Expected: Ã¢â€šÂ±
     got: â‚±
 ; [cca2=PH].flag
Expected: Ã°Å¸â€¡ÂµÃ°Å¸â€¡Â­
     got: ðŸ‡µðŸ‡­
 ; [cca2=PH].translations.ara.common
Expected: Ã˜Â§Ã™â€žÃ™ï¿½Ã™â€žÃ˜Â¨Ã™Å Ã™â€ 
     got: Ø§Ù„Ù�Ù„Ø¨ÙŠÙ†
 ; [cca2=PH].translations.ara.official
Expected: Ã˜Â¬Ã™â€¦Ã™â€¡Ã™Ë†Ã˜Â±Ã™Å Ã˜Â© Ã˜Â§Ã™â€žÃ™ï¿½Ã™â€žÃ˜Â¨Ã™Å Ã™â€ 
     got: Ø¬Ù…Ù‡ÙˆØ±ÙŠØ© Ø§Ù„Ù�Ù„Ø¨ÙŠÙ†
 ; [cca2=PH].translations.ces.common
Expected: FilipÃƒÂ­ny
     got: FilipÃ­ny
 ; [cca2=PH].translations.ces.official
Expected: FilipÃƒÂ­nskÃƒÂ¡ republika
     got: FilipÃ­nskÃ¡ republika
 ; [cca2=PH].translations.fra.official
Expected: RÃƒÂ©publique des Philippines
     got: RÃ©publique des Philippines
 ; [cca2=PH].translations.hun.common
Expected: FÃƒÂ¼lÃƒÂ¶p-szigetek
     got: FÃ¼lÃ¶p-szigetek
 ; [cca2=PH].translations.hun.official
Expected: FÃƒÂ¼lÃƒÂ¶p-szigeteki KÃƒÂ¶ztÃƒÂ¡rsasÃƒÂ¡g
     got: FÃ¼lÃ¶p-szigeteki KÃ¶ztÃ¡rsasÃ¡g
 ; [cca2=PH].translations.jpn.common
Expected: Ã£Æ’â€¢Ã£â€šÂ£Ã£Æ’ÂªÃ£Æ’â€�Ã£Æ’Â³
     got: ãƒ•ã‚£ãƒªãƒ”ãƒ³
 ; [cca2=PH].translations.jpn.official
Expected: Ã£Æ’â€¢Ã£â€šÂ£Ã£Æ’ÂªÃ£Æ’â€�Ã£Æ’Â³Ã¥â€¦Â±Ã¥â€™Å’Ã¥â€ºÂ½
     got: ãƒ•ã‚£ãƒªãƒ”ãƒ³å…±å’Œå›½
 ; [cca2=PH].translations.kor.common
Expected: Ã­â€¢â€žÃ«Â¦Â¬Ã­â€¢â‚¬
     got: í•„ë¦¬í•€
 ; [cca2=PH].translations.kor.official
Expected: Ã­â€¢â€žÃ«Â¦Â¬Ã­â€¢â‚¬ ÃªÂ³ÂµÃ­â„¢â€�ÃªÂµÂ­
     got: í•„ë¦¬í•€ ê³µí™”êµ­
 ; [cca2=PH].translations.per.common
Expected: Ã™ï¿½Ã›Å’Ã™â€žÃ›Å’Ã™Â¾Ã›Å’Ã™â€ 
     got: Ù�ÛŒÙ„ÛŒÙ¾ÛŒÙ†
 ; [cca2=PH].translations.per.official
Expected: Ã˜Â¬Ã™â€¦Ã™â€¡Ã™Ë†Ã˜Â±Ã›Å’ Ã™ï¿½Ã›Å’Ã™â€žÃ›Å’Ã™Â¾Ã›Å’Ã™â€ 
     got: Ø¬Ù…Ù‡ÙˆØ±ÛŒ Ù�ÛŒÙ„ÛŒÙ¾ÛŒÙ†
 ; [cca2=PH].translations.por.official
Expected: RepÃƒÂºblica das Filipinas
     got: RepÃºblica das Filipinas
 ; [cca2=PH].translations.rus.common
Expected: Ã�Â¤Ã�Â¸Ã�Â»Ã�Â¸Ã�Â¿Ã�Â¿Ã�Â¸Ã�Â½Ã‘â€¹
     got: Ð¤Ð¸Ð»Ð¸Ð¿Ð¿Ð¸Ð½Ñ‹
 ; [cca2=PH].translations.rus.official
Expected: Ã�Â Ã�ÂµÃ‘ï¿½Ã�Â¿Ã‘Æ’Ã�Â±Ã�Â»Ã�Â¸Ã�ÂºÃ�Â° Ã�Â¤Ã�Â¸Ã�Â»Ã�Â¸Ã�Â¿Ã�Â¿Ã�Â¸Ã�Â½Ã‘â€¹
     got: Ð ÐµÑ�Ð¿ÑƒÐ±Ð»Ð¸ÐºÐ° Ð¤Ð¸Ð»Ð¸Ð¿Ð¿Ð¸Ð½Ñ‹
 ; [cca2=PH].translations.slk.common
Expected: FilipÃƒÂ­ny
     got: FilipÃ­ny
 ; [cca2=PH].translations.slk.official
Expected: FilipÃƒÂ­nska republika
     got: FilipÃ­nska republika
 ; [cca2=PH].translations.spa.official
Expected: RepÃƒÂºblica de las Filipinas
     got: RepÃºblica de las Filipinas
 ; [cca2=PH].translations.srp.common
Expected: Ã�Â¤Ã�Â¸Ã�Â»Ã�Â¸Ã�Â¿Ã�Â¸Ã�Â½Ã�Â¸
     got: Ð¤Ð¸Ð»Ð¸Ð¿Ð¸Ð½Ð¸
 ; [cca2=PH].translations.srp.official
Expected: Ã�Â Ã�ÂµÃ�Â¿Ã‘Æ’Ã�Â±Ã�Â»Ã�Â¸Ã�ÂºÃ�Â° Ã�Â¤Ã�Â¸Ã�Â»Ã�Â¸Ã�Â¿Ã�Â¸Ã�Â½Ã�Â¸
     got: Ð ÐµÐ¿ÑƒÐ±Ð»Ð¸ÐºÐ° Ð¤Ð¸Ð»Ð¸Ð¿Ð¸Ð½Ð¸
 ; [cca2=PH].translations.urd.common
Expected: Ã™ï¿½Ã™â€žÃ™Â¾Ã˜Â§Ã˜Â¦Ã™â€ 
     got: Ù�Ù„Ù¾Ø§Ø¦Ù†
 ; [cca2=PH].translations.urd.official
Expected: Ã˜Â¬Ã™â€¦Ã›ï¿½Ã™Ë†Ã˜Â±Ã›Å’Ã›ï¿½ Ã™ï¿½Ã™â€žÃ™Â¾Ã˜Â§Ã˜Â¦Ã™â€ 
     got: Ø¬Ù…Û�ÙˆØ±ÛŒÛ� Ù�Ù„Ù¾Ø§Ø¦Ù†
 ; [cca2=PH].translations.zho.common
Expected: Ã¨ï¿½Â²Ã¥Â¾â€¹Ã¥Â®Â¾
     got: è�²å¾‹å®¾
 ; [cca2=PH].translations.zho.official
Expected: Ã¨ï¿½Â²Ã¥Â¾â€¹Ã¥Â®Â¾Ã¥â€¦Â±Ã¥â€™Å’Ã¥â€ºÂ½
     got: è�²å¾‹å®¾å…±å’Œå›½
 ; [cca2=PK].altSpellings[]
Expected: IslÃ„ï¿½mÃ„Â« JumhÃ…Â«riya&apos;eh PÃ„ï¿½kistÃ„ï¿½n
     but none found
 ; [cca2=PK].altSpellings[]
Expected: PÃ„ï¿½kistÃ„ï¿½n
     but none found
 ; [cca2=PK].altSpellings[]
Unexpected: PÄ�kistÄ�n
 ; [cca2=PK].altSpellings[]
Unexpected: IslÄ�mÄ« JumhÅ«riya&apos;eh PÄ�kistÄ�n
 ; [cca2=PK].currencies.PKR.symbol
Expected: Ã¢â€šÂ¨
     got: â‚¨
 ; [cca2=PK].flag
Expected: Ã°Å¸â€¡ÂµÃ°Å¸â€¡Â°
     got: ðŸ‡µðŸ‡°
 ; [cca2=PK].name.nativeName.urd.common
Expected: Ã™Â¾Ã˜Â§Ã™Æ’Ã˜Â³Ã˜ÂªÃ˜Â§Ã™â€ 
     got: Ù¾Ø§ÙƒØ³ØªØ§Ù†
 ; [cca2=PK].name.nativeName.urd.official
Expected: Ã˜Â§Ã˜Â³Ã™â€žÃ˜Â§Ã™â€¦Ã›Å’ Ã˜Â¬Ã™â€¦Ã›ï¿½Ã™Ë†Ã˜Â±Ã›Å’Ã›â€š Ã™Â¾Ã˜Â§Ã™Æ’Ã˜Â³Ã˜ÂªÃ˜Â§Ã™â€ 
     got: Ø§Ø³Ù„Ø§Ù…ÛŒ Ø¬Ù…Û�ÙˆØ±ÛŒÛ‚ Ù¾Ø§ÙƒØ³ØªØ§Ù†
 ; [cca2=PK].translations.ara.common
Expected: Ã˜Â¨Ã˜Â§Ã™Æ’Ã˜Â³Ã˜ÂªÃ˜Â§Ã™â€ 
     got: Ø¨Ø§ÙƒØ³ØªØ§Ù†
 ; [cca2=PK].translations.ara.official
Expected: Ã˜Â¬Ã™â€¦Ã™â€¡Ã™Ë†Ã˜Â±Ã™Å Ã˜Â© Ã˜Â¨Ã˜Â§Ã™Æ’Ã˜Â³Ã˜ÂªÃ˜Â§Ã™â€  Ã˜Â§Ã™â€žÃ˜Â¥Ã˜Â³Ã™â€žÃ˜Â§Ã™â€¦Ã™Å Ã˜Â©
     got: Ø¬Ù…Ù‡ÙˆØ±ÙŠØ© Ø¨Ø§ÙƒØ³ØªØ§Ù† Ø§Ù„Ø¥Ø³Ù„Ø§Ù…ÙŠØ©
 ; [cca2=PK].translations.ces.common
Expected: PÃƒÂ¡kistÃƒÂ¡n
     got: PÃ¡kistÃ¡n
 ; [cca2=PK].translations.ces.official
Expected: PÃƒÂ¡kistÃƒÂ¡nskÃƒÂ¡ islÃƒÂ¡mskÃƒÂ¡ republika
     got: PÃ¡kistÃ¡nskÃ¡ islÃ¡mskÃ¡ republika
 ; [cca2=PK].translations.fra.official
Expected: RÃƒÂ©publique islamique du Pakistan
     got: RÃ©publique islamique du Pakistan
 ; [cca2=PK].translations.hun.common
Expected: PakisztÃƒÂ¡n
     got: PakisztÃ¡n
 ; [cca2=PK].translations.hun.official
Expected: PakisztÃƒÂ¡n
     got: PakisztÃ¡n
 ; [cca2=PK].translations.jpn.common
Expected: Ã£Æ’â€˜Ã£â€šÂ­Ã£â€šÂ¹Ã£â€šÂ¿Ã£Æ’Â³
     got: ãƒ‘ã‚­ã‚¹ã‚¿ãƒ³
 ; [cca2=PK].translations.jpn.official
Expected: Ã£Æ’â€˜Ã£â€šÂ­Ã£â€šÂ¹Ã£â€šÂ¿Ã£Æ’Â³
     got: ãƒ‘ã‚­ã‚¹ã‚¿ãƒ³
 ; [cca2=PK].translations.kor.common
Expected: Ã­Å’Å’Ã­â€šÂ¤Ã¬Å Â¤Ã­Æ’â€ž
     got: íŒŒí‚¤ìŠ¤íƒ„
 ; [cca2=PK].translations.kor.official
Expected: Ã­Å’Å’Ã­â€šÂ¤Ã¬Å Â¤Ã­Æ’â€ž Ã¬ï¿½Â´Ã¬Å Â¬Ã«Å¾Å’ ÃªÂ³ÂµÃ­â„¢â€�ÃªÂµÂ­
     got: íŒŒí‚¤ìŠ¤íƒ„ ì�´ìŠ¬ëžŒ ê³µí™”êµ­
 ; [cca2=PK].translations.per.common
Expected: Ã™Â¾Ã˜Â§ÃšÂ©Ã˜Â³Ã˜ÂªÃ˜Â§Ã™â€ 
     got: Ù¾Ø§Ú©Ø³ØªØ§Ù†
 ; [cca2=PK].translations.per.official
Expected: Ã˜Â¬Ã™â€¦Ã™â€¡Ã™Ë†Ã˜Â±Ã›Å’ Ã˜Â§Ã˜Â³Ã™â€žÃ˜Â§Ã™â€¦Ã›Å’ Ã™Â¾Ã˜Â§ÃšÂ©Ã˜Â³Ã˜ÂªÃ˜Â§Ã™â€ 
     got: Ø¬Ù…Ù‡ÙˆØ±ÛŒ Ø§Ø³Ù„Ø§Ù…ÛŒ Ù¾Ø§Ú©Ø³ØªØ§Ù†
 ; [cca2=PK].translations.por.common
Expected: PaquistÃƒÂ£o
     got: PaquistÃ£o
 ; [cca2=PK].translations.por.official
Expected: RepÃƒÂºblica IslÃƒÂ¢mica do PaquistÃƒÂ£o
     got: RepÃºblica IslÃ¢mica do PaquistÃ£o
 ; [cca2=PK].translations.rus.common
Expected: Ã�Å¸Ã�Â°Ã�ÂºÃ�Â¸Ã‘ï¿½Ã‘â€šÃ�Â°Ã�Â½
     got: ÐŸÐ°ÐºÐ¸Ñ�Ñ‚Ð°Ð½
 ; [cca2=PK].translations.rus.official
Expected: Ã�ËœÃ‘ï¿½Ã�Â»Ã�Â°Ã�Â¼Ã‘ï¿½Ã�ÂºÃ�Â°Ã‘ï¿½ Ã�Â Ã�ÂµÃ‘ï¿½Ã�Â¿Ã‘Æ’Ã�Â±Ã�Â»Ã�Â¸Ã�ÂºÃ�Â° Ã�Å¸Ã�Â°Ã�ÂºÃ�Â¸Ã‘ï¿½Ã‘â€šÃ�Â°Ã�Â½
     got: Ð˜Ñ�Ð»Ð°Ð¼Ñ�ÐºÐ°Ñ� Ð ÐµÑ�Ð¿ÑƒÐ±Ð»Ð¸ÐºÐ° ÐŸÐ°ÐºÐ¸Ñ�Ñ‚Ð°Ð½
 ; [cca2=PK].translations.slk.official
Expected: PakistanskÃƒÂ¡ islamskÃƒÂ¡ republika
     got: PakistanskÃ¡ islamskÃ¡ republika
 ; [cca2=PK].translations.spa.common
Expected: PakistÃƒÂ¡n
     got: PakistÃ¡n
 ; [cca2=PK].translations.spa.official
Expected: RepÃƒÂºblica IslÃƒÂ¡mica de PakistÃƒÂ¡n
     got: RepÃºblica IslÃ¡mica de PakistÃ¡n
 ; [cca2=PK].translations.srp.common
Expected: Ã�Å¸Ã�Â°Ã�ÂºÃ�Â¸Ã‘ï¿½Ã‘â€šÃ�Â°Ã�Â½
     got: ÐŸÐ°ÐºÐ¸Ñ�Ñ‚Ð°Ð½
 ; [cca2=PK].translations.srp.official
Expected: Ã�ËœÃ‘ï¿½Ã�Â»Ã�Â°Ã�Â¼Ã‘ï¿½Ã�ÂºÃ�Â° Ã�Â Ã�ÂµÃ�Â¿Ã‘Æ’Ã�Â±Ã�Â»Ã�Â¸Ã�ÂºÃ�Â° Ã�Å¸Ã�Â°Ã�ÂºÃ�Â¸Ã‘ï¿½Ã‘â€šÃ�Â°Ã�Â½
     got: Ð˜Ñ�Ð»Ð°Ð¼Ñ�ÐºÐ° Ð ÐµÐ¿ÑƒÐ±Ð»Ð¸ÐºÐ° ÐŸÐ°ÐºÐ¸Ñ�Ñ‚Ð°Ð½
 ; [cca2=PK].translations.tur.official
Expected: Pakistan Ã„Â°slam Cumhuriyeti
     got: Pakistan Ä°slam Cumhuriyeti
 ; [cca2=PK].translations.urd.common
Expected: Ã™Â¾Ã˜Â§ÃšÂ©Ã˜Â³Ã˜ÂªÃ˜Â§Ã™â€ 
     got: Ù¾Ø§Ú©Ø³ØªØ§Ù†
 ; [cca2=PK].translations.urd.official
Expected: Ã˜Â§Ã˜Â³Ã™â€žÃ˜Â§Ã™â€¦Ã›Å’ Ã˜Â¬Ã™â€¦Ã›ï¿½Ã™Ë†Ã˜Â±Ã›Å’Ã›ï¿½ Ã™Â¾Ã˜Â§ÃšÂ©Ã˜Â³Ã˜ÂªÃ˜Â§Ã™â€ 
     got: Ø§Ø³Ù„Ø§Ù…ÛŒ Ø¬Ù…Û�ÙˆØ±ÛŒÛ� Ù¾Ø§Ú©Ø³ØªØ§Ù†
 ; [cca2=PK].translations.zho.common
Expected: Ã¥Â·Â´Ã¥Å¸ÂºÃ¦â€“Â¯Ã¥ï¿½Â¦
     got: å·´åŸºæ–¯å�¦
 ; [cca2=PK].translations.zho.official
Expected: Ã¥Â·Â´Ã¥Å¸ÂºÃ¦â€“Â¯Ã¥ï¿½Â¦Ã¤Â¼Å Ã¦â€“Â¯Ã¥â€¦Â°Ã¥â€¦Â±Ã¥â€™Å’Ã¥â€ºÂ½
     got: å·´åŸºæ–¯å�¦ä¼Šæ–¯å…°å…±å’Œå›½
 ; [cca2=PL].currencies.PLN.name
Expected: Polish zÃ…â€šoty
     got: Polish zÅ‚oty
 ; [cca2=PL].currencies.PLN.symbol
Expected: zÃ…â€š
     got: zÅ‚
 ; [cca2=PL].flag
Expected: Ã°Å¸â€¡ÂµÃ°Å¸â€¡Â±
     got: ðŸ‡µðŸ‡±
 ; [cca2=PL].translations.ara.common
Expected: Ã˜Â¨Ã™Ë†Ã™â€žÃ™â€ Ã˜Â¯Ã˜Â§
     got: Ø¨ÙˆÙ„Ù†Ø¯Ø§
 ; [cca2=PL].translations.ara.official
Expected: Ã˜Â§Ã™â€žÃ˜Â¬Ã™â€¦Ã™â€¡Ã™Ë†Ã˜Â±Ã™Å Ã˜Â© Ã˜Â§Ã™â€žÃ˜Â¨Ã™Ë†Ã™â€žÃ™â€ Ã˜Â¯Ã™Å Ã˜Â©
     got: Ø§Ù„Ø¬Ù…Ù‡ÙˆØ±ÙŠØ© Ø§Ù„Ø¨ÙˆÙ„Ù†Ø¯ÙŠØ©
 ; [cca2=PL].translations.ces.official
Expected: PolskÃƒÂ¡ republika
     got: PolskÃ¡ republika
 ; [cca2=PL].translations.fra.official
Expected: RÃƒÂ©publique de Pologne
     got: RÃ©publique de Pologne
 ; [cca2=PL].translations.hun.common
Expected: LengyelorszÃƒÂ¡g
     got: LengyelorszÃ¡g
 ; [cca2=PL].translations.hun.official
Expected: Lengyel KÃƒÂ¶ztÃƒÂ¡rsasÃƒÂ¡g
     got: Lengyel KÃ¶ztÃ¡rsasÃ¡g
 ; [cca2=PL].translations.jpn.common
Expected: Ã£Æ’ï¿½Ã£Æ’Â¼Ã£Æ’Â©Ã£Æ’Â³Ã£Æ’â€°
     got: ãƒ�ãƒ¼ãƒ©ãƒ³ãƒ‰
 ; [cca2=PL].translations.jpn.official
Expected: Ã£Æ’ï¿½Ã£Æ’Â¼Ã£Æ’Â©Ã£Æ’Â³Ã£Æ’â€°Ã¥â€¦Â±Ã¥â€™Å’Ã¥â€ºÂ½
     got: ãƒ�ãƒ¼ãƒ©ãƒ³ãƒ‰å…±å’Œå›½
 ; [cca2=PL].translations.kor.common
Expected: Ã­ï¿½Â´Ã«Å¾â‚¬Ã«â€œÅ“
     got: í�´ëž€ë“œ
 ; [cca2=PL].translations.kor.official
Expected: Ã­ï¿½Â´Ã«Å¾â‚¬Ã«â€œÅ“ ÃªÂ³ÂµÃ­â„¢â€�ÃªÂµÂ­
     got: í�´ëž€ë“œ ê³µí™”êµ­
 ; [cca2=PL].translations.per.common
Expected: Ã™â€žÃ™â€¡Ã˜Â³Ã˜ÂªÃ˜Â§Ã™â€ 
     got: Ù„Ù‡Ø³ØªØ§Ù†
 ; [cca2=PL].translations.per.official
Expected: Ã˜Â¬Ã™â€¦Ã™â€¡Ã™Ë†Ã˜Â±Ã›Å’ Ã™â€žÃ™â€¡Ã˜Â³Ã˜ÂªÃ˜Â§Ã™â€ 
     got: Ø¬Ù…Ù‡ÙˆØ±ÛŒ Ù„Ù‡Ø³ØªØ§Ù†
 ; [cca2=PL].translations.por.common
Expected: PolÃƒÂ³nia
     got: PolÃ³nia
 ; [cca2=PL].translations.por.official
Expected: RepÃƒÂºblica da PolÃƒÂ³nia
     got: RepÃºblica da PolÃ³nia
 ; [cca2=PL].translations.rus.common
Expected: Ã�Å¸Ã�Â¾Ã�Â»Ã‘Å’Ã‘Ë†Ã�Â°
     got: ÐŸÐ¾Ð»ÑŒÑˆÐ°
 ; [cca2=PL].translations.rus.official
Expected: Ã�Â Ã�ÂµÃ‘ï¿½Ã�Â¿Ã‘Æ’Ã�Â±Ã�Â»Ã�Â¸Ã�ÂºÃ�Â° Ã�Å¸Ã�Â¾Ã�Â»Ã‘Å’Ã‘Ë†Ã�Â°
     got: Ð ÐµÑ�Ð¿ÑƒÐ±Ð»Ð¸ÐºÐ° ÐŸÐ¾Ð»ÑŒÑˆÐ°
 ; [cca2=PL].translations.slk.common
Expected: PoÃ„Â¾sko
     got: PoÄ¾sko
 ; [cca2=PL].translations.slk.official
Expected: PoÃ„Â¾skÃƒÂ¡ republika
     got: PoÄ¾skÃ¡ republika
 ; [cca2=PL].translations.spa.official
Expected: RepÃƒÂºblica de Polonia
     got: RepÃºblica de Polonia
 ; [cca2=PL].translations.srp.common
Expected: Ã�Å¸Ã�Â¾Ã‘â„¢Ã‘ï¿½Ã�ÂºÃ�Â°
     got: ÐŸÐ¾Ñ™Ñ�ÐºÐ°
 ; [cca2=PL].translations.srp.official
Expected: Ã�Â Ã�ÂµÃ�Â¿Ã‘Æ’Ã�Â±Ã�Â»Ã�Â¸Ã�ÂºÃ�Â° Ã�Å¸Ã�Â¾Ã‘â„¢Ã‘ï¿½Ã�ÂºÃ�Â°
     got: Ð ÐµÐ¿ÑƒÐ±Ð»Ð¸ÐºÐ° ÐŸÐ¾Ñ™Ñ�ÐºÐ°
 ; [cca2=PL].translations.urd.common
Expected: Ã™Â¾Ã™Ë†Ã™â€žÃ›Å’Ã™â€ ÃšË†
     got: Ù¾ÙˆÙ„ÛŒÙ†Úˆ
 ; [cca2=PL].translations.urd.official
Expected: Ã˜Â¬Ã™â€¦Ã›ï¿½Ã™Ë†Ã˜Â±Ã›Å’Ã›ï¿½ Ã™Â¾Ã™Ë†Ã™â€žÃ›Å’Ã™â€ ÃšË†
     got: Ø¬Ù…Û�ÙˆØ±ÛŒÛ� Ù¾ÙˆÙ„ÛŒÙ†Úˆ
 ; [cca2=PL].translations.zho.common
Expected: Ã¦Â³Â¢Ã¥â€¦Â°
     got: æ³¢å…°
 ; [cca2=PL].translations.zho.official
Expected: Ã¦Â³Â¢Ã¥â€¦Â°Ã¥â€¦Â±Ã¥â€™Å’Ã¥â€ºÂ½
     got: æ³¢å…°å…±å’Œå›½
 ; [cca2=PM].altSpellings[]
Expected: CollectivitÃƒÂ© territoriale de Saint-Pierre-et-Miquelon
     but none found
 ; [cca2=PM].altSpellings[]
Unexpected: CollectivitÃ© territoriale de Saint-Pierre-et-Miquelon
 ; [cca2=PM].currencies.EUR.symbol
Expected: Ã¢â€šÂ¬
     got: â‚¬
 ; [cca2=PM].flag
Expected: Ã°Å¸â€¡ÂµÃ°Å¸â€¡Â²
     got: ðŸ‡µðŸ‡²
 ; [cca2=PM].name.nativeName.fra.official
Expected: CollectivitÃƒÂ© territoriale de Saint-Pierre-et-Miquelon
     got: CollectivitÃ© territoriale de Saint-Pierre-et-Miquelon
 ; [cca2=PM].translations.ara.common
Expected: Ã˜Â³Ã˜Â§Ã™â€  Ã˜Â¨Ã™Å Ã™Å Ã˜Â± Ã™Ë†Ã™â€¦Ã™Å Ã™Æ’Ã™â€žÃ™Ë†Ã™â€ 
     got: Ø³Ø§Ù† Ø¨ÙŠÙŠØ± ÙˆÙ…ÙŠÙƒÙ„ÙˆÙ†
 ; [cca2=PM].translations.ara.official
Expected: Ã˜Â³Ã˜Â§Ã™â€  Ã˜Â¨Ã™Å Ã™Å Ã˜Â± Ã™Ë†Ã™â€¦Ã™Å Ã™Æ’Ã™â€žÃ™Ë†Ã™â€ 
     got: Ø³Ø§Ù† Ø¨ÙŠÙŠØ± ÙˆÙ…ÙŠÙƒÙ„ÙˆÙ†
 ; [cca2=PM].translations.bre.common
Expected: Sant-PÃƒÂªr-ha-Mikelon
     got: Sant-PÃªr-ha-Mikelon
 ; [cca2=PM].translations.bre.official
Expected: Sant-PÃƒÂªr-ha-Mikelon
     got: Sant-PÃªr-ha-Mikelon
 ; [cca2=PM].translations.est.official
Expected: Saint-PierreÃ¢â‚¬â„¢i ja Miqueloni territoriaalÃƒÂ¼hendus
     got: Saint-Pierreâ€™i ja Miqueloni territoriaalÃ¼hendus
 ; [cca2=PM].translations.hun.common
Expected: Saint-Pierre ÃƒÂ©s Miquelon
     got: Saint-Pierre Ã©s Miquelon
 ; [cca2=PM].translations.hun.official
Expected: Saint-Pierre ÃƒÂ©s Miquelon
     got: Saint-Pierre Ã©s Miquelon
 ; [cca2=PM].translations.jpn.common
Expected: Ã£â€šÂµÃ£Æ’Â³Ã£Æ’â€�Ã£â€šÂ¨Ã£Æ’Â¼Ã£Æ’Â«Ã¥Â³Â¶Ã£Æ’Â»Ã£Æ’Å¸Ã£â€šÂ¯Ã£Æ’Â­Ã£Æ’Â³Ã¥Â³Â¶
     got: ã‚µãƒ³ãƒ”ã‚¨ãƒ¼ãƒ«å³¶ãƒ»ãƒŸã‚¯ãƒ­ãƒ³å³¶
 ; [cca2=PM].translations.jpn.official
Expected: Ã£â€šÂµÃ£Æ’Â³Ã£Æ’â€�Ã£â€šÂ¨Ã£Æ’Â¼Ã£Æ’Â«Ã¥Â³Â¶Ã‚Â·Ã£Æ’Å¸Ã£â€šÂ¯Ã£Æ’Â­Ã£Æ’Â³Ã¥Â³Â¶
     got: ã‚µãƒ³ãƒ”ã‚¨ãƒ¼ãƒ«å³¶Â·ãƒŸã‚¯ãƒ­ãƒ³å³¶
 ; [cca2=PM].translations.kor.common
Expected: Ã¬Æ’ï¿½Ã­â€�Â¼Ã¬â€”ï¿½Ã«Â¥Â´ Ã«Â¯Â¸Ã­ï¿½Â´Ã«Â¡Â±
     got: ìƒ�í”¼ì—�ë¥´ ë¯¸í�´ë¡±
 ; [cca2=PM].translations.kor.official
Expected: Ã¬Æ’ï¿½Ã­â€�Â¼Ã¬â€”ï¿½Ã«Â¥Â´ Ã«Â¯Â¸Ã­ï¿½Â´Ã«Â¡Â±
     got: ìƒ�í”¼ì—�ë¥´ ë¯¸í�´ë¡±
 ; [cca2=PM].translations.per.common
Expected: Ã˜Â³Ã™â€ -Ã™Â¾Ã›Å’Ã™ï¿½Ã˜Â± Ã™Ë† Ã™â€¦Ã›Å’ÃšÂ©Ã™â€žÃ™ï¿½Ã™â€ 
     got: Ø³Ù†-Ù¾ÛŒÙ�Ø± Ùˆ Ù…ÛŒÚ©Ù„Ù�Ù†
 ; [cca2=PM].translations.per.official
Expected: Ã˜Â³Ã™â€ -Ã™Â¾Ã›Å’Ã˜Â±-Ã˜Â§-Ã™â€¦Ã›Å’ÃšÂ©Ã™â€žÃ™Ë†Ã™â€ 
     got: Ø³Ù†-Ù¾ÛŒØ±-Ø§-Ù…ÛŒÚ©Ù„ÙˆÙ†
 ; [cca2=PM].translations.rus.common
Expected: Ã�Â¡Ã�ÂµÃ�Â½-Ã�Å¸Ã‘Å’Ã�ÂµÃ‘â‚¬ Ã�Â¸ Ã�Å“Ã�Â¸Ã�ÂºÃ�ÂµÃ�Â»Ã�Â¾Ã�Â½
     got: Ð¡ÐµÐ½-ÐŸÑŒÐµÑ€ Ð¸ ÐœÐ¸ÐºÐµÐ»Ð¾Ð½
 ; [cca2=PM].translations.rus.official
Expected: Ã�Â¡Ã�ÂµÃ�Â½-Ã�Å¸Ã‘Å’Ã�ÂµÃ‘â‚¬ Ã�Â¸ Ã�Å“Ã�Â¸Ã�ÂºÃ�ÂµÃ�Â»Ã�Â¾Ã�Â½
     got: Ð¡ÐµÐ½-ÐŸÑŒÐµÑ€ Ð¸ ÐœÐ¸ÐºÐµÐ»Ð¾Ð½
 ; [cca2=PM].translations.spa.common
Expected: San Pedro y MiquelÃƒÂ³n
     got: San Pedro y MiquelÃ³n
 ; [cca2=PM].translations.spa.official
Expected: San Pedro y MiquelÃƒÂ³n
     got: San Pedro y MiquelÃ³n
 ; [cca2=PM].translations.srp.common
Expected: Ã�Â¡Ã�ÂµÃ�Â½ Ã�Å¸Ã‘ËœÃ�ÂµÃ‘â‚¬ Ã�Â¸ Ã�Å“Ã�Â¸Ã�ÂºÃ�ÂµÃ�Â»Ã�Â¾Ã�Â½
     got: Ð¡ÐµÐ½ ÐŸÑ˜ÐµÑ€ Ð¸ ÐœÐ¸ÐºÐµÐ»Ð¾Ð½
 ; [cca2=PM].translations.srp.official
Expected: Ã�Â¡Ã�ÂµÃ�Â½ Ã�Å¸Ã‘ËœÃ�ÂµÃ‘â‚¬ Ã�Â¸ Ã�Å“Ã�Â¸Ã�ÂºÃ�ÂµÃ�Â»Ã�Â¾Ã�Â½
     got: Ð¡ÐµÐ½ ÐŸÑ˜ÐµÑ€ Ð¸ ÐœÐ¸ÐºÐµÐ»Ð¾Ð½
 ; [cca2=PM].translations.urd.common
Expected: Ã˜Â³Ã›Å’Ã™â€ Ã™Â¹ Ã™Â¾Ã›Å’Ã˜Â¦Ã˜Â± Ã™Ë† Ã™â€¦Ã›Å’ÃšÂ©Ã›Å’Ã™â€žÃ™Ë†Ã™â€ 
     got: Ø³ÛŒÙ†Ù¹ Ù¾ÛŒØ¦Ø± Ùˆ Ù…ÛŒÚ©ÛŒÙ„ÙˆÙ†
 ; [cca2=PM].translations.urd.official
Expected: Ã˜Â³Ã›Å’Ã™â€ Ã™Â¹ Ã™Â¾Ã›Å’Ã˜Â¦Ã˜Â± Ã™Ë† Ã™â€¦Ã›Å’ÃšÂ©Ã›Å’Ã™â€žÃ™Ë†Ã™â€ 
     got: Ø³ÛŒÙ†Ù¹ Ù¾ÛŒØ¦Ø± Ùˆ Ù…ÛŒÚ©ÛŒÙ„ÙˆÙ†
 ; [cca2=PM].translations.zho.common
Expected: Ã¥Å“Â£Ã§Å¡Â®Ã¥Å¸Æ’Ã¥Â°â€�Ã¥â€™Å’Ã¥Â¯â€ Ã¥â€¦â€¹Ã©Å¡â€ 
     got: åœ£çš®åŸƒå°”å’Œå¯†å…‹éš†
 ; [cca2=PM].translations.zho.official
Expected: Ã¥Å“Â£Ã§Å¡Â®Ã¥Å¸Æ’Ã¥Â°â€�Ã¥â€™Å’Ã¥Â¯â€ Ã¥â€¦â€¹Ã©Å¡â€ 
     got: åœ£çš®åŸƒå°”å’Œå¯†å…‹éš†
 ; [cca2=PN].flag
Expected: Ã°Å¸â€¡ÂµÃ°Å¸â€¡Â³
     got: ðŸ‡µðŸ‡³
 ; [cca2=PN].translations.ara.common
Expected: Ã˜Â¬Ã˜Â²Ã˜Â± Ã˜Â¨Ã™Å Ã˜ÂªÃ™Æ’Ã™Å Ã˜Â±Ã™â€ 
     got: Ø¬Ø²Ø± Ø¨ÙŠØªÙƒÙŠØ±Ù†
 ; [cca2=PN].translations.ara.official
Expected: Ã˜Â¬Ã˜Â²Ã˜Â± Ã˜Â¨Ã™Å Ã˜ÂªÃ™Æ’Ã™Å Ã˜Â±Ã™â€ 
     got: Ø¬Ø²Ø± Ø¨ÙŠØªÙƒÙŠØ±Ù†
 ; [cca2=PN].translations.fra.common
Expected: ÃƒÅ½les Pitcairn
     got: ÃŽles Pitcairn
 ; [cca2=PN].translations.fra.official
Expected: Groupe d&apos;ÃƒÂ®les Pitcairn
     got: Groupe d&apos;Ã®les Pitcairn
 ; [cca2=PN].translations.hrv.common
Expected: Pitcairnovo otoÃ„ï¿½je
     got: Pitcairnovo otoÄ�je
 ; [cca2=PN].translations.jpn.common
Expected: Ã£Æ’â€�Ã£Æ’Ë†Ã£â€šÂ±Ã£â€šÂ¢Ã£Æ’Â³
     got: ãƒ”ãƒˆã‚±ã‚¢ãƒ³
 ; [cca2=PN].translations.jpn.official
Expected: Ã¥Â³Â¶Ã£ï¿½Â®Ã£Æ’â€�Ã£Æ’Ë†Ã£â€šÂ±Ã£â€šÂ¢Ã£Æ’Â³Ã£â€šÂ°Ã£Æ’Â«Ã£Æ’Â¼Ã£Æ’â€”
     got: å³¶ã�®ãƒ”ãƒˆã‚±ã‚¢ãƒ³ã‚°ãƒ«ãƒ¼ãƒ—
 ; [cca2=PN].translations.kor.common
Expected: Ã­â€¢ï¿½Ã¬Â¼â‚¬Ã¬â€“Â¸ Ã¬Â Å“Ã«ï¿½â€ž
     got: í•�ì¼€ì–¸ ì œë�„
 ; [cca2=PN].translations.kor.official
Expected: Ã­â€¢ï¿½Ã¬Â¼â‚¬Ã¬â€“Â¸ Ã¬Â Å“Ã«ï¿½â€ž
     got: í•�ì¼€ì–¸ ì œë�„
 ; [cca2=PN].translations.per.common
Expected: Ã˜Â¬Ã˜Â²Ã˜Â§Ã›Å’Ã˜Â± Ã™Â¾Ã›Å’Ã˜ÂªÃ¢â‚¬Å’ÃšÂ©Ã˜Â±Ã™â€ 
     got: Ø¬Ø²Ø§ÛŒØ± Ù¾ÛŒØªâ€ŒÚ©Ø±Ù†
 ; [cca2=PN].translations.per.official
Expected: Ã˜Â¬Ã˜Â²Ã˜Â§Ã›Å’Ã˜Â± Ã™Â¾Ã›Å’Ã˜ÂªÃ¢â‚¬Å’ÃšÂ©Ã˜Â±Ã™â€ 
     got: Ø¬Ø²Ø§ÛŒØ± Ù¾ÛŒØªâ€ŒÚ©Ø±Ù†
 ; [cca2=PN].translations.rus.common
Expected: Ã�Å¾Ã‘ï¿½Ã‘â€šÃ‘â‚¬Ã�Â¾Ã�Â²Ã�Â° Ã�Å¸Ã�Â¸Ã‘â€šÃ�ÂºÃ‘ï¿½Ã‘â‚¬Ã�Â½
     got: ÐžÑ�Ñ‚Ñ€Ð¾Ð²Ð° ÐŸÐ¸Ñ‚ÐºÑ�Ñ€Ð½
 ; [cca2=PN].translations.rus.official
Expected: Ã�Å¸Ã�Â¸Ã‘â€šÃ�ÂºÃ‘ï¿½Ã‘â‚¬Ã�Â½ Ã�Â³Ã‘â‚¬Ã‘Æ’Ã�Â¿Ã�Â¿Ã�Â° Ã�Â¾Ã‘ï¿½Ã‘â€šÃ‘â‚¬Ã�Â¾Ã�Â²Ã�Â¾Ã�Â²
     got: ÐŸÐ¸Ñ‚ÐºÑ�Ñ€Ð½ Ð³Ñ€ÑƒÐ¿Ð¿Ð° Ð¾Ñ�Ñ‚Ñ€Ð¾Ð²Ð¾Ð²
 ; [cca2=PN].translations.srp.common
Expected: Ã�Å¾Ã‘ï¿½Ã‘â€šÃ‘â‚¬Ã�Â²Ã�Â° Ã�Å¸Ã�Â¸Ã‘â€šÃ�ÂºÃ�ÂµÃ‘â‚¬Ã�Â½
     got: ÐžÑ�Ñ‚Ñ€Ð²Ð° ÐŸÐ¸Ñ‚ÐºÐµÑ€Ð½
 ; [cca2=PN].translations.srp.official
Expected: Ã�Å¾Ã‘ï¿½Ã‘â€šÃ‘â‚¬Ã�Â²Ã�Â° Ã�Å¸Ã�Â¸Ã‘â€šÃ�ÂºÃ�ÂµÃ‘â‚¬Ã�Â½, Ã�Â¥Ã�ÂµÃ�Â½Ã�Â´Ã�ÂµÃ‘â‚¬Ã‘ï¿½Ã�Â¾Ã�Â½, Ã�â€�Ã‘Æ’Ã‘â€ Ã�Â¸ Ã�Â¸ Ã�Å¾Ã�Â¸Ã�Â½
     got: ÐžÑ�Ñ‚Ñ€Ð²Ð° ÐŸÐ¸Ñ‚ÐºÐµÑ€Ð½, Ð¥ÐµÐ½Ð´ÐµÑ€Ñ�Ð¾Ð½, Ð”ÑƒÑ†Ð¸ Ð¸ ÐžÐ¸Ð½
 ; [cca2=PN].translations.swe.common
Expected: PitcairnÃƒÂ¶arna
     got: PitcairnÃ¶arna
 ; [cca2=PN].translations.swe.official
Expected: PitcairnÃƒÂ¶arna
     got: PitcairnÃ¶arna
 ; [cca2=PN].translations.tur.common
Expected: Pitcairn AdalarÃ„Â±
     got: Pitcairn AdalarÄ±
 ; [cca2=PN].translations.tur.official
Expected: Pitcairn, Henderson, Ducie ve Oeno AdalarÃ„Â±
     got: Pitcairn, Henderson, Ducie ve Oeno AdalarÄ±
 ; [cca2=PN].translations.urd.common
Expected: Ã˜Â¬Ã˜Â²Ã˜Â§Ã˜Â¦Ã˜Â± Ã™Â¾Ã™Â¹ÃšÂ©Ã›Å’Ã˜Â±Ã™â€ 
     got: Ø¬Ø²Ø§Ø¦Ø± Ù¾Ù¹Ú©ÛŒØ±Ù†
 ; [cca2=PN].translations.urd.official
Expected: Ã™Â¾Ã™Â¹ÃšÂ©Ã›Å’Ã˜Â±Ã™â€  Ã˜Â¬Ã˜Â²Ã˜Â§Ã˜Â¦Ã˜Â±
     got: Ù¾Ù¹Ú©ÛŒØ±Ù† Ø¬Ø²Ø§Ø¦Ø±
 ; [cca2=PN].translations.zho.common
Expected: Ã§Å¡Â®Ã§â€°Â¹Ã¥â€¡Â¯Ã¦ï¿½Â©Ã§Â¾Â¤Ã¥Â²â€º
     got: çš®ç‰¹å‡¯æ�©ç¾¤å²›
 ; [cca2=PN].translations.zho.official
Expected: Ã§Å¡Â®Ã§â€°Â¹Ã¥â€¡Â¯Ã¦ï¿½Â©Ã§Â¾Â¤Ã¥Â²â€º
     got: çš®ç‰¹å‡¯æ�©ç¾¤å²›

	at org.skyscreamer.jsonassert.JSONAssert.assertEquals(JSONAssert.java:790)
	at gluecode.AllCountriesStepDef.vefiry_the_expected_body_and_actual_body_both_are_same(AllCountriesStepDef.java:61)
	at âœ½.vefiry the expected body and actual body both are same &quot;src\test\resources\TestDataFiles\allCountriesDetails.json&quot;(file:///C:/Users/kalyan%20chakravarthi/Desktop/kalyan/eclipse-workspace2%20(2)/RestCountries.com/src/test/resources/FeaturesFiles/AllCountriesDetails.feature:7)


    featch all countries details is FAILED

</system-out>
    <system-err>SLF4J(W): No SLF4J providers were found.
SLF4J(W): Defaulting to no-operation (NOP) logger implementation
SLF4J(W): See https://www.slf4j.org/codes.html#noProviders for further details.
SLF4J(W): Class path contains SLF4J bindings targeting slf4j-api versions 1.7.x or earlier.
SLF4J(W): Ignoring binding found at [jar:file:/C:/Users/kalyan%20chakravarthi/.m2/repository/org/slf4j/slf4j-log4j12/1.6.1/slf4j-log4j12-1.6.1.jar!/org/slf4j/impl/StaticLoggerBinder.class]
SLF4J(W): See https://www.slf4j.org/codes.html#ignoredBindings for an explanation.
log4j:WARN No appenders could be found for logger (org.apache.http.impl.conn.BasicClientConnectionManager).
log4j:WARN Please initialize the log4j system properly.
log4j:WARN See http://logging.apache.org/log4j/1.2/faq.html#noconfig for more info.
</system-err>
  </testcase>
</testsuite>