<?xml version="1.0" encoding="UTF-8"?>
<!-- Generated by org.testng.reporters.JUnitReportReporter -->
<testsuite hostname="DESKTOP-B4DKAA3" failures="0" tests="1" name="tests.Runner" time="4.007" errors="0" timestamp="2024-03-30T18:18:20 IST" skipped="0">
  <testcase classname="tests.Runner" name="runScenario" time="4.007">
    <system-out>
      <![CDATA[Status code test passed]]>
    </system-out>
  </testcase> <!-- runScenario -->
  <system-out>
    <![CDATA[Status code test passed]]>
  </system-out>
</testsuite> <!-- tests.Runner -->
