<?xml version="1.0" encoding="UTF-8"?>
<!-- Generated by org.testng.reporters.JUnitReportReporter -->
<testsuite hostname="DESKTOP-B4DKAA3" failures="1" tests="1" name="tests.Runner" time="4.387" errors="0" timestamp="2024-03-30T18:21:25 IST" skipped="0">
  <testcase classname="tests.Runner" name="runScenario" time="4.387">
    <failure message="Get response: [cca2=PR].flag
Expected: ðŸ‡µðŸ‡·
     got: ??
 ; [cca2=PR].translations.ara.common
Expected: Ø¨ÙˆÙŠØ±ØªÙˆØ±ÙŠÙƒÙˆ
     got: ??????????
 ; [cca2=PR].translations.ara.official
Expected: ÙƒÙˆÙ…Ù†ÙˆÙ„Ø« Ø¨ÙˆÙŠØ±ØªÙˆØ±ÙŠÙƒÙˆ
     got: ??????? ??????????
 ; [cca2=PR].translations.est.official
Expected: Puerto Rico Ãœhendus
     got: Puerto Rico Ühendus
 ; [cca2=PR].translations.jpn.common
Expected: ãƒ—ã‚¨ãƒ«ãƒˆãƒªã‚³
     got: ??????
 ; [cca2=PR].translations.jpn.official
Expected: ãƒ—ã‚¨ãƒ«ãƒˆãƒªã‚³ã?®ã‚³ãƒ¢ãƒ³ã‚¦ã‚§ãƒ«ã‚¹
     got: ??????????????
 ; [cca2=PR].translations.kor.common
Expected: í‘¸ì—?ë¥´í† ë¦¬ì½”
     got: ??????
 ; [cca2=PR].translations.kor.official
Expected: í‘¸ì—?ë¥´í† ë¦¬ì½”
     got: ??????
 ; [cca2=PR].translations.per.common
Expected: Ù¾ÙˆØ±ØªÙˆØ±ÛŒÚ©Ùˆ
     got: ?????????
 ; [cca2=PR].translations.per.official
Expected: Ù‚Ù„Ù…Ø±Ùˆ Ù‡Ù…Ø³ÙˆØ¯ Ù¾ÙˆØ±ØªÙˆØ±ÛŒÚ©Ùˆ
     got: ????? ????? ?????????
 ; [cca2=PR].translations.pol.official
Expected: Wolne Stowarzyszone PaÅ„stwo Portoryko
     got: Wolne Stowarzyszone Pa?stwo Portoryko
 ; [cca2=PR].translations.rus.common
Expected: ÐŸÑƒÑ?Ñ€Ñ‚Ð¾-Ð Ð¸ÐºÐ¾
     got: ??????-????
 ; [cca2=PR].translations.rus.official
Expected: Ð¡Ð¾Ð´Ñ€ÑƒÐ¶ÐµÑ?Ñ‚Ð²Ð¾ ÐŸÑƒÑ?Ñ€Ñ‚Ð¾-Ð Ð¸ÐºÐ¾
     got: ??????????? ??????-????
 ; [cca2=PR].translations.slk.official
Expected: PortorickÃ© spoloÄ?enstvo
     got: Portorické spolo?enstvo
 ; [cca2=PR].translations.srp.common
Expected: ÐŸÐ¾Ñ€Ñ‚Ð¾Ñ€Ð¸ÐºÐ¾
     got: ?????????
 ; [cca2=PR].translations.srp.official
Expected: ÐšÐ¾Ð¼Ð¾Ð½Ð²ÐµÐ»Ñ‚ ÐŸÐ¾Ñ€Ñ‚Ð¾Ñ€Ð¸ÐºÐ¾
     got: ????????? ?????????
 ; [cca2=PR].translations.tur.official
Expected: Porto Riko TopluluÄŸu
     got: Porto Riko Toplulu?u
 ; [cca2=PR].translations.urd.common
Expected: Ù¾ÙˆØ±Ù¹Ùˆ Ø±ÛŒÚ©Ùˆ
     got: ????? ????
 ; [cca2=PR].translations.urd.official
Expected:  Ø¯ÙˆÙ„ØªÙ? Ù…Ø´ØªØ±Ú©Û? Ù¾ÙˆØ±Ù¹Ùˆ Ø±ÛŒÚ©Ùˆ
     got:  ????? ?????? ????? ????
 ; [cca2=PR].translations.zho.common
Expected: æ³¢å¤šé»Žå?„
     got: ????
 ; [cca2=PR].translations.zho.official
Expected: æ³¢å¤šé»Žå?„è?”é‚¦
     got: ??????
 ; [cca2=PS].altSpellings[]
Expected: Dawlat Filasá¹­in
     but none found
 ; [cca2=PS].altSpellings[]
Unexpected: Dawlat Filas?in
 ; [cca2=PS].currencies.EGP.symbol
Expected: EÂ£
     got: E£
 ; [cca2=PS].currencies.ILS.symbol
Expected: â‚ª
     got: ?
 ; [cca2=PS].flag
Expected: ðŸ‡µðŸ‡¸
     got: ??
 ; [cca2=PS].name.nativeName.ara.common
Expected: Ù?Ù„Ø³Ø·ÙŠÙ†
     got: ??????
 ; [cca2=PS].name.nativeName.ara.official
Expected: Ø¯ÙˆÙ„Ø© Ù?Ù„Ø³Ø·ÙŠÙ†
     got: ???? ??????
 ; [cca2=PS].tld[]
Expected: Ù?Ù„Ø³Ø·ÙŠÙ†.
     but none found
 ; [cca2=PS].tld[]
Unexpected: ??????.
 ; [cca2=PS].translations.ara.common
Expected: Ù?Ù„Ø³Ø·ÙŠÙ†
     got: ??????
 ; [cca2=PS].translations.ara.official
Expected: Ø¯ÙˆÙ„Ø© Ù?Ù„Ø³Ø·ÙŠÙ†
     got: ???? ??????
 ; [cca2=PS].translations.ces.official
Expected: StÃ¡t Palestina
     got: Stát Palestina
 ; [cca2=PS].translations.deu.common
Expected: PalÃ¤stina
     got: Palästina
 ; [cca2=PS].translations.deu.official
Expected: Staat PalÃ¤stina
     got: Staat Palästina
 ; [cca2=PS].translations.fra.official
Expected: Ã‰tat de Palestine
     got: État de Palestine
 ; [cca2=PS].translations.hun.official
Expected: Palesztin AutonÃ³mia
     got: Palesztin Autonómia
 ; [cca2=PS].translations.jpn.common
Expected: ãƒ‘ãƒ¬ã‚¹ãƒ?ãƒŠ
     got: ?????
 ; [cca2=PS].translations.jpn.official
Expected: ãƒ‘ãƒ¬ã‚¹ãƒ?ãƒŠè‡ªæ²»æ”¿åºœ
     got: ?????????
 ; [cca2=PS].translations.kor.common
Expected: íŒ”ë ˆìŠ¤íƒ€ì?¸
     got: ?????
 ; [cca2=PS].translations.kor.official
Expected: íŒ”ë ˆìŠ¤íƒ€ì?¸êµ­
     got: ??????
 ; [cca2=PS].translations.per.common
Expected: Ù?Ù„Ø³Ø·ÛŒÙ†
     got: ??????
 ; [cca2=PS].translations.per.official
Expected: Ø¯ÙˆÙ„Øª Ù?Ù„Ø³Ø·ÛŒÙ†
     got: ???? ??????
 ; [cca2=PS].translations.pol.official
Expected: PaÅ„stwo Palestyna
     got: Pa?stwo Palestyna
 ; [cca2=PS].translations.rus.common
Expected: ÐŸÐ°Ð»ÐµÑ?Ñ‚Ð¸Ð½Ð°
     got: ?????????
 ; [cca2=PS].translations.rus.official
Expected: Ð“Ð¾Ñ?ÑƒÐ´Ð°Ñ€Ñ?Ñ‚Ð²Ð¾ ÐŸÐ°Ð»ÐµÑ?Ñ‚Ð¸Ð½Ð°
     got: ??????????? ?????????
 ; [cca2=PS].translations.slk.common
Expected: PalestÃ­na
     got: Palestína
 ; [cca2=PS].translations.slk.official
Expected: PalestÃ­nsky Å¡tÃ¡t
     got: Palestínsky štát
 ; [cca2=PS].translations.srp.common
Expected: ÐŸÐ°Ð»ÐµÑ?Ñ‚Ð¸Ð½Ð°
     got: ?????????
 ; [cca2=PS].translations.srp.official
Expected: Ð”Ñ€Ð¶Ð°Ð²Ð° ÐŸÐ°Ð»ÐµÑ?Ñ‚Ð¸Ð½Ð°
     got: ?????? ?????????
 ; [cca2=PS].translations.urd.common
Expected: Ù?Ù„Ø³Ø·ÛŒÙ†
     got: ??????
 ; [cca2=PS].translations.urd.official
Expected: Ø±ÛŒØ§Ø³ØªÙ? Ù?Ù„Ø³Ø·ÛŒÙ†
     got: ?????? ??????
 ; [cca2=PS].translations.zho.common
Expected: å·´å‹’æ–¯å?¦
     got: ????
 ; [cca2=PS].translations.zho.official
Expected: å·´å‹’æ–¯å?¦å›½
     got: ?????
 ; [cca2=PT].altSpellings[]
Expected: RepÃºblica Portuguesa
     but none found
 ; [cca2=PT].altSpellings[]
Unexpected: República Portuguesa
 ; [cca2=PT].currencies.EUR.symbol
Expected: â‚¬
     got: €
 ; [cca2=PT].flag
Expected: ðŸ‡µðŸ‡¹
     got: ??
 ; [cca2=PT].name.nativeName.por.official
Expected: RepÃºblica portuguÃªs
     got: República português
 ; [cca2=PT].translations.ara.common
Expected: Ø§Ù„Ø¨Ø±ØªØºØ§Ù„
     got: ????????
 ; [cca2=PT].translations.ara.official
Expected: Ø§Ù„Ø¬Ù…Ù‡ÙˆØ±ÙŠØ© Ø§Ù„Ø¨Ø±ØªØºØ§Ù„ÙŠØ©
     got: ????????? ??????????
 ; [cca2=PT].translations.ces.official
Expected: PortugalskÃ¡ republika
     got: Portugalská republika
 ; [cca2=PT].translations.fra.official
Expected: RÃ©publique portugaise
     got: République portugaise
 ; [cca2=PT].translations.hun.common
Expected: PortugÃ¡lia
     got: Portugália
 ; [cca2=PT].translations.hun.official
Expected: PortugÃ¡l KÃ¶ztÃ¡rsasÃ¡g
     got: Portugál Köztársaság
 ; [cca2=PT].translations.jpn.common
Expected: ãƒ?ãƒ«ãƒˆã‚¬ãƒ«
     got: ?????
 ; [cca2=PT].translations.jpn.official
Expected: ãƒ?ãƒ«ãƒˆã‚¬ãƒ«å…±å’Œå›½
     got: ????????
 ; [cca2=PT].translations.kor.common
Expected: í?¬ë¥´íˆ¬ê°ˆ
     got: ????
 ; [cca2=PT].translations.kor.official
Expected: í?¬ë¥´íˆ¬ê°ˆ ê³µí™”êµ­
     got: ???? ???
 ; [cca2=PT].translations.per.common
Expected: Ù¾Ø±ØªØºØ§Ù„
     got: ??????
 ; [cca2=PT].translations.per.official
Expected: Ø¬Ù…Ù‡ÙˆØ±ÛŒ Ù¾Ø±ØªØºØ§Ù„
     got: ?????? ??????
 ; [cca2=PT].translations.por.official
Expected: RepÃºblica portuguÃªs
     got: República português
 ; [cca2=PT].translations.rus.common
Expected: ÐŸÐ¾Ñ€Ñ‚ÑƒÐ³Ð°Ð»Ð¸Ñ?
     got: ??????????
 ; [cca2=PT].translations.rus.official
Expected: ÐŸÐ¾Ñ€Ñ‚ÑƒÐ³Ð°Ð»ÑŒÑ?ÐºÐ°Ñ? Ð ÐµÑ?Ð¿ÑƒÐ±Ð»Ð¸ÐºÐ°
     got: ????????????? ??????????
 ; [cca2=PT].translations.slk.official
Expected: PortugalskÃ¡ republika
     got: Portugalská republika
 ; [cca2=PT].translations.spa.official
Expected: RepÃºblica Portuguesa
     got: República Portuguesa
 ; [cca2=PT].translations.srp.common
Expected: ÐŸÐ¾Ñ€Ñ‚ÑƒÐ³Ð°Ð»
     got: ????????
 ; [cca2=PT].translations.srp.official
Expected: ÐŸÐ¾Ñ€Ñ‚ÑƒÐ³Ð°Ð»Ñ?ÐºÐ° Ð ÐµÐ¿ÑƒÐ±Ð»Ð¸ÐºÐ°
     got: ??????????? ?????????
 ; [cca2=PT].translations.urd.common
Expected: Ù¾Ø±ØªÚ¯Ø§Ù„
     got: ??????
 ; [cca2=PT].translations.urd.official
Expected: Ø¬Ù…Û?ÙˆØ±ÛŒÛ? Ù¾Ø±ØªÚ¯Ø§Ù„
     got: ??????? ??????
 ; [cca2=PT].translations.zho.common
Expected: è‘¡è?„ç‰™
     got: ???
 ; [cca2=PT].translations.zho.official
Expected: è‘¡è?„ç‰™å…±å’Œå›½
     got: ??????
 ; [cca2=PW].flag
Expected: ðŸ‡µðŸ‡¼
     got: ??
 ; [cca2=PW].translations.ara.common
Expected: Ø¨Ø§Ù„Ø§Ùˆ
     got: ?????
 ; [cca2=PW].translations.ara.official
Expected: Ø¬Ù…Ù‡ÙˆØ±ÙŠØ© Ø¨Ø§Ù„Ø§Ùˆ
     got: ??????? ?????
 ; [cca2=PW].translations.fra.official
Expected: RÃ©publique des Palaos (Palau)
     got: République des Palaos (Palau)
 ; [cca2=PW].translations.hun.official
Expected: Palaui KÃ¶ztÃ¡rsasÃ¡g
     got: Palaui Köztársaság
 ; [cca2=PW].translations.jpn.common
Expected: ãƒ‘ãƒ©ã‚ª
     got: ???
 ; [cca2=PW].translations.jpn.official
Expected: ãƒ‘ãƒ©ã‚ªå…±å’Œå›½
     got: ??????
 ; [cca2=PW].translations.kor.common
Expected: íŒ”ë?¼ìš°
     got: ???
 ; [cca2=PW].translations.kor.official
Expected: íŒ”ë?¼ìš° ê³µí™”êµ­
     got: ??? ???
 ; [cca2=PW].translations.per.common
Expected: Ù¾Ø§Ù„Ø§Ø¦Ùˆ
     got: ??????
 ; [cca2=PW].translations.per.official
Expected: Ø¬Ù…Ù‡ÙˆØ±ÛŒ Ù¾Ø§Ù„Ø§Ø¦Ùˆ
     got: ?????? ??????
 ; [cca2=PW].translations.por.official
Expected: RepÃºblica de Palau
     got: República de Palau
 ; [cca2=PW].translations.rus.common
Expected: ÐŸÐ°Ð»Ð°Ñƒ
     got: ?????
 ; [cca2=PW].translations.rus.official
Expected: Ð ÐµÑ?Ð¿ÑƒÐ±Ð»Ð¸ÐºÐ° ÐŸÐ°Ð»Ð°Ñƒ
     got: ?????????? ?????
 ; [cca2=PW].translations.slk.official
Expected: PalauskÃ¡ republika
     got: Palauská republika
 ; [cca2=PW].translations.spa.official
Expected: RepÃºblica de Palau
     got: República de Palau
 ; [cca2=PW].translations.srp.common
Expected: ÐŸÐ°Ð»Ð°Ñƒ
     got: ?????
 ; [cca2=PW].translations.srp.official
Expected: Ð ÐµÐ¿ÑƒÐ±Ð»Ð¸ÐºÐ° ÐŸÐ°Ð»Ð°Ñƒ
     got: ????????? ?????
 ; [cca2=PW].translations.urd.common
Expected: Ù¾Ù„Ø§Ø¤
     got: ????
 ; [cca2=PW].translations.urd.official
Expected: Ø¬Ù…Û?ÙˆØ±ÛŒÛ? Ù¾Ù„Ø§Ø¤
     got: ??????? ????
 ; [cca2=PW].translations.zho.common
Expected: å¸•åŠ³
     got: ??
 ; [cca2=PW].translations.zho.official
Expected: å¸•åŠ³å…±å’Œå›½
     got: ?????
 ; [cca2=PY].altSpellings[]
Expected: TetÃ£ ParaguÃ¡i
     but none found
 ; [cca2=PY].altSpellings[]
Expected: RepÃºblica del Paraguay
     but none found
 ; [cca2=PY].altSpellings[]
Unexpected: República del Paraguay
 ; [cca2=PY].altSpellings[]
Unexpected: Tetã Paraguái
 ; [cca2=PY].capital[]
Expected: AsunciÃ³n
     but none found
 ; [cca2=PY].capital[]
Unexpected: Asunción
 ; [cca2=PY].currencies.PYG.name
Expected: Paraguayan guaranÃ­
     got: Paraguayan guaraní
 ; [cca2=PY].currencies.PYG.symbol
Expected: â‚²
     got: ?
 ; [cca2=PY].flag
Expected: ðŸ‡µðŸ‡¾
     got: ??
 ; [cca2=PY].languages.grn
Expected: GuaranÃ­
     got: Guaraní
 ; [cca2=PY].name.nativeName.grn.common
Expected: ParaguÃ¡i
     got: Paraguái
 ; [cca2=PY].name.nativeName.grn.official
Expected: TetÃ£ ParaguÃ¡i
     got: Tetã Paraguái
 ; [cca2=PY].name.nativeName.spa.official
Expected: RepÃºblica de Paraguay
     got: República de Paraguay
 ; [cca2=PY].translations.ara.common
Expected: Ø¨Ø§Ø±Ø§ØºÙˆØ§ÙŠ
     got: ????????
 ; [cca2=PY].translations.ara.official
Expected: Ø¬Ù…Ù‡ÙˆØ±ÙŠØ© Ø¨Ø§Ø±Ø§ØºÙˆØ§ÙŠ
     got: ??????? ????????
 ; [cca2=PY].translations.ces.official
Expected: ParaguayskÃ¡ republika
     got: Paraguayská republika
 ; [cca2=PY].translations.fra.official
Expected: RÃ©publique du Paraguay
     got: République du Paraguay
 ; [cca2=PY].translations.hun.official
Expected: Paraguayi KÃ¶ztÃ¡rsasÃ¡g
     got: Paraguayi Köztársaság
 ; [cca2=PY].translations.jpn.common
Expected: ãƒ‘ãƒ©ã‚°ã‚¢ã‚¤
     got: ?????
 ; [cca2=PY].translations.jpn.official
Expected: ãƒ‘ãƒ©ã‚°ã‚¢ã‚¤å…±å’Œå›½
     got: ????????
 ; [cca2=PY].translations.kor.common
Expected: íŒŒë?¼ê³¼ì?´
     got: ????
 ; [cca2=PY].translations.kor.official
Expected: íŒŒë?¼ê³¼ì?´ ê³µí™”êµ­
     got: ???? ???
 ; [cca2=PY].translations.per.common
Expected: Ù¾Ø§Ø±Ø§Ú¯ÙˆØ¦Ù‡
     got: ????????
 ; [cca2=PY].translations.per.official
Expected: Ø¬Ù…Ù‡ÙˆØ±ÛŒ Ù¾Ø§Ø±Ø§Ú¯ÙˆØ¦Ù‡
     got: ?????? ????????
 ; [cca2=PY].translations.por.official
Expected: RepÃºblica do Paraguai
     got: República do Paraguai
 ; [cca2=PY].translations.rus.common
Expected: ÐŸÐ°Ñ€Ð°Ð³Ð²Ð°Ð¹
     got: ????????
 ; [cca2=PY].translations.rus.official
Expected: Ð ÐµÑ?Ð¿ÑƒÐ±Ð»Ð¸ÐºÐ° ÐŸÐ°Ñ€Ð°Ð³Ð²Ð°Ð¹
     got: ?????????? ????????
 ; [cca2=PY].translations.slk.official
Expected: ParaguajskÃ¡ republika
     got: Paraguajská republika
 ; [cca2=PY].translations.spa.official
Expected: RepÃºblica de Paraguay
     got: República de Paraguay
 ; [cca2=PY].translations.srp.common
Expected: ÐŸÐ°Ñ€Ð°Ð³Ð²Ð°Ñ˜
     got: ????????
 ; [cca2=PY].translations.srp.official
Expected: Ð ÐµÐ¿ÑƒÐ±Ð»Ð¸ÐºÐ° ÐŸÐ°Ñ€Ð°Ð³Ð²Ð°Ñ˜
     got: ????????? ????????
 ; [cca2=PY].translations.urd.common
Expected: Ù¾ÛŒØ±Ø§Ú¯ÙˆØ¦Û’
     got: ????????
 ; [cca2=PY].translations.urd.official
Expected: Ø¬Ù…Û?ÙˆØ±ÛŒÛ? Ù¾ÛŒØ±Ø§Ú¯ÙˆØ¦Û’
     got: ??????? ????????
 ; [cca2=PY].translations.zho.common
Expected: å·´æ‹‰åœ­
     got: ???
 ; [cca2=PY].translations.zho.official
Expected: å·´æ‹‰åœ­å…±å’Œå›½
     got: ??????
 ; [cca2=QA].altSpellings[]
Expected: Dawlat Qaá¹­ar
     but none found
 ; [cca2=QA].altSpellings[]
Unexpected: Dawlat Qa?ar
 ; [cca2=QA].currencies.QAR.symbol
Expected: Ø±.Ù‚
     got: ?.?
 ; [cca2=QA].flag
Expected: ðŸ‡¶ðŸ‡¦
     got: ??
 ; [cca2=QA].name.nativeName.ara.common
Expected: Ù‚Ø·Ø±
     got: ???
 ; [cca2=QA].name.nativeName.ara.official
Expected: Ø¯ÙˆÙ„Ø© Ù‚Ø·Ø±
     got: ???? ???
 ; [cca2=QA].tld[]
Expected: Ù‚Ø·Ø±.
     but none found
 ; [cca2=QA].tld[]
Unexpected: ???.
 ; [cca2=QA].translations.ara.common
Expected: Ù‚Ø·Ø±
     got: ???
 ; [cca2=QA].translations.ara.official
Expected: Ø¯ÙˆÙ„Ø© Ù‚Ø·Ø±
     got: ???? ???
 ; [cca2=QA].translations.ces.official
Expected: StÃ¡t Katar
     got: Stát Katar
 ; [cca2=QA].translations.fra.official
Expected: Ã‰tat du Qatar
     got: État du Qatar
 ; [cca2=QA].translations.hrv.official
Expected: DrÅ¾ava Katar
     got: Država Katar
 ; [cca2=QA].translations.hun.official
Expected: Katari Ã?llam
     got: Katari Állam
 ; [cca2=QA].translations.jpn.common
Expected: ã‚«ã‚¿ãƒ¼ãƒ«
     got: ????
 ; [cca2=QA].translations.jpn.official
Expected: ã‚«ã‚¿ãƒ¼ãƒ«å›½
     got: ?????
 ; [cca2=QA].translations.kor.common
Expected: ì¹´íƒ€ë¥´
     got: ???
 ; [cca2=QA].translations.kor.official
Expected: ì¹´íƒ€ë¥´êµ­
     got: ????
 ; [cca2=QA].translations.per.common
Expected: Ù‚Ø·Ø±
     got: ???
 ; [cca2=QA].translations.per.official
Expected: Ø¯ÙˆÙ„Øª Ù‚Ø·Ø±
     got: ???? ???
 ; [cca2=QA].translations.pol.official
Expected: PaÅ„stwo Katar
     got: Pa?stwo Katar
 ; [cca2=QA].translations.rus.common
Expected: ÐšÐ°Ñ‚Ð°Ñ€
     got: ?????
 ; [cca2=QA].translations.rus.official
Expected: Ð“Ð¾Ñ?ÑƒÐ´Ð°Ñ€Ñ?Ñ‚Ð²Ð¾ ÐšÐ°Ñ‚Ð°Ñ€
     got: ??????????? ?????
 ; [cca2=QA].translations.slk.official
Expected: KatarskÃ½ Å¡tÃ¡t
     got: Katarský štát
 ; [cca2=QA].translations.srp.common
Expected: ÐšÐ°Ñ‚Ð°Ñ€
     got: ?????
 ; [cca2=QA].translations.srp.official
Expected: Ð”Ñ€Ð¶Ð°Ð²Ð° ÐšÐ°Ñ‚Ð°Ñ€
     got: ?????? ?????
 ; [cca2=QA].translations.urd.common
Expected: Ù‚Ø·Ø±
     got: ???
 ; [cca2=QA].translations.urd.official
Expected: Ø±ÛŒØ§Ø³ØªÙ? Ù‚Ø·Ø±
     got: ?????? ???
 ; [cca2=QA].translations.zho.common
Expected: å?¡å¡”å°”
     got: ???
 ; [cca2=QA].translations.zho.official
Expected: å?¡å¡”å°”å›½
     got: ????
 ; [cca2=AD].currencies.EUR.symbol
Expected: â‚¬
     got: €
 ; [cca2=AD].flag
Expected: ðŸ‡¦ðŸ‡©
     got: ??
 ; [cca2=AD].translations.ara.common
Expected: Ø£Ù†Ø¯ÙˆØ±Ø§
     got: ??????
 ; [cca2=AD].translations.ara.official
Expected: Ø¥Ù…Ø§Ø±Ø© Ø£Ù†Ø¯ÙˆØ±Ø§
     got: ????? ??????
 ; [cca2=AD].translations.bre.official
Expected: PriÃ±selezh Andorra
     got: Priñselezh Andorra
 ; [cca2=AD].translations.ces.official
Expected: AndorrskÃ© knÃ­Å¾ectvÃ­
     got: Andorrské knížectví
 ; [cca2=AD].translations.deu.official
Expected: FÃ¼rstentum Andorra
     got: Fürstentum Andorra
 ; [cca2=AD].translations.est.official
Expected: Andorra VÃ¼rstiriik
     got: Andorra Vürstiriik
 ; [cca2=AD].translations.fra.official
Expected: PrincipautÃ© d&#039;Andorre
     got: Principauté d&#039;Andorre
 ; [cca2=AD].translations.hrv.official
Expected: KneÅ¾evina Andora
     got: Kneževina Andora
 ; [cca2=AD].translations.jpn.common
Expected: ã‚¢ãƒ³ãƒ‰ãƒ©
     got: ????
 ; [cca2=AD].translations.jpn.official
Expected: ã‚¢ãƒ³ãƒ‰ãƒ©å…¬å›½
     got: ??????
 ; [cca2=AD].translations.kor.common
Expected: ì•ˆë?„ë?¼
     got: ???
 ; [cca2=AD].translations.kor.official
Expected: ì•ˆë?„ë?¼ ê³µêµ­
     got: ??? ??
 ; [cca2=AD].translations.per.common
Expected: Ø¢Ù†Ø¯ÙˆØ±Ø§
     got: ??????
 ; [cca2=AD].translations.per.official
Expected: Ø´Ø§Ù‡Ø²Ø§Ø¯Ù‡â€ŒÙ†Ø´ÛŒÙ† Ø¢Ù†Ø¯ÙˆØ±Ø§
     got: ???????????? ??????
 ; [cca2=AD].translations.pol.official
Expected: KsiÄ™stwo Andory
     got: Ksi?stwo Andory
 ; [cca2=AD].translations.rus.common
Expected: Ð?Ð½Ð´Ð¾Ñ€Ñ€Ð°
     got: ???????
 ; [cca2=AD].translations.rus.official
Expected: ÐšÐ½Ñ?Ð¶ÐµÑ?Ñ‚Ð²Ð¾ Ð?Ð½Ð´Ð¾Ñ€Ñ€Ð°
     got: ????????? ???????
 ; [cca2=AD].translations.slk.official
Expected: AndorrskÃ© knieÅ¾atstvo
     got: Andorrské kniežatstvo
 ; [cca2=AD].translations.srp.common
Expected: Ð?Ð½Ð´Ð¾Ñ€Ð°
     got: ??????
 ; [cca2=AD].translations.srp.official
Expected: ÐšÐ½ÐµÐ¶ÐµÐ²Ð¸Ð½Ð° Ð?Ð½Ð´Ð¾Ñ€Ð°
     got: ????????? ??????
 ; [cca2=AD].translations.swe.official
Expected: FurstendÃ¶met Andorra
     got: Furstendömet Andorra
 ; [cca2=AD].translations.tur.official
Expected: Andorra PrensliÄŸi
     got: Andorra Prensli?i
 ; [cca2=AD].translations.urd.common
Expected: Ø§Ù†ÚˆÙˆØ±Ø§
     got: ??????
 ; [cca2=AD].translations.urd.official
Expected: Ø§Ù…Ø§Ø±Ø§ØªÙ? Ø§Ù†ÚˆÙˆØ±Ø§
     got: ??????? ??????
 ; [cca2=AD].translations.zho.common
Expected: å®‰é?“å°”
     got: ???
 ; [cca2=AD].translations.zho.official
Expected: å®‰é?“å°”å…¬å›½
     got: ?????
 ; [cca2=AE].currencies.AED.symbol
Expected: Ø¯.Ø¥
     got: ?.?
 ; [cca2=AE].flag
Expected: ðŸ‡¦ðŸ‡ª
     got: ??
 ; [cca2=AE].name.nativeName.ara.common
Expected: Ø¯ÙˆÙ„Ø© Ø§Ù„Ø¥Ù…Ø§Ø±Ø§Øª Ø§Ù„Ø¹Ø±Ø¨ÙŠØ© Ø§Ù„Ù…ØªØ­Ø¯Ø©
     got: ???? ???????? ??????? ???????
 ; [cca2=AE].name.nativeName.ara.official
Expected: Ø§Ù„Ø¥Ù…Ø§Ø±Ø§Øª Ø§Ù„Ø¹Ø±Ø¨ÙŠØ© Ø§Ù„Ù…ØªØ­Ø¯Ø©
     got: ???????? ??????? ???????
 ; [cca2=AE].tld[]
Expected: Ø§Ù…Ø§Ø±Ø§Øª.
     but none found
 ; [cca2=AE].tld[]
Unexpected: ??????.
 ; [cca2=AE].translations.ara.common
Expected: Ø¯ÙˆÙ„Ø© Ø§Ù„Ø¥Ù…Ø§Ø±Ø§Øª Ø§Ù„Ø¹Ø±Ø¨ÙŠØ© Ø§Ù„Ù…ØªØ­Ø¯Ø©
     got: ???? ???????? ??????? ???????
 ; [cca2=AE].translations.ara.official
Expected: Ø§Ù„Ø¥Ù…Ø§Ø±Ø§Øª Ø§Ù„Ø¹Ø±Ø¨ÙŠØ© Ø§Ù„Ù…ØªØ­Ø¯Ø©
     got: ???????? ??????? ???????
 ; [cca2=AE].translations.bre.common
Expected: EmirelezhioÃ¹ Arab Unanet
     got: Emirelezhioù Arab Unanet
 ; [cca2=AE].translations.bre.official
Expected: EmirelezhioÃ¹ Arab Unanet
     got: Emirelezhioù Arab Unanet
 ; [cca2=AE].translations.ces.common
Expected: ArabskÃ© emirÃ¡ty
     got: Arabské emiráty
 ; [cca2=AE].translations.ces.official
Expected: SpojenÃ© arabskÃ© emirÃ¡ty
     got: Spojené arabské emiráty
 ; [cca2=AE].translations.est.common
Expected: Araabia Ãœhendemiraadid
     got: Araabia Ühendemiraadid
 ; [cca2=AE].translations.est.official
Expected: Araabia Ãœhendemiraadid
     got: Araabia Ühendemiraadid
 ; [cca2=AE].translations.fra.common
Expected: Ã‰mirats arabes unis
     got: Émirats arabes unis
 ; [cca2=AE].translations.fra.official
Expected: Ã‰mirats arabes unis
     got: Émirats arabes unis
 ; [cca2=AE].translations.hun.common
Expected: EgyesÃ¼lt Arab EmÃ­rsÃ©gek
     got: Egyesült Arab Emírségek
 ; [cca2=AE].translations.hun.official
Expected: EgyesÃ¼lt Arab EmÃ­rsÃ©gek
     got: Egyesült Arab Emírségek
 ; [cca2=AE].translations.jpn.common
Expected: ã‚¢ãƒ©ãƒ–é¦–é•·å›½é€£é‚¦
     got: ????????
 ; [cca2=AE].translations.jpn.official
Expected: ã‚¢ãƒ©ãƒ–é¦–é•·å›½é€£é‚¦
     got: ????????
 ; [cca2=AE].translations.kor.common
Expected: ì•„ëž?ì—?ë¯¸ë¦¬íŠ¸
     got: ??????
 ; [cca2=AE].translations.kor.official
Expected: ì•„ëž? í† í›„êµ­ ì—°ë°©
     got: ?? ??? ??
 ; [cca2=AE].translations.per.common
Expected: Ø§Ù…Ø§Ø±Ø§Øª
     got: ??????
 ; [cca2=AE].translations.per.official
Expected: Ø§Ù…Ø§Ø±Ø§Øª Ù…ØªØ­Ø¯Ù‡ Ø¹Ø±Ø¨ÛŒ
     got: ?????? ????? ????
 ; [cca2=AE].translations.por.common
Expected: Emirados Ã?rabes Unidos
     got: Emirados Árabes Unidos
 ; [cca2=AE].translations.por.official
Expected: Emirados Ã?rabes Unidos
     got: Emirados Árabes Unidos
 ; [cca2=AE].translations.rus.common
Expected: ÐžÐ±ÑŠÐµÐ´Ð¸Ð½Ñ‘Ð½Ð½Ñ‹Ðµ Ð?Ñ€Ð°Ð±Ñ?ÐºÐ¸Ðµ Ð­Ð¼Ð¸Ñ€Ð°Ñ‚Ñ‹
     got: ???????????? ???????? ???????
 ; [cca2=AE].translations.rus.official
Expected: ÐžÐ±ÑŠÐµÐ´Ð¸Ð½ÐµÐ½Ð½Ñ‹Ðµ Ð?Ñ€Ð°Ð±Ñ?ÐºÐ¸Ðµ Ð­Ð¼Ð¸Ñ€Ð°Ñ‚Ñ‹
     got: ???????????? ???????? ???????
 ; [cca2=AE].translations.slk.common
Expected: ArabskÃ© emirÃ¡ty
     got: Arabské emiráty
 ; [cca2=AE].translations.slk.official
Expected: SpojenÃ© arabskÃ© emirÃ¡ty
     got: Spojené arabské emiráty
 ; [cca2=AE].translations.spa.common
Expected: Emiratos Ã?rabes Unidos
     got: Emiratos Árabes Unidos
 ; [cca2=AE].translations.spa.official
Expected: Emiratos Ã?rabes Unidos
     got: Emiratos Árabes Unidos
 ; [cca2=AE].translations.srp.common
Expected: Ð£Ñ˜ÐµÐ´Ð¸ÑšÐµÐ½Ð¸ Ð?Ñ€Ð°Ð¿Ñ?ÐºÐ¸ Ð•Ð¼Ð¸Ñ€Ð°Ñ‚Ð¸
     got: ????????? ??????? ???????
 ; [cca2=AE].translations.srp.official
Expected: Ð£Ñ˜ÐµÐ´Ð¸ÑšÐµÐ½Ð¸ Ð?Ñ€Ð°Ð¿Ñ?ÐºÐ¸ Ð•Ð¼Ð¸Ñ€Ð°Ñ‚Ð¸
     got: ????????? ??????? ???????
 ; [cca2=AE].translations.swe.common
Expected: FÃ¶renade Arabemiraten
     got: Förenade Arabemiraten
 ; [cca2=AE].translations.swe.official
Expected: FÃ¶renade Arabemiraten
     got: Förenade Arabemiraten
 ; [cca2=AE].translations.tur.common
Expected: BirleÅŸik Arap Emirlikleri
     got: Birle?ik Arap Emirlikleri
 ; [cca2=AE].translations.tur.official
Expected: BirleÅŸik Arap Emirlikleri
     got: Birle?ik Arap Emirlikleri
 ; [cca2=AE].translations.urd.common
Expected: Ù…ØªØ­Ø¯Û? Ø¹Ø±Ø¨ Ø§Ù…Ø§Ø±Ø§Øª
     got: ????? ??? ??????
 ; [cca2=AE].translations.urd.official
Expected: Ù…ØªØ­Ø¯Û? Ø¹Ø±Ø¨ Ø§Ù…Ø§Ø±Ø§Øª
     got: ????? ??? ??????
 ; [cca2=AE].translations.zho.common
Expected: é˜¿æ‹‰ä¼¯è?”å?ˆé…‹é•¿å›½
     got: ????????
 ; [cca2=AE].translations.zho.official
Expected: é˜¿æ‹‰ä¼¯è?”å?ˆé…‹é•¿å›½
     got: ????????
 ; [cca2=AF].altSpellings[]
Expected: AfÄ¡Ä?nistÄ?n
     but none found
 ; [cca2=AF].altSpellings[]
Unexpected: Af??nist?n
 ; [cca2=AF].currencies.AFN.symbol
Expected: Ø‹
     got: ?
 ; [cca2=AF].flag
Expected: ðŸ‡¦ðŸ‡«
     got: ??
 ; [cca2=AF].flags.alt
Expected: The flag of the Islamic Emirate of Afghanistan has a white field with Arabic inscriptions â€” the Shahada â€” in black across its center.
     got: The flag of the Islamic Emirate of Afghanistan has a white field with Arabic inscriptions — the Shahada — in black across its center.
 ; [cca2=AF].name.nativeName.prs.common
Expected: Ø§Ù?ØºØ§Ù†Ø³ØªØ§Ù†
     got: ?????????
 ; [cca2=AF].name.nativeName.prs.official
Expected: Ø¬Ù…Ù‡ÙˆØ±ÛŒ Ø§Ø³Ù„Ø§Ù…ÛŒ Ø§Ù?ØºØ§Ù†Ø³ØªØ§Ù†
     got: ?????? ?????? ?????????
 ; [cca2=AF].name.nativeName.pus.common
Expected: Ø§Ù?ØºØ§Ù†Ø³ØªØ§Ù†
     got: ?????????
 ; [cca2=AF].name.nativeName.pus.official
Expected: Ø¯ Ø§Ù?ØºØ§Ù†Ø³ØªØ§Ù† Ø§Ø³Ù„Ø§Ù…ÙŠ Ø¬Ù…Ù‡ÙˆØ±ÛŒØª
     got: ? ????????? ?????? ???????
 ; [cca2=AF].translations.ara.common
Expected: Ø£Ù?ØºØ§Ù†Ø³ØªØ§Ù†
     got: ?????????
 ; [cca2=AF].translations.ara.official
Expected: Ø¬Ù…Ù‡ÙˆØ±ÙŠØ© Ø£Ù?Ù?Ø§Ù†Ø³ØªØ§Ù† Ø§Ù„Ø¥Ø³Ù„Ø§Ù…ÙŠØ©
     got: ??????? ????????? ?????????
 ; [cca2=AF].translations.ces.common
Expected: AfghÃ¡nistÃ¡n
     got: Afghánistán
 ; [cca2=AF].translations.ces.official
Expected: AfghÃ¡nskÃ¡ islÃ¡mskÃ¡ republika
     got: Afghánská islámská republika
 ; [cca2=AF].translations.fra.official
Expected: RÃ©publique islamique d&#039;Afghanistan
     got: République islamique d&#039;Afghanistan
 ; [cca2=AF].translations.hun.common
Expected: AfganisztÃ¡n
     got: Afganisztán
 ; [cca2=AF].translations.hun.official
Expected: AfganisztÃ¡ni IszlÃ¡m KÃ¶ztÃ¡rsasÃ¡g
     got: Afganisztáni Iszlám Köztársaság
 ; [cca2=AF].translations.jpn.common
Expected: ã‚¢ãƒ•ã‚¬ãƒ‹ã‚¹ã‚¿ãƒ³
     got: ???????
 ; [cca2=AF].translations.jpn.official
Expected: ã‚¢ãƒ•ã‚¬ãƒ‹ã‚¹ã‚¿ãƒ³Â·ã‚¤ã‚¹ãƒ©ãƒ å…±å’Œå›½
     got: ???????·???????
 ; [cca2=AF].translations.kor.common
Expected: ì•„í”„ê°€ë‹ˆìŠ¤íƒ„
     got: ??????
 ; [cca2=AF].translations.kor.official
Expected: ì•„í”„ê°€ë‹ˆìŠ¤íƒ„ ì?´ìŠ¬ëžŒ ê³µí™”êµ­
     got: ?????? ??? ???
 ; [cca2=AF].translations.per.common
Expected: Ø§Ù?ØºØ§Ù†Ø³ØªØ§Ù†
     got: ?????????
 ; [cca2=AF].translations.per.official
Expected: Ø¬Ù…Ù‡ÙˆØ±ÛŒ Ø§Ø³Ù„Ø§Ù…ÛŒ Ø§Ù?ØºØ§Ù†Ø³ØªØ§Ù†
     got: ?????? ?????? ?????????
 ; [cca2=AF].translations.por.common
Expected: AfeganistÃ£o
     got: Afeganistão
 ; [cca2=AF].translations.por.official
Expected: RepÃºblica IslÃ¢mica do AfeganistÃ£o
     got: República Islâmica do Afeganistão
 ; [cca2=AF].translations.rus.common
Expected: Ð?Ñ„Ð³Ð°Ð½Ð¸Ñ?Ñ‚Ð°Ð½
     got: ??????????
 ; [cca2=AF].translations.rus.official
Expected: Ð˜Ñ?Ð»Ð°Ð¼Ñ?ÐºÐ°Ñ? Ð ÐµÑ?Ð¿ÑƒÐ±Ð»Ð¸ÐºÐ° Ð?Ñ„Ð³Ð°Ð½Ð¸Ñ?Ñ‚Ð°Ð½
     got: ????????? ?????????? ??????????
 ; [cca2=AF].translations.slk.official
Expected: AfgÃ¡nsky islamskÃ½ Å¡tÃ¡t
     got: Afgánsky islamský štát
 ; [cca2=AF].translations.spa.common
Expected: AfganistÃ¡n
     got: Afganistán
 ; [cca2=AF].translations.spa.official
Expected: RepÃºblica IslÃ¡mica de AfganistÃ¡n
     got: República Islámica de Afganistán
 ; [cca2=AF].translations.srp.common
Expected: Ð?Ð²Ð³Ð°Ð½Ð¸Ñ?Ñ‚Ð°Ð½
     got: ??????????
 ; [cca2=AF].translations.srp.official
Expected: Ð˜Ñ?Ð»Ð°Ð¼Ñ?ÐºÐ° Ð ÐµÐ¿ÑƒÐ±Ð»Ð¸ÐºÐ° Ð?Ð²Ð³Ð°Ð½Ð¸Ñ?Ñ‚Ð°Ð½
     got: ???????? ????????? ??????????
 ; [cca2=AF].translations.tur.official
Expected: Afganistan Ä°slam Cumhuriyeti
     got: Afganistan ?slam Cumhuriyeti
 ; [cca2=AF].translations.urd.common
Expected: Ø§Ù?ØºØ§Ù†Ø³ØªØ§Ù†
     got: ?????????
 ; [cca2=AF].translations.urd.official
Expected: Ø§Ø³Ù„Ø§Ù…ÛŒ Ø¬Ù…Û?ÙˆØ±ÛŒÛ? Ø§Ù?ØºØ§Ù†Ø³ØªØ§Ù†
     got: ?????? ??????? ?????????
 ; [cca2=AF].translations.zho.common
Expected: é˜¿å¯Œæ±—
     got: ???
 ; [cca2=AF].translations.zho.official
Expected: é˜¿å¯Œæ±—ä¼Šæ–¯å…°å…±å’Œå›½
     got: ?????????
 ; [cca2=AG].flag
Expected: ðŸ‡¦ðŸ‡¬
     got: ??
 ; [cca2=AG].translations.ara.common
Expected: Ø£Ù†ØªÙŠØºÙˆØ§ ÙˆØ¨Ø§Ø±Ø¨ÙˆØ¯Ø§
     got: ??????? ????????
 ; [cca2=AG].translations.ara.official
Expected: Ø£Ù†ØªÙŠØºÙˆØ§ ÙˆØ¨Ø§Ø±Ø¨ÙˆØ¯Ø§
     got: ??????? ????????
 ; [cca2=AG].translations.hun.common
Expected: Antigua Ã©s Barbuda
     got: Antigua és Barbuda
 ; [cca2=AG].translations.hun.official
Expected: Antigua Ã©s Barbuda
     got: Antigua és Barbuda
 ; [cca2=AG].translations.jpn.common
Expected: ã‚¢ãƒ³ãƒ†ã‚£ã‚°ã‚¢ãƒ»ãƒ?ãƒ¼ãƒ–ãƒ¼ãƒ€
     got: ????????????
 ; [cca2=AG].translations.jpn.official
Expected: ã‚¢ãƒ³ãƒ?ã‚°ã‚¢ãƒ?ãƒ¼ãƒ–ãƒ¼ãƒ€
     got: ??????????
 ; [cca2=AG].translations.kor.common
Expected: ì•¤í‹°ê°€ ë°”ë¶€ë‹¤
     got: ??? ???
 ; [cca2=AG].translations.kor.official
Expected: ì•¤í‹°ê°€ ë°”ë¶€ë‹¤
     got: ??? ???
 ; [cca2=AG].translations.per.common
Expected: Ø¢Ù†ØªÛŒÚ¯ÙˆØ§ Ùˆ Ø¨Ø§Ø±Ø¨ÙˆØ¯Ø§
     got: ??????? ? ???????
 ; [cca2=AG].translations.per.official
Expected: Ø¢Ù†ØªÛŒÚ¯ÙˆØ§ Ùˆ Ø¨Ø§Ø±Ø¨ÙˆØ¯Ø§
     got: ??????? ? ???????
 ; [cca2=AG].translations.por.common
Expected: AntÃ­gua e Barbuda
     got: Antígua e Barbuda
 ; [cca2=AG].translations.rus.common
Expected: Ð?Ð½Ñ‚Ð¸Ð³ÑƒÐ° Ð¸ Ð‘Ð°Ñ€Ð±ÑƒÐ´Ð°
     got: ??????? ? ???????
 ; [cca2=AG].translations.rus.official
Expected: Ð?Ð½Ñ‚Ð¸Ð³ÑƒÐ° Ð¸ Ð‘Ð°Ñ€Ð±ÑƒÐ´Ð°
     got: ??????? ? ???????
 ; [cca2=AG].translations.srp.common
Expected: Ð?Ð½Ñ‚Ð¸Ð³Ð²Ð° Ð¸ Ð‘Ð°Ñ€Ð±ÑƒÐ´Ð°
     got: ??????? ? ???????
 ; [cca2=AG].translations.srp.official
Expected: Ð?Ð½Ñ‚Ð¸Ð³Ð²Ð° Ð¸ Ð‘Ð°Ñ€Ð±ÑƒÐ´Ð°
     got: ??????? ? ???????
 ; [cca2=AG].translations.urd.common
Expected: Ø§ÛŒÙ†Ù¹ÛŒÚ¯ÙˆØ§ Ùˆ Ø¨Ø§Ø±Ø¨ÙˆÚˆØ§
     got: ???????? ? ???????
 ; [cca2=AG].translations.urd.official
Expected: Ø§ÛŒÙ†Ù¹ÛŒÚ¯ÙˆØ§ Ùˆ Ø¨Ø§Ø±Ø¨ÙˆÚˆØ§
     got: ???????? ? ???????
 ; [cca2=AG].translations.zho.common
Expected: å®‰æ??ç“œå’Œå·´å¸ƒè¾¾
     got: ???????
 ; [cca2=AG].translations.zho.official
Expected: å®‰æ??ç“œå’Œå·´å¸ƒè¾¾
     got: ???????
 ; [cca2=AI].flag
Expected: ðŸ‡¦ðŸ‡®
     got: ??
 ; [cca2=AI].translations.ara.common
Expected: Ø£Ù†ØºÙˆÙŠÙ„Ø§
     got: ???????
 ; [cca2=AI].translations.ara.official
Expected: Ø£Ù†ØºÙˆÙŠÙ„Ø§
     got: ???????
 ; [cca2=AI].translations.jpn.common
Expected: ã‚¢ãƒ³ã‚®ãƒ©
     got: ????
 ; [cca2=AI].translations.jpn.official
Expected: ã‚¢ãƒ³ã‚°ã‚£ãƒ©
     got: ?????
 ; [cca2=AI].translations.kor.common
Expected: ì•µê·ˆë?¼
     got: ???
 ; [cca2=AI].translations.kor.official
Expected: ì•µê·ˆë?¼
     got: ???
 ; [cca2=AI].translations.per.common
Expected: Ø¢Ù†Ú¯ÙˆÛŒÙ„Ø§
     got: ???????
 ; [cca2=AI].translations.per.official
Expected: Ø¢Ù†Ú¯ÙˆÛŒÙ„Ø§
     got: ???????
 ; [cca2=AI].translations.rus.common
Expected: Ð?Ð½Ð³Ð¸Ð»ÑŒÑ?
     got: ???????
 ; [cca2=AI].translations.rus.official
Expected: Ð?Ð½Ð³Ð¸Ð»ÑŒÑ?
     got: ???????
 ; [cca2=AI].translations.srp.common
Expected: Ð?Ð½Ð³Ð²Ð¸Ð»Ð°
     got: ???????
 ; [cca2=AI].translations.srp.official
Expected: Ð?Ð½Ð³Ð²Ð¸Ð»Ð°
     got: ???????
 ; [cca2=AI].translations.urd.common
Expected: Ø§ÛŒÙ†Ú¯ÙˆÛŒÙ„Ø§
     got: ????????
 ; [cca2=AI].translations.urd.official
Expected: Ø§ÛŒÙ†Ú¯ÙˆÛŒÙ„Ø§
     got: ????????
 ; [cca2=AI].translations.zho.common
Expected: å®‰åœ­æ‹‰
     got: ???
 ; [cca2=AI].translations.zho.official
Expected: å®‰åœ­æ‹‰
     got: ???
 ; [cca2=AL].altSpellings[]
Expected: ShqipÃ«ria
     but none found
 ; [cca2=AL].altSpellings[]
Expected: ShqipÃ«ri
     but none found
 ; [cca2=AL].altSpellings[]
Unexpected: Shqipëri
 ; [cca2=AL].altSpellings[]
Unexpected: Shqipëria
 ; [cca2=AL].flag
Expected: ðŸ‡¦ðŸ‡±
     got: ??
 ; [cca2=AL].name.nativeName.sqi.common
Expected: ShqipÃ«ria
     got: Shqipëria
 ; [cca2=AL].name.nativeName.sqi.official
Expected: Republika e ShqipÃ«risÃ«
     got: Republika e Shqipërisë
 ; [cca2=AL].translations.ara.common
Expected: Ø£Ù„Ø¨Ø§Ù†ÙŠØ§
     got: ???????
 ; [cca2=AL].translations.ara.official
Expected: Ø¬Ù…Ù‡ÙˆØ±ÙŠØ© Ø£Ù„Ø¨Ø§Ù†ÙŠØ§
     got: ??????? ???????
 ; [cca2=AL].translations.ces.common
Expected: AlbÃ¡nie
     got: Albánie
 ; [cca2=AL].translations.ces.official
Expected: AlbÃ¡nskÃ¡ republika
     got: Albánská republika
 ; [cca2=AL].translations.fra.official
Expected: RÃ©publique d&#039;Albanie
     got: République d&#039;Albanie
 ; [cca2=AL].translations.hun.common
Expected: AlbÃ¡nia
     got: Albánia
 ; [cca2=AL].translations.hun.official
Expected: AlbÃ¡n KÃ¶ztÃ¡rsasÃ¡g
     got: Albán Köztársaság
 ; [cca2=AL].translations.jpn.common
Expected: ã‚¢ãƒ«ãƒ?ãƒ‹ã‚¢
     got: ?????
 ; [cca2=AL].translations.jpn.official
Expected: ã‚¢ãƒ«ãƒ?ãƒ‹ã‚¢å…±å’Œå›½
     got: ????????
 ; [cca2=AL].translations.kor.common
Expected: ì•Œë°”ë‹ˆì•„
     got: ????
 ; [cca2=AL].translations.kor.official
Expected: ì•Œë°”ë‹ˆì•„ ê³µí™”êµ­
     got: ???? ???
 ; [cca2=AL].translations.nld.common
Expected: AlbaniÃ«
     got: Albanië
 ; [cca2=AL].translations.nld.official
Expected: Republiek AlbaniÃ«
     got: Republiek Albanië
 ; [cca2=AL].translations.per.common
Expected: Ø¢Ù„Ø¨Ø§Ù†ÛŒ
     got: ??????
 ; [cca2=AL].translations.per.official
Expected: Ø¬Ù…Ù‡ÙˆØ±ÛŒ Ø¢Ù„Ø¨Ø§Ù†ÛŒ
     got: ?????? ??????
 ; [cca2=AL].translations.por.common
Expected: AlbÃ¢nia
     got: Albânia
 ; [cca2=AL].translations.por.official
Expected: RepÃºblica da AlbÃ¢nia
     got: República da Albânia
 ; [cca2=AL].translations.rus.common
Expected: Ð?Ð»Ð±Ð°Ð½Ð¸Ñ?
     got: ???????
 ; [cca2=AL].translations.rus.official
Expected: Ð ÐµÑ?Ð¿ÑƒÐ±Ð»Ð¸ÐºÐ° Ð?Ð»Ð±Ð°Ð½Ð¸Ñ?
     got: ?????????? ???????
 ; [cca2=AL].translations.slk.common
Expected: AlbÃ¡nsko
     got: Albánsko
 ; [cca2=AL].translations.slk.official
Expected: AlbÃ¡nska republika
     got: Albánska republika
 ; [cca2=AL].translations.spa.official
Expected: RepÃºblica de Albania
     got: República de Albania
 ; [cca2=AL].translations.srp.common
Expected: Ð?Ð»Ð±Ð°Ð½Ð¸Ñ˜Ð°
     got: ????????
 ; [cca2=AL].translations.srp.official
Expected: Ð ÐµÐ¿ÑƒÐ±Ð»Ð¸ÐºÐ° Ð?Ð»Ð±Ð°Ð½Ð¸Ñ˜Ð°
     got: ????????? ????????
 ; [cca2=AL].translations.urd.common
Expected: Ø§Ù„Ø¨Ø§Ù†ÛŒØ§
     got: ???????
 ; [cca2=AL].translations.urd.official
Expected: Ø¬Ù…Û?ÙˆØ±ÛŒÛ? Ø§Ù„Ø¨Ø§Ù†ÛŒØ§
     got: ??????? ???????
 ; [cca2=AL].translations.zho.common
Expected: é˜¿å°”å·´å°¼äºš
     got: ?????
 ; [cca2=AL].translations.zho.official
Expected: é˜¿å°”å·´å°¼äºšå…±å’Œå›½
     got: ????????
 ; [cca2=AM].altSpellings[]
Expected: Õ€Õ¡ÕµÕ¡Õ½Õ¿Õ¡Õ¶Õ« Õ€Õ¡Õ¶Ö€Õ¡ÕºÕ¥Õ¿Õ¸Ö‚Õ©ÕµÕ¸Ö‚Õ¶
     but none found
 ; [cca2=AM].altSpellings[]
Unexpected: ????????? ???????????????
 ; [cca2=AM].currencies.AMD.symbol
Expected: Ö?
     got: ?
 ; [cca2=AM].demonyms.fra.f
Expected: ArmÃ©nienne
     got: Arménienne
 ; [cca2=AM].demonyms.fra.m
Expected: ArmÃ©nien
     got: Arménien
 ; [cca2=AM].flag
Expected: ðŸ‡¦ðŸ‡²
     got: ??
 ; [cca2=AM].name.nativeName.hye.common
Expected: Õ€Õ¡ÕµÕ¡Õ½Õ¿Õ¡Õ¶
     got: ????????
 ; [cca2=AM].name.nativeName.hye.official
Expected: Õ€Õ¡ÕµÕ¡Õ½Õ¿Õ¡Õ¶Õ« Õ€Õ¡Õ¶Ö€Õ¡ÕºÕ¥Õ¿Õ¸Ö‚Õ©ÕµÕ¸Ö‚Õ¶
     got: ????????? ???????????????
 ; [cca2=AM].translations.ara.common
Expected: Ø£Ø±Ù…ÙŠÙ†ÙŠØ§
     got: ???????
 ; [cca2=AM].translations.ara.official
Expected: Ø¬Ù…Ù‡ÙˆØ±ÙŠØ© Ø£Ø±Ù…ÙŠÙ†ÙŠØ§
     got: ??????? ???????
 ; [cca2=AM].translations.ces.common
Expected: ArmÃ©nie
     got: Arménie
 ; [cca2=AM].translations.ces.official
Expected: ArmÃ©nskÃ¡ republika
     got: Arménská republika
 ; [cca2=AM].translations.fra.common
Expected: ArmÃ©nie
     got: Arménie
 ; [cca2=AM].translations.fra.official
Expected: RÃ©publique d&#039;ArmÃ©nie
     got: République d&#039;Arménie
 ; [cca2=AM].translations.hun.common
Expected: Ã–rmÃ©nyorszÃ¡g
     got: Örményország
 ; [cca2=AM].translations.hun.official
Expected: Ã–rmÃ©nyorszÃ¡g
     got: Örményország
 ; [cca2=AM].translations.jpn.common
Expected: ã‚¢ãƒ«ãƒ¡ãƒ‹ã‚¢
     got: ?????
 ; [cca2=AM].translations.jpn.official
Expected: ã‚¢ãƒ«ãƒ¡ãƒ‹ã‚¢å…±å’Œå›½
     got: ????????
 ; [cca2=AM].translations.kor.common
Expected: ì•„ë¥´ë©”ë‹ˆì•„
     got: ?????
 ; [cca2=AM].translations.kor.official
Expected: ì•„ë¥´ë©”ë‹ˆì•„ ê³µí™”êµ­
     got: ????? ???
 ; [cca2=AM].translations.nld.common
Expected: ArmeniÃ«
     got: Armenië
 ; [cca2=AM].translations.nld.official
Expected: Republiek ArmeniÃ«
     got: Republiek Armenië
 ; [cca2=AM].translations.per.common
Expected: Ø§Ø±Ù…Ù†Ø³ØªØ§Ù†
     got: ????????
 ; [cca2=AM].translations.per.official
Expected: Ø¬Ù…Ù‡ÙˆØ±ÛŒ Ø§Ø±Ù…Ù†Ø³ØªØ§Ù†
     got: ?????? ????????
 ; [cca2=AM].translations.por.common
Expected: ArmÃ©nia
     got: Arménia
 ; [cca2=AM].translations.por.official
Expected: RepÃºblica da ArmÃ©nia
     got: República da Arménia
 ; [cca2=AM].translations.rus.common
Expected: Ð?Ñ€Ð¼ÐµÐ½Ð¸Ñ?
     got: ???????
 ; [cca2=AM].translations.rus.official
Expected: Ð ÐµÑ?Ð¿ÑƒÐ±Ð»Ð¸ÐºÐ° Ð?Ñ€Ð¼ÐµÐ½Ð¸Ñ?
     got: ?????????? ???????
 ; [cca2=AM].translations.slk.common
Expected: ArmÃ©nsko
     got: Arménsko
 ; [cca2=AM].translations.slk.official
Expected: ArmÃ©nska republika
     got: Arménska republika
 ; [cca2=AM].translations.spa.official
Expected: RepÃºblica de Armenia
     got: República de Armenia
 ; [cca2=AM].translations.srp.common
Expected: ÐˆÐµÑ€Ð¼ÐµÐ½Ð¸Ñ˜Ð°
     got: ?????????
 ; [cca2=AM].translations.srp.official
Expected: Ð ÐµÐ¿ÑƒÐ±Ð»Ð¸ÐºÐ° ÐˆÐµÑ€Ð¼ÐµÐ½Ð¸Ñ˜Ð°
     got: ????????? ?????????
 ; [cca2=AM].translations.urd.common
Expected: Ø¢Ø±Ù…ÛŒÙ†ÛŒØ§
     got: ???????
 ; [cca2=AM].translations.urd.official
Expected: Ø¬Ù…Û?ÙˆØ±ÛŒÛ? Ø¢Ø±Ù…ÛŒÙ†ÛŒØ§
     got: ??????? ???????
 ; [cca2=AM].translations.zho.common
Expected: äºšç¾Žå°¼äºš
     got: ????
 ; [cca2=AM].translations.zho.official
Expected: äºšç¾Žå°¼äºšå…±å’Œå›½
     got: ???????
 ; [cca2=AO].altSpellings[]
Expected: RepÃºblica de Angola
     but none found
 ; [cca2=AO].altSpellings[]
Expected: Ê?É›publika de an&#039;É¡É”la
     but none found
 ; [cca2=AO].altSpellings[]
Unexpected: República de Angola
 ; [cca2=AO].altSpellings[]
Unexpected: ??publika de an&#039;??la
 ; [cca2=AO].flag
Expected: ðŸ‡¦ðŸ‡´
     got: ??
 ; [cca2=AO].name.nativeName.por.official
Expected: RepÃºblica de Angola
     got: República de Angola
 ; [cca2=AO].translations.ara.common
Expected: Ø¬Ù…Ù‡ÙˆØ±ÙŠØ© Ø£Ù†ØºÙˆÙ„Ø§
     got: ??????? ??????
 ; [cca2=AO].translations.ara.official
Expected: Ø£Ù†ØºÙˆÙ„Ø§
     got: ??????
 ; [cca2=AO].translations.ces.official
Expected: AngolskÃ¡ republika
     got: Angolská republika
 ; [cca2=AO].translations.fra.official
Expected: RÃ©publique d&#039;Angola
     got: République d&#039;Angola
 ; [cca2=AO].translations.jpn.common
Expected: ã‚¢ãƒ³ã‚´ãƒ©
     got: ????
 ; [cca2=AO].translations.jpn.official
Expected: ã‚¢ãƒ³ã‚´ãƒ©å…±å’Œå›½
     got: ???????
 ; [cca2=AO].translations.kor.common
Expected: ì•™ê³¨ë?¼
     got: ???
 ; [cca2=AO].translations.kor.official
Expected: ì•™ê³¨ë?¼ ê³µí™”êµ­
     got: ??? ???
 ; [cca2=AO].translations.per.common
Expected: Ø¢Ù†Ú¯ÙˆÙ„Ø§
     got: ??????
 ; [cca2=AO].translations.per.official
Expected: Ø¬Ù…Ù‡ÙˆØ±ÛŒ Ø¢Ù†Ú¯ÙˆÙ„Ø§
     got: ?????? ??????
 ; [cca2=AO].translations.por.official
Expected: RepÃºblica de Angola
     got: República de Angola
 ; [cca2=AO].translations.rus.common
Expected: Ð?Ð½Ð³Ð¾Ð»Ð°
     got: ??????
 ; [cca2=AO].translations.rus.official
Expected: Ð ÐµÑ?Ð¿ÑƒÐ±Ð»Ð¸ÐºÐ° Ð?Ð½Ð³Ð¾Ð»Ð°
     got: ?????????? ??????
 ; [cca2=AO].translations.slk.official
Expected: AngolskÃ¡ republika
     got: Angolská republika
 ; [cca2=AO].translations.spa.official
Expected: RepÃºblica de Angola
     got: República de Angola
 ; [cca2=AO].translations.srp.common
Expected: Ð?Ð½Ð³Ð¾Ð»Ð°
     got: ??????
 ; [cca2=AO].translations.srp.official
Expected: Ð ÐµÐ¿ÑƒÐ±Ð»Ð¸ÐºÐ° Ð?Ð½Ð³Ð¾Ð»Ð°
     got: ????????? ??????
 ; [cca2=AO].translations.urd.common
Expected: Ø§Ù†Ú¯ÙˆÙ„Û?
     got: ??????
 ; [cca2=AO].translations.urd.official
Expected: Ø¬Ù…Û?ÙˆØ±ÛŒÛ? Ø§Ù†Ú¯ÙˆÙ„Û?
     got: ??????? ??????
 ; [cca2=AO].translations.zho.common
Expected: å®‰å“¥æ‹‰
     got: ???
 ; [cca2=AO].translations.zho.official
Expected: å®‰å“¥æ‹‰å…±å’Œå›½
     got: ??????
 ; [cca2=AQ].flag
Expected: ðŸ‡¦ðŸ‡¶
     got: ??
 ; [cca2=AQ].translations.ara.common
Expected: Ø£Ù†ØªØ§Ø±ØªÙŠÙƒØ§
     got: ?????????
 ; [cca2=AQ].translations.ara.official
Expected: Ø£Ù†ØªØ§Ø±ØªÙŠÙƒØ§
     got: ?????????
 ; [cca2=AQ].translations.fin.common
Expected: EtelÃ¤manner
     got: Etelämanner
 ; [cca2=AQ].translations.fin.official
Expected: EtelÃ¤manner
     got: Etelämanner
 ; [cca2=AQ].translations.jpn.common
Expected: å?—æ¥µ
     got: ??
 ; [cca2=AQ].translations.jpn.official
Expected: å?—æ¥µå¤§é™¸
     got: ????
 ; [cca2=AQ].translations.kor.common
Expected: ë‚¨ê·¹
     got: ??
 ; [cca2=AQ].translations.kor.official
Expected: ë‚¨ê·¹
     got: ??
 ; [cca2=AQ].translations.per.common
Expected: Ø¬Ù†ÙˆØ¨Ú¯Ø§Ù†
     got: ???????
 ; [cca2=AQ].translations.per.official
Expected: Ø¬Ù†ÙˆØ¨Ú¯Ø§Ù†
     got: ???????
 ; [cca2=AQ].translations.por.common
Expected: AntÃ¡rtida
     got: Antártida
 ; [cca2=AQ].translations.por.official
Expected: AntÃ¡rtica
     got: Antártica
 ; [cca2=AQ].translations.rus.common
Expected: Ð?Ð½Ñ‚Ð°Ñ€ÐºÑ‚Ð¸Ð´Ð°
     got: ??????????
 ; [cca2=AQ].translations.rus.official
Expected: Ð?Ð½Ñ‚Ð°Ñ€ÐºÑ‚Ð¸Ð´Ð°
     got: ??????????
 ; [cca2=AQ].translations.slk.common
Expected: AntarktÃ­da
     got: Antarktída
 ; [cca2=AQ].translations.slk.official
Expected: AntarktÃ­da
     got: Antarktída
 ; [cca2=AQ].translations.spa.common
Expected: AntÃ¡rtida
     got: Antártida
 ; [cca2=AQ].translations.spa.official
Expected: AntÃ¡rtida
     got: Antártida
 ; [cca2=AQ].translations.srp.common
Expected: Ð?Ð½Ñ‚Ð°Ñ€ÐºÑ‚Ð¸Ðº
     got: ?????????
 ; [cca2=AQ].translations.srp.official
Expected: Ð?Ð½Ñ‚Ð°Ñ€ÐºÑ‚Ð¸Ðº
     got: ?????????
 ; [cca2=AQ].translations.urd.common
Expected: Ø§Ù†Ù¹Ø§Ø±Ú©Ù¹Ú©Ø§
     got: ?????????
 ; [cca2=AQ].translations.urd.official
Expected: Ø§Ù†Ù¹Ø§Ø±Ú©Ù¹Ú©Ø§
     got: ?????????
 ; [cca2=AQ].translations.zho.common
Expected: å?—æž?æ´²
     got: ???
 ; [cca2=AQ].translations.zho.official
Expected: å?—æž?æ´²
     got: ???
 ; [cca2=AR].altSpellings[]
Expected: RepÃºblica Argentina
     but none found
 ; [cca2=AR].altSpellings[]
Unexpected: República Argentina
 ; [cca2=AR].flag
Expected: ðŸ‡¦ðŸ‡·
     got: ??
 ; [cca2=AR].languages.grn
Expected: GuaranÃ­
     got: Guaraní
 ; [cca2=AR].name.nativeName.spa.official
Expected: RepÃºblica Argentina
     got: República Argentina
 ; [cca2=AR].translations.ara.common
Expected: Ø§Ù„Ø£Ø±Ø¬Ù†ØªÙŠÙ†
     got: ?????????
 ; [cca2=AR].translations.ara.official
Expected: Ø¬Ù…Ù‡ÙˆØ±ÙŠØ© Ø§Ù„Ø£Ø±Ø¬Ù†ØªÙŠÙ†
     got: ??????? ?????????
 ; [cca2=AR].translations.ces.official
Expected: ArgentinskÃ¡ republika
     got: Argentinská republika
 ; [cca2=AR].translations.fra.official
Expected: RÃ©publique argentine
     got: République argentine
 ; [cca2=AR].translations.hun.common
Expected: ArgentÃ­na
     got: Argentína
 ; [cca2=AR].translations.hun.official
Expected: Argentin KÃ¶ztÃ¡rsasÃ¡g
     got: Argentin Köztársaság
 ; [cca2=AR].translations.jpn.common
Expected: ã‚¢ãƒ«ã‚¼ãƒ³ãƒ?ãƒ³
     got: ??????
 ; [cca2=AR].translations.jpn.official
Expected: ã‚¢ãƒ«ã‚¼ãƒ³ãƒ?ãƒ³å…±å’Œå›½
     got: ?????????
 ; [cca2=AR].translations.kor.common
Expected: ì•„ë¥´í—¨í‹°ë‚˜
     got: ?????
 ; [cca2=AR].translations.kor.official
Expected: ì•„ë¥´í—¨í‹°ë‚˜ ê³µí™”êµ­
     got: ????? ???
 ; [cca2=AR].translations.nld.common
Expected: ArgentiniÃ«
     got: Argentinië
 ; [cca2=AR].translations.per.common
Expected: Ø¢Ø±Ú˜Ø§Ù†ØªÛŒÙ†
     got: ????????
 ; [cca2=AR].translations.per.official
Expected: Ø¬Ù…Ù‡ÙˆØ±ÛŒ Ø¢Ø±Ú˜Ø§Ù†ØªÛŒÙ†
     got: ?????? ????????
 ; [cca2=AR].translations.pol.official
Expected: Republika ArgentyÅ„ska
     got: Republika Argenty?ska
 ; [cca2=AR].translations.por.official
Expected: RepÃºblica Argentina
     got: República Argentina
 ; [cca2=AR].translations.rus.common
Expected: Ð?Ñ€Ð³ÐµÐ½Ñ‚Ð¸Ð½Ð°
     got: ?????????
 ; [cca2=AR].translations.rus.official
Expected: Ð?Ñ€Ð³ÐµÐ½Ñ‚Ð¸Ð½Ñ?ÐºÐ°Ñ? Ð ÐµÑ?Ð¿ÑƒÐ±Ð»Ð¸ÐºÐ°
     got: ???????????? ??????????
 ; [cca2=AR].translations.slk.common
Expected: ArgentÃ­na
     got: Argentína
 ; [cca2=AR].translations.slk.official
Expected: ArgentÃ­nska republika
     got: Argentínska republika
 ; [cca2=AR].translations.spa.official
Expected: RepÃºblica Argentina
     got: República Argentina
 ; [cca2=AR].translations.srp.common
Expected: Ð?Ñ€Ð³ÐµÐ½Ñ‚Ð¸Ð½Ð°
     got: ?????????
 ; [cca2=AR].translations.srp.official
Expected: Ð?Ñ€Ð³ÐµÐ½Ñ‚Ð¸Ð½Ñ?ÐºÐ° Ð ÐµÐ¿ÑƒÐ±Ð»Ð¸ÐºÐ°
     got: ??????????? ?????????
 ; [cca2=AR].translations.urd.common
Expected: Ø§Ø±Ø¬Ù†Ù¹Ø§Ø¦Ù†
     got: ????????
 ; [cca2=AR].translations.urd.official
Expected: Ø¬Ù…Û?ÙˆØ±ÛŒÛ? Ø§Ø±Ø¬Ù†Ù¹Ø§Ø¦Ù†
     got: ??????? ????????
 ; [cca2=AR].translations.zho.common
Expected: é˜¿æ ¹å»·
     got: ???
 ; [cca2=AR].translations.zho.official
Expected: é˜¿æ ¹å»·å…±å’Œå›½
     got: ??????
 ; [cca2=AS].altSpellings[]
Expected: SÄ?moa Amelika
     but none found
 ; [cca2=AS].altSpellings[]
Expected: Amerika SÄ?moa
     but none found
 ; [cca2=AS].altSpellings[]
Expected: Amelika SÄ?moa
     but none found
 ; [cca2=AS].altSpellings[]
Unexpected: Amelika S?moa
 ; [cca2=AS].altSpellings[]
Unexpected: Amerika S?moa
 ; [cca2=AS].altSpellings[]
Unexpected: S?moa Amelika
 ; [cca2=AS].flag
Expected: ðŸ‡¦ðŸ‡¸
     got: ??
 ; [cca2=AS].name.nativeName.smo.common
Expected: SÄ?moa Amelika
     got: S?moa Amelika
 ; [cca2=AS].name.nativeName.smo.official
Expected: SÄ?moa Amelika
     got: S?moa Amelika
 ; [cca2=AS].translations.ara.common
Expected: Ø³Ø§Ù…ÙˆØ§ Ø§Ù„Ø£Ù…Ø±ÙŠÙƒÙŠØ©
     got: ????? ?????????
 ; [cca2=AS].translations.ara.official
Expected: Ø³Ø§Ù…ÙˆØ§ Ø§Ù„Ø£Ù…Ø±ÙŠÙƒÙŠØ©
     got: ????? ?????????
 ; [cca2=AS].translations.ces.common
Expected: AmerickÃ¡ Samoa
     got: Americká Samoa
 ; [cca2=AS].translations.ces.official
Expected: AmerickÃ¡ Samoa
     got: Americká Samoa
 ; [cca2=AS].translations.fra.common
Expected: Samoa amÃ©ricaines
     got: Samoa américaines
 ; [cca2=AS].translations.fra.official
Expected: Samoa amÃ©ricaines
     got: Samoa américaines
 ; [cca2=AS].translations.hrv.common
Expected: AmeriÄ?ka Samoa
     got: Ameri?ka Samoa
 ; [cca2=AS].translations.hrv.official
Expected: ameriÄ?ka Samoa
     got: ameri?ka Samoa
 ; [cca2=AS].translations.jpn.common
Expected: ã‚¢ãƒ¡ãƒªã‚«é ˜ã‚µãƒ¢ã‚¢
     got: ????????
 ; [cca2=AS].translations.jpn.official
Expected: ç±³ã‚µãƒ¢ã‚¢
     got: ????
 ; [cca2=AS].translations.kor.common
Expected: ì•„ë©”ë¦¬ì¹¸ì‚¬ëª¨ì•„
     got: ???????
 ; [cca2=AS].translations.kor.official
Expected: ì•„ë©”ë¦¬ì¹¸ì‚¬ëª¨ì•„
     got: ???????
 ; [cca2=AS].translations.per.common
Expected: Ø³Ø§Ù…ÙˆØ¢ÛŒ Ø¢Ù…Ø±ÛŒÚ©Ø§
     got: ?????? ??????
 ; [cca2=AS].translations.per.official
Expected: Ø³Ø§Ù…ÙˆØ¢ÛŒ Ø¢Ù…Ø±ÛŒÚ©Ø§
     got: ?????? ??????
 ; [cca2=AS].translations.pol.common
Expected: Samoa AmerykaÅ„skie
     got: Samoa Ameryka?skie
 ; [cca2=AS].translations.pol.official
Expected: Samoa AmerykaÅ„skie
     got: Samoa Ameryka?skie
 ; [cca2=AS].translations.rus.common
Expected: Ð?Ð¼ÐµÑ€Ð¸ÐºÐ°Ð½Ñ?ÐºÐ¾Ðµ Ð¡Ð°Ð¼Ð¾Ð°
     got: ???????????? ?????
 ; [cca2=AS].translations.rus.official
Expected: Ð°Ð¼ÐµÑ€Ð¸ÐºÐ°Ð½Ñ?ÐºÐ¾Ðµ Ð¡Ð°Ð¼Ð¾Ð°
     got: ???????????? ?????
 ; [cca2=AS].translations.slk.common
Expected: AmerickÃ¡ Samoa
     got: Americká Samoa
 ; [cca2=AS].translations.slk.official
Expected: AmerickÃ¡ Samoa
     got: Americká Samoa
 ; [cca2=AS].translations.srp.common
Expected: Ð?Ð¼ÐµÑ€Ð¸Ñ‡ÐºÐ° Ð¡Ð°Ð¼Ð¾Ð°
     got: ???????? ?????
 ; [cca2=AS].translations.srp.official
Expected: Ð?Ð¼ÐµÑ€Ð¸Ñ‡ÐºÐ° Ð¡Ð°Ð¼Ð¾Ð°
     got: ???????? ?????
 ; [cca2=AS].translations.tur.common
Expected: Amerikan SamoasÄ±
     got: Amerikan Samoas?
 ; [cca2=AS].translations.tur.official
Expected: Amerikan SamoasÄ±
     got: Amerikan Samoas?
 ; [cca2=AS].translations.urd.common
Expected: Ø§Ù…Ø±ÛŒÚ©ÛŒ Ø³Ù…ÙˆÙˆØ§
     got: ?????? ?????
 ; [cca2=AS].translations.urd.official
Expected: Ø§Ù…Ø±ÛŒÚ©ÛŒ Ø³Ù…ÙˆÙˆØ§
     got: ?????? ?????
 ; [cca2=AS].translations.zho.common
Expected: ç¾Žå±žè?¨æ‘©äºš
     got: ?????
 ; [cca2=AS].translations.zho.official
Expected: ç¾Žå±žè?¨æ‘©äºš
     got: ?????
 ; [cca2=AT].currencies.EUR.symbol
Expected: â‚¬
     got: €
 ; [cca2=AT].flag
Expected: ðŸ‡¦ðŸ‡¹
     got: ??
 ; [cca2=AT].name.nativeName.bar.common
Expected: Ã–sterreich
     got: Österreich
 ; [cca2=AT].name.nativeName.bar.official
Expected: Republik Ã–sterreich
     got: Republik Österreich
 ; [cca2=AT].translations.ara.common
Expected: Ø§Ù„Ù†Ù…Ø³Ø§
     got: ??????
 ; [cca2=AT].translations.ara.official
Expected: Ø¬Ù…Ù‡ÙˆØ±ÙŠØ© Ø§Ù„Ù†Ù…Ø³Ø§
     got: ??????? ??????
 ; [cca2=AT].translations.ces.official
Expected: RakouskÃ¡ republika
     got: Rakouská republika
 ; [cca2=AT].translations.deu.common
Expected: Ã–sterreich
     got: Österreich
 ; [cca2=AT].translations.deu.official
Expected: Republik Ã–sterreich
     got: Republik Österreich
 ; [cca2=AT].translations.fin.common
Expected: ItÃ¤valta
     got: Itävalta
 ; [cca2=AT].translations.fin.official
Expected: ItÃ¤vallan tasavalta
     got: Itävallan tasavalta
 ; [cca2=AT].translations.fra.official
Expected: RÃ©publique d&#039;Autriche
     got: République d&#039;Autriche
 ; [cca2=AT].translations.jpn.common
Expected: ã‚ªãƒ¼ã‚¹ãƒˆãƒªã‚¢
     got: ??????
 ; [cca2=AT].translations.jpn.official
Expected: ã‚ªãƒ¼ã‚¹ãƒˆãƒªã‚¢å…±å’Œå›½
     got: ?????????
 ; [cca2=AT].translations.kor.common
Expected: ì˜¤ìŠ¤íŠ¸ë¦¬ì•„
     got: ?????
 ; [cca2=AT].translations.kor.official
Expected: ì˜¤ìŠ¤íŠ¸ë¦¬ì•„ ê³µí™”êµ­
     got: ????? ???
 ; [cca2=AT].translations.per.common
Expected: Ø§ØªØ±ÛŒØ´
     got: ?????
 ; [cca2=AT].translations.per.official
Expected: Ø¬Ù…Ù‡ÙˆØ±ÛŒ Ø§ØªØ±ÛŒØ´
     got: ?????? ?????
 ; [cca2=AT].translations.por.common
Expected: Ã?ustria
     got: Áustria
 ; [cca2=AT].translations.por.official
Expected: RepÃºblica da Ã?ustria
     got: República da Áustria
 ; [cca2=AT].translations.rus.common
Expected: Ð?Ð²Ñ?Ñ‚Ñ€Ð¸Ñ?
     got: ???????
 ; [cca2=AT].translations.rus.official
Expected: Ð?Ð²Ñ?Ñ‚Ñ€Ð¸Ð¹Ñ?ÐºÐ°Ñ? Ð ÐµÑ?Ð¿ÑƒÐ±Ð»Ð¸ÐºÐ°
     got: ??????????? ??????????
 ; [cca2=AT].translations.slk.common
Expected: RakÃºsko
     got: Rakúsko
 ; [cca2=AT].translations.slk.official
Expected: RakÃºska republika
     got: Rakúska republika
 ; [cca2=AT].translations.spa.official
Expected: RepÃºblica de Austria
     got: República de Austria
 ; [cca2=AT].translations.srp.common
Expected: Ð?ÑƒÑ?Ñ‚Ñ€Ð¸Ñ˜Ð°
     got: ????????
 ; [cca2=AT].translations.srp.official
Expected: Ð ÐµÐ¿ÑƒÐ±Ð»Ð¸ÐºÐ° Ð?ÑƒÑ?Ñ‚Ñ€Ð¸Ñ˜Ð°
     got: ????????? ????????
 ; [cca2=AT].translations.swe.common
Expected: Ã–sterrike
     got: Österrike
 ; [cca2=AT].translations.swe.official
Expected: Republiken Ã–sterrike
     got: Republiken Österrike
 ; [cca2=AT].translations.urd.common
Expected: Ø¢Ø³Ù¹Ø±ÛŒØ§
     got: ??????
 ; [cca2=AT].translations.urd.official
Expected: Ø¬Ù…Û?ÙˆØ±ÛŒÛ? Ø¢Ø³Ù¹Ø±ÛŒØ§
     got: ??????? ??????
 ; [cca2=AT].translations.zho.common
Expected: å¥¥åœ°åˆ©
     got: ???
 ; [cca2=AT].translations.zho.official
Expected: å¥¥åœ°åˆ©å…±å’Œå›½
     got: ??????
 ; [cca2=RE].currencies.EUR.symbol
Expected: â‚¬
     got: €
 ; [cca2=RE].demonyms.eng.f
Expected: RÃ©unionese
     got: Réunionese
 ; [cca2=RE].demonyms.eng.m
Expected: RÃ©unionese
     got: Réunionese
 ; [cca2=RE].demonyms.fra.f
Expected: RÃ©unionnaise
     got: Réunionnaise
 ; [cca2=RE].demonyms.fra.m
Expected: RÃ©unionnais
     got: Réunionnais
 ; [cca2=RE].flag
Expected: ðŸ‡·ðŸ‡ª
     got: ??
 ; [cca2=RE].name.common
Expected: RÃ©union
     got: Réunion
 ; [cca2=RE].name.nativeName.fra.common
Expected: La RÃ©union
     got: La Réunion
 ; [cca2=RE].name.nativeName.fra.official
Expected: Ile de la RÃ©union
     got: Ile de la Réunion
 ; [cca2=RE].name.official
Expected: RÃ©union Island
     got: Réunion Island
 ; [cca2=RE].translations.ara.common
Expected: Ù„Ø§ Ø±ÙŠÙˆÙ†ÙŠÙˆÙ†
     got: ?? ???????
 ; [cca2=RE].translations.ara.official
Expected: Ø¬Ø²ÙŠØ±Ø© Ù„Ø§ Ø±ÙŠÙˆÙ†ÙŠÙˆÙ†
     got: ????? ?? ???????
 ; [cca2=RE].translations.bre.common
Expected: ReÃ¼nion
     got: Reünion
 ; [cca2=RE].translations.bre.official
Expected: Enez ar ReÃ¼nion
     got: Enez ar Reünion
 ; [cca2=RE].translations.ces.common
Expected: RÃ©union
     got: Réunion
 ; [cca2=RE].translations.ces.official
Expected: RÃ©union
     got: Réunion
 ; [cca2=RE].translations.cym.common
Expected: RÃ©union
     got: Réunion
 ; [cca2=RE].translations.cym.official
Expected: RÃ©union Island
     got: Réunion Island
 ; [cca2=RE].translations.deu.common
Expected: RÃ©union
     got: Réunion
 ; [cca2=RE].translations.deu.official
Expected: RÃ©union
     got: Réunion
 ; [cca2=RE].translations.est.common
Expected: RÃ©union
     got: Réunion
 ; [cca2=RE].translations.est.official
Expected: RÃ©unioni departemang
     got: Réunioni departemang
 ; [cca2=RE].translations.fin.common
Expected: RÃ©union
     got: Réunion
 ; [cca2=RE].translations.fin.official
Expected: RÃ©union
     got: Réunion
 ; [cca2=RE].translations.fra.common
Expected: RÃ©union
     got: Réunion
 ; [cca2=RE].translations.fra.official
Expected: Ile de la RÃ©union
     got: Ile de la Réunion
 ; [cca2=RE].translations.hrv.common
Expected: RÃ©union
     got: Réunion
 ; [cca2=RE].translations.hrv.official
Expected: RÃ©union Island
     got: Réunion Island
 ; [cca2=RE].translations.hun.common
Expected: RÃ©union
     got: Réunion
 ; [cca2=RE].translations.hun.official
Expected: RÃ©union
     got: Réunion
 ; [cca2=RE].translations.ita.official
Expected: RÃ©union
     got: Réunion
 ; [cca2=RE].translations.jpn.common
Expected: ãƒ¬ãƒ¦ãƒ‹ã‚ªãƒ³
     got: ?????
 ; [cca2=RE].translations.jpn.official
Expected: ãƒ¬ãƒ¦ãƒ‹ã‚ªãƒ³å³¶
     got: ??????
 ; [cca2=RE].translations.kor.common
Expected: ë ˆìœ„ë‹ˆì˜¹
     got: ????
 ; [cca2=RE].translations.kor.official
Expected: ë ˆìœ„ë‹ˆì˜¹
     got: ????
 ; [cca2=RE].translations.nld.common
Expected: RÃ©union
     got: Réunion
 ; [cca2=RE].translations.nld.official
Expected: RÃ©union
     got: Réunion
 ; [cca2=RE].translations.per.common
Expected: Ø±Ø¦ÙˆÙ†ÛŒÙˆÙ†
     got: ???????
 ; [cca2=RE].translations.per.official
Expected: Ø±Ø¦ÙˆÙ†ÛŒÙˆÙ†
     got: ???????
 ; [cca2=RE].translations.por.common
Expected: ReuniÃ£o
     got: Reunião
 ; [cca2=RE].translations.por.official
Expected: Ilha da ReuniÃ£o
     got: Ilha da Reunião
 ; [cca2=RE].translations.rus.common
Expected: Ð ÐµÑŽÐ½ÑŒÐ¾Ð½
     got: ???????
 ; [cca2=RE].translations.rus.official
Expected: Ð ÐµÑŽÐ½ÑŒÐ¾Ð½
     got: ???????
 ; [cca2=RE].translations.slk.common
Expected: RÃ©union
     got: Réunion
 ; [cca2=RE].translations.slk.official
Expected: RÃ©unionskÃ½ zÃ¡morskÃ½ departmÃ¡n
     got: Réunionský zámorský departmán
 ; [cca2=RE].translations.spa.common
Expected: ReuniÃ³n
     got: Reunión
 ; [cca2=RE].translations.spa.official
Expected: Isla de la ReuniÃ³n
     got: Isla de la Reunión
 ; [cca2=RE].translations.srp.common
Expected: Ð ÐµÐ¸Ð½Ð¸Ð¾Ð½
     got: ???????
 ; [cca2=RE].translations.srp.official
Expected: Ð ÐµÐ¸Ð½Ð¸Ð¾Ð½
     got: ???????
 ; [cca2=RE].translations.swe.common
Expected: RÃ©union
     got: Réunion
 ; [cca2=RE].translations.swe.official
Expected: RÃ©union
     got: Réunion
 ; [cca2=RE].translations.tur.common
Expected: RÃ©union
     got: Réunion
 ; [cca2=RE].translations.tur.official
Expected: RÃ©union
     got: Réunion
 ; [cca2=RE].translations.urd.common
Expected: Ø±Û’ ÛŒÙˆÙ†ÛŒÙˆÚº
     got: ?? ??????
 ; [cca2=RE].translations.urd.official
Expected: Ø±Û’ ÛŒÙˆÙ†ÛŒÙˆÚº Ø¬Ø²ÛŒØ±Û?
     got: ?? ?????? ?????
 ; [cca2=RE].translations.zho.common
Expected: ç•™å°¼æ—ºå²›
     got: ????
 ; [cca2=RE].translations.zho.official
Expected: ç•™å°¼æ—ºå²›
     got: ????
 ; [cca2=AU].flag
Expected: ðŸ‡¦ðŸ‡º
     got: ??
 ; [cca2=AU].flags.alt
Expected: The flag of Australia has a dark blue field. It features the flag of the United Kingdom â€” the Union Jack â€” in the canton, beneath which is a large white seven-pointed star. A representation of the Southern Cross constellation, made up of one small five-pointed and four larger seven-pointed white stars, is situated on the fly side of the field.
     got: The flag of Australia has a dark blue field. It features the flag of the United Kingdom — the Union Jack — in the canton, beneath which is a large white seven-pointed star. A representation of the Southern Cross constellation, made up of one small five-pointed and four larger seven-pointed white stars, is situated on the fly side of the field.
 ; [cca2=AU].translations.ara.common
Expected: Ø£Ø³ØªØ±Ø§Ù„ÙŠØ§
     got: ????????
 ; [cca2=AU].translations.ara.official
Expected: ÙƒÙˆÙ…ÙˆÙ†ÙˆÙ„Ø« Ø£Ø³ØªØ±Ø§Ù„ÙŠØ§
     got: ???????? ????????
 ; [cca2=AU].translations.ces.common
Expected: AustrÃ¡lie
     got: Austrálie
 ; [cca2=AU].translations.ces.official
Expected: AustralskÃ© spoleÄ?enstvÃ­
     got: Australské spole?enství
 ; [cca2=AU].translations.est.official
Expected: Austraalia Ãœhendus
     got: Austraalia Ühendus
 ; [cca2=AU].translations.hun.common
Expected: AusztrÃ¡lia
     got: Ausztrália
 ; [cca2=AU].translations.hun.official
Expected: AusztrÃ¡l Ã?llamszÃ¶vetsÃ©g
     got: Ausztrál Államszövetség
 ; [cca2=AU].translations.jpn.common
Expected: ã‚ªãƒ¼ã‚¹ãƒˆãƒ©ãƒªã‚¢
     got: ???????
 ; [cca2=AU].translations.jpn.official
Expected: ã‚ªãƒ¼ã‚¹ãƒˆãƒ©ãƒªã‚¢é€£é‚¦
     got: ?????????
 ; [cca2=AU].translations.kor.common
Expected: í˜¸ì£¼
     got: ??
 ; [cca2=AU].translations.kor.official
Expected: ì˜¤ìŠ¤íŠ¸ë ˆì?¼ë¦¬ì•„ ì—°ë°©
     got: ??????? ??
 ; [cca2=AU].translations.nld.common
Expected: AustraliÃ«
     got: Australië
 ; [cca2=AU].translations.nld.official
Expected: Gemenebest van AustraliÃ«
     got: Gemenebest van Australië
 ; [cca2=AU].translations.per.common
Expected: Ø§Ø³ØªØ±Ø§Ù„ÛŒØ§
     got: ????????
 ; [cca2=AU].translations.per.official
Expected: Ù‚Ù„Ù…Ø±Ùˆ Ù‡Ù…Ø³ÙˆØ¯ Ø§Ø³ØªØ±Ø§Ù„ÛŒØ§
     got: ????? ????? ????????
 ; [cca2=AU].translations.pol.official
Expected: ZwiÄ…zek Australijski
     got: Zwi?zek Australijski
 ; [cca2=AU].translations.por.common
Expected: AustrÃ¡lia
     got: Austrália
 ; [cca2=AU].translations.por.official
Expected: Comunidade da AustrÃ¡lia
     got: Comunidade da Austrália
 ; [cca2=AU].translations.rus.common
Expected: Ð?Ð²Ñ?Ñ‚Ñ€Ð°Ð»Ð¸Ñ?
     got: ?????????
 ; [cca2=AU].translations.rus.official
Expected: Ð¡Ð¾Ð´Ñ€ÑƒÐ¶ÐµÑ?Ñ‚Ð²Ð¾ Ð?Ð²Ñ?Ñ‚Ñ€Ð°Ð»Ð¸Ð¸
     got: ??????????? ?????????
 ; [cca2=AU].translations.slk.common
Expected: AustrÃ¡lia
     got: Austrália
 ; [cca2=AU].translations.slk.official
Expected: AustrÃ¡lsky zvÃ¤z
     got: Austrálsky zväz
 ; [cca2=AU].translations.srp.common
Expected: Ð?ÑƒÑ?Ñ‚Ñ€Ð°Ð»Ð¸Ñ˜Ð°
     got: ??????????
 ; [cca2=AU].translations.srp.official
Expected: ÐšÐ¾Ð¼Ð¾Ð½Ð²ÐµÐ»Ñ‚ Ð?ÑƒÑ?Ñ‚Ñ€Ð°Ð»Ð¸Ñ˜Ð°
     got: ????????? ??????????
 ; [cca2=AU].translations.swe.official
Expected: Australiska statsfÃ¶rbundet
     got: Australiska statsförbundet
 ; [cca2=AU].translations.urd.common
Expected: Ø¢Ø³Ù¹Ø±ÛŒÙ„ÛŒØ§
     got: ????????
 ; [cca2=AU].translations.urd.official
Expected: Ø¯ÙˆÙ„ØªÙ? Ù…Ø´ØªØ±Ú©Û? Ø¢Ø³Ù¹Ø±ÛŒÙ„ÛŒØ§
     got: ????? ?????? ????????
 ; [cca2=AU].translations.zho.common
Expected: æ¾³å¤§åˆ©äºš
     got: ????
 ; [cca2=AU].translations.zho.official
Expected: æ¾³å¤§åˆ©äºšè?”é‚¦
     got: ??????
 ; [cca2=AW].currencies.AWG.symbol
Expected: Æ’
     got: ƒ
 ; [cca2=AW].flag
Expected: ðŸ‡¦ðŸ‡¼
     got: ??
 ; [cca2=AW].translations.ara.common
Expected: Ø£Ø±ÙˆØ¨Ø§
     got: ?????
 ; [cca2=AW].translations.ara.official
Expected: Ø£Ø±ÙˆØ¨Ø§
     got: ?????
 ; [cca2=AW].translations.jpn.common
Expected: ã‚¢ãƒ«ãƒ?
     got: ???
 ; [cca2=AW].translations.jpn.official
Expected: ã‚¢ãƒ«ãƒ?
     got: ???
 ; [cca2=AW].translations.kor.common
Expected: ì•„ë£¨ë°”
     got: ???
 ; [cca2=AW].translations.kor.official
Expected: ì•„ë£¨ë°”
     got: ???
 ; [cca2=AW].translations.per.common
Expected: Ø¢Ø±ÙˆØ¨Ø§
     got: ?????
 ; [cca2=AW].translations.per.official
Expected: Ø¢Ø±ÙˆØ¨Ø§
     got: ?????
 ; [cca2=AW].translations.rus.common
Expected: Ð?Ñ€ÑƒÐ±Ð°
     got: ?????
 ; [cca2=AW].translations.rus.official
Expected: Ð?Ñ€ÑƒÐ±Ð°
     got: ?????
 ; [cca2=AW].translations.srp.common
Expected: Ð?Ñ€ÑƒÐ±Ð°
     got: ?????
 ; [cca2=AW].translations.srp.official
Expected: Ð?Ñ€ÑƒÐ±Ð°
     got: ?????
 ; [cca2=AW].translations.urd.common
Expected: Ø§Ø±ÙˆØ¨Ø§
     got: ?????
 ; [cca2=AW].translations.urd.official
Expected: Ø§Ø±ÙˆØ¨Ø§
     got: ?????
 ; [cca2=AW].translations.zho.common
Expected: é˜¿é²?å·´
     got: ???
 ; [cca2=AW].translations.zho.official
Expected: é˜¿é²?å·´
     got: ???
 ; [cca2=AX].currencies.EUR.symbol
Expected: â‚¬
     got: €
 ; [cca2=AX].demonyms.eng.f
Expected: Ã…landish
     got: Ålandish
 ; [cca2=AX].demonyms.eng.m
Expected: Ã…landish
     got: Ålandish
 ; [cca2=AX].demonyms.fra.f
Expected: Ã…landaise
     got: Ålandaise
 ; [cca2=AX].demonyms.fra.m
Expected: Ã…landais
     got: Ålandais
 ; [cca2=AX].flag
Expected: ðŸ‡¦ðŸ‡½
     got: ??
 ; [cca2=AX].name.common
Expected: Ã…land Islands
     got: Åland Islands
 ; [cca2=AX].name.nativeName.swe.common
Expected: Ã…land
     got: Åland
 ; [cca2=AX].name.nativeName.swe.official
Expected: Landskapet Ã…land
     got: Landskapet Åland
 ; [cca2=AX].name.official
Expected: Ã…land Islands
     got: Åland Islands
 ; [cca2=AX].translations.ara.common
Expected: Ø¬Ø²Ø± Ø£ÙˆÙ„Ø§Ù†Ø¯
     got: ??? ??????
 ; [cca2=AX].translations.ara.official
Expected: Ø¬Ø²Ø± Ø£ÙˆÙ„Ø§Ù†Ø¯
     got: ??? ??????
 ; [cca2=AX].translations.bre.common
Expected: Ã…land
     got: Åland
 ; [cca2=AX].translations.bre.official
Expected: Inizi Ã…land
     got: Inizi Åland
 ; [cca2=AX].translations.ces.common
Expected: Ã…landy
     got: Ålandy
 ; [cca2=AX].translations.ces.official
Expected: Ã…landskÃ© ostrovy
     got: Ålandské ostrovy
 ; [cca2=AX].translations.cym.common
Expected: Ã…land Islands
     got: Åland Islands
 ; [cca2=AX].translations.cym.official
Expected: Ã…land Islands
     got: Åland Islands
 ; [cca2=AX].translations.deu.common
Expected: Ã…land
     got: Åland
 ; [cca2=AX].translations.deu.official
Expected: Ã…land-Inseln
     got: Åland-Inseln
 ; [cca2=AX].translations.hrv.common
Expected: Ã…landski otoci
     got: Ålandski otoci
 ; [cca2=AX].translations.hun.common
Expected: Ã…land-szigetek
     got: Åland-szigetek
 ; [cca2=AX].translations.hun.official
Expected: Ã…land-szigetek
     got: Åland-szigetek
 ; [cca2=AX].translations.ita.official
Expected: Isole Ã…land
     got: Isole Åland
 ; [cca2=AX].translations.jpn.common
Expected: ã‚ªãƒ¼ãƒ©ãƒ³ãƒ‰è«¸å³¶
     got: ???????
 ; [cca2=AX].translations.jpn.official
Expected: ã‚ªãƒ¼ãƒ©ãƒ³ãƒ‰è«¸å³¶
     got: ???????
 ; [cca2=AX].translations.kor.common
Expected: ì˜¬ëž€ë“œ ì œë?„
     got: ??? ??
 ; [cca2=AX].translations.kor.official
Expected: ì˜¬ëž€ë“œ ì œë?„
     got: ??? ??
 ; [cca2=AX].translations.nld.common
Expected: Ã…landeilanden
     got: Ålandeilanden
 ; [cca2=AX].translations.nld.official
Expected: Ã…land eilanden
     got: Åland eilanden
 ; [cca2=AX].translations.per.common
Expected: Ø¬Ø²Ø§ÛŒØ± Ø§Ù„Ù†Ø¯
     got: ????? ????
 ; [cca2=AX].translations.per.official
Expected: Ø¬Ø²Ø§ÛŒØ± Ø§Ù„Ù†Ø¯
     got: ????? ????
 ; [cca2=AX].translations.por.common
Expected: AlÃ¢ndia
     got: Alândia
 ; [cca2=AX].translations.por.official
Expected: Ilhas Ã…land
     got: Ilhas Åland
 ; [cca2=AX].translations.rus.common
Expected: Ð?Ð»Ð°Ð½Ð´Ñ?ÐºÐ¸Ðµ Ð¾Ñ?Ñ‚Ñ€Ð¾Ð²Ð°
     got: ????????? ???????
 ; [cca2=AX].translations.rus.official
Expected: Ð?Ð»Ð°Ð½Ð´Ñ?ÐºÐ¸Ðµ Ð¾Ñ?Ñ‚Ñ€Ð¾Ð²Ð°
     got: ????????? ???????
 ; [cca2=AX].translations.slk.official
Expected: AlandskÃ© ostrovy
     got: Alandské ostrovy
 ; [cca2=AX].translations.spa.official
Expected: Islas Ã…land
     got: Islas Åland
 ; [cca2=AX].translations.srp.common
Expected: ÐžÐ»Ð°Ð½Ð´Ñ?ÐºÐ° ÐžÑ?Ñ‚Ñ€Ð²Ð°
     got: ???????? ??????
 ; [cca2=AX].translations.srp.official
Expected: ÐžÐ»Ð°Ð½Ð´Ñ?ÐºÐ° ÐžÑ?Ñ‚Ñ€Ð²Ð°
     got: ???????? ??????
 ; [cca2=AX].translations.swe.common
Expected: Ã…land
     got: Åland
 ; [cca2=AX].translations.swe.official
Expected: Ã…land
     got: Åland
 ; [cca2=AX].translations.tur.common
Expected: Ã…land
     got: Åland
 ; [cca2=AX].translations.tur.official
Expected: Ã…land AdalarÄ±
     got: Åland Adalar?
 ; [cca2=AX].translations.urd.common
Expected: Ø¬Ø²Ø§Ø¦Ø± Ø§ÙˆÙ„Ù†Ø¯
     got: ????? ?????
 ; [cca2=AX].translations.urd.official
Expected: Ø¬Ø²Ø§Ø¦Ø± Ø§ÙˆÙ„Ù†Ø¯
     got: ????? ?????
 ; [cca2=AX].translations.zho.common
Expected: å¥¥å…°ç¾¤å²›
     got: ????
 ; [cca2=AX].translations.zho.official
Expected: å¥¥å…°ç¾¤å²›
     got: ????
 ; [cca2=AZ].altSpellings[]
Expected: AzÉ™rbaycan RespublikasÄ±
     but none found
 ; [cca2=AZ].altSpellings[]
Unexpected: Az?rbaycan Respublikas?
 ; [cca2=AZ].currencies.AZN.symbol
Expected: â‚¼
     got: ?
 ; [cca2=AZ].demonyms.fra.f
Expected: AzerbaÃ¯djanaise
     got: Azerbaïdjanaise
 ; [cca2=AZ].demonyms.fra.m
Expected: AzerbaÃ¯djanais
     got: Azerbaïdjanais
 ; [cca2=AZ].flag
Expected: ðŸ‡¦ðŸ‡¿
     got: ??
 ; [cca2=AZ].name.nativeName.aze.common
Expected: AzÉ™rbaycan
     got: Az?rbaycan
 ; [cca2=AZ].name.nativeName.aze.official
Expected: AzÉ™rbaycan RespublikasÄ±
     got: Az?rbaycan Respublikas?
 ; [cca2=AZ].translations.ara.common
Expected: Ø£Ø°Ø±Ø¨ÙŠØ¬Ø§Ù†
     got: ????????
 ; [cca2=AZ].translations.ara.official
Expected: Ø¬Ù…Ù‡ÙˆØ±ÙŠØ© Ø£Ø°Ø±Ø¨ÙŠØ¬Ø§Ù†
     got: ??????? ????????
 ; [cca2=AZ].translations.ces.common
Expected: Ã?zerbÃ¡jdÅ¾Ã¡n
     got: Ázerbájdžán
 ; [cca2=AZ].translations.ces.official
Expected: Ã?zerbÃ¡jdÅ¾Ã¡nskÃ¡ republika
     got: Ázerbájdžánská republika
 ; [cca2=AZ].translations.est.common
Expected: AserbaidÅ¾aan
     got: Aserbaidžaan
 ; [cca2=AZ].translations.est.official
Expected: AserbaidÅ¾aani Vabariik
     got: Aserbaidžaani Vabariik
 ; [cca2=AZ].translations.fra.common
Expected: AzerbaÃ¯djan
     got: Azerbaïdjan
 ; [cca2=AZ].translations.fra.official
Expected: RÃ©publique d&#039;AzerbaÃ¯djan
     got: République d&#039;Azerbaïdjan
 ; [cca2=AZ].translations.hrv.common
Expected: AzerbajdÅ¾an
     got: Azerbajdžan
 ; [cca2=AZ].translations.hrv.official
Expected: Republika AzerbajdÅ¾an
     got: Republika Azerbajdžan
 ; [cca2=AZ].translations.hun.common
Expected: AzerbajdzsÃ¡n
     got: Azerbajdzsán
 ; [cca2=AZ].translations.hun.official
Expected: AzerbajdzsÃ¡n
     got: Azerbajdzsán
 ; [cca2=AZ].translations.jpn.common
Expected: ã‚¢ã‚¼ãƒ«ãƒ?ã‚¤ã‚¸ãƒ£ãƒ³
     got: ????????
 ; [cca2=AZ].translations.jpn.official
Expected: ã‚¢ã‚¼ãƒ«ãƒ?ã‚¤ã‚¸ãƒ£ãƒ³å…±å’Œå›½
     got: ???????????
 ; [cca2=AZ].translations.kor.common
Expected: ì•„ì œë¥´ë°”ì?´ìž”
     got: ??????
 ; [cca2=AZ].translations.kor.official
Expected: ì•„ì œë¥´ë°”ì?´ìž” ê³µí™”êµ­
     got: ?????? ???
 ; [cca2=AZ].translations.per.common
Expected: Ø¬Ù…Ù‡ÙˆØ±ÛŒ Ø¢Ø°Ø±Ø¨Ø§ÛŒØ¬Ø§Ù†
     got: ?????? ?????????
 ; [cca2=AZ].translations.per.official
Expected: Ø¬Ù…Ù‡ÙˆØ±ÛŒ Ø¢Ø°Ø±Ø¨Ø§ÛŒØ¬Ø§Ù†
     got: ?????? ?????????
 ; [cca2=AZ].translations.pol.common
Expected: AzerbejdÅ¼an
     got: Azerbejd?an
 ; [cca2=AZ].translations.pol.official
Expected: Republika AzerbejdÅ¼anu
     got: Republika Azerbejd?anu
 ; [cca2=AZ].translations.por.common
Expected: AzerbeijÃ£o
     got: Azerbeijão
 ; [cca2=AZ].translations.por.official
Expected: RepÃºblica do AzerbaijÃ£o
     got: República do Azerbaijão
 ; [cca2=AZ].translations.rus.common
Expected: Ð?Ð·ÐµÑ€Ð±Ð°Ð¹Ð´Ð¶Ð°Ð½
     got: ???????????
 ; [cca2=AZ].translations.rus.official
Expected: Ð?Ð·ÐµÑ€Ð±Ð°Ð¹Ð´Ð¶Ð°Ð½Ñ?ÐºÐ°Ñ? Ð ÐµÑ?Ð¿ÑƒÐ±Ð»Ð¸ÐºÐ°
     got: ??????????????? ??????????
 ; [cca2=AZ].translations.slk.common
Expected: AzerbajÇ‡an
     got: Azerbaj?an
 ; [cca2=AZ].translations.slk.official
Expected: AzerbajÇ†anskÃ¡ republika
     got: Azerbaj?anská republika
 ; [cca2=AZ].translations.spa.common
Expected: AzerbaiyÃ¡n
     got: Azerbaiyán
 ; [cca2=AZ].translations.spa.official
Expected: RepÃºblica de AzerbaiyÃ¡n
     got: República de Azerbaiyán
 ; [cca2=AZ].translations.srp.common
Expected: Ð?Ð·ÐµÑ€Ð±ÐµÑ˜ÑŸÐ°Ð½
     got: ??????????
 ; [cca2=AZ].translations.srp.official
Expected: Ð?Ð·ÐµÑ€Ð±ÐµÑ˜ÑŸÐ°Ð½Ñ?ÐºÐ° Ð ÐµÐ¿ÑƒÐ±Ð»Ð¸ÐºÐ°
     got: ????????????? ?????????
 ; [cca2=AZ].translations.urd.common
Expected: Ø¢Ø°Ø±Ø¨Ø§Ø¦ÛŒØ¬Ø§Ù†
     got: ??????????
 ; [cca2=AZ].translations.urd.official
Expected: Ø¬Ù…Û?ÙˆØ±ÛŒÛ? Ø¢Ø°Ø±Ø¨Ø§Ø¦ÛŒØ¬Ø§Ù†
     got: ??????? ??????????
 ; [cca2=AZ].translations.zho.common
Expected: é˜¿å¡žæ‹œç–†
     got: ????
 ; [cca2=AZ].translations.zho.official
Expected: é˜¿å¡žæ‹œç–†å…±å’Œå›½
     got: ???????
 ; [cca2=RO].altSpellings[]
Expected: RomÃ¢nia
     but none found
 ; [cca2=RO].altSpellings[]
Unexpected: România
 ; [cca2=RO].flag
Expected: ðŸ‡·ðŸ‡´
     got: ??
 ; [cca2=RO].name.nativeName.ron.common
Expected: RomÃ¢nia
     got: România
 ; [cca2=RO].name.nativeName.ron.official
Expected: RomÃ¢nia
     got: România
 ; [cca2=RO].translations.ara.common
Expected: Ø±ÙˆÙ…Ø§Ù†ÙŠØ§
     got: ???????
 ; [cca2=RO].translations.ara.official
Expected: Ø±ÙˆÙ…Ø§Ù†ÙŠØ§
     got: ???????
 ; [cca2=RO].translations.deu.common
Expected: RumÃ¤nien
     got: Rumänien
 ; [cca2=RO].translations.deu.official
Expected: RumÃ¤nien
     got: Rumänien
 ; [cca2=RO].translations.hun.common
Expected: RomÃ¡nia
     got: Románia
 ; [cca2=RO].translations.hun.official
Expected: RomÃ¡nia
     got: Románia
 ; [cca2=RO].translations.jpn.common
Expected: ãƒ«ãƒ¼ãƒžãƒ‹ã‚¢
     got: ?????
 ; [cca2=RO].translations.jpn.official
Expected: ãƒ«ãƒ¼ãƒžãƒ‹ã‚¢
     got: ?????
 ; [cca2=RO].translations.kor.common
Expected: ë£¨ë§ˆë‹ˆì•„
     got: ????
 ; [cca2=RO].translations.kor.official
Expected: ë£¨ë§ˆë‹ˆì•„
     got: ????
 ; [cca2=RO].translations.nld.common
Expected: RoemeniÃ«
     got: Roemenië
 ; [cca2=RO].translations.nld.official
Expected: RoemeniÃ«
     got: Roemenië
 ; [cca2=RO].translations.per.common
Expected: Ø±ÙˆÙ…Ø§Ù†ÛŒ
     got: ??????
 ; [cca2=RO].translations.per.official
Expected: Ø±ÙˆÙ…Ø§Ù†ÛŒ
     got: ??????
 ; [cca2=RO].translations.por.common
Expected: RomÃ©nia
     got: Roménia
 ; [cca2=RO].translations.por.official
Expected: RomÃªnia
     got: Romênia
 ; [cca2=RO].translations.rus.common
Expected: Ð ÑƒÐ¼Ñ‹Ð½Ð¸Ñ?
     got: ???????
 ; [cca2=RO].translations.rus.official
Expected: Ð ÑƒÐ¼Ñ‹Ð½Ð¸Ñ?
     got: ???????
 ; [cca2=RO].translations.srp.common
Expected: Ð ÑƒÐ¼ÑƒÐ½Ð¸Ñ˜Ð°
     got: ????????
 ; [cca2=RO].translations.srp.official
Expected: Ð ÑƒÐ¼ÑƒÐ½Ð¸Ñ˜Ð°
     got: ????????
 ; [cca2=RO].translations.swe.common
Expected: RumÃ¤nien
     got: Rumänien
 ; [cca2=RO].translations.swe.official
Expected: RumÃ¤nien
     got: Rumänien
 ; [cca2=RO].translations.urd.common
Expected: Ø±ÙˆÙ…Ø§Ù†ÛŒÛ?
     got: ???????
 ; [cca2=RO].translations.urd.official
Expected: Ø±ÙˆÙ…Ø§Ù†ÛŒÛ?
     got: ???????
 ; [cca2=RO].translations.zho.common
Expected: ç½—é©¬å°¼äºš
     got: ????
 ; [cca2=RO].translations.zho.official
Expected: ç½—é©¬å°¼äºš
     got: ????
 ; [cca2=BA].altSpellings[]
Expected: Ð‘Ð¾Ñ?Ð½Ð° Ð¸ Ð¥ÐµÑ€Ñ†ÐµÐ³Ð¾Ð²Ð¸Ð½Ð°
     but none found
 ; [cca2=BA].altSpellings[]
Unexpected: ????? ? ???????????
 ; [cca2=BA].flag
Expected: ðŸ‡§ðŸ‡¦
     got: ??
 ; [cca2=BA].name.nativeName.srp.common
Expected: Ð‘Ð¾Ñ?Ð½Ð° Ð¸ Ð¥ÐµÑ€Ñ†ÐµÐ³Ð¾Ð²Ð¸Ð½Ð°
     got: ????? ? ???????????
 ; [cca2=BA].name.nativeName.srp.official
Expected: Ð‘Ð¾Ñ?Ð½Ð° Ð¸ Ð¥ÐµÑ€Ñ†ÐµÐ³Ð¾Ð²Ð¸Ð½Ð°
     got: ????? ? ???????????
 ; [cca2=BA].translations.ara.common
Expected: Ø§Ù„Ø¨ÙˆØ³Ù†Ø© ÙˆØ§Ù„Ù‡Ø±Ø³Ùƒ
     got: ??????? ???????
 ; [cca2=BA].translations.ara.official
Expected: Ø¬Ù…Ù‡ÙˆØ±ÙŠØ© Ø§Ù„Ø¨ÙˆØ³Ù†Ø© ÙˆØ§Ù„Ù‡Ø±Ø³Ùƒ
     got: ??????? ??????? ???????
 ; [cca2=BA].translations.fra.common
Expected: Bosnie-HerzÃ©govine
     got: Bosnie-Herzégovine
 ; [cca2=BA].translations.fra.official
Expected: Bosnie-et-HerzÃ©govine
     got: Bosnie-et-Herzégovine
 ; [cca2=BA].translations.jpn.common
Expected: ãƒœã‚¹ãƒ‹ã‚¢ãƒ»ãƒ˜ãƒ«ãƒ„ã‚§ã‚´ãƒ“ãƒŠ
     got: ????????????
 ; [cca2=BA].translations.jpn.official
Expected: ãƒœã‚¹ãƒ‹ã‚¢Â·ãƒ˜ãƒ«ãƒ„ã‚§ã‚´ãƒ“ãƒŠ
     got: ????·???????
 ; [cca2=BA].translations.kor.common
Expected: ë³´ìŠ¤ë‹ˆì•„ í—¤ë¥´ì²´ê³ ë¹„ë‚˜
     got: ???? ??????
 ; [cca2=BA].translations.kor.official
Expected: ë³´ìŠ¤ë‹ˆì•„ í—¤ë¥´ì²´ê³ ë¹„ë‚˜
     got: ???? ??????
 ; [cca2=BA].translations.nld.common
Expected: BosniÃ« en Herzegovina
     got: Bosnië en Herzegovina
 ; [cca2=BA].translations.nld.official
Expected: BosniÃ«-Herzegovina
     got: Bosnië-Herzegovina
 ; [cca2=BA].translations.per.common
Expected: Ø¨ÙˆØ³Ù†ÛŒ Ùˆ Ù‡Ø±Ø²Ú¯ÙˆÛŒÙ†
     got: ????? ? ???????
 ; [cca2=BA].translations.per.official
Expected: Ø¨ÙˆØ³Ù†ÛŒ Ùˆ Ù‡Ø±Ø²Ú¯ÙˆÛŒÙ†
     got: ????? ? ???????
 ; [cca2=BA].translations.pol.common
Expected: BoÅ›nia i Hercegowina
     got: Bo?nia i Hercegowina
 ; [cca2=BA].translations.pol.official
Expected: BoÅ›nia i Hercegowina
     got: Bo?nia i Hercegowina
 ; [cca2=BA].translations.por.common
Expected: BÃ³snia e Herzegovina
     got: Bósnia e Herzegovina
 ; [cca2=BA].translations.por.official
Expected: BÃ³snia e Herzegovina
     got: Bósnia e Herzegovina
 ; [cca2=BA].translations.rus.common
Expected: Ð‘Ð¾Ñ?Ð½Ð¸Ñ? Ð¸ Ð“ÐµÑ€Ñ†ÐµÐ³Ð¾Ð²Ð¸Ð½Ð°
     got: ?????? ? ???????????
 ; [cca2=BA].translations.rus.official
Expected: Ð‘Ð¾Ñ?Ð½Ð¸Ñ? Ð¸ Ð“ÐµÑ€Ñ†ÐµÐ³Ð¾Ð²Ð¸Ð½Ð°
     got: ?????? ? ???????????
 ; [cca2=BA].translations.srp.common
Expected: Ð‘Ð¾Ñ?Ð½Ð° Ð¸ Ð¥ÐµÑ€Ñ†ÐµÐ³Ð¾Ð²Ð¸Ð½Ð°
     got: ????? ? ???????????
 ; [cca2=BA].translations.srp.official
Expected: Ð‘Ð¾Ñ?Ð½Ð° Ð¸ Ð¥ÐµÑ€Ñ†ÐµÐ³Ð¾Ð²Ð¸Ð½Ð°
     got: ????? ? ???????????
 ; [cca2=BA].translations.urd.common
Expected: Ø¨ÙˆØ³Ù†ÛŒØ§ Ùˆ Û?Ø±Ø²ÛŒÚ¯ÙˆÙˆÛŒÙ†Ø§
     got: ?????? ? ??????????
 ; [cca2=BA].translations.urd.official
Expected: Ø¨ÙˆØ³Ù†ÛŒØ§ Ùˆ Û?Ø±Ø²ÛŒÚ¯ÙˆÙˆÛŒÙ†Ø§
     got: ?????? ? ??????????
 ; [cca2=BA].translations.zho.common
Expected: æ³¢æ–¯å°¼äºšå’Œé»‘å¡žå“¥ç»´é‚£
     got: ??????????
 ; [cca2=BA].translations.zho.official
Expected: æ³¢æ–¯å°¼äºšå’Œé»‘å¡žå“¥ç»´é‚£
     got: ??????????
 ; [cca2=BB].flag
Expected: ðŸ‡§ðŸ‡§
     got: ??
 ; [cca2=BB].translations.ara.common
Expected: Ø¨Ø§Ø±Ø¨Ø§Ø¯ÙˆØ³
     got: ????????
 ; [cca2=BB].translations.ara.official
Expected: Ø¨Ø§Ø±Ø¨Ø§Ø¯ÙˆØ³
     got: ????????
 ; [cca2=BB].translations.jpn.common
Expected: ãƒ?ãƒ«ãƒ?ãƒ‰ã‚¹
     got: ?????
 ; [cca2=BB].translations.jpn.official
Expected: ãƒ?ãƒ«ãƒ?ãƒ‰ã‚¹
     got: ?????
 ; [cca2=BB].translations.kor.common
Expected: ë°”ë² ì?´ë?„ìŠ¤
     got: ?????
 ; [cca2=BB].translations.kor.official
Expected: ë°”ë² ì?´ë?„ìŠ¤
     got: ?????
 ; [cca2=BB].translations.per.common
Expected: Ø¨Ø§Ø±Ø¨Ø§Ø¯ÙˆØ³
     got: ????????
 ; [cca2=BB].translations.per.official
Expected: Ø¨Ø§Ø±Ø¨Ø§Ø¯ÙˆØ³
     got: ????????
 ; [cca2=BB].translations.rus.common
Expected: Ð‘Ð°Ñ€Ð±Ð°Ð´Ð¾Ñ?
     got: ????????
 ; [cca2=BB].translations.rus.official
Expected: Ð‘Ð°Ñ€Ð±Ð°Ð´Ð¾Ñ?
     got: ????????
 ; [cca2=BB].translations.srp.common
Expected: Ð‘Ð°Ñ€Ð±Ð°Ð´Ð¾Ñ?
     got: ????????
 ; [cca2=BB].translations.srp.official
Expected: Ð‘Ð°Ñ€Ð±Ð°Ð´Ð¾Ñ?
     got: ????????
 ; [cca2=BB].translations.urd.common
Expected: Ø¨Ø§Ø±Ø¨Ø§ÚˆÙˆØ³
     got: ????????
 ; [cca2=BB].translations.urd.official
Expected: Ø¨Ø§Ø±Ø¨Ø§ÚˆÙˆØ³
     got: ????????
 ; [cca2=BB].translations.zho.common
Expected: å·´å·´å¤šæ–¯
     got: ????
 ; [cca2=BB].translations.zho.official
Expected: å·´å·´å¤šæ–¯
     got: ????
 ; [cca2=RS].altSpellings[]
Expected: Ð ÐµÐ¿ÑƒÐ±Ð»Ð¸ÐºÐ° Ð¡Ñ€Ð±Ð¸Ñ˜Ð°
     but none found
 ; [cca2=RS].altSpellings[]
Unexpected: ????????? ??????
 ; [cca2=RS].currencies.RSD.symbol
Expected: Ð´Ð¸Ð½.
     got: ???.
 ; [cca2=RS].flag
Expected: ðŸ‡·ðŸ‡¸
     got: ??
 ; [cca2=RS].name.nativeName.srp.common
Expected: Ð¡Ñ€Ð±Ð¸Ñ˜Ð°
     got: ??????
 ; [cca2=RS].name.nativeName.srp.official
Expected: Ð ÐµÐ¿ÑƒÐ±Ð»Ð¸ÐºÐ° Ð¡Ñ€Ð±Ð¸Ñ˜Ð°
     got: ????????? ??????
 ; [cca2=RS].tld[]
Expected: .Ñ?Ñ€Ð±
     but none found
 ; [cca2=RS].tld[]
Unexpected: .???
 ; [cca2=RS].translations.ara.common
Expected: ØµÙŠØ±Ø¨ÙŠØ§
     got: ??????
 ; [cca2=RS].translations.ara.official
Expected: Ø¬Ù…Ù‡ÙˆØ±ÙŠØ© ØµÙŠØ±Ø¨ÙŠØ§
     got: ??????? ??????
 ; [cca2=RS].translations.ces.official
Expected: SrbskÃ¡ republika
     got: Srbská republika
 ; [cca2=RS].translations.fra.official
Expected: RÃ©publique de Serbie
     got: République de Serbie
 ; [cca2=RS].translations.hun.official
Expected: Szerb KÃ¶ztÃ¡rsasÃ¡g
     got: Szerb Köztársaság
 ; [cca2=RS].translations.jpn.common
Expected: ã‚»ãƒ«ãƒ“ã‚¢
     got: ????
 ; [cca2=RS].translations.jpn.official
Expected: ã‚»ãƒ«ãƒ“ã‚¢å…±å’Œå›½
     got: ???????
 ; [cca2=RS].translations.kor.common
Expected: ì„¸ë¥´ë¹„ì•„
     got: ????
 ; [cca2=RS].translations.kor.official
Expected: ì„¸ë¥´ë¹„ì•„ ê³µí™”êµ­
     got: ???? ???
 ; [cca2=RS].translations.nld.common
Expected: ServiÃ«
     got: Servië
 ; [cca2=RS].translations.nld.official
Expected: Republiek ServiÃ«
     got: Republiek Servië
 ; [cca2=RS].translations.per.common
Expected: ØµØ±Ø¨Ø³ØªØ§Ù†
     got: ???????
 ; [cca2=RS].translations.per.official
Expected: Ø¬Ù…Ù‡ÙˆØ±ÛŒ ØµØ±Ø¨Ø³ØªØ§Ù†
     got: ?????? ???????
 ; [cca2=RS].translations.por.common
Expected: SÃ©rvia
     got: Sérvia
 ; [cca2=RS].translations.por.official
Expected: RepÃºblica da SÃ©rvia
     got: República da Sérvia
 ; [cca2=RS].translations.rus.common
Expected: Ð¡ÐµÑ€Ð±Ð¸Ñ?
     got: ??????
 ; [cca2=RS].translations.rus.official
Expected: Ð ÐµÑ?Ð¿ÑƒÐ±Ð»Ð¸ÐºÐ° Ð¡ÐµÑ€Ð±Ð¸Ñ?
     got: ?????????? ??????
 ; [cca2=RS].translations.slk.official
Expected: SrbskÃ¡ republika
     got: Srbská republika
 ; [cca2=RS].translations.spa.official
Expected: RepÃºblica de Serbia
     got: República de Serbia
 ; [cca2=RS].translations.srp.common
Expected: Ð¡Ñ€Ð±Ð¸Ñ˜Ð°
     got: ??????
 ; [cca2=RS].translations.srp.official
Expected: Ð ÐµÐ¿ÑƒÐ±Ð»Ð¸ÐºÐ° Ð¡Ñ€Ð±Ð¸Ñ˜Ð°
     got: ????????? ??????
 ; [cca2=RS].translations.tur.common
Expected: SÄ±rbistan
     got: S?rbistan
 ; [cca2=RS].translations.tur.official
Expected: SÄ±rbistan Cumhuriyeti
     got: S?rbistan Cumhuriyeti
 ; [cca2=RS].translations.urd.common
Expected: Ø³Ø±Ø¨ÛŒØ§
     got: ?????
 ; [cca2=RS].translations.urd.official
Expected: Ø¬Ù…Û?ÙˆØ±ÛŒÛ? Ø³Ø±Ø¨ÛŒØ§
     got: ??????? ?????
 ; [cca2=RS].translations.zho.common
Expected: å¡žå°”ç»´äºš
     got: ????
 ; [cca2=RS].translations.zho.official
Expected: å¡žå°”ç»´äºšå…±å’Œå›½
     got: ???????
 ; [cca2=BD].altSpellings[]
Expected: GÃ´nÃ´prÃ´jatÃ´ntri Bangladesh
     but none found
 ; [cca2=BD].altSpellings[]
Unexpected: Gônôprôjatôntri Bangladesh
 ; [cca2=BD].currencies.BDT.symbol
Expected: à§³
     got: ?
 ; [cca2=BD].flag
Expected: ðŸ‡§ðŸ‡©
     got: ??
 ; [cca2=BD].name.nativeName.ben.common
Expected: à¦¬à¦¾à¦‚à¦²à¦¾à¦¦à§‡à¦¶
     got: ????????
 ; [cca2=BD].name.nativeName.ben.official
Expected: à¦¬à¦¾à¦‚à¦²à¦¾à¦¦à§‡à¦¶ à¦—à¦£à¦ªà§?à¦°à¦œà¦¾à¦¤à¦¨à§?à¦¤à§?à¦°à§€
     got: ???????? ??????????????
 ; [cca2=BD].translations.ara.common
Expected: Ø¨Ù†ØºÙ„Ø§Ø¯ÙŠØ´
     got: ????????
 ; [cca2=BD].translations.ara.official
Expected: Ø¬Ù…Ù‡ÙˆØ±ÙŠØ© Ø¨Ù†ØºÙ„Ø§Ø¯ÙŠØ´ Ø§Ù„Ø´Ø¹Ø¨ÙŠØ©
     got: ??????? ???????? ???????
 ; [cca2=BD].translations.ces.common
Expected: BangladÃ©Å¡
     got: Bangladéš
 ; [cca2=BD].translations.ces.official
Expected: BangladÃ©Å¡skÃ¡ lidovÃ¡ republika
     got: Bangladéšská lidová republika
 ; [cca2=BD].translations.fra.official
Expected: La RÃ©publique populaire du Bangladesh
     got: La République populaire du Bangladesh
 ; [cca2=BD].translations.hrv.common
Expected: BangladeÅ¡
     got: Bangladeš
 ; [cca2=BD].translations.hrv.official
Expected: Narodna Republika BangladeÅ¡
     got: Narodna Republika Bangladeš
 ; [cca2=BD].translations.jpn.common
Expected: ãƒ?ãƒ³ã‚°ãƒ©ãƒ‡ã‚·ãƒ¥
     got: ???????
 ; [cca2=BD].translations.jpn.official
Expected: ãƒ?ãƒ³ã‚°ãƒ©ãƒ‡ã‚·ãƒ¥äººæ°‘å…±å’Œå›½
     got: ????????????
 ; [cca2=BD].translations.kor.common
Expected: ë°©ê¸€ë?¼ë?°ì‹œ
     got: ?????
 ; [cca2=BD].translations.kor.official
Expected: ë°©ê¸€ë?¼ë?°ì‹œ ì?¸ë¯¼ ê³µí™”êµ­
     got: ????? ?? ???
 ; [cca2=BD].translations.per.common
Expected: Ø¨Ù†Ú¯Ù„Ø§Ø¯Ø´
     got: ???????
 ; [cca2=BD].translations.per.official
Expected: Ø¬Ù…Ù‡ÙˆØ±ÛŒ Ø®Ù„Ù‚ Ø¨Ù†Ú¯Ù„Ø§Ø¯Ø´
     got: ?????? ??? ???????
 ; [cca2=BD].translations.por.official
Expected: RepÃºblica Popular do Bangladesh
     got: República Popular do Bangladesh
 ; [cca2=BD].translations.rus.common
Expected: Ð‘Ð°Ð½Ð³Ð»Ð°Ð´ÐµÑˆ
     got: ?????????
 ; [cca2=BD].translations.rus.official
Expected: Ð?Ð°Ñ€Ð¾Ð´Ð½Ð°Ñ? Ð ÐµÑ?Ð¿ÑƒÐ±Ð»Ð¸ÐºÐ° Ð‘Ð°Ð½Ð³Ð»Ð°Ð´ÐµÑˆ
     got: ???????? ?????????? ?????????
 ; [cca2=BD].translations.slk.common
Expected: BangladÃ©Å¡
     got: Bangladéš
 ; [cca2=BD].translations.slk.official
Expected: BangladÃ©Å¡ska Ä¾udovÃ¡ republika
     got: Bangladéšska ?udová republika
 ; [cca2=BD].translations.spa.official
Expected: RepÃºblica Popular de Bangladesh
     got: República Popular de Bangladesh
 ; [cca2=BD].translations.srp.common
Expected: Ð‘Ð°Ð½Ð³Ð»Ð°Ð´ÐµÑˆ
     got: ?????????
 ; [cca2=BD].translations.srp.official
Expected: Ð?Ð°Ñ€Ð¾Ð´Ð½Ð° Ð ÐµÐ¿ÑƒÐ±Ð»Ð¸ÐºÐ° Ð‘Ð°Ð½Ð³Ð»Ð°Ð´ÐµÑˆ
     got: ??????? ????????? ?????????
 ; [cca2=BD].translations.tur.common
Expected: BangladeÅŸ
     got: Banglade?
 ; [cca2=BD].translations.tur.official
Expected: BangladeÅŸ Halk Cumhuriyeti
     got: Banglade? Halk Cumhuriyeti
 ; [cca2=BD].translations.urd.common
Expected: Ø¨Ù†Ú¯Ù„Û? Ø¯ÛŒØ´
     got: ????? ???
 ; [cca2=BD].translations.urd.official
Expected: Ø¹ÙˆØ§Ù…ÛŒ Ø¬Ù…Û?ÙˆØ±ÛŒÛ? Ø¨Ù†Ú¯Ù„Û? Ø¯ÛŒØ´
     got: ????? ??????? ????? ???
 ; [cca2=BD].translations.zho.common
Expected: å­ŸåŠ æ‹‰å›½
     got: ????
 ; [cca2=BD].translations.zho.official
Expected: å­ŸåŠ æ‹‰äººæ°‘å…±å’Œå›½
     got: ????????
 ; [cca2=RU].altSpellings[]
Expected: Ð Ð¾Ñ?Ñ?Ð¸Ð¹Ñ?ÐºÐ°Ñ? Ð¤ÐµÐ´ÐµÑ€Ð°Ñ†Ð¸Ñ?
     but none found
 ; [cca2=RU].altSpellings[]
Unexpected: ?????????? ?????????
 ; [cca2=RU].currencies.RUB.symbol
Expected: â‚½
     got: ?
 ; [cca2=RU].flag
Expected: ðŸ‡·ðŸ‡º
     got: ??
 ; [cca2=RU].name.nativeName.rus.common
Expected: Ð Ð¾Ñ?Ñ?Ð¸Ñ?
     got: ??????
 ; [cca2=RU].name.nativeName.rus.official
Expected: Ð Ð¾Ñ?Ñ?Ð¸Ð¹Ñ?ÐºÐ°Ñ? Ð¤ÐµÐ´ÐµÑ€Ð°Ñ†Ð¸Ñ?
     got: ?????????? ?????????
 ; [cca2=RU].tld[]
Expected: .Ñ€Ñ„
     but none found
 ; [cca2=RU].tld[]
Unexpected: .??
 ; [cca2=RU].translations.ara.common
Expected: Ø±ÙˆØ³ÙŠØ§
     got: ?????
 ; [cca2=RU].translations.ara.official
Expected: Ø±ÙˆØ³ÙŠØ§ Ø§Ù„Ø§ØªØ­Ø§Ø¯ÙŠØ©
     got: ????? ?????????
 ; [cca2=RU].translations.ces.official
Expected: RuskÃ¡ federace
     got: Ruská federace
 ; [cca2=RU].translations.deu.official
Expected: Russische FÃ¶deration
     got: Russische Föderation
 ; [cca2=RU].translations.est.official
Expected: Venemaa FÃ¶deratsioon
     got: Venemaa Föderatsioon
 ; [cca2=RU].translations.fin.common
Expected: VenÃ¤jÃ¤
     got: Venäjä
 ; [cca2=RU].translations.fin.official
Expected: VenÃ¤jÃ¤n federaatio
     got: Venäjän federaatio
 ; [cca2=RU].translations.fra.official
Expected: FÃ©dÃ©ration de Russie
     got: Fédération de Russie
 ; [cca2=RU].translations.hun.common
Expected: OroszorszÃ¡g
     got: Oroszország
 ; [cca2=RU].translations.hun.official
Expected: OroszorszÃ¡gi FÃ¶derÃ¡ciÃ³
     got: Oroszországi Föderáció
 ; [cca2=RU].translations.jpn.common
Expected: ãƒ­ã‚·ã‚¢é€£é‚¦
     got: ?????
 ; [cca2=RU].translations.jpn.official
Expected: ãƒ­ã‚·ã‚¢é€£é‚¦
     got: ?????
 ; [cca2=RU].translations.kor.common
Expected: ëŸ¬ì‹œì•„
     got: ???
 ; [cca2=RU].translations.kor.official
Expected: ëŸ¬ì‹œì•„ ì—°ë°©
     got: ??? ??
 ; [cca2=RU].translations.per.common
Expected: Ø±ÙˆØ³ÛŒÙ‡
     got: ?????
 ; [cca2=RU].translations.per.official
Expected: Ù?Ø¯Ø±Ø§Ø³ÛŒÙˆÙ† Ø±ÙˆØ³ÛŒÙ‡
     got: ???????? ?????
 ; [cca2=RU].translations.por.common
Expected: RÃºssia
     got: Rússia
 ; [cca2=RU].translations.por.official
Expected: FederaÃ§Ã£o Russa
     got: Federação Russa
 ; [cca2=RU].translations.rus.common
Expected: Ð Ð¾Ñ?Ñ?Ð¸Ñ?
     got: ??????
 ; [cca2=RU].translations.rus.official
Expected: Ð Ð¾Ñ?Ñ?Ð¸Ð¹Ñ?ÐºÐ°Ñ? Ð¤ÐµÐ´ÐµÑ€Ð°Ñ†Ð¸Ñ?
     got: ?????????? ?????????
 ; [cca2=RU].translations.slk.official
Expected: RuskÃ¡ federÃ¡cia
     got: Ruská federácia
 ; [cca2=RU].translations.spa.official
Expected: FederaciÃ³n de Rusia
     got: Federación de Rusia
 ; [cca2=RU].translations.srp.common
Expected: Ð ÑƒÑ?Ð¸Ñ˜Ð°
     got: ??????
 ; [cca2=RU].translations.srp.official
Expected: Ð ÑƒÑ?ÐºÐ° Ð¤ÐµÐ´ÐµÑ€Ð°Ñ†Ð¸Ñ˜Ð°
     got: ????? ??????????
 ; [cca2=RU].translations.urd.common
Expected: Ø±ÙˆØ³
     got: ???
 ; [cca2=RU].translations.urd.official
Expected: Ø±ÙˆØ³ÛŒ ÙˆÙ?Ø§Ù‚
     got: ???? ????
 ; [cca2=RU].translations.zho.common
Expected: ä¿„ç½—æ–¯
     got: ???
 ; [cca2=RU].translations.zho.official
Expected: ä¿„ç½—æ–¯è?”é‚¦
     got: ?????
 ; [cca2=BE].altSpellings[]
Expected: KÃ¶nigreich Belgien
     but none found
 ; [cca2=BE].altSpellings[]
Expected: BelgiÃ«
     but none found
 ; [cca2=BE].altSpellings[]
Expected: Koninkrijk BelgiÃ«
     but none found
 ; [cca2=BE].altSpellings[]
Unexpected: België
 ; [cca2=BE].altSpellings[]
Unexpected: Königreich Belgien
 ; [cca2=BE].altSpellings[]
Unexpected: Koninkrijk België
 ; [cca2=BE].currencies.EUR.symbol
Expected: â‚¬
     got: €
 ; [cca2=BE].flag
Expected: ðŸ‡§ðŸ‡ª
     got: ??
 ; [cca2=BE].name.nativeName.deu.official
Expected: KÃ¶nigreich Belgien
     got: Königreich Belgien
 ; [cca2=BE].name.nativeName.nld.common
Expected: BelgiÃ«
     got: België
 ; [cca2=BE].name.nativeName.nld.official
Expected: Koninkrijk BelgiÃ«
     got: Koninkrijk België
 ; [cca2=BE].translations.ara.common
Expected: Ø¨Ù„Ø¬ÙŠÙƒØ§
     got: ??????
 ; [cca2=BE].translations.ara.official
Expected: Ù…Ù…Ù„ÙƒØ© Ø¨Ù„Ø¬ÙŠÙƒØ§
     got: ????? ??????
 ; [cca2=BE].translations.ces.official
Expected: BelgickÃ© krÃ¡lovstvÃ­
     got: Belgické království
 ; [cca2=BE].translations.deu.official
Expected: KÃ¶nigreich Belgien
     got: Königreich Belgien
 ; [cca2=BE].translations.hun.official
Expected: Belga KirÃ¡lysÃ¡g
     got: Belga Királyság
 ; [cca2=BE].translations.jpn.common
Expected: ãƒ™ãƒ«ã‚®ãƒ¼
     got: ????
 ; [cca2=BE].translations.jpn.official
Expected: ãƒ™ãƒ«ã‚®ãƒ¼çŽ‹å›½
     got: ??????
 ; [cca2=BE].translations.kor.common
Expected: ë²¨ê¸°ì—?
     got: ???
 ; [cca2=BE].translations.kor.official
Expected: ë²¨ê¸°ì—? ì™•êµ­
     got: ??? ??
 ; [cca2=BE].translations.nld.common
Expected: BelgiÃ«
     got: België
 ; [cca2=BE].translations.nld.official
Expected: Koninkrijk BelgiÃ«
     got: Koninkrijk België
 ; [cca2=BE].translations.per.common
Expected: Ø¨Ù„Ú˜ÛŒÚ©
     got: ?????
 ; [cca2=BE].translations.per.official
Expected: Ù¾Ø§Ø¯Ø´Ø§Ù‡ÛŒ Ø¨Ù„Ú˜ÛŒÚ©
     got: ??????? ?????
 ; [cca2=BE].translations.pol.official
Expected: KrÃ³lestwo Belgii
     got: Królestwo Belgii
 ; [cca2=BE].translations.por.common
Expected: BÃ©lgica
     got: Bélgica
 ; [cca2=BE].translations.por.official
Expected: Reino da BÃ©lgica
     got: Reino da Bélgica
 ; [cca2=BE].translations.rus.common
Expected: Ð‘ÐµÐ»ÑŒÐ³Ð¸Ñ?
     got: ???????
 ; [cca2=BE].translations.rus.official
Expected: ÐšÐ¾Ñ€Ð¾Ð»ÐµÐ²Ñ?Ñ‚Ð²Ð¾ Ð‘ÐµÐ»ÑŒÐ³Ð¸Ñ?
     got: ??????????? ???????
 ; [cca2=BE].translations.slk.official
Expected: BelgickÃ© krÃ¡Ä¾ovstvo
     got: Belgické krá?ovstvo
 ; [cca2=BE].translations.spa.common
Expected: BÃ©lgica
     got: Bélgica
 ; [cca2=BE].translations.spa.official
Expected: Reino de BÃ©lgica
     got: Reino de Bélgica
 ; [cca2=BE].translations.srp.common
Expected: Ð‘ÐµÐ»Ð³Ð¸Ñ˜Ð°
     got: ???????
 ; [cca2=BE].translations.srp.official
Expected: ÐšÑ€Ð°Ñ™ÐµÐ²Ð¸Ð½Ð° Ð‘ÐµÐ»Ð³Ð¸Ñ˜Ð°
     got: ????????? ???????
 ; [cca2=BE].translations.tur.common
Expected: BelÄŸika
     got: Bel?ika
 ; [cca2=BE].translations.tur.official
Expected: BelÃ§ika KrallÄ±ÄŸÄ±
     got: Belçika Krall???
 ; [cca2=BE].translations.urd.common
Expected: Ø¨Ù„Ø¬Ø¦ÛŒÙ…
     got: ??????
 ; [cca2=BE].translations.urd.official
Expected: Ù…Ù…Ù„Ú©ØªÙ? Ø¨Ù„Ø¬Ø¦ÛŒÙ…
     got: ?????? ??????
 ; [cca2=BE].translations.zho.common
Expected: æ¯”åˆ©æ—¶
     got: ???
 ; [cca2=BE].translations.zho.official
Expected: æ¯”åˆ©æ—¶çŽ‹å›½
     got: ?????
 ; [cca2=BF].demonyms.fra.f
Expected: BurkinabÃ©e
     got: Burkinabée
 ; [cca2=BF].demonyms.fra.m
Expected: BurkinabÃ©
     got: Burkinabé
 ; [cca2=BF].flag
Expected: ðŸ‡§ðŸ‡«
     got: ??
 ; [cca2=BF].name.nativeName.fra.official
Expected: RÃ©publique du Burkina
     got: République du Burkina
 ; [cca2=BF].translations.ara.common
Expected: Ø¨ÙˆØ±ÙƒÙŠÙ†Ø§ Ù?Ø§Ø³Ùˆ
     got: ??????? ????
 ; [cca2=BF].translations.ara.official
Expected: Ø¨ÙˆØ±ÙƒÙŠÙ†Ø§ Ù?Ø§Ø³Ùˆ
     got: ??????? ????
 ; [cca2=BF].translations.fra.official
Expected: RÃ©publique du Burkina
     got: République du Burkina
 ; [cca2=BF].translations.jpn.common
Expected: ãƒ–ãƒ«ã‚­ãƒŠãƒ•ã‚¡ã‚½
     got: ???????
 ; [cca2=BF].translations.jpn.official
Expected: ãƒ–ãƒ«ã‚­ãƒŠãƒ•ã‚¡ã‚½
     got: ???????
 ; [cca2=BF].translations.kor.common
Expected: ë¶€ë¥´í‚¤ë‚˜íŒŒì†Œ
     got: ??????
 ; [cca2=BF].translations.kor.official
Expected: ë¶€ë¥´í‚¤ë‚˜íŒŒì†Œ
     got: ??????
 ; [cca2=BF].translations.per.common
Expected: Ø¨ÙˆØ±Ú©ÛŒÙ†Ø§Ù?Ø§Ø³Ùˆ
     got: ???????????
 ; [cca2=BF].translations.per.official
Expected: Ø¨ÙˆØ±Ú©ÛŒÙ†Ø§Ù?Ø§Ø³Ùˆ
     got: ???????????
 ; [cca2=BF].translations.rus.common
Expected: Ð‘ÑƒÑ€ÐºÐ¸Ð½Ð°-Ð¤Ð°Ñ?Ð¾
     got: ???????-????
 ; [cca2=BF].translations.rus.official
Expected: Ð‘ÑƒÑ€ÐºÐ¸Ð½Ð° -Ð¤Ð°Ñ?Ð¾
     got: ??????? -????
 ; [cca2=BF].translations.srp.common
Expected: Ð‘ÑƒÑ€ÐºÐ¸Ð½Ð° Ð¤Ð°Ñ?Ð¾
     got: ??????? ????
 ; [cca2=BF].translations.srp.official
Expected: Ð‘ÑƒÑ€ÐºÐ¸Ð½Ð° Ð¤Ð°Ñ?Ð¾
     got: ??????? ????
 ; [cca2=BF].translations.urd.common
Expected: Ø¨Ø±Ú©ÛŒÙ†Ø§ Ù?Ø§Ø³Ùˆ
     got: ?????? ????
 ; [cca2=BF].translations.urd.official
Expected: Ø¨Ø±Ú©ÛŒÙ†Ø§ Ù?Ø§Ø³Ùˆ
     got: ?????? ????
 ; [cca2=BF].translations.zho.common
Expected: å¸ƒåŸºçº³æ³•ç´¢
     got: ?????
 ; [cca2=BF].translations.zho.official
Expected: å¸ƒåŸºçº³æ³•ç´¢
     got: ?????
 ; [cca2=BG].altSpellings[]
Expected: Ð ÐµÐ¿ÑƒÐ±Ð»Ð¸ÐºÐ° Ð‘ÑŠÐ»Ð³Ð°Ñ€Ð¸Ñ?
     but none found
 ; [cca2=BG].altSpellings[]
Unexpected: ????????? ????????
 ; [cca2=BG].currencies.BGN.symbol
Expected: Ð»Ð²
     got: ??
 ; [cca2=BG].flag
Expected: ðŸ‡§ðŸ‡¬
     got: ??
 ; [cca2=BG].name.nativeName.bul.common
Expected: Ð‘ÑŠÐ»Ð³Ð°Ñ€Ð¸Ñ?
     got: ????????
 ; [cca2=BG].name.nativeName.bul.official
Expected: Ð ÐµÐ¿ÑƒÐ±Ð»Ð¸ÐºÐ° Ð‘ÑŠÐ»Ð³Ð°Ñ€Ð¸Ñ?
     got: ????????? ????????
 ; [cca2=BG].translations.ara.common
Expected: Ø¨Ù„ØºØ§Ø±ÙŠØ§
     got: ???????
 ; [cca2=BG].translations.ara.official
Expected: Ø¬Ù…Ù‡ÙˆØ±ÙŠØ© Ø¨Ù„ØºØ§Ø±ÙŠØ§
     got: ??????? ???????
 ; [cca2=BG].translations.ces.official
Expected: BulharskÃ¡ republika
     got: Bulharská republika
 ; [cca2=BG].translations.fra.official
Expected: RÃ©publique de Bulgarie
     got: République de Bulgarie
 ; [cca2=BG].translations.hun.common
Expected: BulgÃ¡ria
     got: Bulgária
 ; [cca2=BG].translations.hun.official
Expected: BolgÃ¡r KÃ¶ztÃ¡rsasÃ¡g
     got: Bolgár Köztársaság
 ; [cca2=BG].translations.jpn.common
Expected: ãƒ–ãƒ«ã‚¬ãƒªã‚¢
     got: ?????
 ; [cca2=BG].translations.jpn.official
Expected: ãƒ–ãƒ«ã‚¬ãƒªã‚¢å…±å’Œå›½
     got: ????????
 ; [cca2=BG].translations.kor.common
Expected: ë¶ˆê°€ë¦¬ì•„
     got: ????
 ; [cca2=BG].translations.kor.official
Expected: ë¶ˆê°€ë¦¬ì•„ ê³µí™”êµ­
     got: ???? ???
 ; [cca2=BG].translations.per.common
Expected: Ø¨Ù„ØºØ§Ø±Ø³ØªØ§Ù†
     got: ?????????
 ; [cca2=BG].translations.per.official
Expected: Ø¬Ù…Ù‡ÙˆØ±ÛŒ Ø¨Ù„ØºØ§Ø±Ø³ØªØ§Ù†
     got: ?????? ?????????
 ; [cca2=BG].translations.pol.common
Expected: BuÅ‚garia
     got: Bu?garia
 ; [cca2=BG].translations.pol.official
Expected: Republika BuÅ‚garii
     got: Republika Bu?garii
 ; [cca2=BG].translations.por.common
Expected: BulgÃ¡ria
     got: Bulgária
 ; [cca2=BG].translations.por.official
Expected: RepÃºblica da BulgÃ¡ria
     got: República da Bulgária
 ; [cca2=BG].translations.rus.common
Expected: Ð‘Ð¾Ð»Ð³Ð°Ñ€Ð¸Ñ?
     got: ????????
 ; [cca2=BG].translations.rus.official
Expected: Ð ÐµÑ?Ð¿ÑƒÐ±Ð»Ð¸ÐºÐ° Ð‘Ð¾Ð»Ð³Ð°Ñ€Ð¸Ñ?
     got: ?????????? ????????
 ; [cca2=BG].translations.slk.official
Expected: BulharskÃ¡ republika
     got: Bulharská republika
 ; [cca2=BG].translations.spa.official
Expected: RepÃºblica de Bulgaria
     got: República de Bulgaria
 ; [cca2=BG].translations.srp.common
Expected: Ð‘ÑƒÐ³Ð°Ñ€Ñ?ÐºÐ°
     got: ????????
 ; [cca2=BG].translations.srp.official
Expected: Ð ÐµÐ¿ÑƒÐ±Ð»Ð¸ÐºÐ° Ð‘ÑƒÐ³Ð°Ñ€Ñ?ÐºÐ°
     got: ????????? ????????
 ; [cca2=BG].translations.urd.common
Expected: Ø¨Ù„ØºØ§Ø±ÛŒÛ?
     got: ???????
 ; [cca2=BG].translations.urd.official
Expected: Ø¬Ù…Û?ÙˆØ±ÛŒÛ? Ø¨Ù„ØºØ§Ø±ÛŒÛ?
     got: ??????? ???????
 ; [cca2=BG].translations.zho.common
Expected: ä¿?åŠ åˆ©äºš
     got: ????
 ; [cca2=BG].translations.zho.official
Expected: ä¿?åŠ åˆ©äºšå…±å’Œå›½
     got: ???????
 ; [cca2=RW].altSpellings[]
Expected: RÃ©publique du Rwanda
     but none found
 ; [cca2=RW].altSpellings[]
Unexpected: République du Rwanda
 ; [cca2=RW].flag
Expected: ðŸ‡·ðŸ‡¼
     got: ??
 ; [cca2=RW].name.nativeName.fra.official
Expected: RÃ©publique rwandaise
     got: République rwandaise
 ; [cca2=RW].translations.ara.common
Expected: Ø±ÙˆØ§Ù†Ø¯Ø§
     got: ??????
 ; [cca2=RW].translations.ara.official
Expected: Ø¬Ù…Ù‡ÙˆØ±ÙŠØ© Ø±ÙˆØ§Ù†Ø¯Ø§
     got: ??????? ??????
 ; [cca2=RW].translations.ces.official
Expected: RwandskÃ¡ republika
     got: Rwandská republika
 ; [cca2=RW].translations.fra.official
Expected: RÃ©publique rwandaise
     got: République rwandaise
 ; [cca2=RW].translations.hun.official
Expected: Ruandai KÃ¶ztÃ¡rsasÃ¡g
     got: Ruandai Köztársaság
 ; [cca2=RW].translations.jpn.common
Expected: ãƒ«ãƒ¯ãƒ³ãƒ€
     got: ????
 ; [cca2=RW].translations.jpn.official
Expected: ãƒ«ãƒ¯ãƒ³ãƒ€å…±å’Œå›½
     got: ???????
 ; [cca2=RW].translations.kor.common
Expected: ë¥´ì™„ë‹¤
     got: ???
 ; [cca2=RW].translations.kor.official
Expected: ë¥´ì™„ë‹¤ ê³µí™”êµ­
     got: ??? ???
 ; [cca2=RW].translations.per.common
Expected: Ø±ÙˆØ§Ù†Ø¯Ø§
     got: ??????
 ; [cca2=RW].translations.per.official
Expected: Ø¬Ù…Ù‡ÙˆØ±ÛŒ Ø±ÙˆØ§Ù†Ø¯Ø§
     got: ?????? ??????
 ; [cca2=RW].translations.por.official
Expected: RepÃºblica do Ruanda
     got: República do Ruanda
 ; [cca2=RW].translations.rus.common
Expected: Ð ÑƒÐ°Ð½Ð´Ð°
     got: ??????
 ; [cca2=RW].translations.rus.official
Expected: Ð ÐµÑ?Ð¿ÑƒÐ±Ð»Ð¸ÐºÐ° Ð ÑƒÐ°Ð½Ð´Ð°
     got: ?????????? ??????
 ; [cca2=RW].translations.slk.official
Expected: RwandskÃ¡ republika
     got: Rwandská republika
 ; [cca2=RW].translations.spa.official
Expected: RepÃºblica de Rwanda
     got: República de Rwanda
 ; [cca2=RW].translations.srp.common
Expected: Ð ÑƒÐ°Ð½Ð´Ð°
     got: ??????
 ; [cca2=RW].translations.srp.official
Expected: Ð ÐµÐ¿ÑƒÐ±Ð»Ð¸ÐºÐ° Ð ÑƒÐ°Ð½Ð´Ð°
     got: ????????? ??????
 ; [cca2=RW].translations.urd.common
Expected: Ø±ÙˆØ§Ù†ÚˆØ§
     got: ??????
 ; [cca2=RW].translations.urd.official
Expected: Ø¬Ù…Û?ÙˆØ±ÛŒÛ? Ø±ÙˆØ§Ù†ÚˆØ§
     got: ??????? ??????
 ; [cca2=RW].translations.zho.common
Expected: å?¢æ—ºè¾¾
     got: ???
 ; [cca2=RW].translations.zho.official
Expected: å?¢æ—ºè¾¾å…±å’Œå›½
     got: ??????
 ; [cca2=BH].altSpellings[]
Expected: Mamlakat al-Baá¸¥rayn
     but none found
 ; [cca2=BH].altSpellings[]
Unexpected: Mamlakat al-Ba?rayn
 ; [cca2=BH].currencies.BHD.symbol
Expected: .Ø¯.Ø¨
     got: .?.?
 ; [cca2=BH].demonyms.fra.f
Expected: BahreÃ¯nienne
     got: Bahreïnienne
 ; [cca2=BH].demonyms.fra.m
Expected: BahreÃ¯nien
     got: Bahreïnien
 ; [cca2=BH].flag
Expected: ðŸ‡§ðŸ‡­
     got: ??
 ; [cca2=BH].name.nativeName.ara.common
Expected: â€?Ø§Ù„Ø¨Ø­Ø±ÙŠÙ†
     got: ????????
 ; [cca2=BH].name.nativeName.ara.official
Expected: Ù…Ù…Ù„ÙƒØ© Ø§Ù„Ø¨Ø­Ø±ÙŠÙ†
     got: ????? ???????
 ; [cca2=BH].translations.ara.common
Expected: â€?Ø§Ù„Ø¨Ø­Ø±ÙŠÙ†
     got: ????????
 ; [cca2=BH].translations.ara.official
Expected: Ù…Ù…Ù„ÙƒØ© Ø§Ù„Ø¨Ø­Ø±ÙŠÙ†
     got: ????? ???????
 ; [cca2=BH].translations.ces.official
Expected: KrÃ¡lovstvÃ­ Bahrajn
     got: Království Bahrajn
 ; [cca2=BH].translations.deu.official
Expected: KÃ¶nigreich Bahrain
     got: Königreich Bahrain
 ; [cca2=BH].translations.fra.common
Expected: BahreÃ¯n
     got: Bahreïn
 ; [cca2=BH].translations.fra.official
Expected: Royaume de BahreÃ¯n
     got: Royaume de Bahreïn
 ; [cca2=BH].translations.hun.official
Expected: Bahreini KirÃ¡lysÃ¡g
     got: Bahreini Királyság
 ; [cca2=BH].translations.jpn.common
Expected: ãƒ?ãƒ¼ãƒ¬ãƒ¼ãƒ³
     got: ?????
 ; [cca2=BH].translations.jpn.official
Expected: ãƒ?ãƒ¼ãƒ¬ãƒ¼ãƒ³çŽ‹å›½
     got: ???????
 ; [cca2=BH].translations.kor.common
Expected: ë°”ë ˆì?¸
     got: ???
 ; [cca2=BH].translations.kor.official
Expected: ë°”ë ˆì?¸ ì™•êµ­
     got: ??? ??
 ; [cca2=BH].translations.per.common
Expected: Ø¨Ø­Ø±ÛŒÙ†
     got: ?????
 ; [cca2=BH].translations.per.official
Expected: Ù¾Ø§Ø¯Ø´Ø§Ù‡ÛŒ Ø¨Ø­Ø±ÛŒÙ†
     got: ??????? ?????
 ; [cca2=BH].translations.pol.official
Expected: KrÃ³lestwo Bahrajnu
     got: Królestwo Bahrajnu
 ; [cca2=BH].translations.rus.common
Expected: Ð‘Ð°Ñ…Ñ€ÐµÐ¹Ð½
     got: ???????
 ; [cca2=BH].translations.rus.official
Expected: ÐšÐ¾Ñ€Ð¾Ð»ÐµÐ²Ñ?Ñ‚Ð²Ð¾ Ð‘Ð°Ñ…Ñ€ÐµÐ¹Ð½
     got: ??????????? ???????
 ; [cca2=BH].translations.slk.official
Expected: BahrajnskÃ© krÃ¡Ä¾ovstvo
     got: Bahrajnské krá?ovstvo
 ; [cca2=BH].translations.srp.common
Expected: Ð‘Ð°Ñ…Ñ€ÐµÐ¸Ð½
     got: ???????
 ; [cca2=BH].translations.srp.official
Expected: ÐšÑ€Ð°Ñ™ÐµÐ²Ð¸Ð½Ð° Ð‘Ð°Ñ…Ñ€ÐµÐ¸Ð½
     got: ????????? ???????
 ; [cca2=BH].translations.tur.official
Expected: Bahreyn KrallÄ±ÄŸÄ±
     got: Bahreyn Krall???
 ; [cca2=BH].translations.urd.common
Expected: Ø¨Ø­Ø±ÛŒÙ†
     got: ?????
 ; [cca2=BH].translations.urd.official
Expected: Ù…Ù…Ù„Ú©ØªÙ? Ø¨Ø­Ø±ÛŒÙ†
     got: ?????? ?????
 ; [cca2=BH].translations.zho.common
Expected: å·´æž—
     got: ??
 ; [cca2=BH].translations.zho.official
Expected: å·´æž—çŽ‹å›½
     got: ????
 ; [cca2=BI].altSpellings[]
Expected: RÃ©publique du Burundi
     but none found
 ; [cca2=BI].altSpellings[]
Unexpected: République du Burundi
 ; [cca2=BI].flag
Expected: ðŸ‡§ðŸ‡®
     got: ??
 ; [cca2=BI].name.nativeName.fra.official
Expected: RÃ©publique du Burundi
     got: République du Burundi
 ; [cca2=BI].translations.ara.common
Expected: Ø¨ÙˆØ±ÙˆÙ†Ø¯ÙŠ
     got: ???????
 ; [cca2=BI].translations.ara.official
Expected: Ø¬Ù…Ù‡ÙˆØ±ÙŠØ© Ø¨ÙˆØ±ÙˆÙ†Ø¯ÙŠ
     got: ??????? ???????
 ; [cca2=BI].translations.ces.official
Expected: BurundskÃ¡ republika
     got: Burundská republika
 ; [cca2=BI].translations.fra.official
Expected: RÃ©publique du Burundi
     got: République du Burundi
 ; [cca2=BI].translations.jpn.common
Expected: ãƒ–ãƒ«ãƒ³ã‚¸
     got: ????
 ; [cca2=BI].translations.jpn.official
Expected: ãƒ–ãƒ«ãƒ³ã‚¸å…±å’Œå›½
     got: ???????
 ; [cca2=BI].translations.kor.common
Expected: ë¶€ë£¬ë””
     got: ???
 ; [cca2=BI].translations.kor.official
Expected: ë¶€ë£¬ë””
     got: ???
 ; [cca2=BI].translations.per.common
Expected: Ø¨ÙˆØ±ÙˆÙ†Ø¯ÛŒ
     got: ???????
 ; [cca2=BI].translations.per.official
Expected: Ø¬Ù…Ù‡ÙˆØ±ÛŒ Ø¨ÙˆØ±ÙˆÙ†Ø¯ÛŒ
     got: ?????? ???????
 ; [cca2=BI].translations.por.official
Expected: RepÃºblica do Burundi
     got: República do Burundi
 ; [cca2=BI].translations.rus.common
Expected: Ð‘ÑƒÑ€ÑƒÐ½Ð´Ð¸
     got: ???????
 ; [cca2=BI].translations.rus.official
Expected: Ð ÐµÑ?Ð¿ÑƒÐ±Ð»Ð¸ÐºÐ° Ð‘ÑƒÑ€ÑƒÐ½Ð´Ð¸
     got: ?????????? ???????
 ; [cca2=BI].translations.slk.official
Expected: BurundskÃ¡ republika
     got: Burundská republika
 ; [cca2=BI].translations.spa.official
Expected: RepÃºblica de Burundi
     got: República de Burundi
 ; [cca2=BI].translations.srp.common
Expected: Ð‘ÑƒÑ€ÑƒÐ½Ð´Ð¸
     got: ???????
 ; [cca2=BI].translations.srp.official
Expected: Ð ÐµÐ¿ÑƒÐ±Ð»Ð¸ÐºÐ° Ð‘ÑƒÑ€ÑƒÐ½Ð´Ð¸
     got: ????????? ???????
 ; [cca2=BI].translations.urd.common
Expected: Ø¨Ø±ÙˆÙ†ÚˆÛŒ
     got: ??????
 ; [cca2=BI].translations.urd.official
Expected: Ø¬Ù…Û?ÙˆØ±ÛŒÛ? Ø¨Ø±ÙˆÙ†ÚˆÛŒ
     got: ??????? ??????
 ; [cca2=BI].translations.zho.common
Expected: å¸ƒéš†è¿ª
     got: ???
 ; [cca2=BI].translations.zho.official
Expected: å¸ƒéš†è¿ªå…±å’Œå›½
     got: ??????
 ; [cca2=BJ].altSpellings[]
Expected: RÃ©publique du BÃ©nin
     but none found
 ; [cca2=BJ].altSpellings[]
Unexpected: République du Bénin
 ; [cca2=BJ].demonyms.fra.f
Expected: BÃ©ninoise
     got: Béninoise
 ; [cca2=BJ].demonyms.fra.m
Expected: BÃ©ninois
     got: Béninois
 ; [cca2=BJ].flag
Expected: ðŸ‡§ðŸ‡¯
     got: ??
 ; [cca2=BJ].name.nativeName.fra.common
Expected: BÃ©nin
     got: Bénin
 ; [cca2=BJ].name.nativeName.fra.official
Expected: RÃ©publique du BÃ©nin
     got: République du Bénin
 ; [cca2=BJ].translations.ara.common
Expected: Ø¨Ù†ÙŠÙ†
     got: ????
 ; [cca2=BJ].translations.ara.official
Expected: Ø¬Ù…Ù‡ÙˆØ±ÙŠØ© Ø¨Ù†ÙŠÙ†
     got: ??????? ????
 ; [cca2=BJ].translations.ces.official
Expected: BeninskÃ¡ republika
     got: Beninská republika
 ; [cca2=BJ].translations.fra.common
Expected: BÃ©nin
     got: Bénin
 ; [cca2=BJ].translations.fra.official
Expected: RÃ©publique du BÃ©nin
     got: République du Bénin
 ; [cca2=BJ].translations.hun.official
Expected: Benini KÃ¶ztÃ¡rsasÃ¡g
     got: Benini Köztársaság
 ; [cca2=BJ].translations.jpn.common
Expected: ãƒ™ãƒŠãƒ³
     got: ???
 ; [cca2=BJ].translations.jpn.official
Expected: ãƒ™ãƒŠãƒ³å…±å’Œå›½
     got: ??????
 ; [cca2=BJ].translations.kor.common
Expected: ë² ëƒ‰
     got: ??
 ; [cca2=BJ].translations.kor.official
Expected: ë² ëƒ‰ ê³µí™”êµ­
     got: ?? ???
 ; [cca2=BJ].translations.per.common
Expected: Ø¨Ù†ÛŒÙ†
     got: ????
 ; [cca2=BJ].translations.per.official
Expected: Ø¬Ù…Ù‡ÙˆØ±ÛŒ Ø¨Ù†ÛŒÙ†
     got: ?????? ????
 ; [cca2=BJ].translations.por.official
Expected: RepÃºblica do Benin
     got: República do Benin
 ; [cca2=BJ].translations.rus.common
Expected: Ð‘ÐµÐ½Ð¸Ð½
     got: ?????
 ; [cca2=BJ].translations.rus.official
Expected: Ð ÐµÑ?Ð¿ÑƒÐ±Ð»Ð¸ÐºÐ° Ð‘ÐµÐ½Ð¸Ð½
     got: ?????????? ?????
 ; [cca2=BJ].translations.slk.official
Expected: BeninskÃ¡ republika
     got: Beninská republika
 ; [cca2=BJ].translations.spa.common
Expected: BenÃ­n
     got: Benín
 ; [cca2=BJ].translations.spa.official
Expected: RepÃºblica de Benin
     got: República de Benin
 ; [cca2=BJ].translations.srp.common
Expected: Ð‘ÐµÐ½Ð¸Ð½
     got: ?????
 ; [cca2=BJ].translations.srp.official
Expected: Ð ÐµÐ¿ÑƒÐ±Ð»Ð¸ÐºÐ° Ð‘ÐµÐ½Ð¸Ð½
     got: ????????? ?????
 ; [cca2=BJ].translations.urd.common
Expected: Ø¨ÛŒÙ†Ù†
     got: ????
 ; [cca2=BJ].translations.urd.official
Expected: Ø¬Ù…Û?ÙˆØ±ÛŒÛ? Ø¨ÛŒÙ†Ù†
     got: ??????? ????
 ; [cca2=BJ].translations.zho.common
Expected: è´?å®?
     got: ??
 ; [cca2=BJ].translations.zho.official
Expected: è´?å®?å…±å’Œå›½
     got: ?????
 ; [cca2=BL].altSpellings[]
Expected: Collectivity of Saint BarthÃ©lemy
     but none found
 ; [cca2=BL].altSpellings[]
Expected: CollectivitÃ© de Saint-BarthÃ©lemy
     but none found
 ; [cca2=BL].altSpellings[]
Unexpected: Collectivity of Saint Barthélemy
 ; [cca2=BL].altSpellings[]
Unexpected: Collectivité de Saint-Barthélemy
 ; [cca2=BL].currencies.EUR.symbol
Expected: â‚¬
     got: €
 ; [cca2=BL].demonyms.eng.f
Expected: Saint BarthÃ©lemy Islander
     got: Saint Barthélemy Islander
 ; [cca2=BL].demonyms.eng.m
Expected: Saint BarthÃ©lemy Islander
     got: Saint Barthélemy Islander
 ; [cca2=BL].demonyms.fra.f
Expected: BarthÃ©lomÃ©enne
     got: Barthéloméenne
 ; [cca2=BL].demonyms.fra.m
Expected: BarthÃ©lomÃ©en
     got: Barthéloméen
 ; [cca2=BL].flag
Expected: ðŸ‡§ðŸ‡±
     got: ??
 ; [cca2=BL].name.common
Expected: Saint BarthÃ©lemy
     got: Saint Barthélemy
 ; [cca2=BL].name.nativeName.fra.common
Expected: Saint-BarthÃ©lemy
     got: Saint-Barthélemy
 ; [cca2=BL].name.nativeName.fra.official
Expected: CollectivitÃ© de Saint-BarthÃ©lemy
     got: Collectivité de Saint-Barthélemy
 ; [cca2=BL].name.official
Expected: Collectivity of Saint BarthÃ©lemy
     got: Collectivity of Saint Barthélemy
 ; [cca2=BL].translations.ara.common
Expected: Ø³Ø§Ù† Ø¨Ø§Ø±ØªÙ„ÙŠÙ…ÙŠ
     got: ??? ????????
 ; [cca2=BL].translations.ara.official
Expected: Ø§Ù„ØªØ¬Ù…Ø¹ Ø§Ù„Ø¥Ù‚Ù„ÙŠÙ…ÙŠ Ù„Ø³Ø§Ù†Øª Ø¨Ø§Ø±ØªÙŠÙ„ÙŠÙ…ÙŠ
     got: ?????? ???????? ????? ?????????
 ; [cca2=BL].translations.bre.common
Expected: Saint-BarthÃ©lemy
     got: Saint-Barthélemy
 ; [cca2=BL].translations.bre.official
Expected: Saint-BarthÃ©lemy
     got: Saint-Barthélemy
 ; [cca2=BL].translations.ces.common
Expected: SvatÃ½ BartolomÄ›j
     got: Svatý Bartolom?j
 ; [cca2=BL].translations.ces.official
Expected: SvatÃ½ BartolomÄ›j
     got: Svatý Bartolom?j
 ; [cca2=BL].translations.cym.common
Expected: Saint BarthÃ©lemy
     got: Saint Barthélemy
 ; [cca2=BL].translations.cym.official
Expected: Collectivity of Saint BarthÃ©lemy
     got: Collectivity of Saint Barthélemy
 ; [cca2=BL].translations.deu.common
Expected: Saint-BarthÃ©lemy
     got: Saint-Barthélemy
 ; [cca2=BL].translations.deu.official
Expected: GebietskÃ¶rperschaft Saint-BarthÃ©lemy
     got: Gebietskörperschaft Saint-Barthélemy
 ; [cca2=BL].translations.est.common
Expected: Saint-BarthÃ©lemy
     got: Saint-Barthélemy
 ; [cca2=BL].translations.est.official
Expected: Saint-BarthÃ©lemy territoriaalÃ¼hendus
     got: Saint-Barthélemy territoriaalühendus
 ; [cca2=BL].translations.fin.common
Expected: Saint-BarthÃ©lemy
     got: Saint-Barthélemy
 ; [cca2=BL].translations.fin.official
Expected: Saint-BarthÃ©lemyn yhteisÃ¶
     got: Saint-Barthélemyn yhteisö
 ; [cca2=BL].translations.fra.common
Expected: Saint-BarthÃ©lemy
     got: Saint-Barthélemy
 ; [cca2=BL].translations.fra.official
Expected: CollectivitÃ© de Saint-BarthÃ©lemy
     got: Collectivité de Saint-Barthélemy
 ; [cca2=BL].translations.hrv.common
Expected: Saint BarthÃ©lemy
     got: Saint Barthélemy
 ; [cca2=BL].translations.hrv.official
Expected: Kolektivnost sv BarthÃ©lemy
     got: Kolektivnost sv Barthélemy
 ; [cca2=BL].translations.hun.common
Expected: Saint-BarthÃ©lemy
     got: Saint-Barthélemy
 ; [cca2=BL].translations.hun.official
Expected: Saint-BarthÃ©lemy
     got: Saint-Barthélemy
 ; [cca2=BL].translations.ita.official
Expected: CollettivitÃ  di Saint BarthÃ©lemy
     got: Collettività di Saint Barthélemy
 ; [cca2=BL].translations.jpn.common
Expected: ã‚µãƒ³ãƒ»ãƒ?ãƒ«ãƒ†ãƒ«ãƒŸãƒ¼
     got: ?????????
 ; [cca2=BL].translations.jpn.official
Expected: ã‚µãƒ³Â·ãƒ?ãƒ«ãƒ†ãƒ«ãƒŸãƒ¼å³¶ã?®é›†å?ˆä½“
     got: ??·???????????
 ; [cca2=BL].translations.kor.common
Expected: ìƒ?ë°”ë¥´í…”ë ˆë¯¸
     got: ??????
 ; [cca2=BL].translations.kor.official
Expected: ìƒ?ë°”ë¥´í…”ë ˆë¯¸
     got: ??????
 ; [cca2=BL].translations.nld.common
Expected: Saint BarthÃ©lemy
     got: Saint Barthélemy
 ; [cca2=BL].translations.nld.official
Expected: Gemeenschap Saint BarthÃ©lemy
     got: Gemeenschap Saint Barthélemy
 ; [cca2=BL].translations.per.common
Expected: Ø³Ù† Ø¨Ø§Ø±ØªÙ„Ù…ÛŒ
     got: ?? ???????
 ; [cca2=BL].translations.per.official
Expected: Ø³Ù† Ø¨Ø§Ø±ØªÙ„Ù…ÛŒ
     got: ?? ???????
 ; [cca2=BL].translations.pol.common
Expected: Saint-BarthÃ©lemy
     got: Saint-Barthélemy
 ; [cca2=BL].translations.pol.official
Expected: Saint-BarthÃ©lemy
     got: Saint-Barthélemy
 ; [cca2=BL].translations.por.common
Expected: SÃ£o Bartolomeu
     got: São Bartolomeu
 ; [cca2=BL].translations.por.official
Expected: Coletividade de Saint BarthÃ©lemy
     got: Coletividade de Saint Barthélemy
 ; [cca2=BL].translations.rus.common
Expected: Ð¡ÐµÐ½-Ð‘Ð°Ñ€Ñ‚ÐµÐ»ÐµÐ¼Ð¸
     got: ???-?????????
 ; [cca2=BL].translations.rus.official
Expected: ÐšÐ¾Ð»Ð»ÐµÐºÑ‚Ð¸Ð²Ð½Ð¾Ñ?Ñ‚ÑŒ Ð¡Ð°Ð½ÐºÑ‚ -Ð‘Ð°Ñ€Ñ‚ÐµÐ»ÑŒÐ¼Ð¸
     got: ?????????????? ????? -?????????
 ; [cca2=BL].translations.slk.common
Expected: SvÃ¤tÃ½ Bartolomej
     got: Svätý Bartolomej
 ; [cca2=BL].translations.slk.official
Expected: SvÃ¤tÃ½ Bartolomej
     got: Svätý Bartolomej
 ; [cca2=BL].translations.spa.common
Expected: San BartolomÃ©
     got: San Bartolomé
 ; [cca2=BL].translations.spa.official
Expected: Colectividad de San BarthÃ©lemy
     got: Colectividad de San Barthélemy
 ; [cca2=BL].translations.srp.common
Expected: Ð¢ÐµÑ€Ð¸Ñ‚Ð¾Ñ€Ð¸Ñ˜Ð°Ð»Ð½Ð¸ KÐ¾Ð»ÐµÐºÑ‚Ð¸Ð² Ð¡ÐµÐ½ Ð‘Ð°Ñ€Ñ‚ÐµÐ»ÐµÐ¼Ð¸
     got: ????????????? K??????? ??? ?????????
 ; [cca2=BL].translations.srp.official
Expected: Ð¡ÐµÐ½ Ð‘Ð°Ñ€Ñ‚ÐµÐ»ÐµÐ¼Ð¸
     got: ??? ?????????
 ; [cca2=BL].translations.swe.common
Expected: Saint-BarthÃ©lemy
     got: Saint-Barthélemy
 ; [cca2=BL].translations.swe.official
Expected: Saint-BarthÃ©lemy
     got: Saint-Barthélemy
 ; [cca2=BL].translations.tur.common
Expected: Saint BarthÃ©lemy
     got: Saint Barthélemy
 ; [cca2=BL].translations.tur.official
Expected: Saint BarthÃ©lemy
     got: Saint Barthélemy
 ; [cca2=BL].translations.urd.common
Expected: Ø³ÛŒÙ†Ù¹ Ø¨Ø§Ø±ØªÚ¾ÛŒÙ…Ù„Û’
     got: ???? ?????????
 ; [cca2=BL].translations.urd.official
Expected: Ø³ÛŒÙ†Ù¹ Ø¨Ø§Ø±ØªÚ¾ÛŒÙ…Ù„Û’
     got: ???? ?????????
 ; [cca2=BL].translations.zho.common
Expected: åœ£å·´æ³°å‹’ç±³
     got: ?????
 ; [cca2=BL].translations.zho.official
Expected: åœ£å·´æ³°å‹’ç±³é›†ä½“
     got: ???????
 ; [cca2=BM].flag
Expected: ðŸ‡§ðŸ‡²
     got: ??
 ; [cca2=BM].translations.ara.common
Expected: Ø¨Ø±Ù…ÙˆØ¯Ø§
     got: ??????
 ; [cca2=BM].translations.ara.official
Expected: Ø¨Ø±Ù…ÙˆØ¯Ø§
     got: ??????
 ; [cca2=BM].translations.ces.official
Expected: BermudskÃ© ostrovy
     got: Bermudské ostrovy
 ; [cca2=BM].translations.jpn.common
Expected: ãƒ?ãƒŸãƒ¥ãƒ¼ãƒ€
     got: ?????
 ; [cca2=BM].translations.jpn.official
Expected: ãƒ?ãƒŸãƒ¥ãƒ¼ãƒ€
     got: ?????
 ; [cca2=BM].translations.kor.common
Expected: ë²„ë®¤ë‹¤
     got: ???
 ; [cca2=BM].translations.kor.official
Expected: ë²„ë®¤ë‹¤
     got: ???
 ; [cca2=BM].translations.per.common
Expected: Ø¨Ø±Ù…ÙˆØ¯Ø§
     got: ??????
 ; [cca2=BM].translations.per.official
Expected: Ø¬Ø²Ø§ÛŒØ± Ø¨Ø±Ù…ÙˆØ¯Ø§
     got: ????? ??????
 ; [cca2=BM].translations.rus.common
Expected: Ð‘ÐµÑ€Ð¼ÑƒÐ´Ñ?ÐºÐ¸Ðµ ÐžÑ?Ñ‚Ñ€Ð¾Ð²Ð°
     got: ?????????? ???????
 ; [cca2=BM].translations.rus.official
Expected: Ð‘ÐµÑ€Ð¼ÑƒÐ´Ñ?ÐºÐ¸Ðµ Ð¾Ñ?Ñ‚Ñ€Ð¾Ð²Ð°
     got: ?????????? ???????
 ; [cca2=BM].translations.srp.common
Expected: Ð‘ÐµÑ€Ð¼ÑƒÐ´Ð°
     got: ???????
 ; [cca2=BM].translations.srp.official
Expected: Ð‘ÐµÑ€Ð¼ÑƒÐ´Ð°
     got: ???????
 ; [cca2=BM].translations.urd.common
Expected: Ø¨Ø±Ù…ÙˆØ¯Ø§
     got: ??????
 ; [cca2=BM].translations.urd.official
Expected: Ø¨Ø±Ù…ÙˆØ¯Ø§
     got: ??????
 ; [cca2=BM].translations.zho.common
Expected: ç™¾æ…•å¤§
     got: ???
 ; [cca2=BM].translations.zho.official
Expected: ç™¾æ…•å¤§
     got: ???
 ; [cca2=BN].demonyms.fra.f
Expected: BrunÃ©ienne
     got: Brunéienne
 ; [cca2=BN].demonyms.fra.m
Expected: BrunÃ©ien
     got: Brunéien
 ; [cca2=BN].flag
Expected: ðŸ‡§ðŸ‡³
     got: ??
 ; [cca2=BN].translations.ara.common
Expected: Ø¨Ø±ÙˆÙ†Ø§ÙŠ
     got: ??????
 ; [cca2=BN].translations.ara.official
Expected: Ø¨Ø±ÙˆÙ†Ø§ÙŠ Ø¯Ø§Ø± Ø§Ù„Ø³Ù„Ø§Ù…
     got: ?????? ??? ??????
 ; [cca2=BN].translations.ces.official
Expected: SultanÃ¡t Brunej
     got: Sultanát Brunej
 ; [cca2=BN].translations.fra.official
Expected: Ã‰tat de Brunei Darussalam
     got: État de Brunei Darussalam
 ; [cca2=BN].translations.hrv.official
Expected: Nacija od Bruneja, KuÄ‡u Mira
     got: Nacija od Bruneja, Ku?u Mira
 ; [cca2=BN].translations.hun.official
Expected: Brunei SzultanÃ¡tus
     got: Brunei Szultanátus
 ; [cca2=BN].translations.jpn.common
Expected: ãƒ–ãƒ«ãƒ?ã‚¤ãƒ»ãƒ€ãƒ«ã‚µãƒ©ãƒ¼ãƒ 
     got: ???????????
 ; [cca2=BN].translations.jpn.official
Expected: ãƒ–ãƒ«ãƒ?ã‚¤ã€?å¹³å’Œã?®ç²¾èˆŽã?®å›½å®¶
     got: ?????????????
 ; [cca2=BN].translations.kor.common
Expected: ë¸Œë£¨ë‚˜ì?´
     got: ????
 ; [cca2=BN].translations.kor.official
Expected: ë¸Œë£¨ë‚˜ì?´ ë‹¤ë£¨ì‚´ëžŒêµ­
     got: ???? ?????
 ; [cca2=BN].translations.per.common
Expected: Ø¨Ø±ÙˆÙ†Ø¦ÛŒ
     got: ??????
 ; [cca2=BN].translations.per.official
Expected: Ø¨Ø±ÙˆÙ†Ø¦ÛŒ Ø³Ø±Ø§ÛŒ ØµÙ„Ø­
     got: ?????? ???? ???
 ; [cca2=BN].translations.pol.official
Expected: PaÅ„stwo Brunei Darussalam
     got: Pa?stwo Brunei Darussalam
 ; [cca2=BN].translations.por.official
Expected: NaÃ§Ã£o do Brunei, Morada da Paz
     got: Nação do Brunei, Morada da Paz
 ; [cca2=BN].translations.rus.common
Expected: Ð‘Ñ€ÑƒÐ½ÐµÐ¹
     got: ??????
 ; [cca2=BN].translations.rus.official
Expected: Ð?Ð°Ñ†Ð¸Ñ? Ð‘Ñ€ÑƒÐ½ÐµÐ¹, Ð¾Ð±Ð¸Ñ‚ÐµÐ»ÑŒ Ð¼Ð¸Ñ€Ð°
     got: ????? ??????, ??????? ????
 ; [cca2=BN].translations.slk.official
Expected: BrunejskÃ½ sultanÃ¢t
     got: Brunejský sultanât
 ; [cca2=BN].translations.spa.official
Expected: NaciÃ³n de Brunei, Morada de la Paz
     got: Nación de Brunei, Morada de la Paz
 ; [cca2=BN].translations.srp.common
Expected: Ð‘Ñ€ÑƒÐ½ÐµÑ˜
     got: ??????
 ; [cca2=BN].translations.srp.official
Expected: Ð¡ÑƒÐ»Ñ‚Ð°Ð½Ð°Ñ‚ Ð‘Ñ€ÑƒÐ½ÐµÑ˜, Ð±Ð¾Ñ€Ð°Ð²Ð¸ÑˆÑ‚Ðµ Ð¼Ð¸Ñ€Ð°
     got: ???????? ??????, ????????? ????
 ; [cca2=BN].translations.tur.official
Expected: Brunei BarÄ±ÅŸ Ãœlkesi Devleti
     got: Brunei Bar?? Ülkesi Devleti
 ; [cca2=BN].translations.urd.common
Expected: Ø¨Ø±ÙˆÙ†Ø§Ø¦ÛŒ
     got: ???????
 ; [cca2=BN].translations.urd.official
Expected: Ø±ÛŒØ§Ø³ØªÙ? Ø¨Ø±ÙˆÙ†Ø§Ø¦ÛŒ Ø¯Ø§Ø±Ø§Ù„Ø³Ù„Ø§Ù…
     got: ?????? ??????? ?????????
 ; [cca2=BN].translations.zho.common
Expected: æ–‡èŽ±
     got: ??
 ; [cca2=BN].translations.zho.official
Expected: æ–‡èŽ±å’Œå¹³ä¹‹å›½
     got: ??????
 ; [cca2=BO].altSpellings[]
Expected: TetÃ£ VolÃ­via
     but none found
 ; [cca2=BO].altSpellings[]
Unexpected: Tetã Volívia
 ; [cca2=BO].flag
Expected: ðŸ‡§ðŸ‡´
     got: ??
 ; [cca2=BO].languages.grn
Expected: GuaranÃ­
     got: Guaraní
 ; [cca2=BO].name.nativeName.grn.common
Expected: VolÃ­via
     got: Volívia
 ; [cca2=BO].name.nativeName.grn.official
Expected: TetÃ£ VolÃ­via
     got: Tetã Volívia
 ; [cca2=BO].translations.ara.common
Expected: Ø¨ÙˆÙ„ÙŠÙ?ÙŠØ§
     got: ???????
 ; [cca2=BO].translations.ara.official
Expected: Ø¯ÙˆÙ„Ø© Ø¨ÙˆÙ„ÙŠÙ?ÙŠØ§ Ø§Ù„Ù…ØªØ¹Ø¯Ø¯Ø© Ø§Ù„Ù‚ÙˆÙ…ÙŠØ§Øª
     got: ???? ??????? ???????? ????????
 ; [cca2=BO].translations.ces.common
Expected: BolÃ­vie
     got: Bolívie
 ; [cca2=BO].translations.ces.official
Expected: MnohonÃ¡rodnostnÃ­ stÃ¡t BolÃ­vie
     got: Mnohonárodnostní stát Bolívie
 ; [cca2=BO].translations.fra.official
Expected: Ã‰tat plurinational de Bolivie
     got: État plurinational de Bolivie
 ; [cca2=BO].translations.hun.common
Expected: BolÃ­via
     got: Bolívia
 ; [cca2=BO].translations.hun.official
Expected: BolÃ­viai TÃ¶bbnemzetisÃ©gÅ± Ã?llam
     got: Bolíviai Többnemzetiség? Állam
 ; [cca2=BO].translations.jpn.common
Expected: ãƒœãƒªãƒ“ã‚¢å¤šæ°‘æ—?å›½
     got: ????????
 ; [cca2=BO].translations.jpn.official
Expected: ãƒœãƒªãƒ“ã‚¢ã?®å¤šæ°‘æ—?å›½
     got: ?????????
 ; [cca2=BO].translations.kor.common
Expected: ë³¼ë¦¬ë¹„ì•„
     got: ????
 ; [cca2=BO].translations.kor.official
Expected: ë³¼ë¦¬ë¹„ì•„ ë‹¤ë¯¼ì¡±êµ­
     got: ???? ????
 ; [cca2=BO].translations.per.common
Expected: Ø¨ÙˆÙ„ÛŒÙˆÛŒ
     got: ??????
 ; [cca2=BO].translations.per.official
Expected: Ø¬Ù…Ù‡ÙˆØ±ÛŒ Ø¨ÙˆÙ„ÛŒÙˆÛŒ
     got: ?????? ??????
 ; [cca2=BO].translations.pol.official
Expected: Wielonarodowe PaÅ„stwo Boliwia
     got: Wielonarodowe Pa?stwo Boliwia
 ; [cca2=BO].translations.por.common
Expected: BolÃ­via
     got: Bolívia
 ; [cca2=BO].translations.por.official
Expected: Estado Plurinacional da BolÃ­via
     got: Estado Plurinacional da Bolívia
 ; [cca2=BO].translations.rus.common
Expected: Ð‘Ð¾Ð»Ð¸Ð²Ð¸Ñ?
     got: ???????
 ; [cca2=BO].translations.rus.official
Expected: ÐœÐ½Ð¾Ð³Ð¾Ð½Ð°Ñ†Ð¸Ð¾Ð½Ð°Ð»ÑŒÐ½Ð¾Ðµ Ð“Ð¾Ñ?ÑƒÐ´Ð°Ñ€Ñ?Ñ‚Ð²Ð¾ Ð‘Ð¾Ð»Ð¸Ð²Ð¸Ñ?
     got: ????????????????? ??????????? ???????
 ; [cca2=BO].translations.slk.common
Expected: BolÃ­via
     got: Bolívia
 ; [cca2=BO].translations.slk.official
Expected: BolÃ­vijskÃ¡ republika
     got: Bolívijská republika
 ; [cca2=BO].translations.srp.common
Expected: Ð‘Ð¾Ð»Ð¸Ð²Ð¸Ñ˜Ð°
     got: ????????
 ; [cca2=BO].translations.srp.official
Expected: Ð’Ð¸ÑˆÐµÐ½Ð°Ñ†Ð¸Ð¾Ð½Ð°Ð»Ð½Ð° Ð”Ñ€Ð¶Ð°Ð²Ð° Ð‘Ð¾Ð»Ð¸Ð²Ð¸Ñ˜Ð°
     got: ?????????????? ?????? ????????
 ; [cca2=BO].translations.swe.official
Expected: MÃ¥ngnationella staten Bolivia
     got: Mångnationella staten Bolivia
 ; [cca2=BO].translations.tur.official
Expected: Bolivya Ã‡okuluslu Devleti
     got: Bolivya Çokuluslu Devleti
 ; [cca2=BO].translations.urd.common
Expected: Ø¨ÙˆÙ„ÛŒÙˆÛŒØ§
     got: ???????
 ; [cca2=BO].translations.urd.official
Expected: Ø¬Ù…Û?ÙˆØ±ÛŒÛ? Ø¨ÙˆÙ„ÛŒÙˆÛŒØ§
     got: ??????? ???????
 ; [cca2=BO].translations.zho.common
Expected: çŽ»åˆ©ç»´äºš
     got: ????
 ; [cca2=BO].translations.zho.official
Expected: å¤šæ°‘æ—?çŽ»åˆ©ç»´äºšå›½
     got: ????????
 ; [cca2=SA].altSpellings[]
Expected: Al-Mamlakah al-â€˜Arabiyyah as-Suâ€˜Å«diyyah
     but none found
 ; [cca2=SA].altSpellings[]
Unexpected: Al-Mamlakah al-‘Arabiyyah as-Su‘?diyyah
 ; [cca2=SA].currencies.SAR.symbol
Expected: Ø±.Ø³
     got: ?.?
 ; [cca2=SA].flag
Expected: ðŸ‡¸ðŸ‡¦
     got: ??
 ; [cca2=SA].flags.alt
Expected: The flag of Saudi Arabia has a green field, at the center of which is an Arabic inscription â€” the Shahada â€” in white above a white horizontal sabre with its tip pointed to the hoist side of the field.
     got: The flag of Saudi Arabia has a green field, at the center of which is an Arabic inscription — the Shahada — in white above a white horizontal sabre with its tip pointed to the hoist side of the field.
 ; [cca2=SA].name.nativeName.ara.common
Expected: Ø§Ù„Ø¹Ø±Ø¨ÙŠØ© Ø§Ù„Ø³Ø¹ÙˆØ¯ÙŠØ©
     got: ??????? ????????
 ; [cca2=SA].name.nativeName.ara.official
Expected: Ø§Ù„Ù…Ù…Ù„ÙƒØ© Ø§Ù„Ø¹Ø±Ø¨ÙŠØ© Ø§Ù„Ø³Ø¹ÙˆØ¯ÙŠØ©
     got: ??????? ??????? ????????
 ; [cca2=SA].tld[]
Expected: .Ø§Ù„Ø³Ø¹ÙˆØ¯ÙŠØ©
     but none found
 ; [cca2=SA].tld[]
Unexpected: .????????
 ; [cca2=SA].translations.ara.common
Expected: Ø§Ù„Ø³Ø¹ÙˆØ¯ÙŠØ©
     got: ????????
 ; [cca2=SA].translations.ara.official
Expected: Ø§Ù„Ù…Ù…Ù„ÙƒØ© Ø§Ù„Ø¹Ø±Ø¨ÙŠØ© Ø§Ù„Ø³Ø¹ÙˆØ¯ÙŠØ©
     got: ??????? ??????? ????????
 ; [cca2=SA].translations.ces.common
Expected: SaÃºdskÃ¡ ArÃ¡bie
     got: Saúdská Arábie
 ; [cca2=SA].translations.ces.official
Expected: SaÃºdskoarabskÃ© krÃ¡lovstvÃ­
     got: Saúdskoarabské království
 ; [cca2=SA].translations.deu.official
Expected: KÃ¶nigreich Saudi-Arabien
     got: Königreich Saudi-Arabien
 ; [cca2=SA].translations.hun.common
Expected: SzaÃºd-ArÃ¡bia
     got: Szaúd-Arábia
 ; [cca2=SA].translations.hun.official
Expected: SzaÃºd-ArÃ¡bia
     got: Szaúd-Arábia
 ; [cca2=SA].translations.jpn.common
Expected: ã‚µã‚¦ã‚¸ã‚¢ãƒ©ãƒ“ã‚¢
     got: ???????
 ; [cca2=SA].translations.jpn.official
Expected: ã‚µã‚¦ã‚¸ã‚¢ãƒ©ãƒ“ã‚¢çŽ‹å›½
     got: ?????????
 ; [cca2=SA].translations.kor.common
Expected: ì‚¬ìš°ë””ì•„ë?¼ë¹„ì•„
     got: ???????
 ; [cca2=SA].translations.kor.official
Expected: ì‚¬ìš°ë””ì•„ë?¼ë¹„ì•„ ì™•êµ­
     got: ??????? ??
 ; [cca2=SA].translations.nld.common
Expected: Saoedi-ArabiÃ«
     got: Saoedi-Arabië
 ; [cca2=SA].translations.nld.official
Expected: Koninkrijk van Saoedi-ArabiÃ«
     got: Koninkrijk van Saoedi-Arabië
 ; [cca2=SA].translations.per.common
Expected: Ø¹Ø±Ø¨Ø³ØªØ§Ù† Ø³Ø¹ÙˆØ¯ÛŒ
     got: ??????? ?????
 ; [cca2=SA].translations.per.official
Expected: Ù¾Ø§Ø¯Ø´Ø§Ù‡ÛŒ Ø¹Ø±Ø¨ÛŒ Ø³ÙŽØ¹ÙˆØ¯ÛŒ
     got: ??????? ???? ??????
 ; [cca2=SA].translations.pol.official
Expected: KrÃ³lestwo Arabii Saudyjskiej
     got: Królestwo Arabii Saudyjskiej
 ; [cca2=SA].translations.por.common
Expected: ArÃ¡bia Saudita
     got: Arábia Saudita
 ; [cca2=SA].translations.por.official
Expected: Reino da ArÃ¡bia Saudita
     got: Reino da Arábia Saudita
 ; [cca2=SA].translations.rus.common
Expected: Ð¡Ð°ÑƒÐ´Ð¾Ð²Ñ?ÐºÐ°Ñ? Ð?Ñ€Ð°Ð²Ð¸Ñ?
     got: ?????????? ??????
 ; [cca2=SA].translations.rus.official
Expected: ÐšÐ¾Ñ€Ð¾Ð»ÐµÐ²Ñ?Ñ‚Ð²Ð¾ Ð¡Ð°ÑƒÐ´Ð¾Ð²Ñ?ÐºÐ°Ñ? Ð?Ñ€Ð°Ð²Ð¸Ñ?
     got: ??????????? ?????????? ??????
 ; [cca2=SA].translations.slk.common
Expected: SaudskÃ¡ ArÃ¡bia
     got: Saudská Arábia
 ; [cca2=SA].translations.slk.official
Expected: SaudskoarabskÃ© krÃ¡Ä¾ovstvo
     got: Saudskoarabské krá?ovstvo
 ; [cca2=SA].translations.spa.common
Expected: Arabia SaudÃ­
     got: Arabia Saudí
 ; [cca2=SA].translations.srp.common
Expected: Ð¡Ð°ÑƒÐ´Ð¸Ñ˜Ñ?ÐºÐ° Ð?Ñ€Ð°Ð±Ð¸Ñ˜Ð°
     got: ????????? ???????
 ; [cca2=SA].translations.srp.official
Expected: ÐšÑ€Ð°Ñ™ÐµÐ²Ð¸Ð½Ð° Ð¡Ð°ÑƒÐ´Ð¸Ñ˜Ñ?ÐºÐ° Ð?Ñ€Ð°Ð±Ð¸Ñ˜Ð°
     got: ????????? ????????? ???????
 ; [cca2=SA].translations.swe.official
Expected: KungadÃ¶met Saudiarabien
     got: Kungadömet Saudiarabien
 ; [cca2=SA].translations.tur.official
Expected: Suudi Arabistan KrallÄ±ÄŸÄ±
     got: Suudi Arabistan Krall???
 ; [cca2=SA].translations.urd.common
Expected: Ø³Ø¹ÙˆØ¯ÛŒ Ø¹Ø±Ø¨
     got: ????? ???
 ; [cca2=SA].translations.urd.official
Expected: Ù…Ù…Ù„Ú©ØªÙ? Ø³Ø¹ÙˆØ¯ÛŒ Ø¹Ø±Ø¨
     got: ?????? ????? ???
 ; [cca2=SA].translations.zho.common
Expected: æ²™ç‰¹é˜¿æ‹‰ä¼¯
     got: ?????
 ; [cca2=SA].translations.zho.official
Expected: æ²™ç‰¹é˜¿æ‹‰ä¼¯çŽ‹å›½
     got: ???????
 ; [cca2=BQ].demonyms.fra.f
Expected: NÃ©erlandaise
     got: Néerlandaise
 ; [cca2=BQ].demonyms.fra.m
Expected: NÃ©erlandais
     got: Néerlandais
 ; [cca2=BQ].flag
Expected: ðŸ‡§ðŸ‡¶
     got: ??
 ; [cca2=BQ].translations.ara.common
Expected: Ø§Ù„Ø¬Ø²Ø± Ø§Ù„ÙƒØ§Ø±ÙŠØ¨ÙŠØ© Ø§Ù„Ù‡ÙˆÙ„Ù†Ø¯ÙŠØ©
     got: ????? ????????? ?????????
 ; [cca2=BQ].translations.ara.official
Expected: Ø¨ÙˆÙ†ÙŠØ± ÙˆØ³ÙŠÙ†Øª Ø£ÙˆØ³ØªØ§ØªÙŠÙˆØ³ ÙˆØ³Ø§Ø¨Ø§
     got: ????? ????? ????????? ?????
 ; [cca2=BQ].translations.ces.common
Expected: KaribskÃ© Nizozemsko
     got: Karibské Nizozemsko
 ; [cca2=BQ].translations.ces.official
Expected: KaribskÃ© Nizozemsko
     got: Karibské Nizozemsko
 ; [cca2=BQ].translations.fra.common
Expected: Pays-Bas caribÃ©ens
     got: Pays-Bas caribéens
 ; [cca2=BQ].translations.jpn.common
Expected: ãƒœãƒ?ãƒ¼ãƒ«ã€?ã‚·ãƒ³ãƒˆãƒ»ãƒ¦ãƒ¼ã‚¹ã‚¿ãƒ†ã‚£ã‚¦ã‚¹ã?Šã‚ˆã?³ã‚µãƒ?
     got: ??????????????????????
 ; [cca2=BQ].translations.jpn.official
Expected: ãƒœãƒ?ãƒ¼ãƒ«ã€?ã‚·ãƒ³ãƒˆãƒ»ãƒ¦ãƒ¼ã‚¹ã‚¿ãƒ†ã‚£ã‚¦ã‚¹ã?Šã‚ˆã?³ã‚µãƒ?
     got: ??????????????????????
 ; [cca2=BQ].translations.kor.common
Expected: ì¹´ë¦¬ë¸Œ ë„¤ë?œëž€ë“œ
     got: ??? ????
 ; [cca2=BQ].translations.kor.official
Expected: ë³´ë„¤ë¥´, ì‹ íŠ¸ì™¸ìŠ¤íƒ€í‹°ìœ„ìŠ¤, ì‚¬ë°”
     got: ???, ????????, ??
 ; [cca2=BQ].translations.per.common
Expected: Ø¬Ø²Ø§ÛŒØ± Ú©Ø§Ø±Ø§Ø¦ÛŒØ¨ Ù‡Ù„Ù†Ø¯
     got: ????? ??????? ????
 ; [cca2=BQ].translations.per.official
Expected: Ø¬Ø²Ø§ÛŒØ± Ú©Ø§Ø±Ø§Ø¦ÛŒØ¨ Ù‡Ù„Ù†Ø¯
     got: ????? ??????? ????
 ; [cca2=BQ].translations.por.common
Expected: PaÃ­ses Baixos Caribenhos
     got: Países Baixos Caribenhos
 ; [cca2=BQ].translations.por.official
Expected: Bonaire, Saba e Santo EustÃ¡quio
     got: Bonaire, Saba e Santo Eustáquio
 ; [cca2=BQ].translations.rus.common
Expected: ÐšÐ°Ñ€Ð¸Ð±Ñ?ÐºÐ¸Ðµ Ð?Ð¸Ð´ÐµÑ€Ð»Ð°Ð½Ð´Ñ‹
     got: ????????? ??????????
 ; [cca2=BQ].translations.rus.official
Expected: Ð‘Ð¾Ð½Ñ?Ð¹Ñ€, Ð¡Ð¸Ð½Ñ‚-Ð­Ñ?Ñ‚Ð°Ñ‚Ð¸ÑƒÑ? Ð¸ Ð¡Ð°Ð±Ð°
     got: ??????, ????-???????? ? ????
 ; [cca2=BQ].translations.spa.common
Expected: Caribe NeerlandÃ©s
     got: Caribe Neerlandés
 ; [cca2=BQ].translations.srp.common
Expected: ÐšÐ°Ñ€Ð¸Ð¿Ñ?ÐºÐ° Ð¥Ð¾Ð»Ð°Ð½Ð´Ð¸Ñ˜Ð°
     got: ???????? ?????????
 ; [cca2=BQ].translations.srp.official
Expected: Ð‘Ð¾Ð½ÐµÑ€, Ð¡Ð²ÐµÑ‚Ð¸ Ð•ÑƒÑ?Ñ‚Ð°Ñ…Ð¸Ñ˜Ðµ Ð¸ Ð¡Ð°Ð±Ð°
     got: ?????, ????? ????????? ? ????
 ; [cca2=BQ].translations.swe.common
Expected: Karibiska NederlÃ¤nderna
     got: Karibiska Nederländerna
 ; [cca2=BQ].translations.tur.common
Expected: Karayip HollandasÄ±
     got: Karayip Hollandas?
 ; [cca2=BQ].translations.tur.official
Expected: Karayip HollandasÄ±
     got: Karayip Hollandas?
 ; [cca2=BQ].translations.urd.common
Expected: Ú©ÛŒØ±ÛŒØ¨ÛŒÙ† Ù†ÛŒØ¯Ø±Ù„ÛŒÙ†ÚˆØ²
     got: ??????? ?????????
 ; [cca2=BQ].translations.urd.official
Expected: Ø¨ÙˆÙ†Ø§ÛŒØ±ØŒ Ø³ÛŒÙ†Ù¹ Ø§ÛŒÙˆØ³Ù¹Ø§Ø¦ÛŒØ³ Ø§ÙˆØ± Ø³Ø§Ø¨Ø§
     got: ??????? ???? ????????? ??? ????
 ; [cca2=BQ].translations.zho.common
Expected: è?·è˜­åŠ å‹’æ¯”å?€
     got: ??????
 ; [cca2=BQ].translations.zho.official
Expected: è?·è˜­åŠ å‹’æ¯”å?€
     got: ??????
 ; [cca2=SB].flag
Expected: ðŸ‡¸ðŸ‡§
     got: ??
 ; [cca2=SB].translations.ara.common
Expected: Ø¬Ø²Ø± Ø³Ù„ÙŠÙ…Ø§Ù†
     got: ??? ??????
 ; [cca2=SB].translations.ara.official
Expected: Ø¬Ø²Ø± Ø³Ù„ÙŠÙ…Ø§Ù†
     got: ??? ??????
 ; [cca2=SB].translations.ces.common
Expected: Å alamounovy ostrovy
     got: Šalamounovy ostrovy
 ; [cca2=SB].translations.ces.official
Expected: Å alamounovy ostrovy
     got: Šalamounovy ostrovy
 ; [cca2=SB].translations.fra.common
Expected: ÃŽles Salomon
     got: Îles Salomon
 ; [cca2=SB].translations.fra.official
Expected: ÃŽles Salomon
     got: Îles Salomon
 ; [cca2=SB].translations.jpn.common
Expected: ã‚½ãƒ­ãƒ¢ãƒ³è«¸å³¶
     got: ??????
 ; [cca2=SB].translations.jpn.official
Expected: ã‚½ãƒ­ãƒ¢ãƒ³è«¸å³¶
     got: ??????
 ; [cca2=SB].translations.kor.common
Expected: ì†”ë¡œëª¬ ì œë?„
     got: ??? ??
 ; [cca2=SB].translations.kor.official
Expected: ì†”ë¡œëª¬ ì œë?„
     got: ??? ??
 ; [cca2=SB].translations.per.common
Expected: Ø¬Ø²Ø§ÛŒØ± Ø³Ù„ÛŒÙ…Ø§Ù†
     got: ????? ??????
 ; [cca2=SB].translations.per.official
Expected: Ø¬Ø²Ø§ÛŒØ± Ø³Ù„ÛŒÙ…Ø§Ù†
     got: ????? ??????
 ; [cca2=SB].translations.por.common
Expected: Ilhas SalomÃ£o
     got: Ilhas Salomão
 ; [cca2=SB].translations.por.official
Expected: Ilhas SalomÃ£o
     got: Ilhas Salomão
 ; [cca2=SB].translations.rus.common
Expected: Ð¡Ð¾Ð»Ð¾Ð¼Ð¾Ð½Ð¾Ð²Ñ‹ ÐžÑ?Ñ‚Ñ€Ð¾Ð²Ð°
     got: ?????????? ???????
 ; [cca2=SB].translations.rus.official
Expected: Ð¡Ð¾Ð»Ð¾Ð¼Ð¾Ð½Ð¾Ð²Ñ‹ Ð¾Ñ?Ñ‚Ñ€Ð¾Ð²Ð°
     got: ?????????? ???????
 ; [cca2=SB].translations.spa.common
Expected: Islas SalomÃ³n
     got: Islas Salomón
 ; [cca2=SB].translations.spa.official
Expected: islas SalomÃ³n
     got: islas Salomón
 ; [cca2=SB].translations.srp.common
Expected: Ð¡Ð¾Ð»Ð¾Ð¼Ð¾Ð½Ñ?ÐºÐ° ÐžÑ?Ñ‚Ñ€Ð²Ð°
     got: ?????????? ??????
 ; [cca2=SB].translations.srp.official
Expected: Ð¡Ð¾Ð»Ð¾Ð¼Ð¾Ð½Ñ?ÐºÐ° ÐžÑ?Ñ‚Ñ€Ð²Ð°
     got: ?????????? ??????
 ; [cca2=SB].translations.swe.common
Expected: SalomonÃ¶arna
     got: Salomonöarna
 ; [cca2=SB].translations.swe.official
Expected: SalomonÃ¶arna
     got: Salomonöarna
 ; [cca2=SB].translations.tur.common
Expected: Solomon AdalarÄ±
     got: Solomon Adalar?
 ; [cca2=SB].translations.tur.official
Expected: Solomon AdalarÄ±
     got: Solomon Adalar?
 ; [cca2=SB].translations.urd.common
Expected: Ø¬Ø²Ø§Ø¦Ø± Ø³Ù„ÛŒÙ…Ø§Ù†
     got: ????? ??????
 ; [cca2=SB].translations.urd.official
Expected: Ø¬Ø²Ø§Ø¦Ø± Ø³Ù„ÛŒÙ…Ø§Ù†
     got: ????? ??????
 ; [cca2=SB].translations.zho.common
Expected: æ‰€ç½—é—¨ç¾¤å²›
     got: ?????
 ; [cca2=SB].translations.zho.official
Expected: æ‰€ç½—é—¨ç¾¤å²›
     got: ?????
 ; [cca2=SC].altSpellings[]
Expected: RÃ©publique des Seychelles
     but none found
 ; [cca2=SC].altSpellings[]
Unexpected: République des Seychelles
 ; [cca2=SC].currencies.SCR.symbol
Expected: â‚¨
     got: ?
 ; [cca2=SC].flag
Expected: ðŸ‡¸ðŸ‡¨
     got: ??
 ; [cca2=SC].name.nativeName.fra.official
Expected: RÃ©publique des Seychelles
     got: République des Seychelles
 ; [cca2=SC].translations.ara.common
Expected: Ø³ÙŠØ´Ù„
     got: ????
 ; [cca2=SC].translations.ara.official
Expected: Ø¬Ù…Ù‡ÙˆØ±ÙŠØ© Ø³ÙŠØ´Ù„
     got: ??????? ????
 ; [cca2=SC].translations.ces.official
Expected: SeychelskÃ¡ republika
     got: Seychelská republika
 ; [cca2=SC].translations.est.common
Expected: SeiÅ¡ellid
     got: Seišellid
 ; [cca2=SC].translations.est.official
Expected: SeiÅ¡elli Vabariik
     got: Seišelli Vabariik
 ; [cca2=SC].translations.fra.official
Expected: RÃ©publique des Seychelles
     got: République des Seychelles
 ; [cca2=SC].translations.hrv.common
Expected: SejÅ¡eli
     got: Sejšeli
 ; [cca2=SC].translations.hrv.official
Expected: Republika SejÅ¡eli
     got: Republika Sejšeli
 ; [cca2=SC].translations.hun.official
Expected: Seychelle KÃ¶ztÃ¡rsasÃ¡g
     got: Seychelle Köztársaság
 ; [cca2=SC].translations.jpn.common
Expected: ã‚»ãƒ¼ã‚·ã‚§ãƒ«
     got: ?????
 ; [cca2=SC].translations.jpn.official
Expected: ã‚»ã‚¤ã‚·ã‚§ãƒ«å…±å’Œå›½
     got: ????????
 ; [cca2=SC].translations.kor.common
Expected: ì„¸ì?´ì…¸
     got: ???
 ; [cca2=SC].translations.kor.official
Expected: ì„¸ì?´ì…¸ ê³µí™”êµ­
     got: ??? ???
 ; [cca2=SC].translations.per.common
Expected: Ø³ÛŒØ´Ù„
     got: ????
 ; [cca2=SC].translations.per.official
Expected: Ø¬Ù…Ù‡ÙˆØ±ÛŒ Ø³ÛŒØ´Ù„
     got: ?????? ????
 ; [cca2=SC].translations.por.official
Expected: RepÃºblica das Seychelles
     got: República das Seychelles
 ; [cca2=SC].translations.rus.common
Expected: Ð¡ÐµÐ¹ÑˆÐµÐ»ÑŒÑ?ÐºÐ¸Ðµ ÐžÑ?Ñ‚Ñ€Ð¾Ð²Ð°
     got: ??????????? ???????
 ; [cca2=SC].translations.rus.official
Expected: Ð ÐµÑ?Ð¿ÑƒÐ±Ð»Ð¸ÐºÐ° Ð¡ÐµÐ¹ÑˆÐµÐ»ÑŒÑ?ÐºÐ¸Ðµ ÐžÑ?Ñ‚Ñ€Ð¾Ð²Ð°
     got: ?????????? ??????????? ???????
 ; [cca2=SC].translations.slk.official
Expected: SeychelskÃ¡ republika
     got: Seychelská republika
 ; [cca2=SC].translations.spa.official
Expected: RepÃºblica de las Seychelles
     got: República de las Seychelles
 ; [cca2=SC].translations.srp.common
Expected: Ð¡ÐµÑ˜ÑˆÐµÐ»Ð¸
     got: ???????
 ; [cca2=SC].translations.srp.official
Expected: Ð ÐµÐ¿ÑƒÐ±Ð»Ð¸ÐºÐ° Ð¡ÐµÑ˜ÑˆÐµÐ»Ð¸
     got: ????????? ???????
 ; [cca2=SC].translations.tur.common
Expected: SeyÅŸeller
     got: Sey?eller
 ; [cca2=SC].translations.tur.official
Expected: SeyÅŸeller Cumhuriyeti
     got: Sey?eller Cumhuriyeti
 ; [cca2=SC].translations.urd.common
Expected: Ø³ÛŒÚ†ÛŒÙ„ÛŒØ³
     got: ???????
 ; [cca2=SC].translations.urd.official
Expected: Ø¬Ù…Û?ÙˆØ±ÛŒÛ? Ø³ÛŒÚ†ÛŒÙ„ÛŒØ³
     got: ??????? ???????
 ; [cca2=SC].translations.zho.common
Expected: å¡žèˆŒå°”
     got: ???
 ; [cca2=SC].translations.zho.official
Expected: å¡žèˆŒå°”å…±å’Œå›½
     got: ??????
 ; [cca2=BR].altSpellings[]
Expected: RepÃºblica Federativa do Brasil
     but none found
 ; [cca2=BR].altSpellings[]
Unexpected: República Federativa do Brasil
 ; [cca2=BR].capital[]
Expected: BrasÃ­lia
     but none found
 ; [cca2=BR].capital[]
Unexpected: Brasília
 ; [cca2=BR].demonyms.fra.f
Expected: BrÃ©silienne
     got: Brésilienne
 ; [cca2=BR].demonyms.fra.m
Expected: BrÃ©silien
     got: Brésilien
 ; [cca2=BR].flag
Expected: ðŸ‡§ðŸ‡·
     got: ??
 ; [cca2=BR].name.nativeName.por.official
Expected: RepÃºblica Federativa do Brasil
     got: República Federativa do Brasil
 ; [cca2=BR].translations.ara.common
Expected: Ø§Ù„Ø¨Ø±Ø§Ø²ÙŠÙ„
     got: ????????
 ; [cca2=BR].translations.ara.official
Expected: Ø¬Ù…Ù‡ÙˆØ±ÙŠØ© Ø§Ù„Ø¨Ø±Ø§Ø²ÙŠÙ„ Ø§Ù„Ø§ØªØ­Ø§Ø¯ÙŠØ©
     got: ??????? ???????? ?????????
 ; [cca2=BR].translations.ces.common
Expected: BrazÃ­lie
     got: Brazílie
 ; [cca2=BR].translations.ces.official
Expected: BrazilskÃ¡ federativnÃ­ republika
     got: Brazilská federativní republika
 ; [cca2=BR].translations.deu.official
Expected: FÃ¶derative Republik Brasilien
     got: Föderative Republik Brasilien
 ; [cca2=BR].translations.fra.common
Expected: BrÃ©sil
     got: Brésil
 ; [cca2=BR].translations.fra.official
Expected: RÃ©publique fÃ©dÃ©rative du BrÃ©sil
     got: République fédérative du Brésil
 ; [cca2=BR].translations.hun.common
Expected: BrazÃ­lia
     got: Brazília
 ; [cca2=BR].translations.hun.official
Expected: Brazil SzÃ¶vetsÃ©gi KÃ¶ztÃ¡rsasÃ¡g
     got: Brazil Szövetségi Köztársaság
 ; [cca2=BR].translations.jpn.common
Expected: ãƒ–ãƒ©ã‚¸ãƒ«
     got: ????
 ; [cca2=BR].translations.jpn.official
Expected: ãƒ–ãƒ©ã‚¸ãƒ«é€£é‚¦å…±å’Œå›½
     got: ?????????
 ; [cca2=BR].translations.kor.common
Expected: ë¸Œë?¼ì§ˆ
     got: ???
 ; [cca2=BR].translations.kor.official
Expected: ë¸Œë?¼ì§ˆ ì—°ë°© ê³µí™”êµ­
     got: ??? ?? ???
 ; [cca2=BR].translations.nld.common
Expected: BraziliÃ«
     got: Brazilië
 ; [cca2=BR].translations.nld.official
Expected: Federale Republiek BraziliÃ«
     got: Federale Republiek Brazilië
 ; [cca2=BR].translations.per.common
Expected: Ø¨Ø±Ø²ÛŒÙ„
     got: ?????
 ; [cca2=BR].translations.per.official
Expected: Ø¬Ù…Ù‡ÙˆØ±ÛŒ Ù?Ø¯Ø±Ø§ØªÛŒÙˆ Ø¨Ø±Ø²ÛŒÙ„
     got: ?????? ??????? ?????
 ; [cca2=BR].translations.por.official
Expected: RepÃºblica Federativa do Brasil
     got: República Federativa do Brasil
 ; [cca2=BR].translations.rus.common
Expected: Ð‘Ñ€Ð°Ð·Ð¸Ð»Ð¸Ñ?
     got: ????????
 ; [cca2=BR].translations.rus.official
Expected: Ð¤ÐµÐ´ÐµÑ€Ð°Ñ‚Ð¸Ð²Ð½Ð°Ñ? Ð ÐµÑ?Ð¿ÑƒÐ±Ð»Ð¸ÐºÐ° Ð‘Ñ€Ð°Ð·Ð¸Ð»Ð¸Ñ?
     got: ???????????? ?????????? ????????
 ; [cca2=BR].translations.slk.common
Expected: BrazÃ­lia
     got: Brazília
 ; [cca2=BR].translations.slk.official
Expected: BrazÃ­lska federatÃ­vna republika
     got: Brazílska federatívna republika
 ; [cca2=BR].translations.spa.official
Expected: RepÃºblica Federativa del Brasil
     got: República Federativa del Brasil
 ; [cca2=BR].translations.srp.common
Expected: Ð‘Ñ€Ð°Ð·Ð¸Ð»
     got: ??????
 ; [cca2=BR].translations.srp.official
Expected: Ð¡Ð°Ð²ÐµÐ·Ð½Ð° Ð ÐµÐ¿ÑƒÐ±Ð»Ð¸ÐºÐ° Ð‘Ñ€Ð°Ð·Ð¸Ð»
     got: ??????? ????????? ??????
 ; [cca2=BR].translations.swe.official
Expected: FÃ¶rbundsrepubliken Brasilien
     got: Förbundsrepubliken Brasilien
 ; [cca2=BR].translations.urd.common
Expected: Ø¨Ø±Ø§Ø²ÛŒÙ„
     got: ??????
 ; [cca2=BR].translations.urd.official
Expected: ÙˆÙ?Ø§Ù‚ÛŒ Ø¬Ù…Û?ÙˆØ±ÛŒÛ? Ø¨Ø±Ø§Ø²ÛŒÙ„
     got: ????? ??????? ??????
 ; [cca2=BR].translations.zho.common
Expected: å·´è¥¿
     got: ??
 ; [cca2=BR].translations.zho.official
Expected: å·´è¥¿è?”é‚¦å…±å’Œå›½
     got: ???????
 ; [cca2=SD].altSpellings[]
Expected: JumhÅ«rÄ«yat as-SÅ«dÄ?n
     but none found
 ; [cca2=SD].altSpellings[]
Unexpected: Jumh?r?yat as-S?d?n
 ; [cca2=SD].flag
Expected: ðŸ‡¸ðŸ‡©
     got: ??
 ; [cca2=SD].name.nativeName.ara.common
Expected: Ø§Ù„Ø³ÙˆØ¯Ø§Ù†
     got: ???????
 ; [cca2=SD].name.nativeName.ara.official
Expected: Ø¬Ù…Ù‡ÙˆØ±ÙŠØ© Ø§Ù„Ø³ÙˆØ¯Ø§Ù†
     got: ??????? ???????
 ; [cca2=SD].translations.ara.common
Expected: Ø§Ù„Ø³ÙˆØ¯Ø§Ù†
     got: ???????
 ; [cca2=SD].translations.ara.official
Expected: Ø¬Ù…Ù‡ÙˆØ±ÙŠØ© Ø§Ù„Ø³ÙˆØ¯Ø§Ù†
     got: ??????? ???????
 ; [cca2=SD].translations.ces.common
Expected: SÃºdÃ¡n
     got: Súdán
 ; [cca2=SD].translations.ces.official
Expected: SÃºdÃ¡nskÃ¡ republika
     got: Súdánská republika
 ; [cca2=SD].translations.fra.official
Expected: RÃ©publique du Soudan
     got: République du Soudan
 ; [cca2=SD].translations.hun.common
Expected: SzudÃ¡n
     got: Szudán
 ; [cca2=SD].translations.hun.official
Expected: SzudÃ¡ni KÃ¶ztÃ¡rsasÃ¡g
     got: Szudáni Köztársaság
 ; [cca2=SD].translations.jpn.common
Expected: ã‚¹ãƒ¼ãƒ€ãƒ³
     got: ????
 ; [cca2=SD].translations.jpn.official
Expected: ã‚¹ãƒ¼ãƒ€ãƒ³å…±å’Œå›½
     got: ???????
 ; [cca2=SD].translations.kor.common
Expected: ìˆ˜ë‹¨
     got: ??
 ; [cca2=SD].translations.kor.official
Expected: ìˆ˜ë‹¨ ê³µí™”êµ­
     got: ?? ???
 ; [cca2=SD].translations.per.common
Expected: Ø³ÙˆØ¯Ø§Ù†
     got: ?????
 ; [cca2=SD].translations.per.official
Expected: Ø¬Ù…Ù‡ÙˆØ±ÛŒ Ø³ÙˆØ¯Ø§Ù†
     got: ?????? ?????
 ; [cca2=SD].translations.por.common
Expected: SudÃ£o
     got: Sudão
 ; [cca2=SD].translations.por.official
Expected: RepÃºblica do SudÃ£o
     got: República do Sudão
 ; [cca2=SD].translations.rus.common
Expected: Ð¡ÑƒÐ´Ð°Ð½
     got: ?????
 ; [cca2=SD].translations.rus.official
Expected: Ð ÐµÑ?Ð¿ÑƒÐ±Ð»Ð¸ÐºÐ° Ð¡ÑƒÐ´Ð°Ð½
     got: ?????????? ?????
 ; [cca2=SD].translations.slk.common
Expected: SudÃ¡n
     got: Sudán
 ; [cca2=SD].translations.slk.official
Expected: SudÃ¡nska republika
     got: Sudánska republika
 ; [cca2=SD].translations.spa.common
Expected: SudÃ¡n
     got: Sudán
 ; [cca2=SD].translations.spa.official
Expected: RepÃºblica de SudÃ¡n
     got: República de Sudán
 ; [cca2=SD].translations.srp.common
Expected: Ð¡ÑƒÐ´Ð°Ð½
     got: ?????
 ; [cca2=SD].translations.srp.official
Expected: Ð ÐµÐ¿ÑƒÐ±Ð»Ð¸ÐºÐ° Ð¡ÑƒÐ´Ð°Ð½
     got: ????????? ?????
 ; [cca2=SD].translations.urd.common
Expected: Ø³ÙˆØ¯Ø§Ù†
     got: ?????
 ; [cca2=SD].translations.urd.official
Expected: Ø¬Ù…Û?ÙˆØ±ÛŒÛ? Ø³ÙˆØ¯Ø§Ù†
     got: ??????? ?????
 ; [cca2=SD].translations.zho.common
Expected: è‹?ä¸¹
     got: ??
 ; [cca2=SD].translations.zho.official
Expected: è‹?ä¸¹å…±å’Œå›½
     got: ?????
 ; [cca2=BS].flag
Expected: ðŸ‡§ðŸ‡¸
     got: ??
 ; [cca2=BS].translations.ara.common
Expected: Ø¨Ø§Ù‡Ø§Ù…Ø§Ø³
     got: ???????
 ; [cca2=BS].translations.ara.official
Expected: ÙƒÙˆÙ…Ù†ÙˆÙ„Ø« Ø¬Ø²Ø± Ø§Ù„Ø¨Ù‡Ø§Ù…Ø§
     got: ??????? ??? ???????
 ; [cca2=BS].translations.ces.official
Expected: BahamskÃ© spoleÄ?enstvÃ­
     got: Bahamské spole?enství
 ; [cca2=BS].translations.est.official
Expected: Bahama Ãœhendus
     got: Bahama Ühendus
 ; [cca2=BS].translations.hun.official
Expected: Bahamai KÃ¶zÃ¶ssÃ©g
     got: Bahamai Közösség
 ; [cca2=BS].translations.jpn.common
Expected: ãƒ?ãƒ?ãƒž
     got: ???
 ; [cca2=BS].translations.jpn.official
Expected: ãƒ?ãƒ?ãƒž
     got: ???
 ; [cca2=BS].translations.kor.common
Expected: ë°”í•˜ë§ˆ
     got: ???
 ; [cca2=BS].translations.kor.official
Expected: ë°”í•˜ë§ˆ ì—°ë°©
     got: ??? ??
 ; [cca2=BS].translations.nld.common
Expected: Bahamaâ€™s
     got: Bahama’s
 ; [cca2=BS].translations.per.common
Expected: Ø¨Ø§Ù‡Ø§Ù…Ø§
     got: ??????
 ; [cca2=BS].translations.per.official
Expected: Ù‚Ù„Ù…Ø±Ùˆ Ù‡Ù…Ø³ÙˆØ¯ Ø¨Ø§Ù‡Ø§Ù…Ø§
     got: ????? ????? ??????
 ; [cca2=BS].translations.rus.common
Expected: Ð‘Ð°Ð³Ð°Ð¼Ñ?ÐºÐ¸Ðµ ÐžÑ?Ñ‚Ñ€Ð¾Ð²Ð°
     got: ????????? ???????
 ; [cca2=BS].translations.rus.official
Expected: Ð¡Ð¾Ð´Ñ€ÑƒÐ¶ÐµÑ?Ñ‚Ð²Ð¾ Ð‘Ð°Ð³Ð°Ð¼Ñ?ÐºÐ¸Ñ… ÐžÑ?Ñ‚Ñ€Ð¾Ð²Ð¾Ð²
     got: ??????????? ????????? ????????
 ; [cca2=BS].translations.slk.official
Expected: BahamskÃ© spoloÄ?enstvo
     got: Bahamské spolo?enstvo
 ; [cca2=BS].translations.srp.common
Expected: Ð‘Ð°Ñ…Ð°Ð¼Ð¸
     got: ??????
 ; [cca2=BS].translations.srp.official
Expected: ÐšÐ¾Ð¼Ð¾Ð½Ð²ÐµÐ»Ñ‚ Ð‘Ð°Ñ…Ð°Ð¼Ð°
     got: ????????? ??????
 ; [cca2=BS].translations.swe.official
Expected: SamvÃ¤ldet Bahamas
     got: Samväldet Bahamas
 ; [cca2=BS].translations.tur.official
Expected: Bahama Milletler TopluluÄŸu
     got: Bahama Milletler Toplulu?u
 ; [cca2=BS].translations.urd.common
Expected: Ø¨Û?Ø§Ù…Ø§Ø³
     got: ??????
 ; [cca2=BS].translations.urd.official
Expected: Ø¯ÙˆÙ„ØªÙ? Ù…Ø´ØªØ±Ú©Û? Ø¨Û?Ø§Ù…Ø§Ø³
     got: ????? ?????? ??????
 ; [cca2=BS].translations.zho.common
Expected: å·´å“ˆé©¬
     got: ???
 ; [cca2=BS].translations.zho.official
Expected: å·´å“ˆé©¬è?”é‚¦
     got: ?????
 ; [cca2=SE].demonyms.fra.f
Expected: SuÃ©doise
     got: Suédoise
 ; [cca2=SE].demonyms.fra.m
Expected: SuÃ©dois
     got: Suédois
 ; [cca2=SE].flag
Expected: ðŸ‡¸ðŸ‡ª
     got: ??
 ; [cca2=SE].translations.ara.common
Expected: Ø§Ù„Ø³ÙˆÙŠØ¯
     got: ??????
 ; [cca2=SE].translations.ara.official
Expected: Ù…Ù…Ù„ÙƒØ© Ø§Ù„Ø³ÙˆÙŠØ¯
     got: ????? ??????
 ; [cca2=SE].translations.ces.common
Expected: Å vÃ©dsko
     got: Švédsko
 ; [cca2=SE].translations.ces.official
Expected: Å vÃ©dskÃ© krÃ¡lovstvÃ­
     got: Švédské království
 ; [cca2=SE].translations.deu.official
Expected: KÃ¶nigreich Schweden
     got: Königreich Schweden
 ; [cca2=SE].translations.fra.common
Expected: SuÃ¨de
     got: Suède
 ; [cca2=SE].translations.fra.official
Expected: Royaume de SuÃ¨de
     got: Royaume de Suède
 ; [cca2=SE].translations.hrv.common
Expected: Å vedska
     got: Švedska
 ; [cca2=SE].translations.hrv.official
Expected: Kraljevina Å vedska
     got: Kraljevina Švedska
 ; [cca2=SE].translations.hun.common
Expected: SvÃ©dorszÃ¡g
     got: Svédország
 ; [cca2=SE].translations.hun.official
Expected: SvÃ©d KirÃ¡lysÃ¡g
     got: Svéd Királyság
 ; [cca2=SE].translations.jpn.common
Expected: ã‚¹ã‚¦ã‚§ãƒ¼ãƒ‡ãƒ³
     got: ??????
 ; [cca2=SE].translations.jpn.official
Expected: ã‚¹ã‚¦ã‚§ãƒ¼ãƒ‡ãƒ³çŽ‹å›½
     got: ????????
 ; [cca2=SE].translations.kor.common
Expected: ìŠ¤ì›¨ë?´
     got: ???
 ; [cca2=SE].translations.kor.official
Expected: ìŠ¤ì›¨ë?´ ì™•êµ­
     got: ??? ??
 ; [cca2=SE].translations.per.common
Expected: Ø³ÙˆØ¦Ø¯
     got: ????
 ; [cca2=SE].translations.per.official
Expected: Ù¾Ø§Ø¯Ø´Ø§Ù‡ÛŒ Ø³ÙˆØ¦Ø¯
     got: ??????? ????
 ; [cca2=SE].translations.pol.official
Expected: KrÃ³lestwo Szwecji
     got: Królestwo Szwecji
 ; [cca2=SE].translations.por.common
Expected: SuÃ©cia
     got: Suécia
 ; [cca2=SE].translations.por.official
Expected: Reino da SuÃ©cia
     got: Reino da Suécia
 ; [cca2=SE].translations.rus.common
Expected: Ð¨Ð²ÐµÑ†Ð¸Ñ?
     got: ??????
 ; [cca2=SE].translations.rus.official
Expected: ÐšÐ¾Ñ€Ð¾Ð»ÐµÐ²Ñ?Ñ‚Ð²Ð¾ Ð¨Ð²ÐµÑ†Ð¸Ñ?
     got: ??????????? ??????
 ; [cca2=SE].translations.slk.common
Expected: Å vÃ©dsko
     got: Švédsko
 ; [cca2=SE].translations.slk.official
Expected: Å vÃ©dske krÃ¡Ä¾ovstvo
     got: Švédske krá?ovstvo
 ; [cca2=SE].translations.srp.common
Expected: Ð¨Ð²ÐµÐ´Ñ?ÐºÐ°
     got: ???????
 ; [cca2=SE].translations.srp.official
Expected: ÐšÑ€Ð°Ñ™ÐµÐ²Ð¸Ð½Ð° Ð¨Ð²ÐµÐ´Ñ?ÐºÐ°
     got: ????????? ???????
 ; [cca2=SE].translations.tur.common
Expected: Ä°sveÃ§
     got: ?sveç
 ; [cca2=SE].translations.tur.official
Expected: Ä°sveÃ§ KrallÄ±ÄŸÄ±
     got: ?sveç Krall???
 ; [cca2=SE].translations.urd.common
Expected: Ø³ÙˆÛŒÚˆÙ†
     got: ?????
 ; [cca2=SE].translations.urd.official
Expected: Ù…Ù…Ù„Ú©ØªÙ? Ø³ÙˆÛŒÚˆÙ†
     got: ?????? ?????
 ; [cca2=SE].translations.zho.common
Expected: ç‘žå…¸
     got: ??
 ; [cca2=SE].translations.zho.official
Expected: ç‘žå…¸çŽ‹å›½
     got: ????
 ; [cca2=BT].currencies.INR.symbol
Expected: â‚¹
     got: ?
 ; [cca2=BT].flag
Expected: ðŸ‡§ðŸ‡¹
     got: ??
 ; [cca2=BT].name.nativeName.dzo.common
Expected: à½ à½–à¾²à½´à½‚à¼‹à½¡à½´à½£à¼‹
     got: ??????????
 ; [cca2=BT].name.nativeName.dzo.official
Expected: à½ à½–à¾²à½´à½‚à¼‹à½¢à¾’à¾±à½£à¼‹à½?à½–à¼‹
     got: ??????????????
 ; [cca2=BT].translations.ara.common
Expected: Ø¨ÙˆØªØ§Ù†
     got: ?????
 ; [cca2=BT].translations.ara.official
Expected: Ù…Ù…Ù„ÙƒØ© Ø¨ÙˆØªØ§Ù†
     got: ????? ?????
 ; [cca2=BT].translations.ces.common
Expected: BhÃºtÃ¡n
     got: Bhútán
 ; [cca2=BT].translations.ces.official
Expected: BhÃºtÃ¡nskÃ© krÃ¡lovstvÃ­
     got: Bhútánské království
 ; [cca2=BT].translations.deu.official
Expected: KÃ¶nigreich Bhutan
     got: Königreich Bhutan
 ; [cca2=BT].translations.hun.common
Expected: BhutÃ¡n
     got: Bhután
 ; [cca2=BT].translations.hun.official
Expected: BhutÃ¡ni KirÃ¡lysÃ¡g
     got: Bhutáni Királyság
 ; [cca2=BT].translations.jpn.common
Expected: ãƒ–ãƒ¼ã‚¿ãƒ³
     got: ????
 ; [cca2=BT].translations.jpn.official
Expected: ãƒ–ãƒ¼ã‚¿ãƒ³çŽ‹å›½
     got: ??????
 ; [cca2=BT].translations.kor.common
Expected: ë¶€íƒ„
     got: ??
 ; [cca2=BT].translations.kor.official
Expected: ë¶€íƒ„ ì™•êµ­
     got: ?? ??
 ; [cca2=BT].translations.per.common
Expected: Ø¨ÙˆØªØ§Ù†
     got: ?????
 ; [cca2=BT].translations.per.official
Expected: Ù¾Ø§Ø¯Ø´Ø§Ù‡ÛŒ Ø¨ÙˆØªØ§Ù†
     got: ??????? ?????
 ; [cca2=BT].translations.por.common
Expected: ButÃ£o
     got: Butão
 ; [cca2=BT].translations.por.official
Expected: Reino do ButÃ£o
     got: Reino do Butão
 ; [cca2=BT].translations.rus.common
Expected: Ð‘ÑƒÑ‚Ð°Ð½
     got: ?????
 ; [cca2=BT].translations.rus.official
Expected: ÐšÐ¾Ñ€Ð¾Ð»ÐµÐ²Ñ?Ñ‚Ð²Ð¾ Ð‘ÑƒÑ‚Ð°Ð½
     got: ??????????? ?????
 ; [cca2=BT].translations.slk.common
Expected: BhutÃ¡n
     got: Bhután
 ; [cca2=BT].translations.slk.official
Expected: BhutÃ¡nske krÃ¢Ä¾ovstvo
     got: Bhutánske krâ?ovstvo
 ; [cca2=BT].translations.spa.common
Expected: ButÃ¡n
     got: Bután
 ; [cca2=BT].translations.spa.official
Expected: Reino de ButÃ¡n
     got: Reino de Bután
 ; [cca2=BT].translations.srp.common
Expected: Ð‘ÑƒÑ‚Ð°Ð½
     got: ?????
 ; [cca2=BT].translations.srp.official
Expected: ÐšÑ€Ð°Ñ™ÐµÐ²Ð¸Ð½Ð° Ð‘ÑƒÑ‚Ð°Ð½
     got: ????????? ?????
 ; [cca2=BT].translations.tur.official
Expected: Butan KrallÄ±ÄŸÄ±
     got: Butan Krall???
 ; [cca2=BT].translations.urd.common
Expected: Ø¨Ú¾ÙˆÙ¹Ø§Ù†
     got: ??????
 ; [cca2=BT].translations.urd.official
Expected: Ø³Ù„Ø·Ù†Øª Ø¨Ú¾ÙˆÙ¹Ø§Ù†
     got: ????? ??????
 ; [cca2=BT].translations.zho.common
Expected: ä¸?ä¸¹
     got: ??
 ; [cca2=BT].translations.zho.official
Expected: ä¸?ä¸¹çŽ‹å›½
     got: ????
 ; [cca2=SG].altSpellings[]
Expected: æ–°åŠ å?¡å…±å’Œå›½
     but none found
 ; [cca2=SG].altSpellings[]
Unexpected: ??????
 ; [cca2=SG].flag
Expected: ðŸ‡¸ðŸ‡¬
     got: ??
 ; [cca2=SG].name.nativeName.tam.common
Expected: à®šà®¿à®™à¯?à®•à®ªà¯?à®ªà¯‚à®°à¯?
     got: ???????????
 ; [cca2=SG].name.nativeName.tam.official
Expected: à®šà®¿à®™à¯?à®•à®ªà¯?à®ªà¯‚à®°à¯? à®•à¯?à®Ÿà®¿à®¯à®°à®šà¯?
     got: ??????????? ????????
 ; [cca2=SG].name.nativeName.zho.common
Expected: æ–°åŠ å?¡
     got: ???
 ; [cca2=SG].name.nativeName.zho.official
Expected: æ–°åŠ å?¡å…±å’Œå›½
     got: ??????
 ; [cca2=SG].tld[]
Expected: .æ–°åŠ å?¡
     but none found
 ; [cca2=SG].tld[]
Expected: .à®šà®¿à®™à¯?à®•à®ªà¯?à®ªà¯‚à®°à¯?
     but none found
 ; [cca2=SG].tld[]
Unexpected: .???????????
 ; [cca2=SG].tld[]
Unexpected: .???
 ; [cca2=SG].translations.ara.common
Expected: Ø³Ù†ØºØ§Ù?ÙˆØ±Ø©
     got: ????????
 ; [cca2=SG].translations.ara.official
Expected: Ø¬Ù…Ù‡ÙˆØ±ÙŠØ© Ø³Ù†ØºØ§Ù?ÙˆØ±Ø©
     got: ??????? ????????
 ; [cca2=SG].translations.ces.official
Expected: SingapurskÃ¡ republika
     got: Singapurská republika
 ; [cca2=SG].translations.fra.official
Expected: RÃ©publique de Singapour
     got: République de Singapour
 ; [cca2=SG].translations.hun.common
Expected: SzingapÃºr
     got: Szingapúr
 ; [cca2=SG].translations.hun.official
Expected: SzingapÃºri KÃ¶ztÃ¡rsasÃ¡g
     got: Szingapúri Köztársaság
 ; [cca2=SG].translations.jpn.common
Expected: ã‚·ãƒ³ã‚¬ãƒ?ãƒ¼ãƒ«
     got: ??????
 ; [cca2=SG].translations.jpn.official
Expected: ã‚·ãƒ³ã‚¬ãƒ?ãƒ¼ãƒ«å…±å’Œå›½
     got: ?????????
 ; [cca2=SG].translations.kor.common
Expected: ì‹±ê°€í?¬ë¥´
     got: ????
 ; [cca2=SG].translations.kor.official
Expected: ì‹±ê°€í?¬ë¥´ ê³µí™”êµ­
     got: ???? ???
 ; [cca2=SG].translations.per.common
Expected: Ø³Ù†Ú¯Ø§Ù¾ÙˆØ±
     got: ???????
 ; [cca2=SG].translations.per.official
Expected: Ø¬Ù…Ù‡ÙˆØ±ÛŒ Ø³Ù†Ú¯Ø§Ù¾ÙˆØ±
     got: ?????? ???????
 ; [cca2=SG].translations.por.official
Expected: RepÃºblica de Singapura
     got: República de Singapura
 ; [cca2=SG].translations.rus.common
Expected: Ð¡Ð¸Ð½Ð³Ð°Ð¿ÑƒÑ€
     got: ????????
 ; [cca2=SG].translations.rus.official
Expected: Ð ÐµÑ?Ð¿ÑƒÐ±Ð»Ð¸ÐºÐ° Ð¡Ð¸Ð½Ð³Ð°Ð¿ÑƒÑ€
     got: ?????????? ????????
 ; [cca2=SG].translations.slk.official
Expected: SingapurskÃ¡ republika
     got: Singapurská republika
 ; [cca2=SG].translations.spa.official
Expected: RepÃºblica de Singapur
     got: República de Singapur
 ; [cca2=SG].translations.srp.common
Expected: Ð¡Ð¸Ð½Ð³Ð°Ð¿ÑƒÑ€
     got: ????????
 ; [cca2=SG].translations.srp.official
Expected: Ð ÐµÐ¿ÑƒÐ±Ð»Ð¸ÐºÐ° Ð¡Ð¸Ð½Ð³Ð°Ð¿ÑƒÑ€
     got: ????????? ????????
 ; [cca2=SG].translations.urd.common
Expected: Ø³Ù†Ú¯Ø§Ù¾ÙˆØ±
     got: ???????
 ; [cca2=SG].translations.urd.official
Expected: Ø¬Ù…Û?ÙˆØ±ÛŒÛ? Ø³Ù†Ú¯Ø§Ù¾ÙˆØ±
     got: ??????? ???????
 ; [cca2=BV].altSpellings[]
Expected: BouvetÃ¸ya
     but none found
 ; [cca2=BV].altSpellings[]
Expected: Bouvet-Ã¸ya
     but none found
 ; [cca2=BV].altSpellings[]
Unexpected: Bouvetøya
 ; [cca2=BV].altSpellings[]
Unexpected: Bouvet-øya
 ; [cca2=BV].flag
Expected: ðŸ‡§ðŸ‡»
     got: ??
 ; [cca2=BV].name.nativeName.nor.common
Expected: BouvetÃ¸ya
     got: Bouvetøya
 ; [cca2=BV].name.nativeName.nor.official
Expected: BouvetÃ¸ya
     got: Bouvetøya
 ; [cca2=BV].translations.ara.common
Expected: Ø¬Ø²Ø± Ø¨ÙˆÙ?ÙŠÙ‡
     got: ??? ?????
 ; [cca2=BV].translations.ara.official
Expected: Ø¬Ø²Ø± Ø¨ÙˆÙ?ÙŠÙ‡
     got: ??? ?????
 ; [cca2=BV].translations.ces.common
Expected: BouvetÅ¯v ostrov
     got: Bouvet?v ostrov
 ; [cca2=BV].translations.ces.official
Expected: BouvetÅ¯v ostrov
     got: Bouvet?v ostrov
 ; [cca2=BV].translations.est.common
Expected: Bouvetâ€™ saar
     got: Bouvet’ saar
 ; [cca2=BV].translations.est.official
Expected: Bouvetâ€™ saar
     got: Bouvet’ saar
 ; [cca2=BV].translations.fra.common
Expected: ÃŽle Bouvet
     got: Île Bouvet
 ; [cca2=BV].translations.fra.official
Expected: ÃŽle Bouvet
     got: Île Bouvet
 ; [cca2=BV].translations.jpn.common
Expected: ãƒ–ãƒ¼ãƒ™å³¶
     got: ????
 ; [cca2=BV].translations.jpn.official
Expected: ãƒ–ãƒ¼ãƒ´ã‚§å³¶
     got: ?????
 ; [cca2=BV].translations.kor.common
Expected: ë¶€ë²  ì„¬
     got: ?? ?
 ; [cca2=BV].translations.kor.official
Expected: ë¶€ë²  ì„¬
     got: ?? ?
 ; [cca2=BV].translations.per.common
Expected: Ø¬Ø²ÛŒØ±Ù‡Ù” Ø¨ÙˆÙˆÙ‡
     got: ?????? ????
 ; [cca2=BV].translations.per.official
Expected: Ø¬Ø²ÛŒØ±Ù‡Ù” Ø¨ÙˆÙˆÙ‡
     got: ?????? ????
 ; [cca2=BV].translations.rus.common
Expected: ÐžÑ?Ñ‚Ñ€Ð¾Ð² Ð‘ÑƒÐ²Ðµ
     got: ?????? ????
 ; [cca2=BV].translations.rus.official
Expected: ÐžÑ?Ñ‚Ñ€Ð¾Ð² Ð‘ÑƒÐ²Ðµ
     got: ?????? ????
 ; [cca2=BV].translations.srp.common
Expected: Ð‘ÑƒÐ²Ðµ
     got: ????
 ; [cca2=BV].translations.srp.official
Expected: Ð‘ÑƒÐ²Ðµ
     got: ????
 ; [cca2=BV].translations.swe.common
Expected: BouvetÃ¶n
     got: Bouvetön
 ; [cca2=BV].translations.swe.official
Expected: BouvetÃ¶n
     got: Bouvetön
 ; [cca2=BV].translations.tur.common
Expected: Bouvet AdasÄ±
     got: Bouvet Adas?
 ; [cca2=BV].translations.tur.official
Expected: Bouvet AdasÄ±
     got: Bouvet Adas?
 ; [cca2=BV].translations.urd.common
Expected: Ø¬Ø²ÛŒØ±Û? Ø¨ÙˆÙˆÛ?
     got: ????? ????
 ; [cca2=BV].translations.urd.official
Expected: Ø¬Ø²ÛŒØ±Û? Ø¨ÙˆÙˆÛ?
     got: ????? ????
 ; [cca2=BV].translations.zho.common
Expected: å¸ƒç»´å²›
     got: ???
 ; [cca2=BV].translations.zho.official
Expected: å¸ƒç»´å²›
     got: ???
 ; [cca2=SH].currencies.GBP.symbol
Expected: Â£
     got: £
 ; [cca2=SH].currencies.SHP.symbol
Expected: Â£
     got: £
 ; [cca2=SH].demonyms.fra.f
Expected: Sainte-HÃ©lÃ©noise
     got: Sainte-Hélénoise
 ; [cca2=SH].demonyms.fra.m
Expected: Sainte-HÃ©lÃ¨nois
     got: Sainte-Hélènois
 ; [cca2=SH].flag
Expected: ðŸ‡¸ðŸ‡­
     got: ??
 ; [cca2=SH].translations.ara.common
Expected: Ø³Ø§Ù†Øª Ù‡ÙŠÙ„ÙŠÙ†Ø§ ÙˆØ£Ø³ÙŠÙ†Ø´ÙŠÙ† ÙˆØªØ±ÙŠØ³ØªØ§Ù† Ø¯Ø§ ÙƒÙˆÙ†Ø§
     got: ???? ?????? ???????? ???????? ?? ????
 ; [cca2=SH].translations.ara.official
Expected: Ø³Ø§Ù†Øª Ù‡ÙŠÙ„ÙŠÙ†Ø§ ÙˆØ£Ø³ÙŠÙ†Ø´ÙŠÙ† ÙˆØªØ±ÙŠØ³ØªØ§Ù† Ø¯Ø§ ÙƒÙˆÙ†Ø§
     got: ???? ?????? ???????? ???????? ?? ????
 ; [cca2=SH].translations.ces.common
Expected: SvatÃ¡ Helena, Ascension a Tristan da Cunha
     got: Svatá Helena, Ascension a Tristan da Cunha
 ; [cca2=SH].translations.ces.official
Expected: SvatÃ¡ Helena, Ascension a Tristan da Cunha
     got: Svatá Helena, Ascension a Tristan da Cunha
 ; [cca2=SH].translations.fra.common
Expected: Sainte-HÃ©lÃ¨ne, Ascension et Tristan da Cunha
     got: Sainte-Hélène, Ascension et Tristan da Cunha
 ; [cca2=SH].translations.fra.official
Expected: Sainte-HÃ©lÃ¨ne, Ascension et Tristan da Cunha
     got: Sainte-Hélène, Ascension et Tristan da Cunha
 ; [cca2=SH].translations.jpn.common
Expected: ã‚»ãƒ³ãƒˆãƒ˜ãƒ¬ãƒŠãƒ»ã‚¢ã‚»ãƒ³ã‚·ãƒ§ãƒ³ã?Šã‚ˆã?³ãƒˆãƒªã‚¹ã‚¿ãƒ³ãƒ€ã‚¯ãƒ¼ãƒ‹ãƒ£
     got: ??????????????????????????
 ; [cca2=SH].translations.jpn.official
Expected: ã‚»ãƒ³ãƒˆãƒ˜ãƒ¬ãƒŠãƒ»ã‚¢ã‚»ãƒ³ã‚·ãƒ§ãƒ³ã?Šã‚ˆã?³ãƒˆãƒªã‚¹ã‚¿ãƒ³ãƒ€ã‚¯ãƒ¼ãƒ‹ãƒ£
     got: ??????????????????????????
 ; [cca2=SH].translations.kor.common
Expected: ì„¸ì?¸íŠ¸í—¬ë ˆë‚˜
     got: ??????
 ; [cca2=SH].translations.kor.official
Expected: ì„¸ì?¸íŠ¸í—¬ë ˆë‚˜
     got: ??????
 ; [cca2=SH].translations.per.common
Expected: Ø³Ù†Øª Ù‡Ù„Ù†
     got: ??? ???
 ; [cca2=SH].translations.per.official
Expected: Ø³Ù†Øª Ù‡Ù„Ù†
     got: ??? ???
 ; [cca2=SH].translations.pol.common
Expected: Wyspa ÅšwiÄ™tej Heleny, Wyspa WniebowstÄ…pienia i Tristan da Cunha
     got: Wyspa ?wi?tej Heleny, Wyspa Wniebowst?pienia i Tristan da Cunha
 ; [cca2=SH].translations.pol.official
Expected: Wyspa ÅšwiÄ™tej Heleny, Wyspa WniebowstÄ…pienia i Tristan da Cunha
     got: Wyspa ?wi?tej Heleny, Wyspa Wniebowst?pienia i Tristan da Cunha
 ; [cca2=SH].translations.por.common
Expected: Santa Helena, AscensÃ£o e TristÃ£o da Cunha
     got: Santa Helena, Ascensão e Tristão da Cunha
 ; [cca2=SH].translations.por.official
Expected: Santa Helena, AscensÃ£o e TristÃ£o da Cunha
     got: Santa Helena, Ascensão e Tristão da Cunha
 ; [cca2=SH].translations.rus.common
Expected: ÐžÑ?Ñ‚Ñ€Ð¾Ð²Ð° Ð¡Ð²Ñ?Ñ‚Ð¾Ð¹ Ð•Ð»ÐµÐ½Ñ‹, Ð’Ð¾Ð·Ð½ÐµÑ?ÐµÐ½Ð¸Ñ? Ð¸ Ð¢Ñ€Ð¸Ñ?Ñ‚Ð°Ð½-Ð´Ð°-ÐšÑƒÐ½ÑŒÑ?
     got: ??????? ?????? ?????, ?????????? ? ???????-??-?????
 ; [cca2=SH].translations.rus.official
Expected: ÐžÑ?Ñ‚Ñ€Ð¾Ð²Ð° Ð¡Ð²Ñ?Ñ‚Ð¾Ð¹ Ð•Ð»ÐµÐ½Ñ‹, Ð’Ð¾Ð·Ð½ÐµÑ?ÐµÐ½Ð¸Ñ? Ð¸ Ð¢Ñ€Ð¸Ñ?Ñ‚Ð°Ð½-Ð´Ð°-ÐšÑƒÐ½ÑŒÑ?
     got: ??????? ?????? ?????, ?????????? ? ???????-??-?????
 ; [cca2=SH].translations.slk.common
Expected: SvÃ¤tÃ¡ Helena (zÃ¡morskÃ© Ãºzemie)
     got: Svätá Helena (zámorské územie)
 ; [cca2=SH].translations.slk.official
Expected: SvÃ¤tÃ¡ Helena (zÃ¡morskÃ© Ãºzemie)
     got: Svätá Helena (zámorské územie)
 ; [cca2=SH].translations.spa.common
Expected: Santa Elena, AscensiÃ³n y TristÃ¡n de AcuÃ±a
     got: Santa Elena, Ascensión y Tristán de Acuña
 ; [cca2=SH].translations.spa.official
Expected: Santa Elena, AscensiÃ³n y TristÃ¡n de AcuÃ±a
     got: Santa Elena, Ascensión y Tristán de Acuña
 ; [cca2=SH].translations.srp.common
Expected: Ð¡Ð²ÐµÑ‚Ð° ÐˆÐµÐ»ÐµÐ½Ð°
     got: ????? ??????
 ; [cca2=SH].translations.srp.official
Expected: Ð¡Ð²ÐµÑ‚Ð° ÐˆÐµÐ»ÐµÐ½Ð°, Ð?Ñ?ÐµÐ½Ñ?Ð¸Ð¾Ð½ Ð¸ Ð¢Ñ€Ð¸Ñ?Ñ‚Ð°Ð½ Ð´Ð° ÐšÑƒÑšÐ°
     got: ????? ??????, ???????? ? ??????? ?? ????
 ; [cca2=SH].translations.urd.common
Expected: Ø³ÛŒÙ†Ù¹ Û?Ù„ÛŒÙ†Ø§ØŒ Ø§Ø³ÛŒÙ†Ø´Ù† Ùˆ ØªØ±Ø³Ù¹Ø§Ù† Ø¯Ø§ Ú©ÙˆÙ†ÛŒØ§
     got: ???? ?????? ?????? ? ?????? ?? ?????
 ; [cca2=SH].translations.urd.official
Expected: Ø³ÛŒÙ†Ù¹ Û?Ù„ÛŒÙ†Ø§ØŒ Ø§Ø³ÛŒÙ†Ø´Ù† Ùˆ ØªØ±Ø³Ù¹Ø§Ù† Ø¯Ø§ Ú©ÙˆÙ†ÛŒØ§
     got: ???? ?????? ?????? ? ?????? ?? ?????
 ; [cca2=SH].translations.zho.common
Expected: åœ£èµ«å‹’æ‹¿ã€?é˜¿æ£®æ?¾å’Œç‰¹é‡Œæ–¯å?¦-è¾¾åº“å°¼äºš
     got: ?????????????-????
 ; [cca2=SH].translations.zho.official
Expected: åœ£èµ«å‹’æ‹¿ã€?é˜¿æ£®æ?¾å’Œç‰¹é‡Œæ–¯å?¦-è¾¾åº“å°¼äºš
     got: ?????????????-????
 ; [cca2=BW].flag
Expected: ðŸ‡§ðŸ‡¼
     got: ??
 ; [cca2=BW].translations.ara.common
Expected: Ø¨ÙˆØªØ³ÙˆØ§Ù†Ø§
     got: ????????
 ; [cca2=BW].translations.ara.official
Expected: Ø¬Ù…Ù‡ÙˆØ±ÙŠØ© Ø¨ÙˆØªØ³ÙˆØ§Ù†Ø§
     got: ??????? ????????
 ; [cca2=BW].translations.ces.official
Expected: BotswanskÃ¡ republika
     got: Botswanská republika
 ; [cca2=BW].translations.fra.official
Expected: RÃ©publique du Botswana
     got: République du Botswana
 ; [cca2=BW].translations.hun.official
Expected: Botswanai KÃ¶ztÃ¡rsasÃ¡g
     got: Botswanai Köztársaság
 ; [cca2=BW].translations.jpn.common
Expected: ãƒœãƒ„ãƒ¯ãƒŠ
     got: ????
 ; [cca2=BW].translations.jpn.official
Expected: ãƒœãƒ„ãƒ¯ãƒŠå…±å’Œå›½
     got: ???????
 ; [cca2=BW].translations.kor.common
Expected: ë³´ì¸ ì™€ë‚˜
     got: ????
 ; [cca2=BW].translations.kor.official
Expected: ë³´ì¸ ì™€ë‚˜ ê³µí™”êµ­
     got: ???? ???
 ; [cca2=BW].translations.per.common
Expected: Ø¨ÙˆØªØ³ÙˆØ§Ù†Ø§
     got: ????????
 ; [cca2=BW].translations.per.official
Expected: Ø¬Ù…Ù‡ÙˆØ±ÛŒ Ø¨ÙˆØªØ³ÙˆØ§Ù†Ø§
     got: ?????? ????????
 ; [cca2=BW].translations.por.official
Expected: RepÃºblica do Botswana
     got: República do Botswana
 ; [cca2=BW].translations.rus.common
Expected: Ð‘Ð¾Ñ‚Ñ?Ð²Ð°Ð½Ð°
     got: ????????
 ; [cca2=BW].translations.rus.official
Expected: Ð ÐµÑ?Ð¿ÑƒÐ±Ð»Ð¸ÐºÐ° Ð‘Ð¾Ñ‚Ñ?Ð²Ð°Ð½Ð°
     got: ?????????? ????????
 ; [cca2=BW].translations.slk.official
Expected: BotswanskÃ¡ republika
     got: Botswanská republika
 ; [cca2=BW].translations.spa.official
Expected: RepÃºblica de Botswana
     got: República de Botswana
 ; [cca2=BW].translations.srp.common
Expected: Ð‘Ð¾Ñ†Ð²Ð°Ð½Ð°
     got: ???????
 ; [cca2=BW].translations.srp.official
Expected: Ð ÐµÐ¿ÑƒÐ±Ð»Ð¸ÐºÐ° Ð‘Ð¾Ñ†Ð²Ð°Ð½Ð°
     got: ????????? ???????
 ; [cca2=BW].translations.urd.common
Expected: Ø¨ÙˆÙ¹Ø³ÙˆØ§Ù†Ø§
     got: ????????
 ; [cca2=BW].translations.urd.official
Expected: Ø¬Ù…Û?ÙˆØ±ÛŒÛ? Ø¨ÙˆÙ¹Ø³ÙˆØ§Ù†Ø§
     got: ??????? ????????
 ; [cca2=BW].translations.zho.common
Expected: å?šèŒ¨ç“¦çº³
     got: ????
 ; [cca2=BW].translations.zho.official
Expected: å?šèŒ¨ç“¦çº³å…±å’Œå›½
     got: ???????
 ; [cca2=SI].currencies.EUR.symbol
Expected: â‚¬
     got: €
 ; [cca2=SI].demonyms.fra.f
Expected: SlovÃ¨ne
     got: Slovène
 ; [cca2=SI].demonyms.fra.m
Expected: SlovÃ¨ne
     got: Slovène
 ; [cca2=SI].flag
Expected: ðŸ‡¸ðŸ‡®
     got: ??
 ; [cca2=SI].translations.ara.common
Expected: Ø³Ù„ÙˆÙ?ÙŠÙ†ÙŠØ§
     got: ????????
 ; [cca2=SI].translations.ara.official
Expected: Ø¬Ù…Ù‡ÙˆØ±ÙŠØ© Ø³Ù„ÙˆÙ?ÙŠÙ†ÙŠØ§
     got: ??????? ????????
 ; [cca2=SI].translations.ces.official
Expected: SlovinskÃ¡ republika
     got: Slovinská republika
 ; [cca2=SI].translations.fra.common
Expected: SlovÃ©nie
     got: Slovénie
 ; [cca2=SI].translations.fra.official
Expected: RÃ©publique de SlovÃ©nie
     got: République de Slovénie
 ; [cca2=SI].translations.hun.common
Expected: SzlovÃ©nia
     got: Szlovénia
 ; [cca2=SI].translations.hun.official
Expected: SzlovÃ©n KÃ¶ztÃ¡rsasÃ¡g
     got: Szlovén Köztársaság
 ; [cca2=SI].translations.jpn.common
Expected: ã‚¹ãƒ­ãƒ™ãƒ‹ã‚¢
     got: ?????
 ; [cca2=SI].translations.jpn.official
Expected: ã‚¹ãƒ­ãƒ™ãƒ‹ã‚¢å…±å’Œå›½
     got: ????????
 ; [cca2=SI].translations.kor.common
Expected: ìŠ¬ë¡œë² ë‹ˆì•„
     got: ?????
 ; [cca2=SI].translations.kor.official
Expected: ìŠ¬ë¡œë² ë‹ˆì•„ ê³µí™”êµ­
     got: ????? ???
 ; [cca2=SI].translations.nld.common
Expected: SloveniÃ«
     got: Slovenië
 ; [cca2=SI].translations.nld.official
Expected: Republiek SloveniÃ«
     got: Republiek Slovenië
 ; [cca2=SI].translations.per.common
Expected: Ø§Ø³Ù„ÙˆÙˆÙ†ÛŒ
     got: ???????
 ; [cca2=SI].translations.per.official
Expected: Ø¬Ù…Ù‡ÙˆØ±ÛŒ Ø§Ø³Ù„ÙˆÙˆÙ†ÛŒ
     got: ?????? ???????
 ; [cca2=SI].translations.pol.common
Expected: SÅ‚owenia
     got: S?owenia
 ; [cca2=SI].translations.pol.official
Expected: Republika SÅ‚owenii
     got: Republika S?owenii
 ; [cca2=SI].translations.por.common
Expected: EslovÃ©nia
     got: Eslovénia
 ; [cca2=SI].translations.por.official
Expected: RepÃºblica da EslovÃ©nia
     got: República da Eslovénia
 ; [cca2=SI].translations.rus.common
Expected: Ð¡Ð»Ð¾Ð²ÐµÐ½Ð¸Ñ?
     got: ????????
 ; [cca2=SI].translations.rus.official
Expected: Ð ÐµÑ?Ð¿ÑƒÐ±Ð»Ð¸ÐºÐ° Ð¡Ð»Ð¾Ð²ÐµÐ½Ð¸Ñ?
     got: ?????????? ????????
 ; [cca2=SI].translations.slk.official
Expected: SlovinskÃ¡ republika
     got: Slovinská republika
 ; [cca2=SI].translations.spa.official
Expected: RepÃºblica de Eslovenia
     got: República de Eslovenia
 ; [cca2=SI].translations.srp.common
Expected: Ð¡Ð»Ð¾Ð²ÐµÐ½Ð¸Ñ˜Ð°
     got: ?????????
 ; [cca2=SI].translations.srp.official
Expected: Ð ÐµÐ¿ÑƒÐ±Ð»Ð¸ÐºÐ° Ð¡Ð»Ð¾Ð²ÐµÐ½Ð¸Ñ˜Ð°
     got: ????????? ?????????
 ; [cca2=SI].translations.urd.common
Expected: Ø³Ù„ÙˆÙˆÛŒÙ†ÛŒØ§
     got: ????????
 ; [cca2=SI].translations.urd.official
Expected: Ø¬Ù…Û?ÙˆØ±ÛŒÛ? Ø³Ù„ÙˆÙˆÛŒÙ†ÛŒØ§
     got: ??????? ????????
 ; [cca2=SI].translations.zho.common
Expected: æ–¯æ´›æ–‡å°¼äºš
     got: ?????
 ; [cca2=SI].translations.zho.official
Expected: æ–¯æ´›æ–‡å°¼äºšå…±å’Œå›½
     got: ????????
 ; [cca2=SJ].flag
Expected: ðŸ‡¸ðŸ‡¯
     got: ??
 ; [cca2=SJ].translations.ara.common
Expected: Ø³Ù?Ø§Ù„Ø¨Ø§Ø±Ø¯ ÙˆÙŠØ§Ù† Ù…Ø§ÙŠÙ†
     got: ???????? ???? ????
 ; [cca2=SJ].translations.ara.official
Expected: Ø³Ù?Ø§Ù„Ø¨Ø§Ø±Ø¯ ÙˆÙŠØ§Ù† Ù…Ø§ÙŠÙ†
     got: ???????? ???? ????
 ; [cca2=SJ].translations.ces.common
Expected: Å picberky a Jan Mayen
     got: Špicberky a Jan Mayen
 ; [cca2=SJ].translations.ces.official
Expected: Å picberky a Jan Mayen
     got: Špicberky a Jan Mayen
 ; [cca2=SJ].translations.hun.common
Expected: Svalbard Ã©s Jan Mayen
     got: Svalbard és Jan Mayen
 ; [cca2=SJ].translations.hun.official
Expected: Svalbard Ã©s Jan Mayen
     got: Svalbard és Jan Mayen
 ; [cca2=SJ].translations.jpn.common
Expected: ã‚¹ãƒ´ã‚¡ãƒ¼ãƒ«ãƒ?ãƒ«è«¸å³¶ã?Šã‚ˆã?³ãƒ¤ãƒ³ãƒžã‚¤ã‚¨ãƒ³å³¶
     got: ???????????????????
 ; [cca2=SJ].translations.jpn.official
Expected: ã‚¹ãƒ?ãƒ¼ãƒ«ãƒ?ãƒ«è«¸å³¶OGãƒ¤ãƒ³ãƒžã‚¤ã‚¨ãƒ³
     got: ????????OG??????
 ; [cca2=SJ].translations.kor.common
Expected: ìŠ¤ë°œë°”ë¥´ ì–€ë§ˆì˜Œ ì œë?„
     got: ???? ??? ??
 ; [cca2=SJ].translations.kor.official
Expected: ìŠ¤ë°œë°”ë¥´ ì–€ë§ˆì˜Œ ì œë?„
     got: ???? ??? ??
 ; [cca2=SJ].translations.per.common
Expected: Ø³ÙˆØ§Ù„Ø¨Ø§Ø±Ø¯ Ùˆ ÛŒØ§Ù† Ù…Ø§ÛŒÙ†
     got: ???????? ? ??? ????
 ; [cca2=SJ].translations.per.official
Expected: Ø³ÙˆØ§Ù„Ø¨Ø§Ø±Ø¯ Ùˆ ÛŒØ§Ù† Ù…Ø§ÛŒÙ†
     got: ???????? ? ??? ????
 ; [cca2=SJ].translations.rus.common
Expected: Ð¨Ð¿Ð¸Ñ†Ð±ÐµÑ€Ð³ÐµÐ½ Ð¸ Ð¯Ð½-ÐœÐ°Ð¹ÐµÐ½
     got: ?????????? ? ??-?????
 ; [cca2=SJ].translations.rus.official
Expected: Ð¡Ð²Ð°Ð»ÑŒÐ±Ð°Ñ€Ð´Ð° Ð¾Ð³ Ð¯Ð½-ÐœÐ°Ð¹ÐµÐ½
     got: ?????????? ?? ??-?????
 ; [cca2=SJ].translations.srp.common
Expected: Ð¡Ð²Ð°Ð»Ð±Ð°Ñ€Ð´ Ð¸ ÐˆÐ°Ð½ ÐœÐ°Ñ˜ÐµÐ½
     got: ???????? ? ??? ?????
 ; [cca2=SJ].translations.srp.official
Expected: Ð¡Ð²Ð°Ð»Ð±Ð°Ñ€Ð´ Ð¸ ÐˆÐ°Ð½ ÐœÐ°Ñ˜ÐµÐ½
     got: ???????? ? ??? ?????
 ; [cca2=SJ].translations.urd.common
Expected: Ø³ÙˆØ§Ù„Ø¨Ø§Ø±Úˆ Ø§ÙˆØ± Ø¬Ø§Ù† Ù…ÛŒØ¦Ù†
     got: ???????? ??? ??? ????
 ; [cca2=SJ].translations.urd.official
Expected: Ø³ÙˆØ§Ù„Ø¨Ø§Ø±Úˆ Ø§ÙˆØ± Ø¬Ø§Ù† Ù…ÛŒØ¦Ù†
     got: ???????? ??? ??? ????
 ; [cca2=SJ].translations.zho.common
Expected: æ–¯ç“¦å°”å·´ç‰¹
     got: ?????
 ; [cca2=SJ].translations.zho.official
Expected: æ–¯ç“¦å°”å·´ç‰¹
     got: ?????
 ; [cca2=BY].altSpellings[]
Expected: BielaruÅ›
     but none found
 ; [cca2=BY].altSpellings[]
Expected: Ð‘ÐµÐ»Ð¾Ñ€ÑƒÑ?Ñ?Ð¸Ñ?
     but none found
 ; [cca2=BY].altSpellings[]
Expected: Ð ÐµÑ?Ð¿ÑƒÐ±Ð»Ð¸ÐºÐ° Ð‘ÐµÐ»Ð¾Ñ€ÑƒÑ?Ñ?Ð¸Ñ?
     but none found
 ; [cca2=BY].altSpellings[]
Unexpected: Bielaru?
 ; [cca2=BY].altSpellings[]
Unexpected: ?????????? ??????????
 ; [cca2=BY].altSpellings[]
Unexpected: ??????????
 ; [cca2=BY].demonyms.fra.f
Expected: BiÃ©lorusse
     got: Biélorusse
 ; [cca2=BY].demonyms.fra.m
Expected: BiÃ©lorusse
     got: Biélorusse
 ; [cca2=BY].flag
Expected: ðŸ‡§ðŸ‡¾
     got: ??
 ; [cca2=BY].name.nativeName.bel.common
Expected: Ð‘ÐµÐ»Ð°Ñ€ÑƒÌ?Ñ?ÑŒ
     got: ?????????
 ; [cca2=BY].name.nativeName.bel.official
Expected: Ð Ñ?Ñ?Ð¿ÑƒÐ±Ð»Ñ–ÐºÐ° Ð‘ÐµÐ»Ð°Ñ€ÑƒÑ?ÑŒ
     got: ?????????? ????????
 ; [cca2=BY].name.nativeName.rus.common
Expected: Ð‘ÐµÐ»Ð°Ñ€ÑƒÑ?ÑŒ
     got: ????????
 ; [cca2=BY].name.nativeName.rus.official
Expected: Ð ÐµÑ?Ð¿ÑƒÐ±Ð»Ð¸ÐºÐ° Ð‘ÐµÐ»Ð°Ñ€ÑƒÑ?ÑŒ
     got: ?????????? ????????
 ; [cca2=BY].translations.ara.common
Expected: Ø¨ÙŠÙ„Ø§Ø±ÙˆØ³ÙŠØ§
     got: ?????????
 ; [cca2=BY].translations.ara.official
Expected: Ø¬Ù…Ù‡ÙˆØ±ÙŠØ© Ø¨ÙŠÙ„Ø§Ø±ÙˆØ³ÙŠØ§
     got: ??????? ?????????
 ; [cca2=BY].translations.ces.common
Expected: BÄ›lorusko
     got: B?lorusko
 ; [cca2=BY].translations.ces.official
Expected: BÄ›loruskÃ¡ republika
     got: B?loruská republika
 ; [cca2=BY].translations.deu.common
Expected: WeiÃŸrussland
     got: Weißrussland
 ; [cca2=BY].translations.fin.common
Expected: Valko-VenÃ¤jÃ¤
     got: Valko-Venäjä
 ; [cca2=BY].translations.fin.official
Expected: Valko-VenÃ¤jÃ¤n tasavalta
     got: Valko-Venäjän tasavalta
 ; [cca2=BY].translations.fra.common
Expected: BiÃ©lorussie
     got: Biélorussie
 ; [cca2=BY].translations.fra.official
Expected: RÃ©publique de BiÃ©lorussie
     got: République de Biélorussie
 ; [cca2=BY].translations.hun.common
Expected: FehÃ©roroszorszÃ¡g
     got: Fehéroroszország
 ; [cca2=BY].translations.hun.official
Expected: FehÃ©rorosz KÃ¶ztÃ¡rsasÃ¡g
     got: Fehérorosz Köztársaság
 ; [cca2=BY].translations.jpn.common
Expected: ãƒ™ãƒ©ãƒ«ãƒ¼ã‚·
     got: ?????
 ; [cca2=BY].translations.jpn.official
Expected: ãƒ™ãƒ©ãƒ«ãƒ¼ã‚·å…±å’Œå›½
     got: ????????
 ; [cca2=BY].translations.kor.common
Expected: ë²¨ë?¼ë£¨ìŠ¤
     got: ????
 ; [cca2=BY].translations.kor.official
Expected: ë²¨ë?¼ë£¨ìŠ¤ ê³µí™”êµ­
     got: ???? ???
 ; [cca2=BY].translations.per.common
Expected: Ø¨Ù„Ø§Ø±ÙˆØ³
     got: ??????
 ; [cca2=BY].translations.per.official
Expected: Ø¬Ù…Ù‡ÙˆØ±ÛŒ Ø¨Ù„Ø§Ø±ÙˆØ³
     got: ?????? ??????
 ; [cca2=BY].translations.pol.common
Expected: BiaÅ‚oruÅ›
     got: Bia?oru?
 ; [cca2=BY].translations.pol.official
Expected: Republika BiaÅ‚orusi
     got: Republika Bia?orusi
 ; [cca2=BY].translations.por.common
Expected: BielorÃºssia
     got: Bielorússia
 ; [cca2=BY].translations.por.official
Expected: RepÃºblica da BielorrÃºssia
     got: República da Bielorrússia
 ; [cca2=BY].translations.rus.common
Expected: Ð‘ÐµÐ»Ð°Ñ€ÑƒÑ?ÑŒ
     got: ????????
 ; [cca2=BY].translations.rus.official
Expected: Ð ÐµÑ?Ð¿ÑƒÐ±Ð»Ð¸ÐºÐ° Ð‘ÐµÐ»Ð°Ñ€ÑƒÑ?ÑŒ
     got: ?????????? ????????
 ; [cca2=BY].translations.slk.official
Expected: BieloruskÃ¡ republika
     got: Bieloruská republika
 ; [cca2=BY].translations.spa.official
Expected: RepÃºblica de BelarÃºs
     got: República de Belarús
 ; [cca2=BY].translations.srp.common
Expected: Ð‘ÐµÐ»Ð¾Ñ€ÑƒÑ?Ð¸Ñ˜Ð°
     got: ??????????
 ; [cca2=BY].translations.srp.official
Expected: Ð ÐµÐ¿ÑƒÐ±Ð»Ð¸ÐºÐ° Ð‘ÐµÐ»Ð¾Ñ€ÑƒÑ?Ð¸Ñ˜Ð°
     got: ????????? ??????????
 ; [cca2=BY].translations.urd.common
Expected: Ø¨ÛŒÙ„Ø§Ø±ÙˆØ³
     got: ???????
 ; [cca2=BY].translations.urd.official
Expected: Ø¬Ù…Û?ÙˆØ±ÛŒÛ? Ø¨ÛŒÙ„Ø§Ø±ÙˆØ³
     got: ??????? ???????
 ; [cca2=BY].translations.zho.common
Expected: ç™½ä¿„ç½—æ–¯
     got: ????
 ; [cca2=BY].translations.zho.official
Expected: ç™½ä¿„ç½—æ–¯å…±å’Œå›½
     got: ???????
 ; [cca2=BZ].demonyms.fra.f
Expected: BÃ©lizienne
     got: Bélizienne
 ; [cca2=BZ].demonyms.fra.m
Expected: BÃ©lizien
     got: Bélizien
 ; [cca2=BZ].flag
Expected: ðŸ‡§ðŸ‡¿
     got: ??
 ; [cca2=BZ].translations.ara.common
Expected: Ø¨Ù„ÙŠØ²
     got: ????
 ; [cca2=BZ].translations.ara.official
Expected: Ø¨Ù„ÙŠØ²
     got: ????
 ; [cca2=BZ].translations.cym.common
Expected: BelÃ®s
     got: Belîs
 ; [cca2=BZ].translations.cym.official
Expected: BelÃ®s
     got: Belîs
 ; [cca2=BZ].translations.jpn.common
Expected: ãƒ™ãƒªãƒ¼ã‚º
     got: ????
 ; [cca2=BZ].translations.jpn.official
Expected: ãƒ™ãƒªãƒ¼ã‚º
     got: ????
 ; [cca2=BZ].translations.kor.common
Expected: ë²¨ë¦¬ì¦ˆ
     got: ???
 ; [cca2=BZ].translations.kor.official
Expected: ë²¨ë¦¬ì¦ˆ
     got: ???
 ; [cca2=BZ].translations.per.common
Expected: Ø¨Ù„ÛŒØ²
     got: ????
 ; [cca2=BZ].translations.per.official
Expected: Ø¨Ù„ÛŒØ²
     got: ????
 ; [cca2=BZ].translations.rus.common
Expected: Ð‘ÐµÐ»Ð¸Ð·
     got: ?????
 ; [cca2=BZ].translations.rus.official
Expected: Ð‘ÐµÐ»Ð¸Ð·
     got: ?????
 ; [cca2=BZ].translations.srp.common
Expected: Ð‘ÐµÐ»Ð¸Ð·Ðµ
     got: ??????
 ; [cca2=BZ].translations.srp.official
Expected: Ð‘ÐµÐ»Ð¸Ð·Ðµ
     got: ??????
 ; [cca2=BZ].translations.urd.common
Expected: Ø¨ÛŒÙ„ÛŒØ²
     got: ?????
 ; [cca2=BZ].translations.urd.official
Expected: Ø¨ÛŒÙ„ÛŒØ²
     got: ?????
 ; [cca2=BZ].translations.zho.common
Expected: ä¼¯åˆ©å…¹
     got: ???
 ; [cca2=BZ].translations.zho.official
Expected: ä¼¯åˆ©å…¹
     got: ???
 ; [cca2=SK].altSpellings[]
Expected: SlovenskÃ¡ republika
     but none found
 ; [cca2=SK].altSpellings[]
Unexpected: Slovenská republika
 ; [cca2=SK].currencies.EUR.symbol
Expected: â‚¬
     got: €
 ; [cca2=SK].flag
Expected: ðŸ‡¸ðŸ‡°
     got: ??
 ; [cca2=SK].name.nativeName.slk.official
Expected: SlovenskÃ¡ republika
     got: Slovenská republika
 ; [cca2=SK].translations.ara.common
Expected: Ø³Ù„ÙˆÙ?Ø§ÙƒÙŠØ§
     got: ????????
 ; [cca2=SK].translations.ara.official
Expected: Ø¬Ù…Ù‡ÙˆØ±ÙŠØ© Ø³Ù„ÙˆÙ?Ø§ÙƒÙŠØ§
     got: ??????? ????????
 ; [cca2=SK].translations.ces.official
Expected: SlovenskÃ¡ republika
     got: Slovenská republika
 ; [cca2=SK].translations.fra.official
Expected: RÃ©publique slovaque
     got: République slovaque
 ; [cca2=SK].translations.hrv.common
Expected: SlovaÄ?ka
     got: Slova?ka
 ; [cca2=SK].translations.hrv.official
Expected: slovaÄ?ka
     got: slova?ka
 ; [cca2=SK].translations.hun.common
Expected: SzlovÃ¡kia
     got: Szlovákia
 ; [cca2=SK].translations.hun.official
Expected: SzlovÃ¡k KÃ¶ztÃ¡rsasÃ¡g
     got: Szlovák Köztársaság
 ; [cca2=SK].translations.jpn.common
Expected: ã‚¹ãƒ­ãƒ?ã‚­ã‚¢
     got: ?????
 ; [cca2=SK].translations.jpn.official
Expected: ã‚¹ãƒ­ãƒ?ã‚­ã‚¢å…±å’Œå›½
     got: ????????
 ; [cca2=SK].translations.kor.common
Expected: ìŠ¬ë¡œë°”í‚¤ì•„
     got: ?????
 ; [cca2=SK].translations.kor.official
Expected: ìŠ¬ë¡œë°”í‚¤ì•„ ê³µí™”êµ­
     got: ????? ???
 ; [cca2=SK].translations.per.common
Expected: Ø§Ù?Ø³Ù„Ù?ÙˆØ§Ú©ÛŒ
     got: ?????????
 ; [cca2=SK].translations.per.official
Expected: Ø¬Ù…Ù‡ÙˆØ±ÛŒ Ø§Ø³Ù„ÙˆØ§Ú©ÛŒ
     got: ?????? ???????
 ; [cca2=SK].translations.pol.common
Expected: SÅ‚owacja
     got: S?owacja
 ; [cca2=SK].translations.pol.official
Expected: Republika SÅ‚owacka
     got: Republika S?owacka
 ; [cca2=SK].translations.por.common
Expected: EslovÃ¡quia
     got: Eslováquia
 ; [cca2=SK].translations.por.official
Expected: RepÃºblica Eslovaca
     got: República Eslovaca
 ; [cca2=SK].translations.rus.common
Expected: Ð¡Ð»Ð¾Ð²Ð°ÐºÐ¸Ñ?
     got: ????????
 ; [cca2=SK].translations.rus.official
Expected: Ð¡Ð»Ð¾Ð²Ð°Ñ†ÐºÐ°Ñ? Ð ÐµÑ?Ð¿ÑƒÐ±Ð»Ð¸ÐºÐ°
     got: ????????? ??????????
 ; [cca2=SK].translations.slk.official
Expected: SlovenskÃ¡ republika
     got: Slovenská republika
 ; [cca2=SK].translations.spa.common
Expected: RepÃºblica Eslovaca
     got: República Eslovaca
 ; [cca2=SK].translations.spa.official
Expected: RepÃºblica Eslovaca
     got: República Eslovaca
 ; [cca2=SK].translations.srp.common
Expected: Ð¡Ð»Ð¾Ð²Ð°Ñ‡ÐºÐ°
     got: ????????
 ; [cca2=SK].translations.srp.official
Expected: Ð¡Ð»Ð¾Ð²Ð°Ñ‡ÐºÐ° Ð ÐµÐ¿ÑƒÐ±Ð»Ð¸ÐºÐ°
     got: ???????? ?????????
 ; [cca2=SK].translations.urd.common
Expected: Ø³Ù„ÙˆÙˆØ§Ú©ÛŒÛ?
     got: ????????
 ; [cca2=SK].translations.urd.official
Expected: Ø¬Ù…Û?ÙˆØ±ÛŒÛ? Ø³Ù„ÙˆÙˆØ§Ú©ÛŒÛ?
     got: ??????? ????????
 ; [cca2=SK].translations.zho.common
Expected: æ–¯æ´›ä¼?å…‹
     got: ????
 ; [cca2=SK].translations.zho.official
Expected: æ–¯æ´›ä¼?å…‹å…±å’Œå›½
     got: ???????
 ; [cca2=SL].flag
Expected: ðŸ‡¸ðŸ‡±
     got: ??
 ; [cca2=SL].translations.ara.common
Expected: Ø³ÙŠØ±Ø§Ù„ÙŠÙˆÙ†
     got: ????????
 ; [cca2=SL].translations.ara.official
Expected: Ø¬Ù…Ù‡ÙˆØ±ÙŠØ© Ø³ÙŠØ±Ø§Ù„ÙŠÙˆÙ†
     got: ??????? ????????
 ; [cca2=SL].translations.fra.official
Expected: RÃ©publique de Sierra Leone
     got: République de Sierra Leone
 ; [cca2=SL].translations.hun.official
Expected: Sierra Leone KÃ¶ztÃ¡rsasÃ¡g
     got: Sierra Leone Köztársaság
 ; [cca2=SL].translations.jpn.common
Expected: ã‚·ã‚¨ãƒ©ãƒ¬ã‚ªãƒ?
     got: ??????
 ; [cca2=SL].translations.jpn.official
Expected: ã‚·ã‚¨ãƒ©ãƒ¬ã‚ªãƒ?å…±å’Œå›½
     got: ?????????
 ; [cca2=SL].translations.kor.common
Expected: ì‹œì—?ë?¼ë¦¬ì˜¨
     got: ?????
 ; [cca2=SL].translations.kor.official
Expected: ì‹œì—?ë?¼ë¦¬ì˜¨ ê³µí™”êµ­
     got: ????? ???
 ; [cca2=SL].translations.per.common
Expected: Ø³ÛŒØ±Ø§Ù„Ø¦ÙˆÙ†
     got: ????????
 ; [cca2=SL].translations.per.official
Expected: Ø¬Ù…Ù‡ÙˆØ±ÛŒ Ø³ÛŒØ±Ø§Ù„Ø¦ÙˆÙ†
     got: ?????? ????????
 ; [cca2=SL].translations.por.official
Expected: RepÃºblica da Serra Leoa
     got: República da Serra Leoa
 ; [cca2=SL].translations.rus.common
Expected: Ð¡ÑŒÐµÑ€Ñ€Ð°-Ð›ÐµÐ¾Ð½Ðµ
     got: ??????-?????
 ; [cca2=SL].translations.rus.official
Expected: Ð ÐµÑ?Ð¿ÑƒÐ±Ð»Ð¸ÐºÐ° Ð¡ÑŒÐµÑ€Ñ€Ð°-Ð›ÐµÐ¾Ð½Ðµ
     got: ?????????? ??????-?????
 ; [cca2=SL].translations.slk.official
Expected: SierraleonskÃ¡ republika
     got: Sierraleonská republika
 ; [cca2=SL].translations.spa.official
Expected: RepÃºblica de Sierra Leona
     got: República de Sierra Leona
 ; [cca2=SL].translations.srp.common
Expected: Ð¡Ð¸Ñ˜ÐµÑ€Ð° Ð›ÐµÐ¾Ð½Ðµ
     got: ?????? ?????
 ; [cca2=SL].translations.srp.official
Expected: Ð ÐµÐ¿ÑƒÐ±Ð»Ð¸ÐºÐ° Ð¡Ð¸Ñ˜ÐµÑ€Ð° Ð›ÐµÐ¾Ð½Ðµ
     got: ????????? ?????? ?????
 ; [cca2=SL].translations.urd.common
Expected: Ø³ÛŒØ±Ø§Ù„ÛŒÙˆÙ†
     got: ????????
 ; [cca2=SL].translations.urd.official
Expected: Ø¬Ù…Û?ÙˆØ±ÛŒÛ? Ø³ÛŒØ±Ø§Ù„ÛŒÙˆÙ†
     got: ??????? ????????
 ; [cca2=SL].translations.zho.common
Expected: å¡žæ‹‰åˆ©æ˜‚
     got: ????
 ; [cca2=SL].translations.zho.official
Expected: å¡žæ‹‰åˆ©æ˜‚å…±å’Œå›½
     got: ???????
 ; [cca2=SM].currencies.EUR.symbol
Expected: â‚¬
     got: €
 ; [cca2=SM].flag
Expected: ðŸ‡¸ðŸ‡²
     got: ??
 ; [cca2=SM].translations.ara.common
Expected: Ø³Ø§Ù† Ù…Ø§Ø±ÙŠÙ†Ùˆ
     got: ??? ??????
 ; [cca2=SM].translations.ara.official
Expected: Ø¬Ù…Ù‡ÙˆØ±ÙŠØ© Ø³Ø§Ù† Ù…Ø§Ø±ÙŠÙ†Ùˆ
     got: ??????? ??? ??????
 ; [cca2=SM].translations.fra.official
Expected: RÃ©publique de Saint-Marin
     got: République de Saint-Marin
 ; [cca2=SM].translations.hrv.official
Expected: VeÄ‡ina Serene Republika San Marino
     got: Ve?ina Serene Republika San Marino
 ; [cca2=SM].translations.hun.official
Expected: San Marino KÃ¶ztÃ¡rsasÃ¡g
     got: San Marino Köztársaság
 ; [cca2=SM].translations.jpn.common
Expected: ã‚µãƒ³ãƒžãƒªãƒŽ
     got: ?????
 ; [cca2=SM].translations.jpn.official
Expected: ã‚µãƒ³ãƒžãƒªãƒŽã?®ã?»ã?¨ã‚“ã?©ã‚»ãƒªãƒ¼ãƒŒå…±å’Œå›½
     got: ?????????????????
 ; [cca2=SM].translations.kor.common
Expected: ì‚°ë§ˆë¦¬ë…¸
     got: ????
 ; [cca2=SM].translations.kor.official
Expected: ì‚°ë§ˆë¦¬ë…¸ ê³µí™”êµ­
     got: ???? ???
 ; [cca2=SM].translations.per.common
Expected: Ø³Ø§Ù† Ù…Ø§Ø±ÛŒÙ†Ùˆ
     got: ??? ??????
 ; [cca2=SM].translations.per.official
Expected: Ø¬Ù…Ù‡ÙˆØ±ÛŒ Ø³Ø§Ù† Ù…Ø§Ø±ÛŒÙ†Ùˆ
     got: ?????? ??? ??????
 ; [cca2=SM].translations.por.official
Expected: SerenÃ­ssima RepÃºblica de San Marino
     got: Sereníssima República de San Marino
 ; [cca2=SM].translations.rus.common
Expected: Ð¡Ð°Ð½-ÐœÐ°Ñ€Ð¸Ð½Ð¾
     got: ???-??????
 ; [cca2=SM].translations.rus.official
Expected: Ð‘Ð¾Ð»ÑŒÑˆÐ¸Ð½Ñ?Ñ‚Ð²Ð¾ Serene Ð ÐµÑ?Ð¿ÑƒÐ±Ð»Ð¸ÐºÐ° Ð¡Ð°Ð½-ÐœÐ°Ñ€Ð¸Ð½Ð¾
     got: ??????????? Serene ?????????? ???-??????
 ; [cca2=SM].translations.slk.common
Expected: San MarÃ­no
     got: San Maríno
 ; [cca2=SM].translations.slk.official
Expected: SanmarÃ­nska republika
     got: Sanmarínska republika
 ; [cca2=SM].translations.spa.official
Expected: SerenÃ­sima RepÃºblica de San Marino
     got: Serenísima República de San Marino
 ; [cca2=SM].translations.srp.common
Expected: Ð¡Ð°Ð½ ÐœÐ°Ñ€Ð¸Ð½Ð¾
     got: ??? ??????
 ; [cca2=SM].translations.srp.official
Expected: Ð?Ð°Ñ˜ÑƒÐ·Ð²Ð¸ÑˆÐµÐ½Ð¸Ñ˜Ð° Ð ÐµÐ¿ÑƒÐ±Ð»Ð¸ÐºÐ° Ð¡Ð°Ð½ ÐœÐ°Ñ€Ð¸Ð½Ð¾
     got: ????????????? ????????? ??? ??????
 ; [cca2=SM].translations.urd.common
Expected: Ø³Ø§Ù† Ù…Ø§Ø±ÛŒÙ†Ùˆ
     got: ??? ??????
 ; [cca2=SM].translations.urd.official
Expected: Ø¬Ù…Û?ÙˆØ±ÛŒÛ? Ø³Ø§Ù† Ù…Ø§Ø±ÛŒÙ†Ùˆ
     got: ??????? ??? ??????
 ; [cca2=SM].translations.zho.common
Expected: åœ£é©¬åŠ›è¯º
     got: ????
 ; [cca2=SM].translations.zho.official
Expected: åœ£é©¬åŠ›è¯ºå…±å’Œå›½
     got: ???????
 ; [cca2=SN].altSpellings[]
Expected: RÃ©publique du SÃ©nÃ©gal
     but none found
 ; [cca2=SN].altSpellings[]
Unexpected: République du Sénégal
 ; [cca2=SN].demonyms.fra.f
Expected: SÃ©nÃ©galaise
     got: Sénégalaise
 ; [cca2=SN].demonyms.fra.m
Expected: SÃ©nÃ©galais
     got: Sénégalais
 ; [cca2=SN].flag
Expected: ðŸ‡¸ðŸ‡³
     got: ??
 ; [cca2=SN].name.nativeName.fra.common
Expected: SÃ©nÃ©gal
     got: Sénégal
 ; [cca2=SN].name.nativeName.fra.official
Expected: RÃ©publique du SÃ©nÃ©gal
     got: République du Sénégal
 ; [cca2=SN].translations.ara.common
Expected: Ø§Ù„Ø³Ù†ØºØ§Ù„
     got: ???????
 ; [cca2=SN].translations.ara.official
Expected: Ø¬Ù…Ù‡ÙˆØ±ÙŠØ© Ø§Ù„Ø³Ù†ØºØ§Ù„
     got: ??????? ???????
 ; [cca2=SN].translations.ces.official
Expected: SenegalskÃ¡ republika
     got: Senegalská republika
 ; [cca2=SN].translations.fra.common
Expected: SÃ©nÃ©gal
     got: Sénégal
 ; [cca2=SN].translations.fra.official
Expected: RÃ©publique du SÃ©nÃ©gal
     got: République du Sénégal
 ; [cca2=SN].translations.hun.common
Expected: SzenegÃ¡l
     got: Szenegál
 ; [cca2=SN].translations.hun.official
Expected: SzenegÃ¡li KÃ¶ztÃ¡rsasÃ¡g
     got: Szenegáli Köztársaság
 ; [cca2=SN].translations.jpn.common
Expected: ã‚»ãƒ?ã‚¬ãƒ«
     got: ????
 ; [cca2=SN].translations.jpn.official
Expected: ã‚»ãƒ?ã‚¬ãƒ«å…±å’Œå›½
     got: ???????
 ; [cca2=SN].translations.kor.common
Expected: ì„¸ë„¤ê°ˆ
     got: ???
 ; [cca2=SN].translations.kor.official
Expected: ì„¸ë„¤ê°ˆ ê³µí™”êµ­
     got: ??? ???
 ; [cca2=SN].translations.per.common
Expected: Ø³Ù†Ú¯Ø§Ù„
     got: ?????
 ; [cca2=SN].translations.per.official
Expected: Ø¬Ù…Ù‡ÙˆØ±ÛŒ Ø³Ù†Ú¯Ø§Ù„
     got: ?????? ?????
 ; [cca2=SN].translations.por.official
Expected: RepÃºblica do Senegal
     got: República do Senegal
 ; [cca2=SN].translations.rus.common
Expected: Ð¡ÐµÐ½ÐµÐ³Ð°Ð»
     got: ???????
 ; [cca2=SN].translations.rus.official
Expected: Ð ÐµÑ?Ð¿ÑƒÐ±Ð»Ð¸ÐºÐ° Ð¡ÐµÐ½ÐµÐ³Ð°Ð»
     got: ?????????? ???????
 ; [cca2=SN].translations.slk.official
Expected: SenegalskÃ¡ republika
     got: Senegalská republika
 ; [cca2=SN].translations.spa.official
Expected: RepÃºblica de Senegal
     got: República de Senegal
 ; [cca2=SN].translations.srp.common
Expected: Ð¡ÐµÐ½ÐµÐ³Ð°Ð»
     got: ???????
 ; [cca2=SN].translations.srp.official
Expected: Ð ÐµÐ¿ÑƒÐ±Ð»Ð¸ÐºÐ° Ð¡ÐµÐ½ÐµÐ³Ð°Ð»
     got: ????????? ???????
 ; [cca2=SN].translations.urd.common
Expected: Ø³ÛŒÙ†ÛŒÚ¯Ø§Ù„
     got: ???????
 ; [cca2=SN].translations.urd.official
Expected: Ø¬Ù…Û?ÙˆØ±ÛŒÛ? Ø³ÛŒÙ†ÛŒÚ¯Ø§Ù„
     got: ??????? ???????
 ; [cca2=SN].translations.zho.common
Expected: å¡žå†…åŠ å°”
     got: ????
 ; [cca2=SN].translations.zho.official
Expected: å¡žå†…åŠ å°”å…±å’Œå›½
     got: ???????
 ; [cca2=SO].altSpellings[]
Expected: aá¹£-á¹¢Å«mÄ?l
     but none found
 ; [cca2=SO].altSpellings[]
Expected: JumhÅ«riyyat aá¹£-á¹¢Å«mÄ?l al-FiderÄ?liyya
     but none found
 ; [cca2=SO].altSpellings[]
Unexpected: a?-??m?l
 ; [cca2=SO].altSpellings[]
Unexpected: Jumh?riyyat a?-??m?l al-Fider?liyya
 ; [cca2=SO].flag
Expected: ðŸ‡¸ðŸ‡´
     got: ??
 ; [cca2=SO].name.nativeName.ara.common
Expected: Ø§Ù„ØµÙˆÙ…Ø§Ù„â€Žâ€Ž
     got: ?????????
 ; [cca2=SO].name.nativeName.ara.official
Expected: Ø¬Ù…Ù‡ÙˆØ±ÙŠØ© Ø§Ù„ØµÙˆÙ…Ø§Ù„â€Žâ€Ž
     got: ??????? ?????????
 ; [cca2=SO].translations.ara.common
Expected: Ø§Ù„ØµÙˆÙ…Ø§Ù„
     got: ???????
 ; [cca2=SO].translations.ara.official
Expected: Ø¬Ù…Ù‡ÙˆØ±ÙŠØ© Ø§Ù„ØµÙˆÙ…Ø§Ù„ Ø§Ù„Ù?ÙŠØ¯Ø±Ø§Ù„ÙŠØ©
     got: ??????? ??????? ??????????
 ; [cca2=SO].translations.ces.common
Expected: SomÃ¡lsko
     got: Somálsko
 ; [cca2=SO].translations.ces.official
Expected: SomÃ¡lskÃ¡ demokratickÃ¡ republika
     got: Somálská demokratická republika
 ; [cca2=SO].translations.fra.official
Expected: RÃ©publique fÃ©dÃ©rale de Somalie
     got: République fédérale de Somalie
 ; [cca2=SO].translations.hun.common
Expected: SzomÃ¡lia
     got: Szomália
 ; [cca2=SO].translations.hun.official
Expected: SzomÃ¡li SzÃ¶vetsÃ©gi KÃ¶ztÃ¡rsasÃ¡g
     got: Szomáli Szövetségi Köztársaság
 ; [cca2=SO].translations.jpn.common
Expected: ã‚½ãƒžãƒªã‚¢
     got: ????
 ; [cca2=SO].translations.jpn.official
Expected: ã‚½ãƒžãƒªã‚¢é€£é‚¦å…±å’Œå›½
     got: ?????????
 ; [cca2=SO].translations.kor.common
Expected: ì†Œë§?ë¦¬ì•„
     got: ????
 ; [cca2=SO].translations.kor.official
Expected:  ì†Œë§?ë¦¬ì•„ ì—°ë°© ê³µí™”êµ­
     got:  ???? ?? ???
 ; [cca2=SO].translations.nld.common
Expected: SomaliÃ«
     got: Somalië
 ; [cca2=SO].translations.nld.official
Expected: Federale Republiek SomaliÃ«
     got: Federale Republiek Somalië
 ; [cca2=SO].translations.per.common
Expected: Ø³ÙˆÙ…Ø§Ù„ÛŒ
     got: ??????
 ; [cca2=SO].translations.per.official
Expected: Ø¬Ù…Ù‡ÙˆØ±ÛŒ Ù?Ø¯Ø±Ø§Ù„ Ø³ÙˆÙ…Ø§Ù„ÛŒ
     got: ?????? ????? ??????
 ; [cca2=SO].translations.por.common
Expected: SomÃ¡lia
     got: Somália
 ; [cca2=SO].translations.por.official
Expected: RepÃºblica Federal da SomÃ¡lia
     got: República Federal da Somália
 ; [cca2=SO].translations.rus.common
Expected: Ð¡Ð¾Ð¼Ð°Ð»Ð¸
     got: ??????
 ; [cca2=SO].translations.rus.official
Expected: Ð¤ÐµÐ´ÐµÑ€Ð°Ñ‚Ð¸Ð²Ð½Ð°Ñ? Ð ÐµÑ?Ð¿ÑƒÐ±Ð»Ð¸ÐºÐ° Ð¡Ð¾Ð¼Ð°Ð»Ð¸
     got: ???????????? ?????????? ??????
 ; [cca2=SO].translations.slk.common
Expected: SomÃ¡lsko
     got: Somálsko
 ; [cca2=SO].translations.slk.official
Expected: SomÃ¡lska federatÃ­vna republika
     got: Somálska federatívna republika
 ; [cca2=SO].translations.spa.official
Expected: RepÃºblica Federal de Somalia
     got: República Federal de Somalia
 ; [cca2=SO].translations.srp.common
Expected: Ð¡Ð¾Ð¼Ð°Ð»Ð¸Ñ˜Ð°
     got: ????????
 ; [cca2=SO].translations.srp.official
Expected: Ð¡Ð°Ð²ÐµÐ·Ð½Ð° Ð ÐµÐ¿ÑƒÐ±Ð»Ð¸ÐºÐ° Ð¡Ð¾Ð¼Ð°Ð»Ð¸Ñ˜Ð°
     got: ??????? ????????? ????????
 ; [cca2=SO].translations.swe.official
Expected: FÃ¶rbundsrepubliken Somalia
     got: Förbundsrepubliken Somalia
 ; [cca2=SO].translations.urd.common
Expected: ØµÙˆÙ…Ø§Ù„ÛŒÛ?
     got: ???????
 ; [cca2=SO].translations.urd.official
Expected: ÙˆÙ?Ø§Ù‚ÛŒ Ø¬Ù…Û?ÙˆØ±ÛŒÛ? ØµÙˆÙ…Ø§Ù„ÛŒÛ?
     got: ????? ??????? ???????
 ; [cca2=SO].translations.zho.common
Expected: ç´¢é©¬é‡Œ
     got: ???
 ; [cca2=SO].translations.zho.official
Expected: ç´¢é©¬é‡Œå…±å’Œå›½
     got: ??????
 ; [cca2=CA].flag
Expected: ðŸ‡¨ðŸ‡¦
     got: ??
 ; [cca2=CA].translations.ara.common
Expected: ÙƒÙ†Ø¯Ø§
     got: ????
 ; [cca2=CA].translations.ara.official
Expected: ÙƒÙ†Ø¯Ø§
     got: ????
 ; [cca2=CA].translations.jpn.common
Expected: ã‚«ãƒŠãƒ€
     got: ???
 ; [cca2=CA].translations.jpn.official
Expected: ã‚«ãƒŠãƒ€
     got: ???
 ; [cca2=CA].translations.kor.common
Expected: ìº?ë‚˜ë‹¤
     got: ???
 ; [cca2=CA].translations.kor.official
Expected: ìº?ë‚˜ë‹¤
     got: ???
 ; [cca2=CA].translations.per.common
Expected: Ú©Ø§Ù†Ø§Ø¯Ø§
     got: ??????
 ; [cca2=CA].translations.per.official
Expected: Ú©Ø§Ù†Ø§Ø¯Ø§
     got: ??????
 ; [cca2=CA].translations.por.common
Expected: CanadÃ¡
     got: Canadá
 ; [cca2=CA].translations.por.official
Expected: CanadÃ¡
     got: Canadá
 ; [cca2=CA].translations.rus.common
Expected: ÐšÐ°Ð½Ð°Ð´Ð°
     got: ??????
 ; [cca2=CA].translations.rus.official
Expected: ÐšÐ°Ð½Ð°Ð´Ð°
     got: ??????
 ; [cca2=CA].translations.spa.common
Expected: CanadÃ¡
     got: Canadá
 ; [cca2=CA].translations.spa.official
Expected: CanadÃ¡
     got: Canadá
 ; [cca2=CA].translations.srp.common
Expected: ÐšÐ°Ð½Ð°Ð´Ð°
     got: ??????
 ; [cca2=CA].translations.srp.official
Expected: ÐšÐ°Ð½Ð°Ð´Ð°
     got: ??????
 ; [cca2=CA].translations.urd.common
Expected: Ú©ÛŒÙ†ÛŒÚˆØ§
     got: ??????
 ; [cca2=CA].translations.urd.official
Expected: Ú©ÛŒÙ†ÛŒÚˆØ§
     got: ??????
 ; [cca2=CA].translations.zho.common
Expected: åŠ æ‹¿å¤§
     got: ???
 ; [cca2=CA].translations.zho.official
Expected: åŠ æ‹¿å¤§
     got: ???
 ; [cca2=SR].flag
Expected: ðŸ‡¸ðŸ‡·
     got: ??
 ; [cca2=SR].translations.ara.common
Expected: Ø³ÙˆØ±ÙŠÙ†Ø§Ù…
     got: ???????
 ; [cca2=SR].translations.ara.official
Expected: Ø¬Ù…Ù‡ÙˆØ±ÙŠØ© Ø³ÙˆØ±ÙŠÙ†Ø§Ù…
     got: ??????? ???????
 ; [cca2=SR].translations.fra.official
Expected: RÃ©publique du Suriname
     got: République du Suriname
 ; [cca2=SR].translations.hun.official
Expected: Suriname KÃ¶ztÃ¡rsasÃ¡g
     got: Suriname Köztársaság
 ; [cca2=SR].translations.jpn.common
Expected: ã‚¹ãƒªãƒŠãƒ 
     got: ????
 ; [cca2=SR].translations.jpn.official
Expected: ã‚¹ãƒªãƒŠãƒ å…±å’Œå›½
     got: ???????
 ; [cca2=SR].translations.kor.common
Expected: ìˆ˜ë¦¬ë‚¨
     got: ???
 ; [cca2=SR].translations.kor.official
Expected: ìˆ˜ë¦¬ë‚¨ ê³µí™”êµ­
     got: ??? ???
 ; [cca2=SR].translations.per.common
Expected: Ø³ÙˆØ±ÛŒÙ†Ø§Ù…
     got: ???????
 ; [cca2=SR].translations.per.official
Expected: Ø¬Ù…Ù‡ÙˆØ±ÛŒ Ø³ÙˆØ±ÛŒÙ†Ø§Ù…
     got: ?????? ???????
 ; [cca2=SR].translations.por.official
Expected: RepÃºblica do Suriname
     got: República do Suriname
 ; [cca2=SR].translations.rus.common
Expected: Ð¡ÑƒÑ€Ð¸Ð½Ð°Ð¼
     got: ???????
 ; [cca2=SR].translations.rus.official
Expected: Ð ÐµÑ?Ð¿ÑƒÐ±Ð»Ð¸ÐºÐ° Ð¡ÑƒÑ€Ð¸Ð½Ð°Ð¼
     got: ?????????? ???????
 ; [cca2=SR].translations.slk.official
Expected: SurinamskÃ¡ republika
     got: Surinamská republika
 ; [cca2=SR].translations.spa.official
Expected: RepÃºblica de Suriname
     got: República de Suriname
 ; [cca2=SR].translations.srp.common
Expected: Ð¡ÑƒÑ€Ð¸Ð½Ð°Ð¼
     got: ???????
 ; [cca2=SR].translations.srp.official
Expected: Ð ÐµÐ¿ÑƒÐ±Ð»Ð¸ÐºÐ° Ð¡ÑƒÑ€Ð¸Ð½Ð°Ð¼
     got: ????????? ???????
 ; [cca2=SR].translations.urd.common
Expected: Ø³Ø±ÛŒÙ†Ø§Ù…
     got: ??????
 ; [cca2=SR].translations.urd.official
Expected: Ø¬Ù…Û?ÙˆØ±ÛŒÛ? Ø³Ø±ÛŒÙ†Ø§Ù…
     got: ??????? ??????
 ; [cca2=SR].translations.zho.common
Expected: è‹?é‡Œå?—
     got: ???
 ; [cca2=SR].translations.zho.official
Expected: è‹?é‡Œå?—å…±å’Œå›½
     got: ??????
 ; [cca2=CC].flag
Expected: ðŸ‡¨ðŸ‡¨
     got: ??
 ; [cca2=CC].translations.ara.common
Expected: Ø¬Ø²Ø± ÙƒÙˆÙƒÙˆØ³
     got: ??? ?????
 ; [cca2=CC].translations.ara.official
Expected: Ø¥Ù‚Ù„ÙŠÙ… Ø¬Ø²Ø± ÙƒÙˆÙƒÙˆØ³
     got: ????? ??? ?????
 ; [cca2=CC].translations.ces.common
Expected: KokosovÃ© ostrovy
     got: Kokosové ostrovy
 ; [cca2=CC].translations.ces.official
Expected: KokosovÃ© ostrovy
     got: Kokosové ostrovy
 ; [cca2=CC].translations.fra.common
Expected: ÃŽles Cocos
     got: Îles Cocos
 ; [cca2=CC].translations.fra.official
Expected: Territoire des Ã®les Cocos (Keeling)
     got: Territoire des îles Cocos (Keeling)
 ; [cca2=CC].translations.hun.common
Expected: KÃ³kusz-szigetek
     got: Kókusz-szigetek
 ; [cca2=CC].translations.hun.official
Expected: KÃ³kusz-szigetek
     got: Kókusz-szigetek
 ; [cca2=CC].translations.jpn.common
Expected: ã‚³ã‚³ã‚¹ï¼ˆã‚­ãƒ¼ãƒªãƒ³ã‚°ï¼‰è«¸å³¶
     got: ????????????
 ; [cca2=CC].translations.jpn.official
Expected: ã‚³ã‚³ã‚¹è«¸å³¶ã?®é ˜åœŸ
     got: ????????
 ; [cca2=CC].translations.kor.common
Expected: ì½”ì½”ìŠ¤ ì œë?„
     got: ??? ??
 ; [cca2=CC].translations.kor.official
Expected: ì½”ì½”ìŠ¤ ì œë?„
     got: ??? ??
 ; [cca2=CC].translations.per.common
Expected: Ø¬Ø²Ø§ÛŒØ± Ú©ÙˆÚ©ÙˆØ³
     got: ????? ?????
 ; [cca2=CC].translations.per.official
Expected: Ø¬Ø²Ø§ÛŒØ± Ú©ÙˆÚ©ÙˆØ³
     got: ????? ?????
 ; [cca2=CC].translations.por.official
Expected: TerritÃ³rio dos Cocos (Keeling)
     got: Território dos Cocos (Keeling)
 ; [cca2=CC].translations.rus.common
Expected: ÐšÐ¾ÐºÐ¾Ñ?Ð¾Ð²Ñ‹Ðµ Ð¾Ñ?Ñ‚Ñ€Ð¾Ð²Ð°
     got: ????????? ???????
 ; [cca2=CC].translations.rus.official
Expected: Ð¢ÐµÑ€Ñ€Ð¸Ñ‚Ð¾Ñ€Ð¸Ñ? ÐšÐ¾ÐºÐ¾Ñ?Ð¾Ð²Ñ‹Ðµ (ÐšÐ¸Ð»Ð¸Ð½Ð³) Ð¾Ñ?Ñ‚Ñ€Ð¾Ð²Ð°
     got: ?????????? ????????? (??????) ???????
 ; [cca2=CC].translations.slk.common
Expected: KokosovÃ© ostrovy
     got: Kokosové ostrovy
 ; [cca2=CC].translations.slk.official
Expected: KokosovÃ© ostrovy
     got: Kokosové ostrovy
 ; [cca2=CC].translations.srp.common
Expected: ÐšÐ¾ÐºÐ¾Ñ?Ð¾Ð²Ð° ÐžÑ?Ñ‚Ñ€Ð²Ð°
     got: ???????? ??????
 ; [cca2=CC].translations.srp.official
Expected: ÐšÐ¾ÐºÐ¾Ñ?Ð¾Ð²Ð° (ÐšÐ¸Ð»Ð¸Ð½Ð³) ÐžÑ?Ñ‚Ñ€Ð²Ð°
     got: ???????? (??????) ??????
 ; [cca2=CC].translations.swe.common
Expected: KokosÃ¶arna
     got: Kokosöarna
 ; [cca2=CC].translations.swe.official
Expected: KokosÃ¶arna
     got: Kokosöarna
 ; [cca2=CC].translations.tur.common
Expected: Cocos (Keeling) AdalarÄ±
     got: Cocos (Keeling) Adalar?
 ; [cca2=CC].translations.tur.official
Expected: Cocos (Keeling) AdalarÄ±
     got: Cocos (Keeling) Adalar?
 ; [cca2=CC].translations.urd.common
Expected: Ø¬Ø²Ø§Ø¦Ø± Ú©ÙˆÚ©ÙˆØ³
     got: ????? ?????
 ; [cca2=CC].translations.urd.official
Expected: Ø¬Ø²Ø§Ø¦Ø± (Ú©ÛŒÙ„Ù†Ú¯) Ú©ÙˆÚ©ÙˆØ³
     got: ????? (?????) ?????
 ; [cca2=CC].translations.zho.common
Expected: ç§‘ç§‘æ–¯
     got: ???
 ; [cca2=CC].translations.zho.official
Expected: ç§‘ç§‘æ–¯
     got: ???
 ; [cca2=SS].currencies.SSP.symbol
Expected: Â£
     got: £
 ; [cca2=SS].flag
Expected: ðŸ‡¸ðŸ‡¸
     got: ??
 ; [cca2=SS].translations.ara.common
Expected: Ø¬Ù†ÙˆØ¨ Ø§Ù„Ø³ÙˆØ¯Ø§Ù†
     got: ???? ???????
 ; [cca2=SS].translations.ara.official
Expected: Ø¬Ù…Ù‡ÙˆØ±ÙŠØ© Ø¬Ù†ÙˆØ¨ Ø§Ù„Ø³ÙˆØ¯Ø§Ù†
     got: ??????? ???? ???????
 ; [cca2=SS].translations.ces.common
Expected: JiÅ¾nÃ­ SÃºdÃ¡n
     got: Jižní Súdán
 ; [cca2=SS].translations.ces.official
Expected: JihosÃºdÃ¡nskÃ¡ republika
     got: Jihosúdánská republika
 ; [cca2=SS].translations.deu.common
Expected: SÃ¼dsudan
     got: Südsudan
 ; [cca2=SS].translations.deu.official
Expected: Republik SÃ¼dsudan
     got: Republik Südsudan
 ; [cca2=SS].translations.est.common
Expected: LÃµuna-Sudaan
     got: Lõuna-Sudaan
 ; [cca2=SS].translations.est.official
Expected: LÃµuna-Sudaani Vabariik
     got: Lõuna-Sudaani Vabariik
 ; [cca2=SS].translations.fin.common
Expected: EtelÃ¤-Sudan
     got: Etelä-Sudan
 ; [cca2=SS].translations.fin.official
Expected: EtelÃ¤-Sudanin tasavalta
     got: Etelä-Sudanin tasavalta
 ; [cca2=SS].translations.fra.official
Expected: RÃ©publique du Soudan du Sud
     got: République du Soudan du Sud
 ; [cca2=SS].translations.hrv.common
Expected: JuÅ¾ni Sudan
     got: Južni Sudan
 ; [cca2=SS].translations.hrv.official
Expected: Republika JuÅ¾ni Sudan
     got: Republika Južni Sudan
 ; [cca2=SS].translations.hun.common
Expected: DÃ©l-SzudÃ¡n
     got: Dél-Szudán
 ; [cca2=SS].translations.hun.official
Expected: DÃ©l-szudÃ¡ni KÃ¶ztÃ¡rsasÃ¡g
     got: Dél-szudáni Köztársaság
 ; [cca2=SS].translations.jpn.common
Expected: å?—ã‚¹ãƒ¼ãƒ€ãƒ³
     got: ?????
 ; [cca2=SS].translations.jpn.official
Expected: å?—ã‚¹ãƒ¼ãƒ€ãƒ³å…±å’Œå›½
     got: ????????
 ; [cca2=SS].translations.kor.common
Expected: ë‚¨ìˆ˜ë‹¨
     got: ???
 ; [cca2=SS].translations.kor.official
Expected: ë‚¨ìˆ˜ë‹¨ ê³µí™”êµ­
     got: ??? ???
 ; [cca2=SS].translations.per.common
Expected: Ø³ÙˆØ¯Ø§Ù† Ø¬Ù†ÙˆØ¨ÛŒ
     got: ????? ?????
 ; [cca2=SS].translations.per.official
Expected: Ø¬Ù…Ù‡ÙˆØ±ÛŒ Ø³ÙˆØ¯Ø§Ù† Ø¬Ù†ÙˆØ¨ÛŒ
     got: ?????? ????? ?????
 ; [cca2=SS].translations.por.common
Expected: SudÃ£o do Sul
     got: Sudão do Sul
 ; [cca2=SS].translations.por.official
Expected: RepÃºblica do SudÃ£o do Sul
     got: República do Sudão do Sul
 ; [cca2=SS].translations.rus.common
Expected: Ð®Ð¶Ð½Ñ‹Ð¹ Ð¡ÑƒÐ´Ð°Ð½
     got: ????? ?????
 ; [cca2=SS].translations.rus.official
Expected: Ð ÐµÑ?Ð¿ÑƒÐ±Ð»Ð¸ÐºÐ° Ð®Ð¶Ð½Ñ‹Ð¹ Ð¡ÑƒÐ´Ð°Ð½
     got: ?????????? ????? ?????
 ; [cca2=SS].translations.slk.common
Expected: JuÅ¾nÃ½ SudÃ¡n
     got: Južný Sudán
 ; [cca2=SS].translations.slk.official
Expected: JuhosudÃ¡nska republika
     got: Juhosudánska republika
 ; [cca2=SS].translations.spa.common
Expected: SudÃ¡n del Sur
     got: Sudán del Sur
 ; [cca2=SS].translations.spa.official
Expected: RepÃºblica de SudÃ¡n del Sur
     got: República de Sudán del Sur
 ; [cca2=SS].translations.srp.common
Expected: ÐˆÑƒÐ¶Ð½Ð¸ Ð¡ÑƒÐ´Ð°Ð½
     got: ????? ?????
 ; [cca2=SS].translations.srp.official
Expected: Ð ÐµÐ¿ÑƒÐ±Ð»Ð¸ÐºÐ° ÐˆÑƒÐ¶Ð½Ð¸ Ð¡ÑƒÐ´Ð°Ð½
     got: ????????? ????? ?????
 ; [cca2=SS].translations.tur.common
Expected: GÃ¼ney Sudan
     got: Güney Sudan
 ; [cca2=SS].translations.tur.official
Expected: GÃ¼ney Sudan Cumhuriyeti
     got: Güney Sudan Cumhuriyeti
 ; [cca2=SS].translations.urd.common
Expected: Ø¬Ù†ÙˆØ¨ÛŒ Ø³ÙˆÚˆØ§Ù†
     got: ????? ?????
 ; [cca2=SS].translations.urd.official
Expected: Ø¬Ù…Û?ÙˆØ±ÛŒÛ? Ø¬Ù†ÙˆØ¨ÛŒ Ø³ÙˆÚˆØ§Ù†
     got: ??????? ????? ?????
 ; [cca2=SS].translations.zho.common
Expected: å?—è‹?ä¸¹
     got: ???
 ; [cca2=SS].translations.zho.official
Expected: å?—è‹?ä¸¹å…±å’Œå›½
     got: ??????
 ; [cca2=ST].altSpellings[]
Expected: RepÃºblica DemocrÃ¡tica de SÃ£o TomÃ© e PrÃ­ncipe
     but none found
 ; [cca2=ST].altSpellings[]
Expected: Democratic Republic of SÃ£o TomÃ© and PrÃ­ncipe
     but none found
 ; [cca2=ST].altSpellings[]
Unexpected: Democratic Republic of São Tomé and Príncipe
 ; [cca2=ST].altSpellings[]
Unexpected: República Democrática de São Tomé e Príncipe
 ; [cca2=ST].capital[]
Expected: SÃ£o TomÃ©
     but none found
 ; [cca2=ST].capital[]
Unexpected: São Tomé
 ; [cca2=ST].currencies.STN.name
Expected: SÃ£o TomÃ© and PrÃ­ncipe dobra
     got: São Tomé and Príncipe dobra
 ; [cca2=ST].demonyms.fra.f
Expected: SantomÃ©enne
     got: Santoméenne
 ; [cca2=ST].demonyms.fra.m
Expected: SantomÃ©en
     got: Santoméen
 ; [cca2=ST].flag
Expected: ðŸ‡¸ðŸ‡¹
     got: ??
 ; [cca2=ST].name.common
Expected: SÃ£o TomÃ© and PrÃ­ncipe
     got: São Tomé and Príncipe
 ; [cca2=ST].name.nativeName.por.common
Expected: SÃ£o TomÃ© e PrÃ­ncipe
     got: São Tomé e Príncipe
 ; [cca2=ST].name.nativeName.por.official
Expected: RepÃºblica DemocrÃ¡tica do SÃ£o TomÃ© e PrÃ­ncipe
     got: República Democrática do São Tomé e Príncipe
 ; [cca2=ST].name.official
Expected: Democratic Republic of SÃ£o TomÃ© and PrÃ­ncipe
     got: Democratic Republic of São Tomé and Príncipe
 ; [cca2=ST].translations.ara.common
Expected: Ø³Ø§Ùˆ ØªÙˆÙ…ÙŠ ÙˆØ¨Ø±ÙŠÙ†Ø³ÙŠØ¨
     got: ??? ???? ????????
 ; [cca2=ST].translations.ara.official
Expected: Ø¬Ù…Ù‡ÙˆØ±ÙŠØ© Ø³Ø§Ùˆ ØªÙˆÙ…ÙŠ ÙˆØ¨Ø±ÙŠÙ†Ø³ÙŠØ¨ Ø§Ù„Ø¯ÙŠÙ…Ù‚Ø±Ø§Ø·ÙŠØ©
     got: ??????? ??? ???? ???????? ???????????
 ; [cca2=ST].translations.bre.common
Expected: SÃ£o TomÃ© ha PrÃ­ncipe
     got: São Tomé ha Príncipe
 ; [cca2=ST].translations.bre.official
Expected: Republik Demokratel SÃ£o TomÃ© ha PrÃ­ncipe
     got: Republik Demokratel São Tomé ha Príncipe
 ; [cca2=ST].translations.ces.common
Expected: SvatÃ½ TomÃ¡Å¡ a PrincÅ¯v ostrov
     got: Svatý Tomáš a Princ?v ostrov
 ; [cca2=ST].translations.ces.official
Expected: DemokratickÃ¡ republika SvatÃ½ TomÃ¡Å¡ a PrincÅ¯v ostrov
     got: Demokratická republika Svatý Tomáš a Princ?v ostrov
 ; [cca2=ST].translations.cym.common
Expected: SÃ£o TomÃ© and PrÃ­ncipe
     got: São Tomé and Príncipe
 ; [cca2=ST].translations.cym.official
Expected: Democratic Republic of SÃ£o TomÃ© and PrÃ­ncipe
     got: Democratic Republic of São Tomé and Príncipe
 ; [cca2=ST].translations.deu.common
Expected: SÃ£o TomÃ© und PrÃ­ncipe
     got: São Tomé und Príncipe
 ; [cca2=ST].translations.deu.official
Expected: Demokratische Republik SÃ£o TomÃ© und PrÃ­ncipe
     got: Demokratische Republik São Tomé und Príncipe
 ; [cca2=ST].translations.est.common
Expected: SÃ£o TomÃ© ja PrÃ­ncipe
     got: São Tomé ja Príncipe
 ; [cca2=ST].translations.est.official
Expected: SÃ£o TomÃ© ja PrÃ­ncipe Demokraatlik Vabariik
     got: São Tomé ja Príncipe Demokraatlik Vabariik
 ; [cca2=ST].translations.fin.common
Expected: SÃ£o TÃ©me ja PrÃ­ncipe
     got: São Téme ja Príncipe
 ; [cca2=ST].translations.fin.official
Expected: SÃ£o TomÃ© ja PrÃ­ncipen demokraattinen tasavalta
     got: São Tomé ja Príncipen demokraattinen tasavalta
 ; [cca2=ST].translations.fra.common
Expected: SÃ£o TomÃ© et PrÃ­ncipe
     got: São Tomé et Príncipe
 ; [cca2=ST].translations.fra.official
Expected: RÃ©publique dÃ©mocratique de SÃ£o TomÃ© et PrÃ­ncipe
     got: République démocratique de São Tomé et Príncipe
 ; [cca2=ST].translations.hrv.official
Expected: Demokratska Republika SÃ£o Tome i Principe
     got: Demokratska Republika São Tome i Principe
 ; [cca2=ST].translations.hun.common
Expected: SÃ£o TomÃ© Ã©s PrÃ­ncipe
     got: São Tomé és Príncipe
 ; [cca2=ST].translations.hun.official
Expected: SÃ£o TomÃ© Ã©s PrÃ­ncipe Demokratikus KÃ¶ztÃ¡rsasÃ¡g
     got: São Tomé és Príncipe Demokratikus Köztársaság
 ; [cca2=ST].translations.ita.common
Expected: SÃ£o TomÃ© e PrÃ­ncipe
     got: São Tomé e Príncipe
 ; [cca2=ST].translations.ita.official
Expected: Repubblica democratica di SÃ£o TomÃ© e PrÃ­ncipe
     got: Repubblica democratica di São Tomé e Príncipe
 ; [cca2=ST].translations.jpn.common
Expected: ã‚µãƒ³ãƒˆãƒ¡ãƒ»ãƒ—ãƒªãƒ³ã‚·ãƒš
     got: ??????????
 ; [cca2=ST].translations.jpn.official
Expected: ã‚µãƒ³ãƒˆãƒ¡Â·ãƒ—ãƒªãƒ³ã‚·ãƒšæ°‘ä¸»å…±å’Œå›½
     got: ????·??????????
 ; [cca2=ST].translations.kor.common
Expected: ìƒ?íˆ¬ë©” í”„ë¦°ì‹œíŽ˜
     got: ??? ????
 ; [cca2=ST].translations.kor.official
Expected: ìƒ?íˆ¬ë©” í”„ë¦°ì‹œíŽ˜ ë¯¼ì£¼ ê³µí™”êµ­
     got: ??? ???? ?? ???
 ; [cca2=ST].translations.nld.common
Expected: Sao TomÃ© en Principe
     got: Sao Tomé en Principe
 ; [cca2=ST].translations.nld.official
Expected: Democratische Republiek Sao TomÃ© en Principe
     got: Democratische Republiek Sao Tomé en Principe
 ; [cca2=ST].translations.per.common
Expected: Ø³Ø§Ø¦ÙˆØªÙˆÙ…Ù‡ Ùˆ Ù¾Ø±Ù†Ø³ÛŒÙ¾
     got: ???????? ? ??????
 ; [cca2=ST].translations.per.official
Expected: Ø¬Ù…Ù‡ÙˆØ±ÛŒ Ø¯Ù…ÙˆÚ©Ø±Ø§ØªÛŒÚ© Ø³Ø§Ø¦ÙˆØªÙˆÙ…Ù‡ Ùˆ Ù¾Ø±Ù†Ø³ÛŒÙ¾
     got: ?????? ????????? ???????? ? ??????
 ; [cca2=ST].translations.pol.common
Expected: Wyspy ÅšwiÄ™tego Tomasza i KsiÄ…Å¼Ä™ca
     got: Wyspy ?wi?tego Tomasza i Ksi???ca
 ; [cca2=ST].translations.pol.official
Expected: Demokratyczna Republika Wysp ÅšwiÄ™tego Tomasza i KsiÄ…Å¼Ä™cej
     got: Demokratyczna Republika Wysp ?wi?tego Tomasza i Ksi???cej
 ; [cca2=ST].translations.por.common
Expected: SÃ£o TomÃ© e PrÃ­ncipe
     got: São Tomé e Príncipe
 ; [cca2=ST].translations.por.official
Expected: RepÃºblica DemocrÃ¡tica de SÃ£o TomÃ© e PrÃ­ncipe
     got: República Democrática de São Tomé e Príncipe
 ; [cca2=ST].translations.rus.common
Expected: Ð¡Ð°Ð½-Ð¢Ð¾Ð¼Ðµ Ð¸ ÐŸÑ€Ð¸Ð½Ñ?Ð¸Ð¿Ð¸
     got: ???-???? ? ????????
 ; [cca2=ST].translations.rus.official
Expected: Ð”ÐµÐ¼Ð¾ÐºÑ€Ð°Ñ‚Ð¸Ñ‡ÐµÑ?ÐºÐ°Ñ? Ð ÐµÑ?Ð¿ÑƒÐ±Ð»Ð¸ÐºÐ° Ð¡Ð°Ð½-Ð¢Ð¾Ð¼Ðµ Ð¸ ÐŸÑ€Ð¸Ð½Ñ?Ð¸Ð¿Ð¸
     got: ??????????????? ?????????? ???-???? ? ????????
 ; [cca2=ST].translations.slk.common
Expected: SvÃ¤tÃ½ TomÃ¡Å¡ a Princov ostrov
     got: Svätý Tomáš a Princov ostrov
 ; [cca2=ST].translations.slk.official
Expected: DemokratickÃ¡ republika SvÃ¤tÃ©ho TomÃ¡Å¡a A princovho ostrova
     got: Demokratická republika Svätého Tomáša A princovho ostrova
 ; [cca2=ST].translations.spa.common
Expected: Santo TomÃ© y PrÃ­ncipe
     got: Santo Tomé y Príncipe
 ; [cca2=ST].translations.spa.official
Expected: RepÃºblica DemocrÃ¡tica de Santo TomÃ© y PrÃ­ncipe
     got: República Democrática de Santo Tomé y Príncipe
 ; [cca2=ST].translations.srp.common
Expected: Ð¡Ð°Ð¾ Ð¢Ð¾Ð¼Ðµ Ð¸ ÐŸÑ€Ð¸Ð½Ñ?Ð¸Ð¿Ðµ
     got: ??? ???? ? ????????
 ; [cca2=ST].translations.srp.official
Expected: Ð”ÐµÐ¼Ð¾ÐºÑ€Ð°Ñ‚Ñ?ÐºÐ° Ð ÐµÐ¿ÑƒÐ±Ð»Ð¸ÐºÐ° Ð¡Ð°Ð¾ Ð¢Ð¾Ð¼Ðµ Ð¸ ÐŸÑ€Ð¸Ð½Ñ?Ð¸Ð¿Ðµ
     got: ??????????? ????????? ??? ???? ? ????????
 ; [cca2=ST].translations.swe.common
Expected: SÃ£o TomÃ© och PrÃ­ncipe
     got: São Tomé och Príncipe
 ; [cca2=ST].translations.swe.official
Expected: Demokratiska republiken SÃ£o TomÃ© och PrÃ­ncipe
     got: Demokratiska republiken São Tomé och Príncipe
 ; [cca2=ST].translations.tur.common
Expected: SÃ£o TomÃ© ve PrÃ­ncipe
     got: São Tomé ve Príncipe
 ; [cca2=ST].translations.tur.official
Expected: SÃ£o TomÃ© ve PrÃ­ncipe Demokratik Cumhuriyeti
     got: São Tomé ve Príncipe Demokratik Cumhuriyeti
 ; [cca2=ST].translations.urd.common
Expected: Ø³Ø§Ø¤ Ù¹ÙˆÙ…Û’ Ùˆ Ù¾Ø±Ù†Ø³Ù¾Û’
     got: ??? ???? ? ??????
 ; [cca2=ST].translations.urd.official
Expected: Ø¬Ù…Û?ÙˆØ±ÛŒÛ? Ø³Ø§Ø¤ Ù¹ÙˆÙ…Û’ Ùˆ Ù¾Ø±Ù†Ø³Ù¾Û’
     got: ??????? ??? ???? ? ??????
 ; [cca2=ST].translations.zho.common
Expected: åœ£å¤šç¾Žå’Œæ™®æž—è¥¿æ¯”
     got: ????????
 ; [cca2=ST].translations.zho.official
Expected: åœ£å¤šç¾Žå’Œæ™®æž—è¥¿æ¯”æ°‘ä¸»å…±å’Œå›½
     got: ?????????????
 ; [cca2=CD].flag
Expected: ðŸ‡¨ðŸ‡©
     got: ??
 ; [cca2=CD].name.nativeName.fra.official
Expected: RÃ©publique dÃ©mocratique du Congo
     got: République démocratique du Congo
 ; [cca2=CD].name.nativeName.lin.common
Expected: Republiki ya KongÃ³ Demokratiki
     got: Republiki ya Kongó Demokratiki
 ; [cca2=CD].name.nativeName.lin.official
Expected: Republiki ya KongÃ³ Demokratiki
     got: Republiki ya Kongó Demokratiki
 ; [cca2=CD].translations.ara.common
Expected: Ø§Ù„ÙƒÙˆÙ†ØºÙˆ
     got: ???????
 ; [cca2=CD].translations.ara.official
Expected: Ø¬Ù…Ù‡ÙˆØ±ÙŠØ© Ø§Ù„ÙƒÙˆÙ†ØºÙˆ Ø§Ù„Ø¯ÙŠÙ…Ù‚Ø±Ø§Ø·ÙŠØ©
     got: ??????? ??????? ???????????
 ; [cca2=CD].translations.ces.official
Expected: DemokratickÃ¡ republika Kongo
     got: Demokratická republika Kongo
 ; [cca2=CD].translations.fra.common
Expected: Congo (RÃ©p. dÃ©m.)
     got: Congo (Rép. dém.)
 ; [cca2=CD].translations.fra.official
Expected: RÃ©publique dÃ©mocratique du Congo
     got: République démocratique du Congo
 ; [cca2=CD].translations.hun.common
Expected: KongÃ³i Demokratikus KÃ¶ztÃ¡rsasÃ¡g
     got: Kongói Demokratikus Köztársaság
 ; [cca2=CD].translations.hun.official
Expected: KongÃ³i Demokratikus KÃ¶ztÃ¡rsasÃ¡g
     got: Kongói Demokratikus Köztársaság
 ; [cca2=CD].translations.jpn.common
Expected: ã‚³ãƒ³ã‚´æ°‘ä¸»å…±å’Œå›½
     got: ????????
 ; [cca2=CD].translations.jpn.official
Expected: ã‚³ãƒ³ã‚´æ°‘ä¸»å…±å’Œå›½
     got: ????????
 ; [cca2=CD].translations.kor.common
Expected: ì½©ê³  ë¯¼ì£¼ ê³µí™”êµ­
     got: ?? ?? ???
 ; [cca2=CD].translations.kor.official
Expected: ì½©ê³  ë¯¼ì£¼ ê³µí™”êµ­
     got: ?? ?? ???
 ; [cca2=CD].translations.per.common
Expected: Ú©Ù†Ú¯Ùˆ Ø¯Ù…ÙˆÚ©Ø±Ø§ØªÛŒÚ©
     got: ???? ?????????
 ; [cca2=CD].translations.per.official
Expected: Ø¬Ù…Ù‡ÙˆØ±ÛŒ Ø¯Ù…ÙˆÚ©Ø±Ø§ØªÛŒÚ© Ú©Ù†Ú¯Ùˆ
     got: ?????? ????????? ????
 ; [cca2=CD].translations.por.common
Expected: RepÃºblica DemocrÃ¡tica do Congo
     got: República Democrática do Congo
 ; [cca2=CD].translations.por.official
Expected: RepÃºblica DemocrÃ¡tica do Congo
     got: República Democrática do Congo
 ; [cca2=CD].translations.rus.common
Expected: Ð”ÐµÐ¼Ð¾ÐºÑ€Ð°Ñ‚Ð¸Ñ‡ÐµÑ?ÐºÐ°Ñ? Ð ÐµÑ?Ð¿ÑƒÐ±Ð»Ð¸ÐºÐ° ÐšÐ¾Ð½Ð³Ð¾
     got: ??????????????? ?????????? ?????
 ; [cca2=CD].translations.rus.official
Expected: Ð”ÐµÐ¼Ð¾ÐºÑ€Ð°Ñ‚Ð¸Ñ‡ÐµÑ?ÐºÐ°Ñ? Ð ÐµÑ?Ð¿ÑƒÐ±Ð»Ð¸ÐºÐ° ÐšÐ¾Ð½Ð³Ð¾
     got: ??????????????? ?????????? ?????
 ; [cca2=CD].translations.slk.official
Expected: KonÅ¾skÃ¡ demokratickÃ¡ republika
     got: Konžská demokratická republika
 ; [cca2=CD].translations.spa.official
Expected: RepÃºblica DemocrÃ¡tica del Congo
     got: República Democrática del Congo
 ; [cca2=CD].translations.srp.common
Expected: Ð”Ð  ÐšÐ¾Ð½Ð³Ð¾
     got: ?? ?????
 ; [cca2=CD].translations.srp.official
Expected: Ð”ÐµÐ¼Ð¾ÐºÑ€Ð°Ñ‚Ñ?ÐºÐ° Ð ÐµÐ¿ÑƒÐ±Ð»Ð¸ÐºÐ° ÐšÐ¾Ð½Ð³Ð¾
     got: ??????????? ????????? ?????
 ; [cca2=CD].translations.urd.common
Expected: Ú©Ø§Ù†Ú¯Ùˆ
     got: ?????
 ; [cca2=CD].translations.urd.official
Expected: Ø¬Ù…Û?ÙˆØ±ÛŒ Ø¬Ù…Û?ÙˆØ±ÛŒÛ? Ú©Ø§Ù†Ú¯Ùˆ
     got: ?????? ??????? ?????
 ; [cca2=CD].translations.zho.common
Expected: æ°‘ä¸»åˆšæžœ
     got: ????
 ; [cca2=CD].translations.zho.official
Expected: åˆšæžœæ°‘ä¸»å…±å’Œå›½
     got: ???????
 ; [cca2=SV].altSpellings[]
Expected: RepÃºblica de El Salvador
     but none found
 ; [cca2=SV].altSpellings[]
Unexpected: República de El Salvador
 ; [cca2=SV].flag
Expected: ðŸ‡¸ðŸ‡»
     got: ??
 ; [cca2=SV].name.nativeName.spa.official
Expected: RepÃºblica de El Salvador
     got: República de El Salvador
 ; [cca2=SV].translations.ara.common
Expected: Ø§Ù„Ø³Ù„Ù?Ø§Ø¯ÙˆØ±
     got: ?????????
 ; [cca2=SV].translations.ara.official
Expected: Ø¬Ù…Ù‡ÙˆØ±ÙŠØ© Ø§Ù„Ø³Ù„Ù?Ø§Ø¯ÙˆØ±
     got: ??????? ?????????
 ; [cca2=SV].translations.ces.official
Expected: SalvadorskÃ¡ republika
     got: Salvadorská republika
 ; [cca2=SV].translations.fra.official
Expected: RÃ©publique du Salvador
     got: République du Salvador
 ; [cca2=SV].translations.hun.official
Expected: Salvadori KÃ¶ztÃ¡rsasÃ¡g
     got: Salvadori Köztársaság
 ; [cca2=SV].translations.jpn.common
Expected: ã‚¨ãƒ«ã‚µãƒ«ãƒ?ãƒ‰ãƒ«
     got: ???????
 ; [cca2=SV].translations.jpn.official
Expected: ã‚¨ãƒ«ã‚µãƒ«ãƒ?ãƒ‰ãƒ«å…±å’Œå›½
     got: ??????????
 ; [cca2=SV].translations.kor.common
Expected: ì—˜ì‚´ë°”ë?„ë¥´
     got: ?????
 ; [cca2=SV].translations.kor.official
Expected: ì—˜ì‚´ë°”ë?„ë¥´ ê³µí™”êµ­
     got: ????? ???
 ; [cca2=SV].translations.per.common
Expected: Ø§Ù„Ø³Ø§Ù„ÙˆØ§Ø¯ÙˆØ±
     got: ??????????
 ; [cca2=SV].translations.per.official
Expected: Ø¬Ù…Ù‡ÙˆØ±ÛŒ Ø§Ù„Ø³Ø§Ù„ÙˆØ§Ø¯ÙˆØ±
     got: ?????? ??????????
 ; [cca2=SV].translations.por.official
Expected: RepÃºblica de El Salvador
     got: República de El Salvador
 ; [cca2=SV].translations.rus.common
Expected: Ð¡Ð°Ð»ÑŒÐ²Ð°Ð´Ð¾Ñ€
     got: ?????????
 ; [cca2=SV].translations.rus.official
Expected: Ð ÐµÑ?Ð¿ÑƒÐ±Ð»Ð¸ÐºÐ° Ð­Ð»ÑŒ-Ð¡Ð°Ð»ÑŒÐ²Ð°Ð´Ð¾Ñ€
     got: ?????????? ???-?????????
 ; [cca2=SV].translations.slk.common
Expected: SalvÃ¡dor
     got: Salvádor
 ; [cca2=SV].translations.slk.official
Expected: SalvÃ¡dorskÃ¡ republika
     got: Salvádorská republika
 ; [cca2=SV].translations.spa.official
Expected: RepÃºblica de El Salvador
     got: República de El Salvador
 ; [cca2=SV].translations.srp.common
Expected: Ð¡Ð°Ð»Ð²Ð°Ð´Ð¾Ñ€
     got: ????????
 ; [cca2=SV].translations.srp.official
Expected: Ð ÐµÐ¿ÑƒÐ±Ð»Ð¸ÐºÐ° Ð•Ð» Ð¡Ð°Ð»Ð²Ð°Ð´Ð¾Ñ€
     got: ????????? ?? ????????
 ; [cca2=SV].translations.urd.common
Expected: Ø§ÛŒÙ„ Ø³ÛŒÙ„ÙˆØ§ÚˆÙˆØ±
     got: ??? ????????
 ; [cca2=SV].translations.urd.official
Expected: Ø¬Ù…Û?ÙˆØ±ÛŒÛ? Ø§ÛŒÙ„ Ø³ÛŒÙ„ÙˆØ§ÚˆÙˆØ±
     got: ??????? ??? ????????
 ; [cca2=SV].translations.zho.common
Expected: è?¨å°”ç“¦å¤š
     got: ????
 ; [cca2=SV].translations.zho.official
Expected: è?¨å°”ç“¦å¤šå…±å’Œå›½
     got: ???????
 ; [cca2=CF].altSpellings[]
Expected: RÃ©publique centrafricaine
     but none found
 ; [cca2=CF].altSpellings[]
Unexpected: République centrafricaine
 ; [cca2=CF].flag
Expected: ðŸ‡¨ðŸ‡«
     got: ??
 ; [cca2=CF].name.nativeName.fra.common
Expected: RÃ©publique centrafricaine
     got: République centrafricaine
 ; [cca2=CF].name.nativeName.fra.official
Expected: RÃ©publique centrafricaine
     got: République centrafricaine
 ; [cca2=CF].name.nativeName.sag.common
Expected: BÃªafrÃ®ka
     got: Bêafrîka
 ; [cca2=CF].name.nativeName.sag.official
Expected: KÃ¶dÃ¶rÃ¶sÃªse tÃ® BÃªafrÃ®ka
     got: Ködörösêse tî Bêafrîka
 ; [cca2=CF].translations.ara.common
Expected: Ø¬Ù…Ù‡ÙˆØ±ÙŠØ© Ø£Ù?Ø±ÙŠÙ‚ÙŠØ§ Ø§Ù„ÙˆØ³Ø·Ù‰
     got: ??????? ??????? ??????
 ; [cca2=CF].translations.ara.official
Expected: Ø¬Ù…Ù‡ÙˆØ±ÙŠØ© Ø£Ù?Ø±ÙŠÙ‚ÙŠØ§ Ø§Ù„ÙˆØ³Ø·Ù‰
     got: ??????? ??????? ??????
 ; [cca2=CF].translations.ces.common
Expected: StÅ™edoafrickÃ¡ republika
     got: St?edoafrická republika
 ; [cca2=CF].translations.ces.official
Expected: StÅ™edoafrickÃ¡ republika
     got: St?edoafrická republika
 ; [cca2=CF].translations.fra.common
Expected: RÃ©publique centrafricaine
     got: République centrafricaine
 ; [cca2=CF].translations.fra.official
Expected: RÃ©publique centrafricaine
     got: République centrafricaine
 ; [cca2=CF].translations.hrv.common
Expected: SrednjoafriÄ?ka Republika
     got: Srednjoafri?ka Republika
 ; [cca2=CF].translations.hrv.official
Expected: Centralna AfriÄ?ka Republika
     got: Centralna Afri?ka Republika
 ; [cca2=CF].translations.hun.common
Expected: KÃ¶zÃ©p-afrikai KÃ¶ztÃ¡rsasÃ¡g
     got: Közép-afrikai Köztársaság
 ; [cca2=CF].translations.hun.official
Expected: KÃ¶zÃ©p-afrikai KÃ¶ztÃ¡rsasÃ¡g
     got: Közép-afrikai Köztársaság
 ; [cca2=CF].translations.jpn.common
Expected: ä¸­å¤®ã‚¢ãƒ•ãƒªã‚«å…±å’Œå›½
     got: ?????????
 ; [cca2=CF].translations.jpn.official
Expected: ä¸­å¤®ã‚¢ãƒ•ãƒªã‚«å…±å’Œå›½
     got: ?????????
 ; [cca2=CF].translations.kor.common
Expected: ì¤‘ì•™ì•„í”„ë¦¬ì¹´ ê³µí™”êµ­
     got: ?????? ???
 ; [cca2=CF].translations.kor.official
Expected: ì¤‘ì•™ì•„í”„ë¦¬ì¹´ ê³µí™”êµ­
     got: ?????? ???
 ; [cca2=CF].translations.per.common
Expected: Ø¬Ù…Ù‡ÙˆØ±ÛŒ Ø¢Ù?Ø±ÛŒÙ‚Ø§ÛŒ Ù…Ø±Ú©Ø²ÛŒ
     got: ?????? ??????? ?????
 ; [cca2=CF].translations.per.official
Expected: Ø¬Ù…Ù‡ÙˆØ±ÛŒ Ø¢Ù?Ø±ÛŒÙ‚Ø§ÛŒ Ù…Ø±Ú©Ø²ÛŒ
     got: ?????? ??????? ?????
 ; [cca2=CF].translations.pol.common
Expected: Republika ÅšrodkowoafrykaÅ„ska
     got: Republika ?rodkowoafryka?ska
 ; [cca2=CF].translations.pol.official
Expected: Republika ÅšrodkowoafrykaÅ„ska
     got: Republika ?rodkowoafryka?ska
 ; [cca2=CF].translations.por.common
Expected: RepÃºblica Centro-Africana
     got: República Centro-Africana
 ; [cca2=CF].translations.por.official
Expected: RepÃºblica Centro-Africano
     got: República Centro-Africano
 ; [cca2=CF].translations.rus.common
Expected: Ð¦ÐµÐ½Ñ‚Ñ€Ð°Ð»ÑŒÐ½Ð¾Ð°Ñ„Ñ€Ð¸ÐºÐ°Ð½Ñ?ÐºÐ°Ñ? Ð ÐµÑ?Ð¿ÑƒÐ±Ð»Ð¸ÐºÐ°
     got: ????????????????????? ??????????
 ; [cca2=CF].translations.rus.official
Expected: Ð¦ÐµÐ½Ñ‚Ñ€Ð°Ð»ÑŒÐ½Ð¾-Ð?Ñ„Ñ€Ð¸ÐºÐ°Ð½Ñ?ÐºÐ°Ñ? Ð ÐµÑ?Ð¿ÑƒÐ±Ð»Ð¸ÐºÐ°
     got: ??????????-??????????? ??????????
 ; [cca2=CF].translations.slk.common
Expected: StredoafrickÃ¡ republika
     got: Stredoafrická republika
 ; [cca2=CF].translations.slk.official
Expected: StredoafrickÃ¡ republika
     got: Stredoafrická republika
 ; [cca2=CF].translations.spa.common
Expected: RepÃºblica Centroafricana
     got: República Centroafricana
 ; [cca2=CF].translations.spa.official
Expected: RepÃºblica Centroafricana
     got: República Centroafricana
 ; [cca2=CF].translations.srp.common
Expected: Ð¦ÐµÐ½Ñ‚Ñ€Ð°Ð»Ð½Ð¾Ð°Ñ„Ñ€Ð¸Ñ‡ÐºÐ° Ð ÐµÐ¿ÑƒÐ±Ð»Ð¸ÐºÐ°
     got: ???????????????? ?????????
 ; [cca2=CF].translations.srp.official
Expected: Ð¦ÐµÐ½Ñ‚Ñ€Ð°Ð»Ð½Ð¾Ð°Ñ„Ñ€Ð¸Ñ‡ÐºÐ° Ð ÐµÐ¿ÑƒÐ±Ð»Ð¸ÐºÐ°
     got: ???????????????? ?????????
 ; [cca2=CF].translations.urd.common
Expected: ÙˆØ³Ø·ÛŒ Ø§Ù?Ø±ÛŒÙ‚ÛŒ Ø¬Ù…Û?ÙˆØ±ÛŒÛ?
     got: ???? ?????? ???????
 ; [cca2=CF].translations.urd.official
Expected: ÙˆØ³Ø·ÛŒ Ø§Ù?Ø±ÛŒÙ‚ÛŒ Ø¬Ù…Û?ÙˆØ±ÛŒÛ?
     got: ???? ?????? ???????
 ; [cca2=CF].translations.zho.common
Expected: ä¸­é?žå…±å’Œå›½
     got: ?????
 ; [cca2=CF].translations.zho.official
Expected: ä¸­é?žå…±å’Œå›½
     got: ?????
 ; [cca2=CG].flag
Expected: ðŸ‡¨ðŸ‡¬
     got: ??
 ; [cca2=CG].name.nativeName.fra.common
Expected: RÃ©publique du Congo
     got: République du Congo
 ; [cca2=CG].name.nativeName.fra.official
Expected: RÃ©publique du Congo
     got: République du Congo
 ; [cca2=CG].name.nativeName.lin.common
Expected: RepublÃ­ki ya KongÃ³
     got: Republíki ya Kongó
 ; [cca2=CG].name.nativeName.lin.official
Expected: RepublÃ­ki ya KongÃ³
     got: Republíki ya Kongó
 ; [cca2=CG].translations.ara.common
Expected: Ø¬Ù…Ù‡ÙˆØ±ÙŠØ© Ø§Ù„ÙƒÙˆÙ†Ù?Ùˆ
     got: ??????? ???????
 ; [cca2=CG].translations.ara.official
Expected: Ø¬Ù…Ù‡ÙˆØ±ÙŠØ© Ø§Ù„ÙƒÙˆÙ†ØºÙˆ
     got: ??????? ???????
 ; [cca2=CG].translations.ces.official
Expected: KonÅ¾skÃ¡ republika
     got: Konžská republika
 ; [cca2=CG].translations.fra.official
Expected: RÃ©publique du Congo
     got: République du Congo
 ; [cca2=CG].translations.hun.common
Expected: KongÃ³i KÃ¶ztÃ¡rsasÃ¡g
     got: Kongói Köztársaság
 ; [cca2=CG].translations.hun.official
Expected: KongÃ³i KÃ¶ztÃ¡rsasÃ¡g
     got: Kongói Köztársaság
 ; [cca2=CG].translations.jpn.common
Expected: ã‚³ãƒ³ã‚´å…±å’Œå›½
     got: ??????
 ; [cca2=CG].translations.jpn.official
Expected: ã‚³ãƒ³ã‚´å…±å’Œå›½
     got: ??????
 ; [cca2=CG].translations.kor.common
Expected: ì½©ê³ 
     got: ??
 ; [cca2=CG].translations.kor.official
Expected: ì½©ê³ 
     got: ??
 ; [cca2=CG].translations.per.common
Expected: Ø¬Ù…Ù‡ÙˆØ±ÛŒ Ú©Ù?Ù†Ú¯Ùˆ
     got: ?????? ?????
 ; [cca2=CG].translations.per.official
Expected: Ø¬Ù…Ù‡ÙˆØ±ÛŒ Ø¨Ø±Ø§Ø²Ø§ÙˆÛŒÙ„ Ú©Ù?Ù†Ú¯Ùˆ
     got: ?????? ???????? ?????
 ; [cca2=CG].translations.por.official
Expected: RepÃºblica do Congo
     got: República do Congo
 ; [cca2=CG].translations.rus.common
Expected: Ð ÐµÑ?Ð¿ÑƒÐ±Ð»Ð¸ÐºÐ° ÐšÐ¾Ð½Ð³Ð¾
     got: ?????????? ?????
 ; [cca2=CG].translations.rus.official
Expected: Ð ÐµÑ?Ð¿ÑƒÐ±Ð»Ð¸ÐºÐ° ÐšÐ¾Ð½Ð³Ð¾
     got: ?????????? ?????
 ; [cca2=CG].translations.slk.official
Expected: KonÅ¾skÃ¡ republika
     got: Konžská republika
 ; [cca2=CG].translations.spa.official
Expected: RepÃºblica del Congo
     got: República del Congo
 ; [cca2=CG].translations.srp.common
Expected: ÐšÐ¾Ð½Ð³Ð¾
     got: ?????
 ; [cca2=CG].translations.srp.official
Expected: Ð ÐµÐ¿ÑƒÐ±Ð»Ð¸ÐºÐ° ÐšÐ¾Ð½Ð³Ð¾
     got: ????????? ?????
 ; [cca2=CG].translations.urd.common
Expected: Ø¬Ù…Û?ÙˆØ±ÛŒÛ? Ú©Ø§Ù†Ú¯Ùˆ
     got: ??????? ?????
 ; [cca2=CG].translations.urd.official
Expected: Ø¬Ù…Û?ÙˆØ±ÛŒÛ? Ú©Ø§Ù†Ú¯Ùˆ
     got: ??????? ?????
 ; [cca2=CG].translations.zho.common
Expected: åˆšæžœ
     got: ??
 ; [cca2=CG].translations.zho.official
Expected: åˆšæžœå…±å’Œå›½
     got: ?????
 ; [cca2=CH].flag
Expected: ðŸ‡¨ðŸ‡­
     got: ??
 ; [cca2=CH].name.nativeName.fra.official
Expected: ConfÃ©dÃ©ration suisse
     got: Confédération suisse
 ; [cca2=CH].translations.ara.common
Expected: Ø³ÙˆÙŠØ³Ø±Ø§
     got: ??????
 ; [cca2=CH].translations.ara.official
Expected: Ø§Ù„Ø§ØªØ­Ø§Ø¯ Ø§Ù„Ø³ÙˆÙŠØ³Ø±ÙŠ
     got: ??????? ????????
 ; [cca2=CH].translations.ces.common
Expected: Å vÃ½carsko
     got: Švýcarsko
 ; [cca2=CH].translations.ces.official
Expected: Å vÃ½carskÃ¡ konfederace
     got: Švýcarská konfederace
 ; [cca2=CH].translations.est.common
Expected: Å veits
     got: Šveits
 ; [cca2=CH].translations.est.official
Expected: Å veitsi KonfÃ¶deratsioon
     got: Šveitsi Konföderatsioon
 ; [cca2=CH].translations.fra.official
Expected: ConfÃ©dÃ©ration suisse
     got: Confédération suisse
 ; [cca2=CH].translations.hrv.common
Expected: Å vicarska
     got: Švicarska
 ; [cca2=CH].translations.hrv.official
Expected: Å¡vicarska Konfederacija
     got: švicarska Konfederacija
 ; [cca2=CH].translations.hun.common
Expected: SvÃ¡jc
     got: Svájc
 ; [cca2=CH].translations.hun.official
Expected: SvÃ¡jc
     got: Svájc
 ; [cca2=CH].translations.jpn.common
Expected: ã‚¹ã‚¤ã‚¹
     got: ???
 ; [cca2=CH].translations.jpn.official
Expected: ã‚¹ã‚¤ã‚¹é€£é‚¦
     got: ?????
 ; [cca2=CH].translations.kor.common
Expected: ìŠ¤ìœ„ìŠ¤
     got: ???
 ; [cca2=CH].translations.kor.official
Expected: ìŠ¤ìœ„ìŠ¤ ì—°ë°©
     got: ??? ??
 ; [cca2=CH].translations.per.common
Expected: Ø³ÙˆØ¦ÛŒØ³
     got: ?????
 ; [cca2=CH].translations.per.official
Expected: Ú©Ù†Ù?Ø¯Ø±Ø§Ø³ÛŒÙˆÙ† Ø³ÙˆØ¦ÛŒØ³
     got: ?????????? ?????
 ; [cca2=CH].translations.por.common
Expected: SuÃ­Ã§a
     got: Suíça
 ; [cca2=CH].translations.por.official
Expected: ConfederaÃ§Ã£o SuÃ­Ã§a
     got: Confederação Suíça
 ; [cca2=CH].translations.rus.common
Expected: Ð¨Ð²ÐµÐ¹Ñ†Ð°Ñ€Ð¸Ñ?
     got: ?????????
 ; [cca2=CH].translations.rus.official
Expected: Ð¨Ð²ÐµÐ¹Ñ†Ð°Ñ€Ñ?ÐºÐ°Ñ? ÐšÐ¾Ð½Ñ„ÐµÐ´ÐµÑ€Ð°Ñ†Ð¸Ñ?
     got: ??????????? ????????????
 ; [cca2=CH].translations.slk.common
Expected: Å vajÄ?iarsko
     got: Švaj?iarsko
 ; [cca2=CH].translations.slk.official
Expected: Å vajÄ?iarska konfederÃ¡cia
     got: Švaj?iarska konfederácia
 ; [cca2=CH].translations.spa.official
Expected: ConfederaciÃ³n Suiza
     got: Confederación Suiza
 ; [cca2=CH].translations.srp.common
Expected: Ð¨Ð²Ð°Ñ˜Ñ†Ð°Ñ€Ñ?ÐºÐ°
     got: ??????????
 ; [cca2=CH].translations.srp.official
Expected: Ð¨Ð²Ð°Ñ˜Ñ†Ð°Ñ€Ñ?ÐºÐ° ÐšÐ¾Ð½Ñ„ÐµÐ´ÐµÑ€Ð°Ñ†Ð¸Ñ˜Ð°
     got: ?????????? ?????????????
 ; [cca2=CH].translations.swe.official
Expected: Schweiziska edsfÃ¶rbundet
     got: Schweiziska edsförbundet
 ; [cca2=CH].translations.tur.common
Expected: Ä°sviÃ§re
     got: ?sviçre
 ; [cca2=CH].translations.tur.official
Expected: Ä°sviÃ§re Konfederasyonu
     got: ?sviçre Konfederasyonu
 ; [cca2=CH].translations.urd.common
Expected: Ø³ÙˆÛŒÙ¹Ø°Ø±Ù„ÛŒÙ†Úˆ
     got: ??????????
 ; [cca2=CH].translations.urd.official
Expected: Ø³ÙˆØ¦ÛŒØ³  Ù…ØªØ­Ø¯Û?
     got: ?????  ?????
 ; [cca2=CH].translations.zho.common
Expected: ç‘žå£«
     got: ??
 ; [cca2=CH].translations.zho.official
Expected: ç‘žå£«è?”é‚¦
     got: ????
 ; [cca2=SX].currencies.ANG.symbol
Expected: Æ’
     got: ƒ
 ; [cca2=SX].flag
Expected: ðŸ‡¸ðŸ‡½
     got: ??
 ; [cca2=SX].translations.ara.common
Expected: Ø³ÙŠÙ†Øª Ù…Ø§Ø±ØªÙ†
     got: ???? ?????
 ; [cca2=SX].translations.ara.official
Expected: Ø³ÙŠÙ†Øª Ù…Ø§Ø±ØªÙ†
     got: ???? ?????
 ; [cca2=SX].translations.ces.common
Expected: SvatÃ½ Martin (Nizozemsko)
     got: Svatý Martin (Nizozemsko)
 ; [cca2=SX].translations.ces.official
Expected: SvatÃ½ Martin
     got: Svatý Martin
 ; [cca2=SX].translations.jpn.common
Expected: ã‚·ãƒ³ãƒˆãƒ»ãƒžãƒ¼ãƒ«ãƒ†ãƒ³
     got: ?????????
 ; [cca2=SX].translations.jpn.official
Expected: ã‚·ãƒ³ãƒˆãƒžãƒ¼ãƒ«ãƒ†ãƒ³å³¶
     got: ?????????
 ; [cca2=SX].translations.kor.common
Expected: ì‹ íŠ¸ë§ˆë¥´í„´
     got: ?????
 ; [cca2=SX].translations.kor.official
Expected: ì‹ íŠ¸ë§ˆë¥´í„´
     got: ?????
 ; [cca2=SX].translations.per.common
Expected: Ø³Ù† Ù…Ø§Ø±ØªÙ†
     got: ?? ?????
 ; [cca2=SX].translations.per.official
Expected: Ø³Ù† Ù…Ø§Ø±ØªÙ†
     got: ?? ?????
 ; [cca2=SX].translations.por.common
Expected: SÃ£o Martinho
     got: São Martinho
 ; [cca2=SX].translations.rus.common
Expected: Ð¡Ð¸Ð½Ñ‚-ÐœÐ°Ñ€Ñ‚ÐµÐ½
     got: ????-??????
 ; [cca2=SX].translations.rus.official
Expected: Ð¡Ð¸Ð½Ñ‚-ÐœÐ°Ð°Ñ€Ñ‚ÐµÐ½
     got: ????-???????
 ; [cca2=SX].translations.srp.common
Expected: Ð¡Ð²ÐµÑ‚Ð¸ ÐœÐ°Ñ€Ñ‚Ð¸Ð½
     got: ????? ??????
 ; [cca2=SX].translations.srp.official
Expected: Ð¡Ð²ÐµÑ‚Ð¸ ÐœÐ°Ñ€Ñ‚Ð¸Ð½
     got: ????? ??????
 ; [cca2=SX].translations.urd.common
Expected: Ø³Ù†Ù¹ Ù…Ø§Ø±Ù¹Ù†
     got: ??? ?????
 ; [cca2=SX].translations.urd.official
Expected: Ø³Ù†Ù¹ Ù…Ø§Ø±Ù¹Ù†
     got: ??? ?????
 ; [cca2=SX].translations.zho.common
Expected: åœ£é©¬ä¸?å²›
     got: ????
 ; [cca2=SX].translations.zho.official
Expected: åœ£é©¬ä¸?å²›
     got: ????
 ; [cca2=CI].altSpellings[]
Expected: RÃ©publique de CÃ´te d&#039;Ivoire
     but none found
 ; [cca2=CI].altSpellings[]
Expected: Republic of CÃ´te d&#039;Ivoire
     but none found
 ; [cca2=CI].altSpellings[]
Expected: CÃ´te d&#039;Ivoire
     but none found
 ; [cca2=CI].altSpellings[]
Unexpected: République de Côte d&#039;Ivoire
 ; [cca2=CI].altSpellings[]
Unexpected: Côte d&#039;Ivoire
 ; [cca2=CI].altSpellings[]
Unexpected: Republic of Côte d&#039;Ivoire
 ; [cca2=CI].flag
Expected: ðŸ‡¨ðŸ‡®
     got: ??
 ; [cca2=CI].name.nativeName.fra.common
Expected: CÃ´te d&#039;Ivoire
     got: Côte d&#039;Ivoire
 ; [cca2=CI].name.nativeName.fra.official
Expected: RÃ©publique de CÃ´te d&#039;Ivoire
     got: République de Côte d&#039;Ivoire
 ; [cca2=CI].name.official
Expected: Republic of CÃ´te d&#039;Ivoire
     got: Republic of Côte d&#039;Ivoire
 ; [cca2=CI].translations.ara.common
Expected: Ø³Ø§Ø­Ù„ Ø§Ù„Ø¹Ø§Ø¬
     got: ???? ?????
 ; [cca2=CI].translations.ara.official
Expected: Ø¬Ù…Ù‡ÙˆØ±ÙŠØ© Ø³Ø§Ø­Ù„ Ø§Ù„Ø¹Ø§Ø¬
     got: ??????? ???? ?????
 ; [cca2=CI].translations.ces.common
Expected: PobÅ™eÅ¾Ã­ slonoviny
     got: Pob?eží slonoviny
 ; [cca2=CI].translations.ces.official
Expected: Republika PobÅ™eÅ¾Ã­ slonoviny
     got: Republika Pob?eží slonoviny
 ; [cca2=CI].translations.cym.official
Expected: Republic of CÃ´te d&#039;Ivoire
     got: Republic of Côte d&#039;Ivoire
 ; [cca2=CI].translations.deu.common
Expected: ElfenbeinkÃ¼ste
     got: Elfenbeinküste
 ; [cca2=CI].translations.deu.official
Expected: Republik CÃ´te d&#039;Ivoire
     got: Republik Côte d&#039;Ivoire
 ; [cca2=CI].translations.est.official
Expected: CÃ´te dâ€™Ivoireâ€™i Vabariik
     got: Côte d’Ivoire’i Vabariik
 ; [cca2=CI].translations.fra.common
Expected: CÃ´te d&#039;Ivoire
     got: Côte d&#039;Ivoire
 ; [cca2=CI].translations.fra.official
Expected: RÃ©publique de CÃ´te d&#039; Ivoire
     got: République de Côte d&#039; Ivoire
 ; [cca2=CI].translations.hrv.official
Expected: Republika CÃ´te d&#039;Ivoire
     got: Republika Côte d&#039;Ivoire
 ; [cca2=CI].translations.hun.common
Expected: ElefÃ¡ntcsontpart
     got: Elefántcsontpart
 ; [cca2=CI].translations.hun.official
Expected: ElefÃ¡ntcsontparti KÃ¶ztÃ¡rsasÃ¡g
     got: Elefántcsontparti Köztársaság
 ; [cca2=CI].translations.jpn.common
Expected: ã‚³ãƒ¼ãƒˆã‚¸ãƒœãƒ¯ãƒ¼ãƒ«
     got: ????????
 ; [cca2=CI].translations.jpn.official
Expected: ã‚³ãƒ¼ãƒˆã‚¸ãƒœãƒ¯ãƒ¼ãƒ«å…±å’Œå›½
     got: ???????????
 ; [cca2=CI].translations.kor.common
Expected: ì½”íŠ¸ë””ë¶€ì•„ë¥´
     got: ??????
 ; [cca2=CI].translations.kor.official
Expected: ì½”íŠ¸ë””ë¶€ì•„ë¥´ ê³µí™”êµ­
     got: ?????? ???
 ; [cca2=CI].translations.per.common
Expected: Ø³Ø§Ø­Ù„ Ø¹Ø§Ø¬
     got: ???? ???
 ; [cca2=CI].translations.per.official
Expected: Ø¬Ù…Ù‡ÙˆØ±ÛŒ Ø³Ø§Ø­Ù„ Ø¹Ø§Ø¬
     got: ?????? ???? ???
 ; [cca2=CI].translations.pol.common
Expected: WybrzeÅ»e KoÅ›ci SÅ‚oniowej
     got: Wybrze?e Ko?ci S?oniowej
 ; [cca2=CI].translations.pol.official
Expected: Republika WybrzeÅ»a KoÅ›ci SÅ‚oniowej
     got: Republika Wybrze?a Ko?ci S?oniowej
 ; [cca2=CI].translations.por.official
Expected: RepÃºblica da CÃ´te d&#039;Ivoire
     got: República da Côte d&#039;Ivoire
 ; [cca2=CI].translations.rus.common
Expected: ÐšÐ¾Ñ‚-Ð´â€™Ð˜Ð²ÑƒÐ°Ñ€
     got: ???-?’?????
 ; [cca2=CI].translations.rus.official
Expected: Ð ÐµÑ?Ð¿ÑƒÐ±Ð»Ð¸ÐºÐ° ÐšÐ¾Ñ‚-Ð´&#039;Ð˜Ð²ÑƒÐ°Ñ€Ðµ
     got: ?????????? ???-?&#039;??????
 ; [cca2=CI].translations.slk.common
Expected: PobrÅ¾ie Slonoviny
     got: Pobržie Slonoviny
 ; [cca2=CI].translations.slk.official
Expected: Republika PobreÅ¾ie Slonoviny
     got: Republika Pobrežie Slonoviny
 ; [cca2=CI].translations.spa.official
Expected: RepÃºblica de CÃ´te d&#039;Ivoire
     got: República de Côte d&#039;Ivoire
 ; [cca2=CI].translations.srp.common
Expected: ÐžÐ±Ð°Ð»Ð° Ð¡Ð»Ð¾Ð½Ð¾Ð²Ð°Ñ‡Ðµ
     got: ????? ?????????
 ; [cca2=CI].translations.srp.official
Expected: Ð ÐµÐ¿ÑƒÐ±Ð»Ð¸ÐºÐ° ÐžÐ±Ð°Ð»Ð° Ð¡Ð»Ð¾Ð½Ð¾Ð²Ð°Ñ‡Ðµ
     got: ????????? ????? ?????????
 ; [cca2=CI].translations.tur.common
Expected: FildiÅŸi Sahili
     got: Fildi?i Sahili
 ; [cca2=CI].translations.tur.official
Expected: FildiÅŸi Sahili
     got: Fildi?i Sahili
 ; [cca2=CI].translations.urd.common
Expected: Ø¢Ø¦ÛŒÙˆØ±ÛŒ Ú©ÙˆØ³Ù¹
     got: ?????? ????
 ; [cca2=CI].translations.urd.official
Expected: Ø¬Ù…Û?ÙˆØ±ÛŒÛ? Ú©ÙˆØª Ø¯ÛŒÙˆØ§Øº
     got: ??????? ??? ?????
 ; [cca2=CI].translations.zho.common
Expected: ç§‘ç‰¹è¿ªç“¦
     got: ????
 ; [cca2=CI].translations.zho.official
Expected: ç§‘ç‰¹è¿ªç“¦å…±å’Œå›½
     got: ???????
 ; [cca2=SY].altSpellings[]
Expected: Al-JumhÅ«rÄ«yah Al-Ê»ArabÄ«yah As-SÅ«rÄ«yah
     but none found
 ; [cca2=SY].altSpellings[]
Unexpected: Al-Jumh?r?yah Al-?Arab?yah As-S?r?yah
 ; [cca2=SY].currencies.SYP.symbol
Expected: Â£
     got: £
 ; [cca2=SY].flag
Expected: ðŸ‡¸ðŸ‡¾
     got: ??
 ; [cca2=SY].name.nativeName.ara.common
Expected: Ø³ÙˆØ±ÙŠØ§
     got: ?????
 ; [cca2=SY].name.nativeName.ara.official
Expected: Ø§Ù„Ø¬Ù…Ù‡ÙˆØ±ÙŠØ© Ø§Ù„Ø¹Ø±Ø¨ÙŠØ© Ø§Ù„Ø³ÙˆØ±ÙŠØ©
     got: ????????? ??????? ???????
 ; [cca2=SY].tld[]
Expected: Ø³ÙˆØ±ÙŠØ§.
     but none found
 ; [cca2=SY].tld[]
Unexpected: ?????.
 ; [cca2=SY].translations.ara.common
Expected: Ø³ÙˆØ±ÙŠØ§
     got: ?????
 ; [cca2=SY].translations.ara.official
Expected: Ø§Ù„Ø¬Ù…Ù‡ÙˆØ±ÙŠØ© Ø§Ù„Ø¹Ø±Ø¨ÙŠØ© Ø§Ù„Ø³ÙˆØ±ÙŠØ©
     got: ????????? ??????? ???????
 ; [cca2=SY].translations.ces.common
Expected: SÃ½rie
     got: Sýrie
 ; [cca2=SY].translations.ces.official
Expected: SyrskÃ¡ arabskÃ¡ republika
     got: Syrská arabská republika
 ; [cca2=SY].translations.est.common
Expected: SÃ¼Ã¼ria
     got: Süüria
 ; [cca2=SY].translations.est.official
Expected: SÃ¼Ã¼ria Araabia Vabariik
     got: Süüria Araabia Vabariik
 ; [cca2=SY].translations.fra.official
Expected: RÃ©publique arabe syrienne
     got: République arabe syrienne
 ; [cca2=SY].translations.hun.common
Expected: SzÃ­ria
     got: Szíria
 ; [cca2=SY].translations.hun.official
Expected: SzÃ­riai Arab KÃ¶ztÃ¡rsasÃ¡g
     got: Szíriai Arab Köztársaság
 ; [cca2=SY].translations.jpn.common
Expected: ã‚·ãƒªã‚¢ãƒ»ã‚¢ãƒ©ãƒ–å…±å’Œå›½
     got: ??????????
 ; [cca2=SY].translations.jpn.official
Expected: ã‚·ãƒªã‚¢ã‚¢ãƒ©ãƒ–å…±å’Œå›½
     got: ?????????
 ; [cca2=SY].translations.kor.common
Expected: ì‹œë¦¬ì•„
     got: ???
 ; [cca2=SY].translations.kor.official
Expected: ì‹œë¦¬ì•„ ì•„ëž? ê³µí™”êµ­
     got: ??? ?? ???
 ; [cca2=SY].translations.nld.common
Expected: SyriÃ«
     got: Syrië
 ; [cca2=SY].translations.per.common
Expected: Ø³ÙˆØ±ÛŒÙ‡
     got: ?????
 ; [cca2=SY].translations.per.official
Expected: Ø¬Ù…Ù‡ÙˆØ±ÛŒ Ø¹Ø±Ø¨ÛŒ Ø³ÙˆØ±ÛŒÙ‡
     got: ?????? ???? ?????
 ; [cca2=SY].translations.por.common
Expected: SÃ­ria
     got: Síria
 ; [cca2=SY].translations.por.official
Expected: RepÃºblica Ã?rabe SÃ­ria
     got: República Árabe Síria
 ; [cca2=SY].translations.rus.common
Expected: Ð¡Ð¸Ñ€Ð¸Ñ?
     got: ?????
 ; [cca2=SY].translations.rus.official
Expected: Ð¡Ð¸Ñ€Ð¸Ð¹Ñ?ÐºÐ°Ñ? Ð?Ñ€Ð°Ð±Ñ?ÐºÐ°Ñ? Ð ÐµÑ?Ð¿ÑƒÐ±Ð»Ð¸ÐºÐ°
     got: ????????? ???????? ??????????
 ; [cca2=SY].translations.slk.common
Expected: SÃ½ria
     got: Sýria
 ; [cca2=SY].translations.slk.official
Expected: SÃ½rska arabskÃ¡ republika
     got: Sýrska arabská republika
 ; [cca2=SY].translations.spa.official
Expected: RepÃºblica Ã?rabe Siria
     got: República Árabe Siria
 ; [cca2=SY].translations.srp.common
Expected: Ð¡Ð¸Ñ€Ð¸Ñ˜Ð°
     got: ??????
 ; [cca2=SY].translations.srp.official
Expected: Ð¡Ð¸Ñ€Ð¸Ñ˜Ñ?ÐºÐ° Ð?Ñ€Ð°Ð¿Ñ?ÐºÐ° Ð ÐµÐ¿ÑƒÐ±Ð»Ð¸ÐºÐ°
     got: ???????? ??????? ?????????
 ; [cca2=SY].translations.urd.common
Expected: Ø³ÙˆØ±ÛŒÛ?
     got: ?????
 ; [cca2=SY].translations.urd.official
Expected: Ø¹Ø±Ø¨ Ø¬Ù…Û?ÙˆØ±ÛŒÛ? Ø³ÙˆØ±ÛŒÛ?
     got: ??? ??????? ?????
 ; [cca2=SY].translations.zho.common
Expected: å?™åˆ©äºš
     got: ???
 ; [cca2=SY].translations.zho.official
Expected: å?™åˆ©äºšé˜¿æ‹‰ä¼¯å…±å’Œå›½
     got: ?????????
 ; [cca2=SZ].flag
Expected: ðŸ‡¸ðŸ‡¿
     got: ??
 ; [cca2=SZ].flags.alt
Expected: The flag of Eswatini is composed of three horizontal bands â€” a large central yellow-edged red band, and a light blue band above and beneath the red band. The red band is three times the height of the blue bands and bears a centered emblem made up of a large black and white Nguni shield covering two spears and a staff decorated with feather tassels, all placed horizontally.
     got: The flag of Eswatini is composed of three horizontal bands — a large central yellow-edged red band, and a light blue band above and beneath the red band. The red band is three times the height of the blue bands and bears a centered emblem made up of a large black and white Nguni shield covering two spears and a staff decorated with feather tassels, all placed horizontally.
 ; [cca2=SZ].translations.ara.common
Expected: Ø¥Ø³ÙˆØ§ØªÙŠÙ†ÙŠ
     got: ????????
 ; [cca2=SZ].translations.ara.official
Expected: Ù…Ù…Ù„ÙƒØ© Ø¥Ø³ÙˆØ§ØªÙŠÙ†ÙŠ
     got: ????? ????????
 ; [cca2=SZ].translations.ces.official
Expected: SvazijskÃ© krÃ¡lovstvÃ­
     got: Svazijské království
 ; [cca2=SZ].translations.deu.official
Expected: KÃ¶nigreich Eswatini
     got: Königreich Eswatini
 ; [cca2=SZ].translations.fra.official
Expected: Royaume dâ€™Eswatini
     got: Royaume d’Eswatini
 ; [cca2=SZ].translations.hun.common
Expected: SzvÃ¡zifÃ¶ld
     got: Szváziföld
 ; [cca2=SZ].translations.hun.official
Expected: SzvÃ¡zifÃ¶ldi KirÃ¡lysÃ¡g
     got: Szváziföldi Királyság
 ; [cca2=SZ].translations.jpn.common
Expected: ã‚¹ãƒ¯ã‚¸ãƒ©ãƒ³ãƒ‰
     got: ??????
 ; [cca2=SZ].translations.jpn.official
Expected: ã‚¹ãƒ¯ã‚¸ãƒ©ãƒ³ãƒ‰çŽ‹å›½
     got: ????????
 ; [cca2=SZ].translations.kor.common
Expected: ì—?ìŠ¤ì™€í‹°ë‹ˆ
     got: ?????
 ; [cca2=SZ].translations.kor.official
Expected: ì—?ìŠ¤ì™€í‹°ë‹ˆ ì™•êµ­
     got: ????? ??
 ; [cca2=SZ].translations.per.common
Expected: Ø§Ø³ÙˆØ§ØªÛŒÙ†ÛŒ
     got: ????????
 ; [cca2=SZ].translations.per.official
Expected: Ù¾Ø§Ø¯Ø´Ø§Ù‡ÛŒ Ø³ÙˆØ§Ø²ÛŒÙ„Ù†Ø¯
     got: ??????? ????????
 ; [cca2=SZ].translations.pol.official
Expected: KrÃ³lestwo Suazi
     got: Królestwo Suazi
 ; [cca2=SZ].translations.por.common
Expected: SuazilÃ¢ndia
     got: Suazilândia
 ; [cca2=SZ].translations.rus.common
Expected: Ð¡Ð²Ð°Ð·Ð¸Ð»ÐµÐ½Ð´
     got: ?????????
 ; [cca2=SZ].translations.rus.official
Expected: ÐšÐ¾Ñ€Ð¾Ð»ÐµÐ²Ñ?Ñ‚Ð²Ð¾ Ð¡Ð²Ð°Ð·Ð¸Ð»ÐµÐ½Ð´
     got: ??????????? ?????????
 ; [cca2=SZ].translations.slk.official
Expected: SvazijskÃ© krÃ¡Ä¾ovstvo
     got: Svazijské krá?ovstvo
 ; [cca2=SZ].translations.srp.common
Expected: Ð•Ñ?Ð²Ð°Ñ‚Ð¸Ð½Ð¸
     got: ????????
 ; [cca2=SZ].translations.srp.official
Expected: ÐšÑ€Ð°Ñ™ÐµÐ²Ð¸Ð½Ð° Ð•Ñ?Ð²Ð°Ñ‚Ð¸Ð½Ð¸
     got: ????????? ????????
 ; [cca2=SZ].translations.tur.official
Expected: Esvatini KrallÄ±ÄŸÄ±
     got: Esvatini Krall???
 ; [cca2=SZ].translations.urd.common
Expected: Ø³ÙˆØ§Ø²ÛŒ Ù„ÛŒÙ†Úˆ
     got: ????? ????
 ; [cca2=SZ].translations.urd.official
Expected: Ù…Ù…Ù„Ú©ØªÙ? Ø³ÙˆØ§Ø²ÛŒ Ù„ÛŒÙ†Úˆ
     got: ?????? ????? ????
 ; [cca2=SZ].translations.zho.common
Expected: æ–¯å¨?å£«å…°
     got: ????
 ; [cca2=SZ].translations.zho.official
Expected: æ–¯å¨?å£«å…°çŽ‹å›½
     got: ??????
 ; [cca2=CK].altSpellings[]
Expected: KÅ«ki &#039;Ä€irani
     but none found
 ; [cca2=CK].altSpellings[]
Unexpected: K?ki &#039;?irani
 ; [cca2=CK].flag
Expected: ðŸ‡¨ðŸ‡°
     got: ??
 ; [cca2=CK].languages.rar
Expected: Cook Islands MÄ?ori
     got: Cook Islands M?ori
 ; [cca2=CK].name.nativeName.rar.common
Expected: KÅ«ki &#039;Ä€irani
     got: K?ki &#039;?irani
 ; [cca2=CK].name.nativeName.rar.official
Expected: KÅ«ki &#039;Ä€irani
     got: K?ki &#039;?irani
 ; [cca2=CK].translations.ara.common
Expected: Ø¬Ø²Ø± ÙƒÙˆÙƒ
     got: ??? ???
 ; [cca2=CK].translations.ara.official
Expected: Ø¬Ø²Ø± ÙƒÙˆÙƒ
     got: ??? ???
 ; [cca2=CK].translations.fra.common
Expected: ÃŽles Cook
     got: Îles Cook
 ; [cca2=CK].translations.fra.official
Expected: ÃŽles Cook
     got: Îles Cook
 ; [cca2=CK].translations.hrv.common
Expected: Cookovo OtoÄ?je
     got: Cookovo Oto?je
 ; [cca2=CK].translations.jpn.common
Expected: ã‚¯ãƒƒã‚¯è«¸å³¶
     got: ?????
 ; [cca2=CK].translations.jpn.official
Expected: ã‚¯ãƒƒã‚¯è«¸å³¶
     got: ?????
 ; [cca2=CK].translations.kor.common
Expected: ì¿¡ ì œë?„
     got: ? ??
 ; [cca2=CK].translations.kor.official
Expected: ì¿¡ ì œë?„
     got: ? ??
 ; [cca2=CK].translations.per.common
Expected: Ø¬Ø²Ø§ÛŒØ± Ú©ÙˆÚ©
     got: ????? ???
 ; [cca2=CK].translations.per.official
Expected: Ø¬Ø²Ø§ÛŒØ± Ú©ÙˆÚ©
     got: ????? ???
 ; [cca2=CK].translations.rus.common
Expected: ÐžÑ?Ñ‚Ñ€Ð¾Ð²Ð° ÐšÑƒÐºÐ°
     got: ??????? ????
 ; [cca2=CK].translations.rus.official
Expected: Ð¾Ñ?Ñ‚Ñ€Ð¾Ð²Ð° ÐšÑƒÐºÐ°
     got: ??????? ????
 ; [cca2=CK].translations.srp.common
Expected: ÐšÑƒÐºÐ¾Ð²Ð° ÐžÑ?Ñ‚Ñ€Ð²Ð°
     got: ?????? ??????
 ; [cca2=CK].translations.srp.official
Expected: ÐšÑƒÐºÐ¾Ð²Ð° ÐžÑ?Ñ‚Ñ€Ð²Ð°
     got: ?????? ??????
 ; [cca2=CK].translations.swe.common
Expected: CookÃ¶arna
     got: Cooköarna
 ; [cca2=CK].translations.swe.official
Expected: CookÃ¶arna
     got: Cooköarna
 ; [cca2=CK].translations.tur.common
Expected: Cook AdalarÄ±
     got: Cook Adalar?
 ; [cca2=CK].translations.tur.official
Expected: Cook AdalarÄ±
     got: Cook Adalar?
 ; [cca2=CK].translations.urd.common
Expected: Ø¬Ø²Ø§Ø¦Ø± Ú©Ú©
     got: ????? ??
 ; [cca2=CK].translations.urd.official
Expected: Ø¬Ø²Ø§Ø¦Ø± Ú©Ú©
     got: ????? ??
 ; [cca2=CK].translations.zho.common
Expected: åº“å…‹ç¾¤å²›
     got: ????
 ; [cca2=CK].translations.zho.official
Expected: åº“å…‹ç¾¤å²›
     got: ????
 ; [cca2=CL].altSpellings[]
Expected: RepÃºblica de Chile
     but none found
 ; [cca2=CL].altSpellings[]
Unexpected: República de Chile
 ; [cca2=CL].flag
Expected: ðŸ‡¨ðŸ‡±
     got: ??
 ; [cca2=CL].name.nativeName.spa.official
Expected: RepÃºblica de Chile
     got: República de Chile
 ; [cca2=CL].translations.ara.common
Expected: ØªØ´ÙŠÙ„ÙŠ
     got: ?????
 ; [cca2=CL].translations.ara.official
Expected: Ø¬Ù…Ù‡ÙˆØ±ÙŠØ© ØªØ´ÙŠÙ„ÙŠ
     got: ??????? ?????
 ; [cca2=CL].translations.ces.official
Expected: ChilskÃ¡ republika
     got: Chilská republika
 ; [cca2=CL].translations.est.common
Expected: TÅ¡iili
     got: Tšiili
 ; [cca2=CL].translations.est.official
Expected: TÅ¡iili Vabariik
     got: Tšiili Vabariik
 ; [cca2=CL].translations.fra.official
Expected: RÃ©publique du Chili
     got: République du Chili
 ; [cca2=CL].translations.hrv.common
Expected: ÄŒile
     got: ?ile
 ; [cca2=CL].translations.hrv.official
Expected: Republika ÄŒile
     got: Republika ?ile
 ; [cca2=CL].translations.hun.official
Expected: Chilei KÃ¶ztÃ¡rsasÃ¡g
     got: Chilei Köztársaság
 ; [cca2=CL].translations.jpn.common
Expected: ãƒ?ãƒª
     got: ??
 ; [cca2=CL].translations.jpn.official
Expected: ãƒ?ãƒªå…±å’Œå›½
     got: ?????
 ; [cca2=CL].translations.kor.common
Expected: ì¹ ë ˆ
     got: ??
 ; [cca2=CL].translations.kor.official
Expected: ì¹ ë ˆ ê³µí™”êµ­
     got: ?? ???
 ; [cca2=CL].translations.per.common
Expected: Ø´ÛŒÙ„ÛŒ
     got: ????
 ; [cca2=CL].translations.per.official
Expected: Ø¬Ù…Ù‡ÙˆØ±ÛŒ Ø´ÛŒÙ„ÛŒ
     got: ?????? ????
 ; [cca2=CL].translations.por.official
Expected: RepÃºblica do Chile
     got: República do Chile
 ; [cca2=CL].translations.rus.common
Expected: Ð§Ð¸Ð»Ð¸
     got: ????
 ; [cca2=CL].translations.rus.official
Expected: Ð ÐµÑ?Ð¿ÑƒÐ±Ð»Ð¸ÐºÐ° Ð§Ð¸Ð»Ð¸
     got: ?????????? ????
 ; [cca2=CL].translations.slk.common
Expected: ÄŒile
     got: ?ile
 ; [cca2=CL].translations.slk.official
Expected: ÄŒÃ­lska republika
     got: ?ílska republika
 ; [cca2=CL].translations.spa.official
Expected: RepÃºblica de Chile
     got: República de Chile
 ; [cca2=CL].translations.srp.common
Expected: Ð§Ð¸Ð»Ðµ
     got: ????
 ; [cca2=CL].translations.srp.official
Expected: Ð ÐµÐ¿ÑƒÐ±Ð»Ð¸ÐºÐ° Ð§Ð¸Ð»Ðµ
     got: ????????? ????
 ; [cca2=CL].translations.tur.common
Expected: Åžili
     got: ?ili
 ; [cca2=CL].translations.tur.official
Expected: Åžili Cumhuriyeti
     got: ?ili Cumhuriyeti
 ; [cca2=CL].translations.urd.common
Expected: Ú†Ù„ÛŒ
     got: ???
 ; [cca2=CL].translations.urd.official
Expected: Ø¬Ù…Û?ÙˆØ±ÛŒÛ? Ú†Ù„ÛŒ
     got: ??????? ???
 ; [cca2=CL].translations.zho.common
Expected: æ™ºåˆ©
     got: ??
 ; [cca2=CL].translations.zho.official
Expected: æ™ºåˆ©å…±å’Œå›½
     got: ?????
 ; [cca2=CM].altSpellings[]
Expected: RÃ©publique du Cameroun
     but none found
 ; [cca2=CM].altSpellings[]
Unexpected: République du Cameroun
 ; [cca2=CM].capital[]
Expected: YaoundÃ©
     but none found
 ; [cca2=CM].capital[]
Unexpected: Yaoundé
 ; [cca2=CM].flag
Expected: ðŸ‡¨ðŸ‡²
     got: ??
 ; [cca2=CM].name.nativeName.fra.official
Expected: RÃ©publique du Cameroun
     got: République du Cameroun
 ; [cca2=CM].translations.ara.common
Expected: Ø§Ù„ÙƒØ§Ù…ÙŠØ±ÙˆÙ†
     got: ?????????
 ; [cca2=CM].translations.ara.official
Expected: Ø¬Ù…Ù‡ÙˆØ±ÙŠØ© Ø§Ù„ÙƒØ§Ù…ÙŠØ±ÙˆÙ†
     got: ??????? ?????????
 ; [cca2=CM].translations.ces.official
Expected: KamerunskÃ¡ republika
     got: Kamerunská republika
 ; [cca2=CM].translations.cym.common
Expected: CamerÅµn
     got: Camer?n
 ; [cca2=CM].translations.cym.official
Expected: Gweriniaeth CamerÅµn
     got: Gweriniaeth Camer?n
 ; [cca2=CM].translations.fra.official
Expected: RÃ©publique du Cameroun
     got: République du Cameroun
 ; [cca2=CM].translations.hun.official
Expected: Kameruni KÃ¶ztÃ¡rsasÃ¡g
     got: Kameruni Köztársaság
 ; [cca2=CM].translations.jpn.common
Expected: ã‚«ãƒ¡ãƒ«ãƒ¼ãƒ³
     got: ?????
 ; [cca2=CM].translations.jpn.official
Expected: ã‚«ãƒ¡ãƒ«ãƒ¼ãƒ³å…±å’Œå›½
     got: ????????
 ; [cca2=CM].translations.kor.common
Expected: ì¹´ë©”ë£¬
     got: ???
 ; [cca2=CM].translations.kor.official
Expected: ì¹´ë©”ë£¬ ê³µí™”êµ­
     got: ??? ???
 ; [cca2=CM].translations.per.common
Expected: Ú©Ø§Ù…Ù?Ø±ÙˆÙ†
     got: ???????
 ; [cca2=CM].translations.per.official
Expected: Ø¬Ù…Ù‡ÙˆØ±ÛŒ Ú©Ø§Ù…Ù?Ø±ÙˆÙ†
     got: ?????? ???????
 ; [cca2=CM].translations.por.common
Expected: CamarÃµes
     got: Camarões
 ; [cca2=CM].translations.por.official
Expected: RepÃºblica dos CamarÃµes
     got: República dos Camarões
 ; [cca2=CM].translations.rus.common
Expected: ÐšÐ°Ð¼ÐµÑ€ÑƒÐ½
     got: ???????
 ; [cca2=CM].translations.rus.official
Expected: Ð ÐµÑ?Ð¿ÑƒÐ±Ð»Ð¸ÐºÐ° ÐšÐ°Ð¼ÐµÑ€ÑƒÐ½
     got: ?????????? ???????
 ; [cca2=CM].translations.slk.official
Expected: KamerunskÃ¡ republika
     got: Kamerunská republika
 ; [cca2=CM].translations.spa.common
Expected: CamerÃºn
     got: Camerún
 ; [cca2=CM].translations.spa.official
Expected: RepÃºblica de CamerÃºn
     got: República de Camerún
 ; [cca2=CM].translations.srp.common
Expected: ÐšÐ°Ð¼ÐµÑ€ÑƒÐ½
     got: ???????
 ; [cca2=CM].translations.srp.official
Expected: Ð ÐµÐ¿ÑƒÐ±Ð»Ð¸ÐºÐ° ÐšÐ°Ð¼ÐµÑ€ÑƒÐ½
     got: ????????? ???????
 ; [cca2=CM].translations.urd.common
Expected: Ú©ÛŒÙ…Ø±ÙˆÙ†
     got: ??????
 ; [cca2=CM].translations.urd.official
Expected: Ø¬Ù…Û?ÙˆØ±ÛŒÛ? Ú©ÛŒÙ…Ø±ÙˆÙ†
     got: ??????? ??????
 ; [cca2=CM].translations.zho.common
Expected: å–€éº¦éš†
     got: ???
 ; [cca2=CM].translations.zho.official
Expected: å–€éº¦éš†å…±å’Œå›½
     got: ??????
 ; [cca2=CN].altSpellings[]
Expected: ZhÅ?ngguÃ³
     but none found
 ; [cca2=CN].altSpellings[]
Expected: ä¸­å?Žäººæ°‘å…±å’Œå›½
     but none found
 ; [cca2=CN].altSpellings[]
Expected: ZhÅ?nghuÃ¡ RÃ©nmÃ­n GÃ²nghÃ©guÃ³
     but none found
 ; [cca2=CN].altSpellings[]
Unexpected: Zh?ngguó
 ; [cca2=CN].altSpellings[]
Unexpected: ???????
 ; [cca2=CN].altSpellings[]
Unexpected: Zh?nghuá Rénmín Gònghéguó
 ; [cca2=CN].currencies.CNY.symbol
Expected: Â¥
     got: ¥
 ; [cca2=CN].flag
Expected: ðŸ‡¨ðŸ‡³
     got: ??
 ; [cca2=CN].flags.alt
Expected: The flag of China has a red field. In the canton are five yellow five-pointed stars â€” a large star and four smaller stars arranged in a vertical arc on the fly side of the large star.
     got: The flag of China has a red field. In the canton are five yellow five-pointed stars — a large star and four smaller stars arranged in a vertical arc on the fly side of the large star.
 ; [cca2=CN].name.nativeName.zho.common
Expected: ä¸­å›½
     got: ??
 ; [cca2=CN].name.nativeName.zho.official
Expected: ä¸­å?Žäººæ°‘å…±å’Œå›½
     got: ???????
 ; [cca2=CN].tld[]
Expected: .ä¸­åœ‹
     but none found
 ; [cca2=CN].tld[]
Expected: .ç½‘ç»œ
     but none found
 ; [cca2=CN].tld[]
Expected: .ä¸­å›½
     but none found
 ; [cca2=CN].tld[]
Expected: .å…¬å?¸
     but none found
 ; [cca2=CN].tld[]
Unexpected: .??
 ; [cca2=CN].tld[]
Unexpected: .??
 ; [cca2=CN].tld[]
Unexpected: .??
 ; [cca2=CN].tld[]
Unexpected: .??
 ; [cca2=CN].translations.ara.common
Expected: Ø§Ù„ØµÙŠÙ†
     got: ?????
 ; [cca2=CN].translations.ara.official
Expected: Ø¬Ù…Ù‡ÙˆØ±ÙŠØ© Ø§Ù„ØµÙŠÙ† Ø§Ù„Ø´Ø¹Ø¨ÙŠØ©
     got: ??????? ????? ???????
 ; [cca2=CN].translations.ces.common
Expected: ÄŒÃ­na
     got: ?ína
 ; [cca2=CN].translations.ces.official
Expected: ÄŒÃ­nskÃ¡ lidovÃ¡ republika
     got: ?ínská lidová republika
 ; [cca2=CN].translations.fra.official
Expected: RÃ©publique populaire de Chine
     got: République populaire de Chine
 ; [cca2=CN].translations.hun.common
Expected: KÃ­na
     got: Kína
 ; [cca2=CN].translations.hun.official
Expected: KÃ­nai NÃ©pkÃ¶ztÃ¡rsasÃ¡g
     got: Kínai Népköztársaság
 ; [cca2=CN].translations.jpn.common
Expected: ä¸­å›½
     got: ??
 ; [cca2=CN].translations.jpn.official
Expected: ä¸­è?¯äººæ°‘å…±å’Œå›½
     got: ???????
 ; [cca2=CN].translations.kor.common
Expected: ì¤‘êµ­
     got: ??
 ; [cca2=CN].translations.kor.official
Expected: ì¤‘í™”ì?¸ë¯¼ê³µí™”êµ­
     got: ???????
 ; [cca2=CN].translations.per.common
Expected: Ú†ÛŒÙ†
     got: ???
 ; [cca2=CN].translations.per.official
Expected: Ø¬Ù…Ù‡ÙˆØ±ÛŒ Ø®Ù„Ù‚ Ú†ÛŒÙ†
     got: ?????? ??? ???
 ; [cca2=CN].translations.pol.official
Expected: ChiÅ„ska Republika Ludowa
     got: Chi?ska Republika Ludowa
 ; [cca2=CN].translations.por.official
Expected: RepÃºblica Popular da China
     got: República Popular da China
 ; [cca2=CN].translations.rus.common
Expected: ÐšÐ¸Ñ‚Ð°Ð¹
     got: ?????
 ; [cca2=CN].translations.rus.official
Expected: Ð?Ð°Ñ€Ð¾Ð´Ð½Ð°Ñ? Ð ÐµÑ?Ð¿ÑƒÐ±Ð»Ð¸ÐºÐ° ÐšÐ¸Ñ‚Ð°Ð¹
     got: ???????? ?????????? ?????
 ; [cca2=CN].translations.slk.common
Expected: ÄŒÃ­na
     got: ?ína
 ; [cca2=CN].translations.slk.official
Expected: ÄŒÃ­nska Ä¾udovÃ¡ republika
     got: ?ínska ?udová republika
 ; [cca2=CN].translations.spa.official
Expected: RepÃºblica Popular de China
     got: República Popular de China
 ; [cca2=CN].translations.srp.common
Expected: ÐšÐ¸Ð½Ð°
     got: ????
 ; [cca2=CN].translations.srp.official
Expected: Ð?Ð°Ñ€Ð¾Ð´Ð½Ð° Ð ÐµÐ¿ÑƒÐ±Ð»Ð¸ÐºÐ° ÐšÐ¸Ð½Ð°
     got: ??????? ????????? ????
 ; [cca2=CN].translations.tur.common
Expected: Ã‡in
     got: Çin
 ; [cca2=CN].translations.tur.official
Expected: Ã‡in Halk Cumhuriyeti
     got: Çin Halk Cumhuriyeti
 ; [cca2=CN].translations.urd.common
Expected: Ú†ÛŒÙ†
     got: ???
 ; [cca2=CN].translations.urd.official
Expected: Ø¹ÙˆØ§Ù…ÛŒ Ø¬Ù…Û?ÙˆØ±ÛŒÛ? Ú†ÛŒÙ†
     got: ????? ??????? ???
 ; [cca2=CO].altSpellings[]
Expected: RepÃºblica de Colombia
     but none found
 ; [cca2=CO].altSpellings[]
Unexpected: República de Colombia
 ; [cca2=CO].capital[]
Expected: BogotÃ¡
     but none found
 ; [cca2=CO].capital[]
Unexpected: Bogotá
 ; [cca2=CO].flag
Expected: ðŸ‡¨ðŸ‡´
     got: ??
 ; [cca2=CO].name.nativeName.spa.official
Expected: RepÃºblica de Colombia
     got: República de Colombia
 ; [cca2=CO].translations.ara.common
Expected: ÙƒÙˆÙ„ÙˆÙ…Ø¨ÙŠØ§
     got: ????????
 ; [cca2=CO].translations.ara.official
Expected: Ø¬Ù…Ù‡ÙˆØ±ÙŠØ© ÙƒÙˆÙ„ÙˆÙ…Ø¨ÙŠØ§
     got: ??????? ????????
 ; [cca2=CO].translations.ces.official
Expected: KolumbijskÃ¡ republika
     got: Kolumbijská republika
 ; [cca2=CO].translations.fra.official
Expected: RÃ©publique de Colombie
     got: République de Colombie
 ; [cca2=CO].translations.hun.official
Expected: Kolumbiai KÃ¶ztÃ¡rsasÃ¡g
     got: Kolumbiai Köztársaság
 ; [cca2=CO].translations.jpn.common
Expected: ã‚³ãƒ­ãƒ³ãƒ“ã‚¢
     got: ?????
 ; [cca2=CO].translations.jpn.official
Expected: ã‚³ãƒ­ãƒ³ãƒ“ã‚¢å…±å’Œå›½
     got: ????????
 ; [cca2=CO].translations.kor.common
Expected: ì½œë¡¬ë¹„ì•„
     got: ????
 ; [cca2=CO].translations.kor.official
Expected: ì½œë¡¬ë¹„ì•„ ê³µí™”êµ­
     got: ???? ???
 ; [cca2=CO].translations.per.common
Expected: Ú©Ù„Ù…Ø¨ÛŒØ§
     got: ??????
 ; [cca2=CO].translations.per.official
Expected: Ø¬Ù…Ù‡ÙˆØ±ÛŒ Ú©Ù„Ù…Ø¨ÛŒØ§
     got: ?????? ??????
 ; [cca2=CO].translations.por.common
Expected: ColÃ´mbia
     got: Colômbia
 ; [cca2=CO].translations.por.official
Expected: RepÃºblica da ColÃ´mbia
     got: República da Colômbia
 ; [cca2=CO].translations.rus.common
Expected: ÐšÐ¾Ð»ÑƒÐ¼Ð±Ð¸Ñ?
     got: ????????
 ; [cca2=CO].translations.rus.official
Expected: Ð ÐµÑ?Ð¿ÑƒÐ±Ð»Ð¸ÐºÐ° ÐšÐ¾Ð»ÑƒÐ¼Ð±Ð¸Ñ?
     got: ?????????? ????????
 ; [cca2=CO].translations.slk.official
Expected: KolumbijskÃ¡ republika
     got: Kolumbijská republika
 ; [cca2=CO].translations.spa.official
Expected: RepÃºblica de Colombia
     got: República de Colombia
 ; [cca2=CO].translations.srp.common
Expected: ÐšÐ¾Ð»ÑƒÐ¼Ð±Ð¸Ñ˜Ð°
     got: ?????????
 ; [cca2=CO].translations.srp.official
Expected: Ð ÐµÐ¿ÑƒÐ±Ð»Ð¸ÐºÐ° ÐšÐ¾Ð»ÑƒÐ¼Ð±Ð¸Ñ˜Ð°
     got: ????????? ?????????
 ; [cca2=CO].translations.urd.common
Expected: Ú©ÙˆÙ„Ù…Ø¨ÛŒØ§
     got: ???????
 ; [cca2=CO].translations.urd.official
Expected: Ø¬Ù…Û?ÙˆØ±ÛŒÛ? Ú©ÙˆÙ„Ù…Ø¨ÛŒØ§
     got: ??????? ???????
 ; [cca2=CO].translations.zho.common
Expected: å“¥ä¼¦æ¯”äºš
     got: ????
 ; [cca2=CO].translations.zho.official
Expected: å“¥ä¼¦æ¯”äºšå…±å’Œå›½
     got: ???????
 ; [cca2=CR].altSpellings[]
Expected: RepÃºblica de Costa Rica
     but none found
 ; [cca2=CR].altSpellings[]
Unexpected: República de Costa Rica
 ; [cca2=CR].capital[]
Expected: San JosÃ©
     but none found
 ; [cca2=CR].capital[]
Unexpected: San José
 ; [cca2=CR].currencies.CRC.name
Expected: Costa Rican colÃ³n
     got: Costa Rican colón
 ; [cca2=CR].currencies.CRC.symbol
Expected: â‚¡
     got: ?
 ; [cca2=CR].flag
Expected: ðŸ‡¨ðŸ‡·
     got: ??
 ; [cca2=CR].name.nativeName.spa.official
Expected: RepÃºblica de Costa Rica
     got: República de Costa Rica
 ; [cca2=CR].translations.ara.common
Expected: ÙƒÙˆØ³ØªØ§Ø±ÙŠÙƒØ§
     got: ?????????
 ; [cca2=CR].translations.ara.official
Expected: Ø¬Ù…Ù‡ÙˆØ±ÙŠØ© ÙƒÙˆØ³ØªØ§Ø±ÙŠÙƒØ§
     got: ??????? ?????????
 ; [cca2=CR].translations.ces.official
Expected: KostarickÃ¡ republika
     got: Kostarická republika
 ; [cca2=CR].translations.fra.official
Expected: RÃ©publique du Costa Rica
     got: République du Costa Rica
 ; [cca2=CR].translations.hun.official
Expected: Costa Rica-i KÃ¶ztÃ¡rsasÃ¡g
     got: Costa Rica-i Köztársaság
 ; [cca2=CR].translations.jpn.common
Expected: ã‚³ã‚¹ã‚¿ãƒªã‚«
     got: ?????
 ; [cca2=CR].translations.jpn.official
Expected: ã‚³ã‚¹ã‚¿ãƒªã‚«å…±å’Œå›½
     got: ????????
 ; [cca2=CR].translations.kor.common
Expected: ì½”ìŠ¤íƒ€ë¦¬ì¹´
     got: ?????
 ; [cca2=CR].translations.kor.official
Expected: ì½”ìŠ¤íƒ€ë¦¬ì¹´ ê³µí™”êµ­
     got: ????? ???
 ; [cca2=CR].translations.per.common
Expected: Ú©Ø§Ø³ØªØ§Ø±ÛŒÚ©Ø§
     got: ?????????
 ; [cca2=CR].translations.per.official
Expected: Ø¬Ù…Ù‡ÙˆØ±ÛŒ Ú©Ø§Ø³ØªØ§Ø±ÛŒÚ©Ø§
     got: ?????? ?????????
 ; [cca2=CR].translations.por.official
Expected: RepÃºblica da Costa Rica
     got: República da Costa Rica
 ; [cca2=CR].translations.rus.common
Expected: ÐšÐ¾Ñ?Ñ‚Ð°-Ð Ð¸ÐºÐ°
     got: ?????-????
 ; [cca2=CR].translations.rus.official
Expected: Ð ÐµÑ?Ð¿ÑƒÐ±Ð»Ð¸ÐºÐ° ÐšÐ¾Ñ?Ñ‚Ð°-Ð Ð¸ÐºÐ°
     got: ?????????? ?????-????
 ; [cca2=CR].translations.slk.official
Expected: KostarickÃ¡ republika
     got: Kostarická republika
 ; [cca2=CR].translations.spa.official
Expected: RepÃºblica de Costa Rica
     got: República de Costa Rica
 ; [cca2=CR].translations.srp.common
Expected: ÐšÐ¾Ñ?Ñ‚Ð°Ñ€Ð¸ÐºÐ°
     got: ?????????
 ; [cca2=CR].translations.srp.official
Expected: Ð ÐµÐ¿ÑƒÐ±Ð»Ð¸ÐºÐ° ÐšÐ¾Ñ?Ñ‚Ð°Ñ€Ð¸ÐºÐ°
     got: ????????? ?????????
 ; [cca2=CR].translations.urd.common
Expected: Ú©ÙˆØ³Ù¹Ø§Ø±ÛŒÚ©Ø§
     got: ?????????
 ; [cca2=CR].translations.urd.official
Expected: Ø¬Ù…Û?ÙˆØ±ÛŒÛ? Ú©ÙˆØ³Ù¹Ø§Ø±ÛŒÚ©Ø§
     got: ??????? ?????????
 ; [cca2=CR].translations.zho.common
Expected: å“¥æ–¯è¾¾é»ŽåŠ 
     got: ?????
 ; [cca2=CR].translations.zho.official
Expected: å“¥æ–¯è¾¾é»ŽåŠ å…±å’Œå›½
     got: ????????
 ; [cca2=TC].flag
Expected: ðŸ‡¹ðŸ‡¨
     got: ??
 ; [cca2=TC].translations.ara.common
Expected: Ø¬Ø²Ø± ØªÙˆØ±ÙƒØ³ ÙˆÙƒØ§ÙŠÙƒÙˆØ³
     got: ??? ????? ???????
 ; [cca2=TC].translations.ara.official
Expected: Ø¬Ø²Ø± ØªÙˆØ±ÙƒØ³ ÙˆÙƒØ§ÙŠÙƒÙˆØ³
     got: ??? ????? ???????
 ; [cca2=TC].translations.fra.common
Expected: ÃŽles Turques-et-CaÃ¯ques
     got: Îles Turques-et-Caïques
 ; [cca2=TC].translations.fra.official
Expected: ÃŽles Turques et CaÃ¯ques
     got: Îles Turques et Caïques
 ; [cca2=TC].translations.hun.common
Expected: Turks- Ã©s Caicos-szigetek
     got: Turks- és Caicos-szigetek
 ; [cca2=TC].translations.hun.official
Expected: Turks- Ã©s Caicos-szigetek
     got: Turks- és Caicos-szigetek
 ; [cca2=TC].translations.jpn.common
Expected: ã‚¿ãƒ¼ã‚¯ã‚¹ãƒ»ã‚«ã‚¤ã‚³ã‚¹è«¸å³¶
     got: ???????????
 ; [cca2=TC].translations.jpn.official
Expected: ã‚¿ãƒ¼ã‚¯ã‚¹Â·ã‚«ã‚¤ã‚³ã‚¹è«¸å³¶
     got: ????·??????
 ; [cca2=TC].translations.kor.common
Expected: í„°í?¬ìŠ¤ ì¼€ì?´ì»¤ìŠ¤ ì œë?„
     got: ??? ???? ??
 ; [cca2=TC].translations.kor.official
Expected: í„°í?¬ìŠ¤ ì¼€ì?´ì»¤ìŠ¤ ì œë?„
     got: ??? ???? ??
 ; [cca2=TC].translations.per.common
Expected: Ø¬Ø²Ø§ÛŒØ± ØªÙˆØ±Ú©Ø³ Ùˆ Ú©Ø§ÛŒÚ©ÙˆØ³
     got: ????? ????? ? ??????
 ; [cca2=TC].translations.per.official
Expected: Ø¬Ø²Ø§ÛŒØ± ØªÙˆØ±Ú©Ø³ Ùˆ Ú©Ø§ÛŒÚ©ÙˆØ³
     got: ????? ????? ? ??????
 ; [cca2=TC].translations.rus.common
Expected: Ð¢ÐµÑ€ÐºÑ? Ð¸ ÐšÐ°Ð¹ÐºÐ¾Ñ?
     got: ????? ? ??????
 ; [cca2=TC].translations.rus.official
Expected: Ð¢ÐµÑ€ÐºÑ? Ð¸ ÐšÐ°Ð¹ÐºÐ¾Ñ? Ð¾Ñ?Ñ‚Ñ€Ð¾Ð²Ð°
     got: ????? ? ?????? ???????
 ; [cca2=TC].translations.srp.common
Expected: Ð¢ÐµÑ€ÐºÑ? Ð¸ ÐšÐµÑ˜ÐºÐ¾Ñ?
     got: ????? ? ??????
 ; [cca2=TC].translations.srp.official
Expected: ÐžÑ?Ñ‚Ñ€Ð²Ð° Ð¢ÐµÑ€ÐºÑ? Ð¸ ÐšÐµÑ˜ÐºÐ¾Ñ?
     got: ?????? ????? ? ??????
 ; [cca2=TC].translations.swe.common
Expected: Turks- och CaicosÃ¶arna
     got: Turks- och Caicosöarna
 ; [cca2=TC].translations.swe.official
Expected: Turks- och CaicosÃ¶arna
     got: Turks- och Caicosöarna
 ; [cca2=TC].translations.tur.common
Expected: Turks ve Caicos AdalarÄ±
     got: Turks ve Caicos Adalar?
 ; [cca2=TC].translations.tur.official
Expected: Turks ve Caicos AdalarÄ±
     got: Turks ve Caicos Adalar?
 ; [cca2=TC].translations.urd.common
Expected: Ø¬Ø²Ø§Ø¦Ø± Ú©ÛŒÚ©Ø³ Ùˆ ØªØ±Ú©ÛŒÛ?
     got: ????? ???? ? ?????
 ; [cca2=TC].translations.urd.official
Expected: Ø¬Ø²Ø§Ø¦Ø± Ú©ÛŒÚ©Ø³ Ùˆ ØªØ±Ú©ÛŒÛ?
     got: ????? ???? ? ?????
 ; [cca2=TC].translations.zho.common
Expected: ç‰¹å…‹æ–¯å’Œå‡¯ç§‘æ–¯ç¾¤å²›
     got: ?????????
 ; [cca2=TC].translations.zho.official
Expected: ç‰¹å…‹æ–¯å’Œå‡¯ç§‘æ–¯ç¾¤å²›
     got: ?????????
 ; [cca2=TD].altSpellings[]
Expected: RÃ©publique du Tchad
     but none found
 ; [cca2=TD].altSpellings[]
Unexpected: République du Tchad
 ; [cca2=TD].flag
Expected: ðŸ‡¹ðŸ‡©
     got: ??
 ; [cca2=TD].name.nativeName.ara.common
Expected: ØªØ´Ø§Ø¯â€Ž
     got: ?????
 ; [cca2=TD].name.nativeName.ara.official
Expected: Ø¬Ù…Ù‡ÙˆØ±ÙŠØ© ØªØ´Ø§Ø¯
     got: ??????? ????
 ; [cca2=TD].name.nativeName.fra.official
Expected: RÃ©publique du Tchad
     got: République du Tchad
 ; [cca2=TD].translations.ara.common
Expected: ØªØ´Ø§Ø¯
     got: ????
 ; [cca2=TD].translations.ara.official
Expected: Ø¬Ù…Ù‡ÙˆØ±ÙŠØ© ØªØ´Ø§Ø¯
     got: ??????? ????
 ; [cca2=TD].translations.ces.common
Expected: ÄŒad
     got: ?ad
 ; [cca2=TD].translations.ces.official
Expected: ÄŒadskÃ¡ republika
     got: ?adská republika
 ; [cca2=TD].translations.est.common
Expected: TÅ¡aad
     got: Tšaad
 ; [cca2=TD].translations.est.official
Expected: TÅ¡aadi Vabariik
     got: Tšaadi Vabariik
 ; [cca2=TD].translations.fin.common
Expected: TÅ¡ad
     got: Tšad
 ; [cca2=TD].translations.fin.official
Expected: TÅ¡adin tasavalta
     got: Tšadin tasavalta
 ; [cca2=TD].translations.fra.official
Expected: RÃ©publique du Tchad
     got: République du Tchad
 ; [cca2=TD].translations.hrv.common
Expected: ÄŒad
     got: ?ad
 ; [cca2=TD].translations.hrv.official
Expected: ÄŒadu
     got: ?adu
 ; [cca2=TD].translations.hun.common
Expected: CsÃ¡d
     got: Csád
 ; [cca2=TD].translations.hun.official
Expected: CsÃ¡d KÃ¶ztÃ¡rsasÃ¡g
     got: Csád Köztársaság
 ; [cca2=TD].translations.jpn.common
Expected: ãƒ?ãƒ£ãƒ‰
     got: ???
 ; [cca2=TD].translations.jpn.official
Expected: ãƒ?ãƒ£ãƒ‰å…±å’Œå›½
     got: ??????
 ; [cca2=TD].translations.kor.common
Expected: ì°¨ë“œ
     got: ??
 ; [cca2=TD].translations.kor.official
Expected: ì°¨ë“œ ê³µí™”êµ­
     got: ?? ???
 ; [cca2=TD].translations.per.common
Expected: Ú†Ø§Ø¯
     got: ???
 ; [cca2=TD].translations.per.official
Expected: Ø¬Ù…Ù‡ÙˆØ±ÛŒ Ú†Ø§Ø¯
     got: ?????? ???
 ; [cca2=TD].translations.por.official
Expected: RepÃºblica do Chade
     got: República do Chade
 ; [cca2=TD].translations.rus.common
Expected: Ð§Ð°Ð´
     got: ???
 ; [cca2=TD].translations.rus.official
Expected: Ð ÐµÑ?Ð¿ÑƒÐ±Ð»Ð¸ÐºÐ° Ð§Ð°Ð´
     got: ?????????? ???
 ; [cca2=TD].translations.slk.common
Expected: ÄŒad
     got: ?ad
 ; [cca2=TD].translations.slk.official
Expected: ÄŒadskÃ¡ republika
     got: ?adská republika
 ; [cca2=TD].translations.spa.official
Expected: RepÃºblica de Chad
     got: República de Chad
 ; [cca2=TD].translations.srp.common
Expected: Ð§Ð°Ð´
     got: ???
 ; [cca2=TD].translations.srp.official
Expected: Ð ÐµÐ¿ÑƒÐ±Ð»Ð¸ÐºÐ° Ð§Ð°Ð´
     got: ????????? ???
 ; [cca2=TD].translations.tur.common
Expected: Ã‡ad
     got: Çad
 ; [cca2=TD].translations.tur.official
Expected: Ã‡ad Cumhuriyeti
     got: Çad Cumhuriyeti
 ; [cca2=TD].translations.urd.common
Expected: Ú†Ø§Úˆ
     got: ???
 ; [cca2=TD].translations.urd.official
Expected: Ø¬Ù…Û?ÙˆØ±ÛŒÛ? Ú†Ø§Úˆ
     got: ??????? ???
 ; [cca2=TD].translations.zho.common
Expected: ä¹?å¾—
     got: ??
 ; [cca2=TD].translations.zho.official
Expected: ä¹?å¾—å…±å’Œå›½
     got: ?????
 ; [cca2=TF].capital[]
Expected: Port-aux-FranÃ§ais
     but none found
 ; [cca2=TF].capital[]
Unexpected: Port-aux-Français
 ; [cca2=TF].currencies.EUR.symbol
Expected: â‚¬
     got: €
 ; [cca2=TF].demonyms.fra.f
Expected: FranÃ§aise
     got: Française
 ; [cca2=TF].demonyms.fra.m
Expected: FranÃ§ais
     got: Français
 ; [cca2=TF].flag
Expected: ðŸ‡¹ðŸ‡«
     got: ??
 ; [cca2=TF].name.nativeName.fra.common
Expected: Terres australes et antarctiques franÃ§aises
     got: Terres australes et antarctiques françaises
 ; [cca2=TF].name.nativeName.fra.official
Expected: Territoire des Terres australes et antarctiques franÃ§aises
     got: Territoire des Terres australes et antarctiques françaises
 ; [cca2=TF].translations.ara.common
Expected: Ø£Ø±Ø§Ø¶ Ù?Ø±Ù†Ø³ÙŠØ© Ø¬Ù†ÙˆØ¨ÙŠØ© ÙˆØ£Ù†ØªØ§Ø±ØªÙŠÙƒÙŠØ©
     got: ???? ?????? ?????? ???????????
 ; [cca2=TF].translations.ara.official
Expected: Ù…Ù‚Ø§Ø·Ø¹Ø§Øª ÙˆØ£Ù‚Ø§Ù„ÙŠÙ… Ù…Ø§ ÙˆØ±Ø§Ø¡ Ø§Ù„Ø¨Ø­Ø§Ø± Ø§Ù„Ù?Ø±Ù†Ø³ÙŠØ©
     got: ??????? ??????? ?? ???? ?????? ????????
 ; [cca2=TF].translations.bre.common
Expected: DouaroÃ¹ Aostral hag Antarktikel FraÃ±s
     got: Douaroù Aostral hag Antarktikel Frañs
 ; [cca2=TF].translations.bre.official
Expected: Tiriad DouaroÃ¹ Aostral hag Antarktikel FraÃ±s
     got: Tiriad Douaroù Aostral hag Antarktikel Frañs
 ; [cca2=TF].translations.ces.common
Expected: FrancouzskÃ¡ jiÅ¾nÃ­ a antarktickÃ¡ ÃºzemÃ­
     got: Francouzská jižní a antarktická území
 ; [cca2=TF].translations.ces.official
Expected: Teritorium FrancouzskÃ¡ jiÅ¾nÃ­ a antarktickÃ¡ ÃºzemÃ­
     got: Teritorium Francouzská jižní a antarktická území
 ; [cca2=TF].translations.deu.common
Expected: FranzÃ¶sische SÃ¼d- und Antarktisgebiete
     got: Französische Süd- und Antarktisgebiete
 ; [cca2=TF].translations.deu.official
Expected: Gebiet der FranzÃ¶sisch SÃ¼d- und Antarktisgebiete
     got: Gebiet der Französisch Süd- und Antarktisgebiete
 ; [cca2=TF].translations.est.common
Expected: Prantsuse LÃµunaalad
     got: Prantsuse Lõunaalad
 ; [cca2=TF].translations.est.official
Expected: Prantsuse LÃµunaalad
     got: Prantsuse Lõunaalad
 ; [cca2=TF].translations.fin.common
Expected: Ranskan etelÃ¤iset ja antarktiset alueet
     got: Ranskan eteläiset ja antarktiset alueet
 ; [cca2=TF].translations.fin.official
Expected: Ranskan etelÃ¤iset ja antarktiset alueet
     got: Ranskan eteläiset ja antarktiset alueet
 ; [cca2=TF].translations.fra.common
Expected: Terres australes et antarctiques franÃ§aises
     got: Terres australes et antarctiques françaises
 ; [cca2=TF].translations.fra.official
Expected: Territoire des Terres australes et antarctiques franÃ§aises
     got: Territoire des Terres australes et antarctiques françaises
 ; [cca2=TF].translations.hrv.common
Expected: Francuski juÅ¾ni i antarktiÄ?ki teritoriji
     got: Francuski južni i antarkti?ki teritoriji
 ; [cca2=TF].translations.hrv.official
Expected: Teritoriju Francuski juÅ¾ni i antarktiÄ?ki teritoriji
     got: Teritoriju Francuski južni i antarkti?ki teritoriji
 ; [cca2=TF].translations.hun.common
Expected: Francia dÃ©li Ã©s antarktiszi terÃ¼letek
     got: Francia déli és antarktiszi területek
 ; [cca2=TF].translations.hun.official
Expected: Francia dÃ©li Ã©s antarktiszi terÃ¼letek
     got: Francia déli és antarktiszi területek
 ; [cca2=TF].translations.jpn.common
Expected: ãƒ•ãƒ©ãƒ³ã‚¹é ˜å?—æ–¹ãƒ»å?—æ¥µåœ°åŸŸ
     got: ????????????
 ; [cca2=TF].translations.jpn.official
Expected: ãƒ•ãƒ©ãƒ³ã‚¹é ˜å?—æ–¹Â·å?—æ¥µåœ°åŸŸã?®é ˜åœŸ
     got: ???????·???????
 ; [cca2=TF].translations.kor.common
Expected: í”„ëž‘ìŠ¤ë ¹ ë‚¨ë¶€ì™€ ë‚¨ê·¹ ì§€ì—­
     got: ???? ??? ?? ??
 ; [cca2=TF].translations.kor.official
Expected: í”„ëž‘ìŠ¤ë ¹ ë‚¨ë¶€ì™€ ë‚¨ê·¹ ì§€ì—­
     got: ???? ??? ?? ??
 ; [cca2=TF].translations.per.common
Expected: Ø³Ø±Ø²Ù…ÛŒÙ†â€ŒÙ‡Ø§ÛŒ Ø¬Ù†ÙˆØ¨ÛŒ Ùˆ Ø¬Ù†ÙˆØ¨Ú¯Ø§Ù†ÛŒ Ù?Ø±Ø§Ù†Ø³Ù‡
     got: ?????????? ????? ? ???????? ??????
 ; [cca2=TF].translations.per.official
Expected: Ø³Ø±Ø²Ù…ÛŒÙ†â€ŒÙ‡Ø§ÛŒ Ø¬Ù†ÙˆØ¨ÛŒ Ùˆ Ø¬Ù†ÙˆØ¨Ú¯Ø§Ù†ÛŒ Ù?Ø±Ø§Ù†Ø³Ù‡
     got: ?????????? ????? ? ???????? ??????
 ; [cca2=TF].translations.pol.common
Expected: Francuskie Terytoria PoÅ‚udniowe i Antarktyczne
     got: Francuskie Terytoria Po?udniowe i Antarktyczne
 ; [cca2=TF].translations.pol.official
Expected: Francuskie Terytoria PoÅ‚udniowe i Antarktyczne
     got: Francuskie Terytoria Po?udniowe i Antarktyczne
 ; [cca2=TF].translations.por.common
Expected: Terras Austrais e AntÃ¡rticas Francesas
     got: Terras Austrais e Antárticas Francesas
 ; [cca2=TF].translations.por.official
Expected: TerritÃ³rio do Sul e AntÃ¡rtica Francesa
     got: Território do Sul e Antártica Francesa
 ; [cca2=TF].translations.rus.common
Expected: Ð¤Ñ€Ð°Ð½Ñ†ÑƒÐ·Ñ?ÐºÐ¸Ðµ Ð®Ð¶Ð½Ñ‹Ðµ Ð¸ Ð?Ð½Ñ‚Ð°Ñ€ÐºÑ‚Ð¸Ñ‡ÐµÑ?ÐºÐ¸Ðµ Ñ‚ÐµÑ€Ñ€Ð¸Ñ‚Ð¾Ñ€Ð¸Ð¸
     got: ??????????? ????? ? ?????????????? ??????????
 ; [cca2=TF].translations.rus.official
Expected: Ð¢ÐµÑ€Ñ€Ð¸Ñ‚Ð¾Ñ€Ð¸Ñ? Ð¤Ñ€Ð°Ð½Ñ†ÑƒÐ·Ñ?ÐºÐ¸Ðµ Ð®Ð¶Ð½Ñ‹Ðµ Ð¸ Ð?Ð½Ñ‚Ð°Ñ€ÐºÑ‚Ð¸Ñ‡ÐµÑ?ÐºÐ¸Ðµ Ð·ÐµÐ¼Ð»Ð¸
     got: ?????????? ??????????? ????? ? ?????????????? ?????
 ; [cca2=TF].translations.slk.common
Expected: FrancÃºzske juÅ½nÃ© a antarktickÃ© Ãºzemia
     got: Francúzske juŽné a antarktické územia
 ; [cca2=TF].translations.slk.official
Expected: FrancÃºzske juÅ¾nÃ© a antarktickÃ© Ãºzemia
     got: Francúzske južné a antarktické územia
 ; [cca2=TF].translations.spa.common
Expected: Tierras Australes y AntÃ¡rticas Francesas
     got: Tierras Australes y Antárticas Francesas
 ; [cca2=TF].translations.spa.official
Expected: Territorio del FrancÃ©s Tierras australes y antÃ¡rticas
     got: Territorio del Francés Tierras australes y antárticas
 ; [cca2=TF].translations.srp.common
Expected: Ð¤Ñ€Ð°Ð½Ñ†ÑƒÑ?ÐºÐµ Ñ˜ÑƒÐ¶Ð½Ðµ Ð¸ Ð°Ð½Ñ‚Ð°Ñ€ÐºÑ‚Ð¸Ñ‡ÐºÐµ Ð·ÐµÐ¼Ñ™Ðµ
     got: ????????? ????? ? ??????????? ?????
 ; [cca2=TF].translations.srp.official
Expected: Ð¤Ñ€Ð°Ð½Ñ†ÑƒÑ?ÐºÐµ Ñ˜ÑƒÐ¶Ð½Ðµ Ð¸ Ð°Ð½Ñ‚Ð°Ñ€ÐºÑ‚Ð¸Ñ‡ÐºÐµ Ð·ÐµÐ¼Ñ™Ðµ
     got: ????????? ????? ? ??????????? ?????
 ; [cca2=TF].translations.swe.common
Expected: Franska sÃ¶dra territorierna
     got: Franska södra territorierna
 ; [cca2=TF].translations.tur.common
Expected: FransÄ±z GÃ¼ney ve Antarktika TopraklarÄ±
     got: Frans?z Güney ve Antarktika Topraklar?
 ; [cca2=TF].translations.tur.official
Expected: FransÄ±z GÃ¼ney ve Antarktika TopraklarÄ±
     got: Frans?z Güney ve Antarktika Topraklar?
 ; [cca2=TF].translations.urd.common
Expected: Ø³Ø±Ø²Ù…ÛŒÙ† Ø¬Ù†ÙˆØ¨ÛŒ Ù?Ø±Ø§Ù†Ø³ÛŒØ³ÛŒÛ? Ùˆ Ø§Ù†Ù¹Ø§Ø±Ú©Ù¹ÛŒÚ©Ø§
     got: ?????? ????? ????????? ? ??????????
 ; [cca2=TF].translations.urd.official
Expected: Ø³Ø±Ø²Ù…ÛŒÙ†Ù? Ø¬Ù†ÙˆØ¨ÛŒ Ù?Ø±Ø§Ù†Ø³ÛŒØ³ÛŒÛ? Ùˆ Ø§Ù†Ù¹Ø§Ø±Ú©Ù¹ÛŒÚ©Û?
     got: ??????? ????? ????????? ? ??????????
 ; [cca2=TF].translations.zho.common
Expected: æ³•å›½å?—éƒ¨å’Œå?—æž?åœŸåœ°
     got: ?????????
 ; [cca2=TF].translations.zho.official
Expected: æ³•å›½å?—éƒ¨å’Œå?—æž?åœŸåœ°
     got: ?????????
 ; [cca2=CU].altSpellings[]
Expected: RepÃºblica de Cuba
     but none found
 ; [cca2=CU].altSpellings[]
Unexpected: República de Cuba
 ; [cca2=CU].flag
Expected: ðŸ‡¨ðŸ‡º
     got: ??
 ; [cca2=CU].name.nativeName.spa.official
Expected: RepÃºblica de Cuba
     got: República de Cuba
 ; [cca2=CU].translations.ara.common
Expected: ÙƒÙˆØ¨Ø§
     got: ????
 ; [cca2=CU].translations.ara.official
Expected: Ø¬Ù…Ù‡ÙˆØ±ÙŠØ© ÙƒÙˆØ¨Ø§
     got: ??????? ????
 ; [cca2=CU].translations.ces.official
Expected: KubÃ¡nskÃ¡ republika
     got: Kubánská republika
 ; [cca2=CU].translations.fra.official
Expected: RÃ©publique de Cuba
     got: République de Cuba
 ; [cca2=CU].translations.hun.official
Expected: Kubai KÃ¶ztÃ¡rsasÃ¡g
     got: Kubai Köztársaság
 ; [cca2=CU].translations.jpn.common
Expected: ã‚­ãƒ¥ãƒ¼ãƒ?
     got: ????
 ; [cca2=CU].translations.jpn.official
Expected: ã‚­ãƒ¥ãƒ¼ãƒ?å…±å’Œå›½
     got: ???????
 ; [cca2=CU].translations.kor.common
Expected: ì¿ ë°”
     got: ??
 ; [cca2=CU].translations.kor.official
Expected: ì¿ ë°” ê³µí™”êµ­
     got: ?? ???
 ; [cca2=CU].translations.per.common
Expected: Ú©ÙˆØ¨Ø§
     got: ????
 ; [cca2=CU].translations.per.official
Expected: Ø¬Ù…Ù‡ÙˆØ±ÛŒ Ú©ÙˆØ¨Ø§
     got: ?????? ????
 ; [cca2=CU].translations.por.official
Expected: RepÃºblica de Cuba
     got: República de Cuba
 ; [cca2=CU].translations.rus.common
Expected: ÐšÑƒÐ±Ð°
     got: ????
 ; [cca2=CU].translations.rus.official
Expected: Ð ÐµÑ?Ð¿ÑƒÐ±Ð»Ð¸ÐºÐ° ÐšÑƒÐ±Ð°
     got: ?????????? ????
 ; [cca2=CU].translations.slk.official
Expected: KubÃ¡nska republika
     got: Kubánska republika
 ; [cca2=CU].translations.spa.official
Expected: RepÃºblica de Cuba
     got: República de Cuba
 ; [cca2=CU].translations.srp.common
Expected: ÐšÑƒÐ±Ð°
     got: ????
 ; [cca2=CU].translations.srp.official
Expected: Ð ÐµÐ¿ÑƒÐ±Ð»Ð¸ÐºÐ° ÐšÑƒÐ±Ð°
     got: ????????? ????
 ; [cca2=CU].translations.tur.common
Expected: KÃ¼ba
     got: Küba
 ; [cca2=CU].translations.tur.official
Expected: KÃ¼ba Cumhuriyeti
     got: Küba Cumhuriyeti
 ; [cca2=CU].translations.urd.common
Expected: Ú©ÛŒÙˆØ¨Ø§
     got: ?????
 ; [cca2=CU].translations.urd.official
Expected: Ø¬Ù…Û?ÙˆØ±ÛŒÛ? Ú©ÛŒÙˆØ¨Ø§
     got: ??????? ?????
 ; [cca2=CU].translations.zho.common
Expected: å?¤å·´
     got: ??
 ; [cca2=CU].translations.zho.official
Expected: å?¤å·´å…±å’Œå›½
     got: ?????
 ; [cca2=CV].altSpellings[]
Expected: RepÃºblica de Cabo Verde
     but none found
 ; [cca2=CV].altSpellings[]
Unexpected: República de Cabo Verde
 ; [cca2=CV].flag
Expected: ðŸ‡¨ðŸ‡»
     got: ??
 ; [cca2=CV].name.nativeName.por.official
Expected: RepÃºblica de Cabo Verde
     got: República de Cabo Verde
 ; [cca2=CV].translations.ara.common
Expected: ÙƒØ§Ø¨Ùˆ Ù?ÙŠØ±Ø¯ÙŠ
     got: ???? ?????
 ; [cca2=CV].translations.ara.official
Expected: Ø¬Ù…Ù‡ÙˆØ±ÙŠØ© ÙƒØ§Ø¨Ùˆ Ù?ÙŠØ±Ø¯ÙŠ
     got: ??????? ???? ?????
 ; [cca2=CV].translations.ces.official
Expected: KapverdskÃ¡ republika
     got: Kapverdská republika
 ; [cca2=CV].translations.fra.common
Expected: ÃŽles du Cap-Vert
     got: Îles du Cap-Vert
 ; [cca2=CV].translations.fra.official
Expected: RÃ©publique du Cap-Vert
     got: République du Cap-Vert
 ; [cca2=CV].translations.hun.common
Expected: ZÃ¶ld-foki KÃ¶ztÃ¡rsasÃ¡g
     got: Zöld-foki Köztársaság
 ; [cca2=CV].translations.hun.official
Expected: ZÃ¶ld-foki KÃ¶ztÃ¡rsasÃ¡g
     got: Zöld-foki Köztársaság
 ; [cca2=CV].translations.jpn.common
Expected: ã‚«ãƒ¼ãƒœãƒ™ãƒ«ãƒ‡
     got: ??????
 ; [cca2=CV].translations.jpn.official
Expected: ã‚«ãƒ¼ãƒœãƒ™ãƒ«ãƒ‡å…±å’Œå›½
     got: ?????????
 ; [cca2=CV].translations.kor.common
Expected: ì¹´ë³´ë² ë¥´ë?°
     got: ?????
 ; [cca2=CV].translations.kor.official
Expected: ì¹´ë³´ë² ë¥´ë?° ê³µí™”êµ­
     got: ????? ???
 ; [cca2=CV].translations.nld.common
Expected: KaapverdiÃ«
     got: Kaapverdië
 ; [cca2=CV].translations.per.common
Expected: Ø¯Ù…Ø§ØºÙ‡Ù” Ø³Ø¨Ø²
     got: ?????? ???
 ; [cca2=CV].translations.per.official
Expected: Ø¬Ù…Ù‡ÙˆØ±ÛŒ Ú©Ø¨Ùˆ ÙˆØ±Ø¯
     got: ?????? ??? ???
 ; [cca2=CV].translations.pol.common
Expected: Republika Zielonego PrzylÄ…dka
     got: Republika Zielonego Przyl?dka
 ; [cca2=CV].translations.pol.official
Expected: Republika Zielonego PrzylÄ…dka
     got: Republika Zielonego Przyl?dka
 ; [cca2=CV].translations.por.official
Expected: RepÃºblica de Cabo Verde
     got: República de Cabo Verde
 ; [cca2=CV].translations.rus.common
Expected: ÐšÐ°Ð±Ð¾-Ð’ÐµÑ€Ð´Ðµ
     got: ????-?????
 ; [cca2=CV].translations.rus.official
Expected: Ð ÐµÑ?Ð¿ÑƒÐ±Ð»Ð¸ÐºÐ° ÐšÐ°Ð±Ð¾ -Ð’ÐµÑ€Ð´Ðµ
     got: ?????????? ???? -?????
 ; [cca2=CV].translations.slk.official
Expected: KapverdskÃ¡ republika
     got: Kapverdská republika
 ; [cca2=CV].translations.spa.official
Expected: RepÃºblica de Cabo Verde
     got: República de Cabo Verde
 ; [cca2=CV].translations.srp.common
Expected: Ð—ÐµÐ»ÐµÐ½Ð¾Ñ€Ñ‚Ñ?ÐºÐ° ÐžÑ?Ñ‚Ñ€Ð²Ð°
     got: ??????????? ??????
 ; [cca2=CV].translations.srp.official
Expected: Ð—ÐµÐ»ÐµÐ½Ð¾Ñ€Ñ‚Ñ?ÐºÐ° Ð ÐµÐ¿ÑƒÐ±Ð»Ð¸ÐºÐ°
     got: ??????????? ?????????
 ; [cca2=CV].translations.tur.common
Expected: YeÅŸil Burun
     got: Ye?il Burun
 ; [cca2=CV].translations.tur.official
Expected: YeÅŸil Burun Cumhuriyeti
     got: Ye?il Burun Cumhuriyeti
 ; [cca2=CV].translations.urd.common
Expected: Ú©ÛŒÙ¾ ÙˆØ±ÚˆÛŒ
     got: ??? ????
 ; [cca2=CV].translations.urd.official
Expected: Ø¬Ù…Û?ÙˆØ±ÛŒÛ? Ú©ÛŒÙ¾ ÙˆØ±ÚˆÛŒ
     got: ??????? ??? ????
 ; [cca2=CV].translations.zho.common
Expected: ä½›å¾—è§’
     got: ???
 ; [cca2=CV].translations.zho.official
Expected: ä½›å¾—è§’å…±å’Œå›½
     got: ??????
 ; [cca2=TG].altSpellings[]
Expected: RÃ©publique Togolaise
     but none found
 ; [cca2=TG].altSpellings[]
Unexpected: République Togolaise
 ; [cca2=TG].capital[]
Expected: LomÃ©
     but none found
 ; [cca2=TG].capital[]
Unexpected: Lomé
 ; [cca2=TG].flag
Expected: ðŸ‡¹ðŸ‡¬
     got: ??
 ; [cca2=TG].name.nativeName.fra.official
Expected: RÃ©publique togolaise
     got: République togolaise
 ; [cca2=TG].translations.ara.common
Expected: ØªÙˆØºÙˆ
     got: ????
 ; [cca2=TG].translations.ara.official
Expected: Ø¬Ù…Ù‡ÙˆØ±ÙŠØ© ØªÙˆØºÙˆ
     got: ??????? ????
 ; [cca2=TG].translations.fra.official
Expected: RÃ©publique togolaise
     got: République togolaise
 ; [cca2=TG].translations.hun.official
Expected: TogÃ³i KÃ¶ztÃ¡rsasÃ¡g
     got: Togói Köztársaság
 ; [cca2=TG].translations.jpn.common
Expected: ãƒˆãƒ¼ã‚´
     got: ???
 ; [cca2=TG].translations.jpn.official
Expected: ãƒˆãƒ¼ã‚´å…±å’Œå›½
     got: ??????
 ; [cca2=TG].translations.kor.common
Expected: í† ê³ 
     got: ??
 ; [cca2=TG].translations.kor.official
Expected: í† ê³  ê³µí™”êµ­
     got: ?? ???
 ; [cca2=TG].translations.per.common
Expected: ØªÙˆÚ¯Ùˆ
     got: ????
 ; [cca2=TG].translations.per.official
Expected: Ø¬Ù…Ù‡ÙˆØ±ÛŒ ØªÙˆÚ¯Ùˆ
     got: ?????? ????
 ; [cca2=TG].translations.por.official
Expected: RepÃºblica do Togo
     got: República do Togo
 ; [cca2=TG].translations.rus.common
Expected: Ð¢Ð¾Ð³Ð¾
     got: ????
 ; [cca2=TG].translations.rus.official
Expected: Ð¢Ð¾Ð³Ð¾ Ð ÐµÑ?Ð¿ÑƒÐ±Ð»Ð¸ÐºÐ°
     got: ???? ??????????
 ; [cca2=TG].translations.slk.official
Expected: TogskÃ¡ republika
     got: Togská republika
 ; [cca2=TG].translations.spa.official
Expected: RepÃºblica de Togo
     got: República de Togo
 ; [cca2=TG].translations.srp.common
Expected: Ð¢Ð¾Ð³Ð¾
     got: ????
 ; [cca2=TG].translations.srp.official
Expected: Ð¢Ð¾Ð³Ð¾Ð»ÐµÑˆÐºÐ° Ð ÐµÐ¿ÑƒÐ±Ð»Ð¸ÐºÐ°
     got: ????????? ?????????
 ; [cca2=TG].translations.urd.common
Expected: Ù¹ÙˆÚ¯Ùˆ
     got: ????
 ; [cca2=TG].translations.urd.official
Expected: Ø¬Ù…Û?ÙˆØ±ÛŒÛ? Ù¹ÙˆÚ¯Ùˆ
     got: ??????? ????
 ; [cca2=TG].translations.zho.common
Expected: å¤šå“¥
     got: ??
 ; [cca2=TG].translations.zho.official
Expected: å¤šå“¥å…±å’Œå›½
     got: ?????
 ; [cca2=TH].altSpellings[]
Expected: à¸£à¸²à¸Šà¸­à¸²à¸“à¸²à¸ˆà¸±à¸?à¸£à¹„à¸—à¸¢
     but none found
 ; [cca2=TH].altSpellings[]
Unexpected: ??????????????
 ; [cca2=TH].currencies.THB.symbol
Expected: à¸¿
     got: ?
 ; [cca2=TH].demonyms.fra.f
Expected: ThaÃ¯landaise
     got: Thaïlandaise
 ; [cca2=TH].demonyms.fra.m
Expected: ThaÃ¯landais
     got: Thaïlandais
 ; [cca2=TH].flag
Expected: ðŸ‡¹ðŸ‡­
     got: ??
 ; [cca2=TH].name.nativeName.tha.common
Expected: à¸›à¸£à¸°à¹€à¸—à¸¨à¹„à¸—à¸¢
     got: ?????????
 ; [cca2=TH].name.nativeName.tha.official
Expected: à¸£à¸²à¸Šà¸­à¸²à¸“à¸²à¸ˆà¸±à¸?à¸£à¹„à¸—à¸¢
     got: ??????????????
 ; [cca2=TH].tld[]
Expected: .à¹„à¸—à¸¢
     but none found
 ; [cca2=TH].tld[]
Unexpected: .???
 ; [cca2=TH].translations.ara.common
Expected: ØªØ§ÙŠÙ„Ù†Ø¯
     got: ??????
 ; [cca2=TH].translations.ara.official
Expected: Ù…Ù…Ù„ÙƒØ© ØªØ§ÙŠÙ„Ù†Ø¯
     got: ????? ??????
 ; [cca2=TH].translations.ces.official
Expected: ThajskÃ© krÃ¡lovstvÃ­
     got: Thajské království
 ; [cca2=TH].translations.deu.official
Expected: KÃ¶nigreich Thailand
     got: Königreich Thailand
 ; [cca2=TH].translations.fra.common
Expected: ThaÃ¯lande
     got: Thaïlande
 ; [cca2=TH].translations.fra.official
Expected: Royaume de ThaÃ¯lande
     got: Royaume de Thaïlande
 ; [cca2=TH].translations.hun.common
Expected: ThaifÃ¶ld
     got: Thaiföld
 ; [cca2=TH].translations.hun.official
Expected: ThaifÃ¶ldi KirÃ¡lysÃ¡g
     got: Thaiföldi Királyság
 ; [cca2=TH].translations.jpn.common
Expected: ã‚¿ã‚¤
     got: ??
 ; [cca2=TH].translations.jpn.official
Expected: ã‚¿ã‚¤çŽ‹å›½
     got: ????
 ; [cca2=TH].translations.kor.common
Expected: íƒœêµ­
     got: ??
 ; [cca2=TH].translations.kor.official
Expected: íƒ€ì?´ ì™•êµ­
     got: ?? ??
 ; [cca2=TH].translations.per.common
Expected: ØªØ§ÛŒÙ„Ù†Ø¯
     got: ??????
 ; [cca2=TH].translations.per.official
Expected: Ù¾Ø§Ø¯Ø´Ø§Ù‡ÛŒ ØªØ§ÛŒÙ„Ù†Ø¯
     got: ??????? ??????
 ; [cca2=TH].translations.pol.official
Expected: KrÃ³lestwo Tajlandii
     got: Królestwo Tajlandii
 ; [cca2=TH].translations.por.common
Expected: TailÃ¢ndia
     got: Tailândia
 ; [cca2=TH].translations.por.official
Expected: Reino da TailÃ¢ndia
     got: Reino da Tailândia
 ; [cca2=TH].translations.rus.common
Expected: Ð¢Ð°Ð¸Ð»Ð°Ð½Ð´
     got: ???????
 ; [cca2=TH].translations.rus.official
Expected: ÐšÐ¾Ñ€Ð¾Ð»ÐµÐ²Ñ?Ñ‚Ð²Ð¾ Ð¢Ð°Ð¸Ð»Ð°Ð½Ð´
     got: ??????????? ???????
 ; [cca2=TH].translations.slk.official
Expected: ThajskÃ© krÃ¡Ä¾ovstvo
     got: Thajské krá?ovstvo
 ; [cca2=TH].translations.srp.common
Expected: Ð¢Ð°Ñ˜Ð»Ð°Ð½Ð´
     got: ???????
 ; [cca2=TH].translations.srp.official
Expected: ÐšÑ€Ð°Ñ™ÐµÐ²Ð¸Ð½Ð° Ð¢Ð°Ñ˜Ð»Ð°Ð½Ð´
     got: ????????? ???????
 ; [cca2=TH].translations.tur.official
Expected: Tayland KrallÄ±ÄŸÄ±
     got: Tayland Krall???
 ; [cca2=TH].translations.urd.common
Expected: ØªÚ¾Ø§Ø¦ÛŒ Ù„ÛŒÙ†Úˆ
     got: ????? ????
 ; [cca2=TH].translations.urd.official
Expected: Ù…Ù…Ù„Ú©ØªÙ? ØªÚ¾Ø§Ø¦ÛŒ Ù„ÛŒÙ†Úˆ
     got: ?????? ????? ????
 ; [cca2=TH].translations.zho.common
Expected: æ³°å›½
     got: ??
 ; [cca2=TH].translations.zho.official
Expected: æ³°çŽ‹å›½
     got: ???
 ; [cca2=CW].altSpellings[]
Expected: Land CuraÃ§ao
     but none found
 ; [cca2=CW].altSpellings[]
Expected: Country of CuraÃ§ao
     but none found
 ; [cca2=CW].altSpellings[]
Expected: KÃ²rsou
     but none found
 ; [cca2=CW].altSpellings[]
Expected: Pais KÃ²rsou
     but none found
 ; [cca2=CW].altSpellings[]
Unexpected: Country of Curaçao
 ; [cca2=CW].altSpellings[]
Unexpected: Pais Kòrsou
 ; [cca2=CW].altSpellings[]
Unexpected: Kòrsou
 ; [cca2=CW].altSpellings[]
Unexpected: Land Curaçao
 ; [cca2=CW].currencies.ANG.symbol
Expected: Æ’
     got: ƒ
 ; [cca2=CW].demonyms.eng.f
Expected: CuraÃ§aoan
     got: Curaçaoan
 ; [cca2=CW].demonyms.eng.m
Expected: CuraÃ§aoan
     got: Curaçaoan
 ; [cca2=CW].flag
Expected: ðŸ‡¨ðŸ‡¼
     got: ??
 ; [cca2=CW].name.common
Expected: CuraÃ§ao
     got: Curaçao
 ; [cca2=CW].name.nativeName.eng.common
Expected: CuraÃ§ao
     got: Curaçao
 ; [cca2=CW].name.nativeName.eng.official
Expected: Country of CuraÃ§ao
     got: Country of Curaçao
 ; [cca2=CW].name.nativeName.nld.common
Expected: CuraÃ§ao
     got: Curaçao
 ; [cca2=CW].name.nativeName.nld.official
Expected: Land CuraÃ§ao
     got: Land Curaçao
 ; [cca2=CW].name.nativeName.pap.common
Expected: Pais KÃ²rsou
     got: Pais Kòrsou
 ; [cca2=CW].name.nativeName.pap.official
Expected: Pais KÃ²rsou
     got: Pais Kòrsou
 ; [cca2=CW].name.official
Expected: Country of CuraÃ§ao
     got: Country of Curaçao
 ; [cca2=CW].translations.ara.common
Expected: ÙƒÙˆØ±Ø§Ø³Ø§Ùˆ
     got: ???????
 ; [cca2=CW].translations.ara.official
Expected: Ø¯ÙˆÙ„Ø© ÙƒÙˆØ±Ø§Ø³Ø§Ùˆ
     got: ???? ???????
 ; [cca2=CW].translations.bre.common
Expected: CuraÃ§ao
     got: Curaçao
 ; [cca2=CW].translations.bre.official
Expected: Bro CuraÃ§ao
     got: Bro Curaçao
 ; [cca2=CW].translations.ces.common
Expected: CuraÃ§ao
     got: Curaçao
 ; [cca2=CW].translations.ces.official
Expected: AutonomnÃ­ zemÄ› CuraÃ§ao
     got: Autonomní zem? Curaçao
 ; [cca2=CW].translations.cym.common
Expected: CuraÃ§ao
     got: Curaçao
 ; [cca2=CW].translations.cym.official
Expected: Country of CuraÃ§ao
     got: Country of Curaçao
 ; [cca2=CW].translations.deu.common
Expected: CuraÃ§ao
     got: Curaçao
 ; [cca2=CW].translations.deu.official
Expected: Land CuraÃ§ao
     got: Land Curaçao
 ; [cca2=CW].translations.est.common
Expected: CuraÃ§ao
     got: Curaçao
 ; [cca2=CW].translations.est.official
Expected: CuraÃ§ao
     got: Curaçao
 ; [cca2=CW].translations.fin.common
Expected: CuraÃ§ao
     got: Curaçao
 ; [cca2=CW].translations.fin.official
Expected: CuraÃ§ao
     got: Curaçao
 ; [cca2=CW].translations.fra.common
Expected: CuraÃ§ao
     got: Curaçao
 ; [cca2=CW].translations.fra.official
Expected: Pays de CuraÃ§ao
     got: Pays de Curaçao
 ; [cca2=CW].translations.hun.common
Expected: CuraÃ§ao
     got: Curaçao
 ; [cca2=CW].translations.hun.official
Expected: CuraÃ§ao
     got: Curaçao
 ; [cca2=CW].translations.ita.common
Expected: CuraÃ§ao
     got: Curaçao
 ; [cca2=CW].translations.ita.official
Expected: Paese di CuraÃ§ao
     got: Paese di Curaçao
 ; [cca2=CW].translations.kor.common
Expected: í€´ë?¼ì†Œ
     got: ???
 ; [cca2=CW].translations.kor.official
Expected: í€´ë?¼ì†Œ
     got: ???
 ; [cca2=CW].translations.nld.common
Expected: CuraÃ§ao
     got: Curaçao
 ; [cca2=CW].translations.nld.official
Expected: Land CuraÃ§ao
     got: Land Curaçao
 ; [cca2=CW].translations.per.common
Expected: Ú©ÙˆØ±Ø§Ø³Ø§Ø¦Ùˆ
     got: ????????
 ; [cca2=CW].translations.per.official
Expected: Ú©ÙˆØ±Ø§Ø³Ø§Ø¦Ùˆ
     got: ????????
 ; [cca2=CW].translations.pol.common
Expected: CuraÃ§ao
     got: Curaçao
 ; [cca2=CW].translations.pol.official
Expected: CuraÃ§ao
     got: Curaçao
 ; [cca2=CW].translations.por.common
Expected: ilha da CuraÃ§Ã£o
     got: ilha da Curação
 ; [cca2=CW].translations.por.official
Expected: PaÃ­s de CuraÃ§ao
     got: País de Curaçao
 ; [cca2=CW].translations.rus.common
Expected: ÐšÑŽÑ€Ð°Ñ?Ð°Ð¾
     got: ???????
 ; [cca2=CW].translations.rus.official
Expected: Ð¡Ñ‚Ñ€Ð°Ð½Ð° ÐšÑŽÑ€Ð°Ñ?Ð°Ð¾
     got: ?????? ???????
 ; [cca2=CW].translations.spa.official
Expected: PaÃ­s de Curazao
     got: País de Curazao
 ; [cca2=CW].translations.srp.common
Expected: ÐšÑƒÑ€Ð°Ñ?Ð°Ð¾
     got: ???????
 ; [cca2=CW].translations.srp.official
Expected: ÐšÑƒÑ€Ð°Ñ?Ð°Ð¾
     got: ???????
 ; [cca2=CW].translations.swe.common
Expected: CuraÃ§ao
     got: Curaçao
 ; [cca2=CW].translations.swe.official
Expected: CuraÃ§ao
     got: Curaçao
 ; [cca2=CW].translations.tur.common
Expected: CuraÃ§ao
     got: Curaçao
 ; [cca2=CW].translations.tur.official
Expected: CuraÃ§ao
     got: Curaçao
 ; [cca2=CW].translations.urd.common
Expected: Ú©ÛŒÙˆØ±Ø§Ø³Ø§Ø¤
     got: ????????
 ; [cca2=CW].translations.urd.official
Expected: Ù…Ù…Ù„Ú©ØªÙ? Ú©ÛŒÙˆØ±Ø§Ø³Ø§Ø¤
     got: ?????? ????????
 ; [cca2=CW].translations.zho.common
Expected: åº“æ‹‰ç´¢
     got: ???
 ; [cca2=CW].translations.zho.official
Expected: åº“æ‹‰ç´¢
     got: ???
 ; [cca2=CX].flag
Expected: ðŸ‡¨ðŸ‡½
     got: ??
 ; [cca2=CX].translations.ara.common
Expected: Ø¬Ø²ÙŠØ±Ø© ÙƒØ±ÙŠØ³Ù…Ø§Ø³
     got: ????? ???????
 ; [cca2=CX].translations.ara.official
Expected: Ø¬Ø²ÙŠØ±Ø© ÙƒØ±ÙŠØ³Ù…Ø§Ø³
     got: ????? ???????
 ; [cca2=CX].translations.ces.common
Expected: VÃ¡noÄ?nÃ­ ostrov
     got: Váno?ní ostrov
 ; [cca2=CX].translations.ces.official
Expected: Teritorium VÃ¡noÄ?nÃ­ho ostrova
     got: Teritorium Váno?ního ostrova
 ; [cca2=CX].translations.est.common
Expected: JÃµulusaar
     got: Jõulusaar
 ; [cca2=CX].translations.est.official
Expected: JÃµulusaare ala
     got: Jõulusaare ala
 ; [cca2=CX].translations.fra.common
Expected: ÃŽle Christmas
     got: Île Christmas
 ; [cca2=CX].translations.fra.official
Expected: Territoire de l&#039;Ã®le Christmas
     got: Territoire de l&#039;île Christmas
 ; [cca2=CX].translations.hrv.common
Expected: BoÅ¾iÄ‡ni otok
     got: Boži?ni otok
 ; [cca2=CX].translations.hrv.official
Expected: Teritorij BoÅ¾iÄ‡ni otok
     got: Teritorij Boži?ni otok
 ; [cca2=CX].translations.hun.common
Expected: KarÃ¡csony-sziget
     got: Karácsony-sziget
 ; [cca2=CX].translations.hun.official
Expected: KarÃ¡csony-sziget
     got: Karácsony-sziget
 ; [cca2=CX].translations.jpn.common
Expected: ã‚¯ãƒªã‚¹ãƒžã‚¹å³¶
     got: ??????
 ; [cca2=CX].translations.jpn.official
Expected: ã‚¯ãƒªã‚¹ãƒžã‚¹å³¶ã?®é ˜åœŸ
     got: ?????????
 ; [cca2=CX].translations.kor.common
Expected: í?¬ë¦¬ìŠ¤ë§ˆìŠ¤ ì„¬
     got: ????? ?
 ; [cca2=CX].translations.kor.official
Expected: í?¬ë¦¬ìŠ¤ë§ˆìŠ¤ ì„¬
     got: ????? ?
 ; [cca2=CX].translations.per.common
Expected: Ø¬Ø²ÛŒØ±Ù‡Ù” Ú©Ø±ÛŒØ³Ù…Ø³
     got: ?????? ??????
 ; [cca2=CX].translations.per.official
Expected: Ø¬Ø²ÛŒØ±Ù‡Ù” Ú©Ø±ÛŒØ³Ù…Ø³
     got: ?????? ??????
 ; [cca2=CX].translations.pol.common
Expected: Wyspa BoÅ¼ego Narodzenia
     got: Wyspa Bo?ego Narodzenia
 ; [cca2=CX].translations.pol.official
Expected: Wyspa BoÅ¼ego Narodzenia
     got: Wyspa Bo?ego Narodzenia
 ; [cca2=CX].translations.por.official
Expected: TerritÃ³rio da Ilha Christmas
     got: Território da Ilha Christmas
 ; [cca2=CX].translations.rus.common
Expected: ÐžÑ?Ñ‚Ñ€Ð¾Ð² Ð Ð¾Ð¶Ð´ÐµÑ?Ñ‚Ð²Ð°
     got: ?????? ?????????
 ; [cca2=CX].translations.rus.official
Expected: Ð¢ÐµÑ€Ñ€Ð¸Ñ‚Ð¾Ñ€Ð¸Ñ? Ð¾Ñ?Ñ‚Ñ€Ð¾Ð²Ð° Ð Ð¾Ð¶Ð´ÐµÑ?Ñ‚Ð²Ð°
     got: ?????????? ??????? ?????????
 ; [cca2=CX].translations.slk.common
Expected: VianoÄ?nÃº ostrov
     got: Viano?nú ostrov
 ; [cca2=CX].translations.slk.official
Expected: TeritÃ³rium VianoÄ?nÃ©ho ostrova
     got: Teritórium Viano?ného ostrova
 ; [cca2=CX].translations.srp.common
Expected: Ð‘Ð¾Ð¶Ð¸Ñ›Ð½Ð¾ ÐžÑ?Ñ‚Ñ€Ð²Ð¾
     got: ??????? ??????
 ; [cca2=CX].translations.srp.official
Expected: Ð‘Ð¾Ð¶Ð¸Ñ›Ð½Ð¾ ÐžÑ?Ñ‚Ñ€Ð²Ð¾
     got: ??????? ??????
 ; [cca2=CX].translations.swe.common
Expected: JulÃ¶n
     got: Julön
 ; [cca2=CX].translations.swe.official
Expected: JulÃ¶n
     got: Julön
 ; [cca2=CX].translations.tur.common
Expected: Christmas AdasÄ±
     got: Christmas Adas?
 ; [cca2=CX].translations.tur.official
Expected: Christmas AdasÄ±
     got: Christmas Adas?
 ; [cca2=CX].translations.urd.common
Expected: Ø¬Ø²ÛŒØ±Û? Ú©Ø±Ø³Ù…Ø³
     got: ????? ?????
 ; [cca2=CX].translations.urd.official
Expected: Ø±ÛŒØ§Ø³ØªÙ? Ø¬Ø²ÛŒØ±Û? Ú©Ø±Ø³Ù…Ø³
     got: ?????? ????? ?????
 ; [cca2=CX].translations.zho.common
Expected: åœ£è¯žå²›
     got: ???
 ; [cca2=CX].translations.zho.official
Expected: åœ£è¯žå²›
     got: ???
 ; [cca2=CY].altSpellings[]
Expected: ÎšÏ…Ï€Ï?Î¹Î±ÎºÎ® Î”Î·Î¼Î¿ÎºÏ?Î±Ï„Î¯Î±
     but none found
 ; [cca2=CY].altSpellings[]
Expected: KÄ±brÄ±s Cumhuriyeti
     but none found
 ; [cca2=CY].altSpellings[]
Expected: KÃ½pros
     but none found
 ; [cca2=CY].altSpellings[]
Expected: KÄ±brÄ±s
     but none found
 ; [cca2=CY].altSpellings[]
Unexpected: Kýpros
 ; [cca2=CY].altSpellings[]
Unexpected: ???????? ??????????
 ; [cca2=CY].altSpellings[]
Unexpected: K?br?s
 ; [cca2=CY].altSpellings[]
Unexpected: K?br?s Cumhuriyeti
 ; [cca2=CY].currencies.EUR.symbol
Expected: â‚¬
     got: €
 ; [cca2=CY].flag
Expected: ðŸ‡¨ðŸ‡¾
     got: ??
 ; [cca2=CY].name.nativeName.ell.common
Expected: ÎšÏ?Ï€Ï?Î¿Ï‚
     got: ??????
 ; [cca2=CY].name.nativeName.ell.official
Expected: Î”Î·Î¼Î¿ÎºÏ?Î±Ï„Î¯Î± Ï„Î·Ï‚ ÎšÏ?Ï€Ï?Î¿Ï‚
     got: ?????????? ??? ??????
 ; [cca2=CY].name.nativeName.tur.common
Expected: KÄ±brÄ±s
     got: K?br?s
 ; [cca2=CY].name.nativeName.tur.official
Expected: KÄ±brÄ±s Cumhuriyeti
     got: K?br?s Cumhuriyeti
 ; [cca2=CY].translations.ara.common
Expected: Ù‚Ø¨Ø±Øµ
     got: ????
 ; [cca2=CY].translations.ara.official
Expected: Ø¬Ù…Ù‡ÙˆØ±ÙŠØ© Ù‚Ø¨Ø±Øµ
     got: ??????? ????
 ; [cca2=CY].translations.ces.official
Expected: KyperskÃ¡ republika
     got: Kyperská republika
 ; [cca2=CY].translations.est.common
Expected: KÃ¼pros
     got: Küpros
 ; [cca2=CY].translations.est.official
Expected: KÃ¼prose Vabariik
     got: Küprose Vabariik
 ; [cca2=CY].translations.fra.official
Expected: RÃ©publique de Chypre
     got: République de Chypre
 ; [cca2=CY].translations.hun.official
Expected: Ciprusi KÃ¶ztÃ¡rsasÃ¡g
     got: Ciprusi Köztársaság
 ; [cca2=CY].translations.jpn.common
Expected: ã‚­ãƒ—ãƒ­ã‚¹
     got: ????
 ; [cca2=CY].translations.jpn.official
Expected: ã‚­ãƒ—ãƒ­ã‚¹å…±å’Œå›½
     got: ???????
 ; [cca2=CY].translations.kor.common
Expected: í‚¤í”„ë¡œìŠ¤
     got: ????
 ; [cca2=CY].translations.kor.official
Expected: í‚¤í”„ë¡œìŠ¤ ê³µí™”êµ­
     got: ???? ???
 ; [cca2=CY].translations.per.common
Expected: Ù‚Ù?Ø¨Ø±Ù?Ø³
     got: ??????
 ; [cca2=CY].translations.per.official
Expected: Ø¬Ù…Ù‡ÙˆØ±ÛŒ Ù‚Ø¨Ø±Ø³
     got: ?????? ????
 ; [cca2=CY].translations.por.official
Expected: RepÃºblica de Chipre
     got: República de Chipre
 ; [cca2=CY].translations.rus.common
Expected: ÐšÐ¸Ð¿Ñ€
     got: ????
 ; [cca2=CY].translations.rus.official
Expected: Ð ÐµÑ?Ð¿ÑƒÐ±Ð»Ð¸ÐºÐ° ÐšÐ¸Ð¿Ñ€
     got: ?????????? ????
 ; [cca2=CY].translations.slk.official
Expected: CyperskÃ¡ republika
     got: Cyperská republika
 ; [cca2=CY].translations.spa.official
Expected: RepÃºblica de Chipre
     got: República de Chipre
 ; [cca2=CY].translations.srp.common
Expected: ÐšÐ¸Ð¿Ð°Ñ€
     got: ?????
 ; [cca2=CY].translations.srp.official
Expected: ÐšÐ¸Ð¿Ð°Ñ€Ñ?ÐºÐ° Ð ÐµÐ¿ÑƒÐ±Ð»Ð¸ÐºÐ°
     got: ???????? ?????????
 ; [cca2=CY].translations.tur.common
Expected: KÄ±brÄ±s
     got: K?br?s
 ; [cca2=CY].translations.tur.official
Expected: KÄ±brÄ±s Cumhuriyeti
     got: K?br?s Cumhuriyeti
 ; [cca2=CY].translations.urd.common
Expected: Ù‚Ø¨Ø±Øµ
     got: ????
 ; [cca2=CY].translations.urd.official
Expected: Ø¬Ù…Û?ÙˆØ±ÛŒÛ? Ù‚Ø¨Ø±Øµ
     got: ??????? ????
 ; [cca2=CY].translations.zho.common
Expected: å¡žæµ¦è·¯æ–¯
     got: ????
 ; [cca2=CY].translations.zho.official
Expected: å¡žæµ¦è·¯æ–¯å…±å’Œå›½
     got: ???????
 ; [cca2=TJ].altSpellings[]
Expected: Ò¶ÑƒÐ¼Ò³ÑƒÑ€Ð¸Ð¸ Ð¢Ð¾Ò·Ð¸ÐºÐ¸Ñ?Ñ‚Ð¾Ð½
     but none found
 ; [cca2=TJ].altSpellings[]
Expected: ToÃ§ikiston
     but none found
 ; [cca2=TJ].altSpellings[]
Expected: Ã‡umhuriyi ToÃ§ikiston
     but none found
 ; [cca2=TJ].altSpellings[]
Unexpected: Çumhuriyi Toçikiston
 ; [cca2=TJ].altSpellings[]
Unexpected: ???????? ??????????
 ; [cca2=TJ].altSpellings[]
Unexpected: Toçikiston
 ; [cca2=TJ].currencies.TJS.symbol
Expected: Ð…Ðœ
     got: ??
 ; [cca2=TJ].flag
Expected: ðŸ‡¹ðŸ‡¯
     got: ??
 ; [cca2=TJ].name.nativeName.rus.common
Expected: Ð¢Ð°Ð´Ð¶Ð¸ÐºÐ¸Ñ?Ñ‚Ð°Ð½
     got: ???????????
 ; [cca2=TJ].name.nativeName.rus.official
Expected: Ð ÐµÑ?Ð¿ÑƒÐ±Ð»Ð¸ÐºÐ° Ð¢Ð°Ð´Ð¶Ð¸ÐºÐ¸Ñ?Ñ‚Ð°Ð½
     got: ?????????? ???????????
 ; [cca2=TJ].name.nativeName.tgk.common
Expected: Ð¢Ð¾Ò·Ð¸ÐºÐ¸Ñ?Ñ‚Ð¾Ð½
     got: ??????????
 ; [cca2=TJ].name.nativeName.tgk.official
Expected: Ò¶ÑƒÐ¼Ò³ÑƒÑ€Ð¸Ð¸ Ð¢Ð¾Ò·Ð¸ÐºÐ¸Ñ?Ñ‚Ð¾Ð½
     got: ???????? ??????????
 ; [cca2=TJ].translations.ara.common
Expected: Ø·Ø§Ø¬ÙŠÙƒØ³ØªØ§Ù†
     got: ?????????
 ; [cca2=TJ].translations.ara.official
Expected: Ø¬Ù…Ù‡ÙˆØ±ÙŠØ© Ø·Ø§Ø¬ÙŠÙƒØ³ØªØ§Ù†
     got: ??????? ?????????
 ; [cca2=TJ].translations.ces.common
Expected: TÃ¡dÅ¾ikistÃ¡n
     got: Tádžikistán
 ; [cca2=TJ].translations.ces.official
Expected: Republika TÃ¡dÅ¾ikistÃ¡n
     got: Republika Tádžikistán
 ; [cca2=TJ].translations.est.common
Expected: TadÅ¾ikistan
     got: Tadžikistan
 ; [cca2=TJ].translations.est.official
Expected: TadÅ¾ikistani Vabariik
     got: Tadžikistani Vabariik
 ; [cca2=TJ].translations.fin.common
Expected: TadÅ¾ikistan
     got: Tadžikistan
 ; [cca2=TJ].translations.fin.official
Expected: TadÅ¾ikistanin tasavalta
     got: Tadžikistanin tasavalta
 ; [cca2=TJ].translations.fra.official
Expected: RÃ©publique du Tadjikistan
     got: République du Tadjikistan
 ; [cca2=TJ].translations.hrv.common
Expected: TaÄ‘ikistan
     got: Ta?ikistan
 ; [cca2=TJ].translations.hrv.official
Expected: Republika TadÅ¾ikistan
     got: Republika Tadžikistan
 ; [cca2=TJ].translations.hun.common
Expected: TÃ¡dzsikisztÃ¡n
     got: Tádzsikisztán
 ; [cca2=TJ].translations.hun.official
Expected: TÃ¡dzsik KÃ¶ztÃ¡rsasÃ¡g
     got: Tádzsik Köztársaság
 ; [cca2=TJ].translations.jpn.common
Expected: ã‚¿ã‚¸ã‚­ã‚¹ã‚¿ãƒ³
     got: ??????
 ; [cca2=TJ].translations.jpn.official
Expected: ã‚¿ã‚¸ã‚­ã‚¹ã‚¿ãƒ³å…±å’Œå›½
     got: ?????????
 ; [cca2=TJ].translations.kor.common
Expected: íƒ€ì§€í‚¤ìŠ¤íƒ„
     got: ?????
 ; [cca2=TJ].translations.kor.official
Expected: íƒ€ì§€í‚¤ìŠ¤íƒ„ ê³µí™”êµ­
     got: ????? ???
 ; [cca2=TJ].translations.per.common
Expected: ØªØ§Ø¬ÛŒÚ©Ù?Ø³ØªØ§Ù†
     got: ??????????
 ; [cca2=TJ].translations.per.official
Expected: Ø¬Ù…Ù‡ÙˆØ±ÛŒ ØªØ§Ø¬ÛŒÚ©Ø³ØªØ§Ù†
     got: ?????? ?????????
 ; [cca2=TJ].translations.pol.common
Expected: TadÅ¼ykistan
     got: Tad?ykistan
 ; [cca2=TJ].translations.pol.official
Expected: Republika TadÅ¼ykistanu
     got: Republika Tad?ykistanu
 ; [cca2=TJ].translations.por.common
Expected: TajiquistÃ£o
     got: Tajiquistão
 ; [cca2=TJ].translations.por.official
Expected: RepÃºblica do TajiquistÃ£o
     got: República do Tajiquistão
 ; [cca2=TJ].translations.rus.common
Expected: Ð¢Ð°Ð´Ð¶Ð¸ÐºÐ¸Ñ?Ñ‚Ð°Ð½
     got: ???????????
 ; [cca2=TJ].translations.rus.official
Expected: Ð ÐµÑ?Ð¿ÑƒÐ±Ð»Ð¸ÐºÐ° Ð¢Ð°Ð´Ð¶Ð¸ÐºÐ¸Ñ?Ñ‚Ð°Ð½
     got: ?????????? ???????????
 ; [cca2=TJ].translations.slk.common
Expected: TaÇ†ikistan
     got: Ta?ikistan
 ; [cca2=TJ].translations.slk.official
Expected: TaÇ†ickÃ¡ republika
     got: Ta?ická republika
 ; [cca2=TJ].translations.spa.common
Expected: TayikistÃ¡n
     got: Tayikistán
 ; [cca2=TJ].translations.spa.official
Expected: RepÃºblica de TayikistÃ¡n
     got: República de Tayikistán
 ; [cca2=TJ].translations.srp.common
Expected: Ð¢Ð°ÑŸÐ¸ÐºÐ¸Ñ?Ñ‚Ð°Ð½
     got: ??????????
 ; [cca2=TJ].translations.srp.official
Expected: Ð ÐµÐ¿ÑƒÐ±Ð»Ð¸ÐºÐ° Ð¢Ð°ÑŸÐ¸ÐºÐ¸Ñ?Ñ‚Ð°Ð½
     got: ????????? ??????????
 ; [cca2=TJ].translations.urd.common
Expected: ØªØ§Ø¬Ú©Ø³ØªØ§Ù†
     got: ????????
 ; [cca2=TJ].translations.urd.official
Expected: Ø¬Ù…Û?ÙˆØ±ÛŒÛ? ØªØ§Ø¬Ú©Ø³ØªØ§Ù†
     got: ??????? ????????
 ; [cca2=TJ].translations.zho.common
Expected: å¡”å?‰å…‹æ–¯å?¦
     got: ?????
 ; [cca2=TJ].translations.zho.official
Expected: å¡”å?‰å…‹æ–¯å?¦å…±å’Œå›½
     got: ????????
 ; [cca2=CZ].altSpellings[]
Expected: ÄŒesko
     but none found
 ; [cca2=CZ].altSpellings[]
Expected: ÄŒeskÃ¡ republika
     but none found
 ; [cca2=CZ].altSpellings[]
Unexpected: ?eská republika
 ; [cca2=CZ].altSpellings[]
Unexpected: ?esko
 ; [cca2=CZ].currencies.CZK.symbol
Expected: KÄ?
     got: K?
 ; [cca2=CZ].demonyms.fra.f
Expected: TchÃ¨que
     got: Tchèque
 ; [cca2=CZ].demonyms.fra.m
Expected: TchÃ¨que
     got: Tchèque
 ; [cca2=CZ].flag
Expected: ðŸ‡¨ðŸ‡¿
     got: ??
 ; [cca2=CZ].name.nativeName.ces.common
Expected: ÄŒesko
     got: ?esko
 ; [cca2=CZ].name.nativeName.ces.official
Expected: ÄŒeskÃ¡ republika
     got: ?eská republika
 ; [cca2=CZ].name.nativeName.slk.common
Expected: ÄŒesko
     got: ?esko
 ; [cca2=CZ].name.nativeName.slk.official
Expected: ÄŒeskÃ¡ republika
     got: ?eská republika
 ; [cca2=CZ].translations.ara.common
Expected: Ø§Ù„ØªØ´ÙŠÙƒ
     got: ??????
 ; [cca2=CZ].translations.ara.official
Expected: Ø¬Ù…Ù‡ÙˆØ±ÙŠØ© Ø§Ù„ØªØ´ÙŠÙƒ
     got: ??????? ??????
 ; [cca2=CZ].translations.ces.common
Expected: ÄŒesko
     got: ?esko
 ; [cca2=CZ].translations.ces.official
Expected: ÄŒeskÃ¡ republika
     got: ?eská republika
 ; [cca2=CZ].translations.est.common
Expected: TÅ¡ehhi
     got: Tšehhi
 ; [cca2=CZ].translations.est.official
Expected: TÅ¡ehhi Vabariik
     got: Tšehhi Vabariik
 ; [cca2=CZ].translations.fin.common
Expected: TÅ¡ekki
     got: Tšekki
 ; [cca2=CZ].translations.fin.official
Expected: TÅ¡ekin tasavalta
     got: Tšekin tasavalta
 ; [cca2=CZ].translations.fra.common
Expected: TchÃ©quie
     got: Tchéquie
 ; [cca2=CZ].translations.fra.official
Expected: RÃ©publique tchÃ¨que
     got: République tchèque
 ; [cca2=CZ].translations.hrv.common
Expected: ÄŒeÅ¡ka
     got: ?eška
 ; [cca2=CZ].translations.hrv.official
Expected: ÄŒeÅ¡ka
     got: ?eška
 ; [cca2=CZ].translations.hun.common
Expected: CsehorszÃ¡g
     got: Csehország
 ; [cca2=CZ].translations.hun.official
Expected: Cseh KÃ¶ztÃ¡rsasÃ¡g
     got: Cseh Köztársaság
 ; [cca2=CZ].translations.jpn.common
Expected: ãƒ?ã‚§ã‚³
     got: ???
 ; [cca2=CZ].translations.jpn.official
Expected: ãƒ?ã‚§ã‚³å…±å’Œå›½
     got: ??????
 ; [cca2=CZ].translations.kor.common
Expected: ì²´ì½”
     got: ??
 ; [cca2=CZ].translations.kor.official
Expected: ì²´ì½”
     got: ??
 ; [cca2=CZ].translations.nld.common
Expected: TsjechiÃ«
     got: Tsjechië
 ; [cca2=CZ].translations.per.common
Expected: Ø¬Ù…Ù‡ÙˆØ±ÛŒ Ú†Ú©
     got: ?????? ??
 ; [cca2=CZ].translations.per.official
Expected: Ø¬Ù…Ù‡ÙˆØ±ÛŒ Ú†Ú©
     got: ?????? ??
 ; [cca2=CZ].translations.por.common
Expected: ChÃ©quia
     got: Chéquia
 ; [cca2=CZ].translations.por.official
Expected: RepÃºblica Checa
     got: República Checa
 ; [cca2=CZ].translations.rus.common
Expected: Ð§ÐµÑ…Ð¸Ñ?
     got: ?????
 ; [cca2=CZ].translations.rus.official
Expected: Ð§ÐµÑˆÑ?ÐºÐ°Ñ? Ð ÐµÑ?Ð¿ÑƒÐ±Ð»Ð¸ÐºÐ°
     got: ??????? ??????????
 ; [cca2=CZ].translations.slk.common
Expected: ÄŒesko
     got: ?esko
 ; [cca2=CZ].translations.slk.official
Expected: ÄŒeskÃ¡ republika
     got: ?eská republika
 ; [cca2=CZ].translations.spa.official
Expected: RepÃºblica Checa
     got: República Checa
 ; [cca2=CZ].translations.srp.common
Expected: Ð§ÐµÑˆÐºÐ°
     got: ?????
 ; [cca2=CZ].translations.srp.official
Expected: Ð§ÐµÑˆÐºÐ° Ð ÐµÐ¿ÑƒÐ±Ð»Ð¸ÐºÐ°
     got: ????? ?????????
 ; [cca2=CZ].translations.tur.common
Expected: Ã‡ekya
     got: Çekya
 ; [cca2=CZ].translations.tur.official
Expected: Ã‡ek Cumhuriyeti
     got: Çek Cumhuriyeti
 ; [cca2=CZ].translations.urd.common
Expected: Ú†ÙŠÚ©
     got: ???
 ; [cca2=CZ].translations.urd.official
Expected: Ú†ÙŠÚ© Ø¬Ù…Û?ÙˆØ±ÙŠÛ?
     got: ??? ???????
 ; [cca2=CZ].translations.zho.common
Expected: æ?·å…‹
     got: ??
 ; [cca2=CZ].translations.zho.official
Expected: æ?·å…‹å…±å’Œå›½
     got: ?????
 ; [cca2=TK].flag
Expected: ðŸ‡¹ðŸ‡°
     got: ??
 ; [cca2=TK].translations.ara.common
Expected: ØªÙˆÙƒÙŠÙ„Ø§Ùˆ
     got: ???????
 ; [cca2=TK].translations.ara.official
Expected: ØªÙˆÙƒÙŠÙ„Ø§Ùˆ
     got: ???????
 ; [cca2=TK].translations.fra.official
Expected: ÃŽles Tokelau
     got: Îles Tokelau
 ; [cca2=TK].translations.jpn.common
Expected: ãƒˆã‚±ãƒ©ã‚¦
     got: ????
 ; [cca2=TK].translations.jpn.official
Expected: ãƒˆã‚±ãƒ©ã‚¦è«¸å³¶
     got: ??????
 ; [cca2=TK].translations.kor.common
Expected: í† ì¼ˆë?¼ìš°
     got: ????
 ; [cca2=TK].translations.kor.official
Expected: í† ì¼ˆë?¼ìš°
     got: ????
 ; [cca2=TK].translations.per.common
Expected: ØªÙˆÚ©Ù„Ø§Ø¦Ùˆ
     got: ???????
 ; [cca2=TK].translations.per.official
Expected: ØªÙˆÚ©Ù„Ø§Ø¦Ùˆ
     got: ???????
 ; [cca2=TK].translations.rus.common
Expected: Ð¢Ð¾ÐºÐµÐ»Ð°Ñƒ
     got: ???????
 ; [cca2=TK].translations.rus.official
Expected: Ð¢Ð¾ÐºÐµÐ»Ð°Ñƒ
     got: ???????
 ; [cca2=TK].translations.slk.official
Expected: TokelauskÃ© ostrovy
     got: Tokelauské ostrovy
 ; [cca2=TK].translations.srp.common
Expected: Ð¢Ð¾ÐºÐµÐ»Ð°Ñƒ
     got: ???????
 ; [cca2=TK].translations.srp.official
Expected: Ð¢Ð¾ÐºÐµÐ»Ð°Ñƒ
     got: ???????
 ; [cca2=TK].translations.swe.common
Expected: TokelauÃ¶arna
     got: Tokelauöarna
 ; [cca2=TK].translations.swe.official
Expected: TokelauÃ¶arna
     got: Tokelauöarna
 ; [cca2=TK].translations.urd.common
Expected: Ù¹ÙˆÚ©ÛŒÙ„Ø§Ø¤
     got: ???????
 ; [cca2=TK].translations.urd.official
Expected: Ù¹ÙˆÚ©ÛŒÙ„Ø§Ø¤
     got: ???????
 ; [cca2=TK].translations.zho.common
Expected: æ‰˜å…‹åŠ³
     got: ???
 ; [cca2=TK].translations.zho.official
Expected: æ‰˜å…‹åŠ³
     got: ???
 ; [cca2=TL].altSpellings[]
Expected: TimÃ³r Lorosa&#039;e
     but none found
 ; [cca2=TL].altSpellings[]
Expected: RepÃºblika DemokrÃ¡tika TimÃ³r-Leste
     but none found
 ; [cca2=TL].altSpellings[]
Expected: RepÃºblica DemocrÃ¡tica de Timor-Leste
     but none found
 ; [cca2=TL].altSpellings[]
Unexpected: Timór Lorosa&#039;e
 ; [cca2=TL].altSpellings[]
Unexpected: República Democrática de Timor-Leste
 ; [cca2=TL].altSpellings[]
Unexpected: Repúblika Demokrátika Timór-Leste
 ; [cca2=TL].flag
Expected: ðŸ‡¹ðŸ‡±
     got: ??
 ; [cca2=TL].name.nativeName.por.official
Expected: RepÃºblica DemocrÃ¡tica de Timor-Leste
     got: República Democrática de Timor-Leste
 ; [cca2=TL].name.nativeName.tet.common
Expected: TimÃ³r-Leste
     got: Timór-Leste
 ; [cca2=TL].name.nativeName.tet.official
Expected: RepÃºblika DemokrÃ¡tika TimÃ³r-Leste
     got: Repúblika Demokrátika Timór-Leste
 ; [cca2=TL].translations.ara.common
Expected: ØªÙŠÙ…ÙˆØ± Ø§Ù„Ø´Ø±Ù‚ÙŠØ©
     got: ????? ???????
 ; [cca2=TL].translations.ara.official
Expected: Ø¬Ù…Ù‡ÙˆØ±ÙŠØ© ØªÙŠÙ…ÙˆØ± Ø§Ù„Ø´Ø±Ù‚ÙŠØ© Ø§Ù„Ø¯ÙŠÙ…Ù‚Ø±Ø§Ø·ÙŠØ©
     got: ??????? ????? ??????? ???????????
 ; [cca2=TL].translations.ces.common
Expected: VÃ½chodnÃ­ Timor
     got: Východní Timor
 ; [cca2=TL].translations.ces.official
Expected: DemokratickÃ¡ republika VÃ½chodnÃ­ Timor
     got: Demokratická republika Východní Timor
 ; [cca2=TL].translations.fin.common
Expected: ItÃ¤-Timor
     got: Itä-Timor
 ; [cca2=TL].translations.fin.official
Expected: ItÃ¤-Timorin demokraattinen tasavalta
     got: Itä-Timorin demokraattinen tasavalta
 ; [cca2=TL].translations.fra.official
Expected: RÃ©publique dÃ©mocratique du Timor oriental
     got: République démocratique du Timor oriental
 ; [cca2=TL].translations.hrv.common
Expected: IstoÄ?ni Timor
     got: Isto?ni Timor
 ; [cca2=TL].translations.hun.official
Expected: Kelet-timori Demokratikus KÃ¶ztÃ¡rsasÃ¡g
     got: Kelet-timori Demokratikus Köztársaság
 ; [cca2=TL].translations.jpn.common
Expected: æ?±ãƒ†ã‚£ãƒ¢ãƒ¼ãƒ«
     got: ??????
 ; [cca2=TL].translations.jpn.official
Expected: æ?±ãƒ†ã‚£ãƒ¢ãƒ¼ãƒ«æ°‘ä¸»å…±å’Œå›½
     got: ???????????
 ; [cca2=TL].translations.kor.common
Expected: ë?™í‹°ëª¨ë¥´
     got: ????
 ; [cca2=TL].translations.kor.official
Expected: ë?™í‹°ëª¨ë¥´ ë¯¼ì£¼ ê³µí™”êµ­
     got: ???? ?? ???
 ; [cca2=TL].translations.per.common
Expected: ØªÛŒÙ…ÙˆØ± Ø´Ø±Ù‚ÛŒ
     got: ????? ????
 ; [cca2=TL].translations.per.official
Expected: Ø¬Ù…Ù‡ÙˆØ±ÛŒ Ø¯Ù…ÙˆÚ©Ø±Ø§ØªÛŒÚ© ØªÛŒÙ…ÙˆØ± Ø´Ø±Ù‚ÛŒ
     got: ?????? ????????? ????? ????
 ; [cca2=TL].translations.por.official
Expected: RepÃºblica DemocrÃ¡tica de Timor-Leste
     got: República Democrática de Timor-Leste
 ; [cca2=TL].translations.rus.common
Expected: Ð’Ð¾Ñ?Ñ‚Ð¾Ñ‡Ð½Ñ‹Ð¹ Ð¢Ð¸Ð¼Ð¾Ñ€
     got: ????????? ?????
 ; [cca2=TL].translations.rus.official
Expected: Ð”ÐµÐ¼Ð¾ÐºÑ€Ð°Ñ‚Ð¸Ñ‡ÐµÑ?ÐºÐ°Ñ? Ð ÐµÑ?Ð¿ÑƒÐ±Ð»Ð¸ÐºÐ° Ð¢Ð¸Ð¼Ð¾Ñ€ -Ð›ÐµÑˆÑ‚Ð¸
     got: ??????????????? ?????????? ????? -?????
 ; [cca2=TL].translations.slk.common
Expected: VÃ½chodnÃ½ Timor
     got: Východný Timor
 ; [cca2=TL].translations.slk.official
Expected: VÃ½chodotimorskÃ¡ demokratickÃ¡ republika
     got: Východotimorská demokratická republika
 ; [cca2=TL].translations.spa.official
Expected: RepÃºblica DemocrÃ¡tica de Timor-Leste
     got: República Democrática de Timor-Leste
 ; [cca2=TL].translations.srp.common
Expected: Ð˜Ñ?Ñ‚Ð¾Ñ‡Ð½Ð¸ Ð¢Ð¸Ð¼Ð¾Ñ€
     got: ??????? ?????
 ; [cca2=TL].translations.srp.official
Expected: Ð”ÐµÐ¼Ð¾ÐºÑ€Ð°Ñ‚Ñ?ÐºÐ° Ð ÐµÐ¿ÑƒÐ±Ð»Ð¸ÐºÐ° Ð˜Ñ?Ñ‚Ð¾Ñ‡Ð½Ð¸ Ð¢Ð¸Ð¼Ð¾Ñ€
     got: ??????????? ????????? ??????? ?????
 ; [cca2=TL].translations.swe.common
Expected: Ã–sttimor
     got: Östtimor
 ; [cca2=TL].translations.swe.official
Expected: Demokratiska republiken Ã–sttimor
     got: Demokratiska republiken Östtimor
 ; [cca2=TL].translations.tur.common
Expected: DoÄŸu Timor
     got: Do?u Timor
 ; [cca2=TL].translations.tur.official
Expected: DoÄŸu Timor Demokratik Cumhuriyeti
     got: Do?u Timor Demokratik Cumhuriyeti
 ; [cca2=TL].translations.urd.common
Expected: Ù…Ø´Ø±Ù‚ÛŒ ØªÛŒÙ…ÙˆØ±
     got: ????? ?????
 ; [cca2=TL].translations.urd.official
Expected: Ø¬Ù…Û?ÙˆØ±ÛŒ Ø¬Ù…Û?ÙˆØ±ÛŒÛ? Ù…Ø´Ø±Ù‚ÛŒ ØªÛŒÙ…ÙˆØ±
     got: ?????? ??????? ????? ?????
 ; [cca2=TL].translations.zho.common
Expected: ä¸œå¸?æ±¶
     got: ???
 ; [cca2=TL].translations.zho.official
Expected: ä¸œå¸?æ±¶æ°‘ä¸»å…±å’Œå›½
     got: ????????
 ; [cca2=TM].demonyms.fra.f
Expected: TurkmÃ¨ne
     got: Turkmène
 ; [cca2=TM].demonyms.fra.m
Expected: TurkmÃ¨ne
     got: Turkmène
 ; [cca2=TM].flag
Expected: ðŸ‡¹ðŸ‡²
     got: ??
 ; [cca2=TM].name.nativeName.rus.common
Expected: Ð¢ÑƒÑ€ÐºÐ¼ÐµÐ½Ð¸Ñ?
     got: ?????????
 ; [cca2=TM].name.nativeName.rus.official
Expected: Ð¢ÑƒÑ€ÐºÐ¼ÐµÐ½Ð¸Ñ?Ñ‚Ð°Ð½
     got: ????????????
 ; [cca2=TM].name.nativeName.tuk.common
Expected: TÃ¼rkmenistan
     got: Türkmenistan
 ; [cca2=TM].name.nativeName.tuk.official
Expected: TÃ¼rkmenistan
     got: Türkmenistan
 ; [cca2=TM].translations.ara.common
Expected: ØªØ±ÙƒÙ…Ø§Ù†Ø³ØªØ§Ù†
     got: ??????????
 ; [cca2=TM].translations.ara.official
Expected: ØªØ±ÙƒÙ…Ø§Ù†Ø³ØªØ§Ù†
     got: ??????????
 ; [cca2=TM].translations.ces.common
Expected: TurkmenistÃ¡n
     got: Turkmenistán
 ; [cca2=TM].translations.ces.official
Expected: TurkmenistÃ¡n
     got: Turkmenistán
 ; [cca2=TM].translations.est.common
Expected: TÃ¼rkmenistan
     got: Türkmenistan
 ; [cca2=TM].translations.est.official
Expected: TÃ¼rkmenistan
     got: Türkmenistan
 ; [cca2=TM].translations.fra.common
Expected: TurkmÃ©nistan
     got: Turkménistan
 ; [cca2=TM].translations.fra.official
Expected: TurkmÃ©nistan
     got: Turkménistan
 ; [cca2=TM].translations.hun.common
Expected: TÃ¼rkmenisztÃ¡n
     got: Türkmenisztán
 ; [cca2=TM].translations.hun.official
Expected: TÃ¼rkmÃ©n KÃ¶ztÃ¡rsasÃ¡g
     got: Türkmén Köztársaság
 ; [cca2=TM].translations.jpn.common
Expected: ãƒˆãƒ«ã‚¯ãƒ¡ãƒ‹ã‚¹ã‚¿ãƒ³
     got: ????????
 ; [cca2=TM].translations.jpn.official
Expected: ãƒˆãƒ«ã‚¯ãƒ¡ãƒ‹ã‚¹ã‚¿ãƒ³
     got: ????????
 ; [cca2=TM].translations.kor.common
Expected: íˆ¬ë¥´í?¬ë©”ë‹ˆìŠ¤íƒ„
     got: ???????
 ; [cca2=TM].translations.kor.official
Expected: íˆ¬ë¥´í?¬ë©”ë‹ˆìŠ¤íƒ„
     got: ???????
 ; [cca2=TM].translations.per.common
Expected: ØªØ±Ú©Ù…Ù†Ø³ØªØ§Ù†
     got: ?????????
 ; [cca2=TM].translations.per.official
Expected: Ø¬Ù…Ù‡ÙˆØ±ÛŒ Ø®Ù„Ù‚ ØªØ±Ú©Ù…Ù†Ø³ØªØ§Ù†
     got: ?????? ??? ?????????
 ; [cca2=TM].translations.por.common
Expected: TurquemenistÃ£o
     got: Turquemenistão
 ; [cca2=TM].translations.por.official
Expected: TurcomenistÃ£o
     got: Turcomenistão
 ; [cca2=TM].translations.rus.common
Expected: Ð¢ÑƒÑ€ÐºÐ¼ÐµÐ½Ð¸Ñ?
     got: ?????????
 ; [cca2=TM].translations.rus.official
Expected: Ð¢ÑƒÑ€ÐºÐ¼ÐµÐ½Ð¸Ñ?Ñ‚Ð°Ð½
     got: ????????????
 ; [cca2=TM].translations.slk.common
Expected: TurkmÃ©nsko
     got: Turkménsko
 ; [cca2=TM].translations.slk.official
Expected: TurkmÃ©nsko
     got: Turkménsko
 ; [cca2=TM].translations.spa.common
Expected: TurkmenistÃ¡n
     got: Turkmenistán
 ; [cca2=TM].translations.spa.official
Expected: TurkmenistÃ¡n
     got: Turkmenistán
 ; [cca2=TM].translations.srp.common
Expected: Ð¢ÑƒÑ€ÐºÐ¼ÐµÐ½Ð¸Ñ?Ñ‚Ð°Ð½
     got: ????????????
 ; [cca2=TM].translations.srp.official
Expected: Ð¢ÑƒÑ€ÐºÐ¼ÐµÐ½Ð¸Ñ?Ñ‚Ð°Ð½
     got: ????????????
 ; [cca2=TM].translations.tur.common
Expected: TÃ¼rkmenistan
     got: Türkmenistan
 ; [cca2=TM].translations.tur.official
Expected: TÃ¼rkmenistan
     got: Türkmenistan
 ; [cca2=TM].translations.urd.common
Expected: ØªØ±Ú©Ù…Ø§Ù†Ø³ØªØ§Ù†
     got: ??????????
 ; [cca2=TM].translations.urd.official
Expected: ØªØ±Ú©Ù…Ø§Ù†Ø³ØªØ§Ù†
     got: ??????????
 ; [cca2=TM].translations.zho.common
Expected: åœŸåº“æ›¼æ–¯å?¦
     got: ?????
 ; [cca2=TM].translations.zho.official
Expected: åœŸåº“æ›¼æ–¯å?¦
     got: ?????
 ; [cca2=TN].altSpellings[]
Expected: al-JumhÅ«riyyah at-TÅ«nisiyyah
     but none found
 ; [cca2=TN].altSpellings[]
Unexpected: al-Jumh?riyyah at-T?nisiyyah
 ; [cca2=TN].currencies.TND.symbol
Expected: Ø¯.Øª
     got: ?.?
 ; [cca2=TN].flag
Expected: ðŸ‡¹ðŸ‡³
     got: ??
 ; [cca2=TN].name.nativeName.ara.common
Expected: ØªÙˆÙ†Ø³
     got: ????
 ; [cca2=TN].name.nativeName.ara.official
Expected: Ø§Ù„Ø¬Ù…Ù‡ÙˆØ±ÙŠØ© Ø§Ù„ØªÙˆÙ†Ø³ÙŠØ©
     got: ????????? ????????
 ; [cca2=TN].translations.ara.common
Expected: ØªÙˆÙ†Ø³
     got: ????
 ; [cca2=TN].translations.ara.official
Expected: Ø§Ù„Ø¬Ù…Ù‡ÙˆØ±ÙŠØ© Ø§Ù„ØªÙˆÙ†Ø³ÙŠØ©
     got: ????????? ????????
 ; [cca2=TN].translations.ces.official
Expected: TuniskÃ¡ republika
     got: Tuniská republika
 ; [cca2=TN].translations.fra.official
Expected: RÃ©publique tunisienne
     got: République tunisienne
 ; [cca2=TN].translations.hun.common
Expected: TunÃ©zia
     got: Tunézia
 ; [cca2=TN].translations.hun.official
Expected: TunÃ©ziai KÃ¶ztÃ¡rsasÃ¡g
     got: Tunéziai Köztársaság
 ; [cca2=TN].translations.jpn.common
Expected: ãƒ?ãƒ¥ãƒ‹ã‚¸ã‚¢
     got: ?????
 ; [cca2=TN].translations.jpn.official
Expected: ãƒ?ãƒ¥ãƒ‹ã‚¸ã‚¢å…±å’Œå›½
     got: ????????
 ; [cca2=TN].translations.kor.common
Expected: íŠ€ë‹ˆì§€
     got: ???
 ; [cca2=TN].translations.kor.official
Expected: íŠ€ë‹ˆì§€ ê³µí™”êµ­
     got: ??? ???
 ; [cca2=TN].translations.nld.common
Expected: TunesiÃ«
     got: Tunesië
 ; [cca2=TN].translations.nld.official
Expected: Republiek TunesiÃ«
     got: Republiek Tunesië
 ; [cca2=TN].translations.per.common
Expected: ØªÙˆÙ†Ø³
     got: ????
 ; [cca2=TN].translations.per.official
Expected: Ø¬Ù…Ù‡ÙˆØ±ÛŒ ØªÙˆÙ†Ø³
     got: ?????? ????
 ; [cca2=TN].translations.por.common
Expected: TunÃ­sia
     got: Tunísia
 ; [cca2=TN].translations.por.official
Expected: RepÃºblica da TunÃ­sia
     got: República da Tunísia
 ; [cca2=TN].translations.rus.common
Expected: Ð¢ÑƒÐ½Ð¸Ñ?
     got: ?????
 ; [cca2=TN].translations.rus.official
Expected: Ð¢ÑƒÐ½Ð¸Ñ?Ñ?ÐºÐ¾Ð¹ Ð ÐµÑ?Ð¿ÑƒÐ±Ð»Ð¸ÐºÐ¸
     got: ????????? ??????????
 ; [cca2=TN].translations.slk.official
Expected: TuniskÃ¡ republika
     got: Tuniská republika
 ; [cca2=TN].translations.spa.common
Expected: TÃºnez
     got: Túnez
 ; [cca2=TN].translations.spa.official
Expected: RepÃºblica de TÃºnez
     got: República de Túnez
 ; [cca2=TN].translations.srp.common
Expected: Ð¢ÑƒÐ½Ð¸Ñ?
     got: ?????
 ; [cca2=TN].translations.srp.official
Expected: Ð¢ÑƒÐ½Ð¸ÑˆÐ°Ð½Ñ?ÐºÐ° Ð ÐµÐ¿ÑƒÐ±Ð»Ð¸ÐºÐ°
     got: ?????????? ?????????
 ; [cca2=TN].translations.urd.common
Expected: ØªÙˆÙ†Ø³
     got: ????
 ; [cca2=TN].translations.urd.official
Expected: Ø¬Ù…Û?ÙˆØ±ÛŒÛ? ØªÙˆÙ†Ø³
     got: ??????? ????
 ; [cca2=TN].translations.zho.common
Expected: çª?å°¼æ–¯
     got: ???
 ; [cca2=TN].translations.zho.official
Expected: çª?å°¼æ–¯å…±å’Œå›½
     got: ??????
 ; [cca2=TO].currencies.TOP.name
Expected: Tongan paÊ»anga
     got: Tongan pa?anga
 ; [cca2=TO].flag
Expected: ðŸ‡¹ðŸ‡´
     got: ??
 ; [cca2=TO].translations.ara.common
Expected: ØªÙˆÙ†ØºØ§
     got: ?????
 ; [cca2=TO].translations.ara.official
Expected: Ù…Ù…Ù„ÙƒØ© ØªÙˆÙ†ØºØ§
     got: ????? ?????
 ; [cca2=TO].translations.ces.official
Expected: KrÃ¡lovstvÃ­ Tonga
     got: Království Tonga
 ; [cca2=TO].translations.deu.official
Expected: KÃ¶nigreich Tonga
     got: Königreich Tonga
 ; [cca2=TO].translations.hun.official
Expected: Tongai KirÃ¡lysÃ¡g
     got: Tongai Királyság
 ; [cca2=TO].translations.jpn.common
Expected: ãƒˆãƒ³ã‚¬
     got: ???
 ; [cca2=TO].translations.jpn.official
Expected: ãƒˆãƒ³ã‚¬çŽ‹å›½
     got: ?????
 ; [cca2=TO].translations.kor.common
Expected: í†µê°€
     got: ??
 ; [cca2=TO].translations.kor.official
Expected: í†µê°€ ì™•êµ­
     got: ?? ??
 ; [cca2=TO].translations.per.common
Expected: ØªÙˆÙ†Ú¯Ø§
     got: ?????
 ; [cca2=TO].translations.per.official
Expected: Ù¾Ø§Ø¯Ø´Ø§Ù‡ÛŒ ØªÙˆÙ†Ú¯Ø§
     got: ??????? ?????
 ; [cca2=TO].translations.pol.official
Expected: KrÃ³lestwo Tonga
     got: Królestwo Tonga
 ; [cca2=TO].translations.rus.common
Expected: Ð¢Ð¾Ð½Ð³Ð°
     got: ?????
 ; [cca2=TO].translations.rus.official
Expected: ÐšÐ¾Ñ€Ð¾Ð»ÐµÐ²Ñ?Ñ‚Ð²Ð¾ Ð¢Ð¾Ð½Ð³Ð°
     got: ??????????? ?????
 ; [cca2=TO].translations.slk.official
Expected: TongskÃ© krÃ¡Ä¾ovstvo
     got: Tongské krá?ovstvo
 ; [cca2=TO].translations.srp.common
Expected: Ð¢Ð¾Ð½Ð³Ð°
     got: ?????
 ; [cca2=TO].translations.srp.official
Expected: ÐšÑ€Ð°Ñ™ÐµÐ²Ð¸Ð½Ð° Ð¢Ð¾Ð½Ð³Ð°
     got: ????????? ?????
 ; [cca2=TO].translations.tur.official
Expected: Tonga KrallÄ±ÄŸÄ±
     got: Tonga Krall???
 ; [cca2=TO].translations.urd.common
Expected: Ù¹ÙˆÙ†Ú¯Ø§
     got: ?????
 ; [cca2=TO].translations.urd.official
Expected: Ù…Ù…Ù„Ú©ØªÙ? Ù¹ÙˆÙ†Ú¯Ø§
     got: ?????? ?????
 ; [cca2=TO].translations.zho.common
Expected: æ±¤åŠ 
     got: ??
 ; [cca2=TO].translations.zho.official
Expected: æ±¤åŠ çŽ‹å›½
     got: ????
 ; [cca2=TR].altSpellings[]
Expected: TÃ¼rkiye Cumhuriyeti
     but none found
 ; [cca2=TR].altSpellings[]
Unexpected: Türkiye Cumhuriyeti
 ; [cca2=TR].currencies.TRY.symbol
Expected: â‚º
     got: ?
 ; [cca2=TR].flag
Expected: ðŸ‡¹ðŸ‡·
     got: ??
 ; [cca2=TR].name.nativeName.tur.common
Expected: TÃ¼rkiye
     got: Türkiye
 ; [cca2=TR].name.nativeName.tur.official
Expected: TÃ¼rkiye Cumhuriyeti
     got: Türkiye Cumhuriyeti
 ; [cca2=TR].translations.ara.common
Expected: ØªØ±ÙƒÙŠØ§
     got: ?????
 ; [cca2=TR].translations.ara.official
Expected: Ø§Ù„Ø¬Ù…Ù‡ÙˆØ±ÙŠØ© Ø§Ù„ØªØ±ÙƒÙŠØ©
     got: ????????? ???????
 ; [cca2=TR].translations.ces.official
Expected: TureckÃ¡ republika
     got: Turecká republika
 ; [cca2=TR].translations.deu.common
Expected: TÃ¼rkei
     got: Türkei
 ; [cca2=TR].translations.deu.official
Expected: Republik TÃ¼rkei
     got: Republik Türkei
 ; [cca2=TR].translations.est.common
Expected: TÃ¼rgi
     got: Türgi
 ; [cca2=TR].translations.est.official
Expected: TÃ¼rgi Vabariik
     got: Türgi Vabariik
 ; [cca2=TR].translations.fra.official
Expected: RÃ©publique de Turquie
     got: République de Turquie
 ; [cca2=TR].translations.hun.common
Expected: TÃ¶rÃ¶korszÃ¡g
     got: Törökország
 ; [cca2=TR].translations.hun.official
Expected: TÃ¶rÃ¶k KÃ¶ztÃ¡rsasÃ¡g
     got: Török Köztársaság
 ; [cca2=TR].translations.jpn.common
Expected: ãƒˆãƒ«ã‚³
     got: ???
 ; [cca2=TR].translations.jpn.official
Expected: ãƒˆãƒ«ã‚³å…±å’Œå›½
     got: ??????
 ; [cca2=TR].translations.kor.common
Expected: í„°í‚¤
     got: ??
 ; [cca2=TR].translations.kor.official
Expected: í„°í‚¤ ê³µí™”êµ­
     got: ?? ???
 ; [cca2=TR].translations.per.common
Expected: ØªØ±Ú©ÛŒÙ‡
     got: ?????
 ; [cca2=TR].translations.per.official
Expected: Ø¬Ù…Ù‡ÙˆØ±ÛŒ ØªØ±Ú©ÛŒÙ‡
     got: ?????? ?????
 ; [cca2=TR].translations.por.official
Expected: RepÃºblica da Turquia
     got: República da Turquia
 ; [cca2=TR].translations.rus.common
Expected: Ð¢ÑƒÑ€Ñ†Ð¸Ñ?
     got: ??????
 ; [cca2=TR].translations.rus.official
Expected: Ð ÐµÑ?Ð¿ÑƒÐ±Ð»Ð¸ÐºÐ° Ð¢ÑƒÑ€Ñ†Ð¸Ð¸
     got: ?????????? ??????
 ; [cca2=TR].translations.slk.official
Expected: TureckÃ¡ republika
     got: Turecká republika
 ; [cca2=TR].translations.spa.common
Expected: TurquÃ­a
     got: Turquía
 ; [cca2=TR].translations.spa.official
Expected: RepÃºblica de TurquÃ­a
     got: República de Turquía
 ; [cca2=TR].translations.srp.common
Expected: Ð¢ÑƒÑ€Ñ?ÐºÐ°
     got: ??????
 ; [cca2=TR].translations.srp.official
Expected: Ð¢ÑƒÑ€Ñ?ÐºÐ° Ð ÐµÐ¿ÑƒÐ±Ð»Ð¸ÐºÐ°
     got: ?????? ?????????
 ; [cca2=TR].translations.tur.common
Expected: TÃ¼rkiye
     got: Türkiye
 ; [cca2=TR].translations.tur.official
Expected: TÃ¼rkiye Cumhuriyeti
     got: Türkiye Cumhuriyeti
 ; [cca2=TR].translations.urd.common
Expected: ØªØ±Ú©ÛŒ
     got: ????
 ; [cca2=TR].translations.urd.official
Expected: Ø¬Ù…Û?ÙˆØ±ÛŒÛ? ØªØ±Ú©ÛŒ
     got: ??????? ????
 ; [cca2=TR].translations.zho.common
Expected: åœŸè€³å…¶
     got: ???
 ; [cca2=TR].translations.zho.official
Expected: åœŸè€³å…¶å…±å’Œå›½
     got: ??????
 ; [cca2=TT].flag
Expected: ðŸ‡¹ðŸ‡¹
     got: ??
 ; [cca2=TT].translations.ara.common
Expected: ØªØ±ÙŠÙ†ÙŠØ¯Ø§Ø¯ ÙˆØªÙˆØ¨Ø§ØºÙˆ
     got: ???????? ???????
 ; [cca2=TT].translations.ara.official
Expected: Ø¬Ù…Ù‡ÙˆØ±ÙŠØ© ØªØ±ÙŠÙ†ÙŠØ¯Ø§Ø¯ ÙˆØªÙˆØ¨Ø§ØºÙˆ
     got: ??????? ???????? ???????
 ; [cca2=TT].translations.fra.common
Expected: TrinitÃ©-et-Tobago
     got: Trinité-et-Tobago
 ; [cca2=TT].translations.fra.official
Expected: RÃ©publique de TrinitÃ©-et-Tobago
     got: République de Trinité-et-Tobago
 ; [cca2=TT].translations.hun.common
Expected: Trinidad Ã©s Tobago
     got: Trinidad és Tobago
 ; [cca2=TT].translations.hun.official
Expected: Trinidad Ã©s Tobago KÃ¶ztÃ¡rsasÃ¡g
     got: Trinidad és Tobago Köztársaság
 ; [cca2=TT].translations.jpn.common
Expected: ãƒˆãƒªãƒ‹ãƒ€ãƒ¼ãƒ‰ãƒ»ãƒˆãƒ?ã‚´
     got: ??????????
 ; [cca2=TT].translations.jpn.official
Expected: ãƒˆãƒªãƒ‹ãƒ€ãƒ¼ãƒ‰Â·ãƒˆãƒ?ã‚´å…±å’Œå›½
     got: ??????·??????
 ; [cca2=TT].translations.kor.common
Expected: íŠ¸ë¦¬ë‹ˆë‹¤ë“œ í† ë°”ê³ 
     got: ????? ???
 ; [cca2=TT].translations.kor.official
Expected: íŠ¸ë¦¬ë‹ˆë‹¤ë“œ í† ë°”ê³  ê³µí™”êµ­
     got: ????? ??? ???
 ; [cca2=TT].translations.per.common
Expected: ØªØ±ÛŒÙ†ÛŒØ¯Ø§Ø¯ Ùˆ ØªÙˆØ¨Ø§Ú¯Ùˆ
     got: ???????? ? ??????
 ; [cca2=TT].translations.per.official
Expected: Ø¬Ù…Ù‡ÙˆØ±ÛŒ ØªØ±ÛŒÙ†ÛŒØ¯Ø§Ø¯ Ùˆ ØªÙˆØ¨Ø§Ú¯Ùˆ
     got: ?????? ???????? ? ??????
 ; [cca2=TT].translations.por.official
Expected: RepÃºblica de Trinidad e Tobago
     got: República de Trinidad e Tobago
 ; [cca2=TT].translations.rus.common
Expected: Ð¢Ñ€Ð¸Ð½Ð¸Ð´Ð°Ð´ Ð¸ Ð¢Ð¾Ð±Ð°Ð³Ð¾
     got: ???????? ? ??????
 ; [cca2=TT].translations.rus.official
Expected: Ð ÐµÑ?Ð¿ÑƒÐ±Ð»Ð¸ÐºÐ° Ð¢Ñ€Ð¸Ð½Ð¸Ð´Ð°Ð´ Ð¸ Ð¢Ð¾Ð±Ð°Ð³Ð¾
     got: ?????????? ???????? ? ??????
 ; [cca2=TT].translations.spa.official
Expected: RepÃºblica de Trinidad y Tobago
     got: República de Trinidad y Tobago
 ; [cca2=TT].translations.srp.common
Expected: Ð¢Ñ€Ð¸Ð½Ð¸Ð´Ð°Ð´ Ð¸ Ð¢Ð¾Ð±Ð°Ð³Ð¾
     got: ???????? ? ??????
 ; [cca2=TT].translations.srp.official
Expected: Ð ÐµÐ¿ÑƒÐ±Ð»Ð¸ÐºÐ° Ð¢Ñ€Ð¸Ð½Ð¸Ð´Ð°Ð´ Ð¸ Ð¢Ð¾Ð±Ð°Ð³Ð¾
     got: ????????? ???????? ? ??????
 ; [cca2=TT].translations.urd.common
Expected: Ù¹Ø±ÛŒÙ†ÛŒÚˆØ§Úˆ Ùˆ Ù¹ÙˆØ¨Ø§Ú¯Ùˆ
     got: ???????? ? ??????
 ; [cca2=TT].translations.urd.official
Expected: Ø¬Ù…Û?ÙˆØ±ÛŒÛ? Ù¹Ø±ÛŒÙ†ÛŒÚˆØ§Úˆ Ùˆ Ù¹ÙˆØ¨Ø§Ú¯Ùˆ
     got: ??????? ???????? ? ??????
 ; [cca2=TT].translations.zho.common
Expected: ç‰¹ç«‹å°¼è¾¾å’Œå¤šå·´å“¥
     got: ????????
 ; [cca2=TT].translations.zho.official
Expected: ç‰¹ç«‹å°¼è¾¾å’Œå¤šå·´å“¥å…±å’Œå›½
     got: ???????????
 ; [cca2=DE].currencies.EUR.symbol
Expected: â‚¬
     got: €
 ; [cca2=DE].flag
Expected: ðŸ‡©ðŸ‡ª
     got: ??
 ; [cca2=DE].translations.ara.common
Expected: Ø£Ù„Ù…Ø§Ù†ÙŠØ§
     got: ???????
 ; [cca2=DE].translations.ara.official
Expected: Ø¬Ù…Ù‡ÙˆØ±ÙŠØ© Ø£Ù„Ù…Ø§Ù†ÙŠØ§ Ø§Ù„Ø§ØªØ­Ø§Ø¯ÙŠØ©
     got: ??????? ??????? ?????????
 ; [cca2=DE].translations.ces.common
Expected: NÄ›mecko
     got: N?mecko
 ; [cca2=DE].translations.ces.official
Expected: SpolkovÃ¡ republika NÄ›mecko
     got: Spolková republika N?mecko
 ; [cca2=DE].translations.fra.official
Expected: RÃ©publique fÃ©dÃ©rale d&#039;Allemagne
     got: République fédérale d&#039;Allemagne
 ; [cca2=DE].translations.hrv.common
Expected: NjemaÄ?ka
     got: Njema?ka
 ; [cca2=DE].translations.hrv.official
Expected: NjemaÄ?ka Federativna Republika
     got: Njema?ka Federativna Republika
 ; [cca2=DE].translations.hun.common
Expected: NÃ©metorszÃ¡g
     got: Németország
 ; [cca2=DE].translations.hun.official
Expected: NÃ©met SzÃ¶vetsÃ©gi KÃ¶ztÃ¡rsasÃ¡g
     got: Német Szövetségi Köztársaság
 ; [cca2=DE].translations.jpn.common
Expected: ãƒ‰ã‚¤ãƒ„
     got: ???
 ; [cca2=DE].translations.jpn.official
Expected: ãƒ‰ã‚¤ãƒ„é€£é‚¦å…±å’Œå›½
     got: ????????
 ; [cca2=DE].translations.kor.common
Expected: ë?…ì?¼
     got: ??
 ; [cca2=DE].translations.kor.official
Expected: ë?…ì?¼ ì—°ë°© ê³µí™”êµ­
     got: ?? ?? ???
 ; [cca2=DE].translations.per.common
Expected: Ø¢Ù„Ù…Ø§Ù†
     got: ?????
 ; [cca2=DE].translations.per.official
Expected: Ø¬Ù…Ù‡ÙˆØ±ÛŒ Ù?Ø¯Ø±Ø§Ù„ Ø¢Ù„Ù…Ø§Ù†
     got: ?????? ????? ?????
 ; [cca2=DE].translations.por.official
Expected: RepÃºblica Federal da Alemanha
     got: República Federal da Alemanha
 ; [cca2=DE].translations.rus.common
Expected: Ð“ÐµÑ€Ð¼Ð°Ð½Ð¸Ñ?
     got: ????????
 ; [cca2=DE].translations.rus.official
Expected: Ð¤ÐµÐ´ÐµÑ€Ð°Ñ‚Ð¸Ð²Ð½Ð°Ñ? Ð ÐµÑ?Ð¿ÑƒÐ±Ð»Ð¸ÐºÐ° Ð“ÐµÑ€Ð¼Ð°Ð½Ð¸Ñ?
     got: ???????????? ?????????? ????????
 ; [cca2=DE].translations.slk.official
Expected: NemeckÃ¡ spolkovÃ¡ republika
     got: Nemecká spolková republika
 ; [cca2=DE].translations.spa.official
Expected: RepÃºblica Federal de Alemania
     got: República Federal de Alemania
 ; [cca2=DE].translations.srp.common
Expected: Ð?ÐµÐ¼Ð°Ñ‡ÐºÐ°
     got: ???????
 ; [cca2=DE].translations.srp.official
Expected: Ð¡Ð°Ð²ÐµÐ·Ð½Ð° Ð ÐµÐ¿ÑƒÐ±Ð»Ð¸ÐºÐ° Ð?ÐµÐ¼Ð°Ñ‡ÐºÐ°
     got: ??????? ????????? ???????
 ; [cca2=DE].translations.swe.official
Expected: FÃ¶rbundsrepubliken Tyskland
     got: Förbundsrepubliken Tyskland
 ; [cca2=DE].translations.urd.common
Expected: Ø¬Ø±Ù…Ù†ÛŒ
     got: ?????
 ; [cca2=DE].translations.urd.official
Expected: ÙˆÙ?Ø§Ù‚ÛŒ Ø¬Ù…Û?ÙˆØ±ÛŒÛ? Ø¬Ø±Ù…Ù†ÛŒ
     got: ????? ??????? ?????
 ; [cca2=DE].translations.zho.common
Expected: å¾·å›½
     got: ??
 ; [cca2=DE].translations.zho.official
Expected: å¾·æ„?å¿—è?”é‚¦å…±å’Œå›½
     got: ????????
 ; [cca2=TV].flag
Expected: ðŸ‡¹ðŸ‡»
     got: ??
 ; [cca2=TV].flags.alt
Expected: The flag of Tuvalu has a light blue field with the flag of the United Kingdom â€” the Union Jack â€” in the canton. A representation of the country&#039;s nine Islands using nine five-pointed yellow stars is situated in the fly half of the field.
     got: The flag of Tuvalu has a light blue field with the flag of the United Kingdom — the Union Jack — in the canton. A representation of the country&#039;s nine Islands using nine five-pointed yellow stars is situated in the fly half of the field.
 ; [cca2=TV].translations.ara.common
Expected: ØªÙˆÙ?Ø§Ù„Ùˆ
     got: ??????
 ; [cca2=TV].translations.ara.official
Expected: ØªÙˆÙ?Ø§Ù„Ùˆ
     got: ??????
 ; [cca2=TV].translations.jpn.common
Expected: ãƒ„ãƒ?ãƒ«
     got: ???
 ; [cca2=TV].translations.jpn.official
Expected: ãƒ„ãƒ?ãƒ«
     got: ???
 ; [cca2=TV].translations.kor.common
Expected: íˆ¬ë°œë£¨
     got: ???
 ; [cca2=TV].translations.kor.official
Expected: íˆ¬ë°œë£¨
     got: ???
 ; [cca2=TV].translations.per.common
Expected: ØªÙˆÙˆØ§Ù„Ùˆ
     got: ??????
 ; [cca2=TV].translations.per.official
Expected: ØªÙˆÙˆØ§Ù„Ùˆ
     got: ??????
 ; [cca2=TV].translations.rus.common
Expected: Ð¢ÑƒÐ²Ð°Ð»Ñƒ
     got: ??????
 ; [cca2=TV].translations.rus.official
Expected: Ð¢ÑƒÐ²Ð°Ð»Ñƒ
     got: ??????
 ; [cca2=TV].translations.srp.common
Expected: Ð¢ÑƒÐ²Ð°Ð»Ñƒ
     got: ??????
 ; [cca2=TV].translations.srp.official
Expected: Ð¢ÑƒÐ²Ð°Ð»Ñƒ
     got: ??????
 ; [cca2=TV].translations.urd.common
Expected: ØªÙˆÙˆØ§Ù„Ùˆ
     got: ??????
 ; [cca2=TV].translations.urd.official
Expected: ØªÙˆÙˆØ§Ù„Ùˆ
     got: ??????
 ; [cca2=TV].translations.zho.common
Expected: å›¾ç“¦å?¢
     got: ???
 ; [cca2=TV].translations.zho.official
Expected: å›¾ç“¦å?¢
     got: ???
 ; [cca2=TW].altSpellings[]
Expected: ZhÅ?nghuÃ¡ MÃ­nguÃ³
     but none found
 ; [cca2=TW].altSpellings[]
Expected: TÃ¡iwÄ?n
     but none found
 ; [cca2=TW].altSpellings[]
Expected: ä¸­è?¯æ°‘åœ‹
     but none found
 ; [cca2=TW].altSpellings[]
Unexpected: Táiw?n
 ; [cca2=TW].altSpellings[]
Unexpected: ????
 ; [cca2=TW].altSpellings[]
Unexpected: Zh?nghuá Mínguó
 ; [cca2=TW].demonyms.fra.f
Expected: TaÃ¯wanaise
     got: Taïwanaise
 ; [cca2=TW].demonyms.fra.m
Expected: TaÃ¯wanais
     got: Taïwanais
 ; [cca2=TW].flag
Expected: ðŸ‡¹ðŸ‡¼
     got: ??
 ; [cca2=TW].name.nativeName.zho.common
Expected: å?°ç?£
     got: ??
 ; [cca2=TW].name.nativeName.zho.official
Expected: ä¸­è?¯æ°‘åœ‹
     got: ????
 ; [cca2=TW].tld[]
Expected: .å?°ç?£
     but none found
 ; [cca2=TW].tld[]
Expected: .å?°æ¹¾
     but none found
 ; [cca2=TW].tld[]
Unexpected: .??
 ; [cca2=TW].tld[]
Unexpected: .??
 ; [cca2=TW].translations.ara.common
Expected: ØªØ§ÙŠÙˆØ§Ù†
     got: ??????
 ; [cca2=TW].translations.ara.official
Expected: Ø¬Ù…Ù‡ÙˆØ±ÙŠØ© Ø§Ù„ØµÙŠÙ† (ØªØ§ÙŠÙˆØ§Ù†)
     got: ??????? ????? (??????)
 ; [cca2=TW].translations.ces.official
Expected: ÄŒÃ­nskÃ¡ republika
     got: ?ínská republika
 ; [cca2=TW].translations.fra.common
Expected: TaÃ¯wan
     got: Taïwan
 ; [cca2=TW].translations.fra.official
Expected: RÃ©publique de Chine (TaÃ¯wan)
     got: République de Chine (Taïwan)
 ; [cca2=TW].translations.hun.official
Expected: KÃ­nai KÃ¶ztÃ¡rsasÃ¡g
     got: Kínai Köztársaság
 ; [cca2=TW].translations.jpn.common
Expected: å?°æ¹¾
     got: ??
 ; [cca2=TW].translations.jpn.official
Expected: ä¸­è?¯æ°‘å›½
     got: ????
 ; [cca2=TW].translations.kor.common
Expected: ëŒ€ë§Œ
     got: ??
 ; [cca2=TW].translations.kor.official
Expected: ì¤‘í™”ë¯¼êµ­
     got: ????
 ; [cca2=TW].translations.per.common
Expected: ØªØ§ÛŒÙˆØ§Ù†
     got: ??????
 ; [cca2=TW].translations.per.official
Expected: Ø¬Ù…Ù‡ÙˆØ±ÛŒ Ú†ÛŒÙ†
     got: ?????? ???
 ; [cca2=TW].translations.pol.official
Expected: Republika ChiÅ„ska (Tajwan)
     got: Republika Chi?ska (Tajwan)
 ; [cca2=TW].translations.por.official
Expected: RepÃºblica da China
     got: República da China
 ; [cca2=TW].translations.rus.common
Expected: Ð¢Ð°Ð¹Ð²Ð°Ð½ÑŒ
     got: ???????
 ; [cca2=TW].translations.rus.official
Expected: ÐšÐ¸Ñ‚Ð°Ð¹Ñ?ÐºÐ°Ñ? Ð ÐµÑ?Ð¿ÑƒÐ±Ð»Ð¸ÐºÐ°
     got: ????????? ??????????
 ; [cca2=TW].translations.slk.official
Expected: ÄŒÃ­nska republika
     got: ?ínska republika
 ; [cca2=TW].translations.spa.common
Expected: TaiwÃ¡n
     got: Taiwán
 ; [cca2=TW].translations.spa.official
Expected: RepÃºblica de China en TaiwÃ¡n
     got: República de China en Taiwán
 ; [cca2=TW].translations.srp.common
Expected: Ð¢Ð°Ñ˜Ð²Ð°Ð½
     got: ??????
 ; [cca2=TW].translations.srp.official
Expected: Ð ÐµÐ¿ÑƒÐ±Ð»Ð¸ÐºÐ° ÐšÐ¸Ð½Ð°
     got: ????????? ????
 ; [cca2=TW].translations.tur.official
Expected: Ã‡in Cumhuriyeti (Tayvan)
     got: Çin Cumhuriyeti (Tayvan)
 ; [cca2=TW].translations.urd.common
Expected: ØªØ§Ø¦ÛŒÙˆØ§Ù†
     got: ???????
 ; [cca2=TW].translations.urd.official
Expected: Ø¬Ù…Û?ÙˆØ±ÛŒÛ? Ú†ÛŒÙ† (ØªØ§Ø¦ÛŒÙˆØ§Ù†)
     got: ??????? ??? (???????)
 ; [cca2=TZ].flag
Expected: ðŸ‡¹ðŸ‡¿
     got: ??
 ; [cca2=TZ].translations.ara.common
Expected: ØªÙ†Ø²Ø§Ù†ÙŠØ§
     got: ???????
 ; [cca2=TZ].translations.ara.official
Expected: Ø¬Ù…Ù‡ÙˆØ±ÙŠØ© ØªÙ†Ø²Ø§Ù†ÙŠØ§ Ø§Ù„Ø§ØªØ­Ø§Ø¯ÙŠØ©
     got: ??????? ??????? ?????????
 ; [cca2=TZ].translations.ces.official
Expected: SjednocenÃ¡ tanzanskÃ¡ republika
     got: Sjednocená tanzanská republika
 ; [cca2=TZ].translations.est.official
Expected: Tansaania Ãœhendvabariik
     got: Tansaania Ühendvabariik
 ; [cca2=TZ].translations.fra.official
Expected: RÃ©publique -Unie de Tanzanie
     got: République -Unie de Tanzanie
 ; [cca2=TZ].translations.hun.common
Expected: TÃ¡dzsikisztÃ¡n
     got: Tádzsikisztán
 ; [cca2=TZ].translations.hun.official
Expected: TÃ¡dzsik KÃ¶ztÃ¡rsasÃ¡g
     got: Tádzsik Köztársaság
 ; [cca2=TZ].translations.jpn.common
Expected: ã‚¿ãƒ³ã‚¶ãƒ‹ã‚¢
     got: ?????
 ; [cca2=TZ].translations.jpn.official
Expected: ã‚¿ãƒ³ã‚¶ãƒ‹ã‚¢é€£å?ˆå…±å’Œå›½
     got: ??????????
 ; [cca2=TZ].translations.kor.common
Expected: íƒ„ìž?ë‹ˆì•„
     got: ????
 ; [cca2=TZ].translations.kor.official
Expected: íƒ„ìž?ë‹ˆì•„ ì—°í•© ê³µí™”êµ­
     got: ???? ?? ???
 ; [cca2=TZ].translations.per.common
Expected: ØªØ§Ù†Ø²Ø§Ù†ÛŒØ§
     got: ????????
 ; [cca2=TZ].translations.per.official
Expected: Ø¬Ù…Ù‡ÙˆØ±ÛŒ Ù…ØªØ­Ø¯ ØªØ§Ù†Ø²Ø§Ù†ÛŒØ§
     got: ?????? ???? ????????
 ; [cca2=TZ].translations.por.common
Expected: TanzÃ¢nia
     got: Tanzânia
 ; [cca2=TZ].translations.por.official
Expected: RepÃºblica Unida da TanzÃ¢nia
     got: República Unida da Tanzânia
 ; [cca2=TZ].translations.rus.common
Expected: Ð¢Ð°Ð½Ð·Ð°Ð½Ð¸Ñ?
     got: ????????
 ; [cca2=TZ].translations.rus.official
Expected: ÐžÐ±ÑŠÐµÐ´Ð¸Ð½ÐµÐ½Ð½Ð°Ñ? Ð ÐµÑ?Ð¿ÑƒÐ±Ð»Ð¸ÐºÐ° Ð¢Ð°Ð½Ð·Ð°Ð½Ð¸Ñ?
     got: ???????????? ?????????? ????????
 ; [cca2=TZ].translations.slk.common
Expected: TanzÃ¡nia
     got: Tanzánia
 ; [cca2=TZ].translations.slk.official
Expected: TanzÃ¡nijskÃ¡ zjednotenÃ¡ republika
     got: Tanzánijská zjednotená republika
 ; [cca2=TZ].translations.spa.official
Expected: RepÃºblica Unida de Tanzania
     got: República Unida de Tanzania
 ; [cca2=TZ].translations.srp.common
Expected: Ð¢Ð°Ð½Ð·Ð°Ð½Ð¸Ñ˜Ð°
     got: ?????????
 ; [cca2=TZ].translations.srp.official
Expected: Ð£Ñ˜ÐµÐ´Ð¸ÑšÐµÐ½Ð° Ð ÐµÐ¿ÑƒÐ±Ð»Ð¸ÐºÐ° Ð¢Ð°Ð½Ð·Ð°Ð½Ð¸Ñ˜Ð°
     got: ????????? ????????? ?????????
 ; [cca2=TZ].translations.swe.official
Expected: FÃ¶renade republiken Tanzania
     got: Förenade republiken Tanzania
 ; [cca2=TZ].translations.tur.official
Expected: Tanzanya BirleÅŸik Cumhuriyeti
     got: Tanzanya Birle?ik Cumhuriyeti
 ; [cca2=TZ].translations.urd.common
Expected: ØªÙ†Ø²Ø§Ù†ÛŒÛ?
     got: ???????
 ; [cca2=TZ].translations.urd.official
Expected: Ù…ØªØ­Ø¯Û? Ø¬Ù…Û?ÙˆØ±ÛŒÛ? ØªÙ†Ø²Ø§Ù†ÛŒÛ?
     got: ????? ??????? ???????
 ; [cca2=TZ].translations.zho.common
Expected: å?¦æ¡‘å°¼äºš
     got: ????
 ; [cca2=TZ].translations.zho.official
Expected: å?¦æ¡‘å°¼äºšè?”å?ˆå…±å’Œå›½
     got: ?????????
 ; [cca2=DJ].altSpellings[]
Expected: RÃ©publique de Djibouti
     but none found
 ; [cca2=DJ].altSpellings[]
Unexpected: République de Djibouti
 ; [cca2=DJ].flag
Expected: ðŸ‡©ðŸ‡¯
     got: ??
 ; [cca2=DJ].name.nativeName.ara.common
Expected: Ø¬ÙŠØ¨ÙˆØªÙŠâ€Ž
     got: ???????
 ; [cca2=DJ].name.nativeName.ara.official
Expected: Ø¬Ù…Ù‡ÙˆØ±ÙŠØ© Ø¬ÙŠØ¨ÙˆØªÙŠ
     got: ??????? ??????
 ; [cca2=DJ].name.nativeName.fra.official
Expected: RÃ©publique de Djibouti
     got: République de Djibouti
 ; [cca2=DJ].translations.ara.common
Expected: Ø¬ÙŠØ¨ÙˆØªÙŠ
     got: ??????
 ; [cca2=DJ].translations.ara.official
Expected: Ø¬Ù…Ù‡ÙˆØ±ÙŠØ© Ø¬ÙŠØ¨ÙˆØªÙŠ
     got: ??????? ??????
 ; [cca2=DJ].translations.ces.common
Expected: DÅ¾ibutsko
     got: Džibutsko
 ; [cca2=DJ].translations.ces.official
Expected: DÅ¾ibutskÃ¡ republika
     got: Džibutská republika
 ; [cca2=DJ].translations.fra.official
Expected: RÃ©publique de Djibouti
     got: République de Djibouti
 ; [cca2=DJ].translations.hrv.common
Expected: DÅ¾ibuti
     got: Džibuti
 ; [cca2=DJ].translations.hrv.official
Expected: Republika DÅ¾ibuti
     got: Republika Džibuti
 ; [cca2=DJ].translations.hun.official
Expected: Dzsibuti KÃ¶ztÃ¡rsasÃ¡g
     got: Dzsibuti Köztársaság
 ; [cca2=DJ].translations.jpn.common
Expected: ã‚¸ãƒ–ãƒ?
     got: ???
 ; [cca2=DJ].translations.jpn.official
Expected: ã‚¸ãƒ–ãƒ?å…±å’Œå›½
     got: ??????
 ; [cca2=DJ].translations.kor.common
Expected: ì§€ë¶€í‹°
     got: ???
 ; [cca2=DJ].translations.kor.official
Expected: ì§€ë¶€í‹° ê³µí™”êµ­
     got: ??? ???
 ; [cca2=DJ].translations.per.common
Expected: Ø¬ÛŒØ¨ÙˆØªÛŒ
     got: ??????
 ; [cca2=DJ].translations.per.official
Expected: Ø¬Ù…Ù‡ÙˆØ±ÛŒ Ø¬ÛŒØ¨ÙˆØªÛŒ
     got: ?????? ??????
 ; [cca2=DJ].translations.pol.common
Expected: DÅ¼ibuti
     got: D?ibuti
 ; [cca2=DJ].translations.pol.official
Expected: Republika DÅ¼ibuti
     got: Republika D?ibuti
 ; [cca2=DJ].translations.por.official
Expected: RepÃºblica do Djibouti
     got: República do Djibouti
 ; [cca2=DJ].translations.rus.common
Expected: Ð”Ð¶Ð¸Ð±ÑƒÑ‚Ð¸
     got: ???????
 ; [cca2=DJ].translations.rus.official
Expected: Ð ÐµÑ?Ð¿ÑƒÐ±Ð»Ð¸ÐºÐ° Ð”Ð¶Ð¸Ð±ÑƒÑ‚Ð¸
     got: ?????????? ???????
 ; [cca2=DJ].translations.slk.common
Expected: Ç…ibutsko
     got: ?ibutsko
 ; [cca2=DJ].translations.slk.official
Expected: Ç…ibutskÃ¡ republika
     got: ?ibutská republika
 ; [cca2=DJ].translations.spa.official
Expected: RepÃºblica de Djibouti
     got: República de Djibouti
 ; [cca2=DJ].translations.srp.common
Expected: Ð?Ð¸Ð±ÑƒÑ‚Ð¸
     got: ??????
 ; [cca2=DJ].translations.srp.official
Expected: Ð ÐµÐ¿ÑƒÐ±Ð»Ð¸ÐºÐ° Ð?Ð¸Ð±ÑƒÑ‚Ð¸
     got: ????????? ??????
 ; [cca2=DJ].translations.urd.common
Expected: Ø¬Ø¨ÙˆØªÛŒ
     got: ?????
 ; [cca2=DJ].translations.urd.official
Expected: Ø¬Ù…Û?ÙˆØ±ÛŒÛ? Ø¬Ø¨ÙˆØªÛŒ
     got: ??????? ?????
 ; [cca2=DJ].translations.zho.common
Expected: å?‰å¸ƒæ??
     got: ???
 ; [cca2=DJ].translations.zho.official
Expected: å?‰å¸ƒæ??å…±å’Œå›½
     got: ??????
 ; [cca2=DK].flag
Expected: ðŸ‡©ðŸ‡°
     got: ??
 ; [cca2=DK].translations.ara.common
Expected: Ø§Ù„Ø¯Ù†Ù…Ø§Ø±Ùƒ
     got: ????????
 ; [cca2=DK].translations.ara.official
Expected: Ù…Ù…Ù„ÙƒØ© Ø§Ù„Ø¯Ù†Ù…Ø§Ø±Ùƒ
     got: ????? ????????
 ; [cca2=DK].translations.ces.common
Expected: DÃ¡nsko
     got: Dánsko
 ; [cca2=DK].translations.ces.official
Expected: DÃ¡nskÃ© krÃ¡lovstvÃ­
     got: Dánské království
 ; [cca2=DK].translations.deu.common
Expected: DÃ¤nemark
     got: Dänemark
 ; [cca2=DK].translations.deu.official
Expected: KÃ¶nigreich DÃ¤nemark
     got: Königreich Dänemark
 ; [cca2=DK].translations.hun.common
Expected: DÃ¡nia
     got: Dánia
 ; [cca2=DK].translations.hun.official
Expected: DÃ¡n KirÃ¡lysÃ¡g
     got: Dán Királyság
 ; [cca2=DK].translations.jpn.common
Expected: ãƒ‡ãƒ³ãƒžãƒ¼ã‚¯
     got: ?????
 ; [cca2=DK].translations.jpn.official
Expected: ãƒ‡ãƒ³ãƒžãƒ¼ã‚¯çŽ‹å›½
     got: ???????
 ; [cca2=DK].translations.kor.common
Expected: ë?´ë§ˆí?¬
     got: ???
 ; [cca2=DK].translations.kor.official
Expected: ë?´ë§ˆí?¬ ì™•êµ­
     got: ??? ??
 ; [cca2=DK].translations.per.common
Expected: Ø¯Ø§Ù†Ù…Ø§Ø±Ú©
     got: ???????
 ; [cca2=DK].translations.per.official
Expected: Ù¾Ø§Ø¯Ø´Ø§Ù‡ÛŒ Ø¯Ø§Ù†Ù…Ø§Ø±Ú©
     got: ??????? ???????
 ; [cca2=DK].translations.pol.official
Expected: KrÃ³lestwo Danii
     got: Królestwo Danii
 ; [cca2=DK].translations.rus.common
Expected: Ð”Ð°Ð½Ð¸Ñ?
     got: ?????
 ; [cca2=DK].translations.rus.official
Expected: ÐšÐ¾Ñ€Ð¾Ð»ÐµÐ²Ñ?Ñ‚Ð²Ð¾ Ð”Ð°Ð½Ð¸Ñ?
     got: ??????????? ?????
 ; [cca2=DK].translations.slk.common
Expected: DÃ¡nsko
     got: Dánsko
 ; [cca2=DK].translations.slk.official
Expected: DÃ¡nske krÃ¡Ä¾ovstvo
     got: Dánske krá?ovstvo
 ; [cca2=DK].translations.srp.common
Expected: Ð”Ð°Ð½Ñ?ÐºÐ°
     got: ??????
 ; [cca2=DK].translations.srp.official
Expected: ÐšÑ€Ð°Ñ™ÐµÐ²Ð¸Ð½Ð° Ð”Ð°Ð½Ñ?ÐºÐ°
     got: ????????? ??????
 ; [cca2=DK].translations.tur.official
Expected: Danimarka KrallÄ±ÄŸÄ±
     got: Danimarka Krall???
 ; [cca2=DK].translations.urd.common
Expected: ÚˆÙ†Ù…Ø§Ø±Ú©
     got: ??????
 ; [cca2=DK].translations.urd.official
Expected: Ù…Ù…Ù„Ú©ØªÙ? ÚˆÙ†Ù…Ø§Ø±Ú©
     got: ?????? ??????
 ; [cca2=DK].translations.zho.common
Expected: ä¸¹éº¦
     got: ??
 ; [cca2=DK].translations.zho.official
Expected: ä¸¹éº¦çŽ‹å›½
     got: ????
 ; [cca2=DM].altSpellings[]
Expected: Waiâ€˜tu kubuli
     but none found
 ; [cca2=DM].altSpellings[]
Unexpected: Wai‘tu kubuli
 ; [cca2=DM].flag
Expected: ðŸ‡©ðŸ‡²
     got: ??
 ; [cca2=DM].translations.ara.common
Expected: Ø¯ÙˆÙ…ÙŠÙ†ÙŠÙƒØ§
     got: ????????
 ; [cca2=DM].translations.ara.official
Expected: ÙƒÙˆÙ…ÙˆÙ†ÙˆÙ„Ø« Ø¯ÙˆÙ…ÙŠÙ†ÙŠÙƒØ§
     got: ???????? ????????
 ; [cca2=DM].translations.ces.official
Expected: DominikÃ¡nskÃ© spoleÄ?enstvÃ­
     got: Dominikánské spole?enství
 ; [cca2=DM].translations.est.official
Expected: Dominica Ãœhendus
     got: Dominica Ühendus
 ; [cca2=DM].translations.hun.common
Expected: Dominikai KÃ¶zÃ¶ssÃ©g
     got: Dominikai Közösség
 ; [cca2=DM].translations.hun.official
Expected: Dominikai KÃ¶zÃ¶ssÃ©g
     got: Dominikai Közösség
 ; [cca2=DM].translations.jpn.common
Expected: ãƒ‰ãƒŸãƒ‹ã‚«å›½
     got: ?????
 ; [cca2=DM].translations.jpn.official
Expected: ãƒ‰ãƒŸãƒ‹ã‚«å›½
     got: ?????
 ; [cca2=DM].translations.kor.common
Expected: ë?„ë¯¸ë‹ˆì¹´ ê³µí™”êµ­
     got: ???? ???
 ; [cca2=DM].translations.kor.official
Expected: ë?„ë¯¸ë‹ˆì¹´ ê³µí™”êµ­
     got: ???? ???
 ; [cca2=DM].translations.per.common
Expected: Ø¯ÙˆÙ…ÛŒÙ†ÛŒÚ©Ø§
     got: ????????
 ; [cca2=DM].translations.per.official
Expected: Ù‚Ù„Ù…Ø±Ùˆ Ù‡Ù…Ø³ÙˆØ¯ Ø¯ÙˆÙ…ÛŒÙ†ÛŒÚ©Ø§
     got: ????? ????? ????????
 ; [cca2=DM].translations.pol.official
Expected: WspÃ³lnota Dominiki
     got: Wspólnota Dominiki
 ; [cca2=DM].translations.rus.common
Expected: Ð”Ð¾Ð¼Ð¸Ð½Ð¸ÐºÐ°
     got: ????????
 ; [cca2=DM].translations.rus.official
Expected: Ð¡Ð¾Ð´Ñ€ÑƒÐ¶ÐµÑ?Ñ‚Ð²Ð¾ Ð”Ð¾Ð¼Ð¸Ð½Ð¸ÐºÐ¸
     got: ??????????? ????????
 ; [cca2=DM].translations.slk.official
Expected: DominickÃ© spoloÄ?enstvo
     got: Dominické spolo?enstvo
 ; [cca2=DM].translations.srp.common
Expected: Ð”Ð¾Ð¼Ð¸Ð½Ð¸ÐºÐ°
     got: ????????
 ; [cca2=DM].translations.srp.official
Expected: ÐšÐ¾Ð¼Ð¾Ð½Ð²ÐµÐ»Ñ‚ Ð”Ð¾Ð¼Ð¸Ð½Ð¸ÐºÐ°
     got: ????????? ????????
 ; [cca2=DM].translations.swe.official
Expected: SamvÃ¤ldet Dominica
     got: Samväldet Dominica
 ; [cca2=DM].translations.tur.official
Expected: Dominika TopluluÄŸu
     got: Dominika Toplulu?u
 ; [cca2=DM].translations.urd.common
Expected: ÚˆÙˆÙ…ÛŒÙ†ÛŒÚ©Ø§
     got: ????????
 ; [cca2=DM].translations.urd.official
Expected: Ø¯ÙˆÙ„ØªÙ? Ù…Ø´ØªØ±Ú©Û? ÚˆÙˆÙ…ÛŒÙ†ÛŒÚ©Ø§
     got: ????? ?????? ????????
 ; [cca2=DM].translations.zho.common
Expected: å¤šç±³å°¼åŠ 
     got: ????
 ; [cca2=DM].translations.zho.official
Expected: å¤šç±³å°¼åŠ å…±å’Œå›½
     got: ???????
 ; [cca2=DO].flag
Expected: ðŸ‡©ðŸ‡´
     got: ??
 ; [cca2=DO].name.nativeName.spa.common
Expected: RepÃºblica Dominicana
     got: República Dominicana
 ; [cca2=DO].name.nativeName.spa.official
Expected: RepÃºblica Dominicana
     got: República Dominicana
 ; [cca2=DO].translations.ara.common
Expected: Ø¬Ù…Ù‡ÙˆØ±ÙŠØ© Ø§Ù„Ø¯ÙˆÙ…ÙŠÙ†ÙŠÙƒØ§Ù†
     got: ??????? ???????????
 ; [cca2=DO].translations.ara.official
Expected: Ø¬Ù…Ù‡ÙˆØ±ÙŠØ© Ø§Ù„Ø¯ÙˆÙ…ÙŠÙ†ÙŠÙƒØ§Ù†
     got: ??????? ???????????
 ; [cca2=DO].translations.ces.common
Expected: DominikÃ¡nskÃ¡ republika
     got: Dominikánská republika
 ; [cca2=DO].translations.ces.official
Expected: DominikÃ¡nskÃ¡ republika
     got: Dominikánská republika
 ; [cca2=DO].translations.fra.common
Expected: RÃ©publique dominicaine
     got: République dominicaine
 ; [cca2=DO].translations.fra.official
Expected: RÃ©publique Dominicaine
     got: République Dominicaine
 ; [cca2=DO].translations.hun.common
Expected: Dominikai KÃ¶ztÃ¡rsasÃ¡g
     got: Dominikai Köztársaság
 ; [cca2=DO].translations.hun.official
Expected: Dominikai KÃ¶ztÃ¡rsasÃ¡g
     got: Dominikai Köztársaság
 ; [cca2=DO].translations.jpn.common
Expected: ãƒ‰ãƒŸãƒ‹ã‚«å…±å’Œå›½
     got: ???????
 ; [cca2=DO].translations.jpn.official
Expected: ãƒ‰ãƒŸãƒ‹ã‚«å…±å’Œå›½
     got: ???????
 ; [cca2=DO].translations.kor.common
Expected: ë?„ë¯¸ë‹ˆì¹´ ê³µí™”êµ­
     got: ???? ???
 ; [cca2=DO].translations.kor.official
Expected: ë?„ë¯¸ë‹ˆì¹´ ê³µí™”êµ­
     got: ???? ???
 ; [cca2=DO].translations.per.common
Expected: Ø¬Ù…Ù‡ÙˆØ±ÛŒ Ø¯ÙˆÙ…ÛŒÙ†ÛŒÚ©Ù†
     got: ?????? ????????
 ; [cca2=DO].translations.per.official
Expected: Ø¬Ù…Ù‡ÙˆØ±ÛŒ Ø¯ÙˆÙ…ÛŒÙ†ÛŒÚ©Ù†
     got: ?????? ????????
 ; [cca2=DO].translations.pol.official
Expected: Republika DominikaÅ„ska
     got: Republika Dominika?ska
 ; [cca2=DO].translations.por.common
Expected: RepÃºblica Dominicana
     got: República Dominicana
 ; [cca2=DO].translations.por.official
Expected: RepÃºblica Dominicana
     got: República Dominicana
 ; [cca2=DO].translations.rus.common
Expected: Ð”Ð¾Ð¼Ð¸Ð½Ð¸ÐºÐ°Ð½Ñ?ÐºÐ°Ñ? Ð ÐµÑ?Ð¿ÑƒÐ±Ð»Ð¸ÐºÐ°
     got: ????????????? ??????????
 ; [cca2=DO].translations.rus.official
Expected: Ð”Ð¾Ð¼Ð¸Ð½Ð¸ÐºÐ°Ð½Ñ?ÐºÐ°Ñ? Ð ÐµÑ?Ð¿ÑƒÐ±Ð»Ð¸ÐºÐ°
     got: ????????????? ??????????
 ; [cca2=DO].translations.slk.common
Expected: DominikÃ¡nska republika
     got: Dominikánska republika
 ; [cca2=DO].translations.slk.official
Expected: DominikÃ¡nska republika
     got: Dominikánska republika
 ; [cca2=DO].translations.spa.common
Expected: RepÃºblica Dominicana
     got: República Dominicana
 ; [cca2=DO].translations.spa.official
Expected: RepÃºblica Dominicana
     got: República Dominicana
 ; [cca2=DO].translations.srp.common
Expected: Ð”Ð¾Ð¼Ð¸Ð½Ð¸ÐºÐ°Ð½Ð°
     got: ??????????
 ; [cca2=DO].translations.srp.official
Expected: Ð”Ð¾Ð¼Ð¸Ð½Ð¸ÐºÐ°Ð½Ñ?ÐºÐ° Ð ÐµÐ¿ÑƒÐ±Ð»Ð¸ÐºÐ°
     got: ???????????? ?????????
 ; [cca2=DO].translations.urd.common
Expected: ÚˆÙˆÙ…ÛŒÙ†ÛŒÚ©Ù†
     got: ????????
 ; [cca2=DO].translations.urd.official
Expected: Ø¬Ù…Û?ÙˆØ±ÛŒÛ? ÚˆÙˆÙ…ÛŒÙ†ÛŒÚ©Ù†
     got: ??????? ????????
 ; [cca2=DO].translations.zho.common
Expected: å¤šæ˜Žå°¼åŠ 
     got: ????
 ; [cca2=DO].translations.zho.official
Expected: å¤šæ˜Žå°¼åŠ å…±å’Œå›½
     got: ???????
 ; [cca2=UA].currencies.UAH.symbol
Expected: â‚´
     got: ?
 ; [cca2=UA].flag
Expected: ðŸ‡ºðŸ‡¦
     got: ??
 ; [cca2=UA].name.nativeName.ukr.common
Expected: Ð£ÐºÑ€Ð°Ñ—Ð½Ð°
     got: ???????
 ; [cca2=UA].name.nativeName.ukr.official
Expected: Ð£ÐºÑ€Ð°Ñ—Ð½Ð°
     got: ???????
 ; [cca2=UA].tld[]
Expected: .ÑƒÐºÑ€
     but none found
 ; [cca2=UA].tld[]
Unexpected: .???
 ; [cca2=UA].translations.ara.common
Expected: Ø£ÙˆÙƒØ±Ø§Ù†ÙŠØ§
     got: ????????
 ; [cca2=UA].translations.ara.official
Expected: Ø£ÙˆÙƒØ±Ø§Ù†ÙŠØ§
     got: ????????
 ; [cca2=UA].translations.jpn.common
Expected: ã‚¦ã‚¯ãƒ©ã‚¤ãƒŠ
     got: ?????
 ; [cca2=UA].translations.jpn.official
Expected: ã‚¦ã‚¯ãƒ©ã‚¤ãƒŠ
     got: ?????
 ; [cca2=UA].translations.kor.common
Expected: ìš°í?¬ë?¼ì?´ë‚˜
     got: ?????
 ; [cca2=UA].translations.kor.official
Expected: ìš°í?¬ë?¼ì?´ë‚˜
     got: ?????
 ; [cca2=UA].translations.nld.common
Expected: OekraÃ¯ne
     got: Oekraïne
 ; [cca2=UA].translations.nld.official
Expected: OekraÃ¯ne
     got: Oekraïne
 ; [cca2=UA].translations.per.common
Expected: Ø§ÙˆÚ©Ø±Ø§ÛŒÙ†
     got: ???????
 ; [cca2=UA].translations.per.official
Expected: Ø§ÙˆÚ©Ø±Ø§ÛŒÙ†
     got: ???????
 ; [cca2=UA].translations.por.common
Expected: UcrÃ¢nia
     got: Ucrânia
 ; [cca2=UA].translations.por.official
Expected: UcrÃ¢nia
     got: Ucrânia
 ; [cca2=UA].translations.rus.common
Expected: Ð£ÐºÑ€Ð°Ð¸Ð½Ð°
     got: ???????
 ; [cca2=UA].translations.rus.official
Expected: Ð£ÐºÑ€Ð°Ð¸Ð½Ð°
     got: ???????
 ; [cca2=UA].translations.srp.common
Expected: Ð£ÐºÑ€Ð°Ñ˜Ð¸Ð½Ð°
     got: ????????
 ; [cca2=UA].translations.srp.official
Expected: Ð£ÐºÑ€Ð°Ñ˜Ð¸Ð½Ð°
     got: ????????
 ; [cca2=UA].translations.urd.common
Expected: ÛŒÙˆÚ©Ø±ÛŒÙ†
     got: ??????
 ; [cca2=UA].translations.urd.official
Expected: ÛŒÙˆÚ©Ø±ÛŒÙ†
     got: ??????
 ; [cca2=UA].translations.zho.common
Expected: ä¹Œå…‹å…°
     got: ???
 ; [cca2=UA].translations.zho.official
Expected: ä¹Œå…‹å…°
     got: ???
 ; [cca2=UG].flag
Expected: ðŸ‡ºðŸ‡¬
     got: ??
 ; [cca2=UG].translations.ara.common
Expected: Ø£ÙˆØºÙ†Ø¯Ø§
     got: ??????
 ; [cca2=UG].translations.ara.official
Expected: Ø¬Ù…Ù‡ÙˆØ±ÙŠØ© Ø£ÙˆØºÙ†Ø¯Ø§
     got: ??????? ??????
 ; [cca2=UG].translations.ces.official
Expected: UgandskÃ¡ republika
     got: Ugandská republika
 ; [cca2=UG].translations.fra.official
Expected: RÃ©publique de l&#039;Ouganda
     got: République de l&#039;Ouganda
 ; [cca2=UG].translations.hun.official
Expected: Ugandai KÃ¶ztÃ¡rsasÃ¡g
     got: Ugandai Köztársaság
 ; [cca2=UG].translations.jpn.common
Expected: ã‚¦ã‚¬ãƒ³ãƒ€
     got: ????
 ; [cca2=UG].translations.jpn.official
Expected: ã‚¦ã‚¬ãƒ³ãƒ€å…±å’Œå›½
     got: ???????
 ; [cca2=UG].translations.kor.common
Expected: ìš°ê°„ë‹¤
     got: ???
 ; [cca2=UG].translations.kor.official
Expected: ìš°ê°„ë‹¤ ê³µí™”êµ­
     got: ??? ???
 ; [cca2=UG].translations.per.common
Expected: Ø§ÙˆÚ¯Ø§Ù†Ø¯Ø§
     got: ???????
 ; [cca2=UG].translations.per.official
Expected: Ø¬Ù…Ù‡ÙˆØ±ÛŒ Ø§ÙˆÚ¯Ø§Ù†Ø¯Ø§
     got: ?????? ???????
 ; [cca2=UG].translations.por.official
Expected: RepÃºblica do Uganda
     got: República do Uganda
 ; [cca2=UG].translations.rus.common
Expected: Ð£Ð³Ð°Ð½Ð´Ð°
     got: ??????
 ; [cca2=UG].translations.rus.official
Expected: Ð ÐµÑ?Ð¿ÑƒÐ±Ð»Ð¸ÐºÐ° Ð£Ð³Ð°Ð½Ð´Ð°
     got: ?????????? ??????
 ; [cca2=UG].translations.slk.official
Expected: UgandskÃ¡ republika
     got: Ugandská republika
 ; [cca2=UG].translations.spa.official
Expected: RepÃºblica de Uganda
     got: República de Uganda
 ; [cca2=UG].translations.srp.common
Expected: Ð£Ð³Ð°Ð½Ð´Ð°
     got: ??????
 ; [cca2=UG].translations.srp.official
Expected: Ð ÐµÐ¿ÑƒÐ±Ð»Ð¸ÐºÐ° Ð£Ð³Ð°Ð½Ð´Ð°
     got: ????????? ??????
 ; [cca2=UG].translations.urd.common
Expected: ÛŒÙˆÚ¯Ù†ÚˆØ§
     got: ??????
 ; [cca2=UG].translations.urd.official
Expected: Ø¬Ù…Û?ÙˆØ±ÛŒÛ? ÛŒÙˆÚ¯Ù†ÚˆØ§
     got: ??????? ??????
 ; [cca2=UG].translations.zho.common
Expected: ä¹Œå¹²è¾¾
     got: ???
 ; [cca2=UG].translations.zho.official
Expected: ä¹Œå¹²è¾¾å…±å’Œå›½
     got: ??????
 ; [cca2=DZ].altSpellings[]
Expected: AlgÃ©rie
     but none found
 ; [cca2=DZ].altSpellings[]
Unexpected: Algérie
 ; [cca2=DZ].currencies.DZD.symbol
Expected: Ø¯.Ø¬
     got: ?.?
 ; [cca2=DZ].demonyms.fra.f
Expected: AlgÃ©rienne
     got: Algérienne
 ; [cca2=DZ].demonyms.fra.m
Expected: AlgÃ©rien
     got: Algérien
 ; [cca2=DZ].flag
Expected: ðŸ‡©ðŸ‡¿
     got: ??
 ; [cca2=DZ].name.nativeName.ara.common
Expected: Ø§Ù„Ø¬Ø²Ø§Ø¦Ø±
     got: ???????
 ; [cca2=DZ].name.nativeName.ara.official
Expected: Ø§Ù„Ø¬Ù…Ù‡ÙˆØ±ÙŠØ© Ø§Ù„Ø¯ÙŠÙ…Ù‚Ø±Ø§Ø·ÙŠØ© Ø§Ù„Ø´Ø¹Ø¨ÙŠØ© Ø§Ù„Ø¬Ø²Ø§Ø¦Ø±ÙŠØ©
     got: ????????? ??????????? ??????? ?????????
 ; [cca2=DZ].tld[]
Expected: Ø§Ù„Ø¬Ø²Ø§Ø¦Ø±.
     but none found
 ; [cca2=DZ].tld[]
Unexpected: ???????.
 ; [cca2=DZ].translations.ara.common
Expected: Ø§Ù„Ø¬Ø²Ø§Ø¦Ø±
     got: ???????
 ; [cca2=DZ].translations.ara.official
Expected: Ø§Ù„Ø¬Ù…Ù‡ÙˆØ±ÙŠØ© Ø§Ù„Ø¯ÙŠÙ…Ù‚Ø±Ø§Ø·ÙŠØ© Ø§Ù„Ø´Ø¹Ø¨ÙŠØ© Ø§Ù„Ø¬Ø²Ø§Ø¦Ø±ÙŠØ©
     got: ????????? ??????????? ??????? ?????????
 ; [cca2=DZ].translations.ces.common
Expected: AlÅ¾Ã­rsko
     got: Alžírsko
 ; [cca2=DZ].translations.ces.official
Expected: AlÅ¾Ã­rskÃ¡ demokratickÃ¡ a lidovÃ¡ republika
     got: Alžírská demokratická a lidová republika
 ; [cca2=DZ].translations.est.common
Expected: AlÅ¾eeria
     got: Alžeeria
 ; [cca2=DZ].translations.est.official
Expected: AlÅ¾eeria Demokraatlik Rahvavabariik
     got: Alžeeria Demokraatlik Rahvavabariik
 ; [cca2=DZ].translations.fra.common
Expected: AlgÃ©rie
     got: Algérie
 ; [cca2=DZ].translations.fra.official
Expected: RÃ©publique dÃ©mocratique et populaire d&#039;AlgÃ©rie
     got: République démocratique et populaire d&#039;Algérie
 ; [cca2=DZ].translations.hrv.common
Expected: AlÅ¾ir
     got: Alžir
 ; [cca2=DZ].translations.hrv.official
Expected: Narodna Demokratska Republika AlÅ¾ir
     got: Narodna Demokratska Republika Alžir
 ; [cca2=DZ].translations.hun.common
Expected: AlgÃ©ria
     got: Algéria
 ; [cca2=DZ].translations.hun.official
Expected: AlgÃ©riai NÃ©pi Demokratikus KÃ¶ztÃ¡rsasÃ¡g
     got: Algériai Népi Demokratikus Köztársaság
 ; [cca2=DZ].translations.jpn.common
Expected: ã‚¢ãƒ«ã‚¸ã‚§ãƒªã‚¢
     got: ??????
 ; [cca2=DZ].translations.jpn.official
Expected: ã‚¢ãƒ«ã‚¸ã‚§ãƒªã‚¢äººæ°‘æ°‘ä¸»å…±å’Œå›½
     got: ?????????????
 ; [cca2=DZ].translations.kor.common
Expected: ì•Œì œë¦¬
     got: ???
 ; [cca2=DZ].translations.kor.official
Expected: ì•Œì œë¦¬ ì?¸ë¯¼ ë¯¼ì£¼ ê³µí™”êµ­
     got: ??? ?? ?? ???
 ; [cca2=DZ].translations.per.common
Expected: Ø§Ù„Ø¬Ø²Ø§ÛŒØ±
     got: ???????
 ; [cca2=DZ].translations.per.official
Expected: Ø¬Ù…Ù‡ÙˆØ±ÛŒ Ø¯Ù…ÙˆÚ©Ø±Ø§ØªÛŒÚ© Ø®Ù„Ù‚ Ø§Ù„Ø¬Ø²Ø§ÛŒØ±
     got: ?????? ????????? ??? ???????
 ; [cca2=DZ].translations.por.common
Expected: ArgÃ©lia
     got: Argélia
 ; [cca2=DZ].translations.por.official
Expected: RepÃºblica Argelina DemocrÃ¡tica e Popular
     got: República Argelina Democrática e Popular
 ; [cca2=DZ].translations.rus.common
Expected: Ð?Ð»Ð¶Ð¸Ñ€
     got: ?????
 ; [cca2=DZ].translations.rus.official
Expected: Ð?Ð°Ñ€Ð¾Ð´Ð½Ð¾-Ð”ÐµÐ¼Ð¾ÐºÑ€Ð°Ñ‚Ð¸Ñ‡ÐµÑ?ÐºÐ°Ñ? Ð ÐµÑ?Ð¿ÑƒÐ±Ð»Ð¸ÐºÐ° Ð?Ð»Ð¶Ð¸Ñ€
     got: ???????-??????????????? ?????????? ?????
 ; [cca2=DZ].translations.slk.common
Expected: AlÅ¾Ã­rsko
     got: Alžírsko
 ; [cca2=DZ].translations.slk.official
Expected: AlÅ¾Ã­rska demokratickÃ¡ Ä¾udovÃ¡ republika
     got: Alžírska demokratická ?udová republika
 ; [cca2=DZ].translations.spa.official
Expected: RepÃºblica Argelina DemocrÃ¡tica y Popular
     got: República Argelina Democrática y Popular
 ; [cca2=DZ].translations.srp.common
Expected: Ð?Ð»Ð¶Ð¸Ñ€
     got: ?????
 ; [cca2=DZ].translations.srp.official
Expected: Ð?Ð°Ñ€Ð¾Ð´Ð½Ð° Ð”ÐµÐ¼Ð¾ÐºÑ€Ð°Ñ‚Ñ?ÐºÐ° Ð ÐµÐ¿ÑƒÐ±Ð»Ð¸ÐºÐ° Ð?Ð»Ð¶Ð¸Ñ€
     got: ??????? ??????????? ????????? ?????
 ; [cca2=DZ].translations.urd.common
Expected: Ø§Ù„Ø¬Ø²Ø§Ø¦Ø±
     got: ???????
 ; [cca2=DZ].translations.urd.official
Expected: Ø¹ÙˆØ§Ù…ÛŒ Ø¬Ù…Û?ÙˆØ±ÛŒ Ø¬Ù…Û?ÙˆØ±ÛŒÛ? Ø§Ù„Ø¬Ø²Ø§Ø¦Ø±
     got: ????? ?????? ??????? ???????
 ; [cca2=DZ].translations.zho.common
Expected: é˜¿å°”å?Šåˆ©äºš
     got: ?????
 ; [cca2=DZ].translations.zho.official
Expected: é˜¿å°”å?Šåˆ©äºšäººæ°‘æ°‘ä¸»å…±å’Œå›½
     got: ????????????
 ; [cca2=UM].flag
Expected: ðŸ‡ºðŸ‡²
     got: ??
 ; [cca2=UM].translations.ara.common
Expected: Ø¬Ø²Ø± Ø§Ù„ÙˆÙ„Ø§ÙŠØ§Øª Ø§Ù„Ù…ØªØ­Ø¯Ø© Ø§Ù„ØµØºÙŠØ±Ø© Ø§Ù„Ù†Ø§Ø¦ÙŠØ©
     got: ??? ???????? ??????? ??????? ???????
 ; [cca2=UM].translations.ara.official
Expected: Ø¬Ø²Ø± Ø§Ù„ÙˆÙ„Ø§ÙŠØ§Øª Ø§Ù„Ù…ØªØ­Ø¯Ø© Ø§Ù„ØµØºÙŠØ±Ø© Ø§Ù„Ù†Ø§Ø¦ÙŠØ©
     got: ??? ???????? ??????? ??????? ???????
 ; [cca2=UM].translations.bre.common
Expected: Inizi Minor A-bell StadoÃ¹-Unanet
     got: Inizi Minor A-bell Stadoù-Unanet
 ; [cca2=UM].translations.bre.official
Expected: Inizi Minor A-bell StadoÃ¹-Unanet
     got: Inizi Minor A-bell Stadoù-Unanet
 ; [cca2=UM].translations.ces.common
Expected: MenÅ¡Ã­ odlehlÃ© ostrovy USA
     got: Menší odlehlé ostrovy USA
 ; [cca2=UM].translations.ces.official
Expected: MenÅ¡Ã­ odlehlÃ© ostrovy SpojenÃ½ch stÃ¡tÅ¯ americkÃ½ch
     got: Menší odlehlé ostrovy Spojených stát? amerických
 ; [cca2=UM].translations.est.common
Expected: Ãœhendriikide hajasaared
     got: Ühendriikide hajasaared
 ; [cca2=UM].translations.est.official
Expected: Ãœhendriikide vÃ¤ikesed hajasaared
     got: Ühendriikide väikesed hajasaared
 ; [cca2=UM].translations.fra.common
Expected: ÃŽles mineures Ã©loignÃ©es des Ã‰tats-Unis
     got: Îles mineures éloignées des États-Unis
 ; [cca2=UM].translations.fra.official
Expected: ÃŽles mineures Ã©loignÃ©es des Ã‰tats-Unis
     got: Îles mineures éloignées des États-Unis
 ; [cca2=UM].translations.hun.common
Expected: Az Amerikai EgyesÃ¼lt Ã?llamok lakatlan kÃ¼lbirtokai
     got: Az Amerikai Egyesült Államok lakatlan külbirtokai
 ; [cca2=UM].translations.hun.official
Expected: Az Amerikai EgyesÃ¼lt Ã?llamok lakatlan kÃ¼lbirtokai
     got: Az Amerikai Egyesült Államok lakatlan külbirtokai
 ; [cca2=UM].translations.jpn.common
Expected: å?ˆè¡†å›½é ˜æœ‰å°?é›¢å³¶
     got: ????????
 ; [cca2=UM].translations.jpn.official
Expected: ã‚¢ãƒ¡ãƒªã‚«å?ˆè¡†å›½å¤–è«¸å³¶
     got: ??????????
 ; [cca2=UM].translations.kor.common
Expected: ë¯¸êµ­ë ¹ êµ°ì†Œ ì œë?„
     got: ??? ?? ??
 ; [cca2=UM].translations.kor.official
Expected: ë¯¸êµ­ë ¹ êµ°ì†Œ ì œë?„
     got: ??? ?? ??
 ; [cca2=UM].translations.per.common
Expected: Ø¬Ø²Ø§ÛŒØ± Ú©ÙˆÚ†Ú© Ø­Ø§Ø´ÛŒÙ‡â€ŒØ§ÛŒ Ø§ÛŒØ§Ù„Ø§Øª Ù…ØªØ­Ø¯Ù‡ Ø¢Ù…Ø±ÛŒÚ©Ø§
     got: ????? ???? ???????? ?????? ????? ??????
 ; [cca2=UM].translations.per.official
Expected: Ø¬Ø²Ø§ÛŒØ± Ú©ÙˆÚ†Ú© Ø­Ø§Ø´ÛŒÙ‡â€ŒØ§ÛŒ Ø§ÛŒØ§Ù„Ø§Øª Ù…ØªØ­Ø¯Ù‡ Ø¢Ù…Ø±ÛŒÚ©Ø§
     got: ????? ???? ???????? ?????? ????? ??????
 ; [cca2=UM].translations.pol.common
Expected: Dalekie Wyspy Mniejsze StanÃ³w Zjednoczonych
     got: Dalekie Wyspy Mniejsze Stanów Zjednoczonych
 ; [cca2=UM].translations.pol.official
Expected: Dalekie Wyspy Mniejsze StanÃ³w Zjednoczonych
     got: Dalekie Wyspy Mniejsze Stanów Zjednoczonych
 ; [cca2=UM].translations.rus.common
Expected: Ð’Ð½ÐµÑˆÐ½Ð¸Ðµ Ð¼Ð°Ð»Ñ‹Ðµ Ð¾Ñ?Ñ‚Ñ€Ð¾Ð²Ð° Ð¡Ð¨Ð?
     got: ??????? ????? ??????? ???
 ; [cca2=UM].translations.rus.official
Expected: Ð’Ð½ÐµÑˆÐ½Ð¸Ðµ Ð¼Ð°Ð»Ñ‹Ðµ Ð¾Ñ?Ñ‚Ñ€Ð¾Ð²Ð° Ð¡Ð¨Ð?
     got: ??????? ????? ??????? ???
 ; [cca2=UM].translations.slk.common
Expected: MenÅ¡ie odÄ¾ahlÃ© ostrovy USA
     got: Menšie od?ahlé ostrovy USA
 ; [cca2=UM].translations.slk.official
Expected: MenÅ¡ie odÄ¾ahlÃ© ostrovy SpjoenÃ½ch Å¡tÃ¡tov
     got: Menšie od?ahlé ostrovy Spjoených štátov
 ; [cca2=UM].translations.srp.common
Expected: ÐœÐ°Ð»Ð° Ñ?Ð¿Ð¾Ñ™Ð½Ð° Ð¾Ñ?Ñ‚Ñ€Ð²Ð° Ð¡Ñ˜ÐµÐ´Ð¸ÑšÐµÐ½Ð¸Ñ… Ð?Ð¼ÐµÑ€Ð¸Ñ‡ÐºÐ¸Ñ… Ð”Ñ€Ð¶Ð°Ð²Ð°
     got: ???? ?????? ?????? ?????????? ????????? ??????
 ; [cca2=UM].translations.srp.official
Expected: ÐœÐ°Ð»Ð° Ñ?Ð¿Ð¾Ñ™Ð½Ð° Ð¾Ñ?Ñ‚Ñ€Ð²Ð° Ð¡Ñ˜ÐµÐ´Ð¸ÑšÐµÐ½Ð¸Ñ… Ð?Ð¼ÐµÑ€Ð¸Ñ‡ÐºÐ¸Ñ… Ð”Ñ€Ð¶Ð°Ð²Ð°
     got: ???? ?????? ?????? ?????????? ????????? ??????
 ; [cca2=UM].translations.swe.common
Expected: FÃ¶renta staternas mindre Ã¶ar i Oceanien och VÃ¤stindien
     got: Förenta staternas mindre öar i Oceanien och Västindien
 ; [cca2=UM].translations.swe.official
Expected: FÃ¶renta staternas mindre Ã¶ar i Oceanien och VÃ¤stindien
     got: Förenta staternas mindre öar i Oceanien och Västindien
 ; [cca2=UM].translations.tur.common
Expected: Amerika BirleÅŸik Devletleri KÃ¼Ã§Ã¼k DÄ±ÅŸ AdalarÄ±
     got: Amerika Birle?ik Devletleri Küçük D?? Adalar?
 ; [cca2=UM].translations.tur.official
Expected: Amerika BirleÅŸik Devletleri KÃ¼Ã§Ã¼k DÄ±ÅŸ AdalarÄ±
     got: Amerika Birle?ik Devletleri Küçük D?? Adalar?
 ; [cca2=UM].translations.urd.common
Expected: Ø§Ù…Ø±ÛŒÚ©ÛŒ Ú†Ú¾ÙˆÙ¹Û’ Ø¨ÛŒØ±ÙˆÙ†ÛŒ Ø¬Ø²Ø§Ø¦Ø±
     got: ?????? ????? ?????? ?????
 ; [cca2=UM].translations.urd.official
Expected: Ø§Ù…Ø±ÛŒÚ©ÛŒ Ú†Ú¾ÙˆÙ¹Û’ Ø¨ÛŒØ±ÙˆÙ†ÛŒ Ø¬Ø²Ø§Ø¦Ø±
     got: ?????? ????? ?????? ?????
 ; [cca2=UM].translations.zho.common
Expected: ç¾Žå›½æœ¬åœŸå¤–å°?å²›å±¿
     got: ????????
 ; [cca2=UM].translations.zho.official
Expected: ç¾Žå›½æœ¬åœŸå¤–å°?å²›å±¿
     got: ????????
 ; [cca2=US].demonyms.fra.f
Expected: AmÃ©ricaine
     got: Américaine
 ; [cca2=US].demonyms.fra.m
Expected: AmÃ©ricain
     got: Américain
 ; [cca2=US].flag
Expected: ðŸ‡ºðŸ‡¸
     got: ??
 ; [cca2=US].translations.ara.common
Expected: Ø§Ù„ÙˆÙ„Ø§ÙŠØ§Øª Ø§Ù„Ù…ØªØ­Ø¯Ø©
     got: ???????? ???????
 ; [cca2=US].translations.ara.official
Expected: Ø§Ù„ÙˆÙ„Ø§ÙŠØ§Øª Ø§Ù„Ù…ØªØ­Ø¯Ø© Ø§Ù„Ø§Ù…Ø±ÙŠÙƒÙŠØ©
     got: ???????? ??????? ?????????
 ; [cca2=US].translations.bre.common
Expected: StadoÃ¹-Unanet
     got: Stadoù-Unanet
 ; [cca2=US].translations.bre.official
Expected: StadoÃ¹-Unanet Amerika
     got: Stadoù-Unanet Amerika
 ; [cca2=US].translations.ces.common
Expected: SpojenÃ© stÃ¡ty
     got: Spojené státy
 ; [cca2=US].translations.ces.official
Expected: SpojenÃ© stÃ¡ty americkÃ©
     got: Spojené státy americké
 ; [cca2=US].translations.est.common
Expected: Ameerika Ãœhendriigid
     got: Ameerika Ühendriigid
 ; [cca2=US].translations.est.official
Expected: Ameerika Ãœhendriigid
     got: Ameerika Ühendriigid
 ; [cca2=US].translations.fra.common
Expected: Ã‰tats-Unis
     got: États-Unis
 ; [cca2=US].translations.fra.official
Expected: Les Ã©tats-unis d&#039;AmÃ©rique
     got: Les états-unis d&#039;Amérique
 ; [cca2=US].translations.hrv.common
Expected: Sjedinjene AmeriÄ?ke DrÅ¾ave
     got: Sjedinjene Ameri?ke Države
 ; [cca2=US].translations.hrv.official
Expected: Sjedinjene DrÅ¾ave Amerike
     got: Sjedinjene Države Amerike
 ; [cca2=US].translations.hun.common
Expected: Amerikai EgyesÃ¼lt Ã?llamok
     got: Amerikai Egyesült Államok
 ; [cca2=US].translations.hun.official
Expected: Amerikai EgyesÃ¼lt Ã?llamok
     got: Amerikai Egyesült Államok
 ; [cca2=US].translations.jpn.common
Expected: ã‚¢ãƒ¡ãƒªã‚«å?ˆè¡†å›½
     got: ???????
 ; [cca2=US].translations.jpn.official
Expected: ã‚¢ãƒ¡ãƒªã‚«å?ˆè¡†å›½
     got: ???????
 ; [cca2=US].translations.kor.common
Expected: ë¯¸êµ­
     got: ??
 ; [cca2=US].translations.kor.official
Expected: ì•„ë©”ë¦¬ì¹´ í•©ì¤‘êµ­
     got: ???? ???
 ; [cca2=US].translations.per.common
Expected: Ø§ÛŒØ§Ù„Ø§Øª Ù…ØªØ­Ø¯Ù‡ Ø¢Ù…Ø±ÛŒÚ©Ø§
     got: ?????? ????? ??????
 ; [cca2=US].translations.per.official
Expected: Ø§ÛŒØ§Ù„Ø§Øª Ù…ØªØ­Ø¯Ù‡ Ø¢Ù…Ø±ÛŒÚ©Ø§
     got: ?????? ????? ??????
 ; [cca2=US].translations.por.official
Expected: Estados Unidos da AmÃ©rica
     got: Estados Unidos da América
 ; [cca2=US].translations.rus.common
Expected: Ð¡Ð¾ÐµÐ´Ð¸Ð½Ñ‘Ð½Ð½Ñ‹Ðµ Ð¨Ñ‚Ð°Ñ‚Ñ‹ Ð?Ð¼ÐµÑ€Ð¸ÐºÐ¸
     got: ??????????? ????? ???????
 ; [cca2=US].translations.rus.official
Expected: Ð¡Ð¾ÐµÐ´Ð¸Ð½ÐµÐ½Ð½Ñ‹Ðµ Ð¨Ñ‚Ð°Ñ‚Ñ‹ Ð?Ð¼ÐµÑ€Ð¸ÐºÐ¸
     got: ??????????? ????? ???????
 ; [cca2=US].translations.slk.common
Expected: SpojenÃ© Å¡tÃ¡ty americkÃ©
     got: Spojené štáty americké
 ; [cca2=US].translations.slk.official
Expected: SpojenÃ© Å¡tÃ¡ty AmerickÃ©
     got: Spojené štáty Americké
 ; [cca2=US].translations.spa.official
Expected: Estados Unidos de AmÃ©rica
     got: Estados Unidos de América
 ; [cca2=US].translations.srp.common
Expected: Ð¡Ñ˜ÐµÐ´Ð¸ÑšÐµÐ½Ðµ Ð?Ð¼ÐµÑ€Ð¸Ñ‡ÐºÐµ Ð”Ñ€Ð¶Ð°Ð²Ðµ
     got: ????????? ???????? ??????
 ; [cca2=US].translations.srp.official
Expected: Ð¡Ñ˜ÐµÐ´Ð¸ÑšÐµÐ½Ðµ Ð?Ð¼ÐµÑ€Ð¸Ñ‡ÐºÐµ Ð”Ñ€Ð¶Ð°Ð²Ðµ
     got: ????????? ???????? ??????
 ; [cca2=US].translations.swe.official
Expected: Amerikas fÃ¶renta stater
     got: Amerikas förenta stater
 ; [cca2=US].translations.tur.common
Expected: Amerika BirleÅŸik Devletleri
     got: Amerika Birle?ik Devletleri
 ; [cca2=US].translations.tur.official
Expected: Amerika BirleÅŸik Devletleri
     got: Amerika Birle?ik Devletleri
 ; [cca2=US].translations.urd.common
Expected: Ø±ÛŒØ§Ø³ØªÛ?Ø§Ø¦Û’ Ù…ØªØ­Ø¯Û?
     got: ????????? ?????
 ; [cca2=US].translations.urd.official
Expected: Ø±ÛŒØ§Ø³ØªÛ?Ø§Ø¦Û’ Ù…ØªØ­Ø¯Û? Ø§Ù…Ø±ÛŒÚ©Ø§
     got: ????????? ????? ??????
 ; [cca2=US].translations.zho.common
Expected: ç¾Žå›½
     got: ??
 ; [cca2=US].translations.zho.official
Expected: ç¾Žåˆ©å?šå?ˆä¼—å›½
     got: ??????
 ; [cca2=EC].altSpellings[]
Expected: RepÃºblica del Ecuador
     but none found
 ; [cca2=EC].altSpellings[]
Unexpected: República del Ecuador
 ; [cca2=EC].demonyms.fra.f
Expected: Ã‰quatorienne
     got: Équatorienne
 ; [cca2=EC].demonyms.fra.m
Expected: Ã‰quatorien
     got: Équatorien
 ; [cca2=EC].flag
Expected: ðŸ‡ªðŸ‡¨
     got: ??
 ; [cca2=EC].name.nativeName.spa.official
Expected: RepÃºblica del Ecuador
     got: República del Ecuador
 ; [cca2=EC].translations.ara.common
Expected: Ø§Ù„Ø¥ÙƒÙˆØ§Ø¯ÙˆØ±
     got: ?????????
 ; [cca2=EC].translations.ara.official
Expected: Ø¬Ù…Ù‡ÙˆØ±ÙŠØ© Ø§Ù„Ø¥ÙƒÙˆØ§Ø¯ÙˆØ±
     got: ??????? ?????????
 ; [cca2=EC].translations.ces.common
Expected: EkvÃ¡dor
     got: Ekvádor
 ; [cca2=EC].translations.ces.official
Expected: EkvÃ¡dorskÃ¡ republika
     got: Ekvádorská republika
 ; [cca2=EC].translations.fra.common
Expected: Ã‰quateur
     got: Équateur
 ; [cca2=EC].translations.fra.official
Expected: RÃ©publique de l&#039;Ã‰quateur
     got: République de l&#039;Équateur
 ; [cca2=EC].translations.hun.official
Expected: Ecuadori KÃ¶ztÃ¡rsasÃ¡g
     got: Ecuadori Köztársaság
 ; [cca2=EC].translations.jpn.common
Expected: ã‚¨ã‚¯ã‚¢ãƒ‰ãƒ«
     got: ?????
 ; [cca2=EC].translations.jpn.official
Expected: ã‚¨ã‚¯ã‚¢ãƒ‰ãƒ«å…±å’Œå›½
     got: ????????
 ; [cca2=EC].translations.kor.common
Expected: ì—?ì½°ë?„ë¥´
     got: ????
 ; [cca2=EC].translations.kor.official
Expected: ì—?ì½°ë?„ë¥´ ê³µí™”êµ­
     got: ???? ???
 ; [cca2=EC].translations.per.common
Expected: Ø§Ú©ÙˆØ§Ø¯ÙˆØ±
     got: ???????
 ; [cca2=EC].translations.per.official
Expected: Ø¬Ù…Ù‡ÙˆØ±ÛŒ Ø§Ú©ÙˆØ§Ø¯ÙˆØ±
     got: ?????? ???????
 ; [cca2=EC].translations.por.official
Expected: RepÃºblica do Equador
     got: República do Equador
 ; [cca2=EC].translations.rus.common
Expected: Ð­ÐºÐ²Ð°Ð´Ð¾Ñ€
     got: ???????
 ; [cca2=EC].translations.rus.official
Expected: Ð ÐµÑ?Ð¿ÑƒÐ±Ð»Ð¸ÐºÐ° Ð­ÐºÐ²Ð°Ð´Ð¾Ñ€
     got: ?????????? ???????
 ; [cca2=EC].translations.slk.common
Expected: EkvÃ¡dor
     got: Ekvádor
 ; [cca2=EC].translations.slk.official
Expected: EkvÃ¡dorskÃ¡ republika
     got: Ekvádorská republika
 ; [cca2=EC].translations.spa.official
Expected: RepÃºblica del Ecuador
     got: República del Ecuador
 ; [cca2=EC].translations.srp.common
Expected: Ð•ÐºÐ²Ð°Ð´Ð¾Ñ€
     got: ???????
 ; [cca2=EC].translations.srp.official
Expected: Ð ÐµÐ¿ÑƒÐ±Ð»Ð¸ÐºÐ° Ð•ÐºÐ²Ð°Ð´Ð¾Ñ€
     got: ????????? ???????
 ; [cca2=EC].translations.urd.common
Expected: Ø§ÛŒÚ©ÙˆØ§ÚˆÙˆØ±
     got: ????????
 ; [cca2=EC].translations.urd.official
Expected: Ø¬Ù…Û?ÙˆØ±ÛŒÛ? Ø§ÛŒÚ©ÙˆÚˆÙˆØ±
     got: ??????? ???????
 ; [cca2=EC].translations.zho.common
Expected: åŽ„ç“œå¤šå°”
     got: ????
 ; [cca2=EC].translations.zho.official
Expected: åŽ„ç“œå¤šå°”å…±å’Œå›½
     got: ???????
 ; [cca2=EE].currencies.EUR.symbol
Expected: â‚¬
     got: €
 ; [cca2=EE].flag
Expected: ðŸ‡ªðŸ‡ª
     got: ??
 ; [cca2=EE].translations.ara.common
Expected: Ø¥Ø³ØªÙˆÙ†ÙŠØ§
     got: ???????
 ; [cca2=EE].translations.ara.official
Expected: Ø¬Ù…Ù‡ÙˆØ±ÙŠØ© Ø¥Ø³ØªÙˆÙ†ÙŠØ§
     got: ??????? ???????
 ; [cca2=EE].translations.ces.official
Expected: EstonskÃ¡ republika
     got: Estonská republika
 ; [cca2=EE].translations.fra.official
Expected: RÃ©publique d&#039;Estonie
     got: République d&#039;Estonie
 ; [cca2=EE].translations.hun.common
Expected: Ã‰sztorszÃ¡g
     got: Észtország
 ; [cca2=EE].translations.hun.official
Expected: Ã‰szt KÃ¶ztÃ¡rsasÃ¡g
     got: Észt Köztársaság
 ; [cca2=EE].translations.jpn.common
Expected: ã‚¨ã‚¹ãƒˆãƒ‹ã‚¢
     got: ?????
 ; [cca2=EE].translations.jpn.official
Expected: ã‚¨ã‚¹ãƒˆãƒ‹ã‚¢å…±å’Œå›½
     got: ????????
 ; [cca2=EE].translations.kor.common
Expected: ì—?ìŠ¤í† ë‹ˆì•„
     got: ?????
 ; [cca2=EE].translations.kor.official
Expected: ì—?ìŠ¤í† ë‹ˆì•„ ê³µí™”êµ­
     got: ????? ???
 ; [cca2=EE].translations.per.common
Expected: Ø§Ù?Ø³ØªÙˆÙ†ÛŒ
     got: ???????
 ; [cca2=EE].translations.per.official
Expected: Ø¬Ù…Ù‡ÙˆØ±ÛŒ Ø§Ø³ØªÙˆÙ†ÛŒ
     got: ?????? ??????
 ; [cca2=EE].translations.pol.official
Expected: Republika EstoÅ„ska
     got: Republika Esto?ska
 ; [cca2=EE].translations.por.common
Expected: EstÃ³nia
     got: Estónia
 ; [cca2=EE].translations.por.official
Expected: RepÃºblica da EstÃ³nia
     got: República da Estónia
 ; [cca2=EE].translations.rus.common
Expected: Ð­Ñ?Ñ‚Ð¾Ð½Ð¸Ñ?
     got: ???????
 ; [cca2=EE].translations.rus.official
Expected: Ð­Ñ?Ñ‚Ð¾Ð½Ñ?ÐºÐ°Ñ? Ð ÐµÑ?Ð¿ÑƒÐ±Ð»Ð¸ÐºÐ°
     got: ????????? ??????????
 ; [cca2=EE].translations.slk.common
Expected: EstÃ³nsko
     got: Estónsko
 ; [cca2=EE].translations.slk.official
Expected: EstÃ³nska republika
     got: Estónska republika
 ; [cca2=EE].translations.spa.official
Expected: RepÃºblica de Estonia
     got: República de Estonia
 ; [cca2=EE].translations.srp.common
Expected: Ð•Ñ?Ñ‚Ð¾Ð½Ð¸Ñ˜Ð°
     got: ????????
 ; [cca2=EE].translations.srp.official
Expected: Ð•Ñ?Ñ‚Ð¾Ð½Ñ?ÐºÐ° Ð ÐµÐ¿ÑƒÐ±Ð»Ð¸ÐºÐ°
     got: ???????? ?????????
 ; [cca2=EE].translations.urd.common
Expected: Ø§Ø³Ù¹ÙˆÙ†ÛŒØ§
     got: ???????
 ; [cca2=EE].translations.urd.official
Expected: Ø¬Ù…Û?ÙˆØ±ÛŒÛ? Ø§Ø³Ù¹ÙˆÙ†ÛŒØ§
     got: ??????? ???????
 ; [cca2=EE].translations.zho.common
Expected: çˆ±æ²™å°¼äºš
     got: ????
 ; [cca2=EE].translations.zho.official
Expected: çˆ±æ²™å°¼äºšå…±å’Œå›½
     got: ???????
 ; [cca2=EG].currencies.EGP.symbol
Expected: Â£
     got: £
 ; [cca2=EG].demonyms.fra.f
Expected: Ã‰gyptienne
     got: Égyptienne
 ; [cca2=EG].demonyms.fra.m
Expected: Ã‰gyptien
     got: Égyptien
 ; [cca2=EG].flag
Expected: ðŸ‡ªðŸ‡¬
     got: ??
 ; [cca2=EG].flags.alt
Expected: The flag of Egypt is composed of three equal horizontal bands of red, white and black, with Egypt&#039;s national emblem â€” a hoist-side facing gold eagle of Saladin â€” centered in the white band.
     got: The flag of Egypt is composed of three equal horizontal bands of red, white and black, with Egypt&#039;s national emblem — a hoist-side facing gold eagle of Saladin — centered in the white band.
 ; [cca2=EG].name.nativeName.ara.common
Expected: Ù…ØµØ±
     got: ???
 ; [cca2=EG].name.nativeName.ara.official
Expected: Ø¬Ù…Ù‡ÙˆØ±ÙŠØ© Ù…ØµØ± Ø§Ù„Ø¹Ø±Ø¨ÙŠØ©
     got: ??????? ??? ???????
 ; [cca2=EG].tld[]
Expected: .Ù…ØµØ±
     but none found
 ; [cca2=EG].tld[]
Unexpected: .???
 ; [cca2=EG].translations.ara.common
Expected: Ù…ØµØ±
     got: ???
 ; [cca2=EG].translations.ara.official
Expected: Ø¬Ù…Ù‡ÙˆØ±ÙŠØ© Ù…ØµØ± Ø§Ù„Ø¹Ø±Ø¨ÙŠØ©
     got: ??????? ??? ???????
 ; [cca2=EG].translations.ces.official
Expected: EgyptskÃ¡ arabskÃ¡ republika
     got: Egyptská arabská republika
 ; [cca2=EG].translations.deu.common
Expected: Ã„gypten
     got: Ägypten
 ; [cca2=EG].translations.deu.official
Expected: Arabische Republik Ã„gypten
     got: Arabische Republik Ägypten
 ; [cca2=EG].translations.fra.common
Expected: Ã‰gypte
     got: Égypte
 ; [cca2=EG].translations.fra.official
Expected: RÃ©publique arabe d&#039;Ã‰gypte
     got: République arabe d&#039;Égypte
 ; [cca2=EG].translations.hun.official
Expected: Egyiptomi Arab KÃ¶ztÃ¡rsasÃ¡g
     got: Egyiptomi Arab Köztársaság
 ; [cca2=EG].translations.jpn.common
Expected: ã‚¨ã‚¸ãƒ—ãƒˆ
     got: ????
 ; [cca2=EG].translations.jpn.official
Expected: ã‚¨ã‚¸ãƒ—ãƒˆÂ·ã‚¢ãƒ©ãƒ–å…±å’Œå›½
     got: ????·??????
 ; [cca2=EG].translations.kor.common
Expected: ì?´ì§‘íŠ¸
     got: ???
 ; [cca2=EG].translations.kor.official
Expected: ì?´ì§‘íŠ¸ ì•„ëž? ê³µí™”êµ­
     got: ??? ?? ???
 ; [cca2=EG].translations.per.common
Expected: Ù…ØµØ±
     got: ???
 ; [cca2=EG].translations.per.official
Expected: Ø¬Ù…Ù‡ÙˆØ±ÛŒ Ø¹Ø±Ø¨ÛŒ Ù…ØµØ±
     got: ?????? ???? ???
 ; [cca2=EG].translations.por.official
Expected: RepÃºblica Ã?rabe do Egipto
     got: República Árabe do Egipto
 ; [cca2=EG].translations.rus.common
Expected: Ð•Ð³Ð¸Ð¿ÐµÑ‚
     got: ??????
 ; [cca2=EG].translations.rus.official
Expected: Ð?Ñ€Ð°Ð±Ñ?ÐºÐ°Ñ? Ð ÐµÑ?Ð¿ÑƒÐ±Ð»Ð¸ÐºÐ° Ð•Ð³Ð¸Ð¿ÐµÑ‚
     got: ???????? ?????????? ??????
 ; [cca2=EG].translations.slk.official
Expected: EgyptskÃ¡ arabskÃ¡ republika
     got: Egyptská arabská republika
 ; [cca2=EG].translations.spa.official
Expected: RepÃºblica Ã?rabe de Egipto
     got: República Árabe de Egipto
 ; [cca2=EG].translations.srp.common
Expected: Ð•Ð³Ð¸Ð¿Ð°Ñ‚
     got: ??????
 ; [cca2=EG].translations.srp.official
Expected: Ð?Ñ€Ð°Ð¿Ñ?ÐºÐ° Ð ÐµÐ¿ÑƒÐ±Ð»Ð¸ÐºÐ° Ð•Ð³Ð¸Ð¿Ð°Ñ‚
     got: ??????? ????????? ??????
 ; [cca2=EG].translations.tur.common
Expected: MÄ±sÄ±r
     got: M?s?r
 ; [cca2=EG].translations.tur.official
Expected: MÄ±sÄ±r Arap Cumhuriyeti
     got: M?s?r Arap Cumhuriyeti
 ; [cca2=EG].translations.urd.common
Expected: Ù…ØµØ±
     got: ???
 ; [cca2=EG].translations.urd.official
Expected: Ù…ØµØ±ÛŒ Ø¹Ø±Ø¨ Ø¬Ù…Û?ÙˆØ±ÛŒÛ?
     got: ???? ??? ???????
 ; [cca2=EG].translations.zho.common
Expected: åŸƒå?Š
     got: ??
 ; [cca2=EG].translations.zho.official
Expected: é˜¿æ‹‰ä¼¯åŸƒå?Šå…±å’Œå›½
     got: ????????
 ; [cca2=EH].altSpellings[]
Expected: Taneáº“roft Tutrimt
     but none found
 ; [cca2=EH].altSpellings[]
Unexpected: Tane?roft Tutrimt
 ; [cca2=EH].capital[]
Expected: El AaiÃºn
     but none found
 ; [cca2=EH].capital[]
Unexpected: El Aaiún
 ; [cca2=EH].currencies.DZD.symbol
Expected: Ø¯Ø¬
     got: ??
 ; [cca2=EH].flag
Expected: ðŸ‡ªðŸ‡­
     got: ??
 ; [cca2=EH].name.nativeName.mey.common
Expected: Ø§Ù„ØµØ­Ø±Ø§Ø¡ Ø§Ù„ØºØ±Ø¨ÙŠØ©
     got: ??????? ???????
 ; [cca2=EH].name.nativeName.mey.official
Expected: Ø§Ù„Ø¬Ù…Ù‡ÙˆØ±ÙŠØ© Ø§Ù„Ø¹Ø±Ø¨ÙŠØ© Ø§Ù„ØµØ­Ø±Ø§ÙˆÙŠØ© Ø§Ù„Ø¯ÙŠÙ…Ù‚Ø±Ø§Ø·ÙŠØ©
     got: ????????? ??????? ????????? ???????????
 ; [cca2=EH].name.nativeName.spa.official
Expected: RepÃºblica Ã?rabe Saharaui DemocrÃ¡tica
     got: República Árabe Saharaui Democrática
 ; [cca2=EH].translations.ara.common
Expected: Ø§Ù„ØµØ­Ø±Ø§Ø¡ Ø§Ù„ØºØ±Ø¨ÙŠØ©
     got: ??????? ???????
 ; [cca2=EH].translations.ara.official
Expected: Ø§Ù„Ø¬Ù…Ù‡ÙˆØ±ÙŠØ© Ø§Ù„Ø¹Ø±Ø¨ÙŠØ© Ø§Ù„ØµØ­Ø±Ø§ÙˆÙŠØ© Ø§Ù„Ø¯ÙŠÙ…Ù‚Ø±Ø§Ø·ÙŠØ©
     got: ????????? ??????? ????????? ???????????
 ; [cca2=EH].translations.bre.common
Expected: Sahara ar C&#039;hornÃ´g
     got: Sahara ar C&#039;hornôg
 ; [cca2=EH].translations.ces.common
Expected: ZÃ¡padnÃ­ Sahara
     got: Západní Sahara
 ; [cca2=EH].translations.ces.official
Expected: ZÃ¡padnÃ­ Sahara
     got: Západní Sahara
 ; [cca2=EH].translations.est.common
Expected: LÃ¤Ã¤ne-Sahara
     got: Lääne-Sahara
 ; [cca2=EH].translations.est.official
Expected: LÃ¤Ã¤ne-Sahara
     got: Lääne-Sahara
 ; [cca2=EH].translations.fin.common
Expected: LÃ¤nsi-Sahara
     got: Länsi-Sahara
 ; [cca2=EH].translations.fin.official
Expected: LÃ¤nsi-Sahara
     got: Länsi-Sahara
 ; [cca2=EH].translations.fra.official
Expected: RÃ©publique arabe sahraouie dÃ©mocratique
     got: République arabe sahraouie démocratique
 ; [cca2=EH].translations.jpn.common
Expected: è¥¿ã‚µãƒ?ãƒ©
     got: ????
 ; [cca2=EH].translations.jpn.official
Expected: ã‚µãƒ?ãƒ©ã‚¢ãƒ©ãƒ–æ°‘ä¸»å…±å’Œå›½
     got: ???????????
 ; [cca2=EH].translations.kor.common
Expected: ì„œì‚¬í•˜ë?¼
     got: ????
 ; [cca2=EH].translations.kor.official
Expected: ì‚¬í•˜ë?¼ ì•„ëž? ë¯¼ì£¼ ê³µí™”êµ­
     got: ??? ?? ?? ???
 ; [cca2=EH].translations.per.common
Expected: ØµØ­Ø±Ø§ÛŒ ØºØ±Ø¨ÛŒ
     got: ????? ????
 ; [cca2=EH].translations.per.official
Expected: ØµØ­Ø±Ø§ÛŒ ØºØ±Ø¨ÛŒ
     got: ????? ????
 ; [cca2=EH].translations.por.official
Expected: RepÃºblica Ã?rabe Saharaui DemocrÃ¡tica
     got: República Árabe Saharaui Democrática
 ; [cca2=EH].translations.rus.common
Expected: Ð—Ð°Ð¿Ð°Ð´Ð½Ð°Ñ? Ð¡Ð°Ñ…Ð°Ñ€Ð°
     got: ???????? ??????
 ; [cca2=EH].translations.rus.official
Expected: Sahrawi Ð?Ñ€Ð°Ð±Ñ?ÐºÐ°Ñ? Ð”ÐµÐ¼Ð¾ÐºÑ€Ð°Ñ‚Ð¸Ñ‡ÐµÑ?ÐºÐ°Ñ? Ð ÐµÑ?Ð¿ÑƒÐ±Ð»Ð¸ÐºÐ°
     got: Sahrawi ???????? ??????????????? ??????????
 ; [cca2=EH].translations.slk.common
Expected: ZÃ¡padnÃ¡ Sahara
     got: Západná Sahara
 ; [cca2=EH].translations.slk.official
Expected: ZÃ¡padnÃ¡ Sahara
     got: Západná Sahara
 ; [cca2=EH].translations.spa.official
Expected: RepÃºblica Ã?rabe Saharaui DemocrÃ¡tica
     got: República Árabe Saharaui Democrática
 ; [cca2=EH].translations.srp.common
Expected: Ð¡Ð°Ñ…Ð°Ñ€Ñ?ÐºÐ° Ð ÐµÐ¿ÑƒÐ±Ð»Ð¸ÐºÐ°
     got: ???????? ?????????
 ; [cca2=EH].translations.srp.official
Expected: Ð¡Ð°Ñ…Ð°Ñ€Ñ?ÐºÐ° Ð?Ñ€Ð°Ð¿Ñ?ÐºÐ° Ð”ÐµÐ¼Ð¾ÐºÑ€Ð°Ñ‚Ñ?ÐºÐ° Ð ÐµÐ¿ÑƒÐ±Ð»Ð¸ÐºÐ°
     got: ???????? ??????? ??????????? ?????????
 ; [cca2=EH].translations.swe.common
Expected: VÃ¤stsahara
     got: Västsahara
 ; [cca2=EH].translations.swe.official
Expected: VÃ¤stsahara
     got: Västsahara
 ; [cca2=EH].translations.urd.common
Expected: Ù…ØºØ±Ø¨ÛŒ ØµØ­Ø§Ø±Ø§
     got: ????? ?????
 ; [cca2=EH].translations.urd.official
Expected: ØµØ­Ø±Ø§ÙˆÛŒ Ø¹Ø±Ø¨ Ø¹ÙˆØ§Ù…ÛŒ Ø¬Ù…Û?ÙˆØ±ÛŒÛ?
     got: ?????? ??? ????? ???????
 ; [cca2=EH].translations.zho.common
Expected: è¥¿æ’’å“ˆæ‹‰
     got: ????
 ; [cca2=EH].translations.zho.official
Expected: é˜¿æ‹‰ä¼¯æ’’å“ˆæ‹‰æ°‘ä¸»å…±å’Œå›½
     got: ???????????
 ; [cca2=UY].altSpellings[]
Expected: RepÃºblica Oriental del Uruguay
     but none found
 ; [cca2=UY].altSpellings[]
Unexpected: República Oriental del Uruguay
 ; [cca2=UY].flag
Expected: ðŸ‡ºðŸ‡¾
     got: ??
 ; [cca2=UY].flags.alt
Expected: The flag of Uruguay is composed of nine equal horizontal bands of white alternating with blue, with a white square superimposed in the canton. In the white square is a yellow sun bearing a human face â€” the Sun of May â€” from which sixteen rays extend. The sun&#039;s rays alternate between triangular and wavy.
     got: The flag of Uruguay is composed of nine equal horizontal bands of white alternating with blue, with a white square superimposed in the canton. In the white square is a yellow sun bearing a human face — the Sun of May — from which sixteen rays extend. The sun&#039;s rays alternate between triangular and wavy.
 ; [cca2=UY].name.nativeName.spa.official
Expected: RepÃºblica Oriental del Uruguay
     got: República Oriental del Uruguay
 ; [cca2=UY].translations.ara.common
Expected: Ø§Ù„Ø£ÙˆØ±ÙˆØºÙˆØ§ÙŠ
     got: ??????????
 ; [cca2=UY].translations.ara.official
Expected: Ø¬Ù…Ù‡ÙˆØ±ÙŠØ© Ø§Ù„Ø£ÙˆØ±ÙˆØºÙˆØ§ÙŠ Ø§Ù„Ø´Ø±Ù‚ÙŠØ©
     got: ??????? ?????????? ???????
 ; [cca2=UY].translations.ces.official
Expected: UruguayskÃ¡ vÃ½chodnÃ­ republika
     got: Uruguayská východní republika
 ; [cca2=UY].translations.deu.official
Expected: Republik Ã–stlich des Uruguay
     got: Republik Östlich des Uruguay
 ; [cca2=UY].translations.fin.official
Expected: Uruguayn itÃ¤inen tasavalta
     got: Uruguayn itäinen tasavalta
 ; [cca2=UY].translations.fra.official
Expected: RÃ©publique orientale de l&#039;Uruguay
     got: République orientale de l&#039;Uruguay
 ; [cca2=UY].translations.hun.official
Expected: Uruguayi Keleti KÃ¶ztÃ¡rsasÃ¡g
     got: Uruguayi Keleti Köztársaság
 ; [cca2=UY].translations.jpn.common
Expected: ã‚¦ãƒ«ã‚°ã‚¢ã‚¤
     got: ?????
 ; [cca2=UY].translations.jpn.official
Expected: ã‚¦ãƒ«ã‚°ã‚¢ã‚¤æ?±æ–¹å…±å’Œå›½
     got: ??????????
 ; [cca2=UY].translations.kor.common
Expected: ìš°ë£¨ê³¼ì?´
     got: ????
 ; [cca2=UY].translations.kor.official
Expected: ìš°ë£¨ê³¼ì?´ ë?™ë°© ê³µí™”êµ­
     got: ???? ?? ???
 ; [cca2=UY].translations.per.common
Expected: Ø§Ø±ÙˆÚ¯ÙˆØ¦Ù‡
     got: ???????
 ; [cca2=UY].translations.per.official
Expected: Ø¬Ù…Ù‡ÙˆØ±ÛŒ Ø§Ø±ÙˆÚ¯ÙˆØ¦Ù‡
     got: ?????? ???????
 ; [cca2=UY].translations.por.official
Expected: RepÃºblica Oriental do Uruguai
     got: República Oriental do Uruguai
 ; [cca2=UY].translations.rus.common
Expected: Ð£Ñ€ÑƒÐ³Ð²Ð°Ð¹
     got: ???????
 ; [cca2=UY].translations.rus.official
Expected: Ð’Ð¾Ñ?Ñ‚Ð¾Ñ‡Ð½Ð¾Ð¹ Ð ÐµÑ?Ð¿ÑƒÐ±Ð»Ð¸ÐºÐ¸ Ð£Ñ€ÑƒÐ³Ð²Ð°Ð¹
     got: ????????? ?????????? ???????
 ; [cca2=UY].translations.slk.official
Expected: UruguajskÃ¡ vÃ½chodnÃ¡ republika
     got: Uruguajská východná republika
 ; [cca2=UY].translations.spa.official
Expected: RepÃºblica Oriental del Uruguay
     got: República Oriental del Uruguay
 ; [cca2=UY].translations.srp.common
Expected: Ð£Ñ€ÑƒÐ³Ð²Ð°Ñ˜
     got: ???????
 ; [cca2=UY].translations.srp.official
Expected: Ð˜Ñ?Ñ‚Ð¾Ñ‡Ð½Ð° Ð ÐµÐ¿ÑƒÐ±Ð»Ð¸ÐºÐ° Ð£Ñ€ÑƒÐ³Ð²Ð°Ñ˜
     got: ??????? ????????? ???????
 ; [cca2=UY].translations.tur.official
Expected: Uruguay DoÄŸu Cumhuriyeti
     got: Uruguay Do?u Cumhuriyeti
 ; [cca2=UY].translations.urd.common
Expected: ÛŒÙˆØ±Ø§Ú¯ÙˆØ¦Û’
     got: ????????
 ; [cca2=UY].translations.urd.official
Expected: Ø¬Ù…Û?ÙˆØ±ÛŒÛ? Ø´Ø±Ù‚ÛŒÛ? ÛŒÙˆØ±Ø§Ú¯ÙˆØ¦Û’
     got: ??????? ????? ????????
 ; [cca2=UY].translations.zho.common
Expected: ä¹Œæ‹‰åœ­
     got: ???
 ; [cca2=UY].translations.zho.official
Expected: ä¹Œæ‹‰åœ­ä¸œå²¸å…±å’Œå›½
     got: ????????
 ; [cca2=UZ].altSpellings[]
Expected: Oâ€˜zbekiston Respublikasi
     but none found
 ; [cca2=UZ].altSpellings[]
Expected: ÐŽÐ·Ð±ÐµÐºÐ¸Ñ?Ñ‚Ð¾Ð½ Ð ÐµÑ?Ð¿ÑƒÐ±Ð»Ð¸ÐºÐ°Ñ?Ð¸
     but none found
 ; [cca2=UZ].altSpellings[]
Unexpected: ?????????? ????????????
 ; [cca2=UZ].altSpellings[]
Unexpected: O‘zbekiston Respublikasi
 ; [cca2=UZ].currencies.UZS.name
Expected: Uzbekistani soÊ»m
     got: Uzbekistani so?m
 ; [cca2=UZ].demonyms.fra.f
Expected: OuzbÃ¨ke
     got: Ouzbèke
 ; [cca2=UZ].demonyms.fra.m
Expected: OuzbÃ¨ke
     got: Ouzbèke
 ; [cca2=UZ].flag
Expected: ðŸ‡ºðŸ‡¿
     got: ??
 ; [cca2=UZ].name.nativeName.rus.common
Expected: Ð£Ð·Ð±ÐµÐºÐ¸Ñ?Ñ‚Ð°Ð½
     got: ??????????
 ; [cca2=UZ].name.nativeName.rus.official
Expected: Ð ÐµÑ?Ð¿ÑƒÐ±Ð»Ð¸ÐºÐ° Ð£Ð·Ð±ÐµÐºÐ¸Ñ?Ñ‚Ð°Ð½
     got: ?????????? ??????????
 ; [cca2=UZ].name.nativeName.uzb.common
Expected: Oâ€˜zbekiston
     got: O‘zbekiston
 ; [cca2=UZ].translations.ara.common
Expected: Ø£ÙˆØ²Ø¨Ø§ÙƒØ³ØªØ§Ù†
     got: ??????????
 ; [cca2=UZ].translations.ara.official
Expected: Ø¬Ù…Ù‡ÙˆØ±ÙŠØ© Ø£ÙˆØ²Ø¨Ø§ÙƒØ³ØªØ§Ù†
     got: ??????? ??????????
 ; [cca2=UZ].translations.ces.common
Expected: UzbekistÃ¡n
     got: Uzbekistán
 ; [cca2=UZ].translations.ces.official
Expected: Republika UzbekistÃ¡n
     got: Republika Uzbekistán
 ; [cca2=UZ].translations.fra.common
Expected: OuzbÃ©kistan
     got: Ouzbékistan
 ; [cca2=UZ].translations.fra.official
Expected: RÃ©publique d&#039;OuzbÃ©kistan
     got: République d&#039;Ouzbékistan
 ; [cca2=UZ].translations.hun.common
Expected: ÃœzbegisztÃ¡n
     got: Üzbegisztán
 ; [cca2=UZ].translations.hun.official
Expected: ÃœzbÃ©g KÃ¶ztÃ¡rsasÃ¡g
     got: Üzbég Köztársaság
 ; [cca2=UZ].translations.jpn.common
Expected: ã‚¦ã‚ºãƒ™ã‚­ã‚¹ã‚¿ãƒ³
     got: ???????
 ; [cca2=UZ].translations.jpn.official
Expected: ã‚¦ã‚ºãƒ™ã‚­ã‚¹ã‚¿ãƒ³å…±å’Œå›½
     got: ??????????
 ; [cca2=UZ].translations.kor.common
Expected: ìš°ì¦ˆë² í‚¤ìŠ¤íƒ„
     got: ??????
 ; [cca2=UZ].translations.kor.official
Expected: ìš°ì¦ˆë² í‚¤ìŠ¤íƒ„ ê³µí™”êµ­
     got: ?????? ???
 ; [cca2=UZ].translations.per.common
Expected: Ø§Ø²Ø¨Ú©Ø³ØªØ§Ù†
     got: ????????
 ; [cca2=UZ].translations.per.official
Expected: Ø¬Ù…Ù‡ÙˆØ±ÛŒ Ø§Ø²Ø¨Ú©Ø³ØªØ§Ù†
     got: ?????? ????????
 ; [cca2=UZ].translations.por.common
Expected: UzbequistÃ£o
     got: Uzbequistão
 ; [cca2=UZ].translations.por.official
Expected: RepÃºblica do UsbequistÃ£o
     got: República do Usbequistão
 ; [cca2=UZ].translations.rus.common
Expected: Ð£Ð·Ð±ÐµÐºÐ¸Ñ?Ñ‚Ð°Ð½
     got: ??????????
 ; [cca2=UZ].translations.rus.official
Expected: Ð ÐµÑ?Ð¿ÑƒÐ±Ð»Ð¸ÐºÐ° Ð£Ð·Ð±ÐµÐºÐ¸Ñ?Ñ‚Ð°Ð½
     got: ?????????? ??????????
 ; [cca2=UZ].translations.slk.official
Expected: UzbeckÃ¡ republika
     got: Uzbecká republika
 ; [cca2=UZ].translations.spa.common
Expected: UzbekistÃ¡n
     got: Uzbekistán
 ; [cca2=UZ].translations.spa.official
Expected: RepÃºblica de UzbekistÃ¡n
     got: República de Uzbekistán
 ; [cca2=UZ].translations.srp.common
Expected: Ð£Ð·Ð±ÐµÐºÐ¸Ñ?Ñ‚Ð°Ð½
     got: ??????????
 ; [cca2=UZ].translations.srp.official
Expected: Ð ÐµÐ¿ÑƒÐ±Ð»Ð¸ÐºÐ° Ð£Ð·Ð±ÐµÐºÐ¸Ñ?Ñ‚Ð°Ð½
     got: ????????? ??????????
 ; [cca2=UZ].translations.tur.common
Expected: Ã–zbekistan
     got: Özbekistan
 ; [cca2=UZ].translations.tur.official
Expected: Ã–zbekistan Cumhuriyeti
     got: Özbekistan Cumhuriyeti
 ; [cca2=UZ].translations.urd.common
Expected: Ø§Ø²Ø¨Ú©Ø³ØªØ§Ù†
     got: ????????
 ; [cca2=UZ].translations.urd.official
Expected: Ø¬Ù…Û?ÙˆØ±ÛŒÛ? Ø§Ø²Ø¨Ú©Ø³ØªØ§Ù†
     got: ??????? ????????
 ; [cca2=UZ].translations.zho.common
Expected: ä¹Œå…¹åˆ«å…‹æ–¯å?¦
     got: ??????
 ; [cca2=UZ].translations.zho.official
Expected: ä¹Œå…¹åˆ«å…‹æ–¯å?¦å…±å’Œå›½
     got: ?????????
 ; [cca2=VA].altSpellings[]
Expected: Stato della CittÃ  del Vaticano
     but none found
 ; [cca2=VA].altSpellings[]
Unexpected: Stato della Città del Vaticano
 ; [cca2=VA].currencies.EUR.symbol
Expected: â‚¬
     got: €
 ; [cca2=VA].flag
Expected: ðŸ‡»ðŸ‡¦
     got: ??
 ; [cca2=VA].name.nativeName.ita.official
Expected: Stato della CittÃ  del Vaticano
     got: Stato della Città del Vaticano
 ; [cca2=VA].name.nativeName.lat.common
Expected: VaticanÃ¦
     got: Vaticanæ
 ; [cca2=VA].name.nativeName.lat.official
Expected: Status Civitatis VaticanÃ¦
     got: Status Civitatis Vaticanæ
 ; [cca2=VA].translations.ara.common
Expected: Ù…Ø¯ÙŠÙ†Ø© Ø§Ù„Ù?Ø§ØªÙŠÙƒØ§Ù†
     got: ????? ?????????
 ; [cca2=VA].translations.ara.official
Expected: Ø¯ÙˆÙ„Ø© Ù…Ø¯ÙŠÙ†Ø© Ø§Ù„Ù?Ø§ØªÙŠÙƒØ§Ù†
     got: ???? ????? ?????????
 ; [cca2=VA].translations.ces.common
Expected: VatikÃ¡n
     got: Vatikán
 ; [cca2=VA].translations.ces.official
Expected: MÄ›stskÃ½ stÃ¡t VatikÃ¡n
     got: M?stský stát Vatikán
 ; [cca2=VA].translations.fra.common
Expected: CitÃ© du Vatican
     got: Cité du Vatican
 ; [cca2=VA].translations.fra.official
Expected: CitÃ© du Vatican
     got: Cité du Vatican
 ; [cca2=VA].translations.hun.common
Expected: VatikÃ¡n
     got: Vatikán
 ; [cca2=VA].translations.hun.official
Expected: VatikÃ¡n Ã?llam
     got: Vatikán Állam
 ; [cca2=VA].translations.ita.common
Expected: CittÃ  del Vaticano
     got: Città del Vaticano
 ; [cca2=VA].translations.ita.official
Expected: CittÃ  del Vaticano
     got: Città del Vaticano
 ; [cca2=VA].translations.jpn.common
Expected: ãƒ?ãƒ?ã‚«ãƒ³å¸‚å›½
     got: ??????
 ; [cca2=VA].translations.jpn.official
Expected: ãƒ?ãƒ?ã‚«ãƒ³å¸‚å›½ã?®çŠ¶æ…‹
     got: ?????????
 ; [cca2=VA].translations.kor.common
Expected: ë°”í‹°ì¹¸
     got: ???
 ; [cca2=VA].translations.kor.official
Expected: ë°”í‹°ì¹¸ ì‹œêµ­
     got: ??? ??
 ; [cca2=VA].translations.per.common
Expected: ÙˆØ§ØªÛŒÚ©Ø§Ù†
     got: ???????
 ; [cca2=VA].translations.per.official
Expected: Ø¯ÙˆÙ„Øªâ€ŒØ´Ù‡Ø± ÙˆØ§ØªÛŒÚ©Ø§Ù†
     got: ???????? ???????
 ; [cca2=VA].translations.pol.official
Expected: PaÅ„stwo WatykaÅ„skie
     got: Pa?stwo Watyka?skie
 ; [cca2=VA].translations.rus.common
Expected: Ð’Ð°Ñ‚Ð¸ÐºÐ°Ð½
     got: ???????
 ; [cca2=VA].translations.rus.official
Expected: Ð“Ð¾Ñ€Ð¾Ð´-Ð³Ð¾Ñ?ÑƒÐ´Ð°Ñ€Ñ?Ñ‚Ð²Ð¾ Ð’Ð°Ñ‚Ð¸ÐºÐ°Ð½
     got: ?????-??????????? ???????
 ; [cca2=VA].translations.slk.common
Expected: VatikÃ¡n
     got: Vatikán
 ; [cca2=VA].translations.slk.official
Expected: SvÃ¤tÃ¡ stolica (VatikÃ¡nsky mestskÃ½ Å¡tÃ¡t
     got: Svätá stolica (Vatikánsky mestský štát
 ; [cca2=VA].translations.srp.common
Expected: Ð’Ð°Ñ‚Ð¸ÐºÐ°Ð½
     got: ???????
 ; [cca2=VA].translations.srp.official
Expected: Ð“Ñ€Ð°Ð´ Ð’Ð°Ñ‚Ð¸ÐºÐ°Ð½
     got: ???? ???????
 ; [cca2=VA].translations.tur.official
Expected: Vatikan Åžehir Devleti
     got: Vatikan ?ehir Devleti
 ; [cca2=VA].translations.urd.common
Expected: ÙˆÛŒÙ¹ÛŒÚ©Ù† Ø³Ù¹ÛŒ
     got: ?????? ???
 ; [cca2=VA].translations.urd.official
Expected: ÙˆÛŒÙ¹ÛŒÚ©Ù† Ø³Ù¹ÛŒ
     got: ?????? ???
 ; [cca2=VA].translations.zho.common
Expected: æ¢µè’‚å†ˆ
     got: ???
 ; [cca2=VA].translations.zho.official
Expected: æ¢µè’‚å†ˆåŸŽå›½
     got: ?????
 ; [cca2=ER].altSpellings[]
Expected: áˆƒáŒˆáˆ¨ áŠ¤áˆ­á‰µáˆ«
     but none found
 ; [cca2=ER].altSpellings[]
Expected: Ê¾ErtrÄ?
     but none found
 ; [cca2=ER].altSpellings[]
Expected: Dawlat IritriyÃ¡
     but none found
 ; [cca2=ER].altSpellings[]
Expected: IritriyÄ?
     but none found
 ; [cca2=ER].altSpellings[]
Unexpected: Iritriy?
 ; [cca2=ER].altSpellings[]
Unexpected: ?Ertr?
 ; [cca2=ER].altSpellings[]
Unexpected: Dawlat Iritriyá
 ; [cca2=ER].altSpellings[]
Unexpected: ??? ????
 ; [cca2=ER].demonyms.fra.f
Expected: Ã‰rythrÃ©enne
     got: Érythréenne
 ; [cca2=ER].demonyms.fra.m
Expected: Ã‰rythrÃ©en
     got: Érythréen
 ; [cca2=ER].flag
Expected: ðŸ‡ªðŸ‡·
     got: ??
 ; [cca2=ER].flags.alt
Expected: The flag of Eritrea comprises three triangles â€” a large red isosceles triangle with its base spanning the hoist end and its apex at the midpoint on the fly end, and a green and blue right-angled triangle above and beneath the red triangle. On the hoist side of the red triangle is a golden vertical olive branch encircled by a golden olive wreath.
     got: The flag of Eritrea comprises three triangles — a large red isosceles triangle with its base spanning the hoist end and its apex at the midpoint on the fly end, and a green and blue right-angled triangle above and beneath the red triangle. On the hoist side of the red triangle is a golden vertical olive branch encircled by a golden olive wreath.
 ; [cca2=ER].name.nativeName.ara.common
Expected: Ø¥Ø±ØªØ±ÙŠØ§â€Ž
     got: ???????
 ; [cca2=ER].name.nativeName.ara.official
Expected: Ø¯ÙˆÙ„Ø© Ø¥Ø±ØªØ±ÙŠØ§
     got: ???? ??????
 ; [cca2=ER].name.nativeName.tir.common
Expected: áŠ¤áˆ­á‰µáˆ«
     got: ????
 ; [cca2=ER].name.nativeName.tir.official
Expected: áˆƒáŒˆáˆ¨ áŠ¤áˆ­á‰µáˆ«
     got: ??? ????
 ; [cca2=ER].translations.ara.common
Expected: Ø¥Ø±ÙŠØªØ±ÙŠØ§
     got: ???????
 ; [cca2=ER].translations.ara.official
Expected: Ø¯ÙˆÙ„Ø© Ø¥Ø±ÙŠØªØ±ÙŠØ§
     got: ???? ???????
 ; [cca2=ER].translations.ces.official
Expected: StÃ¡t Eritrea
     got: Stát Eritrea
 ; [cca2=ER].translations.fra.common
Expected: Ã‰rythrÃ©e
     got: Érythrée
 ; [cca2=ER].translations.fra.official
Expected: Ã‰tat d&#039;Ã‰rythrÃ©e
     got: État d&#039;Érythrée
 ; [cca2=ER].translations.hrv.official
Expected: DrÅ¾ava Eritreji
     got: Država Eritreji
 ; [cca2=ER].translations.jpn.common
Expected: ã‚¨ãƒªãƒˆãƒªã‚¢
     got: ?????
 ; [cca2=ER].translations.jpn.official
Expected: ã‚¨ãƒªãƒˆãƒªã‚¢å›½
     got: ??????
 ; [cca2=ER].translations.kor.common
Expected: ì—?ë¦¬íŠ¸ë ˆì•„
     got: ?????
 ; [cca2=ER].translations.kor.official
Expected: ì—?ë¦¬íŠ¸ë ˆì•„êµ­
     got: ??????
 ; [cca2=ER].translations.per.common
Expected: Ø§Ø±ÛŒØªØ±Ù‡
     got: ??????
 ; [cca2=ER].translations.per.official
Expected: Ø¬Ù…Ù‡ÙˆØ±ÛŒ Ø§Ø±ÛŒØªØ±Ù‡
     got: ?????? ??????
 ; [cca2=ER].translations.pol.official
Expected: PaÅ„stwo Erytrea
     got: Pa?stwo Erytrea
 ; [cca2=ER].translations.rus.common
Expected: Ð­Ñ€Ð¸Ñ‚Ñ€ÐµÑ?
     got: ???????
 ; [cca2=ER].translations.rus.official
Expected: Ð“Ð¾Ñ?ÑƒÐ´Ð°Ñ€Ñ?Ñ‚Ð²Ð¾ Ð­Ñ€Ð¸Ñ‚Ñ€ÐµÑ?
     got: ??????????? ???????
 ; [cca2=ER].translations.slk.official
Expected: EritrejskÃ½ Å¡tÃ¡t
     got: Eritrejský štát
 ; [cca2=ER].translations.srp.common
Expected: Ð•Ñ€Ð¸Ñ‚Ñ€ÐµÑ˜Ð°
     got: ????????
 ; [cca2=ER].translations.srp.official
Expected: Ð”Ñ€Ð¶Ð°Ð²Ð° Ð•Ñ€Ð¸Ñ‚Ñ€ÐµÑ˜Ð°
     got: ?????? ????????
 ; [cca2=ER].translations.urd.common
Expected: Ø§Ø±ØªØ±ÛŒØ§
     got: ??????
 ; [cca2=ER].translations.urd.official
Expected: Ø±ÛŒØ§Ø³ØªÙ? Ø§Ø±ØªØ±ÛŒØ§
     got: ?????? ??????
 ; [cca2=ER].translations.zho.common
Expected: åŽ„ç«‹ç‰¹é‡Œäºš
     got: ?????
 ; [cca2=ER].translations.zho.official
Expected: åŽ„ç«‹ç‰¹é‡Œäºš
     got: ?????
 ; [cca2=VC].flag
Expected: ðŸ‡»ðŸ‡¨
     got: ??
 ; [cca2=VC].translations.ara.common
Expected: Ø³Ø§Ù†Øª Ù?ÙŠÙ†Ø³Ù†Øª ÙˆØ§Ù„ØºØ±ÙŠÙ†Ø§Ø¯ÙŠÙ†
     got: ???? ?????? ???????????
 ; [cca2=VC].translations.ara.official
Expected: Ø³Ø§Ù†Øª Ù?ÙŠÙ†Ø³Ù†Øª ÙˆØ§Ù„ØºØ±ÙŠÙ†Ø§Ø¯ÙŠÙ†
     got: ???? ?????? ???????????
 ; [cca2=VC].translations.ces.common
Expected: SvatÃ½ Vincenc a Grenadiny
     got: Svatý Vincenc a Grenadiny
 ; [cca2=VC].translations.ces.official
Expected: SvatÃ½ Vincenc a Grenadiny
     got: Svatý Vincenc a Grenadiny
 ; [cca2=VC].translations.hun.common
Expected: Saint Vincent Ã©s a Grenadine-szigetek
     got: Saint Vincent és a Grenadine-szigetek
 ; [cca2=VC].translations.hun.official
Expected: Saint Vincent Ã©s a Grenadine-szigetek
     got: Saint Vincent és a Grenadine-szigetek
 ; [cca2=VC].translations.jpn.common
Expected: ã‚»ãƒ³ãƒˆãƒ“ãƒ³ã‚»ãƒ³ãƒˆã?Šã‚ˆã?³ã‚°ãƒ¬ãƒŠãƒ‡ã‚£ãƒ¼ãƒ³è«¸å³¶
     got: ????????????????????
 ; [cca2=VC].translations.jpn.official
Expected: ã‚»ãƒ³ãƒˆãƒ“ãƒ³ã‚»ãƒ³ãƒˆã?Šã‚ˆã?³ã‚°ãƒ¬ãƒŠãƒ‡ã‚£ãƒ¼ãƒ³è«¸å³¶
     got: ????????????????????
 ; [cca2=VC].translations.kor.common
Expected: ì„¸ì?¸íŠ¸ë¹ˆì„¼íŠ¸ ê·¸ë ˆë‚˜ë”˜
     got: ?????? ????
 ; [cca2=VC].translations.kor.official
Expected: ì„¸ì?¸íŠ¸ë¹ˆì„¼íŠ¸ ê·¸ë ˆë‚˜ë”˜
     got: ?????? ????
 ; [cca2=VC].translations.per.common
Expected: Ø³Ù†Øª ÙˆÛŒÙ†Ø³Ù†Øª Ùˆ Ú¯Ø±Ù†Ø§Ø¯ÛŒÙ†â€ŒÙ‡Ø§
     got: ??? ?????? ? ??????????
 ; [cca2=VC].translations.per.official
Expected: Ø³Ù†Øª ÙˆÛŒÙ†Ø³Ù†Øª Ùˆ Ú¯Ø±Ù†Ø§Ø¯ÛŒÙ†â€ŒÙ‡Ø§
     got: ??? ?????? ? ??????????
 ; [cca2=VC].translations.por.common
Expected: SÃ£o Vincente e Granadinas
     got: São Vincente e Granadinas
 ; [cca2=VC].translations.por.official
Expected: SÃ£o Vicente e Granadinas
     got: São Vicente e Granadinas
 ; [cca2=VC].translations.rus.common
Expected: Ð¡ÐµÐ½Ñ‚-Ð’Ð¸Ð½Ñ?ÐµÐ½Ñ‚ Ð¸ Ð“Ñ€ÐµÐ½Ð°Ð´Ð¸Ð½Ñ‹
     got: ????-??????? ? ?????????
 ; [cca2=VC].translations.rus.official
Expected: Ð¡ÐµÐ½Ñ‚-Ð’Ð¸Ð½Ñ?ÐµÐ½Ñ‚ Ð¸ Ð“Ñ€ÐµÐ½Ð°Ð´Ð¸Ð½Ñ‹
     got: ????-??????? ? ?????????
 ; [cca2=VC].translations.slk.common
Expected: SvÃ¤tÃ½ Vincent a GrenadÃ­ny
     got: Svätý Vincent a Grenadíny
 ; [cca2=VC].translations.slk.official
Expected: SvÃ¤tÃ½ Vincent a GrenadÃ­ny
     got: Svätý Vincent a Grenadíny
 ; [cca2=VC].translations.srp.common
Expected: Ð¡Ð²ÐµÑ‚Ð¸ Ð’Ð¸Ð½Ñ?ÐµÐ½Ñ‚ Ð¸ Ð“Ñ€ÐµÐ½Ð°Ð´Ð¸Ð½Ð¸
     got: ????? ??????? ? ?????????
 ; [cca2=VC].translations.srp.official
Expected: Ð¡Ð²ÐµÑ‚Ð¸ Ð’Ð¸Ð½Ñ?ÐµÐ½Ñ‚ Ð¸ Ð“Ñ€ÐµÐ½Ð°Ð´Ð¸Ð½Ð¸
     got: ????? ??????? ? ?????????
 ; [cca2=VC].translations.urd.common
Expected: Ø³ÛŒÙ†Ù¹ ÙˆÛŒÙ†Ø³ÛŒÙ†Ù¹ Ùˆ Ú¯Ø±ÛŒÙ†Ø§ÚˆØ§Ø¦Ù†Ø²
     got: ???? ??????? ? ??????????
 ; [cca2=VC].translations.urd.official
Expected: Ø³ÛŒÙ†Ù¹ ÙˆÛŒÙ†Ø³ÛŒÙ†Ù¹ Ùˆ Ú¯Ø±ÛŒÙ†Ø§ÚˆØ§Ø¦Ù†Ø²
     got: ???? ??????? ? ??????????
 ; [cca2=VC].translations.zho.common
Expected: åœ£æ–‡æ£®ç‰¹å’Œæ ¼æž—çº³ä¸?æ–¯
     got: ??????????
 ; [cca2=VC].translations.zho.official
Expected: åœ£æ–‡æ£®ç‰¹å’Œæ ¼æž—çº³ä¸?æ–¯
     got: ??????????
 ; [cca2=ES].altSpellings[]
Expected: Reino de EspaÃ±a
     but none found
 ; [cca2=ES].altSpellings[]
Unexpected: Reino de España
 ; [cca2=ES].currencies.EUR.symbol
Expected: â‚¬
     got: €
 ; [cca2=ES].flag
Expected: ðŸ‡ªðŸ‡¸
     got: ??
 ; [cca2=ES].name.nativeName.spa.common
Expected: EspaÃ±a
     got: España
 ; [cca2=ES].name.nativeName.spa.official
Expected: Reino de EspaÃ±a
     got: Reino de España
 ; [cca2=ES].translations.ara.common
Expected: Ø¥Ø³Ø¨Ø§Ù†ÙŠØ§
     got: ???????
 ; [cca2=ES].translations.ara.official
Expected: Ù…Ù…Ù„ÙƒØ© Ø¥Ø³Ø¨Ø§Ù†ÙŠØ§
     got: ????? ???????
 ; [cca2=ES].translations.ces.common
Expected: Å panÄ›lsko
     got: Špan?lsko
 ; [cca2=ES].translations.ces.official
Expected: Å panÄ›lskÃ© krÃ¡lovstvÃ­
     got: Špan?lské království
 ; [cca2=ES].translations.deu.official
Expected: KÃ¶nigreich Spanien
     got: Königreich Spanien
 ; [cca2=ES].translations.hrv.common
Expected: Å panjolska
     got: Španjolska
 ; [cca2=ES].translations.hrv.official
Expected: Kraljevina Å panjolska
     got: Kraljevina Španjolska
 ; [cca2=ES].translations.hun.common
Expected: SpanyolorszÃ¡g
     got: Spanyolország
 ; [cca2=ES].translations.hun.official
Expected: Spanyol KirÃ¡lysÃ¡g
     got: Spanyol Királyság
 ; [cca2=ES].translations.jpn.common
Expected: ã‚¹ãƒšã‚¤ãƒ³
     got: ????
 ; [cca2=ES].translations.jpn.official
Expected: ã‚¹ãƒšã‚¤ãƒ³çŽ‹å›½
     got: ??????
 ; [cca2=ES].translations.kor.common
Expected: ìŠ¤íŽ˜ì?¸
     got: ???
 ; [cca2=ES].translations.kor.official
Expected: ì—?ìŠ¤íŒŒëƒ? ì™•êµ­
     got: ???? ??
 ; [cca2=ES].translations.per.common
Expected: Ø§Ø³Ù¾Ø§Ù†ÛŒØ§
     got: ???????
 ; [cca2=ES].translations.per.official
Expected: Ù¾Ø§Ø¯Ø´Ø§Ù‡ÛŒ Ø§Ø³Ù¾Ø§Ù†ÛŒØ§
     got: ??????? ???????
 ; [cca2=ES].translations.pol.official
Expected: KrÃ³lestwo Hiszpanii 
     got: Królestwo Hiszpanii 
 ; [cca2=ES].translations.rus.common
Expected: Ð˜Ñ?Ð¿Ð°Ð½Ð¸Ñ?
     got: ???????
 ; [cca2=ES].translations.rus.official
Expected: ÐšÐ¾Ñ€Ð¾Ð»ÐµÐ²Ñ?Ñ‚Ð²Ð¾ Ð˜Ñ?Ð¿Ð°Ð½Ð¸Ñ?
     got: ??????????? ???????
 ; [cca2=ES].translations.slk.common
Expected: Å panielsko
     got: Španielsko
 ; [cca2=ES].translations.slk.official
Expected: Å panielske krÃ¡Ä¾ovstvo
     got: Španielske krá?ovstvo
 ; [cca2=ES].translations.spa.common
Expected: EspaÃ±a
     got: España
 ; [cca2=ES].translations.spa.official
Expected: Reino de EspaÃ±a
     got: Reino de España
 ; [cca2=ES].translations.srp.common
Expected: Ð¨Ð¿Ð°Ð½Ð¸Ñ˜Ð°
     got: ???????
 ; [cca2=ES].translations.srp.official
Expected: ÐšÑ€Ð°Ñ™ÐµÐ²Ð¸Ð½Ð° Ð¨Ð¿Ð°Ð½Ð¸Ñ˜Ð°
     got: ????????? ???????
 ; [cca2=ES].translations.tur.common
Expected: Ä°spanya
     got: ?spanya
 ; [cca2=ES].translations.tur.official
Expected: Ä°spanya KrallÄ±ÄŸÄ±
     got: ?spanya Krall???
 ; [cca2=ES].translations.urd.common
Expected: Û?Ø³Ù¾Ø§Ù†ÛŒÛ?
     got: ???????
 ; [cca2=ES].translations.urd.official
Expected: Ù…Ù…Ù„Ú©ØªÙ? Û?Ø³Ù¾Ø§Ù†ÛŒÛ?
     got: ?????? ???????
 ; [cca2=ES].translations.zho.common
Expected: è¥¿ç?­ç‰™
     got: ???
 ; [cca2=ES].translations.zho.official
Expected: è¥¿ç?­ç‰™çŽ‹å›½
     got: ?????
 ; [cca2=VE].altSpellings[]
Expected: RepÃºblica Bolivariana de Venezuela
     but none found
 ; [cca2=VE].altSpellings[]
Unexpected: República Bolivariana de Venezuela
 ; [cca2=VE].currencies.VES.name
Expected: Venezuelan bolÃ­var soberano
     got: Venezuelan bolívar soberano
 ; [cca2=VE].demonyms.fra.f
Expected: VÃ©nÃ©zuÃ©lienne
     got: Vénézuélienne
 ; [cca2=VE].demonyms.fra.m
Expected: VÃ©nÃ©zuÃ©lien
     got: Vénézuélien
 ; [cca2=VE].flag
Expected: ðŸ‡»ðŸ‡ª
     got: ??
 ; [cca2=VE].name.nativeName.spa.official
Expected: RepÃºblica Bolivariana de Venezuela
     got: República Bolivariana de Venezuela
 ; [cca2=VE].translations.ara.common
Expected: Ù?Ù†Ø²ÙˆÙŠÙ„Ø§
     got: ???????
 ; [cca2=VE].translations.ara.official
Expected: Ø¬Ù…Ù‡ÙˆØ±ÙŠØ© Ù?Ù†Ø²ÙˆÙŠÙ„Ø§ Ø§Ù„Ø¨ÙˆÙ„ÙŠÙ?Ø§Ø±ÙŠØ©
     got: ??????? ??????? ???????????
 ; [cca2=VE].translations.ces.official
Expected: BolÃ­varskÃ¡ republika Venezuela
     got: Bolívarská republika Venezuela
 ; [cca2=VE].translations.est.official
Expected: Venezuela BolÃ­vari Vabariik
     got: Venezuela Bolívari Vabariik
 ; [cca2=VE].translations.fra.official
Expected: RÃ©publique bolivarienne du Venezuela
     got: République bolivarienne du Venezuela
 ; [cca2=VE].translations.hun.official
Expected: Venezuelai BolivÃ¡ri KÃ¶ztÃ¡rsasÃ¡g
     got: Venezuelai Bolivári Köztársaság
 ; [cca2=VE].translations.jpn.common
Expected: ãƒ™ãƒ?ã‚ºã‚¨ãƒ©ãƒ»ãƒœãƒªãƒ?ãƒ«å…±å’Œå›½
     got: ?????????????
 ; [cca2=VE].translations.jpn.official
Expected: ãƒ™ãƒ?ã‚ºã‚¨ãƒ©Â·ãƒœãƒªãƒ?ãƒ«å…±å’Œå›½
     got: ?????·???????
 ; [cca2=VE].translations.kor.common
Expected: ë² ë„¤ìˆ˜ì—˜ë?¼
     got: ?????
 ; [cca2=VE].translations.kor.official
Expected: ë² ë„¤ìˆ˜ì—˜ë?¼ ë³¼ë¦¬ë°”ë¥´ ê³µí™”êµ­
     got: ????? ???? ???
 ; [cca2=VE].translations.per.common
Expected: ÙˆÙ†Ø²ÙˆØ¦Ù„Ø§
     got: ???????
 ; [cca2=VE].translations.per.official
Expected: Ø¬Ù…Ù‡ÙˆØ±ÛŒ Ø¨ÙˆÙ„ÛŒÙˆØ§Ø±ÛŒ ÙˆÙ†Ø²ÙˆØ¦Ù„Ø§
     got: ?????? ???????? ???????
 ; [cca2=VE].translations.pol.official
Expected: BoliwariaÅ„ska Republika Wenezueli
     got: Boliwaria?ska Republika Wenezueli
 ; [cca2=VE].translations.por.official
Expected: RepÃºblica Bolivariana da Venezuela
     got: República Bolivariana da Venezuela
 ; [cca2=VE].translations.rus.common
Expected: Ð’ÐµÐ½ÐµÑ?ÑƒÑ?Ð»Ð°
     got: ?????????
 ; [cca2=VE].translations.rus.official
Expected: Ð‘Ð¾Ð»Ð¸Ð²Ð°Ñ€Ð¸Ð°Ð½Ñ?ÐºÐ°Ñ? Ð ÐµÑ?Ð¿ÑƒÐ±Ð»Ð¸ÐºÐ° Ð’ÐµÐ½ÐµÑ?ÑƒÑ?Ð»Ð°
     got: ?????????????? ?????????? ?????????
 ; [cca2=VE].translations.slk.official
Expected: VenezuelskÃ¡ bolÃ­varovskÃ¡ republika
     got: Venezuelská bolívarovská republika
 ; [cca2=VE].translations.spa.official
Expected: RepÃºblica Bolivariana de Venezuela
     got: República Bolivariana de Venezuela
 ; [cca2=VE].translations.srp.common
Expected: Ð’ÐµÐ½ÐµÑ†ÑƒÐµÐ»Ð°
     got: ?????????
 ; [cca2=VE].translations.srp.official
Expected: Ð‘Ð¾Ð»Ð¸Ð²Ð°Ñ€Ñ?ÐºÐ° Ð ÐµÐ¿ÑƒÐ±Ð»Ð¸ÐºÐ° Ð’ÐµÐ½ÐµÑ†ÑƒÐµÐ»Ð°
     got: ?????????? ????????? ?????????
 ; [cca2=VE].translations.tur.official
Expected: BolivarcÄ± Venezuela Cumhuriyeti
     got: Bolivarc? Venezuela Cumhuriyeti
 ; [cca2=VE].translations.urd.common
Expected: ÙˆÛŒÙ†ÛŒØ²ÙˆÛŒÙ„Ø§
     got: ?????????
 ; [cca2=VE].translations.urd.official
Expected: Ø¬Ù…Û?ÙˆØ±ÛŒÛ? ÙˆÛŒÙ†ÛŒØ²ÙˆÛŒÙ„Ø§
     got: ??????? ?????????
 ; [cca2=VE].translations.zho.common
Expected: å§”å†…ç‘žæ‹‰
     got: ????
 ; [cca2=VE].translations.zho.official
Expected: å§”å†…ç‘žæ‹‰çŽ»åˆ©ç“¦å°”å…±å’Œå›½
     got: ???????????
 ; [cca2=ET].altSpellings[]
Expected: á‹¨áŠ¢á‰µá‹®áŒµá‹« á?Œá‹´áˆ«áˆ‹á‹Š á‹²áˆžáŠ­áˆ«áˆ²á‹«á‹Š áˆªá??á‰¥áˆŠáŠ­
     but none found
 ; [cca2=ET].altSpellings[]
Expected: Ê¾ÄªtyÅ?á¹—á¹—yÄ?
     but none found
 ; [cca2=ET].altSpellings[]
Unexpected: ??ty???y?
 ; [cca2=ET].altSpellings[]
Unexpected: ?????? ????? ??????? ?????
 ; [cca2=ET].demonyms.fra.f
Expected: Ã‰thiopienne
     got: Éthiopienne
 ; [cca2=ET].demonyms.fra.m
Expected: Ã‰thiopien
     got: Éthiopien
 ; [cca2=ET].flag
Expected: ðŸ‡ªðŸ‡¹
     got: ??
 ; [cca2=ET].name.nativeName.amh.common
Expected: áŠ¢á‰µá‹®áŒµá‹«
     got: ?????
 ; [cca2=ET].name.nativeName.amh.official
Expected: á‹¨áŠ¢á‰µá‹®áŒµá‹« á?Œá‹´áˆ«áˆ‹á‹Š á‹²áˆžáŠ­áˆ«áˆ²á‹«á‹Š áˆªá??á‰¥áˆŠáŠ­
     got: ?????? ????? ??????? ?????
 ; [cca2=ET].translations.ara.common
Expected: Ø¥Ø«ÙŠÙˆØ¨ÙŠØ§
     got: ???????
 ; [cca2=ET].translations.ara.official
Expected: Ø¬Ù…Ù‡ÙˆØ±ÙŠØ© Ø¥Ø«ÙŠÙˆØ¨ÙŠØ§ Ø§Ù„Ù?Ø¯Ø±Ø§Ù„ÙŠØ© Ø§Ù„Ø¯ÙŠÙ…ÙˆÙ‚Ø±Ø§Ø·ÙŠØ©
     got: ??????? ??????? ????????? ????????????
 ; [cca2=ET].translations.ces.official
Expected: EtiopskÃ¡ federativnÃ­ demokratickÃ¡ republika
     got: Etiopská federativní demokratická republika
 ; [cca2=ET].translations.deu.common
Expected: Ã„thiopien
     got: Äthiopien
 ; [cca2=ET].translations.deu.official
Expected: Demokratische Bundesrepublik Ã„thiopien
     got: Demokratische Bundesrepublik Äthiopien
 ; [cca2=ET].translations.fra.common
Expected: Ã‰thiopie
     got: Éthiopie
 ; [cca2=ET].translations.fra.official
Expected: RÃ©publique fÃ©dÃ©rale dÃ©mocratique d&#039;Ã‰thiopie
     got: République fédérale démocratique d&#039;Éthiopie
 ; [cca2=ET].translations.hun.common
Expected: EtiÃ³pia
     got: Etiópia
 ; [cca2=ET].translations.hun.official
Expected: EtiÃ³p SzÃ¶vetsÃ©gi Demokratikus KÃ¶ztÃ¡rsasÃ¡g
     got: Etióp Szövetségi Demokratikus Köztársaság
 ; [cca2=ET].translations.jpn.common
Expected: ã‚¨ãƒ?ã‚ªãƒ”ã‚¢
     got: ?????
 ; [cca2=ET].translations.jpn.official
Expected: ã‚¨ãƒ?ã‚ªãƒ”ã‚¢é€£é‚¦æ°‘ä¸»å…±å’Œå›½
     got: ????????????
 ; [cca2=ET].translations.kor.common
Expected: ì—?í‹°ì˜¤í”¼ì•„
     got: ?????
 ; [cca2=ET].translations.kor.official
Expected: ì—?í‹°ì˜¤í”¼ì•„ ì—°ë°© ë¯¼ì£¼ ê³µí™”êµ­
     got: ????? ?? ?? ???
 ; [cca2=ET].translations.nld.common
Expected: EthiopiÃ«
     got: Ethiopië
 ; [cca2=ET].translations.nld.official
Expected: Federale Democratische Republiek EthiopiÃ«
     got: Federale Democratische Republiek Ethiopië
 ; [cca2=ET].translations.per.common
Expected: Ø§Ù?ØªÛŒÙˆÙ¾ÛŒ
     got: ???????
 ; [cca2=ET].translations.per.official
Expected: Ø¬Ù…Ù‡ÙˆØ±ÛŒ Ù?Ø¯Ø±Ø§Ù„ Ø¯Ù…ÙˆÚ©Ø±Ø§ØªÛŒÚ© Ø§ØªÛŒÙˆÙ¾ÛŒ
     got: ?????? ????? ????????? ??????
 ; [cca2=ET].translations.por.common
Expected: EtiÃ³pia
     got: Etiópia
 ; [cca2=ET].translations.por.official
Expected: RepÃºblica Federal DemocrÃ¡tica da EtiÃ³pia
     got: República Federal Democrática da Etiópia
 ; [cca2=ET].translations.rus.common
Expected: Ð­Ñ„Ð¸Ð¾Ð¿Ð¸Ñ?
     got: ???????
 ; [cca2=ET].translations.rus.official
Expected: Ð¤ÐµÐ´ÐµÑ€Ð°Ñ‚Ð¸Ð²Ð½Ð°Ñ? Ð”ÐµÐ¼Ð¾ÐºÑ€Ð°Ñ‚Ð¸Ñ‡ÐµÑ?ÐºÐ°Ñ? Ð ÐµÑ?Ð¿ÑƒÐ±Ð»Ð¸ÐºÐ° Ð­Ñ„Ð¸Ð¾Ð¿Ð¸Ñ?
     got: ???????????? ??????????????? ?????????? ???????
 ; [cca2=ET].translations.slk.common
Expected: EtiÃ³pia
     got: Etiópia
 ; [cca2=ET].translations.slk.official
Expected: EtiÃ³pska federatÃ­vna demokratickÃ¡ republika
     got: Etiópska federatívna demokratická republika
 ; [cca2=ET].translations.spa.common
Expected: EtiopÃ­a
     got: Etiopía
 ; [cca2=ET].translations.spa.official
Expected: RepÃºblica DemocrÃ¡tica Federal de EtiopÃ­a
     got: República Democrática Federal de Etiopía
 ; [cca2=ET].translations.srp.common
Expected: Ð•Ñ‚Ð¸Ð¾Ð¿Ð¸Ñ˜Ð°
     got: ????????
 ; [cca2=ET].translations.srp.official
Expected: Ð¡Ð°Ð²ÐµÐ·Ð½Ð° Ð”ÐµÐ¼Ð¾ÐºÑ€Ð°Ñ‚Ñ?ÐºÐ° Ð ÐµÐ¿ÑƒÐ±Ð»Ð¸ÐºÐ° Ð•Ñ‚Ð¸Ð¾Ð¿Ð¸Ñ˜Ð°
     got: ??????? ??????????? ????????? ????????
 ; [cca2=ET].translations.swe.official
Expected: Demokratiska fÃ¶rbundsrepubliken Etiopien
     got: Demokratiska förbundsrepubliken Etiopien
 ; [cca2=ET].translations.urd.common
Expected: Ø§ÛŒØªÚ¾ÙˆÙ¾ÛŒØ§
     got: ????????
 ; [cca2=ET].translations.urd.official
Expected: ÙˆÙ?Ø§Ù‚ÛŒ Ø¬Ù…Û?ÙˆØ±ÛŒ Ø¬Ù…Û?ÙˆØ±ÛŒÛ? Ø§ÛŒØªÚ¾ÙˆÙ¾ÛŒØ§
     got: ????? ?????? ??????? ????????
 ; [cca2=ET].translations.zho.common
Expected: åŸƒå¡žä¿„æ¯”äºš
     got: ?????
 ; [cca2=ET].translations.zho.official
Expected: åŸƒå¡žä¿„æ¯”äºšè?”é‚¦æ°‘ä¸»å…±å’Œå›½
     got: ????????????
 ; [cca2=VG].flag
Expected: ðŸ‡»ðŸ‡¬
     got: ??
 ; [cca2=VG].translations.ara.common
Expected: Ø¬Ø²Ø± Ø§Ù„Ø¹Ø°Ø±Ø§Ø¡
     got: ??? ???????
 ; [cca2=VG].translations.ara.official
Expected: Ø¬Ø²Ø± Ø§Ù„Ø¹Ø°Ø±Ø§Ø¡ Ø§Ù„Ø¨Ø±ÙŠØ·Ø§Ù†ÙŠØ©
     got: ??? ??????? ??????????
 ; [cca2=VG].translations.ces.common
Expected: BritskÃ© PanenskÃ© ostrovy
     got: Britské Panenské ostrovy
 ; [cca2=VG].translations.ces.official
Expected: BritskÃ© PanenskÃ© ostrovy
     got: Britské Panenské ostrovy
 ; [cca2=VG].translations.fin.official
Expected: BrittilÃ¤iset Neitsytsaaret
     got: Brittiläiset Neitsytsaaret
 ; [cca2=VG].translations.fra.common
Expected: ÃŽles Vierges britanniques
     got: Îles Vierges britanniques
 ; [cca2=VG].translations.fra.official
Expected: Ã®les Vierges
     got: îles Vierges
 ; [cca2=VG].translations.hrv.common
Expected: Britanski DjeviÄ?anski Otoci
     got: Britanski Djevi?anski Otoci
 ; [cca2=VG].translations.hrv.official
Expected: DjeviÄ?anski Otoci
     got: Djevi?anski Otoci
 ; [cca2=VG].translations.jpn.common
Expected: ã‚¤ã‚®ãƒªã‚¹é ˜ãƒ´ã‚¡ãƒ¼ã‚¸ãƒ³è«¸å³¶
     got: ????????????
 ; [cca2=VG].translations.jpn.official
Expected: ãƒ?ãƒ¼ã‚¸ãƒ³è«¸å³¶
     got: ??????
 ; [cca2=VG].translations.kor.common
Expected: ì˜?êµ­ë ¹ ë²„ì§„ì•„ì?¼ëžœë“œ
     got: ??? ??????
 ; [cca2=VG].translations.kor.official
Expected: ì˜?êµ­ë ¹ ë²„ì§„ì•„ì?¼ëžœë“œ
     got: ??? ??????
 ; [cca2=VG].translations.per.common
Expected: Ø¬Ø²Ø§ÛŒØ± ÙˆÛŒØ±Ø¬ÛŒÙ† Ø¨Ø±ÛŒØªØ§Ù†ÛŒØ§
     got: ????? ?????? ????????
 ; [cca2=VG].translations.per.official
Expected: Ø¬Ø²Ø§ÛŒØ± ÙˆÛŒØ±Ø¬ÛŒÙ† Ø¨Ø±ÛŒØªØ§Ù†ÛŒØ§
     got: ????? ?????? ????????
 ; [cca2=VG].translations.rus.common
Expected: Ð‘Ñ€Ð¸Ñ‚Ð°Ð½Ñ?ÐºÐ¸Ðµ Ð’Ð¸Ñ€Ð³Ð¸Ð½Ñ?ÐºÐ¸Ðµ Ð¾Ñ?Ñ‚Ñ€Ð¾Ð²Ð°
     got: ?????????? ?????????? ???????
 ; [cca2=VG].translations.rus.official
Expected: Ð’Ð¸Ñ€Ð³Ð¸Ð½Ñ?ÐºÐ¸Ðµ Ð¾Ñ?Ñ‚Ñ€Ð¾Ð²Ð°
     got: ?????????? ???????
 ; [cca2=VG].translations.slk.common
Expected: PanenskÃ© ostrovy
     got: Panenské ostrovy
 ; [cca2=VG].translations.slk.official
Expected: PanenskÃ© ostrovy
     got: Panenské ostrovy
 ; [cca2=VG].translations.spa.common
Expected: Islas VÃ­rgenes del Reino Unido
     got: Islas Vírgenes del Reino Unido
 ; [cca2=VG].translations.spa.official
Expected: Islas VÃ­rgenes
     got: Islas Vírgenes
 ; [cca2=VG].translations.srp.common
Expected: Ð‘Ñ€Ð¸Ñ‚Ð°Ð½Ñ?ÐºÐ° Ð”ÐµÐ²Ð¸Ñ‡Ð°Ð½Ñ?ÐºÐ° ÐžÑ?Ñ‚Ñ€Ð²Ð°
     got: ????????? ?????????? ??????
 ; [cca2=VG].translations.srp.official
Expected: Ð‘Ñ€Ð¸Ñ‚Ð°Ð½Ñ?ÐºÐ° Ð”ÐµÐ²Ð¸Ñ‡Ð°Ð½Ñ?ÐºÐ° ÐžÑ?Ñ‚Ñ€Ð²Ð°
     got: ????????? ?????????? ??????
 ; [cca2=VG].translations.swe.common
Expected: Brittiska JungfruÃ¶arna
     got: Brittiska Jungfruöarna
 ; [cca2=VG].translations.swe.official
Expected: Brittiska JungfruÃ¶arna
     got: Brittiska Jungfruöarna
 ; [cca2=VG].translations.tur.common
Expected: Virjin AdalarÄ±
     got: Virjin Adalar?
 ; [cca2=VG].translations.tur.official
Expected: Virjin AdalarÄ±
     got: Virjin Adalar?
 ; [cca2=VG].translations.urd.common
Expected: Ø¨Ø±Ø·Ø§Ù†ÙˆÛŒ Ø¬Ø²Ø§Ø¦Ø± ÙˆØ±Ø¬Ù†
     got: ??????? ????? ????
 ; [cca2=VG].translations.urd.official
Expected: Ø¨Ø±Ø·Ø§Ù†ÙˆÛŒ Ø¬Ø²Ø§Ø¦Ø± ÙˆØ±Ø¬Ù†
     got: ??????? ????? ????
 ; [cca2=VG].translations.zho.common
Expected: è‹±å±žç»´å°”äº¬ç¾¤å²›
     got: ???????
 ; [cca2=VG].translations.zho.official
Expected: è‹±å±žç»´å°”äº¬ç¾¤å²›
     got: ???????
 ; [cca2=VI].flag
Expected: ðŸ‡»ðŸ‡®
     got: ??
 ; [cca2=VI].translations.ara.common
Expected: Ø¬Ø²Ø± Ø§Ù„Ø¹Ø°Ø±Ø§Ø¡ Ø§Ù„Ø§Ù…Ø±ÙŠÙƒÙŠØ©
     got: ??? ??????? ?????????
 ; [cca2=VI].translations.ara.official
Expected: Ø¬Ø²Ø± Ø§Ù„Ø¹Ø°Ø±Ø§Ø¡ Ø§Ù„Ø§Ù…Ø±ÙŠÙƒÙŠØ©
     got: ??? ??????? ?????????
 ; [cca2=VI].translations.bre.common
Expected: Inizi Gwerc&#039;h ar StadoÃ¹-Unanet
     got: Inizi Gwerc&#039;h ar Stadoù-Unanet
 ; [cca2=VI].translations.bre.official
Expected: Inizi Gwerc&#039;h ar StadoÃ¹-Unanet
     got: Inizi Gwerc&#039;h ar Stadoù-Unanet
 ; [cca2=VI].translations.ces.common
Expected: AmerickÃ© PanenskÃ© ostrovy
     got: Americké Panenské ostrovy
 ; [cca2=VI].translations.ces.official
Expected: AmerickÃ© PanenskÃ© ostrovy
     got: Americké Panenské ostrovy
 ; [cca2=VI].translations.est.official
Expected: Ãœhendriikide Neitsisaared
     got: Ühendriikide Neitsisaared
 ; [cca2=VI].translations.fra.common
Expected: ÃŽles Vierges des Ã‰tats-Unis
     got: Îles Vierges des États-Unis
 ; [cca2=VI].translations.fra.official
Expected: ÃŽles Vierges des Ã‰tats-Unis
     got: Îles Vierges des États-Unis
 ; [cca2=VI].translations.hrv.common
Expected: AmeriÄ?ki DjeviÄ?anski Otoci
     got: Ameri?ki Djevi?anski Otoci
 ; [cca2=VI].translations.hrv.official
Expected: DjeviÄ?anski Otoci SAD
     got: Djevi?anski Otoci SAD
 ; [cca2=VI].translations.jpn.common
Expected: ã‚¢ãƒ¡ãƒªã‚«é ˜ãƒ´ã‚¡ãƒ¼ã‚¸ãƒ³è«¸å³¶
     got: ????????????
 ; [cca2=VI].translations.jpn.official
Expected: ç±³å›½ã?®ãƒ?ãƒ¼ã‚¸ãƒ³è«¸å³¶
     got: ?????????
 ; [cca2=VI].translations.kor.common
Expected: ë¯¸êµ­ë ¹ ë²„ì§„ì•„ì?¼ëžœë“œ
     got: ??? ??????
 ; [cca2=VI].translations.kor.official
Expected: ë¯¸êµ­ë ¹ ë²„ì§„ì•„ì?¼ëžœë“œ
     got: ??? ??????
 ; [cca2=VI].translations.per.common
Expected: Ø¬Ø²Ø§ÛŒØ± ÙˆÛŒØ±Ø¬ÛŒÙ† Ø§ÛŒØ§Ù„Ø§Øª Ù…ØªØ­Ø¯Ù‡ Ø¢Ù…Ø±ÛŒÚ©Ø§
     got: ????? ?????? ?????? ????? ??????
 ; [cca2=VI].translations.per.official
Expected: Ø¬Ø²Ø§ÛŒØ± ÙˆÛŒØ±Ø¬ÛŒÙ† Ø§ÛŒØ§Ù„Ø§Øª Ù…ØªØ­Ø¯Ù‡ Ø¢Ù…Ø±ÛŒÚ©Ø§
     got: ????? ?????? ?????? ????? ??????
 ; [cca2=VI].translations.pol.common
Expected: Wyspy Dziewicze StanÃ³w Zjednoczonych
     got: Wyspy Dziewicze Stanów Zjednoczonych
 ; [cca2=VI].translations.pol.official
Expected: Wyspy Dziewicze StanÃ³w Zjednoczonych
     got: Wyspy Dziewicze Stanów Zjednoczonych
 ; [cca2=VI].translations.rus.common
Expected: Ð’Ð¸Ñ€Ð³Ð¸Ð½Ñ?ÐºÐ¸Ðµ ÐžÑ?Ñ‚Ñ€Ð¾Ð²Ð°
     got: ?????????? ???????
 ; [cca2=VI].translations.rus.official
Expected: Ð’Ð¸Ñ€Ð³Ð¸Ð½Ñ?ÐºÐ¸Ðµ Ð¾Ñ?Ñ‚Ñ€Ð¾Ð²Ð° Ð¡Ð¾ÐµÐ´Ð¸Ð½ÐµÐ½Ð½Ñ‹Ñ… Ð¨Ñ‚Ð°Ñ‚Ð¾Ð²
     got: ?????????? ??????? ??????????? ??????
 ; [cca2=VI].translations.slk.common
Expected: AmerickÃ© PanenskÃ© ostrovy
     got: Americké Panenské ostrovy
 ; [cca2=VI].translations.slk.official
Expected: AmerickÃ© PanenskÃ© ostrovy
     got: Americké Panenské ostrovy
 ; [cca2=VI].translations.spa.common
Expected: Islas VÃ­rgenes de los Estados Unidos
     got: Islas Vírgenes de los Estados Unidos
 ; [cca2=VI].translations.spa.official
Expected: Islas VÃ­rgenes de los Estados Unidos
     got: Islas Vírgenes de los Estados Unidos
 ; [cca2=VI].translations.srp.common
Expected: Ð?Ð¼ÐµÑ€Ð¸Ñ‡ÐºÐ° Ð”ÐµÐ²Ð¸Ñ‡Ð°Ð½Ñ?ÐºÐ° ÐžÑ?Ñ‚Ñ€Ð²Ð°
     got: ???????? ?????????? ??????
 ; [cca2=VI].translations.srp.official
Expected: Ð?Ð¼ÐµÑ€Ð¸Ñ‡ÐºÐ° Ð”ÐµÐ²Ð¸Ñ‡Ð°Ð½Ñ?ÐºÐ° ÐžÑ?Ñ‚Ñ€Ð²Ð°
     got: ???????? ?????????? ??????
 ; [cca2=VI].translations.swe.common
Expected: Amerikanska JungfruÃ¶arna
     got: Amerikanska Jungfruöarna
 ; [cca2=VI].translations.swe.official
Expected: Amerikanska JungfruÃ¶arna
     got: Amerikanska Jungfruöarna
 ; [cca2=VI].translations.tur.common
Expected: ABD Virjin AdalarÄ±
     got: ABD Virjin Adalar?
 ; [cca2=VI].translations.tur.official
Expected: Amerika BirleÅŸik Devletleri Virjin AdalarÄ±
     got: Amerika Birle?ik Devletleri Virjin Adalar?
 ; [cca2=VI].translations.urd.common
Expected: Ø§Ù…Ø±ÛŒÚ©ÛŒ Ø¬Ø²Ø§Ø¦Ø± ÙˆØ±Ø¬Ù†
     got: ?????? ????? ????
 ; [cca2=VI].translations.urd.official
Expected: Ø§Ù…Ø±ÛŒÚ©ÛŒ Ø¬Ø²Ø§Ø¦Ø± ÙˆØ±Ø¬Ù†
     got: ?????? ????? ????
 ; [cca2=VI].translations.zho.common
Expected: ç¾Žå±žç»´å°”äº¬ç¾¤å²›
     got: ???????
 ; [cca2=VI].translations.zho.official
Expected: ç¾Žå±žç»´å°”äº¬ç¾¤å²›
     got: ???????
 ; [cca2=VN].altSpellings[]
Expected: Cá»™ng hÃ²a XÃ£ há»™i chá»§ nghÄ©a Viá»‡t Nam
     but none found
 ; [cca2=VN].altSpellings[]
Unexpected: C?ng hòa Xã h?i ch? ngh?a Vi?t Nam
 ; [cca2=VN].currencies.VND.name
Expected: Vietnamese Ä‘á»“ng
     got: Vietnamese ??ng
 ; [cca2=VN].currencies.VND.symbol
Expected: â‚«
     got: ?
 ; [cca2=VN].flag
Expected: ðŸ‡»ðŸ‡³
     got: ??
 ; [cca2=VN].name.nativeName.vie.common
Expected: Viá»‡t Nam
     got: Vi?t Nam
 ; [cca2=VN].name.nativeName.vie.official
Expected: Cá»™ng hÃ²a xÃ£ há»™i chá»§ nghÄ©a Viá»‡t Nam
     got: C?ng hòa xã h?i ch? ngh?a Vi?t Nam
 ; [cca2=VN].translations.ara.common
Expected: Ù?ÙŠØªÙ†Ø§Ù…
     got: ??????
 ; [cca2=VN].translations.ara.official
Expected: Ø¬Ù…Ù‡ÙˆØ±ÙŠØ© Ù?ÙŠØªÙ†Ø§Ù… Ø§Ù„Ø§Ø´ØªØ±Ø§ÙƒÙŠØ©
     got: ??????? ?????? ??????????
 ; [cca2=VN].translations.bre.common
Expected: ViÃªt Nam
     got: Viêt Nam
 ; [cca2=VN].translations.bre.official
Expected: Republik Sokialour ViÃªt Nam
     got: Republik Sokialour Viêt Nam
 ; [cca2=VN].translations.ces.official
Expected: VietnamskÃ¡ socialistickÃ¡ republika
     got: Vietnamská socialistická republika
 ; [cca2=VN].translations.fra.common
Expected: ViÃªt Nam
     got: Viêt Nam
 ; [cca2=VN].translations.fra.official
Expected: RÃ©publique socialiste du ViÃªt Nam
     got: République socialiste du Viêt Nam
 ; [cca2=VN].translations.hrv.official
Expected: SocijalistiÄ?ka Republika Vijetnam
     got: Socijalisti?ka Republika Vijetnam
 ; [cca2=VN].translations.hun.common
Expected: VietnÃ¡m
     got: Vietnám
 ; [cca2=VN].translations.hun.official
Expected: VietnÃ¡mi Szocialista KÃ¶ztÃ¡rsasÃ¡g
     got: Vietnámi Szocialista Köztársaság
 ; [cca2=VN].translations.jpn.common
Expected: ãƒ™ãƒˆãƒŠãƒ 
     got: ????
 ; [cca2=VN].translations.jpn.official
Expected: ãƒ™ãƒˆãƒŠãƒ ç¤¾ä¼šä¸»ç¾©å…±å’Œå›½
     got: ???????????
 ; [cca2=VN].translations.kor.common
Expected: ë² íŠ¸ë‚¨
     got: ???
 ; [cca2=VN].translations.kor.official
Expected: ë² íŠ¸ë‚¨ ì‚¬íšŒì£¼ì?˜ ê³µí™”êµ­
     got: ??? ???? ???
 ; [cca2=VN].translations.per.common
Expected: ÙˆÛŒØªÙ†Ø§Ù…
     got: ??????
 ; [cca2=VN].translations.per.official
Expected: Ø¬Ù…Ù‡ÙˆØ±ÛŒ Ø³ÙˆØ³ÛŒØ§Ù„ÛŒØ³ØªÛŒ ÙˆÛŒØªÙ†Ø§Ù…
     got: ?????? ?????????? ??????
 ; [cca2=VN].translations.por.official
Expected: RepÃºblica Socialista do Vietname
     got: República Socialista do Vietname
 ; [cca2=VN].translations.rus.common
Expected: Ð’ÑŒÐµÑ‚Ð½Ð°Ð¼
     got: ???????
 ; [cca2=VN].translations.rus.official
Expected: Ð¡Ð¾Ñ†Ð¸Ð°Ð»Ð¸Ñ?Ñ‚Ð¸Ñ‡ÐµÑ?ÐºÐ°Ñ? Ð ÐµÑ?Ð¿ÑƒÐ±Ð»Ð¸ÐºÐ° Ð’ÑŒÐµÑ‚Ð½Ð°Ð¼
     got: ???????????????? ?????????? ???????
 ; [cca2=VN].translations.slk.official
Expected: VietnamskÃ¡ socialistickÃ¡ republika
     got: Vietnamská socialistická republika
 ; [cca2=VN].translations.spa.official
Expected: RepÃºblica Socialista de Vietnam
     got: República Socialista de Vietnam
 ; [cca2=VN].translations.srp.common
Expected: Ð’Ð¸Ñ˜ÐµÑ‚Ð½Ð°Ð¼
     got: ????????
 ; [cca2=VN].translations.srp.official
Expected: Ð¡Ð¾Ñ†Ð¸Ñ˜Ð°Ð»Ð¸Ñ?Ñ‚Ð¸Ñ‡ÐºÐ° Ð ÐµÐ¿ÑƒÐ±Ð»Ð¸ÐºÐ° Ð’Ð¸Ñ˜ÐµÑ‚Ð½Ð°Ð¼
     got: ?????????????? ????????? ????????
 ; [cca2=VN].translations.urd.common
Expected: ÙˆÛŒØªÙ†Ø§Ù…
     got: ??????
 ; [cca2=VN].translations.urd.official
Expected: Ø§Ø´ØªØ±Ø§Ú©ÛŒ Ø¬Ù…Û?ÙˆØ±ÛŒÛ? ÙˆÛŒØªÙ†Ø§Ù…
     got: ??????? ??????? ??????
 ; [cca2=VN].translations.zho.common
Expected: è¶Šå?—
     got: ??
 ; [cca2=VN].translations.zho.official
Expected: è¶Šå?—ç¤¾ä¼šä¸»ä¹‰å…±å’Œå›½
     got: ?????????
 ; [cca2=VU].altSpellings[]
Expected: RÃ©publique de Vanuatu
     but none found
 ; [cca2=VU].altSpellings[]
Unexpected: République de Vanuatu
 ; [cca2=VU].flag
Expected: ðŸ‡»ðŸ‡º
     got: ??
 ; [cca2=VU].name.nativeName.fra.official
Expected: RÃ©publique de Vanuatu
     got: République de Vanuatu
 ; [cca2=VU].translations.ara.common
Expected: Ù?Ø§Ù†ÙˆØ§ØªÙˆ
     got: ???????
 ; [cca2=VU].translations.ara.official
Expected: Ø¬Ù…Ù‡ÙˆØ±ÙŠØ© Ù?Ø§Ù†ÙˆØ§ØªÙˆ
     got: ??????? ???????
 ; [cca2=VU].translations.fra.official
Expected: RÃ©publique de Vanuatu
     got: République de Vanuatu
 ; [cca2=VU].translations.hun.official
Expected: Vanuatui KÃ¶ztÃ¡rsasÃ¡g
     got: Vanuatui Köztársaság
 ; [cca2=VU].translations.jpn.common
Expected: ãƒ?ãƒŒã‚¢ãƒ„
     got: ????
 ; [cca2=VU].translations.jpn.official
Expected: ãƒ?ãƒŒã‚¢ãƒ„å…±å’Œå›½
     got: ???????
 ; [cca2=VU].translations.kor.common
Expected: ë°”ëˆ„ì•„íˆ¬
     got: ????
 ; [cca2=VU].translations.kor.official
Expected: ë°”ëˆ„ì•„íˆ¬ ê³µí™”êµ­
     got: ???? ???
 ; [cca2=VU].translations.per.common
Expected: ÙˆØ§Ù†ÙˆØ§ØªÙˆ
     got: ???????
 ; [cca2=VU].translations.per.official
Expected: Ø¬Ù…Ù‡ÙˆØ±ÛŒ ÙˆØ§Ù†ÙˆØ§ØªÙˆ
     got: ?????? ???????
 ; [cca2=VU].translations.por.official
Expected: RepÃºblica de Vanuatu
     got: República de Vanuatu
 ; [cca2=VU].translations.rus.common
Expected: Ð’Ð°Ð½ÑƒÐ°Ñ‚Ñƒ
     got: ???????
 ; [cca2=VU].translations.rus.official
Expected: Ð ÐµÑ?Ð¿ÑƒÐ±Ð»Ð¸ÐºÐ° Ð’Ð°Ð½ÑƒÐ°Ñ‚Ñƒ
     got: ?????????? ???????
 ; [cca2=VU].translations.slk.official
Expected: VanuatskÃ¡ republika
     got: Vanuatská republika
 ; [cca2=VU].translations.spa.official
Expected: RepÃºblica de Vanuatu
     got: República de Vanuatu
 ; [cca2=VU].translations.srp.common
Expected: Ð’Ð°Ð½ÑƒÐ°Ñ‚Ñƒ
     got: ???????
 ; [cca2=VU].translations.srp.official
Expected: Ð ÐµÐ¿ÑƒÐ±Ð»Ð¸ÐºÐ° Ð’Ð°Ð½ÑƒÐ°Ñ‚Ñƒ
     got: ????????? ???????
 ; [cca2=VU].translations.urd.common
Expected: ÙˆØ§Ù†ÙˆØ§ØªÙˆ
     got: ???????
 ; [cca2=VU].translations.urd.official
Expected: Ø¬Ù…Û?ÙˆØ±ÛŒÛ? ÙˆØ§Ù†ÙˆØ§ØªÙˆ
     got: ??????? ???????
 ; [cca2=VU].translations.zho.common
Expected: ç“¦åŠªé˜¿å›¾
     got: ????
 ; [cca2=VU].translations.zho.official
Expected: ç“¦åŠªé˜¿å›¾å…±å’Œå›½
     got: ???????
 ; [cca2=FI].currencies.EUR.symbol
Expected: â‚¬
     got: €
 ; [cca2=FI].flag
Expected: ðŸ‡«ðŸ‡®
     got: ??
 ; [cca2=FI].translations.ara.common
Expected: Ù?Ù†Ù„Ù†Ø¯Ø§
     got: ??????
 ; [cca2=FI].translations.ara.official
Expected: Ø¬Ù…Ù‡ÙˆØ±ÙŠØ© Ù?Ù†Ù„Ù†Ø¯Ø§
     got: ??????? ??????
 ; [cca2=FI].translations.ces.official
Expected: FinskÃ¡ republika
     got: Finská republika
 ; [cca2=FI].translations.fra.official
Expected: RÃ©publique de Finlande
     got: République de Finlande
 ; [cca2=FI].translations.hun.common
Expected: FinnorszÃ¡g
     got: Finnország
 ; [cca2=FI].translations.hun.official
Expected: Finn KÃ¶ztÃ¡rsasÃ¡g
     got: Finn Köztársaság
 ; [cca2=FI].translations.jpn.common
Expected: ãƒ•ã‚£ãƒ³ãƒ©ãƒ³ãƒ‰
     got: ??????
 ; [cca2=FI].translations.jpn.official
Expected: ãƒ•ã‚£ãƒ³ãƒ©ãƒ³ãƒ‰å…±å’Œå›½
     got: ?????????
 ; [cca2=FI].translations.kor.common
Expected: í•€ëž€ë“œ
     got: ???
 ; [cca2=FI].translations.kor.official
Expected: í•€ëž€ë“œ ê³µí™”êµ­
     got: ??? ???
 ; [cca2=FI].translations.per.common
Expected: Ù?Ù†Ù„Ø§Ù†Ø¯
     got: ??????
 ; [cca2=FI].translations.per.official
Expected: Ø¬Ù…Ù‡ÙˆØ±ÛŒ Ù?Ù†Ù„Ø§Ù†Ø¯
     got: ?????? ??????
 ; [cca2=FI].translations.por.common
Expected: FinlÃ¢ndia
     got: Finlândia
 ; [cca2=FI].translations.por.official
Expected: RepÃºblica da FinlÃ¢ndia
     got: República da Finlândia
 ; [cca2=FI].translations.rus.common
Expected: Ð¤Ð¸Ð½Ð»Ñ?Ð½Ð´Ð¸Ñ?
     got: ?????????
 ; [cca2=FI].translations.rus.official
Expected: Ð¤Ð¸Ð½Ð»Ñ?Ð½Ð´Ñ?ÐºÐ°Ñ? Ð ÐµÑ?Ð¿ÑƒÐ±Ð»Ð¸ÐºÐ°
     got: ??????????? ??????????
 ; [cca2=FI].translations.slk.common
Expected: FÃ­nsko
     got: Fínsko
 ; [cca2=FI].translations.slk.official
Expected: FÃ­nska republika
     got: Fínska republika
 ; [cca2=FI].translations.spa.official
Expected: RepÃºblica de Finlandia
     got: República de Finlandia
 ; [cca2=FI].translations.srp.common
Expected: Ð¤Ð¸Ð½Ñ?ÐºÐ°
     got: ??????
 ; [cca2=FI].translations.srp.official
Expected: Ð ÐµÐ¿ÑƒÐ±Ð»Ð¸ÐºÐ° Ð¤Ð¸Ð½Ñ?ÐºÐ°
     got: ????????? ??????
 ; [cca2=FI].translations.urd.common
Expected: Ù?Ù† Ù„ÛŒÙ†Úˆ
     got: ?? ????
 ; [cca2=FI].translations.urd.official
Expected: Ø¬Ù…Û?ÙˆØ±ÛŒÛ? Ù?Ù† Ù„ÛŒÙ†Úˆ
     got: ??????? ?? ????
 ; [cca2=FI].translations.zho.common
Expected: èŠ¬å…°
     got: ??
 ; [cca2=FI].translations.zho.official
Expected: èŠ¬å…°å…±å’Œå›½
     got: ?????
 ; [cca2=FJ].altSpellings[]
Expected: FijÄ« Gaá¹‡arÄ?jya
     but none found
 ; [cca2=FJ].altSpellings[]
Unexpected: Fij? Ga?ar?jya
 ; [cca2=FJ].flag
Expected: ðŸ‡«ðŸ‡¯
     got: ??
 ; [cca2=FJ].flags.alt
Expected: The flag of Fiji has a light blue field. It features the flag of the United Kingdom â€” the Union Jack â€” in the canton and the shield of the national coat of arms centered in the fly half.
     got: The flag of Fiji has a light blue field. It features the flag of the United Kingdom — the Union Jack — in the canton and the shield of the national coat of arms centered in the fly half.
 ; [cca2=FJ].name.nativeName.hif.common
Expected: à¤«à¤¿à¤œà¥€
     got: ????
 ; [cca2=FJ].name.nativeName.hif.official
Expected: à¤°à¤¿à¤ªà¤¬à¥?à¤²à¤¿à¤• à¤‘à¤« à¤«à¥€à¤œà¥€
     got: ???????? ?? ????
 ; [cca2=FJ].translations.ara.common
Expected: Ù?ÙŠØ¬ÙŠ
     got: ????
 ; [cca2=FJ].translations.ara.official
Expected: Ø¬Ù…Ù‡ÙˆØ±ÙŠØ© Ø¬Ø²Ø± Ù?ÙŠØ¬ÙŠ
     got: ??????? ??? ????
 ; [cca2=FJ].translations.ces.common
Expected: FidÅ¾i
     got: Fidži
 ; [cca2=FJ].translations.ces.official
Expected: Republika FidÅ¾ijskÃ½ch ostrovÅ¯
     got: Republika Fidžijských ostrov?
 ; [cca2=FJ].translations.est.common
Expected: FidÅ¾i
     got: Fidži
 ; [cca2=FJ].translations.est.official
Expected: FidÅ¾i Vabariik
     got: Fidži Vabariik
 ; [cca2=FJ].translations.fin.common
Expected: FidÅ¾i
     got: Fidži
 ; [cca2=FJ].translations.fin.official
Expected: FidÅ¾in tasavalta
     got: Fidžin tasavalta
 ; [cca2=FJ].translations.fra.official
Expected: RÃ©publique des Fidji
     got: République des Fidji
 ; [cca2=FJ].translations.hrv.common
Expected: FiÄ‘i
     got: Fi?i
 ; [cca2=FJ].translations.hrv.official
Expected: Republika FidÅ¾i
     got: Republika Fidži
 ; [cca2=FJ].translations.hun.official
Expected: Fidzsi-szigeteki KÃ¶ztÃ¡rsasÃ¡g
     got: Fidzsi-szigeteki Köztársaság
 ; [cca2=FJ].translations.jpn.common
Expected: ãƒ•ã‚£ã‚¸ãƒ¼
     got: ????
 ; [cca2=FJ].translations.jpn.official
Expected: ãƒ•ã‚£ã‚¸ãƒ¼å…±å’Œå›½
     got: ???????
 ; [cca2=FJ].translations.kor.common
Expected: í”¼ì§€
     got: ??
 ; [cca2=FJ].translations.kor.official
Expected: í”¼ì§€ ê³µí™”êµ­
     got: ?? ???
 ; [cca2=FJ].translations.per.common
Expected: Ù?ÛŒØ¬ÛŒ
     got: ????
 ; [cca2=FJ].translations.per.official
Expected: Ø¬Ù…Ù‡ÙˆØ±ÛŒ Ø¬Ø²Ø§ÛŒØ± Ù?ÛŒØ¬ÛŒ
     got: ?????? ????? ????
 ; [cca2=FJ].translations.pol.common
Expected: FidÅ¼i
     got: Fid?i
 ; [cca2=FJ].translations.pol.official
Expected: Republika FidÅ¼i
     got: Republika Fid?i
 ; [cca2=FJ].translations.por.official
Expected: RepÃºblica de Fiji
     got: República de Fiji
 ; [cca2=FJ].translations.rus.common
Expected: Ð¤Ð¸Ð´Ð¶Ð¸
     got: ?????
 ; [cca2=FJ].translations.rus.official
Expected: Ð ÐµÑ?Ð¿ÑƒÐ±Ð»Ð¸ÐºÐ° Ð¤Ð¸Ð´Ð¶Ð¸
     got: ?????????? ?????
 ; [cca2=FJ].translations.slk.common
Expected: FiÇ†i
     got: Fi?i
 ; [cca2=FJ].translations.slk.official
Expected: FiÇ†ijskÃ¡ republika
     got: Fi?ijská republika
 ; [cca2=FJ].translations.spa.official
Expected: RepÃºblica de Fiji
     got: República de Fiji
 ; [cca2=FJ].translations.srp.common
Expected: Ð¤Ð¸ÑŸÐ¸
     got: ????
 ; [cca2=FJ].translations.srp.official
Expected: Ð ÐµÐ¿ÑƒÐ±Ð»Ð¸ÐºÐ° Ð¤Ð¸ÑŸÐ¸
     got: ????????? ????
 ; [cca2=FJ].translations.urd.common
Expected: Ù?Ø¬ÛŒ
     got: ???
 ; [cca2=FJ].translations.urd.official
Expected: Ø¬Ù…Û?ÙˆØ±ÛŒÛ? Ù?Ø¬ÛŒ
     got: ??????? ???
 ; [cca2=FJ].translations.zho.common
Expected: æ–?æµŽ
     got: ??
 ; [cca2=FJ].translations.zho.official
Expected: æ–?æµŽå…±å’Œå›½
     got: ?????
 ; [cca2=FK].currencies.FKP.symbol
Expected: Â£
     got: £
 ; [cca2=FK].flag
Expected: ðŸ‡«ðŸ‡°
     got: ??
 ; [cca2=FK].translations.ara.common
Expected: Ø¬Ø²Ø± Ù?ÙˆÙƒÙ„Ø§Ù†Ø¯
     got: ??? ???????
 ; [cca2=FK].translations.ara.official
Expected: Ø¬Ø²Ø± Ù?ÙˆÙƒÙ„Ø§Ù†Ø¯
     got: ??? ???????
 ; [cca2=FK].translations.bre.common
Expected: Inizi MaloÃ¹
     got: Inizi Maloù
 ; [cca2=FK].translations.bre.official
Expected: Inizi MaloÃ¹
     got: Inizi Maloù
 ; [cca2=FK].translations.ces.official
Expected: FalklandskÃ© ostrovy
     got: Falklandské ostrovy
 ; [cca2=FK].translations.fra.common
Expected: ÃŽles Malouines
     got: Îles Malouines
 ; [cca2=FK].translations.fra.official
Expected: ÃŽles Malouines
     got: Îles Malouines
 ; [cca2=FK].translations.jpn.common
Expected: ãƒ•ã‚©ãƒ¼ã‚¯ãƒ©ãƒ³ãƒ‰ï¼ˆãƒžãƒ«ãƒ“ãƒŠã‚¹ï¼‰è«¸å³¶
     got: ????????????????
 ; [cca2=FK].translations.jpn.official
Expected: ãƒ•ã‚©ãƒ¼ã‚¯ãƒ©ãƒ³ãƒ‰
     got: ???????
 ; [cca2=FK].translations.kor.common
Expected: í?¬í?´ëžœë“œ ì œë?„
     got: ???? ??
 ; [cca2=FK].translations.kor.official
Expected: í?¬í?´ëžœë“œ ì œë?„
     got: ???? ??
 ; [cca2=FK].translations.per.common
Expected: Ø¬Ø²Ø§ÛŒØ± Ù?Ø§Ù„Ú©Ù„Ù†Ø¯
     got: ????? ???????
 ; [cca2=FK].translations.per.official
Expected: Ø¬Ø²Ø§ÛŒØ± Ù?Ø§Ù„Ú©Ù„Ù†Ø¯
     got: ????? ???????
 ; [cca2=FK].translations.rus.common
Expected: Ð¤Ð¾Ð»ÐºÐ»ÐµÐ½Ð´Ñ?ÐºÐ¸Ðµ Ð¾Ñ?Ñ‚Ñ€Ð¾Ð²Ð°
     got: ???????????? ???????
 ; [cca2=FK].translations.rus.official
Expected: Ð¤Ð¾Ð»ÐºÐ»ÐµÐ½Ð´Ñ?ÐºÐ¸Ðµ Ð¾Ñ?Ñ‚Ñ€Ð¾Ð²Ð°
     got: ???????????? ???????
 ; [cca2=FK].translations.slk.official
Expected: FalklandskÃ© ostrovy
     got: Falklandské ostrovy
 ; [cca2=FK].translations.srp.common
Expected: Ð¤Ð¾Ð»ÐºÐ»Ð°Ð½Ð´Ð¸
     got: ?????????
 ; [cca2=FK].translations.srp.official
Expected: Ð¤Ð¾Ð»ÐºÐ»Ð°Ð½Ð´Ñ?ÐºÐ° ÐžÑ?Ñ‚Ñ€Ð²Ð°
     got: ??????????? ??????
 ; [cca2=FK].translations.swe.common
Expected: FalklandsÃ¶arna
     got: Falklandsöarna
 ; [cca2=FK].translations.swe.official
Expected: FalklandsÃ¶arna
     got: Falklandsöarna
 ; [cca2=FK].translations.tur.common
Expected: Falkland (Malvina) AdalarÄ±
     got: Falkland (Malvina) Adalar?
 ; [cca2=FK].translations.tur.official
Expected: Falkland (Malvina) AdalarÄ±
     got: Falkland (Malvina) Adalar?
 ; [cca2=FK].translations.urd.common
Expected: Ø¬Ø²Ø§Ø¦Ø± Ù?Ø§Ú©Ù„ÛŒÙ†Úˆ
     got: ????? ???????
 ; [cca2=FK].translations.urd.official
Expected: Ø¬Ø²Ø§Ø¦Ø± Ù?Ø§Ú©Ù„ÛŒÙ†Úˆ
     got: ????? ???????
 ; [cca2=FK].translations.zho.common
Expected: ç¦?å…‹å…°ç¾¤å²›
     got: ?????
 ; [cca2=FK].translations.zho.official
Expected: ç¦?å…‹å…°ç¾¤å²›
     got: ?????
 ; [cca2=FM].demonyms.fra.f
Expected: MicronÃ©sienne
     got: Micronésienne
 ; [cca2=FM].demonyms.fra.m
Expected: MicronÃ©sien
     got: Micronésien
 ; [cca2=FM].flag
Expected: ðŸ‡«ðŸ‡²
     got: ??
 ; [cca2=FM].translations.ara.common
Expected: Ù…ÙŠÙƒØ±ÙˆÙ†ÙŠØ³ÙŠØ§
     got: ??????????
 ; [cca2=FM].translations.ara.official
Expected: ÙˆÙ„Ø§ÙŠØ§Øª Ù…ÙŠÙƒØ±ÙˆÙ†ÙŠØ³ÙŠØ§ Ø§Ù„Ù…ØªØ­Ø¯Ø©
     got: ?????? ?????????? ???????
 ; [cca2=FM].translations.bre.official
Expected: StadoÃ¹ Kevreet Mikronezia
     got: Stadoù Kevreet Mikronezia
 ; [cca2=FM].translations.ces.common
Expected: MikronÃ©sie
     got: Mikronésie
 ; [cca2=FM].translations.ces.official
Expected: FederativnÃ­ stÃ¡ty MikronÃ©sie
     got: Federativní státy Mikronésie
 ; [cca2=FM].translations.deu.official
Expected: FÃ¶derierte Staaten von Mikronesien
     got: Föderierte Staaten von Mikronesien
 ; [cca2=FM].translations.fra.common
Expected: MicronÃ©sie
     got: Micronésie
 ; [cca2=FM].translations.fra.official
Expected: Ã‰tats fÃ©dÃ©rÃ©s de MicronÃ©sie
     got: États fédérés de Micronésie
 ; [cca2=FM].translations.hrv.official
Expected: Savezne DrÅ¾ave Mikronezije
     got: Savezne Države Mikronezije
 ; [cca2=FM].translations.hun.common
Expected: MikronÃ©ziai SzÃ¶vetsÃ©gi Ã?llamok
     got: Mikronéziai Szövetségi Államok
 ; [cca2=FM].translations.hun.official
Expected: MikronÃ©ziai SzÃ¶vetsÃ©gi Ã?llamok
     got: Mikronéziai Szövetségi Államok
 ; [cca2=FM].translations.jpn.common
Expected: ãƒŸã‚¯ãƒ­ãƒ?ã‚·ã‚¢é€£é‚¦
     got: ????????
 ; [cca2=FM].translations.jpn.official
Expected: ãƒŸã‚¯ãƒ­ãƒ?ã‚·ã‚¢é€£é‚¦
     got: ????????
 ; [cca2=FM].translations.kor.common
Expected: ë¯¸í?¬ë¡œë„¤ì‹œì•„
     got: ??????
 ; [cca2=FM].translations.kor.official
Expected: ë¯¸í?¬ë¡œë„¤ì‹œì•„ ì—°ë°©
     got: ?????? ??
 ; [cca2=FM].translations.nld.common
Expected: MicronesiÃ«
     got: Micronesië
 ; [cca2=FM].translations.per.common
Expected: Ù…ÛŒÚ©Ø±ÙˆÙ†Ø²ÛŒ
     got: ????????
 ; [cca2=FM].translations.per.official
Expected: Ø§ÛŒØ§Ù„Ø§Øª Ù?Ø¯Ø±Ø§Ù„ Ù…ÛŒÚ©Ø±ÙˆÙ†Ø²ÛŒ
     got: ?????? ????? ????????
 ; [cca2=FM].translations.por.common
Expected: MicronÃ©sia
     got: Micronésia
 ; [cca2=FM].translations.por.official
Expected: Estados Federados da MicronÃ©sia
     got: Estados Federados da Micronésia
 ; [cca2=FM].translations.rus.common
Expected: Ð¤ÐµÐ´ÐµÑ€Ð°Ñ‚Ð¸Ð²Ð½Ñ‹Ðµ Ð¨Ñ‚Ð°Ñ‚Ñ‹ ÐœÐ¸ÐºÑ€Ð¾Ð½ÐµÐ·Ð¸Ð¸
     got: ???????????? ????? ??????????
 ; [cca2=FM].translations.rus.official
Expected: Ð¤ÐµÐ´ÐµÑ€Ð°Ñ‚Ð¸Ð²Ð½Ñ‹Ðµ Ð¨Ñ‚Ð°Ñ‚Ñ‹ ÐœÐ¸ÐºÑ€Ð¾Ð½ÐµÐ·Ð¸Ð¸
     got: ???????????? ????? ??????????
 ; [cca2=FM].translations.slk.common
Expected: MikronÃ©zia
     got: Mikronézia
 ; [cca2=FM].translations.slk.official
Expected: MikronÃ©zske federatÃ­vne Å¡tÃ¡ty
     got: Mikronézske federatívne štáty
 ; [cca2=FM].translations.srp.common
Expected: ÐœÐ¸ÐºÑ€Ð¾Ð½ÐµÐ·Ð¸Ñ˜Ð°
     got: ???????????
 ; [cca2=FM].translations.srp.official
Expected: Ð¡Ð°Ð²ÐµÐ· Ð”Ñ€Ð¶Ð°Ð²Ð° ÐœÐ¸ÐºÑ€Ð¾Ð½ÐµÐ·Ð¸Ñ˜Ðµ
     got: ????? ?????? ???????????
 ; [cca2=FM].translations.urd.common
Expected: Ù…Ø§Ø¦Ú©Ø±ÙˆÙ†ÛŒØ´ÛŒØ§
     got: ???????????
 ; [cca2=FM].translations.urd.official
Expected: Ø±ÛŒØ§Ø³ØªÛ?Ø§Ø¦Û’ ÙˆÙ?Ø§Ù‚ÛŒÛ? Ù…Ø§Ø¦Ú©Ø±ÙˆÙ†ÛŒØ´ÛŒØ§
     got: ????????? ?????? ???????????
 ; [cca2=FM].translations.zho.common
Expected: å¯†å…‹ç½—å°¼è¥¿äºš
     got: ??????
 ; [cca2=FM].translations.zho.official
Expected: å¯†å…‹ç½—å°¼è¥¿äºšè?”é‚¦
     got: ????????
 ; [cca2=FO].altSpellings[]
Expected: FÃ¦rÃ¸erne
     but none found
 ; [cca2=FO].altSpellings[]
Expected: FÃ¸royar
     but none found
 ; [cca2=FO].altSpellings[]
Unexpected: Færøerne
 ; [cca2=FO].altSpellings[]
Unexpected: Føroyar
 ; [cca2=FO].capital[]
Expected: TÃ³rshavn
     but none found
 ; [cca2=FO].capital[]
Unexpected: Tórshavn
 ; [cca2=FO].currencies.FOK.name
Expected: Faroese krÃ³na
     got: Faroese króna
 ; [cca2=FO].demonyms.fra.f
Expected: FÃ©roÃ¯enne
     got: Féroïenne
 ; [cca2=FO].demonyms.fra.m
Expected: FÃ©roÃ¯en
     got: Féroïen
 ; [cca2=FO].flag
Expected: ðŸ‡«ðŸ‡´
     got: ??
 ; [cca2=FO].name.nativeName.dan.common
Expected: FÃ¦rÃ¸erne
     got: Færøerne
 ; [cca2=FO].name.nativeName.dan.official
Expected: FÃ¦rÃ¸erne
     got: Færøerne
 ; [cca2=FO].name.nativeName.fao.common
Expected: FÃ¸royar
     got: Føroyar
 ; [cca2=FO].name.nativeName.fao.official
Expected: FÃ¸royar
     got: Føroyar
 ; [cca2=FO].translations.ara.common
Expected: Ø¬Ø²Ø± Ù?Ø§Ø±Ùˆ
     got: ??? ????
 ; [cca2=FO].translations.ara.official
Expected: Ø¬Ø²Ø± Ù?Ø§Ø±Ùˆ
     got: ??? ????
 ; [cca2=FO].translations.ces.common
Expected: FaerskÃ© ostrovy
     got: Faerské ostrovy
 ; [cca2=FO].translations.ces.official
Expected: FaerskÃ© ostrovy
     got: Faerské ostrovy
 ; [cca2=FO].translations.deu.common
Expected: FÃ¤rÃ¶er-Inseln
     got: Färöer-Inseln
 ; [cca2=FO].translations.deu.official
Expected: FÃ¤rÃ¶er
     got: Färöer
 ; [cca2=FO].translations.est.common
Expected: FÃ¤Ã¤ri saared
     got: Fääri saared
 ; [cca2=FO].translations.est.official
Expected: FÃ¤Ã¤ri saared
     got: Fääri saared
 ; [cca2=FO].translations.fin.common
Expected: FÃ¤rsaaret
     got: Färsaaret
 ; [cca2=FO].translations.fin.official
Expected: FÃ¤rsaaret
     got: Färsaaret
 ; [cca2=FO].translations.fra.common
Expected: ÃŽles FÃ©roÃ©
     got: Îles Féroé
 ; [cca2=FO].translations.fra.official
Expected: ÃŽles FÃ©roÃ©
     got: Îles Féroé
 ; [cca2=FO].translations.hun.common
Expected: FerÃ¶er
     got: Feröer
 ; [cca2=FO].translations.hun.official
Expected: FerÃ¶er
     got: Feröer
 ; [cca2=FO].translations.jpn.common
Expected: ãƒ•ã‚§ãƒ­ãƒ¼è«¸å³¶
     got: ??????
 ; [cca2=FO].translations.jpn.official
Expected: ãƒ•ã‚§ãƒ­ãƒ¼è«¸å³¶
     got: ??????
 ; [cca2=FO].translations.kor.common
Expected: íŽ˜ë¡œ ì œë?„
     got: ?? ??
 ; [cca2=FO].translations.kor.official
Expected: íŽ˜ë¡œ ì œë?„
     got: ?? ??
 ; [cca2=FO].translations.nld.common
Expected: FaerÃ¶er
     got: Faeröer
 ; [cca2=FO].translations.nld.official
Expected: FaerÃ¶er
     got: Faeröer
 ; [cca2=FO].translations.per.common
Expected: Ø¬Ø²Ø§ÛŒØ± Ù?Ø§Ø±ÙˆØ¦Ù‡
     got: ????? ??????
 ; [cca2=FO].translations.per.official
Expected: Ø¬Ø²Ø§ÛŒØ± Ù?Ø§Ø±ÙˆØ¦Ù‡
     got: ????? ??????
 ; [cca2=FO].translations.por.common
Expected: Ilhas FaroÃ©
     got: Ilhas Faroé
 ; [cca2=FO].translations.rus.common
Expected: Ð¤Ð°Ñ€ÐµÑ€Ñ?ÐºÐ¸Ðµ Ð¾Ñ?Ñ‚Ñ€Ð¾Ð²Ð°
     got: ????????? ???????
 ; [cca2=FO].translations.rus.official
Expected: Ð¤Ð°Ñ€ÐµÑ€Ñ?ÐºÐ¸Ðµ Ð¾Ñ?Ñ‚Ñ€Ð¾Ð²Ð°
     got: ????????? ???????
 ; [cca2=FO].translations.slk.common
Expected: FaerskÃ© ostrovy
     got: Faerské ostrovy
 ; [cca2=FO].translations.slk.official
Expected: FaerskÃ© ostrovy
     got: Faerské ostrovy
 ; [cca2=FO].translations.srp.common
Expected: Ð¤Ð°Ñ€Ñ?ÐºÐ° Ð¾Ñ?Ñ‚Ñ€Ð²Ð°
     got: ?????? ??????
 ; [cca2=FO].translations.srp.official
Expected: Ð¤Ð°Ñ€Ñ?ÐºÐ° Ð¾Ñ?Ñ‚Ñ€Ð²Ð°
     got: ?????? ??????
 ; [cca2=FO].translations.swe.common
Expected: FÃ¤rÃ¶arna
     got: Färöarna
 ; [cca2=FO].translations.swe.official
Expected: FÃ¤rÃ¶arna
     got: Färöarna
 ; [cca2=FO].translations.tur.common
Expected: Faroe AdalarÄ±
     got: Faroe Adalar?
 ; [cca2=FO].translations.tur.official
Expected: Faroe AdalarÄ±
     got: Faroe Adalar?
 ; [cca2=FO].translations.urd.common
Expected: Ø¬Ø²Ø§Ø¦Ø± Ù?Ø§Ø±Ùˆ
     got: ????? ????
 ; [cca2=FO].translations.urd.official
Expected: Ø¬Ø²Ø§Ø¦Ø± Ù?Ø§Ø±Ùˆ
     got: ????? ????
 ; [cca2=FO].translations.zho.common
Expected: æ³•ç½—ç¾¤å²›
     got: ????
 ; [cca2=FO].translations.zho.official
Expected: æ³•ç½—ç¾¤å²›
     got: ????
 ; [cca2=FR].altSpellings[]
Expected: RÃ©publique franÃ§aise
     but none found
 ; [cca2=FR].altSpellings[]
Unexpected: République française
 ; [cca2=FR].currencies.EUR.symbol
Expected: â‚¬
     got: €
 ; [cca2=FR].demonyms.fra.f
Expected: FranÃ§aise
     got: Française
 ; [cca2=FR].demonyms.fra.m
Expected: FranÃ§ais
     got: Français
 ; [cca2=FR].flag
Expected: ðŸ‡«ðŸ‡·
     got: ??
 ; [cca2=FR].name.nativeName.fra.official
Expected: RÃ©publique franÃ§aise
     got: République française
 ; [cca2=FR].translations.ara.common
Expected: Ù?Ø±Ù†Ø³Ø§
     got: ?????
 ; [cca2=FR].translations.ara.official
Expected: Ø§Ù„Ø¬Ù…Ù‡ÙˆØ±ÙŠØ© Ø§Ù„Ù?Ø±Ù†Ø³ÙŠØ©
     got: ????????? ????????
 ; [cca2=FR].translations.bre.common
Expected: FraÃ±s
     got: Frañs
 ; [cca2=FR].translations.bre.official
Expected: Republik FraÃ±s
     got: Republik Frañs
 ; [cca2=FR].translations.ces.official
Expected: FrancouzskÃ¡ republika
     got: Francouzská republika
 ; [cca2=FR].translations.deu.official
Expected: FranzÃ¶sische Republik
     got: Französische Republik
 ; [cca2=FR].translations.fra.official
Expected: RÃ©publique franÃ§aise
     got: République française
 ; [cca2=FR].translations.hun.common
Expected: FranciaorszÃ¡g
     got: Franciaország
 ; [cca2=FR].translations.hun.official
Expected: Francia KÃ¶ztÃ¡rsasÃ¡g
     got: Francia Köztársaság
 ; [cca2=FR].translations.jpn.common
Expected: ãƒ•ãƒ©ãƒ³ã‚¹
     got: ????
 ; [cca2=FR].translations.jpn.official
Expected: ãƒ•ãƒ©ãƒ³ã‚¹å…±å’Œå›½
     got: ???????
 ; [cca2=FR].translations.kor.common
Expected: í”„ëž‘ìŠ¤
     got: ???
 ; [cca2=FR].translations.kor.official
Expected: í”„ëž‘ìŠ¤ ê³µí™”êµ­
     got: ??? ???
 ; [cca2=FR].translations.per.common
Expected: Ù?Ø±Ø§Ù†Ø³Ù‡
     got: ??????
 ; [cca2=FR].translations.per.official
Expected: Ø¬Ù…Ù‡ÙˆØ±ÛŒ Ù?Ø±Ø§Ù†Ø³Ù‡
     got: ?????? ??????
 ; [cca2=FR].translations.por.common
Expected: FranÃ§a
     got: França
 ; [cca2=FR].translations.por.official
Expected: RepÃºblica Francesa
     got: República Francesa
 ; [cca2=FR].translations.rus.common
Expected: Ð¤Ñ€Ð°Ð½Ñ†Ð¸Ñ?
     got: ???????
 ; [cca2=FR].translations.rus.official
Expected: Ð¤Ñ€Ð°Ð½Ñ†ÑƒÐ·Ñ?ÐºÐ°Ñ? Ð ÐµÑ?Ð¿ÑƒÐ±Ð»Ð¸ÐºÐ°
     got: ??????????? ??????????
 ; [cca2=FR].translations.slk.common
Expected: FrancÃºzsko
     got: Francúzsko
 ; [cca2=FR].translations.slk.official
Expected: FrancÃºzska republika
     got: Francúzska republika
 ; [cca2=FR].translations.spa.official
Expected: RepÃºblica francÃ©s
     got: República francés
 ; [cca2=FR].translations.srp.common
Expected: Ð¤Ñ€Ð°Ð½Ñ†ÑƒÑ?ÐºÐ°
     got: ?????????
 ; [cca2=FR].translations.srp.official
Expected: Ð¤Ñ€Ð°Ð½Ñ†ÑƒÑ?ÐºÐ° Ð ÐµÐ¿ÑƒÐ±Ð»Ð¸ÐºÐ°
     got: ????????? ?????????
 ; [cca2=FR].translations.urd.common
Expected: Ù?Ø±Ø§Ù†Ø³
     got: ?????
 ; [cca2=FR].translations.urd.official
Expected: Ø¬Ù…Û?ÙˆØ±ÛŒÛ? Ù?Ø±Ø§Ù†Ø³
     got: ??????? ?????
 ; [cca2=FR].translations.zho.common
Expected: æ³•å›½
     got: ??
 ; [cca2=FR].translations.zho.official
Expected: æ³•å…°è¥¿å…±å’Œå›½
     got: ??????
 ; [cca2=WF].altSpellings[]
Expected: Territoire des Ã®les Wallis et Futuna
     but none found
 ; [cca2=WF].altSpellings[]
Unexpected: Territoire des îles Wallis et Futuna
 ; [cca2=WF].currencies.XPF.symbol
Expected: â‚£
     got: ?
 ; [cca2=WF].flag
Expected: ðŸ‡¼ðŸ‡«
     got: ??
 ; [cca2=WF].name.nativeName.fra.official
Expected: Territoire des Ã®les Wallis et Futuna
     got: Territoire des îles Wallis et Futuna
 ; [cca2=WF].translations.ara.common
Expected: ÙˆØ§Ù„ÙŠØ³ ÙˆÙ?ÙˆØªÙˆÙ†Ø§
     got: ????? ???????
 ; [cca2=WF].translations.ara.official
Expected: Ø¥Ù‚Ù„ÙŠÙ… Ø¬Ø²Ø± ÙˆØ§Ù„ÙŠØ³ ÙˆÙ?ÙˆØªÙˆÙ†Ø§
     got: ????? ??? ????? ???????
 ; [cca2=WF].translations.ces.official
Expected: Teritorium ostrovÅ¯ Wallis a Futuna
     got: Teritorium ostrov? Wallis a Futuna
 ; [cca2=WF].translations.fin.official
Expected: Wallisin ja Futunan yhteisÃ¶
     got: Wallisin ja Futunan yhteisö
 ; [cca2=WF].translations.fra.official
Expected: Territoire des Ã®les Wallis et Futuna
     got: Territoire des îles Wallis et Futuna
 ; [cca2=WF].translations.hun.common
Expected: Wallis Ã©s Futuna
     got: Wallis és Futuna
 ; [cca2=WF].translations.hun.official
Expected: Wallis Ã©s Futuna
     got: Wallis és Futuna
 ; [cca2=WF].translations.jpn.common
Expected: ã‚¦ã‚©ãƒªã‚¹ãƒ»ãƒ•ãƒ„ãƒŠ
     got: ????????
 ; [cca2=WF].translations.jpn.official
Expected: ã‚¦ã‚©ãƒªã‚¹Â·ãƒ•ãƒ„ãƒŠè«¸å³¶ã?®é ˜åœŸ
     got: ????·????????
 ; [cca2=WF].translations.kor.common
Expected: ì™ˆë¦¬ìŠ¤ í“ŒíŠ€ë‚˜
     got: ??? ???
 ; [cca2=WF].translations.kor.official
Expected: ì™ˆë¦¬ìŠ¤ í“ŒíŠ€ë‚˜
     got: ??? ???
 ; [cca2=WF].translations.per.common
Expected: ÙˆØ§Ù„ÛŒØ³ Ùˆ Ù?ÙˆØªÙˆÙ†Ø§
     got: ????? ? ??????
 ; [cca2=WF].translations.per.official
Expected: Ø¬Ø²Ø§ÛŒØ± ÙˆØ§Ù„ÛŒØ³ Ùˆ Ù?ÙˆØªÙˆÙ†Ø§
     got: ????? ????? ? ??????
 ; [cca2=WF].translations.por.official
Expected: TerritÃ³rio das Ilhas Wallis e Futuna
     got: Território das Ilhas Wallis e Futuna
 ; [cca2=WF].translations.rus.common
Expected: Ð£Ð¾Ð»Ð»Ð¸Ñ? Ð¸ Ð¤ÑƒÑ‚ÑƒÐ½Ð°
     got: ?????? ? ??????
 ; [cca2=WF].translations.rus.official
Expected: Ð¢ÐµÑ€Ñ€Ð¸Ñ‚Ð¾Ñ€Ð¸Ñ? Ð£Ð¾Ð»Ð»Ð¸Ñ? Ð¸ Ð¤ÑƒÑ‚ÑƒÐ½Ð° Ð¾Ñ?Ñ‚Ñ€Ð¾Ð²Ð°
     got: ?????????? ?????? ? ?????? ???????
 ; [cca2=WF].translations.slk.official
Expected: TeritÃ³rium ostrovov Wallis a Futuna
     got: Teritórium ostrovov Wallis a Futuna
 ; [cca2=WF].translations.srp.common
Expected: Ð’Ð°Ð»Ð¸Ñ? Ð¸ Ð¤ÑƒÑ‚ÑƒÐ½Ð°
     got: ????? ? ??????
 ; [cca2=WF].translations.srp.official
Expected: Ð¢ÐµÑ€Ð¸Ñ‚Ð¾Ñ€Ð¸Ñ˜Ð° Ð´Ñ€Ð¶Ð°Ð²Ðµ Ð’Ð°Ð»Ð¸Ñ? Ð¸ Ð¤ÑƒÑ‚ÑƒÐ½Ð°
     got: ?????????? ?????? ????? ? ??????
 ; [cca2=WF].translations.swe.common
Expected: Wallis- och FutunaÃ¶arna
     got: Wallis- och Futunaöarna
 ; [cca2=WF].translations.swe.official
Expected: Territoriet Wallis- och FutunaÃ¶arna
     got: Territoriet Wallis- och Futunaöarna
 ; [cca2=WF].translations.tur.common
Expected: Wallis ve Futuna AdalarÄ± BÃ¶lgesi
     got: Wallis ve Futuna Adalar? Bölgesi
 ; [cca2=WF].translations.tur.official
Expected: Wallis ve Futuna AdalarÄ± BÃ¶lgesi
     got: Wallis ve Futuna Adalar? Bölgesi
 ; [cca2=WF].translations.urd.common
Expected: ÙˆØ§Ù„Ø³ Ùˆ Ù?ØªÙˆÙ†Û?
     got: ???? ? ?????
 ; [cca2=WF].translations.urd.official
Expected: Ø³Ø± Ø²Ù…ÛŒÙ†Ù? ÙˆØ§Ù„Ø³ Ùˆ Ù?ØªÙˆÙ†Û? Ø¬Ø²Ø§Ø¦Ø±
     got: ?? ????? ???? ? ????? ?????
 ; [cca2=WF].translations.zho.common
Expected: ç“¦åˆ©æ–¯å’Œå¯Œå›¾çº³ç¾¤å²›
     got: ?????????
 ; [cca2=WF].translations.zho.official
Expected: ç“¦åˆ©æ–¯å’Œå¯Œå›¾çº³ç¾¤å²›
     got: ?????????
 ; [cca2=GA].altSpellings[]
Expected: RÃ©publique Gabonaise
     but none found
 ; [cca2=GA].altSpellings[]
Unexpected: République Gabonaise
 ; [cca2=GA].flag
Expected: ðŸ‡¬ðŸ‡¦
     got: ??
 ; [cca2=GA].name.nativeName.fra.official
Expected: RÃ©publique gabonaise
     got: République gabonaise
 ; [cca2=GA].translations.ara.common
Expected: Ø§Ù„ØºØ§Ø¨ÙˆÙ†
     got: ???????
 ; [cca2=GA].translations.ara.official
Expected: Ø¬Ù…Ù‡ÙˆØ±ÙŠØ© Ø§Ù„ØºØ§Ø¨ÙˆÙ†
     got: ??????? ???????
 ; [cca2=GA].translations.ces.official
Expected: GabonskÃ¡ republika
     got: Gabonská republika
 ; [cca2=GA].translations.fra.official
Expected: RÃ©publique gabonaise
     got: République gabonaise
 ; [cca2=GA].translations.hun.official
Expected: Gaboni KÃ¶ztÃ¡rsasÃ¡g
     got: Gaboni Köztársaság
 ; [cca2=GA].translations.jpn.common
Expected: ã‚¬ãƒœãƒ³
     got: ???
 ; [cca2=GA].translations.jpn.official
Expected: ã‚¬ãƒœãƒ³å…±å’Œå›½
     got: ??????
 ; [cca2=GA].translations.kor.common
Expected: ê°€ë´‰
     got: ??
 ; [cca2=GA].translations.kor.official
Expected: ê°€ë´‰ ê³µí™”êµ­
     got: ?? ???
 ; [cca2=GA].translations.per.common
Expected: Ú¯Ø§Ø¨Ù†
     got: ????
 ; [cca2=GA].translations.per.official
Expected: Ø¬Ù…Ù‡ÙˆØ±ÛŒ Ú¯Ø§Ø¨Ù?Ù†
     got: ?????? ?????
 ; [cca2=GA].translations.pol.official
Expected: Republika GaboÅ„ska
     got: Republika Gabo?ska
 ; [cca2=GA].translations.por.common
Expected: GabÃ£o
     got: Gabão
 ; [cca2=GA].translations.por.official
Expected: RepÃºblica do GabÃ£o
     got: República do Gabão
 ; [cca2=GA].translations.rus.common
Expected: Ð“Ð°Ð±Ð¾Ð½
     got: ?????
 ; [cca2=GA].translations.rus.official
Expected: Ð“Ð°Ð±Ð¾Ð½Ð° Ð ÐµÑ?Ð¿ÑƒÐ±Ð»Ð¸ÐºÐ°
     got: ?????? ??????????
 ; [cca2=GA].translations.slk.official
Expected: GabonskÃ¡ republika
     got: Gabonská republika
 ; [cca2=GA].translations.spa.common
Expected: GabÃ³n
     got: Gabón
 ; [cca2=GA].translations.spa.official
Expected: RepÃºblica de GabÃ³n
     got: República de Gabón
 ; [cca2=GA].translations.srp.common
Expected: Ð“Ð°Ð±Ð¾Ð½
     got: ?????
 ; [cca2=GA].translations.srp.official
Expected: Ð“Ð°Ð±Ð¾Ð½Ñ?ÐºÐ° Ð ÐµÐ¿ÑƒÐ±Ð»Ð¸ÐºÐ°
     got: ???????? ?????????
 ; [cca2=GA].translations.urd.common
Expected: Ú¯ÛŒØ¨ÙˆÙ†
     got: ?????
 ; [cca2=GA].translations.urd.official
Expected: Ø¬Ù…Û?ÙˆØ±ÛŒÛ? Ú¯ÛŒØ¨ÙˆÙ†
     got: ??????? ?????
 ; [cca2=GA].translations.zho.common
Expected: åŠ è“¬
     got: ??
 ; [cca2=GA].translations.zho.official
Expected: åŠ è“¬å…±å’Œå›½
     got: ?????
 ; [cca2=GB].currencies.GBP.symbol
Expected: Â£
     got: £
 ; [cca2=GB].flag
Expected: ðŸ‡¬ðŸ‡§
     got: ??
 ; [cca2=GB].flags.alt
Expected: The flag of the United Kingdom â€” the Union Jack â€” has a blue field. It features the white-edged red cross of Saint George superimposed on the diagonal red cross of Saint Patrick which is superimposed on the diagonal white cross of Saint Andrew.
     got: The flag of the United Kingdom — the Union Jack — has a blue field. It features the white-edged red cross of Saint George superimposed on the diagonal red cross of Saint Patrick which is superimposed on the diagonal white cross of Saint Andrew.
 ; [cca2=GB].translations.ara.common
Expected: Ø§Ù„Ù…Ù…Ù„ÙƒØ© Ø§Ù„Ù…ØªØ­Ø¯Ø©
     got: ??????? ???????
 ; [cca2=GB].translations.ara.official
Expected: Ø§Ù„Ù…Ù…Ù„ÙƒØ© Ø§Ù„Ù…ØªØ­Ø¯Ø© Ù„Ø¨Ø±ÙŠØ·Ø§Ù†ÙŠØ§ Ø§Ù„Ø¹Ø¸Ù…Ù‰ ÙˆØ§ÙŠØ±Ù„Ù†Ø¯Ø§ Ø§Ù„Ø´Ù…Ø§Ù„ÙŠØ©
     got: ??????? ??????? ????????? ?????? ???????? ????????
 ; [cca2=GB].translations.ces.common
Expected: SpojenÃ© krÃ¡lovstvÃ­
     got: Spojené království
 ; [cca2=GB].translations.ces.official
Expected: SpojenÃ© krÃ¡lovstvÃ­ VelkÃ© BritÃ¡nie a SevernÃ­ho Irska
     got: Spojené království Velké Británie a Severního Irska
 ; [cca2=GB].translations.deu.common
Expected: Vereinigtes KÃ¶nigreich
     got: Vereinigtes Königreich
 ; [cca2=GB].translations.deu.official
Expected: Vereinigtes KÃ¶nigreich GroÃŸbritannien und Nordirland
     got: Vereinigtes Königreich Großbritannien und Nordirland
 ; [cca2=GB].translations.est.official
Expected: Suurbritannia ja PÃµhja-Iiri Ãœhendkuningriik
     got: Suurbritannia ja Põhja-Iiri Ühendkuningriik
 ; [cca2=GB].translations.hun.common
Expected: EgyesÃ¼lt KirÃ¡lysÃ¡g
     got: Egyesült Királyság
 ; [cca2=GB].translations.hun.official
Expected: Nagy-Britannia Ã©s Ã‰szak-Ã?rorszÃ¡g EgyesÃ¼lt KirÃ¡lysÃ¡ga
     got: Nagy-Britannia és Észak-Írország Egyesült Királysága
 ; [cca2=GB].translations.jpn.common
Expected: ã‚¤ã‚®ãƒªã‚¹
     got: ????
 ; [cca2=GB].translations.jpn.official
Expected: ã‚°ãƒ¬ãƒ¼ãƒˆÂ·ãƒ–ãƒªãƒ†ãƒ³ã?Šã‚ˆã?³åŒ—ã‚¢ã‚¤ãƒ«ãƒ©ãƒ³ãƒ‰é€£å?ˆçŽ‹å›½
     got: ????·??????????????????
 ; [cca2=GB].translations.kor.common
Expected: ì˜?êµ­
     got: ??
 ; [cca2=GB].translations.kor.official
Expected: ê·¸ë ˆì?´íŠ¸ë¸Œë¦¬íŠ¼ ë¶?ì•„ì?¼ëžœë“œ ì—°í•© ì™•êµ­
     got: ??????? ????? ?? ??
 ; [cca2=GB].translations.nld.official
Expected: Verenigd Koninkrijk van Groot-BrittanniÃ« en Noord-Ierland
     got: Verenigd Koninkrijk van Groot-Brittannië en Noord-Ierland
 ; [cca2=GB].translations.per.common
Expected: Ø§Ù†Ú¯Ù„ÛŒØ³
     got: ??????
 ; [cca2=GB].translations.per.official
Expected: Ù¾Ø§Ø¯Ø´Ø§Ù‡ÛŒ Ù…ØªØ­Ø¯ Ø¨Ø±ÛŒØªØ§Ù†ÛŒØ§ÛŒ Ú©Ø¨ÛŒØ± Ùˆ Ø§ÛŒØ±Ù„Ù†Ø¯ Ø´Ù…Ø§Ù„ÛŒ
     got: ??????? ???? ????????? ???? ? ?????? ?????
 ; [cca2=GB].translations.pol.common
Expected: Zjednoczone KrÃ³lestwo
     got: Zjednoczone Królestwo
 ; [cca2=GB].translations.pol.official
Expected: Zjednoczone KrÃ³lestwo Wielkiej Brytanii i Irlandii PÃ³Å‚nocnej
     got: Zjednoczone Królestwo Wielkiej Brytanii i Irlandii Pó?nocnej
 ; [cca2=GB].translations.por.official
Expected: Reino Unido da GrÃ£-Bretanha e Irlanda do Norte
     got: Reino Unido da Grã-Bretanha e Irlanda do Norte
 ; [cca2=GB].translations.rus.common
Expected: Ð’ÐµÐ»Ð¸ÐºÐ¾Ð±Ñ€Ð¸Ñ‚Ð°Ð½Ð¸Ñ?
     got: ??????????????
 ; [cca2=GB].translations.rus.official
Expected: Ð¡Ð¾ÐµÐ´Ð¸Ð½ÐµÐ½Ð½Ð¾Ðµ ÐšÐ¾Ñ€Ð¾Ð»ÐµÐ²Ñ?Ñ‚Ð²Ð¾ Ð’ÐµÐ»Ð¸ÐºÐ¾Ð±Ñ€Ð¸Ñ‚Ð°Ð½Ð¸Ð¸ Ð¸ Ð¡ÐµÐ²ÐµÑ€Ð½Ð¾Ð¹ Ð˜Ñ€Ð»Ð°Ð½Ð´Ð¸Ð¸
     got: ??????????? ??????????? ?????????????? ? ???????? ????????
 ; [cca2=GB].translations.slk.common
Expected: VeÄ¾kÃ¡ BritÃ¡nia (SpojenÃ© krÃ¡Ä¾ovstvo)
     got: Ve?ká Británia (Spojené krá?ovstvo)
 ; [cca2=GB].translations.slk.official
Expected: SpojenÃ© krÃ¡Ä¾ovstvo VeÄ¾kej BritÃ¡nie a SevernÃ©hoÃŒrska
     got: Spojené krá?ovstvo Ve?kej Británie a SevernéhoÌrska
 ; [cca2=GB].translations.spa.official
Expected: Reino Unido de Gran BretaÃ±a e Irlanda del Norte
     got: Reino Unido de Gran Bretaña e Irlanda del Norte
 ; [cca2=GB].translations.srp.common
Expected: Ð£Ñ˜ÐµÐ´Ð¸ÑšÐµÐ½Ð¾ ÐšÑ€Ð°Ñ™ÐµÐ²Ñ?Ñ‚Ð²Ð¾
     got: ????????? ??????????
 ; [cca2=GB].translations.srp.official
Expected: Ð£Ñ˜ÐµÐ´Ð¸ÑšÐµÐ½Ð¾ ÐšÑ€Ð°Ñ™ÐµÐ²Ñ?Ñ‚Ð²Ð¾ Ð’ÐµÐ»Ð¸ÐºÐµ Ð‘Ñ€Ð¸Ñ‚Ð°Ð½Ð¸Ñ˜Ðµ Ð¸ Ð¡ÐµÐ²ÐµÑ€Ð½Ðµ Ð˜Ñ€Ñ?ÐºÐµ
     got: ????????? ?????????? ?????? ????????? ? ??????? ?????
 ; [cca2=GB].translations.swe.official
Expected: FÃ¶renade konungariket Storbritannien och Nordirland
     got: Förenade konungariket Storbritannien och Nordirland
 ; [cca2=GB].translations.tur.common
Expected: BirleÅŸik KrallÄ±k
     got: Birle?ik Krall?k
 ; [cca2=GB].translations.tur.official
Expected: BÃ¼yÃ¼k Britanya ve Kuzey Ä°rlanda BirleÅŸik KrallÄ±ÄŸÄ±
     got: Büyük Britanya ve Kuzey ?rlanda Birle?ik Krall???
 ; [cca2=GB].translations.urd.common
Expected: Ù…Ù…Ù„Ú©ØªÙ? Ù…ØªØ­Ø¯Û?
     got: ?????? ?????
 ; [cca2=GB].translations.urd.official
Expected: Ù…Ù…Ù„Ú©ØªÙ? Ù…ØªØ­Ø¯Û? Ø¨Ø±Ø·Ø§Ù†ÛŒÛ? Ø¹Ø¸Ù…ÛŒ Ùˆ Ø´Ù…Ø§Ù„ÛŒ Ø¢Ø¦Ø±Ù„ÛŒÙ†Úˆ
     got: ?????? ????? ??????? ???? ? ????? ???????
 ; [cca2=GB].translations.zho.common
Expected: è‹±å›½
     got: ??
 ; [cca2=GB].translations.zho.official
Expected: å¤§ä¸?åˆ—é¢ å?ŠåŒ—çˆ±å°”å…°è?”å?ˆçŽ‹å›½
     got: ?????????????
 ; [cca2=WS].altSpellings[]
Expected: Malo SaÊ»oloto TutoÊ»atasi o SÄ?moa
     but none found
 ; [cca2=WS].altSpellings[]
Unexpected: Malo Sa?oloto Tuto?atasi o S?moa
 ; [cca2=WS].currencies.WST.name
Expected: Samoan tÄ?lÄ?
     got: Samoan t?l?
 ; [cca2=WS].flag
Expected: ðŸ‡¼ðŸ‡¸
     got: ??
 ; [cca2=WS].name.nativeName.smo.common
Expected: SÄ?moa
     got: S?moa
 ; [cca2=WS].name.nativeName.smo.official
Expected: Malo SaÊ»oloto TutoÊ»atasi o SÄ?moa
     got: Malo Sa?oloto Tuto?atasi o S?moa
 ; [cca2=WS].translations.ara.common
Expected: Ø³Ø§Ù…ÙˆØ§
     got: ?????
 ; [cca2=WS].translations.ara.official
Expected: Ø¯ÙˆÙ„Ø© Ø³Ø§Ù…ÙˆØ§ Ø§Ù„Ù…Ø³ØªÙ‚Ù„Ø©
     got: ???? ????? ????????
 ; [cca2=WS].translations.ces.official
Expected: NezÃ¡vislÃ½ stÃ¡t Samoa
     got: Nezávislý stát Samoa
 ; [cca2=WS].translations.deu.official
Expected: UnabhÃ¤ngige Staat Samoa
     got: Unabhängige Staat Samoa
 ; [cca2=WS].translations.fin.official
Expected: Samoan itsenÃ¤inen valtio
     got: Samoan itsenäinen valtio
 ; [cca2=WS].translations.hrv.official
Expected: Nezavisna DrÅ¾ava Samoa
     got: Nezavisna Država Samoa
 ; [cca2=WS].translations.hun.official
Expected: Szamoai FÃ¼ggetlen Ã?llam
     got: Szamoai Független Állam
 ; [cca2=WS].translations.jpn.common
Expected: ã‚µãƒ¢ã‚¢
     got: ???
 ; [cca2=WS].translations.jpn.official
Expected: ã‚µãƒ¢ã‚¢ç‹¬ç«‹å›½
     got: ??????
 ; [cca2=WS].translations.kor.common
Expected: ì‚¬ëª¨ì•„
     got: ???
 ; [cca2=WS].translations.kor.official
Expected: ì‚¬ëª¨ì•„ ë?…ë¦½êµ­
     got: ??? ???
 ; [cca2=WS].translations.per.common
Expected: Ø³Ø§Ù…ÙˆØ¢
     got: ?????
 ; [cca2=WS].translations.per.official
Expected: Ø§ÛŒØ§Ù„Øª Ù…Ø³ØªÙ‚Ù„ Ø³Ø§Ù…ÙˆØ¢
     got: ????? ????? ?????
 ; [cca2=WS].translations.pol.official
Expected: NiezaleÅ¼ne PaÅ„stwo Samoa
     got: Niezale?ne Pa?stwo Samoa
 ; [cca2=WS].translations.rus.common
Expected: Ð¡Ð°Ð¼Ð¾Ð°
     got: ?????
 ; [cca2=WS].translations.rus.official
Expected: Ð?ÐµÐ·Ð°Ð²Ð¸Ñ?Ð¸Ð¼Ð¾Ðµ Ð“Ð¾Ñ?ÑƒÐ´Ð°Ñ€Ñ?Ñ‚Ð²Ð¾ Ð¡Ð°Ð¼Ð¾Ð°
     got: ??????????? ??????????? ?????
 ; [cca2=WS].translations.slk.official
Expected: NezÃ¡vislÃ½ Å¡tÃ¡tSamoa
     got: Nezávislý štátSamoa
 ; [cca2=WS].translations.srp.common
Expected: Ð¡Ð°Ð¼Ð¾Ð°
     got: ?????
 ; [cca2=WS].translations.srp.official
Expected: Ð?ÐµÐ·Ð°Ð²Ð¸Ñ?Ð½Ð° Ð”Ñ€Ð¶Ð°Ð²Ð° Ð¡Ð°Ð¼Ð¾Ð°
     got: ????????? ?????? ?????
 ; [cca2=WS].translations.swe.official
Expected: SjÃ¤lvstÃ¤ndiga staten Samoa
     got: Självständiga staten Samoa
 ; [cca2=WS].translations.tur.common
Expected: BaÄŸÄ±msÄ±z Samoa Devleti
     got: Ba??ms?z Samoa Devleti
 ; [cca2=WS].translations.tur.official
Expected: BaÄŸÄ±msÄ±z Samoa Devleti
     got: Ba??ms?z Samoa Devleti
 ; [cca2=WS].translations.urd.common
Expected: Ø³Ø§Ù…ÙˆÙˆØ§
     got: ??????
 ; [cca2=WS].translations.urd.official
Expected: Ø¢Ø²Ø§Ø¯ Ø³Ù„Ø·Ù†ØªÙ? Ø³Ø§Ù…ÙˆØ§
     got: ???? ?????? ?????
 ; [cca2=WS].translations.zho.common
Expected: è?¨æ‘©äºš
     got: ???
 ; [cca2=WS].translations.zho.official
Expected: è?¨æ‘©äºšç‹¬ç«‹å›½
     got: ??????
 ; [cca2=GD].flag
Expected: ðŸ‡¬ðŸ‡©
     got: ??
 ; [cca2=GD].translations.ara.common
Expected: ØºØ±ÙŠÙ†Ø§Ø¯Ø§
     got: ???????
 ; [cca2=GD].translations.ara.official
Expected: ØºØ±ÙŠÙ†Ø§Ø¯Ø§
     got: ???????
 ; [cca2=GD].translations.jpn.common
Expected: ã‚°ãƒ¬ãƒŠãƒ€
     got: ????
 ; [cca2=GD].translations.jpn.official
Expected: ã‚°ãƒ¬ãƒŠãƒ€
     got: ????
 ; [cca2=GD].translations.kor.common
Expected: ê·¸ë ˆë‚˜ë‹¤
     got: ????
 ; [cca2=GD].translations.kor.official
Expected: ê·¸ë ˆë‚˜ë‹¤
     got: ????
 ; [cca2=GD].translations.per.common
Expected: Ú¯Ø±Ù†Ø§Ø¯Ø§
     got: ??????
 ; [cca2=GD].translations.per.official
Expected: Ú¯Ø±Ù†Ø§Ø¯Ø§
     got: ??????
 ; [cca2=GD].translations.rus.common
Expected: Ð“Ñ€ÐµÐ½Ð°Ð´Ð°
     got: ???????
 ; [cca2=GD].translations.rus.official
Expected: Ð“Ñ€ÐµÐ½Ð°Ð´Ð°
     got: ???????
 ; [cca2=GD].translations.srp.common
Expected: Ð“Ñ€ÐµÐ½Ð°Ð´Ð°
     got: ???????
 ; [cca2=GD].translations.srp.official
Expected: Ð“Ñ€ÐµÐ½Ð°Ð´Ð°
     got: ???????
 ; [cca2=GD].translations.urd.common
Expected: Ú¯Ø±ÛŒÙ†Ø§ÚˆØ§
     got: ???????
 ; [cca2=GD].translations.urd.official
Expected: Ú¯Ø±ÛŒÙ†Ø§ÚˆØ§
     got: ???????
 ; [cca2=GD].translations.zho.common
Expected: æ ¼æž—çº³è¾¾
     got: ????
 ; [cca2=GD].translations.zho.official
Expected: æ ¼æž—çº³è¾¾
     got: ????
 ; [cca2=GE].currencies.GEL.symbol
Expected: â‚¾
     got: ?
 ; [cca2=GE].demonyms.fra.f
Expected: GÃ©orgienne
     got: Géorgienne
 ; [cca2=GE].demonyms.fra.m
Expected: GÃ©orgien
     got: Géorgien
 ; [cca2=GE].flag
Expected: ðŸ‡¬ðŸ‡ª
     got: ??
 ; [cca2=GE].name.nativeName.kat.common
Expected: áƒ¡áƒ?áƒ¥áƒ?áƒ áƒ—áƒ•áƒ”áƒšáƒ?
     got: ??????????
 ; [cca2=GE].name.nativeName.kat.official
Expected: áƒ¡áƒ?áƒ¥áƒ?áƒ áƒ—áƒ•áƒ”áƒšáƒ?
     got: ??????????
 ; [cca2=GE].translations.ara.common
Expected: Ø¬ÙˆØ±Ø¬ÙŠØ§
     got: ??????
 ; [cca2=GE].translations.ara.official
Expected: Ø¬ÙˆØ±Ø¬ÙŠØ§
     got: ??????
 ; [cca2=GE].translations.fra.common
Expected: GÃ©orgie
     got: Géorgie
 ; [cca2=GE].translations.fra.official
Expected: RÃ©publique de GÃ©orgie
     got: République de Géorgie
 ; [cca2=GE].translations.hun.common
Expected: GrÃºzia
     got: Grúzia
 ; [cca2=GE].translations.hun.official
Expected: GrÃºzia
     got: Grúzia
 ; [cca2=GE].translations.jpn.common
Expected: ã‚°ãƒ«ã‚¸ã‚¢
     got: ????
 ; [cca2=GE].translations.jpn.official
Expected: ã‚°ãƒ«ã‚¸ã‚¢
     got: ????
 ; [cca2=GE].translations.kor.common
Expected: ì¡°ì§€ì•„
     got: ???
 ; [cca2=GE].translations.kor.official
Expected: ì¡°ì§€ì•„
     got: ???
 ; [cca2=GE].translations.nld.common
Expected: GeorgiÃ«
     got: Georgië
 ; [cca2=GE].translations.per.common
Expected: Ú¯Ø±Ø¬Ø³ØªØ§Ù†
     got: ???????
 ; [cca2=GE].translations.per.official
Expected: Ú¯Ø±Ø¬Ø³ØªØ§Ù†
     got: ???????
 ; [cca2=GE].translations.por.common
Expected: GeÃ³rgia
     got: Geórgia
 ; [cca2=GE].translations.rus.common
Expected: Ð“Ñ€ÑƒÐ·Ð¸Ñ?
     got: ??????
 ; [cca2=GE].translations.rus.official
Expected: Ð“Ñ€ÑƒÐ·Ð¸Ñ?
     got: ??????
 ; [cca2=GE].translations.slk.common
Expected: GruzÃ­nsko
     got: Gruzínsko
 ; [cca2=GE].translations.slk.official
Expected: GruzÃ­nsko
     got: Gruzínsko
 ; [cca2=GE].translations.srp.common
Expected: Ð“Ñ€ÑƒÐ·Ð¸Ñ˜Ð°
     got: ???????
 ; [cca2=GE].translations.srp.official
Expected: Ð“Ñ€ÑƒÐ·Ð¸Ñ˜Ð°
     got: ???????
 ; [cca2=GE].translations.tur.common
Expected: GÃ¼rcistan
     got: Gürcistan
 ; [cca2=GE].translations.tur.official
Expected: GÃ¼rcistan
     got: Gürcistan
 ; [cca2=GE].translations.urd.common
Expected: Ø¬Ø§Ø±Ø¬ÛŒØ§
     got: ??????
 ; [cca2=GE].translations.urd.official
Expected: Ø¬Ø§Ø±Ø¬ÛŒØ§
     got: ??????
 ; [cca2=GE].translations.zho.common
Expected: æ ¼é²?å?‰äºš
     got: ????
 ; [cca2=GE].translations.zho.official
Expected: æ ¼é²?å?‰äºš
     got: ????
 ; [cca2=GF].currencies.EUR.symbol
Expected: â‚¬
     got: €
 ; [cca2=GF].flag
Expected: ðŸ‡¬ðŸ‡«
     got: ??
 ; [cca2=GF].name.nativeName.fra.common
Expected: Guyane franÃ§aise
     got: Guyane française
 ; [cca2=GF].translations.ara.common
Expected: ØºÙˆÙŠØ§Ù†Ø§
     got: ??????
 ; [cca2=GF].translations.ara.official
Expected: ØºÙˆÙŠØ§Ù†Ø§ Ø§Ù„Ù?Ø±Ù†Ø³ÙŠØ©
     got: ?????? ????????
 ; [cca2=GF].translations.ces.common
Expected: FrancouzskÃ¡ Guyana
     got: Francouzská Guyana
 ; [cca2=GF].translations.ces.official
Expected: FrancouzskÃ¡ Guyana
     got: Francouzská Guyana
 ; [cca2=GF].translations.deu.common
Expected: FranzÃ¶sisch-Guayana
     got: Französisch-Guayana
 ; [cca2=GF].translations.deu.official
Expected: FranzÃ¶sisch-Guayana
     got: Französisch-Guayana
 ; [cca2=GF].translations.jpn.common
Expected: ãƒ•ãƒ©ãƒ³ã‚¹é ˜ã‚®ã‚¢ãƒŠ
     got: ????????
 ; [cca2=GF].translations.jpn.official
Expected: ã‚®ã‚¢ãƒŠ
     got: ???
 ; [cca2=GF].translations.kor.common
Expected: í”„ëž‘ìŠ¤ë ¹ ê¸°ì•„ë‚˜
     got: ???? ???
 ; [cca2=GF].translations.kor.official
Expected: í”„ëž‘ìŠ¤ë ¹ ê¸°ì•„ë‚˜
     got: ???? ???
 ; [cca2=GF].translations.per.common
Expected: Ú¯ÙˆÛŒØ§Ù† Ù?Ø±Ø§Ù†Ø³Ù‡
     got: ????? ??????
 ; [cca2=GF].translations.per.official
Expected: Ú¯ÙˆÛŒØ§Ù† Ù?Ø±Ø§Ù†Ø³Ù‡
     got: ????? ??????
 ; [cca2=GF].translations.rus.common
Expected: Ð¤Ñ€Ð°Ð½Ñ†ÑƒÐ·Ñ?ÐºÐ°Ñ? Ð“Ð²Ð¸Ð°Ð½Ð°
     got: ??????????? ??????
 ; [cca2=GF].translations.rus.official
Expected: Ð“Ð²Ð¸Ð°Ð½Ð°
     got: ??????
 ; [cca2=GF].translations.slk.official
Expected: FrancÃºzska Guyana
     got: Francúzska Guyana
 ; [cca2=GF].translations.srp.common
Expected: Ð¤Ñ€Ð°Ð½Ñ†ÑƒÑ?ÐºÐ° Ð“Ð²Ð°Ñ˜Ð°Ð½Ð°
     got: ????????? ???????
 ; [cca2=GF].translations.srp.official
Expected: Ð¤Ñ€Ð°Ð½Ñ†ÑƒÑ?ÐºÐ° Ð“Ð²Ð°Ñ˜Ð°Ð½Ð°
     got: ????????? ???????
 ; [cca2=GF].translations.tur.common
Expected: FransÄ±z GuyanasÄ±
     got: Frans?z Guyanas?
 ; [cca2=GF].translations.tur.official
Expected: FransÄ±z GuyanasÄ±
     got: Frans?z Guyanas?
 ; [cca2=GF].translations.urd.common
Expected: Ù?Ø±Ø§Ù†Ø³ÛŒØ³ÛŒ Ú¯ÛŒØ§Ù†Ø§
     got: ???????? ?????
 ; [cca2=GF].translations.urd.official
Expected: Ú¯ÛŒØ§Ù†Ø§
     got: ?????
 ; [cca2=GF].translations.zho.common
Expected: æ³•å±žåœ­äºšé‚£
     got: ?????
 ; [cca2=GF].translations.zho.official
Expected: æ³•å±žåœ­äºšé‚£
     got: ?????
 ; [cca2=GG].currencies.GBP.symbol
Expected: Â£
     got: £
 ; [cca2=GG].currencies.GGP.symbol
Expected: Â£
     got: £
 ; [cca2=GG].flag
Expected: ðŸ‡¬ðŸ‡¬
     got: ??
 ; [cca2=GG].languages.nfr
Expected: GuernÃ©siais
     got: Guernésiais
 ; [cca2=GG].name.nativeName.nfr.common
Expected: DgÃ¨rnÃ©siais
     got: Dgèrnésiais
 ; [cca2=GG].name.nativeName.nfr.official
Expected: DgÃ¨rnÃ©siais
     got: Dgèrnésiais
 ; [cca2=GG].translations.ara.common
Expected: ØºÙŠØ±Ù†Ø²ÙŠ
     got: ??????
 ; [cca2=GG].translations.ara.official
Expected: ØºÙŠØ±Ù†Ø²ÙŠ
     got: ??????
 ; [cca2=GG].translations.ces.official
Expected: RychtÃ¡Å™stvÃ­ Guernsey
     got: Rychtá?ství Guernsey
 ; [cca2=GG].translations.jpn.common
Expected: ã‚¬ãƒ¼ãƒ³ã‚¸ãƒ¼
     got: ?????
 ; [cca2=GG].translations.jpn.official
Expected: ã‚¬ãƒ¼ãƒ³ã‚¸ãƒ¼ã?®å¾—æ„?åˆ†é‡Ž
     got: ??????????
 ; [cca2=GG].translations.kor.common
Expected: ê±´ì§€ ì„¬
     got: ?? ?
 ; [cca2=GG].translations.kor.official
Expected: ê±´ì§€ ì„¬
     got: ?? ?
 ; [cca2=GG].translations.per.common
Expected: Ú¯Ø±Ù†Ø²ÛŒ
     got: ?????
 ; [cca2=GG].translations.per.official
Expected: Ú¯Ø±Ù†Ø²ÛŒ
     got: ?????
 ; [cca2=GG].translations.rus.common
Expected: Ð“ÐµÑ€Ð½Ñ?Ð¸
     got: ??????
 ; [cca2=GG].translations.rus.official
Expected: ÐšÐ¾Ñ€Ð¾Ð½Ð½Ð¾Ðµ Ð²Ð»Ð°Ð´ÐµÐ½Ð¸Ðµ Ð“ÐµÑ€Ð½Ñ?Ð¸
     got: ???????? ???????? ??????
 ; [cca2=GG].translations.spa.official
Expected: BailÃ­a de Guernsey
     got: Bailía de Guernsey
 ; [cca2=GG].translations.srp.common
Expected: Ð“ÐµÑ€Ð½Ð·Ð¸
     got: ??????
 ; [cca2=GG].translations.srp.official
Expected: Ð‘ÐµÑ˜Ð»Ð¸Ð²Ð¸Ðº Ð“ÐµÑ€Ð½Ð·Ð¸
     got: ???????? ??????
 ; [cca2=GG].translations.tur.official
Expected: Guernsey MuhafÄ±zlÄ±ÄŸÄ±
     got: Guernsey Muhaf?zl???
 ; [cca2=GG].translations.urd.common
Expected: Ú¯Ø±Ù†Ø²ÛŒ
     got: ?????
 ; [cca2=GG].translations.urd.official
Expected: Ú¯Ø±Ù†Ø²ÛŒ Ø±ÙˆØ¯Ø¨Ø§Ø±
     got: ????? ??????
 ; [cca2=GG].translations.zho.common
Expected: æ ¹è¥¿å²›
     got: ???
 ; [cca2=GG].translations.zho.official
Expected: æ ¹è¥¿å²›
     got: ???
 ; [cca2=GH].currencies.GHS.symbol
Expected: â‚µ
     got: ?
 ; [cca2=GH].demonyms.fra.f
Expected: GhanÃ©enne
     got: Ghanéenne
 ; [cca2=GH].demonyms.fra.m
Expected: GhanÃ©en
     got: Ghanéen
 ; [cca2=GH].flag
Expected: ðŸ‡¬ðŸ‡­
     got: ??
 ; [cca2=GH].translations.ara.common
Expected: ØºØ§Ù†Ø§
     got: ????
 ; [cca2=GH].translations.ara.official
Expected: Ø¬Ù…Ù‡ÙˆØ±ÙŠØ© ØºØ§Ù†Ø§
     got: ??????? ????
 ; [cca2=GH].translations.ces.official
Expected: GhanskÃ¡ republika
     got: Ghanská republika
 ; [cca2=GH].translations.fra.official
Expected: RÃ©publique du Ghana
     got: République du Ghana
 ; [cca2=GH].translations.hun.common
Expected: GhÃ¡na
     got: Ghána
 ; [cca2=GH].translations.hun.official
Expected: GhÃ¡nai KÃ¶ztÃ¡rsasÃ¡g
     got: Ghánai Köztársaság
 ; [cca2=GH].translations.jpn.common
Expected: ã‚¬ãƒ¼ãƒŠ
     got: ???
 ; [cca2=GH].translations.jpn.official
Expected: ã‚¬ãƒ¼ãƒŠå…±å’Œå›½
     got: ??????
 ; [cca2=GH].translations.kor.common
Expected: ê°€ë‚˜
     got: ??
 ; [cca2=GH].translations.kor.official
Expected: ê°€ë‚˜ ê³µí™”êµ­
     got: ?? ???
 ; [cca2=GH].translations.per.common
Expected: ØºÙ†Ø§
     got: ???
 ; [cca2=GH].translations.per.official
Expected: Ø¬Ù…Ù‡ÙˆØ±ÛŒ ØºÙ†Ø§
     got: ?????? ???
 ; [cca2=GH].translations.por.official
Expected: RepÃºblica do Gana
     got: República do Gana
 ; [cca2=GH].translations.rus.common
Expected: Ð“Ð°Ð½Ð°
     got: ????
 ; [cca2=GH].translations.rus.official
Expected: Ð ÐµÑ?Ð¿ÑƒÐ±Ð»Ð¸ÐºÐ° Ð“Ð°Ð½Ð°
     got: ?????????? ????
 ; [cca2=GH].translations.slk.official
Expected: GhanskÃ¡ republika
     got: Ghanská republika
 ; [cca2=GH].translations.spa.official
Expected: RepÃºblica de Ghana
     got: República de Ghana
 ; [cca2=GH].translations.srp.common
Expected: Ð“Ð°Ð½Ð°
     got: ????
 ; [cca2=GH].translations.srp.official
Expected: Ð ÐµÐ¿ÑƒÐ±Ð»Ð¸ÐºÐ° Ð“Ð°Ð½Ð°
     got: ????????? ????
 ; [cca2=GH].translations.urd.common
Expected: Ú¯Ú¾Ø§Ù†Ø§
     got: ?????
 ; [cca2=GH].translations.urd.official
Expected: Ø¬Ù…Û?ÙˆØ±ÛŒÛ? Ú¯Ú¾Ø§Ù†Ø§
     got: ??????? ?????
 ; [cca2=GH].translations.zho.common
Expected: åŠ çº³
     got: ??
 ; [cca2=GH].translations.zho.official
Expected: åŠ çº³å…±å’Œå›½
     got: ?????
 ; [cca2=GI].currencies.GIP.symbol
Expected: Â£
     got: £
 ; [cca2=GI].flag
Expected: ðŸ‡¬ðŸ‡®
     got: ??
 ; [cca2=GI].translations.ara.common
Expected: Ø¬Ø¨Ù„ Ø·Ø§Ø±Ù‚
     got: ??? ????
 ; [cca2=GI].translations.ara.official
Expected: Ø¬Ø¨Ù„ Ø·Ø§Ø±Ù‚
     got: ??? ????
 ; [cca2=GI].translations.hun.common
Expected: GibraltÃ¡r
     got: Gibraltár
 ; [cca2=GI].translations.hun.official
Expected: GibraltÃ¡r
     got: Gibraltár
 ; [cca2=GI].translations.jpn.common
Expected: ã‚¸ãƒ–ãƒ©ãƒ«ã‚¿ãƒ«
     got: ??????
 ; [cca2=GI].translations.jpn.official
Expected: ã‚¸ãƒ–ãƒ©ãƒ«ã‚¿ãƒ«
     got: ??????
 ; [cca2=GI].translations.kor.common
Expected: ì§€ë¸Œë¡¤í„°
     got: ????
 ; [cca2=GI].translations.kor.official
Expected: ì§€ë¸Œë¡¤í„°
     got: ????
 ; [cca2=GI].translations.per.common
Expected: Ø¬Ø¨Ù„ Ø·Ø§Ø±Ù‚
     got: ??? ????
 ; [cca2=GI].translations.per.official
Expected: Ø¬Ø¨Ù„ Ø·Ø§Ø±Ù‚
     got: ??? ????
 ; [cca2=GI].translations.rus.common
Expected: Ð“Ð¸Ð±Ñ€Ð°Ð»Ñ‚Ð°Ñ€
     got: ?????????
 ; [cca2=GI].translations.rus.official
Expected: Ð“Ð¸Ð±Ñ€Ð°Ð»Ñ‚Ð°Ñ€
     got: ?????????
 ; [cca2=GI].translations.slk.common
Expected: GibraltÃ¡r
     got: Gibraltár
 ; [cca2=GI].translations.slk.official
Expected: GibraltÃ¡r
     got: Gibraltár
 ; [cca2=GI].translations.srp.common
Expected: Ð“Ð¸Ð±Ñ€Ð°Ð»Ñ‚Ð°Ñ€
     got: ?????????
 ; [cca2=GI].translations.srp.official
Expected: Ð“Ð¸Ð±Ñ€Ð°Ð»Ñ‚Ð°Ñ€
     got: ?????????
 ; [cca2=GI].translations.tur.common
Expected: CebelitarÄ±k
     got: Cebelitar?k
 ; [cca2=GI].translations.tur.official
Expected: CebelitarÄ±k
     got: Cebelitar?k
 ; [cca2=GI].translations.urd.common
Expected: Ø¬Ø¨Ù„ Ø§Ù„Ø·Ø§Ø±Ù‚
     got: ??? ??????
 ; [cca2=GI].translations.urd.official
Expected: Ø¬Ø¨Ù„ Ø§Ù„Ø·Ø§Ø±Ù‚
     got: ??? ??????
 ; [cca2=GI].translations.zho.common
Expected: ç›´å¸ƒç½—é™€
     got: ????
 ; [cca2=GI].translations.zho.official
Expected: ç›´å¸ƒç½—é™€
     got: ????
 ; [cca2=GL].altSpellings[]
Expected: GrÃ¸nland
     but none found
 ; [cca2=GL].altSpellings[]
Unexpected: Grønland
 ; [cca2=GL].flag
Expected: ðŸ‡¬ðŸ‡±
     got: ??
 ; [cca2=GL].translations.ara.common
Expected: Ø¬Ø±ÙŠÙ†Ù„Ø§Ù†Ø¯
     got: ????????
 ; [cca2=GL].translations.ara.official
Expected: Ø¬Ø±ÙŠÙ†Ù„Ø§Ù†Ø¯
     got: ????????
 ; [cca2=GL].translations.ces.common
Expected: GrÃ³nsko
     got: Grónsko
 ; [cca2=GL].translations.ces.official
Expected: GrÃ³nsko
     got: Grónsko
 ; [cca2=GL].translations.deu.common
Expected: GrÃ¶nland
     got: Grönland
 ; [cca2=GL].translations.deu.official
Expected: GrÃ¶nland
     got: Grönland
 ; [cca2=GL].translations.est.common
Expected: GrÃ¶Ã¶nimaa
     got: Gröönimaa
 ; [cca2=GL].translations.est.official
Expected: GrÃ¶Ã¶nimaa
     got: Gröönimaa
 ; [cca2=GL].translations.fin.common
Expected: GroÃ¶nlanti
     got: Groönlanti
 ; [cca2=GL].translations.fin.official
Expected: GroÃ¶nlanti
     got: Groönlanti
 ; [cca2=GL].translations.hun.common
Expected: GrÃ¶nland
     got: Grönland
 ; [cca2=GL].translations.hun.official
Expected: GrÃ¶nland
     got: Grönland
 ; [cca2=GL].translations.jpn.common
Expected: ã‚°ãƒªãƒ¼ãƒ³ãƒ©ãƒ³ãƒ‰
     got: ???????
 ; [cca2=GL].translations.jpn.official
Expected: ã‚°ãƒªãƒ¼ãƒ³ãƒ©ãƒ³ãƒ‰
     got: ???????
 ; [cca2=GL].translations.kor.common
Expected: ê·¸ë¦°ëž€ë“œ
     got: ????
 ; [cca2=GL].translations.kor.official
Expected: ê·¸ë¦°ëž€ë“œ
     got: ????
 ; [cca2=GL].translations.per.common
Expected: Ú¯Ø±ÛŒÙ†Ù„Ù†Ø¯
     got: ???????
 ; [cca2=GL].translations.per.official
Expected: Ú¯Ø±ÙˆØ¦Ù†Ù„Ù†Ø¯
     got: ????????
 ; [cca2=GL].translations.por.common
Expected: GronelÃ¢ndia
     got: Gronelândia
 ; [cca2=GL].translations.por.official
Expected: GroenlÃ¢ndia
     got: Groenlândia
 ; [cca2=GL].translations.rus.common
Expected: Ð“Ñ€ÐµÐ½Ð»Ð°Ð½Ð´Ð¸Ñ?
     got: ??????????
 ; [cca2=GL].translations.rus.official
Expected: Ð“Ñ€ÐµÐ½Ð»Ð°Ð½Ð´Ð¸Ñ?
     got: ??????????
 ; [cca2=GL].translations.slk.common
Expected: GrÃ³nsko
     got: Grónsko
 ; [cca2=GL].translations.slk.official
Expected: GrÃ³nsko
     got: Grónsko
 ; [cca2=GL].translations.srp.common
Expected: Ð“Ñ€ÐµÐ½Ð»Ð°Ð½Ð´
     got: ????????
 ; [cca2=GL].translations.srp.official
Expected: Ð“Ñ€ÐµÐ½Ð»Ð°Ð½Ð´
     got: ????????
 ; [cca2=GL].translations.swe.common
Expected: GrÃ¶nland
     got: Grönland
 ; [cca2=GL].translations.swe.official
Expected: GrÃ¶nland
     got: Grönland
 ; [cca2=GL].translations.tur.common
Expected: GrÃ¶nland
     got: Grönland
 ; [cca2=GL].translations.tur.official
Expected: GrÃ¶nland
     got: Grönland
 ; [cca2=GL].translations.urd.common
Expected: Ú¯Ø±ÛŒÙ† Ù„ÛŒÙ†Úˆ
     got: ???? ????
 ; [cca2=GL].translations.urd.official
Expected: Ú¯Ø±ÛŒÙ† Ù„ÛŒÙ†Úˆ
     got: ???? ????
 ; [cca2=GL].translations.zho.common
Expected: æ ¼é™µå…°
     got: ???
 ; [cca2=GL].translations.zho.official
Expected: æ ¼é™µå…°
     got: ???
 ; [cca2=GM].flag
Expected: ðŸ‡¬ðŸ‡²
     got: ??
 ; [cca2=GM].translations.ara.common
Expected: ØºØ§Ù…Ø¨ÙŠØ§
     got: ??????
 ; [cca2=GM].translations.ara.official
Expected: Ø¬Ù…Ù‡ÙˆØ±ÙŠØ© ØºØ§Ù…Ø¨ÙŠØ§
     got: ??????? ??????
 ; [cca2=GM].translations.ces.official
Expected: GambijskÃ¡ republika
     got: Gambijská republika
 ; [cca2=GM].translations.fra.official
Expected: RÃ©publique de Gambie
     got: République de Gambie
 ; [cca2=GM].translations.hun.official
Expected: Gambiai KÃ¶ztÃ¡rsasÃ¡g
     got: Gambiai Köztársaság
 ; [cca2=GM].translations.jpn.common
Expected: ã‚¬ãƒ³ãƒ“ã‚¢
     got: ????
 ; [cca2=GM].translations.jpn.official
Expected: ã‚¬ãƒ³ãƒ“ã‚¢å…±å’Œå›½
     got: ???????
 ; [cca2=GM].translations.kor.common
Expected: ê°?ë¹„ì•„
     got: ???
 ; [cca2=GM].translations.kor.official
Expected: ê°?ë¹„ì•„ ê³µí™”êµ­
     got: ??? ???
 ; [cca2=GM].translations.per.common
Expected: Ú¯Ø§Ù…Ø¨ÛŒØ§
     got: ??????
 ; [cca2=GM].translations.per.official
Expected: Ø¬Ù…Ù‡ÙˆØ±ÛŒ Ú¯Ø§Ù…Ø¨ÛŒØ§
     got: ?????? ??????
 ; [cca2=GM].translations.por.common
Expected: GÃ¢mbia
     got: Gâmbia
 ; [cca2=GM].translations.por.official
Expected: RepÃºblica da GÃ¢mbia
     got: República da Gâmbia
 ; [cca2=GM].translations.rus.common
Expected: Ð“Ð°Ð¼Ð±Ð¸Ñ?
     got: ??????
 ; [cca2=GM].translations.rus.official
Expected: Ð ÐµÑ?Ð¿ÑƒÐ±Ð»Ð¸ÐºÐ° Ð“Ð°Ð¼Ð±Ð¸Ñ?
     got: ?????????? ??????
 ; [cca2=GM].translations.slk.official
Expected: GambijskÃ¡ republika
     got: Gambijská republika
 ; [cca2=GM].translations.spa.official
Expected: RepÃºblica de Gambia
     got: República de Gambia
 ; [cca2=GM].translations.srp.common
Expected: Ð“Ð°Ð¼Ð±Ð¸Ñ˜Ð°
     got: ???????
 ; [cca2=GM].translations.srp.official
Expected: Ð ÐµÐ¿ÑƒÐ±Ð»Ð¸ÐºÐ° Ð“Ð°Ð¼Ð±Ð¸Ñ˜Ð°
     got: ????????? ???????
 ; [cca2=GM].translations.urd.common
Expected: Ú¯ÛŒÙ…Ø¨ÛŒØ§
     got: ??????
 ; [cca2=GM].translations.urd.official
Expected: Ø¬Ù…Û?ÙˆØ±ÛŒÛ? Ú¯ÛŒÙ…Ø¨ÛŒØ§
     got: ??????? ??????
 ; [cca2=GM].translations.zho.common
Expected: å†ˆæ¯”äºš
     got: ???
 ; [cca2=GM].translations.zho.official
Expected: å†ˆæ¯”äºšå…±å’Œå›½
     got: ??????
 ; [cca2=GN].altSpellings[]
Expected: RÃ©publique de GuinÃ©e
     but none found
 ; [cca2=GN].altSpellings[]
Unexpected: République de Guinée
 ; [cca2=GN].demonyms.fra.f
Expected: GuinÃ©enne
     got: Guinéenne
 ; [cca2=GN].demonyms.fra.m
Expected: GuinÃ©en
     got: Guinéen
 ; [cca2=GN].flag
Expected: ðŸ‡¬ðŸ‡³
     got: ??
 ; [cca2=GN].name.nativeName.fra.common
Expected: GuinÃ©e
     got: Guinée
 ; [cca2=GN].name.nativeName.fra.official
Expected: RÃ©publique de GuinÃ©e
     got: République de Guinée
 ; [cca2=GN].translations.ara.common
Expected: ØºÙŠÙ†ÙŠØ§
     got: ?????
 ; [cca2=GN].translations.ara.official
Expected: Ø¬Ù…Ù‡ÙˆØ±ÙŠØ© ØºÙŠÙ†ÙŠØ§
     got: ??????? ?????
 ; [cca2=GN].translations.ces.official
Expected: GuinejskÃ¡ republika
     got: Guinejská republika
 ; [cca2=GN].translations.fra.common
Expected: GuinÃ©e
     got: Guinée
 ; [cca2=GN].translations.fra.official
Expected: RÃ©publique de GuinÃ©e
     got: République de Guinée
 ; [cca2=GN].translations.hun.official
Expected: Guineai KÃ¶ztÃ¡rsasÃ¡g
     got: Guineai Köztársaság
 ; [cca2=GN].translations.jpn.common
Expected: ã‚®ãƒ‹ã‚¢
     got: ???
 ; [cca2=GN].translations.jpn.official
Expected: ã‚®ãƒ‹ã‚¢å…±å’Œå›½
     got: ??????
 ; [cca2=GN].translations.kor.common
Expected: ê¸°ë‹ˆ
     got: ??
 ; [cca2=GN].translations.kor.official
Expected: ê¸°ë‹ˆ ê³µí™”êµ­
     got: ?? ???
 ; [cca2=GN].translations.per.common
Expected: Ù¾Ø§Ù¾ÙˆØ¢ Ú¯ÛŒÙ†Ù‡ Ù†Ùˆ
     got: ????? ???? ??
 ; [cca2=GN].translations.per.official
Expected: Ù…Ù…Ù„Ú©Øª Ù…Ø³ØªÙ‚Ù„ Ù¾Ø§Ù¾ÙˆØ¢ Ú¯ÛŒÙ†Ù‡ Ù†Ùˆ
     got: ????? ????? ????? ???? ??
 ; [cca2=GN].translations.por.common
Expected: GuinÃ©
     got: Guiné
 ; [cca2=GN].translations.por.official
Expected: RepÃºblica da GuinÃ©
     got: República da Guiné
 ; [cca2=GN].translations.rus.common
Expected: Ð“Ð²Ð¸Ð½ÐµÑ?
     got: ??????
 ; [cca2=GN].translations.rus.official
Expected: Ð ÐµÑ?Ð¿ÑƒÐ±Ð»Ð¸ÐºÐ° Ð“Ð²Ð¸Ð½ÐµÑ?
     got: ?????????? ??????
 ; [cca2=GN].translations.slk.official
Expected: GuinejskÃ¡ republika
     got: Guinejská republika
 ; [cca2=GN].translations.spa.official
Expected: RepÃºblica de Guinea
     got: República de Guinea
 ; [cca2=GN].translations.srp.common
Expected: Ð“Ð²Ð°Ñ˜Ð°Ð½Ð°
     got: ???????
 ; [cca2=GN].translations.srp.official
Expected: ÐšÐ¾Ð¾Ð¿ÐµÑ€Ð°Ñ‚Ð¸Ð²Ð½Ð° Ð ÐµÐ¿ÑƒÐ±Ð»Ð¸ÐºÐ° Ð“Ð²Ð°Ñ˜Ð°Ð½Ð°
     got: ???????????? ????????? ???????
 ; [cca2=GN].translations.urd.common
Expected: Ú¯Ù†ÛŒ
     got: ???
 ; [cca2=GN].translations.urd.official
Expected: Ø¬Ù…Û?ÙˆØ±ÛŒÛ? Ú¯Ù†ÛŒ
     got: ??????? ???
 ; [cca2=GN].translations.zho.common
Expected: å‡ å†…äºš
     got: ???
 ; [cca2=GN].translations.zho.official
Expected: å‡ å†…äºšå…±å’Œå›½
     got: ??????
 ; [cca2=GP].currencies.EUR.symbol
Expected: â‚¬
     got: €
 ; [cca2=GP].demonyms.fra.f
Expected: GuadeloupÃ©enne
     got: Guadeloupéenne
 ; [cca2=GP].demonyms.fra.m
Expected: GuadeloupÃ©en
     got: Guadeloupéen
 ; [cca2=GP].flag
Expected: ðŸ‡¬ðŸ‡µ
     got: ??
 ; [cca2=GP].translations.ara.common
Expected: ØºÙˆØ§Ø¯Ù„ÙˆØ¨
     got: ???????
 ; [cca2=GP].translations.ara.official
Expected: ØºÙˆØ§Ø¯Ù„ÙˆØ¨
     got: ???????
 ; [cca2=GP].translations.est.official
Expected: Guadeloupeâ€™i ja sÃµltkondade departemang
     got: Guadeloupe’i ja sõltkondade departemang
 ; [cca2=GP].translations.jpn.common
Expected: ã‚°ã‚¢ãƒ‰ãƒ«ãƒ¼ãƒ—
     got: ??????
 ; [cca2=GP].translations.jpn.official
Expected: ã‚°ã‚¢ãƒ‰ãƒ«ãƒ¼ãƒ—å³¶
     got: ???????
 ; [cca2=GP].translations.kor.common
Expected: ê³¼ë“¤ë£¨í”„
     got: ????
 ; [cca2=GP].translations.kor.official
Expected: ê³¼ë“¤ë£¨í”„
     got: ????
 ; [cca2=GP].translations.per.common
Expected: Ú¯ÙˆØ§Ø¯Ù„ÙˆÙ¾
     got: ???????
 ; [cca2=GP].translations.per.official
Expected: Ú¯ÙˆØ§Ø¯Ù„ÙˆÙ¾
     got: ???????
 ; [cca2=GP].translations.rus.common
Expected: Ð“Ð²Ð°Ð´ÐµÐ»ÑƒÐ¿Ð°
     got: ?????????
 ; [cca2=GP].translations.rus.official
Expected: Ð“Ð²Ð°Ð´ÐµÐ»ÑƒÐ¿Ð°
     got: ?????????
 ; [cca2=GP].translations.srp.common
Expected: Ð“Ð²Ð°Ð´ÐµÐ»ÑƒÐ¿
     got: ????????
 ; [cca2=GP].translations.srp.official
Expected: Ð“Ð²Ð°Ð´ÐµÐ»ÑƒÐ¿
     got: ????????
 ; [cca2=GP].translations.urd.common
Expected: Ú¯ÙˆØ§ÚˆÛŒÙ„ÙˆÙ¾
     got: ????????
 ; [cca2=GP].translations.urd.official
Expected: Ú¯ÙˆØ§ÚˆÛŒÙ„ÙˆÙ¾
     got: ????????
 ; [cca2=GP].translations.zho.common
Expected: ç“œå¾·ç½—æ™®å²›
     got: ?????
 ; [cca2=GP].translations.zho.official
Expected: ç“œå¾·ç½—æ™®å²›
     got: ?????
 ; [cca2=GQ].altSpellings[]
Expected: RepÃºblica de Guinea Ecuatorial
     but none found
 ; [cca2=GQ].altSpellings[]
Expected: RepÃºblica da GuinÃ© Equatorial
     but none found
 ; [cca2=GQ].altSpellings[]
Expected: RÃ©publique de GuinÃ©e Ã©quatoriale
     but none found
 ; [cca2=GQ].altSpellings[]
Unexpected: República da Guiné Equatorial
 ; [cca2=GQ].altSpellings[]
Unexpected: République de Guinée équatoriale
 ; [cca2=GQ].altSpellings[]
Unexpected: República de Guinea Ecuatorial
 ; [cca2=GQ].demonyms.fra.f
Expected: Ã‰quato-guinÃ©enne
     got: Équato-guinéenne
 ; [cca2=GQ].demonyms.fra.m
Expected: Ã‰quato-guinÃ©en
     got: Équato-guinéen
 ; [cca2=GQ].flag
Expected: ðŸ‡¬ðŸ‡¶
     got: ??
 ; [cca2=GQ].name.nativeName.fra.common
Expected: GuinÃ©e Ã©quatoriale
     got: Guinée équatoriale
 ; [cca2=GQ].name.nativeName.fra.official
Expected: RÃ©publique de la GuinÃ©e Ã‰quatoriale
     got: République de la Guinée Équatoriale
 ; [cca2=GQ].name.nativeName.por.common
Expected: GuinÃ© Equatorial
     got: Guiné Equatorial
 ; [cca2=GQ].name.nativeName.por.official
Expected: RepÃºblica da GuinÃ© Equatorial
     got: República da Guiné Equatorial
 ; [cca2=GQ].name.nativeName.spa.official
Expected: RepÃºblica de Guinea Ecuatorial
     got: República de Guinea Ecuatorial
 ; [cca2=GQ].translations.ara.common
Expected: ØºÙŠÙ†ÙŠØ§ Ø§Ù„Ø§Ø³ØªÙˆØ§Ø¦ÙŠØ©
     got: ????? ??????????
 ; [cca2=GQ].translations.ara.official
Expected: Ø¬Ù…Ù‡ÙˆØ±ÙŠØ© ØºÙŠÙ†ÙŠØ§ Ø§Ù„Ø§Ø³ØªÙˆØ§Ø¦ÙŠØ©
     got: ??????? ????? ??????????
 ; [cca2=GQ].translations.ces.common
Expected: RovnÃ­kovÃ¡ Guinea
     got: Rovníková Guinea
 ; [cca2=GQ].translations.ces.official
Expected: Republika RovnÃ­kovÃ¡ Guinea
     got: Republika Rovníková Guinea
 ; [cca2=GQ].translations.deu.common
Expected: Ã„quatorialguinea
     got: Äquatorialguinea
 ; [cca2=GQ].translations.deu.official
Expected: Republik Ã„quatorialguinea
     got: Republik Äquatorialguinea
 ; [cca2=GQ].translations.fin.common
Expected: PÃ¤ivÃ¤ntasaajan Guinea
     got: Päiväntasaajan Guinea
 ; [cca2=GQ].translations.fin.official
Expected: PÃ¤ivÃ¤ntasaajan Guinean tasavalta
     got: Päiväntasaajan Guinean tasavalta
 ; [cca2=GQ].translations.fra.common
Expected: GuinÃ©e Ã©quatoriale
     got: Guinée équatoriale
 ; [cca2=GQ].translations.fra.official
Expected: RÃ©publique de GuinÃ©e Ã©quatoriale
     got: République de Guinée équatoriale
 ; [cca2=GQ].translations.hun.common
Expected: EgyenlÃ­tÅ‘i-Guinea
     got: Egyenlít?i-Guinea
 ; [cca2=GQ].translations.hun.official
Expected: EgyenlÃ­tÅ‘i-Guinea-i KÃ¶ztÃ¡rsasÃ¡g
     got: Egyenlít?i-Guinea-i Köztársaság
 ; [cca2=GQ].translations.jpn.common
Expected: èµ¤é?“ã‚®ãƒ‹ã‚¢
     got: ?????
 ; [cca2=GQ].translations.jpn.official
Expected: èµ¤é?“ã‚®ãƒ‹ã‚¢å…±å’Œå›½
     got: ????????
 ; [cca2=GQ].translations.kor.common
Expected: ì ?ë?„ ê¸°ë‹ˆ
     got: ?? ??
 ; [cca2=GQ].translations.kor.official
Expected: ì ?ë?„ ê¸°ë‹ˆ ê³µí™”êµ­
     got: ?? ?? ???
 ; [cca2=GQ].translations.per.common
Expected: Ú¯ÛŒÙ†Ù‡ Ø§Ø³ØªÙˆØ§ÛŒÛŒ
     got: ???? ???????
 ; [cca2=GQ].translations.per.official
Expected: Ø¬Ù…Ù‡ÙˆØ±ÛŒ Ú¯ÛŒÙ†Ù‡ Ø§Ø³ØªÙˆØ§ÛŒÛŒ
     got: ?????? ???? ???????
 ; [cca2=GQ].translations.pol.common
Expected: Gwinea RÃ³wnikowa
     got: Gwinea Równikowa
 ; [cca2=GQ].translations.pol.official
Expected: Republika Gwinei RÃ³wnikowej
     got: Republika Gwinei Równikowej
 ; [cca2=GQ].translations.por.common
Expected: GuinÃ© Equatorial
     got: Guiné Equatorial
 ; [cca2=GQ].translations.por.official
Expected: RepÃºblica da GuinÃ© Equatorial
     got: República da Guiné Equatorial
 ; [cca2=GQ].translations.rus.common
Expected: Ð­ÐºÐ²Ð°Ñ‚Ð¾Ñ€Ð¸Ð°Ð»ÑŒÐ½Ð°Ñ? Ð“Ð²Ð¸Ð½ÐµÑ?
     got: ?????????????? ??????
 ; [cca2=GQ].translations.rus.official
Expected: Ð ÐµÑ?Ð¿ÑƒÐ±Ð»Ð¸ÐºÐ° Ð­ÐºÐ²Ð°Ñ‚Ð¾Ñ€Ð¸Ð°Ð»ÑŒÐ½Ð°Ñ? Ð“Ð²Ð¸Ð½ÐµÑ?
     got: ?????????? ?????????????? ??????
 ; [cca2=GQ].translations.slk.common
Expected: RovnÃ­kovÃ¡ Guinea
     got: Rovníková Guinea
 ; [cca2=GQ].translations.slk.official
Expected: Republika rovnÃ­kovej Guiney
     got: Republika rovníkovej Guiney
 ; [cca2=GQ].translations.spa.official
Expected: RepÃºblica de Guinea Ecuatorial
     got: República de Guinea Ecuatorial
 ; [cca2=GQ].translations.srp.common
Expected: Ð•ÐºÐ²Ð°Ñ‚Ð¾Ñ€Ð¸Ñ˜Ð°Ð»Ð½Ð° Ð“Ð²Ð¸Ð½ÐµÑ˜Ð°
     got: ????????????? ???????
 ; [cca2=GQ].translations.srp.official
Expected: Ð ÐµÐ¿ÑƒÐ±Ð»Ð¸ÐºÐ° Ð•ÐºÐ²Ð°Ñ‚Ð¾Ñ€Ð¸Ñ˜Ð°Ð»Ð½Ð° Ð“Ð²Ð¸Ð½ÐµÑ˜Ð°
     got: ????????? ????????????? ???????
 ; [cca2=GQ].translations.urd.common
Expected: Ø§Ø³ØªÙˆØ§Ø¦ÛŒ Ú¯Ù†ÛŒ
     got: ??????? ???
 ; [cca2=GQ].translations.urd.official
Expected: Ø¬Ù…Û?ÙˆØ±ÛŒÛ? Ø§Ø³ØªÙˆØ§Ø¦ÛŒ Ú¯Ù†ÛŒ
     got: ??????? ??????? ???
 ; [cca2=GQ].translations.zho.common
Expected: èµ¤é?“å‡ å†…äºš
     got: ?????
 ; [cca2=GQ].translations.zho.official
Expected: èµ¤é?“å‡ å†…äºšå…±å’Œå›½
     got: ????????
 ; [cca2=GR].altSpellings[]
Expected: Î•Î»Î»Î·Î½Î¹ÎºÎ® Î”Î·Î¼Î¿ÎºÏ?Î±Ï„Î¯Î±
     but none found
 ; [cca2=GR].altSpellings[]
Expected: EllÃ¡da
     but none found
 ; [cca2=GR].altSpellings[]
Unexpected: Elláda
 ; [cca2=GR].altSpellings[]
Unexpected: ???????? ??????????
 ; [cca2=GR].currencies.EUR.symbol
Expected: â‚¬
     got: €
 ; [cca2=GR].flag
Expected: ðŸ‡¬ðŸ‡·
     got: ??
 ; [cca2=GR].name.nativeName.ell.common
Expected: Î•Î»Î»Î¬Î´Î±
     got: ??????
 ; [cca2=GR].name.nativeName.ell.official
Expected: Î•Î»Î»Î·Î½Î¹ÎºÎ® Î”Î·Î¼Î¿ÎºÏ?Î±Ï„Î¯Î±
     got: ???????? ??????????
 ; [cca2=GR].translations.ara.common
Expected: Ø§Ù„ÙŠÙˆÙ†Ø§Ù†
     got: ???????
 ; [cca2=GR].translations.ara.official
Expected: Ø§Ù„Ø¬Ù…Ù‡ÙˆØ±ÙŠØ© Ø§Ù„Ù‡ÙŠÙ„ÙŠÙ†ÙŠØ©
     got: ????????? ?????????
 ; [cca2=GR].translations.ces.common
Expected: Å˜ecko
     got: ?ecko
 ; [cca2=GR].translations.ces.official
Expected: Å˜eckÃ¡ republika
     got: ?ecká republika
 ; [cca2=GR].translations.fra.common
Expected: GrÃ¨ce
     got: Grèce
 ; [cca2=GR].translations.fra.official
Expected: RÃ©publique hellÃ©nique
     got: République hellénique
 ; [cca2=GR].translations.hrv.common
Expected: GrÄ?ka
     got: Gr?ka
 ; [cca2=GR].translations.hun.common
Expected: GÃ¶rÃ¶gorszÃ¡g
     got: Görögország
 ; [cca2=GR].translations.hun.official
Expected: GÃ¶rÃ¶g KÃ¶ztÃ¡rsasÃ¡g
     got: Görög Köztársaság
 ; [cca2=GR].translations.jpn.common
Expected: ã‚®ãƒªã‚·ãƒ£
     got: ????
 ; [cca2=GR].translations.jpn.official
Expected: ã‚®ãƒªã‚·ãƒ£å…±å’Œå›½
     got: ???????
 ; [cca2=GR].translations.kor.common
Expected: ê·¸ë¦¬ìŠ¤
     got: ???
 ; [cca2=GR].translations.kor.official
Expected: ê·¸ë¦¬ìŠ¤ ê³µí™”êµ­
     got: ??? ???
 ; [cca2=GR].translations.per.common
Expected: ÛŒÙˆÙ†Ø§Ù†
     got: ?????
 ; [cca2=GR].translations.per.official
Expected: Ø¬Ù…Ù‡ÙˆØ±ÛŒ ÛŒÙˆÙ†Ø§Ù†
     got: ?????? ?????
 ; [cca2=GR].translations.por.common
Expected: GrÃ©cia
     got: Grécia
 ; [cca2=GR].translations.por.official
Expected: RepÃºblica HelÃ©nica
     got: República Helénica
 ; [cca2=GR].translations.rus.common
Expected: Ð“Ñ€ÐµÑ†Ð¸Ñ?
     got: ??????
 ; [cca2=GR].translations.rus.official
Expected: Ð“Ñ€ÐµÑ‡ÐµÑ?ÐºÐ°Ñ? Ð ÐµÑ?Ð¿ÑƒÐ±Ð»Ð¸ÐºÐ°
     got: ????????? ??????????
 ; [cca2=GR].translations.slk.common
Expected: GreÃ©cko
     got: Greécko
 ; [cca2=GR].translations.slk.official
Expected: GrÃ©cka republika
     got: Grécka republika
 ; [cca2=GR].translations.spa.official
Expected: RepÃºblica HelÃ©nica
     got: República Helénica
 ; [cca2=GR].translations.srp.common
Expected: Ð“Ñ€Ñ‡ÐºÐ°
     got: ?????
 ; [cca2=GR].translations.srp.official
Expected: Ð¥ÐµÐ»ÐµÐ½Ñ?ÐºÐ° Ð ÐµÐ¿ÑƒÐ±Ð»Ð¸ÐºÐ°
     got: ???????? ?????????
 ; [cca2=GR].translations.urd.common
Expected: ÛŒÙˆÙ†Ø§Ù†
     got: ?????
 ; [cca2=GR].translations.urd.official
Expected: Ø¬Ù…Û?ÙˆØ±ÛŒÛ? Û?ÛŒÙ„ÛŒÙ†ÛŒÛ?
     got: ??????? ???????
 ; [cca2=GR].translations.zho.common
Expected: å¸Œè…Š
     got: ??
 ; [cca2=GR].translations.zho.official
Expected: å¸Œè…Šå…±å’Œå›½
     got: ?????
 ; [cca2=GS].currencies.SHP.symbol
Expected: Â£
     got: £
 ; [cca2=GS].flag
Expected: ðŸ‡¬ðŸ‡¸
     got: ??
 ; [cca2=GS].translations.ara.common
Expected: Ø¬ÙˆØ±Ø¬ÙŠØ§ Ø§Ù„Ø¬Ù†ÙˆØ¨ÙŠØ©
     got: ?????? ????????
 ; [cca2=GS].translations.ara.official
Expected: Ø¬ÙˆØ±Ø¬ÙŠØ§ Ø§Ù„Ø¬Ù†ÙˆØ¨ÙŠØ© ÙˆØ¬Ø²Ø± Ø³Ø§Ù†Ø¯ÙˆØªØ´ Ø§Ù„Ø¬Ù†ÙˆØ¨ÙŠØ©
     got: ?????? ???????? ???? ??????? ????????
 ; [cca2=GS].translations.ces.common
Expected: JiÅ¾nÃ­ Georgie a JiÅ¾nÃ­ Sandwichovy ostrovy
     got: Jižní Georgie a Jižní Sandwichovy ostrovy
 ; [cca2=GS].translations.ces.official
Expected: JiÅ¾nÃ­ Georgie a JiÅ¾nÃ­ Sandwichovy ostrovy
     got: Jižní Georgie a Jižní Sandwichovy ostrovy
 ; [cca2=GS].translations.deu.common
Expected: SÃ¼dgeorgien und die SÃ¼dlichen Sandwichinseln
     got: Südgeorgien und die Südlichen Sandwichinseln
 ; [cca2=GS].translations.deu.official
Expected: SÃ¼dgeorgien und die SÃ¼dlichen Sandwichinseln
     got: Südgeorgien und die Südlichen Sandwichinseln
 ; [cca2=GS].translations.est.common
Expected: LÃµuna-Georgia ja LÃµuna-Sandwichi saared
     got: Lõuna-Georgia ja Lõuna-Sandwichi saared
 ; [cca2=GS].translations.est.official
Expected: LÃµuna-Georgia ja LÃµuna-Sandwichi saared
     got: Lõuna-Georgia ja Lõuna-Sandwichi saared
 ; [cca2=GS].translations.fin.common
Expected: EtelÃ¤-Georgia ja EtelÃ¤iset Sandwichsaaret
     got: Etelä-Georgia ja Eteläiset Sandwichsaaret
 ; [cca2=GS].translations.fin.official
Expected: EtelÃ¤-Georgia ja EtelÃ¤iset Sandwichsaaret
     got: Etelä-Georgia ja Eteläiset Sandwichsaaret
 ; [cca2=GS].translations.fra.common
Expected: GÃ©orgie du Sud-et-les ÃŽles Sandwich du Sud
     got: Géorgie du Sud-et-les Îles Sandwich du Sud
 ; [cca2=GS].translations.fra.official
Expected: GÃ©orgie du Sud et les Ã®les Sandwich du Sud
     got: Géorgie du Sud et les îles Sandwich du Sud
 ; [cca2=GS].translations.hrv.common
Expected: JuÅ¾na Georgija i otoÄ?je JuÅ¾ni Sandwich
     got: Južna Georgija i oto?je Južni Sandwich
 ; [cca2=GS].translations.hrv.official
Expected: JuÅ¾na DÅ¾ordÅ¾ija i Otoci JuÅ¾ni SendviÄ?
     got: Južna Džordžija i Otoci Južni Sendvi?
 ; [cca2=GS].translations.hun.common
Expected: DÃ©li-Georgia Ã©s DÃ©li-Sandwich-szigetek
     got: Déli-Georgia és Déli-Sandwich-szigetek
 ; [cca2=GS].translations.hun.official
Expected: DÃ©li-Georgia Ã©s DÃ©li-Sandwich-szigetek
     got: Déli-Georgia és Déli-Sandwich-szigetek
 ; [cca2=GS].translations.jpn.common
Expected: ã‚µã‚¦ã‚¹ã‚¸ãƒ§ãƒ¼ã‚¸ã‚¢ãƒ»ã‚µã‚¦ã‚¹ã‚µãƒ³ãƒ‰ã‚¦ã‚£ãƒƒãƒ?è«¸å³¶
     got: ?????????????????????
 ; [cca2=GS].translations.jpn.official
Expected: ã‚µã‚¦ã‚¹ã‚¸ãƒ§ãƒ¼ã‚¸ã‚¢Â·ã‚µã‚¦ã‚¹ã‚µãƒ³ãƒ‰ã‚¦ã‚£ãƒƒãƒ?è«¸å³¶
     got: ????????·????????????
 ; [cca2=GS].translations.kor.common
Expected: ì¡°ì§€ì•„
     got: ???
 ; [cca2=GS].translations.kor.official
Expected: ì¡°ì§€ì•„
     got: ???
 ; [cca2=GS].translations.nld.official
Expected: Zuid-GeorgiÃ« en de Zuidelijke Sandwich-eilanden
     got: Zuid-Georgië en de Zuidelijke Sandwich-eilanden
 ; [cca2=GS].translations.per.common
Expected: Ø¬Ø²Ø§ÛŒØ± Ø¬ÙˆØ±Ø¬ÛŒØ§ÛŒ Ø¬Ù†ÙˆØ¨ÛŒ Ùˆ Ø³Ø§Ù†Ø¯ÙˆÛŒÚ† Ø¬Ù†ÙˆØ¨ÛŒ
     got: ????? ??????? ????? ? ??????? ?????
 ; [cca2=GS].translations.per.official
Expected: Ø¬Ø²Ø§ÛŒØ± Ø¬ÙˆØ±Ø¬ÛŒØ§ÛŒ Ø¬Ù†ÙˆØ¨ÛŒ Ùˆ Ø³Ø§Ù†Ø¯ÙˆÛŒÚ† Ø¬Ù†ÙˆØ¨ÛŒ
     got: ????? ??????? ????? ? ??????? ?????
 ; [cca2=GS].translations.pol.common
Expected: Georgia PoÅ‚udniowa i Sandwich PoÅ‚udniowy
     got: Georgia Po?udniowa i Sandwich Po?udniowy
 ; [cca2=GS].translations.pol.official
Expected: Georgia PoÅ‚udniowa i Sandwich PoÅ‚udniowy
     got: Georgia Po?udniowa i Sandwich Po?udniowy
 ; [cca2=GS].translations.por.common
Expected: Ilhas GeÃ³rgia do Sul e Sandwich do Sul
     got: Ilhas Geórgia do Sul e Sandwich do Sul
 ; [cca2=GS].translations.por.official
Expected: GeÃ³rgia do Sul e Sandwich do Sul
     got: Geórgia do Sul e Sandwich do Sul
 ; [cca2=GS].translations.rus.common
Expected: Ð®Ð¶Ð½Ð°Ñ? Ð“ÐµÐ¾Ñ€Ð³Ð¸Ñ? Ð¸ Ð®Ð¶Ð½Ñ‹Ðµ Ð¡Ð°Ð½Ð´Ð²Ð¸Ñ‡ÐµÐ²Ñ‹ Ð¾Ñ?Ñ‚Ñ€Ð¾Ð²Ð°
     got: ????? ??????? ? ????? ?????????? ???????
 ; [cca2=GS].translations.rus.official
Expected: Ð®Ð¶Ð½Ð°Ñ? Ð“ÐµÐ¾Ñ€Ð³Ð¸Ñ? Ð¸ Ð®Ð¶Ð½Ñ‹Ðµ Ð¡Ð°Ð½Ð´Ð²Ð¸Ñ‡ÐµÐ²Ñ‹ Ð¾Ñ?Ñ‚Ñ€Ð¾Ð²Ð°
     got: ????? ??????? ? ????? ?????????? ???????
 ; [cca2=GS].translations.slk.common
Expected: JuÅ¾nÃ¡ Georgia a JuÅ¾nÃ© Sandwichove ostrovy
     got: Južná Georgia a Južné Sandwichove ostrovy
 ; [cca2=GS].translations.slk.official
Expected: JuÅ¾nÃ¡ Georgia a JuÅ¾nÃ© Sandwichove ostrovy
     got: Južná Georgia a Južné Sandwichove ostrovy
 ; [cca2=GS].translations.srp.common
Expected: ÐˆÑƒÐ¶Ð½Ð° Ð?Ð¾Ñ€ÑŸÐ¸Ñ˜Ð° Ð¸ ÐˆÑƒÐ¶Ð½Ð° Ð¡ÐµÐ½Ð´Ð²Ð¸Ñ‡ÐºÐ° ÐžÑ?Ñ‚Ñ€Ð²Ð°
     got: ????? ??????? ? ????? ????????? ??????
 ; [cca2=GS].translations.srp.official
Expected: ÐˆÑƒÐ¶Ð½Ð° Ð?Ð¾Ñ€ÑŸÐ¸Ñ˜Ð° Ð¸ ÐˆÑƒÐ¶Ð½Ð° Ð¡ÐµÐ½Ð´Ð²Ð¸Ñ‡ÐºÐ° ÐžÑ?Ñ‚Ñ€Ð²Ð°
     got: ????? ??????? ? ????? ????????? ??????
 ; [cca2=GS].translations.tur.common
Expected: GÃ¼ney Georgia ve GÃ¼ney Sandwich AdalarÄ±
     got: Güney Georgia ve Güney Sandwich Adalar?
 ; [cca2=GS].translations.tur.official
Expected: GÃ¼ney Georgia ve GÃ¼ney Sandwich AdalarÄ±
     got: Güney Georgia ve Güney Sandwich Adalar?
 ; [cca2=GS].translations.urd.common
Expected: Ø¬Ù†ÙˆØ¨ÛŒ Ø¬Ø§Ø±Ø¬ÛŒØ§
     got: ????? ??????
 ; [cca2=GS].translations.urd.official
Expected: Ø¬Ù†ÙˆØ¨ÛŒ Ø¬Ø§Ø±Ø¬ÛŒØ§ Ùˆ Ø¬Ø²Ø§Ø¦Ø± Ø¬Ù†ÙˆØ¨ÛŒ Ø³ÛŒÙ†ÚˆÙˆÚ†
     got: ????? ?????? ? ????? ????? ??????
 ; [cca2=GS].translations.zho.common
Expected: å?—ä¹”æ²»äºš
     got: ????
 ; [cca2=GS].translations.zho.official
Expected: å?—ä¹”æ²»äºšå²›å’Œå?—æ¡‘å¨?å¥‡ç¾¤å²›
     got: ????????????
 ; [cca2=GT].demonyms.fra.f
Expected: GuatÃ©maltÃ¨que
     got: Guatémaltèque
 ; [cca2=GT].demonyms.fra.m
Expected: GuatÃ©maltÃ¨que
     got: Guatémaltèque
 ; [cca2=GT].flag
Expected: ðŸ‡¬ðŸ‡¹
     got: ??
 ; [cca2=GT].name.nativeName.spa.official
Expected: RepÃºblica de Guatemala
     got: República de Guatemala
 ; [cca2=GT].translations.ara.common
Expected: ØºÙˆØ§ØªÙŠÙ…Ø§Ù„Ø§
     got: ?????????
 ; [cca2=GT].translations.ara.official
Expected: Ø¬Ù…Ù‡ÙˆØ±ÙŠØ© ØºÙˆØ§ØªÙŠÙ…Ø§Ù„Ø§
     got: ??????? ?????????
 ; [cca2=GT].translations.fra.official
Expected: RÃ©publique du Guatemala
     got: République du Guatemala
 ; [cca2=GT].translations.hun.official
Expected: Guatemalai KÃ¶ztÃ¡rsasÃ¡g
     got: Guatemalai Köztársaság
 ; [cca2=GT].translations.jpn.common
Expected: ã‚°ã‚¢ãƒ†ãƒžãƒ©
     got: ?????
 ; [cca2=GT].translations.jpn.official
Expected: ã‚°ã‚¢ãƒ†ãƒžãƒ©å…±å’Œå›½
     got: ????????
 ; [cca2=GT].translations.kor.common
Expected: ê³¼í…Œë§?ë?¼
     got: ????
 ; [cca2=GT].translations.kor.official
Expected: ê³¼í…Œë§?ë?¼ ê³µí™”êµ­
     got: ???? ???
 ; [cca2=GT].translations.per.common
Expected: Ú¯ÙˆØ§ØªÙ?Ù…Ø§Ù„Ø§
     got: ?????????
 ; [cca2=GT].translations.per.official
Expected: Ø¬Ù…Ù‡ÙˆØ±ÛŒ Ú¯ÙˆØ§ØªÙ?Ù…Ø§Ù„Ø§
     got: ?????? ?????????
 ; [cca2=GT].translations.por.official
Expected: RepÃºblica da Guatemala
     got: República da Guatemala
 ; [cca2=GT].translations.rus.common
Expected: Ð“Ð²Ð°Ñ‚ÐµÐ¼Ð°Ð»Ð°
     got: ?????????
 ; [cca2=GT].translations.rus.official
Expected: Ð ÐµÑ?Ð¿ÑƒÐ±Ð»Ð¸ÐºÐ° Ð“Ð²Ð°Ñ‚ÐµÐ¼Ð°Ð»Ð°
     got: ?????????? ?????????
 ; [cca2=GT].translations.slk.official
Expected: GuatemalskÃ¡ republika
     got: Guatemalská republika
 ; [cca2=GT].translations.spa.official
Expected: RepÃºblica de Guatemala
     got: República de Guatemala
 ; [cca2=GT].translations.srp.common
Expected: Ð“Ð²Ð°Ñ‚ÐµÐ¼Ð°Ð»Ð°
     got: ?????????
 ; [cca2=GT].translations.srp.official
Expected: Ð ÐµÐ¿ÑƒÐ±Ð»Ð¸ÐºÐ° Ð“Ð²Ð°Ñ‚ÐµÐ¼Ð°Ð»Ð°
     got: ????????? ?????????
 ; [cca2=GT].translations.urd.common
Expected: Ú¯ÙˆØ§ØªÛŒÙ…Ø§Ù„Ø§
     got: ?????????
 ; [cca2=GT].translations.urd.official
Expected: Ø¬Ù…Û?ÙˆØ±ÛŒÛ? Ú¯ÙˆØ§ØªÛŒÙ…Ø§Ù„Ø§
     got: ??????? ?????????
 ; [cca2=GT].translations.zho.common
Expected: å?±åœ°é©¬æ‹‰
     got: ????
 ; [cca2=GT].translations.zho.official
Expected: å?±åœ°é©¬æ‹‰å…±å’Œå›½
     got: ???????
 ; [cca2=GU].altSpellings[]
Expected: GuÃ¥hÃ¥n
     but none found
 ; [cca2=GU].altSpellings[]
Unexpected: Guåhån
 ; [cca2=GU].capital[]
Expected: HagÃ¥tÃ±a
     but none found
 ; [cca2=GU].capital[]
Unexpected: Hagåtña
 ; [cca2=GU].flag
Expected: ðŸ‡¬ðŸ‡º
     got: ??
 ; [cca2=GU].name.nativeName.cha.common
Expected: GuÃ¥hÃ¥n
     got: Guåhån
 ; [cca2=GU].name.nativeName.cha.official
Expected: GuÃ¥hÃ¥n
     got: Guåhån
 ; [cca2=GU].translations.ara.common
Expected: ØºÙˆØ§Ù…
     got: ????
 ; [cca2=GU].translations.ara.official
Expected: ØºÙˆØ§Ù…
     got: ????
 ; [cca2=GU].translations.jpn.common
Expected: ã‚°ã‚¢ãƒ 
     got: ???
 ; [cca2=GU].translations.jpn.official
Expected: ã‚°ã‚¢ãƒ 
     got: ???
 ; [cca2=GU].translations.kor.common
Expected: ê´Œ
     got: ?
 ; [cca2=GU].translations.kor.official
Expected: ê´Œ
     got: ?
 ; [cca2=GU].translations.per.common
Expected: Ú¯ÙˆØ¢Ù…
     got: ????
 ; [cca2=GU].translations.per.official
Expected: Ú¯ÙˆØ¢Ù…
     got: ????
 ; [cca2=GU].translations.rus.common
Expected: Ð“ÑƒÐ°Ð¼
     got: ????
 ; [cca2=GU].translations.rus.official
Expected: Ð“ÑƒÐ°Ð¼
     got: ????
 ; [cca2=GU].translations.srp.common
Expected: Ð“ÑƒÐ°Ð¼
     got: ????
 ; [cca2=GU].translations.srp.official
Expected: Ð“ÑƒÐ°Ð¼
     got: ????
 ; [cca2=GU].translations.tur.official
Expected: Guam TopraÄŸÄ±
     got: Guam Topra??
 ; [cca2=GU].translations.urd.common
Expected: Ú¯ÙˆØ§Ù…
     got: ????
 ; [cca2=GU].translations.urd.official
Expected: Ú¯ÙˆØ§Ù…
     got: ????
 ; [cca2=GU].translations.zho.common
Expected: å…³å²›
     got: ??
 ; [cca2=GU].translations.zho.official
Expected: å…³å²›
     got: ??
 ; [cca2=GW].altSpellings[]
Expected: RepÃºblica da GuinÃ©-Bissau
     but none found
 ; [cca2=GW].altSpellings[]
Unexpected: República da Guiné-Bissau
 ; [cca2=GW].demonyms.fra.f
Expected: Bissau-GuinÃ©enne
     got: Bissau-Guinéenne
 ; [cca2=GW].demonyms.fra.m
Expected: Bissau-GuinÃ©en
     got: Bissau-Guinéen
 ; [cca2=GW].flag
Expected: ðŸ‡¬ðŸ‡¼
     got: ??
 ; [cca2=GW].name.nativeName.por.common
Expected: GuinÃ©-Bissau
     got: Guiné-Bissau
 ; [cca2=GW].name.nativeName.por.official
Expected: RepÃºblica da GuinÃ©-Bissau
     got: República da Guiné-Bissau
 ; [cca2=GW].name.nativeName.pov.common
Expected: GuinÃ©-Bissau
     got: Guiné-Bissau
 ; [cca2=GW].name.nativeName.pov.official
Expected: RepÃºblica da GuinÃ©-Bissau
     got: República da Guiné-Bissau
 ; [cca2=GW].translations.ara.common
Expected: ØºÙŠÙ†ÙŠØ§ Ø¨ÙŠØ³Ø§Ùˆ
     got: ????? ?????
 ; [cca2=GW].translations.ara.official
Expected: Ø¬Ù…Ù‡ÙˆØ±ÙŠØ© ØºÙŠÙ†ÙŠØ§ Ø¨ÙŠØ³Ø§Ùˆ
     got: ??????? ????? ?????
 ; [cca2=GW].translations.fra.common
Expected: GuinÃ©e-Bissau
     got: Guinée-Bissau
 ; [cca2=GW].translations.fra.official
Expected: RÃ©publique de GuinÃ©e-Bissau
     got: République de Guinée-Bissau
 ; [cca2=GW].translations.hun.official
Expected: Bissau-Guineai KÃ¶ztÃ¡rsasÃ¡g
     got: Bissau-Guineai Köztársaság
 ; [cca2=GW].translations.jpn.common
Expected: ã‚®ãƒ‹ã‚¢ãƒ“ã‚µã‚¦
     got: ??????
 ; [cca2=GW].translations.jpn.official
Expected: ã‚®ãƒ‹ã‚¢ãƒ“ã‚µã‚¦å…±å’Œå›½
     got: ?????????
 ; [cca2=GW].translations.kor.common
Expected: ê¸°ë‹ˆë¹„ì‚¬ìš°
     got: ?????
 ; [cca2=GW].translations.kor.official
Expected: ê¸°ë‹ˆë¹„ì‚¬ìš° ê³µí™”êµ­
     got: ????? ???
 ; [cca2=GW].translations.per.common
Expected: Ú¯ÛŒÙ†Ù‡ Ø¨ÛŒØ³Ø§Ø¦Ùˆ
     got: ???? ??????
 ; [cca2=GW].translations.per.official
Expected: Ø¬Ù…Ù‡ÙˆØ±ÛŒ Ú¯ÛŒÙ†Ù‡ Ø¨ÛŒØ³Ø§Ø¦Ùˆ
     got: ?????? ???? ??????
 ; [cca2=GW].translations.por.common
Expected: GuinÃ©-Bissau
     got: Guiné-Bissau
 ; [cca2=GW].translations.por.official
Expected: RepÃºblica da GuinÃ©-Bissau
     got: República da Guiné-Bissau
 ; [cca2=GW].translations.rus.common
Expected: Ð“Ð²Ð¸Ð½ÐµÑ?-Ð‘Ð¸Ñ?Ð°Ñƒ
     got: ??????-?????
 ; [cca2=GW].translations.rus.official
Expected: Ð ÐµÑ?Ð¿ÑƒÐ±Ð»Ð¸ÐºÐ° Ð“Ð²Ð¸Ð½ÐµÑ? -Ð‘Ð¸Ñ?Ð°Ñƒ
     got: ?????????? ?????? -?????
 ; [cca2=GW].translations.slk.official
Expected: Guinejsko-bissauskÃ¡ republika
     got: Guinejsko-bissauská republika
 ; [cca2=GW].translations.spa.common
Expected: Guinea-BisÃ¡u
     got: Guinea-Bisáu
 ; [cca2=GW].translations.spa.official
Expected: RepÃºblica de Guinea-Bissau
     got: República de Guinea-Bissau
 ; [cca2=GW].translations.srp.common
Expected: Ð“Ð²Ð¸Ð½ÐµÑ˜Ð° Ð‘Ð¸Ñ?Ð°Ð¾
     got: ??????? ?????
 ; [cca2=GW].translations.srp.official
Expected: Ð ÐµÐ¿ÑƒÐ±Ð»Ð¸ÐºÐ° Ð“Ð²Ð¸Ð½ÐµÑ˜Ð° Ð‘Ð¸Ñ?Ð°Ð¾
     got: ????????? ??????? ?????
 ; [cca2=GW].translations.urd.common
Expected: Ú¯Ù†ÛŒ Ø¨Ø³Ø§Ø¤
     got: ??? ????
 ; [cca2=GW].translations.urd.official
Expected: Ø¬Ù…Û?ÙˆØ±ÛŒÛ? Ú¯Ù†ÛŒ Ø¨Ø³Ø§Ø¤
     got: ??????? ??? ????
 ; [cca2=GW].translations.zho.common
Expected: å‡ å†…äºšæ¯”ç»?
     got: ?????
 ; [cca2=GW].translations.zho.official
Expected: å‡ å†…äºšæ¯”ç»?å…±å’Œå›½
     got: ????????
 ; [cca2=GY].flag
Expected: ðŸ‡¬ðŸ‡¾
     got: ??
 ; [cca2=GY].translations.ara.common
Expected: ØºÙŠØ§Ù†Ø§
     got: ?????
 ; [cca2=GY].translations.ara.official
Expected: Ø¬Ù…Ù‡ÙˆØ±ÙŠØ© ØºÙŠØ§Ù†Ø§ Ø§Ù„ØªØ¹Ø§ÙˆÙ†ÙŠØ©
     got: ??????? ????? ?????????
 ; [cca2=GY].translations.ces.official
Expected: KooperativnÃ­ republika Guyana
     got: Kooperativní republika Guyana
 ; [cca2=GY].translations.fra.official
Expected: RÃ©publique coopÃ©rative de Guyana
     got: République coopérative de Guyana
 ; [cca2=GY].translations.hun.official
Expected: Guyanai SzÃ¶vetkezeti KÃ¶ztÃ¡rsasÃ¡g
     got: Guyanai Szövetkezeti Köztársaság
 ; [cca2=GY].translations.jpn.common
Expected: ã‚¬ã‚¤ã‚¢ãƒŠ
     got: ????
 ; [cca2=GY].translations.jpn.official
Expected: ã‚¬ã‚¤ã‚¢ãƒŠã?®å?”å?Œå…±å’Œå›½
     got: ??????????
 ; [cca2=GY].translations.kor.common
Expected: ê°€ì?´ì•„ë‚˜
     got: ????
 ; [cca2=GY].translations.kor.official
Expected: ê°€ì?´ì•„ë‚˜ í˜‘ë?™ ê³µí™”êµ­
     got: ???? ?? ???
 ; [cca2=GY].translations.nld.official
Expected: CoÃ¶peratieve Republiek Guyana
     got: Coöperatieve Republiek Guyana
 ; [cca2=GY].translations.per.common
Expected: Ú¯ÙˆÛŒØ§Ù†
     got: ?????
 ; [cca2=GY].translations.per.official
Expected: Ø¬Ù…Ù‡ÙˆØ±ÛŒ ØªØ¹Ø§ÙˆÙ†ÛŒ Ú¯ÙˆÛŒØ§Ù†
     got: ?????? ?????? ?????
 ; [cca2=GY].translations.por.official
Expected: Co -operative RepÃºblica da Guiana
     got: Co -operative República da Guiana
 ; [cca2=GY].translations.rus.common
Expected: Ð“Ð°Ð¹Ð°Ð½Ð°
     got: ??????
 ; [cca2=GY].translations.rus.official
Expected: ÐšÐ¾Ð¾Ð¿ÐµÑ€Ð°Ñ‚Ð¸Ð²Ð½Ð°Ñ? Ð ÐµÑ?Ð¿ÑƒÐ±Ð»Ð¸ÐºÐ° Ð“Ð°Ð¹Ð°Ð½Ð°
     got: ????????????? ?????????? ??????
 ; [cca2=GY].translations.slk.official
Expected: GuyanskÃ¡ kooperatÃ­vna republika
     got: Guyanská kooperatívna republika
 ; [cca2=GY].translations.spa.official
Expected: RepÃºblica Cooperativa de Guyana
     got: República Cooperativa de Guyana
 ; [cca2=GY].translations.srp.common
Expected: Ð“Ð²Ð°Ñ˜Ð°Ð½Ð°
     got: ???????
 ; [cca2=GY].translations.srp.official
Expected: ÐšÐ¾Ð¾Ð¿ÐµÑ€Ð°Ñ‚Ð¸Ð²Ð½Ð° Ð ÐµÐ¿ÑƒÐ±Ð»Ð¸ÐºÐ° Ð“Ð²Ð°Ñ˜Ð°Ð½Ð°
     got: ???????????? ????????? ???????
 ; [cca2=GY].translations.urd.common
Expected: Ú¯ÛŒØ§Ù†Ø§
     got: ?????
 ; [cca2=GY].translations.urd.official
Expected: ØªØ¹Ø§ÙˆÙ†ÛŒ Ø¬Ù…Û?ÙˆØ±ÛŒÛ? Ú¯ÛŒØ§Ù†Ø§
     got: ?????? ??????? ?????
 ; [cca2=GY].translations.zho.common
Expected: åœ­äºšé‚£
     got: ???
 ; [cca2=GY].translations.zho.official
Expected: åœ­äºšé‚£å…±å’Œå›½
     got: ??????
 ; [cca2=XK].altSpellings[]
Expected: Ð ÐµÐ¿ÑƒÐ±Ð»Ð¸ÐºÐ° ÐšÐ¾Ñ?Ð¾Ð²Ð¾
     but none found
 ; [cca2=XK].altSpellings[]
Unexpected: ????????? ??????
 ; [cca2=XK].currencies.EUR.symbol
Expected: â‚¬
     got: €
 ; [cca2=XK].flag
Expected: ðŸ‡½ðŸ‡°
     got: ??
 ; [cca2=XK].name.nativeName.sqi.official
Expected: Republika e KosovÃ«s
     got: Republika e Kosovës
 ; [cca2=XK].name.nativeName.srp.common
Expected: ÐšÐ¾Ñ?Ð¾Ð²Ð¾
     got: ??????
 ; [cca2=XK].name.nativeName.srp.official
Expected: Ð ÐµÐ¿ÑƒÐ±Ð»Ð¸ÐºÐ° ÐšÐ¾Ñ?Ð¾Ð²Ð¾
     got: ????????? ??????
 ; [cca2=XK].translations.ara.common
Expected: ÙƒÙˆØ³ÙˆÙ?Ùˆ
     got: ??????
 ; [cca2=XK].translations.ara.official
Expected: Ø¬Ù…Ù‡ÙˆØ±ÙŠØ© ÙƒÙˆØ³ÙˆÙ?Ùˆ
     got: ??????? ??????
 ; [cca2=XK].translations.ces.official
Expected: KosovskÃ¡ republika
     got: Kosovská republika
 ; [cca2=XK].translations.fra.official
Expected: RÃ©publique du Kosovo
     got: République du Kosovo
 ; [cca2=XK].translations.hun.common
Expected: KoszovÃ³
     got: Koszovó
 ; [cca2=XK].translations.hun.official
Expected: KoszovÃ³
     got: Koszovó
 ; [cca2=XK].translations.kor.common
Expected: ì½”ì†Œë³´
     got: ???
 ; [cca2=XK].translations.kor.official
Expected: ì½”ì†Œë³´ ê³µí™”êµ­
     got: ??? ???
 ; [cca2=XK].translations.per.common
Expected: Ú©ÙˆØ²ÙˆÙˆ
     got: ?????
 ; [cca2=XK].translations.per.official
Expected: Ø¬Ù…Ù‡ÙˆØ±ÛŒ Ú©ÙˆØ²ÙˆÙˆ
     got: ?????? ?????
 ; [cca2=XK].translations.por.official
Expected: RepÃºblica do Kosovo
     got: República do Kosovo
 ; [cca2=XK].translations.rus.common
Expected: Ð ÐµÑ?Ð¿ÑƒÐ±Ð»Ð¸ÐºÐ° ÐšÐ¾Ñ?Ð¾Ð²Ð¾
     got: ?????????? ??????
 ; [cca2=XK].translations.rus.official
Expected: Ð ÐµÑ?Ð¿ÑƒÐ±Ð»Ð¸ÐºÐ° ÐšÐ¾Ñ?Ð¾Ð²Ð¾
     got: ?????????? ??????
 ; [cca2=XK].translations.spa.official
Expected: RepÃºblica de Kosovo
     got: República de Kosovo
 ; [cca2=XK].translations.srp.common
Expected: ÐšÐ¾Ñ?Ð¾Ð²Ð¾
     got: ??????
 ; [cca2=XK].translations.srp.official
Expected: Ð ÐµÐ¿ÑƒÐ±Ð»Ð¸ÐºÐ° ÐšÐ¾Ñ?Ð¾Ð²Ð¾
     got: ????????? ??????
 ; [cca2=XK].translations.urd.common
Expected: Ú©ÙˆØ³ÙˆÙˆÛ?
     got: ??????
 ; [cca2=XK].translations.urd.official
Expected: Ø¬Ù…Û?ÙˆØ±ÛŒÛ? Ú©ÙˆØ³ÙˆÙˆÛ?
     got: ??????? ??????
 ; [cca2=XK].translations.zho.common
Expected: ç§‘ç´¢æ²ƒ
     got: ???
 ; [cca2=XK].translations.zho.official
Expected: ç§‘ç´¢æ²ƒå…±å’Œå›½
     got: ??????
 ; [cca2=HK].flag
Expected: ðŸ‡­ðŸ‡°
     got: ??
 ; [cca2=HK].name.nativeName.zho.common
Expected: é¦™æ¸¯
     got: ??
 ; [cca2=HK].name.nativeName.zho.official
Expected: ä¸­å?Žäººæ°‘å…±å’Œå›½é¦™æ¸¯ç‰¹åˆ«è¡Œæ”¿åŒº
     got: ??????????????
 ; [cca2=HK].tld[]
Expected: .é¦™æ¸¯
     but none found
 ; [cca2=HK].tld[]
Unexpected: .??
 ; [cca2=HK].translations.ara.common
Expected: Ù‡ÙˆÙ†Øº ÙƒÙˆÙ†Øº
     got: ???? ????
 ; [cca2=HK].translations.ara.official
Expected: Ù…Ù†Ø·Ù‚Ø© Ù‡ÙˆÙ†Øº ÙƒÙˆÙ†Øº Ø§Ù„Ø§Ø¯Ø§Ø±ÙŠØ© Ø§Ù„ØªØ§Ø¨Ø¹Ø© Ù„Ø¬Ù…Ù‡ÙˆØ±ÙŠØ© Ø§Ù„ØµÙŠÙ† Ø§Ù„Ø´Ø¹Ø¨ÙŠØ©
     got: ????? ???? ???? ???????? ??????? ???????? ????? ???????
 ; [cca2=HK].translations.ces.official
Expected: ZvlÃ¡Å¡tnÃ­ administrativnÃ­ oblast ÄŒÃ­nskÃ© lidovÃ© republiky Hongkong
     got: Zvláštní administrativní oblast ?ínské lidové republiky Hongkong
 ; [cca2=HK].translations.fra.official
Expected: RÃ©gion administrative spÃ©ciale de Hong Kong de la RÃ©publique populaire de Chine
     got: Région administrative spéciale de Hong Kong de la République populaire de Chine
 ; [cca2=HK].translations.hrv.official
Expected: Hong Kong Posebnog upravnog podruÄ?jaNarodne Republike Kine
     got: Hong Kong Posebnog upravnog podru?jaNarodne Republike Kine
 ; [cca2=HK].translations.jpn.common
Expected: é¦™æ¸¯
     got: ??
 ; [cca2=HK].translations.jpn.official
Expected: ä¸­è?¯äººæ°‘å…±å’Œå›½é¦™æ¸¯ç‰¹åˆ¥è¡Œæ”¿åŒº
     got: ??????????????
 ; [cca2=HK].translations.kor.common
Expected: í™?ì½©
     got: ??
 ; [cca2=HK].translations.kor.official
Expected: ì¤‘í™”ì?¸ë¯¼ê³µí™”êµ­ í™?ì½© íŠ¹ë³„í–‰ì •êµ¬
     got: ??????? ?? ?????
 ; [cca2=HK].translations.per.common
Expected: Ù‡Ù?Ù†Ú¯ Ú©Ù?Ù†Ú¯
     got: ???? ????
 ; [cca2=HK].translations.per.official
Expected: Ù‡Ù?Ù†Ú¯ Ú©Ù?Ù†Ú¯
     got: ???? ????
 ; [cca2=HK].translations.pol.official
Expected: Specjalny Region Administracyjny ChiÅ„skiej Republiki Ludowej Hongkong
     got: Specjalny Region Administracyjny Chi?skiej Republiki Ludowej Hongkong
 ; [cca2=HK].translations.por.official
Expected: Hong Kong RegiÃ£o Administrativa Especial da RepÃºblica Popular da China
     got: Hong Kong Região Administrativa Especial da República Popular da China
 ; [cca2=HK].translations.rus.common
Expected: Ð“Ð¾Ð½ÐºÐ¾Ð½Ð³
     got: ???????
 ; [cca2=HK].translations.rus.official
Expected: Hong Kong Ð¡Ð¿ÐµÑ†Ð¸Ð°Ð»ÑŒÐ½Ñ‹Ð¹ Ð°Ð´Ð¼Ð¸Ð½Ð¸Ñ?Ñ‚Ñ€Ð°Ñ‚Ð¸Ð²Ð½Ñ‹Ð¹ Ñ€Ð°Ð¹Ð¾Ð½ ÐšÐ¸Ñ‚Ð°Ð¹Ñ?ÐºÐ¾Ð¹ Ð?Ð°Ñ€Ð¾Ð´Ð½Ð¾Ð¹ Ð ÐµÑ?Ð¿ÑƒÐ±Ð»Ð¸ÐºÐ¸ ÐšÐ¸Ñ‚Ð°Ñ?
     got: Hong Kong ??????????? ???????????????? ????? ????????? ???????? ?????????? ?????
 ; [cca2=HK].translations.slk.official
Expected: Å peciÃ¡lna administratÃ­vna oblasÅ¥ÄŒÃ­nskej Ä¾udovej republiky Hongkong
     got: Špeciálna administratívna oblas??ínskej ?udovej republiky Hongkong
 ; [cca2=HK].translations.spa.official
Expected: Hong Kong RegiÃ³n Administrativa Especial de la RepÃºblica Popular China
     got: Hong Kong Región Administrativa Especial de la República Popular China
 ; [cca2=HK].translations.srp.common
Expected: Ð¥Ð¾Ð½Ð³ÐºÐ¾Ð½Ð³
     got: ????????
 ; [cca2=HK].translations.srp.official
Expected: Ð¥Ð¾Ð½Ð³ÐºÐ¾Ð½Ð³ Ñ?Ð¿ÐµÑ†Ð¸Ñ˜Ð°Ð»Ð½Ð° Ð°Ð´Ð¼Ð¸Ð½Ð¸Ñ?Ñ‚Ñ€Ð°Ñ‚Ð¸Ð²Ð½Ð° Ð¾Ð±Ð»Ð°Ñ?Ñ‚ Ð?Ð°Ñ€Ð¾Ð´Ð½Ðµ Ð ÐµÐ¿ÑƒÐ±Ð»Ð¸ÐºÐµ ÐšÐ¸Ð½Ðµ
     got: ???????? ?????????? ??????????????? ?????? ??????? ????????? ????
 ; [cca2=HK].translations.tur.official
Expected: Ã‡in Halk Cumhuriyeti Hong Kong Ã–zel Ä°dari BÃ¶lgesi
     got: Çin Halk Cumhuriyeti Hong Kong Özel ?dari Bölgesi
 ; [cca2=HK].translations.urd.common
Expected: Û?Ø§Ù†Ú¯ Ú©Ø§Ù†Ú¯
     got: ???? ????
 ; [cca2=HK].translations.urd.official
Expected: Û?Ø§Ù†Ú¯ Ú©Ø§Ù†Ú¯ Ø¹ÙˆØ§Ù…ÛŒ Ø¬Ù…Û?ÙˆØ±ÛŒÛ? Ú†ÛŒÙ† Ú©Ø§ Ø®ØµÙˆØµÛŒ Ø§Ù†ØªØ¸Ø§Ù…ÛŒ Ø¹Ù„Ø§Ù‚Û?
     got: ???? ???? ????? ??????? ??? ?? ????? ??????? ?????
 ; [cca2=HM].flag
Expected: ðŸ‡­ðŸ‡²
     got: ??
 ; [cca2=HM].translations.ara.common
Expected: Ø¬Ø²ÙŠØ±Ø© Ù‡ÙŠØ±Ø¯ ÙˆØ¬Ø²Ø± Ù…Ø§ÙƒØ¯ÙˆÙ†Ø§Ù„Ø¯
     got: ????? ???? ???? ?????????
 ; [cca2=HM].translations.ara.official
Expected: Ø¬Ø²ÙŠØ±Ø© Ù‡ÙŠØ±Ø¯ ÙˆØ¬Ø²Ø± Ù…Ø§ÙƒØ¯ÙˆÙ†Ø§Ù„Ø¯
     got: ????? ???? ???? ?????????
 ; [cca2=HM].translations.ces.common
Expected: HeardÅ¯v ostrov a McDonaldovy ostrovy
     got: Heard?v ostrov a McDonaldovy ostrovy
 ; [cca2=HM].translations.ces.official
Expected: HeardÅ¯v ostrov a McDonaldovy ostrovy
     got: Heard?v ostrov a McDonaldovy ostrovy
 ; [cca2=HM].translations.fra.common
Expected: ÃŽles Heard-et-MacDonald
     got: Îles Heard-et-MacDonald
 ; [cca2=HM].translations.fra.official
Expected: Des Ã®les Heard et McDonald
     got: Des îles Heard et McDonald
 ; [cca2=HM].translations.hrv.common
Expected: Otok Heard i otoÄ?je McDonald
     got: Otok Heard i oto?je McDonald
 ; [cca2=HM].translations.hrv.official
Expected: Otok Heard i otoÄ?je McDonald
     got: Otok Heard i oto?je McDonald
 ; [cca2=HM].translations.hun.common
Expected: Heard-sziget Ã©s McDonald-szigetek
     got: Heard-sziget és McDonald-szigetek
 ; [cca2=HM].translations.hun.official
Expected: Heard-sziget Ã©s McDonald-szigetek
     got: Heard-sziget és McDonald-szigetek
 ; [cca2=HM].translations.jpn.common
Expected: ãƒ?ãƒ¼ãƒ‰å³¶ã?¨ãƒžã‚¯ãƒ‰ãƒŠãƒ«ãƒ‰è«¸å³¶
     got: ?????????????
 ; [cca2=HM].translations.jpn.official
Expected: ãƒ?ãƒ¼ãƒ‰å³¶ã?¨ãƒžã‚¯ãƒ‰ãƒŠãƒ«ãƒ‰è«¸å³¶
     got: ?????????????
 ; [cca2=HM].translations.kor.common
Expected: í—ˆë“œ ë§¥ë?„ë„?ë“œ ì œë?„
     got: ?? ???? ??
 ; [cca2=HM].translations.kor.official
Expected: í—ˆë“œ ë§¥ë?„ë„?ë“œ ì œë?„
     got: ?? ???? ??
 ; [cca2=HM].translations.per.common
Expected: Ø¬Ø²ÛŒØ±Ù‡ Ù‡Ø±Ø¯ Ùˆ Ø¬Ø²Ø§ÛŒØ± Ù…Ú©â€ŒØ¯ÙˆÙ†Ø§Ù„Ø¯
     got: ????? ??? ? ????? ?????????
 ; [cca2=HM].translations.per.official
Expected: Ø¬Ø²ÛŒØ±Ù‡ Ù‡Ø±Ø¯ Ùˆ Ø¬Ø²Ø§ÛŒØ± Ù…Ú©â€ŒØ¯ÙˆÙ†Ø§Ù„Ø¯
     got: ????? ??? ? ????? ?????????
 ; [cca2=HM].translations.rus.common
Expected: ÐžÑ?Ñ‚Ñ€Ð¾Ð² Ð¥ÐµÑ€Ð´ Ð¸ Ð¾Ñ?Ñ‚Ñ€Ð¾Ð²Ð° ÐœÐ°ÐºÐ´Ð¾Ð½Ð°Ð»ÑŒÐ´
     got: ?????? ???? ? ??????? ??????????
 ; [cca2=HM].translations.rus.official
Expected: ÐžÑ?Ñ‚Ñ€Ð¾Ð² Ð¥ÐµÑ€Ð´ Ð¸ Ð¾Ñ?Ñ‚Ñ€Ð¾Ð²Ð° ÐœÐ°ÐºÐ´Ð¾Ð½Ð°Ð»ÑŒÐ´
     got: ?????? ???? ? ??????? ??????????
 ; [cca2=HM].translations.slk.official
Expected: TeritÃ³rium Heardovho ostrova a MacdonaldovÃ½ch ostrovov
     got: Teritórium Heardovho ostrova a Macdonaldových ostrovov
 ; [cca2=HM].translations.srp.common
Expected: ÐžÑ?Ñ‚Ñ€Ð²Ð° Ð¥ÐµÑ€Ð´ Ð¸ ÐœÐ°ÐºÐ´Ð¾Ð½Ð°Ð»Ð´
     got: ?????? ???? ? ?????????
 ; [cca2=HM].translations.srp.official
Expected: ÐžÑ?Ñ‚Ñ€Ð²Ð° Ð¥ÐµÑ€Ð´ Ð¸ ÐœÐ°ÐºÐ´Ð¾Ð½Ð°Ð»Ð´
     got: ?????? ???? ? ?????????
 ; [cca2=HM].translations.swe.common
Expected: Heard- och McDonaldÃ¶arna
     got: Heard- och McDonaldöarna
 ; [cca2=HM].translations.swe.official
Expected: Heard- och McDonaldÃ¶arna
     got: Heard- och McDonaldöarna
 ; [cca2=HM].translations.tur.common
Expected: Heard AdasÄ± ve McDonald AdalarÄ±
     got: Heard Adas? ve McDonald Adalar?
 ; [cca2=HM].translations.tur.official
Expected: Heard AdasÄ± ve McDonald AdalarÄ±
     got: Heard Adas? ve McDonald Adalar?
 ; [cca2=HM].translations.urd.common
Expected: Ø¬Ø²ÛŒØ±Û? Û?Ø±Úˆ Ùˆ Ø¬Ø²Ø§Ø¦Ø± Ù…Ú©ÚˆÙˆÙ†Ù„Úˆ
     got: ????? ??? ? ????? ???????
 ; [cca2=HM].translations.urd.official
Expected: Ø¬Ø²ÛŒØ±Û? Û?Ø±Úˆ Ùˆ Ø¬Ø²Ø§Ø¦Ø± Ù…Ú©ÚˆÙˆÙ†Ù„Úˆ
     got: ????? ??? ? ????? ???????
 ; [cca2=HM].translations.zho.common
Expected: èµ«å¾·å²›å’Œéº¦å½“åŠ³ç¾¤å²›
     got: ?????????
 ; [cca2=HM].translations.zho.official
Expected: èµ«å¾·å²›å’Œéº¦å½“åŠ³ç¾¤å²›
     got: ?????????
 ; [cca2=HN].altSpellings[]
Expected: RepÃºblica de Honduras
     but none found
 ; [cca2=HN].altSpellings[]
Unexpected: República de Honduras
 ; [cca2=HN].flag
Expected: ðŸ‡­ðŸ‡³
     got: ??
 ; [cca2=HN].name.nativeName.spa.official
Expected: RepÃºblica de Honduras
     got: República de Honduras
 ; [cca2=HN].translations.ara.common
Expected: Ù‡Ù†Ø¯ÙˆØ±Ø§Ø³
     got: ???????
 ; [cca2=HN].translations.ara.official
Expected: Ø¬Ù…Ù‡ÙˆØ±ÙŠØ© Ù‡Ù†Ø¯ÙˆØ±Ø§Ø³
     got: ??????? ???????
 ; [cca2=HN].translations.ces.official
Expected: HonduraskÃ¡ republika
     got: Honduraská republika
 ; [cca2=HN].translations.fra.official
Expected: RÃ©publique du Honduras
     got: République du Honduras
 ; [cca2=HN].translations.hun.official
Expected: Hondurasi KÃ¶ztÃ¡rsasÃ¡g
     got: Hondurasi Köztársaság
 ; [cca2=HN].translations.jpn.common
Expected: ãƒ›ãƒ³ã‚¸ãƒ¥ãƒ©ã‚¹
     got: ??????
 ; [cca2=HN].translations.jpn.official
Expected: ãƒ›ãƒ³ã‚¸ãƒ¥ãƒ©ã‚¹å…±å’Œå›½
     got: ?????????
 ; [cca2=HN].translations.kor.common
Expected: ì˜¨ë‘?ë?¼ìŠ¤
     got: ????
 ; [cca2=HN].translations.kor.official
Expected: ì˜¨ë‘?ë?¼ìŠ¤ ê³µí™”êµ­
     got: ???? ???
 ; [cca2=HN].translations.per.common
Expected: Ù‡Ù?Ù†Ø¯ÙˆØ±Ø§Ø³
     got: ????????
 ; [cca2=HN].translations.per.official
Expected: Ø¬Ù…Ù‡ÙˆØ±ÛŒ Ù‡Ù†Ø¯ÙˆØ±Ø§Ø³
     got: ?????? ???????
 ; [cca2=HN].translations.por.official
Expected: RepÃºblica de Honduras
     got: República de Honduras
 ; [cca2=HN].translations.rus.common
Expected: Ð“Ð¾Ð½Ð´ÑƒÑ€Ð°Ñ?
     got: ????????
 ; [cca2=HN].translations.rus.official
Expected: Ð ÐµÑ?Ð¿ÑƒÐ±Ð»Ð¸ÐºÐ° Ð“Ð¾Ð½Ð´ÑƒÑ€Ð°Ñ?
     got: ?????????? ????????
 ; [cca2=HN].translations.slk.official
Expected: HonduraskÃ¡ republika
     got: Honduraská republika
 ; [cca2=HN].translations.spa.official
Expected: RepÃºblica de Honduras
     got: República de Honduras
 ; [cca2=HN].translations.srp.common
Expected: Ð¥Ð¾Ð½Ð´ÑƒÑ€Ð°Ñ?
     got: ????????
 ; [cca2=HN].translations.srp.official
Expected: Ð ÐµÐ¿ÑƒÐ±Ð»Ð¸ÐºÐ° Ð¥Ð¾Ð½Ð´ÑƒÑ€Ð°Ñ?
     got: ????????? ????????
 ; [cca2=HN].translations.urd.common
Expected: Û?ÙˆÙ†ÚˆÙˆØ±Ø§Ø³
     got: ????????
 ; [cca2=HN].translations.urd.official
Expected: Ø¬Ù…Û?ÙˆØ±ÛŒÛ? Û?ÙˆÙ†ÚˆÙˆØ±Ø§Ø³
     got: ??????? ????????
 ; [cca2=HN].translations.zho.common
Expected: æ´ªéƒ½æ‹‰æ–¯
     got: ????
 ; [cca2=HN].translations.zho.official
Expected: æ´ªéƒ½æ‹‰æ–¯å…±å’Œå›½
     got: ???????
 ; [cca2=HR].currencies.EUR.symbol
Expected: â‚¬
     got: €
 ; [cca2=HR].flag
Expected: ðŸ‡­ðŸ‡·
     got: ??
 ; [cca2=HR].translations.ara.common
Expected: ÙƒØ±ÙˆØ§ØªÙŠØ§
     got: ???????
 ; [cca2=HR].translations.ara.official
Expected: Ø¬Ù…Ù‡ÙˆØ±ÙŠØ© ÙƒØ±ÙˆØ§ØªÙŠØ§
     got: ??????? ???????
 ; [cca2=HR].translations.ces.official
Expected: ChorvatskÃ¡ republika
     got: Chorvatská republika
 ; [cca2=HR].translations.fra.official
Expected: RÃ©publique de Croatie
     got: République de Croatie
 ; [cca2=HR].translations.hun.common
Expected: HorvÃ¡torszÃ¡g
     got: Horvátország
 ; [cca2=HR].translations.hun.official
Expected: HorvÃ¡t KÃ¶ztÃ¡rsasÃ¡g
     got: Horvát Köztársaság
 ; [cca2=HR].translations.jpn.common
Expected: ã‚¯ãƒ­ã‚¢ãƒ?ã‚¢
     got: ?????
 ; [cca2=HR].translations.jpn.official
Expected: ã‚¯ãƒ­ã‚¢ãƒ?ã‚¢å…±å’Œå›½
     got: ????????
 ; [cca2=HR].translations.kor.common
Expected: í?¬ë¡œì•„í‹°ì•„
     got: ?????
 ; [cca2=HR].translations.kor.official
Expected: í?¬ë¡œì•„í‹°ì•„ ê³µí™”êµ­
     got: ????? ???
 ; [cca2=HR].translations.nld.common
Expected: KroatiÃ«
     got: Kroatië
 ; [cca2=HR].translations.nld.official
Expected: Republiek KroatiÃ«
     got: Republiek Kroatië
 ; [cca2=HR].translations.per.common
Expected: Ú©Ø±Ù?ÙˆØ§Ø³ÛŒ
     got: ???????
 ; [cca2=HR].translations.per.official
Expected: Ø¬Ù…Ù‡ÙˆØ±ÛŒ Ú©Ø±ÙˆØ§Ø³ÛŒ
     got: ?????? ??????
 ; [cca2=HR].translations.por.common
Expected: CroÃ¡cia
     got: Croácia
 ; [cca2=HR].translations.por.official
Expected: RepÃºblica da CroÃ¡cia
     got: República da Croácia
 ; [cca2=HR].translations.rus.common
Expected: Ð¥Ð¾Ñ€Ð²Ð°Ñ‚Ð¸Ñ?
     got: ????????
 ; [cca2=HR].translations.rus.official
Expected: Ð ÐµÑ?Ð¿ÑƒÐ±Ð»Ð¸ÐºÐ° Ð¥Ð¾Ñ€Ð²Ð°Ñ‚Ð¸Ñ?
     got: ?????????? ????????
 ; [cca2=HR].translations.slk.common
Expected: ChorvÃ¡tsko
     got: Chorvátsko
 ; [cca2=HR].translations.slk.official
Expected: ChorvÃ¡tska republika
     got: Chorvátska republika
 ; [cca2=HR].translations.spa.official
Expected: RepÃºblica de Croacia
     got: República de Croacia
 ; [cca2=HR].translations.srp.common
Expected: Ð¥Ñ€Ð²Ð°Ñ‚Ñ?ÐºÐ°
     got: ????????
 ; [cca2=HR].translations.srp.official
Expected: Ð ÐµÐ¿ÑƒÐ±Ð»Ð¸ÐºÐ° Ð¥Ñ€Ð²Ð°Ñ‚Ñ?ÐºÐ°
     got: ????????? ????????
 ; [cca2=HR].translations.tur.common
Expected: HÄ±rvatistan
     got: H?rvatistan
 ; [cca2=HR].translations.tur.official
Expected: HÄ±rvatistan Cumhuriyeti
     got: H?rvatistan Cumhuriyeti
 ; [cca2=HR].translations.urd.common
Expected: Ú©Ø±ÙˆÛŒØ¦Ø´Ø§
     got: ???????
 ; [cca2=HR].translations.urd.official
Expected: Ø¬Ù…Û?ÙˆØ±ÛŒÛ? Ú©Ø±ÙˆÛŒØ¦Ø´Ø§
     got: ??????? ???????
 ; [cca2=HR].translations.zho.common
Expected: å…‹ç½—åœ°äºš
     got: ????
 ; [cca2=HR].translations.zho.official
Expected: å…‹ç½—åœ°äºšå…±å’Œå›½
     got: ???????
 ; [cca2=HT].altSpellings[]
Expected: RÃ©publique d&#039;HaÃ¯ti
     but none found
 ; [cca2=HT].altSpellings[]
Unexpected: République d&#039;Haïti
 ; [cca2=HT].demonyms.fra.f
Expected: HaÃ¯tienne
     got: Haïtienne
 ; [cca2=HT].demonyms.fra.m
Expected: HaÃ¯tien
     got: Haïtien
 ; [cca2=HT].flag
Expected: ðŸ‡­ðŸ‡¹
     got: ??
 ; [cca2=HT].name.nativeName.fra.common
Expected: HaÃ¯ti
     got: Haïti
 ; [cca2=HT].name.nativeName.fra.official
Expected: RÃ©publique d&#039;HaÃ¯ti
     got: République d&#039;Haïti
 ; [cca2=HT].translations.ara.common
Expected: Ù‡Ø§ÙŠØªÙŠ
     got: ?????
 ; [cca2=HT].translations.ara.official
Expected: Ø¬Ù…Ù‡ÙˆØ±ÙŠØ© Ù‡Ø§ÙŠØªÙŠ
     got: ??????? ?????
 ; [cca2=HT].translations.fra.common
Expected: HaÃ¯ti
     got: Haïti
 ; [cca2=HT].translations.fra.official
Expected: RÃ©publique d&#039;HaÃ¯ti
     got: République d&#039;Haïti
 ; [cca2=HT].translations.hun.official
Expected: Haiti KÃ¶ztÃ¡rsasÃ¡g
     got: Haiti Köztársaság
 ; [cca2=HT].translations.jpn.common
Expected: ãƒ?ã‚¤ãƒ?
     got: ???
 ; [cca2=HT].translations.jpn.official
Expected: ãƒ?ã‚¤ãƒ?å…±å’Œå›½
     got: ??????
 ; [cca2=HT].translations.kor.common
Expected: ì•„ì?´í‹°
     got: ???
 ; [cca2=HT].translations.kor.official
Expected: ì•„ì?´í‹° ê³µí™”êµ­
     got: ??? ???
 ; [cca2=HT].translations.nld.common
Expected: HaÃ¯ti
     got: Haïti
 ; [cca2=HT].translations.nld.official
Expected: Republiek HaÃ¯ti
     got: Republiek Haïti
 ; [cca2=HT].translations.per.common
Expected: Ù‡Ø§Ø¦ÛŒØªÛŒ
     got: ??????
 ; [cca2=HT].translations.per.official
Expected: Ø¬Ù…Ù‡ÙˆØ±ÛŒ Ù‡Ø§Ø¦ÛŒØªÛŒ
     got: ?????? ??????
 ; [cca2=HT].translations.por.official
Expected: RepÃºblica do Haiti
     got: República do Haiti
 ; [cca2=HT].translations.rus.common
Expected: Ð“Ð°Ð¸Ñ‚Ð¸
     got: ?????
 ; [cca2=HT].translations.rus.official
Expected: Ð ÐµÑ?Ð¿ÑƒÐ±Ð»Ð¸ÐºÐ° Ð“Ð°Ð¸Ñ‚Ð¸
     got: ?????????? ?????
 ; [cca2=HT].translations.slk.official
Expected: HaitskÃ¡ republika
     got: Haitská republika
 ; [cca2=HT].translations.spa.common
Expected: HaitÃ­
     got: Haití
 ; [cca2=HT].translations.spa.official
Expected: RepÃºblica de HaitÃ­
     got: República de Haití
 ; [cca2=HT].translations.srp.common
Expected: Ð¥Ð°Ð¸Ñ‚Ð¸
     got: ?????
 ; [cca2=HT].translations.srp.official
Expected: Ð ÐµÐ¿ÑƒÐ±Ð»Ð¸ÐºÐ° Ð¥Ð°Ð¸Ñ‚Ð¸
     got: ????????? ?????
 ; [cca2=HT].translations.urd.common
Expected: Û?ÛŒÙ¹ÛŒ
     got: ????
 ; [cca2=HT].translations.urd.official
Expected: Ø¬Ù…Û?ÙˆØ±ÛŒÛ? Û?ÛŒÙ¹ÛŒ
     got: ??????? ????
 ; [cca2=HT].translations.zho.common
Expected: æµ·åœ°
     got: ??
 ; [cca2=HT].translations.zho.official
Expected: æµ·åœ°å…±å’Œå›½
     got: ?????
 ; [cca2=YE].altSpellings[]
Expected: al-JumhÅ«riyyah al-Yamaniyyah
     but none found
 ; [cca2=YE].altSpellings[]
Unexpected: al-Jumh?riyyah al-Yamaniyyah
 ; [cca2=YE].currencies.YER.symbol
Expected: ï·¼
     got: ?
 ; [cca2=YE].demonyms.fra.f
Expected: YÃ©mÃ©nite
     got: Yéménite
 ; [cca2=YE].demonyms.fra.m
Expected: YÃ©mÃ©nite
     got: Yéménite
 ; [cca2=YE].flag
Expected: ðŸ‡¾ðŸ‡ª
     got: ??
 ; [cca2=YE].name.nativeName.ara.common
Expected: Ø§Ù„ÙŠÙŽÙ…ÙŽÙ†
     got: ???????
 ; [cca2=YE].name.nativeName.ara.official
Expected: Ø§Ù„Ø¬Ù…Ù‡ÙˆØ±ÙŠØ© Ø§Ù„ÙŠÙ…Ù†ÙŠØ©
     got: ????????? ???????
 ; [cca2=YE].translations.ara.common
Expected: Ø§Ù„ÙŠÙ…Ù†
     got: ?????
 ; [cca2=YE].translations.ara.official
Expected: Ø§Ù„Ø¬Ù…Ù‡ÙˆØ±ÙŠØ© Ø§Ù„ÙŠÙ…Ù†ÙŠØ©
     got: ????????? ???????
 ; [cca2=YE].translations.ces.official
Expected: JemenskÃ¡ republika
     got: Jemenská republika
 ; [cca2=YE].translations.fra.common
Expected: YÃ©men
     got: Yémen
 ; [cca2=YE].translations.fra.official
Expected: RÃ©publique du YÃ©men
     got: République du Yémen
 ; [cca2=YE].translations.hun.official
Expected: Jemeni KÃ¶ztÃ¡rsasÃ¡g
     got: Jemeni Köztársaság
 ; [cca2=YE].translations.jpn.common
Expected: ã‚¤ã‚¨ãƒ¡ãƒ³
     got: ????
 ; [cca2=YE].translations.jpn.official
Expected: ã‚¤ã‚¨ãƒ¡ãƒ³å…±å’Œå›½
     got: ???????
 ; [cca2=YE].translations.kor.common
Expected: ì˜ˆë©˜
     got: ??
 ; [cca2=YE].translations.kor.official
Expected: ì˜ˆë©˜ ê³µí™”êµ­
     got: ?? ???
 ; [cca2=YE].translations.per.common
Expected: ÛŒÙ…Ù†
     got: ???
 ; [cca2=YE].translations.per.official
Expected: Ø¬Ù…Ù‡ÙˆØ±ÛŒ ÛŒÙ…Ù†
     got: ?????? ???
 ; [cca2=YE].translations.pol.official
Expected: Republika JemeÅ„ska
     got: Republika Jeme?ska
 ; [cca2=YE].translations.por.common
Expected: IÃ©men
     got: Iémen
 ; [cca2=YE].translations.por.official
Expected: RepÃºblica do IÃªmen
     got: República do Iêmen
 ; [cca2=YE].translations.rus.common
Expected: Ð™ÐµÐ¼ÐµÐ½
     got: ?????
 ; [cca2=YE].translations.rus.official
Expected: Ð™ÐµÐ¼ÐµÐ½Ñ?ÐºÐ°Ñ? Ð ÐµÑ?Ð¿ÑƒÐ±Ð»Ð¸ÐºÐ°
     got: ????????? ??????????
 ; [cca2=YE].translations.slk.official
Expected: JemenskÃ¡ republika
     got: Jemenská republika
 ; [cca2=YE].translations.spa.official
Expected: RepÃºblica de Yemen
     got: República de Yemen
 ; [cca2=YE].translations.srp.common
Expected: ÐˆÐµÐ¼ÐµÐ½
     got: ?????
 ; [cca2=YE].translations.srp.official
Expected: Ð ÐµÐ¿ÑƒÐ±Ð»Ð¸ÐºÐ° ÐˆÐµÐ¼ÐµÐ½
     got: ????????? ?????
 ; [cca2=YE].translations.urd.common
Expected: ÛŒÙ…Ù†
     got: ???
 ; [cca2=YE].translations.urd.official
Expected: Ø¬Ù…Û?ÙˆØ±ÛŒÛ? ÛŒÙ…Ù†
     got: ??????? ???
 ; [cca2=YE].translations.zho.common
Expected: ä¹Ÿé—¨
     got: ??
 ; [cca2=YE].translations.zho.official
Expected: ä¹Ÿé—¨å…±å’Œå›½
     got: ?????
 ; [cca2=HU].flag
Expected: ðŸ‡­ðŸ‡º
     got: ??
 ; [cca2=HU].name.nativeName.hun.common
Expected: MagyarorszÃ¡g
     got: Magyarország
 ; [cca2=HU].name.nativeName.hun.official
Expected: MagyarorszÃ¡g
     got: Magyarország
 ; [cca2=HU].translations.ara.common
Expected: Ø§Ù„Ù…Ø¬Ø±
     got: ?????
 ; [cca2=HU].translations.ara.official
Expected: Ø§Ù„Ø¬Ù…Ù‡ÙˆØ±ÙŠØ© Ø§Ù„Ù…Ø¬Ø±ÙŠØ©
     got: ????????? ???????
 ; [cca2=HU].translations.ces.common
Expected: MaÄ?arsko
     got: Ma?arsko
 ; [cca2=HU].translations.ces.official
Expected: MaÄ?arsko
     got: Ma?arsko
 ; [cca2=HU].translations.hrv.common
Expected: MaÄ‘arska
     got: Ma?arska
 ; [cca2=HU].translations.hrv.official
Expected: MadÅ¾arska
     got: Madžarska
 ; [cca2=HU].translations.hun.common
Expected: MagyarorszÃ¡g
     got: Magyarország
 ; [cca2=HU].translations.hun.official
Expected: MagyarorszÃ¡g
     got: Magyarország
 ; [cca2=HU].translations.jpn.common
Expected: ãƒ?ãƒ³ã‚¬ãƒªãƒ¼
     got: ?????
 ; [cca2=HU].translations.jpn.official
Expected: ãƒ?ãƒ³ã‚¬ãƒªãƒ¼
     got: ?????
 ; [cca2=HU].translations.kor.common
Expected: í—?ê°€ë¦¬
     got: ???
 ; [cca2=HU].translations.kor.official
Expected: í—?ê°€ë¦¬
     got: ???
 ; [cca2=HU].translations.per.common
Expected: Ù…Ø¬Ø§Ø±Ø³ØªØ§Ù†
     got: ????????
 ; [cca2=HU].translations.per.official
Expected: Ù…Ø¬Ø§Ø±Ø³ØªØ§Ù†
     got: ????????
 ; [cca2=HU].translations.pol.common
Expected: WÄ™gry
     got: W?gry
 ; [cca2=HU].translations.pol.official
Expected: WÄ™gry
     got: W?gry
 ; [cca2=HU].translations.rus.common
Expected: Ð’ÐµÐ½Ð³Ñ€Ð¸Ñ?
     got: ???????
 ; [cca2=HU].translations.rus.official
Expected: Ð’ÐµÐ½Ð³Ñ€Ð¸Ñ?
     got: ???????
 ; [cca2=HU].translations.slk.common
Expected: MaÄ?arsko
     got: Ma?arsko
 ; [cca2=HU].translations.slk.official
Expected: MaÄ?arsko
     got: Ma?arsko
 ; [cca2=HU].translations.spa.common
Expected: HungrÃ­a
     got: Hungría
 ; [cca2=HU].translations.spa.official
Expected: HungrÃ­a
     got: Hungría
 ; [cca2=HU].translations.srp.common
Expected: ÐœÐ°Ñ’Ð°Ñ€Ñ?ÐºÐ°
     got: ????????
 ; [cca2=HU].translations.srp.official
Expected: ÐœÐ°Ñ’Ð°Ñ€Ñ?ÐºÐ°
     got: ????????
 ; [cca2=HU].translations.urd.common
Expected: Ù…Ø¬Ø§Ø±Ø³ØªØ§Ù†
     got: ????????
 ; [cca2=HU].translations.urd.official
Expected: Ù…Ø¬Ø§Ø±Ø³ØªØ§Ù†
     got: ????????
 ; [cca2=HU].translations.zho.common
Expected: åŒˆç‰™åˆ©
     got: ???
 ; [cca2=HU].translations.zho.official
Expected: åŒˆç‰™åˆ©
     got: ???
 ; [cca2=YT].altSpellings[]
Expected: DÃ©partement de Mayotte
     but none found
 ; [cca2=YT].altSpellings[]
Unexpected: Département de Mayotte
 ; [cca2=YT].currencies.EUR.symbol
Expected: â‚¬
     got: €
 ; [cca2=YT].flag
Expected: ðŸ‡¾ðŸ‡¹
     got: ??
 ; [cca2=YT].name.nativeName.fra.official
Expected: DÃ©partement de Mayotte
     got: Département de Mayotte
 ; [cca2=YT].translations.ara.common
Expected: Ù…Ø§ÙŠÙˆØª
     got: ?????
 ; [cca2=YT].translations.ara.official
Expected: Ù…Ø§ÙŠÙˆØª
     got: ?????
 ; [cca2=YT].translations.deu.official
Expected: Ãœbersee-DÃ©partement Mayotte
     got: Übersee-Département Mayotte
 ; [cca2=YT].translations.fra.official
Expected: DÃ©partement de Mayotte
     got: Département de Mayotte
 ; [cca2=YT].translations.jpn.common
Expected: ãƒžãƒ¨ãƒƒãƒˆ
     got: ????
 ; [cca2=YT].translations.jpn.official
Expected: ãƒžãƒ¨ãƒƒãƒˆç§‘
     got: ?????
 ; [cca2=YT].translations.kor.common
Expected: ë§ˆìš”íŠ¸
     got: ???
 ; [cca2=YT].translations.kor.official
Expected: ë§ˆìš”íŠ¸
     got: ???
 ; [cca2=YT].translations.per.common
Expected: Ù…Ø§ÛŒÙˆØª
     got: ?????
 ; [cca2=YT].translations.per.official
Expected: Ù…Ø¬Ù…ÙˆØ¹Ù‡ Ø´Ù‡Ø±Ø³ØªØ§Ù†ÛŒ Ù…Ø§ÛŒÙˆØª
     got: ?????? ???????? ?????
 ; [cca2=YT].translations.rus.common
Expected: ÐœÐ°Ð¹Ð¾Ñ‚Ñ‚Ð°
     got: ???????
 ; [cca2=YT].translations.rus.official
Expected: Ð”ÐµÐ¿Ð°Ñ€Ñ‚Ð°Ð¼ÐµÐ½Ñ‚ ÐœÐ°Ð¹Ð¾Ñ‚Ñ‚Ð°
     got: ??????????? ???????
 ; [cca2=YT].translations.srp.common
Expected: ÐœÐ°Ñ˜Ð¾Ñ‚
     got: ?????
 ; [cca2=YT].translations.srp.official
Expected: ÐœÐ°Ñ˜Ð¾Ñ‚
     got: ?????
 ; [cca2=YT].translations.swe.official
Expected: DepartementsomrÃ¥det Mayotte
     got: Departementsområdet Mayotte
 ; [cca2=YT].translations.urd.common
Expected: Ù…Ø§ÛŒÙˆÙ¹
     got: ?????
 ; [cca2=YT].translations.urd.official
Expected: Ù…Ø§ÛŒÙˆÙ¹
     got: ?????
 ; [cca2=YT].translations.zho.common
Expected: é©¬çº¦ç‰¹
     got: ???
 ; [cca2=YT].translations.zho.official
Expected: é©¬çº¦ç‰¹
     got: ???
 ; [cca2=ID].demonyms.fra.f
Expected: IndonÃ©sienne
     got: Indonésienne
 ; [cca2=ID].demonyms.fra.m
Expected: IndonÃ©sien
     got: Indonésien
 ; [cca2=ID].flag
Expected: ðŸ‡®ðŸ‡©
     got: ??
 ; [cca2=ID].translations.ara.common
Expected: Ø¥Ù†Ø¯ÙˆÙ†ÙŠØ³ÙŠØ§
     got: ?????????
 ; [cca2=ID].translations.ara.official
Expected: Ø¬Ù…Ù‡ÙˆØ±ÙŠØ© Ø¥Ù†Ø¯ÙˆÙ†ÙŠØ³ÙŠØ§
     got: ??????? ?????????
 ; [cca2=ID].translations.ces.common
Expected: IndonÃ©sie
     got: Indonésie
 ; [cca2=ID].translations.ces.official
Expected: IndonÃ©skÃ¡ republika
     got: Indonéská republika
 ; [cca2=ID].translations.fra.common
Expected: IndonÃ©sie
     got: Indonésie
 ; [cca2=ID].translations.fra.official
Expected: RÃ©publique d&#039;IndonÃ©sie
     got: République d&#039;Indonésie
 ; [cca2=ID].translations.hun.common
Expected: IndonÃ©zia
     got: Indonézia
 ; [cca2=ID].translations.hun.official
Expected: IndonÃ©z KÃ¶ztÃ¡rsasÃ¡g
     got: Indonéz Köztársaság
 ; [cca2=ID].translations.jpn.common
Expected: ã‚¤ãƒ³ãƒ‰ãƒ?ã‚·ã‚¢
     got: ??????
 ; [cca2=ID].translations.jpn.official
Expected: ã‚¤ãƒ³ãƒ‰ãƒ?ã‚·ã‚¢å…±å’Œå›½
     got: ?????????
 ; [cca2=ID].translations.kor.common
Expected: ì?¸ë?„ë„¤ì‹œì•„
     got: ?????
 ; [cca2=ID].translations.kor.official
Expected: ì?¸ë?„ë„¤ì‹œì•„ ê³µí™”êµ­
     got: ????? ???
 ; [cca2=ID].translations.nld.common
Expected: IndonesiÃ«
     got: Indonesië
 ; [cca2=ID].translations.nld.official
Expected: Republiek IndonesiÃ«
     got: Republiek Indonesië
 ; [cca2=ID].translations.per.common
Expected: Ø§Ù†Ø¯ÙˆÙ†Ø²ÛŒ
     got: ???????
 ; [cca2=ID].translations.per.official
Expected: Ø¬Ù…Ù‡ÙˆØ±ÛŒ Ø§Ù†Ø¯ÙˆÙ†Ø²ÛŒ
     got: ?????? ???????
 ; [cca2=ID].translations.por.common
Expected: IndonÃ©sia
     got: Indonésia
 ; [cca2=ID].translations.por.official
Expected: RepÃºblica da IndonÃ©sia
     got: República da Indonésia
 ; [cca2=ID].translations.rus.common
Expected: Ð˜Ð½Ð´Ð¾Ð½ÐµÐ·Ð¸Ñ?
     got: ?????????
 ; [cca2=ID].translations.rus.official
Expected: Ð ÐµÑ?Ð¿ÑƒÐ±Ð»Ð¸ÐºÐ° Ð˜Ð½Ð´Ð¾Ð½ÐµÐ·Ð¸Ñ?
     got: ?????????? ?????????
 ; [cca2=ID].translations.slk.common
Expected: IndonÃ©zia
     got: Indonézia
 ; [cca2=ID].translations.slk.official
Expected: IndonÃ©zska republika
     got: Indonézska republika
 ; [cca2=ID].translations.spa.official
Expected: RepÃºblica de Indonesia
     got: República de Indonesia
 ; [cca2=ID].translations.srp.common
Expected: Ð˜Ð½Ð´Ð¾Ð½ÐµÐ·Ð¸Ñ˜Ð°
     got: ??????????
 ; [cca2=ID].translations.srp.official
Expected: Ð ÐµÐ¿ÑƒÐ±Ð»Ð¸ÐºÐ° Ð˜Ð½Ð´Ð¾Ð½ÐµÐ·Ð¸Ñ˜Ð°
     got: ????????? ??????????
 ; [cca2=ID].translations.urd.common
Expected: Ø§Ù†ÚˆÙˆÙ†ÛŒØ´ÛŒØ§
     got: ?????????
 ; [cca2=ID].translations.urd.official
Expected: Ø¬Ù…Û?ÙˆØ±ÛŒÛ? Ø§Ù†ÚˆÙˆÙ†ÛŒØ´ÛŒØ§
     got: ??????? ?????????
 ; [cca2=ID].translations.zho.common
Expected: å?°åº¦å°¼è¥¿äºš
     got: ?????
 ; [cca2=ID].translations.zho.official
Expected: å?°åº¦å°¼è¥¿äºšå…±å’Œå›½
     got: ????????
 ; [cca2=IE].altSpellings[]
Expected: Ã‰ire
     but none found
 ; [cca2=IE].altSpellings[]
Expected: Poblacht na hÃ‰ireann
     but none found
 ; [cca2=IE].altSpellings[]
Unexpected: Poblacht na hÉireann
 ; [cca2=IE].altSpellings[]
Unexpected: Éire
 ; [cca2=IE].currencies.EUR.symbol
Expected: â‚¬
     got: €
 ; [cca2=IE].flag
Expected: ðŸ‡®ðŸ‡ª
     got: ??
 ; [cca2=IE].name.nativeName.gle.common
Expected: Ã‰ire
     got: Éire
 ; [cca2=IE].name.nativeName.gle.official
Expected: Poblacht na hÃ‰ireann
     got: Poblacht na hÉireann
 ; [cca2=IE].translations.ara.common
Expected: Ø£ÙŠØ±Ù„Ù†Ø¯Ø§
     got: ???????
 ; [cca2=IE].translations.ara.official
Expected: Ø¬Ù…Ù‡ÙˆØ±ÙŠØ© Ø£ÙŠØ±Ù„Ù†Ø¯Ø§
     got: ??????? ???????
 ; [cca2=IE].translations.fra.official
Expected: RÃ©publique d&#039;Irlande
     got: République d&#039;Irlande
 ; [cca2=IE].translations.hun.common
Expected: Ã?rorszÃ¡g
     got: Írország
 ; [cca2=IE].translations.hun.official
Expected: Ã?r KÃ¶ztÃ¡rsasÃ¡g
     got: Ír Köztársaság
 ; [cca2=IE].translations.jpn.common
Expected: ã‚¢ã‚¤ãƒ«ãƒ©ãƒ³ãƒ‰
     got: ??????
 ; [cca2=IE].translations.jpn.official
Expected: ã‚¢ã‚¤ãƒ«ãƒ©ãƒ³ãƒ‰å…±å’Œå›½
     got: ?????????
 ; [cca2=IE].translations.kor.common
Expected: ì•„ì?¼ëžœë“œ
     got: ????
 ; [cca2=IE].translations.kor.official
Expected: ì•„ì?¼ëžœë“œ ê³µí™”êµ­
     got: ???? ???
 ; [cca2=IE].translations.per.common
Expected: Ø§ÛŒØ±Ù„Ù†Ø¯
     got: ??????
 ; [cca2=IE].translations.per.official
Expected: Ø§ÛŒØ±Ù„Ù†Ø¯
     got: ??????
 ; [cca2=IE].translations.por.official
Expected: RepÃºblica da Irlanda
     got: República da Irlanda
 ; [cca2=IE].translations.rus.common
Expected: Ð˜Ñ€Ð»Ð°Ð½Ð´Ð¸Ñ?
     got: ????????
 ; [cca2=IE].translations.rus.official
Expected: Ð˜Ñ€Ð»Ð°Ð½Ð´Ð¸Ñ?
     got: ????????
 ; [cca2=IE].translations.slk.common
Expected: Ã?rsko
     got: Írsko
 ; [cca2=IE].translations.slk.official
Expected: Ã?rska republika
     got: Írska republika
 ; [cca2=IE].translations.spa.official
Expected: RepÃºblica de Irlanda
     got: República de Irlanda
 ; [cca2=IE].translations.srp.common
Expected: Ð˜Ñ€Ñ?ÐºÐ°
     got: ?????
 ; [cca2=IE].translations.srp.official
Expected: Ð ÐµÐ¿ÑƒÐ±Ð»Ð¸ÐºÐ° Ð˜Ñ€Ñ?ÐºÐ°
     got: ????????? ?????
 ; [cca2=IE].translations.tur.common
Expected: Ä°rlanda
     got: ?rlanda
 ; [cca2=IE].translations.tur.official
Expected: Ä°rlanda Cumhuriyeti
     got: ?rlanda Cumhuriyeti
 ; [cca2=IE].translations.urd.common
Expected: Ø¬Ø²ÛŒØ±Û? Ø¢Ø¦Ø±Ù„ÛŒÙ†Úˆ
     got: ????? ???????
 ; [cca2=IE].translations.urd.official
Expected: Ø¬Ù…Û?ÙˆØ±ÛŒÛ? Ø¬Ø²ÛŒØ±Û? Ø¢Ø¦Ø±Ù„ÛŒÙ†Úˆ
     got: ??????? ????? ???????
 ; [cca2=IE].translations.zho.common
Expected: çˆ±å°”å…°
     got: ???
 ; [cca2=IE].translations.zho.official
Expected: çˆ±å°”å…°å…±å’Œå›½
     got: ??????
 ; [cca2=IL].altSpellings[]
Expected: MedÄ«nat YisrÄ?&#039;el
     but none found
 ; [cca2=IL].altSpellings[]
Unexpected: Med?nat Yisr?&#039;el
 ; [cca2=IL].currencies.ILS.symbol
Expected: â‚ª
     got: ?
 ; [cca2=IL].demonyms.fra.f
Expected: IsraÃ©lienne
     got: Israélienne
 ; [cca2=IL].demonyms.fra.m
Expected: IsraÃ©lien
     got: Israélien
 ; [cca2=IL].flag
Expected: ðŸ‡®ðŸ‡±
     got: ??
 ; [cca2=IL].flags.alt
Expected: The flag of Israel has a white field with a blue hexagram â€” the Magen David â€” centered between two equal horizontal blue bands situated near the top and bottom edges of the field.
     got: The flag of Israel has a white field with a blue hexagram — the Magen David — centered between two equal horizontal blue bands situated near the top and bottom edges of the field.
 ; [cca2=IL].name.nativeName.ara.common
Expected: Ø¥Ø³Ø±Ø§Ø¦ÙŠÙ„
     got: ???????
 ; [cca2=IL].name.nativeName.ara.official
Expected: Ø¯ÙˆÙ„Ø© Ø¥Ø³Ø±Ø§Ø¦ÙŠÙ„
     got: ???? ???????
 ; [cca2=IL].name.nativeName.heb.common
Expected: ×™×©×¨×?×œ
     got: ?????
 ; [cca2=IL].name.nativeName.heb.official
Expected: ×ž×“×™× ×ª ×™×©×¨×?×œ
     got: ????? ?????
 ; [cca2=IL].translations.ara.common
Expected: Ø¥Ø³Ø±Ø§Ø¦ÙŠÙ„
     got: ???????
 ; [cca2=IL].translations.ara.official
Expected: Ø¯ÙˆÙ„Ø© Ø¥Ø³Ø±Ø§Ø¦ÙŠÙ„
     got: ???? ???????
 ; [cca2=IL].translations.ces.official
Expected: StÃ¡t Izrael
     got: Stát Izrael
 ; [cca2=IL].translations.fra.common
Expected: IsraÃ«l
     got: Israël
 ; [cca2=IL].translations.fra.official
Expected: Ã‰tat d&#039;IsraÃ«l
     got: État d&#039;Israël
 ; [cca2=IL].translations.hrv.official
Expected: DrÅ¾ava Izrael
     got: Država Izrael
 ; [cca2=IL].translations.jpn.common
Expected: ã‚¤ã‚¹ãƒ©ã‚¨ãƒ«
     got: ?????
 ; [cca2=IL].translations.jpn.official
Expected: ã‚¤ã‚¹ãƒ©ã‚¨ãƒ«å›½
     got: ??????
 ; [cca2=IL].translations.kor.common
Expected: ì?´ìŠ¤ë?¼ì—˜
     got: ????
 ; [cca2=IL].translations.kor.official
Expected: ì?´ìŠ¤ë?¼ì—˜êµ­
     got: ?????
 ; [cca2=IL].translations.nld.common
Expected: IsraÃ«l
     got: Israël
 ; [cca2=IL].translations.nld.official
Expected: Staat IsraÃ«l
     got: Staat Israël
 ; [cca2=IL].translations.per.common
Expected: Ù?Ù„Ø³Ø·ÙŠÙ† Ø§Ø´ØºØ§Ù„ÛŒ
     got: ?????? ??????
 ; [cca2=IL].translations.per.official
Expected: Ù?Ù„Ø³Ø·ÙŠÙ† Ø§Ø´ØºØ§Ù„ÛŒ
     got: ?????? ??????
 ; [cca2=IL].translations.pol.official
Expected: PaÅ„stwo Izrael
     got: Pa?stwo Izrael
 ; [cca2=IL].translations.rus.common
Expected: Ð˜Ð·Ñ€Ð°Ð¸Ð»ÑŒ
     got: ???????
 ; [cca2=IL].translations.rus.official
Expected: Ð“Ð¾Ñ?ÑƒÐ´Ð°Ñ€Ñ?Ñ‚Ð²Ð¾ Ð˜Ð·Ñ€Ð°Ð¸Ð»ÑŒ
     got: ??????????? ???????
 ; [cca2=IL].translations.slk.official
Expected: IzraelskÃ½ Å¡tÃ¡t
     got: Izraelský štát
 ; [cca2=IL].translations.srp.common
Expected: Ð˜Ð·Ñ€Ð°ÐµÐ»
     got: ??????
 ; [cca2=IL].translations.srp.official
Expected: Ð”Ñ€Ð¶Ð°Ð²Ð° Ð˜Ð·Ñ€Ð°ÐµÐ»
     got: ?????? ??????
 ; [cca2=IL].translations.tur.common
Expected: Ä°srail
     got: ?srail
 ; [cca2=IL].translations.tur.official
Expected: Ä°srail Devleti
     got: ?srail Devleti
 ; [cca2=IL].translations.urd.common
Expected: Ø§Ø³Ø±Ø§Ø¦ÛŒÙ„
     got: ???????
 ; [cca2=IL].translations.urd.official
Expected: Ø±ÛŒØ§Ø³ØªÙ? Ø§Ø³Ø±Ø§Ø¦ÛŒÙ„
     got: ?????? ???????
 ; [cca2=IL].translations.zho.common
Expected: ä»¥è‰²åˆ—
     got: ???
 ; [cca2=IL].translations.zho.official
Expected: ä»¥è‰²åˆ—å›½
     got: ????
 ; [cca2=IM].currencies.GBP.symbol
Expected: Â£
     got: £
 ; [cca2=IM].currencies.IMP.symbol
Expected: Â£
     got: £
 ; [cca2=IM].flag
Expected: ðŸ‡®ðŸ‡²
     got: ??
 ; [cca2=IM].translations.ara.common
Expected: Ø¬Ø²ÙŠØ±Ø© Ù…Ø§Ù†
     got: ????? ???
 ; [cca2=IM].translations.ara.official
Expected: Ø¬Ø²ÙŠØ±Ø© Ù…Ø§Ù†
     got: ????? ???
 ; [cca2=IM].translations.fra.common
Expected: ÃŽle de Man
     got: Île de Man
 ; [cca2=IM].translations.jpn.common
Expected: ãƒžãƒ³å³¶
     got: ???
 ; [cca2=IM].translations.jpn.official
Expected: ãƒžãƒ³å³¶
     got: ???
 ; [cca2=IM].translations.kor.common
Expected: ë§¨ì„¬
     got: ??
 ; [cca2=IM].translations.kor.official
Expected: ë§¨ì„¬
     got: ??
 ; [cca2=IM].translations.per.common
Expected: Ø¬Ø²ÛŒØ±Ù‡Ù” Ù…ÙŽÙ†
     got: ?????? ???
 ; [cca2=IM].translations.per.official
Expected: Ø¬Ø²ÛŒØ±Ù‡Ù” Ù…ÙŽÙ†
     got: ?????? ???
 ; [cca2=IM].translations.rus.common
Expected: ÐžÑ?Ñ‚Ñ€Ð¾Ð² ÐœÑ?Ð½
     got: ?????? ???
 ; [cca2=IM].translations.rus.official
Expected: ÐžÑ?Ñ‚Ñ€Ð¾Ð² ÐœÑ?Ð½
     got: ?????? ???
 ; [cca2=IM].translations.srp.common
Expected: ÐžÑ?Ñ‚Ñ€Ð²Ð¾ ÐœÐµÐ½
     got: ?????? ???
 ; [cca2=IM].translations.srp.official
Expected: ÐžÑ?Ñ‚Ñ€Ð²Ð¾ ÐœÐµÐ½
     got: ?????? ???
 ; [cca2=IM].translations.tur.common
Expected: Man AdasÄ±
     got: Man Adas?
 ; [cca2=IM].translations.tur.official
Expected: Man AdasÄ±
     got: Man Adas?
 ; [cca2=IM].translations.urd.common
Expected: Ø¢Ø¦Ù„ Ø¢Ù? Ù…ÛŒÙ†
     got: ??? ?? ???
 ; [cca2=IM].translations.urd.official
Expected: Ø¢Ø¦Ù„ Ø¢Ù? Ù…ÛŒÙ†
     got: ??? ?? ???
 ; [cca2=IM].translations.zho.common
Expected: é©¬æ?©å²›
     got: ???
 ; [cca2=IM].translations.zho.official
Expected: é©¬æ?©å²›
     got: ???
 ; [cca2=IN].altSpellings[]
Expected: à®‡à®¨à¯?à®¤à®¿à®¯à®¾
     but none found
 ; [cca2=IN].altSpellings[]
Expected: BhÄ?rat
     but none found
 ; [cca2=IN].altSpellings[]
Unexpected: ???????
 ; [cca2=IN].altSpellings[]
Unexpected: Bh?rat
 ; [cca2=IN].currencies.INR.symbol
Expected: â‚¹
     got: ?
 ; [cca2=IN].flag
Expected: ðŸ‡®ðŸ‡³
     got: ??
 ; [cca2=IN].flags.alt
Expected: The flag of India is composed of three equal horizontal bands of saffron, white and green. A navy blue wheel with twenty-four spokes â€” the Ashoka Chakra â€” is centered in the white band.
     got: The flag of India is composed of three equal horizontal bands of saffron, white and green. A navy blue wheel with twenty-four spokes — the Ashoka Chakra — is centered in the white band.
 ; [cca2=IN].name.nativeName.hin.common
Expected: à¤­à¤¾à¤°à¤¤
     got: ????
 ; [cca2=IN].name.nativeName.hin.official
Expected: à¤­à¤¾à¤°à¤¤ à¤—à¤£à¤°à¤¾à¤œà¥?à¤¯
     got: ???? ???????
 ; [cca2=IN].name.nativeName.tam.common
Expected: à®‡à®¨à¯?à®¤à®¿à®¯à®¾
     got: ???????
 ; [cca2=IN].name.nativeName.tam.official
Expected: à®‡à®¨à¯?à®¤à®¿à®¯à®•à¯? à®•à¯?à®Ÿà®¿à®¯à®°à®šà¯?
     got: ???????? ????????
 ; [cca2=IN].translations.ara.common
Expected: Ø§Ù„Ù‡Ù†Ø¯
     got: ?????
 ; [cca2=IN].translations.ara.official
Expected: Ø¬Ù…Ù‡ÙˆØ±ÙŠØ© Ø§Ù„Ù‡Ù†Ø¯
     got: ??????? ?????
 ; [cca2=IN].translations.ces.official
Expected: IndickÃ¡ republika
     got: Indická republika
 ; [cca2=IN].translations.fra.official
Expected: RÃ©publique de l&#039;Inde
     got: République de l&#039;Inde
 ; [cca2=IN].translations.hun.official
Expected: Indiai KÃ¶ztÃ¡rsasÃ¡g
     got: Indiai Köztársaság
 ; [cca2=IN].translations.jpn.common
Expected: ã‚¤ãƒ³ãƒ‰
     got: ???
 ; [cca2=IN].translations.jpn.official
Expected: ã‚¤ãƒ³ãƒ‰å…±å’Œå›½
     got: ??????
 ; [cca2=IN].translations.kor.common
Expected: ì?¸ë?„
     got: ??
 ; [cca2=IN].translations.kor.official
Expected: ì?¸ë?„ ê³µí™”êµ­
     got: ?? ???
 ; [cca2=IN].translations.per.common
Expected: Ù‡Ù†Ø¯
     got: ???
 ; [cca2=IN].translations.per.official
Expected: Ø¬Ù…Ù‡ÙˆØ±ÛŒ Ù‡Ù†Ø¯ÙˆØ³ØªØ§Ù†
     got: ?????? ????????
 ; [cca2=IN].translations.por.common
Expected: Ã?ndia
     got: Índia
 ; [cca2=IN].translations.por.official
Expected: RepÃºblica da Ã?ndia
     got: República da Índia
 ; [cca2=IN].translations.rus.common
Expected: Ð˜Ð½Ð´Ð¸Ñ?
     got: ?????
 ; [cca2=IN].translations.rus.official
Expected: Ð ÐµÑ?Ð¿ÑƒÐ±Ð»Ð¸ÐºÐ° Ð˜Ð½Ð´Ð¸Ñ?
     got: ?????????? ?????
 ; [cca2=IN].translations.slk.official
Expected: IndickÃ¡ republika
     got: Indická republika
 ; [cca2=IN].translations.spa.official
Expected: RepÃºblica de la India
     got: República de la India
 ; [cca2=IN].translations.srp.common
Expected: Ð˜Ð½Ð´Ð¸Ñ˜Ð°
     got: ??????
 ; [cca2=IN].translations.srp.official
Expected: Ð ÐµÐ¿ÑƒÐ±Ð»Ð¸ÐºÐ° Ð˜Ð½Ð´Ð¸Ñ˜Ð°
     got: ????????? ??????
 ; [cca2=IN].translations.urd.common
Expected: Ø¨Ú¾Ø§Ø±Øª
     got: ?????
 ; [cca2=IN].translations.urd.official
Expected: Ø¬Ù…Û?ÙˆØ±ÛŒÛ? Ø¨Ú¾Ø§Ø±Øª
     got: ??????? ?????
 ; [cca2=IN].translations.zho.common
Expected: å?°åº¦
     got: ??
 ; [cca2=IN].translations.zho.official
Expected: å?°åº¦å…±å’Œå›½
     got: ?????
 ; [cca2=IO].flag
Expected: ðŸ‡®ðŸ‡´
     got: ??
 ; [cca2=IO].translations.ara.common
Expected: Ø¥Ù‚Ù„ÙŠÙ… Ø§Ù„Ù…Ø­ÙŠØ· Ø§Ù„Ù‡Ù†Ø¯ÙŠ Ø§Ù„Ø¨Ø±ÙŠØ·Ø§Ù†ÙŠ
     got: ????? ?????? ?????? ?????????
 ; [cca2=IO].translations.ara.official
Expected: Ø¥Ù‚Ù„ÙŠÙ… Ø§Ù„Ù…Ø­ÙŠØ· Ø§Ù„Ù‡Ù†Ø¯ÙŠ Ø§Ù„Ø¨Ø±ÙŠØ·Ø§Ù†ÙŠ
     got: ????? ?????? ?????? ?????????
 ; [cca2=IO].translations.ces.common
Expected: BritskÃ© indickooceÃ¡nskÃ© ÃºzemÃ­
     got: Britské indickooceánské území
 ; [cca2=IO].translations.ces.official
Expected: BritskÃ© indickooceÃ¡nskÃ© ÃºzemÃ­
     got: Britské indickooceánské území
 ; [cca2=IO].translations.fin.common
Expected: BrittilÃ¤inen Intian valtameren alue
     got: Brittiläinen Intian valtameren alue
 ; [cca2=IO].translations.fin.official
Expected: BrittilÃ¤inen Intian valtameren alue
     got: Brittiläinen Intian valtameren alue
 ; [cca2=IO].translations.fra.common
Expected: Territoire britannique de l&#039;ocÃ©an Indien
     got: Territoire britannique de l&#039;océan Indien
 ; [cca2=IO].translations.fra.official
Expected: Territoire britannique de l&#039; ocÃ©an Indien
     got: Territoire britannique de l&#039; océan Indien
 ; [cca2=IO].translations.hun.common
Expected: Brit Indiai-Ã³ceÃ¡ni TerÃ¼let
     got: Brit Indiai-óceáni Terület
 ; [cca2=IO].translations.hun.official
Expected: Brit Indiai-Ã³ceÃ¡ni TerÃ¼let
     got: Brit Indiai-óceáni Terület
 ; [cca2=IO].translations.jpn.common
Expected: ã‚¤ã‚®ãƒªã‚¹é ˜ã‚¤ãƒ³ãƒ‰æ´‹åœ°åŸŸ
     got: ???????????
 ; [cca2=IO].translations.jpn.official
Expected: ã‚¤ã‚®ãƒªã‚¹é ˜ã‚¤ãƒ³ãƒ‰æ´‹åœ°åŸŸ
     got: ???????????
 ; [cca2=IO].translations.kor.common
Expected: ì?¸ë?„
     got: ??
 ; [cca2=IO].translations.kor.official
Expected: ì?¸ë?„ ê³µí™”êµ­
     got: ?? ???
 ; [cca2=IO].translations.per.common
Expected: Ù‚Ù„Ù…Ø±Ùˆ Ø¨Ø±ÛŒØªØ§Ù†ÛŒØ§ Ø¯Ø± Ø§Ù‚ÛŒØ§Ù†ÙˆØ³ Ù‡Ù†Ø¯
     got: ????? ???????? ?? ??????? ???
 ; [cca2=IO].translations.per.official
Expected: Ù‚Ù„Ù…Ø±Ùˆ Ø¨Ø±ÛŒØªØ§Ù†ÛŒØ§ Ø¯Ø± Ø§Ù‚ÛŒØ§Ù†ÙˆØ³ Ù‡Ù†Ø¯
     got: ????? ???????? ?? ??????? ???
 ; [cca2=IO].translations.por.common
Expected: TerritÃ³rio BritÃ¢nico do Oceano Ã?ndico
     got: Território Britânico do Oceano Índico
 ; [cca2=IO].translations.rus.common
Expected: Ð‘Ñ€Ð¸Ñ‚Ð°Ð½Ñ?ÐºÐ°Ñ? Ñ‚ÐµÑ€Ñ€Ð¸Ñ‚Ð¾Ñ€Ð¸Ñ? Ð² Ð˜Ð½Ð´Ð¸Ð¹Ñ?ÐºÐ¾Ð¼ Ð¾ÐºÐµÐ°Ð½Ðµ
     got: ?????????? ?????????? ? ????????? ??????
 ; [cca2=IO].translations.rus.official
Expected: Ð‘Ñ€Ð¸Ñ‚Ð°Ð½Ñ?ÐºÐ°Ñ? Ñ‚ÐµÑ€Ñ€Ð¸Ñ‚Ð¾Ñ€Ð¸Ñ? Ð˜Ð½Ð´Ð¸Ð¹Ñ?ÐºÐ¾Ð³Ð¾ Ð¾ÐºÐµÐ°Ð½Ð°
     got: ?????????? ?????????? ?????????? ??????
 ; [cca2=IO].translations.slk.common
Expected: BritskÃ© indickooceÃ¡nske Ãºzemie
     got: Britské indickooceánske územie
 ; [cca2=IO].translations.slk.official
Expected: BritskÃ© indickooceÃ¡nske Ãºzemie
     got: Britské indickooceánske územie
 ; [cca2=IO].translations.spa.common
Expected: Territorio BritÃ¡nico del OcÃ©ano Ã?ndico
     got: Territorio Británico del Océano Índico
 ; [cca2=IO].translations.spa.official
Expected: Territorio BritÃ¡nico del OcÃ©ano Ã?ndico
     got: Territorio Británico del Océano Índico
 ; [cca2=IO].translations.srp.common
Expected: Ð‘Ñ€Ð¸Ñ‚Ð°Ð½Ñ?ÐºÐ° Ñ‚ÐµÑ€Ð¸Ñ‚Ð¾Ñ€Ð¸Ñ˜Ð° Ð˜Ð½Ð´Ð¸Ñ˜Ñ?ÐºÐ¾Ð³ Ð¾ÐºÐµÐ°Ð½Ð°
     got: ????????? ?????????? ????????? ??????
 ; [cca2=IO].translations.srp.official
Expected: Ð‘Ñ€Ð¸Ñ‚Ð°Ð½Ñ?ÐºÐ° Ñ‚ÐµÑ€Ð¸Ñ‚Ð¾Ñ€Ð¸Ñ˜Ð° Ð˜Ð½Ð´Ð¸Ñ˜Ñ?ÐºÐ¾Ð³ Ð¾ÐºÐµÐ°Ð½Ð°
     got: ????????? ?????????? ????????? ??????
 ; [cca2=IO].translations.tur.common
Expected: Britanya Hint Okyanusu TopraklarÄ±
     got: Britanya Hint Okyanusu Topraklar?
 ; [cca2=IO].translations.tur.official
Expected: Britanya Hint Okyanusu TopraklarÄ±
     got: Britanya Hint Okyanusu Topraklar?
 ; [cca2=IO].translations.urd.common
Expected: Ø¨Ø±Ø·Ø§Ù†ÙˆÛŒ Ø¨Ø­Ø±Û?Ù†Ø¯ Ø®Ø·Û?
     got: ??????? ?????? ???
 ; [cca2=IO].translations.urd.official
Expected: Ø¨Ø±Ø·Ø§Ù†ÙˆÛŒ Ø¨Ø­Ø±Û?Ù†Ø¯ Ø®Ø·Û?
     got: ??????? ?????? ???
 ; [cca2=IO].translations.zho.common
Expected: è‹±å±žå?°åº¦æ´‹é¢†åœ°
     got: ???????
 ; [cca2=IO].translations.zho.official
Expected: è‹±å±žå?°åº¦æ´‹é¢†åœ°
     got: ???????
 ; [cca2=ZA].flag
Expected: ðŸ‡¿ðŸ‡¦
     got: ??
 ; [cca2=ZA].name.nativeName.ven.official
Expected: Riphabuá¸½iki ya Afurika Tshipembe
     got: Riphabu?iki ya Afurika Tshipembe
 ; [cca2=ZA].translations.ara.common
Expected: Ø¬Ù†ÙˆØ¨ Ø£Ù?Ø±ÙŠÙ‚ÙŠØ§
     got: ???? ???????
 ; [cca2=ZA].translations.ara.official
Expected: Ø¬Ù…Ù‡ÙˆØ±ÙŠØ© Ø¬Ù†ÙˆØ¨ Ø£Ù?Ø±ÙŠÙ‚ÙŠØ§
     got: ??????? ???? ???????
 ; [cca2=ZA].translations.ces.common
Expected: JihoafrickÃ¡ republika
     got: Jihoafrická republika
 ; [cca2=ZA].translations.ces.official
Expected: JihoafrickÃ¡ republika
     got: Jihoafrická republika
 ; [cca2=ZA].translations.deu.common
Expected: SÃ¼dafrika
     got: Südafrika
 ; [cca2=ZA].translations.deu.official
Expected: Republik SÃ¼dafrika
     got: Republik Südafrika
 ; [cca2=ZA].translations.est.common
Expected: LÃµuna-Aafrika Vabariik
     got: Lõuna-Aafrika Vabariik
 ; [cca2=ZA].translations.est.official
Expected: LÃµuna-Aafrika Vabariik
     got: Lõuna-Aafrika Vabariik
 ; [cca2=ZA].translations.fin.common
Expected: EtelÃ¤-Afrikka
     got: Etelä-Afrikka
 ; [cca2=ZA].translations.fin.official
Expected: EtelÃ¤-Afrikan tasavalta
     got: Etelä-Afrikan tasavalta
 ; [cca2=ZA].translations.fra.official
Expected: RÃ©publique d&#039;Afrique du Sud
     got: République d&#039;Afrique du Sud
 ; [cca2=ZA].translations.hrv.common
Expected: JuÅ¾na Afrika
     got: Južna Afrika
 ; [cca2=ZA].translations.hrv.official
Expected: JuÅ¾noafriÄ?ka Republika
     got: Južnoafri?ka Republika
 ; [cca2=ZA].translations.hun.common
Expected: DÃ©l-afrikai KÃ¶ztÃ¡rsasÃ¡g
     got: Dél-afrikai Köztársaság
 ; [cca2=ZA].translations.hun.official
Expected: DÃ©l-afrikai KÃ¶ztÃ¡rsasÃ¡g
     got: Dél-afrikai Köztársaság
 ; [cca2=ZA].translations.jpn.common
Expected: å?—ã‚¢ãƒ•ãƒªã‚«
     got: ?????
 ; [cca2=ZA].translations.jpn.official
Expected: å?—ã‚¢ãƒ•ãƒªã‚«å…±å’Œå›½
     got: ????????
 ; [cca2=ZA].translations.kor.common
Expected: ë‚¨ì•„í”„ë¦¬ì¹´
     got: ?????
 ; [cca2=ZA].translations.kor.official
Expected: ë‚¨ì•„í”„ë¦¬ì¹´ ê³µí™”êµ­
     got: ????? ???
 ; [cca2=ZA].translations.per.common
Expected: Ø¢Ù?Ø±ÛŒÙ‚Ø§ÛŒ Ø¬Ù†ÙˆØ¨ÛŒ
     got: ??????? ?????
 ; [cca2=ZA].translations.per.official
Expected: Ø¬Ù…Ù‡ÙˆØ±ÛŒ Ø¢Ù?Ø±ÛŒÙ‚Ø§ÛŒ Ø¬Ù†ÙˆØ¨ÛŒ
     got: ?????? ??????? ?????
 ; [cca2=ZA].translations.pol.common
Expected: PoÅ‚udniowa Afryka
     got: Po?udniowa Afryka
 ; [cca2=ZA].translations.pol.official
Expected: Republika PoÅ‚udniowej Afryki
     got: Republika Po?udniowej Afryki
 ; [cca2=ZA].translations.por.common
Expected: Ã?frica do Sul
     got: África do Sul
 ; [cca2=ZA].translations.por.official
Expected: RepÃºblica da Ã?frica do Sul
     got: República da África do Sul
 ; [cca2=ZA].translations.rus.common
Expected: Ð®Ð¶Ð½Ð°Ñ? Ð?Ñ„Ñ€Ð¸ÐºÐ°
     got: ????? ??????
 ; [cca2=ZA].translations.rus.official
Expected: Ð®Ð¶Ð½Ð¾-Ð?Ñ„Ñ€Ð¸ÐºÐ°Ð½Ñ?ÐºÐ°Ñ? Ð ÐµÑ?Ð¿ÑƒÐ±Ð»Ð¸ÐºÐ°
     got: ????-??????????? ??????????
 ; [cca2=ZA].translations.slk.common
Expected: JuÅ¾nÃ¡ Afrika
     got: Južná Afrika
 ; [cca2=ZA].translations.slk.official
Expected: JuhoafrickÃ¡ republika
     got: Juhoafrická republika
 ; [cca2=ZA].translations.spa.common
Expected: SudÃ¡frica
     got: Sudáfrica
 ; [cca2=ZA].translations.spa.official
Expected: RepÃºblica de SudÃ¡frica
     got: República de Sudáfrica
 ; [cca2=ZA].translations.srp.common
Expected: ÐˆÑƒÐ¶Ð½Ð¾Ð°Ñ„Ñ€Ð¸Ñ‡ÐºÐ° Ð ÐµÐ¿ÑƒÐ±Ð»Ð¸ÐºÐ°
     got: ???????????? ?????????
 ; [cca2=ZA].translations.srp.official
Expected: Ð ÐµÐ¿ÑƒÐ±Ð»Ð¸ÐºÐ° ÐˆÑƒÐ¶Ð½Ð° Ð?Ñ„Ñ€Ð¸ÐºÐ°
     got: ????????? ????? ??????
 ; [cca2=ZA].translations.tur.common
Expected: GÃ¼ney Afrika
     got: Güney Afrika
 ; [cca2=ZA].translations.tur.official
Expected: GÃ¼ney Afrika Cumhuriyeti
     got: Güney Afrika Cumhuriyeti
 ; [cca2=ZA].translations.urd.common
Expected: Ø¬Ù†ÙˆØ¨ÛŒ Ø§Ù?Ø±ÛŒÙ‚Ø§
     got: ????? ??????
 ; [cca2=ZA].translations.urd.official
Expected: Ø¬Ù…Û?ÙˆØ±ÛŒÛ? Ø¬Ù†ÙˆØ¨ÛŒ Ø§Ù?Ø±ÛŒÙ‚Ø§
     got: ??????? ????? ??????
 ; [cca2=ZA].translations.zho.common
Expected: å?—é?ž
     got: ??
 ; [cca2=ZA].translations.zho.official
Expected: å?—é?žå…±å’Œå›½
     got: ?????
 ; [cca2=IQ].altSpellings[]
Expected: JumhÅ«riyyat al-â€˜IrÄ?q
     but none found
 ; [cca2=IQ].altSpellings[]
Unexpected: Jumh?riyyat al-‘Ir?q
 ; [cca2=IQ].currencies.IQD.symbol
Expected: Ø¹.Ø¯
     got: ?.?
 ; [cca2=IQ].flag
Expected: ðŸ‡®ðŸ‡¶
     got: ??
 ; [cca2=IQ].name.nativeName.ara.common
Expected: Ø§Ù„Ø¹Ø±Ø§Ù‚
     got: ??????
 ; [cca2=IQ].name.nativeName.ara.official
Expected: Ø¬Ù…Ù‡ÙˆØ±ÙŠØ© Ø§Ù„Ø¹Ø±Ø§Ù‚
     got: ??????? ??????
 ; [cca2=IQ].name.nativeName.arc.common
Expected: Ü©Ü˜Ü¼Ü›Ü¢ÜµÜ?
     got: ???????
 ; [cca2=IQ].name.nativeName.arc.official
Expected: Ü©Ü˜Ü¼Ü›Ü¢ÜµÜ? Ü?Ü?Ü¼ÜªÜ²Ü©
     got: ??????? ??????
 ; [cca2=IQ].name.nativeName.ckb.common
Expected: Ú©Û†Ù…Ø§Ø±ÛŒ
     got: ??????
 ; [cca2=IQ].name.nativeName.ckb.official
Expected: Ú©Û†Ù…Ø§Ø±ÛŒ Ø¹ÛŽØ±Ø§Ù‚
     got: ?????? ?????
 ; [cca2=IQ].translations.ara.common
Expected: Ø§Ù„Ø¹Ø±Ø§Ù‚
     got: ??????
 ; [cca2=IQ].translations.ara.official
Expected: Ø¬Ù…Ù‡ÙˆØ±ÙŠØ© Ø§Ù„Ø¹Ø±Ø§Ù‚
     got: ??????? ??????
 ; [cca2=IQ].translations.ces.common
Expected: IrÃ¡k
     got: Irák
 ; [cca2=IQ].translations.ces.official
Expected: IrÃ¡ckÃ¡ republika
     got: Irácká republika
 ; [cca2=IQ].translations.fra.official
Expected: RÃ©publique d&#039;Irak
     got: République d&#039;Irak
 ; [cca2=IQ].translations.hun.official
Expected: Iraki KÃ¶ztÃ¡rsasÃ¡g
     got: Iraki Köztársaság
 ; [cca2=IQ].translations.jpn.common
Expected: ã‚¤ãƒ©ã‚¯
     got: ???
 ; [cca2=IQ].translations.jpn.official
Expected: ã‚¤ãƒ©ã‚¯å…±å’Œå›½
     got: ??????
 ; [cca2=IQ].translations.kor.common
Expected: ì?´ë?¼í?¬
     got: ???
 ; [cca2=IQ].translations.kor.official
Expected: ì?´ë?¼í?¬ ê³µí™”êµ­
     got: ??? ???
 ; [cca2=IQ].translations.per.common
Expected: Ø¹Ø±Ø§Ù‚
     got: ????
 ; [cca2=IQ].translations.per.official
Expected: Ø¬Ù…Ù‡ÙˆØ±ÛŒ Ø¹Ø±Ø§Ù‚
     got: ?????? ????
 ; [cca2=IQ].translations.por.official
Expected: RepÃºblica do Iraque
     got: República do Iraque
 ; [cca2=IQ].translations.rus.common
Expected: Ð˜Ñ€Ð°Ðº
     got: ????
 ; [cca2=IQ].translations.rus.official
Expected: Ð ÐµÑ?Ð¿ÑƒÐ±Ð»Ð¸ÐºÐ° Ð˜Ñ€Ð°Ðº
     got: ?????????? ????
 ; [cca2=IQ].translations.slk.official
Expected: IrackÃ¡ republika
     got: Iracká republika
 ; [cca2=IQ].translations.spa.official
Expected: RepÃºblica de Irak
     got: República de Irak
 ; [cca2=IQ].translations.srp.common
Expected: Ð˜Ñ€Ð°Ðº
     got: ????
 ; [cca2=IQ].translations.srp.official
Expected: Ð ÐµÐ¿ÑƒÐ±Ð»Ð¸ÐºÐ° Ð˜Ñ€Ð°Ðº
     got: ????????? ????
 ; [cca2=IQ].translations.urd.common
Expected: Ø¹Ø±Ø§Ù‚
     got: ????
 ; [cca2=IQ].translations.urd.official
Expected: Ø¬Ù…Û?ÙˆØ±ÛŒÛ? Ø¹Ø±Ø§Ù‚
     got: ??????? ????
 ; [cca2=IQ].translations.zho.common
Expected: ä¼Šæ‹‰å…‹
     got: ???
 ; [cca2=IQ].translations.zho.official
Expected: ä¼Šæ‹‰å…‹å…±å’Œå›½
     got: ??????
 ; [cca2=IR].altSpellings[]
Expected: Jomhuri-ye EslÄ?mi-ye IrÄ?n
     but none found
 ; [cca2=IR].altSpellings[]
Unexpected: Jomhuri-ye Esl?mi-ye Ir?n
 ; [cca2=IR].currencies.IRR.symbol
Expected: ï·¼
     got: ?
 ; [cca2=IR].flag
Expected: ðŸ‡®ðŸ‡·
     got: ??
 ; [cca2=IR].name.nativeName.fas.common
Expected: Ø§ÛŒØ±Ø§Ù†
     got: ?????
 ; [cca2=IR].name.nativeName.fas.official
Expected: Ø¬Ù…Ù‡ÙˆØ±ÛŒ Ø§Ø³Ù„Ø§Ù…ÛŒ Ø§ÛŒØ±Ø§Ù†
     got: ?????? ?????? ?????
 ; [cca2=IR].tld[]
Expected: Ø§ÛŒØ±Ø§Ù†.
     but none found
 ; [cca2=IR].tld[]
Unexpected: ?????.
 ; [cca2=IR].translations.ara.common
Expected: Ø¥ÙŠØ±Ø§Ù†
     got: ?????
 ; [cca2=IR].translations.ara.official
Expected: Ø¬Ù…Ù‡ÙˆØ±ÙŠØ© Ø¥ÙŠØ±Ø§Ù† Ø§Ù„Ø¥Ø³Ù„Ø§Ù…ÙŠØ©
     got: ??????? ????? ?????????
 ; [cca2=IR].translations.ces.common
Expected: Ã?rÃ¡n
     got: Írán
 ; [cca2=IR].translations.ces.official
Expected: IslÃ¡mskÃ¡ republika Ã?rÃ¡n
     got: Islámská republika Írán
 ; [cca2=IR].translations.fra.official
Expected: RÃ©publique islamique d&#039;Iran
     got: République islamique d&#039;Iran
 ; [cca2=IR].translations.hun.common
Expected: IrÃ¡n
     got: Irán
 ; [cca2=IR].translations.hun.official
Expected: IrÃ¡ni IszlÃ¡m KÃ¶ztÃ¡rsasÃ¡g
     got: Iráni Iszlám Köztársaság
 ; [cca2=IR].translations.jpn.common
Expected: ã‚¤ãƒ©ãƒ³ãƒ»ã‚¤ã‚¹ãƒ©ãƒ å…±å’Œå›½
     got: ???????????
 ; [cca2=IR].translations.jpn.official
Expected: ã‚¤ãƒ©ãƒ³Â·ã‚¤ã‚¹ãƒ©ãƒ å…±å’Œå›½
     got: ???·???????
 ; [cca2=IR].translations.kor.common
Expected: ì?´ëž€
     got: ??
 ; [cca2=IR].translations.kor.official
Expected: ì?´ëž€ ì?´ìŠ¬ëžŒ ê³µí™”êµ­
     got: ?? ??? ???
 ; [cca2=IR].translations.por.common
Expected: IrÃ£o
     got: Irão
 ; [cca2=IR].translations.por.official
Expected: RepÃºblica IslÃ¢mica do IrÃ£
     got: República Islâmica do Irã
 ; [cca2=IR].translations.rus.common
Expected: Ð˜Ñ€Ð°Ð½
     got: ????
 ; [cca2=IR].translations.rus.official
Expected: Ð˜Ñ?Ð»Ð°Ð¼Ñ?ÐºÐ°Ñ? Ð ÐµÑ?Ð¿ÑƒÐ±Ð»Ð¸ÐºÐ° Ð˜Ñ€Ð°Ð½
     got: ????????? ?????????? ????
 ; [cca2=IR].translations.slk.common
Expected: IrÃ¡n
     got: Irán
 ; [cca2=IR].translations.slk.official
Expected: IrÃ¡nska islamskÃ¡ republika
     got: Iránska islamská republika
 ; [cca2=IR].translations.spa.official
Expected: RepÃºblica IslÃ¡mica de IrÃ¡n
     got: República Islámica de Irán
 ; [cca2=IR].translations.srp.common
Expected: Ð˜Ñ€Ð°Ð½
     got: ????
 ; [cca2=IR].translations.srp.official
Expected: Ð˜Ñ?Ð»Ð°Ð¼Ñ?ÐºÐ° Ð ÐµÐ¿ÑƒÐ±Ð»Ð¸ÐºÐ° Ð˜Ñ€Ð°Ð½
     got: ???????? ????????? ????
 ; [cca2=IR].translations.tur.common
Expected: Ä°ran
     got: ?ran
 ; [cca2=IR].translations.tur.official
Expected: Ä°ran Ä°slam Cumhuriyeti
     got: ?ran ?slam Cumhuriyeti
 ; [cca2=IR].translations.urd.common
Expected: Ø§ÛŒØ±Ø§Ù†
     got: ?????
 ; [cca2=IR].translations.urd.official
Expected: Ø¬Ù…Û?ÙˆØ±ÛŒÛ? Ø§ÛŒØ±Ø§Ù†
     got: ??????? ?????
 ; [cca2=IR].translations.zho.common
Expected: ä¼Šæœ—
     got: ??
 ; [cca2=IR].translations.zho.official
Expected: ä¼Šæœ—ä¼Šæ–¯å…°å…±å’Œå›½
     got: ????????
 ; [cca2=IS].altSpellings[]
Expected: LÃ½Ã°veldiÃ° Ã?sland
     but none found
 ; [cca2=IS].altSpellings[]
Unexpected: Lýðveldið Ísland
 ; [cca2=IS].currencies.ISK.name
Expected: Icelandic krÃ³na
     got: Icelandic króna
 ; [cca2=IS].flag
Expected: ðŸ‡®ðŸ‡¸
     got: ??
 ; [cca2=IS].name.nativeName.isl.common
Expected: Ã?sland
     got: Ísland
 ; [cca2=IS].name.nativeName.isl.official
Expected: Ã?sland
     got: Ísland
 ; [cca2=IS].translations.ara.common
Expected: Ø¢ÙŠØ³Ù„Ù†Ø¯Ø§
     got: ???????
 ; [cca2=IS].translations.ara.official
Expected: Ø¢ÙŠØ³Ù„Ù†Ø¯Ø§
     got: ???????
 ; [cca2=IS].translations.fra.official
Expected: RÃ©publique d&#039;Islande
     got: République d&#039;Islande
 ; [cca2=IS].translations.jpn.common
Expected: ã‚¢ã‚¤ã‚¹ãƒ©ãƒ³ãƒ‰
     got: ??????
 ; [cca2=IS].translations.jpn.official
Expected: ã‚¢ã‚¤ã‚¹ãƒ©ãƒ³ãƒ‰
     got: ??????
 ; [cca2=IS].translations.kor.common
Expected: ì•„ì?´ìŠ¬ëž€ë“œ
     got: ?????
 ; [cca2=IS].translations.kor.official
Expected: ì•„ì?´ìŠ¬ëž€ë“œ ê³µí™”êµ­
     got: ????? ???
 ; [cca2=IS].translations.per.common
Expected: Ø§ÛŒØ³Ù„Ù†Ø¯
     got: ??????
 ; [cca2=IS].translations.per.official
Expected: Ø¬Ù…Ù‡ÙˆØ±ÛŒ Ø§ÛŒØ³Ù„Ù†Ø¯
     got: ?????? ??????
 ; [cca2=IS].translations.por.common
Expected: IslÃ¢ndia
     got: Islândia
 ; [cca2=IS].translations.por.official
Expected: IslÃ¢ndia
     got: Islândia
 ; [cca2=IS].translations.rus.common
Expected: Ð˜Ñ?Ð»Ð°Ð½Ð´Ð¸Ñ?
     got: ????????
 ; [cca2=IS].translations.rus.official
Expected: Ð˜Ñ?Ð»Ð°Ð½Ð´Ð¸Ñ?
     got: ????????
 ; [cca2=IS].translations.slk.official
Expected: IslandskÃ¡ republika
     got: Islandská republika
 ; [cca2=IS].translations.srp.common
Expected: Ð˜Ñ?Ð»Ð°Ð½Ð´
     got: ??????
 ; [cca2=IS].translations.srp.official
Expected: Ð˜Ñ?Ð»Ð°Ð½Ð´
     got: ??????
 ; [cca2=IS].translations.tur.common
Expected: Ä°zlanda
     got: ?zlanda
 ; [cca2=IS].translations.tur.official
Expected: Ä°zlanda
     got: ?zlanda
 ; [cca2=IS].translations.urd.common
Expected: Ø¢Ø¦Ø³ Ù„ÛŒÙ†Úˆ
     got: ??? ????
 ; [cca2=IS].translations.urd.official
Expected: Ø¢Ø¦Ø³ Ù„ÛŒÙ†Úˆ
     got: ??? ????
 ; [cca2=IS].translations.zho.common
Expected: å†°å²›
     got: ??
 ; [cca2=IS].translations.zho.official
Expected: å†°å²›
     got: ??
 ; [cca2=IT].currencies.EUR.symbol
Expected: â‚¬
     got: €
 ; [cca2=IT].flag
Expected: ðŸ‡®ðŸ‡¹
     got: ??
 ; [cca2=IT].translations.ara.common
Expected: Ø¥ÙŠØ·Ø§Ù„ÙŠØ§
     got: ???????
 ; [cca2=IT].translations.ara.official
Expected: Ø§Ù„Ø¬Ù…Ù‡ÙˆØ±ÙŠØ© Ø§Ù„Ø¥ÙŠØ·Ø§Ù„ÙŠØ©
     got: ????????? ?????????
 ; [cca2=IT].translations.ces.common
Expected: ItÃ¡lie
     got: Itálie
 ; [cca2=IT].translations.ces.official
Expected: ItalskÃ¡ republika
     got: Italská republika
 ; [cca2=IT].translations.fra.official
Expected: RÃ©publique italienne
     got: République italienne
 ; [cca2=IT].translations.hun.common
Expected: OlaszorszÃ¡g
     got: Olaszország
 ; [cca2=IT].translations.hun.official
Expected: Olasz KÃ¶ztÃ¡rsasÃ¡g
     got: Olasz Köztársaság
 ; [cca2=IT].translations.jpn.common
Expected: ã‚¤ã‚¿ãƒªã‚¢
     got: ????
 ; [cca2=IT].translations.jpn.official
Expected: ã‚¤ã‚¿ãƒªã‚¢å…±å’Œå›½
     got: ???????
 ; [cca2=IT].translations.kor.common
Expected: ì?´íƒˆë¦¬ì•„
     got: ????
 ; [cca2=IT].translations.kor.official
Expected: ì?´íƒˆë¦¬ì•„ ê³µí™”êµ­
     got: ???? ???
 ; [cca2=IT].translations.nld.common
Expected: ItaliÃ«
     got: Italië
 ; [cca2=IT].translations.per.common
Expected: Ø§ÛŒØªØ§Ù„ÛŒØ§
     got: ???????
 ; [cca2=IT].translations.per.official
Expected: Ø¬Ù…Ù‡ÙˆØ±ÛŒ Ø§ÛŒØªØ§Ù„ÛŒØ§
     got: ?????? ???????
 ; [cca2=IT].translations.pol.common
Expected: WÅ‚ochy
     got: W?ochy
 ; [cca2=IT].translations.pol.official
Expected: Republika WÅ‚oska
     got: Republika W?oska
 ; [cca2=IT].translations.por.common
Expected: ItÃ¡lia
     got: Itália
 ; [cca2=IT].translations.por.official
Expected: RepÃºblica Italiana
     got: República Italiana
 ; [cca2=IT].translations.rus.common
Expected: Ð˜Ñ‚Ð°Ð»Ð¸Ñ?
     got: ??????
 ; [cca2=IT].translations.rus.official
Expected: Ð¸Ñ‚Ð°Ð»ÑŒÑ?Ð½Ñ?ÐºÐ°Ñ? Ð ÐµÑ?Ð¿ÑƒÐ±Ð»Ð¸ÐºÐ°
     got: ??????????? ??????????
 ; [cca2=IT].translations.spa.official
Expected: RepÃºblica Italiana
     got: República Italiana
 ; [cca2=IT].translations.srp.common
Expected: Ð˜Ñ‚Ð°Ð»Ð¸Ñ˜Ð°
     got: ???????
 ; [cca2=IT].translations.srp.official
Expected: Ð˜Ñ‚Ð°Ð»Ð¸Ñ˜Ð°Ð½Ñ?ÐºÐ° Ð ÐµÐ¿ÑƒÐ±Ð»Ð¸ÐºÐ°
     got: ??????????? ?????????
 ; [cca2=IT].translations.tur.common
Expected: Ä°talya
     got: ?talya
 ; [cca2=IT].translations.tur.official
Expected: Ä°talyan Cumhuriyeti
     got: ?talyan Cumhuriyeti
 ; [cca2=IT].translations.urd.common
Expected: Ø§Ø·Ø§Ù„ÛŒÛ?
     got: ??????
 ; [cca2=IT].translations.urd.official
Expected: Ø¬Ù…Û?ÙˆØ±ÛŒÛ? Ø§Ø·Ø§Ù„ÛŒÛ?
     got: ??????? ??????
 ; [cca2=IT].translations.zho.common
Expected: æ„?å¤§åˆ©
     got: ???
 ; [cca2=IT].translations.zho.official
Expected: æ„?å¤§åˆ©å…±å’Œå›½
     got: ??????
 ; [cca2=ZM].flag
Expected: ðŸ‡¿ðŸ‡²
     got: ??
 ; [cca2=ZM].translations.ara.common
Expected: Ø²Ø§Ù…Ø¨ÙŠØ§
     got: ??????
 ; [cca2=ZM].translations.ara.official
Expected: Ø¬Ù…Ù‡ÙˆØ±ÙŠØ© Ø²Ø§Ù…Ø¨ÙŠØ§
     got: ??????? ??????
 ; [cca2=ZM].translations.ces.official
Expected: ZambijskÃ¡ republika
     got: Zambijská republika
 ; [cca2=ZM].translations.fra.official
Expected: RÃ©publique de Zambie
     got: République de Zambie
 ; [cca2=ZM].translations.hun.official
Expected: Zambiai KÃ¶ztÃ¡rsasÃ¡g
     got: Zambiai Köztársaság
 ; [cca2=ZM].translations.jpn.common
Expected: ã‚¶ãƒ³ãƒ“ã‚¢
     got: ????
 ; [cca2=ZM].translations.jpn.official
Expected: ã‚¶ãƒ³ãƒ“ã‚¢å…±å’Œå›½
     got: ???????
 ; [cca2=ZM].translations.kor.common
Expected: ìž ë¹„ì•„
     got: ???
 ; [cca2=ZM].translations.kor.official
Expected: ìž ë¹„ì•„ ê³µí™”êµ­
     got: ??? ???
 ; [cca2=ZM].translations.per.common
Expected: Ø²Ø§Ù…Ø¨ÛŒØ§
     got: ??????
 ; [cca2=ZM].translations.per.official
Expected: Ø¬Ù…Ù‡ÙˆØ±ÛŒ Ø²Ø§Ù…Ø¨ÛŒØ§
     got: ?????? ??????
 ; [cca2=ZM].translations.por.common
Expected: ZÃ¢mbia
     got: Zâmbia
 ; [cca2=ZM].translations.por.official
Expected: RepÃºblica da ZÃ¢mbia
     got: República da Zâmbia
 ; [cca2=ZM].translations.rus.common
Expected: Ð—Ð°Ð¼Ð±Ð¸Ñ?
     got: ??????
 ; [cca2=ZM].translations.rus.official
Expected: Ð ÐµÑ?Ð¿ÑƒÐ±Ð»Ð¸ÐºÐ° Ð—Ð°Ð¼Ð±Ð¸Ñ?
     got: ?????????? ??????
 ; [cca2=ZM].translations.slk.official
Expected: ZambijskÃ¡ republika
     got: Zambijská republika
 ; [cca2=ZM].translations.spa.official
Expected: RepÃºblica de Zambia
     got: República de Zambia
 ; [cca2=ZM].translations.srp.common
Expected: Ð—Ð°Ð¼Ð±Ð¸Ñ˜Ð°
     got: ???????
 ; [cca2=ZM].translations.srp.official
Expected: Ð ÐµÐ¿ÑƒÐ±Ð»Ð¸ÐºÐ° Ð—Ð°Ð¼Ð±Ð¸Ñ˜Ð°
     got: ????????? ???????
 ; [cca2=ZM].translations.urd.common
Expected: Ø²ÛŒÙ…Ø¨ÛŒØ§
     got: ??????
 ; [cca2=ZM].translations.urd.official
Expected: Ø¬Ù…Û?ÙˆØ±ÛŒÛ? Ø²ÛŒÙ…Ø¨ÛŒØ§
     got: ??????? ??????
 ; [cca2=ZM].translations.zho.common
Expected: èµžæ¯”äºš
     got: ???
 ; [cca2=ZM].translations.zho.official
Expected: èµžæ¯”äºšå…±å’Œå›½
     got: ??????
 ; [cca2=JE].altSpellings[]
Expected: Bailliage dÃ© JÃ¨rri
     but none found
 ; [cca2=JE].altSpellings[]
Unexpected: Bailliage dé Jèrri
 ; [cca2=JE].currencies.GBP.symbol
Expected: Â£
     got: £
 ; [cca2=JE].currencies.JEP.symbol
Expected: Â£
     got: £
 ; [cca2=JE].flag
Expected: ðŸ‡¯ðŸ‡ª
     got: ??
 ; [cca2=JE].languages.nrf
Expected: JÃ¨rriais
     got: Jèrriais
 ; [cca2=JE].name.nativeName.nrf.common
Expected: JÃ¨rri
     got: Jèrri
 ; [cca2=JE].name.nativeName.nrf.official
Expected: Bailliage dÃ© JÃ¨rri
     got: Bailliage dé Jèrri
 ; [cca2=JE].translations.ara.common
Expected: Ø¬ÙŠØ±Ø²ÙŠ
     got: ?????
 ; [cca2=JE].translations.ara.official
Expected: Ø¬ÙŠØ±Ø²ÙŠ
     got: ?????
 ; [cca2=JE].translations.ces.official
Expected: RychtÃ¡Å™stvÃ­ Jersey
     got: Rychtá?ství Jersey
 ; [cca2=JE].translations.jpn.common
Expected: ã‚¸ãƒ£ãƒ¼ã‚¸ãƒ¼
     got: ?????
 ; [cca2=JE].translations.jpn.official
Expected: ã‚¸ãƒ£ãƒ¼ã‚¸ã?®å¾—æ„?åˆ†é‡Ž
     got: ?????????
 ; [cca2=JE].translations.kor.common
Expected: ì €ì§€ ì„¬
     got: ?? ?
 ; [cca2=JE].translations.kor.official
Expected: ì €ì§€ ì„¬
     got: ?? ?
 ; [cca2=JE].translations.per.common
Expected: Ø¬Ø±Ø²ÛŒ
     got: ????
 ; [cca2=JE].translations.per.official
Expected: Ø¬Ø±Ø²ÛŒ
     got: ????
 ; [cca2=JE].translations.rus.common
Expected: Ð”Ð¶ÐµÑ€Ñ?Ð¸
     got: ??????
 ; [cca2=JE].translations.rus.official
Expected: ÐšÐ¾Ñ€Ð¾Ð½Ð½Ð¾Ðµ Ð²Ð»Ð°Ð´ÐµÐ½Ð¸Ðµ Ð”Ð¶ÐµÑ€Ñ?Ð¸
     got: ???????? ???????? ??????
 ; [cca2=JE].translations.spa.official
Expected: BailÃ­a de Jersey
     got: Bailía de Jersey
 ; [cca2=JE].translations.srp.common
Expected: Ð?ÐµÑ€Ð·Ð¸
     got: ?????
 ; [cca2=JE].translations.srp.official
Expected: Ð?ÐµÑ€Ð·Ð¸
     got: ?????
 ; [cca2=JE].translations.urd.common
Expected: Ø¬Ø±Ø²ÛŒ
     got: ????
 ; [cca2=JE].translations.urd.official
Expected: Ø¬Ø±Ø²ÛŒ
     got: ????
 ; [cca2=JE].translations.zho.common
Expected: æ³½è¥¿å²›
     got: ???
 ; [cca2=JE].translations.zho.official
Expected: æ³½è¥¿å²›
     got: ???
 ; [cca2=ZW].demonyms.fra.f
Expected: ZimbabwÃ©enne
     got: Zimbabwéenne
 ; [cca2=ZW].demonyms.fra.m
Expected: ZimbabwÃ©en
     got: Zimbabwéen
 ; [cca2=ZW].flag
Expected: ðŸ‡¿ðŸ‡¼
     got: ??
 ; [cca2=ZW].translations.ara.common
Expected: Ø²ÙŠÙ…Ø¨Ø§Ø¨ÙˆÙŠ
     got: ????????
 ; [cca2=ZW].translations.ara.official
Expected: Ø¬Ù…Ù‡ÙˆØ±ÙŠØ© Ø²ÙŠÙ…Ø¨Ø§Ø¨ÙˆÙŠ
     got: ??????? ????????
 ; [cca2=ZW].translations.ces.official
Expected: ZimbabwskÃ¡ republika
     got: Zimbabwská republika
 ; [cca2=ZW].translations.fra.official
Expected: RÃ©publique du Zimbabwe
     got: République du Zimbabwe
 ; [cca2=ZW].translations.hun.official
Expected: Zimbabwei KÃ¶ztÃ¡rsasÃ¡g
     got: Zimbabwei Köztársaság
 ; [cca2=ZW].translations.jpn.common
Expected: ã‚¸ãƒ³ãƒ?ãƒ–ã‚¨
     got: ?????
 ; [cca2=ZW].translations.jpn.official
Expected: ã‚¸ãƒ³ãƒ?ãƒ–ã‚¨å…±å’Œå›½
     got: ????????
 ; [cca2=ZW].translations.kor.common
Expected: ì§?ë°”ë¸Œì›¨
     got: ????
 ; [cca2=ZW].translations.kor.official
Expected: ì§?ë°”ë¸Œì›¨ ê³µí™”êµ­
     got: ???? ???
 ; [cca2=ZW].translations.per.common
Expected: Ø²ÛŒÙ…Ø¨Ø§Ø¨ÙˆÙ‡
     got: ????????
 ; [cca2=ZW].translations.per.official
Expected: Ø¬Ù…Ù‡ÙˆØ±ÛŒ Ø²ÛŒÙ…Ø¨Ø§Ø¨ÙˆÙ‡
     got: ?????? ????????
 ; [cca2=ZW].translations.por.official
Expected: RepÃºblica do Zimbabwe
     got: República do Zimbabwe
 ; [cca2=ZW].translations.rus.common
Expected: Ð—Ð¸Ð¼Ð±Ð°Ð±Ð²Ðµ
     got: ????????
 ; [cca2=ZW].translations.rus.official
Expected: Ð ÐµÑ?Ð¿ÑƒÐ±Ð»Ð¸ÐºÐ° Ð—Ð¸Ð¼Ð±Ð°Ð±Ð²Ðµ
     got: ?????????? ????????
 ; [cca2=ZW].translations.spa.official
Expected: RepÃºblica de Zimbabue
     got: República de Zimbabue
 ; [cca2=ZW].translations.srp.common
Expected: Ð—Ð¸Ð¼Ð±Ð°Ð±Ð²Ðµ
     got: ????????
 ; [cca2=ZW].translations.srp.official
Expected: Ð ÐµÐ¿ÑƒÐ±Ð»Ð¸ÐºÐ° Ð—Ð¸Ð¼Ð±Ð°Ð±Ð²Ðµ
     got: ????????? ????????
 ; [cca2=ZW].translations.urd.common
Expected: Ø²Ù…Ø¨Ø§Ø¨ÙˆÛ’
     got: ???????
 ; [cca2=ZW].translations.urd.official
Expected: Ø¬Ù…Û?ÙˆØ±ÛŒÛ? Ø²Ù…Ø¨Ø§Ø¨ÙˆÛ’
     got: ??????? ???????
 ; [cca2=ZW].translations.zho.common
Expected: æ´¥å·´å¸ƒéŸ¦
     got: ????
 ; [cca2=ZW].translations.zho.official
Expected: æ´¥å·´å¸ƒéŸ¦å…±å’Œå›½
     got: ???????
 ; [cca2=JM].demonyms.fra.f
Expected: JamaÃ¯caine
     got: Jamaïcaine
 ; [cca2=JM].demonyms.fra.m
Expected: JamaÃ¯cain
     got: Jamaïcain
 ; [cca2=JM].flag
Expected: ðŸ‡¯ðŸ‡²
     got: ??
 ; [cca2=JM].translations.ara.common
Expected: Ø¬Ø§Ù…Ø§ÙŠÙƒØ§
     got: ???????
 ; [cca2=JM].translations.ara.official
Expected: Ø¬Ø§Ù…Ø§ÙŠÙƒØ§
     got: ???????
 ; [cca2=JM].translations.fra.common
Expected: JamaÃ¯que
     got: Jamaïque
 ; [cca2=JM].translations.fra.official
Expected: JamaÃ¯que
     got: Jamaïque
 ; [cca2=JM].translations.jpn.common
Expected: ã‚¸ãƒ£ãƒžã‚¤ã‚«
     got: ?????
 ; [cca2=JM].translations.jpn.official
Expected: ã‚¸ãƒ£ãƒžã‚¤ã‚«
     got: ?????
 ; [cca2=JM].translations.kor.common
Expected: ìž?ë©”ì?´ì¹´
     got: ????
 ; [cca2=JM].translations.kor.official
Expected: ìž?ë©”ì?´ì¹´
     got: ????
 ; [cca2=JM].translations.per.common
Expected: Ø¬Ø§Ù…Ø§Ø¦ÛŒÚ©Ø§
     got: ????????
 ; [cca2=JM].translations.per.official
Expected: Ø¬Ø§Ù…Ø§Ø¦ÛŒÚ©Ø§
     got: ????????
 ; [cca2=JM].translations.rus.common
Expected: Ð¯Ð¼Ð°Ð¹ÐºÐ°
     got: ??????
 ; [cca2=JM].translations.rus.official
Expected: Ð¯Ð¼Ð°Ð¹ÐºÐ°
     got: ??????
 ; [cca2=JM].translations.srp.common
Expected: ÐˆÐ°Ð¼Ð°Ñ˜ÐºÐ°
     got: ???????
 ; [cca2=JM].translations.srp.official
Expected: ÐˆÐ°Ð¼Ð°Ñ˜ÐºÐ°
     got: ???????
 ; [cca2=JM].translations.urd.common
Expected: Ø¬Ù…ÛŒÚ©Ø§
     got: ?????
 ; [cca2=JM].translations.urd.official
Expected: Ø¬Ù…ÛŒÚ©Ø§
     got: ?????
 ; [cca2=JM].translations.zho.common
Expected: ç‰™ä¹°åŠ 
     got: ???
 ; [cca2=JM].translations.zho.official
Expected: ç‰™ä¹°åŠ 
     got: ???
 ; [cca2=JO].altSpellings[]
Expected: al-Mamlakah al-UrdunÄ«yah al-HÄ?shimÄ«yah
     but none found
 ; [cca2=JO].altSpellings[]
Unexpected: al-Mamlakah al-Urdun?yah al-H?shim?yah
 ; [cca2=JO].currencies.JOD.symbol
Expected: Ø¯.Ø§
     got: ?.?
 ; [cca2=JO].flag
Expected: ðŸ‡¯ðŸ‡´
     got: ??
 ; [cca2=JO].name.nativeName.ara.common
Expected: Ø§Ù„Ø£Ø±Ø¯Ù†
     got: ??????
 ; [cca2=JO].name.nativeName.ara.official
Expected: Ø§Ù„Ù…Ù…Ù„ÙƒØ© Ø§Ù„Ø£Ø±Ø¯Ù†ÙŠØ© Ø§Ù„Ù‡Ø§Ø´Ù…ÙŠØ©
     got: ??????? ???????? ????????
 ; [cca2=JO].tld[]
Expected: Ø§Ù„Ø§Ø±Ø¯Ù†.
     but none found
 ; [cca2=JO].tld[]
Unexpected: ??????.
 ; [cca2=JO].translations.ara.common
Expected: Ø§Ù„Ø£Ø±Ø¯Ù†
     got: ??????
 ; [cca2=JO].translations.ara.official
Expected: Ø§Ù„Ù…Ù…Ù„ÙƒØ© Ø§Ù„Ø£Ø±Ø¯Ù†ÙŠØ© Ø§Ù„Ù‡Ø§Ø´Ù…ÙŠØ©
     got: ??????? ???????? ????????
 ; [cca2=JO].translations.ces.common
Expected: JordÃ¡nsko
     got: Jordánsko
 ; [cca2=JO].translations.ces.official
Expected: JordÃ¡nskÃ© hÃ¡Å¡imovskÃ© krÃ¡lovstvÃ­
     got: Jordánské hášimovské království
 ; [cca2=JO].translations.deu.official
Expected: Haschemitisches KÃ¶nigreich Jordanien
     got: Haschemitisches Königreich Jordanien
 ; [cca2=JO].translations.est.official
Expected: Jordaania HaÅ¡imiidi Kuningriik
     got: Jordaania Hašimiidi Kuningriik
 ; [cca2=JO].translations.fin.official
Expected: Jordanian haÅ¡emiittinen kunigaskunta
     got: Jordanian hašemiittinen kunigaskunta
 ; [cca2=JO].translations.fra.official
Expected: Royaume hachÃ©mite de Jordanie
     got: Royaume hachémite de Jordanie
 ; [cca2=JO].translations.hrv.official
Expected: HaÅ¡emitske Kraljevine Jordan
     got: Hašemitske Kraljevine Jordan
 ; [cca2=JO].translations.hun.common
Expected: JordÃ¡nia
     got: Jordánia
 ; [cca2=JO].translations.hun.official
Expected: JordÃ¡nia
     got: Jordánia
 ; [cca2=JO].translations.jpn.common
Expected: ãƒ¨ãƒ«ãƒ€ãƒ³
     got: ????
 ; [cca2=JO].translations.jpn.official
Expected: ãƒ¨ãƒ«ãƒ€ãƒ³Â·ãƒ?ã‚·ãƒŸãƒ†çŽ‹å›½
     got: ????·??????
 ; [cca2=JO].translations.kor.common
Expected: ìš”ë¥´ë‹¨
     got: ???
 ; [cca2=JO].translations.kor.official
Expected: ìš”ë¥´ë‹¨ í•˜ì‹¬ ì™•êµ­
     got: ??? ?? ??
 ; [cca2=JO].translations.nld.common
Expected: JordaniÃ«
     got: Jordanië
 ; [cca2=JO].translations.nld.official
Expected: Hasjemitisch Koninkrijk JordaniÃ«
     got: Hasjemitisch Koninkrijk Jordanië
 ; [cca2=JO].translations.per.common
Expected: Ø§Ø±Ø¯Ù†
     got: ????
 ; [cca2=JO].translations.per.official
Expected: Ù¾Ø§Ø¯Ø´Ø§Ù‡ÛŒ Ø§Ù?Ø±Ø¯Ù?Ù† Ù‡Ø§Ø´Ù…ÛŒ
     got: ??????? ?????? ?????
 ; [cca2=JO].translations.pol.official
Expected: JordaÅ„skie KrÃ³lestwo Haszymidzkie
     got: Jorda?skie Królestwo Haszymidzkie
 ; [cca2=JO].translations.por.common
Expected: JordÃ¢nia
     got: Jordânia
 ; [cca2=JO].translations.por.official
Expected: Reino Hachemita da JordÃ¢nia
     got: Reino Hachemita da Jordânia
 ; [cca2=JO].translations.rus.common
Expected: Ð˜Ð¾Ñ€Ð´Ð°Ð½Ð¸Ñ?
     got: ????????
 ; [cca2=JO].translations.rus.official
Expected: Ð˜Ð¾Ñ€Ð´Ð°Ð½Ñ?ÐºÐ¾Ð³Ð¾ Ð¥Ð°ÑˆÐ¸Ð¼Ð¸Ñ‚Ñ?ÐºÐ¾Ð³Ð¾ ÐšÐ¾Ñ€Ð¾Ð»ÐµÐ²Ñ?Ñ‚Ð²Ð°
     got: ??????????? ???????????? ???????????
 ; [cca2=JO].translations.slk.common
Expected: JordÃ¡nsko
     got: Jordánsko
 ; [cca2=JO].translations.slk.official
Expected: JordÃ¡nske hÃ¡Å¡imovskÃ© krÃ¡Ä¾ovstvo
     got: Jordánske hášimovské krá?ovstvo
 ; [cca2=JO].translations.srp.common
Expected: ÐˆÐ¾Ñ€Ð´Ð°Ð½
     got: ??????
 ; [cca2=JO].translations.srp.official
Expected: Ð¥Ð°ÑˆÐµÐ¼Ð¸Ñ‚Ñ?ÐºÐ° ÐšÑ€Ð°Ñ™ÐµÐ²Ð¸Ð½Ð° ÐˆÐ¾Ñ€Ð´Ð°Ð½
     got: ?????????? ????????? ??????
 ; [cca2=JO].translations.swe.official
Expected: Hashimitiska kungadÃ¶met Jordanien
     got: Hashimitiska kungadömet Jordanien
 ; [cca2=JO].translations.tur.common
Expected: ÃœrdÃ¼n
     got: Ürdün
 ; [cca2=JO].translations.tur.official
Expected: ÃœrdÃ¼n HÃ¢ÅŸimi KrallÄ±ÄŸÄ±
     got: Ürdün Hâ?imi Krall???
 ; [cca2=JO].translations.urd.common
Expected: Ø§Ø±Ø¯Ù†
     got: ????
 ; [cca2=JO].translations.urd.official
Expected: Ú¾Ø§Ø´Ù…ÛŒ Ù…Ù…Ù„Ú©ØªÙ? Ø§Ø±Ø¯Ù†
     got: ????? ?????? ????
 ; [cca2=JO].translations.zho.common
Expected: çº¦æ—¦
     got: ??
 ; [cca2=JO].translations.zho.official
Expected: çº¦æ—¦å“ˆå¸Œå§†çŽ‹å›½
     got: ???????
 ; [cca2=JP].currencies.JPY.symbol
Expected: Â¥
     got: ¥
 ; [cca2=JP].flag
Expected: ðŸ‡¯ðŸ‡µ
     got: ??
 ; [cca2=JP].name.nativeName.jpn.common
Expected: æ—¥æœ¬
     got: ??
 ; [cca2=JP].name.nativeName.jpn.official
Expected: æ—¥æœ¬
     got: ??
 ; [cca2=JP].tld[]
Expected: .ã?¿ã‚“ã?ª
     but none found
 ; [cca2=JP].tld[]
Unexpected: .???
 ; [cca2=JP].translations.ara.common
Expected: Ø§Ù„ÙŠØ§Ø¨Ø§Ù†
     got: ???????
 ; [cca2=JP].translations.ara.official
Expected: Ø§Ù„ÙŠØ§Ø¨Ø§Ù†
     got: ???????
 ; [cca2=JP].translations.hun.common
Expected: JapÃ¡n
     got: Japán
 ; [cca2=JP].translations.hun.official
Expected: JapÃ¡n
     got: Japán
 ; [cca2=JP].translations.jpn.common
Expected: æ—¥æœ¬
     got: ??
 ; [cca2=JP].translations.jpn.official
Expected: æ—¥æœ¬
     got: ??
 ; [cca2=JP].translations.kor.common
Expected: ì?¼ë³¸
     got: ??
 ; [cca2=JP].translations.kor.official
Expected: ì?¼ë³¸êµ­
     got: ???
 ; [cca2=JP].translations.per.common
Expected: Ú˜Ø§Ù¾Ù†
     got: ????
 ; [cca2=JP].translations.per.official
Expected: Ú˜Ø§Ù¾Ù†
     got: ????
 ; [cca2=JP].translations.por.common
Expected: JapÃ£o
     got: Japão
 ; [cca2=JP].translations.por.official
Expected: JapÃ£o
     got: Japão
 ; [cca2=JP].translations.rus.common
Expected: Ð¯Ð¿Ð¾Ð½Ð¸Ñ?
     got: ??????
 ; [cca2=JP].translations.rus.official
Expected: Ð¯Ð¿Ð¾Ð½Ð¸Ñ?
     got: ??????
 ; [cca2=JP].translations.spa.common
Expected: JapÃ³n
     got: Japón
 ; [cca2=JP].translations.spa.official
Expected: JapÃ³n
     got: Japón
 ; [cca2=JP].translations.srp.common
Expected: ÐˆÐ°Ð¿Ð°Ð½
     got: ?????
 ; [cca2=JP].translations.srp.official
Expected: ÐˆÐ°Ð¿Ð°Ð½
     got: ?????
 ; [cca2=JP].translations.urd.common
Expected: Ø¬Ø§Ù¾Ø§Ù†
     got: ?????
 ; [cca2=JP].translations.urd.official
Expected: Ø¬Ø§Ù¾Ø§Ù†
     got: ?????
 ; [cca2=JP].translations.zho.common
Expected: æ—¥æœ¬
     got: ??
 ; [cca2=JP].translations.zho.official
Expected: æ—¥æœ¬å›½
     got: ???
 ; [cca2=KE].demonyms.fra.f
Expected: KÃ©nyane
     got: Kényane
 ; [cca2=KE].demonyms.fra.m
Expected: KÃ©nyan
     got: Kényan
 ; [cca2=KE].flag
Expected: ðŸ‡°ðŸ‡ª
     got: ??
 ; [cca2=KE].translations.ara.common
Expected: ÙƒÙŠÙ†ÙŠØ§
     got: ?????
 ; [cca2=KE].translations.ara.official
Expected: Ø¬Ù…Ù‡ÙˆØ±ÙŠØ© ÙƒÙŠÙ†ÙŠØ§
     got: ??????? ?????
 ; [cca2=KE].translations.ces.common
Expected: KeÅˆa
     got: Ke?a
 ; [cca2=KE].translations.ces.official
Expected: KeÅˆskÃ¡ republika
     got: Ke?ská republika
 ; [cca2=KE].translations.fra.official
Expected: RÃ©publique du Kenya
     got: République du Kenya
 ; [cca2=KE].translations.hun.official
Expected: Kenyai KÃ¶ztÃ¡rsasÃ¡g
     got: Kenyai Köztársaság
 ; [cca2=KE].translations.jpn.common
Expected: ã‚±ãƒ‹ã‚¢
     got: ???
 ; [cca2=KE].translations.jpn.official
Expected: ã‚±ãƒ‹ã‚¢å…±å’Œå›½
     got: ??????
 ; [cca2=KE].translations.kor.common
Expected: ì¼€ëƒ?
     got: ??
 ; [cca2=KE].translations.kor.official
Expected: ì¼€ëƒ? ê³µí™”êµ­
     got: ?? ???
 ; [cca2=KE].translations.per.common
Expected: Ú©Ù†ÛŒØ§
     got: ????
 ; [cca2=KE].translations.per.official
Expected: Ø¬Ù…Ù‡ÙˆØ±ÛŒ Ú©Ù†ÛŒØ§
     got: ?????? ????
 ; [cca2=KE].translations.por.common
Expected: QuÃ©nia
     got: Quénia
 ; [cca2=KE].translations.por.official
Expected: RepÃºblica do QuÃ©nia
     got: República do Quénia
 ; [cca2=KE].translations.rus.common
Expected: ÐšÐµÐ½Ð¸Ñ?
     got: ?????
 ; [cca2=KE].translations.rus.official
Expected: Ð ÐµÑ?Ð¿ÑƒÐ±Ð»Ð¸ÐºÐ° ÐšÐµÐ½Ð¸Ñ?
     got: ?????????? ?????
 ; [cca2=KE].translations.slk.common
Expected: KeÅˆa
     got: Ke?a
 ; [cca2=KE].translations.slk.official
Expected: KenskÃ¡ republika
     got: Kenská republika
 ; [cca2=KE].translations.spa.official
Expected: RepÃºblica de Kenya
     got: República de Kenya
 ; [cca2=KE].translations.srp.common
Expected: ÐšÐµÐ½Ð¸Ñ˜Ð°
     got: ??????
 ; [cca2=KE].translations.srp.official
Expected: Ð ÐµÐ¿ÑƒÐ±Ð»Ð¸ÐºÐ° ÐšÐµÐ½Ð¸Ñ˜Ð°
     got: ????????? ??????
 ; [cca2=KE].translations.urd.common
Expected: Ú©ÛŒÙ†ÛŒØ§
     got: ?????
 ; [cca2=KE].translations.urd.official
Expected: Ø¬Ù…Û?ÙˆØ±ÛŒÛ? Ú©ÛŒÙ†ÛŒØ§
     got: ??????? ?????
 ; [cca2=KE].translations.zho.common
Expected: è‚¯å°¼äºš
     got: ???
 ; [cca2=KE].translations.zho.official
Expected: è‚¯å°¼äºšå…±å’Œå›½
     got: ??????
 ; [cca2=KG].altSpellings[]
Expected: ÐšÑ‹Ñ€Ð³Ñ‹Ð· Ð ÐµÑ?Ð¿ÑƒÐ±Ð»Ð¸ÐºÐ°Ñ?Ñ‹
     but none found
 ; [cca2=KG].altSpellings[]
Expected: ÐšÐ¸Ñ€Ð³Ð¸Ð·Ð¸Ñ?
     but none found
 ; [cca2=KG].altSpellings[]
Unexpected: ?????? ????????????
 ; [cca2=KG].altSpellings[]
Unexpected: ????????
 ; [cca2=KG].currencies.KGS.symbol
Expected: Ñ?
     got: ?
 ; [cca2=KG].flag
Expected: ðŸ‡°ðŸ‡¬
     got: ??
 ; [cca2=KG].name.nativeName.kir.common
Expected: ÐšÑ‹Ñ€Ð³Ñ‹Ð·Ñ?Ñ‚Ð°Ð½
     got: ??????????
 ; [cca2=KG].name.nativeName.kir.official
Expected: ÐšÑ‹Ñ€Ð³Ñ‹Ð· Ð ÐµÑ?Ð¿ÑƒÐ±Ð»Ð¸ÐºÐ°Ñ?Ñ‹
     got: ?????? ????????????
 ; [cca2=KG].name.nativeName.rus.common
Expected: ÐšÐ¸Ñ€Ð³Ð¸Ð·Ð¸Ñ?
     got: ????????
 ; [cca2=KG].name.nativeName.rus.official
Expected: ÐšÑ‹Ñ€Ð³Ñ‹Ð·Ñ?ÐºÐ°Ñ? Ð ÐµÑ?Ð¿ÑƒÐ±Ð»Ð¸ÐºÐ°
     got: ?????????? ??????????
 ; [cca2=KG].translations.ara.common
Expected: Ù‚ÙŠØ±ØºÙŠØ²Ø³ØªØ§Ù†
     got: ??????????
 ; [cca2=KG].translations.ara.official
Expected: Ø§Ù„Ø¬Ù…Ù‡ÙˆØ±ÙŠØ© Ø§Ù„Ù‚ÙŠØ±ØºÙŠØ²ÙŠØ©
     got: ????????? ??????????
 ; [cca2=KG].translations.ces.common
Expected: KyrgyzstÃ¡n
     got: Kyrgyzstán
 ; [cca2=KG].translations.ces.official
Expected: KyrgyzskÃ¡ republika
     got: Kyrgyzská republika
 ; [cca2=KG].translations.est.common
Expected: KÃµrgÃµzstan
     got: Kõrgõzstan
 ; [cca2=KG].translations.fra.official
Expected: RÃ©publique kirghize
     got: République kirghize
 ; [cca2=KG].translations.hun.common
Expected: KirgizisztÃ¡n
     got: Kirgizisztán
 ; [cca2=KG].translations.hun.official
Expected: Kirgiz KÃ¶ztÃ¡rsasÃ¡g
     got: Kirgiz Köztársaság
 ; [cca2=KG].translations.jpn.common
Expected: ã‚­ãƒ«ã‚®ã‚¹
     got: ????
 ; [cca2=KG].translations.jpn.official
Expected: ã‚­ãƒ«ã‚®ã‚¹å…±å’Œå›½
     got: ???????
 ; [cca2=KG].translations.kor.common
Expected: í‚¤ë¥´ê¸°ìŠ¤ìŠ¤íƒ„
     got: ??????
 ; [cca2=KG].translations.kor.official
Expected: í‚¤ë¥´ê¸°ìŠ¤ ê³µí™”êµ­
     got: ???? ???
 ; [cca2=KG].translations.nld.common
Expected: KirgiziÃ«
     got: Kirgizië
 ; [cca2=KG].translations.per.common
Expected: Ù‚Ø±Ù‚ÛŒØ²Ø³ØªØ§Ù†
     got: ?????????
 ; [cca2=KG].translations.per.official
Expected: Ø¬Ù…Ù‡ÙˆØ±ÛŒ Ù‚Ù?Ø±Ù‚ÛŒØ²Ø³ØªØ§Ù†
     got: ?????? ??????????
 ; [cca2=KG].translations.por.common
Expected: QuirguistÃ£o
     got: Quirguistão
 ; [cca2=KG].translations.por.official
Expected: RepÃºblica do QuirguistÃ£o
     got: República do Quirguistão
 ; [cca2=KG].translations.rus.common
Expected: ÐšÐ¸Ñ€Ð³Ð¸Ð·Ð¸Ñ?
     got: ????????
 ; [cca2=KG].translations.rus.official
Expected: ÐšÑ‹Ñ€Ð³Ñ‹Ð·Ñ?ÐºÐ°Ñ? Ð ÐµÑ?Ð¿ÑƒÐ±Ð»Ð¸ÐºÐ°
     got: ?????????? ??????????
 ; [cca2=KG].translations.slk.official
Expected: KirgizskÃ¡ republika
     got: Kirgizská republika
 ; [cca2=KG].translations.spa.common
Expected: KirguizistÃ¡n
     got: Kirguizistán
 ; [cca2=KG].translations.spa.official
Expected: RepÃºblica Kirguisa
     got: República Kirguisa
 ; [cca2=KG].translations.srp.common
Expected: ÐšÐ¸Ñ€Ð³Ð¸Ð·Ð¸Ñ˜Ð°
     got: ?????????
 ; [cca2=KG].translations.srp.official
Expected: ÐšÐ¸Ñ€Ð³Ð¸Ñ?ÐºÐ° Ð ÐµÐ¿ÑƒÐ±Ð»Ð¸ÐºÐ°
     got: ???????? ?????????
 ; [cca2=KG].translations.tur.common
Expected: KÄ±rgÄ±zistan
     got: K?rg?zistan
 ; [cca2=KG].translations.tur.official
Expected: KÄ±rgÄ±zistan Cumhuriyeti
     got: K?rg?zistan Cumhuriyeti
 ; [cca2=KG].translations.urd.common
Expected: Ú©Ø±ØºÛŒØ²Ø³ØªØ§Ù†
     got: ?????????
 ; [cca2=KG].translations.urd.official
Expected: Ø¬Ù…Û?ÙˆØ±ÛŒÛ? Ú©Ø±ØºÛŒØ²Ø³ØªØ§Ù†
     got: ??????? ?????????
 ; [cca2=KG].translations.zho.common
Expected: å?‰å°”å?‰æ–¯æ–¯å?¦
     got: ??????
 ; [cca2=KG].translations.zho.official
Expected: å?‰å°”å?‰æ–¯æ–¯å?¦å…±å’Œå›½
     got: ?????????
 ; [cca2=KH].currencies.KHR.symbol
Expected: áŸ›
     got: ?
 ; [cca2=KH].flag
Expected: ðŸ‡°ðŸ‡­
     got: ??
 ; [cca2=KH].name.nativeName.khm.common
Expected: KÃ¢mpÅ­chÃ©a
     got: Kâmp?chéa
 ; [cca2=KH].name.nativeName.khm.official
Expected: áž–áŸ’ážšáŸ‡ážšáž¶áž‡áž¶ážŽáž¶áž…áž€áŸ’ážšáž€áž˜áŸ’áž–áž»áž‡áž¶
     got: ?????????????????????
 ; [cca2=KH].translations.ara.common
Expected: ÙƒÙ…Ø¨ÙˆØ¯ÙŠØ§
     got: ???????
 ; [cca2=KH].translations.ara.official
Expected: Ù…Ù…Ù„ÙƒØ© ÙƒÙ…Ø¨ÙˆØ¯ÙŠØ§
     got: ????? ???????
 ; [cca2=KH].translations.ces.common
Expected: KambodÅ¾a
     got: Kambodža
 ; [cca2=KH].translations.ces.official
Expected: KambodÅ¾skÃ© krÃ¡lovstvÃ­
     got: Kambodžské království
 ; [cca2=KH].translations.deu.official
Expected: KÃ¶nigreich Kambodscha
     got: Königreich Kambodscha
 ; [cca2=KH].translations.est.common
Expected: KambodÅ¾a
     got: Kambodža
 ; [cca2=KH].translations.est.official
Expected: KambodÅ¾a Kuningriik
     got: Kambodža Kuningriik
 ; [cca2=KH].translations.fin.common
Expected: KambodÅ¾a
     got: Kambodža
 ; [cca2=KH].translations.fin.official
Expected: KambodÅ¾an kuningaskunta
     got: Kambodžan kuningaskunta
 ; [cca2=KH].translations.hrv.common
Expected: KambodÅ¾a
     got: Kambodža
 ; [cca2=KH].translations.hrv.official
Expected: Kraljevina KambodÅ¾a
     got: Kraljevina Kambodža
 ; [cca2=KH].translations.hun.official
Expected: Kambodzsai KirÃ¡lysÃ¡g
     got: Kambodzsai Királyság
 ; [cca2=KH].translations.jpn.common
Expected: ã‚«ãƒ³ãƒœã‚¸ã‚¢
     got: ?????
 ; [cca2=KH].translations.jpn.official
Expected: ã‚«ãƒ³ãƒœã‚¸ã‚¢çŽ‹å›½
     got: ???????
 ; [cca2=KH].translations.kor.common
Expected: ìº„ë³´ë””ì•„
     got: ????
 ; [cca2=KH].translations.kor.official
Expected: ìº„ë³´ë””ì•„ ì™•êµ­
     got: ???? ??
 ; [cca2=KH].translations.per.common
Expected: Ú©Ø§Ù…Ø¨ÙˆØ¬
     got: ??????
 ; [cca2=KH].translations.per.official
Expected: Ù¾Ø§Ø¯Ø´Ø§Ù‡ÛŒ Ú©Ø§Ù…Ø¨ÙˆØ¬
     got: ??????? ??????
 ; [cca2=KH].translations.pol.common
Expected: KambodÅ¼a
     got: Kambod?a
 ; [cca2=KH].translations.pol.official
Expected: KrÃ³lestwo KambodÅ¼y
     got: Królestwo Kambod?y
 ; [cca2=KH].translations.rus.common
Expected: ÐšÐ°Ð¼Ð±Ð¾Ð´Ð¶Ð°
     got: ????????
 ; [cca2=KH].translations.rus.official
Expected: ÐšÐ¾Ñ€Ð¾Ð»ÐµÐ²Ñ?Ñ‚Ð²Ð¾ ÐšÐ°Ð¼Ð±Ð¾Ð´Ð¶Ð°
     got: ??????????? ????????
 ; [cca2=KH].translations.slk.common
Expected: KamboÇ†a
     got: Kambo?a
 ; [cca2=KH].translations.slk.official
Expected: KamboÇ†skÃ© krÃ¡Ä¾ovstvo
     got: Kambo?ské krá?ovstvo
 ; [cca2=KH].translations.srp.common
Expected: ÐšÐ°Ð¼Ð±Ð¾ÑŸÐ°
     got: ???????
 ; [cca2=KH].translations.srp.official
Expected: ÐšÑ€Ð°Ñ™ÐµÐ²Ð¸Ð½Ð° ÐšÐ°Ð¼Ð±Ð¾ÑŸÐ°
     got: ????????? ???????
 ; [cca2=KH].translations.tur.common
Expected: KamboÃ§ya
     got: Kamboçya
 ; [cca2=KH].translations.tur.official
Expected: KamboÃ§ya KrallÄ±ÄŸÄ±
     got: Kamboçya Krall???
 ; [cca2=KH].translations.urd.common
Expected: Ú©Ù…Ø¨ÙˆÚˆÛŒØ§
     got: ???????
 ; [cca2=KH].translations.urd.official
Expected: Ù…Ù…Ù„Ú©ØªÙ? Ú©Ù…Ø¨ÙˆÚˆÛŒØ§
     got: ?????? ???????
 ; [cca2=KH].translations.zho.common
Expected: æŸ¬åŸ”å¯¨
     got: ???
 ; [cca2=KH].translations.zho.official
Expected: æŸ¬åŸ”å¯¨çŽ‹å›½
     got: ?????
 ; [cca2=KI].flag
Expected: ðŸ‡°ðŸ‡®
     got: ??
 ; [cca2=KI].translations.ara.common
Expected: ÙƒÙŠØ±ÙŠØ¨Ø§ØªÙŠ
     got: ????????
 ; [cca2=KI].translations.ara.official
Expected: Ø¬Ù…Ù‡ÙˆØ±ÙŠØ© ÙƒÙŠØ±ÙŠØ¨Ø§ØªÙŠ
     got: ??????? ????????
 ; [cca2=KI].translations.fra.official
Expected: RÃ©publique de Kiribati
     got: République de Kiribati
 ; [cca2=KI].translations.hun.official
Expected: Kiribati KÃ¶ztÃ¡rsasÃ¡g
     got: Kiribati Köztársaság
 ; [cca2=KI].translations.jpn.common
Expected: ã‚­ãƒªãƒ?ã‚¹
     got: ????
 ; [cca2=KI].translations.jpn.official
Expected: ã‚­ãƒªãƒ?ã‚¹ã?®ç‹¬ç«‹ã?¨ä¸»æ¨©å…±å’Œå›½
     got: ?????????????
 ; [cca2=KI].translations.kor.common
Expected: í‚¤ë¦¬ë°”ì‹œ
     got: ????
 ; [cca2=KI].translations.kor.official
Expected: í‚¤ë¦¬ë°”ì‹œ ê³µí™”êµ­
     got: ???? ???
 ; [cca2=KI].translations.per.common
Expected: Ú©ÛŒØ±ÛŒØ¨Ø§ØªÛŒ
     got: ????????
 ; [cca2=KI].translations.per.official
Expected: Ø¬Ù…Ù‡ÙˆØ±ÛŒ Ú©ÛŒØ±ÛŒØ¨Ø§ØªÛŒ
     got: ?????? ????????
 ; [cca2=KI].translations.por.official
Expected: Independente e soberano RepÃºblica de Kiribati
     got: Independente e soberano República de Kiribati
 ; [cca2=KI].translations.rus.common
Expected: ÐšÐ¸Ñ€Ð¸Ð±Ð°Ñ‚Ð¸
     got: ????????
 ; [cca2=KI].translations.rus.official
Expected: Ð?ÐµÐ·Ð°Ð²Ð¸Ñ?Ð¸Ð¼Ð¾Ð¹ Ð¸ Ñ?ÑƒÐ²ÐµÑ€ÐµÐ½Ð½Ð¾Ð¹ Ð ÐµÑ?Ð¿ÑƒÐ±Ð»Ð¸ÐºÐ¸ ÐšÐ¸Ñ€Ð¸Ð±Ð°Ñ‚Ð¸
     got: ??????????? ? ?????????? ?????????? ????????
 ; [cca2=KI].translations.slk.official
Expected: KiribatskÃ¡ republika
     got: Kiribatská republika
 ; [cca2=KI].translations.spa.official
Expected: RepÃºblica Independiente y Soberano de Kiribati
     got: República Independiente y Soberano de Kiribati
 ; [cca2=KI].translations.srp.common
Expected: ÐšÐ¸Ñ€Ð¸Ð±Ð°Ñ‚Ð¸
     got: ????????
 ; [cca2=KI].translations.srp.official
Expected: Ð?ÐµÐ·Ð°Ð²Ð¸Ñ?Ð½Ð° Ð¸ Ð¡ÑƒÐ²ÐµÑ€ÐµÐ½Ð° Ð ÐµÐ¿ÑƒÐ±Ð»Ð¸ÐºÐ° ÐšÐ¸Ñ€Ð¸Ð±Ð°Ñ‚Ð¸
     got: ????????? ? ???????? ????????? ????????
 ; [cca2=KI].translations.urd.common
Expected: Ú©ÛŒØ±ÛŒØ¨Ø§ØªÛŒ
     got: ????????
 ; [cca2=KI].translations.urd.official
Expected: Ø³Ù„Ø·Ù†Øª Ø¢Ø²Ø§Ø¯ Ø¬Ù…Û?ÙˆØ±ÛŒÛ? Ú©ÛŒØ±ÛŒØ¨Ø§ØªÛŒ
     got: ????? ???? ??????? ????????
 ; [cca2=KI].translations.zho.common
Expected: åŸºé‡Œå·´æ–¯
     got: ????
 ; [cca2=KI].translations.zho.official
Expected: åŸºé‡Œå·´æ–¯å…±å’Œå›½
     got: ???????
 ; [cca2=KM].altSpellings[]
Expected: al-Ittiá¸¥Ä?d al-QumurÄ«
     but none found
 ; [cca2=KM].altSpellings[]
Unexpected: al-Itti??d al-Qumur?
 ; [cca2=KM].flag
Expected: ðŸ‡°ðŸ‡²
     got: ??
 ; [cca2=KM].name.nativeName.ara.common
Expected: Ø§Ù„Ù‚Ù…Ø±â€Ž
     got: ??????
 ; [cca2=KM].name.nativeName.ara.official
Expected: Ø§Ù„Ø§ØªØ­Ø§Ø¯ Ø§Ù„Ù‚Ù…Ø±ÙŠ
     got: ??????? ??????
 ; [cca2=KM].translations.ara.common
Expected: Ø¬Ø²Ø± Ø§Ù„Ù‚Ù…Ø±
     got: ??? ?????
 ; [cca2=KM].translations.ara.official
Expected: Ø§Ù„Ø¥ØªØ­Ø§Ø¯ Ø§Ù„Ù‚Ù…Ø±ÙŠ
     got: ??????? ??????
 ; [cca2=KM].translations.ces.official
Expected: KomorskÃ½ svaz
     got: Komorský svaz
 ; [cca2=KM].translations.hun.official
Expected: Comore-szigeteki UniÃ³
     got: Comore-szigeteki Unió
 ; [cca2=KM].translations.jpn.common
Expected: ã‚³ãƒ¢ãƒ­
     got: ???
 ; [cca2=KM].translations.jpn.official
Expected: ã‚³ãƒ¢ãƒ­é€£å?ˆ
     got: ?????
 ; [cca2=KM].translations.kor.common
Expected: ì½”ëª¨ë¡œ
     got: ???
 ; [cca2=KM].translations.kor.official
Expected: ì½”ëª¨ë¡œ ì—°ë°©
     got: ??? ??
 ; [cca2=KM].translations.per.common
Expected: Ø§ØªØ­Ø§Ø¯ Ù‚Ù?Ù…Ù?Ø±
     got: ????? ?????
 ; [cca2=KM].translations.per.official
Expected: Ù…Ø¬Ù…Ø¹â€ŒØ§Ù„Ø¬Ø²Ø§ÛŒØ± Ù‚Ù…Ø±
     got: ???????????? ???
 ; [cca2=KM].translations.pol.official
Expected: ZwiÄ…zek KomorÃ³w
     got: Zwi?zek Komorów
 ; [cca2=KM].translations.por.official
Expected: UniÃ£o das Comores
     got: União das Comores
 ; [cca2=KM].translations.rus.common
Expected: ÐšÐ¾Ð¼Ð¾Ñ€Ñ‹
     got: ??????
 ; [cca2=KM].translations.rus.official
Expected: Ð¡Ð¾ÑŽÐ· ÐšÐ¾Ð¼Ð¾Ñ€Ñ?ÐºÐ¸Ñ… ÐžÑ?Ñ‚Ñ€Ð¾Ð²Ð¾Ð²
     got: ???? ????????? ????????
 ; [cca2=KM].translations.slk.official
Expected: KomorskÃ¡ Ãºnia
     got: Komorská únia
 ; [cca2=KM].translations.spa.official
Expected: UniÃ³n de las Comoras
     got: Unión de las Comoras
 ; [cca2=KM].translations.srp.common
Expected: ÐšÐ¾Ð¼Ð¾Ñ€Ð¸
     got: ??????
 ; [cca2=KM].translations.srp.official
Expected: Ð¡Ð°Ð²ÐµÐ· ÐšÐ¾Ð¼Ð¾Ñ€Ð°
     got: ????? ??????
 ; [cca2=KM].translations.tur.official
Expected: Komorlar BirliÄŸi
     got: Komorlar Birli?i
 ; [cca2=KM].translations.urd.common
Expected: Ø§Ù„Ù‚Ù…Ø±ÛŒ
     got: ??????
 ; [cca2=KM].translations.urd.official
Expected: Ø§ØªØ­Ø§Ø¯ Ø§Ù„Ù‚Ù…Ø±ÛŒ
     got: ????? ??????
 ; [cca2=KM].translations.zho.common
Expected: ç§‘æ‘©ç½—
     got: ???
 ; [cca2=KM].translations.zho.official
Expected: ç§‘æ‘©ç½—è?”ç›Ÿ
     got: ?????
 ; [cca2=KN].flag
Expected: ðŸ‡°ðŸ‡³
     got: ??
 ; [cca2=KN].translations.ara.common
Expected: Ø³Ø§Ù†Øª ÙƒÙŠØªØ³ ÙˆÙ†ÙŠÙ?ÙŠØ³
     got: ???? ???? ??????
 ; [cca2=KN].translations.ara.official
Expected: Ø§ØªØ­Ø§Ø¯ Ø§Ù„Ù‚Ø¯ÙŠØ³ ÙƒØ±ÙŠØ³ØªÙˆÙ?Ø± ÙˆÙ†ÙŠÙ?ÙŠØ³
     got: ????? ?????? ???????? ??????
 ; [cca2=KN].translations.ces.common
Expected: SvatÃ½ KryÅ¡tof a Nevis
     got: Svatý Kryštof a Nevis
 ; [cca2=KN].translations.ces.official
Expected: Federace Sv. KryÅ¡tof a Nevis
     got: Federace Sv. Kryštof a Nevis
 ; [cca2=KN].translations.deu.official
Expected: FÃ¶deration von St. Kitts und Nevis
     got: Föderation von St. Kitts und Nevis
 ; [cca2=KN].translations.est.official
Expected: Saint Kittsi ja Nevise FÃ¶deratsioon
     got: Saint Kittsi ja Nevise Föderatsioon
 ; [cca2=KN].translations.fra.common
Expected: Saint-Christophe-et-NiÃ©vÃ¨s
     got: Saint-Christophe-et-Niévès
 ; [cca2=KN].translations.fra.official
Expected: FÃ©dÃ©ration de Saint-Christophe-et-NiÃ©vÃ¨s
     got: Fédération de Saint-Christophe-et-Niévès
 ; [cca2=KN].translations.hun.common
Expected: Saint Kitts Ã©s Nevis
     got: Saint Kitts és Nevis
 ; [cca2=KN].translations.hun.official
Expected: Saint Christopher Ã©s Nevis Ã?llamszÃ¶vetsÃ©g
     got: Saint Christopher és Nevis Államszövetség
 ; [cca2=KN].translations.jpn.common
Expected: ã‚»ãƒ³ãƒˆã‚¯ãƒªã‚¹ãƒˆãƒ•ã‚¡ãƒ¼ãƒ»ãƒ?ã‚¤ãƒ“ã‚¹
     got: ???????????????
 ; [cca2=KN].translations.jpn.official
Expected: ã‚»ãƒ³ãƒˆã‚¯ãƒªã‚¹ãƒˆãƒ•ã‚¡ãƒ¼Nevisé€£ç›Ÿ
     got: ??????????Nevis??
 ; [cca2=KN].translations.kor.common
Expected: ì„¸ì?¸íŠ¸í‚¤ì¸  ë„¤ë¹„ìŠ¤
     got: ????? ???
 ; [cca2=KN].translations.kor.official
Expected: ì„¸ì?¸íŠ¸í‚¤ì¸  ë„¤ë¹„ìŠ¤ ì—°ë°©
     got: ????? ??? ??
 ; [cca2=KN].translations.per.common
Expected: Ø³Ù†Øª Ú©ÛŒØªØ³ Ùˆ Ù†ÙˆÛŒØ³
     got: ??? ???? ? ????
 ; [cca2=KN].translations.per.official
Expected: Ù?Ø¯Ø±Ø§Ø³ÛŒÙˆÙ† Ø³Ù†Øª Ú©ÛŒØªØ³ Ùˆ Ù†ÙˆÛŒØ³
     got: ???????? ??? ???? ? ????
 ; [cca2=KN].translations.por.common
Expected: SÃ£o CristÃ³vÃ£o e Nevis
     got: São Cristóvão e Nevis
 ; [cca2=KN].translations.por.official
Expected: FederaÃ§Ã£o de SÃ£o CristÃ³vÃ£o e Nevis
     got: Federação de São Cristóvão e Nevis
 ; [cca2=KN].translations.rus.common
Expected: Ð¡ÐµÐ½Ñ‚-ÐšÐ¸Ñ‚Ñ? Ð¸ Ð?ÐµÐ²Ð¸Ñ?
     got: ????-???? ? ?????
 ; [cca2=KN].translations.rus.official
Expected: Ð¤ÐµÐ´ÐµÑ€Ð°Ñ†Ð¸Ñ? Ð¡ÐµÐ½Ñ‚-ÐšÑ€Ð¸Ñ?Ñ‚Ð¾Ñ„ÐµÑ€ Ð¸ Ð? Ðµ Ð² Ð¸ Ñ?
     got: ????????? ????-????????? ? ? ? ? ? ?
 ; [cca2=KN].translations.slk.common
Expected: SvÃ¤tÃ½ KriÅ¡tof a Nevis
     got: Svätý Krištof a Nevis
 ; [cca2=KN].translations.slk.official
Expected: Federà»¡cia SvÃ¤tÃ©ho KriÅ¡tofa a Nevisu
     got: Feder?cia Svätého Krištofa a Nevisu
 ; [cca2=KN].translations.spa.common
Expected: San CristÃ³bal y Nieves
     got: San Cristóbal y Nieves
 ; [cca2=KN].translations.spa.official
Expected: FederaciÃ³n de San CristÃ³bal y Nevis
     got: Federación de San Cristóbal y Nevis
 ; [cca2=KN].translations.srp.common
Expected: Ð¡ÐµÐ½Ñ‚ ÐšÐ¸Ñ‚Ñ? Ð¸ Ð?ÐµÐ²Ð¸Ñ?
     got: ???? ???? ? ?????
 ; [cca2=KN].translations.srp.official
Expected: Ð¤ÐµÐ´ÐµÑ€Ð°Ñ†Ð¸Ñ˜Ð° Ð¡Ð²ÐµÑ‚Ð¸ ÐšÑ€Ð¸Ñ?Ñ‚Ð¾Ñ„ÐµÑ€ Ð¸ Ð?ÐµÐ²Ð¸Ñ?
     got: ?????????? ????? ????????? ? ?????
 ; [cca2=KN].translations.urd.common
Expected: Ø³ÛŒÙ†Ù¹ Ú©ÛŒÙ¹Ø² Ùˆ Ù†Ø§ÙˆÛŒØ³
     got: ???? ???? ? ?????
 ; [cca2=KN].translations.urd.official
Expected: ÙˆÙ?Ø§Ù‚Ù? Ø³ÛŒÙ†Ù¹ Ú©ÛŒÙ¹Ø² Ùˆ Ù†Ø§ÙˆÛŒØ³
     got: ????? ???? ???? ? ?????
 ; [cca2=KN].translations.zho.common
Expected: åœ£åŸºèŒ¨å’Œå°¼ç»´æ–¯
     got: ???????
 ; [cca2=KN].translations.zho.official
Expected: åœ£å…‹é‡Œæ–¯æ‰˜å¼—å’Œå°¼ç»´æ–¯è?”é‚¦
     got: ????????????
 ; [cca2=KP].altSpellings[]
Expected: ë¶?í•œ
     but none found
 ; [cca2=KP].altSpellings[]
Expected: ë¶?ì¡°ì„ 
     but none found
 ; [cca2=KP].altSpellings[]
Expected: ì¡°ì„ ë¯¼ì£¼ì£¼ì?˜ì?¸ë¯¼ê³µí™”êµ­
     but none found
 ; [cca2=KP].altSpellings[]
Expected: ChosÅ?n MinjujuÅ­i Inmin Konghwaguk
     but none found
 ; [cca2=KP].altSpellings[]
Unexpected: ???
 ; [cca2=KP].altSpellings[]
Unexpected: ???????????
 ; [cca2=KP].altSpellings[]
Unexpected: Chos?n Minjuju?i Inmin Konghwaguk
 ; [cca2=KP].altSpellings[]
Unexpected: ??
 ; [cca2=KP].currencies.KPW.symbol
Expected: â‚©
     got: ?
 ; [cca2=KP].demonyms.fra.f
Expected: Nord-corÃ©enne
     got: Nord-coréenne
 ; [cca2=KP].demonyms.fra.m
Expected: Nord-corÃ©en
     got: Nord-coréen
 ; [cca2=KP].flag
Expected: ðŸ‡°ðŸ‡µ
     got: ??
 ; [cca2=KP].flags.alt
Expected: The flag of North Korea is composed of three horizontal bands â€” a large central white-edged red band, and a blue band above and beneath the red band. On the hoist side of the red band is a red five-pointed star within a white circle.
     got: The flag of North Korea is composed of three horizontal bands — a large central white-edged red band, and a blue band above and beneath the red band. On the hoist side of the red band is a red five-pointed star within a white circle.
 ; [cca2=KP].name.nativeName.kor.common
Expected: ì¡°ì„ 
     got: ??
 ; [cca2=KP].name.nativeName.kor.official
Expected: ì¡°ì„ ë¯¼ì£¼ì£¼ì?˜ì?¸ë¯¼ê³µí™”êµ­
     got: ???????????
 ; [cca2=KP].translations.ara.common
Expected: ÙƒÙˆØ±ÙŠØ§ Ø§Ù„Ø´Ù…Ø§Ù„ÙŠØ©
     got: ????? ????????
 ; [cca2=KP].translations.ara.official
Expected: Ø¬Ù…Ù‡ÙˆØ±ÙŠØ© ÙƒÙˆØ±ÙŠØ§ Ø§Ù„Ø¯ÙŠÙ…Ù‚Ø±Ø§Ø·ÙŠØ© Ø§Ù„Ø´Ø¹Ø¨ÙŠØ©
     got: ??????? ????? ??????????? ???????
 ; [cca2=KP].translations.ces.common
Expected: SevernÃ­ Korea
     got: Severní Korea
 ; [cca2=KP].translations.ces.official
Expected: KorejskÃ¡ lidovÄ› demokratickÃ¡ republika
     got: Korejská lidov? demokratická republika
 ; [cca2=KP].translations.est.common
Expected: PÃµhja-Korea
     got: Põhja-Korea
 ; [cca2=KP].translations.fra.common
Expected: CorÃ©e du Nord
     got: Corée du Nord
 ; [cca2=KP].translations.fra.official
Expected: RÃ©publique populaire dÃ©mocratique de CorÃ©e
     got: République populaire démocratique de Corée
 ; [cca2=KP].translations.hun.common
Expected: Ã‰szak-Korea
     got: Észak-Korea
 ; [cca2=KP].translations.hun.official
Expected: Koreai NÃ©pi Demokratikus KÃ¶ztÃ¡rsasÃ¡g
     got: Koreai Népi Demokratikus Köztársaság
 ; [cca2=KP].translations.jpn.common
Expected: æœ?é®®æ°‘ä¸»ä¸»ç¾©äººæ°‘å…±å’Œå›½
     got: ???????????
 ; [cca2=KP].translations.jpn.official
Expected: æœ?é®®æ°‘ä¸»ä¸»ç¾©äººæ°‘å…±å’Œå›½
     got: ???????????
 ; [cca2=KP].translations.kor.common
Expected: ì¡°ì„ 
     got: ??
 ; [cca2=KP].translations.kor.official
Expected: ì¡°ì„ ë¯¼ì£¼ì£¼ì?˜ì?¸ë¯¼ê³µí™”êµ­
     got: ???????????
 ; [cca2=KP].translations.per.common
Expected: Ú©Ù?Ø±Ù‡ Ø´Ù…Ø§Ù„ÛŒ
     got: ???? ?????
 ; [cca2=KP].translations.per.official
Expected: Ø¬Ù…Ù‡ÙˆØ±ÛŒ Ø¯Ù…ÙˆÚ©Ø±Ø§ØªÛŒÚ© Ø®Ù„Ù‚ Ú©Ø±Ù‡
     got: ?????? ????????? ??? ???
 ; [cca2=KP].translations.pol.common
Expected: Korea PÃ³Å‚nocna
     got: Korea Pó?nocna
 ; [cca2=KP].translations.pol.official
Expected: KoreaÅ„ska Republika Ludowo-Demokratyczna
     got: Korea?ska Republika Ludowo-Demokratyczna
 ; [cca2=KP].translations.por.official
Expected: RepÃºblica Popular DemocrÃ¡tica da Coreia
     got: República Popular Democrática da Coreia
 ; [cca2=KP].translations.rus.common
Expected: Ð¡ÐµÐ²ÐµÑ€Ð½Ð°Ñ? ÐšÐ¾Ñ€ÐµÑ?
     got: ???????? ?????
 ; [cca2=KP].translations.rus.official
Expected: ÐšÐ¾Ñ€ÐµÐ¹Ñ?ÐºÐ°Ñ? Ð?Ð°Ñ€Ð¾Ð´Ð½Ð¾-Ð”ÐµÐ¼Ð¾ÐºÑ€Ð°Ñ‚Ð¸Ñ‡ÐµÑ?ÐºÐ°Ñ? Ð ÐµÑ?Ð¿ÑƒÐ±Ð»Ð¸ÐºÐ° ÐšÐ¾Ñ€ÐµÑ?
     got: ????????? ???????-??????????????? ?????????? ?????
 ; [cca2=KP].translations.slk.common
Expected: SevernÃ¡ KÃ³rea
     got: Severná Kórea
 ; [cca2=KP].translations.slk.official
Expected: KÃ³rejskÃ¡ Ä¾udovodemokratickÃ¡ republika
     got: Kórejská ?udovodemokratická republika
 ; [cca2=KP].translations.spa.official
Expected: RepÃºblica Popular DemocrÃ¡tica de Corea
     got: República Popular Democrática de Corea
 ; [cca2=KP].translations.srp.common
Expected: Ð¡ÐµÐ²ÐµÑ€Ð½Ð° ÐšÐ¾Ñ€ÐµÑ˜Ð°
     got: ??????? ??????
 ; [cca2=KP].translations.srp.official
Expected: Ð”ÐµÐ¼Ð¾ÐºÑ€Ð°Ñ‚Ñ?ÐºÐ° Ð?Ð°Ñ€Ð¾Ð´Ð½Ð° Ð ÐµÐ¿ÑƒÐ±Ð»Ð¸ÐºÐ° ÐšÐ¾Ñ€ÐµÑ˜Ð°
     got: ??????????? ??????? ????????? ??????
 ; [cca2=KP].translations.urd.common
Expected: Ø´Ù…Ø§Ù„ÛŒ Ú©ÙˆØ±ÛŒØ§
     got: ????? ?????
 ; [cca2=KP].translations.urd.official
Expected: Ø¬Ù…Û?ÙˆØ±ÛŒ Ø¹ÙˆØ§Ù…ÛŒ Ø¬Ù…Û?ÙˆØ±ÛŒÛ? Ú©ÙˆØ±ÛŒØ§
     got: ?????? ????? ??????? ?????
 ; [cca2=KP].translations.zho.common
Expected: æœ?é²œ
     got: ??
 ; [cca2=KP].translations.zho.official
Expected: æœ?é²œäººæ°‘æ°‘ä¸»å…±å’Œå›½
     got: ?????????
 ; [cca2=KR].altSpellings[]
Expected: ë‚¨í•œ
     but none found
 ; [cca2=KR].altSpellings[]
Expected: ë‚¨ì¡°ì„ 
     but none found
 ; [cca2=KR].altSpellings[]
Unexpected: ??
 ; [cca2=KR].altSpellings[]
Unexpected: ???
 ; [cca2=KR].currencies.KRW.symbol
Expected: â‚©
     got: ?
 ; [cca2=KR].demonyms.fra.f
Expected: Sud-corÃ©enne
     got: Sud-coréenne
 ; [cca2=KR].demonyms.fra.m
Expected: Sud-corÃ©en
     got: Sud-coréen
 ; [cca2=KR].flag
Expected: ðŸ‡°ðŸ‡·
     got: ??
 ; [cca2=KR].name.nativeName.kor.common
Expected: í•œêµ­
     got: ??
 ; [cca2=KR].name.nativeName.kor.official
Expected: ëŒ€í•œë¯¼êµ­
     got: ????
 ; [cca2=KR].tld[]
Expected: .í•œêµ­
     but none found
 ; [cca2=KR].tld[]
Unexpected: .??
 ; [cca2=KR].translations.ara.common
Expected: ÙƒÙˆØ±ÙŠØ§ Ø§Ù„Ø¬Ù†ÙˆØ¨ÙŠØ©
     got: ????? ????????
 ; [cca2=KR].translations.ara.official
Expected: Ø¬Ù…Ù‡ÙˆØ±ÙŠØ© ÙƒÙˆØ±ÙŠØ§
     got: ??????? ?????
 ; [cca2=KR].translations.ces.common
Expected: JiÅ¾nÃ­ Korea
     got: Jižní Korea
 ; [cca2=KR].translations.ces.official
Expected: KorejskÃ¡ republika
     got: Korejská republika
 ; [cca2=KR].translations.deu.common
Expected: SÃ¼dkorea
     got: Südkorea
 ; [cca2=KR].translations.est.common
Expected: LÃµuna-Korea
     got: Lõuna-Korea
 ; [cca2=KR].translations.fin.common
Expected: EtelÃ¤-Korea
     got: Etelä-Korea
 ; [cca2=KR].translations.fra.common
Expected: CorÃ©e du Sud
     got: Corée du Sud
 ; [cca2=KR].translations.fra.official
Expected: RÃ©publique de CorÃ©e
     got: République de Corée
 ; [cca2=KR].translations.hrv.common
Expected: JuÅ¾na Koreja
     got: Južna Koreja
 ; [cca2=KR].translations.hun.common
Expected: DÃ©l-Korea
     got: Dél-Korea
 ; [cca2=KR].translations.hun.official
Expected: Koreai KÃ¶ztÃ¡rsasÃ¡g
     got: Koreai Köztársaság
 ; [cca2=KR].translations.jpn.common
Expected: éŸ“å›½
     got: ??
 ; [cca2=KR].translations.jpn.official
Expected: å¤§éŸ“æ°‘å›½
     got: ????
 ; [cca2=KR].translations.kor.common
Expected: í•œêµ­
     got: ??
 ; [cca2=KR].translations.kor.official
Expected: ëŒ€í•œë¯¼êµ­
     got: ????
 ; [cca2=KR].translations.per.common
Expected: Ú©Ø±Ù‡Ù” Ø¬Ù†ÙˆØ¨ÛŒ
     got: ???? ?????
 ; [cca2=KR].translations.per.official
Expected: Ø¬Ù…Ù‡ÙˆØ±ÛŒ Ú©Ø±Ù‡
     got: ?????? ???
 ; [cca2=KR].translations.pol.common
Expected: Korea PoÅ‚udniowa
     got: Korea Po?udniowa
 ; [cca2=KR].translations.por.official
Expected: RepÃºblica da Coreia
     got: República da Coreia
 ; [cca2=KR].translations.rus.common
Expected: Ð®Ð¶Ð½Ð°Ñ? ÐšÐ¾Ñ€ÐµÑ?
     got: ????? ?????
 ; [cca2=KR].translations.rus.official
Expected: Ð ÐµÑ?Ð¿ÑƒÐ±Ð»Ð¸ÐºÐ° ÐšÐ¾Ñ€ÐµÑ?
     got: ?????????? ?????
 ; [cca2=KR].translations.slk.common
Expected: JuÅ¾nÃ¡ KÃ³rea
     got: Južná Kórea
 ; [cca2=KR].translations.slk.official
Expected: KÃ³rejskÃ¡ republika
     got: Kórejská republika
 ; [cca2=KR].translations.spa.official
Expected: RepÃºblica de Corea
     got: República de Corea
 ; [cca2=KR].translations.srp.common
Expected: ÐˆÑƒÐ¶Ð½Ð° ÐšÐ¾Ñ€ÐµÑ˜Ð°
     got: ????? ??????
 ; [cca2=KR].translations.srp.official
Expected: Ð ÐµÐ¿ÑƒÐ±Ð»Ð¸ÐºÐ° ÐšÐ¾Ñ€ÐµÑ˜Ð°
     got: ????????? ??????
 ; [cca2=KR].translations.tur.common
Expected: GÃ¼ney Kore
     got: Güney Kore
 ; [cca2=KR].translations.urd.common
Expected: Ø¬Ù†ÙˆØ¨ÛŒ Ú©ÙˆØ±ÛŒØ§
     got: ????? ?????
 ; [cca2=KR].translations.urd.official
Expected: Ø¬Ù…Û?ÙˆØ±ÛŒÛ? Ú©ÙˆØ±ÛŒØ§ 
     got: ??????? ????? 
 ; [cca2=KR].translations.zho.common
Expected: éŸ©å›½
     got: ??
 ; [cca2=KR].translations.zho.official
Expected: å¤§éŸ©æ°‘å›½
     got: ????
 ; [cca2=KW].currencies.KWD.symbol
Expected: Ø¯.Ùƒ
     got: ?.?
 ; [cca2=KW].demonyms.fra.f
Expected: KoweÃ¯tienne
     got: Koweïtienne
 ; [cca2=KW].demonyms.fra.m
Expected: KoweÃ¯tien
     got: Koweïtien
 ; [cca2=KW].flag
Expected: ðŸ‡°ðŸ‡¼
     got: ??
 ; [cca2=KW].name.nativeName.ara.common
Expected: Ø§Ù„ÙƒÙˆÙŠØª
     got: ??????
 ; [cca2=KW].name.nativeName.ara.official
Expected: Ø¯ÙˆÙ„Ø© Ø§Ù„ÙƒÙˆÙŠØª
     got: ???? ??????
 ; [cca2=KW].translations.ara.common
Expected: Ø§Ù„ÙƒÙˆÙŠØª
     got: ??????
 ; [cca2=KW].translations.ara.official
Expected: Ø¯ÙˆÙ„Ø© Ø§Ù„ÙƒÙˆÙŠØª
     got: ???? ??????
 ; [cca2=KW].translations.ces.official
Expected: StÃ¡t Kuvajt
     got: Stát Kuvajt
 ; [cca2=KW].translations.fra.common
Expected: KoweÃ¯t
     got: Koweït
 ; [cca2=KW].translations.fra.official
Expected: Ã‰tat du KoweÃ¯t
     got: État du Koweït
 ; [cca2=KW].translations.hrv.official
Expected: DrÅ¾ava Kuvajt
     got: Država Kuvajt
 ; [cca2=KW].translations.hun.official
Expected: Kuvaiti Ã?llam
     got: Kuvaiti Állam
 ; [cca2=KW].translations.jpn.common
Expected: ã‚¯ã‚¦ã‚§ãƒ¼ãƒˆ
     got: ?????
 ; [cca2=KW].translations.jpn.official
Expected: ã‚¯ã‚¦ã‚§ãƒ¼ãƒˆå›½
     got: ??????
 ; [cca2=KW].translations.kor.common
Expected: ì¿ ì›¨ì?´íŠ¸
     got: ????
 ; [cca2=KW].translations.kor.official
Expected: ì¿ ì›¨ì?´íŠ¸êµ­
     got: ?????
 ; [cca2=KW].translations.per.common
Expected: Ú©Ù?ÙˆÛŒØª
     got: ?????
 ; [cca2=KW].translations.per.official
Expected: Ø¯ÙˆÙ„Øª Ú©ÙˆÛŒØª
     got: ???? ????
 ; [cca2=KW].translations.pol.official
Expected: PaÅ„stwo Kuwejt
     got: Pa?stwo Kuwejt
 ; [cca2=KW].translations.rus.common
Expected: ÐšÑƒÐ²ÐµÐ¹Ñ‚
     got: ??????
 ; [cca2=KW].translations.rus.official
Expected: Ð“Ð¾Ñ?ÑƒÐ´Ð°Ñ€Ñ?Ñ‚Ð²Ð¾ ÐšÑƒÐ²ÐµÐ¹Ñ‚
     got: ??????????? ??????
 ; [cca2=KW].translations.slk.official
Expected: KuvajtskÃ½ Å¡tÃ¡t
     got: Kuvajtský štát
 ; [cca2=KW].translations.srp.common
Expected: ÐšÑƒÐ²Ð°Ñ˜Ñ‚
     got: ??????
 ; [cca2=KW].translations.srp.official
Expected: Ð”Ñ€Ð¶Ð°Ð²Ð° ÐšÑƒÐ²Ð°Ñ˜Ñ‚
     got: ?????? ??????
 ; [cca2=KW].translations.urd.common
Expected: Ú©ÙˆÛŒØª
     got: ????
 ; [cca2=KW].translations.urd.official
Expected: Ø¯ÙˆÙ„ØªÙ? Ú©ÙˆÛŒØª
     got: ????? ????
 ; [cca2=KW].translations.zho.common
Expected: ç§‘å¨?ç‰¹
     got: ???
 ; [cca2=KW].translations.zho.official
Expected: ç§‘å¨?ç‰¹å›½
     got: ????
 ; [cca2=KY].demonyms.fra.f
Expected: CaÃ¯manienne
     got: Caïmanienne
 ; [cca2=KY].demonyms.fra.m
Expected: CaÃ¯manien
     got: Caïmanien
 ; [cca2=KY].flag
Expected: ðŸ‡°ðŸ‡¾
     got: ??
 ; [cca2=KY].translations.ara.common
Expected: Ø¬Ø²Ø± ÙƒØ§ÙŠÙ…Ø§Ù†
     got: ??? ??????
 ; [cca2=KY].translations.ara.official
Expected: Ø¬Ø²Ø± ÙƒØ§ÙŠÙ…Ø§Ù†
     got: ??? ??????
 ; [cca2=KY].translations.ces.common
Expected: KajmanskÃ© ostrovy
     got: Kajmanské ostrovy
 ; [cca2=KY].translations.ces.official
Expected: KajmanskÃ© ostrovy
     got: Kajmanské ostrovy
 ; [cca2=KY].translations.fra.common
Expected: ÃŽles CaÃ¯mans
     got: Îles Caïmans
 ; [cca2=KY].translations.fra.official
Expected: ÃŽles CaÃ¯mans
     got: Îles Caïmans
 ; [cca2=KY].translations.hun.common
Expected: KajmÃ¡n-szigetek
     got: Kajmán-szigetek
 ; [cca2=KY].translations.hun.official
Expected: KajmÃ¡n-szigetek
     got: Kajmán-szigetek
 ; [cca2=KY].translations.jpn.common
Expected: ã‚±ã‚¤ãƒžãƒ³è«¸å³¶
     got: ??????
 ; [cca2=KY].translations.jpn.official
Expected: ã‚±ã‚¤ãƒžãƒ³è«¸å³¶
     got: ??????
 ; [cca2=KY].translations.kor.common
Expected: ì¼€ì?´ë§¨ ì œë?„
     got: ??? ??
 ; [cca2=KY].translations.kor.official
Expected: ì¼€ì?´ë§¨ ì œë?„
     got: ??? ??
 ; [cca2=KY].translations.per.common
Expected: Ø¬Ø²Ø§ÛŒØ± Ú©ÛŒÙ…Ù†
     got: ????? ????
 ; [cca2=KY].translations.per.official
Expected: Ø¬Ø²Ø§ÛŒØ± Ú©ÛŒÙ…Ù†
     got: ????? ????
 ; [cca2=KY].translations.por.common
Expected: Ilhas CaimÃ£o
     got: Ilhas Caimão
 ; [cca2=KY].translations.rus.common
Expected: ÐšÐ°Ð¹Ð¼Ð°Ð½Ð¾Ð²Ñ‹ Ð¾Ñ?Ñ‚Ñ€Ð¾Ð²Ð°
     got: ????????? ???????
 ; [cca2=KY].translations.rus.official
Expected: ÐšÐ°Ð¹Ð¼Ð°Ð½Ð¾Ð²Ñ‹ Ð¾Ñ?Ñ‚Ñ€Ð¾Ð²Ð°
     got: ????????? ???????
 ; [cca2=KY].translations.spa.common
Expected: Islas CaimÃ¡n
     got: Islas Caimán
 ; [cca2=KY].translations.spa.official
Expected: Islas CaimÃ¡n
     got: Islas Caimán
 ; [cca2=KY].translations.srp.common
Expected: ÐšÐ°Ñ˜Ð¼Ð°Ð½Ñ?ÐºÐ° ÐžÑ?Ñ‚Ñ€Ð²Ð°
     got: ????????? ??????
 ; [cca2=KY].translations.srp.official
Expected: ÐšÐ°Ñ˜Ð¼Ð°Ð½Ñ?ÐºÐ° ÐžÑ?Ñ‚Ñ€Ð²Ð°
     got: ????????? ??????
 ; [cca2=KY].translations.swe.common
Expected: CaymanÃ¶arna
     got: Caymanöarna
 ; [cca2=KY].translations.swe.official
Expected: CaymanÃ¶arna
     got: Caymanöarna
 ; [cca2=KY].translations.tur.common
Expected: Cayman AdalarÄ±
     got: Cayman Adalar?
 ; [cca2=KY].translations.tur.official
Expected: Cayman AdalarÄ±
     got: Cayman Adalar?
 ; [cca2=KY].translations.urd.common
Expected: Ø¬Ø²Ø§Ø¦Ø± Ú©ÛŒÙ…ÛŒÙ†
     got: ????? ?????
 ; [cca2=KY].translations.urd.official
Expected: Ø¬Ø²Ø§Ø¦Ø± Ú©ÛŒÙ…ÛŒÙ†
     got: ????? ?????
 ; [cca2=KY].translations.zho.common
Expected: å¼€æ›¼ç¾¤å²›
     got: ????
 ; [cca2=KY].translations.zho.official
Expected: å¼€æ›¼ç¾¤å²›
     got: ????
 ; [cca2=KZ].altSpellings[]
Expected: ÒšÐ°Ð·Ð°Ò›Ñ?Ñ‚Ð°Ð½ Ð ÐµÑ?Ð¿ÑƒÐ±Ð»Ð¸ÐºÐ°Ñ?Ñ‹
     but none found
 ; [cca2=KZ].altSpellings[]
Expected: Ð ÐµÑ?Ð¿ÑƒÐ±Ð»Ð¸ÐºÐ° ÐšÐ°Ð·Ð°Ñ…Ñ?Ñ‚Ð°Ð½
     but none found
 ; [cca2=KZ].altSpellings[]
Expected: Qazaqstan RespublÃ¯kasÄ±
     but none found
 ; [cca2=KZ].altSpellings[]
Expected: ÐšÐ°Ð·Ð°Ñ…Ñ?Ñ‚Ð°Ð½
     but none found
 ; [cca2=KZ].altSpellings[]
Unexpected: ?????????
 ; [cca2=KZ].altSpellings[]
Unexpected: ?????????? ?????????
 ; [cca2=KZ].altSpellings[]
Unexpected: ????????? ????????????
 ; [cca2=KZ].altSpellings[]
Unexpected: Qazaqstan Respublïkas?
 ; [cca2=KZ].currencies.KZT.symbol
Expected: â‚¸
     got: ?
 ; [cca2=KZ].flag
Expected: ðŸ‡°ðŸ‡¿
     got: ??
 ; [cca2=KZ].flags.alt
Expected: The flag of Kazakhstan has a turquoise field, at the center of which is a gold sun with thirty-two rays above a soaring golden steppe eagle. A thin vertical band displays a national ornamental pattern â€” koshkar-muiz â€” in gold near the hoist end.
     got: The flag of Kazakhstan has a turquoise field, at the center of which is a gold sun with thirty-two rays above a soaring golden steppe eagle. A thin vertical band displays a national ornamental pattern — koshkar-muiz — in gold near the hoist end.
 ; [cca2=KZ].name.nativeName.kaz.common
Expected: ÒšÐ°Ð·Ð°Ò›Ñ?Ñ‚Ð°Ð½
     got: ?????????
 ; [cca2=KZ].name.nativeName.kaz.official
Expected: ÒšÐ°Ð·Ð°Ò›Ñ?Ñ‚Ð°Ð½ Ð ÐµÑ?Ð¿ÑƒÐ±Ð»Ð¸ÐºÐ°Ñ?Ñ‹
     got: ????????? ????????????
 ; [cca2=KZ].name.nativeName.rus.common
Expected: ÐšÐ°Ð·Ð°Ñ…Ñ?Ñ‚Ð°Ð½
     got: ?????????
 ; [cca2=KZ].name.nativeName.rus.official
Expected: Ð ÐµÑ?Ð¿ÑƒÐ±Ð»Ð¸ÐºÐ° ÐšÐ°Ð·Ð°Ñ…Ñ?Ñ‚Ð°Ð½
     got: ?????????? ?????????
 ; [cca2=KZ].tld[]
Expected: .Ò›Ð°Ð·
     but none found
 ; [cca2=KZ].tld[]
Unexpected: .???
 ; [cca2=KZ].translations.ara.common
Expected: ÙƒØ§Ø²Ø§Ø®Ø³ØªØ§Ù†
     got: ?????????
 ; [cca2=KZ].translations.ara.official
Expected: Ø¬Ù…Ù‡ÙˆØ±ÙŠØ© ÙƒØ§Ø²Ø§Ø®Ø³ØªØ§Ù†
     got: ??????? ?????????
 ; [cca2=KZ].translations.ces.common
Expected: KazachstÃ¡n
     got: Kazachstán
 ; [cca2=KZ].translations.ces.official
Expected: Republika KazachstÃ¡n
     got: Republika Kazachstán
 ; [cca2=KZ].translations.fra.official
Expected: RÃ©publique du Kazakhstan
     got: République du Kazakhstan
 ; [cca2=KZ].translations.hun.common
Expected: KazahsztÃ¡n
     got: Kazahsztán
 ; [cca2=KZ].translations.hun.official
Expected: Kazah KÃ¶ztÃ¡rsasÃ¡g
     got: Kazah Köztársaság
 ; [cca2=KZ].translations.jpn.common
Expected: ã‚«ã‚¶ãƒ•ã‚¹ã‚¿ãƒ³
     got: ??????
 ; [cca2=KZ].translations.jpn.official
Expected: ã‚«ã‚¶ãƒ•ã‚¹ã‚¿ãƒ³å…±å’Œå›½
     got: ?????????
 ; [cca2=KZ].translations.kor.common
Expected: ì¹´ìž?í??ìŠ¤íƒ„
     got: ?????
 ; [cca2=KZ].translations.kor.official
Expected: ì¹´ìž?í??ìŠ¤íƒ„ ê³µí™”êµ­
     got: ????? ???
 ; [cca2=KZ].translations.per.common
Expected: Ù‚Ø²Ø§Ù‚Ø³ØªØ§Ù†
     got: ????????
 ; [cca2=KZ].translations.per.official
Expected: Ø¬Ù…Ù‡ÙˆØ±ÛŒ Ù‚Ø²Ø§Ù‚Ø³ØªØ§Ù†
     got: ?????? ????????
 ; [cca2=KZ].translations.por.common
Expected: CazaquistÃ£o
     got: Cazaquistão
 ; [cca2=KZ].translations.por.official
Expected: RepÃºblica do CazaquistÃ£o
     got: República do Cazaquistão
 ; [cca2=KZ].translations.rus.common
Expected: ÐšÐ°Ð·Ð°Ñ…Ñ?Ñ‚Ð°Ð½
     got: ?????????
 ; [cca2=KZ].translations.rus.official
Expected: Ð ÐµÑ?Ð¿ÑƒÐ±Ð»Ð¸ÐºÐ° ÐšÐ°Ð·Ð°Ñ…Ñ?Ñ‚Ð°Ð½
     got: ?????????? ?????????
 ; [cca2=KZ].translations.slk.official
Expected: KazaÅ¡skÃ¡ republika
     got: Kazašská republika
 ; [cca2=KZ].translations.spa.common
Expected: KazajistÃ¡n
     got: Kazajistán
 ; [cca2=KZ].translations.spa.official
Expected: RepÃºblica de KazajstÃ¡n
     got: República de Kazajstán
 ; [cca2=KZ].translations.srp.common
Expected: ÐšÐ°Ð·Ð°Ñ…Ñ?Ñ‚Ð°Ð½
     got: ?????????
 ; [cca2=KZ].translations.srp.official
Expected: Ð ÐµÐ¿ÑƒÐ±Ð»Ð¸ÐºÐ° ÐšÐ°Ð·Ð°Ñ…Ñ?Ñ‚Ð°Ð½
     got: ????????? ?????????
 ; [cca2=KZ].translations.urd.common
Expected: Ù‚Ø§Ø²Ù‚Ø³ØªØ§Ù†
     got: ????????
 ; [cca2=KZ].translations.urd.official
Expected: Ø¬Ù…Û?ÙˆØ±ÛŒÛ? Ù‚Ø§Ø²Ù‚Ø³ØªØ§Ù†
     got: ??????? ????????
 ; [cca2=KZ].translations.zho.common
Expected: å“ˆè?¨å…‹æ–¯å?¦
     got: ?????
 ; [cca2=KZ].translations.zho.official
Expected: å“ˆè?¨å…‹æ–¯å?¦å…±å’Œå›½
     got: ????????
 ; [cca2=LA].currencies.LAK.symbol
Expected: â‚­
     got: ?
 ; [cca2=LA].flag
Expected: ðŸ‡±ðŸ‡¦
     got: ??
 ; [cca2=LA].name.nativeName.lao.common
Expected: àºªàº›àº›àº¥àº²àº§
     got: ??????
 ; [cca2=LA].name.nativeName.lao.official
Expected: àºªàº²àº—àº²àº¥àº°àº™àº° àºŠàº²àº—àº´àº›àº°à»„àº• àº„àº»àº™àº¥àº²àº§ àº‚àº­àº‡
     got: ???????? ???????? ?????? ???
 ; [cca2=LA].translations.ara.common
Expected: Ù„Ø§ÙˆØ³
     got: ????
 ; [cca2=LA].translations.ara.official
Expected: Ø¬Ù…Ù‡ÙˆØ±ÙŠØ© Ù„Ø§ÙˆØ³ Ø§Ù„Ø¯ÙŠÙ…Ù‚Ø±Ø§Ø·ÙŠØ© Ø§Ù„Ø´Ø¹Ø¨ÙŠØ©
     got: ??????? ???? ??????????? ???????
 ; [cca2=LA].translations.ces.official
Expected: LaoskÃ¡ lidovÄ› demokratickÃ¡ republika
     got: Laoská lidov? demokratická republika
 ; [cca2=LA].translations.fra.official
Expected: RÃ©publique dÃ©mocratique populaire lao
     got: République démocratique populaire lao
 ; [cca2=LA].translations.hun.official
Expected: Laoszi NÃ©pi Demokratikus KÃ¶ztÃ¡rsasÃ¡g
     got: Laoszi Népi Demokratikus Köztársaság
 ; [cca2=LA].translations.jpn.common
Expected: ãƒ©ã‚ªã‚¹äººæ°‘æ°‘ä¸»å…±å’Œå›½
     got: ??????????
 ; [cca2=LA].translations.jpn.official
Expected: ãƒ©ã‚ªã‚¹äººæ°‘æ°‘ä¸»å…±å’Œå›½
     got: ??????????
 ; [cca2=LA].translations.kor.common
Expected: ë?¼ì˜¤ìŠ¤
     got: ???
 ; [cca2=LA].translations.kor.official
Expected: ë?¼ì˜¤ ì?¸ë¯¼ ë¯¼ì£¼ ê³µí™”êµ­
     got: ?? ?? ?? ???
 ; [cca2=LA].translations.per.common
Expected: Ù„Ø§Ø¦ÙˆØ³
     got: ?????
 ; [cca2=LA].translations.per.official
Expected: Ø¬Ù…Ù‡ÙˆØ±ÛŒ Ø¯Ù…ÙˆÚ©Ø±Ø§ØªÛŒÚ© Ø®Ù„Ù‚ Ù„Ø§Ø¦ÙˆØ³
     got: ?????? ????????? ??? ?????
 ; [cca2=LA].translations.pol.official
Expected: LaotaÅ„ska Republika Ludowo-Demokratyczna
     got: Laota?ska Republika Ludowo-Demokratyczna
 ; [cca2=LA].translations.por.official
Expected: Laos, RepÃºblica DemocrÃ¡tica
     got: Laos, República Democrática
 ; [cca2=LA].translations.rus.common
Expected: Ð›Ð°Ð¾Ñ?
     got: ????
 ; [cca2=LA].translations.rus.official
Expected: Ð›Ð°Ð¾Ñ?Ñ?ÐºÐ°Ñ? Ð?Ð°Ñ€Ð¾Ð´Ð½Ð¾-Ð”ÐµÐ¼Ð¾ÐºÑ€Ð°Ñ‚Ð¸Ñ‡ÐµÑ?ÐºÐ°Ñ? Ð ÐµÑ?Ð¿ÑƒÐ±Ð»Ð¸ÐºÐ°
     got: ???????? ???????-??????????????? ??????????
 ; [cca2=LA].translations.slk.official
Expected: LaoskÃ¡ Ä¾udovodemokratickÃ¡ republika
     got: Laoská ?udovodemokratická republika
 ; [cca2=LA].translations.spa.official
Expected: RepÃºblica DemocrÃ¡tica Popular Lao
     got: República Democrática Popular Lao
 ; [cca2=LA].translations.srp.common
Expected: Ð›Ð°Ð¾Ñ?
     got: ????
 ; [cca2=LA].translations.srp.official
Expected: Ð›Ð°Ð¾ÑˆÐºÐ° Ð?Ð°Ñ€Ð¾Ð´Ð½Ð° Ð”ÐµÐ¼Ð¾ÐºÑ€Ð°Ñ‚Ñ?ÐºÐ° Ð ÐµÐ¿ÑƒÐ±Ð»Ð¸ÐºÐ°
     got: ?????? ??????? ??????????? ?????????
 ; [cca2=LA].translations.urd.common
Expected: Ù„Ø§Ø¤Ø³
     got: ????
 ; [cca2=LA].translations.urd.official
Expected: Ø¹ÙˆØ§Ù…ÛŒ Ø¬Ù…Û?ÙˆØ±ÛŒ Ø¬Ù…Û?ÙˆØ±ÛŒÛ? Ù„Ø§Ø¤
     got: ????? ?????? ??????? ???
 ; [cca2=LA].translations.zho.common
Expected: è€?æŒ?
     got: ??
 ; [cca2=LA].translations.zho.official
Expected: è€?æŒ?äººæ°‘æ°‘ä¸»å…±å’Œå›½
     got: ?????????
 ; [cca2=LB].altSpellings[]
Expected: Al-JumhÅ«rÄ«yah Al-LibnÄ?nÄ«yah
     but none found
 ; [cca2=LB].altSpellings[]
Unexpected: Al-Jumh?r?yah Al-Libn?n?yah
 ; [cca2=LB].currencies.LBP.symbol
Expected: Ù„.Ù„
     got: ?.?
 ; [cca2=LB].flag
Expected: ðŸ‡±ðŸ‡§
     got: ??
 ; [cca2=LB].name.nativeName.ara.common
Expected: Ù„Ø¨Ù†Ø§Ù†
     got: ?????
 ; [cca2=LB].name.nativeName.ara.official
Expected: Ø§Ù„Ø¬Ù…Ù‡ÙˆØ±ÙŠØ© Ø§Ù„Ù„Ø¨Ù†Ø§Ù†ÙŠØ©
     got: ????????? ?????????
 ; [cca2=LB].name.nativeName.fra.official
Expected: RÃ©publique libanaise
     got: République libanaise
 ; [cca2=LB].translations.ara.common
Expected: Ù„Ø¨Ù†Ø§Ù†
     got: ?????
 ; [cca2=LB].translations.ara.official
Expected: Ø§Ù„Ø¬Ù…Ù‡ÙˆØ±ÙŠØ© Ø§Ù„Ù„Ø¨Ù†Ø§Ù†ÙŠØ©
     got: ????????? ?????????
 ; [cca2=LB].translations.ces.official
Expected: LibanonskÃ¡ republika
     got: Libanonská republika
 ; [cca2=LB].translations.fra.official
Expected: RÃ©publique libanaise
     got: République libanaise
 ; [cca2=LB].translations.hun.official
Expected: Libanoni KÃ¶ztÃ¡rsasÃ¡g
     got: Libanoni Köztársaság
 ; [cca2=LB].translations.jpn.common
Expected: ãƒ¬ãƒ?ãƒŽãƒ³
     got: ????
 ; [cca2=LB].translations.jpn.official
Expected: ãƒ¬ãƒ?ãƒŽãƒ³å…±å’Œå›½
     got: ???????
 ; [cca2=LB].translations.kor.common
Expected: ë ˆë°”ë…¼
     got: ???
 ; [cca2=LB].translations.kor.official
Expected: ë ˆë°”ë…¼ ê³µí™”êµ­
     got: ??? ???
 ; [cca2=LB].translations.per.common
Expected: Ù„Ø¨Ù†Ø§Ù†
     got: ?????
 ; [cca2=LB].translations.per.official
Expected: Ø¬Ù…Ù‡ÙˆØ±ÛŒ Ù„Ø¨Ù†Ø§Ù†
     got: ?????? ?????
 ; [cca2=LB].translations.pol.official
Expected: Republika LibaÅ„ska
     got: Republika Liba?ska
 ; [cca2=LB].translations.por.common
Expected: LÃ­bano
     got: Líbano
 ; [cca2=LB].translations.por.official
Expected: RepÃºblica Libanesa
     got: República Libanesa
 ; [cca2=LB].translations.rus.common
Expected: Ð›Ð¸Ð²Ð°Ð½
     got: ?????
 ; [cca2=LB].translations.rus.official
Expected: Ð›Ð¸Ð²Ð°Ð½Ñ?ÐºÐ°Ñ? Ð ÐµÑ?Ð¿ÑƒÐ±Ð»Ð¸ÐºÐ°
     got: ????????? ??????????
 ; [cca2=LB].translations.slk.official
Expected: LibanonskÃ¡ republika
     got: Libanonská republika
 ; [cca2=LB].translations.spa.common
Expected: LÃ­bano
     got: Líbano
 ; [cca2=LB].translations.spa.official
Expected: RepÃºblica Libanesa
     got: República Libanesa
 ; [cca2=LB].translations.srp.common
Expected: Ð›Ð¸Ð±Ð°Ð½
     got: ?????
 ; [cca2=LB].translations.srp.official
Expected: Ð›Ð¸Ð±Ð°Ð½Ñ?ÐºÐ° Ð ÐµÐ¿ÑƒÐ±Ð»Ð¸ÐºÐ°
     got: ???????? ?????????
 ; [cca2=LB].translations.tur.common
Expected: LÃ¼bnan
     got: Lübnan
 ; [cca2=LB].translations.tur.official
Expected: LÃ¼bnan Cumhuriyeti
     got: Lübnan Cumhuriyeti
 ; [cca2=LB].translations.urd.common
Expected: Ù„Ø¨Ù†Ø§Ù†
     got: ?????
 ; [cca2=LB].translations.urd.official
Expected: Ø¬Ù…Û?ÙˆØ±ÛŒÛ? Ù„Ø¨Ù†Ø§Ù†
     got: ??????? ?????
 ; [cca2=LB].translations.zho.common
Expected: é»Žå·´å«©
     got: ???
 ; [cca2=LB].translations.zho.official
Expected: é»Žå·´å«©å…±å’Œå›½
     got: ??????
 ; [cca2=LC].flag
Expected: ðŸ‡±ðŸ‡¨
     got: ??
 ; [cca2=LC].flags.alt
Expected: The flag of Saint Lucia has a light blue field, at the center of which are two triangles which share a common base â€” a small golden-yellow isosceles triangle superimposed on a large white-edged black isosceles triangle.
     got: The flag of Saint Lucia has a light blue field, at the center of which are two triangles which share a common base — a small golden-yellow isosceles triangle superimposed on a large white-edged black isosceles triangle.
 ; [cca2=LC].translations.ara.common
Expected: Ø³Ø§Ù†Øª Ù„ÙˆØ³ÙŠØ§
     got: ???? ?????
 ; [cca2=LC].translations.ara.official
Expected: Ø³Ø§Ù†Øª Ù„ÙˆØ³ÙŠØ§
     got: ???? ?????
 ; [cca2=LC].translations.ces.common
Expected: SvatÃ¡ Lucie
     got: Svatá Lucie
 ; [cca2=LC].translations.ces.official
Expected: SvatÃ¡ Lucie
     got: Svatá Lucie
 ; [cca2=LC].translations.jpn.common
Expected: ã‚»ãƒ³ãƒˆãƒ«ã‚·ã‚¢
     got: ??????
 ; [cca2=LC].translations.jpn.official
Expected: ã‚»ãƒ³ãƒˆãƒ«ã‚·ã‚¢
     got: ??????
 ; [cca2=LC].translations.kor.common
Expected: ì„¸ì?¸íŠ¸ë£¨ì‹œì•„
     got: ??????
 ; [cca2=LC].translations.kor.official
Expected: ì„¸ì?¸íŠ¸ë£¨ì‹œì•„
     got: ??????
 ; [cca2=LC].translations.per.common
Expected: Ø³Ù†Øª Ù„ÙˆØ³ÛŒØ§
     got: ??? ?????
 ; [cca2=LC].translations.per.official
Expected: Ø³Ù†Øª Ù„ÙˆØ³ÛŒØ§
     got: ??? ?????
 ; [cca2=LC].translations.por.common
Expected: Santa LÃºcia
     got: Santa Lúcia
 ; [cca2=LC].translations.por.official
Expected: Santa LÃºcia
     got: Santa Lúcia
 ; [cca2=LC].translations.rus.common
Expected: Ð¡ÐµÐ½Ñ‚-Ð›ÑŽÑ?Ð¸Ñ?
     got: ????-?????
 ; [cca2=LC].translations.rus.official
Expected: Ð¡ÐµÐ½Ñ‚-Ð›ÑŽÑ?Ð¸Ñ?
     got: ????-?????
 ; [cca2=LC].translations.slk.common
Expected: SvÃ¤tÃ¡ Lucia
     got: Svätá Lucia
 ; [cca2=LC].translations.slk.official
Expected: SvÃ¤tÃ¡ Lucia
     got: Svätá Lucia
 ; [cca2=LC].translations.spa.common
Expected: Santa LucÃ­a
     got: Santa Lucía
 ; [cca2=LC].translations.spa.official
Expected: Santa LucÃ­a
     got: Santa Lucía
 ; [cca2=LC].translations.srp.common
Expected: Ð¡Ð²ÐµÑ‚Ð° Ð›ÑƒÑ†Ð¸Ñ˜Ð°
     got: ????? ??????
 ; [cca2=LC].translations.srp.official
Expected: Ð¡Ð²ÐµÑ‚Ð° Ð›ÑƒÑ†Ð¸Ñ˜Ð°
     got: ????? ??????
 ; [cca2=LC].translations.urd.common
Expected: Ø³ÛŒÙ†Ù¹ Ù„ÙˆØ³ÛŒØ§
     got: ???? ?????
 ; [cca2=LC].translations.urd.official
Expected: Ø³ÛŒÙ†Ù¹ Ù„ÙˆØ³ÛŒØ§
     got: ???? ?????
 ; [cca2=LC].translations.zho.common
Expected: åœ£å?¢è¥¿äºš
     got: ????
 ; [cca2=LC].translations.zho.official
Expected: åœ£å?¢è¥¿äºš
     got: ????
 ; [cca2=LI].altSpellings[]
Expected: FÃ¼rstentum Liechtenstein
     but none found
 ; [cca2=LI].altSpellings[]
Unexpected: Fürstentum Liechtenstein
 ; [cca2=LI].flag
Expected: ðŸ‡±ðŸ‡®
     got: ??
 ; [cca2=LI].name.nativeName.deu.official
Expected: FÃ¼rstentum Liechtenstein
     got: Fürstentum Liechtenstein
 ; [cca2=LI].translations.ara.common
Expected: Ù„ÙŠØ®ØªÙ†Ø´ØªØ§ÙŠÙ†
     got: ??????????
 ; [cca2=LI].translations.ara.official
Expected: Ø¥Ù…Ø§Ø±Ø© Ù„ÙŠØ®ØªÙ†Ø´ØªØ§ÙŠÙ†
     got: ????? ??????????
 ; [cca2=LI].translations.bre.official
Expected: PriÃ±selezh Liechtenstein
     got: Priñselezh Liechtenstein
 ; [cca2=LI].translations.ces.common
Expected: LichtenÅ¡tejnsko
     got: Lichtenštejnsko
 ; [cca2=LI].translations.ces.official
Expected: KnÃ­Å¾ectvÃ­ LichtenÅ¡tejnskÃ©
     got: Knížectví Lichtenštejnské
 ; [cca2=LI].translations.deu.official
Expected: FÃ¼rstentum Liechtenstein
     got: Fürstentum Liechtenstein
 ; [cca2=LI].translations.est.official
Expected: Liechtensteini VÃ¼rstiriik
     got: Liechtensteini Vürstiriik
 ; [cca2=LI].translations.fra.official
Expected: PrincipautÃ© du Liechtenstein
     got: Principauté du Liechtenstein
 ; [cca2=LI].translations.hrv.common
Expected: LihtenÅ¡tajn
     got: Lihtenštajn
 ; [cca2=LI].translations.hrv.official
Expected: KneÅ¾evina LihtenÅ¡tajn
     got: Kneževina Lihtenštajn
 ; [cca2=LI].translations.hun.official
Expected: Liechtensteini HercegsÃ©g
     got: Liechtensteini Hercegség
 ; [cca2=LI].translations.jpn.common
Expected: ãƒªãƒ’ãƒ†ãƒ³ã‚·ãƒ¥ã‚¿ã‚¤ãƒ³
     got: ?????????
 ; [cca2=LI].translations.jpn.official
Expected: ãƒªãƒ’ãƒ†ãƒ³ã‚·ãƒ¥ã‚¿ã‚¤ãƒ³å…¬å›½
     got: ???????????
 ; [cca2=LI].translations.kor.common
Expected: ë¦¬ížˆí…?ìŠˆíƒ€ì?¸
     got: ??????
 ; [cca2=LI].translations.kor.official
Expected: ë¦¬ížˆí…?ìŠˆíƒ€ì?¸ ê³µêµ­
     got: ?????? ??
 ; [cca2=LI].translations.per.common
Expected: Ù„ÛŒØ®ØªÙ†â€ŒØ§Ø´ØªØ§ÛŒÙ†
     got: ????????????
 ; [cca2=LI].translations.per.official
Expected: Ø´Ø§Ù‡Ø²Ø§Ø¯Ù‡â€ŒÙ†Ø´ÛŒÙ† Ù„ÛŒØ®ØªÙ†â€ŒØ§Ø´ØªØ§ÛŒÙ†
     got: ???????????? ????????????
 ; [cca2=LI].translations.pol.official
Expected: KsiÄ™stwo Liechtensteinu
     got: Ksi?stwo Liechtensteinu
 ; [cca2=LI].translations.rus.common
Expected: Ð›Ð¸Ñ…Ñ‚ÐµÐ½ÑˆÑ‚ÐµÐ¹Ð½
     got: ???????????
 ; [cca2=LI].translations.rus.official
Expected: ÐšÐ½Ñ?Ð¶ÐµÑ?Ñ‚Ð²Ð¾ Ð›Ð¸Ñ…Ñ‚ÐµÐ½ÑˆÑ‚ÐµÐ¹Ð½
     got: ????????? ???????????
 ; [cca2=LI].translations.slk.common
Expected: LichtenÅ¡tajnsko
     got: Lichtenštajnsko
 ; [cca2=LI].translations.slk.official
Expected: LichtenÅ¡tajnskÃ© knieÅ¾atstvo
     got: Lichtenštajnské kniežatstvo
 ; [cca2=LI].translations.srp.common
Expected: Ð›Ð¸Ñ…Ñ‚ÐµÐ½ÑˆÑ‚Ð°Ñ˜Ð½
     got: ???????????
 ; [cca2=LI].translations.srp.official
Expected: ÐšÐ½ÐµÐ¶ÐµÐ²Ð¸Ð½Ð° Ð›Ð¸Ñ…Ñ‚ÐµÐ½ÑˆÑ‚Ð°Ñ˜Ð½
     got: ????????? ???????????
 ; [cca2=LI].translations.swe.official
Expected: FurstendÃ¶met Liechtenstein
     got: Furstendömet Liechtenstein
 ; [cca2=LI].translations.tur.common
Expected: LihtenÅŸtayn
     got: Lihten?tayn
 ; [cca2=LI].translations.tur.official
Expected: LihtenÅŸtayn PrensliÄŸi
     got: Lihten?tayn Prensli?i
 ; [cca2=LI].translations.urd.common
Expected: Ù„ÛŒØ®ØªÛŒÙ†Ø³ØªØ§Ø¦Ù†
     got: ???????????
 ; [cca2=LI].translations.urd.official
Expected: Ø§Ù…Ø§Ø±Ø§Øª Ù„ÛŒØ®ØªÛŒÙ†Ø³ØªØ§Ø¦Ù†
     got: ?????? ???????????
 ; [cca2=LI].translations.zho.common
Expected: åˆ—æ”¯æ•¦å£«ç™»
     got: ?????
 ; [cca2=LI].translations.zho.official
Expected: åˆ—æ”¯æ•¦å£«ç™»å…¬å›½
     got: ???????
 ; [cca2=LK].altSpellings[]
Expected: ilaá¹…kai
     but none found
 ; [cca2=LK].altSpellings[]
Unexpected: ila?kai
 ; [cca2=LK].currencies.LKR.symbol
Expected: Rs  à¶»à·”
     got: Rs  ??
 ; [cca2=LK].flag
Expected: ðŸ‡±ðŸ‡°
     got: ??
 ; [cca2=LK].name.nativeName.sin.common
Expected: à·?à·Šâ€?à¶»à·“ à¶½à¶‚à¶šà·?à·€
     got: ????? ?????
 ; [cca2=LK].name.nativeName.sin.official
Expected: à·?à·Šâ€?à¶»à·“ à¶½à¶‚à¶šà·? à¶´à·Šâ€?à¶»à¶¢à·?à¶­à·?à¶±à·Šà¶­à·Šâ€?à¶»à·’à¶š à·ƒà¶¸à·?à¶¢à·€à·?à¶¯à·“ à¶¢à¶±à¶»à¶¢à¶º
     got: ????? ???? ???????????????? ???????? ?????
 ; [cca2=LK].name.nativeName.tam.common
Expected: à®‡à®²à®™à¯?à®•à¯ˆ
     got: ??????
 ; [cca2=LK].name.nativeName.tam.official
Expected: à®‡à®²à®™à¯?à®•à¯ˆ à®šà®©à®¨à®¾à®¯à®• à®šà¯‹à®šà®²à®¿à®šà®•à¯? à®•à¯?à®Ÿà®¿à®¯à®°à®šà¯?
     got: ?????? ?????? ???????? ????????
 ; [cca2=LK].tld[]
Expected: .à®‡à®²à®™à¯?à®•à¯ˆ
     but none found
 ; [cca2=LK].tld[]
Expected: .à¶½à¶‚à¶šà·?
     but none found
 ; [cca2=LK].tld[]
Unexpected: .????
 ; [cca2=LK].tld[]
Unexpected: .??????
 ; [cca2=LK].translations.ara.common
Expected: Ø³Ø±ÙŠÙ„Ø§Ù†ÙƒØ§
     got: ????????
 ; [cca2=LK].translations.ara.official
Expected: Ø¬Ù…Ù‡ÙˆØ±ÙŠØ© Ø³Ø±ÙŠÙ„Ø§Ù†ÙƒØ§ Ø§Ù„Ø¯ÙŠÙ…Ù‚Ø±Ø§Ø·ÙŠØ© Ø§Ù„Ø´Ø¹Ø¨ÙŠØ©
     got: ??????? ???????? ??????????? ???????
 ; [cca2=LK].translations.ces.common
Expected: SrÃ­ Lanka
     got: Srí Lanka
 ; [cca2=LK].translations.ces.official
Expected: SrÃ­lanskÃ¡ demokratickÃ¡ socialistickÃ¡ republika
     got: Srílanská demokratická socialistická republika
 ; [cca2=LK].translations.fra.official
Expected: RÃ©publique dÃ©mocratique socialiste du Sri Lanka
     got: République démocratique socialiste du Sri Lanka
 ; [cca2=LK].translations.hrv.common
Expected: Å ri Lanka
     got: Šri Lanka
 ; [cca2=LK].translations.hrv.official
Expected: Demokratska SocijalistiÄ?ke Republike Å ri Lanke
     got: Demokratska Socijalisti?ke Republike Šri Lanke
 ; [cca2=LK].translations.hun.common
Expected: SrÃ­ Lanka
     got: Srí Lanka
 ; [cca2=LK].translations.hun.official
Expected: SrÃ­ Lanka-i Demokratikus Szocialista KÃ¶ztÃ¡rsasÃ¡g
     got: Srí Lanka-i Demokratikus Szocialista Köztársaság
 ; [cca2=LK].translations.jpn.common
Expected: ã‚¹ãƒªãƒ©ãƒ³ã‚«
     got: ?????
 ; [cca2=LK].translations.jpn.official
Expected: ã‚¹ãƒªãƒ©ãƒ³ã‚«æ°‘ä¸»ç¤¾ä¼šä¸»ç¾©å…±å’Œå›½
     got: ??????????????
 ; [cca2=LK].translations.kor.common
Expected: ìŠ¤ë¦¬ëž‘ì¹´
     got: ????
 ; [cca2=LK].translations.kor.official
Expected: ìŠ¤ë¦¬ëž‘ì¹´ ë¯¼ì£¼ ì‚¬íšŒì£¼ì?˜ ê³µí™”êµ­
     got: ???? ?? ???? ???
 ; [cca2=LK].translations.per.common
Expected: Ø³Ø±ÛŒâ€ŒÙ„Ø§Ù†Ú©Ø§
     got: ?????????
 ; [cca2=LK].translations.per.official
Expected: Ø¬Ù…Ù‡ÙˆØ±ÛŒ Ø¯Ù…ÙˆÚ©Ø±Ø§ØªÛŒÚ© Ø³ÙˆØ³ÛŒØ§Ù„ÛŒØ³ØªÛŒ Ø³Ø±ÛŒâ€ŒÙ„Ø§Ù†Ú©Ø§
     got: ?????? ????????? ?????????? ?????????
 ; [cca2=LK].translations.por.official
Expected: RepÃºblica DemocrÃ¡tica Socialista do Sri Lanka
     got: República Democrática Socialista do Sri Lanka
 ; [cca2=LK].translations.rus.common
Expected: Ð¨Ñ€Ð¸-Ð›Ð°Ð½ÐºÐ°
     got: ???-?????
 ; [cca2=LK].translations.rus.official
Expected: Ð”ÐµÐ¼Ð¾ÐºÑ€Ð°Ñ‚Ð¸Ñ‡ÐµÑ?ÐºÐ°Ñ? Ð¡Ð¾Ñ†Ð¸Ð°Ð»Ð¸Ñ?Ñ‚Ð¸Ñ‡ÐµÑ?ÐºÐ°Ñ? Ð ÐµÑ?Ð¿ÑƒÐ±Ð»Ð¸ÐºÐ° Ð¨Ñ€Ð¸-Ð›Ð°Ð½ÐºÐ°
     got: ??????????????? ???????????????? ?????????? ???-?????
 ; [cca2=LK].translations.slk.common
Expected: SrÃ­ Lanka
     got: Srí Lanka
 ; [cca2=LK].translations.slk.official
Expected: SrÃ­lanskÃ¡ demokratickÃ¡ socialistickÃ¡ republika
     got: Srílanská demokratická socialistická republika
 ; [cca2=LK].translations.spa.official
Expected: RepÃºblica DemocrÃ¡tica Socialista de Sri Lanka
     got: República Democrática Socialista de Sri Lanka
 ; [cca2=LK].translations.srp.common
Expected: Ð¡Ñ€Ð¸ Ð›Ð°Ð½ÐºÐ°
     got: ??? ?????
 ; [cca2=LK].translations.srp.official
Expected: Ð”ÐµÐ¼Ð¾ÐºÑ€Ð°Ñ‚Ñ?ÐºÐ° Ð¡Ð¾Ñ†Ð¸Ñ˜Ð°Ð»Ð¸Ñ?Ñ‚Ð¸Ñ‡ÐºÐ° Ð ÐµÐ¿ÑƒÐ±Ð»Ð¸ÐºÐ° Ð¡Ñ€Ð¸ Ð›Ð°Ð½ÐºÐ°
     got: ??????????? ?????????????? ????????? ??? ?????
 ; [cca2=LK].translations.urd.common
Expected: Ø³Ø±ÛŒ Ù„Ù†Ú©Ø§
     got: ??? ????
 ; [cca2=LK].translations.urd.official
Expected: Ø¬Ù…Û?ÙˆØ±ÛŒ Ùˆ Ø§Ø´ØªØ±Ø§Ú©ÛŒ Ø¬Ù…Û?ÙˆØ±ÛŒÛ? Ø³Ø±ÛŒ Ù„Ù†Ú©Ø§
     got: ?????? ? ??????? ??????? ??? ????
 ; [cca2=LK].translations.zho.common
Expected: æ–¯é‡Œå…°å?¡
     got: ????
 ; [cca2=LK].translations.zho.official
Expected: æ–¯é‡Œå…°å?¡æ°‘ä¸»ç¤¾ä¼šä¸»ä¹‰å…±å’Œå›½
     got: ?????????????
 ; [cca2=LR].demonyms.fra.f
Expected: LibÃ©rienne
     got: Libérienne
 ; [cca2=LR].demonyms.fra.m
Expected: LibÃ©rien
     got: Libérien
 ; [cca2=LR].flag
Expected: ðŸ‡±ðŸ‡·
     got: ??
 ; [cca2=LR].translations.ara.common
Expected: Ù„ÙŠØ¨ÙŠØ±ÙŠØ§
     got: ???????
 ; [cca2=LR].translations.ara.official
Expected: Ø¬Ù…Ù‡ÙˆØ±ÙŠØ© Ù„ÙŠØ¨ÙŠØ±ÙŠØ§
     got: ??????? ???????
 ; [cca2=LR].translations.ces.common
Expected: LibÃ©rie
     got: Libérie
 ; [cca2=LR].translations.ces.official
Expected: LiberijskÃ¡ republika
     got: Liberijská republika
 ; [cca2=LR].translations.fra.official
Expected: RÃ©publique du LibÃ©ria
     got: République du Libéria
 ; [cca2=LR].translations.hun.common
Expected: LibÃ©ria
     got: Libéria
 ; [cca2=LR].translations.hun.official
Expected: LibÃ©riai KÃ¶ztÃ¡rsasÃ¡g
     got: Libériai Köztársaság
 ; [cca2=LR].translations.jpn.common
Expected: ãƒªãƒ™ãƒªã‚¢
     got: ????
 ; [cca2=LR].translations.jpn.official
Expected: ãƒªãƒ™ãƒªã‚¢å…±å’Œå›½
     got: ???????
 ; [cca2=LR].translations.kor.common
Expected: ë?¼ì?´ë² ë¦¬ì•„
     got: ?????
 ; [cca2=LR].translations.kor.official
Expected: ë?¼ì?´ë² ë¦¬ì•„ ê³µí™”êµ­
     got: ????? ???
 ; [cca2=LR].translations.per.common
Expected: Ù„ÛŒØ¨Ù€Ù?Ø±ÛŒØ§
     got: ????????
 ; [cca2=LR].translations.per.official
Expected: Ø¬Ù…Ù‡ÙˆØ±ÛŒ Ù„ÛŒØ¨Ø±ÛŒØ§
     got: ?????? ??????
 ; [cca2=LR].translations.por.common
Expected: LibÃ©ria
     got: Libéria
 ; [cca2=LR].translations.por.official
Expected: RepÃºblica da LibÃ©ria
     got: República da Libéria
 ; [cca2=LR].translations.rus.common
Expected: Ð›Ð¸Ð±ÐµÑ€Ð¸Ñ?
     got: ???????
 ; [cca2=LR].translations.rus.official
Expected: Ð ÐµÑ?Ð¿ÑƒÐ±Ð»Ð¸ÐºÐ° Ð›Ð¸Ð±ÐµÑ€Ð¸Ñ?
     got: ?????????? ???????
 ; [cca2=LR].translations.slk.common
Expected: LibÃ©ria
     got: Libéria
 ; [cca2=LR].translations.slk.official
Expected: LibÃ©rijskÃ¡ republika
     got: Libérijská republika
 ; [cca2=LR].translations.spa.official
Expected: RepÃºblica de Liberia
     got: República de Liberia
 ; [cca2=LR].translations.srp.common
Expected: Ð›Ð¸Ð±ÐµÑ€Ð¸Ñ˜Ð°
     got: ????????
 ; [cca2=LR].translations.srp.official
Expected: Ð ÐµÐ¿ÑƒÐ±Ð»Ð¸ÐºÐ° Ð›Ð¸Ð±ÐµÑ€Ð¸Ñ˜Ð°
     got: ????????? ????????
 ; [cca2=LR].translations.urd.common
Expected: Ù„Ø§Ø¦Ø¨ÛŒØ±ÛŒØ§
     got: ????????
 ; [cca2=LR].translations.urd.official
Expected: Ø¬Ù…Û?ÙˆØ±ÛŒÛ? Ù„Ø§Ø¦Ø¨ÛŒØ±ÛŒØ§
     got: ??????? ????????
 ; [cca2=LR].translations.zho.common
Expected: åˆ©æ¯”é‡Œäºš
     got: ????
 ; [cca2=LR].translations.zho.official
Expected: åˆ©æ¯”é‡Œäºšå…±å’Œå›½
     got: ???????
 ; [cca2=LS].demonyms.fra.f
Expected: LÃ©sothienne
     got: Lésothienne
 ; [cca2=LS].demonyms.fra.m
Expected: LÃ©sothien
     got: Lésothien
 ; [cca2=LS].flag
Expected: ðŸ‡±ðŸ‡¸
     got: ??
 ; [cca2=LS].flags.alt
Expected: The flag of Lesotho is composed of three horizontal bands of blue, white and green in the ratio of 3:4:3. A black mokorotlo â€” a Basotho hat â€” is centered in the white band.
     got: The flag of Lesotho is composed of three horizontal bands of blue, white and green in the ratio of 3:4:3. A black mokorotlo — a Basotho hat — is centered in the white band.
 ; [cca2=LS].translations.ara.common
Expected: Ù„ÙŠØ³ÙˆØªÙˆ
     got: ??????
 ; [cca2=LS].translations.ara.official
Expected: Ù…Ù…Ù„ÙƒØ© Ù„ÙŠØ³ÙˆØªÙˆ
     got: ????? ??????
 ; [cca2=LS].translations.ces.official
Expected: LesothskÃ© krÃ¡lovstvÃ­
     got: Lesothské království
 ; [cca2=LS].translations.deu.official
Expected: KÃ¶nigreich Lesotho
     got: Königreich Lesotho
 ; [cca2=LS].translations.hun.official
Expected: LesothÃ³i KirÃ¡lysÃ¡g
     got: Lesothói Királyság
 ; [cca2=LS].translations.jpn.common
Expected: ãƒ¬ã‚½ãƒˆ
     got: ???
 ; [cca2=LS].translations.jpn.official
Expected: ãƒ¬ã‚½ãƒˆçŽ‹å›½
     got: ?????
 ; [cca2=LS].translations.kor.common
Expected: ë ˆì†Œí† 
     got: ???
 ; [cca2=LS].translations.kor.official
Expected: ë ˆì†Œí†  ì™•êµ­
     got: ??? ??
 ; [cca2=LS].translations.per.common
Expected: Ù„Ø³ÙˆØªÙˆ
     got: ?????
 ; [cca2=LS].translations.per.official
Expected: Ù¾Ø§Ø¯Ø´Ø§Ù‡ÛŒ Ù„Ø³ÙˆØªÙˆ
     got: ??????? ?????
 ; [cca2=LS].translations.pol.official
Expected: KrÃ³lestwo Lesotho
     got: Królestwo Lesotho
 ; [cca2=LS].translations.rus.common
Expected: Ð›ÐµÑ?Ð¾Ñ‚Ð¾
     got: ??????
 ; [cca2=LS].translations.rus.official
Expected: ÐšÐ¾Ñ€Ð¾Ð»ÐµÐ²Ñ?Ñ‚Ð²Ð¾ Ð›ÐµÑ?Ð¾Ñ‚Ð¾
     got: ??????????? ??????
 ; [cca2=LS].translations.slk.official
Expected: LesothskÃ© krÃ¡Ä¾ovstvo
     got: Lesothské krá?ovstvo
 ; [cca2=LS].translations.srp.common
Expected: Ð›ÐµÑ?Ð¾Ñ‚Ð¾
     got: ??????
 ; [cca2=LS].translations.srp.official
Expected: ÐšÑ€Ð°Ñ™ÐµÐ²Ð¸Ð½Ð° Ð›ÐµÑ?Ð¾Ñ‚Ð¾
     got: ????????? ??????
 ; [cca2=LS].translations.tur.official
Expected: Lesotho KrallÄ±ÄŸÄ±
     got: Lesotho Krall???
 ; [cca2=LS].translations.urd.common
Expected: Ù„ÛŒØ³ÙˆØªÚ¾Ùˆ
     got: ???????
 ; [cca2=LS].translations.urd.official
Expected: Ù…Ù…Ù„Ú©ØªÙ? Ù„ÛŒØ³ÙˆØªÚ¾Ùˆ
     got: ?????? ???????
 ; [cca2=LS].translations.zho.common
Expected: èŽ±ç´¢æ‰˜
     got: ???
 ; [cca2=LS].translations.zho.official
Expected: èŽ±ç´¢æ‰˜çŽ‹å›½
     got: ?????
 ; [cca2=LT].currencies.EUR.symbol
Expected: â‚¬
     got: €
 ; [cca2=LT].flag
Expected: ðŸ‡±ðŸ‡¹
     got: ??
 ; [cca2=LT].translations.ara.common
Expected: Ù„ÙŠØªÙˆØ§Ù†ÙŠØ§
     got: ????????
 ; [cca2=LT].translations.ara.official
Expected: Ø¬Ù…Ù‡ÙˆØ±ÙŠØ© Ù„ÙŠØªÙˆØ§Ù†ÙŠØ§
     got: ??????? ????????
 ; [cca2=LT].translations.ces.official
Expected: LitevskÃ¡ republika
     got: Litevská republika
 ; [cca2=LT].translations.fra.official
Expected: RÃ©publique de Lituanie
     got: République de Lituanie
 ; [cca2=LT].translations.hun.common
Expected: LitvÃ¡nia
     got: Litvánia
 ; [cca2=LT].translations.hun.official
Expected: LitvÃ¡n KÃ¶ztÃ¡rsasÃ¡g
     got: Litván Köztársaság
 ; [cca2=LT].translations.jpn.common
Expected: ãƒªãƒˆã‚¢ãƒ‹ã‚¢
     got: ?????
 ; [cca2=LT].translations.jpn.official
Expected: ãƒªãƒˆã‚¢ãƒ‹ã‚¢å…±å’Œå›½
     got: ????????
 ; [cca2=LT].translations.kor.common
Expected: ë¦¬íˆ¬ì•„ë‹ˆì•„
     got: ?????
 ; [cca2=LT].translations.kor.official
Expected: ë¦¬íˆ¬ì•„ë‹ˆì•„ ê³µí™”êµ­
     got: ????? ???
 ; [cca2=LT].translations.per.common
Expected: Ù„ÛŒØªÙˆØ§Ù†ÛŒØ§ÛŒÛŒâ€ŒÙ‡Ø§
     got: ?????????????
 ; [cca2=LT].translations.per.official
Expected: Ù„ÛŒØªÙˆØ§Ù†ÛŒØ§ÛŒÛŒâ€ŒÙ‡Ø§
     got: ?????????????
 ; [cca2=LT].translations.por.common
Expected: LituÃ¢nia
     got: Lituânia
 ; [cca2=LT].translations.por.official
Expected: RepÃºblica da LituÃ¢nia
     got: República da Lituânia
 ; [cca2=LT].translations.rus.common
Expected: Ð›Ð¸Ñ‚Ð²Ð°
     got: ?????
 ; [cca2=LT].translations.rus.official
Expected: Ð›Ð¸Ñ‚Ð¾Ð²Ñ?ÐºÐ°Ñ? Ð ÐµÑ?Ð¿ÑƒÐ±Ð»Ð¸ÐºÐ°
     got: ????????? ??????????
 ; [cca2=LT].translations.slk.official
Expected: LitovskÃ¡ republika
     got: Litovská republika
 ; [cca2=LT].translations.spa.official
Expected: RepÃºblica de Lituania
     got: República de Lituania
 ; [cca2=LT].translations.srp.common
Expected: Ð›Ð¸Ñ‚Ð²Ð°Ð½Ð¸Ñ˜Ð°
     got: ?????????
 ; [cca2=LT].translations.srp.official
Expected: Ð›Ð¸Ñ‚Ð²Ð°Ð½Ñ?ÐºÐ° Ð ÐµÐ¿ÑƒÐ±Ð»Ð¸ÐºÐ°
     got: ????????? ?????????
 ; [cca2=LT].translations.urd.common
Expected: Ù„ØªÚ¾ÙˆÙˆÛŒÙ†ÛŒØ§
     got: ?????????
 ; [cca2=LT].translations.urd.official
Expected: Ø¬Ù…Û?ÙˆØ±ÛŒÛ? Ù„ØªÚ¾ÙˆÙˆÛŒÙ†ÛŒØ§
     got: ??????? ?????????
 ; [cca2=LT].translations.zho.common
Expected: ç«‹é™¶å®›
     got: ???
 ; [cca2=LT].translations.zho.official
Expected: ç«‹é™¶å®›å…±å’Œå›½
     got: ??????
 ; [cca2=LU].altSpellings[]
Expected: Grand-DuchÃ© de Luxembourg
     but none found
 ; [cca2=LU].altSpellings[]
Expected: Groussherzogtum LÃ«tzebuerg
     but none found
 ; [cca2=LU].altSpellings[]
Expected: GroÃŸherzogtum Luxemburg
     but none found
 ; [cca2=LU].altSpellings[]
Unexpected: Grand-Duché de Luxembourg
 ; [cca2=LU].altSpellings[]
Unexpected: Großherzogtum Luxemburg
 ; [cca2=LU].altSpellings[]
Unexpected: Groussherzogtum Lëtzebuerg
 ; [cca2=LU].currencies.EUR.symbol
Expected: â‚¬
     got: €
 ; [cca2=LU].flag
Expected: ðŸ‡±ðŸ‡º
     got: ??
 ; [cca2=LU].name.nativeName.deu.official
Expected: GroÃŸherzogtum Luxemburg
     got: Großherzogtum Luxemburg
 ; [cca2=LU].name.nativeName.fra.official
Expected: Grand-DuchÃ© de Luxembourg
     got: Grand-Duché de Luxembourg
 ; [cca2=LU].name.nativeName.ltz.common
Expected: LÃ«tzebuerg
     got: Lëtzebuerg
 ; [cca2=LU].name.nativeName.ltz.official
Expected: Groussherzogtum LÃ«tzebuerg
     got: Groussherzogtum Lëtzebuerg
 ; [cca2=LU].translations.ara.common
Expected: Ù„ÙˆÙƒØ³Ù…Ø¨ÙˆØ±Øº
     got: ?????????
 ; [cca2=LU].translations.ara.official
Expected: Ø¯ÙˆÙ‚ÙŠØ© Ù„ÙˆÙƒØ³Ù…Ø¨ÙˆØ±Øº
     got: ????? ?????????
 ; [cca2=LU].translations.ces.official
Expected: LucemburskÃ© velkovÃ©vodstvÃ­
     got: Lucemburské velkovévodství
 ; [cca2=LU].translations.deu.official
Expected: GroÃŸherzogtum Luxemburg,
     got: Großherzogtum Luxemburg,
 ; [cca2=LU].translations.fra.official
Expected: Grand-DuchÃ© de Luxembourg
     got: Grand-Duché de Luxembourg
 ; [cca2=LU].translations.hun.official
Expected: Luxemburgi NagyhercegsÃ©g
     got: Luxemburgi Nagyhercegség
 ; [cca2=LU].translations.jpn.common
Expected: ãƒ«ã‚¯ã‚»ãƒ³ãƒ–ãƒ«ã‚¯
     got: ???????
 ; [cca2=LU].translations.jpn.official
Expected: ãƒ«ã‚¯ã‚»ãƒ³ãƒ–ãƒ«ã‚¯å¤§å…¬å›½
     got: ??????????
 ; [cca2=LU].translations.kor.common
Expected: ë£©ì…ˆë¶€ë¥´í?¬
     got: ?????
 ; [cca2=LU].translations.kor.official
Expected: ë£©ì…ˆë¶€ë¥´í?¬ ëŒ€ê³µêµ­
     got: ????? ???
 ; [cca2=LU].translations.per.common
Expected: Ù„ÙˆÚ©Ø²Ø§Ù…Ø¨ÙˆØ±Ú¯
     got: ??????????
 ; [cca2=LU].translations.per.official
Expected: Ø¯ÙˆÚ©â€ŒÙ†Ø´ÛŒÙ† Ù„ÙˆÚ©Ø²Ø§Ù…Ø¨ÙˆØ±Ú¯
     got: ???????? ??????????
 ; [cca2=LU].translations.pol.official
Expected: Wielkie KsiÄ™stwo Luksemburga
     got: Wielkie Ksi?stwo Luksemburga
 ; [cca2=LU].translations.por.official
Expected: GrÃ£o-Ducado do Luxemburgo
     got: Grão-Ducado do Luxemburgo
 ; [cca2=LU].translations.rus.common
Expected: Ð›ÑŽÐºÑ?ÐµÐ¼Ð±ÑƒÑ€Ð³
     got: ??????????
 ; [cca2=LU].translations.rus.official
Expected: Ð’ÐµÐ»Ð¸ÐºÐ¾Ðµ Ð“ÐµÑ€Ñ†Ð¾Ð³Ñ?Ñ‚Ð²Ð¾ Ð›ÑŽÐºÑ?ÐµÐ¼Ð±ÑƒÑ€Ð³
     got: ??????? ?????????? ??????????
 ; [cca2=LU].translations.slk.official
Expected: LuxemburskÃ© veÄ¾kovojvodstvo
     got: Luxemburské ve?kovojvodstvo
 ; [cca2=LU].translations.srp.common
Expected: Ð›ÑƒÐºÑ?ÐµÐ¼Ð±ÑƒÑ€Ð³
     got: ??????????
 ; [cca2=LU].translations.srp.official
Expected: Ð’ÐµÐ»Ð¸ÐºÐ¾ Ð’Ð¾Ñ˜Ð²Ð¾Ð´Ñ?Ñ‚Ð²Ð¾ Ð›ÑƒÐºÑ?ÐµÐ¼Ð±ÑƒÑ€Ð³
     got: ?????? ?????????? ??????????
 ; [cca2=LU].translations.swe.official
Expected: StorhertigdÃ¶met Luxemburg
     got: Storhertigdömet Luxemburg
 ; [cca2=LU].translations.tur.common
Expected: LÃ¼ksemburg
     got: Lüksemburg
 ; [cca2=LU].translations.tur.official
Expected: LÃ¼ksemburg BÃ¼yÃ¼k DÃ¼kalÄ±ÄŸÄ±
     got: Lüksemburg Büyük Dükal???
 ; [cca2=LU].translations.urd.common
Expected: Ù„Ú©Ø³Ù…Ø¨Ø±Ú¯
     got: ???????
 ; [cca2=LU].translations.urd.official
Expected: Ø¯ÙˆÙ‚ÛŒÛ? Ú©Ø¨ÛŒØ±Ù„Ú©Ø³Ù…Ø¨Ø±Ú¯
     got: ????? ???????????
 ; [cca2=LU].translations.zho.common
Expected: å?¢æ£®å ¡
     got: ???
 ; [cca2=LU].translations.zho.official
Expected: å?¢æ£®å ¡å¤§å…¬å›½
     got: ??????
 ; [cca2=LV].currencies.EUR.symbol
Expected: â‚¬
     got: €
 ; [cca2=LV].flag
Expected: ðŸ‡±ðŸ‡»
     got: ??
 ; [cca2=LV].translations.ara.common
Expected: Ù„Ø§ØªÙ?ÙŠØ§
     got: ??????
 ; [cca2=LV].translations.ara.official
Expected: Ø¬Ù…Ù‡ÙˆØ±ÙŠØ© Ù„Ø§ØªÙ?ÙŠØ§
     got: ??????? ??????
 ; [cca2=LV].translations.ces.common
Expected: LotyÅ¡sko
     got: Lotyšsko
 ; [cca2=LV].translations.ces.official
Expected: LotyÅ¡skÃ¡ republika
     got: Lotyšská republika
 ; [cca2=LV].translations.est.common
Expected: LÃ¤ti
     got: Läti
 ; [cca2=LV].translations.est.official
Expected: LÃ¤ti Vabariik
     got: Läti Vabariik
 ; [cca2=LV].translations.fra.official
Expected: RÃ©publique de Lettonie
     got: République de Lettonie
 ; [cca2=LV].translations.hun.common
Expected: LettorszÃ¡g
     got: Lettország
 ; [cca2=LV].translations.hun.official
Expected: Lett KÃ¶ztÃ¡rsasÃ¡g
     got: Lett Köztársaság
 ; [cca2=LV].translations.jpn.common
Expected: ãƒ©ãƒˆãƒ“ã‚¢
     got: ????
 ; [cca2=LV].translations.jpn.official
Expected: ãƒ©ãƒˆãƒ“ã‚¢å…±å’Œå›½
     got: ???????
 ; [cca2=LV].translations.kor.common
Expected: ë?¼íŠ¸ë¹„ì•„
     got: ????
 ; [cca2=LV].translations.kor.official
Expected: ë?¼íŠ¸ë¹„ì•„ ê³µí™”êµ­
     got: ???? ???
 ; [cca2=LV].translations.per.common
Expected: Ù„ØªÙˆÙ†ÛŒ
     got: ?????
 ; [cca2=LV].translations.per.official
Expected: Ø¬Ù…Ù‡ÙˆØ±ÛŒ Ù„ØªÙˆÙ†ÛŒ
     got: ?????? ?????
 ; [cca2=LV].translations.pol.common
Expected: Å?otwa
     got: ?otwa
 ; [cca2=LV].translations.pol.official
Expected: Republika Å?otewska
     got: Republika ?otewska
 ; [cca2=LV].translations.por.common
Expected: LetÃ³nia
     got: Letónia
 ; [cca2=LV].translations.por.official
Expected: RepÃºblica da LetÃ³nia
     got: República da Letónia
 ; [cca2=LV].translations.rus.common
Expected: Ð›Ð°Ñ‚Ð²Ð¸Ñ?
     got: ??????
 ; [cca2=LV].translations.rus.official
Expected: Ð›Ð°Ñ‚Ð²Ð¸Ð¹Ñ?ÐºÐ°Ñ? Ð ÐµÑ?Ð¿ÑƒÐ±Ð»Ð¸ÐºÐ°
     got: ?????????? ??????????
 ; [cca2=LV].translations.slk.common
Expected: LotyÅ¡sko
     got: Lotyšsko
 ; [cca2=LV].translations.slk.official
Expected: LotyÅ¡skÃ¡ republika
     got: Lotyšská republika
 ; [cca2=LV].translations.spa.official
Expected: RepÃºblica de Letonia
     got: República de Letonia
 ; [cca2=LV].translations.srp.common
Expected: Ð›ÐµÑ‚Ð¾Ð½Ð¸Ñ˜Ð°
     got: ????????
 ; [cca2=LV].translations.srp.official
Expected: Ð›ÐµÑ‚Ð¾Ð½Ñ?ÐºÐ° Ð ÐµÐ¿ÑƒÐ±Ð»Ð¸ÐºÐ°
     got: ???????? ?????????
 ; [cca2=LV].translations.urd.common
Expected: Ù„Ù¹ÙˆÛŒØ§
     got: ?????
 ; [cca2=LV].translations.urd.official
Expected: Ø¬Ù…Û?ÙˆØ±ÛŒÛ? Ù„Ù¹ÙˆÛŒØ§
     got: ??????? ?????
 ; [cca2=LV].translations.zho.common
Expected: æ‹‰è„±ç»´äºš
     got: ????
 ; [cca2=LV].translations.zho.official
Expected: æ‹‰è„±ç»´äºšå…±å’Œå›½
     got: ???????
 ; [cca2=LY].currencies.LYD.symbol
Expected: Ù„.Ø¯
     got: ?.?
 ; [cca2=LY].flag
Expected: ðŸ‡±ðŸ‡¾
     got: ??
 ; [cca2=LY].name.nativeName.ara.common
Expected: â€?Ù„ÙŠØ¨ÙŠØ§
     got: ??????
 ; [cca2=LY].name.nativeName.ara.official
Expected: Ø§Ù„Ø¯ÙˆÙ„Ø© Ù„ÙŠØ¨ÙŠØ§
     got: ?????? ?????
 ; [cca2=LY].translations.ara.common
Expected: â€?Ù„ÙŠØ¨ÙŠØ§
     got: ??????
 ; [cca2=LY].translations.ara.official
Expected: Ø¯ÙˆÙ„Ø© Ù„ÙŠØ¨ÙŠØ§
     got: ???? ?????
 ; [cca2=LY].translations.ces.official
Expected: StÃ¡t Libye
     got: Stát Libye
 ; [cca2=LY].translations.est.common
Expected: LiibÃ¼a
     got: Liibüa
 ; [cca2=LY].translations.est.official
Expected: LiibÃ¼a
     got: Liibüa
 ; [cca2=LY].translations.fra.official
Expected: Grande RÃ©publique arabe libyenne populaire et socialiste
     got: Grande République arabe libyenne populaire et socialiste
 ; [cca2=LY].translations.hrv.official
Expected: DrÅ¾ava Libiji
     got: Država Libiji
 ; [cca2=LY].translations.hun.common
Expected: LÃ­bia
     got: Líbia
 ; [cca2=LY].translations.hun.official
Expected: LÃ­bia Ã?llam
     got: Líbia Állam
 ; [cca2=LY].translations.jpn.common
Expected: ãƒªãƒ“ã‚¢
     got: ???
 ; [cca2=LY].translations.jpn.official
Expected: ãƒªãƒ“ã‚¢ã?®å›½å®¶
     got: ??????
 ; [cca2=LY].translations.kor.common
Expected: ë¦¬ë¹„ì•„
     got: ???
 ; [cca2=LY].translations.kor.official
Expected: ë¦¬ë¹„ì•„
     got: ???
 ; [cca2=LY].translations.nld.common
Expected: LibiÃ«
     got: Libië
 ; [cca2=LY].translations.nld.official
Expected: Staat van LibiÃ«
     got: Staat van Libië
 ; [cca2=LY].translations.per.common
Expected: Ù„ÛŒØ¨ÛŒ
     got: ????
 ; [cca2=LY].translations.per.official
Expected: Ø¯ÙˆÙ„Øª Ù„ÛŒØ¨ÛŒ
     got: ???? ????
 ; [cca2=LY].translations.pol.official
Expected: PaÅ„stwo Libia
     got: Pa?stwo Libia
 ; [cca2=LY].translations.por.common
Expected: LÃ­bia
     got: Líbia
 ; [cca2=LY].translations.por.official
Expected: Estado da LÃ­bia
     got: Estado da Líbia
 ; [cca2=LY].translations.rus.common
Expected: Ð›Ð¸Ð²Ð¸Ñ?
     got: ?????
 ; [cca2=LY].translations.rus.official
Expected: Ð“Ð¾Ñ?ÑƒÐ´Ð°Ñ€Ñ?Ñ‚Ð²Ð¾ Ð›Ð¸Ð²Ð¸Ð¸
     got: ??????????? ?????
 ; [cca2=LY].translations.slk.common
Expected: LÃ­bya
     got: Líbya
 ; [cca2=LY].translations.slk.official
Expected: LÃ­bya
     got: Líbya
 ; [cca2=LY].translations.srp.common
Expected: Ð›Ð¸Ð±Ð¸Ñ˜Ð°
     got: ??????
 ; [cca2=LY].translations.srp.official
Expected: Ð”Ñ€Ð¶Ð°Ð²Ð° Ð›Ð¸Ð±Ð¸Ñ˜Ð°
     got: ?????? ??????
 ; [cca2=LY].translations.urd.common
Expected: Ù„ÛŒØ¨ÛŒØ§
     got: ?????
 ; [cca2=LY].translations.urd.official
Expected: Ø±ÛŒØ§Ø³ØªÙ? Ù„ÛŒØ¨ÛŒØ§
     got: ?????? ?????
 ; [cca2=LY].translations.zho.common
Expected: åˆ©æ¯”äºš
     got: ???
 ; [cca2=LY].translations.zho.official
Expected: åˆ©æ¯”äºšå›½
     got: ????
 ; [cca2=MA].altSpellings[]
Expected: Al-Mamlakah al-MaÄ¡ribiyah
     but none found
 ; [cca2=MA].altSpellings[]
Unexpected: Al-Mamlakah al-Ma?ribiyah
 ; [cca2=MA].currencies.MAD.symbol
Expected: Ø¯.Ù….
     got: ?.?.
 ; [cca2=MA].flag
Expected: ðŸ‡²ðŸ‡¦
     got: ??
 ; [cca2=MA].flags.alt
Expected: The flag of Morocco features a green pentagram â€” a five-pointed linear star â€” centered on a red field.
     got: The flag of Morocco features a green pentagram — a five-pointed linear star — centered on a red field.
 ; [cca2=MA].name.nativeName.ara.common
Expected: Ø§Ù„Ù…ØºØ±Ø¨
     got: ??????
 ; [cca2=MA].name.nativeName.ara.official
Expected: Ø§Ù„Ù…Ù…Ù„ÙƒØ© Ø§Ù„Ù…ØºØ±Ø¨ÙŠØ©
     got: ??????? ????????
 ; [cca2=MA].name.nativeName.ber.common
Expected: âµ?âµŽâ´°âµ–âµ”âµ‰â´±
     got: ???????
 ; [cca2=MA].name.nativeName.ber.official
Expected: âµœâ´°â´³âµ?â´·âµ‰âµœ âµ? âµ?âµŽâµ–âµ”âµ‰â´±
     got: ??????? ? ??????
 ; [cca2=MA].tld[]
Expected: Ø§Ù„Ù…ØºØ±Ø¨.
     but none found
 ; [cca2=MA].tld[]
Unexpected: ??????.
 ; [cca2=MA].translations.ara.common
Expected: Ø§Ù„Ù…ØºØ±Ø¨
     got: ??????
 ; [cca2=MA].translations.ara.official
Expected: Ø§Ù„Ù…Ù…Ù„ÙƒØ© Ø§Ù„Ù…ØºØ±Ø¨ÙŠØ©
     got: ??????? ????????
 ; [cca2=MA].translations.ces.official
Expected: MarockÃ© krÃ¡lovstvÃ­
     got: Marocké království
 ; [cca2=MA].translations.deu.official
Expected: KÃ¶nigreich Marokko
     got: Königreich Marokko
 ; [cca2=MA].translations.hun.common
Expected: MarokkÃ³
     got: Marokkó
 ; [cca2=MA].translations.hun.official
Expected: MarokkÃ³i KirÃ¡lysÃ¡g
     got: Marokkói Királyság
 ; [cca2=MA].translations.jpn.common
Expected: ãƒ¢ãƒ­ãƒƒã‚³
     got: ????
 ; [cca2=MA].translations.jpn.official
Expected: ãƒ¢ãƒ­ãƒƒã‚³çŽ‹å›½
     got: ??????
 ; [cca2=MA].translations.kor.common
Expected: ëª¨ë¡œì½”
     got: ???
 ; [cca2=MA].translations.kor.official
Expected: ëª¨ë¡œì½” ì™•êµ­
     got: ??? ??
 ; [cca2=MA].translations.per.common
Expected: Ù…Ø±Ø§Ú©Ø´
     got: ?????
 ; [cca2=MA].translations.per.official
Expected: Ù¾Ø§Ø¯Ø´Ø§Ù‡ÛŒ Ù…Ø±Ø§Ú©Ø´
     got: ??????? ?????
 ; [cca2=MA].translations.pol.official
Expected: KrÃ³lestwo MarokaÅ„skie
     got: Królestwo Maroka?skie
 ; [cca2=MA].translations.rus.common
Expected: ÐœÐ°Ñ€Ð¾ÐºÐºÐ¾
     got: ???????
 ; [cca2=MA].translations.rus.official
Expected: ÐšÐ¾Ñ€Ð¾Ð»ÐµÐ²Ñ?Ñ‚Ð²Ð¾ ÐœÐ°Ñ€Ð¾ÐºÐºÐ¾
     got: ??????????? ???????
 ; [cca2=MA].translations.slk.official
Expected: MarockÃ© knieÅ¾atstvo
     got: Marocké kniežatstvo
 ; [cca2=MA].translations.srp.common
Expected: ÐœÐ°Ñ€Ð¾ÐºÐ¾
     got: ??????
 ; [cca2=MA].translations.srp.official
Expected: ÐšÑ€Ð°Ñ™ÐµÐ²Ð¸Ð½Ð° ÐœÐ°Ñ€Ð¾ÐºÐ¾
     got: ????????? ??????
 ; [cca2=MA].translations.tur.official
Expected: Fas KrallÄ±ÄŸÄ±
     got: Fas Krall???
 ; [cca2=MA].translations.urd.common
Expected: Ù…Ø±Ø§Ú©Ø´
     got: ?????
 ; [cca2=MA].translations.urd.official
Expected: Ù…Ù…Ù„Ú©ØªÙ? Ù…Ø±Ø§Ú©Ø´
     got: ?????? ?????
 ; [cca2=MA].translations.zho.common
Expected: æ‘©æ´›å“¥
     got: ???
 ; [cca2=MA].translations.zho.official
Expected: æ‘©æ´›å“¥çŽ‹å›½
     got: ?????
 ; [cca2=MC].altSpellings[]
Expected: PrincipautÃ© de Monaco
     but none found
 ; [cca2=MC].altSpellings[]
Unexpected: Principauté de Monaco
 ; [cca2=MC].currencies.EUR.symbol
Expected: â‚¬
     got: €
 ; [cca2=MC].demonyms.fra.f
Expected: MonÃ©gasque
     got: Monégasque
 ; [cca2=MC].demonyms.fra.m
Expected: MonÃ©gasque
     got: Monégasque
 ; [cca2=MC].flag
Expected: ðŸ‡²ðŸ‡¨
     got: ??
 ; [cca2=MC].name.nativeName.fra.official
Expected: PrincipautÃ© de Monaco
     got: Principauté de Monaco
 ; [cca2=MC].translations.ara.common
Expected: Ù…ÙˆÙ†Ø§ÙƒÙˆ
     got: ??????
 ; [cca2=MC].translations.ara.official
Expected: Ø¥Ù…Ø§Ø±Ø© Ù…ÙˆÙ†Ø§ÙƒÙˆ
     got: ????? ??????
 ; [cca2=MC].translations.bre.official
Expected: PriÃ±selezh Monako
     got: Priñselezh Monako
 ; [cca2=MC].translations.ces.official
Expected: MonackÃ© knÃ­Å¾ectvÃ­
     got: Monacké knížectví
 ; [cca2=MC].translations.deu.official
Expected: FÃ¼rstentum Monaco
     got: Fürstentum Monaco
 ; [cca2=MC].translations.est.official
Expected: Monaco VÃ¼rstiriik
     got: Monaco Vürstiriik
 ; [cca2=MC].translations.fra.official
Expected: PrincipautÃ© de Monaco
     got: Principauté de Monaco
 ; [cca2=MC].translations.hrv.official
Expected: KneÅ¾evina Monako
     got: Kneževina Monako
 ; [cca2=MC].translations.hun.official
Expected: MonacÃ³i HercegsÃ©g
     got: Monacói Hercegség
 ; [cca2=MC].translations.jpn.common
Expected: ãƒ¢ãƒŠã‚³
     got: ???
 ; [cca2=MC].translations.jpn.official
Expected: ãƒ¢ãƒŠã‚³å…¬å›½
     got: ?????
 ; [cca2=MC].translations.kor.common
Expected: ëª¨ë‚˜ì½”
     got: ???
 ; [cca2=MC].translations.kor.official
Expected: ëª¨ë‚˜ì½” ê³µêµ­
     got: ??? ??
 ; [cca2=MC].translations.per.common
Expected: Ù…ÙˆÙ†Ø§Ú©Ùˆ
     got: ??????
 ; [cca2=MC].translations.per.official
Expected: Ø´Ø§Ù‡Ø²Ø§Ø¯Ù‡â€ŒÙ†Ø´ÛŒÙ† Ù…ÙˆÙ†Ø§Ú©Ùˆ
     got: ???????????? ??????
 ; [cca2=MC].translations.pol.official
Expected: KsiÄ™stwo Monako
     got: Ksi?stwo Monako
 ; [cca2=MC].translations.por.common
Expected: MÃ³naco
     got: Mónaco
 ; [cca2=MC].translations.por.official
Expected: Principado do MÃ³naco
     got: Principado do Mónaco
 ; [cca2=MC].translations.rus.common
Expected: ÐœÐ¾Ð½Ð°ÐºÐ¾
     got: ??????
 ; [cca2=MC].translations.rus.official
Expected: ÐšÐ½Ñ?Ð¶ÐµÑ?Ñ‚Ð²Ð¾ ÐœÐ¾Ð½Ð°ÐºÐ¾
     got: ????????? ??????
 ; [cca2=MC].translations.slk.official
Expected: MonackÃ© knieÅ¾atstvo
     got: Monacké kniežatstvo
 ; [cca2=MC].translations.spa.common
Expected: MÃ³naco
     got: Mónaco
 ; [cca2=MC].translations.spa.official
Expected: Principado de MÃ³naco
     got: Principado de Mónaco
 ; [cca2=MC].translations.srp.common
Expected: ÐœÐ¾Ð½Ð°ÐºÐ¾
     got: ??????
 ; [cca2=MC].translations.srp.official
Expected: ÐšÐ½ÐµÐ¶ÐµÐ²Ð¸Ð½Ð° ÐœÐ¾Ð½Ð°ÐºÐ¾
     got: ????????? ??????
 ; [cca2=MC].translations.swe.official
Expected: FurstendÃ¶met Monaco
     got: Furstendömet Monaco
 ; [cca2=MC].translations.tur.official
Expected: Monako PrensliÄŸi
     got: Monako Prensli?i
 ; [cca2=MC].translations.urd.common
Expected: Ù…ÙˆÙ†Ø§Ú©Ùˆ
     got: ??????
 ; [cca2=MC].translations.urd.official
Expected: Ø¬Ù…Û?ÙˆØ±ÛŒÛ? Ù…Ù†Ø§Ú©Ùˆ
     got: ??????? ?????
 ; [cca2=MC].translations.zho.common
Expected: æ‘©çº³å“¥
     got: ???
 ; [cca2=MC].translations.zho.official
Expected: æ‘©çº³å“¥å…¬å›½
     got: ?????
 ; [cca2=MD].capital[]
Expected: ChiÈ™inÄƒu
     but none found
 ; [cca2=MD].capital[]
Unexpected: Chi?in?u
 ; [cca2=MD].flag
Expected: ðŸ‡²ðŸ‡©
     got: ??
 ; [cca2=MD].translations.ara.common
Expected: Ù…ÙˆÙ„Ø¯ÙˆÚ¤Ø§
     got: ???????
 ; [cca2=MD].translations.ara.official
Expected: Ø¬Ù…Ù‡ÙˆØ±ÙŠØ© Ù…ÙˆÙ„Ø¯ÙˆÚ¤Ø§
     got: ??????? ???????
 ; [cca2=MD].translations.ces.official
Expected: MoldavskÃ¡ republika
     got: Moldavská republika
 ; [cca2=MD].translations.fra.official
Expected: RÃ©publique de Moldavie
     got: République de Moldavie
 ; [cca2=MD].translations.hun.official
Expected: Moldovai KÃ¶ztÃ¡rsasÃ¡g
     got: Moldovai Köztársaság
 ; [cca2=MD].translations.jpn.common
Expected: ãƒ¢ãƒ«ãƒ‰ãƒ?å…±å’Œå›½
     got: ???????
 ; [cca2=MD].translations.jpn.official
Expected: ãƒ¢ãƒ«ãƒ‰ãƒ?å…±å’Œå›½
     got: ???????
 ; [cca2=MD].translations.kor.common
Expected: ëª°ë?„ë°”
     got: ???
 ; [cca2=MD].translations.kor.official
Expected: ëª°ë?„ë°” ê³µí™”êµ­
     got: ??? ???
 ; [cca2=MD].translations.nld.common
Expected: MoldaviÃ«
     got: Moldavië
 ; [cca2=MD].translations.nld.official
Expected: Republiek MoldaviÃ«
     got: Republiek Moldavië
 ; [cca2=MD].translations.per.common
Expected: Ù…ÙˆÙ„Ø¯Ø§ÙˆÛŒ
     got: ???????
 ; [cca2=MD].translations.per.official
Expected: Ø¬Ù…Ù‡ÙˆØ±ÛŒ Ù…ÙˆÙ„Ø¯Ø§ÙˆÛŒ
     got: ?????? ???????
 ; [cca2=MD].translations.pol.common
Expected: MoÅ‚dawia
     got: Mo?dawia
 ; [cca2=MD].translations.pol.official
Expected: Republika MoÅ‚dawii
     got: Republika Mo?dawii
 ; [cca2=MD].translations.por.common
Expected: MoldÃ¡via
     got: Moldávia
 ; [cca2=MD].translations.por.official
Expected: RepÃºblica da MoldÃ¡via
     got: República da Moldávia
 ; [cca2=MD].translations.rus.common
Expected: ÐœÐ¾Ð»Ð´Ð°Ð²Ð¸Ñ?
     got: ????????
 ; [cca2=MD].translations.rus.official
Expected: ÐœÐ¾Ð»Ð´Ð¾Ð²Ð°
     got: ???????
 ; [cca2=MD].translations.slk.official
Expected: MoldavskÃ¡ republika
     got: Moldavská republika
 ; [cca2=MD].translations.spa.official
Expected: RepÃºblica de Moldova
     got: República de Moldova
 ; [cca2=MD].translations.srp.common
Expected: ÐœÐ¾Ð»Ð´Ð°Ð²Ð¸Ñ˜Ð°
     got: ?????????
 ; [cca2=MD].translations.srp.official
Expected: Ð ÐµÐ¿ÑƒÐ±Ð»Ð¸ÐºÐ° ÐœÐ¾Ð»Ð´Ð°Ð²Ð¸Ñ˜Ð°
     got: ????????? ?????????
 ; [cca2=MD].translations.urd.common
Expected: Ù…Ø§Ù„Ø¯ÙˆÙˆØ§
     got: ???????
 ; [cca2=MD].translations.urd.official
Expected: Ø¬Ù…Û?ÙˆØ±ÛŒÛ? Ù…Ø§Ù„Ø¯ÙˆÙˆØ§
     got: ??????? ???????
 ; [cca2=MD].translations.zho.common
Expected: æ‘©å°”å¤šç“¦
     got: ????
 ; [cca2=MD].translations.zho.official
Expected: æ‘©å°”å¤šç“¦å…±å’Œå›½
     got: ???????
 ; [cca2=ME].currencies.EUR.symbol
Expected: â‚¬
     got: €
 ; [cca2=ME].demonyms.fra.f
Expected: MontÃ©nÃ©grine
     got: Monténégrine
 ; [cca2=ME].demonyms.fra.m
Expected: MontÃ©nÃ©grin
     got: Monténégrin
 ; [cca2=ME].flag
Expected: ðŸ‡²ðŸ‡ª
     got: ??
 ; [cca2=ME].name.nativeName.cnr.common
Expected: Ð¦Ñ€Ð½Ð° Ð“Ð¾Ñ€Ð°
     got: ???? ????
 ; [cca2=ME].name.nativeName.cnr.official
Expected: Ð¦Ñ€Ð½Ð° Ð“Ð¾Ñ€Ð°
     got: ???? ????
 ; [cca2=ME].translations.ara.common
Expected: Ø§Ù„Ø¬Ø¨Ù„ Ø§Ù„Ø§Ø³ÙˆØ¯
     got: ????? ??????
 ; [cca2=ME].translations.ara.official
Expected: Ø§Ù„Ø¬Ø¨Ù„ Ø§Ù„Ø§Ø³ÙˆØ¯
     got: ????? ??????
 ; [cca2=ME].translations.ces.common
Expected: ÄŒernÃ¡ Hora
     got: ?erná Hora
 ; [cca2=ME].translations.ces.official
Expected: ÄŒernÃ¡ Hora
     got: ?erná Hora
 ; [cca2=ME].translations.fra.common
Expected: MontÃ©nÃ©gro
     got: Monténégro
 ; [cca2=ME].translations.fra.official
Expected: MontÃ©nÃ©gro
     got: Monténégro
 ; [cca2=ME].translations.hun.common
Expected: MontenegrÃ³
     got: Montenegró
 ; [cca2=ME].translations.hun.official
Expected: MontenegrÃ³
     got: Montenegró
 ; [cca2=ME].translations.jpn.common
Expected: ãƒ¢ãƒ³ãƒ†ãƒ?ã‚°ãƒ­
     got: ??????
 ; [cca2=ME].translations.jpn.official
Expected: ãƒ¢ãƒ³ãƒ†ãƒ?ã‚°ãƒ­
     got: ??????
 ; [cca2=ME].translations.kor.common
Expected: ëª¬í…Œë„¤ê·¸ë¡œ
     got: ?????
 ; [cca2=ME].translations.kor.official
Expected: ëª¬í…Œë„¤ê·¸ë¡œ
     got: ?????
 ; [cca2=ME].translations.per.common
Expected: Ù…ÙˆÙ†ØªÙ‡â€ŒÙ†Ú¯Ø±Ùˆ
     got: ??????????
 ; [cca2=ME].translations.per.official
Expected: Ù…ÙˆÙ†ØªÙ‡â€ŒÙ†Ú¯Ø±Ùˆ
     got: ??????????
 ; [cca2=ME].translations.pol.common
Expected: CzarnogÃ³ra
     got: Czarnogóra
 ; [cca2=ME].translations.pol.official
Expected: CzarnogÃ³ra
     got: Czarnogóra
 ; [cca2=ME].translations.rus.common
Expected: Ð§ÐµÑ€Ð½Ð¾Ð³Ð¾Ñ€Ð¸Ñ?
     got: ??????????
 ; [cca2=ME].translations.rus.official
Expected: Ð§ÐµÑ€Ð½Ð¾Ð³Ð¾Ñ€Ð¸Ñ?
     got: ??????????
 ; [cca2=ME].translations.slk.common
Expected: ÄŒierna Hora
     got: ?ierna Hora
 ; [cca2=ME].translations.slk.official
Expected: ÄŒierna Hora
     got: ?ierna Hora
 ; [cca2=ME].translations.srp.common
Expected: Ð¦Ñ€Ð½Ð° Ð“Ð¾Ñ€Ð°
     got: ???? ????
 ; [cca2=ME].translations.srp.official
Expected: Ð¦Ñ€Ð½Ð° Ð“Ð¾Ñ€Ð°
     got: ???? ????
 ; [cca2=ME].translations.tur.common
Expected: KaradaÄŸ
     got: Karada?
 ; [cca2=ME].translations.tur.official
Expected: KaradaÄŸ
     got: Karada?
 ; [cca2=ME].translations.urd.common
Expected: Ù…ÙˆÙ†Ù¹ÛŒÙ†ÛŒÚ¯Ø±Ùˆ
     got: ??????????
 ; [cca2=ME].translations.urd.official
Expected: Ù…ÙˆÙ†Ù¹ÛŒÙ†ÛŒÚ¯Ø±Ùˆ
     got: ??????????
 ; [cca2=ME].translations.zho.common
Expected: é»‘å±±
     got: ??
 ; [cca2=ME].translations.zho.official
Expected: é»‘å±±
     got: ??
 ; [cca2=MF].altSpellings[]
Expected: CollectivitÃ© de Saint-Martin
     but none found
 ; [cca2=MF].altSpellings[]
Unexpected: Collectivité de Saint-Martin
 ; [cca2=MF].currencies.EUR.symbol
Expected: â‚¬
     got: €
 ; [cca2=MF].flag
Expected: ðŸ‡²ðŸ‡«
     got: ??
 ; [cca2=MF].translations.ara.common
Expected: Ø³Ø§Ù†Øª Ù…Ø§Ø±ØªÙ†
     got: ???? ?????
 ; [cca2=MF].translations.ara.official
Expected: Ø³Ø§Ù†Øª Ù…Ø§Ø±ØªÙ†
     got: ???? ?????
 ; [cca2=MF].translations.ces.common
Expected: SvatÃ½ Martin (Francie)
     got: Svatý Martin (Francie)
 ; [cca2=MF].translations.ces.official
Expected: SvatÃ½ Martin
     got: Svatý Martin
 ; [cca2=MF].translations.est.official
Expected: Saint-Martini Ã¼hendus
     got: Saint-Martini ühendus
 ; [cca2=MF].translations.hun.official
Expected: Saint-Martin KÃ¶zÃ¶ssÃ©g
     got: Saint-Martin Közösség
 ; [cca2=MF].translations.jpn.common
Expected: ã‚µãƒ³ãƒ»ãƒžãƒ«ã‚¿ãƒ³ï¼ˆãƒ•ãƒ©ãƒ³ã‚¹é ˜ï¼‰
     got: ??????????????
 ; [cca2=MF].translations.jpn.official
Expected: ã‚µãƒ³ãƒžãƒ«ã‚¿ãƒ³å³¶
     got: ???????
 ; [cca2=MF].translations.kor.common
Expected: ìƒ?ë§ˆë¥´íƒ±
     got: ????
 ; [cca2=MF].translations.kor.official
Expected: ìƒ?ë§ˆë¥´íƒ±
     got: ????
 ; [cca2=MF].translations.per.common
Expected: Ø³Ù† Ù…Ø§Ø±ØªÙ†
     got: ?? ?????
 ; [cca2=MF].translations.per.official
Expected: Ø³Ù† Ù…Ø§Ø±ØªÙ†
     got: ?? ?????
 ; [cca2=MF].translations.pol.official
Expected: WspÃ³lnota Saint-Martin
     got: Wspólnota Saint-Martin
 ; [cca2=MF].translations.por.common
Expected: SÃ£o Martinho
     got: São Martinho
 ; [cca2=MF].translations.rus.common
Expected: Ð¡ÐµÐ½-ÐœÐ°Ñ€Ñ‚ÐµÐ½
     got: ???-??????
 ; [cca2=MF].translations.rus.official
Expected: Ð¡ÐµÐ½-ÐœÐ°Ñ€Ñ‚ÐµÐ½
     got: ???-??????
 ; [cca2=MF].translations.srp.common
Expected: Ð¡Ð²ÐµÑ‚Ð¸ ÐœÐ°Ñ€Ñ‚Ð¸Ð½
     got: ????? ??????
 ; [cca2=MF].translations.srp.official
Expected: Ð¡Ð²ÐµÑ‚Ð¸ ÐœÐ°Ñ€Ñ‚Ð¸Ð½
     got: ????? ??????
 ; [cca2=MF].translations.swe.official
Expected: FÃ¶rvaltningsomrÃ¥det Saint-Martin
     got: Förvaltningsområdet Saint-Martin
 ; [cca2=MF].translations.urd.common
Expected: Ø³ÛŒÙ†Ù¹ Ù…Ø§Ø±Ù¹Ù†
     got: ???? ?????
 ; [cca2=MF].translations.urd.official
Expected: Ø³ÛŒÙ†Ù¹ Ù…Ø§Ø±Ù¹Ù†
     got: ???? ?????
 ; [cca2=MF].translations.zho.common
Expected: åœ£é©¬ä¸?
     got: ???
 ; [cca2=MF].translations.zho.official
Expected: åœ£é©¬ä¸?
     got: ???
 ; [cca2=MG].altSpellings[]
Expected: RÃ©publique de Madagascar
     but none found
 ; [cca2=MG].altSpellings[]
Unexpected: République de Madagascar
 ; [cca2=MG].flag
Expected: ðŸ‡²ðŸ‡¬
     got: ??
 ; [cca2=MG].name.nativeName.fra.official
Expected: RÃ©publique de Madagascar
     got: République de Madagascar
 ; [cca2=MG].translations.ara.common
Expected: Ù…Ø¯ØºØ´Ù‚Ø±
     got: ??????
 ; [cca2=MG].translations.ara.official
Expected: Ø¬Ù…Ù‡ÙˆØ±ÙŠØ© Ù…Ø¯ØºØ´Ù‚Ø±
     got: ??????? ??????
 ; [cca2=MG].translations.ces.official
Expected: MadagaskarskÃ¡ republika
     got: Madagaskarská republika
 ; [cca2=MG].translations.fra.official
Expected: RÃ©publique de Madagascar
     got: République de Madagascar
 ; [cca2=MG].translations.hun.common
Expected: MadagaszkÃ¡r
     got: Madagaszkár
 ; [cca2=MG].translations.hun.official
Expected: MadagaszkÃ¡ri KÃ¶ztÃ¡rsasÃ¡g
     got: Madagaszkári Köztársaság
 ; [cca2=MG].translations.jpn.common
Expected: ãƒžãƒ€ã‚¬ã‚¹ã‚«ãƒ«
     got: ??????
 ; [cca2=MG].translations.jpn.official
Expected: ãƒžãƒ€ã‚¬ã‚¹ã‚«ãƒ«å…±å’Œå›½
     got: ?????????
 ; [cca2=MG].translations.kor.common
Expected: ë§ˆë‹¤ê°€ìŠ¤ì¹´ë¥´
     got: ??????
 ; [cca2=MG].translations.kor.official
Expected: ë§ˆë‹¤ê°€ìŠ¤ì¹´ë¥´ ê³µí™”êµ­
     got: ?????? ???
 ; [cca2=MG].translations.per.common
Expected: Ù…Ø§Ø¯Ø§Ú¯Ø§Ø³Ú©Ø§Ø±
     got: ??????????
 ; [cca2=MG].translations.per.official
Expected: Ø¬Ù…Ù‡ÙˆØ±ÛŒ Ù…Ø§Ø¯Ø§Ú¯Ø§Ø³Ú©Ø§Ø±
     got: ?????? ??????????
 ; [cca2=MG].translations.por.common
Expected: MadagÃ¡scar
     got: Madagáscar
 ; [cca2=MG].translations.por.official
Expected: RepÃºblica de MadagÃ¡scar
     got: República de Madagáscar
 ; [cca2=MG].translations.rus.common
Expected: ÐœÐ°Ð´Ð°Ð³Ð°Ñ?ÐºÐ°Ñ€
     got: ??????????
 ; [cca2=MG].translations.rus.official
Expected: Ð ÐµÑ?Ð¿ÑƒÐ±Ð»Ð¸ÐºÐ° ÐœÐ°Ð´Ð°Ð³Ð°Ñ?ÐºÐ°Ñ€
     got: ?????????? ??????????
 ; [cca2=MG].translations.slk.official
Expected: MadagaskarskÃ¡ republika
     got: Madagaskarská republika
 ; [cca2=MG].translations.spa.official
Expected: RepÃºblica de Madagascar
     got: República de Madagascar
 ; [cca2=MG].translations.srp.common
Expected: ÐœÐ°Ð´Ð°Ð³Ð°Ñ?ÐºÐ°Ñ€
     got: ??????????
 ; [cca2=MG].translations.srp.official
Expected: Ð ÐµÐ¿ÑƒÐ±Ð»Ð¸ÐºÐ° ÐœÐ°Ð´Ð°Ð³Ð°Ñ?ÐºÐ°Ñ€
     got: ????????? ??????????
 ; [cca2=MG].translations.urd.common
Expected: Ù…ÚˆØºØ§Ø³Ú©Ø±
     got: ???????
 ; [cca2=MG].translations.urd.official
Expected: Ø¬Ù…Û?ÙˆØ±ÛŒÛ? Ù…ÚˆØºØ§Ø³Ú©Ø±
     got: ??????? ???????
 ; [cca2=MG].translations.zho.common
Expected: é©¬è¾¾åŠ æ–¯åŠ 
     got: ?????
 ; [cca2=MG].translations.zho.official
Expected: é©¬è¾¾åŠ æ–¯åŠ å…±å’Œå›½
     got: ????????
 ; [cca2=MH].altSpellings[]
Expected: AolepÄ?n AorÅ?kin MÌ§ajeÄ¼
     but none found
 ; [cca2=MH].altSpellings[]
Unexpected: Aolep?n Aor?kin M?aje?
 ; [cca2=MH].flag
Expected: ðŸ‡²ðŸ‡­
     got: ??
 ; [cca2=MH].flags.alt
Expected: The flag of Marshall Islands has a blue field with two broadening adjacent diagonal bands of orange and white that extend from the lower hoist-side corner to the upper fly-side corner of the field. A large white star with twenty-four rays â€” four large rays at the cardinal points and twenty smaller rays â€” is situated in the upper hoist-side corner above the diagonal bands.
     got: The flag of Marshall Islands has a blue field with two broadening adjacent diagonal bands of orange and white that extend from the lower hoist-side corner to the upper fly-side corner of the field. A large white star with twenty-four rays — four large rays at the cardinal points and twenty smaller rays — is situated in the upper hoist-side corner above the diagonal bands.
 ; [cca2=MH].name.nativeName.mah.common
Expected: MÌ§ajeÄ¼
     got: M?aje?
 ; [cca2=MH].translations.ara.common
Expected: Ø¬Ø²Ø± Ù…Ø§Ø±Ø´Ø§Ù„
     got: ??? ??????
 ; [cca2=MH].translations.ara.official
Expected: Ø¬Ù…Ù‡ÙˆØ±ÙŠØ© Ø¬Ø²Ø± Ù…Ø§Ø±Ø´Ø§Ù„
     got: ??????? ??? ??????
 ; [cca2=MH].translations.fra.common
Expected: ÃŽles Marshall
     got: Îles Marshall
 ; [cca2=MH].translations.fra.official
Expected: RÃ©publique des ÃŽles Marshall
     got: République des Îles Marshall
 ; [cca2=MH].translations.hrv.common
Expected: MarÅ¡alovi Otoci
     got: Maršalovi Otoci
 ; [cca2=MH].translations.hrv.official
Expected: Republika MarÅ¡alovi Otoci
     got: Republika Maršalovi Otoci
 ; [cca2=MH].translations.jpn.common
Expected: ãƒžãƒ¼ã‚·ãƒ£ãƒ«è«¸å³¶
     got: ???????
 ; [cca2=MH].translations.jpn.official
Expected: ãƒžãƒ¼ã‚·ãƒ£ãƒ«è«¸å³¶å…±å’Œå›½
     got: ??????????
 ; [cca2=MH].translations.kor.common
Expected: ë§ˆì…œ ì œë?„
     got: ?? ??
 ; [cca2=MH].translations.kor.official
Expected: ë§ˆì…œ ì œë?„ ê³µí™”êµ­
     got: ?? ?? ???
 ; [cca2=MH].translations.per.common
Expected: Ø¬Ø²Ø§ÛŒØ± Ù…Ø§Ø±Ø´Ø§Ù„
     got: ????? ??????
 ; [cca2=MH].translations.per.official
Expected: Ø¬Ù…Ù‡ÙˆØ±ÛŒ Ø¬Ø²Ø§ÛŒØ± Ù…Ø§Ø±Ø´Ø§Ù„
     got: ?????? ????? ??????
 ; [cca2=MH].translations.por.official
Expected: RepÃºblica das Ilhas Marshall
     got: República das Ilhas Marshall
 ; [cca2=MH].translations.rus.common
Expected: ÐœÐ°Ñ€ÑˆÐ°Ð»Ð»Ð¾Ð²Ñ‹ ÐžÑ?Ñ‚Ñ€Ð¾Ð²Ð°
     got: ?????????? ???????
 ; [cca2=MH].translations.rus.official
Expected: Ð ÐµÑ?Ð¿ÑƒÐ±Ð»Ð¸ÐºÐ° ÐœÐ°Ñ€ÑˆÐ°Ð»Ð»Ð¾Ð²Ñ‹ Ð¾Ñ?Ñ‚Ñ€Ð¾Ð²Ð°
     got: ?????????? ?????????? ???????
 ; [cca2=MH].translations.slk.official
Expected: Republika MarshallovÃ½ch ostrovov
     got: Republika Marshallových ostrovov
 ; [cca2=MH].translations.spa.official
Expected: RepÃºblica de las Islas Marshall
     got: República de las Islas Marshall
 ; [cca2=MH].translations.srp.common
Expected: ÐœÐ°Ñ€ÑˆÐ°Ð»Ñ?ÐºÐ° ÐžÑ?Ñ‚Ñ€Ð²Ð°
     got: ????????? ??????
 ; [cca2=MH].translations.srp.official
Expected: Ð ÐµÐ¿ÑƒÐ±Ð»Ð¸ÐºÐ° ÐœÐ°Ñ€ÑˆÐ°Ð»Ñ?ÐºÐ° ÐžÑ?Ñ‚Ñ€Ð²Ð°
     got: ????????? ????????? ??????
 ; [cca2=MH].translations.swe.common
Expected: MarshallÃ¶arna
     got: Marshallöarna
 ; [cca2=MH].translations.swe.official
Expected: Republiken MarshallÃ¶arna
     got: Republiken Marshallöarna
 ; [cca2=MH].translations.tur.common
Expected: Marshall AdalarÄ±
     got: Marshall Adalar?
 ; [cca2=MH].translations.tur.official
Expected: Marshall AdalarÄ± Cumhuriyeti
     got: Marshall Adalar? Cumhuriyeti
 ; [cca2=MH].translations.urd.common
Expected: Ø¬Ø²Ø§Ø¦Ø± Ù…Ø§Ø±Ø´Ù„
     got: ????? ?????
 ; [cca2=MH].translations.urd.official
Expected: Ø¬Ù…Û?ÙˆØ±ÛŒÛ? Ø¬Ø²Ø§Ø¦Ø± Ù…Ø§Ø±Ø´Ù„
     got: ??????? ????? ?????
 ; [cca2=MH].translations.zho.common
Expected: é©¬ç»?å°”ç¾¤å²›
     got: ?????
 ; [cca2=MH].translations.zho.official
Expected: é©¬ç»?å°”ç¾¤å²›å…±å’Œå›½
     got: ????????
 ; [cca2=MK].altSpellings[]
Expected: Ð ÐµÐ¿ÑƒÐ±Ð»Ð¸ÐºÐ° Ð¡ÐµÐ²ÐµÑ€Ð½Ð° ÐœÐ°ÐºÐµÐ´Ð¾Ð½Ð¸Ñ˜Ð°
     but none found
 ; [cca2=MK].altSpellings[]
Unexpected: ????????? ??????? ??????????
 ; [cca2=MK].demonyms.fra.f
Expected: MacÃ©donienne
     got: Macédonienne
 ; [cca2=MK].demonyms.fra.m
Expected: MacÃ©donien
     got: Macédonien
 ; [cca2=MK].flag
Expected: ðŸ‡²ðŸ‡°
     got: ??
 ; [cca2=MK].name.nativeName.mkd.common
Expected: ÐœÐ°ÐºÐµÐ´Ð¾Ð½Ð¸Ñ˜Ð°
     got: ??????????
 ; [cca2=MK].name.nativeName.mkd.official
Expected: Ð ÐµÐ¿ÑƒÐ±Ð»Ð¸ÐºÐ° Ð¡ÐµÐ²ÐµÑ€Ð½Ð° ÐœÐ°ÐºÐµÐ´Ð¾Ð½Ð¸Ñ˜Ð°
     got: ????????? ??????? ??????????
 ; [cca2=MK].translations.ara.common
Expected: Ø´Ù…Ø§Ù„ Ù…Ù‚Ø¯ÙˆÙ†ÙŠØ§
     got: ???? ???????
 ; [cca2=MK].translations.ara.official
Expected: Ø¬Ù…Ù‡ÙˆØ±ÙŠØ© Ø´Ù…Ø§Ù„ Ù…Ù‚Ø¯ÙˆÙ†ÙŠØ§
     got: ??????? ???? ???????
 ; [cca2=MK].translations.ces.common
Expected: SevernÃ­ Makedonie
     got: Severní Makedonie
 ; [cca2=MK].translations.ces.official
Expected: Republika SevernÃ­ Makedonie
     got: Republika Severní Makedonie
 ; [cca2=MK].translations.est.common
Expected: PÃµhja-Makedoonia
     got: Põhja-Makedoonia
 ; [cca2=MK].translations.est.official
Expected: PÃµhja-Makedoonia Vabariik
     got: Põhja-Makedoonia Vabariik
 ; [cca2=MK].translations.fra.common
Expected: MacÃ©doine du Nord
     got: Macédoine du Nord
 ; [cca2=MK].translations.fra.official
Expected: RÃ©publique de MacÃ©doine du Nord
     got: République de Macédoine du Nord
 ; [cca2=MK].translations.hun.common
Expected: Ã‰szak-MacedÃ³nia
     got: Észak-Macedónia
 ; [cca2=MK].translations.hun.official
Expected: Ã‰szak-macedÃ³n KÃ¶ztÃ¡rsasÃ¡g
     got: Észak-macedón Köztársaság
 ; [cca2=MK].translations.jpn.common
Expected: åŒ—ãƒžã‚±ãƒ‰ãƒ‹ã‚¢ 
     got: ?????? 
 ; [cca2=MK].translations.jpn.official
Expected: åŒ—ãƒžã‚±ãƒ‰ãƒ‹ã‚¢å…±å’Œå›½
     got: ?????????
 ; [cca2=MK].translations.kor.common
Expected: ë¶?ë§ˆì¼€ë?„ë‹ˆì•„
     got: ??????
 ; [cca2=MK].translations.kor.official
Expected: ë¶?ë§ˆì¼€ë?„ë‹ˆì•„ ê³µí™”êµ­
     got: ?????? ???
 ; [cca2=MK].translations.nld.common
Expected: Noord-MacedoniÃ«
     got: Noord-Macedonië
 ; [cca2=MK].translations.nld.official
Expected: Republiek Noord-MacedoniÃ«
     got: Republiek Noord-Macedonië
 ; [cca2=MK].translations.per.common
Expected: Ù…Ù‚Ø¯ÙˆÙ†ÛŒÙ‡ Ø´Ù…Ø§Ù„ÛŒ
     got: ??????? ?????
 ; [cca2=MK].translations.per.official
Expected: Ø¬Ù…Ù‡ÙˆØ±ÛŒ Ù…Ù‚Ø¯ÙˆÙ†ÛŒÙ‡ Ø´Ù…Ø§Ù„ÛŒ
     got: ?????? ??????? ?????
 ; [cca2=MK].translations.pol.common
Expected: Macedonia PÃ³Å‚nocna
     got: Macedonia Pó?nocna
 ; [cca2=MK].translations.pol.official
Expected: Republika Macedonii PÃ³Å‚nocnej
     got: Republika Macedonii Pó?nocnej
 ; [cca2=MK].translations.por.common
Expected: MacedÃ³nia do Norte
     got: Macedónia do Norte
 ; [cca2=MK].translations.por.official
Expected: RepÃºblica da MacedÃ´nia do Norte
     got: República da Macedônia do Norte
 ; [cca2=MK].translations.rus.common
Expected: Ð¡ÐµÐ²ÐµÑ€Ð½Ð°Ñ? ÐœÐ°ÐºÐµÐ´Ð¾Ð½Ð¸Ñ?
     got: ???????? ?????????
 ; [cca2=MK].translations.rus.official
Expected: Ð ÐµÑ?Ð¿ÑƒÐ±Ð»Ð¸ÐºÐ° Ð¡ÐµÐ²ÐµÑ€Ð½Ð°Ñ? ÐœÐ°ÐºÐµÐ´Ð¾Ð½Ð¸Ñ?
     got: ?????????? ???????? ?????????
 ; [cca2=MK].translations.slk.common
Expected: SevernÃ© MacedÃ³nsko
     got: Severné Macedónsko
 ; [cca2=MK].translations.slk.official
Expected: SeveromacedÃ³nska republika
     got: Severomacedónska republika
 ; [cca2=MK].translations.spa.official
Expected: RepÃºblica de Macedonia del Norte
     got: República de Macedonia del Norte
 ; [cca2=MK].translations.srp.common
Expected: Ð¡ÐµÐ²ÐµÑ€Ð½Ð° ÐœÐ°ÐºÐµÐ´Ð¾Ð½Ð¸Ñ˜Ð°
     got: ??????? ??????????
 ; [cca2=MK].translations.srp.official
Expected: Ð ÐµÐ¿ÑƒÐ±Ð»Ð¸ÐºÐ° Ð¡ÐµÐ²ÐµÑ€Ð½Ð° ÐœÐ°ÐºÐµÐ´Ð¾Ð½Ð¸Ñ˜Ð°
     got: ????????? ??????? ??????????
 ; [cca2=MK].translations.urd.common
Expected: Ø´Ù…Ø§Ù„ÛŒ Ù…Ù‚Ø¯ÙˆÙ†ÛŒÛ?
     got: ????? ???????
 ; [cca2=MK].translations.urd.official
Expected: Ø¬Ù…Û?ÙˆØ±ÛŒÛ? Ù…Ù‚Ø¯ÙˆÙ†ÛŒÛ?
     got: ??????? ???????
 ; [cca2=MK].translations.zho.common
Expected: åŒ—é¦¬å…¶é “
     got: ????
 ; [cca2=MK].translations.zho.official
Expected: åŒ—é¦¬å…¶é “å…±å’Œåœ‹
     got: ???????
 ; [cca2=ML].altSpellings[]
Expected: RÃ©publique du Mali
     but none found
 ; [cca2=ML].altSpellings[]
Unexpected: République du Mali
 ; [cca2=ML].flag
Expected: ðŸ‡²ðŸ‡±
     got: ??
 ; [cca2=ML].name.nativeName.fra.official
Expected: RÃ©publique du Mali
     got: République du Mali
 ; [cca2=ML].translations.ara.common
Expected: Ù…Ø§Ù„ÙŠ
     got: ????
 ; [cca2=ML].translations.ara.official
Expected: Ø¬Ù…Ù‡ÙˆØ±ÙŠØ© Ù…Ø§Ù„ÙŠ
     got: ??????? ????
 ; [cca2=ML].translations.fra.official
Expected: RÃ©publique du Mali
     got: République du Mali
 ; [cca2=ML].translations.hun.official
Expected: Mali KÃ¶ztÃ¡rsasÃ¡g
     got: Mali Köztársaság
 ; [cca2=ML].translations.jpn.common
Expected: ãƒžãƒª
     got: ??
 ; [cca2=ML].translations.jpn.official
Expected: ãƒžãƒªå…±å’Œå›½
     got: ?????
 ; [cca2=ML].translations.kor.common
Expected: ë§?ë¦¬
     got: ??
 ; [cca2=ML].translations.kor.official
Expected: ë§?ë¦¬ ê³µí™”êµ­
     got: ?? ???
 ; [cca2=ML].translations.per.common
Expected: Ù…Ø§Ù„ÛŒ
     got: ????
 ; [cca2=ML].translations.per.official
Expected: Ø¬Ù…Ù‡ÙˆØ±ÛŒ Ù…Ø§Ù„ÛŒ
     got: ?????? ????
 ; [cca2=ML].translations.por.official
Expected: RepÃºblica do Mali
     got: República do Mali
 ; [cca2=ML].translations.rus.common
Expected: ÐœÐ°Ð»Ð¸
     got: ????
 ; [cca2=ML].translations.rus.official
Expected: Ð ÐµÑ?Ð¿ÑƒÐ±Ð»Ð¸ÐºÐ° ÐœÐ°Ð»Ð¸
     got: ?????????? ????
 ; [cca2=ML].translations.slk.official
Expected: MalijskÃ¡ republika
     got: Malijská republika
 ; [cca2=ML].translations.spa.official
Expected: RepÃºblica de MalÃ­
     got: República de Malí
 ; [cca2=ML].translations.srp.common
Expected: ÐœÐ°Ð»Ð¸
     got: ????
 ; [cca2=ML].translations.srp.official
Expected: Ð ÐµÐ¿ÑƒÐ±Ð»Ð¸ÐºÐ° ÐœÐ°Ð»Ð¸
     got: ????????? ????
 ; [cca2=ML].translations.urd.common
Expected: Ù…Ø§Ù„ÛŒ
     got: ????
 ; [cca2=ML].translations.urd.official
Expected: Ø¬Ù…Û?ÙˆØ±ÛŒÛ? Ù…Ø§Ù„ÛŒ
     got: ??????? ????
 ; [cca2=ML].translations.zho.common
Expected: é©¬é‡Œ
     got: ??
 ; [cca2=ML].translations.zho.official
Expected: é©¬é‡Œå…±å’Œå›½
     got: ?????
 ; [cca2=MM].altSpellings[]
Expected: Pyidaunzu ThanmÄƒda MyÄƒma Nainngandaw
     but none found
 ; [cca2=MM].altSpellings[]
Unexpected: Pyidaunzu Thanm?da My?ma Nainngandaw
 ; [cca2=MM].flag
Expected: ðŸ‡²ðŸ‡²
     got: ??
 ; [cca2=MM].name.nativeName.mya.common
Expected: á€™á€¼á€”á€ºá€™á€¬
     got: ??????
 ; [cca2=MM].name.nativeName.mya.official
Expected: á€•á€¼á€Šá€ºá€‘á€±á€¬á€„á€ºá€…á€¯ á€žá€™á€¹á€™á€? á€™á€¼á€”á€ºá€™á€¬á€”á€­á€¯á€„á€ºá€„á€¶á€?á€±á€¬á€º
     got: ??????????? ????? ?????????????????
 ; [cca2=MM].translations.ara.common
Expected: Ù…ÙŠØ§Ù†Ù…Ø§Ø±
     got: ???????
 ; [cca2=MM].translations.ara.official
Expected: Ø¬Ù…Ù‡ÙˆØ±ÙŠØ© Ø§ØªØ­Ø§Ø¯ Ù…ÙŠØ§Ù†Ù…Ø§Ø±
     got: ??????? ????? ???????
 ; [cca2=MM].translations.ces.official
Expected: Republika MyanmarskÃ½ svaz
     got: Republika Myanmarský svaz
 ; [cca2=MM].translations.fra.official
Expected: RÃ©publique de l&#039;Union du Myanmar
     got: République de l&#039;Union du Myanmar
 ; [cca2=MM].translations.hun.official
Expected: Mianmari Ã?llamszÃ¶vetsÃ©g KÃ¶ztÃ¡rsasÃ¡ga
     got: Mianmari Államszövetség Köztársasága
 ; [cca2=MM].translations.jpn.common
Expected: ãƒŸãƒ£ãƒ³ãƒžãƒ¼
     got: ?????
 ; [cca2=MM].translations.jpn.official
Expected: ãƒŸãƒ£ãƒ³ãƒžãƒ¼é€£é‚¦å…±å’Œå›½
     got: ??????????
 ; [cca2=MM].translations.kor.common
Expected: ë¯¸ì–€ë§ˆ
     got: ???
 ; [cca2=MM].translations.kor.official
Expected: ë¯¸ì–€ë§ˆ ì—°ë°© ê³µí™”êµ­
     got: ??? ?? ???
 ; [cca2=MM].translations.per.common
Expected: Ù…ÛŒØ§Ù†Ù…Ø§Ø±
     got: ???????
 ; [cca2=MM].translations.per.official
Expected: Ø§ØªØ­Ø§Ø¯ÛŒÙ‡ Ø¬Ù…Ù‡ÙˆØ±ÛŒ Ù…ÛŒØ§Ù†Ù…Ø§Ø±
     got: ??????? ?????? ???????
 ; [cca2=MM].translations.pol.official
Expected: Republika ZwiÄ…zku Mjanmy
     got: Republika Zwi?zku Mjanmy
 ; [cca2=MM].translations.por.official
Expected: RepÃºblica da UniÃ£o de Myanmar
     got: República da União de Myanmar
 ; [cca2=MM].translations.rus.common
Expected: ÐœÑŒÑ?Ð½Ð¼Ð°
     got: ??????
 ; [cca2=MM].translations.rus.official
Expected: Ð ÐµÑ?Ð¿ÑƒÐ±Ð»Ð¸ÐºÐ° Ð¡Ð¾ÑŽÐ·Ð° ÐœÑŒÑ?Ð½Ð¼Ð°
     got: ?????????? ????? ??????
 ; [cca2=MM].translations.slk.official
Expected: MjanmarskÃ¡ zvÃ¤zovÃ¡ republika
     got: Mjanmarská zväzová republika
 ; [cca2=MM].translations.spa.official
Expected: RepÃºblica de la UniÃ³n de Myanmar
     got: República de la Unión de Myanmar
 ; [cca2=MM].translations.srp.common
Expected: ÐœÑ˜Ð°Ð½Ð¼Ð°Ñ€
     got: ???????
 ; [cca2=MM].translations.srp.official
Expected: Ð ÐµÐ¿ÑƒÐ±Ð»Ð¸ÐºÐ° Ð¡Ð°Ð²ÐµÐ· ÐœÑ˜Ð°Ð½Ð¼Ð°Ñ€Ð°
     got: ????????? ????? ????????
 ; [cca2=MM].translations.tur.official
Expected: Myanmar BirliÄŸi Cumhuriyeti
     got: Myanmar Birli?i Cumhuriyeti
 ; [cca2=MM].translations.urd.common
Expected: Ù…ÛŒØ§Ù†Ù…Ø§Ø±
     got: ???????
 ; [cca2=MM].translations.urd.official
Expected: Ù…ØªØ­Ø¯Û? Ø¬Ù…Û?ÙˆØ±ÛŒÛ? Ù…ÛŒØ§Ù†Ù…Ø§Ø±
     got: ????? ??????? ???????
 ; [cca2=MM].translations.zho.common
Expected: ç¼…ç”¸
     got: ??
 ; [cca2=MM].translations.zho.official
Expected: ç¼…ç”¸è?”é‚¦å…±å’Œå›½
     got: ???????
 ; [cca2=MN].currencies.MNT.name
Expected: Mongolian tÃ¶grÃ¶g
     got: Mongolian tögrög
 ; [cca2=MN].currencies.MNT.symbol
Expected: â‚®
     got: ?
 ; [cca2=MN].flag
Expected: ðŸ‡²ðŸ‡³
     got: ??
 ; [cca2=MN].flags.alt
Expected: The flag of Mongolia is composed of three equal vertical bands of red, blue and red, with the national emblem â€” the Soyombo â€” in gold centered in the hoist-side red band.
     got: The flag of Mongolia is composed of three equal vertical bands of red, blue and red, with the national emblem — the Soyombo — in gold centered in the hoist-side red band.
 ; [cca2=MN].name.nativeName.mon.common
Expected: ÐœÐ¾Ð½Ð³Ð¾Ð» ÑƒÐ»Ñ?
     got: ?????? ???
 ; [cca2=MN].name.nativeName.mon.official
Expected: ÐœÐ¾Ð½Ð³Ð¾Ð» ÑƒÐ»Ñ?
     got: ?????? ???
 ; [cca2=MN].translations.ara.common
Expected: Ù…Ù†ØºÙˆÙ„ÙŠØ§
     got: ???????
 ; [cca2=MN].translations.ara.official
Expected: Ø¬Ù…Ù‡ÙˆØ±ÙŠØ© Ù…Ù†ØºÙˆÙ„ÙŠØ§
     got: ??????? ???????
 ; [cca2=MN].translations.ces.official
Expected: StÃ¡t Mongolsko
     got: Stát Mongolsko
 ; [cca2=MN].translations.hun.common
Expected: MongÃ³lia
     got: Mongólia
 ; [cca2=MN].translations.hun.official
Expected: MongÃ³lia
     got: Mongólia
 ; [cca2=MN].translations.jpn.common
Expected: ãƒ¢ãƒ³ã‚´ãƒ«
     got: ????
 ; [cca2=MN].translations.jpn.official
Expected: ãƒ¢ãƒ³ã‚´ãƒ«
     got: ????
 ; [cca2=MN].translations.kor.common
Expected: ëª½ê³¨êµ­
     got: ???
 ; [cca2=MN].translations.kor.official
Expected: ëª½ê³¨
     got: ??
 ; [cca2=MN].translations.nld.common
Expected: MongoliÃ«
     got: Mongolië
 ; [cca2=MN].translations.nld.official
Expected: MongoliÃ«
     got: Mongolië
 ; [cca2=MN].translations.per.common
Expected: Ù…ØºÙˆÙ„Ø³ØªØ§Ù†
     got: ????????
 ; [cca2=MN].translations.per.official
Expected: Ù…ØºÙˆÙ„Ø³ØªØ§Ù†
     got: ????????
 ; [cca2=MN].translations.por.common
Expected: MongÃ³lia
     got: Mongólia
 ; [cca2=MN].translations.por.official
Expected: MongÃ³lia
     got: Mongólia
 ; [cca2=MN].translations.rus.common
Expected: ÐœÐ¾Ð½Ð³Ð¾Ð»Ð¸Ñ?
     got: ????????
 ; [cca2=MN].translations.rus.official
Expected: ÐœÐ¾Ð½Ð³Ð¾Ð»Ð¸Ñ?
     got: ????????
 ; [cca2=MN].translations.srp.common
Expected: ÐœÐ¾Ð½Ð³Ð¾Ð»Ð¸Ñ˜Ð°
     got: ?????????
 ; [cca2=MN].translations.srp.official
Expected: ÐœÐ¾Ð½Ð³Ð¾Ð»Ð¸Ñ˜Ð°
     got: ?????????
 ; [cca2=MN].translations.tur.common
Expected: MoÄŸolistan
     got: Mo?olistan
 ; [cca2=MN].translations.tur.official
Expected: MoÄŸolistan
     got: Mo?olistan
 ; [cca2=MN].translations.urd.common
Expected: Ù…Ù†Ú¯ÙˆÙ„ÛŒØ§
     got: ???????
 ; [cca2=MN].translations.urd.official
Expected: Ù…Ù†Ú¯ÙˆÙ„ÛŒØ§
     got: ???????
 ; [cca2=MN].translations.zho.common
Expected: è’™å?¤
     got: ??
 ; [cca2=MN].translations.zho.official
Expected: è’™å?¤
     got: ??
 ; [cca2=MO].altSpellings[]
Expected: æ¾³é—¨
     but none found
 ; [cca2=MO].altSpellings[]
Expected: ä¸­è?¯äººæ°‘å…±å’Œåœ‹æ¾³é–€ç‰¹åˆ¥è¡Œæ”¿å?€
     but none found
 ; [cca2=MO].altSpellings[]
Expected: RegiÃ£o Administrativa Especial de Macau da RepÃºblica Popular da China
     but none found
 ; [cca2=MO].altSpellings[]
Unexpected: ??????????????
 ; [cca2=MO].altSpellings[]
Unexpected: ??
 ; [cca2=MO].altSpellings[]
Unexpected: Região Administrativa Especial de Macau da República Popular da China
 ; [cca2=MO].flag
Expected: ðŸ‡²ðŸ‡´
     got: ??
 ; [cca2=MO].name.nativeName.por.official
Expected: RegiÃ£o Administrativa Especial de Macau da RepÃºblica Popular da China
     got: Região Administrativa Especial de Macau da República Popular da China
 ; [cca2=MO].name.nativeName.zho.common
Expected: æ¾³é—¨
     got: ??
 ; [cca2=MO].name.nativeName.zho.official
Expected: ä¸­å?Žäººæ°‘å…±å’Œå›½æ¾³é—¨ç‰¹åˆ«è¡Œæ”¿åŒº
     got: ??????????????
 ; [cca2=MO].translations.ara.common
Expected: Ù…Ø§ÙƒØ§Ùˆ
     got: ?????
 ; [cca2=MO].translations.ara.official
Expected: Ù…Ù†Ø·Ù‚Ø© Ù…Ø§ÙƒØ§Ùˆ Ø§Ù„Ø¥Ø¯Ø§Ø±ÙŠØ© Ø§Ù„ØªØ§Ø¨Ø¹Ø© Ù„Ø¬Ù…Ù‡ÙˆØ±ÙŠØ© Ø§Ù„ØµÙŠÙ† Ø§Ù„Ø´Ø¹Ø¨ÙŠØ©
     got: ????? ????? ???????? ??????? ???????? ????? ???????
 ; [cca2=MO].translations.ces.official
Expected: ZvlÃ¡Å¡tnÃ­ sprÃ¡vnÃ­ oblast ÄŒÃ­nskÃ© lidovÃ© republiky Macao
     got: Zvláštní správní oblast ?ínské lidové republiky Macao
 ; [cca2=MO].translations.fra.official
Expected: RÃ©gion administrative spÃ©ciale de Macao de la RÃ©publique populaire de Chine
     got: Région administrative spéciale de Macao de la République populaire de Chine
 ; [cca2=MO].translations.hrv.official
Expected: Makao Posebnog upravnog podruÄ?jaNarodne Republike Kine
     got: Makao Posebnog upravnog podru?jaNarodne Republike Kine
 ; [cca2=MO].translations.hun.common
Expected: MakaÃ³
     got: Makaó
 ; [cca2=MO].translations.hun.official
Expected: MakaÃ³
     got: Makaó
 ; [cca2=MO].translations.jpn.common
Expected: ãƒžã‚«ã‚ª
     got: ???
 ; [cca2=MO].translations.jpn.official
Expected: ä¸­è?¯äººæ°‘å…±å’Œå›½ãƒžã‚«ã‚ªç‰¹åˆ¥è¡Œæ”¿åŒº
     got: ???????????????
 ; [cca2=MO].translations.kor.common
Expected: ë§ˆì¹´ì˜¤
     got: ???
 ; [cca2=MO].translations.kor.official
Expected: ì¤‘í™”ì?¸ë¯¼ê³µí™”êµ­ ë§ˆì¹´ì˜¤ íŠ¹ë³„í–‰ì •êµ¬
     got: ??????? ??? ?????
 ; [cca2=MO].translations.per.common
Expected: Ù…Ø§Ú©Ø§Ø¦Ùˆ
     got: ??????
 ; [cca2=MO].translations.per.official
Expected: Ù…Ø§Ú©Ø§Ø¦Ùˆ
     got: ??????
 ; [cca2=MO].translations.pol.official
Expected: Specjalny Region Administracyjny ChiÅ„skiej Republiki Ludowej Makau
     got: Specjalny Region Administracyjny Chi?skiej Republiki Ludowej Makau
 ; [cca2=MO].translations.por.official
Expected: Macau RegiÃ£o Administrativa Especial da RepÃºblica Popular da China
     got: Macau Região Administrativa Especial da República Popular da China
 ; [cca2=MO].translations.rus.common
Expected: ÐœÐ°ÐºÐ°Ð¾
     got: ?????
 ; [cca2=MO].translations.rus.official
Expected: Ð¡Ð¿ÐµÑ†Ð¸Ð°Ð»ÑŒÐ½Ñ‹Ð¹ Ð°Ð´Ð¼Ð¸Ð½Ð¸Ñ?Ñ‚Ñ€Ð°Ñ‚Ð¸Ð²Ð½Ñ‹Ð¹ Ñ€Ð°Ð¹Ð¾Ð½ ÐœÐ°ÐºÐ°Ð¾ ÐšÐ¸Ñ‚Ð°Ð¹Ñ?ÐºÐ¾Ð¹ Ð?Ð°Ñ€Ð¾Ð´Ð½Ð¾Ð¹ Ð ÐµÑ?Ð¿ÑƒÐ±Ð»Ð¸ÐºÐ¸ ÐšÐ¸Ñ‚Ð°Ð¹
     got: ??????????? ???????????????? ????? ????? ????????? ???????? ?????????? ?????
 ; [cca2=MO].translations.slk.official
Expected: Macao, Å peciÃ lna administratÃ­vna oblasÅ¦
     got: Macao, Špeciàlna administratívna oblas?
 ; [cca2=MO].translations.spa.official
Expected: Macao, RegiÃ³n Administrativa Especial de la RepÃºblica Popular China
     got: Macao, Región Administrativa Especial de la República Popular China
 ; [cca2=MO].translations.srp.common
Expected: ÐœÐ°ÐºÐ°Ð¾
     got: ?????
 ; [cca2=MO].translations.srp.official
Expected: ÐœÐ°ÐºÐ°Ð¾ Ñ?Ð¿ÐµÑ†Ð¸Ñ˜Ð°Ð»Ð½Ð° Ð°Ð´Ð¼Ð¸Ð½Ð¸Ñ?Ñ‚Ñ€Ð°Ñ‚Ð¸Ð²Ð½Ð° Ð¾Ð±Ð»Ð°Ñ?Ñ‚ Ð?Ð°Ñ€Ð¾Ð´Ð½Ðµ Ð ÐµÐ¿ÑƒÐ±Ð»Ð¸ÐºÐµ ÐšÐ¸Ð½Ðµ
     got: ????? ?????????? ??????????????? ?????? ??????? ????????? ????
 ; [cca2=MO].translations.tur.official
Expected: Ã‡in Halk Cumhuriyeti Makao Ã–zel Ä°dari BÃ¶lgesi
     got: Çin Halk Cumhuriyeti Makao Özel ?dari Bölgesi
 ; [cca2=MO].translations.urd.common
Expected: Ù…Ú©Ø§Ø¤
     got: ????
 ; [cca2=MO].translations.urd.official
Expected: Ù…Ú©Ø§Ø¤ Ø¹ÙˆØ§Ù…ÛŒ Ø¬Ù…Û?ÙˆØ±ÛŒÛ? Ú†ÛŒÙ† Ú©Ø§ Ø®ØµÙˆØµÛŒ Ø§Ù†ØªØ¸Ø§Ù…ÛŒ Ø¹Ù„Ø§Ù‚Û?
     got: ???? ????? ??????? ??? ?? ????? ??????? ?????
 ; [cca2=MP].altSpellings[]
Expected: Sankattan Siha Na Islas MariÃ¥nas
     but none found
 ; [cca2=MP].altSpellings[]
Unexpected: Sankattan Siha Na Islas Mariånas
 ; [cca2=MP].demonyms.fra.f
Expected: AmÃ©ricaine
     got: Américaine
 ; [cca2=MP].demonyms.fra.m
Expected: AmÃ©rican
     got: Américan
 ; [cca2=MP].flag
Expected: ðŸ‡²ðŸ‡µ
     got: ??
 ; [cca2=MP].name.nativeName.cha.common
Expected: Na Islas MariÃ¥nas
     got: Na Islas Mariånas
 ; [cca2=MP].name.nativeName.cha.official
Expected: Sankattan Siha Na Islas MariÃ¥nas
     got: Sankattan Siha Na Islas Mariånas
 ; [cca2=MP].translations.ara.common
Expected: Ø¬Ø²Ø± Ù…Ø§Ø±ÙŠØ§Ù†Ø§ Ø§Ù„Ø´Ù…Ø§Ù„ÙŠØ©
     got: ??? ??????? ????????
 ; [cca2=MP].translations.ara.official
Expected: ÙƒÙˆÙ…ÙˆÙ†ÙˆÙ„Ø« Ø¬Ø²Ø± Ù…Ø§Ø±ÙŠØ§Ù†Ø§ Ø§Ù„Ø´Ù…Ø§Ù„ÙŠØ©
     got: ???????? ??? ??????? ????????
 ; [cca2=MP].translations.ces.common
Expected: SevernÃ­ Mariany
     got: Severní Mariany
 ; [cca2=MP].translations.ces.official
Expected: SpoleÄ?enstvÃ­ SevernÃ­ch Marian
     got: Spole?enství Severních Marian
 ; [cca2=MP].translations.deu.common
Expected: NÃ¶rdliche Marianen
     got: Nördliche Marianen
 ; [cca2=MP].translations.deu.official
Expected: Commonwealth der NÃ¶rdlichen Marianen
     got: Commonwealth der Nördlichen Marianen
 ; [cca2=MP].translations.est.common
Expected: PÃµhja-Mariaanid
     got: Põhja-Mariaanid
 ; [cca2=MP].translations.est.official
Expected: PÃµhja-Mariaani Ãœhendus
     got: Põhja-Mariaani Ühendus
 ; [cca2=MP].translations.fra.common
Expected: ÃŽles Mariannes du Nord
     got: Îles Mariannes du Nord
 ; [cca2=MP].translations.fra.official
Expected: Commonwealth des Ã®les Mariannes du Nord
     got: Commonwealth des îles Mariannes du Nord
 ; [cca2=MP].translations.hun.common
Expected: Ã‰szaki-Mariana-szigetek
     got: Északi-Mariana-szigetek
 ; [cca2=MP].translations.hun.official
Expected: Ã‰szaki-Mariana-szigetek
     got: Északi-Mariana-szigetek
 ; [cca2=MP].translations.jpn.common
Expected: åŒ—ãƒžãƒªã‚¢ãƒŠè«¸å³¶
     got: ???????
 ; [cca2=MP].translations.jpn.official
Expected: åŒ—ãƒžãƒªã‚¢ãƒŠè«¸å³¶
     got: ???????
 ; [cca2=MP].translations.kor.common
Expected: ë¶?ë§ˆë¦¬ì•„ë‚˜ ì œë?„
     got: ????? ??
 ; [cca2=MP].translations.kor.official
Expected: ë¶?ë§ˆë¦¬ì•„ë‚˜ ì œë?„
     got: ????? ??
 ; [cca2=MP].translations.per.common
Expected: Ø¬Ø²Ø§ÛŒØ± Ù…Ø§Ø±ÛŒØ§Ù†Ø§ÛŒ Ø´Ù…Ø§Ù„ÛŒ
     got: ????? ???????? ?????
 ; [cca2=MP].translations.per.official
Expected: Ø¬Ø²Ø§ÛŒØ± Ù…Ø§Ø±ÛŒØ§Ù†Ø§ÛŒ Ø´Ù…Ø§Ù„ÛŒ
     got: ????? ???????? ?????
 ; [cca2=MP].translations.pol.common
Expected: Mariany PÃ³Å‚nocne
     got: Mariany Pó?nocne
 ; [cca2=MP].translations.pol.official
Expected: WspÃ³lnota MarianÃ³w PÃ³Å‚nocnych
     got: Wspólnota Marianów Pó?nocnych
 ; [cca2=MP].translations.rus.common
Expected: Ð¡ÐµÐ²ÐµÑ€Ð½Ñ‹Ðµ ÐœÐ°Ñ€Ð¸Ð°Ð½Ñ?ÐºÐ¸Ðµ Ð¾Ñ?Ñ‚Ñ€Ð¾Ð²Ð°
     got: ???????? ?????????? ???????
 ; [cca2=MP].translations.rus.official
Expected: Ð¡Ð¾Ð´Ñ€ÑƒÐ¶ÐµÑ?Ñ‚Ð²Ð¾ Ð¡ÐµÐ²ÐµÑ€Ð½Ñ‹Ñ… ÐœÐ°Ñ€Ð¸Ð°Ð½Ñ?ÐºÐ¸Ñ… Ð¾Ñ?Ñ‚Ñ€Ð¾Ð²Ð¾Ð²
     got: ??????????? ???????? ?????????? ????????
 ; [cca2=MP].translations.slk.common
Expected: SevernÃ© MariÃ¡ny
     got: Severné Mariány
 ; [cca2=MP].translations.slk.official
Expected: SpoloÄ?enstvo ostrovov SevernÃ© MariÃ¡ny
     got: Spolo?enstvo ostrovov Severné Mariány
 ; [cca2=MP].translations.srp.common
Expected: Ð¡ÐµÐ²ÐµÑ€Ð½Ð° ÐœÐ°Ñ€Ð¸Ñ˜Ð°Ð½Ñ?ÐºÐ° ÐžÑ?Ñ‚Ñ€Ð²Ð°
     got: ??????? ?????????? ??????
 ; [cca2=MP].translations.srp.official
Expected: ÐšÐ¾Ð¼Ð¾Ð½Ð²ÐµÐ»Ñ‚ Ð¡ÐµÐ²ÐµÑ€Ð½Ð° ÐœÐ°Ñ€Ð¸Ñ˜Ð°Ð½Ñ?ÐºÐ° ÐžÑ?Ñ‚Ñ€Ð²Ð°
     got: ????????? ??????? ?????????? ??????
 ; [cca2=MP].translations.tur.common
Expected: Kuzey Mariana AdalarÄ±
     got: Kuzey Mariana Adalar?
 ; [cca2=MP].translations.tur.official
Expected: Kuzey Mariana AdalarÄ± Milletler TopluluÄŸu
     got: Kuzey Mariana Adalar? Milletler Toplulu?u
 ; [cca2=MP].translations.urd.common
Expected: Ø¬Ø²Ø§Ø¦Ø± Ø´Ù…Ø§Ù„ÛŒ Ù…Ø§Ø±ÛŒØ§Ù†Ø§
     got: ????? ????? ???????
 ; [cca2=MP].translations.urd.official
Expected: Ø¯ÙˆÙ„ØªÙ? Ù…Ø´ØªØ±Ú©Û? Ø¬Ø²Ø§Ø¦Ø± Ø´Ù…Ø§Ù„ÛŒ Ù…Ø§Ø±ÛŒØ§Ù†Ø§
     got: ????? ?????? ????? ????? ???????
 ; [cca2=MP].translations.zho.common
Expected: åŒ—é©¬é‡Œäºšçº³ç¾¤å²›
     got: ???????
 ; [cca2=MP].translations.zho.official
Expected: åŒ—é©¬é‡Œäºšçº³ç¾¤å²›
     got: ???????
 ; [cca2=MQ].currencies.EUR.symbol
Expected: â‚¬
     got: €
 ; [cca2=MQ].flag
Expected: ðŸ‡²ðŸ‡¶
     got: ??
 ; [cca2=MQ].translations.ara.common
Expected: Ù…Ø§Ø±ØªÙŠÙ†ÙŠÙƒ
     got: ????????
 ; [cca2=MQ].translations.ara.official
Expected: Ù…Ø§Ø±ØªÙŠÙ†ÙŠÙƒ
     got: ????????
 ; [cca2=MQ].translations.est.official
Expected: Martiniqueâ€™i departemang
     got: Martinique’i departemang
 ; [cca2=MQ].translations.jpn.common
Expected: ãƒžãƒ«ãƒ†ã‚£ãƒ‹ãƒ¼ã‚¯
     got: ???????
 ; [cca2=MQ].translations.jpn.official
Expected: ãƒžãƒ«ãƒ†ã‚£ãƒ‹ãƒ¼ã‚¯å³¶
     got: ????????
 ; [cca2=MQ].translations.kor.common
Expected: ë§ˆë¥´í‹°ë‹ˆí?¬
     got: ?????
 ; [cca2=MQ].translations.kor.official
Expected: ë§ˆë¥´í‹°ë‹ˆí?¬
     got: ?????
 ; [cca2=MQ].translations.per.common
Expected: Ù…Ø§Ø±ØªÛŒÙ†ÛŒÚ©
     got: ????????
 ; [cca2=MQ].translations.per.official
Expected: Ù…Ø§Ø±ØªÛŒÙ†ÛŒÚ©
     got: ????????
 ; [cca2=MQ].translations.rus.common
Expected: ÐœÐ°Ñ€Ñ‚Ð¸Ð½Ð¸ÐºÐ°
     got: ?????????
 ; [cca2=MQ].translations.rus.official
Expected: ÐœÐ°Ñ€Ñ‚Ð¸Ð½Ð¸ÐºÐ°
     got: ?????????
 ; [cca2=MQ].translations.srp.common
Expected: ÐœÐ°Ñ€Ñ‚Ð¸Ð½Ð¸Ðº
     got: ????????
 ; [cca2=MQ].translations.srp.official
Expected: ÐœÐ°Ñ€Ñ‚Ð¸Ð½Ð¸Ðº
     got: ????????
 ; [cca2=MQ].translations.urd.common
Expected: Ù…Ø§Ø±Ù¹ÛŒÙ†ÛŒÚ©
     got: ????????
 ; [cca2=MQ].translations.urd.official
Expected: Ù…Ø§Ø±Ù¹ÛŒÙ†ÛŒÚ©
     got: ????????
 ; [cca2=MQ].translations.zho.common
Expected: é©¬æ??å°¼å…‹
     got: ????
 ; [cca2=MQ].translations.zho.official
Expected: é©¬æ??å°¼å…‹
     got: ????
 ; [cca2=MR].altSpellings[]
Expected: al-JumhÅ«riyyah al-Ê¾IslÄ?miyyah al-MÅ«rÄ«tÄ?niyyah
     but none found
 ; [cca2=MR].altSpellings[]
Unexpected: al-Jumh?riyyah al-?Isl?miyyah al-M?r?t?niyyah
 ; [cca2=MR].flag
Expected: ðŸ‡²ðŸ‡·
     got: ??
 ; [cca2=MR].name.nativeName.ara.common
Expected: Ù…ÙˆØ±ÙŠØªØ§Ù†ÙŠØ§
     got: ?????????
 ; [cca2=MR].name.nativeName.ara.official
Expected: Ø§Ù„Ø¬Ù…Ù‡ÙˆØ±ÙŠØ© Ø§Ù„Ø¥Ø³Ù„Ø§Ù…ÙŠØ© Ø§Ù„Ù…ÙˆØ±ÙŠØªØ§Ù†ÙŠØ©
     got: ????????? ????????? ???????????
 ; [cca2=MR].translations.ara.common
Expected: Ù…ÙˆØ±ÙŠØªØ§Ù†ÙŠØ§
     got: ?????????
 ; [cca2=MR].translations.ara.official
Expected: Ø§Ù„Ø¬Ù…Ù‡ÙˆØ±ÙŠØ© Ø§Ù„Ø¥Ø³Ù„Ø§Ù…ÙŠØ© Ø§Ù„Ù…ÙˆØ±ÙŠØªØ§Ù†ÙŠØ©
     got: ????????? ????????? ???????????
 ; [cca2=MR].translations.ces.common
Expected: MauritÃ¡nie
     got: Mauritánie
 ; [cca2=MR].translations.ces.official
Expected: MauritÃ¡nskÃ¡ islÃ¡mskÃ¡ republika
     got: Mauritánská islámská republika
 ; [cca2=MR].translations.fra.official
Expected: RÃ©publique islamique de Mauritanie
     got: République islamique de Mauritanie
 ; [cca2=MR].translations.hun.common
Expected: MauritÃ¡nia
     got: Mauritánia
 ; [cca2=MR].translations.hun.official
Expected: MauritÃ¡niai IszlÃ¡m KÃ¶ztÃ¡rsasÃ¡g
     got: Mauritániai Iszlám Köztársaság
 ; [cca2=MR].translations.jpn.common
Expected: ãƒ¢ãƒ¼ãƒªã‚¿ãƒ‹ã‚¢
     got: ??????
 ; [cca2=MR].translations.jpn.official
Expected: ãƒ¢ãƒ¼ãƒªã‚¿ãƒ‹ã‚¢Â·ã‚¤ã‚¹ãƒ©ãƒ å…±å’Œå›½
     got: ??????·???????
 ; [cca2=MR].translations.kor.common
Expected: ëª¨ë¦¬íƒ€ë‹ˆ
     got: ????
 ; [cca2=MR].translations.kor.official
Expected: ëª¨ë¦¬íƒ€ë‹ˆ ì?´ìŠ¬ëžŒ ê³µí™”êµ­
     got: ???? ??? ???
 ; [cca2=MR].translations.nld.common
Expected: MauritaniÃ«
     got: Mauritanië
 ; [cca2=MR].translations.nld.official
Expected: Islamitische Republiek MauritaniÃ«
     got: Islamitische Republiek Mauritanië
 ; [cca2=MR].translations.per.common
Expected: Ù…ÙˆØ±ÛŒØªØ§Ù†ÛŒ
     got: ????????
 ; [cca2=MR].translations.per.official
Expected: Ø¬Ù…Ù‡ÙˆØ±ÛŒ Ø§Ø³Ù„Ø§Ù…ÛŒ Ù…ÙˆØ±ÛŒØªØ§Ù†ÛŒ
     got: ?????? ?????? ????????
 ; [cca2=MR].translations.pol.official
Expected: Islamska Republika MauretaÅ„ska
     got: Islamska Republika Maureta?ska
 ; [cca2=MR].translations.por.common
Expected: MauritÃ¢nia
     got: Mauritânia
 ; [cca2=MR].translations.por.official
Expected: RepÃºblica IslÃ¢mica da MauritÃ¢nia
     got: República Islâmica da Mauritânia
 ; [cca2=MR].translations.rus.common
Expected: ÐœÐ°Ð²Ñ€Ð¸Ñ‚Ð°Ð½Ð¸Ñ?
     got: ??????????
 ; [cca2=MR].translations.rus.official
Expected: Ð˜Ñ?Ð»Ð°Ð¼Ñ?ÐºÐ°Ñ? Ð ÐµÑ?Ð¿ÑƒÐ±Ð»Ð¸ÐºÐ° ÐœÐ°Ð²Ñ€Ð¸Ñ‚Ð°Ð½Ð¸Ñ?
     got: ????????? ?????????? ??????????
 ; [cca2=MR].translations.slk.common
Expected: MauritÃ¡nia
     got: Mauritánia
 ; [cca2=MR].translations.slk.official
Expected: MauritÃ¡nska islamskÃ¡ republika
     got: Mauritánska islamská republika
 ; [cca2=MR].translations.spa.official
Expected: RepÃºblica IslÃ¡mica de Mauritania
     got: República Islámica de Mauritania
 ; [cca2=MR].translations.srp.common
Expected: ÐœÐ°ÑƒÑ€Ð¸Ñ‚Ð°Ð½Ð¸Ñ˜Ð°
     got: ???????????
 ; [cca2=MR].translations.srp.official
Expected: Ð˜Ñ?Ð»Ð°Ð¼Ñ?ÐºÐ° Ð ÐµÐ¿ÑƒÐ±Ð»Ð¸ÐºÐ° ÐœÐ°ÑƒÑ€Ð¸Ñ‚Ð°Ð½Ð¸Ñ˜Ð°
     got: ???????? ????????? ???????????
 ; [cca2=MR].translations.tur.official
Expected: Moritanya Ä°slam Cumhuriyeti
     got: Moritanya ?slam Cumhuriyeti
 ; [cca2=MR].translations.urd.common
Expected: Ù…ÙˆØ±ÛŒØªØ§Ù†ÛŒÛ?
     got: ?????????
 ; [cca2=MR].translations.urd.official
Expected: Ø§Ø³Ù„Ø§Ù…ÛŒ Ø¬Ù…Û?ÙˆØ±ÛŒÛ? Ù…ÙˆØ±ÛŒØªØ§Ù†ÛŒÛ?
     got: ?????? ??????? ?????????
 ; [cca2=MR].translations.zho.common
Expected: æ¯›é‡Œå¡”å°¼äºš
     got: ?????
 ; [cca2=MR].translations.zho.official
Expected: æ¯›é‡Œå¡”å°¼äºšä¼Šæ–¯å…°å…±å’Œå›½
     got: ???????????
 ; [cca2=MS].flag
Expected: ðŸ‡²ðŸ‡¸
     got: ??
 ; [cca2=MS].translations.ara.common
Expected: Ù…ÙˆÙ†ØªØ³Ø±Ø§Øª
     got: ????????
 ; [cca2=MS].translations.ara.official
Expected: Ù…ÙˆÙ†ØªØ³Ø±Ø§Øª
     got: ????????
 ; [cca2=MS].translations.jpn.common
Expected: ãƒ¢ãƒ³ãƒˆã‚»ãƒ©ãƒˆ
     got: ??????
 ; [cca2=MS].translations.jpn.official
Expected: ãƒ¢ãƒ³ãƒˆã‚»ãƒ©ãƒˆ
     got: ??????
 ; [cca2=MS].translations.kor.common
Expected: ëª¬íŠ¸ì„¸ëž«
     got: ????
 ; [cca2=MS].translations.kor.official
Expected: ëª¬íŠ¸ì„¸ëž«
     got: ????
 ; [cca2=MS].translations.per.common
Expected: Ù…ÙˆÙ†ØªØ³Ø±Ø§Øª
     got: ????????
 ; [cca2=MS].translations.per.official
Expected: Ù…ÙˆÙ†ØªØ³Ø±Ø§Øª
     got: ????????
 ; [cca2=MS].translations.rus.common
Expected: ÐœÐ¾Ð½Ñ‚Ñ?ÐµÑ€Ñ€Ð°Ñ‚
     got: ??????????
 ; [cca2=MS].translations.rus.official
Expected: ÐœÐ¾Ð½Ñ‚Ñ?ÐµÑ€Ñ€Ð°Ñ‚
     got: ??????????
 ; [cca2=MS].translations.srp.common
Expected: ÐœÐ¾Ð½Ñ‚Ñ?ÐµÑ€Ð°Ñ‚
     got: ?????????
 ; [cca2=MS].translations.srp.official
Expected: ÐœÐ¾Ð½Ñ‚Ñ?ÐµÑ€Ð°Ñ‚
     got: ?????????
 ; [cca2=MS].translations.urd.common
Expected: Ù…Ø§Ù†Ù¹Ø³Ø±ÛŒÙ¹
     got: ????????
 ; [cca2=MS].translations.urd.official
Expected: Ù…Ø§Ù†Ù¹Ø³Ø±ÛŒÙ¹
     got: ????????
 ; [cca2=MS].translations.zho.common
Expected: è’™ç‰¹å¡žæ‹‰ç‰¹
     got: ?????
 ; [cca2=MS].translations.zho.official
Expected: è’™ç‰¹å¡žæ‹‰ç‰¹
     got: ?????
 ; [cca2=MT].currencies.EUR.symbol
Expected: â‚¬
     got: €
 ; [cca2=MT].flag
Expected: ðŸ‡²ðŸ‡¹
     got: ??
 ; [cca2=MT].translations.ara.common
Expected: Ù…Ø§Ù„Ø·Ø§
     got: ?????
 ; [cca2=MT].translations.ara.official
Expected: Ø¬Ù…Ù‡ÙˆØ±ÙŠØ© Ù…Ø§Ù„Ø·Ø§
     got: ??????? ?????
 ; [cca2=MT].translations.ces.official
Expected: MaltskÃ¡ republika
     got: Maltská republika
 ; [cca2=MT].translations.fra.official
Expected: RÃ©publique de Malte
     got: République de Malte
 ; [cca2=MT].translations.hun.common
Expected: MÃ¡lta
     got: Málta
 ; [cca2=MT].translations.hun.official
Expected: MÃ¡ltai KÃ¶ztÃ¡rsasÃ¡g
     got: Máltai Köztársaság
 ; [cca2=MT].translations.jpn.common
Expected: ãƒžãƒ«ã‚¿
     got: ???
 ; [cca2=MT].translations.jpn.official
Expected: ãƒžãƒ«ã‚¿å…±å’Œå›½
     got: ??????
 ; [cca2=MT].translations.kor.common
Expected: ëª°íƒ€
     got: ??
 ; [cca2=MT].translations.kor.official
Expected: ëª°íƒ€ ê³µí™”êµ­
     got: ?? ???
 ; [cca2=MT].translations.per.common
Expected: Ù…Ø§Ù„Øª
     got: ????
 ; [cca2=MT].translations.per.official
Expected: Ø¬Ù…Ù‡ÙˆØ±ÛŒ Ù…Ø§Ù„Øª
     got: ?????? ????
 ; [cca2=MT].translations.por.official
Expected: RepÃºblica de Malta
     got: República de Malta
 ; [cca2=MT].translations.rus.common
Expected: ÐœÐ°Ð»ÑŒÑ‚Ð°
     got: ??????
 ; [cca2=MT].translations.rus.official
Expected: Ð ÐµÑ?Ð¿ÑƒÐ±Ð»Ð¸ÐºÐ° ÐœÐ°Ð»ÑŒÑ‚Ð°
     got: ?????????? ??????
 ; [cca2=MT].translations.slk.official
Expected: MaltskÃ¡ republika
     got: Maltská republika
 ; [cca2=MT].translations.spa.official
Expected: RepÃºblica de Malta
     got: República de Malta
 ; [cca2=MT].translations.srp.common
Expected: ÐœÐ°Ð»Ñ‚Ð°
     got: ?????
 ; [cca2=MT].translations.srp.official
Expected:  Ð ÐµÐ¿ÑƒÐ±Ð»Ð¸ÐºÐ° ÐœÐ°Ð»Ñ‚Ð°
     got:  ????????? ?????
 ; [cca2=MT].translations.urd.common
Expected: Ù…Ø§Ù„Ù¹Ø§
     got: ?????
 ; [cca2=MT].translations.urd.official
Expected: Ø¬Ù…Û?ÙˆØ±ÛŒÛ? Ù…Ø§Ù„Ù¹Ø§
     got: ??????? ?????
 ; [cca2=MT].translations.zho.common
Expected: é©¬è€³ä»–
     got: ???
 ; [cca2=MT].translations.zho.official
Expected: é©¬è€³ä»–å…±å’Œå›½
     got: ??????
 ; [cca2=MU].altSpellings[]
Expected: RÃ©publique de Maurice
     but none found
 ; [cca2=MU].altSpellings[]
Unexpected: République de Maurice
 ; [cca2=MU].currencies.MUR.symbol
Expected: â‚¨
     got: ?
 ; [cca2=MU].flag
Expected: ðŸ‡²ðŸ‡º
     got: ??
 ; [cca2=MU].name.nativeName.fra.official
Expected: RÃ©publique de Maurice
     got: République de Maurice
 ; [cca2=MU].translations.ara.common
Expected: Ù…ÙˆØ±ÙŠØ´ÙŠÙˆØ³
     got: ????????
 ; [cca2=MU].translations.ara.official
Expected: Ø¬Ù…Ù‡ÙˆØ±ÙŠØ© Ù…ÙˆØ±ÙŠØ´ÙŠÙˆØ³
     got: ??????? ????????
 ; [cca2=MU].translations.ces.official
Expected: MauricijskÃ¡ republika
     got: Mauricijská republika
 ; [cca2=MU].translations.fra.common
Expected: ÃŽle Maurice
     got: Île Maurice
 ; [cca2=MU].translations.fra.official
Expected: RÃ©publique de Maurice
     got: République de Maurice
 ; [cca2=MU].translations.hun.official
Expected: Mauritiusi KÃ¶ztÃ¡rsasÃ¡g
     got: Mauritiusi Köztársaság
 ; [cca2=MU].translations.jpn.common
Expected: ãƒ¢ãƒ¼ãƒªã‚·ãƒ£ã‚¹
     got: ??????
 ; [cca2=MU].translations.jpn.official
Expected: ãƒ¢ãƒ¼ãƒªã‚·ãƒ£ã‚¹å…±å’Œå›½
     got: ?????????
 ; [cca2=MU].translations.kor.common
Expected: ëª¨ë¦¬ì…”ìŠ¤
     got: ????
 ; [cca2=MU].translations.kor.official
Expected: ëª¨ë¦¬ì…”ìŠ¤ ê³µí™”êµ­
     got: ???? ???
 ; [cca2=MU].translations.per.common
Expected: Ù…ÙˆØ±ÛŒØ³
     got: ?????
 ; [cca2=MU].translations.per.official
Expected: Ø¬Ù…Ù‡ÙˆØ±ÛŒ Ù…ÙˆØ±ÛŒØ³
     got: ?????? ?????
 ; [cca2=MU].translations.por.common
Expected: MaurÃ­cio
     got: Maurício
 ; [cca2=MU].translations.por.official
Expected: RepÃºblica das MaurÃ­cias
     got: República das Maurícias
 ; [cca2=MU].translations.rus.common
Expected: ÐœÐ°Ð²Ñ€Ð¸ÐºÐ¸Ð¹
     got: ????????
 ; [cca2=MU].translations.rus.official
Expected: Ð ÐµÑ?Ð¿ÑƒÐ±Ð»Ð¸ÐºÐ° ÐœÐ°Ð²Ñ€Ð¸ÐºÐ¸Ð¹
     got: ?????????? ????????
 ; [cca2=MU].translations.slk.common
Expected: MaurÃ­cius
     got: Maurícius
 ; [cca2=MU].translations.slk.official
Expected: MaurÃ­cijskÃ¡ republika
     got: Maurícijská republika
 ; [cca2=MU].translations.spa.official
Expected: RepÃºblica de Mauricio
     got: República de Mauricio
 ; [cca2=MU].translations.srp.common
Expected: ÐœÐ°ÑƒÑ€Ð¸Ñ†Ð¸Ñ˜ÑƒÑ?
     got: ??????????
 ; [cca2=MU].translations.srp.official
Expected: Ð ÐµÐ¿ÑƒÐ±Ð»Ð¸ÐºÐ° ÐœÐ°ÑƒÑ€Ð¸Ñ†Ð¸Ñ˜ÑƒÑ?
     got: ????????? ??????????
 ; [cca2=MU].translations.urd.common
Expected: Ù…ÙˆØ±ÛŒØ´Ø³
     got: ??????
 ; [cca2=MU].translations.urd.official
Expected: Ø¬Ù…Û?ÙˆØ±ÛŒÛ? Ù…ÙˆØ±ÛŒØ´Ø³
     got: ??????? ??????
 ; [cca2=MU].translations.zho.common
Expected: æ¯›é‡Œæ±‚æ–¯
     got: ????
 ; [cca2=MU].translations.zho.official
Expected: æ¯›é‡Œæ±‚æ–¯å…±å’Œå›½
     got: ???????
 ; [cca2=MV].capital[]
Expected: MalÃ©
     but none found
 ; [cca2=MV].capital[]
Unexpected: Malé
 ; [cca2=MV].currencies.MVR.symbol
Expected: .Þƒ
     got: .?
 ; [cca2=MV].flag
Expected: ðŸ‡²ðŸ‡»
     got: ??
 ; [cca2=MV].name.nativeName.div.common
Expected: Þ‹Þ¨ÞˆÞ¬Þ€Þ¨ÞƒÞ§Þ‡Þ°Þ–Þ­ÞŽÞ¬
     got: ??????????????
 ; [cca2=MV].name.nativeName.div.official
Expected: Þ‹Þ¨ÞˆÞ¬Þ€Þ¨ÞƒÞ§Þ‡Þ°Þ–Þ­ÞŽÞ¬ Þ–ÞªÞ‰Þ°Þ€Þ«ÞƒÞ¨Þ‡Þ°Þ”Þ§
     got: ?????????????? ????????????
 ; [cca2=MV].translations.ara.common
Expected: Ø§Ù„Ù…Ø§Ù„Ø¯ÙŠÙ?
     got: ????????
 ; [cca2=MV].translations.ara.official
Expected: Ø¬Ù…Ù‡ÙˆØ±ÙŠØ© Ø§Ù„Ù…Ø§Ù„Ø¯ÙŠÙ?
     got: ??????? ????????
 ; [cca2=MV].translations.ces.official
Expected: MaledivskÃ¡ republika
     got: Maledivská republika
 ; [cca2=MV].translations.fra.official
Expected: RÃ©publique des Maldives
     got: République des Maldives
 ; [cca2=MV].translations.hun.common
Expected: MaldÃ­v-szigetek
     got: Maldív-szigetek
 ; [cca2=MV].translations.hun.official
Expected: MaldÃ­v-szigetek
     got: Maldív-szigetek
 ; [cca2=MV].translations.jpn.common
Expected: ãƒ¢ãƒ«ãƒ‡ã‚£ãƒ–
     got: ?????
 ; [cca2=MV].translations.jpn.official
Expected: ãƒ¢ãƒ«ãƒ‡ã‚£ãƒ–å…±å’Œå›½
     got: ????????
 ; [cca2=MV].translations.kor.common
Expected: ëª°ë””ë¸Œ
     got: ???
 ; [cca2=MV].translations.kor.official
Expected: ëª°ë””ë¸Œ ê³µí™”êµ­
     got: ??? ???
 ; [cca2=MV].translations.per.common
Expected: Ù…Ø§Ù„Ø¯ÛŒÙˆ
     got: ??????
 ; [cca2=MV].translations.per.official
Expected: Ø¬Ù…Ù‡ÙˆØ±ÛŒ Ù…Ø§Ù„Ø¯ÛŒÙˆ
     got: ?????? ??????
 ; [cca2=MV].translations.pol.official
Expected: Republika MalediwÃ³w
     got: Republika Malediwów
 ; [cca2=MV].translations.por.official
Expected: RepÃºblica das Maldivas
     got: República das Maldivas
 ; [cca2=MV].translations.rus.common
Expected: ÐœÐ°Ð»ÑŒÐ´Ð¸Ð²Ñ‹
     got: ????????
 ; [cca2=MV].translations.rus.official
Expected: Ð ÐµÑ?Ð¿ÑƒÐ±Ð»Ð¸ÐºÐ° ÐœÐ°Ð»ÑŒÐ´Ð¸Ð²Ñ‹
     got: ?????????? ????????
 ; [cca2=MV].translations.slk.official
Expected: MaldivskÃ¡ republika
     got: Maldivská republika
 ; [cca2=MV].translations.spa.official
Expected: RepÃºblica de las Maldivas
     got: República de las Maldivas
 ; [cca2=MV].translations.srp.common
Expected: ÐœÐ°Ð»Ð´Ð¸Ð²Ð¸
     got: ???????
 ; [cca2=MV].translations.srp.official
Expected: ÐœÐ°Ð»Ð´Ð¸Ð²Ñ?ÐºÐ° Ð ÐµÐ¿ÑƒÐ±Ð»Ð¸ÐºÐ°
     got: ????????? ?????????
 ; [cca2=MV].translations.urd.common
Expected: Ù…Ø§Ù„Ø¯ÛŒÙ¾
     got: ??????
 ; [cca2=MV].translations.urd.official
Expected: Ø¬Ù…Û?ÙˆØ±ÛŒÛ? Ù…Ø§Ù„Ø¯ÛŒÙ¾
     got: ??????? ??????
 ; [cca2=MV].translations.zho.common
Expected: é©¬å°”ä»£å¤«
     got: ????
 ; [cca2=MV].translations.zho.official
Expected: é©¬å°”ä»£å¤«å…±å’Œå›½
     got: ???????
 ; [cca2=MW].flag
Expected: ðŸ‡²ðŸ‡¼
     got: ??
 ; [cca2=MW].name.nativeName.nya.common
Expected: MalaÅµi
     got: Mala?i
 ; [cca2=MW].name.nativeName.nya.official
Expected: Chalo cha Malawi, Dziko la MalaÅµi
     got: Chalo cha Malawi, Dziko la Mala?i
 ; [cca2=MW].translations.ara.common
Expected: Ù…Ø§Ù„Ø§ÙˆÙŠ
     got: ??????
 ; [cca2=MW].translations.ara.official
Expected: Ø¬Ù…Ù‡ÙˆØ±ÙŠØ© Ù…Ø§Ù„Ø§ÙˆÙŠ
     got: ??????? ??????
 ; [cca2=MW].translations.ces.official
Expected: MalawiskÃ¡ republika
     got: Malawiská republika
 ; [cca2=MW].translations.fra.official
Expected: RÃ©publique du Malawi
     got: République du Malawi
 ; [cca2=MW].translations.hun.official
Expected: Malawi KÃ¶ztÃ¡rsasÃ¡g
     got: Malawi Köztársaság
 ; [cca2=MW].translations.jpn.common
Expected: ãƒžãƒ©ã‚¦ã‚¤
     got: ????
 ; [cca2=MW].translations.jpn.official
Expected: ãƒžãƒ©ã‚¦ã‚¤å…±å’Œå›½
     got: ???????
 ; [cca2=MW].translations.kor.common
Expected: ë§?ë?¼ìœ„
     got: ???
 ; [cca2=MW].translations.kor.official
Expected: ë§?ë?¼ìœ„ ê³µí™”êµ­
     got: ??? ???
 ; [cca2=MW].translations.per.common
Expected: Ù…Ø§Ù„Ø§ÙˆÛŒ
     got: ??????
 ; [cca2=MW].translations.per.official
Expected: Ø¬Ù…Ù‡ÙˆØ±ÛŒ Ù…Ø§Ù„Ø§ÙˆÛŒ
     got: ?????? ??????
 ; [cca2=MW].translations.por.official
Expected: RepÃºblica do Malawi
     got: República do Malawi
 ; [cca2=MW].translations.rus.common
Expected: ÐœÐ°Ð»Ð°Ð²Ð¸
     got: ??????
 ; [cca2=MW].translations.rus.official
Expected: Ð ÐµÑ?Ð¿ÑƒÐ±Ð»Ð¸ÐºÐ° ÐœÐ°Ð»Ð°Ð²Ð¸
     got: ?????????? ??????
 ; [cca2=MW].translations.slk.official
Expected: MalawijskÃ¡ republika
     got: Malawijská republika
 ; [cca2=MW].translations.spa.official
Expected: RepÃºblica de Malawi
     got: República de Malawi
 ; [cca2=MW].translations.srp.common
Expected: ÐœÐ°Ð»Ð°Ð²Ð¸
     got: ??????
 ; [cca2=MW].translations.srp.official
Expected: Ð ÐµÐ¿ÑƒÐ±Ð»Ð¸ÐºÐ° ÐœÐ°Ð»Ð°Ð²Ð¸
     got: ????????? ??????
 ; [cca2=MW].translations.urd.common
Expected: Ù…Ù„Ø§ÙˆÛŒ
     got: ?????
 ; [cca2=MW].translations.urd.official
Expected: Ø¬Ù…Û?ÙˆØ±ÛŒÛ? Ù…Ù„Ø§ÙˆÛŒ
     got: ??????? ?????
 ; [cca2=MW].translations.zho.common
Expected: é©¬æ‹‰ç»´
     got: ???
 ; [cca2=MW].translations.zho.official
Expected: é©¬æ‹‰ç»´å…±å’Œå›½
     got: ??????
 ; [cca2=MX].flag
Expected: ðŸ‡²ðŸ‡½
     got: ??
 ; [cca2=MX].name.nativeName.spa.common
Expected: MÃ©xico
     got: México
 ; [cca2=MX].translations.ara.common
Expected: Ø§Ù„Ù…Ø³ÙƒÙŠÙƒ
     got: ???????
 ; [cca2=MX].translations.ara.official
Expected: Ø§Ù„ÙˆÙ„Ø§ÙŠØ§Øª Ø§Ù„Ù…ØªØ­Ø¯Ø© Ø§Ù„Ù…ÙƒØ³ÙŠÙƒÙŠØ©
     got: ???????? ??????? ?????????
 ; [cca2=MX].translations.bre.official
Expected: StadoÃ¹-Unanet Mec&#039;hiko
     got: Stadoù-Unanet Mec&#039;hiko
 ; [cca2=MX].translations.ces.official
Expected: SpojenÃ© stÃ¡ty mexickÃ©
     got: Spojené státy mexické
 ; [cca2=MX].translations.est.official
Expected: Mehhiko Ãœhendriigid
     got: Mehhiko Ühendriigid
 ; [cca2=MX].translations.fra.official
Expected: Ã‰tats-Unis du Mexique
     got: États-Unis du Mexique
 ; [cca2=MX].translations.hrv.official
Expected: Sjedinjene MeksiÄ?ke DrÅ¾ave
     got: Sjedinjene Meksi?ke Države
 ; [cca2=MX].translations.hun.common
Expected: MexikÃ³
     got: Mexikó
 ; [cca2=MX].translations.hun.official
Expected: MexikÃ³i EgyesÃ¼lt Ã?llamok
     got: Mexikói Egyesült Államok
 ; [cca2=MX].translations.jpn.common
Expected: ãƒ¡ã‚­ã‚·ã‚³
     got: ????
 ; [cca2=MX].translations.jpn.official
Expected: ãƒ¡ã‚­ã‚·ã‚³å?ˆè¡†å›½
     got: ???????
 ; [cca2=MX].translations.kor.common
Expected: ë©•ì‹œì½”
     got: ???
 ; [cca2=MX].translations.kor.official
Expected: ë©•ì‹œì½” í•©ì¤‘êµ­
     got: ??? ???
 ; [cca2=MX].translations.per.common
Expected: Ù…Ú©Ø²ÛŒÚ©
     got: ?????
 ; [cca2=MX].translations.per.official
Expected: Ø§ÛŒØ§Ù„Ø§Øª Ù…ØªØ­Ø¯ Ù…Ú©Ø²ÛŒÚ©
     got: ?????? ???? ?????
 ; [cca2=MX].translations.pol.official
Expected: MeksykaÅ„skie Stany Zjednoczone
     got: Meksyka?skie Stany Zjednoczone
 ; [cca2=MX].translations.por.common
Expected: MÃ©xico
     got: México
 ; [cca2=MX].translations.rus.common
Expected: ÐœÐµÐºÑ?Ð¸ÐºÐ°
     got: ???????
 ; [cca2=MX].translations.rus.official
Expected: ÐœÐµÐºÑ?Ð¸ÐºÐ°Ð½Ñ?ÐºÐ¸Ðµ Ð¡Ð¾ÐµÐ´Ð¸Ð½Ñ‘Ð½Ð½Ñ‹Ðµ Ð¨Ñ‚Ð°Ñ‚Ñ‹
     got: ???????????? ??????????? ?????
 ; [cca2=MX].translations.slk.official
Expected: SpojenÃ© Å¡tÃ¡Å¡y mexickÃ©
     got: Spojené štášy mexické
 ; [cca2=MX].translations.spa.common
Expected: MÃ©xico
     got: México
 ; [cca2=MX].translations.srp.common
Expected: ÐœÐµÐºÑ?Ð¸ÐºÐ¾
     got: ???????
 ; [cca2=MX].translations.srp.official
Expected: Ð¡Ñ˜ÐµÐ´Ð¸ÑšÐµÐ½Ðµ ÐœÐµÐºÑ?Ð¸Ñ‡ÐºÐµ Ð”Ñ€Ð¶Ð°Ð²Ðµ
     got: ????????? ???????? ??????
 ; [cca2=MX].translations.swe.official
Expected: Mexikos fÃ¶renta stater
     got: Mexikos förenta stater
 ; [cca2=MX].translations.tur.official
Expected: BirleÅŸik Meksika Devletleri
     got: Birle?ik Meksika Devletleri
 ; [cca2=MX].translations.urd.common
Expected: Ù…ÛŒÚ©Ø³ÛŒÚ©Ùˆ
     got: ???????
 ; [cca2=MX].translations.urd.official
Expected: Ø±ÛŒØ§Ø³ØªÛ?Ø§Ø¦Û’ Ù…ØªØ­Ø¯Û? Ù…ÛŒÚ©Ø³ÛŒÚ©Ùˆ
     got: ????????? ????? ???????
 ; [cca2=MX].translations.zho.common
Expected: å¢¨è¥¿å“¥
     got: ???
 ; [cca2=MX].translations.zho.official
Expected: å¢¨è¥¿å“¥å?ˆä¼—å›½
     got: ??????
 ; [cca2=MY].flag
Expected: ðŸ‡²ðŸ‡¾
     got: ??
 ; [cca2=MY].name.nativeName.msa.common
Expected: Ù…Ù„ÙŠØ³ÙŠØ§
     got: ??????
 ; [cca2=MY].name.nativeName.msa.official
Expected: Ù…Ù„ÙŠØ³ÙŠØ§
     got: ??????
 ; [cca2=MY].translations.ara.common
Expected: Ù…Ø§Ù„ÙŠØ²ÙŠØ§
     got: ???????
 ; [cca2=MY].translations.ara.official
Expected: Ù…Ø§Ù„ÙŠØ²ÙŠØ§
     got: ???????
 ; [cca2=MY].translations.fra.official
Expected: FÃ©dÃ©ration de Malaisie
     got: Fédération de Malaisie
 ; [cca2=MY].translations.jpn.common
Expected: ãƒžãƒ¬ãƒ¼ã‚·ã‚¢
     got: ?????
 ; [cca2=MY].translations.jpn.official
Expected: ãƒžãƒ¬ãƒ¼ã‚·ã‚¢
     got: ?????
 ; [cca2=MY].translations.kor.common
Expected: ë§?ë ˆì?´ì‹œì•„
     got: ?????
 ; [cca2=MY].translations.kor.official
Expected: ë§?ë ˆì?´ì‹œì•„
     got: ?????
 ; [cca2=MY].translations.nld.common
Expected: MaleisiÃ«
     got: Maleisië
 ; [cca2=MY].translations.nld.official
Expected: MaleisiÃ«
     got: Maleisië
 ; [cca2=MY].translations.per.common
Expected: Ù…Ø§Ù„Ø²ÛŒ
     got: ?????
 ; [cca2=MY].translations.per.official
Expected: Ù?Ø¯Ø±Ø§Ø³ÛŒÙˆÙ† Ù…Ø§Ù„Ø²ÛŒ
     got: ???????? ?????
 ; [cca2=MY].translations.por.common
Expected: MalÃ¡sia
     got: Malásia
 ; [cca2=MY].translations.por.official
Expected: MalÃ¡sia
     got: Malásia
 ; [cca2=MY].translations.rus.common
Expected: ÐœÐ°Ð»Ð°Ð¹Ð·Ð¸Ñ?
     got: ????????
 ; [cca2=MY].translations.rus.official
Expected: ÐœÐ°Ð»Ð°Ð¹Ð·Ð¸Ñ?
     got: ????????
 ; [cca2=MY].translations.srp.common
Expected: ÐœÐ°Ð»ÐµÐ·Ð¸Ñ˜Ð°
     got: ????????
 ; [cca2=MY].translations.srp.official
Expected: ÐœÐ°Ð»ÐµÐ·Ð¸Ñ˜Ð°
     got: ????????
 ; [cca2=MY].translations.urd.common
Expected: Ù…Ù„Ø§Ø¦ÛŒØ´ÛŒØ§
     got: ????????
 ; [cca2=MY].translations.urd.official
Expected: Ù…Ù„Ø§Ø¦ÛŒØ´ÛŒØ§
     got: ????????
 ; [cca2=MY].translations.zho.common
Expected: é©¬æ?¥è¥¿äºš
     got: ????
 ; [cca2=MY].translations.zho.official
Expected: é©¬æ?¥è¥¿äºš
     got: ????
 ; [cca2=MZ].altSpellings[]
Expected: RepÃºblica de MoÃ§ambique
     but none found
 ; [cca2=MZ].altSpellings[]
Unexpected: República de Moçambique
 ; [cca2=MZ].flag
Expected: ðŸ‡²ðŸ‡¿
     got: ??
 ; [cca2=MZ].name.nativeName.por.common
Expected: MoÃ§ambique
     got: Moçambique
 ; [cca2=MZ].name.nativeName.por.official
Expected: RepÃºblica de MoÃ§ambique
     got: República de Moçambique
 ; [cca2=MZ].translations.ara.common
Expected: Ù…ÙˆØ²Ù…Ø¨ÙŠÙ‚
     got: ???????
 ; [cca2=MZ].translations.ara.official
Expected: Ø¬Ù…Ù‡ÙˆØ±ÙŠØ© Ù…ÙˆØ²Ù…Ø¨ÙŠÙ‚
     got: ??????? ???????
 ; [cca2=MZ].translations.ces.official
Expected: MosambickÃ¡ republika
     got: Mosambická republika
 ; [cca2=MZ].translations.fra.official
Expected: RÃ©publique du Mozambique
     got: République du Mozambique
 ; [cca2=MZ].translations.hun.official
Expected: Mozambiki KÃ¶ztÃ¡rsasÃ¡g
     got: Mozambiki Köztársaság
 ; [cca2=MZ].translations.jpn.common
Expected: ãƒ¢ã‚¶ãƒ³ãƒ“ãƒ¼ã‚¯
     got: ??????
 ; [cca2=MZ].translations.jpn.official
Expected: ãƒ¢ã‚¶ãƒ³ãƒ“ãƒ¼ã‚¯å…±å’Œå›½
     got: ?????????
 ; [cca2=MZ].translations.kor.common
Expected: ëª¨ìž ë¹„í?¬
     got: ????
 ; [cca2=MZ].translations.kor.official
Expected: ëª¨ìž ë¹„í?¬ ê³µí™”êµ­
     got: ???? ???
 ; [cca2=MZ].translations.per.common
Expected: Ù…ÙˆØ²Ø§Ù…Ø¨ÛŒÚ©
     got: ????????
 ; [cca2=MZ].translations.per.official
Expected: Ø¬Ù…Ù‡ÙˆØ±ÛŒ Ù…ÙˆØ²Ø§Ù…Ø¨ÛŒÚ©
     got: ?????? ????????
 ; [cca2=MZ].translations.por.common
Expected: MoÃ§ambique
     got: Moçambique
 ; [cca2=MZ].translations.por.official
Expected: RepÃºblica de MoÃ§ambique
     got: República de Moçambique
 ; [cca2=MZ].translations.rus.common
Expected: ÐœÐ¾Ð·Ð°Ð¼Ð±Ð¸Ðº
     got: ????????
 ; [cca2=MZ].translations.rus.official
Expected: Ð ÐµÑ?Ð¿ÑƒÐ±Ð»Ð¸ÐºÐ° ÐœÐ¾Ð·Ð°Ð¼Ð±Ð¸Ðº
     got: ?????????? ????????
 ; [cca2=MZ].translations.slk.official
Expected: MozambickÃ¡ republika
     got: Mozambická republika
 ; [cca2=MZ].translations.spa.official
Expected: RepÃºblica de Mozambique
     got: República de Mozambique
 ; [cca2=MZ].translations.srp.common
Expected: ÐœÐ¾Ð·Ð°Ð¼Ð±Ð¸Ðº
     got: ????????
 ; [cca2=MZ].translations.srp.official
Expected: Ð ÐµÐ¿ÑƒÐ±Ð»Ð¸ÐºÐ° ÐœÐ¾Ð·Ð°Ð¼Ð±Ð¸Ðº
     got: ????????? ????????
 ; [cca2=MZ].translations.swe.common
Expected: MoÃ§ambique
     got: Moçambique
 ; [cca2=MZ].translations.swe.official
Expected: Republiken MoÃ§ambique
     got: Republiken Moçambique
 ; [cca2=MZ].translations.urd.common
Expected: Ù…ÙˆØ²Ù…Ø¨ÛŒÙ‚
     got: ???????
 ; [cca2=MZ].translations.urd.official
Expected: Ø¬Ù…Û?ÙˆØ±ÛŒÛ? Ù…ÙˆØ²Ù…Ø¨ÛŒÙ‚
     got: ??????? ???????
 ; [cca2=MZ].translations.zho.common
Expected: èŽ«æ¡‘æ¯”å…‹
     got: ????
 ; [cca2=MZ].translations.zho.official
Expected: èŽ«æ¡‘æ¯”å…‹å…±å’Œå›½
     got: ???????
 ; [cca2=NA].altSpellings[]
Expected: NamibiÃ«
     but none found
 ; [cca2=NA].altSpellings[]
Unexpected: Namibië
 ; [cca2=NA].flag
Expected: ðŸ‡³ðŸ‡¦
     got: ??
 ; [cca2=NA].name.nativeName.afr.common
Expected: NamibiÃ«
     got: Namibië
 ; [cca2=NA].name.nativeName.afr.official
Expected: Republiek van NamibiÃ«
     got: Republiek van Namibië
 ; [cca2=NA].translations.ara.common
Expected: Ù†Ø§Ù…ÙŠØ¨ÙŠØ§
     got: ???????
 ; [cca2=NA].translations.ara.official
Expected: Ø¬Ù…Ù‡ÙˆØ±ÙŠØ© Ù†Ø§Ù…ÙŠØ¨ÙŠØ§
     got: ??????? ???????
 ; [cca2=NA].translations.ces.official
Expected: NamibijskÃ¡ republika
     got: Namibijská republika
 ; [cca2=NA].translations.fra.official
Expected: RÃ©publique de Namibie
     got: République de Namibie
 ; [cca2=NA].translations.hun.common
Expected: NamÃ­bia
     got: Namíbia
 ; [cca2=NA].translations.hun.official
Expected: NamÃ­biai KÃ¶ztÃ¡rsasÃ¡g
     got: Namíbiai Köztársaság
 ; [cca2=NA].translations.jpn.common
Expected: ãƒŠãƒŸãƒ“ã‚¢
     got: ????
 ; [cca2=NA].translations.jpn.official
Expected: ãƒŠãƒŸãƒ“ã‚¢å…±å’Œå›½
     got: ???????
 ; [cca2=NA].translations.kor.common
Expected: ë‚˜ë¯¸ë¹„ì•„
     got: ????
 ; [cca2=NA].translations.kor.official
Expected: ë‚˜ë¯¸ë¹„ì•„ ê³µí™”êµ­
     got: ???? ???
 ; [cca2=NA].translations.nld.common
Expected: NamibiÃ«
     got: Namibië
 ; [cca2=NA].translations.nld.official
Expected: Republiek NamibiÃ«
     got: Republiek Namibië
 ; [cca2=NA].translations.per.common
Expected: Ù†Ø§Ù…ÛŒØ¨ÛŒØ§
     got: ???????
 ; [cca2=NA].translations.per.official
Expected: Ø¬Ù…Ù‡ÙˆØ±ÛŒ Ù†Ø§Ù…ÛŒØ¨ÛŒØ§
     got: ?????? ???????
 ; [cca2=NA].translations.por.common
Expected: NamÃ­bia
     got: Namíbia
 ; [cca2=NA].translations.por.official
Expected: RepÃºblica da NamÃ­bia
     got: República da Namíbia
 ; [cca2=NA].translations.rus.common
Expected: Ð?Ð°Ð¼Ð¸Ð±Ð¸Ñ?
     got: ???????
 ; [cca2=NA].translations.rus.official
Expected: Ð ÐµÑ?Ð¿ÑƒÐ±Ð»Ð¸ÐºÐ° Ð?Ð°Ð¼Ð¸Ð±Ð¸Ñ?
     got: ?????????? ???????
 ; [cca2=NA].translations.slk.common
Expected: NamÃ­bia
     got: Namíbia
 ; [cca2=NA].translations.slk.official
Expected: NamÃ­bijskÃ¡ republika
     got: Namíbijská republika
 ; [cca2=NA].translations.spa.official
Expected: RepÃºblica de Namibia
     got: República de Namibia
 ; [cca2=NA].translations.srp.common
Expected: Ð?Ð°Ð¼Ð¸Ð±Ð¸Ñ˜Ð°
     got: ????????
 ; [cca2=NA].translations.srp.official
Expected: Ð ÐµÐ¿ÑƒÐ±Ð»Ð¸ÐºÐ° Ð?Ð°Ð¼Ð¸Ð±Ð¸Ñ˜Ð°
     got: ????????? ????????
 ; [cca2=NA].translations.urd.common
Expected: Ù†Ù…ÛŒØ¨ÛŒØ§
     got: ??????
 ; [cca2=NA].translations.urd.official
Expected: Ø¬Ù…Û?ÙˆØ±ÛŒÛ? Ù†Ù…ÛŒØ¨ÛŒØ§
     got: ??????? ??????
 ; [cca2=NA].translations.zho.common
Expected: çº³ç±³æ¯”äºš
     got: ????
 ; [cca2=NA].translations.zho.official
Expected: çº³ç±³æ¯”äºšå…±å’Œå›½
     got: ???????
 ; [cca2=NC].capital[]
Expected: NoumÃ©a
     but none found
 ; [cca2=NC].capital[]
Unexpected: Nouméa
 ; [cca2=NC].currencies.XPF.symbol
Expected: â‚£
     got: ?
 ; [cca2=NC].demonyms.fra.f
Expected: NÃ©o-CalÃ©donienne
     got: Néo-Calédonienne
 ; [cca2=NC].demonyms.fra.m
Expected: NÃ©o-CalÃ©donien
     got: Néo-Calédonien
 ; [cca2=NC].flag
Expected: ðŸ‡³ðŸ‡¨
     got: ??
 ; [cca2=NC].name.nativeName.fra.common
Expected: Nouvelle-CalÃ©donie
     got: Nouvelle-Calédonie
 ; [cca2=NC].name.nativeName.fra.official
Expected: Nouvelle-CalÃ©donie
     got: Nouvelle-Calédonie
 ; [cca2=NC].translations.ara.common
Expected: ÙƒØ§Ù„ÙŠØ¯ÙˆÙ†ÙŠØ§ Ø§Ù„Ø¬Ø¯ÙŠØ¯Ø©
     got: ????????? ???????
 ; [cca2=NC].translations.ara.official
Expected: ÙƒØ§Ù„ÙŠØ¯ÙˆÙ†ÙŠØ§ Ø§Ù„Ø¬Ø¯ÙŠØ¯Ø©
     got: ????????? ???????
 ; [cca2=NC].translations.ces.common
Expected: NovÃ¡ Kaledonie
     got: Nová Kaledonie
 ; [cca2=NC].translations.ces.official
Expected: NovÃ¡ Kaledonie
     got: Nová Kaledonie
 ; [cca2=NC].translations.fra.common
Expected: Nouvelle-CalÃ©donie
     got: Nouvelle-Calédonie
 ; [cca2=NC].translations.fra.official
Expected: Nouvelle-CalÃ©donie
     got: Nouvelle-Calédonie
 ; [cca2=NC].translations.hun.common
Expected: Ãšj-KaledÃ³nia
     got: Új-Kaledónia
 ; [cca2=NC].translations.hun.official
Expected: Ãšj-KaledÃ³nia
     got: Új-Kaledónia
 ; [cca2=NC].translations.jpn.common
Expected: ãƒ‹ãƒ¥ãƒ¼ã‚«ãƒ¬ãƒ‰ãƒ‹ã‚¢
     got: ????????
 ; [cca2=NC].translations.jpn.official
Expected: ãƒ‹ãƒ¥ãƒ¼ã‚«ãƒ¬ãƒ‰ãƒ‹ã‚¢
     got: ????????
 ; [cca2=NC].translations.kor.common
Expected: ëˆ„ë²¨ì¹¼ë ˆë?„ë‹ˆ
     got: ??????
 ; [cca2=NC].translations.kor.official
Expected: ëˆ„ë²¨ì¹¼ë ˆë?„ë‹ˆ
     got: ??????
 ; [cca2=NC].translations.nld.common
Expected: Nieuw-CaledoniÃ«
     got: Nieuw-Caledonië
 ; [cca2=NC].translations.nld.official
Expected: nieuw -CaledoniÃ«
     got: nieuw -Caledonië
 ; [cca2=NC].translations.per.common
Expected: Ú©Ø§Ù„Ø¯ÙˆÙ†ÛŒØ§ÛŒ Ø¬Ø¯ÛŒØ¯
     got: ????????? ????
 ; [cca2=NC].translations.per.official
Expected: Ú©Ø§Ù„Ø¯ÙˆÙ†ÛŒØ§ÛŒ Ø¬Ø¯ÛŒØ¯
     got: ????????? ????
 ; [cca2=NC].translations.por.common
Expected: Nova CaledÃ³nia
     got: Nova Caledónia
 ; [cca2=NC].translations.rus.common
Expected: Ð?Ð¾Ð²Ð°Ñ? ÐšÐ°Ð»ÐµÐ´Ð¾Ð½Ð¸Ñ?
     got: ????? ?????????
 ; [cca2=NC].translations.rus.official
Expected: Ð?Ð¾Ð²Ð°Ñ? ÐšÐ°Ð»ÐµÐ´Ð¾Ð½Ð¸Ñ?
     got: ????? ?????????
 ; [cca2=NC].translations.slk.common
Expected: NovÃ¡ KaledÃ³nia
     got: Nová Kaledónia
 ; [cca2=NC].translations.slk.official
Expected: NovÃ¡ KaledÃ³nia
     got: Nová Kaledónia
 ; [cca2=NC].translations.srp.common
Expected: Ð?Ð¾Ð²Ð° ÐšÐ°Ð»ÐµÐ´Ð¾Ð½Ð¸Ñ˜Ð°
     got: ???? ??????????
 ; [cca2=NC].translations.srp.official
Expected: Ð?Ð¾Ð²Ð° ÐšÐ°Ð»ÐµÐ´Ð¾Ð½Ð¸Ñ˜Ð°
     got: ???? ??????????
 ; [cca2=NC].translations.urd.common
Expected: Ù†ÛŒÙˆ Ú©ÛŒÙ„ÛŒÚˆÙˆÙ†ÛŒØ§
     got: ??? ?????????
 ; [cca2=NC].translations.urd.official
Expected: Ù†ÛŒÙˆ Ú©ÛŒÙ„ÛŒÚˆÙˆÙ†ÛŒØ§
     got: ??? ?????????
 ; [cca2=NC].translations.zho.common
Expected: æ–°å–€é‡Œå¤šå°¼äºš
     got: ??????
 ; [cca2=NC].translations.zho.official
Expected: æ–°å–€é‡Œå¤šå°¼äºš
     got: ??????
 ; [cca2=NE].demonyms.fra.f
Expected: NigÃ©rienne
     got: Nigérienne
 ; [cca2=NE].demonyms.fra.m
Expected: NigÃ©rien
     got: Nigérien
 ; [cca2=NE].flag
Expected: ðŸ‡³ðŸ‡ª
     got: ??
 ; [cca2=NE].name.nativeName.fra.official
Expected: RÃ©publique du Niger
     got: République du Niger
 ; [cca2=NE].translations.ara.common
Expected: Ø§Ù„Ù†ÙŠØ¬Ø±
     got: ??????
 ; [cca2=NE].translations.ara.official
Expected: Ø¬Ù…Ù‡ÙˆØ±ÙŠØ© Ø§Ù„Ù†ÙŠØ¬Ø±
     got: ??????? ??????
 ; [cca2=NE].translations.ces.official
Expected: NigerskÃ¡ republika
     got: Nigerská republika
 ; [cca2=NE].translations.fra.official
Expected: RÃ©publique du Niger
     got: République du Niger
 ; [cca2=NE].translations.hun.official
Expected: Nigeri KÃ¶ztÃ¡rsasÃ¡g
     got: Nigeri Köztársaság
 ; [cca2=NE].translations.jpn.common
Expected: ãƒ‹ã‚¸ã‚§ãƒ¼ãƒ«
     got: ?????
 ; [cca2=NE].translations.jpn.official
Expected: ãƒ‹ã‚¸ã‚§ãƒ¼ãƒ«å…±å’Œå›½
     got: ????????
 ; [cca2=NE].translations.kor.common
Expected: ë‹ˆì œë¥´
     got: ???
 ; [cca2=NE].translations.kor.official
Expected: ë‹ˆì œë¥´ ê³µí™”êµ­
     got: ??? ???
 ; [cca2=NE].translations.per.common
Expected: Ù†ÛŒØ¬Ø±
     got: ????
 ; [cca2=NE].translations.per.official
Expected: Ø¬Ù…Ù‡ÙˆØ±ÛŒ Ù†ÛŒØ¬Ø±
     got: ?????? ????
 ; [cca2=NE].translations.por.common
Expected: NÃ­ger
     got: Níger
 ; [cca2=NE].translations.por.official
Expected: RepÃºblica do NÃ­ger
     got: República do Níger
 ; [cca2=NE].translations.rus.common
Expected: Ð?Ð¸Ð³ÐµÑ€
     got: ?????
 ; [cca2=NE].translations.rus.official
Expected: Ð ÐµÑ?Ð¿ÑƒÐ±Ð»Ð¸ÐºÐ° Ð?Ð¸Ð³ÐµÑ€
     got: ?????????? ?????
 ; [cca2=NE].translations.slk.official
Expected: NigÃ©rskÃ¡ republika
     got: Nigérská republika
 ; [cca2=NE].translations.spa.common
Expected: NÃ­ger
     got: Níger
 ; [cca2=NE].translations.spa.official
Expected: RepÃºblica de NÃ­ger
     got: República de Níger
 ; [cca2=NE].translations.srp.common
Expected: Ð?Ð¸Ð³ÐµÑ€
     got: ?????
 ; [cca2=NE].translations.srp.official
Expected: Ð ÐµÐ¿ÑƒÐ±Ð»Ð¸ÐºÐ° Ð?Ð¸Ð³ÐµÑ€
     got: ????????? ?????
 ; [cca2=NE].translations.urd.common
Expected: Ù†Ø§Ø¦Ø¬Ø±
     got: ?????
 ; [cca2=NE].translations.urd.official
Expected: Ø¬Ù…Û?ÙˆØ±ÛŒÛ? Ù†Ø§Ø¦Ø¬Ø±
     got: ??????? ?????
 ; [cca2=NE].translations.zho.common
Expected: å°¼æ—¥å°”
     got: ???
 ; [cca2=NE].translations.zho.official
Expected: å°¼æ—¥å°”å…±å’Œå›½
     got: ??????
 ; [cca2=NF].flag
Expected: ðŸ‡³ðŸ‡«
     got: ??
 ; [cca2=NF].translations.ara.common
Expected: Ø¬Ø²ÙŠØ±Ø© Ù†ÙˆØ±Ù?ÙˆÙ„Ùƒ
     got: ????? ???????
 ; [cca2=NF].translations.ara.official
Expected: Ø¥Ù‚Ù„ÙŠÙ… Ø¬Ø²ÙŠØ±Ø© Ù†ÙˆØ±Ù?ÙˆÙ„Ùƒ
     got: ????? ????? ???????
 ; [cca2=NF].translations.fra.common
Expected: ÃŽle Norfolk
     got: Île Norfolk
 ; [cca2=NF].translations.fra.official
Expected: Territoire de l&#039;Ã®le Norfolk
     got: Territoire de l&#039;île Norfolk
 ; [cca2=NF].translations.jpn.common
Expected: ãƒŽãƒ¼ãƒ•ã‚©ãƒ¼ã‚¯å³¶
     got: ???????
 ; [cca2=NF].translations.jpn.official
Expected: ãƒŽãƒ¼ãƒ•ã‚©ãƒ¼ã‚¯å³¶ã?®é ˜åœŸ
     got: ??????????
 ; [cca2=NF].translations.kor.common
Expected: ë…¸í?½ ì„¬
     got: ?? ?
 ; [cca2=NF].translations.kor.official
Expected: ë…¸í?½ ì„¬
     got: ?? ?
 ; [cca2=NF].translations.per.common
Expected: Ø¬Ø²ÛŒØ±Ù‡ Ù†ÙˆØ±Ù?Ú©
     got: ????? ?????
 ; [cca2=NF].translations.per.official
Expected: Ù‚Ù„Ù…Ø±Ùˆ Ø¬Ø²Ø§ÛŒØ± Ù†ÙˆØ±Ù?Ú©
     got: ????? ????? ?????
 ; [cca2=NF].translations.por.official
Expected: TerritÃ³rio da Ilha Norfolk
     got: Território da Ilha Norfolk
 ; [cca2=NF].translations.rus.common
Expected: Ð?Ð¾Ñ€Ñ„Ð¾Ð»Ðº
     got: ???????
 ; [cca2=NF].translations.rus.official
Expected: Ð¢ÐµÑ€Ñ€Ð¸Ñ‚Ð¾Ñ€Ð¸Ñ? Ð¾Ñ?Ñ‚Ñ€Ð¾Ð²Ð° Ð?Ð¾Ñ€Ñ„Ð¾Ð»Ðº
     got: ?????????? ??????? ???????
 ; [cca2=NF].translations.slk.official
Expected: TeritÃ³rium ostrova Norfolk
     got: Teritórium ostrova Norfolk
 ; [cca2=NF].translations.srp.common
Expected: Ð?Ð¾Ñ€Ñ„Ð¾Ðº
     got: ??????
 ; [cca2=NF].translations.srp.official
Expected: Ð¢ÐµÑ€Ð¸Ñ‚Ð¾Ñ€Ð¸Ñ˜Ð° ÐžÑ?Ñ‚Ñ€Ð²Ð° Ð?Ð¾Ñ€Ñ„Ð¾Ðº
     got: ?????????? ?????? ??????
 ; [cca2=NF].translations.swe.common
Expected: NorfolkÃ¶n
     got: Norfolkön
 ; [cca2=NF].translations.swe.official
Expected: NorfolkÃ¶n
     got: Norfolkön
 ; [cca2=NF].translations.tur.common
Expected: Norfolk AdasÄ±
     got: Norfolk Adas?
 ; [cca2=NF].translations.tur.official
Expected: Norfolk AdasÄ±
     got: Norfolk Adas?
 ; [cca2=NF].translations.urd.common
Expected: Ø¬Ø²ÛŒØ±Û? Ù†ÙˆØ±Ù?Ú©
     got: ????? ?????
 ; [cca2=NF].translations.urd.official
Expected: Ø¬Ø²ÛŒØ±Û? Ù†ÙˆØ±Ù?Ú© Ø®Ø·Û?
     got: ????? ????? ???
 ; [cca2=NF].translations.zho.common
Expected: è¯ºç¦?å…‹å²›
     got: ????
 ; [cca2=NF].translations.zho.official
Expected: è¯ºç¦?å…‹å²›
     got: ????
 ; [cca2=NG].altSpellings[]
Expected: NaÃ­jÃ­rÃ­Ã 
     but none found
 ; [cca2=NG].altSpellings[]
Unexpected: Naíjíríà
 ; [cca2=NG].currencies.NGN.symbol
Expected: â‚¦
     got: ?
 ; [cca2=NG].demonyms.fra.f
Expected: NigÃ©riane
     got: Nigériane
 ; [cca2=NG].demonyms.fra.m
Expected: NigÃ©rian
     got: Nigérian
 ; [cca2=NG].flag
Expected: ðŸ‡³ðŸ‡¬
     got: ??
 ; [cca2=NG].translations.ara.common
Expected: Ù†ÙŠØ¬ÙŠØ±ÙŠØ§
     got: ???????
 ; [cca2=NG].translations.ara.official
Expected: Ø¬Ù…Ù‡ÙˆØ±ÙŠØ© Ù†ÙŠØ¬ÙŠØ±ÙŠØ§ Ø§Ù„Ø§ØªØ­Ø§Ø¯ÙŠØ©
     got: ??????? ??????? ?????????
 ; [cca2=NG].translations.ces.common
Expected: NigÃ©rie
     got: Nigérie
 ; [cca2=NG].translations.ces.official
Expected: NigerijskÃ¡ federativnÃ­ republika
     got: Nigerijská federativní republika
 ; [cca2=NG].translations.fra.common
Expected: NigÃ©ria
     got: Nigéria
 ; [cca2=NG].translations.fra.official
Expected: RÃ©publique fÃ©dÃ©rale du Nigeria
     got: République fédérale du Nigeria
 ; [cca2=NG].translations.hun.common
Expected: NigÃ©ria
     got: Nigéria
 ; [cca2=NG].translations.hun.official
Expected: NigÃ©ria
     got: Nigéria
 ; [cca2=NG].translations.jpn.common
Expected: ãƒŠã‚¤ã‚¸ã‚§ãƒªã‚¢
     got: ??????
 ; [cca2=NG].translations.jpn.official
Expected: ãƒŠã‚¤ã‚¸ã‚§ãƒªã‚¢é€£é‚¦å…±å’Œå›½
     got: ???????????
 ; [cca2=NG].translations.kor.common
Expected: ë‚˜ì?´ì§€ë¦¬ì•„
     got: ?????
 ; [cca2=NG].translations.kor.official
Expected: ë‚˜ì?´ì§€ë¦¬ì•„ ì—°ë°© ê³µí™”êµ­
     got: ????? ?? ???
 ; [cca2=NG].translations.per.common
Expected: Ù†ÛŒØ¬Ø±ÛŒÙ‡
     got: ??????
 ; [cca2=NG].translations.per.official
Expected: Ø¬Ù…Ù‡ÙˆØ±ÛŒ Ù?Ø¯Ø±Ø§Ù„ Ù†ÛŒØ¬Ø±ÛŒÙ‡
     got: ?????? ????? ??????
 ; [cca2=NG].translations.por.common
Expected: NigÃ©ria
     got: Nigéria
 ; [cca2=NG].translations.por.official
Expected: RepÃºblica Federal da NigÃ©ria
     got: República Federal da Nigéria
 ; [cca2=NG].translations.rus.common
Expected: Ð?Ð¸Ð³ÐµÑ€Ð¸Ñ?
     got: ???????
 ; [cca2=NG].translations.rus.official
Expected: Ð¤ÐµÐ´ÐµÑ€Ð°Ñ‚Ð¸Ð²Ð½Ð°Ñ? Ð ÐµÑ?Ð¿ÑƒÐ±Ð»Ð¸ÐºÐ° Ð?Ð¸Ð³ÐµÑ€Ð¸Ñ?
     got: ???????????? ?????????? ???????
 ; [cca2=NG].translations.slk.common
Expected: NigÃ©ria
     got: Nigéria
 ; [cca2=NG].translations.slk.official
Expected: NigÃ©rijskÃ¡ federatÃ­vna republika
     got: Nigérijská federatívna republika
 ; [cca2=NG].translations.spa.official
Expected: RepÃºblica Federal de Nigeria
     got: República Federal de Nigeria
 ; [cca2=NG].translations.srp.common
Expected: Ð?Ð¸Ð³ÐµÑ€Ð¸Ñ˜Ð° 
     got: ???????? 
 ; [cca2=NG].translations.srp.official
Expected: Ð¡Ð°Ð²ÐµÐ·Ð½Ð° Ð ÐµÐ¿ÑƒÐ±Ð»Ð¸ÐºÐ° Ð?Ð¸Ð³ÐµÑ€Ð¸Ñ˜Ð°
     got: ??????? ????????? ????????
 ; [cca2=NG].translations.swe.official
Expected: FÃ¶rbundsrepubliken Nigeria
     got: Förbundsrepubliken Nigeria
 ; [cca2=NG].translations.urd.common
Expected: Ù†Ø§Ø¦Ø¬ÛŒØ±ÛŒØ§
     got: ????????
 ; [cca2=NG].translations.urd.official
Expected: ÙˆÙ?Ø§Ù‚ÛŒ Ø¬Ù…Û?ÙˆØ±ÛŒÛ? Ù†Ø§Ø¦Ø¬ÛŒØ±ÛŒØ§
     got: ????? ??????? ????????
 ; [cca2=NG].translations.zho.common
Expected: å°¼æ—¥åˆ©äºš
     got: ????
 ; [cca2=NG].translations.zho.official
Expected: å°¼æ—¥åˆ©äºšè?”é‚¦å…±å’Œå›½
     got: ?????????
 ; [cca2=NI].altSpellings[]
Expected: RepÃºblica de Nicaragua
     but none found
 ; [cca2=NI].altSpellings[]
Unexpected: República de Nicaragua
 ; [cca2=NI].currencies.NIO.name
Expected: Nicaraguan cÃ³rdoba
     got: Nicaraguan córdoba
 ; [cca2=NI].flag
Expected: ðŸ‡³ðŸ‡®
     got: ??
 ; [cca2=NI].name.nativeName.spa.official
Expected: RepÃºblica de Nicaragua
     got: República de Nicaragua
 ; [cca2=NI].translations.ara.common
Expected: Ù†ÙŠÙƒØ§Ø±Ø§ØºÙˆØ§
     got: ?????????
 ; [cca2=NI].translations.ara.official
Expected: Ø¬Ù…Ù‡ÙˆØ±ÙŠØ© Ù†ÙŠÙƒØ§Ø±Ø§ØºÙˆØ§
     got: ??????? ?????????
 ; [cca2=NI].translations.fra.official
Expected: RÃ©publique du Nicaragua
     got: République du Nicaragua
 ; [cca2=NI].translations.hun.official
Expected: Nicaraguai KÃ¶ztÃ¡rsasÃ¡g
     got: Nicaraguai Köztársaság
 ; [cca2=NI].translations.jpn.common
Expected: ãƒ‹ã‚«ãƒ©ã‚°ã‚¢
     got: ?????
 ; [cca2=NI].translations.jpn.official
Expected: ãƒ‹ã‚«ãƒ©ã‚°ã‚¢å…±å’Œå›½
     got: ????????
 ; [cca2=NI].translations.kor.common
Expected: ë‹ˆì¹´ë?¼ê³¼
     got: ????
 ; [cca2=NI].translations.kor.official
Expected: ë‹ˆì¹´ë?¼ê³¼ ê³µí™”êµ­
     got: ???? ???
 ; [cca2=NI].translations.per.common
Expected: Ù†ÛŒÚ©Ø§Ø±Ø§Ú¯ÙˆØ¦Ù‡
     got: ??????????
 ; [cca2=NI].translations.per.official
Expected: Ø¬Ù…Ù‡ÙˆØ±ÛŒ Ù†ÛŒÚ©Ø§Ø±Ø§Ú¯ÙˆØ¦Ù‡
     got: ?????? ??????????
 ; [cca2=NI].translations.por.common
Expected: NicarÃ¡gua
     got: Nicarágua
 ; [cca2=NI].translations.por.official
Expected: RepÃºblica da NicarÃ¡gua
     got: República da Nicarágua
 ; [cca2=NI].translations.rus.common
Expected: Ð?Ð¸ÐºÐ°Ñ€Ð°Ð³ÑƒÐ°
     got: ?????????
 ; [cca2=NI].translations.rus.official
Expected: Ð ÐµÑ?Ð¿ÑƒÐ±Ð»Ð¸ÐºÐ° Ð?Ð¸ÐºÐ°Ñ€Ð°Ð³ÑƒÐ°
     got: ?????????? ?????????
 ; [cca2=NI].translations.slk.official
Expected: NikaragujskÃ¡ republika
     got: Nikaragujská republika
 ; [cca2=NI].translations.spa.official
Expected: RepÃºblica de Nicaragua
     got: República de Nicaragua
 ; [cca2=NI].translations.srp.common
Expected: Ð?Ð¸ÐºÐ°Ñ€Ð°Ð³Ð²Ð°
     got: ?????????
 ; [cca2=NI].translations.srp.official
Expected: Ð ÐµÐ¿ÑƒÐ±Ð»Ð¸ÐºÐ° Ð?Ð¸ÐºÐ°Ñ€Ð°Ð³Ð²Ð°
     got: ????????? ?????????
 ; [cca2=NI].translations.urd.common
Expected: Ù†Ú©Ø§Ø±Ø§Ú¯ÙˆØ§
     got: ????????
 ; [cca2=NI].translations.urd.official
Expected: Ø¬Ù…Û?ÙˆØ±ÛŒÛ? Ù†Ú©Ø§Ø±Ø§Ú¯ÙˆØ§
     got: ??????? ????????
 ; [cca2=NI].translations.zho.common
Expected: å°¼åŠ æ‹‰ç“œ
     got: ????
 ; [cca2=NI].translations.zho.official
Expected: å°¼åŠ æ‹‰ç“œå…±å’Œå›½
     got: ???????
 ; [cca2=NL].currencies.EUR.symbol
Expected: â‚¬
     got: €
 ; [cca2=NL].demonyms.fra.f
Expected: NÃ©erlandaise
     got: Néerlandaise
 ; [cca2=NL].demonyms.fra.m
Expected: NÃ©erlandais
     got: Néerlandais
 ; [cca2=NL].flag
Expected: ðŸ‡³ðŸ‡±
     got: ??
 ; [cca2=NL].translations.ara.common
Expected: Ù‡ÙˆÙ„Ù†Ø¯Ø§
     got: ??????
 ; [cca2=NL].translations.ara.official
Expected: Ù…Ù…Ù„ÙƒØ© Ù‡ÙˆÙ„Ù†Ø¯Ø§
     got: ????? ??????
 ; [cca2=NL].translations.bre.common
Expected: IzelvroioÃ¹
     got: Izelvroioù
 ; [cca2=NL].translations.bre.official
Expected: Rouantelezh an IzelvroioÃ¹
     got: Rouantelezh an Izelvroioù
 ; [cca2=NL].translations.ces.official
Expected: NizozemskÃ© krÃ¡lovstvÃ­
     got: Nizozemské království
 ; [cca2=NL].translations.hun.official
Expected: Holland KirÃ¡lysÃ¡g
     got: Holland Királyság
 ; [cca2=NL].translations.jpn.common
Expected: ã‚ªãƒ©ãƒ³ãƒ€
     got: ????
 ; [cca2=NL].translations.jpn.official
Expected: ã‚ªãƒ©ãƒ³ãƒ€
     got: ????
 ; [cca2=NL].translations.kor.common
Expected: ë„¤ë?œëž€ë“œ
     got: ????
 ; [cca2=NL].translations.kor.official
Expected: ë„¤ë?œëž€ë“œ ì™•êµ­
     got: ???? ??
 ; [cca2=NL].translations.per.common
Expected: Ù‡Ù„Ù†Ø¯
     got: ????
 ; [cca2=NL].translations.per.official
Expected: Ù‡Ù„Ù†Ø¯
     got: ????
 ; [cca2=NL].translations.pol.official
Expected: KrÃ³lestwo NiderlandÃ³w
     got: Królestwo Niderlandów
 ; [cca2=NL].translations.rus.common
Expected: Ð?Ð¸Ð´ÐµÑ€Ð»Ð°Ð½Ð´Ñ‹
     got: ??????????
 ; [cca2=NL].translations.rus.official
Expected: Ð?Ð¸Ð´ÐµÑ€Ð»Ð°Ð½Ð´Ñ‹
     got: ??????????
 ; [cca2=NL].translations.slk.official
Expected: HolandskÃ© krÃ¡Ä¾ovstvo
     got: Holandské krá?ovstvo
 ; [cca2=NL].translations.spa.common
Expected: PaÃ­ses Bajos
     got: Países Bajos
 ; [cca2=NL].translations.spa.official
Expected: PaÃ­ses Bajos
     got: Países Bajos
 ; [cca2=NL].translations.srp.common
Expected: Ð¥Ð¾Ð»Ð°Ð½Ð´Ð¸Ñ˜Ð°
     got: ?????????
 ; [cca2=NL].translations.srp.official
Expected: ÐšÑ€Ð°Ñ™ÐµÐ²Ð¸Ð½Ð° Ð¥Ð¾Ð»Ð°Ð½Ð´Ð¸Ñ˜Ð°
     got: ????????? ?????????
 ; [cca2=NL].translations.swe.common
Expected: NederlÃ¤nderna
     got: Nederländerna
 ; [cca2=NL].translations.swe.official
Expected: NederlÃ¤nderna
     got: Nederländerna
 ; [cca2=NL].translations.urd.common
Expected: Ù†ÛŒØ¯Ø±Ù„ÛŒÙ†ÚˆØ²
     got: ?????????
 ; [cca2=NL].translations.urd.official
Expected: Ù…Ù…Ù„Ú©ØªÙ? Ù†ÛŒØ¯Ø±Ù„ÛŒÙ†ÚˆØ²
     got: ?????? ?????????
 ; [cca2=NL].translations.zho.common
Expected: è?·å…°
     got: ??
 ; [cca2=NL].translations.zho.official
Expected: è?·å…°
     got: ??
 ; [cca2=NO].demonyms.fra.f
Expected: NorvÃ©gienne
     got: Norvégienne
 ; [cca2=NO].demonyms.fra.m
Expected: NorvÃ©gien
     got: Norvégien
 ; [cca2=NO].flag
Expected: ðŸ‡³ðŸ‡´
     got: ??
 ; [cca2=NO].languages.nob
Expected: Norwegian BokmÃ¥l
     got: Norwegian Bokmål
 ; [cca2=NO].translations.ara.common
Expected: Ø§Ù„Ù†Ø±ÙˆÙŠØ¬
     got: ???????
 ; [cca2=NO].translations.ara.official
Expected: Ù…Ù…Ù„ÙƒØ© Ø§Ù„Ù†Ø±ÙˆÙŠØ¬
     got: ????? ???????
 ; [cca2=NO].translations.ces.official
Expected: NorskÃ© krÃ¡lovstvÃ­
     got: Norské království
 ; [cca2=NO].translations.deu.official
Expected: KÃ¶nigreich Norwegen
     got: Königreich Norwegen
 ; [cca2=NO].translations.fra.common
Expected: NorvÃ¨ge
     got: Norvège
 ; [cca2=NO].translations.fra.official
Expected: Royaume de NorvÃ¨ge
     got: Royaume de Norvège
 ; [cca2=NO].translations.hrv.common
Expected: NorveÅ¡ka
     got: Norveška
 ; [cca2=NO].translations.hrv.official
Expected: Kraljevina NorveÅ¡ka
     got: Kraljevina Norveška
 ; [cca2=NO].translations.hun.common
Expected: NorvÃ©gia
     got: Norvégia
 ; [cca2=NO].translations.hun.official
Expected: NorvÃ©g KirÃ¡lysÃ¡g
     got: Norvég Királyság
 ; [cca2=NO].translations.jpn.common
Expected: ãƒŽãƒ«ã‚¦ã‚§ãƒ¼
     got: ?????
 ; [cca2=NO].translations.jpn.official
Expected: ãƒŽãƒ«ã‚¦ã‚§ãƒ¼çŽ‹å›½
     got: ???????
 ; [cca2=NO].translations.kor.common
Expected: ë…¸ë¥´ì›¨ì?´
     got: ????
 ; [cca2=NO].translations.kor.official
Expected: ë…¸ë¥´ì›¨ì?´ ì™•êµ­
     got: ???? ??
 ; [cca2=NO].translations.per.common
Expected: Ù†Ø±ÙˆÚ˜
     got: ????
 ; [cca2=NO].translations.per.official
Expected: Ù¾Ø§Ø¯Ø´Ø§Ù‡ÛŒ Ù†Ø±ÙˆÚ˜
     got: ??????? ????
 ; [cca2=NO].translations.pol.official
Expected: KrÃ³lestwo Norwegii
     got: Królestwo Norwegii
 ; [cca2=NO].translations.rus.common
Expected: Ð?Ð¾Ñ€Ð²ÐµÐ³Ð¸Ñ?
     got: ????????
 ; [cca2=NO].translations.rus.official
Expected: ÐšÐ¾Ñ€Ð¾Ð»ÐµÐ²Ñ?Ñ‚Ð²Ð¾ Ð?Ð¾Ñ€Ð²ÐµÐ³Ð¸Ñ?
     got: ??????????? ????????
 ; [cca2=NO].translations.slk.common
Expected: NÃ³rsko
     got: Nórsko
 ; [cca2=NO].translations.slk.official
Expected: NÃ³rske krÃ¡Ä¾ovstvo
     got: Nórske krá?ovstvo
 ; [cca2=NO].translations.srp.common
Expected: Ð?Ð¾Ñ€Ð²ÐµÑˆÐºÐ°
     got: ????????
 ; [cca2=NO].translations.srp.official
Expected: ÐšÑ€Ð°Ñ™ÐµÐ²Ð¸Ð½Ð° Ð?Ð¾Ñ€Ð²ÐµÑˆÐºÐ°
     got: ????????? ????????
 ; [cca2=NO].translations.tur.common
Expected: NorveÃ§
     got: Norveç
 ; [cca2=NO].translations.tur.official
Expected: NorveÃ§ KrallÄ±ÄŸÄ±
     got: Norveç Krall???
 ; [cca2=NO].translations.urd.common
Expected: Ù†Ø§Ø±ÙˆÛ’
     got: ?????
 ; [cca2=NO].translations.urd.official
Expected: Ù…Ù…Ù„Ú©ØªÙ? Ù†Ø§Ø±ÙˆÛ’
     got: ?????? ?????
 ; [cca2=NO].translations.zho.common
Expected: æŒªå¨?
     got: ??
 ; [cca2=NO].translations.zho.official
Expected: æŒªå¨?çŽ‹å›½
     got: ????
 ; [cca2=NP].altSpellings[]
Expected: LoktÄ?ntrik Ganatantra NepÄ?l
     but none found
 ; [cca2=NP].altSpellings[]
Unexpected: Lokt?ntrik Ganatantra Nep?l
 ; [cca2=NP].currencies.NPR.symbol
Expected: â‚¨
     got: ?
 ; [cca2=NP].demonyms.fra.f
Expected: NÃ©palaise
     got: Népalaise
 ; [cca2=NP].demonyms.fra.m
Expected: NÃ©palais
     got: Népalais
 ; [cca2=NP].flag
Expected: ðŸ‡³ðŸ‡µ
     got: ??
 ; [cca2=NP].name.nativeName.nep.common
Expected: à¤¨à¥‡à¤ªà¤¾à¤²
     got: ?????
 ; [cca2=NP].name.nativeName.nep.official
Expected: à¤¨à¥‡à¤ªà¤¾à¤² à¤¸à¤‚à¤˜à¥€à¤¯ à¤²à¥‹à¤•à¤¤à¤¾à¤¨à¥?à¤¤à¥?à¤°à¤¿à¤• à¤—à¤£à¤¤à¤¨à¥?à¤¤à¥?à¤°
     got: ????? ????? ???????????? ????????
 ; [cca2=NP].translations.ara.common
Expected: Ù†ÙŠØ¨Ø§Ù„
     got: ?????
 ; [cca2=NP].translations.ara.official
Expected: Ø¬Ù…Ù‡ÙˆØ±ÙŠØ© Ù†ÙŠØ¨Ø§Ù„ Ø§Ù„Ø¯ÙŠÙ…Ù‚Ø±Ø§Ø·ÙŠØ© Ø§Ù„Ø§ØªØ­Ø§Ø¯ÙŠØ©
     got: ??????? ????? ??????????? ?????????
 ; [cca2=NP].translations.ces.common
Expected: NepÃ¡l
     got: Nepál
 ; [cca2=NP].translations.ces.official
Expected: FederativnÃ­ demokratickÃ¡ republika NepÃ¡l
     got: Federativní demokratická republika Nepál
 ; [cca2=NP].translations.fra.common
Expected: NÃ©pal
     got: Népal
 ; [cca2=NP].translations.fra.official
Expected: RÃ©publique du NÃ©pal
     got: République du Népal
 ; [cca2=NP].translations.hun.common
Expected: NepÃ¡l
     got: Nepál
 ; [cca2=NP].translations.hun.official
Expected: NepÃ¡li SzÃ¶vetsÃ©gi Demokratikus KÃ¶ztÃ¡rsasÃ¡g
     got: Nepáli Szövetségi Demokratikus Köztársaság
 ; [cca2=NP].translations.jpn.common
Expected: ãƒ?ãƒ‘ãƒ¼ãƒ«
     got: ????
 ; [cca2=NP].translations.jpn.official
Expected: ãƒ?ãƒ‘ãƒ¼ãƒ«é€£é‚¦æ°‘ä¸»å…±å’Œå›½
     got: ???????????
 ; [cca2=NP].translations.kor.common
Expected: ë„¤íŒ”
     got: ??
 ; [cca2=NP].translations.kor.official
Expected: ë„¤íŒ” ì—°ë°© ë¯¼ì£¼ ê³µí™”êµ­
     got: ?? ?? ?? ???
 ; [cca2=NP].translations.per.common
Expected: Ù†Ù¾Ø§Ù„
     got: ????
 ; [cca2=NP].translations.per.official
Expected: Ø¬Ù…Ù‡ÙˆØ±ÛŒ Ù?Ø¯Ø±Ø§Ù„ Ø¯Ù…ÙˆÚ©Ø±Ø§ØªÛŒÚ© Ù†Ù¾Ø§Ù„
     got: ?????? ????? ????????? ????
 ; [cca2=NP].translations.por.official
Expected: RepÃºblica DemocrÃ¡tica Federal do Nepal
     got: República Democrática Federal do Nepal
 ; [cca2=NP].translations.rus.common
Expected: Ð?ÐµÐ¿Ð°Ð»
     got: ?????
 ; [cca2=NP].translations.rus.official
Expected: Ð¤ÐµÐ´ÐµÑ€Ð°Ñ‚Ð¸Ð²Ð½Ð°Ñ? Ð”ÐµÐ¼Ð¾ÐºÑ€Ð°Ñ‚Ð¸Ñ‡ÐµÑ?ÐºÐ°Ñ? Ð ÐµÑ?Ð¿ÑƒÐ±Ð»Ð¸ÐºÐ° Ð?ÐµÐ¿Ð°Ð»
     got: ???????????? ??????????????? ?????????? ?????
 ; [cca2=NP].translations.slk.common
Expected: NepÃ¡l
     got: Nepál
 ; [cca2=NP].translations.slk.official
Expected: NepÃ¡lska federatÃ­vna demokratickÃ¡ republika
     got: Nepálska federatívna demokratická republika
 ; [cca2=NP].translations.spa.official
Expected: RepÃºblica DemocrÃ¡tica Federal de Nepal
     got: República Democrática Federal de Nepal
 ; [cca2=NP].translations.srp.common
Expected: Ð?ÐµÐ¿Ð°Ð»
     got: ?????
 ; [cca2=NP].translations.srp.official
Expected: Ð¡Ð°Ð²ÐµÐ·Ð½Ð° Ð”ÐµÐ¼Ð¾ÐºÑ€Ð°Ñ‚Ñ?ÐºÐ° Ð ÐµÐ¿ÑƒÐ±Ð»Ð¸ÐºÐ° Ð?ÐµÐ¿Ð°Ð»
     got: ??????? ??????????? ????????? ?????
 ; [cca2=NP].translations.swe.official
Expected: Demokratiska fÃ¶rbundsrepubliken Nepal
     got: Demokratiska förbundsrepubliken Nepal
 ; [cca2=NP].translations.urd.common
Expected: Ù†ÛŒÙ¾Ø§Ù„
     got: ?????
 ; [cca2=NP].translations.urd.official
Expected: ÙˆÙ?Ø§Ù‚ÛŒ Ø¬Ù…Û?ÙˆØ±ÛŒ Ø¬Ù…Û?ÙˆØ±ÛŒÛ? Ù†ÛŒÙ¾Ø§Ù„
     got: ????? ?????? ??????? ?????
 ; [cca2=NP].translations.zho.common
Expected: å°¼æ³Šå°”
     got: ???
 ; [cca2=NP].translations.zho.official
Expected: å°¼æ³Šå°”è?”é‚¦æ°‘ä¸»å…±å’Œå›½
     got: ??????????
 ; [cca2=NR].flag
Expected: ðŸ‡³ðŸ‡·
     got: ??
 ; [cca2=NR].translations.ara.common
Expected: Ù†Ø§ÙˆØ±Ùˆ
     got: ?????
 ; [cca2=NR].translations.ara.official
Expected: Ø¬Ù…Ù‡ÙˆØ±ÙŠØ© Ù†Ø§ÙˆØ±Ùˆ
     got: ??????? ?????
 ; [cca2=NR].translations.fra.official
Expected: RÃ©publique de Nauru
     got: République de Nauru
 ; [cca2=NR].translations.hun.official
Expected: Naurui KÃ¶ztÃ¡rsasÃ¡g
     got: Naurui Köztársaság
 ; [cca2=NR].translations.jpn.common
Expected: ãƒŠã‚¦ãƒ«
     got: ???
 ; [cca2=NR].translations.jpn.official
Expected: ãƒŠã‚¦ãƒ«å…±å’Œå›½
     got: ??????
 ; [cca2=NR].translations.kor.common
Expected: ë‚˜ìš°ë£¨
     got: ???
 ; [cca2=NR].translations.kor.official
Expected: ë‚˜ìš°ë£¨ ê³µí™”êµ­
     got: ??? ???
 ; [cca2=NR].translations.per.common
Expected: Ù†Ø§Ø¦ÙˆØ±Ùˆ
     got: ??????
 ; [cca2=NR].translations.per.official
Expected: Ø¬Ù…Ù‡ÙˆØ±ÛŒ Ù†Ø§Ø¦ÙˆØ±Ùˆ
     got: ?????? ??????
 ; [cca2=NR].translations.por.official
Expected: RepÃºblica de Nauru
     got: República de Nauru
 ; [cca2=NR].translations.rus.common
Expected: Ð?Ð°ÑƒÑ€Ñƒ
     got: ?????
 ; [cca2=NR].translations.rus.official
Expected: Ð ÐµÑ?Ð¿ÑƒÐ±Ð»Ð¸ÐºÐ° Ð?Ð°ÑƒÑ€Ñƒ
     got: ?????????? ?????
 ; [cca2=NR].translations.slk.official
Expected: NaurskÃ¡ republika
     got: Naurská republika
 ; [cca2=NR].translations.spa.official
Expected: RepÃºblica de Nauru
     got: República de Nauru
 ; [cca2=NR].translations.srp.common
Expected: Ð?Ð°ÑƒÑ€Ñƒ
     got: ?????
 ; [cca2=NR].translations.srp.official
Expected: Ð ÐµÐ¿ÑƒÐ±Ð»Ð¸ÐºÐ° Ð?Ð°ÑƒÑ€Ñƒ
     got: ????????? ?????
 ; [cca2=NR].translations.urd.common
Expected: Ù†Ø§ÙˆØ±Ùˆ
     got: ?????
 ; [cca2=NR].translations.urd.official
Expected: Ø¬Ù…Û?ÙˆØ±ÛŒÛ? Ù†Ø§ÙˆØ±Ùˆ
     got: ??????? ?????
 ; [cca2=NR].translations.zho.common
Expected: ç‘™é²?
     got: ??
 ; [cca2=NR].translations.zho.official
Expected: ç‘™é²?å…±å’Œå›½
     got: ?????
 ; [cca2=NU].demonyms.fra.f
Expected: NiuÃ©enne
     got: Niuéenne
 ; [cca2=NU].demonyms.fra.m
Expected: NiuÃ©en
     got: Niuéen
 ; [cca2=NU].flag
Expected: ðŸ‡³ðŸ‡º
     got: ??
 ; [cca2=NU].name.nativeName.niu.common
Expected: NiuÄ“
     got: Niu?
 ; [cca2=NU].name.nativeName.niu.official
Expected: NiuÄ“
     got: Niu?
 ; [cca2=NU].translations.ara.common
Expected: Ù†ÙŠÙŠÙˆÙŠ
     got: ?????
 ; [cca2=NU].translations.ara.official
Expected: Ù†ÙŠÙŠÙˆÙŠ
     got: ?????
 ; [cca2=NU].translations.jpn.common
Expected: ãƒ‹ã‚¦ã‚¨
     got: ???
 ; [cca2=NU].translations.jpn.official
Expected: ãƒ‹ã‚¦ã‚¨
     got: ???
 ; [cca2=NU].translations.kor.common
Expected: ë‹ˆìš°ì—?
     got: ???
 ; [cca2=NU].translations.kor.official
Expected: ë‹ˆìš°ì—?
     got: ???
 ; [cca2=NU].translations.per.common
Expected: Ù†ÛŒÙˆÙˆÛŒ
     got: ?????
 ; [cca2=NU].translations.per.official
Expected: Ù†ÛŒÙˆÙˆÛŒ
     got: ?????
 ; [cca2=NU].translations.rus.common
Expected: Ð?Ð¸ÑƒÑ?
     got: ????
 ; [cca2=NU].translations.rus.official
Expected: Ð?Ð¸ÑƒÑ?
     got: ????
 ; [cca2=NU].translations.srp.common
Expected: Ð?Ð¸Ñ˜ÑƒÐµ
     got: ?????
 ; [cca2=NU].translations.srp.official
Expected: Ð?Ð¸Ñ˜ÑƒÐµ
     got: ?????
 ; [cca2=NU].translations.urd.common
Expected: Ù†ÛŒÙˆÙˆÛ’
     got: ?????
 ; [cca2=NU].translations.urd.official
Expected: Ù†ÛŒÙˆÙˆÛ’
     got: ?????
 ; [cca2=NU].translations.zho.common
Expected: çº½åŸƒ
     got: ??
 ; [cca2=NU].translations.zho.official
Expected: çº½åŸƒ
     got: ??
 ; [cca2=NZ].demonyms.fra.f
Expected: Neo-ZÃ©landaise
     got: Neo-Zélandaise
 ; [cca2=NZ].demonyms.fra.m
Expected: Neo-ZÃ©landais
     got: Neo-Zélandais
 ; [cca2=NZ].flag
Expected: ðŸ‡³ðŸ‡¿
     got: ??
 ; [cca2=NZ].flags.alt
Expected: The flag of New Zealand has a dark blue field with the flag of the United Kingdom â€” the Union Jack â€” in the canton and a representation of the Southern Cross constellation, made up of four five-pointed white-edged red stars, on the fly side of the field.
     got: The flag of New Zealand has a dark blue field with the flag of the United Kingdom — the Union Jack — in the canton and a representation of the Southern Cross constellation, made up of four five-pointed white-edged red stars, on the fly side of the field.
 ; [cca2=NZ].languages.mri
Expected: MÄ?ori
     got: M?ori
 ; [cca2=NZ].translations.ara.common
Expected: Ù†ÙŠÙˆØ²ÙŠÙ„Ù†Ø¯Ø§
     got: ?????????
 ; [cca2=NZ].translations.ara.official
Expected: Ù†ÙŠÙˆØ²ÙŠÙ„Ù†Ø¯Ø§
     got: ?????????
 ; [cca2=NZ].translations.ces.common
Expected: NovÃ½ ZÃ©land
     got: Nový Zéland
 ; [cca2=NZ].translations.ces.official
Expected: NovÃ½ ZÃ©land
     got: Nový Zéland
 ; [cca2=NZ].translations.fra.common
Expected: Nouvelle-ZÃ©lande
     got: Nouvelle-Zélande
 ; [cca2=NZ].translations.fra.official
Expected: Nouvelle-ZÃ©lande
     got: Nouvelle-Zélande
 ; [cca2=NZ].translations.hun.common
Expected: Ãšj-ZÃ©land
     got: Új-Zéland
 ; [cca2=NZ].translations.hun.official
Expected: Ãšj-ZÃ©land
     got: Új-Zéland
 ; [cca2=NZ].translations.jpn.common
Expected: ãƒ‹ãƒ¥ãƒ¼ã‚¸ãƒ¼ãƒ©ãƒ³ãƒ‰
     got: ????????
 ; [cca2=NZ].translations.jpn.official
Expected: ãƒ‹ãƒ¥ãƒ¼ã‚¸ãƒ¼ãƒ©ãƒ³ãƒ‰
     got: ????????
 ; [cca2=NZ].translations.kor.common
Expected: ë‰´ì§ˆëžœë“œ
     got: ????
 ; [cca2=NZ].translations.kor.official
Expected: ë‰´ì§ˆëžœë“œ
     got: ????
 ; [cca2=NZ].translations.per.common
Expected: Ù†ÛŒÙˆØ²ÛŒÙ„Ù†Ø¯
     got: ????????
 ; [cca2=NZ].translations.per.official
Expected: Ù†ÛŒÙˆØ²ÛŒÙ„Ù†Ø¯
     got: ????????
 ; [cca2=NZ].translations.por.common
Expected: Nova ZelÃ¢ndia
     got: Nova Zelândia
 ; [cca2=NZ].translations.por.official
Expected: nova ZelÃ¢ndia
     got: nova Zelândia
 ; [cca2=NZ].translations.rus.common
Expected: Ð?Ð¾Ð²Ð°Ñ? Ð—ÐµÐ»Ð°Ð½Ð´Ð¸Ñ?
     got: ????? ????????
 ; [cca2=NZ].translations.rus.official
Expected: Ð?Ð¾Ð²Ð°Ñ? Ð—ÐµÐ»Ð°Ð½Ð´Ð¸Ñ?
     got: ????? ????????
 ; [cca2=NZ].translations.slk.common
Expected: NovÃ½ ZÃ©land
     got: Nový Zéland
 ; [cca2=NZ].translations.slk.official
Expected: NovÃ½ ZÃ©land
     got: Nový Zéland
 ; [cca2=NZ].translations.srp.common
Expected: Ð?Ð¾Ð²Ð¸ Ð—ÐµÐ»Ð°Ð½Ð´
     got: ???? ??????
 ; [cca2=NZ].translations.srp.official
Expected: Ð?Ð¾Ð²Ð¸ Ð—ÐµÐ»Ð°Ð½Ð´
     got: ???? ??????
 ; [cca2=NZ].translations.urd.common
Expected: Ù†ÛŒÙˆØ²ÛŒ Ù„ÛŒÙ†Úˆ
     got: ????? ????
 ; [cca2=NZ].translations.urd.official
Expected: Ù†ÛŒÙˆØ²ÛŒ Ù„ÛŒÙ†Úˆ
     got: ????? ????
 ; [cca2=NZ].translations.zho.common
Expected: æ–°è¥¿å…°
     got: ???
 ; [cca2=NZ].translations.zho.official
Expected: æ–°è¥¿å…°
     got: ???
 ; [cca2=OM].altSpellings[]
Expected: Salá¹­anat Ê»UmÄ?n
     but none found
 ; [cca2=OM].altSpellings[]
Unexpected: Sal?anat ?Um?n
 ; [cca2=OM].currencies.OMR.symbol
Expected: Ø±.Ø¹.
     got: ?.?.
 ; [cca2=OM].flag
Expected: ðŸ‡´ðŸ‡²
     got: ??
 ; [cca2=OM].name.nativeName.ara.common
Expected: Ø¹Ù…Ø§Ù†
     got: ????
 ; [cca2=OM].name.nativeName.ara.official
Expected: Ø³Ù„Ø·Ù†Ø© Ø¹Ù…Ø§Ù†
     got: ????? ????
 ; [cca2=OM].translations.ara.common
Expected: Ø¹Ù…Ø§Ù†
     got: ????
 ; [cca2=OM].translations.ara.official
Expected: Ø³Ù„Ø·Ù†Ø© Ø¹Ù…Ø§Ù†
     got: ????? ????
 ; [cca2=OM].translations.ces.common
Expected: OmÃ¡n
     got: Omán
 ; [cca2=OM].translations.ces.official
Expected: SultanÃ¡t OmÃ¡n
     got: Sultanát Omán
 ; [cca2=OM].translations.hun.common
Expected: OmÃ¡n
     got: Omán
 ; [cca2=OM].translations.hun.official
Expected: OmÃ¡ni SzultanÃ¡tus
     got: Ománi Szultanátus
 ; [cca2=OM].translations.jpn.common
Expected: ã‚ªãƒžãƒ¼ãƒ³
     got: ????
 ; [cca2=OM].translations.jpn.official
Expected: ã‚ªãƒžãƒ¼ãƒ³Â·ã‚¹ãƒ«ã‚¿ãƒ³å›½
     got: ????·?????
 ; [cca2=OM].translations.kor.common
Expected: ì˜¤ë§Œ
     got: ??
 ; [cca2=OM].translations.kor.official
Expected: ì˜¤ë§Œ ìˆ íƒ„êµ­
     got: ?? ???
 ; [cca2=OM].translations.per.common
Expected: Ø¹Ù…Ø§Ù†
     got: ????
 ; [cca2=OM].translations.per.official
Expected: Ø³Ù„Ø·Ø§Ù†â€ŒÙ†Ø´ÛŒÙ† Ø¹Ù?Ù…Ø§Ù†
     got: ?????????? ?????
 ; [cca2=OM].translations.pol.official
Expected: SuÅ‚tanat Omanu
     got: Su?tanat Omanu
 ; [cca2=OM].translations.por.common
Expected: OmÃ£
     got: Omã
 ; [cca2=OM].translations.por.official
Expected: Sultanato de OmÃ£
     got: Sultanato de Omã
 ; [cca2=OM].translations.rus.common
Expected: ÐžÐ¼Ð°Ð½
     got: ????
 ; [cca2=OM].translations.rus.official
Expected: Ð¡ÑƒÐ»Ñ‚Ð°Ð½Ð°Ñ‚ ÐžÐ¼Ð°Ð½
     got: ???????? ????
 ; [cca2=OM].translations.slk.common
Expected: OmÃ¡n
     got: Omán
 ; [cca2=OM].translations.slk.official
Expected: OmÃ¡nsky sultanÃ¡t
     got: Ománsky sultanát
 ; [cca2=OM].translations.spa.common
Expected: OmÃ¡n
     got: Omán
 ; [cca2=OM].translations.spa.official
Expected: Sultanato de OmÃ¡n
     got: Sultanato de Omán
 ; [cca2=OM].translations.srp.common
Expected: ÐžÐ¼Ð°Ð½
     got: ????
 ; [cca2=OM].translations.srp.official
Expected: Ð¡ÑƒÐ»Ñ‚Ð°Ð½Ð°Ñ‚ ÐžÐ¼Ð°Ð½
     got: ???????? ????
 ; [cca2=OM].translations.tur.official
Expected: Umman SultanlÄ±ÄŸÄ±
     got: Umman Sultanl???
 ; [cca2=OM].translations.urd.common
Expected: Ø¹Ù…Ø§Ù†
     got: ????
 ; [cca2=OM].translations.urd.official
Expected: Ø³Ù„Ø·Ù†Øª Ø¹Ù…Ø§Ù†
     got: ????? ????
 ; [cca2=OM].translations.zho.common
Expected: é˜¿æ›¼
     got: ??
 ; [cca2=OM].translations.zho.official
Expected: é˜¿æ›¼è‹?ä¸¹å›½
     got: ?????
 ; [cca2=PA].altSpellings[]
Expected: RepÃºblica de PanamÃ¡
     but none found
 ; [cca2=PA].altSpellings[]
Unexpected: República de Panamá
 ; [cca2=PA].demonyms.fra.f
Expected: PanamÃ©enne
     got: Panaméenne
 ; [cca2=PA].demonyms.fra.m
Expected: PanamÃ©en
     got: Panaméen
 ; [cca2=PA].flag
Expected: ðŸ‡µðŸ‡¦
     got: ??
 ; [cca2=PA].flags.alt
Expected: The flag of Panama is composed of four equal rectangular areas â€” a white rectangular area with a blue five-pointed star at its center, a red rectangular area, a white rectangular area with a red five-pointed star at its center, and a blue rectangular area â€” in the upper hoist side, upper fly side, lower fly side and lower hoist side respectively.
     got: The flag of Panama is composed of four equal rectangular areas — a white rectangular area with a blue five-pointed star at its center, a red rectangular area, a white rectangular area with a red five-pointed star at its center, and a blue rectangular area — in the upper hoist side, upper fly side, lower fly side and lower hoist side respectively.
 ; [cca2=PA].name.nativeName.spa.common
Expected: PanamÃ¡
     got: Panamá
 ; [cca2=PA].name.nativeName.spa.official
Expected: RepÃºblica de PanamÃ¡
     got: República de Panamá
 ; [cca2=PA].translations.ara.common
Expected: Ø¨Ù†Ù…Ø§
     got: ????
 ; [cca2=PA].translations.ara.official
Expected: Ø¬Ù…Ù‡ÙˆØ±ÙŠØ© Ø¨Ù†Ù…Ø§
     got: ??????? ????
 ; [cca2=PA].translations.ces.official
Expected: PanamskÃ¡ republika
     got: Panamská republika
 ; [cca2=PA].translations.fra.official
Expected: RÃ©publique du Panama
     got: République du Panama
 ; [cca2=PA].translations.hun.official
Expected: Panamai KÃ¶ztÃ¡rsasÃ¡g
     got: Panamai Köztársaság
 ; [cca2=PA].translations.jpn.common
Expected: ãƒ‘ãƒŠãƒž
     got: ???
 ; [cca2=PA].translations.jpn.official
Expected: ãƒ‘ãƒŠãƒžå…±å’Œå›½
     got: ??????
 ; [cca2=PA].translations.kor.common
Expected: íŒŒë‚˜ë§ˆ
     got: ???
 ; [cca2=PA].translations.kor.official
Expected: íŒŒë‚˜ë§ˆ ê³µí™”êµ­
     got: ??? ???
 ; [cca2=PA].translations.per.common
Expected: Ù¾Ø§Ù†Ø§Ù…Ø§
     got: ??????
 ; [cca2=PA].translations.per.official
Expected: Ø¬Ù…Ù‡ÙˆØ±ÛŒ Ù¾Ø§Ù†Ø§Ù…Ø§
     got: ?????? ??????
 ; [cca2=PA].translations.por.common
Expected: PanamÃ¡
     got: Panamá
 ; [cca2=PA].translations.por.official
Expected: RepÃºblica do PanamÃ¡
     got: República do Panamá
 ; [cca2=PA].translations.rus.common
Expected: ÐŸÐ°Ð½Ð°Ð¼Ð°
     got: ??????
 ; [cca2=PA].translations.rus.official
Expected: Ð ÐµÑ?Ð¿ÑƒÐ±Ð»Ð¸ÐºÐ° ÐŸÐ°Ð½Ð°Ð¼Ð°
     got: ?????????? ??????
 ; [cca2=PA].translations.slk.official
Expected: PanamskÃ¡ republika
     got: Panamská republika
 ; [cca2=PA].translations.spa.common
Expected: PanamÃ¡
     got: Panamá
 ; [cca2=PA].translations.spa.official
Expected: RepÃºblica de PanamÃ¡
     got: República de Panamá
 ; [cca2=PA].translations.srp.common
Expected: ÐŸÐ°Ð½Ð°Ð¼Ð°
     got: ??????
 ; [cca2=PA].translations.srp.official
Expected: Ð ÐµÐ¿ÑƒÐ±Ð»Ð¸ÐºÐ° ÐŸÐ°Ð½Ð°Ð¼Ð°
     got: ????????? ??????
 ; [cca2=PA].translations.urd.common
Expected: Ù¾Ø§Ù†Ø§Ù…Ø§
     got: ??????
 ; [cca2=PA].translations.urd.official
Expected: Ø¬Ù…Û?ÙˆØ±ÛŒÛ? Ù¾Ø§Ù†Ø§Ù…Ø§
     got: ??????? ??????
 ; [cca2=PA].translations.zho.common
Expected: å·´æ‹¿é©¬
     got: ???
 ; [cca2=PA].translations.zho.official
Expected: å·´æ‹¿é©¬å…±å’Œå›½
     got: ??????
 ; [cca2=PE].altSpellings[]
Expected: RepÃºblica del PerÃº
     but none found
 ; [cca2=PE].altSpellings[]
Unexpected: República del Perú
 ; [cca2=PE].demonyms.fra.f
Expected: PÃ©ruvienne
     got: Péruvienne
 ; [cca2=PE].demonyms.fra.m
Expected: PÃ©ruvien
     got: Péruvien
 ; [cca2=PE].flag
Expected: ðŸ‡µðŸ‡ª
     got: ??
 ; [cca2=PE].name.nativeName.spa.common
Expected: PerÃº
     got: Perú
 ; [cca2=PE].name.nativeName.spa.official
Expected: RepÃºblica del PerÃº
     got: República del Perú
 ; [cca2=PE].translations.ara.common
Expected: Ø¨ÙŠØ±Ùˆ
     got: ????
 ; [cca2=PE].translations.ara.official
Expected: Ø¬Ù…Ù‡ÙˆØ±ÙŠØ© Ø¨ÙŠØ±Ùˆ
     got: ??????? ????
 ; [cca2=PE].translations.ces.official
Expected: PeruÃ¡nskÃ¡ republika
     got: Peruánská republika
 ; [cca2=PE].translations.fra.common
Expected: PÃ©rou
     got: Pérou
 ; [cca2=PE].translations.fra.official
Expected: RÃ©publique du PÃ©rou
     got: République du Pérou
 ; [cca2=PE].translations.hun.official
Expected: Perui KÃ¶ztÃ¡rsasÃ¡g
     got: Perui Köztársaság
 ; [cca2=PE].translations.ita.common
Expected: PerÃ¹
     got: Perù
 ; [cca2=PE].translations.ita.official
Expected: Repubblica del PerÃ¹
     got: Repubblica del Perù
 ; [cca2=PE].translations.jpn.common
Expected: ãƒšãƒ«ãƒ¼
     got: ???
 ; [cca2=PE].translations.jpn.official
Expected: ãƒšãƒ«ãƒ¼å…±å’Œå›½
     got: ??????
 ; [cca2=PE].translations.kor.common
Expected: íŽ˜ë£¨
     got: ??
 ; [cca2=PE].translations.kor.official
Expected: íŽ˜ë£¨ ê³µí™”êµ­
     got: ?? ???
 ; [cca2=PE].translations.per.common
Expected: Ù¾Ø±Ùˆ
     got: ???
 ; [cca2=PE].translations.per.official
Expected: Ø¬Ù…Ù‡ÙˆØ±ÛŒ Ù¾Ø±Ùˆ
     got: ?????? ???
 ; [cca2=PE].translations.por.common
Expected: PerÃº
     got: Perú
 ; [cca2=PE].translations.por.official
Expected: RepÃºblica do Peru
     got: República do Peru
 ; [cca2=PE].translations.rus.common
Expected: ÐŸÐµÑ€Ñƒ
     got: ????
 ; [cca2=PE].translations.rus.official
Expected: Ð ÐµÑ?Ð¿ÑƒÐ±Ð»Ð¸ÐºÐ° ÐŸÐµÑ€Ñƒ
     got: ?????????? ????
 ; [cca2=PE].translations.slk.official
Expected: PeruÃ¡nska republika
     got: Peruánska republika
 ; [cca2=PE].translations.spa.common
Expected: PerÃº
     got: Perú
 ; [cca2=PE].translations.spa.official
Expected: RepÃºblica de PerÃº
     got: República de Perú
 ; [cca2=PE].translations.srp.common
Expected: ÐŸÐµÑ€Ñƒ
     got: ????
 ; [cca2=PE].translations.srp.official
Expected: Ð ÐµÐ¿ÑƒÐ±Ð»Ð¸ÐºÐ° ÐŸÐµÑ€Ñƒ
     got: ????????? ????
 ; [cca2=PE].translations.urd.common
Expected: Ù¾ÛŒØ±Ùˆ
     got: ????
 ; [cca2=PE].translations.urd.official
Expected: Ø¬Ù…Û?ÙˆØ±ÛŒÛ? Ù¾ÛŒØ±Ùˆ
     got: ??????? ????
 ; [cca2=PE].translations.zho.common
Expected: ç§˜é²?
     got: ??
 ; [cca2=PE].translations.zho.official
Expected: ç§˜é²?å…±å’Œå›½
     got: ?????
 ; [cca2=PF].altSpellings[]
Expected: PÅ?rÄ«netia FarÄ?ni
     but none found
 ; [cca2=PF].altSpellings[]
Expected: PolynÃ©sie franÃ§aise
     but none found
 ; [cca2=PF].altSpellings[]
Unexpected: Polynésie française
 ; [cca2=PF].altSpellings[]
Unexpected: P?r?netia Far?ni
 ; [cca2=PF].capital[]
Expected: PapeetÄ“
     but none found
 ; [cca2=PF].capital[]
Unexpected: Papeet?
 ; [cca2=PF].currencies.XPF.symbol
Expected: â‚£
     got: ?
 ; [cca2=PF].demonyms.fra.f
Expected: PolynÃ©sienne
     got: Polynésienne
 ; [cca2=PF].demonyms.fra.m
Expected: PolynÃ©sien
     got: Polynésien
 ; [cca2=PF].flag
Expected: ðŸ‡µðŸ‡«
     got: ??
 ; [cca2=PF].name.nativeName.fra.common
Expected: PolynÃ©sie franÃ§aise
     got: Polynésie française
 ; [cca2=PF].name.nativeName.fra.official
Expected: PolynÃ©sie franÃ§aise
     got: Polynésie française
 ; [cca2=PF].translations.ara.common
Expected: Ø¨ÙˆÙ„ÙŠÙ†Ø²ÙŠØ§ Ø§Ù„Ù?Ø±Ù†Ø³ÙŠØ©
     got: ???????? ????????
 ; [cca2=PF].translations.ara.official
Expected: Ø¨ÙˆÙ„ÙŠÙ†Ø²ÙŠØ§ Ø§Ù„Ù?Ø±Ù†Ø³ÙŠØ©
     got: ???????? ????????
 ; [cca2=PF].translations.ces.common
Expected: FrancouzskÃ¡ PolynÃ©sie
     got: Francouzská Polynésie
 ; [cca2=PF].translations.ces.official
Expected: FrancouzskÃ¡ PolynÃ©sie
     got: Francouzská Polynésie
 ; [cca2=PF].translations.deu.common
Expected: FranzÃ¶sisch-Polynesien
     got: Französisch-Polynesien
 ; [cca2=PF].translations.deu.official
Expected: FranzÃ¶sisch-Polynesien
     got: Französisch-Polynesien
 ; [cca2=PF].translations.est.common
Expected: Prantsuse PolÃ¼neesia
     got: Prantsuse Polüneesia
 ; [cca2=PF].translations.est.official
Expected: Prantsuse PolÃ¼neesia
     got: Prantsuse Polüneesia
 ; [cca2=PF].translations.fra.common
Expected: PolynÃ©sie franÃ§aise
     got: Polynésie française
 ; [cca2=PF].translations.fra.official
Expected: PolynÃ©sie franÃ§aise
     got: Polynésie française
 ; [cca2=PF].translations.hun.common
Expected: Francia PolinÃ©zia
     got: Francia Polinézia
 ; [cca2=PF].translations.hun.official
Expected: Francia PolinÃ©zia
     got: Francia Polinézia
 ; [cca2=PF].translations.jpn.common
Expected: ãƒ•ãƒ©ãƒ³ã‚¹é ˜ãƒ?ãƒªãƒ?ã‚·ã‚¢
     got: ??????????
 ; [cca2=PF].translations.jpn.official
Expected: ãƒ•ãƒ©ãƒ³ã‚¹é ˜ãƒ?ãƒªãƒ?ã‚·ã‚¢
     got: ??????????
 ; [cca2=PF].translations.kor.common
Expected: í”„ëž‘ìŠ¤ë ¹ í?´ë¦¬ë„¤ì‹œì•„
     got: ???? ?????
 ; [cca2=PF].translations.kor.official
Expected: í”„ëž‘ìŠ¤ë ¹ í?´ë¦¬ë„¤ì‹œì•„
     got: ???? ?????
 ; [cca2=PF].translations.nld.common
Expected: Frans-PolynesiÃ«
     got: Frans-Polynesië
 ; [cca2=PF].translations.nld.official
Expected: Frans-PolynesiÃ«
     got: Frans-Polynesië
 ; [cca2=PF].translations.per.common
Expected: Ù¾Ù?Ù„ÛŒâ€ŒÙ†Ù?Ø²ÛŒ Ù?Ø±Ø§Ù†Ø³Ù‡
     got: ????????? ??????
 ; [cca2=PF].translations.per.official
Expected: Ù¾Ù?Ù„ÛŒâ€ŒÙ†Ù?Ø²ÛŒ Ù?Ø±Ø§Ù†Ø³Ù‡
     got: ????????? ??????
 ; [cca2=PF].translations.por.common
Expected: PolinÃ©sia Francesa
     got: Polinésia Francesa
 ; [cca2=PF].translations.por.official
Expected: PolinÃ©sia Francesa
     got: Polinésia Francesa
 ; [cca2=PF].translations.rus.common
Expected: Ð¤Ñ€Ð°Ð½Ñ†ÑƒÐ·Ñ?ÐºÐ°Ñ? ÐŸÐ¾Ð»Ð¸Ð½ÐµÐ·Ð¸Ñ?
     got: ??????????? ?????????
 ; [cca2=PF].translations.rus.official
Expected: Ð¤Ñ€Ð°Ð½Ñ†ÑƒÐ·Ñ?ÐºÐ°Ñ? ÐŸÐ¾Ð»Ð¸Ð½ÐµÐ·Ð¸Ñ?
     got: ??????????? ?????????
 ; [cca2=PF].translations.slk.common
Expected: FrancÃºzska PolynÃ©zia
     got: Francúzska Polynézia
 ; [cca2=PF].translations.slk.official
Expected: FrancÃºzska PolynÃ©zia
     got: Francúzska Polynézia
 ; [cca2=PF].translations.spa.official
Expected: Polinesia francÃ©s
     got: Polinesia francés
 ; [cca2=PF].translations.srp.common
Expected: Ð¤Ñ€Ð°Ð½Ñ†ÑƒÑ?ÐºÐ° ÐŸÐ¾Ð»Ð¸Ð½ÐµÐ·Ð¸Ñ˜Ð°
     got: ????????? ??????????
 ; [cca2=PF].translations.srp.official
Expected: Ð¤Ñ€Ð°Ð½Ñ†ÑƒÑ?ÐºÐ° ÐŸÐ¾Ð»Ð¸Ð½ÐµÐ·Ð¸Ñ˜Ð°
     got: ????????? ??????????
 ; [cca2=PF].translations.tur.common
Expected: FransÄ±z PolinezyasÄ±
     got: Frans?z Polinezyas?
 ; [cca2=PF].translations.tur.official
Expected: FransÄ±z PolinezyasÄ±
     got: Frans?z Polinezyas?
 ; [cca2=PF].translations.urd.common
Expected: Ù?Ø±Ø§Ù†Ø³ÛŒØ³ÛŒ Ù¾ÙˆÙ„ÛŒÙ†ÛŒØ´ÛŒØ§
     got: ???????? ?????????
 ; [cca2=PF].translations.urd.official
Expected: Ù?Ø±Ø§Ù†Ø³ÛŒØ³ÛŒ Ù¾ÙˆÙ„ÛŒÙ†ÛŒØ´ÛŒØ§
     got: ???????? ?????????
 ; [cca2=PF].translations.zho.common
Expected: æ³•å±žæ³¢åˆ©å°¼è¥¿äºš
     got: ???????
 ; [cca2=PF].translations.zho.official
Expected: æ³•å±žæ³¢åˆ©å°¼è¥¿äºš
     got: ???????
 ; [cca2=PG].flag
Expected: ðŸ‡µðŸ‡¬
     got: ??
 ; [cca2=PG].translations.ara.common
Expected: Ø¨Ø§Ø¨ÙˆØ§ ØºÙŠÙ†ÙŠØ§ Ø§Ù„Ø¬Ø¯ÙŠØ¯Ø©
     got: ????? ????? ???????
 ; [cca2=PG].translations.ara.official
Expected: Ø¯ÙˆÙ„Ø© Ø¨Ø§Ø¨ÙˆØ§ ØºÙŠÙ†ÙŠØ§ Ø§Ù„Ø¬Ø¯ÙŠØ¯Ø©
     got: ???? ????? ????? ???????
 ; [cca2=PG].translations.ces.common
Expected: Papua-NovÃ¡ Guinea
     got: Papua-Nová Guinea
 ; [cca2=PG].translations.ces.official
Expected: NezÃ¡vislÃ½ stÃ¡t Papua NovÃ¡ Guinea
     got: Nezávislý stát Papua Nová Guinea
 ; [cca2=PG].translations.deu.official
Expected: UnabhÃ¤ngiger Staat Papua-Neuguinea
     got: Unabhängiger Staat Papua-Neuguinea
 ; [cca2=PG].translations.fin.official
Expected: Papua-Uuden-Guinean ItsenÃ¤inen valtio
     got: Papua-Uuden-Guinean Itsenäinen valtio
 ; [cca2=PG].translations.fra.common
Expected: Papouasie-Nouvelle-GuinÃ©e
     got: Papouasie-Nouvelle-Guinée
 ; [cca2=PG].translations.fra.official
Expected: Ã‰tat indÃ©pendant de Papouasie-Nouvelle-GuinÃ©e
     got: État indépendant de Papouasie-Nouvelle-Guinée
 ; [cca2=PG].translations.hrv.official
Expected: Nezavisna DrÅ¾ava Papui Novoj Gvineji
     got: Nezavisna Država Papui Novoj Gvineji
 ; [cca2=PG].translations.hun.common
Expected: PÃ¡pua Ãšj-Guinea
     got: Pápua Új-Guinea
 ; [cca2=PG].translations.hun.official
Expected: PÃ¡pua Ãšj-Guinea FÃ¼ggetlen Ã?llam
     got: Pápua Új-Guinea Független Állam
 ; [cca2=PG].translations.jpn.common
Expected: ãƒ‘ãƒ—ã‚¢ãƒ‹ãƒ¥ãƒ¼ã‚®ãƒ‹ã‚¢
     got: ?????????
 ; [cca2=PG].translations.jpn.official
Expected: ãƒ‘ãƒ—ã‚¢ãƒ‹ãƒ¥ãƒ¼ã‚®ãƒ‹ã‚¢ç‹¬ç«‹å›½
     got: ????????????
 ; [cca2=PG].translations.kor.common
Expected: íŒŒí‘¸ì•„ë‰´ê¸°ë‹ˆ
     got: ??????
 ; [cca2=PG].translations.kor.official
Expected: íŒŒí‘¸ì•„ë‰´ê¸°ë‹ˆ ë?…ë¦½êµ­
     got: ?????? ???
 ; [cca2=PG].translations.per.common
Expected: Ù¾Ø§Ù¾ÙˆØ¢ Ú¯ÛŒÙ†Ù‡ Ù†Ùˆ
     got: ????? ???? ??
 ; [cca2=PG].translations.per.official
Expected: Ù…Ù…Ù„Ú©Øª Ù…Ø³ØªÙ‚Ù„ Ù¾Ø§Ù¾ÙˆØ¢ Ú¯ÛŒÙ†Ù‡Ù” Ù†Ùˆ
     got: ????? ????? ????? ????? ??
 ; [cca2=PG].translations.pol.official
Expected: NiezaleÅ¼ne PaÅ„stwo Papui-Nowej Gwinei
     got: Niezale?ne Pa?stwo Papui-Nowej Gwinei
 ; [cca2=PG].translations.por.common
Expected: Papua Nova GuinÃ©
     got: Papua Nova Guiné
 ; [cca2=PG].translations.por.official
Expected: Estado Independente da Papua Nova GuinÃ©
     got: Estado Independente da Papua Nova Guiné
 ; [cca2=PG].translations.rus.common
Expected: ÐŸÐ°Ð¿ÑƒÐ° â€” Ð?Ð¾Ð²Ð°Ñ? Ð“Ð²Ð¸Ð½ÐµÑ?
     got: ????? — ????? ??????
 ; [cca2=PG].translations.rus.official
Expected: Ð?ÐµÐ·Ð°Ð²Ð¸Ñ?Ð¸Ð¼Ð¾Ðµ Ð“Ð¾Ñ?ÑƒÐ´Ð°Ñ€Ñ?Ñ‚Ð²Ð¾ ÐŸÐ°Ð¿ÑƒÐ°-Ð?Ð¾Ð²Ð¾Ð¹ Ð“Ð²Ð¸Ð½ÐµÐ¸
     got: ??????????? ??????????? ?????-????? ??????
 ; [cca2=PG].translations.slk.common
Expected: Papua-NovÃ¡ Guinea
     got: Papua-Nová Guinea
 ; [cca2=PG].translations.slk.official
Expected: NezÃ¡vislÃ½ Å¡tÃ¡t Papua-NovÃ¡ Guinea
     got: Nezávislý štát Papua-Nová Guinea
 ; [cca2=PG].translations.spa.common
Expected: PapÃºa Nueva Guinea
     got: Papúa Nueva Guinea
 ; [cca2=PG].translations.spa.official
Expected: Estado Independiente de PapÃºa Nueva Guinea
     got: Estado Independiente de Papúa Nueva Guinea
 ; [cca2=PG].translations.srp.common
Expected: ÐŸÐ°Ð¿ÑƒÐ° Ð?Ð¾Ð²Ð° Ð“Ð²Ð¸Ð½ÐµÑ˜Ð°
     got: ????? ???? ???????
 ; [cca2=PG].translations.srp.official
Expected: Ð?ÐµÐ·Ð°Ð²Ð¸Ñ?Ð½Ð° Ð”Ñ€Ð¶Ð°Ð²Ð° ÐŸÐ°Ð¿ÑƒÐ° Ð?Ð¾Ð²Ð° Ð“Ð²Ð¸Ð½ÐµÑ˜Ð°
     got: ????????? ?????? ????? ???? ???????
 ; [cca2=PG].translations.tur.official
Expected: Papua Yeni Gine BaÄŸÄ±msÄ±z Devleti
     got: Papua Yeni Gine Ba??ms?z Devleti
 ; [cca2=PG].translations.urd.common
Expected: Ù¾Ø§Ù¾ÙˆØ§ Ù†ÛŒÙˆ Ú¯Ù†ÛŒ
     got: ????? ??? ???
 ; [cca2=PG].translations.urd.official
Expected: Ø¢Ø²Ø§Ø¯ Ø±ÛŒØ§Ø³ØªÙ? Ù¾Ø§Ù¾ÙˆØ§ Ù†ÛŒÙˆ Ú¯Ù†ÛŒ
     got: ???? ?????? ????? ??? ???
 ; [cca2=PG].translations.zho.common
Expected: å·´å¸ƒäºšæ–°å‡ å†…äºš
     got: ???????
 ; [cca2=PG].translations.zho.official
Expected: å·´å¸ƒäºšæ–°å‡ å†…äºš
     got: ???????
 ; [cca2=PH].altSpellings[]
Expected: RepÃºblika ng Pilipinas
     but none found
 ; [cca2=PH].altSpellings[]
Unexpected: Repúblika ng Pilipinas
 ; [cca2=PH].currencies.PHP.symbol
Expected: â‚±
     got: ?
 ; [cca2=PH].flag
Expected: ðŸ‡µðŸ‡­
     got: ??
 ; [cca2=PH].translations.ara.common
Expected: Ø§Ù„Ù?Ù„Ø¨ÙŠÙ†
     got: ???????
 ; [cca2=PH].translations.ara.official
Expected: Ø¬Ù…Ù‡ÙˆØ±ÙŠØ© Ø§Ù„Ù?Ù„Ø¨ÙŠÙ†
     got: ??????? ???????
 ; [cca2=PH].translations.ces.common
Expected: FilipÃ­ny
     got: Filipíny
 ; [cca2=PH].translations.ces.official
Expected: FilipÃ­nskÃ¡ republika
     got: Filipínská republika
 ; [cca2=PH].translations.fra.official
Expected: RÃ©publique des Philippines
     got: République des Philippines
 ; [cca2=PH].translations.hun.common
Expected: FÃ¼lÃ¶p-szigetek
     got: Fülöp-szigetek
 ; [cca2=PH].translations.hun.official
Expected: FÃ¼lÃ¶p-szigeteki KÃ¶ztÃ¡rsasÃ¡g
     got: Fülöp-szigeteki Köztársaság
 ; [cca2=PH].translations.jpn.common
Expected: ãƒ•ã‚£ãƒªãƒ”ãƒ³
     got: ?????
 ; [cca2=PH].translations.jpn.official
Expected: ãƒ•ã‚£ãƒªãƒ”ãƒ³å…±å’Œå›½
     got: ????????
 ; [cca2=PH].translations.kor.common
Expected: í•„ë¦¬í•€
     got: ???
 ; [cca2=PH].translations.kor.official
Expected: í•„ë¦¬í•€ ê³µí™”êµ­
     got: ??? ???
 ; [cca2=PH].translations.per.common
Expected: Ù?ÛŒÙ„ÛŒÙ¾ÛŒÙ†
     got: ???????
 ; [cca2=PH].translations.per.official
Expected: Ø¬Ù…Ù‡ÙˆØ±ÛŒ Ù?ÛŒÙ„ÛŒÙ¾ÛŒÙ†
     got: ?????? ???????
 ; [cca2=PH].translations.por.official
Expected: RepÃºblica das Filipinas
     got: República das Filipinas
 ; [cca2=PH].translations.rus.common
Expected: Ð¤Ð¸Ð»Ð¸Ð¿Ð¿Ð¸Ð½Ñ‹
     got: ?????????
 ; [cca2=PH].translations.rus.official
Expected: Ð ÐµÑ?Ð¿ÑƒÐ±Ð»Ð¸ÐºÐ° Ð¤Ð¸Ð»Ð¸Ð¿Ð¿Ð¸Ð½Ñ‹
     got: ?????????? ?????????
 ; [cca2=PH].translations.slk.common
Expected: FilipÃ­ny
     got: Filipíny
 ; [cca2=PH].translations.slk.official
Expected: FilipÃ­nska republika
     got: Filipínska republika
 ; [cca2=PH].translations.spa.official
Expected: RepÃºblica de las Filipinas
     got: República de las Filipinas
 ; [cca2=PH].translations.srp.common
Expected: Ð¤Ð¸Ð»Ð¸Ð¿Ð¸Ð½Ð¸
     got: ????????
 ; [cca2=PH].translations.srp.official
Expected: Ð ÐµÐ¿ÑƒÐ±Ð»Ð¸ÐºÐ° Ð¤Ð¸Ð»Ð¸Ð¿Ð¸Ð½Ð¸
     got: ????????? ????????
 ; [cca2=PH].translations.urd.common
Expected: Ù?Ù„Ù¾Ø§Ø¦Ù†
     got: ??????
 ; [cca2=PH].translations.urd.official
Expected: Ø¬Ù…Û?ÙˆØ±ÛŒÛ? Ù?Ù„Ù¾Ø§Ø¦Ù†
     got: ??????? ??????
 ; [cca2=PH].translations.zho.common
Expected: è?²å¾‹å®¾
     got: ???
 ; [cca2=PH].translations.zho.official
Expected: è?²å¾‹å®¾å…±å’Œå›½
     got: ??????
 ; [cca2=PK].altSpellings[]
Expected: IslÄ?mÄ« JumhÅ«riya&#039;eh PÄ?kistÄ?n
     but none found
 ; [cca2=PK].altSpellings[]
Expected: PÄ?kistÄ?n
     but none found
 ; [cca2=PK].altSpellings[]
Unexpected: P?kist?n
 ; [cca2=PK].altSpellings[]
Unexpected: Isl?m? Jumh?riya&#039;eh P?kist?n
 ; [cca2=PK].currencies.PKR.symbol
Expected: â‚¨
     got: ?
 ; [cca2=PK].flag
Expected: ðŸ‡µðŸ‡°
     got: ??
 ; [cca2=PK].name.nativeName.urd.common
Expected: Ù¾Ø§ÙƒØ³ØªØ§Ù†
     got: ???????
 ; [cca2=PK].name.nativeName.urd.official
Expected: Ø§Ø³Ù„Ø§Ù…ÛŒ Ø¬Ù…Û?ÙˆØ±ÛŒÛ‚ Ù¾Ø§ÙƒØ³ØªØ§Ù†
     got: ?????? ??????? ???????
 ; [cca2=PK].translations.ara.common
Expected: Ø¨Ø§ÙƒØ³ØªØ§Ù†
     got: ???????
 ; [cca2=PK].translations.ara.official
Expected: Ø¬Ù…Ù‡ÙˆØ±ÙŠØ© Ø¨Ø§ÙƒØ³ØªØ§Ù† Ø§Ù„Ø¥Ø³Ù„Ø§Ù…ÙŠØ©
     got: ??????? ??????? ?????????
 ; [cca2=PK].translations.ces.common
Expected: PÃ¡kistÃ¡n
     got: Pákistán
 ; [cca2=PK].translations.ces.official
Expected: PÃ¡kistÃ¡nskÃ¡ islÃ¡mskÃ¡ republika
     got: Pákistánská islámská republika
 ; [cca2=PK].translations.fra.official
Expected: RÃ©publique islamique du Pakistan
     got: République islamique du Pakistan
 ; [cca2=PK].translations.hun.common
Expected: PakisztÃ¡n
     got: Pakisztán
 ; [cca2=PK].translations.hun.official
Expected: PakisztÃ¡n
     got: Pakisztán
 ; [cca2=PK].translations.jpn.common
Expected: ãƒ‘ã‚­ã‚¹ã‚¿ãƒ³
     got: ?????
 ; [cca2=PK].translations.jpn.official
Expected: ãƒ‘ã‚­ã‚¹ã‚¿ãƒ³
     got: ?????
 ; [cca2=PK].translations.kor.common
Expected: íŒŒí‚¤ìŠ¤íƒ„
     got: ????
 ; [cca2=PK].translations.kor.official
Expected: íŒŒí‚¤ìŠ¤íƒ„ ì?´ìŠ¬ëžŒ ê³µí™”êµ­
     got: ???? ??? ???
 ; [cca2=PK].translations.per.common
Expected: Ù¾Ø§Ú©Ø³ØªØ§Ù†
     got: ???????
 ; [cca2=PK].translations.per.official
Expected: Ø¬Ù…Ù‡ÙˆØ±ÛŒ Ø§Ø³Ù„Ø§Ù…ÛŒ Ù¾Ø§Ú©Ø³ØªØ§Ù†
     got: ?????? ?????? ???????
 ; [cca2=PK].translations.por.common
Expected: PaquistÃ£o
     got: Paquistão
 ; [cca2=PK].translations.por.official
Expected: RepÃºblica IslÃ¢mica do PaquistÃ£o
     got: República Islâmica do Paquistão
 ; [cca2=PK].translations.rus.common
Expected: ÐŸÐ°ÐºÐ¸Ñ?Ñ‚Ð°Ð½
     got: ????????
 ; [cca2=PK].translations.rus.official
Expected: Ð˜Ñ?Ð»Ð°Ð¼Ñ?ÐºÐ°Ñ? Ð ÐµÑ?Ð¿ÑƒÐ±Ð»Ð¸ÐºÐ° ÐŸÐ°ÐºÐ¸Ñ?Ñ‚Ð°Ð½
     got: ????????? ?????????? ????????
 ; [cca2=PK].translations.slk.official
Expected: PakistanskÃ¡ islamskÃ¡ republika
     got: Pakistanská islamská republika
 ; [cca2=PK].translations.spa.common
Expected: PakistÃ¡n
     got: Pakistán
 ; [cca2=PK].translations.spa.official
Expected: RepÃºblica IslÃ¡mica de PakistÃ¡n
     got: República Islámica de Pakistán
 ; [cca2=PK].translations.srp.common
Expected: ÐŸÐ°ÐºÐ¸Ñ?Ñ‚Ð°Ð½
     got: ????????
 ; [cca2=PK].translations.srp.official
Expected: Ð˜Ñ?Ð»Ð°Ð¼Ñ?ÐºÐ° Ð ÐµÐ¿ÑƒÐ±Ð»Ð¸ÐºÐ° ÐŸÐ°ÐºÐ¸Ñ?Ñ‚Ð°Ð½
     got: ???????? ????????? ????????
 ; [cca2=PK].translations.tur.official
Expected: Pakistan Ä°slam Cumhuriyeti
     got: Pakistan ?slam Cumhuriyeti
 ; [cca2=PK].translations.urd.common
Expected: Ù¾Ø§Ú©Ø³ØªØ§Ù†
     got: ???????
 ; [cca2=PK].translations.urd.official
Expected: Ø§Ø³Ù„Ø§Ù…ÛŒ Ø¬Ù…Û?ÙˆØ±ÛŒÛ? Ù¾Ø§Ú©Ø³ØªØ§Ù†
     got: ?????? ??????? ???????
 ; [cca2=PK].translations.zho.common
Expected: å·´åŸºæ–¯å?¦
     got: ????
 ; [cca2=PK].translations.zho.official
Expected: å·´åŸºæ–¯å?¦ä¼Šæ–¯å…°å…±å’Œå›½
     got: ??????????
 ; [cca2=PL].currencies.PLN.name
Expected: Polish zÅ‚oty
     got: Polish z?oty
 ; [cca2=PL].currencies.PLN.symbol
Expected: zÅ‚
     got: z?
 ; [cca2=PL].flag
Expected: ðŸ‡µðŸ‡±
     got: ??
 ; [cca2=PL].translations.ara.common
Expected: Ø¨ÙˆÙ„Ù†Ø¯Ø§
     got: ??????
 ; [cca2=PL].translations.ara.official
Expected: Ø§Ù„Ø¬Ù…Ù‡ÙˆØ±ÙŠØ© Ø§Ù„Ø¨ÙˆÙ„Ù†Ø¯ÙŠØ©
     got: ????????? ?????????
 ; [cca2=PL].translations.ces.official
Expected: PolskÃ¡ republika
     got: Polská republika
 ; [cca2=PL].translations.fra.official
Expected: RÃ©publique de Pologne
     got: République de Pologne
 ; [cca2=PL].translations.hun.common
Expected: LengyelorszÃ¡g
     got: Lengyelország
 ; [cca2=PL].translations.hun.official
Expected: Lengyel KÃ¶ztÃ¡rsasÃ¡g
     got: Lengyel Köztársaság
 ; [cca2=PL].translations.jpn.common
Expected: ãƒ?ãƒ¼ãƒ©ãƒ³ãƒ‰
     got: ?????
 ; [cca2=PL].translations.jpn.official
Expected: ãƒ?ãƒ¼ãƒ©ãƒ³ãƒ‰å…±å’Œå›½
     got: ????????
 ; [cca2=PL].translations.kor.common
Expected: í?´ëž€ë“œ
     got: ???
 ; [cca2=PL].translations.kor.official
Expected: í?´ëž€ë“œ ê³µí™”êµ­
     got: ??? ???
 ; [cca2=PL].translations.per.common
Expected: Ù„Ù‡Ø³ØªØ§Ù†
     got: ??????
 ; [cca2=PL].translations.per.official
Expected: Ø¬Ù…Ù‡ÙˆØ±ÛŒ Ù„Ù‡Ø³ØªØ§Ù†
     got: ?????? ??????
 ; [cca2=PL].translations.por.common
Expected: PolÃ³nia
     got: Polónia
 ; [cca2=PL].translations.por.official
Expected: RepÃºblica da PolÃ³nia
     got: República da Polónia
 ; [cca2=PL].translations.rus.common
Expected: ÐŸÐ¾Ð»ÑŒÑˆÐ°
     got: ??????
 ; [cca2=PL].translations.rus.official
Expected: Ð ÐµÑ?Ð¿ÑƒÐ±Ð»Ð¸ÐºÐ° ÐŸÐ¾Ð»ÑŒÑˆÐ°
     got: ?????????? ??????
 ; [cca2=PL].translations.slk.common
Expected: PoÄ¾sko
     got: Po?sko
 ; [cca2=PL].translations.slk.official
Expected: PoÄ¾skÃ¡ republika
     got: Po?ská republika
 ; [cca2=PL].translations.spa.official
Expected: RepÃºblica de Polonia
     got: República de Polonia
 ; [cca2=PL].translations.srp.common
Expected: ÐŸÐ¾Ñ™Ñ?ÐºÐ°
     got: ??????
 ; [cca2=PL].translations.srp.official
Expected: Ð ÐµÐ¿ÑƒÐ±Ð»Ð¸ÐºÐ° ÐŸÐ¾Ñ™Ñ?ÐºÐ°
     got: ????????? ??????
 ; [cca2=PL].translations.urd.common
Expected: Ù¾ÙˆÙ„ÛŒÙ†Úˆ
     got: ??????
 ; [cca2=PL].translations.urd.official
Expected: Ø¬Ù…Û?ÙˆØ±ÛŒÛ? Ù¾ÙˆÙ„ÛŒÙ†Úˆ
     got: ??????? ??????
 ; [cca2=PL].translations.zho.common
Expected: æ³¢å…°
     got: ??
 ; [cca2=PL].translations.zho.official
Expected: æ³¢å…°å…±å’Œå›½
     got: ?????
 ; [cca2=PM].altSpellings[]
Expected: CollectivitÃ© territoriale de Saint-Pierre-et-Miquelon
     but none found
 ; [cca2=PM].altSpellings[]
Unexpected: Collectivité territoriale de Saint-Pierre-et-Miquelon
 ; [cca2=PM].currencies.EUR.symbol
Expected: â‚¬
     got: €
 ; [cca2=PM].flag
Expected: ðŸ‡µðŸ‡²
     got: ??
 ; [cca2=PM].name.nativeName.fra.official
Expected: CollectivitÃ© territoriale de Saint-Pierre-et-Miquelon
     got: Collectivité territoriale de Saint-Pierre-et-Miquelon
 ; [cca2=PM].translations.ara.common
Expected: Ø³Ø§Ù† Ø¨ÙŠÙŠØ± ÙˆÙ…ÙŠÙƒÙ„ÙˆÙ†
     got: ??? ???? ???????
 ; [cca2=PM].translations.ara.official
Expected: Ø³Ø§Ù† Ø¨ÙŠÙŠØ± ÙˆÙ…ÙŠÙƒÙ„ÙˆÙ†
     got: ??? ???? ???????
 ; [cca2=PM].translations.bre.common
Expected: Sant-PÃªr-ha-Mikelon
     got: Sant-Pêr-ha-Mikelon
 ; [cca2=PM].translations.bre.official
Expected: Sant-PÃªr-ha-Mikelon
     got: Sant-Pêr-ha-Mikelon
 ; [cca2=PM].translations.est.official
Expected: Saint-Pierreâ€™i ja Miqueloni territoriaalÃ¼hendus
     got: Saint-Pierre’i ja Miqueloni territoriaalühendus
 ; [cca2=PM].translations.hun.common
Expected: Saint-Pierre Ã©s Miquelon
     got: Saint-Pierre és Miquelon
 ; [cca2=PM].translations.hun.official
Expected: Saint-Pierre Ã©s Miquelon
     got: Saint-Pierre és Miquelon
 ; [cca2=PM].translations.jpn.common
Expected: ã‚µãƒ³ãƒ”ã‚¨ãƒ¼ãƒ«å³¶ãƒ»ãƒŸã‚¯ãƒ­ãƒ³å³¶
     got: ?????????????
 ; [cca2=PM].translations.jpn.official
Expected: ã‚µãƒ³ãƒ”ã‚¨ãƒ¼ãƒ«å³¶Â·ãƒŸã‚¯ãƒ­ãƒ³å³¶
     got: ???????·?????
 ; [cca2=PM].translations.kor.common
Expected: ìƒ?í”¼ì—?ë¥´ ë¯¸í?´ë¡±
     got: ???? ???
 ; [cca2=PM].translations.kor.official
Expected: ìƒ?í”¼ì—?ë¥´ ë¯¸í?´ë¡±
     got: ???? ???
 ; [cca2=PM].translations.per.common
Expected: Ø³Ù†-Ù¾ÛŒÙ?Ø± Ùˆ Ù…ÛŒÚ©Ù„Ù?Ù†
     got: ??-???? ? ??????
 ; [cca2=PM].translations.per.official
Expected: Ø³Ù†-Ù¾ÛŒØ±-Ø§-Ù…ÛŒÚ©Ù„ÙˆÙ†
     got: ??-???-?-??????
 ; [cca2=PM].translations.rus.common
Expected: Ð¡ÐµÐ½-ÐŸÑŒÐµÑ€ Ð¸ ÐœÐ¸ÐºÐµÐ»Ð¾Ð½
     got: ???-???? ? ???????
 ; [cca2=PM].translations.rus.official
Expected: Ð¡ÐµÐ½-ÐŸÑŒÐµÑ€ Ð¸ ÐœÐ¸ÐºÐµÐ»Ð¾Ð½
     got: ???-???? ? ???????
 ; [cca2=PM].translations.spa.common
Expected: San Pedro y MiquelÃ³n
     got: San Pedro y Miquelón
 ; [cca2=PM].translations.spa.official
Expected: San Pedro y MiquelÃ³n
     got: San Pedro y Miquelón
 ; [cca2=PM].translations.srp.common
Expected: Ð¡ÐµÐ½ ÐŸÑ˜ÐµÑ€ Ð¸ ÐœÐ¸ÐºÐµÐ»Ð¾Ð½
     got: ??? ???? ? ???????
 ; [cca2=PM].translations.srp.official
Expected: Ð¡ÐµÐ½ ÐŸÑ˜ÐµÑ€ Ð¸ ÐœÐ¸ÐºÐµÐ»Ð¾Ð½
     got: ??? ???? ? ???????
 ; [cca2=PM].translations.urd.common
Expected: Ø³ÛŒÙ†Ù¹ Ù¾ÛŒØ¦Ø± Ùˆ Ù…ÛŒÚ©ÛŒÙ„ÙˆÙ†
     got: ???? ???? ? ???????
 ; [cca2=PM].translations.urd.official
Expected: Ø³ÛŒÙ†Ù¹ Ù¾ÛŒØ¦Ø± Ùˆ Ù…ÛŒÚ©ÛŒÙ„ÙˆÙ†
     got: ???? ???? ? ???????
 ; [cca2=PM].translations.zho.common
Expected: åœ£çš®åŸƒå°”å’Œå¯†å…‹éš†
     got: ????????
 ; [cca2=PM].translations.zho.official
Expected: åœ£çš®åŸƒå°”å’Œå¯†å…‹éš†
     got: ????????
 ; [cca2=PN].flag
Expected: ðŸ‡µðŸ‡³
     got: ??
 ; [cca2=PN].translations.ara.common
Expected: Ø¬Ø²Ø± Ø¨ÙŠØªÙƒÙŠØ±Ù†
     got: ??? ???????
 ; [cca2=PN].translations.ara.official
Expected: Ø¬Ø²Ø± Ø¨ÙŠØªÙƒÙŠØ±Ù†
     got: ??? ???????
 ; [cca2=PN].translations.fra.common
Expected: ÃŽles Pitcairn
     got: Îles Pitcairn
 ; [cca2=PN].translations.fra.official
Expected: Groupe d&#039;Ã®les Pitcairn
     got: Groupe d&#039;îles Pitcairn
 ; [cca2=PN].translations.hrv.common
Expected: Pitcairnovo otoÄ?je
     got: Pitcairnovo oto?je
 ; [cca2=PN].translations.jpn.common
Expected: ãƒ”ãƒˆã‚±ã‚¢ãƒ³
     got: ?????
 ; [cca2=PN].translations.jpn.official
Expected: å³¶ã?®ãƒ”ãƒˆã‚±ã‚¢ãƒ³ã‚°ãƒ«ãƒ¼ãƒ—
     got: ???????????
 ; [cca2=PN].translations.kor.common
Expected: í•?ì¼€ì–¸ ì œë?„
     got: ??? ??
 ; [cca2=PN].translations.kor.official
Expected: í•?ì¼€ì–¸ ì œë?„
     got: ??? ??
 ; [cca2=PN].translations.per.common
Expected: Ø¬Ø²Ø§ÛŒØ± Ù¾ÛŒØªâ€ŒÚ©Ø±Ù†
     got: ????? ???????
 ; [cca2=PN].translations.per.official
Expected: Ø¬Ø²Ø§ÛŒØ± Ù¾ÛŒØªâ€ŒÚ©Ø±Ù†
     got: ????? ???????
 ; [cca2=PN].translations.rus.common
Expected: ÐžÑ?Ñ‚Ñ€Ð¾Ð²Ð° ÐŸÐ¸Ñ‚ÐºÑ?Ñ€Ð½
     got: ??????? ???????
 ; [cca2=PN].translations.rus.official
Expected: ÐŸÐ¸Ñ‚ÐºÑ?Ñ€Ð½ Ð³Ñ€ÑƒÐ¿Ð¿Ð° Ð¾Ñ?Ñ‚Ñ€Ð¾Ð²Ð¾Ð²
     got: ??????? ?????? ????????
 ; [cca2=PN].translations.srp.common
Expected: ÐžÑ?Ñ‚Ñ€Ð²Ð° ÐŸÐ¸Ñ‚ÐºÐµÑ€Ð½
     got: ?????? ???????
 ; [cca2=PN].translations.srp.official
Expected: ÐžÑ?Ñ‚Ñ€Ð²Ð° ÐŸÐ¸Ñ‚ÐºÐµÑ€Ð½, Ð¥ÐµÐ½Ð´ÐµÑ€Ñ?Ð¾Ð½, Ð”ÑƒÑ†Ð¸ Ð¸ ÐžÐ¸Ð½
     got: ?????? ???????, ?????????, ???? ? ???
 ; [cca2=PN].translations.swe.common
Expected: PitcairnÃ¶arna
     got: Pitcairnöarna
 ; [cca2=PN].translations.swe.official
Expected: PitcairnÃ¶arna
     got: Pitcairnöarna
 ; [cca2=PN].translations.tur.common
Expected: Pitcairn AdalarÄ±
     got: Pitcairn Adalar?
 ; [cca2=PN].translations.tur.official
Expected: Pitcairn, Henderson, Ducie ve Oeno AdalarÄ±
     got: Pitcairn, Henderson, Ducie ve Oeno Adalar?
 ; [cca2=PN].translations.urd.common
Expected: Ø¬Ø²Ø§Ø¦Ø± Ù¾Ù¹Ú©ÛŒØ±Ù†
     got: ????? ??????
 ; [cca2=PN].translations.urd.official
Expected: Ù¾Ù¹Ú©ÛŒØ±Ù† Ø¬Ø²Ø§Ø¦Ø±
     got: ?????? ?????
 ; [cca2=PN].translations.zho.common
Expected: çš®ç‰¹å‡¯æ?©ç¾¤å²›
     got: ??????
 ; [cca2=PN].translations.zho.official
Expected: çš®ç‰¹å‡¯æ?©ç¾¤å²›
     got: ??????
" type="java.lang.AssertionError">
      <![CDATA[java.lang.AssertionError: Get response: [cca2=PR].flag
Expected: ðŸ‡µðŸ‡·
     got: ??
 ; [cca2=PR].translations.ara.common
Expected: Ø¨ÙˆÙŠØ±ØªÙˆØ±ÙŠÙƒÙˆ
     got: ??????????
 ; [cca2=PR].translations.ara.official
Expected: ÙƒÙˆÙ…Ù†ÙˆÙ„Ø« Ø¨ÙˆÙŠØ±ØªÙˆØ±ÙŠÙƒÙˆ
     got: ??????? ??????????
 ; [cca2=PR].translations.est.official
Expected: Puerto Rico Ãœhendus
     got: Puerto Rico Ühendus
 ; [cca2=PR].translations.jpn.common
Expected: ãƒ—ã‚¨ãƒ«ãƒˆãƒªã‚³
     got: ??????
 ; [cca2=PR].translations.jpn.official
Expected: ãƒ—ã‚¨ãƒ«ãƒˆãƒªã‚³ã?®ã‚³ãƒ¢ãƒ³ã‚¦ã‚§ãƒ«ã‚¹
     got: ??????????????
 ; [cca2=PR].translations.kor.common
Expected: í‘¸ì—?ë¥´í† ë¦¬ì½”
     got: ??????
 ; [cca2=PR].translations.kor.official
Expected: í‘¸ì—?ë¥´í† ë¦¬ì½”
     got: ??????
 ; [cca2=PR].translations.per.common
Expected: Ù¾ÙˆØ±ØªÙˆØ±ÛŒÚ©Ùˆ
     got: ?????????
 ; [cca2=PR].translations.per.official
Expected: Ù‚Ù„Ù…Ø±Ùˆ Ù‡Ù…Ø³ÙˆØ¯ Ù¾ÙˆØ±ØªÙˆØ±ÛŒÚ©Ùˆ
     got: ????? ????? ?????????
 ; [cca2=PR].translations.pol.official
Expected: Wolne Stowarzyszone PaÅ„stwo Portoryko
     got: Wolne Stowarzyszone Pa?stwo Portoryko
 ; [cca2=PR].translations.rus.common
Expected: ÐŸÑƒÑ?Ñ€Ñ‚Ð¾-Ð Ð¸ÐºÐ¾
     got: ??????-????
 ; [cca2=PR].translations.rus.official
Expected: Ð¡Ð¾Ð´Ñ€ÑƒÐ¶ÐµÑ?Ñ‚Ð²Ð¾ ÐŸÑƒÑ?Ñ€Ñ‚Ð¾-Ð Ð¸ÐºÐ¾
     got: ??????????? ??????-????
 ; [cca2=PR].translations.slk.official
Expected: PortorickÃ© spoloÄ?enstvo
     got: Portorické spolo?enstvo
 ; [cca2=PR].translations.srp.common
Expected: ÐŸÐ¾Ñ€Ñ‚Ð¾Ñ€Ð¸ÐºÐ¾
     got: ?????????
 ; [cca2=PR].translations.srp.official
Expected: ÐšÐ¾Ð¼Ð¾Ð½Ð²ÐµÐ»Ñ‚ ÐŸÐ¾Ñ€Ñ‚Ð¾Ñ€Ð¸ÐºÐ¾
     got: ????????? ?????????
 ; [cca2=PR].translations.tur.official
Expected: Porto Riko TopluluÄŸu
     got: Porto Riko Toplulu?u
 ; [cca2=PR].translations.urd.common
Expected: Ù¾ÙˆØ±Ù¹Ùˆ Ø±ÛŒÚ©Ùˆ
     got: ????? ????
 ; [cca2=PR].translations.urd.official
Expected:  Ø¯ÙˆÙ„ØªÙ? Ù…Ø´ØªØ±Ú©Û? Ù¾ÙˆØ±Ù¹Ùˆ Ø±ÛŒÚ©Ùˆ
     got:  ????? ?????? ????? ????
 ; [cca2=PR].translations.zho.common
Expected: æ³¢å¤šé»Žå?„
     got: ????
 ; [cca2=PR].translations.zho.official
Expected: æ³¢å¤šé»Žå?„è?”é‚¦
     got: ??????
 ; [cca2=PS].altSpellings[]
Expected: Dawlat Filasá¹­in
     but none found
 ; [cca2=PS].altSpellings[]
Unexpected: Dawlat Filas?in
 ; [cca2=PS].currencies.EGP.symbol
Expected: EÂ£
     got: E£
 ; [cca2=PS].currencies.ILS.symbol
Expected: â‚ª
     got: ?
 ; [cca2=PS].flag
Expected: ðŸ‡µðŸ‡¸
     got: ??
 ; [cca2=PS].name.nativeName.ara.common
Expected: Ù?Ù„Ø³Ø·ÙŠÙ†
     got: ??????
 ; [cca2=PS].name.nativeName.ara.official
Expected: Ø¯ÙˆÙ„Ø© Ù?Ù„Ø³Ø·ÙŠÙ†
     got: ???? ??????
 ; [cca2=PS].tld[]
Expected: Ù?Ù„Ø³Ø·ÙŠÙ†.
     but none found
 ; [cca2=PS].tld[]
Unexpected: ??????.
 ; [cca2=PS].translations.ara.common
Expected: Ù?Ù„Ø³Ø·ÙŠÙ†
     got: ??????
 ; [cca2=PS].translations.ara.official
Expected: Ø¯ÙˆÙ„Ø© Ù?Ù„Ø³Ø·ÙŠÙ†
     got: ???? ??????
 ; [cca2=PS].translations.ces.official
Expected: StÃ¡t Palestina
     got: Stát Palestina
 ; [cca2=PS].translations.deu.common
Expected: PalÃ¤stina
     got: Palästina
 ; [cca2=PS].translations.deu.official
Expected: Staat PalÃ¤stina
     got: Staat Palästina
 ; [cca2=PS].translations.fra.official
Expected: Ã‰tat de Palestine
     got: État de Palestine
 ; [cca2=PS].translations.hun.official
Expected: Palesztin AutonÃ³mia
     got: Palesztin Autonómia
 ; [cca2=PS].translations.jpn.common
Expected: ãƒ‘ãƒ¬ã‚¹ãƒ?ãƒŠ
     got: ?????
 ; [cca2=PS].translations.jpn.official
Expected: ãƒ‘ãƒ¬ã‚¹ãƒ?ãƒŠè‡ªæ²»æ”¿åºœ
     got: ?????????
 ; [cca2=PS].translations.kor.common
Expected: íŒ”ë ˆìŠ¤íƒ€ì?¸
     got: ?????
 ; [cca2=PS].translations.kor.official
Expected: íŒ”ë ˆìŠ¤íƒ€ì?¸êµ­
     got: ??????
 ; [cca2=PS].translations.per.common
Expected: Ù?Ù„Ø³Ø·ÛŒÙ†
     got: ??????
 ; [cca2=PS].translations.per.official
Expected: Ø¯ÙˆÙ„Øª Ù?Ù„Ø³Ø·ÛŒÙ†
     got: ???? ??????
 ; [cca2=PS].translations.pol.official
Expected: PaÅ„stwo Palestyna
     got: Pa?stwo Palestyna
 ; [cca2=PS].translations.rus.common
Expected: ÐŸÐ°Ð»ÐµÑ?Ñ‚Ð¸Ð½Ð°
     got: ?????????
 ; [cca2=PS].translations.rus.official
Expected: Ð“Ð¾Ñ?ÑƒÐ´Ð°Ñ€Ñ?Ñ‚Ð²Ð¾ ÐŸÐ°Ð»ÐµÑ?Ñ‚Ð¸Ð½Ð°
     got: ??????????? ?????????
 ; [cca2=PS].translations.slk.common
Expected: PalestÃ­na
     got: Palestína
 ; [cca2=PS].translations.slk.official
Expected: PalestÃ­nsky Å¡tÃ¡t
     got: Palestínsky štát
 ; [cca2=PS].translations.srp.common
Expected: ÐŸÐ°Ð»ÐµÑ?Ñ‚Ð¸Ð½Ð°
     got: ?????????
 ; [cca2=PS].translations.srp.official
Expected: Ð”Ñ€Ð¶Ð°Ð²Ð° ÐŸÐ°Ð»ÐµÑ?Ñ‚Ð¸Ð½Ð°
     got: ?????? ?????????
 ; [cca2=PS].translations.urd.common
Expected: Ù?Ù„Ø³Ø·ÛŒÙ†
     got: ??????
 ; [cca2=PS].translations.urd.official
Expected: Ø±ÛŒØ§Ø³ØªÙ? Ù?Ù„Ø³Ø·ÛŒÙ†
     got: ?????? ??????
 ; [cca2=PS].translations.zho.common
Expected: å·´å‹’æ–¯å?¦
     got: ????
 ; [cca2=PS].translations.zho.official
Expected: å·´å‹’æ–¯å?¦å›½
     got: ?????
 ; [cca2=PT].altSpellings[]
Expected: RepÃºblica Portuguesa
     but none found
 ; [cca2=PT].altSpellings[]
Unexpected: República Portuguesa
 ; [cca2=PT].currencies.EUR.symbol
Expected: â‚¬
     got: €
 ; [cca2=PT].flag
Expected: ðŸ‡µðŸ‡¹
     got: ??
 ; [cca2=PT].name.nativeName.por.official
Expected: RepÃºblica portuguÃªs
     got: República português
 ; [cca2=PT].translations.ara.common
Expected: Ø§Ù„Ø¨Ø±ØªØºØ§Ù„
     got: ????????
 ; [cca2=PT].translations.ara.official
Expected: Ø§Ù„Ø¬Ù…Ù‡ÙˆØ±ÙŠØ© Ø§Ù„Ø¨Ø±ØªØºØ§Ù„ÙŠØ©
     got: ????????? ??????????
 ; [cca2=PT].translations.ces.official
Expected: PortugalskÃ¡ republika
     got: Portugalská republika
 ; [cca2=PT].translations.fra.official
Expected: RÃ©publique portugaise
     got: République portugaise
 ; [cca2=PT].translations.hun.common
Expected: PortugÃ¡lia
     got: Portugália
 ; [cca2=PT].translations.hun.official
Expected: PortugÃ¡l KÃ¶ztÃ¡rsasÃ¡g
     got: Portugál Köztársaság
 ; [cca2=PT].translations.jpn.common
Expected: ãƒ?ãƒ«ãƒˆã‚¬ãƒ«
     got: ?????
 ; [cca2=PT].translations.jpn.official
Expected: ãƒ?ãƒ«ãƒˆã‚¬ãƒ«å…±å’Œå›½
     got: ????????
 ; [cca2=PT].translations.kor.common
Expected: í?¬ë¥´íˆ¬ê°ˆ
     got: ????
 ; [cca2=PT].translations.kor.official
Expected: í?¬ë¥´íˆ¬ê°ˆ ê³µí™”êµ­
     got: ???? ???
 ; [cca2=PT].translations.per.common
Expected: Ù¾Ø±ØªØºØ§Ù„
     got: ??????
 ; [cca2=PT].translations.per.official
Expected: Ø¬Ù…Ù‡ÙˆØ±ÛŒ Ù¾Ø±ØªØºØ§Ù„
     got: ?????? ??????
 ; [cca2=PT].translations.por.official
Expected: RepÃºblica portuguÃªs
     got: República português
 ; [cca2=PT].translations.rus.common
Expected: ÐŸÐ¾Ñ€Ñ‚ÑƒÐ³Ð°Ð»Ð¸Ñ?
     got: ??????????
 ; [cca2=PT].translations.rus.official
Expected: ÐŸÐ¾Ñ€Ñ‚ÑƒÐ³Ð°Ð»ÑŒÑ?ÐºÐ°Ñ? Ð ÐµÑ?Ð¿ÑƒÐ±Ð»Ð¸ÐºÐ°
     got: ????????????? ??????????
 ; [cca2=PT].translations.slk.official
Expected: PortugalskÃ¡ republika
     got: Portugalská republika
 ; [cca2=PT].translations.spa.official
Expected: RepÃºblica Portuguesa
     got: República Portuguesa
 ; [cca2=PT].translations.srp.common
Expected: ÐŸÐ¾Ñ€Ñ‚ÑƒÐ³Ð°Ð»
     got: ????????
 ; [cca2=PT].translations.srp.official
Expected: ÐŸÐ¾Ñ€Ñ‚ÑƒÐ³Ð°Ð»Ñ?ÐºÐ° Ð ÐµÐ¿ÑƒÐ±Ð»Ð¸ÐºÐ°
     got: ??????????? ?????????
 ; [cca2=PT].translations.urd.common
Expected: Ù¾Ø±ØªÚ¯Ø§Ù„
     got: ??????
 ; [cca2=PT].translations.urd.official
Expected: Ø¬Ù…Û?ÙˆØ±ÛŒÛ? Ù¾Ø±ØªÚ¯Ø§Ù„
     got: ??????? ??????
 ; [cca2=PT].translations.zho.common
Expected: è‘¡è?„ç‰™
     got: ???
 ; [cca2=PT].translations.zho.official
Expected: è‘¡è?„ç‰™å…±å’Œå›½
     got: ??????
 ; [cca2=PW].flag
Expected: ðŸ‡µðŸ‡¼
     got: ??
 ; [cca2=PW].translations.ara.common
Expected: Ø¨Ø§Ù„Ø§Ùˆ
     got: ?????
 ; [cca2=PW].translations.ara.official
Expected: Ø¬Ù…Ù‡ÙˆØ±ÙŠØ© Ø¨Ø§Ù„Ø§Ùˆ
     got: ??????? ?????
 ; [cca2=PW].translations.fra.official
Expected: RÃ©publique des Palaos (Palau)
     got: République des Palaos (Palau)
 ; [cca2=PW].translations.hun.official
Expected: Palaui KÃ¶ztÃ¡rsasÃ¡g
     got: Palaui Köztársaság
 ; [cca2=PW].translations.jpn.common
Expected: ãƒ‘ãƒ©ã‚ª
     got: ???
 ; [cca2=PW].translations.jpn.official
Expected: ãƒ‘ãƒ©ã‚ªå…±å’Œå›½
     got: ??????
 ; [cca2=PW].translations.kor.common
Expected: íŒ”ë?¼ìš°
     got: ???
 ; [cca2=PW].translations.kor.official
Expected: íŒ”ë?¼ìš° ê³µí™”êµ­
     got: ??? ???
 ; [cca2=PW].translations.per.common
Expected: Ù¾Ø§Ù„Ø§Ø¦Ùˆ
     got: ??????
 ; [cca2=PW].translations.per.official
Expected: Ø¬Ù…Ù‡ÙˆØ±ÛŒ Ù¾Ø§Ù„Ø§Ø¦Ùˆ
     got: ?????? ??????
 ; [cca2=PW].translations.por.official
Expected: RepÃºblica de Palau
     got: República de Palau
 ; [cca2=PW].translations.rus.common
Expected: ÐŸÐ°Ð»Ð°Ñƒ
     got: ?????
 ; [cca2=PW].translations.rus.official
Expected: Ð ÐµÑ?Ð¿ÑƒÐ±Ð»Ð¸ÐºÐ° ÐŸÐ°Ð»Ð°Ñƒ
     got: ?????????? ?????
 ; [cca2=PW].translations.slk.official
Expected: PalauskÃ¡ republika
     got: Palauská republika
 ; [cca2=PW].translations.spa.official
Expected: RepÃºblica de Palau
     got: República de Palau
 ; [cca2=PW].translations.srp.common
Expected: ÐŸÐ°Ð»Ð°Ñƒ
     got: ?????
 ; [cca2=PW].translations.srp.official
Expected: Ð ÐµÐ¿ÑƒÐ±Ð»Ð¸ÐºÐ° ÐŸÐ°Ð»Ð°Ñƒ
     got: ????????? ?????
 ; [cca2=PW].translations.urd.common
Expected: Ù¾Ù„Ø§Ø¤
     got: ????
 ; [cca2=PW].translations.urd.official
Expected: Ø¬Ù…Û?ÙˆØ±ÛŒÛ? Ù¾Ù„Ø§Ø¤
     got: ??????? ????
 ; [cca2=PW].translations.zho.common
Expected: å¸•åŠ³
     got: ??
 ; [cca2=PW].translations.zho.official
Expected: å¸•åŠ³å…±å’Œå›½
     got: ?????
 ; [cca2=PY].altSpellings[]
Expected: TetÃ£ ParaguÃ¡i
     but none found
 ; [cca2=PY].altSpellings[]
Expected: RepÃºblica del Paraguay
     but none found
 ; [cca2=PY].altSpellings[]
Unexpected: República del Paraguay
 ; [cca2=PY].altSpellings[]
Unexpected: Tetã Paraguái
 ; [cca2=PY].capital[]
Expected: AsunciÃ³n
     but none found
 ; [cca2=PY].capital[]
Unexpected: Asunción
 ; [cca2=PY].currencies.PYG.name
Expected: Paraguayan guaranÃ­
     got: Paraguayan guaraní
 ; [cca2=PY].currencies.PYG.symbol
Expected: â‚²
     got: ?
 ; [cca2=PY].flag
Expected: ðŸ‡µðŸ‡¾
     got: ??
 ; [cca2=PY].languages.grn
Expected: GuaranÃ­
     got: Guaraní
 ; [cca2=PY].name.nativeName.grn.common
Expected: ParaguÃ¡i
     got: Paraguái
 ; [cca2=PY].name.nativeName.grn.official
Expected: TetÃ£ ParaguÃ¡i
     got: Tetã Paraguái
 ; [cca2=PY].name.nativeName.spa.official
Expected: RepÃºblica de Paraguay
     got: República de Paraguay
 ; [cca2=PY].translations.ara.common
Expected: Ø¨Ø§Ø±Ø§ØºÙˆØ§ÙŠ
     got: ????????
 ; [cca2=PY].translations.ara.official
Expected: Ø¬Ù…Ù‡ÙˆØ±ÙŠØ© Ø¨Ø§Ø±Ø§ØºÙˆØ§ÙŠ
     got: ??????? ????????
 ; [cca2=PY].translations.ces.official
Expected: ParaguayskÃ¡ republika
     got: Paraguayská republika
 ; [cca2=PY].translations.fra.official
Expected: RÃ©publique du Paraguay
     got: République du Paraguay
 ; [cca2=PY].translations.hun.official
Expected: Paraguayi KÃ¶ztÃ¡rsasÃ¡g
     got: Paraguayi Köztársaság
 ; [cca2=PY].translations.jpn.common
Expected: ãƒ‘ãƒ©ã‚°ã‚¢ã‚¤
     got: ?????
 ; [cca2=PY].translations.jpn.official
Expected: ãƒ‘ãƒ©ã‚°ã‚¢ã‚¤å…±å’Œå›½
     got: ????????
 ; [cca2=PY].translations.kor.common
Expected: íŒŒë?¼ê³¼ì?´
     got: ????
 ; [cca2=PY].translations.kor.official
Expected: íŒŒë?¼ê³¼ì?´ ê³µí™”êµ­
     got: ???? ???
 ; [cca2=PY].translations.per.common
Expected: Ù¾Ø§Ø±Ø§Ú¯ÙˆØ¦Ù‡
     got: ????????
 ; [cca2=PY].translations.per.official
Expected: Ø¬Ù…Ù‡ÙˆØ±ÛŒ Ù¾Ø§Ø±Ø§Ú¯ÙˆØ¦Ù‡
     got: ?????? ????????
 ; [cca2=PY].translations.por.official
Expected: RepÃºblica do Paraguai
     got: República do Paraguai
 ; [cca2=PY].translations.rus.common
Expected: ÐŸÐ°Ñ€Ð°Ð³Ð²Ð°Ð¹
     got: ????????
 ; [cca2=PY].translations.rus.official
Expected: Ð ÐµÑ?Ð¿ÑƒÐ±Ð»Ð¸ÐºÐ° ÐŸÐ°Ñ€Ð°Ð³Ð²Ð°Ð¹
     got: ?????????? ????????
 ; [cca2=PY].translations.slk.official
Expected: ParaguajskÃ¡ republika
     got: Paraguajská republika
 ; [cca2=PY].translations.spa.official
Expected: RepÃºblica de Paraguay
     got: República de Paraguay
 ; [cca2=PY].translations.srp.common
Expected: ÐŸÐ°Ñ€Ð°Ð³Ð²Ð°Ñ˜
     got: ????????
 ; [cca2=PY].translations.srp.official
Expected: Ð ÐµÐ¿ÑƒÐ±Ð»Ð¸ÐºÐ° ÐŸÐ°Ñ€Ð°Ð³Ð²Ð°Ñ˜
     got: ????????? ????????
 ; [cca2=PY].translations.urd.common
Expected: Ù¾ÛŒØ±Ø§Ú¯ÙˆØ¦Û’
     got: ????????
 ; [cca2=PY].translations.urd.official
Expected: Ø¬Ù…Û?ÙˆØ±ÛŒÛ? Ù¾ÛŒØ±Ø§Ú¯ÙˆØ¦Û’
     got: ??????? ????????
 ; [cca2=PY].translations.zho.common
Expected: å·´æ‹‰åœ­
     got: ???
 ; [cca2=PY].translations.zho.official
Expected: å·´æ‹‰åœ­å…±å’Œå›½
     got: ??????
 ; [cca2=QA].altSpellings[]
Expected: Dawlat Qaá¹­ar
     but none found
 ; [cca2=QA].altSpellings[]
Unexpected: Dawlat Qa?ar
 ; [cca2=QA].currencies.QAR.symbol
Expected: Ø±.Ù‚
     got: ?.?
 ; [cca2=QA].flag
Expected: ðŸ‡¶ðŸ‡¦
     got: ??
 ; [cca2=QA].name.nativeName.ara.common
Expected: Ù‚Ø·Ø±
     got: ???
 ; [cca2=QA].name.nativeName.ara.official
Expected: Ø¯ÙˆÙ„Ø© Ù‚Ø·Ø±
     got: ???? ???
 ; [cca2=QA].tld[]
Expected: Ù‚Ø·Ø±.
     but none found
 ; [cca2=QA].tld[]
Unexpected: ???.
 ; [cca2=QA].translations.ara.common
Expected: Ù‚Ø·Ø±
     got: ???
 ; [cca2=QA].translations.ara.official
Expected: Ø¯ÙˆÙ„Ø© Ù‚Ø·Ø±
     got: ???? ???
 ; [cca2=QA].translations.ces.official
Expected: StÃ¡t Katar
     got: Stát Katar
 ; [cca2=QA].translations.fra.official
Expected: Ã‰tat du Qatar
     got: État du Qatar
 ; [cca2=QA].translations.hrv.official
Expected: DrÅ¾ava Katar
     got: Država Katar
 ; [cca2=QA].translations.hun.official
Expected: Katari Ã?llam
     got: Katari Állam
 ; [cca2=QA].translations.jpn.common
Expected: ã‚«ã‚¿ãƒ¼ãƒ«
     got: ????
 ; [cca2=QA].translations.jpn.official
Expected: ã‚«ã‚¿ãƒ¼ãƒ«å›½
     got: ?????
 ; [cca2=QA].translations.kor.common
Expected: ì¹´íƒ€ë¥´
     got: ???
 ; [cca2=QA].translations.kor.official
Expected: ì¹´íƒ€ë¥´êµ­
     got: ????
 ; [cca2=QA].translations.per.common
Expected: Ù‚Ø·Ø±
     got: ???
 ; [cca2=QA].translations.per.official
Expected: Ø¯ÙˆÙ„Øª Ù‚Ø·Ø±
     got: ???? ???
 ; [cca2=QA].translations.pol.official
Expected: PaÅ„stwo Katar
     got: Pa?stwo Katar
 ; [cca2=QA].translations.rus.common
Expected: ÐšÐ°Ñ‚Ð°Ñ€
     got: ?????
 ; [cca2=QA].translations.rus.official
Expected: Ð“Ð¾Ñ?ÑƒÐ´Ð°Ñ€Ñ?Ñ‚Ð²Ð¾ ÐšÐ°Ñ‚Ð°Ñ€
     got: ??????????? ?????
 ; [cca2=QA].translations.slk.official
Expected: KatarskÃ½ Å¡tÃ¡t
     got: Katarský štát
 ; [cca2=QA].translations.srp.common
Expected: ÐšÐ°Ñ‚Ð°Ñ€
     got: ?????
 ; [cca2=QA].translations.srp.official
Expected: Ð”Ñ€Ð¶Ð°Ð²Ð° ÐšÐ°Ñ‚Ð°Ñ€
     got: ?????? ?????
 ; [cca2=QA].translations.urd.common
Expected: Ù‚Ø·Ø±
     got: ???
 ; [cca2=QA].translations.urd.official
Expected: Ø±ÛŒØ§Ø³ØªÙ? Ù‚Ø·Ø±
     got: ?????? ???
 ; [cca2=QA].translations.zho.common
Expected: å?¡å¡”å°”
     got: ???
 ; [cca2=QA].translations.zho.official
Expected: å?¡å¡”å°”å›½
     got: ????
 ; [cca2=AD].currencies.EUR.symbol
Expected: â‚¬
     got: €
 ; [cca2=AD].flag
Expected: ðŸ‡¦ðŸ‡©
     got: ??
 ; [cca2=AD].translations.ara.common
Expected: Ø£Ù†Ø¯ÙˆØ±Ø§
     got: ??????
 ; [cca2=AD].translations.ara.official
Expected: Ø¥Ù…Ø§Ø±Ø© Ø£Ù†Ø¯ÙˆØ±Ø§
     got: ????? ??????
 ; [cca2=AD].translations.bre.official
Expected: PriÃ±selezh Andorra
     got: Priñselezh Andorra
 ; [cca2=AD].translations.ces.official
Expected: AndorrskÃ© knÃ­Å¾ectvÃ­
     got: Andorrské knížectví
 ; [cca2=AD].translations.deu.official
Expected: FÃ¼rstentum Andorra
     got: Fürstentum Andorra
 ; [cca2=AD].translations.est.official
Expected: Andorra VÃ¼rstiriik
     got: Andorra Vürstiriik
 ; [cca2=AD].translations.fra.official
Expected: PrincipautÃ© d'Andorre
     got: Principauté d'Andorre
 ; [cca2=AD].translations.hrv.official
Expected: KneÅ¾evina Andora
     got: Kneževina Andora
 ; [cca2=AD].translations.jpn.common
Expected: ã‚¢ãƒ³ãƒ‰ãƒ©
     got: ????
 ; [cca2=AD].translations.jpn.official
Expected: ã‚¢ãƒ³ãƒ‰ãƒ©å…¬å›½
     got: ??????
 ; [cca2=AD].translations.kor.common
Expected: ì•ˆë?„ë?¼
     got: ???
 ; [cca2=AD].translations.kor.official
Expected: ì•ˆë?„ë?¼ ê³µêµ­
     got: ??? ??
 ; [cca2=AD].translations.per.common
Expected: Ø¢Ù†Ø¯ÙˆØ±Ø§
     got: ??????
 ; [cca2=AD].translations.per.official
Expected: Ø´Ø§Ù‡Ø²Ø§Ø¯Ù‡â€ŒÙ†Ø´ÛŒÙ† Ø¢Ù†Ø¯ÙˆØ±Ø§
     got: ???????????? ??????
 ; [cca2=AD].translations.pol.official
Expected: KsiÄ™stwo Andory
     got: Ksi?stwo Andory
 ; [cca2=AD].translations.rus.common
Expected: Ð?Ð½Ð´Ð¾Ñ€Ñ€Ð°
     got: ???????
 ; [cca2=AD].translations.rus.official
Expected: ÐšÐ½Ñ?Ð¶ÐµÑ?Ñ‚Ð²Ð¾ Ð?Ð½Ð´Ð¾Ñ€Ñ€Ð°
     got: ????????? ???????
 ; [cca2=AD].translations.slk.official
Expected: AndorrskÃ© knieÅ¾atstvo
     got: Andorrské kniežatstvo
 ; [cca2=AD].translations.srp.common
Expected: Ð?Ð½Ð´Ð¾Ñ€Ð°
     got: ??????
 ; [cca2=AD].translations.srp.official
Expected: ÐšÐ½ÐµÐ¶ÐµÐ²Ð¸Ð½Ð° Ð?Ð½Ð´Ð¾Ñ€Ð°
     got: ????????? ??????
 ; [cca2=AD].translations.swe.official
Expected: FurstendÃ¶met Andorra
     got: Furstendömet Andorra
 ; [cca2=AD].translations.tur.official
Expected: Andorra PrensliÄŸi
     got: Andorra Prensli?i
 ; [cca2=AD].translations.urd.common
Expected: Ø§Ù†ÚˆÙˆØ±Ø§
     got: ??????
 ; [cca2=AD].translations.urd.official
Expected: Ø§Ù…Ø§Ø±Ø§ØªÙ? Ø§Ù†ÚˆÙˆØ±Ø§
     got: ??????? ??????
 ; [cca2=AD].translations.zho.common
Expected: å®‰é?“å°”
     got: ???
 ; [cca2=AD].translations.zho.official
Expected: å®‰é?“å°”å…¬å›½
     got: ?????
 ; [cca2=AE].currencies.AED.symbol
Expected: Ø¯.Ø¥
     got: ?.?
 ; [cca2=AE].flag
Expected: ðŸ‡¦ðŸ‡ª
     got: ??
 ; [cca2=AE].name.nativeName.ara.common
Expected: Ø¯ÙˆÙ„Ø© Ø§Ù„Ø¥Ù…Ø§Ø±Ø§Øª Ø§Ù„Ø¹Ø±Ø¨ÙŠØ© Ø§Ù„Ù…ØªØ­Ø¯Ø©
     got: ???? ???????? ??????? ???????
 ; [cca2=AE].name.nativeName.ara.official
Expected: Ø§Ù„Ø¥Ù…Ø§Ø±Ø§Øª Ø§Ù„Ø¹Ø±Ø¨ÙŠØ© Ø§Ù„Ù…ØªØ­Ø¯Ø©
     got: ???????? ??????? ???????
 ; [cca2=AE].tld[]
Expected: Ø§Ù…Ø§Ø±Ø§Øª.
     but none found
 ; [cca2=AE].tld[]
Unexpected: ??????.
 ; [cca2=AE].translations.ara.common
Expected: Ø¯ÙˆÙ„Ø© Ø§Ù„Ø¥Ù…Ø§Ø±Ø§Øª Ø§Ù„Ø¹Ø±Ø¨ÙŠØ© Ø§Ù„Ù…ØªØ­Ø¯Ø©
     got: ???? ???????? ??????? ???????
 ; [cca2=AE].translations.ara.official
Expected: Ø§Ù„Ø¥Ù…Ø§Ø±Ø§Øª Ø§Ù„Ø¹Ø±Ø¨ÙŠØ© Ø§Ù„Ù…ØªØ­Ø¯Ø©
     got: ???????? ??????? ???????
 ; [cca2=AE].translations.bre.common
Expected: EmirelezhioÃ¹ Arab Unanet
     got: Emirelezhioù Arab Unanet
 ; [cca2=AE].translations.bre.official
Expected: EmirelezhioÃ¹ Arab Unanet
     got: Emirelezhioù Arab Unanet
 ; [cca2=AE].translations.ces.common
Expected: ArabskÃ© emirÃ¡ty
     got: Arabské emiráty
 ; [cca2=AE].translations.ces.official
Expected: SpojenÃ© arabskÃ© emirÃ¡ty
     got: Spojené arabské emiráty
 ; [cca2=AE].translations.est.common
Expected: Araabia Ãœhendemiraadid
     got: Araabia Ühendemiraadid
 ; [cca2=AE].translations.est.official
Expected: Araabia Ãœhendemiraadid
     got: Araabia Ühendemiraadid
 ; [cca2=AE].translations.fra.common
Expected: Ã‰mirats arabes unis
     got: Émirats arabes unis
 ; [cca2=AE].translations.fra.official
Expected: Ã‰mirats arabes unis
     got: Émirats arabes unis
 ; [cca2=AE].translations.hun.common
Expected: EgyesÃ¼lt Arab EmÃ­rsÃ©gek
     got: Egyesült Arab Emírségek
 ; [cca2=AE].translations.hun.official
Expected: EgyesÃ¼lt Arab EmÃ­rsÃ©gek
     got: Egyesült Arab Emírségek
 ; [cca2=AE].translations.jpn.common
Expected: ã‚¢ãƒ©ãƒ–é¦–é•·å›½é€£é‚¦
     got: ????????
 ; [cca2=AE].translations.jpn.official
Expected: ã‚¢ãƒ©ãƒ–é¦–é•·å›½é€£é‚¦
     got: ????????
 ; [cca2=AE].translations.kor.common
Expected: ì•„ëž?ì—?ë¯¸ë¦¬íŠ¸
     got: ??????
 ; [cca2=AE].translations.kor.official
Expected: ì•„ëž? í† í›„êµ­ ì—°ë°©
     got: ?? ??? ??
 ; [cca2=AE].translations.per.common
Expected: Ø§Ù…Ø§Ø±Ø§Øª
     got: ??????
 ; [cca2=AE].translations.per.official
Expected: Ø§Ù…Ø§Ø±Ø§Øª Ù…ØªØ­Ø¯Ù‡ Ø¹Ø±Ø¨ÛŒ
     got: ?????? ????? ????
 ; [cca2=AE].translations.por.common
Expected: Emirados Ã?rabes Unidos
     got: Emirados Árabes Unidos
 ; [cca2=AE].translations.por.official
Expected: Emirados Ã?rabes Unidos
     got: Emirados Árabes Unidos
 ; [cca2=AE].translations.rus.common
Expected: ÐžÐ±ÑŠÐµÐ´Ð¸Ð½Ñ‘Ð½Ð½Ñ‹Ðµ Ð?Ñ€Ð°Ð±Ñ?ÐºÐ¸Ðµ Ð­Ð¼Ð¸Ñ€Ð°Ñ‚Ñ‹
     got: ???????????? ???????? ???????
 ; [cca2=AE].translations.rus.official
Expected: ÐžÐ±ÑŠÐµÐ´Ð¸Ð½ÐµÐ½Ð½Ñ‹Ðµ Ð?Ñ€Ð°Ð±Ñ?ÐºÐ¸Ðµ Ð­Ð¼Ð¸Ñ€Ð°Ñ‚Ñ‹
     got: ???????????? ???????? ???????
 ; [cca2=AE].translations.slk.common
Expected: ArabskÃ© emirÃ¡ty
     got: Arabské emiráty
 ; [cca2=AE].translations.slk.official
Expected: SpojenÃ© arabskÃ© emirÃ¡ty
     got: Spojené arabské emiráty
 ; [cca2=AE].translations.spa.common
Expected: Emiratos Ã?rabes Unidos
     got: Emiratos Árabes Unidos
 ; [cca2=AE].translations.spa.official
Expected: Emiratos Ã?rabes Unidos
     got: Emiratos Árabes Unidos
 ; [cca2=AE].translations.srp.common
Expected: Ð£Ñ˜ÐµÐ´Ð¸ÑšÐµÐ½Ð¸ Ð?Ñ€Ð°Ð¿Ñ?ÐºÐ¸ Ð•Ð¼Ð¸Ñ€Ð°Ñ‚Ð¸
     got: ????????? ??????? ???????
 ; [cca2=AE].translations.srp.official
Expected: Ð£Ñ˜ÐµÐ´Ð¸ÑšÐµÐ½Ð¸ Ð?Ñ€Ð°Ð¿Ñ?ÐºÐ¸ Ð•Ð¼Ð¸Ñ€Ð°Ñ‚Ð¸
     got: ????????? ??????? ???????
 ; [cca2=AE].translations.swe.common
Expected: FÃ¶renade Arabemiraten
     got: Förenade Arabemiraten
 ; [cca2=AE].translations.swe.official
Expected: FÃ¶renade Arabemiraten
     got: Förenade Arabemiraten
 ; [cca2=AE].translations.tur.common
Expected: BirleÅŸik Arap Emirlikleri
     got: Birle?ik Arap Emirlikleri
 ; [cca2=AE].translations.tur.official
Expected: BirleÅŸik Arap Emirlikleri
     got: Birle?ik Arap Emirlikleri
 ; [cca2=AE].translations.urd.common
Expected: Ù…ØªØ­Ø¯Û? Ø¹Ø±Ø¨ Ø§Ù…Ø§Ø±Ø§Øª
     got: ????? ??? ??????
 ; [cca2=AE].translations.urd.official
Expected: Ù…ØªØ­Ø¯Û? Ø¹Ø±Ø¨ Ø§Ù…Ø§Ø±Ø§Øª
     got: ????? ??? ??????
 ; [cca2=AE].translations.zho.common
Expected: é˜¿æ‹‰ä¼¯è?”å?ˆé…‹é•¿å›½
     got: ????????
 ; [cca2=AE].translations.zho.official
Expected: é˜¿æ‹‰ä¼¯è?”å?ˆé…‹é•¿å›½
     got: ????????
 ; [cca2=AF].altSpellings[]
Expected: AfÄ¡Ä?nistÄ?n
     but none found
 ; [cca2=AF].altSpellings[]
Unexpected: Af??nist?n
 ; [cca2=AF].currencies.AFN.symbol
Expected: Ø‹
     got: ?
 ; [cca2=AF].flag
Expected: ðŸ‡¦ðŸ‡«
     got: ??
 ; [cca2=AF].flags.alt
Expected: The flag of the Islamic Emirate of Afghanistan has a white field with Arabic inscriptions â€” the Shahada â€” in black across its center.
     got: The flag of the Islamic Emirate of Afghanistan has a white field with Arabic inscriptions — the Shahada — in black across its center.
 ; [cca2=AF].name.nativeName.prs.common
Expected: Ø§Ù?ØºØ§Ù†Ø³ØªØ§Ù†
     got: ?????????
 ; [cca2=AF].name.nativeName.prs.official
Expected: Ø¬Ù…Ù‡ÙˆØ±ÛŒ Ø§Ø³Ù„Ø§Ù…ÛŒ Ø§Ù?ØºØ§Ù†Ø³ØªØ§Ù†
     got: ?????? ?????? ?????????
 ; [cca2=AF].name.nativeName.pus.common
Expected: Ø§Ù?ØºØ§Ù†Ø³ØªØ§Ù†
     got: ?????????
 ; [cca2=AF].name.nativeName.pus.official
Expected: Ø¯ Ø§Ù?ØºØ§Ù†Ø³ØªØ§Ù† Ø§Ø³Ù„Ø§Ù…ÙŠ Ø¬Ù…Ù‡ÙˆØ±ÛŒØª
     got: ? ????????? ?????? ???????
 ; [cca2=AF].translations.ara.common
Expected: Ø£Ù?ØºØ§Ù†Ø³ØªØ§Ù†
     got: ?????????
 ; [cca2=AF].translations.ara.official
Expected: Ø¬Ù…Ù‡ÙˆØ±ÙŠØ© Ø£Ù?Ù?Ø§Ù†Ø³ØªØ§Ù† Ø§Ù„Ø¥Ø³Ù„Ø§Ù…ÙŠØ©
     got: ??????? ????????? ?????????
 ; [cca2=AF].translations.ces.common
Expected: AfghÃ¡nistÃ¡n
     got: Afghánistán
 ; [cca2=AF].translations.ces.official
Expected: AfghÃ¡nskÃ¡ islÃ¡mskÃ¡ republika
     got: Afghánská islámská republika
 ; [cca2=AF].translations.fra.official
Expected: RÃ©publique islamique d'Afghanistan
     got: République islamique d'Afghanistan
 ; [cca2=AF].translations.hun.common
Expected: AfganisztÃ¡n
     got: Afganisztán
 ; [cca2=AF].translations.hun.official
Expected: AfganisztÃ¡ni IszlÃ¡m KÃ¶ztÃ¡rsasÃ¡g
     got: Afganisztáni Iszlám Köztársaság
 ; [cca2=AF].translations.jpn.common
Expected: ã‚¢ãƒ•ã‚¬ãƒ‹ã‚¹ã‚¿ãƒ³
     got: ???????
 ; [cca2=AF].translations.jpn.official
Expected: ã‚¢ãƒ•ã‚¬ãƒ‹ã‚¹ã‚¿ãƒ³Â·ã‚¤ã‚¹ãƒ©ãƒ å…±å’Œå›½
     got: ???????·???????
 ; [cca2=AF].translations.kor.common
Expected: ì•„í”„ê°€ë‹ˆìŠ¤íƒ„
     got: ??????
 ; [cca2=AF].translations.kor.official
Expected: ì•„í”„ê°€ë‹ˆìŠ¤íƒ„ ì?´ìŠ¬ëžŒ ê³µí™”êµ­
     got: ?????? ??? ???
 ; [cca2=AF].translations.per.common
Expected: Ø§Ù?ØºØ§Ù†Ø³ØªØ§Ù†
     got: ?????????
 ; [cca2=AF].translations.per.official
Expected: Ø¬Ù…Ù‡ÙˆØ±ÛŒ Ø§Ø³Ù„Ø§Ù…ÛŒ Ø§Ù?ØºØ§Ù†Ø³ØªØ§Ù†
     got: ?????? ?????? ?????????
 ; [cca2=AF].translations.por.common
Expected: AfeganistÃ£o
     got: Afeganistão
 ; [cca2=AF].translations.por.official
Expected: RepÃºblica IslÃ¢mica do AfeganistÃ£o
     got: República Islâmica do Afeganistão
 ; [cca2=AF].translations.rus.common
Expected: Ð?Ñ„Ð³Ð°Ð½Ð¸Ñ?Ñ‚Ð°Ð½
     got: ??????????
 ; [cca2=AF].translations.rus.official
Expected: Ð˜Ñ?Ð»Ð°Ð¼Ñ?ÐºÐ°Ñ? Ð ÐµÑ?Ð¿ÑƒÐ±Ð»Ð¸ÐºÐ° Ð?Ñ„Ð³Ð°Ð½Ð¸Ñ?Ñ‚Ð°Ð½
     got: ????????? ?????????? ??????????
 ; [cca2=AF].translations.slk.official
Expected: AfgÃ¡nsky islamskÃ½ Å¡tÃ¡t
     got: Afgánsky islamský štát
 ; [cca2=AF].translations.spa.common
Expected: AfganistÃ¡n
     got: Afganistán
 ; [cca2=AF].translations.spa.official
Expected: RepÃºblica IslÃ¡mica de AfganistÃ¡n
     got: República Islámica de Afganistán
 ; [cca2=AF].translations.srp.common
Expected: Ð?Ð²Ð³Ð°Ð½Ð¸Ñ?Ñ‚Ð°Ð½
     got: ??????????
 ; [cca2=AF].translations.srp.official
Expected: Ð˜Ñ?Ð»Ð°Ð¼Ñ?ÐºÐ° Ð ÐµÐ¿ÑƒÐ±Ð»Ð¸ÐºÐ° Ð?Ð²Ð³Ð°Ð½Ð¸Ñ?Ñ‚Ð°Ð½
     got: ???????? ????????? ??????????
 ; [cca2=AF].translations.tur.official
Expected: Afganistan Ä°slam Cumhuriyeti
     got: Afganistan ?slam Cumhuriyeti
 ; [cca2=AF].translations.urd.common
Expected: Ø§Ù?ØºØ§Ù†Ø³ØªØ§Ù†
     got: ?????????
 ; [cca2=AF].translations.urd.official
Expected: Ø§Ø³Ù„Ø§Ù…ÛŒ Ø¬Ù…Û?ÙˆØ±ÛŒÛ? Ø§Ù?ØºØ§Ù†Ø³ØªØ§Ù†
     got: ?????? ??????? ?????????
 ; [cca2=AF].translations.zho.common
Expected: é˜¿å¯Œæ±—
     got: ???
 ; [cca2=AF].translations.zho.official
Expected: é˜¿å¯Œæ±—ä¼Šæ–¯å…°å…±å’Œå›½
     got: ?????????
 ; [cca2=AG].flag
Expected: ðŸ‡¦ðŸ‡¬
     got: ??
 ; [cca2=AG].translations.ara.common
Expected: Ø£Ù†ØªÙŠØºÙˆØ§ ÙˆØ¨Ø§Ø±Ø¨ÙˆØ¯Ø§
     got: ??????? ????????
 ; [cca2=AG].translations.ara.official
Expected: Ø£Ù†ØªÙŠØºÙˆØ§ ÙˆØ¨Ø§Ø±Ø¨ÙˆØ¯Ø§
     got: ??????? ????????
 ; [cca2=AG].translations.hun.common
Expected: Antigua Ã©s Barbuda
     got: Antigua és Barbuda
 ; [cca2=AG].translations.hun.official
Expected: Antigua Ã©s Barbuda
     got: Antigua és Barbuda
 ; [cca2=AG].translations.jpn.common
Expected: ã‚¢ãƒ³ãƒ†ã‚£ã‚°ã‚¢ãƒ»ãƒ?ãƒ¼ãƒ–ãƒ¼ãƒ€
     got: ????????????
 ; [cca2=AG].translations.jpn.official
Expected: ã‚¢ãƒ³ãƒ?ã‚°ã‚¢ãƒ?ãƒ¼ãƒ–ãƒ¼ãƒ€
     got: ??????????
 ; [cca2=AG].translations.kor.common
Expected: ì•¤í‹°ê°€ ë°”ë¶€ë‹¤
     got: ??? ???
 ; [cca2=AG].translations.kor.official
Expected: ì•¤í‹°ê°€ ë°”ë¶€ë‹¤
     got: ??? ???
 ; [cca2=AG].translations.per.common
Expected: Ø¢Ù†ØªÛŒÚ¯ÙˆØ§ Ùˆ Ø¨Ø§Ø±Ø¨ÙˆØ¯Ø§
     got: ??????? ? ???????
 ; [cca2=AG].translations.per.official
Expected: Ø¢Ù†ØªÛŒÚ¯ÙˆØ§ Ùˆ Ø¨Ø§Ø±Ø¨ÙˆØ¯Ø§
     got: ??????? ? ???????
 ; [cca2=AG].translations.por.common
Expected: AntÃ­gua e Barbuda
     got: Antígua e Barbuda
 ; [cca2=AG].translations.rus.common
Expected: Ð?Ð½Ñ‚Ð¸Ð³ÑƒÐ° Ð¸ Ð‘Ð°Ñ€Ð±ÑƒÐ´Ð°
     got: ??????? ? ???????
 ; [cca2=AG].translations.rus.official
Expected: Ð?Ð½Ñ‚Ð¸Ð³ÑƒÐ° Ð¸ Ð‘Ð°Ñ€Ð±ÑƒÐ´Ð°
     got: ??????? ? ???????
 ; [cca2=AG].translations.srp.common
Expected: Ð?Ð½Ñ‚Ð¸Ð³Ð²Ð° Ð¸ Ð‘Ð°Ñ€Ð±ÑƒÐ´Ð°
     got: ??????? ? ???????
 ; [cca2=AG].translations.srp.official
Expected: Ð?Ð½Ñ‚Ð¸Ð³Ð²Ð° Ð¸ Ð‘Ð°Ñ€Ð±ÑƒÐ´Ð°
     got: ??????? ? ???????
 ; [cca2=AG].translations.urd.common
Expected: Ø§ÛŒÙ†Ù¹ÛŒÚ¯ÙˆØ§ Ùˆ Ø¨Ø§Ø±Ø¨ÙˆÚˆØ§
     got: ???????? ? ???????
 ; [cca2=AG].translations.urd.official
Expected: Ø§ÛŒÙ†Ù¹ÛŒÚ¯ÙˆØ§ Ùˆ Ø¨Ø§Ø±Ø¨ÙˆÚˆØ§
     got: ???????? ? ???????
 ; [cca2=AG].translations.zho.common
Expected: å®‰æ??ç“œå’Œå·´å¸ƒè¾¾
     got: ???????
 ; [cca2=AG].translations.zho.official
Expected: å®‰æ??ç“œå’Œå·´å¸ƒè¾¾
     got: ???????
 ; [cca2=AI].flag
Expected: ðŸ‡¦ðŸ‡®
     got: ??
 ; [cca2=AI].translations.ara.common
Expected: Ø£Ù†ØºÙˆÙŠÙ„Ø§
     got: ???????
 ; [cca2=AI].translations.ara.official
Expected: Ø£Ù†ØºÙˆÙŠÙ„Ø§
     got: ???????
 ; [cca2=AI].translations.jpn.common
Expected: ã‚¢ãƒ³ã‚®ãƒ©
     got: ????
 ; [cca2=AI].translations.jpn.official
Expected: ã‚¢ãƒ³ã‚°ã‚£ãƒ©
     got: ?????
 ; [cca2=AI].translations.kor.common
Expected: ì•µê·ˆë?¼
     got: ???
 ; [cca2=AI].translations.kor.official
Expected: ì•µê·ˆë?¼
     got: ???
 ; [cca2=AI].translations.per.common
Expected: Ø¢Ù†Ú¯ÙˆÛŒÙ„Ø§
     got: ???????
 ; [cca2=AI].translations.per.official
Expected: Ø¢Ù†Ú¯ÙˆÛŒÙ„Ø§
     got: ???????
 ; [cca2=AI].translations.rus.common
Expected: Ð?Ð½Ð³Ð¸Ð»ÑŒÑ?
     got: ???????
 ; [cca2=AI].translations.rus.official
Expected: Ð?Ð½Ð³Ð¸Ð»ÑŒÑ?
     got: ???????
 ; [cca2=AI].translations.srp.common
Expected: Ð?Ð½Ð³Ð²Ð¸Ð»Ð°
     got: ???????
 ; [cca2=AI].translations.srp.official
Expected: Ð?Ð½Ð³Ð²Ð¸Ð»Ð°
     got: ???????
 ; [cca2=AI].translations.urd.common
Expected: Ø§ÛŒÙ†Ú¯ÙˆÛŒÙ„Ø§
     got: ????????
 ; [cca2=AI].translations.urd.official
Expected: Ø§ÛŒÙ†Ú¯ÙˆÛŒÙ„Ø§
     got: ????????
 ; [cca2=AI].translations.zho.common
Expected: å®‰åœ­æ‹‰
     got: ???
 ; [cca2=AI].translations.zho.official
Expected: å®‰åœ­æ‹‰
     got: ???
 ; [cca2=AL].altSpellings[]
Expected: ShqipÃ«ria
     but none found
 ; [cca2=AL].altSpellings[]
Expected: ShqipÃ«ri
     but none found
 ; [cca2=AL].altSpellings[]
Unexpected: Shqipëri
 ; [cca2=AL].altSpellings[]
Unexpected: Shqipëria
 ; [cca2=AL].flag
Expected: ðŸ‡¦ðŸ‡±
     got: ??
 ; [cca2=AL].name.nativeName.sqi.common
Expected: ShqipÃ«ria
     got: Shqipëria
 ; [cca2=AL].name.nativeName.sqi.official
Expected: Republika e ShqipÃ«risÃ«
     got: Republika e Shqipërisë
 ; [cca2=AL].translations.ara.common
Expected: Ø£Ù„Ø¨Ø§Ù†ÙŠØ§
     got: ???????
 ; [cca2=AL].translations.ara.official
Expected: Ø¬Ù…Ù‡ÙˆØ±ÙŠØ© Ø£Ù„Ø¨Ø§Ù†ÙŠØ§
     got: ??????? ???????
 ; [cca2=AL].translations.ces.common
Expected: AlbÃ¡nie
     got: Albánie
 ; [cca2=AL].translations.ces.official
Expected: AlbÃ¡nskÃ¡ republika
     got: Albánská republika
 ; [cca2=AL].translations.fra.official
Expected: RÃ©publique d'Albanie
     got: République d'Albanie
 ; [cca2=AL].translations.hun.common
Expected: AlbÃ¡nia
     got: Albánia
 ; [cca2=AL].translations.hun.official
Expected: AlbÃ¡n KÃ¶ztÃ¡rsasÃ¡g
     got: Albán Köztársaság
 ; [cca2=AL].translations.jpn.common
Expected: ã‚¢ãƒ«ãƒ?ãƒ‹ã‚¢
     got: ?????
 ; [cca2=AL].translations.jpn.official
Expected: ã‚¢ãƒ«ãƒ?ãƒ‹ã‚¢å…±å’Œå›½
     got: ????????
 ; [cca2=AL].translations.kor.common
Expected: ì•Œë°”ë‹ˆì•„
     got: ????
 ; [cca2=AL].translations.kor.official
Expected: ì•Œë°”ë‹ˆì•„ ê³µí™”êµ­
     got: ???? ???
 ; [cca2=AL].translations.nld.common
Expected: AlbaniÃ«
     got: Albanië
 ; [cca2=AL].translations.nld.official
Expected: Republiek AlbaniÃ«
     got: Republiek Albanië
 ; [cca2=AL].translations.per.common
Expected: Ø¢Ù„Ø¨Ø§Ù†ÛŒ
     got: ??????
 ; [cca2=AL].translations.per.official
Expected: Ø¬Ù…Ù‡ÙˆØ±ÛŒ Ø¢Ù„Ø¨Ø§Ù†ÛŒ
     got: ?????? ??????
 ; [cca2=AL].translations.por.common
Expected: AlbÃ¢nia
     got: Albânia
 ; [cca2=AL].translations.por.official
Expected: RepÃºblica da AlbÃ¢nia
     got: República da Albânia
 ; [cca2=AL].translations.rus.common
Expected: Ð?Ð»Ð±Ð°Ð½Ð¸Ñ?
     got: ???????
 ; [cca2=AL].translations.rus.official
Expected: Ð ÐµÑ?Ð¿ÑƒÐ±Ð»Ð¸ÐºÐ° Ð?Ð»Ð±Ð°Ð½Ð¸Ñ?
     got: ?????????? ???????
 ; [cca2=AL].translations.slk.common
Expected: AlbÃ¡nsko
     got: Albánsko
 ; [cca2=AL].translations.slk.official
Expected: AlbÃ¡nska republika
     got: Albánska republika
 ; [cca2=AL].translations.spa.official
Expected: RepÃºblica de Albania
     got: República de Albania
 ; [cca2=AL].translations.srp.common
Expected: Ð?Ð»Ð±Ð°Ð½Ð¸Ñ˜Ð°
     got: ????????
 ; [cca2=AL].translations.srp.official
Expected: Ð ÐµÐ¿ÑƒÐ±Ð»Ð¸ÐºÐ° Ð?Ð»Ð±Ð°Ð½Ð¸Ñ˜Ð°
     got: ????????? ????????
 ; [cca2=AL].translations.urd.common
Expected: Ø§Ù„Ø¨Ø§Ù†ÛŒØ§
     got: ???????
 ; [cca2=AL].translations.urd.official
Expected: Ø¬Ù…Û?ÙˆØ±ÛŒÛ? Ø§Ù„Ø¨Ø§Ù†ÛŒØ§
     got: ??????? ???????
 ; [cca2=AL].translations.zho.common
Expected: é˜¿å°”å·´å°¼äºš
     got: ?????
 ; [cca2=AL].translations.zho.official
Expected: é˜¿å°”å·´å°¼äºšå…±å’Œå›½
     got: ????????
 ; [cca2=AM].altSpellings[]
Expected: Õ€Õ¡ÕµÕ¡Õ½Õ¿Õ¡Õ¶Õ« Õ€Õ¡Õ¶Ö€Õ¡ÕºÕ¥Õ¿Õ¸Ö‚Õ©ÕµÕ¸Ö‚Õ¶
     but none found
 ; [cca2=AM].altSpellings[]
Unexpected: ????????? ???????????????
 ; [cca2=AM].currencies.AMD.symbol
Expected: Ö?
     got: ?
 ; [cca2=AM].demonyms.fra.f
Expected: ArmÃ©nienne
     got: Arménienne
 ; [cca2=AM].demonyms.fra.m
Expected: ArmÃ©nien
     got: Arménien
 ; [cca2=AM].flag
Expected: ðŸ‡¦ðŸ‡²
     got: ??
 ; [cca2=AM].name.nativeName.hye.common
Expected: Õ€Õ¡ÕµÕ¡Õ½Õ¿Õ¡Õ¶
     got: ????????
 ; [cca2=AM].name.nativeName.hye.official
Expected: Õ€Õ¡ÕµÕ¡Õ½Õ¿Õ¡Õ¶Õ« Õ€Õ¡Õ¶Ö€Õ¡ÕºÕ¥Õ¿Õ¸Ö‚Õ©ÕµÕ¸Ö‚Õ¶
     got: ????????? ???????????????
 ; [cca2=AM].translations.ara.common
Expected: Ø£Ø±Ù…ÙŠÙ†ÙŠØ§
     got: ???????
 ; [cca2=AM].translations.ara.official
Expected: Ø¬Ù…Ù‡ÙˆØ±ÙŠØ© Ø£Ø±Ù…ÙŠÙ†ÙŠØ§
     got: ??????? ???????
 ; [cca2=AM].translations.ces.common
Expected: ArmÃ©nie
     got: Arménie
 ; [cca2=AM].translations.ces.official
Expected: ArmÃ©nskÃ¡ republika
     got: Arménská republika
 ; [cca2=AM].translations.fra.common
Expected: ArmÃ©nie
     got: Arménie
 ; [cca2=AM].translations.fra.official
Expected: RÃ©publique d'ArmÃ©nie
     got: République d'Arménie
 ; [cca2=AM].translations.hun.common
Expected: Ã–rmÃ©nyorszÃ¡g
     got: Örményország
 ; [cca2=AM].translations.hun.official
Expected: Ã–rmÃ©nyorszÃ¡g
     got: Örményország
 ; [cca2=AM].translations.jpn.common
Expected: ã‚¢ãƒ«ãƒ¡ãƒ‹ã‚¢
     got: ?????
 ; [cca2=AM].translations.jpn.official
Expected: ã‚¢ãƒ«ãƒ¡ãƒ‹ã‚¢å…±å’Œå›½
     got: ????????
 ; [cca2=AM].translations.kor.common
Expected: ì•„ë¥´ë©”ë‹ˆì•„
     got: ?????
 ; [cca2=AM].translations.kor.official
Expected: ì•„ë¥´ë©”ë‹ˆì•„ ê³µí™”êµ­
     got: ????? ???
 ; [cca2=AM].translations.nld.common
Expected: ArmeniÃ«
     got: Armenië
 ; [cca2=AM].translations.nld.official
Expected: Republiek ArmeniÃ«
     got: Republiek Armenië
 ; [cca2=AM].translations.per.common
Expected: Ø§Ø±Ù…Ù†Ø³ØªØ§Ù†
     got: ????????
 ; [cca2=AM].translations.per.official
Expected: Ø¬Ù…Ù‡ÙˆØ±ÛŒ Ø§Ø±Ù…Ù†Ø³ØªØ§Ù†
     got: ?????? ????????
 ; [cca2=AM].translations.por.common
Expected: ArmÃ©nia
     got: Arménia
 ; [cca2=AM].translations.por.official
Expected: RepÃºblica da ArmÃ©nia
     got: República da Arménia
 ; [cca2=AM].translations.rus.common
Expected: Ð?Ñ€Ð¼ÐµÐ½Ð¸Ñ?
     got: ???????
 ; [cca2=AM].translations.rus.official
Expected: Ð ÐµÑ?Ð¿ÑƒÐ±Ð»Ð¸ÐºÐ° Ð?Ñ€Ð¼ÐµÐ½Ð¸Ñ?
     got: ?????????? ???????
 ; [cca2=AM].translations.slk.common
Expected: ArmÃ©nsko
     got: Arménsko
 ; [cca2=AM].translations.slk.official
Expected: ArmÃ©nska republika
     got: Arménska republika
 ; [cca2=AM].translations.spa.official
Expected: RepÃºblica de Armenia
     got: República de Armenia
 ; [cca2=AM].translations.srp.common
Expected: ÐˆÐµÑ€Ð¼ÐµÐ½Ð¸Ñ˜Ð°
     got: ?????????
 ; [cca2=AM].translations.srp.official
Expected: Ð ÐµÐ¿ÑƒÐ±Ð»Ð¸ÐºÐ° ÐˆÐµÑ€Ð¼ÐµÐ½Ð¸Ñ˜Ð°
     got: ????????? ?????????
 ; [cca2=AM].translations.urd.common
Expected: Ø¢Ø±Ù…ÛŒÙ†ÛŒØ§
     got: ???????
 ; [cca2=AM].translations.urd.official
Expected: Ø¬Ù…Û?ÙˆØ±ÛŒÛ? Ø¢Ø±Ù…ÛŒÙ†ÛŒØ§
     got: ??????? ???????
 ; [cca2=AM].translations.zho.common
Expected: äºšç¾Žå°¼äºš
     got: ????
 ; [cca2=AM].translations.zho.official
Expected: äºšç¾Žå°¼äºšå…±å’Œå›½
     got: ???????
 ; [cca2=AO].altSpellings[]
Expected: RepÃºblica de Angola
     but none found
 ; [cca2=AO].altSpellings[]
Expected: Ê?É›publika de an'É¡É”la
     but none found
 ; [cca2=AO].altSpellings[]
Unexpected: República de Angola
 ; [cca2=AO].altSpellings[]
Unexpected: ??publika de an'??la
 ; [cca2=AO].flag
Expected: ðŸ‡¦ðŸ‡´
     got: ??
 ; [cca2=AO].name.nativeName.por.official
Expected: RepÃºblica de Angola
     got: República de Angola
 ; [cca2=AO].translations.ara.common
Expected: Ø¬Ù…Ù‡ÙˆØ±ÙŠØ© Ø£Ù†ØºÙˆÙ„Ø§
     got: ??????? ??????
 ; [cca2=AO].translations.ara.official
Expected: Ø£Ù†ØºÙˆÙ„Ø§
     got: ??????
 ; [cca2=AO].translations.ces.official
Expected: AngolskÃ¡ republika
     got: Angolská republika
 ; [cca2=AO].translations.fra.official
Expected: RÃ©publique d'Angola
     got: République d'Angola
 ; [cca2=AO].translations.jpn.common
Expected: ã‚¢ãƒ³ã‚´ãƒ©
     got: ????
 ; [cca2=AO].translations.jpn.official
Expected: ã‚¢ãƒ³ã‚´ãƒ©å…±å’Œå›½
     got: ???????
 ; [cca2=AO].translations.kor.common
Expected: ì•™ê³¨ë?¼
     got: ???
 ; [cca2=AO].translations.kor.official
Expected: ì•™ê³¨ë?¼ ê³µí™”êµ­
     got: ??? ???
 ; [cca2=AO].translations.per.common
Expected: Ø¢Ù†Ú¯ÙˆÙ„Ø§
     got: ??????
 ; [cca2=AO].translations.per.official
Expected: Ø¬Ù…Ù‡ÙˆØ±ÛŒ Ø¢Ù†Ú¯ÙˆÙ„Ø§
     got: ?????? ??????
 ; [cca2=AO].translations.por.official
Expected: RepÃºblica de Angola
     got: República de Angola
 ; [cca2=AO].translations.rus.common
Expected: Ð?Ð½Ð³Ð¾Ð»Ð°
     got: ??????
 ; [cca2=AO].translations.rus.official
Expected: Ð ÐµÑ?Ð¿ÑƒÐ±Ð»Ð¸ÐºÐ° Ð?Ð½Ð³Ð¾Ð»Ð°
     got: ?????????? ??????
 ; [cca2=AO].translations.slk.official
Expected: AngolskÃ¡ republika
     got: Angolská republika
 ; [cca2=AO].translations.spa.official
Expected: RepÃºblica de Angola
     got: República de Angola
 ; [cca2=AO].translations.srp.common
Expected: Ð?Ð½Ð³Ð¾Ð»Ð°
     got: ??????
 ; [cca2=AO].translations.srp.official
Expected: Ð ÐµÐ¿ÑƒÐ±Ð»Ð¸ÐºÐ° Ð?Ð½Ð³Ð¾Ð»Ð°
     got: ????????? ??????
 ; [cca2=AO].translations.urd.common
Expected: Ø§Ù†Ú¯ÙˆÙ„Û?
     got: ??????
 ; [cca2=AO].translations.urd.official
Expected: Ø¬Ù…Û?ÙˆØ±ÛŒÛ? Ø§Ù†Ú¯ÙˆÙ„Û?
     got: ??????? ??????
 ; [cca2=AO].translations.zho.common
Expected: å®‰å“¥æ‹‰
     got: ???
 ; [cca2=AO].translations.zho.official
Expected: å®‰å“¥æ‹‰å…±å’Œå›½
     got: ??????
 ; [cca2=AQ].flag
Expected: ðŸ‡¦ðŸ‡¶
     got: ??
 ; [cca2=AQ].translations.ara.common
Expected: Ø£Ù†ØªØ§Ø±ØªÙŠÙƒØ§
     got: ?????????
 ; [cca2=AQ].translations.ara.official
Expected: Ø£Ù†ØªØ§Ø±ØªÙŠÙƒØ§
     got: ?????????
 ; [cca2=AQ].translations.fin.common
Expected: EtelÃ¤manner
     got: Etelämanner
 ; [cca2=AQ].translations.fin.official
Expected: EtelÃ¤manner
     got: Etelämanner
 ; [cca2=AQ].translations.jpn.common
Expected: å?—æ¥µ
     got: ??
 ; [cca2=AQ].translations.jpn.official
Expected: å?—æ¥µå¤§é™¸
     got: ????
 ; [cca2=AQ].translations.kor.common
Expected: ë‚¨ê·¹
     got: ??
 ; [cca2=AQ].translations.kor.official
Expected: ë‚¨ê·¹
     got: ??
 ; [cca2=AQ].translations.per.common
Expected: Ø¬Ù†ÙˆØ¨Ú¯Ø§Ù†
     got: ???????
 ; [cca2=AQ].translations.per.official
Expected: Ø¬Ù†ÙˆØ¨Ú¯Ø§Ù†
     got: ???????
 ; [cca2=AQ].translations.por.common
Expected: AntÃ¡rtida
     got: Antártida
 ; [cca2=AQ].translations.por.official
Expected: AntÃ¡rtica
     got: Antártica
 ; [cca2=AQ].translations.rus.common
Expected: Ð?Ð½Ñ‚Ð°Ñ€ÐºÑ‚Ð¸Ð´Ð°
     got: ??????????
 ; [cca2=AQ].translations.rus.official
Expected: Ð?Ð½Ñ‚Ð°Ñ€ÐºÑ‚Ð¸Ð´Ð°
     got: ??????????
 ; [cca2=AQ].translations.slk.common
Expected: AntarktÃ­da
     got: Antarktída
 ; [cca2=AQ].translations.slk.official
Expected: AntarktÃ­da
     got: Antarktída
 ; [cca2=AQ].translations.spa.common
Expected: AntÃ¡rtida
     got: Antártida
 ; [cca2=AQ].translations.spa.official
Expected: AntÃ¡rtida
     got: Antártida
 ; [cca2=AQ].translations.srp.common
Expected: Ð?Ð½Ñ‚Ð°Ñ€ÐºÑ‚Ð¸Ðº
     got: ?????????
 ; [cca2=AQ].translations.srp.official
Expected: Ð?Ð½Ñ‚Ð°Ñ€ÐºÑ‚Ð¸Ðº
     got: ?????????
 ; [cca2=AQ].translations.urd.common
Expected: Ø§Ù†Ù¹Ø§Ø±Ú©Ù¹Ú©Ø§
     got: ?????????
 ; [cca2=AQ].translations.urd.official
Expected: Ø§Ù†Ù¹Ø§Ø±Ú©Ù¹Ú©Ø§
     got: ?????????
 ; [cca2=AQ].translations.zho.common
Expected: å?—æž?æ´²
     got: ???
 ; [cca2=AQ].translations.zho.official
Expected: å?—æž?æ´²
     got: ???
 ; [cca2=AR].altSpellings[]
Expected: RepÃºblica Argentina
     but none found
 ; [cca2=AR].altSpellings[]
Unexpected: República Argentina
 ; [cca2=AR].flag
Expected: ðŸ‡¦ðŸ‡·
     got: ??
 ; [cca2=AR].languages.grn
Expected: GuaranÃ­
     got: Guaraní
 ; [cca2=AR].name.nativeName.spa.official
Expected: RepÃºblica Argentina
     got: República Argentina
 ; [cca2=AR].translations.ara.common
Expected: Ø§Ù„Ø£Ø±Ø¬Ù†ØªÙŠÙ†
     got: ?????????
 ; [cca2=AR].translations.ara.official
Expected: Ø¬Ù…Ù‡ÙˆØ±ÙŠØ© Ø§Ù„Ø£Ø±Ø¬Ù†ØªÙŠÙ†
     got: ??????? ?????????
 ; [cca2=AR].translations.ces.official
Expected: ArgentinskÃ¡ republika
     got: Argentinská republika
 ; [cca2=AR].translations.fra.official
Expected: RÃ©publique argentine
     got: République argentine
 ; [cca2=AR].translations.hun.common
Expected: ArgentÃ­na
     got: Argentína
 ; [cca2=AR].translations.hun.official
Expected: Argentin KÃ¶ztÃ¡rsasÃ¡g
     got: Argentin Köztársaság
 ; [cca2=AR].translations.jpn.common
Expected: ã‚¢ãƒ«ã‚¼ãƒ³ãƒ?ãƒ³
     got: ??????
 ; [cca2=AR].translations.jpn.official
Expected: ã‚¢ãƒ«ã‚¼ãƒ³ãƒ?ãƒ³å…±å’Œå›½
     got: ?????????
 ; [cca2=AR].translations.kor.common
Expected: ì•„ë¥´í—¨í‹°ë‚˜
     got: ?????
 ; [cca2=AR].translations.kor.official
Expected: ì•„ë¥´í—¨í‹°ë‚˜ ê³µí™”êµ­
     got: ????? ???
 ; [cca2=AR].translations.nld.common
Expected: ArgentiniÃ«
     got: Argentinië
 ; [cca2=AR].translations.per.common
Expected: Ø¢Ø±Ú˜Ø§Ù†ØªÛŒÙ†
     got: ????????
 ; [cca2=AR].translations.per.official
Expected: Ø¬Ù…Ù‡ÙˆØ±ÛŒ Ø¢Ø±Ú˜Ø§Ù†ØªÛŒÙ†
     got: ?????? ????????
 ; [cca2=AR].translations.pol.official
Expected: Republika ArgentyÅ„ska
     got: Republika Argenty?ska
 ; [cca2=AR].translations.por.official
Expected: RepÃºblica Argentina
     got: República Argentina
 ; [cca2=AR].translations.rus.common
Expected: Ð?Ñ€Ð³ÐµÐ½Ñ‚Ð¸Ð½Ð°
     got: ?????????
 ; [cca2=AR].translations.rus.official
Expected: Ð?Ñ€Ð³ÐµÐ½Ñ‚Ð¸Ð½Ñ?ÐºÐ°Ñ? Ð ÐµÑ?Ð¿ÑƒÐ±Ð»Ð¸ÐºÐ°
     got: ???????????? ??????????
 ; [cca2=AR].translations.slk.common
Expected: ArgentÃ­na
     got: Argentína
 ; [cca2=AR].translations.slk.official
Expected: ArgentÃ­nska republika
     got: Argentínska republika
 ; [cca2=AR].translations.spa.official
Expected: RepÃºblica Argentina
     got: República Argentina
 ; [cca2=AR].translations.srp.common
Expected: Ð?Ñ€Ð³ÐµÐ½Ñ‚Ð¸Ð½Ð°
     got: ?????????
 ; [cca2=AR].translations.srp.official
Expected: Ð?Ñ€Ð³ÐµÐ½Ñ‚Ð¸Ð½Ñ?ÐºÐ° Ð ÐµÐ¿ÑƒÐ±Ð»Ð¸ÐºÐ°
     got: ??????????? ?????????
 ; [cca2=AR].translations.urd.common
Expected: Ø§Ø±Ø¬Ù†Ù¹Ø§Ø¦Ù†
     got: ????????
 ; [cca2=AR].translations.urd.official
Expected: Ø¬Ù…Û?ÙˆØ±ÛŒÛ? Ø§Ø±Ø¬Ù†Ù¹Ø§Ø¦Ù†
     got: ??????? ????????
 ; [cca2=AR].translations.zho.common
Expected: é˜¿æ ¹å»·
     got: ???
 ; [cca2=AR].translations.zho.official
Expected: é˜¿æ ¹å»·å…±å’Œå›½
     got: ??????
 ; [cca2=AS].altSpellings[]
Expected: SÄ?moa Amelika
     but none found
 ; [cca2=AS].altSpellings[]
Expected: Amerika SÄ?moa
     but none found
 ; [cca2=AS].altSpellings[]
Expected: Amelika SÄ?moa
     but none found
 ; [cca2=AS].altSpellings[]
Unexpected: Amelika S?moa
 ; [cca2=AS].altSpellings[]
Unexpected: Amerika S?moa
 ; [cca2=AS].altSpellings[]
Unexpected: S?moa Amelika
 ; [cca2=AS].flag
Expected: ðŸ‡¦ðŸ‡¸
     got: ??
 ; [cca2=AS].name.nativeName.smo.common
Expected: SÄ?moa Amelika
     got: S?moa Amelika
 ; [cca2=AS].name.nativeName.smo.official
Expected: SÄ?moa Amelika
     got: S?moa Amelika
 ; [cca2=AS].translations.ara.common
Expected: Ø³Ø§Ù…ÙˆØ§ Ø§Ù„Ø£Ù…Ø±ÙŠÙƒÙŠØ©
     got: ????? ?????????
 ; [cca2=AS].translations.ara.official
Expected: Ø³Ø§Ù…ÙˆØ§ Ø§Ù„Ø£Ù…Ø±ÙŠÙƒÙŠØ©
     got: ????? ?????????
 ; [cca2=AS].translations.ces.common
Expected: AmerickÃ¡ Samoa
     got: Americká Samoa
 ; [cca2=AS].translations.ces.official
Expected: AmerickÃ¡ Samoa
     got: Americká Samoa
 ; [cca2=AS].translations.fra.common
Expected: Samoa amÃ©ricaines
     got: Samoa américaines
 ; [cca2=AS].translations.fra.official
Expected: Samoa amÃ©ricaines
     got: Samoa américaines
 ; [cca2=AS].translations.hrv.common
Expected: AmeriÄ?ka Samoa
     got: Ameri?ka Samoa
 ; [cca2=AS].translations.hrv.official
Expected: ameriÄ?ka Samoa
     got: ameri?ka Samoa
 ; [cca2=AS].translations.jpn.common
Expected: ã‚¢ãƒ¡ãƒªã‚«é ˜ã‚µãƒ¢ã‚¢
     got: ????????
 ; [cca2=AS].translations.jpn.official
Expected: ç±³ã‚µãƒ¢ã‚¢
     got: ????
 ; [cca2=AS].translations.kor.common
Expected: ì•„ë©”ë¦¬ì¹¸ì‚¬ëª¨ì•„
     got: ???????
 ; [cca2=AS].translations.kor.official
Expected: ì•„ë©”ë¦¬ì¹¸ì‚¬ëª¨ì•„
     got: ???????
 ; [cca2=AS].translations.per.common
Expected: Ø³Ø§Ù…ÙˆØ¢ÛŒ Ø¢Ù…Ø±ÛŒÚ©Ø§
     got: ?????? ??????
 ; [cca2=AS].translations.per.official
Expected: Ø³Ø§Ù…ÙˆØ¢ÛŒ Ø¢Ù…Ø±ÛŒÚ©Ø§
     got: ?????? ??????
 ; [cca2=AS].translations.pol.common
Expected: Samoa AmerykaÅ„skie
     got: Samoa Ameryka?skie
 ; [cca2=AS].translations.pol.official
Expected: Samoa AmerykaÅ„skie
     got: Samoa Ameryka?skie
 ; [cca2=AS].translations.rus.common
Expected: Ð?Ð¼ÐµÑ€Ð¸ÐºÐ°Ð½Ñ?ÐºÐ¾Ðµ Ð¡Ð°Ð¼Ð¾Ð°
     got: ???????????? ?????
 ; [cca2=AS].translations.rus.official
Expected: Ð°Ð¼ÐµÑ€Ð¸ÐºÐ°Ð½Ñ?ÐºÐ¾Ðµ Ð¡Ð°Ð¼Ð¾Ð°
     got: ???????????? ?????
 ; [cca2=AS].translations.slk.common
Expected: AmerickÃ¡ Samoa
     got: Americká Samoa
 ; [cca2=AS].translations.slk.official
Expected: AmerickÃ¡ Samoa
     got: Americká Samoa
 ; [cca2=AS].translations.srp.common
Expected: Ð?Ð¼ÐµÑ€Ð¸Ñ‡ÐºÐ° Ð¡Ð°Ð¼Ð¾Ð°
     got: ???????? ?????
 ; [cca2=AS].translations.srp.official
Expected: Ð?Ð¼ÐµÑ€Ð¸Ñ‡ÐºÐ° Ð¡Ð°Ð¼Ð¾Ð°
     got: ???????? ?????
 ; [cca2=AS].translations.tur.common
Expected: Amerikan SamoasÄ±
     got: Amerikan Samoas?
 ; [cca2=AS].translations.tur.official
Expected: Amerikan SamoasÄ±
     got: Amerikan Samoas?
 ; [cca2=AS].translations.urd.common
Expected: Ø§Ù…Ø±ÛŒÚ©ÛŒ Ø³Ù…ÙˆÙˆØ§
     got: ?????? ?????
 ; [cca2=AS].translations.urd.official
Expected: Ø§Ù…Ø±ÛŒÚ©ÛŒ Ø³Ù…ÙˆÙˆØ§
     got: ?????? ?????
 ; [cca2=AS].translations.zho.common
Expected: ç¾Žå±žè?¨æ‘©äºš
     got: ?????
 ; [cca2=AS].translations.zho.official
Expected: ç¾Žå±žè?¨æ‘©äºš
     got: ?????
 ; [cca2=AT].currencies.EUR.symbol
Expected: â‚¬
     got: €
 ; [cca2=AT].flag
Expected: ðŸ‡¦ðŸ‡¹
     got: ??
 ; [cca2=AT].name.nativeName.bar.common
Expected: Ã–sterreich
     got: Österreich
 ; [cca2=AT].name.nativeName.bar.official
Expected: Republik Ã–sterreich
     got: Republik Österreich
 ; [cca2=AT].translations.ara.common
Expected: Ø§Ù„Ù†Ù…Ø³Ø§
     got: ??????
 ; [cca2=AT].translations.ara.official
Expected: Ø¬Ù…Ù‡ÙˆØ±ÙŠØ© Ø§Ù„Ù†Ù…Ø³Ø§
     got: ??????? ??????
 ; [cca2=AT].translations.ces.official
Expected: RakouskÃ¡ republika
     got: Rakouská republika
 ; [cca2=AT].translations.deu.common
Expected: Ã–sterreich
     got: Österreich
 ; [cca2=AT].translations.deu.official
Expected: Republik Ã–sterreich
     got: Republik Österreich
 ; [cca2=AT].translations.fin.common
Expected: ItÃ¤valta
     got: Itävalta
 ; [cca2=AT].translations.fin.official
Expected: ItÃ¤vallan tasavalta
     got: Itävallan tasavalta
 ; [cca2=AT].translations.fra.official
Expected: RÃ©publique d'Autriche
     got: République d'Autriche
 ; [cca2=AT].translations.jpn.common
Expected: ã‚ªãƒ¼ã‚¹ãƒˆãƒªã‚¢
     got: ??????
 ; [cca2=AT].translations.jpn.official
Expected: ã‚ªãƒ¼ã‚¹ãƒˆãƒªã‚¢å…±å’Œå›½
     got: ?????????
 ; [cca2=AT].translations.kor.common
Expected: ì˜¤ìŠ¤íŠ¸ë¦¬ì•„
     got: ?????
 ; [cca2=AT].translations.kor.official
Expected: ì˜¤ìŠ¤íŠ¸ë¦¬ì•„ ê³µí™”êµ­
     got: ????? ???
 ; [cca2=AT].translations.per.common
Expected: Ø§ØªØ±ÛŒØ´
     got: ?????
 ; [cca2=AT].translations.per.official
Expected: Ø¬Ù…Ù‡ÙˆØ±ÛŒ Ø§ØªØ±ÛŒØ´
     got: ?????? ?????
 ; [cca2=AT].translations.por.common
Expected: Ã?ustria
     got: Áustria
 ; [cca2=AT].translations.por.official
Expected: RepÃºblica da Ã?ustria
     got: República da Áustria
 ; [cca2=AT].translations.rus.common
Expected: Ð?Ð²Ñ?Ñ‚Ñ€Ð¸Ñ?
     got: ???????
 ; [cca2=AT].translations.rus.official
Expected: Ð?Ð²Ñ?Ñ‚Ñ€Ð¸Ð¹Ñ?ÐºÐ°Ñ? Ð ÐµÑ?Ð¿ÑƒÐ±Ð»Ð¸ÐºÐ°
     got: ??????????? ??????????
 ; [cca2=AT].translations.slk.common
Expected: RakÃºsko
     got: Rakúsko
 ; [cca2=AT].translations.slk.official
Expected: RakÃºska republika
     got: Rakúska republika
 ; [cca2=AT].translations.spa.official
Expected: RepÃºblica de Austria
     got: República de Austria
 ; [cca2=AT].translations.srp.common
Expected: Ð?ÑƒÑ?Ñ‚Ñ€Ð¸Ñ˜Ð°
     got: ????????
 ; [cca2=AT].translations.srp.official
Expected: Ð ÐµÐ¿ÑƒÐ±Ð»Ð¸ÐºÐ° Ð?ÑƒÑ?Ñ‚Ñ€Ð¸Ñ˜Ð°
     got: ????????? ????????
 ; [cca2=AT].translations.swe.common
Expected: Ã–sterrike
     got: Österrike
 ; [cca2=AT].translations.swe.official
Expected: Republiken Ã–sterrike
     got: Republiken Österrike
 ; [cca2=AT].translations.urd.common
Expected: Ø¢Ø³Ù¹Ø±ÛŒØ§
     got: ??????
 ; [cca2=AT].translations.urd.official
Expected: Ø¬Ù…Û?ÙˆØ±ÛŒÛ? Ø¢Ø³Ù¹Ø±ÛŒØ§
     got: ??????? ??????
 ; [cca2=AT].translations.zho.common
Expected: å¥¥åœ°åˆ©
     got: ???
 ; [cca2=AT].translations.zho.official
Expected: å¥¥åœ°åˆ©å…±å’Œå›½
     got: ??????
 ; [cca2=RE].currencies.EUR.symbol
Expected: â‚¬
     got: €
 ; [cca2=RE].demonyms.eng.f
Expected: RÃ©unionese
     got: Réunionese
 ; [cca2=RE].demonyms.eng.m
Expected: RÃ©unionese
     got: Réunionese
 ; [cca2=RE].demonyms.fra.f
Expected: RÃ©unionnaise
     got: Réunionnaise
 ; [cca2=RE].demonyms.fra.m
Expected: RÃ©unionnais
     got: Réunionnais
 ; [cca2=RE].flag
Expected: ðŸ‡·ðŸ‡ª
     got: ??
 ; [cca2=RE].name.common
Expected: RÃ©union
     got: Réunion
 ; [cca2=RE].name.nativeName.fra.common
Expected: La RÃ©union
     got: La Réunion
 ; [cca2=RE].name.nativeName.fra.official
Expected: Ile de la RÃ©union
     got: Ile de la Réunion
 ; [cca2=RE].name.official
Expected: RÃ©union Island
     got: Réunion Island
 ; [cca2=RE].translations.ara.common
Expected: Ù„Ø§ Ø±ÙŠÙˆÙ†ÙŠÙˆÙ†
     got: ?? ???????
 ; [cca2=RE].translations.ara.official
Expected: Ø¬Ø²ÙŠØ±Ø© Ù„Ø§ Ø±ÙŠÙˆÙ†ÙŠÙˆÙ†
     got: ????? ?? ???????
 ; [cca2=RE].translations.bre.common
Expected: ReÃ¼nion
     got: Reünion
 ; [cca2=RE].translations.bre.official
Expected: Enez ar ReÃ¼nion
     got: Enez ar Reünion
 ; [cca2=RE].translations.ces.common
Expected: RÃ©union
     got: Réunion
 ; [cca2=RE].translations.ces.official
Expected: RÃ©union
     got: Réunion
 ; [cca2=RE].translations.cym.common
Expected: RÃ©union
     got: Réunion
 ; [cca2=RE].translations.cym.official
Expected: RÃ©union Island
     got: Réunion Island
 ; [cca2=RE].translations.deu.common
Expected: RÃ©union
     got: Réunion
 ; [cca2=RE].translations.deu.official
Expected: RÃ©union
     got: Réunion
 ; [cca2=RE].translations.est.common
Expected: RÃ©union
     got: Réunion
 ; [cca2=RE].translations.est.official
Expected: RÃ©unioni departemang
     got: Réunioni departemang
 ; [cca2=RE].translations.fin.common
Expected: RÃ©union
     got: Réunion
 ; [cca2=RE].translations.fin.official
Expected: RÃ©union
     got: Réunion
 ; [cca2=RE].translations.fra.common
Expected: RÃ©union
     got: Réunion
 ; [cca2=RE].translations.fra.official
Expected: Ile de la RÃ©union
     got: Ile de la Réunion
 ; [cca2=RE].translations.hrv.common
Expected: RÃ©union
     got: Réunion
 ; [cca2=RE].translations.hrv.official
Expected: RÃ©union Island
     got: Réunion Island
 ; [cca2=RE].translations.hun.common
Expected: RÃ©union
     got: Réunion
 ; [cca2=RE].translations.hun.official
Expected: RÃ©union
     got: Réunion
 ; [cca2=RE].translations.ita.official
Expected: RÃ©union
     got: Réunion
 ; [cca2=RE].translations.jpn.common
Expected: ãƒ¬ãƒ¦ãƒ‹ã‚ªãƒ³
     got: ?????
 ; [cca2=RE].translations.jpn.official
Expected: ãƒ¬ãƒ¦ãƒ‹ã‚ªãƒ³å³¶
     got: ??????
 ; [cca2=RE].translations.kor.common
Expected: ë ˆìœ„ë‹ˆì˜¹
     got: ????
 ; [cca2=RE].translations.kor.official
Expected: ë ˆìœ„ë‹ˆì˜¹
     got: ????
 ; [cca2=RE].translations.nld.common
Expected: RÃ©union
     got: Réunion
 ; [cca2=RE].translations.nld.official
Expected: RÃ©union
     got: Réunion
 ; [cca2=RE].translations.per.common
Expected: Ø±Ø¦ÙˆÙ†ÛŒÙˆÙ†
     got: ???????
 ; [cca2=RE].translations.per.official
Expected: Ø±Ø¦ÙˆÙ†ÛŒÙˆÙ†
     got: ???????
 ; [cca2=RE].translations.por.common
Expected: ReuniÃ£o
     got: Reunião
 ; [cca2=RE].translations.por.official
Expected: Ilha da ReuniÃ£o
     got: Ilha da Reunião
 ; [cca2=RE].translations.rus.common
Expected: Ð ÐµÑŽÐ½ÑŒÐ¾Ð½
     got: ???????
 ; [cca2=RE].translations.rus.official
Expected: Ð ÐµÑŽÐ½ÑŒÐ¾Ð½
     got: ???????
 ; [cca2=RE].translations.slk.common
Expected: RÃ©union
     got: Réunion
 ; [cca2=RE].translations.slk.official
Expected: RÃ©unionskÃ½ zÃ¡morskÃ½ departmÃ¡n
     got: Réunionský zámorský departmán
 ; [cca2=RE].translations.spa.common
Expected: ReuniÃ³n
     got: Reunión
 ; [cca2=RE].translations.spa.official
Expected: Isla de la ReuniÃ³n
     got: Isla de la Reunión
 ; [cca2=RE].translations.srp.common
Expected: Ð ÐµÐ¸Ð½Ð¸Ð¾Ð½
     got: ???????
 ; [cca2=RE].translations.srp.official
Expected: Ð ÐµÐ¸Ð½Ð¸Ð¾Ð½
     got: ???????
 ; [cca2=RE].translations.swe.common
Expected: RÃ©union
     got: Réunion
 ; [cca2=RE].translations.swe.official
Expected: RÃ©union
     got: Réunion
 ; [cca2=RE].translations.tur.common
Expected: RÃ©union
     got: Réunion
 ; [cca2=RE].translations.tur.official
Expected: RÃ©union
     got: Réunion
 ; [cca2=RE].translations.urd.common
Expected: Ø±Û’ ÛŒÙˆÙ†ÛŒÙˆÚº
     got: ?? ??????
 ; [cca2=RE].translations.urd.official
Expected: Ø±Û’ ÛŒÙˆÙ†ÛŒÙˆÚº Ø¬Ø²ÛŒØ±Û?
     got: ?? ?????? ?????
 ; [cca2=RE].translations.zho.common
Expected: ç•™å°¼æ—ºå²›
     got: ????
 ; [cca2=RE].translations.zho.official
Expected: ç•™å°¼æ—ºå²›
     got: ????
 ; [cca2=AU].flag
Expected: ðŸ‡¦ðŸ‡º
     got: ??
 ; [cca2=AU].flags.alt
Expected: The flag of Australia has a dark blue field. It features the flag of the United Kingdom â€” the Union Jack â€” in the canton, beneath which is a large white seven-pointed star. A representation of the Southern Cross constellation, made up of one small five-pointed and four larger seven-pointed white stars, is situated on the fly side of the field.
     got: The flag of Australia has a dark blue field. It features the flag of the United Kingdom — the Union Jack — in the canton, beneath which is a large white seven-pointed star. A representation of the Southern Cross constellation, made up of one small five-pointed and four larger seven-pointed white stars, is situated on the fly side of the field.
 ; [cca2=AU].translations.ara.common
Expected: Ø£Ø³ØªØ±Ø§Ù„ÙŠØ§
     got: ????????
 ; [cca2=AU].translations.ara.official
Expected: ÙƒÙˆÙ…ÙˆÙ†ÙˆÙ„Ø« Ø£Ø³ØªØ±Ø§Ù„ÙŠØ§
     got: ???????? ????????
 ; [cca2=AU].translations.ces.common
Expected: AustrÃ¡lie
     got: Austrálie
 ; [cca2=AU].translations.ces.official
Expected: AustralskÃ© spoleÄ?enstvÃ­
     got: Australské spole?enství
 ; [cca2=AU].translations.est.official
Expected: Austraalia Ãœhendus
     got: Austraalia Ühendus
 ; [cca2=AU].translations.hun.common
Expected: AusztrÃ¡lia
     got: Ausztrália
 ; [cca2=AU].translations.hun.official
Expected: AusztrÃ¡l Ã?llamszÃ¶vetsÃ©g
     got: Ausztrál Államszövetség
 ; [cca2=AU].translations.jpn.common
Expected: ã‚ªãƒ¼ã‚¹ãƒˆãƒ©ãƒªã‚¢
     got: ???????
 ; [cca2=AU].translations.jpn.official
Expected: ã‚ªãƒ¼ã‚¹ãƒˆãƒ©ãƒªã‚¢é€£é‚¦
     got: ?????????
 ; [cca2=AU].translations.kor.common
Expected: í˜¸ì£¼
     got: ??
 ; [cca2=AU].translations.kor.official
Expected: ì˜¤ìŠ¤íŠ¸ë ˆì?¼ë¦¬ì•„ ì—°ë°©
     got: ??????? ??
 ; [cca2=AU].translations.nld.common
Expected: AustraliÃ«
     got: Australië
 ; [cca2=AU].translations.nld.official
Expected: Gemenebest van AustraliÃ«
     got: Gemenebest van Australië
 ; [cca2=AU].translations.per.common
Expected: Ø§Ø³ØªØ±Ø§Ù„ÛŒØ§
     got: ????????
 ; [cca2=AU].translations.per.official
Expected: Ù‚Ù„Ù…Ø±Ùˆ Ù‡Ù…Ø³ÙˆØ¯ Ø§Ø³ØªØ±Ø§Ù„ÛŒØ§
     got: ????? ????? ????????
 ; [cca2=AU].translations.pol.official
Expected: ZwiÄ…zek Australijski
     got: Zwi?zek Australijski
 ; [cca2=AU].translations.por.common
Expected: AustrÃ¡lia
     got: Austrália
 ; [cca2=AU].translations.por.official
Expected: Comunidade da AustrÃ¡lia
     got: Comunidade da Austrália
 ; [cca2=AU].translations.rus.common
Expected: Ð?Ð²Ñ?Ñ‚Ñ€Ð°Ð»Ð¸Ñ?
     got: ?????????
 ; [cca2=AU].translations.rus.official
Expected: Ð¡Ð¾Ð´Ñ€ÑƒÐ¶ÐµÑ?Ñ‚Ð²Ð¾ Ð?Ð²Ñ?Ñ‚Ñ€Ð°Ð»Ð¸Ð¸
     got: ??????????? ?????????
 ; [cca2=AU].translations.slk.common
Expected: AustrÃ¡lia
     got: Austrália
 ; [cca2=AU].translations.slk.official
Expected: AustrÃ¡lsky zvÃ¤z
     got: Austrálsky zväz
 ; [cca2=AU].translations.srp.common
Expected: Ð?ÑƒÑ?Ñ‚Ñ€Ð°Ð»Ð¸Ñ˜Ð°
     got: ??????????
 ; [cca2=AU].translations.srp.official
Expected: ÐšÐ¾Ð¼Ð¾Ð½Ð²ÐµÐ»Ñ‚ Ð?ÑƒÑ?Ñ‚Ñ€Ð°Ð»Ð¸Ñ˜Ð°
     got: ????????? ??????????
 ; [cca2=AU].translations.swe.official
Expected: Australiska statsfÃ¶rbundet
     got: Australiska statsförbundet
 ; [cca2=AU].translations.urd.common
Expected: Ø¢Ø³Ù¹Ø±ÛŒÙ„ÛŒØ§
     got: ????????
 ; [cca2=AU].translations.urd.official
Expected: Ø¯ÙˆÙ„ØªÙ? Ù…Ø´ØªØ±Ú©Û? Ø¢Ø³Ù¹Ø±ÛŒÙ„ÛŒØ§
     got: ????? ?????? ????????
 ; [cca2=AU].translations.zho.common
Expected: æ¾³å¤§åˆ©äºš
     got: ????
 ; [cca2=AU].translations.zho.official
Expected: æ¾³å¤§åˆ©äºšè?”é‚¦
     got: ??????
 ; [cca2=AW].currencies.AWG.symbol
Expected: Æ’
     got: ƒ
 ; [cca2=AW].flag
Expected: ðŸ‡¦ðŸ‡¼
     got: ??
 ; [cca2=AW].translations.ara.common
Expected: Ø£Ø±ÙˆØ¨Ø§
     got: ?????
 ; [cca2=AW].translations.ara.official
Expected: Ø£Ø±ÙˆØ¨Ø§
     got: ?????
 ; [cca2=AW].translations.jpn.common
Expected: ã‚¢ãƒ«ãƒ?
     got: ???
 ; [cca2=AW].translations.jpn.official
Expected: ã‚¢ãƒ«ãƒ?
     got: ???
 ; [cca2=AW].translations.kor.common
Expected: ì•„ë£¨ë°”
     got: ???
 ; [cca2=AW].translations.kor.official
Expected: ì•„ë£¨ë°”
     got: ???
 ; [cca2=AW].translations.per.common
Expected: Ø¢Ø±ÙˆØ¨Ø§
     got: ?????
 ; [cca2=AW].translations.per.official
Expected: Ø¢Ø±ÙˆØ¨Ø§
     got: ?????
 ; [cca2=AW].translations.rus.common
Expected: Ð?Ñ€ÑƒÐ±Ð°
     got: ?????
 ; [cca2=AW].translations.rus.official
Expected: Ð?Ñ€ÑƒÐ±Ð°
     got: ?????
 ; [cca2=AW].translations.srp.common
Expected: Ð?Ñ€ÑƒÐ±Ð°
     got: ?????
 ; [cca2=AW].translations.srp.official
Expected: Ð?Ñ€ÑƒÐ±Ð°
     got: ?????
 ; [cca2=AW].translations.urd.common
Expected: Ø§Ø±ÙˆØ¨Ø§
     got: ?????
 ; [cca2=AW].translations.urd.official
Expected: Ø§Ø±ÙˆØ¨Ø§
     got: ?????
 ; [cca2=AW].translations.zho.common
Expected: é˜¿é²?å·´
     got: ???
 ; [cca2=AW].translations.zho.official
Expected: é˜¿é²?å·´
     got: ???
 ; [cca2=AX].currencies.EUR.symbol
Expected: â‚¬
     got: €
 ; [cca2=AX].demonyms.eng.f
Expected: Ã…landish
     got: Ålandish
 ; [cca2=AX].demonyms.eng.m
Expected: Ã…landish
     got: Ålandish
 ; [cca2=AX].demonyms.fra.f
Expected: Ã…landaise
     got: Ålandaise
 ; [cca2=AX].demonyms.fra.m
Expected: Ã…landais
     got: Ålandais
 ; [cca2=AX].flag
Expected: ðŸ‡¦ðŸ‡½
     got: ??
 ; [cca2=AX].name.common
Expected: Ã…land Islands
     got: Åland Islands
 ; [cca2=AX].name.nativeName.swe.common
Expected: Ã…land
     got: Åland
 ; [cca2=AX].name.nativeName.swe.official
Expected: Landskapet Ã…land
     got: Landskapet Åland
 ; [cca2=AX].name.official
Expected: Ã…land Islands
     got: Åland Islands
 ; [cca2=AX].translations.ara.common
Expected: Ø¬Ø²Ø± Ø£ÙˆÙ„Ø§Ù†Ø¯
     got: ??? ??????
 ; [cca2=AX].translations.ara.official
Expected: Ø¬Ø²Ø± Ø£ÙˆÙ„Ø§Ù†Ø¯
     got: ??? ??????
 ; [cca2=AX].translations.bre.common
Expected: Ã…land
     got: Åland
 ; [cca2=AX].translations.bre.official
Expected: Inizi Ã…land
     got: Inizi Åland
 ; [cca2=AX].translations.ces.common
Expected: Ã…landy
     got: Ålandy
 ; [cca2=AX].translations.ces.official
Expected: Ã…landskÃ© ostrovy
     got: Ålandské ostrovy
 ; [cca2=AX].translations.cym.common
Expected: Ã…land Islands
     got: Åland Islands
 ; [cca2=AX].translations.cym.official
Expected: Ã…land Islands
     got: Åland Islands
 ; [cca2=AX].translations.deu.common
Expected: Ã…land
     got: Åland
 ; [cca2=AX].translations.deu.official
Expected: Ã…land-Inseln
     got: Åland-Inseln
 ; [cca2=AX].translations.hrv.common
Expected: Ã…landski otoci
     got: Ålandski otoci
 ; [cca2=AX].translations.hun.common
Expected: Ã…land-szigetek
     got: Åland-szigetek
 ; [cca2=AX].translations.hun.official
Expected: Ã…land-szigetek
     got: Åland-szigetek
 ; [cca2=AX].translations.ita.official
Expected: Isole Ã…land
     got: Isole Åland
 ; [cca2=AX].translations.jpn.common
Expected: ã‚ªãƒ¼ãƒ©ãƒ³ãƒ‰è«¸å³¶
     got: ???????
 ; [cca2=AX].translations.jpn.official
Expected: ã‚ªãƒ¼ãƒ©ãƒ³ãƒ‰è«¸å³¶
     got: ???????
 ; [cca2=AX].translations.kor.common
Expected: ì˜¬ëž€ë“œ ì œë?„
     got: ??? ??
 ; [cca2=AX].translations.kor.official
Expected: ì˜¬ëž€ë“œ ì œë?„
     got: ??? ??
 ; [cca2=AX].translations.nld.common
Expected: Ã…landeilanden
     got: Ålandeilanden
 ; [cca2=AX].translations.nld.official
Expected: Ã…land eilanden
     got: Åland eilanden
 ; [cca2=AX].translations.per.common
Expected: Ø¬Ø²Ø§ÛŒØ± Ø§Ù„Ù†Ø¯
     got: ????? ????
 ; [cca2=AX].translations.per.official
Expected: Ø¬Ø²Ø§ÛŒØ± Ø§Ù„Ù†Ø¯
     got: ????? ????
 ; [cca2=AX].translations.por.common
Expected: AlÃ¢ndia
     got: Alândia
 ; [cca2=AX].translations.por.official
Expected: Ilhas Ã…land
     got: Ilhas Åland
 ; [cca2=AX].translations.rus.common
Expected: Ð?Ð»Ð°Ð½Ð´Ñ?ÐºÐ¸Ðµ Ð¾Ñ?Ñ‚Ñ€Ð¾Ð²Ð°
     got: ????????? ???????
 ; [cca2=AX].translations.rus.official
Expected: Ð?Ð»Ð°Ð½Ð´Ñ?ÐºÐ¸Ðµ Ð¾Ñ?Ñ‚Ñ€Ð¾Ð²Ð°
     got: ????????? ???????
 ; [cca2=AX].translations.slk.official
Expected: AlandskÃ© ostrovy
     got: Alandské ostrovy
 ; [cca2=AX].translations.spa.official
Expected: Islas Ã…land
     got: Islas Åland
 ; [cca2=AX].translations.srp.common
Expected: ÐžÐ»Ð°Ð½Ð´Ñ?ÐºÐ° ÐžÑ?Ñ‚Ñ€Ð²Ð°
     got: ???????? ??????
 ; [cca2=AX].translations.srp.official
Expected: ÐžÐ»Ð°Ð½Ð´Ñ?ÐºÐ° ÐžÑ?Ñ‚Ñ€Ð²Ð°
     got: ???????? ??????
 ; [cca2=AX].translations.swe.common
Expected: Ã…land
     got: Åland
 ; [cca2=AX].translations.swe.official
Expected: Ã…land
     got: Åland
 ; [cca2=AX].translations.tur.common
Expected: Ã…land
     got: Åland
 ; [cca2=AX].translations.tur.official
Expected: Ã…land AdalarÄ±
     got: Åland Adalar?
 ; [cca2=AX].translations.urd.common
Expected: Ø¬Ø²Ø§Ø¦Ø± Ø§ÙˆÙ„Ù†Ø¯
     got: ????? ?????
 ; [cca2=AX].translations.urd.official
Expected: Ø¬Ø²Ø§Ø¦Ø± Ø§ÙˆÙ„Ù†Ø¯
     got: ????? ?????
 ; [cca2=AX].translations.zho.common
Expected: å¥¥å…°ç¾¤å²›
     got: ????
 ; [cca2=AX].translations.zho.official
Expected: å¥¥å…°ç¾¤å²›
     got: ????
 ; [cca2=AZ].altSpellings[]
Expected: AzÉ™rbaycan RespublikasÄ±
     but none found
 ; [cca2=AZ].altSpellings[]
Unexpected: Az?rbaycan Respublikas?
 ; [cca2=AZ].currencies.AZN.symbol
Expected: â‚¼
     got: ?
 ; [cca2=AZ].demonyms.fra.f
Expected: AzerbaÃ¯djanaise
     got: Azerbaïdjanaise
 ; [cca2=AZ].demonyms.fra.m
Expected: AzerbaÃ¯djanais
     got: Azerbaïdjanais
 ; [cca2=AZ].flag
Expected: ðŸ‡¦ðŸ‡¿
     got: ??
 ; [cca2=AZ].name.nativeName.aze.common
Expected: AzÉ™rbaycan
     got: Az?rbaycan
 ; [cca2=AZ].name.nativeName.aze.official
Expected: AzÉ™rbaycan RespublikasÄ±
     got: Az?rbaycan Respublikas?
 ; [cca2=AZ].translations.ara.common
Expected: Ø£Ø°Ø±Ø¨ÙŠØ¬Ø§Ù†
     got: ????????
 ; [cca2=AZ].translations.ara.official
Expected: Ø¬Ù…Ù‡ÙˆØ±ÙŠØ© Ø£Ø°Ø±Ø¨ÙŠØ¬Ø§Ù†
     got: ??????? ????????
 ; [cca2=AZ].translations.ces.common
Expected: Ã?zerbÃ¡jdÅ¾Ã¡n
     got: Ázerbájdžán
 ; [cca2=AZ].translations.ces.official
Expected: Ã?zerbÃ¡jdÅ¾Ã¡nskÃ¡ republika
     got: Ázerbájdžánská republika
 ; [cca2=AZ].translations.est.common
Expected: AserbaidÅ¾aan
     got: Aserbaidžaan
 ; [cca2=AZ].translations.est.official
Expected: AserbaidÅ¾aani Vabariik
     got: Aserbaidžaani Vabariik
 ; [cca2=AZ].translations.fra.common
Expected: AzerbaÃ¯djan
     got: Azerbaïdjan
 ; [cca2=AZ].translations.fra.official
Expected: RÃ©publique d'AzerbaÃ¯djan
     got: République d'Azerbaïdjan
 ; [cca2=AZ].translations.hrv.common
Expected: AzerbajdÅ¾an
     got: Azerbajdžan
 ; [cca2=AZ].translations.hrv.official
Expected: Republika AzerbajdÅ¾an
     got: Republika Azerbajdžan
 ; [cca2=AZ].translations.hun.common
Expected: AzerbajdzsÃ¡n
     got: Azerbajdzsán
 ; [cca2=AZ].translations.hun.official
Expected: AzerbajdzsÃ¡n
     got: Azerbajdzsán
 ; [cca2=AZ].translations.jpn.common
Expected: ã‚¢ã‚¼ãƒ«ãƒ?ã‚¤ã‚¸ãƒ£ãƒ³
     got: ????????
 ; [cca2=AZ].translations.jpn.official
Expected: ã‚¢ã‚¼ãƒ«ãƒ?ã‚¤ã‚¸ãƒ£ãƒ³å…±å’Œå›½
     got: ???????????
 ; [cca2=AZ].translations.kor.common
Expected: ì•„ì œë¥´ë°”ì?´ìž”
     got: ??????
 ; [cca2=AZ].translations.kor.official
Expected: ì•„ì œë¥´ë°”ì?´ìž” ê³µí™”êµ­
     got: ?????? ???
 ; [cca2=AZ].translations.per.common
Expected: Ø¬Ù…Ù‡ÙˆØ±ÛŒ Ø¢Ø°Ø±Ø¨Ø§ÛŒØ¬Ø§Ù†
     got: ?????? ?????????
 ; [cca2=AZ].translations.per.official
Expected: Ø¬Ù…Ù‡ÙˆØ±ÛŒ Ø¢Ø°Ø±Ø¨Ø§ÛŒØ¬Ø§Ù†
     got: ?????? ?????????
 ; [cca2=AZ].translations.pol.common
Expected: AzerbejdÅ¼an
     got: Azerbejd?an
 ; [cca2=AZ].translations.pol.official
Expected: Republika AzerbejdÅ¼anu
     got: Republika Azerbejd?anu
 ; [cca2=AZ].translations.por.common
Expected: AzerbeijÃ£o
     got: Azerbeijão
 ; [cca2=AZ].translations.por.official
Expected: RepÃºblica do AzerbaijÃ£o
     got: República do Azerbaijão
 ; [cca2=AZ].translations.rus.common
Expected: Ð?Ð·ÐµÑ€Ð±Ð°Ð¹Ð´Ð¶Ð°Ð½
     got: ???????????
 ; [cca2=AZ].translations.rus.official
Expected: Ð?Ð·ÐµÑ€Ð±Ð°Ð¹Ð´Ð¶Ð°Ð½Ñ?ÐºÐ°Ñ? Ð ÐµÑ?Ð¿ÑƒÐ±Ð»Ð¸ÐºÐ°
     got: ??????????????? ??????????
 ; [cca2=AZ].translations.slk.common
Expected: AzerbajÇ‡an
     got: Azerbaj?an
 ; [cca2=AZ].translations.slk.official
Expected: AzerbajÇ†anskÃ¡ republika
     got: Azerbaj?anská republika
 ; [cca2=AZ].translations.spa.common
Expected: AzerbaiyÃ¡n
     got: Azerbaiyán
 ; [cca2=AZ].translations.spa.official
Expected: RepÃºblica de AzerbaiyÃ¡n
     got: República de Azerbaiyán
 ; [cca2=AZ].translations.srp.common
Expected: Ð?Ð·ÐµÑ€Ð±ÐµÑ˜ÑŸÐ°Ð½
     got: ??????????
 ; [cca2=AZ].translations.srp.official
Expected: Ð?Ð·ÐµÑ€Ð±ÐµÑ˜ÑŸÐ°Ð½Ñ?ÐºÐ° Ð ÐµÐ¿ÑƒÐ±Ð»Ð¸ÐºÐ°
     got: ????????????? ?????????
 ; [cca2=AZ].translations.urd.common
Expected: Ø¢Ø°Ø±Ø¨Ø§Ø¦ÛŒØ¬Ø§Ù†
     got: ??????????
 ; [cca2=AZ].translations.urd.official
Expected: Ø¬Ù…Û?ÙˆØ±ÛŒÛ? Ø¢Ø°Ø±Ø¨Ø§Ø¦ÛŒØ¬Ø§Ù†
     got: ??????? ??????????
 ; [cca2=AZ].translations.zho.common
Expected: é˜¿å¡žæ‹œç–†
     got: ????
 ; [cca2=AZ].translations.zho.official
Expected: é˜¿å¡žæ‹œç–†å…±å’Œå›½
     got: ???????
 ; [cca2=RO].altSpellings[]
Expected: RomÃ¢nia
     but none found
 ; [cca2=RO].altSpellings[]
Unexpected: România
 ; [cca2=RO].flag
Expected: ðŸ‡·ðŸ‡´
     got: ??
 ; [cca2=RO].name.nativeName.ron.common
Expected: RomÃ¢nia
     got: România
 ; [cca2=RO].name.nativeName.ron.official
Expected: RomÃ¢nia
     got: România
 ; [cca2=RO].translations.ara.common
Expected: Ø±ÙˆÙ…Ø§Ù†ÙŠØ§
     got: ???????
 ; [cca2=RO].translations.ara.official
Expected: Ø±ÙˆÙ…Ø§Ù†ÙŠØ§
     got: ???????
 ; [cca2=RO].translations.deu.common
Expected: RumÃ¤nien
     got: Rumänien
 ; [cca2=RO].translations.deu.official
Expected: RumÃ¤nien
     got: Rumänien
 ; [cca2=RO].translations.hun.common
Expected: RomÃ¡nia
     got: Románia
 ; [cca2=RO].translations.hun.official
Expected: RomÃ¡nia
     got: Románia
 ; [cca2=RO].translations.jpn.common
Expected: ãƒ«ãƒ¼ãƒžãƒ‹ã‚¢
     got: ?????
 ; [cca2=RO].translations.jpn.official
Expected: ãƒ«ãƒ¼ãƒžãƒ‹ã‚¢
     got: ?????
 ; [cca2=RO].translations.kor.common
Expected: ë£¨ë§ˆë‹ˆì•„
     got: ????
 ; [cca2=RO].translations.kor.official
Expected: ë£¨ë§ˆë‹ˆì•„
     got: ????
 ; [cca2=RO].translations.nld.common
Expected: RoemeniÃ«
     got: Roemenië
 ; [cca2=RO].translations.nld.official
Expected: RoemeniÃ«
     got: Roemenië
 ; [cca2=RO].translations.per.common
Expected: Ø±ÙˆÙ…Ø§Ù†ÛŒ
     got: ??????
 ; [cca2=RO].translations.per.official
Expected: Ø±ÙˆÙ…Ø§Ù†ÛŒ
     got: ??????
 ; [cca2=RO].translations.por.common
Expected: RomÃ©nia
     got: Roménia
 ; [cca2=RO].translations.por.official
Expected: RomÃªnia
     got: Romênia
 ; [cca2=RO].translations.rus.common
Expected: Ð ÑƒÐ¼Ñ‹Ð½Ð¸Ñ?
     got: ???????
 ; [cca2=RO].translations.rus.official
Expected: Ð ÑƒÐ¼Ñ‹Ð½Ð¸Ñ?
     got: ???????
 ; [cca2=RO].translations.srp.common
Expected: Ð ÑƒÐ¼ÑƒÐ½Ð¸Ñ˜Ð°
     got: ????????
 ; [cca2=RO].translations.srp.official
Expected: Ð ÑƒÐ¼ÑƒÐ½Ð¸Ñ˜Ð°
     got: ????????
 ; [cca2=RO].translations.swe.common
Expected: RumÃ¤nien
     got: Rumänien
 ; [cca2=RO].translations.swe.official
Expected: RumÃ¤nien
     got: Rumänien
 ; [cca2=RO].translations.urd.common
Expected: Ø±ÙˆÙ…Ø§Ù†ÛŒÛ?
     got: ???????
 ; [cca2=RO].translations.urd.official
Expected: Ø±ÙˆÙ…Ø§Ù†ÛŒÛ?
     got: ???????
 ; [cca2=RO].translations.zho.common
Expected: ç½—é©¬å°¼äºš
     got: ????
 ; [cca2=RO].translations.zho.official
Expected: ç½—é©¬å°¼äºš
     got: ????
 ; [cca2=BA].altSpellings[]
Expected: Ð‘Ð¾Ñ?Ð½Ð° Ð¸ Ð¥ÐµÑ€Ñ†ÐµÐ³Ð¾Ð²Ð¸Ð½Ð°
     but none found
 ; [cca2=BA].altSpellings[]
Unexpected: ????? ? ???????????
 ; [cca2=BA].flag
Expected: ðŸ‡§ðŸ‡¦
     got: ??
 ; [cca2=BA].name.nativeName.srp.common
Expected: Ð‘Ð¾Ñ?Ð½Ð° Ð¸ Ð¥ÐµÑ€Ñ†ÐµÐ³Ð¾Ð²Ð¸Ð½Ð°
     got: ????? ? ???????????
 ; [cca2=BA].name.nativeName.srp.official
Expected: Ð‘Ð¾Ñ?Ð½Ð° Ð¸ Ð¥ÐµÑ€Ñ†ÐµÐ³Ð¾Ð²Ð¸Ð½Ð°
     got: ????? ? ???????????
 ; [cca2=BA].translations.ara.common
Expected: Ø§Ù„Ø¨ÙˆØ³Ù†Ø© ÙˆØ§Ù„Ù‡Ø±Ø³Ùƒ
     got: ??????? ???????
 ; [cca2=BA].translations.ara.official
Expected: Ø¬Ù…Ù‡ÙˆØ±ÙŠØ© Ø§Ù„Ø¨ÙˆØ³Ù†Ø© ÙˆØ§Ù„Ù‡Ø±Ø³Ùƒ
     got: ??????? ??????? ???????
 ; [cca2=BA].translations.fra.common
Expected: Bosnie-HerzÃ©govine
     got: Bosnie-Herzégovine
 ; [cca2=BA].translations.fra.official
Expected: Bosnie-et-HerzÃ©govine
     got: Bosnie-et-Herzégovine
 ; [cca2=BA].translations.jpn.common
Expected: ãƒœã‚¹ãƒ‹ã‚¢ãƒ»ãƒ˜ãƒ«ãƒ„ã‚§ã‚´ãƒ“ãƒŠ
     got: ????????????
 ; [cca2=BA].translations.jpn.official
Expected: ãƒœã‚¹ãƒ‹ã‚¢Â·ãƒ˜ãƒ«ãƒ„ã‚§ã‚´ãƒ“ãƒŠ
     got: ????·???????
 ; [cca2=BA].translations.kor.common
Expected: ë³´ìŠ¤ë‹ˆì•„ í—¤ë¥´ì²´ê³ ë¹„ë‚˜
     got: ???? ??????
 ; [cca2=BA].translations.kor.official
Expected: ë³´ìŠ¤ë‹ˆì•„ í—¤ë¥´ì²´ê³ ë¹„ë‚˜
     got: ???? ??????
 ; [cca2=BA].translations.nld.common
Expected: BosniÃ« en Herzegovina
     got: Bosnië en Herzegovina
 ; [cca2=BA].translations.nld.official
Expected: BosniÃ«-Herzegovina
     got: Bosnië-Herzegovina
 ; [cca2=BA].translations.per.common
Expected: Ø¨ÙˆØ³Ù†ÛŒ Ùˆ Ù‡Ø±Ø²Ú¯ÙˆÛŒÙ†
     got: ????? ? ???????
 ; [cca2=BA].translations.per.official
Expected: Ø¨ÙˆØ³Ù†ÛŒ Ùˆ Ù‡Ø±Ø²Ú¯ÙˆÛŒÙ†
     got: ????? ? ???????
 ; [cca2=BA].translations.pol.common
Expected: BoÅ›nia i Hercegowina
     got: Bo?nia i Hercegowina
 ; [cca2=BA].translations.pol.official
Expected: BoÅ›nia i Hercegowina
     got: Bo?nia i Hercegowina
 ; [cca2=BA].translations.por.common
Expected: BÃ³snia e Herzegovina
     got: Bósnia e Herzegovina
 ; [cca2=BA].translations.por.official
Expected: BÃ³snia e Herzegovina
     got: Bósnia e Herzegovina
 ; [cca2=BA].translations.rus.common
Expected: Ð‘Ð¾Ñ?Ð½Ð¸Ñ? Ð¸ Ð“ÐµÑ€Ñ†ÐµÐ³Ð¾Ð²Ð¸Ð½Ð°
     got: ?????? ? ???????????
 ; [cca2=BA].translations.rus.official
Expected: Ð‘Ð¾Ñ?Ð½Ð¸Ñ? Ð¸ Ð“ÐµÑ€Ñ†ÐµÐ³Ð¾Ð²Ð¸Ð½Ð°
     got: ?????? ? ???????????
 ; [cca2=BA].translations.srp.common
Expected: Ð‘Ð¾Ñ?Ð½Ð° Ð¸ Ð¥ÐµÑ€Ñ†ÐµÐ³Ð¾Ð²Ð¸Ð½Ð°
     got: ????? ? ???????????
 ; [cca2=BA].translations.srp.official
Expected: Ð‘Ð¾Ñ?Ð½Ð° Ð¸ Ð¥ÐµÑ€Ñ†ÐµÐ³Ð¾Ð²Ð¸Ð½Ð°
     got: ????? ? ???????????
 ; [cca2=BA].translations.urd.common
Expected: Ø¨ÙˆØ³Ù†ÛŒØ§ Ùˆ Û?Ø±Ø²ÛŒÚ¯ÙˆÙˆÛŒÙ†Ø§
     got: ?????? ? ??????????
 ; [cca2=BA].translations.urd.official
Expected: Ø¨ÙˆØ³Ù†ÛŒØ§ Ùˆ Û?Ø±Ø²ÛŒÚ¯ÙˆÙˆÛŒÙ†Ø§
     got: ?????? ? ??????????
 ; [cca2=BA].translations.zho.common
Expected: æ³¢æ–¯å°¼äºšå’Œé»‘å¡žå“¥ç»´é‚£
     got: ??????????
 ; [cca2=BA].translations.zho.official
Expected: æ³¢æ–¯å°¼äºšå’Œé»‘å¡žå“¥ç»´é‚£
     got: ??????????
 ; [cca2=BB].flag
Expected: ðŸ‡§ðŸ‡§
     got: ??
 ; [cca2=BB].translations.ara.common
Expected: Ø¨Ø§Ø±Ø¨Ø§Ø¯ÙˆØ³
     got: ????????
 ; [cca2=BB].translations.ara.official
Expected: Ø¨Ø§Ø±Ø¨Ø§Ø¯ÙˆØ³
     got: ????????
 ; [cca2=BB].translations.jpn.common
Expected: ãƒ?ãƒ«ãƒ?ãƒ‰ã‚¹
     got: ?????
 ; [cca2=BB].translations.jpn.official
Expected: ãƒ?ãƒ«ãƒ?ãƒ‰ã‚¹
     got: ?????
 ; [cca2=BB].translations.kor.common
Expected: ë°”ë² ì?´ë?„ìŠ¤
     got: ?????
 ; [cca2=BB].translations.kor.official
Expected: ë°”ë² ì?´ë?„ìŠ¤
     got: ?????
 ; [cca2=BB].translations.per.common
Expected: Ø¨Ø§Ø±Ø¨Ø§Ø¯ÙˆØ³
     got: ????????
 ; [cca2=BB].translations.per.official
Expected: Ø¨Ø§Ø±Ø¨Ø§Ø¯ÙˆØ³
     got: ????????
 ; [cca2=BB].translations.rus.common
Expected: Ð‘Ð°Ñ€Ð±Ð°Ð´Ð¾Ñ?
     got: ????????
 ; [cca2=BB].translations.rus.official
Expected: Ð‘Ð°Ñ€Ð±Ð°Ð´Ð¾Ñ?
     got: ????????
 ; [cca2=BB].translations.srp.common
Expected: Ð‘Ð°Ñ€Ð±Ð°Ð´Ð¾Ñ?
     got: ????????
 ; [cca2=BB].translations.srp.official
Expected: Ð‘Ð°Ñ€Ð±Ð°Ð´Ð¾Ñ?
     got: ????????
 ; [cca2=BB].translations.urd.common
Expected: Ø¨Ø§Ø±Ø¨Ø§ÚˆÙˆØ³
     got: ????????
 ; [cca2=BB].translations.urd.official
Expected: Ø¨Ø§Ø±Ø¨Ø§ÚˆÙˆØ³
     got: ????????
 ; [cca2=BB].translations.zho.common
Expected: å·´å·´å¤šæ–¯
     got: ????
 ; [cca2=BB].translations.zho.official
Expected: å·´å·´å¤šæ–¯
     got: ????
 ; [cca2=RS].altSpellings[]
Expected: Ð ÐµÐ¿ÑƒÐ±Ð»Ð¸ÐºÐ° Ð¡Ñ€Ð±Ð¸Ñ˜Ð°
     but none found
 ; [cca2=RS].altSpellings[]
Unexpected: ????????? ??????
 ; [cca2=RS].currencies.RSD.symbol
Expected: Ð´Ð¸Ð½.
     got: ???.
 ; [cca2=RS].flag
Expected: ðŸ‡·ðŸ‡¸
     got: ??
 ; [cca2=RS].name.nativeName.srp.common
Expected: Ð¡Ñ€Ð±Ð¸Ñ˜Ð°
     got: ??????
 ; [cca2=RS].name.nativeName.srp.official
Expected: Ð ÐµÐ¿ÑƒÐ±Ð»Ð¸ÐºÐ° Ð¡Ñ€Ð±Ð¸Ñ˜Ð°
     got: ????????? ??????
 ; [cca2=RS].tld[]
Expected: .Ñ?Ñ€Ð±
     but none found
 ; [cca2=RS].tld[]
Unexpected: .???
 ; [cca2=RS].translations.ara.common
Expected: ØµÙŠØ±Ø¨ÙŠØ§
     got: ??????
 ; [cca2=RS].translations.ara.official
Expected: Ø¬Ù…Ù‡ÙˆØ±ÙŠØ© ØµÙŠØ±Ø¨ÙŠØ§
     got: ??????? ??????
 ; [cca2=RS].translations.ces.official
Expected: SrbskÃ¡ republika
     got: Srbská republika
 ; [cca2=RS].translations.fra.official
Expected: RÃ©publique de Serbie
     got: République de Serbie
 ; [cca2=RS].translations.hun.official
Expected: Szerb KÃ¶ztÃ¡rsasÃ¡g
     got: Szerb Köztársaság
 ; [cca2=RS].translations.jpn.common
Expected: ã‚»ãƒ«ãƒ“ã‚¢
     got: ????
 ; [cca2=RS].translations.jpn.official
Expected: ã‚»ãƒ«ãƒ“ã‚¢å…±å’Œå›½
     got: ???????
 ; [cca2=RS].translations.kor.common
Expected: ì„¸ë¥´ë¹„ì•„
     got: ????
 ; [cca2=RS].translations.kor.official
Expected: ì„¸ë¥´ë¹„ì•„ ê³µí™”êµ­
     got: ???? ???
 ; [cca2=RS].translations.nld.common
Expected: ServiÃ«
     got: Servië
 ; [cca2=RS].translations.nld.official
Expected: Republiek ServiÃ«
     got: Republiek Servië
 ; [cca2=RS].translations.per.common
Expected: ØµØ±Ø¨Ø³ØªØ§Ù†
     got: ???????
 ; [cca2=RS].translations.per.official
Expected: Ø¬Ù…Ù‡ÙˆØ±ÛŒ ØµØ±Ø¨Ø³ØªØ§Ù†
     got: ?????? ???????
 ; [cca2=RS].translations.por.common
Expected: SÃ©rvia
     got: Sérvia
 ; [cca2=RS].translations.por.official
Expected: RepÃºblica da SÃ©rvia
     got: República da Sérvia
 ; [cca2=RS].translations.rus.common
Expected: Ð¡ÐµÑ€Ð±Ð¸Ñ?
     got: ??????
 ; [cca2=RS].translations.rus.official
Expected: Ð ÐµÑ?Ð¿ÑƒÐ±Ð»Ð¸ÐºÐ° Ð¡ÐµÑ€Ð±Ð¸Ñ?
     got: ?????????? ??????
 ; [cca2=RS].translations.slk.official
Expected: SrbskÃ¡ republika
     got: Srbská republika
 ; [cca2=RS].translations.spa.official
Expected: RepÃºblica de Serbia
     got: República de Serbia
 ; [cca2=RS].translations.srp.common
Expected: Ð¡Ñ€Ð±Ð¸Ñ˜Ð°
     got: ??????
 ; [cca2=RS].translations.srp.official
Expected: Ð ÐµÐ¿ÑƒÐ±Ð»Ð¸ÐºÐ° Ð¡Ñ€Ð±Ð¸Ñ˜Ð°
     got: ????????? ??????
 ; [cca2=RS].translations.tur.common
Expected: SÄ±rbistan
     got: S?rbistan
 ; [cca2=RS].translations.tur.official
Expected: SÄ±rbistan Cumhuriyeti
     got: S?rbistan Cumhuriyeti
 ; [cca2=RS].translations.urd.common
Expected: Ø³Ø±Ø¨ÛŒØ§
     got: ?????
 ; [cca2=RS].translations.urd.official
Expected: Ø¬Ù…Û?ÙˆØ±ÛŒÛ? Ø³Ø±Ø¨ÛŒØ§
     got: ??????? ?????
 ; [cca2=RS].translations.zho.common
Expected: å¡žå°”ç»´äºš
     got: ????
 ; [cca2=RS].translations.zho.official
Expected: å¡žå°”ç»´äºšå…±å’Œå›½
     got: ???????
 ; [cca2=BD].altSpellings[]
Expected: GÃ´nÃ´prÃ´jatÃ´ntri Bangladesh
     but none found
 ; [cca2=BD].altSpellings[]
Unexpected: Gônôprôjatôntri Bangladesh
 ; [cca2=BD].currencies.BDT.symbol
Expected: à§³
     got: ?
 ; [cca2=BD].flag
Expected: ðŸ‡§ðŸ‡©
     got: ??
 ; [cca2=BD].name.nativeName.ben.common
Expected: à¦¬à¦¾à¦‚à¦²à¦¾à¦¦à§‡à¦¶
     got: ????????
 ; [cca2=BD].name.nativeName.ben.official
Expected: à¦¬à¦¾à¦‚à¦²à¦¾à¦¦à§‡à¦¶ à¦—à¦£à¦ªà§?à¦°à¦œà¦¾à¦¤à¦¨à§?à¦¤à§?à¦°à§€
     got: ???????? ??????????????
 ; [cca2=BD].translations.ara.common
Expected: Ø¨Ù†ØºÙ„Ø§Ø¯ÙŠØ´
     got: ????????
 ; [cca2=BD].translations.ara.official
Expected: Ø¬Ù…Ù‡ÙˆØ±ÙŠØ© Ø¨Ù†ØºÙ„Ø§Ø¯ÙŠØ´ Ø§Ù„Ø´Ø¹Ø¨ÙŠØ©
     got: ??????? ???????? ???????
 ; [cca2=BD].translations.ces.common
Expected: BangladÃ©Å¡
     got: Bangladéš
 ; [cca2=BD].translations.ces.official
Expected: BangladÃ©Å¡skÃ¡ lidovÃ¡ republika
     got: Bangladéšská lidová republika
 ; [cca2=BD].translations.fra.official
Expected: La RÃ©publique populaire du Bangladesh
     got: La République populaire du Bangladesh
 ; [cca2=BD].translations.hrv.common
Expected: BangladeÅ¡
     got: Bangladeš
 ; [cca2=BD].translations.hrv.official
Expected: Narodna Republika BangladeÅ¡
     got: Narodna Republika Bangladeš
 ; [cca2=BD].translations.jpn.common
Expected: ãƒ?ãƒ³ã‚°ãƒ©ãƒ‡ã‚·ãƒ¥
     got: ???????
 ; [cca2=BD].translations.jpn.official
Expected: ãƒ?ãƒ³ã‚°ãƒ©ãƒ‡ã‚·ãƒ¥äººæ°‘å…±å’Œå›½
     got: ????????????
 ; [cca2=BD].translations.kor.common
Expected: ë°©ê¸€ë?¼ë?°ì‹œ
     got: ?????
 ; [cca2=BD].translations.kor.official
Expected: ë°©ê¸€ë?¼ë?°ì‹œ ì?¸ë¯¼ ê³µí™”êµ­
     got: ????? ?? ???
 ; [cca2=BD].translations.per.common
Expected: Ø¨Ù†Ú¯Ù„Ø§Ø¯Ø´
     got: ???????
 ; [cca2=BD].translations.per.official
Expected: Ø¬Ù…Ù‡ÙˆØ±ÛŒ Ø®Ù„Ù‚ Ø¨Ù†Ú¯Ù„Ø§Ø¯Ø´
     got: ?????? ??? ???????
 ; [cca2=BD].translations.por.official
Expected: RepÃºblica Popular do Bangladesh
     got: República Popular do Bangladesh
 ; [cca2=BD].translations.rus.common
Expected: Ð‘Ð°Ð½Ð³Ð»Ð°Ð´ÐµÑˆ
     got: ?????????
 ; [cca2=BD].translations.rus.official
Expected: Ð?Ð°Ñ€Ð¾Ð´Ð½Ð°Ñ? Ð ÐµÑ?Ð¿ÑƒÐ±Ð»Ð¸ÐºÐ° Ð‘Ð°Ð½Ð³Ð»Ð°Ð´ÐµÑˆ
     got: ???????? ?????????? ?????????
 ; [cca2=BD].translations.slk.common
Expected: BangladÃ©Å¡
     got: Bangladéš
 ; [cca2=BD].translations.slk.official
Expected: BangladÃ©Å¡ska Ä¾udovÃ¡ republika
     got: Bangladéšska ?udová republika
 ; [cca2=BD].translations.spa.official
Expected: RepÃºblica Popular de Bangladesh
     got: República Popular de Bangladesh
 ; [cca2=BD].translations.srp.common
Expected: Ð‘Ð°Ð½Ð³Ð»Ð°Ð´ÐµÑˆ
     got: ?????????
 ; [cca2=BD].translations.srp.official
Expected: Ð?Ð°Ñ€Ð¾Ð´Ð½Ð° Ð ÐµÐ¿ÑƒÐ±Ð»Ð¸ÐºÐ° Ð‘Ð°Ð½Ð³Ð»Ð°Ð´ÐµÑˆ
     got: ??????? ????????? ?????????
 ; [cca2=BD].translations.tur.common
Expected: BangladeÅŸ
     got: Banglade?
 ; [cca2=BD].translations.tur.official
Expected: BangladeÅŸ Halk Cumhuriyeti
     got: Banglade? Halk Cumhuriyeti
 ; [cca2=BD].translations.urd.common
Expected: Ø¨Ù†Ú¯Ù„Û? Ø¯ÛŒØ´
     got: ????? ???
 ; [cca2=BD].translations.urd.official
Expected: Ø¹ÙˆØ§Ù…ÛŒ Ø¬Ù…Û?ÙˆØ±ÛŒÛ? Ø¨Ù†Ú¯Ù„Û? Ø¯ÛŒØ´
     got: ????? ??????? ????? ???
 ; [cca2=BD].translations.zho.common
Expected: å­ŸåŠ æ‹‰å›½
     got: ????
 ; [cca2=BD].translations.zho.official
Expected: å­ŸåŠ æ‹‰äººæ°‘å…±å’Œå›½
     got: ????????
 ; [cca2=RU].altSpellings[]
Expected: Ð Ð¾Ñ?Ñ?Ð¸Ð¹Ñ?ÐºÐ°Ñ? Ð¤ÐµÐ´ÐµÑ€Ð°Ñ†Ð¸Ñ?
     but none found
 ; [cca2=RU].altSpellings[]
Unexpected: ?????????? ?????????
 ; [cca2=RU].currencies.RUB.symbol
Expected: â‚½
     got: ?
 ; [cca2=RU].flag
Expected: ðŸ‡·ðŸ‡º
     got: ??
 ; [cca2=RU].name.nativeName.rus.common
Expected: Ð Ð¾Ñ?Ñ?Ð¸Ñ?
     got: ??????
 ; [cca2=RU].name.nativeName.rus.official
Expected: Ð Ð¾Ñ?Ñ?Ð¸Ð¹Ñ?ÐºÐ°Ñ? Ð¤ÐµÐ´ÐµÑ€Ð°Ñ†Ð¸Ñ?
     got: ?????????? ?????????
 ; [cca2=RU].tld[]
Expected: .Ñ€Ñ„
     but none found
 ; [cca2=RU].tld[]
Unexpected: .??
 ; [cca2=RU].translations.ara.common
Expected: Ø±ÙˆØ³ÙŠØ§
     got: ?????
 ; [cca2=RU].translations.ara.official
Expected: Ø±ÙˆØ³ÙŠØ§ Ø§Ù„Ø§ØªØ­Ø§Ø¯ÙŠØ©
     got: ????? ?????????
 ; [cca2=RU].translations.ces.official
Expected: RuskÃ¡ federace
     got: Ruská federace
 ; [cca2=RU].translations.deu.official
Expected: Russische FÃ¶deration
     got: Russische Föderation
 ; [cca2=RU].translations.est.official
Expected: Venemaa FÃ¶deratsioon
     got: Venemaa Föderatsioon
 ; [cca2=RU].translations.fin.common
Expected: VenÃ¤jÃ¤
     got: Venäjä
 ; [cca2=RU].translations.fin.official
Expected: VenÃ¤jÃ¤n federaatio
     got: Venäjän federaatio
 ; [cca2=RU].translations.fra.official
Expected: FÃ©dÃ©ration de Russie
     got: Fédération de Russie
 ; [cca2=RU].translations.hun.common
Expected: OroszorszÃ¡g
     got: Oroszország
 ; [cca2=RU].translations.hun.official
Expected: OroszorszÃ¡gi FÃ¶derÃ¡ciÃ³
     got: Oroszországi Föderáció
 ; [cca2=RU].translations.jpn.common
Expected: ãƒ­ã‚·ã‚¢é€£é‚¦
     got: ?????
 ; [cca2=RU].translations.jpn.official
Expected: ãƒ­ã‚·ã‚¢é€£é‚¦
     got: ?????
 ; [cca2=RU].translations.kor.common
Expected: ëŸ¬ì‹œì•„
     got: ???
 ; [cca2=RU].translations.kor.official
Expected: ëŸ¬ì‹œì•„ ì—°ë°©
     got: ??? ??
 ; [cca2=RU].translations.per.common
Expected: Ø±ÙˆØ³ÛŒÙ‡
     got: ?????
 ; [cca2=RU].translations.per.official
Expected: Ù?Ø¯Ø±Ø§Ø³ÛŒÙˆÙ† Ø±ÙˆØ³ÛŒÙ‡
     got: ???????? ?????
 ; [cca2=RU].translations.por.common
Expected: RÃºssia
     got: Rússia
 ; [cca2=RU].translations.por.official
Expected: FederaÃ§Ã£o Russa
     got: Federação Russa
 ; [cca2=RU].translations.rus.common
Expected: Ð Ð¾Ñ?Ñ?Ð¸Ñ?
     got: ??????
 ; [cca2=RU].translations.rus.official
Expected: Ð Ð¾Ñ?Ñ?Ð¸Ð¹Ñ?ÐºÐ°Ñ? Ð¤ÐµÐ´ÐµÑ€Ð°Ñ†Ð¸Ñ?
     got: ?????????? ?????????
 ; [cca2=RU].translations.slk.official
Expected: RuskÃ¡ federÃ¡cia
     got: Ruská federácia
 ; [cca2=RU].translations.spa.official
Expected: FederaciÃ³n de Rusia
     got: Federación de Rusia
 ; [cca2=RU].translations.srp.common
Expected: Ð ÑƒÑ?Ð¸Ñ˜Ð°
     got: ??????
 ; [cca2=RU].translations.srp.official
Expected: Ð ÑƒÑ?ÐºÐ° Ð¤ÐµÐ´ÐµÑ€Ð°Ñ†Ð¸Ñ˜Ð°
     got: ????? ??????????
 ; [cca2=RU].translations.urd.common
Expected: Ø±ÙˆØ³
     got: ???
 ; [cca2=RU].translations.urd.official
Expected: Ø±ÙˆØ³ÛŒ ÙˆÙ?Ø§Ù‚
     got: ???? ????
 ; [cca2=RU].translations.zho.common
Expected: ä¿„ç½—æ–¯
     got: ???
 ; [cca2=RU].translations.zho.official
Expected: ä¿„ç½—æ–¯è?”é‚¦
     got: ?????
 ; [cca2=BE].altSpellings[]
Expected: KÃ¶nigreich Belgien
     but none found
 ; [cca2=BE].altSpellings[]
Expected: BelgiÃ«
     but none found
 ; [cca2=BE].altSpellings[]
Expected: Koninkrijk BelgiÃ«
     but none found
 ; [cca2=BE].altSpellings[]
Unexpected: België
 ; [cca2=BE].altSpellings[]
Unexpected: Königreich Belgien
 ; [cca2=BE].altSpellings[]
Unexpected: Koninkrijk België
 ; [cca2=BE].currencies.EUR.symbol
Expected: â‚¬
     got: €
 ; [cca2=BE].flag
Expected: ðŸ‡§ðŸ‡ª
     got: ??
 ; [cca2=BE].name.nativeName.deu.official
Expected: KÃ¶nigreich Belgien
     got: Königreich Belgien
 ; [cca2=BE].name.nativeName.nld.common
Expected: BelgiÃ«
     got: België
 ; [cca2=BE].name.nativeName.nld.official
Expected: Koninkrijk BelgiÃ«
     got: Koninkrijk België
 ; [cca2=BE].translations.ara.common
Expected: Ø¨Ù„Ø¬ÙŠÙƒØ§
     got: ??????
 ; [cca2=BE].translations.ara.official
Expected: Ù…Ù…Ù„ÙƒØ© Ø¨Ù„Ø¬ÙŠÙƒØ§
     got: ????? ??????
 ; [cca2=BE].translations.ces.official
Expected: BelgickÃ© krÃ¡lovstvÃ­
     got: Belgické království
 ; [cca2=BE].translations.deu.official
Expected: KÃ¶nigreich Belgien
     got: Königreich Belgien
 ; [cca2=BE].translations.hun.official
Expected: Belga KirÃ¡lysÃ¡g
     got: Belga Királyság
 ; [cca2=BE].translations.jpn.common
Expected: ãƒ™ãƒ«ã‚®ãƒ¼
     got: ????
 ; [cca2=BE].translations.jpn.official
Expected: ãƒ™ãƒ«ã‚®ãƒ¼çŽ‹å›½
     got: ??????
 ; [cca2=BE].translations.kor.common
Expected: ë²¨ê¸°ì—?
     got: ???
 ; [cca2=BE].translations.kor.official
Expected: ë²¨ê¸°ì—? ì™•êµ­
     got: ??? ??
 ; [cca2=BE].translations.nld.common
Expected: BelgiÃ«
     got: België
 ; [cca2=BE].translations.nld.official
Expected: Koninkrijk BelgiÃ«
     got: Koninkrijk België
 ; [cca2=BE].translations.per.common
Expected: Ø¨Ù„Ú˜ÛŒÚ©
     got: ?????
 ; [cca2=BE].translations.per.official
Expected: Ù¾Ø§Ø¯Ø´Ø§Ù‡ÛŒ Ø¨Ù„Ú˜ÛŒÚ©
     got: ??????? ?????
 ; [cca2=BE].translations.pol.official
Expected: KrÃ³lestwo Belgii
     got: Królestwo Belgii
 ; [cca2=BE].translations.por.common
Expected: BÃ©lgica
     got: Bélgica
 ; [cca2=BE].translations.por.official
Expected: Reino da BÃ©lgica
     got: Reino da Bélgica
 ; [cca2=BE].translations.rus.common
Expected: Ð‘ÐµÐ»ÑŒÐ³Ð¸Ñ?
     got: ???????
 ; [cca2=BE].translations.rus.official
Expected: ÐšÐ¾Ñ€Ð¾Ð»ÐµÐ²Ñ?Ñ‚Ð²Ð¾ Ð‘ÐµÐ»ÑŒÐ³Ð¸Ñ?
     got: ??????????? ???????
 ; [cca2=BE].translations.slk.official
Expected: BelgickÃ© krÃ¡Ä¾ovstvo
     got: Belgické krá?ovstvo
 ; [cca2=BE].translations.spa.common
Expected: BÃ©lgica
     got: Bélgica
 ; [cca2=BE].translations.spa.official
Expected: Reino de BÃ©lgica
     got: Reino de Bélgica
 ; [cca2=BE].translations.srp.common
Expected: Ð‘ÐµÐ»Ð³Ð¸Ñ˜Ð°
     got: ???????
 ; [cca2=BE].translations.srp.official
Expected: ÐšÑ€Ð°Ñ™ÐµÐ²Ð¸Ð½Ð° Ð‘ÐµÐ»Ð³Ð¸Ñ˜Ð°
     got: ????????? ???????
 ; [cca2=BE].translations.tur.common
Expected: BelÄŸika
     got: Bel?ika
 ; [cca2=BE].translations.tur.official
Expected: BelÃ§ika KrallÄ±ÄŸÄ±
     got: Belçika Krall???
 ; [cca2=BE].translations.urd.common
Expected: Ø¨Ù„Ø¬Ø¦ÛŒÙ…
     got: ??????
 ; [cca2=BE].translations.urd.official
Expected: Ù…Ù…Ù„Ú©ØªÙ? Ø¨Ù„Ø¬Ø¦ÛŒÙ…
     got: ?????? ??????
 ; [cca2=BE].translations.zho.common
Expected: æ¯”åˆ©æ—¶
     got: ???
 ; [cca2=BE].translations.zho.official
Expected: æ¯”åˆ©æ—¶çŽ‹å›½
     got: ?????
 ; [cca2=BF].demonyms.fra.f
Expected: BurkinabÃ©e
     got: Burkinabée
 ; [cca2=BF].demonyms.fra.m
Expected: BurkinabÃ©
     got: Burkinabé
 ; [cca2=BF].flag
Expected: ðŸ‡§ðŸ‡«
     got: ??
 ; [cca2=BF].name.nativeName.fra.official
Expected: RÃ©publique du Burkina
     got: République du Burkina
 ; [cca2=BF].translations.ara.common
Expected: Ø¨ÙˆØ±ÙƒÙŠÙ†Ø§ Ù?Ø§Ø³Ùˆ
     got: ??????? ????
 ; [cca2=BF].translations.ara.official
Expected: Ø¨ÙˆØ±ÙƒÙŠÙ†Ø§ Ù?Ø§Ø³Ùˆ
     got: ??????? ????
 ; [cca2=BF].translations.fra.official
Expected: RÃ©publique du Burkina
     got: République du Burkina
 ; [cca2=BF].translations.jpn.common
Expected: ãƒ–ãƒ«ã‚­ãƒŠãƒ•ã‚¡ã‚½
     got: ???????
 ; [cca2=BF].translations.jpn.official
Expected: ãƒ–ãƒ«ã‚­ãƒŠãƒ•ã‚¡ã‚½
     got: ???????
 ; [cca2=BF].translations.kor.common
Expected: ë¶€ë¥´í‚¤ë‚˜íŒŒì†Œ
     got: ??????
 ; [cca2=BF].translations.kor.official
Expected: ë¶€ë¥´í‚¤ë‚˜íŒŒì†Œ
     got: ??????
 ; [cca2=BF].translations.per.common
Expected: Ø¨ÙˆØ±Ú©ÛŒÙ†Ø§Ù?Ø§Ø³Ùˆ
     got: ???????????
 ; [cca2=BF].translations.per.official
Expected: Ø¨ÙˆØ±Ú©ÛŒÙ†Ø§Ù?Ø§Ø³Ùˆ
     got: ???????????
 ; [cca2=BF].translations.rus.common
Expected: Ð‘ÑƒÑ€ÐºÐ¸Ð½Ð°-Ð¤Ð°Ñ?Ð¾
     got: ???????-????
 ; [cca2=BF].translations.rus.official
Expected: Ð‘ÑƒÑ€ÐºÐ¸Ð½Ð° -Ð¤Ð°Ñ?Ð¾
     got: ??????? -????
 ; [cca2=BF].translations.srp.common
Expected: Ð‘ÑƒÑ€ÐºÐ¸Ð½Ð° Ð¤Ð°Ñ?Ð¾
     got: ??????? ????
 ; [cca2=BF].translations.srp.official
Expected: Ð‘ÑƒÑ€ÐºÐ¸Ð½Ð° Ð¤Ð°Ñ?Ð¾
     got: ??????? ????
 ; [cca2=BF].translations.urd.common
Expected: Ø¨Ø±Ú©ÛŒÙ†Ø§ Ù?Ø§Ø³Ùˆ
     got: ?????? ????
 ; [cca2=BF].translations.urd.official
Expected: Ø¨Ø±Ú©ÛŒÙ†Ø§ Ù?Ø§Ø³Ùˆ
     got: ?????? ????
 ; [cca2=BF].translations.zho.common
Expected: å¸ƒåŸºçº³æ³•ç´¢
     got: ?????
 ; [cca2=BF].translations.zho.official
Expected: å¸ƒåŸºçº³æ³•ç´¢
     got: ?????
 ; [cca2=BG].altSpellings[]
Expected: Ð ÐµÐ¿ÑƒÐ±Ð»Ð¸ÐºÐ° Ð‘ÑŠÐ»Ð³Ð°Ñ€Ð¸Ñ?
     but none found
 ; [cca2=BG].altSpellings[]
Unexpected: ????????? ????????
 ; [cca2=BG].currencies.BGN.symbol
Expected: Ð»Ð²
     got: ??
 ; [cca2=BG].flag
Expected: ðŸ‡§ðŸ‡¬
     got: ??
 ; [cca2=BG].name.nativeName.bul.common
Expected: Ð‘ÑŠÐ»Ð³Ð°Ñ€Ð¸Ñ?
     got: ????????
 ; [cca2=BG].name.nativeName.bul.official
Expected: Ð ÐµÐ¿ÑƒÐ±Ð»Ð¸ÐºÐ° Ð‘ÑŠÐ»Ð³Ð°Ñ€Ð¸Ñ?
     got: ????????? ????????
 ; [cca2=BG].translations.ara.common
Expected: Ø¨Ù„ØºØ§Ø±ÙŠØ§
     got: ???????
 ; [cca2=BG].translations.ara.official
Expected: Ø¬Ù…Ù‡ÙˆØ±ÙŠØ© Ø¨Ù„ØºØ§Ø±ÙŠØ§
     got: ??????? ???????
 ; [cca2=BG].translations.ces.official
Expected: BulharskÃ¡ republika
     got: Bulharská republika
 ; [cca2=BG].translations.fra.official
Expected: RÃ©publique de Bulgarie
     got: République de Bulgarie
 ; [cca2=BG].translations.hun.common
Expected: BulgÃ¡ria
     got: Bulgária
 ; [cca2=BG].translations.hun.official
Expected: BolgÃ¡r KÃ¶ztÃ¡rsasÃ¡g
     got: Bolgár Köztársaság
 ; [cca2=BG].translations.jpn.common
Expected: ãƒ–ãƒ«ã‚¬ãƒªã‚¢
     got: ?????
 ; [cca2=BG].translations.jpn.official
Expected: ãƒ–ãƒ«ã‚¬ãƒªã‚¢å…±å’Œå›½
     got: ????????
 ; [cca2=BG].translations.kor.common
Expected: ë¶ˆê°€ë¦¬ì•„
     got: ????
 ; [cca2=BG].translations.kor.official
Expected: ë¶ˆê°€ë¦¬ì•„ ê³µí™”êµ­
     got: ???? ???
 ; [cca2=BG].translations.per.common
Expected: Ø¨Ù„ØºØ§Ø±Ø³ØªØ§Ù†
     got: ?????????
 ; [cca2=BG].translations.per.official
Expected: Ø¬Ù…Ù‡ÙˆØ±ÛŒ Ø¨Ù„ØºØ§Ø±Ø³ØªØ§Ù†
     got: ?????? ?????????
 ; [cca2=BG].translations.pol.common
Expected: BuÅ‚garia
     got: Bu?garia
 ; [cca2=BG].translations.pol.official
Expected: Republika BuÅ‚garii
     got: Republika Bu?garii
 ; [cca2=BG].translations.por.common
Expected: BulgÃ¡ria
     got: Bulgária
 ; [cca2=BG].translations.por.official
Expected: RepÃºblica da BulgÃ¡ria
     got: República da Bulgária
 ; [cca2=BG].translations.rus.common
Expected: Ð‘Ð¾Ð»Ð³Ð°Ñ€Ð¸Ñ?
     got: ????????
 ; [cca2=BG].translations.rus.official
Expected: Ð ÐµÑ?Ð¿ÑƒÐ±Ð»Ð¸ÐºÐ° Ð‘Ð¾Ð»Ð³Ð°Ñ€Ð¸Ñ?
     got: ?????????? ????????
 ; [cca2=BG].translations.slk.official
Expected: BulharskÃ¡ republika
     got: Bulharská republika
 ; [cca2=BG].translations.spa.official
Expected: RepÃºblica de Bulgaria
     got: República de Bulgaria
 ; [cca2=BG].translations.srp.common
Expected: Ð‘ÑƒÐ³Ð°Ñ€Ñ?ÐºÐ°
     got: ????????
 ; [cca2=BG].translations.srp.official
Expected: Ð ÐµÐ¿ÑƒÐ±Ð»Ð¸ÐºÐ° Ð‘ÑƒÐ³Ð°Ñ€Ñ?ÐºÐ°
     got: ????????? ????????
 ; [cca2=BG].translations.urd.common
Expected: Ø¨Ù„ØºØ§Ø±ÛŒÛ?
     got: ???????
 ; [cca2=BG].translations.urd.official
Expected: Ø¬Ù…Û?ÙˆØ±ÛŒÛ? Ø¨Ù„ØºØ§Ø±ÛŒÛ?
     got: ??????? ???????
 ; [cca2=BG].translations.zho.common
Expected: ä¿?åŠ åˆ©äºš
     got: ????
 ; [cca2=BG].translations.zho.official
Expected: ä¿?åŠ åˆ©äºšå…±å’Œå›½
     got: ???????
 ; [cca2=RW].altSpellings[]
Expected: RÃ©publique du Rwanda
     but none found
 ; [cca2=RW].altSpellings[]
Unexpected: République du Rwanda
 ; [cca2=RW].flag
Expected: ðŸ‡·ðŸ‡¼
     got: ??
 ; [cca2=RW].name.nativeName.fra.official
Expected: RÃ©publique rwandaise
     got: République rwandaise
 ; [cca2=RW].translations.ara.common
Expected: Ø±ÙˆØ§Ù†Ø¯Ø§
     got: ??????
 ; [cca2=RW].translations.ara.official
Expected: Ø¬Ù…Ù‡ÙˆØ±ÙŠØ© Ø±ÙˆØ§Ù†Ø¯Ø§
     got: ??????? ??????
 ; [cca2=RW].translations.ces.official
Expected: RwandskÃ¡ republika
     got: Rwandská republika
 ; [cca2=RW].translations.fra.official
Expected: RÃ©publique rwandaise
     got: République rwandaise
 ; [cca2=RW].translations.hun.official
Expected: Ruandai KÃ¶ztÃ¡rsasÃ¡g
     got: Ruandai Köztársaság
 ; [cca2=RW].translations.jpn.common
Expected: ãƒ«ãƒ¯ãƒ³ãƒ€
     got: ????
 ; [cca2=RW].translations.jpn.official
Expected: ãƒ«ãƒ¯ãƒ³ãƒ€å…±å’Œå›½
     got: ???????
 ; [cca2=RW].translations.kor.common
Expected: ë¥´ì™„ë‹¤
     got: ???
 ; [cca2=RW].translations.kor.official
Expected: ë¥´ì™„ë‹¤ ê³µí™”êµ­
     got: ??? ???
 ; [cca2=RW].translations.per.common
Expected: Ø±ÙˆØ§Ù†Ø¯Ø§
     got: ??????
 ; [cca2=RW].translations.per.official
Expected: Ø¬Ù…Ù‡ÙˆØ±ÛŒ Ø±ÙˆØ§Ù†Ø¯Ø§
     got: ?????? ??????
 ; [cca2=RW].translations.por.official
Expected: RepÃºblica do Ruanda
     got: República do Ruanda
 ; [cca2=RW].translations.rus.common
Expected: Ð ÑƒÐ°Ð½Ð´Ð°
     got: ??????
 ; [cca2=RW].translations.rus.official
Expected: Ð ÐµÑ?Ð¿ÑƒÐ±Ð»Ð¸ÐºÐ° Ð ÑƒÐ°Ð½Ð´Ð°
     got: ?????????? ??????
 ; [cca2=RW].translations.slk.official
Expected: RwandskÃ¡ republika
     got: Rwandská republika
 ; [cca2=RW].translations.spa.official
Expected: RepÃºblica de Rwanda
     got: República de Rwanda
 ; [cca2=RW].translations.srp.common
Expected: Ð ÑƒÐ°Ð½Ð´Ð°
     got: ??????
 ; [cca2=RW].translations.srp.official
Expected: Ð ÐµÐ¿ÑƒÐ±Ð»Ð¸ÐºÐ° Ð ÑƒÐ°Ð½Ð´Ð°
     got: ????????? ??????
 ; [cca2=RW].translations.urd.common
Expected: Ø±ÙˆØ§Ù†ÚˆØ§
     got: ??????
 ; [cca2=RW].translations.urd.official
Expected: Ø¬Ù…Û?ÙˆØ±ÛŒÛ? Ø±ÙˆØ§Ù†ÚˆØ§
     got: ??????? ??????
 ; [cca2=RW].translations.zho.common
Expected: å?¢æ—ºè¾¾
     got: ???
 ; [cca2=RW].translations.zho.official
Expected: å?¢æ—ºè¾¾å…±å’Œå›½
     got: ??????
 ; [cca2=BH].altSpellings[]
Expected: Mamlakat al-Baá¸¥rayn
     but none found
 ; [cca2=BH].altSpellings[]
Unexpected: Mamlakat al-Ba?rayn
 ; [cca2=BH].currencies.BHD.symbol
Expected: .Ø¯.Ø¨
     got: .?.?
 ; [cca2=BH].demonyms.fra.f
Expected: BahreÃ¯nienne
     got: Bahreïnienne
 ; [cca2=BH].demonyms.fra.m
Expected: BahreÃ¯nien
     got: Bahreïnien
 ; [cca2=BH].flag
Expected: ðŸ‡§ðŸ‡­
     got: ??
 ; [cca2=BH].name.nativeName.ara.common
Expected: â€?Ø§Ù„Ø¨Ø­Ø±ÙŠÙ†
     got: ????????
 ; [cca2=BH].name.nativeName.ara.official
Expected: Ù…Ù…Ù„ÙƒØ© Ø§Ù„Ø¨Ø­Ø±ÙŠÙ†
     got: ????? ???????
 ; [cca2=BH].translations.ara.common
Expected: â€?Ø§Ù„Ø¨Ø­Ø±ÙŠÙ†
     got: ????????
 ; [cca2=BH].translations.ara.official
Expected: Ù…Ù…Ù„ÙƒØ© Ø§Ù„Ø¨Ø­Ø±ÙŠÙ†
     got: ????? ???????
 ; [cca2=BH].translations.ces.official
Expected: KrÃ¡lovstvÃ­ Bahrajn
     got: Království Bahrajn
 ; [cca2=BH].translations.deu.official
Expected: KÃ¶nigreich Bahrain
     got: Königreich Bahrain
 ; [cca2=BH].translations.fra.common
Expected: BahreÃ¯n
     got: Bahreïn
 ; [cca2=BH].translations.fra.official
Expected: Royaume de BahreÃ¯n
     got: Royaume de Bahreïn
 ; [cca2=BH].translations.hun.official
Expected: Bahreini KirÃ¡lysÃ¡g
     got: Bahreini Királyság
 ; [cca2=BH].translations.jpn.common
Expected: ãƒ?ãƒ¼ãƒ¬ãƒ¼ãƒ³
     got: ?????
 ; [cca2=BH].translations.jpn.official
Expected: ãƒ?ãƒ¼ãƒ¬ãƒ¼ãƒ³çŽ‹å›½
     got: ???????
 ; [cca2=BH].translations.kor.common
Expected: ë°”ë ˆì?¸
     got: ???
 ; [cca2=BH].translations.kor.official
Expected: ë°”ë ˆì?¸ ì™•êµ­
     got: ??? ??
 ; [cca2=BH].translations.per.common
Expected: Ø¨Ø­Ø±ÛŒÙ†
     got: ?????
 ; [cca2=BH].translations.per.official
Expected: Ù¾Ø§Ø¯Ø´Ø§Ù‡ÛŒ Ø¨Ø­Ø±ÛŒÙ†
     got: ??????? ?????
 ; [cca2=BH].translations.pol.official
Expected: KrÃ³lestwo Bahrajnu
     got: Królestwo Bahrajnu
 ; [cca2=BH].translations.rus.common
Expected: Ð‘Ð°Ñ…Ñ€ÐµÐ¹Ð½
     got: ???????
 ; [cca2=BH].translations.rus.official
Expected: ÐšÐ¾Ñ€Ð¾Ð»ÐµÐ²Ñ?Ñ‚Ð²Ð¾ Ð‘Ð°Ñ…Ñ€ÐµÐ¹Ð½
     got: ??????????? ???????
 ; [cca2=BH].translations.slk.official
Expected: BahrajnskÃ© krÃ¡Ä¾ovstvo
     got: Bahrajnské krá?ovstvo
 ; [cca2=BH].translations.srp.common
Expected: Ð‘Ð°Ñ…Ñ€ÐµÐ¸Ð½
     got: ???????
 ; [cca2=BH].translations.srp.official
Expected: ÐšÑ€Ð°Ñ™ÐµÐ²Ð¸Ð½Ð° Ð‘Ð°Ñ…Ñ€ÐµÐ¸Ð½
     got: ????????? ???????
 ; [cca2=BH].translations.tur.official
Expected: Bahreyn KrallÄ±ÄŸÄ±
     got: Bahreyn Krall???
 ; [cca2=BH].translations.urd.common
Expected: Ø¨Ø­Ø±ÛŒÙ†
     got: ?????
 ; [cca2=BH].translations.urd.official
Expected: Ù…Ù…Ù„Ú©ØªÙ? Ø¨Ø­Ø±ÛŒÙ†
     got: ?????? ?????
 ; [cca2=BH].translations.zho.common
Expected: å·´æž—
     got: ??
 ; [cca2=BH].translations.zho.official
Expected: å·´æž—çŽ‹å›½
     got: ????
 ; [cca2=BI].altSpellings[]
Expected: RÃ©publique du Burundi
     but none found
 ; [cca2=BI].altSpellings[]
Unexpected: République du Burundi
 ; [cca2=BI].flag
Expected: ðŸ‡§ðŸ‡®
     got: ??
 ; [cca2=BI].name.nativeName.fra.official
Expected: RÃ©publique du Burundi
     got: République du Burundi
 ; [cca2=BI].translations.ara.common
Expected: Ø¨ÙˆØ±ÙˆÙ†Ø¯ÙŠ
     got: ???????
 ; [cca2=BI].translations.ara.official
Expected: Ø¬Ù…Ù‡ÙˆØ±ÙŠØ© Ø¨ÙˆØ±ÙˆÙ†Ø¯ÙŠ
     got: ??????? ???????
 ; [cca2=BI].translations.ces.official
Expected: BurundskÃ¡ republika
     got: Burundská republika
 ; [cca2=BI].translations.fra.official
Expected: RÃ©publique du Burundi
     got: République du Burundi
 ; [cca2=BI].translations.jpn.common
Expected: ãƒ–ãƒ«ãƒ³ã‚¸
     got: ????
 ; [cca2=BI].translations.jpn.official
Expected: ãƒ–ãƒ«ãƒ³ã‚¸å…±å’Œå›½
     got: ???????
 ; [cca2=BI].translations.kor.common
Expected: ë¶€ë£¬ë””
     got: ???
 ; [cca2=BI].translations.kor.official
Expected: ë¶€ë£¬ë””
     got: ???
 ; [cca2=BI].translations.per.common
Expected: Ø¨ÙˆØ±ÙˆÙ†Ø¯ÛŒ
     got: ???????
 ; [cca2=BI].translations.per.official
Expected: Ø¬Ù…Ù‡ÙˆØ±ÛŒ Ø¨ÙˆØ±ÙˆÙ†Ø¯ÛŒ
     got: ?????? ???????
 ; [cca2=BI].translations.por.official
Expected: RepÃºblica do Burundi
     got: República do Burundi
 ; [cca2=BI].translations.rus.common
Expected: Ð‘ÑƒÑ€ÑƒÐ½Ð´Ð¸
     got: ???????
 ; [cca2=BI].translations.rus.official
Expected: Ð ÐµÑ?Ð¿ÑƒÐ±Ð»Ð¸ÐºÐ° Ð‘ÑƒÑ€ÑƒÐ½Ð´Ð¸
     got: ?????????? ???????
 ; [cca2=BI].translations.slk.official
Expected: BurundskÃ¡ republika
     got: Burundská republika
 ; [cca2=BI].translations.spa.official
Expected: RepÃºblica de Burundi
     got: República de Burundi
 ; [cca2=BI].translations.srp.common
Expected: Ð‘ÑƒÑ€ÑƒÐ½Ð´Ð¸
     got: ???????
 ; [cca2=BI].translations.srp.official
Expected: Ð ÐµÐ¿ÑƒÐ±Ð»Ð¸ÐºÐ° Ð‘ÑƒÑ€ÑƒÐ½Ð´Ð¸
     got: ????????? ???????
 ; [cca2=BI].translations.urd.common
Expected: Ø¨Ø±ÙˆÙ†ÚˆÛŒ
     got: ??????
 ; [cca2=BI].translations.urd.official
Expected: Ø¬Ù…Û?ÙˆØ±ÛŒÛ? Ø¨Ø±ÙˆÙ†ÚˆÛŒ
     got: ??????? ??????
 ; [cca2=BI].translations.zho.common
Expected: å¸ƒéš†è¿ª
     got: ???
 ; [cca2=BI].translations.zho.official
Expected: å¸ƒéš†è¿ªå…±å’Œå›½
     got: ??????
 ; [cca2=BJ].altSpellings[]
Expected: RÃ©publique du BÃ©nin
     but none found
 ; [cca2=BJ].altSpellings[]
Unexpected: République du Bénin
 ; [cca2=BJ].demonyms.fra.f
Expected: BÃ©ninoise
     got: Béninoise
 ; [cca2=BJ].demonyms.fra.m
Expected: BÃ©ninois
     got: Béninois
 ; [cca2=BJ].flag
Expected: ðŸ‡§ðŸ‡¯
     got: ??
 ; [cca2=BJ].name.nativeName.fra.common
Expected: BÃ©nin
     got: Bénin
 ; [cca2=BJ].name.nativeName.fra.official
Expected: RÃ©publique du BÃ©nin
     got: République du Bénin
 ; [cca2=BJ].translations.ara.common
Expected: Ø¨Ù†ÙŠÙ†
     got: ????
 ; [cca2=BJ].translations.ara.official
Expected: Ø¬Ù…Ù‡ÙˆØ±ÙŠØ© Ø¨Ù†ÙŠÙ†
     got: ??????? ????
 ; [cca2=BJ].translations.ces.official
Expected: BeninskÃ¡ republika
     got: Beninská republika
 ; [cca2=BJ].translations.fra.common
Expected: BÃ©nin
     got: Bénin
 ; [cca2=BJ].translations.fra.official
Expected: RÃ©publique du BÃ©nin
     got: République du Bénin
 ; [cca2=BJ].translations.hun.official
Expected: Benini KÃ¶ztÃ¡rsasÃ¡g
     got: Benini Köztársaság
 ; [cca2=BJ].translations.jpn.common
Expected: ãƒ™ãƒŠãƒ³
     got: ???
 ; [cca2=BJ].translations.jpn.official
Expected: ãƒ™ãƒŠãƒ³å…±å’Œå›½
     got: ??????
 ; [cca2=BJ].translations.kor.common
Expected: ë² ëƒ‰
     got: ??
 ; [cca2=BJ].translations.kor.official
Expected: ë² ëƒ‰ ê³µí™”êµ­
     got: ?? ???
 ; [cca2=BJ].translations.per.common
Expected: Ø¨Ù†ÛŒÙ†
     got: ????
 ; [cca2=BJ].translations.per.official
Expected: Ø¬Ù…Ù‡ÙˆØ±ÛŒ Ø¨Ù†ÛŒÙ†
     got: ?????? ????
 ; [cca2=BJ].translations.por.official
Expected: RepÃºblica do Benin
     got: República do Benin
 ; [cca2=BJ].translations.rus.common
Expected: Ð‘ÐµÐ½Ð¸Ð½
     got: ?????
 ; [cca2=BJ].translations.rus.official
Expected: Ð ÐµÑ?Ð¿ÑƒÐ±Ð»Ð¸ÐºÐ° Ð‘ÐµÐ½Ð¸Ð½
     got: ?????????? ?????
 ; [cca2=BJ].translations.slk.official
Expected: BeninskÃ¡ republika
     got: Beninská republika
 ; [cca2=BJ].translations.spa.common
Expected: BenÃ­n
     got: Benín
 ; [cca2=BJ].translations.spa.official
Expected: RepÃºblica de Benin
     got: República de Benin
 ; [cca2=BJ].translations.srp.common
Expected: Ð‘ÐµÐ½Ð¸Ð½
     got: ?????
 ; [cca2=BJ].translations.srp.official
Expected: Ð ÐµÐ¿ÑƒÐ±Ð»Ð¸ÐºÐ° Ð‘ÐµÐ½Ð¸Ð½
     got: ????????? ?????
 ; [cca2=BJ].translations.urd.common
Expected: Ø¨ÛŒÙ†Ù†
     got: ????
 ; [cca2=BJ].translations.urd.official
Expected: Ø¬Ù…Û?ÙˆØ±ÛŒÛ? Ø¨ÛŒÙ†Ù†
     got: ??????? ????
 ; [cca2=BJ].translations.zho.common
Expected: è´?å®?
     got: ??
 ; [cca2=BJ].translations.zho.official
Expected: è´?å®?å…±å’Œå›½
     got: ?????
 ; [cca2=BL].altSpellings[]
Expected: Collectivity of Saint BarthÃ©lemy
     but none found
 ; [cca2=BL].altSpellings[]
Expected: CollectivitÃ© de Saint-BarthÃ©lemy
     but none found
 ; [cca2=BL].altSpellings[]
Unexpected: Collectivity of Saint Barthélemy
 ; [cca2=BL].altSpellings[]
Unexpected: Collectivité de Saint-Barthélemy
 ; [cca2=BL].currencies.EUR.symbol
Expected: â‚¬
     got: €
 ; [cca2=BL].demonyms.eng.f
Expected: Saint BarthÃ©lemy Islander
     got: Saint Barthélemy Islander
 ; [cca2=BL].demonyms.eng.m
Expected: Saint BarthÃ©lemy Islander
     got: Saint Barthélemy Islander
 ; [cca2=BL].demonyms.fra.f
Expected: BarthÃ©lomÃ©enne
     got: Barthéloméenne
 ; [cca2=BL].demonyms.fra.m
Expected: BarthÃ©lomÃ©en
     got: Barthéloméen
 ; [cca2=BL].flag
Expected: ðŸ‡§ðŸ‡±
     got: ??
 ; [cca2=BL].name.common
Expected: Saint BarthÃ©lemy
     got: Saint Barthélemy
 ; [cca2=BL].name.nativeName.fra.common
Expected: Saint-BarthÃ©lemy
     got: Saint-Barthélemy
 ; [cca2=BL].name.nativeName.fra.official
Expected: CollectivitÃ© de Saint-BarthÃ©lemy
     got: Collectivité de Saint-Barthélemy
 ; [cca2=BL].name.official
Expected: Collectivity of Saint BarthÃ©lemy
     got: Collectivity of Saint Barthélemy
 ; [cca2=BL].translations.ara.common
Expected: Ø³Ø§Ù† Ø¨Ø§Ø±ØªÙ„ÙŠÙ…ÙŠ
     got: ??? ????????
 ; [cca2=BL].translations.ara.official
Expected: Ø§Ù„ØªØ¬Ù…Ø¹ Ø§Ù„Ø¥Ù‚Ù„ÙŠÙ…ÙŠ Ù„Ø³Ø§Ù†Øª Ø¨Ø§Ø±ØªÙŠÙ„ÙŠÙ…ÙŠ
     got: ?????? ???????? ????? ?????????
 ; [cca2=BL].translations.bre.common
Expected: Saint-BarthÃ©lemy
     got: Saint-Barthélemy
 ; [cca2=BL].translations.bre.official
Expected: Saint-BarthÃ©lemy
     got: Saint-Barthélemy
 ; [cca2=BL].translations.ces.common
Expected: SvatÃ½ BartolomÄ›j
     got: Svatý Bartolom?j
 ; [cca2=BL].translations.ces.official
Expected: SvatÃ½ BartolomÄ›j
     got: Svatý Bartolom?j
 ; [cca2=BL].translations.cym.common
Expected: Saint BarthÃ©lemy
     got: Saint Barthélemy
 ; [cca2=BL].translations.cym.official
Expected: Collectivity of Saint BarthÃ©lemy
     got: Collectivity of Saint Barthélemy
 ; [cca2=BL].translations.deu.common
Expected: Saint-BarthÃ©lemy
     got: Saint-Barthélemy
 ; [cca2=BL].translations.deu.official
Expected: GebietskÃ¶rperschaft Saint-BarthÃ©lemy
     got: Gebietskörperschaft Saint-Barthélemy
 ; [cca2=BL].translations.est.common
Expected: Saint-BarthÃ©lemy
     got: Saint-Barthélemy
 ; [cca2=BL].translations.est.official
Expected: Saint-BarthÃ©lemy territoriaalÃ¼hendus
     got: Saint-Barthélemy territoriaalühendus
 ; [cca2=BL].translations.fin.common
Expected: Saint-BarthÃ©lemy
     got: Saint-Barthélemy
 ; [cca2=BL].translations.fin.official
Expected: Saint-BarthÃ©lemyn yhteisÃ¶
     got: Saint-Barthélemyn yhteisö
 ; [cca2=BL].translations.fra.common
Expected: Saint-BarthÃ©lemy
     got: Saint-Barthélemy
 ; [cca2=BL].translations.fra.official
Expected: CollectivitÃ© de Saint-BarthÃ©lemy
     got: Collectivité de Saint-Barthélemy
 ; [cca2=BL].translations.hrv.common
Expected: Saint BarthÃ©lemy
     got: Saint Barthélemy
 ; [cca2=BL].translations.hrv.official
Expected: Kolektivnost sv BarthÃ©lemy
     got: Kolektivnost sv Barthélemy
 ; [cca2=BL].translations.hun.common
Expected: Saint-BarthÃ©lemy
     got: Saint-Barthélemy
 ; [cca2=BL].translations.hun.official
Expected: Saint-BarthÃ©lemy
     got: Saint-Barthélemy
 ; [cca2=BL].translations.ita.official
Expected: CollettivitÃ  di Saint BarthÃ©lemy
     got: Collettività di Saint Barthélemy
 ; [cca2=BL].translations.jpn.common
Expected: ã‚µãƒ³ãƒ»ãƒ?ãƒ«ãƒ†ãƒ«ãƒŸãƒ¼
     got: ?????????
 ; [cca2=BL].translations.jpn.official
Expected: ã‚µãƒ³Â·ãƒ?ãƒ«ãƒ†ãƒ«ãƒŸãƒ¼å³¶ã?®é›†å?ˆä½“
     got: ??·???????????
 ; [cca2=BL].translations.kor.common
Expected: ìƒ?ë°”ë¥´í…”ë ˆë¯¸
     got: ??????
 ; [cca2=BL].translations.kor.official
Expected: ìƒ?ë°”ë¥´í…”ë ˆë¯¸
     got: ??????
 ; [cca2=BL].translations.nld.common
Expected: Saint BarthÃ©lemy
     got: Saint Barthélemy
 ; [cca2=BL].translations.nld.official
Expected: Gemeenschap Saint BarthÃ©lemy
     got: Gemeenschap Saint Barthélemy
 ; [cca2=BL].translations.per.common
Expected: Ø³Ù† Ø¨Ø§Ø±ØªÙ„Ù…ÛŒ
     got: ?? ???????
 ; [cca2=BL].translations.per.official
Expected: Ø³Ù† Ø¨Ø§Ø±ØªÙ„Ù…ÛŒ
     got: ?? ???????
 ; [cca2=BL].translations.pol.common
Expected: Saint-BarthÃ©lemy
     got: Saint-Barthélemy
 ; [cca2=BL].translations.pol.official
Expected: Saint-BarthÃ©lemy
     got: Saint-Barthélemy
 ; [cca2=BL].translations.por.common
Expected: SÃ£o Bartolomeu
     got: São Bartolomeu
 ; [cca2=BL].translations.por.official
Expected: Coletividade de Saint BarthÃ©lemy
     got: Coletividade de Saint Barthélemy
 ; [cca2=BL].translations.rus.common
Expected: Ð¡ÐµÐ½-Ð‘Ð°Ñ€Ñ‚ÐµÐ»ÐµÐ¼Ð¸
     got: ???-?????????
 ; [cca2=BL].translations.rus.official
Expected: ÐšÐ¾Ð»Ð»ÐµÐºÑ‚Ð¸Ð²Ð½Ð¾Ñ?Ñ‚ÑŒ Ð¡Ð°Ð½ÐºÑ‚ -Ð‘Ð°Ñ€Ñ‚ÐµÐ»ÑŒÐ¼Ð¸
     got: ?????????????? ????? -?????????
 ; [cca2=BL].translations.slk.common
Expected: SvÃ¤tÃ½ Bartolomej
     got: Svätý Bartolomej
 ; [cca2=BL].translations.slk.official
Expected: SvÃ¤tÃ½ Bartolomej
     got: Svätý Bartolomej
 ; [cca2=BL].translations.spa.common
Expected: San BartolomÃ©
     got: San Bartolomé
 ; [cca2=BL].translations.spa.official
Expected: Colectividad de San BarthÃ©lemy
     got: Colectividad de San Barthélemy
 ; [cca2=BL].translations.srp.common
Expected: Ð¢ÐµÑ€Ð¸Ñ‚Ð¾Ñ€Ð¸Ñ˜Ð°Ð»Ð½Ð¸ KÐ¾Ð»ÐµÐºÑ‚Ð¸Ð² Ð¡ÐµÐ½ Ð‘Ð°Ñ€Ñ‚ÐµÐ»ÐµÐ¼Ð¸
     got: ????????????? K??????? ??? ?????????
 ; [cca2=BL].translations.srp.official
Expected: Ð¡ÐµÐ½ Ð‘Ð°Ñ€Ñ‚ÐµÐ»ÐµÐ¼Ð¸
     got: ??? ?????????
 ; [cca2=BL].translations.swe.common
Expected: Saint-BarthÃ©lemy
     got: Saint-Barthélemy
 ; [cca2=BL].translations.swe.official
Expected: Saint-BarthÃ©lemy
     got: Saint-Barthélemy
 ; [cca2=BL].translations.tur.common
Expected: Saint BarthÃ©lemy
     got: Saint Barthélemy
 ; [cca2=BL].translations.tur.official
Expected: Saint BarthÃ©lemy
     got: Saint Barthélemy
 ; [cca2=BL].translations.urd.common
Expected: Ø³ÛŒÙ†Ù¹ Ø¨Ø§Ø±ØªÚ¾ÛŒÙ…Ù„Û’
     got: ???? ?????????
 ; [cca2=BL].translations.urd.official
Expected: Ø³ÛŒÙ†Ù¹ Ø¨Ø§Ø±ØªÚ¾ÛŒÙ…Ù„Û’
     got: ???? ?????????
 ; [cca2=BL].translations.zho.common
Expected: åœ£å·´æ³°å‹’ç±³
     got: ?????
 ; [cca2=BL].translations.zho.official
Expected: åœ£å·´æ³°å‹’ç±³é›†ä½“
     got: ???????
 ; [cca2=BM].flag
Expected: ðŸ‡§ðŸ‡²
     got: ??
 ; [cca2=BM].translations.ara.common
Expected: Ø¨Ø±Ù…ÙˆØ¯Ø§
     got: ??????
 ; [cca2=BM].translations.ara.official
Expected: Ø¨Ø±Ù…ÙˆØ¯Ø§
     got: ??????
 ; [cca2=BM].translations.ces.official
Expected: BermudskÃ© ostrovy
     got: Bermudské ostrovy
 ; [cca2=BM].translations.jpn.common
Expected: ãƒ?ãƒŸãƒ¥ãƒ¼ãƒ€
     got: ?????
 ; [cca2=BM].translations.jpn.official
Expected: ãƒ?ãƒŸãƒ¥ãƒ¼ãƒ€
     got: ?????
 ; [cca2=BM].translations.kor.common
Expected: ë²„ë®¤ë‹¤
     got: ???
 ; [cca2=BM].translations.kor.official
Expected: ë²„ë®¤ë‹¤
     got: ???
 ; [cca2=BM].translations.per.common
Expected: Ø¨Ø±Ù…ÙˆØ¯Ø§
     got: ??????
 ; [cca2=BM].translations.per.official
Expected: Ø¬Ø²Ø§ÛŒØ± Ø¨Ø±Ù…ÙˆØ¯Ø§
     got: ????? ??????
 ; [cca2=BM].translations.rus.common
Expected: Ð‘ÐµÑ€Ð¼ÑƒÐ´Ñ?ÐºÐ¸Ðµ ÐžÑ?Ñ‚Ñ€Ð¾Ð²Ð°
     got: ?????????? ???????
 ; [cca2=BM].translations.rus.official
Expected: Ð‘ÐµÑ€Ð¼ÑƒÐ´Ñ?ÐºÐ¸Ðµ Ð¾Ñ?Ñ‚Ñ€Ð¾Ð²Ð°
     got: ?????????? ???????
 ; [cca2=BM].translations.srp.common
Expected: Ð‘ÐµÑ€Ð¼ÑƒÐ´Ð°
     got: ???????
 ; [cca2=BM].translations.srp.official
Expected: Ð‘ÐµÑ€Ð¼ÑƒÐ´Ð°
     got: ???????
 ; [cca2=BM].translations.urd.common
Expected: Ø¨Ø±Ù…ÙˆØ¯Ø§
     got: ??????
 ; [cca2=BM].translations.urd.official
Expected: Ø¨Ø±Ù…ÙˆØ¯Ø§
     got: ??????
 ; [cca2=BM].translations.zho.common
Expected: ç™¾æ…•å¤§
     got: ???
 ; [cca2=BM].translations.zho.official
Expected: ç™¾æ…•å¤§
     got: ???
 ; [cca2=BN].demonyms.fra.f
Expected: BrunÃ©ienne
     got: Brunéienne
 ; [cca2=BN].demonyms.fra.m
Expected: BrunÃ©ien
     got: Brunéien
 ; [cca2=BN].flag
Expected: ðŸ‡§ðŸ‡³
     got: ??
 ; [cca2=BN].translations.ara.common
Expected: Ø¨Ø±ÙˆÙ†Ø§ÙŠ
     got: ??????
 ; [cca2=BN].translations.ara.official
Expected: Ø¨Ø±ÙˆÙ†Ø§ÙŠ Ø¯Ø§Ø± Ø§Ù„Ø³Ù„Ø§Ù…
     got: ?????? ??? ??????
 ; [cca2=BN].translations.ces.official
Expected: SultanÃ¡t Brunej
     got: Sultanát Brunej
 ; [cca2=BN].translations.fra.official
Expected: Ã‰tat de Brunei Darussalam
     got: État de Brunei Darussalam
 ; [cca2=BN].translations.hrv.official
Expected: Nacija od Bruneja, KuÄ‡u Mira
     got: Nacija od Bruneja, Ku?u Mira
 ; [cca2=BN].translations.hun.official
Expected: Brunei SzultanÃ¡tus
     got: Brunei Szultanátus
 ; [cca2=BN].translations.jpn.common
Expected: ãƒ–ãƒ«ãƒ?ã‚¤ãƒ»ãƒ€ãƒ«ã‚µãƒ©ãƒ¼ãƒ 
     got: ???????????
 ; [cca2=BN].translations.jpn.official
Expected: ãƒ–ãƒ«ãƒ?ã‚¤ã€?å¹³å’Œã?®ç²¾èˆŽã?®å›½å®¶
     got: ?????????????
 ; [cca2=BN].translations.kor.common
Expected: ë¸Œë£¨ë‚˜ì?´
     got: ????
 ; [cca2=BN].translations.kor.official
Expected: ë¸Œë£¨ë‚˜ì?´ ë‹¤ë£¨ì‚´ëžŒêµ­
     got: ???? ?????
 ; [cca2=BN].translations.per.common
Expected: Ø¨Ø±ÙˆÙ†Ø¦ÛŒ
     got: ??????
 ; [cca2=BN].translations.per.official
Expected: Ø¨Ø±ÙˆÙ†Ø¦ÛŒ Ø³Ø±Ø§ÛŒ ØµÙ„Ø­
     got: ?????? ???? ???
 ; [cca2=BN].translations.pol.official
Expected: PaÅ„stwo Brunei Darussalam
     got: Pa?stwo Brunei Darussalam
 ; [cca2=BN].translations.por.official
Expected: NaÃ§Ã£o do Brunei, Morada da Paz
     got: Nação do Brunei, Morada da Paz
 ; [cca2=BN].translations.rus.common
Expected: Ð‘Ñ€ÑƒÐ½ÐµÐ¹
     got: ??????
 ; [cca2=BN].translations.rus.official
Expected: Ð?Ð°Ñ†Ð¸Ñ? Ð‘Ñ€ÑƒÐ½ÐµÐ¹, Ð¾Ð±Ð¸Ñ‚ÐµÐ»ÑŒ Ð¼Ð¸Ñ€Ð°
     got: ????? ??????, ??????? ????
 ; [cca2=BN].translations.slk.official
Expected: BrunejskÃ½ sultanÃ¢t
     got: Brunejský sultanât
 ; [cca2=BN].translations.spa.official
Expected: NaciÃ³n de Brunei, Morada de la Paz
     got: Nación de Brunei, Morada de la Paz
 ; [cca2=BN].translations.srp.common
Expected: Ð‘Ñ€ÑƒÐ½ÐµÑ˜
     got: ??????
 ; [cca2=BN].translations.srp.official
Expected: Ð¡ÑƒÐ»Ñ‚Ð°Ð½Ð°Ñ‚ Ð‘Ñ€ÑƒÐ½ÐµÑ˜, Ð±Ð¾Ñ€Ð°Ð²Ð¸ÑˆÑ‚Ðµ Ð¼Ð¸Ñ€Ð°
     got: ???????? ??????, ????????? ????
 ; [cca2=BN].translations.tur.official
Expected: Brunei BarÄ±ÅŸ Ãœlkesi Devleti
     got: Brunei Bar?? Ülkesi Devleti
 ; [cca2=BN].translations.urd.common
Expected: Ø¨Ø±ÙˆÙ†Ø§Ø¦ÛŒ
     got: ???????
 ; [cca2=BN].translations.urd.official
Expected: Ø±ÛŒØ§Ø³ØªÙ? Ø¨Ø±ÙˆÙ†Ø§Ø¦ÛŒ Ø¯Ø§Ø±Ø§Ù„Ø³Ù„Ø§Ù…
     got: ?????? ??????? ?????????
 ; [cca2=BN].translations.zho.common
Expected: æ–‡èŽ±
     got: ??
 ; [cca2=BN].translations.zho.official
Expected: æ–‡èŽ±å’Œå¹³ä¹‹å›½
     got: ??????
 ; [cca2=BO].altSpellings[]
Expected: TetÃ£ VolÃ­via
     but none found
 ; [cca2=BO].altSpellings[]
Unexpected: Tetã Volívia
 ; [cca2=BO].flag
Expected: ðŸ‡§ðŸ‡´
     got: ??
 ; [cca2=BO].languages.grn
Expected: GuaranÃ­
     got: Guaraní
 ; [cca2=BO].name.nativeName.grn.common
Expected: VolÃ­via
     got: Volívia
 ; [cca2=BO].name.nativeName.grn.official
Expected: TetÃ£ VolÃ­via
     got: Tetã Volívia
 ; [cca2=BO].translations.ara.common
Expected: Ø¨ÙˆÙ„ÙŠÙ?ÙŠØ§
     got: ???????
 ; [cca2=BO].translations.ara.official
Expected: Ø¯ÙˆÙ„Ø© Ø¨ÙˆÙ„ÙŠÙ?ÙŠØ§ Ø§Ù„Ù…ØªØ¹Ø¯Ø¯Ø© Ø§Ù„Ù‚ÙˆÙ…ÙŠØ§Øª
     got: ???? ??????? ???????? ????????
 ; [cca2=BO].translations.ces.common
Expected: BolÃ­vie
     got: Bolívie
 ; [cca2=BO].translations.ces.official
Expected: MnohonÃ¡rodnostnÃ­ stÃ¡t BolÃ­vie
     got: Mnohonárodnostní stát Bolívie
 ; [cca2=BO].translations.fra.official
Expected: Ã‰tat plurinational de Bolivie
     got: État plurinational de Bolivie
 ; [cca2=BO].translations.hun.common
Expected: BolÃ­via
     got: Bolívia
 ; [cca2=BO].translations.hun.official
Expected: BolÃ­viai TÃ¶bbnemzetisÃ©gÅ± Ã?llam
     got: Bolíviai Többnemzetiség? Állam
 ; [cca2=BO].translations.jpn.common
Expected: ãƒœãƒªãƒ“ã‚¢å¤šæ°‘æ—?å›½
     got: ????????
 ; [cca2=BO].translations.jpn.official
Expected: ãƒœãƒªãƒ“ã‚¢ã?®å¤šæ°‘æ—?å›½
     got: ?????????
 ; [cca2=BO].translations.kor.common
Expected: ë³¼ë¦¬ë¹„ì•„
     got: ????
 ; [cca2=BO].translations.kor.official
Expected: ë³¼ë¦¬ë¹„ì•„ ë‹¤ë¯¼ì¡±êµ­
     got: ???? ????
 ; [cca2=BO].translations.per.common
Expected: Ø¨ÙˆÙ„ÛŒÙˆÛŒ
     got: ??????
 ; [cca2=BO].translations.per.official
Expected: Ø¬Ù…Ù‡ÙˆØ±ÛŒ Ø¨ÙˆÙ„ÛŒÙˆÛŒ
     got: ?????? ??????
 ; [cca2=BO].translations.pol.official
Expected: Wielonarodowe PaÅ„stwo Boliwia
     got: Wielonarodowe Pa?stwo Boliwia
 ; [cca2=BO].translations.por.common
Expected: BolÃ­via
     got: Bolívia
 ; [cca2=BO].translations.por.official
Expected: Estado Plurinacional da BolÃ­via
     got: Estado Plurinacional da Bolívia
 ; [cca2=BO].translations.rus.common
Expected: Ð‘Ð¾Ð»Ð¸Ð²Ð¸Ñ?
     got: ???????
 ; [cca2=BO].translations.rus.official
Expected: ÐœÐ½Ð¾Ð³Ð¾Ð½Ð°Ñ†Ð¸Ð¾Ð½Ð°Ð»ÑŒÐ½Ð¾Ðµ Ð“Ð¾Ñ?ÑƒÐ´Ð°Ñ€Ñ?Ñ‚Ð²Ð¾ Ð‘Ð¾Ð»Ð¸Ð²Ð¸Ñ?
     got: ????????????????? ??????????? ???????
 ; [cca2=BO].translations.slk.common
Expected: BolÃ­via
     got: Bolívia
 ; [cca2=BO].translations.slk.official
Expected: BolÃ­vijskÃ¡ republika
     got: Bolívijská republika
 ; [cca2=BO].translations.srp.common
Expected: Ð‘Ð¾Ð»Ð¸Ð²Ð¸Ñ˜Ð°
     got: ????????
 ; [cca2=BO].translations.srp.official
Expected: Ð’Ð¸ÑˆÐµÐ½Ð°Ñ†Ð¸Ð¾Ð½Ð°Ð»Ð½Ð° Ð”Ñ€Ð¶Ð°Ð²Ð° Ð‘Ð¾Ð»Ð¸Ð²Ð¸Ñ˜Ð°
     got: ?????????????? ?????? ????????
 ; [cca2=BO].translations.swe.official
Expected: MÃ¥ngnationella staten Bolivia
     got: Mångnationella staten Bolivia
 ; [cca2=BO].translations.tur.official
Expected: Bolivya Ã‡okuluslu Devleti
     got: Bolivya Çokuluslu Devleti
 ; [cca2=BO].translations.urd.common
Expected: Ø¨ÙˆÙ„ÛŒÙˆÛŒØ§
     got: ???????
 ; [cca2=BO].translations.urd.official
Expected: Ø¬Ù…Û?ÙˆØ±ÛŒÛ? Ø¨ÙˆÙ„ÛŒÙˆÛŒØ§
     got: ??????? ???????
 ; [cca2=BO].translations.zho.common
Expected: çŽ»åˆ©ç»´äºš
     got: ????
 ; [cca2=BO].translations.zho.official
Expected: å¤šæ°‘æ—?çŽ»åˆ©ç»´äºšå›½
     got: ????????
 ; [cca2=SA].altSpellings[]
Expected: Al-Mamlakah al-â€˜Arabiyyah as-Suâ€˜Å«diyyah
     but none found
 ; [cca2=SA].altSpellings[]
Unexpected: Al-Mamlakah al-‘Arabiyyah as-Su‘?diyyah
 ; [cca2=SA].currencies.SAR.symbol
Expected: Ø±.Ø³
     got: ?.?
 ; [cca2=SA].flag
Expected: ðŸ‡¸ðŸ‡¦
     got: ??
 ; [cca2=SA].flags.alt
Expected: The flag of Saudi Arabia has a green field, at the center of which is an Arabic inscription â€” the Shahada â€” in white above a white horizontal sabre with its tip pointed to the hoist side of the field.
     got: The flag of Saudi Arabia has a green field, at the center of which is an Arabic inscription — the Shahada — in white above a white horizontal sabre with its tip pointed to the hoist side of the field.
 ; [cca2=SA].name.nativeName.ara.common
Expected: Ø§Ù„Ø¹Ø±Ø¨ÙŠØ© Ø§Ù„Ø³Ø¹ÙˆØ¯ÙŠØ©
     got: ??????? ????????
 ; [cca2=SA].name.nativeName.ara.official
Expected: Ø§Ù„Ù…Ù…Ù„ÙƒØ© Ø§Ù„Ø¹Ø±Ø¨ÙŠØ© Ø§Ù„Ø³Ø¹ÙˆØ¯ÙŠØ©
     got: ??????? ??????? ????????
 ; [cca2=SA].tld[]
Expected: .Ø§Ù„Ø³Ø¹ÙˆØ¯ÙŠØ©
     but none found
 ; [cca2=SA].tld[]
Unexpected: .????????
 ; [cca2=SA].translations.ara.common
Expected: Ø§Ù„Ø³Ø¹ÙˆØ¯ÙŠØ©
     got: ????????
 ; [cca2=SA].translations.ara.official
Expected: Ø§Ù„Ù…Ù…Ù„ÙƒØ© Ø§Ù„Ø¹Ø±Ø¨ÙŠØ© Ø§Ù„Ø³Ø¹ÙˆØ¯ÙŠØ©
     got: ??????? ??????? ????????
 ; [cca2=SA].translations.ces.common
Expected: SaÃºdskÃ¡ ArÃ¡bie
     got: Saúdská Arábie
 ; [cca2=SA].translations.ces.official
Expected: SaÃºdskoarabskÃ© krÃ¡lovstvÃ­
     got: Saúdskoarabské království
 ; [cca2=SA].translations.deu.official
Expected: KÃ¶nigreich Saudi-Arabien
     got: Königreich Saudi-Arabien
 ; [cca2=SA].translations.hun.common
Expected: SzaÃºd-ArÃ¡bia
     got: Szaúd-Arábia
 ; [cca2=SA].translations.hun.official
Expected: SzaÃºd-ArÃ¡bia
     got: Szaúd-Arábia
 ; [cca2=SA].translations.jpn.common
Expected: ã‚µã‚¦ã‚¸ã‚¢ãƒ©ãƒ“ã‚¢
     got: ???????
 ; [cca2=SA].translations.jpn.official
Expected: ã‚µã‚¦ã‚¸ã‚¢ãƒ©ãƒ“ã‚¢çŽ‹å›½
     got: ?????????
 ; [cca2=SA].translations.kor.common
Expected: ì‚¬ìš°ë””ì•„ë?¼ë¹„ì•„
     got: ???????
 ; [cca2=SA].translations.kor.official
Expected: ì‚¬ìš°ë””ì•„ë?¼ë¹„ì•„ ì™•êµ­
     got: ??????? ??
 ; [cca2=SA].translations.nld.common
Expected: Saoedi-ArabiÃ«
     got: Saoedi-Arabië
 ; [cca2=SA].translations.nld.official
Expected: Koninkrijk van Saoedi-ArabiÃ«
     got: Koninkrijk van Saoedi-Arabië
 ; [cca2=SA].translations.per.common
Expected: Ø¹Ø±Ø¨Ø³ØªØ§Ù† Ø³Ø¹ÙˆØ¯ÛŒ
     got: ??????? ?????
 ; [cca2=SA].translations.per.official
Expected: Ù¾Ø§Ø¯Ø´Ø§Ù‡ÛŒ Ø¹Ø±Ø¨ÛŒ Ø³ÙŽØ¹ÙˆØ¯ÛŒ
     got: ??????? ???? ??????
 ; [cca2=SA].translations.pol.official
Expected: KrÃ³lestwo Arabii Saudyjskiej
     got: Królestwo Arabii Saudyjskiej
 ; [cca2=SA].translations.por.common
Expected: ArÃ¡bia Saudita
     got: Arábia Saudita
 ; [cca2=SA].translations.por.official
Expected: Reino da ArÃ¡bia Saudita
     got: Reino da Arábia Saudita
 ; [cca2=SA].translations.rus.common
Expected: Ð¡Ð°ÑƒÐ´Ð¾Ð²Ñ?ÐºÐ°Ñ? Ð?Ñ€Ð°Ð²Ð¸Ñ?
     got: ?????????? ??????
 ; [cca2=SA].translations.rus.official
Expected: ÐšÐ¾Ñ€Ð¾Ð»ÐµÐ²Ñ?Ñ‚Ð²Ð¾ Ð¡Ð°ÑƒÐ´Ð¾Ð²Ñ?ÐºÐ°Ñ? Ð?Ñ€Ð°Ð²Ð¸Ñ?
     got: ??????????? ?????????? ??????
 ; [cca2=SA].translations.slk.common
Expected: SaudskÃ¡ ArÃ¡bia
     got: Saudská Arábia
 ; [cca2=SA].translations.slk.official
Expected: SaudskoarabskÃ© krÃ¡Ä¾ovstvo
     got: Saudskoarabské krá?ovstvo
 ; [cca2=SA].translations.spa.common
Expected: Arabia SaudÃ­
     got: Arabia Saudí
 ; [cca2=SA].translations.srp.common
Expected: Ð¡Ð°ÑƒÐ´Ð¸Ñ˜Ñ?ÐºÐ° Ð?Ñ€Ð°Ð±Ð¸Ñ˜Ð°
     got: ????????? ???????
 ; [cca2=SA].translations.srp.official
Expected: ÐšÑ€Ð°Ñ™ÐµÐ²Ð¸Ð½Ð° Ð¡Ð°ÑƒÐ´Ð¸Ñ˜Ñ?ÐºÐ° Ð?Ñ€Ð°Ð±Ð¸Ñ˜Ð°
     got: ????????? ????????? ???????
 ; [cca2=SA].translations.swe.official
Expected: KungadÃ¶met Saudiarabien
     got: Kungadömet Saudiarabien
 ; [cca2=SA].translations.tur.official
Expected: Suudi Arabistan KrallÄ±ÄŸÄ±
     got: Suudi Arabistan Krall???
 ; [cca2=SA].translations.urd.common
Expected: Ø³Ø¹ÙˆØ¯ÛŒ Ø¹Ø±Ø¨
     got: ????? ???
 ; [cca2=SA].translations.urd.official
Expected: Ù…Ù…Ù„Ú©ØªÙ? Ø³Ø¹ÙˆØ¯ÛŒ Ø¹Ø±Ø¨
     got: ?????? ????? ???
 ; [cca2=SA].translations.zho.common
Expected: æ²™ç‰¹é˜¿æ‹‰ä¼¯
     got: ?????
 ; [cca2=SA].translations.zho.official
Expected: æ²™ç‰¹é˜¿æ‹‰ä¼¯çŽ‹å›½
     got: ???????
 ; [cca2=BQ].demonyms.fra.f
Expected: NÃ©erlandaise
     got: Néerlandaise
 ; [cca2=BQ].demonyms.fra.m
Expected: NÃ©erlandais
     got: Néerlandais
 ; [cca2=BQ].flag
Expected: ðŸ‡§ðŸ‡¶
     got: ??
 ; [cca2=BQ].translations.ara.common
Expected: Ø§Ù„Ø¬Ø²Ø± Ø§Ù„ÙƒØ§Ø±ÙŠØ¨ÙŠØ© Ø§Ù„Ù‡ÙˆÙ„Ù†Ø¯ÙŠØ©
     got: ????? ????????? ?????????
 ; [cca2=BQ].translations.ara.official
Expected: Ø¨ÙˆÙ†ÙŠØ± ÙˆØ³ÙŠÙ†Øª Ø£ÙˆØ³ØªØ§ØªÙŠÙˆØ³ ÙˆØ³Ø§Ø¨Ø§
     got: ????? ????? ????????? ?????
 ; [cca2=BQ].translations.ces.common
Expected: KaribskÃ© Nizozemsko
     got: Karibské Nizozemsko
 ; [cca2=BQ].translations.ces.official
Expected: KaribskÃ© Nizozemsko
     got: Karibské Nizozemsko
 ; [cca2=BQ].translations.fra.common
Expected: Pays-Bas caribÃ©ens
     got: Pays-Bas caribéens
 ; [cca2=BQ].translations.jpn.common
Expected: ãƒœãƒ?ãƒ¼ãƒ«ã€?ã‚·ãƒ³ãƒˆãƒ»ãƒ¦ãƒ¼ã‚¹ã‚¿ãƒ†ã‚£ã‚¦ã‚¹ã?Šã‚ˆã?³ã‚µãƒ?
     got: ??????????????????????
 ; [cca2=BQ].translations.jpn.official
Expected: ãƒœãƒ?ãƒ¼ãƒ«ã€?ã‚·ãƒ³ãƒˆãƒ»ãƒ¦ãƒ¼ã‚¹ã‚¿ãƒ†ã‚£ã‚¦ã‚¹ã?Šã‚ˆã?³ã‚µãƒ?
     got: ??????????????????????
 ; [cca2=BQ].translations.kor.common
Expected: ì¹´ë¦¬ë¸Œ ë„¤ë?œëž€ë“œ
     got: ??? ????
 ; [cca2=BQ].translations.kor.official
Expected: ë³´ë„¤ë¥´, ì‹ íŠ¸ì™¸ìŠ¤íƒ€í‹°ìœ„ìŠ¤, ì‚¬ë°”
     got: ???, ????????, ??
 ; [cca2=BQ].translations.per.common
Expected: Ø¬Ø²Ø§ÛŒØ± Ú©Ø§Ø±Ø§Ø¦ÛŒØ¨ Ù‡Ù„Ù†Ø¯
     got: ????? ??????? ????
 ; [cca2=BQ].translations.per.official
Expected: Ø¬Ø²Ø§ÛŒØ± Ú©Ø§Ø±Ø§Ø¦ÛŒØ¨ Ù‡Ù„Ù†Ø¯
     got: ????? ??????? ????
 ; [cca2=BQ].translations.por.common
Expected: PaÃ­ses Baixos Caribenhos
     got: Países Baixos Caribenhos
 ; [cca2=BQ].translations.por.official
Expected: Bonaire, Saba e Santo EustÃ¡quio
     got: Bonaire, Saba e Santo Eustáquio
 ; [cca2=BQ].translations.rus.common
Expected: ÐšÐ°Ñ€Ð¸Ð±Ñ?ÐºÐ¸Ðµ Ð?Ð¸Ð´ÐµÑ€Ð»Ð°Ð½Ð´Ñ‹
     got: ????????? ??????????
 ; [cca2=BQ].translations.rus.official
Expected: Ð‘Ð¾Ð½Ñ?Ð¹Ñ€, Ð¡Ð¸Ð½Ñ‚-Ð­Ñ?Ñ‚Ð°Ñ‚Ð¸ÑƒÑ? Ð¸ Ð¡Ð°Ð±Ð°
     got: ??????, ????-???????? ? ????
 ; [cca2=BQ].translations.spa.common
Expected: Caribe NeerlandÃ©s
     got: Caribe Neerlandés
 ; [cca2=BQ].translations.srp.common
Expected: ÐšÐ°Ñ€Ð¸Ð¿Ñ?ÐºÐ° Ð¥Ð¾Ð»Ð°Ð½Ð´Ð¸Ñ˜Ð°
     got: ???????? ?????????
 ; [cca2=BQ].translations.srp.official
Expected: Ð‘Ð¾Ð½ÐµÑ€, Ð¡Ð²ÐµÑ‚Ð¸ Ð•ÑƒÑ?Ñ‚Ð°Ñ…Ð¸Ñ˜Ðµ Ð¸ Ð¡Ð°Ð±Ð°
     got: ?????, ????? ????????? ? ????
 ; [cca2=BQ].translations.swe.common
Expected: Karibiska NederlÃ¤nderna
     got: Karibiska Nederländerna
 ; [cca2=BQ].translations.tur.common
Expected: Karayip HollandasÄ±
     got: Karayip Hollandas?
 ; [cca2=BQ].translations.tur.official
Expected: Karayip HollandasÄ±
     got: Karayip Hollandas?
 ; [cca2=BQ].translations.urd.common
Expected: Ú©ÛŒØ±ÛŒØ¨ÛŒÙ† Ù†ÛŒØ¯Ø±Ù„ÛŒÙ†ÚˆØ²
     got: ??????? ?????????
 ; [cca2=BQ].translations.urd.official
Expected: Ø¨ÙˆÙ†Ø§ÛŒØ±ØŒ Ø³ÛŒÙ†Ù¹ Ø§ÛŒÙˆØ³Ù¹Ø§Ø¦ÛŒØ³ Ø§ÙˆØ± Ø³Ø§Ø¨Ø§
     got: ??????? ???? ????????? ??? ????
 ; [cca2=BQ].translations.zho.common
Expected: è?·è˜­åŠ å‹’æ¯”å?€
     got: ??????
 ; [cca2=BQ].translations.zho.official
Expected: è?·è˜­åŠ å‹’æ¯”å?€
     got: ??????
 ; [cca2=SB].flag
Expected: ðŸ‡¸ðŸ‡§
     got: ??
 ; [cca2=SB].translations.ara.common
Expected: Ø¬Ø²Ø± Ø³Ù„ÙŠÙ…Ø§Ù†
     got: ??? ??????
 ; [cca2=SB].translations.ara.official
Expected: Ø¬Ø²Ø± Ø³Ù„ÙŠÙ…Ø§Ù†
     got: ??? ??????
 ; [cca2=SB].translations.ces.common
Expected: Å alamounovy ostrovy
     got: Šalamounovy ostrovy
 ; [cca2=SB].translations.ces.official
Expected: Å alamounovy ostrovy
     got: Šalamounovy ostrovy
 ; [cca2=SB].translations.fra.common
Expected: ÃŽles Salomon
     got: Îles Salomon
 ; [cca2=SB].translations.fra.official
Expected: ÃŽles Salomon
     got: Îles Salomon
 ; [cca2=SB].translations.jpn.common
Expected: ã‚½ãƒ­ãƒ¢ãƒ³è«¸å³¶
     got: ??????
 ; [cca2=SB].translations.jpn.official
Expected: ã‚½ãƒ­ãƒ¢ãƒ³è«¸å³¶
     got: ??????
 ; [cca2=SB].translations.kor.common
Expected: ì†”ë¡œëª¬ ì œë?„
     got: ??? ??
 ; [cca2=SB].translations.kor.official
Expected: ì†”ë¡œëª¬ ì œë?„
     got: ??? ??
 ; [cca2=SB].translations.per.common
Expected: Ø¬Ø²Ø§ÛŒØ± Ø³Ù„ÛŒÙ…Ø§Ù†
     got: ????? ??????
 ; [cca2=SB].translations.per.official
Expected: Ø¬Ø²Ø§ÛŒØ± Ø³Ù„ÛŒÙ…Ø§Ù†
     got: ????? ??????
 ; [cca2=SB].translations.por.common
Expected: Ilhas SalomÃ£o
     got: Ilhas Salomão
 ; [cca2=SB].translations.por.official
Expected: Ilhas SalomÃ£o
     got: Ilhas Salomão
 ; [cca2=SB].translations.rus.common
Expected: Ð¡Ð¾Ð»Ð¾Ð¼Ð¾Ð½Ð¾Ð²Ñ‹ ÐžÑ?Ñ‚Ñ€Ð¾Ð²Ð°
     got: ?????????? ???????
 ; [cca2=SB].translations.rus.official
Expected: Ð¡Ð¾Ð»Ð¾Ð¼Ð¾Ð½Ð¾Ð²Ñ‹ Ð¾Ñ?Ñ‚Ñ€Ð¾Ð²Ð°
     got: ?????????? ???????
 ; [cca2=SB].translations.spa.common
Expected: Islas SalomÃ³n
     got: Islas Salomón
 ; [cca2=SB].translations.spa.official
Expected: islas SalomÃ³n
     got: islas Salomón
 ; [cca2=SB].translations.srp.common
Expected: Ð¡Ð¾Ð»Ð¾Ð¼Ð¾Ð½Ñ?ÐºÐ° ÐžÑ?Ñ‚Ñ€Ð²Ð°
     got: ?????????? ??????
 ; [cca2=SB].translations.srp.official
Expected: Ð¡Ð¾Ð»Ð¾Ð¼Ð¾Ð½Ñ?ÐºÐ° ÐžÑ?Ñ‚Ñ€Ð²Ð°
     got: ?????????? ??????
 ; [cca2=SB].translations.swe.common
Expected: SalomonÃ¶arna
     got: Salomonöarna
 ; [cca2=SB].translations.swe.official
Expected: SalomonÃ¶arna
     got: Salomonöarna
 ; [cca2=SB].translations.tur.common
Expected: Solomon AdalarÄ±
     got: Solomon Adalar?
 ; [cca2=SB].translations.tur.official
Expected: Solomon AdalarÄ±
     got: Solomon Adalar?
 ; [cca2=SB].translations.urd.common
Expected: Ø¬Ø²Ø§Ø¦Ø± Ø³Ù„ÛŒÙ…Ø§Ù†
     got: ????? ??????
 ; [cca2=SB].translations.urd.official
Expected: Ø¬Ø²Ø§Ø¦Ø± Ø³Ù„ÛŒÙ…Ø§Ù†
     got: ????? ??????
 ; [cca2=SB].translations.zho.common
Expected: æ‰€ç½—é—¨ç¾¤å²›
     got: ?????
 ; [cca2=SB].translations.zho.official
Expected: æ‰€ç½—é—¨ç¾¤å²›
     got: ?????
 ; [cca2=SC].altSpellings[]
Expected: RÃ©publique des Seychelles
     but none found
 ; [cca2=SC].altSpellings[]
Unexpected: République des Seychelles
 ; [cca2=SC].currencies.SCR.symbol
Expected: â‚¨
     got: ?
 ; [cca2=SC].flag
Expected: ðŸ‡¸ðŸ‡¨
     got: ??
 ; [cca2=SC].name.nativeName.fra.official
Expected: RÃ©publique des Seychelles
     got: République des Seychelles
 ; [cca2=SC].translations.ara.common
Expected: Ø³ÙŠØ´Ù„
     got: ????
 ; [cca2=SC].translations.ara.official
Expected: Ø¬Ù…Ù‡ÙˆØ±ÙŠØ© Ø³ÙŠØ´Ù„
     got: ??????? ????
 ; [cca2=SC].translations.ces.official
Expected: SeychelskÃ¡ republika
     got: Seychelská republika
 ; [cca2=SC].translations.est.common
Expected: SeiÅ¡ellid
     got: Seišellid
 ; [cca2=SC].translations.est.official
Expected: SeiÅ¡elli Vabariik
     got: Seišelli Vabariik
 ; [cca2=SC].translations.fra.official
Expected: RÃ©publique des Seychelles
     got: République des Seychelles
 ; [cca2=SC].translations.hrv.common
Expected: SejÅ¡eli
     got: Sejšeli
 ; [cca2=SC].translations.hrv.official
Expected: Republika SejÅ¡eli
     got: Republika Sejšeli
 ; [cca2=SC].translations.hun.official
Expected: Seychelle KÃ¶ztÃ¡rsasÃ¡g
     got: Seychelle Köztársaság
 ; [cca2=SC].translations.jpn.common
Expected: ã‚»ãƒ¼ã‚·ã‚§ãƒ«
     got: ?????
 ; [cca2=SC].translations.jpn.official
Expected: ã‚»ã‚¤ã‚·ã‚§ãƒ«å…±å’Œå›½
     got: ????????
 ; [cca2=SC].translations.kor.common
Expected: ì„¸ì?´ì…¸
     got: ???
 ; [cca2=SC].translations.kor.official
Expected: ì„¸ì?´ì…¸ ê³µí™”êµ­
     got: ??? ???
 ; [cca2=SC].translations.per.common
Expected: Ø³ÛŒØ´Ù„
     got: ????
 ; [cca2=SC].translations.per.official
Expected: Ø¬Ù…Ù‡ÙˆØ±ÛŒ Ø³ÛŒØ´Ù„
     got: ?????? ????
 ; [cca2=SC].translations.por.official
Expected: RepÃºblica das Seychelles
     got: República das Seychelles
 ; [cca2=SC].translations.rus.common
Expected: Ð¡ÐµÐ¹ÑˆÐµÐ»ÑŒÑ?ÐºÐ¸Ðµ ÐžÑ?Ñ‚Ñ€Ð¾Ð²Ð°
     got: ??????????? ???????
 ; [cca2=SC].translations.rus.official
Expected: Ð ÐµÑ?Ð¿ÑƒÐ±Ð»Ð¸ÐºÐ° Ð¡ÐµÐ¹ÑˆÐµÐ»ÑŒÑ?ÐºÐ¸Ðµ ÐžÑ?Ñ‚Ñ€Ð¾Ð²Ð°
     got: ?????????? ??????????? ???????
 ; [cca2=SC].translations.slk.official
Expected: SeychelskÃ¡ republika
     got: Seychelská republika
 ; [cca2=SC].translations.spa.official
Expected: RepÃºblica de las Seychelles
     got: República de las Seychelles
 ; [cca2=SC].translations.srp.common
Expected: Ð¡ÐµÑ˜ÑˆÐµÐ»Ð¸
     got: ???????
 ; [cca2=SC].translations.srp.official
Expected: Ð ÐµÐ¿ÑƒÐ±Ð»Ð¸ÐºÐ° Ð¡ÐµÑ˜ÑˆÐµÐ»Ð¸
     got: ????????? ???????
 ; [cca2=SC].translations.tur.common
Expected: SeyÅŸeller
     got: Sey?eller
 ; [cca2=SC].translations.tur.official
Expected: SeyÅŸeller Cumhuriyeti
     got: Sey?eller Cumhuriyeti
 ; [cca2=SC].translations.urd.common
Expected: Ø³ÛŒÚ†ÛŒÙ„ÛŒØ³
     got: ???????
 ; [cca2=SC].translations.urd.official
Expected: Ø¬Ù…Û?ÙˆØ±ÛŒÛ? Ø³ÛŒÚ†ÛŒÙ„ÛŒØ³
     got: ??????? ???????
 ; [cca2=SC].translations.zho.common
Expected: å¡žèˆŒå°”
     got: ???
 ; [cca2=SC].translations.zho.official
Expected: å¡žèˆŒå°”å…±å’Œå›½
     got: ??????
 ; [cca2=BR].altSpellings[]
Expected: RepÃºblica Federativa do Brasil
     but none found
 ; [cca2=BR].altSpellings[]
Unexpected: República Federativa do Brasil
 ; [cca2=BR].capital[]
Expected: BrasÃ­lia
     but none found
 ; [cca2=BR].capital[]
Unexpected: Brasília
 ; [cca2=BR].demonyms.fra.f
Expected: BrÃ©silienne
     got: Brésilienne
 ; [cca2=BR].demonyms.fra.m
Expected: BrÃ©silien
     got: Brésilien
 ; [cca2=BR].flag
Expected: ðŸ‡§ðŸ‡·
     got: ??
 ; [cca2=BR].name.nativeName.por.official
Expected: RepÃºblica Federativa do Brasil
     got: República Federativa do Brasil
 ; [cca2=BR].translations.ara.common
Expected: Ø§Ù„Ø¨Ø±Ø§Ø²ÙŠÙ„
     got: ????????
 ; [cca2=BR].translations.ara.official
Expected: Ø¬Ù…Ù‡ÙˆØ±ÙŠØ© Ø§Ù„Ø¨Ø±Ø§Ø²ÙŠÙ„ Ø§Ù„Ø§ØªØ­Ø§Ø¯ÙŠØ©
     got: ??????? ???????? ?????????
 ; [cca2=BR].translations.ces.common
Expected: BrazÃ­lie
     got: Brazílie
 ; [cca2=BR].translations.ces.official
Expected: BrazilskÃ¡ federativnÃ­ republika
     got: Brazilská federativní republika
 ; [cca2=BR].translations.deu.official
Expected: FÃ¶derative Republik Brasilien
     got: Föderative Republik Brasilien
 ; [cca2=BR].translations.fra.common
Expected: BrÃ©sil
     got: Brésil
 ; [cca2=BR].translations.fra.official
Expected: RÃ©publique fÃ©dÃ©rative du BrÃ©sil
     got: République fédérative du Brésil
 ; [cca2=BR].translations.hun.common
Expected: BrazÃ­lia
     got: Brazília
 ; [cca2=BR].translations.hun.official
Expected: Brazil SzÃ¶vetsÃ©gi KÃ¶ztÃ¡rsasÃ¡g
     got: Brazil Szövetségi Köztársaság
 ; [cca2=BR].translations.jpn.common
Expected: ãƒ–ãƒ©ã‚¸ãƒ«
     got: ????
 ; [cca2=BR].translations.jpn.official
Expected: ãƒ–ãƒ©ã‚¸ãƒ«é€£é‚¦å…±å’Œå›½
     got: ?????????
 ; [cca2=BR].translations.kor.common
Expected: ë¸Œë?¼ì§ˆ
     got: ???
 ; [cca2=BR].translations.kor.official
Expected: ë¸Œë?¼ì§ˆ ì—°ë°© ê³µí™”êµ­
     got: ??? ?? ???
 ; [cca2=BR].translations.nld.common
Expected: BraziliÃ«
     got: Brazilië
 ; [cca2=BR].translations.nld.official
Expected: Federale Republiek BraziliÃ«
     got: Federale Republiek Brazilië
 ; [cca2=BR].translations.per.common
Expected: Ø¨Ø±Ø²ÛŒÙ„
     got: ?????
 ; [cca2=BR].translations.per.official
Expected: Ø¬Ù…Ù‡ÙˆØ±ÛŒ Ù?Ø¯Ø±Ø§ØªÛŒÙˆ Ø¨Ø±Ø²ÛŒÙ„
     got: ?????? ??????? ?????
 ; [cca2=BR].translations.por.official
Expected: RepÃºblica Federativa do Brasil
     got: República Federativa do Brasil
 ; [cca2=BR].translations.rus.common
Expected: Ð‘Ñ€Ð°Ð·Ð¸Ð»Ð¸Ñ?
     got: ????????
 ; [cca2=BR].translations.rus.official
Expected: Ð¤ÐµÐ´ÐµÑ€Ð°Ñ‚Ð¸Ð²Ð½Ð°Ñ? Ð ÐµÑ?Ð¿ÑƒÐ±Ð»Ð¸ÐºÐ° Ð‘Ñ€Ð°Ð·Ð¸Ð»Ð¸Ñ?
     got: ???????????? ?????????? ????????
 ; [cca2=BR].translations.slk.common
Expected: BrazÃ­lia
     got: Brazília
 ; [cca2=BR].translations.slk.official
Expected: BrazÃ­lska federatÃ­vna republika
     got: Brazílska federatívna republika
 ; [cca2=BR].translations.spa.official
Expected: RepÃºblica Federativa del Brasil
     got: República Federativa del Brasil
 ; [cca2=BR].translations.srp.common
Expected: Ð‘Ñ€Ð°Ð·Ð¸Ð»
     got: ??????
 ; [cca2=BR].translations.srp.official
Expected: Ð¡Ð°Ð²ÐµÐ·Ð½Ð° Ð ÐµÐ¿ÑƒÐ±Ð»Ð¸ÐºÐ° Ð‘Ñ€Ð°Ð·Ð¸Ð»
     got: ??????? ????????? ??????
 ; [cca2=BR].translations.swe.official
Expected: FÃ¶rbundsrepubliken Brasilien
     got: Förbundsrepubliken Brasilien
 ; [cca2=BR].translations.urd.common
Expected: Ø¨Ø±Ø§Ø²ÛŒÙ„
     got: ??????
 ; [cca2=BR].translations.urd.official
Expected: ÙˆÙ?Ø§Ù‚ÛŒ Ø¬Ù…Û?ÙˆØ±ÛŒÛ? Ø¨Ø±Ø§Ø²ÛŒÙ„
     got: ????? ??????? ??????
 ; [cca2=BR].translations.zho.common
Expected: å·´è¥¿
     got: ??
 ; [cca2=BR].translations.zho.official
Expected: å·´è¥¿è?”é‚¦å…±å’Œå›½
     got: ???????
 ; [cca2=SD].altSpellings[]
Expected: JumhÅ«rÄ«yat as-SÅ«dÄ?n
     but none found
 ; [cca2=SD].altSpellings[]
Unexpected: Jumh?r?yat as-S?d?n
 ; [cca2=SD].flag
Expected: ðŸ‡¸ðŸ‡©
     got: ??
 ; [cca2=SD].name.nativeName.ara.common
Expected: Ø§Ù„Ø³ÙˆØ¯Ø§Ù†
     got: ???????
 ; [cca2=SD].name.nativeName.ara.official
Expected: Ø¬Ù…Ù‡ÙˆØ±ÙŠØ© Ø§Ù„Ø³ÙˆØ¯Ø§Ù†
     got: ??????? ???????
 ; [cca2=SD].translations.ara.common
Expected: Ø§Ù„Ø³ÙˆØ¯Ø§Ù†
     got: ???????
 ; [cca2=SD].translations.ara.official
Expected: Ø¬Ù…Ù‡ÙˆØ±ÙŠØ© Ø§Ù„Ø³ÙˆØ¯Ø§Ù†
     got: ??????? ???????
 ; [cca2=SD].translations.ces.common
Expected: SÃºdÃ¡n
     got: Súdán
 ; [cca2=SD].translations.ces.official
Expected: SÃºdÃ¡nskÃ¡ republika
     got: Súdánská republika
 ; [cca2=SD].translations.fra.official
Expected: RÃ©publique du Soudan
     got: République du Soudan
 ; [cca2=SD].translations.hun.common
Expected: SzudÃ¡n
     got: Szudán
 ; [cca2=SD].translations.hun.official
Expected: SzudÃ¡ni KÃ¶ztÃ¡rsasÃ¡g
     got: Szudáni Köztársaság
 ; [cca2=SD].translations.jpn.common
Expected: ã‚¹ãƒ¼ãƒ€ãƒ³
     got: ????
 ; [cca2=SD].translations.jpn.official
Expected: ã‚¹ãƒ¼ãƒ€ãƒ³å…±å’Œå›½
     got: ???????
 ; [cca2=SD].translations.kor.common
Expected: ìˆ˜ë‹¨
     got: ??
 ; [cca2=SD].translations.kor.official
Expected: ìˆ˜ë‹¨ ê³µí™”êµ­
     got: ?? ???
 ; [cca2=SD].translations.per.common
Expected: Ø³ÙˆØ¯Ø§Ù†
     got: ?????
 ; [cca2=SD].translations.per.official
Expected: Ø¬Ù…Ù‡ÙˆØ±ÛŒ Ø³ÙˆØ¯Ø§Ù†
     got: ?????? ?????
 ; [cca2=SD].translations.por.common
Expected: SudÃ£o
     got: Sudão
 ; [cca2=SD].translations.por.official
Expected: RepÃºblica do SudÃ£o
     got: República do Sudão
 ; [cca2=SD].translations.rus.common
Expected: Ð¡ÑƒÐ´Ð°Ð½
     got: ?????
 ; [cca2=SD].translations.rus.official
Expected: Ð ÐµÑ?Ð¿ÑƒÐ±Ð»Ð¸ÐºÐ° Ð¡ÑƒÐ´Ð°Ð½
     got: ?????????? ?????
 ; [cca2=SD].translations.slk.common
Expected: SudÃ¡n
     got: Sudán
 ; [cca2=SD].translations.slk.official
Expected: SudÃ¡nska republika
     got: Sudánska republika
 ; [cca2=SD].translations.spa.common
Expected: SudÃ¡n
     got: Sudán
 ; [cca2=SD].translations.spa.official
Expected: RepÃºblica de SudÃ¡n
     got: República de Sudán
 ; [cca2=SD].translations.srp.common
Expected: Ð¡ÑƒÐ´Ð°Ð½
     got: ?????
 ; [cca2=SD].translations.srp.official
Expected: Ð ÐµÐ¿ÑƒÐ±Ð»Ð¸ÐºÐ° Ð¡ÑƒÐ´Ð°Ð½
     got: ????????? ?????
 ; [cca2=SD].translations.urd.common
Expected: Ø³ÙˆØ¯Ø§Ù†
     got: ?????
 ; [cca2=SD].translations.urd.official
Expected: Ø¬Ù…Û?ÙˆØ±ÛŒÛ? Ø³ÙˆØ¯Ø§Ù†
     got: ??????? ?????
 ; [cca2=SD].translations.zho.common
Expected: è‹?ä¸¹
     got: ??
 ; [cca2=SD].translations.zho.official
Expected: è‹?ä¸¹å…±å’Œå›½
     got: ?????
 ; [cca2=BS].flag
Expected: ðŸ‡§ðŸ‡¸
     got: ??
 ; [cca2=BS].translations.ara.common
Expected: Ø¨Ø§Ù‡Ø§Ù…Ø§Ø³
     got: ???????
 ; [cca2=BS].translations.ara.official
Expected: ÙƒÙˆÙ…Ù†ÙˆÙ„Ø« Ø¬Ø²Ø± Ø§Ù„Ø¨Ù‡Ø§Ù…Ø§
     got: ??????? ??? ???????
 ; [cca2=BS].translations.ces.official
Expected: BahamskÃ© spoleÄ?enstvÃ­
     got: Bahamské spole?enství
 ; [cca2=BS].translations.est.official
Expected: Bahama Ãœhendus
     got: Bahama Ühendus
 ; [cca2=BS].translations.hun.official
Expected: Bahamai KÃ¶zÃ¶ssÃ©g
     got: Bahamai Közösség
 ; [cca2=BS].translations.jpn.common
Expected: ãƒ?ãƒ?ãƒž
     got: ???
 ; [cca2=BS].translations.jpn.official
Expected: ãƒ?ãƒ?ãƒž
     got: ???
 ; [cca2=BS].translations.kor.common
Expected: ë°”í•˜ë§ˆ
     got: ???
 ; [cca2=BS].translations.kor.official
Expected: ë°”í•˜ë§ˆ ì—°ë°©
     got: ??? ??
 ; [cca2=BS].translations.nld.common
Expected: Bahamaâ€™s
     got: Bahama’s
 ; [cca2=BS].translations.per.common
Expected: Ø¨Ø§Ù‡Ø§Ù…Ø§
     got: ??????
 ; [cca2=BS].translations.per.official
Expected: Ù‚Ù„Ù…Ø±Ùˆ Ù‡Ù…Ø³ÙˆØ¯ Ø¨Ø§Ù‡Ø§Ù…Ø§
     got: ????? ????? ??????
 ; [cca2=BS].translations.rus.common
Expected: Ð‘Ð°Ð³Ð°Ð¼Ñ?ÐºÐ¸Ðµ ÐžÑ?Ñ‚Ñ€Ð¾Ð²Ð°
     got: ????????? ???????
 ; [cca2=BS].translations.rus.official
Expected: Ð¡Ð¾Ð´Ñ€ÑƒÐ¶ÐµÑ?Ñ‚Ð²Ð¾ Ð‘Ð°Ð³Ð°Ð¼Ñ?ÐºÐ¸Ñ… ÐžÑ?Ñ‚Ñ€Ð¾Ð²Ð¾Ð²
     got: ??????????? ????????? ????????
 ; [cca2=BS].translations.slk.official
Expected: BahamskÃ© spoloÄ?enstvo
     got: Bahamské spolo?enstvo
 ; [cca2=BS].translations.srp.common
Expected: Ð‘Ð°Ñ…Ð°Ð¼Ð¸
     got: ??????
 ; [cca2=BS].translations.srp.official
Expected: ÐšÐ¾Ð¼Ð¾Ð½Ð²ÐµÐ»Ñ‚ Ð‘Ð°Ñ…Ð°Ð¼Ð°
     got: ????????? ??????
 ; [cca2=BS].translations.swe.official
Expected: SamvÃ¤ldet Bahamas
     got: Samväldet Bahamas
 ; [cca2=BS].translations.tur.official
Expected: Bahama Milletler TopluluÄŸu
     got: Bahama Milletler Toplulu?u
 ; [cca2=BS].translations.urd.common
Expected: Ø¨Û?Ø§Ù…Ø§Ø³
     got: ??????
 ; [cca2=BS].translations.urd.official
Expected: Ø¯ÙˆÙ„ØªÙ? Ù…Ø´ØªØ±Ú©Û? Ø¨Û?Ø§Ù…Ø§Ø³
     got: ????? ?????? ??????
 ; [cca2=BS].translations.zho.common
Expected: å·´å“ˆé©¬
     got: ???
 ; [cca2=BS].translations.zho.official
Expected: å·´å“ˆé©¬è?”é‚¦
     got: ?????
 ; [cca2=SE].demonyms.fra.f
Expected: SuÃ©doise
     got: Suédoise
 ; [cca2=SE].demonyms.fra.m
Expected: SuÃ©dois
     got: Suédois
 ; [cca2=SE].flag
Expected: ðŸ‡¸ðŸ‡ª
     got: ??
 ; [cca2=SE].translations.ara.common
Expected: Ø§Ù„Ø³ÙˆÙŠØ¯
     got: ??????
 ; [cca2=SE].translations.ara.official
Expected: Ù…Ù…Ù„ÙƒØ© Ø§Ù„Ø³ÙˆÙŠØ¯
     got: ????? ??????
 ; [cca2=SE].translations.ces.common
Expected: Å vÃ©dsko
     got: Švédsko
 ; [cca2=SE].translations.ces.official
Expected: Å vÃ©dskÃ© krÃ¡lovstvÃ­
     got: Švédské království
 ; [cca2=SE].translations.deu.official
Expected: KÃ¶nigreich Schweden
     got: Königreich Schweden
 ; [cca2=SE].translations.fra.common
Expected: SuÃ¨de
     got: Suède
 ; [cca2=SE].translations.fra.official
Expected: Royaume de SuÃ¨de
     got: Royaume de Suède
 ; [cca2=SE].translations.hrv.common
Expected: Å vedska
     got: Švedska
 ; [cca2=SE].translations.hrv.official
Expected: Kraljevina Å vedska
     got: Kraljevina Švedska
 ; [cca2=SE].translations.hun.common
Expected: SvÃ©dorszÃ¡g
     got: Svédország
 ; [cca2=SE].translations.hun.official
Expected: SvÃ©d KirÃ¡lysÃ¡g
     got: Svéd Királyság
 ; [cca2=SE].translations.jpn.common
Expected: ã‚¹ã‚¦ã‚§ãƒ¼ãƒ‡ãƒ³
     got: ??????
 ; [cca2=SE].translations.jpn.official
Expected: ã‚¹ã‚¦ã‚§ãƒ¼ãƒ‡ãƒ³çŽ‹å›½
     got: ????????
 ; [cca2=SE].translations.kor.common
Expected: ìŠ¤ì›¨ë?´
     got: ???
 ; [cca2=SE].translations.kor.official
Expected: ìŠ¤ì›¨ë?´ ì™•êµ­
     got: ??? ??
 ; [cca2=SE].translations.per.common
Expected: Ø³ÙˆØ¦Ø¯
     got: ????
 ; [cca2=SE].translations.per.official
Expected: Ù¾Ø§Ø¯Ø´Ø§Ù‡ÛŒ Ø³ÙˆØ¦Ø¯
     got: ??????? ????
 ; [cca2=SE].translations.pol.official
Expected: KrÃ³lestwo Szwecji
     got: Królestwo Szwecji
 ; [cca2=SE].translations.por.common
Expected: SuÃ©cia
     got: Suécia
 ; [cca2=SE].translations.por.official
Expected: Reino da SuÃ©cia
     got: Reino da Suécia
 ; [cca2=SE].translations.rus.common
Expected: Ð¨Ð²ÐµÑ†Ð¸Ñ?
     got: ??????
 ; [cca2=SE].translations.rus.official
Expected: ÐšÐ¾Ñ€Ð¾Ð»ÐµÐ²Ñ?Ñ‚Ð²Ð¾ Ð¨Ð²ÐµÑ†Ð¸Ñ?
     got: ??????????? ??????
 ; [cca2=SE].translations.slk.common
Expected: Å vÃ©dsko
     got: Švédsko
 ; [cca2=SE].translations.slk.official
Expected: Å vÃ©dske krÃ¡Ä¾ovstvo
     got: Švédske krá?ovstvo
 ; [cca2=SE].translations.srp.common
Expected: Ð¨Ð²ÐµÐ´Ñ?ÐºÐ°
     got: ???????
 ; [cca2=SE].translations.srp.official
Expected: ÐšÑ€Ð°Ñ™ÐµÐ²Ð¸Ð½Ð° Ð¨Ð²ÐµÐ´Ñ?ÐºÐ°
     got: ????????? ???????
 ; [cca2=SE].translations.tur.common
Expected: Ä°sveÃ§
     got: ?sveç
 ; [cca2=SE].translations.tur.official
Expected: Ä°sveÃ§ KrallÄ±ÄŸÄ±
     got: ?sveç Krall???
 ; [cca2=SE].translations.urd.common
Expected: Ø³ÙˆÛŒÚˆÙ†
     got: ?????
 ; [cca2=SE].translations.urd.official
Expected: Ù…Ù…Ù„Ú©ØªÙ? Ø³ÙˆÛŒÚˆÙ†
     got: ?????? ?????
 ; [cca2=SE].translations.zho.common
Expected: ç‘žå…¸
     got: ??
 ; [cca2=SE].translations.zho.official
Expected: ç‘žå…¸çŽ‹å›½
     got: ????
 ; [cca2=BT].currencies.INR.symbol
Expected: â‚¹
     got: ?
 ; [cca2=BT].flag
Expected: ðŸ‡§ðŸ‡¹
     got: ??
 ; [cca2=BT].name.nativeName.dzo.common
Expected: à½ à½–à¾²à½´à½‚à¼‹à½¡à½´à½£à¼‹
     got: ??????????
 ; [cca2=BT].name.nativeName.dzo.official
Expected: à½ à½–à¾²à½´à½‚à¼‹à½¢à¾’à¾±à½£à¼‹à½?à½–à¼‹
     got: ??????????????
 ; [cca2=BT].translations.ara.common
Expected: Ø¨ÙˆØªØ§Ù†
     got: ?????
 ; [cca2=BT].translations.ara.official
Expected: Ù…Ù…Ù„ÙƒØ© Ø¨ÙˆØªØ§Ù†
     got: ????? ?????
 ; [cca2=BT].translations.ces.common
Expected: BhÃºtÃ¡n
     got: Bhútán
 ; [cca2=BT].translations.ces.official
Expected: BhÃºtÃ¡nskÃ© krÃ¡lovstvÃ­
     got: Bhútánské království
 ; [cca2=BT].translations.deu.official
Expected: KÃ¶nigreich Bhutan
     got: Königreich Bhutan
 ; [cca2=BT].translations.hun.common
Expected: BhutÃ¡n
     got: Bhután
 ; [cca2=BT].translations.hun.official
Expected: BhutÃ¡ni KirÃ¡lysÃ¡g
     got: Bhutáni Királyság
 ; [cca2=BT].translations.jpn.common
Expected: ãƒ–ãƒ¼ã‚¿ãƒ³
     got: ????
 ; [cca2=BT].translations.jpn.official
Expected: ãƒ–ãƒ¼ã‚¿ãƒ³çŽ‹å›½
     got: ??????
 ; [cca2=BT].translations.kor.common
Expected: ë¶€íƒ„
     got: ??
 ; [cca2=BT].translations.kor.official
Expected: ë¶€íƒ„ ì™•êµ­
     got: ?? ??
 ; [cca2=BT].translations.per.common
Expected: Ø¨ÙˆØªØ§Ù†
     got: ?????
 ; [cca2=BT].translations.per.official
Expected: Ù¾Ø§Ø¯Ø´Ø§Ù‡ÛŒ Ø¨ÙˆØªØ§Ù†
     got: ??????? ?????
 ; [cca2=BT].translations.por.common
Expected: ButÃ£o
     got: Butão
 ; [cca2=BT].translations.por.official
Expected: Reino do ButÃ£o
     got: Reino do Butão
 ; [cca2=BT].translations.rus.common
Expected: Ð‘ÑƒÑ‚Ð°Ð½
     got: ?????
 ; [cca2=BT].translations.rus.official
Expected: ÐšÐ¾Ñ€Ð¾Ð»ÐµÐ²Ñ?Ñ‚Ð²Ð¾ Ð‘ÑƒÑ‚Ð°Ð½
     got: ??????????? ?????
 ; [cca2=BT].translations.slk.common
Expected: BhutÃ¡n
     got: Bhután
 ; [cca2=BT].translations.slk.official
Expected: BhutÃ¡nske krÃ¢Ä¾ovstvo
     got: Bhutánske krâ?ovstvo
 ; [cca2=BT].translations.spa.common
Expected: ButÃ¡n
     got: Bután
 ; [cca2=BT].translations.spa.official
Expected: Reino de ButÃ¡n
     got: Reino de Bután
 ; [cca2=BT].translations.srp.common
Expected: Ð‘ÑƒÑ‚Ð°Ð½
     got: ?????
 ; [cca2=BT].translations.srp.official
Expected: ÐšÑ€Ð°Ñ™ÐµÐ²Ð¸Ð½Ð° Ð‘ÑƒÑ‚Ð°Ð½
     got: ????????? ?????
 ; [cca2=BT].translations.tur.official
Expected: Butan KrallÄ±ÄŸÄ±
     got: Butan Krall???
 ; [cca2=BT].translations.urd.common
Expected: Ø¨Ú¾ÙˆÙ¹Ø§Ù†
     got: ??????
 ; [cca2=BT].translations.urd.official
Expected: Ø³Ù„Ø·Ù†Øª Ø¨Ú¾ÙˆÙ¹Ø§Ù†
     got: ????? ??????
 ; [cca2=BT].translations.zho.common
Expected: ä¸?ä¸¹
     got: ??
 ; [cca2=BT].translations.zho.official
Expected: ä¸?ä¸¹çŽ‹å›½
     got: ????
 ; [cca2=SG].altSpellings[]
Expected: æ–°åŠ å?¡å…±å’Œå›½
     but none found
 ; [cca2=SG].altSpellings[]
Unexpected: ??????
 ; [cca2=SG].flag
Expected: ðŸ‡¸ðŸ‡¬
     got: ??
 ; [cca2=SG].name.nativeName.tam.common
Expected: à®šà®¿à®™à¯?à®•à®ªà¯?à®ªà¯‚à®°à¯?
     got: ???????????
 ; [cca2=SG].name.nativeName.tam.official
Expected: à®šà®¿à®™à¯?à®•à®ªà¯?à®ªà¯‚à®°à¯? à®•à¯?à®Ÿà®¿à®¯à®°à®šà¯?
     got: ??????????? ????????
 ; [cca2=SG].name.nativeName.zho.common
Expected: æ–°åŠ å?¡
     got: ???
 ; [cca2=SG].name.nativeName.zho.official
Expected: æ–°åŠ å?¡å…±å’Œå›½
     got: ??????
 ; [cca2=SG].tld[]
Expected: .æ–°åŠ å?¡
     but none found
 ; [cca2=SG].tld[]
Expected: .à®šà®¿à®™à¯?à®•à®ªà¯?à®ªà¯‚à®°à¯?
     but none found
 ; [cca2=SG].tld[]
Unexpected: .???????????
 ; [cca2=SG].tld[]
Unexpected: .???
 ; [cca2=SG].translations.ara.common
Expected: Ø³Ù†ØºØ§Ù?ÙˆØ±Ø©
     got: ????????
 ; [cca2=SG].translations.ara.official
Expected: Ø¬Ù…Ù‡ÙˆØ±ÙŠØ© Ø³Ù†ØºØ§Ù?ÙˆØ±Ø©
     got: ??????? ????????
 ; [cca2=SG].translations.ces.official
Expected: SingapurskÃ¡ republika
     got: Singapurská republika
 ; [cca2=SG].translations.fra.official
Expected: RÃ©publique de Singapour
     got: République de Singapour
 ; [cca2=SG].translations.hun.common
Expected: SzingapÃºr
     got: Szingapúr
 ; [cca2=SG].translations.hun.official
Expected: SzingapÃºri KÃ¶ztÃ¡rsasÃ¡g
     got: Szingapúri Köztársaság
 ; [cca2=SG].translations.jpn.common
Expected: ã‚·ãƒ³ã‚¬ãƒ?ãƒ¼ãƒ«
     got: ??????
 ; [cca2=SG].translations.jpn.official
Expected: ã‚·ãƒ³ã‚¬ãƒ?ãƒ¼ãƒ«å…±å’Œå›½
     got: ?????????
 ; [cca2=SG].translations.kor.common
Expected: ì‹±ê°€í?¬ë¥´
     got: ????
 ; [cca2=SG].translations.kor.official
Expected: ì‹±ê°€í?¬ë¥´ ê³µí™”êµ­
     got: ???? ???
 ; [cca2=SG].translations.per.common
Expected: Ø³Ù†Ú¯Ø§Ù¾ÙˆØ±
     got: ???????
 ; [cca2=SG].translations.per.official
Expected: Ø¬Ù…Ù‡ÙˆØ±ÛŒ Ø³Ù†Ú¯Ø§Ù¾ÙˆØ±
     got: ?????? ???????
 ; [cca2=SG].translations.por.official
Expected: RepÃºblica de Singapura
     got: República de Singapura
 ; [cca2=SG].translations.rus.common
Expected: Ð¡Ð¸Ð½Ð³Ð°Ð¿ÑƒÑ€
     got: ????????
 ; [cca2=SG].translations.rus.official
Expected: Ð ÐµÑ?Ð¿ÑƒÐ±Ð»Ð¸ÐºÐ° Ð¡Ð¸Ð½Ð³Ð°Ð¿ÑƒÑ€
     got: ?????????? ????????
 ; [cca2=SG].translations.slk.official
Expected: SingapurskÃ¡ republika
     got: Singapurská republika
 ; [cca2=SG].translations.spa.official
Expected: RepÃºblica de Singapur
     got: República de Singapur
 ; [cca2=SG].translations.srp.common
Expected: Ð¡Ð¸Ð½Ð³Ð°Ð¿ÑƒÑ€
     got: ????????
 ; [cca2=SG].translations.srp.official
Expected: Ð ÐµÐ¿ÑƒÐ±Ð»Ð¸ÐºÐ° Ð¡Ð¸Ð½Ð³Ð°Ð¿ÑƒÑ€
     got: ????????? ????????
 ; [cca2=SG].translations.urd.common
Expected: Ø³Ù†Ú¯Ø§Ù¾ÙˆØ±
     got: ???????
 ; [cca2=SG].translations.urd.official
Expected: Ø¬Ù…Û?ÙˆØ±ÛŒÛ? Ø³Ù†Ú¯Ø§Ù¾ÙˆØ±
     got: ??????? ???????
 ; [cca2=BV].altSpellings[]
Expected: BouvetÃ¸ya
     but none found
 ; [cca2=BV].altSpellings[]
Expected: Bouvet-Ã¸ya
     but none found
 ; [cca2=BV].altSpellings[]
Unexpected: Bouvetøya
 ; [cca2=BV].altSpellings[]
Unexpected: Bouvet-øya
 ; [cca2=BV].flag
Expected: ðŸ‡§ðŸ‡»
     got: ??
 ; [cca2=BV].name.nativeName.nor.common
Expected: BouvetÃ¸ya
     got: Bouvetøya
 ; [cca2=BV].name.nativeName.nor.official
Expected: BouvetÃ¸ya
     got: Bouvetøya
 ; [cca2=BV].translations.ara.common
Expected: Ø¬Ø²Ø± Ø¨ÙˆÙ?ÙŠÙ‡
     got: ??? ?????
 ; [cca2=BV].translations.ara.official
Expected: Ø¬Ø²Ø± Ø¨ÙˆÙ?ÙŠÙ‡
     got: ??? ?????
 ; [cca2=BV].translations.ces.common
Expected: BouvetÅ¯v ostrov
     got: Bouvet?v ostrov
 ; [cca2=BV].translations.ces.official
Expected: BouvetÅ¯v ostrov
     got: Bouvet?v ostrov
 ; [cca2=BV].translations.est.common
Expected: Bouvetâ€™ saar
     got: Bouvet’ saar
 ; [cca2=BV].translations.est.official
Expected: Bouvetâ€™ saar
     got: Bouvet’ saar
 ; [cca2=BV].translations.fra.common
Expected: ÃŽle Bouvet
     got: Île Bouvet
 ; [cca2=BV].translations.fra.official
Expected: ÃŽle Bouvet
     got: Île Bouvet
 ; [cca2=BV].translations.jpn.common
Expected: ãƒ–ãƒ¼ãƒ™å³¶
     got: ????
 ; [cca2=BV].translations.jpn.official
Expected: ãƒ–ãƒ¼ãƒ´ã‚§å³¶
     got: ?????
 ; [cca2=BV].translations.kor.common
Expected: ë¶€ë²  ì„¬
     got: ?? ?
 ; [cca2=BV].translations.kor.official
Expected: ë¶€ë²  ì„¬
     got: ?? ?
 ; [cca2=BV].translations.per.common
Expected: Ø¬Ø²ÛŒØ±Ù‡Ù” Ø¨ÙˆÙˆÙ‡
     got: ?????? ????
 ; [cca2=BV].translations.per.official
Expected: Ø¬Ø²ÛŒØ±Ù‡Ù” Ø¨ÙˆÙˆÙ‡
     got: ?????? ????
 ; [cca2=BV].translations.rus.common
Expected: ÐžÑ?Ñ‚Ñ€Ð¾Ð² Ð‘ÑƒÐ²Ðµ
     got: ?????? ????
 ; [cca2=BV].translations.rus.official
Expected: ÐžÑ?Ñ‚Ñ€Ð¾Ð² Ð‘ÑƒÐ²Ðµ
     got: ?????? ????
 ; [cca2=BV].translations.srp.common
Expected: Ð‘ÑƒÐ²Ðµ
     got: ????
 ; [cca2=BV].translations.srp.official
Expected: Ð‘ÑƒÐ²Ðµ
     got: ????
 ; [cca2=BV].translations.swe.common
Expected: BouvetÃ¶n
     got: Bouvetön
 ; [cca2=BV].translations.swe.official
Expected: BouvetÃ¶n
     got: Bouvetön
 ; [cca2=BV].translations.tur.common
Expected: Bouvet AdasÄ±
     got: Bouvet Adas?
 ; [cca2=BV].translations.tur.official
Expected: Bouvet AdasÄ±
     got: Bouvet Adas?
 ; [cca2=BV].translations.urd.common
Expected: Ø¬Ø²ÛŒØ±Û? Ø¨ÙˆÙˆÛ?
     got: ????? ????
 ; [cca2=BV].translations.urd.official
Expected: Ø¬Ø²ÛŒØ±Û? Ø¨ÙˆÙˆÛ?
     got: ????? ????
 ; [cca2=BV].translations.zho.common
Expected: å¸ƒç»´å²›
     got: ???
 ; [cca2=BV].translations.zho.official
Expected: å¸ƒç»´å²›
     got: ???
 ; [cca2=SH].currencies.GBP.symbol
Expected: Â£
     got: £
 ; [cca2=SH].currencies.SHP.symbol
Expected: Â£
     got: £
 ; [cca2=SH].demonyms.fra.f
Expected: Sainte-HÃ©lÃ©noise
     got: Sainte-Hélénoise
 ; [cca2=SH].demonyms.fra.m
Expected: Sainte-HÃ©lÃ¨nois
     got: Sainte-Hélènois
 ; [cca2=SH].flag
Expected: ðŸ‡¸ðŸ‡­
     got: ??
 ; [cca2=SH].translations.ara.common
Expected: Ø³Ø§Ù†Øª Ù‡ÙŠÙ„ÙŠÙ†Ø§ ÙˆØ£Ø³ÙŠÙ†Ø´ÙŠÙ† ÙˆØªØ±ÙŠØ³ØªØ§Ù† Ø¯Ø§ ÙƒÙˆÙ†Ø§
     got: ???? ?????? ???????? ???????? ?? ????
 ; [cca2=SH].translations.ara.official
Expected: Ø³Ø§Ù†Øª Ù‡ÙŠÙ„ÙŠÙ†Ø§ ÙˆØ£Ø³ÙŠÙ†Ø´ÙŠÙ† ÙˆØªØ±ÙŠØ³ØªØ§Ù† Ø¯Ø§ ÙƒÙˆÙ†Ø§
     got: ???? ?????? ???????? ???????? ?? ????
 ; [cca2=SH].translations.ces.common
Expected: SvatÃ¡ Helena, Ascension a Tristan da Cunha
     got: Svatá Helena, Ascension a Tristan da Cunha
 ; [cca2=SH].translations.ces.official
Expected: SvatÃ¡ Helena, Ascension a Tristan da Cunha
     got: Svatá Helena, Ascension a Tristan da Cunha
 ; [cca2=SH].translations.fra.common
Expected: Sainte-HÃ©lÃ¨ne, Ascension et Tristan da Cunha
     got: Sainte-Hélène, Ascension et Tristan da Cunha
 ; [cca2=SH].translations.fra.official
Expected: Sainte-HÃ©lÃ¨ne, Ascension et Tristan da Cunha
     got: Sainte-Hélène, Ascension et Tristan da Cunha
 ; [cca2=SH].translations.jpn.common
Expected: ã‚»ãƒ³ãƒˆãƒ˜ãƒ¬ãƒŠãƒ»ã‚¢ã‚»ãƒ³ã‚·ãƒ§ãƒ³ã?Šã‚ˆã?³ãƒˆãƒªã‚¹ã‚¿ãƒ³ãƒ€ã‚¯ãƒ¼ãƒ‹ãƒ£
     got: ??????????????????????????
 ; [cca2=SH].translations.jpn.official
Expected: ã‚»ãƒ³ãƒˆãƒ˜ãƒ¬ãƒŠãƒ»ã‚¢ã‚»ãƒ³ã‚·ãƒ§ãƒ³ã?Šã‚ˆã?³ãƒˆãƒªã‚¹ã‚¿ãƒ³ãƒ€ã‚¯ãƒ¼ãƒ‹ãƒ£
     got: ??????????????????????????
 ; [cca2=SH].translations.kor.common
Expected: ì„¸ì?¸íŠ¸í—¬ë ˆë‚˜
     got: ??????
 ; [cca2=SH].translations.kor.official
Expected: ì„¸ì?¸íŠ¸í—¬ë ˆë‚˜
     got: ??????
 ; [cca2=SH].translations.per.common
Expected: Ø³Ù†Øª Ù‡Ù„Ù†
     got: ??? ???
 ; [cca2=SH].translations.per.official
Expected: Ø³Ù†Øª Ù‡Ù„Ù†
     got: ??? ???
 ; [cca2=SH].translations.pol.common
Expected: Wyspa ÅšwiÄ™tej Heleny, Wyspa WniebowstÄ…pienia i Tristan da Cunha
     got: Wyspa ?wi?tej Heleny, Wyspa Wniebowst?pienia i Tristan da Cunha
 ; [cca2=SH].translations.pol.official
Expected: Wyspa ÅšwiÄ™tej Heleny, Wyspa WniebowstÄ…pienia i Tristan da Cunha
     got: Wyspa ?wi?tej Heleny, Wyspa Wniebowst?pienia i Tristan da Cunha
 ; [cca2=SH].translations.por.common
Expected: Santa Helena, AscensÃ£o e TristÃ£o da Cunha
     got: Santa Helena, Ascensão e Tristão da Cunha
 ; [cca2=SH].translations.por.official
Expected: Santa Helena, AscensÃ£o e TristÃ£o da Cunha
     got: Santa Helena, Ascensão e Tristão da Cunha
 ; [cca2=SH].translations.rus.common
Expected: ÐžÑ?Ñ‚Ñ€Ð¾Ð²Ð° Ð¡Ð²Ñ?Ñ‚Ð¾Ð¹ Ð•Ð»ÐµÐ½Ñ‹, Ð’Ð¾Ð·Ð½ÐµÑ?ÐµÐ½Ð¸Ñ? Ð¸ Ð¢Ñ€Ð¸Ñ?Ñ‚Ð°Ð½-Ð´Ð°-ÐšÑƒÐ½ÑŒÑ?
     got: ??????? ?????? ?????, ?????????? ? ???????-??-?????
 ; [cca2=SH].translations.rus.official
Expected: ÐžÑ?Ñ‚Ñ€Ð¾Ð²Ð° Ð¡Ð²Ñ?Ñ‚Ð¾Ð¹ Ð•Ð»ÐµÐ½Ñ‹, Ð’Ð¾Ð·Ð½ÐµÑ?ÐµÐ½Ð¸Ñ? Ð¸ Ð¢Ñ€Ð¸Ñ?Ñ‚Ð°Ð½-Ð´Ð°-ÐšÑƒÐ½ÑŒÑ?
     got: ??????? ?????? ?????, ?????????? ? ???????-??-?????
 ; [cca2=SH].translations.slk.common
Expected: SvÃ¤tÃ¡ Helena (zÃ¡morskÃ© Ãºzemie)
     got: Svätá Helena (zámorské územie)
 ; [cca2=SH].translations.slk.official
Expected: SvÃ¤tÃ¡ Helena (zÃ¡morskÃ© Ãºzemie)
     got: Svätá Helena (zámorské územie)
 ; [cca2=SH].translations.spa.common
Expected: Santa Elena, AscensiÃ³n y TristÃ¡n de AcuÃ±a
     got: Santa Elena, Ascensión y Tristán de Acuña
 ; [cca2=SH].translations.spa.official
Expected: Santa Elena, AscensiÃ³n y TristÃ¡n de AcuÃ±a
     got: Santa Elena, Ascensión y Tristán de Acuña
 ; [cca2=SH].translations.srp.common
Expected: Ð¡Ð²ÐµÑ‚Ð° ÐˆÐµÐ»ÐµÐ½Ð°
     got: ????? ??????
 ; [cca2=SH].translations.srp.official
Expected: Ð¡Ð²ÐµÑ‚Ð° ÐˆÐµÐ»ÐµÐ½Ð°, Ð?Ñ?ÐµÐ½Ñ?Ð¸Ð¾Ð½ Ð¸ Ð¢Ñ€Ð¸Ñ?Ñ‚Ð°Ð½ Ð´Ð° ÐšÑƒÑšÐ°
     got: ????? ??????, ???????? ? ??????? ?? ????
 ; [cca2=SH].translations.urd.common
Expected: Ø³ÛŒÙ†Ù¹ Û?Ù„ÛŒÙ†Ø§ØŒ Ø§Ø³ÛŒÙ†Ø´Ù† Ùˆ ØªØ±Ø³Ù¹Ø§Ù† Ø¯Ø§ Ú©ÙˆÙ†ÛŒØ§
     got: ???? ?????? ?????? ? ?????? ?? ?????
 ; [cca2=SH].translations.urd.official
Expected: Ø³ÛŒÙ†Ù¹ Û?Ù„ÛŒÙ†Ø§ØŒ Ø§Ø³ÛŒÙ†Ø´Ù† Ùˆ ØªØ±Ø³Ù¹Ø§Ù† Ø¯Ø§ Ú©ÙˆÙ†ÛŒØ§
     got: ???? ?????? ?????? ? ?????? ?? ?????
 ; [cca2=SH].translations.zho.common
Expected: åœ£èµ«å‹’æ‹¿ã€?é˜¿æ£®æ?¾å’Œç‰¹é‡Œæ–¯å?¦-è¾¾åº“å°¼äºš
     got: ?????????????-????
 ; [cca2=SH].translations.zho.official
Expected: åœ£èµ«å‹’æ‹¿ã€?é˜¿æ£®æ?¾å’Œç‰¹é‡Œæ–¯å?¦-è¾¾åº“å°¼äºš
     got: ?????????????-????
 ; [cca2=BW].flag
Expected: ðŸ‡§ðŸ‡¼
     got: ??
 ; [cca2=BW].translations.ara.common
Expected: Ø¨ÙˆØªØ³ÙˆØ§Ù†Ø§
     got: ????????
 ; [cca2=BW].translations.ara.official
Expected: Ø¬Ù…Ù‡ÙˆØ±ÙŠØ© Ø¨ÙˆØªØ³ÙˆØ§Ù†Ø§
     got: ??????? ????????
 ; [cca2=BW].translations.ces.official
Expected: BotswanskÃ¡ republika
     got: Botswanská republika
 ; [cca2=BW].translations.fra.official
Expected: RÃ©publique du Botswana
     got: République du Botswana
 ; [cca2=BW].translations.hun.official
Expected: Botswanai KÃ¶ztÃ¡rsasÃ¡g
     got: Botswanai Köztársaság
 ; [cca2=BW].translations.jpn.common
Expected: ãƒœãƒ„ãƒ¯ãƒŠ
     got: ????
 ; [cca2=BW].translations.jpn.official
Expected: ãƒœãƒ„ãƒ¯ãƒŠå…±å’Œå›½
     got: ???????
 ; [cca2=BW].translations.kor.common
Expected: ë³´ì¸ ì™€ë‚˜
     got: ????
 ; [cca2=BW].translations.kor.official
Expected: ë³´ì¸ ì™€ë‚˜ ê³µí™”êµ­
     got: ???? ???
 ; [cca2=BW].translations.per.common
Expected: Ø¨ÙˆØªØ³ÙˆØ§Ù†Ø§
     got: ????????
 ; [cca2=BW].translations.per.official
Expected: Ø¬Ù…Ù‡ÙˆØ±ÛŒ Ø¨ÙˆØªØ³ÙˆØ§Ù†Ø§
     got: ?????? ????????
 ; [cca2=BW].translations.por.official
Expected: RepÃºblica do Botswana
     got: República do Botswana
 ; [cca2=BW].translations.rus.common
Expected: Ð‘Ð¾Ñ‚Ñ?Ð²Ð°Ð½Ð°
     got: ????????
 ; [cca2=BW].translations.rus.official
Expected: Ð ÐµÑ?Ð¿ÑƒÐ±Ð»Ð¸ÐºÐ° Ð‘Ð¾Ñ‚Ñ?Ð²Ð°Ð½Ð°
     got: ?????????? ????????
 ; [cca2=BW].translations.slk.official
Expected: BotswanskÃ¡ republika
     got: Botswanská republika
 ; [cca2=BW].translations.spa.official
Expected: RepÃºblica de Botswana
     got: República de Botswana
 ; [cca2=BW].translations.srp.common
Expected: Ð‘Ð¾Ñ†Ð²Ð°Ð½Ð°
     got: ???????
 ; [cca2=BW].translations.srp.official
Expected: Ð ÐµÐ¿ÑƒÐ±Ð»Ð¸ÐºÐ° Ð‘Ð¾Ñ†Ð²Ð°Ð½Ð°
     got: ????????? ???????
 ; [cca2=BW].translations.urd.common
Expected: Ø¨ÙˆÙ¹Ø³ÙˆØ§Ù†Ø§
     got: ????????
 ; [cca2=BW].translations.urd.official
Expected: Ø¬Ù…Û?ÙˆØ±ÛŒÛ? Ø¨ÙˆÙ¹Ø³ÙˆØ§Ù†Ø§
     got: ??????? ????????
 ; [cca2=BW].translations.zho.common
Expected: å?šèŒ¨ç“¦çº³
     got: ????
 ; [cca2=BW].translations.zho.official
Expected: å?šèŒ¨ç“¦çº³å…±å’Œå›½
     got: ???????
 ; [cca2=SI].currencies.EUR.symbol
Expected: â‚¬
     got: €
 ; [cca2=SI].demonyms.fra.f
Expected: SlovÃ¨ne
     got: Slovène
 ; [cca2=SI].demonyms.fra.m
Expected: SlovÃ¨ne
     got: Slovène
 ; [cca2=SI].flag
Expected: ðŸ‡¸ðŸ‡®
     got: ??
 ; [cca2=SI].translations.ara.common
Expected: Ø³Ù„ÙˆÙ?ÙŠÙ†ÙŠØ§
     got: ????????
 ; [cca2=SI].translations.ara.official
Expected: Ø¬Ù…Ù‡ÙˆØ±ÙŠØ© Ø³Ù„ÙˆÙ?ÙŠÙ†ÙŠØ§
     got: ??????? ????????
 ; [cca2=SI].translations.ces.official
Expected: SlovinskÃ¡ republika
     got: Slovinská republika
 ; [cca2=SI].translations.fra.common
Expected: SlovÃ©nie
     got: Slovénie
 ; [cca2=SI].translations.fra.official
Expected: RÃ©publique de SlovÃ©nie
     got: République de Slovénie
 ; [cca2=SI].translations.hun.common
Expected: SzlovÃ©nia
     got: Szlovénia
 ; [cca2=SI].translations.hun.official
Expected: SzlovÃ©n KÃ¶ztÃ¡rsasÃ¡g
     got: Szlovén Köztársaság
 ; [cca2=SI].translations.jpn.common
Expected: ã‚¹ãƒ­ãƒ™ãƒ‹ã‚¢
     got: ?????
 ; [cca2=SI].translations.jpn.official
Expected: ã‚¹ãƒ­ãƒ™ãƒ‹ã‚¢å…±å’Œå›½
     got: ????????
 ; [cca2=SI].translations.kor.common
Expected: ìŠ¬ë¡œë² ë‹ˆì•„
     got: ?????
 ; [cca2=SI].translations.kor.official
Expected: ìŠ¬ë¡œë² ë‹ˆì•„ ê³µí™”êµ­
     got: ????? ???
 ; [cca2=SI].translations.nld.common
Expected: SloveniÃ«
     got: Slovenië
 ; [cca2=SI].translations.nld.official
Expected: Republiek SloveniÃ«
     got: Republiek Slovenië
 ; [cca2=SI].translations.per.common
Expected: Ø§Ø³Ù„ÙˆÙˆÙ†ÛŒ
     got: ???????
 ; [cca2=SI].translations.per.official
Expected: Ø¬Ù…Ù‡ÙˆØ±ÛŒ Ø§Ø³Ù„ÙˆÙˆÙ†ÛŒ
     got: ?????? ???????
 ; [cca2=SI].translations.pol.common
Expected: SÅ‚owenia
     got: S?owenia
 ; [cca2=SI].translations.pol.official
Expected: Republika SÅ‚owenii
     got: Republika S?owenii
 ; [cca2=SI].translations.por.common
Expected: EslovÃ©nia
     got: Eslovénia
 ; [cca2=SI].translations.por.official
Expected: RepÃºblica da EslovÃ©nia
     got: República da Eslovénia
 ; [cca2=SI].translations.rus.common
Expected: Ð¡Ð»Ð¾Ð²ÐµÐ½Ð¸Ñ?
     got: ????????
 ; [cca2=SI].translations.rus.official
Expected: Ð ÐµÑ?Ð¿ÑƒÐ±Ð»Ð¸ÐºÐ° Ð¡Ð»Ð¾Ð²ÐµÐ½Ð¸Ñ?
     got: ?????????? ????????
 ; [cca2=SI].translations.slk.official
Expected: SlovinskÃ¡ republika
     got: Slovinská republika
 ; [cca2=SI].translations.spa.official
Expected: RepÃºblica de Eslovenia
     got: República de Eslovenia
 ; [cca2=SI].translations.srp.common
Expected: Ð¡Ð»Ð¾Ð²ÐµÐ½Ð¸Ñ˜Ð°
     got: ?????????
 ; [cca2=SI].translations.srp.official
Expected: Ð ÐµÐ¿ÑƒÐ±Ð»Ð¸ÐºÐ° Ð¡Ð»Ð¾Ð²ÐµÐ½Ð¸Ñ˜Ð°
     got: ????????? ?????????
 ; [cca2=SI].translations.urd.common
Expected: Ø³Ù„ÙˆÙˆÛŒÙ†ÛŒØ§
     got: ????????
 ; [cca2=SI].translations.urd.official
Expected: Ø¬Ù…Û?ÙˆØ±ÛŒÛ? Ø³Ù„ÙˆÙˆÛŒÙ†ÛŒØ§
     got: ??????? ????????
 ; [cca2=SI].translations.zho.common
Expected: æ–¯æ´›æ–‡å°¼äºš
     got: ?????
 ; [cca2=SI].translations.zho.official
Expected: æ–¯æ´›æ–‡å°¼äºšå…±å’Œå›½
     got: ????????
 ; [cca2=SJ].flag
Expected: ðŸ‡¸ðŸ‡¯
     got: ??
 ; [cca2=SJ].translations.ara.common
Expected: Ø³Ù?Ø§Ù„Ø¨Ø§Ø±Ø¯ ÙˆÙŠØ§Ù† Ù…Ø§ÙŠÙ†
     got: ???????? ???? ????
 ; [cca2=SJ].translations.ara.official
Expected: Ø³Ù?Ø§Ù„Ø¨Ø§Ø±Ø¯ ÙˆÙŠØ§Ù† Ù…Ø§ÙŠÙ†
     got: ???????? ???? ????
 ; [cca2=SJ].translations.ces.common
Expected: Å picberky a Jan Mayen
     got: Špicberky a Jan Mayen
 ; [cca2=SJ].translations.ces.official
Expected: Å picberky a Jan Mayen
     got: Špicberky a Jan Mayen
 ; [cca2=SJ].translations.hun.common
Expected: Svalbard Ã©s Jan Mayen
     got: Svalbard és Jan Mayen
 ; [cca2=SJ].translations.hun.official
Expected: Svalbard Ã©s Jan Mayen
     got: Svalbard és Jan Mayen
 ; [cca2=SJ].translations.jpn.common
Expected: ã‚¹ãƒ´ã‚¡ãƒ¼ãƒ«ãƒ?ãƒ«è«¸å³¶ã?Šã‚ˆã?³ãƒ¤ãƒ³ãƒžã‚¤ã‚¨ãƒ³å³¶
     got: ???????????????????
 ; [cca2=SJ].translations.jpn.official
Expected: ã‚¹ãƒ?ãƒ¼ãƒ«ãƒ?ãƒ«è«¸å³¶OGãƒ¤ãƒ³ãƒžã‚¤ã‚¨ãƒ³
     got: ????????OG??????
 ; [cca2=SJ].translations.kor.common
Expected: ìŠ¤ë°œë°”ë¥´ ì–€ë§ˆì˜Œ ì œë?„
     got: ???? ??? ??
 ; [cca2=SJ].translations.kor.official
Expected: ìŠ¤ë°œë°”ë¥´ ì–€ë§ˆì˜Œ ì œë?„
     got: ???? ??? ??
 ; [cca2=SJ].translations.per.common
Expected: Ø³ÙˆØ§Ù„Ø¨Ø§Ø±Ø¯ Ùˆ ÛŒØ§Ù† Ù…Ø§ÛŒÙ†
     got: ???????? ? ??? ????
 ; [cca2=SJ].translations.per.official
Expected: Ø³ÙˆØ§Ù„Ø¨Ø§Ø±Ø¯ Ùˆ ÛŒØ§Ù† Ù…Ø§ÛŒÙ†
     got: ???????? ? ??? ????
 ; [cca2=SJ].translations.rus.common
Expected: Ð¨Ð¿Ð¸Ñ†Ð±ÐµÑ€Ð³ÐµÐ½ Ð¸ Ð¯Ð½-ÐœÐ°Ð¹ÐµÐ½
     got: ?????????? ? ??-?????
 ; [cca2=SJ].translations.rus.official
Expected: Ð¡Ð²Ð°Ð»ÑŒÐ±Ð°Ñ€Ð´Ð° Ð¾Ð³ Ð¯Ð½-ÐœÐ°Ð¹ÐµÐ½
     got: ?????????? ?? ??-?????
 ; [cca2=SJ].translations.srp.common
Expected: Ð¡Ð²Ð°Ð»Ð±Ð°Ñ€Ð´ Ð¸ ÐˆÐ°Ð½ ÐœÐ°Ñ˜ÐµÐ½
     got: ???????? ? ??? ?????
 ; [cca2=SJ].translations.srp.official
Expected: Ð¡Ð²Ð°Ð»Ð±Ð°Ñ€Ð´ Ð¸ ÐˆÐ°Ð½ ÐœÐ°Ñ˜ÐµÐ½
     got: ???????? ? ??? ?????
 ; [cca2=SJ].translations.urd.common
Expected: Ø³ÙˆØ§Ù„Ø¨Ø§Ø±Úˆ Ø§ÙˆØ± Ø¬Ø§Ù† Ù…ÛŒØ¦Ù†
     got: ???????? ??? ??? ????
 ; [cca2=SJ].translations.urd.official
Expected: Ø³ÙˆØ§Ù„Ø¨Ø§Ø±Úˆ Ø§ÙˆØ± Ø¬Ø§Ù† Ù…ÛŒØ¦Ù†
     got: ???????? ??? ??? ????
 ; [cca2=SJ].translations.zho.common
Expected: æ–¯ç“¦å°”å·´ç‰¹
     got: ?????
 ; [cca2=SJ].translations.zho.official
Expected: æ–¯ç“¦å°”å·´ç‰¹
     got: ?????
 ; [cca2=BY].altSpellings[]
Expected: BielaruÅ›
     but none found
 ; [cca2=BY].altSpellings[]
Expected: Ð‘ÐµÐ»Ð¾Ñ€ÑƒÑ?Ñ?Ð¸Ñ?
     but none found
 ; [cca2=BY].altSpellings[]
Expected: Ð ÐµÑ?Ð¿ÑƒÐ±Ð»Ð¸ÐºÐ° Ð‘ÐµÐ»Ð¾Ñ€ÑƒÑ?Ñ?Ð¸Ñ?
     but none found
 ; [cca2=BY].altSpellings[]
Unexpected: Bielaru?
 ; [cca2=BY].altSpellings[]
Unexpected: ?????????? ??????????
 ; [cca2=BY].altSpellings[]
Unexpected: ??????????
 ; [cca2=BY].demonyms.fra.f
Expected: BiÃ©lorusse
     got: Biélorusse
 ; [cca2=BY].demonyms.fra.m
Expected: BiÃ©lorusse
     got: Biélorusse
 ; [cca2=BY].flag
Expected: ðŸ‡§ðŸ‡¾
     got: ??
 ; [cca2=BY].name.nativeName.bel.common
Expected: Ð‘ÐµÐ»Ð°Ñ€ÑƒÌ?Ñ?ÑŒ
     got: ?????????
 ; [cca2=BY].name.nativeName.bel.official
Expected: Ð Ñ?Ñ?Ð¿ÑƒÐ±Ð»Ñ–ÐºÐ° Ð‘ÐµÐ»Ð°Ñ€ÑƒÑ?ÑŒ
     got: ?????????? ????????
 ; [cca2=BY].name.nativeName.rus.common
Expected: Ð‘ÐµÐ»Ð°Ñ€ÑƒÑ?ÑŒ
     got: ????????
 ; [cca2=BY].name.nativeName.rus.official
Expected: Ð ÐµÑ?Ð¿ÑƒÐ±Ð»Ð¸ÐºÐ° Ð‘ÐµÐ»Ð°Ñ€ÑƒÑ?ÑŒ
     got: ?????????? ????????
 ; [cca2=BY].translations.ara.common
Expected: Ø¨ÙŠÙ„Ø§Ø±ÙˆØ³ÙŠØ§
     got: ?????????
 ; [cca2=BY].translations.ara.official
Expected: Ø¬Ù…Ù‡ÙˆØ±ÙŠØ© Ø¨ÙŠÙ„Ø§Ø±ÙˆØ³ÙŠØ§
     got: ??????? ?????????
 ; [cca2=BY].translations.ces.common
Expected: BÄ›lorusko
     got: B?lorusko
 ; [cca2=BY].translations.ces.official
Expected: BÄ›loruskÃ¡ republika
     got: B?loruská republika
 ; [cca2=BY].translations.deu.common
Expected: WeiÃŸrussland
     got: Weißrussland
 ; [cca2=BY].translations.fin.common
Expected: Valko-VenÃ¤jÃ¤
     got: Valko-Venäjä
 ; [cca2=BY].translations.fin.official
Expected: Valko-VenÃ¤jÃ¤n tasavalta
     got: Valko-Venäjän tasavalta
 ; [cca2=BY].translations.fra.common
Expected: BiÃ©lorussie
     got: Biélorussie
 ; [cca2=BY].translations.fra.official
Expected: RÃ©publique de BiÃ©lorussie
     got: République de Biélorussie
 ; [cca2=BY].translations.hun.common
Expected: FehÃ©roroszorszÃ¡g
     got: Fehéroroszország
 ; [cca2=BY].translations.hun.official
Expected: FehÃ©rorosz KÃ¶ztÃ¡rsasÃ¡g
     got: Fehérorosz Köztársaság
 ; [cca2=BY].translations.jpn.common
Expected: ãƒ™ãƒ©ãƒ«ãƒ¼ã‚·
     got: ?????
 ; [cca2=BY].translations.jpn.official
Expected: ãƒ™ãƒ©ãƒ«ãƒ¼ã‚·å…±å’Œå›½
     got: ????????
 ; [cca2=BY].translations.kor.common
Expected: ë²¨ë?¼ë£¨ìŠ¤
     got: ????
 ; [cca2=BY].translations.kor.official
Expected: ë²¨ë?¼ë£¨ìŠ¤ ê³µí™”êµ­
     got: ???? ???
 ; [cca2=BY].translations.per.common
Expected: Ø¨Ù„Ø§Ø±ÙˆØ³
     got: ??????
 ; [cca2=BY].translations.per.official
Expected: Ø¬Ù…Ù‡ÙˆØ±ÛŒ Ø¨Ù„Ø§Ø±ÙˆØ³
     got: ?????? ??????
 ; [cca2=BY].translations.pol.common
Expected: BiaÅ‚oruÅ›
     got: Bia?oru?
 ; [cca2=BY].translations.pol.official
Expected: Republika BiaÅ‚orusi
     got: Republika Bia?orusi
 ; [cca2=BY].translations.por.common
Expected: BielorÃºssia
     got: Bielorússia
 ; [cca2=BY].translations.por.official
Expected: RepÃºblica da BielorrÃºssia
     got: República da Bielorrússia
 ; [cca2=BY].translations.rus.common
Expected: Ð‘ÐµÐ»Ð°Ñ€ÑƒÑ?ÑŒ
     got: ????????
 ; [cca2=BY].translations.rus.official
Expected: Ð ÐµÑ?Ð¿ÑƒÐ±Ð»Ð¸ÐºÐ° Ð‘ÐµÐ»Ð°Ñ€ÑƒÑ?ÑŒ
     got: ?????????? ????????
 ; [cca2=BY].translations.slk.official
Expected: BieloruskÃ¡ republika
     got: Bieloruská republika
 ; [cca2=BY].translations.spa.official
Expected: RepÃºblica de BelarÃºs
     got: República de Belarús
 ; [cca2=BY].translations.srp.common
Expected: Ð‘ÐµÐ»Ð¾Ñ€ÑƒÑ?Ð¸Ñ˜Ð°
     got: ??????????
 ; [cca2=BY].translations.srp.official
Expected: Ð ÐµÐ¿ÑƒÐ±Ð»Ð¸ÐºÐ° Ð‘ÐµÐ»Ð¾Ñ€ÑƒÑ?Ð¸Ñ˜Ð°
     got: ????????? ??????????
 ; [cca2=BY].translations.urd.common
Expected: Ø¨ÛŒÙ„Ø§Ø±ÙˆØ³
     got: ???????
 ; [cca2=BY].translations.urd.official
Expected: Ø¬Ù…Û?ÙˆØ±ÛŒÛ? Ø¨ÛŒÙ„Ø§Ø±ÙˆØ³
     got: ??????? ???????
 ; [cca2=BY].translations.zho.common
Expected: ç™½ä¿„ç½—æ–¯
     got: ????
 ; [cca2=BY].translations.zho.official
Expected: ç™½ä¿„ç½—æ–¯å…±å’Œå›½
     got: ???????
 ; [cca2=BZ].demonyms.fra.f
Expected: BÃ©lizienne
     got: Bélizienne
 ; [cca2=BZ].demonyms.fra.m
Expected: BÃ©lizien
     got: Bélizien
 ; [cca2=BZ].flag
Expected: ðŸ‡§ðŸ‡¿
     got: ??
 ; [cca2=BZ].translations.ara.common
Expected: Ø¨Ù„ÙŠØ²
     got: ????
 ; [cca2=BZ].translations.ara.official
Expected: Ø¨Ù„ÙŠØ²
     got: ????
 ; [cca2=BZ].translations.cym.common
Expected: BelÃ®s
     got: Belîs
 ; [cca2=BZ].translations.cym.official
Expected: BelÃ®s
     got: Belîs
 ; [cca2=BZ].translations.jpn.common
Expected: ãƒ™ãƒªãƒ¼ã‚º
     got: ????
 ; [cca2=BZ].translations.jpn.official
Expected: ãƒ™ãƒªãƒ¼ã‚º
     got: ????
 ; [cca2=BZ].translations.kor.common
Expected: ë²¨ë¦¬ì¦ˆ
     got: ???
 ; [cca2=BZ].translations.kor.official
Expected: ë²¨ë¦¬ì¦ˆ
     got: ???
 ; [cca2=BZ].translations.per.common
Expected: Ø¨Ù„ÛŒØ²
     got: ????
 ; [cca2=BZ].translations.per.official
Expected: Ø¨Ù„ÛŒØ²
     got: ????
 ; [cca2=BZ].translations.rus.common
Expected: Ð‘ÐµÐ»Ð¸Ð·
     got: ?????
 ; [cca2=BZ].translations.rus.official
Expected: Ð‘ÐµÐ»Ð¸Ð·
     got: ?????
 ; [cca2=BZ].translations.srp.common
Expected: Ð‘ÐµÐ»Ð¸Ð·Ðµ
     got: ??????
 ; [cca2=BZ].translations.srp.official
Expected: Ð‘ÐµÐ»Ð¸Ð·Ðµ
     got: ??????
 ; [cca2=BZ].translations.urd.common
Expected: Ø¨ÛŒÙ„ÛŒØ²
     got: ?????
 ; [cca2=BZ].translations.urd.official
Expected: Ø¨ÛŒÙ„ÛŒØ²
     got: ?????
 ; [cca2=BZ].translations.zho.common
Expected: ä¼¯åˆ©å…¹
     got: ???
 ; [cca2=BZ].translations.zho.official
Expected: ä¼¯åˆ©å…¹
     got: ???
 ; [cca2=SK].altSpellings[]
Expected: SlovenskÃ¡ republika
     but none found
 ; [cca2=SK].altSpellings[]
Unexpected: Slovenská republika
 ; [cca2=SK].currencies.EUR.symbol
Expected: â‚¬
     got: €
 ; [cca2=SK].flag
Expected: ðŸ‡¸ðŸ‡°
     got: ??
 ; [cca2=SK].name.nativeName.slk.official
Expected: SlovenskÃ¡ republika
     got: Slovenská republika
 ; [cca2=SK].translations.ara.common
Expected: Ø³Ù„ÙˆÙ?Ø§ÙƒÙŠØ§
     got: ????????
 ; [cca2=SK].translations.ara.official
Expected: Ø¬Ù…Ù‡ÙˆØ±ÙŠØ© Ø³Ù„ÙˆÙ?Ø§ÙƒÙŠØ§
     got: ??????? ????????
 ; [cca2=SK].translations.ces.official
Expected: SlovenskÃ¡ republika
     got: Slovenská republika
 ; [cca2=SK].translations.fra.official
Expected: RÃ©publique slovaque
     got: République slovaque
 ; [cca2=SK].translations.hrv.common
Expected: SlovaÄ?ka
     got: Slova?ka
 ; [cca2=SK].translations.hrv.official
Expected: slovaÄ?ka
     got: slova?ka
 ; [cca2=SK].translations.hun.common
Expected: SzlovÃ¡kia
     got: Szlovákia
 ; [cca2=SK].translations.hun.official
Expected: SzlovÃ¡k KÃ¶ztÃ¡rsasÃ¡g
     got: Szlovák Köztársaság
 ; [cca2=SK].translations.jpn.common
Expected: ã‚¹ãƒ­ãƒ?ã‚­ã‚¢
     got: ?????
 ; [cca2=SK].translations.jpn.official
Expected: ã‚¹ãƒ­ãƒ?ã‚­ã‚¢å…±å’Œå›½
     got: ????????
 ; [cca2=SK].translations.kor.common
Expected: ìŠ¬ë¡œë°”í‚¤ì•„
     got: ?????
 ; [cca2=SK].translations.kor.official
Expected: ìŠ¬ë¡œë°”í‚¤ì•„ ê³µí™”êµ­
     got: ????? ???
 ; [cca2=SK].translations.per.common
Expected: Ø§Ù?Ø³Ù„Ù?ÙˆØ§Ú©ÛŒ
     got: ?????????
 ; [cca2=SK].translations.per.official
Expected: Ø¬Ù…Ù‡ÙˆØ±ÛŒ Ø§Ø³Ù„ÙˆØ§Ú©ÛŒ
     got: ?????? ???????
 ; [cca2=SK].translations.pol.common
Expected: SÅ‚owacja
     got: S?owacja
 ; [cca2=SK].translations.pol.official
Expected: Republika SÅ‚owacka
     got: Republika S?owacka
 ; [cca2=SK].translations.por.common
Expected: EslovÃ¡quia
     got: Eslováquia
 ; [cca2=SK].translations.por.official
Expected: RepÃºblica Eslovaca
     got: República Eslovaca
 ; [cca2=SK].translations.rus.common
Expected: Ð¡Ð»Ð¾Ð²Ð°ÐºÐ¸Ñ?
     got: ????????
 ; [cca2=SK].translations.rus.official
Expected: Ð¡Ð»Ð¾Ð²Ð°Ñ†ÐºÐ°Ñ? Ð ÐµÑ?Ð¿ÑƒÐ±Ð»Ð¸ÐºÐ°
     got: ????????? ??????????
 ; [cca2=SK].translations.slk.official
Expected: SlovenskÃ¡ republika
     got: Slovenská republika
 ; [cca2=SK].translations.spa.common
Expected: RepÃºblica Eslovaca
     got: República Eslovaca
 ; [cca2=SK].translations.spa.official
Expected: RepÃºblica Eslovaca
     got: República Eslovaca
 ; [cca2=SK].translations.srp.common
Expected: Ð¡Ð»Ð¾Ð²Ð°Ñ‡ÐºÐ°
     got: ????????
 ; [cca2=SK].translations.srp.official
Expected: Ð¡Ð»Ð¾Ð²Ð°Ñ‡ÐºÐ° Ð ÐµÐ¿ÑƒÐ±Ð»Ð¸ÐºÐ°
     got: ???????? ?????????
 ; [cca2=SK].translations.urd.common
Expected: Ø³Ù„ÙˆÙˆØ§Ú©ÛŒÛ?
     got: ????????
 ; [cca2=SK].translations.urd.official
Expected: Ø¬Ù…Û?ÙˆØ±ÛŒÛ? Ø³Ù„ÙˆÙˆØ§Ú©ÛŒÛ?
     got: ??????? ????????
 ; [cca2=SK].translations.zho.common
Expected: æ–¯æ´›ä¼?å…‹
     got: ????
 ; [cca2=SK].translations.zho.official
Expected: æ–¯æ´›ä¼?å…‹å…±å’Œå›½
     got: ???????
 ; [cca2=SL].flag
Expected: ðŸ‡¸ðŸ‡±
     got: ??
 ; [cca2=SL].translations.ara.common
Expected: Ø³ÙŠØ±Ø§Ù„ÙŠÙˆÙ†
     got: ????????
 ; [cca2=SL].translations.ara.official
Expected: Ø¬Ù…Ù‡ÙˆØ±ÙŠØ© Ø³ÙŠØ±Ø§Ù„ÙŠÙˆÙ†
     got: ??????? ????????
 ; [cca2=SL].translations.fra.official
Expected: RÃ©publique de Sierra Leone
     got: République de Sierra Leone
 ; [cca2=SL].translations.hun.official
Expected: Sierra Leone KÃ¶ztÃ¡rsasÃ¡g
     got: Sierra Leone Köztársaság
 ; [cca2=SL].translations.jpn.common
Expected: ã‚·ã‚¨ãƒ©ãƒ¬ã‚ªãƒ?
     got: ??????
 ; [cca2=SL].translations.jpn.official
Expected: ã‚·ã‚¨ãƒ©ãƒ¬ã‚ªãƒ?å…±å’Œå›½
     got: ?????????
 ; [cca2=SL].translations.kor.common
Expected: ì‹œì—?ë?¼ë¦¬ì˜¨
     got: ?????
 ; [cca2=SL].translations.kor.official
Expected: ì‹œì—?ë?¼ë¦¬ì˜¨ ê³µí™”êµ­
     got: ????? ???
 ; [cca2=SL].translations.per.common
Expected: Ø³ÛŒØ±Ø§Ù„Ø¦ÙˆÙ†
     got: ????????
 ; [cca2=SL].translations.per.official
Expected: Ø¬Ù…Ù‡ÙˆØ±ÛŒ Ø³ÛŒØ±Ø§Ù„Ø¦ÙˆÙ†
     got: ?????? ????????
 ; [cca2=SL].translations.por.official
Expected: RepÃºblica da Serra Leoa
     got: República da Serra Leoa
 ; [cca2=SL].translations.rus.common
Expected: Ð¡ÑŒÐµÑ€Ñ€Ð°-Ð›ÐµÐ¾Ð½Ðµ
     got: ??????-?????
 ; [cca2=SL].translations.rus.official
Expected: Ð ÐµÑ?Ð¿ÑƒÐ±Ð»Ð¸ÐºÐ° Ð¡ÑŒÐµÑ€Ñ€Ð°-Ð›ÐµÐ¾Ð½Ðµ
     got: ?????????? ??????-?????
 ; [cca2=SL].translations.slk.official
Expected: SierraleonskÃ¡ republika
     got: Sierraleonská republika
 ; [cca2=SL].translations.spa.official
Expected: RepÃºblica de Sierra Leona
     got: República de Sierra Leona
 ; [cca2=SL].translations.srp.common
Expected: Ð¡Ð¸Ñ˜ÐµÑ€Ð° Ð›ÐµÐ¾Ð½Ðµ
     got: ?????? ?????
 ; [cca2=SL].translations.srp.official
Expected: Ð ÐµÐ¿ÑƒÐ±Ð»Ð¸ÐºÐ° Ð¡Ð¸Ñ˜ÐµÑ€Ð° Ð›ÐµÐ¾Ð½Ðµ
     got: ????????? ?????? ?????
 ; [cca2=SL].translations.urd.common
Expected: Ø³ÛŒØ±Ø§Ù„ÛŒÙˆÙ†
     got: ????????
 ; [cca2=SL].translations.urd.official
Expected: Ø¬Ù…Û?ÙˆØ±ÛŒÛ? Ø³ÛŒØ±Ø§Ù„ÛŒÙˆÙ†
     got: ??????? ????????
 ; [cca2=SL].translations.zho.common
Expected: å¡žæ‹‰åˆ©æ˜‚
     got: ????
 ; [cca2=SL].translations.zho.official
Expected: å¡žæ‹‰åˆ©æ˜‚å…±å’Œå›½
     got: ???????
 ; [cca2=SM].currencies.EUR.symbol
Expected: â‚¬
     got: €
 ; [cca2=SM].flag
Expected: ðŸ‡¸ðŸ‡²
     got: ??
 ; [cca2=SM].translations.ara.common
Expected: Ø³Ø§Ù† Ù…Ø§Ø±ÙŠÙ†Ùˆ
     got: ??? ??????
 ; [cca2=SM].translations.ara.official
Expected: Ø¬Ù…Ù‡ÙˆØ±ÙŠØ© Ø³Ø§Ù† Ù…Ø§Ø±ÙŠÙ†Ùˆ
     got: ??????? ??? ??????
 ; [cca2=SM].translations.fra.official
Expected: RÃ©publique de Saint-Marin
     got: République de Saint-Marin
 ; [cca2=SM].translations.hrv.official
Expected: VeÄ‡ina Serene Republika San Marino
     got: Ve?ina Serene Republika San Marino
 ; [cca2=SM].translations.hun.official
Expected: San Marino KÃ¶ztÃ¡rsasÃ¡g
     got: San Marino Köztársaság
 ; [cca2=SM].translations.jpn.common
Expected: ã‚µãƒ³ãƒžãƒªãƒŽ
     got: ?????
 ; [cca2=SM].translations.jpn.official
Expected: ã‚µãƒ³ãƒžãƒªãƒŽã?®ã?»ã?¨ã‚“ã?©ã‚»ãƒªãƒ¼ãƒŒå…±å’Œå›½
     got: ?????????????????
 ; [cca2=SM].translations.kor.common
Expected: ì‚°ë§ˆë¦¬ë…¸
     got: ????
 ; [cca2=SM].translations.kor.official
Expected: ì‚°ë§ˆë¦¬ë…¸ ê³µí™”êµ­
     got: ???? ???
 ; [cca2=SM].translations.per.common
Expected: Ø³Ø§Ù† Ù…Ø§Ø±ÛŒÙ†Ùˆ
     got: ??? ??????
 ; [cca2=SM].translations.per.official
Expected: Ø¬Ù…Ù‡ÙˆØ±ÛŒ Ø³Ø§Ù† Ù…Ø§Ø±ÛŒÙ†Ùˆ
     got: ?????? ??? ??????
 ; [cca2=SM].translations.por.official
Expected: SerenÃ­ssima RepÃºblica de San Marino
     got: Sereníssima República de San Marino
 ; [cca2=SM].translations.rus.common
Expected: Ð¡Ð°Ð½-ÐœÐ°Ñ€Ð¸Ð½Ð¾
     got: ???-??????
 ; [cca2=SM].translations.rus.official
Expected: Ð‘Ð¾Ð»ÑŒÑˆÐ¸Ð½Ñ?Ñ‚Ð²Ð¾ Serene Ð ÐµÑ?Ð¿ÑƒÐ±Ð»Ð¸ÐºÐ° Ð¡Ð°Ð½-ÐœÐ°Ñ€Ð¸Ð½Ð¾
     got: ??????????? Serene ?????????? ???-??????
 ; [cca2=SM].translations.slk.common
Expected: San MarÃ­no
     got: San Maríno
 ; [cca2=SM].translations.slk.official
Expected: SanmarÃ­nska republika
     got: Sanmarínska republika
 ; [cca2=SM].translations.spa.official
Expected: SerenÃ­sima RepÃºblica de San Marino
     got: Serenísima República de San Marino
 ; [cca2=SM].translations.srp.common
Expected: Ð¡Ð°Ð½ ÐœÐ°Ñ€Ð¸Ð½Ð¾
     got: ??? ??????
 ; [cca2=SM].translations.srp.official
Expected: Ð?Ð°Ñ˜ÑƒÐ·Ð²Ð¸ÑˆÐµÐ½Ð¸Ñ˜Ð° Ð ÐµÐ¿ÑƒÐ±Ð»Ð¸ÐºÐ° Ð¡Ð°Ð½ ÐœÐ°Ñ€Ð¸Ð½Ð¾
     got: ????????????? ????????? ??? ??????
 ; [cca2=SM].translations.urd.common
Expected: Ø³Ø§Ù† Ù…Ø§Ø±ÛŒÙ†Ùˆ
     got: ??? ??????
 ; [cca2=SM].translations.urd.official
Expected: Ø¬Ù…Û?ÙˆØ±ÛŒÛ? Ø³Ø§Ù† Ù…Ø§Ø±ÛŒÙ†Ùˆ
     got: ??????? ??? ??????
 ; [cca2=SM].translations.zho.common
Expected: åœ£é©¬åŠ›è¯º
     got: ????
 ; [cca2=SM].translations.zho.official
Expected: åœ£é©¬åŠ›è¯ºå…±å’Œå›½
     got: ???????
 ; [cca2=SN].altSpellings[]
Expected: RÃ©publique du SÃ©nÃ©gal
     but none found
 ; [cca2=SN].altSpellings[]
Unexpected: République du Sénégal
 ; [cca2=SN].demonyms.fra.f
Expected: SÃ©nÃ©galaise
     got: Sénégalaise
 ; [cca2=SN].demonyms.fra.m
Expected: SÃ©nÃ©galais
     got: Sénégalais
 ; [cca2=SN].flag
Expected: ðŸ‡¸ðŸ‡³
     got: ??
 ; [cca2=SN].name.nativeName.fra.common
Expected: SÃ©nÃ©gal
     got: Sénégal
 ; [cca2=SN].name.nativeName.fra.official
Expected: RÃ©publique du SÃ©nÃ©gal
     got: République du Sénégal
 ; [cca2=SN].translations.ara.common
Expected: Ø§Ù„Ø³Ù†ØºØ§Ù„
     got: ???????
 ; [cca2=SN].translations.ara.official
Expected: Ø¬Ù…Ù‡ÙˆØ±ÙŠØ© Ø§Ù„Ø³Ù†ØºØ§Ù„
     got: ??????? ???????
 ; [cca2=SN].translations.ces.official
Expected: SenegalskÃ¡ republika
     got: Senegalská republika
 ; [cca2=SN].translations.fra.common
Expected: SÃ©nÃ©gal
     got: Sénégal
 ; [cca2=SN].translations.fra.official
Expected: RÃ©publique du SÃ©nÃ©gal
     got: République du Sénégal
 ; [cca2=SN].translations.hun.common
Expected: SzenegÃ¡l
     got: Szenegál
 ; [cca2=SN].translations.hun.official
Expected: SzenegÃ¡li KÃ¶ztÃ¡rsasÃ¡g
     got: Szenegáli Köztársaság
 ; [cca2=SN].translations.jpn.common
Expected: ã‚»ãƒ?ã‚¬ãƒ«
     got: ????
 ; [cca2=SN].translations.jpn.official
Expected: ã‚»ãƒ?ã‚¬ãƒ«å…±å’Œå›½
     got: ???????
 ; [cca2=SN].translations.kor.common
Expected: ì„¸ë„¤ê°ˆ
     got: ???
 ; [cca2=SN].translations.kor.official
Expected: ì„¸ë„¤ê°ˆ ê³µí™”êµ­
     got: ??? ???
 ; [cca2=SN].translations.per.common
Expected: Ø³Ù†Ú¯Ø§Ù„
     got: ?????
 ; [cca2=SN].translations.per.official
Expected: Ø¬Ù…Ù‡ÙˆØ±ÛŒ Ø³Ù†Ú¯Ø§Ù„
     got: ?????? ?????
 ; [cca2=SN].translations.por.official
Expected: RepÃºblica do Senegal
     got: República do Senegal
 ; [cca2=SN].translations.rus.common
Expected: Ð¡ÐµÐ½ÐµÐ³Ð°Ð»
     got: ???????
 ; [cca2=SN].translations.rus.official
Expected: Ð ÐµÑ?Ð¿ÑƒÐ±Ð»Ð¸ÐºÐ° Ð¡ÐµÐ½ÐµÐ³Ð°Ð»
     got: ?????????? ???????
 ; [cca2=SN].translations.slk.official
Expected: SenegalskÃ¡ republika
     got: Senegalská republika
 ; [cca2=SN].translations.spa.official
Expected: RepÃºblica de Senegal
     got: República de Senegal
 ; [cca2=SN].translations.srp.common
Expected: Ð¡ÐµÐ½ÐµÐ³Ð°Ð»
     got: ???????
 ; [cca2=SN].translations.srp.official
Expected: Ð ÐµÐ¿ÑƒÐ±Ð»Ð¸ÐºÐ° Ð¡ÐµÐ½ÐµÐ³Ð°Ð»
     got: ????????? ???????
 ; [cca2=SN].translations.urd.common
Expected: Ø³ÛŒÙ†ÛŒÚ¯Ø§Ù„
     got: ???????
 ; [cca2=SN].translations.urd.official
Expected: Ø¬Ù…Û?ÙˆØ±ÛŒÛ? Ø³ÛŒÙ†ÛŒÚ¯Ø§Ù„
     got: ??????? ???????
 ; [cca2=SN].translations.zho.common
Expected: å¡žå†…åŠ å°”
     got: ????
 ; [cca2=SN].translations.zho.official
Expected: å¡žå†…åŠ å°”å…±å’Œå›½
     got: ???????
 ; [cca2=SO].altSpellings[]
Expected: aá¹£-á¹¢Å«mÄ?l
     but none found
 ; [cca2=SO].altSpellings[]
Expected: JumhÅ«riyyat aá¹£-á¹¢Å«mÄ?l al-FiderÄ?liyya
     but none found
 ; [cca2=SO].altSpellings[]
Unexpected: a?-??m?l
 ; [cca2=SO].altSpellings[]
Unexpected: Jumh?riyyat a?-??m?l al-Fider?liyya
 ; [cca2=SO].flag
Expected: ðŸ‡¸ðŸ‡´
     got: ??
 ; [cca2=SO].name.nativeName.ara.common
Expected: Ø§Ù„ØµÙˆÙ…Ø§Ù„â€Žâ€Ž
     got: ?????????
 ; [cca2=SO].name.nativeName.ara.official
Expected: Ø¬Ù…Ù‡ÙˆØ±ÙŠØ© Ø§Ù„ØµÙˆÙ…Ø§Ù„â€Žâ€Ž
     got: ??????? ?????????
 ; [cca2=SO].translations.ara.common
Expected: Ø§Ù„ØµÙˆÙ…Ø§Ù„
     got: ???????
 ; [cca2=SO].translations.ara.official
Expected: Ø¬Ù…Ù‡ÙˆØ±ÙŠØ© Ø§Ù„ØµÙˆÙ…Ø§Ù„ Ø§Ù„Ù?ÙŠØ¯Ø±Ø§Ù„ÙŠØ©
     got: ??????? ??????? ??????????
 ; [cca2=SO].translations.ces.common
Expected: SomÃ¡lsko
     got: Somálsko
 ; [cca2=SO].translations.ces.official
Expected: SomÃ¡lskÃ¡ demokratickÃ¡ republika
     got: Somálská demokratická republika
 ; [cca2=SO].translations.fra.official
Expected: RÃ©publique fÃ©dÃ©rale de Somalie
     got: République fédérale de Somalie
 ; [cca2=SO].translations.hun.common
Expected: SzomÃ¡lia
     got: Szomália
 ; [cca2=SO].translations.hun.official
Expected: SzomÃ¡li SzÃ¶vetsÃ©gi KÃ¶ztÃ¡rsasÃ¡g
     got: Szomáli Szövetségi Köztársaság
 ; [cca2=SO].translations.jpn.common
Expected: ã‚½ãƒžãƒªã‚¢
     got: ????
 ; [cca2=SO].translations.jpn.official
Expected: ã‚½ãƒžãƒªã‚¢é€£é‚¦å…±å’Œå›½
     got: ?????????
 ; [cca2=SO].translations.kor.common
Expected: ì†Œë§?ë¦¬ì•„
     got: ????
 ; [cca2=SO].translations.kor.official
Expected:  ì†Œë§?ë¦¬ì•„ ì—°ë°© ê³µí™”êµ­
     got:  ???? ?? ???
 ; [cca2=SO].translations.nld.common
Expected: SomaliÃ«
     got: Somalië
 ; [cca2=SO].translations.nld.official
Expected: Federale Republiek SomaliÃ«
     got: Federale Republiek Somalië
 ; [cca2=SO].translations.per.common
Expected: Ø³ÙˆÙ…Ø§Ù„ÛŒ
     got: ??????
 ; [cca2=SO].translations.per.official
Expected: Ø¬Ù…Ù‡ÙˆØ±ÛŒ Ù?Ø¯Ø±Ø§Ù„ Ø³ÙˆÙ…Ø§Ù„ÛŒ
     got: ?????? ????? ??????
 ; [cca2=SO].translations.por.common
Expected: SomÃ¡lia
     got: Somália
 ; [cca2=SO].translations.por.official
Expected: RepÃºblica Federal da SomÃ¡lia
     got: República Federal da Somália
 ; [cca2=SO].translations.rus.common
Expected: Ð¡Ð¾Ð¼Ð°Ð»Ð¸
     got: ??????
 ; [cca2=SO].translations.rus.official
Expected: Ð¤ÐµÐ´ÐµÑ€Ð°Ñ‚Ð¸Ð²Ð½Ð°Ñ? Ð ÐµÑ?Ð¿ÑƒÐ±Ð»Ð¸ÐºÐ° Ð¡Ð¾Ð¼Ð°Ð»Ð¸
     got: ???????????? ?????????? ??????
 ; [cca2=SO].translations.slk.common
Expected: SomÃ¡lsko
     got: Somálsko
 ; [cca2=SO].translations.slk.official
Expected: SomÃ¡lska federatÃ­vna republika
     got: Somálska federatívna republika
 ; [cca2=SO].translations.spa.official
Expected: RepÃºblica Federal de Somalia
     got: República Federal de Somalia
 ; [cca2=SO].translations.srp.common
Expected: Ð¡Ð¾Ð¼Ð°Ð»Ð¸Ñ˜Ð°
     got: ????????
 ; [cca2=SO].translations.srp.official
Expected: Ð¡Ð°Ð²ÐµÐ·Ð½Ð° Ð ÐµÐ¿ÑƒÐ±Ð»Ð¸ÐºÐ° Ð¡Ð¾Ð¼Ð°Ð»Ð¸Ñ˜Ð°
     got: ??????? ????????? ????????
 ; [cca2=SO].translations.swe.official
Expected: FÃ¶rbundsrepubliken Somalia
     got: Förbundsrepubliken Somalia
 ; [cca2=SO].translations.urd.common
Expected: ØµÙˆÙ…Ø§Ù„ÛŒÛ?
     got: ???????
 ; [cca2=SO].translations.urd.official
Expected: ÙˆÙ?Ø§Ù‚ÛŒ Ø¬Ù…Û?ÙˆØ±ÛŒÛ? ØµÙˆÙ…Ø§Ù„ÛŒÛ?
     got: ????? ??????? ???????
 ; [cca2=SO].translations.zho.common
Expected: ç´¢é©¬é‡Œ
     got: ???
 ; [cca2=SO].translations.zho.official
Expected: ç´¢é©¬é‡Œå…±å’Œå›½
     got: ??????
 ; [cca2=CA].flag
Expected: ðŸ‡¨ðŸ‡¦
     got: ??
 ; [cca2=CA].translations.ara.common
Expected: ÙƒÙ†Ø¯Ø§
     got: ????
 ; [cca2=CA].translations.ara.official
Expected: ÙƒÙ†Ø¯Ø§
     got: ????
 ; [cca2=CA].translations.jpn.common
Expected: ã‚«ãƒŠãƒ€
     got: ???
 ; [cca2=CA].translations.jpn.official
Expected: ã‚«ãƒŠãƒ€
     got: ???
 ; [cca2=CA].translations.kor.common
Expected: ìº?ë‚˜ë‹¤
     got: ???
 ; [cca2=CA].translations.kor.official
Expected: ìº?ë‚˜ë‹¤
     got: ???
 ; [cca2=CA].translations.per.common
Expected: Ú©Ø§Ù†Ø§Ø¯Ø§
     got: ??????
 ; [cca2=CA].translations.per.official
Expected: Ú©Ø§Ù†Ø§Ø¯Ø§
     got: ??????
 ; [cca2=CA].translations.por.common
Expected: CanadÃ¡
     got: Canadá
 ; [cca2=CA].translations.por.official
Expected: CanadÃ¡
     got: Canadá
 ; [cca2=CA].translations.rus.common
Expected: ÐšÐ°Ð½Ð°Ð´Ð°
     got: ??????
 ; [cca2=CA].translations.rus.official
Expected: ÐšÐ°Ð½Ð°Ð´Ð°
     got: ??????
 ; [cca2=CA].translations.spa.common
Expected: CanadÃ¡
     got: Canadá
 ; [cca2=CA].translations.spa.official
Expected: CanadÃ¡
     got: Canadá
 ; [cca2=CA].translations.srp.common
Expected: ÐšÐ°Ð½Ð°Ð´Ð°
     got: ??????
 ; [cca2=CA].translations.srp.official
Expected: ÐšÐ°Ð½Ð°Ð´Ð°
     got: ??????
 ; [cca2=CA].translations.urd.common
Expected: Ú©ÛŒÙ†ÛŒÚˆØ§
     got: ??????
 ; [cca2=CA].translations.urd.official
Expected: Ú©ÛŒÙ†ÛŒÚˆØ§
     got: ??????
 ; [cca2=CA].translations.zho.common
Expected: åŠ æ‹¿å¤§
     got: ???
 ; [cca2=CA].translations.zho.official
Expected: åŠ æ‹¿å¤§
     got: ???
 ; [cca2=SR].flag
Expected: ðŸ‡¸ðŸ‡·
     got: ??
 ; [cca2=SR].translations.ara.common
Expected: Ø³ÙˆØ±ÙŠÙ†Ø§Ù…
     got: ???????
 ; [cca2=SR].translations.ara.official
Expected: Ø¬Ù…Ù‡ÙˆØ±ÙŠØ© Ø³ÙˆØ±ÙŠÙ†Ø§Ù…
     got: ??????? ???????
 ; [cca2=SR].translations.fra.official
Expected: RÃ©publique du Suriname
     got: République du Suriname
 ; [cca2=SR].translations.hun.official
Expected: Suriname KÃ¶ztÃ¡rsasÃ¡g
     got: Suriname Köztársaság
 ; [cca2=SR].translations.jpn.common
Expected: ã‚¹ãƒªãƒŠãƒ 
     got: ????
 ; [cca2=SR].translations.jpn.official
Expected: ã‚¹ãƒªãƒŠãƒ å…±å’Œå›½
     got: ???????
 ; [cca2=SR].translations.kor.common
Expected: ìˆ˜ë¦¬ë‚¨
     got: ???
 ; [cca2=SR].translations.kor.official
Expected: ìˆ˜ë¦¬ë‚¨ ê³µí™”êµ­
     got: ??? ???
 ; [cca2=SR].translations.per.common
Expected: Ø³ÙˆØ±ÛŒÙ†Ø§Ù…
     got: ???????
 ; [cca2=SR].translations.per.official
Expected: Ø¬Ù…Ù‡ÙˆØ±ÛŒ Ø³ÙˆØ±ÛŒÙ†Ø§Ù…
     got: ?????? ???????
 ; [cca2=SR].translations.por.official
Expected: RepÃºblica do Suriname
     got: República do Suriname
 ; [cca2=SR].translations.rus.common
Expected: Ð¡ÑƒÑ€Ð¸Ð½Ð°Ð¼
     got: ???????
 ; [cca2=SR].translations.rus.official
Expected: Ð ÐµÑ?Ð¿ÑƒÐ±Ð»Ð¸ÐºÐ° Ð¡ÑƒÑ€Ð¸Ð½Ð°Ð¼
     got: ?????????? ???????
 ; [cca2=SR].translations.slk.official
Expected: SurinamskÃ¡ republika
     got: Surinamská republika
 ; [cca2=SR].translations.spa.official
Expected: RepÃºblica de Suriname
     got: República de Suriname
 ; [cca2=SR].translations.srp.common
Expected: Ð¡ÑƒÑ€Ð¸Ð½Ð°Ð¼
     got: ???????
 ; [cca2=SR].translations.srp.official
Expected: Ð ÐµÐ¿ÑƒÐ±Ð»Ð¸ÐºÐ° Ð¡ÑƒÑ€Ð¸Ð½Ð°Ð¼
     got: ????????? ???????
 ; [cca2=SR].translations.urd.common
Expected: Ø³Ø±ÛŒÙ†Ø§Ù…
     got: ??????
 ; [cca2=SR].translations.urd.official
Expected: Ø¬Ù…Û?ÙˆØ±ÛŒÛ? Ø³Ø±ÛŒÙ†Ø§Ù…
     got: ??????? ??????
 ; [cca2=SR].translations.zho.common
Expected: è‹?é‡Œå?—
     got: ???
 ; [cca2=SR].translations.zho.official
Expected: è‹?é‡Œå?—å…±å’Œå›½
     got: ??????
 ; [cca2=CC].flag
Expected: ðŸ‡¨ðŸ‡¨
     got: ??
 ; [cca2=CC].translations.ara.common
Expected: Ø¬Ø²Ø± ÙƒÙˆÙƒÙˆØ³
     got: ??? ?????
 ; [cca2=CC].translations.ara.official
Expected: Ø¥Ù‚Ù„ÙŠÙ… Ø¬Ø²Ø± ÙƒÙˆÙƒÙˆØ³
     got: ????? ??? ?????
 ; [cca2=CC].translations.ces.common
Expected: KokosovÃ© ostrovy
     got: Kokosové ostrovy
 ; [cca2=CC].translations.ces.official
Expected: KokosovÃ© ostrovy
     got: Kokosové ostrovy
 ; [cca2=CC].translations.fra.common
Expected: ÃŽles Cocos
     got: Îles Cocos
 ; [cca2=CC].translations.fra.official
Expected: Territoire des Ã®les Cocos (Keeling)
     got: Territoire des îles Cocos (Keeling)
 ; [cca2=CC].translations.hun.common
Expected: KÃ³kusz-szigetek
     got: Kókusz-szigetek
 ; [cca2=CC].translations.hun.official
Expected: KÃ³kusz-szigetek
     got: Kókusz-szigetek
 ; [cca2=CC].translations.jpn.common
Expected: ã‚³ã‚³ã‚¹ï¼ˆã‚­ãƒ¼ãƒªãƒ³ã‚°ï¼‰è«¸å³¶
     got: ????????????
 ; [cca2=CC].translations.jpn.official
Expected: ã‚³ã‚³ã‚¹è«¸å³¶ã?®é ˜åœŸ
     got: ????????
 ; [cca2=CC].translations.kor.common
Expected: ì½”ì½”ìŠ¤ ì œë?„
     got: ??? ??
 ; [cca2=CC].translations.kor.official
Expected: ì½”ì½”ìŠ¤ ì œë?„
     got: ??? ??
 ; [cca2=CC].translations.per.common
Expected: Ø¬Ø²Ø§ÛŒØ± Ú©ÙˆÚ©ÙˆØ³
     got: ????? ?????
 ; [cca2=CC].translations.per.official
Expected: Ø¬Ø²Ø§ÛŒØ± Ú©ÙˆÚ©ÙˆØ³
     got: ????? ?????
 ; [cca2=CC].translations.por.official
Expected: TerritÃ³rio dos Cocos (Keeling)
     got: Território dos Cocos (Keeling)
 ; [cca2=CC].translations.rus.common
Expected: ÐšÐ¾ÐºÐ¾Ñ?Ð¾Ð²Ñ‹Ðµ Ð¾Ñ?Ñ‚Ñ€Ð¾Ð²Ð°
     got: ????????? ???????
 ; [cca2=CC].translations.rus.official
Expected: Ð¢ÐµÑ€Ñ€Ð¸Ñ‚Ð¾Ñ€Ð¸Ñ? ÐšÐ¾ÐºÐ¾Ñ?Ð¾Ð²Ñ‹Ðµ (ÐšÐ¸Ð»Ð¸Ð½Ð³) Ð¾Ñ?Ñ‚Ñ€Ð¾Ð²Ð°
     got: ?????????? ????????? (??????) ???????
 ; [cca2=CC].translations.slk.common
Expected: KokosovÃ© ostrovy
     got: Kokosové ostrovy
 ; [cca2=CC].translations.slk.official
Expected: KokosovÃ© ostrovy
     got: Kokosové ostrovy
 ; [cca2=CC].translations.srp.common
Expected: ÐšÐ¾ÐºÐ¾Ñ?Ð¾Ð²Ð° ÐžÑ?Ñ‚Ñ€Ð²Ð°
     got: ???????? ??????
 ; [cca2=CC].translations.srp.official
Expected: ÐšÐ¾ÐºÐ¾Ñ?Ð¾Ð²Ð° (ÐšÐ¸Ð»Ð¸Ð½Ð³) ÐžÑ?Ñ‚Ñ€Ð²Ð°
     got: ???????? (??????) ??????
 ; [cca2=CC].translations.swe.common
Expected: KokosÃ¶arna
     got: Kokosöarna
 ; [cca2=CC].translations.swe.official
Expected: KokosÃ¶arna
     got: Kokosöarna
 ; [cca2=CC].translations.tur.common
Expected: Cocos (Keeling) AdalarÄ±
     got: Cocos (Keeling) Adalar?
 ; [cca2=CC].translations.tur.official
Expected: Cocos (Keeling) AdalarÄ±
     got: Cocos (Keeling) Adalar?
 ; [cca2=CC].translations.urd.common
Expected: Ø¬Ø²Ø§Ø¦Ø± Ú©ÙˆÚ©ÙˆØ³
     got: ????? ?????
 ; [cca2=CC].translations.urd.official
Expected: Ø¬Ø²Ø§Ø¦Ø± (Ú©ÛŒÙ„Ù†Ú¯) Ú©ÙˆÚ©ÙˆØ³
     got: ????? (?????) ?????
 ; [cca2=CC].translations.zho.common
Expected: ç§‘ç§‘æ–¯
     got: ???
 ; [cca2=CC].translations.zho.official
Expected: ç§‘ç§‘æ–¯
     got: ???
 ; [cca2=SS].currencies.SSP.symbol
Expected: Â£
     got: £
 ; [cca2=SS].flag
Expected: ðŸ‡¸ðŸ‡¸
     got: ??
 ; [cca2=SS].translations.ara.common
Expected: Ø¬Ù†ÙˆØ¨ Ø§Ù„Ø³ÙˆØ¯Ø§Ù†
     got: ???? ???????
 ; [cca2=SS].translations.ara.official
Expected: Ø¬Ù…Ù‡ÙˆØ±ÙŠØ© Ø¬Ù†ÙˆØ¨ Ø§Ù„Ø³ÙˆØ¯Ø§Ù†
     got: ??????? ???? ???????
 ; [cca2=SS].translations.ces.common
Expected: JiÅ¾nÃ­ SÃºdÃ¡n
     got: Jižní Súdán
 ; [cca2=SS].translations.ces.official
Expected: JihosÃºdÃ¡nskÃ¡ republika
     got: Jihosúdánská republika
 ; [cca2=SS].translations.deu.common
Expected: SÃ¼dsudan
     got: Südsudan
 ; [cca2=SS].translations.deu.official
Expected: Republik SÃ¼dsudan
     got: Republik Südsudan
 ; [cca2=SS].translations.est.common
Expected: LÃµuna-Sudaan
     got: Lõuna-Sudaan
 ; [cca2=SS].translations.est.official
Expected: LÃµuna-Sudaani Vabariik
     got: Lõuna-Sudaani Vabariik
 ; [cca2=SS].translations.fin.common
Expected: EtelÃ¤-Sudan
     got: Etelä-Sudan
 ; [cca2=SS].translations.fin.official
Expected: EtelÃ¤-Sudanin tasavalta
     got: Etelä-Sudanin tasavalta
 ; [cca2=SS].translations.fra.official
Expected: RÃ©publique du Soudan du Sud
     got: République du Soudan du Sud
 ; [cca2=SS].translations.hrv.common
Expected: JuÅ¾ni Sudan
     got: Južni Sudan
 ; [cca2=SS].translations.hrv.official
Expected: Republika JuÅ¾ni Sudan
     got: Republika Južni Sudan
 ; [cca2=SS].translations.hun.common
Expected: DÃ©l-SzudÃ¡n
     got: Dél-Szudán
 ; [cca2=SS].translations.hun.official
Expected: DÃ©l-szudÃ¡ni KÃ¶ztÃ¡rsasÃ¡g
     got: Dél-szudáni Köztársaság
 ; [cca2=SS].translations.jpn.common
Expected: å?—ã‚¹ãƒ¼ãƒ€ãƒ³
     got: ?????
 ; [cca2=SS].translations.jpn.official
Expected: å?—ã‚¹ãƒ¼ãƒ€ãƒ³å…±å’Œå›½
     got: ????????
 ; [cca2=SS].translations.kor.common
Expected: ë‚¨ìˆ˜ë‹¨
     got: ???
 ; [cca2=SS].translations.kor.official
Expected: ë‚¨ìˆ˜ë‹¨ ê³µí™”êµ­
     got: ??? ???
 ; [cca2=SS].translations.per.common
Expected: Ø³ÙˆØ¯Ø§Ù† Ø¬Ù†ÙˆØ¨ÛŒ
     got: ????? ?????
 ; [cca2=SS].translations.per.official
Expected: Ø¬Ù…Ù‡ÙˆØ±ÛŒ Ø³ÙˆØ¯Ø§Ù† Ø¬Ù†ÙˆØ¨ÛŒ
     got: ?????? ????? ?????
 ; [cca2=SS].translations.por.common
Expected: SudÃ£o do Sul
     got: Sudão do Sul
 ; [cca2=SS].translations.por.official
Expected: RepÃºblica do SudÃ£o do Sul
     got: República do Sudão do Sul
 ; [cca2=SS].translations.rus.common
Expected: Ð®Ð¶Ð½Ñ‹Ð¹ Ð¡ÑƒÐ´Ð°Ð½
     got: ????? ?????
 ; [cca2=SS].translations.rus.official
Expected: Ð ÐµÑ?Ð¿ÑƒÐ±Ð»Ð¸ÐºÐ° Ð®Ð¶Ð½Ñ‹Ð¹ Ð¡ÑƒÐ´Ð°Ð½
     got: ?????????? ????? ?????
 ; [cca2=SS].translations.slk.common
Expected: JuÅ¾nÃ½ SudÃ¡n
     got: Južný Sudán
 ; [cca2=SS].translations.slk.official
Expected: JuhosudÃ¡nska republika
     got: Juhosudánska republika
 ; [cca2=SS].translations.spa.common
Expected: SudÃ¡n del Sur
     got: Sudán del Sur
 ; [cca2=SS].translations.spa.official
Expected: RepÃºblica de SudÃ¡n del Sur
     got: República de Sudán del Sur
 ; [cca2=SS].translations.srp.common
Expected: ÐˆÑƒÐ¶Ð½Ð¸ Ð¡ÑƒÐ´Ð°Ð½
     got: ????? ?????
 ; [cca2=SS].translations.srp.official
Expected: Ð ÐµÐ¿ÑƒÐ±Ð»Ð¸ÐºÐ° ÐˆÑƒÐ¶Ð½Ð¸ Ð¡ÑƒÐ´Ð°Ð½
     got: ????????? ????? ?????
 ; [cca2=SS].translations.tur.common
Expected: GÃ¼ney Sudan
     got: Güney Sudan
 ; [cca2=SS].translations.tur.official
Expected: GÃ¼ney Sudan Cumhuriyeti
     got: Güney Sudan Cumhuriyeti
 ; [cca2=SS].translations.urd.common
Expected: Ø¬Ù†ÙˆØ¨ÛŒ Ø³ÙˆÚˆØ§Ù†
     got: ????? ?????
 ; [cca2=SS].translations.urd.official
Expected: Ø¬Ù…Û?ÙˆØ±ÛŒÛ? Ø¬Ù†ÙˆØ¨ÛŒ Ø³ÙˆÚˆØ§Ù†
     got: ??????? ????? ?????
 ; [cca2=SS].translations.zho.common
Expected: å?—è‹?ä¸¹
     got: ???
 ; [cca2=SS].translations.zho.official
Expected: å?—è‹?ä¸¹å…±å’Œå›½
     got: ??????
 ; [cca2=ST].altSpellings[]
Expected: RepÃºblica DemocrÃ¡tica de SÃ£o TomÃ© e PrÃ­ncipe
     but none found
 ; [cca2=ST].altSpellings[]
Expected: Democratic Republic of SÃ£o TomÃ© and PrÃ­ncipe
     but none found
 ; [cca2=ST].altSpellings[]
Unexpected: Democratic Republic of São Tomé and Príncipe
 ; [cca2=ST].altSpellings[]
Unexpected: República Democrática de São Tomé e Príncipe
 ; [cca2=ST].capital[]
Expected: SÃ£o TomÃ©
     but none found
 ; [cca2=ST].capital[]
Unexpected: São Tomé
 ; [cca2=ST].currencies.STN.name
Expected: SÃ£o TomÃ© and PrÃ­ncipe dobra
     got: São Tomé and Príncipe dobra
 ; [cca2=ST].demonyms.fra.f
Expected: SantomÃ©enne
     got: Santoméenne
 ; [cca2=ST].demonyms.fra.m
Expected: SantomÃ©en
     got: Santoméen
 ; [cca2=ST].flag
Expected: ðŸ‡¸ðŸ‡¹
     got: ??
 ; [cca2=ST].name.common
Expected: SÃ£o TomÃ© and PrÃ­ncipe
     got: São Tomé and Príncipe
 ; [cca2=ST].name.nativeName.por.common
Expected: SÃ£o TomÃ© e PrÃ­ncipe
     got: São Tomé e Príncipe
 ; [cca2=ST].name.nativeName.por.official
Expected: RepÃºblica DemocrÃ¡tica do SÃ£o TomÃ© e PrÃ­ncipe
     got: República Democrática do São Tomé e Príncipe
 ; [cca2=ST].name.official
Expected: Democratic Republic of SÃ£o TomÃ© and PrÃ­ncipe
     got: Democratic Republic of São Tomé and Príncipe
 ; [cca2=ST].translations.ara.common
Expected: Ø³Ø§Ùˆ ØªÙˆÙ…ÙŠ ÙˆØ¨Ø±ÙŠÙ†Ø³ÙŠØ¨
     got: ??? ???? ????????
 ; [cca2=ST].translations.ara.official
Expected: Ø¬Ù…Ù‡ÙˆØ±ÙŠØ© Ø³Ø§Ùˆ ØªÙˆÙ…ÙŠ ÙˆØ¨Ø±ÙŠÙ†Ø³ÙŠØ¨ Ø§Ù„Ø¯ÙŠÙ…Ù‚Ø±Ø§Ø·ÙŠØ©
     got: ??????? ??? ???? ???????? ???????????
 ; [cca2=ST].translations.bre.common
Expected: SÃ£o TomÃ© ha PrÃ­ncipe
     got: São Tomé ha Príncipe
 ; [cca2=ST].translations.bre.official
Expected: Republik Demokratel SÃ£o TomÃ© ha PrÃ­ncipe
     got: Republik Demokratel São Tomé ha Príncipe
 ; [cca2=ST].translations.ces.common
Expected: SvatÃ½ TomÃ¡Å¡ a PrincÅ¯v ostrov
     got: Svatý Tomáš a Princ?v ostrov
 ; [cca2=ST].translations.ces.official
Expected: DemokratickÃ¡ republika SvatÃ½ TomÃ¡Å¡ a PrincÅ¯v ostrov
     got: Demokratická republika Svatý Tomáš a Princ?v ostrov
 ; [cca2=ST].translations.cym.common
Expected: SÃ£o TomÃ© and PrÃ­ncipe
     got: São Tomé and Príncipe
 ; [cca2=ST].translations.cym.official
Expected: Democratic Republic of SÃ£o TomÃ© and PrÃ­ncipe
     got: Democratic Republic of São Tomé and Príncipe
 ; [cca2=ST].translations.deu.common
Expected: SÃ£o TomÃ© und PrÃ­ncipe
     got: São Tomé und Príncipe
 ; [cca2=ST].translations.deu.official
Expected: Demokratische Republik SÃ£o TomÃ© und PrÃ­ncipe
     got: Demokratische Republik São Tomé und Príncipe
 ; [cca2=ST].translations.est.common
Expected: SÃ£o TomÃ© ja PrÃ­ncipe
     got: São Tomé ja Príncipe
 ; [cca2=ST].translations.est.official
Expected: SÃ£o TomÃ© ja PrÃ­ncipe Demokraatlik Vabariik
     got: São Tomé ja Príncipe Demokraatlik Vabariik
 ; [cca2=ST].translations.fin.common
Expected: SÃ£o TÃ©me ja PrÃ­ncipe
     got: São Téme ja Príncipe
 ; [cca2=ST].translations.fin.official
Expected: SÃ£o TomÃ© ja PrÃ­ncipen demokraattinen tasavalta
     got: São Tomé ja Príncipen demokraattinen tasavalta
 ; [cca2=ST].translations.fra.common
Expected: SÃ£o TomÃ© et PrÃ­ncipe
     got: São Tomé et Príncipe
 ; [cca2=ST].translations.fra.official
Expected: RÃ©publique dÃ©mocratique de SÃ£o TomÃ© et PrÃ­ncipe
     got: République démocratique de São Tomé et Príncipe
 ; [cca2=ST].translations.hrv.official
Expected: Demokratska Republika SÃ£o Tome i Principe
     got: Demokratska Republika São Tome i Principe
 ; [cca2=ST].translations.hun.common
Expected: SÃ£o TomÃ© Ã©s PrÃ­ncipe
     got: São Tomé és Príncipe
 ; [cca2=ST].translations.hun.official
Expected: SÃ£o TomÃ© Ã©s PrÃ­ncipe Demokratikus KÃ¶ztÃ¡rsasÃ¡g
     got: São Tomé és Príncipe Demokratikus Köztársaság
 ; [cca2=ST].translations.ita.common
Expected: SÃ£o TomÃ© e PrÃ­ncipe
     got: São Tomé e Príncipe
 ; [cca2=ST].translations.ita.official
Expected: Repubblica democratica di SÃ£o TomÃ© e PrÃ­ncipe
     got: Repubblica democratica di São Tomé e Príncipe
 ; [cca2=ST].translations.jpn.common
Expected: ã‚µãƒ³ãƒˆãƒ¡ãƒ»ãƒ—ãƒªãƒ³ã‚·ãƒš
     got: ??????????
 ; [cca2=ST].translations.jpn.official
Expected: ã‚µãƒ³ãƒˆãƒ¡Â·ãƒ—ãƒªãƒ³ã‚·ãƒšæ°‘ä¸»å…±å’Œå›½
     got: ????·??????????
 ; [cca2=ST].translations.kor.common
Expected: ìƒ?íˆ¬ë©” í”„ë¦°ì‹œíŽ˜
     got: ??? ????
 ; [cca2=ST].translations.kor.official
Expected: ìƒ?íˆ¬ë©” í”„ë¦°ì‹œíŽ˜ ë¯¼ì£¼ ê³µí™”êµ­
     got: ??? ???? ?? ???
 ; [cca2=ST].translations.nld.common
Expected: Sao TomÃ© en Principe
     got: Sao Tomé en Principe
 ; [cca2=ST].translations.nld.official
Expected: Democratische Republiek Sao TomÃ© en Principe
     got: Democratische Republiek Sao Tomé en Principe
 ; [cca2=ST].translations.per.common
Expected: Ø³Ø§Ø¦ÙˆØªÙˆÙ…Ù‡ Ùˆ Ù¾Ø±Ù†Ø³ÛŒÙ¾
     got: ???????? ? ??????
 ; [cca2=ST].translations.per.official
Expected: Ø¬Ù…Ù‡ÙˆØ±ÛŒ Ø¯Ù…ÙˆÚ©Ø±Ø§ØªÛŒÚ© Ø³Ø§Ø¦ÙˆØªÙˆÙ…Ù‡ Ùˆ Ù¾Ø±Ù†Ø³ÛŒÙ¾
     got: ?????? ????????? ???????? ? ??????
 ; [cca2=ST].translations.pol.common
Expected: Wyspy ÅšwiÄ™tego Tomasza i KsiÄ…Å¼Ä™ca
     got: Wyspy ?wi?tego Tomasza i Ksi???ca
 ; [cca2=ST].translations.pol.official
Expected: Demokratyczna Republika Wysp ÅšwiÄ™tego Tomasza i KsiÄ…Å¼Ä™cej
     got: Demokratyczna Republika Wysp ?wi?tego Tomasza i Ksi???cej
 ; [cca2=ST].translations.por.common
Expected: SÃ£o TomÃ© e PrÃ­ncipe
     got: São Tomé e Príncipe
 ; [cca2=ST].translations.por.official
Expected: RepÃºblica DemocrÃ¡tica de SÃ£o TomÃ© e PrÃ­ncipe
     got: República Democrática de São Tomé e Príncipe
 ; [cca2=ST].translations.rus.common
Expected: Ð¡Ð°Ð½-Ð¢Ð¾Ð¼Ðµ Ð¸ ÐŸÑ€Ð¸Ð½Ñ?Ð¸Ð¿Ð¸
     got: ???-???? ? ????????
 ; [cca2=ST].translations.rus.official
Expected: Ð”ÐµÐ¼Ð¾ÐºÑ€Ð°Ñ‚Ð¸Ñ‡ÐµÑ?ÐºÐ°Ñ? Ð ÐµÑ?Ð¿ÑƒÐ±Ð»Ð¸ÐºÐ° Ð¡Ð°Ð½-Ð¢Ð¾Ð¼Ðµ Ð¸ ÐŸÑ€Ð¸Ð½Ñ?Ð¸Ð¿Ð¸
     got: ??????????????? ?????????? ???-???? ? ????????
 ; [cca2=ST].translations.slk.common
Expected: SvÃ¤tÃ½ TomÃ¡Å¡ a Princov ostrov
     got: Svätý Tomáš a Princov ostrov
 ; [cca2=ST].translations.slk.official
Expected: DemokratickÃ¡ republika SvÃ¤tÃ©ho TomÃ¡Å¡a A princovho ostrova
     got: Demokratická republika Svätého Tomáša A princovho ostrova
 ; [cca2=ST].translations.spa.common
Expected: Santo TomÃ© y PrÃ­ncipe
     got: Santo Tomé y Príncipe
 ; [cca2=ST].translations.spa.official
Expected: RepÃºblica DemocrÃ¡tica de Santo TomÃ© y PrÃ­ncipe
     got: República Democrática de Santo Tomé y Príncipe
 ; [cca2=ST].translations.srp.common
Expected: Ð¡Ð°Ð¾ Ð¢Ð¾Ð¼Ðµ Ð¸ ÐŸÑ€Ð¸Ð½Ñ?Ð¸Ð¿Ðµ
     got: ??? ???? ? ????????
 ; [cca2=ST].translations.srp.official
Expected: Ð”ÐµÐ¼Ð¾ÐºÑ€Ð°Ñ‚Ñ?ÐºÐ° Ð ÐµÐ¿ÑƒÐ±Ð»Ð¸ÐºÐ° Ð¡Ð°Ð¾ Ð¢Ð¾Ð¼Ðµ Ð¸ ÐŸÑ€Ð¸Ð½Ñ?Ð¸Ð¿Ðµ
     got: ??????????? ????????? ??? ???? ? ????????
 ; [cca2=ST].translations.swe.common
Expected: SÃ£o TomÃ© och PrÃ­ncipe
     got: São Tomé och Príncipe
 ; [cca2=ST].translations.swe.official
Expected: Demokratiska republiken SÃ£o TomÃ© och PrÃ­ncipe
     got: Demokratiska republiken São Tomé och Príncipe
 ; [cca2=ST].translations.tur.common
Expected: SÃ£o TomÃ© ve PrÃ­ncipe
     got: São Tomé ve Príncipe
 ; [cca2=ST].translations.tur.official
Expected: SÃ£o TomÃ© ve PrÃ­ncipe Demokratik Cumhuriyeti
     got: São Tomé ve Príncipe Demokratik Cumhuriyeti
 ; [cca2=ST].translations.urd.common
Expected: Ø³Ø§Ø¤ Ù¹ÙˆÙ…Û’ Ùˆ Ù¾Ø±Ù†Ø³Ù¾Û’
     got: ??? ???? ? ??????
 ; [cca2=ST].translations.urd.official
Expected: Ø¬Ù…Û?ÙˆØ±ÛŒÛ? Ø³Ø§Ø¤ Ù¹ÙˆÙ…Û’ Ùˆ Ù¾Ø±Ù†Ø³Ù¾Û’
     got: ??????? ??? ???? ? ??????
 ; [cca2=ST].translations.zho.common
Expected: åœ£å¤šç¾Žå’Œæ™®æž—è¥¿æ¯”
     got: ????????
 ; [cca2=ST].translations.zho.official
Expected: åœ£å¤šç¾Žå’Œæ™®æž—è¥¿æ¯”æ°‘ä¸»å…±å’Œå›½
     got: ?????????????
 ; [cca2=CD].flag
Expected: ðŸ‡¨ðŸ‡©
     got: ??
 ; [cca2=CD].name.nativeName.fra.official
Expected: RÃ©publique dÃ©mocratique du Congo
     got: République démocratique du Congo
 ; [cca2=CD].name.nativeName.lin.common
Expected: Republiki ya KongÃ³ Demokratiki
     got: Republiki ya Kongó Demokratiki
 ; [cca2=CD].name.nativeName.lin.official
Expected: Republiki ya KongÃ³ Demokratiki
     got: Republiki ya Kongó Demokratiki
 ; [cca2=CD].translations.ara.common
Expected: Ø§Ù„ÙƒÙˆÙ†ØºÙˆ
     got: ???????
 ; [cca2=CD].translations.ara.official
Expected: Ø¬Ù…Ù‡ÙˆØ±ÙŠØ© Ø§Ù„ÙƒÙˆÙ†ØºÙˆ Ø§Ù„Ø¯ÙŠÙ…Ù‚Ø±Ø§Ø·ÙŠØ©
     got: ??????? ??????? ???????????
 ; [cca2=CD].translations.ces.official
Expected: DemokratickÃ¡ republika Kongo
     got: Demokratická republika Kongo
 ; [cca2=CD].translations.fra.common
Expected: Congo (RÃ©p. dÃ©m.)
     got: Congo (Rép. dém.)
 ; [cca2=CD].translations.fra.official
Expected: RÃ©publique dÃ©mocratique du Congo
     got: République démocratique du Congo
 ; [cca2=CD].translations.hun.common
Expected: KongÃ³i Demokratikus KÃ¶ztÃ¡rsasÃ¡g
     got: Kongói Demokratikus Köztársaság
 ; [cca2=CD].translations.hun.official
Expected: KongÃ³i Demokratikus KÃ¶ztÃ¡rsasÃ¡g
     got: Kongói Demokratikus Köztársaság
 ; [cca2=CD].translations.jpn.common
Expected: ã‚³ãƒ³ã‚´æ°‘ä¸»å…±å’Œå›½
     got: ????????
 ; [cca2=CD].translations.jpn.official
Expected: ã‚³ãƒ³ã‚´æ°‘ä¸»å…±å’Œå›½
     got: ????????
 ; [cca2=CD].translations.kor.common
Expected: ì½©ê³  ë¯¼ì£¼ ê³µí™”êµ­
     got: ?? ?? ???
 ; [cca2=CD].translations.kor.official
Expected: ì½©ê³  ë¯¼ì£¼ ê³µí™”êµ­
     got: ?? ?? ???
 ; [cca2=CD].translations.per.common
Expected: Ú©Ù†Ú¯Ùˆ Ø¯Ù…ÙˆÚ©Ø±Ø§ØªÛŒÚ©
     got: ???? ?????????
 ; [cca2=CD].translations.per.official
Expected: Ø¬Ù…Ù‡ÙˆØ±ÛŒ Ø¯Ù…ÙˆÚ©Ø±Ø§ØªÛŒÚ© Ú©Ù†Ú¯Ùˆ
     got: ?????? ????????? ????
 ; [cca2=CD].translations.por.common
Expected: RepÃºblica DemocrÃ¡tica do Congo
     got: República Democrática do Congo
 ; [cca2=CD].translations.por.official
Expected: RepÃºblica DemocrÃ¡tica do Congo
     got: República Democrática do Congo
 ; [cca2=CD].translations.rus.common
Expected: Ð”ÐµÐ¼Ð¾ÐºÑ€Ð°Ñ‚Ð¸Ñ‡ÐµÑ?ÐºÐ°Ñ? Ð ÐµÑ?Ð¿ÑƒÐ±Ð»Ð¸ÐºÐ° ÐšÐ¾Ð½Ð³Ð¾
     got: ??????????????? ?????????? ?????
 ; [cca2=CD].translations.rus.official
Expected: Ð”ÐµÐ¼Ð¾ÐºÑ€Ð°Ñ‚Ð¸Ñ‡ÐµÑ?ÐºÐ°Ñ? Ð ÐµÑ?Ð¿ÑƒÐ±Ð»Ð¸ÐºÐ° ÐšÐ¾Ð½Ð³Ð¾
     got: ??????????????? ?????????? ?????
 ; [cca2=CD].translations.slk.official
Expected: KonÅ¾skÃ¡ demokratickÃ¡ republika
     got: Konžská demokratická republika
 ; [cca2=CD].translations.spa.official
Expected: RepÃºblica DemocrÃ¡tica del Congo
     got: República Democrática del Congo
 ; [cca2=CD].translations.srp.common
Expected: Ð”Ð  ÐšÐ¾Ð½Ð³Ð¾
     got: ?? ?????
 ; [cca2=CD].translations.srp.official
Expected: Ð”ÐµÐ¼Ð¾ÐºÑ€Ð°Ñ‚Ñ?ÐºÐ° Ð ÐµÐ¿ÑƒÐ±Ð»Ð¸ÐºÐ° ÐšÐ¾Ð½Ð³Ð¾
     got: ??????????? ????????? ?????
 ; [cca2=CD].translations.urd.common
Expected: Ú©Ø§Ù†Ú¯Ùˆ
     got: ?????
 ; [cca2=CD].translations.urd.official
Expected: Ø¬Ù…Û?ÙˆØ±ÛŒ Ø¬Ù…Û?ÙˆØ±ÛŒÛ? Ú©Ø§Ù†Ú¯Ùˆ
     got: ?????? ??????? ?????
 ; [cca2=CD].translations.zho.common
Expected: æ°‘ä¸»åˆšæžœ
     got: ????
 ; [cca2=CD].translations.zho.official
Expected: åˆšæžœæ°‘ä¸»å…±å’Œå›½
     got: ???????
 ; [cca2=SV].altSpellings[]
Expected: RepÃºblica de El Salvador
     but none found
 ; [cca2=SV].altSpellings[]
Unexpected: República de El Salvador
 ; [cca2=SV].flag
Expected: ðŸ‡¸ðŸ‡»
     got: ??
 ; [cca2=SV].name.nativeName.spa.official
Expected: RepÃºblica de El Salvador
     got: República de El Salvador
 ; [cca2=SV].translations.ara.common
Expected: Ø§Ù„Ø³Ù„Ù?Ø§Ø¯ÙˆØ±
     got: ?????????
 ; [cca2=SV].translations.ara.official
Expected: Ø¬Ù…Ù‡ÙˆØ±ÙŠØ© Ø§Ù„Ø³Ù„Ù?Ø§Ø¯ÙˆØ±
     got: ??????? ?????????
 ; [cca2=SV].translations.ces.official
Expected: SalvadorskÃ¡ republika
     got: Salvadorská republika
 ; [cca2=SV].translations.fra.official
Expected: RÃ©publique du Salvador
     got: République du Salvador
 ; [cca2=SV].translations.hun.official
Expected: Salvadori KÃ¶ztÃ¡rsasÃ¡g
     got: Salvadori Köztársaság
 ; [cca2=SV].translations.jpn.common
Expected: ã‚¨ãƒ«ã‚µãƒ«ãƒ?ãƒ‰ãƒ«
     got: ???????
 ; [cca2=SV].translations.jpn.official
Expected: ã‚¨ãƒ«ã‚µãƒ«ãƒ?ãƒ‰ãƒ«å…±å’Œå›½
     got: ??????????
 ; [cca2=SV].translations.kor.common
Expected: ì—˜ì‚´ë°”ë?„ë¥´
     got: ?????
 ; [cca2=SV].translations.kor.official
Expected: ì—˜ì‚´ë°”ë?„ë¥´ ê³µí™”êµ­
     got: ????? ???
 ; [cca2=SV].translations.per.common
Expected: Ø§Ù„Ø³Ø§Ù„ÙˆØ§Ø¯ÙˆØ±
     got: ??????????
 ; [cca2=SV].translations.per.official
Expected: Ø¬Ù…Ù‡ÙˆØ±ÛŒ Ø§Ù„Ø³Ø§Ù„ÙˆØ§Ø¯ÙˆØ±
     got: ?????? ??????????
 ; [cca2=SV].translations.por.official
Expected: RepÃºblica de El Salvador
     got: República de El Salvador
 ; [cca2=SV].translations.rus.common
Expected: Ð¡Ð°Ð»ÑŒÐ²Ð°Ð´Ð¾Ñ€
     got: ?????????
 ; [cca2=SV].translations.rus.official
Expected: Ð ÐµÑ?Ð¿ÑƒÐ±Ð»Ð¸ÐºÐ° Ð­Ð»ÑŒ-Ð¡Ð°Ð»ÑŒÐ²Ð°Ð´Ð¾Ñ€
     got: ?????????? ???-?????????
 ; [cca2=SV].translations.slk.common
Expected: SalvÃ¡dor
     got: Salvádor
 ; [cca2=SV].translations.slk.official
Expected: SalvÃ¡dorskÃ¡ republika
     got: Salvádorská republika
 ; [cca2=SV].translations.spa.official
Expected: RepÃºblica de El Salvador
     got: República de El Salvador
 ; [cca2=SV].translations.srp.common
Expected: Ð¡Ð°Ð»Ð²Ð°Ð´Ð¾Ñ€
     got: ????????
 ; [cca2=SV].translations.srp.official
Expected: Ð ÐµÐ¿ÑƒÐ±Ð»Ð¸ÐºÐ° Ð•Ð» Ð¡Ð°Ð»Ð²Ð°Ð´Ð¾Ñ€
     got: ????????? ?? ????????
 ; [cca2=SV].translations.urd.common
Expected: Ø§ÛŒÙ„ Ø³ÛŒÙ„ÙˆØ§ÚˆÙˆØ±
     got: ??? ????????
 ; [cca2=SV].translations.urd.official
Expected: Ø¬Ù…Û?ÙˆØ±ÛŒÛ? Ø§ÛŒÙ„ Ø³ÛŒÙ„ÙˆØ§ÚˆÙˆØ±
     got: ??????? ??? ????????
 ; [cca2=SV].translations.zho.common
Expected: è?¨å°”ç“¦å¤š
     got: ????
 ; [cca2=SV].translations.zho.official
Expected: è?¨å°”ç“¦å¤šå…±å’Œå›½
     got: ???????
 ; [cca2=CF].altSpellings[]
Expected: RÃ©publique centrafricaine
     but none found
 ; [cca2=CF].altSpellings[]
Unexpected: République centrafricaine
 ; [cca2=CF].flag
Expected: ðŸ‡¨ðŸ‡«
     got: ??
 ; [cca2=CF].name.nativeName.fra.common
Expected: RÃ©publique centrafricaine
     got: République centrafricaine
 ; [cca2=CF].name.nativeName.fra.official
Expected: RÃ©publique centrafricaine
     got: République centrafricaine
 ; [cca2=CF].name.nativeName.sag.common
Expected: BÃªafrÃ®ka
     got: Bêafrîka
 ; [cca2=CF].name.nativeName.sag.official
Expected: KÃ¶dÃ¶rÃ¶sÃªse tÃ® BÃªafrÃ®ka
     got: Ködörösêse tî Bêafrîka
 ; [cca2=CF].translations.ara.common
Expected: Ø¬Ù…Ù‡ÙˆØ±ÙŠØ© Ø£Ù?Ø±ÙŠÙ‚ÙŠØ§ Ø§Ù„ÙˆØ³Ø·Ù‰
     got: ??????? ??????? ??????
 ; [cca2=CF].translations.ara.official
Expected: Ø¬Ù…Ù‡ÙˆØ±ÙŠØ© Ø£Ù?Ø±ÙŠÙ‚ÙŠØ§ Ø§Ù„ÙˆØ³Ø·Ù‰
     got: ??????? ??????? ??????
 ; [cca2=CF].translations.ces.common
Expected: StÅ™edoafrickÃ¡ republika
     got: St?edoafrická republika
 ; [cca2=CF].translations.ces.official
Expected: StÅ™edoafrickÃ¡ republika
     got: St?edoafrická republika
 ; [cca2=CF].translations.fra.common
Expected: RÃ©publique centrafricaine
     got: République centrafricaine
 ; [cca2=CF].translations.fra.official
Expected: RÃ©publique centrafricaine
     got: République centrafricaine
 ; [cca2=CF].translations.hrv.common
Expected: SrednjoafriÄ?ka Republika
     got: Srednjoafri?ka Republika
 ; [cca2=CF].translations.hrv.official
Expected: Centralna AfriÄ?ka Republika
     got: Centralna Afri?ka Republika
 ; [cca2=CF].translations.hun.common
Expected: KÃ¶zÃ©p-afrikai KÃ¶ztÃ¡rsasÃ¡g
     got: Közép-afrikai Köztársaság
 ; [cca2=CF].translations.hun.official
Expected: KÃ¶zÃ©p-afrikai KÃ¶ztÃ¡rsasÃ¡g
     got: Közép-afrikai Köztársaság
 ; [cca2=CF].translations.jpn.common
Expected: ä¸­å¤®ã‚¢ãƒ•ãƒªã‚«å…±å’Œå›½
     got: ?????????
 ; [cca2=CF].translations.jpn.official
Expected: ä¸­å¤®ã‚¢ãƒ•ãƒªã‚«å…±å’Œå›½
     got: ?????????
 ; [cca2=CF].translations.kor.common
Expected: ì¤‘ì•™ì•„í”„ë¦¬ì¹´ ê³µí™”êµ­
     got: ?????? ???
 ; [cca2=CF].translations.kor.official
Expected: ì¤‘ì•™ì•„í”„ë¦¬ì¹´ ê³µí™”êµ­
     got: ?????? ???
 ; [cca2=CF].translations.per.common
Expected: Ø¬Ù…Ù‡ÙˆØ±ÛŒ Ø¢Ù?Ø±ÛŒÙ‚Ø§ÛŒ Ù…Ø±Ú©Ø²ÛŒ
     got: ?????? ??????? ?????
 ; [cca2=CF].translations.per.official
Expected: Ø¬Ù…Ù‡ÙˆØ±ÛŒ Ø¢Ù?Ø±ÛŒÙ‚Ø§ÛŒ Ù…Ø±Ú©Ø²ÛŒ
     got: ?????? ??????? ?????
 ; [cca2=CF].translations.pol.common
Expected: Republika ÅšrodkowoafrykaÅ„ska
     got: Republika ?rodkowoafryka?ska
 ; [cca2=CF].translations.pol.official
Expected: Republika ÅšrodkowoafrykaÅ„ska
     got: Republika ?rodkowoafryka?ska
 ; [cca2=CF].translations.por.common
Expected: RepÃºblica Centro-Africana
     got: República Centro-Africana
 ; [cca2=CF].translations.por.official
Expected: RepÃºblica Centro-Africano
     got: República Centro-Africano
 ; [cca2=CF].translations.rus.common
Expected: Ð¦ÐµÐ½Ñ‚Ñ€Ð°Ð»ÑŒÐ½Ð¾Ð°Ñ„Ñ€Ð¸ÐºÐ°Ð½Ñ?ÐºÐ°Ñ? Ð ÐµÑ?Ð¿ÑƒÐ±Ð»Ð¸ÐºÐ°
     got: ????????????????????? ??????????
 ; [cca2=CF].translations.rus.official
Expected: Ð¦ÐµÐ½Ñ‚Ñ€Ð°Ð»ÑŒÐ½Ð¾-Ð?Ñ„Ñ€Ð¸ÐºÐ°Ð½Ñ?ÐºÐ°Ñ? Ð ÐµÑ?Ð¿ÑƒÐ±Ð»Ð¸ÐºÐ°
     got: ??????????-??????????? ??????????
 ; [cca2=CF].translations.slk.common
Expected: StredoafrickÃ¡ republika
     got: Stredoafrická republika
 ; [cca2=CF].translations.slk.official
Expected: StredoafrickÃ¡ republika
     got: Stredoafrická republika
 ; [cca2=CF].translations.spa.common
Expected: RepÃºblica Centroafricana
     got: República Centroafricana
 ; [cca2=CF].translations.spa.official
Expected: RepÃºblica Centroafricana
     got: República Centroafricana
 ; [cca2=CF].translations.srp.common
Expected: Ð¦ÐµÐ½Ñ‚Ñ€Ð°Ð»Ð½Ð¾Ð°Ñ„Ñ€Ð¸Ñ‡ÐºÐ° Ð ÐµÐ¿ÑƒÐ±Ð»Ð¸ÐºÐ°
     got: ???????????????? ?????????
 ; [cca2=CF].translations.srp.official
Expected: Ð¦ÐµÐ½Ñ‚Ñ€Ð°Ð»Ð½Ð¾Ð°Ñ„Ñ€Ð¸Ñ‡ÐºÐ° Ð ÐµÐ¿ÑƒÐ±Ð»Ð¸ÐºÐ°
     got: ???????????????? ?????????
 ; [cca2=CF].translations.urd.common
Expected: ÙˆØ³Ø·ÛŒ Ø§Ù?Ø±ÛŒÙ‚ÛŒ Ø¬Ù…Û?ÙˆØ±ÛŒÛ?
     got: ???? ?????? ???????
 ; [cca2=CF].translations.urd.official
Expected: ÙˆØ³Ø·ÛŒ Ø§Ù?Ø±ÛŒÙ‚ÛŒ Ø¬Ù…Û?ÙˆØ±ÛŒÛ?
     got: ???? ?????? ???????
 ; [cca2=CF].translations.zho.common
Expected: ä¸­é?žå…±å’Œå›½
     got: ?????
 ; [cca2=CF].translations.zho.official
Expected: ä¸­é?žå…±å’Œå›½
     got: ?????
 ; [cca2=CG].flag
Expected: ðŸ‡¨ðŸ‡¬
     got: ??
 ; [cca2=CG].name.nativeName.fra.common
Expected: RÃ©publique du Congo
     got: République du Congo
 ; [cca2=CG].name.nativeName.fra.official
Expected: RÃ©publique du Congo
     got: République du Congo
 ; [cca2=CG].name.nativeName.lin.common
Expected: RepublÃ­ki ya KongÃ³
     got: Republíki ya Kongó
 ; [cca2=CG].name.nativeName.lin.official
Expected: RepublÃ­ki ya KongÃ³
     got: Republíki ya Kongó
 ; [cca2=CG].translations.ara.common
Expected: Ø¬Ù…Ù‡ÙˆØ±ÙŠØ© Ø§Ù„ÙƒÙˆÙ†Ù?Ùˆ
     got: ??????? ???????
 ; [cca2=CG].translations.ara.official
Expected: Ø¬Ù…Ù‡ÙˆØ±ÙŠØ© Ø§Ù„ÙƒÙˆÙ†ØºÙˆ
     got: ??????? ???????
 ; [cca2=CG].translations.ces.official
Expected: KonÅ¾skÃ¡ republika
     got: Konžská republika
 ; [cca2=CG].translations.fra.official
Expected: RÃ©publique du Congo
     got: République du Congo
 ; [cca2=CG].translations.hun.common
Expected: KongÃ³i KÃ¶ztÃ¡rsasÃ¡g
     got: Kongói Köztársaság
 ; [cca2=CG].translations.hun.official
Expected: KongÃ³i KÃ¶ztÃ¡rsasÃ¡g
     got: Kongói Köztársaság
 ; [cca2=CG].translations.jpn.common
Expected: ã‚³ãƒ³ã‚´å…±å’Œå›½
     got: ??????
 ; [cca2=CG].translations.jpn.official
Expected: ã‚³ãƒ³ã‚´å…±å’Œå›½
     got: ??????
 ; [cca2=CG].translations.kor.common
Expected: ì½©ê³ 
     got: ??
 ; [cca2=CG].translations.kor.official
Expected: ì½©ê³ 
     got: ??
 ; [cca2=CG].translations.per.common
Expected: Ø¬Ù…Ù‡ÙˆØ±ÛŒ Ú©Ù?Ù†Ú¯Ùˆ
     got: ?????? ?????
 ; [cca2=CG].translations.per.official
Expected: Ø¬Ù…Ù‡ÙˆØ±ÛŒ Ø¨Ø±Ø§Ø²Ø§ÙˆÛŒÙ„ Ú©Ù?Ù†Ú¯Ùˆ
     got: ?????? ???????? ?????
 ; [cca2=CG].translations.por.official
Expected: RepÃºblica do Congo
     got: República do Congo
 ; [cca2=CG].translations.rus.common
Expected: Ð ÐµÑ?Ð¿ÑƒÐ±Ð»Ð¸ÐºÐ° ÐšÐ¾Ð½Ð³Ð¾
     got: ?????????? ?????
 ; [cca2=CG].translations.rus.official
Expected: Ð ÐµÑ?Ð¿ÑƒÐ±Ð»Ð¸ÐºÐ° ÐšÐ¾Ð½Ð³Ð¾
     got: ?????????? ?????
 ; [cca2=CG].translations.slk.official
Expected: KonÅ¾skÃ¡ republika
     got: Konžská republika
 ; [cca2=CG].translations.spa.official
Expected: RepÃºblica del Congo
     got: República del Congo
 ; [cca2=CG].translations.srp.common
Expected: ÐšÐ¾Ð½Ð³Ð¾
     got: ?????
 ; [cca2=CG].translations.srp.official
Expected: Ð ÐµÐ¿ÑƒÐ±Ð»Ð¸ÐºÐ° ÐšÐ¾Ð½Ð³Ð¾
     got: ????????? ?????
 ; [cca2=CG].translations.urd.common
Expected: Ø¬Ù…Û?ÙˆØ±ÛŒÛ? Ú©Ø§Ù†Ú¯Ùˆ
     got: ??????? ?????
 ; [cca2=CG].translations.urd.official
Expected: Ø¬Ù…Û?ÙˆØ±ÛŒÛ? Ú©Ø§Ù†Ú¯Ùˆ
     got: ??????? ?????
 ; [cca2=CG].translations.zho.common
Expected: åˆšæžœ
     got: ??
 ; [cca2=CG].translations.zho.official
Expected: åˆšæžœå…±å’Œå›½
     got: ?????
 ; [cca2=CH].flag
Expected: ðŸ‡¨ðŸ‡­
     got: ??
 ; [cca2=CH].name.nativeName.fra.official
Expected: ConfÃ©dÃ©ration suisse
     got: Confédération suisse
 ; [cca2=CH].translations.ara.common
Expected: Ø³ÙˆÙŠØ³Ø±Ø§
     got: ??????
 ; [cca2=CH].translations.ara.official
Expected: Ø§Ù„Ø§ØªØ­Ø§Ø¯ Ø§Ù„Ø³ÙˆÙŠØ³Ø±ÙŠ
     got: ??????? ????????
 ; [cca2=CH].translations.ces.common
Expected: Å vÃ½carsko
     got: Švýcarsko
 ; [cca2=CH].translations.ces.official
Expected: Å vÃ½carskÃ¡ konfederace
     got: Švýcarská konfederace
 ; [cca2=CH].translations.est.common
Expected: Å veits
     got: Šveits
 ; [cca2=CH].translations.est.official
Expected: Å veitsi KonfÃ¶deratsioon
     got: Šveitsi Konföderatsioon
 ; [cca2=CH].translations.fra.official
Expected: ConfÃ©dÃ©ration suisse
     got: Confédération suisse
 ; [cca2=CH].translations.hrv.common
Expected: Å vicarska
     got: Švicarska
 ; [cca2=CH].translations.hrv.official
Expected: Å¡vicarska Konfederacija
     got: švicarska Konfederacija
 ; [cca2=CH].translations.hun.common
Expected: SvÃ¡jc
     got: Svájc
 ; [cca2=CH].translations.hun.official
Expected: SvÃ¡jc
     got: Svájc
 ; [cca2=CH].translations.jpn.common
Expected: ã‚¹ã‚¤ã‚¹
     got: ???
 ; [cca2=CH].translations.jpn.official
Expected: ã‚¹ã‚¤ã‚¹é€£é‚¦
     got: ?????
 ; [cca2=CH].translations.kor.common
Expected: ìŠ¤ìœ„ìŠ¤
     got: ???
 ; [cca2=CH].translations.kor.official
Expected: ìŠ¤ìœ„ìŠ¤ ì—°ë°©
     got: ??? ??
 ; [cca2=CH].translations.per.common
Expected: Ø³ÙˆØ¦ÛŒØ³
     got: ?????
 ; [cca2=CH].translations.per.official
Expected: Ú©Ù†Ù?Ø¯Ø±Ø§Ø³ÛŒÙˆÙ† Ø³ÙˆØ¦ÛŒØ³
     got: ?????????? ?????
 ; [cca2=CH].translations.por.common
Expected: SuÃ­Ã§a
     got: Suíça
 ; [cca2=CH].translations.por.official
Expected: ConfederaÃ§Ã£o SuÃ­Ã§a
     got: Confederação Suíça
 ; [cca2=CH].translations.rus.common
Expected: Ð¨Ð²ÐµÐ¹Ñ†Ð°Ñ€Ð¸Ñ?
     got: ?????????
 ; [cca2=CH].translations.rus.official
Expected: Ð¨Ð²ÐµÐ¹Ñ†Ð°Ñ€Ñ?ÐºÐ°Ñ? ÐšÐ¾Ð½Ñ„ÐµÐ´ÐµÑ€Ð°Ñ†Ð¸Ñ?
     got: ??????????? ????????????
 ; [cca2=CH].translations.slk.common
Expected: Å vajÄ?iarsko
     got: Švaj?iarsko
 ; [cca2=CH].translations.slk.official
Expected: Å vajÄ?iarska konfederÃ¡cia
     got: Švaj?iarska konfederácia
 ; [cca2=CH].translations.spa.official
Expected: ConfederaciÃ³n Suiza
     got: Confederación Suiza
 ; [cca2=CH].translations.srp.common
Expected: Ð¨Ð²Ð°Ñ˜Ñ†Ð°Ñ€Ñ?ÐºÐ°
     got: ??????????
 ; [cca2=CH].translations.srp.official
Expected: Ð¨Ð²Ð°Ñ˜Ñ†Ð°Ñ€Ñ?ÐºÐ° ÐšÐ¾Ð½Ñ„ÐµÐ´ÐµÑ€Ð°Ñ†Ð¸Ñ˜Ð°
     got: ?????????? ?????????????
 ; [cca2=CH].translations.swe.official
Expected: Schweiziska edsfÃ¶rbundet
     got: Schweiziska edsförbundet
 ; [cca2=CH].translations.tur.common
Expected: Ä°sviÃ§re
     got: ?sviçre
 ; [cca2=CH].translations.tur.official
Expected: Ä°sviÃ§re Konfederasyonu
     got: ?sviçre Konfederasyonu
 ; [cca2=CH].translations.urd.common
Expected: Ø³ÙˆÛŒÙ¹Ø°Ø±Ù„ÛŒÙ†Úˆ
     got: ??????????
 ; [cca2=CH].translations.urd.official
Expected: Ø³ÙˆØ¦ÛŒØ³  Ù…ØªØ­Ø¯Û?
     got: ?????  ?????
 ; [cca2=CH].translations.zho.common
Expected: ç‘žå£«
     got: ??
 ; [cca2=CH].translations.zho.official
Expected: ç‘žå£«è?”é‚¦
     got: ????
 ; [cca2=SX].currencies.ANG.symbol
Expected: Æ’
     got: ƒ
 ; [cca2=SX].flag
Expected: ðŸ‡¸ðŸ‡½
     got: ??
 ; [cca2=SX].translations.ara.common
Expected: Ø³ÙŠÙ†Øª Ù…Ø§Ø±ØªÙ†
     got: ???? ?????
 ; [cca2=SX].translations.ara.official
Expected: Ø³ÙŠÙ†Øª Ù…Ø§Ø±ØªÙ†
     got: ???? ?????
 ; [cca2=SX].translations.ces.common
Expected: SvatÃ½ Martin (Nizozemsko)
     got: Svatý Martin (Nizozemsko)
 ; [cca2=SX].translations.ces.official
Expected: SvatÃ½ Martin
     got: Svatý Martin
 ; [cca2=SX].translations.jpn.common
Expected: ã‚·ãƒ³ãƒˆãƒ»ãƒžãƒ¼ãƒ«ãƒ†ãƒ³
     got: ?????????
 ; [cca2=SX].translations.jpn.official
Expected: ã‚·ãƒ³ãƒˆãƒžãƒ¼ãƒ«ãƒ†ãƒ³å³¶
     got: ?????????
 ; [cca2=SX].translations.kor.common
Expected: ì‹ íŠ¸ë§ˆë¥´í„´
     got: ?????
 ; [cca2=SX].translations.kor.official
Expected: ì‹ íŠ¸ë§ˆë¥´í„´
     got: ?????
 ; [cca2=SX].translations.per.common
Expected: Ø³Ù† Ù…Ø§Ø±ØªÙ†
     got: ?? ?????
 ; [cca2=SX].translations.per.official
Expected: Ø³Ù† Ù…Ø§Ø±ØªÙ†
     got: ?? ?????
 ; [cca2=SX].translations.por.common
Expected: SÃ£o Martinho
     got: São Martinho
 ; [cca2=SX].translations.rus.common
Expected: Ð¡Ð¸Ð½Ñ‚-ÐœÐ°Ñ€Ñ‚ÐµÐ½
     got: ????-??????
 ; [cca2=SX].translations.rus.official
Expected: Ð¡Ð¸Ð½Ñ‚-ÐœÐ°Ð°Ñ€Ñ‚ÐµÐ½
     got: ????-???????
 ; [cca2=SX].translations.srp.common
Expected: Ð¡Ð²ÐµÑ‚Ð¸ ÐœÐ°Ñ€Ñ‚Ð¸Ð½
     got: ????? ??????
 ; [cca2=SX].translations.srp.official
Expected: Ð¡Ð²ÐµÑ‚Ð¸ ÐœÐ°Ñ€Ñ‚Ð¸Ð½
     got: ????? ??????
 ; [cca2=SX].translations.urd.common
Expected: Ø³Ù†Ù¹ Ù…Ø§Ø±Ù¹Ù†
     got: ??? ?????
 ; [cca2=SX].translations.urd.official
Expected: Ø³Ù†Ù¹ Ù…Ø§Ø±Ù¹Ù†
     got: ??? ?????
 ; [cca2=SX].translations.zho.common
Expected: åœ£é©¬ä¸?å²›
     got: ????
 ; [cca2=SX].translations.zho.official
Expected: åœ£é©¬ä¸?å²›
     got: ????
 ; [cca2=CI].altSpellings[]
Expected: RÃ©publique de CÃ´te d'Ivoire
     but none found
 ; [cca2=CI].altSpellings[]
Expected: Republic of CÃ´te d'Ivoire
     but none found
 ; [cca2=CI].altSpellings[]
Expected: CÃ´te d'Ivoire
     but none found
 ; [cca2=CI].altSpellings[]
Unexpected: République de Côte d'Ivoire
 ; [cca2=CI].altSpellings[]
Unexpected: Côte d'Ivoire
 ; [cca2=CI].altSpellings[]
Unexpected: Republic of Côte d'Ivoire
 ; [cca2=CI].flag
Expected: ðŸ‡¨ðŸ‡®
     got: ??
 ; [cca2=CI].name.nativeName.fra.common
Expected: CÃ´te d'Ivoire
     got: Côte d'Ivoire
 ; [cca2=CI].name.nativeName.fra.official
Expected: RÃ©publique de CÃ´te d'Ivoire
     got: République de Côte d'Ivoire
 ; [cca2=CI].name.official
Expected: Republic of CÃ´te d'Ivoire
     got: Republic of Côte d'Ivoire
 ; [cca2=CI].translations.ara.common
Expected: Ø³Ø§Ø­Ù„ Ø§Ù„Ø¹Ø§Ø¬
     got: ???? ?????
 ; [cca2=CI].translations.ara.official
Expected: Ø¬Ù…Ù‡ÙˆØ±ÙŠØ© Ø³Ø§Ø­Ù„ Ø§Ù„Ø¹Ø§Ø¬
     got: ??????? ???? ?????
 ; [cca2=CI].translations.ces.common
Expected: PobÅ™eÅ¾Ã­ slonoviny
     got: Pob?eží slonoviny
 ; [cca2=CI].translations.ces.official
Expected: Republika PobÅ™eÅ¾Ã­ slonoviny
     got: Republika Pob?eží slonoviny
 ; [cca2=CI].translations.cym.official
Expected: Republic of CÃ´te d'Ivoire
     got: Republic of Côte d'Ivoire
 ; [cca2=CI].translations.deu.common
Expected: ElfenbeinkÃ¼ste
     got: Elfenbeinküste
 ; [cca2=CI].translations.deu.official
Expected: Republik CÃ´te d'Ivoire
     got: Republik Côte d'Ivoire
 ; [cca2=CI].translations.est.official
Expected: CÃ´te dâ€™Ivoireâ€™i Vabariik
     got: Côte d’Ivoire’i Vabariik
 ; [cca2=CI].translations.fra.common
Expected: CÃ´te d'Ivoire
     got: Côte d'Ivoire
 ; [cca2=CI].translations.fra.official
Expected: RÃ©publique de CÃ´te d' Ivoire
     got: République de Côte d' Ivoire
 ; [cca2=CI].translations.hrv.official
Expected: Republika CÃ´te d'Ivoire
     got: Republika Côte d'Ivoire
 ; [cca2=CI].translations.hun.common
Expected: ElefÃ¡ntcsontpart
     got: Elefántcsontpart
 ; [cca2=CI].translations.hun.official
Expected: ElefÃ¡ntcsontparti KÃ¶ztÃ¡rsasÃ¡g
     got: Elefántcsontparti Köztársaság
 ; [cca2=CI].translations.jpn.common
Expected: ã‚³ãƒ¼ãƒˆã‚¸ãƒœãƒ¯ãƒ¼ãƒ«
     got: ????????
 ; [cca2=CI].translations.jpn.official
Expected: ã‚³ãƒ¼ãƒˆã‚¸ãƒœãƒ¯ãƒ¼ãƒ«å…±å’Œå›½
     got: ???????????
 ; [cca2=CI].translations.kor.common
Expected: ì½”íŠ¸ë””ë¶€ì•„ë¥´
     got: ??????
 ; [cca2=CI].translations.kor.official
Expected: ì½”íŠ¸ë””ë¶€ì•„ë¥´ ê³µí™”êµ­
     got: ?????? ???
 ; [cca2=CI].translations.per.common
Expected: Ø³Ø§Ø­Ù„ Ø¹Ø§Ø¬
     got: ???? ???
 ; [cca2=CI].translations.per.official
Expected: Ø¬Ù…Ù‡ÙˆØ±ÛŒ Ø³Ø§Ø­Ù„ Ø¹Ø§Ø¬
     got: ?????? ???? ???
 ; [cca2=CI].translations.pol.common
Expected: WybrzeÅ»e KoÅ›ci SÅ‚oniowej
     got: Wybrze?e Ko?ci S?oniowej
 ; [cca2=CI].translations.pol.official
Expected: Republika WybrzeÅ»a KoÅ›ci SÅ‚oniowej
     got: Republika Wybrze?a Ko?ci S?oniowej
 ; [cca2=CI].translations.por.official
Expected: RepÃºblica da CÃ´te d'Ivoire
     got: República da Côte d'Ivoire
 ; [cca2=CI].translations.rus.common
Expected: ÐšÐ¾Ñ‚-Ð´â€™Ð˜Ð²ÑƒÐ°Ñ€
     got: ???-?’?????
 ; [cca2=CI].translations.rus.official
Expected: Ð ÐµÑ?Ð¿ÑƒÐ±Ð»Ð¸ÐºÐ° ÐšÐ¾Ñ‚-Ð´'Ð˜Ð²ÑƒÐ°Ñ€Ðµ
     got: ?????????? ???-?'??????
 ; [cca2=CI].translations.slk.common
Expected: PobrÅ¾ie Slonoviny
     got: Pobržie Slonoviny
 ; [cca2=CI].translations.slk.official
Expected: Republika PobreÅ¾ie Slonoviny
     got: Republika Pobrežie Slonoviny
 ; [cca2=CI].translations.spa.official
Expected: RepÃºblica de CÃ´te d'Ivoire
     got: República de Côte d'Ivoire
 ; [cca2=CI].translations.srp.common
Expected: ÐžÐ±Ð°Ð»Ð° Ð¡Ð»Ð¾Ð½Ð¾Ð²Ð°Ñ‡Ðµ
     got: ????? ?????????
 ; [cca2=CI].translations.srp.official
Expected: Ð ÐµÐ¿ÑƒÐ±Ð»Ð¸ÐºÐ° ÐžÐ±Ð°Ð»Ð° Ð¡Ð»Ð¾Ð½Ð¾Ð²Ð°Ñ‡Ðµ
     got: ????????? ????? ?????????
 ; [cca2=CI].translations.tur.common
Expected: FildiÅŸi Sahili
     got: Fildi?i Sahili
 ; [cca2=CI].translations.tur.official
Expected: FildiÅŸi Sahili
     got: Fildi?i Sahili
 ; [cca2=CI].translations.urd.common
Expected: Ø¢Ø¦ÛŒÙˆØ±ÛŒ Ú©ÙˆØ³Ù¹
     got: ?????? ????
 ; [cca2=CI].translations.urd.official
Expected: Ø¬Ù…Û?ÙˆØ±ÛŒÛ? Ú©ÙˆØª Ø¯ÛŒÙˆØ§Øº
     got: ??????? ??? ?????
 ; [cca2=CI].translations.zho.common
Expected: ç§‘ç‰¹è¿ªç“¦
     got: ????
 ; [cca2=CI].translations.zho.official
Expected: ç§‘ç‰¹è¿ªç“¦å…±å’Œå›½
     got: ???????
 ; [cca2=SY].altSpellings[]
Expected: Al-JumhÅ«rÄ«yah Al-Ê»ArabÄ«yah As-SÅ«rÄ«yah
     but none found
 ; [cca2=SY].altSpellings[]
Unexpected: Al-Jumh?r?yah Al-?Arab?yah As-S?r?yah
 ; [cca2=SY].currencies.SYP.symbol
Expected: Â£
     got: £
 ; [cca2=SY].flag
Expected: ðŸ‡¸ðŸ‡¾
     got: ??
 ; [cca2=SY].name.nativeName.ara.common
Expected: Ø³ÙˆØ±ÙŠØ§
     got: ?????
 ; [cca2=SY].name.nativeName.ara.official
Expected: Ø§Ù„Ø¬Ù…Ù‡ÙˆØ±ÙŠØ© Ø§Ù„Ø¹Ø±Ø¨ÙŠØ© Ø§Ù„Ø³ÙˆØ±ÙŠØ©
     got: ????????? ??????? ???????
 ; [cca2=SY].tld[]
Expected: Ø³ÙˆØ±ÙŠØ§.
     but none found
 ; [cca2=SY].tld[]
Unexpected: ?????.
 ; [cca2=SY].translations.ara.common
Expected: Ø³ÙˆØ±ÙŠØ§
     got: ?????
 ; [cca2=SY].translations.ara.official
Expected: Ø§Ù„Ø¬Ù…Ù‡ÙˆØ±ÙŠØ© Ø§Ù„Ø¹Ø±Ø¨ÙŠØ© Ø§Ù„Ø³ÙˆØ±ÙŠØ©
     got: ????????? ??????? ???????
 ; [cca2=SY].translations.ces.common
Expected: SÃ½rie
     got: Sýrie
 ; [cca2=SY].translations.ces.official
Expected: SyrskÃ¡ arabskÃ¡ republika
     got: Syrská arabská republika
 ; [cca2=SY].translations.est.common
Expected: SÃ¼Ã¼ria
     got: Süüria
 ; [cca2=SY].translations.est.official
Expected: SÃ¼Ã¼ria Araabia Vabariik
     got: Süüria Araabia Vabariik
 ; [cca2=SY].translations.fra.official
Expected: RÃ©publique arabe syrienne
     got: République arabe syrienne
 ; [cca2=SY].translations.hun.common
Expected: SzÃ­ria
     got: Szíria
 ; [cca2=SY].translations.hun.official
Expected: SzÃ­riai Arab KÃ¶ztÃ¡rsasÃ¡g
     got: Szíriai Arab Köztársaság
 ; [cca2=SY].translations.jpn.common
Expected: ã‚·ãƒªã‚¢ãƒ»ã‚¢ãƒ©ãƒ–å…±å’Œå›½
     got: ??????????
 ; [cca2=SY].translations.jpn.official
Expected: ã‚·ãƒªã‚¢ã‚¢ãƒ©ãƒ–å…±å’Œå›½
     got: ?????????
 ; [cca2=SY].translations.kor.common
Expected: ì‹œë¦¬ì•„
     got: ???
 ; [cca2=SY].translations.kor.official
Expected: ì‹œë¦¬ì•„ ì•„ëž? ê³µí™”êµ­
     got: ??? ?? ???
 ; [cca2=SY].translations.nld.common
Expected: SyriÃ«
     got: Syrië
 ; [cca2=SY].translations.per.common
Expected: Ø³ÙˆØ±ÛŒÙ‡
     got: ?????
 ; [cca2=SY].translations.per.official
Expected: Ø¬Ù…Ù‡ÙˆØ±ÛŒ Ø¹Ø±Ø¨ÛŒ Ø³ÙˆØ±ÛŒÙ‡
     got: ?????? ???? ?????
 ; [cca2=SY].translations.por.common
Expected: SÃ­ria
     got: Síria
 ; [cca2=SY].translations.por.official
Expected: RepÃºblica Ã?rabe SÃ­ria
     got: República Árabe Síria
 ; [cca2=SY].translations.rus.common
Expected: Ð¡Ð¸Ñ€Ð¸Ñ?
     got: ?????
 ; [cca2=SY].translations.rus.official
Expected: Ð¡Ð¸Ñ€Ð¸Ð¹Ñ?ÐºÐ°Ñ? Ð?Ñ€Ð°Ð±Ñ?ÐºÐ°Ñ? Ð ÐµÑ?Ð¿ÑƒÐ±Ð»Ð¸ÐºÐ°
     got: ????????? ???????? ??????????
 ; [cca2=SY].translations.slk.common
Expected: SÃ½ria
     got: Sýria
 ; [cca2=SY].translations.slk.official
Expected: SÃ½rska arabskÃ¡ republika
     got: Sýrska arabská republika
 ; [cca2=SY].translations.spa.official
Expected: RepÃºblica Ã?rabe Siria
     got: República Árabe Siria
 ; [cca2=SY].translations.srp.common
Expected: Ð¡Ð¸Ñ€Ð¸Ñ˜Ð°
     got: ??????
 ; [cca2=SY].translations.srp.official
Expected: Ð¡Ð¸Ñ€Ð¸Ñ˜Ñ?ÐºÐ° Ð?Ñ€Ð°Ð¿Ñ?ÐºÐ° Ð ÐµÐ¿ÑƒÐ±Ð»Ð¸ÐºÐ°
     got: ???????? ??????? ?????????
 ; [cca2=SY].translations.urd.common
Expected: Ø³ÙˆØ±ÛŒÛ?
     got: ?????
 ; [cca2=SY].translations.urd.official
Expected: Ø¹Ø±Ø¨ Ø¬Ù…Û?ÙˆØ±ÛŒÛ? Ø³ÙˆØ±ÛŒÛ?
     got: ??? ??????? ?????
 ; [cca2=SY].translations.zho.common
Expected: å?™åˆ©äºš
     got: ???
 ; [cca2=SY].translations.zho.official
Expected: å?™åˆ©äºšé˜¿æ‹‰ä¼¯å…±å’Œå›½
     got: ?????????
 ; [cca2=SZ].flag
Expected: ðŸ‡¸ðŸ‡¿
     got: ??
 ; [cca2=SZ].flags.alt
Expected: The flag of Eswatini is composed of three horizontal bands â€” a large central yellow-edged red band, and a light blue band above and beneath the red band. The red band is three times the height of the blue bands and bears a centered emblem made up of a large black and white Nguni shield covering two spears and a staff decorated with feather tassels, all placed horizontally.
     got: The flag of Eswatini is composed of three horizontal bands — a large central yellow-edged red band, and a light blue band above and beneath the red band. The red band is three times the height of the blue bands and bears a centered emblem made up of a large black and white Nguni shield covering two spears and a staff decorated with feather tassels, all placed horizontally.
 ; [cca2=SZ].translations.ara.common
Expected: Ø¥Ø³ÙˆØ§ØªÙŠÙ†ÙŠ
     got: ????????
 ; [cca2=SZ].translations.ara.official
Expected: Ù…Ù…Ù„ÙƒØ© Ø¥Ø³ÙˆØ§ØªÙŠÙ†ÙŠ
     got: ????? ????????
 ; [cca2=SZ].translations.ces.official
Expected: SvazijskÃ© krÃ¡lovstvÃ­
     got: Svazijské království
 ; [cca2=SZ].translations.deu.official
Expected: KÃ¶nigreich Eswatini
     got: Königreich Eswatini
 ; [cca2=SZ].translations.fra.official
Expected: Royaume dâ€™Eswatini
     got: Royaume d’Eswatini
 ; [cca2=SZ].translations.hun.common
Expected: SzvÃ¡zifÃ¶ld
     got: Szváziföld
 ; [cca2=SZ].translations.hun.official
Expected: SzvÃ¡zifÃ¶ldi KirÃ¡lysÃ¡g
     got: Szváziföldi Királyság
 ; [cca2=SZ].translations.jpn.common
Expected: ã‚¹ãƒ¯ã‚¸ãƒ©ãƒ³ãƒ‰
     got: ??????
 ; [cca2=SZ].translations.jpn.official
Expected: ã‚¹ãƒ¯ã‚¸ãƒ©ãƒ³ãƒ‰çŽ‹å›½
     got: ????????
 ; [cca2=SZ].translations.kor.common
Expected: ì—?ìŠ¤ì™€í‹°ë‹ˆ
     got: ?????
 ; [cca2=SZ].translations.kor.official
Expected: ì—?ìŠ¤ì™€í‹°ë‹ˆ ì™•êµ­
     got: ????? ??
 ; [cca2=SZ].translations.per.common
Expected: Ø§Ø³ÙˆØ§ØªÛŒÙ†ÛŒ
     got: ????????
 ; [cca2=SZ].translations.per.official
Expected: Ù¾Ø§Ø¯Ø´Ø§Ù‡ÛŒ Ø³ÙˆØ§Ø²ÛŒÙ„Ù†Ø¯
     got: ??????? ????????
 ; [cca2=SZ].translations.pol.official
Expected: KrÃ³lestwo Suazi
     got: Królestwo Suazi
 ; [cca2=SZ].translations.por.common
Expected: SuazilÃ¢ndia
     got: Suazilândia
 ; [cca2=SZ].translations.rus.common
Expected: Ð¡Ð²Ð°Ð·Ð¸Ð»ÐµÐ½Ð´
     got: ?????????
 ; [cca2=SZ].translations.rus.official
Expected: ÐšÐ¾Ñ€Ð¾Ð»ÐµÐ²Ñ?Ñ‚Ð²Ð¾ Ð¡Ð²Ð°Ð·Ð¸Ð»ÐµÐ½Ð´
     got: ??????????? ?????????
 ; [cca2=SZ].translations.slk.official
Expected: SvazijskÃ© krÃ¡Ä¾ovstvo
     got: Svazijské krá?ovstvo
 ; [cca2=SZ].translations.srp.common
Expected: Ð•Ñ?Ð²Ð°Ñ‚Ð¸Ð½Ð¸
     got: ????????
 ; [cca2=SZ].translations.srp.official
Expected: ÐšÑ€Ð°Ñ™ÐµÐ²Ð¸Ð½Ð° Ð•Ñ?Ð²Ð°Ñ‚Ð¸Ð½Ð¸
     got: ????????? ????????
 ; [cca2=SZ].translations.tur.official
Expected: Esvatini KrallÄ±ÄŸÄ±
     got: Esvatini Krall???
 ; [cca2=SZ].translations.urd.common
Expected: Ø³ÙˆØ§Ø²ÛŒ Ù„ÛŒÙ†Úˆ
     got: ????? ????
 ; [cca2=SZ].translations.urd.official
Expected: Ù…Ù…Ù„Ú©ØªÙ? Ø³ÙˆØ§Ø²ÛŒ Ù„ÛŒÙ†Úˆ
     got: ?????? ????? ????
 ; [cca2=SZ].translations.zho.common
Expected: æ–¯å¨?å£«å…°
     got: ????
 ; [cca2=SZ].translations.zho.official
Expected: æ–¯å¨?å£«å…°çŽ‹å›½
     got: ??????
 ; [cca2=CK].altSpellings[]
Expected: KÅ«ki 'Ä€irani
     but none found
 ; [cca2=CK].altSpellings[]
Unexpected: K?ki '?irani
 ; [cca2=CK].flag
Expected: ðŸ‡¨ðŸ‡°
     got: ??
 ; [cca2=CK].languages.rar
Expected: Cook Islands MÄ?ori
     got: Cook Islands M?ori
 ; [cca2=CK].name.nativeName.rar.common
Expected: KÅ«ki 'Ä€irani
     got: K?ki '?irani
 ; [cca2=CK].name.nativeName.rar.official
Expected: KÅ«ki 'Ä€irani
     got: K?ki '?irani
 ; [cca2=CK].translations.ara.common
Expected: Ø¬Ø²Ø± ÙƒÙˆÙƒ
     got: ??? ???
 ; [cca2=CK].translations.ara.official
Expected: Ø¬Ø²Ø± ÙƒÙˆÙƒ
     got: ??? ???
 ; [cca2=CK].translations.fra.common
Expected: ÃŽles Cook
     got: Îles Cook
 ; [cca2=CK].translations.fra.official
Expected: ÃŽles Cook
     got: Îles Cook
 ; [cca2=CK].translations.hrv.common
Expected: Cookovo OtoÄ?je
     got: Cookovo Oto?je
 ; [cca2=CK].translations.jpn.common
Expected: ã‚¯ãƒƒã‚¯è«¸å³¶
     got: ?????
 ; [cca2=CK].translations.jpn.official
Expected: ã‚¯ãƒƒã‚¯è«¸å³¶
     got: ?????
 ; [cca2=CK].translations.kor.common
Expected: ì¿¡ ì œë?„
     got: ? ??
 ; [cca2=CK].translations.kor.official
Expected: ì¿¡ ì œë?„
     got: ? ??
 ; [cca2=CK].translations.per.common
Expected: Ø¬Ø²Ø§ÛŒØ± Ú©ÙˆÚ©
     got: ????? ???
 ; [cca2=CK].translations.per.official
Expected: Ø¬Ø²Ø§ÛŒØ± Ú©ÙˆÚ©
     got: ????? ???
 ; [cca2=CK].translations.rus.common
Expected: ÐžÑ?Ñ‚Ñ€Ð¾Ð²Ð° ÐšÑƒÐºÐ°
     got: ??????? ????
 ; [cca2=CK].translations.rus.official
Expected: Ð¾Ñ?Ñ‚Ñ€Ð¾Ð²Ð° ÐšÑƒÐºÐ°
     got: ??????? ????
 ; [cca2=CK].translations.srp.common
Expected: ÐšÑƒÐºÐ¾Ð²Ð° ÐžÑ?Ñ‚Ñ€Ð²Ð°
     got: ?????? ??????
 ; [cca2=CK].translations.srp.official
Expected: ÐšÑƒÐºÐ¾Ð²Ð° ÐžÑ?Ñ‚Ñ€Ð²Ð°
     got: ?????? ??????
 ; [cca2=CK].translations.swe.common
Expected: CookÃ¶arna
     got: Cooköarna
 ; [cca2=CK].translations.swe.official
Expected: CookÃ¶arna
     got: Cooköarna
 ; [cca2=CK].translations.tur.common
Expected: Cook AdalarÄ±
     got: Cook Adalar?
 ; [cca2=CK].translations.tur.official
Expected: Cook AdalarÄ±
     got: Cook Adalar?
 ; [cca2=CK].translations.urd.common
Expected: Ø¬Ø²Ø§Ø¦Ø± Ú©Ú©
     got: ????? ??
 ; [cca2=CK].translations.urd.official
Expected: Ø¬Ø²Ø§Ø¦Ø± Ú©Ú©
     got: ????? ??
 ; [cca2=CK].translations.zho.common
Expected: åº“å…‹ç¾¤å²›
     got: ????
 ; [cca2=CK].translations.zho.official
Expected: åº“å…‹ç¾¤å²›
     got: ????
 ; [cca2=CL].altSpellings[]
Expected: RepÃºblica de Chile
     but none found
 ; [cca2=CL].altSpellings[]
Unexpected: República de Chile
 ; [cca2=CL].flag
Expected: ðŸ‡¨ðŸ‡±
     got: ??
 ; [cca2=CL].name.nativeName.spa.official
Expected: RepÃºblica de Chile
     got: República de Chile
 ; [cca2=CL].translations.ara.common
Expected: ØªØ´ÙŠÙ„ÙŠ
     got: ?????
 ; [cca2=CL].translations.ara.official
Expected: Ø¬Ù…Ù‡ÙˆØ±ÙŠØ© ØªØ´ÙŠÙ„ÙŠ
     got: ??????? ?????
 ; [cca2=CL].translations.ces.official
Expected: ChilskÃ¡ republika
     got: Chilská republika
 ; [cca2=CL].translations.est.common
Expected: TÅ¡iili
     got: Tšiili
 ; [cca2=CL].translations.est.official
Expected: TÅ¡iili Vabariik
     got: Tšiili Vabariik
 ; [cca2=CL].translations.fra.official
Expected: RÃ©publique du Chili
     got: République du Chili
 ; [cca2=CL].translations.hrv.common
Expected: ÄŒile
     got: ?ile
 ; [cca2=CL].translations.hrv.official
Expected: Republika ÄŒile
     got: Republika ?ile
 ; [cca2=CL].translations.hun.official
Expected: Chilei KÃ¶ztÃ¡rsasÃ¡g
     got: Chilei Köztársaság
 ; [cca2=CL].translations.jpn.common
Expected: ãƒ?ãƒª
     got: ??
 ; [cca2=CL].translations.jpn.official
Expected: ãƒ?ãƒªå…±å’Œå›½
     got: ?????
 ; [cca2=CL].translations.kor.common
Expected: ì¹ ë ˆ
     got: ??
 ; [cca2=CL].translations.kor.official
Expected: ì¹ ë ˆ ê³µí™”êµ­
     got: ?? ???
 ; [cca2=CL].translations.per.common
Expected: Ø´ÛŒÙ„ÛŒ
     got: ????
 ; [cca2=CL].translations.per.official
Expected: Ø¬Ù…Ù‡ÙˆØ±ÛŒ Ø´ÛŒÙ„ÛŒ
     got: ?????? ????
 ; [cca2=CL].translations.por.official
Expected: RepÃºblica do Chile
     got: República do Chile
 ; [cca2=CL].translations.rus.common
Expected: Ð§Ð¸Ð»Ð¸
     got: ????
 ; [cca2=CL].translations.rus.official
Expected: Ð ÐµÑ?Ð¿ÑƒÐ±Ð»Ð¸ÐºÐ° Ð§Ð¸Ð»Ð¸
     got: ?????????? ????
 ; [cca2=CL].translations.slk.common
Expected: ÄŒile
     got: ?ile
 ; [cca2=CL].translations.slk.official
Expected: ÄŒÃ­lska republika
     got: ?ílska republika
 ; [cca2=CL].translations.spa.official
Expected: RepÃºblica de Chile
     got: República de Chile
 ; [cca2=CL].translations.srp.common
Expected: Ð§Ð¸Ð»Ðµ
     got: ????
 ; [cca2=CL].translations.srp.official
Expected: Ð ÐµÐ¿ÑƒÐ±Ð»Ð¸ÐºÐ° Ð§Ð¸Ð»Ðµ
     got: ????????? ????
 ; [cca2=CL].translations.tur.common
Expected: Åžili
     got: ?ili
 ; [cca2=CL].translations.tur.official
Expected: Åžili Cumhuriyeti
     got: ?ili Cumhuriyeti
 ; [cca2=CL].translations.urd.common
Expected: Ú†Ù„ÛŒ
     got: ???
 ; [cca2=CL].translations.urd.official
Expected: Ø¬Ù…Û?ÙˆØ±ÛŒÛ? Ú†Ù„ÛŒ
     got: ??????? ???
 ; [cca2=CL].translations.zho.common
Expected: æ™ºåˆ©
     got: ??
 ; [cca2=CL].translations.zho.official
Expected: æ™ºåˆ©å…±å’Œå›½
     got: ?????
 ; [cca2=CM].altSpellings[]
Expected: RÃ©publique du Cameroun
     but none found
 ; [cca2=CM].altSpellings[]
Unexpected: République du Cameroun
 ; [cca2=CM].capital[]
Expected: YaoundÃ©
     but none found
 ; [cca2=CM].capital[]
Unexpected: Yaoundé
 ; [cca2=CM].flag
Expected: ðŸ‡¨ðŸ‡²
     got: ??
 ; [cca2=CM].name.nativeName.fra.official
Expected: RÃ©publique du Cameroun
     got: République du Cameroun
 ; [cca2=CM].translations.ara.common
Expected: Ø§Ù„ÙƒØ§Ù…ÙŠØ±ÙˆÙ†
     got: ?????????
 ; [cca2=CM].translations.ara.official
Expected: Ø¬Ù…Ù‡ÙˆØ±ÙŠØ© Ø§Ù„ÙƒØ§Ù…ÙŠØ±ÙˆÙ†
     got: ??????? ?????????
 ; [cca2=CM].translations.ces.official
Expected: KamerunskÃ¡ republika
     got: Kamerunská republika
 ; [cca2=CM].translations.cym.common
Expected: CamerÅµn
     got: Camer?n
 ; [cca2=CM].translations.cym.official
Expected: Gweriniaeth CamerÅµn
     got: Gweriniaeth Camer?n
 ; [cca2=CM].translations.fra.official
Expected: RÃ©publique du Cameroun
     got: République du Cameroun
 ; [cca2=CM].translations.hun.official
Expected: Kameruni KÃ¶ztÃ¡rsasÃ¡g
     got: Kameruni Köztársaság
 ; [cca2=CM].translations.jpn.common
Expected: ã‚«ãƒ¡ãƒ«ãƒ¼ãƒ³
     got: ?????
 ; [cca2=CM].translations.jpn.official
Expected: ã‚«ãƒ¡ãƒ«ãƒ¼ãƒ³å…±å’Œå›½
     got: ????????
 ; [cca2=CM].translations.kor.common
Expected: ì¹´ë©”ë£¬
     got: ???
 ; [cca2=CM].translations.kor.official
Expected: ì¹´ë©”ë£¬ ê³µí™”êµ­
     got: ??? ???
 ; [cca2=CM].translations.per.common
Expected: Ú©Ø§Ù…Ù?Ø±ÙˆÙ†
     got: ???????
 ; [cca2=CM].translations.per.official
Expected: Ø¬Ù…Ù‡ÙˆØ±ÛŒ Ú©Ø§Ù…Ù?Ø±ÙˆÙ†
     got: ?????? ???????
 ; [cca2=CM].translations.por.common
Expected: CamarÃµes
     got: Camarões
 ; [cca2=CM].translations.por.official
Expected: RepÃºblica dos CamarÃµes
     got: República dos Camarões
 ; [cca2=CM].translations.rus.common
Expected: ÐšÐ°Ð¼ÐµÑ€ÑƒÐ½
     got: ???????
 ; [cca2=CM].translations.rus.official
Expected: Ð ÐµÑ?Ð¿ÑƒÐ±Ð»Ð¸ÐºÐ° ÐšÐ°Ð¼ÐµÑ€ÑƒÐ½
     got: ?????????? ???????
 ; [cca2=CM].translations.slk.official
Expected: KamerunskÃ¡ republika
     got: Kamerunská republika
 ; [cca2=CM].translations.spa.common
Expected: CamerÃºn
     got: Camerún
 ; [cca2=CM].translations.spa.official
Expected: RepÃºblica de CamerÃºn
     got: República de Camerún
 ; [cca2=CM].translations.srp.common
Expected: ÐšÐ°Ð¼ÐµÑ€ÑƒÐ½
     got: ???????
 ; [cca2=CM].translations.srp.official
Expected: Ð ÐµÐ¿ÑƒÐ±Ð»Ð¸ÐºÐ° ÐšÐ°Ð¼ÐµÑ€ÑƒÐ½
     got: ????????? ???????
 ; [cca2=CM].translations.urd.common
Expected: Ú©ÛŒÙ…Ø±ÙˆÙ†
     got: ??????
 ; [cca2=CM].translations.urd.official
Expected: Ø¬Ù…Û?ÙˆØ±ÛŒÛ? Ú©ÛŒÙ…Ø±ÙˆÙ†
     got: ??????? ??????
 ; [cca2=CM].translations.zho.common
Expected: å–€éº¦éš†
     got: ???
 ; [cca2=CM].translations.zho.official
Expected: å–€éº¦éš†å…±å’Œå›½
     got: ??????
 ; [cca2=CN].altSpellings[]
Expected: ZhÅ?ngguÃ³
     but none found
 ; [cca2=CN].altSpellings[]
Expected: ä¸­å?Žäººæ°‘å…±å’Œå›½
     but none found
 ; [cca2=CN].altSpellings[]
Expected: ZhÅ?nghuÃ¡ RÃ©nmÃ­n GÃ²nghÃ©guÃ³
     but none found
 ; [cca2=CN].altSpellings[]
Unexpected: Zh?ngguó
 ; [cca2=CN].altSpellings[]
Unexpected: ???????
 ; [cca2=CN].altSpellings[]
Unexpected: Zh?nghuá Rénmín Gònghéguó
 ; [cca2=CN].currencies.CNY.symbol
Expected: Â¥
     got: ¥
 ; [cca2=CN].flag
Expected: ðŸ‡¨ðŸ‡³
     got: ??
 ; [cca2=CN].flags.alt
Expected: The flag of China has a red field. In the canton are five yellow five-pointed stars â€” a large star and four smaller stars arranged in a vertical arc on the fly side of the large star.
     got: The flag of China has a red field. In the canton are five yellow five-pointed stars — a large star and four smaller stars arranged in a vertical arc on the fly side of the large star.
 ; [cca2=CN].name.nativeName.zho.common
Expected: ä¸­å›½
     got: ??
 ; [cca2=CN].name.nativeName.zho.official
Expected: ä¸­å?Žäººæ°‘å…±å’Œå›½
     got: ???????
 ; [cca2=CN].tld[]
Expected: .ä¸­åœ‹
     but none found
 ; [cca2=CN].tld[]
Expected: .ç½‘ç»œ
     but none found
 ; [cca2=CN].tld[]
Expected: .ä¸­å›½
     but none found
 ; [cca2=CN].tld[]
Expected: .å…¬å?¸
     but none found
 ; [cca2=CN].tld[]
Unexpected: .??
 ; [cca2=CN].tld[]
Unexpected: .??
 ; [cca2=CN].tld[]
Unexpected: .??
 ; [cca2=CN].tld[]
Unexpected: .??
 ; [cca2=CN].translations.ara.common
Expected: Ø§Ù„ØµÙŠÙ†
     got: ?????
 ; [cca2=CN].translations.ara.official
Expected: Ø¬Ù…Ù‡ÙˆØ±ÙŠØ© Ø§Ù„ØµÙŠÙ† Ø§Ù„Ø´Ø¹Ø¨ÙŠØ©
     got: ??????? ????? ???????
 ; [cca2=CN].translations.ces.common
Expected: ÄŒÃ­na
     got: ?ína
 ; [cca2=CN].translations.ces.official
Expected: ÄŒÃ­nskÃ¡ lidovÃ¡ republika
     got: ?ínská lidová republika
 ; [cca2=CN].translations.fra.official
Expected: RÃ©publique populaire de Chine
     got: République populaire de Chine
 ; [cca2=CN].translations.hun.common
Expected: KÃ­na
     got: Kína
 ; [cca2=CN].translations.hun.official
Expected: KÃ­nai NÃ©pkÃ¶ztÃ¡rsasÃ¡g
     got: Kínai Népköztársaság
 ; [cca2=CN].translations.jpn.common
Expected: ä¸­å›½
     got: ??
 ; [cca2=CN].translations.jpn.official
Expected: ä¸­è?¯äººæ°‘å…±å’Œå›½
     got: ???????
 ; [cca2=CN].translations.kor.common
Expected: ì¤‘êµ­
     got: ??
 ; [cca2=CN].translations.kor.official
Expected: ì¤‘í™”ì?¸ë¯¼ê³µí™”êµ­
     got: ???????
 ; [cca2=CN].translations.per.common
Expected: Ú†ÛŒÙ†
     got: ???
 ; [cca2=CN].translations.per.official
Expected: Ø¬Ù…Ù‡ÙˆØ±ÛŒ Ø®Ù„Ù‚ Ú†ÛŒÙ†
     got: ?????? ??? ???
 ; [cca2=CN].translations.pol.official
Expected: ChiÅ„ska Republika Ludowa
     got: Chi?ska Republika Ludowa
 ; [cca2=CN].translations.por.official
Expected: RepÃºblica Popular da China
     got: República Popular da China
 ; [cca2=CN].translations.rus.common
Expected: ÐšÐ¸Ñ‚Ð°Ð¹
     got: ?????
 ; [cca2=CN].translations.rus.official
Expected: Ð?Ð°Ñ€Ð¾Ð´Ð½Ð°Ñ? Ð ÐµÑ?Ð¿ÑƒÐ±Ð»Ð¸ÐºÐ° ÐšÐ¸Ñ‚Ð°Ð¹
     got: ???????? ?????????? ?????
 ; [cca2=CN].translations.slk.common
Expected: ÄŒÃ­na
     got: ?ína
 ; [cca2=CN].translations.slk.official
Expected: ÄŒÃ­nska Ä¾udovÃ¡ republika
     got: ?ínska ?udová republika
 ; [cca2=CN].translations.spa.official
Expected: RepÃºblica Popular de China
     got: República Popular de China
 ; [cca2=CN].translations.srp.common
Expected: ÐšÐ¸Ð½Ð°
     got: ????
 ; [cca2=CN].translations.srp.official
Expected: Ð?Ð°Ñ€Ð¾Ð´Ð½Ð° Ð ÐµÐ¿ÑƒÐ±Ð»Ð¸ÐºÐ° ÐšÐ¸Ð½Ð°
     got: ??????? ????????? ????
 ; [cca2=CN].translations.tur.common
Expected: Ã‡in
     got: Çin
 ; [cca2=CN].translations.tur.official
Expected: Ã‡in Halk Cumhuriyeti
     got: Çin Halk Cumhuriyeti
 ; [cca2=CN].translations.urd.common
Expected: Ú†ÛŒÙ†
     got: ???
 ; [cca2=CN].translations.urd.official
Expected: Ø¹ÙˆØ§Ù…ÛŒ Ø¬Ù…Û?ÙˆØ±ÛŒÛ? Ú†ÛŒÙ†
     got: ????? ??????? ???
 ; [cca2=CO].altSpellings[]
Expected: RepÃºblica de Colombia
     but none found
 ; [cca2=CO].altSpellings[]
Unexpected: República de Colombia
 ; [cca2=CO].capital[]
Expected: BogotÃ¡
     but none found
 ; [cca2=CO].capital[]
Unexpected: Bogotá
 ; [cca2=CO].flag
Expected: ðŸ‡¨ðŸ‡´
     got: ??
 ; [cca2=CO].name.nativeName.spa.official
Expected: RepÃºblica de Colombia
     got: República de Colombia
 ; [cca2=CO].translations.ara.common
Expected: ÙƒÙˆÙ„ÙˆÙ…Ø¨ÙŠØ§
     got: ????????
 ; [cca2=CO].translations.ara.official
Expected: Ø¬Ù…Ù‡ÙˆØ±ÙŠØ© ÙƒÙˆÙ„ÙˆÙ…Ø¨ÙŠØ§
     got: ??????? ????????
 ; [cca2=CO].translations.ces.official
Expected: KolumbijskÃ¡ republika
     got: Kolumbijská republika
 ; [cca2=CO].translations.fra.official
Expected: RÃ©publique de Colombie
     got: République de Colombie
 ; [cca2=CO].translations.hun.official
Expected: Kolumbiai KÃ¶ztÃ¡rsasÃ¡g
     got: Kolumbiai Köztársaság
 ; [cca2=CO].translations.jpn.common
Expected: ã‚³ãƒ­ãƒ³ãƒ“ã‚¢
     got: ?????
 ; [cca2=CO].translations.jpn.official
Expected: ã‚³ãƒ­ãƒ³ãƒ“ã‚¢å…±å’Œå›½
     got: ????????
 ; [cca2=CO].translations.kor.common
Expected: ì½œë¡¬ë¹„ì•„
     got: ????
 ; [cca2=CO].translations.kor.official
Expected: ì½œë¡¬ë¹„ì•„ ê³µí™”êµ­
     got: ???? ???
 ; [cca2=CO].translations.per.common
Expected: Ú©Ù„Ù…Ø¨ÛŒØ§
     got: ??????
 ; [cca2=CO].translations.per.official
Expected: Ø¬Ù…Ù‡ÙˆØ±ÛŒ Ú©Ù„Ù…Ø¨ÛŒØ§
     got: ?????? ??????
 ; [cca2=CO].translations.por.common
Expected: ColÃ´mbia
     got: Colômbia
 ; [cca2=CO].translations.por.official
Expected: RepÃºblica da ColÃ´mbia
     got: República da Colômbia
 ; [cca2=CO].translations.rus.common
Expected: ÐšÐ¾Ð»ÑƒÐ¼Ð±Ð¸Ñ?
     got: ????????
 ; [cca2=CO].translations.rus.official
Expected: Ð ÐµÑ?Ð¿ÑƒÐ±Ð»Ð¸ÐºÐ° ÐšÐ¾Ð»ÑƒÐ¼Ð±Ð¸Ñ?
     got: ?????????? ????????
 ; [cca2=CO].translations.slk.official
Expected: KolumbijskÃ¡ republika
     got: Kolumbijská republika
 ; [cca2=CO].translations.spa.official
Expected: RepÃºblica de Colombia
     got: República de Colombia
 ; [cca2=CO].translations.srp.common
Expected: ÐšÐ¾Ð»ÑƒÐ¼Ð±Ð¸Ñ˜Ð°
     got: ?????????
 ; [cca2=CO].translations.srp.official
Expected: Ð ÐµÐ¿ÑƒÐ±Ð»Ð¸ÐºÐ° ÐšÐ¾Ð»ÑƒÐ¼Ð±Ð¸Ñ˜Ð°
     got: ????????? ?????????
 ; [cca2=CO].translations.urd.common
Expected: Ú©ÙˆÙ„Ù…Ø¨ÛŒØ§
     got: ???????
 ; [cca2=CO].translations.urd.official
Expected: Ø¬Ù…Û?ÙˆØ±ÛŒÛ? Ú©ÙˆÙ„Ù…Ø¨ÛŒØ§
     got: ??????? ???????
 ; [cca2=CO].translations.zho.common
Expected: å“¥ä¼¦æ¯”äºš
     got: ????
 ; [cca2=CO].translations.zho.official
Expected: å“¥ä¼¦æ¯”äºšå…±å’Œå›½
     got: ???????
 ; [cca2=CR].altSpellings[]
Expected: RepÃºblica de Costa Rica
     but none found
 ; [cca2=CR].altSpellings[]
Unexpected: República de Costa Rica
 ; [cca2=CR].capital[]
Expected: San JosÃ©
     but none found
 ; [cca2=CR].capital[]
Unexpected: San José
 ; [cca2=CR].currencies.CRC.name
Expected: Costa Rican colÃ³n
     got: Costa Rican colón
 ; [cca2=CR].currencies.CRC.symbol
Expected: â‚¡
     got: ?
 ; [cca2=CR].flag
Expected: ðŸ‡¨ðŸ‡·
     got: ??
 ; [cca2=CR].name.nativeName.spa.official
Expected: RepÃºblica de Costa Rica
     got: República de Costa Rica
 ; [cca2=CR].translations.ara.common
Expected: ÙƒÙˆØ³ØªØ§Ø±ÙŠÙƒØ§
     got: ?????????
 ; [cca2=CR].translations.ara.official
Expected: Ø¬Ù…Ù‡ÙˆØ±ÙŠØ© ÙƒÙˆØ³ØªØ§Ø±ÙŠÙƒØ§
     got: ??????? ?????????
 ; [cca2=CR].translations.ces.official
Expected: KostarickÃ¡ republika
     got: Kostarická republika
 ; [cca2=CR].translations.fra.official
Expected: RÃ©publique du Costa Rica
     got: République du Costa Rica
 ; [cca2=CR].translations.hun.official
Expected: Costa Rica-i KÃ¶ztÃ¡rsasÃ¡g
     got: Costa Rica-i Köztársaság
 ; [cca2=CR].translations.jpn.common
Expected: ã‚³ã‚¹ã‚¿ãƒªã‚«
     got: ?????
 ; [cca2=CR].translations.jpn.official
Expected: ã‚³ã‚¹ã‚¿ãƒªã‚«å…±å’Œå›½
     got: ????????
 ; [cca2=CR].translations.kor.common
Expected: ì½”ìŠ¤íƒ€ë¦¬ì¹´
     got: ?????
 ; [cca2=CR].translations.kor.official
Expected: ì½”ìŠ¤íƒ€ë¦¬ì¹´ ê³µí™”êµ­
     got: ????? ???
 ; [cca2=CR].translations.per.common
Expected: Ú©Ø§Ø³ØªØ§Ø±ÛŒÚ©Ø§
     got: ?????????
 ; [cca2=CR].translations.per.official
Expected: Ø¬Ù…Ù‡ÙˆØ±ÛŒ Ú©Ø§Ø³ØªØ§Ø±ÛŒÚ©Ø§
     got: ?????? ?????????
 ; [cca2=CR].translations.por.official
Expected: RepÃºblica da Costa Rica
     got: República da Costa Rica
 ; [cca2=CR].translations.rus.common
Expected: ÐšÐ¾Ñ?Ñ‚Ð°-Ð Ð¸ÐºÐ°
     got: ?????-????
 ; [cca2=CR].translations.rus.official
Expected: Ð ÐµÑ?Ð¿ÑƒÐ±Ð»Ð¸ÐºÐ° ÐšÐ¾Ñ?Ñ‚Ð°-Ð Ð¸ÐºÐ°
     got: ?????????? ?????-????
 ; [cca2=CR].translations.slk.official
Expected: KostarickÃ¡ republika
     got: Kostarická republika
 ; [cca2=CR].translations.spa.official
Expected: RepÃºblica de Costa Rica
     got: República de Costa Rica
 ; [cca2=CR].translations.srp.common
Expected: ÐšÐ¾Ñ?Ñ‚Ð°Ñ€Ð¸ÐºÐ°
     got: ?????????
 ; [cca2=CR].translations.srp.official
Expected: Ð ÐµÐ¿ÑƒÐ±Ð»Ð¸ÐºÐ° ÐšÐ¾Ñ?Ñ‚Ð°Ñ€Ð¸ÐºÐ°
     got: ????????? ?????????
 ; [cca2=CR].translations.urd.common
Expected: Ú©ÙˆØ³Ù¹Ø§Ø±ÛŒÚ©Ø§
     got: ?????????
 ; [cca2=CR].translations.urd.official
Expected: Ø¬Ù…Û?ÙˆØ±ÛŒÛ? Ú©ÙˆØ³Ù¹Ø§Ø±ÛŒÚ©Ø§
     got: ??????? ?????????
 ; [cca2=CR].translations.zho.common
Expected: å“¥æ–¯è¾¾é»ŽåŠ 
     got: ?????
 ; [cca2=CR].translations.zho.official
Expected: å“¥æ–¯è¾¾é»ŽåŠ å…±å’Œå›½
     got: ????????
 ; [cca2=TC].flag
Expected: ðŸ‡¹ðŸ‡¨
     got: ??
 ; [cca2=TC].translations.ara.common
Expected: Ø¬Ø²Ø± ØªÙˆØ±ÙƒØ³ ÙˆÙƒØ§ÙŠÙƒÙˆØ³
     got: ??? ????? ???????
 ; [cca2=TC].translations.ara.official
Expected: Ø¬Ø²Ø± ØªÙˆØ±ÙƒØ³ ÙˆÙƒØ§ÙŠÙƒÙˆØ³
     got: ??? ????? ???????
 ; [cca2=TC].translations.fra.common
Expected: ÃŽles Turques-et-CaÃ¯ques
     got: Îles Turques-et-Caïques
 ; [cca2=TC].translations.fra.official
Expected: ÃŽles Turques et CaÃ¯ques
     got: Îles Turques et Caïques
 ; [cca2=TC].translations.hun.common
Expected: Turks- Ã©s Caicos-szigetek
     got: Turks- és Caicos-szigetek
 ; [cca2=TC].translations.hun.official
Expected: Turks- Ã©s Caicos-szigetek
     got: Turks- és Caicos-szigetek
 ; [cca2=TC].translations.jpn.common
Expected: ã‚¿ãƒ¼ã‚¯ã‚¹ãƒ»ã‚«ã‚¤ã‚³ã‚¹è«¸å³¶
     got: ???????????
 ; [cca2=TC].translations.jpn.official
Expected: ã‚¿ãƒ¼ã‚¯ã‚¹Â·ã‚«ã‚¤ã‚³ã‚¹è«¸å³¶
     got: ????·??????
 ; [cca2=TC].translations.kor.common
Expected: í„°í?¬ìŠ¤ ì¼€ì?´ì»¤ìŠ¤ ì œë?„
     got: ??? ???? ??
 ; [cca2=TC].translations.kor.official
Expected: í„°í?¬ìŠ¤ ì¼€ì?´ì»¤ìŠ¤ ì œë?„
     got: ??? ???? ??
 ; [cca2=TC].translations.per.common
Expected: Ø¬Ø²Ø§ÛŒØ± ØªÙˆØ±Ú©Ø³ Ùˆ Ú©Ø§ÛŒÚ©ÙˆØ³
     got: ????? ????? ? ??????
 ; [cca2=TC].translations.per.official
Expected: Ø¬Ø²Ø§ÛŒØ± ØªÙˆØ±Ú©Ø³ Ùˆ Ú©Ø§ÛŒÚ©ÙˆØ³
     got: ????? ????? ? ??????
 ; [cca2=TC].translations.rus.common
Expected: Ð¢ÐµÑ€ÐºÑ? Ð¸ ÐšÐ°Ð¹ÐºÐ¾Ñ?
     got: ????? ? ??????
 ; [cca2=TC].translations.rus.official
Expected: Ð¢ÐµÑ€ÐºÑ? Ð¸ ÐšÐ°Ð¹ÐºÐ¾Ñ? Ð¾Ñ?Ñ‚Ñ€Ð¾Ð²Ð°
     got: ????? ? ?????? ???????
 ; [cca2=TC].translations.srp.common
Expected: Ð¢ÐµÑ€ÐºÑ? Ð¸ ÐšÐµÑ˜ÐºÐ¾Ñ?
     got: ????? ? ??????
 ; [cca2=TC].translations.srp.official
Expected: ÐžÑ?Ñ‚Ñ€Ð²Ð° Ð¢ÐµÑ€ÐºÑ? Ð¸ ÐšÐµÑ˜ÐºÐ¾Ñ?
     got: ?????? ????? ? ??????
 ; [cca2=TC].translations.swe.common
Expected: Turks- och CaicosÃ¶arna
     got: Turks- och Caicosöarna
 ; [cca2=TC].translations.swe.official
Expected: Turks- och CaicosÃ¶arna
     got: Turks- och Caicosöarna
 ; [cca2=TC].translations.tur.common
Expected: Turks ve Caicos AdalarÄ±
     got: Turks ve Caicos Adalar?
 ; [cca2=TC].translations.tur.official
Expected: Turks ve Caicos AdalarÄ±
     got: Turks ve Caicos Adalar?
 ; [cca2=TC].translations.urd.common
Expected: Ø¬Ø²Ø§Ø¦Ø± Ú©ÛŒÚ©Ø³ Ùˆ ØªØ±Ú©ÛŒÛ?
     got: ????? ???? ? ?????
 ; [cca2=TC].translations.urd.official
Expected: Ø¬Ø²Ø§Ø¦Ø± Ú©ÛŒÚ©Ø³ Ùˆ ØªØ±Ú©ÛŒÛ?
     got: ????? ???? ? ?????
 ; [cca2=TC].translations.zho.common
Expected: ç‰¹å…‹æ–¯å’Œå‡¯ç§‘æ–¯ç¾¤å²›
     got: ?????????
 ; [cca2=TC].translations.zho.official
Expected: ç‰¹å…‹æ–¯å’Œå‡¯ç§‘æ–¯ç¾¤å²›
     got: ?????????
 ; [cca2=TD].altSpellings[]
Expected: RÃ©publique du Tchad
     but none found
 ; [cca2=TD].altSpellings[]
Unexpected: République du Tchad
 ; [cca2=TD].flag
Expected: ðŸ‡¹ðŸ‡©
     got: ??
 ; [cca2=TD].name.nativeName.ara.common
Expected: ØªØ´Ø§Ø¯â€Ž
     got: ?????
 ; [cca2=TD].name.nativeName.ara.official
Expected: Ø¬Ù…Ù‡ÙˆØ±ÙŠØ© ØªØ´Ø§Ø¯
     got: ??????? ????
 ; [cca2=TD].name.nativeName.fra.official
Expected: RÃ©publique du Tchad
     got: République du Tchad
 ; [cca2=TD].translations.ara.common
Expected: ØªØ´Ø§Ø¯
     got: ????
 ; [cca2=TD].translations.ara.official
Expected: Ø¬Ù…Ù‡ÙˆØ±ÙŠØ© ØªØ´Ø§Ø¯
     got: ??????? ????
 ; [cca2=TD].translations.ces.common
Expected: ÄŒad
     got: ?ad
 ; [cca2=TD].translations.ces.official
Expected: ÄŒadskÃ¡ republika
     got: ?adská republika
 ; [cca2=TD].translations.est.common
Expected: TÅ¡aad
     got: Tšaad
 ; [cca2=TD].translations.est.official
Expected: TÅ¡aadi Vabariik
     got: Tšaadi Vabariik
 ; [cca2=TD].translations.fin.common
Expected: TÅ¡ad
     got: Tšad
 ; [cca2=TD].translations.fin.official
Expected: TÅ¡adin tasavalta
     got: Tšadin tasavalta
 ; [cca2=TD].translations.fra.official
Expected: RÃ©publique du Tchad
     got: République du Tchad
 ; [cca2=TD].translations.hrv.common
Expected: ÄŒad
     got: ?ad
 ; [cca2=TD].translations.hrv.official
Expected: ÄŒadu
     got: ?adu
 ; [cca2=TD].translations.hun.common
Expected: CsÃ¡d
     got: Csád
 ; [cca2=TD].translations.hun.official
Expected: CsÃ¡d KÃ¶ztÃ¡rsasÃ¡g
     got: Csád Köztársaság
 ; [cca2=TD].translations.jpn.common
Expected: ãƒ?ãƒ£ãƒ‰
     got: ???
 ; [cca2=TD].translations.jpn.official
Expected: ãƒ?ãƒ£ãƒ‰å…±å’Œå›½
     got: ??????
 ; [cca2=TD].translations.kor.common
Expected: ì°¨ë“œ
     got: ??
 ; [cca2=TD].translations.kor.official
Expected: ì°¨ë“œ ê³µí™”êµ­
     got: ?? ???
 ; [cca2=TD].translations.per.common
Expected: Ú†Ø§Ø¯
     got: ???
 ; [cca2=TD].translations.per.official
Expected: Ø¬Ù…Ù‡ÙˆØ±ÛŒ Ú†Ø§Ø¯
     got: ?????? ???
 ; [cca2=TD].translations.por.official
Expected: RepÃºblica do Chade
     got: República do Chade
 ; [cca2=TD].translations.rus.common
Expected: Ð§Ð°Ð´
     got: ???
 ; [cca2=TD].translations.rus.official
Expected: Ð ÐµÑ?Ð¿ÑƒÐ±Ð»Ð¸ÐºÐ° Ð§Ð°Ð´
     got: ?????????? ???
 ; [cca2=TD].translations.slk.common
Expected: ÄŒad
     got: ?ad
 ; [cca2=TD].translations.slk.official
Expected: ÄŒadskÃ¡ republika
     got: ?adská republika
 ; [cca2=TD].translations.spa.official
Expected: RepÃºblica de Chad
     got: República de Chad
 ; [cca2=TD].translations.srp.common
Expected: Ð§Ð°Ð´
     got: ???
 ; [cca2=TD].translations.srp.official
Expected: Ð ÐµÐ¿ÑƒÐ±Ð»Ð¸ÐºÐ° Ð§Ð°Ð´
     got: ????????? ???
 ; [cca2=TD].translations.tur.common
Expected: Ã‡ad
     got: Çad
 ; [cca2=TD].translations.tur.official
Expected: Ã‡ad Cumhuriyeti
     got: Çad Cumhuriyeti
 ; [cca2=TD].translations.urd.common
Expected: Ú†Ø§Úˆ
     got: ???
 ; [cca2=TD].translations.urd.official
Expected: Ø¬Ù…Û?ÙˆØ±ÛŒÛ? Ú†Ø§Úˆ
     got: ??????? ???
 ; [cca2=TD].translations.zho.common
Expected: ä¹?å¾—
     got: ??
 ; [cca2=TD].translations.zho.official
Expected: ä¹?å¾—å…±å’Œå›½
     got: ?????
 ; [cca2=TF].capital[]
Expected: Port-aux-FranÃ§ais
     but none found
 ; [cca2=TF].capital[]
Unexpected: Port-aux-Français
 ; [cca2=TF].currencies.EUR.symbol
Expected: â‚¬
     got: €
 ; [cca2=TF].demonyms.fra.f
Expected: FranÃ§aise
     got: Française
 ; [cca2=TF].demonyms.fra.m
Expected: FranÃ§ais
     got: Français
 ; [cca2=TF].flag
Expected: ðŸ‡¹ðŸ‡«
     got: ??
 ; [cca2=TF].name.nativeName.fra.common
Expected: Terres australes et antarctiques franÃ§aises
     got: Terres australes et antarctiques françaises
 ; [cca2=TF].name.nativeName.fra.official
Expected: Territoire des Terres australes et antarctiques franÃ§aises
     got: Territoire des Terres australes et antarctiques françaises
 ; [cca2=TF].translations.ara.common
Expected: Ø£Ø±Ø§Ø¶ Ù?Ø±Ù†Ø³ÙŠØ© Ø¬Ù†ÙˆØ¨ÙŠØ© ÙˆØ£Ù†ØªØ§Ø±ØªÙŠÙƒÙŠØ©
     got: ???? ?????? ?????? ???????????
 ; [cca2=TF].translations.ara.official
Expected: Ù…Ù‚Ø§Ø·Ø¹Ø§Øª ÙˆØ£Ù‚Ø§Ù„ÙŠÙ… Ù…Ø§ ÙˆØ±Ø§Ø¡ Ø§Ù„Ø¨Ø­Ø§Ø± Ø§Ù„Ù?Ø±Ù†Ø³ÙŠØ©
     got: ??????? ??????? ?? ???? ?????? ????????
 ; [cca2=TF].translations.bre.common
Expected: DouaroÃ¹ Aostral hag Antarktikel FraÃ±s
     got: Douaroù Aostral hag Antarktikel Frañs
 ; [cca2=TF].translations.bre.official
Expected: Tiriad DouaroÃ¹ Aostral hag Antarktikel FraÃ±s
     got: Tiriad Douaroù Aostral hag Antarktikel Frañs
 ; [cca2=TF].translations.ces.common
Expected: FrancouzskÃ¡ jiÅ¾nÃ­ a antarktickÃ¡ ÃºzemÃ­
     got: Francouzská jižní a antarktická území
 ; [cca2=TF].translations.ces.official
Expected: Teritorium FrancouzskÃ¡ jiÅ¾nÃ­ a antarktickÃ¡ ÃºzemÃ­
     got: Teritorium Francouzská jižní a antarktická území
 ; [cca2=TF].translations.deu.common
Expected: FranzÃ¶sische SÃ¼d- und Antarktisgebiete
     got: Französische Süd- und Antarktisgebiete
 ; [cca2=TF].translations.deu.official
Expected: Gebiet der FranzÃ¶sisch SÃ¼d- und Antarktisgebiete
     got: Gebiet der Französisch Süd- und Antarktisgebiete
 ; [cca2=TF].translations.est.common
Expected: Prantsuse LÃµunaalad
     got: Prantsuse Lõunaalad
 ; [cca2=TF].translations.est.official
Expected: Prantsuse LÃµunaalad
     got: Prantsuse Lõunaalad
 ; [cca2=TF].translations.fin.common
Expected: Ranskan etelÃ¤iset ja antarktiset alueet
     got: Ranskan eteläiset ja antarktiset alueet
 ; [cca2=TF].translations.fin.official
Expected: Ranskan etelÃ¤iset ja antarktiset alueet
     got: Ranskan eteläiset ja antarktiset alueet
 ; [cca2=TF].translations.fra.common
Expected: Terres australes et antarctiques franÃ§aises
     got: Terres australes et antarctiques françaises
 ; [cca2=TF].translations.fra.official
Expected: Territoire des Terres australes et antarctiques franÃ§aises
     got: Territoire des Terres australes et antarctiques françaises
 ; [cca2=TF].translations.hrv.common
Expected: Francuski juÅ¾ni i antarktiÄ?ki teritoriji
     got: Francuski južni i antarkti?ki teritoriji
 ; [cca2=TF].translations.hrv.official
Expected: Teritoriju Francuski juÅ¾ni i antarktiÄ?ki teritoriji
     got: Teritoriju Francuski južni i antarkti?ki teritoriji
 ; [cca2=TF].translations.hun.common
Expected: Francia dÃ©li Ã©s antarktiszi terÃ¼letek
     got: Francia déli és antarktiszi területek
 ; [cca2=TF].translations.hun.official
Expected: Francia dÃ©li Ã©s antarktiszi terÃ¼letek
     got: Francia déli és antarktiszi területek
 ; [cca2=TF].translations.jpn.common
Expected: ãƒ•ãƒ©ãƒ³ã‚¹é ˜å?—æ–¹ãƒ»å?—æ¥µåœ°åŸŸ
     got: ????????????
 ; [cca2=TF].translations.jpn.official
Expected: ãƒ•ãƒ©ãƒ³ã‚¹é ˜å?—æ–¹Â·å?—æ¥µåœ°åŸŸã?®é ˜åœŸ
     got: ???????·???????
 ; [cca2=TF].translations.kor.common
Expected: í”„ëž‘ìŠ¤ë ¹ ë‚¨ë¶€ì™€ ë‚¨ê·¹ ì§€ì—­
     got: ???? ??? ?? ??
 ; [cca2=TF].translations.kor.official
Expected: í”„ëž‘ìŠ¤ë ¹ ë‚¨ë¶€ì™€ ë‚¨ê·¹ ì§€ì—­
     got: ???? ??? ?? ??
 ; [cca2=TF].translations.per.common
Expected: Ø³Ø±Ø²Ù…ÛŒÙ†â€ŒÙ‡Ø§ÛŒ Ø¬Ù†ÙˆØ¨ÛŒ Ùˆ Ø¬Ù†ÙˆØ¨Ú¯Ø§Ù†ÛŒ Ù?Ø±Ø§Ù†Ø³Ù‡
     got: ?????????? ????? ? ???????? ??????
 ; [cca2=TF].translations.per.official
Expected: Ø³Ø±Ø²Ù…ÛŒÙ†â€ŒÙ‡Ø§ÛŒ Ø¬Ù†ÙˆØ¨ÛŒ Ùˆ Ø¬Ù†ÙˆØ¨Ú¯Ø§Ù†ÛŒ Ù?Ø±Ø§Ù†Ø³Ù‡
     got: ?????????? ????? ? ???????? ??????
 ; [cca2=TF].translations.pol.common
Expected: Francuskie Terytoria PoÅ‚udniowe i Antarktyczne
     got: Francuskie Terytoria Po?udniowe i Antarktyczne
 ; [cca2=TF].translations.pol.official
Expected: Francuskie Terytoria PoÅ‚udniowe i Antarktyczne
     got: Francuskie Terytoria Po?udniowe i Antarktyczne
 ; [cca2=TF].translations.por.common
Expected: Terras Austrais e AntÃ¡rticas Francesas
     got: Terras Austrais e Antárticas Francesas
 ; [cca2=TF].translations.por.official
Expected: TerritÃ³rio do Sul e AntÃ¡rtica Francesa
     got: Território do Sul e Antártica Francesa
 ; [cca2=TF].translations.rus.common
Expected: Ð¤Ñ€Ð°Ð½Ñ†ÑƒÐ·Ñ?ÐºÐ¸Ðµ Ð®Ð¶Ð½Ñ‹Ðµ Ð¸ Ð?Ð½Ñ‚Ð°Ñ€ÐºÑ‚Ð¸Ñ‡ÐµÑ?ÐºÐ¸Ðµ Ñ‚ÐµÑ€Ñ€Ð¸Ñ‚Ð¾Ñ€Ð¸Ð¸
     got: ??????????? ????? ? ?????????????? ??????????
 ; [cca2=TF].translations.rus.official
Expected: Ð¢ÐµÑ€Ñ€Ð¸Ñ‚Ð¾Ñ€Ð¸Ñ? Ð¤Ñ€Ð°Ð½Ñ†ÑƒÐ·Ñ?ÐºÐ¸Ðµ Ð®Ð¶Ð½Ñ‹Ðµ Ð¸ Ð?Ð½Ñ‚Ð°Ñ€ÐºÑ‚Ð¸Ñ‡ÐµÑ?ÐºÐ¸Ðµ Ð·ÐµÐ¼Ð»Ð¸
     got: ?????????? ??????????? ????? ? ?????????????? ?????
 ; [cca2=TF].translations.slk.common
Expected: FrancÃºzske juÅ½nÃ© a antarktickÃ© Ãºzemia
     got: Francúzske juŽné a antarktické územia
 ; [cca2=TF].translations.slk.official
Expected: FrancÃºzske juÅ¾nÃ© a antarktickÃ© Ãºzemia
     got: Francúzske južné a antarktické územia
 ; [cca2=TF].translations.spa.common
Expected: Tierras Australes y AntÃ¡rticas Francesas
     got: Tierras Australes y Antárticas Francesas
 ; [cca2=TF].translations.spa.official
Expected: Territorio del FrancÃ©s Tierras australes y antÃ¡rticas
     got: Territorio del Francés Tierras australes y antárticas
 ; [cca2=TF].translations.srp.common
Expected: Ð¤Ñ€Ð°Ð½Ñ†ÑƒÑ?ÐºÐµ Ñ˜ÑƒÐ¶Ð½Ðµ Ð¸ Ð°Ð½Ñ‚Ð°Ñ€ÐºÑ‚Ð¸Ñ‡ÐºÐµ Ð·ÐµÐ¼Ñ™Ðµ
     got: ????????? ????? ? ??????????? ?????
 ; [cca2=TF].translations.srp.official
Expected: Ð¤Ñ€Ð°Ð½Ñ†ÑƒÑ?ÐºÐµ Ñ˜ÑƒÐ¶Ð½Ðµ Ð¸ Ð°Ð½Ñ‚Ð°Ñ€ÐºÑ‚Ð¸Ñ‡ÐºÐµ Ð·ÐµÐ¼Ñ™Ðµ
     got: ????????? ????? ? ??????????? ?????
 ; [cca2=TF].translations.swe.common
Expected: Franska sÃ¶dra territorierna
     got: Franska södra territorierna
 ; [cca2=TF].translations.tur.common
Expected: FransÄ±z GÃ¼ney ve Antarktika TopraklarÄ±
     got: Frans?z Güney ve Antarktika Topraklar?
 ; [cca2=TF].translations.tur.official
Expected: FransÄ±z GÃ¼ney ve Antarktika TopraklarÄ±
     got: Frans?z Güney ve Antarktika Topraklar?
 ; [cca2=TF].translations.urd.common
Expected: Ø³Ø±Ø²Ù…ÛŒÙ† Ø¬Ù†ÙˆØ¨ÛŒ Ù?Ø±Ø§Ù†Ø³ÛŒØ³ÛŒÛ? Ùˆ Ø§Ù†Ù¹Ø§Ø±Ú©Ù¹ÛŒÚ©Ø§
     got: ?????? ????? ????????? ? ??????????
 ; [cca2=TF].translations.urd.official
Expected: Ø³Ø±Ø²Ù…ÛŒÙ†Ù? Ø¬Ù†ÙˆØ¨ÛŒ Ù?Ø±Ø§Ù†Ø³ÛŒØ³ÛŒÛ? Ùˆ Ø§Ù†Ù¹Ø§Ø±Ú©Ù¹ÛŒÚ©Û?
     got: ??????? ????? ????????? ? ??????????
 ; [cca2=TF].translations.zho.common
Expected: æ³•å›½å?—éƒ¨å’Œå?—æž?åœŸåœ°
     got: ?????????
 ; [cca2=TF].translations.zho.official
Expected: æ³•å›½å?—éƒ¨å’Œå?—æž?åœŸåœ°
     got: ?????????
 ; [cca2=CU].altSpellings[]
Expected: RepÃºblica de Cuba
     but none found
 ; [cca2=CU].altSpellings[]
Unexpected: República de Cuba
 ; [cca2=CU].flag
Expected: ðŸ‡¨ðŸ‡º
     got: ??
 ; [cca2=CU].name.nativeName.spa.official
Expected: RepÃºblica de Cuba
     got: República de Cuba
 ; [cca2=CU].translations.ara.common
Expected: ÙƒÙˆØ¨Ø§
     got: ????
 ; [cca2=CU].translations.ara.official
Expected: Ø¬Ù…Ù‡ÙˆØ±ÙŠØ© ÙƒÙˆØ¨Ø§
     got: ??????? ????
 ; [cca2=CU].translations.ces.official
Expected: KubÃ¡nskÃ¡ republika
     got: Kubánská republika
 ; [cca2=CU].translations.fra.official
Expected: RÃ©publique de Cuba
     got: République de Cuba
 ; [cca2=CU].translations.hun.official
Expected: Kubai KÃ¶ztÃ¡rsasÃ¡g
     got: Kubai Köztársaság
 ; [cca2=CU].translations.jpn.common
Expected: ã‚­ãƒ¥ãƒ¼ãƒ?
     got: ????
 ; [cca2=CU].translations.jpn.official
Expected: ã‚­ãƒ¥ãƒ¼ãƒ?å…±å’Œå›½
     got: ???????
 ; [cca2=CU].translations.kor.common
Expected: ì¿ ë°”
     got: ??
 ; [cca2=CU].translations.kor.official
Expected: ì¿ ë°” ê³µí™”êµ­
     got: ?? ???
 ; [cca2=CU].translations.per.common
Expected: Ú©ÙˆØ¨Ø§
     got: ????
 ; [cca2=CU].translations.per.official
Expected: Ø¬Ù…Ù‡ÙˆØ±ÛŒ Ú©ÙˆØ¨Ø§
     got: ?????? ????
 ; [cca2=CU].translations.por.official
Expected: RepÃºblica de Cuba
     got: República de Cuba
 ; [cca2=CU].translations.rus.common
Expected: ÐšÑƒÐ±Ð°
     got: ????
 ; [cca2=CU].translations.rus.official
Expected: Ð ÐµÑ?Ð¿ÑƒÐ±Ð»Ð¸ÐºÐ° ÐšÑƒÐ±Ð°
     got: ?????????? ????
 ; [cca2=CU].translations.slk.official
Expected: KubÃ¡nska republika
     got: Kubánska republika
 ; [cca2=CU].translations.spa.official
Expected: RepÃºblica de Cuba
     got: República de Cuba
 ; [cca2=CU].translations.srp.common
Expected: ÐšÑƒÐ±Ð°
     got: ????
 ; [cca2=CU].translations.srp.official
Expected: Ð ÐµÐ¿ÑƒÐ±Ð»Ð¸ÐºÐ° ÐšÑƒÐ±Ð°
     got: ????????? ????
 ; [cca2=CU].translations.tur.common
Expected: KÃ¼ba
     got: Küba
 ; [cca2=CU].translations.tur.official
Expected: KÃ¼ba Cumhuriyeti
     got: Küba Cumhuriyeti
 ; [cca2=CU].translations.urd.common
Expected: Ú©ÛŒÙˆØ¨Ø§
     got: ?????
 ; [cca2=CU].translations.urd.official
Expected: Ø¬Ù…Û?ÙˆØ±ÛŒÛ? Ú©ÛŒÙˆØ¨Ø§
     got: ??????? ?????
 ; [cca2=CU].translations.zho.common
Expected: å?¤å·´
     got: ??
 ; [cca2=CU].translations.zho.official
Expected: å?¤å·´å…±å’Œå›½
     got: ?????
 ; [cca2=CV].altSpellings[]
Expected: RepÃºblica de Cabo Verde
     but none found
 ; [cca2=CV].altSpellings[]
Unexpected: República de Cabo Verde
 ; [cca2=CV].flag
Expected: ðŸ‡¨ðŸ‡»
     got: ??
 ; [cca2=CV].name.nativeName.por.official
Expected: RepÃºblica de Cabo Verde
     got: República de Cabo Verde
 ; [cca2=CV].translations.ara.common
Expected: ÙƒØ§Ø¨Ùˆ Ù?ÙŠØ±Ø¯ÙŠ
     got: ???? ?????
 ; [cca2=CV].translations.ara.official
Expected: Ø¬Ù…Ù‡ÙˆØ±ÙŠØ© ÙƒØ§Ø¨Ùˆ Ù?ÙŠØ±Ø¯ÙŠ
     got: ??????? ???? ?????
 ; [cca2=CV].translations.ces.official
Expected: KapverdskÃ¡ republika
     got: Kapverdská republika
 ; [cca2=CV].translations.fra.common
Expected: ÃŽles du Cap-Vert
     got: Îles du Cap-Vert
 ; [cca2=CV].translations.fra.official
Expected: RÃ©publique du Cap-Vert
     got: République du Cap-Vert
 ; [cca2=CV].translations.hun.common
Expected: ZÃ¶ld-foki KÃ¶ztÃ¡rsasÃ¡g
     got: Zöld-foki Köztársaság
 ; [cca2=CV].translations.hun.official
Expected: ZÃ¶ld-foki KÃ¶ztÃ¡rsasÃ¡g
     got: Zöld-foki Köztársaság
 ; [cca2=CV].translations.jpn.common
Expected: ã‚«ãƒ¼ãƒœãƒ™ãƒ«ãƒ‡
     got: ??????
 ; [cca2=CV].translations.jpn.official
Expected: ã‚«ãƒ¼ãƒœãƒ™ãƒ«ãƒ‡å…±å’Œå›½
     got: ?????????
 ; [cca2=CV].translations.kor.common
Expected: ì¹´ë³´ë² ë¥´ë?°
     got: ?????
 ; [cca2=CV].translations.kor.official
Expected: ì¹´ë³´ë² ë¥´ë?° ê³µí™”êµ­
     got: ????? ???
 ; [cca2=CV].translations.nld.common
Expected: KaapverdiÃ«
     got: Kaapverdië
 ; [cca2=CV].translations.per.common
Expected: Ø¯Ù…Ø§ØºÙ‡Ù” Ø³Ø¨Ø²
     got: ?????? ???
 ; [cca2=CV].translations.per.official
Expected: Ø¬Ù…Ù‡ÙˆØ±ÛŒ Ú©Ø¨Ùˆ ÙˆØ±Ø¯
     got: ?????? ??? ???
 ; [cca2=CV].translations.pol.common
Expected: Republika Zielonego PrzylÄ…dka
     got: Republika Zielonego Przyl?dka
 ; [cca2=CV].translations.pol.official
Expected: Republika Zielonego PrzylÄ…dka
     got: Republika Zielonego Przyl?dka
 ; [cca2=CV].translations.por.official
Expected: RepÃºblica de Cabo Verde
     got: República de Cabo Verde
 ; [cca2=CV].translations.rus.common
Expected: ÐšÐ°Ð±Ð¾-Ð’ÐµÑ€Ð´Ðµ
     got: ????-?????
 ; [cca2=CV].translations.rus.official
Expected: Ð ÐµÑ?Ð¿ÑƒÐ±Ð»Ð¸ÐºÐ° ÐšÐ°Ð±Ð¾ -Ð’ÐµÑ€Ð´Ðµ
     got: ?????????? ???? -?????
 ; [cca2=CV].translations.slk.official
Expected: KapverdskÃ¡ republika
     got: Kapverdská republika
 ; [cca2=CV].translations.spa.official
Expected: RepÃºblica de Cabo Verde
     got: República de Cabo Verde
 ; [cca2=CV].translations.srp.common
Expected: Ð—ÐµÐ»ÐµÐ½Ð¾Ñ€Ñ‚Ñ?ÐºÐ° ÐžÑ?Ñ‚Ñ€Ð²Ð°
     got: ??????????? ??????
 ; [cca2=CV].translations.srp.official
Expected: Ð—ÐµÐ»ÐµÐ½Ð¾Ñ€Ñ‚Ñ?ÐºÐ° Ð ÐµÐ¿ÑƒÐ±Ð»Ð¸ÐºÐ°
     got: ??????????? ?????????
 ; [cca2=CV].translations.tur.common
Expected: YeÅŸil Burun
     got: Ye?il Burun
 ; [cca2=CV].translations.tur.official
Expected: YeÅŸil Burun Cumhuriyeti
     got: Ye?il Burun Cumhuriyeti
 ; [cca2=CV].translations.urd.common
Expected: Ú©ÛŒÙ¾ ÙˆØ±ÚˆÛŒ
     got: ??? ????
 ; [cca2=CV].translations.urd.official
Expected: Ø¬Ù…Û?ÙˆØ±ÛŒÛ? Ú©ÛŒÙ¾ ÙˆØ±ÚˆÛŒ
     got: ??????? ??? ????
 ; [cca2=CV].translations.zho.common
Expected: ä½›å¾—è§’
     got: ???
 ; [cca2=CV].translations.zho.official
Expected: ä½›å¾—è§’å…±å’Œå›½
     got: ??????
 ; [cca2=TG].altSpellings[]
Expected: RÃ©publique Togolaise
     but none found
 ; [cca2=TG].altSpellings[]
Unexpected: République Togolaise
 ; [cca2=TG].capital[]
Expected: LomÃ©
     but none found
 ; [cca2=TG].capital[]
Unexpected: Lomé
 ; [cca2=TG].flag
Expected: ðŸ‡¹ðŸ‡¬
     got: ??
 ; [cca2=TG].name.nativeName.fra.official
Expected: RÃ©publique togolaise
     got: République togolaise
 ; [cca2=TG].translations.ara.common
Expected: ØªÙˆØºÙˆ
     got: ????
 ; [cca2=TG].translations.ara.official
Expected: Ø¬Ù…Ù‡ÙˆØ±ÙŠØ© ØªÙˆØºÙˆ
     got: ??????? ????
 ; [cca2=TG].translations.fra.official
Expected: RÃ©publique togolaise
     got: République togolaise
 ; [cca2=TG].translations.hun.official
Expected: TogÃ³i KÃ¶ztÃ¡rsasÃ¡g
     got: Togói Köztársaság
 ; [cca2=TG].translations.jpn.common
Expected: ãƒˆãƒ¼ã‚´
     got: ???
 ; [cca2=TG].translations.jpn.official
Expected: ãƒˆãƒ¼ã‚´å…±å’Œå›½
     got: ??????
 ; [cca2=TG].translations.kor.common
Expected: í† ê³ 
     got: ??
 ; [cca2=TG].translations.kor.official
Expected: í† ê³  ê³µí™”êµ­
     got: ?? ???
 ; [cca2=TG].translations.per.common
Expected: ØªÙˆÚ¯Ùˆ
     got: ????
 ; [cca2=TG].translations.per.official
Expected: Ø¬Ù…Ù‡ÙˆØ±ÛŒ ØªÙˆÚ¯Ùˆ
     got: ?????? ????
 ; [cca2=TG].translations.por.official
Expected: RepÃºblica do Togo
     got: República do Togo
 ; [cca2=TG].translations.rus.common
Expected: Ð¢Ð¾Ð³Ð¾
     got: ????
 ; [cca2=TG].translations.rus.official
Expected: Ð¢Ð¾Ð³Ð¾ Ð ÐµÑ?Ð¿ÑƒÐ±Ð»Ð¸ÐºÐ°
     got: ???? ??????????
 ; [cca2=TG].translations.slk.official
Expected: TogskÃ¡ republika
     got: Togská republika
 ; [cca2=TG].translations.spa.official
Expected: RepÃºblica de Togo
     got: República de Togo
 ; [cca2=TG].translations.srp.common
Expected: Ð¢Ð¾Ð³Ð¾
     got: ????
 ; [cca2=TG].translations.srp.official
Expected: Ð¢Ð¾Ð³Ð¾Ð»ÐµÑˆÐºÐ° Ð ÐµÐ¿ÑƒÐ±Ð»Ð¸ÐºÐ°
     got: ????????? ?????????
 ; [cca2=TG].translations.urd.common
Expected: Ù¹ÙˆÚ¯Ùˆ
     got: ????
 ; [cca2=TG].translations.urd.official
Expected: Ø¬Ù…Û?ÙˆØ±ÛŒÛ? Ù¹ÙˆÚ¯Ùˆ
     got: ??????? ????
 ; [cca2=TG].translations.zho.common
Expected: å¤šå“¥
     got: ??
 ; [cca2=TG].translations.zho.official
Expected: å¤šå“¥å…±å’Œå›½
     got: ?????
 ; [cca2=TH].altSpellings[]
Expected: à¸£à¸²à¸Šà¸­à¸²à¸“à¸²à¸ˆà¸±à¸?à¸£à¹„à¸—à¸¢
     but none found
 ; [cca2=TH].altSpellings[]
Unexpected: ??????????????
 ; [cca2=TH].currencies.THB.symbol
Expected: à¸¿
     got: ?
 ; [cca2=TH].demonyms.fra.f
Expected: ThaÃ¯landaise
     got: Thaïlandaise
 ; [cca2=TH].demonyms.fra.m
Expected: ThaÃ¯landais
     got: Thaïlandais
 ; [cca2=TH].flag
Expected: ðŸ‡¹ðŸ‡­
     got: ??
 ; [cca2=TH].name.nativeName.tha.common
Expected: à¸›à¸£à¸°à¹€à¸—à¸¨à¹„à¸—à¸¢
     got: ?????????
 ; [cca2=TH].name.nativeName.tha.official
Expected: à¸£à¸²à¸Šà¸­à¸²à¸“à¸²à¸ˆà¸±à¸?à¸£à¹„à¸—à¸¢
     got: ??????????????
 ; [cca2=TH].tld[]
Expected: .à¹„à¸—à¸¢
     but none found
 ; [cca2=TH].tld[]
Unexpected: .???
 ; [cca2=TH].translations.ara.common
Expected: ØªØ§ÙŠÙ„Ù†Ø¯
     got: ??????
 ; [cca2=TH].translations.ara.official
Expected: Ù…Ù…Ù„ÙƒØ© ØªØ§ÙŠÙ„Ù†Ø¯
     got: ????? ??????
 ; [cca2=TH].translations.ces.official
Expected: ThajskÃ© krÃ¡lovstvÃ­
     got: Thajské království
 ; [cca2=TH].translations.deu.official
Expected: KÃ¶nigreich Thailand
     got: Königreich Thailand
 ; [cca2=TH].translations.fra.common
Expected: ThaÃ¯lande
     got: Thaïlande
 ; [cca2=TH].translations.fra.official
Expected: Royaume de ThaÃ¯lande
     got: Royaume de Thaïlande
 ; [cca2=TH].translations.hun.common
Expected: ThaifÃ¶ld
     got: Thaiföld
 ; [cca2=TH].translations.hun.official
Expected: ThaifÃ¶ldi KirÃ¡lysÃ¡g
     got: Thaiföldi Királyság
 ; [cca2=TH].translations.jpn.common
Expected: ã‚¿ã‚¤
     got: ??
 ; [cca2=TH].translations.jpn.official
Expected: ã‚¿ã‚¤çŽ‹å›½
     got: ????
 ; [cca2=TH].translations.kor.common
Expected: íƒœêµ­
     got: ??
 ; [cca2=TH].translations.kor.official
Expected: íƒ€ì?´ ì™•êµ­
     got: ?? ??
 ; [cca2=TH].translations.per.common
Expected: ØªØ§ÛŒÙ„Ù†Ø¯
     got: ??????
 ; [cca2=TH].translations.per.official
Expected: Ù¾Ø§Ø¯Ø´Ø§Ù‡ÛŒ ØªØ§ÛŒÙ„Ù†Ø¯
     got: ??????? ??????
 ; [cca2=TH].translations.pol.official
Expected: KrÃ³lestwo Tajlandii
     got: Królestwo Tajlandii
 ; [cca2=TH].translations.por.common
Expected: TailÃ¢ndia
     got: Tailândia
 ; [cca2=TH].translations.por.official
Expected: Reino da TailÃ¢ndia
     got: Reino da Tailândia
 ; [cca2=TH].translations.rus.common
Expected: Ð¢Ð°Ð¸Ð»Ð°Ð½Ð´
     got: ???????
 ; [cca2=TH].translations.rus.official
Expected: ÐšÐ¾Ñ€Ð¾Ð»ÐµÐ²Ñ?Ñ‚Ð²Ð¾ Ð¢Ð°Ð¸Ð»Ð°Ð½Ð´
     got: ??????????? ???????
 ; [cca2=TH].translations.slk.official
Expected: ThajskÃ© krÃ¡Ä¾ovstvo
     got: Thajské krá?ovstvo
 ; [cca2=TH].translations.srp.common
Expected: Ð¢Ð°Ñ˜Ð»Ð°Ð½Ð´
     got: ???????
 ; [cca2=TH].translations.srp.official
Expected: ÐšÑ€Ð°Ñ™ÐµÐ²Ð¸Ð½Ð° Ð¢Ð°Ñ˜Ð»Ð°Ð½Ð´
     got: ????????? ???????
 ; [cca2=TH].translations.tur.official
Expected: Tayland KrallÄ±ÄŸÄ±
     got: Tayland Krall???
 ; [cca2=TH].translations.urd.common
Expected: ØªÚ¾Ø§Ø¦ÛŒ Ù„ÛŒÙ†Úˆ
     got: ????? ????
 ; [cca2=TH].translations.urd.official
Expected: Ù…Ù…Ù„Ú©ØªÙ? ØªÚ¾Ø§Ø¦ÛŒ Ù„ÛŒÙ†Úˆ
     got: ?????? ????? ????
 ; [cca2=TH].translations.zho.common
Expected: æ³°å›½
     got: ??
 ; [cca2=TH].translations.zho.official
Expected: æ³°çŽ‹å›½
     got: ???
 ; [cca2=CW].altSpellings[]
Expected: Land CuraÃ§ao
     but none found
 ; [cca2=CW].altSpellings[]
Expected: Country of CuraÃ§ao
     but none found
 ; [cca2=CW].altSpellings[]
Expected: KÃ²rsou
     but none found
 ; [cca2=CW].altSpellings[]
Expected: Pais KÃ²rsou
     but none found
 ; [cca2=CW].altSpellings[]
Unexpected: Country of Curaçao
 ; [cca2=CW].altSpellings[]
Unexpected: Pais Kòrsou
 ; [cca2=CW].altSpellings[]
Unexpected: Kòrsou
 ; [cca2=CW].altSpellings[]
Unexpected: Land Curaçao
 ; [cca2=CW].currencies.ANG.symbol
Expected: Æ’
     got: ƒ
 ; [cca2=CW].demonyms.eng.f
Expected: CuraÃ§aoan
     got: Curaçaoan
 ; [cca2=CW].demonyms.eng.m
Expected: CuraÃ§aoan
     got: Curaçaoan
 ; [cca2=CW].flag
Expected: ðŸ‡¨ðŸ‡¼
     got: ??
 ; [cca2=CW].name.common
Expected: CuraÃ§ao
     got: Curaçao
 ; [cca2=CW].name.nativeName.eng.common
Expected: CuraÃ§ao
     got: Curaçao
 ; [cca2=CW].name.nativeName.eng.official
Expected: Country of CuraÃ§ao
     got: Country of Curaçao
 ; [cca2=CW].name.nativeName.nld.common
Expected: CuraÃ§ao
     got: Curaçao
 ; [cca2=CW].name.nativeName.nld.official
Expected: Land CuraÃ§ao
     got: Land Curaçao
 ; [cca2=CW].name.nativeName.pap.common
Expected: Pais KÃ²rsou
     got: Pais Kòrsou
 ; [cca2=CW].name.nativeName.pap.official
Expected: Pais KÃ²rsou
     got: Pais Kòrsou
 ; [cca2=CW].name.official
Expected: Country of CuraÃ§ao
     got: Country of Curaçao
 ; [cca2=CW].translations.ara.common
Expected: ÙƒÙˆØ±Ø§Ø³Ø§Ùˆ
     got: ???????
 ; [cca2=CW].translations.ara.official
Expected: Ø¯ÙˆÙ„Ø© ÙƒÙˆØ±Ø§Ø³Ø§Ùˆ
     got: ???? ???????
 ; [cca2=CW].translations.bre.common
Expected: CuraÃ§ao
     got: Curaçao
 ; [cca2=CW].translations.bre.official
Expected: Bro CuraÃ§ao
     got: Bro Curaçao
 ; [cca2=CW].translations.ces.common
Expected: CuraÃ§ao
     got: Curaçao
 ; [cca2=CW].translations.ces.official
Expected: AutonomnÃ­ zemÄ› CuraÃ§ao
     got: Autonomní zem? Curaçao
 ; [cca2=CW].translations.cym.common
Expected: CuraÃ§ao
     got: Curaçao
 ; [cca2=CW].translations.cym.official
Expected: Country of CuraÃ§ao
     got: Country of Curaçao
 ; [cca2=CW].translations.deu.common
Expected: CuraÃ§ao
     got: Curaçao
 ; [cca2=CW].translations.deu.official
Expected: Land CuraÃ§ao
     got: Land Curaçao
 ; [cca2=CW].translations.est.common
Expected: CuraÃ§ao
     got: Curaçao
 ; [cca2=CW].translations.est.official
Expected: CuraÃ§ao
     got: Curaçao
 ; [cca2=CW].translations.fin.common
Expected: CuraÃ§ao
     got: Curaçao
 ; [cca2=CW].translations.fin.official
Expected: CuraÃ§ao
     got: Curaçao
 ; [cca2=CW].translations.fra.common
Expected: CuraÃ§ao
     got: Curaçao
 ; [cca2=CW].translations.fra.official
Expected: Pays de CuraÃ§ao
     got: Pays de Curaçao
 ; [cca2=CW].translations.hun.common
Expected: CuraÃ§ao
     got: Curaçao
 ; [cca2=CW].translations.hun.official
Expected: CuraÃ§ao
     got: Curaçao
 ; [cca2=CW].translations.ita.common
Expected: CuraÃ§ao
     got: Curaçao
 ; [cca2=CW].translations.ita.official
Expected: Paese di CuraÃ§ao
     got: Paese di Curaçao
 ; [cca2=CW].translations.kor.common
Expected: í€´ë?¼ì†Œ
     got: ???
 ; [cca2=CW].translations.kor.official
Expected: í€´ë?¼ì†Œ
     got: ???
 ; [cca2=CW].translations.nld.common
Expected: CuraÃ§ao
     got: Curaçao
 ; [cca2=CW].translations.nld.official
Expected: Land CuraÃ§ao
     got: Land Curaçao
 ; [cca2=CW].translations.per.common
Expected: Ú©ÙˆØ±Ø§Ø³Ø§Ø¦Ùˆ
     got: ????????
 ; [cca2=CW].translations.per.official
Expected: Ú©ÙˆØ±Ø§Ø³Ø§Ø¦Ùˆ
     got: ????????
 ; [cca2=CW].translations.pol.common
Expected: CuraÃ§ao
     got: Curaçao
 ; [cca2=CW].translations.pol.official
Expected: CuraÃ§ao
     got: Curaçao
 ; [cca2=CW].translations.por.common
Expected: ilha da CuraÃ§Ã£o
     got: ilha da Curação
 ; [cca2=CW].translations.por.official
Expected: PaÃ­s de CuraÃ§ao
     got: País de Curaçao
 ; [cca2=CW].translations.rus.common
Expected: ÐšÑŽÑ€Ð°Ñ?Ð°Ð¾
     got: ???????
 ; [cca2=CW].translations.rus.official
Expected: Ð¡Ñ‚Ñ€Ð°Ð½Ð° ÐšÑŽÑ€Ð°Ñ?Ð°Ð¾
     got: ?????? ???????
 ; [cca2=CW].translations.spa.official
Expected: PaÃ­s de Curazao
     got: País de Curazao
 ; [cca2=CW].translations.srp.common
Expected: ÐšÑƒÑ€Ð°Ñ?Ð°Ð¾
     got: ???????
 ; [cca2=CW].translations.srp.official
Expected: ÐšÑƒÑ€Ð°Ñ?Ð°Ð¾
     got: ???????
 ; [cca2=CW].translations.swe.common
Expected: CuraÃ§ao
     got: Curaçao
 ; [cca2=CW].translations.swe.official
Expected: CuraÃ§ao
     got: Curaçao
 ; [cca2=CW].translations.tur.common
Expected: CuraÃ§ao
     got: Curaçao
 ; [cca2=CW].translations.tur.official
Expected: CuraÃ§ao
     got: Curaçao
 ; [cca2=CW].translations.urd.common
Expected: Ú©ÛŒÙˆØ±Ø§Ø³Ø§Ø¤
     got: ????????
 ; [cca2=CW].translations.urd.official
Expected: Ù…Ù…Ù„Ú©ØªÙ? Ú©ÛŒÙˆØ±Ø§Ø³Ø§Ø¤
     got: ?????? ????????
 ; [cca2=CW].translations.zho.common
Expected: åº“æ‹‰ç´¢
     got: ???
 ; [cca2=CW].translations.zho.official
Expected: åº“æ‹‰ç´¢
     got: ???
 ; [cca2=CX].flag
Expected: ðŸ‡¨ðŸ‡½
     got: ??
 ; [cca2=CX].translations.ara.common
Expected: Ø¬Ø²ÙŠØ±Ø© ÙƒØ±ÙŠØ³Ù…Ø§Ø³
     got: ????? ???????
 ; [cca2=CX].translations.ara.official
Expected: Ø¬Ø²ÙŠØ±Ø© ÙƒØ±ÙŠØ³Ù…Ø§Ø³
     got: ????? ???????
 ; [cca2=CX].translations.ces.common
Expected: VÃ¡noÄ?nÃ­ ostrov
     got: Váno?ní ostrov
 ; [cca2=CX].translations.ces.official
Expected: Teritorium VÃ¡noÄ?nÃ­ho ostrova
     got: Teritorium Váno?ního ostrova
 ; [cca2=CX].translations.est.common
Expected: JÃµulusaar
     got: Jõulusaar
 ; [cca2=CX].translations.est.official
Expected: JÃµulusaare ala
     got: Jõulusaare ala
 ; [cca2=CX].translations.fra.common
Expected: ÃŽle Christmas
     got: Île Christmas
 ; [cca2=CX].translations.fra.official
Expected: Territoire de l'Ã®le Christmas
     got: Territoire de l'île Christmas
 ; [cca2=CX].translations.hrv.common
Expected: BoÅ¾iÄ‡ni otok
     got: Boži?ni otok
 ; [cca2=CX].translations.hrv.official
Expected: Teritorij BoÅ¾iÄ‡ni otok
     got: Teritorij Boži?ni otok
 ; [cca2=CX].translations.hun.common
Expected: KarÃ¡csony-sziget
     got: Karácsony-sziget
 ; [cca2=CX].translations.hun.official
Expected: KarÃ¡csony-sziget
     got: Karácsony-sziget
 ; [cca2=CX].translations.jpn.common
Expected: ã‚¯ãƒªã‚¹ãƒžã‚¹å³¶
     got: ??????
 ; [cca2=CX].translations.jpn.official
Expected: ã‚¯ãƒªã‚¹ãƒžã‚¹å³¶ã?®é ˜åœŸ
     got: ?????????
 ; [cca2=CX].translations.kor.common
Expected: í?¬ë¦¬ìŠ¤ë§ˆìŠ¤ ì„¬
     got: ????? ?
 ; [cca2=CX].translations.kor.official
Expected: í?¬ë¦¬ìŠ¤ë§ˆìŠ¤ ì„¬
     got: ????? ?
 ; [cca2=CX].translations.per.common
Expected: Ø¬Ø²ÛŒØ±Ù‡Ù” Ú©Ø±ÛŒØ³Ù…Ø³
     got: ?????? ??????
 ; [cca2=CX].translations.per.official
Expected: Ø¬Ø²ÛŒØ±Ù‡Ù” Ú©Ø±ÛŒØ³Ù…Ø³
     got: ?????? ??????
 ; [cca2=CX].translations.pol.common
Expected: Wyspa BoÅ¼ego Narodzenia
     got: Wyspa Bo?ego Narodzenia
 ; [cca2=CX].translations.pol.official
Expected: Wyspa BoÅ¼ego Narodzenia
     got: Wyspa Bo?ego Narodzenia
 ; [cca2=CX].translations.por.official
Expected: TerritÃ³rio da Ilha Christmas
     got: Território da Ilha Christmas
 ; [cca2=CX].translations.rus.common
Expected: ÐžÑ?Ñ‚Ñ€Ð¾Ð² Ð Ð¾Ð¶Ð´ÐµÑ?Ñ‚Ð²Ð°
     got: ?????? ?????????
 ; [cca2=CX].translations.rus.official
Expected: Ð¢ÐµÑ€Ñ€Ð¸Ñ‚Ð¾Ñ€Ð¸Ñ? Ð¾Ñ?Ñ‚Ñ€Ð¾Ð²Ð° Ð Ð¾Ð¶Ð´ÐµÑ?Ñ‚Ð²Ð°
     got: ?????????? ??????? ?????????
 ; [cca2=CX].translations.slk.common
Expected: VianoÄ?nÃº ostrov
     got: Viano?nú ostrov
 ; [cca2=CX].translations.slk.official
Expected: TeritÃ³rium VianoÄ?nÃ©ho ostrova
     got: Teritórium Viano?ného ostrova
 ; [cca2=CX].translations.srp.common
Expected: Ð‘Ð¾Ð¶Ð¸Ñ›Ð½Ð¾ ÐžÑ?Ñ‚Ñ€Ð²Ð¾
     got: ??????? ??????
 ; [cca2=CX].translations.srp.official
Expected: Ð‘Ð¾Ð¶Ð¸Ñ›Ð½Ð¾ ÐžÑ?Ñ‚Ñ€Ð²Ð¾
     got: ??????? ??????
 ; [cca2=CX].translations.swe.common
Expected: JulÃ¶n
     got: Julön
 ; [cca2=CX].translations.swe.official
Expected: JulÃ¶n
     got: Julön
 ; [cca2=CX].translations.tur.common
Expected: Christmas AdasÄ±
     got: Christmas Adas?
 ; [cca2=CX].translations.tur.official
Expected: Christmas AdasÄ±
     got: Christmas Adas?
 ; [cca2=CX].translations.urd.common
Expected: Ø¬Ø²ÛŒØ±Û? Ú©Ø±Ø³Ù…Ø³
     got: ????? ?????
 ; [cca2=CX].translations.urd.official
Expected: Ø±ÛŒØ§Ø³ØªÙ? Ø¬Ø²ÛŒØ±Û? Ú©Ø±Ø³Ù…Ø³
     got: ?????? ????? ?????
 ; [cca2=CX].translations.zho.common
Expected: åœ£è¯žå²›
     got: ???
 ; [cca2=CX].translations.zho.official
Expected: åœ£è¯žå²›
     got: ???
 ; [cca2=CY].altSpellings[]
Expected: ÎšÏ…Ï€Ï?Î¹Î±ÎºÎ® Î”Î·Î¼Î¿ÎºÏ?Î±Ï„Î¯Î±
     but none found
 ; [cca2=CY].altSpellings[]
Expected: KÄ±brÄ±s Cumhuriyeti
     but none found
 ; [cca2=CY].altSpellings[]
Expected: KÃ½pros
     but none found
 ; [cca2=CY].altSpellings[]
Expected: KÄ±brÄ±s
     but none found
 ; [cca2=CY].altSpellings[]
Unexpected: Kýpros
 ; [cca2=CY].altSpellings[]
Unexpected: ???????? ??????????
 ; [cca2=CY].altSpellings[]
Unexpected: K?br?s
 ; [cca2=CY].altSpellings[]
Unexpected: K?br?s Cumhuriyeti
 ; [cca2=CY].currencies.EUR.symbol
Expected: â‚¬
     got: €
 ; [cca2=CY].flag
Expected: ðŸ‡¨ðŸ‡¾
     got: ??
 ; [cca2=CY].name.nativeName.ell.common
Expected: ÎšÏ?Ï€Ï?Î¿Ï‚
     got: ??????
 ; [cca2=CY].name.nativeName.ell.official
Expected: Î”Î·Î¼Î¿ÎºÏ?Î±Ï„Î¯Î± Ï„Î·Ï‚ ÎšÏ?Ï€Ï?Î¿Ï‚
     got: ?????????? ??? ??????
 ; [cca2=CY].name.nativeName.tur.common
Expected: KÄ±brÄ±s
     got: K?br?s
 ; [cca2=CY].name.nativeName.tur.official
Expected: KÄ±brÄ±s Cumhuriyeti
     got: K?br?s Cumhuriyeti
 ; [cca2=CY].translations.ara.common
Expected: Ù‚Ø¨Ø±Øµ
     got: ????
 ; [cca2=CY].translations.ara.official
Expected: Ø¬Ù…Ù‡ÙˆØ±ÙŠØ© Ù‚Ø¨Ø±Øµ
     got: ??????? ????
 ; [cca2=CY].translations.ces.official
Expected: KyperskÃ¡ republika
     got: Kyperská republika
 ; [cca2=CY].translations.est.common
Expected: KÃ¼pros
     got: Küpros
 ; [cca2=CY].translations.est.official
Expected: KÃ¼prose Vabariik
     got: Küprose Vabariik
 ; [cca2=CY].translations.fra.official
Expected: RÃ©publique de Chypre
     got: République de Chypre
 ; [cca2=CY].translations.hun.official
Expected: Ciprusi KÃ¶ztÃ¡rsasÃ¡g
     got: Ciprusi Köztársaság
 ; [cca2=CY].translations.jpn.common
Expected: ã‚­ãƒ—ãƒ­ã‚¹
     got: ????
 ; [cca2=CY].translations.jpn.official
Expected: ã‚­ãƒ—ãƒ­ã‚¹å…±å’Œå›½
     got: ???????
 ; [cca2=CY].translations.kor.common
Expected: í‚¤í”„ë¡œìŠ¤
     got: ????
 ; [cca2=CY].translations.kor.official
Expected: í‚¤í”„ë¡œìŠ¤ ê³µí™”êµ­
     got: ???? ???
 ; [cca2=CY].translations.per.common
Expected: Ù‚Ù?Ø¨Ø±Ù?Ø³
     got: ??????
 ; [cca2=CY].translations.per.official
Expected: Ø¬Ù…Ù‡ÙˆØ±ÛŒ Ù‚Ø¨Ø±Ø³
     got: ?????? ????
 ; [cca2=CY].translations.por.official
Expected: RepÃºblica de Chipre
     got: República de Chipre
 ; [cca2=CY].translations.rus.common
Expected: ÐšÐ¸Ð¿Ñ€
     got: ????
 ; [cca2=CY].translations.rus.official
Expected: Ð ÐµÑ?Ð¿ÑƒÐ±Ð»Ð¸ÐºÐ° ÐšÐ¸Ð¿Ñ€
     got: ?????????? ????
 ; [cca2=CY].translations.slk.official
Expected: CyperskÃ¡ republika
     got: Cyperská republika
 ; [cca2=CY].translations.spa.official
Expected: RepÃºblica de Chipre
     got: República de Chipre
 ; [cca2=CY].translations.srp.common
Expected: ÐšÐ¸Ð¿Ð°Ñ€
     got: ?????
 ; [cca2=CY].translations.srp.official
Expected: ÐšÐ¸Ð¿Ð°Ñ€Ñ?ÐºÐ° Ð ÐµÐ¿ÑƒÐ±Ð»Ð¸ÐºÐ°
     got: ???????? ?????????
 ; [cca2=CY].translations.tur.common
Expected: KÄ±brÄ±s
     got: K?br?s
 ; [cca2=CY].translations.tur.official
Expected: KÄ±brÄ±s Cumhuriyeti
     got: K?br?s Cumhuriyeti
 ; [cca2=CY].translations.urd.common
Expected: Ù‚Ø¨Ø±Øµ
     got: ????
 ; [cca2=CY].translations.urd.official
Expected: Ø¬Ù…Û?ÙˆØ±ÛŒÛ? Ù‚Ø¨Ø±Øµ
     got: ??????? ????
 ; [cca2=CY].translations.zho.common
Expected: å¡žæµ¦è·¯æ–¯
     got: ????
 ; [cca2=CY].translations.zho.official
Expected: å¡žæµ¦è·¯æ–¯å…±å’Œå›½
     got: ???????
 ; [cca2=TJ].altSpellings[]
Expected: Ò¶ÑƒÐ¼Ò³ÑƒÑ€Ð¸Ð¸ Ð¢Ð¾Ò·Ð¸ÐºÐ¸Ñ?Ñ‚Ð¾Ð½
     but none found
 ; [cca2=TJ].altSpellings[]
Expected: ToÃ§ikiston
     but none found
 ; [cca2=TJ].altSpellings[]
Expected: Ã‡umhuriyi ToÃ§ikiston
     but none found
 ; [cca2=TJ].altSpellings[]
Unexpected: Çumhuriyi Toçikiston
 ; [cca2=TJ].altSpellings[]
Unexpected: ???????? ??????????
 ; [cca2=TJ].altSpellings[]
Unexpected: Toçikiston
 ; [cca2=TJ].currencies.TJS.symbol
Expected: Ð…Ðœ
     got: ??
 ; [cca2=TJ].flag
Expected: ðŸ‡¹ðŸ‡¯
     got: ??
 ; [cca2=TJ].name.nativeName.rus.common
Expected: Ð¢Ð°Ð´Ð¶Ð¸ÐºÐ¸Ñ?Ñ‚Ð°Ð½
     got: ???????????
 ; [cca2=TJ].name.nativeName.rus.official
Expected: Ð ÐµÑ?Ð¿ÑƒÐ±Ð»Ð¸ÐºÐ° Ð¢Ð°Ð´Ð¶Ð¸ÐºÐ¸Ñ?Ñ‚Ð°Ð½
     got: ?????????? ???????????
 ; [cca2=TJ].name.nativeName.tgk.common
Expected: Ð¢Ð¾Ò·Ð¸ÐºÐ¸Ñ?Ñ‚Ð¾Ð½
     got: ??????????
 ; [cca2=TJ].name.nativeName.tgk.official
Expected: Ò¶ÑƒÐ¼Ò³ÑƒÑ€Ð¸Ð¸ Ð¢Ð¾Ò·Ð¸ÐºÐ¸Ñ?Ñ‚Ð¾Ð½
     got: ???????? ??????????
 ; [cca2=TJ].translations.ara.common
Expected: Ø·Ø§Ø¬ÙŠÙƒØ³ØªØ§Ù†
     got: ?????????
 ; [cca2=TJ].translations.ara.official
Expected: Ø¬Ù…Ù‡ÙˆØ±ÙŠØ© Ø·Ø§Ø¬ÙŠÙƒØ³ØªØ§Ù†
     got: ??????? ?????????
 ; [cca2=TJ].translations.ces.common
Expected: TÃ¡dÅ¾ikistÃ¡n
     got: Tádžikistán
 ; [cca2=TJ].translations.ces.official
Expected: Republika TÃ¡dÅ¾ikistÃ¡n
     got: Republika Tádžikistán
 ; [cca2=TJ].translations.est.common
Expected: TadÅ¾ikistan
     got: Tadžikistan
 ; [cca2=TJ].translations.est.official
Expected: TadÅ¾ikistani Vabariik
     got: Tadžikistani Vabariik
 ; [cca2=TJ].translations.fin.common
Expected: TadÅ¾ikistan
     got: Tadžikistan
 ; [cca2=TJ].translations.fin.official
Expected: TadÅ¾ikistanin tasavalta
     got: Tadžikistanin tasavalta
 ; [cca2=TJ].translations.fra.official
Expected: RÃ©publique du Tadjikistan
     got: République du Tadjikistan
 ; [cca2=TJ].translations.hrv.common
Expected: TaÄ‘ikistan
     got: Ta?ikistan
 ; [cca2=TJ].translations.hrv.official
Expected: Republika TadÅ¾ikistan
     got: Republika Tadžikistan
 ; [cca2=TJ].translations.hun.common
Expected: TÃ¡dzsikisztÃ¡n
     got: Tádzsikisztán
 ; [cca2=TJ].translations.hun.official
Expected: TÃ¡dzsik KÃ¶ztÃ¡rsasÃ¡g
     got: Tádzsik Köztársaság
 ; [cca2=TJ].translations.jpn.common
Expected: ã‚¿ã‚¸ã‚­ã‚¹ã‚¿ãƒ³
     got: ??????
 ; [cca2=TJ].translations.jpn.official
Expected: ã‚¿ã‚¸ã‚­ã‚¹ã‚¿ãƒ³å…±å’Œå›½
     got: ?????????
 ; [cca2=TJ].translations.kor.common
Expected: íƒ€ì§€í‚¤ìŠ¤íƒ„
     got: ?????
 ; [cca2=TJ].translations.kor.official
Expected: íƒ€ì§€í‚¤ìŠ¤íƒ„ ê³µí™”êµ­
     got: ????? ???
 ; [cca2=TJ].translations.per.common
Expected: ØªØ§Ø¬ÛŒÚ©Ù?Ø³ØªØ§Ù†
     got: ??????????
 ; [cca2=TJ].translations.per.official
Expected: Ø¬Ù…Ù‡ÙˆØ±ÛŒ ØªØ§Ø¬ÛŒÚ©Ø³ØªØ§Ù†
     got: ?????? ?????????
 ; [cca2=TJ].translations.pol.common
Expected: TadÅ¼ykistan
     got: Tad?ykistan
 ; [cca2=TJ].translations.pol.official
Expected: Republika TadÅ¼ykistanu
     got: Republika Tad?ykistanu
 ; [cca2=TJ].translations.por.common
Expected: TajiquistÃ£o
     got: Tajiquistão
 ; [cca2=TJ].translations.por.official
Expected: RepÃºblica do TajiquistÃ£o
     got: República do Tajiquistão
 ; [cca2=TJ].translations.rus.common
Expected: Ð¢Ð°Ð´Ð¶Ð¸ÐºÐ¸Ñ?Ñ‚Ð°Ð½
     got: ???????????
 ; [cca2=TJ].translations.rus.official
Expected: Ð ÐµÑ?Ð¿ÑƒÐ±Ð»Ð¸ÐºÐ° Ð¢Ð°Ð´Ð¶Ð¸ÐºÐ¸Ñ?Ñ‚Ð°Ð½
     got: ?????????? ???????????
 ; [cca2=TJ].translations.slk.common
Expected: TaÇ†ikistan
     got: Ta?ikistan
 ; [cca2=TJ].translations.slk.official
Expected: TaÇ†ickÃ¡ republika
     got: Ta?ická republika
 ; [cca2=TJ].translations.spa.common
Expected: TayikistÃ¡n
     got: Tayikistán
 ; [cca2=TJ].translations.spa.official
Expected: RepÃºblica de TayikistÃ¡n
     got: República de Tayikistán
 ; [cca2=TJ].translations.srp.common
Expected: Ð¢Ð°ÑŸÐ¸ÐºÐ¸Ñ?Ñ‚Ð°Ð½
     got: ??????????
 ; [cca2=TJ].translations.srp.official
Expected: Ð ÐµÐ¿ÑƒÐ±Ð»Ð¸ÐºÐ° Ð¢Ð°ÑŸÐ¸ÐºÐ¸Ñ?Ñ‚Ð°Ð½
     got: ????????? ??????????
 ; [cca2=TJ].translations.urd.common
Expected: ØªØ§Ø¬Ú©Ø³ØªØ§Ù†
     got: ????????
 ; [cca2=TJ].translations.urd.official
Expected: Ø¬Ù…Û?ÙˆØ±ÛŒÛ? ØªØ§Ø¬Ú©Ø³ØªØ§Ù†
     got: ??????? ????????
 ; [cca2=TJ].translations.zho.common
Expected: å¡”å?‰å…‹æ–¯å?¦
     got: ?????
 ; [cca2=TJ].translations.zho.official
Expected: å¡”å?‰å…‹æ–¯å?¦å…±å’Œå›½
     got: ????????
 ; [cca2=CZ].altSpellings[]
Expected: ÄŒesko
     but none found
 ; [cca2=CZ].altSpellings[]
Expected: ÄŒeskÃ¡ republika
     but none found
 ; [cca2=CZ].altSpellings[]
Unexpected: ?eská republika
 ; [cca2=CZ].altSpellings[]
Unexpected: ?esko
 ; [cca2=CZ].currencies.CZK.symbol
Expected: KÄ?
     got: K?
 ; [cca2=CZ].demonyms.fra.f
Expected: TchÃ¨que
     got: Tchèque
 ; [cca2=CZ].demonyms.fra.m
Expected: TchÃ¨que
     got: Tchèque
 ; [cca2=CZ].flag
Expected: ðŸ‡¨ðŸ‡¿
     got: ??
 ; [cca2=CZ].name.nativeName.ces.common
Expected: ÄŒesko
     got: ?esko
 ; [cca2=CZ].name.nativeName.ces.official
Expected: ÄŒeskÃ¡ republika
     got: ?eská republika
 ; [cca2=CZ].name.nativeName.slk.common
Expected: ÄŒesko
     got: ?esko
 ; [cca2=CZ].name.nativeName.slk.official
Expected: ÄŒeskÃ¡ republika
     got: ?eská republika
 ; [cca2=CZ].translations.ara.common
Expected: Ø§Ù„ØªØ´ÙŠÙƒ
     got: ??????
 ; [cca2=CZ].translations.ara.official
Expected: Ø¬Ù…Ù‡ÙˆØ±ÙŠØ© Ø§Ù„ØªØ´ÙŠÙƒ
     got: ??????? ??????
 ; [cca2=CZ].translations.ces.common
Expected: ÄŒesko
     got: ?esko
 ; [cca2=CZ].translations.ces.official
Expected: ÄŒeskÃ¡ republika
     got: ?eská republika
 ; [cca2=CZ].translations.est.common
Expected: TÅ¡ehhi
     got: Tšehhi
 ; [cca2=CZ].translations.est.official
Expected: TÅ¡ehhi Vabariik
     got: Tšehhi Vabariik
 ; [cca2=CZ].translations.fin.common
Expected: TÅ¡ekki
     got: Tšekki
 ; [cca2=CZ].translations.fin.official
Expected: TÅ¡ekin tasavalta
     got: Tšekin tasavalta
 ; [cca2=CZ].translations.fra.common
Expected: TchÃ©quie
     got: Tchéquie
 ; [cca2=CZ].translations.fra.official
Expected: RÃ©publique tchÃ¨que
     got: République tchèque
 ; [cca2=CZ].translations.hrv.common
Expected: ÄŒeÅ¡ka
     got: ?eška
 ; [cca2=CZ].translations.hrv.official
Expected: ÄŒeÅ¡ka
     got: ?eška
 ; [cca2=CZ].translations.hun.common
Expected: CsehorszÃ¡g
     got: Csehország
 ; [cca2=CZ].translations.hun.official
Expected: Cseh KÃ¶ztÃ¡rsasÃ¡g
     got: Cseh Köztársaság
 ; [cca2=CZ].translations.jpn.common
Expected: ãƒ?ã‚§ã‚³
     got: ???
 ; [cca2=CZ].translations.jpn.official
Expected: ãƒ?ã‚§ã‚³å…±å’Œå›½
     got: ??????
 ; [cca2=CZ].translations.kor.common
Expected: ì²´ì½”
     got: ??
 ; [cca2=CZ].translations.kor.official
Expected: ì²´ì½”
     got: ??
 ; [cca2=CZ].translations.nld.common
Expected: TsjechiÃ«
     got: Tsjechië
 ; [cca2=CZ].translations.per.common
Expected: Ø¬Ù…Ù‡ÙˆØ±ÛŒ Ú†Ú©
     got: ?????? ??
 ; [cca2=CZ].translations.per.official
Expected: Ø¬Ù…Ù‡ÙˆØ±ÛŒ Ú†Ú©
     got: ?????? ??
 ; [cca2=CZ].translations.por.common
Expected: ChÃ©quia
     got: Chéquia
 ; [cca2=CZ].translations.por.official
Expected: RepÃºblica Checa
     got: República Checa
 ; [cca2=CZ].translations.rus.common
Expected: Ð§ÐµÑ…Ð¸Ñ?
     got: ?????
 ; [cca2=CZ].translations.rus.official
Expected: Ð§ÐµÑˆÑ?ÐºÐ°Ñ? Ð ÐµÑ?Ð¿ÑƒÐ±Ð»Ð¸ÐºÐ°
     got: ??????? ??????????
 ; [cca2=CZ].translations.slk.common
Expected: ÄŒesko
     got: ?esko
 ; [cca2=CZ].translations.slk.official
Expected: ÄŒeskÃ¡ republika
     got: ?eská republika
 ; [cca2=CZ].translations.spa.official
Expected: RepÃºblica Checa
     got: República Checa
 ; [cca2=CZ].translations.srp.common
Expected: Ð§ÐµÑˆÐºÐ°
     got: ?????
 ; [cca2=CZ].translations.srp.official
Expected: Ð§ÐµÑˆÐºÐ° Ð ÐµÐ¿ÑƒÐ±Ð»Ð¸ÐºÐ°
     got: ????? ?????????
 ; [cca2=CZ].translations.tur.common
Expected: Ã‡ekya
     got: Çekya
 ; [cca2=CZ].translations.tur.official
Expected: Ã‡ek Cumhuriyeti
     got: Çek Cumhuriyeti
 ; [cca2=CZ].translations.urd.common
Expected: Ú†ÙŠÚ©
     got: ???
 ; [cca2=CZ].translations.urd.official
Expected: Ú†ÙŠÚ© Ø¬Ù…Û?ÙˆØ±ÙŠÛ?
     got: ??? ???????
 ; [cca2=CZ].translations.zho.common
Expected: æ?·å…‹
     got: ??
 ; [cca2=CZ].translations.zho.official
Expected: æ?·å…‹å…±å’Œå›½
     got: ?????
 ; [cca2=TK].flag
Expected: ðŸ‡¹ðŸ‡°
     got: ??
 ; [cca2=TK].translations.ara.common
Expected: ØªÙˆÙƒÙŠÙ„Ø§Ùˆ
     got: ???????
 ; [cca2=TK].translations.ara.official
Expected: ØªÙˆÙƒÙŠÙ„Ø§Ùˆ
     got: ???????
 ; [cca2=TK].translations.fra.official
Expected: ÃŽles Tokelau
     got: Îles Tokelau
 ; [cca2=TK].translations.jpn.common
Expected: ãƒˆã‚±ãƒ©ã‚¦
     got: ????
 ; [cca2=TK].translations.jpn.official
Expected: ãƒˆã‚±ãƒ©ã‚¦è«¸å³¶
     got: ??????
 ; [cca2=TK].translations.kor.common
Expected: í† ì¼ˆë?¼ìš°
     got: ????
 ; [cca2=TK].translations.kor.official
Expected: í† ì¼ˆë?¼ìš°
     got: ????
 ; [cca2=TK].translations.per.common
Expected: ØªÙˆÚ©Ù„Ø§Ø¦Ùˆ
     got: ???????
 ; [cca2=TK].translations.per.official
Expected: ØªÙˆÚ©Ù„Ø§Ø¦Ùˆ
     got: ???????
 ; [cca2=TK].translations.rus.common
Expected: Ð¢Ð¾ÐºÐµÐ»Ð°Ñƒ
     got: ???????
 ; [cca2=TK].translations.rus.official
Expected: Ð¢Ð¾ÐºÐµÐ»Ð°Ñƒ
     got: ???????
 ; [cca2=TK].translations.slk.official
Expected: TokelauskÃ© ostrovy
     got: Tokelauské ostrovy
 ; [cca2=TK].translations.srp.common
Expected: Ð¢Ð¾ÐºÐµÐ»Ð°Ñƒ
     got: ???????
 ; [cca2=TK].translations.srp.official
Expected: Ð¢Ð¾ÐºÐµÐ»Ð°Ñƒ
     got: ???????
 ; [cca2=TK].translations.swe.common
Expected: TokelauÃ¶arna
     got: Tokelauöarna
 ; [cca2=TK].translations.swe.official
Expected: TokelauÃ¶arna
     got: Tokelauöarna
 ; [cca2=TK].translations.urd.common
Expected: Ù¹ÙˆÚ©ÛŒÙ„Ø§Ø¤
     got: ???????
 ; [cca2=TK].translations.urd.official
Expected: Ù¹ÙˆÚ©ÛŒÙ„Ø§Ø¤
     got: ???????
 ; [cca2=TK].translations.zho.common
Expected: æ‰˜å…‹åŠ³
     got: ???
 ; [cca2=TK].translations.zho.official
Expected: æ‰˜å…‹åŠ³
     got: ???
 ; [cca2=TL].altSpellings[]
Expected: TimÃ³r Lorosa'e
     but none found
 ; [cca2=TL].altSpellings[]
Expected: RepÃºblika DemokrÃ¡tika TimÃ³r-Leste
     but none found
 ; [cca2=TL].altSpellings[]
Expected: RepÃºblica DemocrÃ¡tica de Timor-Leste
     but none found
 ; [cca2=TL].altSpellings[]
Unexpected: Timór Lorosa'e
 ; [cca2=TL].altSpellings[]
Unexpected: República Democrática de Timor-Leste
 ; [cca2=TL].altSpellings[]
Unexpected: Repúblika Demokrátika Timór-Leste
 ; [cca2=TL].flag
Expected: ðŸ‡¹ðŸ‡±
     got: ??
 ; [cca2=TL].name.nativeName.por.official
Expected: RepÃºblica DemocrÃ¡tica de Timor-Leste
     got: República Democrática de Timor-Leste
 ; [cca2=TL].name.nativeName.tet.common
Expected: TimÃ³r-Leste
     got: Timór-Leste
 ; [cca2=TL].name.nativeName.tet.official
Expected: RepÃºblika DemokrÃ¡tika TimÃ³r-Leste
     got: Repúblika Demokrátika Timór-Leste
 ; [cca2=TL].translations.ara.common
Expected: ØªÙŠÙ…ÙˆØ± Ø§Ù„Ø´Ø±Ù‚ÙŠØ©
     got: ????? ???????
 ; [cca2=TL].translations.ara.official
Expected: Ø¬Ù…Ù‡ÙˆØ±ÙŠØ© ØªÙŠÙ…ÙˆØ± Ø§Ù„Ø´Ø±Ù‚ÙŠØ© Ø§Ù„Ø¯ÙŠÙ…Ù‚Ø±Ø§Ø·ÙŠØ©
     got: ??????? ????? ??????? ???????????
 ; [cca2=TL].translations.ces.common
Expected: VÃ½chodnÃ­ Timor
     got: Východní Timor
 ; [cca2=TL].translations.ces.official
Expected: DemokratickÃ¡ republika VÃ½chodnÃ­ Timor
     got: Demokratická republika Východní Timor
 ; [cca2=TL].translations.fin.common
Expected: ItÃ¤-Timor
     got: Itä-Timor
 ; [cca2=TL].translations.fin.official
Expected: ItÃ¤-Timorin demokraattinen tasavalta
     got: Itä-Timorin demokraattinen tasavalta
 ; [cca2=TL].translations.fra.official
Expected: RÃ©publique dÃ©mocratique du Timor oriental
     got: République démocratique du Timor oriental
 ; [cca2=TL].translations.hrv.common
Expected: IstoÄ?ni Timor
     got: Isto?ni Timor
 ; [cca2=TL].translations.hun.official
Expected: Kelet-timori Demokratikus KÃ¶ztÃ¡rsasÃ¡g
     got: Kelet-timori Demokratikus Köztársaság
 ; [cca2=TL].translations.jpn.common
Expected: æ?±ãƒ†ã‚£ãƒ¢ãƒ¼ãƒ«
     got: ??????
 ; [cca2=TL].translations.jpn.official
Expected: æ?±ãƒ†ã‚£ãƒ¢ãƒ¼ãƒ«æ°‘ä¸»å…±å’Œå›½
     got: ???????????
 ; [cca2=TL].translations.kor.common
Expected: ë?™í‹°ëª¨ë¥´
     got: ????
 ; [cca2=TL].translations.kor.official
Expected: ë?™í‹°ëª¨ë¥´ ë¯¼ì£¼ ê³µí™”êµ­
     got: ???? ?? ???
 ; [cca2=TL].translations.per.common
Expected: ØªÛŒÙ…ÙˆØ± Ø´Ø±Ù‚ÛŒ
     got: ????? ????
 ; [cca2=TL].translations.per.official
Expected: Ø¬Ù…Ù‡ÙˆØ±ÛŒ Ø¯Ù…ÙˆÚ©Ø±Ø§ØªÛŒÚ© ØªÛŒÙ…ÙˆØ± Ø´Ø±Ù‚ÛŒ
     got: ?????? ????????? ????? ????
 ; [cca2=TL].translations.por.official
Expected: RepÃºblica DemocrÃ¡tica de Timor-Leste
     got: República Democrática de Timor-Leste
 ; [cca2=TL].translations.rus.common
Expected: Ð’Ð¾Ñ?Ñ‚Ð¾Ñ‡Ð½Ñ‹Ð¹ Ð¢Ð¸Ð¼Ð¾Ñ€
     got: ????????? ?????
 ; [cca2=TL].translations.rus.official
Expected: Ð”ÐµÐ¼Ð¾ÐºÑ€Ð°Ñ‚Ð¸Ñ‡ÐµÑ?ÐºÐ°Ñ? Ð ÐµÑ?Ð¿ÑƒÐ±Ð»Ð¸ÐºÐ° Ð¢Ð¸Ð¼Ð¾Ñ€ -Ð›ÐµÑˆÑ‚Ð¸
     got: ??????????????? ?????????? ????? -?????
 ; [cca2=TL].translations.slk.common
Expected: VÃ½chodnÃ½ Timor
     got: Východný Timor
 ; [cca2=TL].translations.slk.official
Expected: VÃ½chodotimorskÃ¡ demokratickÃ¡ republika
     got: Východotimorská demokratická republika
 ; [cca2=TL].translations.spa.official
Expected: RepÃºblica DemocrÃ¡tica de Timor-Leste
     got: República Democrática de Timor-Leste
 ; [cca2=TL].translations.srp.common
Expected: Ð˜Ñ?Ñ‚Ð¾Ñ‡Ð½Ð¸ Ð¢Ð¸Ð¼Ð¾Ñ€
     got: ??????? ?????
 ; [cca2=TL].translations.srp.official
Expected: Ð”ÐµÐ¼Ð¾ÐºÑ€Ð°Ñ‚Ñ?ÐºÐ° Ð ÐµÐ¿ÑƒÐ±Ð»Ð¸ÐºÐ° Ð˜Ñ?Ñ‚Ð¾Ñ‡Ð½Ð¸ Ð¢Ð¸Ð¼Ð¾Ñ€
     got: ??????????? ????????? ??????? ?????
 ; [cca2=TL].translations.swe.common
Expected: Ã–sttimor
     got: Östtimor
 ; [cca2=TL].translations.swe.official
Expected: Demokratiska republiken Ã–sttimor
     got: Demokratiska republiken Östtimor
 ; [cca2=TL].translations.tur.common
Expected: DoÄŸu Timor
     got: Do?u Timor
 ; [cca2=TL].translations.tur.official
Expected: DoÄŸu Timor Demokratik Cumhuriyeti
     got: Do?u Timor Demokratik Cumhuriyeti
 ; [cca2=TL].translations.urd.common
Expected: Ù…Ø´Ø±Ù‚ÛŒ ØªÛŒÙ…ÙˆØ±
     got: ????? ?????
 ; [cca2=TL].translations.urd.official
Expected: Ø¬Ù…Û?ÙˆØ±ÛŒ Ø¬Ù…Û?ÙˆØ±ÛŒÛ? Ù…Ø´Ø±Ù‚ÛŒ ØªÛŒÙ…ÙˆØ±
     got: ?????? ??????? ????? ?????
 ; [cca2=TL].translations.zho.common
Expected: ä¸œå¸?æ±¶
     got: ???
 ; [cca2=TL].translations.zho.official
Expected: ä¸œå¸?æ±¶æ°‘ä¸»å…±å’Œå›½
     got: ????????
 ; [cca2=TM].demonyms.fra.f
Expected: TurkmÃ¨ne
     got: Turkmène
 ; [cca2=TM].demonyms.fra.m
Expected: TurkmÃ¨ne
     got: Turkmène
 ; [cca2=TM].flag
Expected: ðŸ‡¹ðŸ‡²
     got: ??
 ; [cca2=TM].name.nativeName.rus.common
Expected: Ð¢ÑƒÑ€ÐºÐ¼ÐµÐ½Ð¸Ñ?
     got: ?????????
 ; [cca2=TM].name.nativeName.rus.official
Expected: Ð¢ÑƒÑ€ÐºÐ¼ÐµÐ½Ð¸Ñ?Ñ‚Ð°Ð½
     got: ????????????
 ; [cca2=TM].name.nativeName.tuk.common
Expected: TÃ¼rkmenistan
     got: Türkmenistan
 ; [cca2=TM].name.nativeName.tuk.official
Expected: TÃ¼rkmenistan
     got: Türkmenistan
 ; [cca2=TM].translations.ara.common
Expected: ØªØ±ÙƒÙ…Ø§Ù†Ø³ØªØ§Ù†
     got: ??????????
 ; [cca2=TM].translations.ara.official
Expected: ØªØ±ÙƒÙ…Ø§Ù†Ø³ØªØ§Ù†
     got: ??????????
 ; [cca2=TM].translations.ces.common
Expected: TurkmenistÃ¡n
     got: Turkmenistán
 ; [cca2=TM].translations.ces.official
Expected: TurkmenistÃ¡n
     got: Turkmenistán
 ; [cca2=TM].translations.est.common
Expected: TÃ¼rkmenistan
     got: Türkmenistan
 ; [cca2=TM].translations.est.official
Expected: TÃ¼rkmenistan
     got: Türkmenistan
 ; [cca2=TM].translations.fra.common
Expected: TurkmÃ©nistan
     got: Turkménistan
 ; [cca2=TM].translations.fra.official
Expected: TurkmÃ©nistan
     got: Turkménistan
 ; [cca2=TM].translations.hun.common
Expected: TÃ¼rkmenisztÃ¡n
     got: Türkmenisztán
 ; [cca2=TM].translations.hun.official
Expected: TÃ¼rkmÃ©n KÃ¶ztÃ¡rsasÃ¡g
     got: Türkmén Köztársaság
 ; [cca2=TM].translations.jpn.common
Expected: ãƒˆãƒ«ã‚¯ãƒ¡ãƒ‹ã‚¹ã‚¿ãƒ³
     got: ????????
 ; [cca2=TM].translations.jpn.official
Expected: ãƒˆãƒ«ã‚¯ãƒ¡ãƒ‹ã‚¹ã‚¿ãƒ³
     got: ????????
 ; [cca2=TM].translations.kor.common
Expected: íˆ¬ë¥´í?¬ë©”ë‹ˆìŠ¤íƒ„
     got: ???????
 ; [cca2=TM].translations.kor.official
Expected: íˆ¬ë¥´í?¬ë©”ë‹ˆìŠ¤íƒ„
     got: ???????
 ; [cca2=TM].translations.per.common
Expected: ØªØ±Ú©Ù…Ù†Ø³ØªØ§Ù†
     got: ?????????
 ; [cca2=TM].translations.per.official
Expected: Ø¬Ù…Ù‡ÙˆØ±ÛŒ Ø®Ù„Ù‚ ØªØ±Ú©Ù…Ù†Ø³ØªØ§Ù†
     got: ?????? ??? ?????????
 ; [cca2=TM].translations.por.common
Expected: TurquemenistÃ£o
     got: Turquemenistão
 ; [cca2=TM].translations.por.official
Expected: TurcomenistÃ£o
     got: Turcomenistão
 ; [cca2=TM].translations.rus.common
Expected: Ð¢ÑƒÑ€ÐºÐ¼ÐµÐ½Ð¸Ñ?
     got: ?????????
 ; [cca2=TM].translations.rus.official
Expected: Ð¢ÑƒÑ€ÐºÐ¼ÐµÐ½Ð¸Ñ?Ñ‚Ð°Ð½
     got: ????????????
 ; [cca2=TM].translations.slk.common
Expected: TurkmÃ©nsko
     got: Turkménsko
 ; [cca2=TM].translations.slk.official
Expected: TurkmÃ©nsko
     got: Turkménsko
 ; [cca2=TM].translations.spa.common
Expected: TurkmenistÃ¡n
     got: Turkmenistán
 ; [cca2=TM].translations.spa.official
Expected: TurkmenistÃ¡n
     got: Turkmenistán
 ; [cca2=TM].translations.srp.common
Expected: Ð¢ÑƒÑ€ÐºÐ¼ÐµÐ½Ð¸Ñ?Ñ‚Ð°Ð½
     got: ????????????
 ; [cca2=TM].translations.srp.official
Expected: Ð¢ÑƒÑ€ÐºÐ¼ÐµÐ½Ð¸Ñ?Ñ‚Ð°Ð½
     got: ????????????
 ; [cca2=TM].translations.tur.common
Expected: TÃ¼rkmenistan
     got: Türkmenistan
 ; [cca2=TM].translations.tur.official
Expected: TÃ¼rkmenistan
     got: Türkmenistan
 ; [cca2=TM].translations.urd.common
Expected: ØªØ±Ú©Ù…Ø§Ù†Ø³ØªØ§Ù†
     got: ??????????
 ; [cca2=TM].translations.urd.official
Expected: ØªØ±Ú©Ù…Ø§Ù†Ø³ØªØ§Ù†
     got: ??????????
 ; [cca2=TM].translations.zho.common
Expected: åœŸåº“æ›¼æ–¯å?¦
     got: ?????
 ; [cca2=TM].translations.zho.official
Expected: åœŸåº“æ›¼æ–¯å?¦
     got: ?????
 ; [cca2=TN].altSpellings[]
Expected: al-JumhÅ«riyyah at-TÅ«nisiyyah
     but none found
 ; [cca2=TN].altSpellings[]
Unexpected: al-Jumh?riyyah at-T?nisiyyah
 ; [cca2=TN].currencies.TND.symbol
Expected: Ø¯.Øª
     got: ?.?
 ; [cca2=TN].flag
Expected: ðŸ‡¹ðŸ‡³
     got: ??
 ; [cca2=TN].name.nativeName.ara.common
Expected: ØªÙˆÙ†Ø³
     got: ????
 ; [cca2=TN].name.nativeName.ara.official
Expected: Ø§Ù„Ø¬Ù…Ù‡ÙˆØ±ÙŠØ© Ø§Ù„ØªÙˆÙ†Ø³ÙŠØ©
     got: ????????? ????????
 ; [cca2=TN].translations.ara.common
Expected: ØªÙˆÙ†Ø³
     got: ????
 ; [cca2=TN].translations.ara.official
Expected: Ø§Ù„Ø¬Ù…Ù‡ÙˆØ±ÙŠØ© Ø§Ù„ØªÙˆÙ†Ø³ÙŠØ©
     got: ????????? ????????
 ; [cca2=TN].translations.ces.official
Expected: TuniskÃ¡ republika
     got: Tuniská republika
 ; [cca2=TN].translations.fra.official
Expected: RÃ©publique tunisienne
     got: République tunisienne
 ; [cca2=TN].translations.hun.common
Expected: TunÃ©zia
     got: Tunézia
 ; [cca2=TN].translations.hun.official
Expected: TunÃ©ziai KÃ¶ztÃ¡rsasÃ¡g
     got: Tunéziai Köztársaság
 ; [cca2=TN].translations.jpn.common
Expected: ãƒ?ãƒ¥ãƒ‹ã‚¸ã‚¢
     got: ?????
 ; [cca2=TN].translations.jpn.official
Expected: ãƒ?ãƒ¥ãƒ‹ã‚¸ã‚¢å…±å’Œå›½
     got: ????????
 ; [cca2=TN].translations.kor.common
Expected: íŠ€ë‹ˆì§€
     got: ???
 ; [cca2=TN].translations.kor.official
Expected: íŠ€ë‹ˆì§€ ê³µí™”êµ­
     got: ??? ???
 ; [cca2=TN].translations.nld.common
Expected: TunesiÃ«
     got: Tunesië
 ; [cca2=TN].translations.nld.official
Expected: Republiek TunesiÃ«
     got: Republiek Tunesië
 ; [cca2=TN].translations.per.common
Expected: ØªÙˆÙ†Ø³
     got: ????
 ; [cca2=TN].translations.per.official
Expected: Ø¬Ù…Ù‡ÙˆØ±ÛŒ ØªÙˆÙ†Ø³
     got: ?????? ????
 ; [cca2=TN].translations.por.common
Expected: TunÃ­sia
     got: Tunísia
 ; [cca2=TN].translations.por.official
Expected: RepÃºblica da TunÃ­sia
     got: República da Tunísia
 ; [cca2=TN].translations.rus.common
Expected: Ð¢ÑƒÐ½Ð¸Ñ?
     got: ?????
 ; [cca2=TN].translations.rus.official
Expected: Ð¢ÑƒÐ½Ð¸Ñ?Ñ?ÐºÐ¾Ð¹ Ð ÐµÑ?Ð¿ÑƒÐ±Ð»Ð¸ÐºÐ¸
     got: ????????? ??????????
 ; [cca2=TN].translations.slk.official
Expected: TuniskÃ¡ republika
     got: Tuniská republika
 ; [cca2=TN].translations.spa.common
Expected: TÃºnez
     got: Túnez
 ; [cca2=TN].translations.spa.official
Expected: RepÃºblica de TÃºnez
     got: República de Túnez
 ; [cca2=TN].translations.srp.common
Expected: Ð¢ÑƒÐ½Ð¸Ñ?
     got: ?????
 ; [cca2=TN].translations.srp.official
Expected: Ð¢ÑƒÐ½Ð¸ÑˆÐ°Ð½Ñ?ÐºÐ° Ð ÐµÐ¿ÑƒÐ±Ð»Ð¸ÐºÐ°
     got: ?????????? ?????????
 ; [cca2=TN].translations.urd.common
Expected: ØªÙˆÙ†Ø³
     got: ????
 ; [cca2=TN].translations.urd.official
Expected: Ø¬Ù…Û?ÙˆØ±ÛŒÛ? ØªÙˆÙ†Ø³
     got: ??????? ????
 ; [cca2=TN].translations.zho.common
Expected: çª?å°¼æ–¯
     got: ???
 ; [cca2=TN].translations.zho.official
Expected: çª?å°¼æ–¯å…±å’Œå›½
     got: ??????
 ; [cca2=TO].currencies.TOP.name
Expected: Tongan paÊ»anga
     got: Tongan pa?anga
 ; [cca2=TO].flag
Expected: ðŸ‡¹ðŸ‡´
     got: ??
 ; [cca2=TO].translations.ara.common
Expected: ØªÙˆÙ†ØºØ§
     got: ?????
 ; [cca2=TO].translations.ara.official
Expected: Ù…Ù…Ù„ÙƒØ© ØªÙˆÙ†ØºØ§
     got: ????? ?????
 ; [cca2=TO].translations.ces.official
Expected: KrÃ¡lovstvÃ­ Tonga
     got: Království Tonga
 ; [cca2=TO].translations.deu.official
Expected: KÃ¶nigreich Tonga
     got: Königreich Tonga
 ; [cca2=TO].translations.hun.official
Expected: Tongai KirÃ¡lysÃ¡g
     got: Tongai Királyság
 ; [cca2=TO].translations.jpn.common
Expected: ãƒˆãƒ³ã‚¬
     got: ???
 ; [cca2=TO].translations.jpn.official
Expected: ãƒˆãƒ³ã‚¬çŽ‹å›½
     got: ?????
 ; [cca2=TO].translations.kor.common
Expected: í†µê°€
     got: ??
 ; [cca2=TO].translations.kor.official
Expected: í†µê°€ ì™•êµ­
     got: ?? ??
 ; [cca2=TO].translations.per.common
Expected: ØªÙˆÙ†Ú¯Ø§
     got: ?????
 ; [cca2=TO].translations.per.official
Expected: Ù¾Ø§Ø¯Ø´Ø§Ù‡ÛŒ ØªÙˆÙ†Ú¯Ø§
     got: ??????? ?????
 ; [cca2=TO].translations.pol.official
Expected: KrÃ³lestwo Tonga
     got: Królestwo Tonga
 ; [cca2=TO].translations.rus.common
Expected: Ð¢Ð¾Ð½Ð³Ð°
     got: ?????
 ; [cca2=TO].translations.rus.official
Expected: ÐšÐ¾Ñ€Ð¾Ð»ÐµÐ²Ñ?Ñ‚Ð²Ð¾ Ð¢Ð¾Ð½Ð³Ð°
     got: ??????????? ?????
 ; [cca2=TO].translations.slk.official
Expected: TongskÃ© krÃ¡Ä¾ovstvo
     got: Tongské krá?ovstvo
 ; [cca2=TO].translations.srp.common
Expected: Ð¢Ð¾Ð½Ð³Ð°
     got: ?????
 ; [cca2=TO].translations.srp.official
Expected: ÐšÑ€Ð°Ñ™ÐµÐ²Ð¸Ð½Ð° Ð¢Ð¾Ð½Ð³Ð°
     got: ????????? ?????
 ; [cca2=TO].translations.tur.official
Expected: Tonga KrallÄ±ÄŸÄ±
     got: Tonga Krall???
 ; [cca2=TO].translations.urd.common
Expected: Ù¹ÙˆÙ†Ú¯Ø§
     got: ?????
 ; [cca2=TO].translations.urd.official
Expected: Ù…Ù…Ù„Ú©ØªÙ? Ù¹ÙˆÙ†Ú¯Ø§
     got: ?????? ?????
 ; [cca2=TO].translations.zho.common
Expected: æ±¤åŠ 
     got: ??
 ; [cca2=TO].translations.zho.official
Expected: æ±¤åŠ çŽ‹å›½
     got: ????
 ; [cca2=TR].altSpellings[]
Expected: TÃ¼rkiye Cumhuriyeti
     but none found
 ; [cca2=TR].altSpellings[]
Unexpected: Türkiye Cumhuriyeti
 ; [cca2=TR].currencies.TRY.symbol
Expected: â‚º
     got: ?
 ; [cca2=TR].flag
Expected: ðŸ‡¹ðŸ‡·
     got: ??
 ; [cca2=TR].name.nativeName.tur.common
Expected: TÃ¼rkiye
     got: Türkiye
 ; [cca2=TR].name.nativeName.tur.official
Expected: TÃ¼rkiye Cumhuriyeti
     got: Türkiye Cumhuriyeti
 ; [cca2=TR].translations.ara.common
Expected: ØªØ±ÙƒÙŠØ§
     got: ?????
 ; [cca2=TR].translations.ara.official
Expected: Ø§Ù„Ø¬Ù…Ù‡ÙˆØ±ÙŠØ© Ø§Ù„ØªØ±ÙƒÙŠØ©
     got: ????????? ???????
 ; [cca2=TR].translations.ces.official
Expected: TureckÃ¡ republika
     got: Turecká republika
 ; [cca2=TR].translations.deu.common
Expected: TÃ¼rkei
     got: Türkei
 ; [cca2=TR].translations.deu.official
Expected: Republik TÃ¼rkei
     got: Republik Türkei
 ; [cca2=TR].translations.est.common
Expected: TÃ¼rgi
     got: Türgi
 ; [cca2=TR].translations.est.official
Expected: TÃ¼rgi Vabariik
     got: Türgi Vabariik
 ; [cca2=TR].translations.fra.official
Expected: RÃ©publique de Turquie
     got: République de Turquie
 ; [cca2=TR].translations.hun.common
Expected: TÃ¶rÃ¶korszÃ¡g
     got: Törökország
 ; [cca2=TR].translations.hun.official
Expected: TÃ¶rÃ¶k KÃ¶ztÃ¡rsasÃ¡g
     got: Török Köztársaság
 ; [cca2=TR].translations.jpn.common
Expected: ãƒˆãƒ«ã‚³
     got: ???
 ; [cca2=TR].translations.jpn.official
Expected: ãƒˆãƒ«ã‚³å…±å’Œå›½
     got: ??????
 ; [cca2=TR].translations.kor.common
Expected: í„°í‚¤
     got: ??
 ; [cca2=TR].translations.kor.official
Expected: í„°í‚¤ ê³µí™”êµ­
     got: ?? ???
 ; [cca2=TR].translations.per.common
Expected: ØªØ±Ú©ÛŒÙ‡
     got: ?????
 ; [cca2=TR].translations.per.official
Expected: Ø¬Ù…Ù‡ÙˆØ±ÛŒ ØªØ±Ú©ÛŒÙ‡
     got: ?????? ?????
 ; [cca2=TR].translations.por.official
Expected: RepÃºblica da Turquia
     got: República da Turquia
 ; [cca2=TR].translations.rus.common
Expected: Ð¢ÑƒÑ€Ñ†Ð¸Ñ?
     got: ??????
 ; [cca2=TR].translations.rus.official
Expected: Ð ÐµÑ?Ð¿ÑƒÐ±Ð»Ð¸ÐºÐ° Ð¢ÑƒÑ€Ñ†Ð¸Ð¸
     got: ?????????? ??????
 ; [cca2=TR].translations.slk.official
Expected: TureckÃ¡ republika
     got: Turecká republika
 ; [cca2=TR].translations.spa.common
Expected: TurquÃ­a
     got: Turquía
 ; [cca2=TR].translations.spa.official
Expected: RepÃºblica de TurquÃ­a
     got: República de Turquía
 ; [cca2=TR].translations.srp.common
Expected: Ð¢ÑƒÑ€Ñ?ÐºÐ°
     got: ??????
 ; [cca2=TR].translations.srp.official
Expected: Ð¢ÑƒÑ€Ñ?ÐºÐ° Ð ÐµÐ¿ÑƒÐ±Ð»Ð¸ÐºÐ°
     got: ?????? ?????????
 ; [cca2=TR].translations.tur.common
Expected: TÃ¼rkiye
     got: Türkiye
 ; [cca2=TR].translations.tur.official
Expected: TÃ¼rkiye Cumhuriyeti
     got: Türkiye Cumhuriyeti
 ; [cca2=TR].translations.urd.common
Expected: ØªØ±Ú©ÛŒ
     got: ????
 ; [cca2=TR].translations.urd.official
Expected: Ø¬Ù…Û?ÙˆØ±ÛŒÛ? ØªØ±Ú©ÛŒ
     got: ??????? ????
 ; [cca2=TR].translations.zho.common
Expected: åœŸè€³å…¶
     got: ???
 ; [cca2=TR].translations.zho.official
Expected: åœŸè€³å…¶å…±å’Œå›½
     got: ??????
 ; [cca2=TT].flag
Expected: ðŸ‡¹ðŸ‡¹
     got: ??
 ; [cca2=TT].translations.ara.common
Expected: ØªØ±ÙŠÙ†ÙŠØ¯Ø§Ø¯ ÙˆØªÙˆØ¨Ø§ØºÙˆ
     got: ???????? ???????
 ; [cca2=TT].translations.ara.official
Expected: Ø¬Ù…Ù‡ÙˆØ±ÙŠØ© ØªØ±ÙŠÙ†ÙŠØ¯Ø§Ø¯ ÙˆØªÙˆØ¨Ø§ØºÙˆ
     got: ??????? ???????? ???????
 ; [cca2=TT].translations.fra.common
Expected: TrinitÃ©-et-Tobago
     got: Trinité-et-Tobago
 ; [cca2=TT].translations.fra.official
Expected: RÃ©publique de TrinitÃ©-et-Tobago
     got: République de Trinité-et-Tobago
 ; [cca2=TT].translations.hun.common
Expected: Trinidad Ã©s Tobago
     got: Trinidad és Tobago
 ; [cca2=TT].translations.hun.official
Expected: Trinidad Ã©s Tobago KÃ¶ztÃ¡rsasÃ¡g
     got: Trinidad és Tobago Köztársaság
 ; [cca2=TT].translations.jpn.common
Expected: ãƒˆãƒªãƒ‹ãƒ€ãƒ¼ãƒ‰ãƒ»ãƒˆãƒ?ã‚´
     got: ??????????
 ; [cca2=TT].translations.jpn.official
Expected: ãƒˆãƒªãƒ‹ãƒ€ãƒ¼ãƒ‰Â·ãƒˆãƒ?ã‚´å…±å’Œå›½
     got: ??????·??????
 ; [cca2=TT].translations.kor.common
Expected: íŠ¸ë¦¬ë‹ˆë‹¤ë“œ í† ë°”ê³ 
     got: ????? ???
 ; [cca2=TT].translations.kor.official
Expected: íŠ¸ë¦¬ë‹ˆë‹¤ë“œ í† ë°”ê³  ê³µí™”êµ­
     got: ????? ??? ???
 ; [cca2=TT].translations.per.common
Expected: ØªØ±ÛŒÙ†ÛŒØ¯Ø§Ø¯ Ùˆ ØªÙˆØ¨Ø§Ú¯Ùˆ
     got: ???????? ? ??????
 ; [cca2=TT].translations.per.official
Expected: Ø¬Ù…Ù‡ÙˆØ±ÛŒ ØªØ±ÛŒÙ†ÛŒØ¯Ø§Ø¯ Ùˆ ØªÙˆØ¨Ø§Ú¯Ùˆ
     got: ?????? ???????? ? ??????
 ; [cca2=TT].translations.por.official
Expected: RepÃºblica de Trinidad e Tobago
     got: República de Trinidad e Tobago
 ; [cca2=TT].translations.rus.common
Expected: Ð¢Ñ€Ð¸Ð½Ð¸Ð´Ð°Ð´ Ð¸ Ð¢Ð¾Ð±Ð°Ð³Ð¾
     got: ???????? ? ??????
 ; [cca2=TT].translations.rus.official
Expected: Ð ÐµÑ?Ð¿ÑƒÐ±Ð»Ð¸ÐºÐ° Ð¢Ñ€Ð¸Ð½Ð¸Ð´Ð°Ð´ Ð¸ Ð¢Ð¾Ð±Ð°Ð³Ð¾
     got: ?????????? ???????? ? ??????
 ; [cca2=TT].translations.spa.official
Expected: RepÃºblica de Trinidad y Tobago
     got: República de Trinidad y Tobago
 ; [cca2=TT].translations.srp.common
Expected: Ð¢Ñ€Ð¸Ð½Ð¸Ð´Ð°Ð´ Ð¸ Ð¢Ð¾Ð±Ð°Ð³Ð¾
     got: ???????? ? ??????
 ; [cca2=TT].translations.srp.official
Expected: Ð ÐµÐ¿ÑƒÐ±Ð»Ð¸ÐºÐ° Ð¢Ñ€Ð¸Ð½Ð¸Ð´Ð°Ð´ Ð¸ Ð¢Ð¾Ð±Ð°Ð³Ð¾
     got: ????????? ???????? ? ??????
 ; [cca2=TT].translations.urd.common
Expected: Ù¹Ø±ÛŒÙ†ÛŒÚˆØ§Úˆ Ùˆ Ù¹ÙˆØ¨Ø§Ú¯Ùˆ
     got: ???????? ? ??????
 ; [cca2=TT].translations.urd.official
Expected: Ø¬Ù…Û?ÙˆØ±ÛŒÛ? Ù¹Ø±ÛŒÙ†ÛŒÚˆØ§Úˆ Ùˆ Ù¹ÙˆØ¨Ø§Ú¯Ùˆ
     got: ??????? ???????? ? ??????
 ; [cca2=TT].translations.zho.common
Expected: ç‰¹ç«‹å°¼è¾¾å’Œå¤šå·´å“¥
     got: ????????
 ; [cca2=TT].translations.zho.official
Expected: ç‰¹ç«‹å°¼è¾¾å’Œå¤šå·´å“¥å…±å’Œå›½
     got: ???????????
 ; [cca2=DE].currencies.EUR.symbol
Expected: â‚¬
     got: €
 ; [cca2=DE].flag
Expected: ðŸ‡©ðŸ‡ª
     got: ??
 ; [cca2=DE].translations.ara.common
Expected: Ø£Ù„Ù…Ø§Ù†ÙŠØ§
     got: ???????
 ; [cca2=DE].translations.ara.official
Expected: Ø¬Ù…Ù‡ÙˆØ±ÙŠØ© Ø£Ù„Ù…Ø§Ù†ÙŠØ§ Ø§Ù„Ø§ØªØ­Ø§Ø¯ÙŠØ©
     got: ??????? ??????? ?????????
 ; [cca2=DE].translations.ces.common
Expected: NÄ›mecko
     got: N?mecko
 ; [cca2=DE].translations.ces.official
Expected: SpolkovÃ¡ republika NÄ›mecko
     got: Spolková republika N?mecko
 ; [cca2=DE].translations.fra.official
Expected: RÃ©publique fÃ©dÃ©rale d'Allemagne
     got: République fédérale d'Allemagne
 ; [cca2=DE].translations.hrv.common
Expected: NjemaÄ?ka
     got: Njema?ka
 ; [cca2=DE].translations.hrv.official
Expected: NjemaÄ?ka Federativna Republika
     got: Njema?ka Federativna Republika
 ; [cca2=DE].translations.hun.common
Expected: NÃ©metorszÃ¡g
     got: Németország
 ; [cca2=DE].translations.hun.official
Expected: NÃ©met SzÃ¶vetsÃ©gi KÃ¶ztÃ¡rsasÃ¡g
     got: Német Szövetségi Köztársaság
 ; [cca2=DE].translations.jpn.common
Expected: ãƒ‰ã‚¤ãƒ„
     got: ???
 ; [cca2=DE].translations.jpn.official
Expected: ãƒ‰ã‚¤ãƒ„é€£é‚¦å…±å’Œå›½
     got: ????????
 ; [cca2=DE].translations.kor.common
Expected: ë?…ì?¼
     got: ??
 ; [cca2=DE].translations.kor.official
Expected: ë?…ì?¼ ì—°ë°© ê³µí™”êµ­
     got: ?? ?? ???
 ; [cca2=DE].translations.per.common
Expected: Ø¢Ù„Ù…Ø§Ù†
     got: ?????
 ; [cca2=DE].translations.per.official
Expected: Ø¬Ù…Ù‡ÙˆØ±ÛŒ Ù?Ø¯Ø±Ø§Ù„ Ø¢Ù„Ù…Ø§Ù†
     got: ?????? ????? ?????
 ; [cca2=DE].translations.por.official
Expected: RepÃºblica Federal da Alemanha
     got: República Federal da Alemanha
 ; [cca2=DE].translations.rus.common
Expected: Ð“ÐµÑ€Ð¼Ð°Ð½Ð¸Ñ?
     got: ????????
 ; [cca2=DE].translations.rus.official
Expected: Ð¤ÐµÐ´ÐµÑ€Ð°Ñ‚Ð¸Ð²Ð½Ð°Ñ? Ð ÐµÑ?Ð¿ÑƒÐ±Ð»Ð¸ÐºÐ° Ð“ÐµÑ€Ð¼Ð°Ð½Ð¸Ñ?
     got: ???????????? ?????????? ????????
 ; [cca2=DE].translations.slk.official
Expected: NemeckÃ¡ spolkovÃ¡ republika
     got: Nemecká spolková republika
 ; [cca2=DE].translations.spa.official
Expected: RepÃºblica Federal de Alemania
     got: República Federal de Alemania
 ; [cca2=DE].translations.srp.common
Expected: Ð?ÐµÐ¼Ð°Ñ‡ÐºÐ°
     got: ???????
 ; [cca2=DE].translations.srp.official
Expected: Ð¡Ð°Ð²ÐµÐ·Ð½Ð° Ð ÐµÐ¿ÑƒÐ±Ð»Ð¸ÐºÐ° Ð?ÐµÐ¼Ð°Ñ‡ÐºÐ°
     got: ??????? ????????? ???????
 ; [cca2=DE].translations.swe.official
Expected: FÃ¶rbundsrepubliken Tyskland
     got: Förbundsrepubliken Tyskland
 ; [cca2=DE].translations.urd.common
Expected: Ø¬Ø±Ù…Ù†ÛŒ
     got: ?????
 ; [cca2=DE].translations.urd.official
Expected: ÙˆÙ?Ø§Ù‚ÛŒ Ø¬Ù…Û?ÙˆØ±ÛŒÛ? Ø¬Ø±Ù…Ù†ÛŒ
     got: ????? ??????? ?????
 ; [cca2=DE].translations.zho.common
Expected: å¾·å›½
     got: ??
 ; [cca2=DE].translations.zho.official
Expected: å¾·æ„?å¿—è?”é‚¦å…±å’Œå›½
     got: ????????
 ; [cca2=TV].flag
Expected: ðŸ‡¹ðŸ‡»
     got: ??
 ; [cca2=TV].flags.alt
Expected: The flag of Tuvalu has a light blue field with the flag of the United Kingdom â€” the Union Jack â€” in the canton. A representation of the country's nine Islands using nine five-pointed yellow stars is situated in the fly half of the field.
     got: The flag of Tuvalu has a light blue field with the flag of the United Kingdom — the Union Jack — in the canton. A representation of the country's nine Islands using nine five-pointed yellow stars is situated in the fly half of the field.
 ; [cca2=TV].translations.ara.common
Expected: ØªÙˆÙ?Ø§Ù„Ùˆ
     got: ??????
 ; [cca2=TV].translations.ara.official
Expected: ØªÙˆÙ?Ø§Ù„Ùˆ
     got: ??????
 ; [cca2=TV].translations.jpn.common
Expected: ãƒ„ãƒ?ãƒ«
     got: ???
 ; [cca2=TV].translations.jpn.official
Expected: ãƒ„ãƒ?ãƒ«
     got: ???
 ; [cca2=TV].translations.kor.common
Expected: íˆ¬ë°œë£¨
     got: ???
 ; [cca2=TV].translations.kor.official
Expected: íˆ¬ë°œë£¨
     got: ???
 ; [cca2=TV].translations.per.common
Expected: ØªÙˆÙˆØ§Ù„Ùˆ
     got: ??????
 ; [cca2=TV].translations.per.official
Expected: ØªÙˆÙˆØ§Ù„Ùˆ
     got: ??????
 ; [cca2=TV].translations.rus.common
Expected: Ð¢ÑƒÐ²Ð°Ð»Ñƒ
     got: ??????
 ; [cca2=TV].translations.rus.official
Expected: Ð¢ÑƒÐ²Ð°Ð»Ñƒ
     got: ??????
 ; [cca2=TV].translations.srp.common
Expected: Ð¢ÑƒÐ²Ð°Ð»Ñƒ
     got: ??????
 ; [cca2=TV].translations.srp.official
Expected: Ð¢ÑƒÐ²Ð°Ð»Ñƒ
     got: ??????
 ; [cca2=TV].translations.urd.common
Expected: ØªÙˆÙˆØ§Ù„Ùˆ
     got: ??????
 ; [cca2=TV].translations.urd.official
Expected: ØªÙˆÙˆØ§Ù„Ùˆ
     got: ??????
 ; [cca2=TV].translations.zho.common
Expected: å›¾ç“¦å?¢
     got: ???
 ; [cca2=TV].translations.zho.official
Expected: å›¾ç“¦å?¢
     got: ???
 ; [cca2=TW].altSpellings[]
Expected: ZhÅ?nghuÃ¡ MÃ­nguÃ³
     but none found
 ; [cca2=TW].altSpellings[]
Expected: TÃ¡iwÄ?n
     but none found
 ; [cca2=TW].altSpellings[]
Expected: ä¸­è?¯æ°‘åœ‹
     but none found
 ; [cca2=TW].altSpellings[]
Unexpected: Táiw?n
 ; [cca2=TW].altSpellings[]
Unexpected: ????
 ; [cca2=TW].altSpellings[]
Unexpected: Zh?nghuá Mínguó
 ; [cca2=TW].demonyms.fra.f
Expected: TaÃ¯wanaise
     got: Taïwanaise
 ; [cca2=TW].demonyms.fra.m
Expected: TaÃ¯wanais
     got: Taïwanais
 ; [cca2=TW].flag
Expected: ðŸ‡¹ðŸ‡¼
     got: ??
 ; [cca2=TW].name.nativeName.zho.common
Expected: å?°ç?£
     got: ??
 ; [cca2=TW].name.nativeName.zho.official
Expected: ä¸­è?¯æ°‘åœ‹
     got: ????
 ; [cca2=TW].tld[]
Expected: .å?°ç?£
     but none found
 ; [cca2=TW].tld[]
Expected: .å?°æ¹¾
     but none found
 ; [cca2=TW].tld[]
Unexpected: .??
 ; [cca2=TW].tld[]
Unexpected: .??
 ; [cca2=TW].translations.ara.common
Expected: ØªØ§ÙŠÙˆØ§Ù†
     got: ??????
 ; [cca2=TW].translations.ara.official
Expected: Ø¬Ù…Ù‡ÙˆØ±ÙŠØ© Ø§Ù„ØµÙŠÙ† (ØªØ§ÙŠÙˆØ§Ù†)
     got: ??????? ????? (??????)
 ; [cca2=TW].translations.ces.official
Expected: ÄŒÃ­nskÃ¡ republika
     got: ?ínská republika
 ; [cca2=TW].translations.fra.common
Expected: TaÃ¯wan
     got: Taïwan
 ; [cca2=TW].translations.fra.official
Expected: RÃ©publique de Chine (TaÃ¯wan)
     got: République de Chine (Taïwan)
 ; [cca2=TW].translations.hun.official
Expected: KÃ­nai KÃ¶ztÃ¡rsasÃ¡g
     got: Kínai Köztársaság
 ; [cca2=TW].translations.jpn.common
Expected: å?°æ¹¾
     got: ??
 ; [cca2=TW].translations.jpn.official
Expected: ä¸­è?¯æ°‘å›½
     got: ????
 ; [cca2=TW].translations.kor.common
Expected: ëŒ€ë§Œ
     got: ??
 ; [cca2=TW].translations.kor.official
Expected: ì¤‘í™”ë¯¼êµ­
     got: ????
 ; [cca2=TW].translations.per.common
Expected: ØªØ§ÛŒÙˆØ§Ù†
     got: ??????
 ; [cca2=TW].translations.per.official
Expected: Ø¬Ù…Ù‡ÙˆØ±ÛŒ Ú†ÛŒÙ†
     got: ?????? ???
 ; [cca2=TW].translations.pol.official
Expected: Republika ChiÅ„ska (Tajwan)
     got: Republika Chi?ska (Tajwan)
 ; [cca2=TW].translations.por.official
Expected: RepÃºblica da China
     got: República da China
 ; [cca2=TW].translations.rus.common
Expected: Ð¢Ð°Ð¹Ð²Ð°Ð½ÑŒ
     got: ???????
 ; [cca2=TW].translations.rus.official
Expected: ÐšÐ¸Ñ‚Ð°Ð¹Ñ?ÐºÐ°Ñ? Ð ÐµÑ?Ð¿ÑƒÐ±Ð»Ð¸ÐºÐ°
     got: ????????? ??????????
 ; [cca2=TW].translations.slk.official
Expected: ÄŒÃ­nska republika
     got: ?ínska republika
 ; [cca2=TW].translations.spa.common
Expected: TaiwÃ¡n
     got: Taiwán
 ; [cca2=TW].translations.spa.official
Expected: RepÃºblica de China en TaiwÃ¡n
     got: República de China en Taiwán
 ; [cca2=TW].translations.srp.common
Expected: Ð¢Ð°Ñ˜Ð²Ð°Ð½
     got: ??????
 ; [cca2=TW].translations.srp.official
Expected: Ð ÐµÐ¿ÑƒÐ±Ð»Ð¸ÐºÐ° ÐšÐ¸Ð½Ð°
     got: ????????? ????
 ; [cca2=TW].translations.tur.official
Expected: Ã‡in Cumhuriyeti (Tayvan)
     got: Çin Cumhuriyeti (Tayvan)
 ; [cca2=TW].translations.urd.common
Expected: ØªØ§Ø¦ÛŒÙˆØ§Ù†
     got: ???????
 ; [cca2=TW].translations.urd.official
Expected: Ø¬Ù…Û?ÙˆØ±ÛŒÛ? Ú†ÛŒÙ† (ØªØ§Ø¦ÛŒÙˆØ§Ù†)
     got: ??????? ??? (???????)
 ; [cca2=TZ].flag
Expected: ðŸ‡¹ðŸ‡¿
     got: ??
 ; [cca2=TZ].translations.ara.common
Expected: ØªÙ†Ø²Ø§Ù†ÙŠØ§
     got: ???????
 ; [cca2=TZ].translations.ara.official
Expected: Ø¬Ù…Ù‡ÙˆØ±ÙŠØ© ØªÙ†Ø²Ø§Ù†ÙŠØ§ Ø§Ù„Ø§ØªØ­Ø§Ø¯ÙŠØ©
     got: ??????? ??????? ?????????
 ; [cca2=TZ].translations.ces.official
Expected: SjednocenÃ¡ tanzanskÃ¡ republika
     got: Sjednocená tanzanská republika
 ; [cca2=TZ].translations.est.official
Expected: Tansaania Ãœhendvabariik
     got: Tansaania Ühendvabariik
 ; [cca2=TZ].translations.fra.official
Expected: RÃ©publique -Unie de Tanzanie
     got: République -Unie de Tanzanie
 ; [cca2=TZ].translations.hun.common
Expected: TÃ¡dzsikisztÃ¡n
     got: Tádzsikisztán
 ; [cca2=TZ].translations.hun.official
Expected: TÃ¡dzsik KÃ¶ztÃ¡rsasÃ¡g
     got: Tádzsik Köztársaság
 ; [cca2=TZ].translations.jpn.common
Expected: ã‚¿ãƒ³ã‚¶ãƒ‹ã‚¢
     got: ?????
 ; [cca2=TZ].translations.jpn.official
Expected: ã‚¿ãƒ³ã‚¶ãƒ‹ã‚¢é€£å?ˆå…±å’Œå›½
     got: ??????????
 ; [cca2=TZ].translations.kor.common
Expected: íƒ„ìž?ë‹ˆì•„
     got: ????
 ; [cca2=TZ].translations.kor.official
Expected: íƒ„ìž?ë‹ˆì•„ ì—°í•© ê³µí™”êµ­
     got: ???? ?? ???
 ; [cca2=TZ].translations.per.common
Expected: ØªØ§Ù†Ø²Ø§Ù†ÛŒØ§
     got: ????????
 ; [cca2=TZ].translations.per.official
Expected: Ø¬Ù…Ù‡ÙˆØ±ÛŒ Ù…ØªØ­Ø¯ ØªØ§Ù†Ø²Ø§Ù†ÛŒØ§
     got: ?????? ???? ????????
 ; [cca2=TZ].translations.por.common
Expected: TanzÃ¢nia
     got: Tanzânia
 ; [cca2=TZ].translations.por.official
Expected: RepÃºblica Unida da TanzÃ¢nia
     got: República Unida da Tanzânia
 ; [cca2=TZ].translations.rus.common
Expected: Ð¢Ð°Ð½Ð·Ð°Ð½Ð¸Ñ?
     got: ????????
 ; [cca2=TZ].translations.rus.official
Expected: ÐžÐ±ÑŠÐµÐ´Ð¸Ð½ÐµÐ½Ð½Ð°Ñ? Ð ÐµÑ?Ð¿ÑƒÐ±Ð»Ð¸ÐºÐ° Ð¢Ð°Ð½Ð·Ð°Ð½Ð¸Ñ?
     got: ???????????? ?????????? ????????
 ; [cca2=TZ].translations.slk.common
Expected: TanzÃ¡nia
     got: Tanzánia
 ; [cca2=TZ].translations.slk.official
Expected: TanzÃ¡nijskÃ¡ zjednotenÃ¡ republika
     got: Tanzánijská zjednotená republika
 ; [cca2=TZ].translations.spa.official
Expected: RepÃºblica Unida de Tanzania
     got: República Unida de Tanzania
 ; [cca2=TZ].translations.srp.common
Expected: Ð¢Ð°Ð½Ð·Ð°Ð½Ð¸Ñ˜Ð°
     got: ?????????
 ; [cca2=TZ].translations.srp.official
Expected: Ð£Ñ˜ÐµÐ´Ð¸ÑšÐµÐ½Ð° Ð ÐµÐ¿ÑƒÐ±Ð»Ð¸ÐºÐ° Ð¢Ð°Ð½Ð·Ð°Ð½Ð¸Ñ˜Ð°
     got: ????????? ????????? ?????????
 ; [cca2=TZ].translations.swe.official
Expected: FÃ¶renade republiken Tanzania
     got: Förenade republiken Tanzania
 ; [cca2=TZ].translations.tur.official
Expected: Tanzanya BirleÅŸik Cumhuriyeti
     got: Tanzanya Birle?ik Cumhuriyeti
 ; [cca2=TZ].translations.urd.common
Expected: ØªÙ†Ø²Ø§Ù†ÛŒÛ?
     got: ???????
 ; [cca2=TZ].translations.urd.official
Expected: Ù…ØªØ­Ø¯Û? Ø¬Ù…Û?ÙˆØ±ÛŒÛ? ØªÙ†Ø²Ø§Ù†ÛŒÛ?
     got: ????? ??????? ???????
 ; [cca2=TZ].translations.zho.common
Expected: å?¦æ¡‘å°¼äºš
     got: ????
 ; [cca2=TZ].translations.zho.official
Expected: å?¦æ¡‘å°¼äºšè?”å?ˆå…±å’Œå›½
     got: ?????????
 ; [cca2=DJ].altSpellings[]
Expected: RÃ©publique de Djibouti
     but none found
 ; [cca2=DJ].altSpellings[]
Unexpected: République de Djibouti
 ; [cca2=DJ].flag
Expected: ðŸ‡©ðŸ‡¯
     got: ??
 ; [cca2=DJ].name.nativeName.ara.common
Expected: Ø¬ÙŠØ¨ÙˆØªÙŠâ€Ž
     got: ???????
 ; [cca2=DJ].name.nativeName.ara.official
Expected: Ø¬Ù…Ù‡ÙˆØ±ÙŠØ© Ø¬ÙŠØ¨ÙˆØªÙŠ
     got: ??????? ??????
 ; [cca2=DJ].name.nativeName.fra.official
Expected: RÃ©publique de Djibouti
     got: République de Djibouti
 ; [cca2=DJ].translations.ara.common
Expected: Ø¬ÙŠØ¨ÙˆØªÙŠ
     got: ??????
 ; [cca2=DJ].translations.ara.official
Expected: Ø¬Ù…Ù‡ÙˆØ±ÙŠØ© Ø¬ÙŠØ¨ÙˆØªÙŠ
     got: ??????? ??????
 ; [cca2=DJ].translations.ces.common
Expected: DÅ¾ibutsko
     got: Džibutsko
 ; [cca2=DJ].translations.ces.official
Expected: DÅ¾ibutskÃ¡ republika
     got: Džibutská republika
 ; [cca2=DJ].translations.fra.official
Expected: RÃ©publique de Djibouti
     got: République de Djibouti
 ; [cca2=DJ].translations.hrv.common
Expected: DÅ¾ibuti
     got: Džibuti
 ; [cca2=DJ].translations.hrv.official
Expected: Republika DÅ¾ibuti
     got: Republika Džibuti
 ; [cca2=DJ].translations.hun.official
Expected: Dzsibuti KÃ¶ztÃ¡rsasÃ¡g
     got: Dzsibuti Köztársaság
 ; [cca2=DJ].translations.jpn.common
Expected: ã‚¸ãƒ–ãƒ?
     got: ???
 ; [cca2=DJ].translations.jpn.official
Expected: ã‚¸ãƒ–ãƒ?å…±å’Œå›½
     got: ??????
 ; [cca2=DJ].translations.kor.common
Expected: ì§€ë¶€í‹°
     got: ???
 ; [cca2=DJ].translations.kor.official
Expected: ì§€ë¶€í‹° ê³µí™”êµ­
     got: ??? ???
 ; [cca2=DJ].translations.per.common
Expected: Ø¬ÛŒØ¨ÙˆØªÛŒ
     got: ??????
 ; [cca2=DJ].translations.per.official
Expected: Ø¬Ù…Ù‡ÙˆØ±ÛŒ Ø¬ÛŒØ¨ÙˆØªÛŒ
     got: ?????? ??????
 ; [cca2=DJ].translations.pol.common
Expected: DÅ¼ibuti
     got: D?ibuti
 ; [cca2=DJ].translations.pol.official
Expected: Republika DÅ¼ibuti
     got: Republika D?ibuti
 ; [cca2=DJ].translations.por.official
Expected: RepÃºblica do Djibouti
     got: República do Djibouti
 ; [cca2=DJ].translations.rus.common
Expected: Ð”Ð¶Ð¸Ð±ÑƒÑ‚Ð¸
     got: ???????
 ; [cca2=DJ].translations.rus.official
Expected: Ð ÐµÑ?Ð¿ÑƒÐ±Ð»Ð¸ÐºÐ° Ð”Ð¶Ð¸Ð±ÑƒÑ‚Ð¸
     got: ?????????? ???????
 ; [cca2=DJ].translations.slk.common
Expected: Ç…ibutsko
     got: ?ibutsko
 ; [cca2=DJ].translations.slk.official
Expected: Ç…ibutskÃ¡ republika
     got: ?ibutská republika
 ; [cca2=DJ].translations.spa.official
Expected: RepÃºblica de Djibouti
     got: República de Djibouti
 ; [cca2=DJ].translations.srp.common
Expected: Ð?Ð¸Ð±ÑƒÑ‚Ð¸
     got: ??????
 ; [cca2=DJ].translations.srp.official
Expected: Ð ÐµÐ¿ÑƒÐ±Ð»Ð¸ÐºÐ° Ð?Ð¸Ð±ÑƒÑ‚Ð¸
     got: ????????? ??????
 ; [cca2=DJ].translations.urd.common
Expected: Ø¬Ø¨ÙˆØªÛŒ
     got: ?????
 ; [cca2=DJ].translations.urd.official
Expected: Ø¬Ù…Û?ÙˆØ±ÛŒÛ? Ø¬Ø¨ÙˆØªÛŒ
     got: ??????? ?????
 ; [cca2=DJ].translations.zho.common
Expected: å?‰å¸ƒæ??
     got: ???
 ; [cca2=DJ].translations.zho.official
Expected: å?‰å¸ƒæ??å…±å’Œå›½
     got: ??????
 ; [cca2=DK].flag
Expected: ðŸ‡©ðŸ‡°
     got: ??
 ; [cca2=DK].translations.ara.common
Expected: Ø§Ù„Ø¯Ù†Ù…Ø§Ø±Ùƒ
     got: ????????
 ; [cca2=DK].translations.ara.official
Expected: Ù…Ù…Ù„ÙƒØ© Ø§Ù„Ø¯Ù†Ù…Ø§Ø±Ùƒ
     got: ????? ????????
 ; [cca2=DK].translations.ces.common
Expected: DÃ¡nsko
     got: Dánsko
 ; [cca2=DK].translations.ces.official
Expected: DÃ¡nskÃ© krÃ¡lovstvÃ­
     got: Dánské království
 ; [cca2=DK].translations.deu.common
Expected: DÃ¤nemark
     got: Dänemark
 ; [cca2=DK].translations.deu.official
Expected: KÃ¶nigreich DÃ¤nemark
     got: Königreich Dänemark
 ; [cca2=DK].translations.hun.common
Expected: DÃ¡nia
     got: Dánia
 ; [cca2=DK].translations.hun.official
Expected: DÃ¡n KirÃ¡lysÃ¡g
     got: Dán Királyság
 ; [cca2=DK].translations.jpn.common
Expected: ãƒ‡ãƒ³ãƒžãƒ¼ã‚¯
     got: ?????
 ; [cca2=DK].translations.jpn.official
Expected: ãƒ‡ãƒ³ãƒžãƒ¼ã‚¯çŽ‹å›½
     got: ???????
 ; [cca2=DK].translations.kor.common
Expected: ë?´ë§ˆí?¬
     got: ???
 ; [cca2=DK].translations.kor.official
Expected: ë?´ë§ˆí?¬ ì™•êµ­
     got: ??? ??
 ; [cca2=DK].translations.per.common
Expected: Ø¯Ø§Ù†Ù…Ø§Ø±Ú©
     got: ???????
 ; [cca2=DK].translations.per.official
Expected: Ù¾Ø§Ø¯Ø´Ø§Ù‡ÛŒ Ø¯Ø§Ù†Ù…Ø§Ø±Ú©
     got: ??????? ???????
 ; [cca2=DK].translations.pol.official
Expected: KrÃ³lestwo Danii
     got: Królestwo Danii
 ; [cca2=DK].translations.rus.common
Expected: Ð”Ð°Ð½Ð¸Ñ?
     got: ?????
 ; [cca2=DK].translations.rus.official
Expected: ÐšÐ¾Ñ€Ð¾Ð»ÐµÐ²Ñ?Ñ‚Ð²Ð¾ Ð”Ð°Ð½Ð¸Ñ?
     got: ??????????? ?????
 ; [cca2=DK].translations.slk.common
Expected: DÃ¡nsko
     got: Dánsko
 ; [cca2=DK].translations.slk.official
Expected: DÃ¡nske krÃ¡Ä¾ovstvo
     got: Dánske krá?ovstvo
 ; [cca2=DK].translations.srp.common
Expected: Ð”Ð°Ð½Ñ?ÐºÐ°
     got: ??????
 ; [cca2=DK].translations.srp.official
Expected: ÐšÑ€Ð°Ñ™ÐµÐ²Ð¸Ð½Ð° Ð”Ð°Ð½Ñ?ÐºÐ°
     got: ????????? ??????
 ; [cca2=DK].translations.tur.official
Expected: Danimarka KrallÄ±ÄŸÄ±
     got: Danimarka Krall???
 ; [cca2=DK].translations.urd.common
Expected: ÚˆÙ†Ù…Ø§Ø±Ú©
     got: ??????
 ; [cca2=DK].translations.urd.official
Expected: Ù…Ù…Ù„Ú©ØªÙ? ÚˆÙ†Ù…Ø§Ø±Ú©
     got: ?????? ??????
 ; [cca2=DK].translations.zho.common
Expected: ä¸¹éº¦
     got: ??
 ; [cca2=DK].translations.zho.official
Expected: ä¸¹éº¦çŽ‹å›½
     got: ????
 ; [cca2=DM].altSpellings[]
Expected: Waiâ€˜tu kubuli
     but none found
 ; [cca2=DM].altSpellings[]
Unexpected: Wai‘tu kubuli
 ; [cca2=DM].flag
Expected: ðŸ‡©ðŸ‡²
     got: ??
 ; [cca2=DM].translations.ara.common
Expected: Ø¯ÙˆÙ…ÙŠÙ†ÙŠÙƒØ§
     got: ????????
 ; [cca2=DM].translations.ara.official
Expected: ÙƒÙˆÙ…ÙˆÙ†ÙˆÙ„Ø« Ø¯ÙˆÙ…ÙŠÙ†ÙŠÙƒØ§
     got: ???????? ????????
 ; [cca2=DM].translations.ces.official
Expected: DominikÃ¡nskÃ© spoleÄ?enstvÃ­
     got: Dominikánské spole?enství
 ; [cca2=DM].translations.est.official
Expected: Dominica Ãœhendus
     got: Dominica Ühendus
 ; [cca2=DM].translations.hun.common
Expected: Dominikai KÃ¶zÃ¶ssÃ©g
     got: Dominikai Közösség
 ; [cca2=DM].translations.hun.official
Expected: Dominikai KÃ¶zÃ¶ssÃ©g
     got: Dominikai Közösség
 ; [cca2=DM].translations.jpn.common
Expected: ãƒ‰ãƒŸãƒ‹ã‚«å›½
     got: ?????
 ; [cca2=DM].translations.jpn.official
Expected: ãƒ‰ãƒŸãƒ‹ã‚«å›½
     got: ?????
 ; [cca2=DM].translations.kor.common
Expected: ë?„ë¯¸ë‹ˆì¹´ ê³µí™”êµ­
     got: ???? ???
 ; [cca2=DM].translations.kor.official
Expected: ë?„ë¯¸ë‹ˆì¹´ ê³µí™”êµ­
     got: ???? ???
 ; [cca2=DM].translations.per.common
Expected: Ø¯ÙˆÙ…ÛŒÙ†ÛŒÚ©Ø§
     got: ????????
 ; [cca2=DM].translations.per.official
Expected: Ù‚Ù„Ù…Ø±Ùˆ Ù‡Ù…Ø³ÙˆØ¯ Ø¯ÙˆÙ…ÛŒÙ†ÛŒÚ©Ø§
     got: ????? ????? ????????
 ; [cca2=DM].translations.pol.official
Expected: WspÃ³lnota Dominiki
     got: Wspólnota Dominiki
 ; [cca2=DM].translations.rus.common
Expected: Ð”Ð¾Ð¼Ð¸Ð½Ð¸ÐºÐ°
     got: ????????
 ; [cca2=DM].translations.rus.official
Expected: Ð¡Ð¾Ð´Ñ€ÑƒÐ¶ÐµÑ?Ñ‚Ð²Ð¾ Ð”Ð¾Ð¼Ð¸Ð½Ð¸ÐºÐ¸
     got: ??????????? ????????
 ; [cca2=DM].translations.slk.official
Expected: DominickÃ© spoloÄ?enstvo
     got: Dominické spolo?enstvo
 ; [cca2=DM].translations.srp.common
Expected: Ð”Ð¾Ð¼Ð¸Ð½Ð¸ÐºÐ°
     got: ????????
 ; [cca2=DM].translations.srp.official
Expected: ÐšÐ¾Ð¼Ð¾Ð½Ð²ÐµÐ»Ñ‚ Ð”Ð¾Ð¼Ð¸Ð½Ð¸ÐºÐ°
     got: ????????? ????????
 ; [cca2=DM].translations.swe.official
Expected: SamvÃ¤ldet Dominica
     got: Samväldet Dominica
 ; [cca2=DM].translations.tur.official
Expected: Dominika TopluluÄŸu
     got: Dominika Toplulu?u
 ; [cca2=DM].translations.urd.common
Expected: ÚˆÙˆÙ…ÛŒÙ†ÛŒÚ©Ø§
     got: ????????
 ; [cca2=DM].translations.urd.official
Expected: Ø¯ÙˆÙ„ØªÙ? Ù…Ø´ØªØ±Ú©Û? ÚˆÙˆÙ…ÛŒÙ†ÛŒÚ©Ø§
     got: ????? ?????? ????????
 ; [cca2=DM].translations.zho.common
Expected: å¤šç±³å°¼åŠ 
     got: ????
 ; [cca2=DM].translations.zho.official
Expected: å¤šç±³å°¼åŠ å…±å’Œå›½
     got: ???????
 ; [cca2=DO].flag
Expected: ðŸ‡©ðŸ‡´
     got: ??
 ; [cca2=DO].name.nativeName.spa.common
Expected: RepÃºblica Dominicana
     got: República Dominicana
 ; [cca2=DO].name.nativeName.spa.official
Expected: RepÃºblica Dominicana
     got: República Dominicana
 ; [cca2=DO].translations.ara.common
Expected: Ø¬Ù…Ù‡ÙˆØ±ÙŠØ© Ø§Ù„Ø¯ÙˆÙ…ÙŠÙ†ÙŠÙƒØ§Ù†
     got: ??????? ???????????
 ; [cca2=DO].translations.ara.official
Expected: Ø¬Ù…Ù‡ÙˆØ±ÙŠØ© Ø§Ù„Ø¯ÙˆÙ…ÙŠÙ†ÙŠÙƒØ§Ù†
     got: ??????? ???????????
 ; [cca2=DO].translations.ces.common
Expected: DominikÃ¡nskÃ¡ republika
     got: Dominikánská republika
 ; [cca2=DO].translations.ces.official
Expected: DominikÃ¡nskÃ¡ republika
     got: Dominikánská republika
 ; [cca2=DO].translations.fra.common
Expected: RÃ©publique dominicaine
     got: République dominicaine
 ; [cca2=DO].translations.fra.official
Expected: RÃ©publique Dominicaine
     got: République Dominicaine
 ; [cca2=DO].translations.hun.common
Expected: Dominikai KÃ¶ztÃ¡rsasÃ¡g
     got: Dominikai Köztársaság
 ; [cca2=DO].translations.hun.official
Expected: Dominikai KÃ¶ztÃ¡rsasÃ¡g
     got: Dominikai Köztársaság
 ; [cca2=DO].translations.jpn.common
Expected: ãƒ‰ãƒŸãƒ‹ã‚«å…±å’Œå›½
     got: ???????
 ; [cca2=DO].translations.jpn.official
Expected: ãƒ‰ãƒŸãƒ‹ã‚«å…±å’Œå›½
     got: ???????
 ; [cca2=DO].translations.kor.common
Expected: ë?„ë¯¸ë‹ˆì¹´ ê³µí™”êµ­
     got: ???? ???
 ; [cca2=DO].translations.kor.official
Expected: ë?„ë¯¸ë‹ˆì¹´ ê³µí™”êµ­
     got: ???? ???
 ; [cca2=DO].translations.per.common
Expected: Ø¬Ù…Ù‡ÙˆØ±ÛŒ Ø¯ÙˆÙ…ÛŒÙ†ÛŒÚ©Ù†
     got: ?????? ????????
 ; [cca2=DO].translations.per.official
Expected: Ø¬Ù…Ù‡ÙˆØ±ÛŒ Ø¯ÙˆÙ…ÛŒÙ†ÛŒÚ©Ù†
     got: ?????? ????????
 ; [cca2=DO].translations.pol.official
Expected: Republika DominikaÅ„ska
     got: Republika Dominika?ska
 ; [cca2=DO].translations.por.common
Expected: RepÃºblica Dominicana
     got: República Dominicana
 ; [cca2=DO].translations.por.official
Expected: RepÃºblica Dominicana
     got: República Dominicana
 ; [cca2=DO].translations.rus.common
Expected: Ð”Ð¾Ð¼Ð¸Ð½Ð¸ÐºÐ°Ð½Ñ?ÐºÐ°Ñ? Ð ÐµÑ?Ð¿ÑƒÐ±Ð»Ð¸ÐºÐ°
     got: ????????????? ??????????
 ; [cca2=DO].translations.rus.official
Expected: Ð”Ð¾Ð¼Ð¸Ð½Ð¸ÐºÐ°Ð½Ñ?ÐºÐ°Ñ? Ð ÐµÑ?Ð¿ÑƒÐ±Ð»Ð¸ÐºÐ°
     got: ????????????? ??????????
 ; [cca2=DO].translations.slk.common
Expected: DominikÃ¡nska republika
     got: Dominikánska republika
 ; [cca2=DO].translations.slk.official
Expected: DominikÃ¡nska republika
     got: Dominikánska republika
 ; [cca2=DO].translations.spa.common
Expected: RepÃºblica Dominicana
     got: República Dominicana
 ; [cca2=DO].translations.spa.official
Expected: RepÃºblica Dominicana
     got: República Dominicana
 ; [cca2=DO].translations.srp.common
Expected: Ð”Ð¾Ð¼Ð¸Ð½Ð¸ÐºÐ°Ð½Ð°
     got: ??????????
 ; [cca2=DO].translations.srp.official
Expected: Ð”Ð¾Ð¼Ð¸Ð½Ð¸ÐºÐ°Ð½Ñ?ÐºÐ° Ð ÐµÐ¿ÑƒÐ±Ð»Ð¸ÐºÐ°
     got: ???????????? ?????????
 ; [cca2=DO].translations.urd.common
Expected: ÚˆÙˆÙ…ÛŒÙ†ÛŒÚ©Ù†
     got: ????????
 ; [cca2=DO].translations.urd.official
Expected: Ø¬Ù…Û?ÙˆØ±ÛŒÛ? ÚˆÙˆÙ…ÛŒÙ†ÛŒÚ©Ù†
     got: ??????? ????????
 ; [cca2=DO].translations.zho.common
Expected: å¤šæ˜Žå°¼åŠ 
     got: ????
 ; [cca2=DO].translations.zho.official
Expected: å¤šæ˜Žå°¼åŠ å…±å’Œå›½
     got: ???????
 ; [cca2=UA].currencies.UAH.symbol
Expected: â‚´
     got: ?
 ; [cca2=UA].flag
Expected: ðŸ‡ºðŸ‡¦
     got: ??
 ; [cca2=UA].name.nativeName.ukr.common
Expected: Ð£ÐºÑ€Ð°Ñ—Ð½Ð°
     got: ???????
 ; [cca2=UA].name.nativeName.ukr.official
Expected: Ð£ÐºÑ€Ð°Ñ—Ð½Ð°
     got: ???????
 ; [cca2=UA].tld[]
Expected: .ÑƒÐºÑ€
     but none found
 ; [cca2=UA].tld[]
Unexpected: .???
 ; [cca2=UA].translations.ara.common
Expected: Ø£ÙˆÙƒØ±Ø§Ù†ÙŠØ§
     got: ????????
 ; [cca2=UA].translations.ara.official
Expected: Ø£ÙˆÙƒØ±Ø§Ù†ÙŠØ§
     got: ????????
 ; [cca2=UA].translations.jpn.common
Expected: ã‚¦ã‚¯ãƒ©ã‚¤ãƒŠ
     got: ?????
 ; [cca2=UA].translations.jpn.official
Expected: ã‚¦ã‚¯ãƒ©ã‚¤ãƒŠ
     got: ?????
 ; [cca2=UA].translations.kor.common
Expected: ìš°í?¬ë?¼ì?´ë‚˜
     got: ?????
 ; [cca2=UA].translations.kor.official
Expected: ìš°í?¬ë?¼ì?´ë‚˜
     got: ?????
 ; [cca2=UA].translations.nld.common
Expected: OekraÃ¯ne
     got: Oekraïne
 ; [cca2=UA].translations.nld.official
Expected: OekraÃ¯ne
     got: Oekraïne
 ; [cca2=UA].translations.per.common
Expected: Ø§ÙˆÚ©Ø±Ø§ÛŒÙ†
     got: ???????
 ; [cca2=UA].translations.per.official
Expected: Ø§ÙˆÚ©Ø±Ø§ÛŒÙ†
     got: ???????
 ; [cca2=UA].translations.por.common
Expected: UcrÃ¢nia
     got: Ucrânia
 ; [cca2=UA].translations.por.official
Expected: UcrÃ¢nia
     got: Ucrânia
 ; [cca2=UA].translations.rus.common
Expected: Ð£ÐºÑ€Ð°Ð¸Ð½Ð°
     got: ???????
 ; [cca2=UA].translations.rus.official
Expected: Ð£ÐºÑ€Ð°Ð¸Ð½Ð°
     got: ???????
 ; [cca2=UA].translations.srp.common
Expected: Ð£ÐºÑ€Ð°Ñ˜Ð¸Ð½Ð°
     got: ????????
 ; [cca2=UA].translations.srp.official
Expected: Ð£ÐºÑ€Ð°Ñ˜Ð¸Ð½Ð°
     got: ????????
 ; [cca2=UA].translations.urd.common
Expected: ÛŒÙˆÚ©Ø±ÛŒÙ†
     got: ??????
 ; [cca2=UA].translations.urd.official
Expected: ÛŒÙˆÚ©Ø±ÛŒÙ†
     got: ??????
 ; [cca2=UA].translations.zho.common
Expected: ä¹Œå…‹å…°
     got: ???
 ; [cca2=UA].translations.zho.official
Expected: ä¹Œå…‹å…°
     got: ???
 ; [cca2=UG].flag
Expected: ðŸ‡ºðŸ‡¬
     got: ??
 ; [cca2=UG].translations.ara.common
Expected: Ø£ÙˆØºÙ†Ø¯Ø§
     got: ??????
 ; [cca2=UG].translations.ara.official
Expected: Ø¬Ù…Ù‡ÙˆØ±ÙŠØ© Ø£ÙˆØºÙ†Ø¯Ø§
     got: ??????? ??????
 ; [cca2=UG].translations.ces.official
Expected: UgandskÃ¡ republika
     got: Ugandská republika
 ; [cca2=UG].translations.fra.official
Expected: RÃ©publique de l'Ouganda
     got: République de l'Ouganda
 ; [cca2=UG].translations.hun.official
Expected: Ugandai KÃ¶ztÃ¡rsasÃ¡g
     got: Ugandai Köztársaság
 ; [cca2=UG].translations.jpn.common
Expected: ã‚¦ã‚¬ãƒ³ãƒ€
     got: ????
 ; [cca2=UG].translations.jpn.official
Expected: ã‚¦ã‚¬ãƒ³ãƒ€å…±å’Œå›½
     got: ???????
 ; [cca2=UG].translations.kor.common
Expected: ìš°ê°„ë‹¤
     got: ???
 ; [cca2=UG].translations.kor.official
Expected: ìš°ê°„ë‹¤ ê³µí™”êµ­
     got: ??? ???
 ; [cca2=UG].translations.per.common
Expected: Ø§ÙˆÚ¯Ø§Ù†Ø¯Ø§
     got: ???????
 ; [cca2=UG].translations.per.official
Expected: Ø¬Ù…Ù‡ÙˆØ±ÛŒ Ø§ÙˆÚ¯Ø§Ù†Ø¯Ø§
     got: ?????? ???????
 ; [cca2=UG].translations.por.official
Expected: RepÃºblica do Uganda
     got: República do Uganda
 ; [cca2=UG].translations.rus.common
Expected: Ð£Ð³Ð°Ð½Ð´Ð°
     got: ??????
 ; [cca2=UG].translations.rus.official
Expected: Ð ÐµÑ?Ð¿ÑƒÐ±Ð»Ð¸ÐºÐ° Ð£Ð³Ð°Ð½Ð´Ð°
     got: ?????????? ??????
 ; [cca2=UG].translations.slk.official
Expected: UgandskÃ¡ republika
     got: Ugandská republika
 ; [cca2=UG].translations.spa.official
Expected: RepÃºblica de Uganda
     got: República de Uganda
 ; [cca2=UG].translations.srp.common
Expected: Ð£Ð³Ð°Ð½Ð´Ð°
     got: ??????
 ; [cca2=UG].translations.srp.official
Expected: Ð ÐµÐ¿ÑƒÐ±Ð»Ð¸ÐºÐ° Ð£Ð³Ð°Ð½Ð´Ð°
     got: ????????? ??????
 ; [cca2=UG].translations.urd.common
Expected: ÛŒÙˆÚ¯Ù†ÚˆØ§
     got: ??????
 ; [cca2=UG].translations.urd.official
Expected: Ø¬Ù…Û?ÙˆØ±ÛŒÛ? ÛŒÙˆÚ¯Ù†ÚˆØ§
     got: ??????? ??????
 ; [cca2=UG].translations.zho.common
Expected: ä¹Œå¹²è¾¾
     got: ???
 ; [cca2=UG].translations.zho.official
Expected: ä¹Œå¹²è¾¾å…±å’Œå›½
     got: ??????
 ; [cca2=DZ].altSpellings[]
Expected: AlgÃ©rie
     but none found
 ; [cca2=DZ].altSpellings[]
Unexpected: Algérie
 ; [cca2=DZ].currencies.DZD.symbol
Expected: Ø¯.Ø¬
     got: ?.?
 ; [cca2=DZ].demonyms.fra.f
Expected: AlgÃ©rienne
     got: Algérienne
 ; [cca2=DZ].demonyms.fra.m
Expected: AlgÃ©rien
     got: Algérien
 ; [cca2=DZ].flag
Expected: ðŸ‡©ðŸ‡¿
     got: ??
 ; [cca2=DZ].name.nativeName.ara.common
Expected: Ø§Ù„Ø¬Ø²Ø§Ø¦Ø±
     got: ???????
 ; [cca2=DZ].name.nativeName.ara.official
Expected: Ø§Ù„Ø¬Ù…Ù‡ÙˆØ±ÙŠØ© Ø§Ù„Ø¯ÙŠÙ…Ù‚Ø±Ø§Ø·ÙŠØ© Ø§Ù„Ø´Ø¹Ø¨ÙŠØ© Ø§Ù„Ø¬Ø²Ø§Ø¦Ø±ÙŠØ©
     got: ????????? ??????????? ??????? ?????????
 ; [cca2=DZ].tld[]
Expected: Ø§Ù„Ø¬Ø²Ø§Ø¦Ø±.
     but none found
 ; [cca2=DZ].tld[]
Unexpected: ???????.
 ; [cca2=DZ].translations.ara.common
Expected: Ø§Ù„Ø¬Ø²Ø§Ø¦Ø±
     got: ???????
 ; [cca2=DZ].translations.ara.official
Expected: Ø§Ù„Ø¬Ù…Ù‡ÙˆØ±ÙŠØ© Ø§Ù„Ø¯ÙŠÙ…Ù‚Ø±Ø§Ø·ÙŠØ© Ø§Ù„Ø´Ø¹Ø¨ÙŠØ© Ø§Ù„Ø¬Ø²Ø§Ø¦Ø±ÙŠØ©
     got: ????????? ??????????? ??????? ?????????
 ; [cca2=DZ].translations.ces.common
Expected: AlÅ¾Ã­rsko
     got: Alžírsko
 ; [cca2=DZ].translations.ces.official
Expected: AlÅ¾Ã­rskÃ¡ demokratickÃ¡ a lidovÃ¡ republika
     got: Alžírská demokratická a lidová republika
 ; [cca2=DZ].translations.est.common
Expected: AlÅ¾eeria
     got: Alžeeria
 ; [cca2=DZ].translations.est.official
Expected: AlÅ¾eeria Demokraatlik Rahvavabariik
     got: Alžeeria Demokraatlik Rahvavabariik
 ; [cca2=DZ].translations.fra.common
Expected: AlgÃ©rie
     got: Algérie
 ; [cca2=DZ].translations.fra.official
Expected: RÃ©publique dÃ©mocratique et populaire d'AlgÃ©rie
     got: République démocratique et populaire d'Algérie
 ; [cca2=DZ].translations.hrv.common
Expected: AlÅ¾ir
     got: Alžir
 ; [cca2=DZ].translations.hrv.official
Expected: Narodna Demokratska Republika AlÅ¾ir
     got: Narodna Demokratska Republika Alžir
 ; [cca2=DZ].translations.hun.common
Expected: AlgÃ©ria
     got: Algéria
 ; [cca2=DZ].translations.hun.official
Expected: AlgÃ©riai NÃ©pi Demokratikus KÃ¶ztÃ¡rsasÃ¡g
     got: Algériai Népi Demokratikus Köztársaság
 ; [cca2=DZ].translations.jpn.common
Expected: ã‚¢ãƒ«ã‚¸ã‚§ãƒªã‚¢
     got: ??????
 ; [cca2=DZ].translations.jpn.official
Expected: ã‚¢ãƒ«ã‚¸ã‚§ãƒªã‚¢äººæ°‘æ°‘ä¸»å…±å’Œå›½
     got: ?????????????
 ; [cca2=DZ].translations.kor.common
Expected: ì•Œì œë¦¬
     got: ???
 ; [cca2=DZ].translations.kor.official
Expected: ì•Œì œë¦¬ ì?¸ë¯¼ ë¯¼ì£¼ ê³µí™”êµ­
     got: ??? ?? ?? ???
 ; [cca2=DZ].translations.per.common
Expected: Ø§Ù„Ø¬Ø²Ø§ÛŒØ±
     got: ???????
 ; [cca2=DZ].translations.per.official
Expected: Ø¬Ù…Ù‡ÙˆØ±ÛŒ Ø¯Ù…ÙˆÚ©Ø±Ø§ØªÛŒÚ© Ø®Ù„Ù‚ Ø§Ù„Ø¬Ø²Ø§ÛŒØ±
     got: ?????? ????????? ??? ???????
 ; [cca2=DZ].translations.por.common
Expected: ArgÃ©lia
     got: Argélia
 ; [cca2=DZ].translations.por.official
Expected: RepÃºblica Argelina DemocrÃ¡tica e Popular
     got: República Argelina Democrática e Popular
 ; [cca2=DZ].translations.rus.common
Expected: Ð?Ð»Ð¶Ð¸Ñ€
     got: ?????
 ; [cca2=DZ].translations.rus.official
Expected: Ð?Ð°Ñ€Ð¾Ð´Ð½Ð¾-Ð”ÐµÐ¼Ð¾ÐºÑ€Ð°Ñ‚Ð¸Ñ‡ÐµÑ?ÐºÐ°Ñ? Ð ÐµÑ?Ð¿ÑƒÐ±Ð»Ð¸ÐºÐ° Ð?Ð»Ð¶Ð¸Ñ€
     got: ???????-??????????????? ?????????? ?????
 ; [cca2=DZ].translations.slk.common
Expected: AlÅ¾Ã­rsko
     got: Alžírsko
 ; [cca2=DZ].translations.slk.official
Expected: AlÅ¾Ã­rska demokratickÃ¡ Ä¾udovÃ¡ republika
     got: Alžírska demokratická ?udová republika
 ; [cca2=DZ].translations.spa.official
Expected: RepÃºblica Argelina DemocrÃ¡tica y Popular
     got: República Argelina Democrática y Popular
 ; [cca2=DZ].translations.srp.common
Expected: Ð?Ð»Ð¶Ð¸Ñ€
     got: ?????
 ; [cca2=DZ].translations.srp.official
Expected: Ð?Ð°Ñ€Ð¾Ð´Ð½Ð° Ð”ÐµÐ¼Ð¾ÐºÑ€Ð°Ñ‚Ñ?ÐºÐ° Ð ÐµÐ¿ÑƒÐ±Ð»Ð¸ÐºÐ° Ð?Ð»Ð¶Ð¸Ñ€
     got: ??????? ??????????? ????????? ?????
 ; [cca2=DZ].translations.urd.common
Expected: Ø§Ù„Ø¬Ø²Ø§Ø¦Ø±
     got: ???????
 ; [cca2=DZ].translations.urd.official
Expected: Ø¹ÙˆØ§Ù…ÛŒ Ø¬Ù…Û?ÙˆØ±ÛŒ Ø¬Ù…Û?ÙˆØ±ÛŒÛ? Ø§Ù„Ø¬Ø²Ø§Ø¦Ø±
     got: ????? ?????? ??????? ???????
 ; [cca2=DZ].translations.zho.common
Expected: é˜¿å°”å?Šåˆ©äºš
     got: ?????
 ; [cca2=DZ].translations.zho.official
Expected: é˜¿å°”å?Šåˆ©äºšäººæ°‘æ°‘ä¸»å…±å’Œå›½
     got: ????????????
 ; [cca2=UM].flag
Expected: ðŸ‡ºðŸ‡²
     got: ??
 ; [cca2=UM].translations.ara.common
Expected: Ø¬Ø²Ø± Ø§Ù„ÙˆÙ„Ø§ÙŠØ§Øª Ø§Ù„Ù…ØªØ­Ø¯Ø© Ø§Ù„ØµØºÙŠØ±Ø© Ø§Ù„Ù†Ø§Ø¦ÙŠØ©
     got: ??? ???????? ??????? ??????? ???????
 ; [cca2=UM].translations.ara.official
Expected: Ø¬Ø²Ø± Ø§Ù„ÙˆÙ„Ø§ÙŠØ§Øª Ø§Ù„Ù…ØªØ­Ø¯Ø© Ø§Ù„ØµØºÙŠØ±Ø© Ø§Ù„Ù†Ø§Ø¦ÙŠØ©
     got: ??? ???????? ??????? ??????? ???????
 ; [cca2=UM].translations.bre.common
Expected: Inizi Minor A-bell StadoÃ¹-Unanet
     got: Inizi Minor A-bell Stadoù-Unanet
 ; [cca2=UM].translations.bre.official
Expected: Inizi Minor A-bell StadoÃ¹-Unanet
     got: Inizi Minor A-bell Stadoù-Unanet
 ; [cca2=UM].translations.ces.common
Expected: MenÅ¡Ã­ odlehlÃ© ostrovy USA
     got: Menší odlehlé ostrovy USA
 ; [cca2=UM].translations.ces.official
Expected: MenÅ¡Ã­ odlehlÃ© ostrovy SpojenÃ½ch stÃ¡tÅ¯ americkÃ½ch
     got: Menší odlehlé ostrovy Spojených stát? amerických
 ; [cca2=UM].translations.est.common
Expected: Ãœhendriikide hajasaared
     got: Ühendriikide hajasaared
 ; [cca2=UM].translations.est.official
Expected: Ãœhendriikide vÃ¤ikesed hajasaared
     got: Ühendriikide väikesed hajasaared
 ; [cca2=UM].translations.fra.common
Expected: ÃŽles mineures Ã©loignÃ©es des Ã‰tats-Unis
     got: Îles mineures éloignées des États-Unis
 ; [cca2=UM].translations.fra.official
Expected: ÃŽles mineures Ã©loignÃ©es des Ã‰tats-Unis
     got: Îles mineures éloignées des États-Unis
 ; [cca2=UM].translations.hun.common
Expected: Az Amerikai EgyesÃ¼lt Ã?llamok lakatlan kÃ¼lbirtokai
     got: Az Amerikai Egyesült Államok lakatlan külbirtokai
 ; [cca2=UM].translations.hun.official
Expected: Az Amerikai EgyesÃ¼lt Ã?llamok lakatlan kÃ¼lbirtokai
     got: Az Amerikai Egyesült Államok lakatlan külbirtokai
 ; [cca2=UM].translations.jpn.common
Expected: å?ˆè¡†å›½é ˜æœ‰å°?é›¢å³¶
     got: ????????
 ; [cca2=UM].translations.jpn.official
Expected: ã‚¢ãƒ¡ãƒªã‚«å?ˆè¡†å›½å¤–è«¸å³¶
     got: ??????????
 ; [cca2=UM].translations.kor.common
Expected: ë¯¸êµ­ë ¹ êµ°ì†Œ ì œë?„
     got: ??? ?? ??
 ; [cca2=UM].translations.kor.official
Expected: ë¯¸êµ­ë ¹ êµ°ì†Œ ì œë?„
     got: ??? ?? ??
 ; [cca2=UM].translations.per.common
Expected: Ø¬Ø²Ø§ÛŒØ± Ú©ÙˆÚ†Ú© Ø­Ø§Ø´ÛŒÙ‡â€ŒØ§ÛŒ Ø§ÛŒØ§Ù„Ø§Øª Ù…ØªØ­Ø¯Ù‡ Ø¢Ù…Ø±ÛŒÚ©Ø§
     got: ????? ???? ???????? ?????? ????? ??????
 ; [cca2=UM].translations.per.official
Expected: Ø¬Ø²Ø§ÛŒØ± Ú©ÙˆÚ†Ú© Ø­Ø§Ø´ÛŒÙ‡â€ŒØ§ÛŒ Ø§ÛŒØ§Ù„Ø§Øª Ù…ØªØ­Ø¯Ù‡ Ø¢Ù…Ø±ÛŒÚ©Ø§
     got: ????? ???? ???????? ?????? ????? ??????
 ; [cca2=UM].translations.pol.common
Expected: Dalekie Wyspy Mniejsze StanÃ³w Zjednoczonych
     got: Dalekie Wyspy Mniejsze Stanów Zjednoczonych
 ; [cca2=UM].translations.pol.official
Expected: Dalekie Wyspy Mniejsze StanÃ³w Zjednoczonych
     got: Dalekie Wyspy Mniejsze Stanów Zjednoczonych
 ; [cca2=UM].translations.rus.common
Expected: Ð’Ð½ÐµÑˆÐ½Ð¸Ðµ Ð¼Ð°Ð»Ñ‹Ðµ Ð¾Ñ?Ñ‚Ñ€Ð¾Ð²Ð° Ð¡Ð¨Ð?
     got: ??????? ????? ??????? ???
 ; [cca2=UM].translations.rus.official
Expected: Ð’Ð½ÐµÑˆÐ½Ð¸Ðµ Ð¼Ð°Ð»Ñ‹Ðµ Ð¾Ñ?Ñ‚Ñ€Ð¾Ð²Ð° Ð¡Ð¨Ð?
     got: ??????? ????? ??????? ???
 ; [cca2=UM].translations.slk.common
Expected: MenÅ¡ie odÄ¾ahlÃ© ostrovy USA
     got: Menšie od?ahlé ostrovy USA
 ; [cca2=UM].translations.slk.official
Expected: MenÅ¡ie odÄ¾ahlÃ© ostrovy SpjoenÃ½ch Å¡tÃ¡tov
     got: Menšie od?ahlé ostrovy Spjoených štátov
 ; [cca2=UM].translations.srp.common
Expected: ÐœÐ°Ð»Ð° Ñ?Ð¿Ð¾Ñ™Ð½Ð° Ð¾Ñ?Ñ‚Ñ€Ð²Ð° Ð¡Ñ˜ÐµÐ´Ð¸ÑšÐµÐ½Ð¸Ñ… Ð?Ð¼ÐµÑ€Ð¸Ñ‡ÐºÐ¸Ñ… Ð”Ñ€Ð¶Ð°Ð²Ð°
     got: ???? ?????? ?????? ?????????? ????????? ??????
 ; [cca2=UM].translations.srp.official
Expected: ÐœÐ°Ð»Ð° Ñ?Ð¿Ð¾Ñ™Ð½Ð° Ð¾Ñ?Ñ‚Ñ€Ð²Ð° Ð¡Ñ˜ÐµÐ´Ð¸ÑšÐµÐ½Ð¸Ñ… Ð?Ð¼ÐµÑ€Ð¸Ñ‡ÐºÐ¸Ñ… Ð”Ñ€Ð¶Ð°Ð²Ð°
     got: ???? ?????? ?????? ?????????? ????????? ??????
 ; [cca2=UM].translations.swe.common
Expected: FÃ¶renta staternas mindre Ã¶ar i Oceanien och VÃ¤stindien
     got: Förenta staternas mindre öar i Oceanien och Västindien
 ; [cca2=UM].translations.swe.official
Expected: FÃ¶renta staternas mindre Ã¶ar i Oceanien och VÃ¤stindien
     got: Förenta staternas mindre öar i Oceanien och Västindien
 ; [cca2=UM].translations.tur.common
Expected: Amerika BirleÅŸik Devletleri KÃ¼Ã§Ã¼k DÄ±ÅŸ AdalarÄ±
     got: Amerika Birle?ik Devletleri Küçük D?? Adalar?
 ; [cca2=UM].translations.tur.official
Expected: Amerika BirleÅŸik Devletleri KÃ¼Ã§Ã¼k DÄ±ÅŸ AdalarÄ±
     got: Amerika Birle?ik Devletleri Küçük D?? Adalar?
 ; [cca2=UM].translations.urd.common
Expected: Ø§Ù…Ø±ÛŒÚ©ÛŒ Ú†Ú¾ÙˆÙ¹Û’ Ø¨ÛŒØ±ÙˆÙ†ÛŒ Ø¬Ø²Ø§Ø¦Ø±
     got: ?????? ????? ?????? ?????
 ; [cca2=UM].translations.urd.official
Expected: Ø§Ù…Ø±ÛŒÚ©ÛŒ Ú†Ú¾ÙˆÙ¹Û’ Ø¨ÛŒØ±ÙˆÙ†ÛŒ Ø¬Ø²Ø§Ø¦Ø±
     got: ?????? ????? ?????? ?????
 ; [cca2=UM].translations.zho.common
Expected: ç¾Žå›½æœ¬åœŸå¤–å°?å²›å±¿
     got: ????????
 ; [cca2=UM].translations.zho.official
Expected: ç¾Žå›½æœ¬åœŸå¤–å°?å²›å±¿
     got: ????????
 ; [cca2=US].demonyms.fra.f
Expected: AmÃ©ricaine
     got: Américaine
 ; [cca2=US].demonyms.fra.m
Expected: AmÃ©ricain
     got: Américain
 ; [cca2=US].flag
Expected: ðŸ‡ºðŸ‡¸
     got: ??
 ; [cca2=US].translations.ara.common
Expected: Ø§Ù„ÙˆÙ„Ø§ÙŠØ§Øª Ø§Ù„Ù…ØªØ­Ø¯Ø©
     got: ???????? ???????
 ; [cca2=US].translations.ara.official
Expected: Ø§Ù„ÙˆÙ„Ø§ÙŠØ§Øª Ø§Ù„Ù…ØªØ­Ø¯Ø© Ø§Ù„Ø§Ù…Ø±ÙŠÙƒÙŠØ©
     got: ???????? ??????? ?????????
 ; [cca2=US].translations.bre.common
Expected: StadoÃ¹-Unanet
     got: Stadoù-Unanet
 ; [cca2=US].translations.bre.official
Expected: StadoÃ¹-Unanet Amerika
     got: Stadoù-Unanet Amerika
 ; [cca2=US].translations.ces.common
Expected: SpojenÃ© stÃ¡ty
     got: Spojené státy
 ; [cca2=US].translations.ces.official
Expected: SpojenÃ© stÃ¡ty americkÃ©
     got: Spojené státy americké
 ; [cca2=US].translations.est.common
Expected: Ameerika Ãœhendriigid
     got: Ameerika Ühendriigid
 ; [cca2=US].translations.est.official
Expected: Ameerika Ãœhendriigid
     got: Ameerika Ühendriigid
 ; [cca2=US].translations.fra.common
Expected: Ã‰tats-Unis
     got: États-Unis
 ; [cca2=US].translations.fra.official
Expected: Les Ã©tats-unis d'AmÃ©rique
     got: Les états-unis d'Amérique
 ; [cca2=US].translations.hrv.common
Expected: Sjedinjene AmeriÄ?ke DrÅ¾ave
     got: Sjedinjene Ameri?ke Države
 ; [cca2=US].translations.hrv.official
Expected: Sjedinjene DrÅ¾ave Amerike
     got: Sjedinjene Države Amerike
 ; [cca2=US].translations.hun.common
Expected: Amerikai EgyesÃ¼lt Ã?llamok
     got: Amerikai Egyesült Államok
 ; [cca2=US].translations.hun.official
Expected: Amerikai EgyesÃ¼lt Ã?llamok
     got: Amerikai Egyesült Államok
 ; [cca2=US].translations.jpn.common
Expected: ã‚¢ãƒ¡ãƒªã‚«å?ˆè¡†å›½
     got: ???????
 ; [cca2=US].translations.jpn.official
Expected: ã‚¢ãƒ¡ãƒªã‚«å?ˆè¡†å›½
     got: ???????
 ; [cca2=US].translations.kor.common
Expected: ë¯¸êµ­
     got: ??
 ; [cca2=US].translations.kor.official
Expected: ì•„ë©”ë¦¬ì¹´ í•©ì¤‘êµ­
     got: ???? ???
 ; [cca2=US].translations.per.common
Expected: Ø§ÛŒØ§Ù„Ø§Øª Ù…ØªØ­Ø¯Ù‡ Ø¢Ù…Ø±ÛŒÚ©Ø§
     got: ?????? ????? ??????
 ; [cca2=US].translations.per.official
Expected: Ø§ÛŒØ§Ù„Ø§Øª Ù…ØªØ­Ø¯Ù‡ Ø¢Ù…Ø±ÛŒÚ©Ø§
     got: ?????? ????? ??????
 ; [cca2=US].translations.por.official
Expected: Estados Unidos da AmÃ©rica
     got: Estados Unidos da América
 ; [cca2=US].translations.rus.common
Expected: Ð¡Ð¾ÐµÐ´Ð¸Ð½Ñ‘Ð½Ð½Ñ‹Ðµ Ð¨Ñ‚Ð°Ñ‚Ñ‹ Ð?Ð¼ÐµÑ€Ð¸ÐºÐ¸
     got: ??????????? ????? ???????
 ; [cca2=US].translations.rus.official
Expected: Ð¡Ð¾ÐµÐ´Ð¸Ð½ÐµÐ½Ð½Ñ‹Ðµ Ð¨Ñ‚Ð°Ñ‚Ñ‹ Ð?Ð¼ÐµÑ€Ð¸ÐºÐ¸
     got: ??????????? ????? ???????
 ; [cca2=US].translations.slk.common
Expected: SpojenÃ© Å¡tÃ¡ty americkÃ©
     got: Spojené štáty americké
 ; [cca2=US].translations.slk.official
Expected: SpojenÃ© Å¡tÃ¡ty AmerickÃ©
     got: Spojené štáty Americké
 ; [cca2=US].translations.spa.official
Expected: Estados Unidos de AmÃ©rica
     got: Estados Unidos de América
 ; [cca2=US].translations.srp.common
Expected: Ð¡Ñ˜ÐµÐ´Ð¸ÑšÐµÐ½Ðµ Ð?Ð¼ÐµÑ€Ð¸Ñ‡ÐºÐµ Ð”Ñ€Ð¶Ð°Ð²Ðµ
     got: ????????? ???????? ??????
 ; [cca2=US].translations.srp.official
Expected: Ð¡Ñ˜ÐµÐ´Ð¸ÑšÐµÐ½Ðµ Ð?Ð¼ÐµÑ€Ð¸Ñ‡ÐºÐµ Ð”Ñ€Ð¶Ð°Ð²Ðµ
     got: ????????? ???????? ??????
 ; [cca2=US].translations.swe.official
Expected: Amerikas fÃ¶renta stater
     got: Amerikas förenta stater
 ; [cca2=US].translations.tur.common
Expected: Amerika BirleÅŸik Devletleri
     got: Amerika Birle?ik Devletleri
 ; [cca2=US].translations.tur.official
Expected: Amerika BirleÅŸik Devletleri
     got: Amerika Birle?ik Devletleri
 ; [cca2=US].translations.urd.common
Expected: Ø±ÛŒØ§Ø³ØªÛ?Ø§Ø¦Û’ Ù…ØªØ­Ø¯Û?
     got: ????????? ?????
 ; [cca2=US].translations.urd.official
Expected: Ø±ÛŒØ§Ø³ØªÛ?Ø§Ø¦Û’ Ù…ØªØ­Ø¯Û? Ø§Ù…Ø±ÛŒÚ©Ø§
     got: ????????? ????? ??????
 ; [cca2=US].translations.zho.common
Expected: ç¾Žå›½
     got: ??
 ; [cca2=US].translations.zho.official
Expected: ç¾Žåˆ©å?šå?ˆä¼—å›½
     got: ??????
 ; [cca2=EC].altSpellings[]
Expected: RepÃºblica del Ecuador
     but none found
 ; [cca2=EC].altSpellings[]
Unexpected: República del Ecuador
 ; [cca2=EC].demonyms.fra.f
Expected: Ã‰quatorienne
     got: Équatorienne
 ; [cca2=EC].demonyms.fra.m
Expected: Ã‰quatorien
     got: Équatorien
 ; [cca2=EC].flag
Expected: ðŸ‡ªðŸ‡¨
     got: ??
 ; [cca2=EC].name.nativeName.spa.official
Expected: RepÃºblica del Ecuador
     got: República del Ecuador
 ; [cca2=EC].translations.ara.common
Expected: Ø§Ù„Ø¥ÙƒÙˆØ§Ø¯ÙˆØ±
     got: ?????????
 ; [cca2=EC].translations.ara.official
Expected: Ø¬Ù…Ù‡ÙˆØ±ÙŠØ© Ø§Ù„Ø¥ÙƒÙˆØ§Ø¯ÙˆØ±
     got: ??????? ?????????
 ; [cca2=EC].translations.ces.common
Expected: EkvÃ¡dor
     got: Ekvádor
 ; [cca2=EC].translations.ces.official
Expected: EkvÃ¡dorskÃ¡ republika
     got: Ekvádorská republika
 ; [cca2=EC].translations.fra.common
Expected: Ã‰quateur
     got: Équateur
 ; [cca2=EC].translations.fra.official
Expected: RÃ©publique de l'Ã‰quateur
     got: République de l'Équateur
 ; [cca2=EC].translations.hun.official
Expected: Ecuadori KÃ¶ztÃ¡rsasÃ¡g
     got: Ecuadori Köztársaság
 ; [cca2=EC].translations.jpn.common
Expected: ã‚¨ã‚¯ã‚¢ãƒ‰ãƒ«
     got: ?????
 ; [cca2=EC].translations.jpn.official
Expected: ã‚¨ã‚¯ã‚¢ãƒ‰ãƒ«å…±å’Œå›½
     got: ????????
 ; [cca2=EC].translations.kor.common
Expected: ì—?ì½°ë?„ë¥´
     got: ????
 ; [cca2=EC].translations.kor.official
Expected: ì—?ì½°ë?„ë¥´ ê³µí™”êµ­
     got: ???? ???
 ; [cca2=EC].translations.per.common
Expected: Ø§Ú©ÙˆØ§Ø¯ÙˆØ±
     got: ???????
 ; [cca2=EC].translations.per.official
Expected: Ø¬Ù…Ù‡ÙˆØ±ÛŒ Ø§Ú©ÙˆØ§Ø¯ÙˆØ±
     got: ?????? ???????
 ; [cca2=EC].translations.por.official
Expected: RepÃºblica do Equador
     got: República do Equador
 ; [cca2=EC].translations.rus.common
Expected: Ð­ÐºÐ²Ð°Ð´Ð¾Ñ€
     got: ???????
 ; [cca2=EC].translations.rus.official
Expected: Ð ÐµÑ?Ð¿ÑƒÐ±Ð»Ð¸ÐºÐ° Ð­ÐºÐ²Ð°Ð´Ð¾Ñ€
     got: ?????????? ???????
 ; [cca2=EC].translations.slk.common
Expected: EkvÃ¡dor
     got: Ekvádor
 ; [cca2=EC].translations.slk.official
Expected: EkvÃ¡dorskÃ¡ republika
     got: Ekvádorská republika
 ; [cca2=EC].translations.spa.official
Expected: RepÃºblica del Ecuador
     got: República del Ecuador
 ; [cca2=EC].translations.srp.common
Expected: Ð•ÐºÐ²Ð°Ð´Ð¾Ñ€
     got: ???????
 ; [cca2=EC].translations.srp.official
Expected: Ð ÐµÐ¿ÑƒÐ±Ð»Ð¸ÐºÐ° Ð•ÐºÐ²Ð°Ð´Ð¾Ñ€
     got: ????????? ???????
 ; [cca2=EC].translations.urd.common
Expected: Ø§ÛŒÚ©ÙˆØ§ÚˆÙˆØ±
     got: ????????
 ; [cca2=EC].translations.urd.official
Expected: Ø¬Ù…Û?ÙˆØ±ÛŒÛ? Ø§ÛŒÚ©ÙˆÚˆÙˆØ±
     got: ??????? ???????
 ; [cca2=EC].translations.zho.common
Expected: åŽ„ç“œå¤šå°”
     got: ????
 ; [cca2=EC].translations.zho.official
Expected: åŽ„ç“œå¤šå°”å…±å’Œå›½
     got: ???????
 ; [cca2=EE].currencies.EUR.symbol
Expected: â‚¬
     got: €
 ; [cca2=EE].flag
Expected: ðŸ‡ªðŸ‡ª
     got: ??
 ; [cca2=EE].translations.ara.common
Expected: Ø¥Ø³ØªÙˆÙ†ÙŠØ§
     got: ???????
 ; [cca2=EE].translations.ara.official
Expected: Ø¬Ù…Ù‡ÙˆØ±ÙŠØ© Ø¥Ø³ØªÙˆÙ†ÙŠØ§
     got: ??????? ???????
 ; [cca2=EE].translations.ces.official
Expected: EstonskÃ¡ republika
     got: Estonská republika
 ; [cca2=EE].translations.fra.official
Expected: RÃ©publique d'Estonie
     got: République d'Estonie
 ; [cca2=EE].translations.hun.common
Expected: Ã‰sztorszÃ¡g
     got: Észtország
 ; [cca2=EE].translations.hun.official
Expected: Ã‰szt KÃ¶ztÃ¡rsasÃ¡g
     got: Észt Köztársaság
 ; [cca2=EE].translations.jpn.common
Expected: ã‚¨ã‚¹ãƒˆãƒ‹ã‚¢
     got: ?????
 ; [cca2=EE].translations.jpn.official
Expected: ã‚¨ã‚¹ãƒˆãƒ‹ã‚¢å…±å’Œå›½
     got: ????????
 ; [cca2=EE].translations.kor.common
Expected: ì—?ìŠ¤í† ë‹ˆì•„
     got: ?????
 ; [cca2=EE].translations.kor.official
Expected: ì—?ìŠ¤í† ë‹ˆì•„ ê³µí™”êµ­
     got: ????? ???
 ; [cca2=EE].translations.per.common
Expected: Ø§Ù?Ø³ØªÙˆÙ†ÛŒ
     got: ???????
 ; [cca2=EE].translations.per.official
Expected: Ø¬Ù…Ù‡ÙˆØ±ÛŒ Ø§Ø³ØªÙˆÙ†ÛŒ
     got: ?????? ??????
 ; [cca2=EE].translations.pol.official
Expected: Republika EstoÅ„ska
     got: Republika Esto?ska
 ; [cca2=EE].translations.por.common
Expected: EstÃ³nia
     got: Estónia
 ; [cca2=EE].translations.por.official
Expected: RepÃºblica da EstÃ³nia
     got: República da Estónia
 ; [cca2=EE].translations.rus.common
Expected: Ð­Ñ?Ñ‚Ð¾Ð½Ð¸Ñ?
     got: ???????
 ; [cca2=EE].translations.rus.official
Expected: Ð­Ñ?Ñ‚Ð¾Ð½Ñ?ÐºÐ°Ñ? Ð ÐµÑ?Ð¿ÑƒÐ±Ð»Ð¸ÐºÐ°
     got: ????????? ??????????
 ; [cca2=EE].translations.slk.common
Expected: EstÃ³nsko
     got: Estónsko
 ; [cca2=EE].translations.slk.official
Expected: EstÃ³nska republika
     got: Estónska republika
 ; [cca2=EE].translations.spa.official
Expected: RepÃºblica de Estonia
     got: República de Estonia
 ; [cca2=EE].translations.srp.common
Expected: Ð•Ñ?Ñ‚Ð¾Ð½Ð¸Ñ˜Ð°
     got: ????????
 ; [cca2=EE].translations.srp.official
Expected: Ð•Ñ?Ñ‚Ð¾Ð½Ñ?ÐºÐ° Ð ÐµÐ¿ÑƒÐ±Ð»Ð¸ÐºÐ°
     got: ???????? ?????????
 ; [cca2=EE].translations.urd.common
Expected: Ø§Ø³Ù¹ÙˆÙ†ÛŒØ§
     got: ???????
 ; [cca2=EE].translations.urd.official
Expected: Ø¬Ù…Û?ÙˆØ±ÛŒÛ? Ø§Ø³Ù¹ÙˆÙ†ÛŒØ§
     got: ??????? ???????
 ; [cca2=EE].translations.zho.common
Expected: çˆ±æ²™å°¼äºš
     got: ????
 ; [cca2=EE].translations.zho.official
Expected: çˆ±æ²™å°¼äºšå…±å’Œå›½
     got: ???????
 ; [cca2=EG].currencies.EGP.symbol
Expected: Â£
     got: £
 ; [cca2=EG].demonyms.fra.f
Expected: Ã‰gyptienne
     got: Égyptienne
 ; [cca2=EG].demonyms.fra.m
Expected: Ã‰gyptien
     got: Égyptien
 ; [cca2=EG].flag
Expected: ðŸ‡ªðŸ‡¬
     got: ??
 ; [cca2=EG].flags.alt
Expected: The flag of Egypt is composed of three equal horizontal bands of red, white and black, with Egypt's national emblem â€” a hoist-side facing gold eagle of Saladin â€” centered in the white band.
     got: The flag of Egypt is composed of three equal horizontal bands of red, white and black, with Egypt's national emblem — a hoist-side facing gold eagle of Saladin — centered in the white band.
 ; [cca2=EG].name.nativeName.ara.common
Expected: Ù…ØµØ±
     got: ???
 ; [cca2=EG].name.nativeName.ara.official
Expected: Ø¬Ù…Ù‡ÙˆØ±ÙŠØ© Ù…ØµØ± Ø§Ù„Ø¹Ø±Ø¨ÙŠØ©
     got: ??????? ??? ???????
 ; [cca2=EG].tld[]
Expected: .Ù…ØµØ±
     but none found
 ; [cca2=EG].tld[]
Unexpected: .???
 ; [cca2=EG].translations.ara.common
Expected: Ù…ØµØ±
     got: ???
 ; [cca2=EG].translations.ara.official
Expected: Ø¬Ù…Ù‡ÙˆØ±ÙŠØ© Ù…ØµØ± Ø§Ù„Ø¹Ø±Ø¨ÙŠØ©
     got: ??????? ??? ???????
 ; [cca2=EG].translations.ces.official
Expected: EgyptskÃ¡ arabskÃ¡ republika
     got: Egyptská arabská republika
 ; [cca2=EG].translations.deu.common
Expected: Ã„gypten
     got: Ägypten
 ; [cca2=EG].translations.deu.official
Expected: Arabische Republik Ã„gypten
     got: Arabische Republik Ägypten
 ; [cca2=EG].translations.fra.common
Expected: Ã‰gypte
     got: Égypte
 ; [cca2=EG].translations.fra.official
Expected: RÃ©publique arabe d'Ã‰gypte
     got: République arabe d'Égypte
 ; [cca2=EG].translations.hun.official
Expected: Egyiptomi Arab KÃ¶ztÃ¡rsasÃ¡g
     got: Egyiptomi Arab Köztársaság
 ; [cca2=EG].translations.jpn.common
Expected: ã‚¨ã‚¸ãƒ—ãƒˆ
     got: ????
 ; [cca2=EG].translations.jpn.official
Expected: ã‚¨ã‚¸ãƒ—ãƒˆÂ·ã‚¢ãƒ©ãƒ–å…±å’Œå›½
     got: ????·??????
 ; [cca2=EG].translations.kor.common
Expected: ì?´ì§‘íŠ¸
     got: ???
 ; [cca2=EG].translations.kor.official
Expected: ì?´ì§‘íŠ¸ ì•„ëž? ê³µí™”êµ­
     got: ??? ?? ???
 ; [cca2=EG].translations.per.common
Expected: Ù…ØµØ±
     got: ???
 ; [cca2=EG].translations.per.official
Expected: Ø¬Ù…Ù‡ÙˆØ±ÛŒ Ø¹Ø±Ø¨ÛŒ Ù…ØµØ±
     got: ?????? ???? ???
 ; [cca2=EG].translations.por.official
Expected: RepÃºblica Ã?rabe do Egipto
     got: República Árabe do Egipto
 ; [cca2=EG].translations.rus.common
Expected: Ð•Ð³Ð¸Ð¿ÐµÑ‚
     got: ??????
 ; [cca2=EG].translations.rus.official
Expected: Ð?Ñ€Ð°Ð±Ñ?ÐºÐ°Ñ? Ð ÐµÑ?Ð¿ÑƒÐ±Ð»Ð¸ÐºÐ° Ð•Ð³Ð¸Ð¿ÐµÑ‚
     got: ???????? ?????????? ??????
 ; [cca2=EG].translations.slk.official
Expected: EgyptskÃ¡ arabskÃ¡ republika
     got: Egyptská arabská republika
 ; [cca2=EG].translations.spa.official
Expected: RepÃºblica Ã?rabe de Egipto
     got: República Árabe de Egipto
 ; [cca2=EG].translations.srp.common
Expected: Ð•Ð³Ð¸Ð¿Ð°Ñ‚
     got: ??????
 ; [cca2=EG].translations.srp.official
Expected: Ð?Ñ€Ð°Ð¿Ñ?ÐºÐ° Ð ÐµÐ¿ÑƒÐ±Ð»Ð¸ÐºÐ° Ð•Ð³Ð¸Ð¿Ð°Ñ‚
     got: ??????? ????????? ??????
 ; [cca2=EG].translations.tur.common
Expected: MÄ±sÄ±r
     got: M?s?r
 ; [cca2=EG].translations.tur.official
Expected: MÄ±sÄ±r Arap Cumhuriyeti
     got: M?s?r Arap Cumhuriyeti
 ; [cca2=EG].translations.urd.common
Expected: Ù…ØµØ±
     got: ???
 ; [cca2=EG].translations.urd.official
Expected: Ù…ØµØ±ÛŒ Ø¹Ø±Ø¨ Ø¬Ù…Û?ÙˆØ±ÛŒÛ?
     got: ???? ??? ???????
 ; [cca2=EG].translations.zho.common
Expected: åŸƒå?Š
     got: ??
 ; [cca2=EG].translations.zho.official
Expected: é˜¿æ‹‰ä¼¯åŸƒå?Šå…±å’Œå›½
     got: ????????
 ; [cca2=EH].altSpellings[]
Expected: Taneáº“roft Tutrimt
     but none found
 ; [cca2=EH].altSpellings[]
Unexpected: Tane?roft Tutrimt
 ; [cca2=EH].capital[]
Expected: El AaiÃºn
     but none found
 ; [cca2=EH].capital[]
Unexpected: El Aaiún
 ; [cca2=EH].currencies.DZD.symbol
Expected: Ø¯Ø¬
     got: ??
 ; [cca2=EH].flag
Expected: ðŸ‡ªðŸ‡­
     got: ??
 ; [cca2=EH].name.nativeName.mey.common
Expected: Ø§Ù„ØµØ­Ø±Ø§Ø¡ Ø§Ù„ØºØ±Ø¨ÙŠØ©
     got: ??????? ???????
 ; [cca2=EH].name.nativeName.mey.official
Expected: Ø§Ù„Ø¬Ù…Ù‡ÙˆØ±ÙŠØ© Ø§Ù„Ø¹Ø±Ø¨ÙŠØ© Ø§Ù„ØµØ­Ø±Ø§ÙˆÙŠØ© Ø§Ù„Ø¯ÙŠÙ…Ù‚Ø±Ø§Ø·ÙŠØ©
     got: ????????? ??????? ????????? ???????????
 ; [cca2=EH].name.nativeName.spa.official
Expected: RepÃºblica Ã?rabe Saharaui DemocrÃ¡tica
     got: República Árabe Saharaui Democrática
 ; [cca2=EH].translations.ara.common
Expected: Ø§Ù„ØµØ­Ø±Ø§Ø¡ Ø§Ù„ØºØ±Ø¨ÙŠØ©
     got: ??????? ???????
 ; [cca2=EH].translations.ara.official
Expected: Ø§Ù„Ø¬Ù…Ù‡ÙˆØ±ÙŠØ© Ø§Ù„Ø¹Ø±Ø¨ÙŠØ© Ø§Ù„ØµØ­Ø±Ø§ÙˆÙŠØ© Ø§Ù„Ø¯ÙŠÙ…Ù‚Ø±Ø§Ø·ÙŠØ©
     got: ????????? ??????? ????????? ???????????
 ; [cca2=EH].translations.bre.common
Expected: Sahara ar C'hornÃ´g
     got: Sahara ar C'hornôg
 ; [cca2=EH].translations.ces.common
Expected: ZÃ¡padnÃ­ Sahara
     got: Západní Sahara
 ; [cca2=EH].translations.ces.official
Expected: ZÃ¡padnÃ­ Sahara
     got: Západní Sahara
 ; [cca2=EH].translations.est.common
Expected: LÃ¤Ã¤ne-Sahara
     got: Lääne-Sahara
 ; [cca2=EH].translations.est.official
Expected: LÃ¤Ã¤ne-Sahara
     got: Lääne-Sahara
 ; [cca2=EH].translations.fin.common
Expected: LÃ¤nsi-Sahara
     got: Länsi-Sahara
 ; [cca2=EH].translations.fin.official
Expected: LÃ¤nsi-Sahara
     got: Länsi-Sahara
 ; [cca2=EH].translations.fra.official
Expected: RÃ©publique arabe sahraouie dÃ©mocratique
     got: République arabe sahraouie démocratique
 ; [cca2=EH].translations.jpn.common
Expected: è¥¿ã‚µãƒ?ãƒ©
     got: ????
 ; [cca2=EH].translations.jpn.official
Expected: ã‚µãƒ?ãƒ©ã‚¢ãƒ©ãƒ–æ°‘ä¸»å…±å’Œå›½
     got: ???????????
 ; [cca2=EH].translations.kor.common
Expected: ì„œì‚¬í•˜ë?¼
     got: ????
 ; [cca2=EH].translations.kor.official
Expected: ì‚¬í•˜ë?¼ ì•„ëž? ë¯¼ì£¼ ê³µí™”êµ­
     got: ??? ?? ?? ???
 ; [cca2=EH].translations.per.common
Expected: ØµØ­Ø±Ø§ÛŒ ØºØ±Ø¨ÛŒ
     got: ????? ????
 ; [cca2=EH].translations.per.official
Expected: ØµØ­Ø±Ø§ÛŒ ØºØ±Ø¨ÛŒ
     got: ????? ????
 ; [cca2=EH].translations.por.official
Expected: RepÃºblica Ã?rabe Saharaui DemocrÃ¡tica
     got: República Árabe Saharaui Democrática
 ; [cca2=EH].translations.rus.common
Expected: Ð—Ð°Ð¿Ð°Ð´Ð½Ð°Ñ? Ð¡Ð°Ñ…Ð°Ñ€Ð°
     got: ???????? ??????
 ; [cca2=EH].translations.rus.official
Expected: Sahrawi Ð?Ñ€Ð°Ð±Ñ?ÐºÐ°Ñ? Ð”ÐµÐ¼Ð¾ÐºÑ€Ð°Ñ‚Ð¸Ñ‡ÐµÑ?ÐºÐ°Ñ? Ð ÐµÑ?Ð¿ÑƒÐ±Ð»Ð¸ÐºÐ°
     got: Sahrawi ???????? ??????????????? ??????????
 ; [cca2=EH].translations.slk.common
Expected: ZÃ¡padnÃ¡ Sahara
     got: Západná Sahara
 ; [cca2=EH].translations.slk.official
Expected: ZÃ¡padnÃ¡ Sahara
     got: Západná Sahara
 ; [cca2=EH].translations.spa.official
Expected: RepÃºblica Ã?rabe Saharaui DemocrÃ¡tica
     got: República Árabe Saharaui Democrática
 ; [cca2=EH].translations.srp.common
Expected: Ð¡Ð°Ñ…Ð°Ñ€Ñ?ÐºÐ° Ð ÐµÐ¿ÑƒÐ±Ð»Ð¸ÐºÐ°
     got: ???????? ?????????
 ; [cca2=EH].translations.srp.official
Expected: Ð¡Ð°Ñ…Ð°Ñ€Ñ?ÐºÐ° Ð?Ñ€Ð°Ð¿Ñ?ÐºÐ° Ð”ÐµÐ¼Ð¾ÐºÑ€Ð°Ñ‚Ñ?ÐºÐ° Ð ÐµÐ¿ÑƒÐ±Ð»Ð¸ÐºÐ°
     got: ???????? ??????? ??????????? ?????????
 ; [cca2=EH].translations.swe.common
Expected: VÃ¤stsahara
     got: Västsahara
 ; [cca2=EH].translations.swe.official
Expected: VÃ¤stsahara
     got: Västsahara
 ; [cca2=EH].translations.urd.common
Expected: Ù…ØºØ±Ø¨ÛŒ ØµØ­Ø§Ø±Ø§
     got: ????? ?????
 ; [cca2=EH].translations.urd.official
Expected: ØµØ­Ø±Ø§ÙˆÛŒ Ø¹Ø±Ø¨ Ø¹ÙˆØ§Ù…ÛŒ Ø¬Ù…Û?ÙˆØ±ÛŒÛ?
     got: ?????? ??? ????? ???????
 ; [cca2=EH].translations.zho.common
Expected: è¥¿æ’’å“ˆæ‹‰
     got: ????
 ; [cca2=EH].translations.zho.official
Expected: é˜¿æ‹‰ä¼¯æ’’å“ˆæ‹‰æ°‘ä¸»å…±å’Œå›½
     got: ???????????
 ; [cca2=UY].altSpellings[]
Expected: RepÃºblica Oriental del Uruguay
     but none found
 ; [cca2=UY].altSpellings[]
Unexpected: República Oriental del Uruguay
 ; [cca2=UY].flag
Expected: ðŸ‡ºðŸ‡¾
     got: ??
 ; [cca2=UY].flags.alt
Expected: The flag of Uruguay is composed of nine equal horizontal bands of white alternating with blue, with a white square superimposed in the canton. In the white square is a yellow sun bearing a human face â€” the Sun of May â€” from which sixteen rays extend. The sun's rays alternate between triangular and wavy.
     got: The flag of Uruguay is composed of nine equal horizontal bands of white alternating with blue, with a white square superimposed in the canton. In the white square is a yellow sun bearing a human face — the Sun of May — from which sixteen rays extend. The sun's rays alternate between triangular and wavy.
 ; [cca2=UY].name.nativeName.spa.official
Expected: RepÃºblica Oriental del Uruguay
     got: República Oriental del Uruguay
 ; [cca2=UY].translations.ara.common
Expected: Ø§Ù„Ø£ÙˆØ±ÙˆØºÙˆØ§ÙŠ
     got: ??????????
 ; [cca2=UY].translations.ara.official
Expected: Ø¬Ù…Ù‡ÙˆØ±ÙŠØ© Ø§Ù„Ø£ÙˆØ±ÙˆØºÙˆØ§ÙŠ Ø§Ù„Ø´Ø±Ù‚ÙŠØ©
     got: ??????? ?????????? ???????
 ; [cca2=UY].translations.ces.official
Expected: UruguayskÃ¡ vÃ½chodnÃ­ republika
     got: Uruguayská východní republika
 ; [cca2=UY].translations.deu.official
Expected: Republik Ã–stlich des Uruguay
     got: Republik Östlich des Uruguay
 ; [cca2=UY].translations.fin.official
Expected: Uruguayn itÃ¤inen tasavalta
     got: Uruguayn itäinen tasavalta
 ; [cca2=UY].translations.fra.official
Expected: RÃ©publique orientale de l'Uruguay
     got: République orientale de l'Uruguay
 ; [cca2=UY].translations.hun.official
Expected: Uruguayi Keleti KÃ¶ztÃ¡rsasÃ¡g
     got: Uruguayi Keleti Köztársaság
 ; [cca2=UY].translations.jpn.common
Expected: ã‚¦ãƒ«ã‚°ã‚¢ã‚¤
     got: ?????
 ; [cca2=UY].translations.jpn.official
Expected: ã‚¦ãƒ«ã‚°ã‚¢ã‚¤æ?±æ–¹å…±å’Œå›½
     got: ??????????
 ; [cca2=UY].translations.kor.common
Expected: ìš°ë£¨ê³¼ì?´
     got: ????
 ; [cca2=UY].translations.kor.official
Expected: ìš°ë£¨ê³¼ì?´ ë?™ë°© ê³µí™”êµ­
     got: ???? ?? ???
 ; [cca2=UY].translations.per.common
Expected: Ø§Ø±ÙˆÚ¯ÙˆØ¦Ù‡
     got: ???????
 ; [cca2=UY].translations.per.official
Expected: Ø¬Ù…Ù‡ÙˆØ±ÛŒ Ø§Ø±ÙˆÚ¯ÙˆØ¦Ù‡
     got: ?????? ???????
 ; [cca2=UY].translations.por.official
Expected: RepÃºblica Oriental do Uruguai
     got: República Oriental do Uruguai
 ; [cca2=UY].translations.rus.common
Expected: Ð£Ñ€ÑƒÐ³Ð²Ð°Ð¹
     got: ???????
 ; [cca2=UY].translations.rus.official
Expected: Ð’Ð¾Ñ?Ñ‚Ð¾Ñ‡Ð½Ð¾Ð¹ Ð ÐµÑ?Ð¿ÑƒÐ±Ð»Ð¸ÐºÐ¸ Ð£Ñ€ÑƒÐ³Ð²Ð°Ð¹
     got: ????????? ?????????? ???????
 ; [cca2=UY].translations.slk.official
Expected: UruguajskÃ¡ vÃ½chodnÃ¡ republika
     got: Uruguajská východná republika
 ; [cca2=UY].translations.spa.official
Expected: RepÃºblica Oriental del Uruguay
     got: República Oriental del Uruguay
 ; [cca2=UY].translations.srp.common
Expected: Ð£Ñ€ÑƒÐ³Ð²Ð°Ñ˜
     got: ???????
 ; [cca2=UY].translations.srp.official
Expected: Ð˜Ñ?Ñ‚Ð¾Ñ‡Ð½Ð° Ð ÐµÐ¿ÑƒÐ±Ð»Ð¸ÐºÐ° Ð£Ñ€ÑƒÐ³Ð²Ð°Ñ˜
     got: ??????? ????????? ???????
 ; [cca2=UY].translations.tur.official
Expected: Uruguay DoÄŸu Cumhuriyeti
     got: Uruguay Do?u Cumhuriyeti
 ; [cca2=UY].translations.urd.common
Expected: ÛŒÙˆØ±Ø§Ú¯ÙˆØ¦Û’
     got: ????????
 ; [cca2=UY].translations.urd.official
Expected: Ø¬Ù…Û?ÙˆØ±ÛŒÛ? Ø´Ø±Ù‚ÛŒÛ? ÛŒÙˆØ±Ø§Ú¯ÙˆØ¦Û’
     got: ??????? ????? ????????
 ; [cca2=UY].translations.zho.common
Expected: ä¹Œæ‹‰åœ­
     got: ???
 ; [cca2=UY].translations.zho.official
Expected: ä¹Œæ‹‰åœ­ä¸œå²¸å…±å’Œå›½
     got: ????????
 ; [cca2=UZ].altSpellings[]
Expected: Oâ€˜zbekiston Respublikasi
     but none found
 ; [cca2=UZ].altSpellings[]
Expected: ÐŽÐ·Ð±ÐµÐºÐ¸Ñ?Ñ‚Ð¾Ð½ Ð ÐµÑ?Ð¿ÑƒÐ±Ð»Ð¸ÐºÐ°Ñ?Ð¸
     but none found
 ; [cca2=UZ].altSpellings[]
Unexpected: ?????????? ????????????
 ; [cca2=UZ].altSpellings[]
Unexpected: O‘zbekiston Respublikasi
 ; [cca2=UZ].currencies.UZS.name
Expected: Uzbekistani soÊ»m
     got: Uzbekistani so?m
 ; [cca2=UZ].demonyms.fra.f
Expected: OuzbÃ¨ke
     got: Ouzbèke
 ; [cca2=UZ].demonyms.fra.m
Expected: OuzbÃ¨ke
     got: Ouzbèke
 ; [cca2=UZ].flag
Expected: ðŸ‡ºðŸ‡¿
     got: ??
 ; [cca2=UZ].name.nativeName.rus.common
Expected: Ð£Ð·Ð±ÐµÐºÐ¸Ñ?Ñ‚Ð°Ð½
     got: ??????????
 ; [cca2=UZ].name.nativeName.rus.official
Expected: Ð ÐµÑ?Ð¿ÑƒÐ±Ð»Ð¸ÐºÐ° Ð£Ð·Ð±ÐµÐºÐ¸Ñ?Ñ‚Ð°Ð½
     got: ?????????? ??????????
 ; [cca2=UZ].name.nativeName.uzb.common
Expected: Oâ€˜zbekiston
     got: O‘zbekiston
 ; [cca2=UZ].translations.ara.common
Expected: Ø£ÙˆØ²Ø¨Ø§ÙƒØ³ØªØ§Ù†
     got: ??????????
 ; [cca2=UZ].translations.ara.official
Expected: Ø¬Ù…Ù‡ÙˆØ±ÙŠØ© Ø£ÙˆØ²Ø¨Ø§ÙƒØ³ØªØ§Ù†
     got: ??????? ??????????
 ; [cca2=UZ].translations.ces.common
Expected: UzbekistÃ¡n
     got: Uzbekistán
 ; [cca2=UZ].translations.ces.official
Expected: Republika UzbekistÃ¡n
     got: Republika Uzbekistán
 ; [cca2=UZ].translations.fra.common
Expected: OuzbÃ©kistan
     got: Ouzbékistan
 ; [cca2=UZ].translations.fra.official
Expected: RÃ©publique d'OuzbÃ©kistan
     got: République d'Ouzbékistan
 ; [cca2=UZ].translations.hun.common
Expected: ÃœzbegisztÃ¡n
     got: Üzbegisztán
 ; [cca2=UZ].translations.hun.official
Expected: ÃœzbÃ©g KÃ¶ztÃ¡rsasÃ¡g
     got: Üzbég Köztársaság
 ; [cca2=UZ].translations.jpn.common
Expected: ã‚¦ã‚ºãƒ™ã‚­ã‚¹ã‚¿ãƒ³
     got: ???????
 ; [cca2=UZ].translations.jpn.official
Expected: ã‚¦ã‚ºãƒ™ã‚­ã‚¹ã‚¿ãƒ³å…±å’Œå›½
     got: ??????????
 ; [cca2=UZ].translations.kor.common
Expected: ìš°ì¦ˆë² í‚¤ìŠ¤íƒ„
     got: ??????
 ; [cca2=UZ].translations.kor.official
Expected: ìš°ì¦ˆë² í‚¤ìŠ¤íƒ„ ê³µí™”êµ­
     got: ?????? ???
 ; [cca2=UZ].translations.per.common
Expected: Ø§Ø²Ø¨Ú©Ø³ØªØ§Ù†
     got: ????????
 ; [cca2=UZ].translations.per.official
Expected: Ø¬Ù…Ù‡ÙˆØ±ÛŒ Ø§Ø²Ø¨Ú©Ø³ØªØ§Ù†
     got: ?????? ????????
 ; [cca2=UZ].translations.por.common
Expected: UzbequistÃ£o
     got: Uzbequistão
 ; [cca2=UZ].translations.por.official
Expected: RepÃºblica do UsbequistÃ£o
     got: República do Usbequistão
 ; [cca2=UZ].translations.rus.common
Expected: Ð£Ð·Ð±ÐµÐºÐ¸Ñ?Ñ‚Ð°Ð½
     got: ??????????
 ; [cca2=UZ].translations.rus.official
Expected: Ð ÐµÑ?Ð¿ÑƒÐ±Ð»Ð¸ÐºÐ° Ð£Ð·Ð±ÐµÐºÐ¸Ñ?Ñ‚Ð°Ð½
     got: ?????????? ??????????
 ; [cca2=UZ].translations.slk.official
Expected: UzbeckÃ¡ republika
     got: Uzbecká republika
 ; [cca2=UZ].translations.spa.common
Expected: UzbekistÃ¡n
     got: Uzbekistán
 ; [cca2=UZ].translations.spa.official
Expected: RepÃºblica de UzbekistÃ¡n
     got: República de Uzbekistán
 ; [cca2=UZ].translations.srp.common
Expected: Ð£Ð·Ð±ÐµÐºÐ¸Ñ?Ñ‚Ð°Ð½
     got: ??????????
 ; [cca2=UZ].translations.srp.official
Expected: Ð ÐµÐ¿ÑƒÐ±Ð»Ð¸ÐºÐ° Ð£Ð·Ð±ÐµÐºÐ¸Ñ?Ñ‚Ð°Ð½
     got: ????????? ??????????
 ; [cca2=UZ].translations.tur.common
Expected: Ã–zbekistan
     got: Özbekistan
 ; [cca2=UZ].translations.tur.official
Expected: Ã–zbekistan Cumhuriyeti
     got: Özbekistan Cumhuriyeti
 ; [cca2=UZ].translations.urd.common
Expected: Ø§Ø²Ø¨Ú©Ø³ØªØ§Ù†
     got: ????????
 ; [cca2=UZ].translations.urd.official
Expected: Ø¬Ù…Û?ÙˆØ±ÛŒÛ? Ø§Ø²Ø¨Ú©Ø³ØªØ§Ù†
     got: ??????? ????????
 ; [cca2=UZ].translations.zho.common
Expected: ä¹Œå…¹åˆ«å…‹æ–¯å?¦
     got: ??????
 ; [cca2=UZ].translations.zho.official
Expected: ä¹Œå…¹åˆ«å…‹æ–¯å?¦å…±å’Œå›½
     got: ?????????
 ; [cca2=VA].altSpellings[]
Expected: Stato della CittÃ  del Vaticano
     but none found
 ; [cca2=VA].altSpellings[]
Unexpected: Stato della Città del Vaticano
 ; [cca2=VA].currencies.EUR.symbol
Expected: â‚¬
     got: €
 ; [cca2=VA].flag
Expected: ðŸ‡»ðŸ‡¦
     got: ??
 ; [cca2=VA].name.nativeName.ita.official
Expected: Stato della CittÃ  del Vaticano
     got: Stato della Città del Vaticano
 ; [cca2=VA].name.nativeName.lat.common
Expected: VaticanÃ¦
     got: Vaticanæ
 ; [cca2=VA].name.nativeName.lat.official
Expected: Status Civitatis VaticanÃ¦
     got: Status Civitatis Vaticanæ
 ; [cca2=VA].translations.ara.common
Expected: Ù…Ø¯ÙŠÙ†Ø© Ø§Ù„Ù?Ø§ØªÙŠÙƒØ§Ù†
     got: ????? ?????????
 ; [cca2=VA].translations.ara.official
Expected: Ø¯ÙˆÙ„Ø© Ù…Ø¯ÙŠÙ†Ø© Ø§Ù„Ù?Ø§ØªÙŠÙƒØ§Ù†
     got: ???? ????? ?????????
 ; [cca2=VA].translations.ces.common
Expected: VatikÃ¡n
     got: Vatikán
 ; [cca2=VA].translations.ces.official
Expected: MÄ›stskÃ½ stÃ¡t VatikÃ¡n
     got: M?stský stát Vatikán
 ; [cca2=VA].translations.fra.common
Expected: CitÃ© du Vatican
     got: Cité du Vatican
 ; [cca2=VA].translations.fra.official
Expected: CitÃ© du Vatican
     got: Cité du Vatican
 ; [cca2=VA].translations.hun.common
Expected: VatikÃ¡n
     got: Vatikán
 ; [cca2=VA].translations.hun.official
Expected: VatikÃ¡n Ã?llam
     got: Vatikán Állam
 ; [cca2=VA].translations.ita.common
Expected: CittÃ  del Vaticano
     got: Città del Vaticano
 ; [cca2=VA].translations.ita.official
Expected: CittÃ  del Vaticano
     got: Città del Vaticano
 ; [cca2=VA].translations.jpn.common
Expected: ãƒ?ãƒ?ã‚«ãƒ³å¸‚å›½
     got: ??????
 ; [cca2=VA].translations.jpn.official
Expected: ãƒ?ãƒ?ã‚«ãƒ³å¸‚å›½ã?®çŠ¶æ…‹
     got: ?????????
 ; [cca2=VA].translations.kor.common
Expected: ë°”í‹°ì¹¸
     got: ???
 ; [cca2=VA].translations.kor.official
Expected: ë°”í‹°ì¹¸ ì‹œêµ­
     got: ??? ??
 ; [cca2=VA].translations.per.common
Expected: ÙˆØ§ØªÛŒÚ©Ø§Ù†
     got: ???????
 ; [cca2=VA].translations.per.official
Expected: Ø¯ÙˆÙ„Øªâ€ŒØ´Ù‡Ø± ÙˆØ§ØªÛŒÚ©Ø§Ù†
     got: ???????? ???????
 ; [cca2=VA].translations.pol.official
Expected: PaÅ„stwo WatykaÅ„skie
     got: Pa?stwo Watyka?skie
 ; [cca2=VA].translations.rus.common
Expected: Ð’Ð°Ñ‚Ð¸ÐºÐ°Ð½
     got: ???????
 ; [cca2=VA].translations.rus.official
Expected: Ð“Ð¾Ñ€Ð¾Ð´-Ð³Ð¾Ñ?ÑƒÐ´Ð°Ñ€Ñ?Ñ‚Ð²Ð¾ Ð’Ð°Ñ‚Ð¸ÐºÐ°Ð½
     got: ?????-??????????? ???????
 ; [cca2=VA].translations.slk.common
Expected: VatikÃ¡n
     got: Vatikán
 ; [cca2=VA].translations.slk.official
Expected: SvÃ¤tÃ¡ stolica (VatikÃ¡nsky mestskÃ½ Å¡tÃ¡t
     got: Svätá stolica (Vatikánsky mestský štát
 ; [cca2=VA].translations.srp.common
Expected: Ð’Ð°Ñ‚Ð¸ÐºÐ°Ð½
     got: ???????
 ; [cca2=VA].translations.srp.official
Expected: Ð“Ñ€Ð°Ð´ Ð’Ð°Ñ‚Ð¸ÐºÐ°Ð½
     got: ???? ???????
 ; [cca2=VA].translations.tur.official
Expected: Vatikan Åžehir Devleti
     got: Vatikan ?ehir Devleti
 ; [cca2=VA].translations.urd.common
Expected: ÙˆÛŒÙ¹ÛŒÚ©Ù† Ø³Ù¹ÛŒ
     got: ?????? ???
 ; [cca2=VA].translations.urd.official
Expected: ÙˆÛŒÙ¹ÛŒÚ©Ù† Ø³Ù¹ÛŒ
     got: ?????? ???
 ; [cca2=VA].translations.zho.common
Expected: æ¢µè’‚å†ˆ
     got: ???
 ; [cca2=VA].translations.zho.official
Expected: æ¢µè’‚å†ˆåŸŽå›½
     got: ?????
 ; [cca2=ER].altSpellings[]
Expected: áˆƒáŒˆáˆ¨ áŠ¤áˆ­á‰µáˆ«
     but none found
 ; [cca2=ER].altSpellings[]
Expected: Ê¾ErtrÄ?
     but none found
 ; [cca2=ER].altSpellings[]
Expected: Dawlat IritriyÃ¡
     but none found
 ; [cca2=ER].altSpellings[]
Expected: IritriyÄ?
     but none found
 ; [cca2=ER].altSpellings[]
Unexpected: Iritriy?
 ; [cca2=ER].altSpellings[]
Unexpected: ?Ertr?
 ; [cca2=ER].altSpellings[]
Unexpected: Dawlat Iritriyá
 ; [cca2=ER].altSpellings[]
Unexpected: ??? ????
 ; [cca2=ER].demonyms.fra.f
Expected: Ã‰rythrÃ©enne
     got: Érythréenne
 ; [cca2=ER].demonyms.fra.m
Expected: Ã‰rythrÃ©en
     got: Érythréen
 ; [cca2=ER].flag
Expected: ðŸ‡ªðŸ‡·
     got: ??
 ; [cca2=ER].flags.alt
Expected: The flag of Eritrea comprises three triangles â€” a large red isosceles triangle with its base spanning the hoist end and its apex at the midpoint on the fly end, and a green and blue right-angled triangle above and beneath the red triangle. On the hoist side of the red triangle is a golden vertical olive branch encircled by a golden olive wreath.
     got: The flag of Eritrea comprises three triangles — a large red isosceles triangle with its base spanning the hoist end and its apex at the midpoint on the fly end, and a green and blue right-angled triangle above and beneath the red triangle. On the hoist side of the red triangle is a golden vertical olive branch encircled by a golden olive wreath.
 ; [cca2=ER].name.nativeName.ara.common
Expected: Ø¥Ø±ØªØ±ÙŠØ§â€Ž
     got: ???????
 ; [cca2=ER].name.nativeName.ara.official
Expected: Ø¯ÙˆÙ„Ø© Ø¥Ø±ØªØ±ÙŠØ§
     got: ???? ??????
 ; [cca2=ER].name.nativeName.tir.common
Expected: áŠ¤áˆ­á‰µáˆ«
     got: ????
 ; [cca2=ER].name.nativeName.tir.official
Expected: áˆƒáŒˆáˆ¨ áŠ¤áˆ­á‰µáˆ«
     got: ??? ????
 ; [cca2=ER].translations.ara.common
Expected: Ø¥Ø±ÙŠØªØ±ÙŠØ§
     got: ???????
 ; [cca2=ER].translations.ara.official
Expected: Ø¯ÙˆÙ„Ø© Ø¥Ø±ÙŠØªØ±ÙŠØ§
     got: ???? ???????
 ; [cca2=ER].translations.ces.official
Expected: StÃ¡t Eritrea
     got: Stát Eritrea
 ; [cca2=ER].translations.fra.common
Expected: Ã‰rythrÃ©e
     got: Érythrée
 ; [cca2=ER].translations.fra.official
Expected: Ã‰tat d'Ã‰rythrÃ©e
     got: État d'Érythrée
 ; [cca2=ER].translations.hrv.official
Expected: DrÅ¾ava Eritreji
     got: Država Eritreji
 ; [cca2=ER].translations.jpn.common
Expected: ã‚¨ãƒªãƒˆãƒªã‚¢
     got: ?????
 ; [cca2=ER].translations.jpn.official
Expected: ã‚¨ãƒªãƒˆãƒªã‚¢å›½
     got: ??????
 ; [cca2=ER].translations.kor.common
Expected: ì—?ë¦¬íŠ¸ë ˆì•„
     got: ?????
 ; [cca2=ER].translations.kor.official
Expected: ì—?ë¦¬íŠ¸ë ˆì•„êµ­
     got: ??????
 ; [cca2=ER].translations.per.common
Expected: Ø§Ø±ÛŒØªØ±Ù‡
     got: ??????
 ; [cca2=ER].translations.per.official
Expected: Ø¬Ù…Ù‡ÙˆØ±ÛŒ Ø§Ø±ÛŒØªØ±Ù‡
     got: ?????? ??????
 ; [cca2=ER].translations.pol.official
Expected: PaÅ„stwo Erytrea
     got: Pa?stwo Erytrea
 ; [cca2=ER].translations.rus.common
Expected: Ð­Ñ€Ð¸Ñ‚Ñ€ÐµÑ?
     got: ???????
 ; [cca2=ER].translations.rus.official
Expected: Ð“Ð¾Ñ?ÑƒÐ´Ð°Ñ€Ñ?Ñ‚Ð²Ð¾ Ð­Ñ€Ð¸Ñ‚Ñ€ÐµÑ?
     got: ??????????? ???????
 ; [cca2=ER].translations.slk.official
Expected: EritrejskÃ½ Å¡tÃ¡t
     got: Eritrejský štát
 ; [cca2=ER].translations.srp.common
Expected: Ð•Ñ€Ð¸Ñ‚Ñ€ÐµÑ˜Ð°
     got: ????????
 ; [cca2=ER].translations.srp.official
Expected: Ð”Ñ€Ð¶Ð°Ð²Ð° Ð•Ñ€Ð¸Ñ‚Ñ€ÐµÑ˜Ð°
     got: ?????? ????????
 ; [cca2=ER].translations.urd.common
Expected: Ø§Ø±ØªØ±ÛŒØ§
     got: ??????
 ; [cca2=ER].translations.urd.official
Expected: Ø±ÛŒØ§Ø³ØªÙ? Ø§Ø±ØªØ±ÛŒØ§
     got: ?????? ??????
 ; [cca2=ER].translations.zho.common
Expected: åŽ„ç«‹ç‰¹é‡Œäºš
     got: ?????
 ; [cca2=ER].translations.zho.official
Expected: åŽ„ç«‹ç‰¹é‡Œäºš
     got: ?????
 ; [cca2=VC].flag
Expected: ðŸ‡»ðŸ‡¨
     got: ??
 ; [cca2=VC].translations.ara.common
Expected: Ø³Ø§Ù†Øª Ù?ÙŠÙ†Ø³Ù†Øª ÙˆØ§Ù„ØºØ±ÙŠÙ†Ø§Ø¯ÙŠÙ†
     got: ???? ?????? ???????????
 ; [cca2=VC].translations.ara.official
Expected: Ø³Ø§Ù†Øª Ù?ÙŠÙ†Ø³Ù†Øª ÙˆØ§Ù„ØºØ±ÙŠÙ†Ø§Ø¯ÙŠÙ†
     got: ???? ?????? ???????????
 ; [cca2=VC].translations.ces.common
Expected: SvatÃ½ Vincenc a Grenadiny
     got: Svatý Vincenc a Grenadiny
 ; [cca2=VC].translations.ces.official
Expected: SvatÃ½ Vincenc a Grenadiny
     got: Svatý Vincenc a Grenadiny
 ; [cca2=VC].translations.hun.common
Expected: Saint Vincent Ã©s a Grenadine-szigetek
     got: Saint Vincent és a Grenadine-szigetek
 ; [cca2=VC].translations.hun.official
Expected: Saint Vincent Ã©s a Grenadine-szigetek
     got: Saint Vincent és a Grenadine-szigetek
 ; [cca2=VC].translations.jpn.common
Expected: ã‚»ãƒ³ãƒˆãƒ“ãƒ³ã‚»ãƒ³ãƒˆã?Šã‚ˆã?³ã‚°ãƒ¬ãƒŠãƒ‡ã‚£ãƒ¼ãƒ³è«¸å³¶
     got: ????????????????????
 ; [cca2=VC].translations.jpn.official
Expected: ã‚»ãƒ³ãƒˆãƒ“ãƒ³ã‚»ãƒ³ãƒˆã?Šã‚ˆã?³ã‚°ãƒ¬ãƒŠãƒ‡ã‚£ãƒ¼ãƒ³è«¸å³¶
     got: ????????????????????
 ; [cca2=VC].translations.kor.common
Expected: ì„¸ì?¸íŠ¸ë¹ˆì„¼íŠ¸ ê·¸ë ˆë‚˜ë”˜
     got: ?????? ????
 ; [cca2=VC].translations.kor.official
Expected: ì„¸ì?¸íŠ¸ë¹ˆì„¼íŠ¸ ê·¸ë ˆë‚˜ë”˜
     got: ?????? ????
 ; [cca2=VC].translations.per.common
Expected: Ø³Ù†Øª ÙˆÛŒÙ†Ø³Ù†Øª Ùˆ Ú¯Ø±Ù†Ø§Ø¯ÛŒÙ†â€ŒÙ‡Ø§
     got: ??? ?????? ? ??????????
 ; [cca2=VC].translations.per.official
Expected: Ø³Ù†Øª ÙˆÛŒÙ†Ø³Ù†Øª Ùˆ Ú¯Ø±Ù†Ø§Ø¯ÛŒÙ†â€ŒÙ‡Ø§
     got: ??? ?????? ? ??????????
 ; [cca2=VC].translations.por.common
Expected: SÃ£o Vincente e Granadinas
     got: São Vincente e Granadinas
 ; [cca2=VC].translations.por.official
Expected: SÃ£o Vicente e Granadinas
     got: São Vicente e Granadinas
 ; [cca2=VC].translations.rus.common
Expected: Ð¡ÐµÐ½Ñ‚-Ð’Ð¸Ð½Ñ?ÐµÐ½Ñ‚ Ð¸ Ð“Ñ€ÐµÐ½Ð°Ð´Ð¸Ð½Ñ‹
     got: ????-??????? ? ?????????
 ; [cca2=VC].translations.rus.official
Expected: Ð¡ÐµÐ½Ñ‚-Ð’Ð¸Ð½Ñ?ÐµÐ½Ñ‚ Ð¸ Ð“Ñ€ÐµÐ½Ð°Ð´Ð¸Ð½Ñ‹
     got: ????-??????? ? ?????????
 ; [cca2=VC].translations.slk.common
Expected: SvÃ¤tÃ½ Vincent a GrenadÃ­ny
     got: Svätý Vincent a Grenadíny
 ; [cca2=VC].translations.slk.official
Expected: SvÃ¤tÃ½ Vincent a GrenadÃ­ny
     got: Svätý Vincent a Grenadíny
 ; [cca2=VC].translations.srp.common
Expected: Ð¡Ð²ÐµÑ‚Ð¸ Ð’Ð¸Ð½Ñ?ÐµÐ½Ñ‚ Ð¸ Ð“Ñ€ÐµÐ½Ð°Ð´Ð¸Ð½Ð¸
     got: ????? ??????? ? ?????????
 ; [cca2=VC].translations.srp.official
Expected: Ð¡Ð²ÐµÑ‚Ð¸ Ð’Ð¸Ð½Ñ?ÐµÐ½Ñ‚ Ð¸ Ð“Ñ€ÐµÐ½Ð°Ð´Ð¸Ð½Ð¸
     got: ????? ??????? ? ?????????
 ; [cca2=VC].translations.urd.common
Expected: Ø³ÛŒÙ†Ù¹ ÙˆÛŒÙ†Ø³ÛŒÙ†Ù¹ Ùˆ Ú¯Ø±ÛŒÙ†Ø§ÚˆØ§Ø¦Ù†Ø²
     got: ???? ??????? ? ??????????
 ; [cca2=VC].translations.urd.official
Expected: Ø³ÛŒÙ†Ù¹ ÙˆÛŒÙ†Ø³ÛŒÙ†Ù¹ Ùˆ Ú¯Ø±ÛŒÙ†Ø§ÚˆØ§Ø¦Ù†Ø²
     got: ???? ??????? ? ??????????
 ; [cca2=VC].translations.zho.common
Expected: åœ£æ–‡æ£®ç‰¹å’Œæ ¼æž—çº³ä¸?æ–¯
     got: ??????????
 ; [cca2=VC].translations.zho.official
Expected: åœ£æ–‡æ£®ç‰¹å’Œæ ¼æž—çº³ä¸?æ–¯
     got: ??????????
 ; [cca2=ES].altSpellings[]
Expected: Reino de EspaÃ±a
     but none found
 ; [cca2=ES].altSpellings[]
Unexpected: Reino de España
 ; [cca2=ES].currencies.EUR.symbol
Expected: â‚¬
     got: €
 ; [cca2=ES].flag
Expected: ðŸ‡ªðŸ‡¸
     got: ??
 ; [cca2=ES].name.nativeName.spa.common
Expected: EspaÃ±a
     got: España
 ; [cca2=ES].name.nativeName.spa.official
Expected: Reino de EspaÃ±a
     got: Reino de España
 ; [cca2=ES].translations.ara.common
Expected: Ø¥Ø³Ø¨Ø§Ù†ÙŠØ§
     got: ???????
 ; [cca2=ES].translations.ara.official
Expected: Ù…Ù…Ù„ÙƒØ© Ø¥Ø³Ø¨Ø§Ù†ÙŠØ§
     got: ????? ???????
 ; [cca2=ES].translations.ces.common
Expected: Å panÄ›lsko
     got: Špan?lsko
 ; [cca2=ES].translations.ces.official
Expected: Å panÄ›lskÃ© krÃ¡lovstvÃ­
     got: Špan?lské království
 ; [cca2=ES].translations.deu.official
Expected: KÃ¶nigreich Spanien
     got: Königreich Spanien
 ; [cca2=ES].translations.hrv.common
Expected: Å panjolska
     got: Španjolska
 ; [cca2=ES].translations.hrv.official
Expected: Kraljevina Å panjolska
     got: Kraljevina Španjolska
 ; [cca2=ES].translations.hun.common
Expected: SpanyolorszÃ¡g
     got: Spanyolország
 ; [cca2=ES].translations.hun.official
Expected: Spanyol KirÃ¡lysÃ¡g
     got: Spanyol Királyság
 ; [cca2=ES].translations.jpn.common
Expected: ã‚¹ãƒšã‚¤ãƒ³
     got: ????
 ; [cca2=ES].translations.jpn.official
Expected: ã‚¹ãƒšã‚¤ãƒ³çŽ‹å›½
     got: ??????
 ; [cca2=ES].translations.kor.common
Expected: ìŠ¤íŽ˜ì?¸
     got: ???
 ; [cca2=ES].translations.kor.official
Expected: ì—?ìŠ¤íŒŒëƒ? ì™•êµ­
     got: ???? ??
 ; [cca2=ES].translations.per.common
Expected: Ø§Ø³Ù¾Ø§Ù†ÛŒØ§
     got: ???????
 ; [cca2=ES].translations.per.official
Expected: Ù¾Ø§Ø¯Ø´Ø§Ù‡ÛŒ Ø§Ø³Ù¾Ø§Ù†ÛŒØ§
     got: ??????? ???????
 ; [cca2=ES].translations.pol.official
Expected: KrÃ³lestwo Hiszpanii 
     got: Królestwo Hiszpanii 
 ; [cca2=ES].translations.rus.common
Expected: Ð˜Ñ?Ð¿Ð°Ð½Ð¸Ñ?
     got: ???????
 ; [cca2=ES].translations.rus.official
Expected: ÐšÐ¾Ñ€Ð¾Ð»ÐµÐ²Ñ?Ñ‚Ð²Ð¾ Ð˜Ñ?Ð¿Ð°Ð½Ð¸Ñ?
     got: ??????????? ???????
 ; [cca2=ES].translations.slk.common
Expected: Å panielsko
     got: Španielsko
 ; [cca2=ES].translations.slk.official
Expected: Å panielske krÃ¡Ä¾ovstvo
     got: Španielske krá?ovstvo
 ; [cca2=ES].translations.spa.common
Expected: EspaÃ±a
     got: España
 ; [cca2=ES].translations.spa.official
Expected: Reino de EspaÃ±a
     got: Reino de España
 ; [cca2=ES].translations.srp.common
Expected: Ð¨Ð¿Ð°Ð½Ð¸Ñ˜Ð°
     got: ???????
 ; [cca2=ES].translations.srp.official
Expected: ÐšÑ€Ð°Ñ™ÐµÐ²Ð¸Ð½Ð° Ð¨Ð¿Ð°Ð½Ð¸Ñ˜Ð°
     got: ????????? ???????
 ; [cca2=ES].translations.tur.common
Expected: Ä°spanya
     got: ?spanya
 ; [cca2=ES].translations.tur.official
Expected: Ä°spanya KrallÄ±ÄŸÄ±
     got: ?spanya Krall???
 ; [cca2=ES].translations.urd.common
Expected: Û?Ø³Ù¾Ø§Ù†ÛŒÛ?
     got: ???????
 ; [cca2=ES].translations.urd.official
Expected: Ù…Ù…Ù„Ú©ØªÙ? Û?Ø³Ù¾Ø§Ù†ÛŒÛ?
     got: ?????? ???????
 ; [cca2=ES].translations.zho.common
Expected: è¥¿ç?­ç‰™
     got: ???
 ; [cca2=ES].translations.zho.official
Expected: è¥¿ç?­ç‰™çŽ‹å›½
     got: ?????
 ; [cca2=VE].altSpellings[]
Expected: RepÃºblica Bolivariana de Venezuela
     but none found
 ; [cca2=VE].altSpellings[]
Unexpected: República Bolivariana de Venezuela
 ; [cca2=VE].currencies.VES.name
Expected: Venezuelan bolÃ­var soberano
     got: Venezuelan bolívar soberano
 ; [cca2=VE].demonyms.fra.f
Expected: VÃ©nÃ©zuÃ©lienne
     got: Vénézuélienne
 ; [cca2=VE].demonyms.fra.m
Expected: VÃ©nÃ©zuÃ©lien
     got: Vénézuélien
 ; [cca2=VE].flag
Expected: ðŸ‡»ðŸ‡ª
     got: ??
 ; [cca2=VE].name.nativeName.spa.official
Expected: RepÃºblica Bolivariana de Venezuela
     got: República Bolivariana de Venezuela
 ; [cca2=VE].translations.ara.common
Expected: Ù?Ù†Ø²ÙˆÙŠÙ„Ø§
     got: ???????
 ; [cca2=VE].translations.ara.official
Expected: Ø¬Ù…Ù‡ÙˆØ±ÙŠØ© Ù?Ù†Ø²ÙˆÙŠÙ„Ø§ Ø§Ù„Ø¨ÙˆÙ„ÙŠÙ?Ø§Ø±ÙŠØ©
     got: ??????? ??????? ???????????
 ; [cca2=VE].translations.ces.official
Expected: BolÃ­varskÃ¡ republika Venezuela
     got: Bolívarská republika Venezuela
 ; [cca2=VE].translations.est.official
Expected: Venezuela BolÃ­vari Vabariik
     got: Venezuela Bolívari Vabariik
 ; [cca2=VE].translations.fra.official
Expected: RÃ©publique bolivarienne du Venezuela
     got: République bolivarienne du Venezuela
 ; [cca2=VE].translations.hun.official
Expected: Venezuelai BolivÃ¡ri KÃ¶ztÃ¡rsasÃ¡g
     got: Venezuelai Bolivári Köztársaság
 ; [cca2=VE].translations.jpn.common
Expected: ãƒ™ãƒ?ã‚ºã‚¨ãƒ©ãƒ»ãƒœãƒªãƒ?ãƒ«å…±å’Œå›½
     got: ?????????????
 ; [cca2=VE].translations.jpn.official
Expected: ãƒ™ãƒ?ã‚ºã‚¨ãƒ©Â·ãƒœãƒªãƒ?ãƒ«å…±å’Œå›½
     got: ?????·???????
 ; [cca2=VE].translations.kor.common
Expected: ë² ë„¤ìˆ˜ì—˜ë?¼
     got: ?????
 ; [cca2=VE].translations.kor.official
Expected: ë² ë„¤ìˆ˜ì—˜ë?¼ ë³¼ë¦¬ë°”ë¥´ ê³µí™”êµ­
     got: ????? ???? ???
 ; [cca2=VE].translations.per.common
Expected: ÙˆÙ†Ø²ÙˆØ¦Ù„Ø§
     got: ???????
 ; [cca2=VE].translations.per.official
Expected: Ø¬Ù…Ù‡ÙˆØ±ÛŒ Ø¨ÙˆÙ„ÛŒÙˆØ§Ø±ÛŒ ÙˆÙ†Ø²ÙˆØ¦Ù„Ø§
     got: ?????? ???????? ???????
 ; [cca2=VE].translations.pol.official
Expected: BoliwariaÅ„ska Republika Wenezueli
     got: Boliwaria?ska Republika Wenezueli
 ; [cca2=VE].translations.por.official
Expected: RepÃºblica Bolivariana da Venezuela
     got: República Bolivariana da Venezuela
 ; [cca2=VE].translations.rus.common
Expected: Ð’ÐµÐ½ÐµÑ?ÑƒÑ?Ð»Ð°
     got: ?????????
 ; [cca2=VE].translations.rus.official
Expected: Ð‘Ð¾Ð»Ð¸Ð²Ð°Ñ€Ð¸Ð°Ð½Ñ?ÐºÐ°Ñ? Ð ÐµÑ?Ð¿ÑƒÐ±Ð»Ð¸ÐºÐ° Ð’ÐµÐ½ÐµÑ?ÑƒÑ?Ð»Ð°
     got: ?????????????? ?????????? ?????????
 ; [cca2=VE].translations.slk.official
Expected: VenezuelskÃ¡ bolÃ­varovskÃ¡ republika
     got: Venezuelská bolívarovská republika
 ; [cca2=VE].translations.spa.official
Expected: RepÃºblica Bolivariana de Venezuela
     got: República Bolivariana de Venezuela
 ; [cca2=VE].translations.srp.common
Expected: Ð’ÐµÐ½ÐµÑ†ÑƒÐµÐ»Ð°
     got: ?????????
 ; [cca2=VE].translations.srp.official
Expected: Ð‘Ð¾Ð»Ð¸Ð²Ð°Ñ€Ñ?ÐºÐ° Ð ÐµÐ¿ÑƒÐ±Ð»Ð¸ÐºÐ° Ð’ÐµÐ½ÐµÑ†ÑƒÐµÐ»Ð°
     got: ?????????? ????????? ?????????
 ; [cca2=VE].translations.tur.official
Expected: BolivarcÄ± Venezuela Cumhuriyeti
     got: Bolivarc? Venezuela Cumhuriyeti
 ; [cca2=VE].translations.urd.common
Expected: ÙˆÛŒÙ†ÛŒØ²ÙˆÛŒÙ„Ø§
     got: ?????????
 ; [cca2=VE].translations.urd.official
Expected: Ø¬Ù…Û?ÙˆØ±ÛŒÛ? ÙˆÛŒÙ†ÛŒØ²ÙˆÛŒÙ„Ø§
     got: ??????? ?????????
 ; [cca2=VE].translations.zho.common
Expected: å§”å†…ç‘žæ‹‰
     got: ????
 ; [cca2=VE].translations.zho.official
Expected: å§”å†…ç‘žæ‹‰çŽ»åˆ©ç“¦å°”å…±å’Œå›½
     got: ???????????
 ; [cca2=ET].altSpellings[]
Expected: á‹¨áŠ¢á‰µá‹®áŒµá‹« á?Œá‹´áˆ«áˆ‹á‹Š á‹²áˆžáŠ­áˆ«áˆ²á‹«á‹Š áˆªá??á‰¥áˆŠáŠ­
     but none found
 ; [cca2=ET].altSpellings[]
Expected: Ê¾ÄªtyÅ?á¹—á¹—yÄ?
     but none found
 ; [cca2=ET].altSpellings[]
Unexpected: ??ty???y?
 ; [cca2=ET].altSpellings[]
Unexpected: ?????? ????? ??????? ?????
 ; [cca2=ET].demonyms.fra.f
Expected: Ã‰thiopienne
     got: Éthiopienne
 ; [cca2=ET].demonyms.fra.m
Expected: Ã‰thiopien
     got: Éthiopien
 ; [cca2=ET].flag
Expected: ðŸ‡ªðŸ‡¹
     got: ??
 ; [cca2=ET].name.nativeName.amh.common
Expected: áŠ¢á‰µá‹®áŒµá‹«
     got: ?????
 ; [cca2=ET].name.nativeName.amh.official
Expected: á‹¨áŠ¢á‰µá‹®áŒµá‹« á?Œá‹´áˆ«áˆ‹á‹Š á‹²áˆžáŠ­áˆ«áˆ²á‹«á‹Š áˆªá??á‰¥áˆŠáŠ­
     got: ?????? ????? ??????? ?????
 ; [cca2=ET].translations.ara.common
Expected: Ø¥Ø«ÙŠÙˆØ¨ÙŠØ§
     got: ???????
 ; [cca2=ET].translations.ara.official
Expected: Ø¬Ù…Ù‡ÙˆØ±ÙŠØ© Ø¥Ø«ÙŠÙˆØ¨ÙŠØ§ Ø§Ù„Ù?Ø¯Ø±Ø§Ù„ÙŠØ© Ø§Ù„Ø¯ÙŠÙ…ÙˆÙ‚Ø±Ø§Ø·ÙŠØ©
     got: ??????? ??????? ????????? ????????????
 ; [cca2=ET].translations.ces.official
Expected: EtiopskÃ¡ federativnÃ­ demokratickÃ¡ republika
     got: Etiopská federativní demokratická republika
 ; [cca2=ET].translations.deu.common
Expected: Ã„thiopien
     got: Äthiopien
 ; [cca2=ET].translations.deu.official
Expected: Demokratische Bundesrepublik Ã„thiopien
     got: Demokratische Bundesrepublik Äthiopien
 ; [cca2=ET].translations.fra.common
Expected: Ã‰thiopie
     got: Éthiopie
 ; [cca2=ET].translations.fra.official
Expected: RÃ©publique fÃ©dÃ©rale dÃ©mocratique d'Ã‰thiopie
     got: République fédérale démocratique d'Éthiopie
 ; [cca2=ET].translations.hun.common
Expected: EtiÃ³pia
     got: Etiópia
 ; [cca2=ET].translations.hun.official
Expected: EtiÃ³p SzÃ¶vetsÃ©gi Demokratikus KÃ¶ztÃ¡rsasÃ¡g
     got: Etióp Szövetségi Demokratikus Köztársaság
 ; [cca2=ET].translations.jpn.common
Expected: ã‚¨ãƒ?ã‚ªãƒ”ã‚¢
     got: ?????
 ; [cca2=ET].translations.jpn.official
Expected: ã‚¨ãƒ?ã‚ªãƒ”ã‚¢é€£é‚¦æ°‘ä¸»å…±å’Œå›½
     got: ????????????
 ; [cca2=ET].translations.kor.common
Expected: ì—?í‹°ì˜¤í”¼ì•„
     got: ?????
 ; [cca2=ET].translations.kor.official
Expected: ì—?í‹°ì˜¤í”¼ì•„ ì—°ë°© ë¯¼ì£¼ ê³µí™”êµ­
     got: ????? ?? ?? ???
 ; [cca2=ET].translations.nld.common
Expected: EthiopiÃ«
     got: Ethiopië
 ; [cca2=ET].translations.nld.official
Expected: Federale Democratische Republiek EthiopiÃ«
     got: Federale Democratische Republiek Ethiopië
 ; [cca2=ET].translations.per.common
Expected: Ø§Ù?ØªÛŒÙˆÙ¾ÛŒ
     got: ???????
 ; [cca2=ET].translations.per.official
Expected: Ø¬Ù…Ù‡ÙˆØ±ÛŒ Ù?Ø¯Ø±Ø§Ù„ Ø¯Ù…ÙˆÚ©Ø±Ø§ØªÛŒÚ© Ø§ØªÛŒÙˆÙ¾ÛŒ
     got: ?????? ????? ????????? ??????
 ; [cca2=ET].translations.por.common
Expected: EtiÃ³pia
     got: Etiópia
 ; [cca2=ET].translations.por.official
Expected: RepÃºblica Federal DemocrÃ¡tica da EtiÃ³pia
     got: República Federal Democrática da Etiópia
 ; [cca2=ET].translations.rus.common
Expected: Ð­Ñ„Ð¸Ð¾Ð¿Ð¸Ñ?
     got: ???????
 ; [cca2=ET].translations.rus.official
Expected: Ð¤ÐµÐ´ÐµÑ€Ð°Ñ‚Ð¸Ð²Ð½Ð°Ñ? Ð”ÐµÐ¼Ð¾ÐºÑ€Ð°Ñ‚Ð¸Ñ‡ÐµÑ?ÐºÐ°Ñ? Ð ÐµÑ?Ð¿ÑƒÐ±Ð»Ð¸ÐºÐ° Ð­Ñ„Ð¸Ð¾Ð¿Ð¸Ñ?
     got: ???????????? ??????????????? ?????????? ???????
 ; [cca2=ET].translations.slk.common
Expected: EtiÃ³pia
     got: Etiópia
 ; [cca2=ET].translations.slk.official
Expected: EtiÃ³pska federatÃ­vna demokratickÃ¡ republika
     got: Etiópska federatívna demokratická republika
 ; [cca2=ET].translations.spa.common
Expected: EtiopÃ­a
     got: Etiopía
 ; [cca2=ET].translations.spa.official
Expected: RepÃºblica DemocrÃ¡tica Federal de EtiopÃ­a
     got: República Democrática Federal de Etiopía
 ; [cca2=ET].translations.srp.common
Expected: Ð•Ñ‚Ð¸Ð¾Ð¿Ð¸Ñ˜Ð°
     got: ????????
 ; [cca2=ET].translations.srp.official
Expected: Ð¡Ð°Ð²ÐµÐ·Ð½Ð° Ð”ÐµÐ¼Ð¾ÐºÑ€Ð°Ñ‚Ñ?ÐºÐ° Ð ÐµÐ¿ÑƒÐ±Ð»Ð¸ÐºÐ° Ð•Ñ‚Ð¸Ð¾Ð¿Ð¸Ñ˜Ð°
     got: ??????? ??????????? ????????? ????????
 ; [cca2=ET].translations.swe.official
Expected: Demokratiska fÃ¶rbundsrepubliken Etiopien
     got: Demokratiska förbundsrepubliken Etiopien
 ; [cca2=ET].translations.urd.common
Expected: Ø§ÛŒØªÚ¾ÙˆÙ¾ÛŒØ§
     got: ????????
 ; [cca2=ET].translations.urd.official
Expected: ÙˆÙ?Ø§Ù‚ÛŒ Ø¬Ù…Û?ÙˆØ±ÛŒ Ø¬Ù…Û?ÙˆØ±ÛŒÛ? Ø§ÛŒØªÚ¾ÙˆÙ¾ÛŒØ§
     got: ????? ?????? ??????? ????????
 ; [cca2=ET].translations.zho.common
Expected: åŸƒå¡žä¿„æ¯”äºš
     got: ?????
 ; [cca2=ET].translations.zho.official
Expected: åŸƒå¡žä¿„æ¯”äºšè?”é‚¦æ°‘ä¸»å…±å’Œå›½
     got: ????????????
 ; [cca2=VG].flag
Expected: ðŸ‡»ðŸ‡¬
     got: ??
 ; [cca2=VG].translations.ara.common
Expected: Ø¬Ø²Ø± Ø§Ù„Ø¹Ø°Ø±Ø§Ø¡
     got: ??? ???????
 ; [cca2=VG].translations.ara.official
Expected: Ø¬Ø²Ø± Ø§Ù„Ø¹Ø°Ø±Ø§Ø¡ Ø§Ù„Ø¨Ø±ÙŠØ·Ø§Ù†ÙŠØ©
     got: ??? ??????? ??????????
 ; [cca2=VG].translations.ces.common
Expected: BritskÃ© PanenskÃ© ostrovy
     got: Britské Panenské ostrovy
 ; [cca2=VG].translations.ces.official
Expected: BritskÃ© PanenskÃ© ostrovy
     got: Britské Panenské ostrovy
 ; [cca2=VG].translations.fin.official
Expected: BrittilÃ¤iset Neitsytsaaret
     got: Brittiläiset Neitsytsaaret
 ; [cca2=VG].translations.fra.common
Expected: ÃŽles Vierges britanniques
     got: Îles Vierges britanniques
 ; [cca2=VG].translations.fra.official
Expected: Ã®les Vierges
     got: îles Vierges
 ; [cca2=VG].translations.hrv.common
Expected: Britanski DjeviÄ?anski Otoci
     got: Britanski Djevi?anski Otoci
 ; [cca2=VG].translations.hrv.official
Expected: DjeviÄ?anski Otoci
     got: Djevi?anski Otoci
 ; [cca2=VG].translations.jpn.common
Expected: ã‚¤ã‚®ãƒªã‚¹é ˜ãƒ´ã‚¡ãƒ¼ã‚¸ãƒ³è«¸å³¶
     got: ????????????
 ; [cca2=VG].translations.jpn.official
Expected: ãƒ?ãƒ¼ã‚¸ãƒ³è«¸å³¶
     got: ??????
 ; [cca2=VG].translations.kor.common
Expected: ì˜?êµ­ë ¹ ë²„ì§„ì•„ì?¼ëžœë“œ
     got: ??? ??????
 ; [cca2=VG].translations.kor.official
Expected: ì˜?êµ­ë ¹ ë²„ì§„ì•„ì?¼ëžœë“œ
     got: ??? ??????
 ; [cca2=VG].translations.per.common
Expected: Ø¬Ø²Ø§ÛŒØ± ÙˆÛŒØ±Ø¬ÛŒÙ† Ø¨Ø±ÛŒØªØ§Ù†ÛŒØ§
     got: ????? ?????? ????????
 ; [cca2=VG].translations.per.official
Expected: Ø¬Ø²Ø§ÛŒØ± ÙˆÛŒØ±Ø¬ÛŒÙ† Ø¨Ø±ÛŒØªØ§Ù†ÛŒØ§
     got: ????? ?????? ????????
 ; [cca2=VG].translations.rus.common
Expected: Ð‘Ñ€Ð¸Ñ‚Ð°Ð½Ñ?ÐºÐ¸Ðµ Ð’Ð¸Ñ€Ð³Ð¸Ð½Ñ?ÐºÐ¸Ðµ Ð¾Ñ?Ñ‚Ñ€Ð¾Ð²Ð°
     got: ?????????? ?????????? ???????
 ; [cca2=VG].translations.rus.official
Expected: Ð’Ð¸Ñ€Ð³Ð¸Ð½Ñ?ÐºÐ¸Ðµ Ð¾Ñ?Ñ‚Ñ€Ð¾Ð²Ð°
     got: ?????????? ???????
 ; [cca2=VG].translations.slk.common
Expected: PanenskÃ© ostrovy
     got: Panenské ostrovy
 ; [cca2=VG].translations.slk.official
Expected: PanenskÃ© ostrovy
     got: Panenské ostrovy
 ; [cca2=VG].translations.spa.common
Expected: Islas VÃ­rgenes del Reino Unido
     got: Islas Vírgenes del Reino Unido
 ; [cca2=VG].translations.spa.official
Expected: Islas VÃ­rgenes
     got: Islas Vírgenes
 ; [cca2=VG].translations.srp.common
Expected: Ð‘Ñ€Ð¸Ñ‚Ð°Ð½Ñ?ÐºÐ° Ð”ÐµÐ²Ð¸Ñ‡Ð°Ð½Ñ?ÐºÐ° ÐžÑ?Ñ‚Ñ€Ð²Ð°
     got: ????????? ?????????? ??????
 ; [cca2=VG].translations.srp.official
Expected: Ð‘Ñ€Ð¸Ñ‚Ð°Ð½Ñ?ÐºÐ° Ð”ÐµÐ²Ð¸Ñ‡Ð°Ð½Ñ?ÐºÐ° ÐžÑ?Ñ‚Ñ€Ð²Ð°
     got: ????????? ?????????? ??????
 ; [cca2=VG].translations.swe.common
Expected: Brittiska JungfruÃ¶arna
     got: Brittiska Jungfruöarna
 ; [cca2=VG].translations.swe.official
Expected: Brittiska JungfruÃ¶arna
     got: Brittiska Jungfruöarna
 ; [cca2=VG].translations.tur.common
Expected: Virjin AdalarÄ±
     got: Virjin Adalar?
 ; [cca2=VG].translations.tur.official
Expected: Virjin AdalarÄ±
     got: Virjin Adalar?
 ; [cca2=VG].translations.urd.common
Expected: Ø¨Ø±Ø·Ø§Ù†ÙˆÛŒ Ø¬Ø²Ø§Ø¦Ø± ÙˆØ±Ø¬Ù†
     got: ??????? ????? ????
 ; [cca2=VG].translations.urd.official
Expected: Ø¨Ø±Ø·Ø§Ù†ÙˆÛŒ Ø¬Ø²Ø§Ø¦Ø± ÙˆØ±Ø¬Ù†
     got: ??????? ????? ????
 ; [cca2=VG].translations.zho.common
Expected: è‹±å±žç»´å°”äº¬ç¾¤å²›
     got: ???????
 ; [cca2=VG].translations.zho.official
Expected: è‹±å±žç»´å°”äº¬ç¾¤å²›
     got: ???????
 ; [cca2=VI].flag
Expected: ðŸ‡»ðŸ‡®
     got: ??
 ; [cca2=VI].translations.ara.common
Expected: Ø¬Ø²Ø± Ø§Ù„Ø¹Ø°Ø±Ø§Ø¡ Ø§Ù„Ø§Ù…Ø±ÙŠÙƒÙŠØ©
     got: ??? ??????? ?????????
 ; [cca2=VI].translations.ara.official
Expected: Ø¬Ø²Ø± Ø§Ù„Ø¹Ø°Ø±Ø§Ø¡ Ø§Ù„Ø§Ù…Ø±ÙŠÙƒÙŠØ©
     got: ??? ??????? ?????????
 ; [cca2=VI].translations.bre.common
Expected: Inizi Gwerc'h ar StadoÃ¹-Unanet
     got: Inizi Gwerc'h ar Stadoù-Unanet
 ; [cca2=VI].translations.bre.official
Expected: Inizi Gwerc'h ar StadoÃ¹-Unanet
     got: Inizi Gwerc'h ar Stadoù-Unanet
 ; [cca2=VI].translations.ces.common
Expected: AmerickÃ© PanenskÃ© ostrovy
     got: Americké Panenské ostrovy
 ; [cca2=VI].translations.ces.official
Expected: AmerickÃ© PanenskÃ© ostrovy
     got: Americké Panenské ostrovy
 ; [cca2=VI].translations.est.official
Expected: Ãœhendriikide Neitsisaared
     got: Ühendriikide Neitsisaared
 ; [cca2=VI].translations.fra.common
Expected: ÃŽles Vierges des Ã‰tats-Unis
     got: Îles Vierges des États-Unis
 ; [cca2=VI].translations.fra.official
Expected: ÃŽles Vierges des Ã‰tats-Unis
     got: Îles Vierges des États-Unis
 ; [cca2=VI].translations.hrv.common
Expected: AmeriÄ?ki DjeviÄ?anski Otoci
     got: Ameri?ki Djevi?anski Otoci
 ; [cca2=VI].translations.hrv.official
Expected: DjeviÄ?anski Otoci SAD
     got: Djevi?anski Otoci SAD
 ; [cca2=VI].translations.jpn.common
Expected: ã‚¢ãƒ¡ãƒªã‚«é ˜ãƒ´ã‚¡ãƒ¼ã‚¸ãƒ³è«¸å³¶
     got: ????????????
 ; [cca2=VI].translations.jpn.official
Expected: ç±³å›½ã?®ãƒ?ãƒ¼ã‚¸ãƒ³è«¸å³¶
     got: ?????????
 ; [cca2=VI].translations.kor.common
Expected: ë¯¸êµ­ë ¹ ë²„ì§„ì•„ì?¼ëžœë“œ
     got: ??? ??????
 ; [cca2=VI].translations.kor.official
Expected: ë¯¸êµ­ë ¹ ë²„ì§„ì•„ì?¼ëžœë“œ
     got: ??? ??????
 ; [cca2=VI].translations.per.common
Expected: Ø¬Ø²Ø§ÛŒØ± ÙˆÛŒØ±Ø¬ÛŒÙ† Ø§ÛŒØ§Ù„Ø§Øª Ù…ØªØ­Ø¯Ù‡ Ø¢Ù…Ø±ÛŒÚ©Ø§
     got: ????? ?????? ?????? ????? ??????
 ; [cca2=VI].translations.per.official
Expected: Ø¬Ø²Ø§ÛŒØ± ÙˆÛŒØ±Ø¬ÛŒÙ† Ø§ÛŒØ§Ù„Ø§Øª Ù…ØªØ­Ø¯Ù‡ Ø¢Ù…Ø±ÛŒÚ©Ø§
     got: ????? ?????? ?????? ????? ??????
 ; [cca2=VI].translations.pol.common
Expected: Wyspy Dziewicze StanÃ³w Zjednoczonych
     got: Wyspy Dziewicze Stanów Zjednoczonych
 ; [cca2=VI].translations.pol.official
Expected: Wyspy Dziewicze StanÃ³w Zjednoczonych
     got: Wyspy Dziewicze Stanów Zjednoczonych
 ; [cca2=VI].translations.rus.common
Expected: Ð’Ð¸Ñ€Ð³Ð¸Ð½Ñ?ÐºÐ¸Ðµ ÐžÑ?Ñ‚Ñ€Ð¾Ð²Ð°
     got: ?????????? ???????
 ; [cca2=VI].translations.rus.official
Expected: Ð’Ð¸Ñ€Ð³Ð¸Ð½Ñ?ÐºÐ¸Ðµ Ð¾Ñ?Ñ‚Ñ€Ð¾Ð²Ð° Ð¡Ð¾ÐµÐ´Ð¸Ð½ÐµÐ½Ð½Ñ‹Ñ… Ð¨Ñ‚Ð°Ñ‚Ð¾Ð²
     got: ?????????? ??????? ??????????? ??????
 ; [cca2=VI].translations.slk.common
Expected: AmerickÃ© PanenskÃ© ostrovy
     got: Americké Panenské ostrovy
 ; [cca2=VI].translations.slk.official
Expected: AmerickÃ© PanenskÃ© ostrovy
     got: Americké Panenské ostrovy
 ; [cca2=VI].translations.spa.common
Expected: Islas VÃ­rgenes de los Estados Unidos
     got: Islas Vírgenes de los Estados Unidos
 ; [cca2=VI].translations.spa.official
Expected: Islas VÃ­rgenes de los Estados Unidos
     got: Islas Vírgenes de los Estados Unidos
 ; [cca2=VI].translations.srp.common
Expected: Ð?Ð¼ÐµÑ€Ð¸Ñ‡ÐºÐ° Ð”ÐµÐ²Ð¸Ñ‡Ð°Ð½Ñ?ÐºÐ° ÐžÑ?Ñ‚Ñ€Ð²Ð°
     got: ???????? ?????????? ??????
 ; [cca2=VI].translations.srp.official
Expected: Ð?Ð¼ÐµÑ€Ð¸Ñ‡ÐºÐ° Ð”ÐµÐ²Ð¸Ñ‡Ð°Ð½Ñ?ÐºÐ° ÐžÑ?Ñ‚Ñ€Ð²Ð°
     got: ???????? ?????????? ??????
 ; [cca2=VI].translations.swe.common
Expected: Amerikanska JungfruÃ¶arna
     got: Amerikanska Jungfruöarna
 ; [cca2=VI].translations.swe.official
Expected: Amerikanska JungfruÃ¶arna
     got: Amerikanska Jungfruöarna
 ; [cca2=VI].translations.tur.common
Expected: ABD Virjin AdalarÄ±
     got: ABD Virjin Adalar?
 ; [cca2=VI].translations.tur.official
Expected: Amerika BirleÅŸik Devletleri Virjin AdalarÄ±
     got: Amerika Birle?ik Devletleri Virjin Adalar?
 ; [cca2=VI].translations.urd.common
Expected: Ø§Ù…Ø±ÛŒÚ©ÛŒ Ø¬Ø²Ø§Ø¦Ø± ÙˆØ±Ø¬Ù†
     got: ?????? ????? ????
 ; [cca2=VI].translations.urd.official
Expected: Ø§Ù…Ø±ÛŒÚ©ÛŒ Ø¬Ø²Ø§Ø¦Ø± ÙˆØ±Ø¬Ù†
     got: ?????? ????? ????
 ; [cca2=VI].translations.zho.common
Expected: ç¾Žå±žç»´å°”äº¬ç¾¤å²›
     got: ???????
 ; [cca2=VI].translations.zho.official
Expected: ç¾Žå±žç»´å°”äº¬ç¾¤å²›
     got: ???????
 ; [cca2=VN].altSpellings[]
Expected: Cá»™ng hÃ²a XÃ£ há»™i chá»§ nghÄ©a Viá»‡t Nam
     but none found
 ; [cca2=VN].altSpellings[]
Unexpected: C?ng hòa Xã h?i ch? ngh?a Vi?t Nam
 ; [cca2=VN].currencies.VND.name
Expected: Vietnamese Ä‘á»“ng
     got: Vietnamese ??ng
 ; [cca2=VN].currencies.VND.symbol
Expected: â‚«
     got: ?
 ; [cca2=VN].flag
Expected: ðŸ‡»ðŸ‡³
     got: ??
 ; [cca2=VN].name.nativeName.vie.common
Expected: Viá»‡t Nam
     got: Vi?t Nam
 ; [cca2=VN].name.nativeName.vie.official
Expected: Cá»™ng hÃ²a xÃ£ há»™i chá»§ nghÄ©a Viá»‡t Nam
     got: C?ng hòa xã h?i ch? ngh?a Vi?t Nam
 ; [cca2=VN].translations.ara.common
Expected: Ù?ÙŠØªÙ†Ø§Ù…
     got: ??????
 ; [cca2=VN].translations.ara.official
Expected: Ø¬Ù…Ù‡ÙˆØ±ÙŠØ© Ù?ÙŠØªÙ†Ø§Ù… Ø§Ù„Ø§Ø´ØªØ±Ø§ÙƒÙŠØ©
     got: ??????? ?????? ??????????
 ; [cca2=VN].translations.bre.common
Expected: ViÃªt Nam
     got: Viêt Nam
 ; [cca2=VN].translations.bre.official
Expected: Republik Sokialour ViÃªt Nam
     got: Republik Sokialour Viêt Nam
 ; [cca2=VN].translations.ces.official
Expected: VietnamskÃ¡ socialistickÃ¡ republika
     got: Vietnamská socialistická republika
 ; [cca2=VN].translations.fra.common
Expected: ViÃªt Nam
     got: Viêt Nam
 ; [cca2=VN].translations.fra.official
Expected: RÃ©publique socialiste du ViÃªt Nam
     got: République socialiste du Viêt Nam
 ; [cca2=VN].translations.hrv.official
Expected: SocijalistiÄ?ka Republika Vijetnam
     got: Socijalisti?ka Republika Vijetnam
 ; [cca2=VN].translations.hun.common
Expected: VietnÃ¡m
     got: Vietnám
 ; [cca2=VN].translations.hun.official
Expected: VietnÃ¡mi Szocialista KÃ¶ztÃ¡rsasÃ¡g
     got: Vietnámi Szocialista Köztársaság
 ; [cca2=VN].translations.jpn.common
Expected: ãƒ™ãƒˆãƒŠãƒ 
     got: ????
 ; [cca2=VN].translations.jpn.official
Expected: ãƒ™ãƒˆãƒŠãƒ ç¤¾ä¼šä¸»ç¾©å…±å’Œå›½
     got: ???????????
 ; [cca2=VN].translations.kor.common
Expected: ë² íŠ¸ë‚¨
     got: ???
 ; [cca2=VN].translations.kor.official
Expected: ë² íŠ¸ë‚¨ ì‚¬íšŒì£¼ì?˜ ê³µí™”êµ­
     got: ??? ???? ???
 ; [cca2=VN].translations.per.common
Expected: ÙˆÛŒØªÙ†Ø§Ù…
     got: ??????
 ; [cca2=VN].translations.per.official
Expected: Ø¬Ù…Ù‡ÙˆØ±ÛŒ Ø³ÙˆØ³ÛŒØ§Ù„ÛŒØ³ØªÛŒ ÙˆÛŒØªÙ†Ø§Ù…
     got: ?????? ?????????? ??????
 ; [cca2=VN].translations.por.official
Expected: RepÃºblica Socialista do Vietname
     got: República Socialista do Vietname
 ; [cca2=VN].translations.rus.common
Expected: Ð’ÑŒÐµÑ‚Ð½Ð°Ð¼
     got: ???????
 ; [cca2=VN].translations.rus.official
Expected: Ð¡Ð¾Ñ†Ð¸Ð°Ð»Ð¸Ñ?Ñ‚Ð¸Ñ‡ÐµÑ?ÐºÐ°Ñ? Ð ÐµÑ?Ð¿ÑƒÐ±Ð»Ð¸ÐºÐ° Ð’ÑŒÐµÑ‚Ð½Ð°Ð¼
     got: ???????????????? ?????????? ???????
 ; [cca2=VN].translations.slk.official
Expected: VietnamskÃ¡ socialistickÃ¡ republika
     got: Vietnamská socialistická republika
 ; [cca2=VN].translations.spa.official
Expected: RepÃºblica Socialista de Vietnam
     got: República Socialista de Vietnam
 ; [cca2=VN].translations.srp.common
Expected: Ð’Ð¸Ñ˜ÐµÑ‚Ð½Ð°Ð¼
     got: ????????
 ; [cca2=VN].translations.srp.official
Expected: Ð¡Ð¾Ñ†Ð¸Ñ˜Ð°Ð»Ð¸Ñ?Ñ‚Ð¸Ñ‡ÐºÐ° Ð ÐµÐ¿ÑƒÐ±Ð»Ð¸ÐºÐ° Ð’Ð¸Ñ˜ÐµÑ‚Ð½Ð°Ð¼
     got: ?????????????? ????????? ????????
 ; [cca2=VN].translations.urd.common
Expected: ÙˆÛŒØªÙ†Ø§Ù…
     got: ??????
 ; [cca2=VN].translations.urd.official
Expected: Ø§Ø´ØªØ±Ø§Ú©ÛŒ Ø¬Ù…Û?ÙˆØ±ÛŒÛ? ÙˆÛŒØªÙ†Ø§Ù…
     got: ??????? ??????? ??????
 ; [cca2=VN].translations.zho.common
Expected: è¶Šå?—
     got: ??
 ; [cca2=VN].translations.zho.official
Expected: è¶Šå?—ç¤¾ä¼šä¸»ä¹‰å…±å’Œå›½
     got: ?????????
 ; [cca2=VU].altSpellings[]
Expected: RÃ©publique de Vanuatu
     but none found
 ; [cca2=VU].altSpellings[]
Unexpected: République de Vanuatu
 ; [cca2=VU].flag
Expected: ðŸ‡»ðŸ‡º
     got: ??
 ; [cca2=VU].name.nativeName.fra.official
Expected: RÃ©publique de Vanuatu
     got: République de Vanuatu
 ; [cca2=VU].translations.ara.common
Expected: Ù?Ø§Ù†ÙˆØ§ØªÙˆ
     got: ???????
 ; [cca2=VU].translations.ara.official
Expected: Ø¬Ù…Ù‡ÙˆØ±ÙŠØ© Ù?Ø§Ù†ÙˆØ§ØªÙˆ
     got: ??????? ???????
 ; [cca2=VU].translations.fra.official
Expected: RÃ©publique de Vanuatu
     got: République de Vanuatu
 ; [cca2=VU].translations.hun.official
Expected: Vanuatui KÃ¶ztÃ¡rsasÃ¡g
     got: Vanuatui Köztársaság
 ; [cca2=VU].translations.jpn.common
Expected: ãƒ?ãƒŒã‚¢ãƒ„
     got: ????
 ; [cca2=VU].translations.jpn.official
Expected: ãƒ?ãƒŒã‚¢ãƒ„å…±å’Œå›½
     got: ???????
 ; [cca2=VU].translations.kor.common
Expected: ë°”ëˆ„ì•„íˆ¬
     got: ????
 ; [cca2=VU].translations.kor.official
Expected: ë°”ëˆ„ì•„íˆ¬ ê³µí™”êµ­
     got: ???? ???
 ; [cca2=VU].translations.per.common
Expected: ÙˆØ§Ù†ÙˆØ§ØªÙˆ
     got: ???????
 ; [cca2=VU].translations.per.official
Expected: Ø¬Ù…Ù‡ÙˆØ±ÛŒ ÙˆØ§Ù†ÙˆØ§ØªÙˆ
     got: ?????? ???????
 ; [cca2=VU].translations.por.official
Expected: RepÃºblica de Vanuatu
     got: República de Vanuatu
 ; [cca2=VU].translations.rus.common
Expected: Ð’Ð°Ð½ÑƒÐ°Ñ‚Ñƒ
     got: ???????
 ; [cca2=VU].translations.rus.official
Expected: Ð ÐµÑ?Ð¿ÑƒÐ±Ð»Ð¸ÐºÐ° Ð’Ð°Ð½ÑƒÐ°Ñ‚Ñƒ
     got: ?????????? ???????
 ; [cca2=VU].translations.slk.official
Expected: VanuatskÃ¡ republika
     got: Vanuatská republika
 ; [cca2=VU].translations.spa.official
Expected: RepÃºblica de Vanuatu
     got: República de Vanuatu
 ; [cca2=VU].translations.srp.common
Expected: Ð’Ð°Ð½ÑƒÐ°Ñ‚Ñƒ
     got: ???????
 ; [cca2=VU].translations.srp.official
Expected: Ð ÐµÐ¿ÑƒÐ±Ð»Ð¸ÐºÐ° Ð’Ð°Ð½ÑƒÐ°Ñ‚Ñƒ
     got: ????????? ???????
 ; [cca2=VU].translations.urd.common
Expected: ÙˆØ§Ù†ÙˆØ§ØªÙˆ
     got: ???????
 ; [cca2=VU].translations.urd.official
Expected: Ø¬Ù…Û?ÙˆØ±ÛŒÛ? ÙˆØ§Ù†ÙˆØ§ØªÙˆ
     got: ??????? ???????
 ; [cca2=VU].translations.zho.common
Expected: ç“¦åŠªé˜¿å›¾
     got: ????
 ; [cca2=VU].translations.zho.official
Expected: ç“¦åŠªé˜¿å›¾å…±å’Œå›½
     got: ???????
 ; [cca2=FI].currencies.EUR.symbol
Expected: â‚¬
     got: €
 ; [cca2=FI].flag
Expected: ðŸ‡«ðŸ‡®
     got: ??
 ; [cca2=FI].translations.ara.common
Expected: Ù?Ù†Ù„Ù†Ø¯Ø§
     got: ??????
 ; [cca2=FI].translations.ara.official
Expected: Ø¬Ù…Ù‡ÙˆØ±ÙŠØ© Ù?Ù†Ù„Ù†Ø¯Ø§
     got: ??????? ??????
 ; [cca2=FI].translations.ces.official
Expected: FinskÃ¡ republika
     got: Finská republika
 ; [cca2=FI].translations.fra.official
Expected: RÃ©publique de Finlande
     got: République de Finlande
 ; [cca2=FI].translations.hun.common
Expected: FinnorszÃ¡g
     got: Finnország
 ; [cca2=FI].translations.hun.official
Expected: Finn KÃ¶ztÃ¡rsasÃ¡g
     got: Finn Köztársaság
 ; [cca2=FI].translations.jpn.common
Expected: ãƒ•ã‚£ãƒ³ãƒ©ãƒ³ãƒ‰
     got: ??????
 ; [cca2=FI].translations.jpn.official
Expected: ãƒ•ã‚£ãƒ³ãƒ©ãƒ³ãƒ‰å…±å’Œå›½
     got: ?????????
 ; [cca2=FI].translations.kor.common
Expected: í•€ëž€ë“œ
     got: ???
 ; [cca2=FI].translations.kor.official
Expected: í•€ëž€ë“œ ê³µí™”êµ­
     got: ??? ???
 ; [cca2=FI].translations.per.common
Expected: Ù?Ù†Ù„Ø§Ù†Ø¯
     got: ??????
 ; [cca2=FI].translations.per.official
Expected: Ø¬Ù…Ù‡ÙˆØ±ÛŒ Ù?Ù†Ù„Ø§Ù†Ø¯
     got: ?????? ??????
 ; [cca2=FI].translations.por.common
Expected: FinlÃ¢ndia
     got: Finlândia
 ; [cca2=FI].translations.por.official
Expected: RepÃºblica da FinlÃ¢ndia
     got: República da Finlândia
 ; [cca2=FI].translations.rus.common
Expected: Ð¤Ð¸Ð½Ð»Ñ?Ð½Ð´Ð¸Ñ?
     got: ?????????
 ; [cca2=FI].translations.rus.official
Expected: Ð¤Ð¸Ð½Ð»Ñ?Ð½Ð´Ñ?ÐºÐ°Ñ? Ð ÐµÑ?Ð¿ÑƒÐ±Ð»Ð¸ÐºÐ°
     got: ??????????? ??????????
 ; [cca2=FI].translations.slk.common
Expected: FÃ­nsko
     got: Fínsko
 ; [cca2=FI].translations.slk.official
Expected: FÃ­nska republika
     got: Fínska republika
 ; [cca2=FI].translations.spa.official
Expected: RepÃºblica de Finlandia
     got: República de Finlandia
 ; [cca2=FI].translations.srp.common
Expected: Ð¤Ð¸Ð½Ñ?ÐºÐ°
     got: ??????
 ; [cca2=FI].translations.srp.official
Expected: Ð ÐµÐ¿ÑƒÐ±Ð»Ð¸ÐºÐ° Ð¤Ð¸Ð½Ñ?ÐºÐ°
     got: ????????? ??????
 ; [cca2=FI].translations.urd.common
Expected: Ù?Ù† Ù„ÛŒÙ†Úˆ
     got: ?? ????
 ; [cca2=FI].translations.urd.official
Expected: Ø¬Ù…Û?ÙˆØ±ÛŒÛ? Ù?Ù† Ù„ÛŒÙ†Úˆ
     got: ??????? ?? ????
 ; [cca2=FI].translations.zho.common
Expected: èŠ¬å…°
     got: ??
 ; [cca2=FI].translations.zho.official
Expected: èŠ¬å…°å…±å’Œå›½
     got: ?????
 ; [cca2=FJ].altSpellings[]
Expected: FijÄ« Gaá¹‡arÄ?jya
     but none found
 ; [cca2=FJ].altSpellings[]
Unexpected: Fij? Ga?ar?jya
 ; [cca2=FJ].flag
Expected: ðŸ‡«ðŸ‡¯
     got: ??
 ; [cca2=FJ].flags.alt
Expected: The flag of Fiji has a light blue field. It features the flag of the United Kingdom â€” the Union Jack â€” in the canton and the shield of the national coat of arms centered in the fly half.
     got: The flag of Fiji has a light blue field. It features the flag of the United Kingdom — the Union Jack — in the canton and the shield of the national coat of arms centered in the fly half.
 ; [cca2=FJ].name.nativeName.hif.common
Expected: à¤«à¤¿à¤œà¥€
     got: ????
 ; [cca2=FJ].name.nativeName.hif.official
Expected: à¤°à¤¿à¤ªà¤¬à¥?à¤²à¤¿à¤• à¤‘à¤« à¤«à¥€à¤œà¥€
     got: ???????? ?? ????
 ; [cca2=FJ].translations.ara.common
Expected: Ù?ÙŠØ¬ÙŠ
     got: ????
 ; [cca2=FJ].translations.ara.official
Expected: Ø¬Ù…Ù‡ÙˆØ±ÙŠØ© Ø¬Ø²Ø± Ù?ÙŠØ¬ÙŠ
     got: ??????? ??? ????
 ; [cca2=FJ].translations.ces.common
Expected: FidÅ¾i
     got: Fidži
 ; [cca2=FJ].translations.ces.official
Expected: Republika FidÅ¾ijskÃ½ch ostrovÅ¯
     got: Republika Fidžijských ostrov?
 ; [cca2=FJ].translations.est.common
Expected: FidÅ¾i
     got: Fidži
 ; [cca2=FJ].translations.est.official
Expected: FidÅ¾i Vabariik
     got: Fidži Vabariik
 ; [cca2=FJ].translations.fin.common
Expected: FidÅ¾i
     got: Fidži
 ; [cca2=FJ].translations.fin.official
Expected: FidÅ¾in tasavalta
     got: Fidžin tasavalta
 ; [cca2=FJ].translations.fra.official
Expected: RÃ©publique des Fidji
     got: République des Fidji
 ; [cca2=FJ].translations.hrv.common
Expected: FiÄ‘i
     got: Fi?i
 ; [cca2=FJ].translations.hrv.official
Expected: Republika FidÅ¾i
     got: Republika Fidži
 ; [cca2=FJ].translations.hun.official
Expected: Fidzsi-szigeteki KÃ¶ztÃ¡rsasÃ¡g
     got: Fidzsi-szigeteki Köztársaság
 ; [cca2=FJ].translations.jpn.common
Expected: ãƒ•ã‚£ã‚¸ãƒ¼
     got: ????
 ; [cca2=FJ].translations.jpn.official
Expected: ãƒ•ã‚£ã‚¸ãƒ¼å…±å’Œå›½
     got: ???????
 ; [cca2=FJ].translations.kor.common
Expected: í”¼ì§€
     got: ??
 ; [cca2=FJ].translations.kor.official
Expected: í”¼ì§€ ê³µí™”êµ­
     got: ?? ???
 ; [cca2=FJ].translations.per.common
Expected: Ù?ÛŒØ¬ÛŒ
     got: ????
 ; [cca2=FJ].translations.per.official
Expected: Ø¬Ù…Ù‡ÙˆØ±ÛŒ Ø¬Ø²Ø§ÛŒØ± Ù?ÛŒØ¬ÛŒ
     got: ?????? ????? ????
 ; [cca2=FJ].translations.pol.common
Expected: FidÅ¼i
     got: Fid?i
 ; [cca2=FJ].translations.pol.official
Expected: Republika FidÅ¼i
     got: Republika Fid?i
 ; [cca2=FJ].translations.por.official
Expected: RepÃºblica de Fiji
     got: República de Fiji
 ; [cca2=FJ].translations.rus.common
Expected: Ð¤Ð¸Ð´Ð¶Ð¸
     got: ?????
 ; [cca2=FJ].translations.rus.official
Expected: Ð ÐµÑ?Ð¿ÑƒÐ±Ð»Ð¸ÐºÐ° Ð¤Ð¸Ð´Ð¶Ð¸
     got: ?????????? ?????
 ; [cca2=FJ].translations.slk.common
Expected: FiÇ†i
     got: Fi?i
 ; [cca2=FJ].translations.slk.official
Expected: FiÇ†ijskÃ¡ republika
     got: Fi?ijská republika
 ; [cca2=FJ].translations.spa.official
Expected: RepÃºblica de Fiji
     got: República de Fiji
 ; [cca2=FJ].translations.srp.common
Expected: Ð¤Ð¸ÑŸÐ¸
     got: ????
 ; [cca2=FJ].translations.srp.official
Expected: Ð ÐµÐ¿ÑƒÐ±Ð»Ð¸ÐºÐ° Ð¤Ð¸ÑŸÐ¸
     got: ????????? ????
 ; [cca2=FJ].translations.urd.common
Expected: Ù?Ø¬ÛŒ
     got: ???
 ; [cca2=FJ].translations.urd.official
Expected: Ø¬Ù…Û?ÙˆØ±ÛŒÛ? Ù?Ø¬ÛŒ
     got: ??????? ???
 ; [cca2=FJ].translations.zho.common
Expected: æ–?æµŽ
     got: ??
 ; [cca2=FJ].translations.zho.official
Expected: æ–?æµŽå…±å’Œå›½
     got: ?????
 ; [cca2=FK].currencies.FKP.symbol
Expected: Â£
     got: £
 ; [cca2=FK].flag
Expected: ðŸ‡«ðŸ‡°
     got: ??
 ; [cca2=FK].translations.ara.common
Expected: Ø¬Ø²Ø± Ù?ÙˆÙƒÙ„Ø§Ù†Ø¯
     got: ??? ???????
 ; [cca2=FK].translations.ara.official
Expected: Ø¬Ø²Ø± Ù?ÙˆÙƒÙ„Ø§Ù†Ø¯
     got: ??? ???????
 ; [cca2=FK].translations.bre.common
Expected: Inizi MaloÃ¹
     got: Inizi Maloù
 ; [cca2=FK].translations.bre.official
Expected: Inizi MaloÃ¹
     got: Inizi Maloù
 ; [cca2=FK].translations.ces.official
Expected: FalklandskÃ© ostrovy
     got: Falklandské ostrovy
 ; [cca2=FK].translations.fra.common
Expected: ÃŽles Malouines
     got: Îles Malouines
 ; [cca2=FK].translations.fra.official
Expected: ÃŽles Malouines
     got: Îles Malouines
 ; [cca2=FK].translations.jpn.common
Expected: ãƒ•ã‚©ãƒ¼ã‚¯ãƒ©ãƒ³ãƒ‰ï¼ˆãƒžãƒ«ãƒ“ãƒŠã‚¹ï¼‰è«¸å³¶
     got: ????????????????
 ; [cca2=FK].translations.jpn.official
Expected: ãƒ•ã‚©ãƒ¼ã‚¯ãƒ©ãƒ³ãƒ‰
     got: ???????
 ; [cca2=FK].translations.kor.common
Expected: í?¬í?´ëžœë“œ ì œë?„
     got: ???? ??
 ; [cca2=FK].translations.kor.official
Expected: í?¬í?´ëžœë“œ ì œë?„
     got: ???? ??
 ; [cca2=FK].translations.per.common
Expected: Ø¬Ø²Ø§ÛŒØ± Ù?Ø§Ù„Ú©Ù„Ù†Ø¯
     got: ????? ???????
 ; [cca2=FK].translations.per.official
Expected: Ø¬Ø²Ø§ÛŒØ± Ù?Ø§Ù„Ú©Ù„Ù†Ø¯
     got: ????? ???????
 ; [cca2=FK].translations.rus.common
Expected: Ð¤Ð¾Ð»ÐºÐ»ÐµÐ½Ð´Ñ?ÐºÐ¸Ðµ Ð¾Ñ?Ñ‚Ñ€Ð¾Ð²Ð°
     got: ???????????? ???????
 ; [cca2=FK].translations.rus.official
Expected: Ð¤Ð¾Ð»ÐºÐ»ÐµÐ½Ð´Ñ?ÐºÐ¸Ðµ Ð¾Ñ?Ñ‚Ñ€Ð¾Ð²Ð°
     got: ???????????? ???????
 ; [cca2=FK].translations.slk.official
Expected: FalklandskÃ© ostrovy
     got: Falklandské ostrovy
 ; [cca2=FK].translations.srp.common
Expected: Ð¤Ð¾Ð»ÐºÐ»Ð°Ð½Ð´Ð¸
     got: ?????????
 ; [cca2=FK].translations.srp.official
Expected: Ð¤Ð¾Ð»ÐºÐ»Ð°Ð½Ð´Ñ?ÐºÐ° ÐžÑ?Ñ‚Ñ€Ð²Ð°
     got: ??????????? ??????
 ; [cca2=FK].translations.swe.common
Expected: FalklandsÃ¶arna
     got: Falklandsöarna
 ; [cca2=FK].translations.swe.official
Expected: FalklandsÃ¶arna
     got: Falklandsöarna
 ; [cca2=FK].translations.tur.common
Expected: Falkland (Malvina) AdalarÄ±
     got: Falkland (Malvina) Adalar?
 ; [cca2=FK].translations.tur.official
Expected: Falkland (Malvina) AdalarÄ±
     got: Falkland (Malvina) Adalar?
 ; [cca2=FK].translations.urd.common
Expected: Ø¬Ø²Ø§Ø¦Ø± Ù?Ø§Ú©Ù„ÛŒÙ†Úˆ
     got: ????? ???????
 ; [cca2=FK].translations.urd.official
Expected: Ø¬Ø²Ø§Ø¦Ø± Ù?Ø§Ú©Ù„ÛŒÙ†Úˆ
     got: ????? ???????
 ; [cca2=FK].translations.zho.common
Expected: ç¦?å…‹å…°ç¾¤å²›
     got: ?????
 ; [cca2=FK].translations.zho.official
Expected: ç¦?å…‹å…°ç¾¤å²›
     got: ?????
 ; [cca2=FM].demonyms.fra.f
Expected: MicronÃ©sienne
     got: Micronésienne
 ; [cca2=FM].demonyms.fra.m
Expected: MicronÃ©sien
     got: Micronésien
 ; [cca2=FM].flag
Expected: ðŸ‡«ðŸ‡²
     got: ??
 ; [cca2=FM].translations.ara.common
Expected: Ù…ÙŠÙƒØ±ÙˆÙ†ÙŠØ³ÙŠØ§
     got: ??????????
 ; [cca2=FM].translations.ara.official
Expected: ÙˆÙ„Ø§ÙŠØ§Øª Ù…ÙŠÙƒØ±ÙˆÙ†ÙŠØ³ÙŠØ§ Ø§Ù„Ù…ØªØ­Ø¯Ø©
     got: ?????? ?????????? ???????
 ; [cca2=FM].translations.bre.official
Expected: StadoÃ¹ Kevreet Mikronezia
     got: Stadoù Kevreet Mikronezia
 ; [cca2=FM].translations.ces.common
Expected: MikronÃ©sie
     got: Mikronésie
 ; [cca2=FM].translations.ces.official
Expected: FederativnÃ­ stÃ¡ty MikronÃ©sie
     got: Federativní státy Mikronésie
 ; [cca2=FM].translations.deu.official
Expected: FÃ¶derierte Staaten von Mikronesien
     got: Föderierte Staaten von Mikronesien
 ; [cca2=FM].translations.fra.common
Expected: MicronÃ©sie
     got: Micronésie
 ; [cca2=FM].translations.fra.official
Expected: Ã‰tats fÃ©dÃ©rÃ©s de MicronÃ©sie
     got: États fédérés de Micronésie
 ; [cca2=FM].translations.hrv.official
Expected: Savezne DrÅ¾ave Mikronezije
     got: Savezne Države Mikronezije
 ; [cca2=FM].translations.hun.common
Expected: MikronÃ©ziai SzÃ¶vetsÃ©gi Ã?llamok
     got: Mikronéziai Szövetségi Államok
 ; [cca2=FM].translations.hun.official
Expected: MikronÃ©ziai SzÃ¶vetsÃ©gi Ã?llamok
     got: Mikronéziai Szövetségi Államok
 ; [cca2=FM].translations.jpn.common
Expected: ãƒŸã‚¯ãƒ­ãƒ?ã‚·ã‚¢é€£é‚¦
     got: ????????
 ; [cca2=FM].translations.jpn.official
Expected: ãƒŸã‚¯ãƒ­ãƒ?ã‚·ã‚¢é€£é‚¦
     got: ????????
 ; [cca2=FM].translations.kor.common
Expected: ë¯¸í?¬ë¡œë„¤ì‹œì•„
     got: ??????
 ; [cca2=FM].translations.kor.official
Expected: ë¯¸í?¬ë¡œë„¤ì‹œì•„ ì—°ë°©
     got: ?????? ??
 ; [cca2=FM].translations.nld.common
Expected: MicronesiÃ«
     got: Micronesië
 ; [cca2=FM].translations.per.common
Expected: Ù…ÛŒÚ©Ø±ÙˆÙ†Ø²ÛŒ
     got: ????????
 ; [cca2=FM].translations.per.official
Expected: Ø§ÛŒØ§Ù„Ø§Øª Ù?Ø¯Ø±Ø§Ù„ Ù…ÛŒÚ©Ø±ÙˆÙ†Ø²ÛŒ
     got: ?????? ????? ????????
 ; [cca2=FM].translations.por.common
Expected: MicronÃ©sia
     got: Micronésia
 ; [cca2=FM].translations.por.official
Expected: Estados Federados da MicronÃ©sia
     got: Estados Federados da Micronésia
 ; [cca2=FM].translations.rus.common
Expected: Ð¤ÐµÐ´ÐµÑ€Ð°Ñ‚Ð¸Ð²Ð½Ñ‹Ðµ Ð¨Ñ‚Ð°Ñ‚Ñ‹ ÐœÐ¸ÐºÑ€Ð¾Ð½ÐµÐ·Ð¸Ð¸
     got: ???????????? ????? ??????????
 ; [cca2=FM].translations.rus.official
Expected: Ð¤ÐµÐ´ÐµÑ€Ð°Ñ‚Ð¸Ð²Ð½Ñ‹Ðµ Ð¨Ñ‚Ð°Ñ‚Ñ‹ ÐœÐ¸ÐºÑ€Ð¾Ð½ÐµÐ·Ð¸Ð¸
     got: ???????????? ????? ??????????
 ; [cca2=FM].translations.slk.common
Expected: MikronÃ©zia
     got: Mikronézia
 ; [cca2=FM].translations.slk.official
Expected: MikronÃ©zske federatÃ­vne Å¡tÃ¡ty
     got: Mikronézske federatívne štáty
 ; [cca2=FM].translations.srp.common
Expected: ÐœÐ¸ÐºÑ€Ð¾Ð½ÐµÐ·Ð¸Ñ˜Ð°
     got: ???????????
 ; [cca2=FM].translations.srp.official
Expected: Ð¡Ð°Ð²ÐµÐ· Ð”Ñ€Ð¶Ð°Ð²Ð° ÐœÐ¸ÐºÑ€Ð¾Ð½ÐµÐ·Ð¸Ñ˜Ðµ
     got: ????? ?????? ???????????
 ; [cca2=FM].translations.urd.common
Expected: Ù…Ø§Ø¦Ú©Ø±ÙˆÙ†ÛŒØ´ÛŒØ§
     got: ???????????
 ; [cca2=FM].translations.urd.official
Expected: Ø±ÛŒØ§Ø³ØªÛ?Ø§Ø¦Û’ ÙˆÙ?Ø§Ù‚ÛŒÛ? Ù…Ø§Ø¦Ú©Ø±ÙˆÙ†ÛŒØ´ÛŒØ§
     got: ????????? ?????? ???????????
 ; [cca2=FM].translations.zho.common
Expected: å¯†å…‹ç½—å°¼è¥¿äºš
     got: ??????
 ; [cca2=FM].translations.zho.official
Expected: å¯†å…‹ç½—å°¼è¥¿äºšè?”é‚¦
     got: ????????
 ; [cca2=FO].altSpellings[]
Expected: FÃ¦rÃ¸erne
     but none found
 ; [cca2=FO].altSpellings[]
Expected: FÃ¸royar
     but none found
 ; [cca2=FO].altSpellings[]
Unexpected: Færøerne
 ; [cca2=FO].altSpellings[]
Unexpected: Føroyar
 ; [cca2=FO].capital[]
Expected: TÃ³rshavn
     but none found
 ; [cca2=FO].capital[]
Unexpected: Tórshavn
 ; [cca2=FO].currencies.FOK.name
Expected: Faroese krÃ³na
     got: Faroese króna
 ; [cca2=FO].demonyms.fra.f
Expected: FÃ©roÃ¯enne
     got: Féroïenne
 ; [cca2=FO].demonyms.fra.m
Expected: FÃ©roÃ¯en
     got: Féroïen
 ; [cca2=FO].flag
Expected: ðŸ‡«ðŸ‡´
     got: ??
 ; [cca2=FO].name.nativeName.dan.common
Expected: FÃ¦rÃ¸erne
     got: Færøerne
 ; [cca2=FO].name.nativeName.dan.official
Expected: FÃ¦rÃ¸erne
     got: Færøerne
 ; [cca2=FO].name.nativeName.fao.common
Expected: FÃ¸royar
     got: Føroyar
 ; [cca2=FO].name.nativeName.fao.official
Expected: FÃ¸royar
     got: Føroyar
 ; [cca2=FO].translations.ara.common
Expected: Ø¬Ø²Ø± Ù?Ø§Ø±Ùˆ
     got: ??? ????
 ; [cca2=FO].translations.ara.official
Expected: Ø¬Ø²Ø± Ù?Ø§Ø±Ùˆ
     got: ??? ????
 ; [cca2=FO].translations.ces.common
Expected: FaerskÃ© ostrovy
     got: Faerské ostrovy
 ; [cca2=FO].translations.ces.official
Expected: FaerskÃ© ostrovy
     got: Faerské ostrovy
 ; [cca2=FO].translations.deu.common
Expected: FÃ¤rÃ¶er-Inseln
     got: Färöer-Inseln
 ; [cca2=FO].translations.deu.official
Expected: FÃ¤rÃ¶er
     got: Färöer
 ; [cca2=FO].translations.est.common
Expected: FÃ¤Ã¤ri saared
     got: Fääri saared
 ; [cca2=FO].translations.est.official
Expected: FÃ¤Ã¤ri saared
     got: Fääri saared
 ; [cca2=FO].translations.fin.common
Expected: FÃ¤rsaaret
     got: Färsaaret
 ; [cca2=FO].translations.fin.official
Expected: FÃ¤rsaaret
     got: Färsaaret
 ; [cca2=FO].translations.fra.common
Expected: ÃŽles FÃ©roÃ©
     got: Îles Féroé
 ; [cca2=FO].translations.fra.official
Expected: ÃŽles FÃ©roÃ©
     got: Îles Féroé
 ; [cca2=FO].translations.hun.common
Expected: FerÃ¶er
     got: Feröer
 ; [cca2=FO].translations.hun.official
Expected: FerÃ¶er
     got: Feröer
 ; [cca2=FO].translations.jpn.common
Expected: ãƒ•ã‚§ãƒ­ãƒ¼è«¸å³¶
     got: ??????
 ; [cca2=FO].translations.jpn.official
Expected: ãƒ•ã‚§ãƒ­ãƒ¼è«¸å³¶
     got: ??????
 ; [cca2=FO].translations.kor.common
Expected: íŽ˜ë¡œ ì œë?„
     got: ?? ??
 ; [cca2=FO].translations.kor.official
Expected: íŽ˜ë¡œ ì œë?„
     got: ?? ??
 ; [cca2=FO].translations.nld.common
Expected: FaerÃ¶er
     got: Faeröer
 ; [cca2=FO].translations.nld.official
Expected: FaerÃ¶er
     got: Faeröer
 ; [cca2=FO].translations.per.common
Expected: Ø¬Ø²Ø§ÛŒØ± Ù?Ø§Ø±ÙˆØ¦Ù‡
     got: ????? ??????
 ; [cca2=FO].translations.per.official
Expected: Ø¬Ø²Ø§ÛŒØ± Ù?Ø§Ø±ÙˆØ¦Ù‡
     got: ????? ??????
 ; [cca2=FO].translations.por.common
Expected: Ilhas FaroÃ©
     got: Ilhas Faroé
 ; [cca2=FO].translations.rus.common
Expected: Ð¤Ð°Ñ€ÐµÑ€Ñ?ÐºÐ¸Ðµ Ð¾Ñ?Ñ‚Ñ€Ð¾Ð²Ð°
     got: ????????? ???????
 ; [cca2=FO].translations.rus.official
Expected: Ð¤Ð°Ñ€ÐµÑ€Ñ?ÐºÐ¸Ðµ Ð¾Ñ?Ñ‚Ñ€Ð¾Ð²Ð°
     got: ????????? ???????
 ; [cca2=FO].translations.slk.common
Expected: FaerskÃ© ostrovy
     got: Faerské ostrovy
 ; [cca2=FO].translations.slk.official
Expected: FaerskÃ© ostrovy
     got: Faerské ostrovy
 ; [cca2=FO].translations.srp.common
Expected: Ð¤Ð°Ñ€Ñ?ÐºÐ° Ð¾Ñ?Ñ‚Ñ€Ð²Ð°
     got: ?????? ??????
 ; [cca2=FO].translations.srp.official
Expected: Ð¤Ð°Ñ€Ñ?ÐºÐ° Ð¾Ñ?Ñ‚Ñ€Ð²Ð°
     got: ?????? ??????
 ; [cca2=FO].translations.swe.common
Expected: FÃ¤rÃ¶arna
     got: Färöarna
 ; [cca2=FO].translations.swe.official
Expected: FÃ¤rÃ¶arna
     got: Färöarna
 ; [cca2=FO].translations.tur.common
Expected: Faroe AdalarÄ±
     got: Faroe Adalar?
 ; [cca2=FO].translations.tur.official
Expected: Faroe AdalarÄ±
     got: Faroe Adalar?
 ; [cca2=FO].translations.urd.common
Expected: Ø¬Ø²Ø§Ø¦Ø± Ù?Ø§Ø±Ùˆ
     got: ????? ????
 ; [cca2=FO].translations.urd.official
Expected: Ø¬Ø²Ø§Ø¦Ø± Ù?Ø§Ø±Ùˆ
     got: ????? ????
 ; [cca2=FO].translations.zho.common
Expected: æ³•ç½—ç¾¤å²›
     got: ????
 ; [cca2=FO].translations.zho.official
Expected: æ³•ç½—ç¾¤å²›
     got: ????
 ; [cca2=FR].altSpellings[]
Expected: RÃ©publique franÃ§aise
     but none found
 ; [cca2=FR].altSpellings[]
Unexpected: République française
 ; [cca2=FR].currencies.EUR.symbol
Expected: â‚¬
     got: €
 ; [cca2=FR].demonyms.fra.f
Expected: FranÃ§aise
     got: Française
 ; [cca2=FR].demonyms.fra.m
Expected: FranÃ§ais
     got: Français
 ; [cca2=FR].flag
Expected: ðŸ‡«ðŸ‡·
     got: ??
 ; [cca2=FR].name.nativeName.fra.official
Expected: RÃ©publique franÃ§aise
     got: République française
 ; [cca2=FR].translations.ara.common
Expected: Ù?Ø±Ù†Ø³Ø§
     got: ?????
 ; [cca2=FR].translations.ara.official
Expected: Ø§Ù„Ø¬Ù…Ù‡ÙˆØ±ÙŠØ© Ø§Ù„Ù?Ø±Ù†Ø³ÙŠØ©
     got: ????????? ????????
 ; [cca2=FR].translations.bre.common
Expected: FraÃ±s
     got: Frañs
 ; [cca2=FR].translations.bre.official
Expected: Republik FraÃ±s
     got: Republik Frañs
 ; [cca2=FR].translations.ces.official
Expected: FrancouzskÃ¡ republika
     got: Francouzská republika
 ; [cca2=FR].translations.deu.official
Expected: FranzÃ¶sische Republik
     got: Französische Republik
 ; [cca2=FR].translations.fra.official
Expected: RÃ©publique franÃ§aise
     got: République française
 ; [cca2=FR].translations.hun.common
Expected: FranciaorszÃ¡g
     got: Franciaország
 ; [cca2=FR].translations.hun.official
Expected: Francia KÃ¶ztÃ¡rsasÃ¡g
     got: Francia Köztársaság
 ; [cca2=FR].translations.jpn.common
Expected: ãƒ•ãƒ©ãƒ³ã‚¹
     got: ????
 ; [cca2=FR].translations.jpn.official
Expected: ãƒ•ãƒ©ãƒ³ã‚¹å…±å’Œå›½
     got: ???????
 ; [cca2=FR].translations.kor.common
Expected: í”„ëž‘ìŠ¤
     got: ???
 ; [cca2=FR].translations.kor.official
Expected: í”„ëž‘ìŠ¤ ê³µí™”êµ­
     got: ??? ???
 ; [cca2=FR].translations.per.common
Expected: Ù?Ø±Ø§Ù†Ø³Ù‡
     got: ??????
 ; [cca2=FR].translations.per.official
Expected: Ø¬Ù…Ù‡ÙˆØ±ÛŒ Ù?Ø±Ø§Ù†Ø³Ù‡
     got: ?????? ??????
 ; [cca2=FR].translations.por.common
Expected: FranÃ§a
     got: França
 ; [cca2=FR].translations.por.official
Expected: RepÃºblica Francesa
     got: República Francesa
 ; [cca2=FR].translations.rus.common
Expected: Ð¤Ñ€Ð°Ð½Ñ†Ð¸Ñ?
     got: ???????
 ; [cca2=FR].translations.rus.official
Expected: Ð¤Ñ€Ð°Ð½Ñ†ÑƒÐ·Ñ?ÐºÐ°Ñ? Ð ÐµÑ?Ð¿ÑƒÐ±Ð»Ð¸ÐºÐ°
     got: ??????????? ??????????
 ; [cca2=FR].translations.slk.common
Expected: FrancÃºzsko
     got: Francúzsko
 ; [cca2=FR].translations.slk.official
Expected: FrancÃºzska republika
     got: Francúzska republika
 ; [cca2=FR].translations.spa.official
Expected: RepÃºblica francÃ©s
     got: República francés
 ; [cca2=FR].translations.srp.common
Expected: Ð¤Ñ€Ð°Ð½Ñ†ÑƒÑ?ÐºÐ°
     got: ?????????
 ; [cca2=FR].translations.srp.official
Expected: Ð¤Ñ€Ð°Ð½Ñ†ÑƒÑ?ÐºÐ° Ð ÐµÐ¿ÑƒÐ±Ð»Ð¸ÐºÐ°
     got: ????????? ?????????
 ; [cca2=FR].translations.urd.common
Expected: Ù?Ø±Ø§Ù†Ø³
     got: ?????
 ; [cca2=FR].translations.urd.official
Expected: Ø¬Ù…Û?ÙˆØ±ÛŒÛ? Ù?Ø±Ø§Ù†Ø³
     got: ??????? ?????
 ; [cca2=FR].translations.zho.common
Expected: æ³•å›½
     got: ??
 ; [cca2=FR].translations.zho.official
Expected: æ³•å…°è¥¿å…±å’Œå›½
     got: ??????
 ; [cca2=WF].altSpellings[]
Expected: Territoire des Ã®les Wallis et Futuna
     but none found
 ; [cca2=WF].altSpellings[]
Unexpected: Territoire des îles Wallis et Futuna
 ; [cca2=WF].currencies.XPF.symbol
Expected: â‚£
     got: ?
 ; [cca2=WF].flag
Expected: ðŸ‡¼ðŸ‡«
     got: ??
 ; [cca2=WF].name.nativeName.fra.official
Expected: Territoire des Ã®les Wallis et Futuna
     got: Territoire des îles Wallis et Futuna
 ; [cca2=WF].translations.ara.common
Expected: ÙˆØ§Ù„ÙŠØ³ ÙˆÙ?ÙˆØªÙˆÙ†Ø§
     got: ????? ???????
 ; [cca2=WF].translations.ara.official
Expected: Ø¥Ù‚Ù„ÙŠÙ… Ø¬Ø²Ø± ÙˆØ§Ù„ÙŠØ³ ÙˆÙ?ÙˆØªÙˆÙ†Ø§
     got: ????? ??? ????? ???????
 ; [cca2=WF].translations.ces.official
Expected: Teritorium ostrovÅ¯ Wallis a Futuna
     got: Teritorium ostrov? Wallis a Futuna
 ; [cca2=WF].translations.fin.official
Expected: Wallisin ja Futunan yhteisÃ¶
     got: Wallisin ja Futunan yhteisö
 ; [cca2=WF].translations.fra.official
Expected: Territoire des Ã®les Wallis et Futuna
     got: Territoire des îles Wallis et Futuna
 ; [cca2=WF].translations.hun.common
Expected: Wallis Ã©s Futuna
     got: Wallis és Futuna
 ; [cca2=WF].translations.hun.official
Expected: Wallis Ã©s Futuna
     got: Wallis és Futuna
 ; [cca2=WF].translations.jpn.common
Expected: ã‚¦ã‚©ãƒªã‚¹ãƒ»ãƒ•ãƒ„ãƒŠ
     got: ????????
 ; [cca2=WF].translations.jpn.official
Expected: ã‚¦ã‚©ãƒªã‚¹Â·ãƒ•ãƒ„ãƒŠè«¸å³¶ã?®é ˜åœŸ
     got: ????·????????
 ; [cca2=WF].translations.kor.common
Expected: ì™ˆë¦¬ìŠ¤ í“ŒíŠ€ë‚˜
     got: ??? ???
 ; [cca2=WF].translations.kor.official
Expected: ì™ˆë¦¬ìŠ¤ í“ŒíŠ€ë‚˜
     got: ??? ???
 ; [cca2=WF].translations.per.common
Expected: ÙˆØ§Ù„ÛŒØ³ Ùˆ Ù?ÙˆØªÙˆÙ†Ø§
     got: ????? ? ??????
 ; [cca2=WF].translations.per.official
Expected: Ø¬Ø²Ø§ÛŒØ± ÙˆØ§Ù„ÛŒØ³ Ùˆ Ù?ÙˆØªÙˆÙ†Ø§
     got: ????? ????? ? ??????
 ; [cca2=WF].translations.por.official
Expected: TerritÃ³rio das Ilhas Wallis e Futuna
     got: Território das Ilhas Wallis e Futuna
 ; [cca2=WF].translations.rus.common
Expected: Ð£Ð¾Ð»Ð»Ð¸Ñ? Ð¸ Ð¤ÑƒÑ‚ÑƒÐ½Ð°
     got: ?????? ? ??????
 ; [cca2=WF].translations.rus.official
Expected: Ð¢ÐµÑ€Ñ€Ð¸Ñ‚Ð¾Ñ€Ð¸Ñ? Ð£Ð¾Ð»Ð»Ð¸Ñ? Ð¸ Ð¤ÑƒÑ‚ÑƒÐ½Ð° Ð¾Ñ?Ñ‚Ñ€Ð¾Ð²Ð°
     got: ?????????? ?????? ? ?????? ???????
 ; [cca2=WF].translations.slk.official
Expected: TeritÃ³rium ostrovov Wallis a Futuna
     got: Teritórium ostrovov Wallis a Futuna
 ; [cca2=WF].translations.srp.common
Expected: Ð’Ð°Ð»Ð¸Ñ? Ð¸ Ð¤ÑƒÑ‚ÑƒÐ½Ð°
     got: ????? ? ??????
 ; [cca2=WF].translations.srp.official
Expected: Ð¢ÐµÑ€Ð¸Ñ‚Ð¾Ñ€Ð¸Ñ˜Ð° Ð´Ñ€Ð¶Ð°Ð²Ðµ Ð’Ð°Ð»Ð¸Ñ? Ð¸ Ð¤ÑƒÑ‚ÑƒÐ½Ð°
     got: ?????????? ?????? ????? ? ??????
 ; [cca2=WF].translations.swe.common
Expected: Wallis- och FutunaÃ¶arna
     got: Wallis- och Futunaöarna
 ; [cca2=WF].translations.swe.official
Expected: Territoriet Wallis- och FutunaÃ¶arna
     got: Territoriet Wallis- och Futunaöarna
 ; [cca2=WF].translations.tur.common
Expected: Wallis ve Futuna AdalarÄ± BÃ¶lgesi
     got: Wallis ve Futuna Adalar? Bölgesi
 ; [cca2=WF].translations.tur.official
Expected: Wallis ve Futuna AdalarÄ± BÃ¶lgesi
     got: Wallis ve Futuna Adalar? Bölgesi
 ; [cca2=WF].translations.urd.common
Expected: ÙˆØ§Ù„Ø³ Ùˆ Ù?ØªÙˆÙ†Û?
     got: ???? ? ?????
 ; [cca2=WF].translations.urd.official
Expected: Ø³Ø± Ø²Ù…ÛŒÙ†Ù? ÙˆØ§Ù„Ø³ Ùˆ Ù?ØªÙˆÙ†Û? Ø¬Ø²Ø§Ø¦Ø±
     got: ?? ????? ???? ? ????? ?????
 ; [cca2=WF].translations.zho.common
Expected: ç“¦åˆ©æ–¯å’Œå¯Œå›¾çº³ç¾¤å²›
     got: ?????????
 ; [cca2=WF].translations.zho.official
Expected: ç“¦åˆ©æ–¯å’Œå¯Œå›¾çº³ç¾¤å²›
     got: ?????????
 ; [cca2=GA].altSpellings[]
Expected: RÃ©publique Gabonaise
     but none found
 ; [cca2=GA].altSpellings[]
Unexpected: République Gabonaise
 ; [cca2=GA].flag
Expected: ðŸ‡¬ðŸ‡¦
     got: ??
 ; [cca2=GA].name.nativeName.fra.official
Expected: RÃ©publique gabonaise
     got: République gabonaise
 ; [cca2=GA].translations.ara.common
Expected: Ø§Ù„ØºØ§Ø¨ÙˆÙ†
     got: ???????
 ; [cca2=GA].translations.ara.official
Expected: Ø¬Ù…Ù‡ÙˆØ±ÙŠØ© Ø§Ù„ØºØ§Ø¨ÙˆÙ†
     got: ??????? ???????
 ; [cca2=GA].translations.ces.official
Expected: GabonskÃ¡ republika
     got: Gabonská republika
 ; [cca2=GA].translations.fra.official
Expected: RÃ©publique gabonaise
     got: République gabonaise
 ; [cca2=GA].translations.hun.official
Expected: Gaboni KÃ¶ztÃ¡rsasÃ¡g
     got: Gaboni Köztársaság
 ; [cca2=GA].translations.jpn.common
Expected: ã‚¬ãƒœãƒ³
     got: ???
 ; [cca2=GA].translations.jpn.official
Expected: ã‚¬ãƒœãƒ³å…±å’Œå›½
     got: ??????
 ; [cca2=GA].translations.kor.common
Expected: ê°€ë´‰
     got: ??
 ; [cca2=GA].translations.kor.official
Expected: ê°€ë´‰ ê³µí™”êµ­
     got: ?? ???
 ; [cca2=GA].translations.per.common
Expected: Ú¯Ø§Ø¨Ù†
     got: ????
 ; [cca2=GA].translations.per.official
Expected: Ø¬Ù…Ù‡ÙˆØ±ÛŒ Ú¯Ø§Ø¨Ù?Ù†
     got: ?????? ?????
 ; [cca2=GA].translations.pol.official
Expected: Republika GaboÅ„ska
     got: Republika Gabo?ska
 ; [cca2=GA].translations.por.common
Expected: GabÃ£o
     got: Gabão
 ; [cca2=GA].translations.por.official
Expected: RepÃºblica do GabÃ£o
     got: República do Gabão
 ; [cca2=GA].translations.rus.common
Expected: Ð“Ð°Ð±Ð¾Ð½
     got: ?????
 ; [cca2=GA].translations.rus.official
Expected: Ð“Ð°Ð±Ð¾Ð½Ð° Ð ÐµÑ?Ð¿ÑƒÐ±Ð»Ð¸ÐºÐ°
     got: ?????? ??????????
 ; [cca2=GA].translations.slk.official
Expected: GabonskÃ¡ republika
     got: Gabonská republika
 ; [cca2=GA].translations.spa.common
Expected: GabÃ³n
     got: Gabón
 ; [cca2=GA].translations.spa.official
Expected: RepÃºblica de GabÃ³n
     got: República de Gabón
 ; [cca2=GA].translations.srp.common
Expected: Ð“Ð°Ð±Ð¾Ð½
     got: ?????
 ; [cca2=GA].translations.srp.official
Expected: Ð“Ð°Ð±Ð¾Ð½Ñ?ÐºÐ° Ð ÐµÐ¿ÑƒÐ±Ð»Ð¸ÐºÐ°
     got: ???????? ?????????
 ; [cca2=GA].translations.urd.common
Expected: Ú¯ÛŒØ¨ÙˆÙ†
     got: ?????
 ; [cca2=GA].translations.urd.official
Expected: Ø¬Ù…Û?ÙˆØ±ÛŒÛ? Ú¯ÛŒØ¨ÙˆÙ†
     got: ??????? ?????
 ; [cca2=GA].translations.zho.common
Expected: åŠ è“¬
     got: ??
 ; [cca2=GA].translations.zho.official
Expected: åŠ è“¬å…±å’Œå›½
     got: ?????
 ; [cca2=GB].currencies.GBP.symbol
Expected: Â£
     got: £
 ; [cca2=GB].flag
Expected: ðŸ‡¬ðŸ‡§
     got: ??
 ; [cca2=GB].flags.alt
Expected: The flag of the United Kingdom â€” the Union Jack â€” has a blue field. It features the white-edged red cross of Saint George superimposed on the diagonal red cross of Saint Patrick which is superimposed on the diagonal white cross of Saint Andrew.
     got: The flag of the United Kingdom — the Union Jack — has a blue field. It features the white-edged red cross of Saint George superimposed on the diagonal red cross of Saint Patrick which is superimposed on the diagonal white cross of Saint Andrew.
 ; [cca2=GB].translations.ara.common
Expected: Ø§Ù„Ù…Ù…Ù„ÙƒØ© Ø§Ù„Ù…ØªØ­Ø¯Ø©
     got: ??????? ???????
 ; [cca2=GB].translations.ara.official
Expected: Ø§Ù„Ù…Ù…Ù„ÙƒØ© Ø§Ù„Ù…ØªØ­Ø¯Ø© Ù„Ø¨Ø±ÙŠØ·Ø§Ù†ÙŠØ§ Ø§Ù„Ø¹Ø¸Ù…Ù‰ ÙˆØ§ÙŠØ±Ù„Ù†Ø¯Ø§ Ø§Ù„Ø´Ù…Ø§Ù„ÙŠØ©
     got: ??????? ??????? ????????? ?????? ???????? ????????
 ; [cca2=GB].translations.ces.common
Expected: SpojenÃ© krÃ¡lovstvÃ­
     got: Spojené království
 ; [cca2=GB].translations.ces.official
Expected: SpojenÃ© krÃ¡lovstvÃ­ VelkÃ© BritÃ¡nie a SevernÃ­ho Irska
     got: Spojené království Velké Británie a Severního Irska
 ; [cca2=GB].translations.deu.common
Expected: Vereinigtes KÃ¶nigreich
     got: Vereinigtes Königreich
 ; [cca2=GB].translations.deu.official
Expected: Vereinigtes KÃ¶nigreich GroÃŸbritannien und Nordirland
     got: Vereinigtes Königreich Großbritannien und Nordirland
 ; [cca2=GB].translations.est.official
Expected: Suurbritannia ja PÃµhja-Iiri Ãœhendkuningriik
     got: Suurbritannia ja Põhja-Iiri Ühendkuningriik
 ; [cca2=GB].translations.hun.common
Expected: EgyesÃ¼lt KirÃ¡lysÃ¡g
     got: Egyesült Királyság
 ; [cca2=GB].translations.hun.official
Expected: Nagy-Britannia Ã©s Ã‰szak-Ã?rorszÃ¡g EgyesÃ¼lt KirÃ¡lysÃ¡ga
     got: Nagy-Britannia és Észak-Írország Egyesült Királysága
 ; [cca2=GB].translations.jpn.common
Expected: ã‚¤ã‚®ãƒªã‚¹
     got: ????
 ; [cca2=GB].translations.jpn.official
Expected: ã‚°ãƒ¬ãƒ¼ãƒˆÂ·ãƒ–ãƒªãƒ†ãƒ³ã?Šã‚ˆã?³åŒ—ã‚¢ã‚¤ãƒ«ãƒ©ãƒ³ãƒ‰é€£å?ˆçŽ‹å›½
     got: ????·??????????????????
 ; [cca2=GB].translations.kor.common
Expected: ì˜?êµ­
     got: ??
 ; [cca2=GB].translations.kor.official
Expected: ê·¸ë ˆì?´íŠ¸ë¸Œë¦¬íŠ¼ ë¶?ì•„ì?¼ëžœë“œ ì—°í•© ì™•êµ­
     got: ??????? ????? ?? ??
 ; [cca2=GB].translations.nld.official
Expected: Verenigd Koninkrijk van Groot-BrittanniÃ« en Noord-Ierland
     got: Verenigd Koninkrijk van Groot-Brittannië en Noord-Ierland
 ; [cca2=GB].translations.per.common
Expected: Ø§Ù†Ú¯Ù„ÛŒØ³
     got: ??????
 ; [cca2=GB].translations.per.official
Expected: Ù¾Ø§Ø¯Ø´Ø§Ù‡ÛŒ Ù…ØªØ­Ø¯ Ø¨Ø±ÛŒØªØ§Ù†ÛŒØ§ÛŒ Ú©Ø¨ÛŒØ± Ùˆ Ø§ÛŒØ±Ù„Ù†Ø¯ Ø´Ù…Ø§Ù„ÛŒ
     got: ??????? ???? ????????? ???? ? ?????? ?????
 ; [cca2=GB].translations.pol.common
Expected: Zjednoczone KrÃ³lestwo
     got: Zjednoczone Królestwo
 ; [cca2=GB].translations.pol.official
Expected: Zjednoczone KrÃ³lestwo Wielkiej Brytanii i Irlandii PÃ³Å‚nocnej
     got: Zjednoczone Królestwo Wielkiej Brytanii i Irlandii Pó?nocnej
 ; [cca2=GB].translations.por.official
Expected: Reino Unido da GrÃ£-Bretanha e Irlanda do Norte
     got: Reino Unido da Grã-Bretanha e Irlanda do Norte
 ; [cca2=GB].translations.rus.common
Expected: Ð’ÐµÐ»Ð¸ÐºÐ¾Ð±Ñ€Ð¸Ñ‚Ð°Ð½Ð¸Ñ?
     got: ??????????????
 ; [cca2=GB].translations.rus.official
Expected: Ð¡Ð¾ÐµÐ´Ð¸Ð½ÐµÐ½Ð½Ð¾Ðµ ÐšÐ¾Ñ€Ð¾Ð»ÐµÐ²Ñ?Ñ‚Ð²Ð¾ Ð’ÐµÐ»Ð¸ÐºÐ¾Ð±Ñ€Ð¸Ñ‚Ð°Ð½Ð¸Ð¸ Ð¸ Ð¡ÐµÐ²ÐµÑ€Ð½Ð¾Ð¹ Ð˜Ñ€Ð»Ð°Ð½Ð´Ð¸Ð¸
     got: ??????????? ??????????? ?????????????? ? ???????? ????????
 ; [cca2=GB].translations.slk.common
Expected: VeÄ¾kÃ¡ BritÃ¡nia (SpojenÃ© krÃ¡Ä¾ovstvo)
     got: Ve?ká Británia (Spojené krá?ovstvo)
 ; [cca2=GB].translations.slk.official
Expected: SpojenÃ© krÃ¡Ä¾ovstvo VeÄ¾kej BritÃ¡nie a SevernÃ©hoÃŒrska
     got: Spojené krá?ovstvo Ve?kej Británie a SevernéhoÌrska
 ; [cca2=GB].translations.spa.official
Expected: Reino Unido de Gran BretaÃ±a e Irlanda del Norte
     got: Reino Unido de Gran Bretaña e Irlanda del Norte
 ; [cca2=GB].translations.srp.common
Expected: Ð£Ñ˜ÐµÐ´Ð¸ÑšÐµÐ½Ð¾ ÐšÑ€Ð°Ñ™ÐµÐ²Ñ?Ñ‚Ð²Ð¾
     got: ????????? ??????????
 ; [cca2=GB].translations.srp.official
Expected: Ð£Ñ˜ÐµÐ´Ð¸ÑšÐµÐ½Ð¾ ÐšÑ€Ð°Ñ™ÐµÐ²Ñ?Ñ‚Ð²Ð¾ Ð’ÐµÐ»Ð¸ÐºÐµ Ð‘Ñ€Ð¸Ñ‚Ð°Ð½Ð¸Ñ˜Ðµ Ð¸ Ð¡ÐµÐ²ÐµÑ€Ð½Ðµ Ð˜Ñ€Ñ?ÐºÐµ
     got: ????????? ?????????? ?????? ????????? ? ??????? ?????
 ; [cca2=GB].translations.swe.official
Expected: FÃ¶renade konungariket Storbritannien och Nordirland
     got: Förenade konungariket Storbritannien och Nordirland
 ; [cca2=GB].translations.tur.common
Expected: BirleÅŸik KrallÄ±k
     got: Birle?ik Krall?k
 ; [cca2=GB].translations.tur.official
Expected: BÃ¼yÃ¼k Britanya ve Kuzey Ä°rlanda BirleÅŸik KrallÄ±ÄŸÄ±
     got: Büyük Britanya ve Kuzey ?rlanda Birle?ik Krall???
 ; [cca2=GB].translations.urd.common
Expected: Ù…Ù…Ù„Ú©ØªÙ? Ù…ØªØ­Ø¯Û?
     got: ?????? ?????
 ; [cca2=GB].translations.urd.official
Expected: Ù…Ù…Ù„Ú©ØªÙ? Ù…ØªØ­Ø¯Û? Ø¨Ø±Ø·Ø§Ù†ÛŒÛ? Ø¹Ø¸Ù…ÛŒ Ùˆ Ø´Ù…Ø§Ù„ÛŒ Ø¢Ø¦Ø±Ù„ÛŒÙ†Úˆ
     got: ?????? ????? ??????? ???? ? ????? ???????
 ; [cca2=GB].translations.zho.common
Expected: è‹±å›½
     got: ??
 ; [cca2=GB].translations.zho.official
Expected: å¤§ä¸?åˆ—é¢ å?ŠåŒ—çˆ±å°”å…°è?”å?ˆçŽ‹å›½
     got: ?????????????
 ; [cca2=WS].altSpellings[]
Expected: Malo SaÊ»oloto TutoÊ»atasi o SÄ?moa
     but none found
 ; [cca2=WS].altSpellings[]
Unexpected: Malo Sa?oloto Tuto?atasi o S?moa
 ; [cca2=WS].currencies.WST.name
Expected: Samoan tÄ?lÄ?
     got: Samoan t?l?
 ; [cca2=WS].flag
Expected: ðŸ‡¼ðŸ‡¸
     got: ??
 ; [cca2=WS].name.nativeName.smo.common
Expected: SÄ?moa
     got: S?moa
 ; [cca2=WS].name.nativeName.smo.official
Expected: Malo SaÊ»oloto TutoÊ»atasi o SÄ?moa
     got: Malo Sa?oloto Tuto?atasi o S?moa
 ; [cca2=WS].translations.ara.common
Expected: Ø³Ø§Ù…ÙˆØ§
     got: ?????
 ; [cca2=WS].translations.ara.official
Expected: Ø¯ÙˆÙ„Ø© Ø³Ø§Ù…ÙˆØ§ Ø§Ù„Ù…Ø³ØªÙ‚Ù„Ø©
     got: ???? ????? ????????
 ; [cca2=WS].translations.ces.official
Expected: NezÃ¡vislÃ½ stÃ¡t Samoa
     got: Nezávislý stát Samoa
 ; [cca2=WS].translations.deu.official
Expected: UnabhÃ¤ngige Staat Samoa
     got: Unabhängige Staat Samoa
 ; [cca2=WS].translations.fin.official
Expected: Samoan itsenÃ¤inen valtio
     got: Samoan itsenäinen valtio
 ; [cca2=WS].translations.hrv.official
Expected: Nezavisna DrÅ¾ava Samoa
     got: Nezavisna Država Samoa
 ; [cca2=WS].translations.hun.official
Expected: Szamoai FÃ¼ggetlen Ã?llam
     got: Szamoai Független Állam
 ; [cca2=WS].translations.jpn.common
Expected: ã‚µãƒ¢ã‚¢
     got: ???
 ; [cca2=WS].translations.jpn.official
Expected: ã‚µãƒ¢ã‚¢ç‹¬ç«‹å›½
     got: ??????
 ; [cca2=WS].translations.kor.common
Expected: ì‚¬ëª¨ì•„
     got: ???
 ; [cca2=WS].translations.kor.official
Expected: ì‚¬ëª¨ì•„ ë?…ë¦½êµ­
     got: ??? ???
 ; [cca2=WS].translations.per.common
Expected: Ø³Ø§Ù…ÙˆØ¢
     got: ?????
 ; [cca2=WS].translations.per.official
Expected: Ø§ÛŒØ§Ù„Øª Ù…Ø³ØªÙ‚Ù„ Ø³Ø§Ù…ÙˆØ¢
     got: ????? ????? ?????
 ; [cca2=WS].translations.pol.official
Expected: NiezaleÅ¼ne PaÅ„stwo Samoa
     got: Niezale?ne Pa?stwo Samoa
 ; [cca2=WS].translations.rus.common
Expected: Ð¡Ð°Ð¼Ð¾Ð°
     got: ?????
 ; [cca2=WS].translations.rus.official
Expected: Ð?ÐµÐ·Ð°Ð²Ð¸Ñ?Ð¸Ð¼Ð¾Ðµ Ð“Ð¾Ñ?ÑƒÐ´Ð°Ñ€Ñ?Ñ‚Ð²Ð¾ Ð¡Ð°Ð¼Ð¾Ð°
     got: ??????????? ??????????? ?????
 ; [cca2=WS].translations.slk.official
Expected: NezÃ¡vislÃ½ Å¡tÃ¡tSamoa
     got: Nezávislý štátSamoa
 ; [cca2=WS].translations.srp.common
Expected: Ð¡Ð°Ð¼Ð¾Ð°
     got: ?????
 ; [cca2=WS].translations.srp.official
Expected: Ð?ÐµÐ·Ð°Ð²Ð¸Ñ?Ð½Ð° Ð”Ñ€Ð¶Ð°Ð²Ð° Ð¡Ð°Ð¼Ð¾Ð°
     got: ????????? ?????? ?????
 ; [cca2=WS].translations.swe.official
Expected: SjÃ¤lvstÃ¤ndiga staten Samoa
     got: Självständiga staten Samoa
 ; [cca2=WS].translations.tur.common
Expected: BaÄŸÄ±msÄ±z Samoa Devleti
     got: Ba??ms?z Samoa Devleti
 ; [cca2=WS].translations.tur.official
Expected: BaÄŸÄ±msÄ±z Samoa Devleti
     got: Ba??ms?z Samoa Devleti
 ; [cca2=WS].translations.urd.common
Expected: Ø³Ø§Ù…ÙˆÙˆØ§
     got: ??????
 ; [cca2=WS].translations.urd.official
Expected: Ø¢Ø²Ø§Ø¯ Ø³Ù„Ø·Ù†ØªÙ? Ø³Ø§Ù…ÙˆØ§
     got: ???? ?????? ?????
 ; [cca2=WS].translations.zho.common
Expected: è?¨æ‘©äºš
     got: ???
 ; [cca2=WS].translations.zho.official
Expected: è?¨æ‘©äºšç‹¬ç«‹å›½
     got: ??????
 ; [cca2=GD].flag
Expected: ðŸ‡¬ðŸ‡©
     got: ??
 ; [cca2=GD].translations.ara.common
Expected: ØºØ±ÙŠÙ†Ø§Ø¯Ø§
     got: ???????
 ; [cca2=GD].translations.ara.official
Expected: ØºØ±ÙŠÙ†Ø§Ø¯Ø§
     got: ???????
 ; [cca2=GD].translations.jpn.common
Expected: ã‚°ãƒ¬ãƒŠãƒ€
     got: ????
 ; [cca2=GD].translations.jpn.official
Expected: ã‚°ãƒ¬ãƒŠãƒ€
     got: ????
 ; [cca2=GD].translations.kor.common
Expected: ê·¸ë ˆë‚˜ë‹¤
     got: ????
 ; [cca2=GD].translations.kor.official
Expected: ê·¸ë ˆë‚˜ë‹¤
     got: ????
 ; [cca2=GD].translations.per.common
Expected: Ú¯Ø±Ù†Ø§Ø¯Ø§
     got: ??????
 ; [cca2=GD].translations.per.official
Expected: Ú¯Ø±Ù†Ø§Ø¯Ø§
     got: ??????
 ; [cca2=GD].translations.rus.common
Expected: Ð“Ñ€ÐµÐ½Ð°Ð´Ð°
     got: ???????
 ; [cca2=GD].translations.rus.official
Expected: Ð“Ñ€ÐµÐ½Ð°Ð´Ð°
     got: ???????
 ; [cca2=GD].translations.srp.common
Expected: Ð“Ñ€ÐµÐ½Ð°Ð´Ð°
     got: ???????
 ; [cca2=GD].translations.srp.official
Expected: Ð“Ñ€ÐµÐ½Ð°Ð´Ð°
     got: ???????
 ; [cca2=GD].translations.urd.common
Expected: Ú¯Ø±ÛŒÙ†Ø§ÚˆØ§
     got: ???????
 ; [cca2=GD].translations.urd.official
Expected: Ú¯Ø±ÛŒÙ†Ø§ÚˆØ§
     got: ???????
 ; [cca2=GD].translations.zho.common
Expected: æ ¼æž—çº³è¾¾
     got: ????
 ; [cca2=GD].translations.zho.official
Expected: æ ¼æž—çº³è¾¾
     got: ????
 ; [cca2=GE].currencies.GEL.symbol
Expected: â‚¾
     got: ?
 ; [cca2=GE].demonyms.fra.f
Expected: GÃ©orgienne
     got: Géorgienne
 ; [cca2=GE].demonyms.fra.m
Expected: GÃ©orgien
     got: Géorgien
 ; [cca2=GE].flag
Expected: ðŸ‡¬ðŸ‡ª
     got: ??
 ; [cca2=GE].name.nativeName.kat.common
Expected: áƒ¡áƒ?áƒ¥áƒ?áƒ áƒ—áƒ•áƒ”áƒšáƒ?
     got: ??????????
 ; [cca2=GE].name.nativeName.kat.official
Expected: áƒ¡áƒ?áƒ¥áƒ?áƒ áƒ—áƒ•áƒ”áƒšáƒ?
     got: ??????????
 ; [cca2=GE].translations.ara.common
Expected: Ø¬ÙˆØ±Ø¬ÙŠØ§
     got: ??????
 ; [cca2=GE].translations.ara.official
Expected: Ø¬ÙˆØ±Ø¬ÙŠØ§
     got: ??????
 ; [cca2=GE].translations.fra.common
Expected: GÃ©orgie
     got: Géorgie
 ; [cca2=GE].translations.fra.official
Expected: RÃ©publique de GÃ©orgie
     got: République de Géorgie
 ; [cca2=GE].translations.hun.common
Expected: GrÃºzia
     got: Grúzia
 ; [cca2=GE].translations.hun.official
Expected: GrÃºzia
     got: Grúzia
 ; [cca2=GE].translations.jpn.common
Expected: ã‚°ãƒ«ã‚¸ã‚¢
     got: ????
 ; [cca2=GE].translations.jpn.official
Expected: ã‚°ãƒ«ã‚¸ã‚¢
     got: ????
 ; [cca2=GE].translations.kor.common
Expected: ì¡°ì§€ì•„
     got: ???
 ; [cca2=GE].translations.kor.official
Expected: ì¡°ì§€ì•„
     got: ???
 ; [cca2=GE].translations.nld.common
Expected: GeorgiÃ«
     got: Georgië
 ; [cca2=GE].translations.per.common
Expected: Ú¯Ø±Ø¬Ø³ØªØ§Ù†
     got: ???????
 ; [cca2=GE].translations.per.official
Expected: Ú¯Ø±Ø¬Ø³ØªØ§Ù†
     got: ???????
 ; [cca2=GE].translations.por.common
Expected: GeÃ³rgia
     got: Geórgia
 ; [cca2=GE].translations.rus.common
Expected: Ð“Ñ€ÑƒÐ·Ð¸Ñ?
     got: ??????
 ; [cca2=GE].translations.rus.official
Expected: Ð“Ñ€ÑƒÐ·Ð¸Ñ?
     got: ??????
 ; [cca2=GE].translations.slk.common
Expected: GruzÃ­nsko
     got: Gruzínsko
 ; [cca2=GE].translations.slk.official
Expected: GruzÃ­nsko
     got: Gruzínsko
 ; [cca2=GE].translations.srp.common
Expected: Ð“Ñ€ÑƒÐ·Ð¸Ñ˜Ð°
     got: ???????
 ; [cca2=GE].translations.srp.official
Expected: Ð“Ñ€ÑƒÐ·Ð¸Ñ˜Ð°
     got: ???????
 ; [cca2=GE].translations.tur.common
Expected: GÃ¼rcistan
     got: Gürcistan
 ; [cca2=GE].translations.tur.official
Expected: GÃ¼rcistan
     got: Gürcistan
 ; [cca2=GE].translations.urd.common
Expected: Ø¬Ø§Ø±Ø¬ÛŒØ§
     got: ??????
 ; [cca2=GE].translations.urd.official
Expected: Ø¬Ø§Ø±Ø¬ÛŒØ§
     got: ??????
 ; [cca2=GE].translations.zho.common
Expected: æ ¼é²?å?‰äºš
     got: ????
 ; [cca2=GE].translations.zho.official
Expected: æ ¼é²?å?‰äºš
     got: ????
 ; [cca2=GF].currencies.EUR.symbol
Expected: â‚¬
     got: €
 ; [cca2=GF].flag
Expected: ðŸ‡¬ðŸ‡«
     got: ??
 ; [cca2=GF].name.nativeName.fra.common
Expected: Guyane franÃ§aise
     got: Guyane française
 ; [cca2=GF].translations.ara.common
Expected: ØºÙˆÙŠØ§Ù†Ø§
     got: ??????
 ; [cca2=GF].translations.ara.official
Expected: ØºÙˆÙŠØ§Ù†Ø§ Ø§Ù„Ù?Ø±Ù†Ø³ÙŠØ©
     got: ?????? ????????
 ; [cca2=GF].translations.ces.common
Expected: FrancouzskÃ¡ Guyana
     got: Francouzská Guyana
 ; [cca2=GF].translations.ces.official
Expected: FrancouzskÃ¡ Guyana
     got: Francouzská Guyana
 ; [cca2=GF].translations.deu.common
Expected: FranzÃ¶sisch-Guayana
     got: Französisch-Guayana
 ; [cca2=GF].translations.deu.official
Expected: FranzÃ¶sisch-Guayana
     got: Französisch-Guayana
 ; [cca2=GF].translations.jpn.common
Expected: ãƒ•ãƒ©ãƒ³ã‚¹é ˜ã‚®ã‚¢ãƒŠ
     got: ????????
 ; [cca2=GF].translations.jpn.official
Expected: ã‚®ã‚¢ãƒŠ
     got: ???
 ; [cca2=GF].translations.kor.common
Expected: í”„ëž‘ìŠ¤ë ¹ ê¸°ì•„ë‚˜
     got: ???? ???
 ; [cca2=GF].translations.kor.official
Expected: í”„ëž‘ìŠ¤ë ¹ ê¸°ì•„ë‚˜
     got: ???? ???
 ; [cca2=GF].translations.per.common
Expected: Ú¯ÙˆÛŒØ§Ù† Ù?Ø±Ø§Ù†Ø³Ù‡
     got: ????? ??????
 ; [cca2=GF].translations.per.official
Expected: Ú¯ÙˆÛŒØ§Ù† Ù?Ø±Ø§Ù†Ø³Ù‡
     got: ????? ??????
 ; [cca2=GF].translations.rus.common
Expected: Ð¤Ñ€Ð°Ð½Ñ†ÑƒÐ·Ñ?ÐºÐ°Ñ? Ð“Ð²Ð¸Ð°Ð½Ð°
     got: ??????????? ??????
 ; [cca2=GF].translations.rus.official
Expected: Ð“Ð²Ð¸Ð°Ð½Ð°
     got: ??????
 ; [cca2=GF].translations.slk.official
Expected: FrancÃºzska Guyana
     got: Francúzska Guyana
 ; [cca2=GF].translations.srp.common
Expected: Ð¤Ñ€Ð°Ð½Ñ†ÑƒÑ?ÐºÐ° Ð“Ð²Ð°Ñ˜Ð°Ð½Ð°
     got: ????????? ???????
 ; [cca2=GF].translations.srp.official
Expected: Ð¤Ñ€Ð°Ð½Ñ†ÑƒÑ?ÐºÐ° Ð“Ð²Ð°Ñ˜Ð°Ð½Ð°
     got: ????????? ???????
 ; [cca2=GF].translations.tur.common
Expected: FransÄ±z GuyanasÄ±
     got: Frans?z Guyanas?
 ; [cca2=GF].translations.tur.official
Expected: FransÄ±z GuyanasÄ±
     got: Frans?z Guyanas?
 ; [cca2=GF].translations.urd.common
Expected: Ù?Ø±Ø§Ù†Ø³ÛŒØ³ÛŒ Ú¯ÛŒØ§Ù†Ø§
     got: ???????? ?????
 ; [cca2=GF].translations.urd.official
Expected: Ú¯ÛŒØ§Ù†Ø§
     got: ?????
 ; [cca2=GF].translations.zho.common
Expected: æ³•å±žåœ­äºšé‚£
     got: ?????
 ; [cca2=GF].translations.zho.official
Expected: æ³•å±žåœ­äºšé‚£
     got: ?????
 ; [cca2=GG].currencies.GBP.symbol
Expected: Â£
     got: £
 ; [cca2=GG].currencies.GGP.symbol
Expected: Â£
     got: £
 ; [cca2=GG].flag
Expected: ðŸ‡¬ðŸ‡¬
     got: ??
 ; [cca2=GG].languages.nfr
Expected: GuernÃ©siais
     got: Guernésiais
 ; [cca2=GG].name.nativeName.nfr.common
Expected: DgÃ¨rnÃ©siais
     got: Dgèrnésiais
 ; [cca2=GG].name.nativeName.nfr.official
Expected: DgÃ¨rnÃ©siais
     got: Dgèrnésiais
 ; [cca2=GG].translations.ara.common
Expected: ØºÙŠØ±Ù†Ø²ÙŠ
     got: ??????
 ; [cca2=GG].translations.ara.official
Expected: ØºÙŠØ±Ù†Ø²ÙŠ
     got: ??????
 ; [cca2=GG].translations.ces.official
Expected: RychtÃ¡Å™stvÃ­ Guernsey
     got: Rychtá?ství Guernsey
 ; [cca2=GG].translations.jpn.common
Expected: ã‚¬ãƒ¼ãƒ³ã‚¸ãƒ¼
     got: ?????
 ; [cca2=GG].translations.jpn.official
Expected: ã‚¬ãƒ¼ãƒ³ã‚¸ãƒ¼ã?®å¾—æ„?åˆ†é‡Ž
     got: ??????????
 ; [cca2=GG].translations.kor.common
Expected: ê±´ì§€ ì„¬
     got: ?? ?
 ; [cca2=GG].translations.kor.official
Expected: ê±´ì§€ ì„¬
     got: ?? ?
 ; [cca2=GG].translations.per.common
Expected: Ú¯Ø±Ù†Ø²ÛŒ
     got: ?????
 ; [cca2=GG].translations.per.official
Expected: Ú¯Ø±Ù†Ø²ÛŒ
     got: ?????
 ; [cca2=GG].translations.rus.common
Expected: Ð“ÐµÑ€Ð½Ñ?Ð¸
     got: ??????
 ; [cca2=GG].translations.rus.official
Expected: ÐšÐ¾Ñ€Ð¾Ð½Ð½Ð¾Ðµ Ð²Ð»Ð°Ð´ÐµÐ½Ð¸Ðµ Ð“ÐµÑ€Ð½Ñ?Ð¸
     got: ???????? ???????? ??????
 ; [cca2=GG].translations.spa.official
Expected: BailÃ­a de Guernsey
     got: Bailía de Guernsey
 ; [cca2=GG].translations.srp.common
Expected: Ð“ÐµÑ€Ð½Ð·Ð¸
     got: ??????
 ; [cca2=GG].translations.srp.official
Expected: Ð‘ÐµÑ˜Ð»Ð¸Ð²Ð¸Ðº Ð“ÐµÑ€Ð½Ð·Ð¸
     got: ???????? ??????
 ; [cca2=GG].translations.tur.official
Expected: Guernsey MuhafÄ±zlÄ±ÄŸÄ±
     got: Guernsey Muhaf?zl???
 ; [cca2=GG].translations.urd.common
Expected: Ú¯Ø±Ù†Ø²ÛŒ
     got: ?????
 ; [cca2=GG].translations.urd.official
Expected: Ú¯Ø±Ù†Ø²ÛŒ Ø±ÙˆØ¯Ø¨Ø§Ø±
     got: ????? ??????
 ; [cca2=GG].translations.zho.common
Expected: æ ¹è¥¿å²›
     got: ???
 ; [cca2=GG].translations.zho.official
Expected: æ ¹è¥¿å²›
     got: ???
 ; [cca2=GH].currencies.GHS.symbol
Expected: â‚µ
     got: ?
 ; [cca2=GH].demonyms.fra.f
Expected: GhanÃ©enne
     got: Ghanéenne
 ; [cca2=GH].demonyms.fra.m
Expected: GhanÃ©en
     got: Ghanéen
 ; [cca2=GH].flag
Expected: ðŸ‡¬ðŸ‡­
     got: ??
 ; [cca2=GH].translations.ara.common
Expected: ØºØ§Ù†Ø§
     got: ????
 ; [cca2=GH].translations.ara.official
Expected: Ø¬Ù…Ù‡ÙˆØ±ÙŠØ© ØºØ§Ù†Ø§
     got: ??????? ????
 ; [cca2=GH].translations.ces.official
Expected: GhanskÃ¡ republika
     got: Ghanská republika
 ; [cca2=GH].translations.fra.official
Expected: RÃ©publique du Ghana
     got: République du Ghana
 ; [cca2=GH].translations.hun.common
Expected: GhÃ¡na
     got: Ghána
 ; [cca2=GH].translations.hun.official
Expected: GhÃ¡nai KÃ¶ztÃ¡rsasÃ¡g
     got: Ghánai Köztársaság
 ; [cca2=GH].translations.jpn.common
Expected: ã‚¬ãƒ¼ãƒŠ
     got: ???
 ; [cca2=GH].translations.jpn.official
Expected: ã‚¬ãƒ¼ãƒŠå…±å’Œå›½
     got: ??????
 ; [cca2=GH].translations.kor.common
Expected: ê°€ë‚˜
     got: ??
 ; [cca2=GH].translations.kor.official
Expected: ê°€ë‚˜ ê³µí™”êµ­
     got: ?? ???
 ; [cca2=GH].translations.per.common
Expected: ØºÙ†Ø§
     got: ???
 ; [cca2=GH].translations.per.official
Expected: Ø¬Ù…Ù‡ÙˆØ±ÛŒ ØºÙ†Ø§
     got: ?????? ???
 ; [cca2=GH].translations.por.official
Expected: RepÃºblica do Gana
     got: República do Gana
 ; [cca2=GH].translations.rus.common
Expected: Ð“Ð°Ð½Ð°
     got: ????
 ; [cca2=GH].translations.rus.official
Expected: Ð ÐµÑ?Ð¿ÑƒÐ±Ð»Ð¸ÐºÐ° Ð“Ð°Ð½Ð°
     got: ?????????? ????
 ; [cca2=GH].translations.slk.official
Expected: GhanskÃ¡ republika
     got: Ghanská republika
 ; [cca2=GH].translations.spa.official
Expected: RepÃºblica de Ghana
     got: República de Ghana
 ; [cca2=GH].translations.srp.common
Expected: Ð“Ð°Ð½Ð°
     got: ????
 ; [cca2=GH].translations.srp.official
Expected: Ð ÐµÐ¿ÑƒÐ±Ð»Ð¸ÐºÐ° Ð“Ð°Ð½Ð°
     got: ????????? ????
 ; [cca2=GH].translations.urd.common
Expected: Ú¯Ú¾Ø§Ù†Ø§
     got: ?????
 ; [cca2=GH].translations.urd.official
Expected: Ø¬Ù…Û?ÙˆØ±ÛŒÛ? Ú¯Ú¾Ø§Ù†Ø§
     got: ??????? ?????
 ; [cca2=GH].translations.zho.common
Expected: åŠ çº³
     got: ??
 ; [cca2=GH].translations.zho.official
Expected: åŠ çº³å…±å’Œå›½
     got: ?????
 ; [cca2=GI].currencies.GIP.symbol
Expected: Â£
     got: £
 ; [cca2=GI].flag
Expected: ðŸ‡¬ðŸ‡®
     got: ??
 ; [cca2=GI].translations.ara.common
Expected: Ø¬Ø¨Ù„ Ø·Ø§Ø±Ù‚
     got: ??? ????
 ; [cca2=GI].translations.ara.official
Expected: Ø¬Ø¨Ù„ Ø·Ø§Ø±Ù‚
     got: ??? ????
 ; [cca2=GI].translations.hun.common
Expected: GibraltÃ¡r
     got: Gibraltár
 ; [cca2=GI].translations.hun.official
Expected: GibraltÃ¡r
     got: Gibraltár
 ; [cca2=GI].translations.jpn.common
Expected: ã‚¸ãƒ–ãƒ©ãƒ«ã‚¿ãƒ«
     got: ??????
 ; [cca2=GI].translations.jpn.official
Expected: ã‚¸ãƒ–ãƒ©ãƒ«ã‚¿ãƒ«
     got: ??????
 ; [cca2=GI].translations.kor.common
Expected: ì§€ë¸Œë¡¤í„°
     got: ????
 ; [cca2=GI].translations.kor.official
Expected: ì§€ë¸Œë¡¤í„°
     got: ????
 ; [cca2=GI].translations.per.common
Expected: Ø¬Ø¨Ù„ Ø·Ø§Ø±Ù‚
     got: ??? ????
 ; [cca2=GI].translations.per.official
Expected: Ø¬Ø¨Ù„ Ø·Ø§Ø±Ù‚
     got: ??? ????
 ; [cca2=GI].translations.rus.common
Expected: Ð“Ð¸Ð±Ñ€Ð°Ð»Ñ‚Ð°Ñ€
     got: ?????????
 ; [cca2=GI].translations.rus.official
Expected: Ð“Ð¸Ð±Ñ€Ð°Ð»Ñ‚Ð°Ñ€
     got: ?????????
 ; [cca2=GI].translations.slk.common
Expected: GibraltÃ¡r
     got: Gibraltár
 ; [cca2=GI].translations.slk.official
Expected: GibraltÃ¡r
     got: Gibraltár
 ; [cca2=GI].translations.srp.common
Expected: Ð“Ð¸Ð±Ñ€Ð°Ð»Ñ‚Ð°Ñ€
     got: ?????????
 ; [cca2=GI].translations.srp.official
Expected: Ð“Ð¸Ð±Ñ€Ð°Ð»Ñ‚Ð°Ñ€
     got: ?????????
 ; [cca2=GI].translations.tur.common
Expected: CebelitarÄ±k
     got: Cebelitar?k
 ; [cca2=GI].translations.tur.official
Expected: CebelitarÄ±k
     got: Cebelitar?k
 ; [cca2=GI].translations.urd.common
Expected: Ø¬Ø¨Ù„ Ø§Ù„Ø·Ø§Ø±Ù‚
     got: ??? ??????
 ; [cca2=GI].translations.urd.official
Expected: Ø¬Ø¨Ù„ Ø§Ù„Ø·Ø§Ø±Ù‚
     got: ??? ??????
 ; [cca2=GI].translations.zho.common
Expected: ç›´å¸ƒç½—é™€
     got: ????
 ; [cca2=GI].translations.zho.official
Expected: ç›´å¸ƒç½—é™€
     got: ????
 ; [cca2=GL].altSpellings[]
Expected: GrÃ¸nland
     but none found
 ; [cca2=GL].altSpellings[]
Unexpected: Grønland
 ; [cca2=GL].flag
Expected: ðŸ‡¬ðŸ‡±
     got: ??
 ; [cca2=GL].translations.ara.common
Expected: Ø¬Ø±ÙŠÙ†Ù„Ø§Ù†Ø¯
     got: ????????
 ; [cca2=GL].translations.ara.official
Expected: Ø¬Ø±ÙŠÙ†Ù„Ø§Ù†Ø¯
     got: ????????
 ; [cca2=GL].translations.ces.common
Expected: GrÃ³nsko
     got: Grónsko
 ; [cca2=GL].translations.ces.official
Expected: GrÃ³nsko
     got: Grónsko
 ; [cca2=GL].translations.deu.common
Expected: GrÃ¶nland
     got: Grönland
 ; [cca2=GL].translations.deu.official
Expected: GrÃ¶nland
     got: Grönland
 ; [cca2=GL].translations.est.common
Expected: GrÃ¶Ã¶nimaa
     got: Gröönimaa
 ; [cca2=GL].translations.est.official
Expected: GrÃ¶Ã¶nimaa
     got: Gröönimaa
 ; [cca2=GL].translations.fin.common
Expected: GroÃ¶nlanti
     got: Groönlanti
 ; [cca2=GL].translations.fin.official
Expected: GroÃ¶nlanti
     got: Groönlanti
 ; [cca2=GL].translations.hun.common
Expected: GrÃ¶nland
     got: Grönland
 ; [cca2=GL].translations.hun.official
Expected: GrÃ¶nland
     got: Grönland
 ; [cca2=GL].translations.jpn.common
Expected: ã‚°ãƒªãƒ¼ãƒ³ãƒ©ãƒ³ãƒ‰
     got: ???????
 ; [cca2=GL].translations.jpn.official
Expected: ã‚°ãƒªãƒ¼ãƒ³ãƒ©ãƒ³ãƒ‰
     got: ???????
 ; [cca2=GL].translations.kor.common
Expected: ê·¸ë¦°ëž€ë“œ
     got: ????
 ; [cca2=GL].translations.kor.official
Expected: ê·¸ë¦°ëž€ë“œ
     got: ????
 ; [cca2=GL].translations.per.common
Expected: Ú¯Ø±ÛŒÙ†Ù„Ù†Ø¯
     got: ???????
 ; [cca2=GL].translations.per.official
Expected: Ú¯Ø±ÙˆØ¦Ù†Ù„Ù†Ø¯
     got: ????????
 ; [cca2=GL].translations.por.common
Expected: GronelÃ¢ndia
     got: Gronelândia
 ; [cca2=GL].translations.por.official
Expected: GroenlÃ¢ndia
     got: Groenlândia
 ; [cca2=GL].translations.rus.common
Expected: Ð“Ñ€ÐµÐ½Ð»Ð°Ð½Ð´Ð¸Ñ?
     got: ??????????
 ; [cca2=GL].translations.rus.official
Expected: Ð“Ñ€ÐµÐ½Ð»Ð°Ð½Ð´Ð¸Ñ?
     got: ??????????
 ; [cca2=GL].translations.slk.common
Expected: GrÃ³nsko
     got: Grónsko
 ; [cca2=GL].translations.slk.official
Expected: GrÃ³nsko
     got: Grónsko
 ; [cca2=GL].translations.srp.common
Expected: Ð“Ñ€ÐµÐ½Ð»Ð°Ð½Ð´
     got: ????????
 ; [cca2=GL].translations.srp.official
Expected: Ð“Ñ€ÐµÐ½Ð»Ð°Ð½Ð´
     got: ????????
 ; [cca2=GL].translations.swe.common
Expected: GrÃ¶nland
     got: Grönland
 ; [cca2=GL].translations.swe.official
Expected: GrÃ¶nland
     got: Grönland
 ; [cca2=GL].translations.tur.common
Expected: GrÃ¶nland
     got: Grönland
 ; [cca2=GL].translations.tur.official
Expected: GrÃ¶nland
     got: Grönland
 ; [cca2=GL].translations.urd.common
Expected: Ú¯Ø±ÛŒÙ† Ù„ÛŒÙ†Úˆ
     got: ???? ????
 ; [cca2=GL].translations.urd.official
Expected: Ú¯Ø±ÛŒÙ† Ù„ÛŒÙ†Úˆ
     got: ???? ????
 ; [cca2=GL].translations.zho.common
Expected: æ ¼é™µå…°
     got: ???
 ; [cca2=GL].translations.zho.official
Expected: æ ¼é™µå…°
     got: ???
 ; [cca2=GM].flag
Expected: ðŸ‡¬ðŸ‡²
     got: ??
 ; [cca2=GM].translations.ara.common
Expected: ØºØ§Ù…Ø¨ÙŠØ§
     got: ??????
 ; [cca2=GM].translations.ara.official
Expected: Ø¬Ù…Ù‡ÙˆØ±ÙŠØ© ØºØ§Ù…Ø¨ÙŠØ§
     got: ??????? ??????
 ; [cca2=GM].translations.ces.official
Expected: GambijskÃ¡ republika
     got: Gambijská republika
 ; [cca2=GM].translations.fra.official
Expected: RÃ©publique de Gambie
     got: République de Gambie
 ; [cca2=GM].translations.hun.official
Expected: Gambiai KÃ¶ztÃ¡rsasÃ¡g
     got: Gambiai Köztársaság
 ; [cca2=GM].translations.jpn.common
Expected: ã‚¬ãƒ³ãƒ“ã‚¢
     got: ????
 ; [cca2=GM].translations.jpn.official
Expected: ã‚¬ãƒ³ãƒ“ã‚¢å…±å’Œå›½
     got: ???????
 ; [cca2=GM].translations.kor.common
Expected: ê°?ë¹„ì•„
     got: ???
 ; [cca2=GM].translations.kor.official
Expected: ê°?ë¹„ì•„ ê³µí™”êµ­
     got: ??? ???
 ; [cca2=GM].translations.per.common
Expected: Ú¯Ø§Ù…Ø¨ÛŒØ§
     got: ??????
 ; [cca2=GM].translations.per.official
Expected: Ø¬Ù…Ù‡ÙˆØ±ÛŒ Ú¯Ø§Ù…Ø¨ÛŒØ§
     got: ?????? ??????
 ; [cca2=GM].translations.por.common
Expected: GÃ¢mbia
     got: Gâmbia
 ; [cca2=GM].translations.por.official
Expected: RepÃºblica da GÃ¢mbia
     got: República da Gâmbia
 ; [cca2=GM].translations.rus.common
Expected: Ð“Ð°Ð¼Ð±Ð¸Ñ?
     got: ??????
 ; [cca2=GM].translations.rus.official
Expected: Ð ÐµÑ?Ð¿ÑƒÐ±Ð»Ð¸ÐºÐ° Ð“Ð°Ð¼Ð±Ð¸Ñ?
     got: ?????????? ??????
 ; [cca2=GM].translations.slk.official
Expected: GambijskÃ¡ republika
     got: Gambijská republika
 ; [cca2=GM].translations.spa.official
Expected: RepÃºblica de Gambia
     got: República de Gambia
 ; [cca2=GM].translations.srp.common
Expected: Ð“Ð°Ð¼Ð±Ð¸Ñ˜Ð°
     got: ???????
 ; [cca2=GM].translations.srp.official
Expected: Ð ÐµÐ¿ÑƒÐ±Ð»Ð¸ÐºÐ° Ð“Ð°Ð¼Ð±Ð¸Ñ˜Ð°
     got: ????????? ???????
 ; [cca2=GM].translations.urd.common
Expected: Ú¯ÛŒÙ…Ø¨ÛŒØ§
     got: ??????
 ; [cca2=GM].translations.urd.official
Expected: Ø¬Ù…Û?ÙˆØ±ÛŒÛ? Ú¯ÛŒÙ…Ø¨ÛŒØ§
     got: ??????? ??????
 ; [cca2=GM].translations.zho.common
Expected: å†ˆæ¯”äºš
     got: ???
 ; [cca2=GM].translations.zho.official
Expected: å†ˆæ¯”äºšå…±å’Œå›½
     got: ??????
 ; [cca2=GN].altSpellings[]
Expected: RÃ©publique de GuinÃ©e
     but none found
 ; [cca2=GN].altSpellings[]
Unexpected: République de Guinée
 ; [cca2=GN].demonyms.fra.f
Expected: GuinÃ©enne
     got: Guinéenne
 ; [cca2=GN].demonyms.fra.m
Expected: GuinÃ©en
     got: Guinéen
 ; [cca2=GN].flag
Expected: ðŸ‡¬ðŸ‡³
     got: ??
 ; [cca2=GN].name.nativeName.fra.common
Expected: GuinÃ©e
     got: Guinée
 ; [cca2=GN].name.nativeName.fra.official
Expected: RÃ©publique de GuinÃ©e
     got: République de Guinée
 ; [cca2=GN].translations.ara.common
Expected: ØºÙŠÙ†ÙŠØ§
     got: ?????
 ; [cca2=GN].translations.ara.official
Expected: Ø¬Ù…Ù‡ÙˆØ±ÙŠØ© ØºÙŠÙ†ÙŠØ§
     got: ??????? ?????
 ; [cca2=GN].translations.ces.official
Expected: GuinejskÃ¡ republika
     got: Guinejská republika
 ; [cca2=GN].translations.fra.common
Expected: GuinÃ©e
     got: Guinée
 ; [cca2=GN].translations.fra.official
Expected: RÃ©publique de GuinÃ©e
     got: République de Guinée
 ; [cca2=GN].translations.hun.official
Expected: Guineai KÃ¶ztÃ¡rsasÃ¡g
     got: Guineai Köztársaság
 ; [cca2=GN].translations.jpn.common
Expected: ã‚®ãƒ‹ã‚¢
     got: ???
 ; [cca2=GN].translations.jpn.official
Expected: ã‚®ãƒ‹ã‚¢å…±å’Œå›½
     got: ??????
 ; [cca2=GN].translations.kor.common
Expected: ê¸°ë‹ˆ
     got: ??
 ; [cca2=GN].translations.kor.official
Expected: ê¸°ë‹ˆ ê³µí™”êµ­
     got: ?? ???
 ; [cca2=GN].translations.per.common
Expected: Ù¾Ø§Ù¾ÙˆØ¢ Ú¯ÛŒÙ†Ù‡ Ù†Ùˆ
     got: ????? ???? ??
 ; [cca2=GN].translations.per.official
Expected: Ù…Ù…Ù„Ú©Øª Ù…Ø³ØªÙ‚Ù„ Ù¾Ø§Ù¾ÙˆØ¢ Ú¯ÛŒÙ†Ù‡ Ù†Ùˆ
     got: ????? ????? ????? ???? ??
 ; [cca2=GN].translations.por.common
Expected: GuinÃ©
     got: Guiné
 ; [cca2=GN].translations.por.official
Expected: RepÃºblica da GuinÃ©
     got: República da Guiné
 ; [cca2=GN].translations.rus.common
Expected: Ð“Ð²Ð¸Ð½ÐµÑ?
     got: ??????
 ; [cca2=GN].translations.rus.official
Expected: Ð ÐµÑ?Ð¿ÑƒÐ±Ð»Ð¸ÐºÐ° Ð“Ð²Ð¸Ð½ÐµÑ?
     got: ?????????? ??????
 ; [cca2=GN].translations.slk.official
Expected: GuinejskÃ¡ republika
     got: Guinejská republika
 ; [cca2=GN].translations.spa.official
Expected: RepÃºblica de Guinea
     got: República de Guinea
 ; [cca2=GN].translations.srp.common
Expected: Ð“Ð²Ð°Ñ˜Ð°Ð½Ð°
     got: ???????
 ; [cca2=GN].translations.srp.official
Expected: ÐšÐ¾Ð¾Ð¿ÐµÑ€Ð°Ñ‚Ð¸Ð²Ð½Ð° Ð ÐµÐ¿ÑƒÐ±Ð»Ð¸ÐºÐ° Ð“Ð²Ð°Ñ˜Ð°Ð½Ð°
     got: ???????????? ????????? ???????
 ; [cca2=GN].translations.urd.common
Expected: Ú¯Ù†ÛŒ
     got: ???
 ; [cca2=GN].translations.urd.official
Expected: Ø¬Ù…Û?ÙˆØ±ÛŒÛ? Ú¯Ù†ÛŒ
     got: ??????? ???
 ; [cca2=GN].translations.zho.common
Expected: å‡ å†…äºš
     got: ???
 ; [cca2=GN].translations.zho.official
Expected: å‡ å†…äºšå…±å’Œå›½
     got: ??????
 ; [cca2=GP].currencies.EUR.symbol
Expected: â‚¬
     got: €
 ; [cca2=GP].demonyms.fra.f
Expected: GuadeloupÃ©enne
     got: Guadeloupéenne
 ; [cca2=GP].demonyms.fra.m
Expected: GuadeloupÃ©en
     got: Guadeloupéen
 ; [cca2=GP].flag
Expected: ðŸ‡¬ðŸ‡µ
     got: ??
 ; [cca2=GP].translations.ara.common
Expected: ØºÙˆØ§Ø¯Ù„ÙˆØ¨
     got: ???????
 ; [cca2=GP].translations.ara.official
Expected: ØºÙˆØ§Ø¯Ù„ÙˆØ¨
     got: ???????
 ; [cca2=GP].translations.est.official
Expected: Guadeloupeâ€™i ja sÃµltkondade departemang
     got: Guadeloupe’i ja sõltkondade departemang
 ; [cca2=GP].translations.jpn.common
Expected: ã‚°ã‚¢ãƒ‰ãƒ«ãƒ¼ãƒ—
     got: ??????
 ; [cca2=GP].translations.jpn.official
Expected: ã‚°ã‚¢ãƒ‰ãƒ«ãƒ¼ãƒ—å³¶
     got: ???????
 ; [cca2=GP].translations.kor.common
Expected: ê³¼ë“¤ë£¨í”„
     got: ????
 ; [cca2=GP].translations.kor.official
Expected: ê³¼ë“¤ë£¨í”„
     got: ????
 ; [cca2=GP].translations.per.common
Expected: Ú¯ÙˆØ§Ø¯Ù„ÙˆÙ¾
     got: ???????
 ; [cca2=GP].translations.per.official
Expected: Ú¯ÙˆØ§Ø¯Ù„ÙˆÙ¾
     got: ???????
 ; [cca2=GP].translations.rus.common
Expected: Ð“Ð²Ð°Ð´ÐµÐ»ÑƒÐ¿Ð°
     got: ?????????
 ; [cca2=GP].translations.rus.official
Expected: Ð“Ð²Ð°Ð´ÐµÐ»ÑƒÐ¿Ð°
     got: ?????????
 ; [cca2=GP].translations.srp.common
Expected: Ð“Ð²Ð°Ð´ÐµÐ»ÑƒÐ¿
     got: ????????
 ; [cca2=GP].translations.srp.official
Expected: Ð“Ð²Ð°Ð´ÐµÐ»ÑƒÐ¿
     got: ????????
 ; [cca2=GP].translations.urd.common
Expected: Ú¯ÙˆØ§ÚˆÛŒÙ„ÙˆÙ¾
     got: ????????
 ; [cca2=GP].translations.urd.official
Expected: Ú¯ÙˆØ§ÚˆÛŒÙ„ÙˆÙ¾
     got: ????????
 ; [cca2=GP].translations.zho.common
Expected: ç“œå¾·ç½—æ™®å²›
     got: ?????
 ; [cca2=GP].translations.zho.official
Expected: ç“œå¾·ç½—æ™®å²›
     got: ?????
 ; [cca2=GQ].altSpellings[]
Expected: RepÃºblica de Guinea Ecuatorial
     but none found
 ; [cca2=GQ].altSpellings[]
Expected: RepÃºblica da GuinÃ© Equatorial
     but none found
 ; [cca2=GQ].altSpellings[]
Expected: RÃ©publique de GuinÃ©e Ã©quatoriale
     but none found
 ; [cca2=GQ].altSpellings[]
Unexpected: República da Guiné Equatorial
 ; [cca2=GQ].altSpellings[]
Unexpected: République de Guinée équatoriale
 ; [cca2=GQ].altSpellings[]
Unexpected: República de Guinea Ecuatorial
 ; [cca2=GQ].demonyms.fra.f
Expected: Ã‰quato-guinÃ©enne
     got: Équato-guinéenne
 ; [cca2=GQ].demonyms.fra.m
Expected: Ã‰quato-guinÃ©en
     got: Équato-guinéen
 ; [cca2=GQ].flag
Expected: ðŸ‡¬ðŸ‡¶
     got: ??
 ; [cca2=GQ].name.nativeName.fra.common
Expected: GuinÃ©e Ã©quatoriale
     got: Guinée équatoriale
 ; [cca2=GQ].name.nativeName.fra.official
Expected: RÃ©publique de la GuinÃ©e Ã‰quatoriale
     got: République de la Guinée Équatoriale
 ; [cca2=GQ].name.nativeName.por.common
Expected: GuinÃ© Equatorial
     got: Guiné Equatorial
 ; [cca2=GQ].name.nativeName.por.official
Expected: RepÃºblica da GuinÃ© Equatorial
     got: República da Guiné Equatorial
 ; [cca2=GQ].name.nativeName.spa.official
Expected: RepÃºblica de Guinea Ecuatorial
     got: República de Guinea Ecuatorial
 ; [cca2=GQ].translations.ara.common
Expected: ØºÙŠÙ†ÙŠØ§ Ø§Ù„Ø§Ø³ØªÙˆØ§Ø¦ÙŠØ©
     got: ????? ??????????
 ; [cca2=GQ].translations.ara.official
Expected: Ø¬Ù…Ù‡ÙˆØ±ÙŠØ© ØºÙŠÙ†ÙŠØ§ Ø§Ù„Ø§Ø³ØªÙˆØ§Ø¦ÙŠØ©
     got: ??????? ????? ??????????
 ; [cca2=GQ].translations.ces.common
Expected: RovnÃ­kovÃ¡ Guinea
     got: Rovníková Guinea
 ; [cca2=GQ].translations.ces.official
Expected: Republika RovnÃ­kovÃ¡ Guinea
     got: Republika Rovníková Guinea
 ; [cca2=GQ].translations.deu.common
Expected: Ã„quatorialguinea
     got: Äquatorialguinea
 ; [cca2=GQ].translations.deu.official
Expected: Republik Ã„quatorialguinea
     got: Republik Äquatorialguinea
 ; [cca2=GQ].translations.fin.common
Expected: PÃ¤ivÃ¤ntasaajan Guinea
     got: Päiväntasaajan Guinea
 ; [cca2=GQ].translations.fin.official
Expected: PÃ¤ivÃ¤ntasaajan Guinean tasavalta
     got: Päiväntasaajan Guinean tasavalta
 ; [cca2=GQ].translations.fra.common
Expected: GuinÃ©e Ã©quatoriale
     got: Guinée équatoriale
 ; [cca2=GQ].translations.fra.official
Expected: RÃ©publique de GuinÃ©e Ã©quatoriale
     got: République de Guinée équatoriale
 ; [cca2=GQ].translations.hun.common
Expected: EgyenlÃ­tÅ‘i-Guinea
     got: Egyenlít?i-Guinea
 ; [cca2=GQ].translations.hun.official
Expected: EgyenlÃ­tÅ‘i-Guinea-i KÃ¶ztÃ¡rsasÃ¡g
     got: Egyenlít?i-Guinea-i Köztársaság
 ; [cca2=GQ].translations.jpn.common
Expected: èµ¤é?“ã‚®ãƒ‹ã‚¢
     got: ?????
 ; [cca2=GQ].translations.jpn.official
Expected: èµ¤é?“ã‚®ãƒ‹ã‚¢å…±å’Œå›½
     got: ????????
 ; [cca2=GQ].translations.kor.common
Expected: ì ?ë?„ ê¸°ë‹ˆ
     got: ?? ??
 ; [cca2=GQ].translations.kor.official
Expected: ì ?ë?„ ê¸°ë‹ˆ ê³µí™”êµ­
     got: ?? ?? ???
 ; [cca2=GQ].translations.per.common
Expected: Ú¯ÛŒÙ†Ù‡ Ø§Ø³ØªÙˆØ§ÛŒÛŒ
     got: ???? ???????
 ; [cca2=GQ].translations.per.official
Expected: Ø¬Ù…Ù‡ÙˆØ±ÛŒ Ú¯ÛŒÙ†Ù‡ Ø§Ø³ØªÙˆØ§ÛŒÛŒ
     got: ?????? ???? ???????
 ; [cca2=GQ].translations.pol.common
Expected: Gwinea RÃ³wnikowa
     got: Gwinea Równikowa
 ; [cca2=GQ].translations.pol.official
Expected: Republika Gwinei RÃ³wnikowej
     got: Republika Gwinei Równikowej
 ; [cca2=GQ].translations.por.common
Expected: GuinÃ© Equatorial
     got: Guiné Equatorial
 ; [cca2=GQ].translations.por.official
Expected: RepÃºblica da GuinÃ© Equatorial
     got: República da Guiné Equatorial
 ; [cca2=GQ].translations.rus.common
Expected: Ð­ÐºÐ²Ð°Ñ‚Ð¾Ñ€Ð¸Ð°Ð»ÑŒÐ½Ð°Ñ? Ð“Ð²Ð¸Ð½ÐµÑ?
     got: ?????????????? ??????
 ; [cca2=GQ].translations.rus.official
Expected: Ð ÐµÑ?Ð¿ÑƒÐ±Ð»Ð¸ÐºÐ° Ð­ÐºÐ²Ð°Ñ‚Ð¾Ñ€Ð¸Ð°Ð»ÑŒÐ½Ð°Ñ? Ð“Ð²Ð¸Ð½ÐµÑ?
     got: ?????????? ?????????????? ??????
 ; [cca2=GQ].translations.slk.common
Expected: RovnÃ­kovÃ¡ Guinea
     got: Rovníková Guinea
 ; [cca2=GQ].translations.slk.official
Expected: Republika rovnÃ­kovej Guiney
     got: Republika rovníkovej Guiney
 ; [cca2=GQ].translations.spa.official
Expected: RepÃºblica de Guinea Ecuatorial
     got: República de Guinea Ecuatorial
 ; [cca2=GQ].translations.srp.common
Expected: Ð•ÐºÐ²Ð°Ñ‚Ð¾Ñ€Ð¸Ñ˜Ð°Ð»Ð½Ð° Ð“Ð²Ð¸Ð½ÐµÑ˜Ð°
     got: ????????????? ???????
 ; [cca2=GQ].translations.srp.official
Expected: Ð ÐµÐ¿ÑƒÐ±Ð»Ð¸ÐºÐ° Ð•ÐºÐ²Ð°Ñ‚Ð¾Ñ€Ð¸Ñ˜Ð°Ð»Ð½Ð° Ð“Ð²Ð¸Ð½ÐµÑ˜Ð°
     got: ????????? ????????????? ???????
 ; [cca2=GQ].translations.urd.common
Expected: Ø§Ø³ØªÙˆØ§Ø¦ÛŒ Ú¯Ù†ÛŒ
     got: ??????? ???
 ; [cca2=GQ].translations.urd.official
Expected: Ø¬Ù…Û?ÙˆØ±ÛŒÛ? Ø§Ø³ØªÙˆØ§Ø¦ÛŒ Ú¯Ù†ÛŒ
     got: ??????? ??????? ???
 ; [cca2=GQ].translations.zho.common
Expected: èµ¤é?“å‡ å†…äºš
     got: ?????
 ; [cca2=GQ].translations.zho.official
Expected: èµ¤é?“å‡ å†…äºšå…±å’Œå›½
     got: ????????
 ; [cca2=GR].altSpellings[]
Expected: Î•Î»Î»Î·Î½Î¹ÎºÎ® Î”Î·Î¼Î¿ÎºÏ?Î±Ï„Î¯Î±
     but none found
 ; [cca2=GR].altSpellings[]
Expected: EllÃ¡da
     but none found
 ; [cca2=GR].altSpellings[]
Unexpected: Elláda
 ; [cca2=GR].altSpellings[]
Unexpected: ???????? ??????????
 ; [cca2=GR].currencies.EUR.symbol
Expected: â‚¬
     got: €
 ; [cca2=GR].flag
Expected: ðŸ‡¬ðŸ‡·
     got: ??
 ; [cca2=GR].name.nativeName.ell.common
Expected: Î•Î»Î»Î¬Î´Î±
     got: ??????
 ; [cca2=GR].name.nativeName.ell.official
Expected: Î•Î»Î»Î·Î½Î¹ÎºÎ® Î”Î·Î¼Î¿ÎºÏ?Î±Ï„Î¯Î±
     got: ???????? ??????????
 ; [cca2=GR].translations.ara.common
Expected: Ø§Ù„ÙŠÙˆÙ†Ø§Ù†
     got: ???????
 ; [cca2=GR].translations.ara.official
Expected: Ø§Ù„Ø¬Ù…Ù‡ÙˆØ±ÙŠØ© Ø§Ù„Ù‡ÙŠÙ„ÙŠÙ†ÙŠØ©
     got: ????????? ?????????
 ; [cca2=GR].translations.ces.common
Expected: Å˜ecko
     got: ?ecko
 ; [cca2=GR].translations.ces.official
Expected: Å˜eckÃ¡ republika
     got: ?ecká republika
 ; [cca2=GR].translations.fra.common
Expected: GrÃ¨ce
     got: Grèce
 ; [cca2=GR].translations.fra.official
Expected: RÃ©publique hellÃ©nique
     got: République hellénique
 ; [cca2=GR].translations.hrv.common
Expected: GrÄ?ka
     got: Gr?ka
 ; [cca2=GR].translations.hun.common
Expected: GÃ¶rÃ¶gorszÃ¡g
     got: Görögország
 ; [cca2=GR].translations.hun.official
Expected: GÃ¶rÃ¶g KÃ¶ztÃ¡rsasÃ¡g
     got: Görög Köztársaság
 ; [cca2=GR].translations.jpn.common
Expected: ã‚®ãƒªã‚·ãƒ£
     got: ????
 ; [cca2=GR].translations.jpn.official
Expected: ã‚®ãƒªã‚·ãƒ£å…±å’Œå›½
     got: ???????
 ; [cca2=GR].translations.kor.common
Expected: ê·¸ë¦¬ìŠ¤
     got: ???
 ; [cca2=GR].translations.kor.official
Expected: ê·¸ë¦¬ìŠ¤ ê³µí™”êµ­
     got: ??? ???
 ; [cca2=GR].translations.per.common
Expected: ÛŒÙˆÙ†Ø§Ù†
     got: ?????
 ; [cca2=GR].translations.per.official
Expected: Ø¬Ù…Ù‡ÙˆØ±ÛŒ ÛŒÙˆÙ†Ø§Ù†
     got: ?????? ?????
 ; [cca2=GR].translations.por.common
Expected: GrÃ©cia
     got: Grécia
 ; [cca2=GR].translations.por.official
Expected: RepÃºblica HelÃ©nica
     got: República Helénica
 ; [cca2=GR].translations.rus.common
Expected: Ð“Ñ€ÐµÑ†Ð¸Ñ?
     got: ??????
 ; [cca2=GR].translations.rus.official
Expected: Ð“Ñ€ÐµÑ‡ÐµÑ?ÐºÐ°Ñ? Ð ÐµÑ?Ð¿ÑƒÐ±Ð»Ð¸ÐºÐ°
     got: ????????? ??????????
 ; [cca2=GR].translations.slk.common
Expected: GreÃ©cko
     got: Greécko
 ; [cca2=GR].translations.slk.official
Expected: GrÃ©cka republika
     got: Grécka republika
 ; [cca2=GR].translations.spa.official
Expected: RepÃºblica HelÃ©nica
     got: República Helénica
 ; [cca2=GR].translations.srp.common
Expected: Ð“Ñ€Ñ‡ÐºÐ°
     got: ?????
 ; [cca2=GR].translations.srp.official
Expected: Ð¥ÐµÐ»ÐµÐ½Ñ?ÐºÐ° Ð ÐµÐ¿ÑƒÐ±Ð»Ð¸ÐºÐ°
     got: ???????? ?????????
 ; [cca2=GR].translations.urd.common
Expected: ÛŒÙˆÙ†Ø§Ù†
     got: ?????
 ; [cca2=GR].translations.urd.official
Expected: Ø¬Ù…Û?ÙˆØ±ÛŒÛ? Û?ÛŒÙ„ÛŒÙ†ÛŒÛ?
     got: ??????? ???????
 ; [cca2=GR].translations.zho.common
Expected: å¸Œè…Š
     got: ??
 ; [cca2=GR].translations.zho.official
Expected: å¸Œè…Šå…±å’Œå›½
     got: ?????
 ; [cca2=GS].currencies.SHP.symbol
Expected: Â£
     got: £
 ; [cca2=GS].flag
Expected: ðŸ‡¬ðŸ‡¸
     got: ??
 ; [cca2=GS].translations.ara.common
Expected: Ø¬ÙˆØ±Ø¬ÙŠØ§ Ø§Ù„Ø¬Ù†ÙˆØ¨ÙŠØ©
     got: ?????? ????????
 ; [cca2=GS].translations.ara.official
Expected: Ø¬ÙˆØ±Ø¬ÙŠØ§ Ø§Ù„Ø¬Ù†ÙˆØ¨ÙŠØ© ÙˆØ¬Ø²Ø± Ø³Ø§Ù†Ø¯ÙˆØªØ´ Ø§Ù„Ø¬Ù†ÙˆØ¨ÙŠØ©
     got: ?????? ???????? ???? ??????? ????????
 ; [cca2=GS].translations.ces.common
Expected: JiÅ¾nÃ­ Georgie a JiÅ¾nÃ­ Sandwichovy ostrovy
     got: Jižní Georgie a Jižní Sandwichovy ostrovy
 ; [cca2=GS].translations.ces.official
Expected: JiÅ¾nÃ­ Georgie a JiÅ¾nÃ­ Sandwichovy ostrovy
     got: Jižní Georgie a Jižní Sandwichovy ostrovy
 ; [cca2=GS].translations.deu.common
Expected: SÃ¼dgeorgien und die SÃ¼dlichen Sandwichinseln
     got: Südgeorgien und die Südlichen Sandwichinseln
 ; [cca2=GS].translations.deu.official
Expected: SÃ¼dgeorgien und die SÃ¼dlichen Sandwichinseln
     got: Südgeorgien und die Südlichen Sandwichinseln
 ; [cca2=GS].translations.est.common
Expected: LÃµuna-Georgia ja LÃµuna-Sandwichi saared
     got: Lõuna-Georgia ja Lõuna-Sandwichi saared
 ; [cca2=GS].translations.est.official
Expected: LÃµuna-Georgia ja LÃµuna-Sandwichi saared
     got: Lõuna-Georgia ja Lõuna-Sandwichi saared
 ; [cca2=GS].translations.fin.common
Expected: EtelÃ¤-Georgia ja EtelÃ¤iset Sandwichsaaret
     got: Etelä-Georgia ja Eteläiset Sandwichsaaret
 ; [cca2=GS].translations.fin.official
Expected: EtelÃ¤-Georgia ja EtelÃ¤iset Sandwichsaaret
     got: Etelä-Georgia ja Eteläiset Sandwichsaaret
 ; [cca2=GS].translations.fra.common
Expected: GÃ©orgie du Sud-et-les ÃŽles Sandwich du Sud
     got: Géorgie du Sud-et-les Îles Sandwich du Sud
 ; [cca2=GS].translations.fra.official
Expected: GÃ©orgie du Sud et les Ã®les Sandwich du Sud
     got: Géorgie du Sud et les îles Sandwich du Sud
 ; [cca2=GS].translations.hrv.common
Expected: JuÅ¾na Georgija i otoÄ?je JuÅ¾ni Sandwich
     got: Južna Georgija i oto?je Južni Sandwich
 ; [cca2=GS].translations.hrv.official
Expected: JuÅ¾na DÅ¾ordÅ¾ija i Otoci JuÅ¾ni SendviÄ?
     got: Južna Džordžija i Otoci Južni Sendvi?
 ; [cca2=GS].translations.hun.common
Expected: DÃ©li-Georgia Ã©s DÃ©li-Sandwich-szigetek
     got: Déli-Georgia és Déli-Sandwich-szigetek
 ; [cca2=GS].translations.hun.official
Expected: DÃ©li-Georgia Ã©s DÃ©li-Sandwich-szigetek
     got: Déli-Georgia és Déli-Sandwich-szigetek
 ; [cca2=GS].translations.jpn.common
Expected: ã‚µã‚¦ã‚¹ã‚¸ãƒ§ãƒ¼ã‚¸ã‚¢ãƒ»ã‚µã‚¦ã‚¹ã‚µãƒ³ãƒ‰ã‚¦ã‚£ãƒƒãƒ?è«¸å³¶
     got: ?????????????????????
 ; [cca2=GS].translations.jpn.official
Expected: ã‚µã‚¦ã‚¹ã‚¸ãƒ§ãƒ¼ã‚¸ã‚¢Â·ã‚µã‚¦ã‚¹ã‚µãƒ³ãƒ‰ã‚¦ã‚£ãƒƒãƒ?è«¸å³¶
     got: ????????·????????????
 ; [cca2=GS].translations.kor.common
Expected: ì¡°ì§€ì•„
     got: ???
 ; [cca2=GS].translations.kor.official
Expected: ì¡°ì§€ì•„
     got: ???
 ; [cca2=GS].translations.nld.official
Expected: Zuid-GeorgiÃ« en de Zuidelijke Sandwich-eilanden
     got: Zuid-Georgië en de Zuidelijke Sandwich-eilanden
 ; [cca2=GS].translations.per.common
Expected: Ø¬Ø²Ø§ÛŒØ± Ø¬ÙˆØ±Ø¬ÛŒØ§ÛŒ Ø¬Ù†ÙˆØ¨ÛŒ Ùˆ Ø³Ø§Ù†Ø¯ÙˆÛŒÚ† Ø¬Ù†ÙˆØ¨ÛŒ
     got: ????? ??????? ????? ? ??????? ?????
 ; [cca2=GS].translations.per.official
Expected: Ø¬Ø²Ø§ÛŒØ± Ø¬ÙˆØ±Ø¬ÛŒØ§ÛŒ Ø¬Ù†ÙˆØ¨ÛŒ Ùˆ Ø³Ø§Ù†Ø¯ÙˆÛŒÚ† Ø¬Ù†ÙˆØ¨ÛŒ
     got: ????? ??????? ????? ? ??????? ?????
 ; [cca2=GS].translations.pol.common
Expected: Georgia PoÅ‚udniowa i Sandwich PoÅ‚udniowy
     got: Georgia Po?udniowa i Sandwich Po?udniowy
 ; [cca2=GS].translations.pol.official
Expected: Georgia PoÅ‚udniowa i Sandwich PoÅ‚udniowy
     got: Georgia Po?udniowa i Sandwich Po?udniowy
 ; [cca2=GS].translations.por.common
Expected: Ilhas GeÃ³rgia do Sul e Sandwich do Sul
     got: Ilhas Geórgia do Sul e Sandwich do Sul
 ; [cca2=GS].translations.por.official
Expected: GeÃ³rgia do Sul e Sandwich do Sul
     got: Geórgia do Sul e Sandwich do Sul
 ; [cca2=GS].translations.rus.common
Expected: Ð®Ð¶Ð½Ð°Ñ? Ð“ÐµÐ¾Ñ€Ð³Ð¸Ñ? Ð¸ Ð®Ð¶Ð½Ñ‹Ðµ Ð¡Ð°Ð½Ð´Ð²Ð¸Ñ‡ÐµÐ²Ñ‹ Ð¾Ñ?Ñ‚Ñ€Ð¾Ð²Ð°
     got: ????? ??????? ? ????? ?????????? ???????
 ; [cca2=GS].translations.rus.official
Expected: Ð®Ð¶Ð½Ð°Ñ? Ð“ÐµÐ¾Ñ€Ð³Ð¸Ñ? Ð¸ Ð®Ð¶Ð½Ñ‹Ðµ Ð¡Ð°Ð½Ð´Ð²Ð¸Ñ‡ÐµÐ²Ñ‹ Ð¾Ñ?Ñ‚Ñ€Ð¾Ð²Ð°
     got: ????? ??????? ? ????? ?????????? ???????
 ; [cca2=GS].translations.slk.common
Expected: JuÅ¾nÃ¡ Georgia a JuÅ¾nÃ© Sandwichove ostrovy
     got: Južná Georgia a Južné Sandwichove ostrovy
 ; [cca2=GS].translations.slk.official
Expected: JuÅ¾nÃ¡ Georgia a JuÅ¾nÃ© Sandwichove ostrovy
     got: Južná Georgia a Južné Sandwichove ostrovy
 ; [cca2=GS].translations.srp.common
Expected: ÐˆÑƒÐ¶Ð½Ð° Ð?Ð¾Ñ€ÑŸÐ¸Ñ˜Ð° Ð¸ ÐˆÑƒÐ¶Ð½Ð° Ð¡ÐµÐ½Ð´Ð²Ð¸Ñ‡ÐºÐ° ÐžÑ?Ñ‚Ñ€Ð²Ð°
     got: ????? ??????? ? ????? ????????? ??????
 ; [cca2=GS].translations.srp.official
Expected: ÐˆÑƒÐ¶Ð½Ð° Ð?Ð¾Ñ€ÑŸÐ¸Ñ˜Ð° Ð¸ ÐˆÑƒÐ¶Ð½Ð° Ð¡ÐµÐ½Ð´Ð²Ð¸Ñ‡ÐºÐ° ÐžÑ?Ñ‚Ñ€Ð²Ð°
     got: ????? ??????? ? ????? ????????? ??????
 ; [cca2=GS].translations.tur.common
Expected: GÃ¼ney Georgia ve GÃ¼ney Sandwich AdalarÄ±
     got: Güney Georgia ve Güney Sandwich Adalar?
 ; [cca2=GS].translations.tur.official
Expected: GÃ¼ney Georgia ve GÃ¼ney Sandwich AdalarÄ±
     got: Güney Georgia ve Güney Sandwich Adalar?
 ; [cca2=GS].translations.urd.common
Expected: Ø¬Ù†ÙˆØ¨ÛŒ Ø¬Ø§Ø±Ø¬ÛŒØ§
     got: ????? ??????
 ; [cca2=GS].translations.urd.official
Expected: Ø¬Ù†ÙˆØ¨ÛŒ Ø¬Ø§Ø±Ø¬ÛŒØ§ Ùˆ Ø¬Ø²Ø§Ø¦Ø± Ø¬Ù†ÙˆØ¨ÛŒ Ø³ÛŒÙ†ÚˆÙˆÚ†
     got: ????? ?????? ? ????? ????? ??????
 ; [cca2=GS].translations.zho.common
Expected: å?—ä¹”æ²»äºš
     got: ????
 ; [cca2=GS].translations.zho.official
Expected: å?—ä¹”æ²»äºšå²›å’Œå?—æ¡‘å¨?å¥‡ç¾¤å²›
     got: ????????????
 ; [cca2=GT].demonyms.fra.f
Expected: GuatÃ©maltÃ¨que
     got: Guatémaltèque
 ; [cca2=GT].demonyms.fra.m
Expected: GuatÃ©maltÃ¨que
     got: Guatémaltèque
 ; [cca2=GT].flag
Expected: ðŸ‡¬ðŸ‡¹
     got: ??
 ; [cca2=GT].name.nativeName.spa.official
Expected: RepÃºblica de Guatemala
     got: República de Guatemala
 ; [cca2=GT].translations.ara.common
Expected: ØºÙˆØ§ØªÙŠÙ…Ø§Ù„Ø§
     got: ?????????
 ; [cca2=GT].translations.ara.official
Expected: Ø¬Ù…Ù‡ÙˆØ±ÙŠØ© ØºÙˆØ§ØªÙŠÙ…Ø§Ù„Ø§
     got: ??????? ?????????
 ; [cca2=GT].translations.fra.official
Expected: RÃ©publique du Guatemala
     got: République du Guatemala
 ; [cca2=GT].translations.hun.official
Expected: Guatemalai KÃ¶ztÃ¡rsasÃ¡g
     got: Guatemalai Köztársaság
 ; [cca2=GT].translations.jpn.common
Expected: ã‚°ã‚¢ãƒ†ãƒžãƒ©
     got: ?????
 ; [cca2=GT].translations.jpn.official
Expected: ã‚°ã‚¢ãƒ†ãƒžãƒ©å…±å’Œå›½
     got: ????????
 ; [cca2=GT].translations.kor.common
Expected: ê³¼í…Œë§?ë?¼
     got: ????
 ; [cca2=GT].translations.kor.official
Expected: ê³¼í…Œë§?ë?¼ ê³µí™”êµ­
     got: ???? ???
 ; [cca2=GT].translations.per.common
Expected: Ú¯ÙˆØ§ØªÙ?Ù…Ø§Ù„Ø§
     got: ?????????
 ; [cca2=GT].translations.per.official
Expected: Ø¬Ù…Ù‡ÙˆØ±ÛŒ Ú¯ÙˆØ§ØªÙ?Ù…Ø§Ù„Ø§
     got: ?????? ?????????
 ; [cca2=GT].translations.por.official
Expected: RepÃºblica da Guatemala
     got: República da Guatemala
 ; [cca2=GT].translations.rus.common
Expected: Ð“Ð²Ð°Ñ‚ÐµÐ¼Ð°Ð»Ð°
     got: ?????????
 ; [cca2=GT].translations.rus.official
Expected: Ð ÐµÑ?Ð¿ÑƒÐ±Ð»Ð¸ÐºÐ° Ð“Ð²Ð°Ñ‚ÐµÐ¼Ð°Ð»Ð°
     got: ?????????? ?????????
 ; [cca2=GT].translations.slk.official
Expected: GuatemalskÃ¡ republika
     got: Guatemalská republika
 ; [cca2=GT].translations.spa.official
Expected: RepÃºblica de Guatemala
     got: República de Guatemala
 ; [cca2=GT].translations.srp.common
Expected: Ð“Ð²Ð°Ñ‚ÐµÐ¼Ð°Ð»Ð°
     got: ?????????
 ; [cca2=GT].translations.srp.official
Expected: Ð ÐµÐ¿ÑƒÐ±Ð»Ð¸ÐºÐ° Ð“Ð²Ð°Ñ‚ÐµÐ¼Ð°Ð»Ð°
     got: ????????? ?????????
 ; [cca2=GT].translations.urd.common
Expected: Ú¯ÙˆØ§ØªÛŒÙ…Ø§Ù„Ø§
     got: ?????????
 ; [cca2=GT].translations.urd.official
Expected: Ø¬Ù…Û?ÙˆØ±ÛŒÛ? Ú¯ÙˆØ§ØªÛŒÙ…Ø§Ù„Ø§
     got: ??????? ?????????
 ; [cca2=GT].translations.zho.common
Expected: å?±åœ°é©¬æ‹‰
     got: ????
 ; [cca2=GT].translations.zho.official
Expected: å?±åœ°é©¬æ‹‰å…±å’Œå›½
     got: ???????
 ; [cca2=GU].altSpellings[]
Expected: GuÃ¥hÃ¥n
     but none found
 ; [cca2=GU].altSpellings[]
Unexpected: Guåhån
 ; [cca2=GU].capital[]
Expected: HagÃ¥tÃ±a
     but none found
 ; [cca2=GU].capital[]
Unexpected: Hagåtña
 ; [cca2=GU].flag
Expected: ðŸ‡¬ðŸ‡º
     got: ??
 ; [cca2=GU].name.nativeName.cha.common
Expected: GuÃ¥hÃ¥n
     got: Guåhån
 ; [cca2=GU].name.nativeName.cha.official
Expected: GuÃ¥hÃ¥n
     got: Guåhån
 ; [cca2=GU].translations.ara.common
Expected: ØºÙˆØ§Ù…
     got: ????
 ; [cca2=GU].translations.ara.official
Expected: ØºÙˆØ§Ù…
     got: ????
 ; [cca2=GU].translations.jpn.common
Expected: ã‚°ã‚¢ãƒ 
     got: ???
 ; [cca2=GU].translations.jpn.official
Expected: ã‚°ã‚¢ãƒ 
     got: ???
 ; [cca2=GU].translations.kor.common
Expected: ê´Œ
     got: ?
 ; [cca2=GU].translations.kor.official
Expected: ê´Œ
     got: ?
 ; [cca2=GU].translations.per.common
Expected: Ú¯ÙˆØ¢Ù…
     got: ????
 ; [cca2=GU].translations.per.official
Expected: Ú¯ÙˆØ¢Ù…
     got: ????
 ; [cca2=GU].translations.rus.common
Expected: Ð“ÑƒÐ°Ð¼
     got: ????
 ; [cca2=GU].translations.rus.official
Expected: Ð“ÑƒÐ°Ð¼
     got: ????
 ; [cca2=GU].translations.srp.common
Expected: Ð“ÑƒÐ°Ð¼
     got: ????
 ; [cca2=GU].translations.srp.official
Expected: Ð“ÑƒÐ°Ð¼
     got: ????
 ; [cca2=GU].translations.tur.official
Expected: Guam TopraÄŸÄ±
     got: Guam Topra??
 ; [cca2=GU].translations.urd.common
Expected: Ú¯ÙˆØ§Ù…
     got: ????
 ; [cca2=GU].translations.urd.official
Expected: Ú¯ÙˆØ§Ù…
     got: ????
 ; [cca2=GU].translations.zho.common
Expected: å…³å²›
     got: ??
 ; [cca2=GU].translations.zho.official
Expected: å…³å²›
     got: ??
 ; [cca2=GW].altSpellings[]
Expected: RepÃºblica da GuinÃ©-Bissau
     but none found
 ; [cca2=GW].altSpellings[]
Unexpected: República da Guiné-Bissau
 ; [cca2=GW].demonyms.fra.f
Expected: Bissau-GuinÃ©enne
     got: Bissau-Guinéenne
 ; [cca2=GW].demonyms.fra.m
Expected: Bissau-GuinÃ©en
     got: Bissau-Guinéen
 ; [cca2=GW].flag
Expected: ðŸ‡¬ðŸ‡¼
     got: ??
 ; [cca2=GW].name.nativeName.por.common
Expected: GuinÃ©-Bissau
     got: Guiné-Bissau
 ; [cca2=GW].name.nativeName.por.official
Expected: RepÃºblica da GuinÃ©-Bissau
     got: República da Guiné-Bissau
 ; [cca2=GW].name.nativeName.pov.common
Expected: GuinÃ©-Bissau
     got: Guiné-Bissau
 ; [cca2=GW].name.nativeName.pov.official
Expected: RepÃºblica da GuinÃ©-Bissau
     got: República da Guiné-Bissau
 ; [cca2=GW].translations.ara.common
Expected: ØºÙŠÙ†ÙŠØ§ Ø¨ÙŠØ³Ø§Ùˆ
     got: ????? ?????
 ; [cca2=GW].translations.ara.official
Expected: Ø¬Ù…Ù‡ÙˆØ±ÙŠØ© ØºÙŠÙ†ÙŠØ§ Ø¨ÙŠØ³Ø§Ùˆ
     got: ??????? ????? ?????
 ; [cca2=GW].translations.fra.common
Expected: GuinÃ©e-Bissau
     got: Guinée-Bissau
 ; [cca2=GW].translations.fra.official
Expected: RÃ©publique de GuinÃ©e-Bissau
     got: République de Guinée-Bissau
 ; [cca2=GW].translations.hun.official
Expected: Bissau-Guineai KÃ¶ztÃ¡rsasÃ¡g
     got: Bissau-Guineai Köztársaság
 ; [cca2=GW].translations.jpn.common
Expected: ã‚®ãƒ‹ã‚¢ãƒ“ã‚µã‚¦
     got: ??????
 ; [cca2=GW].translations.jpn.official
Expected: ã‚®ãƒ‹ã‚¢ãƒ“ã‚µã‚¦å…±å’Œå›½
     got: ?????????
 ; [cca2=GW].translations.kor.common
Expected: ê¸°ë‹ˆë¹„ì‚¬ìš°
     got: ?????
 ; [cca2=GW].translations.kor.official
Expected: ê¸°ë‹ˆë¹„ì‚¬ìš° ê³µí™”êµ­
     got: ????? ???
 ; [cca2=GW].translations.per.common
Expected: Ú¯ÛŒÙ†Ù‡ Ø¨ÛŒØ³Ø§Ø¦Ùˆ
     got: ???? ??????
 ; [cca2=GW].translations.per.official
Expected: Ø¬Ù…Ù‡ÙˆØ±ÛŒ Ú¯ÛŒÙ†Ù‡ Ø¨ÛŒØ³Ø§Ø¦Ùˆ
     got: ?????? ???? ??????
 ; [cca2=GW].translations.por.common
Expected: GuinÃ©-Bissau
     got: Guiné-Bissau
 ; [cca2=GW].translations.por.official
Expected: RepÃºblica da GuinÃ©-Bissau
     got: República da Guiné-Bissau
 ; [cca2=GW].translations.rus.common
Expected: Ð“Ð²Ð¸Ð½ÐµÑ?-Ð‘Ð¸Ñ?Ð°Ñƒ
     got: ??????-?????
 ; [cca2=GW].translations.rus.official
Expected: Ð ÐµÑ?Ð¿ÑƒÐ±Ð»Ð¸ÐºÐ° Ð“Ð²Ð¸Ð½ÐµÑ? -Ð‘Ð¸Ñ?Ð°Ñƒ
     got: ?????????? ?????? -?????
 ; [cca2=GW].translations.slk.official
Expected: Guinejsko-bissauskÃ¡ republika
     got: Guinejsko-bissauská republika
 ; [cca2=GW].translations.spa.common
Expected: Guinea-BisÃ¡u
     got: Guinea-Bisáu
 ; [cca2=GW].translations.spa.official
Expected: RepÃºblica de Guinea-Bissau
     got: República de Guinea-Bissau
 ; [cca2=GW].translations.srp.common
Expected: Ð“Ð²Ð¸Ð½ÐµÑ˜Ð° Ð‘Ð¸Ñ?Ð°Ð¾
     got: ??????? ?????
 ; [cca2=GW].translations.srp.official
Expected: Ð ÐµÐ¿ÑƒÐ±Ð»Ð¸ÐºÐ° Ð“Ð²Ð¸Ð½ÐµÑ˜Ð° Ð‘Ð¸Ñ?Ð°Ð¾
     got: ????????? ??????? ?????
 ; [cca2=GW].translations.urd.common
Expected: Ú¯Ù†ÛŒ Ø¨Ø³Ø§Ø¤
     got: ??? ????
 ; [cca2=GW].translations.urd.official
Expected: Ø¬Ù…Û?ÙˆØ±ÛŒÛ? Ú¯Ù†ÛŒ Ø¨Ø³Ø§Ø¤
     got: ??????? ??? ????
 ; [cca2=GW].translations.zho.common
Expected: å‡ å†…äºšæ¯”ç»?
     got: ?????
 ; [cca2=GW].translations.zho.official
Expected: å‡ å†…äºšæ¯”ç»?å…±å’Œå›½
     got: ????????
 ; [cca2=GY].flag
Expected: ðŸ‡¬ðŸ‡¾
     got: ??
 ; [cca2=GY].translations.ara.common
Expected: ØºÙŠØ§Ù†Ø§
     got: ?????
 ; [cca2=GY].translations.ara.official
Expected: Ø¬Ù…Ù‡ÙˆØ±ÙŠØ© ØºÙŠØ§Ù†Ø§ Ø§Ù„ØªØ¹Ø§ÙˆÙ†ÙŠØ©
     got: ??????? ????? ?????????
 ; [cca2=GY].translations.ces.official
Expected: KooperativnÃ­ republika Guyana
     got: Kooperativní republika Guyana
 ; [cca2=GY].translations.fra.official
Expected: RÃ©publique coopÃ©rative de Guyana
     got: République coopérative de Guyana
 ; [cca2=GY].translations.hun.official
Expected: Guyanai SzÃ¶vetkezeti KÃ¶ztÃ¡rsasÃ¡g
     got: Guyanai Szövetkezeti Köztársaság
 ; [cca2=GY].translations.jpn.common
Expected: ã‚¬ã‚¤ã‚¢ãƒŠ
     got: ????
 ; [cca2=GY].translations.jpn.official
Expected: ã‚¬ã‚¤ã‚¢ãƒŠã?®å?”å?Œå…±å’Œå›½
     got: ??????????
 ; [cca2=GY].translations.kor.common
Expected: ê°€ì?´ì•„ë‚˜
     got: ????
 ; [cca2=GY].translations.kor.official
Expected: ê°€ì?´ì•„ë‚˜ í˜‘ë?™ ê³µí™”êµ­
     got: ???? ?? ???
 ; [cca2=GY].translations.nld.official
Expected: CoÃ¶peratieve Republiek Guyana
     got: Coöperatieve Republiek Guyana
 ; [cca2=GY].translations.per.common
Expected: Ú¯ÙˆÛŒØ§Ù†
     got: ?????
 ; [cca2=GY].translations.per.official
Expected: Ø¬Ù…Ù‡ÙˆØ±ÛŒ ØªØ¹Ø§ÙˆÙ†ÛŒ Ú¯ÙˆÛŒØ§Ù†
     got: ?????? ?????? ?????
 ; [cca2=GY].translations.por.official
Expected: Co -operative RepÃºblica da Guiana
     got: Co -operative República da Guiana
 ; [cca2=GY].translations.rus.common
Expected: Ð“Ð°Ð¹Ð°Ð½Ð°
     got: ??????
 ; [cca2=GY].translations.rus.official
Expected: ÐšÐ¾Ð¾Ð¿ÐµÑ€Ð°Ñ‚Ð¸Ð²Ð½Ð°Ñ? Ð ÐµÑ?Ð¿ÑƒÐ±Ð»Ð¸ÐºÐ° Ð“Ð°Ð¹Ð°Ð½Ð°
     got: ????????????? ?????????? ??????
 ; [cca2=GY].translations.slk.official
Expected: GuyanskÃ¡ kooperatÃ­vna republika
     got: Guyanská kooperatívna republika
 ; [cca2=GY].translations.spa.official
Expected: RepÃºblica Cooperativa de Guyana
     got: República Cooperativa de Guyana
 ; [cca2=GY].translations.srp.common
Expected: Ð“Ð²Ð°Ñ˜Ð°Ð½Ð°
     got: ???????
 ; [cca2=GY].translations.srp.official
Expected: ÐšÐ¾Ð¾Ð¿ÐµÑ€Ð°Ñ‚Ð¸Ð²Ð½Ð° Ð ÐµÐ¿ÑƒÐ±Ð»Ð¸ÐºÐ° Ð“Ð²Ð°Ñ˜Ð°Ð½Ð°
     got: ???????????? ????????? ???????
 ; [cca2=GY].translations.urd.common
Expected: Ú¯ÛŒØ§Ù†Ø§
     got: ?????
 ; [cca2=GY].translations.urd.official
Expected: ØªØ¹Ø§ÙˆÙ†ÛŒ Ø¬Ù…Û?ÙˆØ±ÛŒÛ? Ú¯ÛŒØ§Ù†Ø§
     got: ?????? ??????? ?????
 ; [cca2=GY].translations.zho.common
Expected: åœ­äºšé‚£
     got: ???
 ; [cca2=GY].translations.zho.official
Expected: åœ­äºšé‚£å…±å’Œå›½
     got: ??????
 ; [cca2=XK].altSpellings[]
Expected: Ð ÐµÐ¿ÑƒÐ±Ð»Ð¸ÐºÐ° ÐšÐ¾Ñ?Ð¾Ð²Ð¾
     but none found
 ; [cca2=XK].altSpellings[]
Unexpected: ????????? ??????
 ; [cca2=XK].currencies.EUR.symbol
Expected: â‚¬
     got: €
 ; [cca2=XK].flag
Expected: ðŸ‡½ðŸ‡°
     got: ??
 ; [cca2=XK].name.nativeName.sqi.official
Expected: Republika e KosovÃ«s
     got: Republika e Kosovës
 ; [cca2=XK].name.nativeName.srp.common
Expected: ÐšÐ¾Ñ?Ð¾Ð²Ð¾
     got: ??????
 ; [cca2=XK].name.nativeName.srp.official
Expected: Ð ÐµÐ¿ÑƒÐ±Ð»Ð¸ÐºÐ° ÐšÐ¾Ñ?Ð¾Ð²Ð¾
     got: ????????? ??????
 ; [cca2=XK].translations.ara.common
Expected: ÙƒÙˆØ³ÙˆÙ?Ùˆ
     got: ??????
 ; [cca2=XK].translations.ara.official
Expected: Ø¬Ù…Ù‡ÙˆØ±ÙŠØ© ÙƒÙˆØ³ÙˆÙ?Ùˆ
     got: ??????? ??????
 ; [cca2=XK].translations.ces.official
Expected: KosovskÃ¡ republika
     got: Kosovská republika
 ; [cca2=XK].translations.fra.official
Expected: RÃ©publique du Kosovo
     got: République du Kosovo
 ; [cca2=XK].translations.hun.common
Expected: KoszovÃ³
     got: Koszovó
 ; [cca2=XK].translations.hun.official
Expected: KoszovÃ³
     got: Koszovó
 ; [cca2=XK].translations.kor.common
Expected: ì½”ì†Œë³´
     got: ???
 ; [cca2=XK].translations.kor.official
Expected: ì½”ì†Œë³´ ê³µí™”êµ­
     got: ??? ???
 ; [cca2=XK].translations.per.common
Expected: Ú©ÙˆØ²ÙˆÙˆ
     got: ?????
 ; [cca2=XK].translations.per.official
Expected: Ø¬Ù…Ù‡ÙˆØ±ÛŒ Ú©ÙˆØ²ÙˆÙˆ
     got: ?????? ?????
 ; [cca2=XK].translations.por.official
Expected: RepÃºblica do Kosovo
     got: República do Kosovo
 ; [cca2=XK].translations.rus.common
Expected: Ð ÐµÑ?Ð¿ÑƒÐ±Ð»Ð¸ÐºÐ° ÐšÐ¾Ñ?Ð¾Ð²Ð¾
     got: ?????????? ??????
 ; [cca2=XK].translations.rus.official
Expected: Ð ÐµÑ?Ð¿ÑƒÐ±Ð»Ð¸ÐºÐ° ÐšÐ¾Ñ?Ð¾Ð²Ð¾
     got: ?????????? ??????
 ; [cca2=XK].translations.spa.official
Expected: RepÃºblica de Kosovo
     got: República de Kosovo
 ; [cca2=XK].translations.srp.common
Expected: ÐšÐ¾Ñ?Ð¾Ð²Ð¾
     got: ??????
 ; [cca2=XK].translations.srp.official
Expected: Ð ÐµÐ¿ÑƒÐ±Ð»Ð¸ÐºÐ° ÐšÐ¾Ñ?Ð¾Ð²Ð¾
     got: ????????? ??????
 ; [cca2=XK].translations.urd.common
Expected: Ú©ÙˆØ³ÙˆÙˆÛ?
     got: ??????
 ; [cca2=XK].translations.urd.official
Expected: Ø¬Ù…Û?ÙˆØ±ÛŒÛ? Ú©ÙˆØ³ÙˆÙˆÛ?
     got: ??????? ??????
 ; [cca2=XK].translations.zho.common
Expected: ç§‘ç´¢æ²ƒ
     got: ???
 ; [cca2=XK].translations.zho.official
Expected: ç§‘ç´¢æ²ƒå…±å’Œå›½
     got: ??????
 ; [cca2=HK].flag
Expected: ðŸ‡­ðŸ‡°
     got: ??
 ; [cca2=HK].name.nativeName.zho.common
Expected: é¦™æ¸¯
     got: ??
 ; [cca2=HK].name.nativeName.zho.official
Expected: ä¸­å?Žäººæ°‘å…±å’Œå›½é¦™æ¸¯ç‰¹åˆ«è¡Œæ”¿åŒº
     got: ??????????????
 ; [cca2=HK].tld[]
Expected: .é¦™æ¸¯
     but none found
 ; [cca2=HK].tld[]
Unexpected: .??
 ; [cca2=HK].translations.ara.common
Expected: Ù‡ÙˆÙ†Øº ÙƒÙˆÙ†Øº
     got: ???? ????
 ; [cca2=HK].translations.ara.official
Expected: Ù…Ù†Ø·Ù‚Ø© Ù‡ÙˆÙ†Øº ÙƒÙˆÙ†Øº Ø§Ù„Ø§Ø¯Ø§Ø±ÙŠØ© Ø§Ù„ØªØ§Ø¨Ø¹Ø© Ù„Ø¬Ù…Ù‡ÙˆØ±ÙŠØ© Ø§Ù„ØµÙŠÙ† Ø§Ù„Ø´Ø¹Ø¨ÙŠØ©
     got: ????? ???? ???? ???????? ??????? ???????? ????? ???????
 ; [cca2=HK].translations.ces.official
Expected: ZvlÃ¡Å¡tnÃ­ administrativnÃ­ oblast ÄŒÃ­nskÃ© lidovÃ© republiky Hongkong
     got: Zvláštní administrativní oblast ?ínské lidové republiky Hongkong
 ; [cca2=HK].translations.fra.official
Expected: RÃ©gion administrative spÃ©ciale de Hong Kong de la RÃ©publique populaire de Chine
     got: Région administrative spéciale de Hong Kong de la République populaire de Chine
 ; [cca2=HK].translations.hrv.official
Expected: Hong Kong Posebnog upravnog podruÄ?jaNarodne Republike Kine
     got: Hong Kong Posebnog upravnog podru?jaNarodne Republike Kine
 ; [cca2=HK].translations.jpn.common
Expected: é¦™æ¸¯
     got: ??
 ; [cca2=HK].translations.jpn.official
Expected: ä¸­è?¯äººæ°‘å…±å’Œå›½é¦™æ¸¯ç‰¹åˆ¥è¡Œæ”¿åŒº
     got: ??????????????
 ; [cca2=HK].translations.kor.common
Expected: í™?ì½©
     got: ??
 ; [cca2=HK].translations.kor.official
Expected: ì¤‘í™”ì?¸ë¯¼ê³µí™”êµ­ í™?ì½© íŠ¹ë³„í–‰ì •êµ¬
     got: ??????? ?? ?????
 ; [cca2=HK].translations.per.common
Expected: Ù‡Ù?Ù†Ú¯ Ú©Ù?Ù†Ú¯
     got: ???? ????
 ; [cca2=HK].translations.per.official
Expected: Ù‡Ù?Ù†Ú¯ Ú©Ù?Ù†Ú¯
     got: ???? ????
 ; [cca2=HK].translations.pol.official
Expected: Specjalny Region Administracyjny ChiÅ„skiej Republiki Ludowej Hongkong
     got: Specjalny Region Administracyjny Chi?skiej Republiki Ludowej Hongkong
 ; [cca2=HK].translations.por.official
Expected: Hong Kong RegiÃ£o Administrativa Especial da RepÃºblica Popular da China
     got: Hong Kong Região Administrativa Especial da República Popular da China
 ; [cca2=HK].translations.rus.common
Expected: Ð“Ð¾Ð½ÐºÐ¾Ð½Ð³
     got: ???????
 ; [cca2=HK].translations.rus.official
Expected: Hong Kong Ð¡Ð¿ÐµÑ†Ð¸Ð°Ð»ÑŒÐ½Ñ‹Ð¹ Ð°Ð´Ð¼Ð¸Ð½Ð¸Ñ?Ñ‚Ñ€Ð°Ñ‚Ð¸Ð²Ð½Ñ‹Ð¹ Ñ€Ð°Ð¹Ð¾Ð½ ÐšÐ¸Ñ‚Ð°Ð¹Ñ?ÐºÐ¾Ð¹ Ð?Ð°Ñ€Ð¾Ð´Ð½Ð¾Ð¹ Ð ÐµÑ?Ð¿ÑƒÐ±Ð»Ð¸ÐºÐ¸ ÐšÐ¸Ñ‚Ð°Ñ?
     got: Hong Kong ??????????? ???????????????? ????? ????????? ???????? ?????????? ?????
 ; [cca2=HK].translations.slk.official
Expected: Å peciÃ¡lna administratÃ­vna oblasÅ¥ÄŒÃ­nskej Ä¾udovej republiky Hongkong
     got: Špeciálna administratívna oblas??ínskej ?udovej republiky Hongkong
 ; [cca2=HK].translations.spa.official
Expected: Hong Kong RegiÃ³n Administrativa Especial de la RepÃºblica Popular China
     got: Hong Kong Región Administrativa Especial de la República Popular China
 ; [cca2=HK].translations.srp.common
Expected: Ð¥Ð¾Ð½Ð³ÐºÐ¾Ð½Ð³
     got: ????????
 ; [cca2=HK].translations.srp.official
Expected: Ð¥Ð¾Ð½Ð³ÐºÐ¾Ð½Ð³ Ñ?Ð¿ÐµÑ†Ð¸Ñ˜Ð°Ð»Ð½Ð° Ð°Ð´Ð¼Ð¸Ð½Ð¸Ñ?Ñ‚Ñ€Ð°Ñ‚Ð¸Ð²Ð½Ð° Ð¾Ð±Ð»Ð°Ñ?Ñ‚ Ð?Ð°Ñ€Ð¾Ð´Ð½Ðµ Ð ÐµÐ¿ÑƒÐ±Ð»Ð¸ÐºÐµ ÐšÐ¸Ð½Ðµ
     got: ???????? ?????????? ??????????????? ?????? ??????? ????????? ????
 ; [cca2=HK].translations.tur.official
Expected: Ã‡in Halk Cumhuriyeti Hong Kong Ã–zel Ä°dari BÃ¶lgesi
     got: Çin Halk Cumhuriyeti Hong Kong Özel ?dari Bölgesi
 ; [cca2=HK].translations.urd.common
Expected: Û?Ø§Ù†Ú¯ Ú©Ø§Ù†Ú¯
     got: ???? ????
 ; [cca2=HK].translations.urd.official
Expected: Û?Ø§Ù†Ú¯ Ú©Ø§Ù†Ú¯ Ø¹ÙˆØ§Ù…ÛŒ Ø¬Ù…Û?ÙˆØ±ÛŒÛ? Ú†ÛŒÙ† Ú©Ø§ Ø®ØµÙˆØµÛŒ Ø§Ù†ØªØ¸Ø§Ù…ÛŒ Ø¹Ù„Ø§Ù‚Û?
     got: ???? ???? ????? ??????? ??? ?? ????? ??????? ?????
 ; [cca2=HM].flag
Expected: ðŸ‡­ðŸ‡²
     got: ??
 ; [cca2=HM].translations.ara.common
Expected: Ø¬Ø²ÙŠØ±Ø© Ù‡ÙŠØ±Ø¯ ÙˆØ¬Ø²Ø± Ù…Ø§ÙƒØ¯ÙˆÙ†Ø§Ù„Ø¯
     got: ????? ???? ???? ?????????
 ; [cca2=HM].translations.ara.official
Expected: Ø¬Ø²ÙŠØ±Ø© Ù‡ÙŠØ±Ø¯ ÙˆØ¬Ø²Ø± Ù…Ø§ÙƒØ¯ÙˆÙ†Ø§Ù„Ø¯
     got: ????? ???? ???? ?????????
 ; [cca2=HM].translations.ces.common
Expected: HeardÅ¯v ostrov a McDonaldovy ostrovy
     got: Heard?v ostrov a McDonaldovy ostrovy
 ; [cca2=HM].translations.ces.official
Expected: HeardÅ¯v ostrov a McDonaldovy ostrovy
     got: Heard?v ostrov a McDonaldovy ostrovy
 ; [cca2=HM].translations.fra.common
Expected: ÃŽles Heard-et-MacDonald
     got: Îles Heard-et-MacDonald
 ; [cca2=HM].translations.fra.official
Expected: Des Ã®les Heard et McDonald
     got: Des îles Heard et McDonald
 ; [cca2=HM].translations.hrv.common
Expected: Otok Heard i otoÄ?je McDonald
     got: Otok Heard i oto?je McDonald
 ; [cca2=HM].translations.hrv.official
Expected: Otok Heard i otoÄ?je McDonald
     got: Otok Heard i oto?je McDonald
 ; [cca2=HM].translations.hun.common
Expected: Heard-sziget Ã©s McDonald-szigetek
     got: Heard-sziget és McDonald-szigetek
 ; [cca2=HM].translations.hun.official
Expected: Heard-sziget Ã©s McDonald-szigetek
     got: Heard-sziget és McDonald-szigetek
 ; [cca2=HM].translations.jpn.common
Expected: ãƒ?ãƒ¼ãƒ‰å³¶ã?¨ãƒžã‚¯ãƒ‰ãƒŠãƒ«ãƒ‰è«¸å³¶
     got: ?????????????
 ; [cca2=HM].translations.jpn.official
Expected: ãƒ?ãƒ¼ãƒ‰å³¶ã?¨ãƒžã‚¯ãƒ‰ãƒŠãƒ«ãƒ‰è«¸å³¶
     got: ?????????????
 ; [cca2=HM].translations.kor.common
Expected: í—ˆë“œ ë§¥ë?„ë„?ë“œ ì œë?„
     got: ?? ???? ??
 ; [cca2=HM].translations.kor.official
Expected: í—ˆë“œ ë§¥ë?„ë„?ë“œ ì œë?„
     got: ?? ???? ??
 ; [cca2=HM].translations.per.common
Expected: Ø¬Ø²ÛŒØ±Ù‡ Ù‡Ø±Ø¯ Ùˆ Ø¬Ø²Ø§ÛŒØ± Ù…Ú©â€ŒØ¯ÙˆÙ†Ø§Ù„Ø¯
     got: ????? ??? ? ????? ?????????
 ; [cca2=HM].translations.per.official
Expected: Ø¬Ø²ÛŒØ±Ù‡ Ù‡Ø±Ø¯ Ùˆ Ø¬Ø²Ø§ÛŒØ± Ù…Ú©â€ŒØ¯ÙˆÙ†Ø§Ù„Ø¯
     got: ????? ??? ? ????? ?????????
 ; [cca2=HM].translations.rus.common
Expected: ÐžÑ?Ñ‚Ñ€Ð¾Ð² Ð¥ÐµÑ€Ð´ Ð¸ Ð¾Ñ?Ñ‚Ñ€Ð¾Ð²Ð° ÐœÐ°ÐºÐ´Ð¾Ð½Ð°Ð»ÑŒÐ´
     got: ?????? ???? ? ??????? ??????????
 ; [cca2=HM].translations.rus.official
Expected: ÐžÑ?Ñ‚Ñ€Ð¾Ð² Ð¥ÐµÑ€Ð´ Ð¸ Ð¾Ñ?Ñ‚Ñ€Ð¾Ð²Ð° ÐœÐ°ÐºÐ´Ð¾Ð½Ð°Ð»ÑŒÐ´
     got: ?????? ???? ? ??????? ??????????
 ; [cca2=HM].translations.slk.official
Expected: TeritÃ³rium Heardovho ostrova a MacdonaldovÃ½ch ostrovov
     got: Teritórium Heardovho ostrova a Macdonaldových ostrovov
 ; [cca2=HM].translations.srp.common
Expected: ÐžÑ?Ñ‚Ñ€Ð²Ð° Ð¥ÐµÑ€Ð´ Ð¸ ÐœÐ°ÐºÐ´Ð¾Ð½Ð°Ð»Ð´
     got: ?????? ???? ? ?????????
 ; [cca2=HM].translations.srp.official
Expected: ÐžÑ?Ñ‚Ñ€Ð²Ð° Ð¥ÐµÑ€Ð´ Ð¸ ÐœÐ°ÐºÐ´Ð¾Ð½Ð°Ð»Ð´
     got: ?????? ???? ? ?????????
 ; [cca2=HM].translations.swe.common
Expected: Heard- och McDonaldÃ¶arna
     got: Heard- och McDonaldöarna
 ; [cca2=HM].translations.swe.official
Expected: Heard- och McDonaldÃ¶arna
     got: Heard- och McDonaldöarna
 ; [cca2=HM].translations.tur.common
Expected: Heard AdasÄ± ve McDonald AdalarÄ±
     got: Heard Adas? ve McDonald Adalar?
 ; [cca2=HM].translations.tur.official
Expected: Heard AdasÄ± ve McDonald AdalarÄ±
     got: Heard Adas? ve McDonald Adalar?
 ; [cca2=HM].translations.urd.common
Expected: Ø¬Ø²ÛŒØ±Û? Û?Ø±Úˆ Ùˆ Ø¬Ø²Ø§Ø¦Ø± Ù…Ú©ÚˆÙˆÙ†Ù„Úˆ
     got: ????? ??? ? ????? ???????
 ; [cca2=HM].translations.urd.official
Expected: Ø¬Ø²ÛŒØ±Û? Û?Ø±Úˆ Ùˆ Ø¬Ø²Ø§Ø¦Ø± Ù…Ú©ÚˆÙˆÙ†Ù„Úˆ
     got: ????? ??? ? ????? ???????
 ; [cca2=HM].translations.zho.common
Expected: èµ«å¾·å²›å’Œéº¦å½“åŠ³ç¾¤å²›
     got: ?????????
 ; [cca2=HM].translations.zho.official
Expected: èµ«å¾·å²›å’Œéº¦å½“åŠ³ç¾¤å²›
     got: ?????????
 ; [cca2=HN].altSpellings[]
Expected: RepÃºblica de Honduras
     but none found
 ; [cca2=HN].altSpellings[]
Unexpected: República de Honduras
 ; [cca2=HN].flag
Expected: ðŸ‡­ðŸ‡³
     got: ??
 ; [cca2=HN].name.nativeName.spa.official
Expected: RepÃºblica de Honduras
     got: República de Honduras
 ; [cca2=HN].translations.ara.common
Expected: Ù‡Ù†Ø¯ÙˆØ±Ø§Ø³
     got: ???????
 ; [cca2=HN].translations.ara.official
Expected: Ø¬Ù…Ù‡ÙˆØ±ÙŠØ© Ù‡Ù†Ø¯ÙˆØ±Ø§Ø³
     got: ??????? ???????
 ; [cca2=HN].translations.ces.official
Expected: HonduraskÃ¡ republika
     got: Honduraská republika
 ; [cca2=HN].translations.fra.official
Expected: RÃ©publique du Honduras
     got: République du Honduras
 ; [cca2=HN].translations.hun.official
Expected: Hondurasi KÃ¶ztÃ¡rsasÃ¡g
     got: Hondurasi Köztársaság
 ; [cca2=HN].translations.jpn.common
Expected: ãƒ›ãƒ³ã‚¸ãƒ¥ãƒ©ã‚¹
     got: ??????
 ; [cca2=HN].translations.jpn.official
Expected: ãƒ›ãƒ³ã‚¸ãƒ¥ãƒ©ã‚¹å…±å’Œå›½
     got: ?????????
 ; [cca2=HN].translations.kor.common
Expected: ì˜¨ë‘?ë?¼ìŠ¤
     got: ????
 ; [cca2=HN].translations.kor.official
Expected: ì˜¨ë‘?ë?¼ìŠ¤ ê³µí™”êµ­
     got: ???? ???
 ; [cca2=HN].translations.per.common
Expected: Ù‡Ù?Ù†Ø¯ÙˆØ±Ø§Ø³
     got: ????????
 ; [cca2=HN].translations.per.official
Expected: Ø¬Ù…Ù‡ÙˆØ±ÛŒ Ù‡Ù†Ø¯ÙˆØ±Ø§Ø³
     got: ?????? ???????
 ; [cca2=HN].translations.por.official
Expected: RepÃºblica de Honduras
     got: República de Honduras
 ; [cca2=HN].translations.rus.common
Expected: Ð“Ð¾Ð½Ð´ÑƒÑ€Ð°Ñ?
     got: ????????
 ; [cca2=HN].translations.rus.official
Expected: Ð ÐµÑ?Ð¿ÑƒÐ±Ð»Ð¸ÐºÐ° Ð“Ð¾Ð½Ð´ÑƒÑ€Ð°Ñ?
     got: ?????????? ????????
 ; [cca2=HN].translations.slk.official
Expected: HonduraskÃ¡ republika
     got: Honduraská republika
 ; [cca2=HN].translations.spa.official
Expected: RepÃºblica de Honduras
     got: República de Honduras
 ; [cca2=HN].translations.srp.common
Expected: Ð¥Ð¾Ð½Ð´ÑƒÑ€Ð°Ñ?
     got: ????????
 ; [cca2=HN].translations.srp.official
Expected: Ð ÐµÐ¿ÑƒÐ±Ð»Ð¸ÐºÐ° Ð¥Ð¾Ð½Ð´ÑƒÑ€Ð°Ñ?
     got: ????????? ????????
 ; [cca2=HN].translations.urd.common
Expected: Û?ÙˆÙ†ÚˆÙˆØ±Ø§Ø³
     got: ????????
 ; [cca2=HN].translations.urd.official
Expected: Ø¬Ù…Û?ÙˆØ±ÛŒÛ? Û?ÙˆÙ†ÚˆÙˆØ±Ø§Ø³
     got: ??????? ????????
 ; [cca2=HN].translations.zho.common
Expected: æ´ªéƒ½æ‹‰æ–¯
     got: ????
 ; [cca2=HN].translations.zho.official
Expected: æ´ªéƒ½æ‹‰æ–¯å…±å’Œå›½
     got: ???????
 ; [cca2=HR].currencies.EUR.symbol
Expected: â‚¬
     got: €
 ; [cca2=HR].flag
Expected: ðŸ‡­ðŸ‡·
     got: ??
 ; [cca2=HR].translations.ara.common
Expected: ÙƒØ±ÙˆØ§ØªÙŠØ§
     got: ???????
 ; [cca2=HR].translations.ara.official
Expected: Ø¬Ù…Ù‡ÙˆØ±ÙŠØ© ÙƒØ±ÙˆØ§ØªÙŠØ§
     got: ??????? ???????
 ; [cca2=HR].translations.ces.official
Expected: ChorvatskÃ¡ republika
     got: Chorvatská republika
 ; [cca2=HR].translations.fra.official
Expected: RÃ©publique de Croatie
     got: République de Croatie
 ; [cca2=HR].translations.hun.common
Expected: HorvÃ¡torszÃ¡g
     got: Horvátország
 ; [cca2=HR].translations.hun.official
Expected: HorvÃ¡t KÃ¶ztÃ¡rsasÃ¡g
     got: Horvát Köztársaság
 ; [cca2=HR].translations.jpn.common
Expected: ã‚¯ãƒ­ã‚¢ãƒ?ã‚¢
     got: ?????
 ; [cca2=HR].translations.jpn.official
Expected: ã‚¯ãƒ­ã‚¢ãƒ?ã‚¢å…±å’Œå›½
     got: ????????
 ; [cca2=HR].translations.kor.common
Expected: í?¬ë¡œì•„í‹°ì•„
     got: ?????
 ; [cca2=HR].translations.kor.official
Expected: í?¬ë¡œì•„í‹°ì•„ ê³µí™”êµ­
     got: ????? ???
 ; [cca2=HR].translations.nld.common
Expected: KroatiÃ«
     got: Kroatië
 ; [cca2=HR].translations.nld.official
Expected: Republiek KroatiÃ«
     got: Republiek Kroatië
 ; [cca2=HR].translations.per.common
Expected: Ú©Ø±Ù?ÙˆØ§Ø³ÛŒ
     got: ???????
 ; [cca2=HR].translations.per.official
Expected: Ø¬Ù…Ù‡ÙˆØ±ÛŒ Ú©Ø±ÙˆØ§Ø³ÛŒ
     got: ?????? ??????
 ; [cca2=HR].translations.por.common
Expected: CroÃ¡cia
     got: Croácia
 ; [cca2=HR].translations.por.official
Expected: RepÃºblica da CroÃ¡cia
     got: República da Croácia
 ; [cca2=HR].translations.rus.common
Expected: Ð¥Ð¾Ñ€Ð²Ð°Ñ‚Ð¸Ñ?
     got: ????????
 ; [cca2=HR].translations.rus.official
Expected: Ð ÐµÑ?Ð¿ÑƒÐ±Ð»Ð¸ÐºÐ° Ð¥Ð¾Ñ€Ð²Ð°Ñ‚Ð¸Ñ?
     got: ?????????? ????????
 ; [cca2=HR].translations.slk.common
Expected: ChorvÃ¡tsko
     got: Chorvátsko
 ; [cca2=HR].translations.slk.official
Expected: ChorvÃ¡tska republika
     got: Chorvátska republika
 ; [cca2=HR].translations.spa.official
Expected: RepÃºblica de Croacia
     got: República de Croacia
 ; [cca2=HR].translations.srp.common
Expected: Ð¥Ñ€Ð²Ð°Ñ‚Ñ?ÐºÐ°
     got: ????????
 ; [cca2=HR].translations.srp.official
Expected: Ð ÐµÐ¿ÑƒÐ±Ð»Ð¸ÐºÐ° Ð¥Ñ€Ð²Ð°Ñ‚Ñ?ÐºÐ°
     got: ????????? ????????
 ; [cca2=HR].translations.tur.common
Expected: HÄ±rvatistan
     got: H?rvatistan
 ; [cca2=HR].translations.tur.official
Expected: HÄ±rvatistan Cumhuriyeti
     got: H?rvatistan Cumhuriyeti
 ; [cca2=HR].translations.urd.common
Expected: Ú©Ø±ÙˆÛŒØ¦Ø´Ø§
     got: ???????
 ; [cca2=HR].translations.urd.official
Expected: Ø¬Ù…Û?ÙˆØ±ÛŒÛ? Ú©Ø±ÙˆÛŒØ¦Ø´Ø§
     got: ??????? ???????
 ; [cca2=HR].translations.zho.common
Expected: å…‹ç½—åœ°äºš
     got: ????
 ; [cca2=HR].translations.zho.official
Expected: å…‹ç½—åœ°äºšå…±å’Œå›½
     got: ???????
 ; [cca2=HT].altSpellings[]
Expected: RÃ©publique d'HaÃ¯ti
     but none found
 ; [cca2=HT].altSpellings[]
Unexpected: République d'Haïti
 ; [cca2=HT].demonyms.fra.f
Expected: HaÃ¯tienne
     got: Haïtienne
 ; [cca2=HT].demonyms.fra.m
Expected: HaÃ¯tien
     got: Haïtien
 ; [cca2=HT].flag
Expected: ðŸ‡­ðŸ‡¹
     got: ??
 ; [cca2=HT].name.nativeName.fra.common
Expected: HaÃ¯ti
     got: Haïti
 ; [cca2=HT].name.nativeName.fra.official
Expected: RÃ©publique d'HaÃ¯ti
     got: République d'Haïti
 ; [cca2=HT].translations.ara.common
Expected: Ù‡Ø§ÙŠØªÙŠ
     got: ?????
 ; [cca2=HT].translations.ara.official
Expected: Ø¬Ù…Ù‡ÙˆØ±ÙŠØ© Ù‡Ø§ÙŠØªÙŠ
     got: ??????? ?????
 ; [cca2=HT].translations.fra.common
Expected: HaÃ¯ti
     got: Haïti
 ; [cca2=HT].translations.fra.official
Expected: RÃ©publique d'HaÃ¯ti
     got: République d'Haïti
 ; [cca2=HT].translations.hun.official
Expected: Haiti KÃ¶ztÃ¡rsasÃ¡g
     got: Haiti Köztársaság
 ; [cca2=HT].translations.jpn.common
Expected: ãƒ?ã‚¤ãƒ?
     got: ???
 ; [cca2=HT].translations.jpn.official
Expected: ãƒ?ã‚¤ãƒ?å…±å’Œå›½
     got: ??????
 ; [cca2=HT].translations.kor.common
Expected: ì•„ì?´í‹°
     got: ???
 ; [cca2=HT].translations.kor.official
Expected: ì•„ì?´í‹° ê³µí™”êµ­
     got: ??? ???
 ; [cca2=HT].translations.nld.common
Expected: HaÃ¯ti
     got: Haïti
 ; [cca2=HT].translations.nld.official
Expected: Republiek HaÃ¯ti
     got: Republiek Haïti
 ; [cca2=HT].translations.per.common
Expected: Ù‡Ø§Ø¦ÛŒØªÛŒ
     got: ??????
 ; [cca2=HT].translations.per.official
Expected: Ø¬Ù…Ù‡ÙˆØ±ÛŒ Ù‡Ø§Ø¦ÛŒØªÛŒ
     got: ?????? ??????
 ; [cca2=HT].translations.por.official
Expected: RepÃºblica do Haiti
     got: República do Haiti
 ; [cca2=HT].translations.rus.common
Expected: Ð“Ð°Ð¸Ñ‚Ð¸
     got: ?????
 ; [cca2=HT].translations.rus.official
Expected: Ð ÐµÑ?Ð¿ÑƒÐ±Ð»Ð¸ÐºÐ° Ð“Ð°Ð¸Ñ‚Ð¸
     got: ?????????? ?????
 ; [cca2=HT].translations.slk.official
Expected: HaitskÃ¡ republika
     got: Haitská republika
 ; [cca2=HT].translations.spa.common
Expected: HaitÃ­
     got: Haití
 ; [cca2=HT].translations.spa.official
Expected: RepÃºblica de HaitÃ­
     got: República de Haití
 ; [cca2=HT].translations.srp.common
Expected: Ð¥Ð°Ð¸Ñ‚Ð¸
     got: ?????
 ; [cca2=HT].translations.srp.official
Expected: Ð ÐµÐ¿ÑƒÐ±Ð»Ð¸ÐºÐ° Ð¥Ð°Ð¸Ñ‚Ð¸
     got: ????????? ?????
 ; [cca2=HT].translations.urd.common
Expected: Û?ÛŒÙ¹ÛŒ
     got: ????
 ; [cca2=HT].translations.urd.official
Expected: Ø¬Ù…Û?ÙˆØ±ÛŒÛ? Û?ÛŒÙ¹ÛŒ
     got: ??????? ????
 ; [cca2=HT].translations.zho.common
Expected: æµ·åœ°
     got: ??
 ; [cca2=HT].translations.zho.official
Expected: æµ·åœ°å…±å’Œå›½
     got: ?????
 ; [cca2=YE].altSpellings[]
Expected: al-JumhÅ«riyyah al-Yamaniyyah
     but none found
 ; [cca2=YE].altSpellings[]
Unexpected: al-Jumh?riyyah al-Yamaniyyah
 ; [cca2=YE].currencies.YER.symbol
Expected: ï·¼
     got: ?
 ; [cca2=YE].demonyms.fra.f
Expected: YÃ©mÃ©nite
     got: Yéménite
 ; [cca2=YE].demonyms.fra.m
Expected: YÃ©mÃ©nite
     got: Yéménite
 ; [cca2=YE].flag
Expected: ðŸ‡¾ðŸ‡ª
     got: ??
 ; [cca2=YE].name.nativeName.ara.common
Expected: Ø§Ù„ÙŠÙŽÙ…ÙŽÙ†
     got: ???????
 ; [cca2=YE].name.nativeName.ara.official
Expected: Ø§Ù„Ø¬Ù…Ù‡ÙˆØ±ÙŠØ© Ø§Ù„ÙŠÙ…Ù†ÙŠØ©
     got: ????????? ???????
 ; [cca2=YE].translations.ara.common
Expected: Ø§Ù„ÙŠÙ…Ù†
     got: ?????
 ; [cca2=YE].translations.ara.official
Expected: Ø§Ù„Ø¬Ù…Ù‡ÙˆØ±ÙŠØ© Ø§Ù„ÙŠÙ…Ù†ÙŠØ©
     got: ????????? ???????
 ; [cca2=YE].translations.ces.official
Expected: JemenskÃ¡ republika
     got: Jemenská republika
 ; [cca2=YE].translations.fra.common
Expected: YÃ©men
     got: Yémen
 ; [cca2=YE].translations.fra.official
Expected: RÃ©publique du YÃ©men
     got: République du Yémen
 ; [cca2=YE].translations.hun.official
Expected: Jemeni KÃ¶ztÃ¡rsasÃ¡g
     got: Jemeni Köztársaság
 ; [cca2=YE].translations.jpn.common
Expected: ã‚¤ã‚¨ãƒ¡ãƒ³
     got: ????
 ; [cca2=YE].translations.jpn.official
Expected: ã‚¤ã‚¨ãƒ¡ãƒ³å…±å’Œå›½
     got: ???????
 ; [cca2=YE].translations.kor.common
Expected: ì˜ˆë©˜
     got: ??
 ; [cca2=YE].translations.kor.official
Expected: ì˜ˆë©˜ ê³µí™”êµ­
     got: ?? ???
 ; [cca2=YE].translations.per.common
Expected: ÛŒÙ…Ù†
     got: ???
 ; [cca2=YE].translations.per.official
Expected: Ø¬Ù…Ù‡ÙˆØ±ÛŒ ÛŒÙ…Ù†
     got: ?????? ???
 ; [cca2=YE].translations.pol.official
Expected: Republika JemeÅ„ska
     got: Republika Jeme?ska
 ; [cca2=YE].translations.por.common
Expected: IÃ©men
     got: Iémen
 ; [cca2=YE].translations.por.official
Expected: RepÃºblica do IÃªmen
     got: República do Iêmen
 ; [cca2=YE].translations.rus.common
Expected: Ð™ÐµÐ¼ÐµÐ½
     got: ?????
 ; [cca2=YE].translations.rus.official
Expected: Ð™ÐµÐ¼ÐµÐ½Ñ?ÐºÐ°Ñ? Ð ÐµÑ?Ð¿ÑƒÐ±Ð»Ð¸ÐºÐ°
     got: ????????? ??????????
 ; [cca2=YE].translations.slk.official
Expected: JemenskÃ¡ republika
     got: Jemenská republika
 ; [cca2=YE].translations.spa.official
Expected: RepÃºblica de Yemen
     got: República de Yemen
 ; [cca2=YE].translations.srp.common
Expected: ÐˆÐµÐ¼ÐµÐ½
     got: ?????
 ; [cca2=YE].translations.srp.official
Expected: Ð ÐµÐ¿ÑƒÐ±Ð»Ð¸ÐºÐ° ÐˆÐµÐ¼ÐµÐ½
     got: ????????? ?????
 ; [cca2=YE].translations.urd.common
Expected: ÛŒÙ…Ù†
     got: ???
 ; [cca2=YE].translations.urd.official
Expected: Ø¬Ù…Û?ÙˆØ±ÛŒÛ? ÛŒÙ…Ù†
     got: ??????? ???
 ; [cca2=YE].translations.zho.common
Expected: ä¹Ÿé—¨
     got: ??
 ; [cca2=YE].translations.zho.official
Expected: ä¹Ÿé—¨å…±å’Œå›½
     got: ?????
 ; [cca2=HU].flag
Expected: ðŸ‡­ðŸ‡º
     got: ??
 ; [cca2=HU].name.nativeName.hun.common
Expected: MagyarorszÃ¡g
     got: Magyarország
 ; [cca2=HU].name.nativeName.hun.official
Expected: MagyarorszÃ¡g
     got: Magyarország
 ; [cca2=HU].translations.ara.common
Expected: Ø§Ù„Ù…Ø¬Ø±
     got: ?????
 ; [cca2=HU].translations.ara.official
Expected: Ø§Ù„Ø¬Ù…Ù‡ÙˆØ±ÙŠØ© Ø§Ù„Ù…Ø¬Ø±ÙŠØ©
     got: ????????? ???????
 ; [cca2=HU].translations.ces.common
Expected: MaÄ?arsko
     got: Ma?arsko
 ; [cca2=HU].translations.ces.official
Expected: MaÄ?arsko
     got: Ma?arsko
 ; [cca2=HU].translations.hrv.common
Expected: MaÄ‘arska
     got: Ma?arska
 ; [cca2=HU].translations.hrv.official
Expected: MadÅ¾arska
     got: Madžarska
 ; [cca2=HU].translations.hun.common
Expected: MagyarorszÃ¡g
     got: Magyarország
 ; [cca2=HU].translations.hun.official
Expected: MagyarorszÃ¡g
     got: Magyarország
 ; [cca2=HU].translations.jpn.common
Expected: ãƒ?ãƒ³ã‚¬ãƒªãƒ¼
     got: ?????
 ; [cca2=HU].translations.jpn.official
Expected: ãƒ?ãƒ³ã‚¬ãƒªãƒ¼
     got: ?????
 ; [cca2=HU].translations.kor.common
Expected: í—?ê°€ë¦¬
     got: ???
 ; [cca2=HU].translations.kor.official
Expected: í—?ê°€ë¦¬
     got: ???
 ; [cca2=HU].translations.per.common
Expected: Ù…Ø¬Ø§Ø±Ø³ØªØ§Ù†
     got: ????????
 ; [cca2=HU].translations.per.official
Expected: Ù…Ø¬Ø§Ø±Ø³ØªØ§Ù†
     got: ????????
 ; [cca2=HU].translations.pol.common
Expected: WÄ™gry
     got: W?gry
 ; [cca2=HU].translations.pol.official
Expected: WÄ™gry
     got: W?gry
 ; [cca2=HU].translations.rus.common
Expected: Ð’ÐµÐ½Ð³Ñ€Ð¸Ñ?
     got: ???????
 ; [cca2=HU].translations.rus.official
Expected: Ð’ÐµÐ½Ð³Ñ€Ð¸Ñ?
     got: ???????
 ; [cca2=HU].translations.slk.common
Expected: MaÄ?arsko
     got: Ma?arsko
 ; [cca2=HU].translations.slk.official
Expected: MaÄ?arsko
     got: Ma?arsko
 ; [cca2=HU].translations.spa.common
Expected: HungrÃ­a
     got: Hungría
 ; [cca2=HU].translations.spa.official
Expected: HungrÃ­a
     got: Hungría
 ; [cca2=HU].translations.srp.common
Expected: ÐœÐ°Ñ’Ð°Ñ€Ñ?ÐºÐ°
     got: ????????
 ; [cca2=HU].translations.srp.official
Expected: ÐœÐ°Ñ’Ð°Ñ€Ñ?ÐºÐ°
     got: ????????
 ; [cca2=HU].translations.urd.common
Expected: Ù…Ø¬Ø§Ø±Ø³ØªØ§Ù†
     got: ????????
 ; [cca2=HU].translations.urd.official
Expected: Ù…Ø¬Ø§Ø±Ø³ØªØ§Ù†
     got: ????????
 ; [cca2=HU].translations.zho.common
Expected: åŒˆç‰™åˆ©
     got: ???
 ; [cca2=HU].translations.zho.official
Expected: åŒˆç‰™åˆ©
     got: ???
 ; [cca2=YT].altSpellings[]
Expected: DÃ©partement de Mayotte
     but none found
 ; [cca2=YT].altSpellings[]
Unexpected: Département de Mayotte
 ; [cca2=YT].currencies.EUR.symbol
Expected: â‚¬
     got: €
 ; [cca2=YT].flag
Expected: ðŸ‡¾ðŸ‡¹
     got: ??
 ; [cca2=YT].name.nativeName.fra.official
Expected: DÃ©partement de Mayotte
     got: Département de Mayotte
 ; [cca2=YT].translations.ara.common
Expected: Ù…Ø§ÙŠÙˆØª
     got: ?????
 ; [cca2=YT].translations.ara.official
Expected: Ù…Ø§ÙŠÙˆØª
     got: ?????
 ; [cca2=YT].translations.deu.official
Expected: Ãœbersee-DÃ©partement Mayotte
     got: Übersee-Département Mayotte
 ; [cca2=YT].translations.fra.official
Expected: DÃ©partement de Mayotte
     got: Département de Mayotte
 ; [cca2=YT].translations.jpn.common
Expected: ãƒžãƒ¨ãƒƒãƒˆ
     got: ????
 ; [cca2=YT].translations.jpn.official
Expected: ãƒžãƒ¨ãƒƒãƒˆç§‘
     got: ?????
 ; [cca2=YT].translations.kor.common
Expected: ë§ˆìš”íŠ¸
     got: ???
 ; [cca2=YT].translations.kor.official
Expected: ë§ˆìš”íŠ¸
     got: ???
 ; [cca2=YT].translations.per.common
Expected: Ù…Ø§ÛŒÙˆØª
     got: ?????
 ; [cca2=YT].translations.per.official
Expected: Ù…Ø¬Ù…ÙˆØ¹Ù‡ Ø´Ù‡Ø±Ø³ØªØ§Ù†ÛŒ Ù…Ø§ÛŒÙˆØª
     got: ?????? ???????? ?????
 ; [cca2=YT].translations.rus.common
Expected: ÐœÐ°Ð¹Ð¾Ñ‚Ñ‚Ð°
     got: ???????
 ; [cca2=YT].translations.rus.official
Expected: Ð”ÐµÐ¿Ð°Ñ€Ñ‚Ð°Ð¼ÐµÐ½Ñ‚ ÐœÐ°Ð¹Ð¾Ñ‚Ñ‚Ð°
     got: ??????????? ???????
 ; [cca2=YT].translations.srp.common
Expected: ÐœÐ°Ñ˜Ð¾Ñ‚
     got: ?????
 ; [cca2=YT].translations.srp.official
Expected: ÐœÐ°Ñ˜Ð¾Ñ‚
     got: ?????
 ; [cca2=YT].translations.swe.official
Expected: DepartementsomrÃ¥det Mayotte
     got: Departementsområdet Mayotte
 ; [cca2=YT].translations.urd.common
Expected: Ù…Ø§ÛŒÙˆÙ¹
     got: ?????
 ; [cca2=YT].translations.urd.official
Expected: Ù…Ø§ÛŒÙˆÙ¹
     got: ?????
 ; [cca2=YT].translations.zho.common
Expected: é©¬çº¦ç‰¹
     got: ???
 ; [cca2=YT].translations.zho.official
Expected: é©¬çº¦ç‰¹
     got: ???
 ; [cca2=ID].demonyms.fra.f
Expected: IndonÃ©sienne
     got: Indonésienne
 ; [cca2=ID].demonyms.fra.m
Expected: IndonÃ©sien
     got: Indonésien
 ; [cca2=ID].flag
Expected: ðŸ‡®ðŸ‡©
     got: ??
 ; [cca2=ID].translations.ara.common
Expected: Ø¥Ù†Ø¯ÙˆÙ†ÙŠØ³ÙŠØ§
     got: ?????????
 ; [cca2=ID].translations.ara.official
Expected: Ø¬Ù…Ù‡ÙˆØ±ÙŠØ© Ø¥Ù†Ø¯ÙˆÙ†ÙŠØ³ÙŠØ§
     got: ??????? ?????????
 ; [cca2=ID].translations.ces.common
Expected: IndonÃ©sie
     got: Indonésie
 ; [cca2=ID].translations.ces.official
Expected: IndonÃ©skÃ¡ republika
     got: Indonéská republika
 ; [cca2=ID].translations.fra.common
Expected: IndonÃ©sie
     got: Indonésie
 ; [cca2=ID].translations.fra.official
Expected: RÃ©publique d'IndonÃ©sie
     got: République d'Indonésie
 ; [cca2=ID].translations.hun.common
Expected: IndonÃ©zia
     got: Indonézia
 ; [cca2=ID].translations.hun.official
Expected: IndonÃ©z KÃ¶ztÃ¡rsasÃ¡g
     got: Indonéz Köztársaság
 ; [cca2=ID].translations.jpn.common
Expected: ã‚¤ãƒ³ãƒ‰ãƒ?ã‚·ã‚¢
     got: ??????
 ; [cca2=ID].translations.jpn.official
Expected: ã‚¤ãƒ³ãƒ‰ãƒ?ã‚·ã‚¢å…±å’Œå›½
     got: ?????????
 ; [cca2=ID].translations.kor.common
Expected: ì?¸ë?„ë„¤ì‹œì•„
     got: ?????
 ; [cca2=ID].translations.kor.official
Expected: ì?¸ë?„ë„¤ì‹œì•„ ê³µí™”êµ­
     got: ????? ???
 ; [cca2=ID].translations.nld.common
Expected: IndonesiÃ«
     got: Indonesië
 ; [cca2=ID].translations.nld.official
Expected: Republiek IndonesiÃ«
     got: Republiek Indonesië
 ; [cca2=ID].translations.per.common
Expected: Ø§Ù†Ø¯ÙˆÙ†Ø²ÛŒ
     got: ???????
 ; [cca2=ID].translations.per.official
Expected: Ø¬Ù…Ù‡ÙˆØ±ÛŒ Ø§Ù†Ø¯ÙˆÙ†Ø²ÛŒ
     got: ?????? ???????
 ; [cca2=ID].translations.por.common
Expected: IndonÃ©sia
     got: Indonésia
 ; [cca2=ID].translations.por.official
Expected: RepÃºblica da IndonÃ©sia
     got: República da Indonésia
 ; [cca2=ID].translations.rus.common
Expected: Ð˜Ð½Ð´Ð¾Ð½ÐµÐ·Ð¸Ñ?
     got: ?????????
 ; [cca2=ID].translations.rus.official
Expected: Ð ÐµÑ?Ð¿ÑƒÐ±Ð»Ð¸ÐºÐ° Ð˜Ð½Ð´Ð¾Ð½ÐµÐ·Ð¸Ñ?
     got: ?????????? ?????????
 ; [cca2=ID].translations.slk.common
Expected: IndonÃ©zia
     got: Indonézia
 ; [cca2=ID].translations.slk.official
Expected: IndonÃ©zska republika
     got: Indonézska republika
 ; [cca2=ID].translations.spa.official
Expected: RepÃºblica de Indonesia
     got: República de Indonesia
 ; [cca2=ID].translations.srp.common
Expected: Ð˜Ð½Ð´Ð¾Ð½ÐµÐ·Ð¸Ñ˜Ð°
     got: ??????????
 ; [cca2=ID].translations.srp.official
Expected: Ð ÐµÐ¿ÑƒÐ±Ð»Ð¸ÐºÐ° Ð˜Ð½Ð´Ð¾Ð½ÐµÐ·Ð¸Ñ˜Ð°
     got: ????????? ??????????
 ; [cca2=ID].translations.urd.common
Expected: Ø§Ù†ÚˆÙˆÙ†ÛŒØ´ÛŒØ§
     got: ?????????
 ; [cca2=ID].translations.urd.official
Expected: Ø¬Ù…Û?ÙˆØ±ÛŒÛ? Ø§Ù†ÚˆÙˆÙ†ÛŒØ´ÛŒØ§
     got: ??????? ?????????
 ; [cca2=ID].translations.zho.common
Expected: å?°åº¦å°¼è¥¿äºš
     got: ?????
 ; [cca2=ID].translations.zho.official
Expected: å?°åº¦å°¼è¥¿äºšå…±å’Œå›½
     got: ????????
 ; [cca2=IE].altSpellings[]
Expected: Ã‰ire
     but none found
 ; [cca2=IE].altSpellings[]
Expected: Poblacht na hÃ‰ireann
     but none found
 ; [cca2=IE].altSpellings[]
Unexpected: Poblacht na hÉireann
 ; [cca2=IE].altSpellings[]
Unexpected: Éire
 ; [cca2=IE].currencies.EUR.symbol
Expected: â‚¬
     got: €
 ; [cca2=IE].flag
Expected: ðŸ‡®ðŸ‡ª
     got: ??
 ; [cca2=IE].name.nativeName.gle.common
Expected: Ã‰ire
     got: Éire
 ; [cca2=IE].name.nativeName.gle.official
Expected: Poblacht na hÃ‰ireann
     got: Poblacht na hÉireann
 ; [cca2=IE].translations.ara.common
Expected: Ø£ÙŠØ±Ù„Ù†Ø¯Ø§
     got: ???????
 ; [cca2=IE].translations.ara.official
Expected: Ø¬Ù…Ù‡ÙˆØ±ÙŠØ© Ø£ÙŠØ±Ù„Ù†Ø¯Ø§
     got: ??????? ???????
 ; [cca2=IE].translations.fra.official
Expected: RÃ©publique d'Irlande
     got: République d'Irlande
 ; [cca2=IE].translations.hun.common
Expected: Ã?rorszÃ¡g
     got: Írország
 ; [cca2=IE].translations.hun.official
Expected: Ã?r KÃ¶ztÃ¡rsasÃ¡g
     got: Ír Köztársaság
 ; [cca2=IE].translations.jpn.common
Expected: ã‚¢ã‚¤ãƒ«ãƒ©ãƒ³ãƒ‰
     got: ??????
 ; [cca2=IE].translations.jpn.official
Expected: ã‚¢ã‚¤ãƒ«ãƒ©ãƒ³ãƒ‰å…±å’Œå›½
     got: ?????????
 ; [cca2=IE].translations.kor.common
Expected: ì•„ì?¼ëžœë“œ
     got: ????
 ; [cca2=IE].translations.kor.official
Expected: ì•„ì?¼ëžœë“œ ê³µí™”êµ­
     got: ???? ???
 ; [cca2=IE].translations.per.common
Expected: Ø§ÛŒØ±Ù„Ù†Ø¯
     got: ??????
 ; [cca2=IE].translations.per.official
Expected: Ø§ÛŒØ±Ù„Ù†Ø¯
     got: ??????
 ; [cca2=IE].translations.por.official
Expected: RepÃºblica da Irlanda
     got: República da Irlanda
 ; [cca2=IE].translations.rus.common
Expected: Ð˜Ñ€Ð»Ð°Ð½Ð´Ð¸Ñ?
     got: ????????
 ; [cca2=IE].translations.rus.official
Expected: Ð˜Ñ€Ð»Ð°Ð½Ð´Ð¸Ñ?
     got: ????????
 ; [cca2=IE].translations.slk.common
Expected: Ã?rsko
     got: Írsko
 ; [cca2=IE].translations.slk.official
Expected: Ã?rska republika
     got: Írska republika
 ; [cca2=IE].translations.spa.official
Expected: RepÃºblica de Irlanda
     got: República de Irlanda
 ; [cca2=IE].translations.srp.common
Expected: Ð˜Ñ€Ñ?ÐºÐ°
     got: ?????
 ; [cca2=IE].translations.srp.official
Expected: Ð ÐµÐ¿ÑƒÐ±Ð»Ð¸ÐºÐ° Ð˜Ñ€Ñ?ÐºÐ°
     got: ????????? ?????
 ; [cca2=IE].translations.tur.common
Expected: Ä°rlanda
     got: ?rlanda
 ; [cca2=IE].translations.tur.official
Expected: Ä°rlanda Cumhuriyeti
     got: ?rlanda Cumhuriyeti
 ; [cca2=IE].translations.urd.common
Expected: Ø¬Ø²ÛŒØ±Û? Ø¢Ø¦Ø±Ù„ÛŒÙ†Úˆ
     got: ????? ???????
 ; [cca2=IE].translations.urd.official
Expected: Ø¬Ù…Û?ÙˆØ±ÛŒÛ? Ø¬Ø²ÛŒØ±Û? Ø¢Ø¦Ø±Ù„ÛŒÙ†Úˆ
     got: ??????? ????? ???????
 ; [cca2=IE].translations.zho.common
Expected: çˆ±å°”å…°
     got: ???
 ; [cca2=IE].translations.zho.official
Expected: çˆ±å°”å…°å…±å’Œå›½
     got: ??????
 ; [cca2=IL].altSpellings[]
Expected: MedÄ«nat YisrÄ?'el
     but none found
 ; [cca2=IL].altSpellings[]
Unexpected: Med?nat Yisr?'el
 ; [cca2=IL].currencies.ILS.symbol
Expected: â‚ª
     got: ?
 ; [cca2=IL].demonyms.fra.f
Expected: IsraÃ©lienne
     got: Israélienne
 ; [cca2=IL].demonyms.fra.m
Expected: IsraÃ©lien
     got: Israélien
 ; [cca2=IL].flag
Expected: ðŸ‡®ðŸ‡±
     got: ??
 ; [cca2=IL].flags.alt
Expected: The flag of Israel has a white field with a blue hexagram â€” the Magen David â€” centered between two equal horizontal blue bands situated near the top and bottom edges of the field.
     got: The flag of Israel has a white field with a blue hexagram — the Magen David — centered between two equal horizontal blue bands situated near the top and bottom edges of the field.
 ; [cca2=IL].name.nativeName.ara.common
Expected: Ø¥Ø³Ø±Ø§Ø¦ÙŠÙ„
     got: ???????
 ; [cca2=IL].name.nativeName.ara.official
Expected: Ø¯ÙˆÙ„Ø© Ø¥Ø³Ø±Ø§Ø¦ÙŠÙ„
     got: ???? ???????
 ; [cca2=IL].name.nativeName.heb.common
Expected: ×™×©×¨×?×œ
     got: ?????
 ; [cca2=IL].name.nativeName.heb.official
Expected: ×ž×“×™× ×ª ×™×©×¨×?×œ
     got: ????? ?????
 ; [cca2=IL].translations.ara.common
Expected: Ø¥Ø³Ø±Ø§Ø¦ÙŠÙ„
     got: ???????
 ; [cca2=IL].translations.ara.official
Expected: Ø¯ÙˆÙ„Ø© Ø¥Ø³Ø±Ø§Ø¦ÙŠÙ„
     got: ???? ???????
 ; [cca2=IL].translations.ces.official
Expected: StÃ¡t Izrael
     got: Stát Izrael
 ; [cca2=IL].translations.fra.common
Expected: IsraÃ«l
     got: Israël
 ; [cca2=IL].translations.fra.official
Expected: Ã‰tat d'IsraÃ«l
     got: État d'Israël
 ; [cca2=IL].translations.hrv.official
Expected: DrÅ¾ava Izrael
     got: Država Izrael
 ; [cca2=IL].translations.jpn.common
Expected: ã‚¤ã‚¹ãƒ©ã‚¨ãƒ«
     got: ?????
 ; [cca2=IL].translations.jpn.official
Expected: ã‚¤ã‚¹ãƒ©ã‚¨ãƒ«å›½
     got: ??????
 ; [cca2=IL].translations.kor.common
Expected: ì?´ìŠ¤ë?¼ì—˜
     got: ????
 ; [cca2=IL].translations.kor.official
Expected: ì?´ìŠ¤ë?¼ì—˜êµ­
     got: ?????
 ; [cca2=IL].translations.nld.common
Expected: IsraÃ«l
     got: Israël
 ; [cca2=IL].translations.nld.official
Expected: Staat IsraÃ«l
     got: Staat Israël
 ; [cca2=IL].translations.per.common
Expected: Ù?Ù„Ø³Ø·ÙŠÙ† Ø§Ø´ØºØ§Ù„ÛŒ
     got: ?????? ??????
 ; [cca2=IL].translations.per.official
Expected: Ù?Ù„Ø³Ø·ÙŠÙ† Ø§Ø´ØºØ§Ù„ÛŒ
     got: ?????? ??????
 ; [cca2=IL].translations.pol.official
Expected: PaÅ„stwo Izrael
     got: Pa?stwo Izrael
 ; [cca2=IL].translations.rus.common
Expected: Ð˜Ð·Ñ€Ð°Ð¸Ð»ÑŒ
     got: ???????
 ; [cca2=IL].translations.rus.official
Expected: Ð“Ð¾Ñ?ÑƒÐ´Ð°Ñ€Ñ?Ñ‚Ð²Ð¾ Ð˜Ð·Ñ€Ð°Ð¸Ð»ÑŒ
     got: ??????????? ???????
 ; [cca2=IL].translations.slk.official
Expected: IzraelskÃ½ Å¡tÃ¡t
     got: Izraelský štát
 ; [cca2=IL].translations.srp.common
Expected: Ð˜Ð·Ñ€Ð°ÐµÐ»
     got: ??????
 ; [cca2=IL].translations.srp.official
Expected: Ð”Ñ€Ð¶Ð°Ð²Ð° Ð˜Ð·Ñ€Ð°ÐµÐ»
     got: ?????? ??????
 ; [cca2=IL].translations.tur.common
Expected: Ä°srail
     got: ?srail
 ; [cca2=IL].translations.tur.official
Expected: Ä°srail Devleti
     got: ?srail Devleti
 ; [cca2=IL].translations.urd.common
Expected: Ø§Ø³Ø±Ø§Ø¦ÛŒÙ„
     got: ???????
 ; [cca2=IL].translations.urd.official
Expected: Ø±ÛŒØ§Ø³ØªÙ? Ø§Ø³Ø±Ø§Ø¦ÛŒÙ„
     got: ?????? ???????
 ; [cca2=IL].translations.zho.common
Expected: ä»¥è‰²åˆ—
     got: ???
 ; [cca2=IL].translations.zho.official
Expected: ä»¥è‰²åˆ—å›½
     got: ????
 ; [cca2=IM].currencies.GBP.symbol
Expected: Â£
     got: £
 ; [cca2=IM].currencies.IMP.symbol
Expected: Â£
     got: £
 ; [cca2=IM].flag
Expected: ðŸ‡®ðŸ‡²
     got: ??
 ; [cca2=IM].translations.ara.common
Expected: Ø¬Ø²ÙŠØ±Ø© Ù…Ø§Ù†
     got: ????? ???
 ; [cca2=IM].translations.ara.official
Expected: Ø¬Ø²ÙŠØ±Ø© Ù…Ø§Ù†
     got: ????? ???
 ; [cca2=IM].translations.fra.common
Expected: ÃŽle de Man
     got: Île de Man
 ; [cca2=IM].translations.jpn.common
Expected: ãƒžãƒ³å³¶
     got: ???
 ; [cca2=IM].translations.jpn.official
Expected: ãƒžãƒ³å³¶
     got: ???
 ; [cca2=IM].translations.kor.common
Expected: ë§¨ì„¬
     got: ??
 ; [cca2=IM].translations.kor.official
Expected: ë§¨ì„¬
     got: ??
 ; [cca2=IM].translations.per.common
Expected: Ø¬Ø²ÛŒØ±Ù‡Ù” Ù…ÙŽÙ†
     got: ?????? ???
 ; [cca2=IM].translations.per.official
Expected: Ø¬Ø²ÛŒØ±Ù‡Ù” Ù…ÙŽÙ†
     got: ?????? ???
 ; [cca2=IM].translations.rus.common
Expected: ÐžÑ?Ñ‚Ñ€Ð¾Ð² ÐœÑ?Ð½
     got: ?????? ???
 ; [cca2=IM].translations.rus.official
Expected: ÐžÑ?Ñ‚Ñ€Ð¾Ð² ÐœÑ?Ð½
     got: ?????? ???
 ; [cca2=IM].translations.srp.common
Expected: ÐžÑ?Ñ‚Ñ€Ð²Ð¾ ÐœÐµÐ½
     got: ?????? ???
 ; [cca2=IM].translations.srp.official
Expected: ÐžÑ?Ñ‚Ñ€Ð²Ð¾ ÐœÐµÐ½
     got: ?????? ???
 ; [cca2=IM].translations.tur.common
Expected: Man AdasÄ±
     got: Man Adas?
 ; [cca2=IM].translations.tur.official
Expected: Man AdasÄ±
     got: Man Adas?
 ; [cca2=IM].translations.urd.common
Expected: Ø¢Ø¦Ù„ Ø¢Ù? Ù…ÛŒÙ†
     got: ??? ?? ???
 ; [cca2=IM].translations.urd.official
Expected: Ø¢Ø¦Ù„ Ø¢Ù? Ù…ÛŒÙ†
     got: ??? ?? ???
 ; [cca2=IM].translations.zho.common
Expected: é©¬æ?©å²›
     got: ???
 ; [cca2=IM].translations.zho.official
Expected: é©¬æ?©å²›
     got: ???
 ; [cca2=IN].altSpellings[]
Expected: à®‡à®¨à¯?à®¤à®¿à®¯à®¾
     but none found
 ; [cca2=IN].altSpellings[]
Expected: BhÄ?rat
     but none found
 ; [cca2=IN].altSpellings[]
Unexpected: ???????
 ; [cca2=IN].altSpellings[]
Unexpected: Bh?rat
 ; [cca2=IN].currencies.INR.symbol
Expected: â‚¹
     got: ?
 ; [cca2=IN].flag
Expected: ðŸ‡®ðŸ‡³
     got: ??
 ; [cca2=IN].flags.alt
Expected: The flag of India is composed of three equal horizontal bands of saffron, white and green. A navy blue wheel with twenty-four spokes â€” the Ashoka Chakra â€” is centered in the white band.
     got: The flag of India is composed of three equal horizontal bands of saffron, white and green. A navy blue wheel with twenty-four spokes — the Ashoka Chakra — is centered in the white band.
 ; [cca2=IN].name.nativeName.hin.common
Expected: à¤­à¤¾à¤°à¤¤
     got: ????
 ; [cca2=IN].name.nativeName.hin.official
Expected: à¤­à¤¾à¤°à¤¤ à¤—à¤£à¤°à¤¾à¤œà¥?à¤¯
     got: ???? ???????
 ; [cca2=IN].name.nativeName.tam.common
Expected: à®‡à®¨à¯?à®¤à®¿à®¯à®¾
     got: ???????
 ; [cca2=IN].name.nativeName.tam.official
Expected: à®‡à®¨à¯?à®¤à®¿à®¯à®•à¯? à®•à¯?à®Ÿà®¿à®¯à®°à®šà¯?
     got: ???????? ????????
 ; [cca2=IN].translations.ara.common
Expected: Ø§Ù„Ù‡Ù†Ø¯
     got: ?????
 ; [cca2=IN].translations.ara.official
Expected: Ø¬Ù…Ù‡ÙˆØ±ÙŠØ© Ø§Ù„Ù‡Ù†Ø¯
     got: ??????? ?????
 ; [cca2=IN].translations.ces.official
Expected: IndickÃ¡ republika
     got: Indická republika
 ; [cca2=IN].translations.fra.official
Expected: RÃ©publique de l'Inde
     got: République de l'Inde
 ; [cca2=IN].translations.hun.official
Expected: Indiai KÃ¶ztÃ¡rsasÃ¡g
     got: Indiai Köztársaság
 ; [cca2=IN].translations.jpn.common
Expected: ã‚¤ãƒ³ãƒ‰
     got: ???
 ; [cca2=IN].translations.jpn.official
Expected: ã‚¤ãƒ³ãƒ‰å…±å’Œå›½
     got: ??????
 ; [cca2=IN].translations.kor.common
Expected: ì?¸ë?„
     got: ??
 ; [cca2=IN].translations.kor.official
Expected: ì?¸ë?„ ê³µí™”êµ­
     got: ?? ???
 ; [cca2=IN].translations.per.common
Expected: Ù‡Ù†Ø¯
     got: ???
 ; [cca2=IN].translations.per.official
Expected: Ø¬Ù…Ù‡ÙˆØ±ÛŒ Ù‡Ù†Ø¯ÙˆØ³ØªØ§Ù†
     got: ?????? ????????
 ; [cca2=IN].translations.por.common
Expected: Ã?ndia
     got: Índia
 ; [cca2=IN].translations.por.official
Expected: RepÃºblica da Ã?ndia
     got: República da Índia
 ; [cca2=IN].translations.rus.common
Expected: Ð˜Ð½Ð´Ð¸Ñ?
     got: ?????
 ; [cca2=IN].translations.rus.official
Expected: Ð ÐµÑ?Ð¿ÑƒÐ±Ð»Ð¸ÐºÐ° Ð˜Ð½Ð´Ð¸Ñ?
     got: ?????????? ?????
 ; [cca2=IN].translations.slk.official
Expected: IndickÃ¡ republika
     got: Indická republika
 ; [cca2=IN].translations.spa.official
Expected: RepÃºblica de la India
     got: República de la India
 ; [cca2=IN].translations.srp.common
Expected: Ð˜Ð½Ð´Ð¸Ñ˜Ð°
     got: ??????
 ; [cca2=IN].translations.srp.official
Expected: Ð ÐµÐ¿ÑƒÐ±Ð»Ð¸ÐºÐ° Ð˜Ð½Ð´Ð¸Ñ˜Ð°
     got: ????????? ??????
 ; [cca2=IN].translations.urd.common
Expected: Ø¨Ú¾Ø§Ø±Øª
     got: ?????
 ; [cca2=IN].translations.urd.official
Expected: Ø¬Ù…Û?ÙˆØ±ÛŒÛ? Ø¨Ú¾Ø§Ø±Øª
     got: ??????? ?????
 ; [cca2=IN].translations.zho.common
Expected: å?°åº¦
     got: ??
 ; [cca2=IN].translations.zho.official
Expected: å?°åº¦å…±å’Œå›½
     got: ?????
 ; [cca2=IO].flag
Expected: ðŸ‡®ðŸ‡´
     got: ??
 ; [cca2=IO].translations.ara.common
Expected: Ø¥Ù‚Ù„ÙŠÙ… Ø§Ù„Ù…Ø­ÙŠØ· Ø§Ù„Ù‡Ù†Ø¯ÙŠ Ø§Ù„Ø¨Ø±ÙŠØ·Ø§Ù†ÙŠ
     got: ????? ?????? ?????? ?????????
 ; [cca2=IO].translations.ara.official
Expected: Ø¥Ù‚Ù„ÙŠÙ… Ø§Ù„Ù…Ø­ÙŠØ· Ø§Ù„Ù‡Ù†Ø¯ÙŠ Ø§Ù„Ø¨Ø±ÙŠØ·Ø§Ù†ÙŠ
     got: ????? ?????? ?????? ?????????
 ; [cca2=IO].translations.ces.common
Expected: BritskÃ© indickooceÃ¡nskÃ© ÃºzemÃ­
     got: Britské indickooceánské území
 ; [cca2=IO].translations.ces.official
Expected: BritskÃ© indickooceÃ¡nskÃ© ÃºzemÃ­
     got: Britské indickooceánské území
 ; [cca2=IO].translations.fin.common
Expected: BrittilÃ¤inen Intian valtameren alue
     got: Brittiläinen Intian valtameren alue
 ; [cca2=IO].translations.fin.official
Expected: BrittilÃ¤inen Intian valtameren alue
     got: Brittiläinen Intian valtameren alue
 ; [cca2=IO].translations.fra.common
Expected: Territoire britannique de l'ocÃ©an Indien
     got: Territoire britannique de l'océan Indien
 ; [cca2=IO].translations.fra.official
Expected: Territoire britannique de l' ocÃ©an Indien
     got: Territoire britannique de l' océan Indien
 ; [cca2=IO].translations.hun.common
Expected: Brit Indiai-Ã³ceÃ¡ni TerÃ¼let
     got: Brit Indiai-óceáni Terület
 ; [cca2=IO].translations.hun.official
Expected: Brit Indiai-Ã³ceÃ¡ni TerÃ¼let
     got: Brit Indiai-óceáni Terület
 ; [cca2=IO].translations.jpn.common
Expected: ã‚¤ã‚®ãƒªã‚¹é ˜ã‚¤ãƒ³ãƒ‰æ´‹åœ°åŸŸ
     got: ???????????
 ; [cca2=IO].translations.jpn.official
Expected: ã‚¤ã‚®ãƒªã‚¹é ˜ã‚¤ãƒ³ãƒ‰æ´‹åœ°åŸŸ
     got: ???????????
 ; [cca2=IO].translations.kor.common
Expected: ì?¸ë?„
     got: ??
 ; [cca2=IO].translations.kor.official
Expected: ì?¸ë?„ ê³µí™”êµ­
     got: ?? ???
 ; [cca2=IO].translations.per.common
Expected: Ù‚Ù„Ù…Ø±Ùˆ Ø¨Ø±ÛŒØªØ§Ù†ÛŒØ§ Ø¯Ø± Ø§Ù‚ÛŒØ§Ù†ÙˆØ³ Ù‡Ù†Ø¯
     got: ????? ???????? ?? ??????? ???
 ; [cca2=IO].translations.per.official
Expected: Ù‚Ù„Ù…Ø±Ùˆ Ø¨Ø±ÛŒØªØ§Ù†ÛŒØ§ Ø¯Ø± Ø§Ù‚ÛŒØ§Ù†ÙˆØ³ Ù‡Ù†Ø¯
     got: ????? ???????? ?? ??????? ???
 ; [cca2=IO].translations.por.common
Expected: TerritÃ³rio BritÃ¢nico do Oceano Ã?ndico
     got: Território Britânico do Oceano Índico
 ; [cca2=IO].translations.rus.common
Expected: Ð‘Ñ€Ð¸Ñ‚Ð°Ð½Ñ?ÐºÐ°Ñ? Ñ‚ÐµÑ€Ñ€Ð¸Ñ‚Ð¾Ñ€Ð¸Ñ? Ð² Ð˜Ð½Ð´Ð¸Ð¹Ñ?ÐºÐ¾Ð¼ Ð¾ÐºÐµÐ°Ð½Ðµ
     got: ?????????? ?????????? ? ????????? ??????
 ; [cca2=IO].translations.rus.official
Expected: Ð‘Ñ€Ð¸Ñ‚Ð°Ð½Ñ?ÐºÐ°Ñ? Ñ‚ÐµÑ€Ñ€Ð¸Ñ‚Ð¾Ñ€Ð¸Ñ? Ð˜Ð½Ð´Ð¸Ð¹Ñ?ÐºÐ¾Ð³Ð¾ Ð¾ÐºÐµÐ°Ð½Ð°
     got: ?????????? ?????????? ?????????? ??????
 ; [cca2=IO].translations.slk.common
Expected: BritskÃ© indickooceÃ¡nske Ãºzemie
     got: Britské indickooceánske územie
 ; [cca2=IO].translations.slk.official
Expected: BritskÃ© indickooceÃ¡nske Ãºzemie
     got: Britské indickooceánske územie
 ; [cca2=IO].translations.spa.common
Expected: Territorio BritÃ¡nico del OcÃ©ano Ã?ndico
     got: Territorio Británico del Océano Índico
 ; [cca2=IO].translations.spa.official
Expected: Territorio BritÃ¡nico del OcÃ©ano Ã?ndico
     got: Territorio Británico del Océano Índico
 ; [cca2=IO].translations.srp.common
Expected: Ð‘Ñ€Ð¸Ñ‚Ð°Ð½Ñ?ÐºÐ° Ñ‚ÐµÑ€Ð¸Ñ‚Ð¾Ñ€Ð¸Ñ˜Ð° Ð˜Ð½Ð´Ð¸Ñ˜Ñ?ÐºÐ¾Ð³ Ð¾ÐºÐµÐ°Ð½Ð°
     got: ????????? ?????????? ????????? ??????
 ; [cca2=IO].translations.srp.official
Expected: Ð‘Ñ€Ð¸Ñ‚Ð°Ð½Ñ?ÐºÐ° Ñ‚ÐµÑ€Ð¸Ñ‚Ð¾Ñ€Ð¸Ñ˜Ð° Ð˜Ð½Ð´Ð¸Ñ˜Ñ?ÐºÐ¾Ð³ Ð¾ÐºÐµÐ°Ð½Ð°
     got: ????????? ?????????? ????????? ??????
 ; [cca2=IO].translations.tur.common
Expected: Britanya Hint Okyanusu TopraklarÄ±
     got: Britanya Hint Okyanusu Topraklar?
 ; [cca2=IO].translations.tur.official
Expected: Britanya Hint Okyanusu TopraklarÄ±
     got: Britanya Hint Okyanusu Topraklar?
 ; [cca2=IO].translations.urd.common
Expected: Ø¨Ø±Ø·Ø§Ù†ÙˆÛŒ Ø¨Ø­Ø±Û?Ù†Ø¯ Ø®Ø·Û?
     got: ??????? ?????? ???
 ; [cca2=IO].translations.urd.official
Expected: Ø¨Ø±Ø·Ø§Ù†ÙˆÛŒ Ø¨Ø­Ø±Û?Ù†Ø¯ Ø®Ø·Û?
     got: ??????? ?????? ???
 ; [cca2=IO].translations.zho.common
Expected: è‹±å±žå?°åº¦æ´‹é¢†åœ°
     got: ???????
 ; [cca2=IO].translations.zho.official
Expected: è‹±å±žå?°åº¦æ´‹é¢†åœ°
     got: ???????
 ; [cca2=ZA].flag
Expected: ðŸ‡¿ðŸ‡¦
     got: ??
 ; [cca2=ZA].name.nativeName.ven.official
Expected: Riphabuá¸½iki ya Afurika Tshipembe
     got: Riphabu?iki ya Afurika Tshipembe
 ; [cca2=ZA].translations.ara.common
Expected: Ø¬Ù†ÙˆØ¨ Ø£Ù?Ø±ÙŠÙ‚ÙŠØ§
     got: ???? ???????
 ; [cca2=ZA].translations.ara.official
Expected: Ø¬Ù…Ù‡ÙˆØ±ÙŠØ© Ø¬Ù†ÙˆØ¨ Ø£Ù?Ø±ÙŠÙ‚ÙŠØ§
     got: ??????? ???? ???????
 ; [cca2=ZA].translations.ces.common
Expected: JihoafrickÃ¡ republika
     got: Jihoafrická republika
 ; [cca2=ZA].translations.ces.official
Expected: JihoafrickÃ¡ republika
     got: Jihoafrická republika
 ; [cca2=ZA].translations.deu.common
Expected: SÃ¼dafrika
     got: Südafrika
 ; [cca2=ZA].translations.deu.official
Expected: Republik SÃ¼dafrika
     got: Republik Südafrika
 ; [cca2=ZA].translations.est.common
Expected: LÃµuna-Aafrika Vabariik
     got: Lõuna-Aafrika Vabariik
 ; [cca2=ZA].translations.est.official
Expected: LÃµuna-Aafrika Vabariik
     got: Lõuna-Aafrika Vabariik
 ; [cca2=ZA].translations.fin.common
Expected: EtelÃ¤-Afrikka
     got: Etelä-Afrikka
 ; [cca2=ZA].translations.fin.official
Expected: EtelÃ¤-Afrikan tasavalta
     got: Etelä-Afrikan tasavalta
 ; [cca2=ZA].translations.fra.official
Expected: RÃ©publique d'Afrique du Sud
     got: République d'Afrique du Sud
 ; [cca2=ZA].translations.hrv.common
Expected: JuÅ¾na Afrika
     got: Južna Afrika
 ; [cca2=ZA].translations.hrv.official
Expected: JuÅ¾noafriÄ?ka Republika
     got: Južnoafri?ka Republika
 ; [cca2=ZA].translations.hun.common
Expected: DÃ©l-afrikai KÃ¶ztÃ¡rsasÃ¡g
     got: Dél-afrikai Köztársaság
 ; [cca2=ZA].translations.hun.official
Expected: DÃ©l-afrikai KÃ¶ztÃ¡rsasÃ¡g
     got: Dél-afrikai Köztársaság
 ; [cca2=ZA].translations.jpn.common
Expected: å?—ã‚¢ãƒ•ãƒªã‚«
     got: ?????
 ; [cca2=ZA].translations.jpn.official
Expected: å?—ã‚¢ãƒ•ãƒªã‚«å…±å’Œå›½
     got: ????????
 ; [cca2=ZA].translations.kor.common
Expected: ë‚¨ì•„í”„ë¦¬ì¹´
     got: ?????
 ; [cca2=ZA].translations.kor.official
Expected: ë‚¨ì•„í”„ë¦¬ì¹´ ê³µí™”êµ­
     got: ????? ???
 ; [cca2=ZA].translations.per.common
Expected: Ø¢Ù?Ø±ÛŒÙ‚Ø§ÛŒ Ø¬Ù†ÙˆØ¨ÛŒ
     got: ??????? ?????
 ; [cca2=ZA].translations.per.official
Expected: Ø¬Ù…Ù‡ÙˆØ±ÛŒ Ø¢Ù?Ø±ÛŒÙ‚Ø§ÛŒ Ø¬Ù†ÙˆØ¨ÛŒ
     got: ?????? ??????? ?????
 ; [cca2=ZA].translations.pol.common
Expected: PoÅ‚udniowa Afryka
     got: Po?udniowa Afryka
 ; [cca2=ZA].translations.pol.official
Expected: Republika PoÅ‚udniowej Afryki
     got: Republika Po?udniowej Afryki
 ; [cca2=ZA].translations.por.common
Expected: Ã?frica do Sul
     got: África do Sul
 ; [cca2=ZA].translations.por.official
Expected: RepÃºblica da Ã?frica do Sul
     got: República da África do Sul
 ; [cca2=ZA].translations.rus.common
Expected: Ð®Ð¶Ð½Ð°Ñ? Ð?Ñ„Ñ€Ð¸ÐºÐ°
     got: ????? ??????
 ; [cca2=ZA].translations.rus.official
Expected: Ð®Ð¶Ð½Ð¾-Ð?Ñ„Ñ€Ð¸ÐºÐ°Ð½Ñ?ÐºÐ°Ñ? Ð ÐµÑ?Ð¿ÑƒÐ±Ð»Ð¸ÐºÐ°
     got: ????-??????????? ??????????
 ; [cca2=ZA].translations.slk.common
Expected: JuÅ¾nÃ¡ Afrika
     got: Južná Afrika
 ; [cca2=ZA].translations.slk.official
Expected: JuhoafrickÃ¡ republika
     got: Juhoafrická republika
 ; [cca2=ZA].translations.spa.common
Expected: SudÃ¡frica
     got: Sudáfrica
 ; [cca2=ZA].translations.spa.official
Expected: RepÃºblica de SudÃ¡frica
     got: República de Sudáfrica
 ; [cca2=ZA].translations.srp.common
Expected: ÐˆÑƒÐ¶Ð½Ð¾Ð°Ñ„Ñ€Ð¸Ñ‡ÐºÐ° Ð ÐµÐ¿ÑƒÐ±Ð»Ð¸ÐºÐ°
     got: ???????????? ?????????
 ; [cca2=ZA].translations.srp.official
Expected: Ð ÐµÐ¿ÑƒÐ±Ð»Ð¸ÐºÐ° ÐˆÑƒÐ¶Ð½Ð° Ð?Ñ„Ñ€Ð¸ÐºÐ°
     got: ????????? ????? ??????
 ; [cca2=ZA].translations.tur.common
Expected: GÃ¼ney Afrika
     got: Güney Afrika
 ; [cca2=ZA].translations.tur.official
Expected: GÃ¼ney Afrika Cumhuriyeti
     got: Güney Afrika Cumhuriyeti
 ; [cca2=ZA].translations.urd.common
Expected: Ø¬Ù†ÙˆØ¨ÛŒ Ø§Ù?Ø±ÛŒÙ‚Ø§
     got: ????? ??????
 ; [cca2=ZA].translations.urd.official
Expected: Ø¬Ù…Û?ÙˆØ±ÛŒÛ? Ø¬Ù†ÙˆØ¨ÛŒ Ø§Ù?Ø±ÛŒÙ‚Ø§
     got: ??????? ????? ??????
 ; [cca2=ZA].translations.zho.common
Expected: å?—é?ž
     got: ??
 ; [cca2=ZA].translations.zho.official
Expected: å?—é?žå…±å’Œå›½
     got: ?????
 ; [cca2=IQ].altSpellings[]
Expected: JumhÅ«riyyat al-â€˜IrÄ?q
     but none found
 ; [cca2=IQ].altSpellings[]
Unexpected: Jumh?riyyat al-‘Ir?q
 ; [cca2=IQ].currencies.IQD.symbol
Expected: Ø¹.Ø¯
     got: ?.?
 ; [cca2=IQ].flag
Expected: ðŸ‡®ðŸ‡¶
     got: ??
 ; [cca2=IQ].name.nativeName.ara.common
Expected: Ø§Ù„Ø¹Ø±Ø§Ù‚
     got: ??????
 ; [cca2=IQ].name.nativeName.ara.official
Expected: Ø¬Ù…Ù‡ÙˆØ±ÙŠØ© Ø§Ù„Ø¹Ø±Ø§Ù‚
     got: ??????? ??????
 ; [cca2=IQ].name.nativeName.arc.common
Expected: Ü©Ü˜Ü¼Ü›Ü¢ÜµÜ?
     got: ???????
 ; [cca2=IQ].name.nativeName.arc.official
Expected: Ü©Ü˜Ü¼Ü›Ü¢ÜµÜ? Ü?Ü?Ü¼ÜªÜ²Ü©
     got: ??????? ??????
 ; [cca2=IQ].name.nativeName.ckb.common
Expected: Ú©Û†Ù…Ø§Ø±ÛŒ
     got: ??????
 ; [cca2=IQ].name.nativeName.ckb.official
Expected: Ú©Û†Ù…Ø§Ø±ÛŒ Ø¹ÛŽØ±Ø§Ù‚
     got: ?????? ?????
 ; [cca2=IQ].translations.ara.common
Expected: Ø§Ù„Ø¹Ø±Ø§Ù‚
     got: ??????
 ; [cca2=IQ].translations.ara.official
Expected: Ø¬Ù…Ù‡ÙˆØ±ÙŠØ© Ø§Ù„Ø¹Ø±Ø§Ù‚
     got: ??????? ??????
 ; [cca2=IQ].translations.ces.common
Expected: IrÃ¡k
     got: Irák
 ; [cca2=IQ].translations.ces.official
Expected: IrÃ¡ckÃ¡ republika
     got: Irácká republika
 ; [cca2=IQ].translations.fra.official
Expected: RÃ©publique d'Irak
     got: République d'Irak
 ; [cca2=IQ].translations.hun.official
Expected: Iraki KÃ¶ztÃ¡rsasÃ¡g
     got: Iraki Köztársaság
 ; [cca2=IQ].translations.jpn.common
Expected: ã‚¤ãƒ©ã‚¯
     got: ???
 ; [cca2=IQ].translations.jpn.official
Expected: ã‚¤ãƒ©ã‚¯å…±å’Œå›½
     got: ??????
 ; [cca2=IQ].translations.kor.common
Expected: ì?´ë?¼í?¬
     got: ???
 ; [cca2=IQ].translations.kor.official
Expected: ì?´ë?¼í?¬ ê³µí™”êµ­
     got: ??? ???
 ; [cca2=IQ].translations.per.common
Expected: Ø¹Ø±Ø§Ù‚
     got: ????
 ; [cca2=IQ].translations.per.official
Expected: Ø¬Ù…Ù‡ÙˆØ±ÛŒ Ø¹Ø±Ø§Ù‚
     got: ?????? ????
 ; [cca2=IQ].translations.por.official
Expected: RepÃºblica do Iraque
     got: República do Iraque
 ; [cca2=IQ].translations.rus.common
Expected: Ð˜Ñ€Ð°Ðº
     got: ????
 ; [cca2=IQ].translations.rus.official
Expected: Ð ÐµÑ?Ð¿ÑƒÐ±Ð»Ð¸ÐºÐ° Ð˜Ñ€Ð°Ðº
     got: ?????????? ????
 ; [cca2=IQ].translations.slk.official
Expected: IrackÃ¡ republika
     got: Iracká republika
 ; [cca2=IQ].translations.spa.official
Expected: RepÃºblica de Irak
     got: República de Irak
 ; [cca2=IQ].translations.srp.common
Expected: Ð˜Ñ€Ð°Ðº
     got: ????
 ; [cca2=IQ].translations.srp.official
Expected: Ð ÐµÐ¿ÑƒÐ±Ð»Ð¸ÐºÐ° Ð˜Ñ€Ð°Ðº
     got: ????????? ????
 ; [cca2=IQ].translations.urd.common
Expected: Ø¹Ø±Ø§Ù‚
     got: ????
 ; [cca2=IQ].translations.urd.official
Expected: Ø¬Ù…Û?ÙˆØ±ÛŒÛ? Ø¹Ø±Ø§Ù‚
     got: ??????? ????
 ; [cca2=IQ].translations.zho.common
Expected: ä¼Šæ‹‰å…‹
     got: ???
 ; [cca2=IQ].translations.zho.official
Expected: ä¼Šæ‹‰å…‹å…±å’Œå›½
     got: ??????
 ; [cca2=IR].altSpellings[]
Expected: Jomhuri-ye EslÄ?mi-ye IrÄ?n
     but none found
 ; [cca2=IR].altSpellings[]
Unexpected: Jomhuri-ye Esl?mi-ye Ir?n
 ; [cca2=IR].currencies.IRR.symbol
Expected: ï·¼
     got: ?
 ; [cca2=IR].flag
Expected: ðŸ‡®ðŸ‡·
     got: ??
 ; [cca2=IR].name.nativeName.fas.common
Expected: Ø§ÛŒØ±Ø§Ù†
     got: ?????
 ; [cca2=IR].name.nativeName.fas.official
Expected: Ø¬Ù…Ù‡ÙˆØ±ÛŒ Ø§Ø³Ù„Ø§Ù…ÛŒ Ø§ÛŒØ±Ø§Ù†
     got: ?????? ?????? ?????
 ; [cca2=IR].tld[]
Expected: Ø§ÛŒØ±Ø§Ù†.
     but none found
 ; [cca2=IR].tld[]
Unexpected: ?????.
 ; [cca2=IR].translations.ara.common
Expected: Ø¥ÙŠØ±Ø§Ù†
     got: ?????
 ; [cca2=IR].translations.ara.official
Expected: Ø¬Ù…Ù‡ÙˆØ±ÙŠØ© Ø¥ÙŠØ±Ø§Ù† Ø§Ù„Ø¥Ø³Ù„Ø§Ù…ÙŠØ©
     got: ??????? ????? ?????????
 ; [cca2=IR].translations.ces.common
Expected: Ã?rÃ¡n
     got: Írán
 ; [cca2=IR].translations.ces.official
Expected: IslÃ¡mskÃ¡ republika Ã?rÃ¡n
     got: Islámská republika Írán
 ; [cca2=IR].translations.fra.official
Expected: RÃ©publique islamique d'Iran
     got: République islamique d'Iran
 ; [cca2=IR].translations.hun.common
Expected: IrÃ¡n
     got: Irán
 ; [cca2=IR].translations.hun.official
Expected: IrÃ¡ni IszlÃ¡m KÃ¶ztÃ¡rsasÃ¡g
     got: Iráni Iszlám Köztársaság
 ; [cca2=IR].translations.jpn.common
Expected: ã‚¤ãƒ©ãƒ³ãƒ»ã‚¤ã‚¹ãƒ©ãƒ å…±å’Œå›½
     got: ???????????
 ; [cca2=IR].translations.jpn.official
Expected: ã‚¤ãƒ©ãƒ³Â·ã‚¤ã‚¹ãƒ©ãƒ å…±å’Œå›½
     got: ???·???????
 ; [cca2=IR].translations.kor.common
Expected: ì?´ëž€
     got: ??
 ; [cca2=IR].translations.kor.official
Expected: ì?´ëž€ ì?´ìŠ¬ëžŒ ê³µí™”êµ­
     got: ?? ??? ???
 ; [cca2=IR].translations.por.common
Expected: IrÃ£o
     got: Irão
 ; [cca2=IR].translations.por.official
Expected: RepÃºblica IslÃ¢mica do IrÃ£
     got: República Islâmica do Irã
 ; [cca2=IR].translations.rus.common
Expected: Ð˜Ñ€Ð°Ð½
     got: ????
 ; [cca2=IR].translations.rus.official
Expected: Ð˜Ñ?Ð»Ð°Ð¼Ñ?ÐºÐ°Ñ? Ð ÐµÑ?Ð¿ÑƒÐ±Ð»Ð¸ÐºÐ° Ð˜Ñ€Ð°Ð½
     got: ????????? ?????????? ????
 ; [cca2=IR].translations.slk.common
Expected: IrÃ¡n
     got: Irán
 ; [cca2=IR].translations.slk.official
Expected: IrÃ¡nska islamskÃ¡ republika
     got: Iránska islamská republika
 ; [cca2=IR].translations.spa.official
Expected: RepÃºblica IslÃ¡mica de IrÃ¡n
     got: República Islámica de Irán
 ; [cca2=IR].translations.srp.common
Expected: Ð˜Ñ€Ð°Ð½
     got: ????
 ; [cca2=IR].translations.srp.official
Expected: Ð˜Ñ?Ð»Ð°Ð¼Ñ?ÐºÐ° Ð ÐµÐ¿ÑƒÐ±Ð»Ð¸ÐºÐ° Ð˜Ñ€Ð°Ð½
     got: ???????? ????????? ????
 ; [cca2=IR].translations.tur.common
Expected: Ä°ran
     got: ?ran
 ; [cca2=IR].translations.tur.official
Expected: Ä°ran Ä°slam Cumhuriyeti
     got: ?ran ?slam Cumhuriyeti
 ; [cca2=IR].translations.urd.common
Expected: Ø§ÛŒØ±Ø§Ù†
     got: ?????
 ; [cca2=IR].translations.urd.official
Expected: Ø¬Ù…Û?ÙˆØ±ÛŒÛ? Ø§ÛŒØ±Ø§Ù†
     got: ??????? ?????
 ; [cca2=IR].translations.zho.common
Expected: ä¼Šæœ—
     got: ??
 ; [cca2=IR].translations.zho.official
Expected: ä¼Šæœ—ä¼Šæ–¯å…°å…±å’Œå›½
     got: ????????
 ; [cca2=IS].altSpellings[]
Expected: LÃ½Ã°veldiÃ° Ã?sland
     but none found
 ; [cca2=IS].altSpellings[]
Unexpected: Lýðveldið Ísland
 ; [cca2=IS].currencies.ISK.name
Expected: Icelandic krÃ³na
     got: Icelandic króna
 ; [cca2=IS].flag
Expected: ðŸ‡®ðŸ‡¸
     got: ??
 ; [cca2=IS].name.nativeName.isl.common
Expected: Ã?sland
     got: Ísland
 ; [cca2=IS].name.nativeName.isl.official
Expected: Ã?sland
     got: Ísland
 ; [cca2=IS].translations.ara.common
Expected: Ø¢ÙŠØ³Ù„Ù†Ø¯Ø§
     got: ???????
 ; [cca2=IS].translations.ara.official
Expected: Ø¢ÙŠØ³Ù„Ù†Ø¯Ø§
     got: ???????
 ; [cca2=IS].translations.fra.official
Expected: RÃ©publique d'Islande
     got: République d'Islande
 ; [cca2=IS].translations.jpn.common
Expected: ã‚¢ã‚¤ã‚¹ãƒ©ãƒ³ãƒ‰
     got: ??????
 ; [cca2=IS].translations.jpn.official
Expected: ã‚¢ã‚¤ã‚¹ãƒ©ãƒ³ãƒ‰
     got: ??????
 ; [cca2=IS].translations.kor.common
Expected: ì•„ì?´ìŠ¬ëž€ë“œ
     got: ?????
 ; [cca2=IS].translations.kor.official
Expected: ì•„ì?´ìŠ¬ëž€ë“œ ê³µí™”êµ­
     got: ????? ???
 ; [cca2=IS].translations.per.common
Expected: Ø§ÛŒØ³Ù„Ù†Ø¯
     got: ??????
 ; [cca2=IS].translations.per.official
Expected: Ø¬Ù…Ù‡ÙˆØ±ÛŒ Ø§ÛŒØ³Ù„Ù†Ø¯
     got: ?????? ??????
 ; [cca2=IS].translations.por.common
Expected: IslÃ¢ndia
     got: Islândia
 ; [cca2=IS].translations.por.official
Expected: IslÃ¢ndia
     got: Islândia
 ; [cca2=IS].translations.rus.common
Expected: Ð˜Ñ?Ð»Ð°Ð½Ð´Ð¸Ñ?
     got: ????????
 ; [cca2=IS].translations.rus.official
Expected: Ð˜Ñ?Ð»Ð°Ð½Ð´Ð¸Ñ?
     got: ????????
 ; [cca2=IS].translations.slk.official
Expected: IslandskÃ¡ republika
     got: Islandská republika
 ; [cca2=IS].translations.srp.common
Expected: Ð˜Ñ?Ð»Ð°Ð½Ð´
     got: ??????
 ; [cca2=IS].translations.srp.official
Expected: Ð˜Ñ?Ð»Ð°Ð½Ð´
     got: ??????
 ; [cca2=IS].translations.tur.common
Expected: Ä°zlanda
     got: ?zlanda
 ; [cca2=IS].translations.tur.official
Expected: Ä°zlanda
     got: ?zlanda
 ; [cca2=IS].translations.urd.common
Expected: Ø¢Ø¦Ø³ Ù„ÛŒÙ†Úˆ
     got: ??? ????
 ; [cca2=IS].translations.urd.official
Expected: Ø¢Ø¦Ø³ Ù„ÛŒÙ†Úˆ
     got: ??? ????
 ; [cca2=IS].translations.zho.common
Expected: å†°å²›
     got: ??
 ; [cca2=IS].translations.zho.official
Expected: å†°å²›
     got: ??
 ; [cca2=IT].currencies.EUR.symbol
Expected: â‚¬
     got: €
 ; [cca2=IT].flag
Expected: ðŸ‡®ðŸ‡¹
     got: ??
 ; [cca2=IT].translations.ara.common
Expected: Ø¥ÙŠØ·Ø§Ù„ÙŠØ§
     got: ???????
 ; [cca2=IT].translations.ara.official
Expected: Ø§Ù„Ø¬Ù…Ù‡ÙˆØ±ÙŠØ© Ø§Ù„Ø¥ÙŠØ·Ø§Ù„ÙŠØ©
     got: ????????? ?????????
 ; [cca2=IT].translations.ces.common
Expected: ItÃ¡lie
     got: Itálie
 ; [cca2=IT].translations.ces.official
Expected: ItalskÃ¡ republika
     got: Italská republika
 ; [cca2=IT].translations.fra.official
Expected: RÃ©publique italienne
     got: République italienne
 ; [cca2=IT].translations.hun.common
Expected: OlaszorszÃ¡g
     got: Olaszország
 ; [cca2=IT].translations.hun.official
Expected: Olasz KÃ¶ztÃ¡rsasÃ¡g
     got: Olasz Köztársaság
 ; [cca2=IT].translations.jpn.common
Expected: ã‚¤ã‚¿ãƒªã‚¢
     got: ????
 ; [cca2=IT].translations.jpn.official
Expected: ã‚¤ã‚¿ãƒªã‚¢å…±å’Œå›½
     got: ???????
 ; [cca2=IT].translations.kor.common
Expected: ì?´íƒˆë¦¬ì•„
     got: ????
 ; [cca2=IT].translations.kor.official
Expected: ì?´íƒˆë¦¬ì•„ ê³µí™”êµ­
     got: ???? ???
 ; [cca2=IT].translations.nld.common
Expected: ItaliÃ«
     got: Italië
 ; [cca2=IT].translations.per.common
Expected: Ø§ÛŒØªØ§Ù„ÛŒØ§
     got: ???????
 ; [cca2=IT].translations.per.official
Expected: Ø¬Ù…Ù‡ÙˆØ±ÛŒ Ø§ÛŒØªØ§Ù„ÛŒØ§
     got: ?????? ???????
 ; [cca2=IT].translations.pol.common
Expected: WÅ‚ochy
     got: W?ochy
 ; [cca2=IT].translations.pol.official
Expected: Republika WÅ‚oska
     got: Republika W?oska
 ; [cca2=IT].translations.por.common
Expected: ItÃ¡lia
     got: Itália
 ; [cca2=IT].translations.por.official
Expected: RepÃºblica Italiana
     got: República Italiana
 ; [cca2=IT].translations.rus.common
Expected: Ð˜Ñ‚Ð°Ð»Ð¸Ñ?
     got: ??????
 ; [cca2=IT].translations.rus.official
Expected: Ð¸Ñ‚Ð°Ð»ÑŒÑ?Ð½Ñ?ÐºÐ°Ñ? Ð ÐµÑ?Ð¿ÑƒÐ±Ð»Ð¸ÐºÐ°
     got: ??????????? ??????????
 ; [cca2=IT].translations.spa.official
Expected: RepÃºblica Italiana
     got: República Italiana
 ; [cca2=IT].translations.srp.common
Expected: Ð˜Ñ‚Ð°Ð»Ð¸Ñ˜Ð°
     got: ???????
 ; [cca2=IT].translations.srp.official
Expected: Ð˜Ñ‚Ð°Ð»Ð¸Ñ˜Ð°Ð½Ñ?ÐºÐ° Ð ÐµÐ¿ÑƒÐ±Ð»Ð¸ÐºÐ°
     got: ??????????? ?????????
 ; [cca2=IT].translations.tur.common
Expected: Ä°talya
     got: ?talya
 ; [cca2=IT].translations.tur.official
Expected: Ä°talyan Cumhuriyeti
     got: ?talyan Cumhuriyeti
 ; [cca2=IT].translations.urd.common
Expected: Ø§Ø·Ø§Ù„ÛŒÛ?
     got: ??????
 ; [cca2=IT].translations.urd.official
Expected: Ø¬Ù…Û?ÙˆØ±ÛŒÛ? Ø§Ø·Ø§Ù„ÛŒÛ?
     got: ??????? ??????
 ; [cca2=IT].translations.zho.common
Expected: æ„?å¤§åˆ©
     got: ???
 ; [cca2=IT].translations.zho.official
Expected: æ„?å¤§åˆ©å…±å’Œå›½
     got: ??????
 ; [cca2=ZM].flag
Expected: ðŸ‡¿ðŸ‡²
     got: ??
 ; [cca2=ZM].translations.ara.common
Expected: Ø²Ø§Ù…Ø¨ÙŠØ§
     got: ??????
 ; [cca2=ZM].translations.ara.official
Expected: Ø¬Ù…Ù‡ÙˆØ±ÙŠØ© Ø²Ø§Ù…Ø¨ÙŠØ§
     got: ??????? ??????
 ; [cca2=ZM].translations.ces.official
Expected: ZambijskÃ¡ republika
     got: Zambijská republika
 ; [cca2=ZM].translations.fra.official
Expected: RÃ©publique de Zambie
     got: République de Zambie
 ; [cca2=ZM].translations.hun.official
Expected: Zambiai KÃ¶ztÃ¡rsasÃ¡g
     got: Zambiai Köztársaság
 ; [cca2=ZM].translations.jpn.common
Expected: ã‚¶ãƒ³ãƒ“ã‚¢
     got: ????
 ; [cca2=ZM].translations.jpn.official
Expected: ã‚¶ãƒ³ãƒ“ã‚¢å…±å’Œå›½
     got: ???????
 ; [cca2=ZM].translations.kor.common
Expected: ìž ë¹„ì•„
     got: ???
 ; [cca2=ZM].translations.kor.official
Expected: ìž ë¹„ì•„ ê³µí™”êµ­
     got: ??? ???
 ; [cca2=ZM].translations.per.common
Expected: Ø²Ø§Ù…Ø¨ÛŒØ§
     got: ??????
 ; [cca2=ZM].translations.per.official
Expected: Ø¬Ù…Ù‡ÙˆØ±ÛŒ Ø²Ø§Ù…Ø¨ÛŒØ§
     got: ?????? ??????
 ; [cca2=ZM].translations.por.common
Expected: ZÃ¢mbia
     got: Zâmbia
 ; [cca2=ZM].translations.por.official
Expected: RepÃºblica da ZÃ¢mbia
     got: República da Zâmbia
 ; [cca2=ZM].translations.rus.common
Expected: Ð—Ð°Ð¼Ð±Ð¸Ñ?
     got: ??????
 ; [cca2=ZM].translations.rus.official
Expected: Ð ÐµÑ?Ð¿ÑƒÐ±Ð»Ð¸ÐºÐ° Ð—Ð°Ð¼Ð±Ð¸Ñ?
     got: ?????????? ??????
 ; [cca2=ZM].translations.slk.official
Expected: ZambijskÃ¡ republika
     got: Zambijská republika
 ; [cca2=ZM].translations.spa.official
Expected: RepÃºblica de Zambia
     got: República de Zambia
 ; [cca2=ZM].translations.srp.common
Expected: Ð—Ð°Ð¼Ð±Ð¸Ñ˜Ð°
     got: ???????
 ; [cca2=ZM].translations.srp.official
Expected: Ð ÐµÐ¿ÑƒÐ±Ð»Ð¸ÐºÐ° Ð—Ð°Ð¼Ð±Ð¸Ñ˜Ð°
     got: ????????? ???????
 ; [cca2=ZM].translations.urd.common
Expected: Ø²ÛŒÙ…Ø¨ÛŒØ§
     got: ??????
 ; [cca2=ZM].translations.urd.official
Expected: Ø¬Ù…Û?ÙˆØ±ÛŒÛ? Ø²ÛŒÙ…Ø¨ÛŒØ§
     got: ??????? ??????
 ; [cca2=ZM].translations.zho.common
Expected: èµžæ¯”äºš
     got: ???
 ; [cca2=ZM].translations.zho.official
Expected: èµžæ¯”äºšå…±å’Œå›½
     got: ??????
 ; [cca2=JE].altSpellings[]
Expected: Bailliage dÃ© JÃ¨rri
     but none found
 ; [cca2=JE].altSpellings[]
Unexpected: Bailliage dé Jèrri
 ; [cca2=JE].currencies.GBP.symbol
Expected: Â£
     got: £
 ; [cca2=JE].currencies.JEP.symbol
Expected: Â£
     got: £
 ; [cca2=JE].flag
Expected: ðŸ‡¯ðŸ‡ª
     got: ??
 ; [cca2=JE].languages.nrf
Expected: JÃ¨rriais
     got: Jèrriais
 ; [cca2=JE].name.nativeName.nrf.common
Expected: JÃ¨rri
     got: Jèrri
 ; [cca2=JE].name.nativeName.nrf.official
Expected: Bailliage dÃ© JÃ¨rri
     got: Bailliage dé Jèrri
 ; [cca2=JE].translations.ara.common
Expected: Ø¬ÙŠØ±Ø²ÙŠ
     got: ?????
 ; [cca2=JE].translations.ara.official
Expected: Ø¬ÙŠØ±Ø²ÙŠ
     got: ?????
 ; [cca2=JE].translations.ces.official
Expected: RychtÃ¡Å™stvÃ­ Jersey
     got: Rychtá?ství Jersey
 ; [cca2=JE].translations.jpn.common
Expected: ã‚¸ãƒ£ãƒ¼ã‚¸ãƒ¼
     got: ?????
 ; [cca2=JE].translations.jpn.official
Expected: ã‚¸ãƒ£ãƒ¼ã‚¸ã?®å¾—æ„?åˆ†é‡Ž
     got: ?????????
 ; [cca2=JE].translations.kor.common
Expected: ì €ì§€ ì„¬
     got: ?? ?
 ; [cca2=JE].translations.kor.official
Expected: ì €ì§€ ì„¬
     got: ?? ?
 ; [cca2=JE].translations.per.common
Expected: Ø¬Ø±Ø²ÛŒ
     got: ????
 ; [cca2=JE].translations.per.official
Expected: Ø¬Ø±Ø²ÛŒ
     got: ????
 ; [cca2=JE].translations.rus.common
Expected: Ð”Ð¶ÐµÑ€Ñ?Ð¸
     got: ??????
 ; [cca2=JE].translations.rus.official
Expected: ÐšÐ¾Ñ€Ð¾Ð½Ð½Ð¾Ðµ Ð²Ð»Ð°Ð´ÐµÐ½Ð¸Ðµ Ð”Ð¶ÐµÑ€Ñ?Ð¸
     got: ???????? ???????? ??????
 ; [cca2=JE].translations.spa.official
Expected: BailÃ­a de Jersey
     got: Bailía de Jersey
 ; [cca2=JE].translations.srp.common
Expected: Ð?ÐµÑ€Ð·Ð¸
     got: ?????
 ; [cca2=JE].translations.srp.official
Expected: Ð?ÐµÑ€Ð·Ð¸
     got: ?????
 ; [cca2=JE].translations.urd.common
Expected: Ø¬Ø±Ø²ÛŒ
     got: ????
 ; [cca2=JE].translations.urd.official
Expected: Ø¬Ø±Ø²ÛŒ
     got: ????
 ; [cca2=JE].translations.zho.common
Expected: æ³½è¥¿å²›
     got: ???
 ; [cca2=JE].translations.zho.official
Expected: æ³½è¥¿å²›
     got: ???
 ; [cca2=ZW].demonyms.fra.f
Expected: ZimbabwÃ©enne
     got: Zimbabwéenne
 ; [cca2=ZW].demonyms.fra.m
Expected: ZimbabwÃ©en
     got: Zimbabwéen
 ; [cca2=ZW].flag
Expected: ðŸ‡¿ðŸ‡¼
     got: ??
 ; [cca2=ZW].translations.ara.common
Expected: Ø²ÙŠÙ…Ø¨Ø§Ø¨ÙˆÙŠ
     got: ????????
 ; [cca2=ZW].translations.ara.official
Expected: Ø¬Ù…Ù‡ÙˆØ±ÙŠØ© Ø²ÙŠÙ…Ø¨Ø§Ø¨ÙˆÙŠ
     got: ??????? ????????
 ; [cca2=ZW].translations.ces.official
Expected: ZimbabwskÃ¡ republika
     got: Zimbabwská republika
 ; [cca2=ZW].translations.fra.official
Expected: RÃ©publique du Zimbabwe
     got: République du Zimbabwe
 ; [cca2=ZW].translations.hun.official
Expected: Zimbabwei KÃ¶ztÃ¡rsasÃ¡g
     got: Zimbabwei Köztársaság
 ; [cca2=ZW].translations.jpn.common
Expected: ã‚¸ãƒ³ãƒ?ãƒ–ã‚¨
     got: ?????
 ; [cca2=ZW].translations.jpn.official
Expected: ã‚¸ãƒ³ãƒ?ãƒ–ã‚¨å…±å’Œå›½
     got: ????????
 ; [cca2=ZW].translations.kor.common
Expected: ì§?ë°”ë¸Œì›¨
     got: ????
 ; [cca2=ZW].translations.kor.official
Expected: ì§?ë°”ë¸Œì›¨ ê³µí™”êµ­
     got: ???? ???
 ; [cca2=ZW].translations.per.common
Expected: Ø²ÛŒÙ…Ø¨Ø§Ø¨ÙˆÙ‡
     got: ????????
 ; [cca2=ZW].translations.per.official
Expected: Ø¬Ù…Ù‡ÙˆØ±ÛŒ Ø²ÛŒÙ…Ø¨Ø§Ø¨ÙˆÙ‡
     got: ?????? ????????
 ; [cca2=ZW].translations.por.official
Expected: RepÃºblica do Zimbabwe
     got: República do Zimbabwe
 ; [cca2=ZW].translations.rus.common
Expected: Ð—Ð¸Ð¼Ð±Ð°Ð±Ð²Ðµ
     got: ????????
 ; [cca2=ZW].translations.rus.official
Expected: Ð ÐµÑ?Ð¿ÑƒÐ±Ð»Ð¸ÐºÐ° Ð—Ð¸Ð¼Ð±Ð°Ð±Ð²Ðµ
     got: ?????????? ????????
 ; [cca2=ZW].translations.spa.official
Expected: RepÃºblica de Zimbabue
     got: República de Zimbabue
 ; [cca2=ZW].translations.srp.common
Expected: Ð—Ð¸Ð¼Ð±Ð°Ð±Ð²Ðµ
     got: ????????
 ; [cca2=ZW].translations.srp.official
Expected: Ð ÐµÐ¿ÑƒÐ±Ð»Ð¸ÐºÐ° Ð—Ð¸Ð¼Ð±Ð°Ð±Ð²Ðµ
     got: ????????? ????????
 ; [cca2=ZW].translations.urd.common
Expected: Ø²Ù…Ø¨Ø§Ø¨ÙˆÛ’
     got: ???????
 ; [cca2=ZW].translations.urd.official
Expected: Ø¬Ù…Û?ÙˆØ±ÛŒÛ? Ø²Ù…Ø¨Ø§Ø¨ÙˆÛ’
     got: ??????? ???????
 ; [cca2=ZW].translations.zho.common
Expected: æ´¥å·´å¸ƒéŸ¦
     got: ????
 ; [cca2=ZW].translations.zho.official
Expected: æ´¥å·´å¸ƒéŸ¦å…±å’Œå›½
     got: ???????
 ; [cca2=JM].demonyms.fra.f
Expected: JamaÃ¯caine
     got: Jamaïcaine
 ; [cca2=JM].demonyms.fra.m
Expected: JamaÃ¯cain
     got: Jamaïcain
 ; [cca2=JM].flag
Expected: ðŸ‡¯ðŸ‡²
     got: ??
 ; [cca2=JM].translations.ara.common
Expected: Ø¬Ø§Ù…Ø§ÙŠÙƒØ§
     got: ???????
 ; [cca2=JM].translations.ara.official
Expected: Ø¬Ø§Ù…Ø§ÙŠÙƒØ§
     got: ???????
 ; [cca2=JM].translations.fra.common
Expected: JamaÃ¯que
     got: Jamaïque
 ; [cca2=JM].translations.fra.official
Expected: JamaÃ¯que
     got: Jamaïque
 ; [cca2=JM].translations.jpn.common
Expected: ã‚¸ãƒ£ãƒžã‚¤ã‚«
     got: ?????
 ; [cca2=JM].translations.jpn.official
Expected: ã‚¸ãƒ£ãƒžã‚¤ã‚«
     got: ?????
 ; [cca2=JM].translations.kor.common
Expected: ìž?ë©”ì?´ì¹´
     got: ????
 ; [cca2=JM].translations.kor.official
Expected: ìž?ë©”ì?´ì¹´
     got: ????
 ; [cca2=JM].translations.per.common
Expected: Ø¬Ø§Ù…Ø§Ø¦ÛŒÚ©Ø§
     got: ????????
 ; [cca2=JM].translations.per.official
Expected: Ø¬Ø§Ù…Ø§Ø¦ÛŒÚ©Ø§
     got: ????????
 ; [cca2=JM].translations.rus.common
Expected: Ð¯Ð¼Ð°Ð¹ÐºÐ°
     got: ??????
 ; [cca2=JM].translations.rus.official
Expected: Ð¯Ð¼Ð°Ð¹ÐºÐ°
     got: ??????
 ; [cca2=JM].translations.srp.common
Expected: ÐˆÐ°Ð¼Ð°Ñ˜ÐºÐ°
     got: ???????
 ; [cca2=JM].translations.srp.official
Expected: ÐˆÐ°Ð¼Ð°Ñ˜ÐºÐ°
     got: ???????
 ; [cca2=JM].translations.urd.common
Expected: Ø¬Ù…ÛŒÚ©Ø§
     got: ?????
 ; [cca2=JM].translations.urd.official
Expected: Ø¬Ù…ÛŒÚ©Ø§
     got: ?????
 ; [cca2=JM].translations.zho.common
Expected: ç‰™ä¹°åŠ 
     got: ???
 ; [cca2=JM].translations.zho.official
Expected: ç‰™ä¹°åŠ 
     got: ???
 ; [cca2=JO].altSpellings[]
Expected: al-Mamlakah al-UrdunÄ«yah al-HÄ?shimÄ«yah
     but none found
 ; [cca2=JO].altSpellings[]
Unexpected: al-Mamlakah al-Urdun?yah al-H?shim?yah
 ; [cca2=JO].currencies.JOD.symbol
Expected: Ø¯.Ø§
     got: ?.?
 ; [cca2=JO].flag
Expected: ðŸ‡¯ðŸ‡´
     got: ??
 ; [cca2=JO].name.nativeName.ara.common
Expected: Ø§Ù„Ø£Ø±Ø¯Ù†
     got: ??????
 ; [cca2=JO].name.nativeName.ara.official
Expected: Ø§Ù„Ù…Ù…Ù„ÙƒØ© Ø§Ù„Ø£Ø±Ø¯Ù†ÙŠØ© Ø§Ù„Ù‡Ø§Ø´Ù…ÙŠØ©
     got: ??????? ???????? ????????
 ; [cca2=JO].tld[]
Expected: Ø§Ù„Ø§Ø±Ø¯Ù†.
     but none found
 ; [cca2=JO].tld[]
Unexpected: ??????.
 ; [cca2=JO].translations.ara.common
Expected: Ø§Ù„Ø£Ø±Ø¯Ù†
     got: ??????
 ; [cca2=JO].translations.ara.official
Expected: Ø§Ù„Ù…Ù…Ù„ÙƒØ© Ø§Ù„Ø£Ø±Ø¯Ù†ÙŠØ© Ø§Ù„Ù‡Ø§Ø´Ù…ÙŠØ©
     got: ??????? ???????? ????????
 ; [cca2=JO].translations.ces.common
Expected: JordÃ¡nsko
     got: Jordánsko
 ; [cca2=JO].translations.ces.official
Expected: JordÃ¡nskÃ© hÃ¡Å¡imovskÃ© krÃ¡lovstvÃ­
     got: Jordánské hášimovské království
 ; [cca2=JO].translations.deu.official
Expected: Haschemitisches KÃ¶nigreich Jordanien
     got: Haschemitisches Königreich Jordanien
 ; [cca2=JO].translations.est.official
Expected: Jordaania HaÅ¡imiidi Kuningriik
     got: Jordaania Hašimiidi Kuningriik
 ; [cca2=JO].translations.fin.official
Expected: Jordanian haÅ¡emiittinen kunigaskunta
     got: Jordanian hašemiittinen kunigaskunta
 ; [cca2=JO].translations.fra.official
Expected: Royaume hachÃ©mite de Jordanie
     got: Royaume hachémite de Jordanie
 ; [cca2=JO].translations.hrv.official
Expected: HaÅ¡emitske Kraljevine Jordan
     got: Hašemitske Kraljevine Jordan
 ; [cca2=JO].translations.hun.common
Expected: JordÃ¡nia
     got: Jordánia
 ; [cca2=JO].translations.hun.official
Expected: JordÃ¡nia
     got: Jordánia
 ; [cca2=JO].translations.jpn.common
Expected: ãƒ¨ãƒ«ãƒ€ãƒ³
     got: ????
 ; [cca2=JO].translations.jpn.official
Expected: ãƒ¨ãƒ«ãƒ€ãƒ³Â·ãƒ?ã‚·ãƒŸãƒ†çŽ‹å›½
     got: ????·??????
 ; [cca2=JO].translations.kor.common
Expected: ìš”ë¥´ë‹¨
     got: ???
 ; [cca2=JO].translations.kor.official
Expected: ìš”ë¥´ë‹¨ í•˜ì‹¬ ì™•êµ­
     got: ??? ?? ??
 ; [cca2=JO].translations.nld.common
Expected: JordaniÃ«
     got: Jordanië
 ; [cca2=JO].translations.nld.official
Expected: Hasjemitisch Koninkrijk JordaniÃ«
     got: Hasjemitisch Koninkrijk Jordanië
 ; [cca2=JO].translations.per.common
Expected: Ø§Ø±Ø¯Ù†
     got: ????
 ; [cca2=JO].translations.per.official
Expected: Ù¾Ø§Ø¯Ø´Ø§Ù‡ÛŒ Ø§Ù?Ø±Ø¯Ù?Ù† Ù‡Ø§Ø´Ù…ÛŒ
     got: ??????? ?????? ?????
 ; [cca2=JO].translations.pol.official
Expected: JordaÅ„skie KrÃ³lestwo Haszymidzkie
     got: Jorda?skie Królestwo Haszymidzkie
 ; [cca2=JO].translations.por.common
Expected: JordÃ¢nia
     got: Jordânia
 ; [cca2=JO].translations.por.official
Expected: Reino Hachemita da JordÃ¢nia
     got: Reino Hachemita da Jordânia
 ; [cca2=JO].translations.rus.common
Expected: Ð˜Ð¾Ñ€Ð´Ð°Ð½Ð¸Ñ?
     got: ????????
 ; [cca2=JO].translations.rus.official
Expected: Ð˜Ð¾Ñ€Ð´Ð°Ð½Ñ?ÐºÐ¾Ð³Ð¾ Ð¥Ð°ÑˆÐ¸Ð¼Ð¸Ñ‚Ñ?ÐºÐ¾Ð³Ð¾ ÐšÐ¾Ñ€Ð¾Ð»ÐµÐ²Ñ?Ñ‚Ð²Ð°
     got: ??????????? ???????????? ???????????
 ; [cca2=JO].translations.slk.common
Expected: JordÃ¡nsko
     got: Jordánsko
 ; [cca2=JO].translations.slk.official
Expected: JordÃ¡nske hÃ¡Å¡imovskÃ© krÃ¡Ä¾ovstvo
     got: Jordánske hášimovské krá?ovstvo
 ; [cca2=JO].translations.srp.common
Expected: ÐˆÐ¾Ñ€Ð´Ð°Ð½
     got: ??????
 ; [cca2=JO].translations.srp.official
Expected: Ð¥Ð°ÑˆÐµÐ¼Ð¸Ñ‚Ñ?ÐºÐ° ÐšÑ€Ð°Ñ™ÐµÐ²Ð¸Ð½Ð° ÐˆÐ¾Ñ€Ð´Ð°Ð½
     got: ?????????? ????????? ??????
 ; [cca2=JO].translations.swe.official
Expected: Hashimitiska kungadÃ¶met Jordanien
     got: Hashimitiska kungadömet Jordanien
 ; [cca2=JO].translations.tur.common
Expected: ÃœrdÃ¼n
     got: Ürdün
 ; [cca2=JO].translations.tur.official
Expected: ÃœrdÃ¼n HÃ¢ÅŸimi KrallÄ±ÄŸÄ±
     got: Ürdün Hâ?imi Krall???
 ; [cca2=JO].translations.urd.common
Expected: Ø§Ø±Ø¯Ù†
     got: ????
 ; [cca2=JO].translations.urd.official
Expected: Ú¾Ø§Ø´Ù…ÛŒ Ù…Ù…Ù„Ú©ØªÙ? Ø§Ø±Ø¯Ù†
     got: ????? ?????? ????
 ; [cca2=JO].translations.zho.common
Expected: çº¦æ—¦
     got: ??
 ; [cca2=JO].translations.zho.official
Expected: çº¦æ—¦å“ˆå¸Œå§†çŽ‹å›½
     got: ???????
 ; [cca2=JP].currencies.JPY.symbol
Expected: Â¥
     got: ¥
 ; [cca2=JP].flag
Expected: ðŸ‡¯ðŸ‡µ
     got: ??
 ; [cca2=JP].name.nativeName.jpn.common
Expected: æ—¥æœ¬
     got: ??
 ; [cca2=JP].name.nativeName.jpn.official
Expected: æ—¥æœ¬
     got: ??
 ; [cca2=JP].tld[]
Expected: .ã?¿ã‚“ã?ª
     but none found
 ; [cca2=JP].tld[]
Unexpected: .???
 ; [cca2=JP].translations.ara.common
Expected: Ø§Ù„ÙŠØ§Ø¨Ø§Ù†
     got: ???????
 ; [cca2=JP].translations.ara.official
Expected: Ø§Ù„ÙŠØ§Ø¨Ø§Ù†
     got: ???????
 ; [cca2=JP].translations.hun.common
Expected: JapÃ¡n
     got: Japán
 ; [cca2=JP].translations.hun.official
Expected: JapÃ¡n
     got: Japán
 ; [cca2=JP].translations.jpn.common
Expected: æ—¥æœ¬
     got: ??
 ; [cca2=JP].translations.jpn.official
Expected: æ—¥æœ¬
     got: ??
 ; [cca2=JP].translations.kor.common
Expected: ì?¼ë³¸
     got: ??
 ; [cca2=JP].translations.kor.official
Expected: ì?¼ë³¸êµ­
     got: ???
 ; [cca2=JP].translations.per.common
Expected: Ú˜Ø§Ù¾Ù†
     got: ????
 ; [cca2=JP].translations.per.official
Expected: Ú˜Ø§Ù¾Ù†
     got: ????
 ; [cca2=JP].translations.por.common
Expected: JapÃ£o
     got: Japão
 ; [cca2=JP].translations.por.official
Expected: JapÃ£o
     got: Japão
 ; [cca2=JP].translations.rus.common
Expected: Ð¯Ð¿Ð¾Ð½Ð¸Ñ?
     got: ??????
 ; [cca2=JP].translations.rus.official
Expected: Ð¯Ð¿Ð¾Ð½Ð¸Ñ?
     got: ??????
 ; [cca2=JP].translations.spa.common
Expected: JapÃ³n
     got: Japón
 ; [cca2=JP].translations.spa.official
Expected: JapÃ³n
     got: Japón
 ; [cca2=JP].translations.srp.common
Expected: ÐˆÐ°Ð¿Ð°Ð½
     got: ?????
 ; [cca2=JP].translations.srp.official
Expected: ÐˆÐ°Ð¿Ð°Ð½
     got: ?????
 ; [cca2=JP].translations.urd.common
Expected: Ø¬Ø§Ù¾Ø§Ù†
     got: ?????
 ; [cca2=JP].translations.urd.official
Expected: Ø¬Ø§Ù¾Ø§Ù†
     got: ?????
 ; [cca2=JP].translations.zho.common
Expected: æ—¥æœ¬
     got: ??
 ; [cca2=JP].translations.zho.official
Expected: æ—¥æœ¬å›½
     got: ???
 ; [cca2=KE].demonyms.fra.f
Expected: KÃ©nyane
     got: Kényane
 ; [cca2=KE].demonyms.fra.m
Expected: KÃ©nyan
     got: Kényan
 ; [cca2=KE].flag
Expected: ðŸ‡°ðŸ‡ª
     got: ??
 ; [cca2=KE].translations.ara.common
Expected: ÙƒÙŠÙ†ÙŠØ§
     got: ?????
 ; [cca2=KE].translations.ara.official
Expected: Ø¬Ù…Ù‡ÙˆØ±ÙŠØ© ÙƒÙŠÙ†ÙŠØ§
     got: ??????? ?????
 ; [cca2=KE].translations.ces.common
Expected: KeÅˆa
     got: Ke?a
 ; [cca2=KE].translations.ces.official
Expected: KeÅˆskÃ¡ republika
     got: Ke?ská republika
 ; [cca2=KE].translations.fra.official
Expected: RÃ©publique du Kenya
     got: République du Kenya
 ; [cca2=KE].translations.hun.official
Expected: Kenyai KÃ¶ztÃ¡rsasÃ¡g
     got: Kenyai Köztársaság
 ; [cca2=KE].translations.jpn.common
Expected: ã‚±ãƒ‹ã‚¢
     got: ???
 ; [cca2=KE].translations.jpn.official
Expected: ã‚±ãƒ‹ã‚¢å…±å’Œå›½
     got: ??????
 ; [cca2=KE].translations.kor.common
Expected: ì¼€ëƒ?
     got: ??
 ; [cca2=KE].translations.kor.official
Expected: ì¼€ëƒ? ê³µí™”êµ­
     got: ?? ???
 ; [cca2=KE].translations.per.common
Expected: Ú©Ù†ÛŒØ§
     got: ????
 ; [cca2=KE].translations.per.official
Expected: Ø¬Ù…Ù‡ÙˆØ±ÛŒ Ú©Ù†ÛŒØ§
     got: ?????? ????
 ; [cca2=KE].translations.por.common
Expected: QuÃ©nia
     got: Quénia
 ; [cca2=KE].translations.por.official
Expected: RepÃºblica do QuÃ©nia
     got: República do Quénia
 ; [cca2=KE].translations.rus.common
Expected: ÐšÐµÐ½Ð¸Ñ?
     got: ?????
 ; [cca2=KE].translations.rus.official
Expected: Ð ÐµÑ?Ð¿ÑƒÐ±Ð»Ð¸ÐºÐ° ÐšÐµÐ½Ð¸Ñ?
     got: ?????????? ?????
 ; [cca2=KE].translations.slk.common
Expected: KeÅˆa
     got: Ke?a
 ; [cca2=KE].translations.slk.official
Expected: KenskÃ¡ republika
     got: Kenská republika
 ; [cca2=KE].translations.spa.official
Expected: RepÃºblica de Kenya
     got: República de Kenya
 ; [cca2=KE].translations.srp.common
Expected: ÐšÐµÐ½Ð¸Ñ˜Ð°
     got: ??????
 ; [cca2=KE].translations.srp.official
Expected: Ð ÐµÐ¿ÑƒÐ±Ð»Ð¸ÐºÐ° ÐšÐµÐ½Ð¸Ñ˜Ð°
     got: ????????? ??????
 ; [cca2=KE].translations.urd.common
Expected: Ú©ÛŒÙ†ÛŒØ§
     got: ?????
 ; [cca2=KE].translations.urd.official
Expected: Ø¬Ù…Û?ÙˆØ±ÛŒÛ? Ú©ÛŒÙ†ÛŒØ§
     got: ??????? ?????
 ; [cca2=KE].translations.zho.common
Expected: è‚¯å°¼äºš
     got: ???
 ; [cca2=KE].translations.zho.official
Expected: è‚¯å°¼äºšå…±å’Œå›½
     got: ??????
 ; [cca2=KG].altSpellings[]
Expected: ÐšÑ‹Ñ€Ð³Ñ‹Ð· Ð ÐµÑ?Ð¿ÑƒÐ±Ð»Ð¸ÐºÐ°Ñ?Ñ‹
     but none found
 ; [cca2=KG].altSpellings[]
Expected: ÐšÐ¸Ñ€Ð³Ð¸Ð·Ð¸Ñ?
     but none found
 ; [cca2=KG].altSpellings[]
Unexpected: ?????? ????????????
 ; [cca2=KG].altSpellings[]
Unexpected: ????????
 ; [cca2=KG].currencies.KGS.symbol
Expected: Ñ?
     got: ?
 ; [cca2=KG].flag
Expected: ðŸ‡°ðŸ‡¬
     got: ??
 ; [cca2=KG].name.nativeName.kir.common
Expected: ÐšÑ‹Ñ€Ð³Ñ‹Ð·Ñ?Ñ‚Ð°Ð½
     got: ??????????
 ; [cca2=KG].name.nativeName.kir.official
Expected: ÐšÑ‹Ñ€Ð³Ñ‹Ð· Ð ÐµÑ?Ð¿ÑƒÐ±Ð»Ð¸ÐºÐ°Ñ?Ñ‹
     got: ?????? ????????????
 ; [cca2=KG].name.nativeName.rus.common
Expected: ÐšÐ¸Ñ€Ð³Ð¸Ð·Ð¸Ñ?
     got: ????????
 ; [cca2=KG].name.nativeName.rus.official
Expected: ÐšÑ‹Ñ€Ð³Ñ‹Ð·Ñ?ÐºÐ°Ñ? Ð ÐµÑ?Ð¿ÑƒÐ±Ð»Ð¸ÐºÐ°
     got: ?????????? ??????????
 ; [cca2=KG].translations.ara.common
Expected: Ù‚ÙŠØ±ØºÙŠØ²Ø³ØªØ§Ù†
     got: ??????????
 ; [cca2=KG].translations.ara.official
Expected: Ø§Ù„Ø¬Ù…Ù‡ÙˆØ±ÙŠØ© Ø§Ù„Ù‚ÙŠØ±ØºÙŠØ²ÙŠØ©
     got: ????????? ??????????
 ; [cca2=KG].translations.ces.common
Expected: KyrgyzstÃ¡n
     got: Kyrgyzstán
 ; [cca2=KG].translations.ces.official
Expected: KyrgyzskÃ¡ republika
     got: Kyrgyzská republika
 ; [cca2=KG].translations.est.common
Expected: KÃµrgÃµzstan
     got: Kõrgõzstan
 ; [cca2=KG].translations.fra.official
Expected: RÃ©publique kirghize
     got: République kirghize
 ; [cca2=KG].translations.hun.common
Expected: KirgizisztÃ¡n
     got: Kirgizisztán
 ; [cca2=KG].translations.hun.official
Expected: Kirgiz KÃ¶ztÃ¡rsasÃ¡g
     got: Kirgiz Köztársaság
 ; [cca2=KG].translations.jpn.common
Expected: ã‚­ãƒ«ã‚®ã‚¹
     got: ????
 ; [cca2=KG].translations.jpn.official
Expected: ã‚­ãƒ«ã‚®ã‚¹å…±å’Œå›½
     got: ???????
 ; [cca2=KG].translations.kor.common
Expected: í‚¤ë¥´ê¸°ìŠ¤ìŠ¤íƒ„
     got: ??????
 ; [cca2=KG].translations.kor.official
Expected: í‚¤ë¥´ê¸°ìŠ¤ ê³µí™”êµ­
     got: ???? ???
 ; [cca2=KG].translations.nld.common
Expected: KirgiziÃ«
     got: Kirgizië
 ; [cca2=KG].translations.per.common
Expected: Ù‚Ø±Ù‚ÛŒØ²Ø³ØªØ§Ù†
     got: ?????????
 ; [cca2=KG].translations.per.official
Expected: Ø¬Ù…Ù‡ÙˆØ±ÛŒ Ù‚Ù?Ø±Ù‚ÛŒØ²Ø³ØªØ§Ù†
     got: ?????? ??????????
 ; [cca2=KG].translations.por.common
Expected: QuirguistÃ£o
     got: Quirguistão
 ; [cca2=KG].translations.por.official
Expected: RepÃºblica do QuirguistÃ£o
     got: República do Quirguistão
 ; [cca2=KG].translations.rus.common
Expected: ÐšÐ¸Ñ€Ð³Ð¸Ð·Ð¸Ñ?
     got: ????????
 ; [cca2=KG].translations.rus.official
Expected: ÐšÑ‹Ñ€Ð³Ñ‹Ð·Ñ?ÐºÐ°Ñ? Ð ÐµÑ?Ð¿ÑƒÐ±Ð»Ð¸ÐºÐ°
     got: ?????????? ??????????
 ; [cca2=KG].translations.slk.official
Expected: KirgizskÃ¡ republika
     got: Kirgizská republika
 ; [cca2=KG].translations.spa.common
Expected: KirguizistÃ¡n
     got: Kirguizistán
 ; [cca2=KG].translations.spa.official
Expected: RepÃºblica Kirguisa
     got: República Kirguisa
 ; [cca2=KG].translations.srp.common
Expected: ÐšÐ¸Ñ€Ð³Ð¸Ð·Ð¸Ñ˜Ð°
     got: ?????????
 ; [cca2=KG].translations.srp.official
Expected: ÐšÐ¸Ñ€Ð³Ð¸Ñ?ÐºÐ° Ð ÐµÐ¿ÑƒÐ±Ð»Ð¸ÐºÐ°
     got: ???????? ?????????
 ; [cca2=KG].translations.tur.common
Expected: KÄ±rgÄ±zistan
     got: K?rg?zistan
 ; [cca2=KG].translations.tur.official
Expected: KÄ±rgÄ±zistan Cumhuriyeti
     got: K?rg?zistan Cumhuriyeti
 ; [cca2=KG].translations.urd.common
Expected: Ú©Ø±ØºÛŒØ²Ø³ØªØ§Ù†
     got: ?????????
 ; [cca2=KG].translations.urd.official
Expected: Ø¬Ù…Û?ÙˆØ±ÛŒÛ? Ú©Ø±ØºÛŒØ²Ø³ØªØ§Ù†
     got: ??????? ?????????
 ; [cca2=KG].translations.zho.common
Expected: å?‰å°”å?‰æ–¯æ–¯å?¦
     got: ??????
 ; [cca2=KG].translations.zho.official
Expected: å?‰å°”å?‰æ–¯æ–¯å?¦å…±å’Œå›½
     got: ?????????
 ; [cca2=KH].currencies.KHR.symbol
Expected: áŸ›
     got: ?
 ; [cca2=KH].flag
Expected: ðŸ‡°ðŸ‡­
     got: ??
 ; [cca2=KH].name.nativeName.khm.common
Expected: KÃ¢mpÅ­chÃ©a
     got: Kâmp?chéa
 ; [cca2=KH].name.nativeName.khm.official
Expected: áž–áŸ’ážšáŸ‡ážšáž¶áž‡áž¶ážŽáž¶áž…áž€áŸ’ážšáž€áž˜áŸ’áž–áž»áž‡áž¶
     got: ?????????????????????
 ; [cca2=KH].translations.ara.common
Expected: ÙƒÙ…Ø¨ÙˆØ¯ÙŠØ§
     got: ???????
 ; [cca2=KH].translations.ara.official
Expected: Ù…Ù…Ù„ÙƒØ© ÙƒÙ…Ø¨ÙˆØ¯ÙŠØ§
     got: ????? ???????
 ; [cca2=KH].translations.ces.common
Expected: KambodÅ¾a
     got: Kambodža
 ; [cca2=KH].translations.ces.official
Expected: KambodÅ¾skÃ© krÃ¡lovstvÃ­
     got: Kambodžské království
 ; [cca2=KH].translations.deu.official
Expected: KÃ¶nigreich Kambodscha
     got: Königreich Kambodscha
 ; [cca2=KH].translations.est.common
Expected: KambodÅ¾a
     got: Kambodža
 ; [cca2=KH].translations.est.official
Expected: KambodÅ¾a Kuningriik
     got: Kambodža Kuningriik
 ; [cca2=KH].translations.fin.common
Expected: KambodÅ¾a
     got: Kambodža
 ; [cca2=KH].translations.fin.official
Expected: KambodÅ¾an kuningaskunta
     got: Kambodžan kuningaskunta
 ; [cca2=KH].translations.hrv.common
Expected: KambodÅ¾a
     got: Kambodža
 ; [cca2=KH].translations.hrv.official
Expected: Kraljevina KambodÅ¾a
     got: Kraljevina Kambodža
 ; [cca2=KH].translations.hun.official
Expected: Kambodzsai KirÃ¡lysÃ¡g
     got: Kambodzsai Királyság
 ; [cca2=KH].translations.jpn.common
Expected: ã‚«ãƒ³ãƒœã‚¸ã‚¢
     got: ?????
 ; [cca2=KH].translations.jpn.official
Expected: ã‚«ãƒ³ãƒœã‚¸ã‚¢çŽ‹å›½
     got: ???????
 ; [cca2=KH].translations.kor.common
Expected: ìº„ë³´ë””ì•„
     got: ????
 ; [cca2=KH].translations.kor.official
Expected: ìº„ë³´ë””ì•„ ì™•êµ­
     got: ???? ??
 ; [cca2=KH].translations.per.common
Expected: Ú©Ø§Ù…Ø¨ÙˆØ¬
     got: ??????
 ; [cca2=KH].translations.per.official
Expected: Ù¾Ø§Ø¯Ø´Ø§Ù‡ÛŒ Ú©Ø§Ù…Ø¨ÙˆØ¬
     got: ??????? ??????
 ; [cca2=KH].translations.pol.common
Expected: KambodÅ¼a
     got: Kambod?a
 ; [cca2=KH].translations.pol.official
Expected: KrÃ³lestwo KambodÅ¼y
     got: Królestwo Kambod?y
 ; [cca2=KH].translations.rus.common
Expected: ÐšÐ°Ð¼Ð±Ð¾Ð´Ð¶Ð°
     got: ????????
 ; [cca2=KH].translations.rus.official
Expected: ÐšÐ¾Ñ€Ð¾Ð»ÐµÐ²Ñ?Ñ‚Ð²Ð¾ ÐšÐ°Ð¼Ð±Ð¾Ð´Ð¶Ð°
     got: ??????????? ????????
 ; [cca2=KH].translations.slk.common
Expected: KamboÇ†a
     got: Kambo?a
 ; [cca2=KH].translations.slk.official
Expected: KamboÇ†skÃ© krÃ¡Ä¾ovstvo
     got: Kambo?ské krá?ovstvo
 ; [cca2=KH].translations.srp.common
Expected: ÐšÐ°Ð¼Ð±Ð¾ÑŸÐ°
     got: ???????
 ; [cca2=KH].translations.srp.official
Expected: ÐšÑ€Ð°Ñ™ÐµÐ²Ð¸Ð½Ð° ÐšÐ°Ð¼Ð±Ð¾ÑŸÐ°
     got: ????????? ???????
 ; [cca2=KH].translations.tur.common
Expected: KamboÃ§ya
     got: Kamboçya
 ; [cca2=KH].translations.tur.official
Expected: KamboÃ§ya KrallÄ±ÄŸÄ±
     got: Kamboçya Krall???
 ; [cca2=KH].translations.urd.common
Expected: Ú©Ù…Ø¨ÙˆÚˆÛŒØ§
     got: ???????
 ; [cca2=KH].translations.urd.official
Expected: Ù…Ù…Ù„Ú©ØªÙ? Ú©Ù…Ø¨ÙˆÚˆÛŒØ§
     got: ?????? ???????
 ; [cca2=KH].translations.zho.common
Expected: æŸ¬åŸ”å¯¨
     got: ???
 ; [cca2=KH].translations.zho.official
Expected: æŸ¬åŸ”å¯¨çŽ‹å›½
     got: ?????
 ; [cca2=KI].flag
Expected: ðŸ‡°ðŸ‡®
     got: ??
 ; [cca2=KI].translations.ara.common
Expected: ÙƒÙŠØ±ÙŠØ¨Ø§ØªÙŠ
     got: ????????
 ; [cca2=KI].translations.ara.official
Expected: Ø¬Ù…Ù‡ÙˆØ±ÙŠØ© ÙƒÙŠØ±ÙŠØ¨Ø§ØªÙŠ
     got: ??????? ????????
 ; [cca2=KI].translations.fra.official
Expected: RÃ©publique de Kiribati
     got: République de Kiribati
 ; [cca2=KI].translations.hun.official
Expected: Kiribati KÃ¶ztÃ¡rsasÃ¡g
     got: Kiribati Köztársaság
 ; [cca2=KI].translations.jpn.common
Expected: ã‚­ãƒªãƒ?ã‚¹
     got: ????
 ; [cca2=KI].translations.jpn.official
Expected: ã‚­ãƒªãƒ?ã‚¹ã?®ç‹¬ç«‹ã?¨ä¸»æ¨©å…±å’Œå›½
     got: ?????????????
 ; [cca2=KI].translations.kor.common
Expected: í‚¤ë¦¬ë°”ì‹œ
     got: ????
 ; [cca2=KI].translations.kor.official
Expected: í‚¤ë¦¬ë°”ì‹œ ê³µí™”êµ­
     got: ???? ???
 ; [cca2=KI].translations.per.common
Expected: Ú©ÛŒØ±ÛŒØ¨Ø§ØªÛŒ
     got: ????????
 ; [cca2=KI].translations.per.official
Expected: Ø¬Ù…Ù‡ÙˆØ±ÛŒ Ú©ÛŒØ±ÛŒØ¨Ø§ØªÛŒ
     got: ?????? ????????
 ; [cca2=KI].translations.por.official
Expected: Independente e soberano RepÃºblica de Kiribati
     got: Independente e soberano República de Kiribati
 ; [cca2=KI].translations.rus.common
Expected: ÐšÐ¸Ñ€Ð¸Ð±Ð°Ñ‚Ð¸
     got: ????????
 ; [cca2=KI].translations.rus.official
Expected: Ð?ÐµÐ·Ð°Ð²Ð¸Ñ?Ð¸Ð¼Ð¾Ð¹ Ð¸ Ñ?ÑƒÐ²ÐµÑ€ÐµÐ½Ð½Ð¾Ð¹ Ð ÐµÑ?Ð¿ÑƒÐ±Ð»Ð¸ÐºÐ¸ ÐšÐ¸Ñ€Ð¸Ð±Ð°Ñ‚Ð¸
     got: ??????????? ? ?????????? ?????????? ????????
 ; [cca2=KI].translations.slk.official
Expected: KiribatskÃ¡ republika
     got: Kiribatská republika
 ; [cca2=KI].translations.spa.official
Expected: RepÃºblica Independiente y Soberano de Kiribati
     got: República Independiente y Soberano de Kiribati
 ; [cca2=KI].translations.srp.common
Expected: ÐšÐ¸Ñ€Ð¸Ð±Ð°Ñ‚Ð¸
     got: ????????
 ; [cca2=KI].translations.srp.official
Expected: Ð?ÐµÐ·Ð°Ð²Ð¸Ñ?Ð½Ð° Ð¸ Ð¡ÑƒÐ²ÐµÑ€ÐµÐ½Ð° Ð ÐµÐ¿ÑƒÐ±Ð»Ð¸ÐºÐ° ÐšÐ¸Ñ€Ð¸Ð±Ð°Ñ‚Ð¸
     got: ????????? ? ???????? ????????? ????????
 ; [cca2=KI].translations.urd.common
Expected: Ú©ÛŒØ±ÛŒØ¨Ø§ØªÛŒ
     got: ????????
 ; [cca2=KI].translations.urd.official
Expected: Ø³Ù„Ø·Ù†Øª Ø¢Ø²Ø§Ø¯ Ø¬Ù…Û?ÙˆØ±ÛŒÛ? Ú©ÛŒØ±ÛŒØ¨Ø§ØªÛŒ
     got: ????? ???? ??????? ????????
 ; [cca2=KI].translations.zho.common
Expected: åŸºé‡Œå·´æ–¯
     got: ????
 ; [cca2=KI].translations.zho.official
Expected: åŸºé‡Œå·´æ–¯å…±å’Œå›½
     got: ???????
 ; [cca2=KM].altSpellings[]
Expected: al-Ittiá¸¥Ä?d al-QumurÄ«
     but none found
 ; [cca2=KM].altSpellings[]
Unexpected: al-Itti??d al-Qumur?
 ; [cca2=KM].flag
Expected: ðŸ‡°ðŸ‡²
     got: ??
 ; [cca2=KM].name.nativeName.ara.common
Expected: Ø§Ù„Ù‚Ù…Ø±â€Ž
     got: ??????
 ; [cca2=KM].name.nativeName.ara.official
Expected: Ø§Ù„Ø§ØªØ­Ø§Ø¯ Ø§Ù„Ù‚Ù…Ø±ÙŠ
     got: ??????? ??????
 ; [cca2=KM].translations.ara.common
Expected: Ø¬Ø²Ø± Ø§Ù„Ù‚Ù…Ø±
     got: ??? ?????
 ; [cca2=KM].translations.ara.official
Expected: Ø§Ù„Ø¥ØªØ­Ø§Ø¯ Ø§Ù„Ù‚Ù…Ø±ÙŠ
     got: ??????? ??????
 ; [cca2=KM].translations.ces.official
Expected: KomorskÃ½ svaz
     got: Komorský svaz
 ; [cca2=KM].translations.hun.official
Expected: Comore-szigeteki UniÃ³
     got: Comore-szigeteki Unió
 ; [cca2=KM].translations.jpn.common
Expected: ã‚³ãƒ¢ãƒ­
     got: ???
 ; [cca2=KM].translations.jpn.official
Expected: ã‚³ãƒ¢ãƒ­é€£å?ˆ
     got: ?????
 ; [cca2=KM].translations.kor.common
Expected: ì½”ëª¨ë¡œ
     got: ???
 ; [cca2=KM].translations.kor.official
Expected: ì½”ëª¨ë¡œ ì—°ë°©
     got: ??? ??
 ; [cca2=KM].translations.per.common
Expected: Ø§ØªØ­Ø§Ø¯ Ù‚Ù?Ù…Ù?Ø±
     got: ????? ?????
 ; [cca2=KM].translations.per.official
Expected: Ù…Ø¬Ù…Ø¹â€ŒØ§Ù„Ø¬Ø²Ø§ÛŒØ± Ù‚Ù…Ø±
     got: ???????????? ???
 ; [cca2=KM].translations.pol.official
Expected: ZwiÄ…zek KomorÃ³w
     got: Zwi?zek Komorów
 ; [cca2=KM].translations.por.official
Expected: UniÃ£o das Comores
     got: União das Comores
 ; [cca2=KM].translations.rus.common
Expected: ÐšÐ¾Ð¼Ð¾Ñ€Ñ‹
     got: ??????
 ; [cca2=KM].translations.rus.official
Expected: Ð¡Ð¾ÑŽÐ· ÐšÐ¾Ð¼Ð¾Ñ€Ñ?ÐºÐ¸Ñ… ÐžÑ?Ñ‚Ñ€Ð¾Ð²Ð¾Ð²
     got: ???? ????????? ????????
 ; [cca2=KM].translations.slk.official
Expected: KomorskÃ¡ Ãºnia
     got: Komorská únia
 ; [cca2=KM].translations.spa.official
Expected: UniÃ³n de las Comoras
     got: Unión de las Comoras
 ; [cca2=KM].translations.srp.common
Expected: ÐšÐ¾Ð¼Ð¾Ñ€Ð¸
     got: ??????
 ; [cca2=KM].translations.srp.official
Expected: Ð¡Ð°Ð²ÐµÐ· ÐšÐ¾Ð¼Ð¾Ñ€Ð°
     got: ????? ??????
 ; [cca2=KM].translations.tur.official
Expected: Komorlar BirliÄŸi
     got: Komorlar Birli?i
 ; [cca2=KM].translations.urd.common
Expected: Ø§Ù„Ù‚Ù…Ø±ÛŒ
     got: ??????
 ; [cca2=KM].translations.urd.official
Expected: Ø§ØªØ­Ø§Ø¯ Ø§Ù„Ù‚Ù…Ø±ÛŒ
     got: ????? ??????
 ; [cca2=KM].translations.zho.common
Expected: ç§‘æ‘©ç½—
     got: ???
 ; [cca2=KM].translations.zho.official
Expected: ç§‘æ‘©ç½—è?”ç›Ÿ
     got: ?????
 ; [cca2=KN].flag
Expected: ðŸ‡°ðŸ‡³
     got: ??
 ; [cca2=KN].translations.ara.common
Expected: Ø³Ø§Ù†Øª ÙƒÙŠØªØ³ ÙˆÙ†ÙŠÙ?ÙŠØ³
     got: ???? ???? ??????
 ; [cca2=KN].translations.ara.official
Expected: Ø§ØªØ­Ø§Ø¯ Ø§Ù„Ù‚Ø¯ÙŠØ³ ÙƒØ±ÙŠØ³ØªÙˆÙ?Ø± ÙˆÙ†ÙŠÙ?ÙŠØ³
     got: ????? ?????? ???????? ??????
 ; [cca2=KN].translations.ces.common
Expected: SvatÃ½ KryÅ¡tof a Nevis
     got: Svatý Kryštof a Nevis
 ; [cca2=KN].translations.ces.official
Expected: Federace Sv. KryÅ¡tof a Nevis
     got: Federace Sv. Kryštof a Nevis
 ; [cca2=KN].translations.deu.official
Expected: FÃ¶deration von St. Kitts und Nevis
     got: Föderation von St. Kitts und Nevis
 ; [cca2=KN].translations.est.official
Expected: Saint Kittsi ja Nevise FÃ¶deratsioon
     got: Saint Kittsi ja Nevise Föderatsioon
 ; [cca2=KN].translations.fra.common
Expected: Saint-Christophe-et-NiÃ©vÃ¨s
     got: Saint-Christophe-et-Niévès
 ; [cca2=KN].translations.fra.official
Expected: FÃ©dÃ©ration de Saint-Christophe-et-NiÃ©vÃ¨s
     got: Fédération de Saint-Christophe-et-Niévès
 ; [cca2=KN].translations.hun.common
Expected: Saint Kitts Ã©s Nevis
     got: Saint Kitts és Nevis
 ; [cca2=KN].translations.hun.official
Expected: Saint Christopher Ã©s Nevis Ã?llamszÃ¶vetsÃ©g
     got: Saint Christopher és Nevis Államszövetség
 ; [cca2=KN].translations.jpn.common
Expected: ã‚»ãƒ³ãƒˆã‚¯ãƒªã‚¹ãƒˆãƒ•ã‚¡ãƒ¼ãƒ»ãƒ?ã‚¤ãƒ“ã‚¹
     got: ???????????????
 ; [cca2=KN].translations.jpn.official
Expected: ã‚»ãƒ³ãƒˆã‚¯ãƒªã‚¹ãƒˆãƒ•ã‚¡ãƒ¼Nevisé€£ç›Ÿ
     got: ??????????Nevis??
 ; [cca2=KN].translations.kor.common
Expected: ì„¸ì?¸íŠ¸í‚¤ì¸  ë„¤ë¹„ìŠ¤
     got: ????? ???
 ; [cca2=KN].translations.kor.official
Expected: ì„¸ì?¸íŠ¸í‚¤ì¸  ë„¤ë¹„ìŠ¤ ì—°ë°©
     got: ????? ??? ??
 ; [cca2=KN].translations.per.common
Expected: Ø³Ù†Øª Ú©ÛŒØªØ³ Ùˆ Ù†ÙˆÛŒØ³
     got: ??? ???? ? ????
 ; [cca2=KN].translations.per.official
Expected: Ù?Ø¯Ø±Ø§Ø³ÛŒÙˆÙ† Ø³Ù†Øª Ú©ÛŒØªØ³ Ùˆ Ù†ÙˆÛŒØ³
     got: ???????? ??? ???? ? ????
 ; [cca2=KN].translations.por.common
Expected: SÃ£o CristÃ³vÃ£o e Nevis
     got: São Cristóvão e Nevis
 ; [cca2=KN].translations.por.official
Expected: FederaÃ§Ã£o de SÃ£o CristÃ³vÃ£o e Nevis
     got: Federação de São Cristóvão e Nevis
 ; [cca2=KN].translations.rus.common
Expected: Ð¡ÐµÐ½Ñ‚-ÐšÐ¸Ñ‚Ñ? Ð¸ Ð?ÐµÐ²Ð¸Ñ?
     got: ????-???? ? ?????
 ; [cca2=KN].translations.rus.official
Expected: Ð¤ÐµÐ´ÐµÑ€Ð°Ñ†Ð¸Ñ? Ð¡ÐµÐ½Ñ‚-ÐšÑ€Ð¸Ñ?Ñ‚Ð¾Ñ„ÐµÑ€ Ð¸ Ð? Ðµ Ð² Ð¸ Ñ?
     got: ????????? ????-????????? ? ? ? ? ? ?
 ; [cca2=KN].translations.slk.common
Expected: SvÃ¤tÃ½ KriÅ¡tof a Nevis
     got: Svätý Krištof a Nevis
 ; [cca2=KN].translations.slk.official
Expected: Federà»¡cia SvÃ¤tÃ©ho KriÅ¡tofa a Nevisu
     got: Feder?cia Svätého Krištofa a Nevisu
 ; [cca2=KN].translations.spa.common
Expected: San CristÃ³bal y Nieves
     got: San Cristóbal y Nieves
 ; [cca2=KN].translations.spa.official
Expected: FederaciÃ³n de San CristÃ³bal y Nevis
     got: Federación de San Cristóbal y Nevis
 ; [cca2=KN].translations.srp.common
Expected: Ð¡ÐµÐ½Ñ‚ ÐšÐ¸Ñ‚Ñ? Ð¸ Ð?ÐµÐ²Ð¸Ñ?
     got: ???? ???? ? ?????
 ; [cca2=KN].translations.srp.official
Expected: Ð¤ÐµÐ´ÐµÑ€Ð°Ñ†Ð¸Ñ˜Ð° Ð¡Ð²ÐµÑ‚Ð¸ ÐšÑ€Ð¸Ñ?Ñ‚Ð¾Ñ„ÐµÑ€ Ð¸ Ð?ÐµÐ²Ð¸Ñ?
     got: ?????????? ????? ????????? ? ?????
 ; [cca2=KN].translations.urd.common
Expected: Ø³ÛŒÙ†Ù¹ Ú©ÛŒÙ¹Ø² Ùˆ Ù†Ø§ÙˆÛŒØ³
     got: ???? ???? ? ?????
 ; [cca2=KN].translations.urd.official
Expected: ÙˆÙ?Ø§Ù‚Ù? Ø³ÛŒÙ†Ù¹ Ú©ÛŒÙ¹Ø² Ùˆ Ù†Ø§ÙˆÛŒØ³
     got: ????? ???? ???? ? ?????
 ; [cca2=KN].translations.zho.common
Expected: åœ£åŸºèŒ¨å’Œå°¼ç»´æ–¯
     got: ???????
 ; [cca2=KN].translations.zho.official
Expected: åœ£å…‹é‡Œæ–¯æ‰˜å¼—å’Œå°¼ç»´æ–¯è?”é‚¦
     got: ????????????
 ; [cca2=KP].altSpellings[]
Expected: ë¶?í•œ
     but none found
 ; [cca2=KP].altSpellings[]
Expected: ë¶?ì¡°ì„ 
     but none found
 ; [cca2=KP].altSpellings[]
Expected: ì¡°ì„ ë¯¼ì£¼ì£¼ì?˜ì?¸ë¯¼ê³µí™”êµ­
     but none found
 ; [cca2=KP].altSpellings[]
Expected: ChosÅ?n MinjujuÅ­i Inmin Konghwaguk
     but none found
 ; [cca2=KP].altSpellings[]
Unexpected: ???
 ; [cca2=KP].altSpellings[]
Unexpected: ???????????
 ; [cca2=KP].altSpellings[]
Unexpected: Chos?n Minjuju?i Inmin Konghwaguk
 ; [cca2=KP].altSpellings[]
Unexpected: ??
 ; [cca2=KP].currencies.KPW.symbol
Expected: â‚©
     got: ?
 ; [cca2=KP].demonyms.fra.f
Expected: Nord-corÃ©enne
     got: Nord-coréenne
 ; [cca2=KP].demonyms.fra.m
Expected: Nord-corÃ©en
     got: Nord-coréen
 ; [cca2=KP].flag
Expected: ðŸ‡°ðŸ‡µ
     got: ??
 ; [cca2=KP].flags.alt
Expected: The flag of North Korea is composed of three horizontal bands â€” a large central white-edged red band, and a blue band above and beneath the red band. On the hoist side of the red band is a red five-pointed star within a white circle.
     got: The flag of North Korea is composed of three horizontal bands — a large central white-edged red band, and a blue band above and beneath the red band. On the hoist side of the red band is a red five-pointed star within a white circle.
 ; [cca2=KP].name.nativeName.kor.common
Expected: ì¡°ì„ 
     got: ??
 ; [cca2=KP].name.nativeName.kor.official
Expected: ì¡°ì„ ë¯¼ì£¼ì£¼ì?˜ì?¸ë¯¼ê³µí™”êµ­
     got: ???????????
 ; [cca2=KP].translations.ara.common
Expected: ÙƒÙˆØ±ÙŠØ§ Ø§Ù„Ø´Ù…Ø§Ù„ÙŠØ©
     got: ????? ????????
 ; [cca2=KP].translations.ara.official
Expected: Ø¬Ù…Ù‡ÙˆØ±ÙŠØ© ÙƒÙˆØ±ÙŠØ§ Ø§Ù„Ø¯ÙŠÙ…Ù‚Ø±Ø§Ø·ÙŠØ© Ø§Ù„Ø´Ø¹Ø¨ÙŠØ©
     got: ??????? ????? ??????????? ???????
 ; [cca2=KP].translations.ces.common
Expected: SevernÃ­ Korea
     got: Severní Korea
 ; [cca2=KP].translations.ces.official
Expected: KorejskÃ¡ lidovÄ› demokratickÃ¡ republika
     got: Korejská lidov? demokratická republika
 ; [cca2=KP].translations.est.common
Expected: PÃµhja-Korea
     got: Põhja-Korea
 ; [cca2=KP].translations.fra.common
Expected: CorÃ©e du Nord
     got: Corée du Nord
 ; [cca2=KP].translations.fra.official
Expected: RÃ©publique populaire dÃ©mocratique de CorÃ©e
     got: République populaire démocratique de Corée
 ; [cca2=KP].translations.hun.common
Expected: Ã‰szak-Korea
     got: Észak-Korea
 ; [cca2=KP].translations.hun.official
Expected: Koreai NÃ©pi Demokratikus KÃ¶ztÃ¡rsasÃ¡g
     got: Koreai Népi Demokratikus Köztársaság
 ; [cca2=KP].translations.jpn.common
Expected: æœ?é®®æ°‘ä¸»ä¸»ç¾©äººæ°‘å…±å’Œå›½
     got: ???????????
 ; [cca2=KP].translations.jpn.official
Expected: æœ?é®®æ°‘ä¸»ä¸»ç¾©äººæ°‘å…±å’Œå›½
     got: ???????????
 ; [cca2=KP].translations.kor.common
Expected: ì¡°ì„ 
     got: ??
 ; [cca2=KP].translations.kor.official
Expected: ì¡°ì„ ë¯¼ì£¼ì£¼ì?˜ì?¸ë¯¼ê³µí™”êµ­
     got: ???????????
 ; [cca2=KP].translations.per.common
Expected: Ú©Ù?Ø±Ù‡ Ø´Ù…Ø§Ù„ÛŒ
     got: ???? ?????
 ; [cca2=KP].translations.per.official
Expected: Ø¬Ù…Ù‡ÙˆØ±ÛŒ Ø¯Ù…ÙˆÚ©Ø±Ø§ØªÛŒÚ© Ø®Ù„Ù‚ Ú©Ø±Ù‡
     got: ?????? ????????? ??? ???
 ; [cca2=KP].translations.pol.common
Expected: Korea PÃ³Å‚nocna
     got: Korea Pó?nocna
 ; [cca2=KP].translations.pol.official
Expected: KoreaÅ„ska Republika Ludowo-Demokratyczna
     got: Korea?ska Republika Ludowo-Demokratyczna
 ; [cca2=KP].translations.por.official
Expected: RepÃºblica Popular DemocrÃ¡tica da Coreia
     got: República Popular Democrática da Coreia
 ; [cca2=KP].translations.rus.common
Expected: Ð¡ÐµÐ²ÐµÑ€Ð½Ð°Ñ? ÐšÐ¾Ñ€ÐµÑ?
     got: ???????? ?????
 ; [cca2=KP].translations.rus.official
Expected: ÐšÐ¾Ñ€ÐµÐ¹Ñ?ÐºÐ°Ñ? Ð?Ð°Ñ€Ð¾Ð´Ð½Ð¾-Ð”ÐµÐ¼Ð¾ÐºÑ€Ð°Ñ‚Ð¸Ñ‡ÐµÑ?ÐºÐ°Ñ? Ð ÐµÑ?Ð¿ÑƒÐ±Ð»Ð¸ÐºÐ° ÐšÐ¾Ñ€ÐµÑ?
     got: ????????? ???????-??????????????? ?????????? ?????
 ; [cca2=KP].translations.slk.common
Expected: SevernÃ¡ KÃ³rea
     got: Severná Kórea
 ; [cca2=KP].translations.slk.official
Expected: KÃ³rejskÃ¡ Ä¾udovodemokratickÃ¡ republika
     got: Kórejská ?udovodemokratická republika
 ; [cca2=KP].translations.spa.official
Expected: RepÃºblica Popular DemocrÃ¡tica de Corea
     got: República Popular Democrática de Corea
 ; [cca2=KP].translations.srp.common
Expected: Ð¡ÐµÐ²ÐµÑ€Ð½Ð° ÐšÐ¾Ñ€ÐµÑ˜Ð°
     got: ??????? ??????
 ; [cca2=KP].translations.srp.official
Expected: Ð”ÐµÐ¼Ð¾ÐºÑ€Ð°Ñ‚Ñ?ÐºÐ° Ð?Ð°Ñ€Ð¾Ð´Ð½Ð° Ð ÐµÐ¿ÑƒÐ±Ð»Ð¸ÐºÐ° ÐšÐ¾Ñ€ÐµÑ˜Ð°
     got: ??????????? ??????? ????????? ??????
 ; [cca2=KP].translations.urd.common
Expected: Ø´Ù…Ø§Ù„ÛŒ Ú©ÙˆØ±ÛŒØ§
     got: ????? ?????
 ; [cca2=KP].translations.urd.official
Expected: Ø¬Ù…Û?ÙˆØ±ÛŒ Ø¹ÙˆØ§Ù…ÛŒ Ø¬Ù…Û?ÙˆØ±ÛŒÛ? Ú©ÙˆØ±ÛŒØ§
     got: ?????? ????? ??????? ?????
 ; [cca2=KP].translations.zho.common
Expected: æœ?é²œ
     got: ??
 ; [cca2=KP].translations.zho.official
Expected: æœ?é²œäººæ°‘æ°‘ä¸»å…±å’Œå›½
     got: ?????????
 ; [cca2=KR].altSpellings[]
Expected: ë‚¨í•œ
     but none found
 ; [cca2=KR].altSpellings[]
Expected: ë‚¨ì¡°ì„ 
     but none found
 ; [cca2=KR].altSpellings[]
Unexpected: ??
 ; [cca2=KR].altSpellings[]
Unexpected: ???
 ; [cca2=KR].currencies.KRW.symbol
Expected: â‚©
     got: ?
 ; [cca2=KR].demonyms.fra.f
Expected: Sud-corÃ©enne
     got: Sud-coréenne
 ; [cca2=KR].demonyms.fra.m
Expected: Sud-corÃ©en
     got: Sud-coréen
 ; [cca2=KR].flag
Expected: ðŸ‡°ðŸ‡·
     got: ??
 ; [cca2=KR].name.nativeName.kor.common
Expected: í•œêµ­
     got: ??
 ; [cca2=KR].name.nativeName.kor.official
Expected: ëŒ€í•œë¯¼êµ­
     got: ????
 ; [cca2=KR].tld[]
Expected: .í•œêµ­
     but none found
 ; [cca2=KR].tld[]
Unexpected: .??
 ; [cca2=KR].translations.ara.common
Expected: ÙƒÙˆØ±ÙŠØ§ Ø§Ù„Ø¬Ù†ÙˆØ¨ÙŠØ©
     got: ????? ????????
 ; [cca2=KR].translations.ara.official
Expected: Ø¬Ù…Ù‡ÙˆØ±ÙŠØ© ÙƒÙˆØ±ÙŠØ§
     got: ??????? ?????
 ; [cca2=KR].translations.ces.common
Expected: JiÅ¾nÃ­ Korea
     got: Jižní Korea
 ; [cca2=KR].translations.ces.official
Expected: KorejskÃ¡ republika
     got: Korejská republika
 ; [cca2=KR].translations.deu.common
Expected: SÃ¼dkorea
     got: Südkorea
 ; [cca2=KR].translations.est.common
Expected: LÃµuna-Korea
     got: Lõuna-Korea
 ; [cca2=KR].translations.fin.common
Expected: EtelÃ¤-Korea
     got: Etelä-Korea
 ; [cca2=KR].translations.fra.common
Expected: CorÃ©e du Sud
     got: Corée du Sud
 ; [cca2=KR].translations.fra.official
Expected: RÃ©publique de CorÃ©e
     got: République de Corée
 ; [cca2=KR].translations.hrv.common
Expected: JuÅ¾na Koreja
     got: Južna Koreja
 ; [cca2=KR].translations.hun.common
Expected: DÃ©l-Korea
     got: Dél-Korea
 ; [cca2=KR].translations.hun.official
Expected: Koreai KÃ¶ztÃ¡rsasÃ¡g
     got: Koreai Köztársaság
 ; [cca2=KR].translations.jpn.common
Expected: éŸ“å›½
     got: ??
 ; [cca2=KR].translations.jpn.official
Expected: å¤§éŸ“æ°‘å›½
     got: ????
 ; [cca2=KR].translations.kor.common
Expected: í•œêµ­
     got: ??
 ; [cca2=KR].translations.kor.official
Expected: ëŒ€í•œë¯¼êµ­
     got: ????
 ; [cca2=KR].translations.per.common
Expected: Ú©Ø±Ù‡Ù” Ø¬Ù†ÙˆØ¨ÛŒ
     got: ???? ?????
 ; [cca2=KR].translations.per.official
Expected: Ø¬Ù…Ù‡ÙˆØ±ÛŒ Ú©Ø±Ù‡
     got: ?????? ???
 ; [cca2=KR].translations.pol.common
Expected: Korea PoÅ‚udniowa
     got: Korea Po?udniowa
 ; [cca2=KR].translations.por.official
Expected: RepÃºblica da Coreia
     got: República da Coreia
 ; [cca2=KR].translations.rus.common
Expected: Ð®Ð¶Ð½Ð°Ñ? ÐšÐ¾Ñ€ÐµÑ?
     got: ????? ?????
 ; [cca2=KR].translations.rus.official
Expected: Ð ÐµÑ?Ð¿ÑƒÐ±Ð»Ð¸ÐºÐ° ÐšÐ¾Ñ€ÐµÑ?
     got: ?????????? ?????
 ; [cca2=KR].translations.slk.common
Expected: JuÅ¾nÃ¡ KÃ³rea
     got: Južná Kórea
 ; [cca2=KR].translations.slk.official
Expected: KÃ³rejskÃ¡ republika
     got: Kórejská republika
 ; [cca2=KR].translations.spa.official
Expected: RepÃºblica de Corea
     got: República de Corea
 ; [cca2=KR].translations.srp.common
Expected: ÐˆÑƒÐ¶Ð½Ð° ÐšÐ¾Ñ€ÐµÑ˜Ð°
     got: ????? ??????
 ; [cca2=KR].translations.srp.official
Expected: Ð ÐµÐ¿ÑƒÐ±Ð»Ð¸ÐºÐ° ÐšÐ¾Ñ€ÐµÑ˜Ð°
     got: ????????? ??????
 ; [cca2=KR].translations.tur.common
Expected: GÃ¼ney Kore
     got: Güney Kore
 ; [cca2=KR].translations.urd.common
Expected: Ø¬Ù†ÙˆØ¨ÛŒ Ú©ÙˆØ±ÛŒØ§
     got: ????? ?????
 ; [cca2=KR].translations.urd.official
Expected: Ø¬Ù…Û?ÙˆØ±ÛŒÛ? Ú©ÙˆØ±ÛŒØ§ 
     got: ??????? ????? 
 ; [cca2=KR].translations.zho.common
Expected: éŸ©å›½
     got: ??
 ; [cca2=KR].translations.zho.official
Expected: å¤§éŸ©æ°‘å›½
     got: ????
 ; [cca2=KW].currencies.KWD.symbol
Expected: Ø¯.Ùƒ
     got: ?.?
 ; [cca2=KW].demonyms.fra.f
Expected: KoweÃ¯tienne
     got: Koweïtienne
 ; [cca2=KW].demonyms.fra.m
Expected: KoweÃ¯tien
     got: Koweïtien
 ; [cca2=KW].flag
Expected: ðŸ‡°ðŸ‡¼
     got: ??
 ; [cca2=KW].name.nativeName.ara.common
Expected: Ø§Ù„ÙƒÙˆÙŠØª
     got: ??????
 ; [cca2=KW].name.nativeName.ara.official
Expected: Ø¯ÙˆÙ„Ø© Ø§Ù„ÙƒÙˆÙŠØª
     got: ???? ??????
 ; [cca2=KW].translations.ara.common
Expected: Ø§Ù„ÙƒÙˆÙŠØª
     got: ??????
 ; [cca2=KW].translations.ara.official
Expected: Ø¯ÙˆÙ„Ø© Ø§Ù„ÙƒÙˆÙŠØª
     got: ???? ??????
 ; [cca2=KW].translations.ces.official
Expected: StÃ¡t Kuvajt
     got: Stát Kuvajt
 ; [cca2=KW].translations.fra.common
Expected: KoweÃ¯t
     got: Koweït
 ; [cca2=KW].translations.fra.official
Expected: Ã‰tat du KoweÃ¯t
     got: État du Koweït
 ; [cca2=KW].translations.hrv.official
Expected: DrÅ¾ava Kuvajt
     got: Država Kuvajt
 ; [cca2=KW].translations.hun.official
Expected: Kuvaiti Ã?llam
     got: Kuvaiti Állam
 ; [cca2=KW].translations.jpn.common
Expected: ã‚¯ã‚¦ã‚§ãƒ¼ãƒˆ
     got: ?????
 ; [cca2=KW].translations.jpn.official
Expected: ã‚¯ã‚¦ã‚§ãƒ¼ãƒˆå›½
     got: ??????
 ; [cca2=KW].translations.kor.common
Expected: ì¿ ì›¨ì?´íŠ¸
     got: ????
 ; [cca2=KW].translations.kor.official
Expected: ì¿ ì›¨ì?´íŠ¸êµ­
     got: ?????
 ; [cca2=KW].translations.per.common
Expected: Ú©Ù?ÙˆÛŒØª
     got: ?????
 ; [cca2=KW].translations.per.official
Expected: Ø¯ÙˆÙ„Øª Ú©ÙˆÛŒØª
     got: ???? ????
 ; [cca2=KW].translations.pol.official
Expected: PaÅ„stwo Kuwejt
     got: Pa?stwo Kuwejt
 ; [cca2=KW].translations.rus.common
Expected: ÐšÑƒÐ²ÐµÐ¹Ñ‚
     got: ??????
 ; [cca2=KW].translations.rus.official
Expected: Ð“Ð¾Ñ?ÑƒÐ´Ð°Ñ€Ñ?Ñ‚Ð²Ð¾ ÐšÑƒÐ²ÐµÐ¹Ñ‚
     got: ??????????? ??????
 ; [cca2=KW].translations.slk.official
Expected: KuvajtskÃ½ Å¡tÃ¡t
     got: Kuvajtský štát
 ; [cca2=KW].translations.srp.common
Expected: ÐšÑƒÐ²Ð°Ñ˜Ñ‚
     got: ??????
 ; [cca2=KW].translations.srp.official
Expected: Ð”Ñ€Ð¶Ð°Ð²Ð° ÐšÑƒÐ²Ð°Ñ˜Ñ‚
     got: ?????? ??????
 ; [cca2=KW].translations.urd.common
Expected: Ú©ÙˆÛŒØª
     got: ????
 ; [cca2=KW].translations.urd.official
Expected: Ø¯ÙˆÙ„ØªÙ? Ú©ÙˆÛŒØª
     got: ????? ????
 ; [cca2=KW].translations.zho.common
Expected: ç§‘å¨?ç‰¹
     got: ???
 ; [cca2=KW].translations.zho.official
Expected: ç§‘å¨?ç‰¹å›½
     got: ????
 ; [cca2=KY].demonyms.fra.f
Expected: CaÃ¯manienne
     got: Caïmanienne
 ; [cca2=KY].demonyms.fra.m
Expected: CaÃ¯manien
     got: Caïmanien
 ; [cca2=KY].flag
Expected: ðŸ‡°ðŸ‡¾
     got: ??
 ; [cca2=KY].translations.ara.common
Expected: Ø¬Ø²Ø± ÙƒØ§ÙŠÙ…Ø§Ù†
     got: ??? ??????
 ; [cca2=KY].translations.ara.official
Expected: Ø¬Ø²Ø± ÙƒØ§ÙŠÙ…Ø§Ù†
     got: ??? ??????
 ; [cca2=KY].translations.ces.common
Expected: KajmanskÃ© ostrovy
     got: Kajmanské ostrovy
 ; [cca2=KY].translations.ces.official
Expected: KajmanskÃ© ostrovy
     got: Kajmanské ostrovy
 ; [cca2=KY].translations.fra.common
Expected: ÃŽles CaÃ¯mans
     got: Îles Caïmans
 ; [cca2=KY].translations.fra.official
Expected: ÃŽles CaÃ¯mans
     got: Îles Caïmans
 ; [cca2=KY].translations.hun.common
Expected: KajmÃ¡n-szigetek
     got: Kajmán-szigetek
 ; [cca2=KY].translations.hun.official
Expected: KajmÃ¡n-szigetek
     got: Kajmán-szigetek
 ; [cca2=KY].translations.jpn.common
Expected: ã‚±ã‚¤ãƒžãƒ³è«¸å³¶
     got: ??????
 ; [cca2=KY].translations.jpn.official
Expected: ã‚±ã‚¤ãƒžãƒ³è«¸å³¶
     got: ??????
 ; [cca2=KY].translations.kor.common
Expected: ì¼€ì?´ë§¨ ì œë?„
     got: ??? ??
 ; [cca2=KY].translations.kor.official
Expected: ì¼€ì?´ë§¨ ì œë?„
     got: ??? ??
 ; [cca2=KY].translations.per.common
Expected: Ø¬Ø²Ø§ÛŒØ± Ú©ÛŒÙ…Ù†
     got: ????? ????
 ; [cca2=KY].translations.per.official
Expected: Ø¬Ø²Ø§ÛŒØ± Ú©ÛŒÙ…Ù†
     got: ????? ????
 ; [cca2=KY].translations.por.common
Expected: Ilhas CaimÃ£o
     got: Ilhas Caimão
 ; [cca2=KY].translations.rus.common
Expected: ÐšÐ°Ð¹Ð¼Ð°Ð½Ð¾Ð²Ñ‹ Ð¾Ñ?Ñ‚Ñ€Ð¾Ð²Ð°
     got: ????????? ???????
 ; [cca2=KY].translations.rus.official
Expected: ÐšÐ°Ð¹Ð¼Ð°Ð½Ð¾Ð²Ñ‹ Ð¾Ñ?Ñ‚Ñ€Ð¾Ð²Ð°
     got: ????????? ???????
 ; [cca2=KY].translations.spa.common
Expected: Islas CaimÃ¡n
     got: Islas Caimán
 ; [cca2=KY].translations.spa.official
Expected: Islas CaimÃ¡n
     got: Islas Caimán
 ; [cca2=KY].translations.srp.common
Expected: ÐšÐ°Ñ˜Ð¼Ð°Ð½Ñ?ÐºÐ° ÐžÑ?Ñ‚Ñ€Ð²Ð°
     got: ????????? ??????
 ; [cca2=KY].translations.srp.official
Expected: ÐšÐ°Ñ˜Ð¼Ð°Ð½Ñ?ÐºÐ° ÐžÑ?Ñ‚Ñ€Ð²Ð°
     got: ????????? ??????
 ; [cca2=KY].translations.swe.common
Expected: CaymanÃ¶arna
     got: Caymanöarna
 ; [cca2=KY].translations.swe.official
Expected: CaymanÃ¶arna
     got: Caymanöarna
 ; [cca2=KY].translations.tur.common
Expected: Cayman AdalarÄ±
     got: Cayman Adalar?
 ; [cca2=KY].translations.tur.official
Expected: Cayman AdalarÄ±
     got: Cayman Adalar?
 ; [cca2=KY].translations.urd.common
Expected: Ø¬Ø²Ø§Ø¦Ø± Ú©ÛŒÙ…ÛŒÙ†
     got: ????? ?????
 ; [cca2=KY].translations.urd.official
Expected: Ø¬Ø²Ø§Ø¦Ø± Ú©ÛŒÙ…ÛŒÙ†
     got: ????? ?????
 ; [cca2=KY].translations.zho.common
Expected: å¼€æ›¼ç¾¤å²›
     got: ????
 ; [cca2=KY].translations.zho.official
Expected: å¼€æ›¼ç¾¤å²›
     got: ????
 ; [cca2=KZ].altSpellings[]
Expected: ÒšÐ°Ð·Ð°Ò›Ñ?Ñ‚Ð°Ð½ Ð ÐµÑ?Ð¿ÑƒÐ±Ð»Ð¸ÐºÐ°Ñ?Ñ‹
     but none found
 ; [cca2=KZ].altSpellings[]
Expected: Ð ÐµÑ?Ð¿ÑƒÐ±Ð»Ð¸ÐºÐ° ÐšÐ°Ð·Ð°Ñ…Ñ?Ñ‚Ð°Ð½
     but none found
 ; [cca2=KZ].altSpellings[]
Expected: Qazaqstan RespublÃ¯kasÄ±
     but none found
 ; [cca2=KZ].altSpellings[]
Expected: ÐšÐ°Ð·Ð°Ñ…Ñ?Ñ‚Ð°Ð½
     but none found
 ; [cca2=KZ].altSpellings[]
Unexpected: ?????????
 ; [cca2=KZ].altSpellings[]
Unexpected: ?????????? ?????????
 ; [cca2=KZ].altSpellings[]
Unexpected: ????????? ????????????
 ; [cca2=KZ].altSpellings[]
Unexpected: Qazaqstan Respublïkas?
 ; [cca2=KZ].currencies.KZT.symbol
Expected: â‚¸
     got: ?
 ; [cca2=KZ].flag
Expected: ðŸ‡°ðŸ‡¿
     got: ??
 ; [cca2=KZ].flags.alt
Expected: The flag of Kazakhstan has a turquoise field, at the center of which is a gold sun with thirty-two rays above a soaring golden steppe eagle. A thin vertical band displays a national ornamental pattern â€” koshkar-muiz â€” in gold near the hoist end.
     got: The flag of Kazakhstan has a turquoise field, at the center of which is a gold sun with thirty-two rays above a soaring golden steppe eagle. A thin vertical band displays a national ornamental pattern — koshkar-muiz — in gold near the hoist end.
 ; [cca2=KZ].name.nativeName.kaz.common
Expected: ÒšÐ°Ð·Ð°Ò›Ñ?Ñ‚Ð°Ð½
     got: ?????????
 ; [cca2=KZ].name.nativeName.kaz.official
Expected: ÒšÐ°Ð·Ð°Ò›Ñ?Ñ‚Ð°Ð½ Ð ÐµÑ?Ð¿ÑƒÐ±Ð»Ð¸ÐºÐ°Ñ?Ñ‹
     got: ????????? ????????????
 ; [cca2=KZ].name.nativeName.rus.common
Expected: ÐšÐ°Ð·Ð°Ñ…Ñ?Ñ‚Ð°Ð½
     got: ?????????
 ; [cca2=KZ].name.nativeName.rus.official
Expected: Ð ÐµÑ?Ð¿ÑƒÐ±Ð»Ð¸ÐºÐ° ÐšÐ°Ð·Ð°Ñ…Ñ?Ñ‚Ð°Ð½
     got: ?????????? ?????????
 ; [cca2=KZ].tld[]
Expected: .Ò›Ð°Ð·
     but none found
 ; [cca2=KZ].tld[]
Unexpected: .???
 ; [cca2=KZ].translations.ara.common
Expected: ÙƒØ§Ø²Ø§Ø®Ø³ØªØ§Ù†
     got: ?????????
 ; [cca2=KZ].translations.ara.official
Expected: Ø¬Ù…Ù‡ÙˆØ±ÙŠØ© ÙƒØ§Ø²Ø§Ø®Ø³ØªØ§Ù†
     got: ??????? ?????????
 ; [cca2=KZ].translations.ces.common
Expected: KazachstÃ¡n
     got: Kazachstán
 ; [cca2=KZ].translations.ces.official
Expected: Republika KazachstÃ¡n
     got: Republika Kazachstán
 ; [cca2=KZ].translations.fra.official
Expected: RÃ©publique du Kazakhstan
     got: République du Kazakhstan
 ; [cca2=KZ].translations.hun.common
Expected: KazahsztÃ¡n
     got: Kazahsztán
 ; [cca2=KZ].translations.hun.official
Expected: Kazah KÃ¶ztÃ¡rsasÃ¡g
     got: Kazah Köztársaság
 ; [cca2=KZ].translations.jpn.common
Expected: ã‚«ã‚¶ãƒ•ã‚¹ã‚¿ãƒ³
     got: ??????
 ; [cca2=KZ].translations.jpn.official
Expected: ã‚«ã‚¶ãƒ•ã‚¹ã‚¿ãƒ³å…±å’Œå›½
     got: ?????????
 ; [cca2=KZ].translations.kor.common
Expected: ì¹´ìž?í??ìŠ¤íƒ„
     got: ?????
 ; [cca2=KZ].translations.kor.official
Expected: ì¹´ìž?í??ìŠ¤íƒ„ ê³µí™”êµ­
     got: ????? ???
 ; [cca2=KZ].translations.per.common
Expected: Ù‚Ø²Ø§Ù‚Ø³ØªØ§Ù†
     got: ????????
 ; [cca2=KZ].translations.per.official
Expected: Ø¬Ù…Ù‡ÙˆØ±ÛŒ Ù‚Ø²Ø§Ù‚Ø³ØªØ§Ù†
     got: ?????? ????????
 ; [cca2=KZ].translations.por.common
Expected: CazaquistÃ£o
     got: Cazaquistão
 ; [cca2=KZ].translations.por.official
Expected: RepÃºblica do CazaquistÃ£o
     got: República do Cazaquistão
 ; [cca2=KZ].translations.rus.common
Expected: ÐšÐ°Ð·Ð°Ñ…Ñ?Ñ‚Ð°Ð½
     got: ?????????
 ; [cca2=KZ].translations.rus.official
Expected: Ð ÐµÑ?Ð¿ÑƒÐ±Ð»Ð¸ÐºÐ° ÐšÐ°Ð·Ð°Ñ…Ñ?Ñ‚Ð°Ð½
     got: ?????????? ?????????
 ; [cca2=KZ].translations.slk.official
Expected: KazaÅ¡skÃ¡ republika
     got: Kazašská republika
 ; [cca2=KZ].translations.spa.common
Expected: KazajistÃ¡n
     got: Kazajistán
 ; [cca2=KZ].translations.spa.official
Expected: RepÃºblica de KazajstÃ¡n
     got: República de Kazajstán
 ; [cca2=KZ].translations.srp.common
Expected: ÐšÐ°Ð·Ð°Ñ…Ñ?Ñ‚Ð°Ð½
     got: ?????????
 ; [cca2=KZ].translations.srp.official
Expected: Ð ÐµÐ¿ÑƒÐ±Ð»Ð¸ÐºÐ° ÐšÐ°Ð·Ð°Ñ…Ñ?Ñ‚Ð°Ð½
     got: ????????? ?????????
 ; [cca2=KZ].translations.urd.common
Expected: Ù‚Ø§Ø²Ù‚Ø³ØªØ§Ù†
     got: ????????
 ; [cca2=KZ].translations.urd.official
Expected: Ø¬Ù…Û?ÙˆØ±ÛŒÛ? Ù‚Ø§Ø²Ù‚Ø³ØªØ§Ù†
     got: ??????? ????????
 ; [cca2=KZ].translations.zho.common
Expected: å“ˆè?¨å…‹æ–¯å?¦
     got: ?????
 ; [cca2=KZ].translations.zho.official
Expected: å“ˆè?¨å…‹æ–¯å?¦å…±å’Œå›½
     got: ????????
 ; [cca2=LA].currencies.LAK.symbol
Expected: â‚­
     got: ?
 ; [cca2=LA].flag
Expected: ðŸ‡±ðŸ‡¦
     got: ??
 ; [cca2=LA].name.nativeName.lao.common
Expected: àºªàº›àº›àº¥àº²àº§
     got: ??????
 ; [cca2=LA].name.nativeName.lao.official
Expected: àºªàº²àº—àº²àº¥àº°àº™àº° àºŠàº²àº—àº´àº›àº°à»„àº• àº„àº»àº™àº¥àº²àº§ àº‚àº­àº‡
     got: ???????? ???????? ?????? ???
 ; [cca2=LA].translations.ara.common
Expected: Ù„Ø§ÙˆØ³
     got: ????
 ; [cca2=LA].translations.ara.official
Expected: Ø¬Ù…Ù‡ÙˆØ±ÙŠØ© Ù„Ø§ÙˆØ³ Ø§Ù„Ø¯ÙŠÙ…Ù‚Ø±Ø§Ø·ÙŠØ© Ø§Ù„Ø´Ø¹Ø¨ÙŠØ©
     got: ??????? ???? ??????????? ???????
 ; [cca2=LA].translations.ces.official
Expected: LaoskÃ¡ lidovÄ› demokratickÃ¡ republika
     got: Laoská lidov? demokratická republika
 ; [cca2=LA].translations.fra.official
Expected: RÃ©publique dÃ©mocratique populaire lao
     got: République démocratique populaire lao
 ; [cca2=LA].translations.hun.official
Expected: Laoszi NÃ©pi Demokratikus KÃ¶ztÃ¡rsasÃ¡g
     got: Laoszi Népi Demokratikus Köztársaság
 ; [cca2=LA].translations.jpn.common
Expected: ãƒ©ã‚ªã‚¹äººæ°‘æ°‘ä¸»å…±å’Œå›½
     got: ??????????
 ; [cca2=LA].translations.jpn.official
Expected: ãƒ©ã‚ªã‚¹äººæ°‘æ°‘ä¸»å…±å’Œå›½
     got: ??????????
 ; [cca2=LA].translations.kor.common
Expected: ë?¼ì˜¤ìŠ¤
     got: ???
 ; [cca2=LA].translations.kor.official
Expected: ë?¼ì˜¤ ì?¸ë¯¼ ë¯¼ì£¼ ê³µí™”êµ­
     got: ?? ?? ?? ???
 ; [cca2=LA].translations.per.common
Expected: Ù„Ø§Ø¦ÙˆØ³
     got: ?????
 ; [cca2=LA].translations.per.official
Expected: Ø¬Ù…Ù‡ÙˆØ±ÛŒ Ø¯Ù…ÙˆÚ©Ø±Ø§ØªÛŒÚ© Ø®Ù„Ù‚ Ù„Ø§Ø¦ÙˆØ³
     got: ?????? ????????? ??? ?????
 ; [cca2=LA].translations.pol.official
Expected: LaotaÅ„ska Republika Ludowo-Demokratyczna
     got: Laota?ska Republika Ludowo-Demokratyczna
 ; [cca2=LA].translations.por.official
Expected: Laos, RepÃºblica DemocrÃ¡tica
     got: Laos, República Democrática
 ; [cca2=LA].translations.rus.common
Expected: Ð›Ð°Ð¾Ñ?
     got: ????
 ; [cca2=LA].translations.rus.official
Expected: Ð›Ð°Ð¾Ñ?Ñ?ÐºÐ°Ñ? Ð?Ð°Ñ€Ð¾Ð´Ð½Ð¾-Ð”ÐµÐ¼Ð¾ÐºÑ€Ð°Ñ‚Ð¸Ñ‡ÐµÑ?ÐºÐ°Ñ? Ð ÐµÑ?Ð¿ÑƒÐ±Ð»Ð¸ÐºÐ°
     got: ???????? ???????-??????????????? ??????????
 ; [cca2=LA].translations.slk.official
Expected: LaoskÃ¡ Ä¾udovodemokratickÃ¡ republika
     got: Laoská ?udovodemokratická republika
 ; [cca2=LA].translations.spa.official
Expected: RepÃºblica DemocrÃ¡tica Popular Lao
     got: República Democrática Popular Lao
 ; [cca2=LA].translations.srp.common
Expected: Ð›Ð°Ð¾Ñ?
     got: ????
 ; [cca2=LA].translations.srp.official
Expected: Ð›Ð°Ð¾ÑˆÐºÐ° Ð?Ð°Ñ€Ð¾Ð´Ð½Ð° Ð”ÐµÐ¼Ð¾ÐºÑ€Ð°Ñ‚Ñ?ÐºÐ° Ð ÐµÐ¿ÑƒÐ±Ð»Ð¸ÐºÐ°
     got: ?????? ??????? ??????????? ?????????
 ; [cca2=LA].translations.urd.common
Expected: Ù„Ø§Ø¤Ø³
     got: ????
 ; [cca2=LA].translations.urd.official
Expected: Ø¹ÙˆØ§Ù…ÛŒ Ø¬Ù…Û?ÙˆØ±ÛŒ Ø¬Ù…Û?ÙˆØ±ÛŒÛ? Ù„Ø§Ø¤
     got: ????? ?????? ??????? ???
 ; [cca2=LA].translations.zho.common
Expected: è€?æŒ?
     got: ??
 ; [cca2=LA].translations.zho.official
Expected: è€?æŒ?äººæ°‘æ°‘ä¸»å…±å’Œå›½
     got: ?????????
 ; [cca2=LB].altSpellings[]
Expected: Al-JumhÅ«rÄ«yah Al-LibnÄ?nÄ«yah
     but none found
 ; [cca2=LB].altSpellings[]
Unexpected: Al-Jumh?r?yah Al-Libn?n?yah
 ; [cca2=LB].currencies.LBP.symbol
Expected: Ù„.Ù„
     got: ?.?
 ; [cca2=LB].flag
Expected: ðŸ‡±ðŸ‡§
     got: ??
 ; [cca2=LB].name.nativeName.ara.common
Expected: Ù„Ø¨Ù†Ø§Ù†
     got: ?????
 ; [cca2=LB].name.nativeName.ara.official
Expected: Ø§Ù„Ø¬Ù…Ù‡ÙˆØ±ÙŠØ© Ø§Ù„Ù„Ø¨Ù†Ø§Ù†ÙŠØ©
     got: ????????? ?????????
 ; [cca2=LB].name.nativeName.fra.official
Expected: RÃ©publique libanaise
     got: République libanaise
 ; [cca2=LB].translations.ara.common
Expected: Ù„Ø¨Ù†Ø§Ù†
     got: ?????
 ; [cca2=LB].translations.ara.official
Expected: Ø§Ù„Ø¬Ù…Ù‡ÙˆØ±ÙŠØ© Ø§Ù„Ù„Ø¨Ù†Ø§Ù†ÙŠØ©
     got: ????????? ?????????
 ; [cca2=LB].translations.ces.official
Expected: LibanonskÃ¡ republika
     got: Libanonská republika
 ; [cca2=LB].translations.fra.official
Expected: RÃ©publique libanaise
     got: République libanaise
 ; [cca2=LB].translations.hun.official
Expected: Libanoni KÃ¶ztÃ¡rsasÃ¡g
     got: Libanoni Köztársaság
 ; [cca2=LB].translations.jpn.common
Expected: ãƒ¬ãƒ?ãƒŽãƒ³
     got: ????
 ; [cca2=LB].translations.jpn.official
Expected: ãƒ¬ãƒ?ãƒŽãƒ³å…±å’Œå›½
     got: ???????
 ; [cca2=LB].translations.kor.common
Expected: ë ˆë°”ë…¼
     got: ???
 ; [cca2=LB].translations.kor.official
Expected: ë ˆë°”ë…¼ ê³µí™”êµ­
     got: ??? ???
 ; [cca2=LB].translations.per.common
Expected: Ù„Ø¨Ù†Ø§Ù†
     got: ?????
 ; [cca2=LB].translations.per.official
Expected: Ø¬Ù…Ù‡ÙˆØ±ÛŒ Ù„Ø¨Ù†Ø§Ù†
     got: ?????? ?????
 ; [cca2=LB].translations.pol.official
Expected: Republika LibaÅ„ska
     got: Republika Liba?ska
 ; [cca2=LB].translations.por.common
Expected: LÃ­bano
     got: Líbano
 ; [cca2=LB].translations.por.official
Expected: RepÃºblica Libanesa
     got: República Libanesa
 ; [cca2=LB].translations.rus.common
Expected: Ð›Ð¸Ð²Ð°Ð½
     got: ?????
 ; [cca2=LB].translations.rus.official
Expected: Ð›Ð¸Ð²Ð°Ð½Ñ?ÐºÐ°Ñ? Ð ÐµÑ?Ð¿ÑƒÐ±Ð»Ð¸ÐºÐ°
     got: ????????? ??????????
 ; [cca2=LB].translations.slk.official
Expected: LibanonskÃ¡ republika
     got: Libanonská republika
 ; [cca2=LB].translations.spa.common
Expected: LÃ­bano
     got: Líbano
 ; [cca2=LB].translations.spa.official
Expected: RepÃºblica Libanesa
     got: República Libanesa
 ; [cca2=LB].translations.srp.common
Expected: Ð›Ð¸Ð±Ð°Ð½
     got: ?????
 ; [cca2=LB].translations.srp.official
Expected: Ð›Ð¸Ð±Ð°Ð½Ñ?ÐºÐ° Ð ÐµÐ¿ÑƒÐ±Ð»Ð¸ÐºÐ°
     got: ???????? ?????????
 ; [cca2=LB].translations.tur.common
Expected: LÃ¼bnan
     got: Lübnan
 ; [cca2=LB].translations.tur.official
Expected: LÃ¼bnan Cumhuriyeti
     got: Lübnan Cumhuriyeti
 ; [cca2=LB].translations.urd.common
Expected: Ù„Ø¨Ù†Ø§Ù†
     got: ?????
 ; [cca2=LB].translations.urd.official
Expected: Ø¬Ù…Û?ÙˆØ±ÛŒÛ? Ù„Ø¨Ù†Ø§Ù†
     got: ??????? ?????
 ; [cca2=LB].translations.zho.common
Expected: é»Žå·´å«©
     got: ???
 ; [cca2=LB].translations.zho.official
Expected: é»Žå·´å«©å…±å’Œå›½
     got: ??????
 ; [cca2=LC].flag
Expected: ðŸ‡±ðŸ‡¨
     got: ??
 ; [cca2=LC].flags.alt
Expected: The flag of Saint Lucia has a light blue field, at the center of which are two triangles which share a common base â€” a small golden-yellow isosceles triangle superimposed on a large white-edged black isosceles triangle.
     got: The flag of Saint Lucia has a light blue field, at the center of which are two triangles which share a common base — a small golden-yellow isosceles triangle superimposed on a large white-edged black isosceles triangle.
 ; [cca2=LC].translations.ara.common
Expected: Ø³Ø§Ù†Øª Ù„ÙˆØ³ÙŠØ§
     got: ???? ?????
 ; [cca2=LC].translations.ara.official
Expected: Ø³Ø§Ù†Øª Ù„ÙˆØ³ÙŠØ§
     got: ???? ?????
 ; [cca2=LC].translations.ces.common
Expected: SvatÃ¡ Lucie
     got: Svatá Lucie
 ; [cca2=LC].translations.ces.official
Expected: SvatÃ¡ Lucie
     got: Svatá Lucie
 ; [cca2=LC].translations.jpn.common
Expected: ã‚»ãƒ³ãƒˆãƒ«ã‚·ã‚¢
     got: ??????
 ; [cca2=LC].translations.jpn.official
Expected: ã‚»ãƒ³ãƒˆãƒ«ã‚·ã‚¢
     got: ??????
 ; [cca2=LC].translations.kor.common
Expected: ì„¸ì?¸íŠ¸ë£¨ì‹œì•„
     got: ??????
 ; [cca2=LC].translations.kor.official
Expected: ì„¸ì?¸íŠ¸ë£¨ì‹œì•„
     got: ??????
 ; [cca2=LC].translations.per.common
Expected: Ø³Ù†Øª Ù„ÙˆØ³ÛŒØ§
     got: ??? ?????
 ; [cca2=LC].translations.per.official
Expected: Ø³Ù†Øª Ù„ÙˆØ³ÛŒØ§
     got: ??? ?????
 ; [cca2=LC].translations.por.common
Expected: Santa LÃºcia
     got: Santa Lúcia
 ; [cca2=LC].translations.por.official
Expected: Santa LÃºcia
     got: Santa Lúcia
 ; [cca2=LC].translations.rus.common
Expected: Ð¡ÐµÐ½Ñ‚-Ð›ÑŽÑ?Ð¸Ñ?
     got: ????-?????
 ; [cca2=LC].translations.rus.official
Expected: Ð¡ÐµÐ½Ñ‚-Ð›ÑŽÑ?Ð¸Ñ?
     got: ????-?????
 ; [cca2=LC].translations.slk.common
Expected: SvÃ¤tÃ¡ Lucia
     got: Svätá Lucia
 ; [cca2=LC].translations.slk.official
Expected: SvÃ¤tÃ¡ Lucia
     got: Svätá Lucia
 ; [cca2=LC].translations.spa.common
Expected: Santa LucÃ­a
     got: Santa Lucía
 ; [cca2=LC].translations.spa.official
Expected: Santa LucÃ­a
     got: Santa Lucía
 ; [cca2=LC].translations.srp.common
Expected: Ð¡Ð²ÐµÑ‚Ð° Ð›ÑƒÑ†Ð¸Ñ˜Ð°
     got: ????? ??????
 ; [cca2=LC].translations.srp.official
Expected: Ð¡Ð²ÐµÑ‚Ð° Ð›ÑƒÑ†Ð¸Ñ˜Ð°
     got: ????? ??????
 ; [cca2=LC].translations.urd.common
Expected: Ø³ÛŒÙ†Ù¹ Ù„ÙˆØ³ÛŒØ§
     got: ???? ?????
 ; [cca2=LC].translations.urd.official
Expected: Ø³ÛŒÙ†Ù¹ Ù„ÙˆØ³ÛŒØ§
     got: ???? ?????
 ; [cca2=LC].translations.zho.common
Expected: åœ£å?¢è¥¿äºš
     got: ????
 ; [cca2=LC].translations.zho.official
Expected: åœ£å?¢è¥¿äºš
     got: ????
 ; [cca2=LI].altSpellings[]
Expected: FÃ¼rstentum Liechtenstein
     but none found
 ; [cca2=LI].altSpellings[]
Unexpected: Fürstentum Liechtenstein
 ; [cca2=LI].flag
Expected: ðŸ‡±ðŸ‡®
     got: ??
 ; [cca2=LI].name.nativeName.deu.official
Expected: FÃ¼rstentum Liechtenstein
     got: Fürstentum Liechtenstein
 ; [cca2=LI].translations.ara.common
Expected: Ù„ÙŠØ®ØªÙ†Ø´ØªØ§ÙŠÙ†
     got: ??????????
 ; [cca2=LI].translations.ara.official
Expected: Ø¥Ù…Ø§Ø±Ø© Ù„ÙŠØ®ØªÙ†Ø´ØªØ§ÙŠÙ†
     got: ????? ??????????
 ; [cca2=LI].translations.bre.official
Expected: PriÃ±selezh Liechtenstein
     got: Priñselezh Liechtenstein
 ; [cca2=LI].translations.ces.common
Expected: LichtenÅ¡tejnsko
     got: Lichtenštejnsko
 ; [cca2=LI].translations.ces.official
Expected: KnÃ­Å¾ectvÃ­ LichtenÅ¡tejnskÃ©
     got: Knížectví Lichtenštejnské
 ; [cca2=LI].translations.deu.official
Expected: FÃ¼rstentum Liechtenstein
     got: Fürstentum Liechtenstein
 ; [cca2=LI].translations.est.official
Expected: Liechtensteini VÃ¼rstiriik
     got: Liechtensteini Vürstiriik
 ; [cca2=LI].translations.fra.official
Expected: PrincipautÃ© du Liechtenstein
     got: Principauté du Liechtenstein
 ; [cca2=LI].translations.hrv.common
Expected: LihtenÅ¡tajn
     got: Lihtenštajn
 ; [cca2=LI].translations.hrv.official
Expected: KneÅ¾evina LihtenÅ¡tajn
     got: Kneževina Lihtenštajn
 ; [cca2=LI].translations.hun.official
Expected: Liechtensteini HercegsÃ©g
     got: Liechtensteini Hercegség
 ; [cca2=LI].translations.jpn.common
Expected: ãƒªãƒ’ãƒ†ãƒ³ã‚·ãƒ¥ã‚¿ã‚¤ãƒ³
     got: ?????????
 ; [cca2=LI].translations.jpn.official
Expected: ãƒªãƒ’ãƒ†ãƒ³ã‚·ãƒ¥ã‚¿ã‚¤ãƒ³å…¬å›½
     got: ???????????
 ; [cca2=LI].translations.kor.common
Expected: ë¦¬ížˆí…?ìŠˆíƒ€ì?¸
     got: ??????
 ; [cca2=LI].translations.kor.official
Expected: ë¦¬ížˆí…?ìŠˆíƒ€ì?¸ ê³µêµ­
     got: ?????? ??
 ; [cca2=LI].translations.per.common
Expected: Ù„ÛŒØ®ØªÙ†â€ŒØ§Ø´ØªØ§ÛŒÙ†
     got: ????????????
 ; [cca2=LI].translations.per.official
Expected: Ø´Ø§Ù‡Ø²Ø§Ø¯Ù‡â€ŒÙ†Ø´ÛŒÙ† Ù„ÛŒØ®ØªÙ†â€ŒØ§Ø´ØªØ§ÛŒÙ†
     got: ???????????? ????????????
 ; [cca2=LI].translations.pol.official
Expected: KsiÄ™stwo Liechtensteinu
     got: Ksi?stwo Liechtensteinu
 ; [cca2=LI].translations.rus.common
Expected: Ð›Ð¸Ñ…Ñ‚ÐµÐ½ÑˆÑ‚ÐµÐ¹Ð½
     got: ???????????
 ; [cca2=LI].translations.rus.official
Expected: ÐšÐ½Ñ?Ð¶ÐµÑ?Ñ‚Ð²Ð¾ Ð›Ð¸Ñ…Ñ‚ÐµÐ½ÑˆÑ‚ÐµÐ¹Ð½
     got: ????????? ???????????
 ; [cca2=LI].translations.slk.common
Expected: LichtenÅ¡tajnsko
     got: Lichtenštajnsko
 ; [cca2=LI].translations.slk.official
Expected: LichtenÅ¡tajnskÃ© knieÅ¾atstvo
     got: Lichtenštajnské kniežatstvo
 ; [cca2=LI].translations.srp.common
Expected: Ð›Ð¸Ñ…Ñ‚ÐµÐ½ÑˆÑ‚Ð°Ñ˜Ð½
     got: ???????????
 ; [cca2=LI].translations.srp.official
Expected: ÐšÐ½ÐµÐ¶ÐµÐ²Ð¸Ð½Ð° Ð›Ð¸Ñ…Ñ‚ÐµÐ½ÑˆÑ‚Ð°Ñ˜Ð½
     got: ????????? ???????????
 ; [cca2=LI].translations.swe.official
Expected: FurstendÃ¶met Liechtenstein
     got: Furstendömet Liechtenstein
 ; [cca2=LI].translations.tur.common
Expected: LihtenÅŸtayn
     got: Lihten?tayn
 ; [cca2=LI].translations.tur.official
Expected: LihtenÅŸtayn PrensliÄŸi
     got: Lihten?tayn Prensli?i
 ; [cca2=LI].translations.urd.common
Expected: Ù„ÛŒØ®ØªÛŒÙ†Ø³ØªØ§Ø¦Ù†
     got: ???????????
 ; [cca2=LI].translations.urd.official
Expected: Ø§Ù…Ø§Ø±Ø§Øª Ù„ÛŒØ®ØªÛŒÙ†Ø³ØªØ§Ø¦Ù†
     got: ?????? ???????????
 ; [cca2=LI].translations.zho.common
Expected: åˆ—æ”¯æ•¦å£«ç™»
     got: ?????
 ; [cca2=LI].translations.zho.official
Expected: åˆ—æ”¯æ•¦å£«ç™»å…¬å›½
     got: ???????
 ; [cca2=LK].altSpellings[]
Expected: ilaá¹…kai
     but none found
 ; [cca2=LK].altSpellings[]
Unexpected: ila?kai
 ; [cca2=LK].currencies.LKR.symbol
Expected: Rs  à¶»à·”
     got: Rs  ??
 ; [cca2=LK].flag
Expected: ðŸ‡±ðŸ‡°
     got: ??
 ; [cca2=LK].name.nativeName.sin.common
Expected: à·?à·Šâ€?à¶»à·“ à¶½à¶‚à¶šà·?à·€
     got: ????? ?????
 ; [cca2=LK].name.nativeName.sin.official
Expected: à·?à·Šâ€?à¶»à·“ à¶½à¶‚à¶šà·? à¶´à·Šâ€?à¶»à¶¢à·?à¶­à·?à¶±à·Šà¶­à·Šâ€?à¶»à·’à¶š à·ƒà¶¸à·?à¶¢à·€à·?à¶¯à·“ à¶¢à¶±à¶»à¶¢à¶º
     got: ????? ???? ???????????????? ???????? ?????
 ; [cca2=LK].name.nativeName.tam.common
Expected: à®‡à®²à®™à¯?à®•à¯ˆ
     got: ??????
 ; [cca2=LK].name.nativeName.tam.official
Expected: à®‡à®²à®™à¯?à®•à¯ˆ à®šà®©à®¨à®¾à®¯à®• à®šà¯‹à®šà®²à®¿à®šà®•à¯? à®•à¯?à®Ÿà®¿à®¯à®°à®šà¯?
     got: ?????? ?????? ???????? ????????
 ; [cca2=LK].tld[]
Expected: .à®‡à®²à®™à¯?à®•à¯ˆ
     but none found
 ; [cca2=LK].tld[]
Expected: .à¶½à¶‚à¶šà·?
     but none found
 ; [cca2=LK].tld[]
Unexpected: .????
 ; [cca2=LK].tld[]
Unexpected: .??????
 ; [cca2=LK].translations.ara.common
Expected: Ø³Ø±ÙŠÙ„Ø§Ù†ÙƒØ§
     got: ????????
 ; [cca2=LK].translations.ara.official
Expected: Ø¬Ù…Ù‡ÙˆØ±ÙŠØ© Ø³Ø±ÙŠÙ„Ø§Ù†ÙƒØ§ Ø§Ù„Ø¯ÙŠÙ…Ù‚Ø±Ø§Ø·ÙŠØ© Ø§Ù„Ø´Ø¹Ø¨ÙŠØ©
     got: ??????? ???????? ??????????? ???????
 ; [cca2=LK].translations.ces.common
Expected: SrÃ­ Lanka
     got: Srí Lanka
 ; [cca2=LK].translations.ces.official
Expected: SrÃ­lanskÃ¡ demokratickÃ¡ socialistickÃ¡ republika
     got: Srílanská demokratická socialistická republika
 ; [cca2=LK].translations.fra.official
Expected: RÃ©publique dÃ©mocratique socialiste du Sri Lanka
     got: République démocratique socialiste du Sri Lanka
 ; [cca2=LK].translations.hrv.common
Expected: Å ri Lanka
     got: Šri Lanka
 ; [cca2=LK].translations.hrv.official
Expected: Demokratska SocijalistiÄ?ke Republike Å ri Lanke
     got: Demokratska Socijalisti?ke Republike Šri Lanke
 ; [cca2=LK].translations.hun.common
Expected: SrÃ­ Lanka
     got: Srí Lanka
 ; [cca2=LK].translations.hun.official
Expected: SrÃ­ Lanka-i Demokratikus Szocialista KÃ¶ztÃ¡rsasÃ¡g
     got: Srí Lanka-i Demokratikus Szocialista Köztársaság
 ; [cca2=LK].translations.jpn.common
Expected: ã‚¹ãƒªãƒ©ãƒ³ã‚«
     got: ?????
 ; [cca2=LK].translations.jpn.official
Expected: ã‚¹ãƒªãƒ©ãƒ³ã‚«æ°‘ä¸»ç¤¾ä¼šä¸»ç¾©å…±å’Œå›½
     got: ??????????????
 ; [cca2=LK].translations.kor.common
Expected: ìŠ¤ë¦¬ëž‘ì¹´
     got: ????
 ; [cca2=LK].translations.kor.official
Expected: ìŠ¤ë¦¬ëž‘ì¹´ ë¯¼ì£¼ ì‚¬íšŒì£¼ì?˜ ê³µí™”êµ­
     got: ???? ?? ???? ???
 ; [cca2=LK].translations.per.common
Expected: Ø³Ø±ÛŒâ€ŒÙ„Ø§Ù†Ú©Ø§
     got: ?????????
 ; [cca2=LK].translations.per.official
Expected: Ø¬Ù…Ù‡ÙˆØ±ÛŒ Ø¯Ù…ÙˆÚ©Ø±Ø§ØªÛŒÚ© Ø³ÙˆØ³ÛŒØ§Ù„ÛŒØ³ØªÛŒ Ø³Ø±ÛŒâ€ŒÙ„Ø§Ù†Ú©Ø§
     got: ?????? ????????? ?????????? ?????????
 ; [cca2=LK].translations.por.official
Expected: RepÃºblica DemocrÃ¡tica Socialista do Sri Lanka
     got: República Democrática Socialista do Sri Lanka
 ; [cca2=LK].translations.rus.common
Expected: Ð¨Ñ€Ð¸-Ð›Ð°Ð½ÐºÐ°
     got: ???-?????
 ; [cca2=LK].translations.rus.official
Expected: Ð”ÐµÐ¼Ð¾ÐºÑ€Ð°Ñ‚Ð¸Ñ‡ÐµÑ?ÐºÐ°Ñ? Ð¡Ð¾Ñ†Ð¸Ð°Ð»Ð¸Ñ?Ñ‚Ð¸Ñ‡ÐµÑ?ÐºÐ°Ñ? Ð ÐµÑ?Ð¿ÑƒÐ±Ð»Ð¸ÐºÐ° Ð¨Ñ€Ð¸-Ð›Ð°Ð½ÐºÐ°
     got: ??????????????? ???????????????? ?????????? ???-?????
 ; [cca2=LK].translations.slk.common
Expected: SrÃ­ Lanka
     got: Srí Lanka
 ; [cca2=LK].translations.slk.official
Expected: SrÃ­lanskÃ¡ demokratickÃ¡ socialistickÃ¡ republika
     got: Srílanská demokratická socialistická republika
 ; [cca2=LK].translations.spa.official
Expected: RepÃºblica DemocrÃ¡tica Socialista de Sri Lanka
     got: República Democrática Socialista de Sri Lanka
 ; [cca2=LK].translations.srp.common
Expected: Ð¡Ñ€Ð¸ Ð›Ð°Ð½ÐºÐ°
     got: ??? ?????
 ; [cca2=LK].translations.srp.official
Expected: Ð”ÐµÐ¼Ð¾ÐºÑ€Ð°Ñ‚Ñ?ÐºÐ° Ð¡Ð¾Ñ†Ð¸Ñ˜Ð°Ð»Ð¸Ñ?Ñ‚Ð¸Ñ‡ÐºÐ° Ð ÐµÐ¿ÑƒÐ±Ð»Ð¸ÐºÐ° Ð¡Ñ€Ð¸ Ð›Ð°Ð½ÐºÐ°
     got: ??????????? ?????????????? ????????? ??? ?????
 ; [cca2=LK].translations.urd.common
Expected: Ø³Ø±ÛŒ Ù„Ù†Ú©Ø§
     got: ??? ????
 ; [cca2=LK].translations.urd.official
Expected: Ø¬Ù…Û?ÙˆØ±ÛŒ Ùˆ Ø§Ø´ØªØ±Ø§Ú©ÛŒ Ø¬Ù…Û?ÙˆØ±ÛŒÛ? Ø³Ø±ÛŒ Ù„Ù†Ú©Ø§
     got: ?????? ? ??????? ??????? ??? ????
 ; [cca2=LK].translations.zho.common
Expected: æ–¯é‡Œå…°å?¡
     got: ????
 ; [cca2=LK].translations.zho.official
Expected: æ–¯é‡Œå…°å?¡æ°‘ä¸»ç¤¾ä¼šä¸»ä¹‰å…±å’Œå›½
     got: ?????????????
 ; [cca2=LR].demonyms.fra.f
Expected: LibÃ©rienne
     got: Libérienne
 ; [cca2=LR].demonyms.fra.m
Expected: LibÃ©rien
     got: Libérien
 ; [cca2=LR].flag
Expected: ðŸ‡±ðŸ‡·
     got: ??
 ; [cca2=LR].translations.ara.common
Expected: Ù„ÙŠØ¨ÙŠØ±ÙŠØ§
     got: ???????
 ; [cca2=LR].translations.ara.official
Expected: Ø¬Ù…Ù‡ÙˆØ±ÙŠØ© Ù„ÙŠØ¨ÙŠØ±ÙŠØ§
     got: ??????? ???????
 ; [cca2=LR].translations.ces.common
Expected: LibÃ©rie
     got: Libérie
 ; [cca2=LR].translations.ces.official
Expected: LiberijskÃ¡ republika
     got: Liberijská republika
 ; [cca2=LR].translations.fra.official
Expected: RÃ©publique du LibÃ©ria
     got: République du Libéria
 ; [cca2=LR].translations.hun.common
Expected: LibÃ©ria
     got: Libéria
 ; [cca2=LR].translations.hun.official
Expected: LibÃ©riai KÃ¶ztÃ¡rsasÃ¡g
     got: Libériai Köztársaság
 ; [cca2=LR].translations.jpn.common
Expected: ãƒªãƒ™ãƒªã‚¢
     got: ????
 ; [cca2=LR].translations.jpn.official
Expected: ãƒªãƒ™ãƒªã‚¢å…±å’Œå›½
     got: ???????
 ; [cca2=LR].translations.kor.common
Expected: ë?¼ì?´ë² ë¦¬ì•„
     got: ?????
 ; [cca2=LR].translations.kor.official
Expected: ë?¼ì?´ë² ë¦¬ì•„ ê³µí™”êµ­
     got: ????? ???
 ; [cca2=LR].translations.per.common
Expected: Ù„ÛŒØ¨Ù€Ù?Ø±ÛŒØ§
     got: ????????
 ; [cca2=LR].translations.per.official
Expected: Ø¬Ù…Ù‡ÙˆØ±ÛŒ Ù„ÛŒØ¨Ø±ÛŒØ§
     got: ?????? ??????
 ; [cca2=LR].translations.por.common
Expected: LibÃ©ria
     got: Libéria
 ; [cca2=LR].translations.por.official
Expected: RepÃºblica da LibÃ©ria
     got: República da Libéria
 ; [cca2=LR].translations.rus.common
Expected: Ð›Ð¸Ð±ÐµÑ€Ð¸Ñ?
     got: ???????
 ; [cca2=LR].translations.rus.official
Expected: Ð ÐµÑ?Ð¿ÑƒÐ±Ð»Ð¸ÐºÐ° Ð›Ð¸Ð±ÐµÑ€Ð¸Ñ?
     got: ?????????? ???????
 ; [cca2=LR].translations.slk.common
Expected: LibÃ©ria
     got: Libéria
 ; [cca2=LR].translations.slk.official
Expected: LibÃ©rijskÃ¡ republika
     got: Libérijská republika
 ; [cca2=LR].translations.spa.official
Expected: RepÃºblica de Liberia
     got: República de Liberia
 ; [cca2=LR].translations.srp.common
Expected: Ð›Ð¸Ð±ÐµÑ€Ð¸Ñ˜Ð°
     got: ????????
 ; [cca2=LR].translations.srp.official
Expected: Ð ÐµÐ¿ÑƒÐ±Ð»Ð¸ÐºÐ° Ð›Ð¸Ð±ÐµÑ€Ð¸Ñ˜Ð°
     got: ????????? ????????
 ; [cca2=LR].translations.urd.common
Expected: Ù„Ø§Ø¦Ø¨ÛŒØ±ÛŒØ§
     got: ????????
 ; [cca2=LR].translations.urd.official
Expected: Ø¬Ù…Û?ÙˆØ±ÛŒÛ? Ù„Ø§Ø¦Ø¨ÛŒØ±ÛŒØ§
     got: ??????? ????????
 ; [cca2=LR].translations.zho.common
Expected: åˆ©æ¯”é‡Œäºš
     got: ????
 ; [cca2=LR].translations.zho.official
Expected: åˆ©æ¯”é‡Œäºšå…±å’Œå›½
     got: ???????
 ; [cca2=LS].demonyms.fra.f
Expected: LÃ©sothienne
     got: Lésothienne
 ; [cca2=LS].demonyms.fra.m
Expected: LÃ©sothien
     got: Lésothien
 ; [cca2=LS].flag
Expected: ðŸ‡±ðŸ‡¸
     got: ??
 ; [cca2=LS].flags.alt
Expected: The flag of Lesotho is composed of three horizontal bands of blue, white and green in the ratio of 3:4:3. A black mokorotlo â€” a Basotho hat â€” is centered in the white band.
     got: The flag of Lesotho is composed of three horizontal bands of blue, white and green in the ratio of 3:4:3. A black mokorotlo — a Basotho hat — is centered in the white band.
 ; [cca2=LS].translations.ara.common
Expected: Ù„ÙŠØ³ÙˆØªÙˆ
     got: ??????
 ; [cca2=LS].translations.ara.official
Expected: Ù…Ù…Ù„ÙƒØ© Ù„ÙŠØ³ÙˆØªÙˆ
     got: ????? ??????
 ; [cca2=LS].translations.ces.official
Expected: LesothskÃ© krÃ¡lovstvÃ­
     got: Lesothské království
 ; [cca2=LS].translations.deu.official
Expected: KÃ¶nigreich Lesotho
     got: Königreich Lesotho
 ; [cca2=LS].translations.hun.official
Expected: LesothÃ³i KirÃ¡lysÃ¡g
     got: Lesothói Királyság
 ; [cca2=LS].translations.jpn.common
Expected: ãƒ¬ã‚½ãƒˆ
     got: ???
 ; [cca2=LS].translations.jpn.official
Expected: ãƒ¬ã‚½ãƒˆçŽ‹å›½
     got: ?????
 ; [cca2=LS].translations.kor.common
Expected: ë ˆì†Œí† 
     got: ???
 ; [cca2=LS].translations.kor.official
Expected: ë ˆì†Œí†  ì™•êµ­
     got: ??? ??
 ; [cca2=LS].translations.per.common
Expected: Ù„Ø³ÙˆØªÙˆ
     got: ?????
 ; [cca2=LS].translations.per.official
Expected: Ù¾Ø§Ø¯Ø´Ø§Ù‡ÛŒ Ù„Ø³ÙˆØªÙˆ
     got: ??????? ?????
 ; [cca2=LS].translations.pol.official
Expected: KrÃ³lestwo Lesotho
     got: Królestwo Lesotho
 ; [cca2=LS].translations.rus.common
Expected: Ð›ÐµÑ?Ð¾Ñ‚Ð¾
     got: ??????
 ; [cca2=LS].translations.rus.official
Expected: ÐšÐ¾Ñ€Ð¾Ð»ÐµÐ²Ñ?Ñ‚Ð²Ð¾ Ð›ÐµÑ?Ð¾Ñ‚Ð¾
     got: ??????????? ??????
 ; [cca2=LS].translations.slk.official
Expected: LesothskÃ© krÃ¡Ä¾ovstvo
     got: Lesothské krá?ovstvo
 ; [cca2=LS].translations.srp.common
Expected: Ð›ÐµÑ?Ð¾Ñ‚Ð¾
     got: ??????
 ; [cca2=LS].translations.srp.official
Expected: ÐšÑ€Ð°Ñ™ÐµÐ²Ð¸Ð½Ð° Ð›ÐµÑ?Ð¾Ñ‚Ð¾
     got: ????????? ??????
 ; [cca2=LS].translations.tur.official
Expected: Lesotho KrallÄ±ÄŸÄ±
     got: Lesotho Krall???
 ; [cca2=LS].translations.urd.common
Expected: Ù„ÛŒØ³ÙˆØªÚ¾Ùˆ
     got: ???????
 ; [cca2=LS].translations.urd.official
Expected: Ù…Ù…Ù„Ú©ØªÙ? Ù„ÛŒØ³ÙˆØªÚ¾Ùˆ
     got: ?????? ???????
 ; [cca2=LS].translations.zho.common
Expected: èŽ±ç´¢æ‰˜
     got: ???
 ; [cca2=LS].translations.zho.official
Expected: èŽ±ç´¢æ‰˜çŽ‹å›½
     got: ?????
 ; [cca2=LT].currencies.EUR.symbol
Expected: â‚¬
     got: €
 ; [cca2=LT].flag
Expected: ðŸ‡±ðŸ‡¹
     got: ??
 ; [cca2=LT].translations.ara.common
Expected: Ù„ÙŠØªÙˆØ§Ù†ÙŠØ§
     got: ????????
 ; [cca2=LT].translations.ara.official
Expected: Ø¬Ù…Ù‡ÙˆØ±ÙŠØ© Ù„ÙŠØªÙˆØ§Ù†ÙŠØ§
     got: ??????? ????????
 ; [cca2=LT].translations.ces.official
Expected: LitevskÃ¡ republika
     got: Litevská republika
 ; [cca2=LT].translations.fra.official
Expected: RÃ©publique de Lituanie
     got: République de Lituanie
 ; [cca2=LT].translations.hun.common
Expected: LitvÃ¡nia
     got: Litvánia
 ; [cca2=LT].translations.hun.official
Expected: LitvÃ¡n KÃ¶ztÃ¡rsasÃ¡g
     got: Litván Köztársaság
 ; [cca2=LT].translations.jpn.common
Expected: ãƒªãƒˆã‚¢ãƒ‹ã‚¢
     got: ?????
 ; [cca2=LT].translations.jpn.official
Expected: ãƒªãƒˆã‚¢ãƒ‹ã‚¢å…±å’Œå›½
     got: ????????
 ; [cca2=LT].translations.kor.common
Expected: ë¦¬íˆ¬ì•„ë‹ˆì•„
     got: ?????
 ; [cca2=LT].translations.kor.official
Expected: ë¦¬íˆ¬ì•„ë‹ˆì•„ ê³µí™”êµ­
     got: ????? ???
 ; [cca2=LT].translations.per.common
Expected: Ù„ÛŒØªÙˆØ§Ù†ÛŒØ§ÛŒÛŒâ€ŒÙ‡Ø§
     got: ?????????????
 ; [cca2=LT].translations.per.official
Expected: Ù„ÛŒØªÙˆØ§Ù†ÛŒØ§ÛŒÛŒâ€ŒÙ‡Ø§
     got: ?????????????
 ; [cca2=LT].translations.por.common
Expected: LituÃ¢nia
     got: Lituânia
 ; [cca2=LT].translations.por.official
Expected: RepÃºblica da LituÃ¢nia
     got: República da Lituânia
 ; [cca2=LT].translations.rus.common
Expected: Ð›Ð¸Ñ‚Ð²Ð°
     got: ?????
 ; [cca2=LT].translations.rus.official
Expected: Ð›Ð¸Ñ‚Ð¾Ð²Ñ?ÐºÐ°Ñ? Ð ÐµÑ?Ð¿ÑƒÐ±Ð»Ð¸ÐºÐ°
     got: ????????? ??????????
 ; [cca2=LT].translations.slk.official
Expected: LitovskÃ¡ republika
     got: Litovská republika
 ; [cca2=LT].translations.spa.official
Expected: RepÃºblica de Lituania
     got: República de Lituania
 ; [cca2=LT].translations.srp.common
Expected: Ð›Ð¸Ñ‚Ð²Ð°Ð½Ð¸Ñ˜Ð°
     got: ?????????
 ; [cca2=LT].translations.srp.official
Expected: Ð›Ð¸Ñ‚Ð²Ð°Ð½Ñ?ÐºÐ° Ð ÐµÐ¿ÑƒÐ±Ð»Ð¸ÐºÐ°
     got: ????????? ?????????
 ; [cca2=LT].translations.urd.common
Expected: Ù„ØªÚ¾ÙˆÙˆÛŒÙ†ÛŒØ§
     got: ?????????
 ; [cca2=LT].translations.urd.official
Expected: Ø¬Ù…Û?ÙˆØ±ÛŒÛ? Ù„ØªÚ¾ÙˆÙˆÛŒÙ†ÛŒØ§
     got: ??????? ?????????
 ; [cca2=LT].translations.zho.common
Expected: ç«‹é™¶å®›
     got: ???
 ; [cca2=LT].translations.zho.official
Expected: ç«‹é™¶å®›å…±å’Œå›½
     got: ??????
 ; [cca2=LU].altSpellings[]
Expected: Grand-DuchÃ© de Luxembourg
     but none found
 ; [cca2=LU].altSpellings[]
Expected: Groussherzogtum LÃ«tzebuerg
     but none found
 ; [cca2=LU].altSpellings[]
Expected: GroÃŸherzogtum Luxemburg
     but none found
 ; [cca2=LU].altSpellings[]
Unexpected: Grand-Duché de Luxembourg
 ; [cca2=LU].altSpellings[]
Unexpected: Großherzogtum Luxemburg
 ; [cca2=LU].altSpellings[]
Unexpected: Groussherzogtum Lëtzebuerg
 ; [cca2=LU].currencies.EUR.symbol
Expected: â‚¬
     got: €
 ; [cca2=LU].flag
Expected: ðŸ‡±ðŸ‡º
     got: ??
 ; [cca2=LU].name.nativeName.deu.official
Expected: GroÃŸherzogtum Luxemburg
     got: Großherzogtum Luxemburg
 ; [cca2=LU].name.nativeName.fra.official
Expected: Grand-DuchÃ© de Luxembourg
     got: Grand-Duché de Luxembourg
 ; [cca2=LU].name.nativeName.ltz.common
Expected: LÃ«tzebuerg
     got: Lëtzebuerg
 ; [cca2=LU].name.nativeName.ltz.official
Expected: Groussherzogtum LÃ«tzebuerg
     got: Groussherzogtum Lëtzebuerg
 ; [cca2=LU].translations.ara.common
Expected: Ù„ÙˆÙƒØ³Ù…Ø¨ÙˆØ±Øº
     got: ?????????
 ; [cca2=LU].translations.ara.official
Expected: Ø¯ÙˆÙ‚ÙŠØ© Ù„ÙˆÙƒØ³Ù…Ø¨ÙˆØ±Øº
     got: ????? ?????????
 ; [cca2=LU].translations.ces.official
Expected: LucemburskÃ© velkovÃ©vodstvÃ­
     got: Lucemburské velkovévodství
 ; [cca2=LU].translations.deu.official
Expected: GroÃŸherzogtum Luxemburg,
     got: Großherzogtum Luxemburg,
 ; [cca2=LU].translations.fra.official
Expected: Grand-DuchÃ© de Luxembourg
     got: Grand-Duché de Luxembourg
 ; [cca2=LU].translations.hun.official
Expected: Luxemburgi NagyhercegsÃ©g
     got: Luxemburgi Nagyhercegség
 ; [cca2=LU].translations.jpn.common
Expected: ãƒ«ã‚¯ã‚»ãƒ³ãƒ–ãƒ«ã‚¯
     got: ???????
 ; [cca2=LU].translations.jpn.official
Expected: ãƒ«ã‚¯ã‚»ãƒ³ãƒ–ãƒ«ã‚¯å¤§å…¬å›½
     got: ??????????
 ; [cca2=LU].translations.kor.common
Expected: ë£©ì…ˆë¶€ë¥´í?¬
     got: ?????
 ; [cca2=LU].translations.kor.official
Expected: ë£©ì…ˆë¶€ë¥´í?¬ ëŒ€ê³µêµ­
     got: ????? ???
 ; [cca2=LU].translations.per.common
Expected: Ù„ÙˆÚ©Ø²Ø§Ù…Ø¨ÙˆØ±Ú¯
     got: ??????????
 ; [cca2=LU].translations.per.official
Expected: Ø¯ÙˆÚ©â€ŒÙ†Ø´ÛŒÙ† Ù„ÙˆÚ©Ø²Ø§Ù…Ø¨ÙˆØ±Ú¯
     got: ???????? ??????????
 ; [cca2=LU].translations.pol.official
Expected: Wielkie KsiÄ™stwo Luksemburga
     got: Wielkie Ksi?stwo Luksemburga
 ; [cca2=LU].translations.por.official
Expected: GrÃ£o-Ducado do Luxemburgo
     got: Grão-Ducado do Luxemburgo
 ; [cca2=LU].translations.rus.common
Expected: Ð›ÑŽÐºÑ?ÐµÐ¼Ð±ÑƒÑ€Ð³
     got: ??????????
 ; [cca2=LU].translations.rus.official
Expected: Ð’ÐµÐ»Ð¸ÐºÐ¾Ðµ Ð“ÐµÑ€Ñ†Ð¾Ð³Ñ?Ñ‚Ð²Ð¾ Ð›ÑŽÐºÑ?ÐµÐ¼Ð±ÑƒÑ€Ð³
     got: ??????? ?????????? ??????????
 ; [cca2=LU].translations.slk.official
Expected: LuxemburskÃ© veÄ¾kovojvodstvo
     got: Luxemburské ve?kovojvodstvo
 ; [cca2=LU].translations.srp.common
Expected: Ð›ÑƒÐºÑ?ÐµÐ¼Ð±ÑƒÑ€Ð³
     got: ??????????
 ; [cca2=LU].translations.srp.official
Expected: Ð’ÐµÐ»Ð¸ÐºÐ¾ Ð’Ð¾Ñ˜Ð²Ð¾Ð´Ñ?Ñ‚Ð²Ð¾ Ð›ÑƒÐºÑ?ÐµÐ¼Ð±ÑƒÑ€Ð³
     got: ?????? ?????????? ??????????
 ; [cca2=LU].translations.swe.official
Expected: StorhertigdÃ¶met Luxemburg
     got: Storhertigdömet Luxemburg
 ; [cca2=LU].translations.tur.common
Expected: LÃ¼ksemburg
     got: Lüksemburg
 ; [cca2=LU].translations.tur.official
Expected: LÃ¼ksemburg BÃ¼yÃ¼k DÃ¼kalÄ±ÄŸÄ±
     got: Lüksemburg Büyük Dükal???
 ; [cca2=LU].translations.urd.common
Expected: Ù„Ú©Ø³Ù…Ø¨Ø±Ú¯
     got: ???????
 ; [cca2=LU].translations.urd.official
Expected: Ø¯ÙˆÙ‚ÛŒÛ? Ú©Ø¨ÛŒØ±Ù„Ú©Ø³Ù…Ø¨Ø±Ú¯
     got: ????? ???????????
 ; [cca2=LU].translations.zho.common
Expected: å?¢æ£®å ¡
     got: ???
 ; [cca2=LU].translations.zho.official
Expected: å?¢æ£®å ¡å¤§å…¬å›½
     got: ??????
 ; [cca2=LV].currencies.EUR.symbol
Expected: â‚¬
     got: €
 ; [cca2=LV].flag
Expected: ðŸ‡±ðŸ‡»
     got: ??
 ; [cca2=LV].translations.ara.common
Expected: Ù„Ø§ØªÙ?ÙŠØ§
     got: ??????
 ; [cca2=LV].translations.ara.official
Expected: Ø¬Ù…Ù‡ÙˆØ±ÙŠØ© Ù„Ø§ØªÙ?ÙŠØ§
     got: ??????? ??????
 ; [cca2=LV].translations.ces.common
Expected: LotyÅ¡sko
     got: Lotyšsko
 ; [cca2=LV].translations.ces.official
Expected: LotyÅ¡skÃ¡ republika
     got: Lotyšská republika
 ; [cca2=LV].translations.est.common
Expected: LÃ¤ti
     got: Läti
 ; [cca2=LV].translations.est.official
Expected: LÃ¤ti Vabariik
     got: Läti Vabariik
 ; [cca2=LV].translations.fra.official
Expected: RÃ©publique de Lettonie
     got: République de Lettonie
 ; [cca2=LV].translations.hun.common
Expected: LettorszÃ¡g
     got: Lettország
 ; [cca2=LV].translations.hun.official
Expected: Lett KÃ¶ztÃ¡rsasÃ¡g
     got: Lett Köztársaság
 ; [cca2=LV].translations.jpn.common
Expected: ãƒ©ãƒˆãƒ“ã‚¢
     got: ????
 ; [cca2=LV].translations.jpn.official
Expected: ãƒ©ãƒˆãƒ“ã‚¢å…±å’Œå›½
     got: ???????
 ; [cca2=LV].translations.kor.common
Expected: ë?¼íŠ¸ë¹„ì•„
     got: ????
 ; [cca2=LV].translations.kor.official
Expected: ë?¼íŠ¸ë¹„ì•„ ê³µí™”êµ­
     got: ???? ???
 ; [cca2=LV].translations.per.common
Expected: Ù„ØªÙˆÙ†ÛŒ
     got: ?????
 ; [cca2=LV].translations.per.official
Expected: Ø¬Ù…Ù‡ÙˆØ±ÛŒ Ù„ØªÙˆÙ†ÛŒ
     got: ?????? ?????
 ; [cca2=LV].translations.pol.common
Expected: Å?otwa
     got: ?otwa
 ; [cca2=LV].translations.pol.official
Expected: Republika Å?otewska
     got: Republika ?otewska
 ; [cca2=LV].translations.por.common
Expected: LetÃ³nia
     got: Letónia
 ; [cca2=LV].translations.por.official
Expected: RepÃºblica da LetÃ³nia
     got: República da Letónia
 ; [cca2=LV].translations.rus.common
Expected: Ð›Ð°Ñ‚Ð²Ð¸Ñ?
     got: ??????
 ; [cca2=LV].translations.rus.official
Expected: Ð›Ð°Ñ‚Ð²Ð¸Ð¹Ñ?ÐºÐ°Ñ? Ð ÐµÑ?Ð¿ÑƒÐ±Ð»Ð¸ÐºÐ°
     got: ?????????? ??????????
 ; [cca2=LV].translations.slk.common
Expected: LotyÅ¡sko
     got: Lotyšsko
 ; [cca2=LV].translations.slk.official
Expected: LotyÅ¡skÃ¡ republika
     got: Lotyšská republika
 ; [cca2=LV].translations.spa.official
Expected: RepÃºblica de Letonia
     got: República de Letonia
 ; [cca2=LV].translations.srp.common
Expected: Ð›ÐµÑ‚Ð¾Ð½Ð¸Ñ˜Ð°
     got: ????????
 ; [cca2=LV].translations.srp.official
Expected: Ð›ÐµÑ‚Ð¾Ð½Ñ?ÐºÐ° Ð ÐµÐ¿ÑƒÐ±Ð»Ð¸ÐºÐ°
     got: ???????? ?????????
 ; [cca2=LV].translations.urd.common
Expected: Ù„Ù¹ÙˆÛŒØ§
     got: ?????
 ; [cca2=LV].translations.urd.official
Expected: Ø¬Ù…Û?ÙˆØ±ÛŒÛ? Ù„Ù¹ÙˆÛŒØ§
     got: ??????? ?????
 ; [cca2=LV].translations.zho.common
Expected: æ‹‰è„±ç»´äºš
     got: ????
 ; [cca2=LV].translations.zho.official
Expected: æ‹‰è„±ç»´äºšå…±å’Œå›½
     got: ???????
 ; [cca2=LY].currencies.LYD.symbol
Expected: Ù„.Ø¯
     got: ?.?
 ; [cca2=LY].flag
Expected: ðŸ‡±ðŸ‡¾
     got: ??
 ; [cca2=LY].name.nativeName.ara.common
Expected: â€?Ù„ÙŠØ¨ÙŠØ§
     got: ??????
 ; [cca2=LY].name.nativeName.ara.official
Expected: Ø§Ù„Ø¯ÙˆÙ„Ø© Ù„ÙŠØ¨ÙŠØ§
     got: ?????? ?????
 ; [cca2=LY].translations.ara.common
Expected: â€?Ù„ÙŠØ¨ÙŠØ§
     got: ??????
 ; [cca2=LY].translations.ara.official
Expected: Ø¯ÙˆÙ„Ø© Ù„ÙŠØ¨ÙŠØ§
     got: ???? ?????
 ; [cca2=LY].translations.ces.official
Expected: StÃ¡t Libye
     got: Stát Libye
 ; [cca2=LY].translations.est.common
Expected: LiibÃ¼a
     got: Liibüa
 ; [cca2=LY].translations.est.official
Expected: LiibÃ¼a
     got: Liibüa
 ; [cca2=LY].translations.fra.official
Expected: Grande RÃ©publique arabe libyenne populaire et socialiste
     got: Grande République arabe libyenne populaire et socialiste
 ; [cca2=LY].translations.hrv.official
Expected: DrÅ¾ava Libiji
     got: Država Libiji
 ; [cca2=LY].translations.hun.common
Expected: LÃ­bia
     got: Líbia
 ; [cca2=LY].translations.hun.official
Expected: LÃ­bia Ã?llam
     got: Líbia Állam
 ; [cca2=LY].translations.jpn.common
Expected: ãƒªãƒ“ã‚¢
     got: ???
 ; [cca2=LY].translations.jpn.official
Expected: ãƒªãƒ“ã‚¢ã?®å›½å®¶
     got: ??????
 ; [cca2=LY].translations.kor.common
Expected: ë¦¬ë¹„ì•„
     got: ???
 ; [cca2=LY].translations.kor.official
Expected: ë¦¬ë¹„ì•„
     got: ???
 ; [cca2=LY].translations.nld.common
Expected: LibiÃ«
     got: Libië
 ; [cca2=LY].translations.nld.official
Expected: Staat van LibiÃ«
     got: Staat van Libië
 ; [cca2=LY].translations.per.common
Expected: Ù„ÛŒØ¨ÛŒ
     got: ????
 ; [cca2=LY].translations.per.official
Expected: Ø¯ÙˆÙ„Øª Ù„ÛŒØ¨ÛŒ
     got: ???? ????
 ; [cca2=LY].translations.pol.official
Expected: PaÅ„stwo Libia
     got: Pa?stwo Libia
 ; [cca2=LY].translations.por.common
Expected: LÃ­bia
     got: Líbia
 ; [cca2=LY].translations.por.official
Expected: Estado da LÃ­bia
     got: Estado da Líbia
 ; [cca2=LY].translations.rus.common
Expected: Ð›Ð¸Ð²Ð¸Ñ?
     got: ?????
 ; [cca2=LY].translations.rus.official
Expected: Ð“Ð¾Ñ?ÑƒÐ´Ð°Ñ€Ñ?Ñ‚Ð²Ð¾ Ð›Ð¸Ð²Ð¸Ð¸
     got: ??????????? ?????
 ; [cca2=LY].translations.slk.common
Expected: LÃ­bya
     got: Líbya
 ; [cca2=LY].translations.slk.official
Expected: LÃ­bya
     got: Líbya
 ; [cca2=LY].translations.srp.common
Expected: Ð›Ð¸Ð±Ð¸Ñ˜Ð°
     got: ??????
 ; [cca2=LY].translations.srp.official
Expected: Ð”Ñ€Ð¶Ð°Ð²Ð° Ð›Ð¸Ð±Ð¸Ñ˜Ð°
     got: ?????? ??????
 ; [cca2=LY].translations.urd.common
Expected: Ù„ÛŒØ¨ÛŒØ§
     got: ?????
 ; [cca2=LY].translations.urd.official
Expected: Ø±ÛŒØ§Ø³ØªÙ? Ù„ÛŒØ¨ÛŒØ§
     got: ?????? ?????
 ; [cca2=LY].translations.zho.common
Expected: åˆ©æ¯”äºš
     got: ???
 ; [cca2=LY].translations.zho.official
Expected: åˆ©æ¯”äºšå›½
     got: ????
 ; [cca2=MA].altSpellings[]
Expected: Al-Mamlakah al-MaÄ¡ribiyah
     but none found
 ; [cca2=MA].altSpellings[]
Unexpected: Al-Mamlakah al-Ma?ribiyah
 ; [cca2=MA].currencies.MAD.symbol
Expected: Ø¯.Ù….
     got: ?.?.
 ; [cca2=MA].flag
Expected: ðŸ‡²ðŸ‡¦
     got: ??
 ; [cca2=MA].flags.alt
Expected: The flag of Morocco features a green pentagram â€” a five-pointed linear star â€” centered on a red field.
     got: The flag of Morocco features a green pentagram — a five-pointed linear star — centered on a red field.
 ; [cca2=MA].name.nativeName.ara.common
Expected: Ø§Ù„Ù…ØºØ±Ø¨
     got: ??????
 ; [cca2=MA].name.nativeName.ara.official
Expected: Ø§Ù„Ù…Ù…Ù„ÙƒØ© Ø§Ù„Ù…ØºØ±Ø¨ÙŠØ©
     got: ??????? ????????
 ; [cca2=MA].name.nativeName.ber.common
Expected: âµ?âµŽâ´°âµ–âµ”âµ‰â´±
     got: ???????
 ; [cca2=MA].name.nativeName.ber.official
Expected: âµœâ´°â´³âµ?â´·âµ‰âµœ âµ? âµ?âµŽâµ–âµ”âµ‰â´±
     got: ??????? ? ??????
 ; [cca2=MA].tld[]
Expected: Ø§Ù„Ù…ØºØ±Ø¨.
     but none found
 ; [cca2=MA].tld[]
Unexpected: ??????.
 ; [cca2=MA].translations.ara.common
Expected: Ø§Ù„Ù…ØºØ±Ø¨
     got: ??????
 ; [cca2=MA].translations.ara.official
Expected: Ø§Ù„Ù…Ù…Ù„ÙƒØ© Ø§Ù„Ù…ØºØ±Ø¨ÙŠØ©
     got: ??????? ????????
 ; [cca2=MA].translations.ces.official
Expected: MarockÃ© krÃ¡lovstvÃ­
     got: Marocké království
 ; [cca2=MA].translations.deu.official
Expected: KÃ¶nigreich Marokko
     got: Königreich Marokko
 ; [cca2=MA].translations.hun.common
Expected: MarokkÃ³
     got: Marokkó
 ; [cca2=MA].translations.hun.official
Expected: MarokkÃ³i KirÃ¡lysÃ¡g
     got: Marokkói Királyság
 ; [cca2=MA].translations.jpn.common
Expected: ãƒ¢ãƒ­ãƒƒã‚³
     got: ????
 ; [cca2=MA].translations.jpn.official
Expected: ãƒ¢ãƒ­ãƒƒã‚³çŽ‹å›½
     got: ??????
 ; [cca2=MA].translations.kor.common
Expected: ëª¨ë¡œì½”
     got: ???
 ; [cca2=MA].translations.kor.official
Expected: ëª¨ë¡œì½” ì™•êµ­
     got: ??? ??
 ; [cca2=MA].translations.per.common
Expected: Ù…Ø±Ø§Ú©Ø´
     got: ?????
 ; [cca2=MA].translations.per.official
Expected: Ù¾Ø§Ø¯Ø´Ø§Ù‡ÛŒ Ù…Ø±Ø§Ú©Ø´
     got: ??????? ?????
 ; [cca2=MA].translations.pol.official
Expected: KrÃ³lestwo MarokaÅ„skie
     got: Królestwo Maroka?skie
 ; [cca2=MA].translations.rus.common
Expected: ÐœÐ°Ñ€Ð¾ÐºÐºÐ¾
     got: ???????
 ; [cca2=MA].translations.rus.official
Expected: ÐšÐ¾Ñ€Ð¾Ð»ÐµÐ²Ñ?Ñ‚Ð²Ð¾ ÐœÐ°Ñ€Ð¾ÐºÐºÐ¾
     got: ??????????? ???????
 ; [cca2=MA].translations.slk.official
Expected: MarockÃ© knieÅ¾atstvo
     got: Marocké kniežatstvo
 ; [cca2=MA].translations.srp.common
Expected: ÐœÐ°Ñ€Ð¾ÐºÐ¾
     got: ??????
 ; [cca2=MA].translations.srp.official
Expected: ÐšÑ€Ð°Ñ™ÐµÐ²Ð¸Ð½Ð° ÐœÐ°Ñ€Ð¾ÐºÐ¾
     got: ????????? ??????
 ; [cca2=MA].translations.tur.official
Expected: Fas KrallÄ±ÄŸÄ±
     got: Fas Krall???
 ; [cca2=MA].translations.urd.common
Expected: Ù…Ø±Ø§Ú©Ø´
     got: ?????
 ; [cca2=MA].translations.urd.official
Expected: Ù…Ù…Ù„Ú©ØªÙ? Ù…Ø±Ø§Ú©Ø´
     got: ?????? ?????
 ; [cca2=MA].translations.zho.common
Expected: æ‘©æ´›å“¥
     got: ???
 ; [cca2=MA].translations.zho.official
Expected: æ‘©æ´›å“¥çŽ‹å›½
     got: ?????
 ; [cca2=MC].altSpellings[]
Expected: PrincipautÃ© de Monaco
     but none found
 ; [cca2=MC].altSpellings[]
Unexpected: Principauté de Monaco
 ; [cca2=MC].currencies.EUR.symbol
Expected: â‚¬
     got: €
 ; [cca2=MC].demonyms.fra.f
Expected: MonÃ©gasque
     got: Monégasque
 ; [cca2=MC].demonyms.fra.m
Expected: MonÃ©gasque
     got: Monégasque
 ; [cca2=MC].flag
Expected: ðŸ‡²ðŸ‡¨
     got: ??
 ; [cca2=MC].name.nativeName.fra.official
Expected: PrincipautÃ© de Monaco
     got: Principauté de Monaco
 ; [cca2=MC].translations.ara.common
Expected: Ù…ÙˆÙ†Ø§ÙƒÙˆ
     got: ??????
 ; [cca2=MC].translations.ara.official
Expected: Ø¥Ù…Ø§Ø±Ø© Ù…ÙˆÙ†Ø§ÙƒÙˆ
     got: ????? ??????
 ; [cca2=MC].translations.bre.official
Expected: PriÃ±selezh Monako
     got: Priñselezh Monako
 ; [cca2=MC].translations.ces.official
Expected: MonackÃ© knÃ­Å¾ectvÃ­
     got: Monacké knížectví
 ; [cca2=MC].translations.deu.official
Expected: FÃ¼rstentum Monaco
     got: Fürstentum Monaco
 ; [cca2=MC].translations.est.official
Expected: Monaco VÃ¼rstiriik
     got: Monaco Vürstiriik
 ; [cca2=MC].translations.fra.official
Expected: PrincipautÃ© de Monaco
     got: Principauté de Monaco
 ; [cca2=MC].translations.hrv.official
Expected: KneÅ¾evina Monako
     got: Kneževina Monako
 ; [cca2=MC].translations.hun.official
Expected: MonacÃ³i HercegsÃ©g
     got: Monacói Hercegség
 ; [cca2=MC].translations.jpn.common
Expected: ãƒ¢ãƒŠã‚³
     got: ???
 ; [cca2=MC].translations.jpn.official
Expected: ãƒ¢ãƒŠã‚³å…¬å›½
     got: ?????
 ; [cca2=MC].translations.kor.common
Expected: ëª¨ë‚˜ì½”
     got: ???
 ; [cca2=MC].translations.kor.official
Expected: ëª¨ë‚˜ì½” ê³µêµ­
     got: ??? ??
 ; [cca2=MC].translations.per.common
Expected: Ù…ÙˆÙ†Ø§Ú©Ùˆ
     got: ??????
 ; [cca2=MC].translations.per.official
Expected: Ø´Ø§Ù‡Ø²Ø§Ø¯Ù‡â€ŒÙ†Ø´ÛŒÙ† Ù…ÙˆÙ†Ø§Ú©Ùˆ
     got: ???????????? ??????
 ; [cca2=MC].translations.pol.official
Expected: KsiÄ™stwo Monako
     got: Ksi?stwo Monako
 ; [cca2=MC].translations.por.common
Expected: MÃ³naco
     got: Mónaco
 ; [cca2=MC].translations.por.official
Expected: Principado do MÃ³naco
     got: Principado do Mónaco
 ; [cca2=MC].translations.rus.common
Expected: ÐœÐ¾Ð½Ð°ÐºÐ¾
     got: ??????
 ; [cca2=MC].translations.rus.official
Expected: ÐšÐ½Ñ?Ð¶ÐµÑ?Ñ‚Ð²Ð¾ ÐœÐ¾Ð½Ð°ÐºÐ¾
     got: ????????? ??????
 ; [cca2=MC].translations.slk.official
Expected: MonackÃ© knieÅ¾atstvo
     got: Monacké kniežatstvo
 ; [cca2=MC].translations.spa.common
Expected: MÃ³naco
     got: Mónaco
 ; [cca2=MC].translations.spa.official
Expected: Principado de MÃ³naco
     got: Principado de Mónaco
 ; [cca2=MC].translations.srp.common
Expected: ÐœÐ¾Ð½Ð°ÐºÐ¾
     got: ??????
 ; [cca2=MC].translations.srp.official
Expected: ÐšÐ½ÐµÐ¶ÐµÐ²Ð¸Ð½Ð° ÐœÐ¾Ð½Ð°ÐºÐ¾
     got: ????????? ??????
 ; [cca2=MC].translations.swe.official
Expected: FurstendÃ¶met Monaco
     got: Furstendömet Monaco
 ; [cca2=MC].translations.tur.official
Expected: Monako PrensliÄŸi
     got: Monako Prensli?i
 ; [cca2=MC].translations.urd.common
Expected: Ù…ÙˆÙ†Ø§Ú©Ùˆ
     got: ??????
 ; [cca2=MC].translations.urd.official
Expected: Ø¬Ù…Û?ÙˆØ±ÛŒÛ? Ù…Ù†Ø§Ú©Ùˆ
     got: ??????? ?????
 ; [cca2=MC].translations.zho.common
Expected: æ‘©çº³å“¥
     got: ???
 ; [cca2=MC].translations.zho.official
Expected: æ‘©çº³å“¥å…¬å›½
     got: ?????
 ; [cca2=MD].capital[]
Expected: ChiÈ™inÄƒu
     but none found
 ; [cca2=MD].capital[]
Unexpected: Chi?in?u
 ; [cca2=MD].flag
Expected: ðŸ‡²ðŸ‡©
     got: ??
 ; [cca2=MD].translations.ara.common
Expected: Ù…ÙˆÙ„Ø¯ÙˆÚ¤Ø§
     got: ???????
 ; [cca2=MD].translations.ara.official
Expected: Ø¬Ù…Ù‡ÙˆØ±ÙŠØ© Ù…ÙˆÙ„Ø¯ÙˆÚ¤Ø§
     got: ??????? ???????
 ; [cca2=MD].translations.ces.official
Expected: MoldavskÃ¡ republika
     got: Moldavská republika
 ; [cca2=MD].translations.fra.official
Expected: RÃ©publique de Moldavie
     got: République de Moldavie
 ; [cca2=MD].translations.hun.official
Expected: Moldovai KÃ¶ztÃ¡rsasÃ¡g
     got: Moldovai Köztársaság
 ; [cca2=MD].translations.jpn.common
Expected: ãƒ¢ãƒ«ãƒ‰ãƒ?å…±å’Œå›½
     got: ???????
 ; [cca2=MD].translations.jpn.official
Expected: ãƒ¢ãƒ«ãƒ‰ãƒ?å…±å’Œå›½
     got: ???????
 ; [cca2=MD].translations.kor.common
Expected: ëª°ë?„ë°”
     got: ???
 ; [cca2=MD].translations.kor.official
Expected: ëª°ë?„ë°” ê³µí™”êµ­
     got: ??? ???
 ; [cca2=MD].translations.nld.common
Expected: MoldaviÃ«
     got: Moldavië
 ; [cca2=MD].translations.nld.official
Expected: Republiek MoldaviÃ«
     got: Republiek Moldavië
 ; [cca2=MD].translations.per.common
Expected: Ù…ÙˆÙ„Ø¯Ø§ÙˆÛŒ
     got: ???????
 ; [cca2=MD].translations.per.official
Expected: Ø¬Ù…Ù‡ÙˆØ±ÛŒ Ù…ÙˆÙ„Ø¯Ø§ÙˆÛŒ
     got: ?????? ???????
 ; [cca2=MD].translations.pol.common
Expected: MoÅ‚dawia
     got: Mo?dawia
 ; [cca2=MD].translations.pol.official
Expected: Republika MoÅ‚dawii
     got: Republika Mo?dawii
 ; [cca2=MD].translations.por.common
Expected: MoldÃ¡via
     got: Moldávia
 ; [cca2=MD].translations.por.official
Expected: RepÃºblica da MoldÃ¡via
     got: República da Moldávia
 ; [cca2=MD].translations.rus.common
Expected: ÐœÐ¾Ð»Ð´Ð°Ð²Ð¸Ñ?
     got: ????????
 ; [cca2=MD].translations.rus.official
Expected: ÐœÐ¾Ð»Ð´Ð¾Ð²Ð°
     got: ???????
 ; [cca2=MD].translations.slk.official
Expected: MoldavskÃ¡ republika
     got: Moldavská republika
 ; [cca2=MD].translations.spa.official
Expected: RepÃºblica de Moldova
     got: República de Moldova
 ; [cca2=MD].translations.srp.common
Expected: ÐœÐ¾Ð»Ð´Ð°Ð²Ð¸Ñ˜Ð°
     got: ?????????
 ; [cca2=MD].translations.srp.official
Expected: Ð ÐµÐ¿ÑƒÐ±Ð»Ð¸ÐºÐ° ÐœÐ¾Ð»Ð´Ð°Ð²Ð¸Ñ˜Ð°
     got: ????????? ?????????
 ; [cca2=MD].translations.urd.common
Expected: Ù…Ø§Ù„Ø¯ÙˆÙˆØ§
     got: ???????
 ; [cca2=MD].translations.urd.official
Expected: Ø¬Ù…Û?ÙˆØ±ÛŒÛ? Ù…Ø§Ù„Ø¯ÙˆÙˆØ§
     got: ??????? ???????
 ; [cca2=MD].translations.zho.common
Expected: æ‘©å°”å¤šç“¦
     got: ????
 ; [cca2=MD].translations.zho.official
Expected: æ‘©å°”å¤šç“¦å…±å’Œå›½
     got: ???????
 ; [cca2=ME].currencies.EUR.symbol
Expected: â‚¬
     got: €
 ; [cca2=ME].demonyms.fra.f
Expected: MontÃ©nÃ©grine
     got: Monténégrine
 ; [cca2=ME].demonyms.fra.m
Expected: MontÃ©nÃ©grin
     got: Monténégrin
 ; [cca2=ME].flag
Expected: ðŸ‡²ðŸ‡ª
     got: ??
 ; [cca2=ME].name.nativeName.cnr.common
Expected: Ð¦Ñ€Ð½Ð° Ð“Ð¾Ñ€Ð°
     got: ???? ????
 ; [cca2=ME].name.nativeName.cnr.official
Expected: Ð¦Ñ€Ð½Ð° Ð“Ð¾Ñ€Ð°
     got: ???? ????
 ; [cca2=ME].translations.ara.common
Expected: Ø§Ù„Ø¬Ø¨Ù„ Ø§Ù„Ø§Ø³ÙˆØ¯
     got: ????? ??????
 ; [cca2=ME].translations.ara.official
Expected: Ø§Ù„Ø¬Ø¨Ù„ Ø§Ù„Ø§Ø³ÙˆØ¯
     got: ????? ??????
 ; [cca2=ME].translations.ces.common
Expected: ÄŒernÃ¡ Hora
     got: ?erná Hora
 ; [cca2=ME].translations.ces.official
Expected: ÄŒernÃ¡ Hora
     got: ?erná Hora
 ; [cca2=ME].translations.fra.common
Expected: MontÃ©nÃ©gro
     got: Monténégro
 ; [cca2=ME].translations.fra.official
Expected: MontÃ©nÃ©gro
     got: Monténégro
 ; [cca2=ME].translations.hun.common
Expected: MontenegrÃ³
     got: Montenegró
 ; [cca2=ME].translations.hun.official
Expected: MontenegrÃ³
     got: Montenegró
 ; [cca2=ME].translations.jpn.common
Expected: ãƒ¢ãƒ³ãƒ†ãƒ?ã‚°ãƒ­
     got: ??????
 ; [cca2=ME].translations.jpn.official
Expected: ãƒ¢ãƒ³ãƒ†ãƒ?ã‚°ãƒ­
     got: ??????
 ; [cca2=ME].translations.kor.common
Expected: ëª¬í…Œë„¤ê·¸ë¡œ
     got: ?????
 ; [cca2=ME].translations.kor.official
Expected: ëª¬í…Œë„¤ê·¸ë¡œ
     got: ?????
 ; [cca2=ME].translations.per.common
Expected: Ù…ÙˆÙ†ØªÙ‡â€ŒÙ†Ú¯Ø±Ùˆ
     got: ??????????
 ; [cca2=ME].translations.per.official
Expected: Ù…ÙˆÙ†ØªÙ‡â€ŒÙ†Ú¯Ø±Ùˆ
     got: ??????????
 ; [cca2=ME].translations.pol.common
Expected: CzarnogÃ³ra
     got: Czarnogóra
 ; [cca2=ME].translations.pol.official
Expected: CzarnogÃ³ra
     got: Czarnogóra
 ; [cca2=ME].translations.rus.common
Expected: Ð§ÐµÑ€Ð½Ð¾Ð³Ð¾Ñ€Ð¸Ñ?
     got: ??????????
 ; [cca2=ME].translations.rus.official
Expected: Ð§ÐµÑ€Ð½Ð¾Ð³Ð¾Ñ€Ð¸Ñ?
     got: ??????????
 ; [cca2=ME].translations.slk.common
Expected: ÄŒierna Hora
     got: ?ierna Hora
 ; [cca2=ME].translations.slk.official
Expected: ÄŒierna Hora
     got: ?ierna Hora
 ; [cca2=ME].translations.srp.common
Expected: Ð¦Ñ€Ð½Ð° Ð“Ð¾Ñ€Ð°
     got: ???? ????
 ; [cca2=ME].translations.srp.official
Expected: Ð¦Ñ€Ð½Ð° Ð“Ð¾Ñ€Ð°
     got: ???? ????
 ; [cca2=ME].translations.tur.common
Expected: KaradaÄŸ
     got: Karada?
 ; [cca2=ME].translations.tur.official
Expected: KaradaÄŸ
     got: Karada?
 ; [cca2=ME].translations.urd.common
Expected: Ù…ÙˆÙ†Ù¹ÛŒÙ†ÛŒÚ¯Ø±Ùˆ
     got: ??????????
 ; [cca2=ME].translations.urd.official
Expected: Ù…ÙˆÙ†Ù¹ÛŒÙ†ÛŒÚ¯Ø±Ùˆ
     got: ??????????
 ; [cca2=ME].translations.zho.common
Expected: é»‘å±±
     got: ??
 ; [cca2=ME].translations.zho.official
Expected: é»‘å±±
     got: ??
 ; [cca2=MF].altSpellings[]
Expected: CollectivitÃ© de Saint-Martin
     but none found
 ; [cca2=MF].altSpellings[]
Unexpected: Collectivité de Saint-Martin
 ; [cca2=MF].currencies.EUR.symbol
Expected: â‚¬
     got: €
 ; [cca2=MF].flag
Expected: ðŸ‡²ðŸ‡«
     got: ??
 ; [cca2=MF].translations.ara.common
Expected: Ø³Ø§Ù†Øª Ù…Ø§Ø±ØªÙ†
     got: ???? ?????
 ; [cca2=MF].translations.ara.official
Expected: Ø³Ø§Ù†Øª Ù…Ø§Ø±ØªÙ†
     got: ???? ?????
 ; [cca2=MF].translations.ces.common
Expected: SvatÃ½ Martin (Francie)
     got: Svatý Martin (Francie)
 ; [cca2=MF].translations.ces.official
Expected: SvatÃ½ Martin
     got: Svatý Martin
 ; [cca2=MF].translations.est.official
Expected: Saint-Martini Ã¼hendus
     got: Saint-Martini ühendus
 ; [cca2=MF].translations.hun.official
Expected: Saint-Martin KÃ¶zÃ¶ssÃ©g
     got: Saint-Martin Közösség
 ; [cca2=MF].translations.jpn.common
Expected: ã‚µãƒ³ãƒ»ãƒžãƒ«ã‚¿ãƒ³ï¼ˆãƒ•ãƒ©ãƒ³ã‚¹é ˜ï¼‰
     got: ??????????????
 ; [cca2=MF].translations.jpn.official
Expected: ã‚µãƒ³ãƒžãƒ«ã‚¿ãƒ³å³¶
     got: ???????
 ; [cca2=MF].translations.kor.common
Expected: ìƒ?ë§ˆë¥´íƒ±
     got: ????
 ; [cca2=MF].translations.kor.official
Expected: ìƒ?ë§ˆë¥´íƒ±
     got: ????
 ; [cca2=MF].translations.per.common
Expected: Ø³Ù† Ù…Ø§Ø±ØªÙ†
     got: ?? ?????
 ; [cca2=MF].translations.per.official
Expected: Ø³Ù† Ù…Ø§Ø±ØªÙ†
     got: ?? ?????
 ; [cca2=MF].translations.pol.official
Expected: WspÃ³lnota Saint-Martin
     got: Wspólnota Saint-Martin
 ; [cca2=MF].translations.por.common
Expected: SÃ£o Martinho
     got: São Martinho
 ; [cca2=MF].translations.rus.common
Expected: Ð¡ÐµÐ½-ÐœÐ°Ñ€Ñ‚ÐµÐ½
     got: ???-??????
 ; [cca2=MF].translations.rus.official
Expected: Ð¡ÐµÐ½-ÐœÐ°Ñ€Ñ‚ÐµÐ½
     got: ???-??????
 ; [cca2=MF].translations.srp.common
Expected: Ð¡Ð²ÐµÑ‚Ð¸ ÐœÐ°Ñ€Ñ‚Ð¸Ð½
     got: ????? ??????
 ; [cca2=MF].translations.srp.official
Expected: Ð¡Ð²ÐµÑ‚Ð¸ ÐœÐ°Ñ€Ñ‚Ð¸Ð½
     got: ????? ??????
 ; [cca2=MF].translations.swe.official
Expected: FÃ¶rvaltningsomrÃ¥det Saint-Martin
     got: Förvaltningsområdet Saint-Martin
 ; [cca2=MF].translations.urd.common
Expected: Ø³ÛŒÙ†Ù¹ Ù…Ø§Ø±Ù¹Ù†
     got: ???? ?????
 ; [cca2=MF].translations.urd.official
Expected: Ø³ÛŒÙ†Ù¹ Ù…Ø§Ø±Ù¹Ù†
     got: ???? ?????
 ; [cca2=MF].translations.zho.common
Expected: åœ£é©¬ä¸?
     got: ???
 ; [cca2=MF].translations.zho.official
Expected: åœ£é©¬ä¸?
     got: ???
 ; [cca2=MG].altSpellings[]
Expected: RÃ©publique de Madagascar
     but none found
 ; [cca2=MG].altSpellings[]
Unexpected: République de Madagascar
 ; [cca2=MG].flag
Expected: ðŸ‡²ðŸ‡¬
     got: ??
 ; [cca2=MG].name.nativeName.fra.official
Expected: RÃ©publique de Madagascar
     got: République de Madagascar
 ; [cca2=MG].translations.ara.common
Expected: Ù…Ø¯ØºØ´Ù‚Ø±
     got: ??????
 ; [cca2=MG].translations.ara.official
Expected: Ø¬Ù…Ù‡ÙˆØ±ÙŠØ© Ù…Ø¯ØºØ´Ù‚Ø±
     got: ??????? ??????
 ; [cca2=MG].translations.ces.official
Expected: MadagaskarskÃ¡ republika
     got: Madagaskarská republika
 ; [cca2=MG].translations.fra.official
Expected: RÃ©publique de Madagascar
     got: République de Madagascar
 ; [cca2=MG].translations.hun.common
Expected: MadagaszkÃ¡r
     got: Madagaszkár
 ; [cca2=MG].translations.hun.official
Expected: MadagaszkÃ¡ri KÃ¶ztÃ¡rsasÃ¡g
     got: Madagaszkári Köztársaság
 ; [cca2=MG].translations.jpn.common
Expected: ãƒžãƒ€ã‚¬ã‚¹ã‚«ãƒ«
     got: ??????
 ; [cca2=MG].translations.jpn.official
Expected: ãƒžãƒ€ã‚¬ã‚¹ã‚«ãƒ«å…±å’Œå›½
     got: ?????????
 ; [cca2=MG].translations.kor.common
Expected: ë§ˆë‹¤ê°€ìŠ¤ì¹´ë¥´
     got: ??????
 ; [cca2=MG].translations.kor.official
Expected: ë§ˆë‹¤ê°€ìŠ¤ì¹´ë¥´ ê³µí™”êµ­
     got: ?????? ???
 ; [cca2=MG].translations.per.common
Expected: Ù…Ø§Ø¯Ø§Ú¯Ø§Ø³Ú©Ø§Ø±
     got: ??????????
 ; [cca2=MG].translations.per.official
Expected: Ø¬Ù…Ù‡ÙˆØ±ÛŒ Ù…Ø§Ø¯Ø§Ú¯Ø§Ø³Ú©Ø§Ø±
     got: ?????? ??????????
 ; [cca2=MG].translations.por.common
Expected: MadagÃ¡scar
     got: Madagáscar
 ; [cca2=MG].translations.por.official
Expected: RepÃºblica de MadagÃ¡scar
     got: República de Madagáscar
 ; [cca2=MG].translations.rus.common
Expected: ÐœÐ°Ð´Ð°Ð³Ð°Ñ?ÐºÐ°Ñ€
     got: ??????????
 ; [cca2=MG].translations.rus.official
Expected: Ð ÐµÑ?Ð¿ÑƒÐ±Ð»Ð¸ÐºÐ° ÐœÐ°Ð´Ð°Ð³Ð°Ñ?ÐºÐ°Ñ€
     got: ?????????? ??????????
 ; [cca2=MG].translations.slk.official
Expected: MadagaskarskÃ¡ republika
     got: Madagaskarská republika
 ; [cca2=MG].translations.spa.official
Expected: RepÃºblica de Madagascar
     got: República de Madagascar
 ; [cca2=MG].translations.srp.common
Expected: ÐœÐ°Ð´Ð°Ð³Ð°Ñ?ÐºÐ°Ñ€
     got: ??????????
 ; [cca2=MG].translations.srp.official
Expected: Ð ÐµÐ¿ÑƒÐ±Ð»Ð¸ÐºÐ° ÐœÐ°Ð´Ð°Ð³Ð°Ñ?ÐºÐ°Ñ€
     got: ????????? ??????????
 ; [cca2=MG].translations.urd.common
Expected: Ù…ÚˆØºØ§Ø³Ú©Ø±
     got: ???????
 ; [cca2=MG].translations.urd.official
Expected: Ø¬Ù…Û?ÙˆØ±ÛŒÛ? Ù…ÚˆØºØ§Ø³Ú©Ø±
     got: ??????? ???????
 ; [cca2=MG].translations.zho.common
Expected: é©¬è¾¾åŠ æ–¯åŠ 
     got: ?????
 ; [cca2=MG].translations.zho.official
Expected: é©¬è¾¾åŠ æ–¯åŠ å…±å’Œå›½
     got: ????????
 ; [cca2=MH].altSpellings[]
Expected: AolepÄ?n AorÅ?kin MÌ§ajeÄ¼
     but none found
 ; [cca2=MH].altSpellings[]
Unexpected: Aolep?n Aor?kin M?aje?
 ; [cca2=MH].flag
Expected: ðŸ‡²ðŸ‡­
     got: ??
 ; [cca2=MH].flags.alt
Expected: The flag of Marshall Islands has a blue field with two broadening adjacent diagonal bands of orange and white that extend from the lower hoist-side corner to the upper fly-side corner of the field. A large white star with twenty-four rays â€” four large rays at the cardinal points and twenty smaller rays â€” is situated in the upper hoist-side corner above the diagonal bands.
     got: The flag of Marshall Islands has a blue field with two broadening adjacent diagonal bands of orange and white that extend from the lower hoist-side corner to the upper fly-side corner of the field. A large white star with twenty-four rays — four large rays at the cardinal points and twenty smaller rays — is situated in the upper hoist-side corner above the diagonal bands.
 ; [cca2=MH].name.nativeName.mah.common
Expected: MÌ§ajeÄ¼
     got: M?aje?
 ; [cca2=MH].translations.ara.common
Expected: Ø¬Ø²Ø± Ù…Ø§Ø±Ø´Ø§Ù„
     got: ??? ??????
 ; [cca2=MH].translations.ara.official
Expected: Ø¬Ù…Ù‡ÙˆØ±ÙŠØ© Ø¬Ø²Ø± Ù…Ø§Ø±Ø´Ø§Ù„
     got: ??????? ??? ??????
 ; [cca2=MH].translations.fra.common
Expected: ÃŽles Marshall
     got: Îles Marshall
 ; [cca2=MH].translations.fra.official
Expected: RÃ©publique des ÃŽles Marshall
     got: République des Îles Marshall
 ; [cca2=MH].translations.hrv.common
Expected: MarÅ¡alovi Otoci
     got: Maršalovi Otoci
 ; [cca2=MH].translations.hrv.official
Expected: Republika MarÅ¡alovi Otoci
     got: Republika Maršalovi Otoci
 ; [cca2=MH].translations.jpn.common
Expected: ãƒžãƒ¼ã‚·ãƒ£ãƒ«è«¸å³¶
     got: ???????
 ; [cca2=MH].translations.jpn.official
Expected: ãƒžãƒ¼ã‚·ãƒ£ãƒ«è«¸å³¶å…±å’Œå›½
     got: ??????????
 ; [cca2=MH].translations.kor.common
Expected: ë§ˆì…œ ì œë?„
     got: ?? ??
 ; [cca2=MH].translations.kor.official
Expected: ë§ˆì…œ ì œë?„ ê³µí™”êµ­
     got: ?? ?? ???
 ; [cca2=MH].translations.per.common
Expected: Ø¬Ø²Ø§ÛŒØ± Ù…Ø§Ø±Ø´Ø§Ù„
     got: ????? ??????
 ; [cca2=MH].translations.per.official
Expected: Ø¬Ù…Ù‡ÙˆØ±ÛŒ Ø¬Ø²Ø§ÛŒØ± Ù…Ø§Ø±Ø´Ø§Ù„
     got: ?????? ????? ??????
 ; [cca2=MH].translations.por.official
Expected: RepÃºblica das Ilhas Marshall
     got: República das Ilhas Marshall
 ; [cca2=MH].translations.rus.common
Expected: ÐœÐ°Ñ€ÑˆÐ°Ð»Ð»Ð¾Ð²Ñ‹ ÐžÑ?Ñ‚Ñ€Ð¾Ð²Ð°
     got: ?????????? ???????
 ; [cca2=MH].translations.rus.official
Expected: Ð ÐµÑ?Ð¿ÑƒÐ±Ð»Ð¸ÐºÐ° ÐœÐ°Ñ€ÑˆÐ°Ð»Ð»Ð¾Ð²Ñ‹ Ð¾Ñ?Ñ‚Ñ€Ð¾Ð²Ð°
     got: ?????????? ?????????? ???????
 ; [cca2=MH].translations.slk.official
Expected: Republika MarshallovÃ½ch ostrovov
     got: Republika Marshallových ostrovov
 ; [cca2=MH].translations.spa.official
Expected: RepÃºblica de las Islas Marshall
     got: República de las Islas Marshall
 ; [cca2=MH].translations.srp.common
Expected: ÐœÐ°Ñ€ÑˆÐ°Ð»Ñ?ÐºÐ° ÐžÑ?Ñ‚Ñ€Ð²Ð°
     got: ????????? ??????
 ; [cca2=MH].translations.srp.official
Expected: Ð ÐµÐ¿ÑƒÐ±Ð»Ð¸ÐºÐ° ÐœÐ°Ñ€ÑˆÐ°Ð»Ñ?ÐºÐ° ÐžÑ?Ñ‚Ñ€Ð²Ð°
     got: ????????? ????????? ??????
 ; [cca2=MH].translations.swe.common
Expected: MarshallÃ¶arna
     got: Marshallöarna
 ; [cca2=MH].translations.swe.official
Expected: Republiken MarshallÃ¶arna
     got: Republiken Marshallöarna
 ; [cca2=MH].translations.tur.common
Expected: Marshall AdalarÄ±
     got: Marshall Adalar?
 ; [cca2=MH].translations.tur.official
Expected: Marshall AdalarÄ± Cumhuriyeti
     got: Marshall Adalar? Cumhuriyeti
 ; [cca2=MH].translations.urd.common
Expected: Ø¬Ø²Ø§Ø¦Ø± Ù…Ø§Ø±Ø´Ù„
     got: ????? ?????
 ; [cca2=MH].translations.urd.official
Expected: Ø¬Ù…Û?ÙˆØ±ÛŒÛ? Ø¬Ø²Ø§Ø¦Ø± Ù…Ø§Ø±Ø´Ù„
     got: ??????? ????? ?????
 ; [cca2=MH].translations.zho.common
Expected: é©¬ç»?å°”ç¾¤å²›
     got: ?????
 ; [cca2=MH].translations.zho.official
Expected: é©¬ç»?å°”ç¾¤å²›å…±å’Œå›½
     got: ????????
 ; [cca2=MK].altSpellings[]
Expected: Ð ÐµÐ¿ÑƒÐ±Ð»Ð¸ÐºÐ° Ð¡ÐµÐ²ÐµÑ€Ð½Ð° ÐœÐ°ÐºÐµÐ´Ð¾Ð½Ð¸Ñ˜Ð°
     but none found
 ; [cca2=MK].altSpellings[]
Unexpected: ????????? ??????? ??????????
 ; [cca2=MK].demonyms.fra.f
Expected: MacÃ©donienne
     got: Macédonienne
 ; [cca2=MK].demonyms.fra.m
Expected: MacÃ©donien
     got: Macédonien
 ; [cca2=MK].flag
Expected: ðŸ‡²ðŸ‡°
     got: ??
 ; [cca2=MK].name.nativeName.mkd.common
Expected: ÐœÐ°ÐºÐµÐ´Ð¾Ð½Ð¸Ñ˜Ð°
     got: ??????????
 ; [cca2=MK].name.nativeName.mkd.official
Expected: Ð ÐµÐ¿ÑƒÐ±Ð»Ð¸ÐºÐ° Ð¡ÐµÐ²ÐµÑ€Ð½Ð° ÐœÐ°ÐºÐµÐ´Ð¾Ð½Ð¸Ñ˜Ð°
     got: ????????? ??????? ??????????
 ; [cca2=MK].translations.ara.common
Expected: Ø´Ù…Ø§Ù„ Ù…Ù‚Ø¯ÙˆÙ†ÙŠØ§
     got: ???? ???????
 ; [cca2=MK].translations.ara.official
Expected: Ø¬Ù…Ù‡ÙˆØ±ÙŠØ© Ø´Ù…Ø§Ù„ Ù…Ù‚Ø¯ÙˆÙ†ÙŠØ§
     got: ??????? ???? ???????
 ; [cca2=MK].translations.ces.common
Expected: SevernÃ­ Makedonie
     got: Severní Makedonie
 ; [cca2=MK].translations.ces.official
Expected: Republika SevernÃ­ Makedonie
     got: Republika Severní Makedonie
 ; [cca2=MK].translations.est.common
Expected: PÃµhja-Makedoonia
     got: Põhja-Makedoonia
 ; [cca2=MK].translations.est.official
Expected: PÃµhja-Makedoonia Vabariik
     got: Põhja-Makedoonia Vabariik
 ; [cca2=MK].translations.fra.common
Expected: MacÃ©doine du Nord
     got: Macédoine du Nord
 ; [cca2=MK].translations.fra.official
Expected: RÃ©publique de MacÃ©doine du Nord
     got: République de Macédoine du Nord
 ; [cca2=MK].translations.hun.common
Expected: Ã‰szak-MacedÃ³nia
     got: Észak-Macedónia
 ; [cca2=MK].translations.hun.official
Expected: Ã‰szak-macedÃ³n KÃ¶ztÃ¡rsasÃ¡g
     got: Észak-macedón Köztársaság
 ; [cca2=MK].translations.jpn.common
Expected: åŒ—ãƒžã‚±ãƒ‰ãƒ‹ã‚¢ 
     got: ?????? 
 ; [cca2=MK].translations.jpn.official
Expected: åŒ—ãƒžã‚±ãƒ‰ãƒ‹ã‚¢å…±å’Œå›½
     got: ?????????
 ; [cca2=MK].translations.kor.common
Expected: ë¶?ë§ˆì¼€ë?„ë‹ˆì•„
     got: ??????
 ; [cca2=MK].translations.kor.official
Expected: ë¶?ë§ˆì¼€ë?„ë‹ˆì•„ ê³µí™”êµ­
     got: ?????? ???
 ; [cca2=MK].translations.nld.common
Expected: Noord-MacedoniÃ«
     got: Noord-Macedonië
 ; [cca2=MK].translations.nld.official
Expected: Republiek Noord-MacedoniÃ«
     got: Republiek Noord-Macedonië
 ; [cca2=MK].translations.per.common
Expected: Ù…Ù‚Ø¯ÙˆÙ†ÛŒÙ‡ Ø´Ù…Ø§Ù„ÛŒ
     got: ??????? ?????
 ; [cca2=MK].translations.per.official
Expected: Ø¬Ù…Ù‡ÙˆØ±ÛŒ Ù…Ù‚Ø¯ÙˆÙ†ÛŒÙ‡ Ø´Ù…Ø§Ù„ÛŒ
     got: ?????? ??????? ?????
 ; [cca2=MK].translations.pol.common
Expected: Macedonia PÃ³Å‚nocna
     got: Macedonia Pó?nocna
 ; [cca2=MK].translations.pol.official
Expected: Republika Macedonii PÃ³Å‚nocnej
     got: Republika Macedonii Pó?nocnej
 ; [cca2=MK].translations.por.common
Expected: MacedÃ³nia do Norte
     got: Macedónia do Norte
 ; [cca2=MK].translations.por.official
Expected: RepÃºblica da MacedÃ´nia do Norte
     got: República da Macedônia do Norte
 ; [cca2=MK].translations.rus.common
Expected: Ð¡ÐµÐ²ÐµÑ€Ð½Ð°Ñ? ÐœÐ°ÐºÐµÐ´Ð¾Ð½Ð¸Ñ?
     got: ???????? ?????????
 ; [cca2=MK].translations.rus.official
Expected: Ð ÐµÑ?Ð¿ÑƒÐ±Ð»Ð¸ÐºÐ° Ð¡ÐµÐ²ÐµÑ€Ð½Ð°Ñ? ÐœÐ°ÐºÐµÐ´Ð¾Ð½Ð¸Ñ?
     got: ?????????? ???????? ?????????
 ; [cca2=MK].translations.slk.common
Expected: SevernÃ© MacedÃ³nsko
     got: Severné Macedónsko
 ; [cca2=MK].translations.slk.official
Expected: SeveromacedÃ³nska republika
     got: Severomacedónska republika
 ; [cca2=MK].translations.spa.official
Expected: RepÃºblica de Macedonia del Norte
     got: República de Macedonia del Norte
 ; [cca2=MK].translations.srp.common
Expected: Ð¡ÐµÐ²ÐµÑ€Ð½Ð° ÐœÐ°ÐºÐµÐ´Ð¾Ð½Ð¸Ñ˜Ð°
     got: ??????? ??????????
 ; [cca2=MK].translations.srp.official
Expected: Ð ÐµÐ¿ÑƒÐ±Ð»Ð¸ÐºÐ° Ð¡ÐµÐ²ÐµÑ€Ð½Ð° ÐœÐ°ÐºÐµÐ´Ð¾Ð½Ð¸Ñ˜Ð°
     got: ????????? ??????? ??????????
 ; [cca2=MK].translations.urd.common
Expected: Ø´Ù…Ø§Ù„ÛŒ Ù…Ù‚Ø¯ÙˆÙ†ÛŒÛ?
     got: ????? ???????
 ; [cca2=MK].translations.urd.official
Expected: Ø¬Ù…Û?ÙˆØ±ÛŒÛ? Ù…Ù‚Ø¯ÙˆÙ†ÛŒÛ?
     got: ??????? ???????
 ; [cca2=MK].translations.zho.common
Expected: åŒ—é¦¬å…¶é “
     got: ????
 ; [cca2=MK].translations.zho.official
Expected: åŒ—é¦¬å…¶é “å…±å’Œåœ‹
     got: ???????
 ; [cca2=ML].altSpellings[]
Expected: RÃ©publique du Mali
     but none found
 ; [cca2=ML].altSpellings[]
Unexpected: République du Mali
 ; [cca2=ML].flag
Expected: ðŸ‡²ðŸ‡±
     got: ??
 ; [cca2=ML].name.nativeName.fra.official
Expected: RÃ©publique du Mali
     got: République du Mali
 ; [cca2=ML].translations.ara.common
Expected: Ù…Ø§Ù„ÙŠ
     got: ????
 ; [cca2=ML].translations.ara.official
Expected: Ø¬Ù…Ù‡ÙˆØ±ÙŠØ© Ù…Ø§Ù„ÙŠ
     got: ??????? ????
 ; [cca2=ML].translations.fra.official
Expected: RÃ©publique du Mali
     got: République du Mali
 ; [cca2=ML].translations.hun.official
Expected: Mali KÃ¶ztÃ¡rsasÃ¡g
     got: Mali Köztársaság
 ; [cca2=ML].translations.jpn.common
Expected: ãƒžãƒª
     got: ??
 ; [cca2=ML].translations.jpn.official
Expected: ãƒžãƒªå…±å’Œå›½
     got: ?????
 ; [cca2=ML].translations.kor.common
Expected: ë§?ë¦¬
     got: ??
 ; [cca2=ML].translations.kor.official
Expected: ë§?ë¦¬ ê³µí™”êµ­
     got: ?? ???
 ; [cca2=ML].translations.per.common
Expected: Ù…Ø§Ù„ÛŒ
     got: ????
 ; [cca2=ML].translations.per.official
Expected: Ø¬Ù…Ù‡ÙˆØ±ÛŒ Ù…Ø§Ù„ÛŒ
     got: ?????? ????
 ; [cca2=ML].translations.por.official
Expected: RepÃºblica do Mali
     got: República do Mali
 ; [cca2=ML].translations.rus.common
Expected: ÐœÐ°Ð»Ð¸
     got: ????
 ; [cca2=ML].translations.rus.official
Expected: Ð ÐµÑ?Ð¿ÑƒÐ±Ð»Ð¸ÐºÐ° ÐœÐ°Ð»Ð¸
     got: ?????????? ????
 ; [cca2=ML].translations.slk.official
Expected: MalijskÃ¡ republika
     got: Malijská republika
 ; [cca2=ML].translations.spa.official
Expected: RepÃºblica de MalÃ­
     got: República de Malí
 ; [cca2=ML].translations.srp.common
Expected: ÐœÐ°Ð»Ð¸
     got: ????
 ; [cca2=ML].translations.srp.official
Expected: Ð ÐµÐ¿ÑƒÐ±Ð»Ð¸ÐºÐ° ÐœÐ°Ð»Ð¸
     got: ????????? ????
 ; [cca2=ML].translations.urd.common
Expected: Ù…Ø§Ù„ÛŒ
     got: ????
 ; [cca2=ML].translations.urd.official
Expected: Ø¬Ù…Û?ÙˆØ±ÛŒÛ? Ù…Ø§Ù„ÛŒ
     got: ??????? ????
 ; [cca2=ML].translations.zho.common
Expected: é©¬é‡Œ
     got: ??
 ; [cca2=ML].translations.zho.official
Expected: é©¬é‡Œå…±å’Œå›½
     got: ?????
 ; [cca2=MM].altSpellings[]
Expected: Pyidaunzu ThanmÄƒda MyÄƒma Nainngandaw
     but none found
 ; [cca2=MM].altSpellings[]
Unexpected: Pyidaunzu Thanm?da My?ma Nainngandaw
 ; [cca2=MM].flag
Expected: ðŸ‡²ðŸ‡²
     got: ??
 ; [cca2=MM].name.nativeName.mya.common
Expected: á€™á€¼á€”á€ºá€™á€¬
     got: ??????
 ; [cca2=MM].name.nativeName.mya.official
Expected: á€•á€¼á€Šá€ºá€‘á€±á€¬á€„á€ºá€…á€¯ á€žá€™á€¹á€™á€? á€™á€¼á€”á€ºá€™á€¬á€”á€­á€¯á€„á€ºá€„á€¶á€?á€±á€¬á€º
     got: ??????????? ????? ?????????????????
 ; [cca2=MM].translations.ara.common
Expected: Ù…ÙŠØ§Ù†Ù…Ø§Ø±
     got: ???????
 ; [cca2=MM].translations.ara.official
Expected: Ø¬Ù…Ù‡ÙˆØ±ÙŠØ© Ø§ØªØ­Ø§Ø¯ Ù…ÙŠØ§Ù†Ù…Ø§Ø±
     got: ??????? ????? ???????
 ; [cca2=MM].translations.ces.official
Expected: Republika MyanmarskÃ½ svaz
     got: Republika Myanmarský svaz
 ; [cca2=MM].translations.fra.official
Expected: RÃ©publique de l'Union du Myanmar
     got: République de l'Union du Myanmar
 ; [cca2=MM].translations.hun.official
Expected: Mianmari Ã?llamszÃ¶vetsÃ©g KÃ¶ztÃ¡rsasÃ¡ga
     got: Mianmari Államszövetség Köztársasága
 ; [cca2=MM].translations.jpn.common
Expected: ãƒŸãƒ£ãƒ³ãƒžãƒ¼
     got: ?????
 ; [cca2=MM].translations.jpn.official
Expected: ãƒŸãƒ£ãƒ³ãƒžãƒ¼é€£é‚¦å…±å’Œå›½
     got: ??????????
 ; [cca2=MM].translations.kor.common
Expected: ë¯¸ì–€ë§ˆ
     got: ???
 ; [cca2=MM].translations.kor.official
Expected: ë¯¸ì–€ë§ˆ ì—°ë°© ê³µí™”êµ­
     got: ??? ?? ???
 ; [cca2=MM].translations.per.common
Expected: Ù…ÛŒØ§Ù†Ù…Ø§Ø±
     got: ???????
 ; [cca2=MM].translations.per.official
Expected: Ø§ØªØ­Ø§Ø¯ÛŒÙ‡ Ø¬Ù…Ù‡ÙˆØ±ÛŒ Ù…ÛŒØ§Ù†Ù…Ø§Ø±
     got: ??????? ?????? ???????
 ; [cca2=MM].translations.pol.official
Expected: Republika ZwiÄ…zku Mjanmy
     got: Republika Zwi?zku Mjanmy
 ; [cca2=MM].translations.por.official
Expected: RepÃºblica da UniÃ£o de Myanmar
     got: República da União de Myanmar
 ; [cca2=MM].translations.rus.common
Expected: ÐœÑŒÑ?Ð½Ð¼Ð°
     got: ??????
 ; [cca2=MM].translations.rus.official
Expected: Ð ÐµÑ?Ð¿ÑƒÐ±Ð»Ð¸ÐºÐ° Ð¡Ð¾ÑŽÐ·Ð° ÐœÑŒÑ?Ð½Ð¼Ð°
     got: ?????????? ????? ??????
 ; [cca2=MM].translations.slk.official
Expected: MjanmarskÃ¡ zvÃ¤zovÃ¡ republika
     got: Mjanmarská zväzová republika
 ; [cca2=MM].translations.spa.official
Expected: RepÃºblica de la UniÃ³n de Myanmar
     got: República de la Unión de Myanmar
 ; [cca2=MM].translations.srp.common
Expected: ÐœÑ˜Ð°Ð½Ð¼Ð°Ñ€
     got: ???????
 ; [cca2=MM].translations.srp.official
Expected: Ð ÐµÐ¿ÑƒÐ±Ð»Ð¸ÐºÐ° Ð¡Ð°Ð²ÐµÐ· ÐœÑ˜Ð°Ð½Ð¼Ð°Ñ€Ð°
     got: ????????? ????? ????????
 ; [cca2=MM].translations.tur.official
Expected: Myanmar BirliÄŸi Cumhuriyeti
     got: Myanmar Birli?i Cumhuriyeti
 ; [cca2=MM].translations.urd.common
Expected: Ù…ÛŒØ§Ù†Ù…Ø§Ø±
     got: ???????
 ; [cca2=MM].translations.urd.official
Expected: Ù…ØªØ­Ø¯Û? Ø¬Ù…Û?ÙˆØ±ÛŒÛ? Ù…ÛŒØ§Ù†Ù…Ø§Ø±
     got: ????? ??????? ???????
 ; [cca2=MM].translations.zho.common
Expected: ç¼…ç”¸
     got: ??
 ; [cca2=MM].translations.zho.official
Expected: ç¼…ç”¸è?”é‚¦å…±å’Œå›½
     got: ???????
 ; [cca2=MN].currencies.MNT.name
Expected: Mongolian tÃ¶grÃ¶g
     got: Mongolian tögrög
 ; [cca2=MN].currencies.MNT.symbol
Expected: â‚®
     got: ?
 ; [cca2=MN].flag
Expected: ðŸ‡²ðŸ‡³
     got: ??
 ; [cca2=MN].flags.alt
Expected: The flag of Mongolia is composed of three equal vertical bands of red, blue and red, with the national emblem â€” the Soyombo â€” in gold centered in the hoist-side red band.
     got: The flag of Mongolia is composed of three equal vertical bands of red, blue and red, with the national emblem — the Soyombo — in gold centered in the hoist-side red band.
 ; [cca2=MN].name.nativeName.mon.common
Expected: ÐœÐ¾Ð½Ð³Ð¾Ð» ÑƒÐ»Ñ?
     got: ?????? ???
 ; [cca2=MN].name.nativeName.mon.official
Expected: ÐœÐ¾Ð½Ð³Ð¾Ð» ÑƒÐ»Ñ?
     got: ?????? ???
 ; [cca2=MN].translations.ara.common
Expected: Ù…Ù†ØºÙˆÙ„ÙŠØ§
     got: ???????
 ; [cca2=MN].translations.ara.official
Expected: Ø¬Ù…Ù‡ÙˆØ±ÙŠØ© Ù…Ù†ØºÙˆÙ„ÙŠØ§
     got: ??????? ???????
 ; [cca2=MN].translations.ces.official
Expected: StÃ¡t Mongolsko
     got: Stát Mongolsko
 ; [cca2=MN].translations.hun.common
Expected: MongÃ³lia
     got: Mongólia
 ; [cca2=MN].translations.hun.official
Expected: MongÃ³lia
     got: Mongólia
 ; [cca2=MN].translations.jpn.common
Expected: ãƒ¢ãƒ³ã‚´ãƒ«
     got: ????
 ; [cca2=MN].translations.jpn.official
Expected: ãƒ¢ãƒ³ã‚´ãƒ«
     got: ????
 ; [cca2=MN].translations.kor.common
Expected: ëª½ê³¨êµ­
     got: ???
 ; [cca2=MN].translations.kor.official
Expected: ëª½ê³¨
     got: ??
 ; [cca2=MN].translations.nld.common
Expected: MongoliÃ«
     got: Mongolië
 ; [cca2=MN].translations.nld.official
Expected: MongoliÃ«
     got: Mongolië
 ; [cca2=MN].translations.per.common
Expected: Ù…ØºÙˆÙ„Ø³ØªØ§Ù†
     got: ????????
 ; [cca2=MN].translations.per.official
Expected: Ù…ØºÙˆÙ„Ø³ØªØ§Ù†
     got: ????????
 ; [cca2=MN].translations.por.common
Expected: MongÃ³lia
     got: Mongólia
 ; [cca2=MN].translations.por.official
Expected: MongÃ³lia
     got: Mongólia
 ; [cca2=MN].translations.rus.common
Expected: ÐœÐ¾Ð½Ð³Ð¾Ð»Ð¸Ñ?
     got: ????????
 ; [cca2=MN].translations.rus.official
Expected: ÐœÐ¾Ð½Ð³Ð¾Ð»Ð¸Ñ?
     got: ????????
 ; [cca2=MN].translations.srp.common
Expected: ÐœÐ¾Ð½Ð³Ð¾Ð»Ð¸Ñ˜Ð°
     got: ?????????
 ; [cca2=MN].translations.srp.official
Expected: ÐœÐ¾Ð½Ð³Ð¾Ð»Ð¸Ñ˜Ð°
     got: ?????????
 ; [cca2=MN].translations.tur.common
Expected: MoÄŸolistan
     got: Mo?olistan
 ; [cca2=MN].translations.tur.official
Expected: MoÄŸolistan
     got: Mo?olistan
 ; [cca2=MN].translations.urd.common
Expected: Ù…Ù†Ú¯ÙˆÙ„ÛŒØ§
     got: ???????
 ; [cca2=MN].translations.urd.official
Expected: Ù…Ù†Ú¯ÙˆÙ„ÛŒØ§
     got: ???????
 ; [cca2=MN].translations.zho.common
Expected: è’™å?¤
     got: ??
 ; [cca2=MN].translations.zho.official
Expected: è’™å?¤
     got: ??
 ; [cca2=MO].altSpellings[]
Expected: æ¾³é—¨
     but none found
 ; [cca2=MO].altSpellings[]
Expected: ä¸­è?¯äººæ°‘å…±å’Œåœ‹æ¾³é–€ç‰¹åˆ¥è¡Œæ”¿å?€
     but none found
 ; [cca2=MO].altSpellings[]
Expected: RegiÃ£o Administrativa Especial de Macau da RepÃºblica Popular da China
     but none found
 ; [cca2=MO].altSpellings[]
Unexpected: ??????????????
 ; [cca2=MO].altSpellings[]
Unexpected: ??
 ; [cca2=MO].altSpellings[]
Unexpected: Região Administrativa Especial de Macau da República Popular da China
 ; [cca2=MO].flag
Expected: ðŸ‡²ðŸ‡´
     got: ??
 ; [cca2=MO].name.nativeName.por.official
Expected: RegiÃ£o Administrativa Especial de Macau da RepÃºblica Popular da China
     got: Região Administrativa Especial de Macau da República Popular da China
 ; [cca2=MO].name.nativeName.zho.common
Expected: æ¾³é—¨
     got: ??
 ; [cca2=MO].name.nativeName.zho.official
Expected: ä¸­å?Žäººæ°‘å…±å’Œå›½æ¾³é—¨ç‰¹åˆ«è¡Œæ”¿åŒº
     got: ??????????????
 ; [cca2=MO].translations.ara.common
Expected: Ù…Ø§ÙƒØ§Ùˆ
     got: ?????
 ; [cca2=MO].translations.ara.official
Expected: Ù…Ù†Ø·Ù‚Ø© Ù…Ø§ÙƒØ§Ùˆ Ø§Ù„Ø¥Ø¯Ø§Ø±ÙŠØ© Ø§Ù„ØªØ§Ø¨Ø¹Ø© Ù„Ø¬Ù…Ù‡ÙˆØ±ÙŠØ© Ø§Ù„ØµÙŠÙ† Ø§Ù„Ø´Ø¹Ø¨ÙŠØ©
     got: ????? ????? ???????? ??????? ???????? ????? ???????
 ; [cca2=MO].translations.ces.official
Expected: ZvlÃ¡Å¡tnÃ­ sprÃ¡vnÃ­ oblast ÄŒÃ­nskÃ© lidovÃ© republiky Macao
     got: Zvláštní správní oblast ?ínské lidové republiky Macao
 ; [cca2=MO].translations.fra.official
Expected: RÃ©gion administrative spÃ©ciale de Macao de la RÃ©publique populaire de Chine
     got: Région administrative spéciale de Macao de la République populaire de Chine
 ; [cca2=MO].translations.hrv.official
Expected: Makao Posebnog upravnog podruÄ?jaNarodne Republike Kine
     got: Makao Posebnog upravnog podru?jaNarodne Republike Kine
 ; [cca2=MO].translations.hun.common
Expected: MakaÃ³
     got: Makaó
 ; [cca2=MO].translations.hun.official
Expected: MakaÃ³
     got: Makaó
 ; [cca2=MO].translations.jpn.common
Expected: ãƒžã‚«ã‚ª
     got: ???
 ; [cca2=MO].translations.jpn.official
Expected: ä¸­è?¯äººæ°‘å…±å’Œå›½ãƒžã‚«ã‚ªç‰¹åˆ¥è¡Œæ”¿åŒº
     got: ???????????????
 ; [cca2=MO].translations.kor.common
Expected: ë§ˆì¹´ì˜¤
     got: ???
 ; [cca2=MO].translations.kor.official
Expected: ì¤‘í™”ì?¸ë¯¼ê³µí™”êµ­ ë§ˆì¹´ì˜¤ íŠ¹ë³„í–‰ì •êµ¬
     got: ??????? ??? ?????
 ; [cca2=MO].translations.per.common
Expected: Ù…Ø§Ú©Ø§Ø¦Ùˆ
     got: ??????
 ; [cca2=MO].translations.per.official
Expected: Ù…Ø§Ú©Ø§Ø¦Ùˆ
     got: ??????
 ; [cca2=MO].translations.pol.official
Expected: Specjalny Region Administracyjny ChiÅ„skiej Republiki Ludowej Makau
     got: Specjalny Region Administracyjny Chi?skiej Republiki Ludowej Makau
 ; [cca2=MO].translations.por.official
Expected: Macau RegiÃ£o Administrativa Especial da RepÃºblica Popular da China
     got: Macau Região Administrativa Especial da República Popular da China
 ; [cca2=MO].translations.rus.common
Expected: ÐœÐ°ÐºÐ°Ð¾
     got: ?????
 ; [cca2=MO].translations.rus.official
Expected: Ð¡Ð¿ÐµÑ†Ð¸Ð°Ð»ÑŒÐ½Ñ‹Ð¹ Ð°Ð´Ð¼Ð¸Ð½Ð¸Ñ?Ñ‚Ñ€Ð°Ñ‚Ð¸Ð²Ð½Ñ‹Ð¹ Ñ€Ð°Ð¹Ð¾Ð½ ÐœÐ°ÐºÐ°Ð¾ ÐšÐ¸Ñ‚Ð°Ð¹Ñ?ÐºÐ¾Ð¹ Ð?Ð°Ñ€Ð¾Ð´Ð½Ð¾Ð¹ Ð ÐµÑ?Ð¿ÑƒÐ±Ð»Ð¸ÐºÐ¸ ÐšÐ¸Ñ‚Ð°Ð¹
     got: ??????????? ???????????????? ????? ????? ????????? ???????? ?????????? ?????
 ; [cca2=MO].translations.slk.official
Expected: Macao, Å peciÃ lna administratÃ­vna oblasÅ¦
     got: Macao, Špeciàlna administratívna oblas?
 ; [cca2=MO].translations.spa.official
Expected: Macao, RegiÃ³n Administrativa Especial de la RepÃºblica Popular China
     got: Macao, Región Administrativa Especial de la República Popular China
 ; [cca2=MO].translations.srp.common
Expected: ÐœÐ°ÐºÐ°Ð¾
     got: ?????
 ; [cca2=MO].translations.srp.official
Expected: ÐœÐ°ÐºÐ°Ð¾ Ñ?Ð¿ÐµÑ†Ð¸Ñ˜Ð°Ð»Ð½Ð° Ð°Ð´Ð¼Ð¸Ð½Ð¸Ñ?Ñ‚Ñ€Ð°Ñ‚Ð¸Ð²Ð½Ð° Ð¾Ð±Ð»Ð°Ñ?Ñ‚ Ð?Ð°Ñ€Ð¾Ð´Ð½Ðµ Ð ÐµÐ¿ÑƒÐ±Ð»Ð¸ÐºÐµ ÐšÐ¸Ð½Ðµ
     got: ????? ?????????? ??????????????? ?????? ??????? ????????? ????
 ; [cca2=MO].translations.tur.official
Expected: Ã‡in Halk Cumhuriyeti Makao Ã–zel Ä°dari BÃ¶lgesi
     got: Çin Halk Cumhuriyeti Makao Özel ?dari Bölgesi
 ; [cca2=MO].translations.urd.common
Expected: Ù…Ú©Ø§Ø¤
     got: ????
 ; [cca2=MO].translations.urd.official
Expected: Ù…Ú©Ø§Ø¤ Ø¹ÙˆØ§Ù…ÛŒ Ø¬Ù…Û?ÙˆØ±ÛŒÛ? Ú†ÛŒÙ† Ú©Ø§ Ø®ØµÙˆØµÛŒ Ø§Ù†ØªØ¸Ø§Ù…ÛŒ Ø¹Ù„Ø§Ù‚Û?
     got: ???? ????? ??????? ??? ?? ????? ??????? ?????
 ; [cca2=MP].altSpellings[]
Expected: Sankattan Siha Na Islas MariÃ¥nas
     but none found
 ; [cca2=MP].altSpellings[]
Unexpected: Sankattan Siha Na Islas Mariånas
 ; [cca2=MP].demonyms.fra.f
Expected: AmÃ©ricaine
     got: Américaine
 ; [cca2=MP].demonyms.fra.m
Expected: AmÃ©rican
     got: Américan
 ; [cca2=MP].flag
Expected: ðŸ‡²ðŸ‡µ
     got: ??
 ; [cca2=MP].name.nativeName.cha.common
Expected: Na Islas MariÃ¥nas
     got: Na Islas Mariånas
 ; [cca2=MP].name.nativeName.cha.official
Expected: Sankattan Siha Na Islas MariÃ¥nas
     got: Sankattan Siha Na Islas Mariånas
 ; [cca2=MP].translations.ara.common
Expected: Ø¬Ø²Ø± Ù…Ø§Ø±ÙŠØ§Ù†Ø§ Ø§Ù„Ø´Ù…Ø§Ù„ÙŠØ©
     got: ??? ??????? ????????
 ; [cca2=MP].translations.ara.official
Expected: ÙƒÙˆÙ…ÙˆÙ†ÙˆÙ„Ø« Ø¬Ø²Ø± Ù…Ø§Ø±ÙŠØ§Ù†Ø§ Ø§Ù„Ø´Ù…Ø§Ù„ÙŠØ©
     got: ???????? ??? ??????? ????????
 ; [cca2=MP].translations.ces.common
Expected: SevernÃ­ Mariany
     got: Severní Mariany
 ; [cca2=MP].translations.ces.official
Expected: SpoleÄ?enstvÃ­ SevernÃ­ch Marian
     got: Spole?enství Severních Marian
 ; [cca2=MP].translations.deu.common
Expected: NÃ¶rdliche Marianen
     got: Nördliche Marianen
 ; [cca2=MP].translations.deu.official
Expected: Commonwealth der NÃ¶rdlichen Marianen
     got: Commonwealth der Nördlichen Marianen
 ; [cca2=MP].translations.est.common
Expected: PÃµhja-Mariaanid
     got: Põhja-Mariaanid
 ; [cca2=MP].translations.est.official
Expected: PÃµhja-Mariaani Ãœhendus
     got: Põhja-Mariaani Ühendus
 ; [cca2=MP].translations.fra.common
Expected: ÃŽles Mariannes du Nord
     got: Îles Mariannes du Nord
 ; [cca2=MP].translations.fra.official
Expected: Commonwealth des Ã®les Mariannes du Nord
     got: Commonwealth des îles Mariannes du Nord
 ; [cca2=MP].translations.hun.common
Expected: Ã‰szaki-Mariana-szigetek
     got: Északi-Mariana-szigetek
 ; [cca2=MP].translations.hun.official
Expected: Ã‰szaki-Mariana-szigetek
     got: Északi-Mariana-szigetek
 ; [cca2=MP].translations.jpn.common
Expected: åŒ—ãƒžãƒªã‚¢ãƒŠè«¸å³¶
     got: ???????
 ; [cca2=MP].translations.jpn.official
Expected: åŒ—ãƒžãƒªã‚¢ãƒŠè«¸å³¶
     got: ???????
 ; [cca2=MP].translations.kor.common
Expected: ë¶?ë§ˆë¦¬ì•„ë‚˜ ì œë?„
     got: ????? ??
 ; [cca2=MP].translations.kor.official
Expected: ë¶?ë§ˆë¦¬ì•„ë‚˜ ì œë?„
     got: ????? ??
 ; [cca2=MP].translations.per.common
Expected: Ø¬Ø²Ø§ÛŒØ± Ù…Ø§Ø±ÛŒØ§Ù†Ø§ÛŒ Ø´Ù…Ø§Ù„ÛŒ
     got: ????? ???????? ?????
 ; [cca2=MP].translations.per.official
Expected: Ø¬Ø²Ø§ÛŒØ± Ù…Ø§Ø±ÛŒØ§Ù†Ø§ÛŒ Ø´Ù…Ø§Ù„ÛŒ
     got: ????? ???????? ?????
 ; [cca2=MP].translations.pol.common
Expected: Mariany PÃ³Å‚nocne
     got: Mariany Pó?nocne
 ; [cca2=MP].translations.pol.official
Expected: WspÃ³lnota MarianÃ³w PÃ³Å‚nocnych
     got: Wspólnota Marianów Pó?nocnych
 ; [cca2=MP].translations.rus.common
Expected: Ð¡ÐµÐ²ÐµÑ€Ð½Ñ‹Ðµ ÐœÐ°Ñ€Ð¸Ð°Ð½Ñ?ÐºÐ¸Ðµ Ð¾Ñ?Ñ‚Ñ€Ð¾Ð²Ð°
     got: ???????? ?????????? ???????
 ; [cca2=MP].translations.rus.official
Expected: Ð¡Ð¾Ð´Ñ€ÑƒÐ¶ÐµÑ?Ñ‚Ð²Ð¾ Ð¡ÐµÐ²ÐµÑ€Ð½Ñ‹Ñ… ÐœÐ°Ñ€Ð¸Ð°Ð½Ñ?ÐºÐ¸Ñ… Ð¾Ñ?Ñ‚Ñ€Ð¾Ð²Ð¾Ð²
     got: ??????????? ???????? ?????????? ????????
 ; [cca2=MP].translations.slk.common
Expected: SevernÃ© MariÃ¡ny
     got: Severné Mariány
 ; [cca2=MP].translations.slk.official
Expected: SpoloÄ?enstvo ostrovov SevernÃ© MariÃ¡ny
     got: Spolo?enstvo ostrovov Severné Mariány
 ; [cca2=MP].translations.srp.common
Expected: Ð¡ÐµÐ²ÐµÑ€Ð½Ð° ÐœÐ°Ñ€Ð¸Ñ˜Ð°Ð½Ñ?ÐºÐ° ÐžÑ?Ñ‚Ñ€Ð²Ð°
     got: ??????? ?????????? ??????
 ; [cca2=MP].translations.srp.official
Expected: ÐšÐ¾Ð¼Ð¾Ð½Ð²ÐµÐ»Ñ‚ Ð¡ÐµÐ²ÐµÑ€Ð½Ð° ÐœÐ°Ñ€Ð¸Ñ˜Ð°Ð½Ñ?ÐºÐ° ÐžÑ?Ñ‚Ñ€Ð²Ð°
     got: ????????? ??????? ?????????? ??????
 ; [cca2=MP].translations.tur.common
Expected: Kuzey Mariana AdalarÄ±
     got: Kuzey Mariana Adalar?
 ; [cca2=MP].translations.tur.official
Expected: Kuzey Mariana AdalarÄ± Milletler TopluluÄŸu
     got: Kuzey Mariana Adalar? Milletler Toplulu?u
 ; [cca2=MP].translations.urd.common
Expected: Ø¬Ø²Ø§Ø¦Ø± Ø´Ù…Ø§Ù„ÛŒ Ù…Ø§Ø±ÛŒØ§Ù†Ø§
     got: ????? ????? ???????
 ; [cca2=MP].translations.urd.official
Expected: Ø¯ÙˆÙ„ØªÙ? Ù…Ø´ØªØ±Ú©Û? Ø¬Ø²Ø§Ø¦Ø± Ø´Ù…Ø§Ù„ÛŒ Ù…Ø§Ø±ÛŒØ§Ù†Ø§
     got: ????? ?????? ????? ????? ???????
 ; [cca2=MP].translations.zho.common
Expected: åŒ—é©¬é‡Œäºšçº³ç¾¤å²›
     got: ???????
 ; [cca2=MP].translations.zho.official
Expected: åŒ—é©¬é‡Œäºšçº³ç¾¤å²›
     got: ???????
 ; [cca2=MQ].currencies.EUR.symbol
Expected: â‚¬
     got: €
 ; [cca2=MQ].flag
Expected: ðŸ‡²ðŸ‡¶
     got: ??
 ; [cca2=MQ].translations.ara.common
Expected: Ù…Ø§Ø±ØªÙŠÙ†ÙŠÙƒ
     got: ????????
 ; [cca2=MQ].translations.ara.official
Expected: Ù…Ø§Ø±ØªÙŠÙ†ÙŠÙƒ
     got: ????????
 ; [cca2=MQ].translations.est.official
Expected: Martiniqueâ€™i departemang
     got: Martinique’i departemang
 ; [cca2=MQ].translations.jpn.common
Expected: ãƒžãƒ«ãƒ†ã‚£ãƒ‹ãƒ¼ã‚¯
     got: ???????
 ; [cca2=MQ].translations.jpn.official
Expected: ãƒžãƒ«ãƒ†ã‚£ãƒ‹ãƒ¼ã‚¯å³¶
     got: ????????
 ; [cca2=MQ].translations.kor.common
Expected: ë§ˆë¥´í‹°ë‹ˆí?¬
     got: ?????
 ; [cca2=MQ].translations.kor.official
Expected: ë§ˆë¥´í‹°ë‹ˆí?¬
     got: ?????
 ; [cca2=MQ].translations.per.common
Expected: Ù…Ø§Ø±ØªÛŒÙ†ÛŒÚ©
     got: ????????
 ; [cca2=MQ].translations.per.official
Expected: Ù…Ø§Ø±ØªÛŒÙ†ÛŒÚ©
     got: ????????
 ; [cca2=MQ].translations.rus.common
Expected: ÐœÐ°Ñ€Ñ‚Ð¸Ð½Ð¸ÐºÐ°
     got: ?????????
 ; [cca2=MQ].translations.rus.official
Expected: ÐœÐ°Ñ€Ñ‚Ð¸Ð½Ð¸ÐºÐ°
     got: ?????????
 ; [cca2=MQ].translations.srp.common
Expected: ÐœÐ°Ñ€Ñ‚Ð¸Ð½Ð¸Ðº
     got: ????????
 ; [cca2=MQ].translations.srp.official
Expected: ÐœÐ°Ñ€Ñ‚Ð¸Ð½Ð¸Ðº
     got: ????????
 ; [cca2=MQ].translations.urd.common
Expected: Ù…Ø§Ø±Ù¹ÛŒÙ†ÛŒÚ©
     got: ????????
 ; [cca2=MQ].translations.urd.official
Expected: Ù…Ø§Ø±Ù¹ÛŒÙ†ÛŒÚ©
     got: ????????
 ; [cca2=MQ].translations.zho.common
Expected: é©¬æ??å°¼å…‹
     got: ????
 ; [cca2=MQ].translations.zho.official
Expected: é©¬æ??å°¼å…‹
     got: ????
 ; [cca2=MR].altSpellings[]
Expected: al-JumhÅ«riyyah al-Ê¾IslÄ?miyyah al-MÅ«rÄ«tÄ?niyyah
     but none found
 ; [cca2=MR].altSpellings[]
Unexpected: al-Jumh?riyyah al-?Isl?miyyah al-M?r?t?niyyah
 ; [cca2=MR].flag
Expected: ðŸ‡²ðŸ‡·
     got: ??
 ; [cca2=MR].name.nativeName.ara.common
Expected: Ù…ÙˆØ±ÙŠØªØ§Ù†ÙŠØ§
     got: ?????????
 ; [cca2=MR].name.nativeName.ara.official
Expected: Ø§Ù„Ø¬Ù…Ù‡ÙˆØ±ÙŠØ© Ø§Ù„Ø¥Ø³Ù„Ø§Ù…ÙŠØ© Ø§Ù„Ù…ÙˆØ±ÙŠØªØ§Ù†ÙŠØ©
     got: ????????? ????????? ???????????
 ; [cca2=MR].translations.ara.common
Expected: Ù…ÙˆØ±ÙŠØªØ§Ù†ÙŠØ§
     got: ?????????
 ; [cca2=MR].translations.ara.official
Expected: Ø§Ù„Ø¬Ù…Ù‡ÙˆØ±ÙŠØ© Ø§Ù„Ø¥Ø³Ù„Ø§Ù…ÙŠØ© Ø§Ù„Ù…ÙˆØ±ÙŠØªØ§Ù†ÙŠØ©
     got: ????????? ????????? ???????????
 ; [cca2=MR].translations.ces.common
Expected: MauritÃ¡nie
     got: Mauritánie
 ; [cca2=MR].translations.ces.official
Expected: MauritÃ¡nskÃ¡ islÃ¡mskÃ¡ republika
     got: Mauritánská islámská republika
 ; [cca2=MR].translations.fra.official
Expected: RÃ©publique islamique de Mauritanie
     got: République islamique de Mauritanie
 ; [cca2=MR].translations.hun.common
Expected: MauritÃ¡nia
     got: Mauritánia
 ; [cca2=MR].translations.hun.official
Expected: MauritÃ¡niai IszlÃ¡m KÃ¶ztÃ¡rsasÃ¡g
     got: Mauritániai Iszlám Köztársaság
 ; [cca2=MR].translations.jpn.common
Expected: ãƒ¢ãƒ¼ãƒªã‚¿ãƒ‹ã‚¢
     got: ??????
 ; [cca2=MR].translations.jpn.official
Expected: ãƒ¢ãƒ¼ãƒªã‚¿ãƒ‹ã‚¢Â·ã‚¤ã‚¹ãƒ©ãƒ å…±å’Œå›½
     got: ??????·???????
 ; [cca2=MR].translations.kor.common
Expected: ëª¨ë¦¬íƒ€ë‹ˆ
     got: ????
 ; [cca2=MR].translations.kor.official
Expected: ëª¨ë¦¬íƒ€ë‹ˆ ì?´ìŠ¬ëžŒ ê³µí™”êµ­
     got: ???? ??? ???
 ; [cca2=MR].translations.nld.common
Expected: MauritaniÃ«
     got: Mauritanië
 ; [cca2=MR].translations.nld.official
Expected: Islamitische Republiek MauritaniÃ«
     got: Islamitische Republiek Mauritanië
 ; [cca2=MR].translations.per.common
Expected: Ù…ÙˆØ±ÛŒØªØ§Ù†ÛŒ
     got: ????????
 ; [cca2=MR].translations.per.official
Expected: Ø¬Ù…Ù‡ÙˆØ±ÛŒ Ø§Ø³Ù„Ø§Ù…ÛŒ Ù…ÙˆØ±ÛŒØªØ§Ù†ÛŒ
     got: ?????? ?????? ????????
 ; [cca2=MR].translations.pol.official
Expected: Islamska Republika MauretaÅ„ska
     got: Islamska Republika Maureta?ska
 ; [cca2=MR].translations.por.common
Expected: MauritÃ¢nia
     got: Mauritânia
 ; [cca2=MR].translations.por.official
Expected: RepÃºblica IslÃ¢mica da MauritÃ¢nia
     got: República Islâmica da Mauritânia
 ; [cca2=MR].translations.rus.common
Expected: ÐœÐ°Ð²Ñ€Ð¸Ñ‚Ð°Ð½Ð¸Ñ?
     got: ??????????
 ; [cca2=MR].translations.rus.official
Expected: Ð˜Ñ?Ð»Ð°Ð¼Ñ?ÐºÐ°Ñ? Ð ÐµÑ?Ð¿ÑƒÐ±Ð»Ð¸ÐºÐ° ÐœÐ°Ð²Ñ€Ð¸Ñ‚Ð°Ð½Ð¸Ñ?
     got: ????????? ?????????? ??????????
 ; [cca2=MR].translations.slk.common
Expected: MauritÃ¡nia
     got: Mauritánia
 ; [cca2=MR].translations.slk.official
Expected: MauritÃ¡nska islamskÃ¡ republika
     got: Mauritánska islamská republika
 ; [cca2=MR].translations.spa.official
Expected: RepÃºblica IslÃ¡mica de Mauritania
     got: República Islámica de Mauritania
 ; [cca2=MR].translations.srp.common
Expected: ÐœÐ°ÑƒÑ€Ð¸Ñ‚Ð°Ð½Ð¸Ñ˜Ð°
     got: ???????????
 ; [cca2=MR].translations.srp.official
Expected: Ð˜Ñ?Ð»Ð°Ð¼Ñ?ÐºÐ° Ð ÐµÐ¿ÑƒÐ±Ð»Ð¸ÐºÐ° ÐœÐ°ÑƒÑ€Ð¸Ñ‚Ð°Ð½Ð¸Ñ˜Ð°
     got: ???????? ????????? ???????????
 ; [cca2=MR].translations.tur.official
Expected: Moritanya Ä°slam Cumhuriyeti
     got: Moritanya ?slam Cumhuriyeti
 ; [cca2=MR].translations.urd.common
Expected: Ù…ÙˆØ±ÛŒØªØ§Ù†ÛŒÛ?
     got: ?????????
 ; [cca2=MR].translations.urd.official
Expected: Ø§Ø³Ù„Ø§Ù…ÛŒ Ø¬Ù…Û?ÙˆØ±ÛŒÛ? Ù…ÙˆØ±ÛŒØªØ§Ù†ÛŒÛ?
     got: ?????? ??????? ?????????
 ; [cca2=MR].translations.zho.common
Expected: æ¯›é‡Œå¡”å°¼äºš
     got: ?????
 ; [cca2=MR].translations.zho.official
Expected: æ¯›é‡Œå¡”å°¼äºšä¼Šæ–¯å…°å…±å’Œå›½
     got: ???????????
 ; [cca2=MS].flag
Expected: ðŸ‡²ðŸ‡¸
     got: ??
 ; [cca2=MS].translations.ara.common
Expected: Ù…ÙˆÙ†ØªØ³Ø±Ø§Øª
     got: ????????
 ; [cca2=MS].translations.ara.official
Expected: Ù…ÙˆÙ†ØªØ³Ø±Ø§Øª
     got: ????????
 ; [cca2=MS].translations.jpn.common
Expected: ãƒ¢ãƒ³ãƒˆã‚»ãƒ©ãƒˆ
     got: ??????
 ; [cca2=MS].translations.jpn.official
Expected: ãƒ¢ãƒ³ãƒˆã‚»ãƒ©ãƒˆ
     got: ??????
 ; [cca2=MS].translations.kor.common
Expected: ëª¬íŠ¸ì„¸ëž«
     got: ????
 ; [cca2=MS].translations.kor.official
Expected: ëª¬íŠ¸ì„¸ëž«
     got: ????
 ; [cca2=MS].translations.per.common
Expected: Ù…ÙˆÙ†ØªØ³Ø±Ø§Øª
     got: ????????
 ; [cca2=MS].translations.per.official
Expected: Ù…ÙˆÙ†ØªØ³Ø±Ø§Øª
     got: ????????
 ; [cca2=MS].translations.rus.common
Expected: ÐœÐ¾Ð½Ñ‚Ñ?ÐµÑ€Ñ€Ð°Ñ‚
     got: ??????????
 ; [cca2=MS].translations.rus.official
Expected: ÐœÐ¾Ð½Ñ‚Ñ?ÐµÑ€Ñ€Ð°Ñ‚
     got: ??????????
 ; [cca2=MS].translations.srp.common
Expected: ÐœÐ¾Ð½Ñ‚Ñ?ÐµÑ€Ð°Ñ‚
     got: ?????????
 ; [cca2=MS].translations.srp.official
Expected: ÐœÐ¾Ð½Ñ‚Ñ?ÐµÑ€Ð°Ñ‚
     got: ?????????
 ; [cca2=MS].translations.urd.common
Expected: Ù…Ø§Ù†Ù¹Ø³Ø±ÛŒÙ¹
     got: ????????
 ; [cca2=MS].translations.urd.official
Expected: Ù…Ø§Ù†Ù¹Ø³Ø±ÛŒÙ¹
     got: ????????
 ; [cca2=MS].translations.zho.common
Expected: è’™ç‰¹å¡žæ‹‰ç‰¹
     got: ?????
 ; [cca2=MS].translations.zho.official
Expected: è’™ç‰¹å¡žæ‹‰ç‰¹
     got: ?????
 ; [cca2=MT].currencies.EUR.symbol
Expected: â‚¬
     got: €
 ; [cca2=MT].flag
Expected: ðŸ‡²ðŸ‡¹
     got: ??
 ; [cca2=MT].translations.ara.common
Expected: Ù…Ø§Ù„Ø·Ø§
     got: ?????
 ; [cca2=MT].translations.ara.official
Expected: Ø¬Ù…Ù‡ÙˆØ±ÙŠØ© Ù…Ø§Ù„Ø·Ø§
     got: ??????? ?????
 ; [cca2=MT].translations.ces.official
Expected: MaltskÃ¡ republika
     got: Maltská republika
 ; [cca2=MT].translations.fra.official
Expected: RÃ©publique de Malte
     got: République de Malte
 ; [cca2=MT].translations.hun.common
Expected: MÃ¡lta
     got: Málta
 ; [cca2=MT].translations.hun.official
Expected: MÃ¡ltai KÃ¶ztÃ¡rsasÃ¡g
     got: Máltai Köztársaság
 ; [cca2=MT].translations.jpn.common
Expected: ãƒžãƒ«ã‚¿
     got: ???
 ; [cca2=MT].translations.jpn.official
Expected: ãƒžãƒ«ã‚¿å…±å’Œå›½
     got: ??????
 ; [cca2=MT].translations.kor.common
Expected: ëª°íƒ€
     got: ??
 ; [cca2=MT].translations.kor.official
Expected: ëª°íƒ€ ê³µí™”êµ­
     got: ?? ???
 ; [cca2=MT].translations.per.common
Expected: Ù…Ø§Ù„Øª
     got: ????
 ; [cca2=MT].translations.per.official
Expected: Ø¬Ù…Ù‡ÙˆØ±ÛŒ Ù…Ø§Ù„Øª
     got: ?????? ????
 ; [cca2=MT].translations.por.official
Expected: RepÃºblica de Malta
     got: República de Malta
 ; [cca2=MT].translations.rus.common
Expected: ÐœÐ°Ð»ÑŒÑ‚Ð°
     got: ??????
 ; [cca2=MT].translations.rus.official
Expected: Ð ÐµÑ?Ð¿ÑƒÐ±Ð»Ð¸ÐºÐ° ÐœÐ°Ð»ÑŒÑ‚Ð°
     got: ?????????? ??????
 ; [cca2=MT].translations.slk.official
Expected: MaltskÃ¡ republika
     got: Maltská republika
 ; [cca2=MT].translations.spa.official
Expected: RepÃºblica de Malta
     got: República de Malta
 ; [cca2=MT].translations.srp.common
Expected: ÐœÐ°Ð»Ñ‚Ð°
     got: ?????
 ; [cca2=MT].translations.srp.official
Expected:  Ð ÐµÐ¿ÑƒÐ±Ð»Ð¸ÐºÐ° ÐœÐ°Ð»Ñ‚Ð°
     got:  ????????? ?????
 ; [cca2=MT].translations.urd.common
Expected: Ù…Ø§Ù„Ù¹Ø§
     got: ?????
 ; [cca2=MT].translations.urd.official
Expected: Ø¬Ù…Û?ÙˆØ±ÛŒÛ? Ù…Ø§Ù„Ù¹Ø§
     got: ??????? ?????
 ; [cca2=MT].translations.zho.common
Expected: é©¬è€³ä»–
     got: ???
 ; [cca2=MT].translations.zho.official
Expected: é©¬è€³ä»–å…±å’Œå›½
     got: ??????
 ; [cca2=MU].altSpellings[]
Expected: RÃ©publique de Maurice
     but none found
 ; [cca2=MU].altSpellings[]
Unexpected: République de Maurice
 ; [cca2=MU].currencies.MUR.symbol
Expected: â‚¨
     got: ?
 ; [cca2=MU].flag
Expected: ðŸ‡²ðŸ‡º
     got: ??
 ; [cca2=MU].name.nativeName.fra.official
Expected: RÃ©publique de Maurice
     got: République de Maurice
 ; [cca2=MU].translations.ara.common
Expected: Ù…ÙˆØ±ÙŠØ´ÙŠÙˆØ³
     got: ????????
 ; [cca2=MU].translations.ara.official
Expected: Ø¬Ù…Ù‡ÙˆØ±ÙŠØ© Ù…ÙˆØ±ÙŠØ´ÙŠÙˆØ³
     got: ??????? ????????
 ; [cca2=MU].translations.ces.official
Expected: MauricijskÃ¡ republika
     got: Mauricijská republika
 ; [cca2=MU].translations.fra.common
Expected: ÃŽle Maurice
     got: Île Maurice
 ; [cca2=MU].translations.fra.official
Expected: RÃ©publique de Maurice
     got: République de Maurice
 ; [cca2=MU].translations.hun.official
Expected: Mauritiusi KÃ¶ztÃ¡rsasÃ¡g
     got: Mauritiusi Köztársaság
 ; [cca2=MU].translations.jpn.common
Expected: ãƒ¢ãƒ¼ãƒªã‚·ãƒ£ã‚¹
     got: ??????
 ; [cca2=MU].translations.jpn.official
Expected: ãƒ¢ãƒ¼ãƒªã‚·ãƒ£ã‚¹å…±å’Œå›½
     got: ?????????
 ; [cca2=MU].translations.kor.common
Expected: ëª¨ë¦¬ì…”ìŠ¤
     got: ????
 ; [cca2=MU].translations.kor.official
Expected: ëª¨ë¦¬ì…”ìŠ¤ ê³µí™”êµ­
     got: ???? ???
 ; [cca2=MU].translations.per.common
Expected: Ù…ÙˆØ±ÛŒØ³
     got: ?????
 ; [cca2=MU].translations.per.official
Expected: Ø¬Ù…Ù‡ÙˆØ±ÛŒ Ù…ÙˆØ±ÛŒØ³
     got: ?????? ?????
 ; [cca2=MU].translations.por.common
Expected: MaurÃ­cio
     got: Maurício
 ; [cca2=MU].translations.por.official
Expected: RepÃºblica das MaurÃ­cias
     got: República das Maurícias
 ; [cca2=MU].translations.rus.common
Expected: ÐœÐ°Ð²Ñ€Ð¸ÐºÐ¸Ð¹
     got: ????????
 ; [cca2=MU].translations.rus.official
Expected: Ð ÐµÑ?Ð¿ÑƒÐ±Ð»Ð¸ÐºÐ° ÐœÐ°Ð²Ñ€Ð¸ÐºÐ¸Ð¹
     got: ?????????? ????????
 ; [cca2=MU].translations.slk.common
Expected: MaurÃ­cius
     got: Maurícius
 ; [cca2=MU].translations.slk.official
Expected: MaurÃ­cijskÃ¡ republika
     got: Maurícijská republika
 ; [cca2=MU].translations.spa.official
Expected: RepÃºblica de Mauricio
     got: República de Mauricio
 ; [cca2=MU].translations.srp.common
Expected: ÐœÐ°ÑƒÑ€Ð¸Ñ†Ð¸Ñ˜ÑƒÑ?
     got: ??????????
 ; [cca2=MU].translations.srp.official
Expected: Ð ÐµÐ¿ÑƒÐ±Ð»Ð¸ÐºÐ° ÐœÐ°ÑƒÑ€Ð¸Ñ†Ð¸Ñ˜ÑƒÑ?
     got: ????????? ??????????
 ; [cca2=MU].translations.urd.common
Expected: Ù…ÙˆØ±ÛŒØ´Ø³
     got: ??????
 ; [cca2=MU].translations.urd.official
Expected: Ø¬Ù…Û?ÙˆØ±ÛŒÛ? Ù…ÙˆØ±ÛŒØ´Ø³
     got: ??????? ??????
 ; [cca2=MU].translations.zho.common
Expected: æ¯›é‡Œæ±‚æ–¯
     got: ????
 ; [cca2=MU].translations.zho.official
Expected: æ¯›é‡Œæ±‚æ–¯å…±å’Œå›½
     got: ???????
 ; [cca2=MV].capital[]
Expected: MalÃ©
     but none found
 ; [cca2=MV].capital[]
Unexpected: Malé
 ; [cca2=MV].currencies.MVR.symbol
Expected: .Þƒ
     got: .?
 ; [cca2=MV].flag
Expected: ðŸ‡²ðŸ‡»
     got: ??
 ; [cca2=MV].name.nativeName.div.common
Expected: Þ‹Þ¨ÞˆÞ¬Þ€Þ¨ÞƒÞ§Þ‡Þ°Þ–Þ­ÞŽÞ¬
     got: ??????????????
 ; [cca2=MV].name.nativeName.div.official
Expected: Þ‹Þ¨ÞˆÞ¬Þ€Þ¨ÞƒÞ§Þ‡Þ°Þ–Þ­ÞŽÞ¬ Þ–ÞªÞ‰Þ°Þ€Þ«ÞƒÞ¨Þ‡Þ°Þ”Þ§
     got: ?????????????? ????????????
 ; [cca2=MV].translations.ara.common
Expected: Ø§Ù„Ù…Ø§Ù„Ø¯ÙŠÙ?
     got: ????????
 ; [cca2=MV].translations.ara.official
Expected: Ø¬Ù…Ù‡ÙˆØ±ÙŠØ© Ø§Ù„Ù…Ø§Ù„Ø¯ÙŠÙ?
     got: ??????? ????????
 ; [cca2=MV].translations.ces.official
Expected: MaledivskÃ¡ republika
     got: Maledivská republika
 ; [cca2=MV].translations.fra.official
Expected: RÃ©publique des Maldives
     got: République des Maldives
 ; [cca2=MV].translations.hun.common
Expected: MaldÃ­v-szigetek
     got: Maldív-szigetek
 ; [cca2=MV].translations.hun.official
Expected: MaldÃ­v-szigetek
     got: Maldív-szigetek
 ; [cca2=MV].translations.jpn.common
Expected: ãƒ¢ãƒ«ãƒ‡ã‚£ãƒ–
     got: ?????
 ; [cca2=MV].translations.jpn.official
Expected: ãƒ¢ãƒ«ãƒ‡ã‚£ãƒ–å…±å’Œå›½
     got: ????????
 ; [cca2=MV].translations.kor.common
Expected: ëª°ë””ë¸Œ
     got: ???
 ; [cca2=MV].translations.kor.official
Expected: ëª°ë””ë¸Œ ê³µí™”êµ­
     got: ??? ???
 ; [cca2=MV].translations.per.common
Expected: Ù…Ø§Ù„Ø¯ÛŒÙˆ
     got: ??????
 ; [cca2=MV].translations.per.official
Expected: Ø¬Ù…Ù‡ÙˆØ±ÛŒ Ù…Ø§Ù„Ø¯ÛŒÙˆ
     got: ?????? ??????
 ; [cca2=MV].translations.pol.official
Expected: Republika MalediwÃ³w
     got: Republika Malediwów
 ; [cca2=MV].translations.por.official
Expected: RepÃºblica das Maldivas
     got: República das Maldivas
 ; [cca2=MV].translations.rus.common
Expected: ÐœÐ°Ð»ÑŒÐ´Ð¸Ð²Ñ‹
     got: ????????
 ; [cca2=MV].translations.rus.official
Expected: Ð ÐµÑ?Ð¿ÑƒÐ±Ð»Ð¸ÐºÐ° ÐœÐ°Ð»ÑŒÐ´Ð¸Ð²Ñ‹
     got: ?????????? ????????
 ; [cca2=MV].translations.slk.official
Expected: MaldivskÃ¡ republika
     got: Maldivská republika
 ; [cca2=MV].translations.spa.official
Expected: RepÃºblica de las Maldivas
     got: República de las Maldivas
 ; [cca2=MV].translations.srp.common
Expected: ÐœÐ°Ð»Ð´Ð¸Ð²Ð¸
     got: ???????
 ; [cca2=MV].translations.srp.official
Expected: ÐœÐ°Ð»Ð´Ð¸Ð²Ñ?ÐºÐ° Ð ÐµÐ¿ÑƒÐ±Ð»Ð¸ÐºÐ°
     got: ????????? ?????????
 ; [cca2=MV].translations.urd.common
Expected: Ù…Ø§Ù„Ø¯ÛŒÙ¾
     got: ??????
 ; [cca2=MV].translations.urd.official
Expected: Ø¬Ù…Û?ÙˆØ±ÛŒÛ? Ù…Ø§Ù„Ø¯ÛŒÙ¾
     got: ??????? ??????
 ; [cca2=MV].translations.zho.common
Expected: é©¬å°”ä»£å¤«
     got: ????
 ; [cca2=MV].translations.zho.official
Expected: é©¬å°”ä»£å¤«å…±å’Œå›½
     got: ???????
 ; [cca2=MW].flag
Expected: ðŸ‡²ðŸ‡¼
     got: ??
 ; [cca2=MW].name.nativeName.nya.common
Expected: MalaÅµi
     got: Mala?i
 ; [cca2=MW].name.nativeName.nya.official
Expected: Chalo cha Malawi, Dziko la MalaÅµi
     got: Chalo cha Malawi, Dziko la Mala?i
 ; [cca2=MW].translations.ara.common
Expected: Ù…Ø§Ù„Ø§ÙˆÙŠ
     got: ??????
 ; [cca2=MW].translations.ara.official
Expected: Ø¬Ù…Ù‡ÙˆØ±ÙŠØ© Ù…Ø§Ù„Ø§ÙˆÙŠ
     got: ??????? ??????
 ; [cca2=MW].translations.ces.official
Expected: MalawiskÃ¡ republika
     got: Malawiská republika
 ; [cca2=MW].translations.fra.official
Expected: RÃ©publique du Malawi
     got: République du Malawi
 ; [cca2=MW].translations.hun.official
Expected: Malawi KÃ¶ztÃ¡rsasÃ¡g
     got: Malawi Köztársaság
 ; [cca2=MW].translations.jpn.common
Expected: ãƒžãƒ©ã‚¦ã‚¤
     got: ????
 ; [cca2=MW].translations.jpn.official
Expected: ãƒžãƒ©ã‚¦ã‚¤å…±å’Œå›½
     got: ???????
 ; [cca2=MW].translations.kor.common
Expected: ë§?ë?¼ìœ„
     got: ???
 ; [cca2=MW].translations.kor.official
Expected: ë§?ë?¼ìœ„ ê³µí™”êµ­
     got: ??? ???
 ; [cca2=MW].translations.per.common
Expected: Ù…Ø§Ù„Ø§ÙˆÛŒ
     got: ??????
 ; [cca2=MW].translations.per.official
Expected: Ø¬Ù…Ù‡ÙˆØ±ÛŒ Ù…Ø§Ù„Ø§ÙˆÛŒ
     got: ?????? ??????
 ; [cca2=MW].translations.por.official
Expected: RepÃºblica do Malawi
     got: República do Malawi
 ; [cca2=MW].translations.rus.common
Expected: ÐœÐ°Ð»Ð°Ð²Ð¸
     got: ??????
 ; [cca2=MW].translations.rus.official
Expected: Ð ÐµÑ?Ð¿ÑƒÐ±Ð»Ð¸ÐºÐ° ÐœÐ°Ð»Ð°Ð²Ð¸
     got: ?????????? ??????
 ; [cca2=MW].translations.slk.official
Expected: MalawijskÃ¡ republika
     got: Malawijská republika
 ; [cca2=MW].translations.spa.official
Expected: RepÃºblica de Malawi
     got: República de Malawi
 ; [cca2=MW].translations.srp.common
Expected: ÐœÐ°Ð»Ð°Ð²Ð¸
     got: ??????
 ; [cca2=MW].translations.srp.official
Expected: Ð ÐµÐ¿ÑƒÐ±Ð»Ð¸ÐºÐ° ÐœÐ°Ð»Ð°Ð²Ð¸
     got: ????????? ??????
 ; [cca2=MW].translations.urd.common
Expected: Ù…Ù„Ø§ÙˆÛŒ
     got: ?????
 ; [cca2=MW].translations.urd.official
Expected: Ø¬Ù…Û?ÙˆØ±ÛŒÛ? Ù…Ù„Ø§ÙˆÛŒ
     got: ??????? ?????
 ; [cca2=MW].translations.zho.common
Expected: é©¬æ‹‰ç»´
     got: ???
 ; [cca2=MW].translations.zho.official
Expected: é©¬æ‹‰ç»´å…±å’Œå›½
     got: ??????
 ; [cca2=MX].flag
Expected: ðŸ‡²ðŸ‡½
     got: ??
 ; [cca2=MX].name.nativeName.spa.common
Expected: MÃ©xico
     got: México
 ; [cca2=MX].translations.ara.common
Expected: Ø§Ù„Ù…Ø³ÙƒÙŠÙƒ
     got: ???????
 ; [cca2=MX].translations.ara.official
Expected: Ø§Ù„ÙˆÙ„Ø§ÙŠØ§Øª Ø§Ù„Ù…ØªØ­Ø¯Ø© Ø§Ù„Ù…ÙƒØ³ÙŠÙƒÙŠØ©
     got: ???????? ??????? ?????????
 ; [cca2=MX].translations.bre.official
Expected: StadoÃ¹-Unanet Mec'hiko
     got: Stadoù-Unanet Mec'hiko
 ; [cca2=MX].translations.ces.official
Expected: SpojenÃ© stÃ¡ty mexickÃ©
     got: Spojené státy mexické
 ; [cca2=MX].translations.est.official
Expected: Mehhiko Ãœhendriigid
     got: Mehhiko Ühendriigid
 ; [cca2=MX].translations.fra.official
Expected: Ã‰tats-Unis du Mexique
     got: États-Unis du Mexique
 ; [cca2=MX].translations.hrv.official
Expected: Sjedinjene MeksiÄ?ke DrÅ¾ave
     got: Sjedinjene Meksi?ke Države
 ; [cca2=MX].translations.hun.common
Expected: MexikÃ³
     got: Mexikó
 ; [cca2=MX].translations.hun.official
Expected: MexikÃ³i EgyesÃ¼lt Ã?llamok
     got: Mexikói Egyesült Államok
 ; [cca2=MX].translations.jpn.common
Expected: ãƒ¡ã‚­ã‚·ã‚³
     got: ????
 ; [cca2=MX].translations.jpn.official
Expected: ãƒ¡ã‚­ã‚·ã‚³å?ˆè¡†å›½
     got: ???????
 ; [cca2=MX].translations.kor.common
Expected: ë©•ì‹œì½”
     got: ???
 ; [cca2=MX].translations.kor.official
Expected: ë©•ì‹œì½” í•©ì¤‘êµ­
     got: ??? ???
 ; [cca2=MX].translations.per.common
Expected: Ù…Ú©Ø²ÛŒÚ©
     got: ?????
 ; [cca2=MX].translations.per.official
Expected: Ø§ÛŒØ§Ù„Ø§Øª Ù…ØªØ­Ø¯ Ù…Ú©Ø²ÛŒÚ©
     got: ?????? ???? ?????
 ; [cca2=MX].translations.pol.official
Expected: MeksykaÅ„skie Stany Zjednoczone
     got: Meksyka?skie Stany Zjednoczone
 ; [cca2=MX].translations.por.common
Expected: MÃ©xico
     got: México
 ; [cca2=MX].translations.rus.common
Expected: ÐœÐµÐºÑ?Ð¸ÐºÐ°
     got: ???????
 ; [cca2=MX].translations.rus.official
Expected: ÐœÐµÐºÑ?Ð¸ÐºÐ°Ð½Ñ?ÐºÐ¸Ðµ Ð¡Ð¾ÐµÐ´Ð¸Ð½Ñ‘Ð½Ð½Ñ‹Ðµ Ð¨Ñ‚Ð°Ñ‚Ñ‹
     got: ???????????? ??????????? ?????
 ; [cca2=MX].translations.slk.official
Expected: SpojenÃ© Å¡tÃ¡Å¡y mexickÃ©
     got: Spojené štášy mexické
 ; [cca2=MX].translations.spa.common
Expected: MÃ©xico
     got: México
 ; [cca2=MX].translations.srp.common
Expected: ÐœÐµÐºÑ?Ð¸ÐºÐ¾
     got: ???????
 ; [cca2=MX].translations.srp.official
Expected: Ð¡Ñ˜ÐµÐ´Ð¸ÑšÐµÐ½Ðµ ÐœÐµÐºÑ?Ð¸Ñ‡ÐºÐµ Ð”Ñ€Ð¶Ð°Ð²Ðµ
     got: ????????? ???????? ??????
 ; [cca2=MX].translations.swe.official
Expected: Mexikos fÃ¶renta stater
     got: Mexikos förenta stater
 ; [cca2=MX].translations.tur.official
Expected: BirleÅŸik Meksika Devletleri
     got: Birle?ik Meksika Devletleri
 ; [cca2=MX].translations.urd.common
Expected: Ù…ÛŒÚ©Ø³ÛŒÚ©Ùˆ
     got: ???????
 ; [cca2=MX].translations.urd.official
Expected: Ø±ÛŒØ§Ø³ØªÛ?Ø§Ø¦Û’ Ù…ØªØ­Ø¯Û? Ù…ÛŒÚ©Ø³ÛŒÚ©Ùˆ
     got: ????????? ????? ???????
 ; [cca2=MX].translations.zho.common
Expected: å¢¨è¥¿å“¥
     got: ???
 ; [cca2=MX].translations.zho.official
Expected: å¢¨è¥¿å“¥å?ˆä¼—å›½
     got: ??????
 ; [cca2=MY].flag
Expected: ðŸ‡²ðŸ‡¾
     got: ??
 ; [cca2=MY].name.nativeName.msa.common
Expected: Ù…Ù„ÙŠØ³ÙŠØ§
     got: ??????
 ; [cca2=MY].name.nativeName.msa.official
Expected: Ù…Ù„ÙŠØ³ÙŠØ§
     got: ??????
 ; [cca2=MY].translations.ara.common
Expected: Ù…Ø§Ù„ÙŠØ²ÙŠØ§
     got: ???????
 ; [cca2=MY].translations.ara.official
Expected: Ù…Ø§Ù„ÙŠØ²ÙŠØ§
     got: ???????
 ; [cca2=MY].translations.fra.official
Expected: FÃ©dÃ©ration de Malaisie
     got: Fédération de Malaisie
 ; [cca2=MY].translations.jpn.common
Expected: ãƒžãƒ¬ãƒ¼ã‚·ã‚¢
     got: ?????
 ; [cca2=MY].translations.jpn.official
Expected: ãƒžãƒ¬ãƒ¼ã‚·ã‚¢
     got: ?????
 ; [cca2=MY].translations.kor.common
Expected: ë§?ë ˆì?´ì‹œì•„
     got: ?????
 ; [cca2=MY].translations.kor.official
Expected: ë§?ë ˆì?´ì‹œì•„
     got: ?????
 ; [cca2=MY].translations.nld.common
Expected: MaleisiÃ«
     got: Maleisië
 ; [cca2=MY].translations.nld.official
Expected: MaleisiÃ«
     got: Maleisië
 ; [cca2=MY].translations.per.common
Expected: Ù…Ø§Ù„Ø²ÛŒ
     got: ?????
 ; [cca2=MY].translations.per.official
Expected: Ù?Ø¯Ø±Ø§Ø³ÛŒÙˆÙ† Ù…Ø§Ù„Ø²ÛŒ
     got: ???????? ?????
 ; [cca2=MY].translations.por.common
Expected: MalÃ¡sia
     got: Malásia
 ; [cca2=MY].translations.por.official
Expected: MalÃ¡sia
     got: Malásia
 ; [cca2=MY].translations.rus.common
Expected: ÐœÐ°Ð»Ð°Ð¹Ð·Ð¸Ñ?
     got: ????????
 ; [cca2=MY].translations.rus.official
Expected: ÐœÐ°Ð»Ð°Ð¹Ð·Ð¸Ñ?
     got: ????????
 ; [cca2=MY].translations.srp.common
Expected: ÐœÐ°Ð»ÐµÐ·Ð¸Ñ˜Ð°
     got: ????????
 ; [cca2=MY].translations.srp.official
Expected: ÐœÐ°Ð»ÐµÐ·Ð¸Ñ˜Ð°
     got: ????????
 ; [cca2=MY].translations.urd.common
Expected: Ù…Ù„Ø§Ø¦ÛŒØ´ÛŒØ§
     got: ????????
 ; [cca2=MY].translations.urd.official
Expected: Ù…Ù„Ø§Ø¦ÛŒØ´ÛŒØ§
     got: ????????
 ; [cca2=MY].translations.zho.common
Expected: é©¬æ?¥è¥¿äºš
     got: ????
 ; [cca2=MY].translations.zho.official
Expected: é©¬æ?¥è¥¿äºš
     got: ????
 ; [cca2=MZ].altSpellings[]
Expected: RepÃºblica de MoÃ§ambique
     but none found
 ; [cca2=MZ].altSpellings[]
Unexpected: República de Moçambique
 ; [cca2=MZ].flag
Expected: ðŸ‡²ðŸ‡¿
     got: ??
 ; [cca2=MZ].name.nativeName.por.common
Expected: MoÃ§ambique
     got: Moçambique
 ; [cca2=MZ].name.nativeName.por.official
Expected: RepÃºblica de MoÃ§ambique
     got: República de Moçambique
 ; [cca2=MZ].translations.ara.common
Expected: Ù…ÙˆØ²Ù…Ø¨ÙŠÙ‚
     got: ???????
 ; [cca2=MZ].translations.ara.official
Expected: Ø¬Ù…Ù‡ÙˆØ±ÙŠØ© Ù…ÙˆØ²Ù…Ø¨ÙŠÙ‚
     got: ??????? ???????
 ; [cca2=MZ].translations.ces.official
Expected: MosambickÃ¡ republika
     got: Mosambická republika
 ; [cca2=MZ].translations.fra.official
Expected: RÃ©publique du Mozambique
     got: République du Mozambique
 ; [cca2=MZ].translations.hun.official
Expected: Mozambiki KÃ¶ztÃ¡rsasÃ¡g
     got: Mozambiki Köztársaság
 ; [cca2=MZ].translations.jpn.common
Expected: ãƒ¢ã‚¶ãƒ³ãƒ“ãƒ¼ã‚¯
     got: ??????
 ; [cca2=MZ].translations.jpn.official
Expected: ãƒ¢ã‚¶ãƒ³ãƒ“ãƒ¼ã‚¯å…±å’Œå›½
     got: ?????????
 ; [cca2=MZ].translations.kor.common
Expected: ëª¨ìž ë¹„í?¬
     got: ????
 ; [cca2=MZ].translations.kor.official
Expected: ëª¨ìž ë¹„í?¬ ê³µí™”êµ­
     got: ???? ???
 ; [cca2=MZ].translations.per.common
Expected: Ù…ÙˆØ²Ø§Ù…Ø¨ÛŒÚ©
     got: ????????
 ; [cca2=MZ].translations.per.official
Expected: Ø¬Ù…Ù‡ÙˆØ±ÛŒ Ù…ÙˆØ²Ø§Ù…Ø¨ÛŒÚ©
     got: ?????? ????????
 ; [cca2=MZ].translations.por.common
Expected: MoÃ§ambique
     got: Moçambique
 ; [cca2=MZ].translations.por.official
Expected: RepÃºblica de MoÃ§ambique
     got: República de Moçambique
 ; [cca2=MZ].translations.rus.common
Expected: ÐœÐ¾Ð·Ð°Ð¼Ð±Ð¸Ðº
     got: ????????
 ; [cca2=MZ].translations.rus.official
Expected: Ð ÐµÑ?Ð¿ÑƒÐ±Ð»Ð¸ÐºÐ° ÐœÐ¾Ð·Ð°Ð¼Ð±Ð¸Ðº
     got: ?????????? ????????
 ; [cca2=MZ].translations.slk.official
Expected: MozambickÃ¡ republika
     got: Mozambická republika
 ; [cca2=MZ].translations.spa.official
Expected: RepÃºblica de Mozambique
     got: República de Mozambique
 ; [cca2=MZ].translations.srp.common
Expected: ÐœÐ¾Ð·Ð°Ð¼Ð±Ð¸Ðº
     got: ????????
 ; [cca2=MZ].translations.srp.official
Expected: Ð ÐµÐ¿ÑƒÐ±Ð»Ð¸ÐºÐ° ÐœÐ¾Ð·Ð°Ð¼Ð±Ð¸Ðº
     got: ????????? ????????
 ; [cca2=MZ].translations.swe.common
Expected: MoÃ§ambique
     got: Moçambique
 ; [cca2=MZ].translations.swe.official
Expected: Republiken MoÃ§ambique
     got: Republiken Moçambique
 ; [cca2=MZ].translations.urd.common
Expected: Ù…ÙˆØ²Ù…Ø¨ÛŒÙ‚
     got: ???????
 ; [cca2=MZ].translations.urd.official
Expected: Ø¬Ù…Û?ÙˆØ±ÛŒÛ? Ù…ÙˆØ²Ù…Ø¨ÛŒÙ‚
     got: ??????? ???????
 ; [cca2=MZ].translations.zho.common
Expected: èŽ«æ¡‘æ¯”å…‹
     got: ????
 ; [cca2=MZ].translations.zho.official
Expected: èŽ«æ¡‘æ¯”å…‹å…±å’Œå›½
     got: ???????
 ; [cca2=NA].altSpellings[]
Expected: NamibiÃ«
     but none found
 ; [cca2=NA].altSpellings[]
Unexpected: Namibië
 ; [cca2=NA].flag
Expected: ðŸ‡³ðŸ‡¦
     got: ??
 ; [cca2=NA].name.nativeName.afr.common
Expected: NamibiÃ«
     got: Namibië
 ; [cca2=NA].name.nativeName.afr.official
Expected: Republiek van NamibiÃ«
     got: Republiek van Namibië
 ; [cca2=NA].translations.ara.common
Expected: Ù†Ø§Ù…ÙŠØ¨ÙŠØ§
     got: ???????
 ; [cca2=NA].translations.ara.official
Expected: Ø¬Ù…Ù‡ÙˆØ±ÙŠØ© Ù†Ø§Ù…ÙŠØ¨ÙŠØ§
     got: ??????? ???????
 ; [cca2=NA].translations.ces.official
Expected: NamibijskÃ¡ republika
     got: Namibijská republika
 ; [cca2=NA].translations.fra.official
Expected: RÃ©publique de Namibie
     got: République de Namibie
 ; [cca2=NA].translations.hun.common
Expected: NamÃ­bia
     got: Namíbia
 ; [cca2=NA].translations.hun.official
Expected: NamÃ­biai KÃ¶ztÃ¡rsasÃ¡g
     got: Namíbiai Köztársaság
 ; [cca2=NA].translations.jpn.common
Expected: ãƒŠãƒŸãƒ“ã‚¢
     got: ????
 ; [cca2=NA].translations.jpn.official
Expected: ãƒŠãƒŸãƒ“ã‚¢å…±å’Œå›½
     got: ???????
 ; [cca2=NA].translations.kor.common
Expected: ë‚˜ë¯¸ë¹„ì•„
     got: ????
 ; [cca2=NA].translations.kor.official
Expected: ë‚˜ë¯¸ë¹„ì•„ ê³µí™”êµ­
     got: ???? ???
 ; [cca2=NA].translations.nld.common
Expected: NamibiÃ«
     got: Namibië
 ; [cca2=NA].translations.nld.official
Expected: Republiek NamibiÃ«
     got: Republiek Namibië
 ; [cca2=NA].translations.per.common
Expected: Ù†Ø§Ù…ÛŒØ¨ÛŒØ§
     got: ???????
 ; [cca2=NA].translations.per.official
Expected: Ø¬Ù…Ù‡ÙˆØ±ÛŒ Ù†Ø§Ù…ÛŒØ¨ÛŒØ§
     got: ?????? ???????
 ; [cca2=NA].translations.por.common
Expected: NamÃ­bia
     got: Namíbia
 ; [cca2=NA].translations.por.official
Expected: RepÃºblica da NamÃ­bia
     got: República da Namíbia
 ; [cca2=NA].translations.rus.common
Expected: Ð?Ð°Ð¼Ð¸Ð±Ð¸Ñ?
     got: ???????
 ; [cca2=NA].translations.rus.official
Expected: Ð ÐµÑ?Ð¿ÑƒÐ±Ð»Ð¸ÐºÐ° Ð?Ð°Ð¼Ð¸Ð±Ð¸Ñ?
     got: ?????????? ???????
 ; [cca2=NA].translations.slk.common
Expected: NamÃ­bia
     got: Namíbia
 ; [cca2=NA].translations.slk.official
Expected: NamÃ­bijskÃ¡ republika
     got: Namíbijská republika
 ; [cca2=NA].translations.spa.official
Expected: RepÃºblica de Namibia
     got: República de Namibia
 ; [cca2=NA].translations.srp.common
Expected: Ð?Ð°Ð¼Ð¸Ð±Ð¸Ñ˜Ð°
     got: ????????
 ; [cca2=NA].translations.srp.official
Expected: Ð ÐµÐ¿ÑƒÐ±Ð»Ð¸ÐºÐ° Ð?Ð°Ð¼Ð¸Ð±Ð¸Ñ˜Ð°
     got: ????????? ????????
 ; [cca2=NA].translations.urd.common
Expected: Ù†Ù…ÛŒØ¨ÛŒØ§
     got: ??????
 ; [cca2=NA].translations.urd.official
Expected: Ø¬Ù…Û?ÙˆØ±ÛŒÛ? Ù†Ù…ÛŒØ¨ÛŒØ§
     got: ??????? ??????
 ; [cca2=NA].translations.zho.common
Expected: çº³ç±³æ¯”äºš
     got: ????
 ; [cca2=NA].translations.zho.official
Expected: çº³ç±³æ¯”äºšå…±å’Œå›½
     got: ???????
 ; [cca2=NC].capital[]
Expected: NoumÃ©a
     but none found
 ; [cca2=NC].capital[]
Unexpected: Nouméa
 ; [cca2=NC].currencies.XPF.symbol
Expected: â‚£
     got: ?
 ; [cca2=NC].demonyms.fra.f
Expected: NÃ©o-CalÃ©donienne
     got: Néo-Calédonienne
 ; [cca2=NC].demonyms.fra.m
Expected: NÃ©o-CalÃ©donien
     got: Néo-Calédonien
 ; [cca2=NC].flag
Expected: ðŸ‡³ðŸ‡¨
     got: ??
 ; [cca2=NC].name.nativeName.fra.common
Expected: Nouvelle-CalÃ©donie
     got: Nouvelle-Calédonie
 ; [cca2=NC].name.nativeName.fra.official
Expected: Nouvelle-CalÃ©donie
     got: Nouvelle-Calédonie
 ; [cca2=NC].translations.ara.common
Expected: ÙƒØ§Ù„ÙŠØ¯ÙˆÙ†ÙŠØ§ Ø§Ù„Ø¬Ø¯ÙŠØ¯Ø©
     got: ????????? ???????
 ; [cca2=NC].translations.ara.official
Expected: ÙƒØ§Ù„ÙŠØ¯ÙˆÙ†ÙŠØ§ Ø§Ù„Ø¬Ø¯ÙŠØ¯Ø©
     got: ????????? ???????
 ; [cca2=NC].translations.ces.common
Expected: NovÃ¡ Kaledonie
     got: Nová Kaledonie
 ; [cca2=NC].translations.ces.official
Expected: NovÃ¡ Kaledonie
     got: Nová Kaledonie
 ; [cca2=NC].translations.fra.common
Expected: Nouvelle-CalÃ©donie
     got: Nouvelle-Calédonie
 ; [cca2=NC].translations.fra.official
Expected: Nouvelle-CalÃ©donie
     got: Nouvelle-Calédonie
 ; [cca2=NC].translations.hun.common
Expected: Ãšj-KaledÃ³nia
     got: Új-Kaledónia
 ; [cca2=NC].translations.hun.official
Expected: Ãšj-KaledÃ³nia
     got: Új-Kaledónia
 ; [cca2=NC].translations.jpn.common
Expected: ãƒ‹ãƒ¥ãƒ¼ã‚«ãƒ¬ãƒ‰ãƒ‹ã‚¢
     got: ????????
 ; [cca2=NC].translations.jpn.official
Expected: ãƒ‹ãƒ¥ãƒ¼ã‚«ãƒ¬ãƒ‰ãƒ‹ã‚¢
     got: ????????
 ; [cca2=NC].translations.kor.common
Expected: ëˆ„ë²¨ì¹¼ë ˆë?„ë‹ˆ
     got: ??????
 ; [cca2=NC].translations.kor.official
Expected: ëˆ„ë²¨ì¹¼ë ˆë?„ë‹ˆ
     got: ??????
 ; [cca2=NC].translations.nld.common
Expected: Nieuw-CaledoniÃ«
     got: Nieuw-Caledonië
 ; [cca2=NC].translations.nld.official
Expected: nieuw -CaledoniÃ«
     got: nieuw -Caledonië
 ; [cca2=NC].translations.per.common
Expected: Ú©Ø§Ù„Ø¯ÙˆÙ†ÛŒØ§ÛŒ Ø¬Ø¯ÛŒØ¯
     got: ????????? ????
 ; [cca2=NC].translations.per.official
Expected: Ú©Ø§Ù„Ø¯ÙˆÙ†ÛŒØ§ÛŒ Ø¬Ø¯ÛŒØ¯
     got: ????????? ????
 ; [cca2=NC].translations.por.common
Expected: Nova CaledÃ³nia
     got: Nova Caledónia
 ; [cca2=NC].translations.rus.common
Expected: Ð?Ð¾Ð²Ð°Ñ? ÐšÐ°Ð»ÐµÐ´Ð¾Ð½Ð¸Ñ?
     got: ????? ?????????
 ; [cca2=NC].translations.rus.official
Expected: Ð?Ð¾Ð²Ð°Ñ? ÐšÐ°Ð»ÐµÐ´Ð¾Ð½Ð¸Ñ?
     got: ????? ?????????
 ; [cca2=NC].translations.slk.common
Expected: NovÃ¡ KaledÃ³nia
     got: Nová Kaledónia
 ; [cca2=NC].translations.slk.official
Expected: NovÃ¡ KaledÃ³nia
     got: Nová Kaledónia
 ; [cca2=NC].translations.srp.common
Expected: Ð?Ð¾Ð²Ð° ÐšÐ°Ð»ÐµÐ´Ð¾Ð½Ð¸Ñ˜Ð°
     got: ???? ??????????
 ; [cca2=NC].translations.srp.official
Expected: Ð?Ð¾Ð²Ð° ÐšÐ°Ð»ÐµÐ´Ð¾Ð½Ð¸Ñ˜Ð°
     got: ???? ??????????
 ; [cca2=NC].translations.urd.common
Expected: Ù†ÛŒÙˆ Ú©ÛŒÙ„ÛŒÚˆÙˆÙ†ÛŒØ§
     got: ??? ?????????
 ; [cca2=NC].translations.urd.official
Expected: Ù†ÛŒÙˆ Ú©ÛŒÙ„ÛŒÚˆÙˆÙ†ÛŒØ§
     got: ??? ?????????
 ; [cca2=NC].translations.zho.common
Expected: æ–°å–€é‡Œå¤šå°¼äºš
     got: ??????
 ; [cca2=NC].translations.zho.official
Expected: æ–°å–€é‡Œå¤šå°¼äºš
     got: ??????
 ; [cca2=NE].demonyms.fra.f
Expected: NigÃ©rienne
     got: Nigérienne
 ; [cca2=NE].demonyms.fra.m
Expected: NigÃ©rien
     got: Nigérien
 ; [cca2=NE].flag
Expected: ðŸ‡³ðŸ‡ª
     got: ??
 ; [cca2=NE].name.nativeName.fra.official
Expected: RÃ©publique du Niger
     got: République du Niger
 ; [cca2=NE].translations.ara.common
Expected: Ø§Ù„Ù†ÙŠØ¬Ø±
     got: ??????
 ; [cca2=NE].translations.ara.official
Expected: Ø¬Ù…Ù‡ÙˆØ±ÙŠØ© Ø§Ù„Ù†ÙŠØ¬Ø±
     got: ??????? ??????
 ; [cca2=NE].translations.ces.official
Expected: NigerskÃ¡ republika
     got: Nigerská republika
 ; [cca2=NE].translations.fra.official
Expected: RÃ©publique du Niger
     got: République du Niger
 ; [cca2=NE].translations.hun.official
Expected: Nigeri KÃ¶ztÃ¡rsasÃ¡g
     got: Nigeri Köztársaság
 ; [cca2=NE].translations.jpn.common
Expected: ãƒ‹ã‚¸ã‚§ãƒ¼ãƒ«
     got: ?????
 ; [cca2=NE].translations.jpn.official
Expected: ãƒ‹ã‚¸ã‚§ãƒ¼ãƒ«å…±å’Œå›½
     got: ????????
 ; [cca2=NE].translations.kor.common
Expected: ë‹ˆì œë¥´
     got: ???
 ; [cca2=NE].translations.kor.official
Expected: ë‹ˆì œë¥´ ê³µí™”êµ­
     got: ??? ???
 ; [cca2=NE].translations.per.common
Expected: Ù†ÛŒØ¬Ø±
     got: ????
 ; [cca2=NE].translations.per.official
Expected: Ø¬Ù…Ù‡ÙˆØ±ÛŒ Ù†ÛŒØ¬Ø±
     got: ?????? ????
 ; [cca2=NE].translations.por.common
Expected: NÃ­ger
     got: Níger
 ; [cca2=NE].translations.por.official
Expected: RepÃºblica do NÃ­ger
     got: República do Níger
 ; [cca2=NE].translations.rus.common
Expected: Ð?Ð¸Ð³ÐµÑ€
     got: ?????
 ; [cca2=NE].translations.rus.official
Expected: Ð ÐµÑ?Ð¿ÑƒÐ±Ð»Ð¸ÐºÐ° Ð?Ð¸Ð³ÐµÑ€
     got: ?????????? ?????
 ; [cca2=NE].translations.slk.official
Expected: NigÃ©rskÃ¡ republika
     got: Nigérská republika
 ; [cca2=NE].translations.spa.common
Expected: NÃ­ger
     got: Níger
 ; [cca2=NE].translations.spa.official
Expected: RepÃºblica de NÃ­ger
     got: República de Níger
 ; [cca2=NE].translations.srp.common
Expected: Ð?Ð¸Ð³ÐµÑ€
     got: ?????
 ; [cca2=NE].translations.srp.official
Expected: Ð ÐµÐ¿ÑƒÐ±Ð»Ð¸ÐºÐ° Ð?Ð¸Ð³ÐµÑ€
     got: ????????? ?????
 ; [cca2=NE].translations.urd.common
Expected: Ù†Ø§Ø¦Ø¬Ø±
     got: ?????
 ; [cca2=NE].translations.urd.official
Expected: Ø¬Ù…Û?ÙˆØ±ÛŒÛ? Ù†Ø§Ø¦Ø¬Ø±
     got: ??????? ?????
 ; [cca2=NE].translations.zho.common
Expected: å°¼æ—¥å°”
     got: ???
 ; [cca2=NE].translations.zho.official
Expected: å°¼æ—¥å°”å…±å’Œå›½
     got: ??????
 ; [cca2=NF].flag
Expected: ðŸ‡³ðŸ‡«
     got: ??
 ; [cca2=NF].translations.ara.common
Expected: Ø¬Ø²ÙŠØ±Ø© Ù†ÙˆØ±Ù?ÙˆÙ„Ùƒ
     got: ????? ???????
 ; [cca2=NF].translations.ara.official
Expected: Ø¥Ù‚Ù„ÙŠÙ… Ø¬Ø²ÙŠØ±Ø© Ù†ÙˆØ±Ù?ÙˆÙ„Ùƒ
     got: ????? ????? ???????
 ; [cca2=NF].translations.fra.common
Expected: ÃŽle Norfolk
     got: Île Norfolk
 ; [cca2=NF].translations.fra.official
Expected: Territoire de l'Ã®le Norfolk
     got: Territoire de l'île Norfolk
 ; [cca2=NF].translations.jpn.common
Expected: ãƒŽãƒ¼ãƒ•ã‚©ãƒ¼ã‚¯å³¶
     got: ???????
 ; [cca2=NF].translations.jpn.official
Expected: ãƒŽãƒ¼ãƒ•ã‚©ãƒ¼ã‚¯å³¶ã?®é ˜åœŸ
     got: ??????????
 ; [cca2=NF].translations.kor.common
Expected: ë…¸í?½ ì„¬
     got: ?? ?
 ; [cca2=NF].translations.kor.official
Expected: ë…¸í?½ ì„¬
     got: ?? ?
 ; [cca2=NF].translations.per.common
Expected: Ø¬Ø²ÛŒØ±Ù‡ Ù†ÙˆØ±Ù?Ú©
     got: ????? ?????
 ; [cca2=NF].translations.per.official
Expected: Ù‚Ù„Ù…Ø±Ùˆ Ø¬Ø²Ø§ÛŒØ± Ù†ÙˆØ±Ù?Ú©
     got: ????? ????? ?????
 ; [cca2=NF].translations.por.official
Expected: TerritÃ³rio da Ilha Norfolk
     got: Território da Ilha Norfolk
 ; [cca2=NF].translations.rus.common
Expected: Ð?Ð¾Ñ€Ñ„Ð¾Ð»Ðº
     got: ???????
 ; [cca2=NF].translations.rus.official
Expected: Ð¢ÐµÑ€Ñ€Ð¸Ñ‚Ð¾Ñ€Ð¸Ñ? Ð¾Ñ?Ñ‚Ñ€Ð¾Ð²Ð° Ð?Ð¾Ñ€Ñ„Ð¾Ð»Ðº
     got: ?????????? ??????? ???????
 ; [cca2=NF].translations.slk.official
Expected: TeritÃ³rium ostrova Norfolk
     got: Teritórium ostrova Norfolk
 ; [cca2=NF].translations.srp.common
Expected: Ð?Ð¾Ñ€Ñ„Ð¾Ðº
     got: ??????
 ; [cca2=NF].translations.srp.official
Expected: Ð¢ÐµÑ€Ð¸Ñ‚Ð¾Ñ€Ð¸Ñ˜Ð° ÐžÑ?Ñ‚Ñ€Ð²Ð° Ð?Ð¾Ñ€Ñ„Ð¾Ðº
     got: ?????????? ?????? ??????
 ; [cca2=NF].translations.swe.common
Expected: NorfolkÃ¶n
     got: Norfolkön
 ; [cca2=NF].translations.swe.official
Expected: NorfolkÃ¶n
     got: Norfolkön
 ; [cca2=NF].translations.tur.common
Expected: Norfolk AdasÄ±
     got: Norfolk Adas?
 ; [cca2=NF].translations.tur.official
Expected: Norfolk AdasÄ±
     got: Norfolk Adas?
 ; [cca2=NF].translations.urd.common
Expected: Ø¬Ø²ÛŒØ±Û? Ù†ÙˆØ±Ù?Ú©
     got: ????? ?????
 ; [cca2=NF].translations.urd.official
Expected: Ø¬Ø²ÛŒØ±Û? Ù†ÙˆØ±Ù?Ú© Ø®Ø·Û?
     got: ????? ????? ???
 ; [cca2=NF].translations.zho.common
Expected: è¯ºç¦?å…‹å²›
     got: ????
 ; [cca2=NF].translations.zho.official
Expected: è¯ºç¦?å…‹å²›
     got: ????
 ; [cca2=NG].altSpellings[]
Expected: NaÃ­jÃ­rÃ­Ã 
     but none found
 ; [cca2=NG].altSpellings[]
Unexpected: Naíjíríà
 ; [cca2=NG].currencies.NGN.symbol
Expected: â‚¦
     got: ?
 ; [cca2=NG].demonyms.fra.f
Expected: NigÃ©riane
     got: Nigériane
 ; [cca2=NG].demonyms.fra.m
Expected: NigÃ©rian
     got: Nigérian
 ; [cca2=NG].flag
Expected: ðŸ‡³ðŸ‡¬
     got: ??
 ; [cca2=NG].translations.ara.common
Expected: Ù†ÙŠØ¬ÙŠØ±ÙŠØ§
     got: ???????
 ; [cca2=NG].translations.ara.official
Expected: Ø¬Ù…Ù‡ÙˆØ±ÙŠØ© Ù†ÙŠØ¬ÙŠØ±ÙŠØ§ Ø§Ù„Ø§ØªØ­Ø§Ø¯ÙŠØ©
     got: ??????? ??????? ?????????
 ; [cca2=NG].translations.ces.common
Expected: NigÃ©rie
     got: Nigérie
 ; [cca2=NG].translations.ces.official
Expected: NigerijskÃ¡ federativnÃ­ republika
     got: Nigerijská federativní republika
 ; [cca2=NG].translations.fra.common
Expected: NigÃ©ria
     got: Nigéria
 ; [cca2=NG].translations.fra.official
Expected: RÃ©publique fÃ©dÃ©rale du Nigeria
     got: République fédérale du Nigeria
 ; [cca2=NG].translations.hun.common
Expected: NigÃ©ria
     got: Nigéria
 ; [cca2=NG].translations.hun.official
Expected: NigÃ©ria
     got: Nigéria
 ; [cca2=NG].translations.jpn.common
Expected: ãƒŠã‚¤ã‚¸ã‚§ãƒªã‚¢
     got: ??????
 ; [cca2=NG].translations.jpn.official
Expected: ãƒŠã‚¤ã‚¸ã‚§ãƒªã‚¢é€£é‚¦å…±å’Œå›½
     got: ???????????
 ; [cca2=NG].translations.kor.common
Expected: ë‚˜ì?´ì§€ë¦¬ì•„
     got: ?????
 ; [cca2=NG].translations.kor.official
Expected: ë‚˜ì?´ì§€ë¦¬ì•„ ì—°ë°© ê³µí™”êµ­
     got: ????? ?? ???
 ; [cca2=NG].translations.per.common
Expected: Ù†ÛŒØ¬Ø±ÛŒÙ‡
     got: ??????
 ; [cca2=NG].translations.per.official
Expected: Ø¬Ù…Ù‡ÙˆØ±ÛŒ Ù?Ø¯Ø±Ø§Ù„ Ù†ÛŒØ¬Ø±ÛŒÙ‡
     got: ?????? ????? ??????
 ; [cca2=NG].translations.por.common
Expected: NigÃ©ria
     got: Nigéria
 ; [cca2=NG].translations.por.official
Expected: RepÃºblica Federal da NigÃ©ria
     got: República Federal da Nigéria
 ; [cca2=NG].translations.rus.common
Expected: Ð?Ð¸Ð³ÐµÑ€Ð¸Ñ?
     got: ???????
 ; [cca2=NG].translations.rus.official
Expected: Ð¤ÐµÐ´ÐµÑ€Ð°Ñ‚Ð¸Ð²Ð½Ð°Ñ? Ð ÐµÑ?Ð¿ÑƒÐ±Ð»Ð¸ÐºÐ° Ð?Ð¸Ð³ÐµÑ€Ð¸Ñ?
     got: ???????????? ?????????? ???????
 ; [cca2=NG].translations.slk.common
Expected: NigÃ©ria
     got: Nigéria
 ; [cca2=NG].translations.slk.official
Expected: NigÃ©rijskÃ¡ federatÃ­vna republika
     got: Nigérijská federatívna republika
 ; [cca2=NG].translations.spa.official
Expected: RepÃºblica Federal de Nigeria
     got: República Federal de Nigeria
 ; [cca2=NG].translations.srp.common
Expected: Ð?Ð¸Ð³ÐµÑ€Ð¸Ñ˜Ð° 
     got: ???????? 
 ; [cca2=NG].translations.srp.official
Expected: Ð¡Ð°Ð²ÐµÐ·Ð½Ð° Ð ÐµÐ¿ÑƒÐ±Ð»Ð¸ÐºÐ° Ð?Ð¸Ð³ÐµÑ€Ð¸Ñ˜Ð°
     got: ??????? ????????? ????????
 ; [cca2=NG].translations.swe.official
Expected: FÃ¶rbundsrepubliken Nigeria
     got: Förbundsrepubliken Nigeria
 ; [cca2=NG].translations.urd.common
Expected: Ù†Ø§Ø¦Ø¬ÛŒØ±ÛŒØ§
     got: ????????
 ; [cca2=NG].translations.urd.official
Expected: ÙˆÙ?Ø§Ù‚ÛŒ Ø¬Ù…Û?ÙˆØ±ÛŒÛ? Ù†Ø§Ø¦Ø¬ÛŒØ±ÛŒØ§
     got: ????? ??????? ????????
 ; [cca2=NG].translations.zho.common
Expected: å°¼æ—¥åˆ©äºš
     got: ????
 ; [cca2=NG].translations.zho.official
Expected: å°¼æ—¥åˆ©äºšè?”é‚¦å…±å’Œå›½
     got: ?????????
 ; [cca2=NI].altSpellings[]
Expected: RepÃºblica de Nicaragua
     but none found
 ; [cca2=NI].altSpellings[]
Unexpected: República de Nicaragua
 ; [cca2=NI].currencies.NIO.name
Expected: Nicaraguan cÃ³rdoba
     got: Nicaraguan córdoba
 ; [cca2=NI].flag
Expected: ðŸ‡³ðŸ‡®
     got: ??
 ; [cca2=NI].name.nativeName.spa.official
Expected: RepÃºblica de Nicaragua
     got: República de Nicaragua
 ; [cca2=NI].translations.ara.common
Expected: Ù†ÙŠÙƒØ§Ø±Ø§ØºÙˆØ§
     got: ?????????
 ; [cca2=NI].translations.ara.official
Expected: Ø¬Ù…Ù‡ÙˆØ±ÙŠØ© Ù†ÙŠÙƒØ§Ø±Ø§ØºÙˆØ§
     got: ??????? ?????????
 ; [cca2=NI].translations.fra.official
Expected: RÃ©publique du Nicaragua
     got: République du Nicaragua
 ; [cca2=NI].translations.hun.official
Expected: Nicaraguai KÃ¶ztÃ¡rsasÃ¡g
     got: Nicaraguai Köztársaság
 ; [cca2=NI].translations.jpn.common
Expected: ãƒ‹ã‚«ãƒ©ã‚°ã‚¢
     got: ?????
 ; [cca2=NI].translations.jpn.official
Expected: ãƒ‹ã‚«ãƒ©ã‚°ã‚¢å…±å’Œå›½
     got: ????????
 ; [cca2=NI].translations.kor.common
Expected: ë‹ˆì¹´ë?¼ê³¼
     got: ????
 ; [cca2=NI].translations.kor.official
Expected: ë‹ˆì¹´ë?¼ê³¼ ê³µí™”êµ­
     got: ???? ???
 ; [cca2=NI].translations.per.common
Expected: Ù†ÛŒÚ©Ø§Ø±Ø§Ú¯ÙˆØ¦Ù‡
     got: ??????????
 ; [cca2=NI].translations.per.official
Expected: Ø¬Ù…Ù‡ÙˆØ±ÛŒ Ù†ÛŒÚ©Ø§Ø±Ø§Ú¯ÙˆØ¦Ù‡
     got: ?????? ??????????
 ; [cca2=NI].translations.por.common
Expected: NicarÃ¡gua
     got: Nicarágua
 ; [cca2=NI].translations.por.official
Expected: RepÃºblica da NicarÃ¡gua
     got: República da Nicarágua
 ; [cca2=NI].translations.rus.common
Expected: Ð?Ð¸ÐºÐ°Ñ€Ð°Ð³ÑƒÐ°
     got: ?????????
 ; [cca2=NI].translations.rus.official
Expected: Ð ÐµÑ?Ð¿ÑƒÐ±Ð»Ð¸ÐºÐ° Ð?Ð¸ÐºÐ°Ñ€Ð°Ð³ÑƒÐ°
     got: ?????????? ?????????
 ; [cca2=NI].translations.slk.official
Expected: NikaragujskÃ¡ republika
     got: Nikaragujská republika
 ; [cca2=NI].translations.spa.official
Expected: RepÃºblica de Nicaragua
     got: República de Nicaragua
 ; [cca2=NI].translations.srp.common
Expected: Ð?Ð¸ÐºÐ°Ñ€Ð°Ð³Ð²Ð°
     got: ?????????
 ; [cca2=NI].translations.srp.official
Expected: Ð ÐµÐ¿ÑƒÐ±Ð»Ð¸ÐºÐ° Ð?Ð¸ÐºÐ°Ñ€Ð°Ð³Ð²Ð°
     got: ????????? ?????????
 ; [cca2=NI].translations.urd.common
Expected: Ù†Ú©Ø§Ø±Ø§Ú¯ÙˆØ§
     got: ????????
 ; [cca2=NI].translations.urd.official
Expected: Ø¬Ù…Û?ÙˆØ±ÛŒÛ? Ù†Ú©Ø§Ø±Ø§Ú¯ÙˆØ§
     got: ??????? ????????
 ; [cca2=NI].translations.zho.common
Expected: å°¼åŠ æ‹‰ç“œ
     got: ????
 ; [cca2=NI].translations.zho.official
Expected: å°¼åŠ æ‹‰ç“œå…±å’Œå›½
     got: ???????
 ; [cca2=NL].currencies.EUR.symbol
Expected: â‚¬
     got: €
 ; [cca2=NL].demonyms.fra.f
Expected: NÃ©erlandaise
     got: Néerlandaise
 ; [cca2=NL].demonyms.fra.m
Expected: NÃ©erlandais
     got: Néerlandais
 ; [cca2=NL].flag
Expected: ðŸ‡³ðŸ‡±
     got: ??
 ; [cca2=NL].translations.ara.common
Expected: Ù‡ÙˆÙ„Ù†Ø¯Ø§
     got: ??????
 ; [cca2=NL].translations.ara.official
Expected: Ù…Ù…Ù„ÙƒØ© Ù‡ÙˆÙ„Ù†Ø¯Ø§
     got: ????? ??????
 ; [cca2=NL].translations.bre.common
Expected: IzelvroioÃ¹
     got: Izelvroioù
 ; [cca2=NL].translations.bre.official
Expected: Rouantelezh an IzelvroioÃ¹
     got: Rouantelezh an Izelvroioù
 ; [cca2=NL].translations.ces.official
Expected: NizozemskÃ© krÃ¡lovstvÃ­
     got: Nizozemské království
 ; [cca2=NL].translations.hun.official
Expected: Holland KirÃ¡lysÃ¡g
     got: Holland Királyság
 ; [cca2=NL].translations.jpn.common
Expected: ã‚ªãƒ©ãƒ³ãƒ€
     got: ????
 ; [cca2=NL].translations.jpn.official
Expected: ã‚ªãƒ©ãƒ³ãƒ€
     got: ????
 ; [cca2=NL].translations.kor.common
Expected: ë„¤ë?œëž€ë“œ
     got: ????
 ; [cca2=NL].translations.kor.official
Expected: ë„¤ë?œëž€ë“œ ì™•êµ­
     got: ???? ??
 ; [cca2=NL].translations.per.common
Expected: Ù‡Ù„Ù†Ø¯
     got: ????
 ; [cca2=NL].translations.per.official
Expected: Ù‡Ù„Ù†Ø¯
     got: ????
 ; [cca2=NL].translations.pol.official
Expected: KrÃ³lestwo NiderlandÃ³w
     got: Królestwo Niderlandów
 ; [cca2=NL].translations.rus.common
Expected: Ð?Ð¸Ð´ÐµÑ€Ð»Ð°Ð½Ð´Ñ‹
     got: ??????????
 ; [cca2=NL].translations.rus.official
Expected: Ð?Ð¸Ð´ÐµÑ€Ð»Ð°Ð½Ð´Ñ‹
     got: ??????????
 ; [cca2=NL].translations.slk.official
Expected: HolandskÃ© krÃ¡Ä¾ovstvo
     got: Holandské krá?ovstvo
 ; [cca2=NL].translations.spa.common
Expected: PaÃ­ses Bajos
     got: Países Bajos
 ; [cca2=NL].translations.spa.official
Expected: PaÃ­ses Bajos
     got: Países Bajos
 ; [cca2=NL].translations.srp.common
Expected: Ð¥Ð¾Ð»Ð°Ð½Ð´Ð¸Ñ˜Ð°
     got: ?????????
 ; [cca2=NL].translations.srp.official
Expected: ÐšÑ€Ð°Ñ™ÐµÐ²Ð¸Ð½Ð° Ð¥Ð¾Ð»Ð°Ð½Ð´Ð¸Ñ˜Ð°
     got: ????????? ?????????
 ; [cca2=NL].translations.swe.common
Expected: NederlÃ¤nderna
     got: Nederländerna
 ; [cca2=NL].translations.swe.official
Expected: NederlÃ¤nderna
     got: Nederländerna
 ; [cca2=NL].translations.urd.common
Expected: Ù†ÛŒØ¯Ø±Ù„ÛŒÙ†ÚˆØ²
     got: ?????????
 ; [cca2=NL].translations.urd.official
Expected: Ù…Ù…Ù„Ú©ØªÙ? Ù†ÛŒØ¯Ø±Ù„ÛŒÙ†ÚˆØ²
     got: ?????? ?????????
 ; [cca2=NL].translations.zho.common
Expected: è?·å…°
     got: ??
 ; [cca2=NL].translations.zho.official
Expected: è?·å…°
     got: ??
 ; [cca2=NO].demonyms.fra.f
Expected: NorvÃ©gienne
     got: Norvégienne
 ; [cca2=NO].demonyms.fra.m
Expected: NorvÃ©gien
     got: Norvégien
 ; [cca2=NO].flag
Expected: ðŸ‡³ðŸ‡´
     got: ??
 ; [cca2=NO].languages.nob
Expected: Norwegian BokmÃ¥l
     got: Norwegian Bokmål
 ; [cca2=NO].translations.ara.common
Expected: Ø§Ù„Ù†Ø±ÙˆÙŠØ¬
     got: ???????
 ; [cca2=NO].translations.ara.official
Expected: Ù…Ù…Ù„ÙƒØ© Ø§Ù„Ù†Ø±ÙˆÙŠØ¬
     got: ????? ???????
 ; [cca2=NO].translations.ces.official
Expected: NorskÃ© krÃ¡lovstvÃ­
     got: Norské království
 ; [cca2=NO].translations.deu.official
Expected: KÃ¶nigreich Norwegen
     got: Königreich Norwegen
 ; [cca2=NO].translations.fra.common
Expected: NorvÃ¨ge
     got: Norvège
 ; [cca2=NO].translations.fra.official
Expected: Royaume de NorvÃ¨ge
     got: Royaume de Norvège
 ; [cca2=NO].translations.hrv.common
Expected: NorveÅ¡ka
     got: Norveška
 ; [cca2=NO].translations.hrv.official
Expected: Kraljevina NorveÅ¡ka
     got: Kraljevina Norveška
 ; [cca2=NO].translations.hun.common
Expected: NorvÃ©gia
     got: Norvégia
 ; [cca2=NO].translations.hun.official
Expected: NorvÃ©g KirÃ¡lysÃ¡g
     got: Norvég Királyság
 ; [cca2=NO].translations.jpn.common
Expected: ãƒŽãƒ«ã‚¦ã‚§ãƒ¼
     got: ?????
 ; [cca2=NO].translations.jpn.official
Expected: ãƒŽãƒ«ã‚¦ã‚§ãƒ¼çŽ‹å›½
     got: ???????
 ; [cca2=NO].translations.kor.common
Expected: ë…¸ë¥´ì›¨ì?´
     got: ????
 ; [cca2=NO].translations.kor.official
Expected: ë…¸ë¥´ì›¨ì?´ ì™•êµ­
     got: ???? ??
 ; [cca2=NO].translations.per.common
Expected: Ù†Ø±ÙˆÚ˜
     got: ????
 ; [cca2=NO].translations.per.official
Expected: Ù¾Ø§Ø¯Ø´Ø§Ù‡ÛŒ Ù†Ø±ÙˆÚ˜
     got: ??????? ????
 ; [cca2=NO].translations.pol.official
Expected: KrÃ³lestwo Norwegii
     got: Królestwo Norwegii
 ; [cca2=NO].translations.rus.common
Expected: Ð?Ð¾Ñ€Ð²ÐµÐ³Ð¸Ñ?
     got: ????????
 ; [cca2=NO].translations.rus.official
Expected: ÐšÐ¾Ñ€Ð¾Ð»ÐµÐ²Ñ?Ñ‚Ð²Ð¾ Ð?Ð¾Ñ€Ð²ÐµÐ³Ð¸Ñ?
     got: ??????????? ????????
 ; [cca2=NO].translations.slk.common
Expected: NÃ³rsko
     got: Nórsko
 ; [cca2=NO].translations.slk.official
Expected: NÃ³rske krÃ¡Ä¾ovstvo
     got: Nórske krá?ovstvo
 ; [cca2=NO].translations.srp.common
Expected: Ð?Ð¾Ñ€Ð²ÐµÑˆÐºÐ°
     got: ????????
 ; [cca2=NO].translations.srp.official
Expected: ÐšÑ€Ð°Ñ™ÐµÐ²Ð¸Ð½Ð° Ð?Ð¾Ñ€Ð²ÐµÑˆÐºÐ°
     got: ????????? ????????
 ; [cca2=NO].translations.tur.common
Expected: NorveÃ§
     got: Norveç
 ; [cca2=NO].translations.tur.official
Expected: NorveÃ§ KrallÄ±ÄŸÄ±
     got: Norveç Krall???
 ; [cca2=NO].translations.urd.common
Expected: Ù†Ø§Ø±ÙˆÛ’
     got: ?????
 ; [cca2=NO].translations.urd.official
Expected: Ù…Ù…Ù„Ú©ØªÙ? Ù†Ø§Ø±ÙˆÛ’
     got: ?????? ?????
 ; [cca2=NO].translations.zho.common
Expected: æŒªå¨?
     got: ??
 ; [cca2=NO].translations.zho.official
Expected: æŒªå¨?çŽ‹å›½
     got: ????
 ; [cca2=NP].altSpellings[]
Expected: LoktÄ?ntrik Ganatantra NepÄ?l
     but none found
 ; [cca2=NP].altSpellings[]
Unexpected: Lokt?ntrik Ganatantra Nep?l
 ; [cca2=NP].currencies.NPR.symbol
Expected: â‚¨
     got: ?
 ; [cca2=NP].demonyms.fra.f
Expected: NÃ©palaise
     got: Népalaise
 ; [cca2=NP].demonyms.fra.m
Expected: NÃ©palais
     got: Népalais
 ; [cca2=NP].flag
Expected: ðŸ‡³ðŸ‡µ
     got: ??
 ; [cca2=NP].name.nativeName.nep.common
Expected: à¤¨à¥‡à¤ªà¤¾à¤²
     got: ?????
 ; [cca2=NP].name.nativeName.nep.official
Expected: à¤¨à¥‡à¤ªà¤¾à¤² à¤¸à¤‚à¤˜à¥€à¤¯ à¤²à¥‹à¤•à¤¤à¤¾à¤¨à¥?à¤¤à¥?à¤°à¤¿à¤• à¤—à¤£à¤¤à¤¨à¥?à¤¤à¥?à¤°
     got: ????? ????? ???????????? ????????
 ; [cca2=NP].translations.ara.common
Expected: Ù†ÙŠØ¨Ø§Ù„
     got: ?????
 ; [cca2=NP].translations.ara.official
Expected: Ø¬Ù…Ù‡ÙˆØ±ÙŠØ© Ù†ÙŠØ¨Ø§Ù„ Ø§Ù„Ø¯ÙŠÙ…Ù‚Ø±Ø§Ø·ÙŠØ© Ø§Ù„Ø§ØªØ­Ø§Ø¯ÙŠØ©
     got: ??????? ????? ??????????? ?????????
 ; [cca2=NP].translations.ces.common
Expected: NepÃ¡l
     got: Nepál
 ; [cca2=NP].translations.ces.official
Expected: FederativnÃ­ demokratickÃ¡ republika NepÃ¡l
     got: Federativní demokratická republika Nepál
 ; [cca2=NP].translations.fra.common
Expected: NÃ©pal
     got: Népal
 ; [cca2=NP].translations.fra.official
Expected: RÃ©publique du NÃ©pal
     got: République du Népal
 ; [cca2=NP].translations.hun.common
Expected: NepÃ¡l
     got: Nepál
 ; [cca2=NP].translations.hun.official
Expected: NepÃ¡li SzÃ¶vetsÃ©gi Demokratikus KÃ¶ztÃ¡rsasÃ¡g
     got: Nepáli Szövetségi Demokratikus Köztársaság
 ; [cca2=NP].translations.jpn.common
Expected: ãƒ?ãƒ‘ãƒ¼ãƒ«
     got: ????
 ; [cca2=NP].translations.jpn.official
Expected: ãƒ?ãƒ‘ãƒ¼ãƒ«é€£é‚¦æ°‘ä¸»å…±å’Œå›½
     got: ???????????
 ; [cca2=NP].translations.kor.common
Expected: ë„¤íŒ”
     got: ??
 ; [cca2=NP].translations.kor.official
Expected: ë„¤íŒ” ì—°ë°© ë¯¼ì£¼ ê³µí™”êµ­
     got: ?? ?? ?? ???
 ; [cca2=NP].translations.per.common
Expected: Ù†Ù¾Ø§Ù„
     got: ????
 ; [cca2=NP].translations.per.official
Expected: Ø¬Ù…Ù‡ÙˆØ±ÛŒ Ù?Ø¯Ø±Ø§Ù„ Ø¯Ù…ÙˆÚ©Ø±Ø§ØªÛŒÚ© Ù†Ù¾Ø§Ù„
     got: ?????? ????? ????????? ????
 ; [cca2=NP].translations.por.official
Expected: RepÃºblica DemocrÃ¡tica Federal do Nepal
     got: República Democrática Federal do Nepal
 ; [cca2=NP].translations.rus.common
Expected: Ð?ÐµÐ¿Ð°Ð»
     got: ?????
 ; [cca2=NP].translations.rus.official
Expected: Ð¤ÐµÐ´ÐµÑ€Ð°Ñ‚Ð¸Ð²Ð½Ð°Ñ? Ð”ÐµÐ¼Ð¾ÐºÑ€Ð°Ñ‚Ð¸Ñ‡ÐµÑ?ÐºÐ°Ñ? Ð ÐµÑ?Ð¿ÑƒÐ±Ð»Ð¸ÐºÐ° Ð?ÐµÐ¿Ð°Ð»
     got: ???????????? ??????????????? ?????????? ?????
 ; [cca2=NP].translations.slk.common
Expected: NepÃ¡l
     got: Nepál
 ; [cca2=NP].translations.slk.official
Expected: NepÃ¡lska federatÃ­vna demokratickÃ¡ republika
     got: Nepálska federatívna demokratická republika
 ; [cca2=NP].translations.spa.official
Expected: RepÃºblica DemocrÃ¡tica Federal de Nepal
     got: República Democrática Federal de Nepal
 ; [cca2=NP].translations.srp.common
Expected: Ð?ÐµÐ¿Ð°Ð»
     got: ?????
 ; [cca2=NP].translations.srp.official
Expected: Ð¡Ð°Ð²ÐµÐ·Ð½Ð° Ð”ÐµÐ¼Ð¾ÐºÑ€Ð°Ñ‚Ñ?ÐºÐ° Ð ÐµÐ¿ÑƒÐ±Ð»Ð¸ÐºÐ° Ð?ÐµÐ¿Ð°Ð»
     got: ??????? ??????????? ????????? ?????
 ; [cca2=NP].translations.swe.official
Expected: Demokratiska fÃ¶rbundsrepubliken Nepal
     got: Demokratiska förbundsrepubliken Nepal
 ; [cca2=NP].translations.urd.common
Expected: Ù†ÛŒÙ¾Ø§Ù„
     got: ?????
 ; [cca2=NP].translations.urd.official
Expected: ÙˆÙ?Ø§Ù‚ÛŒ Ø¬Ù…Û?ÙˆØ±ÛŒ Ø¬Ù…Û?ÙˆØ±ÛŒÛ? Ù†ÛŒÙ¾Ø§Ù„
     got: ????? ?????? ??????? ?????
 ; [cca2=NP].translations.zho.common
Expected: å°¼æ³Šå°”
     got: ???
 ; [cca2=NP].translations.zho.official
Expected: å°¼æ³Šå°”è?”é‚¦æ°‘ä¸»å…±å’Œå›½
     got: ??????????
 ; [cca2=NR].flag
Expected: ðŸ‡³ðŸ‡·
     got: ??
 ; [cca2=NR].translations.ara.common
Expected: Ù†Ø§ÙˆØ±Ùˆ
     got: ?????
 ; [cca2=NR].translations.ara.official
Expected: Ø¬Ù…Ù‡ÙˆØ±ÙŠØ© Ù†Ø§ÙˆØ±Ùˆ
     got: ??????? ?????
 ; [cca2=NR].translations.fra.official
Expected: RÃ©publique de Nauru
     got: République de Nauru
 ; [cca2=NR].translations.hun.official
Expected: Naurui KÃ¶ztÃ¡rsasÃ¡g
     got: Naurui Köztársaság
 ; [cca2=NR].translations.jpn.common
Expected: ãƒŠã‚¦ãƒ«
     got: ???
 ; [cca2=NR].translations.jpn.official
Expected: ãƒŠã‚¦ãƒ«å…±å’Œå›½
     got: ??????
 ; [cca2=NR].translations.kor.common
Expected: ë‚˜ìš°ë£¨
     got: ???
 ; [cca2=NR].translations.kor.official
Expected: ë‚˜ìš°ë£¨ ê³µí™”êµ­
     got: ??? ???
 ; [cca2=NR].translations.per.common
Expected: Ù†Ø§Ø¦ÙˆØ±Ùˆ
     got: ??????
 ; [cca2=NR].translations.per.official
Expected: Ø¬Ù…Ù‡ÙˆØ±ÛŒ Ù†Ø§Ø¦ÙˆØ±Ùˆ
     got: ?????? ??????
 ; [cca2=NR].translations.por.official
Expected: RepÃºblica de Nauru
     got: República de Nauru
 ; [cca2=NR].translations.rus.common
Expected: Ð?Ð°ÑƒÑ€Ñƒ
     got: ?????
 ; [cca2=NR].translations.rus.official
Expected: Ð ÐµÑ?Ð¿ÑƒÐ±Ð»Ð¸ÐºÐ° Ð?Ð°ÑƒÑ€Ñƒ
     got: ?????????? ?????
 ; [cca2=NR].translations.slk.official
Expected: NaurskÃ¡ republika
     got: Naurská republika
 ; [cca2=NR].translations.spa.official
Expected: RepÃºblica de Nauru
     got: República de Nauru
 ; [cca2=NR].translations.srp.common
Expected: Ð?Ð°ÑƒÑ€Ñƒ
     got: ?????
 ; [cca2=NR].translations.srp.official
Expected: Ð ÐµÐ¿ÑƒÐ±Ð»Ð¸ÐºÐ° Ð?Ð°ÑƒÑ€Ñƒ
     got: ????????? ?????
 ; [cca2=NR].translations.urd.common
Expected: Ù†Ø§ÙˆØ±Ùˆ
     got: ?????
 ; [cca2=NR].translations.urd.official
Expected: Ø¬Ù…Û?ÙˆØ±ÛŒÛ? Ù†Ø§ÙˆØ±Ùˆ
     got: ??????? ?????
 ; [cca2=NR].translations.zho.common
Expected: ç‘™é²?
     got: ??
 ; [cca2=NR].translations.zho.official
Expected: ç‘™é²?å…±å’Œå›½
     got: ?????
 ; [cca2=NU].demonyms.fra.f
Expected: NiuÃ©enne
     got: Niuéenne
 ; [cca2=NU].demonyms.fra.m
Expected: NiuÃ©en
     got: Niuéen
 ; [cca2=NU].flag
Expected: ðŸ‡³ðŸ‡º
     got: ??
 ; [cca2=NU].name.nativeName.niu.common
Expected: NiuÄ“
     got: Niu?
 ; [cca2=NU].name.nativeName.niu.official
Expected: NiuÄ“
     got: Niu?
 ; [cca2=NU].translations.ara.common
Expected: Ù†ÙŠÙŠÙˆÙŠ
     got: ?????
 ; [cca2=NU].translations.ara.official
Expected: Ù†ÙŠÙŠÙˆÙŠ
     got: ?????
 ; [cca2=NU].translations.jpn.common
Expected: ãƒ‹ã‚¦ã‚¨
     got: ???
 ; [cca2=NU].translations.jpn.official
Expected: ãƒ‹ã‚¦ã‚¨
     got: ???
 ; [cca2=NU].translations.kor.common
Expected: ë‹ˆìš°ì—?
     got: ???
 ; [cca2=NU].translations.kor.official
Expected: ë‹ˆìš°ì—?
     got: ???
 ; [cca2=NU].translations.per.common
Expected: Ù†ÛŒÙˆÙˆÛŒ
     got: ?????
 ; [cca2=NU].translations.per.official
Expected: Ù†ÛŒÙˆÙˆÛŒ
     got: ?????
 ; [cca2=NU].translations.rus.common
Expected: Ð?Ð¸ÑƒÑ?
     got: ????
 ; [cca2=NU].translations.rus.official
Expected: Ð?Ð¸ÑƒÑ?
     got: ????
 ; [cca2=NU].translations.srp.common
Expected: Ð?Ð¸Ñ˜ÑƒÐµ
     got: ?????
 ; [cca2=NU].translations.srp.official
Expected: Ð?Ð¸Ñ˜ÑƒÐµ
     got: ?????
 ; [cca2=NU].translations.urd.common
Expected: Ù†ÛŒÙˆÙˆÛ’
     got: ?????
 ; [cca2=NU].translations.urd.official
Expected: Ù†ÛŒÙˆÙˆÛ’
     got: ?????
 ; [cca2=NU].translations.zho.common
Expected: çº½åŸƒ
     got: ??
 ; [cca2=NU].translations.zho.official
Expected: çº½åŸƒ
     got: ??
 ; [cca2=NZ].demonyms.fra.f
Expected: Neo-ZÃ©landaise
     got: Neo-Zélandaise
 ; [cca2=NZ].demonyms.fra.m
Expected: Neo-ZÃ©landais
     got: Neo-Zélandais
 ; [cca2=NZ].flag
Expected: ðŸ‡³ðŸ‡¿
     got: ??
 ; [cca2=NZ].flags.alt
Expected: The flag of New Zealand has a dark blue field with the flag of the United Kingdom â€” the Union Jack â€” in the canton and a representation of the Southern Cross constellation, made up of four five-pointed white-edged red stars, on the fly side of the field.
     got: The flag of New Zealand has a dark blue field with the flag of the United Kingdom — the Union Jack — in the canton and a representation of the Southern Cross constellation, made up of four five-pointed white-edged red stars, on the fly side of the field.
 ; [cca2=NZ].languages.mri
Expected: MÄ?ori
     got: M?ori
 ; [cca2=NZ].translations.ara.common
Expected: Ù†ÙŠÙˆØ²ÙŠÙ„Ù†Ø¯Ø§
     got: ?????????
 ; [cca2=NZ].translations.ara.official
Expected: Ù†ÙŠÙˆØ²ÙŠÙ„Ù†Ø¯Ø§
     got: ?????????
 ; [cca2=NZ].translations.ces.common
Expected: NovÃ½ ZÃ©land
     got: Nový Zéland
 ; [cca2=NZ].translations.ces.official
Expected: NovÃ½ ZÃ©land
     got: Nový Zéland
 ; [cca2=NZ].translations.fra.common
Expected: Nouvelle-ZÃ©lande
     got: Nouvelle-Zélande
 ; [cca2=NZ].translations.fra.official
Expected: Nouvelle-ZÃ©lande
     got: Nouvelle-Zélande
 ; [cca2=NZ].translations.hun.common
Expected: Ãšj-ZÃ©land
     got: Új-Zéland
 ; [cca2=NZ].translations.hun.official
Expected: Ãšj-ZÃ©land
     got: Új-Zéland
 ; [cca2=NZ].translations.jpn.common
Expected: ãƒ‹ãƒ¥ãƒ¼ã‚¸ãƒ¼ãƒ©ãƒ³ãƒ‰
     got: ????????
 ; [cca2=NZ].translations.jpn.official
Expected: ãƒ‹ãƒ¥ãƒ¼ã‚¸ãƒ¼ãƒ©ãƒ³ãƒ‰
     got: ????????
 ; [cca2=NZ].translations.kor.common
Expected: ë‰´ì§ˆëžœë“œ
     got: ????
 ; [cca2=NZ].translations.kor.official
Expected: ë‰´ì§ˆëžœë“œ
     got: ????
 ; [cca2=NZ].translations.per.common
Expected: Ù†ÛŒÙˆØ²ÛŒÙ„Ù†Ø¯
     got: ????????
 ; [cca2=NZ].translations.per.official
Expected: Ù†ÛŒÙˆØ²ÛŒÙ„Ù†Ø¯
     got: ????????
 ; [cca2=NZ].translations.por.common
Expected: Nova ZelÃ¢ndia
     got: Nova Zelândia
 ; [cca2=NZ].translations.por.official
Expected: nova ZelÃ¢ndia
     got: nova Zelândia
 ; [cca2=NZ].translations.rus.common
Expected: Ð?Ð¾Ð²Ð°Ñ? Ð—ÐµÐ»Ð°Ð½Ð´Ð¸Ñ?
     got: ????? ????????
 ; [cca2=NZ].translations.rus.official
Expected: Ð?Ð¾Ð²Ð°Ñ? Ð—ÐµÐ»Ð°Ð½Ð´Ð¸Ñ?
     got: ????? ????????
 ; [cca2=NZ].translations.slk.common
Expected: NovÃ½ ZÃ©land
     got: Nový Zéland
 ; [cca2=NZ].translations.slk.official
Expected: NovÃ½ ZÃ©land
     got: Nový Zéland
 ; [cca2=NZ].translations.srp.common
Expected: Ð?Ð¾Ð²Ð¸ Ð—ÐµÐ»Ð°Ð½Ð´
     got: ???? ??????
 ; [cca2=NZ].translations.srp.official
Expected: Ð?Ð¾Ð²Ð¸ Ð—ÐµÐ»Ð°Ð½Ð´
     got: ???? ??????
 ; [cca2=NZ].translations.urd.common
Expected: Ù†ÛŒÙˆØ²ÛŒ Ù„ÛŒÙ†Úˆ
     got: ????? ????
 ; [cca2=NZ].translations.urd.official
Expected: Ù†ÛŒÙˆØ²ÛŒ Ù„ÛŒÙ†Úˆ
     got: ????? ????
 ; [cca2=NZ].translations.zho.common
Expected: æ–°è¥¿å…°
     got: ???
 ; [cca2=NZ].translations.zho.official
Expected: æ–°è¥¿å…°
     got: ???
 ; [cca2=OM].altSpellings[]
Expected: Salá¹­anat Ê»UmÄ?n
     but none found
 ; [cca2=OM].altSpellings[]
Unexpected: Sal?anat ?Um?n
 ; [cca2=OM].currencies.OMR.symbol
Expected: Ø±.Ø¹.
     got: ?.?.
 ; [cca2=OM].flag
Expected: ðŸ‡´ðŸ‡²
     got: ??
 ; [cca2=OM].name.nativeName.ara.common
Expected: Ø¹Ù…Ø§Ù†
     got: ????
 ; [cca2=OM].name.nativeName.ara.official
Expected: Ø³Ù„Ø·Ù†Ø© Ø¹Ù…Ø§Ù†
     got: ????? ????
 ; [cca2=OM].translations.ara.common
Expected: Ø¹Ù…Ø§Ù†
     got: ????
 ; [cca2=OM].translations.ara.official
Expected: Ø³Ù„Ø·Ù†Ø© Ø¹Ù…Ø§Ù†
     got: ????? ????
 ; [cca2=OM].translations.ces.common
Expected: OmÃ¡n
     got: Omán
 ; [cca2=OM].translations.ces.official
Expected: SultanÃ¡t OmÃ¡n
     got: Sultanát Omán
 ; [cca2=OM].translations.hun.common
Expected: OmÃ¡n
     got: Omán
 ; [cca2=OM].translations.hun.official
Expected: OmÃ¡ni SzultanÃ¡tus
     got: Ománi Szultanátus
 ; [cca2=OM].translations.jpn.common
Expected: ã‚ªãƒžãƒ¼ãƒ³
     got: ????
 ; [cca2=OM].translations.jpn.official
Expected: ã‚ªãƒžãƒ¼ãƒ³Â·ã‚¹ãƒ«ã‚¿ãƒ³å›½
     got: ????·?????
 ; [cca2=OM].translations.kor.common
Expected: ì˜¤ë§Œ
     got: ??
 ; [cca2=OM].translations.kor.official
Expected: ì˜¤ë§Œ ìˆ íƒ„êµ­
     got: ?? ???
 ; [cca2=OM].translations.per.common
Expected: Ø¹Ù…Ø§Ù†
     got: ????
 ; [cca2=OM].translations.per.official
Expected: Ø³Ù„Ø·Ø§Ù†â€ŒÙ†Ø´ÛŒÙ† Ø¹Ù?Ù…Ø§Ù†
     got: ?????????? ?????
 ; [cca2=OM].translations.pol.official
Expected: SuÅ‚tanat Omanu
     got: Su?tanat Omanu
 ; [cca2=OM].translations.por.common
Expected: OmÃ£
     got: Omã
 ; [cca2=OM].translations.por.official
Expected: Sultanato de OmÃ£
     got: Sultanato de Omã
 ; [cca2=OM].translations.rus.common
Expected: ÐžÐ¼Ð°Ð½
     got: ????
 ; [cca2=OM].translations.rus.official
Expected: Ð¡ÑƒÐ»Ñ‚Ð°Ð½Ð°Ñ‚ ÐžÐ¼Ð°Ð½
     got: ???????? ????
 ; [cca2=OM].translations.slk.common
Expected: OmÃ¡n
     got: Omán
 ; [cca2=OM].translations.slk.official
Expected: OmÃ¡nsky sultanÃ¡t
     got: Ománsky sultanát
 ; [cca2=OM].translations.spa.common
Expected: OmÃ¡n
     got: Omán
 ; [cca2=OM].translations.spa.official
Expected: Sultanato de OmÃ¡n
     got: Sultanato de Omán
 ; [cca2=OM].translations.srp.common
Expected: ÐžÐ¼Ð°Ð½
     got: ????
 ; [cca2=OM].translations.srp.official
Expected: Ð¡ÑƒÐ»Ñ‚Ð°Ð½Ð°Ñ‚ ÐžÐ¼Ð°Ð½
     got: ???????? ????
 ; [cca2=OM].translations.tur.official
Expected: Umman SultanlÄ±ÄŸÄ±
     got: Umman Sultanl???
 ; [cca2=OM].translations.urd.common
Expected: Ø¹Ù…Ø§Ù†
     got: ????
 ; [cca2=OM].translations.urd.official
Expected: Ø³Ù„Ø·Ù†Øª Ø¹Ù…Ø§Ù†
     got: ????? ????
 ; [cca2=OM].translations.zho.common
Expected: é˜¿æ›¼
     got: ??
 ; [cca2=OM].translations.zho.official
Expected: é˜¿æ›¼è‹?ä¸¹å›½
     got: ?????
 ; [cca2=PA].altSpellings[]
Expected: RepÃºblica de PanamÃ¡
     but none found
 ; [cca2=PA].altSpellings[]
Unexpected: República de Panamá
 ; [cca2=PA].demonyms.fra.f
Expected: PanamÃ©enne
     got: Panaméenne
 ; [cca2=PA].demonyms.fra.m
Expected: PanamÃ©en
     got: Panaméen
 ; [cca2=PA].flag
Expected: ðŸ‡µðŸ‡¦
     got: ??
 ; [cca2=PA].flags.alt
Expected: The flag of Panama is composed of four equal rectangular areas â€” a white rectangular area with a blue five-pointed star at its center, a red rectangular area, a white rectangular area with a red five-pointed star at its center, and a blue rectangular area â€” in the upper hoist side, upper fly side, lower fly side and lower hoist side respectively.
     got: The flag of Panama is composed of four equal rectangular areas — a white rectangular area with a blue five-pointed star at its center, a red rectangular area, a white rectangular area with a red five-pointed star at its center, and a blue rectangular area — in the upper hoist side, upper fly side, lower fly side and lower hoist side respectively.
 ; [cca2=PA].name.nativeName.spa.common
Expected: PanamÃ¡
     got: Panamá
 ; [cca2=PA].name.nativeName.spa.official
Expected: RepÃºblica de PanamÃ¡
     got: República de Panamá
 ; [cca2=PA].translations.ara.common
Expected: Ø¨Ù†Ù…Ø§
     got: ????
 ; [cca2=PA].translations.ara.official
Expected: Ø¬Ù…Ù‡ÙˆØ±ÙŠØ© Ø¨Ù†Ù…Ø§
     got: ??????? ????
 ; [cca2=PA].translations.ces.official
Expected: PanamskÃ¡ republika
     got: Panamská republika
 ; [cca2=PA].translations.fra.official
Expected: RÃ©publique du Panama
     got: République du Panama
 ; [cca2=PA].translations.hun.official
Expected: Panamai KÃ¶ztÃ¡rsasÃ¡g
     got: Panamai Köztársaság
 ; [cca2=PA].translations.jpn.common
Expected: ãƒ‘ãƒŠãƒž
     got: ???
 ; [cca2=PA].translations.jpn.official
Expected: ãƒ‘ãƒŠãƒžå…±å’Œå›½
     got: ??????
 ; [cca2=PA].translations.kor.common
Expected: íŒŒë‚˜ë§ˆ
     got: ???
 ; [cca2=PA].translations.kor.official
Expected: íŒŒë‚˜ë§ˆ ê³µí™”êµ­
     got: ??? ???
 ; [cca2=PA].translations.per.common
Expected: Ù¾Ø§Ù†Ø§Ù…Ø§
     got: ??????
 ; [cca2=PA].translations.per.official
Expected: Ø¬Ù…Ù‡ÙˆØ±ÛŒ Ù¾Ø§Ù†Ø§Ù…Ø§
     got: ?????? ??????
 ; [cca2=PA].translations.por.common
Expected: PanamÃ¡
     got: Panamá
 ; [cca2=PA].translations.por.official
Expected: RepÃºblica do PanamÃ¡
     got: República do Panamá
 ; [cca2=PA].translations.rus.common
Expected: ÐŸÐ°Ð½Ð°Ð¼Ð°
     got: ??????
 ; [cca2=PA].translations.rus.official
Expected: Ð ÐµÑ?Ð¿ÑƒÐ±Ð»Ð¸ÐºÐ° ÐŸÐ°Ð½Ð°Ð¼Ð°
     got: ?????????? ??????
 ; [cca2=PA].translations.slk.official
Expected: PanamskÃ¡ republika
     got: Panamská republika
 ; [cca2=PA].translations.spa.common
Expected: PanamÃ¡
     got: Panamá
 ; [cca2=PA].translations.spa.official
Expected: RepÃºblica de PanamÃ¡
     got: República de Panamá
 ; [cca2=PA].translations.srp.common
Expected: ÐŸÐ°Ð½Ð°Ð¼Ð°
     got: ??????
 ; [cca2=PA].translations.srp.official
Expected: Ð ÐµÐ¿ÑƒÐ±Ð»Ð¸ÐºÐ° ÐŸÐ°Ð½Ð°Ð¼Ð°
     got: ????????? ??????
 ; [cca2=PA].translations.urd.common
Expected: Ù¾Ø§Ù†Ø§Ù…Ø§
     got: ??????
 ; [cca2=PA].translations.urd.official
Expected: Ø¬Ù…Û?ÙˆØ±ÛŒÛ? Ù¾Ø§Ù†Ø§Ù…Ø§
     got: ??????? ??????
 ; [cca2=PA].translations.zho.common
Expected: å·´æ‹¿é©¬
     got: ???
 ; [cca2=PA].translations.zho.official
Expected: å·´æ‹¿é©¬å…±å’Œå›½
     got: ??????
 ; [cca2=PE].altSpellings[]
Expected: RepÃºblica del PerÃº
     but none found
 ; [cca2=PE].altSpellings[]
Unexpected: República del Perú
 ; [cca2=PE].demonyms.fra.f
Expected: PÃ©ruvienne
     got: Péruvienne
 ; [cca2=PE].demonyms.fra.m
Expected: PÃ©ruvien
     got: Péruvien
 ; [cca2=PE].flag
Expected: ðŸ‡µðŸ‡ª
     got: ??
 ; [cca2=PE].name.nativeName.spa.common
Expected: PerÃº
     got: Perú
 ; [cca2=PE].name.nativeName.spa.official
Expected: RepÃºblica del PerÃº
     got: República del Perú
 ; [cca2=PE].translations.ara.common
Expected: Ø¨ÙŠØ±Ùˆ
     got: ????
 ; [cca2=PE].translations.ara.official
Expected: Ø¬Ù…Ù‡ÙˆØ±ÙŠØ© Ø¨ÙŠØ±Ùˆ
     got: ??????? ????
 ; [cca2=PE].translations.ces.official
Expected: PeruÃ¡nskÃ¡ republika
     got: Peruánská republika
 ; [cca2=PE].translations.fra.common
Expected: PÃ©rou
     got: Pérou
 ; [cca2=PE].translations.fra.official
Expected: RÃ©publique du PÃ©rou
     got: République du Pérou
 ; [cca2=PE].translations.hun.official
Expected: Perui KÃ¶ztÃ¡rsasÃ¡g
     got: Perui Köztársaság
 ; [cca2=PE].translations.ita.common
Expected: PerÃ¹
     got: Perù
 ; [cca2=PE].translations.ita.official
Expected: Repubblica del PerÃ¹
     got: Repubblica del Perù
 ; [cca2=PE].translations.jpn.common
Expected: ãƒšãƒ«ãƒ¼
     got: ???
 ; [cca2=PE].translations.jpn.official
Expected: ãƒšãƒ«ãƒ¼å…±å’Œå›½
     got: ??????
 ; [cca2=PE].translations.kor.common
Expected: íŽ˜ë£¨
     got: ??
 ; [cca2=PE].translations.kor.official
Expected: íŽ˜ë£¨ ê³µí™”êµ­
     got: ?? ???
 ; [cca2=PE].translations.per.common
Expected: Ù¾Ø±Ùˆ
     got: ???
 ; [cca2=PE].translations.per.official
Expected: Ø¬Ù…Ù‡ÙˆØ±ÛŒ Ù¾Ø±Ùˆ
     got: ?????? ???
 ; [cca2=PE].translations.por.common
Expected: PerÃº
     got: Perú
 ; [cca2=PE].translations.por.official
Expected: RepÃºblica do Peru
     got: República do Peru
 ; [cca2=PE].translations.rus.common
Expected: ÐŸÐµÑ€Ñƒ
     got: ????
 ; [cca2=PE].translations.rus.official
Expected: Ð ÐµÑ?Ð¿ÑƒÐ±Ð»Ð¸ÐºÐ° ÐŸÐµÑ€Ñƒ
     got: ?????????? ????
 ; [cca2=PE].translations.slk.official
Expected: PeruÃ¡nska republika
     got: Peruánska republika
 ; [cca2=PE].translations.spa.common
Expected: PerÃº
     got: Perú
 ; [cca2=PE].translations.spa.official
Expected: RepÃºblica de PerÃº
     got: República de Perú
 ; [cca2=PE].translations.srp.common
Expected: ÐŸÐµÑ€Ñƒ
     got: ????
 ; [cca2=PE].translations.srp.official
Expected: Ð ÐµÐ¿ÑƒÐ±Ð»Ð¸ÐºÐ° ÐŸÐµÑ€Ñƒ
     got: ????????? ????
 ; [cca2=PE].translations.urd.common
Expected: Ù¾ÛŒØ±Ùˆ
     got: ????
 ; [cca2=PE].translations.urd.official
Expected: Ø¬Ù…Û?ÙˆØ±ÛŒÛ? Ù¾ÛŒØ±Ùˆ
     got: ??????? ????
 ; [cca2=PE].translations.zho.common
Expected: ç§˜é²?
     got: ??
 ; [cca2=PE].translations.zho.official
Expected: ç§˜é²?å…±å’Œå›½
     got: ?????
 ; [cca2=PF].altSpellings[]
Expected: PÅ?rÄ«netia FarÄ?ni
     but none found
 ; [cca2=PF].altSpellings[]
Expected: PolynÃ©sie franÃ§aise
     but none found
 ; [cca2=PF].altSpellings[]
Unexpected: Polynésie française
 ; [cca2=PF].altSpellings[]
Unexpected: P?r?netia Far?ni
 ; [cca2=PF].capital[]
Expected: PapeetÄ“
     but none found
 ; [cca2=PF].capital[]
Unexpected: Papeet?
 ; [cca2=PF].currencies.XPF.symbol
Expected: â‚£
     got: ?
 ; [cca2=PF].demonyms.fra.f
Expected: PolynÃ©sienne
     got: Polynésienne
 ; [cca2=PF].demonyms.fra.m
Expected: PolynÃ©sien
     got: Polynésien
 ; [cca2=PF].flag
Expected: ðŸ‡µðŸ‡«
     got: ??
 ; [cca2=PF].name.nativeName.fra.common
Expected: PolynÃ©sie franÃ§aise
     got: Polynésie française
 ; [cca2=PF].name.nativeName.fra.official
Expected: PolynÃ©sie franÃ§aise
     got: Polynésie française
 ; [cca2=PF].translations.ara.common
Expected: Ø¨ÙˆÙ„ÙŠÙ†Ø²ÙŠØ§ Ø§Ù„Ù?Ø±Ù†Ø³ÙŠØ©
     got: ???????? ????????
 ; [cca2=PF].translations.ara.official
Expected: Ø¨ÙˆÙ„ÙŠÙ†Ø²ÙŠØ§ Ø§Ù„Ù?Ø±Ù†Ø³ÙŠØ©
     got: ???????? ????????
 ; [cca2=PF].translations.ces.common
Expected: FrancouzskÃ¡ PolynÃ©sie
     got: Francouzská Polynésie
 ; [cca2=PF].translations.ces.official
Expected: FrancouzskÃ¡ PolynÃ©sie
     got: Francouzská Polynésie
 ; [cca2=PF].translations.deu.common
Expected: FranzÃ¶sisch-Polynesien
     got: Französisch-Polynesien
 ; [cca2=PF].translations.deu.official
Expected: FranzÃ¶sisch-Polynesien
     got: Französisch-Polynesien
 ; [cca2=PF].translations.est.common
Expected: Prantsuse PolÃ¼neesia
     got: Prantsuse Polüneesia
 ; [cca2=PF].translations.est.official
Expected: Prantsuse PolÃ¼neesia
     got: Prantsuse Polüneesia
 ; [cca2=PF].translations.fra.common
Expected: PolynÃ©sie franÃ§aise
     got: Polynésie française
 ; [cca2=PF].translations.fra.official
Expected: PolynÃ©sie franÃ§aise
     got: Polynésie française
 ; [cca2=PF].translations.hun.common
Expected: Francia PolinÃ©zia
     got: Francia Polinézia
 ; [cca2=PF].translations.hun.official
Expected: Francia PolinÃ©zia
     got: Francia Polinézia
 ; [cca2=PF].translations.jpn.common
Expected: ãƒ•ãƒ©ãƒ³ã‚¹é ˜ãƒ?ãƒªãƒ?ã‚·ã‚¢
     got: ??????????
 ; [cca2=PF].translations.jpn.official
Expected: ãƒ•ãƒ©ãƒ³ã‚¹é ˜ãƒ?ãƒªãƒ?ã‚·ã‚¢
     got: ??????????
 ; [cca2=PF].translations.kor.common
Expected: í”„ëž‘ìŠ¤ë ¹ í?´ë¦¬ë„¤ì‹œì•„
     got: ???? ?????
 ; [cca2=PF].translations.kor.official
Expected: í”„ëž‘ìŠ¤ë ¹ í?´ë¦¬ë„¤ì‹œì•„
     got: ???? ?????
 ; [cca2=PF].translations.nld.common
Expected: Frans-PolynesiÃ«
     got: Frans-Polynesië
 ; [cca2=PF].translations.nld.official
Expected: Frans-PolynesiÃ«
     got: Frans-Polynesië
 ; [cca2=PF].translations.per.common
Expected: Ù¾Ù?Ù„ÛŒâ€ŒÙ†Ù?Ø²ÛŒ Ù?Ø±Ø§Ù†Ø³Ù‡
     got: ????????? ??????
 ; [cca2=PF].translations.per.official
Expected: Ù¾Ù?Ù„ÛŒâ€ŒÙ†Ù?Ø²ÛŒ Ù?Ø±Ø§Ù†Ø³Ù‡
     got: ????????? ??????
 ; [cca2=PF].translations.por.common
Expected: PolinÃ©sia Francesa
     got: Polinésia Francesa
 ; [cca2=PF].translations.por.official
Expected: PolinÃ©sia Francesa
     got: Polinésia Francesa
 ; [cca2=PF].translations.rus.common
Expected: Ð¤Ñ€Ð°Ð½Ñ†ÑƒÐ·Ñ?ÐºÐ°Ñ? ÐŸÐ¾Ð»Ð¸Ð½ÐµÐ·Ð¸Ñ?
     got: ??????????? ?????????
 ; [cca2=PF].translations.rus.official
Expected: Ð¤Ñ€Ð°Ð½Ñ†ÑƒÐ·Ñ?ÐºÐ°Ñ? ÐŸÐ¾Ð»Ð¸Ð½ÐµÐ·Ð¸Ñ?
     got: ??????????? ?????????
 ; [cca2=PF].translations.slk.common
Expected: FrancÃºzska PolynÃ©zia
     got: Francúzska Polynézia
 ; [cca2=PF].translations.slk.official
Expected: FrancÃºzska PolynÃ©zia
     got: Francúzska Polynézia
 ; [cca2=PF].translations.spa.official
Expected: Polinesia francÃ©s
     got: Polinesia francés
 ; [cca2=PF].translations.srp.common
Expected: Ð¤Ñ€Ð°Ð½Ñ†ÑƒÑ?ÐºÐ° ÐŸÐ¾Ð»Ð¸Ð½ÐµÐ·Ð¸Ñ˜Ð°
     got: ????????? ??????????
 ; [cca2=PF].translations.srp.official
Expected: Ð¤Ñ€Ð°Ð½Ñ†ÑƒÑ?ÐºÐ° ÐŸÐ¾Ð»Ð¸Ð½ÐµÐ·Ð¸Ñ˜Ð°
     got: ????????? ??????????
 ; [cca2=PF].translations.tur.common
Expected: FransÄ±z PolinezyasÄ±
     got: Frans?z Polinezyas?
 ; [cca2=PF].translations.tur.official
Expected: FransÄ±z PolinezyasÄ±
     got: Frans?z Polinezyas?
 ; [cca2=PF].translations.urd.common
Expected: Ù?Ø±Ø§Ù†Ø³ÛŒØ³ÛŒ Ù¾ÙˆÙ„ÛŒÙ†ÛŒØ´ÛŒØ§
     got: ???????? ?????????
 ; [cca2=PF].translations.urd.official
Expected: Ù?Ø±Ø§Ù†Ø³ÛŒØ³ÛŒ Ù¾ÙˆÙ„ÛŒÙ†ÛŒØ´ÛŒØ§
     got: ???????? ?????????
 ; [cca2=PF].translations.zho.common
Expected: æ³•å±žæ³¢åˆ©å°¼è¥¿äºš
     got: ???????
 ; [cca2=PF].translations.zho.official
Expected: æ³•å±žæ³¢åˆ©å°¼è¥¿äºš
     got: ???????
 ; [cca2=PG].flag
Expected: ðŸ‡µðŸ‡¬
     got: ??
 ; [cca2=PG].translations.ara.common
Expected: Ø¨Ø§Ø¨ÙˆØ§ ØºÙŠÙ†ÙŠØ§ Ø§Ù„Ø¬Ø¯ÙŠØ¯Ø©
     got: ????? ????? ???????
 ; [cca2=PG].translations.ara.official
Expected: Ø¯ÙˆÙ„Ø© Ø¨Ø§Ø¨ÙˆØ§ ØºÙŠÙ†ÙŠØ§ Ø§Ù„Ø¬Ø¯ÙŠØ¯Ø©
     got: ???? ????? ????? ???????
 ; [cca2=PG].translations.ces.common
Expected: Papua-NovÃ¡ Guinea
     got: Papua-Nová Guinea
 ; [cca2=PG].translations.ces.official
Expected: NezÃ¡vislÃ½ stÃ¡t Papua NovÃ¡ Guinea
     got: Nezávislý stát Papua Nová Guinea
 ; [cca2=PG].translations.deu.official
Expected: UnabhÃ¤ngiger Staat Papua-Neuguinea
     got: Unabhängiger Staat Papua-Neuguinea
 ; [cca2=PG].translations.fin.official
Expected: Papua-Uuden-Guinean ItsenÃ¤inen valtio
     got: Papua-Uuden-Guinean Itsenäinen valtio
 ; [cca2=PG].translations.fra.common
Expected: Papouasie-Nouvelle-GuinÃ©e
     got: Papouasie-Nouvelle-Guinée
 ; [cca2=PG].translations.fra.official
Expected: Ã‰tat indÃ©pendant de Papouasie-Nouvelle-GuinÃ©e
     got: État indépendant de Papouasie-Nouvelle-Guinée
 ; [cca2=PG].translations.hrv.official
Expected: Nezavisna DrÅ¾ava Papui Novoj Gvineji
     got: Nezavisna Država Papui Novoj Gvineji
 ; [cca2=PG].translations.hun.common
Expected: PÃ¡pua Ãšj-Guinea
     got: Pápua Új-Guinea
 ; [cca2=PG].translations.hun.official
Expected: PÃ¡pua Ãšj-Guinea FÃ¼ggetlen Ã?llam
     got: Pápua Új-Guinea Független Állam
 ; [cca2=PG].translations.jpn.common
Expected: ãƒ‘ãƒ—ã‚¢ãƒ‹ãƒ¥ãƒ¼ã‚®ãƒ‹ã‚¢
     got: ?????????
 ; [cca2=PG].translations.jpn.official
Expected: ãƒ‘ãƒ—ã‚¢ãƒ‹ãƒ¥ãƒ¼ã‚®ãƒ‹ã‚¢ç‹¬ç«‹å›½
     got: ????????????
 ; [cca2=PG].translations.kor.common
Expected: íŒŒí‘¸ì•„ë‰´ê¸°ë‹ˆ
     got: ??????
 ; [cca2=PG].translations.kor.official
Expected: íŒŒí‘¸ì•„ë‰´ê¸°ë‹ˆ ë?…ë¦½êµ­
     got: ?????? ???
 ; [cca2=PG].translations.per.common
Expected: Ù¾Ø§Ù¾ÙˆØ¢ Ú¯ÛŒÙ†Ù‡ Ù†Ùˆ
     got: ????? ???? ??
 ; [cca2=PG].translations.per.official
Expected: Ù…Ù…Ù„Ú©Øª Ù…Ø³ØªÙ‚Ù„ Ù¾Ø§Ù¾ÙˆØ¢ Ú¯ÛŒÙ†Ù‡Ù” Ù†Ùˆ
     got: ????? ????? ????? ????? ??
 ; [cca2=PG].translations.pol.official
Expected: NiezaleÅ¼ne PaÅ„stwo Papui-Nowej Gwinei
     got: Niezale?ne Pa?stwo Papui-Nowej Gwinei
 ; [cca2=PG].translations.por.common
Expected: Papua Nova GuinÃ©
     got: Papua Nova Guiné
 ; [cca2=PG].translations.por.official
Expected: Estado Independente da Papua Nova GuinÃ©
     got: Estado Independente da Papua Nova Guiné
 ; [cca2=PG].translations.rus.common
Expected: ÐŸÐ°Ð¿ÑƒÐ° â€” Ð?Ð¾Ð²Ð°Ñ? Ð“Ð²Ð¸Ð½ÐµÑ?
     got: ????? — ????? ??????
 ; [cca2=PG].translations.rus.official
Expected: Ð?ÐµÐ·Ð°Ð²Ð¸Ñ?Ð¸Ð¼Ð¾Ðµ Ð“Ð¾Ñ?ÑƒÐ´Ð°Ñ€Ñ?Ñ‚Ð²Ð¾ ÐŸÐ°Ð¿ÑƒÐ°-Ð?Ð¾Ð²Ð¾Ð¹ Ð“Ð²Ð¸Ð½ÐµÐ¸
     got: ??????????? ??????????? ?????-????? ??????
 ; [cca2=PG].translations.slk.common
Expected: Papua-NovÃ¡ Guinea
     got: Papua-Nová Guinea
 ; [cca2=PG].translations.slk.official
Expected: NezÃ¡vislÃ½ Å¡tÃ¡t Papua-NovÃ¡ Guinea
     got: Nezávislý štát Papua-Nová Guinea
 ; [cca2=PG].translations.spa.common
Expected: PapÃºa Nueva Guinea
     got: Papúa Nueva Guinea
 ; [cca2=PG].translations.spa.official
Expected: Estado Independiente de PapÃºa Nueva Guinea
     got: Estado Independiente de Papúa Nueva Guinea
 ; [cca2=PG].translations.srp.common
Expected: ÐŸÐ°Ð¿ÑƒÐ° Ð?Ð¾Ð²Ð° Ð“Ð²Ð¸Ð½ÐµÑ˜Ð°
     got: ????? ???? ???????
 ; [cca2=PG].translations.srp.official
Expected: Ð?ÐµÐ·Ð°Ð²Ð¸Ñ?Ð½Ð° Ð”Ñ€Ð¶Ð°Ð²Ð° ÐŸÐ°Ð¿ÑƒÐ° Ð?Ð¾Ð²Ð° Ð“Ð²Ð¸Ð½ÐµÑ˜Ð°
     got: ????????? ?????? ????? ???? ???????
 ; [cca2=PG].translations.tur.official
Expected: Papua Yeni Gine BaÄŸÄ±msÄ±z Devleti
     got: Papua Yeni Gine Ba??ms?z Devleti
 ; [cca2=PG].translations.urd.common
Expected: Ù¾Ø§Ù¾ÙˆØ§ Ù†ÛŒÙˆ Ú¯Ù†ÛŒ
     got: ????? ??? ???
 ; [cca2=PG].translations.urd.official
Expected: Ø¢Ø²Ø§Ø¯ Ø±ÛŒØ§Ø³ØªÙ? Ù¾Ø§Ù¾ÙˆØ§ Ù†ÛŒÙˆ Ú¯Ù†ÛŒ
     got: ???? ?????? ????? ??? ???
 ; [cca2=PG].translations.zho.common
Expected: å·´å¸ƒäºšæ–°å‡ å†…äºš
     got: ???????
 ; [cca2=PG].translations.zho.official
Expected: å·´å¸ƒäºšæ–°å‡ å†…äºš
     got: ???????
 ; [cca2=PH].altSpellings[]
Expected: RepÃºblika ng Pilipinas
     but none found
 ; [cca2=PH].altSpellings[]
Unexpected: Repúblika ng Pilipinas
 ; [cca2=PH].currencies.PHP.symbol
Expected: â‚±
     got: ?
 ; [cca2=PH].flag
Expected: ðŸ‡µðŸ‡­
     got: ??
 ; [cca2=PH].translations.ara.common
Expected: Ø§Ù„Ù?Ù„Ø¨ÙŠÙ†
     got: ???????
 ; [cca2=PH].translations.ara.official
Expected: Ø¬Ù…Ù‡ÙˆØ±ÙŠØ© Ø§Ù„Ù?Ù„Ø¨ÙŠÙ†
     got: ??????? ???????
 ; [cca2=PH].translations.ces.common
Expected: FilipÃ­ny
     got: Filipíny
 ; [cca2=PH].translations.ces.official
Expected: FilipÃ­nskÃ¡ republika
     got: Filipínská republika
 ; [cca2=PH].translations.fra.official
Expected: RÃ©publique des Philippines
     got: République des Philippines
 ; [cca2=PH].translations.hun.common
Expected: FÃ¼lÃ¶p-szigetek
     got: Fülöp-szigetek
 ; [cca2=PH].translations.hun.official
Expected: FÃ¼lÃ¶p-szigeteki KÃ¶ztÃ¡rsasÃ¡g
     got: Fülöp-szigeteki Köztársaság
 ; [cca2=PH].translations.jpn.common
Expected: ãƒ•ã‚£ãƒªãƒ”ãƒ³
     got: ?????
 ; [cca2=PH].translations.jpn.official
Expected: ãƒ•ã‚£ãƒªãƒ”ãƒ³å…±å’Œå›½
     got: ????????
 ; [cca2=PH].translations.kor.common
Expected: í•„ë¦¬í•€
     got: ???
 ; [cca2=PH].translations.kor.official
Expected: í•„ë¦¬í•€ ê³µí™”êµ­
     got: ??? ???
 ; [cca2=PH].translations.per.common
Expected: Ù?ÛŒÙ„ÛŒÙ¾ÛŒÙ†
     got: ???????
 ; [cca2=PH].translations.per.official
Expected: Ø¬Ù…Ù‡ÙˆØ±ÛŒ Ù?ÛŒÙ„ÛŒÙ¾ÛŒÙ†
     got: ?????? ???????
 ; [cca2=PH].translations.por.official
Expected: RepÃºblica das Filipinas
     got: República das Filipinas
 ; [cca2=PH].translations.rus.common
Expected: Ð¤Ð¸Ð»Ð¸Ð¿Ð¿Ð¸Ð½Ñ‹
     got: ?????????
 ; [cca2=PH].translations.rus.official
Expected: Ð ÐµÑ?Ð¿ÑƒÐ±Ð»Ð¸ÐºÐ° Ð¤Ð¸Ð»Ð¸Ð¿Ð¿Ð¸Ð½Ñ‹
     got: ?????????? ?????????
 ; [cca2=PH].translations.slk.common
Expected: FilipÃ­ny
     got: Filipíny
 ; [cca2=PH].translations.slk.official
Expected: FilipÃ­nska republika
     got: Filipínska republika
 ; [cca2=PH].translations.spa.official
Expected: RepÃºblica de las Filipinas
     got: República de las Filipinas
 ; [cca2=PH].translations.srp.common
Expected: Ð¤Ð¸Ð»Ð¸Ð¿Ð¸Ð½Ð¸
     got: ????????
 ; [cca2=PH].translations.srp.official
Expected: Ð ÐµÐ¿ÑƒÐ±Ð»Ð¸ÐºÐ° Ð¤Ð¸Ð»Ð¸Ð¿Ð¸Ð½Ð¸
     got: ????????? ????????
 ; [cca2=PH].translations.urd.common
Expected: Ù?Ù„Ù¾Ø§Ø¦Ù†
     got: ??????
 ; [cca2=PH].translations.urd.official
Expected: Ø¬Ù…Û?ÙˆØ±ÛŒÛ? Ù?Ù„Ù¾Ø§Ø¦Ù†
     got: ??????? ??????
 ; [cca2=PH].translations.zho.common
Expected: è?²å¾‹å®¾
     got: ???
 ; [cca2=PH].translations.zho.official
Expected: è?²å¾‹å®¾å…±å’Œå›½
     got: ??????
 ; [cca2=PK].altSpellings[]
Expected: IslÄ?mÄ« JumhÅ«riya'eh PÄ?kistÄ?n
     but none found
 ; [cca2=PK].altSpellings[]
Expected: PÄ?kistÄ?n
     but none found
 ; [cca2=PK].altSpellings[]
Unexpected: P?kist?n
 ; [cca2=PK].altSpellings[]
Unexpected: Isl?m? Jumh?riya'eh P?kist?n
 ; [cca2=PK].currencies.PKR.symbol
Expected: â‚¨
     got: ?
 ; [cca2=PK].flag
Expected: ðŸ‡µðŸ‡°
     got: ??
 ; [cca2=PK].name.nativeName.urd.common
Expected: Ù¾Ø§ÙƒØ³ØªØ§Ù†
     got: ???????
 ; [cca2=PK].name.nativeName.urd.official
Expected: Ø§Ø³Ù„Ø§Ù…ÛŒ Ø¬Ù…Û?ÙˆØ±ÛŒÛ‚ Ù¾Ø§ÙƒØ³ØªØ§Ù†
     got: ?????? ??????? ???????
 ; [cca2=PK].translations.ara.common
Expected: Ø¨Ø§ÙƒØ³ØªØ§Ù†
     got: ???????
 ; [cca2=PK].translations.ara.official
Expected: Ø¬Ù…Ù‡ÙˆØ±ÙŠØ© Ø¨Ø§ÙƒØ³ØªØ§Ù† Ø§Ù„Ø¥Ø³Ù„Ø§Ù…ÙŠØ©
     got: ??????? ??????? ?????????
 ; [cca2=PK].translations.ces.common
Expected: PÃ¡kistÃ¡n
     got: Pákistán
 ; [cca2=PK].translations.ces.official
Expected: PÃ¡kistÃ¡nskÃ¡ islÃ¡mskÃ¡ republika
     got: Pákistánská islámská republika
 ; [cca2=PK].translations.fra.official
Expected: RÃ©publique islamique du Pakistan
     got: République islamique du Pakistan
 ; [cca2=PK].translations.hun.common
Expected: PakisztÃ¡n
     got: Pakisztán
 ; [cca2=PK].translations.hun.official
Expected: PakisztÃ¡n
     got: Pakisztán
 ; [cca2=PK].translations.jpn.common
Expected: ãƒ‘ã‚­ã‚¹ã‚¿ãƒ³
     got: ?????
 ; [cca2=PK].translations.jpn.official
Expected: ãƒ‘ã‚­ã‚¹ã‚¿ãƒ³
     got: ?????
 ; [cca2=PK].translations.kor.common
Expected: íŒŒí‚¤ìŠ¤íƒ„
     got: ????
 ; [cca2=PK].translations.kor.official
Expected: íŒŒí‚¤ìŠ¤íƒ„ ì?´ìŠ¬ëžŒ ê³µí™”êµ­
     got: ???? ??? ???
 ; [cca2=PK].translations.per.common
Expected: Ù¾Ø§Ú©Ø³ØªØ§Ù†
     got: ???????
 ; [cca2=PK].translations.per.official
Expected: Ø¬Ù…Ù‡ÙˆØ±ÛŒ Ø§Ø³Ù„Ø§Ù…ÛŒ Ù¾Ø§Ú©Ø³ØªØ§Ù†
     got: ?????? ?????? ???????
 ; [cca2=PK].translations.por.common
Expected: PaquistÃ£o
     got: Paquistão
 ; [cca2=PK].translations.por.official
Expected: RepÃºblica IslÃ¢mica do PaquistÃ£o
     got: República Islâmica do Paquistão
 ; [cca2=PK].translations.rus.common
Expected: ÐŸÐ°ÐºÐ¸Ñ?Ñ‚Ð°Ð½
     got: ????????
 ; [cca2=PK].translations.rus.official
Expected: Ð˜Ñ?Ð»Ð°Ð¼Ñ?ÐºÐ°Ñ? Ð ÐµÑ?Ð¿ÑƒÐ±Ð»Ð¸ÐºÐ° ÐŸÐ°ÐºÐ¸Ñ?Ñ‚Ð°Ð½
     got: ????????? ?????????? ????????
 ; [cca2=PK].translations.slk.official
Expected: PakistanskÃ¡ islamskÃ¡ republika
     got: Pakistanská islamská republika
 ; [cca2=PK].translations.spa.common
Expected: PakistÃ¡n
     got: Pakistán
 ; [cca2=PK].translations.spa.official
Expected: RepÃºblica IslÃ¡mica de PakistÃ¡n
     got: República Islámica de Pakistán
 ; [cca2=PK].translations.srp.common
Expected: ÐŸÐ°ÐºÐ¸Ñ?Ñ‚Ð°Ð½
     got: ????????
 ; [cca2=PK].translations.srp.official
Expected: Ð˜Ñ?Ð»Ð°Ð¼Ñ?ÐºÐ° Ð ÐµÐ¿ÑƒÐ±Ð»Ð¸ÐºÐ° ÐŸÐ°ÐºÐ¸Ñ?Ñ‚Ð°Ð½
     got: ???????? ????????? ????????
 ; [cca2=PK].translations.tur.official
Expected: Pakistan Ä°slam Cumhuriyeti
     got: Pakistan ?slam Cumhuriyeti
 ; [cca2=PK].translations.urd.common
Expected: Ù¾Ø§Ú©Ø³ØªØ§Ù†
     got: ???????
 ; [cca2=PK].translations.urd.official
Expected: Ø§Ø³Ù„Ø§Ù…ÛŒ Ø¬Ù…Û?ÙˆØ±ÛŒÛ? Ù¾Ø§Ú©Ø³ØªØ§Ù†
     got: ?????? ??????? ???????
 ; [cca2=PK].translations.zho.common
Expected: å·´åŸºæ–¯å?¦
     got: ????
 ; [cca2=PK].translations.zho.official
Expected: å·´åŸºæ–¯å?¦ä¼Šæ–¯å…°å…±å’Œå›½
     got: ??????????
 ; [cca2=PL].currencies.PLN.name
Expected: Polish zÅ‚oty
     got: Polish z?oty
 ; [cca2=PL].currencies.PLN.symbol
Expected: zÅ‚
     got: z?
 ; [cca2=PL].flag
Expected: ðŸ‡µðŸ‡±
     got: ??
 ; [cca2=PL].translations.ara.common
Expected: Ø¨ÙˆÙ„Ù†Ø¯Ø§
     got: ??????
 ; [cca2=PL].translations.ara.official
Expected: Ø§Ù„Ø¬Ù…Ù‡ÙˆØ±ÙŠØ© Ø§Ù„Ø¨ÙˆÙ„Ù†Ø¯ÙŠØ©
     got: ????????? ?????????
 ; [cca2=PL].translations.ces.official
Expected: PolskÃ¡ republika
     got: Polská republika
 ; [cca2=PL].translations.fra.official
Expected: RÃ©publique de Pologne
     got: République de Pologne
 ; [cca2=PL].translations.hun.common
Expected: LengyelorszÃ¡g
     got: Lengyelország
 ; [cca2=PL].translations.hun.official
Expected: Lengyel KÃ¶ztÃ¡rsasÃ¡g
     got: Lengyel Köztársaság
 ; [cca2=PL].translations.jpn.common
Expected: ãƒ?ãƒ¼ãƒ©ãƒ³ãƒ‰
     got: ?????
 ; [cca2=PL].translations.jpn.official
Expected: ãƒ?ãƒ¼ãƒ©ãƒ³ãƒ‰å…±å’Œå›½
     got: ????????
 ; [cca2=PL].translations.kor.common
Expected: í?´ëž€ë“œ
     got: ???
 ; [cca2=PL].translations.kor.official
Expected: í?´ëž€ë“œ ê³µí™”êµ­
     got: ??? ???
 ; [cca2=PL].translations.per.common
Expected: Ù„Ù‡Ø³ØªØ§Ù†
     got: ??????
 ; [cca2=PL].translations.per.official
Expected: Ø¬Ù…Ù‡ÙˆØ±ÛŒ Ù„Ù‡Ø³ØªØ§Ù†
     got: ?????? ??????
 ; [cca2=PL].translations.por.common
Expected: PolÃ³nia
     got: Polónia
 ; [cca2=PL].translations.por.official
Expected: RepÃºblica da PolÃ³nia
     got: República da Polónia
 ; [cca2=PL].translations.rus.common
Expected: ÐŸÐ¾Ð»ÑŒÑˆÐ°
     got: ??????
 ; [cca2=PL].translations.rus.official
Expected: Ð ÐµÑ?Ð¿ÑƒÐ±Ð»Ð¸ÐºÐ° ÐŸÐ¾Ð»ÑŒÑˆÐ°
     got: ?????????? ??????
 ; [cca2=PL].translations.slk.common
Expected: PoÄ¾sko
     got: Po?sko
 ; [cca2=PL].translations.slk.official
Expected: PoÄ¾skÃ¡ republika
     got: Po?ská republika
 ; [cca2=PL].translations.spa.official
Expected: RepÃºblica de Polonia
     got: República de Polonia
 ; [cca2=PL].translations.srp.common
Expected: ÐŸÐ¾Ñ™Ñ?ÐºÐ°
     got: ??????
 ; [cca2=PL].translations.srp.official
Expected: Ð ÐµÐ¿ÑƒÐ±Ð»Ð¸ÐºÐ° ÐŸÐ¾Ñ™Ñ?ÐºÐ°
     got: ????????? ??????
 ; [cca2=PL].translations.urd.common
Expected: Ù¾ÙˆÙ„ÛŒÙ†Úˆ
     got: ??????
 ; [cca2=PL].translations.urd.official
Expected: Ø¬Ù…Û?ÙˆØ±ÛŒÛ? Ù¾ÙˆÙ„ÛŒÙ†Úˆ
     got: ??????? ??????
 ; [cca2=PL].translations.zho.common
Expected: æ³¢å…°
     got: ??
 ; [cca2=PL].translations.zho.official
Expected: æ³¢å…°å…±å’Œå›½
     got: ?????
 ; [cca2=PM].altSpellings[]
Expected: CollectivitÃ© territoriale de Saint-Pierre-et-Miquelon
     but none found
 ; [cca2=PM].altSpellings[]
Unexpected: Collectivité territoriale de Saint-Pierre-et-Miquelon
 ; [cca2=PM].currencies.EUR.symbol
Expected: â‚¬
     got: €
 ; [cca2=PM].flag
Expected: ðŸ‡µðŸ‡²
     got: ??
 ; [cca2=PM].name.nativeName.fra.official
Expected: CollectivitÃ© territoriale de Saint-Pierre-et-Miquelon
     got: Collectivité territoriale de Saint-Pierre-et-Miquelon
 ; [cca2=PM].translations.ara.common
Expected: Ø³Ø§Ù† Ø¨ÙŠÙŠØ± ÙˆÙ…ÙŠÙƒÙ„ÙˆÙ†
     got: ??? ???? ???????
 ; [cca2=PM].translations.ara.official
Expected: Ø³Ø§Ù† Ø¨ÙŠÙŠØ± ÙˆÙ…ÙŠÙƒÙ„ÙˆÙ†
     got: ??? ???? ???????
 ; [cca2=PM].translations.bre.common
Expected: Sant-PÃªr-ha-Mikelon
     got: Sant-Pêr-ha-Mikelon
 ; [cca2=PM].translations.bre.official
Expected: Sant-PÃªr-ha-Mikelon
     got: Sant-Pêr-ha-Mikelon
 ; [cca2=PM].translations.est.official
Expected: Saint-Pierreâ€™i ja Miqueloni territoriaalÃ¼hendus
     got: Saint-Pierre’i ja Miqueloni territoriaalühendus
 ; [cca2=PM].translations.hun.common
Expected: Saint-Pierre Ã©s Miquelon
     got: Saint-Pierre és Miquelon
 ; [cca2=PM].translations.hun.official
Expected: Saint-Pierre Ã©s Miquelon
     got: Saint-Pierre és Miquelon
 ; [cca2=PM].translations.jpn.common
Expected: ã‚µãƒ³ãƒ”ã‚¨ãƒ¼ãƒ«å³¶ãƒ»ãƒŸã‚¯ãƒ­ãƒ³å³¶
     got: ?????????????
 ; [cca2=PM].translations.jpn.official
Expected: ã‚µãƒ³ãƒ”ã‚¨ãƒ¼ãƒ«å³¶Â·ãƒŸã‚¯ãƒ­ãƒ³å³¶
     got: ???????·?????
 ; [cca2=PM].translations.kor.common
Expected: ìƒ?í”¼ì—?ë¥´ ë¯¸í?´ë¡±
     got: ???? ???
 ; [cca2=PM].translations.kor.official
Expected: ìƒ?í”¼ì—?ë¥´ ë¯¸í?´ë¡±
     got: ???? ???
 ; [cca2=PM].translations.per.common
Expected: Ø³Ù†-Ù¾ÛŒÙ?Ø± Ùˆ Ù…ÛŒÚ©Ù„Ù?Ù†
     got: ??-???? ? ??????
 ; [cca2=PM].translations.per.official
Expected: Ø³Ù†-Ù¾ÛŒØ±-Ø§-Ù…ÛŒÚ©Ù„ÙˆÙ†
     got: ??-???-?-??????
 ; [cca2=PM].translations.rus.common
Expected: Ð¡ÐµÐ½-ÐŸÑŒÐµÑ€ Ð¸ ÐœÐ¸ÐºÐµÐ»Ð¾Ð½
     got: ???-???? ? ???????
 ; [cca2=PM].translations.rus.official
Expected: Ð¡ÐµÐ½-ÐŸÑŒÐµÑ€ Ð¸ ÐœÐ¸ÐºÐµÐ»Ð¾Ð½
     got: ???-???? ? ???????
 ; [cca2=PM].translations.spa.common
Expected: San Pedro y MiquelÃ³n
     got: San Pedro y Miquelón
 ; [cca2=PM].translations.spa.official
Expected: San Pedro y MiquelÃ³n
     got: San Pedro y Miquelón
 ; [cca2=PM].translations.srp.common
Expected: Ð¡ÐµÐ½ ÐŸÑ˜ÐµÑ€ Ð¸ ÐœÐ¸ÐºÐµÐ»Ð¾Ð½
     got: ??? ???? ? ???????
 ; [cca2=PM].translations.srp.official
Expected: Ð¡ÐµÐ½ ÐŸÑ˜ÐµÑ€ Ð¸ ÐœÐ¸ÐºÐµÐ»Ð¾Ð½
     got: ??? ???? ? ???????
 ; [cca2=PM].translations.urd.common
Expected: Ø³ÛŒÙ†Ù¹ Ù¾ÛŒØ¦Ø± Ùˆ Ù…ÛŒÚ©ÛŒÙ„ÙˆÙ†
     got: ???? ???? ? ???????
 ; [cca2=PM].translations.urd.official
Expected: Ø³ÛŒÙ†Ù¹ Ù¾ÛŒØ¦Ø± Ùˆ Ù…ÛŒÚ©ÛŒÙ„ÙˆÙ†
     got: ???? ???? ? ???????
 ; [cca2=PM].translations.zho.common
Expected: åœ£çš®åŸƒå°”å’Œå¯†å…‹éš†
     got: ????????
 ; [cca2=PM].translations.zho.official
Expected: åœ£çš®åŸƒå°”å’Œå¯†å…‹éš†
     got: ????????
 ; [cca2=PN].flag
Expected: ðŸ‡µðŸ‡³
     got: ??
 ; [cca2=PN].translations.ara.common
Expected: Ø¬Ø²Ø± Ø¨ÙŠØªÙƒÙŠØ±Ù†
     got: ??? ???????
 ; [cca2=PN].translations.ara.official
Expected: Ø¬Ø²Ø± Ø¨ÙŠØªÙƒÙŠØ±Ù†
     got: ??? ???????
 ; [cca2=PN].translations.fra.common
Expected: ÃŽles Pitcairn
     got: Îles Pitcairn
 ; [cca2=PN].translations.fra.official
Expected: Groupe d'Ã®les Pitcairn
     got: Groupe d'îles Pitcairn
 ; [cca2=PN].translations.hrv.common
Expected: Pitcairnovo otoÄ?je
     got: Pitcairnovo oto?je
 ; [cca2=PN].translations.jpn.common
Expected: ãƒ”ãƒˆã‚±ã‚¢ãƒ³
     got: ?????
 ; [cca2=PN].translations.jpn.official
Expected: å³¶ã?®ãƒ”ãƒˆã‚±ã‚¢ãƒ³ã‚°ãƒ«ãƒ¼ãƒ—
     got: ???????????
 ; [cca2=PN].translations.kor.common
Expected: í•?ì¼€ì–¸ ì œë?„
     got: ??? ??
 ; [cca2=PN].translations.kor.official
Expected: í•?ì¼€ì–¸ ì œë?„
     got: ??? ??
 ; [cca2=PN].translations.per.common
Expected: Ø¬Ø²Ø§ÛŒØ± Ù¾ÛŒØªâ€ŒÚ©Ø±Ù†
     got: ????? ???????
 ; [cca2=PN].translations.per.official
Expected: Ø¬Ø²Ø§ÛŒØ± Ù¾ÛŒØªâ€ŒÚ©Ø±Ù†
     got: ????? ???????
 ; [cca2=PN].translations.rus.common
Expected: ÐžÑ?Ñ‚Ñ€Ð¾Ð²Ð° ÐŸÐ¸Ñ‚ÐºÑ?Ñ€Ð½
     got: ??????? ???????
 ; [cca2=PN].translations.rus.official
Expected: ÐŸÐ¸Ñ‚ÐºÑ?Ñ€Ð½ Ð³Ñ€ÑƒÐ¿Ð¿Ð° Ð¾Ñ?Ñ‚Ñ€Ð¾Ð²Ð¾Ð²
     got: ??????? ?????? ????????
 ; [cca2=PN].translations.srp.common
Expected: ÐžÑ?Ñ‚Ñ€Ð²Ð° ÐŸÐ¸Ñ‚ÐºÐµÑ€Ð½
     got: ?????? ???????
 ; [cca2=PN].translations.srp.official
Expected: ÐžÑ?Ñ‚Ñ€Ð²Ð° ÐŸÐ¸Ñ‚ÐºÐµÑ€Ð½, Ð¥ÐµÐ½Ð´ÐµÑ€Ñ?Ð¾Ð½, Ð”ÑƒÑ†Ð¸ Ð¸ ÐžÐ¸Ð½
     got: ?????? ???????, ?????????, ???? ? ???
 ; [cca2=PN].translations.swe.common
Expected: PitcairnÃ¶arna
     got: Pitcairnöarna
 ; [cca2=PN].translations.swe.official
Expected: PitcairnÃ¶arna
     got: Pitcairnöarna
 ; [cca2=PN].translations.tur.common
Expected: Pitcairn AdalarÄ±
     got: Pitcairn Adalar?
 ; [cca2=PN].translations.tur.official
Expected: Pitcairn, Henderson, Ducie ve Oeno AdalarÄ±
     got: Pitcairn, Henderson, Ducie ve Oeno Adalar?
 ; [cca2=PN].translations.urd.common
Expected: Ø¬Ø²Ø§Ø¦Ø± Ù¾Ù¹Ú©ÛŒØ±Ù†
     got: ????? ??????
 ; [cca2=PN].translations.urd.official
Expected: Ù¾Ù¹Ú©ÛŒØ±Ù† Ø¬Ø²Ø§Ø¦Ø±
     got: ?????? ?????
 ; [cca2=PN].translations.zho.common
Expected: çš®ç‰¹å‡¯æ?©ç¾¤å²›
     got: ??????
 ; [cca2=PN].translations.zho.official
Expected: çš®ç‰¹å‡¯æ?©ç¾¤å²›
     got: ??????

at org.skyscreamer.jsonassert.JSONAssert.assertEquals(JSONAssert.java:790)
at gluecode.AllCountriesStepDef.vefiry_the_expected_body_and_actual_body_both_are_same(AllCountriesStepDef.java:61)
at ?.vefiry the expected body and actual body both are same "src\test\resources\TestDataFiles\allCountriesDetails.json"(file:///C:/Users/kalyan%20chakravarthi/Desktop/kalyan/eclipse-workspace2%20(2)/RestCountries.com/src/test/resources/FeaturesFiles/AllCountriesDetails.feature:7)
]]>
    </failure>
    <system-out>
      <![CDATA[Status code test passed]]>
    </system-out>
  </testcase> <!-- runScenario -->
  <system-out>
    <![CDATA[Status code test passed]]>
  </system-out>
</testsuite> <!-- tests.Runner -->
